[I 2026-07-13 14:24:33,117] Trial 1845 finished with values: [588.3343317775871, -997.5524204058456, 60.3] and parameters: {'sl_soft': 10.336533449712114, 'sl_hard_delta': 6.289340223716993, 'tp': 16.91253350498991, 'gate_pct': 36.655664385123444, 'dd_limit': 1451.1748234344063, 'cooldown': 9, 'flip': False, 'en_ema_trend': True, 'ema_trend_fast': 12, 'ema_trend_slow': 70, 'en_sma_trend': False, 'sma_trend_fast': 224, 'sma_trend_slow': 249, 'en_macd': False, 'macd_fast': 71, 'macd_slow': 135, 'macd_signal': 36, 'en_vwap': True, 'en_keltner': True, 'keltner_n': 116, 'keltner_m': 4.6000000000000005, 'en_obv': True, 'obv_slope': 129, 'en_cci': False, 'cci_n': 112, 'cci_threshold': 205, 'en_rsi': False, 'rsi_n': 24, 'rsi_lower': 30, 'rsi_upper': 91, 'en_stochastic': True, 'stochastic_n': 25, 'stochastic_d': 50, 'stochastic_lower': 42, 'stochastic_upper': 56, 'en_mfi': False, 'mfi_n': 48, 'mfi_lower': 26, 'mfi_upper': 59, 'en_bollinger': True, 'bollinger_n': 164, 'bollinger_k': 3.2, 'en_adx': False, 'adx_n': 60, 'adx_threshold': 6, 'en_structure_trend': False, 'structure_trend_swing_l': 12, 'en_order_block': True, 'order_block_swing_l': 4, 'en_fvg': False, 'fvg_lookback': 42, 'en_ifvg': False, 'en_breaker': False, 'breaker_swing_l': 5, 'en_cisd': False, 'k': 4, 'en_cap_bars': True, 'cap_1min': 859}.
[I 2026-07-13 14:24:33,719] Trial 1846 finished with values: [1616.957289168422, -2623.216652913543, 55.9] and parameters: {'sl_soft': 13.249976385559494, 'sl_hard_delta': 6.289340223716993, 'tp': 16.91253350498991, 'gate_pct': 76.46240503280777, 'dd_limit': 2311.6833578626215, 'cooldown': 24, 'flip': False, 'en_ema_trend': True, 'ema_trend_fast': 250, 'ema_trend_slow': 399, 'en_sma_trend': False, 'sma_trend_fast': 190, 'sma_trend_slow': 255, 'en_macd': True, 'macd_fast': 71, 'macd_slow': 109, 'macd_signal': 36, 'en_vwap': True, 'en_keltner': True, 'keltner_n': 154, 'keltner_m': 4.300000000000001, 'en_obv': True, 'obv_slope': 186, 'en_cci': False, 'cci_n': 184, 'cci_threshold': 45, 'en_rsi': False, 'rsi_n': 19, 'rsi_lower': 30, 'rsi_upper': 64, 'en_stochastic': False, 'stochastic_n': 24, 'stochastic_d': 45, 'stochastic_lower': 42, 'stochastic_upper': 57, 'en_mfi': True, 'mfi_n': 65, 'mfi_lower': 28, 'mfi_upper': 93, 'en_bollinger': True, 'bollinger_n': 164, 'bollinger_k': 3.2, 'en_adx': False, 'adx_n': 99, 'adx_threshold': 6, 'en_structure_trend': False, 'structure_trend_swing_l': 10, 'en_order_block': True, 'order_block_swing_l': 4, 'en_fvg': False, 'fvg_lookback': 48, 'en_ifvg': True, 'en_breaker': True, 'breaker_swing_l': 1, 'en_cisd': False, 'k': 5, 'en_cap_bars': True, 'cap_1min': 859}.
[I 2026-07-13 14:24:34,439] Trial 1847 finished with values: [2113.6935765991075, -1169.6959132436314, 57.8] and parameters: {'sl_soft': 13.249976385559494, 'sl_hard_delta': 1.3712225299862824, 'tp': 16.91253350498991, 'gate_pct': 36.655664385123444, 'dd_limit': 2167.961636365823, 'cooldown': 9, 'flip': False, 'en_ema_trend': True, 'ema_trend_fast': 12, 'ema_trend_slow': 306, 'en_sma_trend': True, 'sma_trend_fast': 224, 'sma_trend_slow': 277, 'en_macd': True, 'macd_fast': 71, 'macd_slow': 3, 'macd_signal': 36, 'en_vwap': True, 'en_keltner': True, 'keltner_n': 156, 'keltner_m': 4.6000000000000005, 'en_obv': True, 'obv_slope': 59, 'en_cci': False, 'cci_n': 184, 'cci_threshold': 80, 'en_rsi': False, 'rsi_n': 62, 'rsi_lower': 30, 'rsi_upper': 91, 'en_stochastic': True, 'stochastic_n': 24, 'stochastic_d': 19, 'stochastic_lower': 49, 'stochastic_upper': 57, 'en_mfi': False, 'mfi_n': 68, 'mfi_lower': 26, 'mfi_upper': 59, 'en_bollinger': True, 'bollinger_n': 164, 'bollinger_k': 1.6, 'en_adx': False, 'adx_n': 14, 'adx_threshold': 6, 'en_structure_trend': False, 'structure_trend_swing_l': 12, 'en_order_block': True, 'order_block_swing_l': 4, 'en_fvg': False, 'fvg_lookback': 42, 'en_ifvg': False, 'en_breaker': True, 'breaker_swing_l': 1, 'en_cisd': False, 'k': 3, 'en_cap_bars': True, 'cap_1min': 765}.
[I 2026-07-13 14:24:34,975] Trial 1848 finished with values: [1568.7249036976573, -604.8479566218157, 67.95] and parameters: {'sl_soft': 13.249976385559494, 'sl_hard_delta': 1.3712225299862824, 'tp': 20.15414032192156, 'gate_pct': 36.655664385123444, 'dd_limit': 2167.961636365823, 'cooldown': 13, 'flip': False, 'en_ema_trend': True, 'ema_trend_fast': 250, 'ema_trend_slow': 306, 'en_sma_trend': True, 'sma_trend_fast': 224, 'sma_trend_slow': 255, 'en_macd': True, 'macd_fast': 31, 'macd_slow': 3, 'macd_signal': 36, 'en_vwap': True, 'en_keltner': True, 'keltner_n': 154, 'keltner_m': 4.300000000000001, 'en_obv': True, 'obv_slope': 59, 'en_cci': False, 'cci_n': 184, 'cci_threshold': 45, 'en_rsi': False, 'rsi_n': 24, 'rsi_lower': 30, 'rsi_upper': 94, 'en_stochastic': True, 'stochastic_n': 24, 'stochastic_d': 19, 'stochastic_lower': 42, 'stochastic_upper': 57, 'en_mfi': True, 'mfi_n': 68, 'mfi_lower': 28, 'mfi_upper': 59, 'en_bollinger': False, 'bollinger_n': 164, 'bollinger_k': 1.6, 'en_adx': False, 'adx_n': 14, 'adx_threshold': 6, 'en_structure_trend': True, 'structure_trend_swing_l': 10, 'en_order_block': True, 'order_block_swing_l': 4, 'en_fvg': False, 'fvg_lookback': 42, 'en_ifvg': True, 'en_breaker': True, 'breaker_swing_l': 1, 'en_cisd': False, 'k': 2, 'en_cap_bars': True, 'cap_1min': 765}.
[I 2026-07-13 14:24:35,456] Trial 1849 finished with values: [1273.1617517396444, -1212.5524204058456, 60.7] and parameters: {'sl_soft': 10.336533449712114, 'sl_hard_delta': 6.289340223716993, 'tp': 20.15414032192156, 'gate_pct': 36.655664385123444, 'dd_limit': 4304.65398440826, 'cooldown': 24, 'flip': False, 'en_ema_trend': True, 'ema_trend_fast': 250, 'ema_trend_slow': 210, 'en_sma_trend': False, 'sma_trend_fast': 190, 'sma_trend_slow': 249, 'en_macd': True, 'macd_fast': 71, 'macd_slow': 109, 'macd_signal': 36, 'en_vwap': True, 'en_keltner': True, 'keltner_n': 154, 'keltner_m': 0.7, 'en_obv': False, 'obv_slope': 186, 'en_cci': False, 'cci_n': 177, 'cci_threshold': 45, 'en_rsi': False, 'rsi_n': 12, 'rsi_lower': 30, 'rsi_upper': 91, 'en_stochastic': True, 'stochastic_n': 24, 'stochastic_d': 50, 'stochastic_lower': 42, 'stochastic_upper': 56, 'en_mfi': True, 'mfi_n': 84, 'mfi_lower': 28, 'mfi_upper': 93, 'en_bollinger': True, 'bollinger_n': 4, 'bollinger_k': 3.2, 'en_adx': False, 'adx_n': 99, 'adx_threshold': 6, 'en_structure_trend': False, 'structure_trend_swing_l': 11, 'en_order_block': True, 'order_block_swing_l': 4, 'en_fvg': False, 'fvg_lookback': 42, 'en_ifvg': True, 'en_breaker': False, 'breaker_swing_l': 1, 'en_cisd': False, 'k': 2, 'en_cap_bars': True, 'cap_1min': 859}.
[I 2026-07-13 14:24:40,822] Trial 1850 finished with values: [-417.8462511045291, -1040.2140196783148, 31.75] and parameters: {'sl_soft': 7.403525254141848, 'sl_hard_delta': 1.3712225299862824, 'tp': 16.91253350498991, 'gate_pct': 36.655664385123444, 'dd_limit': 4304.65398440826, 'cooldown': 13, 'flip': False, 'en_ema_trend': True, 'ema_trend_fast': 12, 'ema_trend_slow': 306, 'en_sma_trend': True, 'sma_trend_fast': 14, 'sma_trend_slow': 122, 'en_macd': True, 'macd_fast': 50, 'macd_slow': 135, 'macd_signal': 36, 'en_vwap': True, 'en_keltner': True, 'keltner_n': 156, 'keltner_m': 4.6000000000000005, 'en_obv': True, 'obv_slope': 129, 'en_cci': False, 'cci_n': 160, 'cci_threshold': 80, 'en_rsi': False, 'rsi_n': 78, 'rsi_lower': 30, 'rsi_upper': 94, 'en_stochastic': True, 'stochastic_n': 25, 'stochastic_d': 19, 'stochastic_lower': 18, 'stochastic_upper': 56, 'en_mfi': True, 'mfi_n': 68, 'mfi_lower': 26, 'mfi_upper': 59, 'en_bollinger': True, 'bollinger_n': 176, 'bollinger_k': 1.6, 'en_adx': False, 'adx_n': 14, 'adx_threshold': 6, 'en_structure_trend': True, 'structure_trend_swing_l': 12, 'en_order_block': True, 'order_block_swing_l': 4, 'en_fvg': False, 'fvg_lookback': 42, 'en_ifvg': False, 'en_breaker': True, 'breaker_swing_l': 1, 'en_cisd': False, 'k': 4, 'en_cap_bars': True, 'cap_1min': 765}.
[I 2026-07-13 14:24:43,079] Trial 1851 finished with values: [913.1844020269637, -1668.216652913543, 56.55] and parameters: {'sl_soft': 13.249976385559494, 'sl_hard_delta': 6.289340223716993, 'tp': 16.91253350498991, 'gate_pct': 76.46240503280777, 'dd_limit': 1451.1748234344063, 'cooldown': 13, 'flip': False, 'en_ema_trend': True, 'ema_trend_fast': 375, 'ema_trend_slow': 301, 'en_sma_trend': False, 'sma_trend_fast': 77, 'sma_trend_slow': 122, 'en_macd': False, 'macd_fast': 50, 'macd_slow': 109, 'macd_signal': 36, 'en_vwap': True, 'en_keltner': True, 'keltner_n': 156, 'keltner_m': 4.8, 'en_obv': True, 'obv_slope': 180, 'en_cci': False, 'cci_n': 112, 'cci_threshold': 170, 'en_rsi': False, 'rsi_n': 78, 'rsi_lower': 18, 'rsi_upper': 91, 'en_stochastic': True, 'stochastic_n': 25, 'stochastic_d': 50, 'stochastic_lower': 18, 'stochastic_upper': 57, 'en_mfi': False, 'mfi_n': 48, 'mfi_lower': 28, 'mfi_upper': 69, 'en_bollinger': True, 'bollinger_n': 91, 'bollinger_k': 1.6, 'en_adx': False, 'adx_n': 14, 'adx_threshold': 6, 'en_structure_trend': False, 'structure_trend_swing_l': 11, 'en_order_block': True, 'order_block_swing_l': 4, 'en_fvg': False, 'fvg_lookback': 42, 'en_ifvg': True, 'en_breaker': True, 'breaker_swing_l': 1, 'en_cisd': True, 'k': 4, 'en_cap_bars': False, 'cap_1min': 765}.
[I 2026-07-13 14:24:43,537] Trial 1852 finished with values: [919.9767538400192, -1989.7253240459395, 38.150000000000006] and parameters: {'sl_soft': 9.567818122437103, 'sl_hard_delta': 1.3712225299862824, 'tp': 20.15414032192156, 'gate_pct': 76.46240503280777, 'dd_limit': 1451.1748234344063, 'cooldown': 13, 'flip': False, 'en_ema_trend': True, 'ema_trend_fast': 250, 'ema_trend_slow': 306, 'en_sma_trend': True, 'sma_trend_fast': 77, 'sma_trend_slow': 249, 'en_macd': True, 'macd_fast': 67, 'macd_slow': 109, 'macd_signal': 100, 'en_vwap': True, 'en_keltner': True, 'keltner_n': 156, 'keltner_m': 4.300000000000001, 'en_obv': True, 'obv_slope': 59, 'en_cci': False, 'cci_n': 184, 'cci_threshold': 80, 'en_rsi': False, 'rsi_n': 19, 'rsi_lower': 30, 'rsi_upper': 94, 'en_stochastic': False, 'stochastic_n': 24, 'stochastic_d': 50, 'stochastic_lower': 49, 'stochastic_upper': 56, 'en_mfi': True, 'mfi_n': 68, 'mfi_lower': 28, 'mfi_upper': 69, 'en_bollinger': True, 'bollinger_n': 176, 'bollinger_k': 1.6, 'en_adx': False, 'adx_n': 14, 'adx_threshold': 6, 'en_structure_trend': True, 'structure_trend_swing_l': 11, 'en_order_block': True, 'order_block_swing_l': 4, 'en_fvg': False, 'fvg_lookback': 42, 'en_ifvg': True, 'en_breaker': True, 'breaker_swing_l': 1, 'en_cisd': True, 'k': 3, 'en_cap_bars': False, 'cap_1min': 859}.
[I 2026-07-13 14:24:44,036] Trial 1853 finished with values: [1450.3423286059478, -2430.4981485431927, 59.3] and parameters: {'sl_soft': 13.249976385559494, 'sl_hard_delta': 1.3712225299862824, 'tp': 20.15414032192156, 'gate_pct': 36.655664385123444, 'dd_limit': 2167.961636365823, 'cooldown': 13, 'flip': False, 'en_ema_trend': True, 'ema_trend_fast': 250, 'ema_trend_slow': 210, 'en_sma_trend': False, 'sma_trend_fast': 224, 'sma_trend_slow': 255, 'en_macd': True, 'macd_fast': 71, 'macd_slow': 135, 'macd_signal': 36, 'en_vwap': True, 'en_keltner': True, 'keltner_n': 116, 'keltner_m': 0.7, 'en_obv': True, 'obv_slope': 59, 'en_cci': False, 'cci_n': 184, 'cci_threshold': 45, 'en_rsi': False, 'rsi_n': 24, 'rsi_lower': 30, 'rsi_upper': 94, 'en_stochastic': True, 'stochastic_n': 24, 'stochastic_d': 19, 'stochastic_lower': 42, 'stochastic_upper': 57, 'en_mfi': False, 'mfi_n': 68, 'mfi_lower': 28, 'mfi_upper': 69, 'en_bollinger': False, 'bollinger_n': 164, 'bollinger_k': 3.2, 'en_adx': False, 'adx_n': 14, 'adx_threshold': 6, 'en_structure_trend': True, 'structure_trend_swing_l': 11, 'en_order_block': True, 'order_block_swing_l': 4, 'en_fvg': False, 'fvg_lookback': 42, 'en_ifvg': True, 'en_breaker': False, 'breaker_swing_l': 1, 'en_cisd': False, 'k': 3, 'en_cap_bars': True, 'cap_1min': 859}.
[I 2026-07-13 14:24:44,472] Trial 1854 finished with values: [802.9670183135022, -870.0, 64.6] and parameters: {'sl_soft': 13.249976385559494, 'sl_hard_delta': 6.289340223716993, 'tp': 16.91253350498991, 'gate_pct': 36.655664385123444, 'dd_limit': 2167.961636365823, 'cooldown': 13, 'flip': False, 'en_ema_trend': True, 'ema_trend_fast': 250, 'ema_trend_slow': 306, 'en_sma_trend': True, 'sma_trend_fast': 224, 'sma_trend_slow': 277, 'en_macd': True, 'macd_fast': 71, 'macd_slow': 109, 'macd_signal': 36, 'en_vwap': True, 'en_keltner': True, 'keltner_n': 116, 'keltner_m': 3.4000000000000004, 'en_obv': True, 'obv_slope': 59, 'en_cci': False, 'cci_n': 184, 'cci_threshold': 45, 'en_rsi': False, 'rsi_n': 19, 'rsi_lower': 30, 'rsi_upper': 94, 'en_stochastic': True, 'stochastic_n': 24, 'stochastic_d': 19, 'stochastic_lower': 42, 'stochastic_upper': 53, 'en_mfi': True, 'mfi_n': 68, 'mfi_lower': 28, 'mfi_upper': 59, 'en_bollinger': False, 'bollinger_n': 176, 'bollinger_k': 1.6, 'en_adx': False, 'adx_n': 99, 'adx_threshold': 6, 'en_structure_trend': False, 'structure_trend_swing_l': 11, 'en_order_block': True, 'order_block_swing_l': 4, 'en_fvg': False, 'fvg_lookback': 42, 'en_ifvg': True, 'en_breaker': True, 'breaker_swing_l': 1, 'en_cisd': False, 'k': 4, 'en_cap_bars': True, 'cap_1min': 765}.
[I 2026-07-13 14:24:44,989] Trial 1855 finished with values: [987.1384342219972, -468.31023918799474, 51.65] and parameters: {'sl_soft': 10.336533449712114, 'sl_hard_delta': 1.3712225299862824, 'tp': 20.15414032192156, 'gate_pct': 36.655664385123444, 'dd_limit': 1451.1748234344063, 'cooldown': 13, 'flip': False, 'en_ema_trend': False, 'ema_trend_fast': 12, 'ema_trend_slow': 294, 'en_sma_trend': False, 'sma_trend_fast': 190, 'sma_trend_slow': 277, 'en_macd': True, 'macd_fast': 50, 'macd_slow': 135, 'macd_signal': 36, 'en_vwap': True, 'en_keltner': False, 'keltner_n': 154, 'keltner_m': 4.300000000000001, 'en_obv': False, 'obv_slope': 59, 'en_cci': False, 'cci_n': 32, 'cci_threshold': 145, 'en_rsi': False, 'rsi_n': 19, 'rsi_lower': 30, 'rsi_upper': 91, 'en_stochastic': False, 'stochastic_n': 24, 'stochastic_d': 50, 'stochastic_lower': 9, 'stochastic_upper': 53, 'en_mfi': True, 'mfi_n': 65, 'mfi_lower': 28, 'mfi_upper': 59, 'en_bollinger': True, 'bollinger_n': 91, 'bollinger_k': 3.2, 'en_adx': False, 'adx_n': 14, 'adx_threshold': 55, 'en_structure_trend': False, 'structure_trend_swing_l': 9, 'en_order_block': True, 'order_block_swing_l': 4, 'en_fvg': False, 'fvg_lookback': 42, 'en_ifvg': True, 'en_breaker': True, 'breaker_swing_l': 1, 'en_cisd': False, 'k': 4, 'en_cap_bars': True, 'cap_1min': 107}.
[I 2026-07-13 14:24:45,612] Trial 1856 finished with values: [1530.2242487412514, -1462.1198915545392, 52.9] and parameters: {'sl_soft': 13.249976385559494, 'sl_hard_delta': 1.3712225299862824, 'tp': 20.15414032192156, 'gate_pct': 36.655664385123444, 'dd_limit': 1451.1748234344063, 'cooldown': 24, 'flip': False, 'en_ema_trend': True, 'ema_trend_fast': 345, 'ema_trend_slow': 301, 'en_sma_trend': False, 'sma_trend_fast': 77, 'sma_trend_slow': 249, 'en_macd': True, 'macd_fast': 50, 'macd_slow': 109, 'macd_signal': 100, 'en_vwap': True, 'en_keltner': True, 'keltner_n': 154, 'keltner_m': 3.4000000000000004, 'en_obv': True, 'obv_slope': 186, 'en_cci': False, 'cci_n': 184, 'cci_threshold': 45, 'en_rsi': False, 'rsi_n': 19, 'rsi_lower': 18, 'rsi_upper': 63, 'en_stochastic': False, 'stochastic_n': 24, 'stochastic_d': 50, 'stochastic_lower': 27, 'stochastic_upper': 91, 'en_mfi': True, 'mfi_n': 68, 'mfi_lower': 28, 'mfi_upper': 69, 'en_bollinger': False, 'bollinger_n': 91, 'bollinger_k': 3.2, 'en_adx': False, 'adx_n': 99, 'adx_threshold': 6, 'en_structure_trend': False, 'structure_trend_swing_l': 11, 'en_order_block': True, 'order_block_swing_l': 4, 'en_fvg': False, 'fvg_lookback': 48, 'en_ifvg': True, 'en_breaker': True, 'breaker_swing_l': 1, 'en_cisd': True, 'k': 4, 'en_cap_bars': True, 'cap_1min': 178}.
[I 2026-07-13 14:24:46,473] Trial 1857 finished with values: [1329.1867194872975, -1893.635219414573, 45.95] and parameters: {'sl_soft': 9.365568880335495, 'sl_hard_delta': 6.289340223716993, 'tp': 20.15414032192156, 'gate_pct': 36.655664385123444, 'dd_limit': 4304.65398440826, 'cooldown': 9, 'flip': False, 'en_ema_trend': True, 'ema_trend_fast': 345, 'ema_trend_slow': 294, 'en_sma_trend': True, 'sma_trend_fast': 224, 'sma_trend_slow': 255, 'en_macd': True, 'macd_fast': 71, 'macd_slow': 109, 'macd_signal': 88, 'en_vwap': True, 'en_keltner': True, 'keltner_n': 116, 'keltner_m': 4.6000000000000005, 'en_obv': True, 'obv_slope': 71, 'en_cci': False, 'cci_n': 112, 'cci_threshold': 270, 'en_rsi': False, 'rsi_n': 19, 'rsi_lower': 30, 'rsi_upper': 63, 'en_stochastic': False, 'stochastic_n': 25, 'stochastic_d': 19, 'stochastic_lower': 18, 'stochastic_upper': 57, 'en_mfi': True, 'mfi_n': 68, 'mfi_lower': 26, 'mfi_upper': 59, 'en_bollinger': True, 'bollinger_n': 164, 'bollinger_k': 3.2, 'en_adx': False, 'adx_n': 60, 'adx_threshold': 6, 'en_structure_trend': False, 'structure_trend_swing_l': 11, 'en_order_block': True, 'order_block_swing_l': 4, 'en_fvg': False, 'fvg_lookback': 42, 'en_ifvg': False, 'en_breaker': True, 'breaker_swing_l': 5, 'en_cisd': False, 'k': 4, 'en_cap_bars': False, 'cap_1min': 765}.
[I 2026-07-13 14:24:47,106] Trial 1858 finished with values: [2855.0278467969474, -1406.5726643710514, 60.8] and parameters: {'sl_soft': 13.249976385559494, 'sl_hard_delta': 6.289340223716993, 'tp': 20.15414032192156, 'gate_pct': 36.655664385123444, 'dd_limit': 2167.961636365823, 'cooldown': 9, 'flip': False, 'en_ema_trend': True, 'ema_trend_fast': 12, 'ema_trend_slow': 70, 'en_sma_trend': True, 'sma_trend_fast': 190, 'sma_trend_slow': 272, 'en_macd': True, 'macd_fast': 71, 'macd_slow': 135, 'macd_signal': 58, 'en_vwap': False, 'en_keltner': False, 'keltner_n': 156, 'keltner_m': 4.6000000000000005, 'en_obv': True, 'obv_slope': 101, 'en_cci': False, 'cci_n': 112, 'cci_threshold': 80, 'en_rsi': False, 'rsi_n': 85, 'rsi_lower': 30, 'rsi_upper': 91, 'en_stochastic': True, 'stochastic_n': 24, 'stochastic_d': 50, 'stochastic_lower': 42, 'stochastic_upper': 57, 'en_mfi': True, 'mfi_n': 48, 'mfi_lower': 26, 'mfi_upper': 59, 'en_bollinger': True, 'bollinger_n': 164, 'bollinger_k': 3.2, 'en_adx': False, 'adx_n': 60, 'adx_threshold': 6, 'en_structure_trend': False, 'structure_trend_swing_l': 10, 'en_order_block': False, 'order_block_swing_l': 4, 'en_fvg': False, 'fvg_lookback': 42, 'en_ifvg': False, 'en_breaker': False, 'breaker_swing_l': 1, 'en_cisd': False, 'k': 3, 'en_cap_bars': False, 'cap_1min': 16}.
[I 2026-07-13 14:24:47,710] Trial 1859 finished with values: [345.38277104013105, -1470.062522303706, 50.0] and parameters: {'sl_soft': 13.249976385559494, 'sl_hard_delta': 6.289340223716993, 'tp': 20.15414032192156, 'gate_pct': 36.655664385123444, 'dd_limit': 4304.65398440826, 'cooldown': 14, 'flip': False, 'en_ema_trend': True, 'ema_trend_fast': 345, 'ema_trend_slow': 70, 'en_sma_trend': False, 'sma_trend_fast': 224, 'sma_trend_slow': 122, 'en_macd': True, 'macd_fast': 71, 'macd_slow': 135, 'macd_signal': 100, 'en_vwap': True, 'en_keltner': True, 'keltner_n': 116, 'keltner_m': 3.4000000000000004, 'en_obv': True, 'obv_slope': 129, 'en_cci': True, 'cci_n': 184, 'cci_threshold': 45, 'en_rsi': False, 'rsi_n': 24, 'rsi_lower': 30, 'rsi_upper': 91, 'en_stochastic': False, 'stochastic_n': 24, 'stochastic_d': 50, 'stochastic_lower': 18, 'stochastic_upper': 57, 'en_mfi': True, 'mfi_n': 48, 'mfi_lower': 28, 'mfi_upper': 59, 'en_bollinger': True, 'bollinger_n': 91, 'bollinger_k': 3.2, 'en_adx': False, 'adx_n': 60, 'adx_threshold': 6, 'en_structure_trend': False, 'structure_trend_swing_l': 12, 'en_order_block': True, 'order_block_swing_l': 4, 'en_fvg': False, 'fvg_lookback': 42, 'en_ifvg': True, 'en_breaker': False, 'breaker_swing_l': 1, 'en_cisd': False, 'k': 4, 'en_cap_bars': True, 'cap_1min': 765}.
[I 2026-07-13 14:24:49,918] Trial 1860 finished with values: [1344.2067631107057, -1472.358996556577, 57.25] and parameters: {'sl_soft': 13.249976385559494, 'sl_hard_delta': 6.289340223716993, 'tp': 20.15414032192156, 'gate_pct': 36.655664385123444, 'dd_limit': 1451.1748234344063, 'cooldown': 13, 'flip': False, 'en_ema_trend': True, 'ema_trend_fast': 345, 'ema_trend_slow': 294, 'en_sma_trend': False, 'sma_trend_fast': 224, 'sma_trend_slow': 255, 'en_macd': False, 'macd_fast': 71, 'macd_slow': 109, 'macd_signal': 36, 'en_vwap': True, 'en_keltner': True, 'keltner_n': 188, 'keltner_m': 0.7, 'en_obv': True, 'obv_slope': 129, 'en_cci': False, 'cci_n': 112, 'cci_threshold': 45, 'en_rsi': False, 'rsi_n': 24, 'rsi_lower': 30, 'rsi_upper': 53, 'en_stochastic': False, 'stochastic_n': 24, 'stochastic_d': 50, 'stochastic_lower': 42, 'stochastic_upper': 56, 'en_mfi': False, 'mfi_n': 84, 'mfi_lower': 28, 'mfi_upper': 69, 'en_bollinger': False, 'bollinger_n': 91, 'bollinger_k': 3.2, 'en_adx': False, 'adx_n': 14, 'adx_threshold': 6, 'en_structure_trend': False, 'structure_trend_swing_l': 11, 'en_order_block': True, 'order_block_swing_l': 4, 'en_fvg': False, 'fvg_lookback': 48, 'en_ifvg': True, 'en_breaker': True, 'breaker_swing_l': 1, 'en_cisd': False, 'k': 4, 'en_cap_bars': True, 'cap_1min': 859}.
