[I 2026-07-13 13:54:32,925] Trial 641 finished with values: [2895.696124084243, -2476.007981617149, 77.15] and parameters: {'sl_soft': 67.40618659818003, 'sl_hard_delta': 111.84319999153863, 'tp': 29.72480045957306, 'gate_pct': 86.86001597008706, 'dd_limit': 885.8973854163165, 'cooldown': 2, 'flip': False, 'en_ema_trend': True, 'ema_trend_fast': 384, 'ema_trend_slow': 150, 'en_sma_trend': True, 'sma_trend_fast': 265, 'sma_trend_slow': 383, 'en_macd': False, 'macd_fast': 49, 'macd_slow': 56, 'macd_signal': 60, 'en_vwap': True, 'en_keltner': True, 'keltner_n': 48, 'keltner_m': 3.8000000000000003, 'en_obv': True, 'obv_slope': 68, 'en_cci': True, 'cci_n': 141, 'cci_threshold': 160, 'en_rsi': True, 'rsi_n': 12, 'rsi_lower': 24, 'rsi_upper': 65, 'en_stochastic': False, 'stochastic_n': 86, 'stochastic_d': 32, 'stochastic_lower': 4, 'stochastic_upper': 92, 'en_mfi': True, 'mfi_n': 46, 'mfi_lower': 15, 'mfi_upper': 75, 'en_bollinger': False, 'bollinger_n': 22, 'bollinger_k': 2.1, 'en_adx': False, 'adx_n': 12, 'adx_threshold': 18, 'en_structure_trend': False, 'structure_trend_swing_l': 18, 'en_order_block': False, 'order_block_swing_l': 3, 'en_fvg': True, 'fvg_lookback': 18, 'en_ifvg': True, 'en_breaker': True, 'breaker_swing_l': 3, 'en_cisd': False, 'k': 5, 'en_cap_bars': False, 'cap_1min': 898}.
[I 2026-07-13 13:54:35,115] Trial 642 finished with values: [3294.977094511414, -13497.570043836604, 50.5] and parameters: {'sl_soft': 81.87743120424751, 'sl_hard_delta': 131.65501622903713, 'tp': 103.56074890408611, 'gate_pct': 85.18598170405104, 'dd_limit': 885.8973854163165, 'cooldown': 1, 'flip': False, 'en_ema_trend': True, 'ema_trend_fast': 174, 'ema_trend_slow': 144, 'en_sma_trend': False, 'sma_trend_fast': 265, 'sma_trend_slow': 307, 'en_macd': True, 'macd_fast': 50, 'macd_slow': 56, 'macd_signal': 60, 'en_vwap': False, 'en_keltner': True, 'keltner_n': 32, 'keltner_m': 3.8000000000000003, 'en_obv': True, 'obv_slope': 34, 'en_cci': False, 'cci_n': 141, 'cci_threshold': 80, 'en_rsi': True, 'rsi_n': 13, 'rsi_lower': 13, 'rsi_upper': 88, 'en_stochastic': False, 'stochastic_n': 86, 'stochastic_d': 33, 'stochastic_lower': 4, 'stochastic_upper': 71, 'en_mfi': False, 'mfi_n': 46, 'mfi_lower': 28, 'mfi_upper': 57, 'en_bollinger': False, 'bollinger_n': 35, 'bollinger_k': 3.4000000000000004, 'en_adx': False, 'adx_n': 68, 'adx_threshold': 33, 'en_structure_trend': False, 'structure_trend_swing_l': 7, 'en_order_block': False, 'order_block_swing_l': 19, 'en_fvg': True, 'fvg_lookback': 41, 'en_ifvg': False, 'en_breaker': True, 'breaker_swing_l': 3, 'en_cisd': False, 'k': 5, 'en_cap_bars': False, 'cap_1min': 1380}.
[I 2026-07-13 13:54:35,329] Trial 643 finished with values: [4443.87072442405, -2943.650799320385, 82.30000000000001] and parameters: {'sl_soft': 67.40618659818003, 'sl_hard_delta': 10.526353367837538, 'tp': 29.72480045957306, 'gate_pct': 75.29895741667805, 'dd_limit': 2366.662293710854, 'cooldown': 1, 'flip': False, 'en_ema_trend': True, 'ema_trend_fast': 384, 'ema_trend_slow': 150, 'en_sma_trend': False, 'sma_trend_fast': 91, 'sma_trend_slow': 134, 'en_macd': True, 'macd_fast': 12, 'macd_slow': 126, 'macd_signal': 63, 'en_vwap': False, 'en_keltner': False, 'keltner_n': 32, 'keltner_m': 2.7, 'en_obv': True, 'obv_slope': 147, 'en_cci': False, 'cci_n': 141, 'cci_threshold': 160, 'en_rsi': True, 'rsi_n': 12, 'rsi_lower': 24, 'rsi_upper': 65, 'en_stochastic': False, 'stochastic_n': 9, 'stochastic_d': 11, 'stochastic_lower': 42, 'stochastic_upper': 92, 'en_mfi': True, 'mfi_n': 46, 'mfi_lower': 2, 'mfi_upper': 78, 'en_bollinger': True, 'bollinger_n': 128, 'bollinger_k': 3.4000000000000004, 'en_adx': False, 'adx_n': 5, 'adx_threshold': 32, 'en_structure_trend': False, 'structure_trend_swing_l': 9, 'en_order_block': False, 'order_block_swing_l': 2, 'en_fvg': True, 'fvg_lookback': 19, 'en_ifvg': True, 'en_breaker': True, 'breaker_swing_l': 3, 'en_cisd': True, 'k': 4, 'en_cap_bars': False, 'cap_1min': 1260}.
[I 2026-07-13 13:54:42,172] Trial 644 finished with values: [-297.88704301528924, -6439.305511238199, 55.35] and parameters: {'sl_soft': 61.865599006236444, 'sl_hard_delta': 80.9093244784913, 'tp': 53.2922857037733, 'gate_pct': 75.29895741667805, 'dd_limit': 2258.6009671060747, 'cooldown': 2, 'flip': False, 'en_ema_trend': False, 'ema_trend_fast': 83, 'ema_trend_slow': 187, 'en_sma_trend': True, 'sma_trend_fast': 39, 'sma_trend_slow': 323, 'en_macd': True, 'macd_fast': 52, 'macd_slow': 177, 'macd_signal': 27, 'en_vwap': True, 'en_keltner': True, 'keltner_n': 32, 'keltner_m': 2.7, 'en_obv': True, 'obv_slope': 34, 'en_cci': True, 'cci_n': 64, 'cci_threshold': 80, 'en_rsi': True, 'rsi_n': 35, 'rsi_lower': 3, 'rsi_upper': 86, 'en_stochastic': True, 'stochastic_n': 9, 'stochastic_d': 19, 'stochastic_lower': 20, 'stochastic_upper': 92, 'en_mfi': True, 'mfi_n': 33, 'mfi_lower': 32, 'mfi_upper': 82, 'en_bollinger': False, 'bollinger_n': 128, 'bollinger_k': 3.0, 'en_adx': False, 'adx_n': 24, 'adx_threshold': 32, 'en_structure_trend': True, 'structure_trend_swing_l': 9, 'en_order_block': False, 'order_block_swing_l': 7, 'en_fvg': True, 'fvg_lookback': 19, 'en_ifvg': False, 'en_breaker': True, 'breaker_swing_l': 6, 'en_cisd': False, 'k': 3, 'en_cap_bars': False, 'cap_1min': 1380}.
[I 2026-07-13 13:54:45,213] Trial 645 pruned. 
[I 2026-07-13 13:54:46,984] Trial 646 finished with values: [3240.4640827228286, -2390.0, 87.5] and parameters: {'sl_soft': 67.40618659818003, 'sl_hard_delta': 111.84319999153863, 'tp': 29.72480045957306, 'gate_pct': 75.29895741667805, 'dd_limit': 2951.555464143795, 'cooldown': 2, 'flip': False, 'en_ema_trend': True, 'ema_trend_fast': 384, 'ema_trend_slow': 64, 'en_sma_trend': False, 'sma_trend_fast': 91, 'sma_trend_slow': 134, 'en_macd': False, 'macd_fast': 12, 'macd_slow': 155, 'macd_signal': 20, 'en_vwap': False, 'en_keltner': True, 'keltner_n': 48, 'keltner_m': 2.8000000000000003, 'en_obv': True, 'obv_slope': 7, 'en_cci': True, 'cci_n': 59, 'cci_threshold': 160, 'en_rsi': True, 'rsi_n': 12, 'rsi_lower': 24, 'rsi_upper': 65, 'en_stochastic': False, 'stochastic_n': 9, 'stochastic_d': 11, 'stochastic_lower': 8, 'stochastic_upper': 92, 'en_mfi': True, 'mfi_n': 46, 'mfi_lower': 2, 'mfi_upper': 85, 'en_bollinger': True, 'bollinger_n': 22, 'bollinger_k': 2.1, 'en_adx': False, 'adx_n': 12, 'adx_threshold': 18, 'en_structure_trend': False, 'structure_trend_swing_l': 9, 'en_order_block': True, 'order_block_swing_l': 3, 'en_fvg': True, 'fvg_lookback': 19, 'en_ifvg': True, 'en_breaker': True, 'breaker_swing_l': 3, 'en_cisd': True, 'k': 4, 'en_cap_bars': False, 'cap_1min': 898}.
[I 2026-07-13 13:54:47,313] Trial 647 finished with values: [3780.9366650133597, -3972.839047481466, 65.5] and parameters: {'sl_soft': 61.865599006236444, 'sl_hard_delta': 10.526353367837538, 'tp': 53.2922857037733, 'gate_pct': 79.79473082398957, 'dd_limit': 2258.6009671060747, 'cooldown': 1, 'flip': False, 'en_ema_trend': True, 'ema_trend_fast': 83, 'ema_trend_slow': 116, 'en_sma_trend': False, 'sma_trend_fast': 246, 'sma_trend_slow': 134, 'en_macd': False, 'macd_fast': 49, 'macd_slow': 56, 'macd_signal': 60, 'en_vwap': True, 'en_keltner': True, 'keltner_n': 48, 'keltner_m': 3.8000000000000003, 'en_obv': True, 'obv_slope': 68, 'en_cci': True, 'cci_n': 8, 'cci_threshold': 160, 'en_rsi': True, 'rsi_n': 12, 'rsi_lower': 3, 'rsi_upper': 71, 'en_stochastic': False, 'stochastic_n': 45, 'stochastic_d': 19, 'stochastic_lower': 4, 'stochastic_upper': 69, 'en_mfi': True, 'mfi_n': 10, 'mfi_lower': 17, 'mfi_upper': 82, 'en_bollinger': False, 'bollinger_n': 128, 'bollinger_k': 3.4000000000000004, 'en_adx': False, 'adx_n': 24, 'adx_threshold': 59, 'en_structure_trend': True, 'structure_trend_swing_l': 13, 'en_order_block': False, 'order_block_swing_l': 2, 'en_fvg': True, 'fvg_lookback': 11, 'en_ifvg': True, 'en_breaker': False, 'breaker_swing_l': 6, 'en_cisd': False, 'k': 5, 'en_cap_bars': False, 'cap_1min': 656}.
[I 2026-07-13 13:54:55,014] Trial 648 finished with values: [2827.5219908644794, -5732.739941818654, 53.55] and parameters: {'sl_soft': 61.865599006236444, 'sl_hard_delta': 10.526353367837538, 'tp': 91.30333476379144, 'gate_pct': 85.18598170405104, 'dd_limit': 3181.530629279918, 'cooldown': 1, 'flip': False, 'en_ema_trend': False, 'ema_trend_fast': 383, 'ema_trend_slow': 217, 'en_sma_trend': False, 'sma_trend_fast': 265, 'sma_trend_slow': 383, 'en_macd': True, 'macd_fast': 6, 'macd_slow': 172, 'macd_signal': 89, 'en_vwap': False, 'en_keltner': False, 'keltner_n': 185, 'keltner_m': 1.7000000000000002, 'en_obv': True, 'obv_slope': 47, 'en_cci': True, 'cci_n': 188, 'cci_threshold': 160, 'en_rsi': True, 'rsi_n': 35, 'rsi_lower': 13, 'rsi_upper': 94, 'en_stochastic': True, 'stochastic_n': 21, 'stochastic_d': 11, 'stochastic_lower': 42, 'stochastic_upper': 92, 'en_mfi': True, 'mfi_n': 62, 'mfi_lower': 38, 'mfi_upper': 97, 'en_bollinger': True, 'bollinger_n': 35, 'bollinger_k': 1.1, 'en_adx': False, 'adx_n': 68, 'adx_threshold': 18, 'en_structure_trend': True, 'structure_trend_swing_l': 4, 'en_order_block': False, 'order_block_swing_l': 19, 'en_fvg': True, 'fvg_lookback': 18, 'en_ifvg': True, 'en_breaker': True, 'breaker_swing_l': 14, 'en_cisd': False, 'k': 4, 'en_cap_bars': False, 'cap_1min': 1298}.
[I 2026-07-13 13:54:59,983] Trial 649 finished with values: [655.7299889957358, -5665.0, 32.7] and parameters: {'sl_soft': 28.37965585771982, 'sl_hard_delta': 111.84319999153863, 'tp': 110.83074972489473, 'gate_pct': 82.4858562385232, 'dd_limit': 3809.763775730023, 'cooldown': 1, 'flip': False, 'en_ema_trend': False, 'ema_trend_fast': 5, 'ema_trend_slow': 34, 'en_sma_trend': True, 'sma_trend_fast': 246, 'sma_trend_slow': 222, 'en_macd': True, 'macd_fast': 88, 'macd_slow': 167, 'macd_signal': 91, 'en_vwap': False, 'en_keltner': False, 'keltner_n': 39, 'keltner_m': 4.6000000000000005, 'en_obv': True, 'obv_slope': 32, 'en_cci': True, 'cci_n': 59, 'cci_threshold': 105, 'en_rsi': False, 'rsi_n': 88, 'rsi_lower': 38, 'rsi_upper': 55, 'en_stochastic': True, 'stochastic_n': 21, 'stochastic_d': 33, 'stochastic_lower': 20, 'stochastic_upper': 72, 'en_mfi': False, 'mfi_n': 45, 'mfi_lower': 2, 'mfi_upper': 55, 'en_bollinger': True, 'bollinger_n': 15, 'bollinger_k': 1.2000000000000002, 'en_adx': False, 'adx_n': 35, 'adx_threshold': 23, 'en_structure_trend': False, 'structure_trend_swing_l': 17, 'en_order_block': False, 'order_block_swing_l': 12, 'en_fvg': False, 'fvg_lookback': 8, 'en_ifvg': False, 'en_breaker': True, 'breaker_swing_l': 15, 'en_cisd': False, 'k': 4, 'en_cap_bars': True, 'cap_1min': 456}.
[I 2026-07-13 13:55:00,358] Trial 650 pruned. 
[I 2026-07-13 13:55:00,736] Trial 651 finished with values: [6658.960971434826, -5101.709830688706, 64.3] and parameters: {'sl_soft': 61.865599006236444, 'sl_hard_delta': 88.96989252819841, 'tp': 65.52438628926234, 'gate_pct': 79.79473082398957, 'dd_limit': 2258.6009671060747, 'cooldown': 1, 'flip': False, 'en_ema_trend': True, 'ema_trend_fast': 174, 'ema_trend_slow': 116, 'en_sma_trend': True, 'sma_trend_fast': 246, 'sma_trend_slow': 134, 'en_macd': False, 'macd_fast': 52, 'macd_slow': 177, 'macd_signal': 27, 'en_vwap': True, 'en_keltner': True, 'keltner_n': 158, 'keltner_m': 2.7, 'en_obv': True, 'obv_slope': 117, 'en_cci': True, 'cci_n': 8, 'cci_threshold': 20, 'en_rsi': True, 'rsi_n': 12, 'rsi_lower': 3, 'rsi_upper': 71, 'en_stochastic': False, 'stochastic_n': 45, 'stochastic_d': 19, 'stochastic_lower': 12, 'stochastic_upper': 69, 'en_mfi': False, 'mfi_n': 10, 'mfi_lower': 17, 'mfi_upper': 82, 'en_bollinger': True, 'bollinger_n': 128, 'bollinger_k': 3.0, 'en_adx': False, 'adx_n': 24, 'adx_threshold': 30, 'en_structure_trend': True, 'structure_trend_swing_l': 4, 'en_order_block': False, 'order_block_swing_l': 17, 'en_fvg': True, 'fvg_lookback': 46, 'en_ifvg': True, 'en_breaker': True, 'breaker_swing_l': 6, 'en_cisd': False, 'k': 3, 'en_cap_bars': False, 'cap_1min': 1380}.
[I 2026-07-13 13:55:02,398] Trial 652 finished with values: [-161.83304724196205, -19889.66652362098, 42.8] and parameters: {'sl_soft': 60.70634541251859, 'sl_hard_delta': 111.84319999153863, 'tp': 91.30333476379144, 'gate_pct': 75.29895741667805, 'dd_limit': 1409.2254407162147, 'cooldown': 1, 'flip': False, 'en_ema_trend': True, 'ema_trend_fast': 384, 'ema_trend_slow': 150, 'en_sma_trend': False, 'sma_trend_fast': 91, 'sma_trend_slow': 307, 'en_macd': True, 'macd_fast': 12, 'macd_slow': 126, 'macd_signal': 63, 'en_vwap': False, 'en_keltner': True, 'keltner_n': 39, 'keltner_m': 2.7, 'en_obv': True, 'obv_slope': 147, 'en_cci': True, 'cci_n': 141, 'cci_threshold': 105, 'en_rsi': False, 'rsi_n': 88, 'rsi_lower': 24, 'rsi_upper': 88, 'en_stochastic': False, 'stochastic_n': 49, 'stochastic_d': 11, 'stochastic_lower': 42, 'stochastic_upper': 60, 'en_mfi': True, 'mfi_n': 90, 'mfi_lower': 2, 'mfi_upper': 78, 'en_bollinger': False, 'bollinger_n': 85, 'bollinger_k': 1.2000000000000002, 'en_adx': False, 'adx_n': 32, 'adx_threshold': 32, 'en_structure_trend': True, 'structure_trend_swing_l': 9, 'en_order_block': False, 'order_block_swing_l': 12, 'en_fvg': True, 'fvg_lookback': 8, 'en_ifvg': False, 'en_breaker': True, 'breaker_swing_l': 3, 'en_cisd': True, 'k': 4, 'en_cap_bars': False, 'cap_1min': 1298}.
[I 2026-07-13 13:55:08,403] Trial 653 finished with values: [-1054.8885733207135, -8873.308571849047, 48.7] and parameters: {'sl_soft': 61.865599006236444, 'sl_hard_delta': 80.9093244784913, 'tp': 53.2922857037733, 'gate_pct': 75.29895741667805, 'dd_limit': 2258.6009671060747, 'cooldown': 1, 'flip': False, 'en_ema_trend': False, 'ema_trend_fast': 83, 'ema_trend_slow': 334, 'en_sma_trend': True, 'sma_trend_fast': 39, 'sma_trend_slow': 323, 'en_macd': True, 'macd_fast': 48, 'macd_slow': 177, 'macd_signal': 22, 'en_vwap': False, 'en_keltner': False, 'keltner_n': 32, 'keltner_m': 2.8000000000000003, 'en_obv': True, 'obv_slope': 34, 'en_cci': False, 'cci_n': 128, 'cci_threshold': 20, 'en_rsi': False, 'rsi_n': 6, 'rsi_lower': 17, 'rsi_upper': 71, 'en_stochastic': True, 'stochastic_n': 9, 'stochastic_d': 14, 'stochastic_lower': 40, 'stochastic_upper': 92, 'en_mfi': True, 'mfi_n': 33, 'mfi_lower': 13, 'mfi_upper': 82, 'en_bollinger': False, 'bollinger_n': 106, 'bollinger_k': 2.7, 'en_adx': False, 'adx_n': 35, 'adx_threshold': 18, 'en_structure_trend': False, 'structure_trend_swing_l': 17, 'en_order_block': False, 'order_block_swing_l': 12, 'en_fvg': True, 'fvg_lookback': 38, 'en_ifvg': False, 'en_breaker': True, 'breaker_swing_l': 6, 'en_cisd': False, 'k': 3, 'en_cap_bars': True, 'cap_1min': 85}.
[I 2026-07-13 13:55:13,948] Trial 654 finished with values: [1416.0748904084903, -8665.0, 43.65] and parameters: {'sl_soft': 61.865599006236444, 'sl_hard_delta': 111.84319999153863, 'tp': 103.56074890408611, 'gate_pct': 78.41015939543337, 'dd_limit': 3809.763775730023, 'cooldown': 2, 'flip': False, 'en_ema_trend': False, 'ema_trend_fast': 5, 'ema_trend_slow': 334, 'en_sma_trend': False, 'sma_trend_fast': 91, 'sma_trend_slow': 222, 'en_macd': True, 'macd_fast': 48, 'macd_slow': 18, 'macd_signal': 60, 'en_vwap': True, 'en_keltner': True, 'keltner_n': 32, 'keltner_m': 0.9, 'en_obv': True, 'obv_slope': 111, 'en_cci': True, 'cci_n': 59, 'cci_threshold': 45, 'en_rsi': True, 'rsi_n': 12, 'rsi_lower': 8, 'rsi_upper': 55, 'en_stochastic': True, 'stochastic_n': 21, 'stochastic_d': 28, 'stochastic_lower': 4, 'stochastic_upper': 72, 'en_mfi': True, 'mfi_n': 45, 'mfi_lower': 38, 'mfi_upper': 78, 'en_bollinger': True, 'bollinger_n': 15, 'bollinger_k': 2.8000000000000003, 'en_adx': False, 'adx_n': 32, 'adx_threshold': 18, 'en_structure_trend': False, 'structure_trend_swing_l': 7, 'en_order_block': False, 'order_block_swing_l': 19, 'en_fvg': False, 'fvg_lookback': 31, 'en_ifvg': False, 'en_breaker': True, 'breaker_swing_l': 15, 'en_cisd': False, 'k': 4, 'en_cap_bars': False, 'cap_1min': 456}.
[I 2026-07-13 13:55:16,656] Trial 655 finished with values: [1445.6982446885377, -6118.498414917267, 65.35] and parameters: {'sl_soft': 60.70634541251859, 'sl_hard_delta': 111.84319999153863, 'tp': 35.31231232909638, 'gate_pct': 82.4858562385232, 'dd_limit': 2951.555464143795, 'cooldown': 1, 'flip': False, 'en_ema_trend': True, 'ema_trend_fast': 383, 'ema_trend_slow': 147, 'en_sma_trend': True, 'sma_trend_fast': 91, 'sma_trend_slow': 116, 'en_macd': True, 'macd_fast': 97, 'macd_slow': 149, 'macd_signal': 63, 'en_vwap': False, 'en_keltner': True, 'keltner_n': 17, 'keltner_m': 4.6000000000000005, 'en_obv': True, 'obv_slope': 147, 'en_cci': True, 'cci_n': 91, 'cci_threshold': 105, 'en_rsi': False, 'rsi_n': 39, 'rsi_lower': 13, 'rsi_upper': 83, 'en_stochastic': False, 'stochastic_n': 49, 'stochastic_d': 33, 'stochastic_lower': 42, 'stochastic_upper': 72, 'en_mfi': False, 'mfi_n': 90, 'mfi_lower': 15, 'mfi_upper': 55, 'en_bollinger': False, 'bollinger_n': 151, 'bollinger_k': 3.9000000000000004, 'en_adx': False, 'adx_n': 33, 'adx_threshold': 23, 'en_structure_trend': True, 'structure_trend_swing_l': 17, 'en_order_block': False, 'order_block_swing_l': 19, 'en_fvg': True, 'fvg_lookback': 8, 'en_ifvg': True, 'en_breaker': True, 'breaker_swing_l': 5, 'en_cisd': True, 'k': 4, 'en_cap_bars': False, 'cap_1min': 1298}.
[I 2026-07-13 13:55:22,978] Trial 656 finished with values: [-1189.5025357638588, -12985.0, 42.5] and parameters: {'sl_soft': 67.40618659818003, 'sl_hard_delta': 131.54182284481928, 'tp': 110.83074972489473, 'gate_pct': 85.18598170405104, 'dd_limit': 3809.763775730023, 'cooldown': 1, 'flip': False, 'en_ema_trend': False, 'ema_trend_fast': 279, 'ema_trend_slow': 64, 'en_sma_trend': False, 'sma_trend_fast': 246, 'sma_trend_slow': 222, 'en_macd': False, 'macd_fast': 49, 'macd_slow': 91, 'macd_signal': 60, 'en_vwap': True, 'en_keltner': False, 'keltner_n': 197, 'keltner_m': 2.3, 'en_obv': True, 'obv_slope': 68, 'en_cci': True, 'cci_n': 136, 'cci_threshold': 45, 'en_rsi': True, 'rsi_n': 39, 'rsi_lower': 32, 'rsi_upper': 57, 'en_stochastic': True, 'stochastic_n': 86, 'stochastic_d': 28, 'stochastic_lower': 20, 'stochastic_upper': 72, 'en_mfi': True, 'mfi_n': 45, 'mfi_lower': 38, 'mfi_upper': 75, 'en_bollinger': True, 'bollinger_n': 15, 'bollinger_k': 2.8000000000000003, 'en_adx': False, 'adx_n': 35, 'adx_threshold': 32, 'en_structure_trend': False, 'structure_trend_swing_l': 17, 'en_order_block': False, 'order_block_swing_l': 3, 'en_fvg': False, 'fvg_lookback': 18, 'en_ifvg': False, 'en_breaker': True, 'breaker_swing_l': 10, 'en_cisd': True, 'k': 4, 'en_cap_bars': False, 'cap_1min': 1243}.
[I 2026-07-13 13:55:24,006] Trial 657 finished with values: [-2345.3074034661768, -12300.540622848712, 36.65] and parameters: {'sl_soft': 61.865599006236444, 'sl_hard_delta': 10.526353367837538, 'tp': 158.71663547607838, 'gate_pct': 98.67302380660169, 'dd_limit': 1409.2254407162147, 'cooldown': 1, 'flip': False, 'en_ema_trend': False, 'ema_trend_fast': 121, 'ema_trend_slow': 125, 'en_sma_trend': False, 'sma_trend_fast': 246, 'sma_trend_slow': 14, 'en_macd': True, 'macd_fast': 48, 'macd_slow': 186, 'macd_signal': 65, 'en_vwap': True, 'en_keltner': True, 'keltner_n': 153, 'keltner_m': 2.8000000000000003, 'en_obv': False, 'obv_slope': 147, 'en_cci': True, 'cci_n': 141, 'cci_threshold': 60, 'en_rsi': False, 'rsi_n': 12, 'rsi_lower': 18, 'rsi_upper': 94, 'en_stochastic': False, 'stochastic_n': 8, 'stochastic_d': 22, 'stochastic_lower': 42, 'stochastic_upper': 60, 'en_mfi': True, 'mfi_n': 62, 'mfi_lower': 16, 'mfi_upper': 55, 'en_bollinger': False, 'bollinger_n': 85, 'bollinger_k': 1.0, 'en_adx': False, 'adx_n': 12, 'adx_threshold': 17, 'en_structure_trend': True, 'structure_trend_swing_l': 18, 'en_order_block': False, 'order_block_swing_l': 14, 'en_fvg': True, 'fvg_lookback': 14, 'en_ifvg': True, 'en_breaker': False, 'breaker_swing_l': 3, 'en_cisd': True, 'k': 1, 'en_cap_bars': True, 'cap_1min': 995}.
[I 2026-07-13 13:55:24,247] Trial 658 finished with values: [6611.510715221266, -11715.916418044799, 57.5] and parameters: {'sl_soft': 98.39936435924614, 'sl_hard_delta': 7.537901189278482, 'tp': 97.07777238890372, 'gate_pct': 86.86001597008706, 'dd_limit': 2951.555464143795, 'cooldown': 1, 'flip': False, 'en_ema_trend': False, 'ema_trend_fast': 279, 'ema_trend_slow': 64, 'en_sma_trend': True, 'sma_trend_fast': 177, 'sma_trend_slow': 116, 'en_macd': False, 'macd_fast': 18, 'macd_slow': 91, 'macd_signal': 20, 'en_vwap': True, 'en_keltner': True, 'keltner_n': 153, 'keltner_m': 2.8000000000000003, 'en_obv': True, 'obv_slope': 7, 'en_cci': True, 'cci_n': 136, 'cci_threshold': 125, 'en_rsi': True, 'rsi_n': 39, 'rsi_lower': 32, 'rsi_upper': 94, 'en_stochastic': True, 'stochastic_n': 19, 'stochastic_d': 32, 'stochastic_lower': 8, 'stochastic_upper': 97, 'en_mfi': True, 'mfi_n': 62, 'mfi_lower': 15, 'mfi_upper': 86, 'en_bollinger': True, 'bollinger_n': 7, 'bollinger_k': 3.9000000000000004, 'en_adx': False, 'adx_n': 12, 'adx_threshold': 20, 'en_structure_trend': False, 'structure_trend_swing_l': 3, 'en_order_block': True, 'order_block_swing_l': 3, 'en_fvg': True, 'fvg_lookback': 18, 'en_ifvg': True, 'en_breaker': True, 'breaker_swing_l': 10, 'en_cisd': False, 'k': 4, 'en_cap_bars': False, 'cap_1min': 1243}.
