[I 2026-07-13 13:50:19,444] Trial 623 finished with values: [7366.4264193760755, -9800.0, 50.0] and parameters: {'sl_soft': 65.14851803936261, 'sl_hard_delta': 112.34619625950069, 'tp': 215.3775202768023, 'gate_pct': 90.58589496909323, 'dd_limit': 1999.8957659662658, 'cooldown': 0, 'flip': False, 'en_ema_trend': False, 'ema_trend_fast': 26, 'ema_trend_slow': 125, 'en_sma_trend': True, 'sma_trend_fast': 97, 'sma_trend_slow': 268, 'en_macd': False, 'macd_fast': 24, 'macd_slow': 4, 'macd_signal': 36, 'en_vwap': True, 'en_keltner': False, 'keltner_n': 68, 'keltner_m': 4.5, 'en_obv': False, 'obv_slope': 148, 'en_cci': False, 'cci_n': 34, 'cci_threshold': 25, 'en_rsi': True, 'rsi_n': 95, 'rsi_lower': 18, 'rsi_upper': 99, 'en_stochastic': False, 'stochastic_n': 87, 'stochastic_d': 33, 'stochastic_lower': 14, 'stochastic_upper': 93, 'en_mfi': True, 'mfi_n': 47, 'mfi_lower': 25, 'mfi_upper': 51, 'en_bollinger': False, 'bollinger_n': 92, 'bollinger_k': 1.0, 'en_adx': False, 'adx_n': 20, 'adx_threshold': 49, 'en_structure_trend': True, 'structure_trend_swing_l': 5, 'en_order_block': False, 'order_block_swing_l': 15, 'en_fvg': False, 'fvg_lookback': 38, 'en_ifvg': True, 'en_breaker': False, 'breaker_swing_l': 9, 'en_cisd': True, 'k': 1, 'en_cap_bars': True, 'cap_1min': 536}.
[I 2026-07-13 13:50:22,574] Trial 624 finished with values: [15143.579297915094, -24551.744577516656, 46.3] and parameters: {'sl_soft': 101.80942719722671, 'sl_hard_delta': 8.589168958610905, 'tp': 202.23864775877112, 'gate_pct': 85.18598170405104, 'dd_limit': 1428.9146667788111, 'cooldown': 0, 'flip': False, 'en_ema_trend': True, 'ema_trend_fast': 384, 'ema_trend_slow': 150, 'en_sma_trend': False, 'sma_trend_fast': 97, 'sma_trend_slow': 383, 'en_macd': True, 'macd_fast': 24, 'macd_slow': 56, 'macd_signal': 60, 'en_vwap': True, 'en_keltner': True, 'keltner_n': 68, 'keltner_m': 3.7, 'en_obv': False, 'obv_slope': 19, 'en_cci': True, 'cci_n': 36, 'cci_threshold': 160, 'en_rsi': True, 'rsi_n': 94, 'rsi_lower': 24, 'rsi_upper': 65, 'en_stochastic': False, 'stochastic_n': 86, 'stochastic_d': 11, 'stochastic_lower': 4, 'stochastic_upper': 93, 'en_mfi': False, 'mfi_n': 46, 'mfi_lower': 28, 'mfi_upper': 75, 'en_bollinger': False, 'bollinger_n': 97, 'bollinger_k': 1.0, 'en_adx': False, 'adx_n': 51, 'adx_threshold': 26, 'en_structure_trend': False, 'structure_trend_swing_l': 5, 'en_order_block': False, 'order_block_swing_l': 15, 'en_fvg': True, 'fvg_lookback': 2, 'en_ifvg': True, 'en_breaker': False, 'breaker_swing_l': 13, 'en_cisd': False, 'k': 2, 'en_cap_bars': False, 'cap_1min': 898}.
[I 2026-07-13 13:50:24,421] Trial 625 finished with values: [7068.097362847075, -8398.912428093827, 51.9] and parameters: {'sl_soft': 65.14851803936261, 'sl_hard_delta': 11.390606241576373, 'tp': 153.29255961489858, 'gate_pct': 86.68863637915473, 'dd_limit': 1534.8083975244724, 'cooldown': 0, 'flip': False, 'en_ema_trend': False, 'ema_trend_fast': 384, 'ema_trend_slow': 125, 'en_sma_trend': False, 'sma_trend_fast': 334, 'sma_trend_slow': 268, 'en_macd': True, 'macd_fast': 52, 'macd_slow': 91, 'macd_signal': 36, 'en_vwap': True, 'en_keltner': True, 'keltner_n': 68, 'keltner_m': 3.8000000000000003, 'en_obv': False, 'obv_slope': 7, 'en_cci': True, 'cci_n': 43, 'cci_threshold': 60, 'en_rsi': True, 'rsi_n': 95, 'rsi_lower': 18, 'rsi_upper': 94, 'en_stochastic': True, 'stochastic_n': 52, 'stochastic_d': 22, 'stochastic_lower': 14, 'stochastic_upper': 93, 'en_mfi': True, 'mfi_n': 47, 'mfi_lower': 16, 'mfi_upper': 61, 'en_bollinger': False, 'bollinger_n': 125, 'bollinger_k': 1.0, 'en_adx': False, 'adx_n': 12, 'adx_threshold': 26, 'en_structure_trend': False, 'structure_trend_swing_l': 3, 'en_order_block': False, 'order_block_swing_l': 3, 'en_fvg': False, 'fvg_lookback': 6, 'en_ifvg': True, 'en_breaker': True, 'breaker_swing_l': 18, 'en_cisd': False, 'k': 1, 'en_cap_bars': True, 'cap_1min': 536}.
[I 2026-07-13 13:50:32,609] Trial 626 finished with values: [8754.392695721399, -6959.54179723296, 65.75] and parameters: {'sl_soft': 149.03712664266078, 'sl_hard_delta': 107.77325814821194, 'tp': 194.5832949292227, 'gate_pct': 85.18598170405104, 'dd_limit': 2056.379634857657, 'cooldown': 0, 'flip': False, 'en_ema_trend': True, 'ema_trend_fast': 197, 'ema_trend_slow': 125, 'en_sma_trend': False, 'sma_trend_fast': 281, 'sma_trend_slow': 160, 'en_macd': False, 'macd_fast': 64, 'macd_slow': 65, 'macd_signal': 59, 'en_vwap': True, 'en_keltner': True, 'keltner_n': 123, 'keltner_m': 3.8000000000000003, 'en_obv': True, 'obv_slope': 68, 'en_cci': False, 'cci_n': 24, 'cci_threshold': 60, 'en_rsi': True, 'rsi_n': 85, 'rsi_lower': 18, 'rsi_upper': 71, 'en_stochastic': True, 'stochastic_n': 62, 'stochastic_d': 22, 'stochastic_lower': 25, 'stochastic_upper': 82, 'en_mfi': True, 'mfi_n': 48, 'mfi_lower': 28, 'mfi_upper': 59, 'en_bollinger': False, 'bollinger_n': 22, 'bollinger_k': 0.6, 'en_adx': False, 'adx_n': 51, 'adx_threshold': 8, 'en_structure_trend': False, 'structure_trend_swing_l': 12, 'en_order_block': False, 'order_block_swing_l': 10, 'en_fvg': False, 'fvg_lookback': 36, 'en_ifvg': True, 'en_breaker': False, 'breaker_swing_l': 3, 'en_cisd': False, 'k': 4, 'en_cap_bars': False, 'cap_1min': 898}.
[I 2026-07-13 13:50:32,913] Trial 627 finished with values: [7871.388174940403, -9745.0, 55.85] and parameters: {'sl_soft': 124.33403357369774, 'sl_hard_delta': 134.44339315372204, 'tp': 194.5832949292227, 'gate_pct': 65.16840317406685, 'dd_limit': 3121.896631086322, 'cooldown': 0, 'flip': False, 'en_ema_trend': True, 'ema_trend_fast': 67, 'ema_trend_slow': 70, 'en_sma_trend': True, 'sma_trend_fast': 53, 'sma_trend_slow': 272, 'en_macd': False, 'macd_fast': 89, 'macd_slow': 190, 'macd_signal': 59, 'en_vwap': False, 'en_keltner': True, 'keltner_n': 158, 'keltner_m': 4.6000000000000005, 'en_obv': True, 'obv_slope': 101, 'en_cci': False, 'cci_n': 135, 'cci_threshold': 125, 'en_rsi': False, 'rsi_n': 90, 'rsi_lower': 36, 'rsi_upper': 71, 'en_stochastic': False, 'stochastic_n': 89, 'stochastic_d': 19, 'stochastic_lower': 41, 'stochastic_upper': 70, 'en_mfi': False, 'mfi_n': 4, 'mfi_lower': 41, 'mfi_upper': 96, 'en_bollinger': False, 'bollinger_n': 64, 'bollinger_k': 3.4000000000000004, 'en_adx': False, 'adx_n': 24, 'adx_threshold': 8, 'en_structure_trend': True, 'structure_trend_swing_l': 12, 'en_order_block': False, 'order_block_swing_l': 10, 'en_fvg': True, 'fvg_lookback': 12, 'en_ifvg': False, 'en_breaker': False, 'breaker_swing_l': 6, 'en_cisd': False, 'k': 2, 'en_cap_bars': False, 'cap_1min': 1349}.
[I 2026-07-13 13:50:33,452] Trial 628 finished with values: [7569.477443327851, -15224.261999762675, 71.85] and parameters: {'sl_soft': 149.03712664266078, 'sl_hard_delta': 107.77325814821194, 'tp': 53.005120252774546, 'gate_pct': 85.18598170405104, 'dd_limit': 2056.379634857657, 'cooldown': 0, 'flip': False, 'en_ema_trend': True, 'ema_trend_fast': 352, 'ema_trend_slow': 33, 'en_sma_trend': False, 'sma_trend_fast': 248, 'sma_trend_slow': 265, 'en_macd': False, 'macd_fast': 64, 'macd_slow': 65, 'macd_signal': 60, 'en_vwap': True, 'en_keltner': True, 'keltner_n': 43, 'keltner_m': 3.8000000000000003, 'en_obv': True, 'obv_slope': 68, 'en_cci': False, 'cci_n': 24, 'cci_threshold': 80, 'en_rsi': True, 'rsi_n': 39, 'rsi_lower': 12, 'rsi_upper': 71, 'en_stochastic': False, 'stochastic_n': 45, 'stochastic_d': 32, 'stochastic_lower': 25, 'stochastic_upper': 63, 'en_mfi': True, 'mfi_n': 30, 'mfi_lower': 28, 'mfi_upper': 75, 'en_bollinger': False, 'bollinger_n': 22, 'bollinger_k': 3.4000000000000004, 'en_adx': False, 'adx_n': 51, 'adx_threshold': 8, 'en_structure_trend': False, 'structure_trend_swing_l': 13, 'en_order_block': False, 'order_block_swing_l': 10, 'en_fvg': False, 'fvg_lookback': 36, 'en_ifvg': False, 'en_breaker': False, 'breaker_swing_l': 3, 'en_cisd': False, 'k': 4, 'en_cap_bars': False, 'cap_1min': 898}.
[I 2026-07-13 13:50:34,770] Trial 629 finished with values: [7580.9607532708105, -12421.676491486578, 43.45] and parameters: {'sl_soft': 65.14851803936261, 'sl_hard_delta': 11.390606241576373, 'tp': 143.65370911752774, 'gate_pct': 90.58589496909323, 'dd_limit': 1534.8083975244724, 'cooldown': 0, 'flip': False, 'en_ema_trend': False, 'ema_trend_fast': 26, 'ema_trend_slow': 304, 'en_sma_trend': False, 'sma_trend_fast': 97, 'sma_trend_slow': 268, 'en_macd': True, 'macd_fast': 98, 'macd_slow': 91, 'macd_signal': 18, 'en_vwap': True, 'en_keltner': False, 'keltner_n': 49, 'keltner_m': 3.5, 'en_obv': False, 'obv_slope': 148, 'en_cci': True, 'cci_n': 69, 'cci_threshold': 60, 'en_rsi': True, 'rsi_n': 95, 'rsi_lower': 18, 'rsi_upper': 94, 'en_stochastic': False, 'stochastic_n': 52, 'stochastic_d': 22, 'stochastic_lower': 14, 'stochastic_upper': 57, 'en_mfi': False, 'mfi_n': 62, 'mfi_lower': 16, 'mfi_upper': 61, 'en_bollinger': False, 'bollinger_n': 125, 'bollinger_k': 1.0, 'en_adx': False, 'adx_n': 12, 'adx_threshold': 41, 'en_structure_trend': False, 'structure_trend_swing_l': 16, 'en_order_block': False, 'order_block_swing_l': 3, 'en_fvg': True, 'fvg_lookback': 2, 'en_ifvg': True, 'en_breaker': True, 'breaker_swing_l': 16, 'en_cisd': False, 'k': 1, 'en_cap_bars': True, 'cap_1min': 591}.
[I 2026-07-13 13:50:41,281] Trial 630 finished with values: [8013.05640275903, -8500.690278628463, 27.950000000000003] and parameters: {'sl_soft': 31.115146080326227, 'sl_hard_delta': 11.390606241576373, 'tp': 202.23864775877112, 'gate_pct': 86.68863637915473, 'dd_limit': 284.21555044074455, 'cooldown': 0, 'flip': False, 'en_ema_trend': False, 'ema_trend_fast': 121, 'ema_trend_slow': 70, 'en_sma_trend': False, 'sma_trend_fast': 334, 'sma_trend_slow': 160, 'en_macd': True, 'macd_fast': 72, 'macd_slow': 94, 'macd_signal': 65, 'en_vwap': True, 'en_keltner': False, 'keltner_n': 49, 'keltner_m': 4.1, 'en_obv': False, 'obv_slope': 30, 'en_cci': False, 'cci_n': 43, 'cci_threshold': 255, 'en_rsi': True, 'rsi_n': 95, 'rsi_lower': 18, 'rsi_upper': 60, 'en_stochastic': True, 'stochastic_n': 98, 'stochastic_d': 22, 'stochastic_lower': 14, 'stochastic_upper': 93, 'en_mfi': False, 'mfi_n': 62, 'mfi_lower': 16, 'mfi_upper': 61, 'en_bollinger': False, 'bollinger_n': 125, 'bollinger_k': 1.0, 'en_adx': False, 'adx_n': 29, 'adx_threshold': 26, 'en_structure_trend': False, 'structure_trend_swing_l': 16, 'en_order_block': False, 'order_block_swing_l': 3, 'en_fvg': False, 'fvg_lookback': 25, 'en_ifvg': True, 'en_breaker': True, 'breaker_swing_l': 12, 'en_cisd': True, 'k': 1, 'en_cap_bars': True, 'cap_1min': 1349}.
[I 2026-07-13 13:50:41,712] Trial 631 pruned. 
[I 2026-07-13 13:50:47,723] Trial 632 finished with values: [2150.584258192248, -5620.4601857523085, 35.25] and parameters: {'sl_soft': 31.115146080326227, 'sl_hard_delta': 11.390606241576373, 'tp': 187.44956402418418, 'gate_pct': 90.58589496909323, 'dd_limit': 1534.8083975244724, 'cooldown': 0, 'flip': False, 'en_ema_trend': False, 'ema_trend_fast': 26, 'ema_trend_slow': 150, 'en_sma_trend': False, 'sma_trend_fast': 97, 'sma_trend_slow': 268, 'en_macd': True, 'macd_fast': 98, 'macd_slow': 91, 'macd_signal': 36, 'en_vwap': True, 'en_keltner': False, 'keltner_n': 68, 'keltner_m': 3.5, 'en_obv': False, 'obv_slope': 7, 'en_cci': False, 'cci_n': 69, 'cci_threshold': 60, 'en_rsi': True, 'rsi_n': 95, 'rsi_lower': 18, 'rsi_upper': 99, 'en_stochastic': True, 'stochastic_n': 86, 'stochastic_d': 33, 'stochastic_lower': 14, 'stochastic_upper': 57, 'en_mfi': True, 'mfi_n': 47, 'mfi_lower': 16, 'mfi_upper': 87, 'en_bollinger': False, 'bollinger_n': 79, 'bollinger_k': 1.0, 'en_adx': False, 'adx_n': 12, 'adx_threshold': 26, 'en_structure_trend': False, 'structure_trend_swing_l': 5, 'en_order_block': False, 'order_block_swing_l': 19, 'en_fvg': False, 'fvg_lookback': 6, 'en_ifvg': True, 'en_breaker': False, 'breaker_swing_l': 12, 'en_cisd': False, 'k': 1, 'en_cap_bars': True, 'cap_1min': 1073}.
[I 2026-07-13 13:50:47,978] Trial 633 finished with values: [-1636.5211918068235, -14596.55269551673, 36.3] and parameters: {'sl_soft': 65.14851803936261, 'sl_hard_delta': 15.906489533621171, 'tp': 143.65370911752774, 'gate_pct': 86.68863637915473, 'dd_limit': 2992.1180500783844, 'cooldown': 1, 'flip': False, 'en_ema_trend': False, 'ema_trend_fast': 76, 'ema_trend_slow': 125, 'en_sma_trend': True, 'sma_trend_fast': 97, 'sma_trend_slow': 268, 'en_macd': False, 'macd_fast': 24, 'macd_slow': 91, 'macd_signal': 60, 'en_vwap': True, 'en_keltner': False, 'keltner_n': 179, 'keltner_m': 1.3, 'en_obv': False, 'obv_slope': 30, 'en_cci': False, 'cci_n': 154, 'cci_threshold': 255, 'en_rsi': False, 'rsi_n': 95, 'rsi_lower': 18, 'rsi_upper': 99, 'en_stochastic': True, 'stochastic_n': 52, 'stochastic_d': 22, 'stochastic_lower': 14, 'stochastic_upper': 93, 'en_mfi': True, 'mfi_n': 46, 'mfi_lower': 5, 'mfi_upper': 87, 'en_bollinger': False, 'bollinger_n': 125, 'bollinger_k': 1.0, 'en_adx': False, 'adx_n': 20, 'adx_threshold': 32, 'en_structure_trend': False, 'structure_trend_swing_l': 9, 'en_order_block': False, 'order_block_swing_l': 19, 'en_fvg': False, 'fvg_lookback': 2, 'en_ifvg': False, 'en_breaker': True, 'breaker_swing_l': 12, 'en_cisd': False, 'k': 1, 'en_cap_bars': True, 'cap_1min': 1113}.
[I 2026-07-13 13:50:48,282] Trial 634 finished with values: [369.9567126484908, -7545.0, 38.25] and parameters: {'sl_soft': 45.090384897826624, 'sl_hard_delta': 112.34619625950069, 'tp': 194.7076118774736, 'gate_pct': 77.42933068648337, 'dd_limit': 4797.261624278533, 'cooldown': 1, 'flip': False, 'en_ema_trend': False, 'ema_trend_fast': 352, 'ema_trend_slow': 393, 'en_sma_trend': True, 'sma_trend_fast': 307, 'sma_trend_slow': 17, 'en_macd': False, 'macd_fast': 44, 'macd_slow': 2, 'macd_signal': 36, 'en_vwap': True, 'en_keltner': False, 'keltner_n': 43, 'keltner_m': 4.4, 'en_obv': False, 'obv_slope': 40, 'en_cci': False, 'cci_n': 80, 'cci_threshold': 25, 'en_rsi': False, 'rsi_n': 95, 'rsi_lower': 31, 'rsi_upper': 89, 'en_stochastic': False, 'stochastic_n': 87, 'stochastic_d': 8, 'stochastic_lower': 30, 'stochastic_upper': 76, 'en_mfi': True, 'mfi_n': 30, 'mfi_lower': 5, 'mfi_upper': 51, 'en_bollinger': False, 'bollinger_n': 92, 'bollinger_k': 1.6, 'en_adx': False, 'adx_n': 20, 'adx_threshold': 54, 'en_structure_trend': True, 'structure_trend_swing_l': 10, 'en_order_block': False, 'order_block_swing_l': 5, 'en_fvg': False, 'fvg_lookback': 48, 'en_ifvg': False, 'en_breaker': False, 'breaker_swing_l': 9, 'en_cisd': False, 'k': 1, 'en_cap_bars': True, 'cap_1min': 309}.
[I 2026-07-13 13:50:50,057] Trial 635 finished with values: [7765.705128461705, -6016.1001514596865, 46.15] and parameters: {'sl_soft': 65.14851803936261, 'sl_hard_delta': 15.906489533621171, 'tp': 153.29255961489858, 'gate_pct': 86.68863637915473, 'dd_limit': 1534.8083975244724, 'cooldown': 0, 'flip': False, 'en_ema_trend': True, 'ema_trend_fast': 384, 'ema_trend_slow': 129, 'en_sma_trend': False, 'sma_trend_fast': 97, 'sma_trend_slow': 268, 'en_macd': True, 'macd_fast': 24, 'macd_slow': 91, 'macd_signal': 36, 'en_vwap': True, 'en_keltner': False, 'keltner_n': 68, 'keltner_m': 1.4, 'en_obv': False, 'obv_slope': 30, 'en_cci': True, 'cci_n': 69, 'cci_threshold': 60, 'en_rsi': True, 'rsi_n': 95, 'rsi_lower': 18, 'rsi_upper': 99, 'en_stochastic': True, 'stochastic_n': 86, 'stochastic_d': 33, 'stochastic_lower': 14, 'stochastic_upper': 93, 'en_mfi': True, 'mfi_n': 46, 'mfi_lower': 16, 'mfi_upper': 87, 'en_bollinger': False, 'bollinger_n': 125, 'bollinger_k': 1.0, 'en_adx': False, 'adx_n': 12, 'adx_threshold': 26, 'en_structure_trend': False, 'structure_trend_swing_l': 3, 'en_order_block': True, 'order_block_swing_l': 19, 'en_fvg': True, 'fvg_lookback': 2, 'en_ifvg': True, 'en_breaker': False, 'breaker_swing_l': 12, 'en_cisd': False, 'k': 1, 'en_cap_bars': True, 'cap_1min': 536}.
[I 2026-07-13 13:50:51,705] Trial 636 finished with values: [4254.931866026163, -13459.497276674956, 40.85] and parameters: {'sl_soft': 65.14851803936261, 'sl_hard_delta': 30.588913877511928, 'tp': 215.3775202768023, 'gate_pct': 90.58589496909323, 'dd_limit': 1999.8957659662658, 'cooldown': 1, 'flip': False, 'en_ema_trend': False, 'ema_trend_fast': 76, 'ema_trend_slow': 304, 'en_sma_trend': True, 'sma_trend_fast': 97, 'sma_trend_slow': 268, 'en_macd': True, 'macd_fast': 98, 'macd_slow': 2, 'macd_signal': 18, 'en_vwap': True, 'en_keltner': False, 'keltner_n': 179, 'keltner_m': 0.8, 'en_obv': False, 'obv_slope': 30, 'en_cci': False, 'cci_n': 69, 'cci_threshold': 300, 'en_rsi': False, 'rsi_n': 95, 'rsi_lower': 9, 'rsi_upper': 81, 'en_stochastic': False, 'stochastic_n': 87, 'stochastic_d': 2, 'stochastic_lower': 14, 'stochastic_upper': 63, 'en_mfi': False, 'mfi_n': 11, 'mfi_lower': 5, 'mfi_upper': 61, 'en_bollinger': False, 'bollinger_n': 135, 'bollinger_k': 2.7, 'en_adx': False, 'adx_n': 35, 'adx_threshold': 35, 'en_structure_trend': True, 'structure_trend_swing_l': 9, 'en_order_block': False, 'order_block_swing_l': 2, 'en_fvg': True, 'fvg_lookback': 42, 'en_ifvg': True, 'en_breaker': False, 'breaker_swing_l': 9, 'en_cisd': False, 'k': 1, 'en_cap_bars': True, 'cap_1min': 1113}.
[I 2026-07-13 13:50:51,868] Trial 637 pruned. 
[I 2026-07-13 13:50:58,234] Trial 638 finished with values: [-58.53084586531622, -6800.920371504617, 22.2] and parameters: {'sl_soft': 31.115146080326227, 'sl_hard_delta': 11.390606241576373, 'tp': 202.23864775877112, 'gate_pct': 89.05172352244134, 'dd_limit': 1999.8957659662658, 'cooldown': 0, 'flip': False, 'en_ema_trend': False, 'ema_trend_fast': 26, 'ema_trend_slow': 125, 'en_sma_trend': False, 'sma_trend_fast': 97, 'sma_trend_slow': 268, 'en_macd': True, 'macd_fast': 24, 'macd_slow': 94, 'macd_signal': 30, 'en_vwap': True, 'en_keltner': False, 'keltner_n': 68, 'keltner_m': 4.1, 'en_obv': False, 'obv_slope': 30, 'en_cci': False, 'cci_n': 71, 'cci_threshold': 60, 'en_rsi': True, 'rsi_n': 58, 'rsi_lower': 9, 'rsi_upper': 60, 'en_stochastic': True, 'stochastic_n': 35, 'stochastic_d': 33, 'stochastic_lower': 14, 'stochastic_upper': 82, 'en_mfi': True, 'mfi_n': 58, 'mfi_lower': 5, 'mfi_upper': 87, 'en_bollinger': False, 'bollinger_n': 108, 'bollinger_k': 0.6, 'en_adx': False, 'adx_n': 12, 'adx_threshold': 26, 'en_structure_trend': True, 'structure_trend_swing_l': 16, 'en_order_block': False, 'order_block_swing_l': 15, 'en_fvg': True, 'fvg_lookback': 2, 'en_ifvg': True, 'en_breaker': False, 'breaker_swing_l': 9, 'en_cisd': False, 'k': 3, 'en_cap_bars': True, 'cap_1min': 536}.
[I 2026-07-13 13:51:05,421] Trial 639 finished with values: [514.4366041889953, -9195.920371504617, 26.35] and parameters: {'sl_soft': 31.115146080326227, 'sl_hard_delta': 11.390606241576373, 'tp': 143.65370911752774, 'gate_pct': 86.68863637915473, 'dd_limit': 387.45829471164785, 'cooldown': 0, 'flip': False, 'en_ema_trend': False, 'ema_trend_fast': 76, 'ema_trend_slow': 125, 'en_sma_trend': True, 'sma_trend_fast': 334, 'sma_trend_slow': 268, 'en_macd': True, 'macd_fast': 98, 'macd_slow': 94, 'macd_signal': 65, 'en_vwap': False, 'en_keltner': False, 'keltner_n': 179, 'keltner_m': 1.3, 'en_obv': False, 'obv_slope': 148, 'en_cci': False, 'cci_n': 154, 'cci_threshold': 60, 'en_rsi': True, 'rsi_n': 39, 'rsi_lower': 9, 'rsi_upper': 94, 'en_stochastic': True, 'stochastic_n': 35, 'stochastic_d': 2, 'stochastic_lower': 7, 'stochastic_upper': 93, 'en_mfi': True, 'mfi_n': 47, 'mfi_lower': 19, 'mfi_upper': 61, 'en_bollinger': False, 'bollinger_n': 135, 'bollinger_k': 1.0, 'en_adx': False, 'adx_n': 20, 'adx_threshold': 41, 'en_structure_trend': False, 'structure_trend_swing_l': 9, 'en_order_block': False, 'order_block_swing_l': 19, 'en_fvg': True, 'fvg_lookback': 42, 'en_ifvg': False, 'en_breaker': False, 'breaker_swing_l': 12, 'en_cisd': False, 'k': 1, 'en_cap_bars': True, 'cap_1min': 591}.
[I 2026-07-13 13:51:06,661] Trial 640 finished with values: [7012.83981035187, -9975.990554989112, 43.75] and parameters: {'sl_soft': 65.14851803936261, 'sl_hard_delta': 16.42841135648907, 'tp': 153.29255961489858, 'gate_pct': 90.58589496909323, 'dd_limit': 2992.1180500783844, 'cooldown': 1, 'flip': False, 'en_ema_trend': False, 'ema_trend_fast': 121, 'ema_trend_slow': 125, 'en_sma_trend': True, 'sma_trend_fast': 97, 'sma_trend_slow': 268, 'en_macd': True, 'macd_fast': 44, 'macd_slow': 91, 'macd_signal': 60, 'en_vwap': True, 'en_keltner': False, 'keltner_n': 179, 'keltner_m': 1.5, 'en_obv': False, 'obv_slope': 5, 'en_cci': False, 'cci_n': 69, 'cci_threshold': 60, 'en_rsi': False, 'rsi_n': 39, 'rsi_lower': 39, 'rsi_upper': 61, 'en_stochastic': False, 'stochastic_n': 52, 'stochastic_d': 22, 'stochastic_lower': 14, 'stochastic_upper': 93, 'en_mfi': True, 'mfi_n': 62, 'mfi_lower': 16, 'mfi_upper': 61, 'en_bollinger': False, 'bollinger_n': 135, 'bollinger_k': 1.0, 'en_adx': False, 'adx_n': 12, 'adx_threshold': 54, 'en_structure_trend': False, 'structure_trend_swing_l': 5, 'en_order_block': True, 'order_block_swing_l': 3, 'en_fvg': False, 'fvg_lookback': 42, 'en_ifvg': True, 'en_breaker': True, 'breaker_swing_l': 3, 'en_cisd': False, 'k': 1, 'en_cap_bars': True, 'cap_1min': 995}.
