[I 2026-07-13 13:59:31,573] Trial 864 finished with values: [10397.903096175942, -4415.9438462335675, 55.0] and parameters: {'sl_soft': 101.80942719722671, 'sl_hard_delta': 8.589168958610905, 'tp': 202.23864775877112, 'gate_pct': 83.64801344627064, 'dd_limit': 1999.8957659662658, 'cooldown': 0, 'flip': False, 'en_ema_trend': True, 'ema_trend_fast': 26, 'ema_trend_slow': 150, 'en_sma_trend': False, 'sma_trend_fast': 7, 'sma_trend_slow': 160, 'en_macd': False, 'macd_fast': 94, 'macd_slow': 91, 'macd_signal': 33, 'en_vwap': True, 'en_keltner': True, 'keltner_n': 49, 'keltner_m': 3.8000000000000003, 'en_obv': False, 'obv_slope': 75, 'en_cci': True, 'cci_n': 141, 'cci_threshold': 295, 'en_rsi': True, 'rsi_n': 94, 'rsi_lower': 40, 'rsi_upper': 99, 'en_stochastic': True, 'stochastic_n': 86, 'stochastic_d': 15, 'stochastic_lower': 17, 'stochastic_upper': 82, 'en_mfi': False, 'mfi_n': 47, 'mfi_lower': 8, 'mfi_upper': 87, 'en_bollinger': False, 'bollinger_n': 125, 'bollinger_k': 1.0, 'en_adx': False, 'adx_n': 79, 'adx_threshold': 28, 'en_structure_trend': False, 'structure_trend_swing_l': 3, 'en_order_block': False, 'order_block_swing_l': 3, 'en_fvg': True, 'fvg_lookback': 11, 'en_ifvg': True, 'en_breaker': False, 'breaker_swing_l': 12, 'en_cisd': False, 'k': 3, 'en_cap_bars': False, 'cap_1min': 536}.
[I 2026-07-13 13:59:31,797] Trial 865 finished with values: [6022.809646128007, -4969.318334616983, 59.15] and parameters: {'sl_soft': 101.80942719722671, 'sl_hard_delta': 15.906489533621171, 'tp': 153.29255961489858, 'gate_pct': 90.58589496909323, 'dd_limit': 1999.8957659662658, 'cooldown': 0, 'flip': False, 'en_ema_trend': False, 'ema_trend_fast': 26, 'ema_trend_slow': 129, 'en_sma_trend': True, 'sma_trend_fast': 97, 'sma_trend_slow': 268, 'en_macd': True, 'macd_fast': 44, 'macd_slow': 94, 'macd_signal': 60, 'en_vwap': True, 'en_keltner': False, 'keltner_n': 179, 'keltner_m': 0.8, 'en_obv': False, 'obv_slope': 148, 'en_cci': False, 'cci_n': 69, 'cci_threshold': 255, 'en_rsi': True, 'rsi_n': 95, 'rsi_lower': 18, 'rsi_upper': 99, 'en_stochastic': True, 'stochastic_n': 86, 'stochastic_d': 27, 'stochastic_lower': 14, 'stochastic_upper': 92, 'en_mfi': True, 'mfi_n': 47, 'mfi_lower': 5, 'mfi_upper': 61, 'en_bollinger': False, 'bollinger_n': 125, 'bollinger_k': 1.0, 'en_adx': False, 'adx_n': 20, 'adx_threshold': 32, 'en_structure_trend': True, 'structure_trend_swing_l': 5, 'en_order_block': False, 'order_block_swing_l': 15, 'en_fvg': True, 'fvg_lookback': 2, 'en_ifvg': True, 'en_breaker': False, 'breaker_swing_l': 9, 'en_cisd': False, 'k': 1, 'en_cap_bars': True, 'cap_1min': 536}.
[I 2026-07-13 13:59:32,117] Trial 866 finished with values: [10182.496543630114, -4270.0, 51.45] and parameters: {'sl_soft': 65.14851803936261, 'sl_hard_delta': 161.64900471108456, 'tp': 194.5832949292227, 'gate_pct': 89.05172352244134, 'dd_limit': 1534.8083975244724, 'cooldown': 0, 'flip': False, 'en_ema_trend': True, 'ema_trend_fast': 197, 'ema_trend_slow': 150, 'en_sma_trend': False, 'sma_trend_fast': 97, 'sma_trend_slow': 160, 'en_macd': True, 'macd_fast': 52, 'macd_slow': 65, 'macd_signal': 59, 'en_vwap': True, 'en_keltner': False, 'keltner_n': 68, 'keltner_m': 4.1, 'en_obv': True, 'obv_slope': 101, 'en_cci': False, 'cci_n': 54, 'cci_threshold': 255, 'en_rsi': True, 'rsi_n': 58, 'rsi_lower': 18, 'rsi_upper': 99, 'en_stochastic': True, 'stochastic_n': 82, 'stochastic_d': 33, 'stochastic_lower': 14, 'stochastic_upper': 82, 'en_mfi': True, 'mfi_n': 48, 'mfi_lower': 16, 'mfi_upper': 59, 'en_bollinger': False, 'bollinger_n': 125, 'bollinger_k': 1.0, 'en_adx': False, 'adx_n': 29, 'adx_threshold': 26, 'en_structure_trend': False, 'structure_trend_swing_l': 5, 'en_order_block': True, 'order_block_swing_l': 3, 'en_fvg': False, 'fvg_lookback': 2, 'en_ifvg': True, 'en_breaker': False, 'breaker_swing_l': 6, 'en_cisd': False, 'k': 1, 'en_cap_bars': True, 'cap_1min': 1243}.
[I 2026-07-13 13:59:32,510] Trial 867 finished with values: [13210.124057284847, -8987.347456856296, 46.3] and parameters: {'sl_soft': 65.14851803936261, 'sl_hard_delta': 11.390606241576373, 'tp': 153.29255961489858, 'gate_pct': 89.05172352244134, 'dd_limit': 1310.3005098041708, 'cooldown': 0, 'flip': False, 'en_ema_trend': False, 'ema_trend_fast': 26, 'ema_trend_slow': 150, 'en_sma_trend': True, 'sma_trend_fast': 97, 'sma_trend_slow': 383, 'en_macd': True, 'macd_fast': 24, 'macd_slow': 91, 'macd_signal': 36, 'en_vwap': True, 'en_keltner': False, 'keltner_n': 68, 'keltner_m': 1.5, 'en_obv': False, 'obv_slope': 68, 'en_cci': False, 'cci_n': 69, 'cci_threshold': 60, 'en_rsi': True, 'rsi_n': 95, 'rsi_lower': 18, 'rsi_upper': 94, 'en_stochastic': True, 'stochastic_n': 87, 'stochastic_d': 33, 'stochastic_lower': 4, 'stochastic_upper': 93, 'en_mfi': False, 'mfi_n': 47, 'mfi_lower': 16, 'mfi_upper': 61, 'en_bollinger': False, 'bollinger_n': 125, 'bollinger_k': 1.0, 'en_adx': False, 'adx_n': 37, 'adx_threshold': 26, 'en_structure_trend': False, 'structure_trend_swing_l': 5, 'en_order_block': True, 'order_block_swing_l': 15, 'en_fvg': True, 'fvg_lookback': 2, 'en_ifvg': True, 'en_breaker': True, 'breaker_swing_l': 9, 'en_cisd': False, 'k': 1, 'en_cap_bars': True, 'cap_1min': 536}.
[I 2026-07-13 13:59:39,657] Trial 868 finished with values: [1771.638480888214, -8420.388455373322, 73.05] and parameters: {'sl_soft': 149.03712664266078, 'sl_hard_delta': 107.77325814821194, 'tp': 53.005120252774546, 'gate_pct': 83.64801344627064, 'dd_limit': 284.21555044074455, 'cooldown': 0, 'flip': False, 'en_ema_trend': True, 'ema_trend_fast': 352, 'ema_trend_slow': 33, 'en_sma_trend': False, 'sma_trend_fast': 358, 'sma_trend_slow': 383, 'en_macd': False, 'macd_fast': 64, 'macd_slow': 91, 'macd_signal': 60, 'en_vwap': True, 'en_keltner': False, 'keltner_n': 43, 'keltner_m': 3.8000000000000003, 'en_obv': True, 'obv_slope': 68, 'en_cci': False, 'cci_n': 24, 'cci_threshold': 255, 'en_rsi': True, 'rsi_n': 39, 'rsi_lower': 12, 'rsi_upper': 94, 'en_stochastic': True, 'stochastic_n': 45, 'stochastic_d': 33, 'stochastic_lower': 25, 'stochastic_upper': 82, 'en_mfi': True, 'mfi_n': 47, 'mfi_lower': 28, 'mfi_upper': 75, 'en_bollinger': False, 'bollinger_n': 125, 'bollinger_k': 3.4000000000000004, 'en_adx': False, 'adx_n': 79, 'adx_threshold': 8, 'en_structure_trend': False, 'structure_trend_swing_l': 13, 'en_order_block': False, 'order_block_swing_l': 8, 'en_fvg': False, 'fvg_lookback': 11, 'en_ifvg': False, 'en_breaker': False, 'breaker_swing_l': 16, 'en_cisd': False, 'k': 1, 'en_cap_bars': False, 'cap_1min': 522}.
[I 2026-07-13 13:59:45,609] Trial 869 finished with values: [12488.306863279722, -11908.152820358373, 51.3] and parameters: {'sl_soft': 101.80942719722671, 'sl_hard_delta': 11.390606241576373, 'tp': 153.29255961489858, 'gate_pct': 85.18598170405104, 'dd_limit': 1999.8957659662658, 'cooldown': 0, 'flip': False, 'en_ema_trend': False, 'ema_trend_fast': 121, 'ema_trend_slow': 150, 'en_sma_trend': True, 'sma_trend_fast': 97, 'sma_trend_slow': 383, 'en_macd': False, 'macd_fast': 24, 'macd_slow': 92, 'macd_signal': 60, 'en_vwap': True, 'en_keltner': False, 'keltner_n': 68, 'keltner_m': 3.8000000000000003, 'en_obv': False, 'obv_slope': 30, 'en_cci': False, 'cci_n': 69, 'cci_threshold': 60, 'en_rsi': True, 'rsi_n': 95, 'rsi_lower': 18, 'rsi_upper': 94, 'en_stochastic': True, 'stochastic_n': 87, 'stochastic_d': 27, 'stochastic_lower': 4, 'stochastic_upper': 93, 'en_mfi': True, 'mfi_n': 42, 'mfi_lower': 26, 'mfi_upper': 61, 'en_bollinger': False, 'bollinger_n': 200, 'bollinger_k': 2.9000000000000004, 'en_adx': False, 'adx_n': 12, 'adx_threshold': 26, 'en_structure_trend': False, 'structure_trend_swing_l': 5, 'en_order_block': True, 'order_block_swing_l': 3, 'en_fvg': True, 'fvg_lookback': 2, 'en_ifvg': True, 'en_breaker': False, 'breaker_swing_l': 12, 'en_cisd': False, 'k': 1, 'en_cap_bars': False, 'cap_1min': 871}.
[I 2026-07-13 13:59:45,820] Trial 870 finished with values: [6969.952290586771, -9373.912428093827, 41.25] and parameters: {'sl_soft': 65.14851803936261, 'sl_hard_delta': 11.390606241576373, 'tp': 153.29255961489858, 'gate_pct': 90.58589496909323, 'dd_limit': 1999.8957659662658, 'cooldown': 0, 'flip': False, 'en_ema_trend': False, 'ema_trend_fast': 254, 'ema_trend_slow': 125, 'en_sma_trend': True, 'sma_trend_fast': 97, 'sma_trend_slow': 383, 'en_macd': False, 'macd_fast': 24, 'macd_slow': 4, 'macd_signal': 36, 'en_vwap': True, 'en_keltner': True, 'keltner_n': 68, 'keltner_m': 3.7, 'en_obv': False, 'obv_slope': 148, 'en_cci': False, 'cci_n': 69, 'cci_threshold': 160, 'en_rsi': True, 'rsi_n': 58, 'rsi_lower': 18, 'rsi_upper': 99, 'en_stochastic': True, 'stochastic_n': 87, 'stochastic_d': 33, 'stochastic_lower': 14, 'stochastic_upper': 93, 'en_mfi': True, 'mfi_n': 70, 'mfi_lower': 36, 'mfi_upper': 61, 'en_bollinger': False, 'bollinger_n': 125, 'bollinger_k': 1.0, 'en_adx': False, 'adx_n': 12, 'adx_threshold': 26, 'en_structure_trend': False, 'structure_trend_swing_l': 17, 'en_order_block': False, 'order_block_swing_l': 15, 'en_fvg': True, 'fvg_lookback': 2, 'en_ifvg': True, 'en_breaker': False, 'breaker_swing_l': 12, 'en_cisd': False, 'k': 1, 'en_cap_bars': False, 'cap_1min': 995}.
[I 2026-07-13 13:59:46,072] Trial 871 finished with values: [5479.217054368382, -18214.22626877553, 31.4] and parameters: {'sl_soft': 31.115146080326227, 'sl_hard_delta': 194.09616735845105, 'tp': 187.44956402418418, 'gate_pct': 90.58589496909323, 'dd_limit': 2309.304895037253, 'cooldown': 0, 'flip': False, 'en_ema_trend': False, 'ema_trend_fast': 26, 'ema_trend_slow': 125, 'en_sma_trend': True, 'sma_trend_fast': 334, 'sma_trend_slow': 268, 'en_macd': True, 'macd_fast': 18, 'macd_slow': 91, 'macd_signal': 36, 'en_vwap': True, 'en_keltner': False, 'keltner_n': 68, 'keltner_m': 1.5, 'en_obv': False, 'obv_slope': 148, 'en_cci': False, 'cci_n': 69, 'cci_threshold': 60, 'en_rsi': True, 'rsi_n': 95, 'rsi_lower': 9, 'rsi_upper': 81, 'en_stochastic': False, 'stochastic_n': 52, 'stochastic_d': 33, 'stochastic_lower': 14, 'stochastic_upper': 93, 'en_mfi': True, 'mfi_n': 47, 'mfi_lower': 19, 'mfi_upper': 61, 'en_bollinger': False, 'bollinger_n': 125, 'bollinger_k': 1.0, 'en_adx': False, 'adx_n': 12, 'adx_threshold': 26, 'en_structure_trend': False, 'structure_trend_swing_l': 3, 'en_order_block': False, 'order_block_swing_l': 19, 'en_fvg': True, 'fvg_lookback': 2, 'en_ifvg': False, 'en_breaker': True, 'breaker_swing_l': 16, 'en_cisd': False, 'k': 1, 'en_cap_bars': True, 'cap_1min': 591}.
[I 2026-07-13 13:59:46,741] Trial 872 pruned. 
[I 2026-07-13 13:59:47,435] Trial 873 pruned. 
[I 2026-07-13 13:59:49,298] Trial 874 pruned. 
[I 2026-07-13 13:59:57,127] Trial 875 finished with values: [-1196.4042186878214, -10582.804780900915, 46.65] and parameters: {'sl_soft': 149.03712664266078, 'sl_hard_delta': 8.589168958610905, 'tp': 202.23864775877112, 'gate_pct': 85.18598170405104, 'dd_limit': 284.21555044074455, 'cooldown': 0, 'flip': False, 'en_ema_trend': True, 'ema_trend_fast': 352, 'ema_trend_slow': 195, 'en_sma_trend': False, 'sma_trend_fast': 248, 'sma_trend_slow': 265, 'en_macd': False, 'macd_fast': 94, 'macd_slow': 65, 'macd_signal': 33, 'en_vwap': True, 'en_keltner': False, 'keltner_n': 49, 'keltner_m': 3.7, 'en_obv': False, 'obv_slope': 75, 'en_cci': False, 'cci_n': 71, 'cci_threshold': 80, 'en_rsi': True, 'rsi_n': 94, 'rsi_lower': 3, 'rsi_upper': 71, 'en_stochastic': True, 'stochastic_n': 45, 'stochastic_d': 15, 'stochastic_lower': 25, 'stochastic_upper': 82, 'en_mfi': False, 'mfi_n': 70, 'mfi_lower': 28, 'mfi_upper': 61, 'en_bollinger': False, 'bollinger_n': 108, 'bollinger_k': 3.4000000000000004, 'en_adx': False, 'adx_n': 79, 'adx_threshold': 59, 'en_structure_trend': False, 'structure_trend_swing_l': 13, 'en_order_block': False, 'order_block_swing_l': 8, 'en_fvg': True, 'fvg_lookback': 36, 'en_ifvg': False, 'en_breaker': False, 'breaker_swing_l': 12, 'en_cisd': False, 'k': 3, 'en_cap_bars': False, 'cap_1min': 898}.
[I 2026-07-13 14:00:02,013] Trial 876 finished with values: [782.4254983191349, -5992.347456856296, 39.65] and parameters: {'sl_soft': 65.14851803936261, 'sl_hard_delta': 11.390606241576373, 'tp': 202.23864775877112, 'gate_pct': 83.64801344627064, 'dd_limit': 284.21555044074455, 'cooldown': 0, 'flip': False, 'en_ema_trend': False, 'ema_trend_fast': 384, 'ema_trend_slow': 195, 'en_sma_trend': True, 'sma_trend_fast': 97, 'sma_trend_slow': 160, 'en_macd': False, 'macd_fast': 94, 'macd_slow': 4, 'macd_signal': 36, 'en_vwap': True, 'en_keltner': False, 'keltner_n': 49, 'keltner_m': 3.7, 'en_obv': False, 'obv_slope': 68, 'en_cci': True, 'cci_n': 141, 'cci_threshold': 255, 'en_rsi': True, 'rsi_n': 94, 'rsi_lower': 3, 'rsi_upper': 65, 'en_stochastic': True, 'stochastic_n': 82, 'stochastic_d': 15, 'stochastic_lower': 39, 'stochastic_upper': 93, 'en_mfi': True, 'mfi_n': 70, 'mfi_lower': 8, 'mfi_upper': 61, 'en_bollinger': False, 'bollinger_n': 108, 'bollinger_k': 4.1, 'en_adx': False, 'adx_n': 79, 'adx_threshold': 59, 'en_structure_trend': False, 'structure_trend_swing_l': 17, 'en_order_block': False, 'order_block_swing_l': 8, 'en_fvg': True, 'fvg_lookback': 11, 'en_ifvg': True, 'en_breaker': False, 'breaker_swing_l': 9, 'en_cisd': True, 'k': 3, 'en_cap_bars': False, 'cap_1min': 536}.
[I 2026-07-13 14:00:07,167] Trial 877 finished with values: [5344.25596148998, -10073.435523751468, 48.7] and parameters: {'sl_soft': 65.14851803936261, 'sl_hard_delta': 107.77325814821194, 'tp': 153.29255961489858, 'gate_pct': 85.18598170405104, 'dd_limit': 2056.379634857657, 'cooldown': 0, 'flip': False, 'en_ema_trend': False, 'ema_trend_fast': 26, 'ema_trend_slow': 125, 'en_sma_trend': True, 'sma_trend_fast': 97, 'sma_trend_slow': 265, 'en_macd': True, 'macd_fast': 24, 'macd_slow': 4, 'macd_signal': 36, 'en_vwap': False, 'en_keltner': False, 'keltner_n': 68, 'keltner_m': 1.5, 'en_obv': False, 'obv_slope': 148, 'en_cci': False, 'cci_n': 69, 'cci_threshold': 60, 'en_rsi': True, 'rsi_n': 95, 'rsi_lower': 18, 'rsi_upper': 99, 'en_stochastic': True, 'stochastic_n': 45, 'stochastic_d': 33, 'stochastic_lower': 14, 'stochastic_upper': 93, 'en_mfi': True, 'mfi_n': 42, 'mfi_lower': 19, 'mfi_upper': 61, 'en_bollinger': False, 'bollinger_n': 125, 'bollinger_k': 1.0, 'en_adx': False, 'adx_n': 30, 'adx_threshold': 26, 'en_structure_trend': False, 'structure_trend_swing_l': 19, 'en_order_block': True, 'order_block_swing_l': 10, 'en_fvg': True, 'fvg_lookback': 2, 'en_ifvg': False, 'en_breaker': False, 'breaker_swing_l': 18, 'en_cisd': False, 'k': 1, 'en_cap_bars': True, 'cap_1min': 536}.
[I 2026-07-13 14:00:13,270] Trial 878 finished with values: [2320.6144303330802, -4275.0, 70.7] and parameters: {'sl_soft': 149.03712664266078, 'sl_hard_delta': 107.77325814821194, 'tp': 53.005120252774546, 'gate_pct': 85.18598170405104, 'dd_limit': 2056.379634857657, 'cooldown': 0, 'flip': False, 'en_ema_trend': False, 'ema_trend_fast': 26, 'ema_trend_slow': 33, 'en_sma_trend': True, 'sma_trend_fast': 39, 'sma_trend_slow': 265, 'en_macd': False, 'macd_fast': 24, 'macd_slow': 65, 'macd_signal': 36, 'en_vwap': True, 'en_keltner': False, 'keltner_n': 49, 'keltner_m': 3.7, 'en_obv': False, 'obv_slope': 75, 'en_cci': True, 'cci_n': 71, 'cci_threshold': 255, 'en_rsi': True, 'rsi_n': 95, 'rsi_lower': 18, 'rsi_upper': 65, 'en_stochastic': True, 'stochastic_n': 45, 'stochastic_d': 15, 'stochastic_lower': 14, 'stochastic_upper': 63, 'en_mfi': True, 'mfi_n': 30, 'mfi_lower': 8, 'mfi_upper': 82, 'en_bollinger': False, 'bollinger_n': 125, 'bollinger_k': 4.1, 'en_adx': False, 'adx_n': 79, 'adx_threshold': 26, 'en_structure_trend': False, 'structure_trend_swing_l': 17, 'en_order_block': True, 'order_block_swing_l': 8, 'en_fvg': True, 'fvg_lookback': 11, 'en_ifvg': False, 'en_breaker': False, 'breaker_swing_l': 12, 'en_cisd': False, 'k': 5, 'en_cap_bars': True, 'cap_1min': 259}.
[I 2026-07-13 14:00:20,056] Trial 879 finished with values: [1785.150352181081, -35521.0006664964, 46.95] and parameters: {'sl_soft': 149.03712664266078, 'sl_hard_delta': 11.390606241576373, 'tp': 202.23864775877112, 'gate_pct': 89.05172352244134, 'dd_limit': 2056.379634857657, 'cooldown': 0, 'flip': False, 'en_ema_trend': False, 'ema_trend_fast': 384, 'ema_trend_slow': 150, 'en_sma_trend': False, 'sma_trend_fast': 97, 'sma_trend_slow': 383, 'en_macd': True, 'macd_fast': 64, 'macd_slow': 4, 'macd_signal': 59, 'en_vwap': True, 'en_keltner': True, 'keltner_n': 68, 'keltner_m': 3.8000000000000003, 'en_obv': False, 'obv_slope': 68, 'en_cci': False, 'cci_n': 24, 'cci_threshold': 160, 'en_rsi': True, 'rsi_n': 58, 'rsi_lower': 18, 'rsi_upper': 99, 'en_stochastic': True, 'stochastic_n': 45, 'stochastic_d': 32, 'stochastic_lower': 14, 'stochastic_upper': 93, 'en_mfi': True, 'mfi_n': 30, 'mfi_lower': 36, 'mfi_upper': 61, 'en_bollinger': False, 'bollinger_n': 125, 'bollinger_k': 1.0, 'en_adx': False, 'adx_n': 68, 'adx_threshold': 26, 'en_structure_trend': False, 'structure_trend_swing_l': 16, 'en_order_block': False, 'order_block_swing_l': 15, 'en_fvg': False, 'fvg_lookback': 2, 'en_ifvg': False, 'en_breaker': False, 'breaker_swing_l': 9, 'en_cisd': False, 'k': 1, 'en_cap_bars': False, 'cap_1min': 898}.
[I 2026-07-13 14:00:21,509] Trial 880 finished with values: [9123.557312335688, -4461.564971237531, 52.8] and parameters: {'sl_soft': 65.14851803936261, 'sl_hard_delta': 11.390606241576373, 'tp': 153.29255961489858, 'gate_pct': 90.58589496909323, 'dd_limit': 1999.8957659662658, 'cooldown': 0, 'flip': False, 'en_ema_trend': False, 'ema_trend_fast': 121, 'ema_trend_slow': 125, 'en_sma_trend': False, 'sma_trend_fast': 281, 'sma_trend_slow': 383, 'en_macd': True, 'macd_fast': 24, 'macd_slow': 45, 'macd_signal': 59, 'en_vwap': True, 'en_keltner': True, 'keltner_n': 162, 'keltner_m': 3.8000000000000003, 'en_obv': False, 'obv_slope': 101, 'en_cci': False, 'cci_n': 54, 'cci_threshold': 60, 'en_rsi': True, 'rsi_n': 95, 'rsi_lower': 18, 'rsi_upper': 99, 'en_stochastic': True, 'stochastic_n': 87, 'stochastic_d': 33, 'stochastic_lower': 14, 'stochastic_upper': 82, 'en_mfi': True, 'mfi_n': 47, 'mfi_lower': 16, 'mfi_upper': 59, 'en_bollinger': False, 'bollinger_n': 27, 'bollinger_k': 1.0, 'en_adx': False, 'adx_n': 12, 'adx_threshold': 26, 'en_structure_trend': False, 'structure_trend_swing_l': 5, 'en_order_block': True, 'order_block_swing_l': 3, 'en_fvg': False, 'fvg_lookback': 2, 'en_ifvg': True, 'en_breaker': False, 'breaker_swing_l': 9, 'en_cisd': False, 'k': 1, 'en_cap_bars': True, 'cap_1min': 536}.
[I 2026-07-13 14:00:27,412] Trial 881 finished with values: [5688.646600614193, -7473.522439756925, 43.95] and parameters: {'sl_soft': 65.14851803936261, 'sl_hard_delta': 8.589168958610905, 'tp': 202.23864775877112, 'gate_pct': 83.64801344627064, 'dd_limit': 284.21555044074455, 'cooldown': 0, 'flip': False, 'en_ema_trend': False, 'ema_trend_fast': 26, 'ema_trend_slow': 150, 'en_sma_trend': True, 'sma_trend_fast': 7, 'sma_trend_slow': 383, 'en_macd': False, 'macd_fast': 94, 'macd_slow': 4, 'macd_signal': 36, 'en_vwap': True, 'en_keltner': True, 'keltner_n': 49, 'keltner_m': 1.3, 'en_obv': False, 'obv_slope': 75, 'en_cci': False, 'cci_n': 71, 'cci_threshold': 160, 'en_rsi': True, 'rsi_n': 94, 'rsi_lower': 3, 'rsi_upper': 65, 'en_stochastic': True, 'stochastic_n': 77, 'stochastic_d': 15, 'stochastic_lower': 14, 'stochastic_upper': 93, 'en_mfi': True, 'mfi_n': 70, 'mfi_lower': 8, 'mfi_upper': 61, 'en_bollinger': False, 'bollinger_n': 125, 'bollinger_k': 4.1, 'en_adx': False, 'adx_n': 12, 'adx_threshold': 28, 'en_structure_trend': False, 'structure_trend_swing_l': 17, 'en_order_block': False, 'order_block_swing_l': 15, 'en_fvg': True, 'fvg_lookback': 2, 'en_ifvg': True, 'en_breaker': False, 'breaker_swing_l': 9, 'en_cisd': False, 'k': 3, 'en_cap_bars': False, 'cap_1min': 536}.
[I 2026-07-13 14:00:32,784] Trial 882 finished with values: [3733.8630263971936, -4386.564971237531, 66.4] and parameters: {'sl_soft': 65.14851803936261, 'sl_hard_delta': 11.390606241576373, 'tp': 53.005120252774546, 'gate_pct': 85.18598170405104, 'dd_limit': 2056.379634857657, 'cooldown': 0, 'flip': False, 'en_ema_trend': False, 'ema_trend_fast': 26, 'ema_trend_slow': 33, 'en_sma_trend': True, 'sma_trend_fast': 97, 'sma_trend_slow': 383, 'en_macd': True, 'macd_fast': 18, 'macd_slow': 91, 'macd_signal': 36, 'en_vwap': True, 'en_keltner': False, 'keltner_n': 68, 'keltner_m': 1.5, 'en_obv': False, 'obv_slope': 68, 'en_cci': False, 'cci_n': 69, 'cci_threshold': 60, 'en_rsi': True, 'rsi_n': 95, 'rsi_lower': 18, 'rsi_upper': 94, 'en_stochastic': True, 'stochastic_n': 87, 'stochastic_d': 33, 'stochastic_lower': 14, 'stochastic_upper': 63, 'en_mfi': True, 'mfi_n': 28, 'mfi_lower': 16, 'mfi_upper': 82, 'en_bollinger': False, 'bollinger_n': 125, 'bollinger_k': 2.9000000000000004, 'en_adx': False, 'adx_n': 30, 'adx_threshold': 26, 'en_structure_trend': False, 'structure_trend_swing_l': 5, 'en_order_block': True, 'order_block_swing_l': 15, 'en_fvg': True, 'fvg_lookback': 2, 'en_ifvg': False, 'en_breaker': False, 'breaker_swing_l': 18, 'en_cisd': False, 'k': 5, 'en_cap_bars': False, 'cap_1min': 536}.
