[I 2026-07-13 14:14:08,214] Trial 1507 finished with values: [5413.550481722341, -7807.109315369453, 73.85] and parameters: {'sl_soft': 149.03712664266078, 'sl_hard_delta': 11.390606241576373, 'tp': 53.005120252774546, 'gate_pct': 90.58589496909323, 'dd_limit': 1999.8957659662658, 'cooldown': 0, 'flip': False, 'en_ema_trend': False, 'ema_trend_fast': 121, 'ema_trend_slow': 274, 'en_sma_trend': False, 'sma_trend_fast': 97, 'sma_trend_slow': 265, 'en_macd': True, 'macd_fast': 18, 'macd_slow': 4, 'macd_signal': 36, 'en_vwap': True, 'en_keltner': False, 'keltner_n': 50, 'keltner_m': 1.5, 'en_obv': False, 'obv_slope': 148, 'en_cci': False, 'cci_n': 69, 'cci_threshold': 60, 'en_rsi': True, 'rsi_n': 95, 'rsi_lower': 18, 'rsi_upper': 99, 'en_stochastic': True, 'stochastic_n': 87, 'stochastic_d': 33, 'stochastic_lower': 14, 'stochastic_upper': 93, 'en_mfi': True, 'mfi_n': 47, 'mfi_lower': 16, 'mfi_upper': 61, 'en_bollinger': False, 'bollinger_n': 125, 'bollinger_k': 2.9000000000000004, 'en_adx': False, 'adx_n': 12, 'adx_threshold': 26, 'en_structure_trend': False, 'structure_trend_swing_l': 5, 'en_order_block': False, 'order_block_swing_l': 3, 'en_fvg': True, 'fvg_lookback': 2, 'en_ifvg': True, 'en_breaker': False, 'breaker_swing_l': 16, 'en_cisd': False, 'k': 1, 'en_cap_bars': True, 'cap_1min': 995}.
[I 2026-07-13 14:14:08,586] Trial 1508 finished with values: [3700.4203079474973, -2407.7965274410963, 72.1] and parameters: {'sl_soft': 101.80942719722671, 'sl_hard_delta': 11.390606241576373, 'tp': 53.005120252774546, 'gate_pct': 90.58589496909323, 'dd_limit': 1999.8957659662658, 'cooldown': 0, 'flip': False, 'en_ema_trend': True, 'ema_trend_fast': 352, 'ema_trend_slow': 129, 'en_sma_trend': False, 'sma_trend_fast': 97, 'sma_trend_slow': 265, 'en_macd': False, 'macd_fast': 52, 'macd_slow': 94, 'macd_signal': 60, 'en_vwap': True, 'en_keltner': False, 'keltner_n': 68, 'keltner_m': 3.8000000000000003, 'en_obv': True, 'obv_slope': 148, 'en_cci': True, 'cci_n': 69, 'cci_threshold': 80, 'en_rsi': True, 'rsi_n': 95, 'rsi_lower': 12, 'rsi_upper': 71, 'en_stochastic': True, 'stochastic_n': 87, 'stochastic_d': 27, 'stochastic_lower': 14, 'stochastic_upper': 92, 'en_mfi': True, 'mfi_n': 47, 'mfi_lower': 28, 'mfi_upper': 61, 'en_bollinger': False, 'bollinger_n': 125, 'bollinger_k': 3.4000000000000004, 'en_adx': False, 'adx_n': 68, 'adx_threshold': 32, 'en_structure_trend': True, 'structure_trend_swing_l': 7, 'en_order_block': False, 'order_block_swing_l': 15, 'en_fvg': True, 'fvg_lookback': 2, 'en_ifvg': True, 'en_breaker': False, 'breaker_swing_l': 3, 'en_cisd': False, 'k': 1, 'en_cap_bars': False, 'cap_1min': 536}.
[I 2026-07-13 14:14:08,985] Trial 1509 finished with values: [14387.607153787976, -4700.0, 67.95] and parameters: {'sl_soft': 65.14851803936261, 'sl_hard_delta': 194.09616735845105, 'tp': 153.29255961489858, 'gate_pct': 90.58589496909323, 'dd_limit': 2309.304895037253, 'cooldown': 0, 'flip': False, 'en_ema_trend': False, 'ema_trend_fast': 121, 'ema_trend_slow': 125, 'en_sma_trend': True, 'sma_trend_fast': 97, 'sma_trend_slow': 268, 'en_macd': True, 'macd_fast': 18, 'macd_slow': 91, 'macd_signal': 36, 'en_vwap': True, 'en_keltner': True, 'keltner_n': 68, 'keltner_m': 1.5, 'en_obv': False, 'obv_slope': 148, 'en_cci': False, 'cci_n': 69, 'cci_threshold': 60, 'en_rsi': True, 'rsi_n': 95, 'rsi_lower': 18, 'rsi_upper': 94, 'en_stochastic': True, 'stochastic_n': 87, 'stochastic_d': 33, 'stochastic_lower': 14, 'stochastic_upper': 93, 'en_mfi': True, 'mfi_n': 47, 'mfi_lower': 16, 'mfi_upper': 61, 'en_bollinger': False, 'bollinger_n': 125, 'bollinger_k': 2.9000000000000004, 'en_adx': False, 'adx_n': 12, 'adx_threshold': 26, 'en_structure_trend': False, 'structure_trend_swing_l': 5, 'en_order_block': True, 'order_block_swing_l': 3, 'en_fvg': True, 'fvg_lookback': 2, 'en_ifvg': True, 'en_breaker': True, 'breaker_swing_l': 16, 'en_cisd': False, 'k': 1, 'en_cap_bars': True, 'cap_1min': 995}.
[I 2026-07-13 14:14:09,351] Trial 1510 finished with values: [5756.758380722604, -11137.109315369453, 57.75] and parameters: {'sl_soft': 149.03712664266078, 'sl_hard_delta': 11.390606241576373, 'tp': 153.29255961489858, 'gate_pct': 85.18598170405104, 'dd_limit': 2309.304895037253, 'cooldown': 0, 'flip': False, 'en_ema_trend': True, 'ema_trend_fast': 26, 'ema_trend_slow': 150, 'en_sma_trend': False, 'sma_trend_fast': 97, 'sma_trend_slow': 268, 'en_macd': False, 'macd_fast': 64, 'macd_slow': 65, 'macd_signal': 36, 'en_vwap': True, 'en_keltner': False, 'keltner_n': 68, 'keltner_m': 3.8000000000000003, 'en_obv': True, 'obv_slope': 101, 'en_cci': False, 'cci_n': 69, 'cci_threshold': 60, 'en_rsi': True, 'rsi_n': 58, 'rsi_lower': 24, 'rsi_upper': 94, 'en_stochastic': True, 'stochastic_n': 87, 'stochastic_d': 27, 'stochastic_lower': 14, 'stochastic_upper': 96, 'en_mfi': True, 'mfi_n': 30, 'mfi_lower': 16, 'mfi_upper': 61, 'en_bollinger': False, 'bollinger_n': 125, 'bollinger_k': 0.6, 'en_adx': False, 'adx_n': 12, 'adx_threshold': 26, 'en_structure_trend': False, 'structure_trend_swing_l': 19, 'en_order_block': False, 'order_block_swing_l': 15, 'en_fvg': False, 'fvg_lookback': 2, 'en_ifvg': False, 'en_breaker': True, 'breaker_swing_l': 9, 'en_cisd': False, 'k': 1, 'en_cap_bars': True, 'cap_1min': 995}.
[I 2026-07-13 14:14:10,704] Trial 1511 finished with values: [4230.098741969741, -1736.031376726678, 79.45] and parameters: {'sl_soft': 65.14851803936261, 'sl_hard_delta': 21.653050796970884, 'tp': 53.005120252774546, 'gate_pct': 90.58589496909323, 'dd_limit': 1999.8957659662658, 'cooldown': 0, 'flip': False, 'en_ema_trend': False, 'ema_trend_fast': 352, 'ema_trend_slow': 125, 'en_sma_trend': True, 'sma_trend_fast': 248, 'sma_trend_slow': 383, 'en_macd': True, 'macd_fast': 44, 'macd_slow': 191, 'macd_signal': 36, 'en_vwap': True, 'en_keltner': False, 'keltner_n': 68, 'keltner_m': 3.8000000000000003, 'en_obv': True, 'obv_slope': 68, 'en_cci': False, 'cci_n': 69, 'cci_threshold': 60, 'en_rsi': True, 'rsi_n': 58, 'rsi_lower': 18, 'rsi_upper': 91, 'en_stochastic': True, 'stochastic_n': 87, 'stochastic_d': 33, 'stochastic_lower': 14, 'stochastic_upper': 63, 'en_mfi': True, 'mfi_n': 30, 'mfi_lower': 16, 'mfi_upper': 61, 'en_bollinger': False, 'bollinger_n': 125, 'bollinger_k': 1.0, 'en_adx': False, 'adx_n': 12, 'adx_threshold': 26, 'en_structure_trend': False, 'structure_trend_swing_l': 5, 'en_order_block': True, 'order_block_swing_l': 10, 'en_fvg': True, 'fvg_lookback': 2, 'en_ifvg': True, 'en_breaker': True, 'breaker_swing_l': 16, 'en_cisd': False, 'k': 1, 'en_cap_bars': True, 'cap_1min': 536}.
[I 2026-07-13 14:14:11,060] Trial 1512 finished with values: [16205.879904269277, -4700.0, 66.2] and parameters: {'sl_soft': 65.14851803936261, 'sl_hard_delta': 21.653050796970884, 'tp': 153.29255961489858, 'gate_pct': 90.58589496909323, 'dd_limit': 1999.8957659662658, 'cooldown': 0, 'flip': False, 'en_ema_trend': False, 'ema_trend_fast': 121, 'ema_trend_slow': 125, 'en_sma_trend': False, 'sma_trend_fast': 97, 'sma_trend_slow': 268, 'en_macd': True, 'macd_fast': 18, 'macd_slow': 91, 'macd_signal': 36, 'en_vwap': True, 'en_keltner': True, 'keltner_n': 68, 'keltner_m': 1.5, 'en_obv': False, 'obv_slope': 148, 'en_cci': False, 'cci_n': 49, 'cci_threshold': 60, 'en_rsi': True, 'rsi_n': 95, 'rsi_lower': 20, 'rsi_upper': 94, 'en_stochastic': True, 'stochastic_n': 87, 'stochastic_d': 33, 'stochastic_lower': 14, 'stochastic_upper': 93, 'en_mfi': True, 'mfi_n': 47, 'mfi_lower': 5, 'mfi_upper': 61, 'en_bollinger': False, 'bollinger_n': 125, 'bollinger_k': 2.9000000000000004, 'en_adx': False, 'adx_n': 12, 'adx_threshold': 26, 'en_structure_trend': False, 'structure_trend_swing_l': 5, 'en_order_block': True, 'order_block_swing_l': 15, 'en_fvg': True, 'fvg_lookback': 2, 'en_ifvg': True, 'en_breaker': True, 'breaker_swing_l': 16, 'en_cisd': False, 'k': 1, 'en_cap_bars': True, 'cap_1min': 995}.
[I 2026-07-13 14:14:17,175] Trial 1513 finished with values: [6181.809538383968, -12618.297615404008, 53.55] and parameters: {'sl_soft': 149.03712664266078, 'sl_hard_delta': 107.77325814821194, 'tp': 153.29255961489858, 'gate_pct': 86.68863637915473, 'dd_limit': 2056.379634857657, 'cooldown': 0, 'flip': False, 'en_ema_trend': False, 'ema_trend_fast': 121, 'ema_trend_slow': 150, 'en_sma_trend': False, 'sma_trend_fast': 97, 'sma_trend_slow': 383, 'en_macd': False, 'macd_fast': 39, 'macd_slow': 65, 'macd_signal': 59, 'en_vwap': True, 'en_keltner': False, 'keltner_n': 68, 'keltner_m': 3.8000000000000003, 'en_obv': False, 'obv_slope': 148, 'en_cci': False, 'cci_n': 69, 'cci_threshold': 80, 'en_rsi': True, 'rsi_n': 39, 'rsi_lower': 12, 'rsi_upper': 91, 'en_stochastic': True, 'stochastic_n': 86, 'stochastic_d': 29, 'stochastic_lower': 14, 'stochastic_upper': 92, 'en_mfi': True, 'mfi_n': 30, 'mfi_lower': 5, 'mfi_upper': 61, 'en_bollinger': False, 'bollinger_n': 125, 'bollinger_k': 2.9000000000000004, 'en_adx': False, 'adx_n': 37, 'adx_threshold': 26, 'en_structure_trend': False, 'structure_trend_swing_l': 5, 'en_order_block': True, 'order_block_swing_l': 15, 'en_fvg': True, 'fvg_lookback': 2, 'en_ifvg': False, 'en_breaker': False, 'breaker_swing_l': 16, 'en_cisd': False, 'k': 1, 'en_cap_bars': False, 'cap_1min': 536}.
[I 2026-07-13 14:14:18,411] Trial 1514 finished with values: [8275.183353235043, -5005.0, 57.8] and parameters: {'sl_soft': 65.14851803936261, 'sl_hard_delta': 194.09616735845105, 'tp': 126.77981503594646, 'gate_pct': 90.58589496909323, 'dd_limit': 1864.4467154956913, 'cooldown': 0, 'flip': False, 'en_ema_trend': False, 'ema_trend_fast': 121, 'ema_trend_slow': 129, 'en_sma_trend': True, 'sma_trend_fast': 97, 'sma_trend_slow': 268, 'en_macd': True, 'macd_fast': 79, 'macd_slow': 91, 'macd_signal': 36, 'en_vwap': True, 'en_keltner': True, 'keltner_n': 68, 'keltner_m': 1.5, 'en_obv': False, 'obv_slope': 148, 'en_cci': False, 'cci_n': 69, 'cci_threshold': 60, 'en_rsi': True, 'rsi_n': 95, 'rsi_lower': 18, 'rsi_upper': 94, 'en_stochastic': True, 'stochastic_n': 87, 'stochastic_d': 27, 'stochastic_lower': 14, 'stochastic_upper': 93, 'en_mfi': True, 'mfi_n': 47, 'mfi_lower': 16, 'mfi_upper': 61, 'en_bollinger': False, 'bollinger_n': 125, 'bollinger_k': 2.9000000000000004, 'en_adx': False, 'adx_n': 12, 'adx_threshold': 26, 'en_structure_trend': True, 'structure_trend_swing_l': 7, 'en_order_block': True, 'order_block_swing_l': 3, 'en_fvg': True, 'fvg_lookback': 2, 'en_ifvg': True, 'en_breaker': False, 'breaker_swing_l': 16, 'en_cisd': False, 'k': 1, 'en_cap_bars': True, 'cap_1min': 995}.
[I 2026-07-13 14:14:19,462] Trial 1515 pruned. 
[I 2026-07-13 14:14:19,670] Trial 1516 pruned. 
[I 2026-07-13 14:14:20,048] Trial 1517 finished with values: [13349.0089078878, -3696.5649712375307, 59.9] and parameters: {'sl_soft': 65.14851803936261, 'sl_hard_delta': 11.390606241576373, 'tp': 187.44956402418418, 'gate_pct': 90.58589496909323, 'dd_limit': 2309.304895037253, 'cooldown': 0, 'flip': False, 'en_ema_trend': False, 'ema_trend_fast': 121, 'ema_trend_slow': 125, 'en_sma_trend': True, 'sma_trend_fast': 97, 'sma_trend_slow': 11, 'en_macd': True, 'macd_fast': 24, 'macd_slow': 4, 'macd_signal': 36, 'en_vwap': True, 'en_keltner': True, 'keltner_n': 68, 'keltner_m': 1.5, 'en_obv': False, 'obv_slope': 148, 'en_cci': False, 'cci_n': 69, 'cci_threshold': 160, 'en_rsi': True, 'rsi_n': 95, 'rsi_lower': 18, 'rsi_upper': 94, 'en_stochastic': True, 'stochastic_n': 87, 'stochastic_d': 33, 'stochastic_lower': 14, 'stochastic_upper': 93, 'en_mfi': True, 'mfi_n': 47, 'mfi_lower': 16, 'mfi_upper': 61, 'en_bollinger': False, 'bollinger_n': 125, 'bollinger_k': 1.0, 'en_adx': False, 'adx_n': 12, 'adx_threshold': 26, 'en_structure_trend': False, 'structure_trend_swing_l': 5, 'en_order_block': True, 'order_block_swing_l': 3, 'en_fvg': True, 'fvg_lookback': 2, 'en_ifvg': True, 'en_breaker': True, 'breaker_swing_l': 9, 'en_cisd': False, 'k': 3, 'en_cap_bars': True, 'cap_1min': 536}.
[I 2026-07-13 14:14:20,339] Trial 1518 finished with values: [1598.2168353885936, -4709.897594944487, 60.95] and parameters: {'sl_soft': 65.14851803936261, 'sl_hard_delta': 107.77325814821194, 'tp': 53.005120252774546, 'gate_pct': 86.68863637915473, 'dd_limit': 1999.8957659662658, 'cooldown': 0, 'flip': False, 'en_ema_trend': False, 'ema_trend_fast': 352, 'ema_trend_slow': 33, 'en_sma_trend': False, 'sma_trend_fast': 12, 'sma_trend_slow': 265, 'en_macd': False, 'macd_fast': 44, 'macd_slow': 65, 'macd_signal': 36, 'en_vwap': True, 'en_keltner': False, 'keltner_n': 43, 'keltner_m': 1.5, 'en_obv': True, 'obv_slope': 68, 'en_cci': True, 'cci_n': 69, 'cci_threshold': 60, 'en_rsi': True, 'rsi_n': 58, 'rsi_lower': 12, 'rsi_upper': 99, 'en_stochastic': True, 'stochastic_n': 87, 'stochastic_d': 32, 'stochastic_lower': 14, 'stochastic_upper': 63, 'en_mfi': True, 'mfi_n': 30, 'mfi_lower': 16, 'mfi_upper': 59, 'en_bollinger': False, 'bollinger_n': 125, 'bollinger_k': 1.0, 'en_adx': False, 'adx_n': 68, 'adx_threshold': 32, 'en_structure_trend': True, 'structure_trend_swing_l': 5, 'en_order_block': False, 'order_block_swing_l': 15, 'en_fvg': False, 'fvg_lookback': 2, 'en_ifvg': False, 'en_breaker': True, 'breaker_swing_l': 9, 'en_cisd': False, 'k': 1, 'en_cap_bars': False, 'cap_1min': 898}.
[I 2026-07-13 14:14:20,936] Trial 1519 pruned. 
[I 2026-07-13 14:14:22,272] Trial 1520 finished with values: [20052.235134532966, -5265.0, 62.35] and parameters: {'sl_soft': 65.14851803936261, 'sl_hard_delta': 194.09616735845105, 'tp': 153.29255961489858, 'gate_pct': 89.05172352244134, 'dd_limit': 1999.8957659662658, 'cooldown': 0, 'flip': False, 'en_ema_trend': False, 'ema_trend_fast': 384, 'ema_trend_slow': 125, 'en_sma_trend': True, 'sma_trend_fast': 97, 'sma_trend_slow': 268, 'en_macd': True, 'macd_fast': 44, 'macd_slow': 164, 'macd_signal': 3, 'en_vwap': True, 'en_keltner': False, 'keltner_n': 68, 'keltner_m': 1.5, 'en_obv': False, 'obv_slope': 30, 'en_cci': False, 'cci_n': 69, 'cci_threshold': 60, 'en_rsi': False, 'rsi_n': 95, 'rsi_lower': 20, 'rsi_upper': 99, 'en_stochastic': True, 'stochastic_n': 87, 'stochastic_d': 33, 'stochastic_lower': 14, 'stochastic_upper': 92, 'en_mfi': True, 'mfi_n': 47, 'mfi_lower': 5, 'mfi_upper': 61, 'en_bollinger': False, 'bollinger_n': 125, 'bollinger_k': 0.6, 'en_adx': False, 'adx_n': 12, 'adx_threshold': 26, 'en_structure_trend': False, 'structure_trend_swing_l': 5, 'en_order_block': True, 'order_block_swing_l': 15, 'en_fvg': True, 'fvg_lookback': 2, 'en_ifvg': True, 'en_breaker': True, 'breaker_swing_l': 16, 'en_cisd': False, 'k': 2, 'en_cap_bars': False, 'cap_1min': 536}.
[I 2026-07-13 14:14:22,723] Trial 1521 finished with values: [6389.7885677686645, -5103.001337552123, 63.35] and parameters: {'sl_soft': 101.80942719722671, 'sl_hard_delta': 11.390606241576373, 'tp': 126.77981503594646, 'gate_pct': 90.58589496909323, 'dd_limit': 1864.4467154956913, 'cooldown': 0, 'flip': False, 'en_ema_trend': False, 'ema_trend_fast': 76, 'ema_trend_slow': 129, 'en_sma_trend': True, 'sma_trend_fast': 97, 'sma_trend_slow': 268, 'en_macd': True, 'macd_fast': 44, 'macd_slow': 91, 'macd_signal': 36, 'en_vwap': True, 'en_keltner': True, 'keltner_n': 68, 'keltner_m': 1.5, 'en_obv': True, 'obv_slope': 148, 'en_cci': False, 'cci_n': 69, 'cci_threshold': 60, 'en_rsi': True, 'rsi_n': 95, 'rsi_lower': 18, 'rsi_upper': 99, 'en_stochastic': True, 'stochastic_n': 87, 'stochastic_d': 33, 'stochastic_lower': 14, 'stochastic_upper': 93, 'en_mfi': True, 'mfi_n': 47, 'mfi_lower': 16, 'mfi_upper': 61, 'en_bollinger': False, 'bollinger_n': 125, 'bollinger_k': 2.9000000000000004, 'en_adx': False, 'adx_n': 12, 'adx_threshold': 32, 'en_structure_trend': True, 'structure_trend_swing_l': 5, 'en_order_block': True, 'order_block_swing_l': 15, 'en_fvg': True, 'fvg_lookback': 2, 'en_ifvg': True, 'en_breaker': True, 'breaker_swing_l': 11, 'en_cisd': False, 'k': 1, 'en_cap_bars': True, 'cap_1min': 536}.
[I 2026-07-13 14:14:23,053] Trial 1522 pruned. 
[I 2026-07-13 14:14:23,377] Trial 1523 finished with values: [10677.099303638024, -9946.448896797738, 80.35] and parameters: {'sl_soft': 101.80942719722671, 'sl_hard_delta': 107.77325814821194, 'tp': 53.005120252774546, 'gate_pct': 85.18598170405104, 'dd_limit': 2056.379634857657, 'cooldown': 0, 'flip': False, 'en_ema_trend': False, 'ema_trend_fast': 26, 'ema_trend_slow': 125, 'en_sma_trend': False, 'sma_trend_fast': 97, 'sma_trend_slow': 265, 'en_macd': False, 'macd_fast': 24, 'macd_slow': 65, 'macd_signal': 60, 'en_vwap': True, 'en_keltner': False, 'keltner_n': 68, 'keltner_m': 3.8000000000000003, 'en_obv': False, 'obv_slope': 30, 'en_cci': False, 'cci_n': 69, 'cci_threshold': 60, 'en_rsi': True, 'rsi_n': 39, 'rsi_lower': 13, 'rsi_upper': 71, 'en_stochastic': True, 'stochastic_n': 87, 'stochastic_d': 27, 'stochastic_lower': 14, 'stochastic_upper': 93, 'en_mfi': True, 'mfi_n': 30, 'mfi_lower': 5, 'mfi_upper': 61, 'en_bollinger': False, 'bollinger_n': 125, 'bollinger_k': 3.4000000000000004, 'en_adx': False, 'adx_n': 68, 'adx_threshold': 32, 'en_structure_trend': False, 'structure_trend_swing_l': 5, 'en_order_block': False, 'order_block_swing_l': 10, 'en_fvg': False, 'fvg_lookback': 36, 'en_ifvg': False, 'en_breaker': False, 'breaker_swing_l': 12, 'en_cisd': False, 'k': 1, 'en_cap_bars': False, 'cap_1min': 536}.
[I 2026-07-13 14:14:23,688] Trial 1524 finished with values: [13299.25596148998, -5265.0, 62.75] and parameters: {'sl_soft': 65.14851803936261, 'sl_hard_delta': 194.09616735845105, 'tp': 153.29255961489858, 'gate_pct': 89.05172352244134, 'dd_limit': 2309.304895037253, 'cooldown': 0, 'flip': False, 'en_ema_trend': False, 'ema_trend_fast': 121, 'ema_trend_slow': 125, 'en_sma_trend': True, 'sma_trend_fast': 97, 'sma_trend_slow': 383, 'en_macd': True, 'macd_fast': 18, 'macd_slow': 91, 'macd_signal': 6, 'en_vwap': True, 'en_keltner': True, 'keltner_n': 68, 'keltner_m': 3.8000000000000003, 'en_obv': False, 'obv_slope': 30, 'en_cci': False, 'cci_n': 49, 'cci_threshold': 60, 'en_rsi': False, 'rsi_n': 95, 'rsi_lower': 2, 'rsi_upper': 94, 'en_stochastic': True, 'stochastic_n': 87, 'stochastic_d': 33, 'stochastic_lower': 14, 'stochastic_upper': 93, 'en_mfi': True, 'mfi_n': 47, 'mfi_lower': 5, 'mfi_upper': 61, 'en_bollinger': False, 'bollinger_n': 125, 'bollinger_k': 0.6, 'en_adx': False, 'adx_n': 12, 'adx_threshold': 26, 'en_structure_trend': False, 'structure_trend_swing_l': 5, 'en_order_block': True, 'order_block_swing_l': 15, 'en_fvg': True, 'fvg_lookback': 2, 'en_ifvg': True, 'en_breaker': True, 'breaker_swing_l': 16, 'en_cisd': False, 'k': 1, 'en_cap_bars': True, 'cap_1min': 536}.
[I 2026-07-13 14:14:29,546] Trial 1525 finished with values: [3192.594792045238, -9169.590379777947, 69.75] and parameters: {'sl_soft': 101.80942719722671, 'sl_hard_delta': 107.77325814821194, 'tp': 53.005120252774546, 'gate_pct': 90.58589496909323, 'dd_limit': 1999.8957659662658, 'cooldown': 0, 'flip': False, 'en_ema_trend': False, 'ema_trend_fast': 121, 'ema_trend_slow': 33, 'en_sma_trend': False, 'sma_trend_fast': 12, 'sma_trend_slow': 365, 'en_macd': False, 'macd_fast': 44, 'macd_slow': 65, 'macd_signal': 60, 'en_vwap': True, 'en_keltner': True, 'keltner_n': 68, 'keltner_m': 1.5, 'en_obv': True, 'obv_slope': 148, 'en_cci': False, 'cci_n': 24, 'cci_threshold': 75, 'en_rsi': True, 'rsi_n': 95, 'rsi_lower': 18, 'rsi_upper': 99, 'en_stochastic': True, 'stochastic_n': 39, 'stochastic_d': 33, 'stochastic_lower': 14, 'stochastic_upper': 92, 'en_mfi': True, 'mfi_n': 47, 'mfi_lower': 16, 'mfi_upper': 61, 'en_bollinger': False, 'bollinger_n': 125, 'bollinger_k': 2.9000000000000004, 'en_adx': False, 'adx_n': 12, 'adx_threshold': 32, 'en_structure_trend': True, 'structure_trend_swing_l': 5, 'en_order_block': False, 'order_block_swing_l': 10, 'en_fvg': True, 'fvg_lookback': 6, 'en_ifvg': False, 'en_breaker': True, 'breaker_swing_l': 3, 'en_cisd': False, 'k': 1, 'en_cap_bars': False, 'cap_1min': 536}.
[I 2026-07-13 14:14:31,065] Trial 1526 pruned. 
[I 2026-07-13 14:14:31,346] Trial 1527 finished with values: [3901.372610792532, -8184.407043161409, 50.900000000000006] and parameters: {'sl_soft': 101.80942719722671, 'sl_hard_delta': 11.390606241576373, 'tp': 126.77981503594646, 'gate_pct': 90.58589496909323, 'dd_limit': 1864.4467154956913, 'cooldown': 0, 'flip': False, 'en_ema_trend': False, 'ema_trend_fast': 352, 'ema_trend_slow': 33, 'en_sma_trend': False, 'sma_trend_fast': 97, 'sma_trend_slow': 268, 'en_macd': False, 'macd_fast': 39, 'macd_slow': 4, 'macd_signal': 38, 'en_vwap': True, 'en_keltner': False, 'keltner_n': 43, 'keltner_m': 3.8000000000000003, 'en_obv': True, 'obv_slope': 34, 'en_cci': False, 'cci_n': 35, 'cci_threshold': 80, 'en_rsi': True, 'rsi_n': 95, 'rsi_lower': 18, 'rsi_upper': 99, 'en_stochastic': True, 'stochastic_n': 87, 'stochastic_d': 27, 'stochastic_lower': 25, 'stochastic_upper': 99, 'en_mfi': True, 'mfi_n': 47, 'mfi_lower': 16, 'mfi_upper': 61, 'en_bollinger': False, 'bollinger_n': 125, 'bollinger_k': 2.8000000000000003, 'en_adx': False, 'adx_n': 12, 'adx_threshold': 32, 'en_structure_trend': True, 'structure_trend_swing_l': 13, 'en_order_block': False, 'order_block_swing_l': 15, 'en_fvg': True, 'fvg_lookback': 6, 'en_ifvg': False, 'en_breaker': False, 'breaker_swing_l': 16, 'en_cisd': False, 'k': 1, 'en_cap_bars': False, 'cap_1min': 898}.
