[I 2026-07-13 13:35:02,472] Trial 180 finished with values: [263.78418196738494, -28513.191221489615, 48.3] and parameters: {'sl_soft': 148.3954319373133, 'sl_hard_delta': 114.372243007244, 'tp': 164.62526293820986, 'gate_pct': 98.72479828405353, 'dd_limit': 4890.874296331272, 'cooldown': 1, 'flip': True, 'en_ema_trend': True, 'ema_trend_fast': 81, 'ema_trend_slow': 391, 'en_sma_trend': True, 'sma_trend_fast': 382, 'sma_trend_slow': 115, 'en_macd': True, 'macd_fast': 10, 'macd_slow': 23, 'macd_signal': 71, 'en_vwap': False, 'en_keltner': False, 'keltner_n': 146, 'keltner_m': 2.3, 'en_obv': False, 'obv_slope': 105, 'en_cci': True, 'cci_n': 67, 'cci_threshold': 30, 'en_rsi': False, 'rsi_n': 71, 'rsi_lower': 8, 'rsi_upper': 59, 'en_stochastic': False, 'stochastic_n': 71, 'stochastic_d': 41, 'stochastic_lower': 2, 'stochastic_upper': 79, 'en_mfi': False, 'mfi_n': 94, 'mfi_lower': 43, 'mfi_upper': 66, 'en_bollinger': True, 'bollinger_n': 37, 'bollinger_k': 3.7, 'en_adx': False, 'adx_n': 53, 'adx_threshold': 43, 'en_structure_trend': True, 'structure_trend_swing_l': 16, 'en_order_block': False, 'order_block_swing_l': 19, 'en_fvg': True, 'fvg_lookback': 20, 'en_ifvg': False, 'en_breaker': True, 'breaker_swing_l': 7, 'en_cisd': True, 'k': 5, 'en_cap_bars': True, 'cap_1min': 686}.
[I 2026-07-13 13:35:03,397] Trial 181 pruned. 
[I 2026-07-13 13:35:05,207] Trial 182 pruned. 
[I 2026-07-13 13:35:06,507] Trial 183 pruned. 
[I 2026-07-13 13:35:07,424] Trial 184 pruned. 
[I 2026-07-13 13:35:08,349] Trial 185 pruned. 
[I 2026-07-13 13:35:11,152] Trial 186 pruned. 
[I 2026-07-13 13:35:14,817] Trial 187 pruned. 
[I 2026-07-13 13:35:15,797] Trial 188 pruned. 
[I 2026-07-13 13:35:17,054] Trial 189 pruned. 
[I 2026-07-13 13:35:20,031] Trial 190 pruned. 
[I 2026-07-13 13:35:20,753] Trial 191 pruned. 
[I 2026-07-13 13:35:21,545] Trial 192 pruned. 
[I 2026-07-13 13:35:21,698] Trial 193 pruned. 
[I 2026-07-13 13:35:23,116] Trial 194 pruned. 
[I 2026-07-13 13:35:24,508] Trial 195 pruned. 
[I 2026-07-13 13:35:25,272] Trial 196 pruned. 
[I 2026-07-13 13:35:27,423] Trial 197 pruned. 
[I 2026-07-13 13:35:28,227] Trial 198 pruned. 
[I 2026-07-13 13:35:40,997] Trial 199 finished with values: [511.97820507153665, -13933.435457965898, 46.1] and parameters: {'sl_soft': 73.42847670793985, 'sl_hard_delta': 31.628208290689052, 'tp': 168.13491210033266, 'gate_pct': 94.5832156131506, 'dd_limit': 4551.024770262694, 'cooldown': 0, 'flip': True, 'en_ema_trend': False, 'ema_trend_fast': 205, 'ema_trend_slow': 187, 'en_sma_trend': True, 'sma_trend_fast': 360, 'sma_trend_slow': 50, 'en_macd': True, 'macd_fast': 54, 'macd_slow': 89, 'macd_signal': 91, 'en_vwap': True, 'en_keltner': False, 'keltner_n': 163, 'keltner_m': 3.3000000000000003, 'en_obv': False, 'obv_slope': 82, 'en_cci': False, 'cci_n': 32, 'cci_threshold': 190, 'en_rsi': True, 'rsi_n': 94, 'rsi_lower': 43, 'rsi_upper': 70, 'en_stochastic': True, 'stochastic_n': 46, 'stochastic_d': 28, 'stochastic_lower': 20, 'stochastic_upper': 72, 'en_mfi': True, 'mfi_n': 7, 'mfi_lower': 12, 'mfi_upper': 58, 'en_bollinger': True, 'bollinger_n': 15, 'bollinger_k': 2.8000000000000003, 'en_adx': True, 'adx_n': 52, 'adx_threshold': 8, 'en_structure_trend': False, 'structure_trend_swing_l': 14, 'en_order_block': False, 'order_block_swing_l': 18, 'en_fvg': False, 'fvg_lookback': 34, 'en_ifvg': False, 'en_breaker': False, 'breaker_swing_l': 3, 'en_cisd': False, 'k': 1, 'en_cap_bars': True, 'cap_1min': 456}.
[I 2026-07-13 13:35:41,143] Trial 200 pruned. 
[I 2026-07-13 13:35:42,523] Trial 201 pruned. 
[I 2026-07-13 13:35:43,900] Trial 202 pruned. 
[I 2026-07-13 13:35:45,301] Trial 203 pruned. 
[I 2026-07-13 13:35:49,277] Trial 204 pruned. 
[I 2026-07-13 13:35:51,834] Trial 205 pruned. 
[I 2026-07-13 13:35:53,217] Trial 206 pruned. 
[I 2026-07-13 13:35:54,396] Trial 207 pruned. 
[I 2026-07-13 13:35:55,598] Trial 208 pruned. 
[I 2026-07-13 13:35:56,087] Trial 209 pruned. 
[I 2026-07-13 13:35:59,003] Trial 210 finished with values: [-3040.3560275495693, -13729.893028347069, 67.75] and parameters: {'sl_soft': 69.75795000430243, 'sl_hard_delta': 134.21496081617704, 'tp': 36.41124113595522, 'gate_pct': 93.79805140335328, 'dd_limit': 266.3291700773685, 'cooldown': 0, 'flip': True, 'en_ema_trend': False, 'ema_trend_fast': 77, 'ema_trend_slow': 100, 'en_sma_trend': False, 'sma_trend_fast': 289, 'sma_trend_slow': 290, 'en_macd': True, 'macd_fast': 2, 'macd_slow': 132, 'macd_signal': 19, 'en_vwap': True, 'en_keltner': True, 'keltner_n': 72, 'keltner_m': 3.0, 'en_obv': True, 'obv_slope': 93, 'en_cci': False, 'cci_n': 51, 'cci_threshold': 265, 'en_rsi': False, 'rsi_n': 66, 'rsi_lower': 15, 'rsi_upper': 54, 'en_stochastic': False, 'stochastic_n': 6, 'stochastic_d': 20, 'stochastic_lower': 21, 'stochastic_upper': 69, 'en_mfi': False, 'mfi_n': 51, 'mfi_lower': 27, 'mfi_upper': 80, 'en_bollinger': False, 'bollinger_n': 86, 'bollinger_k': 2.4000000000000004, 'en_adx': False, 'adx_n': 98, 'adx_threshold': 27, 'en_structure_trend': False, 'structure_trend_swing_l': 4, 'en_order_block': False, 'order_block_swing_l': 18, 'en_fvg': True, 'fvg_lookback': 14, 'en_ifvg': False, 'en_breaker': False, 'breaker_swing_l': 20, 'en_cisd': False, 'k': 4, 'en_cap_bars': True, 'cap_1min': 693}.
[I 2026-07-13 13:36:03,187] Trial 211 pruned. 
[I 2026-07-13 13:36:03,299] Trial 212 pruned. 
[I 2026-07-13 13:36:03,995] Trial 213 pruned. 
[I 2026-07-13 13:36:07,312] Trial 214 pruned. 
[I 2026-07-13 13:36:10,158] Trial 215 finished with values: [-4691.387682475506, -14182.595754640424, 52.15] and parameters: {'sl_soft': 85.1613586715823, 'sl_hard_delta': 152.13890085488845, 'tp': 64.73409435889147, 'gate_pct': 80.24193898753819, 'dd_limit': 2681.064700555114, 'cooldown': 0, 'flip': False, 'en_ema_trend': False, 'ema_trend_fast': 91, 'ema_trend_slow': 109, 'en_sma_trend': True, 'sma_trend_fast': 139, 'sma_trend_slow': 109, 'en_macd': False, 'macd_fast': 6, 'macd_slow': 105, 'macd_signal': 87, 'en_vwap': True, 'en_keltner': True, 'keltner_n': 190, 'keltner_m': 4.7, 'en_obv': True, 'obv_slope': 53, 'en_cci': False, 'cci_n': 102, 'cci_threshold': 65, 'en_rsi': True, 'rsi_n': 73, 'rsi_lower': 11, 'rsi_upper': 69, 'en_stochastic': False, 'stochastic_n': 84, 'stochastic_d': 47, 'stochastic_lower': 2, 'stochastic_upper': 91, 'en_mfi': False, 'mfi_n': 61, 'mfi_lower': 13, 'mfi_upper': 78, 'en_bollinger': False, 'bollinger_n': 161, 'bollinger_k': 1.0, 'en_adx': False, 'adx_n': 19, 'adx_threshold': 55, 'en_structure_trend': False, 'structure_trend_swing_l': 19, 'en_order_block': False, 'order_block_swing_l': 10, 'en_fvg': False, 'fvg_lookback': 28, 'en_ifvg': True, 'en_breaker': True, 'breaker_swing_l': 3, 'en_cisd': True, 'k': 2, 'en_cap_bars': True, 'cap_1min': 1333}.
[I 2026-07-13 13:36:10,311] Trial 216 pruned. 
[I 2026-07-13 13:36:11,125] Trial 217 pruned. 
[I 2026-07-13 13:36:19,552] Trial 218 finished with values: [3008.5018553595, -10393.350161542476, 75.6] and parameters: {'sl_soft': 124.70386115001291, 'sl_hard_delta': 82.20075831395636, 'tp': 45.94586542540865, 'gate_pct': 79.12027635095406, 'dd_limit': 2295.487258231698, 'cooldown': 2, 'flip': True, 'en_ema_trend': True, 'ema_trend_fast': 373, 'ema_trend_slow': 316, 'en_sma_trend': False, 'sma_trend_fast': 221, 'sma_trend_slow': 357, 'en_macd': False, 'macd_fast': 9, 'macd_slow': 15, 'macd_signal': 47, 'en_vwap': False, 'en_keltner': True, 'keltner_n': 142, 'keltner_m': 1.6, 'en_obv': True, 'obv_slope': 182, 'en_cci': True, 'cci_n': 198, 'cci_threshold': 170, 'en_rsi': False, 'rsi_n': 77, 'rsi_lower': 40, 'rsi_upper': 86, 'en_stochastic': True, 'stochastic_n': 75, 'stochastic_d': 14, 'stochastic_lower': 8, 'stochastic_upper': 95, 'en_mfi': False, 'mfi_n': 92, 'mfi_lower': 1, 'mfi_upper': 62, 'en_bollinger': False, 'bollinger_n': 125, 'bollinger_k': 4.300000000000001, 'en_adx': False, 'adx_n': 97, 'adx_threshold': 59, 'en_structure_trend': False, 'structure_trend_swing_l': 7, 'en_order_block': False, 'order_block_swing_l': 3, 'en_fvg': False, 'fvg_lookback': 28, 'en_ifvg': False, 'en_breaker': True, 'breaker_swing_l': 15, 'en_cisd': True, 'k': 4, 'en_cap_bars': True, 'cap_1min': 948}.
[I 2026-07-13 13:36:20,392] Trial 219 pruned. 
[I 2026-07-13 13:36:20,959] Trial 220 pruned. 
[I 2026-07-13 13:36:22,415] Trial 221 pruned. 
[I 2026-07-13 13:36:23,266] Trial 222 pruned. 
[I 2026-07-13 13:36:24,149] Trial 223 pruned. 
[I 2026-07-13 13:36:24,617] Trial 224 pruned. 
[I 2026-07-13 13:36:32,918] Trial 225 finished with values: [-14090.369733458501, -18145.223644433136, 20.85] and parameters: {'sl_soft': 62.53149506812045, 'sl_hard_delta': 169.41610493856376, 'tp': 171.6194088891699, 'gate_pct': 70.9400490465145, 'dd_limit': 4414.917691135344, 'cooldown': 0, 'flip': True, 'en_ema_trend': False, 'ema_trend_fast': 145, 'ema_trend_slow': 280, 'en_sma_trend': False, 'sma_trend_fast': 72, 'sma_trend_slow': 277, 'en_macd': True, 'macd_fast': 40, 'macd_slow': 164, 'macd_signal': 86, 'en_vwap': False, 'en_keltner': False, 'keltner_n': 170, 'keltner_m': 2.2, 'en_obv': False, 'obv_slope': 92, 'en_cci': False, 'cci_n': 72, 'cci_threshold': 25, 'en_rsi': True, 'rsi_n': 94, 'rsi_lower': 39, 'rsi_upper': 69, 'en_stochastic': True, 'stochastic_n': 94, 'stochastic_d': 39, 'stochastic_lower': 2, 'stochastic_upper': 81, 'en_mfi': True, 'mfi_n': 68, 'mfi_lower': 25, 'mfi_upper': 87, 'en_bollinger': True, 'bollinger_n': 118, 'bollinger_k': 4.7, 'en_adx': False, 'adx_n': 90, 'adx_threshold': 14, 'en_structure_trend': True, 'structure_trend_swing_l': 18, 'en_order_block': False, 'order_block_swing_l': 2, 'en_fvg': True, 'fvg_lookback': 1, 'en_ifvg': False, 'en_breaker': False, 'breaker_swing_l': 8, 'en_cisd': False, 'k': 2, 'en_cap_bars': True, 'cap_1min': 975}.
[I 2026-07-13 13:36:34,689] Trial 226 pruned. 
[I 2026-07-13 13:36:42,773] Trial 227 finished with values: [1707.272955175431, -6175.283015828245, 31.1] and parameters: {'sl_soft': 31.115146080326227, 'sl_hard_delta': 161.64900471108456, 'tp': 202.23864775877112, 'gate_pct': 89.05172352244134, 'dd_limit': 284.21555044074455, 'cooldown': 2, 'flip': False, 'en_ema_trend': True, 'ema_trend_fast': 77, 'ema_trend_slow': 129, 'en_sma_trend': False, 'sma_trend_fast': 305, 'sma_trend_slow': 160, 'en_macd': True, 'macd_fast': 98, 'macd_slow': 94, 'macd_signal': 30, 'en_vwap': True, 'en_keltner': False, 'keltner_n': 49, 'keltner_m': 4.1, 'en_obv': False, 'obv_slope': 30, 'en_cci': False, 'cci_n': 71, 'cci_threshold': 255, 'en_rsi': False, 'rsi_n': 58, 'rsi_lower': 9, 'rsi_upper': 60, 'en_stochastic': True, 'stochastic_n': 35, 'stochastic_d': 27, 'stochastic_lower': 14, 'stochastic_upper': 82, 'en_mfi': False, 'mfi_n': 58, 'mfi_lower': 19, 'mfi_upper': 87, 'en_bollinger': False, 'bollinger_n': 108, 'bollinger_k': 0.6, 'en_adx': False, 'adx_n': 29, 'adx_threshold': 32, 'en_structure_trend': False, 'structure_trend_swing_l': 16, 'en_order_block': False, 'order_block_swing_l': 19, 'en_fvg': True, 'fvg_lookback': 25, 'en_ifvg': True, 'en_breaker': False, 'breaker_swing_l': 12, 'en_cisd': True, 'k': 3, 'en_cap_bars': False, 'cap_1min': 522}.
[I 2026-07-13 13:36:42,959] Trial 228 pruned. 
[I 2026-07-13 13:36:44,070] Trial 229 pruned. 
[I 2026-07-13 13:36:45,033] Trial 230 pruned. 
[I 2026-07-13 13:36:48,119] Trial 231 finished with values: [2528.1882146393764, -16382.771658776328, 72.05000000000001] and parameters: {'sl_soft': 101.80942719722671, 'sl_hard_delta': 15.906489533621171, 'tp': 44.80474312052449, 'gate_pct': 85.18598170405104, 'dd_limit': 885.8973854163165, 'cooldown': 0, 'flip': False, 'en_ema_trend': True, 'ema_trend_fast': 384, 'ema_trend_slow': 150, 'en_sma_trend': False, 'sma_trend_fast': 265, 'sma_trend_slow': 383, 'en_macd': False, 'macd_fast': 49, 'macd_slow': 56, 'macd_signal': 60, 'en_vwap': True, 'en_keltner': True, 'keltner_n': 48, 'keltner_m': 3.8000000000000003, 'en_obv': True, 'obv_slope': 68, 'en_cci': True, 'cci_n': 141, 'cci_threshold': 160, 'en_rsi': True, 'rsi_n': 13, 'rsi_lower': 24, 'rsi_upper': 65, 'en_stochastic': False, 'stochastic_n': 86, 'stochastic_d': 11, 'stochastic_lower': 4, 'stochastic_upper': 92, 'en_mfi': True, 'mfi_n': 46, 'mfi_lower': 28, 'mfi_upper': 75, 'en_bollinger': False, 'bollinger_n': 22, 'bollinger_k': 3.4000000000000004, 'en_adx': False, 'adx_n': 68, 'adx_threshold': 33, 'en_structure_trend': False, 'structure_trend_swing_l': 20, 'en_order_block': False, 'order_block_swing_l': 2, 'en_fvg': True, 'fvg_lookback': 41, 'en_ifvg': False, 'en_breaker': False, 'breaker_swing_l': 3, 'en_cisd': False, 'k': 5, 'en_cap_bars': False, 'cap_1min': 898}.
[I 2026-07-13 13:36:49,398] Trial 232 pruned. 
[I 2026-07-13 13:36:50,303] Trial 233 pruned. 
[I 2026-07-13 13:36:51,216] Trial 234 pruned. 
[I 2026-07-13 13:36:52,245] Trial 235 pruned. 
[I 2026-07-13 13:36:54,809] Trial 236 finished with values: [-1197.5363417244807, -10580.0, 38.099999999999994] and parameters: {'sl_soft': 118.04678972205463, 'sl_hard_delta': 194.2787420805214, 'tp': 162.74909145688645, 'gate_pct': 55.54604922689242, 'dd_limit': 1248.0958075816245, 'cooldown': 0, 'flip': False, 'en_ema_trend': True, 'ema_trend_fast': 249, 'ema_trend_slow': 337, 'en_sma_trend': False, 'sma_trend_fast': 299, 'sma_trend_slow': 378, 'en_macd': True, 'macd_fast': 13, 'macd_slow': 187, 'macd_signal': 30, 'en_vwap': True, 'en_keltner': False, 'keltner_n': 60, 'keltner_m': 3.6, 'en_obv': True, 'obv_slope': 13, 'en_cci': True, 'cci_n': 46, 'cci_threshold': 20, 'en_rsi': False, 'rsi_n': 93, 'rsi_lower': 44, 'rsi_upper': 89, 'en_stochastic': False, 'stochastic_n': 64, 'stochastic_d': 26, 'stochastic_lower': 15, 'stochastic_upper': 90, 'en_mfi': False, 'mfi_n': 33, 'mfi_lower': 31, 'mfi_upper': 89, 'en_bollinger': False, 'bollinger_n': 7, 'bollinger_k': 3.0, 'en_adx': False, 'adx_n': 34, 'adx_threshold': 42, 'en_structure_trend': False, 'structure_trend_swing_l': 17, 'en_order_block': False, 'order_block_swing_l': 5, 'en_fvg': True, 'fvg_lookback': 11, 'en_ifvg': True, 'en_breaker': True, 'breaker_swing_l': 11, 'en_cisd': True, 'k': 5, 'en_cap_bars': False, 'cap_1min': 782}.
[I 2026-07-13 13:36:56,333] Trial 237 pruned. 
[I 2026-07-13 13:36:57,273] Trial 238 pruned. 
[I 2026-07-13 13:36:58,549] Trial 239 pruned. 
[I 2026-07-13 13:36:58,687] Trial 240 pruned. 
[I 2026-07-13 13:37:00,358] Trial 241 pruned. 
[I 2026-07-13 13:37:01,809] Trial 242 pruned. 
[I 2026-07-13 13:37:08,848] Trial 243 finished with values: [-6121.106920368875, -12977.049347862558, 47.25] and parameters: {'sl_soft': 119.43920597580731, 'sl_hard_delta': 172.48163639275, 'tp': 86.04917753562543, 'gate_pct': 76.97662112798537, 'dd_limit': 2805.5228838259554, 'cooldown': 2, 'flip': True, 'en_ema_trend': False, 'ema_trend_fast': 290, 'ema_trend_slow': 380, 'en_sma_trend': True, 'sma_trend_fast': 45, 'sma_trend_slow': 307, 'en_macd': False, 'macd_fast': 60, 'macd_slow': 5, 'macd_signal': 72, 'en_vwap': True, 'en_keltner': False, 'keltner_n': 3, 'keltner_m': 4.6000000000000005, 'en_obv': True, 'obv_slope': 56, 'en_cci': True, 'cci_n': 3, 'cci_threshold': 220, 'en_rsi': False, 'rsi_n': 71, 'rsi_lower': 28, 'rsi_upper': 73, 'en_stochastic': False, 'stochastic_n': 62, 'stochastic_d': 40, 'stochastic_lower': 48, 'stochastic_upper': 81, 'en_mfi': False, 'mfi_n': 51, 'mfi_lower': 49, 'mfi_upper': 72, 'en_bollinger': False, 'bollinger_n': 181, 'bollinger_k': 3.0, 'en_adx': True, 'adx_n': 62, 'adx_threshold': 12, 'en_structure_trend': False, 'structure_trend_swing_l': 7, 'en_order_block': False, 'order_block_swing_l': 15, 'en_fvg': True, 'fvg_lookback': 28, 'en_ifvg': False, 'en_breaker': False, 'breaker_swing_l': 6, 'en_cisd': True, 'k': 2, 'en_cap_bars': False, 'cap_1min': 1263}.
[I 2026-07-13 13:37:09,846] Trial 244 pruned. 
[I 2026-07-13 13:37:10,307] Trial 245 pruned. 
[I 2026-07-13 13:37:15,191] Trial 246 pruned. 
[I 2026-07-13 13:37:17,182] Trial 247 pruned. 
[I 2026-07-13 13:37:17,413] Trial 248 pruned. 
[I 2026-07-13 13:37:17,849] Trial 249 pruned. 
[I 2026-07-13 13:37:21,311] Trial 250 finished with values: [-524.855842607576, -7065.366497665091, 42.2] and parameters: {'sl_soft': 39.05672591876598, 'sl_hard_delta': 84.18444154230072, 'tp': 90.22284257781136, 'gate_pct': 97.49754431689279, 'dd_limit': 2398.5143331679824, 'cooldown': 2, 'flip': True, 'en_ema_trend': True, 'ema_trend_fast': 77, 'ema_trend_slow': 159, 'en_sma_trend': True, 'sma_trend_fast': 161, 'sma_trend_slow': 371, 'en_macd': False, 'macd_fast': 13, 'macd_slow': 105, 'macd_signal': 84, 'en_vwap': True, 'en_keltner': True, 'keltner_n': 34, 'keltner_m': 4.2, 'en_obv': True, 'obv_slope': 161, 'en_cci': False, 'cci_n': 2, 'cci_threshold': 205, 'en_rsi': True, 'rsi_n': 63, 'rsi_lower': 22, 'rsi_upper': 62, 'en_stochastic': False, 'stochastic_n': 53, 'stochastic_d': 34, 'stochastic_lower': 46, 'stochastic_upper': 96, 'en_mfi': False, 'mfi_n': 64, 'mfi_lower': 41, 'mfi_upper': 89, 'en_bollinger': True, 'bollinger_n': 188, 'bollinger_k': 1.8, 'en_adx': False, 'adx_n': 30, 'adx_threshold': 8, 'en_structure_trend': True, 'structure_trend_swing_l': 3, 'en_order_block': True, 'order_block_swing_l': 16, 'en_fvg': False, 'fvg_lookback': 4, 'en_ifvg': True, 'en_breaker': True, 'breaker_swing_l': 18, 'en_cisd': True, 'k': 5, 'en_cap_bars': True, 'cap_1min': 941}.
[I 2026-07-13 13:37:23,522] Trial 251 pruned. 
[I 2026-07-13 13:37:24,326] Trial 252 pruned. 
[I 2026-07-13 13:37:27,891] Trial 253 finished with values: [59.75668839419086, -9081.52174183233, 29.200000000000003] and parameters: {'sl_soft': 48.882693937894345, 'sl_hard_delta': 134.44339315372204, 'tp': 145.9085562798064, 'gate_pct': 79.79473082398957, 'dd_limit': 2258.6009671060747, 'cooldown': 1, 'flip': False, 'en_ema_trend': False, 'ema_trend_fast': 83, 'ema_trend_slow': 116, 'en_sma_trend': False, 'sma_trend_fast': 39, 'sma_trend_slow': 114, 'en_macd': False, 'macd_fast': 64, 'macd_slow': 177, 'macd_signal': 100, 'en_vwap': False, 'en_keltner': True, 'keltner_n': 158, 'keltner_m': 2.2, 'en_obv': False, 'obv_slope': 34, 'en_cci': False, 'cci_n': 49, 'cci_threshold': 20, 'en_rsi': True, 'rsi_n': 7, 'rsi_lower': 17, 'rsi_upper': 71, 'en_stochastic': False, 'stochastic_n': 45, 'stochastic_d': 19, 'stochastic_lower': 5, 'stochastic_upper': 69, 'en_mfi': True, 'mfi_n': 33, 'mfi_lower': 32, 'mfi_upper': 82, 'en_bollinger': True, 'bollinger_n': 133, 'bollinger_k': 3.4000000000000004, 'en_adx': False, 'adx_n': 24, 'adx_threshold': 8, 'en_structure_trend': True, 'structure_trend_swing_l': 13, 'en_order_block': False, 'order_block_swing_l': 7, 'en_fvg': True, 'fvg_lookback': 46, 'en_ifvg': True, 'en_breaker': True, 'breaker_swing_l': 6, 'en_cisd': False, 'k': 3, 'en_cap_bars': False, 'cap_1min': 656}.
[I 2026-07-13 13:37:28,751] Trial 254 pruned. 
[I 2026-07-13 13:37:29,943] Trial 255 pruned. 
[I 2026-07-13 13:37:30,296] Trial 256 pruned. 
[I 2026-07-13 13:37:31,230] Trial 257 pruned. 
[I 2026-07-13 13:37:36,263] Trial 258 pruned. 
[I 2026-07-13 13:37:36,488] Trial 259 pruned. 
[I 2026-07-13 13:37:36,630] Trial 260 pruned. 
[I 2026-07-13 13:37:40,332] Trial 261 finished with values: [5698.39151952754, -9520.85580834675, 50.0] and parameters: {'sl_soft': 90.73824655803783, 'sl_hard_delta': 164.3045438593001, 'tp': 179.4399229047975, 'gate_pct': 61.169672271623824, 'dd_limit': 1067.9109609257737, 'cooldown': 1, 'flip': False, 'en_ema_trend': True, 'ema_trend_fast': 174, 'ema_trend_slow': 279, 'en_sma_trend': False, 'sma_trend_fast': 351, 'sma_trend_slow': 256, 'en_macd': False, 'macd_fast': 60, 'macd_slow': 45, 'macd_signal': 77, 'en_vwap': False, 'en_keltner': True, 'keltner_n': 135, 'keltner_m': 4.1, 'en_obv': True, 'obv_slope': 134, 'en_cci': True, 'cci_n': 126, 'cci_threshold': 255, 'en_rsi': True, 'rsi_n': 40, 'rsi_lower': 7, 'rsi_upper': 94, 'en_stochastic': False, 'stochastic_n': 6, 'stochastic_d': 25, 'stochastic_lower': 34, 'stochastic_upper': 75, 'en_mfi': False, 'mfi_n': 94, 'mfi_lower': 33, 'mfi_upper': 57, 'en_bollinger': True, 'bollinger_n': 53, 'bollinger_k': 4.300000000000001, 'en_adx': False, 'adx_n': 58, 'adx_threshold': 52, 'en_structure_trend': False, 'structure_trend_swing_l': 1, 'en_order_block': False, 'order_block_swing_l': 1, 'en_fvg': True, 'fvg_lookback': 20, 'en_ifvg': False, 'en_breaker': False, 'breaker_swing_l': 19, 'en_cisd': False, 'k': 5, 'en_cap_bars': False, 'cap_1min': 504}.
[I 2026-07-13 13:37:40,727] Trial 262 pruned. 
[I 2026-07-13 13:37:42,223] Trial 263 pruned. 
[I 2026-07-13 13:37:42,666] Trial 264 pruned. 
[I 2026-07-13 13:37:43,574] Trial 265 pruned. 
[I 2026-07-13 13:37:43,934] Trial 266 pruned. 
[I 2026-07-13 13:37:44,954] Trial 267 pruned. 
[I 2026-07-13 13:37:47,897] Trial 268 pruned. 
[I 2026-07-13 13:37:48,708] Trial 269 pruned. 
[I 2026-07-13 13:37:49,882] Trial 270 finished with values: [-733.4194302872856, -8174.9049796291365, 45.0] and parameters: {'sl_soft': 137.6739038075487, 'sl_hard_delta': 6.7251010012779915, 'tp': 136.10077025385004, 'gate_pct': 94.70821660915905, 'dd_limit': 4597.09811116276, 'cooldown': 0, 'flip': False, 'en_ema_trend': True, 'ema_trend_fast': 99, 'ema_trend_slow': 64, 'en_sma_trend': False, 'sma_trend_fast': 345, 'sma_trend_slow': 290, 'en_macd': False, 'macd_fast': 56, 'macd_slow': 200, 'macd_signal': 82, 'en_vwap': True, 'en_keltner': False, 'keltner_n': 93, 'keltner_m': 3.3000000000000003, 'en_obv': False, 'obv_slope': 162, 'en_cci': True, 'cci_n': 51, 'cci_threshold': 155, 'en_rsi': False, 'rsi_n': 5, 'rsi_lower': 32, 'rsi_upper': 89, 'en_stochastic': False, 'stochastic_n': 50, 'stochastic_d': 11, 'stochastic_lower': 2, 'stochastic_upper': 93, 'en_mfi': False, 'mfi_n': 43, 'mfi_lower': 19, 'mfi_upper': 67, 'en_bollinger': False, 'bollinger_n': 155, 'bollinger_k': 0.5, 'en_adx': False, 'adx_n': 7, 'adx_threshold': 57, 'en_structure_trend': False, 'structure_trend_swing_l': 1, 'en_order_block': True, 'order_block_swing_l': 1, 'en_fvg': True, 'fvg_lookback': 26, 'en_ifvg': True, 'en_breaker': True, 'breaker_swing_l': 1, 'en_cisd': False, 'k': 4, 'en_cap_bars': True, 'cap_1min': 655}.
[I 2026-07-13 13:37:50,955] Trial 271 pruned. 
