[I 2026-07-13 13:53:25,699] Trial 691 finished with values: [5126.591820701724, -8880.0, 52.8] and parameters: {'sl_soft': 138.62987390379863, 'sl_hard_delta': 107.77325814821194, 'tp': 202.23864775877112, 'gate_pct': 85.18598170405104, 'dd_limit': 2056.379634857657, 'cooldown': 0, 'flip': False, 'en_ema_trend': True, 'ema_trend_fast': 39, 'ema_trend_slow': 195, 'en_sma_trend': False, 'sma_trend_fast': 7, 'sma_trend_slow': 265, 'en_macd': False, 'macd_fast': 94, 'macd_slow': 65, 'macd_signal': 33, 'en_vwap': True, 'en_keltner': False, 'keltner_n': 49, 'keltner_m': 3.8000000000000003, 'en_obv': True, 'obv_slope': 75, 'en_cci': False, 'cci_n': 24, 'cci_threshold': 255, 'en_rsi': True, 'rsi_n': 94, 'rsi_lower': 12, 'rsi_upper': 65, 'en_stochastic': True, 'stochastic_n': 77, 'stochastic_d': 15, 'stochastic_lower': 17, 'stochastic_upper': 63, 'en_mfi': False, 'mfi_n': 70, 'mfi_lower': 28, 'mfi_upper': 87, 'en_bollinger': False, 'bollinger_n': 108, 'bollinger_k': 4.1, 'en_adx': False, 'adx_n': 79, 'adx_threshold': 8, 'en_structure_trend': False, 'structure_trend_swing_l': 13, 'en_order_block': False, 'order_block_swing_l': 8, 'en_fvg': False, 'fvg_lookback': 11, 'en_ifvg': True, 'en_breaker': False, 'breaker_swing_l': 12, 'en_cisd': True, 'k': 3, 'en_cap_bars': False, 'cap_1min': 522}.
[I 2026-07-13 13:53:29,057] Trial 692 finished with values: [8867.427299495466, -12394.059809601531, 41.45] and parameters: {'sl_soft': 65.14851803936261, 'sl_hard_delta': 11.390606241576373, 'tp': 187.44956402418418, 'gate_pct': 90.58589496909323, 'dd_limit': 1999.8957659662658, 'cooldown': 0, 'flip': False, 'en_ema_trend': False, 'ema_trend_fast': 26, 'ema_trend_slow': 304, 'en_sma_trend': True, 'sma_trend_fast': 97, 'sma_trend_slow': 268, 'en_macd': True, 'macd_fast': 24, 'macd_slow': 4, 'macd_signal': 18, 'en_vwap': True, 'en_keltner': False, 'keltner_n': 68, 'keltner_m': 1.5, 'en_obv': False, 'obv_slope': 7, 'en_cci': False, 'cci_n': 69, 'cci_threshold': 60, 'en_rsi': True, 'rsi_n': 95, 'rsi_lower': 9, 'rsi_upper': 52, 'en_stochastic': False, 'stochastic_n': 87, 'stochastic_d': 2, 'stochastic_lower': 14, 'stochastic_upper': 93, 'en_mfi': True, 'mfi_n': 42, 'mfi_lower': 19, 'mfi_upper': 61, 'en_bollinger': False, 'bollinger_n': 125, 'bollinger_k': 1.0, 'en_adx': False, 'adx_n': 12, 'adx_threshold': 26, 'en_structure_trend': False, 'structure_trend_swing_l': 5, 'en_order_block': False, 'order_block_swing_l': 19, 'en_fvg': False, 'fvg_lookback': 2, 'en_ifvg': False, 'en_breaker': True, 'breaker_swing_l': 16, 'en_cisd': False, 'k': 1, 'en_cap_bars': True, 'cap_1min': 536}.
[I 2026-07-13 13:53:29,362] Trial 693 finished with values: [18758.283475868084, -8614.921147610148, 51.15] and parameters: {'sl_soft': 65.14851803936261, 'sl_hard_delta': 11.390606241576373, 'tp': 187.44956402418418, 'gate_pct': 90.58589496909323, 'dd_limit': 1999.8957659662658, 'cooldown': 0, 'flip': False, 'en_ema_trend': False, 'ema_trend_fast': 26, 'ema_trend_slow': 150, 'en_sma_trend': True, 'sma_trend_fast': 97, 'sma_trend_slow': 383, 'en_macd': True, 'macd_fast': 24, 'macd_slow': 4, 'macd_signal': 36, 'en_vwap': True, 'en_keltner': True, 'keltner_n': 68, 'keltner_m': 1.3, 'en_obv': False, 'obv_slope': 148, 'en_cci': False, 'cci_n': 69, 'cci_threshold': 160, 'en_rsi': True, 'rsi_n': 95, 'rsi_lower': 18, 'rsi_upper': 99, 'en_stochastic': False, 'stochastic_n': 87, 'stochastic_d': 33, 'stochastic_lower': 14, 'stochastic_upper': 93, 'en_mfi': True, 'mfi_n': 47, 'mfi_lower': 5, 'mfi_upper': 61, 'en_bollinger': False, 'bollinger_n': 125, 'bollinger_k': 1.0, 'en_adx': False, 'adx_n': 12, 'adx_threshold': 26, 'en_structure_trend': True, 'structure_trend_swing_l': 5, 'en_order_block': False, 'order_block_swing_l': 15, 'en_fvg': True, 'fvg_lookback': 2, 'en_ifvg': True, 'en_breaker': False, 'breaker_swing_l': 9, 'en_cisd': False, 'k': 1, 'en_cap_bars': False, 'cap_1min': 536}.
[I 2026-07-13 13:53:30,105] Trial 694 finished with values: [10144.876102688613, -6723.129942475061, 41.9] and parameters: {'sl_soft': 65.14851803936261, 'sl_hard_delta': 11.390606241576373, 'tp': 215.3775202768023, 'gate_pct': 90.58589496909323, 'dd_limit': 1999.8957659662658, 'cooldown': 2, 'flip': False, 'en_ema_trend': False, 'ema_trend_fast': 384, 'ema_trend_slow': 150, 'en_sma_trend': False, 'sma_trend_fast': 97, 'sma_trend_slow': 83, 'en_macd': True, 'macd_fast': 24, 'macd_slow': 161, 'macd_signal': 30, 'en_vwap': True, 'en_keltner': False, 'keltner_n': 68, 'keltner_m': 4.1, 'en_obv': False, 'obv_slope': 148, 'en_cci': False, 'cci_n': 54, 'cci_threshold': 160, 'en_rsi': False, 'rsi_n': 100, 'rsi_lower': 30, 'rsi_upper': 99, 'en_stochastic': False, 'stochastic_n': 62, 'stochastic_d': 33, 'stochastic_lower': 7, 'stochastic_upper': 58, 'en_mfi': True, 'mfi_n': 47, 'mfi_lower': 5, 'mfi_upper': 54, 'en_bollinger': False, 'bollinger_n': 125, 'bollinger_k': 0.6, 'en_adx': False, 'adx_n': 53, 'adx_threshold': 32, 'en_structure_trend': False, 'structure_trend_swing_l': 5, 'en_order_block': False, 'order_block_swing_l': 19, 'en_fvg': True, 'fvg_lookback': 2, 'en_ifvg': False, 'en_breaker': True, 'breaker_swing_l': 12, 'en_cisd': False, 'k': 3, 'en_cap_bars': False, 'cap_1min': 536}.
[I 2026-07-13 13:53:35,030] Trial 695 finished with values: [11390.80944327463, -17722.848543541622, 46.650000000000006] and parameters: {'sl_soft': 65.14851803936261, 'sl_hard_delta': 15.906489533621171, 'tp': 153.29255961489858, 'gate_pct': 90.74180221899805, 'dd_limit': 1534.8083975244724, 'cooldown': 0, 'flip': False, 'en_ema_trend': True, 'ema_trend_fast': 26, 'ema_trend_slow': 129, 'en_sma_trend': False, 'sma_trend_fast': 97, 'sma_trend_slow': 268, 'en_macd': False, 'macd_fast': 24, 'macd_slow': 94, 'macd_signal': 36, 'en_vwap': True, 'en_keltner': False, 'keltner_n': 68, 'keltner_m': 1.4, 'en_obv': False, 'obv_slope': 30, 'en_cci': True, 'cci_n': 69, 'cci_threshold': 255, 'en_rsi': True, 'rsi_n': 95, 'rsi_lower': 18, 'rsi_upper': 99, 'en_stochastic': True, 'stochastic_n': 86, 'stochastic_d': 33, 'stochastic_lower': 14, 'stochastic_upper': 92, 'en_mfi': True, 'mfi_n': 46, 'mfi_lower': 5, 'mfi_upper': 87, 'en_bollinger': False, 'bollinger_n': 125, 'bollinger_k': 1.0, 'en_adx': False, 'adx_n': 12, 'adx_threshold': 28, 'en_structure_trend': False, 'structure_trend_swing_l': 3, 'en_order_block': True, 'order_block_swing_l': 19, 'en_fvg': True, 'fvg_lookback': 2, 'en_ifvg': False, 'en_breaker': False, 'breaker_swing_l': 12, 'en_cisd': False, 'k': 1, 'en_cap_bars': True, 'cap_1min': 536}.
[I 2026-07-13 13:53:40,952] Trial 696 finished with values: [305.30964612800744, -9467.78547693597, 38.75] and parameters: {'sl_soft': 101.80942719722671, 'sl_hard_delta': 15.906489533621171, 'tp': 153.29255961489858, 'gate_pct': 85.18598170405104, 'dd_limit': 2056.379634857657, 'cooldown': 0, 'flip': False, 'en_ema_trend': True, 'ema_trend_fast': 352, 'ema_trend_slow': 129, 'en_sma_trend': False, 'sma_trend_fast': 39, 'sma_trend_slow': 268, 'en_macd': False, 'macd_fast': 37, 'macd_slow': 94, 'macd_signal': 60, 'en_vwap': True, 'en_keltner': True, 'keltner_n': 43, 'keltner_m': 3.8000000000000003, 'en_obv': True, 'obv_slope': 68, 'en_cci': False, 'cci_n': 24, 'cci_threshold': 255, 'en_rsi': True, 'rsi_n': 39, 'rsi_lower': 12, 'rsi_upper': 99, 'en_stochastic': True, 'stochastic_n': 86, 'stochastic_d': 32, 'stochastic_lower': 25, 'stochastic_upper': 63, 'en_mfi': True, 'mfi_n': 46, 'mfi_lower': 5, 'mfi_upper': 87, 'en_bollinger': False, 'bollinger_n': 22, 'bollinger_k': 3.4000000000000004, 'en_adx': False, 'adx_n': 51, 'adx_threshold': 32, 'en_structure_trend': False, 'structure_trend_swing_l': 5, 'en_order_block': False, 'order_block_swing_l': 10, 'en_fvg': True, 'fvg_lookback': 2, 'en_ifvg': False, 'en_breaker': False, 'breaker_swing_l': 3, 'en_cisd': False, 'k': 1, 'en_cap_bars': True, 'cap_1min': 898}.
[I 2026-07-13 13:53:42,057] Trial 697 finished with values: [2506.3256083040324, -6415.0, 48.8] and parameters: {'sl_soft': 65.14851803936261, 'sl_hard_delta': 112.34619625950069, 'tp': 215.3775202768023, 'gate_pct': 77.88062387933805, 'dd_limit': 1999.8957659662658, 'cooldown': 0, 'flip': False, 'en_ema_trend': True, 'ema_trend_fast': 26, 'ema_trend_slow': 125, 'en_sma_trend': False, 'sma_trend_fast': 97, 'sma_trend_slow': 268, 'en_macd': False, 'macd_fast': 24, 'macd_slow': 94, 'macd_signal': 60, 'en_vwap': True, 'en_keltner': False, 'keltner_n': 179, 'keltner_m': 0.8, 'en_obv': False, 'obv_slope': 148, 'en_cci': False, 'cci_n': 69, 'cci_threshold': 255, 'en_rsi': True, 'rsi_n': 95, 'rsi_lower': 18, 'rsi_upper': 81, 'en_stochastic': True, 'stochastic_n': 86, 'stochastic_d': 27, 'stochastic_lower': 14, 'stochastic_upper': 92, 'en_mfi': True, 'mfi_n': 46, 'mfi_lower': 5, 'mfi_upper': 87, 'en_bollinger': False, 'bollinger_n': 125, 'bollinger_k': 1.0, 'en_adx': False, 'adx_n': 68, 'adx_threshold': 26, 'en_structure_trend': False, 'structure_trend_swing_l': 9, 'en_order_block': False, 'order_block_swing_l': 5, 'en_fvg': True, 'fvg_lookback': 42, 'en_ifvg': True, 'en_breaker': True, 'breaker_swing_l': 8, 'en_cisd': False, 'k': 1, 'en_cap_bars': True, 'cap_1min': 536}.
[I 2026-07-13 13:53:43,897] Trial 698 finished with values: [3521.6954098749557, -10275.0, 32.0] and parameters: {'sl_soft': 38.07409623902902, 'sl_hard_delta': 161.64900471108456, 'tp': 215.3775202768023, 'gate_pct': 77.88062387933805, 'dd_limit': 284.21555044074455, 'cooldown': 2, 'flip': False, 'en_ema_trend': True, 'ema_trend_fast': 77, 'ema_trend_slow': 129, 'en_sma_trend': False, 'sma_trend_fast': 222, 'sma_trend_slow': 83, 'en_macd': True, 'macd_fast': 44, 'macd_slow': 186, 'macd_signal': 30, 'en_vwap': True, 'en_keltner': False, 'keltner_n': 49, 'keltner_m': 4.1, 'en_obv': False, 'obv_slope': 30, 'en_cci': False, 'cci_n': 54, 'cci_threshold': 300, 'en_rsi': False, 'rsi_n': 100, 'rsi_lower': 30, 'rsi_upper': 81, 'en_stochastic': False, 'stochastic_n': 62, 'stochastic_d': 2, 'stochastic_lower': 7, 'stochastic_upper': 58, 'en_mfi': False, 'mfi_n': 96, 'mfi_lower': 1, 'mfi_upper': 54, 'en_bollinger': False, 'bollinger_n': 108, 'bollinger_k': 0.6, 'en_adx': False, 'adx_n': 29, 'adx_threshold': 32, 'en_structure_trend': False, 'structure_trend_swing_l': 16, 'en_order_block': False, 'order_block_swing_l': 19, 'en_fvg': True, 'fvg_lookback': 42, 'en_ifvg': False, 'en_breaker': True, 'breaker_swing_l': 12, 'en_cisd': False, 'k': 3, 'en_cap_bars': False, 'cap_1min': 522}.
[I 2026-07-13 13:53:44,186] Trial 699 finished with values: [12797.34173555953, -16931.592598129355, 29.799999999999997] and parameters: {'sl_soft': 31.115146080326227, 'sl_hard_delta': 11.390606241576373, 'tp': 187.44956402418418, 'gate_pct': 90.58589496909323, 'dd_limit': 387.45829471164785, 'cooldown': 0, 'flip': False, 'en_ema_trend': False, 'ema_trend_fast': 26, 'ema_trend_slow': 304, 'en_sma_trend': True, 'sma_trend_fast': 97, 'sma_trend_slow': 268, 'en_macd': True, 'macd_fast': 98, 'macd_slow': 94, 'macd_signal': 18, 'en_vwap': True, 'en_keltner': False, 'keltner_n': 49, 'keltner_m': 3.5, 'en_obv': False, 'obv_slope': 148, 'en_cci': False, 'cci_n': 69, 'cci_threshold': 60, 'en_rsi': True, 'rsi_n': 95, 'rsi_lower': 9, 'rsi_upper': 81, 'en_stochastic': False, 'stochastic_n': 35, 'stochastic_d': 2, 'stochastic_lower': 14, 'stochastic_upper': 57, 'en_mfi': False, 'mfi_n': 47, 'mfi_lower': 19, 'mfi_upper': 87, 'en_bollinger': False, 'bollinger_n': 20, 'bollinger_k': 1.0, 'en_adx': False, 'adx_n': 12, 'adx_threshold': 41, 'en_structure_trend': False, 'structure_trend_swing_l': 5, 'en_order_block': False, 'order_block_swing_l': 19, 'en_fvg': True, 'fvg_lookback': 2, 'en_ifvg': False, 'en_breaker': False, 'breaker_swing_l': 12, 'en_cisd': False, 'k': 1, 'en_cap_bars': True, 'cap_1min': 591}.
[I 2026-07-13 13:53:48,915] Trial 700 finished with values: [-370.3696000223863, -16036.922096125636, 50.75] and parameters: {'sl_soft': 149.03712664266078, 'sl_hard_delta': 11.390606241576373, 'tp': 153.29255961489858, 'gate_pct': 89.05172352244134, 'dd_limit': 2056.379634857657, 'cooldown': 0, 'flip': False, 'en_ema_trend': True, 'ema_trend_fast': 352, 'ema_trend_slow': 150, 'en_sma_trend': True, 'sma_trend_fast': 97, 'sma_trend_slow': 265, 'en_macd': True, 'macd_fast': 64, 'macd_slow': 65, 'macd_signal': 36, 'en_vwap': True, 'en_keltner': True, 'keltner_n': 126, 'keltner_m': 3.8000000000000003, 'en_obv': True, 'obv_slope': 34, 'en_cci': True, 'cci_n': 141, 'cci_threshold': 80, 'en_rsi': True, 'rsi_n': 39, 'rsi_lower': 24, 'rsi_upper': 71, 'en_stochastic': False, 'stochastic_n': 86, 'stochastic_d': 33, 'stochastic_lower': 4, 'stochastic_upper': 63, 'en_mfi': True, 'mfi_n': 30, 'mfi_lower': 36, 'mfi_upper': 61, 'en_bollinger': False, 'bollinger_n': 22, 'bollinger_k': 3.4000000000000004, 'en_adx': False, 'adx_n': 30, 'adx_threshold': 8, 'en_structure_trend': False, 'structure_trend_swing_l': 13, 'en_order_block': True, 'order_block_swing_l': 15, 'en_fvg': False, 'fvg_lookback': 2, 'en_ifvg': True, 'en_breaker': False, 'breaker_swing_l': 9, 'en_cisd': False, 'k': 5, 'en_cap_bars': False, 'cap_1min': 536}.
[I 2026-07-13 13:53:49,162] Trial 701 finished with values: [6340.597362847075, -4225.782485618765, 56.05] and parameters: {'sl_soft': 65.14851803936261, 'sl_hard_delta': 11.390606241576373, 'tp': 153.29255961489858, 'gate_pct': 90.58589496909323, 'dd_limit': 1999.8957659662658, 'cooldown': 0, 'flip': False, 'en_ema_trend': False, 'ema_trend_fast': 26, 'ema_trend_slow': 125, 'en_sma_trend': True, 'sma_trend_fast': 97, 'sma_trend_slow': 268, 'en_macd': True, 'macd_fast': 24, 'macd_slow': 4, 'macd_signal': 59, 'en_vwap': True, 'en_keltner': False, 'keltner_n': 190, 'keltner_m': 1.3, 'en_obv': False, 'obv_slope': 148, 'en_cci': False, 'cci_n': 69, 'cci_threshold': 60, 'en_rsi': True, 'rsi_n': 95, 'rsi_lower': 18, 'rsi_upper': 99, 'en_stochastic': True, 'stochastic_n': 87, 'stochastic_d': 33, 'stochastic_lower': 14, 'stochastic_upper': 93, 'en_mfi': True, 'mfi_n': 47, 'mfi_lower': 5, 'mfi_upper': 61, 'en_bollinger': False, 'bollinger_n': 125, 'bollinger_k': 1.0, 'en_adx': False, 'adx_n': 12, 'adx_threshold': 26, 'en_structure_trend': True, 'structure_trend_swing_l': 5, 'en_order_block': False, 'order_block_swing_l': 15, 'en_fvg': True, 'fvg_lookback': 2, 'en_ifvg': True, 'en_breaker': False, 'breaker_swing_l': 9, 'en_cisd': False, 'k': 1, 'en_cap_bars': True, 'cap_1min': 536}.
[I 2026-07-13 13:53:54,059] Trial 702 finished with values: [11259.930609501534, -10368.186903892929, 48.2] and parameters: {'sl_soft': 101.80942719722671, 'sl_hard_delta': 15.906489533621171, 'tp': 153.29255961489858, 'gate_pct': 85.18598170405104, 'dd_limit': 1999.8957659662658, 'cooldown': 0, 'flip': False, 'en_ema_trend': True, 'ema_trend_fast': 39, 'ema_trend_slow': 129, 'en_sma_trend': False, 'sma_trend_fast': 97, 'sma_trend_slow': 268, 'en_macd': False, 'macd_fast': 24, 'macd_slow': 94, 'macd_signal': 33, 'en_vwap': True, 'en_keltner': False, 'keltner_n': 68, 'keltner_m': 4.1, 'en_obv': False, 'obv_slope': 30, 'en_cci': False, 'cci_n': 69, 'cci_threshold': 255, 'en_rsi': True, 'rsi_n': 48, 'rsi_lower': 18, 'rsi_upper': 65, 'en_stochastic': True, 'stochastic_n': 86, 'stochastic_d': 42, 'stochastic_lower': 14, 'stochastic_upper': 92, 'en_mfi': True, 'mfi_n': 46, 'mfi_lower': 7, 'mfi_upper': 87, 'en_bollinger': False, 'bollinger_n': 108, 'bollinger_k': 1.0, 'en_adx': False, 'adx_n': 34, 'adx_threshold': 32, 'en_structure_trend': False, 'structure_trend_swing_l': 10, 'en_order_block': True, 'order_block_swing_l': 19, 'en_fvg': True, 'fvg_lookback': 2, 'en_ifvg': False, 'en_breaker': False, 'breaker_swing_l': 12, 'en_cisd': False, 'k': 1, 'en_cap_bars': False, 'cap_1min': 522}.
[I 2026-07-13 13:53:56,170] Trial 703 finished with values: [11905.521084288703, -10554.748638337478, 56.65] and parameters: {'sl_soft': 65.14851803936261, 'sl_hard_delta': 30.588913877511928, 'tp': 170.54825672429132, 'gate_pct': 90.58589496909323, 'dd_limit': 2309.304895037253, 'cooldown': 0, 'flip': False, 'en_ema_trend': False, 'ema_trend_fast': 26, 'ema_trend_slow': 304, 'en_sma_trend': True, 'sma_trend_fast': 97, 'sma_trend_slow': 268, 'en_macd': True, 'macd_fast': 80, 'macd_slow': 161, 'macd_signal': 36, 'en_vwap': True, 'en_keltner': False, 'keltner_n': 68, 'keltner_m': 3.5, 'en_obv': False, 'obv_slope': 148, 'en_cci': False, 'cci_n': 69, 'cci_threshold': 60, 'en_rsi': True, 'rsi_n': 95, 'rsi_lower': 1, 'rsi_upper': 81, 'en_stochastic': True, 'stochastic_n': 87, 'stochastic_d': 33, 'stochastic_lower': 14, 'stochastic_upper': 93, 'en_mfi': True, 'mfi_n': 42, 'mfi_lower': 44, 'mfi_upper': 61, 'en_bollinger': False, 'bollinger_n': 197, 'bollinger_k': 2.9000000000000004, 'en_adx': False, 'adx_n': 35, 'adx_threshold': 26, 'en_structure_trend': False, 'structure_trend_swing_l': 5, 'en_order_block': True, 'order_block_swing_l': 13, 'en_fvg': False, 'fvg_lookback': 24, 'en_ifvg': True, 'en_breaker': True, 'breaker_swing_l': 16, 'en_cisd': False, 'k': 1, 'en_cap_bars': True, 'cap_1min': 536}.
[I 2026-07-13 13:54:03,966] Trial 704 finished with values: [1531.5063748566536, -9359.748638337478, 35.3] and parameters: {'sl_soft': 65.14851803936261, 'sl_hard_delta': 30.588913877511928, 'tp': 170.54825672429132, 'gate_pct': 90.58589496909323, 'dd_limit': 2309.304895037253, 'cooldown': 0, 'flip': False, 'en_ema_trend': True, 'ema_trend_fast': 197, 'ema_trend_slow': 125, 'en_sma_trend': False, 'sma_trend_fast': 281, 'sma_trend_slow': 268, 'en_macd': True, 'macd_fast': 52, 'macd_slow': 161, 'macd_signal': 59, 'en_vwap': True, 'en_keltner': True, 'keltner_n': 123, 'keltner_m': 4.1, 'en_obv': False, 'obv_slope': 148, 'en_cci': False, 'cci_n': 69, 'cci_threshold': 60, 'en_rsi': True, 'rsi_n': 95, 'rsi_lower': 18, 'rsi_upper': 81, 'en_stochastic': True, 'stochastic_n': 62, 'stochastic_d': 21, 'stochastic_lower': 14, 'stochastic_upper': 93, 'en_mfi': True, 'mfi_n': 48, 'mfi_lower': 44, 'mfi_upper': 61, 'en_bollinger': False, 'bollinger_n': 197, 'bollinger_k': 2.9000000000000004, 'en_adx': False, 'adx_n': 35, 'adx_threshold': 26, 'en_structure_trend': False, 'structure_trend_swing_l': 12, 'en_order_block': True, 'order_block_swing_l': 3, 'en_fvg': False, 'fvg_lookback': 24, 'en_ifvg': True, 'en_breaker': True, 'breaker_swing_l': 6, 'en_cisd': False, 'k': 3, 'en_cap_bars': True, 'cap_1min': 995}.
[I 2026-07-13 13:54:05,128] Trial 705 finished with values: [11184.374151294069, -6203.129942475061, 53.400000000000006] and parameters: {'sl_soft': 65.14851803936261, 'sl_hard_delta': 11.390606241576373, 'tp': 153.29255961489858, 'gate_pct': 89.05172352244134, 'dd_limit': 1999.8957659662658, 'cooldown': 0, 'flip': False, 'en_ema_trend': False, 'ema_trend_fast': 121, 'ema_trend_slow': 150, 'en_sma_trend': False, 'sma_trend_fast': 97, 'sma_trend_slow': 383, 'en_macd': True, 'macd_fast': 18, 'macd_slow': 4, 'macd_signal': 36, 'en_vwap': True, 'en_keltner': True, 'keltner_n': 68, 'keltner_m': 1.5, 'en_obv': False, 'obv_slope': 68, 'en_cci': False, 'cci_n': 69, 'cci_threshold': 60, 'en_rsi': True, 'rsi_n': 58, 'rsi_lower': 24, 'rsi_upper': 99, 'en_stochastic': False, 'stochastic_n': 86, 'stochastic_d': 33, 'stochastic_lower': 4, 'stochastic_upper': 93, 'en_mfi': True, 'mfi_n': 47, 'mfi_lower': 36, 'mfi_upper': 61, 'en_bollinger': False, 'bollinger_n': 125, 'bollinger_k': 1.0, 'en_adx': False, 'adx_n': 12, 'adx_threshold': 26, 'en_structure_trend': False, 'structure_trend_swing_l': 5, 'en_order_block': True, 'order_block_swing_l': 15, 'en_fvg': True, 'fvg_lookback': 2, 'en_ifvg': True, 'en_breaker': True, 'breaker_swing_l': 9, 'en_cisd': False, 'k': 1, 'en_cap_bars': True, 'cap_1min': 536}.
[I 2026-07-13 13:54:09,716] Trial 706 finished with values: [6729.341571666082, -11033.843721414596, 44.5] and parameters: {'sl_soft': 65.14851803936261, 'sl_hard_delta': 11.390606241576373, 'tp': 153.29255961489858, 'gate_pct': 89.05172352244134, 'dd_limit': 1534.8083975244724, 'cooldown': 0, 'flip': False, 'en_ema_trend': True, 'ema_trend_fast': 197, 'ema_trend_slow': 125, 'en_sma_trend': False, 'sma_trend_fast': 109, 'sma_trend_slow': 268, 'en_macd': True, 'macd_fast': 24, 'macd_slow': 4, 'macd_signal': 59, 'en_vwap': True, 'en_keltner': False, 'keltner_n': 68, 'keltner_m': 1.3, 'en_obv': False, 'obv_slope': 101, 'en_cci': False, 'cci_n': 69, 'cci_threshold': 60, 'en_rsi': True, 'rsi_n': 95, 'rsi_lower': 18, 'rsi_upper': 60, 'en_stochastic': True, 'stochastic_n': 62, 'stochastic_d': 22, 'stochastic_lower': 14, 'stochastic_upper': 93, 'en_mfi': True, 'mfi_n': 48, 'mfi_lower': 16, 'mfi_upper': 61, 'en_bollinger': False, 'bollinger_n': 125, 'bollinger_k': 1.0, 'en_adx': False, 'adx_n': 29, 'adx_threshold': 26, 'en_structure_trend': False, 'structure_trend_swing_l': 12, 'en_order_block': False, 'order_block_swing_l': 15, 'en_fvg': False, 'fvg_lookback': 2, 'en_ifvg': True, 'en_breaker': False, 'breaker_swing_l': 9, 'en_cisd': False, 'k': 3, 'en_cap_bars': False, 'cap_1min': 1243}.
