[I 2026-07-13 14:21:45,017] Trial 1850 finished with values: [5006.024050555134, -7109.897594944487, 69.0] and parameters: {'sl_soft': 149.03712664266078, 'sl_hard_delta': 107.77325814821194, 'tp': 53.005120252774546, 'gate_pct': 89.05172352244134, 'dd_limit': 1999.8957659662658, 'cooldown': 0, 'flip': False, 'en_ema_trend': True, 'ema_trend_fast': 384, 'ema_trend_slow': 33, 'en_sma_trend': False, 'sma_trend_fast': 248, 'sma_trend_slow': 265, 'en_macd': True, 'macd_fast': 18, 'macd_slow': 91, 'macd_signal': 60, 'en_vwap': True, 'en_keltner': False, 'keltner_n': 43, 'keltner_m': 1.5, 'en_obv': False, 'obv_slope': 68, 'en_cci': False, 'cci_n': 69, 'cci_threshold': 75, 'en_rsi': True, 'rsi_n': 95, 'rsi_lower': 12, 'rsi_upper': 71, 'en_stochastic': True, 'stochastic_n': 87, 'stochastic_d': 33, 'stochastic_lower': 25, 'stochastic_upper': 92, 'en_mfi': True, 'mfi_n': 47, 'mfi_lower': 28, 'mfi_upper': 61, 'en_bollinger': False, 'bollinger_n': 125, 'bollinger_k': 3.4000000000000004, 'en_adx': False, 'adx_n': 12, 'adx_threshold': 32, 'en_structure_trend': False, 'structure_trend_swing_l': 10, 'en_order_block': True, 'order_block_swing_l': 10, 'en_fvg': True, 'fvg_lookback': 2, 'en_ifvg': True, 'en_breaker': False, 'breaker_swing_l': 9, 'en_cisd': False, 'k': 2, 'en_cap_bars': False, 'cap_1min': 536}.
[I 2026-07-13 14:21:45,360] Trial 1851 finished with values: [20604.80902091069, -4866.564971237531, 59.35] and parameters: {'sl_soft': 65.14851803936261, 'sl_hard_delta': 11.390606241576373, 'tp': 187.44956402418418, 'gate_pct': 89.05172352244134, 'dd_limit': 1864.4467154956913, 'cooldown': 0, 'flip': False, 'en_ema_trend': False, 'ema_trend_fast': 384, 'ema_trend_slow': 125, 'en_sma_trend': True, 'sma_trend_fast': 248, 'sma_trend_slow': 383, 'en_macd': True, 'macd_fast': 18, 'macd_slow': 94, 'macd_signal': 36, 'en_vwap': True, 'en_keltner': False, 'keltner_n': 68, 'keltner_m': 1.5, 'en_obv': False, 'obv_slope': 148, 'en_cci': False, 'cci_n': 69, 'cci_threshold': 160, 'en_rsi': True, 'rsi_n': 95, 'rsi_lower': 20, 'rsi_upper': 71, 'en_stochastic': True, 'stochastic_n': 87, 'stochastic_d': 40, 'stochastic_lower': 14, 'stochastic_upper': 92, 'en_mfi': True, 'mfi_n': 47, 'mfi_lower': 5, 'mfi_upper': 61, 'en_bollinger': False, 'bollinger_n': 125, 'bollinger_k': 3.4000000000000004, 'en_adx': False, 'adx_n': 12, 'adx_threshold': 26, 'en_structure_trend': False, 'structure_trend_swing_l': 5, 'en_order_block': True, 'order_block_swing_l': 15, 'en_fvg': True, 'fvg_lookback': 2, 'en_ifvg': True, 'en_breaker': True, 'breaker_swing_l': 16, 'en_cisd': False, 'k': 2, 'en_cap_bars': False, 'cap_1min': 536}.
[I 2026-07-13 14:21:45,724] Trial 1852 pruned. 
[I 2026-07-13 14:21:46,425] Trial 1853 finished with values: [5963.626455610647, -11110.798075595376, 77.55] and parameters: {'sl_soft': 149.03712664266078, 'sl_hard_delta': 107.77325814821194, 'tp': 53.005120252774546, 'gate_pct': 90.58589496909323, 'dd_limit': 1999.8957659662658, 'cooldown': 0, 'flip': False, 'en_ema_trend': True, 'ema_trend_fast': 352, 'ema_trend_slow': 129, 'en_sma_trend': False, 'sma_trend_fast': 97, 'sma_trend_slow': 265, 'en_macd': False, 'macd_fast': 64, 'macd_slow': 65, 'macd_signal': 36, 'en_vwap': True, 'en_keltner': True, 'keltner_n': 179, 'keltner_m': 3.8000000000000003, 'en_obv': True, 'obv_slope': 68, 'en_cci': False, 'cci_n': 24, 'cci_threshold': 60, 'en_rsi': True, 'rsi_n': 58, 'rsi_lower': 24, 'rsi_upper': 91, 'en_stochastic': True, 'stochastic_n': 82, 'stochastic_d': 32, 'stochastic_lower': 25, 'stochastic_upper': 82, 'en_mfi': True, 'mfi_n': 30, 'mfi_lower': 28, 'mfi_upper': 61, 'en_bollinger': False, 'bollinger_n': 125, 'bollinger_k': 3.4000000000000004, 'en_adx': False, 'adx_n': 68, 'adx_threshold': 32, 'en_structure_trend': False, 'structure_trend_swing_l': 19, 'en_order_block': False, 'order_block_swing_l': 15, 'en_fvg': False, 'fvg_lookback': 2, 'en_ifvg': False, 'en_breaker': True, 'breaker_swing_l': 3, 'en_cisd': False, 'k': 1, 'en_cap_bars': True, 'cap_1min': 784}.
[I 2026-07-13 14:21:47,739] Trial 1854 pruned. 
[I 2026-07-13 14:21:48,157] Trial 1855 finished with values: [5278.93950654623, -3208.5546576847264, 87.30000000000001] and parameters: {'sl_soft': 149.03712664266078, 'sl_hard_delta': 11.390606241576373, 'tp': 53.005120252774546, 'gate_pct': 86.68863637915473, 'dd_limit': 1999.8957659662658, 'cooldown': 0, 'flip': False, 'en_ema_trend': False, 'ema_trend_fast': 121, 'ema_trend_slow': 274, 'en_sma_trend': False, 'sma_trend_fast': 97, 'sma_trend_slow': 265, 'en_macd': True, 'macd_fast': 24, 'macd_slow': 4, 'macd_signal': 36, 'en_vwap': True, 'en_keltner': False, 'keltner_n': 50, 'keltner_m': 1.5, 'en_obv': False, 'obv_slope': 148, 'en_cci': False, 'cci_n': 69, 'cci_threshold': 80, 'en_rsi': True, 'rsi_n': 95, 'rsi_lower': 18, 'rsi_upper': 99, 'en_stochastic': True, 'stochastic_n': 87, 'stochastic_d': 32, 'stochastic_lower': 14, 'stochastic_upper': 63, 'en_mfi': True, 'mfi_n': 30, 'mfi_lower': 16, 'mfi_upper': 61, 'en_bollinger': False, 'bollinger_n': 125, 'bollinger_k': 2.9000000000000004, 'en_adx': False, 'adx_n': 12, 'adx_threshold': 26, 'en_structure_trend': False, 'structure_trend_swing_l': 3, 'en_order_block': False, 'order_block_swing_l': 15, 'en_fvg': True, 'fvg_lookback': 2, 'en_ifvg': True, 'en_breaker': False, 'breaker_swing_l': 16, 'en_cisd': False, 'k': 1, 'en_cap_bars': True, 'cap_1min': 995}.
[I 2026-07-13 14:21:48,436] Trial 1856 pruned. 
[I 2026-07-13 14:21:54,415] Trial 1857 finished with values: [533.1486768801187, -10463.912428093827, 32.5] and parameters: {'sl_soft': 65.14851803936261, 'sl_hard_delta': 11.390606241576373, 'tp': 202.23864775877112, 'gate_pct': 90.58589496909323, 'dd_limit': 1999.8957659662658, 'cooldown': 0, 'flip': False, 'en_ema_trend': False, 'ema_trend_fast': 26, 'ema_trend_slow': 33, 'en_sma_trend': False, 'sma_trend_fast': 248, 'sma_trend_slow': 268, 'en_macd': True, 'macd_fast': 24, 'macd_slow': 148, 'macd_signal': 36, 'en_vwap': True, 'en_keltner': False, 'keltner_n': 68, 'keltner_m': 3.8000000000000003, 'en_obv': False, 'obv_slope': 68, 'en_cci': False, 'cci_n': 69, 'cci_threshold': 60, 'en_rsi': True, 'rsi_n': 95, 'rsi_lower': 18, 'rsi_upper': 91, 'en_stochastic': True, 'stochastic_n': 39, 'stochastic_d': 32, 'stochastic_lower': 4, 'stochastic_upper': 63, 'en_mfi': True, 'mfi_n': 47, 'mfi_lower': 16, 'mfi_upper': 61, 'en_bollinger': False, 'bollinger_n': 125, 'bollinger_k': 1.7000000000000002, 'en_adx': False, 'adx_n': 68, 'adx_threshold': 26, 'en_structure_trend': False, 'structure_trend_swing_l': 5, 'en_order_block': True, 'order_block_swing_l': 10, 'en_fvg': True, 'fvg_lookback': 2, 'en_ifvg': False, 'en_breaker': True, 'breaker_swing_l': 18, 'en_cisd': False, 'k': 1, 'en_cap_bars': False, 'cap_1min': 536}.
[I 2026-07-13 14:21:59,668] Trial 1858 finished with values: [9914.292088471484, -8781.002885706403, 79.35] and parameters: {'sl_soft': 149.03712664266078, 'sl_hard_delta': 107.77325814821194, 'tp': 53.005120252774546, 'gate_pct': 86.68863637915473, 'dd_limit': 1999.8957659662658, 'cooldown': 0, 'flip': False, 'en_ema_trend': False, 'ema_trend_fast': 26, 'ema_trend_slow': 33, 'en_sma_trend': False, 'sma_trend_fast': 97, 'sma_trend_slow': 265, 'en_macd': False, 'macd_fast': 39, 'macd_slow': 65, 'macd_signal': 60, 'en_vwap': True, 'en_keltner': True, 'keltner_n': 43, 'keltner_m': 1.5, 'en_obv': True, 'obv_slope': 195, 'en_cci': False, 'cci_n': 24, 'cci_threshold': 75, 'en_rsi': True, 'rsi_n': 82, 'rsi_lower': 24, 'rsi_upper': 91, 'en_stochastic': True, 'stochastic_n': 87, 'stochastic_d': 32, 'stochastic_lower': 25, 'stochastic_upper': 96, 'en_mfi': True, 'mfi_n': 30, 'mfi_lower': 16, 'mfi_upper': 61, 'en_bollinger': False, 'bollinger_n': 125, 'bollinger_k': 2.9000000000000004, 'en_adx': False, 'adx_n': 12, 'adx_threshold': 32, 'en_structure_trend': False, 'structure_trend_swing_l': 19, 'en_order_block': False, 'order_block_swing_l': 15, 'en_fvg': False, 'fvg_lookback': 2, 'en_ifvg': False, 'en_breaker': False, 'breaker_swing_l': 3, 'en_cisd': False, 'k': 1, 'en_cap_bars': True, 'cap_1min': 784}.
[I 2026-07-13 14:21:59,903] Trial 1859 finished with values: [21945.44667973798, -6697.011394620567, 64.0] and parameters: {'sl_soft': 101.80942719722671, 'sl_hard_delta': 11.390606241576373, 'tp': 187.44956402418418, 'gate_pct': 89.05172352244134, 'dd_limit': 1999.8957659662658, 'cooldown': 0, 'flip': False, 'en_ema_trend': True, 'ema_trend_fast': 384, 'ema_trend_slow': 125, 'en_sma_trend': True, 'sma_trend_fast': 248, 'sma_trend_slow': 383, 'en_macd': True, 'macd_fast': 18, 'macd_slow': 91, 'macd_signal': 36, 'en_vwap': True, 'en_keltner': False, 'keltner_n': 68, 'keltner_m': 1.5, 'en_obv': False, 'obv_slope': 30, 'en_cci': False, 'cci_n': 69, 'cci_threshold': 255, 'en_rsi': False, 'rsi_n': 95, 'rsi_lower': 20, 'rsi_upper': 71, 'en_stochastic': True, 'stochastic_n': 87, 'stochastic_d': 33, 'stochastic_lower': 14, 'stochastic_upper': 92, 'en_mfi': True, 'mfi_n': 47, 'mfi_lower': 28, 'mfi_upper': 61, 'en_bollinger': False, 'bollinger_n': 125, 'bollinger_k': 3.4000000000000004, 'en_adx': False, 'adx_n': 12, 'adx_threshold': 26, 'en_structure_trend': False, 'structure_trend_swing_l': 5, 'en_order_block': True, 'order_block_swing_l': 10, 'en_fvg': True, 'fvg_lookback': 2, 'en_ifvg': True, 'en_breaker': True, 'breaker_swing_l': 9, 'en_cisd': False, 'k': 2, 'en_cap_bars': False, 'cap_1min': 536}.
[I 2026-07-13 14:22:00,165] Trial 1860 finished with values: [11755.904769191984, -5645.0, 69.7] and parameters: {'sl_soft': 101.80942719722671, 'sl_hard_delta': 194.09616735845105, 'tp': 153.29255961489858, 'gate_pct': 90.58589496909323, 'dd_limit': 2491.823331719459, 'cooldown': 0, 'flip': False, 'en_ema_trend': False, 'ema_trend_fast': 26, 'ema_trend_slow': 228, 'en_sma_trend': True, 'sma_trend_fast': 97, 'sma_trend_slow': 383, 'en_macd': True, 'macd_fast': 18, 'macd_slow': 94, 'macd_signal': 60, 'en_vwap': True, 'en_keltner': True, 'keltner_n': 68, 'keltner_m': 1.5, 'en_obv': False, 'obv_slope': 30, 'en_cci': False, 'cci_n': 69, 'cci_threshold': 60, 'en_rsi': True, 'rsi_n': 95, 'rsi_lower': 18, 'rsi_upper': 99, 'en_stochastic': True, 'stochastic_n': 87, 'stochastic_d': 27, 'stochastic_lower': 14, 'stochastic_upper': 92, 'en_mfi': True, 'mfi_n': 47, 'mfi_lower': 5, 'mfi_upper': 61, 'en_bollinger': False, 'bollinger_n': 125, 'bollinger_k': 2.9000000000000004, 'en_adx': False, 'adx_n': 20, 'adx_threshold': 26, 'en_structure_trend': False, 'structure_trend_swing_l': 5, 'en_order_block': True, 'order_block_swing_l': 3, 'en_fvg': True, 'fvg_lookback': 2, 'en_ifvg': True, 'en_breaker': True, 'breaker_swing_l': 16, 'en_cisd': False, 'k': 1, 'en_cap_bars': True, 'cap_1min': 536}.
[I 2026-07-13 14:22:00,584] Trial 1861 finished with values: [9778.780063193917, -4401.653706908764, 87.5] and parameters: {'sl_soft': 101.80942719722671, 'sl_hard_delta': 107.77325814821194, 'tp': 53.005120252774546, 'gate_pct': 89.05172352244134, 'dd_limit': 1999.8957659662658, 'cooldown': 0, 'flip': False, 'en_ema_trend': True, 'ema_trend_fast': 352, 'ema_trend_slow': 129, 'en_sma_trend': False, 'sma_trend_fast': 97, 'sma_trend_slow': 383, 'en_macd': True, 'macd_fast': 52, 'macd_slow': 65, 'macd_signal': 59, 'en_vwap': True, 'en_keltner': True, 'keltner_n': 179, 'keltner_m': 3.8000000000000003, 'en_obv': False, 'obv_slope': 148, 'en_cci': False, 'cci_n': 24, 'cci_threshold': 80, 'en_rsi': True, 'rsi_n': 95, 'rsi_lower': 12, 'rsi_upper': 71, 'en_stochastic': True, 'stochastic_n': 82, 'stochastic_d': 33, 'stochastic_lower': 14, 'stochastic_upper': 82, 'en_mfi': True, 'mfi_n': 30, 'mfi_lower': 28, 'mfi_upper': 61, 'en_bollinger': False, 'bollinger_n': 125, 'bollinger_k': 3.4000000000000004, 'en_adx': False, 'adx_n': 68, 'adx_threshold': 26, 'en_structure_trend': True, 'structure_trend_swing_l': 13, 'en_order_block': True, 'order_block_swing_l': 10, 'en_fvg': False, 'fvg_lookback': 25, 'en_ifvg': False, 'en_breaker': True, 'breaker_swing_l': 16, 'en_cisd': False, 'k': 1, 'en_cap_bars': False, 'cap_1min': 536}.
[I 2026-07-13 14:22:00,966] Trial 1862 finished with values: [17250.958346085972, -4700.0, 66.2] and parameters: {'sl_soft': 65.14851803936261, 'sl_hard_delta': 194.09616735845105, 'tp': 153.29255961489858, 'gate_pct': 90.58589496909323, 'dd_limit': 1999.8957659662658, 'cooldown': 0, 'flip': False, 'en_ema_trend': False, 'ema_trend_fast': 384, 'ema_trend_slow': 293, 'en_sma_trend': True, 'sma_trend_fast': 97, 'sma_trend_slow': 268, 'en_macd': True, 'macd_fast': 44, 'macd_slow': 91, 'macd_signal': 3, 'en_vwap': True, 'en_keltner': True, 'keltner_n': 68, 'keltner_m': 1.5, 'en_obv': False, 'obv_slope': 148, 'en_cci': False, 'cci_n': 69, 'cci_threshold': 60, 'en_rsi': True, 'rsi_n': 95, 'rsi_lower': 18, 'rsi_upper': 99, 'en_stochastic': True, 'stochastic_n': 87, 'stochastic_d': 33, 'stochastic_lower': 14, 'stochastic_upper': 92, 'en_mfi': True, 'mfi_n': 47, 'mfi_lower': 16, 'mfi_upper': 61, 'en_bollinger': False, 'bollinger_n': 125, 'bollinger_k': 3.4000000000000004, 'en_adx': False, 'adx_n': 12, 'adx_threshold': 26, 'en_structure_trend': False, 'structure_trend_swing_l': 5, 'en_order_block': True, 'order_block_swing_l': 15, 'en_fvg': True, 'fvg_lookback': 2, 'en_ifvg': True, 'en_breaker': True, 'breaker_swing_l': 16, 'en_cisd': False, 'k': 2, 'en_cap_bars': True, 'cap_1min': 995}.
[I 2026-07-13 14:22:02,193] Trial 1863 finished with values: [16078.253999759909, -4866.564971237531, 61.8] and parameters: {'sl_soft': 65.14851803936261, 'sl_hard_delta': 11.390606241576373, 'tp': 153.29255961489858, 'gate_pct': 90.58589496909323, 'dd_limit': 2491.823331719459, 'cooldown': 0, 'flip': False, 'en_ema_trend': False, 'ema_trend_fast': 121, 'ema_trend_slow': 125, 'en_sma_trend': True, 'sma_trend_fast': 400, 'sma_trend_slow': 383, 'en_macd': True, 'macd_fast': 18, 'macd_slow': 91, 'macd_signal': 36, 'en_vwap': True, 'en_keltner': True, 'keltner_n': 68, 'keltner_m': 1.5, 'en_obv': False, 'obv_slope': 148, 'en_cci': False, 'cci_n': 69, 'cci_threshold': 60, 'en_rsi': True, 'rsi_n': 57, 'rsi_lower': 18, 'rsi_upper': 71, 'en_stochastic': True, 'stochastic_n': 87, 'stochastic_d': 33, 'stochastic_lower': 14, 'stochastic_upper': 92, 'en_mfi': True, 'mfi_n': 47, 'mfi_lower': 5, 'mfi_upper': 61, 'en_bollinger': False, 'bollinger_n': 125, 'bollinger_k': 3.4000000000000004, 'en_adx': False, 'adx_n': 20, 'adx_threshold': 26, 'en_structure_trend': False, 'structure_trend_swing_l': 5, 'en_order_block': True, 'order_block_swing_l': 10, 'en_fvg': True, 'fvg_lookback': 2, 'en_ifvg': True, 'en_breaker': True, 'breaker_swing_l': 16, 'en_cisd': False, 'k': 2, 'en_cap_bars': False, 'cap_1min': 536}.
[I 2026-07-13 14:22:02,565] Trial 1864 finished with values: [6821.330365340982, -7819.148807702004, 48.9] and parameters: {'sl_soft': 65.14851803936261, 'sl_hard_delta': 194.09616735845105, 'tp': 153.29255961489858, 'gate_pct': 86.68863637915473, 'dd_limit': 1999.8957659662658, 'cooldown': 0, 'flip': False, 'en_ema_trend': False, 'ema_trend_fast': 352, 'ema_trend_slow': 33, 'en_sma_trend': False, 'sma_trend_fast': 97, 'sma_trend_slow': 268, 'en_macd': False, 'macd_fast': 39, 'macd_slow': 91, 'macd_signal': 60, 'en_vwap': True, 'en_keltner': True, 'keltner_n': 43, 'keltner_m': 1.5, 'en_obv': True, 'obv_slope': 30, 'en_cci': False, 'cci_n': 24, 'cci_threshold': 60, 'en_rsi': True, 'rsi_n': 82, 'rsi_lower': 12, 'rsi_upper': 99, 'en_stochastic': True, 'stochastic_n': 39, 'stochastic_d': 32, 'stochastic_lower': 14, 'stochastic_upper': 93, 'en_mfi': True, 'mfi_n': 47, 'mfi_lower': 16, 'mfi_upper': 61, 'en_bollinger': False, 'bollinger_n': 125, 'bollinger_k': 2.9000000000000004, 'en_adx': False, 'adx_n': 12, 'adx_threshold': 26, 'en_structure_trend': False, 'structure_trend_swing_l': 5, 'en_order_block': False, 'order_block_swing_l': 10, 'en_fvg': False, 'fvg_lookback': 2, 'en_ifvg': True, 'en_breaker': False, 'breaker_swing_l': 16, 'en_cisd': False, 'k': 1, 'en_cap_bars': False, 'cap_1min': 898}.
[I 2026-07-13 14:22:02,960] Trial 1865 finished with values: [19241.809538383968, -4700.0, 66.2] and parameters: {'sl_soft': 65.14851803936261, 'sl_hard_delta': 194.09616735845105, 'tp': 153.29255961489858, 'gate_pct': 90.58589496909323, 'dd_limit': 1999.8957659662658, 'cooldown': 0, 'flip': False, 'en_ema_trend': False, 'ema_trend_fast': 121, 'ema_trend_slow': 125, 'en_sma_trend': True, 'sma_trend_fast': 97, 'sma_trend_slow': 268, 'en_macd': True, 'macd_fast': 18, 'macd_slow': 91, 'macd_signal': 3, 'en_vwap': True, 'en_keltner': False, 'keltner_n': 68, 'keltner_m': 0.5, 'en_obv': False, 'obv_slope': 30, 'en_cci': False, 'cci_n': 69, 'cci_threshold': 60, 'en_rsi': True, 'rsi_n': 95, 'rsi_lower': 20, 'rsi_upper': 99, 'en_stochastic': True, 'stochastic_n': 87, 'stochastic_d': 33, 'stochastic_lower': 14, 'stochastic_upper': 92, 'en_mfi': True, 'mfi_n': 47, 'mfi_lower': 5, 'mfi_upper': 61, 'en_bollinger': False, 'bollinger_n': 125, 'bollinger_k': 0.6, 'en_adx': False, 'adx_n': 12, 'adx_threshold': 26, 'en_structure_trend': False, 'structure_trend_swing_l': 5, 'en_order_block': True, 'order_block_swing_l': 15, 'en_fvg': True, 'fvg_lookback': 2, 'en_ifvg': True, 'en_breaker': True, 'breaker_swing_l': 16, 'en_cisd': False, 'k': 1, 'en_cap_bars': False, 'cap_1min': 536}.
[I 2026-07-13 14:22:04,690] Trial 1866 finished with values: [10869.309538383968, -8270.0, 55.45] and parameters: {'sl_soft': 101.80942719722671, 'sl_hard_delta': 194.09616735845105, 'tp': 153.29255961489858, 'gate_pct': 86.68863637915473, 'dd_limit': 1999.8957659662658, 'cooldown': 0, 'flip': False, 'en_ema_trend': True, 'ema_trend_fast': 352, 'ema_trend_slow': 33, 'en_sma_trend': True, 'sma_trend_fast': 97, 'sma_trend_slow': 383, 'en_macd': True, 'macd_fast': 18, 'macd_slow': 91, 'macd_signal': 36, 'en_vwap': True, 'en_keltner': True, 'keltner_n': 176, 'keltner_m': 1.5, 'en_obv': True, 'obv_slope': 68, 'en_cci': False, 'cci_n': 24, 'cci_threshold': 75, 'en_rsi': True, 'rsi_n': 95, 'rsi_lower': 12, 'rsi_upper': 99, 'en_stochastic': True, 'stochastic_n': 39, 'stochastic_d': 33, 'stochastic_lower': 14, 'stochastic_upper': 92, 'en_mfi': True, 'mfi_n': 30, 'mfi_lower': 28, 'mfi_upper': 61, 'en_bollinger': False, 'bollinger_n': 125, 'bollinger_k': 3.4000000000000004, 'en_adx': False, 'adx_n': 20, 'adx_threshold': 32, 'en_structure_trend': False, 'structure_trend_swing_l': 13, 'en_order_block': True, 'order_block_swing_l': 10, 'en_fvg': True, 'fvg_lookback': 2, 'en_ifvg': False, 'en_breaker': False, 'breaker_swing_l': 3, 'en_cisd': False, 'k': 1, 'en_cap_bars': False, 'cap_1min': 536}.
[I 2026-07-13 14:22:05,107] Trial 1867 finished with values: [4004.771283235277, -6778.001337552123, 50.0] and parameters: {'sl_soft': 101.80942719722671, 'sl_hard_delta': 11.390606241576373, 'tp': 202.23864775877112, 'gate_pct': 86.68863637915473, 'dd_limit': 1999.8957659662658, 'cooldown': 0, 'flip': False, 'en_ema_trend': False, 'ema_trend_fast': 121, 'ema_trend_slow': 274, 'en_sma_trend': False, 'sma_trend_fast': 97, 'sma_trend_slow': 383, 'en_macd': True, 'macd_fast': 18, 'macd_slow': 4, 'macd_signal': 36, 'en_vwap': True, 'en_keltner': False, 'keltner_n': 68, 'keltner_m': 1.3, 'en_obv': False, 'obv_slope': 30, 'en_cci': False, 'cci_n': 69, 'cci_threshold': 80, 'en_rsi': True, 'rsi_n': 95, 'rsi_lower': 18, 'rsi_upper': 99, 'en_stochastic': True, 'stochastic_n': 87, 'stochastic_d': 32, 'stochastic_lower': 14, 'stochastic_upper': 93, 'en_mfi': True, 'mfi_n': 30, 'mfi_lower': 16, 'mfi_upper': 61, 'en_bollinger': False, 'bollinger_n': 125, 'bollinger_k': 2.9000000000000004, 'en_adx': False, 'adx_n': 20, 'adx_threshold': 26, 'en_structure_trend': False, 'structure_trend_swing_l': 5, 'en_order_block': True, 'order_block_swing_l': 3, 'en_fvg': True, 'fvg_lookback': 2, 'en_ifvg': True, 'en_breaker': False, 'breaker_swing_l': 16, 'en_cisd': False, 'k': 1, 'en_cap_bars': True, 'cap_1min': 995}.
[I 2026-07-13 14:22:05,467] Trial 1868 finished with values: [9294.709204269238, -11003.399390294799, 78.35] and parameters: {'sl_soft': 149.03712664266078, 'sl_hard_delta': 11.390606241576373, 'tp': 53.005120252774546, 'gate_pct': 90.58589496909323, 'dd_limit': 2056.379634857657, 'cooldown': 0, 'flip': False, 'en_ema_trend': True, 'ema_trend_fast': 121, 'ema_trend_slow': 125, 'en_sma_trend': True, 'sma_trend_fast': 97, 'sma_trend_slow': 268, 'en_macd': False, 'macd_fast': 18, 'macd_slow': 94, 'macd_signal': 36, 'en_vwap': True, 'en_keltner': True, 'keltner_n': 43, 'keltner_m': 3.8000000000000003, 'en_obv': False, 'obv_slope': 68, 'en_cci': False, 'cci_n': 69, 'cci_threshold': 60, 'en_rsi': True, 'rsi_n': 58, 'rsi_lower': 24, 'rsi_upper': 94, 'en_stochastic': True, 'stochastic_n': 87, 'stochastic_d': 32, 'stochastic_lower': 14, 'stochastic_upper': 96, 'en_mfi': True, 'mfi_n': 47, 'mfi_lower': 16, 'mfi_upper': 61, 'en_bollinger': False, 'bollinger_n': 125, 'bollinger_k': 2.9000000000000004, 'en_adx': False, 'adx_n': 12, 'adx_threshold': 32, 'en_structure_trend': True, 'structure_trend_swing_l': 5, 'en_order_block': False, 'order_block_swing_l': 15, 'en_fvg': False, 'fvg_lookback': 2, 'en_ifvg': False, 'en_breaker': True, 'breaker_swing_l': 9, 'en_cisd': False, 'k': 1, 'en_cap_bars': True, 'cap_1min': 1383}.
