[I 2026-07-13 13:58:04,353] Trial 812 finished with values: [5202.601556618392, -6005.81920581506, 55.05] and parameters: {'sl_soft': 138.62987390379863, 'sl_hard_delta': 11.390606241576373, 'tp': 153.29255961489858, 'gate_pct': 83.64801344627064, 'dd_limit': 284.21555044074455, 'cooldown': 0, 'flip': False, 'en_ema_trend': True, 'ema_trend_fast': 26, 'ema_trend_slow': 125, 'en_sma_trend': True, 'sma_trend_fast': 7, 'sma_trend_slow': 160, 'en_macd': False, 'macd_fast': 44, 'macd_slow': 62, 'macd_signal': 33, 'en_vwap': True, 'en_keltner': False, 'keltner_n': 179, 'keltner_m': 0.8, 'en_obv': False, 'obv_slope': 148, 'en_cci': False, 'cci_n': 69, 'cci_threshold': 255, 'en_rsi': True, 'rsi_n': 94, 'rsi_lower': 18, 'rsi_upper': 81, 'en_stochastic': True, 'stochastic_n': 77, 'stochastic_d': 33, 'stochastic_lower': 14, 'stochastic_upper': 82, 'en_mfi': False, 'mfi_n': 70, 'mfi_lower': 5, 'mfi_upper': 87, 'en_bollinger': False, 'bollinger_n': 108, 'bollinger_k': 4.1, 'en_adx': False, 'adx_n': 79, 'adx_threshold': 26, 'en_structure_trend': False, 'structure_trend_swing_l': 17, 'en_order_block': False, 'order_block_swing_l': 15, 'en_fvg': True, 'fvg_lookback': 11, 'en_ifvg': True, 'en_breaker': False, 'breaker_swing_l': 12, 'en_cisd': True, 'k': 3, 'en_cap_bars': False, 'cap_1min': 536}.
[I 2026-07-13 13:58:05,597] Trial 813 finished with values: [5664.880700537142, -19545.982978488028, 33.3] and parameters: {'sl_soft': 65.14851803936261, 'sl_hard_delta': 8.589168958610905, 'tp': 202.23864775877112, 'gate_pct': 85.18598170405104, 'dd_limit': 2056.379634857657, 'cooldown': 1, 'flip': False, 'en_ema_trend': True, 'ema_trend_fast': 384, 'ema_trend_slow': 304, 'en_sma_trend': True, 'sma_trend_fast': 39, 'sma_trend_slow': 268, 'en_macd': False, 'macd_fast': 64, 'macd_slow': 161, 'macd_signal': 60, 'en_vwap': True, 'en_keltner': True, 'keltner_n': 43, 'keltner_m': 3.8000000000000003, 'en_obv': False, 'obv_slope': 21, 'en_cci': False, 'cci_n': 136, 'cci_threshold': 80, 'en_rsi': True, 'rsi_n': 94, 'rsi_lower': 12, 'rsi_upper': 81, 'en_stochastic': False, 'stochastic_n': 87, 'stochastic_d': 21, 'stochastic_lower': 40, 'stochastic_upper': 82, 'en_mfi': False, 'mfi_n': 30, 'mfi_lower': 8, 'mfi_upper': 75, 'en_bollinger': False, 'bollinger_n': 22, 'bollinger_k': 3.4000000000000004, 'en_adx': False, 'adx_n': 30, 'adx_threshold': 51, 'en_structure_trend': False, 'structure_trend_swing_l': 5, 'en_order_block': True, 'order_block_swing_l': 13, 'en_fvg': False, 'fvg_lookback': 24, 'en_ifvg': False, 'en_breaker': False, 'breaker_swing_l': 8, 'en_cisd': True, 'k': 3, 'en_cap_bars': False, 'cap_1min': 995}.
[I 2026-07-13 13:58:06,593] Trial 814 finished with values: [7129.537773085613, -9383.768699797438, 41.2] and parameters: {'sl_soft': 65.14851803936261, 'sl_hard_delta': 8.589168958610905, 'tp': 187.44956402418418, 'gate_pct': 90.58589496909323, 'dd_limit': 284.21555044074455, 'cooldown': 0, 'flip': False, 'en_ema_trend': True, 'ema_trend_fast': 39, 'ema_trend_slow': 125, 'en_sma_trend': True, 'sma_trend_fast': 7, 'sma_trend_slow': 160, 'en_macd': True, 'macd_fast': 24, 'macd_slow': 158, 'macd_signal': 33, 'en_vwap': True, 'en_keltner': False, 'keltner_n': 179, 'keltner_m': 3.7, 'en_obv': False, 'obv_slope': 75, 'en_cci': False, 'cci_n': 89, 'cci_threshold': 60, 'en_rsi': True, 'rsi_n': 94, 'rsi_lower': 3, 'rsi_upper': 99, 'en_stochastic': False, 'stochastic_n': 87, 'stochastic_d': 15, 'stochastic_lower': 14, 'stochastic_upper': 93, 'en_mfi': True, 'mfi_n': 70, 'mfi_lower': 8, 'mfi_upper': 87, 'en_bollinger': False, 'bollinger_n': 108, 'bollinger_k': 4.1, 'en_adx': False, 'adx_n': 79, 'adx_threshold': 39, 'en_structure_trend': True, 'structure_trend_swing_l': 17, 'en_order_block': False, 'order_block_swing_l': 8, 'en_fvg': True, 'fvg_lookback': 11, 'en_ifvg': True, 'en_breaker': False, 'breaker_swing_l': 9, 'en_cisd': True, 'k': 3, 'en_cap_bars': False, 'cap_1min': 522}.
[I 2026-07-13 13:58:06,922] Trial 815 finished with values: [5433.7288606661605, -3864.69278483346, 77.35] and parameters: {'sl_soft': 149.03712664266078, 'sl_hard_delta': 107.77325814821194, 'tp': 53.005120252774546, 'gate_pct': 85.18598170405104, 'dd_limit': 2056.379634857657, 'cooldown': 0, 'flip': False, 'en_ema_trend': False, 'ema_trend_fast': 26, 'ema_trend_slow': 33, 'en_sma_trend': True, 'sma_trend_fast': 39, 'sma_trend_slow': 265, 'en_macd': True, 'macd_fast': 24, 'macd_slow': 65, 'macd_signal': 36, 'en_vwap': True, 'en_keltner': False, 'keltner_n': 68, 'keltner_m': 1.5, 'en_obv': False, 'obv_slope': 148, 'en_cci': False, 'cci_n': 69, 'cci_threshold': 60, 'en_rsi': True, 'rsi_n': 95, 'rsi_lower': 18, 'rsi_upper': 99, 'en_stochastic': True, 'stochastic_n': 45, 'stochastic_d': 32, 'stochastic_lower': 14, 'stochastic_upper': 63, 'en_mfi': True, 'mfi_n': 30, 'mfi_lower': 19, 'mfi_upper': 82, 'en_bollinger': False, 'bollinger_n': 125, 'bollinger_k': 2.9000000000000004, 'en_adx': False, 'adx_n': 30, 'adx_threshold': 26, 'en_structure_trend': False, 'structure_trend_swing_l': 5, 'en_order_block': True, 'order_block_swing_l': 10, 'en_fvg': True, 'fvg_lookback': 2, 'en_ifvg': False, 'en_breaker': False, 'breaker_swing_l': 18, 'en_cisd': False, 'k': 5, 'en_cap_bars': True, 'cap_1min': 536}.
[I 2026-07-13 13:58:08,010] Trial 816 finished with values: [-4837.164421336529, -20964.449095448726, 62.5] and parameters: {'sl_soft': 101.80942719722671, 'sl_hard_delta': 107.77325814821194, 'tp': 53.005120252774546, 'gate_pct': 85.18598170405104, 'dd_limit': 2056.379634857657, 'cooldown': 0, 'flip': False, 'en_ema_trend': True, 'ema_trend_fast': 197, 'ema_trend_slow': 33, 'en_sma_trend': False, 'sma_trend_fast': 97, 'sma_trend_slow': 160, 'en_macd': False, 'macd_fast': 52, 'macd_slow': 65, 'macd_signal': 60, 'en_vwap': True, 'en_keltner': False, 'keltner_n': 68, 'keltner_m': 3.8000000000000003, 'en_obv': True, 'obv_slope': 101, 'en_cci': False, 'cci_n': 69, 'cci_threshold': 255, 'en_rsi': True, 'rsi_n': 95, 'rsi_lower': 18, 'rsi_upper': 99, 'en_stochastic': False, 'stochastic_n': 45, 'stochastic_d': 22, 'stochastic_lower': 25, 'stochastic_upper': 96, 'en_mfi': True, 'mfi_n': 46, 'mfi_lower': 28, 'mfi_upper': 75, 'en_bollinger': False, 'bollinger_n': 125, 'bollinger_k': 3.4000000000000004, 'en_adx': False, 'adx_n': 29, 'adx_threshold': 26, 'en_structure_trend': False, 'structure_trend_swing_l': 13, 'en_order_block': False, 'order_block_swing_l': 10, 'en_fvg': False, 'fvg_lookback': 36, 'en_ifvg': True, 'en_breaker': False, 'breaker_swing_l': 6, 'en_cisd': False, 'k': 3, 'en_cap_bars': False, 'cap_1min': 898}.
[I 2026-07-13 13:58:08,385] Trial 817 finished with values: [5221.375854213002, -13261.380557256925, 30.75] and parameters: {'sl_soft': 31.115146080326227, 'sl_hard_delta': 11.390606241576373, 'tp': 153.29255961489858, 'gate_pct': 90.58589496909323, 'dd_limit': 1534.8083975244724, 'cooldown': 0, 'flip': False, 'en_ema_trend': False, 'ema_trend_fast': 26, 'ema_trend_slow': 125, 'en_sma_trend': True, 'sma_trend_fast': 334, 'sma_trend_slow': 268, 'en_macd': False, 'macd_fast': 52, 'macd_slow': 45, 'macd_signal': 36, 'en_vwap': True, 'en_keltner': True, 'keltner_n': 68, 'keltner_m': 3.5, 'en_obv': False, 'obv_slope': 148, 'en_cci': False, 'cci_n': 69, 'cci_threshold': 60, 'en_rsi': True, 'rsi_n': 95, 'rsi_lower': 9, 'rsi_upper': 99, 'en_stochastic': False, 'stochastic_n': 52, 'stochastic_d': 33, 'stochastic_lower': 14, 'stochastic_upper': 93, 'en_mfi': True, 'mfi_n': 47, 'mfi_lower': 16, 'mfi_upper': 87, 'en_bollinger': False, 'bollinger_n': 125, 'bollinger_k': 1.0, 'en_adx': False, 'adx_n': 12, 'adx_threshold': 26, 'en_structure_trend': False, 'structure_trend_swing_l': 5, 'en_order_block': True, 'order_block_swing_l': 15, 'en_fvg': True, 'fvg_lookback': 2, 'en_ifvg': False, 'en_breaker': False, 'breaker_swing_l': 9, 'en_cisd': False, 'k': 1, 'en_cap_bars': True, 'cap_1min': 591}.
[I 2026-07-13 13:58:09,845] Trial 818 finished with values: [6219.318865526293, -11125.0, 46.0] and parameters: {'sl_soft': 65.14851803936261, 'sl_hard_delta': 194.09616735845105, 'tp': 202.23864775877112, 'gate_pct': 90.58589496909323, 'dd_limit': 1999.8957659662658, 'cooldown': 0, 'flip': False, 'en_ema_trend': True, 'ema_trend_fast': 197, 'ema_trend_slow': 83, 'en_sma_trend': True, 'sma_trend_fast': 97, 'sma_trend_slow': 268, 'en_macd': True, 'macd_fast': 24, 'macd_slow': 4, 'macd_signal': 59, 'en_vwap': True, 'en_keltner': True, 'keltner_n': 123, 'keltner_m': 3.8000000000000003, 'en_obv': False, 'obv_slope': 148, 'en_cci': False, 'cci_n': 69, 'cci_threshold': 60, 'en_rsi': True, 'rsi_n': 95, 'rsi_lower': 18, 'rsi_upper': 99, 'en_stochastic': True, 'stochastic_n': 82, 'stochastic_d': 33, 'stochastic_lower': 14, 'stochastic_upper': 93, 'en_mfi': True, 'mfi_n': 48, 'mfi_lower': 16, 'mfi_upper': 61, 'en_bollinger': False, 'bollinger_n': 125, 'bollinger_k': 2.9000000000000004, 'en_adx': False, 'adx_n': 29, 'adx_threshold': 26, 'en_structure_trend': False, 'structure_trend_swing_l': 5, 'en_order_block': False, 'order_block_swing_l': 15, 'en_fvg': False, 'fvg_lookback': 25, 'en_ifvg': True, 'en_breaker': False, 'breaker_swing_l': 9, 'en_cisd': False, 'k': 1, 'en_cap_bars': True, 'cap_1min': 536}.
[I 2026-07-13 13:58:11,240] Trial 819 finished with values: [14457.648371757023, -10451.486118847679, 48.7] and parameters: {'sl_soft': 65.14851803936261, 'sl_hard_delta': 11.390606241576373, 'tp': 187.44956402418418, 'gate_pct': 90.58589496909323, 'dd_limit': 1999.8957659662658, 'cooldown': 0, 'flip': False, 'en_ema_trend': False, 'ema_trend_fast': 26, 'ema_trend_slow': 304, 'en_sma_trend': True, 'sma_trend_fast': 97, 'sma_trend_slow': 268, 'en_macd': True, 'macd_fast': 80, 'macd_slow': 4, 'macd_signal': 36, 'en_vwap': True, 'en_keltner': False, 'keltner_n': 68, 'keltner_m': 3.5, 'en_obv': False, 'obv_slope': 148, 'en_cci': False, 'cci_n': 69, 'cci_threshold': 60, 'en_rsi': True, 'rsi_n': 95, 'rsi_lower': 1, 'rsi_upper': 99, 'en_stochastic': True, 'stochastic_n': 87, 'stochastic_d': 33, 'stochastic_lower': 14, 'stochastic_upper': 93, 'en_mfi': True, 'mfi_n': 47, 'mfi_lower': 5, 'mfi_upper': 61, 'en_bollinger': False, 'bollinger_n': 197, 'bollinger_k': 1.0, 'en_adx': False, 'adx_n': 20, 'adx_threshold': 26, 'en_structure_trend': False, 'structure_trend_swing_l': 5, 'en_order_block': True, 'order_block_swing_l': 13, 'en_fvg': False, 'fvg_lookback': 2, 'en_ifvg': True, 'en_breaker': False, 'breaker_swing_l': 16, 'en_cisd': False, 'k': 1, 'en_cap_bars': False, 'cap_1min': 536}.
[I 2026-07-13 13:58:13,014] Trial 820 finished with values: [8211.342015738628, -4620.0, 55.8] and parameters: {'sl_soft': 65.14851803936261, 'sl_hard_delta': 21.653050796970884, 'tp': 153.29255961489858, 'gate_pct': 86.68863637915473, 'dd_limit': 1999.8957659662658, 'cooldown': 0, 'flip': False, 'en_ema_trend': False, 'ema_trend_fast': 121, 'ema_trend_slow': 125, 'en_sma_trend': False, 'sma_trend_fast': 223, 'sma_trend_slow': 268, 'en_macd': False, 'macd_fast': 24, 'macd_slow': 45, 'macd_signal': 36, 'en_vwap': True, 'en_keltner': True, 'keltner_n': 68, 'keltner_m': 1.7000000000000002, 'en_obv': False, 'obv_slope': 148, 'en_cci': False, 'cci_n': 141, 'cci_threshold': 60, 'en_rsi': True, 'rsi_n': 95, 'rsi_lower': 18, 'rsi_upper': 99, 'en_stochastic': True, 'stochastic_n': 86, 'stochastic_d': 33, 'stochastic_lower': 14, 'stochastic_upper': 93, 'en_mfi': True, 'mfi_n': 47, 'mfi_lower': 16, 'mfi_upper': 61, 'en_bollinger': False, 'bollinger_n': 27, 'bollinger_k': 1.0, 'en_adx': False, 'adx_n': 12, 'adx_threshold': 26, 'en_structure_trend': False, 'structure_trend_swing_l': 5, 'en_order_block': True, 'order_block_swing_l': 15, 'en_fvg': True, 'fvg_lookback': 2, 'en_ifvg': True, 'en_breaker': False, 'breaker_swing_l': 9, 'en_cisd': False, 'k': 1, 'en_cap_bars': True, 'cap_1min': 536}.
[I 2026-07-13 13:58:14,457] Trial 821 pruned. 
[I 2026-07-13 13:58:19,959] Trial 822 finished with values: [9320.727962403726, -9551.681582321326, 57.8] and parameters: {'sl_soft': 138.62987390379863, 'sl_hard_delta': 15.906489533621171, 'tp': 202.23864775877112, 'gate_pct': 90.58589496909323, 'dd_limit': 1999.8957659662658, 'cooldown': 0, 'flip': False, 'en_ema_trend': False, 'ema_trend_fast': 26, 'ema_trend_slow': 129, 'en_sma_trend': True, 'sma_trend_fast': 7, 'sma_trend_slow': 160, 'en_macd': False, 'macd_fast': 94, 'macd_slow': 158, 'macd_signal': 33, 'en_vwap': True, 'en_keltner': False, 'keltner_n': 179, 'keltner_m': 0.8, 'en_obv': False, 'obv_slope': 75, 'en_cci': True, 'cci_n': 69, 'cci_threshold': 255, 'en_rsi': True, 'rsi_n': 95, 'rsi_lower': 18, 'rsi_upper': 99, 'en_stochastic': True, 'stochastic_n': 86, 'stochastic_d': 27, 'stochastic_lower': 14, 'stochastic_upper': 82, 'en_mfi': True, 'mfi_n': 47, 'mfi_lower': 8, 'mfi_upper': 61, 'en_bollinger': False, 'bollinger_n': 125, 'bollinger_k': 4.1, 'en_adx': False, 'adx_n': 20, 'adx_threshold': 32, 'en_structure_trend': False, 'structure_trend_swing_l': 5, 'en_order_block': False, 'order_block_swing_l': 8, 'en_fvg': True, 'fvg_lookback': 2, 'en_ifvg': True, 'en_breaker': False, 'breaker_swing_l': 9, 'en_cisd': False, 'k': 1, 'en_cap_bars': True, 'cap_1min': 536}.
[I 2026-07-13 13:58:22,514] Trial 823 finished with values: [13547.841629055474, -6358.636669233965, 59.6] and parameters: {'sl_soft': 101.80942719722671, 'sl_hard_delta': 15.906489533621171, 'tp': 202.23864775877112, 'gate_pct': 90.58589496909323, 'dd_limit': 1999.8957659662658, 'cooldown': 0, 'flip': False, 'en_ema_trend': True, 'ema_trend_fast': 26, 'ema_trend_slow': 129, 'en_sma_trend': True, 'sma_trend_fast': 281, 'sma_trend_slow': 160, 'en_macd': True, 'macd_fast': 52, 'macd_slow': 94, 'macd_signal': 59, 'en_vwap': True, 'en_keltner': False, 'keltner_n': 179, 'keltner_m': 0.8, 'en_obv': False, 'obv_slope': 148, 'en_cci': False, 'cci_n': 69, 'cci_threshold': 255, 'en_rsi': True, 'rsi_n': 95, 'rsi_lower': 12, 'rsi_upper': 99, 'en_stochastic': True, 'stochastic_n': 82, 'stochastic_d': 33, 'stochastic_lower': 14, 'stochastic_upper': 82, 'en_mfi': True, 'mfi_n': 47, 'mfi_lower': 5, 'mfi_upper': 61, 'en_bollinger': False, 'bollinger_n': 125, 'bollinger_k': 1.0, 'en_adx': False, 'adx_n': 20, 'adx_threshold': 26, 'en_structure_trend': True, 'structure_trend_swing_l': 16, 'en_order_block': False, 'order_block_swing_l': 3, 'en_fvg': False, 'fvg_lookback': 25, 'en_ifvg': True, 'en_breaker': False, 'breaker_swing_l': 6, 'en_cisd': False, 'k': 1, 'en_cap_bars': False, 'cap_1min': 536}.
[I 2026-07-13 13:58:22,853] Trial 824 finished with values: [9529.205343114008, -10185.0, 51.2] and parameters: {'sl_soft': 65.14851803936261, 'sl_hard_delta': 194.09616735845105, 'tp': 202.23864775877112, 'gate_pct': 89.05172352244134, 'dd_limit': 1999.8957659662658, 'cooldown': 0, 'flip': False, 'en_ema_trend': True, 'ema_trend_fast': 197, 'ema_trend_slow': 150, 'en_sma_trend': False, 'sma_trend_fast': 97, 'sma_trend_slow': 383, 'en_macd': True, 'macd_fast': 24, 'macd_slow': 4, 'macd_signal': 36, 'en_vwap': True, 'en_keltner': True, 'keltner_n': 123, 'keltner_m': 3.8000000000000003, 'en_obv': False, 'obv_slope': 101, 'en_cci': False, 'cci_n': 69, 'cci_threshold': 160, 'en_rsi': True, 'rsi_n': 95, 'rsi_lower': 18, 'rsi_upper': 99, 'en_stochastic': True, 'stochastic_n': 82, 'stochastic_d': 33, 'stochastic_lower': 14, 'stochastic_upper': 93, 'en_mfi': True, 'mfi_n': 48, 'mfi_lower': 16, 'mfi_upper': 59, 'en_bollinger': False, 'bollinger_n': 125, 'bollinger_k': 1.0, 'en_adx': False, 'adx_n': 12, 'adx_threshold': 26, 'en_structure_trend': False, 'structure_trend_swing_l': 16, 'en_order_block': False, 'order_block_swing_l': 15, 'en_fvg': False, 'fvg_lookback': 2, 'en_ifvg': True, 'en_breaker': True, 'breaker_swing_l': 9, 'en_cisd': False, 'k': 1, 'en_cap_bars': True, 'cap_1min': 536}.
[I 2026-07-13 13:58:27,470] Trial 825 finished with values: [1194.1195452967077, -7671.904505258426, 68.25] and parameters: {'sl_soft': 149.03712664266078, 'sl_hard_delta': 11.390606241576373, 'tp': 53.005120252774546, 'gate_pct': 86.68863637915473, 'dd_limit': 2056.379634857657, 'cooldown': 0, 'flip': False, 'en_ema_trend': True, 'ema_trend_fast': 26, 'ema_trend_slow': 33, 'en_sma_trend': False, 'sma_trend_fast': 248, 'sma_trend_slow': 265, 'en_macd': False, 'macd_fast': 61, 'macd_slow': 65, 'macd_signal': 60, 'en_vwap': True, 'en_keltner': True, 'keltner_n': 43, 'keltner_m': 3.8000000000000003, 'en_obv': True, 'obv_slope': 7, 'en_cci': False, 'cci_n': 141, 'cci_threshold': 60, 'en_rsi': True, 'rsi_n': 95, 'rsi_lower': 18, 'rsi_upper': 71, 'en_stochastic': True, 'stochastic_n': 45, 'stochastic_d': 27, 'stochastic_lower': 14, 'stochastic_upper': 92, 'en_mfi': True, 'mfi_n': 47, 'mfi_lower': 16, 'mfi_upper': 61, 'en_bollinger': False, 'bollinger_n': 125, 'bollinger_k': 3.4000000000000004, 'en_adx': False, 'adx_n': 51, 'adx_threshold': 32, 'en_structure_trend': False, 'structure_trend_swing_l': 13, 'en_order_block': False, 'order_block_swing_l': 10, 'en_fvg': False, 'fvg_lookback': 6, 'en_ifvg': True, 'en_breaker': True, 'breaker_swing_l': 3, 'en_cisd': False, 'k': 4, 'en_cap_bars': False, 'cap_1min': 536}.
[I 2026-07-13 13:58:29,112] Trial 826 finished with values: [7311.024732707701, -8173.843721414596, 43.05] and parameters: {'sl_soft': 65.14851803936261, 'sl_hard_delta': 11.390606241576373, 'tp': 153.29255961489858, 'gate_pct': 85.18598170405104, 'dd_limit': 2056.379634857657, 'cooldown': 0, 'flip': False, 'en_ema_trend': True, 'ema_trend_fast': 121, 'ema_trend_slow': 33, 'en_sma_trend': True, 'sma_trend_fast': 97, 'sma_trend_slow': 265, 'en_macd': False, 'macd_fast': 18, 'macd_slow': 91, 'macd_signal': 36, 'en_vwap': True, 'en_keltner': True, 'keltner_n': 43, 'keltner_m': 3.8000000000000003, 'en_obv': False, 'obv_slope': 68, 'en_cci': True, 'cci_n': 69, 'cci_threshold': 160, 'en_rsi': True, 'rsi_n': 58, 'rsi_lower': 12, 'rsi_upper': 71, 'en_stochastic': False, 'stochastic_n': 45, 'stochastic_d': 33, 'stochastic_lower': 25, 'stochastic_upper': 93, 'en_mfi': True, 'mfi_n': 47, 'mfi_lower': 16, 'mfi_upper': 61, 'en_bollinger': False, 'bollinger_n': 22, 'bollinger_k': 2.9000000000000004, 'en_adx': False, 'adx_n': 30, 'adx_threshold': 26, 'en_structure_trend': False, 'structure_trend_swing_l': 13, 'en_order_block': True, 'order_block_swing_l': 3, 'en_fvg': False, 'fvg_lookback': 36, 'en_ifvg': True, 'en_breaker': False, 'breaker_swing_l': 3, 'en_cisd': False, 'k': 1, 'en_cap_bars': False, 'cap_1min': 309}.
[I 2026-07-13 13:58:29,814] Trial 827 finished with values: [3025.37792397874, -15405.490860428836, 68.44999999999999] and parameters: {'sl_soft': 149.03712664266078, 'sl_hard_delta': 107.77325814821194, 'tp': 53.005120252774546, 'gate_pct': 85.18598170405104, 'dd_limit': 2056.379634857657, 'cooldown': 0, 'flip': False, 'en_ema_trend': True, 'ema_trend_fast': 352, 'ema_trend_slow': 33, 'en_sma_trend': False, 'sma_trend_fast': 248, 'sma_trend_slow': 265, 'en_macd': False, 'macd_fast': 64, 'macd_slow': 65, 'macd_signal': 60, 'en_vwap': True, 'en_keltner': True, 'keltner_n': 43, 'keltner_m': 3.8000000000000003, 'en_obv': True, 'obv_slope': 34, 'en_cci': False, 'cci_n': 24, 'cci_threshold': 80, 'en_rsi': True, 'rsi_n': 39, 'rsi_lower': 12, 'rsi_upper': 71, 'en_stochastic': False, 'stochastic_n': 45, 'stochastic_d': 32, 'stochastic_lower': 25, 'stochastic_upper': 63, 'en_mfi': True, 'mfi_n': 30, 'mfi_lower': 28, 'mfi_upper': 82, 'en_bollinger': False, 'bollinger_n': 22, 'bollinger_k': 4.300000000000001, 'en_adx': False, 'adx_n': 51, 'adx_threshold': 8, 'en_structure_trend': False, 'structure_trend_swing_l': 13, 'en_order_block': False, 'order_block_swing_l': 11, 'en_fvg': False, 'fvg_lookback': 36, 'en_ifvg': False, 'en_breaker': False, 'breaker_swing_l': 3, 'en_cisd': False, 'k': 5, 'en_cap_bars': False, 'cap_1min': 309}.
[I 2026-07-13 13:58:30,079] Trial 828 finished with values: [7031.280063193917, -5954.69278483346, 76.4] and parameters: {'sl_soft': 149.03712664266078, 'sl_hard_delta': 107.77325814821194, 'tp': 53.005120252774546, 'gate_pct': 85.18598170405104, 'dd_limit': 2056.379634857657, 'cooldown': 0, 'flip': False, 'en_ema_trend': True, 'ema_trend_fast': 352, 'ema_trend_slow': 33, 'en_sma_trend': False, 'sma_trend_fast': 248, 'sma_trend_slow': 265, 'en_macd': False, 'macd_fast': 64, 'macd_slow': 65, 'macd_signal': 60, 'en_vwap': True, 'en_keltner': True, 'keltner_n': 43, 'keltner_m': 3.8000000000000003, 'en_obv': True, 'obv_slope': 68, 'en_cci': False, 'cci_n': 24, 'cci_threshold': 80, 'en_rsi': True, 'rsi_n': 39, 'rsi_lower': 12, 'rsi_upper': 71, 'en_stochastic': True, 'stochastic_n': 45, 'stochastic_d': 32, 'stochastic_lower': 25, 'stochastic_upper': 63, 'en_mfi': True, 'mfi_n': 30, 'mfi_lower': 28, 'mfi_upper': 61, 'en_bollinger': False, 'bollinger_n': 125, 'bollinger_k': 3.4000000000000004, 'en_adx': False, 'adx_n': 68, 'adx_threshold': 32, 'en_structure_trend': False, 'structure_trend_swing_l': 13, 'en_order_block': False, 'order_block_swing_l': 10, 'en_fvg': False, 'fvg_lookback': 36, 'en_ifvg': False, 'en_breaker': False, 'breaker_swing_l': 3, 'en_cisd': False, 'k': 1, 'en_cap_bars': False, 'cap_1min': 784}.
