── OPTIMIZER PLAN [4h] shared SL/TP · sampler=nsga3 ──
   dimensions: base 5c+2cat+3i = 10  |  indicators 18 on/off + 30 params  |  split 0  →  TOTAL 58 dims
   trials/dim 100  →  RECOMMENDED 5,800 trials  (∝ dimensions; grows if you add more)
[4h] loading inputs (NQ, pv=20) ...
[4h] 2119 decision bars; cooldown cap 2; bounds sl_soft[25, 153] sl_hard[34, 204] tp[32, 236]; indicators on 1-MINUTE frame
/home/dev/Mulham/wsg-i/Parametric-Indicators/optimize/optimizer.py:261: ExperimentalWarning: NSGAIIISampler is experimental (supported from v3.2.0). The interface can change in the future.
  return optuna.samplers.NSGAIIISampler(seed=seed, constraints_func=constraints_func)
[4h] sampler = nsga3 → NSGAIIISampler  objective=<function run.<locals>.objective at 0x7d0159327920>  dd_pnl_cap=0.25
[I 2026-07-13 13:30:38,329] A new study created in RDB with name: eod1_4h
[I 2026-07-13 13:30:38,790] Trial 0 pruned. 
[I 2026-07-13 13:30:39,326] Trial 1 finished with values: [-1295.2778697007307, -21920.0, 41.5] and parameters: {'sl_soft': 121.10394920142791, 'sl_hard_delta': 148.1035890114921, 'tp': 212.19444260598522, 'gate_pct': 62.36722070556089, 'dd_limit': 3754.712170136686, 'cooldown': 1, 'flip': True, 'en_ema_trend': True, 'ema_trend_fast': 266, 'ema_trend_slow': 250, 'en_sma_trend': True, 'sma_trend_fast': 181, 'sma_trend_slow': 232, 'en_macd': False, 'macd_fast': 91, 'macd_slow': 116, 'macd_signal': 1, 'en_vwap': False, 'en_keltner': True, 'keltner_n': 73, 'keltner_m': 4.6000000000000005, 'en_obv': False, 'obv_slope': 186, 'en_cci': True, 'cci_n': 36, 'cci_threshold': 55, 'en_rsi': False, 'rsi_n': 8, 'rsi_lower': 38, 'rsi_upper': 87, 'en_stochastic': False, 'stochastic_n': 14, 'stochastic_d': 1, 'stochastic_lower': 2, 'stochastic_upper': 52, 'en_mfi': True, 'mfi_n': 55, 'mfi_lower': 28, 'mfi_upper': 92, 'en_bollinger': True, 'bollinger_n': 118, 'bollinger_k': 4.9, 'en_adx': False, 'adx_n': 81, 'adx_threshold': 18, 'en_structure_trend': False, 'structure_trend_swing_l': 18, 'en_order_block': False, 'order_block_swing_l': 3, 'en_fvg': True, 'fvg_lookback': 3, 'en_ifvg': True, 'en_breaker': False, 'breaker_swing_l': 1, 'en_cisd': True, 'k': 3, 'en_cap_bars': True, 'cap_1min': 1072}.
[I 2026-07-13 13:30:39,660] Trial 2 finished with values: [1315.5819412433993, -11575.0, 35.0] and parameters: {'sl_soft': 50.014973581992805, 'sl_hard_delta': 118.59722116374459, 'tp': 229.8840777740157, 'gate_pct': 84.68288014900352, 'dd_limit': 1199.2387957379308, 'cooldown': 1, 'flip': True, 'en_ema_trend': False, 'ema_trend_fast': 29, 'ema_trend_slow': 196, 'en_sma_trend': False, 'sma_trend_fast': 128, 'sma_trend_slow': 396, 'en_macd': False, 'macd_fast': 56, 'macd_slow': 150, 'macd_signal': 67, 'en_vwap': False, 'en_keltner': True, 'keltner_n': 43, 'keltner_m': 3.9000000000000004, 'en_obv': True, 'obv_slope': 162, 'en_cci': True, 'cci_n': 106, 'cci_threshold': 280, 'en_rsi': False, 'rsi_n': 74, 'rsi_lower': 38, 'rsi_upper': 95, 'en_stochastic': False, 'stochastic_n': 25, 'stochastic_d': 31, 'stochastic_lower': 47, 'stochastic_upper': 97, 'en_mfi': True, 'mfi_n': 65, 'mfi_lower': 20, 'mfi_upper': 74, 'en_bollinger': False, 'bollinger_n': 186, 'bollinger_k': 4.7, 'en_adx': True, 'adx_n': 19, 'adx_threshold': 12, 'en_structure_trend': True, 'structure_trend_swing_l': 1, 'en_order_block': False, 'order_block_swing_l': 1, 'en_fvg': True, 'fvg_lookback': 7, 'en_ifvg': False, 'en_breaker': False, 'breaker_swing_l': 18, 'en_cisd': True, 'k': 3, 'en_cap_bars': True, 'cap_1min': 412}.
[I 2026-07-13 13:30:39,889] Trial 3 pruned. 
[I 2026-07-13 13:30:40,259] Trial 4 pruned. 
[I 2026-07-13 13:30:40,542] Trial 5 pruned. 
[I 2026-07-13 13:30:40,741] Trial 6 pruned. 
[I 2026-07-13 13:30:41,160] Trial 7 pruned. 
[I 2026-07-13 13:30:41,408] Trial 8 pruned. 
[I 2026-07-13 13:30:41,727] Trial 9 pruned. 
[I 2026-07-13 13:30:42,058] Trial 10 pruned. 
[I 2026-07-13 13:30:42,214] Trial 11 pruned. 
[I 2026-07-13 13:30:42,436] Trial 12 pruned. 
[I 2026-07-13 13:30:42,606] Trial 13 pruned. 
[I 2026-07-13 13:30:42,739] Trial 14 pruned. 
[I 2026-07-13 13:30:42,830] Trial 15 pruned. 
[I 2026-07-13 13:30:43,014] Trial 16 pruned. 
[I 2026-07-13 13:30:43,147] Trial 17 pruned. 
[I 2026-07-13 13:30:43,300] Trial 18 pruned. 
[I 2026-07-13 13:30:43,621] Trial 19 pruned. 
[I 2026-07-13 13:30:44,235] Trial 20 finished with values: [-6087.067444023851, -20213.573053896107, 43.05] and parameters: {'sl_soft': 91.60014539050451, 'sl_hard_delta': 169.00750220943615, 'tp': 135.17899490513275, 'gate_pct': 82.4858562385232, 'dd_limit': 1409.2254407162147, 'cooldown': 0, 'flip': False, 'en_ema_trend': True, 'ema_trend_fast': 383, 'ema_trend_slow': 34, 'en_sma_trend': True, 'sma_trend_fast': 91, 'sma_trend_slow': 307, 'en_macd': True, 'macd_fast': 12, 'macd_slow': 18, 'macd_signal': 63, 'en_vwap': False, 'en_keltner': True, 'keltner_n': 39, 'keltner_m': 4.6000000000000005, 'en_obv': True, 'obv_slope': 147, 'en_cci': True, 'cci_n': 59, 'cci_threshold': 105, 'en_rsi': False, 'rsi_n': 88, 'rsi_lower': 13, 'rsi_upper': 88, 'en_stochastic': False, 'stochastic_n': 49, 'stochastic_d': 33, 'stochastic_lower': 42, 'stochastic_upper': 60, 'en_mfi': False, 'mfi_n': 90, 'mfi_lower': 2, 'mfi_upper': 55, 'en_bollinger': False, 'bollinger_n': 85, 'bollinger_k': 1.2000000000000002, 'en_adx': False, 'adx_n': 32, 'adx_threshold': 23, 'en_structure_trend': True, 'structure_trend_swing_l': 17, 'en_order_block': False, 'order_block_swing_l': 12, 'en_fvg': True, 'fvg_lookback': 8, 'en_ifvg': False, 'en_breaker': True, 'breaker_swing_l': 5, 'en_cisd': True, 'k': 4, 'en_cap_bars': False, 'cap_1min': 1298}.
[I 2026-07-13 13:30:44,581] Trial 21 pruned. 
[I 2026-07-13 13:30:44,981] Trial 22 pruned. 
[I 2026-07-13 13:30:45,366] Trial 23 finished with values: [-5152.286055995428, -22713.477164720534, 50.1] and parameters: {'sl_soft': 128.47665364558617, 'sl_hard_delta': 26.661336177067163, 'tp': 141.34452526364967, 'gate_pct': 90.0783114706916, 'dd_limit': 3854.1591527691517, 'cooldown': 1, 'flip': False, 'en_ema_trend': True, 'ema_trend_fast': 324, 'ema_trend_slow': 361, 'en_sma_trend': True, 'sma_trend_fast': 95, 'sma_trend_slow': 120, 'en_macd': False, 'macd_fast': 47, 'macd_slow': 74, 'macd_signal': 59, 'en_vwap': True, 'en_keltner': False, 'keltner_n': 155, 'keltner_m': 1.6, 'en_obv': True, 'obv_slope': 2, 'en_cci': False, 'cci_n': 110, 'cci_threshold': 195, 'en_rsi': True, 'rsi_n': 63, 'rsi_lower': 12, 'rsi_upper': 88, 'en_stochastic': True, 'stochastic_n': 11, 'stochastic_d': 30, 'stochastic_lower': 13, 'stochastic_upper': 82, 'en_mfi': False, 'mfi_n': 67, 'mfi_lower': 40, 'mfi_upper': 90, 'en_bollinger': False, 'bollinger_n': 83, 'bollinger_k': 4.5, 'en_adx': False, 'adx_n': 58, 'adx_threshold': 55, 'en_structure_trend': True, 'structure_trend_swing_l': 17, 'en_order_block': False, 'order_block_swing_l': 3, 'en_fvg': False, 'fvg_lookback': 19, 'en_ifvg': False, 'en_breaker': False, 'breaker_swing_l': 11, 'en_cisd': False, 'k': 3, 'en_cap_bars': True, 'cap_1min': 914}.
[I 2026-07-13 13:30:45,585] Trial 24 pruned. 
[I 2026-07-13 13:30:45,791] Trial 25 pruned. 
[I 2026-07-13 13:30:45,937] Trial 26 pruned. 
[I 2026-07-13 13:30:46,121] Trial 27 pruned. 
[I 2026-07-13 13:30:46,378] Trial 28 pruned. 
[I 2026-07-13 13:30:46,631] Trial 29 pruned. 
[I 2026-07-13 13:30:50,276] Trial 30 pruned. 
[I 2026-07-13 13:30:51,270] Trial 31 pruned. 
[I 2026-07-13 13:30:52,599] Trial 32 pruned. 
[I 2026-07-13 13:30:52,990] Trial 33 pruned. 
[I 2026-07-13 13:31:01,444] Trial 34 finished with values: [-685.782761680166, -10702.192862598167, 42.25] and parameters: {'sl_soft': 49.869117707031904, 'sl_hard_delta': 179.24052542287495, 'tp': 69.023429101777, 'gate_pct': 63.90528592947753, 'dd_limit': 3704.134390989646, 'cooldown': 1, 'flip': False, 'en_ema_trend': True, 'ema_trend_fast': 159, 'ema_trend_slow': 266, 'en_sma_trend': False, 'sma_trend_fast': 362, 'sma_trend_slow': 154, 'en_macd': False, 'macd_fast': 80, 'macd_slow': 104, 'macd_signal': 54, 'en_vwap': False, 'en_keltner': False, 'keltner_n': 8, 'keltner_m': 1.7000000000000002, 'en_obv': True, 'obv_slope': 18, 'en_cci': True, 'cci_n': 184, 'cci_threshold': 90, 'en_rsi': True, 'rsi_n': 69, 'rsi_lower': 16, 'rsi_upper': 74, 'en_stochastic': False, 'stochastic_n': 88, 'stochastic_d': 37, 'stochastic_lower': 47, 'stochastic_upper': 68, 'en_mfi': False, 'mfi_n': 65, 'mfi_lower': 37, 'mfi_upper': 90, 'en_bollinger': True, 'bollinger_n': 164, 'bollinger_k': 3.8000000000000003, 'en_adx': True, 'adx_n': 19, 'adx_threshold': 17, 'en_structure_trend': True, 'structure_trend_swing_l': 13, 'en_order_block': False, 'order_block_swing_l': 7, 'en_fvg': False, 'fvg_lookback': 28, 'en_ifvg': False, 'en_breaker': True, 'breaker_swing_l': 7, 'en_cisd': True, 'k': 3, 'en_cap_bars': True, 'cap_1min': 583}.
[I 2026-07-13 13:31:02,276] Trial 35 pruned. 
[I 2026-07-13 13:31:06,099] Trial 36 finished with values: [-5157.80000919829, -15756.337798380118, 56.95] and parameters: {'sl_soft': 138.62344070140477, 'sl_hard_delta': 7.187179213285341, 'tp': 84.52148989676562, 'gate_pct': 65.16840317406685, 'dd_limit': 1428.9146667788111, 'cooldown': 0, 'flip': False, 'en_ema_trend': True, 'ema_trend_fast': 67, 'ema_trend_slow': 292, 'en_sma_trend': False, 'sma_trend_fast': 75, 'sma_trend_slow': 96, 'en_macd': True, 'macd_fast': 89, 'macd_slow': 120, 'macd_signal': 11, 'en_vwap': True, 'en_keltner': True, 'keltner_n': 36, 'keltner_m': 1.3, 'en_obv': True, 'obv_slope': 103, 'en_cci': False, 'cci_n': 152, 'cci_threshold': 245, 'en_rsi': False, 'rsi_n': 90, 'rsi_lower': 41, 'rsi_upper': 53, 'en_stochastic': False, 'stochastic_n': 58, 'stochastic_d': 29, 'stochastic_lower': 41, 'stochastic_upper': 69, 'en_mfi': True, 'mfi_n': 4, 'mfi_lower': 18, 'mfi_upper': 99, 'en_bollinger': False, 'bollinger_n': 160, 'bollinger_k': 4.2, 'en_adx': False, 'adx_n': 51, 'adx_threshold': 51, 'en_structure_trend': False, 'structure_trend_swing_l': 14, 'en_order_block': False, 'order_block_swing_l': 15, 'en_fvg': True, 'fvg_lookback': 31, 'en_ifvg': False, 'en_breaker': False, 'breaker_swing_l': 13, 'en_cisd': False, 'k': 2, 'en_cap_bars': False, 'cap_1min': 652}.
[I 2026-07-13 13:31:06,671] Trial 37 pruned. 
[I 2026-07-13 13:31:08,132] Trial 38 pruned. 
[I 2026-07-13 13:31:08,502] Trial 39 pruned. 
[I 2026-07-13 13:31:08,622] Trial 40 pruned. 
[I 2026-07-13 13:31:09,603] Trial 41 pruned. 
[I 2026-07-13 13:31:10,412] Trial 42 pruned. 
[I 2026-07-13 13:31:11,386] Trial 43 pruned. 
[I 2026-07-13 13:31:15,592] Trial 44 finished with values: [247.02868090807897, -6363.382616547533, 40.45] and parameters: {'sl_soft': 52.546836500905854, 'sl_hard_delta': 75.87229432647166, 'tp': 111.53049972954624, 'gate_pct': 57.542705711187445, 'dd_limit': 1391.824893112215, 'cooldown': 0, 'flip': True, 'en_ema_trend': True, 'ema_trend_fast': 55, 'ema_trend_slow': 274, 'en_sma_trend': True, 'sma_trend_fast': 82, 'sma_trend_slow': 328, 'en_macd': True, 'macd_fast': 16, 'macd_slow': 62, 'macd_signal': 30, 'en_vwap': True, 'en_keltner': False, 'keltner_n': 153, 'keltner_m': 3.7, 'en_obv': True, 'obv_slope': 19, 'en_cci': True, 'cci_n': 143, 'cci_threshold': 65, 'en_rsi': True, 'rsi_n': 94, 'rsi_lower': 3, 'rsi_upper': 91, 'en_stochastic': False, 'stochastic_n': 90, 'stochastic_d': 15, 'stochastic_lower': 40, 'stochastic_upper': 73, 'en_mfi': False, 'mfi_n': 70, 'mfi_lower': 8, 'mfi_upper': 78, 'en_bollinger': True, 'bollinger_n': 97, 'bollinger_k': 4.1, 'en_adx': False, 'adx_n': 79, 'adx_threshold': 28, 'en_structure_trend': True, 'structure_trend_swing_l': 17, 'en_order_block': False, 'order_block_swing_l': 4, 'en_fvg': True, 'fvg_lookback': 6, 'en_ifvg': True, 'en_breaker': False, 'breaker_swing_l': 2, 'en_cisd': True, 'k': 1, 'en_cap_bars': False, 'cap_1min': 971}.
[I 2026-07-13 13:31:16,469] Trial 45 pruned. 
[I 2026-07-13 13:31:16,601] Trial 46 pruned. 
[I 2026-07-13 13:31:17,995] Trial 47 pruned. 
[I 2026-07-13 13:31:19,018] Trial 48 pruned. 
[I 2026-07-13 13:31:19,415] Trial 49 pruned. 
[I 2026-07-13 13:31:32,643] Trial 50 finished with values: [-2171.961498832534, -10230.0, 50.0] and parameters: {'sl_soft': 149.80963527577666, 'sl_hard_delta': 115.20585674944431, 'tp': 127.01077002334873, 'gate_pct': 83.55253266864216, 'dd_limit': 1099.804619783285, 'cooldown': 2, 'flip': True, 'en_ema_trend': False, 'ema_trend_fast': 346, 'ema_trend_slow': 218, 'en_sma_trend': False, 'sma_trend_fast': 26, 'sma_trend_slow': 146, 'en_macd': True, 'macd_fast': 65, 'macd_slow': 154, 'macd_signal': 64, 'en_vwap': True, 'en_keltner': False, 'keltner_n': 6, 'keltner_m': 1.8, 'en_obv': True, 'obv_slope': 194, 'en_cci': False, 'cci_n': 125, 'cci_threshold': 85, 'en_rsi': False, 'rsi_n': 76, 'rsi_lower': 43, 'rsi_upper': 76, 'en_stochastic': True, 'stochastic_n': 84, 'stochastic_d': 9, 'stochastic_lower': 2, 'stochastic_upper': 86, 'en_mfi': False, 'mfi_n': 99, 'mfi_lower': 28, 'mfi_upper': 79, 'en_bollinger': True, 'bollinger_n': 14, 'bollinger_k': 2.1, 'en_adx': True, 'adx_n': 11, 'adx_threshold': 8, 'en_structure_trend': True, 'structure_trend_swing_l': 20, 'en_order_block': False, 'order_block_swing_l': 15, 'en_fvg': True, 'fvg_lookback': 1, 'en_ifvg': True, 'en_breaker': False, 'breaker_swing_l': 15, 'en_cisd': False, 'k': 1, 'en_cap_bars': True, 'cap_1min': 399}.
[I 2026-07-13 13:31:33,466] Trial 51 pruned. 
[I 2026-07-13 13:31:35,290] Trial 52 pruned. 
[I 2026-07-13 13:31:36,764] Trial 53 pruned. 
[I 2026-07-13 13:31:38,210] Trial 54 pruned. 
[I 2026-07-13 13:31:42,760] Trial 55 pruned. 
[I 2026-07-13 13:31:43,407] Trial 56 pruned. 
[I 2026-07-13 13:31:44,319] Trial 57 pruned. 
[I 2026-07-13 13:31:44,751] Trial 58 pruned. 
[I 2026-07-13 13:31:45,776] Trial 59 pruned. 
[I 2026-07-13 13:31:47,049] Trial 60 pruned. 
[I 2026-07-13 13:31:50,421] Trial 61 finished with values: [-1154.7258591600257, -10437.445171832005, 47.9] and parameters: {'sl_soft': 126.79943206899759, 'sl_hard_delta': 163.014555921974, 'tp': 96.62774140839844, 'gate_pct': 61.29515207255519, 'dd_limit': 3261.454909733871, 'cooldown': 0, 'flip': False, 'en_ema_trend': True, 'ema_trend_fast': 271, 'ema_trend_slow': 376, 'en_sma_trend': False, 'sma_trend_fast': 292, 'sma_trend_slow': 163, 'en_macd': True, 'macd_fast': 80, 'macd_slow': 190, 'macd_signal': 21, 'en_vwap': True, 'en_keltner': False, 'keltner_n': 200, 'keltner_m': 4.5, 'en_obv': False, 'obv_slope': 169, 'en_cci': False, 'cci_n': 88, 'cci_threshold': 260, 'en_rsi': True, 'rsi_n': 33, 'rsi_lower': 6, 'rsi_upper': 58, 'en_stochastic': False, 'stochastic_n': 66, 'stochastic_d': 12, 'stochastic_lower': 26, 'stochastic_upper': 57, 'en_mfi': True, 'mfi_n': 71, 'mfi_lower': 45, 'mfi_upper': 72, 'en_bollinger': False, 'bollinger_n': 22, 'bollinger_k': 2.5, 'en_adx': False, 'adx_n': 82, 'adx_threshold': 19, 'en_structure_trend': True, 'structure_trend_swing_l': 1, 'en_order_block': True, 'order_block_swing_l': 20, 'en_fvg': False, 'fvg_lookback': 4, 'en_ifvg': False, 'en_breaker': False, 'breaker_swing_l': 5, 'en_cisd': False, 'k': 4, 'en_cap_bars': False, 'cap_1min': 736}.
[I 2026-07-13 13:31:50,673] Trial 62 pruned. 
[I 2026-07-13 13:31:54,486] Trial 63 pruned. 
[I 2026-07-13 13:31:55,834] Trial 64 pruned. 
[I 2026-07-13 13:31:56,970] Trial 65 pruned. 
[I 2026-07-13 13:31:58,908] Trial 66 pruned. 
[I 2026-07-13 13:32:00,269] Trial 67 pruned. 
[I 2026-07-13 13:32:01,490] Trial 68 pruned. 
[I 2026-07-13 13:32:02,769] Trial 69 pruned. 
[I 2026-07-13 13:32:04,418] Trial 70 pruned. 
[I 2026-07-13 13:32:08,153] Trial 71 finished with values: [5083.495029594233, -13579.89370795629, 45.65] and parameters: {'sl_soft': 65.14851803936261, 'sl_hard_delta': 194.09616735845105, 'tp': 234.11650098647473, 'gate_pct': 86.68863637915473, 'dd_limit': 2309.304895037253, 'cooldown': 1, 'flip': False, 'en_ema_trend': False, 'ema_trend_fast': 121, 'ema_trend_slow': 364, 'en_sma_trend': False, 'sma_trend_fast': 45, 'sma_trend_slow': 14, 'en_macd': False, 'macd_fast': 52, 'macd_slow': 18, 'macd_signal': 45, 'en_vwap': True, 'en_keltner': True, 'keltner_n': 68, 'keltner_m': 1.5, 'en_obv': False, 'obv_slope': 7, 'en_cci': True, 'cci_n': 43, 'cci_threshold': 60, 'en_rsi': True, 'rsi_n': 95, 'rsi_lower': 7, 'rsi_upper': 94, 'en_stochastic': False, 'stochastic_n': 8, 'stochastic_d': 40, 'stochastic_lower': 40, 'stochastic_upper': 87, 'en_mfi': True, 'mfi_n': 45, 'mfi_lower': 16, 'mfi_upper': 61, 'en_bollinger': True, 'bollinger_n': 125, 'bollinger_k': 2.9000000000000004, 'en_adx': False, 'adx_n': 31, 'adx_threshold': 26, 'en_structure_trend': True, 'structure_trend_swing_l': 19, 'en_order_block': False, 'order_block_swing_l': 14, 'en_fvg': False, 'fvg_lookback': 14, 'en_ifvg': True, 'en_breaker': True, 'breaker_swing_l': 3, 'en_cisd': True, 'k': 1, 'en_cap_bars': True, 'cap_1min': 995}.
[I 2026-07-13 13:32:08,997] Trial 72 pruned. 
[I 2026-07-13 13:32:09,357] Trial 73 pruned. 
[I 2026-07-13 13:32:10,469] Trial 74 pruned. 
[I 2026-07-13 13:32:13,092] Trial 75 pruned. 
[I 2026-07-13 13:32:13,295] Trial 76 pruned. 
[I 2026-07-13 13:32:16,242] Trial 77 pruned. 
[I 2026-07-13 13:32:17,534] Trial 78 pruned. 
[I 2026-07-13 13:32:18,943] Trial 79 pruned. 
[I 2026-07-13 13:32:19,063] Trial 80 pruned. 
[I 2026-07-13 13:32:21,834] Trial 81 finished with values: [1048.9912853337592, -11770.0, 52.65] and parameters: {'sl_soft': 139.75890392656333, 'sl_hard_delta': 198.58844568146435, 'tp': 190.8497821333424, 'gate_pct': 83.33433192606572, 'dd_limit': 1535.4467068272781, 'cooldown': 2, 'flip': False, 'en_ema_trend': True, 'ema_trend_fast': 176, 'ema_trend_slow': 150, 'en_sma_trend': False, 'sma_trend_fast': 275, 'sma_trend_slow': 231, 'en_macd': True, 'macd_fast': 6, 'macd_slow': 111, 'macd_signal': 60, 'en_vwap': True, 'en_keltner': False, 'keltner_n': 129, 'keltner_m': 0.9, 'en_obv': True, 'obv_slope': 141, 'en_cci': False, 'cci_n': 12, 'cci_threshold': 45, 'en_rsi': False, 'rsi_n': 67, 'rsi_lower': 29, 'rsi_upper': 86, 'en_stochastic': False, 'stochastic_n': 74, 'stochastic_d': 30, 'stochastic_lower': 27, 'stochastic_upper': 86, 'en_mfi': False, 'mfi_n': 10, 'mfi_lower': 17, 'mfi_upper': 62, 'en_bollinger': False, 'bollinger_n': 20, 'bollinger_k': 3.8000000000000003, 'en_adx': False, 'adx_n': 68, 'adx_threshold': 48, 'en_structure_trend': False, 'structure_trend_swing_l': 15, 'en_order_block': False, 'order_block_swing_l': 12, 'en_fvg': True, 'fvg_lookback': 23, 'en_ifvg': True, 'en_breaker': True, 'breaker_swing_l': 16, 'en_cisd': False, 'k': 1, 'en_cap_bars': True, 'cap_1min': 304}.
[I 2026-07-13 13:32:22,544] Trial 82 pruned. 
[I 2026-07-13 13:32:23,122] Trial 83 pruned. 
[I 2026-07-13 13:32:24,326] Trial 84 pruned. 
[I 2026-07-13 13:32:25,161] Trial 85 pruned. 
[I 2026-07-13 13:32:25,304] Trial 86 pruned. 
[I 2026-07-13 13:32:27,004] Trial 87 pruned. 
[I 2026-07-13 13:32:29,331] Trial 88 pruned. 
[I 2026-07-13 13:32:30,619] Trial 89 pruned. 
[I 2026-07-13 13:32:31,322] Trial 90 pruned. 
[I 2026-07-13 13:32:33,979] Trial 91 pruned. 
[I 2026-07-13 13:32:34,823] Trial 92 pruned. 
[I 2026-07-13 13:32:34,908] Trial 93 pruned. 
[I 2026-07-13 13:32:35,766] Trial 94 pruned. 
[I 2026-07-13 13:32:37,367] Trial 95 pruned. 
[I 2026-07-13 13:32:38,102] Trial 96 pruned. 
[I 2026-07-13 13:32:44,829] Trial 97 finished with values: [673.3793484804846, -5140.0, 41.45] and parameters: {'sl_soft': 42.3404279736683, 'sl_hard_delta': 103.71095862258703, 'tp': 163.83793484804696, 'gate_pct': 96.7516051221724, 'dd_limit': 3809.763775730023, 'cooldown': 0, 'flip': True, 'en_ema_trend': False, 'ema_trend_fast': 282, 'ema_trend_slow': 334, 'en_sma_trend': False, 'sma_trend_fast': 268, 'sma_trend_slow': 29, 'en_macd': False, 'macd_fast': 88, 'macd_slow': 167, 'macd_signal': 24, 'en_vwap': False, 'en_keltner': False, 'keltner_n': 46, 'keltner_m': 0.9, 'en_obv': True, 'obv_slope': 177, 'en_cci': True, 'cci_n': 128, 'cci_threshold': 45, 'en_rsi': False, 'rsi_n': 6, 'rsi_lower': 38, 'rsi_upper': 55, 'en_stochastic': True, 'stochastic_n': 86, 'stochastic_d': 14, 'stochastic_lower': 40, 'stochastic_upper': 72, 'en_mfi': True, 'mfi_n': 45, 'mfi_lower': 13, 'mfi_upper': 73, 'en_bollinger': True, 'bollinger_n': 127, 'bollinger_k': 2.7, 'en_adx': False, 'adx_n': 35, 'adx_threshold': 20, 'en_structure_trend': False, 'structure_trend_swing_l': 17, 'en_order_block': False, 'order_block_swing_l': 12, 'en_fvg': False, 'fvg_lookback': 38, 'en_ifvg': False, 'en_breaker': True, 'breaker_swing_l': 15, 'en_cisd': False, 'k': 4, 'en_cap_bars': True, 'cap_1min': 85}.
[I 2026-07-13 13:32:46,074] Trial 98 pruned. 
[I 2026-07-13 13:32:47,214] Trial 99 pruned. 
[I 2026-07-13 13:32:48,478] Trial 100 pruned. 
[I 2026-07-13 13:32:49,487] Trial 101 pruned. 
[I 2026-07-13 13:32:51,025] Trial 102 pruned. 
[I 2026-07-13 13:32:51,843] Trial 103 pruned. 
