[I 2026-07-13 14:05:26,171] Trial 1077 finished with values: [2277.181557638978, -11180.0, 40.2] and parameters: {'sl_soft': 65.14851803936261, 'sl_hard_delta': 107.77325814821194, 'tp': 153.29255961489858, 'gate_pct': 86.68863637915473, 'dd_limit': 1999.8957659662658, 'cooldown': 0, 'flip': False, 'en_ema_trend': False, 'ema_trend_fast': 384, 'ema_trend_slow': 33, 'en_sma_trend': True, 'sma_trend_fast': 97, 'sma_trend_slow': 265, 'en_macd': True, 'macd_fast': 18, 'macd_slow': 65, 'macd_signal': 36, 'en_vwap': True, 'en_keltner': True, 'keltner_n': 68, 'keltner_m': 1.5, 'en_obv': False, 'obv_slope': 148, 'en_cci': False, 'cci_n': 69, 'cci_threshold': 60, 'en_rsi': True, 'rsi_n': 95, 'rsi_lower': 18, 'rsi_upper': 99, 'en_stochastic': True, 'stochastic_n': 45, 'stochastic_d': 32, 'stochastic_lower': 14, 'stochastic_upper': 63, 'en_mfi': True, 'mfi_n': 30, 'mfi_lower': 19, 'mfi_upper': 61, 'en_bollinger': False, 'bollinger_n': 125, 'bollinger_k': 2.9000000000000004, 'en_adx': False, 'adx_n': 30, 'adx_threshold': 26, 'en_structure_trend': False, 'structure_trend_swing_l': 5, 'en_order_block': False, 'order_block_swing_l': 15, 'en_fvg': True, 'fvg_lookback': 2, 'en_ifvg': False, 'en_breaker': False, 'breaker_swing_l': 9, 'en_cisd': False, 'k': 1, 'en_cap_bars': False, 'cap_1min': 536}.
[I 2026-07-13 14:05:26,501] Trial 1078 finished with values: [15773.866492392226, -7407.347456856296, 52.15] and parameters: {'sl_soft': 65.14851803936261, 'sl_hard_delta': 11.390606241576373, 'tp': 153.29255961489858, 'gate_pct': 89.05172352244134, 'dd_limit': 1999.8957659662658, 'cooldown': 1, 'flip': False, 'en_ema_trend': False, 'ema_trend_fast': 26, 'ema_trend_slow': 150, 'en_sma_trend': False, 'sma_trend_fast': 97, 'sma_trend_slow': 268, 'en_macd': True, 'macd_fast': 24, 'macd_slow': 4, 'macd_signal': 36, 'en_vwap': True, 'en_keltner': False, 'keltner_n': 179, 'keltner_m': 0.8, 'en_obv': False, 'obv_slope': 68, 'en_cci': False, 'cci_n': 69, 'cci_threshold': 60, 'en_rsi': True, 'rsi_n': 95, 'rsi_lower': 18, 'rsi_upper': 99, 'en_stochastic': False, 'stochastic_n': 82, 'stochastic_d': 33, 'stochastic_lower': 14, 'stochastic_upper': 93, 'en_mfi': True, 'mfi_n': 47, 'mfi_lower': 5, 'mfi_upper': 61, 'en_bollinger': False, 'bollinger_n': 125, 'bollinger_k': 1.0, 'en_adx': False, 'adx_n': 20, 'adx_threshold': 26, 'en_structure_trend': True, 'structure_trend_swing_l': 5, 'en_order_block': False, 'order_block_swing_l': 15, 'en_fvg': True, 'fvg_lookback': 2, 'en_ifvg': True, 'en_breaker': False, 'breaker_swing_l': 9, 'en_cisd': False, 'k': 1, 'en_cap_bars': False, 'cap_1min': 536}.
[I 2026-07-13 14:05:26,758] Trial 1079 finished with values: [8694.402428475769, -5244.0006687760615, 60.75] and parameters: {'sl_soft': 101.80942719722671, 'sl_hard_delta': 11.390606241576373, 'tp': 153.29255961489858, 'gate_pct': 86.68863637915473, 'dd_limit': 1999.8957659662658, 'cooldown': 0, 'flip': False, 'en_ema_trend': False, 'ema_trend_fast': 384, 'ema_trend_slow': 125, 'en_sma_trend': False, 'sma_trend_fast': 97, 'sma_trend_slow': 383, 'en_macd': False, 'macd_fast': 24, 'macd_slow': 4, 'macd_signal': 36, 'en_vwap': True, 'en_keltner': True, 'keltner_n': 68, 'keltner_m': 1.5, 'en_obv': False, 'obv_slope': 68, 'en_cci': False, 'cci_n': 69, 'cci_threshold': 60, 'en_rsi': True, 'rsi_n': 95, 'rsi_lower': 24, 'rsi_upper': 99, 'en_stochastic': True, 'stochastic_n': 86, 'stochastic_d': 33, 'stochastic_lower': 14, 'stochastic_upper': 93, 'en_mfi': True, 'mfi_n': 47, 'mfi_lower': 16, 'mfi_upper': 61, 'en_bollinger': False, 'bollinger_n': 125, 'bollinger_k': 1.0, 'en_adx': False, 'adx_n': 12, 'adx_threshold': 32, 'en_structure_trend': False, 'structure_trend_swing_l': 3, 'en_order_block': False, 'order_block_swing_l': 3, 'en_fvg': True, 'fvg_lookback': 2, 'en_ifvg': True, 'en_breaker': False, 'breaker_swing_l': 9, 'en_cisd': False, 'k': 1, 'en_cap_bars': True, 'cap_1min': 536}.
[I 2026-07-13 14:05:27,232] Trial 1080 finished with values: [1938.106817322805, -6796.346491742224, 63.85] and parameters: {'sl_soft': 101.80942719722671, 'sl_hard_delta': 107.77325814821194, 'tp': 53.005120252774546, 'gate_pct': 89.05172352244134, 'dd_limit': 1999.8957659662658, 'cooldown': 0, 'flip': False, 'en_ema_trend': False, 'ema_trend_fast': 121, 'ema_trend_slow': 33, 'en_sma_trend': True, 'sma_trend_fast': 39, 'sma_trend_slow': 268, 'en_macd': True, 'macd_fast': 24, 'macd_slow': 65, 'macd_signal': 36, 'en_vwap': True, 'en_keltner': False, 'keltner_n': 68, 'keltner_m': 1.7000000000000002, 'en_obv': False, 'obv_slope': 148, 'en_cci': False, 'cci_n': 69, 'cci_threshold': 60, 'en_rsi': True, 'rsi_n': 95, 'rsi_lower': 18, 'rsi_upper': 99, 'en_stochastic': True, 'stochastic_n': 87, 'stochastic_d': 32, 'stochastic_lower': 14, 'stochastic_upper': 93, 'en_mfi': True, 'mfi_n': 47, 'mfi_lower': 19, 'mfi_upper': 61, 'en_bollinger': False, 'bollinger_n': 125, 'bollinger_k': 2.9000000000000004, 'en_adx': False, 'adx_n': 30, 'adx_threshold': 26, 'en_structure_trend': False, 'structure_trend_swing_l': 5, 'en_order_block': True, 'order_block_swing_l': 3, 'en_fvg': True, 'fvg_lookback': 2, 'en_ifvg': False, 'en_breaker': False, 'breaker_swing_l': 12, 'en_cisd': False, 'k': 1, 'en_cap_bars': True, 'cap_1min': 536}.
[I 2026-07-13 14:05:34,473] Trial 1081 finished with values: [2980.2154978364706, -13644.696128713767, 78.4] and parameters: {'sl_soft': 101.80942719722671, 'sl_hard_delta': 11.390606241576373, 'tp': 53.005120252774546, 'gate_pct': 86.68863637915473, 'dd_limit': 1864.4467154956913, 'cooldown': 0, 'flip': False, 'en_ema_trend': True, 'ema_trend_fast': 352, 'ema_trend_slow': 129, 'en_sma_trend': False, 'sma_trend_fast': 97, 'sma_trend_slow': 268, 'en_macd': True, 'macd_fast': 24, 'macd_slow': 91, 'macd_signal': 60, 'en_vwap': True, 'en_keltner': True, 'keltner_n': 68, 'keltner_m': 1.5, 'en_obv': True, 'obv_slope': 7, 'en_cci': False, 'cci_n': 141, 'cci_threshold': 60, 'en_rsi': True, 'rsi_n': 95, 'rsi_lower': 18, 'rsi_upper': 71, 'en_stochastic': True, 'stochastic_n': 87, 'stochastic_d': 27, 'stochastic_lower': 14, 'stochastic_upper': 96, 'en_mfi': True, 'mfi_n': 30, 'mfi_lower': 16, 'mfi_upper': 61, 'en_bollinger': False, 'bollinger_n': 125, 'bollinger_k': 2.9000000000000004, 'en_adx': False, 'adx_n': 68, 'adx_threshold': 32, 'en_structure_trend': True, 'structure_trend_swing_l': 3, 'en_order_block': False, 'order_block_swing_l': 15, 'en_fvg': False, 'fvg_lookback': 6, 'en_ifvg': True, 'en_breaker': True, 'breaker_swing_l': 9, 'en_cisd': False, 'k': 1, 'en_cap_bars': False, 'cap_1min': 536}.
[I 2026-07-13 14:05:34,716] Trial 1082 finished with values: [16642.426969359294, -4566.031376726678, 62.9] and parameters: {'sl_soft': 65.14851803936261, 'sl_hard_delta': 21.653050796970884, 'tp': 153.29255961489858, 'gate_pct': 86.68863637915473, 'dd_limit': 1999.8957659662658, 'cooldown': 0, 'flip': False, 'en_ema_trend': False, 'ema_trend_fast': 384, 'ema_trend_slow': 274, 'en_sma_trend': True, 'sma_trend_fast': 97, 'sma_trend_slow': 268, 'en_macd': True, 'macd_fast': 44, 'macd_slow': 91, 'macd_signal': 36, 'en_vwap': True, 'en_keltner': False, 'keltner_n': 68, 'keltner_m': 1.5, 'en_obv': False, 'obv_slope': 127, 'en_cci': True, 'cci_n': 141, 'cci_threshold': 60, 'en_rsi': True, 'rsi_n': 95, 'rsi_lower': 18, 'rsi_upper': 99, 'en_stochastic': True, 'stochastic_n': 87, 'stochastic_d': 27, 'stochastic_lower': 14, 'stochastic_upper': 93, 'en_mfi': True, 'mfi_n': 47, 'mfi_lower': 5, 'mfi_upper': 61, 'en_bollinger': False, 'bollinger_n': 125, 'bollinger_k': 1.0, 'en_adx': False, 'adx_n': 12, 'adx_threshold': 26, 'en_structure_trend': False, 'structure_trend_swing_l': 3, 'en_order_block': False, 'order_block_swing_l': 15, 'en_fvg': True, 'fvg_lookback': 2, 'en_ifvg': True, 'en_breaker': True, 'breaker_swing_l': 9, 'en_cisd': False, 'k': 3, 'en_cap_bars': False, 'cap_1min': 536}.
[I 2026-07-13 14:05:37,463] Trial 1083 finished with values: [9948.154390542768, -5208.300454379059, 60.75] and parameters: {'sl_soft': 65.14851803936261, 'sl_hard_delta': 15.906489533621171, 'tp': 153.29255961489858, 'gate_pct': 90.58589496909323, 'dd_limit': 1999.8957659662658, 'cooldown': 0, 'flip': False, 'en_ema_trend': True, 'ema_trend_fast': 121, 'ema_trend_slow': 274, 'en_sma_trend': True, 'sma_trend_fast': 97, 'sma_trend_slow': 268, 'en_macd': True, 'macd_fast': 44, 'macd_slow': 94, 'macd_signal': 36, 'en_vwap': True, 'en_keltner': True, 'keltner_n': 50, 'keltner_m': 3.8000000000000003, 'en_obv': False, 'obv_slope': 148, 'en_cci': False, 'cci_n': 24, 'cci_threshold': 150, 'en_rsi': True, 'rsi_n': 95, 'rsi_lower': 12, 'rsi_upper': 94, 'en_stochastic': True, 'stochastic_n': 82, 'stochastic_d': 33, 'stochastic_lower': 14, 'stochastic_upper': 82, 'en_mfi': True, 'mfi_n': 47, 'mfi_lower': 28, 'mfi_upper': 61, 'en_bollinger': False, 'bollinger_n': 125, 'bollinger_k': 1.0, 'en_adx': False, 'adx_n': 68, 'adx_threshold': 26, 'en_structure_trend': False, 'structure_trend_swing_l': 5, 'en_order_block': True, 'order_block_swing_l': 15, 'en_fvg': True, 'fvg_lookback': 2, 'en_ifvg': True, 'en_breaker': True, 'breaker_swing_l': 16, 'en_cisd': False, 'k': 1, 'en_cap_bars': True, 'cap_1min': 898}.
[I 2026-07-13 14:05:42,704] Trial 1084 finished with values: [17966.673898737135, -9729.626207033361, 49.099999999999994] and parameters: {'sl_soft': 65.14851803936261, 'sl_hard_delta': 11.390606241576373, 'tp': 153.29255961489858, 'gate_pct': 89.05172352244134, 'dd_limit': 1999.8957659662658, 'cooldown': 0, 'flip': False, 'en_ema_trend': False, 'ema_trend_fast': 384, 'ema_trend_slow': 150, 'en_sma_trend': False, 'sma_trend_fast': 97, 'sma_trend_slow': 66, 'en_macd': True, 'macd_fast': 24, 'macd_slow': 4, 'macd_signal': 36, 'en_vwap': True, 'en_keltner': True, 'keltner_n': 68, 'keltner_m': 3.8000000000000003, 'en_obv': False, 'obv_slope': 30, 'en_cci': True, 'cci_n': 141, 'cci_threshold': 160, 'en_rsi': False, 'rsi_n': 58, 'rsi_lower': 18, 'rsi_upper': 99, 'en_stochastic': True, 'stochastic_n': 82, 'stochastic_d': 27, 'stochastic_lower': 4, 'stochastic_upper': 92, 'en_mfi': True, 'mfi_n': 47, 'mfi_lower': 28, 'mfi_upper': 61, 'en_bollinger': False, 'bollinger_n': 125, 'bollinger_k': 0.6, 'en_adx': False, 'adx_n': 37, 'adx_threshold': 26, 'en_structure_trend': False, 'structure_trend_swing_l': 16, 'en_order_block': True, 'order_block_swing_l': 15, 'en_fvg': True, 'fvg_lookback': 2, 'en_ifvg': True, 'en_breaker': False, 'breaker_swing_l': 9, 'en_cisd': False, 'k': 1, 'en_cap_bars': False, 'cap_1min': 536}.
[I 2026-07-13 14:05:42,942] Trial 1085 finished with values: [13892.682636315949, -4371.564971237531, 56.95] and parameters: {'sl_soft': 65.14851803936261, 'sl_hard_delta': 11.390606241576373, 'tp': 187.44956402418418, 'gate_pct': 90.58589496909323, 'dd_limit': 1999.8957659662658, 'cooldown': 0, 'flip': False, 'en_ema_trend': False, 'ema_trend_fast': 26, 'ema_trend_slow': 125, 'en_sma_trend': True, 'sma_trend_fast': 97, 'sma_trend_slow': 383, 'en_macd': True, 'macd_fast': 24, 'macd_slow': 4, 'macd_signal': 36, 'en_vwap': True, 'en_keltner': True, 'keltner_n': 68, 'keltner_m': 1.3, 'en_obv': False, 'obv_slope': 148, 'en_cci': False, 'cci_n': 89, 'cci_threshold': 160, 'en_rsi': True, 'rsi_n': 95, 'rsi_lower': 18, 'rsi_upper': 99, 'en_stochastic': True, 'stochastic_n': 87, 'stochastic_d': 33, 'stochastic_lower': 14, 'stochastic_upper': 93, 'en_mfi': True, 'mfi_n': 47, 'mfi_lower': 5, 'mfi_upper': 61, 'en_bollinger': False, 'bollinger_n': 125, 'bollinger_k': 1.0, 'en_adx': False, 'adx_n': 20, 'adx_threshold': 26, 'en_structure_trend': True, 'structure_trend_swing_l': 5, 'en_order_block': False, 'order_block_swing_l': 3, 'en_fvg': True, 'fvg_lookback': 2, 'en_ifvg': True, 'en_breaker': True, 'breaker_swing_l': 9, 'en_cisd': False, 'k': 1, 'en_cap_bars': False, 'cap_1min': 536}.
[I 2026-07-13 14:05:44,461] Trial 1086 finished with values: [12462.471514141143, -7653.912428093827, 51.3] and parameters: {'sl_soft': 65.14851803936261, 'sl_hard_delta': 11.390606241576373, 'tp': 153.29255961489858, 'gate_pct': 90.58589496909323, 'dd_limit': 1999.8957659662658, 'cooldown': 0, 'flip': False, 'en_ema_trend': False, 'ema_trend_fast': 26, 'ema_trend_slow': 125, 'en_sma_trend': True, 'sma_trend_fast': 97, 'sma_trend_slow': 268, 'en_macd': True, 'macd_fast': 24, 'macd_slow': 4, 'macd_signal': 36, 'en_vwap': True, 'en_keltner': False, 'keltner_n': 68, 'keltner_m': 1.5, 'en_obv': False, 'obv_slope': 148, 'en_cci': False, 'cci_n': 89, 'cci_threshold': 60, 'en_rsi': True, 'rsi_n': 95, 'rsi_lower': 15, 'rsi_upper': 99, 'en_stochastic': False, 'stochastic_n': 87, 'stochastic_d': 33, 'stochastic_lower': 14, 'stochastic_upper': 93, 'en_mfi': True, 'mfi_n': 42, 'mfi_lower': 16, 'mfi_upper': 61, 'en_bollinger': False, 'bollinger_n': 125, 'bollinger_k': 1.9000000000000001, 'en_adx': False, 'adx_n': 12, 'adx_threshold': 26, 'en_structure_trend': True, 'structure_trend_swing_l': 19, 'en_order_block': False, 'order_block_swing_l': 15, 'en_fvg': True, 'fvg_lookback': 2, 'en_ifvg': True, 'en_breaker': False, 'breaker_swing_l': 9, 'en_cisd': False, 'k': 1, 'en_cap_bars': False, 'cap_1min': 536}.
[I 2026-07-13 14:05:49,935] Trial 1087 finished with values: [14382.468303756687, -10594.897594944487, 80.6] and parameters: {'sl_soft': 149.03712664266078, 'sl_hard_delta': 107.77325814821194, 'tp': 53.005120252774546, 'gate_pct': 85.18598170405104, 'dd_limit': 2056.379634857657, 'cooldown': 0, 'flip': False, 'en_ema_trend': True, 'ema_trend_fast': 26, 'ema_trend_slow': 129, 'en_sma_trend': False, 'sma_trend_fast': 248, 'sma_trend_slow': 265, 'en_macd': False, 'macd_fast': 64, 'macd_slow': 65, 'macd_signal': 59, 'en_vwap': True, 'en_keltner': False, 'keltner_n': 43, 'keltner_m': 3.8000000000000003, 'en_obv': True, 'obv_slope': 101, 'en_cci': False, 'cci_n': 69, 'cci_threshold': 80, 'en_rsi': True, 'rsi_n': 39, 'rsi_lower': 12, 'rsi_upper': 71, 'en_stochastic': True, 'stochastic_n': 86, 'stochastic_d': 32, 'stochastic_lower': 5, 'stochastic_upper': 96, 'en_mfi': True, 'mfi_n': 30, 'mfi_lower': 5, 'mfi_upper': 59, 'en_bollinger': False, 'bollinger_n': 125, 'bollinger_k': 3.4000000000000004, 'en_adx': False, 'adx_n': 68, 'adx_threshold': 32, 'en_structure_trend': False, 'structure_trend_swing_l': 5, 'en_order_block': False, 'order_block_swing_l': 10, 'en_fvg': False, 'fvg_lookback': 36, 'en_ifvg': False, 'en_breaker': False, 'breaker_swing_l': 3, 'en_cisd': False, 'k': 1, 'en_cap_bars': True, 'cap_1min': 784}.
[I 2026-07-13 14:05:51,209] Trial 1088 pruned. 
[I 2026-07-13 14:05:52,759] Trial 1089 finished with values: [14431.34658387502, -5221.031376726678, 52.25] and parameters: {'sl_soft': 65.14851803936261, 'sl_hard_delta': 21.653050796970884, 'tp': 187.44956402418418, 'gate_pct': 70.43716799325075, 'dd_limit': 1999.8957659662658, 'cooldown': 0, 'flip': False, 'en_ema_trend': False, 'ema_trend_fast': 121, 'ema_trend_slow': 125, 'en_sma_trend': True, 'sma_trend_fast': 97, 'sma_trend_slow': 383, 'en_macd': True, 'macd_fast': 18, 'macd_slow': 91, 'macd_signal': 6, 'en_vwap': True, 'en_keltner': True, 'keltner_n': 35, 'keltner_m': 0.8, 'en_obv': False, 'obv_slope': 148, 'en_cci': False, 'cci_n': 49, 'cci_threshold': 60, 'en_rsi': True, 'rsi_n': 95, 'rsi_lower': 18, 'rsi_upper': 99, 'en_stochastic': False, 'stochastic_n': 4, 'stochastic_d': 33, 'stochastic_lower': 14, 'stochastic_upper': 93, 'en_mfi': True, 'mfi_n': 47, 'mfi_lower': 5, 'mfi_upper': 61, 'en_bollinger': False, 'bollinger_n': 125, 'bollinger_k': 0.6, 'en_adx': False, 'adx_n': 37, 'adx_threshold': 26, 'en_structure_trend': False, 'structure_trend_swing_l': 5, 'en_order_block': False, 'order_block_swing_l': 15, 'en_fvg': True, 'fvg_lookback': 2, 'en_ifvg': True, 'en_breaker': True, 'breaker_swing_l': 9, 'en_cisd': False, 'k': 1, 'en_cap_bars': False, 'cap_1min': 536}.
[I 2026-07-13 14:05:53,105] Trial 1090 finished with values: [4585.870442971864, -5459.795189888973, 81.65] and parameters: {'sl_soft': 149.03712664266078, 'sl_hard_delta': 107.77325814821194, 'tp': 53.005120252774546, 'gate_pct': 86.68863637915473, 'dd_limit': 2056.379634857657, 'cooldown': 0, 'flip': False, 'en_ema_trend': False, 'ema_trend_fast': 26, 'ema_trend_slow': 33, 'en_sma_trend': False, 'sma_trend_fast': 97, 'sma_trend_slow': 265, 'en_macd': True, 'macd_fast': 24, 'macd_slow': 91, 'macd_signal': 60, 'en_vwap': True, 'en_keltner': False, 'keltner_n': 43, 'keltner_m': 1.5, 'en_obv': False, 'obv_slope': 148, 'en_cci': False, 'cci_n': 69, 'cci_threshold': 80, 'en_rsi': True, 'rsi_n': 95, 'rsi_lower': 18, 'rsi_upper': 99, 'en_stochastic': True, 'stochastic_n': 45, 'stochastic_d': 32, 'stochastic_lower': 14, 'stochastic_upper': 63, 'en_mfi': True, 'mfi_n': 30, 'mfi_lower': 28, 'mfi_upper': 61, 'en_bollinger': False, 'bollinger_n': 125, 'bollinger_k': 2.9000000000000004, 'en_adx': False, 'adx_n': 68, 'adx_threshold': 26, 'en_structure_trend': False, 'structure_trend_swing_l': 3, 'en_order_block': False, 'order_block_swing_l': 10, 'en_fvg': False, 'fvg_lookback': 6, 'en_ifvg': False, 'en_breaker': False, 'breaker_swing_l': 9, 'en_cisd': False, 'k': 5, 'en_cap_bars': False, 'cap_1min': 536}.
[I 2026-07-13 14:05:54,651] Trial 1091 finished with values: [5032.181557638978, -6030.0, 47.2] and parameters: {'sl_soft': 65.14851803936261, 'sl_hard_delta': 107.77325814821194, 'tp': 153.29255961489858, 'gate_pct': 86.68863637915473, 'dd_limit': 1999.8957659662658, 'cooldown': 0, 'flip': False, 'en_ema_trend': False, 'ema_trend_fast': 384, 'ema_trend_slow': 150, 'en_sma_trend': True, 'sma_trend_fast': 248, 'sma_trend_slow': 383, 'en_macd': True, 'macd_fast': 52, 'macd_slow': 91, 'macd_signal': 36, 'en_vwap': True, 'en_keltner': True, 'keltner_n': 179, 'keltner_m': 1.5, 'en_obv': False, 'obv_slope': 148, 'en_cci': True, 'cci_n': 141, 'cci_threshold': 255, 'en_rsi': True, 'rsi_n': 95, 'rsi_lower': 24, 'rsi_upper': 99, 'en_stochastic': True, 'stochastic_n': 87, 'stochastic_d': 33, 'stochastic_lower': 14, 'stochastic_upper': 93, 'en_mfi': True, 'mfi_n': 30, 'mfi_lower': 5, 'mfi_upper': 61, 'en_bollinger': False, 'bollinger_n': 125, 'bollinger_k': 2.9000000000000004, 'en_adx': False, 'adx_n': 12, 'adx_threshold': 26, 'en_structure_trend': False, 'structure_trend_swing_l': 3, 'en_order_block': False, 'order_block_swing_l': 15, 'en_fvg': True, 'fvg_lookback': 2, 'en_ifvg': True, 'en_breaker': True, 'breaker_swing_l': 9, 'en_cisd': False, 'k': 1, 'en_cap_bars': False, 'cap_1min': 536}.
[I 2026-07-13 14:05:56,814] Trial 1092 finished with values: [246.19260143779684, -6755.0, 50.0] and parameters: {'sl_soft': 101.80942719722671, 'sl_hard_delta': 107.77325814821194, 'tp': 126.77981503594646, 'gate_pct': 86.68863637915473, 'dd_limit': 1999.8957659662658, 'cooldown': 0, 'flip': False, 'en_ema_trend': True, 'ema_trend_fast': 352, 'ema_trend_slow': 129, 'en_sma_trend': False, 'sma_trend_fast': 248, 'sma_trend_slow': 265, 'en_macd': True, 'macd_fast': 44, 'macd_slow': 65, 'macd_signal': 60, 'en_vwap': True, 'en_keltner': False, 'keltner_n': 68, 'keltner_m': 3.8000000000000003, 'en_obv': True, 'obv_slope': 148, 'en_cci': False, 'cci_n': 24, 'cci_threshold': 60, 'en_rsi': True, 'rsi_n': 95, 'rsi_lower': 18, 'rsi_upper': 71, 'en_stochastic': True, 'stochastic_n': 39, 'stochastic_d': 32, 'stochastic_lower': 25, 'stochastic_upper': 63, 'en_mfi': True, 'mfi_n': 47, 'mfi_lower': 28, 'mfi_upper': 61, 'en_bollinger': False, 'bollinger_n': 125, 'bollinger_k': 2.9000000000000004, 'en_adx': False, 'adx_n': 68, 'adx_threshold': 32, 'en_structure_trend': True, 'structure_trend_swing_l': 7, 'en_order_block': False, 'order_block_swing_l': 10, 'en_fvg': True, 'fvg_lookback': 2, 'en_ifvg': True, 'en_breaker': False, 'breaker_swing_l': 3, 'en_cisd': False, 'k': 1, 'en_cap_bars': False, 'cap_1min': 898}.
[I 2026-07-13 14:05:57,093] Trial 1093 finished with values: [12460.973475871215, -4371.564971237531, 59.15] and parameters: {'sl_soft': 65.14851803936261, 'sl_hard_delta': 11.390606241576373, 'tp': 153.29255961489858, 'gate_pct': 90.58589496909323, 'dd_limit': 1999.8957659662658, 'cooldown': 0, 'flip': False, 'en_ema_trend': False, 'ema_trend_fast': 384, 'ema_trend_slow': 274, 'en_sma_trend': True, 'sma_trend_fast': 97, 'sma_trend_slow': 268, 'en_macd': True, 'macd_fast': 44, 'macd_slow': 91, 'macd_signal': 36, 'en_vwap': True, 'en_keltner': False, 'keltner_n': 68, 'keltner_m': 1.5, 'en_obv': False, 'obv_slope': 127, 'en_cci': True, 'cci_n': 141, 'cci_threshold': 60, 'en_rsi': True, 'rsi_n': 95, 'rsi_lower': 18, 'rsi_upper': 99, 'en_stochastic': True, 'stochastic_n': 87, 'stochastic_d': 27, 'stochastic_lower': 14, 'stochastic_upper': 93, 'en_mfi': True, 'mfi_n': 47, 'mfi_lower': 5, 'mfi_upper': 61, 'en_bollinger': False, 'bollinger_n': 125, 'bollinger_k': 1.0, 'en_adx': False, 'adx_n': 12, 'adx_threshold': 58, 'en_structure_trend': True, 'structure_trend_swing_l': 5, 'en_order_block': False, 'order_block_swing_l': 15, 'en_fvg': True, 'fvg_lookback': 2, 'en_ifvg': True, 'en_breaker': True, 'breaker_swing_l': 9, 'en_cisd': False, 'k': 1, 'en_cap_bars': False, 'cap_1min': 536}.
