[I 2026-07-13 14:21:12,718] Trial 1834 finished with values: [19241.809538383968, -4700.0, 66.2] and parameters: {'sl_soft': 65.14851803936261, 'sl_hard_delta': 194.09616735845105, 'tp': 153.29255961489858, 'gate_pct': 90.58589496909323, 'dd_limit': 2491.823331719459, 'cooldown': 0, 'flip': False, 'en_ema_trend': False, 'ema_trend_fast': 121, 'ema_trend_slow': 293, 'en_sma_trend': True, 'sma_trend_fast': 97, 'sma_trend_slow': 149, 'en_macd': True, 'macd_fast': 18, 'macd_slow': 4, 'macd_signal': 36, 'en_vwap': True, 'en_keltner': True, 'keltner_n': 7, 'keltner_m': 1.5, 'en_obv': False, 'obv_slope': 148, 'en_cci': False, 'cci_n': 69, 'cci_threshold': 60, 'en_rsi': True, 'rsi_n': 95, 'rsi_lower': 18, 'rsi_upper': 94, 'en_stochastic': True, 'stochastic_n': 87, 'stochastic_d': 33, 'stochastic_lower': 14, 'stochastic_upper': 92, 'en_mfi': True, 'mfi_n': 47, 'mfi_lower': 5, 'mfi_upper': 61, 'en_bollinger': False, 'bollinger_n': 125, 'bollinger_k': 2.9000000000000004, 'en_adx': False, 'adx_n': 20, 'adx_threshold': 26, 'en_structure_trend': False, 'structure_trend_swing_l': 2, 'en_order_block': True, 'order_block_swing_l': 15, 'en_fvg': True, 'fvg_lookback': 2, 'en_ifvg': True, 'en_breaker': True, 'breaker_swing_l': 16, 'en_cisd': False, 'k': 1, 'en_cap_bars': False, 'cap_1min': 536}.
[I 2026-07-13 14:21:16,974] Trial 1835 finished with values: [2478.8630263971936, -2950.7824856187653, 63.05] and parameters: {'sl_soft': 65.14851803936261, 'sl_hard_delta': 11.390606241576373, 'tp': 53.005120252774546, 'gate_pct': 86.68863637915473, 'dd_limit': 1999.8957659662658, 'cooldown': 0, 'flip': False, 'en_ema_trend': False, 'ema_trend_fast': 121, 'ema_trend_slow': 150, 'en_sma_trend': False, 'sma_trend_fast': 97, 'sma_trend_slow': 265, 'en_macd': True, 'macd_fast': 44, 'macd_slow': 191, 'macd_signal': 36, 'en_vwap': True, 'en_keltner': False, 'keltner_n': 68, 'keltner_m': 3.8000000000000003, 'en_obv': True, 'obv_slope': 30, 'en_cci': False, 'cci_n': 6, 'cci_threshold': 160, 'en_rsi': True, 'rsi_n': 95, 'rsi_lower': 18, 'rsi_upper': 99, 'en_stochastic': True, 'stochastic_n': 87, 'stochastic_d': 30, 'stochastic_lower': 14, 'stochastic_upper': 63, 'en_mfi': True, 'mfi_n': 30, 'mfi_lower': 16, 'mfi_upper': 61, 'en_bollinger': False, 'bollinger_n': 125, 'bollinger_k': 0.6, 'en_adx': False, 'adx_n': 68, 'adx_threshold': 26, 'en_structure_trend': False, 'structure_trend_swing_l': 5, 'en_order_block': True, 'order_block_swing_l': 15, 'en_fvg': True, 'fvg_lookback': 2, 'en_ifvg': False, 'en_breaker': True, 'breaker_swing_l': 9, 'en_cisd': False, 'k': 1, 'en_cap_bars': False, 'cap_1min': 536}.
[I 2026-07-13 14:21:17,294] Trial 1836 finished with values: [7604.605139407067, -5758.554657684726, 80.35] and parameters: {'sl_soft': 149.03712664266078, 'sl_hard_delta': 11.390606241576373, 'tp': 53.005120252774546, 'gate_pct': 85.18598170405104, 'dd_limit': 1102.660192966628, 'cooldown': 0, 'flip': False, 'en_ema_trend': False, 'ema_trend_fast': 352, 'ema_trend_slow': 129, 'en_sma_trend': False, 'sma_trend_fast': 12, 'sma_trend_slow': 265, 'en_macd': True, 'macd_fast': 44, 'macd_slow': 65, 'macd_signal': 60, 'en_vwap': True, 'en_keltner': False, 'keltner_n': 43, 'keltner_m': 1.5, 'en_obv': True, 'obv_slope': 34, 'en_cci': False, 'cci_n': 69, 'cci_threshold': 80, 'en_rsi': True, 'rsi_n': 95, 'rsi_lower': 18, 'rsi_upper': 71, 'en_stochastic': True, 'stochastic_n': 39, 'stochastic_d': 32, 'stochastic_lower': 25, 'stochastic_upper': 63, 'en_mfi': True, 'mfi_n': 30, 'mfi_lower': 16, 'mfi_upper': 61, 'en_bollinger': False, 'bollinger_n': 125, 'bollinger_k': 2.9000000000000004, 'en_adx': False, 'adx_n': 12, 'adx_threshold': 26, 'en_structure_trend': False, 'structure_trend_swing_l': 5, 'en_order_block': True, 'order_block_swing_l': 10, 'en_fvg': False, 'fvg_lookback': 6, 'en_ifvg': False, 'en_breaker': False, 'breaker_swing_l': 16, 'en_cisd': False, 'k': 1, 'en_cap_bars': False, 'cap_1min': 536}.
[I 2026-07-13 14:21:17,664] Trial 1837 finished with values: [4778.6140959450495, -2264.0006687760615, 86.1] and parameters: {'sl_soft': 101.80942719722671, 'sl_hard_delta': 11.390606241576373, 'tp': 53.005120252774546, 'gate_pct': 86.68863637915473, 'dd_limit': 1999.8957659662658, 'cooldown': 0, 'flip': False, 'en_ema_trend': False, 'ema_trend_fast': 352, 'ema_trend_slow': 274, 'en_sma_trend': False, 'sma_trend_fast': 12, 'sma_trend_slow': 265, 'en_macd': True, 'macd_fast': 39, 'macd_slow': 4, 'macd_signal': 36, 'en_vwap': True, 'en_keltner': True, 'keltner_n': 43, 'keltner_m': 1.5, 'en_obv': True, 'obv_slope': 68, 'en_cci': False, 'cci_n': 69, 'cci_threshold': 75, 'en_rsi': True, 'rsi_n': 82, 'rsi_lower': 18, 'rsi_upper': 99, 'en_stochastic': True, 'stochastic_n': 39, 'stochastic_d': 32, 'stochastic_lower': 14, 'stochastic_upper': 63, 'en_mfi': True, 'mfi_n': 30, 'mfi_lower': 16, 'mfi_upper': 61, 'en_bollinger': False, 'bollinger_n': 125, 'bollinger_k': 2.9000000000000004, 'en_adx': False, 'adx_n': 12, 'adx_threshold': 32, 'en_structure_trend': False, 'structure_trend_swing_l': 13, 'en_order_block': False, 'order_block_swing_l': 15, 'en_fvg': True, 'fvg_lookback': 6, 'en_ifvg': True, 'en_breaker': False, 'breaker_swing_l': 16, 'en_cisd': False, 'k': 1, 'en_cap_bars': True, 'cap_1min': 898}.
[I 2026-07-13 14:21:22,481] Trial 1838 finished with values: [2246.4942818712734, -3715.0, 69.6] and parameters: {'sl_soft': 78.90775494016587, 'sl_hard_delta': 40.769620664342355, 'tp': 53.005120252774546, 'gate_pct': 90.58589496909323, 'dd_limit': 1999.8957659662658, 'cooldown': 0, 'flip': False, 'en_ema_trend': False, 'ema_trend_fast': 26, 'ema_trend_slow': 129, 'en_sma_trend': True, 'sma_trend_fast': 97, 'sma_trend_slow': 383, 'en_macd': False, 'macd_fast': 99, 'macd_slow': 4, 'macd_signal': 36, 'en_vwap': True, 'en_keltner': False, 'keltner_n': 43, 'keltner_m': 1.3, 'en_obv': True, 'obv_slope': 101, 'en_cci': True, 'cci_n': 69, 'cci_threshold': 60, 'en_rsi': True, 'rsi_n': 95, 'rsi_lower': 18, 'rsi_upper': 91, 'en_stochastic': True, 'stochastic_n': 87, 'stochastic_d': 33, 'stochastic_lower': 5, 'stochastic_upper': 63, 'en_mfi': True, 'mfi_n': 30, 'mfi_lower': 16, 'mfi_upper': 59, 'en_bollinger': False, 'bollinger_n': 125, 'bollinger_k': 3.4000000000000004, 'en_adx': False, 'adx_n': 20, 'adx_threshold': 26, 'en_structure_trend': False, 'structure_trend_swing_l': 5, 'en_order_block': True, 'order_block_swing_l': 15, 'en_fvg': False, 'fvg_lookback': 2, 'en_ifvg': True, 'en_breaker': True, 'breaker_swing_l': 16, 'en_cisd': False, 'k': 1, 'en_cap_bars': True, 'cap_1min': 536}.
[I 2026-07-13 14:21:22,785] Trial 1839 finished with values: [10139.25596148998, -8194.148807702004, 59.3] and parameters: {'sl_soft': 101.80942719722671, 'sl_hard_delta': 107.77325814821194, 'tp': 153.29255961489858, 'gate_pct': 86.68863637915473, 'dd_limit': 1999.8957659662658, 'cooldown': 0, 'flip': False, 'en_ema_trend': False, 'ema_trend_fast': 352, 'ema_trend_slow': 33, 'en_sma_trend': False, 'sma_trend_fast': 97, 'sma_trend_slow': 268, 'en_macd': False, 'macd_fast': 39, 'macd_slow': 65, 'macd_signal': 60, 'en_vwap': True, 'en_keltner': True, 'keltner_n': 43, 'keltner_m': 1.5, 'en_obv': False, 'obv_slope': 30, 'en_cci': False, 'cci_n': 24, 'cci_threshold': 60, 'en_rsi': True, 'rsi_n': 95, 'rsi_lower': 20, 'rsi_upper': 99, 'en_stochastic': True, 'stochastic_n': 87, 'stochastic_d': 33, 'stochastic_lower': 14, 'stochastic_upper': 63, 'en_mfi': True, 'mfi_n': 47, 'mfi_lower': 5, 'mfi_upper': 61, 'en_bollinger': False, 'bollinger_n': 125, 'bollinger_k': 0.6, 'en_adx': False, 'adx_n': 12, 'adx_threshold': 32, 'en_structure_trend': False, 'structure_trend_swing_l': 13, 'en_order_block': True, 'order_block_swing_l': 10, 'en_fvg': False, 'fvg_lookback': 43, 'en_ifvg': True, 'en_breaker': False, 'breaker_swing_l': 16, 'en_cisd': False, 'k': 2, 'en_cap_bars': False, 'cap_1min': 536}.
[I 2026-07-13 14:21:24,065] Trial 1840 finished with values: [14044.770405751187, -4700.0, 67.95] and parameters: {'sl_soft': 65.14851803936261, 'sl_hard_delta': 194.09616735845105, 'tp': 126.77981503594646, 'gate_pct': 90.58589496909323, 'dd_limit': 1999.8957659662658, 'cooldown': 0, 'flip': False, 'en_ema_trend': False, 'ema_trend_fast': 384, 'ema_trend_slow': 228, 'en_sma_trend': True, 'sma_trend_fast': 97, 'sma_trend_slow': 383, 'en_macd': True, 'macd_fast': 44, 'macd_slow': 94, 'macd_signal': 3, 'en_vwap': True, 'en_keltner': False, 'keltner_n': 68, 'keltner_m': 1.5, 'en_obv': True, 'obv_slope': 30, 'en_cci': False, 'cci_n': 69, 'cci_threshold': 60, 'en_rsi': True, 'rsi_n': 95, 'rsi_lower': 20, 'rsi_upper': 99, 'en_stochastic': True, 'stochastic_n': 87, 'stochastic_d': 33, 'stochastic_lower': 14, 'stochastic_upper': 92, 'en_mfi': True, 'mfi_n': 47, 'mfi_lower': 16, 'mfi_upper': 61, 'en_bollinger': False, 'bollinger_n': 125, 'bollinger_k': 2.9000000000000004, 'en_adx': False, 'adx_n': 12, 'adx_threshold': 32, 'en_structure_trend': False, 'structure_trend_swing_l': 5, 'en_order_block': True, 'order_block_swing_l': 3, 'en_fvg': True, 'fvg_lookback': 2, 'en_ifvg': True, 'en_breaker': True, 'breaker_swing_l': 16, 'en_cisd': False, 'k': 1, 'en_cap_bars': False, 'cap_1min': 536}.
[I 2026-07-13 14:21:24,925] Trial 1841 finished with values: [10291.16156404456, -15290.0, 52.8] and parameters: {'sl_soft': 101.80942719722671, 'sl_hard_delta': 40.769620664342355, 'tp': 187.44956402418418, 'gate_pct': 90.58589496909323, 'dd_limit': 1999.8957659662658, 'cooldown': 0, 'flip': False, 'en_ema_trend': False, 'ema_trend_fast': 121, 'ema_trend_slow': 150, 'en_sma_trend': True, 'sma_trend_fast': 97, 'sma_trend_slow': 383, 'en_macd': True, 'macd_fast': 18, 'macd_slow': 91, 'macd_signal': 36, 'en_vwap': True, 'en_keltner': False, 'keltner_n': 47, 'keltner_m': 3.8000000000000003, 'en_obv': False, 'obv_slope': 30, 'en_cci': False, 'cci_n': 48, 'cci_threshold': 80, 'en_rsi': True, 'rsi_n': 95, 'rsi_lower': 18, 'rsi_upper': 99, 'en_stochastic': True, 'stochastic_n': 87, 'stochastic_d': 27, 'stochastic_lower': 14, 'stochastic_upper': 93, 'en_mfi': True, 'mfi_n': 60, 'mfi_lower': 5, 'mfi_upper': 61, 'en_bollinger': False, 'bollinger_n': 125, 'bollinger_k': 1.0, 'en_adx': False, 'adx_n': 20, 'adx_threshold': 26, 'en_structure_trend': False, 'structure_trend_swing_l': 5, 'en_order_block': True, 'order_block_swing_l': 15, 'en_fvg': True, 'fvg_lookback': 2, 'en_ifvg': True, 'en_breaker': True, 'breaker_swing_l': 9, 'en_cisd': False, 'k': 1, 'en_cap_bars': False, 'cap_1min': 536}.
[I 2026-07-13 14:21:25,302] Trial 1842 finished with values: [10989.27898517788, -4059.0006687760615, 72.25] and parameters: {'sl_soft': 101.80942719722671, 'sl_hard_delta': 11.390606241576373, 'tp': 126.77981503594646, 'gate_pct': 90.58589496909323, 'dd_limit': 1864.4467154956913, 'cooldown': 0, 'flip': False, 'en_ema_trend': False, 'ema_trend_fast': 26, 'ema_trend_slow': 125, 'en_sma_trend': False, 'sma_trend_fast': 97, 'sma_trend_slow': 268, 'en_macd': True, 'macd_fast': 18, 'macd_slow': 145, 'macd_signal': 60, 'en_vwap': True, 'en_keltner': False, 'keltner_n': 68, 'keltner_m': 3.1, 'en_obv': True, 'obv_slope': 148, 'en_cci': False, 'cci_n': 69, 'cci_threshold': 60, 'en_rsi': True, 'rsi_n': 95, 'rsi_lower': 18, 'rsi_upper': 99, 'en_stochastic': True, 'stochastic_n': 87, 'stochastic_d': 33, 'stochastic_lower': 14, 'stochastic_upper': 93, 'en_mfi': True, 'mfi_n': 47, 'mfi_lower': 16, 'mfi_upper': 61, 'en_bollinger': False, 'bollinger_n': 125, 'bollinger_k': 2.9000000000000004, 'en_adx': False, 'adx_n': 37, 'adx_threshold': 32, 'en_structure_trend': True, 'structure_trend_swing_l': 7, 'en_order_block': False, 'order_block_swing_l': 15, 'en_fvg': True, 'fvg_lookback': 2, 'en_ifvg': True, 'en_breaker': True, 'breaker_swing_l': 16, 'en_cisd': False, 'k': 1, 'en_cap_bars': False, 'cap_1min': 536}.
[I 2026-07-13 14:21:25,794] Trial 1843 finished with values: [4480.7944690835575, -5553.3498475737, 80.1] and parameters: {'sl_soft': 149.03712664266078, 'sl_hard_delta': 11.390606241576373, 'tp': 53.005120252774546, 'gate_pct': 90.58589496909323, 'dd_limit': 1999.8957659662658, 'cooldown': 0, 'flip': False, 'en_ema_trend': False, 'ema_trend_fast': 26, 'ema_trend_slow': 274, 'en_sma_trend': False, 'sma_trend_fast': 97, 'sma_trend_slow': 265, 'en_macd': False, 'macd_fast': 24, 'macd_slow': 4, 'macd_signal': 36, 'en_vwap': True, 'en_keltner': False, 'keltner_n': 43, 'keltner_m': 1.3, 'en_obv': True, 'obv_slope': 148, 'en_cci': False, 'cci_n': 69, 'cci_threshold': 80, 'en_rsi': True, 'rsi_n': 95, 'rsi_lower': 18, 'rsi_upper': 99, 'en_stochastic': True, 'stochastic_n': 87, 'stochastic_d': 32, 'stochastic_lower': 14, 'stochastic_upper': 63, 'en_mfi': True, 'mfi_n': 30, 'mfi_lower': 5, 'mfi_upper': 61, 'en_bollinger': False, 'bollinger_n': 125, 'bollinger_k': 2.9000000000000004, 'en_adx': False, 'adx_n': 68, 'adx_threshold': 26, 'en_structure_trend': False, 'structure_trend_swing_l': 3, 'en_order_block': False, 'order_block_swing_l': 10, 'en_fvg': False, 'fvg_lookback': 2, 'en_ifvg': True, 'en_breaker': False, 'breaker_swing_l': 16, 'en_cisd': False, 'k': 1, 'en_cap_bars': True, 'cap_1min': 995}.
[I 2026-07-13 14:21:26,480] Trial 1844 finished with values: [2955.476194881012, -6347.011394620567, 54.2] and parameters: {'sl_soft': 101.80942719722671, 'sl_hard_delta': 11.390606241576373, 'tp': 187.44956402418418, 'gate_pct': 86.68863637915473, 'dd_limit': 1999.8957659662658, 'cooldown': 0, 'flip': False, 'en_ema_trend': True, 'ema_trend_fast': 352, 'ema_trend_slow': 33, 'en_sma_trend': True, 'sma_trend_fast': 248, 'sma_trend_slow': 383, 'en_macd': True, 'macd_fast': 44, 'macd_slow': 91, 'macd_signal': 36, 'en_vwap': True, 'en_keltner': False, 'keltner_n': 68, 'keltner_m': 1.5, 'en_obv': False, 'obv_slope': 68, 'en_cci': False, 'cci_n': 17, 'cci_threshold': 60, 'en_rsi': True, 'rsi_n': 95, 'rsi_lower': 18, 'rsi_upper': 91, 'en_stochastic': True, 'stochastic_n': 87, 'stochastic_d': 33, 'stochastic_lower': 25, 'stochastic_upper': 92, 'en_mfi': True, 'mfi_n': 30, 'mfi_lower': 28, 'mfi_upper': 61, 'en_bollinger': False, 'bollinger_n': 125, 'bollinger_k': 3.4000000000000004, 'en_adx': False, 'adx_n': 68, 'adx_threshold': 26, 'en_structure_trend': False, 'structure_trend_swing_l': 5, 'en_order_block': True, 'order_block_swing_l': 10, 'en_fvg': True, 'fvg_lookback': 2, 'en_ifvg': True, 'en_breaker': True, 'breaker_swing_l': 9, 'en_cisd': False, 'k': 2, 'en_cap_bars': False, 'cap_1min': 536}.
[I 2026-07-13 14:21:32,326] Trial 1845 finished with values: [7494.023716167103, -4038.001337552123, 79.9] and parameters: {'sl_soft': 101.80942719722671, 'sl_hard_delta': 11.390606241576373, 'tp': 53.005120252774546, 'gate_pct': 86.68863637915473, 'dd_limit': 1999.8957659662658, 'cooldown': 0, 'flip': False, 'en_ema_trend': False, 'ema_trend_fast': 121, 'ema_trend_slow': 33, 'en_sma_trend': True, 'sma_trend_fast': 97, 'sma_trend_slow': 265, 'en_macd': True, 'macd_fast': 39, 'macd_slow': 65, 'macd_signal': 60, 'en_vwap': True, 'en_keltner': False, 'keltner_n': 68, 'keltner_m': 3.8000000000000003, 'en_obv': True, 'obv_slope': 68, 'en_cci': False, 'cci_n': 24, 'cci_threshold': 75, 'en_rsi': True, 'rsi_n': 82, 'rsi_lower': 12, 'rsi_upper': 99, 'en_stochastic': True, 'stochastic_n': 39, 'stochastic_d': 30, 'stochastic_lower': 25, 'stochastic_upper': 64, 'en_mfi': True, 'mfi_n': 30, 'mfi_lower': 5, 'mfi_upper': 61, 'en_bollinger': False, 'bollinger_n': 125, 'bollinger_k': 0.6, 'en_adx': False, 'adx_n': 12, 'adx_threshold': 32, 'en_structure_trend': False, 'structure_trend_swing_l': 13, 'en_order_block': False, 'order_block_swing_l': 10, 'en_fvg': False, 'fvg_lookback': 2, 'en_ifvg': False, 'en_breaker': True, 'breaker_swing_l': 3, 'en_cisd': False, 'k': 1, 'en_cap_bars': False, 'cap_1min': 536}.
[I 2026-07-13 14:21:32,573] Trial 1846 finished with values: [4369.13545162839, -4451.564971237531, 50.0] and parameters: {'sl_soft': 65.14851803936261, 'sl_hard_delta': 11.390606241576373, 'tp': 153.29255961489858, 'gate_pct': 90.58589496909323, 'dd_limit': 2309.304895037253, 'cooldown': 0, 'flip': False, 'en_ema_trend': True, 'ema_trend_fast': 121, 'ema_trend_slow': 33, 'en_sma_trend': True, 'sma_trend_fast': 97, 'sma_trend_slow': 250, 'en_macd': True, 'macd_fast': 44, 'macd_slow': 191, 'macd_signal': 36, 'en_vwap': True, 'en_keltner': False, 'keltner_n': 68, 'keltner_m': 1.5, 'en_obv': False, 'obv_slope': 68, 'en_cci': False, 'cci_n': 69, 'cci_threshold': 55, 'en_rsi': True, 'rsi_n': 95, 'rsi_lower': 18, 'rsi_upper': 91, 'en_stochastic': True, 'stochastic_n': 87, 'stochastic_d': 30, 'stochastic_lower': 14, 'stochastic_upper': 93, 'en_mfi': True, 'mfi_n': 30, 'mfi_lower': 16, 'mfi_upper': 61, 'en_bollinger': False, 'bollinger_n': 125, 'bollinger_k': 0.6, 'en_adx': False, 'adx_n': 98, 'adx_threshold': 26, 'en_structure_trend': False, 'structure_trend_swing_l': 5, 'en_order_block': True, 'order_block_swing_l': 3, 'en_fvg': True, 'fvg_lookback': 2, 'en_ifvg': True, 'en_breaker': True, 'breaker_swing_l': 16, 'en_cisd': False, 'k': 1, 'en_cap_bars': False, 'cap_1min': 536}.
[I 2026-07-13 14:21:37,925] Trial 1847 finished with values: [5502.485552297585, -4451.564971237531, 75.9] and parameters: {'sl_soft': 65.14851803936261, 'sl_hard_delta': 11.390606241576373, 'tp': 53.005120252774546, 'gate_pct': 89.05172352244134, 'dd_limit': 1999.8957659662658, 'cooldown': 0, 'flip': False, 'en_ema_trend': False, 'ema_trend_fast': 121, 'ema_trend_slow': 33, 'en_sma_trend': True, 'sma_trend_fast': 97, 'sma_trend_slow': 265, 'en_macd': True, 'macd_fast': 18, 'macd_slow': 65, 'macd_signal': 36, 'en_vwap': True, 'en_keltner': False, 'keltner_n': 68, 'keltner_m': 3.8000000000000003, 'en_obv': False, 'obv_slope': 30, 'en_cci': False, 'cci_n': 69, 'cci_threshold': 60, 'en_rsi': True, 'rsi_n': 95, 'rsi_lower': 18, 'rsi_upper': 91, 'en_stochastic': True, 'stochastic_n': 39, 'stochastic_d': 32, 'stochastic_lower': 9, 'stochastic_upper': 63, 'en_mfi': True, 'mfi_n': 30, 'mfi_lower': 5, 'mfi_upper': 61, 'en_bollinger': False, 'bollinger_n': 125, 'bollinger_k': 1.0, 'en_adx': False, 'adx_n': 68, 'adx_threshold': 26, 'en_structure_trend': False, 'structure_trend_swing_l': 5, 'en_order_block': True, 'order_block_swing_l': 10, 'en_fvg': True, 'fvg_lookback': 2, 'en_ifvg': True, 'en_breaker': True, 'breaker_swing_l': 9, 'en_cisd': False, 'k': 1, 'en_cap_bars': False, 'cap_1min': 536}.
[I 2026-07-13 14:21:44,525] Trial 1848 finished with values: [5608.677658138404, -10125.0, 77.5] and parameters: {'sl_soft': 149.03712664266078, 'sl_hard_delta': 194.09616735845105, 'tp': 53.005120252774546, 'gate_pct': 90.58589496909323, 'dd_limit': 2056.379634857657, 'cooldown': 0, 'flip': False, 'en_ema_trend': False, 'ema_trend_fast': 121, 'ema_trend_slow': 129, 'en_sma_trend': True, 'sma_trend_fast': 97, 'sma_trend_slow': 265, 'en_macd': True, 'macd_fast': 39, 'macd_slow': 91, 'macd_signal': 3, 'en_vwap': True, 'en_keltner': True, 'keltner_n': 14, 'keltner_m': 1.5, 'en_obv': False, 'obv_slope': 101, 'en_cci': False, 'cci_n': 49, 'cci_threshold': 75, 'en_rsi': True, 'rsi_n': 39, 'rsi_lower': 20, 'rsi_upper': 71, 'en_stochastic': True, 'stochastic_n': 86, 'stochastic_d': 33, 'stochastic_lower': 25, 'stochastic_upper': 96, 'en_mfi': True, 'mfi_n': 47, 'mfi_lower': 5, 'mfi_upper': 61, 'en_bollinger': False, 'bollinger_n': 125, 'bollinger_k': 0.6, 'en_adx': False, 'adx_n': 37, 'adx_threshold': 32, 'en_structure_trend': False, 'structure_trend_swing_l': 13, 'en_order_block': False, 'order_block_swing_l': 10, 'en_fvg': True, 'fvg_lookback': 6, 'en_ifvg': False, 'en_breaker': True, 'breaker_swing_l': 16, 'en_cisd': False, 'k': 1, 'en_cap_bars': False, 'cap_1min': 536}.
[I 2026-07-13 14:21:44,767] Trial 1849 finished with values: [3244.2542692065763, -2950.7824856187653, 65.15] and parameters: {'sl_soft': 65.14851803936261, 'sl_hard_delta': 11.390606241576373, 'tp': 53.005120252774546, 'gate_pct': 86.68863637915473, 'dd_limit': 1999.8957659662658, 'cooldown': 0, 'flip': False, 'en_ema_trend': True, 'ema_trend_fast': 121, 'ema_trend_slow': 33, 'en_sma_trend': True, 'sma_trend_fast': 97, 'sma_trend_slow': 250, 'en_macd': True, 'macd_fast': 44, 'macd_slow': 191, 'macd_signal': 36, 'en_vwap': True, 'en_keltner': False, 'keltner_n': 68, 'keltner_m': 3.8000000000000003, 'en_obv': True, 'obv_slope': 68, 'en_cci': False, 'cci_n': 69, 'cci_threshold': 160, 'en_rsi': True, 'rsi_n': 95, 'rsi_lower': 18, 'rsi_upper': 91, 'en_stochastic': True, 'stochastic_n': 87, 'stochastic_d': 30, 'stochastic_lower': 14, 'stochastic_upper': 64, 'en_mfi': True, 'mfi_n': 30, 'mfi_lower': 5, 'mfi_upper': 61, 'en_bollinger': False, 'bollinger_n': 125, 'bollinger_k': 0.6, 'en_adx': False, 'adx_n': 98, 'adx_threshold': 26, 'en_structure_trend': False, 'structure_trend_swing_l': 5, 'en_order_block': True, 'order_block_swing_l': 10, 'en_fvg': True, 'fvg_lookback': 2, 'en_ifvg': False, 'en_breaker': True, 'breaker_swing_l': 9, 'en_cisd': False, 'k': 1, 'en_cap_bars': False, 'cap_1min': 536}.
