[I 2026-07-13 13:48:23,730] Trial 573 finished with values: [-530.227044824569, -6125.0, 27.299999999999997] and parameters: {'sl_soft': 31.115146080326227, 'sl_hard_delta': 161.64900471108456, 'tp': 202.23864775877112, 'gate_pct': 89.05172352244134, 'dd_limit': 284.21555044074455, 'cooldown': 2, 'flip': True, 'en_ema_trend': True, 'ema_trend_fast': 77, 'ema_trend_slow': 70, 'en_sma_trend': False, 'sma_trend_fast': 7, 'sma_trend_slow': 160, 'en_macd': False, 'macd_fast': 98, 'macd_slow': 94, 'macd_signal': 33, 'en_vwap': True, 'en_keltner': False, 'keltner_n': 62, 'keltner_m': 1.7000000000000002, 'en_obv': True, 'obv_slope': 75, 'en_cci': False, 'cci_n': 135, 'cci_threshold': 255, 'en_rsi': True, 'rsi_n': 58, 'rsi_lower': 48, 'rsi_upper': 60, 'en_stochastic': False, 'stochastic_n': 35, 'stochastic_d': 27, 'stochastic_lower': 14, 'stochastic_upper': 82, 'en_mfi': False, 'mfi_n': 58, 'mfi_lower': 7, 'mfi_upper': 87, 'en_bollinger': False, 'bollinger_n': 108, 'bollinger_k': 3.9000000000000004, 'en_adx': False, 'adx_n': 34, 'adx_threshold': 32, 'en_structure_trend': False, 'structure_trend_swing_l': 16, 'en_order_block': False, 'order_block_swing_l': 19, 'en_fvg': True, 'fvg_lookback': 25, 'en_ifvg': True, 'en_breaker': False, 'breaker_swing_l': 12, 'en_cisd': True, 'k': 3, 'en_cap_bars': False, 'cap_1min': 522}.
[I 2026-07-13 13:48:24,032] Trial 574 finished with values: [1261.3205800214928, -8858.052832223257, 48.25] and parameters: {'sl_soft': 65.14851803936261, 'sl_hard_delta': 11.390606241576373, 'tp': 84.52148989676562, 'gate_pct': 85.18598170405104, 'dd_limit': 885.8973854163165, 'cooldown': 0, 'flip': False, 'en_ema_trend': True, 'ema_trend_fast': 121, 'ema_trend_slow': 150, 'en_sma_trend': False, 'sma_trend_fast': 268, 'sma_trend_slow': 383, 'en_macd': False, 'macd_fast': 52, 'macd_slow': 91, 'macd_signal': 65, 'en_vwap': True, 'en_keltner': False, 'keltner_n': 48, 'keltner_m': 3.8000000000000003, 'en_obv': True, 'obv_slope': 7, 'en_cci': True, 'cci_n': 43, 'cci_threshold': 60, 'en_rsi': True, 'rsi_n': 95, 'rsi_lower': 18, 'rsi_upper': 94, 'en_stochastic': True, 'stochastic_n': 52, 'stochastic_d': 22, 'stochastic_lower': 4, 'stochastic_upper': 93, 'en_mfi': True, 'mfi_n': 46, 'mfi_lower': 16, 'mfi_upper': 75, 'en_bollinger': False, 'bollinger_n': 22, 'bollinger_k': 3.4000000000000004, 'en_adx': False, 'adx_n': 12, 'adx_threshold': 51, 'en_structure_trend': False, 'structure_trend_swing_l': 3, 'en_order_block': False, 'order_block_swing_l': 15, 'en_fvg': True, 'fvg_lookback': 31, 'en_ifvg': False, 'en_breaker': True, 'breaker_swing_l': 3, 'en_cisd': False, 'k': 5, 'en_cap_bars': False, 'cap_1min': 898}.
[I 2026-07-13 13:48:25,704] Trial 575 finished with values: [968.4667592626647, -23352.9014221549, 55.9] and parameters: {'sl_soft': 101.80942719722671, 'sl_hard_delta': 15.906489533621171, 'tp': 84.52148989676562, 'gate_pct': 89.05172352244134, 'dd_limit': 284.21555044074455, 'cooldown': 0, 'flip': False, 'en_ema_trend': True, 'ema_trend_fast': 77, 'ema_trend_slow': 150, 'en_sma_trend': False, 'sma_trend_fast': 265, 'sma_trend_slow': 160, 'en_macd': False, 'macd_fast': 72, 'macd_slow': 94, 'macd_signal': 59, 'en_vwap': True, 'en_keltner': False, 'keltner_n': 49, 'keltner_m': 4.1, 'en_obv': True, 'obv_slope': 68, 'en_cci': False, 'cci_n': 135, 'cci_threshold': 160, 'en_rsi': True, 'rsi_n': 13, 'rsi_lower': 24, 'rsi_upper': 60, 'en_stochastic': False, 'stochastic_n': 82, 'stochastic_d': 11, 'stochastic_lower': 4, 'stochastic_upper': 92, 'en_mfi': False, 'mfi_n': 46, 'mfi_lower': 28, 'mfi_upper': 87, 'en_bollinger': False, 'bollinger_n': 22, 'bollinger_k': 0.6, 'en_adx': False, 'adx_n': 51, 'adx_threshold': 51, 'en_structure_trend': False, 'structure_trend_swing_l': 20, 'en_order_block': False, 'order_block_swing_l': 15, 'en_fvg': True, 'fvg_lookback': 31, 'en_ifvg': False, 'en_breaker': False, 'breaker_swing_l': 12, 'en_cisd': False, 'k': 3, 'en_cap_bars': False, 'cap_1min': 898}.
[I 2026-07-13 13:48:31,216] Trial 576 finished with values: [1323.1389279101859, -15350.0, 45.0] and parameters: {'sl_soft': 140.29614395537766, 'sl_hard_delta': 149.28569372556495, 'tp': 228.57847319775448, 'gate_pct': 83.64801344627064, 'dd_limit': 4597.09811116276, 'cooldown': 0, 'flip': False, 'en_ema_trend': True, 'ema_trend_fast': 384, 'ema_trend_slow': 150, 'en_sma_trend': False, 'sma_trend_fast': 265, 'sma_trend_slow': 306, 'en_macd': False, 'macd_fast': 49, 'macd_slow': 200, 'macd_signal': 60, 'en_vwap': True, 'en_keltner': False, 'keltner_n': 186, 'keltner_m': 3.8000000000000003, 'en_obv': True, 'obv_slope': 75, 'en_cci': True, 'cci_n': 71, 'cci_threshold': 30, 'en_rsi': False, 'rsi_n': 77, 'rsi_lower': 24, 'rsi_upper': 89, 'en_stochastic': True, 'stochastic_n': 77, 'stochastic_d': 41, 'stochastic_lower': 2, 'stochastic_upper': 82, 'en_mfi': True, 'mfi_n': 58, 'mfi_lower': 28, 'mfi_upper': 67, 'en_bollinger': False, 'bollinger_n': 138, 'bollinger_k': 4.1, 'en_adx': False, 'adx_n': 46, 'adx_threshold': 28, 'en_structure_trend': True, 'structure_trend_swing_l': 20, 'en_order_block': False, 'order_block_swing_l': 9, 'en_fvg': True, 'fvg_lookback': 26, 'en_ifvg': True, 'en_breaker': False, 'breaker_swing_l': 3, 'en_cisd': False, 'k': 4, 'en_cap_bars': False, 'cap_1min': 522}.
[I 2026-07-13 13:48:33,642] Trial 577 finished with values: [-3433.1735676054814, -9733.369616569107, 34.7] and parameters: {'sl_soft': 138.62987390379863, 'sl_hard_delta': 8.589168958610905, 'tp': 202.23864775877112, 'gate_pct': 83.64801344627064, 'dd_limit': 284.21555044074455, 'cooldown': 1, 'flip': False, 'en_ema_trend': True, 'ema_trend_fast': 39, 'ema_trend_slow': 240, 'en_sma_trend': False, 'sma_trend_fast': 7, 'sma_trend_slow': 160, 'en_macd': True, 'macd_fast': 98, 'macd_slow': 62, 'macd_signal': 33, 'en_vwap': True, 'en_keltner': False, 'keltner_n': 62, 'keltner_m': 3.7, 'en_obv': False, 'obv_slope': 75, 'en_cci': False, 'cci_n': 143, 'cci_threshold': 255, 'en_rsi': True, 'rsi_n': 48, 'rsi_lower': 48, 'rsi_upper': 60, 'en_stochastic': False, 'stochastic_n': 8, 'stochastic_d': 15, 'stochastic_lower': 40, 'stochastic_upper': 73, 'en_mfi': True, 'mfi_n': 58, 'mfi_lower': 8, 'mfi_upper': 70, 'en_bollinger': False, 'bollinger_n': 97, 'bollinger_k': 4.1, 'en_adx': False, 'adx_n': 79, 'adx_threshold': 28, 'en_structure_trend': False, 'structure_trend_swing_l': 17, 'en_order_block': False, 'order_block_swing_l': 4, 'en_fvg': True, 'fvg_lookback': 25, 'en_ifvg': True, 'en_breaker': False, 'breaker_swing_l': 12, 'en_cisd': True, 'k': 3, 'en_cap_bars': False, 'cap_1min': 522}.
[I 2026-07-13 13:48:35,993] Trial 578 finished with values: [12887.844940430805, -6730.0, 50.25] and parameters: {'sl_soft': 65.14851803936261, 'sl_hard_delta': 75.87229432647166, 'tp': 194.7076118774736, 'gate_pct': 90.58589496909323, 'dd_limit': 1391.824893112215, 'cooldown': 0, 'flip': False, 'en_ema_trend': False, 'ema_trend_fast': 55, 'ema_trend_slow': 274, 'en_sma_trend': False, 'sma_trend_fast': 97, 'sma_trend_slow': 17, 'en_macd': True, 'macd_fast': 24, 'macd_slow': 62, 'macd_signal': 36, 'en_vwap': True, 'en_keltner': False, 'keltner_n': 68, 'keltner_m': 4.4, 'en_obv': False, 'obv_slope': 148, 'en_cci': False, 'cci_n': 69, 'cci_threshold': 60, 'en_rsi': True, 'rsi_n': 94, 'rsi_lower': 18, 'rsi_upper': 91, 'en_stochastic': False, 'stochastic_n': 90, 'stochastic_d': 33, 'stochastic_lower': 40, 'stochastic_upper': 73, 'en_mfi': True, 'mfi_n': 47, 'mfi_lower': 5, 'mfi_upper': 61, 'en_bollinger': False, 'bollinger_n': 125, 'bollinger_k': 1.0, 'en_adx': False, 'adx_n': 26, 'adx_threshold': 9, 'en_structure_trend': True, 'structure_trend_swing_l': 5, 'en_order_block': False, 'order_block_swing_l': 15, 'en_fvg': True, 'fvg_lookback': 2, 'en_ifvg': True, 'en_breaker': True, 'breaker_swing_l': 9, 'en_cisd': False, 'k': 1, 'en_cap_bars': True, 'cap_1min': 536}.
[I 2026-07-13 13:48:38,323] Trial 579 finished with values: [-1036.0122665286326, -11473.803592595505, 73.35] and parameters: {'sl_soft': 151.23395867244028, 'sl_hard_delta': 8.589168958610905, 'tp': 45.08509170509535, 'gate_pct': 83.64801344627064, 'dd_limit': 1269.9759276905609, 'cooldown': 1, 'flip': True, 'en_ema_trend': True, 'ema_trend_fast': 39, 'ema_trend_slow': 195, 'en_sma_trend': False, 'sma_trend_fast': 7, 'sma_trend_slow': 116, 'en_macd': False, 'macd_fast': 94, 'macd_slow': 7, 'macd_signal': 33, 'en_vwap': True, 'en_keltner': True, 'keltner_n': 62, 'keltner_m': 2.8000000000000003, 'en_obv': False, 'obv_slope': 41, 'en_cci': True, 'cci_n': 43, 'cci_threshold': 80, 'en_rsi': True, 'rsi_n': 48, 'rsi_lower': 48, 'rsi_upper': 65, 'en_stochastic': False, 'stochastic_n': 77, 'stochastic_d': 42, 'stochastic_lower': 17, 'stochastic_upper': 63, 'en_mfi': True, 'mfi_n': 30, 'mfi_lower': 7, 'mfi_upper': 82, 'en_bollinger': True, 'bollinger_n': 92, 'bollinger_k': 1.2000000000000002, 'en_adx': False, 'adx_n': 34, 'adx_threshold': 43, 'en_structure_trend': False, 'structure_trend_swing_l': 12, 'en_order_block': True, 'order_block_swing_l': 10, 'en_fvg': False, 'fvg_lookback': 17, 'en_ifvg': False, 'en_breaker': True, 'breaker_swing_l': 16, 'en_cisd': True, 'k': 2, 'en_cap_bars': False, 'cap_1min': 14}.
[I 2026-07-13 13:48:38,542] Trial 580 finished with values: [1141.3023921621061, -6244.340911730542, 54.55] and parameters: {'sl_soft': 45.090384897826624, 'sl_hard_delta': 107.77325814821194, 'tp': 53.005120252774546, 'gate_pct': 79.79473082398957, 'dd_limit': 2992.1180500783844, 'cooldown': 0, 'flip': False, 'en_ema_trend': False, 'ema_trend_fast': 297, 'ema_trend_slow': 393, 'en_sma_trend': False, 'sma_trend_fast': 39, 'sma_trend_slow': 116, 'en_macd': False, 'macd_fast': 98, 'macd_slow': 65, 'macd_signal': 30, 'en_vwap': True, 'en_keltner': False, 'keltner_n': 179, 'keltner_m': 2.8000000000000003, 'en_obv': False, 'obv_slope': 34, 'en_cci': True, 'cci_n': 71, 'cci_threshold': 255, 'en_rsi': False, 'rsi_n': 39, 'rsi_lower': 32, 'rsi_upper': 71, 'en_stochastic': False, 'stochastic_n': 45, 'stochastic_d': 32, 'stochastic_lower': 14, 'stochastic_upper': 63, 'en_mfi': True, 'mfi_n': 58, 'mfi_lower': 19, 'mfi_upper': 93, 'en_bollinger': True, 'bollinger_n': 135, 'bollinger_k': 3.6, 'en_adx': False, 'adx_n': 24, 'adx_threshold': 54, 'en_structure_trend': False, 'structure_trend_swing_l': 13, 'en_order_block': True, 'order_block_swing_l': 7, 'en_fvg': True, 'fvg_lookback': 17, 'en_ifvg': True, 'en_breaker': False, 'breaker_swing_l': 6, 'en_cisd': True, 'k': 3, 'en_cap_bars': False, 'cap_1min': 433}.
[I 2026-07-13 13:48:41,567] Trial 581 finished with values: [2439.0177492037037, -15640.695325077322, 67.55] and parameters: {'sl_soft': 149.03712664266078, 'sl_hard_delta': 15.906489533621171, 'tp': 53.005120252774546, 'gate_pct': 79.79473082398957, 'dd_limit': 284.21555044074455, 'cooldown': 0, 'flip': False, 'en_ema_trend': False, 'ema_trend_fast': 77, 'ema_trend_slow': 129, 'en_sma_trend': False, 'sma_trend_fast': 265, 'sma_trend_slow': 383, 'en_macd': False, 'macd_fast': 49, 'macd_slow': 94, 'macd_signal': 60, 'en_vwap': False, 'en_keltner': True, 'keltner_n': 49, 'keltner_m': 0.8, 'en_obv': False, 'obv_slope': 30, 'en_cci': True, 'cci_n': 71, 'cci_threshold': 255, 'en_rsi': True, 'rsi_n': 58, 'rsi_lower': 9, 'rsi_upper': 89, 'en_stochastic': False, 'stochastic_n': 45, 'stochastic_d': 8, 'stochastic_lower': 7, 'stochastic_upper': 66, 'en_mfi': True, 'mfi_n': 33, 'mfi_lower': 15, 'mfi_upper': 87, 'en_bollinger': False, 'bollinger_n': 108, 'bollinger_k': 3.4000000000000004, 'en_adx': False, 'adx_n': 68, 'adx_threshold': 32, 'en_structure_trend': False, 'structure_trend_swing_l': 13, 'en_order_block': False, 'order_block_swing_l': 19, 'en_fvg': False, 'fvg_lookback': 41, 'en_ifvg': False, 'en_breaker': True, 'breaker_swing_l': 12, 'en_cisd': False, 'k': 3, 'en_cap_bars': True, 'cap_1min': 433}.
[I 2026-07-13 13:48:47,961] Trial 582 finished with values: [4091.6342032565444, -11201.63841163012, 49.7] and parameters: {'sl_soft': 138.62987390379863, 'sl_hard_delta': 11.390606241576373, 'tp': 202.23864775877112, 'gate_pct': 83.64801344627064, 'dd_limit': 284.21555044074455, 'cooldown': 0, 'flip': False, 'en_ema_trend': True, 'ema_trend_fast': 39, 'ema_trend_slow': 125, 'en_sma_trend': True, 'sma_trend_fast': 97, 'sma_trend_slow': 160, 'en_macd': False, 'macd_fast': 94, 'macd_slow': 4, 'macd_signal': 36, 'en_vwap': True, 'en_keltner': False, 'keltner_n': 68, 'keltner_m': 4.1, 'en_obv': False, 'obv_slope': 148, 'en_cci': True, 'cci_n': 71, 'cci_threshold': 255, 'en_rsi': True, 'rsi_n': 48, 'rsi_lower': 18, 'rsi_upper': 65, 'en_stochastic': True, 'stochastic_n': 87, 'stochastic_d': 42, 'stochastic_lower': 14, 'stochastic_upper': 93, 'en_mfi': False, 'mfi_n': 23, 'mfi_lower': 7, 'mfi_upper': 87, 'en_bollinger': False, 'bollinger_n': 108, 'bollinger_k': 0.6, 'en_adx': False, 'adx_n': 34, 'adx_threshold': 32, 'en_structure_trend': True, 'structure_trend_swing_l': 20, 'en_order_block': False, 'order_block_swing_l': 15, 'en_fvg': True, 'fvg_lookback': 2, 'en_ifvg': True, 'en_breaker': False, 'breaker_swing_l': 9, 'en_cisd': False, 'k': 1, 'en_cap_bars': False, 'cap_1min': 522}.
[I 2026-07-13 13:48:48,608] Trial 583 finished with values: [10878.830365340982, -3890.0, 58.1] and parameters: {'sl_soft': 65.14851803936261, 'sl_hard_delta': 194.09616735845105, 'tp': 153.29255961489858, 'gate_pct': 90.58589496909323, 'dd_limit': 1999.8957659662658, 'cooldown': 0, 'flip': False, 'en_ema_trend': False, 'ema_trend_fast': 26, 'ema_trend_slow': 125, 'en_sma_trend': True, 'sma_trend_fast': 97, 'sma_trend_slow': 268, 'en_macd': True, 'macd_fast': 24, 'macd_slow': 4, 'macd_signal': 36, 'en_vwap': True, 'en_keltner': False, 'keltner_n': 68, 'keltner_m': 1.5, 'en_obv': False, 'obv_slope': 148, 'en_cci': False, 'cci_n': 69, 'cci_threshold': 60, 'en_rsi': True, 'rsi_n': 95, 'rsi_lower': 18, 'rsi_upper': 99, 'en_stochastic': True, 'stochastic_n': 87, 'stochastic_d': 33, 'stochastic_lower': 14, 'stochastic_upper': 93, 'en_mfi': True, 'mfi_n': 42, 'mfi_lower': 16, 'mfi_upper': 61, 'en_bollinger': False, 'bollinger_n': 125, 'bollinger_k': 2.9000000000000004, 'en_adx': False, 'adx_n': 12, 'adx_threshold': 26, 'en_structure_trend': False, 'structure_trend_swing_l': 5, 'en_order_block': False, 'order_block_swing_l': 15, 'en_fvg': True, 'fvg_lookback': 2, 'en_ifvg': True, 'en_breaker': True, 'breaker_swing_l': 16, 'en_cisd': False, 'k': 1, 'en_cap_bars': True, 'cap_1min': 536}.
[I 2026-07-13 13:48:49,231] Trial 584 finished with values: [2972.5504055360216, -5030.0, 53.55] and parameters: {'sl_soft': 65.14851803936261, 'sl_hard_delta': 112.34619625950069, 'tp': 215.3775202768023, 'gate_pct': 77.42933068648337, 'dd_limit': 4797.261624278533, 'cooldown': 1, 'flip': False, 'en_ema_trend': False, 'ema_trend_fast': 352, 'ema_trend_slow': 33, 'en_sma_trend': True, 'sma_trend_fast': 97, 'sma_trend_slow': 265, 'en_macd': False, 'macd_fast': 97, 'macd_slow': 2, 'macd_signal': 96, 'en_vwap': True, 'en_keltner': False, 'keltner_n': 43, 'keltner_m': 4.5, 'en_obv': False, 'obv_slope': 40, 'en_cci': False, 'cci_n': 34, 'cci_threshold': 25, 'en_rsi': False, 'rsi_n': 95, 'rsi_lower': 18, 'rsi_upper': 89, 'en_stochastic': False, 'stochastic_n': 87, 'stochastic_d': 33, 'stochastic_lower': 14, 'stochastic_upper': 76, 'en_mfi': True, 'mfi_n': 30, 'mfi_lower': 5, 'mfi_upper': 51, 'en_bollinger': False, 'bollinger_n': 92, 'bollinger_k': 1.0, 'en_adx': False, 'adx_n': 20, 'adx_threshold': 49, 'en_structure_trend': True, 'structure_trend_swing_l': 12, 'en_order_block': True, 'order_block_swing_l': 10, 'en_fvg': False, 'fvg_lookback': 42, 'en_ifvg': True, 'en_breaker': False, 'breaker_swing_l': 9, 'en_cisd': True, 'k': 1, 'en_cap_bars': True, 'cap_1min': 309}.
[I 2026-07-13 13:48:50,694] Trial 585 finished with values: [3521.6954098749557, -10275.0, 32.0] and parameters: {'sl_soft': 38.07409623902902, 'sl_hard_delta': 161.64900471108456, 'tp': 215.3775202768023, 'gate_pct': 77.88062387933805, 'dd_limit': 284.21555044074455, 'cooldown': 2, 'flip': False, 'en_ema_trend': True, 'ema_trend_fast': 77, 'ema_trend_slow': 129, 'en_sma_trend': False, 'sma_trend_fast': 222, 'sma_trend_slow': 83, 'en_macd': True, 'macd_fast': 44, 'macd_slow': 161, 'macd_signal': 30, 'en_vwap': True, 'en_keltner': False, 'keltner_n': 49, 'keltner_m': 4.1, 'en_obv': False, 'obv_slope': 30, 'en_cci': False, 'cci_n': 54, 'cci_threshold': 300, 'en_rsi': False, 'rsi_n': 100, 'rsi_lower': 30, 'rsi_upper': 81, 'en_stochastic': False, 'stochastic_n': 62, 'stochastic_d': 2, 'stochastic_lower': 7, 'stochastic_upper': 58, 'en_mfi': False, 'mfi_n': 96, 'mfi_lower': 1, 'mfi_upper': 54, 'en_bollinger': False, 'bollinger_n': 108, 'bollinger_k': 0.6, 'en_adx': False, 'adx_n': 29, 'adx_threshold': 32, 'en_structure_trend': False, 'structure_trend_swing_l': 16, 'en_order_block': False, 'order_block_swing_l': 19, 'en_fvg': True, 'fvg_lookback': 42, 'en_ifvg': False, 'en_breaker': True, 'breaker_swing_l': 12, 'en_cisd': False, 'k': 3, 'en_cap_bars': False, 'cap_1min': 522}.
[I 2026-07-13 13:48:54,015] Trial 586 finished with values: [881.9128387133969, -4291.596331796172, 52.25] and parameters: {'sl_soft': 31.115146080326227, 'sl_hard_delta': 161.64900471108456, 'tp': 45.08509170509535, 'gate_pct': 83.64801344627064, 'dd_limit': 1269.9759276905609, 'cooldown': 2, 'flip': False, 'en_ema_trend': True, 'ema_trend_fast': 39, 'ema_trend_slow': 129, 'en_sma_trend': False, 'sma_trend_fast': 7, 'sma_trend_slow': 88, 'en_macd': False, 'macd_fast': 94, 'macd_slow': 94, 'macd_signal': 33, 'en_vwap': True, 'en_keltner': False, 'keltner_n': 62, 'keltner_m': 1.7000000000000002, 'en_obv': False, 'obv_slope': 75, 'en_cci': True, 'cci_n': 71, 'cci_threshold': 175, 'en_rsi': True, 'rsi_n': 48, 'rsi_lower': 9, 'rsi_upper': 60, 'en_stochastic': False, 'stochastic_n': 35, 'stochastic_d': 27, 'stochastic_lower': 14, 'stochastic_upper': 73, 'en_mfi': True, 'mfi_n': 89, 'mfi_lower': 19, 'mfi_upper': 87, 'en_bollinger': True, 'bollinger_n': 108, 'bollinger_k': 3.9000000000000004, 'en_adx': False, 'adx_n': 34, 'adx_threshold': 32, 'en_structure_trend': False, 'structure_trend_swing_l': 16, 'en_order_block': False, 'order_block_swing_l': 5, 'en_fvg': True, 'fvg_lookback': 11, 'en_ifvg': True, 'en_breaker': True, 'breaker_swing_l': 12, 'en_cisd': True, 'k': 4, 'en_cap_bars': False, 'cap_1min': 14}.
[I 2026-07-13 13:48:55,337] Trial 587 finished with values: [9453.919865151947, -30294.402795400383, 42.15] and parameters: {'sl_soft': 101.80942719722671, 'sl_hard_delta': 8.589168958610905, 'tp': 202.23864775877112, 'gate_pct': 85.18598170405104, 'dd_limit': 1428.9146667788111, 'cooldown': 0, 'flip': False, 'en_ema_trend': True, 'ema_trend_fast': 384, 'ema_trend_slow': 150, 'en_sma_trend': False, 'sma_trend_fast': 7, 'sma_trend_slow': 383, 'en_macd': False, 'macd_fast': 94, 'macd_slow': 56, 'macd_signal': 60, 'en_vwap': True, 'en_keltner': False, 'keltner_n': 49, 'keltner_m': 3.7, 'en_obv': False, 'obv_slope': 19, 'en_cci': False, 'cci_n': 141, 'cci_threshold': 20, 'en_rsi': True, 'rsi_n': 94, 'rsi_lower': 24, 'rsi_upper': 65, 'en_stochastic': False, 'stochastic_n': 90, 'stochastic_d': 11, 'stochastic_lower': 40, 'stochastic_upper': 82, 'en_mfi': False, 'mfi_n': 46, 'mfi_lower': 8, 'mfi_upper': 75, 'en_bollinger': False, 'bollinger_n': 97, 'bollinger_k': 4.2, 'en_adx': False, 'adx_n': 51, 'adx_threshold': 51, 'en_structure_trend': False, 'structure_trend_swing_l': 20, 'en_order_block': False, 'order_block_swing_l': 15, 'en_fvg': True, 'fvg_lookback': 31, 'en_ifvg': False, 'en_breaker': False, 'breaker_swing_l': 13, 'en_cisd': True, 'k': 2, 'en_cap_bars': False, 'cap_1min': 898}.
[I 2026-07-13 13:48:57,341] Trial 588 finished with values: [-1682.6504768274754, -24754.16551778617, 48.65] and parameters: {'sl_soft': 138.62987390379863, 'sl_hard_delta': 8.589168958610905, 'tp': 153.29255961489858, 'gate_pct': 83.64801344627064, 'dd_limit': 284.21555044074455, 'cooldown': 1, 'flip': False, 'en_ema_trend': True, 'ema_trend_fast': 39, 'ema_trend_slow': 195, 'en_sma_trend': True, 'sma_trend_fast': 97, 'sma_trend_slow': 160, 'en_macd': True, 'macd_fast': 94, 'macd_slow': 94, 'macd_signal': 36, 'en_vwap': True, 'en_keltner': False, 'keltner_n': 68, 'keltner_m': 4.1, 'en_obv': False, 'obv_slope': 75, 'en_cci': True, 'cci_n': 71, 'cci_threshold': 255, 'en_rsi': True, 'rsi_n': 95, 'rsi_lower': 9, 'rsi_upper': 65, 'en_stochastic': False, 'stochastic_n': 86, 'stochastic_d': 33, 'stochastic_lower': 4, 'stochastic_upper': 93, 'en_mfi': False, 'mfi_n': 47, 'mfi_lower': 28, 'mfi_upper': 61, 'en_bollinger': False, 'bollinger_n': 125, 'bollinger_k': 0.6, 'en_adx': False, 'adx_n': 12, 'adx_threshold': 26, 'en_structure_trend': False, 'structure_trend_swing_l': 5, 'en_order_block': False, 'order_block_swing_l': 15, 'en_fvg': True, 'fvg_lookback': 2, 'en_ifvg': True, 'en_breaker': False, 'breaker_swing_l': 9, 'en_cisd': True, 'k': 3, 'en_cap_bars': False, 'cap_1min': 522}.
