[I 2026-07-13 14:12:22,389] Trial 1799 finished with values: [4307.452318805736, -2214.5815004430915, 73.75] and parameters: {'sl_soft': 18.340408262908845, 'sl_hard_delta': 22.63866675924395, 'tp': 25.724761594028553, 'gate_pct': 30.375843415186864, 'dd_limit': 2608.2965670663593, 'cooldown': 17, 'flip': False, 'en_ema_trend': False, 'ema_trend_fast': 373, 'ema_trend_slow': 251, 'en_sma_trend': True, 'sma_trend_fast': 88, 'sma_trend_slow': 302, 'en_macd': False, 'macd_fast': 31, 'macd_slow': 171, 'macd_signal': 75, 'en_vwap': True, 'en_keltner': False, 'keltner_n': 129, 'keltner_m': 0.8, 'en_obv': False, 'obv_slope': 109, 'en_cci': True, 'cci_n': 12, 'cci_threshold': 25, 'en_rsi': True, 'rsi_n': 55, 'rsi_lower': 19, 'rsi_upper': 64, 'en_stochastic': False, 'stochastic_n': 61, 'stochastic_d': 29, 'stochastic_lower': 40, 'stochastic_upper': 98, 'en_mfi': True, 'mfi_n': 97, 'mfi_lower': 27, 'mfi_upper': 98, 'en_bollinger': False, 'bollinger_n': 130, 'bollinger_k': 3.3000000000000003, 'en_adx': False, 'adx_n': 91, 'adx_threshold': 39, 'en_structure_trend': False, 'structure_trend_swing_l': 13, 'en_order_block': False, 'order_block_swing_l': 4, 'en_fvg': False, 'fvg_lookback': 37, 'en_ifvg': True, 'en_breaker': False, 'breaker_swing_l': 3, 'en_cisd': True, 'k': 3, 'en_cap_bars': True, 'cap_1min': 126}.
[I 2026-07-13 14:12:22,915] Trial 1800 finished with values: [3523.5225503252877, -777.7352574074757, 80.0] and parameters: {'sl_soft': 16.114590850050682, 'sl_hard_delta': 5.272172020324857, 'tp': 23.99269298666304, 'gate_pct': 30.375843415186864, 'dd_limit': 2608.2965670663593, 'cooldown': 17, 'flip': False, 'en_ema_trend': True, 'ema_trend_fast': 41, 'ema_trend_slow': 160, 'en_sma_trend': True, 'sma_trend_fast': 212, 'sma_trend_slow': 302, 'en_macd': False, 'macd_fast': 31, 'macd_slow': 178, 'macd_signal': 75, 'en_vwap': True, 'en_keltner': False, 'keltner_n': 83, 'keltner_m': 4.0, 'en_obv': True, 'obv_slope': 141, 'en_cci': True, 'cci_n': 52, 'cci_threshold': 30, 'en_rsi': True, 'rsi_n': 73, 'rsi_lower': 42, 'rsi_upper': 75, 'en_stochastic': False, 'stochastic_n': 61, 'stochastic_d': 29, 'stochastic_lower': 12, 'stochastic_upper': 62, 'en_mfi': True, 'mfi_n': 94, 'mfi_lower': 17, 'mfi_upper': 94, 'en_bollinger': True, 'bollinger_n': 74, 'bollinger_k': 3.3000000000000003, 'en_adx': False, 'adx_n': 64, 'adx_threshold': 35, 'en_structure_trend': False, 'structure_trend_swing_l': 15, 'en_order_block': True, 'order_block_swing_l': 8, 'en_fvg': False, 'fvg_lookback': 6, 'en_ifvg': True, 'en_breaker': False, 'breaker_swing_l': 3, 'en_cisd': True, 'k': 2, 'en_cap_bars': True, 'cap_1min': 126}.
[I 2026-07-13 14:12:24,283] Trial 1801 finished with values: [4951.695166626596, -1620.0651521859254, 70.7] and parameters: {'sl_soft': 16.114590850050682, 'sl_hard_delta': 22.63866675924395, 'tp': 25.724761594028553, 'gate_pct': 30.375843415186864, 'dd_limit': 2608.2965670663593, 'cooldown': 5, 'flip': False, 'en_ema_trend': False, 'ema_trend_fast': 373, 'ema_trend_slow': 251, 'en_sma_trend': True, 'sma_trend_fast': 212, 'sma_trend_slow': 302, 'en_macd': True, 'macd_fast': 31, 'macd_slow': 18, 'macd_signal': 50, 'en_vwap': True, 'en_keltner': False, 'keltner_n': 129, 'keltner_m': 4.0, 'en_obv': True, 'obv_slope': 3, 'en_cci': True, 'cci_n': 52, 'cci_threshold': 25, 'en_rsi': True, 'rsi_n': 55, 'rsi_lower': 10, 'rsi_upper': 75, 'en_stochastic': False, 'stochastic_n': 57, 'stochastic_d': 9, 'stochastic_lower': 12, 'stochastic_upper': 98, 'en_mfi': False, 'mfi_n': 39, 'mfi_lower': 17, 'mfi_upper': 94, 'en_bollinger': False, 'bollinger_n': 130, 'bollinger_k': 3.3000000000000003, 'en_adx': False, 'adx_n': 64, 'adx_threshold': 50, 'en_structure_trend': False, 'structure_trend_swing_l': 15, 'en_order_block': False, 'order_block_swing_l': 8, 'en_fvg': False, 'fvg_lookback': 6, 'en_ifvg': True, 'en_breaker': False, 'breaker_swing_l': 3, 'en_cisd': True, 'k': 2, 'en_cap_bars': True, 'cap_1min': 126}.
[I 2026-07-13 14:12:24,729] Trial 1802 finished with values: [3309.6109419629647, -1751.0746884247783, 60.35] and parameters: {'sl_soft': 16.114590850050682, 'sl_hard_delta': 22.63866675924395, 'tp': 25.724761594028553, 'gate_pct': 30.375843415186864, 'dd_limit': 2608.2965670663593, 'cooldown': 5, 'flip': False, 'en_ema_trend': True, 'ema_trend_fast': 373, 'ema_trend_slow': 251, 'en_sma_trend': True, 'sma_trend_fast': 212, 'sma_trend_slow': 302, 'en_macd': True, 'macd_fast': 31, 'macd_slow': 198, 'macd_signal': 75, 'en_vwap': False, 'en_keltner': False, 'keltner_n': 80, 'keltner_m': 4.0, 'en_obv': True, 'obv_slope': 3, 'en_cci': True, 'cci_n': 52, 'cci_threshold': 265, 'en_rsi': False, 'rsi_n': 55, 'rsi_lower': 42, 'rsi_upper': 72, 'en_stochastic': False, 'stochastic_n': 57, 'stochastic_d': 29, 'stochastic_lower': 3, 'stochastic_upper': 86, 'en_mfi': True, 'mfi_n': 94, 'mfi_lower': 27, 'mfi_upper': 94, 'en_bollinger': True, 'bollinger_n': 182, 'bollinger_k': 3.3000000000000003, 'en_adx': False, 'adx_n': 64, 'adx_threshold': 35, 'en_structure_trend': False, 'structure_trend_swing_l': 15, 'en_order_block': True, 'order_block_swing_l': 16, 'en_fvg': False, 'fvg_lookback': 6, 'en_ifvg': True, 'en_breaker': False, 'breaker_swing_l': 3, 'en_cisd': False, 'k': 2, 'en_cap_bars': False, 'cap_1min': 1379}.
[I 2026-07-13 14:12:25,120] Trial 1803 finished with values: [4015.965527199296, -875.0, 75.1] and parameters: {'sl_soft': 18.340408262908845, 'sl_hard_delta': 22.63866675924395, 'tp': 23.99269298666304, 'gate_pct': 30.375843415186864, 'dd_limit': 2608.2965670663593, 'cooldown': 19, 'flip': False, 'en_ema_trend': False, 'ema_trend_fast': 373, 'ema_trend_slow': 160, 'en_sma_trend': True, 'sma_trend_fast': 212, 'sma_trend_slow': 302, 'en_macd': True, 'macd_fast': 31, 'macd_slow': 18, 'macd_signal': 65, 'en_vwap': True, 'en_keltner': False, 'keltner_n': 80, 'keltner_m': 4.0, 'en_obv': True, 'obv_slope': 53, 'en_cci': True, 'cci_n': 52, 'cci_threshold': 30, 'en_rsi': True, 'rsi_n': 55, 'rsi_lower': 42, 'rsi_upper': 73, 'en_stochastic': False, 'stochastic_n': 57, 'stochastic_d': 29, 'stochastic_lower': 12, 'stochastic_upper': 98, 'en_mfi': True, 'mfi_n': 94, 'mfi_lower': 27, 'mfi_upper': 98, 'en_bollinger': False, 'bollinger_n': 127, 'bollinger_k': 3.3000000000000003, 'en_adx': False, 'adx_n': 64, 'adx_threshold': 35, 'en_structure_trend': False, 'structure_trend_swing_l': 14, 'en_order_block': True, 'order_block_swing_l': 8, 'en_fvg': False, 'fvg_lookback': 28, 'en_ifvg': True, 'en_breaker': False, 'breaker_swing_l': 3, 'en_cisd': True, 'k': 2, 'en_cap_bars': True, 'cap_1min': 1113}.
[I 2026-07-13 14:12:27,846] Trial 1804 finished with values: [2519.5616885436903, -870.0, 71.44999999999999] and parameters: {'sl_soft': 18.340408262908845, 'sl_hard_delta': 7.843817682672537, 'tp': 23.99269298666304, 'gate_pct': 30.375843415186864, 'dd_limit': 2608.2965670663593, 'cooldown': 1, 'flip': False, 'en_ema_trend': True, 'ema_trend_fast': 46, 'ema_trend_slow': 2, 'en_sma_trend': True, 'sma_trend_fast': 212, 'sma_trend_slow': 169, 'en_macd': True, 'macd_fast': 91, 'macd_slow': 76, 'macd_signal': 65, 'en_vwap': False, 'en_keltner': False, 'keltner_n': 129, 'keltner_m': 4.0, 'en_obv': True, 'obv_slope': 109, 'en_cci': True, 'cci_n': 52, 'cci_threshold': 30, 'en_rsi': True, 'rsi_n': 55, 'rsi_lower': 42, 'rsi_upper': 75, 'en_stochastic': False, 'stochastic_n': 57, 'stochastic_d': 2, 'stochastic_lower': 12, 'stochastic_upper': 65, 'en_mfi': True, 'mfi_n': 66, 'mfi_lower': 17, 'mfi_upper': 63, 'en_bollinger': False, 'bollinger_n': 127, 'bollinger_k': 3.3000000000000003, 'en_adx': False, 'adx_n': 64, 'adx_threshold': 50, 'en_structure_trend': False, 'structure_trend_swing_l': 14, 'en_order_block': True, 'order_block_swing_l': 8, 'en_fvg': False, 'fvg_lookback': 30, 'en_ifvg': True, 'en_breaker': False, 'breaker_swing_l': 13, 'en_cisd': True, 'k': 3, 'en_cap_bars': True, 'cap_1min': 1249}.
[I 2026-07-13 14:12:29,595] Trial 1805 finished with values: [3541.837441526659, -1605.5910366819444, 61.05] and parameters: {'sl_soft': 18.340408262908845, 'sl_hard_delta': 22.63866675924395, 'tp': 25.724761594028553, 'gate_pct': 30.375843415186864, 'dd_limit': 2608.2965670663593, 'cooldown': 7, 'flip': False, 'en_ema_trend': False, 'ema_trend_fast': 373, 'ema_trend_slow': 251, 'en_sma_trend': True, 'sma_trend_fast': 212, 'sma_trend_slow': 302, 'en_macd': True, 'macd_fast': 91, 'macd_slow': 198, 'macd_signal': 56, 'en_vwap': True, 'en_keltner': False, 'keltner_n': 80, 'keltner_m': 0.8, 'en_obv': True, 'obv_slope': 141, 'en_cci': True, 'cci_n': 12, 'cci_threshold': 25, 'en_rsi': True, 'rsi_n': 21, 'rsi_lower': 19, 'rsi_upper': 72, 'en_stochastic': False, 'stochastic_n': 57, 'stochastic_d': 34, 'stochastic_lower': 40, 'stochastic_upper': 86, 'en_mfi': False, 'mfi_n': 70, 'mfi_lower': 27, 'mfi_upper': 98, 'en_bollinger': False, 'bollinger_n': 182, 'bollinger_k': 4.2, 'en_adx': False, 'adx_n': 91, 'adx_threshold': 39, 'en_structure_trend': False, 'structure_trend_swing_l': 15, 'en_order_block': True, 'order_block_swing_l': 8, 'en_fvg': False, 'fvg_lookback': 6, 'en_ifvg': True, 'en_breaker': False, 'breaker_swing_l': 3, 'en_cisd': True, 'k': 2, 'en_cap_bars': True, 'cap_1min': 1379}.
[I 2026-07-13 14:12:30,486] Trial 1806 finished with values: [3267.3320624879125, -1369.5032113292837, 70.25] and parameters: {'sl_soft': 18.340408262908845, 'sl_hard_delta': 5.272172020324857, 'tp': 25.724761594028553, 'gate_pct': 30.375843415186864, 'dd_limit': 1821.4925784082714, 'cooldown': 17, 'flip': False, 'en_ema_trend': False, 'ema_trend_fast': 373, 'ema_trend_slow': 228, 'en_sma_trend': True, 'sma_trend_fast': 88, 'sma_trend_slow': 169, 'en_macd': True, 'macd_fast': 91, 'macd_slow': 18, 'macd_signal': 94, 'en_vwap': True, 'en_keltner': False, 'keltner_n': 129, 'keltner_m': 0.8, 'en_obv': False, 'obv_slope': 109, 'en_cci': True, 'cci_n': 12, 'cci_threshold': 25, 'en_rsi': True, 'rsi_n': 21, 'rsi_lower': 19, 'rsi_upper': 72, 'en_stochastic': False, 'stochastic_n': 61, 'stochastic_d': 9, 'stochastic_lower': 40, 'stochastic_upper': 86, 'en_mfi': True, 'mfi_n': 70, 'mfi_lower': 27, 'mfi_upper': 98, 'en_bollinger': False, 'bollinger_n': 127, 'bollinger_k': 0.5, 'en_adx': False, 'adx_n': 64, 'adx_threshold': 39, 'en_structure_trend': False, 'structure_trend_swing_l': 13, 'en_order_block': False, 'order_block_swing_l': 4, 'en_fvg': False, 'fvg_lookback': 37, 'en_ifvg': True, 'en_breaker': False, 'breaker_swing_l': 3, 'en_cisd': True, 'k': 2, 'en_cap_bars': True, 'cap_1min': 126}.
[I 2026-07-13 14:12:31,001] Trial 1807 finished with values: [3771.038597332663, -870.0, 76.35] and parameters: {'sl_soft': 18.340408262908845, 'sl_hard_delta': 22.63866675924395, 'tp': 23.99269298666304, 'gate_pct': 30.375843415186864, 'dd_limit': 2608.2965670663593, 'cooldown': 1, 'flip': False, 'en_ema_trend': True, 'ema_trend_fast': 373, 'ema_trend_slow': 346, 'en_sma_trend': True, 'sma_trend_fast': 212, 'sma_trend_slow': 169, 'en_macd': True, 'macd_fast': 91, 'macd_slow': 198, 'macd_signal': 65, 'en_vwap': False, 'en_keltner': False, 'keltner_n': 80, 'keltner_m': 4.0, 'en_obv': True, 'obv_slope': 109, 'en_cci': True, 'cci_n': 52, 'cci_threshold': 30, 'en_rsi': False, 'rsi_n': 21, 'rsi_lower': 42, 'rsi_upper': 64, 'en_stochastic': False, 'stochastic_n': 57, 'stochastic_d': 34, 'stochastic_lower': 12, 'stochastic_upper': 62, 'en_mfi': True, 'mfi_n': 94, 'mfi_lower': 27, 'mfi_upper': 98, 'en_bollinger': False, 'bollinger_n': 182, 'bollinger_k': 3.3000000000000003, 'en_adx': False, 'adx_n': 64, 'adx_threshold': 39, 'en_structure_trend': False, 'structure_trend_swing_l': 14, 'en_order_block': True, 'order_block_swing_l': 4, 'en_fvg': False, 'fvg_lookback': 28, 'en_ifvg': True, 'en_breaker': False, 'breaker_swing_l': 3, 'en_cisd': True, 'k': 2, 'en_cap_bars': True, 'cap_1min': 126}.
[I 2026-07-13 14:12:31,633] Trial 1808 pruned. 
[I 2026-07-13 14:12:32,259] Trial 1809 finished with values: [1251.738797207181, -427.73525740747573, 95.45] and parameters: {'sl_soft': 16.114590850050682, 'sl_hard_delta': 5.272172020324857, 'tp': 5.791289843497957, 'gate_pct': 30.375843415186864, 'dd_limit': 2608.2965670663593, 'cooldown': 19, 'flip': False, 'en_ema_trend': False, 'ema_trend_fast': 373, 'ema_trend_slow': 251, 'en_sma_trend': True, 'sma_trend_fast': 212, 'sma_trend_slow': 169, 'en_macd': True, 'macd_fast': 91, 'macd_slow': 18, 'macd_signal': 75, 'en_vwap': True, 'en_keltner': True, 'keltner_n': 62, 'keltner_m': 4.0, 'en_obv': True, 'obv_slope': 3, 'en_cci': True, 'cci_n': 52, 'cci_threshold': 25, 'en_rsi': True, 'rsi_n': 55, 'rsi_lower': 19, 'rsi_upper': 64, 'en_stochastic': False, 'stochastic_n': 57, 'stochastic_d': 2, 'stochastic_lower': 12, 'stochastic_upper': 65, 'en_mfi': True, 'mfi_n': 94, 'mfi_lower': 17, 'mfi_upper': 94, 'en_bollinger': True, 'bollinger_n': 127, 'bollinger_k': 3.3000000000000003, 'en_adx': False, 'adx_n': 91, 'adx_threshold': 35, 'en_structure_trend': False, 'structure_trend_swing_l': 13, 'en_order_block': True, 'order_block_swing_l': 8, 'en_fvg': False, 'fvg_lookback': 28, 'en_ifvg': True, 'en_breaker': False, 'breaker_swing_l': 3, 'en_cisd': True, 'k': 2, 'en_cap_bars': True, 'cap_1min': 904}.
[I 2026-07-13 14:12:33,000] Trial 1810 finished with values: [-3047.0572786522825, -3026.1862678114267, 11.25] and parameters: {'sl_soft': 18.340408262908845, 'sl_hard_delta': 7.721454415205913, 'tp': 25.724761594028553, 'gate_pct': 30.375843415186864, 'dd_limit': 2608.2965670663593, 'cooldown': 23, 'flip': True, 'en_ema_trend': True, 'ema_trend_fast': 376, 'ema_trend_slow': 205, 'en_sma_trend': True, 'sma_trend_fast': 88, 'sma_trend_slow': 271, 'en_macd': False, 'macd_fast': 66, 'macd_slow': 18, 'macd_signal': 75, 'en_vwap': False, 'en_keltner': False, 'keltner_n': 129, 'keltner_m': 0.8, 'en_obv': True, 'obv_slope': 109, 'en_cci': True, 'cci_n': 93, 'cci_threshold': 30, 'en_rsi': True, 'rsi_n': 65, 'rsi_lower': 42, 'rsi_upper': 72, 'en_stochastic': False, 'stochastic_n': 57, 'stochastic_d': 9, 'stochastic_lower': 22, 'stochastic_upper': 62, 'en_mfi': False, 'mfi_n': 39, 'mfi_lower': 17, 'mfi_upper': 98, 'en_bollinger': False, 'bollinger_n': 127, 'bollinger_k': 4.8, 'en_adx': False, 'adx_n': 91, 'adx_threshold': 39, 'en_structure_trend': False, 'structure_trend_swing_l': 15, 'en_order_block': False, 'order_block_swing_l': 8, 'en_fvg': False, 'fvg_lookback': 6, 'en_ifvg': True, 'en_breaker': False, 'breaker_swing_l': 5, 'en_cisd': True, 'k': 2, 'en_cap_bars': True, 'cap_1min': 126}.
[I 2026-07-13 14:12:33,367] Trial 1811 pruned. 
[I 2026-07-13 14:12:33,657] Trial 1812 pruned. 
[I 2026-07-13 14:12:33,974] Trial 1813 pruned. 
[I 2026-07-13 14:12:34,319] Trial 1814 finished with values: [4196.125246321244, -1165.0651521859254, 72.85] and parameters: {'sl_soft': 16.114590850050682, 'sl_hard_delta': 22.63866675924395, 'tp': 25.724761594028553, 'gate_pct': 30.375843415186864, 'dd_limit': 2608.2965670663593, 'cooldown': 19, 'flip': False, 'en_ema_trend': True, 'ema_trend_fast': 373, 'ema_trend_slow': 251, 'en_sma_trend': True, 'sma_trend_fast': 212, 'sma_trend_slow': 302, 'en_macd': True, 'macd_fast': 31, 'macd_slow': 171, 'macd_signal': 75, 'en_vwap': True, 'en_keltner': False, 'keltner_n': 80, 'keltner_m': 4.0, 'en_obv': True, 'obv_slope': 109, 'en_cci': True, 'cci_n': 52, 'cci_threshold': 25, 'en_rsi': True, 'rsi_n': 55, 'rsi_lower': 42, 'rsi_upper': 64, 'en_stochastic': False, 'stochastic_n': 57, 'stochastic_d': 2, 'stochastic_lower': 3, 'stochastic_upper': 98, 'en_mfi': True, 'mfi_n': 97, 'mfi_lower': 27, 'mfi_upper': 94, 'en_bollinger': True, 'bollinger_n': 127, 'bollinger_k': 3.3000000000000003, 'en_adx': False, 'adx_n': 64, 'adx_threshold': 35, 'en_structure_trend': False, 'structure_trend_swing_l': 10, 'en_order_block': True, 'order_block_swing_l': 8, 'en_fvg': False, 'fvg_lookback': 31, 'en_ifvg': True, 'en_breaker': False, 'breaker_swing_l': 3, 'en_cisd': True, 'k': 2, 'en_cap_bars': True, 'cap_1min': 1113}.
[I 2026-07-13 14:12:34,566] Trial 1815 pruned. 
[I 2026-07-13 14:12:34,932] Trial 1816 finished with values: [3220.057439070515, -740.4346879429067, 64.2] and parameters: {'sl_soft': 13.238695178247545, 'sl_hard_delta': 5.272172020324857, 'tp': 25.724761594028553, 'gate_pct': 30.375843415186864, 'dd_limit': 2608.2965670663593, 'cooldown': 19, 'flip': False, 'en_ema_trend': True, 'ema_trend_fast': 373, 'ema_trend_slow': 251, 'en_sma_trend': True, 'sma_trend_fast': 212, 'sma_trend_slow': 2, 'en_macd': False, 'macd_fast': 66, 'macd_slow': 198, 'macd_signal': 75, 'en_vwap': False, 'en_keltner': False, 'keltner_n': 129, 'keltner_m': 2.2, 'en_obv': True, 'obv_slope': 109, 'en_cci': True, 'cci_n': 52, 'cci_threshold': 25, 'en_rsi': True, 'rsi_n': 65, 'rsi_lower': 42, 'rsi_upper': 75, 'en_stochastic': False, 'stochastic_n': 57, 'stochastic_d': 6, 'stochastic_lower': 4, 'stochastic_upper': 62, 'en_mfi': False, 'mfi_n': 94, 'mfi_lower': 45, 'mfi_upper': 94, 'en_bollinger': False, 'bollinger_n': 127, 'bollinger_k': 3.8000000000000003, 'en_adx': False, 'adx_n': 7, 'adx_threshold': 35, 'en_structure_trend': False, 'structure_trend_swing_l': 15, 'en_order_block': True, 'order_block_swing_l': 8, 'en_fvg': False, 'fvg_lookback': 6, 'en_ifvg': True, 'en_breaker': False, 'breaker_swing_l': 13, 'en_cisd': True, 'k': 2, 'en_cap_bars': True, 'cap_1min': 126}.
[I 2026-07-13 14:12:35,208] Trial 1817 finished with values: [3568.20548126052, -1237.2516056646418, 72.7] and parameters: {'sl_soft': 18.340408262908845, 'sl_hard_delta': 5.272172020324857, 'tp': 25.724761594028553, 'gate_pct': 30.375843415186864, 'dd_limit': 2608.2965670663593, 'cooldown': 5, 'flip': False, 'en_ema_trend': True, 'ema_trend_fast': 373, 'ema_trend_slow': 205, 'en_sma_trend': True, 'sma_trend_fast': 88, 'sma_trend_slow': 316, 'en_macd': True, 'macd_fast': 91, 'macd_slow': 198, 'macd_signal': 75, 'en_vwap': True, 'en_keltner': False, 'keltner_n': 129, 'keltner_m': 4.0, 'en_obv': True, 'obv_slope': 109, 'en_cci': True, 'cci_n': 93, 'cci_threshold': 30, 'en_rsi': True, 'rsi_n': 65, 'rsi_lower': 42, 'rsi_upper': 64, 'en_stochastic': False, 'stochastic_n': 57, 'stochastic_d': 9, 'stochastic_lower': 3, 'stochastic_upper': 86, 'en_mfi': True, 'mfi_n': 39, 'mfi_lower': 27, 'mfi_upper': 94, 'en_bollinger': False, 'bollinger_n': 127, 'bollinger_k': 4.2, 'en_adx': False, 'adx_n': 64, 'adx_threshold': 39, 'en_structure_trend': False, 'structure_trend_swing_l': 15, 'en_order_block': True, 'order_block_swing_l': 4, 'en_fvg': False, 'fvg_lookback': 6, 'en_ifvg': True, 'en_breaker': False, 'breaker_swing_l': 13, 'en_cisd': True, 'k': 2, 'en_cap_bars': False, 'cap_1min': 126}.
[I 2026-07-13 14:12:35,676] Trial 1818 finished with values: [1435.7127499196213, -460.0, 95.65] and parameters: {'sl_soft': 18.340408262908845, 'sl_hard_delta': 22.63866675924395, 'tp': 5.791289843497957, 'gate_pct': 30.375843415186864, 'dd_limit': 2608.2965670663593, 'cooldown': 19, 'flip': False, 'en_ema_trend': True, 'ema_trend_fast': 373, 'ema_trend_slow': 251, 'en_sma_trend': True, 'sma_trend_fast': 212, 'sma_trend_slow': 302, 'en_macd': False, 'macd_fast': 91, 'macd_slow': 171, 'macd_signal': 75, 'en_vwap': True, 'en_keltner': False, 'keltner_n': 80, 'keltner_m': 4.0, 'en_obv': True, 'obv_slope': 109, 'en_cci': True, 'cci_n': 52, 'cci_threshold': 25, 'en_rsi': False, 'rsi_n': 55, 'rsi_lower': 42, 'rsi_upper': 64, 'en_stochastic': False, 'stochastic_n': 57, 'stochastic_d': 2, 'stochastic_lower': 3, 'stochastic_upper': 98, 'en_mfi': True, 'mfi_n': 97, 'mfi_lower': 27, 'mfi_upper': 94, 'en_bollinger': False, 'bollinger_n': 182, 'bollinger_k': 3.3000000000000003, 'en_adx': False, 'adx_n': 64, 'adx_threshold': 35, 'en_structure_trend': False, 'structure_trend_swing_l': 15, 'en_order_block': True, 'order_block_swing_l': 4, 'en_fvg': False, 'fvg_lookback': 28, 'en_ifvg': True, 'en_breaker': False, 'breaker_swing_l': 3, 'en_cisd': False, 'k': 3, 'en_cap_bars': False, 'cap_1min': 1113}.
[I 2026-07-13 14:12:36,029] Trial 1819 finished with values: [2214.719194486388, -977.8678328727983, 85.95] and parameters: {'sl_soft': 21.37121962331501, 'sl_hard_delta': 5.272172020324857, 'tp': 13.298595972433171, 'gate_pct': 30.375843415186864, 'dd_limit': 2608.2965670663593, 'cooldown': 19, 'flip': False, 'en_ema_trend': True, 'ema_trend_fast': 41, 'ema_trend_slow': 346, 'en_sma_trend': True, 'sma_trend_fast': 212, 'sma_trend_slow': 2, 'en_macd': True, 'macd_fast': 91, 'macd_slow': 198, 'macd_signal': 65, 'en_vwap': False, 'en_keltner': False, 'keltner_n': 129, 'keltner_m': 4.0, 'en_obv': True, 'obv_slope': 109, 'en_cci': True, 'cci_n': 52, 'cci_threshold': 30, 'en_rsi': True, 'rsi_n': 55, 'rsi_lower': 42, 'rsi_upper': 64, 'en_stochastic': False, 'stochastic_n': 57, 'stochastic_d': 9, 'stochastic_lower': 3, 'stochastic_upper': 62, 'en_mfi': True, 'mfi_n': 94, 'mfi_lower': 45, 'mfi_upper': 94, 'en_bollinger': False, 'bollinger_n': 127, 'bollinger_k': 3.8000000000000003, 'en_adx': False, 'adx_n': 64, 'adx_threshold': 50, 'en_structure_trend': False, 'structure_trend_swing_l': 14, 'en_order_block': True, 'order_block_swing_l': 8, 'en_fvg': False, 'fvg_lookback': 6, 'en_ifvg': True, 'en_breaker': False, 'breaker_swing_l': 13, 'en_cisd': False, 'k': 2, 'en_cap_bars': False, 'cap_1min': 1379}.
