[I 2026-07-13 13:46:14,951] Trial 383 finished with values: [1763.7142391043017, -1060.0, 55.6] and parameters: {'sl_soft': 13.238695178247545, 'sl_hard_delta': 22.63866675924395, 'tp': 25.724761594028553, 'gate_pct': 30.375843415186864, 'dd_limit': 2608.2965670663593, 'cooldown': 19, 'flip': False, 'en_ema_trend': True, 'ema_trend_fast': 373, 'ema_trend_slow': 251, 'en_sma_trend': True, 'sma_trend_fast': 212, 'sma_trend_slow': 302, 'en_macd': True, 'macd_fast': 66, 'macd_slow': 171, 'macd_signal': 75, 'en_vwap': True, 'en_keltner': False, 'keltner_n': 80, 'keltner_m': 0.8, 'en_obv': False, 'obv_slope': 109, 'en_cci': False, 'cci_n': 176, 'cci_threshold': 25, 'en_rsi': False, 'rsi_n': 65, 'rsi_lower': 19, 'rsi_upper': 64, 'en_stochastic': True, 'stochastic_n': 57, 'stochastic_d': 34, 'stochastic_lower': 22, 'stochastic_upper': 98, 'en_mfi': False, 'mfi_n': 66, 'mfi_lower': 27, 'mfi_upper': 94, 'en_bollinger': True, 'bollinger_n': 40, 'bollinger_k': 2.2, 'en_adx': False, 'adx_n': 64, 'adx_threshold': 29, 'en_structure_trend': False, 'structure_trend_swing_l': 15, 'en_order_block': True, 'order_block_swing_l': 8, 'en_fvg': False, 'fvg_lookback': 28, 'en_ifvg': True, 'en_breaker': False, 'breaker_swing_l': 3, 'en_cisd': True, 'k': 2, 'en_cap_bars': False, 'cap_1min': 1379}.
[I 2026-07-13 13:46:21,612] Trial 384 finished with values: [-424.9980899236107, -3904.268207194109, 46.900000000000006] and parameters: {'sl_soft': 17.021504443422053, 'sl_hard_delta': 7.5934450023885445, 'tp': 23.99269298666304, 'gate_pct': 95.28097951734324, 'dd_limit': 3706.8765841622826, 'cooldown': 15, 'flip': False, 'en_ema_trend': True, 'ema_trend_fast': 272, 'ema_trend_slow': 212, 'en_sma_trend': False, 'sma_trend_fast': 285, 'sma_trend_slow': 304, 'en_macd': False, 'macd_fast': 37, 'macd_slow': 63, 'macd_signal': 11, 'en_vwap': False, 'en_keltner': True, 'keltner_n': 84, 'keltner_m': 4.0, 'en_obv': True, 'obv_slope': 161, 'en_cci': False, 'cci_n': 42, 'cci_threshold': 30, 'en_rsi': False, 'rsi_n': 84, 'rsi_lower': 20, 'rsi_upper': 68, 'en_stochastic': True, 'stochastic_n': 88, 'stochastic_d': 13, 'stochastic_lower': 12, 'stochastic_upper': 62, 'en_mfi': False, 'mfi_n': 94, 'mfi_lower': 17, 'mfi_upper': 71, 'en_bollinger': True, 'bollinger_n': 182, 'bollinger_k': 2.7, 'en_adx': False, 'adx_n': 2, 'adx_threshold': 14, 'en_structure_trend': True, 'structure_trend_swing_l': 14, 'en_order_block': False, 'order_block_swing_l': 10, 'en_fvg': True, 'fvg_lookback': 42, 'en_ifvg': True, 'en_breaker': True, 'breaker_swing_l': 18, 'en_cisd': True, 'k': 1, 'en_cap_bars': True, 'cap_1min': 392}.
[I 2026-07-13 13:46:26,904] Trial 385 finished with values: [287.08569901540614, -3082.4613139891153, 59.800000000000004] and parameters: {'sl_soft': 15.013829375617076, 'sl_hard_delta': 6.171656173870122, 'tp': 12.476233953205384, 'gate_pct': 60.24500461284965, 'dd_limit': 2004.412013138942, 'cooldown': 2, 'flip': False, 'en_ema_trend': True, 'ema_trend_fast': 304, 'ema_trend_slow': 367, 'en_sma_trend': True, 'sma_trend_fast': 362, 'sma_trend_slow': 6, 'en_macd': False, 'macd_fast': 55, 'macd_slow': 77, 'macd_signal': 59, 'en_vwap': False, 'en_keltner': True, 'keltner_n': 48, 'keltner_m': 4.8, 'en_obv': True, 'obv_slope': 191, 'en_cci': True, 'cci_n': 124, 'cci_threshold': 250, 'en_rsi': False, 'rsi_n': 13, 'rsi_lower': 38, 'rsi_upper': 54, 'en_stochastic': True, 'stochastic_n': 88, 'stochastic_d': 37, 'stochastic_lower': 47, 'stochastic_upper': 82, 'en_mfi': False, 'mfi_n': 59, 'mfi_lower': 37, 'mfi_upper': 97, 'en_bollinger': False, 'bollinger_n': 130, 'bollinger_k': 3.8000000000000003, 'en_adx': True, 'adx_n': 15, 'adx_threshold': 7, 'en_structure_trend': False, 'structure_trend_swing_l': 13, 'en_order_block': True, 'order_block_swing_l': 2, 'en_fvg': False, 'fvg_lookback': 37, 'en_ifvg': True, 'en_breaker': False, 'breaker_swing_l': 4, 'en_cisd': False, 'k': 1, 'en_cap_bars': True, 'cap_1min': 589}.
[I 2026-07-13 13:46:33,976] Trial 386 finished with values: [-1416.7687582495637, -4075.3130812533345, 51.85] and parameters: {'sl_soft': 13.415900955176113, 'sl_hard_delta': 29.433390779934655, 'tp': 12.476233953205384, 'gate_pct': 52.57115913414096, 'dd_limit': 2004.412013138942, 'cooldown': 5, 'flip': False, 'en_ema_trend': False, 'ema_trend_fast': 188, 'ema_trend_slow': 359, 'en_sma_trend': True, 'sma_trend_fast': 167, 'sma_trend_slow': 275, 'en_macd': False, 'macd_fast': 50, 'macd_slow': 194, 'macd_signal': 100, 'en_vwap': True, 'en_keltner': False, 'keltner_n': 192, 'keltner_m': 3.8000000000000003, 'en_obv': False, 'obv_slope': 89, 'en_cci': True, 'cci_n': 124, 'cci_threshold': 165, 'en_rsi': False, 'rsi_n': 21, 'rsi_lower': 27, 'rsi_upper': 74, 'en_stochastic': True, 'stochastic_n': 93, 'stochastic_d': 18, 'stochastic_lower': 12, 'stochastic_upper': 71, 'en_mfi': False, 'mfi_n': 41, 'mfi_lower': 34, 'mfi_upper': 97, 'en_bollinger': False, 'bollinger_n': 2, 'bollinger_k': 2.0, 'en_adx': False, 'adx_n': 100, 'adx_threshold': 7, 'en_structure_trend': False, 'structure_trend_swing_l': 18, 'en_order_block': True, 'order_block_swing_l': 19, 'en_fvg': True, 'fvg_lookback': 1, 'en_ifvg': False, 'en_breaker': True, 'breaker_swing_l': 15, 'en_cisd': True, 'k': 1, 'en_cap_bars': True, 'cap_1min': 1249}.
[I 2026-07-13 13:46:35,377] Trial 387 finished with values: [3322.453430028181, -2287.4739369579765, 56.7] and parameters: {'sl_soft': 16.114590850050682, 'sl_hard_delta': 29.433390779934655, 'tp': 25.724761594028553, 'gate_pct': 22.926972502704224, 'dd_limit': 3706.8765841622826, 'cooldown': 26, 'flip': False, 'en_ema_trend': True, 'ema_trend_fast': 11, 'ema_trend_slow': 212, 'en_sma_trend': True, 'sma_trend_fast': 45, 'sma_trend_slow': 14, 'en_macd': True, 'macd_fast': 37, 'macd_slow': 18, 'macd_signal': 100, 'en_vwap': True, 'en_keltner': False, 'keltner_n': 68, 'keltner_m': 1.5, 'en_obv': False, 'obv_slope': 161, 'en_cci': False, 'cci_n': 43, 'cci_threshold': 60, 'en_rsi': False, 'rsi_n': 84, 'rsi_lower': 19, 'rsi_upper': 94, 'en_stochastic': False, 'stochastic_n': 8, 'stochastic_d': 47, 'stochastic_lower': 22, 'stochastic_upper': 98, 'en_mfi': False, 'mfi_n': 45, 'mfi_lower': 34, 'mfi_upper': 98, 'en_bollinger': True, 'bollinger_n': 125, 'bollinger_k': 2.9000000000000004, 'en_adx': False, 'adx_n': 31, 'adx_threshold': 14, 'en_structure_trend': False, 'structure_trend_swing_l': 15, 'en_order_block': True, 'order_block_swing_l': 4, 'en_fvg': False, 'fvg_lookback': 28, 'en_ifvg': False, 'en_breaker': False, 'breaker_swing_l': 3, 'en_cisd': True, 'k': 1, 'en_cap_bars': False, 'cap_1min': 1171}.
[I 2026-07-13 13:46:36,612] Trial 388 finished with values: [952.3225400844967, -1393.3577804610832, 54.55] and parameters: {'sl_soft': 6.033479501939727, 'sl_hard_delta': 29.231516187737615, 'tp': 12.666513872118841, 'gate_pct': 75.29895741667805, 'dd_limit': 2366.662293710854, 'cooldown': 11, 'flip': False, 'en_ema_trend': False, 'ema_trend_fast': 33, 'ema_trend_slow': 305, 'en_sma_trend': False, 'sma_trend_fast': 62, 'sma_trend_slow': 134, 'en_macd': True, 'macd_fast': 70, 'macd_slow': 193, 'macd_signal': 27, 'en_vwap': False, 'en_keltner': False, 'keltner_n': 3, 'keltner_m': 3.4000000000000004, 'en_obv': True, 'obv_slope': 38, 'en_cci': False, 'cci_n': 8, 'cci_threshold': 180, 'en_rsi': True, 'rsi_n': 46, 'rsi_lower': 47, 'rsi_upper': 61, 'en_stochastic': True, 'stochastic_n': 9, 'stochastic_d': 10, 'stochastic_lower': 40, 'stochastic_upper': 92, 'en_mfi': True, 'mfi_n': 95, 'mfi_lower': 24, 'mfi_upper': 93, 'en_bollinger': False, 'bollinger_n': 24, 'bollinger_k': 3.0, 'en_adx': False, 'adx_n': 77, 'adx_threshold': 32, 'en_structure_trend': True, 'structure_trend_swing_l': 9, 'en_order_block': False, 'order_block_swing_l': 1, 'en_fvg': True, 'fvg_lookback': 20, 'en_ifvg': False, 'en_breaker': False, 'breaker_swing_l': 20, 'en_cisd': True, 'k': 4, 'en_cap_bars': False, 'cap_1min': 1119}.
[I 2026-07-13 13:46:38,726] Trial 389 finished with values: [421.1952916593509, -2384.092356053734, 71.85] and parameters: {'sl_soft': 13.415900955176113, 'sl_hard_delta': 19.332444654774786, 'tp': 8.505465975909583, 'gate_pct': 52.57115913414096, 'dd_limit': 1947.6863601704115, 'cooldown': 1, 'flip': False, 'en_ema_trend': False, 'ema_trend_fast': 41, 'ema_trend_slow': 346, 'en_sma_trend': False, 'sma_trend_fast': 209, 'sma_trend_slow': 391, 'en_macd': False, 'macd_fast': 46, 'macd_slow': 115, 'macd_signal': 41, 'en_vwap': False, 'en_keltner': False, 'keltner_n': 25, 'keltner_m': 2.9000000000000004, 'en_obv': True, 'obv_slope': 14, 'en_cci': False, 'cci_n': 109, 'cci_threshold': 30, 'en_rsi': True, 'rsi_n': 67, 'rsi_lower': 6, 'rsi_upper': 52, 'en_stochastic': False, 'stochastic_n': 57, 'stochastic_d': 18, 'stochastic_lower': 4, 'stochastic_upper': 56, 'en_mfi': False, 'mfi_n': 90, 'mfi_lower': 25, 'mfi_upper': 85, 'en_bollinger': False, 'bollinger_n': 68, 'bollinger_k': 4.8, 'en_adx': False, 'adx_n': 75, 'adx_threshold': 36, 'en_structure_trend': False, 'structure_trend_swing_l': 8, 'en_order_block': True, 'order_block_swing_l': 7, 'en_fvg': False, 'fvg_lookback': 23, 'en_ifvg': True, 'en_breaker': True, 'breaker_swing_l': 1, 'en_cisd': False, 'k': 1, 'en_cap_bars': True, 'cap_1min': 1249}.
[I 2026-07-13 13:46:41,391] Trial 390 pruned. 
[I 2026-07-13 13:46:42,191] Trial 391 pruned. 
[I 2026-07-13 13:46:45,612] Trial 392 finished with values: [-1628.9396186659724, -4428.722331835306, 39.35] and parameters: {'sl_soft': 13.238695178247545, 'sl_hard_delta': 22.63866675924395, 'tp': 25.724761594028553, 'gate_pct': 83.33433192606572, 'dd_limit': 2309.304895037253, 'cooldown': 17, 'flip': False, 'en_ema_trend': True, 'ema_trend_fast': 375, 'ema_trend_slow': 251, 'en_sma_trend': False, 'sma_trend_fast': 212, 'sma_trend_slow': 302, 'en_macd': True, 'macd_fast': 31, 'macd_slow': 111, 'macd_signal': 75, 'en_vwap': False, 'en_keltner': True, 'keltner_n': 129, 'keltner_m': 0.8, 'en_obv': True, 'obv_slope': 141, 'en_cci': False, 'cci_n': 12, 'cci_threshold': 25, 'en_rsi': False, 'rsi_n': 67, 'rsi_lower': 19, 'rsi_upper': 86, 'en_stochastic': False, 'stochastic_n': 63, 'stochastic_d': 30, 'stochastic_lower': 27, 'stochastic_upper': 86, 'en_mfi': False, 'mfi_n': 70, 'mfi_lower': 17, 'mfi_upper': 62, 'en_bollinger': False, 'bollinger_n': 40, 'bollinger_k': 3.8000000000000003, 'en_adx': False, 'adx_n': 68, 'adx_threshold': 39, 'en_structure_trend': True, 'structure_trend_swing_l': 15, 'en_order_block': False, 'order_block_swing_l': 8, 'en_fvg': True, 'fvg_lookback': 28, 'en_ifvg': True, 'en_breaker': True, 'breaker_swing_l': 3, 'en_cisd': False, 'k': 2, 'en_cap_bars': True, 'cap_1min': 803}.
[I 2026-07-13 13:46:46,022] Trial 393 finished with values: [380.87455614528153, -1414.6720414455194, 71.35] and parameters: {'sl_soft': 16.28460546358131, 'sl_hard_delta': 19.332444654774786, 'tp': 8.505465975909583, 'gate_pct': 29.897602569804548, 'dd_limit': 1947.6863601704115, 'cooldown': 26, 'flip': False, 'en_ema_trend': True, 'ema_trend_fast': 323, 'ema_trend_slow': 172, 'en_sma_trend': False, 'sma_trend_fast': 209, 'sma_trend_slow': 384, 'en_macd': False, 'macd_fast': 46, 'macd_slow': 115, 'macd_signal': 58, 'en_vwap': False, 'en_keltner': True, 'keltner_n': 25, 'keltner_m': 2.9000000000000004, 'en_obv': True, 'obv_slope': 14, 'en_cci': False, 'cci_n': 135, 'cci_threshold': 30, 'en_rsi': False, 'rsi_n': 88, 'rsi_lower': 35, 'rsi_upper': 52, 'en_stochastic': True, 'stochastic_n': 57, 'stochastic_d': 29, 'stochastic_lower': 16, 'stochastic_upper': 56, 'en_mfi': False, 'mfi_n': 59, 'mfi_lower': 25, 'mfi_upper': 75, 'en_bollinger': False, 'bollinger_n': 68, 'bollinger_k': 4.8, 'en_adx': False, 'adx_n': 75, 'adx_threshold': 36, 'en_structure_trend': False, 'structure_trend_swing_l': 8, 'en_order_block': True, 'order_block_swing_l': 7, 'en_fvg': True, 'fvg_lookback': 26, 'en_ifvg': True, 'en_breaker': False, 'breaker_swing_l': 1, 'en_cisd': False, 'k': 1, 'en_cap_bars': False, 'cap_1min': 1181}.
[I 2026-07-13 13:46:46,408] Trial 394 finished with values: [-154.59761484104092, -4313.921965820118, 40.4] and parameters: {'sl_soft': 13.415900955176113, 'sl_hard_delta': 20.008276295819254, 'tp': 23.99269298666304, 'gate_pct': 52.57115913414096, 'dd_limit': 3292.8402077918095, 'cooldown': 1, 'flip': False, 'en_ema_trend': False, 'ema_trend_fast': 41, 'ema_trend_slow': 346, 'en_sma_trend': True, 'sma_trend_fast': 167, 'sma_trend_slow': 258, 'en_macd': False, 'macd_fast': 81, 'macd_slow': 63, 'macd_signal': 2, 'en_vwap': False, 'en_keltner': False, 'keltner_n': 200, 'keltner_m': 2.2, 'en_obv': False, 'obv_slope': 160, 'en_cci': False, 'cci_n': 93, 'cci_threshold': 30, 'en_rsi': False, 'rsi_n': 23, 'rsi_lower': 6, 'rsi_upper': 58, 'en_stochastic': True, 'stochastic_n': 85, 'stochastic_d': 18, 'stochastic_lower': 4, 'stochastic_upper': 71, 'en_mfi': False, 'mfi_n': 90, 'mfi_lower': 17, 'mfi_upper': 65, 'en_bollinger': False, 'bollinger_n': 137, 'bollinger_k': 0.5, 'en_adx': False, 'adx_n': 71, 'adx_threshold': 34, 'en_structure_trend': False, 'structure_trend_swing_l': 10, 'en_order_block': True, 'order_block_swing_l': 10, 'en_fvg': False, 'fvg_lookback': 31, 'en_ifvg': True, 'en_breaker': True, 'breaker_swing_l': 7, 'en_cisd': False, 'k': 1, 'en_cap_bars': True, 'cap_1min': 1249}.
[I 2026-07-13 13:46:47,745] Trial 395 finished with values: [3283.3114408521215, -2932.958171992723, 71.3] and parameters: {'sl_soft': 16.320148693460837, 'sl_hard_delta': 20.820739768333677, 'tp': 13.298595972433171, 'gate_pct': 92.80779954528938, 'dd_limit': 1726.2517714230858, 'cooldown': 17, 'flip': False, 'en_ema_trend': True, 'ema_trend_fast': 11, 'ema_trend_slow': 150, 'en_sma_trend': True, 'sma_trend_fast': 275, 'sma_trend_slow': 339, 'en_macd': True, 'macd_fast': 31, 'macd_slow': 18, 'macd_signal': 60, 'en_vwap': False, 'en_keltner': False, 'keltner_n': 129, 'keltner_m': 3.3000000000000003, 'en_obv': True, 'obv_slope': 161, 'en_cci': False, 'cci_n': 12, 'cci_threshold': 65, 'en_rsi': False, 'rsi_n': 67, 'rsi_lower': 29, 'rsi_upper': 68, 'en_stochastic': False, 'stochastic_n': 85, 'stochastic_d': 29, 'stochastic_lower': 12, 'stochastic_upper': 86, 'en_mfi': False, 'mfi_n': 70, 'mfi_lower': 17, 'mfi_upper': 98, 'en_bollinger': True, 'bollinger_n': 56, 'bollinger_k': 1.9000000000000001, 'en_adx': False, 'adx_n': 68, 'adx_threshold': 14, 'en_structure_trend': False, 'structure_trend_swing_l': 15, 'en_order_block': True, 'order_block_swing_l': 12, 'en_fvg': False, 'fvg_lookback': 25, 'en_ifvg': True, 'en_breaker': False, 'breaker_swing_l': 18, 'en_cisd': True, 'k': 4, 'en_cap_bars': True, 'cap_1min': 995}.
[I 2026-07-13 13:46:49,004] Trial 396 finished with values: [3653.2398163030666, -3849.23966288261, 57.8] and parameters: {'sl_soft': 18.340408262908845, 'sl_hard_delta': 20.008276295819254, 'tp': 23.99269298666304, 'gate_pct': 42.37120833684469, 'dd_limit': 3292.8402077918095, 'cooldown': 1, 'flip': False, 'en_ema_trend': False, 'ema_trend_fast': 304, 'ema_trend_slow': 367, 'en_sma_trend': True, 'sma_trend_fast': 7, 'sma_trend_slow': 258, 'en_macd': False, 'macd_fast': 60, 'macd_slow': 63, 'macd_signal': 59, 'en_vwap': False, 'en_keltner': True, 'keltner_n': 3, 'keltner_m': 4.8, 'en_obv': True, 'obv_slope': 17, 'en_cci': False, 'cci_n': 33, 'cci_threshold': 250, 'en_rsi': True, 'rsi_n': 23, 'rsi_lower': 18, 'rsi_upper': 75, 'en_stochastic': False, 'stochastic_n': 61, 'stochastic_d': 47, 'stochastic_lower': 4, 'stochastic_upper': 60, 'en_mfi': False, 'mfi_n': 59, 'mfi_lower': 17, 'mfi_upper': 98, 'en_bollinger': False, 'bollinger_n': 182, 'bollinger_k': 4.6000000000000005, 'en_adx': False, 'adx_n': 71, 'adx_threshold': 7, 'en_structure_trend': False, 'structure_trend_swing_l': 5, 'en_order_block': False, 'order_block_swing_l': 18, 'en_fvg': True, 'fvg_lookback': 37, 'en_ifvg': True, 'en_breaker': True, 'breaker_swing_l': 7, 'en_cisd': False, 'k': 1, 'en_cap_bars': True, 'cap_1min': 652}.
[I 2026-07-13 13:46:55,701] Trial 397 finished with values: [896.8037720496432, -1614.8906804818398, 80.55] and parameters: {'sl_soft': 16.28460546358131, 'sl_hard_delta': 22.63866675924395, 'tp': 8.505465975909583, 'gate_pct': 29.897602569804548, 'dd_limit': 1947.6863601704115, 'cooldown': 17, 'flip': False, 'en_ema_trend': True, 'ema_trend_fast': 323, 'ema_trend_slow': 251, 'en_sma_trend': False, 'sma_trend_fast': 212, 'sma_trend_slow': 302, 'en_macd': False, 'macd_fast': 46, 'macd_slow': 171, 'macd_signal': 58, 'en_vwap': False, 'en_keltner': False, 'keltner_n': 129, 'keltner_m': 0.8, 'en_obv': True, 'obv_slope': 141, 'en_cci': False, 'cci_n': 12, 'cci_threshold': 30, 'en_rsi': False, 'rsi_n': 88, 'rsi_lower': 19, 'rsi_upper': 52, 'en_stochastic': True, 'stochastic_n': 63, 'stochastic_d': 29, 'stochastic_lower': 34, 'stochastic_upper': 86, 'en_mfi': False, 'mfi_n': 70, 'mfi_lower': 25, 'mfi_upper': 62, 'en_bollinger': False, 'bollinger_n': 40, 'bollinger_k': 4.8, 'en_adx': False, 'adx_n': 68, 'adx_threshold': 36, 'en_structure_trend': False, 'structure_trend_swing_l': 8, 'en_order_block': False, 'order_block_swing_l': 7, 'en_fvg': False, 'fvg_lookback': 28, 'en_ifvg': True, 'en_breaker': True, 'breaker_swing_l': 1, 'en_cisd': False, 'k': 2, 'en_cap_bars': True, 'cap_1min': 1181}.
[I 2026-07-13 13:46:56,188] Trial 398 pruned. 
[I 2026-07-13 13:47:02,389] Trial 399 finished with values: [1396.1528686043312, -1070.4346879429067, 60.75] and parameters: {'sl_soft': 13.238695178247545, 'sl_hard_delta': 5.272172020324857, 'tp': 23.99269298666304, 'gate_pct': 30.375843415186864, 'dd_limit': 2608.2965670663593, 'cooldown': 19, 'flip': False, 'en_ema_trend': False, 'ema_trend_fast': 373, 'ema_trend_slow': 346, 'en_sma_trend': False, 'sma_trend_fast': 212, 'sma_trend_slow': 302, 'en_macd': True, 'macd_fast': 91, 'macd_slow': 198, 'macd_signal': 75, 'en_vwap': False, 'en_keltner': False, 'keltner_n': 62, 'keltner_m': 4.0, 'en_obv': False, 'obv_slope': 24, 'en_cci': False, 'cci_n': 37, 'cci_threshold': 30, 'en_rsi': False, 'rsi_n': 55, 'rsi_lower': 42, 'rsi_upper': 75, 'en_stochastic': True, 'stochastic_n': 57, 'stochastic_d': 9, 'stochastic_lower': 22, 'stochastic_upper': 98, 'en_mfi': True, 'mfi_n': 66, 'mfi_lower': 17, 'mfi_upper': 94, 'en_bollinger': False, 'bollinger_n': 127, 'bollinger_k': 3.3000000000000003, 'en_adx': False, 'adx_n': 7, 'adx_threshold': 39, 'en_structure_trend': False, 'structure_trend_swing_l': 15, 'en_order_block': True, 'order_block_swing_l': 8, 'en_fvg': False, 'fvg_lookback': 28, 'en_ifvg': True, 'en_breaker': False, 'breaker_swing_l': 13, 'en_cisd': True, 'k': 2, 'en_cap_bars': False, 'cap_1min': 1379}.
[I 2026-07-13 13:47:11,845] Trial 400 finished with values: [111.15561976359459, -3979.402496000839, 44.75] and parameters: {'sl_soft': 8.873773882939886, 'sl_hard_delta': 5.50337271615407, 'tp': 17.865227897426596, 'gate_pct': 52.70817803787374, 'dd_limit': 178.16258005696582, 'cooldown': 2, 'flip': True, 'en_ema_trend': True, 'ema_trend_fast': 304, 'ema_trend_slow': 20, 'en_sma_trend': True, 'sma_trend_fast': 82, 'sma_trend_slow': 169, 'en_macd': True, 'macd_fast': 60, 'macd_slow': 18, 'macd_signal': 59, 'en_vwap': True, 'en_keltner': True, 'keltner_n': 48, 'keltner_m': 3.7, 'en_obv': True, 'obv_slope': 24, 'en_cci': True, 'cci_n': 124, 'cci_threshold': 90, 'en_rsi': False, 'rsi_n': 55, 'rsi_lower': 3, 'rsi_upper': 68, 'en_stochastic': True, 'stochastic_n': 61, 'stochastic_d': 15, 'stochastic_lower': 40, 'stochastic_upper': 73, 'en_mfi': False, 'mfi_n': 59, 'mfi_lower': 42, 'mfi_upper': 98, 'en_bollinger': True, 'bollinger_n': 131, 'bollinger_k': 4.1, 'en_adx': False, 'adx_n': 15, 'adx_threshold': 40, 'en_structure_trend': True, 'structure_trend_swing_l': 14, 'en_order_block': False, 'order_block_swing_l': 2, 'en_fvg': True, 'fvg_lookback': 37, 'en_ifvg': False, 'en_breaker': False, 'breaker_swing_l': 4, 'en_cisd': True, 'k': 1, 'en_cap_bars': False, 'cap_1min': 589}.
[I 2026-07-13 13:47:15,058] Trial 401 finished with values: [2678.7578077327635, -790.1461402667337, 63.35] and parameters: {'sl_soft': 13.238695178247545, 'sl_hard_delta': 22.63866675924395, 'tp': 23.99269298666304, 'gate_pct': 30.375843415186864, 'dd_limit': 2608.2965670663593, 'cooldown': 19, 'flip': False, 'en_ema_trend': True, 'ema_trend_fast': 41, 'ema_trend_slow': 346, 'en_sma_trend': True, 'sma_trend_fast': 212, 'sma_trend_slow': 302, 'en_macd': True, 'macd_fast': 66, 'macd_slow': 198, 'macd_signal': 75, 'en_vwap': True, 'en_keltner': True, 'keltner_n': 62, 'keltner_m': 4.0, 'en_obv': True, 'obv_slope': 109, 'en_cci': False, 'cci_n': 176, 'cci_threshold': 25, 'en_rsi': True, 'rsi_n': 55, 'rsi_lower': 19, 'rsi_upper': 64, 'en_stochastic': False, 'stochastic_n': 57, 'stochastic_d': 9, 'stochastic_lower': 22, 'stochastic_upper': 98, 'en_mfi': True, 'mfi_n': 66, 'mfi_lower': 27, 'mfi_upper': 94, 'en_bollinger': False, 'bollinger_n': 127, 'bollinger_k': 3.3000000000000003, 'en_adx': False, 'adx_n': 64, 'adx_threshold': 39, 'en_structure_trend': False, 'structure_trend_swing_l': 15, 'en_order_block': True, 'order_block_swing_l': 8, 'en_fvg': False, 'fvg_lookback': 28, 'en_ifvg': True, 'en_breaker': False, 'breaker_swing_l': 13, 'en_cisd': True, 'k': 2, 'en_cap_bars': False, 'cap_1min': 1379}.
[I 2026-07-13 13:47:17,859] Trial 402 pruned. 
