[I 2026-07-13 13:42:36,833] Trial 281 finished with values: [-482.2047567923437, -2759.666819181075, 53.55] and parameters: {'sl_soft': 19.42710104311899, 'sl_hard_delta': 7.5934450023885445, 'tp': 20.369389268482884, 'gate_pct': 95.28097951734324, 'dd_limit': 2784.160035654114, 'cooldown': 15, 'flip': True, 'en_ema_trend': False, 'ema_trend_fast': 29, 'ema_trend_slow': 226, 'en_sma_trend': False, 'sma_trend_fast': 145, 'sma_trend_slow': 146, 'en_macd': False, 'macd_fast': 20, 'macd_slow': 185, 'macd_signal': 11, 'en_vwap': True, 'en_keltner': True, 'keltner_n': 6, 'keltner_m': 1.5, 'en_obv': True, 'obv_slope': 194, 'en_cci': True, 'cci_n': 72, 'cci_threshold': 220, 'en_rsi': False, 'rsi_n': 33, 'rsi_lower': 11, 'rsi_upper': 68, 'en_stochastic': True, 'stochastic_n': 2, 'stochastic_d': 9, 'stochastic_lower': 42, 'stochastic_upper': 86, 'en_mfi': True, 'mfi_n': 39, 'mfi_lower': 28, 'mfi_upper': 71, 'en_bollinger': True, 'bollinger_n': 14, 'bollinger_k': 0.5, 'en_adx': False, 'adx_n': 23, 'adx_threshold': 18, 'en_structure_trend': True, 'structure_trend_swing_l': 4, 'en_order_block': False, 'order_block_swing_l': 15, 'en_fvg': True, 'fvg_lookback': 8, 'en_ifvg': True, 'en_breaker': False, 'breaker_swing_l': 18, 'en_cisd': False, 'k': 1, 'en_cap_bars': True, 'cap_1min': 392}.
[I 2026-07-13 13:42:37,496] Trial 282 pruned. 
[I 2026-07-13 13:42:38,131] Trial 283 pruned. 
[I 2026-07-13 13:42:39,692] Trial 284 finished with values: [2390.9379603258276, -2305.0, 52.1] and parameters: {'sl_soft': 18.113760655168605, 'sl_hard_delta': 19.332444654774786, 'tp': 37.695316336047384, 'gate_pct': 29.897602569804548, 'dd_limit': 1947.6863601704115, 'cooldown': 13, 'flip': False, 'en_ema_trend': True, 'ema_trend_fast': 375, 'ema_trend_slow': 53, 'en_sma_trend': False, 'sma_trend_fast': 209, 'sma_trend_slow': 56, 'en_macd': False, 'macd_fast': 46, 'macd_slow': 58, 'macd_signal': 58, 'en_vwap': False, 'en_keltner': True, 'keltner_n': 25, 'keltner_m': 1.2000000000000002, 'en_obv': True, 'obv_slope': 14, 'en_cci': True, 'cci_n': 40, 'cci_threshold': 30, 'en_rsi': False, 'rsi_n': 34, 'rsi_lower': 35, 'rsi_upper': 52, 'en_stochastic': False, 'stochastic_n': 57, 'stochastic_d': 29, 'stochastic_lower': 16, 'stochastic_upper': 87, 'en_mfi': True, 'mfi_n': 59, 'mfi_lower': 25, 'mfi_upper': 75, 'en_bollinger': False, 'bollinger_n': 40, 'bollinger_k': 2.9000000000000004, 'en_adx': False, 'adx_n': 31, 'adx_threshold': 36, 'en_structure_trend': False, 'structure_trend_swing_l': 8, 'en_order_block': True, 'order_block_swing_l': 7, 'en_fvg': True, 'fvg_lookback': 26, 'en_ifvg': True, 'en_breaker': False, 'breaker_swing_l': 1, 'en_cisd': False, 'k': 2, 'en_cap_bars': False, 'cap_1min': 1181}.
[I 2026-07-13 13:42:41,741] Trial 285 finished with values: [1596.0555844966075, -4648.410692825491, 62.5] and parameters: {'sl_soft': 14.938498535962665, 'sl_hard_delta': 17.044191530765772, 'tp': 13.298595972433171, 'gate_pct': 52.631811604471054, 'dd_limit': 4795.560087596012, 'cooldown': 15, 'flip': False, 'en_ema_trend': True, 'ema_trend_fast': 59, 'ema_trend_slow': 212, 'en_sma_trend': False, 'sma_trend_fast': 362, 'sma_trend_slow': 93, 'en_macd': False, 'macd_fast': 37, 'macd_slow': 179, 'macd_signal': 65, 'en_vwap': False, 'en_keltner': True, 'keltner_n': 8, 'keltner_m': 0.6, 'en_obv': False, 'obv_slope': 184, 'en_cci': False, 'cci_n': 42, 'cci_threshold': 135, 'en_rsi': False, 'rsi_n': 84, 'rsi_lower': 16, 'rsi_upper': 74, 'en_stochastic': False, 'stochastic_n': 100, 'stochastic_d': 8, 'stochastic_lower': 47, 'stochastic_upper': 68, 'en_mfi': False, 'mfi_n': 79, 'mfi_lower': 25, 'mfi_upper': 76, 'en_bollinger': True, 'bollinger_n': 85, 'bollinger_k': 2.7, 'en_adx': False, 'adx_n': 29, 'adx_threshold': 50, 'en_structure_trend': True, 'structure_trend_swing_l': 13, 'en_order_block': True, 'order_block_swing_l': 10, 'en_fvg': False, 'fvg_lookback': 34, 'en_ifvg': True, 'en_breaker': True, 'breaker_swing_l': 8, 'en_cisd': True, 'k': 1, 'en_cap_bars': False, 'cap_1min': 583}.
[I 2026-07-13 13:42:45,972] Trial 286 finished with values: [-664.1684833081672, -1833.40205298402, 52.8] and parameters: {'sl_soft': 16.114590850050682, 'sl_hard_delta': 22.555511799149812, 'tp': 13.298595972433171, 'gate_pct': 22.926972502704224, 'dd_limit': 1312.9011339831748, 'cooldown': 26, 'flip': True, 'en_ema_trend': True, 'ema_trend_fast': 272, 'ema_trend_slow': 212, 'en_sma_trend': False, 'sma_trend_fast': 177, 'sma_trend_slow': 324, 'en_macd': True, 'macd_fast': 25, 'macd_slow': 179, 'macd_signal': 92, 'en_vwap': False, 'en_keltner': True, 'keltner_n': 67, 'keltner_m': 0.6, 'en_obv': True, 'obv_slope': 108, 'en_cci': False, 'cci_n': 53, 'cci_threshold': 95, 'en_rsi': False, 'rsi_n': 84, 'rsi_lower': 28, 'rsi_upper': 68, 'en_stochastic': False, 'stochastic_n': 85, 'stochastic_d': 47, 'stochastic_lower': 43, 'stochastic_upper': 77, 'en_mfi': False, 'mfi_n': 96, 'mfi_lower': 13, 'mfi_upper': 64, 'en_bollinger': True, 'bollinger_n': 115, 'bollinger_k': 2.5, 'en_adx': True, 'adx_n': 3, 'adx_threshold': 32, 'en_structure_trend': False, 'structure_trend_swing_l': 1, 'en_order_block': True, 'order_block_swing_l': 6, 'en_fvg': False, 'fvg_lookback': 34, 'en_ifvg': False, 'en_breaker': True, 'breaker_swing_l': 9, 'en_cisd': True, 'k': 1, 'en_cap_bars': False, 'cap_1min': 784}.
[I 2026-07-13 13:42:46,552] Trial 287 pruned. 
[I 2026-07-13 13:42:48,104] Trial 288 finished with values: [3121.8482740700347, -1600.0282156449248, 68.75] and parameters: {'sl_soft': 14.938498535962665, 'sl_hard_delta': 17.044191530765772, 'tp': 16.332863072586186, 'gate_pct': 35.06171893069536, 'dd_limit': 2784.160035654114, 'cooldown': 15, 'flip': False, 'en_ema_trend': True, 'ema_trend_fast': 29, 'ema_trend_slow': 226, 'en_sma_trend': False, 'sma_trend_fast': 145, 'sma_trend_slow': 93, 'en_macd': False, 'macd_fast': 24, 'macd_slow': 185, 'macd_signal': 69, 'en_vwap': True, 'en_keltner': True, 'keltner_n': 8, 'keltner_m': 1.5, 'en_obv': True, 'obv_slope': 120, 'en_cci': True, 'cci_n': 184, 'cci_threshold': 220, 'en_rsi': True, 'rsi_n': 17, 'rsi_lower': 11, 'rsi_upper': 68, 'en_stochastic': False, 'stochastic_n': 14, 'stochastic_d': 13, 'stochastic_lower': 42, 'stochastic_upper': 68, 'en_mfi': False, 'mfi_n': 20, 'mfi_lower': 16, 'mfi_upper': 71, 'en_bollinger': False, 'bollinger_n': 85, 'bollinger_k': 3.0, 'en_adx': False, 'adx_n': 23, 'adx_threshold': 17, 'en_structure_trend': True, 'structure_trend_swing_l': 13, 'en_order_block': False, 'order_block_swing_l': 6, 'en_fvg': False, 'fvg_lookback': 28, 'en_ifvg': True, 'en_breaker': True, 'breaker_swing_l': 18, 'en_cisd': True, 'k': 1, 'en_cap_bars': True, 'cap_1min': 583}.
[I 2026-07-13 13:42:52,997] Trial 289 finished with values: [-548.173360222936, -3516.127396488664, 26.4] and parameters: {'sl_soft': 6.033479501939727, 'sl_hard_delta': 20.008276295819254, 'tp': 23.99269298666304, 'gate_pct': 52.57115913414096, 'dd_limit': 3292.8402077918095, 'cooldown': 11, 'flip': False, 'en_ema_trend': False, 'ema_trend_fast': 41, 'ema_trend_slow': 346, 'en_sma_trend': False, 'sma_trend_fast': 62, 'sma_trend_slow': 134, 'en_macd': True, 'macd_fast': 44, 'macd_slow': 193, 'macd_signal': 27, 'en_vwap': False, 'en_keltner': True, 'keltner_n': 200, 'keltner_m': 3.4000000000000004, 'en_obv': True, 'obv_slope': 38, 'en_cci': False, 'cci_n': 33, 'cci_threshold': 30, 'en_rsi': True, 'rsi_n': 23, 'rsi_lower': 3, 'rsi_upper': 54, 'en_stochastic': True, 'stochastic_n': 85, 'stochastic_d': 10, 'stochastic_lower': 4, 'stochastic_upper': 60, 'en_mfi': False, 'mfi_n': 95, 'mfi_lower': 17, 'mfi_upper': 93, 'en_bollinger': False, 'bollinger_n': 182, 'bollinger_k': 3.0, 'en_adx': False, 'adx_n': 71, 'adx_threshold': 32, 'en_structure_trend': False, 'structure_trend_swing_l': 9, 'en_order_block': True, 'order_block_swing_l': 19, 'en_fvg': False, 'fvg_lookback': 42, 'en_ifvg': False, 'en_breaker': True, 'breaker_swing_l': 20, 'en_cisd': False, 'k': 1, 'en_cap_bars': False, 'cap_1min': 1119}.
[I 2026-07-13 13:42:56,921] Trial 290 finished with values: [-2024.4658448787231, -2231.425962807625, 44.25] and parameters: {'sl_soft': 14.938498535962665, 'sl_hard_delta': 17.044191530765772, 'tp': 12.476233953205384, 'gate_pct': 68.87067583562738, 'dd_limit': 2004.412013138942, 'cooldown': 15, 'flip': False, 'en_ema_trend': True, 'ema_trend_fast': 321, 'ema_trend_slow': 135, 'en_sma_trend': True, 'sma_trend_fast': 79, 'sma_trend_slow': 93, 'en_macd': False, 'macd_fast': 55, 'macd_slow': 77, 'macd_signal': 93, 'en_vwap': False, 'en_keltner': True, 'keltner_n': 8, 'keltner_m': 4.5, 'en_obv': True, 'obv_slope': 191, 'en_cci': False, 'cci_n': 124, 'cci_threshold': 115, 'en_rsi': False, 'rsi_n': 17, 'rsi_lower': 16, 'rsi_upper': 54, 'en_stochastic': True, 'stochastic_n': 5, 'stochastic_d': 46, 'stochastic_lower': 47, 'stochastic_upper': 68, 'en_mfi': False, 'mfi_n': 41, 'mfi_lower': 44, 'mfi_upper': 93, 'en_bollinger': True, 'bollinger_n': 85, 'bollinger_k': 3.0, 'en_adx': False, 'adx_n': 29, 'adx_threshold': 17, 'en_structure_trend': False, 'structure_trend_swing_l': 15, 'en_order_block': True, 'order_block_swing_l': 13, 'en_fvg': False, 'fvg_lookback': 40, 'en_ifvg': True, 'en_breaker': True, 'breaker_swing_l': 15, 'en_cisd': False, 'k': 1, 'en_cap_bars': True, 'cap_1min': 1145}.
[I 2026-07-13 13:42:58,730] Trial 291 finished with values: [-98.56001794571057, -4264.963965945208, 34.05] and parameters: {'sl_soft': 7.2441317458907415, 'sl_hard_delta': 26.85439285605969, 'tp': 23.99269298666304, 'gate_pct': 54.8778799805964, 'dd_limit': 4898.848664308045, 'cooldown': 14, 'flip': True, 'en_ema_trend': False, 'ema_trend_fast': 196, 'ema_trend_slow': 17, 'en_sma_trend': False, 'sma_trend_fast': 92, 'sma_trend_slow': 384, 'en_macd': True, 'macd_fast': 25, 'macd_slow': 180, 'macd_signal': 86, 'en_vwap': True, 'en_keltner': False, 'keltner_n': 133, 'keltner_m': 1.9000000000000001, 'en_obv': True, 'obv_slope': 108, 'en_cci': True, 'cci_n': 27, 'cci_threshold': 30, 'en_rsi': True, 'rsi_n': 29, 'rsi_lower': 28, 'rsi_upper': 91, 'en_stochastic': False, 'stochastic_n': 97, 'stochastic_d': 7, 'stochastic_lower': 48, 'stochastic_upper': 88, 'en_mfi': True, 'mfi_n': 26, 'mfi_lower': 40, 'mfi_upper': 64, 'en_bollinger': False, 'bollinger_n': 182, 'bollinger_k': 2.2, 'en_adx': False, 'adx_n': 71, 'adx_threshold': 32, 'en_structure_trend': False, 'structure_trend_swing_l': 19, 'en_order_block': False, 'order_block_swing_l': 6, 'en_fvg': False, 'fvg_lookback': 44, 'en_ifvg': True, 'en_breaker': False, 'breaker_swing_l': 20, 'en_cisd': True, 'k': 2, 'en_cap_bars': False, 'cap_1min': 3}.
[I 2026-07-13 13:43:02,610] Trial 292 finished with values: [92.52273588666867, -8794.3281597655, 52.6] and parameters: {'sl_soft': 21.137970864672965, 'sl_hard_delta': 20.008276295819254, 'tp': 23.99269298666304, 'gate_pct': 83.33433192606572, 'dd_limit': 1535.4467068272781, 'cooldown': 1, 'flip': False, 'en_ema_trend': True, 'ema_trend_fast': 176, 'ema_trend_slow': 346, 'en_sma_trend': False, 'sma_trend_fast': 7, 'sma_trend_slow': 258, 'en_macd': True, 'macd_fast': 44, 'macd_slow': 111, 'macd_signal': 41, 'en_vwap': False, 'en_keltner': False, 'keltner_n': 129, 'keltner_m': 2.2, 'en_obv': True, 'obv_slope': 160, 'en_cci': False, 'cci_n': 33, 'cci_threshold': 30, 'en_rsi': False, 'rsi_n': 67, 'rsi_lower': 6, 'rsi_upper': 75, 'en_stochastic': True, 'stochastic_n': 74, 'stochastic_d': 18, 'stochastic_lower': 1, 'stochastic_upper': 86, 'en_mfi': False, 'mfi_n': 90, 'mfi_lower': 17, 'mfi_upper': 62, 'en_bollinger': False, 'bollinger_n': 6, 'bollinger_k': 2.2, 'en_adx': False, 'adx_n': 68, 'adx_threshold': 34, 'en_structure_trend': False, 'structure_trend_swing_l': 5, 'en_order_block': True, 'order_block_swing_l': 19, 'en_fvg': True, 'fvg_lookback': 23, 'en_ifvg': True, 'en_breaker': False, 'breaker_swing_l': 7, 'en_cisd': False, 'k': 1, 'en_cap_bars': True, 'cap_1min': 304}.
[I 2026-07-13 13:43:03,885] Trial 293 finished with values: [-2583.1583906395826, -3911.009536238853, 34.15] and parameters: {'sl_soft': 13.238695178247545, 'sl_hard_delta': 20.820739768333677, 'tp': 25.724761594028553, 'gate_pct': 92.80779954528938, 'dd_limit': 1726.2517714230858, 'cooldown': 19, 'flip': False, 'en_ema_trend': True, 'ema_trend_fast': 364, 'ema_trend_slow': 150, 'en_sma_trend': True, 'sma_trend_fast': 275, 'sma_trend_slow': 339, 'en_macd': True, 'macd_fast': 70, 'macd_slow': 18, 'macd_signal': 60, 'en_vwap': False, 'en_keltner': False, 'keltner_n': 80, 'keltner_m': 0.9, 'en_obv': False, 'obv_slope': 141, 'en_cci': False, 'cci_n': 12, 'cci_threshold': 65, 'en_rsi': False, 'rsi_n': 65, 'rsi_lower': 19, 'rsi_upper': 81, 'en_stochastic': False, 'stochastic_n': 63, 'stochastic_d': 29, 'stochastic_lower': 22, 'stochastic_upper': 86, 'en_mfi': False, 'mfi_n': 70, 'mfi_lower': 27, 'mfi_upper': 62, 'en_bollinger': False, 'bollinger_n': 62, 'bollinger_k': 3.8000000000000003, 'en_adx': False, 'adx_n': 64, 'adx_threshold': 39, 'en_structure_trend': False, 'structure_trend_swing_l': 15, 'en_order_block': True, 'order_block_swing_l': 12, 'en_fvg': False, 'fvg_lookback': 28, 'en_ifvg': True, 'en_breaker': True, 'breaker_swing_l': 3, 'en_cisd': False, 'k': 2, 'en_cap_bars': True, 'cap_1min': 126}.
[I 2026-07-13 13:43:04,601] Trial 294 finished with values: [-1375.2064306715693, -3347.371209437406, 41.0] and parameters: {'sl_soft': 14.365645445539696, 'sl_hard_delta': 24.85404444256414, 'tp': 21.690719764065594, 'gate_pct': 82.4858562385232, 'dd_limit': 25.2931755384167, 'cooldown': 26, 'flip': True, 'en_ema_trend': True, 'ema_trend_fast': 344, 'ema_trend_slow': 85, 'en_sma_trend': False, 'sma_trend_fast': 331, 'sma_trend_slow': 307, 'en_macd': False, 'macd_fast': 69, 'macd_slow': 18, 'macd_signal': 63, 'en_vwap': False, 'en_keltner': False, 'keltner_n': 39, 'keltner_m': 2.1, 'en_obv': False, 'obv_slope': 23, 'en_cci': True, 'cci_n': 109, 'cci_threshold': 105, 'en_rsi': False, 'rsi_n': 54, 'rsi_lower': 22, 'rsi_upper': 88, 'en_stochastic': False, 'stochastic_n': 77, 'stochastic_d': 33, 'stochastic_lower': 18, 'stochastic_upper': 93, 'en_mfi': False, 'mfi_n': 57, 'mfi_lower': 20, 'mfi_upper': 88, 'en_bollinger': False, 'bollinger_n': 57, 'bollinger_k': 2.0, 'en_adx': False, 'adx_n': 67, 'adx_threshold': 23, 'en_structure_trend': False, 'structure_trend_swing_l': 7, 'en_order_block': False, 'order_block_swing_l': 12, 'en_fvg': True, 'fvg_lookback': 43, 'en_ifvg': False, 'en_breaker': True, 'breaker_swing_l': 16, 'en_cisd': True, 'k': 1, 'en_cap_bars': False, 'cap_1min': 208}.
[I 2026-07-13 13:43:09,661] Trial 295 finished with values: [-183.85282419563737, -3247.3780715747853, 80.69999999999999] and parameters: {'sl_soft': 19.42710104311899, 'sl_hard_delta': 22.63866675924395, 'tp': 6.052609667749545, 'gate_pct': 95.28097951734324, 'dd_limit': 2784.160035654114, 'cooldown': 26, 'flip': False, 'en_ema_trend': True, 'ema_trend_fast': 260, 'ema_trend_slow': 251, 'en_sma_trend': True, 'sma_trend_fast': 212, 'sma_trend_slow': 302, 'en_macd': True, 'macd_fast': 66, 'macd_slow': 179, 'macd_signal': 75, 'en_vwap': True, 'en_keltner': True, 'keltner_n': 13, 'keltner_m': 0.6, 'en_obv': True, 'obv_slope': 120, 'en_cci': True, 'cci_n': 53, 'cci_threshold': 25, 'en_rsi': False, 'rsi_n': 84, 'rsi_lower': 9, 'rsi_upper': 68, 'en_stochastic': True, 'stochastic_n': 2, 'stochastic_d': 34, 'stochastic_lower': 42, 'stochastic_upper': 98, 'en_mfi': True, 'mfi_n': 66, 'mfi_lower': 27, 'mfi_upper': 71, 'en_bollinger': True, 'bollinger_n': 100, 'bollinger_k': 2.2, 'en_adx': False, 'adx_n': 64, 'adx_threshold': 18, 'en_structure_trend': False, 'structure_trend_swing_l': 4, 'en_order_block': False, 'order_block_swing_l': 8, 'en_fvg': False, 'fvg_lookback': 28, 'en_ifvg': True, 'en_breaker': True, 'breaker_swing_l': 18, 'en_cisd': True, 'k': 1, 'en_cap_bars': False, 'cap_1min': 392}.
[I 2026-07-13 13:43:10,171] Trial 296 finished with values: [-1407.057281553607, -3256.921208816202, 66.0] and parameters: {'sl_soft': 7.1503474245051395, 'sl_hard_delta': 22.555511799149812, 'tp': 6.052609667749545, 'gate_pct': 95.28097951734324, 'dd_limit': 1888.8510157036885, 'cooldown': 21, 'flip': True, 'en_ema_trend': True, 'ema_trend_fast': 260, 'ema_trend_slow': 212, 'en_sma_trend': True, 'sma_trend_fast': 145, 'sma_trend_slow': 370, 'en_macd': False, 'macd_fast': 60, 'macd_slow': 155, 'macd_signal': 19, 'en_vwap': True, 'en_keltner': True, 'keltner_n': 13, 'keltner_m': 0.6, 'en_obv': False, 'obv_slope': 61, 'en_cci': True, 'cci_n': 53, 'cci_threshold': 220, 'en_rsi': False, 'rsi_n': 84, 'rsi_lower': 9, 'rsi_upper': 68, 'en_stochastic': False, 'stochastic_n': 2, 'stochastic_d': 47, 'stochastic_lower': 42, 'stochastic_upper': 86, 'en_mfi': True, 'mfi_n': 89, 'mfi_lower': 5, 'mfi_upper': 65, 'en_bollinger': True, 'bollinger_n': 159, 'bollinger_k': 2.7, 'en_adx': False, 'adx_n': 41, 'adx_threshold': 18, 'en_structure_trend': True, 'structure_trend_swing_l': 4, 'en_order_block': False, 'order_block_swing_l': 6, 'en_fvg': False, 'fvg_lookback': 34, 'en_ifvg': True, 'en_breaker': True, 'breaker_swing_l': 19, 'en_cisd': True, 'k': 5, 'en_cap_bars': False, 'cap_1min': 637}.
[I 2026-07-13 13:43:11,247] Trial 297 finished with values: [-1503.2408571607448, -3419.2045399870403, 36.599999999999994] and parameters: {'sl_soft': 8.873773882939886, 'sl_hard_delta': 20.008276295819254, 'tp': 17.865227897426596, 'gate_pct': 52.57115913414096, 'dd_limit': 3292.8402077918095, 'cooldown': 7, 'flip': True, 'en_ema_trend': True, 'ema_trend_fast': 41, 'ema_trend_slow': 20, 'en_sma_trend': True, 'sma_trend_fast': 7, 'sma_trend_slow': 169, 'en_macd': False, 'macd_fast': 44, 'macd_slow': 62, 'macd_signal': 81, 'en_vwap': False, 'en_keltner': False, 'keltner_n': 62, 'keltner_m': 2.2, 'en_obv': True, 'obv_slope': 160, 'en_cci': False, 'cci_n': 143, 'cci_threshold': 30, 'en_rsi': False, 'rsi_n': 23, 'rsi_lower': 3, 'rsi_upper': 75, 'en_stochastic': False, 'stochastic_n': 90, 'stochastic_d': 18, 'stochastic_lower': 40, 'stochastic_upper': 60, 'en_mfi': True, 'mfi_n': 90, 'mfi_lower': 17, 'mfi_upper': 78, 'en_bollinger': True, 'bollinger_n': 149, 'bollinger_k': 2.2, 'en_adx': False, 'adx_n': 79, 'adx_threshold': 28, 'en_structure_trend': False, 'structure_trend_swing_l': 14, 'en_order_block': True, 'order_block_swing_l': 2, 'en_fvg': False, 'fvg_lookback': 29, 'en_ifvg': True, 'en_breaker': True, 'breaker_swing_l': 7, 'en_cisd': True, 'k': 1, 'en_cap_bars': False, 'cap_1min': 1249}.
[I 2026-07-13 13:43:12,041] Trial 298 finished with values: [2865.71444780413, -1010.2173439714534, 66.94999999999999] and parameters: {'sl_soft': 13.238695178247545, 'sl_hard_delta': 5.272172020324857, 'tp': 23.99269298666304, 'gate_pct': 30.375843415186864, 'dd_limit': 2608.2965670663593, 'cooldown': 19, 'flip': False, 'en_ema_trend': False, 'ema_trend_fast': 41, 'ema_trend_slow': 346, 'en_sma_trend': True, 'sma_trend_fast': 212, 'sma_trend_slow': 302, 'en_macd': True, 'macd_fast': 91, 'macd_slow': 198, 'macd_signal': 75, 'en_vwap': False, 'en_keltner': True, 'keltner_n': 62, 'keltner_m': 4.0, 'en_obv': False, 'obv_slope': 24, 'en_cci': True, 'cci_n': 37, 'cci_threshold': 25, 'en_rsi': True, 'rsi_n': 55, 'rsi_lower': 42, 'rsi_upper': 75, 'en_stochastic': False, 'stochastic_n': 57, 'stochastic_d': 9, 'stochastic_lower': 22, 'stochastic_upper': 98, 'en_mfi': True, 'mfi_n': 97, 'mfi_lower': 17, 'mfi_upper': 94, 'en_bollinger': False, 'bollinger_n': 127, 'bollinger_k': 3.3000000000000003, 'en_adx': False, 'adx_n': 64, 'adx_threshold': 39, 'en_structure_trend': False, 'structure_trend_swing_l': 14, 'en_order_block': True, 'order_block_swing_l': 8, 'en_fvg': False, 'fvg_lookback': 42, 'en_ifvg': True, 'en_breaker': False, 'breaker_swing_l': 13, 'en_cisd': True, 'k': 2, 'en_cap_bars': False, 'cap_1min': 1113}.
[I 2026-07-13 13:43:17,356] Trial 299 finished with values: [-356.0337818769767, -3355.474344271788, 40.85] and parameters: {'sl_soft': 13.238695178247545, 'sl_hard_delta': 5.7850017832938185, 'tp': 25.724761594028553, 'gate_pct': 75.29895741667805, 'dd_limit': 2608.2965670663593, 'cooldown': 19, 'flip': False, 'en_ema_trend': True, 'ema_trend_fast': 373, 'ema_trend_slow': 305, 'en_sma_trend': True, 'sma_trend_fast': 62, 'sma_trend_slow': 302, 'en_macd': True, 'macd_fast': 66, 'macd_slow': 193, 'macd_signal': 75, 'en_vwap': False, 'en_keltner': False, 'keltner_n': 3, 'keltner_m': 0.8, 'en_obv': True, 'obv_slope': 109, 'en_cci': False, 'cci_n': 8, 'cci_threshold': 25, 'en_rsi': True, 'rsi_n': 65, 'rsi_lower': 3, 'rsi_upper': 64, 'en_stochastic': True, 'stochastic_n': 57, 'stochastic_d': 10, 'stochastic_lower': 40, 'stochastic_upper': 92, 'en_mfi': True, 'mfi_n': 66, 'mfi_lower': 27, 'mfi_upper': 94, 'en_bollinger': False, 'bollinger_n': 24, 'bollinger_k': 2.2, 'en_adx': False, 'adx_n': 64, 'adx_threshold': 39, 'en_structure_trend': False, 'structure_trend_swing_l': 15, 'en_order_block': True, 'order_block_swing_l': 8, 'en_fvg': False, 'fvg_lookback': 20, 'en_ifvg': True, 'en_breaker': False, 'breaker_swing_l': 3, 'en_cisd': True, 'k': 4, 'en_cap_bars': False, 'cap_1min': 1119}.
