[I 2026-07-13 13:49:18,356] Trial 451 finished with values: [1162.1806410618956, -2210.0, 47.650000000000006] and parameters: {'sl_soft': 18.340408262908845, 'sl_hard_delta': 22.63866675924395, 'tp': 25.724761594028553, 'gate_pct': 42.37120833684469, 'dd_limit': 1821.4925784082714, 'cooldown': 19, 'flip': False, 'en_ema_trend': False, 'ema_trend_fast': 373, 'ema_trend_slow': 251, 'en_sma_trend': True, 'sma_trend_fast': 88, 'sma_trend_slow': 302, 'en_macd': True, 'macd_fast': 31, 'macd_slow': 18, 'macd_signal': 75, 'en_vwap': True, 'en_keltner': False, 'keltner_n': 80, 'keltner_m': 0.8, 'en_obv': False, 'obv_slope': 109, 'en_cci': False, 'cci_n': 176, 'cci_threshold': 25, 'en_rsi': True, 'rsi_n': 65, 'rsi_lower': 19, 'rsi_upper': 72, 'en_stochastic': False, 'stochastic_n': 61, 'stochastic_d': 29, 'stochastic_lower': 40, 'stochastic_upper': 86, 'en_mfi': False, 'mfi_n': 39, 'mfi_lower': 27, 'mfi_upper': 98, 'en_bollinger': True, 'bollinger_n': 130, 'bollinger_k': 2.2, 'en_adx': False, 'adx_n': 68, 'adx_threshold': 39, 'en_structure_trend': False, 'structure_trend_swing_l': 15, 'en_order_block': False, 'order_block_swing_l': 8, 'en_fvg': False, 'fvg_lookback': 28, 'en_ifvg': True, 'en_breaker': False, 'breaker_swing_l': 3, 'en_cisd': True, 'k': 2, 'en_cap_bars': True, 'cap_1min': 126}.
[I 2026-07-13 13:49:19,430] Trial 452 pruned. 
[I 2026-07-13 13:49:21,122] Trial 453 finished with values: [921.9585864959299, -2674.485601705601, 77.8] and parameters: {'sl_soft': 18.340408262908845, 'sl_hard_delta': 22.63866675924395, 'tp': 8.325479493688746, 'gate_pct': 42.37120833684469, 'dd_limit': 2608.2965670663593, 'cooldown': 19, 'flip': False, 'en_ema_trend': False, 'ema_trend_fast': 373, 'ema_trend_slow': 251, 'en_sma_trend': True, 'sma_trend_fast': 88, 'sma_trend_slow': 6, 'en_macd': True, 'macd_fast': 60, 'macd_slow': 18, 'macd_signal': 75, 'en_vwap': True, 'en_keltner': False, 'keltner_n': 80, 'keltner_m': 0.8, 'en_obv': False, 'obv_slope': 109, 'en_cci': True, 'cci_n': 124, 'cci_threshold': 250, 'en_rsi': False, 'rsi_n': 55, 'rsi_lower': 18, 'rsi_upper': 72, 'en_stochastic': False, 'stochastic_n': 61, 'stochastic_d': 47, 'stochastic_lower': 40, 'stochastic_upper': 58, 'en_mfi': False, 'mfi_n': 59, 'mfi_lower': 42, 'mfi_upper': 98, 'en_bollinger': False, 'bollinger_n': 40, 'bollinger_k': 2.2, 'en_adx': False, 'adx_n': 64, 'adx_threshold': 39, 'en_structure_trend': False, 'structure_trend_swing_l': 15, 'en_order_block': True, 'order_block_swing_l': 8, 'en_fvg': False, 'fvg_lookback': 37, 'en_ifvg': False, 'en_breaker': True, 'breaker_swing_l': 3, 'en_cisd': True, 'k': 2, 'en_cap_bars': False, 'cap_1min': 1379}.
[I 2026-07-13 13:49:23,541] Trial 454 finished with values: [1284.9683767156966, -3145.2406177663943, 46.55] and parameters: {'sl_soft': 13.238695178247545, 'sl_hard_delta': 22.63866675924395, 'tp': 23.99269298666304, 'gate_pct': 42.37120833684469, 'dd_limit': 3292.8402077918095, 'cooldown': 19, 'flip': False, 'en_ema_trend': True, 'ema_trend_fast': 304, 'ema_trend_slow': 251, 'en_sma_trend': True, 'sma_trend_fast': 7, 'sma_trend_slow': 258, 'en_macd': True, 'macd_fast': 60, 'macd_slow': 171, 'macd_signal': 59, 'en_vwap': True, 'en_keltner': False, 'keltner_n': 3, 'keltner_m': 4.8, 'en_obv': False, 'obv_slope': 17, 'en_cci': False, 'cci_n': 176, 'cci_threshold': 250, 'en_rsi': True, 'rsi_n': 23, 'rsi_lower': 19, 'rsi_upper': 64, 'en_stochastic': False, 'stochastic_n': 57, 'stochastic_d': 34, 'stochastic_lower': 22, 'stochastic_upper': 60, 'en_mfi': False, 'mfi_n': 59, 'mfi_lower': 27, 'mfi_upper': 94, 'en_bollinger': False, 'bollinger_n': 40, 'bollinger_k': 4.6000000000000005, 'en_adx': False, 'adx_n': 71, 'adx_threshold': 39, 'en_structure_trend': False, 'structure_trend_swing_l': 15, 'en_order_block': True, 'order_block_swing_l': 18, 'en_fvg': True, 'fvg_lookback': 37, 'en_ifvg': True, 'en_breaker': True, 'breaker_swing_l': 3, 'en_cisd': True, 'k': 1, 'en_cap_bars': True, 'cap_1min': 652}.
[I 2026-07-13 13:49:31,998] Trial 455 finished with values: [-20.927385483082617, -1983.766609544764, 42.75] and parameters: {'sl_soft': 5.841405244145506, 'sl_hard_delta': 17.044191530765772, 'tp': 16.332863072586186, 'gate_pct': 61.70561390485503, 'dd_limit': 3292.8402077918095, 'cooldown': 21, 'flip': False, 'en_ema_trend': True, 'ema_trend_fast': 188, 'ema_trend_slow': 359, 'en_sma_trend': True, 'sma_trend_fast': 145, 'sma_trend_slow': 322, 'en_macd': True, 'macd_fast': 24, 'macd_slow': 194, 'macd_signal': 2, 'en_vwap': True, 'en_keltner': True, 'keltner_n': 8, 'keltner_m': 1.5, 'en_obv': True, 'obv_slope': 120, 'en_cci': True, 'cci_n': 93, 'cci_threshold': 100, 'en_rsi': True, 'rsi_n': 17, 'rsi_lower': 6, 'rsi_upper': 68, 'en_stochastic': True, 'stochastic_n': 14, 'stochastic_d': 18, 'stochastic_lower': 42, 'stochastic_upper': 68, 'en_mfi': False, 'mfi_n': 82, 'mfi_lower': 16, 'mfi_upper': 97, 'en_bollinger': False, 'bollinger_n': 85, 'bollinger_k': 0.5, 'en_adx': False, 'adx_n': 100, 'adx_threshold': 7, 'en_structure_trend': False, 'structure_trend_swing_l': 18, 'en_order_block': True, 'order_block_swing_l': 19, 'en_fvg': False, 'fvg_lookback': 31, 'en_ifvg': False, 'en_breaker': True, 'breaker_swing_l': 15, 'en_cisd': True, 'k': 1, 'en_cap_bars': True, 'cap_1min': 1145}.
[I 2026-07-13 13:49:35,369] Trial 456 finished with values: [371.7332347620686, -2059.425244021186, 62.5] and parameters: {'sl_soft': 16.28460546358131, 'sl_hard_delta': 19.332444654774786, 'tp': 13.298595972433171, 'gate_pct': 29.897602569804548, 'dd_limit': 1947.6863601704115, 'cooldown': 26, 'flip': False, 'en_ema_trend': True, 'ema_trend_fast': 323, 'ema_trend_slow': 172, 'en_sma_trend': False, 'sma_trend_fast': 212, 'sma_trend_slow': 391, 'en_macd': True, 'macd_fast': 46, 'macd_slow': 115, 'macd_signal': 75, 'en_vwap': False, 'en_keltner': True, 'keltner_n': 84, 'keltner_m': 2.9000000000000004, 'en_obv': False, 'obv_slope': 14, 'en_cci': False, 'cci_n': 135, 'cci_threshold': 30, 'en_rsi': False, 'rsi_n': 84, 'rsi_lower': 35, 'rsi_upper': 52, 'en_stochastic': False, 'stochastic_n': 63, 'stochastic_d': 6, 'stochastic_lower': 12, 'stochastic_upper': 62, 'en_mfi': False, 'mfi_n': 66, 'mfi_lower': 25, 'mfi_upper': 88, 'en_bollinger': True, 'bollinger_n': 56, 'bollinger_k': 4.8, 'en_adx': False, 'adx_n': 7, 'adx_threshold': 14, 'en_structure_trend': False, 'structure_trend_swing_l': 1, 'en_order_block': True, 'order_block_swing_l': 10, 'en_fvg': True, 'fvg_lookback': 28, 'en_ifvg': True, 'en_breaker': False, 'breaker_swing_l': 18, 'en_cisd': False, 'k': 1, 'en_cap_bars': False, 'cap_1min': 1181}.
[I 2026-07-13 13:49:36,262] Trial 457 pruned. 
[I 2026-07-13 13:49:39,016] Trial 458 finished with values: [175.47666206257418, -1550.8586072536855, 69.95] and parameters: {'sl_soft': 17.021504443422053, 'sl_hard_delta': 7.5934450023885445, 'tp': 8.325479493688746, 'gate_pct': 95.28097951734324, 'dd_limit': 178.16258005696582, 'cooldown': 15, 'flip': False, 'en_ema_trend': True, 'ema_trend_fast': 304, 'ema_trend_slow': 226, 'en_sma_trend': True, 'sma_trend_fast': 88, 'sma_trend_slow': 6, 'en_macd': False, 'macd_fast': 60, 'macd_slow': 63, 'macd_signal': 11, 'en_vwap': False, 'en_keltner': True, 'keltner_n': 3, 'keltner_m': 4.0, 'en_obv': True, 'obv_slope': 160, 'en_cci': True, 'cci_n': 124, 'cci_threshold': 30, 'en_rsi': True, 'rsi_n': 55, 'rsi_lower': 18, 'rsi_upper': 72, 'en_stochastic': False, 'stochastic_n': 88, 'stochastic_d': 13, 'stochastic_lower': 40, 'stochastic_upper': 60, 'en_mfi': False, 'mfi_n': 20, 'mfi_lower': 42, 'mfi_upper': 71, 'en_bollinger': False, 'bollinger_n': 130, 'bollinger_k': 4.6000000000000005, 'en_adx': False, 'adx_n': 23, 'adx_threshold': 34, 'en_structure_trend': True, 'structure_trend_swing_l': 13, 'en_order_block': True, 'order_block_swing_l': 6, 'en_fvg': True, 'fvg_lookback': 37, 'en_ifvg': True, 'en_breaker': True, 'breaker_swing_l': 18, 'en_cisd': True, 'k': 1, 'en_cap_bars': True, 'cap_1min': 652}.
[I 2026-07-13 13:49:39,882] Trial 459 pruned. 
[I 2026-07-13 13:49:40,541] Trial 460 finished with values: [920.4247070741621, -2078.371180682807, 75.25] and parameters: {'sl_soft': 16.320148693460837, 'sl_hard_delta': 20.820739768333677, 'tp': 13.986164713829165, 'gate_pct': 92.80779954528938, 'dd_limit': 1726.2517714230858, 'cooldown': 17, 'flip': False, 'en_ema_trend': True, 'ema_trend_fast': 364, 'ema_trend_slow': 150, 'en_sma_trend': True, 'sma_trend_fast': 275, 'sma_trend_slow': 339, 'en_macd': True, 'macd_fast': 31, 'macd_slow': 18, 'macd_signal': 60, 'en_vwap': False, 'en_keltner': False, 'keltner_n': 129, 'keltner_m': 0.9, 'en_obv': False, 'obv_slope': 141, 'en_cci': False, 'cci_n': 12, 'cci_threshold': 65, 'en_rsi': False, 'rsi_n': 67, 'rsi_lower': 29, 'rsi_upper': 81, 'en_stochastic': False, 'stochastic_n': 2, 'stochastic_d': 29, 'stochastic_lower': 27, 'stochastic_upper': 86, 'en_mfi': False, 'mfi_n': 70, 'mfi_lower': 17, 'mfi_upper': 62, 'en_bollinger': True, 'bollinger_n': 62, 'bollinger_k': 3.8000000000000003, 'en_adx': False, 'adx_n': 68, 'adx_threshold': 28, 'en_structure_trend': False, 'structure_trend_swing_l': 15, 'en_order_block': False, 'order_block_swing_l': 12, 'en_fvg': False, 'fvg_lookback': 25, 'en_ifvg': True, 'en_breaker': True, 'breaker_swing_l': 5, 'en_cisd': False, 'k': 4, 'en_cap_bars': True, 'cap_1min': 126}.
[I 2026-07-13 13:49:40,944] Trial 461 finished with values: [2045.9618550445884, -1060.0, 56.75] and parameters: {'sl_soft': 13.238695178247545, 'sl_hard_delta': 22.63866675924395, 'tp': 25.724761594028553, 'gate_pct': 30.375843415186864, 'dd_limit': 2608.2965670663593, 'cooldown': 19, 'flip': False, 'en_ema_trend': True, 'ema_trend_fast': 373, 'ema_trend_slow': 251, 'en_sma_trend': True, 'sma_trend_fast': 185, 'sma_trend_slow': 302, 'en_macd': True, 'macd_fast': 66, 'macd_slow': 171, 'macd_signal': 75, 'en_vwap': True, 'en_keltner': False, 'keltner_n': 80, 'keltner_m': 0.8, 'en_obv': True, 'obv_slope': 109, 'en_cci': False, 'cci_n': 176, 'cci_threshold': 25, 'en_rsi': False, 'rsi_n': 65, 'rsi_lower': 19, 'rsi_upper': 64, 'en_stochastic': True, 'stochastic_n': 57, 'stochastic_d': 34, 'stochastic_lower': 22, 'stochastic_upper': 98, 'en_mfi': False, 'mfi_n': 66, 'mfi_lower': 27, 'mfi_upper': 94, 'en_bollinger': False, 'bollinger_n': 40, 'bollinger_k': 2.2, 'en_adx': False, 'adx_n': 64, 'adx_threshold': 39, 'en_structure_trend': False, 'structure_trend_swing_l': 15, 'en_order_block': True, 'order_block_swing_l': 8, 'en_fvg': False, 'fvg_lookback': 28, 'en_ifvg': True, 'en_breaker': False, 'breaker_swing_l': 3, 'en_cisd': True, 'k': 2, 'en_cap_bars': False, 'cap_1min': 1379}.
[I 2026-07-13 13:49:42,235] Trial 462 finished with values: [2004.7289905063735, -4924.29693709797, 53.85] and parameters: {'sl_soft': 21.137970864672965, 'sl_hard_delta': 29.20418318845064, 'tp': 30.696288286275976, 'gate_pct': 83.33433192606572, 'dd_limit': 25.2931755384167, 'cooldown': 8, 'flip': False, 'en_ema_trend': True, 'ema_trend_fast': 176, 'ema_trend_slow': 150, 'en_sma_trend': True, 'sma_trend_fast': 275, 'sma_trend_slow': 228, 'en_macd': True, 'macd_fast': 6, 'macd_slow': 111, 'macd_signal': 60, 'en_vwap': True, 'en_keltner': False, 'keltner_n': 129, 'keltner_m': 0.9, 'en_obv': True, 'obv_slope': 141, 'en_cci': False, 'cci_n': 12, 'cci_threshold': 45, 'en_rsi': True, 'rsi_n': 67, 'rsi_lower': 29, 'rsi_upper': 84, 'en_stochastic': False, 'stochastic_n': 24, 'stochastic_d': 30, 'stochastic_lower': 18, 'stochastic_upper': 86, 'en_mfi': False, 'mfi_n': 10, 'mfi_lower': 17, 'mfi_upper': 85, 'en_bollinger': False, 'bollinger_n': 20, 'bollinger_k': 3.8000000000000003, 'en_adx': False, 'adx_n': 68, 'adx_threshold': 48, 'en_structure_trend': False, 'structure_trend_swing_l': 7, 'en_order_block': False, 'order_block_swing_l': 19, 'en_fvg': True, 'fvg_lookback': 23, 'en_ifvg': True, 'en_breaker': True, 'breaker_swing_l': 16, 'en_cisd': False, 'k': 1, 'en_cap_bars': True, 'cap_1min': 304}.
[I 2026-07-13 13:49:50,618] Trial 463 finished with values: [3374.2204337012663, -3364.29693709797, 51.599999999999994] and parameters: {'sl_soft': 21.137970864672965, 'sl_hard_delta': 20.008276295819254, 'tp': 30.696288286275976, 'gate_pct': 61.70561390485503, 'dd_limit': 3292.8402077918095, 'cooldown': 26, 'flip': False, 'en_ema_trend': False, 'ema_trend_fast': 188, 'ema_trend_slow': 150, 'en_sma_trend': True, 'sma_trend_fast': 275, 'sma_trend_slow': 231, 'en_macd': True, 'macd_fast': 81, 'macd_slow': 111, 'macd_signal': 60, 'en_vwap': True, 'en_keltner': False, 'keltner_n': 200, 'keltner_m': 0.9, 'en_obv': True, 'obv_slope': 141, 'en_cci': False, 'cci_n': 12, 'cci_threshold': 250, 'en_rsi': False, 'rsi_n': 21, 'rsi_lower': 6, 'rsi_upper': 86, 'en_stochastic': True, 'stochastic_n': 74, 'stochastic_d': 30, 'stochastic_lower': 27, 'stochastic_upper': 71, 'en_mfi': False, 'mfi_n': 10, 'mfi_lower': 34, 'mfi_upper': 97, 'en_bollinger': False, 'bollinger_n': 2, 'bollinger_k': 3.8000000000000003, 'en_adx': False, 'adx_n': 68, 'adx_threshold': 48, 'en_structure_trend': False, 'structure_trend_swing_l': 15, 'en_order_block': True, 'order_block_swing_l': 19, 'en_fvg': True, 'fvg_lookback': 31, 'en_ifvg': False, 'en_breaker': True, 'breaker_swing_l': 16, 'en_cisd': True, 'k': 1, 'en_cap_bars': True, 'cap_1min': 1145}.
[I 2026-07-13 13:49:56,125] Trial 464 finished with values: [-189.42384307898465, -2305.4324264568277, 31.45] and parameters: {'sl_soft': 8.873773882939886, 'sl_hard_delta': 5.272172020324857, 'tp': 23.99269298666304, 'gate_pct': 52.70817803787374, 'dd_limit': 4898.848664308045, 'cooldown': 19, 'flip': False, 'en_ema_trend': True, 'ema_trend_fast': 373, 'ema_trend_slow': 346, 'en_sma_trend': True, 'sma_trend_fast': 82, 'sma_trend_slow': 258, 'en_macd': True, 'macd_fast': 91, 'macd_slow': 198, 'macd_signal': 81, 'en_vwap': True, 'en_keltner': False, 'keltner_n': 62, 'keltner_m': 3.7, 'en_obv': False, 'obv_slope': 24, 'en_cci': False, 'cci_n': 37, 'cci_threshold': 90, 'en_rsi': False, 'rsi_n': 65, 'rsi_lower': 42, 'rsi_upper': 72, 'en_stochastic': True, 'stochastic_n': 63, 'stochastic_d': 15, 'stochastic_lower': 38, 'stochastic_upper': 73, 'en_mfi': False, 'mfi_n': 70, 'mfi_lower': 31, 'mfi_upper': 88, 'en_bollinger': False, 'bollinger_n': 127, 'bollinger_k': 2.2, 'en_adx': False, 'adx_n': 7, 'adx_threshold': 34, 'en_structure_trend': True, 'structure_trend_swing_l': 15, 'en_order_block': False, 'order_block_swing_l': 2, 'en_fvg': True, 'fvg_lookback': 28, 'en_ifvg': True, 'en_breaker': False, 'breaker_swing_l': 2, 'en_cisd': True, 'k': 1, 'en_cap_bars': False, 'cap_1min': 1379}.
[I 2026-07-13 13:49:57,799] Trial 465 pruned. 
[I 2026-07-13 13:49:59,612] Trial 466 finished with values: [-749.4844686909346, -2543.7156106557813, 40.2] and parameters: {'sl_soft': 8.873773882939886, 'sl_hard_delta': 11.157690342128186, 'tp': 17.865227897426596, 'gate_pct': 52.70817803787374, 'dd_limit': 1391.824893112215, 'cooldown': 17, 'flip': True, 'en_ema_trend': True, 'ema_trend_fast': 55, 'ema_trend_slow': 150, 'en_sma_trend': True, 'sma_trend_fast': 82, 'sma_trend_slow': 339, 'en_macd': True, 'macd_fast': 31, 'macd_slow': 62, 'macd_signal': 81, 'en_vwap': False, 'en_keltner': False, 'keltner_n': 62, 'keltner_m': 3.7, 'en_obv': True, 'obv_slope': 24, 'en_cci': False, 'cci_n': 12, 'cci_threshold': 90, 'en_rsi': False, 'rsi_n': 67, 'rsi_lower': 3, 'rsi_upper': 81, 'en_stochastic': False, 'stochastic_n': 63, 'stochastic_d': 15, 'stochastic_lower': 40, 'stochastic_upper': 86, 'en_mfi': True, 'mfi_n': 70, 'mfi_lower': 31, 'mfi_upper': 78, 'en_bollinger': False, 'bollinger_n': 127, 'bollinger_k': 3.8000000000000003, 'en_adx': False, 'adx_n': 68, 'adx_threshold': 41, 'en_structure_trend': False, 'structure_trend_swing_l': 14, 'en_order_block': False, 'order_block_swing_l': 2, 'en_fvg': True, 'fvg_lookback': 29, 'en_ifvg': True, 'en_breaker': False, 'breaker_swing_l': 5, 'en_cisd': True, 'k': 1, 'en_cap_bars': False, 'cap_1min': 1113}.
[I 2026-07-13 13:50:00,460] Trial 467 finished with values: [244.4104139168121, -1557.3766046793753, 48.6] and parameters: {'sl_soft': 5.841405244145506, 'sl_hard_delta': 20.008276295819254, 'tp': 12.476233953205384, 'gate_pct': 61.70561390485503, 'dd_limit': 3292.8402077918095, 'cooldown': 21, 'flip': False, 'en_ema_trend': False, 'ema_trend_fast': 188, 'ema_trend_slow': 359, 'en_sma_trend': True, 'sma_trend_fast': 59, 'sma_trend_slow': 322, 'en_macd': True, 'macd_fast': 81, 'macd_slow': 194, 'macd_signal': 2, 'en_vwap': True, 'en_keltner': False, 'keltner_n': 200, 'keltner_m': 3.8000000000000003, 'en_obv': False, 'obv_slope': 150, 'en_cci': True, 'cci_n': 93, 'cci_threshold': 250, 'en_rsi': False, 'rsi_n': 21, 'rsi_lower': 6, 'rsi_upper': 58, 'en_stochastic': True, 'stochastic_n': 85, 'stochastic_d': 18, 'stochastic_lower': 4, 'stochastic_upper': 71, 'en_mfi': True, 'mfi_n': 82, 'mfi_lower': 23, 'mfi_upper': 97, 'en_bollinger': True, 'bollinger_n': 2, 'bollinger_k': 0.5, 'en_adx': False, 'adx_n': 100, 'adx_threshold': 7, 'en_structure_trend': False, 'structure_trend_swing_l': 18, 'en_order_block': True, 'order_block_swing_l': 19, 'en_fvg': True, 'fvg_lookback': 31, 'en_ifvg': False, 'en_breaker': False, 'breaker_swing_l': 15, 'en_cisd': True, 'k': 1, 'en_cap_bars': True, 'cap_1min': 1145}.
[I 2026-07-13 13:50:04,373] Trial 468 finished with values: [-88.51257326434279, -3323.4869821694883, 53.150000000000006] and parameters: {'sl_soft': 14.938498535962665, 'sl_hard_delta': 11.157690342128186, 'tp': 17.865227897426596, 'gate_pct': 52.70817803787374, 'dd_limit': 2784.160035654114, 'cooldown': 7, 'flip': True, 'en_ema_trend': True, 'ema_trend_fast': 55, 'ema_trend_slow': 20, 'en_sma_trend': False, 'sma_trend_fast': 145, 'sma_trend_slow': 169, 'en_macd': False, 'macd_fast': 24, 'macd_slow': 185, 'macd_signal': 69, 'en_vwap': True, 'en_keltner': True, 'keltner_n': 8, 'keltner_m': 3.7, 'en_obv': True, 'obv_slope': 120, 'en_cci': True, 'cci_n': 143, 'cci_threshold': 90, 'en_rsi': True, 'rsi_n': 55, 'rsi_lower': 11, 'rsi_upper': 72, 'en_stochastic': False, 'stochastic_n': 90, 'stochastic_d': 15, 'stochastic_lower': 40, 'stochastic_upper': 68, 'en_mfi': True, 'mfi_n': 70, 'mfi_lower': 16, 'mfi_upper': 71, 'en_bollinger': True, 'bollinger_n': 127, 'bollinger_k': 3.0, 'en_adx': False, 'adx_n': 23, 'adx_threshold': 28, 'en_structure_trend': True, 'structure_trend_swing_l': 13, 'en_order_block': False, 'order_block_swing_l': 6, 'en_fvg': False, 'fvg_lookback': 28, 'en_ifvg': True, 'en_breaker': False, 'breaker_swing_l': 18, 'en_cisd': True, 'k': 1, 'en_cap_bars': True, 'cap_1min': 583}.
[I 2026-07-13 13:50:06,596] Trial 469 finished with values: [1226.8102730649116, -2590.1281159078644, 66.7] and parameters: {'sl_soft': 16.114590850050682, 'sl_hard_delta': 29.433390779934655, 'tp': 13.298595972433171, 'gate_pct': 30.375843415186864, 'dd_limit': 2608.2965670663593, 'cooldown': 19, 'flip': False, 'en_ema_trend': True, 'ema_trend_fast': 11, 'ema_trend_slow': 251, 'en_sma_trend': True, 'sma_trend_fast': 212, 'sma_trend_slow': 324, 'en_macd': True, 'macd_fast': 66, 'macd_slow': 156, 'macd_signal': 75, 'en_vwap': True, 'en_keltner': False, 'keltner_n': 80, 'keltner_m': 0.8, 'en_obv': True, 'obv_slope': 161, 'en_cci': False, 'cci_n': 176, 'cci_threshold': 135, 'en_rsi': False, 'rsi_n': 84, 'rsi_lower': 9, 'rsi_upper': 64, 'en_stochastic': False, 'stochastic_n': 85, 'stochastic_d': 34, 'stochastic_lower': 22, 'stochastic_upper': 98, 'en_mfi': False, 'mfi_n': 86, 'mfi_lower': 27, 'mfi_upper': 98, 'en_bollinger': True, 'bollinger_n': 40, 'bollinger_k': 2.7, 'en_adx': False, 'adx_n': 2, 'adx_threshold': 14, 'en_structure_trend': False, 'structure_trend_swing_l': 1, 'en_order_block': True, 'order_block_swing_l': 4, 'en_fvg': False, 'fvg_lookback': 28, 'en_ifvg': True, 'en_breaker': False, 'breaker_swing_l': 18, 'en_cisd': True, 'k': 2, 'en_cap_bars': False, 'cap_1min': 1379}.
[I 2026-07-13 13:50:13,096] Trial 470 pruned. 
[I 2026-07-13 13:50:16,092] Trial 471 finished with values: [2097.462999941781, -2111.131626863207, 59.1] and parameters: {'sl_soft': 18.340408262908845, 'sl_hard_delta': 5.50337271615407, 'tp': 25.724761594028553, 'gate_pct': 29.897602569804548, 'dd_limit': 1947.6863601704115, 'cooldown': 17, 'flip': False, 'en_ema_trend': False, 'ema_trend_fast': 373, 'ema_trend_slow': 251, 'en_sma_trend': False, 'sma_trend_fast': 88, 'sma_trend_slow': 391, 'en_macd': False, 'macd_fast': 31, 'macd_slow': 18, 'macd_signal': 95, 'en_vwap': False, 'en_keltner': True, 'keltner_n': 129, 'keltner_m': 2.6, 'en_obv': True, 'obv_slope': 141, 'en_cci': False, 'cci_n': 135, 'cci_threshold': 30, 'en_rsi': True, 'rsi_n': 88, 'rsi_lower': 19, 'rsi_upper': 72, 'en_stochastic': False, 'stochastic_n': 61, 'stochastic_d': 29, 'stochastic_lower': 40, 'stochastic_upper': 86, 'en_mfi': False, 'mfi_n': 70, 'mfi_lower': 17, 'mfi_upper': 98, 'en_bollinger': False, 'bollinger_n': 68, 'bollinger_k': 4.8, 'en_adx': False, 'adx_n': 75, 'adx_threshold': 36, 'en_structure_trend': False, 'structure_trend_swing_l': 8, 'en_order_block': False, 'order_block_swing_l': 8, 'en_fvg': True, 'fvg_lookback': 37, 'en_ifvg': True, 'en_breaker': True, 'breaker_swing_l': 4, 'en_cisd': True, 'k': 1, 'en_cap_bars': False, 'cap_1min': 1181}.
