[I 2026-07-13 14:03:25,836] Trial 1038 finished with values: [3205.204702865449, -1680.086268562518, 68.8] and parameters: {'sl_soft': 18.340408262908845, 'sl_hard_delta': 22.63866675924395, 'tp': 25.724761594028553, 'gate_pct': 30.375843415186864, 'dd_limit': 2608.2965670663593, 'cooldown': 5, 'flip': False, 'en_ema_trend': True, 'ema_trend_fast': 373, 'ema_trend_slow': 346, 'en_sma_trend': True, 'sma_trend_fast': 212, 'sma_trend_slow': 302, 'en_macd': True, 'macd_fast': 29, 'macd_slow': 18, 'macd_signal': 75, 'en_vwap': True, 'en_keltner': False, 'keltner_n': 129, 'keltner_m': 4.0, 'en_obv': False, 'obv_slope': 24, 'en_cci': True, 'cci_n': 93, 'cci_threshold': 25, 'en_rsi': True, 'rsi_n': 55, 'rsi_lower': 19, 'rsi_upper': 64, 'en_stochastic': False, 'stochastic_n': 57, 'stochastic_d': 29, 'stochastic_lower': 40, 'stochastic_upper': 86, 'en_mfi': True, 'mfi_n': 70, 'mfi_lower': 17, 'mfi_upper': 94, 'en_bollinger': False, 'bollinger_n': 130, 'bollinger_k': 0.5, 'en_adx': False, 'adx_n': 91, 'adx_threshold': 50, 'en_structure_trend': False, 'structure_trend_swing_l': 15, 'en_order_block': False, 'order_block_swing_l': 8, 'en_fvg': False, 'fvg_lookback': 31, 'en_ifvg': True, 'en_breaker': False, 'breaker_swing_l': 13, 'en_cisd': False, 'k': 2, 'en_cap_bars': False, 'cap_1min': 1113}.
[I 2026-07-13 14:03:26,303] Trial 1039 finished with values: [866.4028904491715, -1412.613046950355, 82.85] and parameters: {'sl_soft': 13.238695178247545, 'sl_hard_delta': 22.63866675924395, 'tp': 5.791289843497957, 'gate_pct': 30.375843415186864, 'dd_limit': 2608.2965670663593, 'cooldown': 19, 'flip': False, 'en_ema_trend': True, 'ema_trend_fast': 41, 'ema_trend_slow': 212, 'en_sma_trend': True, 'sma_trend_fast': 88, 'sma_trend_slow': 258, 'en_macd': True, 'macd_fast': 66, 'macd_slow': 18, 'macd_signal': 75, 'en_vwap': False, 'en_keltner': False, 'keltner_n': 80, 'keltner_m': 4.0, 'en_obv': True, 'obv_slope': 109, 'en_cci': True, 'cci_n': 37, 'cci_threshold': 25, 'en_rsi': False, 'rsi_n': 91, 'rsi_lower': 20, 'rsi_upper': 75, 'en_stochastic': False, 'stochastic_n': 57, 'stochastic_d': 9, 'stochastic_lower': 4, 'stochastic_upper': 98, 'en_mfi': False, 'mfi_n': 66, 'mfi_lower': 27, 'mfi_upper': 94, 'en_bollinger': False, 'bollinger_n': 127, 'bollinger_k': 3.3000000000000003, 'en_adx': False, 'adx_n': 64, 'adx_threshold': 39, 'en_structure_trend': False, 'structure_trend_swing_l': 15, 'en_order_block': False, 'order_block_swing_l': 8, 'en_fvg': False, 'fvg_lookback': 28, 'en_ifvg': True, 'en_breaker': False, 'breaker_swing_l': 4, 'en_cisd': True, 'k': 2, 'en_cap_bars': False, 'cap_1min': 1379}.
[I 2026-07-13 14:03:27,113] Trial 1040 pruned. 
[I 2026-07-13 14:03:27,393] Trial 1041 finished with values: [2680.7171187550557, -1005.4346879429067, 54.25] and parameters: {'sl_soft': 13.238695178247545, 'sl_hard_delta': 5.272172020324857, 'tp': 25.724761594028553, 'gate_pct': 30.375843415186864, 'dd_limit': 2608.2965670663593, 'cooldown': 19, 'flip': False, 'en_ema_trend': True, 'ema_trend_fast': 373, 'ema_trend_slow': 346, 'en_sma_trend': True, 'sma_trend_fast': 212, 'sma_trend_slow': 302, 'en_macd': True, 'macd_fast': 91, 'macd_slow': 18, 'macd_signal': 75, 'en_vwap': False, 'en_keltner': False, 'keltner_n': 129, 'keltner_m': 0.8, 'en_obv': True, 'obv_slope': 49, 'en_cci': True, 'cci_n': 37, 'cci_threshold': 30, 'en_rsi': False, 'rsi_n': 65, 'rsi_lower': 19, 'rsi_upper': 75, 'en_stochastic': False, 'stochastic_n': 57, 'stochastic_d': 9, 'stochastic_lower': 22, 'stochastic_upper': 62, 'en_mfi': True, 'mfi_n': 39, 'mfi_lower': 27, 'mfi_upper': 98, 'en_bollinger': False, 'bollinger_n': 130, 'bollinger_k': 3.8000000000000003, 'en_adx': False, 'adx_n': 64, 'adx_threshold': 50, 'en_structure_trend': False, 'structure_trend_swing_l': 15, 'en_order_block': True, 'order_block_swing_l': 8, 'en_fvg': False, 'fvg_lookback': 31, 'en_ifvg': True, 'en_breaker': False, 'breaker_swing_l': 3, 'en_cisd': True, 'k': 2, 'en_cap_bars': True, 'cap_1min': 1113}.
[I 2026-07-13 14:03:27,759] Trial 1042 finished with values: [1098.966623164015, -1565.5047681194264, 57.95] and parameters: {'sl_soft': 21.846830842706538, 'sl_hard_delta': 22.63866675924395, 'tp': 25.724761594028553, 'gate_pct': 30.375843415186864, 'dd_limit': 1821.4925784082714, 'cooldown': 5, 'flip': False, 'en_ema_trend': True, 'ema_trend_fast': 41, 'ema_trend_slow': 251, 'en_sma_trend': True, 'sma_trend_fast': 212, 'sma_trend_slow': 302, 'en_macd': True, 'macd_fast': 83, 'macd_slow': 18, 'macd_signal': 75, 'en_vwap': True, 'en_keltner': False, 'keltner_n': 80, 'keltner_m': 0.8, 'en_obv': True, 'obv_slope': 49, 'en_cci': False, 'cci_n': 176, 'cci_threshold': 25, 'en_rsi': True, 'rsi_n': 21, 'rsi_lower': 42, 'rsi_upper': 64, 'en_stochastic': False, 'stochastic_n': 85, 'stochastic_d': 9, 'stochastic_lower': 22, 'stochastic_upper': 98, 'en_mfi': False, 'mfi_n': 82, 'mfi_lower': 27, 'mfi_upper': 94, 'en_bollinger': False, 'bollinger_n': 130, 'bollinger_k': 0.5, 'en_adx': False, 'adx_n': 64, 'adx_threshold': 50, 'en_structure_trend': False, 'structure_trend_swing_l': 15, 'en_order_block': True, 'order_block_swing_l': 8, 'en_fvg': False, 'fvg_lookback': 31, 'en_ifvg': True, 'en_breaker': False, 'breaker_swing_l': 3, 'en_cisd': True, 'k': 2, 'en_cap_bars': True, 'cap_1min': 1113}.
[I 2026-07-13 14:03:28,099] Trial 1043 finished with values: [2763.92777597619, -777.7352574074757, 85.9] and parameters: {'sl_soft': 16.114590850050682, 'sl_hard_delta': 5.272172020324857, 'tp': 13.298595972433171, 'gate_pct': 30.375843415186864, 'dd_limit': 2608.2965670663593, 'cooldown': 19, 'flip': False, 'en_ema_trend': True, 'ema_trend_fast': 41, 'ema_trend_slow': 346, 'en_sma_trend': True, 'sma_trend_fast': 212, 'sma_trend_slow': 169, 'en_macd': True, 'macd_fast': 91, 'macd_slow': 198, 'macd_signal': 75, 'en_vwap': True, 'en_keltner': False, 'keltner_n': 62, 'keltner_m': 4.0, 'en_obv': True, 'obv_slope': 109, 'en_cci': True, 'cci_n': 52, 'cci_threshold': 25, 'en_rsi': True, 'rsi_n': 55, 'rsi_lower': 42, 'rsi_upper': 64, 'en_stochastic': False, 'stochastic_n': 57, 'stochastic_d': 2, 'stochastic_lower': 12, 'stochastic_upper': 62, 'en_mfi': True, 'mfi_n': 94, 'mfi_lower': 17, 'mfi_upper': 94, 'en_bollinger': True, 'bollinger_n': 127, 'bollinger_k': 3.3000000000000003, 'en_adx': False, 'adx_n': 64, 'adx_threshold': 35, 'en_structure_trend': False, 'structure_trend_swing_l': 15, 'en_order_block': True, 'order_block_swing_l': 4, 'en_fvg': False, 'fvg_lookback': 6, 'en_ifvg': True, 'en_breaker': False, 'breaker_swing_l': 13, 'en_cisd': True, 'k': 2, 'en_cap_bars': False, 'cap_1min': 1249}.
[I 2026-07-13 14:03:30,096] Trial 1044 finished with values: [1565.6990780493652, -2767.5472387498303, 56.1] and parameters: {'sl_soft': 13.238695178247545, 'sl_hard_delta': 22.63866675924395, 'tp': 23.99269298666304, 'gate_pct': 39.73278315547078, 'dd_limit': 2608.2965670663593, 'cooldown': 19, 'flip': False, 'en_ema_trend': True, 'ema_trend_fast': 41, 'ema_trend_slow': 251, 'en_sma_trend': True, 'sma_trend_fast': 212, 'sma_trend_slow': 302, 'en_macd': False, 'macd_fast': 91, 'macd_slow': 133, 'macd_signal': 75, 'en_vwap': True, 'en_keltner': True, 'keltner_n': 84, 'keltner_m': 0.8, 'en_obv': True, 'obv_slope': 49, 'en_cci': False, 'cci_n': 93, 'cci_threshold': 25, 'en_rsi': True, 'rsi_n': 55, 'rsi_lower': 19, 'rsi_upper': 64, 'en_stochastic': False, 'stochastic_n': 57, 'stochastic_d': 9, 'stochastic_lower': 22, 'stochastic_upper': 62, 'en_mfi': True, 'mfi_n': 59, 'mfi_lower': 27, 'mfi_upper': 94, 'en_bollinger': False, 'bollinger_n': 130, 'bollinger_k': 3.3000000000000003, 'en_adx': False, 'adx_n': 91, 'adx_threshold': 39, 'en_structure_trend': False, 'structure_trend_swing_l': 14, 'en_order_block': True, 'order_block_swing_l': 8, 'en_fvg': False, 'fvg_lookback': 31, 'en_ifvg': True, 'en_breaker': False, 'breaker_swing_l': 3, 'en_cisd': True, 'k': 2, 'en_cap_bars': False, 'cap_1min': 126}.
[I 2026-07-13 14:03:30,350] Trial 1045 finished with values: [1599.1479278767656, -1330.5047681194264, 45.7] and parameters: {'sl_soft': 13.238695178247545, 'sl_hard_delta': 22.63866675924395, 'tp': 25.724761594028553, 'gate_pct': 30.375843415186864, 'dd_limit': 2608.2965670663593, 'cooldown': 19, 'flip': False, 'en_ema_trend': True, 'ema_trend_fast': 373, 'ema_trend_slow': 359, 'en_sma_trend': True, 'sma_trend_fast': 212, 'sma_trend_slow': 302, 'en_macd': True, 'macd_fast': 91, 'macd_slow': 18, 'macd_signal': 75, 'en_vwap': False, 'en_keltner': False, 'keltner_n': 129, 'keltner_m': 4.0, 'en_obv': False, 'obv_slope': 109, 'en_cci': False, 'cci_n': 59, 'cci_threshold': 25, 'en_rsi': True, 'rsi_n': 21, 'rsi_lower': 19, 'rsi_upper': 64, 'en_stochastic': False, 'stochastic_n': 57, 'stochastic_d': 9, 'stochastic_lower': 3, 'stochastic_upper': 62, 'en_mfi': False, 'mfi_n': 90, 'mfi_lower': 17, 'mfi_upper': 98, 'en_bollinger': False, 'bollinger_n': 130, 'bollinger_k': 3.8000000000000003, 'en_adx': False, 'adx_n': 7, 'adx_threshold': 28, 'en_structure_trend': False, 'structure_trend_swing_l': 15, 'en_order_block': True, 'order_block_swing_l': 8, 'en_fvg': False, 'fvg_lookback': 31, 'en_ifvg': True, 'en_breaker': True, 'breaker_swing_l': 4, 'en_cisd': True, 'k': 2, 'en_cap_bars': False, 'cap_1min': 126}.
[I 2026-07-13 14:03:31,890] Trial 1046 finished with values: [2882.196383025075, -1020.4346879429067, 57.7] and parameters: {'sl_soft': 13.238695178247545, 'sl_hard_delta': 5.272172020324857, 'tp': 25.724761594028553, 'gate_pct': 30.375843415186864, 'dd_limit': 2608.2965670663593, 'cooldown': 19, 'flip': False, 'en_ema_trend': True, 'ema_trend_fast': 41, 'ema_trend_slow': 212, 'en_sma_trend': True, 'sma_trend_fast': 88, 'sma_trend_slow': 169, 'en_macd': True, 'macd_fast': 66, 'macd_slow': 18, 'macd_signal': 75, 'en_vwap': False, 'en_keltner': False, 'keltner_n': 62, 'keltner_m': 4.0, 'en_obv': True, 'obv_slope': 109, 'en_cci': True, 'cci_n': 37, 'cci_threshold': 25, 'en_rsi': True, 'rsi_n': 65, 'rsi_lower': 42, 'rsi_upper': 87, 'en_stochastic': False, 'stochastic_n': 57, 'stochastic_d': 9, 'stochastic_lower': 4, 'stochastic_upper': 62, 'en_mfi': False, 'mfi_n': 94, 'mfi_lower': 17, 'mfi_upper': 94, 'en_bollinger': True, 'bollinger_n': 127, 'bollinger_k': 3.8000000000000003, 'en_adx': False, 'adx_n': 7, 'adx_threshold': 39, 'en_structure_trend': False, 'structure_trend_swing_l': 15, 'en_order_block': True, 'order_block_swing_l': 4, 'en_fvg': False, 'fvg_lookback': 6, 'en_ifvg': True, 'en_breaker': False, 'breaker_swing_l': 4, 'en_cisd': True, 'k': 2, 'en_cap_bars': True, 'cap_1min': 1249}.
[I 2026-07-13 14:03:32,054] Trial 1047 pruned. 
[I 2026-07-13 14:03:32,365] Trial 1048 finished with values: [2262.6503977416724, -886.7633379588369, 81.3] and parameters: {'sl_soft': 16.114590850050682, 'sl_hard_delta': 5.272172020324857, 'tp': 13.298595972433171, 'gate_pct': 30.375843415186864, 'dd_limit': 2608.2965670663593, 'cooldown': 19, 'flip': False, 'en_ema_trend': True, 'ema_trend_fast': 41, 'ema_trend_slow': 346, 'en_sma_trend': True, 'sma_trend_fast': 212, 'sma_trend_slow': 169, 'en_macd': True, 'macd_fast': 91, 'macd_slow': 198, 'macd_signal': 75, 'en_vwap': True, 'en_keltner': False, 'keltner_n': 62, 'keltner_m': 4.0, 'en_obv': True, 'obv_slope': 109, 'en_cci': True, 'cci_n': 37, 'cci_threshold': 25, 'en_rsi': True, 'rsi_n': 55, 'rsi_lower': 19, 'rsi_upper': 64, 'en_stochastic': False, 'stochastic_n': 57, 'stochastic_d': 9, 'stochastic_lower': 12, 'stochastic_upper': 62, 'en_mfi': True, 'mfi_n': 97, 'mfi_lower': 17, 'mfi_upper': 94, 'en_bollinger': True, 'bollinger_n': 127, 'bollinger_k': 3.3000000000000003, 'en_adx': False, 'adx_n': 64, 'adx_threshold': 35, 'en_structure_trend': False, 'structure_trend_swing_l': 15, 'en_order_block': True, 'order_block_swing_l': 4, 'en_fvg': False, 'fvg_lookback': 6, 'en_ifvg': True, 'en_breaker': False, 'breaker_swing_l': 13, 'en_cisd': True, 'k': 2, 'en_cap_bars': False, 'cap_1min': 1249}.
[I 2026-07-13 14:03:32,562] Trial 1049 pruned. 
[I 2026-07-13 14:03:32,877] Trial 1050 finished with values: [1532.0531222963473, -740.4346879429067, 64.6] and parameters: {'sl_soft': 13.238695178247545, 'sl_hard_delta': 5.272172020324857, 'tp': 13.298595972433171, 'gate_pct': 30.375843415186864, 'dd_limit': 2608.2965670663593, 'cooldown': 19, 'flip': False, 'en_ema_trend': True, 'ema_trend_fast': 373, 'ema_trend_slow': 251, 'en_sma_trend': True, 'sma_trend_fast': 212, 'sma_trend_slow': 169, 'en_macd': False, 'macd_fast': 91, 'macd_slow': 18, 'macd_signal': 75, 'en_vwap': True, 'en_keltner': False, 'keltner_n': 129, 'keltner_m': 4.0, 'en_obv': True, 'obv_slope': 109, 'en_cci': True, 'cci_n': 37, 'cci_threshold': 30, 'en_rsi': True, 'rsi_n': 55, 'rsi_lower': 42, 'rsi_upper': 75, 'en_stochastic': False, 'stochastic_n': 57, 'stochastic_d': 9, 'stochastic_lower': 40, 'stochastic_upper': 62, 'en_mfi': False, 'mfi_n': 97, 'mfi_lower': 17, 'mfi_upper': 94, 'en_bollinger': True, 'bollinger_n': 130, 'bollinger_k': 3.8000000000000003, 'en_adx': False, 'adx_n': 64, 'adx_threshold': 39, 'en_structure_trend': False, 'structure_trend_swing_l': 15, 'en_order_block': True, 'order_block_swing_l': 8, 'en_fvg': False, 'fvg_lookback': 6, 'en_ifvg': True, 'en_breaker': False, 'breaker_swing_l': 4, 'en_cisd': True, 'k': 2, 'en_cap_bars': True, 'cap_1min': 1113}.
[I 2026-07-13 14:03:33,272] Trial 1051 finished with values: [3034.9487670847884, -740.4346879429067, 64.2] and parameters: {'sl_soft': 13.238695178247545, 'sl_hard_delta': 5.272172020324857, 'tp': 25.724761594028553, 'gate_pct': 30.375843415186864, 'dd_limit': 2608.2965670663593, 'cooldown': 19, 'flip': False, 'en_ema_trend': True, 'ema_trend_fast': 373, 'ema_trend_slow': 251, 'en_sma_trend': True, 'sma_trend_fast': 88, 'sma_trend_slow': 302, 'en_macd': False, 'macd_fast': 66, 'macd_slow': 18, 'macd_signal': 75, 'en_vwap': False, 'en_keltner': False, 'keltner_n': 80, 'keltner_m': 0.8, 'en_obv': True, 'obv_slope': 109, 'en_cci': True, 'cci_n': 93, 'cci_threshold': 25, 'en_rsi': True, 'rsi_n': 65, 'rsi_lower': 42, 'rsi_upper': 72, 'en_stochastic': False, 'stochastic_n': 57, 'stochastic_d': 9, 'stochastic_lower': 22, 'stochastic_upper': 62, 'en_mfi': False, 'mfi_n': 39, 'mfi_lower': 17, 'mfi_upper': 98, 'en_bollinger': False, 'bollinger_n': 127, 'bollinger_k': 2.2, 'en_adx': False, 'adx_n': 7, 'adx_threshold': 39, 'en_structure_trend': False, 'structure_trend_swing_l': 15, 'en_order_block': True, 'order_block_swing_l': 8, 'en_fvg': False, 'fvg_lookback': 31, 'en_ifvg': True, 'en_breaker': False, 'breaker_swing_l': 3, 'en_cisd': True, 'k': 2, 'en_cap_bars': True, 'cap_1min': 126}.
[I 2026-07-13 14:03:33,684] Trial 1052 finished with values: [1147.9500047891634, -1469.0219595333474, 90.45] and parameters: {'sl_soft': 18.340408262908845, 'sl_hard_delta': 5.272172020324857, 'tp': 7.1746875299333865, 'gate_pct': 30.375843415186864, 'dd_limit': 2608.2965670663593, 'cooldown': 5, 'flip': False, 'en_ema_trend': False, 'ema_trend_fast': 373, 'ema_trend_slow': 346, 'en_sma_trend': True, 'sma_trend_fast': 212, 'sma_trend_slow': 302, 'en_macd': True, 'macd_fast': 91, 'macd_slow': 198, 'macd_signal': 75, 'en_vwap': True, 'en_keltner': False, 'keltner_n': 62, 'keltner_m': 0.8, 'en_obv': True, 'obv_slope': 49, 'en_cci': False, 'cci_n': 37, 'cci_threshold': 30, 'en_rsi': False, 'rsi_n': 55, 'rsi_lower': 19, 'rsi_upper': 64, 'en_stochastic': False, 'stochastic_n': 57, 'stochastic_d': 9, 'stochastic_lower': 22, 'stochastic_upper': 62, 'en_mfi': True, 'mfi_n': 66, 'mfi_lower': 27, 'mfi_upper': 94, 'en_bollinger': False, 'bollinger_n': 182, 'bollinger_k': 3.3000000000000003, 'en_adx': False, 'adx_n': 64, 'adx_threshold': 39, 'en_structure_trend': False, 'structure_trend_swing_l': 15, 'en_order_block': False, 'order_block_swing_l': 8, 'en_fvg': False, 'fvg_lookback': 28, 'en_ifvg': True, 'en_breaker': True, 'breaker_swing_l': 3, 'en_cisd': True, 'k': 4, 'en_cap_bars': True, 'cap_1min': 1113}.
[I 2026-07-13 14:03:34,169] Trial 1053 pruned. 
[I 2026-07-13 14:03:36,410] Trial 1054 finished with values: [1339.3383982742307, -999.2646406903077, 90.1] and parameters: {'sl_soft': 18.340408262908845, 'sl_hard_delta': 22.63866675924395, 'tp': 5.791289843497957, 'gate_pct': 30.375843415186864, 'dd_limit': 2608.2965670663593, 'cooldown': 19, 'flip': False, 'en_ema_trend': False, 'ema_trend_fast': 373, 'ema_trend_slow': 346, 'en_sma_trend': True, 'sma_trend_fast': 212, 'sma_trend_slow': 302, 'en_macd': True, 'macd_fast': 91, 'macd_slow': 18, 'macd_signal': 75, 'en_vwap': False, 'en_keltner': True, 'keltner_n': 129, 'keltner_m': 2.2, 'en_obv': False, 'obv_slope': 109, 'en_cci': False, 'cci_n': 32, 'cci_threshold': 255, 'en_rsi': True, 'rsi_n': 21, 'rsi_lower': 19, 'rsi_upper': 72, 'en_stochastic': True, 'stochastic_n': 57, 'stochastic_d': 34, 'stochastic_lower': 3, 'stochastic_upper': 98, 'en_mfi': False, 'mfi_n': 82, 'mfi_lower': 27, 'mfi_upper': 98, 'en_bollinger': False, 'bollinger_n': 182, 'bollinger_k': 3.3000000000000003, 'en_adx': False, 'adx_n': 91, 'adx_threshold': 39, 'en_structure_trend': False, 'structure_trend_swing_l': 15, 'en_order_block': True, 'order_block_swing_l': 8, 'en_fvg': False, 'fvg_lookback': 28, 'en_ifvg': True, 'en_breaker': False, 'breaker_swing_l': 13, 'en_cisd': False, 'k': 2, 'en_cap_bars': False, 'cap_1min': 126}.
[I 2026-07-13 14:03:38,338] Trial 1055 pruned. 
[I 2026-07-13 14:03:38,744] Trial 1056 finished with values: [-3150.906723465341, -4715.6044823102275, 42.3] and parameters: {'sl_soft': 18.340408262908845, 'sl_hard_delta': 22.63866675924395, 'tp': 23.99269298666304, 'gate_pct': 95.77665081209402, 'dd_limit': 2608.2965670663593, 'cooldown': 19, 'flip': False, 'en_ema_trend': False, 'ema_trend_fast': 373, 'ema_trend_slow': 346, 'en_sma_trend': True, 'sma_trend_fast': 212, 'sma_trend_slow': 302, 'en_macd': True, 'macd_fast': 31, 'macd_slow': 18, 'macd_signal': 75, 'en_vwap': False, 'en_keltner': False, 'keltner_n': 129, 'keltner_m': 0.8, 'en_obv': False, 'obv_slope': 109, 'en_cci': False, 'cci_n': 176, 'cci_threshold': 25, 'en_rsi': True, 'rsi_n': 21, 'rsi_lower': 19, 'rsi_upper': 72, 'en_stochastic': False, 'stochastic_n': 57, 'stochastic_d': 29, 'stochastic_lower': 40, 'stochastic_upper': 86, 'en_mfi': False, 'mfi_n': 82, 'mfi_lower': 17, 'mfi_upper': 98, 'en_bollinger': False, 'bollinger_n': 130, 'bollinger_k': 0.5, 'en_adx': False, 'adx_n': 91, 'adx_threshold': 39, 'en_structure_trend': False, 'structure_trend_swing_l': 15, 'en_order_block': True, 'order_block_swing_l': 8, 'en_fvg': False, 'fvg_lookback': 37, 'en_ifvg': True, 'en_breaker': False, 'breaker_swing_l': 13, 'en_cisd': True, 'k': 2, 'en_cap_bars': False, 'cap_1min': 126}.
[I 2026-07-13 14:03:39,019] Trial 1057 finished with values: [2031.4132896115916, -808.7918645991158, 79.6] and parameters: {'sl_soft': 13.238695178247545, 'sl_hard_delta': 8.20089805170978, 'tp': 13.298595972433171, 'gate_pct': 30.375843415186864, 'dd_limit': 2608.2965670663593, 'cooldown': 19, 'flip': False, 'en_ema_trend': True, 'ema_trend_fast': 41, 'ema_trend_slow': 346, 'en_sma_trend': True, 'sma_trend_fast': 88, 'sma_trend_slow': 169, 'en_macd': True, 'macd_fast': 91, 'macd_slow': 18, 'macd_signal': 75, 'en_vwap': False, 'en_keltner': False, 'keltner_n': 62, 'keltner_m': 4.0, 'en_obv': True, 'obv_slope': 109, 'en_cci': True, 'cci_n': 37, 'cci_threshold': 25, 'en_rsi': True, 'rsi_n': 55, 'rsi_lower': 42, 'rsi_upper': 64, 'en_stochastic': False, 'stochastic_n': 57, 'stochastic_d': 9, 'stochastic_lower': 12, 'stochastic_upper': 62, 'en_mfi': True, 'mfi_n': 97, 'mfi_lower': 17, 'mfi_upper': 94, 'en_bollinger': True, 'bollinger_n': 127, 'bollinger_k': 3.8000000000000003, 'en_adx': False, 'adx_n': 64, 'adx_threshold': 35, 'en_structure_trend': False, 'structure_trend_swing_l': 15, 'en_order_block': True, 'order_block_swing_l': 4, 'en_fvg': False, 'fvg_lookback': 6, 'en_ifvg': True, 'en_breaker': False, 'breaker_swing_l': 4, 'en_cisd': False, 'k': 2, 'en_cap_bars': False, 'cap_1min': 1113}.
[I 2026-07-13 14:03:39,397] Trial 1058 finished with values: [3558.538597332663, -1234.873780976559, 70.2] and parameters: {'sl_soft': 18.340408262908845, 'sl_hard_delta': 22.63866675924395, 'tp': 23.99269298666304, 'gate_pct': 30.375843415186864, 'dd_limit': 2608.2965670663593, 'cooldown': 19, 'flip': False, 'en_ema_trend': False, 'ema_trend_fast': 41, 'ema_trend_slow': 346, 'en_sma_trend': True, 'sma_trend_fast': 212, 'sma_trend_slow': 302, 'en_macd': False, 'macd_fast': 31, 'macd_slow': 18, 'macd_signal': 75, 'en_vwap': True, 'en_keltner': False, 'keltner_n': 129, 'keltner_m': 0.8, 'en_obv': False, 'obv_slope': 109, 'en_cci': False, 'cci_n': 176, 'cci_threshold': 25, 'en_rsi': False, 'rsi_n': 21, 'rsi_lower': 19, 'rsi_upper': 72, 'en_stochastic': False, 'stochastic_n': 57, 'stochastic_d': 29, 'stochastic_lower': 12, 'stochastic_upper': 86, 'en_mfi': True, 'mfi_n': 66, 'mfi_lower': 17, 'mfi_upper': 94, 'en_bollinger': False, 'bollinger_n': 127, 'bollinger_k': 1.6, 'en_adx': False, 'adx_n': 91, 'adx_threshold': 39, 'en_structure_trend': False, 'structure_trend_swing_l': 15, 'en_order_block': True, 'order_block_swing_l': 8, 'en_fvg': False, 'fvg_lookback': 37, 'en_ifvg': True, 'en_breaker': False, 'breaker_swing_l': 13, 'en_cisd': True, 'k': 2, 'en_cap_bars': False, 'cap_1min': 1379}.
