[I 2026-07-13 13:41:54,635] Trial 261 finished with values: [-1186.7195841822831, -2356.0834627368604, 28.4] and parameters: {'sl_soft': 19.849957494007086, 'sl_hard_delta': 4.918100218274374, 'tp': 31.320348980179553, 'gate_pct': 76.46240503280777, 'dd_limit': 1591.9247713479028, 'cooldown': 12, 'flip': False, 'en_ema_trend': False, 'ema_trend_fast': 69, 'ema_trend_slow': 301, 'en_sma_trend': True, 'sma_trend_fast': 173, 'sma_trend_slow': 304, 'en_macd': False, 'macd_fast': 73, 'macd_slow': 108, 'macd_signal': 65, 'en_vwap': False, 'en_keltner': False, 'keltner_n': 84, 'keltner_m': 3.1, 'en_obv': False, 'obv_slope': 143, 'en_cci': False, 'cci_n': 184, 'cci_threshold': 45, 'en_rsi': True, 'rsi_n': 67, 'rsi_lower': 20, 'rsi_upper': 59, 'en_stochastic': False, 'stochastic_n': 3, 'stochastic_d': 6, 'stochastic_lower': 27, 'stochastic_upper': 55, 'en_mfi': False, 'mfi_n': 89, 'mfi_lower': 25, 'mfi_upper': 93, 'en_bollinger': True, 'bollinger_n': 47, 'bollinger_k': 1.6, 'en_adx': False, 'adx_n': 88, 'adx_threshold': 55, 'en_structure_trend': False, 'structure_trend_swing_l': 10, 'en_order_block': False, 'order_block_swing_l': 4, 'en_fvg': True, 'fvg_lookback': 43, 'en_ifvg': True, 'en_breaker': True, 'breaker_swing_l': 17, 'en_cisd': False, 'k': 4, 'en_cap_bars': True, 'cap_1min': 706}.
[I 2026-07-13 13:41:55,175] Trial 262 pruned. 
[I 2026-07-13 13:41:57,517] Trial 263 finished with values: [-2687.72841163016, -5459.586501891026, 29.450000000000003] and parameters: {'sl_soft': 18.113760655168605, 'sl_hard_delta': 17.353313715112844, 'tp': 37.695316336047384, 'gate_pct': 80.70603145468111, 'dd_limit': 2309.304895037253, 'cooldown': 13, 'flip': False, 'en_ema_trend': True, 'ema_trend_fast': 375, 'ema_trend_slow': 53, 'en_sma_trend': False, 'sma_trend_fast': 45, 'sma_trend_slow': 56, 'en_macd': True, 'macd_fast': 52, 'macd_slow': 58, 'macd_signal': 34, 'en_vwap': True, 'en_keltner': True, 'keltner_n': 68, 'keltner_m': 1.2000000000000002, 'en_obv': True, 'obv_slope': 120, 'en_cci': True, 'cci_n': 40, 'cci_threshold': 60, 'en_rsi': True, 'rsi_n': 34, 'rsi_lower': 36, 'rsi_upper': 64, 'en_stochastic': False, 'stochastic_n': 8, 'stochastic_d': 6, 'stochastic_lower': 40, 'stochastic_upper': 87, 'en_mfi': True, 'mfi_n': 67, 'mfi_lower': 16, 'mfi_upper': 61, 'en_bollinger': False, 'bollinger_n': 40, 'bollinger_k': 2.9000000000000004, 'en_adx': False, 'adx_n': 31, 'adx_threshold': 26, 'en_structure_trend': True, 'structure_trend_swing_l': 19, 'en_order_block': False, 'order_block_swing_l': 8, 'en_fvg': True, 'fvg_lookback': 14, 'en_ifvg': True, 'en_breaker': True, 'breaker_swing_l': 3, 'en_cisd': True, 'k': 2, 'en_cap_bars': True, 'cap_1min': 803}.
[I 2026-07-13 13:41:58,032] Trial 264 pruned. 
[I 2026-07-13 13:42:00,457] Trial 265 finished with values: [879.3764897149595, -2591.6854770966165, 55.5] and parameters: {'sl_soft': 14.938498535962665, 'sl_hard_delta': 17.044191530765772, 'tp': 16.332863072586186, 'gate_pct': 35.06171893069536, 'dd_limit': 4795.560087596012, 'cooldown': 15, 'flip': False, 'en_ema_trend': True, 'ema_trend_fast': 59, 'ema_trend_slow': 135, 'en_sma_trend': False, 'sma_trend_fast': 362, 'sma_trend_slow': 93, 'en_macd': False, 'macd_fast': 24, 'macd_slow': 104, 'macd_signal': 69, 'en_vwap': False, 'en_keltner': True, 'keltner_n': 8, 'keltner_m': 4.5, 'en_obv': True, 'obv_slope': 184, 'en_cci': True, 'cci_n': 184, 'cci_threshold': 115, 'en_rsi': False, 'rsi_n': 17, 'rsi_lower': 16, 'rsi_upper': 74, 'en_stochastic': False, 'stochastic_n': 14, 'stochastic_d': 8, 'stochastic_lower': 47, 'stochastic_upper': 68, 'en_mfi': False, 'mfi_n': 79, 'mfi_lower': 37, 'mfi_upper': 93, 'en_bollinger': False, 'bollinger_n': 85, 'bollinger_k': 3.0, 'en_adx': False, 'adx_n': 29, 'adx_threshold': 17, 'en_structure_trend': True, 'structure_trend_swing_l': 13, 'en_order_block': True, 'order_block_swing_l': 16, 'en_fvg': False, 'fvg_lookback': 28, 'en_ifvg': True, 'en_breaker': True, 'breaker_swing_l': 8, 'en_cisd': False, 'k': 1, 'en_cap_bars': True, 'cap_1min': 583}.
[I 2026-07-13 13:42:06,216] Trial 266 finished with values: [-892.7831225334376, -2810.47024775311, 33.3] and parameters: {'sl_soft': 18.902306686624467, 'sl_hard_delta': 19.332444654774786, 'tp': 34.44599029514286, 'gate_pct': 81.43219065749138, 'dd_limit': 1947.6863601704115, 'cooldown': 26, 'flip': False, 'en_ema_trend': True, 'ema_trend_fast': 177, 'ema_trend_slow': 172, 'en_sma_trend': False, 'sma_trend_fast': 209, 'sma_trend_slow': 391, 'en_macd': True, 'macd_fast': 61, 'macd_slow': 149, 'macd_signal': 58, 'en_vwap': False, 'en_keltner': True, 'keltner_n': 17, 'keltner_m': 2.9000000000000004, 'en_obv': True, 'obv_slope': 54, 'en_cci': False, 'cci_n': 87, 'cci_threshold': 290, 'en_rsi': False, 'rsi_n': 88, 'rsi_lower': 15, 'rsi_upper': 71, 'en_stochastic': True, 'stochastic_n': 97, 'stochastic_d': 29, 'stochastic_lower': 17, 'stochastic_upper': 56, 'en_mfi': False, 'mfi_n': 59, 'mfi_lower': 23, 'mfi_upper': 57, 'en_bollinger': False, 'bollinger_n': 68, 'bollinger_k': 1.1, 'en_adx': False, 'adx_n': 75, 'adx_threshold': 21, 'en_structure_trend': False, 'structure_trend_swing_l': 19, 'en_order_block': False, 'order_block_swing_l': 17, 'en_fvg': True, 'fvg_lookback': 30, 'en_ifvg': True, 'en_breaker': False, 'breaker_swing_l': 5, 'en_cisd': False, 'k': 5, 'en_cap_bars': False, 'cap_1min': 1181}.
[I 2026-07-13 13:42:09,091] Trial 267 finished with values: [-603.8414272742375, -3426.3006307962496, 52.9] and parameters: {'sl_soft': 18.113760655168605, 'sl_hard_delta': 8.845163066786599, 'tp': 17.77066334800933, 'gate_pct': 80.70603145468111, 'dd_limit': 3983.5937947705843, 'cooldown': 7, 'flip': False, 'en_ema_trend': True, 'ema_trend_fast': 375, 'ema_trend_slow': 311, 'en_sma_trend': False, 'sma_trend_fast': 395, 'sma_trend_slow': 197, 'en_macd': True, 'macd_fast': 57, 'macd_slow': 94, 'macd_signal': 66, 'en_vwap': True, 'en_keltner': True, 'keltner_n': 68, 'keltner_m': 4.6000000000000005, 'en_obv': True, 'obv_slope': 120, 'en_cci': True, 'cci_n': 40, 'cci_threshold': 85, 'en_rsi': False, 'rsi_n': 34, 'rsi_lower': 27, 'rsi_upper': 54, 'en_stochastic': True, 'stochastic_n': 15, 'stochastic_d': 13, 'stochastic_lower': 16, 'stochastic_upper': 54, 'en_mfi': False, 'mfi_n': 42, 'mfi_lower': 17, 'mfi_upper': 51, 'en_bollinger': True, 'bollinger_n': 40, 'bollinger_k': 1.7000000000000002, 'en_adx': True, 'adx_n': 29, 'adx_threshold': 7, 'en_structure_trend': True, 'structure_trend_swing_l': 19, 'en_order_block': False, 'order_block_swing_l': 12, 'en_fvg': True, 'fvg_lookback': 13, 'en_ifvg': True, 'en_breaker': True, 'breaker_swing_l': 18, 'en_cisd': False, 'k': 2, 'en_cap_bars': True, 'cap_1min': 107}.
[I 2026-07-13 13:42:13,955] Trial 268 finished with values: [120.53657153155655, -2485.0253420105582, 51.65] and parameters: {'sl_soft': 13.415900955176113, 'sl_hard_delta': 20.008276295819254, 'tp': 19.961455075232546, 'gate_pct': 52.57115913414096, 'dd_limit': 1391.824893112215, 'cooldown': 7, 'flip': True, 'en_ema_trend': True, 'ema_trend_fast': 55, 'ema_trend_slow': 359, 'en_sma_trend': True, 'sma_trend_fast': 82, 'sma_trend_slow': 275, 'en_macd': True, 'macd_fast': 81, 'macd_slow': 11, 'macd_signal': 2, 'en_vwap': True, 'en_keltner': False, 'keltner_n': 200, 'keltner_m': 2.2, 'en_obv': True, 'obv_slope': 89, 'en_cci': True, 'cci_n': 93, 'cci_threshold': 205, 'en_rsi': True, 'rsi_n': 94, 'rsi_lower': 3, 'rsi_upper': 58, 'en_stochastic': True, 'stochastic_n': 90, 'stochastic_d': 18, 'stochastic_lower': 4, 'stochastic_upper': 71, 'en_mfi': False, 'mfi_n': 82, 'mfi_lower': 47, 'mfi_upper': 78, 'en_bollinger': False, 'bollinger_n': 137, 'bollinger_k': 0.5, 'en_adx': False, 'adx_n': 79, 'adx_threshold': 50, 'en_structure_trend': False, 'structure_trend_swing_l': 17, 'en_order_block': False, 'order_block_swing_l': 10, 'en_fvg': False, 'fvg_lookback': 6, 'en_ifvg': True, 'en_breaker': True, 'breaker_swing_l': 7, 'en_cisd': False, 'k': 1, 'en_cap_bars': True, 'cap_1min': 971}.
[I 2026-07-13 13:42:17,966] Trial 269 finished with values: [-848.346775421378, -3828.9967527409317, 40.75] and parameters: {'sl_soft': 8.228471799882866, 'sl_hard_delta': 20.03919169709407, 'tp': 17.758360393827132, 'gate_pct': 45.98205069731719, 'dd_limit': 3983.5937947705843, 'cooldown': 7, 'flip': True, 'en_ema_trend': True, 'ema_trend_fast': 208, 'ema_trend_slow': 139, 'en_sma_trend': False, 'sma_trend_fast': 266, 'sma_trend_slow': 197, 'en_macd': True, 'macd_fast': 93, 'macd_slow': 48, 'macd_signal': 66, 'en_vwap': True, 'en_keltner': False, 'keltner_n': 6, 'keltner_m': 4.300000000000001, 'en_obv': False, 'obv_slope': 188, 'en_cci': False, 'cci_n': 32, 'cci_threshold': 195, 'en_rsi': False, 'rsi_n': 67, 'rsi_lower': 27, 'rsi_upper': 69, 'en_stochastic': True, 'stochastic_n': 22, 'stochastic_d': 13, 'stochastic_lower': 16, 'stochastic_upper': 86, 'en_mfi': False, 'mfi_n': 61, 'mfi_lower': 20, 'mfi_upper': 65, 'en_bollinger': True, 'bollinger_n': 137, 'bollinger_k': 1.6, 'en_adx': False, 'adx_n': 48, 'adx_threshold': 19, 'en_structure_trend': True, 'structure_trend_swing_l': 19, 'en_order_block': True, 'order_block_swing_l': 12, 'en_fvg': False, 'fvg_lookback': 37, 'en_ifvg': False, 'en_breaker': True, 'breaker_swing_l': 17, 'en_cisd': False, 'k': 1, 'en_cap_bars': False, 'cap_1min': 608}.
[I 2026-07-13 13:42:19,116] Trial 270 pruned. 
[I 2026-07-13 13:42:19,498] Trial 271 finished with values: [-218.37101727243862, -3651.089885897236, 53.3] and parameters: {'sl_soft': 14.376187221993723, 'sl_hard_delta': 20.616051546717426, 'tp': 15.214991621279323, 'gate_pct': 62.75122947526989, 'dd_limit': 4049.527429694928, 'cooldown': 11, 'flip': False, 'en_ema_trend': False, 'ema_trend_fast': 88, 'ema_trend_slow': 231, 'en_sma_trend': False, 'sma_trend_fast': 387, 'sma_trend_slow': 194, 'en_macd': True, 'macd_fast': 71, 'macd_slow': 43, 'macd_signal': 14, 'en_vwap': True, 'en_keltner': False, 'keltner_n': 84, 'keltner_m': 3.7, 'en_obv': True, 'obv_slope': 180, 'en_cci': True, 'cci_n': 48, 'cci_threshold': 240, 'en_rsi': False, 'rsi_n': 36, 'rsi_lower': 8, 'rsi_upper': 81, 'en_stochastic': False, 'stochastic_n': 16, 'stochastic_d': 36, 'stochastic_lower': 38, 'stochastic_upper': 82, 'en_mfi': False, 'mfi_n': 52, 'mfi_lower': 23, 'mfi_upper': 97, 'en_bollinger': True, 'bollinger_n': 24, 'bollinger_k': 4.9, 'en_adx': True, 'adx_n': 88, 'adx_threshold': 11, 'en_structure_trend': False, 'structure_trend_swing_l': 13, 'en_order_block': False, 'order_block_swing_l': 19, 'en_fvg': False, 'fvg_lookback': 23, 'en_ifvg': False, 'en_breaker': False, 'breaker_swing_l': 1, 'en_cisd': True, 'k': 2, 'en_cap_bars': False, 'cap_1min': 884}.
[I 2026-07-13 13:42:20,937] Trial 272 finished with values: [-375.4572615860161, -3925.5520092071674, 53.85] and parameters: {'sl_soft': 10.645885349285368, 'sl_hard_delta': 16.026890042433784, 'tp': 15.454487580770335, 'gate_pct': 84.68288014900352, 'dd_limit': 3261.454909733871, 'cooldown': 13, 'flip': False, 'en_ema_trend': False, 'ema_trend_fast': 271, 'ema_trend_slow': 376, 'en_sma_trend': True, 'sma_trend_fast': 292, 'sma_trend_slow': 14, 'en_macd': False, 'macd_fast': 66, 'macd_slow': 150, 'macd_signal': 67, 'en_vwap': True, 'en_keltner': False, 'keltner_n': 68, 'keltner_m': 3.9000000000000004, 'en_obv': False, 'obv_slope': 7, 'en_cci': False, 'cci_n': 106, 'cci_threshold': 60, 'en_rsi': True, 'rsi_n': 95, 'rsi_lower': 6, 'rsi_upper': 94, 'en_stochastic': False, 'stochastic_n': 66, 'stochastic_d': 40, 'stochastic_lower': 47, 'stochastic_upper': 57, 'en_mfi': True, 'mfi_n': 65, 'mfi_lower': 27, 'mfi_upper': 72, 'en_bollinger': False, 'bollinger_n': 125, 'bollinger_k': 2.5, 'en_adx': False, 'adx_n': 31, 'adx_threshold': 26, 'en_structure_trend': False, 'structure_trend_swing_l': 1, 'en_order_block': False, 'order_block_swing_l': 1, 'en_fvg': False, 'fvg_lookback': 4, 'en_ifvg': True, 'en_breaker': False, 'breaker_swing_l': 18, 'en_cisd': True, 'k': 3, 'en_cap_bars': False, 'cap_1min': 995}.
[I 2026-07-13 13:42:24,198] Trial 273 finished with values: [-1181.5707840956384, -2374.0930441349337, 42.5] and parameters: {'sl_soft': 7.1503474245051395, 'sl_hard_delta': 19.332444654774786, 'tp': 8.505465975909583, 'gate_pct': 68.64613759880352, 'dd_limit': 1947.6863601704115, 'cooldown': 26, 'flip': False, 'en_ema_trend': True, 'ema_trend_fast': 254, 'ema_trend_slow': 172, 'en_sma_trend': True, 'sma_trend_fast': 209, 'sma_trend_slow': 370, 'en_macd': False, 'macd_fast': 46, 'macd_slow': 115, 'macd_signal': 25, 'en_vwap': False, 'en_keltner': True, 'keltner_n': 78, 'keltner_m': 0.7, 'en_obv': False, 'obv_slope': 14, 'en_cci': True, 'cci_n': 165, 'cci_threshold': 65, 'en_rsi': False, 'rsi_n': 79, 'rsi_lower': 36, 'rsi_upper': 52, 'en_stochastic': True, 'stochastic_n': 57, 'stochastic_d': 29, 'stochastic_lower': 38, 'stochastic_upper': 86, 'en_mfi': False, 'mfi_n': 89, 'mfi_lower': 25, 'mfi_upper': 65, 'en_bollinger': False, 'bollinger_n': 68, 'bollinger_k': 4.8, 'en_adx': False, 'adx_n': 41, 'adx_threshold': 7, 'en_structure_trend': False, 'structure_trend_swing_l': 8, 'en_order_block': True, 'order_block_swing_l': 15, 'en_fvg': True, 'fvg_lookback': 26, 'en_ifvg': True, 'en_breaker': False, 'breaker_swing_l': 1, 'en_cisd': False, 'k': 1, 'en_cap_bars': True, 'cap_1min': 1181}.
[I 2026-07-13 13:42:24,501] Trial 274 finished with values: [36.74949914253375, -2043.034685471357, 45.849999999999994] and parameters: {'sl_soft': 8.873773882939886, 'sl_hard_delta': 11.157690342128186, 'tp': 17.865227897426596, 'gate_pct': 57.542705711187445, 'dd_limit': 1391.824893112215, 'cooldown': 7, 'flip': True, 'en_ema_trend': True, 'ema_trend_fast': 55, 'ema_trend_slow': 274, 'en_sma_trend': True, 'sma_trend_fast': 82, 'sma_trend_slow': 328, 'en_macd': True, 'macd_fast': 16, 'macd_slow': 62, 'macd_signal': 30, 'en_vwap': True, 'en_keltner': False, 'keltner_n': 153, 'keltner_m': 3.7, 'en_obv': True, 'obv_slope': 19, 'en_cci': True, 'cci_n': 143, 'cci_threshold': 65, 'en_rsi': True, 'rsi_n': 94, 'rsi_lower': 3, 'rsi_upper': 91, 'en_stochastic': False, 'stochastic_n': 90, 'stochastic_d': 15, 'stochastic_lower': 40, 'stochastic_upper': 73, 'en_mfi': False, 'mfi_n': 70, 'mfi_lower': 8, 'mfi_upper': 78, 'en_bollinger': True, 'bollinger_n': 97, 'bollinger_k': 4.1, 'en_adx': False, 'adx_n': 79, 'adx_threshold': 28, 'en_structure_trend': True, 'structure_trend_swing_l': 17, 'en_order_block': False, 'order_block_swing_l': 4, 'en_fvg': True, 'fvg_lookback': 6, 'en_ifvg': True, 'en_breaker': False, 'breaker_swing_l': 2, 'en_cisd': True, 'k': 1, 'en_cap_bars': False, 'cap_1min': 971}.
[I 2026-07-13 13:42:24,690] Trial 275 finished with values: [879.3764897149595, -2591.6854770966165, 55.5] and parameters: {'sl_soft': 14.938498535962665, 'sl_hard_delta': 17.044191530765772, 'tp': 16.332863072586186, 'gate_pct': 35.06171893069536, 'dd_limit': 4795.560087596012, 'cooldown': 15, 'flip': False, 'en_ema_trend': True, 'ema_trend_fast': 59, 'ema_trend_slow': 135, 'en_sma_trend': False, 'sma_trend_fast': 362, 'sma_trend_slow': 93, 'en_macd': False, 'macd_fast': 24, 'macd_slow': 104, 'macd_signal': 69, 'en_vwap': False, 'en_keltner': True, 'keltner_n': 8, 'keltner_m': 4.5, 'en_obv': True, 'obv_slope': 184, 'en_cci': True, 'cci_n': 184, 'cci_threshold': 115, 'en_rsi': False, 'rsi_n': 17, 'rsi_lower': 16, 'rsi_upper': 74, 'en_stochastic': False, 'stochastic_n': 14, 'stochastic_d': 8, 'stochastic_lower': 47, 'stochastic_upper': 68, 'en_mfi': False, 'mfi_n': 79, 'mfi_lower': 37, 'mfi_upper': 93, 'en_bollinger': False, 'bollinger_n': 85, 'bollinger_k': 3.0, 'en_adx': False, 'adx_n': 29, 'adx_threshold': 17, 'en_structure_trend': True, 'structure_trend_swing_l': 13, 'en_order_block': True, 'order_block_swing_l': 16, 'en_fvg': False, 'fvg_lookback': 28, 'en_ifvg': True, 'en_breaker': True, 'breaker_swing_l': 8, 'en_cisd': False, 'k': 1, 'en_cap_bars': True, 'cap_1min': 583}.
[I 2026-07-13 13:42:26,676] Trial 276 finished with values: [1195.8733050645242, -3064.6538013345707, 45.4] and parameters: {'sl_soft': 14.938498535962665, 'sl_hard_delta': 17.044191530765772, 'tp': 23.99269298666304, 'gate_pct': 35.06171893069536, 'dd_limit': 4898.848664308045, 'cooldown': 15, 'flip': False, 'en_ema_trend': True, 'ema_trend_fast': 41, 'ema_trend_slow': 135, 'en_sma_trend': False, 'sma_trend_fast': 362, 'sma_trend_slow': 258, 'en_macd': False, 'macd_fast': 44, 'macd_slow': 104, 'macd_signal': 41, 'en_vwap': False, 'en_keltner': True, 'keltner_n': 78, 'keltner_m': 4.0, 'en_obv': True, 'obv_slope': 160, 'en_cci': False, 'cci_n': 184, 'cci_threshold': 215, 'en_rsi': False, 'rsi_n': 17, 'rsi_lower': 16, 'rsi_upper': 74, 'en_stochastic': False, 'stochastic_n': 14, 'stochastic_d': 50, 'stochastic_lower': 38, 'stochastic_upper': 68, 'en_mfi': False, 'mfi_n': 79, 'mfi_lower': 37, 'mfi_upper': 93, 'en_bollinger': False, 'bollinger_n': 182, 'bollinger_k': 2.2, 'en_adx': False, 'adx_n': 29, 'adx_threshold': 17, 'en_structure_trend': True, 'structure_trend_swing_l': 13, 'en_order_block': True, 'order_block_swing_l': 19, 'en_fvg': False, 'fvg_lookback': 42, 'en_ifvg': True, 'en_breaker': True, 'breaker_swing_l': 8, 'en_cisd': False, 'k': 1, 'en_cap_bars': True, 'cap_1min': 583}.
[I 2026-07-13 13:42:26,924] Trial 277 finished with values: [-703.061213437104, -5437.531558702904, 57.45] and parameters: {'sl_soft': 22.55135496065609, 'sl_hard_delta': 29.433390779934655, 'tp': 20.369389268482884, 'gate_pct': 95.28097951734324, 'dd_limit': 2784.160035654114, 'cooldown': 26, 'flip': True, 'en_ema_trend': True, 'ema_trend_fast': 11, 'ema_trend_slow': 212, 'en_sma_trend': False, 'sma_trend_fast': 145, 'sma_trend_slow': 324, 'en_macd': False, 'macd_fast': 65, 'macd_slow': 185, 'macd_signal': 100, 'en_vwap': False, 'en_keltner': False, 'keltner_n': 6, 'keltner_m': 3.3000000000000003, 'en_obv': True, 'obv_slope': 194, 'en_cci': False, 'cci_n': 123, 'cci_threshold': 220, 'en_rsi': False, 'rsi_n': 76, 'rsi_lower': 11, 'rsi_upper': 68, 'en_stochastic': False, 'stochastic_n': 2, 'stochastic_d': 47, 'stochastic_lower': 12, 'stochastic_upper': 62, 'en_mfi': True, 'mfi_n': 99, 'mfi_lower': 28, 'mfi_upper': 71, 'en_bollinger': True, 'bollinger_n': 14, 'bollinger_k': 2.1, 'en_adx': False, 'adx_n': 100, 'adx_threshold': 18, 'en_structure_trend': True, 'structure_trend_swing_l': 20, 'en_order_block': False, 'order_block_swing_l': 15, 'en_fvg': False, 'fvg_lookback': 1, 'en_ifvg': True, 'en_breaker': False, 'breaker_swing_l': 15, 'en_cisd': True, 'k': 1, 'en_cap_bars': False, 'cap_1min': 392}.
[I 2026-07-13 13:42:30,935] Trial 278 finished with values: [-464.60086592604057, -2203.897044986661, 59.3] and parameters: {'sl_soft': 13.238695178247545, 'sl_hard_delta': 22.63866675924395, 'tp': 12.476233953205384, 'gate_pct': 63.90528592947753, 'dd_limit': 2608.2965670663593, 'cooldown': 19, 'flip': False, 'en_ema_trend': True, 'ema_trend_fast': 159, 'ema_trend_slow': 64, 'en_sma_trend': True, 'sma_trend_fast': 212, 'sma_trend_slow': 302, 'en_macd': False, 'macd_fast': 55, 'macd_slow': 77, 'macd_signal': 93, 'en_vwap': True, 'en_keltner': False, 'keltner_n': 80, 'keltner_m': 1.7000000000000002, 'en_obv': False, 'obv_slope': 191, 'en_cci': True, 'cci_n': 176, 'cci_threshold': 25, 'en_rsi': False, 'rsi_n': 13, 'rsi_lower': 27, 'rsi_upper': 54, 'en_stochastic': True, 'stochastic_n': 57, 'stochastic_d': 37, 'stochastic_lower': 22, 'stochastic_upper': 82, 'en_mfi': True, 'mfi_n': 65, 'mfi_lower': 27, 'mfi_upper': 97, 'en_bollinger': True, 'bollinger_n': 40, 'bollinger_k': 2.2, 'en_adx': True, 'adx_n': 64, 'adx_threshold': 7, 'en_structure_trend': False, 'structure_trend_swing_l': 13, 'en_order_block': True, 'order_block_swing_l': 13, 'en_fvg': False, 'fvg_lookback': 40, 'en_ifvg': True, 'en_breaker': False, 'breaker_swing_l': 7, 'en_cisd': True, 'k': 2, 'en_cap_bars': True, 'cap_1min': 583}.
[I 2026-07-13 13:42:34,883] Trial 279 finished with values: [3036.6074491983454, -2992.248376276548, 52.7] and parameters: {'sl_soft': 13.238695178247545, 'sl_hard_delta': 5.272172020324857, 'tp': 23.99269298666304, 'gate_pct': 47.67526199665095, 'dd_limit': 4898.848664308045, 'cooldown': 19, 'flip': False, 'en_ema_trend': True, 'ema_trend_fast': 373, 'ema_trend_slow': 346, 'en_sma_trend': False, 'sma_trend_fast': 212, 'sma_trend_slow': 258, 'en_macd': True, 'macd_fast': 91, 'macd_slow': 198, 'macd_signal': 75, 'en_vwap': True, 'en_keltner': False, 'keltner_n': 62, 'keltner_m': 4.0, 'en_obv': False, 'obv_slope': 24, 'en_cci': False, 'cci_n': 37, 'cci_threshold': 30, 'en_rsi': False, 'rsi_n': 65, 'rsi_lower': 42, 'rsi_upper': 75, 'en_stochastic': True, 'stochastic_n': 63, 'stochastic_d': 34, 'stochastic_lower': 38, 'stochastic_upper': 98, 'en_mfi': False, 'mfi_n': 66, 'mfi_lower': 17, 'mfi_upper': 88, 'en_bollinger': False, 'bollinger_n': 127, 'bollinger_k': 2.2, 'en_adx': False, 'adx_n': 7, 'adx_threshold': 34, 'en_structure_trend': False, 'structure_trend_swing_l': 15, 'en_order_block': True, 'order_block_swing_l': 8, 'en_fvg': False, 'fvg_lookback': 28, 'en_ifvg': True, 'en_breaker': False, 'breaker_swing_l': 3, 'en_cisd': True, 'k': 2, 'en_cap_bars': False, 'cap_1min': 1379}.
[I 2026-07-13 13:42:35,103] Trial 280 pruned. 
