[I 2026-07-13 13:44:52,159] Trial 346 finished with values: [1809.4793162598216, -3633.8902029522433, 41.900000000000006] and parameters: {'sl_soft': 10.645885349285368, 'sl_hard_delta': 28.543554023301628, 'tp': 25.724761594028553, 'gate_pct': 75.29895741667805, 'dd_limit': 2366.662293710854, 'cooldown': 13, 'flip': False, 'en_ema_trend': False, 'ema_trend_fast': 33, 'ema_trend_slow': 305, 'en_sma_trend': False, 'sma_trend_fast': 62, 'sma_trend_slow': 134, 'en_macd': True, 'macd_fast': 66, 'macd_slow': 18, 'macd_signal': 45, 'en_vwap': False, 'en_keltner': False, 'keltner_n': 3, 'keltner_m': 3.4000000000000004, 'en_obv': False, 'obv_slope': 7, 'en_cci': False, 'cci_n': 43, 'cci_threshold': 180, 'en_rsi': True, 'rsi_n': 95, 'rsi_lower': 3, 'rsi_upper': 94, 'en_stochastic': True, 'stochastic_n': 8, 'stochastic_d': 10, 'stochastic_lower': 22, 'stochastic_upper': 98, 'en_mfi': True, 'mfi_n': 95, 'mfi_lower': 27, 'mfi_upper': 93, 'en_bollinger': False, 'bollinger_n': 24, 'bollinger_k': 2.9000000000000004, 'en_adx': False, 'adx_n': 31, 'adx_threshold': 26, 'en_structure_trend': False, 'structure_trend_swing_l': 9, 'en_order_block': False, 'order_block_swing_l': 14, 'en_fvg': True, 'fvg_lookback': 28, 'en_ifvg': False, 'en_breaker': False, 'breaker_swing_l': 3, 'en_cisd': True, 'k': 4, 'en_cap_bars': False, 'cap_1min': 995}.
[I 2026-07-13 13:44:53,864] Trial 347 pruned. 
[I 2026-07-13 13:44:54,574] Trial 348 finished with values: [1697.4523188057356, -1965.5047681194264, 47.5] and parameters: {'sl_soft': 13.238695178247545, 'sl_hard_delta': 22.63866675924395, 'tp': 25.724761594028553, 'gate_pct': 22.926972502704224, 'dd_limit': 2608.2965670663593, 'cooldown': 17, 'flip': False, 'en_ema_trend': True, 'ema_trend_fast': 373, 'ema_trend_slow': 251, 'en_sma_trend': True, 'sma_trend_fast': 59, 'sma_trend_slow': 324, 'en_macd': True, 'macd_fast': 31, 'macd_slow': 171, 'macd_signal': 100, 'en_vwap': False, 'en_keltner': False, 'keltner_n': 67, 'keltner_m': 0.8, 'en_obv': True, 'obv_slope': 161, 'en_cci': False, 'cci_n': 123, 'cci_threshold': 95, 'en_rsi': False, 'rsi_n': 84, 'rsi_lower': 16, 'rsi_upper': 81, 'en_stochastic': False, 'stochastic_n': 85, 'stochastic_d': 29, 'stochastic_lower': 12, 'stochastic_upper': 86, 'en_mfi': False, 'mfi_n': 86, 'mfi_lower': 17, 'mfi_upper': 62, 'en_bollinger': True, 'bollinger_n': 56, 'bollinger_k': 1.9000000000000001, 'en_adx': False, 'adx_n': 68, 'adx_threshold': 52, 'en_structure_trend': False, 'structure_trend_swing_l': 15, 'en_order_block': False, 'order_block_swing_l': 4, 'en_fvg': False, 'fvg_lookback': 34, 'en_ifvg': False, 'en_breaker': False, 'breaker_swing_l': 18, 'en_cisd': False, 'k': 1, 'en_cap_bars': False, 'cap_1min': 126}.
[I 2026-07-13 13:44:57,704] Trial 349 finished with values: [476.1972301467904, -2521.2620231839537, 51.2] and parameters: {'sl_soft': 14.938498535962665, 'sl_hard_delta': 17.044191530765772, 'tp': 17.865227897426596, 'gate_pct': 57.542705711187445, 'dd_limit': 2004.412013138942, 'cooldown': 5, 'flip': False, 'en_ema_trend': True, 'ema_trend_fast': 55, 'ema_trend_slow': 135, 'en_sma_trend': True, 'sma_trend_fast': 82, 'sma_trend_slow': 93, 'en_macd': True, 'macd_fast': 60, 'macd_slow': 18, 'macd_signal': 30, 'en_vwap': True, 'en_keltner': False, 'keltner_n': 153, 'keltner_m': 4.8, 'en_obv': True, 'obv_slope': 17, 'en_cci': False, 'cci_n': 143, 'cci_threshold': 65, 'en_rsi': False, 'rsi_n': 55, 'rsi_lower': 3, 'rsi_upper': 54, 'en_stochastic': True, 'stochastic_n': 90, 'stochastic_d': 46, 'stochastic_lower': 47, 'stochastic_upper': 68, 'en_mfi': False, 'mfi_n': 41, 'mfi_lower': 42, 'mfi_upper': 98, 'en_bollinger': True, 'bollinger_n': 130, 'bollinger_k': 4.1, 'en_adx': False, 'adx_n': 15, 'adx_threshold': 40, 'en_structure_trend': True, 'structure_trend_swing_l': 15, 'en_order_block': True, 'order_block_swing_l': 2, 'en_fvg': True, 'fvg_lookback': 40, 'en_ifvg': False, 'en_breaker': True, 'breaker_swing_l': 2, 'en_cisd': False, 'k': 1, 'en_cap_bars': False, 'cap_1min': 589}.
[I 2026-07-13 13:44:57,874] Trial 350 finished with values: [2412.166257090539, -2235.028215644925, 62.400000000000006] and parameters: {'sl_soft': 14.938498535962665, 'sl_hard_delta': 17.044191530765772, 'tp': 16.332863072586186, 'gate_pct': 38.485595608621246, 'dd_limit': 2784.160035654114, 'cooldown': 15, 'flip': False, 'en_ema_trend': True, 'ema_trend_fast': 29, 'ema_trend_slow': 226, 'en_sma_trend': False, 'sma_trend_fast': 145, 'sma_trend_slow': 93, 'en_macd': False, 'macd_fast': 24, 'macd_slow': 185, 'macd_signal': 69, 'en_vwap': True, 'en_keltner': True, 'keltner_n': 8, 'keltner_m': 1.5, 'en_obv': True, 'obv_slope': 120, 'en_cci': True, 'cci_n': 184, 'cci_threshold': 220, 'en_rsi': True, 'rsi_n': 17, 'rsi_lower': 11, 'rsi_upper': 68, 'en_stochastic': False, 'stochastic_n': 14, 'stochastic_d': 13, 'stochastic_lower': 42, 'stochastic_upper': 68, 'en_mfi': False, 'mfi_n': 20, 'mfi_lower': 16, 'mfi_upper': 71, 'en_bollinger': False, 'bollinger_n': 85, 'bollinger_k': 3.0, 'en_adx': False, 'adx_n': 23, 'adx_threshold': 17, 'en_structure_trend': True, 'structure_trend_swing_l': 13, 'en_order_block': False, 'order_block_swing_l': 6, 'en_fvg': False, 'fvg_lookback': 28, 'en_ifvg': True, 'en_breaker': True, 'breaker_swing_l': 18, 'en_cisd': True, 'k': 1, 'en_cap_bars': True, 'cap_1min': 583}.
[I 2026-07-13 13:44:58,072] Trial 351 finished with values: [-2133.1693438822185, -3879.341487405618, 30.95] and parameters: {'sl_soft': 18.113760655168605, 'sl_hard_delta': 17.353313715112844, 'tp': 37.695316336047384, 'gate_pct': 83.33433192606572, 'dd_limit': 2309.304895037253, 'cooldown': 26, 'flip': False, 'en_ema_trend': True, 'ema_trend_fast': 375, 'ema_trend_slow': 150, 'en_sma_trend': False, 'sma_trend_fast': 45, 'sma_trend_slow': 56, 'en_macd': True, 'macd_fast': 52, 'macd_slow': 111, 'macd_signal': 60, 'en_vwap': True, 'en_keltner': True, 'keltner_n': 129, 'keltner_m': 0.9, 'en_obv': True, 'obv_slope': 141, 'en_cci': False, 'cci_n': 40, 'cci_threshold': 60, 'en_rsi': False, 'rsi_n': 67, 'rsi_lower': 29, 'rsi_upper': 86, 'en_stochastic': False, 'stochastic_n': 8, 'stochastic_d': 30, 'stochastic_lower': 27, 'stochastic_upper': 86, 'en_mfi': True, 'mfi_n': 10, 'mfi_lower': 16, 'mfi_upper': 61, 'en_bollinger': False, 'bollinger_n': 40, 'bollinger_k': 3.8000000000000003, 'en_adx': False, 'adx_n': 33, 'adx_threshold': 48, 'en_structure_trend': False, 'structure_trend_swing_l': 19, 'en_order_block': False, 'order_block_swing_l': 8, 'en_fvg': True, 'fvg_lookback': 14, 'en_ifvg': True, 'en_breaker': True, 'breaker_swing_l': 3, 'en_cisd': True, 'k': 1, 'en_cap_bars': True, 'cap_1min': 803}.
[I 2026-07-13 13:45:00,256] Trial 352 finished with values: [18.14830790492124, -2495.140402756806, 44.7] and parameters: {'sl_soft': 5.841405244145506, 'sl_hard_delta': 29.433390779934655, 'tp': 13.298595972433171, 'gate_pct': 61.70561390485503, 'dd_limit': 3706.8765841622826, 'cooldown': 21, 'flip': False, 'en_ema_trend': True, 'ema_trend_fast': 272, 'ema_trend_slow': 212, 'en_sma_trend': False, 'sma_trend_fast': 59, 'sma_trend_slow': 322, 'en_macd': True, 'macd_fast': 50, 'macd_slow': 179, 'macd_signal': 100, 'en_vwap': True, 'en_keltner': True, 'keltner_n': 67, 'keltner_m': 1.7000000000000002, 'en_obv': True, 'obv_slope': 161, 'en_cci': True, 'cci_n': 53, 'cci_threshold': 95, 'en_rsi': False, 'rsi_n': 84, 'rsi_lower': 9, 'rsi_upper': 73, 'en_stochastic': False, 'stochastic_n': 93, 'stochastic_d': 47, 'stochastic_lower': 12, 'stochastic_upper': 82, 'en_mfi': True, 'mfi_n': 41, 'mfi_lower': 5, 'mfi_upper': 96, 'en_bollinger': True, 'bollinger_n': 56, 'bollinger_k': 2.0, 'en_adx': False, 'adx_n': 100, 'adx_threshold': 50, 'en_structure_trend': True, 'structure_trend_swing_l': 18, 'en_order_block': False, 'order_block_swing_l': 4, 'en_fvg': True, 'fvg_lookback': 1, 'en_ifvg': True, 'en_breaker': True, 'breaker_swing_l': 18, 'en_cisd': True, 'k': 1, 'en_cap_bars': False, 'cap_1min': 784}.
[I 2026-07-13 13:45:03,602] Trial 353 finished with values: [2254.731423113335, -1110.6520319143601, 57.8] and parameters: {'sl_soft': 13.238695178247545, 'sl_hard_delta': 5.272172020324857, 'tp': 25.724761594028553, 'gate_pct': 30.375843415186864, 'dd_limit': 4898.848664308045, 'cooldown': 19, 'flip': False, 'en_ema_trend': True, 'ema_trend_fast': 373, 'ema_trend_slow': 346, 'en_sma_trend': False, 'sma_trend_fast': 212, 'sma_trend_slow': 302, 'en_macd': True, 'macd_fast': 91, 'macd_slow': 198, 'macd_signal': 75, 'en_vwap': True, 'en_keltner': False, 'keltner_n': 80, 'keltner_m': 0.8, 'en_obv': False, 'obv_slope': 109, 'en_cci': False, 'cci_n': 176, 'cci_threshold': 30, 'en_rsi': False, 'rsi_n': 65, 'rsi_lower': 19, 'rsi_upper': 64, 'en_stochastic': True, 'stochastic_n': 63, 'stochastic_d': 34, 'stochastic_lower': 22, 'stochastic_upper': 98, 'en_mfi': False, 'mfi_n': 66, 'mfi_lower': 17, 'mfi_upper': 94, 'en_bollinger': False, 'bollinger_n': 127, 'bollinger_k': 2.2, 'en_adx': False, 'adx_n': 64, 'adx_threshold': 34, 'en_structure_trend': False, 'structure_trend_swing_l': 15, 'en_order_block': True, 'order_block_swing_l': 8, 'en_fvg': False, 'fvg_lookback': 28, 'en_ifvg': True, 'en_breaker': False, 'breaker_swing_l': 3, 'en_cisd': True, 'k': 2, 'en_cap_bars': False, 'cap_1min': 1379}.
[I 2026-07-13 13:45:03,995] Trial 354 pruned. 
[I 2026-07-13 13:45:04,208] Trial 355 finished with values: [-1181.5707840956384, -2374.0930441349337, 42.5] and parameters: {'sl_soft': 7.1503474245051395, 'sl_hard_delta': 19.332444654774786, 'tp': 8.505465975909583, 'gate_pct': 68.64613759880352, 'dd_limit': 1947.6863601704115, 'cooldown': 26, 'flip': False, 'en_ema_trend': True, 'ema_trend_fast': 254, 'ema_trend_slow': 172, 'en_sma_trend': True, 'sma_trend_fast': 209, 'sma_trend_slow': 370, 'en_macd': False, 'macd_fast': 46, 'macd_slow': 115, 'macd_signal': 25, 'en_vwap': False, 'en_keltner': True, 'keltner_n': 78, 'keltner_m': 0.7, 'en_obv': False, 'obv_slope': 14, 'en_cci': True, 'cci_n': 165, 'cci_threshold': 65, 'en_rsi': False, 'rsi_n': 79, 'rsi_lower': 36, 'rsi_upper': 52, 'en_stochastic': True, 'stochastic_n': 57, 'stochastic_d': 29, 'stochastic_lower': 38, 'stochastic_upper': 86, 'en_mfi': False, 'mfi_n': 89, 'mfi_lower': 25, 'mfi_upper': 65, 'en_bollinger': False, 'bollinger_n': 68, 'bollinger_k': 4.8, 'en_adx': False, 'adx_n': 41, 'adx_threshold': 7, 'en_structure_trend': False, 'structure_trend_swing_l': 8, 'en_order_block': True, 'order_block_swing_l': 15, 'en_fvg': True, 'fvg_lookback': 26, 'en_ifvg': True, 'en_breaker': False, 'breaker_swing_l': 1, 'en_cisd': False, 'k': 1, 'en_cap_bars': True, 'cap_1min': 1181}.
[I 2026-07-13 13:45:05,801] Trial 356 finished with values: [3621.4133258239235, -2609.7766480902646, 45.65] and parameters: {'sl_soft': 18.113760655168605, 'sl_hard_delta': 17.353313715112844, 'tp': 37.695316336047384, 'gate_pct': 35.06171893069536, 'dd_limit': 2309.304895037253, 'cooldown': 15, 'flip': False, 'en_ema_trend': True, 'ema_trend_fast': 375, 'ema_trend_slow': 226, 'en_sma_trend': False, 'sma_trend_fast': 45, 'sma_trend_slow': 56, 'en_macd': True, 'macd_fast': 52, 'macd_slow': 185, 'macd_signal': 69, 'en_vwap': True, 'en_keltner': True, 'keltner_n': 8, 'keltner_m': 1.5, 'en_obv': True, 'obv_slope': 120, 'en_cci': False, 'cci_n': 136, 'cci_threshold': 60, 'en_rsi': False, 'rsi_n': 67, 'rsi_lower': 11, 'rsi_upper': 86, 'en_stochastic': False, 'stochastic_n': 14, 'stochastic_d': 13, 'stochastic_lower': 42, 'stochastic_upper': 68, 'en_mfi': False, 'mfi_n': 20, 'mfi_lower': 16, 'mfi_upper': 71, 'en_bollinger': False, 'bollinger_n': 40, 'bollinger_k': 3.8000000000000003, 'en_adx': False, 'adx_n': 23, 'adx_threshold': 17, 'en_structure_trend': False, 'structure_trend_swing_l': 19, 'en_order_block': False, 'order_block_swing_l': 6, 'en_fvg': False, 'fvg_lookback': 28, 'en_ifvg': True, 'en_breaker': True, 'breaker_swing_l': 3, 'en_cisd': True, 'k': 1, 'en_cap_bars': True, 'cap_1min': 583}.
[I 2026-07-13 13:45:09,718] Trial 357 finished with values: [1925.9256823506075, -3771.541796990641, 62.85] and parameters: {'sl_soft': 22.86990616442755, 'sl_hard_delta': 29.433390779934655, 'tp': 19.961455075232546, 'gate_pct': 52.57115913414096, 'dd_limit': 3706.8765841622826, 'cooldown': 1, 'flip': False, 'en_ema_trend': True, 'ema_trend_fast': 272, 'ema_trend_slow': 359, 'en_sma_trend': True, 'sma_trend_fast': 285, 'sma_trend_slow': 304, 'en_macd': False, 'macd_fast': 81, 'macd_slow': 63, 'macd_signal': 2, 'en_vwap': False, 'en_keltner': True, 'keltner_n': 84, 'keltner_m': 3.3000000000000003, 'en_obv': True, 'obv_slope': 161, 'en_cci': False, 'cci_n': 42, 'cci_threshold': 135, 'en_rsi': True, 'rsi_n': 21, 'rsi_lower': 20, 'rsi_upper': 59, 'en_stochastic': True, 'stochastic_n': 85, 'stochastic_d': 18, 'stochastic_lower': 12, 'stochastic_upper': 62, 'en_mfi': False, 'mfi_n': 94, 'mfi_lower': 47, 'mfi_upper': 93, 'en_bollinger': True, 'bollinger_n': 56, 'bollinger_k': 2.7, 'en_adx': False, 'adx_n': 2, 'adx_threshold': 14, 'en_structure_trend': False, 'structure_trend_swing_l': 5, 'en_order_block': True, 'order_block_swing_l': 19, 'en_fvg': True, 'fvg_lookback': 31, 'en_ifvg': False, 'en_breaker': True, 'breaker_swing_l': 7, 'en_cisd': False, 'k': 1, 'en_cap_bars': False, 'cap_1min': 784}.
[I 2026-07-13 13:45:10,755] Trial 358 finished with values: [103.08871439337963, -4442.5953921087785, 46.650000000000006] and parameters: {'sl_soft': 16.320148693460837, 'sl_hard_delta': 5.272172020324857, 'tp': 23.99269298666304, 'gate_pct': 92.80779954528938, 'dd_limit': 1726.2517714230858, 'cooldown': 17, 'flip': False, 'en_ema_trend': True, 'ema_trend_fast': 373, 'ema_trend_slow': 346, 'en_sma_trend': False, 'sma_trend_fast': 212, 'sma_trend_slow': 339, 'en_macd': True, 'macd_fast': 20, 'macd_slow': 198, 'macd_signal': 75, 'en_vwap': True, 'en_keltner': False, 'keltner_n': 62, 'keltner_m': 4.0, 'en_obv': False, 'obv_slope': 141, 'en_cci': False, 'cci_n': 12, 'cci_threshold': 65, 'en_rsi': False, 'rsi_n': 67, 'rsi_lower': 42, 'rsi_upper': 75, 'en_stochastic': False, 'stochastic_n': 63, 'stochastic_d': 34, 'stochastic_lower': 27, 'stochastic_upper': 98, 'en_mfi': False, 'mfi_n': 70, 'mfi_lower': 17, 'mfi_upper': 88, 'en_bollinger': False, 'bollinger_n': 62, 'bollinger_k': 3.8000000000000003, 'en_adx': False, 'adx_n': 56, 'adx_threshold': 34, 'en_structure_trend': False, 'structure_trend_swing_l': 15, 'en_order_block': True, 'order_block_swing_l': 12, 'en_fvg': False, 'fvg_lookback': 25, 'en_ifvg': True, 'en_breaker': True, 'breaker_swing_l': 3, 'en_cisd': False, 'k': 2, 'en_cap_bars': False, 'cap_1min': 1379}.
[I 2026-07-13 13:45:11,845] Trial 359 finished with values: [718.4942150539791, -1721.1123222054448, 65.5] and parameters: {'sl_soft': 14.365645445539696, 'sl_hard_delta': 24.85404444256414, 'tp': 13.298595972433171, 'gate_pct': 22.926972502704224, 'dd_limit': 3706.8765841622826, 'cooldown': 26, 'flip': False, 'en_ema_trend': False, 'ema_trend_fast': 272, 'ema_trend_slow': 212, 'en_sma_trend': False, 'sma_trend_fast': 285, 'sma_trend_slow': 307, 'en_macd': True, 'macd_fast': 37, 'macd_slow': 188, 'macd_signal': 63, 'en_vwap': False, 'en_keltner': True, 'keltner_n': 84, 'keltner_m': 2.1, 'en_obv': True, 'obv_slope': 160, 'en_cci': False, 'cci_n': 42, 'cci_threshold': 135, 'en_rsi': False, 'rsi_n': 84, 'rsi_lower': 20, 'rsi_upper': 88, 'en_stochastic': False, 'stochastic_n': 100, 'stochastic_d': 6, 'stochastic_lower': 12, 'stochastic_upper': 62, 'en_mfi': False, 'mfi_n': 94, 'mfi_lower': 17, 'mfi_upper': 98, 'en_bollinger': True, 'bollinger_n': 56, 'bollinger_k': 1.2000000000000002, 'en_adx': False, 'adx_n': 2, 'adx_threshold': 14, 'en_structure_trend': True, 'structure_trend_swing_l': 1, 'en_order_block': True, 'order_block_swing_l': 12, 'en_fvg': True, 'fvg_lookback': 1, 'en_ifvg': False, 'en_breaker': False, 'breaker_swing_l': 7, 'en_cisd': True, 'k': 1, 'en_cap_bars': False, 'cap_1min': 1249}.
[I 2026-07-13 13:45:15,562] Trial 360 finished with values: [111.68617412760796, -1967.8816438648937, 76.4] and parameters: {'sl_soft': 14.217697673134305, 'sl_hard_delta': 24.85404444256414, 'tp': 5.995478745152633, 'gate_pct': 52.57115913414096, 'dd_limit': 402.55741416572397, 'cooldown': 1, 'flip': True, 'en_ema_trend': False, 'ema_trend_fast': 230, 'ema_trend_slow': 346, 'en_sma_trend': False, 'sma_trend_fast': 91, 'sma_trend_slow': 307, 'en_macd': True, 'macd_fast': 44, 'macd_slow': 198, 'macd_signal': 81, 'en_vwap': True, 'en_keltner': True, 'keltner_n': 62, 'keltner_m': 3.0, 'en_obv': False, 'obv_slope': 24, 'en_cci': True, 'cci_n': 37, 'cci_threshold': 90, 'en_rsi': False, 'rsi_n': 55, 'rsi_lower': 37, 'rsi_upper': 72, 'en_stochastic': True, 'stochastic_n': 63, 'stochastic_d': 44, 'stochastic_lower': 42, 'stochastic_upper': 71, 'en_mfi': False, 'mfi_n': 61, 'mfi_lower': 17, 'mfi_upper': 88, 'en_bollinger': True, 'bollinger_n': 182, 'bollinger_k': 1.2000000000000002, 'en_adx': False, 'adx_n': 32, 'adx_threshold': 34, 'en_structure_trend': True, 'structure_trend_swing_l': 5, 'en_order_block': True, 'order_block_swing_l': 12, 'en_fvg': True, 'fvg_lookback': 1, 'en_ifvg': True, 'en_breaker': False, 'breaker_swing_l': 13, 'en_cisd': True, 'k': 1, 'en_cap_bars': False, 'cap_1min': 1249}.
[I 2026-07-13 13:45:19,374] Trial 361 finished with values: [2609.1158818995973, -2449.6538013345707, 53.2] and parameters: {'sl_soft': 14.938498535962665, 'sl_hard_delta': 17.044191530765772, 'tp': 25.724761594028553, 'gate_pct': 30.375843415186864, 'dd_limit': 2608.2965670663593, 'cooldown': 19, 'flip': False, 'en_ema_trend': True, 'ema_trend_fast': 29, 'ema_trend_slow': 251, 'en_sma_trend': False, 'sma_trend_fast': 351, 'sma_trend_slow': 302, 'en_macd': True, 'macd_fast': 24, 'macd_slow': 185, 'macd_signal': 69, 'en_vwap': True, 'en_keltner': True, 'keltner_n': 80, 'keltner_m': 0.8, 'en_obv': False, 'obv_slope': 120, 'en_cci': True, 'cci_n': 184, 'cci_threshold': 220, 'en_rsi': False, 'rsi_n': 17, 'rsi_lower': 11, 'rsi_upper': 68, 'en_stochastic': False, 'stochastic_n': 14, 'stochastic_d': 13, 'stochastic_lower': 22, 'stochastic_upper': 68, 'en_mfi': False, 'mfi_n': 66, 'mfi_lower': 16, 'mfi_upper': 94, 'en_bollinger': False, 'bollinger_n': 40, 'bollinger_k': 2.2, 'en_adx': False, 'adx_n': 23, 'adx_threshold': 39, 'en_structure_trend': True, 'structure_trend_swing_l': 13, 'en_order_block': False, 'order_block_swing_l': 8, 'en_fvg': False, 'fvg_lookback': 28, 'en_ifvg': True, 'en_breaker': True, 'breaker_swing_l': 3, 'en_cisd': True, 'k': 2, 'en_cap_bars': False, 'cap_1min': 1379}.
[I 2026-07-13 13:45:19,717] Trial 362 finished with values: [-506.52158022763615, -2885.580263542579, 42.3] and parameters: {'sl_soft': 13.415900955176113, 'sl_hard_delta': 10.341191181941891, 'tp': 23.99269298666304, 'gate_pct': 52.57115913414096, 'dd_limit': 1312.9011339831748, 'cooldown': 14, 'flip': True, 'en_ema_trend': False, 'ema_trend_fast': 196, 'ema_trend_slow': 17, 'en_sma_trend': False, 'sma_trend_fast': 92, 'sma_trend_slow': 228, 'en_macd': True, 'macd_fast': 25, 'macd_slow': 180, 'macd_signal': 92, 'en_vwap': False, 'en_keltner': False, 'keltner_n': 200, 'keltner_m': 1.6, 'en_obv': True, 'obv_slope': 97, 'en_cci': True, 'cci_n': 27, 'cci_threshold': 40, 'en_rsi': False, 'rsi_n': 67, 'rsi_lower': 32, 'rsi_upper': 76, 'en_stochastic': False, 'stochastic_n': 24, 'stochastic_d': 18, 'stochastic_lower': 4, 'stochastic_upper': 57, 'en_mfi': False, 'mfi_n': 90, 'mfi_lower': 17, 'mfi_upper': 85, 'en_bollinger': False, 'bollinger_n': 182, 'bollinger_k': 2.5, 'en_adx': False, 'adx_n': 71, 'adx_threshold': 34, 'en_structure_trend': False, 'structure_trend_swing_l': 5, 'en_order_block': True, 'order_block_swing_l': 6, 'en_fvg': False, 'fvg_lookback': 23, 'en_ifvg': True, 'en_breaker': True, 'breaker_swing_l': 16, 'en_cisd': True, 'k': 1, 'en_cap_bars': False, 'cap_1min': 846}.
[I 2026-07-13 13:45:21,457] Trial 363 finished with values: [-824.7228866643854, -4027.3086360207526, 58.0] and parameters: {'sl_soft': 13.415900955176113, 'sl_hard_delta': 29.433390779934655, 'tp': 13.298595972433171, 'gate_pct': 52.57115913414096, 'dd_limit': 3292.8402077918095, 'cooldown': 5, 'flip': False, 'en_ema_trend': True, 'ema_trend_fast': 11, 'ema_trend_slow': 212, 'en_sma_trend': True, 'sma_trend_fast': 167, 'sma_trend_slow': 275, 'en_macd': True, 'macd_fast': 81, 'macd_slow': 179, 'macd_signal': 100, 'en_vwap': False, 'en_keltner': False, 'keltner_n': 67, 'keltner_m': 2.2, 'en_obv': True, 'obv_slope': 161, 'en_cci': False, 'cci_n': 93, 'cci_threshold': 95, 'en_rsi': False, 'rsi_n': 84, 'rsi_lower': 16, 'rsi_upper': 68, 'en_stochastic': True, 'stochastic_n': 85, 'stochastic_d': 18, 'stochastic_lower': 4, 'stochastic_upper': 71, 'en_mfi': False, 'mfi_n': 86, 'mfi_lower': 47, 'mfi_upper': 98, 'en_bollinger': True, 'bollinger_n': 56, 'bollinger_k': 0.5, 'en_adx': False, 'adx_n': 100, 'adx_threshold': 50, 'en_structure_trend': False, 'structure_trend_swing_l': 5, 'en_order_block': True, 'order_block_swing_l': 10, 'en_fvg': False, 'fvg_lookback': 31, 'en_ifvg': False, 'en_breaker': True, 'breaker_swing_l': 7, 'en_cisd': False, 'k': 1, 'en_cap_bars': True, 'cap_1min': 1171}.
