[I 2026-07-13 13:48:25,044] Trial 428 finished with values: [-894.875352793897, -2179.3190748155757, 38.400000000000006] and parameters: {'sl_soft': 8.873773882939886, 'sl_hard_delta': 11.157690342128186, 'tp': 17.865227897426596, 'gate_pct': 52.70817803787374, 'dd_limit': 1391.824893112215, 'cooldown': 26, 'flip': False, 'en_ema_trend': True, 'ema_trend_fast': 11, 'ema_trend_slow': 212, 'en_sma_trend': True, 'sma_trend_fast': 82, 'sma_trend_slow': 139, 'en_macd': False, 'macd_fast': 37, 'macd_slow': 62, 'macd_signal': 100, 'en_vwap': True, 'en_keltner': False, 'keltner_n': 62, 'keltner_m': 3.3000000000000003, 'en_obv': True, 'obv_slope': 161, 'en_cci': False, 'cci_n': 42, 'cci_threshold': 90, 'en_rsi': False, 'rsi_n': 84, 'rsi_lower': 20, 'rsi_upper': 68, 'en_stochastic': False, 'stochastic_n': 85, 'stochastic_d': 47, 'stochastic_lower': 12, 'stochastic_upper': 62, 'en_mfi': False, 'mfi_n': 70, 'mfi_lower': 31, 'mfi_upper': 98, 'en_bollinger': True, 'bollinger_n': 56, 'bollinger_k': 2.7, 'en_adx': False, 'adx_n': 2, 'adx_threshold': 28, 'en_structure_trend': False, 'structure_trend_swing_l': 14, 'en_order_block': True, 'order_block_swing_l': 4, 'en_fvg': False, 'fvg_lookback': 29, 'en_ifvg': False, 'en_breaker': False, 'breaker_swing_l': 2, 'en_cisd': True, 'k': 1, 'en_cap_bars': False, 'cap_1min': 1113}.
[I 2026-07-13 13:48:30,603] Trial 429 finished with values: [776.9099181410274, -2637.022462016612, 63.2] and parameters: {'sl_soft': 16.114590850050682, 'sl_hard_delta': 5.272172020324857, 'tp': 13.298595972433171, 'gate_pct': 52.57115913414096, 'dd_limit': 3292.8402077918095, 'cooldown': 19, 'flip': False, 'en_ema_trend': False, 'ema_trend_fast': 272, 'ema_trend_slow': 212, 'en_sma_trend': False, 'sma_trend_fast': 167, 'sma_trend_slow': 275, 'en_macd': True, 'macd_fast': 37, 'macd_slow': 63, 'macd_signal': 75, 'en_vwap': False, 'en_keltner': False, 'keltner_n': 84, 'keltner_m': 4.0, 'en_obv': False, 'obv_slope': 89, 'en_cci': False, 'cci_n': 42, 'cci_threshold': 30, 'en_rsi': False, 'rsi_n': 21, 'rsi_lower': 6, 'rsi_upper': 75, 'en_stochastic': True, 'stochastic_n': 63, 'stochastic_d': 6, 'stochastic_lower': 4, 'stochastic_upper': 62, 'en_mfi': False, 'mfi_n': 66, 'mfi_lower': 47, 'mfi_upper': 88, 'en_bollinger': True, 'bollinger_n': 182, 'bollinger_k': 2.2, 'en_adx': False, 'adx_n': 7, 'adx_threshold': 14, 'en_structure_trend': False, 'structure_trend_swing_l': 5, 'en_order_block': True, 'order_block_swing_l': 19, 'en_fvg': False, 'fvg_lookback': 28, 'en_ifvg': True, 'en_breaker': True, 'breaker_swing_l': 18, 'en_cisd': False, 'k': 2, 'en_cap_bars': False, 'cap_1min': 1379}.
[I 2026-07-13 13:48:37,698] Trial 430 finished with values: [-1459.618400108593, -1915.0, 30.95] and parameters: {'sl_soft': 16.28460546358131, 'sl_hard_delta': 11.157690342128186, 'tp': 17.865227897426596, 'gate_pct': 52.70817803787374, 'dd_limit': 1391.824893112215, 'cooldown': 7, 'flip': False, 'en_ema_trend': True, 'ema_trend_fast': 323, 'ema_trend_slow': 20, 'en_sma_trend': False, 'sma_trend_fast': 209, 'sma_trend_slow': 391, 'en_macd': False, 'macd_fast': 46, 'macd_slow': 62, 'macd_signal': 58, 'en_vwap': True, 'en_keltner': False, 'keltner_n': 25, 'keltner_m': 3.7, 'en_obv': True, 'obv_slope': 14, 'en_cci': False, 'cci_n': 135, 'cci_threshold': 90, 'en_rsi': False, 'rsi_n': 55, 'rsi_lower': 3, 'rsi_upper': 52, 'en_stochastic': True, 'stochastic_n': 57, 'stochastic_d': 15, 'stochastic_lower': 34, 'stochastic_upper': 56, 'en_mfi': False, 'mfi_n': 70, 'mfi_lower': 31, 'mfi_upper': 78, 'en_bollinger': False, 'bollinger_n': 68, 'bollinger_k': 4.1, 'en_adx': False, 'adx_n': 79, 'adx_threshold': 28, 'en_structure_trend': True, 'structure_trend_swing_l': 14, 'en_order_block': True, 'order_block_swing_l': 7, 'en_fvg': True, 'fvg_lookback': 26, 'en_ifvg': True, 'en_breaker': False, 'breaker_swing_l': 1, 'en_cisd': False, 'k': 1, 'en_cap_bars': False, 'cap_1min': 1181}.
[I 2026-07-13 13:48:41,879] Trial 431 finished with values: [-279.10476590357575, -2764.5846368095954, 39.3] and parameters: {'sl_soft': 6.033479501939727, 'sl_hard_delta': 17.044191530765772, 'tp': 16.332863072586186, 'gate_pct': 75.29895741667805, 'dd_limit': 2366.662293710854, 'cooldown': 15, 'flip': False, 'en_ema_trend': True, 'ema_trend_fast': 29, 'ema_trend_slow': 226, 'en_sma_trend': False, 'sma_trend_fast': 62, 'sma_trend_slow': 93, 'en_macd': True, 'macd_fast': 24, 'macd_slow': 185, 'macd_signal': 27, 'en_vwap': True, 'en_keltner': False, 'keltner_n': 8, 'keltner_m': 1.5, 'en_obv': True, 'obv_slope': 120, 'en_cci': True, 'cci_n': 184, 'cci_threshold': 180, 'en_rsi': True, 'rsi_n': 17, 'rsi_lower': 3, 'rsi_upper': 61, 'en_stochastic': False, 'stochastic_n': 9, 'stochastic_d': 10, 'stochastic_lower': 40, 'stochastic_upper': 92, 'en_mfi': True, 'mfi_n': 95, 'mfi_lower': 16, 'mfi_upper': 93, 'en_bollinger': False, 'bollinger_n': 24, 'bollinger_k': 3.0, 'en_adx': False, 'adx_n': 77, 'adx_threshold': 17, 'en_structure_trend': True, 'structure_trend_swing_l': 9, 'en_order_block': False, 'order_block_swing_l': 1, 'en_fvg': True, 'fvg_lookback': 28, 'en_ifvg': True, 'en_breaker': False, 'breaker_swing_l': 18, 'en_cisd': True, 'k': 1, 'en_cap_bars': False, 'cap_1min': 1119}.
[I 2026-07-13 13:48:42,321] Trial 432 pruned. 
[I 2026-07-13 13:48:44,172] Trial 433 finished with values: [-555.1306809346352, -4044.7532093587506, 41.650000000000006] and parameters: {'sl_soft': 5.841405244145506, 'sl_hard_delta': 24.85404444256414, 'tp': 12.476233953205384, 'gate_pct': 61.70561390485503, 'dd_limit': 3706.8765841622826, 'cooldown': 26, 'flip': False, 'en_ema_trend': True, 'ema_trend_fast': 11, 'ema_trend_slow': 212, 'en_sma_trend': True, 'sma_trend_fast': 59, 'sma_trend_slow': 307, 'en_macd': True, 'macd_fast': 50, 'macd_slow': 77, 'macd_signal': 63, 'en_vwap': True, 'en_keltner': False, 'keltner_n': 65, 'keltner_m': 3.8000000000000003, 'en_obv': False, 'obv_slope': 160, 'en_cci': True, 'cci_n': 42, 'cci_threshold': 250, 'en_rsi': False, 'rsi_n': 84, 'rsi_lower': 20, 'rsi_upper': 74, 'en_stochastic': False, 'stochastic_n': 93, 'stochastic_d': 6, 'stochastic_lower': 12, 'stochastic_upper': 82, 'en_mfi': False, 'mfi_n': 94, 'mfi_lower': 44, 'mfi_upper': 98, 'en_bollinger': True, 'bollinger_n': 2, 'bollinger_k': 1.2000000000000002, 'en_adx': False, 'adx_n': 2, 'adx_threshold': 14, 'en_structure_trend': False, 'structure_trend_swing_l': 1, 'en_order_block': False, 'order_block_swing_l': 19, 'en_fvg': True, 'fvg_lookback': 1, 'en_ifvg': True, 'en_breaker': True, 'breaker_swing_l': 7, 'en_cisd': True, 'k': 1, 'en_cap_bars': False, 'cap_1min': 1145}.
[I 2026-07-13 13:48:45,092] Trial 434 finished with values: [1413.6685123786083, -1921.8969667486817, 66.7] and parameters: {'sl_soft': 17.021504443422053, 'sl_hard_delta': 7.5934450023885445, 'tp': 23.99269298666304, 'gate_pct': 95.28097951734324, 'dd_limit': 2784.160035654114, 'cooldown': 15, 'flip': False, 'en_ema_trend': True, 'ema_trend_fast': 29, 'ema_trend_slow': 306, 'en_sma_trend': True, 'sma_trend_fast': 145, 'sma_trend_slow': 258, 'en_macd': False, 'macd_fast': 44, 'macd_slow': 63, 'macd_signal': 11, 'en_vwap': False, 'en_keltner': True, 'keltner_n': 13, 'keltner_m': 4.0, 'en_obv': True, 'obv_slope': 160, 'en_cci': True, 'cci_n': 33, 'cci_threshold': 30, 'en_rsi': True, 'rsi_n': 33, 'rsi_lower': 11, 'rsi_upper': 68, 'en_stochastic': True, 'stochastic_n': 88, 'stochastic_d': 13, 'stochastic_lower': 42, 'stochastic_upper': 60, 'en_mfi': False, 'mfi_n': 20, 'mfi_lower': 17, 'mfi_upper': 89, 'en_bollinger': True, 'bollinger_n': 182, 'bollinger_k': 0.5, 'en_adx': False, 'adx_n': 23, 'adx_threshold': 34, 'en_structure_trend': True, 'structure_trend_swing_l': 14, 'en_order_block': False, 'order_block_swing_l': 6, 'en_fvg': False, 'fvg_lookback': 42, 'en_ifvg': True, 'en_breaker': True, 'breaker_swing_l': 18, 'en_cisd': True, 'k': 1, 'en_cap_bars': True, 'cap_1min': 392}.
[I 2026-07-13 13:48:46,889] Trial 435 finished with values: [1489.3971865101776, -953.7512391625205, 65.15] and parameters: {'sl_soft': 18.340408262908845, 'sl_hard_delta': 5.50337271615407, 'tp': 25.724761594028553, 'gate_pct': 22.926972502704224, 'dd_limit': 3706.8765841622826, 'cooldown': 26, 'flip': False, 'en_ema_trend': False, 'ema_trend_fast': 373, 'ema_trend_slow': 251, 'en_sma_trend': True, 'sma_trend_fast': 59, 'sma_trend_slow': 324, 'en_macd': False, 'macd_fast': 37, 'macd_slow': 179, 'macd_signal': 100, 'en_vwap': False, 'en_keltner': False, 'keltner_n': 84, 'keltner_m': 3.3000000000000003, 'en_obv': False, 'obv_slope': 141, 'en_cci': False, 'cci_n': 12, 'cci_threshold': 250, 'en_rsi': True, 'rsi_n': 84, 'rsi_lower': 20, 'rsi_upper': 72, 'en_stochastic': False, 'stochastic_n': 61, 'stochastic_d': 29, 'stochastic_lower': 40, 'stochastic_upper': 62, 'en_mfi': False, 'mfi_n': 70, 'mfi_lower': 25, 'mfi_upper': 98, 'en_bollinger': True, 'bollinger_n': 130, 'bollinger_k': 2.7, 'en_adx': False, 'adx_n': 35, 'adx_threshold': 14, 'en_structure_trend': False, 'structure_trend_swing_l': 13, 'en_order_block': True, 'order_block_swing_l': 8, 'en_fvg': False, 'fvg_lookback': 45, 'en_ifvg': False, 'en_breaker': True, 'breaker_swing_l': 18, 'en_cisd': True, 'k': 1, 'en_cap_bars': True, 'cap_1min': 126}.
[I 2026-07-13 13:48:49,582] Trial 436 pruned. 
[I 2026-07-13 13:48:50,057] Trial 437 finished with values: [967.9164518458856, -2193.043874253781, 67.75] and parameters: {'sl_soft': 16.114590850050682, 'sl_hard_delta': 29.433390779934655, 'tp': 13.298595972433171, 'gate_pct': 22.926972502704224, 'dd_limit': 3706.8765841622826, 'cooldown': 26, 'flip': False, 'en_ema_trend': True, 'ema_trend_fast': 11, 'ema_trend_slow': 212, 'en_sma_trend': True, 'sma_trend_fast': 59, 'sma_trend_slow': 324, 'en_macd': False, 'macd_fast': 37, 'macd_slow': 179, 'macd_signal': 100, 'en_vwap': False, 'en_keltner': False, 'keltner_n': 84, 'keltner_m': 3.3000000000000003, 'en_obv': True, 'obv_slope': 161, 'en_cci': False, 'cci_n': 42, 'cci_threshold': 135, 'en_rsi': False, 'rsi_n': 84, 'rsi_lower': 20, 'rsi_upper': 94, 'en_stochastic': False, 'stochastic_n': 85, 'stochastic_d': 47, 'stochastic_lower': 12, 'stochastic_upper': 62, 'en_mfi': False, 'mfi_n': 86, 'mfi_lower': 25, 'mfi_upper': 98, 'en_bollinger': True, 'bollinger_n': 56, 'bollinger_k': 2.7, 'en_adx': False, 'adx_n': 2, 'adx_threshold': 14, 'en_structure_trend': False, 'structure_trend_swing_l': 1, 'en_order_block': True, 'order_block_swing_l': 4, 'en_fvg': False, 'fvg_lookback': 34, 'en_ifvg': False, 'en_breaker': False, 'breaker_swing_l': 18, 'en_cisd': True, 'k': 1, 'en_cap_bars': False, 'cap_1min': 1171}.
[I 2026-07-13 13:48:50,465] Trial 438 pruned. 
[I 2026-07-13 13:48:50,973] Trial 439 pruned. 
[I 2026-07-13 13:48:52,318] Trial 440 finished with values: [4065.7413529967744, -3012.366743415987, 54.900000000000006] and parameters: {'sl_soft': 14.938498535962665, 'sl_hard_delta': 5.50337271615407, 'tp': 25.724761594028553, 'gate_pct': 42.37120833684469, 'dd_limit': 2784.160035654114, 'cooldown': 17, 'flip': False, 'en_ema_trend': True, 'ema_trend_fast': 373, 'ema_trend_slow': 226, 'en_sma_trend': True, 'sma_trend_fast': 88, 'sma_trend_slow': 302, 'en_macd': False, 'macd_fast': 24, 'macd_slow': 185, 'macd_signal': 69, 'en_vwap': True, 'en_keltner': True, 'keltner_n': 8, 'keltner_m': 1.5, 'en_obv': False, 'obv_slope': 141, 'en_cci': True, 'cci_n': 12, 'cci_threshold': 250, 'en_rsi': True, 'rsi_n': 55, 'rsi_lower': 11, 'rsi_upper': 68, 'en_stochastic': False, 'stochastic_n': 14, 'stochastic_d': 13, 'stochastic_lower': 40, 'stochastic_upper': 68, 'en_mfi': False, 'mfi_n': 70, 'mfi_lower': 16, 'mfi_upper': 71, 'en_bollinger': False, 'bollinger_n': 11, 'bollinger_k': 3.8000000000000003, 'en_adx': False, 'adx_n': 68, 'adx_threshold': 26, 'en_structure_trend': True, 'structure_trend_swing_l': 13, 'en_order_block': False, 'order_block_swing_l': 6, 'en_fvg': False, 'fvg_lookback': 37, 'en_ifvg': True, 'en_breaker': True, 'breaker_swing_l': 18, 'en_cisd': True, 'k': 1, 'en_cap_bars': True, 'cap_1min': 583}.
[I 2026-07-13 13:48:53,707] Trial 441 pruned. 
[I 2026-07-13 13:48:54,284] Trial 442 finished with values: [2844.7675038219313, -3025.0253420105582, 57.15] and parameters: {'sl_soft': 13.415900955176113, 'sl_hard_delta': 20.008276295819254, 'tp': 19.961455075232546, 'gate_pct': 52.57115913414096, 'dd_limit': 3292.8402077918095, 'cooldown': 1, 'flip': False, 'en_ema_trend': False, 'ema_trend_fast': 188, 'ema_trend_slow': 359, 'en_sma_trend': True, 'sma_trend_fast': 167, 'sma_trend_slow': 275, 'en_macd': False, 'macd_fast': 81, 'macd_slow': 63, 'macd_signal': 2, 'en_vwap': False, 'en_keltner': False, 'keltner_n': 200, 'keltner_m': 2.2, 'en_obv': False, 'obv_slope': 89, 'en_cci': False, 'cci_n': 93, 'cci_threshold': 30, 'en_rsi': True, 'rsi_n': 21, 'rsi_lower': 6, 'rsi_upper': 75, 'en_stochastic': True, 'stochastic_n': 85, 'stochastic_d': 18, 'stochastic_lower': 4, 'stochastic_upper': 71, 'en_mfi': False, 'mfi_n': 90, 'mfi_lower': 47, 'mfi_upper': 93, 'en_bollinger': False, 'bollinger_n': 182, 'bollinger_k': 2.2, 'en_adx': False, 'adx_n': 91, 'adx_threshold': 50, 'en_structure_trend': False, 'structure_trend_swing_l': 5, 'en_order_block': True, 'order_block_swing_l': 19, 'en_fvg': False, 'fvg_lookback': 31, 'en_ifvg': True, 'en_breaker': True, 'breaker_swing_l': 7, 'en_cisd': False, 'k': 1, 'en_cap_bars': True, 'cap_1min': 1249}.
[I 2026-07-13 13:48:54,966] Trial 443 finished with values: [-1037.7285302946257, -3555.475320935875, 35.1] and parameters: {'sl_soft': 5.841405244145506, 'sl_hard_delta': 20.008276295819254, 'tp': 12.476233953205384, 'gate_pct': 22.926972502704224, 'dd_limit': 3706.8765841622826, 'cooldown': 21, 'flip': False, 'en_ema_trend': False, 'ema_trend_fast': 11, 'ema_trend_slow': 359, 'en_sma_trend': True, 'sma_trend_fast': 59, 'sma_trend_slow': 324, 'en_macd': True, 'macd_fast': 37, 'macd_slow': 179, 'macd_signal': 100, 'en_vwap': True, 'en_keltner': False, 'keltner_n': 84, 'keltner_m': 3.3000000000000003, 'en_obv': True, 'obv_slope': 150, 'en_cci': True, 'cci_n': 42, 'cci_threshold': 250, 'en_rsi': False, 'rsi_n': 21, 'rsi_lower': 6, 'rsi_upper': 68, 'en_stochastic': True, 'stochastic_n': 85, 'stochastic_d': 18, 'stochastic_lower': 4, 'stochastic_upper': 71, 'en_mfi': False, 'mfi_n': 82, 'mfi_lower': 34, 'mfi_upper': 98, 'en_bollinger': True, 'bollinger_n': 2, 'bollinger_k': 2.7, 'en_adx': False, 'adx_n': 100, 'adx_threshold': 7, 'en_structure_trend': False, 'structure_trend_swing_l': 18, 'en_order_block': True, 'order_block_swing_l': 19, 'en_fvg': False, 'fvg_lookback': 31, 'en_ifvg': False, 'en_breaker': False, 'breaker_swing_l': 18, 'en_cisd': True, 'k': 1, 'en_cap_bars': False, 'cap_1min': 1145}.
[I 2026-07-13 13:48:56,596] Trial 444 pruned. 
[I 2026-07-13 13:49:01,872] Trial 445 finished with values: [420.3841579989603, -1247.4111728764547, 51.599999999999994] and parameters: {'sl_soft': 13.238695178247545, 'sl_hard_delta': 5.272172020324857, 'tp': 19.961455075232546, 'gate_pct': 47.67526199665095, 'dd_limit': 4898.848664308045, 'cooldown': 14, 'flip': False, 'en_ema_trend': False, 'ema_trend_fast': 373, 'ema_trend_slow': 47, 'en_sma_trend': False, 'sma_trend_fast': 212, 'sma_trend_slow': 258, 'en_macd': True, 'macd_fast': 81, 'macd_slow': 198, 'macd_signal': 2, 'en_vwap': False, 'en_keltner': False, 'keltner_n': 200, 'keltner_m': 4.0, 'en_obv': False, 'obv_slope': 89, 'en_cci': False, 'cci_n': 37, 'cci_threshold': 165, 'en_rsi': False, 'rsi_n': 21, 'rsi_lower': 6, 'rsi_upper': 58, 'en_stochastic': True, 'stochastic_n': 33, 'stochastic_d': 34, 'stochastic_lower': 38, 'stochastic_upper': 71, 'en_mfi': False, 'mfi_n': 82, 'mfi_lower': 17, 'mfi_upper': 93, 'en_bollinger': False, 'bollinger_n': 127, 'bollinger_k': 2.2, 'en_adx': False, 'adx_n': 7, 'adx_threshold': 34, 'en_structure_trend': False, 'structure_trend_swing_l': 15, 'en_order_block': True, 'order_block_swing_l': 8, 'en_fvg': False, 'fvg_lookback': 31, 'en_ifvg': True, 'en_breaker': True, 'breaker_swing_l': 3, 'en_cisd': False, 'k': 2, 'en_cap_bars': True, 'cap_1min': 1379}.
[I 2026-07-13 13:49:04,383] Trial 446 pruned. 
[I 2026-07-13 13:49:05,201] Trial 447 finished with values: [-2049.0649349600426, -4760.539193717705, 76.65] and parameters: {'sl_soft': 19.42710104311899, 'sl_hard_delta': 7.5934450023885445, 'tp': 6.052609667749545, 'gate_pct': 95.28097951734324, 'dd_limit': 2784.160035654114, 'cooldown': 19, 'flip': True, 'en_ema_trend': True, 'ema_trend_fast': 29, 'ema_trend_slow': 226, 'en_sma_trend': True, 'sma_trend_fast': 145, 'sma_trend_slow': 302, 'en_macd': False, 'macd_fast': 20, 'macd_slow': 63, 'macd_signal': 11, 'en_vwap': False, 'en_keltner': True, 'keltner_n': 13, 'keltner_m': 4.0, 'en_obv': True, 'obv_slope': 94, 'en_cci': True, 'cci_n': 72, 'cci_threshold': 25, 'en_rsi': True, 'rsi_n': 33, 'rsi_lower': 11, 'rsi_upper': 68, 'en_stochastic': False, 'stochastic_n': 2, 'stochastic_d': 13, 'stochastic_lower': 42, 'stochastic_upper': 98, 'en_mfi': True, 'mfi_n': 97, 'mfi_lower': 16, 'mfi_upper': 94, 'en_bollinger': True, 'bollinger_n': 127, 'bollinger_k': 3.3000000000000003, 'en_adx': False, 'adx_n': 23, 'adx_threshold': 18, 'en_structure_trend': False, 'structure_trend_swing_l': 14, 'en_order_block': True, 'order_block_swing_l': 8, 'en_fvg': False, 'fvg_lookback': 42, 'en_ifvg': True, 'en_breaker': True, 'breaker_swing_l': 18, 'en_cisd': True, 'k': 2, 'en_cap_bars': True, 'cap_1min': 392}.
[I 2026-07-13 13:49:13,019] Trial 448 finished with values: [109.84247314299864, -1709.4521217810689, 29.3] and parameters: {'sl_soft': 6.033479501939727, 'sl_hard_delta': 5.272172020324857, 'tp': 25.724761594028553, 'gate_pct': 30.375843415186864, 'dd_limit': 2366.662293710854, 'cooldown': 19, 'flip': False, 'en_ema_trend': True, 'ema_trend_fast': 299, 'ema_trend_slow': 305, 'en_sma_trend': False, 'sma_trend_fast': 212, 'sma_trend_slow': 302, 'en_macd': True, 'macd_fast': 70, 'macd_slow': 198, 'macd_signal': 27, 'en_vwap': False, 'en_keltner': False, 'keltner_n': 3, 'keltner_m': 0.8, 'en_obv': False, 'obv_slope': 109, 'en_cci': False, 'cci_n': 8, 'cci_threshold': 180, 'en_rsi': True, 'rsi_n': 65, 'rsi_lower': 19, 'rsi_upper': 64, 'en_stochastic': True, 'stochastic_n': 63, 'stochastic_d': 34, 'stochastic_lower': 40, 'stochastic_upper': 98, 'en_mfi': False, 'mfi_n': 95, 'mfi_lower': 24, 'mfi_upper': 93, 'en_bollinger': False, 'bollinger_n': 24, 'bollinger_k': 3.0, 'en_adx': False, 'adx_n': 64, 'adx_threshold': 32, 'en_structure_trend': False, 'structure_trend_swing_l': 15, 'en_order_block': True, 'order_block_swing_l': 8, 'en_fvg': True, 'fvg_lookback': 28, 'en_ifvg': False, 'en_breaker': False, 'breaker_swing_l': 3, 'en_cisd': True, 'k': 4, 'en_cap_bars': False, 'cap_1min': 1379}.
[I 2026-07-13 13:49:13,362] Trial 449 finished with values: [225.90138342387945, -4091.965003872174, 45.3] and parameters: {'sl_soft': 13.415900955176113, 'sl_hard_delta': 24.85404444256414, 'tp': 19.961455075232546, 'gate_pct': 52.57115913414096, 'dd_limit': 3292.8402077918095, 'cooldown': 1, 'flip': False, 'en_ema_trend': False, 'ema_trend_fast': 41, 'ema_trend_slow': 346, 'en_sma_trend': True, 'sma_trend_fast': 91, 'sma_trend_slow': 307, 'en_macd': False, 'macd_fast': 44, 'macd_slow': 63, 'macd_signal': 63, 'en_vwap': False, 'en_keltner': False, 'keltner_n': 39, 'keltner_m': 2.2, 'en_obv': True, 'obv_slope': 160, 'en_cci': False, 'cci_n': 59, 'cci_threshold': 105, 'en_rsi': False, 'rsi_n': 54, 'rsi_lower': 37, 'rsi_upper': 75, 'en_stochastic': True, 'stochastic_n': 85, 'stochastic_d': 18, 'stochastic_lower': 4, 'stochastic_upper': 71, 'en_mfi': False, 'mfi_n': 90, 'mfi_lower': 47, 'mfi_upper': 88, 'en_bollinger': True, 'bollinger_n': 182, 'bollinger_k': 1.2000000000000002, 'en_adx': False, 'adx_n': 32, 'adx_threshold': 34, 'en_structure_trend': False, 'structure_trend_swing_l': 5, 'en_order_block': True, 'order_block_swing_l': 12, 'en_fvg': False, 'fvg_lookback': 1, 'en_ifvg': False, 'en_breaker': True, 'breaker_swing_l': 7, 'en_cisd': False, 'k': 1, 'en_cap_bars': False, 'cap_1min': 1249}.
[I 2026-07-13 13:49:15,178] Trial 450 finished with values: [1827.571678856366, -1676.300488153065, 78.55000000000001] and parameters: {'sl_soft': 16.28460546358131, 'sl_hard_delta': 5.50337271615407, 'tp': 8.505465975909583, 'gate_pct': 29.897602569804548, 'dd_limit': 1947.6863601704115, 'cooldown': 17, 'flip': False, 'en_ema_trend': True, 'ema_trend_fast': 323, 'ema_trend_slow': 251, 'en_sma_trend': False, 'sma_trend_fast': 88, 'sma_trend_slow': 391, 'en_macd': False, 'macd_fast': 46, 'macd_slow': 18, 'macd_signal': 75, 'en_vwap': False, 'en_keltner': True, 'keltner_n': 129, 'keltner_m': 2.9000000000000004, 'en_obv': True, 'obv_slope': 141, 'en_cci': False, 'cci_n': 135, 'cci_threshold': 30, 'en_rsi': False, 'rsi_n': 88, 'rsi_lower': 19, 'rsi_upper': 52, 'en_stochastic': False, 'stochastic_n': 61, 'stochastic_d': 29, 'stochastic_lower': 40, 'stochastic_upper': 86, 'en_mfi': False, 'mfi_n': 15, 'mfi_lower': 25, 'mfi_upper': 75, 'en_bollinger': False, 'bollinger_n': 68, 'bollinger_k': 4.8, 'en_adx': False, 'adx_n': 75, 'adx_threshold': 36, 'en_structure_trend': False, 'structure_trend_swing_l': 8, 'en_order_block': False, 'order_block_swing_l': 8, 'en_fvg': True, 'fvg_lookback': 37, 'en_ifvg': True, 'en_breaker': False, 'breaker_swing_l': 4, 'en_cisd': False, 'k': 1, 'en_cap_bars': False, 'cap_1min': 1181}.
