── OPTIMIZER PLAN [5m] shared SL/TP · sampler=nsga3 ──
   dimensions: base 5c+2cat+3i = 10  |  indicators 18 on/off + 30 params  |  split 0  →  TOTAL 58 dims
   trials/dim 100  →  RECOMMENDED 5,800 trials  (∝ dimensions; grows if you add more)
[5m] loading inputs (NQ, pv=20) ...
[5m] 97401 decision bars; cooldown cap 27; bounds sl_soft[5, 23] sl_hard[5, 30] tp[5, 38]; indicators on 1-MINUTE frame
/home/dev/Mulham/wsg-i/Parametric-Indicators/optimize/optimizer.py:261: ExperimentalWarning: NSGAIIISampler is experimental (supported from v3.2.0). The interface can change in the future.
  return optuna.samplers.NSGAIIISampler(seed=seed, constraints_func=constraints_func)
[5m] sampler = nsga3 → NSGAIIISampler  objective=<function run.<locals>.objective at 0x7eaa4c237920>  dd_pnl_cap=0.25
[I 2026-07-13 13:30:39,275] A new study created in RDB with name: eod1_5m
[I 2026-07-13 13:30:39,695] Trial 0 pruned. 
[I 2026-07-13 13:30:44,801] Trial 1 finished with values: [-953.5879533491243, -5200.891148339288, 40.2] and parameters: {'sl_soft': 18.514617856450798, 'sl_hard_delta': 21.779939560513544, 'tp': 34.14910100979172, 'gate_pct': 62.36722070556089, 'dd_limit': 3754.712170136686, 'cooldown': 9, 'flip': True, 'en_ema_trend': True, 'ema_trend_fast': 266, 'ema_trend_slow': 250, 'en_sma_trend': True, 'sma_trend_fast': 181, 'sma_trend_slow': 232, 'en_macd': False, 'macd_fast': 91, 'macd_slow': 116, 'macd_signal': 1, 'en_vwap': False, 'en_keltner': True, 'keltner_n': 73, 'keltner_m': 4.6000000000000005, 'en_obv': False, 'obv_slope': 186, 'en_cci': True, 'cci_n': 36, 'cci_threshold': 55, 'en_rsi': False, 'rsi_n': 8, 'rsi_lower': 38, 'rsi_upper': 87, 'en_stochastic': False, 'stochastic_n': 14, 'stochastic_d': 1, 'stochastic_lower': 2, 'stochastic_upper': 52, 'en_mfi': True, 'mfi_n': 55, 'mfi_lower': 28, 'mfi_upper': 92, 'en_bollinger': True, 'bollinger_n': 118, 'bollinger_k': 4.9, 'en_adx': False, 'adx_n': 81, 'adx_threshold': 18, 'en_structure_trend': False, 'structure_trend_swing_l': 18, 'en_order_block': False, 'order_block_swing_l': 3, 'en_fvg': True, 'fvg_lookback': 3, 'en_ifvg': True, 'en_breaker': False, 'breaker_swing_l': 1, 'en_cisd': True, 'k': 3, 'en_cap_bars': True, 'cap_1min': 1072}.
[I 2026-07-13 13:30:53,162] Trial 2 finished with values: [-1226.136987567661, -3063.126746328344, 23.85] and parameters: {'sl_soft': 8.51773065996774, 'sl_hard_delta': 17.440767818197735, 'tp': 37.01065963991431, 'gate_pct': 84.68288014900352, 'dd_limit': 1199.2387957379308, 'cooldown': 13, 'flip': True, 'en_ema_trend': False, 'ema_trend_fast': 29, 'ema_trend_slow': 196, 'en_sma_trend': False, 'sma_trend_fast': 128, 'sma_trend_slow': 396, 'en_macd': False, 'macd_fast': 56, 'macd_slow': 150, 'macd_signal': 67, 'en_vwap': False, 'en_keltner': True, 'keltner_n': 43, 'keltner_m': 3.9000000000000004, 'en_obv': True, 'obv_slope': 162, 'en_cci': True, 'cci_n': 106, 'cci_threshold': 280, 'en_rsi': False, 'rsi_n': 74, 'rsi_lower': 38, 'rsi_upper': 95, 'en_stochastic': False, 'stochastic_n': 25, 'stochastic_d': 31, 'stochastic_lower': 47, 'stochastic_upper': 97, 'en_mfi': True, 'mfi_n': 65, 'mfi_lower': 20, 'mfi_upper': 74, 'en_bollinger': False, 'bollinger_n': 186, 'bollinger_k': 4.7, 'en_adx': True, 'adx_n': 19, 'adx_threshold': 12, 'en_structure_trend': True, 'structure_trend_swing_l': 1, 'en_order_block': False, 'order_block_swing_l': 1, 'en_fvg': True, 'fvg_lookback': 7, 'en_ifvg': False, 'en_breaker': False, 'breaker_swing_l': 18, 'en_cisd': True, 'k': 3, 'en_cap_bars': True, 'cap_1min': 412}.
[I 2026-07-13 13:30:53,883] Trial 3 pruned. 
[I 2026-07-13 13:30:57,871] Trial 4 finished with values: [244.87246787000913, -3166.714634267264, 54.8] and parameters: {'sl_soft': 9.628129288079531, 'sl_hard_delta': 3.3267390223208757, 'tp': 11.367770156630723, 'gate_pct': 49.958417067888604, 'dd_limit': 3642.9283398729813, 'cooldown': 5, 'flip': True, 'en_ema_trend': True, 'ema_trend_fast': 95, 'ema_trend_slow': 42, 'en_sma_trend': False, 'sma_trend_fast': 62, 'sma_trend_slow': 250, 'en_macd': True, 'macd_fast': 16, 'macd_slow': 151, 'macd_signal': 23, 'en_vwap': True, 'en_keltner': True, 'keltner_n': 175, 'keltner_m': 4.300000000000001, 'en_obv': True, 'obv_slope': 191, 'en_cci': True, 'cci_n': 21, 'cci_threshold': 205, 'en_rsi': False, 'rsi_n': 81, 'rsi_lower': 2, 'rsi_upper': 88, 'en_stochastic': False, 'stochastic_n': 27, 'stochastic_d': 32, 'stochastic_lower': 17, 'stochastic_upper': 90, 'en_mfi': True, 'mfi_n': 100, 'mfi_lower': 15, 'mfi_upper': 58, 'en_bollinger': False, 'bollinger_n': 195, 'bollinger_k': 3.4000000000000004, 'en_adx': False, 'adx_n': 54, 'adx_threshold': 12, 'en_structure_trend': False, 'structure_trend_swing_l': 4, 'en_order_block': False, 'order_block_swing_l': 8, 'en_fvg': False, 'fvg_lookback': 35, 'en_ifvg': True, 'en_breaker': True, 'breaker_swing_l': 5, 'en_cisd': True, 'k': 4, 'en_cap_bars': False, 'cap_1min': 733}.
[I 2026-07-13 13:30:58,477] Trial 5 pruned. 
[I 2026-07-13 13:31:02,977] Trial 6 pruned. 
[I 2026-07-13 13:31:07,081] Trial 7 pruned. 
[I 2026-07-13 13:31:10,566] Trial 8 finished with values: [799.3153014051495, -3230.3285060788767, 57.9] and parameters: {'sl_soft': 18.577507110373375, 'sl_hard_delta': 6.321971762499622, 'tp': 24.83149018755212, 'gate_pct': 74.89283752458364, 'dd_limit': 3191.093553101667, 'cooldown': 16, 'flip': True, 'en_ema_trend': False, 'ema_trend_fast': 314, 'ema_trend_slow': 24, 'en_sma_trend': False, 'sma_trend_fast': 159, 'sma_trend_slow': 121, 'en_macd': True, 'macd_fast': 38, 'macd_slow': 107, 'macd_signal': 50, 'en_vwap': True, 'en_keltner': True, 'keltner_n': 54, 'keltner_m': 2.1, 'en_obv': True, 'obv_slope': 23, 'en_cci': False, 'cci_n': 115, 'cci_threshold': 30, 'en_rsi': False, 'rsi_n': 54, 'rsi_lower': 37, 'rsi_upper': 58, 'en_stochastic': False, 'stochastic_n': 77, 'stochastic_d': 37, 'stochastic_lower': 9, 'stochastic_upper': 93, 'en_mfi': True, 'mfi_n': 57, 'mfi_lower': 20, 'mfi_upper': 88, 'en_bollinger': True, 'bollinger_n': 57, 'bollinger_k': 0.5, 'en_adx': False, 'adx_n': 74, 'adx_threshold': 33, 'en_structure_trend': True, 'structure_trend_swing_l': 8, 'en_order_block': False, 'order_block_swing_l': 13, 'en_fvg': True, 'fvg_lookback': 1, 'en_ifvg': True, 'en_breaker': False, 'breaker_swing_l': 5, 'en_cisd': True, 'k': 3, 'en_cap_bars': False, 'cap_1min': 418}.
[I 2026-07-13 13:31:12,215] Trial 9 pruned. 
[I 2026-07-13 13:31:12,459] Trial 10 pruned. 
[I 2026-07-13 13:31:14,394] Trial 11 pruned. 
[I 2026-07-13 13:31:14,519] Trial 12 pruned. 
[I 2026-07-13 13:31:15,323] Trial 13 pruned. 
[I 2026-07-13 13:31:18,010] Trial 14 pruned. 
[I 2026-07-13 13:31:18,170] Trial 15 pruned. 
[I 2026-07-13 13:31:19,075] Trial 16 pruned. 
[I 2026-07-13 13:31:19,793] Trial 17 pruned. 
[I 2026-07-13 13:31:19,929] Trial 18 pruned. 
[I 2026-07-13 13:31:20,572] Trial 19 pruned. 
[I 2026-07-13 13:31:24,720] Trial 20 finished with values: [430.1668512394099, -4294.393797762095, 49.3] and parameters: {'sl_soft': 14.365645445539696, 'sl_hard_delta': 24.85404444256414, 'tp': 21.690719764065594, 'gate_pct': 82.4858562385232, 'dd_limit': 1409.2254407162147, 'cooldown': 4, 'flip': False, 'en_ema_trend': True, 'ema_trend_fast': 383, 'ema_trend_slow': 34, 'en_sma_trend': True, 'sma_trend_fast': 91, 'sma_trend_slow': 307, 'en_macd': True, 'macd_fast': 12, 'macd_slow': 18, 'macd_signal': 63, 'en_vwap': False, 'en_keltner': True, 'keltner_n': 39, 'keltner_m': 4.6000000000000005, 'en_obv': True, 'obv_slope': 147, 'en_cci': True, 'cci_n': 59, 'cci_threshold': 105, 'en_rsi': False, 'rsi_n': 88, 'rsi_lower': 13, 'rsi_upper': 88, 'en_stochastic': False, 'stochastic_n': 49, 'stochastic_d': 33, 'stochastic_lower': 42, 'stochastic_upper': 60, 'en_mfi': False, 'mfi_n': 90, 'mfi_lower': 2, 'mfi_upper': 55, 'en_bollinger': False, 'bollinger_n': 85, 'bollinger_k': 1.2000000000000002, 'en_adx': False, 'adx_n': 32, 'adx_threshold': 23, 'en_structure_trend': True, 'structure_trend_swing_l': 17, 'en_order_block': False, 'order_block_swing_l': 12, 'en_fvg': True, 'fvg_lookback': 8, 'en_ifvg': False, 'en_breaker': True, 'breaker_swing_l': 5, 'en_cisd': True, 'k': 4, 'en_cap_bars': False, 'cap_1min': 1298}.
[I 2026-07-13 13:31:26,466] Trial 21 pruned. 
[I 2026-07-13 13:31:27,228] Trial 22 pruned. 
[I 2026-07-13 13:31:34,301] Trial 23 finished with values: [1048.8831490956, -5253.053184109522, 51.75] and parameters: {'sl_soft': 19.55140441891055, 'sl_hard_delta': 3.920784731921642, 'tp': 22.6880849691198, 'gate_pct': 90.0783114706916, 'dd_limit': 3854.1591527691517, 'cooldown': 11, 'flip': False, 'en_ema_trend': True, 'ema_trend_fast': 324, 'ema_trend_slow': 361, 'en_sma_trend': True, 'sma_trend_fast': 95, 'sma_trend_slow': 120, 'en_macd': False, 'macd_fast': 47, 'macd_slow': 74, 'macd_signal': 59, 'en_vwap': True, 'en_keltner': False, 'keltner_n': 155, 'keltner_m': 1.6, 'en_obv': True, 'obv_slope': 2, 'en_cci': False, 'cci_n': 110, 'cci_threshold': 195, 'en_rsi': True, 'rsi_n': 63, 'rsi_lower': 12, 'rsi_upper': 88, 'en_stochastic': True, 'stochastic_n': 11, 'stochastic_d': 30, 'stochastic_lower': 13, 'stochastic_upper': 82, 'en_mfi': False, 'mfi_n': 67, 'mfi_lower': 40, 'mfi_upper': 90, 'en_bollinger': False, 'bollinger_n': 83, 'bollinger_k': 4.5, 'en_adx': False, 'adx_n': 58, 'adx_threshold': 55, 'en_structure_trend': True, 'structure_trend_swing_l': 17, 'en_order_block': False, 'order_block_swing_l': 3, 'en_fvg': False, 'fvg_lookback': 19, 'en_ifvg': False, 'en_breaker': False, 'breaker_swing_l': 11, 'en_cisd': False, 'k': 3, 'en_cap_bars': True, 'cap_1min': 914}.
[I 2026-07-13 13:31:40,124] Trial 24 finished with values: [1446.2496073575676, -3809.35214998608, 50.6] and parameters: {'sl_soft': 13.415900955176113, 'sl_hard_delta': 20.008276295819254, 'tp': 19.961455075232546, 'gate_pct': 52.57115913414096, 'dd_limit': 3292.8402077918095, 'cooldown': 5, 'flip': False, 'en_ema_trend': False, 'ema_trend_fast': 188, 'ema_trend_slow': 359, 'en_sma_trend': True, 'sma_trend_fast': 167, 'sma_trend_slow': 275, 'en_macd': False, 'macd_fast': 81, 'macd_slow': 194, 'macd_signal': 2, 'en_vwap': False, 'en_keltner': False, 'keltner_n': 200, 'keltner_m': 2.2, 'en_obv': False, 'obv_slope': 89, 'en_cci': False, 'cci_n': 93, 'cci_threshold': 165, 'en_rsi': False, 'rsi_n': 21, 'rsi_lower': 6, 'rsi_upper': 58, 'en_stochastic': True, 'stochastic_n': 85, 'stochastic_d': 18, 'stochastic_lower': 4, 'stochastic_upper': 71, 'en_mfi': False, 'mfi_n': 82, 'mfi_lower': 47, 'mfi_upper': 93, 'en_bollinger': False, 'bollinger_n': 137, 'bollinger_k': 0.5, 'en_adx': False, 'adx_n': 91, 'adx_threshold': 50, 'en_structure_trend': False, 'structure_trend_swing_l': 5, 'en_order_block': True, 'order_block_swing_l': 10, 'en_fvg': False, 'fvg_lookback': 31, 'en_ifvg': False, 'en_breaker': True, 'breaker_swing_l': 7, 'en_cisd': False, 'k': 1, 'en_cap_bars': True, 'cap_1min': 1249}.
[I 2026-07-13 13:31:44,475] Trial 25 pruned. 
[I 2026-07-13 13:31:46,069] Trial 26 pruned. 
[I 2026-07-13 13:31:48,250] Trial 27 pruned. 
[I 2026-07-13 13:31:49,981] Trial 28 pruned. 
[I 2026-07-13 13:31:56,172] Trial 29 finished with values: [2020.9618550445884, -1060.0, 56.75] and parameters: {'sl_soft': 13.238695178247545, 'sl_hard_delta': 22.63866675924395, 'tp': 25.724761594028553, 'gate_pct': 30.375843415186864, 'dd_limit': 2608.2965670663593, 'cooldown': 19, 'flip': False, 'en_ema_trend': True, 'ema_trend_fast': 373, 'ema_trend_slow': 251, 'en_sma_trend': True, 'sma_trend_fast': 212, 'sma_trend_slow': 302, 'en_macd': True, 'macd_fast': 66, 'macd_slow': 171, 'macd_signal': 75, 'en_vwap': True, 'en_keltner': False, 'keltner_n': 80, 'keltner_m': 0.8, 'en_obv': False, 'obv_slope': 109, 'en_cci': False, 'cci_n': 176, 'cci_threshold': 25, 'en_rsi': False, 'rsi_n': 65, 'rsi_lower': 19, 'rsi_upper': 64, 'en_stochastic': True, 'stochastic_n': 57, 'stochastic_d': 34, 'stochastic_lower': 22, 'stochastic_upper': 98, 'en_mfi': False, 'mfi_n': 66, 'mfi_lower': 27, 'mfi_upper': 94, 'en_bollinger': False, 'bollinger_n': 40, 'bollinger_k': 2.2, 'en_adx': False, 'adx_n': 64, 'adx_threshold': 39, 'en_structure_trend': False, 'structure_trend_swing_l': 15, 'en_order_block': True, 'order_block_swing_l': 8, 'en_fvg': False, 'fvg_lookback': 28, 'en_ifvg': True, 'en_breaker': False, 'breaker_swing_l': 3, 'en_cisd': True, 'k': 2, 'en_cap_bars': False, 'cap_1min': 1379}.
[I 2026-07-13 13:31:58,678] Trial 30 pruned. 
[I 2026-07-13 13:31:58,885] Trial 31 pruned. 
[I 2026-07-13 13:32:01,481] Trial 32 finished with values: [1881.1927426769034, -3399.7102326244203, 62.65] and parameters: {'sl_soft': 14.938498535962665, 'sl_hard_delta': 17.044191530765772, 'tp': 16.332863072586186, 'gate_pct': 35.06171893069536, 'dd_limit': 4795.560087596012, 'cooldown': 15, 'flip': False, 'en_ema_trend': False, 'ema_trend_fast': 59, 'ema_trend_slow': 135, 'en_sma_trend': False, 'sma_trend_fast': 146, 'sma_trend_slow': 93, 'en_macd': False, 'macd_fast': 24, 'macd_slow': 83, 'macd_signal': 69, 'en_vwap': True, 'en_keltner': True, 'keltner_n': 124, 'keltner_m': 4.5, 'en_obv': True, 'obv_slope': 184, 'en_cci': True, 'cci_n': 110, 'cci_threshold': 115, 'en_rsi': False, 'rsi_n': 17, 'rsi_lower': 36, 'rsi_upper': 98, 'en_stochastic': False, 'stochastic_n': 14, 'stochastic_d': 8, 'stochastic_lower': 4, 'stochastic_upper': 77, 'en_mfi': False, 'mfi_n': 79, 'mfi_lower': 10, 'mfi_upper': 93, 'en_bollinger': False, 'bollinger_n': 85, 'bollinger_k': 3.0, 'en_adx': False, 'adx_n': 29, 'adx_threshold': 10, 'en_structure_trend': False, 'structure_trend_swing_l': 11, 'en_order_block': True, 'order_block_swing_l': 16, 'en_fvg': False, 'fvg_lookback': 29, 'en_ifvg': True, 'en_breaker': True, 'breaker_swing_l': 8, 'en_cisd': False, 'k': 1, 'en_cap_bars': True, 'cap_1min': 1370}.
[I 2026-07-13 13:32:01,800] Trial 33 pruned. 
[I 2026-07-13 13:32:09,209] Trial 34 finished with values: [1101.1794417922647, -1982.9956799481442, 60.95] and parameters: {'sl_soft': 8.497219677551362, 'sl_hard_delta': 26.35890079748161, 'tp': 10.989084119405103, 'gate_pct': 63.90528592947753, 'dd_limit': 3704.134390989646, 'cooldown': 15, 'flip': False, 'en_ema_trend': True, 'ema_trend_fast': 159, 'ema_trend_slow': 266, 'en_sma_trend': False, 'sma_trend_fast': 362, 'sma_trend_slow': 154, 'en_macd': False, 'macd_fast': 80, 'macd_slow': 104, 'macd_signal': 54, 'en_vwap': False, 'en_keltner': False, 'keltner_n': 8, 'keltner_m': 1.7000000000000002, 'en_obv': True, 'obv_slope': 18, 'en_cci': True, 'cci_n': 184, 'cci_threshold': 90, 'en_rsi': True, 'rsi_n': 69, 'rsi_lower': 16, 'rsi_upper': 74, 'en_stochastic': False, 'stochastic_n': 88, 'stochastic_d': 37, 'stochastic_lower': 47, 'stochastic_upper': 68, 'en_mfi': False, 'mfi_n': 65, 'mfi_lower': 37, 'mfi_upper': 90, 'en_bollinger': True, 'bollinger_n': 164, 'bollinger_k': 3.8000000000000003, 'en_adx': True, 'adx_n': 19, 'adx_threshold': 17, 'en_structure_trend': True, 'structure_trend_swing_l': 13, 'en_order_block': False, 'order_block_swing_l': 7, 'en_fvg': False, 'fvg_lookback': 28, 'en_ifvg': False, 'en_breaker': True, 'breaker_swing_l': 7, 'en_cisd': True, 'k': 3, 'en_cap_bars': True, 'cap_1min': 583}.
[I 2026-07-13 13:32:10,133] Trial 35 pruned. 
[I 2026-07-13 13:32:14,813] Trial 36 finished with values: [235.86908509318164, -5381.6696193851385, 61.8] and parameters: {'sl_soft': 20.978296348635048, 'sl_hard_delta': 1.0569381196007854, 'tp': 13.49612336565326, 'gate_pct': 65.16840317406685, 'dd_limit': 1428.9146667788111, 'cooldown': 0, 'flip': False, 'en_ema_trend': True, 'ema_trend_fast': 67, 'ema_trend_slow': 292, 'en_sma_trend': False, 'sma_trend_fast': 75, 'sma_trend_slow': 96, 'en_macd': True, 'macd_fast': 89, 'macd_slow': 120, 'macd_signal': 11, 'en_vwap': True, 'en_keltner': True, 'keltner_n': 36, 'keltner_m': 1.3, 'en_obv': True, 'obv_slope': 103, 'en_cci': False, 'cci_n': 152, 'cci_threshold': 245, 'en_rsi': False, 'rsi_n': 90, 'rsi_lower': 41, 'rsi_upper': 53, 'en_stochastic': False, 'stochastic_n': 58, 'stochastic_d': 29, 'stochastic_lower': 41, 'stochastic_upper': 69, 'en_mfi': True, 'mfi_n': 4, 'mfi_lower': 18, 'mfi_upper': 99, 'en_bollinger': False, 'bollinger_n': 160, 'bollinger_k': 4.2, 'en_adx': False, 'adx_n': 51, 'adx_threshold': 51, 'en_structure_trend': False, 'structure_trend_swing_l': 14, 'en_order_block': False, 'order_block_swing_l': 15, 'en_fvg': True, 'fvg_lookback': 31, 'en_ifvg': False, 'en_breaker': False, 'breaker_swing_l': 13, 'en_cisd': False, 'k': 2, 'en_cap_bars': False, 'cap_1min': 652}.
[I 2026-07-13 13:32:15,556] Trial 37 pruned. 
[I 2026-07-13 13:32:16,385] Trial 38 pruned. 
[I 2026-07-13 13:32:16,872] Trial 39 pruned. 
[I 2026-07-13 13:32:17,068] Trial 40 pruned. 
[I 2026-07-13 13:32:18,046] Trial 41 pruned. 
[I 2026-07-13 13:32:18,782] Trial 42 pruned. 
[I 2026-07-13 13:32:21,589] Trial 43 pruned. 
[I 2026-07-13 13:32:26,278] Trial 44 finished with values: [36.74949914253375, -2043.034685471357, 45.849999999999994] and parameters: {'sl_soft': 8.873773882939886, 'sl_hard_delta': 11.157690342128186, 'tp': 17.865227897426596, 'gate_pct': 57.542705711187445, 'dd_limit': 1391.824893112215, 'cooldown': 7, 'flip': True, 'en_ema_trend': True, 'ema_trend_fast': 55, 'ema_trend_slow': 274, 'en_sma_trend': True, 'sma_trend_fast': 82, 'sma_trend_slow': 328, 'en_macd': True, 'macd_fast': 16, 'macd_slow': 62, 'macd_signal': 30, 'en_vwap': True, 'en_keltner': False, 'keltner_n': 153, 'keltner_m': 3.7, 'en_obv': True, 'obv_slope': 19, 'en_cci': True, 'cci_n': 143, 'cci_threshold': 65, 'en_rsi': True, 'rsi_n': 94, 'rsi_lower': 3, 'rsi_upper': 91, 'en_stochastic': False, 'stochastic_n': 90, 'stochastic_d': 15, 'stochastic_lower': 40, 'stochastic_upper': 73, 'en_mfi': False, 'mfi_n': 70, 'mfi_lower': 8, 'mfi_upper': 78, 'en_bollinger': True, 'bollinger_n': 97, 'bollinger_k': 4.1, 'en_adx': False, 'adx_n': 79, 'adx_threshold': 28, 'en_structure_trend': True, 'structure_trend_swing_l': 17, 'en_order_block': False, 'order_block_swing_l': 4, 'en_fvg': True, 'fvg_lookback': 6, 'en_ifvg': True, 'en_breaker': False, 'breaker_swing_l': 2, 'en_cisd': True, 'k': 1, 'en_cap_bars': False, 'cap_1min': 971}.
[I 2026-07-13 13:32:26,784] Trial 45 pruned. 
[I 2026-07-13 13:32:27,389] Trial 46 pruned. 
[I 2026-07-13 13:32:28,552] Trial 47 pruned. 
[I 2026-07-13 13:32:30,648] Trial 48 pruned. 
[I 2026-07-13 13:32:32,484] Trial 49 finished with values: [-585.4701292439859, -2246.7368405697925, 26.65] and parameters: {'sl_soft': 7.603950839256122, 'sl_hard_delta': 3.2045896871883492, 'tp': 28.77063293407696, 'gate_pct': 52.631811604471054, 'dd_limit': 2214.5791566812754, 'cooldown': 21, 'flip': True, 'en_ema_trend': True, 'ema_trend_fast': 112, 'ema_trend_slow': 167, 'en_sma_trend': True, 'sma_trend_fast': 285, 'sma_trend_slow': 304, 'en_macd': False, 'macd_fast': 55, 'macd_slow': 108, 'macd_signal': 65, 'en_vwap': False, 'en_keltner': False, 'keltner_n': 84, 'keltner_m': 3.1, 'en_obv': False, 'obv_slope': 143, 'en_cci': False, 'cci_n': 42, 'cci_threshold': 135, 'en_rsi': True, 'rsi_n': 72, 'rsi_lower': 20, 'rsi_upper': 59, 'en_stochastic': False, 'stochastic_n': 100, 'stochastic_d': 6, 'stochastic_lower': 12, 'stochastic_upper': 55, 'en_mfi': False, 'mfi_n': 89, 'mfi_lower': 25, 'mfi_upper': 76, 'en_bollinger': True, 'bollinger_n': 47, 'bollinger_k': 1.4, 'en_adx': False, 'adx_n': 2, 'adx_threshold': 51, 'en_structure_trend': False, 'structure_trend_swing_l': 14, 'en_order_block': False, 'order_block_swing_l': 10, 'en_fvg': True, 'fvg_lookback': 43, 'en_ifvg': True, 'en_breaker': False, 'breaker_swing_l': 17, 'en_cisd': False, 'k': 4, 'en_cap_bars': True, 'cap_1min': 1381}.
[I 2026-07-13 13:32:43,467] Trial 50 finished with values: [1739.5966770613813, -2587.48006898888, 64.6] and parameters: {'sl_soft': 22.55135496065609, 'sl_hard_delta': 16.942037757271223, 'tp': 20.369389268482884, 'gate_pct': 83.55253266864216, 'dd_limit': 1099.804619783285, 'cooldown': 21, 'flip': True, 'en_ema_trend': False, 'ema_trend_fast': 346, 'ema_trend_slow': 218, 'en_sma_trend': False, 'sma_trend_fast': 26, 'sma_trend_slow': 146, 'en_macd': True, 'macd_fast': 65, 'macd_slow': 154, 'macd_signal': 64, 'en_vwap': True, 'en_keltner': False, 'keltner_n': 6, 'keltner_m': 1.8, 'en_obv': True, 'obv_slope': 194, 'en_cci': False, 'cci_n': 125, 'cci_threshold': 85, 'en_rsi': False, 'rsi_n': 76, 'rsi_lower': 43, 'rsi_upper': 76, 'en_stochastic': True, 'stochastic_n': 84, 'stochastic_d': 9, 'stochastic_lower': 2, 'stochastic_upper': 86, 'en_mfi': False, 'mfi_n': 99, 'mfi_lower': 28, 'mfi_upper': 79, 'en_bollinger': True, 'bollinger_n': 14, 'bollinger_k': 2.1, 'en_adx': True, 'adx_n': 11, 'adx_threshold': 8, 'en_structure_trend': True, 'structure_trend_swing_l': 20, 'en_order_block': False, 'order_block_swing_l': 15, 'en_fvg': True, 'fvg_lookback': 1, 'en_ifvg': True, 'en_breaker': False, 'breaker_swing_l': 15, 'en_cisd': False, 'k': 1, 'en_cap_bars': True, 'cap_1min': 399}.
[I 2026-07-13 13:32:43,563] Trial 51 pruned. 
[I 2026-07-13 13:32:44,515] Trial 52 pruned. 
[I 2026-07-13 13:32:49,213] Trial 53 pruned. 
