[I 2026-07-13 13:44:12,171] Trial 324 finished with values: [897.9602963958314, -5100.428261214256, 50.6] and parameters: {'sl_soft': 6.033479501939727, 'sl_hard_delta': 29.231516187737615, 'tp': 12.666513872118841, 'gate_pct': 75.29895741667805, 'dd_limit': 4898.848664308045, 'cooldown': 11, 'flip': False, 'en_ema_trend': False, 'ema_trend_fast': 41, 'ema_trend_slow': 346, 'en_sma_trend': False, 'sma_trend_fast': 162, 'sma_trend_slow': 222, 'en_macd': True, 'macd_fast': 70, 'macd_slow': 198, 'macd_signal': 41, 'en_vwap': False, 'en_keltner': False, 'keltner_n': 3, 'keltner_m': 3.4000000000000004, 'en_obv': True, 'obv_slope': 38, 'en_cci': True, 'cci_n': 8, 'cci_threshold': 30, 'en_rsi': True, 'rsi_n': 55, 'rsi_lower': 42, 'rsi_upper': 61, 'en_stochastic': False, 'stochastic_n': 9, 'stochastic_d': 50, 'stochastic_lower': 40, 'stochastic_upper': 60, 'en_mfi': True, 'mfi_n': 88, 'mfi_lower': 17, 'mfi_upper': 88, 'en_bollinger': True, 'bollinger_n': 127, 'bollinger_k': 3.0, 'en_adx': False, 'adx_n': 77, 'adx_threshold': 34, 'en_structure_trend': True, 'structure_trend_swing_l': 14, 'en_order_block': False, 'order_block_swing_l': 19, 'en_fvg': False, 'fvg_lookback': 20, 'en_ifvg': False, 'en_breaker': False, 'breaker_swing_l': 20, 'en_cisd': True, 'k': 4, 'en_cap_bars': True, 'cap_1min': 1113}.
[I 2026-07-13 13:44:12,640] Trial 325 pruned. 
[I 2026-07-13 13:44:17,414] Trial 326 finished with values: [602.1047944021848, -2342.3610911289143, 45.8] and parameters: {'sl_soft': 6.033479501939727, 'sl_hard_delta': 20.820739768333677, 'tp': 13.986164713829165, 'gate_pct': 75.29895741667805, 'dd_limit': 1726.2517714230858, 'cooldown': 11, 'flip': False, 'en_ema_trend': True, 'ema_trend_fast': 33, 'ema_trend_slow': 150, 'en_sma_trend': True, 'sma_trend_fast': 275, 'sma_trend_slow': 339, 'en_macd': True, 'macd_fast': 31, 'macd_slow': 193, 'macd_signal': 27, 'en_vwap': False, 'en_keltner': False, 'keltner_n': 129, 'keltner_m': 0.9, 'en_obv': False, 'obv_slope': 38, 'en_cci': False, 'cci_n': 12, 'cci_threshold': 180, 'en_rsi': True, 'rsi_n': 67, 'rsi_lower': 3, 'rsi_upper': 61, 'en_stochastic': True, 'stochastic_n': 9, 'stochastic_d': 10, 'stochastic_lower': 40, 'stochastic_upper': 86, 'en_mfi': True, 'mfi_n': 95, 'mfi_lower': 17, 'mfi_upper': 93, 'en_bollinger': False, 'bollinger_n': 62, 'bollinger_k': 3.0, 'en_adx': False, 'adx_n': 68, 'adx_threshold': 32, 'en_structure_trend': False, 'structure_trend_swing_l': 15, 'en_order_block': False, 'order_block_swing_l': 1, 'en_fvg': False, 'fvg_lookback': 20, 'en_ifvg': True, 'en_breaker': False, 'breaker_swing_l': 5, 'en_cisd': True, 'k': 4, 'en_cap_bars': False, 'cap_1min': 1119}.
[I 2026-07-13 13:44:19,667] Trial 327 finished with values: [-35.4556145544484, -3457.662344437267, 54.15] and parameters: {'sl_soft': 18.340408262908845, 'sl_hard_delta': 5.50337271615407, 'tp': 17.865227897426596, 'gate_pct': 57.542705711187445, 'dd_limit': 178.16258005696582, 'cooldown': 7, 'flip': False, 'en_ema_trend': True, 'ema_trend_fast': 55, 'ema_trend_slow': 274, 'en_sma_trend': True, 'sma_trend_fast': 82, 'sma_trend_slow': 6, 'en_macd': True, 'macd_fast': 60, 'macd_slow': 18, 'macd_signal': 30, 'en_vwap': True, 'en_keltner': False, 'keltner_n': 153, 'keltner_m': 4.8, 'en_obv': True, 'obv_slope': 17, 'en_cci': True, 'cci_n': 143, 'cci_threshold': 65, 'en_rsi': True, 'rsi_n': 55, 'rsi_lower': 3, 'rsi_upper': 91, 'en_stochastic': False, 'stochastic_n': 90, 'stochastic_d': 47, 'stochastic_lower': 38, 'stochastic_upper': 73, 'en_mfi': False, 'mfi_n': 70, 'mfi_lower': 42, 'mfi_upper': 98, 'en_bollinger': True, 'bollinger_n': 130, 'bollinger_k': 4.1, 'en_adx': False, 'adx_n': 15, 'adx_threshold': 40, 'en_structure_trend': True, 'structure_trend_swing_l': 13, 'en_order_block': True, 'order_block_swing_l': 2, 'en_fvg': True, 'fvg_lookback': 37, 'en_ifvg': False, 'en_breaker': False, 'breaker_swing_l': 2, 'en_cisd': False, 'k': 1, 'en_cap_bars': False, 'cap_1min': 589}.
[I 2026-07-13 13:44:20,624] Trial 328 finished with values: [102.45300655908068, -1303.2906394531165, 65.0] and parameters: {'sl_soft': 14.217697673134305, 'sl_hard_delta': 13.983127786661948, 'tp': 15.987118946937642, 'gate_pct': 52.70817803787374, 'dd_limit': 402.55741416572397, 'cooldown': 6, 'flip': True, 'en_ema_trend': True, 'ema_trend_fast': 230, 'ema_trend_slow': 20, 'en_sma_trend': False, 'sma_trend_fast': 298, 'sma_trend_slow': 169, 'en_macd': True, 'macd_fast': 91, 'macd_slow': 198, 'macd_signal': 81, 'en_vwap': True, 'en_keltner': True, 'keltner_n': 62, 'keltner_m': 3.3000000000000003, 'en_obv': False, 'obv_slope': 24, 'en_cci': True, 'cci_n': 37, 'cci_threshold': 90, 'en_rsi': False, 'rsi_n': 55, 'rsi_lower': 42, 'rsi_upper': 64, 'en_stochastic': True, 'stochastic_n': 63, 'stochastic_d': 44, 'stochastic_lower': 7, 'stochastic_upper': 72, 'en_mfi': True, 'mfi_n': 88, 'mfi_lower': 31, 'mfi_upper': 88, 'en_bollinger': True, 'bollinger_n': 127, 'bollinger_k': 1.2000000000000002, 'en_adx': False, 'adx_n': 7, 'adx_threshold': 35, 'en_structure_trend': True, 'structure_trend_swing_l': 14, 'en_order_block': False, 'order_block_swing_l': 2, 'en_fvg': False, 'fvg_lookback': 29, 'en_ifvg': True, 'en_breaker': False, 'breaker_swing_l': 13, 'en_cisd': True, 'k': 2, 'en_cap_bars': False, 'cap_1min': 1113}.
[I 2026-07-13 13:44:21,544] Trial 329 finished with values: [-248.2667652379314, -4348.336966616334, 57.900000000000006] and parameters: {'sl_soft': 16.114590850050682, 'sl_hard_delta': 29.433390779934655, 'tp': 13.298595972433171, 'gate_pct': 22.926972502704224, 'dd_limit': 3706.8765841622826, 'cooldown': 26, 'flip': False, 'en_ema_trend': True, 'ema_trend_fast': 272, 'ema_trend_slow': 212, 'en_sma_trend': False, 'sma_trend_fast': 285, 'sma_trend_slow': 304, 'en_macd': False, 'macd_fast': 37, 'macd_slow': 179, 'macd_signal': 100, 'en_vwap': False, 'en_keltner': True, 'keltner_n': 84, 'keltner_m': 3.3000000000000003, 'en_obv': True, 'obv_slope': 161, 'en_cci': False, 'cci_n': 42, 'cci_threshold': 135, 'en_rsi': False, 'rsi_n': 84, 'rsi_lower': 20, 'rsi_upper': 59, 'en_stochastic': False, 'stochastic_n': 100, 'stochastic_d': 6, 'stochastic_lower': 12, 'stochastic_upper': 62, 'en_mfi': False, 'mfi_n': 94, 'mfi_lower': 25, 'mfi_upper': 98, 'en_bollinger': True, 'bollinger_n': 56, 'bollinger_k': 2.7, 'en_adx': False, 'adx_n': 2, 'adx_threshold': 14, 'en_structure_trend': False, 'structure_trend_swing_l': 1, 'en_order_block': False, 'order_block_swing_l': 10, 'en_fvg': True, 'fvg_lookback': 34, 'en_ifvg': False, 'en_breaker': False, 'breaker_swing_l': 18, 'en_cisd': True, 'k': 1, 'en_cap_bars': False, 'cap_1min': 784}.
[I 2026-07-13 13:44:26,303] Trial 330 finished with values: [127.5, -2320.0, 45.0] and parameters: {'sl_soft': 21.53833621273484, 'sl_hard_delta': 20.008276295819254, 'tp': 23.99269298666304, 'gate_pct': 47.67526199665095, 'dd_limit': 4898.848664308045, 'cooldown': 1, 'flip': True, 'en_ema_trend': False, 'ema_trend_fast': 41, 'ema_trend_slow': 346, 'en_sma_trend': False, 'sma_trend_fast': 7, 'sma_trend_slow': 384, 'en_macd': True, 'macd_fast': 44, 'macd_slow': 79, 'macd_signal': 41, 'en_vwap': False, 'en_keltner': False, 'keltner_n': 133, 'keltner_m': 2.2, 'en_obv': True, 'obv_slope': 160, 'en_cci': False, 'cci_n': 132, 'cci_threshold': 295, 'en_rsi': True, 'rsi_n': 29, 'rsi_lower': 20, 'rsi_upper': 75, 'en_stochastic': True, 'stochastic_n': 8, 'stochastic_d': 18, 'stochastic_lower': 36, 'stochastic_upper': 88, 'en_mfi': False, 'mfi_n': 90, 'mfi_lower': 17, 'mfi_upper': 61, 'en_bollinger': True, 'bollinger_n': 182, 'bollinger_k': 2.2, 'en_adx': False, 'adx_n': 71, 'adx_threshold': 34, 'en_structure_trend': True, 'structure_trend_swing_l': 5, 'en_order_block': False, 'order_block_swing_l': 19, 'en_fvg': False, 'fvg_lookback': 42, 'en_ifvg': True, 'en_breaker': True, 'breaker_swing_l': 7, 'en_cisd': False, 'k': 1, 'en_cap_bars': True, 'cap_1min': 3}.
[I 2026-07-13 13:44:27,269] Trial 331 finished with values: [2844.7675038219313, -3025.0253420105582, 57.15] and parameters: {'sl_soft': 13.415900955176113, 'sl_hard_delta': 20.008276295819254, 'tp': 19.961455075232546, 'gate_pct': 52.57115913414096, 'dd_limit': 3292.8402077918095, 'cooldown': 1, 'flip': False, 'en_ema_trend': False, 'ema_trend_fast': 188, 'ema_trend_slow': 359, 'en_sma_trend': True, 'sma_trend_fast': 167, 'sma_trend_slow': 275, 'en_macd': False, 'macd_fast': 81, 'macd_slow': 63, 'macd_signal': 2, 'en_vwap': False, 'en_keltner': False, 'keltner_n': 200, 'keltner_m': 2.2, 'en_obv': False, 'obv_slope': 89, 'en_cci': False, 'cci_n': 93, 'cci_threshold': 30, 'en_rsi': True, 'rsi_n': 21, 'rsi_lower': 6, 'rsi_upper': 75, 'en_stochastic': True, 'stochastic_n': 85, 'stochastic_d': 18, 'stochastic_lower': 4, 'stochastic_upper': 71, 'en_mfi': False, 'mfi_n': 90, 'mfi_lower': 47, 'mfi_upper': 93, 'en_bollinger': False, 'bollinger_n': 182, 'bollinger_k': 2.2, 'en_adx': False, 'adx_n': 91, 'adx_threshold': 50, 'en_structure_trend': False, 'structure_trend_swing_l': 5, 'en_order_block': True, 'order_block_swing_l': 19, 'en_fvg': False, 'fvg_lookback': 31, 'en_ifvg': True, 'en_breaker': True, 'breaker_swing_l': 7, 'en_cisd': False, 'k': 1, 'en_cap_bars': True, 'cap_1min': 1249}.
[I 2026-07-13 13:44:27,468] Trial 332 pruned. 
[I 2026-07-13 13:44:28,436] Trial 333 finished with values: [-1218.5140365619736, -2901.043472702586, 42.35] and parameters: {'sl_soft': 13.238695178247545, 'sl_hard_delta': 11.157690342128186, 'tp': 17.865227897426596, 'gate_pct': 57.542705711187445, 'dd_limit': 1391.824893112215, 'cooldown': 19, 'flip': False, 'en_ema_trend': True, 'ema_trend_fast': 373, 'ema_trend_slow': 251, 'en_sma_trend': True, 'sma_trend_fast': 212, 'sma_trend_slow': 302, 'en_macd': True, 'macd_fast': 66, 'macd_slow': 62, 'macd_signal': 30, 'en_vwap': True, 'en_keltner': False, 'keltner_n': 153, 'keltner_m': 0.8, 'en_obv': False, 'obv_slope': 19, 'en_cci': False, 'cci_n': 176, 'cci_threshold': 25, 'en_rsi': False, 'rsi_n': 65, 'rsi_lower': 3, 'rsi_upper': 64, 'en_stochastic': False, 'stochastic_n': 90, 'stochastic_d': 15, 'stochastic_lower': 22, 'stochastic_upper': 98, 'en_mfi': False, 'mfi_n': 70, 'mfi_lower': 27, 'mfi_upper': 94, 'en_bollinger': False, 'bollinger_n': 40, 'bollinger_k': 4.1, 'en_adx': False, 'adx_n': 79, 'adx_threshold': 28, 'en_structure_trend': True, 'structure_trend_swing_l': 17, 'en_order_block': True, 'order_block_swing_l': 8, 'en_fvg': True, 'fvg_lookback': 28, 'en_ifvg': True, 'en_breaker': False, 'breaker_swing_l': 3, 'en_cisd': True, 'k': 1, 'en_cap_bars': False, 'cap_1min': 1379}.
[I 2026-07-13 13:44:29,923] Trial 334 finished with values: [261.26912024919875, -2186.022981867136, 57.45] and parameters: {'sl_soft': 21.53833621273484, 'sl_hard_delta': 19.332444654774786, 'tp': 23.99269298666304, 'gate_pct': 29.897602569804548, 'dd_limit': 1947.6863601704115, 'cooldown': 26, 'flip': True, 'en_ema_trend': False, 'ema_trend_fast': 323, 'ema_trend_slow': 346, 'en_sma_trend': False, 'sma_trend_fast': 7, 'sma_trend_slow': 384, 'en_macd': True, 'macd_fast': 46, 'macd_slow': 79, 'macd_signal': 58, 'en_vwap': False, 'en_keltner': True, 'keltner_n': 25, 'keltner_m': 2.9000000000000004, 'en_obv': True, 'obv_slope': 52, 'en_cci': False, 'cci_n': 135, 'cci_threshold': 30, 'en_rsi': True, 'rsi_n': 88, 'rsi_lower': 20, 'rsi_upper': 52, 'en_stochastic': False, 'stochastic_n': 57, 'stochastic_d': 7, 'stochastic_lower': 36, 'stochastic_upper': 88, 'en_mfi': True, 'mfi_n': 26, 'mfi_lower': 25, 'mfi_upper': 54, 'en_bollinger': True, 'bollinger_n': 68, 'bollinger_k': 4.8, 'en_adx': False, 'adx_n': 75, 'adx_threshold': 34, 'en_structure_trend': False, 'structure_trend_swing_l': 19, 'en_order_block': True, 'order_block_swing_l': 7, 'en_fvg': False, 'fvg_lookback': 42, 'en_ifvg': True, 'en_breaker': False, 'breaker_swing_l': 20, 'en_cisd': False, 'k': 1, 'en_cap_bars': False, 'cap_1min': 1181}.
[I 2026-07-13 13:44:30,936] Trial 335 finished with values: [-106.93330062116729, -5736.651537361031, 34.7] and parameters: {'sl_soft': 5.7321946386008324, 'sl_hard_delta': 11.157690342128186, 'tp': 23.99269298666304, 'gate_pct': 52.70817803787374, 'dd_limit': 4898.848664308045, 'cooldown': 7, 'flip': True, 'en_ema_trend': False, 'ema_trend_fast': 55, 'ema_trend_slow': 346, 'en_sma_trend': False, 'sma_trend_fast': 82, 'sma_trend_slow': 258, 'en_macd': True, 'macd_fast': 91, 'macd_slow': 63, 'macd_signal': 41, 'en_vwap': False, 'en_keltner': False, 'keltner_n': 62, 'keltner_m': 4.0, 'en_obv': True, 'obv_slope': 160, 'en_cci': True, 'cci_n': 33, 'cci_threshold': 30, 'en_rsi': False, 'rsi_n': 55, 'rsi_lower': 20, 'rsi_upper': 72, 'en_stochastic': False, 'stochastic_n': 88, 'stochastic_d': 15, 'stochastic_lower': 40, 'stochastic_upper': 64, 'en_mfi': False, 'mfi_n': 70, 'mfi_lower': 17, 'mfi_upper': 65, 'en_bollinger': False, 'bollinger_n': 182, 'bollinger_k': 4.1, 'en_adx': False, 'adx_n': 79, 'adx_threshold': 28, 'en_structure_trend': True, 'structure_trend_swing_l': 14, 'en_order_block': False, 'order_block_swing_l': 19, 'en_fvg': True, 'fvg_lookback': 42, 'en_ifvg': True, 'en_breaker': False, 'breaker_swing_l': 2, 'en_cisd': False, 'k': 1, 'en_cap_bars': False, 'cap_1min': 3}.
[I 2026-07-13 13:44:31,489] Trial 336 pruned. 
[I 2026-07-13 13:44:33,896] Trial 337 pruned. 
[I 2026-07-13 13:44:34,413] Trial 338 pruned. 
[I 2026-07-13 13:44:34,710] Trial 339 finished with values: [901.2731185824305, -3502.33803749652, 46.7] and parameters: {'sl_soft': 13.415900955176113, 'sl_hard_delta': 20.008276295819254, 'tp': 19.961455075232546, 'gate_pct': 52.57115913414096, 'dd_limit': 3292.8402077918095, 'cooldown': 5, 'flip': False, 'en_ema_trend': False, 'ema_trend_fast': 188, 'ema_trend_slow': 359, 'en_sma_trend': True, 'sma_trend_fast': 167, 'sma_trend_slow': 275, 'en_macd': False, 'macd_fast': 81, 'macd_slow': 194, 'macd_signal': 2, 'en_vwap': False, 'en_keltner': False, 'keltner_n': 200, 'keltner_m': 2.2, 'en_obv': False, 'obv_slope': 89, 'en_cci': False, 'cci_n': 93, 'cci_threshold': 165, 'en_rsi': False, 'rsi_n': 21, 'rsi_lower': 6, 'rsi_upper': 75, 'en_stochastic': True, 'stochastic_n': 85, 'stochastic_d': 18, 'stochastic_lower': 4, 'stochastic_upper': 71, 'en_mfi': False, 'mfi_n': 90, 'mfi_lower': 47, 'mfi_upper': 93, 'en_bollinger': False, 'bollinger_n': 137, 'bollinger_k': 2.2, 'en_adx': False, 'adx_n': 91, 'adx_threshold': 50, 'en_structure_trend': False, 'structure_trend_swing_l': 5, 'en_order_block': True, 'order_block_swing_l': 19, 'en_fvg': False, 'fvg_lookback': 31, 'en_ifvg': True, 'en_breaker': True, 'breaker_swing_l': 7, 'en_cisd': False, 'k': 1, 'en_cap_bars': True, 'cap_1min': 1249}.
[I 2026-07-13 13:44:35,967] Trial 340 finished with values: [1145.5372010137216, -3070.9040953903605, 56.25] and parameters: {'sl_soft': 16.320148693460837, 'sl_hard_delta': 20.820739768333677, 'tp': 17.865227897426596, 'gate_pct': 52.70817803787374, 'dd_limit': 1726.2517714230858, 'cooldown': 7, 'flip': False, 'en_ema_trend': True, 'ema_trend_fast': 55, 'ema_trend_slow': 150, 'en_sma_trend': True, 'sma_trend_fast': 275, 'sma_trend_slow': 169, 'en_macd': True, 'macd_fast': 31, 'macd_slow': 62, 'macd_signal': 60, 'en_vwap': False, 'en_keltner': False, 'keltner_n': 129, 'keltner_m': 0.9, 'en_obv': True, 'obv_slope': 141, 'en_cci': False, 'cci_n': 143, 'cci_threshold': 65, 'en_rsi': False, 'rsi_n': 55, 'rsi_lower': 3, 'rsi_upper': 81, 'en_stochastic': False, 'stochastic_n': 63, 'stochastic_d': 29, 'stochastic_lower': 27, 'stochastic_upper': 86, 'en_mfi': False, 'mfi_n': 70, 'mfi_lower': 31, 'mfi_upper': 62, 'en_bollinger': False, 'bollinger_n': 62, 'bollinger_k': 3.8000000000000003, 'en_adx': False, 'adx_n': 79, 'adx_threshold': 28, 'en_structure_trend': False, 'structure_trend_swing_l': 15, 'en_order_block': False, 'order_block_swing_l': 2, 'en_fvg': False, 'fvg_lookback': 25, 'en_ifvg': True, 'en_breaker': False, 'breaker_swing_l': 2, 'en_cisd': True, 'k': 1, 'en_cap_bars': True, 'cap_1min': 1113}.
[I 2026-07-13 13:44:37,061] Trial 341 finished with values: [770.4895724238668, -1453.2312812797318, 63.0] and parameters: {'sl_soft': 16.114590850050682, 'sl_hard_delta': 10.341191181941891, 'tp': 13.298595972433171, 'gate_pct': 22.926972502704224, 'dd_limit': 3706.8765841622826, 'cooldown': 1, 'flip': False, 'en_ema_trend': False, 'ema_trend_fast': 41, 'ema_trend_slow': 346, 'en_sma_trend': False, 'sma_trend_fast': 285, 'sma_trend_slow': 228, 'en_macd': False, 'macd_fast': 37, 'macd_slow': 179, 'macd_signal': 100, 'en_vwap': False, 'en_keltner': True, 'keltner_n': 84, 'keltner_m': 3.3000000000000003, 'en_obv': True, 'obv_slope': 97, 'en_cci': True, 'cci_n': 109, 'cci_threshold': 135, 'en_rsi': True, 'rsi_n': 84, 'rsi_lower': 6, 'rsi_upper': 59, 'en_stochastic': False, 'stochastic_n': 24, 'stochastic_d': 6, 'stochastic_lower': 4, 'stochastic_upper': 62, 'en_mfi': False, 'mfi_n': 90, 'mfi_lower': 25, 'mfi_upper': 85, 'en_bollinger': False, 'bollinger_n': 56, 'bollinger_k': 2.7, 'en_adx': False, 'adx_n': 2, 'adx_threshold': 34, 'en_structure_trend': False, 'structure_trend_swing_l': 5, 'en_order_block': False, 'order_block_swing_l': 19, 'en_fvg': True, 'fvg_lookback': 34, 'en_ifvg': False, 'en_breaker': False, 'breaker_swing_l': 16, 'en_cisd': False, 'k': 1, 'en_cap_bars': False, 'cap_1min': 784}.
[I 2026-07-13 13:44:38,042] Trial 342 finished with values: [4204.479798751272, -2198.7512391625205, 62.05] and parameters: {'sl_soft': 18.340408262908845, 'sl_hard_delta': 5.50337271615407, 'tp': 25.724761594028553, 'gate_pct': 42.37120833684469, 'dd_limit': 1821.4925784082714, 'cooldown': 17, 'flip': False, 'en_ema_trend': False, 'ema_trend_fast': 373, 'ema_trend_slow': 251, 'en_sma_trend': True, 'sma_trend_fast': 88, 'sma_trend_slow': 302, 'en_macd': False, 'macd_fast': 31, 'macd_slow': 18, 'macd_signal': 75, 'en_vwap': False, 'en_keltner': False, 'keltner_n': 129, 'keltner_m': 0.8, 'en_obv': False, 'obv_slope': 141, 'en_cci': True, 'cci_n': 12, 'cci_threshold': 250, 'en_rsi': True, 'rsi_n': 55, 'rsi_lower': 19, 'rsi_upper': 72, 'en_stochastic': False, 'stochastic_n': 61, 'stochastic_d': 29, 'stochastic_lower': 40, 'stochastic_upper': 86, 'en_mfi': False, 'mfi_n': 70, 'mfi_lower': 17, 'mfi_upper': 98, 'en_bollinger': False, 'bollinger_n': 130, 'bollinger_k': 3.8000000000000003, 'en_adx': False, 'adx_n': 68, 'adx_threshold': 39, 'en_structure_trend': False, 'structure_trend_swing_l': 13, 'en_order_block': False, 'order_block_swing_l': 8, 'en_fvg': False, 'fvg_lookback': 37, 'en_ifvg': True, 'en_breaker': True, 'breaker_swing_l': 4, 'en_cisd': True, 'k': 1, 'en_cap_bars': True, 'cap_1min': 126}.
[I 2026-07-13 13:44:42,769] Trial 343 finished with values: [-55.24629413292132, -3328.852875016528, 57.05] and parameters: {'sl_soft': 14.217697673134305, 'sl_hard_delta': 13.983127786661948, 'tp': 15.987118946937642, 'gate_pct': 52.70817803787374, 'dd_limit': 3292.8402077918095, 'cooldown': 6, 'flip': True, 'en_ema_trend': True, 'ema_trend_fast': 230, 'ema_trend_slow': 359, 'en_sma_trend': False, 'sma_trend_fast': 298, 'sma_trend_slow': 275, 'en_macd': True, 'macd_fast': 81, 'macd_slow': 194, 'macd_signal': 81, 'en_vwap': False, 'en_keltner': False, 'keltner_n': 62, 'keltner_m': 1.3, 'en_obv': False, 'obv_slope': 89, 'en_cci': False, 'cci_n': 93, 'cci_threshold': 165, 'en_rsi': False, 'rsi_n': 21, 'rsi_lower': 42, 'rsi_upper': 72, 'en_stochastic': True, 'stochastic_n': 85, 'stochastic_d': 44, 'stochastic_lower': 7, 'stochastic_upper': 71, 'en_mfi': False, 'mfi_n': 82, 'mfi_lower': 47, 'mfi_upper': 88, 'en_bollinger': True, 'bollinger_n': 137, 'bollinger_k': 1.2000000000000002, 'en_adx': False, 'adx_n': 7, 'adx_threshold': 50, 'en_structure_trend': True, 'structure_trend_swing_l': 14, 'en_order_block': True, 'order_block_swing_l': 10, 'en_fvg': False, 'fvg_lookback': 31, 'en_ifvg': True, 'en_breaker': True, 'breaker_swing_l': 13, 'en_cisd': True, 'k': 2, 'en_cap_bars': False, 'cap_1min': 1249}.
[I 2026-07-13 13:44:42,887] Trial 344 pruned. 
[I 2026-07-13 13:44:47,626] Trial 345 finished with values: [-687.5271261720627, -5741.974676858372, 51.3] and parameters: {'sl_soft': 19.42710104311899, 'sl_hard_delta': 22.63866675924395, 'tp': 25.724761594028553, 'gate_pct': 95.28097951734324, 'dd_limit': 2784.160035654114, 'cooldown': 19, 'flip': True, 'en_ema_trend': True, 'ema_trend_fast': 373, 'ema_trend_slow': 226, 'en_sma_trend': True, 'sma_trend_fast': 145, 'sma_trend_slow': 400, 'en_macd': False, 'macd_fast': 20, 'macd_slow': 171, 'macd_signal': 11, 'en_vwap': True, 'en_keltner': False, 'keltner_n': 13, 'keltner_m': 0.8, 'en_obv': True, 'obv_slope': 109, 'en_cci': True, 'cci_n': 72, 'cci_threshold': 25, 'en_rsi': True, 'rsi_n': 65, 'rsi_lower': 11, 'rsi_upper': 68, 'en_stochastic': True, 'stochastic_n': 44, 'stochastic_d': 34, 'stochastic_lower': 22, 'stochastic_upper': 98, 'en_mfi': False, 'mfi_n': 66, 'mfi_lower': 13, 'mfi_upper': 71, 'en_bollinger': True, 'bollinger_n': 100, 'bollinger_k': 2.2, 'en_adx': False, 'adx_n': 64, 'adx_threshold': 18, 'en_structure_trend': True, 'structure_trend_swing_l': 15, 'en_order_block': False, 'order_block_swing_l': 6, 'en_fvg': False, 'fvg_lookback': 28, 'en_ifvg': True, 'en_breaker': True, 'breaker_swing_l': 3, 'en_cisd': True, 'k': 2, 'en_cap_bars': False, 'cap_1min': 392}.
