[I 2026-07-13 14:01:15,369] Trial 896 finished with values: [1136.0919461422964, -1399.0280805513612, 82.85] and parameters: {'sl_soft': 18.340408262908845, 'sl_hard_delta': 20.008276295819254, 'tp': 13.298595972433171, 'gate_pct': 30.375843415186864, 'dd_limit': 2608.2965670663593, 'cooldown': 19, 'flip': False, 'en_ema_trend': False, 'ema_trend_fast': 188, 'ema_trend_slow': 346, 'en_sma_trend': True, 'sma_trend_fast': 212, 'sma_trend_slow': 302, 'en_macd': True, 'macd_fast': 91, 'macd_slow': 198, 'macd_signal': 75, 'en_vwap': True, 'en_keltner': False, 'keltner_n': 62, 'keltner_m': 2.2, 'en_obv': False, 'obv_slope': 109, 'en_cci': True, 'cci_n': 37, 'cci_threshold': 30, 'en_rsi': False, 'rsi_n': 21, 'rsi_lower': 19, 'rsi_upper': 72, 'en_stochastic': False, 'stochastic_n': 57, 'stochastic_d': 34, 'stochastic_lower': 4, 'stochastic_upper': 98, 'en_mfi': False, 'mfi_n': 90, 'mfi_lower': 35, 'mfi_upper': 94, 'en_bollinger': True, 'bollinger_n': 163, 'bollinger_k': 2.2, 'en_adx': False, 'adx_n': 39, 'adx_threshold': 50, 'en_structure_trend': False, 'structure_trend_swing_l': 15, 'en_order_block': True, 'order_block_swing_l': 8, 'en_fvg': False, 'fvg_lookback': 31, 'en_ifvg': True, 'en_breaker': True, 'breaker_swing_l': 3, 'en_cisd': True, 'k': 2, 'en_cap_bars': False, 'cap_1min': 1113}.
[I 2026-07-13 14:01:15,750] Trial 897 pruned. 
[I 2026-07-13 14:01:16,048] Trial 898 finished with values: [1522.5377902001492, -887.2516056646418, 82.0] and parameters: {'sl_soft': 18.340408262908845, 'sl_hard_delta': 5.272172020324857, 'tp': 13.298595972433171, 'gate_pct': 30.375843415186864, 'dd_limit': 2608.2965670663593, 'cooldown': 19, 'flip': False, 'en_ema_trend': True, 'ema_trend_fast': 41, 'ema_trend_slow': 346, 'en_sma_trend': True, 'sma_trend_fast': 212, 'sma_trend_slow': 169, 'en_macd': True, 'macd_fast': 91, 'macd_slow': 198, 'macd_signal': 75, 'en_vwap': True, 'en_keltner': False, 'keltner_n': 62, 'keltner_m': 4.0, 'en_obv': True, 'obv_slope': 49, 'en_cci': True, 'cci_n': 37, 'cci_threshold': 30, 'en_rsi': True, 'rsi_n': 21, 'rsi_lower': 42, 'rsi_upper': 64, 'en_stochastic': False, 'stochastic_n': 57, 'stochastic_d': 9, 'stochastic_lower': 22, 'stochastic_upper': 62, 'en_mfi': True, 'mfi_n': 97, 'mfi_lower': 27, 'mfi_upper': 94, 'en_bollinger': True, 'bollinger_n': 127, 'bollinger_k': 3.3000000000000003, 'en_adx': False, 'adx_n': 7, 'adx_threshold': 50, 'en_structure_trend': False, 'structure_trend_swing_l': 15, 'en_order_block': True, 'order_block_swing_l': 8, 'en_fvg': False, 'fvg_lookback': 31, 'en_ifvg': True, 'en_breaker': False, 'breaker_swing_l': 3, 'en_cisd': True, 'k': 2, 'en_cap_bars': False, 'cap_1min': 1113}.
[I 2026-07-13 14:01:17,389] Trial 899 finished with values: [867.1233236747503, -758.4908490456291, 66.25] and parameters: {'sl_soft': 13.238695178247545, 'sl_hard_delta': 5.272172020324857, 'tp': 13.298595972433171, 'gate_pct': 30.375843415186864, 'dd_limit': 2608.2965670663593, 'cooldown': 19, 'flip': False, 'en_ema_trend': True, 'ema_trend_fast': 373, 'ema_trend_slow': 346, 'en_sma_trend': True, 'sma_trend_fast': 212, 'sma_trend_slow': 302, 'en_macd': True, 'macd_fast': 83, 'macd_slow': 76, 'macd_signal': 31, 'en_vwap': True, 'en_keltner': False, 'keltner_n': 80, 'keltner_m': 4.0, 'en_obv': True, 'obv_slope': 109, 'en_cci': True, 'cci_n': 37, 'cci_threshold': 30, 'en_rsi': True, 'rsi_n': 65, 'rsi_lower': 19, 'rsi_upper': 64, 'en_stochastic': True, 'stochastic_n': 57, 'stochastic_d': 9, 'stochastic_lower': 3, 'stochastic_upper': 98, 'en_mfi': False, 'mfi_n': 97, 'mfi_lower': 27, 'mfi_upper': 94, 'en_bollinger': False, 'bollinger_n': 127, 'bollinger_k': 2.2, 'en_adx': False, 'adx_n': 64, 'adx_threshold': 35, 'en_structure_trend': False, 'structure_trend_swing_l': 15, 'en_order_block': True, 'order_block_swing_l': 8, 'en_fvg': False, 'fvg_lookback': 31, 'en_ifvg': True, 'en_breaker': False, 'breaker_swing_l': 13, 'en_cisd': True, 'k': 2, 'en_cap_bars': False, 'cap_1min': 1113}.
[I 2026-07-13 14:01:17,725] Trial 900 finished with values: [3338.6041299446515, -1789.5815004430915, 69.2] and parameters: {'sl_soft': 18.340408262908845, 'sl_hard_delta': 22.63866675924395, 'tp': 25.724761594028553, 'gate_pct': 30.375843415186864, 'dd_limit': 2608.2965670663593, 'cooldown': 5, 'flip': False, 'en_ema_trend': True, 'ema_trend_fast': 41, 'ema_trend_slow': 251, 'en_sma_trend': True, 'sma_trend_fast': 212, 'sma_trend_slow': 302, 'en_macd': True, 'macd_fast': 31, 'macd_slow': 18, 'macd_signal': 75, 'en_vwap': False, 'en_keltner': True, 'keltner_n': 119, 'keltner_m': 0.8, 'en_obv': True, 'obv_slope': 109, 'en_cci': False, 'cci_n': 93, 'cci_threshold': 25, 'en_rsi': True, 'rsi_n': 21, 'rsi_lower': 19, 'rsi_upper': 64, 'en_stochastic': False, 'stochastic_n': 57, 'stochastic_d': 29, 'stochastic_lower': 3, 'stochastic_upper': 86, 'en_mfi': False, 'mfi_n': 66, 'mfi_lower': 27, 'mfi_upper': 94, 'en_bollinger': False, 'bollinger_n': 130, 'bollinger_k': 3.3000000000000003, 'en_adx': False, 'adx_n': 91, 'adx_threshold': 39, 'en_structure_trend': False, 'structure_trend_swing_l': 15, 'en_order_block': True, 'order_block_swing_l': 8, 'en_fvg': False, 'fvg_lookback': 28, 'en_ifvg': True, 'en_breaker': True, 'breaker_swing_l': 3, 'en_cisd': False, 'k': 2, 'en_cap_bars': False, 'cap_1min': 126}.
[I 2026-07-13 14:01:18,146] Trial 901 finished with values: [2279.225412468222, -937.2516056646418, 69.7] and parameters: {'sl_soft': 18.340408262908845, 'sl_hard_delta': 5.272172020324857, 'tp': 23.99269298666304, 'gate_pct': 30.375843415186864, 'dd_limit': 2608.2965670663593, 'cooldown': 19, 'flip': False, 'en_ema_trend': True, 'ema_trend_fast': 41, 'ema_trend_slow': 346, 'en_sma_trend': True, 'sma_trend_fast': 212, 'sma_trend_slow': 169, 'en_macd': True, 'macd_fast': 91, 'macd_slow': 198, 'macd_signal': 31, 'en_vwap': True, 'en_keltner': True, 'keltner_n': 62, 'keltner_m': 0.8, 'en_obv': False, 'obv_slope': 109, 'en_cci': False, 'cci_n': 37, 'cci_threshold': 25, 'en_rsi': False, 'rsi_n': 55, 'rsi_lower': 6, 'rsi_upper': 64, 'en_stochastic': True, 'stochastic_n': 57, 'stochastic_d': 34, 'stochastic_lower': 22, 'stochastic_upper': 98, 'en_mfi': True, 'mfi_n': 97, 'mfi_lower': 47, 'mfi_upper': 94, 'en_bollinger': True, 'bollinger_n': 127, 'bollinger_k': 2.2, 'en_adx': False, 'adx_n': 64, 'adx_threshold': 39, 'en_structure_trend': False, 'structure_trend_swing_l': 15, 'en_order_block': True, 'order_block_swing_l': 8, 'en_fvg': False, 'fvg_lookback': 31, 'en_ifvg': True, 'en_breaker': False, 'breaker_swing_l': 13, 'en_cisd': True, 'k': 2, 'en_cap_bars': False, 'cap_1min': 1379}.
[I 2026-07-13 14:01:19,820] Trial 902 finished with values: [1397.2512967092189, -999.2646406903077, 95.85] and parameters: {'sl_soft': 18.340408262908845, 'sl_hard_delta': 22.63866675924395, 'tp': 5.791289843497957, 'gate_pct': 30.375843415186864, 'dd_limit': 2608.2965670663593, 'cooldown': 19, 'flip': False, 'en_ema_trend': True, 'ema_trend_fast': 373, 'ema_trend_slow': 251, 'en_sma_trend': True, 'sma_trend_fast': 212, 'sma_trend_slow': 302, 'en_macd': True, 'macd_fast': 91, 'macd_slow': 171, 'macd_signal': 50, 'en_vwap': False, 'en_keltner': True, 'keltner_n': 80, 'keltner_m': 2.2, 'en_obv': True, 'obv_slope': 109, 'en_cci': False, 'cci_n': 176, 'cci_threshold': 30, 'en_rsi': False, 'rsi_n': 21, 'rsi_lower': 19, 'rsi_upper': 64, 'en_stochastic': True, 'stochastic_n': 57, 'stochastic_d': 34, 'stochastic_lower': 3, 'stochastic_upper': 98, 'en_mfi': False, 'mfi_n': 66, 'mfi_lower': 27, 'mfi_upper': 94, 'en_bollinger': False, 'bollinger_n': 182, 'bollinger_k': 3.3000000000000003, 'en_adx': False, 'adx_n': 91, 'adx_threshold': 39, 'en_structure_trend': False, 'structure_trend_swing_l': 15, 'en_order_block': True, 'order_block_swing_l': 8, 'en_fvg': False, 'fvg_lookback': 28, 'en_ifvg': True, 'en_breaker': False, 'breaker_swing_l': 3, 'en_cisd': False, 'k': 2, 'en_cap_bars': False, 'cap_1min': 1379}.
[I 2026-07-13 14:01:20,136] Trial 903 finished with values: [2595.787517937497, -875.3634842381871, 64.4] and parameters: {'sl_soft': 13.238695178247545, 'sl_hard_delta': 5.272172020324857, 'tp': 23.99269298666304, 'gate_pct': 30.375843415186864, 'dd_limit': 2608.2965670663593, 'cooldown': 19, 'flip': False, 'en_ema_trend': False, 'ema_trend_fast': 201, 'ema_trend_slow': 346, 'en_sma_trend': True, 'sma_trend_fast': 212, 'sma_trend_slow': 169, 'en_macd': True, 'macd_fast': 91, 'macd_slow': 198, 'macd_signal': 75, 'en_vwap': False, 'en_keltner': False, 'keltner_n': 62, 'keltner_m': 4.0, 'en_obv': True, 'obv_slope': 24, 'en_cci': True, 'cci_n': 176, 'cci_threshold': 25, 'en_rsi': True, 'rsi_n': 55, 'rsi_lower': 42, 'rsi_upper': 64, 'en_stochastic': False, 'stochastic_n': 57, 'stochastic_d': 9, 'stochastic_lower': 12, 'stochastic_upper': 62, 'en_mfi': True, 'mfi_n': 66, 'mfi_lower': 17, 'mfi_upper': 94, 'en_bollinger': False, 'bollinger_n': 127, 'bollinger_k': 3.3000000000000003, 'en_adx': False, 'adx_n': 64, 'adx_threshold': 39, 'en_structure_trend': False, 'structure_trend_swing_l': 14, 'en_order_block': True, 'order_block_swing_l': 8, 'en_fvg': False, 'fvg_lookback': 6, 'en_ifvg': True, 'en_breaker': False, 'breaker_swing_l': 13, 'en_cisd': True, 'k': 2, 'en_cap_bars': False, 'cap_1min': 1113}.
[I 2026-07-13 14:01:20,428] Trial 904 finished with values: [3220.057439070515, -740.4346879429067, 63.75] and parameters: {'sl_soft': 13.238695178247545, 'sl_hard_delta': 5.272172020324857, 'tp': 25.724761594028553, 'gate_pct': 30.375843415186864, 'dd_limit': 2608.2965670663593, 'cooldown': 19, 'flip': False, 'en_ema_trend': True, 'ema_trend_fast': 373, 'ema_trend_slow': 251, 'en_sma_trend': True, 'sma_trend_fast': 88, 'sma_trend_slow': 302, 'en_macd': False, 'macd_fast': 66, 'macd_slow': 18, 'macd_signal': 75, 'en_vwap': False, 'en_keltner': False, 'keltner_n': 129, 'keltner_m': 0.8, 'en_obv': True, 'obv_slope': 109, 'en_cci': True, 'cci_n': 37, 'cci_threshold': 30, 'en_rsi': True, 'rsi_n': 65, 'rsi_lower': 42, 'rsi_upper': 75, 'en_stochastic': False, 'stochastic_n': 57, 'stochastic_d': 9, 'stochastic_lower': 40, 'stochastic_upper': 62, 'en_mfi': False, 'mfi_n': 39, 'mfi_lower': 17, 'mfi_upper': 98, 'en_bollinger': False, 'bollinger_n': 130, 'bollinger_k': 3.8000000000000003, 'en_adx': False, 'adx_n': 7, 'adx_threshold': 39, 'en_structure_trend': False, 'structure_trend_swing_l': 15, 'en_order_block': True, 'order_block_swing_l': 8, 'en_fvg': False, 'fvg_lookback': 31, 'en_ifvg': True, 'en_breaker': False, 'breaker_swing_l': 4, 'en_cisd': True, 'k': 2, 'en_cap_bars': True, 'cap_1min': 126}.
[I 2026-07-13 14:01:20,614] Trial 905 pruned. 
[I 2026-07-13 14:01:21,424] Trial 906 finished with values: [2638.0701739660435, -810.5808282096405, 62.15] and parameters: {'sl_soft': 13.238695178247545, 'sl_hard_delta': 5.272172020324857, 'tp': 23.99269298666304, 'gate_pct': 30.375843415186864, 'dd_limit': 2608.2965670663593, 'cooldown': 19, 'flip': False, 'en_ema_trend': True, 'ema_trend_fast': 373, 'ema_trend_slow': 251, 'en_sma_trend': True, 'sma_trend_fast': 390, 'sma_trend_slow': 302, 'en_macd': False, 'macd_fast': 66, 'macd_slow': 198, 'macd_signal': 75, 'en_vwap': False, 'en_keltner': True, 'keltner_n': 62, 'keltner_m': 0.8, 'en_obv': True, 'obv_slope': 109, 'en_cci': True, 'cci_n': 37, 'cci_threshold': 30, 'en_rsi': True, 'rsi_n': 55, 'rsi_lower': 19, 'rsi_upper': 75, 'en_stochastic': False, 'stochastic_n': 57, 'stochastic_d': 9, 'stochastic_lower': 40, 'stochastic_upper': 98, 'en_mfi': True, 'mfi_n': 39, 'mfi_lower': 17, 'mfi_upper': 98, 'en_bollinger': False, 'bollinger_n': 127, 'bollinger_k': 3.3000000000000003, 'en_adx': False, 'adx_n': 64, 'adx_threshold': 39, 'en_structure_trend': False, 'structure_trend_swing_l': 14, 'en_order_block': True, 'order_block_swing_l': 8, 'en_fvg': False, 'fvg_lookback': 31, 'en_ifvg': True, 'en_breaker': False, 'breaker_swing_l': 13, 'en_cisd': True, 'k': 2, 'en_cap_bars': True, 'cap_1min': 126}.
[I 2026-07-13 14:01:22,024] Trial 907 pruned. 
[I 2026-07-13 14:01:23,618] Trial 908 finished with values: [2678.7578077327635, -790.1461402667337, 63.35] and parameters: {'sl_soft': 13.238695178247545, 'sl_hard_delta': 22.63866675924395, 'tp': 23.99269298666304, 'gate_pct': 30.375843415186864, 'dd_limit': 2608.2965670663593, 'cooldown': 19, 'flip': False, 'en_ema_trend': True, 'ema_trend_fast': 41, 'ema_trend_slow': 346, 'en_sma_trend': True, 'sma_trend_fast': 212, 'sma_trend_slow': 302, 'en_macd': True, 'macd_fast': 66, 'macd_slow': 198, 'macd_signal': 75, 'en_vwap': True, 'en_keltner': True, 'keltner_n': 62, 'keltner_m': 4.0, 'en_obv': True, 'obv_slope': 109, 'en_cci': False, 'cci_n': 176, 'cci_threshold': 25, 'en_rsi': True, 'rsi_n': 55, 'rsi_lower': 11, 'rsi_upper': 64, 'en_stochastic': False, 'stochastic_n': 57, 'stochastic_d': 9, 'stochastic_lower': 22, 'stochastic_upper': 98, 'en_mfi': True, 'mfi_n': 66, 'mfi_lower': 27, 'mfi_upper': 94, 'en_bollinger': False, 'bollinger_n': 127, 'bollinger_k': 3.3000000000000003, 'en_adx': False, 'adx_n': 64, 'adx_threshold': 39, 'en_structure_trend': False, 'structure_trend_swing_l': 15, 'en_order_block': True, 'order_block_swing_l': 8, 'en_fvg': False, 'fvg_lookback': 28, 'en_ifvg': True, 'en_breaker': False, 'breaker_swing_l': 13, 'en_cisd': True, 'k': 2, 'en_cap_bars': False, 'cap_1min': 1379}.
[I 2026-07-13 14:01:23,948] Trial 909 finished with values: [3101.1847375993966, -870.0, 71.4] and parameters: {'sl_soft': 18.340408262908845, 'sl_hard_delta': 22.63866675924395, 'tp': 23.99269298666304, 'gate_pct': 30.375843415186864, 'dd_limit': 2608.2965670663593, 'cooldown': 19, 'flip': False, 'en_ema_trend': False, 'ema_trend_fast': 373, 'ema_trend_slow': 346, 'en_sma_trend': True, 'sma_trend_fast': 212, 'sma_trend_slow': 302, 'en_macd': True, 'macd_fast': 66, 'macd_slow': 171, 'macd_signal': 75, 'en_vwap': False, 'en_keltner': True, 'keltner_n': 62, 'keltner_m': 0.8, 'en_obv': True, 'obv_slope': 24, 'en_cci': False, 'cci_n': 176, 'cci_threshold': 30, 'en_rsi': True, 'rsi_n': 55, 'rsi_lower': 42, 'rsi_upper': 64, 'en_stochastic': False, 'stochastic_n': 57, 'stochastic_d': 34, 'stochastic_lower': 6, 'stochastic_upper': 98, 'en_mfi': True, 'mfi_n': 66, 'mfi_lower': 27, 'mfi_upper': 94, 'en_bollinger': False, 'bollinger_n': 127, 'bollinger_k': 2.2, 'en_adx': False, 'adx_n': 64, 'adx_threshold': 39, 'en_structure_trend': False, 'structure_trend_swing_l': 15, 'en_order_block': True, 'order_block_swing_l': 8, 'en_fvg': False, 'fvg_lookback': 31, 'en_ifvg': True, 'en_breaker': False, 'breaker_swing_l': 3, 'en_cisd': False, 'k': 2, 'en_cap_bars': False, 'cap_1min': 1379}.
[I 2026-07-13 14:01:24,185] Trial 910 finished with values: [2031.9713912834413, -750.5047681194264, 65.0] and parameters: {'sl_soft': 13.238695178247545, 'sl_hard_delta': 22.63866675924395, 'tp': 25.724761594028553, 'gate_pct': 30.375843415186864, 'dd_limit': 2608.2965670663593, 'cooldown': 19, 'flip': False, 'en_ema_trend': True, 'ema_trend_fast': 373, 'ema_trend_slow': 346, 'en_sma_trend': True, 'sma_trend_fast': 212, 'sma_trend_slow': 302, 'en_macd': True, 'macd_fast': 66, 'macd_slow': 76, 'macd_signal': 75, 'en_vwap': True, 'en_keltner': True, 'keltner_n': 80, 'keltner_m': 4.0, 'en_obv': True, 'obv_slope': 109, 'en_cci': False, 'cci_n': 176, 'cci_threshold': 25, 'en_rsi': True, 'rsi_n': 65, 'rsi_lower': 19, 'rsi_upper': 64, 'en_stochastic': True, 'stochastic_n': 57, 'stochastic_d': 34, 'stochastic_lower': 3, 'stochastic_upper': 98, 'en_mfi': True, 'mfi_n': 66, 'mfi_lower': 27, 'mfi_upper': 94, 'en_bollinger': False, 'bollinger_n': 127, 'bollinger_k': 2.2, 'en_adx': False, 'adx_n': 64, 'adx_threshold': 39, 'en_structure_trend': False, 'structure_trend_swing_l': 15, 'en_order_block': True, 'order_block_swing_l': 8, 'en_fvg': False, 'fvg_lookback': 28, 'en_ifvg': True, 'en_breaker': False, 'breaker_swing_l': 3, 'en_cisd': True, 'k': 2, 'en_cap_bars': True, 'cap_1min': 1379}.
[I 2026-07-13 14:01:24,421] Trial 911 finished with values: [3639.6999347460223, -1267.5472387498303, 60.35] and parameters: {'sl_soft': 13.238695178247545, 'sl_hard_delta': 22.63866675924395, 'tp': 25.724761594028553, 'gate_pct': 30.375843415186864, 'dd_limit': 2608.2965670663593, 'cooldown': 19, 'flip': False, 'en_ema_trend': True, 'ema_trend_fast': 373, 'ema_trend_slow': 346, 'en_sma_trend': True, 'sma_trend_fast': 88, 'sma_trend_slow': 302, 'en_macd': False, 'macd_fast': 66, 'macd_slow': 76, 'macd_signal': 75, 'en_vwap': False, 'en_keltner': False, 'keltner_n': 80, 'keltner_m': 0.8, 'en_obv': True, 'obv_slope': 109, 'en_cci': False, 'cci_n': 176, 'cci_threshold': 30, 'en_rsi': True, 'rsi_n': 55, 'rsi_lower': 42, 'rsi_upper': 75, 'en_stochastic': False, 'stochastic_n': 57, 'stochastic_d': 9, 'stochastic_lower': 3, 'stochastic_upper': 62, 'en_mfi': False, 'mfi_n': 66, 'mfi_lower': 17, 'mfi_upper': 94, 'en_bollinger': False, 'bollinger_n': 127, 'bollinger_k': 3.3000000000000003, 'en_adx': False, 'adx_n': 7, 'adx_threshold': 39, 'en_structure_trend': False, 'structure_trend_swing_l': 14, 'en_order_block': True, 'order_block_swing_l': 8, 'en_fvg': False, 'fvg_lookback': 28, 'en_ifvg': True, 'en_breaker': False, 'breaker_swing_l': 3, 'en_cisd': True, 'k': 2, 'en_cap_bars': False, 'cap_1min': 1379}.
[I 2026-07-13 14:01:24,812] Trial 912 finished with values: [2586.4254679947044, -887.2516056646418, 84.8] and parameters: {'sl_soft': 18.340408262908845, 'sl_hard_delta': 5.272172020324857, 'tp': 13.298595972433171, 'gate_pct': 30.375843415186864, 'dd_limit': 1863.9192005208727, 'cooldown': 19, 'flip': False, 'en_ema_trend': True, 'ema_trend_fast': 41, 'ema_trend_slow': 346, 'en_sma_trend': True, 'sma_trend_fast': 212, 'sma_trend_slow': 169, 'en_macd': True, 'macd_fast': 91, 'macd_slow': 198, 'macd_signal': 75, 'en_vwap': True, 'en_keltner': False, 'keltner_n': 62, 'keltner_m': 4.0, 'en_obv': True, 'obv_slope': 49, 'en_cci': True, 'cci_n': 37, 'cci_threshold': 30, 'en_rsi': True, 'rsi_n': 55, 'rsi_lower': 42, 'rsi_upper': 75, 'en_stochastic': False, 'stochastic_n': 57, 'stochastic_d': 9, 'stochastic_lower': 22, 'stochastic_upper': 62, 'en_mfi': True, 'mfi_n': 97, 'mfi_lower': 27, 'mfi_upper': 72, 'en_bollinger': True, 'bollinger_n': 127, 'bollinger_k': 3.3000000000000003, 'en_adx': False, 'adx_n': 7, 'adx_threshold': 50, 'en_structure_trend': False, 'structure_trend_swing_l': 14, 'en_order_block': True, 'order_block_swing_l': 8, 'en_fvg': False, 'fvg_lookback': 31, 'en_ifvg': True, 'en_breaker': False, 'breaker_swing_l': 3, 'en_cisd': True, 'k': 2, 'en_cap_bars': False, 'cap_1min': 1113}.
[I 2026-07-13 14:01:25,231] Trial 913 finished with values: [2456.4326284655544, -1110.6520319143601, 50.5] and parameters: {'sl_soft': 13.238695178247545, 'sl_hard_delta': 5.272172020324857, 'tp': 23.99269298666304, 'gate_pct': 30.375843415186864, 'dd_limit': 2608.2965670663593, 'cooldown': 19, 'flip': False, 'en_ema_trend': False, 'ema_trend_fast': 373, 'ema_trend_slow': 346, 'en_sma_trend': True, 'sma_trend_fast': 212, 'sma_trend_slow': 302, 'en_macd': True, 'macd_fast': 66, 'macd_slow': 198, 'macd_signal': 75, 'en_vwap': False, 'en_keltner': False, 'keltner_n': 129, 'keltner_m': 0.8, 'en_obv': False, 'obv_slope': 109, 'en_cci': False, 'cci_n': 37, 'cci_threshold': 25, 'en_rsi': False, 'rsi_n': 55, 'rsi_lower': 42, 'rsi_upper': 64, 'en_stochastic': False, 'stochastic_n': 57, 'stochastic_d': 9, 'stochastic_lower': 40, 'stochastic_upper': 62, 'en_mfi': False, 'mfi_n': 82, 'mfi_lower': 17, 'mfi_upper': 94, 'en_bollinger': False, 'bollinger_n': 127, 'bollinger_k': 3.3000000000000003, 'en_adx': False, 'adx_n': 7, 'adx_threshold': 39, 'en_structure_trend': False, 'structure_trend_swing_l': 15, 'en_order_block': True, 'order_block_swing_l': 8, 'en_fvg': False, 'fvg_lookback': 31, 'en_ifvg': True, 'en_breaker': False, 'breaker_swing_l': 13, 'en_cisd': True, 'k': 2, 'en_cap_bars': True, 'cap_1min': 126}.
[I 2026-07-13 14:01:25,616] Trial 914 finished with values: [913.6455225443569, -725.2173439714534, 86.6] and parameters: {'sl_soft': 13.238695178247545, 'sl_hard_delta': 5.272172020324857, 'tp': 5.791289843497957, 'gate_pct': 30.375843415186864, 'dd_limit': 2608.2965670663593, 'cooldown': 19, 'flip': False, 'en_ema_trend': False, 'ema_trend_fast': 41, 'ema_trend_slow': 346, 'en_sma_trend': True, 'sma_trend_fast': 185, 'sma_trend_slow': 302, 'en_macd': True, 'macd_fast': 91, 'macd_slow': 198, 'macd_signal': 75, 'en_vwap': True, 'en_keltner': True, 'keltner_n': 62, 'keltner_m': 4.0, 'en_obv': True, 'obv_slope': 97, 'en_cci': False, 'cci_n': 37, 'cci_threshold': 25, 'en_rsi': False, 'rsi_n': 55, 'rsi_lower': 19, 'rsi_upper': 64, 'en_stochastic': False, 'stochastic_n': 57, 'stochastic_d': 9, 'stochastic_lower': 4, 'stochastic_upper': 98, 'en_mfi': True, 'mfi_n': 66, 'mfi_lower': 27, 'mfi_upper': 94, 'en_bollinger': False, 'bollinger_n': 182, 'bollinger_k': 2.2, 'en_adx': False, 'adx_n': 64, 'adx_threshold': 39, 'en_structure_trend': False, 'structure_trend_swing_l': 15, 'en_order_block': True, 'order_block_swing_l': 8, 'en_fvg': False, 'fvg_lookback': 28, 'en_ifvg': True, 'en_breaker': False, 'breaker_swing_l': 7, 'en_cisd': True, 'k': 2, 'en_cap_bars': False, 'cap_1min': 1113}.
