[I 2026-07-13 14:11:36,007] Trial 1726 finished with values: [1332.2675132524455, -1007.0258207193547, 92.35] and parameters: {'sl_soft': 18.340408262908845, 'sl_hard_delta': 5.272172020324857, 'tp': 5.791289843497957, 'gate_pct': 30.375843415186864, 'dd_limit': 2608.2965670663593, 'cooldown': 19, 'flip': False, 'en_ema_trend': True, 'ema_trend_fast': 373, 'ema_trend_slow': 251, 'en_sma_trend': True, 'sma_trend_fast': 212, 'sma_trend_slow': 169, 'en_macd': True, 'macd_fast': 91, 'macd_slow': 198, 'macd_signal': 75, 'en_vwap': True, 'en_keltner': True, 'keltner_n': 80, 'keltner_m': 4.0, 'en_obv': True, 'obv_slope': 109, 'en_cci': True, 'cci_n': 52, 'cci_threshold': 265, 'en_rsi': False, 'rsi_n': 55, 'rsi_lower': 42, 'rsi_upper': 64, 'en_stochastic': False, 'stochastic_n': 57, 'stochastic_d': 34, 'stochastic_lower': 22, 'stochastic_upper': 65, 'en_mfi': True, 'mfi_n': 94, 'mfi_lower': 31, 'mfi_upper': 94, 'en_bollinger': True, 'bollinger_n': 182, 'bollinger_k': 3.3000000000000003, 'en_adx': False, 'adx_n': 64, 'adx_threshold': 49, 'en_structure_trend': False, 'structure_trend_swing_l': 15, 'en_order_block': True, 'order_block_swing_l': 4, 'en_fvg': False, 'fvg_lookback': 28, 'en_ifvg': True, 'en_breaker': False, 'breaker_swing_l': 13, 'en_cisd': True, 'k': 2, 'en_cap_bars': True, 'cap_1min': 1379}.
[I 2026-07-13 14:11:36,268] Trial 1727 finished with values: [2707.4216970166162, -887.2516056646418, 82.55000000000001] and parameters: {'sl_soft': 18.340408262908845, 'sl_hard_delta': 5.272172020324857, 'tp': 13.298595972433171, 'gate_pct': 30.375843415186864, 'dd_limit': 2608.2965670663593, 'cooldown': 19, 'flip': False, 'en_ema_trend': True, 'ema_trend_fast': 41, 'ema_trend_slow': 251, 'en_sma_trend': True, 'sma_trend_fast': 212, 'sma_trend_slow': 302, 'en_macd': True, 'macd_fast': 91, 'macd_slow': 171, 'macd_signal': 75, 'en_vwap': True, 'en_keltner': False, 'keltner_n': 80, 'keltner_m': 4.0, 'en_obv': True, 'obv_slope': 109, 'en_cci': True, 'cci_n': 52, 'cci_threshold': 25, 'en_rsi': False, 'rsi_n': 55, 'rsi_lower': 42, 'rsi_upper': 64, 'en_stochastic': False, 'stochastic_n': 57, 'stochastic_d': 2, 'stochastic_lower': 3, 'stochastic_upper': 98, 'en_mfi': True, 'mfi_n': 97, 'mfi_lower': 27, 'mfi_upper': 94, 'en_bollinger': False, 'bollinger_n': 182, 'bollinger_k': 3.3000000000000003, 'en_adx': False, 'adx_n': 64, 'adx_threshold': 35, 'en_structure_trend': False, 'structure_trend_swing_l': 15, 'en_order_block': True, 'order_block_swing_l': 4, 'en_fvg': False, 'fvg_lookback': 28, 'en_ifvg': True, 'en_breaker': False, 'breaker_swing_l': 3, 'en_cisd': True, 'k': 2, 'en_cap_bars': False, 'cap_1min': 1249}.
[I 2026-07-13 14:11:37,467] Trial 1728 finished with values: [869.0837655697396, -810.0, 97.05] and parameters: {'sl_soft': 18.340408262908845, 'sl_hard_delta': 22.63866675924395, 'tp': 5.791289843497957, 'gate_pct': 30.375843415186864, 'dd_limit': 2608.2965670663593, 'cooldown': 19, 'flip': False, 'en_ema_trend': True, 'ema_trend_fast': 373, 'ema_trend_slow': 251, 'en_sma_trend': False, 'sma_trend_fast': 349, 'sma_trend_slow': 302, 'en_macd': True, 'macd_fast': 91, 'macd_slow': 198, 'macd_signal': 75, 'en_vwap': False, 'en_keltner': False, 'keltner_n': 80, 'keltner_m': 4.0, 'en_obv': True, 'obv_slope': 109, 'en_cci': True, 'cci_n': 93, 'cci_threshold': 30, 'en_rsi': True, 'rsi_n': 55, 'rsi_lower': 42, 'rsi_upper': 56, 'en_stochastic': False, 'stochastic_n': 57, 'stochastic_d': 34, 'stochastic_lower': 12, 'stochastic_upper': 65, 'en_mfi': True, 'mfi_n': 66, 'mfi_lower': 17, 'mfi_upper': 94, 'en_bollinger': True, 'bollinger_n': 130, 'bollinger_k': 3.8000000000000003, 'en_adx': False, 'adx_n': 64, 'adx_threshold': 50, 'en_structure_trend': False, 'structure_trend_swing_l': 14, 'en_order_block': True, 'order_block_swing_l': 4, 'en_fvg': False, 'fvg_lookback': 30, 'en_ifvg': True, 'en_breaker': False, 'breaker_swing_l': 13, 'en_cisd': False, 'k': 2, 'en_cap_bars': True, 'cap_1min': 1379}.
[I 2026-07-13 14:11:38,800] Trial 1729 finished with values: [4571.695166626596, -1220.0, 67.65] and parameters: {'sl_soft': 16.114590850050682, 'sl_hard_delta': 22.63866675924395, 'tp': 25.724761594028553, 'gate_pct': 30.375843415186864, 'dd_limit': 2608.2965670663593, 'cooldown': 13, 'flip': False, 'en_ema_trend': True, 'ema_trend_fast': 376, 'ema_trend_slow': 205, 'en_sma_trend': True, 'sma_trend_fast': 212, 'sma_trend_slow': 271, 'en_macd': True, 'macd_fast': 66, 'macd_slow': 198, 'macd_signal': 50, 'en_vwap': False, 'en_keltner': False, 'keltner_n': 129, 'keltner_m': 4.0, 'en_obv': True, 'obv_slope': 109, 'en_cci': True, 'cci_n': 93, 'cci_threshold': 30, 'en_rsi': False, 'rsi_n': 21, 'rsi_lower': 42, 'rsi_upper': 72, 'en_stochastic': False, 'stochastic_n': 85, 'stochastic_d': 34, 'stochastic_lower': 12, 'stochastic_upper': 62, 'en_mfi': True, 'mfi_n': 39, 'mfi_lower': 17, 'mfi_upper': 94, 'en_bollinger': False, 'bollinger_n': 182, 'bollinger_k': 4.2, 'en_adx': False, 'adx_n': 31, 'adx_threshold': 39, 'en_structure_trend': False, 'structure_trend_swing_l': 15, 'en_order_block': False, 'order_block_swing_l': 8, 'en_fvg': False, 'fvg_lookback': 6, 'en_ifvg': True, 'en_breaker': False, 'breaker_swing_l': 3, 'en_cisd': True, 'k': 2, 'en_cap_bars': True, 'cap_1min': 1249}.
[I 2026-07-13 14:11:39,163] Trial 1730 finished with values: [1317.386953049645, -1395.8710156501184, 94.25] and parameters: {'sl_soft': 18.340408262908845, 'sl_hard_delta': 22.63866675924395, 'tp': 5.791289843497957, 'gate_pct': 30.375843415186864, 'dd_limit': 2608.2965670663593, 'cooldown': 19, 'flip': False, 'en_ema_trend': True, 'ema_trend_fast': 373, 'ema_trend_slow': 251, 'en_sma_trend': True, 'sma_trend_fast': 185, 'sma_trend_slow': 2, 'en_macd': False, 'macd_fast': 66, 'macd_slow': 198, 'macd_signal': 75, 'en_vwap': False, 'en_keltner': False, 'keltner_n': 80, 'keltner_m': 0.8, 'en_obv': True, 'obv_slope': 109, 'en_cci': False, 'cci_n': 37, 'cci_threshold': 250, 'en_rsi': True, 'rsi_n': 65, 'rsi_lower': 19, 'rsi_upper': 75, 'en_stochastic': False, 'stochastic_n': 57, 'stochastic_d': 9, 'stochastic_lower': 4, 'stochastic_upper': 62, 'en_mfi': False, 'mfi_n': 39, 'mfi_lower': 45, 'mfi_upper': 94, 'en_bollinger': True, 'bollinger_n': 182, 'bollinger_k': 3.8000000000000003, 'en_adx': False, 'adx_n': 7, 'adx_threshold': 39, 'en_structure_trend': False, 'structure_trend_swing_l': 15, 'en_order_block': False, 'order_block_swing_l': 4, 'en_fvg': False, 'fvg_lookback': 6, 'en_ifvg': True, 'en_breaker': True, 'breaker_swing_l': 3, 'en_cisd': True, 'k': 2, 'en_cap_bars': True, 'cap_1min': 126}.
[I 2026-07-13 14:11:39,464] Trial 1731 finished with values: [3539.5279386081893, -977.8678328727983, 81.4] and parameters: {'sl_soft': 21.37121962331501, 'sl_hard_delta': 5.272172020324857, 'tp': 25.724761594028553, 'gate_pct': 30.375843415186864, 'dd_limit': 2608.2965670663593, 'cooldown': 19, 'flip': False, 'en_ema_trend': True, 'ema_trend_fast': 41, 'ema_trend_slow': 205, 'en_sma_trend': True, 'sma_trend_fast': 212, 'sma_trend_slow': 2, 'en_macd': False, 'macd_fast': 91, 'macd_slow': 198, 'macd_signal': 65, 'en_vwap': False, 'en_keltner': False, 'keltner_n': 129, 'keltner_m': 4.0, 'en_obv': True, 'obv_slope': 109, 'en_cci': True, 'cci_n': 52, 'cci_threshold': 30, 'en_rsi': True, 'rsi_n': 55, 'rsi_lower': 42, 'rsi_upper': 64, 'en_stochastic': False, 'stochastic_n': 57, 'stochastic_d': 9, 'stochastic_lower': 12, 'stochastic_upper': 62, 'en_mfi': True, 'mfi_n': 94, 'mfi_lower': 45, 'mfi_upper': 98, 'en_bollinger': False, 'bollinger_n': 127, 'bollinger_k': 3.8000000000000003, 'en_adx': False, 'adx_n': 64, 'adx_threshold': 50, 'en_structure_trend': False, 'structure_trend_swing_l': 14, 'en_order_block': True, 'order_block_swing_l': 8, 'en_fvg': False, 'fvg_lookback': 28, 'en_ifvg': True, 'en_breaker': False, 'breaker_swing_l': 4, 'en_cisd': True, 'k': 3, 'en_cap_bars': True, 'cap_1min': 126}.
[I 2026-07-13 14:11:39,867] Trial 1732 finished with values: [3923.8996482856237, -1275.086268562518, 70.85] and parameters: {'sl_soft': 18.340408262908845, 'sl_hard_delta': 22.63866675924395, 'tp': 25.724761594028553, 'gate_pct': 30.375843415186864, 'dd_limit': 2608.2965670663593, 'cooldown': 19, 'flip': False, 'en_ema_trend': True, 'ema_trend_fast': 373, 'ema_trend_slow': 346, 'en_sma_trend': True, 'sma_trend_fast': 88, 'sma_trend_slow': 302, 'en_macd': False, 'macd_fast': 91, 'macd_slow': 18, 'macd_signal': 75, 'en_vwap': True, 'en_keltner': False, 'keltner_n': 80, 'keltner_m': 4.0, 'en_obv': True, 'obv_slope': 109, 'en_cci': True, 'cci_n': 52, 'cci_threshold': 25, 'en_rsi': False, 'rsi_n': 21, 'rsi_lower': 42, 'rsi_upper': 64, 'en_stochastic': False, 'stochastic_n': 57, 'stochastic_d': 29, 'stochastic_lower': 12, 'stochastic_upper': 98, 'en_mfi': True, 'mfi_n': 94, 'mfi_lower': 17, 'mfi_upper': 94, 'en_bollinger': True, 'bollinger_n': 130, 'bollinger_k': 3.3000000000000003, 'en_adx': False, 'adx_n': 91, 'adx_threshold': 35, 'en_structure_trend': False, 'structure_trend_swing_l': 13, 'en_order_block': True, 'order_block_swing_l': 8, 'en_fvg': False, 'fvg_lookback': 28, 'en_ifvg': True, 'en_breaker': False, 'breaker_swing_l': 3, 'en_cisd': False, 'k': 3, 'en_cap_bars': False, 'cap_1min': 126}.
[I 2026-07-13 14:11:40,466] Trial 1733 pruned. 
[I 2026-07-13 14:11:41,824] Trial 1734 finished with values: [5085.938014447456, -1664.5815004430915, 65.3] and parameters: {'sl_soft': 18.340408262908845, 'sl_hard_delta': 22.63866675924395, 'tp': 25.724761594028553, 'gate_pct': 30.375843415186864, 'dd_limit': 1821.4925784082714, 'cooldown': 17, 'flip': False, 'en_ema_trend': False, 'ema_trend_fast': 373, 'ema_trend_slow': 251, 'en_sma_trend': True, 'sma_trend_fast': 88, 'sma_trend_slow': 302, 'en_macd': True, 'macd_fast': 31, 'macd_slow': 18, 'macd_signal': 56, 'en_vwap': True, 'en_keltner': False, 'keltner_n': 129, 'keltner_m': 0.8, 'en_obv': False, 'obv_slope': 141, 'en_cci': True, 'cci_n': 12, 'cci_threshold': 25, 'en_rsi': True, 'rsi_n': 21, 'rsi_lower': 19, 'rsi_upper': 72, 'en_stochastic': False, 'stochastic_n': 61, 'stochastic_d': 29, 'stochastic_lower': 40, 'stochastic_upper': 86, 'en_mfi': False, 'mfi_n': 70, 'mfi_lower': 17, 'mfi_upper': 98, 'en_bollinger': False, 'bollinger_n': 130, 'bollinger_k': 0.5, 'en_adx': False, 'adx_n': 91, 'adx_threshold': 39, 'en_structure_trend': False, 'structure_trend_swing_l': 13, 'en_order_block': False, 'order_block_swing_l': 8, 'en_fvg': False, 'fvg_lookback': 37, 'en_ifvg': True, 'en_breaker': False, 'breaker_swing_l': 3, 'en_cisd': True, 'k': 2, 'en_cap_bars': True, 'cap_1min': 126}.
[I 2026-07-13 14:11:42,276] Trial 1735 finished with values: [4362.452318805736, -1210.0, 73.15] and parameters: {'sl_soft': 16.114590850050682, 'sl_hard_delta': 22.63866675924395, 'tp': 25.724761594028553, 'gate_pct': 30.375843415186864, 'dd_limit': 3603.2082359199912, 'cooldown': 19, 'flip': False, 'en_ema_trend': False, 'ema_trend_fast': 41, 'ema_trend_slow': 251, 'en_sma_trend': True, 'sma_trend_fast': 88, 'sma_trend_slow': 302, 'en_macd': True, 'macd_fast': 91, 'macd_slow': 198, 'macd_signal': 50, 'en_vwap': True, 'en_keltner': False, 'keltner_n': 62, 'keltner_m': 4.0, 'en_obv': True, 'obv_slope': 141, 'en_cci': True, 'cci_n': 52, 'cci_threshold': 25, 'en_rsi': True, 'rsi_n': 21, 'rsi_lower': 19, 'rsi_upper': 72, 'en_stochastic': False, 'stochastic_n': 57, 'stochastic_d': 29, 'stochastic_lower': 12, 'stochastic_upper': 62, 'en_mfi': True, 'mfi_n': 94, 'mfi_lower': 17, 'mfi_upper': 94, 'en_bollinger': True, 'bollinger_n': 130, 'bollinger_k': 3.3000000000000003, 'en_adx': False, 'adx_n': 91, 'adx_threshold': 39, 'en_structure_trend': False, 'structure_trend_swing_l': 13, 'en_order_block': False, 'order_block_swing_l': 8, 'en_fvg': False, 'fvg_lookback': 37, 'en_ifvg': True, 'en_breaker': False, 'breaker_swing_l': 3, 'en_cisd': True, 'k': 2, 'en_cap_bars': True, 'cap_1min': 126}.
[I 2026-07-13 14:11:42,713] Trial 1736 finished with values: [1435.7127499196213, -460.0, 95.65] and parameters: {'sl_soft': 18.340408262908845, 'sl_hard_delta': 22.63866675924395, 'tp': 5.791289843497957, 'gate_pct': 30.375843415186864, 'dd_limit': 2608.2965670663593, 'cooldown': 19, 'flip': False, 'en_ema_trend': True, 'ema_trend_fast': 373, 'ema_trend_slow': 251, 'en_sma_trend': True, 'sma_trend_fast': 212, 'sma_trend_slow': 302, 'en_macd': False, 'macd_fast': 91, 'macd_slow': 171, 'macd_signal': 75, 'en_vwap': True, 'en_keltner': False, 'keltner_n': 80, 'keltner_m': 4.0, 'en_obv': True, 'obv_slope': 109, 'en_cci': True, 'cci_n': 52, 'cci_threshold': 25, 'en_rsi': False, 'rsi_n': 55, 'rsi_lower': 42, 'rsi_upper': 64, 'en_stochastic': False, 'stochastic_n': 57, 'stochastic_d': 2, 'stochastic_lower': 3, 'stochastic_upper': 98, 'en_mfi': True, 'mfi_n': 97, 'mfi_lower': 27, 'mfi_upper': 94, 'en_bollinger': False, 'bollinger_n': 182, 'bollinger_k': 3.3000000000000003, 'en_adx': False, 'adx_n': 64, 'adx_threshold': 35, 'en_structure_trend': False, 'structure_trend_swing_l': 15, 'en_order_block': True, 'order_block_swing_l': 4, 'en_fvg': False, 'fvg_lookback': 28, 'en_ifvg': True, 'en_breaker': False, 'breaker_swing_l': 3, 'en_cisd': False, 'k': 3, 'en_cap_bars': False, 'cap_1min': 1113}.
[I 2026-07-13 14:11:43,100] Trial 1737 finished with values: [3021.5928320052626, -1355.0, 82.0] and parameters: {'sl_soft': 18.340408262908845, 'sl_hard_delta': 22.63866675924395, 'tp': 13.298595972433171, 'gate_pct': 30.375843415186864, 'dd_limit': 2608.2965670663593, 'cooldown': 19, 'flip': False, 'en_ema_trend': True, 'ema_trend_fast': 201, 'ema_trend_slow': 251, 'en_sma_trend': True, 'sma_trend_fast': 212, 'sma_trend_slow': 2, 'en_macd': True, 'macd_fast': 91, 'macd_slow': 18, 'macd_signal': 50, 'en_vwap': True, 'en_keltner': True, 'keltner_n': 62, 'keltner_m': 4.0, 'en_obv': True, 'obv_slope': 109, 'en_cci': True, 'cci_n': 93, 'cci_threshold': 25, 'en_rsi': True, 'rsi_n': 55, 'rsi_lower': 42, 'rsi_upper': 64, 'en_stochastic': False, 'stochastic_n': 57, 'stochastic_d': 9, 'stochastic_lower': 4, 'stochastic_upper': 62, 'en_mfi': False, 'mfi_n': 39, 'mfi_lower': 17, 'mfi_upper': 98, 'en_bollinger': False, 'bollinger_n': 127, 'bollinger_k': 2.2, 'en_adx': False, 'adx_n': 64, 'adx_threshold': 39, 'en_structure_trend': False, 'structure_trend_swing_l': 15, 'en_order_block': False, 'order_block_swing_l': 4, 'en_fvg': False, 'fvg_lookback': 6, 'en_ifvg': True, 'en_breaker': False, 'breaker_swing_l': 13, 'en_cisd': True, 'k': 2, 'en_cap_bars': False, 'cap_1min': 1379}.
[I 2026-07-13 14:11:43,607] Trial 1738 finished with values: [2337.5160153546312, -799.2029918690969, 70.1] and parameters: {'sl_soft': 13.238695178247545, 'sl_hard_delta': 7.721454415205913, 'tp': 25.724761594028553, 'gate_pct': 30.375843415186864, 'dd_limit': 2608.2965670663593, 'cooldown': 19, 'flip': False, 'en_ema_trend': True, 'ema_trend_fast': 41, 'ema_trend_slow': 251, 'en_sma_trend': True, 'sma_trend_fast': 88, 'sma_trend_slow': 2, 'en_macd': False, 'macd_fast': 66, 'macd_slow': 198, 'macd_signal': 75, 'en_vwap': False, 'en_keltner': False, 'keltner_n': 129, 'keltner_m': 4.0, 'en_obv': True, 'obv_slope': 109, 'en_cci': True, 'cci_n': 93, 'cci_threshold': 30, 'en_rsi': True, 'rsi_n': 65, 'rsi_lower': 42, 'rsi_upper': 75, 'en_stochastic': False, 'stochastic_n': 57, 'stochastic_d': 9, 'stochastic_lower': 12, 'stochastic_upper': 62, 'en_mfi': True, 'mfi_n': 94, 'mfi_lower': 45, 'mfi_upper': 98, 'en_bollinger': False, 'bollinger_n': 127, 'bollinger_k': 3.8000000000000003, 'en_adx': False, 'adx_n': 7, 'adx_threshold': 39, 'en_structure_trend': False, 'structure_trend_swing_l': 15, 'en_order_block': True, 'order_block_swing_l': 8, 'en_fvg': False, 'fvg_lookback': 28, 'en_ifvg': True, 'en_breaker': False, 'breaker_swing_l': 4, 'en_cisd': True, 'k': 2, 'en_cap_bars': True, 'cap_1min': 126}.
[I 2026-07-13 14:11:43,980] Trial 1739 finished with values: [2489.511247235205, -984.2029918690969, 61.25] and parameters: {'sl_soft': 13.238695178247545, 'sl_hard_delta': 7.721454415205913, 'tp': 25.724761594028553, 'gate_pct': 30.375843415186864, 'dd_limit': 2608.2965670663593, 'cooldown': 19, 'flip': False, 'en_ema_trend': True, 'ema_trend_fast': 373, 'ema_trend_slow': 251, 'en_sma_trend': True, 'sma_trend_fast': 212, 'sma_trend_slow': 2, 'en_macd': False, 'macd_fast': 91, 'macd_slow': 198, 'macd_signal': 75, 'en_vwap': False, 'en_keltner': False, 'keltner_n': 80, 'keltner_m': 0.8, 'en_obv': True, 'obv_slope': 109, 'en_cci': True, 'cci_n': 93, 'cci_threshold': 30, 'en_rsi': True, 'rsi_n': 65, 'rsi_lower': 42, 'rsi_upper': 75, 'en_stochastic': False, 'stochastic_n': 57, 'stochastic_d': 34, 'stochastic_lower': 3, 'stochastic_upper': 86, 'en_mfi': True, 'mfi_n': 39, 'mfi_lower': 27, 'mfi_upper': 94, 'en_bollinger': False, 'bollinger_n': 182, 'bollinger_k': 4.2, 'en_adx': False, 'adx_n': 64, 'adx_threshold': 35, 'en_structure_trend': False, 'structure_trend_swing_l': 15, 'en_order_block': True, 'order_block_swing_l': 4, 'en_fvg': False, 'fvg_lookback': 6, 'en_ifvg': True, 'en_breaker': False, 'breaker_swing_l': 13, 'en_cisd': True, 'k': 2, 'en_cap_bars': False, 'cap_1min': 1379}.
[I 2026-07-13 14:11:44,353] Trial 1740 finished with values: [928.2579686997633, -460.0, 96.75] and parameters: {'sl_soft': 18.340408262908845, 'sl_hard_delta': 22.63866675924395, 'tp': 5.791289843497957, 'gate_pct': 30.375843415186864, 'dd_limit': 2608.2965670663593, 'cooldown': 5, 'flip': False, 'en_ema_trend': True, 'ema_trend_fast': 373, 'ema_trend_slow': 251, 'en_sma_trend': True, 'sma_trend_fast': 212, 'sma_trend_slow': 316, 'en_macd': True, 'macd_fast': 91, 'macd_slow': 198, 'macd_signal': 94, 'en_vwap': False, 'en_keltner': False, 'keltner_n': 80, 'keltner_m': 4.0, 'en_obv': True, 'obv_slope': 109, 'en_cci': True, 'cci_n': 52, 'cci_threshold': 25, 'en_rsi': True, 'rsi_n': 21, 'rsi_lower': 42, 'rsi_upper': 64, 'en_stochastic': False, 'stochastic_n': 57, 'stochastic_d': 34, 'stochastic_lower': 3, 'stochastic_upper': 86, 'en_mfi': True, 'mfi_n': 97, 'mfi_lower': 27, 'mfi_upper': 94, 'en_bollinger': True, 'bollinger_n': 182, 'bollinger_k': 4.2, 'en_adx': False, 'adx_n': 64, 'adx_threshold': 35, 'en_structure_trend': False, 'structure_trend_swing_l': 15, 'en_order_block': True, 'order_block_swing_l': 4, 'en_fvg': False, 'fvg_lookback': 6, 'en_ifvg': True, 'en_breaker': False, 'breaker_swing_l': 13, 'en_cisd': False, 'k': 2, 'en_cap_bars': False, 'cap_1min': 1379}.
[I 2026-07-13 14:11:45,918] Trial 1741 finished with values: [3072.0548158636666, -799.2029918690969, 74.6] and parameters: {'sl_soft': 13.238695178247545, 'sl_hard_delta': 7.721454415205913, 'tp': 23.99269298666304, 'gate_pct': 30.375843415186864, 'dd_limit': 2608.2965670663593, 'cooldown': 17, 'flip': False, 'en_ema_trend': True, 'ema_trend_fast': 202, 'ema_trend_slow': 160, 'en_sma_trend': True, 'sma_trend_fast': 212, 'sma_trend_slow': 2, 'en_macd': False, 'macd_fast': 66, 'macd_slow': 18, 'macd_signal': 75, 'en_vwap': False, 'en_keltner': False, 'keltner_n': 129, 'keltner_m': 0.8, 'en_obv': True, 'obv_slope': 109, 'en_cci': True, 'cci_n': 93, 'cci_threshold': 30, 'en_rsi': True, 'rsi_n': 73, 'rsi_lower': 42, 'rsi_upper': 75, 'en_stochastic': False, 'stochastic_n': 57, 'stochastic_d': 29, 'stochastic_lower': 4, 'stochastic_upper': 62, 'en_mfi': True, 'mfi_n': 94, 'mfi_lower': 28, 'mfi_upper': 94, 'en_bollinger': True, 'bollinger_n': 74, 'bollinger_k': 4.8, 'en_adx': False, 'adx_n': 64, 'adx_threshold': 39, 'en_structure_trend': False, 'structure_trend_swing_l': 15, 'en_order_block': True, 'order_block_swing_l': 8, 'en_fvg': False, 'fvg_lookback': 6, 'en_ifvg': True, 'en_breaker': False, 'breaker_swing_l': 3, 'en_cisd': True, 'k': 2, 'en_cap_bars': True, 'cap_1min': 126}.
[I 2026-07-13 14:11:46,411] Trial 1742 finished with values: [3523.5225503252877, -777.7352574074757, 79.3] and parameters: {'sl_soft': 16.114590850050682, 'sl_hard_delta': 5.272172020324857, 'tp': 23.99269298666304, 'gate_pct': 30.375843415186864, 'dd_limit': 2608.2965670663593, 'cooldown': 17, 'flip': False, 'en_ema_trend': True, 'ema_trend_fast': 41, 'ema_trend_slow': 160, 'en_sma_trend': True, 'sma_trend_fast': 212, 'sma_trend_slow': 302, 'en_macd': False, 'macd_fast': 31, 'macd_slow': 198, 'macd_signal': 75, 'en_vwap': False, 'en_keltner': False, 'keltner_n': 83, 'keltner_m': 4.0, 'en_obv': True, 'obv_slope': 141, 'en_cci': True, 'cci_n': 52, 'cci_threshold': 30, 'en_rsi': True, 'rsi_n': 73, 'rsi_lower': 42, 'rsi_upper': 75, 'en_stochastic': False, 'stochastic_n': 61, 'stochastic_d': 29, 'stochastic_lower': 32, 'stochastic_upper': 62, 'en_mfi': True, 'mfi_n': 94, 'mfi_lower': 17, 'mfi_upper': 94, 'en_bollinger': True, 'bollinger_n': 74, 'bollinger_k': 3.3000000000000003, 'en_adx': False, 'adx_n': 64, 'adx_threshold': 35, 'en_structure_trend': False, 'structure_trend_swing_l': 15, 'en_order_block': True, 'order_block_swing_l': 8, 'en_fvg': False, 'fvg_lookback': 6, 'en_ifvg': True, 'en_breaker': False, 'breaker_swing_l': 3, 'en_cisd': True, 'k': 4, 'en_cap_bars': True, 'cap_1min': 126}.
