[I 2026-07-13 13:51:56,232] Trial 513 finished with values: [720.4547991530853, -3817.5622079525783, 79.0] and parameters: {'sl_soft': 18.340408262908845, 'sl_hard_delta': 5.50337271615407, 'tp': 8.325479493688746, 'gate_pct': 42.37120833684469, 'dd_limit': 178.16258005696582, 'cooldown': 2, 'flip': False, 'en_ema_trend': False, 'ema_trend_fast': 304, 'ema_trend_slow': 367, 'en_sma_trend': True, 'sma_trend_fast': 88, 'sma_trend_slow': 213, 'en_macd': False, 'macd_fast': 60, 'macd_slow': 18, 'macd_signal': 59, 'en_vwap': False, 'en_keltner': True, 'keltner_n': 3, 'keltner_m': 4.8, 'en_obv': True, 'obv_slope': 17, 'en_cci': True, 'cci_n': 124, 'cci_threshold': 250, 'en_rsi': True, 'rsi_n': 55, 'rsi_lower': 18, 'rsi_upper': 72, 'en_stochastic': False, 'stochastic_n': 61, 'stochastic_d': 47, 'stochastic_lower': 40, 'stochastic_upper': 58, 'en_mfi': False, 'mfi_n': 59, 'mfi_lower': 42, 'mfi_upper': 98, 'en_bollinger': False, 'bollinger_n': 130, 'bollinger_k': 4.6000000000000005, 'en_adx': False, 'adx_n': 56, 'adx_threshold': 7, 'en_structure_trend': False, 'structure_trend_swing_l': 13, 'en_order_block': True, 'order_block_swing_l': 18, 'en_fvg': True, 'fvg_lookback': 37, 'en_ifvg': False, 'en_breaker': True, 'breaker_swing_l': 4, 'en_cisd': True, 'k': 1, 'en_cap_bars': True, 'cap_1min': 652}.
[I 2026-07-13 13:51:58,034] Trial 514 finished with values: [-279.12544385471847, -1994.8906804818398, 68.30000000000001] and parameters: {'sl_soft': 16.28460546358131, 'sl_hard_delta': 20.008276295819254, 'tp': 8.505465975909583, 'gate_pct': 29.897602569804548, 'dd_limit': 1947.6863601704115, 'cooldown': 1, 'flip': False, 'en_ema_trend': False, 'ema_trend_fast': 323, 'ema_trend_slow': 359, 'en_sma_trend': False, 'sma_trend_fast': 167, 'sma_trend_slow': 275, 'en_macd': False, 'macd_fast': 81, 'macd_slow': 63, 'macd_signal': 75, 'en_vwap': False, 'en_keltner': False, 'keltner_n': 200, 'keltner_m': 2.9000000000000004, 'en_obv': True, 'obv_slope': 141, 'en_cci': False, 'cci_n': 135, 'cci_threshold': 30, 'en_rsi': True, 'rsi_n': 88, 'rsi_lower': 6, 'rsi_upper': 52, 'en_stochastic': False, 'stochastic_n': 61, 'stochastic_d': 29, 'stochastic_lower': 40, 'stochastic_upper': 71, 'en_mfi': False, 'mfi_n': 90, 'mfi_lower': 25, 'mfi_upper': 93, 'en_bollinger': False, 'bollinger_n': 68, 'bollinger_k': 4.8, 'en_adx': False, 'adx_n': 91, 'adx_threshold': 50, 'en_structure_trend': False, 'structure_trend_swing_l': 8, 'en_order_block': True, 'order_block_swing_l': 19, 'en_fvg': False, 'fvg_lookback': 31, 'en_ifvg': True, 'en_breaker': False, 'breaker_swing_l': 7, 'en_cisd': False, 'k': 1, 'en_cap_bars': False, 'cap_1min': 1181}.
[I 2026-07-13 13:52:03,785] Trial 515 finished with values: [572.728543462581, -1300.0, 45.0] and parameters: {'sl_soft': 13.238695178247545, 'sl_hard_delta': 22.63866675924395, 'tp': 25.724761594028553, 'gate_pct': 30.375843415186864, 'dd_limit': 2608.2965670663593, 'cooldown': 5, 'flip': False, 'en_ema_trend': True, 'ema_trend_fast': 373, 'ema_trend_slow': 251, 'en_sma_trend': True, 'sma_trend_fast': 212, 'sma_trend_slow': 302, 'en_macd': False, 'macd_fast': 31, 'macd_slow': 171, 'macd_signal': 2, 'en_vwap': True, 'en_keltner': False, 'keltner_n': 80, 'keltner_m': 0.8, 'en_obv': False, 'obv_slope': 89, 'en_cci': False, 'cci_n': 93, 'cci_threshold': 25, 'en_rsi': False, 'rsi_n': 65, 'rsi_lower': 19, 'rsi_upper': 64, 'en_stochastic': True, 'stochastic_n': 85, 'stochastic_d': 34, 'stochastic_lower': 22, 'stochastic_upper': 86, 'en_mfi': False, 'mfi_n': 66, 'mfi_lower': 47, 'mfi_upper': 94, 'en_bollinger': False, 'bollinger_n': 137, 'bollinger_k': 2.2, 'en_adx': False, 'adx_n': 91, 'adx_threshold': 39, 'en_structure_trend': False, 'structure_trend_swing_l': 15, 'en_order_block': True, 'order_block_swing_l': 10, 'en_fvg': False, 'fvg_lookback': 28, 'en_ifvg': True, 'en_breaker': False, 'breaker_swing_l': 3, 'en_cisd': True, 'k': 2, 'en_cap_bars': False, 'cap_1min': 126}.
[I 2026-07-13 13:52:10,065] Trial 516 finished with values: [710.8968328458286, -2314.8223457529093, 45.45] and parameters: {'sl_soft': 13.238695178247545, 'sl_hard_delta': 5.272172020324857, 'tp': 19.961455075232546, 'gate_pct': 52.57115913414096, 'dd_limit': 4898.848664308045, 'cooldown': 5, 'flip': False, 'en_ema_trend': False, 'ema_trend_fast': 188, 'ema_trend_slow': 47, 'en_sma_trend': False, 'sma_trend_fast': 212, 'sma_trend_slow': 275, 'en_macd': True, 'macd_fast': 81, 'macd_slow': 198, 'macd_signal': 2, 'en_vwap': False, 'en_keltner': False, 'keltner_n': 200, 'keltner_m': 4.0, 'en_obv': False, 'obv_slope': 89, 'en_cci': False, 'cci_n': 93, 'cci_threshold': 165, 'en_rsi': False, 'rsi_n': 21, 'rsi_lower': 6, 'rsi_upper': 58, 'en_stochastic': True, 'stochastic_n': 61, 'stochastic_d': 18, 'stochastic_lower': 4, 'stochastic_upper': 71, 'en_mfi': False, 'mfi_n': 82, 'mfi_lower': 47, 'mfi_upper': 93, 'en_bollinger': False, 'bollinger_n': 127, 'bollinger_k': 0.5, 'en_adx': False, 'adx_n': 91, 'adx_threshold': 34, 'en_structure_trend': False, 'structure_trend_swing_l': 15, 'en_order_block': True, 'order_block_swing_l': 8, 'en_fvg': False, 'fvg_lookback': 31, 'en_ifvg': True, 'en_breaker': True, 'breaker_swing_l': 3, 'en_cisd': False, 'k': 1, 'en_cap_bars': True, 'cap_1min': 1249}.
[I 2026-07-13 13:52:10,421] Trial 517 finished with values: [4124.527684602363, -3474.3780979063013, 57.8] and parameters: {'sl_soft': 18.340408262908845, 'sl_hard_delta': 5.50337271615407, 'tp': 25.724761594028553, 'gate_pct': 42.37120833684469, 'dd_limit': 1821.4925784082714, 'cooldown': 2, 'flip': False, 'en_ema_trend': False, 'ema_trend_fast': 304, 'ema_trend_slow': 367, 'en_sma_trend': True, 'sma_trend_fast': 88, 'sma_trend_slow': 6, 'en_macd': False, 'macd_fast': 31, 'macd_slow': 18, 'macd_signal': 75, 'en_vwap': False, 'en_keltner': False, 'keltner_n': 129, 'keltner_m': 4.8, 'en_obv': False, 'obv_slope': 17, 'en_cci': True, 'cci_n': 12, 'cci_threshold': 250, 'en_rsi': True, 'rsi_n': 55, 'rsi_lower': 18, 'rsi_upper': 72, 'en_stochastic': False, 'stochastic_n': 61, 'stochastic_d': 47, 'stochastic_lower': 40, 'stochastic_upper': 58, 'en_mfi': False, 'mfi_n': 59, 'mfi_lower': 42, 'mfi_upper': 98, 'en_bollinger': False, 'bollinger_n': 130, 'bollinger_k': 3.8000000000000003, 'en_adx': False, 'adx_n': 68, 'adx_threshold': 39, 'en_structure_trend': False, 'structure_trend_swing_l': 13, 'en_order_block': False, 'order_block_swing_l': 18, 'en_fvg': True, 'fvg_lookback': 37, 'en_ifvg': True, 'en_breaker': True, 'breaker_swing_l': 4, 'en_cisd': True, 'k': 1, 'en_cap_bars': True, 'cap_1min': 652}.
[I 2026-07-13 13:52:16,241] Trial 518 finished with values: [2088.8328120374354, -720.0, 66.9] and parameters: {'sl_soft': 13.238695178247545, 'sl_hard_delta': 20.008276295819254, 'tp': 19.961455075232546, 'gate_pct': 30.375843415186864, 'dd_limit': 2608.2965670663593, 'cooldown': 19, 'flip': False, 'en_ema_trend': False, 'ema_trend_fast': 188, 'ema_trend_slow': 359, 'en_sma_trend': True, 'sma_trend_fast': 185, 'sma_trend_slow': 302, 'en_macd': True, 'macd_fast': 81, 'macd_slow': 171, 'macd_signal': 75, 'en_vwap': True, 'en_keltner': False, 'keltner_n': 200, 'keltner_m': 2.2, 'en_obv': False, 'obv_slope': 109, 'en_cci': False, 'cci_n': 93, 'cci_threshold': 30, 'en_rsi': False, 'rsi_n': 21, 'rsi_lower': 6, 'rsi_upper': 64, 'en_stochastic': True, 'stochastic_n': 85, 'stochastic_d': 34, 'stochastic_lower': 4, 'stochastic_upper': 98, 'en_mfi': False, 'mfi_n': 90, 'mfi_lower': 47, 'mfi_upper': 94, 'en_bollinger': False, 'bollinger_n': 182, 'bollinger_k': 2.2, 'en_adx': False, 'adx_n': 91, 'adx_threshold': 39, 'en_structure_trend': False, 'structure_trend_swing_l': 15, 'en_order_block': True, 'order_block_swing_l': 8, 'en_fvg': False, 'fvg_lookback': 28, 'en_ifvg': True, 'en_breaker': True, 'breaker_swing_l': 3, 'en_cisd': False, 'k': 2, 'en_cap_bars': False, 'cap_1min': 1379}.
[I 2026-07-13 13:52:17,820] Trial 519 finished with values: [503.15623271628283, -3907.4798641190864, 41.65] and parameters: {'sl_soft': 13.238695178247545, 'sl_hard_delta': 29.433390779934655, 'tp': 25.724761594028553, 'gate_pct': 52.57115913414096, 'dd_limit': 3706.8765841622826, 'cooldown': 26, 'flip': False, 'en_ema_trend': False, 'ema_trend_fast': 11, 'ema_trend_slow': 212, 'en_sma_trend': True, 'sma_trend_fast': 45, 'sma_trend_slow': 14, 'en_macd': True, 'macd_fast': 37, 'macd_slow': 18, 'macd_signal': 75, 'en_vwap': True, 'en_keltner': False, 'keltner_n': 68, 'keltner_m': 1.5, 'en_obv': False, 'obv_slope': 161, 'en_cci': False, 'cci_n': 178, 'cci_threshold': 60, 'en_rsi': False, 'rsi_n': 84, 'rsi_lower': 19, 'rsi_upper': 94, 'en_stochastic': False, 'stochastic_n': 8, 'stochastic_d': 18, 'stochastic_lower': 4, 'stochastic_upper': 71, 'en_mfi': False, 'mfi_n': 82, 'mfi_lower': 47, 'mfi_upper': 93, 'en_bollinger': True, 'bollinger_n': 4, 'bollinger_k': 2.9000000000000004, 'en_adx': False, 'adx_n': 31, 'adx_threshold': 14, 'en_structure_trend': False, 'structure_trend_swing_l': 15, 'en_order_block': True, 'order_block_swing_l': 4, 'en_fvg': False, 'fvg_lookback': 28, 'en_ifvg': True, 'en_breaker': True, 'breaker_swing_l': 7, 'en_cisd': True, 'k': 1, 'en_cap_bars': True, 'cap_1min': 1379}.
[I 2026-07-13 13:52:18,789] Trial 520 finished with values: [-258.348612788177, -2786.697225576354, 42.4] and parameters: {'sl_soft': 6.033479501939727, 'sl_hard_delta': 29.231516187737615, 'tp': 12.666513872118841, 'gate_pct': 57.5709170331548, 'dd_limit': 2366.662293710854, 'cooldown': 11, 'flip': False, 'en_ema_trend': False, 'ema_trend_fast': 33, 'ema_trend_slow': 305, 'en_sma_trend': False, 'sma_trend_fast': 62, 'sma_trend_slow': 134, 'en_macd': True, 'macd_fast': 70, 'macd_slow': 193, 'macd_signal': 27, 'en_vwap': False, 'en_keltner': False, 'keltner_n': 3, 'keltner_m': 3.4000000000000004, 'en_obv': True, 'obv_slope': 38, 'en_cci': False, 'cci_n': 8, 'cci_threshold': 180, 'en_rsi': True, 'rsi_n': 46, 'rsi_lower': 47, 'rsi_upper': 61, 'en_stochastic': True, 'stochastic_n': 9, 'stochastic_d': 10, 'stochastic_lower': 40, 'stochastic_upper': 92, 'en_mfi': True, 'mfi_n': 43, 'mfi_lower': 24, 'mfi_upper': 93, 'en_bollinger': False, 'bollinger_n': 24, 'bollinger_k': 3.0, 'en_adx': False, 'adx_n': 77, 'adx_threshold': 32, 'en_structure_trend': True, 'structure_trend_swing_l': 9, 'en_order_block': False, 'order_block_swing_l': 1, 'en_fvg': True, 'fvg_lookback': 20, 'en_ifvg': False, 'en_breaker': False, 'breaker_swing_l': 20, 'en_cisd': True, 'k': 3, 'en_cap_bars': False, 'cap_1min': 1119}.
[I 2026-07-13 13:52:19,696] Trial 521 finished with values: [1166.292825670098, -3567.6189000648446, 38.400000000000006] and parameters: {'sl_soft': 6.033479501939727, 'sl_hard_delta': 29.231516187737615, 'tp': 25.724761594028553, 'gate_pct': 85.49285696347633, 'dd_limit': 2608.2965670663593, 'cooldown': 5, 'flip': False, 'en_ema_trend': False, 'ema_trend_fast': 373, 'ema_trend_slow': 251, 'en_sma_trend': False, 'sma_trend_fast': 212, 'sma_trend_slow': 302, 'en_macd': False, 'macd_fast': 31, 'macd_slow': 193, 'macd_signal': 27, 'en_vwap': False, 'en_keltner': False, 'keltner_n': 3, 'keltner_m': 2.2, 'en_obv': True, 'obv_slope': 38, 'en_cci': False, 'cci_n': 8, 'cci_threshold': 25, 'en_rsi': False, 'rsi_n': 46, 'rsi_lower': 3, 'rsi_upper': 61, 'en_stochastic': False, 'stochastic_n': 85, 'stochastic_d': 10, 'stochastic_lower': 4, 'stochastic_upper': 86, 'en_mfi': True, 'mfi_n': 82, 'mfi_lower': 24, 'mfi_upper': 93, 'en_bollinger': False, 'bollinger_n': 137, 'bollinger_k': 0.5, 'en_adx': False, 'adx_n': 91, 'adx_threshold': 50, 'en_structure_trend': False, 'structure_trend_swing_l': 5, 'en_order_block': False, 'order_block_swing_l': 10, 'en_fvg': True, 'fvg_lookback': 31, 'en_ifvg': False, 'en_breaker': True, 'breaker_swing_l': 3, 'en_cisd': False, 'k': 4, 'en_cap_bars': False, 'cap_1min': 126}.
[I 2026-07-13 13:52:25,702] Trial 522 finished with values: [-776.5536359407997, -2757.6720788761304, 36.65] and parameters: {'sl_soft': 14.365645445539696, 'sl_hard_delta': 5.50337271615407, 'tp': 25.724761594028553, 'gate_pct': 52.57115913414096, 'dd_limit': 1821.4925784082714, 'cooldown': 17, 'flip': False, 'en_ema_trend': False, 'ema_trend_fast': 41, 'ema_trend_slow': 346, 'en_sma_trend': True, 'sma_trend_fast': 91, 'sma_trend_slow': 307, 'en_macd': False, 'macd_fast': 31, 'macd_slow': 18, 'macd_signal': 75, 'en_vwap': True, 'en_keltner': False, 'keltner_n': 39, 'keltner_m': 0.8, 'en_obv': False, 'obv_slope': 141, 'en_cci': False, 'cci_n': 59, 'cci_threshold': 250, 'en_rsi': True, 'rsi_n': 54, 'rsi_lower': 37, 'rsi_upper': 72, 'en_stochastic': True, 'stochastic_n': 77, 'stochastic_d': 29, 'stochastic_lower': 40, 'stochastic_upper': 93, 'en_mfi': False, 'mfi_n': 70, 'mfi_lower': 17, 'mfi_upper': 88, 'en_bollinger': False, 'bollinger_n': 182, 'bollinger_k': 3.8000000000000003, 'en_adx': False, 'adx_n': 32, 'adx_threshold': 39, 'en_structure_trend': True, 'structure_trend_swing_l': 5, 'en_order_block': True, 'order_block_swing_l': 12, 'en_fvg': False, 'fvg_lookback': 1, 'en_ifvg': False, 'en_breaker': True, 'breaker_swing_l': 7, 'en_cisd': True, 'k': 1, 'en_cap_bars': False, 'cap_1min': 126}.
[I 2026-07-13 13:52:27,720] Trial 523 finished with values: [2323.5977051490045, -2306.770124031391, 64.7] and parameters: {'sl_soft': 14.938498535962665, 'sl_hard_delta': 29.433390779934655, 'tp': 16.332863072586186, 'gate_pct': 22.926972502704224, 'dd_limit': 3706.8765841622826, 'cooldown': 15, 'flip': False, 'en_ema_trend': True, 'ema_trend_fast': 11, 'ema_trend_slow': 226, 'en_sma_trend': False, 'sma_trend_fast': 59, 'sma_trend_slow': 324, 'en_macd': False, 'macd_fast': 37, 'macd_slow': 185, 'macd_signal': 100, 'en_vwap': True, 'en_keltner': True, 'keltner_n': 8, 'keltner_m': 1.5, 'en_obv': True, 'obv_slope': 120, 'en_cci': True, 'cci_n': 42, 'cci_threshold': 220, 'en_rsi': False, 'rsi_n': 84, 'rsi_lower': 20, 'rsi_upper': 68, 'en_stochastic': False, 'stochastic_n': 85, 'stochastic_d': 47, 'stochastic_lower': 42, 'stochastic_upper': 62, 'en_mfi': False, 'mfi_n': 86, 'mfi_lower': 25, 'mfi_upper': 98, 'en_bollinger': True, 'bollinger_n': 85, 'bollinger_k': 3.0, 'en_adx': False, 'adx_n': 2, 'adx_threshold': 17, 'en_structure_trend': False, 'structure_trend_swing_l': 13, 'en_order_block': True, 'order_block_swing_l': 6, 'en_fvg': False, 'fvg_lookback': 34, 'en_ifvg': False, 'en_breaker': True, 'breaker_swing_l': 18, 'en_cisd': True, 'k': 1, 'en_cap_bars': True, 'cap_1min': 1171}.
[I 2026-07-13 13:52:33,794] Trial 524 finished with values: [791.6498624090309, -3336.046046925185, 52.0] and parameters: {'sl_soft': 13.238695178247545, 'sl_hard_delta': 20.008276295819254, 'tp': 19.961455075232546, 'gate_pct': 52.57115913414096, 'dd_limit': 4898.848664308045, 'cooldown': 19, 'flip': False, 'en_ema_trend': False, 'ema_trend_fast': 188, 'ema_trend_slow': 346, 'en_sma_trend': False, 'sma_trend_fast': 167, 'sma_trend_slow': 275, 'en_macd': False, 'macd_fast': 91, 'macd_slow': 198, 'macd_signal': 2, 'en_vwap': True, 'en_keltner': False, 'keltner_n': 80, 'keltner_m': 2.2, 'en_obv': False, 'obv_slope': 89, 'en_cci': False, 'cci_n': 176, 'cci_threshold': 30, 'en_rsi': False, 'rsi_n': 21, 'rsi_lower': 19, 'rsi_upper': 64, 'en_stochastic': True, 'stochastic_n': 63, 'stochastic_d': 18, 'stochastic_lower': 22, 'stochastic_upper': 98, 'en_mfi': False, 'mfi_n': 82, 'mfi_lower': 47, 'mfi_upper': 93, 'en_bollinger': False, 'bollinger_n': 137, 'bollinger_k': 2.2, 'en_adx': False, 'adx_n': 91, 'adx_threshold': 50, 'en_structure_trend': False, 'structure_trend_swing_l': 5, 'en_order_block': True, 'order_block_swing_l': 8, 'en_fvg': False, 'fvg_lookback': 31, 'en_ifvg': True, 'en_breaker': False, 'breaker_swing_l': 3, 'en_cisd': True, 'k': 2, 'en_cap_bars': True, 'cap_1min': 1379}.
[I 2026-07-13 13:52:34,299] Trial 525 finished with values: [2651.824793169799, -3303.5561729625624, 49.4] and parameters: {'sl_soft': 13.238695178247545, 'sl_hard_delta': 5.272172020324857, 'tp': 23.99269298666304, 'gate_pct': 47.67526199665095, 'dd_limit': 4898.848664308045, 'cooldown': 19, 'flip': False, 'en_ema_trend': True, 'ema_trend_fast': 373, 'ema_trend_slow': 346, 'en_sma_trend': False, 'sma_trend_fast': 212, 'sma_trend_slow': 258, 'en_macd': True, 'macd_fast': 66, 'macd_slow': 198, 'macd_signal': 75, 'en_vwap': True, 'en_keltner': False, 'keltner_n': 62, 'keltner_m': 0.8, 'en_obv': False, 'obv_slope': 24, 'en_cci': False, 'cci_n': 176, 'cci_threshold': 25, 'en_rsi': False, 'rsi_n': 65, 'rsi_lower': 19, 'rsi_upper': 75, 'en_stochastic': True, 'stochastic_n': 63, 'stochastic_d': 34, 'stochastic_lower': 22, 'stochastic_upper': 98, 'en_mfi': False, 'mfi_n': 66, 'mfi_lower': 17, 'mfi_upper': 94, 'en_bollinger': False, 'bollinger_n': 127, 'bollinger_k': 2.2, 'en_adx': False, 'adx_n': 7, 'adx_threshold': 34, 'en_structure_trend': False, 'structure_trend_swing_l': 15, 'en_order_block': True, 'order_block_swing_l': 8, 'en_fvg': False, 'fvg_lookback': 28, 'en_ifvg': True, 'en_breaker': False, 'breaker_swing_l': 3, 'en_cisd': True, 'k': 2, 'en_cap_bars': False, 'cap_1min': 1379}.
[I 2026-07-13 13:52:34,669] Trial 526 finished with values: [2117.9787244143154, -2109.3942733354197, 44.4] and parameters: {'sl_soft': 13.238695178247545, 'sl_hard_delta': 5.50337271615407, 'tp': 25.724761594028553, 'gate_pct': 29.897602569804548, 'dd_limit': 2608.2965670663593, 'cooldown': 19, 'flip': False, 'en_ema_trend': True, 'ema_trend_fast': 373, 'ema_trend_slow': 251, 'en_sma_trend': False, 'sma_trend_fast': 88, 'sma_trend_slow': 391, 'en_macd': False, 'macd_fast': 66, 'macd_slow': 171, 'macd_signal': 75, 'en_vwap': False, 'en_keltner': True, 'keltner_n': 129, 'keltner_m': 2.9000000000000004, 'en_obv': True, 'obv_slope': 109, 'en_cci': False, 'cci_n': 135, 'cci_threshold': 30, 'en_rsi': False, 'rsi_n': 88, 'rsi_lower': 19, 'rsi_upper': 52, 'en_stochastic': False, 'stochastic_n': 57, 'stochastic_d': 29, 'stochastic_lower': 22, 'stochastic_upper': 98, 'en_mfi': False, 'mfi_n': 15, 'mfi_lower': 25, 'mfi_upper': 75, 'en_bollinger': False, 'bollinger_n': 40, 'bollinger_k': 4.8, 'en_adx': False, 'adx_n': 75, 'adx_threshold': 36, 'en_structure_trend': False, 'structure_trend_swing_l': 8, 'en_order_block': False, 'order_block_swing_l': 8, 'en_fvg': True, 'fvg_lookback': 28, 'en_ifvg': True, 'en_breaker': False, 'breaker_swing_l': 4, 'en_cisd': True, 'k': 2, 'en_cap_bars': False, 'cap_1min': 1379}.
[I 2026-07-13 13:52:40,244] Trial 527 finished with values: [399.6966479946059, -2213.0835939812823, 55.0] and parameters: {'sl_soft': 16.114590850050682, 'sl_hard_delta': 29.433390779934655, 'tp': 19.961455075232546, 'gate_pct': 22.926972502704224, 'dd_limit': 3706.8765841622826, 'cooldown': 26, 'flip': False, 'en_ema_trend': False, 'ema_trend_fast': 11, 'ema_trend_slow': 212, 'en_sma_trend': True, 'sma_trend_fast': 45, 'sma_trend_slow': 14, 'en_macd': True, 'macd_fast': 37, 'macd_slow': 18, 'macd_signal': 100, 'en_vwap': True, 'en_keltner': False, 'keltner_n': 62, 'keltner_m': 2.2, 'en_obv': False, 'obv_slope': 24, 'en_cci': False, 'cci_n': 37, 'cci_threshold': 60, 'en_rsi': False, 'rsi_n': 21, 'rsi_lower': 42, 'rsi_upper': 58, 'en_stochastic': True, 'stochastic_n': 63, 'stochastic_d': 47, 'stochastic_lower': 4, 'stochastic_upper': 70, 'en_mfi': False, 'mfi_n': 82, 'mfi_lower': 47, 'mfi_upper': 93, 'en_bollinger': True, 'bollinger_n': 125, 'bollinger_k': 2.2, 'en_adx': False, 'adx_n': 31, 'adx_threshold': 14, 'en_structure_trend': False, 'structure_trend_swing_l': 15, 'en_order_block': True, 'order_block_swing_l': 10, 'en_fvg': False, 'fvg_lookback': 28, 'en_ifvg': False, 'en_breaker': False, 'breaker_swing_l': 7, 'en_cisd': True, 'k': 1, 'en_cap_bars': True, 'cap_1min': 1171}.
[I 2026-07-13 13:52:42,858] Trial 528 pruned. 
[I 2026-07-13 13:52:45,040] Trial 529 finished with values: [79.73694798783981, -2086.501131713594, 28.3] and parameters: {'sl_soft': 6.033479501939727, 'sl_hard_delta': 10.341191181941891, 'tp': 25.724761594028553, 'gate_pct': 30.375843415186864, 'dd_limit': 3706.8765841622826, 'cooldown': 1, 'flip': False, 'en_ema_trend': False, 'ema_trend_fast': 299, 'ema_trend_slow': 305, 'en_sma_trend': False, 'sma_trend_fast': 212, 'sma_trend_slow': 302, 'en_macd': False, 'macd_fast': 37, 'macd_slow': 179, 'macd_signal': 100, 'en_vwap': False, 'en_keltner': True, 'keltner_n': 38, 'keltner_m': 0.8, 'en_obv': True, 'obv_slope': 97, 'en_cci': True, 'cci_n': 109, 'cci_threshold': 135, 'en_rsi': True, 'rsi_n': 65, 'rsi_lower': 6, 'rsi_upper': 64, 'en_stochastic': True, 'stochastic_n': 63, 'stochastic_d': 6, 'stochastic_lower': 4, 'stochastic_upper': 62, 'en_mfi': False, 'mfi_n': 95, 'mfi_lower': 24, 'mfi_upper': 93, 'en_bollinger': False, 'bollinger_n': 24, 'bollinger_k': 3.0, 'en_adx': False, 'adx_n': 2, 'adx_threshold': 32, 'en_structure_trend': False, 'structure_trend_swing_l': 5, 'en_order_block': True, 'order_block_swing_l': 19, 'en_fvg': True, 'fvg_lookback': 28, 'en_ifvg': False, 'en_breaker': False, 'breaker_swing_l': 3, 'en_cisd': True, 'k': 1, 'en_cap_bars': False, 'cap_1min': 1379}.
