[I 2026-07-13 14:08:27,412] Trial 1416 finished with values: [1996.8312661634263, -696.5062494013546, 91.95] and parameters: {'sl_soft': 16.114590850050682, 'sl_hard_delta': 22.63866675924395, 'tp': 7.1746875299333865, 'gate_pct': 30.375843415186864, 'dd_limit': 2608.2965670663593, 'cooldown': 19, 'flip': False, 'en_ema_trend': True, 'ema_trend_fast': 41, 'ema_trend_slow': 346, 'en_sma_trend': True, 'sma_trend_fast': 212, 'sma_trend_slow': 169, 'en_macd': True, 'macd_fast': 91, 'macd_slow': 198, 'macd_signal': 75, 'en_vwap': True, 'en_keltner': False, 'keltner_n': 62, 'keltner_m': 0.8, 'en_obv': True, 'obv_slope': 109, 'en_cci': False, 'cci_n': 52, 'cci_threshold': 25, 'en_rsi': False, 'rsi_n': 55, 'rsi_lower': 19, 'rsi_upper': 64, 'en_stochastic': False, 'stochastic_n': 57, 'stochastic_d': 2, 'stochastic_lower': 12, 'stochastic_upper': 62, 'en_mfi': True, 'mfi_n': 66, 'mfi_lower': 17, 'mfi_upper': 94, 'en_bollinger': True, 'bollinger_n': 182, 'bollinger_k': 3.3000000000000003, 'en_adx': False, 'adx_n': 64, 'adx_threshold': 35, 'en_structure_trend': False, 'structure_trend_swing_l': 18, 'en_order_block': False, 'order_block_swing_l': 8, 'en_fvg': False, 'fvg_lookback': 6, 'en_ifvg': True, 'en_breaker': False, 'breaker_swing_l': 13, 'en_cisd': True, 'k': 2, 'en_cap_bars': False, 'cap_1min': 1249}.
[I 2026-07-13 14:08:27,751] Trial 1417 finished with values: [4704.447550686309, -1355.0, 74.05] and parameters: {'sl_soft': 18.340408262908845, 'sl_hard_delta': 22.63866675924395, 'tp': 25.724761594028553, 'gate_pct': 30.375843415186864, 'dd_limit': 1821.4925784082714, 'cooldown': 5, 'flip': False, 'en_ema_trend': True, 'ema_trend_fast': 373, 'ema_trend_slow': 251, 'en_sma_trend': True, 'sma_trend_fast': 88, 'sma_trend_slow': 2, 'en_macd': True, 'macd_fast': 66, 'macd_slow': 18, 'macd_signal': 50, 'en_vwap': False, 'en_keltner': False, 'keltner_n': 129, 'keltner_m': 0.8, 'en_obv': True, 'obv_slope': 141, 'en_cci': True, 'cci_n': 93, 'cci_threshold': 25, 'en_rsi': True, 'rsi_n': 65, 'rsi_lower': 42, 'rsi_upper': 75, 'en_stochastic': False, 'stochastic_n': 85, 'stochastic_d': 9, 'stochastic_lower': 4, 'stochastic_upper': 62, 'en_mfi': False, 'mfi_n': 39, 'mfi_lower': 45, 'mfi_upper': 98, 'en_bollinger': False, 'bollinger_n': 130, 'bollinger_k': 2.2, 'en_adx': False, 'adx_n': 7, 'adx_threshold': 50, 'en_structure_trend': False, 'structure_trend_swing_l': 15, 'en_order_block': False, 'order_block_swing_l': 15, 'en_fvg': False, 'fvg_lookback': 6, 'en_ifvg': True, 'en_breaker': False, 'breaker_swing_l': 4, 'en_cisd': True, 'k': 2, 'en_cap_bars': True, 'cap_1min': 126}.
[I 2026-07-13 14:08:28,102] Trial 1418 finished with values: [2760.7463167991955, -1405.0, 54.45] and parameters: {'sl_soft': 13.238695178247545, 'sl_hard_delta': 22.63866675924395, 'tp': 23.99269298666304, 'gate_pct': 30.375843415186864, 'dd_limit': 2608.2965670663593, 'cooldown': 19, 'flip': False, 'en_ema_trend': True, 'ema_trend_fast': 373, 'ema_trend_slow': 212, 'en_sma_trend': True, 'sma_trend_fast': 88, 'sma_trend_slow': 2, 'en_macd': False, 'macd_fast': 91, 'macd_slow': 18, 'macd_signal': 75, 'en_vwap': False, 'en_keltner': True, 'keltner_n': 129, 'keltner_m': 0.8, 'en_obv': True, 'obv_slope': 109, 'en_cci': False, 'cci_n': 33, 'cci_threshold': 25, 'en_rsi': False, 'rsi_n': 65, 'rsi_lower': 42, 'rsi_upper': 75, 'en_stochastic': False, 'stochastic_n': 57, 'stochastic_d': 9, 'stochastic_lower': 22, 'stochastic_upper': 62, 'en_mfi': False, 'mfi_n': 39, 'mfi_lower': 45, 'mfi_upper': 98, 'en_bollinger': False, 'bollinger_n': 127, 'bollinger_k': 3.8000000000000003, 'en_adx': False, 'adx_n': 90, 'adx_threshold': 39, 'en_structure_trend': False, 'structure_trend_swing_l': 15, 'en_order_block': True, 'order_block_swing_l': 8, 'en_fvg': False, 'fvg_lookback': 6, 'en_ifvg': True, 'en_breaker': False, 'breaker_swing_l': 7, 'en_cisd': True, 'k': 2, 'en_cap_bars': True, 'cap_1min': 1113}.
[I 2026-07-13 14:08:28,756] Trial 1419 finished with values: [2049.719194486388, -1112.4573429174052, 83.6] and parameters: {'sl_soft': 16.114590850050682, 'sl_hard_delta': 20.008276295819254, 'tp': 13.298595972433171, 'gate_pct': 30.375843415186864, 'dd_limit': 2608.2965670663593, 'cooldown': 19, 'flip': False, 'en_ema_trend': False, 'ema_trend_fast': 188, 'ema_trend_slow': 359, 'en_sma_trend': True, 'sma_trend_fast': 185, 'sma_trend_slow': 169, 'en_macd': True, 'macd_fast': 81, 'macd_slow': 171, 'macd_signal': 75, 'en_vwap': True, 'en_keltner': False, 'keltner_n': 200, 'keltner_m': 4.0, 'en_obv': False, 'obv_slope': 109, 'en_cci': True, 'cci_n': 93, 'cci_threshold': 30, 'en_rsi': True, 'rsi_n': 21, 'rsi_lower': 42, 'rsi_upper': 64, 'en_stochastic': False, 'stochastic_n': 57, 'stochastic_d': 2, 'stochastic_lower': 12, 'stochastic_upper': 62, 'en_mfi': False, 'mfi_n': 90, 'mfi_lower': 17, 'mfi_upper': 94, 'en_bollinger': False, 'bollinger_n': 182, 'bollinger_k': 2.2, 'en_adx': False, 'adx_n': 91, 'adx_threshold': 39, 'en_structure_trend': False, 'structure_trend_swing_l': 15, 'en_order_block': True, 'order_block_swing_l': 4, 'en_fvg': False, 'fvg_lookback': 28, 'en_ifvg': True, 'en_breaker': False, 'breaker_swing_l': 13, 'en_cisd': False, 'k': 2, 'en_cap_bars': False, 'cap_1min': 1249}.
[I 2026-07-13 14:08:29,081] Trial 1420 finished with values: [892.4964449175241, -725.2173439714534, 87.85] and parameters: {'sl_soft': 13.238695178247545, 'sl_hard_delta': 5.272172020324857, 'tp': 5.791289843497957, 'gate_pct': 30.375843415186864, 'dd_limit': 2608.2965670663593, 'cooldown': 19, 'flip': False, 'en_ema_trend': False, 'ema_trend_fast': 41, 'ema_trend_slow': 251, 'en_sma_trend': True, 'sma_trend_fast': 88, 'sma_trend_slow': 2, 'en_macd': True, 'macd_fast': 91, 'macd_slow': 198, 'macd_signal': 94, 'en_vwap': True, 'en_keltner': False, 'keltner_n': 36, 'keltner_m': 4.0, 'en_obv': True, 'obv_slope': 109, 'en_cci': True, 'cci_n': 52, 'cci_threshold': 30, 'en_rsi': True, 'rsi_n': 55, 'rsi_lower': 42, 'rsi_upper': 64, 'en_stochastic': False, 'stochastic_n': 57, 'stochastic_d': 9, 'stochastic_lower': 4, 'stochastic_upper': 62, 'en_mfi': True, 'mfi_n': 94, 'mfi_lower': 17, 'mfi_upper': 98, 'en_bollinger': False, 'bollinger_n': 127, 'bollinger_k': 3.3000000000000003, 'en_adx': False, 'adx_n': 89, 'adx_threshold': 35, 'en_structure_trend': False, 'structure_trend_swing_l': 15, 'en_order_block': True, 'order_block_swing_l': 4, 'en_fvg': False, 'fvg_lookback': 6, 'en_ifvg': True, 'en_breaker': False, 'breaker_swing_l': 13, 'en_cisd': True, 'k': 2, 'en_cap_bars': False, 'cap_1min': 126}.
[I 2026-07-13 14:08:29,768] Trial 1421 finished with values: [1456.719007223728, -1267.5472387498303, 56.3] and parameters: {'sl_soft': 13.238695178247545, 'sl_hard_delta': 22.63866675924395, 'tp': 25.724761594028553, 'gate_pct': 30.375843415186864, 'dd_limit': 2608.2965670663593, 'cooldown': 19, 'flip': False, 'en_ema_trend': True, 'ema_trend_fast': 373, 'ema_trend_slow': 251, 'en_sma_trend': True, 'sma_trend_fast': 88, 'sma_trend_slow': 2, 'en_macd': False, 'macd_fast': 91, 'macd_slow': 18, 'macd_signal': 75, 'en_vwap': False, 'en_keltner': True, 'keltner_n': 129, 'keltner_m': 0.8, 'en_obv': True, 'obv_slope': 109, 'en_cci': False, 'cci_n': 93, 'cci_threshold': 25, 'en_rsi': False, 'rsi_n': 55, 'rsi_lower': 42, 'rsi_upper': 75, 'en_stochastic': False, 'stochastic_n': 57, 'stochastic_d': 9, 'stochastic_lower': 22, 'stochastic_upper': 62, 'en_mfi': True, 'mfi_n': 39, 'mfi_lower': 45, 'mfi_upper': 98, 'en_bollinger': False, 'bollinger_n': 127, 'bollinger_k': 3.8000000000000003, 'en_adx': False, 'adx_n': 64, 'adx_threshold': 39, 'en_structure_trend': False, 'structure_trend_swing_l': 15, 'en_order_block': True, 'order_block_swing_l': 8, 'en_fvg': False, 'fvg_lookback': 6, 'en_ifvg': True, 'en_breaker': False, 'breaker_swing_l': 4, 'en_cisd': True, 'k': 2, 'en_cap_bars': False, 'cap_1min': 126}.
[I 2026-07-13 14:08:30,083] Trial 1422 finished with values: [1169.9891597804162, -1220.0, 65.5] and parameters: {'sl_soft': 16.114590850050682, 'sl_hard_delta': 20.008276295819254, 'tp': 19.961455075232546, 'gate_pct': 30.375843415186864, 'dd_limit': 2608.2965670663593, 'cooldown': 19, 'flip': False, 'en_ema_trend': False, 'ema_trend_fast': 188, 'ema_trend_slow': 346, 'en_sma_trend': True, 'sma_trend_fast': 212, 'sma_trend_slow': 302, 'en_macd': True, 'macd_fast': 91, 'macd_slow': 198, 'macd_signal': 75, 'en_vwap': True, 'en_keltner': False, 'keltner_n': 200, 'keltner_m': 4.0, 'en_obv': False, 'obv_slope': 109, 'en_cci': True, 'cci_n': 93, 'cci_threshold': 25, 'en_rsi': False, 'rsi_n': 21, 'rsi_lower': 42, 'rsi_upper': 64, 'en_stochastic': True, 'stochastic_n': 85, 'stochastic_d': 2, 'stochastic_lower': 12, 'stochastic_upper': 98, 'en_mfi': True, 'mfi_n': 90, 'mfi_lower': 17, 'mfi_upper': 94, 'en_bollinger': True, 'bollinger_n': 127, 'bollinger_k': 2.2, 'en_adx': False, 'adx_n': 64, 'adx_threshold': 39, 'en_structure_trend': False, 'structure_trend_swing_l': 15, 'en_order_block': True, 'order_block_swing_l': 4, 'en_fvg': False, 'fvg_lookback': 28, 'en_ifvg': True, 'en_breaker': False, 'breaker_swing_l': 13, 'en_cisd': False, 'k': 2, 'en_cap_bars': False, 'cap_1min': 1355}.
[I 2026-07-13 14:08:30,552] Trial 1423 pruned. 
[I 2026-07-13 14:08:31,546] Trial 1424 finished with values: [2763.92777597619, -777.7352574074757, 85.9] and parameters: {'sl_soft': 16.114590850050682, 'sl_hard_delta': 5.272172020324857, 'tp': 13.298595972433171, 'gate_pct': 30.375843415186864, 'dd_limit': 2608.2965670663593, 'cooldown': 19, 'flip': False, 'en_ema_trend': True, 'ema_trend_fast': 41, 'ema_trend_slow': 346, 'en_sma_trend': True, 'sma_trend_fast': 212, 'sma_trend_slow': 169, 'en_macd': True, 'macd_fast': 91, 'macd_slow': 198, 'macd_signal': 75, 'en_vwap': True, 'en_keltner': False, 'keltner_n': 62, 'keltner_m': 4.0, 'en_obv': True, 'obv_slope': 109, 'en_cci': True, 'cci_n': 52, 'cci_threshold': 25, 'en_rsi': True, 'rsi_n': 55, 'rsi_lower': 42, 'rsi_upper': 64, 'en_stochastic': False, 'stochastic_n': 57, 'stochastic_d': 2, 'stochastic_lower': 12, 'stochastic_upper': 62, 'en_mfi': True, 'mfi_n': 94, 'mfi_lower': 17, 'mfi_upper': 89, 'en_bollinger': True, 'bollinger_n': 127, 'bollinger_k': 3.3000000000000003, 'en_adx': False, 'adx_n': 64, 'adx_threshold': 35, 'en_structure_trend': False, 'structure_trend_swing_l': 15, 'en_order_block': True, 'order_block_swing_l': 4, 'en_fvg': False, 'fvg_lookback': 6, 'en_ifvg': True, 'en_breaker': False, 'breaker_swing_l': 13, 'en_cisd': True, 'k': 2, 'en_cap_bars': False, 'cap_1min': 1249}.
[I 2026-07-13 14:08:31,926] Trial 1425 finished with values: [1398.5578201843964, -941.6968125200947, 98.2] and parameters: {'sl_soft': 18.340408262908845, 'sl_hard_delta': 22.63866675924395, 'tp': 5.791289843497957, 'gate_pct': 30.375843415186864, 'dd_limit': 2608.2965670663593, 'cooldown': 5, 'flip': False, 'en_ema_trend': True, 'ema_trend_fast': 373, 'ema_trend_slow': 251, 'en_sma_trend': True, 'sma_trend_fast': 185, 'sma_trend_slow': 169, 'en_macd': True, 'macd_fast': 91, 'macd_slow': 198, 'macd_signal': 75, 'en_vwap': True, 'en_keltner': False, 'keltner_n': 80, 'keltner_m': 0.8, 'en_obv': True, 'obv_slope': 109, 'en_cci': False, 'cci_n': 37, 'cci_threshold': 250, 'en_rsi': False, 'rsi_n': 55, 'rsi_lower': 19, 'rsi_upper': 64, 'en_stochastic': False, 'stochastic_n': 57, 'stochastic_d': 9, 'stochastic_lower': 4, 'stochastic_upper': 62, 'en_mfi': True, 'mfi_n': 66, 'mfi_lower': 17, 'mfi_upper': 94, 'en_bollinger': True, 'bollinger_n': 182, 'bollinger_k': 3.8000000000000003, 'en_adx': False, 'adx_n': 64, 'adx_threshold': 39, 'en_structure_trend': False, 'structure_trend_swing_l': 6, 'en_order_block': False, 'order_block_swing_l': 4, 'en_fvg': False, 'fvg_lookback': 6, 'en_ifvg': True, 'en_breaker': True, 'breaker_swing_l': 3, 'en_cisd': True, 'k': 2, 'en_cap_bars': True, 'cap_1min': 1379}.
[I 2026-07-13 14:08:32,224] Trial 1426 pruned. 
[I 2026-07-13 14:08:32,644] Trial 1427 finished with values: [3754.4357112214493, -822.7352574074757, 74.6] and parameters: {'sl_soft': 16.114590850050682, 'sl_hard_delta': 5.272172020324857, 'tp': 23.99269298666304, 'gate_pct': 30.375843415186864, 'dd_limit': 2608.2965670663593, 'cooldown': 1, 'flip': False, 'en_ema_trend': True, 'ema_trend_fast': 41, 'ema_trend_slow': 346, 'en_sma_trend': True, 'sma_trend_fast': 212, 'sma_trend_slow': 169, 'en_macd': True, 'macd_fast': 31, 'macd_slow': 198, 'macd_signal': 75, 'en_vwap': True, 'en_keltner': False, 'keltner_n': 62, 'keltner_m': 4.0, 'en_obv': True, 'obv_slope': 109, 'en_cci': True, 'cci_n': 52, 'cci_threshold': 30, 'en_rsi': True, 'rsi_n': 55, 'rsi_lower': 42, 'rsi_upper': 75, 'en_stochastic': False, 'stochastic_n': 57, 'stochastic_d': 38, 'stochastic_lower': 12, 'stochastic_upper': 62, 'en_mfi': True, 'mfi_n': 94, 'mfi_lower': 17, 'mfi_upper': 94, 'en_bollinger': True, 'bollinger_n': 127, 'bollinger_k': 3.3000000000000003, 'en_adx': False, 'adx_n': 64, 'adx_threshold': 35, 'en_structure_trend': False, 'structure_trend_swing_l': 14, 'en_order_block': True, 'order_block_swing_l': 8, 'en_fvg': False, 'fvg_lookback': 28, 'en_ifvg': True, 'en_breaker': False, 'breaker_swing_l': 13, 'en_cisd': True, 'k': 2, 'en_cap_bars': True, 'cap_1min': 1113}.
[I 2026-07-13 14:08:32,927] Trial 1428 finished with values: [2128.677073659346, -1215.0, 76.05] and parameters: {'sl_soft': 13.238695178247545, 'sl_hard_delta': 22.63866675924395, 'tp': 13.298595972433171, 'gate_pct': 30.375843415186864, 'dd_limit': 2608.2965670663593, 'cooldown': 19, 'flip': False, 'en_ema_trend': True, 'ema_trend_fast': 41, 'ema_trend_slow': 251, 'en_sma_trend': True, 'sma_trend_fast': 212, 'sma_trend_slow': 169, 'en_macd': False, 'macd_fast': 91, 'macd_slow': 198, 'macd_signal': 75, 'en_vwap': False, 'en_keltner': False, 'keltner_n': 119, 'keltner_m': 0.8, 'en_obv': True, 'obv_slope': 109, 'en_cci': False, 'cci_n': 52, 'cci_threshold': 25, 'en_rsi': True, 'rsi_n': 55, 'rsi_lower': 42, 'rsi_upper': 75, 'en_stochastic': False, 'stochastic_n': 57, 'stochastic_d': 2, 'stochastic_lower': 22, 'stochastic_upper': 65, 'en_mfi': True, 'mfi_n': 94, 'mfi_lower': 17, 'mfi_upper': 94, 'en_bollinger': True, 'bollinger_n': 127, 'bollinger_k': 3.3000000000000003, 'en_adx': False, 'adx_n': 91, 'adx_threshold': 35, 'en_structure_trend': False, 'structure_trend_swing_l': 14, 'en_order_block': False, 'order_block_swing_l': 4, 'en_fvg': False, 'fvg_lookback': 30, 'en_ifvg': True, 'en_breaker': False, 'breaker_swing_l': 3, 'en_cisd': True, 'k': 2, 'en_cap_bars': False, 'cap_1min': 1249}.
[I 2026-07-13 14:08:33,331] Trial 1429 finished with values: [2763.92777597619, -777.7352574074757, 85.9] and parameters: {'sl_soft': 16.114590850050682, 'sl_hard_delta': 5.272172020324857, 'tp': 13.298595972433171, 'gate_pct': 30.375843415186864, 'dd_limit': 2608.2965670663593, 'cooldown': 19, 'flip': False, 'en_ema_trend': True, 'ema_trend_fast': 41, 'ema_trend_slow': 346, 'en_sma_trend': True, 'sma_trend_fast': 212, 'sma_trend_slow': 169, 'en_macd': True, 'macd_fast': 91, 'macd_slow': 198, 'macd_signal': 75, 'en_vwap': True, 'en_keltner': False, 'keltner_n': 62, 'keltner_m': 4.0, 'en_obv': True, 'obv_slope': 109, 'en_cci': True, 'cci_n': 52, 'cci_threshold': 25, 'en_rsi': True, 'rsi_n': 55, 'rsi_lower': 42, 'rsi_upper': 64, 'en_stochastic': False, 'stochastic_n': 57, 'stochastic_d': 2, 'stochastic_lower': 12, 'stochastic_upper': 62, 'en_mfi': True, 'mfi_n': 94, 'mfi_lower': 17, 'mfi_upper': 94, 'en_bollinger': True, 'bollinger_n': 127, 'bollinger_k': 3.3000000000000003, 'en_adx': False, 'adx_n': 64, 'adx_threshold': 35, 'en_structure_trend': False, 'structure_trend_swing_l': 15, 'en_order_block': True, 'order_block_swing_l': 4, 'en_fvg': False, 'fvg_lookback': 6, 'en_ifvg': True, 'en_breaker': False, 'breaker_swing_l': 13, 'en_cisd': True, 'k': 2, 'en_cap_bars': False, 'cap_1min': 1249}.
[I 2026-07-13 14:08:33,691] Trial 1430 finished with values: [3643.465527199296, -1020.2112924526591, 68.5] and parameters: {'sl_soft': 16.114590850050682, 'sl_hard_delta': 22.63866675924395, 'tp': 23.99269298666304, 'gate_pct': 30.375843415186864, 'dd_limit': 2608.2965670663593, 'cooldown': 19, 'flip': False, 'en_ema_trend': True, 'ema_trend_fast': 373, 'ema_trend_slow': 346, 'en_sma_trend': True, 'sma_trend_fast': 212, 'sma_trend_slow': 302, 'en_macd': True, 'macd_fast': 31, 'macd_slow': 198, 'macd_signal': 75, 'en_vwap': True, 'en_keltner': False, 'keltner_n': 62, 'keltner_m': 4.0, 'en_obv': True, 'obv_slope': 24, 'en_cci': False, 'cci_n': 37, 'cci_threshold': 30, 'en_rsi': True, 'rsi_n': 55, 'rsi_lower': 19, 'rsi_upper': 75, 'en_stochastic': False, 'stochastic_n': 57, 'stochastic_d': 16, 'stochastic_lower': 12, 'stochastic_upper': 62, 'en_mfi': True, 'mfi_n': 94, 'mfi_lower': 17, 'mfi_upper': 72, 'en_bollinger': False, 'bollinger_n': 127, 'bollinger_k': 3.8000000000000003, 'en_adx': False, 'adx_n': 91, 'adx_threshold': 35, 'en_structure_trend': False, 'structure_trend_swing_l': 15, 'en_order_block': True, 'order_block_swing_l': 8, 'en_fvg': False, 'fvg_lookback': 6, 'en_ifvg': True, 'en_breaker': False, 'breaker_swing_l': 3, 'en_cisd': True, 'k': 2, 'en_cap_bars': False, 'cap_1min': 1249}.
[I 2026-07-13 14:08:34,103] Trial 1431 finished with values: [1121.3687481975649, -740.4346879429067, 70.75] and parameters: {'sl_soft': 13.238695178247545, 'sl_hard_delta': 5.272172020324857, 'tp': 13.298595972433171, 'gate_pct': 30.375843415186864, 'dd_limit': 2608.2965670663593, 'cooldown': 19, 'flip': False, 'en_ema_trend': False, 'ema_trend_fast': 41, 'ema_trend_slow': 346, 'en_sma_trend': True, 'sma_trend_fast': 212, 'sma_trend_slow': 169, 'en_macd': True, 'macd_fast': 83, 'macd_slow': 198, 'macd_signal': 75, 'en_vwap': True, 'en_keltner': False, 'keltner_n': 62, 'keltner_m': 4.0, 'en_obv': True, 'obv_slope': 109, 'en_cci': True, 'cci_n': 176, 'cci_threshold': 25, 'en_rsi': False, 'rsi_n': 55, 'rsi_lower': 42, 'rsi_upper': 64, 'en_stochastic': True, 'stochastic_n': 85, 'stochastic_d': 34, 'stochastic_lower': 12, 'stochastic_upper': 98, 'en_mfi': True, 'mfi_n': 97, 'mfi_lower': 17, 'mfi_upper': 94, 'en_bollinger': False, 'bollinger_n': 182, 'bollinger_k': 3.3000000000000003, 'en_adx': False, 'adx_n': 64, 'adx_threshold': 35, 'en_structure_trend': False, 'structure_trend_swing_l': 14, 'en_order_block': True, 'order_block_swing_l': 4, 'en_fvg': False, 'fvg_lookback': 6, 'en_ifvg': True, 'en_breaker': False, 'breaker_swing_l': 13, 'en_cisd': True, 'k': 3, 'en_cap_bars': False, 'cap_1min': 1379}.
[I 2026-07-13 14:08:35,018] Trial 1432 pruned. 
[I 2026-07-13 14:08:35,410] Trial 1433 finished with values: [2763.92777597619, -777.7352574074757, 85.9] and parameters: {'sl_soft': 16.114590850050682, 'sl_hard_delta': 5.272172020324857, 'tp': 13.298595972433171, 'gate_pct': 30.375843415186864, 'dd_limit': 2608.2965670663593, 'cooldown': 19, 'flip': False, 'en_ema_trend': True, 'ema_trend_fast': 41, 'ema_trend_slow': 346, 'en_sma_trend': True, 'sma_trend_fast': 212, 'sma_trend_slow': 169, 'en_macd': True, 'macd_fast': 91, 'macd_slow': 198, 'macd_signal': 75, 'en_vwap': True, 'en_keltner': False, 'keltner_n': 62, 'keltner_m': 4.0, 'en_obv': True, 'obv_slope': 109, 'en_cci': True, 'cci_n': 52, 'cci_threshold': 25, 'en_rsi': True, 'rsi_n': 55, 'rsi_lower': 42, 'rsi_upper': 64, 'en_stochastic': False, 'stochastic_n': 57, 'stochastic_d': 2, 'stochastic_lower': 12, 'stochastic_upper': 62, 'en_mfi': True, 'mfi_n': 94, 'mfi_lower': 17, 'mfi_upper': 94, 'en_bollinger': True, 'bollinger_n': 127, 'bollinger_k': 3.3000000000000003, 'en_adx': False, 'adx_n': 64, 'adx_threshold': 35, 'en_structure_trend': False, 'structure_trend_swing_l': 15, 'en_order_block': True, 'order_block_swing_l': 4, 'en_fvg': False, 'fvg_lookback': 6, 'en_ifvg': True, 'en_breaker': False, 'breaker_swing_l': 13, 'en_cisd': True, 'k': 2, 'en_cap_bars': False, 'cap_1min': 1249}.
[I 2026-07-13 14:08:36,748] Trial 1434 finished with values: [1146.925007183745, -875.0, 86.1] and parameters: {'sl_soft': 16.114590850050682, 'sl_hard_delta': 22.63866675924395, 'tp': 7.1746875299333865, 'gate_pct': 30.375843415186864, 'dd_limit': 2608.2965670663593, 'cooldown': 5, 'flip': False, 'en_ema_trend': True, 'ema_trend_fast': 272, 'ema_trend_slow': 346, 'en_sma_trend': True, 'sma_trend_fast': 212, 'sma_trend_slow': 169, 'en_macd': True, 'macd_fast': 91, 'macd_slow': 198, 'macd_signal': 75, 'en_vwap': True, 'en_keltner': False, 'keltner_n': 62, 'keltner_m': 4.0, 'en_obv': True, 'obv_slope': 109, 'en_cci': False, 'cci_n': 52, 'cci_threshold': 30, 'en_rsi': True, 'rsi_n': 21, 'rsi_lower': 42, 'rsi_upper': 64, 'en_stochastic': False, 'stochastic_n': 57, 'stochastic_d': 9, 'stochastic_lower': 3, 'stochastic_upper': 62, 'en_mfi': False, 'mfi_n': 94, 'mfi_lower': 17, 'mfi_upper': 94, 'en_bollinger': False, 'bollinger_n': 127, 'bollinger_k': 3.3000000000000003, 'en_adx': False, 'adx_n': 64, 'adx_threshold': 39, 'en_structure_trend': False, 'structure_trend_swing_l': 15, 'en_order_block': True, 'order_block_swing_l': 8, 'en_fvg': False, 'fvg_lookback': 28, 'en_ifvg': True, 'en_breaker': False, 'breaker_swing_l': 14, 'en_cisd': True, 'k': 2, 'en_cap_bars': True, 'cap_1min': 1379}.
