[I 2026-07-13 14:04:50,301] Trial 1113 finished with values: [684.0768495963857, -843.8485716717696, 83.4] and parameters: {'sl_soft': 13.238695178247545, 'sl_hard_delta': 2.4803110175989582, 'tp': 5.791289843497957, 'gate_pct': 30.375843415186864, 'dd_limit': 2608.2965670663593, 'cooldown': 19, 'flip': False, 'en_ema_trend': True, 'ema_trend_fast': 373, 'ema_trend_slow': 346, 'en_sma_trend': False, 'sma_trend_fast': 212, 'sma_trend_slow': 169, 'en_macd': False, 'macd_fast': 91, 'macd_slow': 76, 'macd_signal': 75, 'en_vwap': True, 'en_keltner': False, 'keltner_n': 84, 'keltner_m': 4.0, 'en_obv': True, 'obv_slope': 124, 'en_cci': True, 'cci_n': 175, 'cci_threshold': 25, 'en_rsi': True, 'rsi_n': 55, 'rsi_lower': 19, 'rsi_upper': 64, 'en_stochastic': False, 'stochastic_n': 57, 'stochastic_d': 9, 'stochastic_lower': 12, 'stochastic_upper': 98, 'en_mfi': True, 'mfi_n': 66, 'mfi_lower': 27, 'mfi_upper': 94, 'en_bollinger': True, 'bollinger_n': 127, 'bollinger_k': 3.3000000000000003, 'en_adx': False, 'adx_n': 64, 'adx_threshold': 39, 'en_structure_trend': False, 'structure_trend_swing_l': 15, 'en_order_block': False, 'order_block_swing_l': 8, 'en_fvg': False, 'fvg_lookback': 28, 'en_ifvg': True, 'en_breaker': False, 'breaker_swing_l': 7, 'en_cisd': True, 'k': 2, 'en_cap_bars': False, 'cap_1min': 1379}.
[I 2026-07-13 14:04:50,608] Trial 1114 finished with values: [1255.8482517823359, -472.25160566464183, 95.6] and parameters: {'sl_soft': 18.340408262908845, 'sl_hard_delta': 5.272172020324857, 'tp': 5.791289843497957, 'gate_pct': 30.375843415186864, 'dd_limit': 2608.2965670663593, 'cooldown': 19, 'flip': False, 'en_ema_trend': True, 'ema_trend_fast': 41, 'ema_trend_slow': 346, 'en_sma_trend': True, 'sma_trend_fast': 212, 'sma_trend_slow': 169, 'en_macd': False, 'macd_fast': 91, 'macd_slow': 198, 'macd_signal': 75, 'en_vwap': True, 'en_keltner': False, 'keltner_n': 80, 'keltner_m': 4.0, 'en_obv': True, 'obv_slope': 49, 'en_cci': True, 'cci_n': 52, 'cci_threshold': 25, 'en_rsi': True, 'rsi_n': 55, 'rsi_lower': 42, 'rsi_upper': 64, 'en_stochastic': False, 'stochastic_n': 57, 'stochastic_d': 2, 'stochastic_lower': 22, 'stochastic_upper': 62, 'en_mfi': True, 'mfi_n': 97, 'mfi_lower': 27, 'mfi_upper': 94, 'en_bollinger': False, 'bollinger_n': 127, 'bollinger_k': 3.3000000000000003, 'en_adx': False, 'adx_n': 64, 'adx_threshold': 35, 'en_structure_trend': False, 'structure_trend_swing_l': 15, 'en_order_block': True, 'order_block_swing_l': 4, 'en_fvg': False, 'fvg_lookback': 6, 'en_ifvg': True, 'en_breaker': False, 'breaker_swing_l': 13, 'en_cisd': True, 'k': 3, 'en_cap_bars': False, 'cap_1min': 1113}.
[I 2026-07-13 14:04:51,174] Trial 1115 pruned. 
[I 2026-07-13 14:04:51,515] Trial 1116 finished with values: [3398.538597332663, -790.1461402667337, 65.7] and parameters: {'sl_soft': 13.238695178247545, 'sl_hard_delta': 22.63866675924395, 'tp': 23.99269298666304, 'gate_pct': 30.375843415186864, 'dd_limit': 2608.2965670663593, 'cooldown': 19, 'flip': False, 'en_ema_trend': True, 'ema_trend_fast': 373, 'ema_trend_slow': 212, 'en_sma_trend': True, 'sma_trend_fast': 212, 'sma_trend_slow': 302, 'en_macd': False, 'macd_fast': 91, 'macd_slow': 18, 'macd_signal': 75, 'en_vwap': False, 'en_keltner': True, 'keltner_n': 84, 'keltner_m': 0.8, 'en_obv': True, 'obv_slope': 97, 'en_cci': False, 'cci_n': 37, 'cci_threshold': 25, 'en_rsi': False, 'rsi_n': 55, 'rsi_lower': 19, 'rsi_upper': 75, 'en_stochastic': False, 'stochastic_n': 57, 'stochastic_d': 9, 'stochastic_lower': 22, 'stochastic_upper': 62, 'en_mfi': True, 'mfi_n': 66, 'mfi_lower': 27, 'mfi_upper': 98, 'en_bollinger': False, 'bollinger_n': 127, 'bollinger_k': 3.8000000000000003, 'en_adx': False, 'adx_n': 64, 'adx_threshold': 39, 'en_structure_trend': False, 'structure_trend_swing_l': 15, 'en_order_block': True, 'order_block_swing_l': 8, 'en_fvg': False, 'fvg_lookback': 31, 'en_ifvg': True, 'en_breaker': False, 'breaker_swing_l': 7, 'en_cisd': True, 'k': 2, 'en_cap_bars': False, 'cap_1min': 1113}.
[I 2026-07-13 14:04:52,711] Trial 1117 finished with values: [2505.0254398942343, -1245.4705148149515, 78.0] and parameters: {'sl_soft': 16.114590850050682, 'sl_hard_delta': 5.272172020324857, 'tp': 13.298595972433171, 'gate_pct': 30.375843415186864, 'dd_limit': 2608.2965670663593, 'cooldown': 19, 'flip': False, 'en_ema_trend': True, 'ema_trend_fast': 41, 'ema_trend_slow': 251, 'en_sma_trend': True, 'sma_trend_fast': 212, 'sma_trend_slow': 169, 'en_macd': True, 'macd_fast': 91, 'macd_slow': 198, 'macd_signal': 75, 'en_vwap': True, 'en_keltner': False, 'keltner_n': 62, 'keltner_m': 2.2, 'en_obv': True, 'obv_slope': 109, 'en_cci': False, 'cci_n': 52, 'cci_threshold': 30, 'en_rsi': True, 'rsi_n': 55, 'rsi_lower': 30, 'rsi_upper': 64, 'en_stochastic': False, 'stochastic_n': 57, 'stochastic_d': 9, 'stochastic_lower': 3, 'stochastic_upper': 62, 'en_mfi': False, 'mfi_n': 94, 'mfi_lower': 17, 'mfi_upper': 94, 'en_bollinger': True, 'bollinger_n': 127, 'bollinger_k': 3.3000000000000003, 'en_adx': False, 'adx_n': 64, 'adx_threshold': 35, 'en_structure_trend': False, 'structure_trend_swing_l': 16, 'en_order_block': True, 'order_block_swing_l': 8, 'en_fvg': False, 'fvg_lookback': 6, 'en_ifvg': True, 'en_breaker': False, 'breaker_swing_l': 3, 'en_cisd': True, 'k': 2, 'en_cap_bars': False, 'cap_1min': 1379}.
[I 2026-07-13 14:04:52,979] Trial 1118 finished with values: [1584.1758345577546, -740.4346879429067, 71.2] and parameters: {'sl_soft': 13.238695178247545, 'sl_hard_delta': 5.272172020324857, 'tp': 13.298595972433171, 'gate_pct': 30.375843415186864, 'dd_limit': 2004.7796038455335, 'cooldown': 19, 'flip': False, 'en_ema_trend': True, 'ema_trend_fast': 201, 'ema_trend_slow': 346, 'en_sma_trend': True, 'sma_trend_fast': 212, 'sma_trend_slow': 169, 'en_macd': True, 'macd_fast': 91, 'macd_slow': 198, 'macd_signal': 75, 'en_vwap': True, 'en_keltner': False, 'keltner_n': 62, 'keltner_m': 4.0, 'en_obv': True, 'obv_slope': 109, 'en_cci': True, 'cci_n': 37, 'cci_threshold': 25, 'en_rsi': True, 'rsi_n': 55, 'rsi_lower': 19, 'rsi_upper': 64, 'en_stochastic': False, 'stochastic_n': 57, 'stochastic_d': 9, 'stochastic_lower': 12, 'stochastic_upper': 62, 'en_mfi': True, 'mfi_n': 97, 'mfi_lower': 17, 'mfi_upper': 94, 'en_bollinger': True, 'bollinger_n': 127, 'bollinger_k': 3.3000000000000003, 'en_adx': False, 'adx_n': 64, 'adx_threshold': 39, 'en_structure_trend': False, 'structure_trend_swing_l': 15, 'en_order_block': True, 'order_block_swing_l': 8, 'en_fvg': False, 'fvg_lookback': 6, 'en_ifvg': True, 'en_breaker': False, 'breaker_swing_l': 13, 'en_cisd': True, 'k': 2, 'en_cap_bars': False, 'cap_1min': 1113}.
[I 2026-07-13 14:04:53,357] Trial 1119 finished with values: [2604.8400950990617, -795.7221120908798, 61.25] and parameters: {'sl_soft': 13.238695178247545, 'sl_hard_delta': 5.272172020324857, 'tp': 25.724761594028553, 'gate_pct': 30.375843415186864, 'dd_limit': 2608.2965670663593, 'cooldown': 19, 'flip': False, 'en_ema_trend': True, 'ema_trend_fast': 373, 'ema_trend_slow': 251, 'en_sma_trend': True, 'sma_trend_fast': 88, 'sma_trend_slow': 302, 'en_macd': False, 'macd_fast': 66, 'macd_slow': 18, 'macd_signal': 75, 'en_vwap': False, 'en_keltner': False, 'keltner_n': 80, 'keltner_m': 0.8, 'en_obv': True, 'obv_slope': 109, 'en_cci': True, 'cci_n': 93, 'cci_threshold': 25, 'en_rsi': True, 'rsi_n': 65, 'rsi_lower': 42, 'rsi_upper': 72, 'en_stochastic': False, 'stochastic_n': 57, 'stochastic_d': 9, 'stochastic_lower': 22, 'stochastic_upper': 62, 'en_mfi': False, 'mfi_n': 39, 'mfi_lower': 17, 'mfi_upper': 98, 'en_bollinger': False, 'bollinger_n': 127, 'bollinger_k': 2.2, 'en_adx': False, 'adx_n': 7, 'adx_threshold': 39, 'en_structure_trend': False, 'structure_trend_swing_l': 15, 'en_order_block': True, 'order_block_swing_l': 8, 'en_fvg': False, 'fvg_lookback': 31, 'en_ifvg': True, 'en_breaker': False, 'breaker_swing_l': 3, 'en_cisd': True, 'k': 2, 'en_cap_bars': False, 'cap_1min': 126}.
[I 2026-07-13 14:04:53,794] Trial 1120 finished with values: [1506.8423275362147, -1449.1684833081672, 66.4] and parameters: {'sl_soft': 13.238695178247545, 'sl_hard_delta': 13.193213934932832, 'tp': 13.298595972433171, 'gate_pct': 30.375843415186864, 'dd_limit': 2608.2965670663593, 'cooldown': 19, 'flip': False, 'en_ema_trend': True, 'ema_trend_fast': 41, 'ema_trend_slow': 251, 'en_sma_trend': True, 'sma_trend_fast': 88, 'sma_trend_slow': 169, 'en_macd': True, 'macd_fast': 91, 'macd_slow': 198, 'macd_signal': 75, 'en_vwap': True, 'en_keltner': False, 'keltner_n': 62, 'keltner_m': 2.2, 'en_obv': True, 'obv_slope': 109, 'en_cci': False, 'cci_n': 37, 'cci_threshold': 30, 'en_rsi': True, 'rsi_n': 21, 'rsi_lower': 19, 'rsi_upper': 64, 'en_stochastic': False, 'stochastic_n': 57, 'stochastic_d': 9, 'stochastic_lower': 3, 'stochastic_upper': 62, 'en_mfi': False, 'mfi_n': 97, 'mfi_lower': 17, 'mfi_upper': 94, 'en_bollinger': True, 'bollinger_n': 127, 'bollinger_k': 3.8000000000000003, 'en_adx': False, 'adx_n': 91, 'adx_threshold': 39, 'en_structure_trend': False, 'structure_trend_swing_l': 15, 'en_order_block': True, 'order_block_swing_l': 8, 'en_fvg': False, 'fvg_lookback': 28, 'en_ifvg': True, 'en_breaker': False, 'breaker_swing_l': 3, 'en_cisd': False, 'k': 2, 'en_cap_bars': False, 'cap_1min': 1379}.
[I 2026-07-13 14:04:54,183] Trial 1121 finished with values: [2497.955856527551, -777.7352574074757, 86.1] and parameters: {'sl_soft': 16.114590850050682, 'sl_hard_delta': 5.272172020324857, 'tp': 13.298595972433171, 'gate_pct': 30.375843415186864, 'dd_limit': 2608.2965670663593, 'cooldown': 19, 'flip': False, 'en_ema_trend': True, 'ema_trend_fast': 41, 'ema_trend_slow': 346, 'en_sma_trend': True, 'sma_trend_fast': 212, 'sma_trend_slow': 302, 'en_macd': True, 'macd_fast': 91, 'macd_slow': 198, 'macd_signal': 75, 'en_vwap': True, 'en_keltner': False, 'keltner_n': 129, 'keltner_m': 4.0, 'en_obv': True, 'obv_slope': 109, 'en_cci': True, 'cci_n': 52, 'cci_threshold': 30, 'en_rsi': True, 'rsi_n': 65, 'rsi_lower': 42, 'rsi_upper': 64, 'en_stochastic': False, 'stochastic_n': 57, 'stochastic_d': 2, 'stochastic_lower': 12, 'stochastic_upper': 62, 'en_mfi': True, 'mfi_n': 94, 'mfi_lower': 17, 'mfi_upper': 94, 'en_bollinger': True, 'bollinger_n': 127, 'bollinger_k': 3.8000000000000003, 'en_adx': False, 'adx_n': 64, 'adx_threshold': 35, 'en_structure_trend': False, 'structure_trend_swing_l': 15, 'en_order_block': True, 'order_block_swing_l': 4, 'en_fvg': False, 'fvg_lookback': 6, 'en_ifvg': True, 'en_breaker': False, 'breaker_swing_l': 13, 'en_cisd': True, 'k': 2, 'en_cap_bars': False, 'cap_1min': 1249}.
[I 2026-07-13 14:04:54,617] Trial 1122 finished with values: [1042.8224608747041, -640.0, 88.1] and parameters: {'sl_soft': 13.238695178247545, 'sl_hard_delta': 22.63866675924395, 'tp': 5.791289843497957, 'gate_pct': 30.375843415186864, 'dd_limit': 2608.2965670663593, 'cooldown': 19, 'flip': False, 'en_ema_trend': True, 'ema_trend_fast': 41, 'ema_trend_slow': 251, 'en_sma_trend': False, 'sma_trend_fast': 212, 'sma_trend_slow': 169, 'en_macd': True, 'macd_fast': 91, 'macd_slow': 137, 'macd_signal': 75, 'en_vwap': False, 'en_keltner': False, 'keltner_n': 119, 'keltner_m': 0.8, 'en_obv': False, 'obv_slope': 124, 'en_cci': True, 'cci_n': 93, 'cci_threshold': 25, 'en_rsi': True, 'rsi_n': 55, 'rsi_lower': 19, 'rsi_upper': 64, 'en_stochastic': False, 'stochastic_n': 57, 'stochastic_d': 9, 'stochastic_lower': 22, 'stochastic_upper': 62, 'en_mfi': True, 'mfi_n': 59, 'mfi_lower': 17, 'mfi_upper': 94, 'en_bollinger': True, 'bollinger_n': 130, 'bollinger_k': 3.3000000000000003, 'en_adx': False, 'adx_n': 91, 'adx_threshold': 39, 'en_structure_trend': False, 'structure_trend_swing_l': 14, 'en_order_block': True, 'order_block_swing_l': 8, 'en_fvg': False, 'fvg_lookback': 31, 'en_ifvg': True, 'en_breaker': False, 'breaker_swing_l': 3, 'en_cisd': True, 'k': 2, 'en_cap_bars': False, 'cap_1min': 534}.
[I 2026-07-13 14:04:54,964] Trial 1123 finished with values: [1731.1770736593462, -1200.0, 73.85] and parameters: {'sl_soft': 16.114590850050682, 'sl_hard_delta': 22.63866675924395, 'tp': 13.298595972433171, 'gate_pct': 30.375843415186864, 'dd_limit': 2608.2965670663593, 'cooldown': 19, 'flip': False, 'en_ema_trend': True, 'ema_trend_fast': 373, 'ema_trend_slow': 251, 'en_sma_trend': True, 'sma_trend_fast': 212, 'sma_trend_slow': 169, 'en_macd': True, 'macd_fast': 91, 'macd_slow': 171, 'macd_signal': 50, 'en_vwap': True, 'en_keltner': True, 'keltner_n': 80, 'keltner_m': 4.0, 'en_obv': True, 'obv_slope': 109, 'en_cci': False, 'cci_n': 176, 'cci_threshold': 25, 'en_rsi': True, 'rsi_n': 21, 'rsi_lower': 42, 'rsi_upper': 64, 'en_stochastic': False, 'stochastic_n': 57, 'stochastic_d': 2, 'stochastic_lower': 3, 'stochastic_upper': 62, 'en_mfi': False, 'mfi_n': 94, 'mfi_lower': 27, 'mfi_upper': 94, 'en_bollinger': False, 'bollinger_n': 127, 'bollinger_k': 3.3000000000000003, 'en_adx': False, 'adx_n': 91, 'adx_threshold': 35, 'en_structure_trend': False, 'structure_trend_swing_l': 15, 'en_order_block': True, 'order_block_swing_l': 8, 'en_fvg': False, 'fvg_lookback': 6, 'en_ifvg': True, 'en_breaker': False, 'breaker_swing_l': 3, 'en_cisd': True, 'k': 2, 'en_cap_bars': False, 'cap_1min': 1379}.
[I 2026-07-13 14:04:55,260] Trial 1124 finished with values: [2808.209470984875, -1215.0, 60.45] and parameters: {'sl_soft': 13.238695178247545, 'sl_hard_delta': 22.63866675924395, 'tp': 25.724761594028553, 'gate_pct': 30.375843415186864, 'dd_limit': 2608.2965670663593, 'cooldown': 19, 'flip': False, 'en_ema_trend': True, 'ema_trend_fast': 373, 'ema_trend_slow': 346, 'en_sma_trend': False, 'sma_trend_fast': 88, 'sma_trend_slow': 302, 'en_macd': False, 'macd_fast': 83, 'macd_slow': 76, 'macd_signal': 50, 'en_vwap': True, 'en_keltner': False, 'keltner_n': 80, 'keltner_m': 0.8, 'en_obv': False, 'obv_slope': 109, 'en_cci': True, 'cci_n': 93, 'cci_threshold': 25, 'en_rsi': True, 'rsi_n': 55, 'rsi_lower': 19, 'rsi_upper': 72, 'en_stochastic': False, 'stochastic_n': 57, 'stochastic_d': 29, 'stochastic_lower': 12, 'stochastic_upper': 62, 'en_mfi': True, 'mfi_n': 66, 'mfi_lower': 17, 'mfi_upper': 94, 'en_bollinger': True, 'bollinger_n': 127, 'bollinger_k': 3.3000000000000003, 'en_adx': False, 'adx_n': 64, 'adx_threshold': 39, 'en_structure_trend': False, 'structure_trend_swing_l': 15, 'en_order_block': True, 'order_block_swing_l': 19, 'en_fvg': False, 'fvg_lookback': 31, 'en_ifvg': True, 'en_breaker': False, 'breaker_swing_l': 3, 'en_cisd': True, 'k': 2, 'en_cap_bars': True, 'cap_1min': 1379}.
[I 2026-07-13 14:04:55,639] Trial 1125 finished with values: [1508.609388469522, -668.0124988027092, 91.6] and parameters: {'sl_soft': 18.340408262908845, 'sl_hard_delta': 22.63866675924395, 'tp': 7.1746875299333865, 'gate_pct': 30.375843415186864, 'dd_limit': 2608.2965670663593, 'cooldown': 19, 'flip': False, 'en_ema_trend': False, 'ema_trend_fast': 41, 'ema_trend_slow': 346, 'en_sma_trend': True, 'sma_trend_fast': 212, 'sma_trend_slow': 302, 'en_macd': True, 'macd_fast': 91, 'macd_slow': 18, 'macd_signal': 75, 'en_vwap': True, 'en_keltner': False, 'keltner_n': 62, 'keltner_m': 0.8, 'en_obv': False, 'obv_slope': 109, 'en_cci': False, 'cci_n': 176, 'cci_threshold': 30, 'en_rsi': False, 'rsi_n': 55, 'rsi_lower': 19, 'rsi_upper': 64, 'en_stochastic': False, 'stochastic_n': 57, 'stochastic_d': 29, 'stochastic_lower': 12, 'stochastic_upper': 62, 'en_mfi': True, 'mfi_n': 66, 'mfi_lower': 17, 'mfi_upper': 94, 'en_bollinger': False, 'bollinger_n': 182, 'bollinger_k': 1.6, 'en_adx': False, 'adx_n': 64, 'adx_threshold': 39, 'en_structure_trend': False, 'structure_trend_swing_l': 15, 'en_order_block': True, 'order_block_swing_l': 8, 'en_fvg': False, 'fvg_lookback': 28, 'en_ifvg': True, 'en_breaker': False, 'breaker_swing_l': 13, 'en_cisd': True, 'k': 2, 'en_cap_bars': False, 'cap_1min': 1379}.
[I 2026-07-13 14:04:56,059] Trial 1126 finished with values: [2678.7578077327635, -745.1461402667337, 64.0] and parameters: {'sl_soft': 13.238695178247545, 'sl_hard_delta': 22.63866675924395, 'tp': 23.99269298666304, 'gate_pct': 30.375843415186864, 'dd_limit': 2608.2965670663593, 'cooldown': 19, 'flip': False, 'en_ema_trend': False, 'ema_trend_fast': 373, 'ema_trend_slow': 346, 'en_sma_trend': True, 'sma_trend_fast': 212, 'sma_trend_slow': 169, 'en_macd': True, 'macd_fast': 66, 'macd_slow': 137, 'macd_signal': 75, 'en_vwap': False, 'en_keltner': True, 'keltner_n': 62, 'keltner_m': 0.8, 'en_obv': True, 'obv_slope': 24, 'en_cci': False, 'cci_n': 93, 'cci_threshold': 30, 'en_rsi': True, 'rsi_n': 55, 'rsi_lower': 19, 'rsi_upper': 75, 'en_stochastic': False, 'stochastic_n': 57, 'stochastic_d': 34, 'stochastic_lower': 6, 'stochastic_upper': 62, 'en_mfi': True, 'mfi_n': 59, 'mfi_lower': 27, 'mfi_upper': 94, 'en_bollinger': False, 'bollinger_n': 130, 'bollinger_k': 3.0, 'en_adx': False, 'adx_n': 91, 'adx_threshold': 39, 'en_structure_trend': False, 'structure_trend_swing_l': 15, 'en_order_block': True, 'order_block_swing_l': 8, 'en_fvg': False, 'fvg_lookback': 31, 'en_ifvg': True, 'en_breaker': False, 'breaker_swing_l': 3, 'en_cisd': False, 'k': 2, 'en_cap_bars': False, 'cap_1min': 1379}.
[I 2026-07-13 14:04:56,386] Trial 1127 finished with values: [1114.0837655697396, -1299.2646406903077, 90.8] and parameters: {'sl_soft': 13.238695178247545, 'sl_hard_delta': 22.63866675924395, 'tp': 5.791289843497957, 'gate_pct': 30.375843415186864, 'dd_limit': 2608.2965670663593, 'cooldown': 19, 'flip': False, 'en_ema_trend': True, 'ema_trend_fast': 373, 'ema_trend_slow': 251, 'en_sma_trend': True, 'sma_trend_fast': 212, 'sma_trend_slow': 302, 'en_macd': True, 'macd_fast': 91, 'macd_slow': 171, 'macd_signal': 50, 'en_vwap': True, 'en_keltner': True, 'keltner_n': 80, 'keltner_m': 4.0, 'en_obv': True, 'obv_slope': 109, 'en_cci': False, 'cci_n': 176, 'cci_threshold': 25, 'en_rsi': False, 'rsi_n': 21, 'rsi_lower': 19, 'rsi_upper': 64, 'en_stochastic': True, 'stochastic_n': 57, 'stochastic_d': 34, 'stochastic_lower': 3, 'stochastic_upper': 98, 'en_mfi': False, 'mfi_n': 66, 'mfi_lower': 27, 'mfi_upper': 94, 'en_bollinger': False, 'bollinger_n': 182, 'bollinger_k': 3.3000000000000003, 'en_adx': False, 'adx_n': 91, 'adx_threshold': 39, 'en_structure_trend': False, 'structure_trend_swing_l': 15, 'en_order_block': False, 'order_block_swing_l': 8, 'en_fvg': False, 'fvg_lookback': 28, 'en_ifvg': True, 'en_breaker': False, 'breaker_swing_l': 3, 'en_cisd': True, 'k': 2, 'en_cap_bars': False, 'cap_1min': 1379}.
[I 2026-07-13 14:05:01,006] Trial 1128 finished with values: [1756.7182612850957, -725.7708984953206, 67.75] and parameters: {'sl_soft': 13.238695178247545, 'sl_hard_delta': 22.63866675924395, 'tp': 19.961455075232546, 'gate_pct': 30.375843415186864, 'dd_limit': 2608.2965670663593, 'cooldown': 19, 'flip': False, 'en_ema_trend': False, 'ema_trend_fast': 41, 'ema_trend_slow': 251, 'en_sma_trend': True, 'sma_trend_fast': 185, 'sma_trend_slow': 302, 'en_macd': True, 'macd_fast': 83, 'macd_slow': 171, 'macd_signal': 75, 'en_vwap': True, 'en_keltner': False, 'keltner_n': 80, 'keltner_m': 4.0, 'en_obv': True, 'obv_slope': 109, 'en_cci': False, 'cci_n': 176, 'cci_threshold': 30, 'en_rsi': False, 'rsi_n': 55, 'rsi_lower': 42, 'rsi_upper': 64, 'en_stochastic': True, 'stochastic_n': 85, 'stochastic_d': 34, 'stochastic_lower': 22, 'stochastic_upper': 98, 'en_mfi': False, 'mfi_n': 97, 'mfi_lower': 47, 'mfi_upper': 94, 'en_bollinger': False, 'bollinger_n': 182, 'bollinger_k': 3.3000000000000003, 'en_adx': False, 'adx_n': 64, 'adx_threshold': 50, 'en_structure_trend': False, 'structure_trend_swing_l': 14, 'en_order_block': True, 'order_block_swing_l': 8, 'en_fvg': False, 'fvg_lookback': 31, 'en_ifvg': True, 'en_breaker': False, 'breaker_swing_l': 3, 'en_cisd': False, 'k': 3, 'en_cap_bars': True, 'cap_1min': 1379}.
[I 2026-07-13 14:05:01,302] Trial 1129 finished with values: [3426.574910308773, -1324.5032113292837, 67.5] and parameters: {'sl_soft': 18.340408262908845, 'sl_hard_delta': 5.272172020324857, 'tp': 25.724761594028553, 'gate_pct': 30.375843415186864, 'dd_limit': 2608.2965670663593, 'cooldown': 19, 'flip': False, 'en_ema_trend': False, 'ema_trend_fast': 373, 'ema_trend_slow': 251, 'en_sma_trend': True, 'sma_trend_fast': 185, 'sma_trend_slow': 302, 'en_macd': True, 'macd_fast': 31, 'macd_slow': 18, 'macd_signal': 94, 'en_vwap': False, 'en_keltner': False, 'keltner_n': 100, 'keltner_m': 4.0, 'en_obv': False, 'obv_slope': 141, 'en_cci': True, 'cci_n': 37, 'cci_threshold': 250, 'en_rsi': True, 'rsi_n': 65, 'rsi_lower': 19, 'rsi_upper': 72, 'en_stochastic': False, 'stochastic_n': 61, 'stochastic_d': 29, 'stochastic_lower': 40, 'stochastic_upper': 75, 'en_mfi': False, 'mfi_n': 70, 'mfi_lower': 17, 'mfi_upper': 94, 'en_bollinger': False, 'bollinger_n': 130, 'bollinger_k': 0.5, 'en_adx': False, 'adx_n': 91, 'adx_threshold': 39, 'en_structure_trend': False, 'structure_trend_swing_l': 15, 'en_order_block': True, 'order_block_swing_l': 8, 'en_fvg': False, 'fvg_lookback': 37, 'en_ifvg': True, 'en_breaker': False, 'breaker_swing_l': 3, 'en_cisd': True, 'k': 2, 'en_cap_bars': False, 'cap_1min': 126}.
