[I 2026-07-13 17:14:50,141] Trial 345 finished with values: [-71.31515200142076, -484.1067047218985, 45.1] and parameters: {'sl_soft': 1.2795510837006852, 'sl_hard_delta': 0.42994751087190747, 'tp': 1.674857472998817, 'gate_pct': 74.89283752458364, 'dd_limit': 325.531997371572, 'cooldown': 20, 'flip': True, 'en_ema_trend': False, 'ema_trend_fast': 314, 'ema_trend_slow': 24, 'en_sma_trend': False, 'sma_trend_fast': 159, 'sma_trend_slow': 121, 'en_macd': True, 'macd_fast': 38, 'macd_slow': 107, 'macd_signal': 50, 'en_vwap': True, 'en_keltner': True, 'keltner_n': 54, 'keltner_m': 2.1, 'en_obv': True, 'obv_slope': 23, 'en_cci': False, 'cci_n': 115, 'cci_threshold': 30, 'en_rsi': False, 'rsi_n': 54, 'rsi_lower': 37, 'rsi_upper': 58, 'en_stochastic': False, 'stochastic_n': 77, 'stochastic_d': 37, 'stochastic_lower': 9, 'stochastic_upper': 93, 'en_mfi': True, 'mfi_n': 57, 'mfi_lower': 20, 'mfi_upper': 88, 'en_bollinger': False, 'bollinger_n': 57, 'bollinger_k': 0.5, 'en_adx': False, 'adx_n': 74, 'adx_threshold': 9, 'en_structure_trend': True, 'structure_trend_swing_l': 8, 'en_order_block': False, 'order_block_swing_l': 13, 'en_fvg': True, 'fvg_lookback': 1, 'en_ifvg': True, 'en_breaker': False, 'breaker_swing_l': 5, 'en_cisd': True, 'k': 3, 'en_cap_bars': False, 'cap_1min': 418}.
[I 2026-07-13 17:14:53,883] Trial 346 finished with values: [844.5997641638655, -1235.0786532780035, 51.1] and parameters: {'sl_soft': 1.4326423495393754, 'sl_hard_delta': 0.09391430061437202, 'tp': 2.1925639368831504, 'gate_pct': 58.77346993604095, 'dd_limit': 499.7446687086984, 'cooldown': 1, 'flip': True, 'en_ema_trend': True, 'ema_trend_fast': 101, 'ema_trend_slow': 238, 'en_sma_trend': False, 'sma_trend_fast': 7, 'sma_trend_slow': 258, 'en_macd': True, 'macd_fast': 16, 'macd_slow': 124, 'macd_signal': 22, 'en_vwap': False, 'en_keltner': True, 'keltner_n': 49, 'keltner_m': 4.8, 'en_obv': True, 'obv_slope': 191, 'en_cci': True, 'cci_n': 33, 'cci_threshold': 80, 'en_rsi': True, 'rsi_n': 23, 'rsi_lower': 19, 'rsi_upper': 67, 'en_stochastic': False, 'stochastic_n': 80, 'stochastic_d': 35, 'stochastic_lower': 44, 'stochastic_upper': 70, 'en_mfi': True, 'mfi_n': 84, 'mfi_lower': 12, 'mfi_upper': 62, 'en_bollinger': False, 'bollinger_n': 104, 'bollinger_k': 2.2, 'en_adx': False, 'adx_n': 31, 'adx_threshold': 57, 'en_structure_trend': True, 'structure_trend_swing_l': 17, 'en_order_block': False, 'order_block_swing_l': 14, 'en_fvg': True, 'fvg_lookback': 19, 'en_ifvg': False, 'en_breaker': False, 'breaker_swing_l': 5, 'en_cisd': False, 'k': 5, 'en_cap_bars': False, 'cap_1min': 1416}.
[I 2026-07-13 17:14:54,846] Trial 347 finished with values: [36.73513467407474, -642.8418450386857, 61.9] and parameters: {'sl_soft': 1.4088449460331107, 'sl_hard_delta': 0.4218978700826674, 'tp': 1.127471792841037, 'gate_pct': 37.39778324297737, 'dd_limit': 60.80016338531003, 'cooldown': 0, 'flip': True, 'en_ema_trend': True, 'ema_trend_fast': 236, 'ema_trend_slow': 90, 'en_sma_trend': False, 'sma_trend_fast': 232, 'sma_trend_slow': 84, 'en_macd': False, 'macd_fast': 98, 'macd_slow': 21, 'macd_signal': 36, 'en_vwap': True, 'en_keltner': False, 'keltner_n': 130, 'keltner_m': 4.5, 'en_obv': True, 'obv_slope': 107, 'en_cci': True, 'cci_n': 39, 'cci_threshold': 50, 'en_rsi': False, 'rsi_n': 9, 'rsi_lower': 23, 'rsi_upper': 90, 'en_stochastic': False, 'stochastic_n': 67, 'stochastic_d': 3, 'stochastic_lower': 28, 'stochastic_upper': 91, 'en_mfi': True, 'mfi_n': 87, 'mfi_lower': 8, 'mfi_upper': 88, 'en_bollinger': False, 'bollinger_n': 104, 'bollinger_k': 0.5, 'en_adx': False, 'adx_n': 59, 'adx_threshold': 11, 'en_structure_trend': True, 'structure_trend_swing_l': 19, 'en_order_block': False, 'order_block_swing_l': 14, 'en_fvg': False, 'fvg_lookback': 31, 'en_ifvg': True, 'en_breaker': False, 'breaker_swing_l': 3, 'en_cisd': True, 'k': 1, 'en_cap_bars': True, 'cap_1min': 1381}.
[I 2026-07-13 17:14:58,005] Trial 348 finished with values: [40.48736849364332, -451.70122124827685, 40.4] and parameters: {'sl_soft': 0.9976436795384156, 'sl_hard_delta': 0.21793918276339308, 'tp': 1.9062213357503182, 'gate_pct': 62.02693045764362, 'dd_limit': 225.9151492162283, 'cooldown': 23, 'flip': True, 'en_ema_trend': True, 'ema_trend_fast': 393, 'ema_trend_slow': 361, 'en_sma_trend': False, 'sma_trend_fast': 178, 'sma_trend_slow': 376, 'en_macd': False, 'macd_fast': 100, 'macd_slow': 64, 'macd_signal': 26, 'en_vwap': True, 'en_keltner': True, 'keltner_n': 59, 'keltner_m': 0.5, 'en_obv': False, 'obv_slope': 168, 'en_cci': True, 'cci_n': 42, 'cci_threshold': 90, 'en_rsi': True, 'rsi_n': 25, 'rsi_lower': 23, 'rsi_upper': 59, 'en_stochastic': False, 'stochastic_n': 21, 'stochastic_d': 34, 'stochastic_lower': 28, 'stochastic_upper': 94, 'en_mfi': False, 'mfi_n': 53, 'mfi_lower': 37, 'mfi_upper': 76, 'en_bollinger': True, 'bollinger_n': 178, 'bollinger_k': 4.8, 'en_adx': True, 'adx_n': 2, 'adx_threshold': 9, 'en_structure_trend': False, 'structure_trend_swing_l': 10, 'en_order_block': False, 'order_block_swing_l': 14, 'en_fvg': False, 'fvg_lookback': 31, 'en_ifvg': False, 'en_breaker': False, 'breaker_swing_l': 3, 'en_cisd': True, 'k': 1, 'en_cap_bars': False, 'cap_1min': 1165}.
[I 2026-07-13 17:15:04,271] Trial 349 finished with values: [312.58473625129, -505.7111340977599, 46.0] and parameters: {'sl_soft': 0.8675024066470705, 'sl_hard_delta': 1.037238487338135, 'tp': 2.390195776514097, 'gate_pct': 96.7516051221724, 'dd_limit': 388.6442032455649, 'cooldown': 6, 'flip': True, 'en_ema_trend': False, 'ema_trend_fast': 282, 'ema_trend_slow': 334, 'en_sma_trend': False, 'sma_trend_fast': 271, 'sma_trend_slow': 396, 'en_macd': False, 'macd_fast': 52, 'macd_slow': 154, 'macd_signal': 24, 'en_vwap': True, 'en_keltner': True, 'keltner_n': 3, 'keltner_m': 3.9000000000000004, 'en_obv': True, 'obv_slope': 7, 'en_cci': True, 'cci_n': 156, 'cci_threshold': 280, 'en_rsi': False, 'rsi_n': 95, 'rsi_lower': 18, 'rsi_upper': 95, 'en_stochastic': True, 'stochastic_n': 25, 'stochastic_d': 14, 'stochastic_lower': 40, 'stochastic_upper': 63, 'en_mfi': True, 'mfi_n': 65, 'mfi_lower': 13, 'mfi_upper': 61, 'en_bollinger': True, 'bollinger_n': 96, 'bollinger_k': 4.7, 'en_adx': False, 'adx_n': 19, 'adx_threshold': 20, 'en_structure_trend': True, 'structure_trend_swing_l': 1, 'en_order_block': False, 'order_block_swing_l': 12, 'en_fvg': False, 'fvg_lookback': 25, 'en_ifvg': True, 'en_breaker': True, 'breaker_swing_l': 18, 'en_cisd': False, 'k': 2, 'en_cap_bars': True, 'cap_1min': 995}.
[I 2026-07-13 17:15:05,849] Trial 350 finished with values: [-119.70829622077872, -451.30147993252194, 57.1] and parameters: {'sl_soft': 1.4657917354156722, 'sl_hard_delta': 0.8861815828053933, 'tp': 1.3454659185587121, 'gate_pct': 74.64771504966384, 'dd_limit': 303.98551158454603, 'cooldown': 9, 'flip': True, 'en_ema_trend': False, 'ema_trend_fast': 351, 'ema_trend_slow': 112, 'en_sma_trend': False, 'sma_trend_fast': 337, 'sma_trend_slow': 298, 'en_macd': False, 'macd_fast': 25, 'macd_slow': 98, 'macd_signal': 87, 'en_vwap': False, 'en_keltner': False, 'keltner_n': 80, 'keltner_m': 3.9000000000000004, 'en_obv': False, 'obv_slope': 185, 'en_cci': True, 'cci_n': 88, 'cci_threshold': 250, 'en_rsi': True, 'rsi_n': 58, 'rsi_lower': 25, 'rsi_upper': 94, 'en_stochastic': True, 'stochastic_n': 77, 'stochastic_d': 24, 'stochastic_lower': 34, 'stochastic_upper': 53, 'en_mfi': True, 'mfi_n': 13, 'mfi_lower': 23, 'mfi_upper': 51, 'en_bollinger': False, 'bollinger_n': 92, 'bollinger_k': 1.5, 'en_adx': False, 'adx_n': 67, 'adx_threshold': 35, 'en_structure_trend': True, 'structure_trend_swing_l': 18, 'en_order_block': True, 'order_block_swing_l': 13, 'en_fvg': False, 'fvg_lookback': 41, 'en_ifvg': False, 'en_breaker': False, 'breaker_swing_l': 9, 'en_cisd': False, 'k': 4, 'en_cap_bars': False, 'cap_1min': 651}.
[I 2026-07-13 17:15:07,379] Trial 351 finished with values: [-38.68064697448972, -399.9276143416182, 30.4] and parameters: {'sl_soft': 0.5515595736823468, 'sl_hard_delta': 0.37325946217175326, 'tp': 1.6930466296932924, 'gate_pct': 49.958417067888604, 'dd_limit': 208.93735973419433, 'cooldown': 2, 'flip': True, 'en_ema_trend': True, 'ema_trend_fast': 13, 'ema_trend_slow': 291, 'en_sma_trend': False, 'sma_trend_fast': 178, 'sma_trend_slow': 376, 'en_macd': False, 'macd_fast': 57, 'macd_slow': 64, 'macd_signal': 14, 'en_vwap': True, 'en_keltner': True, 'keltner_n': 49, 'keltner_m': 4.5, 'en_obv': False, 'obv_slope': 168, 'en_cci': False, 'cci_n': 33, 'cci_threshold': 90, 'en_rsi': True, 'rsi_n': 23, 'rsi_lower': 46, 'rsi_upper': 58, 'en_stochastic': False, 'stochastic_n': 71, 'stochastic_d': 50, 'stochastic_lower': 36, 'stochastic_upper': 94, 'en_mfi': False, 'mfi_n': 26, 'mfi_lower': 2, 'mfi_upper': 61, 'en_bollinger': True, 'bollinger_n': 62, 'bollinger_k': 4.8, 'en_adx': False, 'adx_n': 2, 'adx_threshold': 26, 'en_structure_trend': True, 'structure_trend_swing_l': 11, 'en_order_block': True, 'order_block_swing_l': 12, 'en_fvg': True, 'fvg_lookback': 35, 'en_ifvg': True, 'en_breaker': False, 'breaker_swing_l': 18, 'en_cisd': True, 'k': 3, 'en_cap_bars': True, 'cap_1min': 1002}.
[I 2026-07-13 17:15:10,290] Trial 352 finished with values: [22.24614048952276, -276.11017474797563, 63.65] and parameters: {'sl_soft': 1.3199246294172853, 'sl_hard_delta': 0.0896402798389121, 'tp': 0.8220451112985745, 'gate_pct': 74.89283752458364, 'dd_limit': 124.46390056316226, 'cooldown': 12, 'flip': True, 'en_ema_trend': True, 'ema_trend_fast': 314, 'ema_trend_slow': 24, 'en_sma_trend': False, 'sma_trend_fast': 188, 'sma_trend_slow': 121, 'en_macd': False, 'macd_fast': 25, 'macd_slow': 125, 'macd_signal': 36, 'en_vwap': True, 'en_keltner': True, 'keltner_n': 154, 'keltner_m': 2.1, 'en_obv': True, 'obv_slope': 23, 'en_cci': False, 'cci_n': 115, 'cci_threshold': 30, 'en_rsi': False, 'rsi_n': 95, 'rsi_lower': 37, 'rsi_upper': 63, 'en_stochastic': False, 'stochastic_n': 77, 'stochastic_d': 50, 'stochastic_lower': 9, 'stochastic_upper': 53, 'en_mfi': False, 'mfi_n': 21, 'mfi_lower': 20, 'mfi_upper': 62, 'en_bollinger': True, 'bollinger_n': 104, 'bollinger_k': 2.1, 'en_adx': False, 'adx_n': 31, 'adx_threshold': 5, 'en_structure_trend': True, 'structure_trend_swing_l': 17, 'en_order_block': False, 'order_block_swing_l': 13, 'en_fvg': True, 'fvg_lookback': 48, 'en_ifvg': True, 'en_breaker': False, 'breaker_swing_l': 19, 'en_cisd': True, 'k': 2, 'en_cap_bars': False, 'cap_1min': 469}.
[I 2026-07-13 17:15:11,093] Trial 353 pruned. 
[I 2026-07-13 17:15:14,100] Trial 354 finished with values: [136.1496847824128, -311.461144155237, 47.7] and parameters: {'sl_soft': 0.9976436795384156, 'sl_hard_delta': 0.37325946217175326, 'tp': 1.7252928254459086, 'gate_pct': 80.28577378768065, 'dd_limit': 124.46390056316226, 'cooldown': 23, 'flip': False, 'en_ema_trend': True, 'ema_trend_fast': 101, 'ema_trend_slow': 399, 'en_sma_trend': True, 'sma_trend_fast': 14, 'sma_trend_slow': 376, 'en_macd': True, 'macd_fast': 71, 'macd_slow': 125, 'macd_signal': 36, 'en_vwap': True, 'en_keltner': True, 'keltner_n': 154, 'keltner_m': 4.5, 'en_obv': True, 'obv_slope': 170, 'en_cci': False, 'cci_n': 112, 'cci_threshold': 155, 'en_rsi': False, 'rsi_n': 95, 'rsi_lower': 12, 'rsi_upper': 63, 'en_stochastic': False, 'stochastic_n': 55, 'stochastic_d': 50, 'stochastic_lower': 11, 'stochastic_upper': 53, 'en_mfi': False, 'mfi_n': 84, 'mfi_lower': 36, 'mfi_upper': 54, 'en_bollinger': True, 'bollinger_n': 104, 'bollinger_k': 2.1, 'en_adx': False, 'adx_n': 31, 'adx_threshold': 9, 'en_structure_trend': True, 'structure_trend_swing_l': 17, 'en_order_block': False, 'order_block_swing_l': 13, 'en_fvg': True, 'fvg_lookback': 45, 'en_ifvg': False, 'en_breaker': False, 'breaker_swing_l': 19, 'en_cisd': False, 'k': 3, 'en_cap_bars': False, 'cap_1min': 469}.
[I 2026-07-13 17:15:14,512] Trial 355 finished with values: [-91.17468923338947, -389.1806283420465, 37.35] and parameters: {'sl_soft': 0.9976436795384156, 'sl_hard_delta': 0.37325946217175326, 'tp': 1.6930466296932924, 'gate_pct': 62.02693045764362, 'dd_limit': 208.93735973419433, 'cooldown': 23, 'flip': True, 'en_ema_trend': True, 'ema_trend_fast': 393, 'ema_trend_slow': 361, 'en_sma_trend': False, 'sma_trend_fast': 178, 'sma_trend_slow': 342, 'en_macd': False, 'macd_fast': 57, 'macd_slow': 64, 'macd_signal': 54, 'en_vwap': True, 'en_keltner': True, 'keltner_n': 49, 'keltner_m': 4.5, 'en_obv': False, 'obv_slope': 168, 'en_cci': False, 'cci_n': 2, 'cci_threshold': 90, 'en_rsi': True, 'rsi_n': 25, 'rsi_lower': 19, 'rsi_upper': 58, 'en_stochastic': False, 'stochastic_n': 71, 'stochastic_d': 34, 'stochastic_lower': 44, 'stochastic_upper': 94, 'en_mfi': False, 'mfi_n': 41, 'mfi_lower': 2, 'mfi_upper': 95, 'en_bollinger': True, 'bollinger_n': 62, 'bollinger_k': 4.8, 'en_adx': True, 'adx_n': 2, 'adx_threshold': 26, 'en_structure_trend': True, 'structure_trend_swing_l': 11, 'en_order_block': False, 'order_block_swing_l': 12, 'en_fvg': True, 'fvg_lookback': 45, 'en_ifvg': False, 'en_breaker': False, 'breaker_swing_l': 18, 'en_cisd': True, 'k': 3, 'en_cap_bars': False, 'cap_1min': 1165}.
[I 2026-07-13 17:15:21,320] Trial 356 finished with values: [-149.01477459279704, -413.43832633695, 40.25] and parameters: {'sl_soft': 1.124380577176661, 'sl_hard_delta': 0.21793918276339308, 'tp': 1.127471792841037, 'gate_pct': 97.52011350142476, 'dd_limit': 60.80016338531003, 'cooldown': 8, 'flip': True, 'en_ema_trend': False, 'ema_trend_fast': 269, 'ema_trend_slow': 192, 'en_sma_trend': False, 'sma_trend_fast': 285, 'sma_trend_slow': 138, 'en_macd': False, 'macd_fast': 100, 'macd_slow': 21, 'macd_signal': 26, 'en_vwap': False, 'en_keltner': True, 'keltner_n': 160, 'keltner_m': 3.9000000000000004, 'en_obv': True, 'obv_slope': 107, 'en_cci': True, 'cci_n': 42, 'cci_threshold': 105, 'en_rsi': True, 'rsi_n': 9, 'rsi_lower': 29, 'rsi_upper': 59, 'en_stochastic': False, 'stochastic_n': 67, 'stochastic_d': 6, 'stochastic_lower': 28, 'stochastic_upper': 70, 'en_mfi': True, 'mfi_n': 41, 'mfi_lower': 8, 'mfi_upper': 88, 'en_bollinger': False, 'bollinger_n': 178, 'bollinger_k': 4.8, 'en_adx': True, 'adx_n': 32, 'adx_threshold': 11, 'en_structure_trend': False, 'structure_trend_swing_l': 1, 'en_order_block': True, 'order_block_swing_l': 14, 'en_fvg': False, 'fvg_lookback': 31, 'en_ifvg': True, 'en_breaker': True, 'breaker_swing_l': 3, 'en_cisd': True, 'k': 4, 'en_cap_bars': False, 'cap_1min': 689}.
[I 2026-07-13 17:15:21,683] Trial 357 finished with values: [84.22585359383561, -259.3189786510038, 50.3] and parameters: {'sl_soft': 1.2979586805955017, 'sl_hard_delta': 0.4218978700826674, 'tp': 1.6930466296932924, 'gate_pct': 81.43219065749138, 'dd_limit': 208.93735973419433, 'cooldown': 8, 'flip': True, 'en_ema_trend': False, 'ema_trend_fast': 393, 'ema_trend_slow': 381, 'en_sma_trend': False, 'sma_trend_fast': 29, 'sma_trend_slow': 376, 'en_macd': True, 'macd_fast': 57, 'macd_slow': 167, 'macd_signal': 54, 'en_vwap': True, 'en_keltner': True, 'keltner_n': 150, 'keltner_m': 4.5, 'en_obv': True, 'obv_slope': 168, 'en_cci': False, 'cci_n': 23, 'cci_threshold': 95, 'en_rsi': False, 'rsi_n': 9, 'rsi_lower': 15, 'rsi_upper': 71, 'en_stochastic': True, 'stochastic_n': 67, 'stochastic_d': 34, 'stochastic_lower': 44, 'stochastic_upper': 72, 'en_mfi': True, 'mfi_n': 11, 'mfi_lower': 23, 'mfi_upper': 57, 'en_bollinger': True, 'bollinger_n': 62, 'bollinger_k': 4.8, 'en_adx': True, 'adx_n': 33, 'adx_threshold': 11, 'en_structure_trend': True, 'structure_trend_swing_l': 19, 'en_order_block': False, 'order_block_swing_l': 12, 'en_fvg': True, 'fvg_lookback': 45, 'en_ifvg': False, 'en_breaker': False, 'breaker_swing_l': 1, 'en_cisd': True, 'k': 4, 'en_cap_bars': False, 'cap_1min': 674}.
[I 2026-07-13 17:15:28,881] Trial 358 finished with values: [50.26804006271277, -272.11157552078475, 38.0] and parameters: {'sl_soft': 1.1879905239922621, 'sl_hard_delta': 0.09391430061437202, 'tp': 2.249197437223498, 'gate_pct': 81.43219065749138, 'dd_limit': 439.4689893251477, 'cooldown': 1, 'flip': True, 'en_ema_trend': True, 'ema_trend_fast': 393, 'ema_trend_slow': 99, 'en_sma_trend': False, 'sma_trend_fast': 337, 'sma_trend_slow': 300, 'en_macd': True, 'macd_fast': 57, 'macd_slow': 124, 'macd_signal': 36, 'en_vwap': False, 'en_keltner': True, 'keltner_n': 150, 'keltner_m': 4.5, 'en_obv': False, 'obv_slope': 170, 'en_cci': False, 'cci_n': 32, 'cci_threshold': 80, 'en_rsi': True, 'rsi_n': 5, 'rsi_lower': 42, 'rsi_upper': 67, 'en_stochastic': True, 'stochastic_n': 56, 'stochastic_d': 34, 'stochastic_lower': 44, 'stochastic_upper': 74, 'en_mfi': True, 'mfi_n': 11, 'mfi_lower': 12, 'mfi_upper': 62, 'en_bollinger': False, 'bollinger_n': 52, 'bollinger_k': 4.8, 'en_adx': False, 'adx_n': 48, 'adx_threshold': 11, 'en_structure_trend': True, 'structure_trend_swing_l': 20, 'en_order_block': False, 'order_block_swing_l': 13, 'en_fvg': True, 'fvg_lookback': 28, 'en_ifvg': False, 'en_breaker': False, 'breaker_swing_l': 5, 'en_cisd': True, 'k': 1, 'en_cap_bars': False, 'cap_1min': 933}.
[I 2026-07-13 17:15:31,841] Trial 359 finished with values: [-38.467802435650356, -390.04110480102554, 29.25] and parameters: {'sl_soft': 0.9976436795384156, 'sl_hard_delta': 0.02145810771492437, 'tp': 2.390195776514097, 'gate_pct': 84.68288014900352, 'dd_limit': 208.93735973419433, 'cooldown': 16, 'flip': True, 'en_ema_trend': False, 'ema_trend_fast': 29, 'ema_trend_slow': 38, 'en_sma_trend': False, 'sma_trend_fast': 266, 'sma_trend_slow': 171, 'en_macd': True, 'macd_fast': 6, 'macd_slow': 47, 'macd_signal': 13, 'en_vwap': True, 'en_keltner': False, 'keltner_n': 137, 'keltner_m': 3.8000000000000003, 'en_obv': True, 'obv_slope': 8, 'en_cci': True, 'cci_n': 125, 'cci_threshold': 280, 'en_rsi': False, 'rsi_n': 74, 'rsi_lower': 41, 'rsi_upper': 63, 'en_stochastic': False, 'stochastic_n': 22, 'stochastic_d': 3, 'stochastic_lower': 44, 'stochastic_upper': 57, 'en_mfi': True, 'mfi_n': 61, 'mfi_lower': 20, 'mfi_upper': 86, 'en_bollinger': True, 'bollinger_n': 69, 'bollinger_k': 4.7, 'en_adx': True, 'adx_n': 48, 'adx_threshold': 12, 'en_structure_trend': False, 'structure_trend_swing_l': 17, 'en_order_block': True, 'order_block_swing_l': 1, 'en_fvg': False, 'fvg_lookback': 36, 'en_ifvg': False, 'en_breaker': False, 'breaker_swing_l': 18, 'en_cisd': False, 'k': 3, 'en_cap_bars': True, 'cap_1min': 1165}.
[I 2026-07-13 17:15:38,044] Trial 360 finished with values: [-72.50000000007049, -512.206985807336, 45.45] and parameters: {'sl_soft': 1.2795510837006852, 'sl_hard_delta': 0.42994751087190747, 'tp': 1.674857472998817, 'gate_pct': 49.958417067888604, 'dd_limit': 434.8338936907749, 'cooldown': 16, 'flip': True, 'en_ema_trend': False, 'ema_trend_fast': 208, 'ema_trend_slow': 24, 'en_sma_trend': False, 'sma_trend_fast': 266, 'sma_trend_slow': 121, 'en_macd': True, 'macd_fast': 33, 'macd_slow': 63, 'macd_signal': 50, 'en_vwap': True, 'en_keltner': True, 'keltner_n': 178, 'keltner_m': 2.1, 'en_obv': False, 'obv_slope': 6, 'en_cci': False, 'cci_n': 94, 'cci_threshold': 195, 'en_rsi': True, 'rsi_n': 23, 'rsi_lower': 37, 'rsi_upper': 88, 'en_stochastic': True, 'stochastic_n': 77, 'stochastic_d': 5, 'stochastic_lower': 16, 'stochastic_upper': 57, 'en_mfi': True, 'mfi_n': 57, 'mfi_lower': 20, 'mfi_upper': 88, 'en_bollinger': False, 'bollinger_n': 182, 'bollinger_k': 1.6, 'en_adx': False, 'adx_n': 71, 'adx_threshold': 34, 'en_structure_trend': False, 'structure_trend_swing_l': 4, 'en_order_block': False, 'order_block_swing_l': 9, 'en_fvg': True, 'fvg_lookback': 1, 'en_ifvg': False, 'en_breaker': False, 'breaker_swing_l': 17, 'en_cisd': False, 'k': 4, 'en_cap_bars': True, 'cap_1min': 3}.
[I 2026-07-13 17:15:38,327] Trial 361 finished with values: [-55.85057624414276, -240.81072628628135, 57.8] and parameters: {'sl_soft': 1.3199246294172853, 'sl_hard_delta': 0.0896402798389121, 'tp': 0.8220451112985745, 'gate_pct': 80.28577378768065, 'dd_limit': 124.46390056316226, 'cooldown': 12, 'flip': False, 'en_ema_trend': True, 'ema_trend_fast': 101, 'ema_trend_slow': 238, 'en_sma_trend': True, 'sma_trend_fast': 188, 'sma_trend_slow': 55, 'en_macd': False, 'macd_fast': 25, 'macd_slow': 125, 'macd_signal': 36, 'en_vwap': True, 'en_keltner': True, 'keltner_n': 154, 'keltner_m': 4.300000000000001, 'en_obv': True, 'obv_slope': 170, 'en_cci': False, 'cci_n': 91, 'cci_threshold': 155, 'en_rsi': False, 'rsi_n': 95, 'rsi_lower': 42, 'rsi_upper': 63, 'en_stochastic': True, 'stochastic_n': 55, 'stochastic_d': 50, 'stochastic_lower': 11, 'stochastic_upper': 53, 'en_mfi': False, 'mfi_n': 21, 'mfi_lower': 47, 'mfi_upper': 62, 'en_bollinger': False, 'bollinger_n': 104, 'bollinger_k': 2.1, 'en_adx': False, 'adx_n': 90, 'adx_threshold': 5, 'en_structure_trend': True, 'structure_trend_swing_l': 17, 'en_order_block': False, 'order_block_swing_l': 13, 'en_fvg': True, 'fvg_lookback': 48, 'en_ifvg': True, 'en_breaker': False, 'breaker_swing_l': 19, 'en_cisd': True, 'k': 2, 'en_cap_bars': False, 'cap_1min': 469}.
