[I 2026-07-13 17:26:41,762] Trial 1816 finished with values: [3512.6246065529244, -2239.9999999999864, 60.4] and parameters: {'sl_soft': 13.322824841198319, 'sl_hard_delta': 16.490247779034476, 'tp': 21.8337486885096, 'gate_pct': 90.0783114706916, 'dd_limit': 28.9935892757227, 'cooldown': 2, 'flip': False, 'en_ema_trend': False, 'ema_trend_fast': 177, 'ema_trend_slow': 301, 'en_sma_trend': False, 'sma_trend_fast': 135, 'sma_trend_slow': 229, 'en_macd': True, 'macd_fast': 98, 'macd_slow': 150, 'macd_signal': 84, 'en_vwap': True, 'en_keltner': False, 'keltner_n': 17, 'keltner_m': 3.9000000000000004, 'en_obv': True, 'obv_slope': 30, 'en_cci': False, 'cci_n': 87, 'cci_threshold': 160, 'en_rsi': True, 'rsi_n': 35, 'rsi_lower': 15, 'rsi_upper': 60, 'en_stochastic': True, 'stochastic_n': 3, 'stochastic_d': 31, 'stochastic_lower': 43, 'stochastic_upper': 97, 'en_mfi': True, 'mfi_n': 100, 'mfi_lower': 23, 'mfi_upper': 88, 'en_bollinger': False, 'bollinger_n': 14, 'bollinger_k': 0.6, 'en_adx': False, 'adx_n': 88, 'adx_threshold': 12, 'en_structure_trend': False, 'structure_trend_swing_l': 19, 'en_order_block': False, 'order_block_swing_l': 3, 'en_fvg': False, 'fvg_lookback': 31, 'en_ifvg': False, 'en_breaker': True, 'breaker_swing_l': 5, 'en_cisd': True, 'k': 3, 'en_cap_bars': False, 'cap_1min': 583}.
[I 2026-07-13 17:26:46,463] Trial 1817 finished with values: [6240.45297170121, -5950.0, 51.95] and parameters: {'sl_soft': 7.863750810090712, 'sl_hard_delta': 20.294948622898286, 'tp': 20.630905943402496, 'gate_pct': 86.86001597008706, 'dd_limit': 28.9935892757227, 'cooldown': 0, 'flip': False, 'en_ema_trend': True, 'ema_trend_fast': 177, 'ema_trend_slow': 196, 'en_sma_trend': True, 'sma_trend_fast': 331, 'sma_trend_slow': 228, 'en_macd': False, 'macd_fast': 40, 'macd_slow': 172, 'macd_signal': 13, 'en_vwap': True, 'en_keltner': True, 'keltner_n': 83, 'keltner_m': 3.9000000000000004, 'en_obv': True, 'obv_slope': 30, 'en_cci': False, 'cci_n': 2, 'cci_threshold': 290, 'en_rsi': False, 'rsi_n': 39, 'rsi_lower': 8, 'rsi_upper': 95, 'en_stochastic': True, 'stochastic_n': 3, 'stochastic_d': 31, 'stochastic_lower': 12, 'stochastic_upper': 74, 'en_mfi': True, 'mfi_n': 100, 'mfi_lower': 31, 'mfi_upper': 90, 'en_bollinger': False, 'bollinger_n': 14, 'bollinger_k': 0.6, 'en_adx': False, 'adx_n': 88, 'adx_threshold': 27, 'en_structure_trend': False, 'structure_trend_swing_l': 7, 'en_order_block': False, 'order_block_swing_l': 19, 'en_fvg': False, 'fvg_lookback': 31, 'en_ifvg': False, 'en_breaker': False, 'breaker_swing_l': 14, 'en_cisd': True, 'k': 1, 'en_cap_bars': False, 'cap_1min': 1287}.
[I 2026-07-13 17:26:47,579] Trial 1818 finished with values: [6425.999475403922, -3218.312565574479, 63.95] and parameters: {'sl_soft': 13.106247429258882, 'sl_hard_delta': 20.294948622898286, 'tp': 21.8337486885096, 'gate_pct': 90.0783114706916, 'dd_limit': 28.9935892757227, 'cooldown': 0, 'flip': False, 'en_ema_trend': True, 'ema_trend_fast': 250, 'ema_trend_slow': 381, 'en_sma_trend': False, 'sma_trend_fast': 331, 'sma_trend_slow': 229, 'en_macd': True, 'macd_fast': 49, 'macd_slow': 105, 'macd_signal': 84, 'en_vwap': True, 'en_keltner': False, 'keltner_n': 35, 'keltner_m': 1.7000000000000002, 'en_obv': True, 'obv_slope': 54, 'en_cci': True, 'cci_n': 2, 'cci_threshold': 60, 'en_rsi': False, 'rsi_n': 39, 'rsi_lower': 15, 'rsi_upper': 95, 'en_stochastic': False, 'stochastic_n': 53, 'stochastic_d': 31, 'stochastic_lower': 43, 'stochastic_upper': 97, 'en_mfi': True, 'mfi_n': 84, 'mfi_lower': 31, 'mfi_upper': 90, 'en_bollinger': True, 'bollinger_n': 35, 'bollinger_k': 0.6, 'en_adx': False, 'adx_n': 88, 'adx_threshold': 27, 'en_structure_trend': False, 'structure_trend_swing_l': 7, 'en_order_block': False, 'order_block_swing_l': 17, 'en_fvg': False, 'fvg_lookback': 31, 'en_ifvg': False, 'en_breaker': False, 'breaker_swing_l': 5, 'en_cisd': True, 'k': 3, 'en_cap_bars': False, 'cap_1min': 1287}.
[I 2026-07-13 17:26:47,844] Trial 1819 finished with values: [10951.087997647242, -4610.364108489603, 57.4] and parameters: {'sl_soft': 13.106247429258882, 'sl_hard_delta': 16.490247779034476, 'tp': 20.630905943402496, 'gate_pct': 90.0783114706916, 'dd_limit': 377.8686668899344, 'cooldown': 2, 'flip': False, 'en_ema_trend': True, 'ema_trend_fast': 177, 'ema_trend_slow': 381, 'en_sma_trend': True, 'sma_trend_fast': 95, 'sma_trend_slow': 229, 'en_macd': True, 'macd_fast': 84, 'macd_slow': 94, 'macd_signal': 84, 'en_vwap': True, 'en_keltner': True, 'keltner_n': 35, 'keltner_m': 3.9000000000000004, 'en_obv': True, 'obv_slope': 30, 'en_cci': False, 'cci_n': 88, 'cci_threshold': 290, 'en_rsi': False, 'rsi_n': 39, 'rsi_lower': 15, 'rsi_upper': 95, 'en_stochastic': False, 'stochastic_n': 3, 'stochastic_d': 19, 'stochastic_lower': 43, 'stochastic_upper': 97, 'en_mfi': True, 'mfi_n': 100, 'mfi_lower': 23, 'mfi_upper': 90, 'en_bollinger': False, 'bollinger_n': 78, 'bollinger_k': 0.6, 'en_adx': False, 'adx_n': 88, 'adx_threshold': 37, 'en_structure_trend': False, 'structure_trend_swing_l': 19, 'en_order_block': False, 'order_block_swing_l': 3, 'en_fvg': False, 'fvg_lookback': 31, 'en_ifvg': False, 'en_breaker': False, 'breaker_swing_l': 5, 'en_cisd': True, 'k': 2, 'en_cap_bars': False, 'cap_1min': 583}.
[I 2026-07-13 17:26:51,019] Trial 1820 finished with values: [11354.55597867434, -3915.0000000000073, 48.05] and parameters: {'sl_soft': 7.863750810090712, 'sl_hard_delta': 16.490247779034476, 'tp': 20.630905943402496, 'gate_pct': 86.86001597008706, 'dd_limit': 28.9935892757227, 'cooldown': 0, 'flip': False, 'en_ema_trend': True, 'ema_trend_fast': 177, 'ema_trend_slow': 301, 'en_sma_trend': False, 'sma_trend_fast': 135, 'sma_trend_slow': 228, 'en_macd': True, 'macd_fast': 98, 'macd_slow': 190, 'macd_signal': 84, 'en_vwap': True, 'en_keltner': True, 'keltner_n': 157, 'keltner_m': 3.9000000000000004, 'en_obv': True, 'obv_slope': 30, 'en_cci': False, 'cci_n': 88, 'cci_threshold': 290, 'en_rsi': False, 'rsi_n': 12, 'rsi_lower': 15, 'rsi_upper': 95, 'en_stochastic': False, 'stochastic_n': 3, 'stochastic_d': 31, 'stochastic_lower': 43, 'stochastic_upper': 97, 'en_mfi': True, 'mfi_n': 84, 'mfi_lower': 28, 'mfi_upper': 90, 'en_bollinger': False, 'bollinger_n': 78, 'bollinger_k': 3.9000000000000004, 'en_adx': False, 'adx_n': 88, 'adx_threshold': 37, 'en_structure_trend': False, 'structure_trend_swing_l': 19, 'en_order_block': False, 'order_block_swing_l': 3, 'en_fvg': False, 'fvg_lookback': 31, 'en_ifvg': False, 'en_breaker': False, 'breaker_swing_l': 5, 'en_cisd': True, 'k': 3, 'en_cap_bars': False, 'cap_1min': 583}.
[I 2026-07-13 17:26:51,382] Trial 1821 finished with values: [6437.811516382317, -7309.8130901705645, 51.45] and parameters: {'sl_soft': 13.322824841198319, 'sl_hard_delta': 20.294948622898286, 'tp': 21.8337486885096, 'gate_pct': 90.0783114706916, 'dd_limit': 28.9935892757227, 'cooldown': 1, 'flip': False, 'en_ema_trend': True, 'ema_trend_fast': 177, 'ema_trend_slow': 301, 'en_sma_trend': False, 'sma_trend_fast': 177, 'sma_trend_slow': 321, 'en_macd': True, 'macd_fast': 98, 'macd_slow': 94, 'macd_signal': 84, 'en_vwap': True, 'en_keltner': False, 'keltner_n': 17, 'keltner_m': 3.9000000000000004, 'en_obv': True, 'obv_slope': 30, 'en_cci': False, 'cci_n': 88, 'cci_threshold': 290, 'en_rsi': True, 'rsi_n': 67, 'rsi_lower': 15, 'rsi_upper': 95, 'en_stochastic': False, 'stochastic_n': 3, 'stochastic_d': 7, 'stochastic_lower': 43, 'stochastic_upper': 83, 'en_mfi': True, 'mfi_n': 100, 'mfi_lower': 23, 'mfi_upper': 88, 'en_bollinger': False, 'bollinger_n': 78, 'bollinger_k': 0.6, 'en_adx': False, 'adx_n': 88, 'adx_threshold': 12, 'en_structure_trend': False, 'structure_trend_swing_l': 19, 'en_order_block': True, 'order_block_swing_l': 3, 'en_fvg': False, 'fvg_lookback': 31, 'en_ifvg': False, 'en_breaker': False, 'breaker_swing_l': 5, 'en_cisd': True, 'k': 2, 'en_cap_bars': False, 'cap_1min': 583}.
[I 2026-07-13 17:26:51,658] Trial 1822 finished with values: [7205.218061467667, -2895.0000000000273, 62.5] and parameters: {'sl_soft': 13.106247429258882, 'sl_hard_delta': 16.490247779034476, 'tp': 21.8337486885096, 'gate_pct': 90.0783114706916, 'dd_limit': 28.9935892757227, 'cooldown': 2, 'flip': False, 'en_ema_trend': False, 'ema_trend_fast': 177, 'ema_trend_slow': 129, 'en_sma_trend': False, 'sma_trend_fast': 95, 'sma_trend_slow': 321, 'en_macd': True, 'macd_fast': 100, 'macd_slow': 150, 'macd_signal': 84, 'en_vwap': False, 'en_keltner': False, 'keltner_n': 17, 'keltner_m': 3.9000000000000004, 'en_obv': True, 'obv_slope': 30, 'en_cci': False, 'cci_n': 87, 'cci_threshold': 195, 'en_rsi': False, 'rsi_n': 35, 'rsi_lower': 13, 'rsi_upper': 95, 'en_stochastic': True, 'stochastic_n': 3, 'stochastic_d': 31, 'stochastic_lower': 43, 'stochastic_upper': 97, 'en_mfi': True, 'mfi_n': 100, 'mfi_lower': 23, 'mfi_upper': 88, 'en_bollinger': False, 'bollinger_n': 14, 'bollinger_k': 0.6, 'en_adx': False, 'adx_n': 88, 'adx_threshold': 12, 'en_structure_trend': False, 'structure_trend_swing_l': 15, 'en_order_block': False, 'order_block_swing_l': 3, 'en_fvg': False, 'fvg_lookback': 21, 'en_ifvg': False, 'en_breaker': False, 'breaker_swing_l': 5, 'en_cisd': True, 'k': 3, 'en_cap_bars': False, 'cap_1min': 583}.
[I 2026-07-13 17:26:51,949] Trial 1823 finished with values: [13689.773480429903, -8129.750786894101, 55.3] and parameters: {'sl_soft': 13.106247429258882, 'sl_hard_delta': 16.490247779034476, 'tp': 21.8337486885096, 'gate_pct': 90.0783114706916, 'dd_limit': 28.9935892757227, 'cooldown': 0, 'flip': False, 'en_ema_trend': True, 'ema_trend_fast': 177, 'ema_trend_slow': 381, 'en_sma_trend': True, 'sma_trend_fast': 95, 'sma_trend_slow': 229, 'en_macd': True, 'macd_fast': 40, 'macd_slow': 150, 'macd_signal': 84, 'en_vwap': True, 'en_keltner': False, 'keltner_n': 117, 'keltner_m': 1.3, 'en_obv': True, 'obv_slope': 54, 'en_cci': False, 'cci_n': 87, 'cci_threshold': 195, 'en_rsi': False, 'rsi_n': 12, 'rsi_lower': 15, 'rsi_upper': 60, 'en_stochastic': False, 'stochastic_n': 53, 'stochastic_d': 31, 'stochastic_lower': 43, 'stochastic_upper': 97, 'en_mfi': True, 'mfi_n': 100, 'mfi_lower': 23, 'mfi_upper': 90, 'en_bollinger': False, 'bollinger_n': 184, 'bollinger_k': 0.6, 'en_adx': False, 'adx_n': 88, 'adx_threshold': 27, 'en_structure_trend': False, 'structure_trend_swing_l': 18, 'en_order_block': False, 'order_block_swing_l': 19, 'en_fvg': False, 'fvg_lookback': 31, 'en_ifvg': False, 'en_breaker': False, 'breaker_swing_l': 5, 'en_cisd': True, 'k': 2, 'en_cap_bars': False, 'cap_1min': 583}.
[I 2026-07-13 17:26:57,151] Trial 1824 finished with values: [5104.343192616625, -5334.999999999991, 59.5] and parameters: {'sl_soft': 13.106247429258882, 'sl_hard_delta': 16.490247779034476, 'tp': 21.8337486885096, 'gate_pct': 90.0783114706916, 'dd_limit': 11.276095451039913, 'cooldown': 0, 'flip': False, 'en_ema_trend': True, 'ema_trend_fast': 177, 'ema_trend_slow': 196, 'en_sma_trend': False, 'sma_trend_fast': 331, 'sma_trend_slow': 321, 'en_macd': False, 'macd_fast': 40, 'macd_slow': 172, 'macd_signal': 13, 'en_vwap': True, 'en_keltner': True, 'keltner_n': 35, 'keltner_m': 3.9000000000000004, 'en_obv': True, 'obv_slope': 30, 'en_cci': False, 'cci_n': 2, 'cci_threshold': 265, 'en_rsi': False, 'rsi_n': 39, 'rsi_lower': 13, 'rsi_upper': 95, 'en_stochastic': True, 'stochastic_n': 53, 'stochastic_d': 31, 'stochastic_lower': 12, 'stochastic_upper': 97, 'en_mfi': True, 'mfi_n': 84, 'mfi_lower': 31, 'mfi_upper': 58, 'en_bollinger': False, 'bollinger_n': 78, 'bollinger_k': 0.6, 'en_adx': False, 'adx_n': 88, 'adx_threshold': 55, 'en_structure_trend': False, 'structure_trend_swing_l': 15, 'en_order_block': False, 'order_block_swing_l': 19, 'en_fvg': False, 'fvg_lookback': 31, 'en_ifvg': False, 'en_breaker': False, 'breaker_swing_l': 14, 'en_cisd': True, 'k': 2, 'en_cap_bars': True, 'cap_1min': 1287}.
[I 2026-07-13 17:26:58,874] Trial 1825 finished with values: [14283.029577849957, -7531.438221319604, 56.85] and parameters: {'sl_soft': 13.106247429258882, 'sl_hard_delta': 17.282590469325996, 'tp': 21.8337486885096, 'gate_pct': 90.0783114706916, 'dd_limit': 11.276095451039913, 'cooldown': 0, 'flip': False, 'en_ema_trend': True, 'ema_trend_fast': 177, 'ema_trend_slow': 129, 'en_sma_trend': False, 'sma_trend_fast': 95, 'sma_trend_slow': 321, 'en_macd': True, 'macd_fast': 70, 'macd_slow': 150, 'macd_signal': 13, 'en_vwap': True, 'en_keltner': True, 'keltner_n': 35, 'keltner_m': 1.3, 'en_obv': True, 'obv_slope': 30, 'en_cci': False, 'cci_n': 136, 'cci_threshold': 205, 'en_rsi': False, 'rsi_n': 12, 'rsi_lower': 39, 'rsi_upper': 95, 'en_stochastic': False, 'stochastic_n': 27, 'stochastic_d': 43, 'stochastic_lower': 43, 'stochastic_upper': 97, 'en_mfi': True, 'mfi_n': 84, 'mfi_lower': 25, 'mfi_upper': 97, 'en_bollinger': False, 'bollinger_n': 184, 'bollinger_k': 2.0, 'en_adx': False, 'adx_n': 88, 'adx_threshold': 27, 'en_structure_trend': False, 'structure_trend_swing_l': 19, 'en_order_block': False, 'order_block_swing_l': 19, 'en_fvg': False, 'fvg_lookback': 31, 'en_ifvg': False, 'en_breaker': False, 'breaker_swing_l': 18, 'en_cisd': True, 'k': 2, 'en_cap_bars': False, 'cap_1min': 583}.
[I 2026-07-13 17:26:59,057] Trial 1826 finished with values: [9862.130320269802, -4677.273514149306, 58.5] and parameters: {'sl_soft': 13.106247429258882, 'sl_hard_delta': 16.490247779034476, 'tp': 20.630905943402496, 'gate_pct': 90.0783114706916, 'dd_limit': 28.9935892757227, 'cooldown': 0, 'flip': False, 'en_ema_trend': False, 'ema_trend_fast': 177, 'ema_trend_slow': 129, 'en_sma_trend': True, 'sma_trend_fast': 95, 'sma_trend_slow': 321, 'en_macd': True, 'macd_fast': 98, 'macd_slow': 150, 'macd_signal': 84, 'en_vwap': True, 'en_keltner': False, 'keltner_n': 73, 'keltner_m': 3.9000000000000004, 'en_obv': True, 'obv_slope': 30, 'en_cci': False, 'cci_n': 87, 'cci_threshold': 205, 'en_rsi': False, 'rsi_n': 12, 'rsi_lower': 32, 'rsi_upper': 95, 'en_stochastic': False, 'stochastic_n': 27, 'stochastic_d': 37, 'stochastic_lower': 43, 'stochastic_upper': 97, 'en_mfi': True, 'mfi_n': 100, 'mfi_lower': 23, 'mfi_upper': 59, 'en_bollinger': False, 'bollinger_n': 184, 'bollinger_k': 2.0, 'en_adx': False, 'adx_n': 88, 'adx_threshold': 12, 'en_structure_trend': False, 'structure_trend_swing_l': 19, 'en_order_block': False, 'order_block_swing_l': 17, 'en_fvg': False, 'fvg_lookback': 31, 'en_ifvg': False, 'en_breaker': False, 'breaker_swing_l': 18, 'en_cisd': True, 'k': 2, 'en_cap_bars': True, 'cap_1min': 583}.
[I 2026-07-13 17:26:59,246] Trial 1827 finished with values: [10296.15523359504, -4483.312565574488, 58.45] and parameters: {'sl_soft': 13.322824841198319, 'sl_hard_delta': 16.490247779034476, 'tp': 21.8337486885096, 'gate_pct': 90.0783114706916, 'dd_limit': 28.9935892757227, 'cooldown': 2, 'flip': False, 'en_ema_trend': False, 'ema_trend_fast': 177, 'ema_trend_slow': 301, 'en_sma_trend': False, 'sma_trend_fast': 135, 'sma_trend_slow': 321, 'en_macd': True, 'macd_fast': 98, 'macd_slow': 94, 'macd_signal': 84, 'en_vwap': True, 'en_keltner': False, 'keltner_n': 17, 'keltner_m': 3.9000000000000004, 'en_obv': True, 'obv_slope': 30, 'en_cci': False, 'cci_n': 88, 'cci_threshold': 290, 'en_rsi': True, 'rsi_n': 67, 'rsi_lower': 15, 'rsi_upper': 60, 'en_stochastic': False, 'stochastic_n': 3, 'stochastic_d': 7, 'stochastic_lower': 43, 'stochastic_upper': 83, 'en_mfi': True, 'mfi_n': 100, 'mfi_lower': 23, 'mfi_upper': 88, 'en_bollinger': False, 'bollinger_n': 78, 'bollinger_k': 0.6, 'en_adx': False, 'adx_n': 19, 'adx_threshold': 37, 'en_structure_trend': False, 'structure_trend_swing_l': 19, 'en_order_block': False, 'order_block_swing_l': 3, 'en_fvg': False, 'fvg_lookback': 31, 'en_ifvg': False, 'en_breaker': False, 'breaker_swing_l': 5, 'en_cisd': True, 'k': 3, 'en_cap_bars': False, 'cap_1min': 583}.
[I 2026-07-13 17:26:59,399] Trial 1828 finished with values: [4971.967115462735, -1845.0000000000045, 55.35] and parameters: {'sl_soft': 7.863750810090712, 'sl_hard_delta': 16.490247779034476, 'tp': 20.630905943402496, 'gate_pct': 86.86001597008706, 'dd_limit': 28.9935892757227, 'cooldown': 2, 'flip': False, 'en_ema_trend': True, 'ema_trend_fast': 177, 'ema_trend_slow': 196, 'en_sma_trend': True, 'sma_trend_fast': 95, 'sma_trend_slow': 229, 'en_macd': False, 'macd_fast': 100, 'macd_slow': 150, 'macd_signal': 13, 'en_vwap': True, 'en_keltner': False, 'keltner_n': 83, 'keltner_m': 3.9000000000000004, 'en_obv': True, 'obv_slope': 54, 'en_cci': False, 'cci_n': 87, 'cci_threshold': 290, 'en_rsi': False, 'rsi_n': 67, 'rsi_lower': 37, 'rsi_upper': 60, 'en_stochastic': True, 'stochastic_n': 3, 'stochastic_d': 31, 'stochastic_lower': 43, 'stochastic_upper': 97, 'en_mfi': True, 'mfi_n': 100, 'mfi_lower': 28, 'mfi_upper': 90, 'en_bollinger': False, 'bollinger_n': 14, 'bollinger_k': 0.6, 'en_adx': False, 'adx_n': 88, 'adx_threshold': 27, 'en_structure_trend': False, 'structure_trend_swing_l': 15, 'en_order_block': False, 'order_block_swing_l': 3, 'en_fvg': False, 'fvg_lookback': 31, 'en_ifvg': False, 'en_breaker': False, 'breaker_swing_l': 5, 'en_cisd': True, 'k': 3, 'en_cap_bars': False, 'cap_1min': 583}.
[I 2026-07-13 17:26:59,571] Trial 1829 finished with values: [12925.467274573475, -7269.75078689411, 55.4] and parameters: {'sl_soft': 13.106247429258882, 'sl_hard_delta': 16.490247779034476, 'tp': 21.8337486885096, 'gate_pct': 90.0783114706916, 'dd_limit': 11.276095451039913, 'cooldown': 0, 'flip': False, 'en_ema_trend': True, 'ema_trend_fast': 177, 'ema_trend_slow': 301, 'en_sma_trend': False, 'sma_trend_fast': 95, 'sma_trend_slow': 321, 'en_macd': True, 'macd_fast': 98, 'macd_slow': 172, 'macd_signal': 13, 'en_vwap': True, 'en_keltner': True, 'keltner_n': 35, 'keltner_m': 1.3, 'en_obv': True, 'obv_slope': 30, 'en_cci': False, 'cci_n': 2, 'cci_threshold': 85, 'en_rsi': True, 'rsi_n': 39, 'rsi_lower': 15, 'rsi_upper': 95, 'en_stochastic': False, 'stochastic_n': 3, 'stochastic_d': 31, 'stochastic_lower': 13, 'stochastic_upper': 97, 'en_mfi': True, 'mfi_n': 84, 'mfi_lower': 23, 'mfi_upper': 90, 'en_bollinger': False, 'bollinger_n': 184, 'bollinger_k': 3.1, 'en_adx': False, 'adx_n': 88, 'adx_threshold': 12, 'en_structure_trend': False, 'structure_trend_swing_l': 19, 'en_order_block': False, 'order_block_swing_l': 19, 'en_fvg': False, 'fvg_lookback': 31, 'en_ifvg': False, 'en_breaker': False, 'breaker_swing_l': 14, 'en_cisd': True, 'k': 1, 'en_cap_bars': False, 'cap_1min': 1332}.
[I 2026-07-13 17:27:00,229] Trial 1830 finished with values: [14262.154708998969, -7373.1879590215385, 56.5] and parameters: {'sl_soft': 13.106247429258882, 'sl_hard_delta': 16.490247779034476, 'tp': 21.8337486885096, 'gate_pct': 90.0783114706916, 'dd_limit': 28.9935892757227, 'cooldown': 0, 'flip': False, 'en_ema_trend': True, 'ema_trend_fast': 177, 'ema_trend_slow': 381, 'en_sma_trend': False, 'sma_trend_fast': 95, 'sma_trend_slow': 321, 'en_macd': False, 'macd_fast': 49, 'macd_slow': 150, 'macd_signal': 84, 'en_vwap': True, 'en_keltner': True, 'keltner_n': 35, 'keltner_m': 1.3, 'en_obv': True, 'obv_slope': 30, 'en_cci': False, 'cci_n': 87, 'cci_threshold': 205, 'en_rsi': False, 'rsi_n': 39, 'rsi_lower': 13, 'rsi_upper': 60, 'en_stochastic': False, 'stochastic_n': 27, 'stochastic_d': 31, 'stochastic_lower': 13, 'stochastic_upper': 97, 'en_mfi': True, 'mfi_n': 100, 'mfi_lower': 25, 'mfi_upper': 97, 'en_bollinger': False, 'bollinger_n': 78, 'bollinger_k': 0.6, 'en_adx': False, 'adx_n': 88, 'adx_threshold': 12, 'en_structure_trend': False, 'structure_trend_swing_l': 19, 'en_order_block': False, 'order_block_swing_l': 19, 'en_fvg': False, 'fvg_lookback': 31, 'en_ifvg': False, 'en_breaker': False, 'breaker_swing_l': 5, 'en_cisd': True, 'k': 2, 'en_cap_bars': False, 'cap_1min': 583}.
[I 2026-07-13 17:27:00,404] Trial 1831 finished with values: [13689.773480429903, -8129.750786894101, 55.3] and parameters: {'sl_soft': 13.106247429258882, 'sl_hard_delta': 16.490247779034476, 'tp': 21.8337486885096, 'gate_pct': 90.0783114706916, 'dd_limit': 377.8686668899344, 'cooldown': 0, 'flip': False, 'en_ema_trend': True, 'ema_trend_fast': 177, 'ema_trend_slow': 301, 'en_sma_trend': True, 'sma_trend_fast': 95, 'sma_trend_slow': 229, 'en_macd': True, 'macd_fast': 84, 'macd_slow': 94, 'macd_signal': 84, 'en_vwap': False, 'en_keltner': False, 'keltner_n': 35, 'keltner_m': 3.9000000000000004, 'en_obv': True, 'obv_slope': 54, 'en_cci': False, 'cci_n': 88, 'cci_threshold': 195, 'en_rsi': False, 'rsi_n': 12, 'rsi_lower': 39, 'rsi_upper': 95, 'en_stochastic': False, 'stochastic_n': 3, 'stochastic_d': 19, 'stochastic_lower': 43, 'stochastic_upper': 97, 'en_mfi': True, 'mfi_n': 100, 'mfi_lower': 23, 'mfi_upper': 90, 'en_bollinger': False, 'bollinger_n': 78, 'bollinger_k': 0.6, 'en_adx': False, 'adx_n': 88, 'adx_threshold': 27, 'en_structure_trend': False, 'structure_trend_swing_l': 19, 'en_order_block': False, 'order_block_swing_l': 19, 'en_fvg': False, 'fvg_lookback': 43, 'en_ifvg': False, 'en_breaker': False, 'breaker_swing_l': 5, 'en_cisd': True, 'k': 2, 'en_cap_bars': False, 'cap_1min': 583}.
