[I 2026-07-13 17:09:58,897] Trial 336 finished with values: [-211.58092729061764, -414.0492850980422, 44.55] and parameters: {'sl_soft': 1.0138163480217606, 'sl_hard_delta': 2.239563723993085, 'tp': 1.0190142980390196, 'gate_pct': 33.41518335180748, 'dd_limit': 237.04271548261175, 'cooldown': 4, 'flip': True, 'en_ema_trend': True, 'ema_trend_fast': 279, 'ema_trend_slow': 279, 'en_sma_trend': True, 'sma_trend_fast': 357, 'sma_trend_slow': 306, 'en_macd': False, 'macd_fast': 52, 'macd_slow': 53, 'macd_signal': 34, 'en_vwap': False, 'en_keltner': True, 'keltner_n': 115, 'keltner_m': 2.1, 'en_obv': False, 'obv_slope': 119, 'en_cci': False, 'cci_n': 160, 'cci_threshold': 145, 'en_rsi': True, 'rsi_n': 97, 'rsi_lower': 43, 'rsi_upper': 57, 'en_stochastic': False, 'stochastic_n': 88, 'stochastic_d': 34, 'stochastic_lower': 2, 'stochastic_upper': 53, 'en_mfi': True, 'mfi_n': 54, 'mfi_lower': 24, 'mfi_upper': 72, 'en_bollinger': True, 'bollinger_n': 57, 'bollinger_k': 3.9000000000000004, 'en_adx': False, 'adx_n': 62, 'adx_threshold': 28, 'en_structure_trend': True, 'structure_trend_swing_l': 6, 'en_order_block': False, 'order_block_swing_l': 9, 'en_fvg': True, 'fvg_lookback': 10, 'en_ifvg': True, 'en_breaker': False, 'breaker_swing_l': 20, 'en_cisd': False, 'k': 3, 'en_cap_bars': False, 'cap_1min': 332}.
[I 2026-07-13 17:10:06,680] Trial 337 finished with values: [80.11805706851192, -279.99999999999545, 51.75] and parameters: {'sl_soft': 0.6154913983821713, 'sl_hard_delta': 2.981985232474473, 'tp': 1.388364641976369, 'gate_pct': 75.29895741667805, 'dd_limit': 484.0692573189395, 'cooldown': 5, 'flip': False, 'en_ema_trend': True, 'ema_trend_fast': 109, 'ema_trend_slow': 359, 'en_sma_trend': False, 'sma_trend_fast': 232, 'sma_trend_slow': 275, 'en_macd': True, 'macd_fast': 81, 'macd_slow': 94, 'macd_signal': 34, 'en_vwap': True, 'en_keltner': False, 'keltner_n': 115, 'keltner_m': 2.1, 'en_obv': False, 'obv_slope': 15, 'en_cci': True, 'cci_n': 182, 'cci_threshold': 195, 'en_rsi': True, 'rsi_n': 46, 'rsi_lower': 6, 'rsi_upper': 61, 'en_stochastic': True, 'stochastic_n': 9, 'stochastic_d': 18, 'stochastic_lower': 40, 'stochastic_upper': 67, 'en_mfi': True, 'mfi_n': 82, 'mfi_lower': 24, 'mfi_upper': 93, 'en_bollinger': False, 'bollinger_n': 144, 'bollinger_k': 0.5, 'en_adx': False, 'adx_n': 91, 'adx_threshold': 6, 'en_structure_trend': False, 'structure_trend_swing_l': 9, 'en_order_block': False, 'order_block_swing_l': 10, 'en_fvg': True, 'fvg_lookback': 44, 'en_ifvg': False, 'en_breaker': True, 'breaker_swing_l': 7, 'en_cisd': True, 'k': 3, 'en_cap_bars': False, 'cap_1min': 1249}.
[I 2026-07-13 17:10:07,816] Trial 338 pruned. 
[I 2026-07-13 17:10:16,252] Trial 339 finished with values: [6.6765336820481025, -340.41462681202574, 61.25] and parameters: {'sl_soft': 1.8628377020872888, 'sl_hard_delta': 0.33183959034651267, 'tp': 1.388364641976369, 'gate_pct': 61.70561390485503, 'dd_limit': 237.04271548261175, 'cooldown': 21, 'flip': True, 'en_ema_trend': True, 'ema_trend_fast': 109, 'ema_trend_slow': 359, 'en_sma_trend': True, 'sma_trend_fast': 59, 'sma_trend_slow': 275, 'en_macd': True, 'macd_fast': 81, 'macd_slow': 6, 'macd_signal': 34, 'en_vwap': False, 'en_keltner': False, 'keltner_n': 5, 'keltner_m': 2.1, 'en_obv': False, 'obv_slope': 15, 'en_cci': True, 'cci_n': 182, 'cci_threshold': 120, 'en_rsi': False, 'rsi_n': 76, 'rsi_lower': 16, 'rsi_upper': 74, 'en_stochastic': True, 'stochastic_n': 93, 'stochastic_d': 37, 'stochastic_lower': 4, 'stochastic_upper': 62, 'en_mfi': True, 'mfi_n': 82, 'mfi_lower': 34, 'mfi_upper': 98, 'en_bollinger': False, 'bollinger_n': 57, 'bollinger_k': 0.5, 'en_adx': False, 'adx_n': 91, 'adx_threshold': 6, 'en_structure_trend': False, 'structure_trend_swing_l': 18, 'en_order_block': False, 'order_block_swing_l': 19, 'en_fvg': True, 'fvg_lookback': 31, 'en_ifvg': False, 'en_breaker': True, 'breaker_swing_l': 8, 'en_cisd': False, 'k': 3, 'en_cap_bars': True, 'cap_1min': 1171}.
[I 2026-07-13 17:10:25,187] Trial 340 finished with values: [-213.12170799834007, -559.4846078251749, 40.35] and parameters: {'sl_soft': 1.7996753775098977, 'sl_hard_delta': 0.55988919325763, 'tp': 2.5647184925159534, 'gate_pct': 26.904238725191853, 'dd_limit': 471.1025761339751, 'cooldown': 18, 'flip': False, 'en_ema_trend': False, 'ema_trend_fast': 393, 'ema_trend_slow': 246, 'en_sma_trend': False, 'sma_trend_fast': 81, 'sma_trend_slow': 116, 'en_macd': True, 'macd_fast': 57, 'macd_slow': 64, 'macd_signal': 91, 'en_vwap': True, 'en_keltner': True, 'keltner_n': 132, 'keltner_m': 4.5, 'en_obv': True, 'obv_slope': 168, 'en_cci': True, 'cci_n': 97, 'cci_threshold': 90, 'en_rsi': False, 'rsi_n': 25, 'rsi_lower': 21, 'rsi_upper': 56, 'en_stochastic': False, 'stochastic_n': 35, 'stochastic_d': 34, 'stochastic_lower': 44, 'stochastic_upper': 94, 'en_mfi': False, 'mfi_n': 41, 'mfi_lower': 49, 'mfi_upper': 81, 'en_bollinger': False, 'bollinger_n': 102, 'bollinger_k': 4.8, 'en_adx': True, 'adx_n': 2, 'adx_threshold': 5, 'en_structure_trend': True, 'structure_trend_swing_l': 11, 'en_order_block': False, 'order_block_swing_l': 18, 'en_fvg': True, 'fvg_lookback': 45, 'en_ifvg': False, 'en_breaker': True, 'breaker_swing_l': 18, 'en_cisd': True, 'k': 3, 'en_cap_bars': False, 'cap_1min': 217}.
[I 2026-07-13 17:10:25,547] Trial 341 pruned. 
[I 2026-07-13 17:10:26,638] Trial 342 pruned. 
[I 2026-07-13 17:10:28,580] Trial 343 pruned. 
[I 2026-07-13 17:10:29,198] Trial 344 pruned. 
[I 2026-07-13 17:10:29,624] Trial 345 finished with values: [-537.9927728509301, -690.104716587166, 17.8] and parameters: {'sl_soft': 2.0212200416683395, 'sl_hard_delta': 0.2791290136221785, 'tp': 3.796381228830453, 'gate_pct': 96.32429534226424, 'dd_limit': 394.88972205872113, 'cooldown': 18, 'flip': True, 'en_ema_trend': True, 'ema_trend_fast': 9, 'ema_trend_slow': 72, 'en_sma_trend': True, 'sma_trend_fast': 207, 'sma_trend_slow': 81, 'en_macd': False, 'macd_fast': 14, 'macd_slow': 144, 'macd_signal': 91, 'en_vwap': True, 'en_keltner': False, 'keltner_n': 116, 'keltner_m': 2.9000000000000004, 'en_obv': True, 'obv_slope': 137, 'en_cci': False, 'cci_n': 136, 'cci_threshold': 135, 'en_rsi': False, 'rsi_n': 60, 'rsi_lower': 20, 'rsi_upper': 61, 'en_stochastic': True, 'stochastic_n': 65, 'stochastic_d': 49, 'stochastic_lower': 34, 'stochastic_upper': 64, 'en_mfi': True, 'mfi_n': 15, 'mfi_lower': 34, 'mfi_upper': 79, 'en_bollinger': False, 'bollinger_n': 131, 'bollinger_k': 1.5, 'en_adx': False, 'adx_n': 77, 'adx_threshold': 28, 'en_structure_trend': False, 'structure_trend_swing_l': 18, 'en_order_block': False, 'order_block_swing_l': 10, 'en_fvg': True, 'fvg_lookback': 38, 'en_ifvg': True, 'en_breaker': True, 'breaker_swing_l': 11, 'en_cisd': False, 'k': 4, 'en_cap_bars': True, 'cap_1min': 133}.
[I 2026-07-13 17:10:30,141] Trial 346 finished with values: [48.839036665333424, -575.0872638226383, 42.85] and parameters: {'sl_soft': 2.0212200416683395, 'sl_hard_delta': 0.2791290136221785, 'tp': 3.796381228830453, 'gate_pct': 83.03318515696816, 'dd_limit': 394.88972205872113, 'cooldown': 18, 'flip': True, 'en_ema_trend': True, 'ema_trend_fast': 9, 'ema_trend_slow': 72, 'en_sma_trend': True, 'sma_trend_fast': 207, 'sma_trend_slow': 81, 'en_macd': False, 'macd_fast': 14, 'macd_slow': 144, 'macd_signal': 91, 'en_vwap': False, 'en_keltner': False, 'keltner_n': 116, 'keltner_m': 2.9000000000000004, 'en_obv': True, 'obv_slope': 137, 'en_cci': False, 'cci_n': 136, 'cci_threshold': 135, 'en_rsi': False, 'rsi_n': 60, 'rsi_lower': 20, 'rsi_upper': 61, 'en_stochastic': True, 'stochastic_n': 65, 'stochastic_d': 49, 'stochastic_lower': 34, 'stochastic_upper': 64, 'en_mfi': True, 'mfi_n': 15, 'mfi_lower': 34, 'mfi_upper': 79, 'en_bollinger': False, 'bollinger_n': 131, 'bollinger_k': 1.5, 'en_adx': False, 'adx_n': 78, 'adx_threshold': 28, 'en_structure_trend': False, 'structure_trend_swing_l': 18, 'en_order_block': False, 'order_block_swing_l': 7, 'en_fvg': True, 'fvg_lookback': 38, 'en_ifvg': False, 'en_breaker': True, 'breaker_swing_l': 11, 'en_cisd': False, 'k': 4, 'en_cap_bars': True, 'cap_1min': 133}.
[I 2026-07-13 17:10:32,396] Trial 347 finished with values: [-186.49928291804372, -529.4165471529823, 42.75] and parameters: {'sl_soft': 1.8628377020872888, 'sl_hard_delta': 3.0025790001352797, 'tp': 2.9116690569400108, 'gate_pct': 61.70561390485503, 'dd_limit': 398.7158815502001, 'cooldown': 21, 'flip': True, 'en_ema_trend': True, 'ema_trend_fast': 14, 'ema_trend_slow': 305, 'en_sma_trend': False, 'sma_trend_fast': 59, 'sma_trend_slow': 261, 'en_macd': True, 'macd_fast': 50, 'macd_slow': 82, 'macd_signal': 100, 'en_vwap': False, 'en_keltner': False, 'keltner_n': 145, 'keltner_m': 3.6, 'en_obv': True, 'obv_slope': 173, 'en_cci': True, 'cci_n': 82, 'cci_threshold': 50, 'en_rsi': False, 'rsi_n': 50, 'rsi_lower': 48, 'rsi_upper': 51, 'en_stochastic': False, 'stochastic_n': 93, 'stochastic_d': 27, 'stochastic_lower': 12, 'stochastic_upper': 62, 'en_mfi': True, 'mfi_n': 86, 'mfi_lower': 21, 'mfi_upper': 51, 'en_bollinger': False, 'bollinger_n': 68, 'bollinger_k': 1.9000000000000001, 'en_adx': False, 'adx_n': 100, 'adx_threshold': 52, 'en_structure_trend': False, 'structure_trend_swing_l': 18, 'en_order_block': False, 'order_block_swing_l': 10, 'en_fvg': True, 'fvg_lookback': 1, 'en_ifvg': True, 'en_breaker': True, 'breaker_swing_l': 11, 'en_cisd': True, 'k': 5, 'en_cap_bars': False, 'cap_1min': 1153}.
[I 2026-07-13 17:10:34,246] Trial 348 finished with values: [-321.09441563792984, -465.0000000000091, 42.3] and parameters: {'sl_soft': 1.0860152683938593, 'sl_hard_delta': 2.911804370090404, 'tp': 1.159656670407572, 'gate_pct': 49.958417067888604, 'dd_limit': 235.57837541012853, 'cooldown': 5, 'flip': True, 'en_ema_trend': True, 'ema_trend_fast': 95, 'ema_trend_slow': 305, 'en_sma_trend': False, 'sma_trend_fast': 62, 'sma_trend_slow': 250, 'en_macd': True, 'macd_fast': 70, 'macd_slow': 18, 'macd_signal': 86, 'en_vwap': False, 'en_keltner': True, 'keltner_n': 175, 'keltner_m': 4.300000000000001, 'en_obv': True, 'obv_slope': 191, 'en_cci': True, 'cci_n': 21, 'cci_threshold': 180, 'en_rsi': False, 'rsi_n': 95, 'rsi_lower': 2, 'rsi_upper': 88, 'en_stochastic': False, 'stochastic_n': 9, 'stochastic_d': 32, 'stochastic_lower': 17, 'stochastic_upper': 90, 'en_mfi': True, 'mfi_n': 100, 'mfi_lower': 16, 'mfi_upper': 58, 'en_bollinger': True, 'bollinger_n': 24, 'bollinger_k': 3.4000000000000004, 'en_adx': False, 'adx_n': 54, 'adx_threshold': 32, 'en_structure_trend': True, 'structure_trend_swing_l': 9, 'en_order_block': False, 'order_block_swing_l': 8, 'en_fvg': False, 'fvg_lookback': 35, 'en_ifvg': True, 'en_breaker': True, 'breaker_swing_l': 3, 'en_cisd': True, 'k': 1, 'en_cap_bars': True, 'cap_1min': 733}.
[I 2026-07-13 17:10:35,840] Trial 349 finished with values: [199.08565722379308, -435.4598105603145, 34.3] and parameters: {'sl_soft': 0.7756993843732112, 'sl_hard_delta': 0.3269087741450897, 'tp': 2.9116690569400108, 'gate_pct': 52.631811604471054, 'dd_limit': 398.7158815502001, 'cooldown': 21, 'flip': True, 'en_ema_trend': True, 'ema_trend_fast': 14, 'ema_trend_slow': 167, 'en_sma_trend': True, 'sma_trend_fast': 44, 'sma_trend_slow': 277, 'en_macd': True, 'macd_fast': 16, 'macd_slow': 82, 'macd_signal': 8, 'en_vwap': True, 'en_keltner': False, 'keltner_n': 84, 'keltner_m': 4.300000000000001, 'en_obv': False, 'obv_slope': 143, 'en_cci': False, 'cci_n': 42, 'cci_threshold': 135, 'en_rsi': True, 'rsi_n': 72, 'rsi_lower': 20, 'rsi_upper': 59, 'en_stochastic': False, 'stochastic_n': 100, 'stochastic_d': 6, 'stochastic_lower': 12, 'stochastic_upper': 72, 'en_mfi': True, 'mfi_n': 89, 'mfi_lower': 25, 'mfi_upper': 76, 'en_bollinger': True, 'bollinger_n': 68, 'bollinger_k': 1.4, 'en_adx': False, 'adx_n': 2, 'adx_threshold': 52, 'en_structure_trend': False, 'structure_trend_swing_l': 4, 'en_order_block': False, 'order_block_swing_l': 8, 'en_fvg': False, 'fvg_lookback': 35, 'en_ifvg': True, 'en_breaker': True, 'breaker_swing_l': 17, 'en_cisd': True, 'k': 5, 'en_cap_bars': False, 'cap_1min': 1381}.
[I 2026-07-13 17:10:36,112] Trial 350 finished with values: [-36.71062351280625, -603.7060722098659, 50.0] and parameters: {'sl_soft': 1.8951412408283452, 'sl_hard_delta': 0.6449212663078613, 'tp': 2.533126799309759, 'gate_pct': 74.89283752458364, 'dd_limit': 237.04271548261175, 'cooldown': 16, 'flip': True, 'en_ema_trend': False, 'ema_trend_fast': 109, 'ema_trend_slow': 85, 'en_sma_trend': False, 'sma_trend_fast': 36, 'sma_trend_slow': 121, 'en_macd': False, 'macd_fast': 38, 'macd_slow': 6, 'macd_signal': 34, 'en_vwap': True, 'en_keltner': False, 'keltner_n': 54, 'keltner_m': 2.1, 'en_obv': True, 'obv_slope': 15, 'en_cci': False, 'cci_n': 183, 'cci_threshold': 30, 'en_rsi': False, 'rsi_n': 54, 'rsi_lower': 39, 'rsi_upper': 52, 'en_stochastic': False, 'stochastic_n': 77, 'stochastic_d': 37, 'stochastic_lower': 9, 'stochastic_upper': 67, 'en_mfi': True, 'mfi_n': 41, 'mfi_lower': 43, 'mfi_upper': 65, 'en_bollinger': False, 'bollinger_n': 57, 'bollinger_k': 0.5, 'en_adx': False, 'adx_n': 74, 'adx_threshold': 33, 'en_structure_trend': True, 'structure_trend_swing_l': 11, 'en_order_block': False, 'order_block_swing_l': 13, 'en_fvg': True, 'fvg_lookback': 10, 'en_ifvg': True, 'en_breaker': False, 'breaker_swing_l': 8, 'en_cisd': True, 'k': 3, 'en_cap_bars': False, 'cap_1min': 719}.
[I 2026-07-13 17:10:36,440] Trial 351 pruned. 
[I 2026-07-13 17:10:37,477] Trial 352 pruned. 
[I 2026-07-13 17:10:38,909] Trial 353 pruned. 
[I 2026-07-13 17:10:41,777] Trial 354 finished with values: [-64.19028897960288, -362.3113898474685, 33.3] and parameters: {'sl_soft': 0.7109153783023794, 'sl_hard_delta': 0.24002809860404511, 'tp': 1.388364641976369, 'gate_pct': 75.29895741667805, 'dd_limit': 484.0692573189395, 'cooldown': 5, 'flip': True, 'en_ema_trend': True, 'ema_trend_fast': 109, 'ema_trend_slow': 359, 'en_sma_trend': False, 'sma_trend_fast': 232, 'sma_trend_slow': 263, 'en_macd': True, 'macd_fast': 81, 'macd_slow': 133, 'macd_signal': 86, 'en_vwap': True, 'en_keltner': True, 'keltner_n': 115, 'keltner_m': 2.9000000000000004, 'en_obv': False, 'obv_slope': 116, 'en_cci': True, 'cci_n': 182, 'cci_threshold': 195, 'en_rsi': True, 'rsi_n': 46, 'rsi_lower': 6, 'rsi_upper': 86, 'en_stochastic': True, 'stochastic_n': 9, 'stochastic_d': 18, 'stochastic_lower': 40, 'stochastic_upper': 67, 'en_mfi': True, 'mfi_n': 82, 'mfi_lower': 19, 'mfi_upper': 93, 'en_bollinger': False, 'bollinger_n': 144, 'bollinger_k': 3.4000000000000004, 'en_adx': False, 'adx_n': 91, 'adx_threshold': 6, 'en_structure_trend': True, 'structure_trend_swing_l': 9, 'en_order_block': False, 'order_block_swing_l': 16, 'en_fvg': True, 'fvg_lookback': 38, 'en_ifvg': False, 'en_breaker': True, 'breaker_swing_l': 7, 'en_cisd': True, 'k': 4, 'en_cap_bars': True, 'cap_1min': 345}.
[I 2026-07-13 17:10:49,309] Trial 355 finished with values: [-47.72958188391385, -363.43520871891997, 43.4] and parameters: {'sl_soft': 1.0138163480217606, 'sl_hard_delta': 0.24002809860404511, 'tp': 1.5082069520025265, 'gate_pct': 77.7098229275783, 'dd_limit': 237.04271548261175, 'cooldown': 2, 'flip': True, 'en_ema_trend': True, 'ema_trend_fast': 23, 'ema_trend_slow': 88, 'en_sma_trend': True, 'sma_trend_fast': 154, 'sma_trend_slow': 263, 'en_macd': True, 'macd_fast': 96, 'macd_slow': 53, 'macd_signal': 34, 'en_vwap': False, 'en_keltner': True, 'keltner_n': 115, 'keltner_m': 2.1, 'en_obv': False, 'obv_slope': 15, 'en_cci': False, 'cci_n': 182, 'cci_threshold': 145, 'en_rsi': True, 'rsi_n': 97, 'rsi_lower': 43, 'rsi_upper': 57, 'en_stochastic': True, 'stochastic_n': 63, 'stochastic_d': 34, 'stochastic_lower': 33, 'stochastic_upper': 82, 'en_mfi': True, 'mfi_n': 17, 'mfi_lower': 19, 'mfi_upper': 65, 'en_bollinger': False, 'bollinger_n': 175, 'bollinger_k': 3.4000000000000004, 'en_adx': False, 'adx_n': 54, 'adx_threshold': 24, 'en_structure_trend': False, 'structure_trend_swing_l': 7, 'en_order_block': False, 'order_block_swing_l': 16, 'en_fvg': True, 'fvg_lookback': 38, 'en_ifvg': True, 'en_breaker': False, 'breaker_swing_l': 10, 'en_cisd': True, 'k': 4, 'en_cap_bars': False, 'cap_1min': 345}.
[I 2026-07-13 17:10:51,154] Trial 356 finished with values: [-195.4178468503187, -545.59466816238, 36.25] and parameters: {'sl_soft': 0.7756993843732112, 'sl_hard_delta': 0.3269087741450897, 'tp': 1.5082069520025265, 'gate_pct': 84.86382733879176, 'dd_limit': 129.62211800890103, 'cooldown': 15, 'flip': True, 'en_ema_trend': False, 'ema_trend_fast': 121, 'ema_trend_slow': 26, 'en_sma_trend': True, 'sma_trend_fast': 217, 'sma_trend_slow': 263, 'en_macd': True, 'macd_fast': 20, 'macd_slow': 18, 'macd_signal': 11, 'en_vwap': False, 'en_keltner': False, 'keltner_n': 162, 'keltner_m': 2.9000000000000004, 'en_obv': True, 'obv_slope': 7, 'en_cci': True, 'cci_n': 72, 'cci_threshold': 60, 'en_rsi': True, 'rsi_n': 33, 'rsi_lower': 7, 'rsi_upper': 94, 'en_stochastic': False, 'stochastic_n': 100, 'stochastic_d': 40, 'stochastic_lower': 40, 'stochastic_upper': 90, 'en_mfi': False, 'mfi_n': 82, 'mfi_lower': 16, 'mfi_upper': 72, 'en_bollinger': True, 'bollinger_n': 86, 'bollinger_k': 3.4000000000000004, 'en_adx': False, 'adx_n': 31, 'adx_threshold': 27, 'en_structure_trend': False, 'structure_trend_swing_l': 14, 'en_order_block': False, 'order_block_swing_l': 16, 'en_fvg': False, 'fvg_lookback': 28, 'en_ifvg': True, 'en_breaker': True, 'breaker_swing_l': 3, 'en_cisd': True, 'k': 4, 'en_cap_bars': False, 'cap_1min': 379}.
[I 2026-07-13 17:10:56,891] Trial 357 finished with values: [-212.55021334069397, -633.210015637178, 73.85] and parameters: {'sl_soft': 1.981810592659986, 'sl_hard_delta': 0.7746276558254105, 'tp': 0.6174429178166505, 'gate_pct': 95.28097951734324, 'dd_limit': 390.2569167971573, 'cooldown': 6, 'flip': True, 'en_ema_trend': True, 'ema_trend_fast': 317, 'ema_trend_slow': 125, 'en_sma_trend': True, 'sma_trend_fast': 141, 'sma_trend_slow': 400, 'en_macd': False, 'macd_fast': 80, 'macd_slow': 47, 'macd_signal': 9, 'en_vwap': False, 'en_keltner': True, 'keltner_n': 13, 'keltner_m': 1.5, 'en_obv': False, 'obv_slope': 120, 'en_cci': True, 'cci_n': 125, 'cci_threshold': 145, 'en_rsi': False, 'rsi_n': 33, 'rsi_lower': 26, 'rsi_upper': 82, 'en_stochastic': True, 'stochastic_n': 2, 'stochastic_d': 13, 'stochastic_lower': 42, 'stochastic_upper': 84, 'en_mfi': True, 'mfi_n': 20, 'mfi_lower': 16, 'mfi_upper': 71, 'en_bollinger': False, 'bollinger_n': 100, 'bollinger_k': 3.9000000000000004, 'en_adx': False, 'adx_n': 23, 'adx_threshold': 18, 'en_structure_trend': True, 'structure_trend_swing_l': 11, 'en_order_block': False, 'order_block_swing_l': 9, 'en_fvg': True, 'fvg_lookback': 8, 'en_ifvg': True, 'en_breaker': True, 'breaker_swing_l': 18, 'en_cisd': False, 'k': 1, 'en_cap_bars': True, 'cap_1min': 272}.
[I 2026-07-13 17:11:01,459] Trial 358 finished with values: [264.44276951327765, -395.0000000000159, 40.0] and parameters: {'sl_soft': 1.22587773067775, 'sl_hard_delta': 1.8647731859224803, 'tp': 3.664190086725569, 'gate_pct': 54.65570887864888, 'dd_limit': 169.33568383751842, 'cooldown': 16, 'flip': False, 'en_ema_trend': True, 'ema_trend_fast': 314, 'ema_trend_slow': 34, 'en_sma_trend': False, 'sma_trend_fast': 232, 'sma_trend_slow': 248, 'en_macd': True, 'macd_fast': 70, 'macd_slow': 94, 'macd_signal': 17, 'en_vwap': False, 'en_keltner': True, 'keltner_n': 32, 'keltner_m': 1.5, 'en_obv': True, 'obv_slope': 23, 'en_cci': True, 'cci_n': 8, 'cci_threshold': 195, 'en_rsi': True, 'rsi_n': 54, 'rsi_lower': 37, 'rsi_upper': 85, 'en_stochastic': False, 'stochastic_n': 77, 'stochastic_d': 40, 'stochastic_lower': 33, 'stochastic_upper': 93, 'en_mfi': True, 'mfi_n': 57, 'mfi_lower': 16, 'mfi_upper': 88, 'en_bollinger': False, 'bollinger_n': 57, 'bollinger_k': 4.300000000000001, 'en_adx': False, 'adx_n': 76, 'adx_threshold': 41, 'en_structure_trend': True, 'structure_trend_swing_l': 9, 'en_order_block': False, 'order_block_swing_l': 2, 'en_fvg': True, 'fvg_lookback': 1, 'en_ifvg': False, 'en_breaker': True, 'breaker_swing_l': 3, 'en_cisd': True, 'k': 3, 'en_cap_bars': False, 'cap_1min': 418}.
[I 2026-07-13 17:11:03,353] Trial 359 pruned. 
[I 2026-07-13 17:11:05,128] Trial 360 finished with values: [207.6517921600157, -220.94255719582634, 73.05000000000001] and parameters: {'sl_soft': 0.8668241302577042, 'sl_hard_delta': 0.8244393445390031, 'tp': 0.6549392804740899, 'gate_pct': 63.90528592947753, 'dd_limit': 237.04271548261175, 'cooldown': 15, 'flip': False, 'en_ema_trend': False, 'ema_trend_fast': 23, 'ema_trend_slow': 30, 'en_sma_trend': False, 'sma_trend_fast': 298, 'sma_trend_slow': 111, 'en_macd': False, 'macd_fast': 52, 'macd_slow': 6, 'macd_signal': 54, 'en_vwap': True, 'en_keltner': False, 'keltner_n': 105, 'keltner_m': 2.1, 'en_obv': True, 'obv_slope': 18, 'en_cci': True, 'cci_n': 184, 'cci_threshold': 260, 'en_rsi': True, 'rsi_n': 69, 'rsi_lower': 47, 'rsi_upper': 57, 'en_stochastic': False, 'stochastic_n': 3, 'stochastic_d': 37, 'stochastic_lower': 8, 'stochastic_upper': 57, 'en_mfi': True, 'mfi_n': 88, 'mfi_lower': 24, 'mfi_upper': 99, 'en_bollinger': False, 'bollinger_n': 57, 'bollinger_k': 3.9000000000000004, 'en_adx': False, 'adx_n': 62, 'adx_threshold': 17, 'en_structure_trend': True, 'structure_trend_swing_l': 11, 'en_order_block': False, 'order_block_swing_l': 18, 'en_fvg': False, 'fvg_lookback': 28, 'en_ifvg': True, 'en_breaker': True, 'breaker_swing_l': 10, 'en_cisd': True, 'k': 4, 'en_cap_bars': True, 'cap_1min': 1249}.
