[I 2026-07-13 17:12:30,282] Trial 737 finished with values: [0.37542762189559653, -1287.8498289512208, 26.8] and parameters: {'sl_soft': 2.34715147057422, 'sl_hard_delta': 6.223446040487856, 'tp': 7.943003420975532, 'gate_pct': 53.84741825883083, 'dd_limit': 379.61887235308626, 'cooldown': 1, 'flip': False, 'en_ema_trend': False, 'ema_trend_fast': 271, 'ema_trend_slow': 116, 'en_sma_trend': False, 'sma_trend_fast': 382, 'sma_trend_slow': 121, 'en_macd': True, 'macd_fast': 6, 'macd_slow': 164, 'macd_signal': 10, 'en_vwap': False, 'en_keltner': True, 'keltner_n': 158, 'keltner_m': 4.5, 'en_obv': False, 'obv_slope': 169, 'en_cci': False, 'cci_n': 49, 'cci_threshold': 85, 'en_rsi': True, 'rsi_n': 77, 'rsi_lower': 23, 'rsi_upper': 55, 'en_stochastic': True, 'stochastic_n': 45, 'stochastic_d': 12, 'stochastic_lower': 3, 'stochastic_upper': 57, 'en_mfi': True, 'mfi_n': 71, 'mfi_lower': 31, 'mfi_upper': 58, 'en_bollinger': True, 'bollinger_n': 60, 'bollinger_k': 2.1, 'en_adx': False, 'adx_n': 73, 'adx_threshold': 43, 'en_structure_trend': False, 'structure_trend_swing_l': 8, 'en_order_block': False, 'order_block_swing_l': 7, 'en_fvg': False, 'fvg_lookback': 46, 'en_ifvg': True, 'en_breaker': False, 'breaker_swing_l': 5, 'en_cisd': False, 'k': 4, 'en_cap_bars': False, 'cap_1min': 1380}.
[I 2026-07-13 17:12:31,796] Trial 738 pruned. 
[I 2026-07-13 17:12:33,469] Trial 739 finished with values: [275.641274441773, -1528.4293627791271, 46.1] and parameters: {'sl_soft': 2.34715147057422, 'sl_hard_delta': 3.9050213100332094, 'tp': 4.4104709148058445, 'gate_pct': 79.12027635095406, 'dd_limit': 379.61887235308626, 'cooldown': 4, 'flip': False, 'en_ema_trend': True, 'ema_trend_fast': 374, 'ema_trend_slow': 334, 'en_sma_trend': False, 'sma_trend_fast': 382, 'sma_trend_slow': 121, 'en_macd': True, 'macd_fast': 79, 'macd_slow': 28, 'macd_signal': 100, 'en_vwap': False, 'en_keltner': True, 'keltner_n': 46, 'keltner_m': 4.5, 'en_obv': True, 'obv_slope': 36, 'en_cci': True, 'cci_n': 49, 'cci_threshold': 85, 'en_rsi': True, 'rsi_n': 77, 'rsi_lower': 17, 'rsi_upper': 58, 'en_stochastic': True, 'stochastic_n': 40, 'stochastic_d': 7, 'stochastic_lower': 3, 'stochastic_upper': 53, 'en_mfi': True, 'mfi_n': 9, 'mfi_lower': 31, 'mfi_upper': 58, 'en_bollinger': True, 'bollinger_n': 60, 'bollinger_k': 4.300000000000001, 'en_adx': False, 'adx_n': 73, 'adx_threshold': 43, 'en_structure_trend': False, 'structure_trend_swing_l': 13, 'en_order_block': False, 'order_block_swing_l': 19, 'en_fvg': False, 'fvg_lookback': 29, 'en_ifvg': False, 'en_breaker': False, 'breaker_swing_l': 5, 'en_cisd': False, 'k': 5, 'en_cap_bars': False, 'cap_1min': 1380}.
[I 2026-07-13 17:12:40,928] Trial 740 finished with values: [-843.0934449395465, -1534.2295334556184, 23.75] and parameters: {'sl_soft': 2.34715147057422, 'sl_hard_delta': 6.223446040487856, 'tp': 7.943003420975532, 'gate_pct': 53.84741825883083, 'dd_limit': 332.70974775121596, 'cooldown': 1, 'flip': True, 'en_ema_trend': False, 'ema_trend_fast': 271, 'ema_trend_slow': 116, 'en_sma_trend': False, 'sma_trend_fast': 369, 'sma_trend_slow': 121, 'en_macd': True, 'macd_fast': 9, 'macd_slow': 164, 'macd_signal': 93, 'en_vwap': True, 'en_keltner': True, 'keltner_n': 46, 'keltner_m': 4.5, 'en_obv': False, 'obv_slope': 36, 'en_cci': True, 'cci_n': 49, 'cci_threshold': 40, 'en_rsi': True, 'rsi_n': 49, 'rsi_lower': 17, 'rsi_upper': 83, 'en_stochastic': True, 'stochastic_n': 45, 'stochastic_d': 37, 'stochastic_lower': 5, 'stochastic_upper': 53, 'en_mfi': True, 'mfi_n': 71, 'mfi_lower': 11, 'mfi_upper': 58, 'en_bollinger': True, 'bollinger_n': 60, 'bollinger_k': 4.300000000000001, 'en_adx': False, 'adx_n': 96, 'adx_threshold': 43, 'en_structure_trend': False, 'structure_trend_swing_l': 13, 'en_order_block': False, 'order_block_swing_l': 7, 'en_fvg': False, 'fvg_lookback': 7, 'en_ifvg': False, 'en_breaker': True, 'breaker_swing_l': 15, 'en_cisd': False, 'k': 2, 'en_cap_bars': False, 'cap_1min': 3}.
[I 2026-07-13 17:12:42,824] Trial 741 finished with values: [-100.93695479276903, -751.8739095855153, 51.2] and parameters: {'sl_soft': 1.4789310739311843, 'sl_hard_delta': 6.758547117779633, 'tp': 8.385250474758445, 'gate_pct': 53.84741825883083, 'dd_limit': 379.61887235308626, 'cooldown': 1, 'flip': False, 'en_ema_trend': False, 'ema_trend_fast': 134, 'ema_trend_slow': 334, 'en_sma_trend': False, 'sma_trend_fast': 382, 'sma_trend_slow': 258, 'en_macd': True, 'macd_fast': 6, 'macd_slow': 63, 'macd_signal': 10, 'en_vwap': True, 'en_keltner': True, 'keltner_n': 171, 'keltner_m': 4.8, 'en_obv': True, 'obv_slope': 148, 'en_cci': False, 'cci_n': 172, 'cci_threshold': 85, 'en_rsi': True, 'rsi_n': 94, 'rsi_lower': 23, 'rsi_upper': 83, 'en_stochastic': False, 'stochastic_n': 88, 'stochastic_d': 37, 'stochastic_lower': 3, 'stochastic_upper': 53, 'en_mfi': True, 'mfi_n': 53, 'mfi_lower': 11, 'mfi_upper': 58, 'en_bollinger': True, 'bollinger_n': 182, 'bollinger_k': 4.300000000000001, 'en_adx': False, 'adx_n': 35, 'adx_threshold': 43, 'en_structure_trend': False, 'structure_trend_swing_l': 20, 'en_order_block': False, 'order_block_swing_l': 20, 'en_fvg': False, 'fvg_lookback': 29, 'en_ifvg': False, 'en_breaker': True, 'breaker_swing_l': 8, 'en_cisd': True, 'k': 2, 'en_cap_bars': True, 'cap_1min': 3}.
[I 2026-07-13 17:12:44,466] Trial 742 finished with values: [573.6880286799419, -672.840398981657, 50.0] and parameters: {'sl_soft': 4.059325796197475, 'sl_hard_delta': 0.22063648392422866, 'tp': 7.943003420975532, 'gate_pct': 61.29515207255519, 'dd_limit': 390.2087279618219, 'cooldown': 1, 'flip': False, 'en_ema_trend': False, 'ema_trend_fast': 271, 'ema_trend_slow': 116, 'en_sma_trend': False, 'sma_trend_fast': 292, 'sma_trend_slow': 144, 'en_macd': True, 'macd_fast': 80, 'macd_slow': 177, 'macd_signal': 100, 'en_vwap': True, 'en_keltner': True, 'keltner_n': 158, 'keltner_m': 4.5, 'en_obv': False, 'obv_slope': 169, 'en_cci': True, 'cci_n': 49, 'cci_threshold': 170, 'en_rsi': True, 'rsi_n': 49, 'rsi_lower': 17, 'rsi_upper': 58, 'en_stochastic': True, 'stochastic_n': 45, 'stochastic_d': 12, 'stochastic_lower': 3, 'stochastic_upper': 57, 'en_mfi': False, 'mfi_n': 33, 'mfi_lower': 45, 'mfi_upper': 72, 'en_bollinger': True, 'bollinger_n': 14, 'bollinger_k': 4.300000000000001, 'en_adx': False, 'adx_n': 24, 'adx_threshold': 8, 'en_structure_trend': True, 'structure_trend_swing_l': 13, 'en_order_block': True, 'order_block_swing_l': 3, 'en_fvg': False, 'fvg_lookback': 4, 'en_ifvg': True, 'en_breaker': False, 'breaker_swing_l': 8, 'en_cisd': True, 'k': 1, 'en_cap_bars': True, 'cap_1min': 948}.
[I 2026-07-13 17:12:44,701] Trial 743 finished with values: [678.7337544543107, -1050.4258853966348, 52.4] and parameters: {'sl_soft': 2.393534564778056, 'sl_hard_delta': 8.51498314315475, 'tp': 3.7522431899167596, 'gate_pct': 63.90528592947753, 'dd_limit': 377.8686668899344, 'cooldown': 4, 'flip': False, 'en_ema_trend': True, 'ema_trend_fast': 175, 'ema_trend_slow': 266, 'en_sma_trend': False, 'sma_trend_fast': 37, 'sma_trend_slow': 154, 'en_macd': False, 'macd_fast': 80, 'macd_slow': 104, 'macd_signal': 54, 'en_vwap': False, 'en_keltner': False, 'keltner_n': 8, 'keltner_m': 1.7000000000000002, 'en_obv': True, 'obv_slope': 18, 'en_cci': True, 'cci_n': 184, 'cci_threshold': 140, 'en_rsi': True, 'rsi_n': 91, 'rsi_lower': 16, 'rsi_upper': 74, 'en_stochastic': False, 'stochastic_n': 88, 'stochastic_d': 37, 'stochastic_lower': 47, 'stochastic_upper': 68, 'en_mfi': False, 'mfi_n': 65, 'mfi_lower': 16, 'mfi_upper': 90, 'en_bollinger': True, 'bollinger_n': 164, 'bollinger_k': 3.8000000000000003, 'en_adx': True, 'adx_n': 19, 'adx_threshold': 17, 'en_structure_trend': True, 'structure_trend_swing_l': 13, 'en_order_block': True, 'order_block_swing_l': 7, 'en_fvg': False, 'fvg_lookback': 28, 'en_ifvg': False, 'en_breaker': True, 'breaker_swing_l': 7, 'en_cisd': True, 'k': 3, 'en_cap_bars': True, 'cap_1min': 583}.
[I 2026-07-13 17:12:47,903] Trial 744 finished with values: [-312.47440132932525, -993.1067306864634, 27.15] and parameters: {'sl_soft': 2.34715147057422, 'sl_hard_delta': 8.51498314315475, 'tp': 7.943003420975532, 'gate_pct': 98.67302380660169, 'dd_limit': 332.70974775121596, 'cooldown': 4, 'flip': False, 'en_ema_trend': False, 'ema_trend_fast': 271, 'ema_trend_slow': 266, 'en_sma_trend': False, 'sma_trend_fast': 292, 'sma_trend_slow': 114, 'en_macd': True, 'macd_fast': 9, 'macd_slow': 164, 'macd_signal': 54, 'en_vwap': False, 'en_keltner': True, 'keltner_n': 158, 'keltner_m': 1.7000000000000002, 'en_obv': True, 'obv_slope': 169, 'en_cci': True, 'cci_n': 49, 'cci_threshold': 140, 'en_rsi': True, 'rsi_n': 91, 'rsi_lower': 16, 'rsi_upper': 55, 'en_stochastic': False, 'stochastic_n': 88, 'stochastic_d': 37, 'stochastic_lower': 47, 'stochastic_upper': 57, 'en_mfi': True, 'mfi_n': 65, 'mfi_lower': 40, 'mfi_upper': 56, 'en_bollinger': True, 'bollinger_n': 60, 'bollinger_k': 4.300000000000001, 'en_adx': False, 'adx_n': 19, 'adx_threshold': 8, 'en_structure_trend': True, 'structure_trend_swing_l': 13, 'en_order_block': True, 'order_block_swing_l': 7, 'en_fvg': False, 'fvg_lookback': 7, 'en_ifvg': False, 'en_breaker': True, 'breaker_swing_l': 5, 'en_cisd': True, 'k': 4, 'en_cap_bars': True, 'cap_1min': 583}.
[I 2026-07-13 17:12:48,921] Trial 745 finished with values: [-290.88959213002, -806.177601776858, 34.849999999999994] and parameters: {'sl_soft': 2.34715147057422, 'sl_hard_delta': 1.0837365383099373, 'tp': 4.4104709148058445, 'gate_pct': 79.79473082398957, 'dd_limit': 379.61887235308626, 'cooldown': 1, 'flip': True, 'en_ema_trend': False, 'ema_trend_fast': 83, 'ema_trend_slow': 334, 'en_sma_trend': True, 'sma_trend_fast': 292, 'sma_trend_slow': 114, 'en_macd': True, 'macd_fast': 9, 'macd_slow': 28, 'macd_signal': 93, 'en_vwap': True, 'en_keltner': True, 'keltner_n': 178, 'keltner_m': 4.8, 'en_obv': True, 'obv_slope': 160, 'en_cci': True, 'cci_n': 128, 'cci_threshold': 20, 'en_rsi': True, 'rsi_n': 49, 'rsi_lower': 23, 'rsi_upper': 71, 'en_stochastic': True, 'stochastic_n': 45, 'stochastic_d': 37, 'stochastic_lower': 5, 'stochastic_upper': 53, 'en_mfi': True, 'mfi_n': 9, 'mfi_lower': 34, 'mfi_upper': 58, 'en_bollinger': True, 'bollinger_n': 78, 'bollinger_k': 4.5, 'en_adx': False, 'adx_n': 6, 'adx_threshold': 43, 'en_structure_trend': True, 'structure_trend_swing_l': 13, 'en_order_block': True, 'order_block_swing_l': 20, 'en_fvg': False, 'fvg_lookback': 28, 'en_ifvg': True, 'en_breaker': True, 'breaker_swing_l': 9, 'en_cisd': False, 'k': 2, 'en_cap_bars': True, 'cap_1min': 1332}.
[I 2026-07-13 17:12:49,134] Trial 746 finished with values: [664.8149764084337, -659.3875436666622, 46.9] and parameters: {'sl_soft': 1.4789310739311843, 'sl_hard_delta': 0.47861910073547576, 'tp': 4.4104709148058445, 'gate_pct': 78.41015939543337, 'dd_limit': 379.61887235308626, 'cooldown': 1, 'flip': True, 'en_ema_trend': False, 'ema_trend_fast': 374, 'ema_trend_slow': 311, 'en_sma_trend': True, 'sma_trend_fast': 382, 'sma_trend_slow': 121, 'en_macd': True, 'macd_fast': 6, 'macd_slow': 28, 'macd_signal': 10, 'en_vwap': False, 'en_keltner': True, 'keltner_n': 32, 'keltner_m': 1.3, 'en_obv': True, 'obv_slope': 36, 'en_cci': False, 'cci_n': 27, 'cci_threshold': 80, 'en_rsi': True, 'rsi_n': 49, 'rsi_lower': 23, 'rsi_upper': 69, 'en_stochastic': True, 'stochastic_n': 40, 'stochastic_d': 7, 'stochastic_lower': 3, 'stochastic_upper': 53, 'en_mfi': True, 'mfi_n': 9, 'mfi_lower': 31, 'mfi_upper': 84, 'en_bollinger': True, 'bollinger_n': 127, 'bollinger_k': 2.1, 'en_adx': False, 'adx_n': 73, 'adx_threshold': 43, 'en_structure_trend': True, 'structure_trend_swing_l': 8, 'en_order_block': False, 'order_block_swing_l': 20, 'en_fvg': False, 'fvg_lookback': 29, 'en_ifvg': False, 'en_breaker': True, 'breaker_swing_l': 8, 'en_cisd': False, 'k': 5, 'en_cap_bars': True, 'cap_1min': 260}.
[I 2026-07-13 17:12:49,439] Trial 747 finished with values: [98.15630934480168, -721.3763373493521, 23.85] and parameters: {'sl_soft': 1.4689796292069608, 'sl_hard_delta': 6.758547117779633, 'tp': 8.385250474758445, 'gate_pct': 53.84741825883083, 'dd_limit': 379.61887235308626, 'cooldown': 1, 'flip': False, 'en_ema_trend': False, 'ema_trend_fast': 134, 'ema_trend_slow': 334, 'en_sma_trend': False, 'sma_trend_fast': 143, 'sma_trend_slow': 121, 'en_macd': True, 'macd_fast': 9, 'macd_slow': 28, 'macd_signal': 93, 'en_vwap': True, 'en_keltner': False, 'keltner_n': 171, 'keltner_m': 1.0, 'en_obv': True, 'obv_slope': 148, 'en_cci': False, 'cci_n': 128, 'cci_threshold': 95, 'en_rsi': True, 'rsi_n': 49, 'rsi_lower': 23, 'rsi_upper': 94, 'en_stochastic': False, 'stochastic_n': 98, 'stochastic_d': 37, 'stochastic_lower': 3, 'stochastic_upper': 53, 'en_mfi': True, 'mfi_n': 9, 'mfi_lower': 11, 'mfi_upper': 58, 'en_bollinger': True, 'bollinger_n': 76, 'bollinger_k': 4.300000000000001, 'en_adx': False, 'adx_n': 60, 'adx_threshold': 37, 'en_structure_trend': False, 'structure_trend_swing_l': 20, 'en_order_block': False, 'order_block_swing_l': 20, 'en_fvg': False, 'fvg_lookback': 28, 'en_ifvg': True, 'en_breaker': True, 'breaker_swing_l': 15, 'en_cisd': True, 'k': 2, 'en_cap_bars': True, 'cap_1min': 1005}.
[I 2026-07-13 17:12:49,672] Trial 748 finished with values: [116.35331964724855, -672.2650524000073, 36.65] and parameters: {'sl_soft': 1.4789310739311843, 'sl_hard_delta': 0.47861910073547576, 'tp': 4.4104709148058445, 'gate_pct': 53.84741825883083, 'dd_limit': 379.61887235308626, 'cooldown': 2, 'flip': True, 'en_ema_trend': True, 'ema_trend_fast': 211, 'ema_trend_slow': 311, 'en_sma_trend': False, 'sma_trend_fast': 382, 'sma_trend_slow': 29, 'en_macd': True, 'macd_fast': 6, 'macd_slow': 28, 'macd_signal': 64, 'en_vwap': False, 'en_keltner': True, 'keltner_n': 46, 'keltner_m': 1.8, 'en_obv': True, 'obv_slope': 36, 'en_cci': False, 'cci_n': 27, 'cci_threshold': 85, 'en_rsi': True, 'rsi_n': 49, 'rsi_lower': 23, 'rsi_upper': 83, 'en_stochastic': True, 'stochastic_n': 40, 'stochastic_d': 24, 'stochastic_lower': 3, 'stochastic_upper': 53, 'en_mfi': True, 'mfi_n': 9, 'mfi_lower': 31, 'mfi_upper': 58, 'en_bollinger': True, 'bollinger_n': 127, 'bollinger_k': 2.1, 'en_adx': False, 'adx_n': 73, 'adx_threshold': 43, 'en_structure_trend': True, 'structure_trend_swing_l': 8, 'en_order_block': False, 'order_block_swing_l': 19, 'en_fvg': False, 'fvg_lookback': 29, 'en_ifvg': False, 'en_breaker': True, 'breaker_swing_l': 15, 'en_cisd': False, 'k': 1, 'en_cap_bars': True, 'cap_1min': 1380}.
[I 2026-07-13 17:12:51,889] Trial 749 finished with values: [-310.59581317729794, -1493.9966341677973, 31.45] and parameters: {'sl_soft': 1.2901804890479402, 'sl_hard_delta': 3.9050213100332094, 'tp': 4.4104709148058445, 'gate_pct': 79.79473082398957, 'dd_limit': 332.70974775121596, 'cooldown': 1, 'flip': False, 'en_ema_trend': False, 'ema_trend_fast': 83, 'ema_trend_slow': 334, 'en_sma_trend': False, 'sma_trend_fast': 29, 'sma_trend_slow': 114, 'en_macd': True, 'macd_fast': 37, 'macd_slow': 28, 'macd_signal': 65, 'en_vwap': False, 'en_keltner': True, 'keltner_n': 158, 'keltner_m': 0.9, 'en_obv': False, 'obv_slope': 169, 'en_cci': False, 'cci_n': 49, 'cci_threshold': 85, 'en_rsi': True, 'rsi_n': 39, 'rsi_lower': 23, 'rsi_upper': 83, 'en_stochastic': True, 'stochastic_n': 40, 'stochastic_d': 7, 'stochastic_lower': 3, 'stochastic_upper': 53, 'en_mfi': True, 'mfi_n': 11, 'mfi_lower': 31, 'mfi_upper': 58, 'en_bollinger': True, 'bollinger_n': 60, 'bollinger_k': 4.300000000000001, 'en_adx': False, 'adx_n': 35, 'adx_threshold': 43, 'en_structure_trend': False, 'structure_trend_swing_l': 8, 'en_order_block': True, 'order_block_swing_l': 7, 'en_fvg': False, 'fvg_lookback': 46, 'en_ifvg': False, 'en_breaker': True, 'breaker_swing_l': 15, 'en_cisd': False, 'k': 1, 'en_cap_bars': False, 'cap_1min': 260}.
[I 2026-07-13 17:12:59,795] Trial 750 finished with values: [643.9505131462738, -993.1067306864406, 48.75] and parameters: {'sl_soft': 2.34715147057422, 'sl_hard_delta': 8.51498314315475, 'tp': 7.943003420975532, 'gate_pct': 98.67302380660169, 'dd_limit': 377.8686668899344, 'cooldown': 4, 'flip': False, 'en_ema_trend': True, 'ema_trend_fast': 159, 'ema_trend_slow': 125, 'en_sma_trend': False, 'sma_trend_fast': 362, 'sma_trend_slow': 154, 'en_macd': True, 'macd_fast': 9, 'macd_slow': 104, 'macd_signal': 65, 'en_vwap': False, 'en_keltner': False, 'keltner_n': 158, 'keltner_m': 1.7000000000000002, 'en_obv': False, 'obv_slope': 18, 'en_cci': True, 'cci_n': 184, 'cci_threshold': 170, 'en_rsi': True, 'rsi_n': 91, 'rsi_lower': 16, 'rsi_upper': 58, 'en_stochastic': True, 'stochastic_n': 52, 'stochastic_d': 40, 'stochastic_lower': 47, 'stochastic_upper': 68, 'en_mfi': False, 'mfi_n': 71, 'mfi_lower': 37, 'mfi_upper': 56, 'en_bollinger': True, 'bollinger_n': 60, 'bollinger_k': 4.300000000000001, 'en_adx': False, 'adx_n': 33, 'adx_threshold': 17, 'en_structure_trend': True, 'structure_trend_swing_l': 13, 'en_order_block': True, 'order_block_swing_l': 7, 'en_fvg': False, 'fvg_lookback': 28, 'en_ifvg': True, 'en_breaker': True, 'breaker_swing_l': 5, 'en_cisd': True, 'k': 3, 'en_cap_bars': False, 'cap_1min': 1332}.
[I 2026-07-13 17:13:00,182] Trial 751 finished with values: [529.594182961182, -549.9999999999545, 48.55] and parameters: {'sl_soft': 1.4789310739311843, 'sl_hard_delta': 7.824202352077652, 'tp': 4.4104709148058445, 'gate_pct': 78.41015939543337, 'dd_limit': 379.61887235308626, 'cooldown': 2, 'flip': True, 'en_ema_trend': True, 'ema_trend_fast': 374, 'ema_trend_slow': 311, 'en_sma_trend': True, 'sma_trend_fast': 382, 'sma_trend_slow': 121, 'en_macd': True, 'macd_fast': 6, 'macd_slow': 28, 'macd_signal': 10, 'en_vwap': False, 'en_keltner': True, 'keltner_n': 32, 'keltner_m': 1.3, 'en_obv': True, 'obv_slope': 36, 'en_cci': False, 'cci_n': 27, 'cci_threshold': 80, 'en_rsi': True, 'rsi_n': 49, 'rsi_lower': 23, 'rsi_upper': 69, 'en_stochastic': True, 'stochastic_n': 40, 'stochastic_d': 7, 'stochastic_lower': 3, 'stochastic_upper': 53, 'en_mfi': True, 'mfi_n': 9, 'mfi_lower': 31, 'mfi_upper': 84, 'en_bollinger': True, 'bollinger_n': 194, 'bollinger_k': 2.1, 'en_adx': False, 'adx_n': 73, 'adx_threshold': 43, 'en_structure_trend': True, 'structure_trend_swing_l': 8, 'en_order_block': False, 'order_block_swing_l': 19, 'en_fvg': False, 'fvg_lookback': 29, 'en_ifvg': False, 'en_breaker': True, 'breaker_swing_l': 8, 'en_cisd': False, 'k': 5, 'en_cap_bars': True, 'cap_1min': 1380}.
[I 2026-07-13 17:13:05,339] Trial 752 finished with values: [357.8526763014793, -458.6325261999946, 39.849999999999994] and parameters: {'sl_soft': 1.4789310739311843, 'sl_hard_delta': 0.47861910073547576, 'tp': 4.4104709148058445, 'gate_pct': 53.84741825883083, 'dd_limit': 379.61887235308626, 'cooldown': 1, 'flip': True, 'en_ema_trend': False, 'ema_trend_fast': 211, 'ema_trend_slow': 334, 'en_sma_trend': False, 'sma_trend_fast': 382, 'sma_trend_slow': 121, 'en_macd': True, 'macd_fast': 6, 'macd_slow': 28, 'macd_signal': 10, 'en_vwap': False, 'en_keltner': True, 'keltner_n': 46, 'keltner_m': 1.0, 'en_obv': True, 'obv_slope': 36, 'en_cci': False, 'cci_n': 128, 'cci_threshold': 85, 'en_rsi': True, 'rsi_n': 49, 'rsi_lower': 23, 'rsi_upper': 83, 'en_stochastic': True, 'stochastic_n': 40, 'stochastic_d': 7, 'stochastic_lower': 6, 'stochastic_upper': 53, 'en_mfi': True, 'mfi_n': 9, 'mfi_lower': 31, 'mfi_upper': 58, 'en_bollinger': True, 'bollinger_n': 127, 'bollinger_k': 2.1, 'en_adx': False, 'adx_n': 6, 'adx_threshold': 43, 'en_structure_trend': False, 'structure_trend_swing_l': 8, 'en_order_block': False, 'order_block_swing_l': 20, 'en_fvg': False, 'fvg_lookback': 29, 'en_ifvg': False, 'en_breaker': True, 'breaker_swing_l': 15, 'en_cisd': True, 'k': 5, 'en_cap_bars': True, 'cap_1min': 260}.
[I 2026-07-13 17:13:05,579] Trial 753 finished with values: [311.76112952435915, -458.6325261999946, 37.4] and parameters: {'sl_soft': 1.4789310739311843, 'sl_hard_delta': 0.47861910073547576, 'tp': 4.4104709148058445, 'gate_pct': 53.84741825883083, 'dd_limit': 379.61887235308626, 'cooldown': 1, 'flip': True, 'en_ema_trend': False, 'ema_trend_fast': 211, 'ema_trend_slow': 334, 'en_sma_trend': False, 'sma_trend_fast': 382, 'sma_trend_slow': 29, 'en_macd': True, 'macd_fast': 6, 'macd_slow': 28, 'macd_signal': 10, 'en_vwap': False, 'en_keltner': True, 'keltner_n': 46, 'keltner_m': 0.9, 'en_obv': True, 'obv_slope': 36, 'en_cci': False, 'cci_n': 128, 'cci_threshold': 85, 'en_rsi': True, 'rsi_n': 49, 'rsi_lower': 23, 'rsi_upper': 83, 'en_stochastic': True, 'stochastic_n': 40, 'stochastic_d': 7, 'stochastic_lower': 3, 'stochastic_upper': 53, 'en_mfi': True, 'mfi_n': 9, 'mfi_lower': 31, 'mfi_upper': 58, 'en_bollinger': True, 'bollinger_n': 194, 'bollinger_k': 4.5, 'en_adx': False, 'adx_n': 35, 'adx_threshold': 43, 'en_structure_trend': False, 'structure_trend_swing_l': 8, 'en_order_block': False, 'order_block_swing_l': 20, 'en_fvg': False, 'fvg_lookback': 29, 'en_ifvg': False, 'en_breaker': True, 'breaker_swing_l': 8, 'en_cisd': True, 'k': 1, 'en_cap_bars': True, 'cap_1min': 260}.
