[I 2026-07-13 16:56:18,109] Trial 427 finished with values: [-407.7029206095972, -845.0000000000045, 30.95] and parameters: {'sl_soft': 3.578361063233118, 'sl_hard_delta': 5.122016397226086, 'tp': 7.670322948010878, 'gate_pct': 57.542705711187445, 'dd_limit': 141.98378389938074, 'cooldown': 1, 'flip': False, 'en_ema_trend': False, 'ema_trend_fast': 55, 'ema_trend_slow': 274, 'en_sma_trend': True, 'sma_trend_fast': 167, 'sma_trend_slow': 328, 'en_macd': False, 'macd_fast': 16, 'macd_slow': 194, 'macd_signal': 30, 'en_vwap': False, 'en_keltner': False, 'keltner_n': 200, 'keltner_m': 3.7, 'en_obv': False, 'obv_slope': 19, 'en_cci': False, 'cci_n': 93, 'cci_threshold': 200, 'en_rsi': True, 'rsi_n': 43, 'rsi_lower': 6, 'rsi_upper': 58, 'en_stochastic': False, 'stochastic_n': 90, 'stochastic_d': 15, 'stochastic_lower': 4, 'stochastic_upper': 71, 'en_mfi': False, 'mfi_n': 70, 'mfi_lower': 47, 'mfi_upper': 78, 'en_bollinger': True, 'bollinger_n': 97, 'bollinger_k': 4.1, 'en_adx': False, 'adx_n': 79, 'adx_threshold': 50, 'en_structure_trend': True, 'structure_trend_swing_l': 5, 'en_order_block': False, 'order_block_swing_l': 4, 'en_fvg': False, 'fvg_lookback': 31, 'en_ifvg': True, 'en_breaker': True, 'breaker_swing_l': 2, 'en_cisd': True, 'k': 1, 'en_cap_bars': False, 'cap_1min': 1249}.
[I 2026-07-13 16:56:20,797] Trial 428 pruned. 
[I 2026-07-13 16:56:24,331] Trial 429 finished with values: [-345.52282307990936, -2874.367303385611, 29.25] and parameters: {'sl_soft': 2.895084679388913, 'sl_hard_delta': 7.001359789532413, 'tp': 9.903163483071925, 'gate_pct': 98.67302380660169, 'dd_limit': 388.6442032455649, 'cooldown': 1, 'flip': True, 'en_ema_trend': True, 'ema_trend_fast': 279, 'ema_trend_slow': 334, 'en_sma_trend': False, 'sma_trend_fast': 268, 'sma_trend_slow': 268, 'en_macd': True, 'macd_fast': 6, 'macd_slow': 167, 'macd_signal': 65, 'en_vwap': True, 'en_keltner': False, 'keltner_n': 68, 'keltner_m': 0.9, 'en_obv': True, 'obv_slope': 120, 'en_cci': False, 'cci_n': 40, 'cci_threshold': 125, 'en_rsi': True, 'rsi_n': 67, 'rsi_lower': 18, 'rsi_upper': 86, 'en_stochastic': False, 'stochastic_n': 74, 'stochastic_d': 6, 'stochastic_lower': 14, 'stochastic_upper': 86, 'en_mfi': True, 'mfi_n': 67, 'mfi_lower': 17, 'mfi_upper': 62, 'en_bollinger': False, 'bollinger_n': 7, 'bollinger_k': 3.8000000000000003, 'en_adx': False, 'adx_n': 28, 'adx_threshold': 17, 'en_structure_trend': False, 'structure_trend_swing_l': 17, 'en_order_block': False, 'order_block_swing_l': 12, 'en_fvg': True, 'fvg_lookback': 38, 'en_ifvg': True, 'en_breaker': False, 'breaker_swing_l': 16, 'en_cisd': True, 'k': 1, 'en_cap_bars': True, 'cap_1min': 304}.
[I 2026-07-13 16:56:24,530] Trial 430 finished with values: [495.48265809577856, -1162.9507710753387, 26.4] and parameters: {'sl_soft': 2.1547642541352108, 'sl_hard_delta': 9.604251167371057, 'tp': 10.623861264766195, 'gate_pct': 55.72136383304909, 'dd_limit': 145.05237206981994, 'cooldown': 1, 'flip': False, 'en_ema_trend': False, 'ema_trend_fast': 134, 'ema_trend_slow': 390, 'en_sma_trend': False, 'sma_trend_fast': 143, 'sma_trend_slow': 340, 'en_macd': True, 'macd_fast': 9, 'macd_slow': 139, 'macd_signal': 93, 'en_vwap': True, 'en_keltner': False, 'keltner_n': 171, 'keltner_m': 0.7, 'en_obv': True, 'obv_slope': 148, 'en_cci': True, 'cci_n': 172, 'cci_threshold': 95, 'en_rsi': True, 'rsi_n': 94, 'rsi_lower': 24, 'rsi_upper': 51, 'en_stochastic': False, 'stochastic_n': 98, 'stochastic_d': 42, 'stochastic_lower': 6, 'stochastic_upper': 69, 'en_mfi': True, 'mfi_n': 53, 'mfi_lower': 11, 'mfi_upper': 58, 'en_bollinger': True, 'bollinger_n': 76, 'bollinger_k': 4.300000000000001, 'en_adx': False, 'adx_n': 60, 'adx_threshold': 37, 'en_structure_trend': False, 'structure_trend_swing_l': 5, 'en_order_block': False, 'order_block_swing_l': 20, 'en_fvg': False, 'fvg_lookback': 45, 'en_ifvg': True, 'en_breaker': True, 'breaker_swing_l': 20, 'en_cisd': True, 'k': 3, 'en_cap_bars': True, 'cap_1min': 116}.
[I 2026-07-13 16:56:32,943] Trial 431 finished with values: [783.6947953340768, -797.9805557672989, 41.45] and parameters: {'sl_soft': 3.6763667227335777, 'sl_hard_delta': 0.31353605610285123, 'tp': 13.451850732177299, 'gate_pct': 58.593360310661346, 'dd_limit': 238.1085491421743, 'cooldown': 3, 'flip': False, 'en_ema_trend': False, 'ema_trend_fast': 250, 'ema_trend_slow': 223, 'en_sma_trend': True, 'sma_trend_fast': 58, 'sma_trend_slow': 222, 'en_macd': True, 'macd_fast': 69, 'macd_slow': 109, 'macd_signal': 18, 'en_vwap': True, 'en_keltner': True, 'keltner_n': 3, 'keltner_m': 4.4, 'en_obv': False, 'obv_slope': 78, 'en_cci': False, 'cci_n': 86, 'cci_threshold': 50, 'en_rsi': True, 'rsi_n': 17, 'rsi_lower': 1, 'rsi_upper': 72, 'en_stochastic': False, 'stochastic_n': 84, 'stochastic_d': 9, 'stochastic_lower': 22, 'stochastic_upper': 68, 'en_mfi': True, 'mfi_n': 10, 'mfi_lower': 13, 'mfi_upper': 93, 'en_bollinger': False, 'bollinger_n': 96, 'bollinger_k': 0.9, 'en_adx': True, 'adx_n': 5, 'adx_threshold': 7, 'en_structure_trend': False, 'structure_trend_swing_l': 10, 'en_order_block': False, 'order_block_swing_l': 4, 'en_fvg': True, 'fvg_lookback': 19, 'en_ifvg': True, 'en_breaker': False, 'breaker_swing_l': 4, 'en_cisd': False, 'k': 4, 'en_cap_bars': True, 'cap_1min': 1260}.
[I 2026-07-13 16:56:33,647] Trial 432 pruned. 
[I 2026-07-13 16:56:34,384] Trial 433 finished with values: [-1397.7222764481098, -2374.9999999999545, 14.95] and parameters: {'sl_soft': 4.421990961935937, 'sl_hard_delta': 9.99823477250807, 'tp': 16.191108942075378, 'gate_pct': 78.41015939543337, 'dd_limit': 11.276095451039913, 'cooldown': 2, 'flip': True, 'en_ema_trend': False, 'ema_trend_fast': 374, 'ema_trend_slow': 196, 'en_sma_trend': False, 'sma_trend_fast': 128, 'sma_trend_slow': 14, 'en_macd': False, 'macd_fast': 56, 'macd_slow': 150, 'macd_signal': 65, 'en_vwap': False, 'en_keltner': True, 'keltner_n': 43, 'keltner_m': 3.9000000000000004, 'en_obv': True, 'obv_slope': 186, 'en_cci': True, 'cci_n': 24, 'cci_threshold': 80, 'en_rsi': False, 'rsi_n': 95, 'rsi_lower': 38, 'rsi_upper': 87, 'en_stochastic': False, 'stochastic_n': 21, 'stochastic_d': 1, 'stochastic_lower': 47, 'stochastic_upper': 97, 'en_mfi': True, 'mfi_n': 65, 'mfi_lower': 28, 'mfi_upper': 74, 'en_bollinger': False, 'bollinger_n': 106, 'bollinger_k': 4.7, 'en_adx': False, 'adx_n': 31, 'adx_threshold': 26, 'en_structure_trend': True, 'structure_trend_swing_l': 18, 'en_order_block': False, 'order_block_swing_l': 3, 'en_fvg': True, 'fvg_lookback': 14, 'en_ifvg': True, 'en_breaker': False, 'breaker_swing_l': 18, 'en_cisd': False, 'k': 3, 'en_cap_bars': False, 'cap_1min': 412}.
[I 2026-07-13 16:56:34,900] Trial 434 finished with values: [-893.4393262128765, -4237.07112540942, 62.0] and parameters: {'sl_soft': 9.277262352684842, 'sl_hard_delta': 0.6050718889126567, 'tp': 4.424658839098322, 'gate_pct': 94.70821660915905, 'dd_limit': 464.4008537020936, 'cooldown': 0, 'flip': False, 'en_ema_trend': False, 'ema_trend_fast': 99, 'ema_trend_slow': 238, 'en_sma_trend': True, 'sma_trend_fast': 188, 'sma_trend_slow': 55, 'en_macd': False, 'macd_fast': 6, 'macd_slow': 200, 'macd_signal': 82, 'en_vwap': True, 'en_keltner': False, 'keltner_n': 154, 'keltner_m': 4.300000000000001, 'en_obv': True, 'obv_slope': 162, 'en_cci': True, 'cci_n': 91, 'cci_threshold': 155, 'en_rsi': False, 'rsi_n': 95, 'rsi_lower': 32, 'rsi_upper': 89, 'en_stochastic': False, 'stochastic_n': 50, 'stochastic_d': 11, 'stochastic_lower': 2, 'stochastic_upper': 77, 'en_mfi': False, 'mfi_n': 43, 'mfi_lower': 12, 'mfi_upper': 67, 'en_bollinger': False, 'bollinger_n': 161, 'bollinger_k': 0.5, 'en_adx': False, 'adx_n': 31, 'adx_threshold': 57, 'en_structure_trend': True, 'structure_trend_swing_l': 17, 'en_order_block': True, 'order_block_swing_l': 1, 'en_fvg': True, 'fvg_lookback': 26, 'en_ifvg': True, 'en_breaker': True, 'breaker_swing_l': 20, 'en_cisd': False, 'k': 4, 'en_cap_bars': True, 'cap_1min': 655}.
[I 2026-07-13 16:56:38,747] Trial 435 finished with values: [429.70451745042055, -833.4854168254878, 30.95] and parameters: {'sl_soft': 3.6763667227335777, 'sl_hard_delta': 0.31353605610285123, 'tp': 13.451850732177299, 'gate_pct': 76.46240503280777, 'dd_limit': 238.1085491421743, 'cooldown': 3, 'flip': False, 'en_ema_trend': False, 'ema_trend_fast': 250, 'ema_trend_slow': 301, 'en_sma_trend': True, 'sma_trend_fast': 173, 'sma_trend_slow': 222, 'en_macd': False, 'macd_fast': 52, 'macd_slow': 155, 'macd_signal': 18, 'en_vwap': True, 'en_keltner': True, 'keltner_n': 3, 'keltner_m': 2.7, 'en_obv': False, 'obv_slope': 78, 'en_cci': False, 'cci_n': 184, 'cci_threshold': 300, 'en_rsi': True, 'rsi_n': 17, 'rsi_lower': 18, 'rsi_upper': 59, 'en_stochastic': False, 'stochastic_n': 3, 'stochastic_d': 29, 'stochastic_lower': 22, 'stochastic_upper': 97, 'en_mfi': True, 'mfi_n': 49, 'mfi_lower': 2, 'mfi_upper': 56, 'en_bollinger': False, 'bollinger_n': 128, 'bollinger_k': 1.6, 'en_adx': True, 'adx_n': 5, 'adx_threshold': 10, 'en_structure_trend': False, 'structure_trend_swing_l': 6, 'en_order_block': False, 'order_block_swing_l': 13, 'en_fvg': True, 'fvg_lookback': 19, 'en_ifvg': True, 'en_breaker': False, 'breaker_swing_l': 1, 'en_cisd': True, 'k': 5, 'en_cap_bars': True, 'cap_1min': 1260}.
[I 2026-07-13 16:56:41,600] Trial 436 finished with values: [-299.30330675344976, -1053.2563491382234, 67.5] and parameters: {'sl_soft': 8.40897221696315, 'sl_hard_delta': 5.54924080899456, 'tp': 3.111624339078542, 'gate_pct': 79.12027635095406, 'dd_limit': 234.1688012834486, 'cooldown': 5, 'flip': True, 'en_ema_trend': True, 'ema_trend_fast': 373, 'ema_trend_slow': 316, 'en_sma_trend': False, 'sma_trend_fast': 221, 'sma_trend_slow': 357, 'en_macd': False, 'macd_fast': 9, 'macd_slow': 15, 'macd_signal': 47, 'en_vwap': False, 'en_keltner': True, 'keltner_n': 142, 'keltner_m': 3.9000000000000004, 'en_obv': True, 'obv_slope': 182, 'en_cci': True, 'cci_n': 198, 'cci_threshold': 170, 'en_rsi': False, 'rsi_n': 77, 'rsi_lower': 40, 'rsi_upper': 69, 'en_stochastic': True, 'stochastic_n': 75, 'stochastic_d': 14, 'stochastic_lower': 8, 'stochastic_upper': 95, 'en_mfi': False, 'mfi_n': 92, 'mfi_lower': 1, 'mfi_upper': 62, 'en_bollinger': False, 'bollinger_n': 125, 'bollinger_k': 4.300000000000001, 'en_adx': False, 'adx_n': 97, 'adx_threshold': 59, 'en_structure_trend': False, 'structure_trend_swing_l': 7, 'en_order_block': False, 'order_block_swing_l': 3, 'en_fvg': False, 'fvg_lookback': 28, 'en_ifvg': False, 'en_breaker': True, 'breaker_swing_l': 15, 'en_cisd': True, 'k': 4, 'en_cap_bars': True, 'cap_1min': 948}.
[I 2026-07-13 16:56:46,335] Trial 437 pruned. 
[I 2026-07-13 16:56:50,413] Trial 438 finished with values: [627.835754077455, -1039.9999999999864, 54.7] and parameters: {'sl_soft': 4.421990961935937, 'sl_hard_delta': 11.004850134439167, 'tp': 6.634452513591375, 'gate_pct': 87.76183461596052, 'dd_limit': 235.57837541012853, 'cooldown': 5, 'flip': True, 'en_ema_trend': True, 'ema_trend_fast': 266, 'ema_trend_slow': 364, 'en_sma_trend': False, 'sma_trend_fast': 173, 'sma_trend_slow': 14, 'en_macd': False, 'macd_fast': 80, 'macd_slow': 116, 'macd_signal': 18, 'en_vwap': True, 'en_keltner': True, 'keltner_n': 73, 'keltner_m': 4.4, 'en_obv': False, 'obv_slope': 186, 'en_cci': True, 'cci_n': 36, 'cci_threshold': 205, 'en_rsi': False, 'rsi_n': 95, 'rsi_lower': 7, 'rsi_upper': 82, 'en_stochastic': False, 'stochastic_n': 14, 'stochastic_d': 12, 'stochastic_lower': 2, 'stochastic_upper': 87, 'en_mfi': True, 'mfi_n': 49, 'mfi_lower': 27, 'mfi_upper': 61, 'en_bollinger': True, 'bollinger_n': 22, 'bollinger_k': 2.5, 'en_adx': False, 'adx_n': 82, 'adx_threshold': 19, 'en_structure_trend': False, 'structure_trend_swing_l': 10, 'en_order_block': False, 'order_block_swing_l': 20, 'en_fvg': True, 'fvg_lookback': 48, 'en_ifvg': False, 'en_breaker': True, 'breaker_swing_l': 1, 'en_cisd': False, 'k': 5, 'en_cap_bars': True, 'cap_1min': 1072}.
[I 2026-07-13 16:56:53,768] Trial 439 finished with values: [-310.786562004148, -3447.601887507926, 43.25] and parameters: {'sl_soft': 5.740682268539817, 'sl_hard_delta': 1.5400466597035951, 'tp': 8.571050306454701, 'gate_pct': 97.49754431689279, 'dd_limit': 390.2087279618219, 'cooldown': 2, 'flip': False, 'en_ema_trend': False, 'ema_trend_fast': 188, 'ema_trend_slow': 381, 'en_sma_trend': True, 'sma_trend_fast': 167, 'sma_trend_slow': 144, 'en_macd': False, 'macd_fast': 81, 'macd_slow': 105, 'macd_signal': 2, 'en_vwap': True, 'en_keltner': True, 'keltner_n': 17, 'keltner_m': 2.2, 'en_obv': False, 'obv_slope': 54, 'en_cci': False, 'cci_n': 93, 'cci_threshold': 205, 'en_rsi': True, 'rsi_n': 21, 'rsi_lower': 22, 'rsi_upper': 62, 'en_stochastic': False, 'stochastic_n': 53, 'stochastic_d': 40, 'stochastic_lower': 4, 'stochastic_upper': 72, 'en_mfi': True, 'mfi_n': 49, 'mfi_lower': 23, 'mfi_upper': 93, 'en_bollinger': False, 'bollinger_n': 63, 'bollinger_k': 1.8, 'en_adx': False, 'adx_n': 33, 'adx_threshold': 21, 'en_structure_trend': False, 'structure_trend_swing_l': 3, 'en_order_block': True, 'order_block_swing_l': 16, 'en_fvg': False, 'fvg_lookback': 30, 'en_ifvg': True, 'en_breaker': True, 'breaker_swing_l': 18, 'en_cisd': False, 'k': 1, 'en_cap_bars': False, 'cap_1min': 1249}.
[I 2026-07-13 16:56:56,823] Trial 440 finished with values: [210.00000000003638, -354.9999999999727, 56.75] and parameters: {'sl_soft': 4.423069806655792, 'sl_hard_delta': 2.4202277271614805, 'tp': 10.30323196771046, 'gate_pct': 61.29515207255519, 'dd_limit': 162.39650823726745, 'cooldown': 0, 'flip': False, 'en_ema_trend': False, 'ema_trend_fast': 41, 'ema_trend_slow': 346, 'en_sma_trend': False, 'sma_trend_fast': 7, 'sma_trend_slow': 163, 'en_macd': False, 'macd_fast': 80, 'macd_slow': 63, 'macd_signal': 18, 'en_vwap': True, 'en_keltner': True, 'keltner_n': 133, 'keltner_m': 4.4, 'en_obv': True, 'obv_slope': 186, 'en_cci': False, 'cci_n': 33, 'cci_threshold': 260, 'en_rsi': True, 'rsi_n': 33, 'rsi_lower': 20, 'rsi_upper': 75, 'en_stochastic': False, 'stochastic_n': 88, 'stochastic_d': 50, 'stochastic_lower': 38, 'stochastic_upper': 60, 'en_mfi': False, 'mfi_n': 90, 'mfi_lower': 17, 'mfi_upper': 93, 'en_bollinger': False, 'bollinger_n': 22, 'bollinger_k': 2.2, 'en_adx': False, 'adx_n': 71, 'adx_threshold': 34, 'en_structure_trend': True, 'structure_trend_swing_l': 10, 'en_order_block': False, 'order_block_swing_l': 19, 'en_fvg': False, 'fvg_lookback': 42, 'en_ifvg': True, 'en_breaker': True, 'breaker_swing_l': 20, 'en_cisd': False, 'k': 5, 'en_cap_bars': True, 'cap_1min': 3}.
[I 2026-07-13 16:56:58,988] Trial 441 pruned. 
[I 2026-07-13 16:56:59,321] Trial 442 pruned. 
[I 2026-07-13 16:57:00,688] Trial 443 pruned. 
[I 2026-07-13 16:57:02,334] Trial 444 pruned. 
[I 2026-07-13 16:57:04,413] Trial 445 finished with values: [841.7561121095673, -1152.212716238887, 44.75] and parameters: {'sl_soft': 3.578361063233118, 'sl_hard_delta': 1.5400466597035951, 'tp': 7.670322948010878, 'gate_pct': 52.57115913414096, 'dd_limit': 390.2087279618219, 'cooldown': 1, 'flip': False, 'en_ema_trend': False, 'ema_trend_fast': 55, 'ema_trend_slow': 274, 'en_sma_trend': True, 'sma_trend_fast': 167, 'sma_trend_slow': 328, 'en_macd': True, 'macd_fast': 16, 'macd_slow': 194, 'macd_signal': 30, 'en_vwap': False, 'en_keltner': False, 'keltner_n': 200, 'keltner_m': 2.2, 'en_obv': False, 'obv_slope': 19, 'en_cci': False, 'cci_n': 93, 'cci_threshold': 165, 'en_rsi': True, 'rsi_n': 21, 'rsi_lower': 15, 'rsi_upper': 71, 'en_stochastic': False, 'stochastic_n': 90, 'stochastic_d': 15, 'stochastic_lower': 4, 'stochastic_upper': 71, 'en_mfi': False, 'mfi_n': 70, 'mfi_lower': 23, 'mfi_upper': 78, 'en_bollinger': True, 'bollinger_n': 97, 'bollinger_k': 4.1, 'en_adx': False, 'adx_n': 79, 'adx_threshold': 21, 'en_structure_trend': True, 'structure_trend_swing_l': 5, 'en_order_block': False, 'order_block_swing_l': 4, 'en_fvg': False, 'fvg_lookback': 31, 'en_ifvg': True, 'en_breaker': True, 'breaker_swing_l': 5, 'en_cisd': False, 'k': 1, 'en_cap_bars': False, 'cap_1min': 1249}.
[I 2026-07-13 16:57:05,883] Trial 446 pruned. 
[I 2026-07-13 16:57:06,444] Trial 447 pruned. 
[I 2026-07-13 16:57:09,739] Trial 448 finished with values: [-132.64075314203865, -7150.834188943121, 59.05] and parameters: {'sl_soft': 8.40897221696315, 'sl_hard_delta': 5.54924080899456, 'tp': 6.634452513591375, 'gate_pct': 61.29515207255519, 'dd_limit': 234.1688012834486, 'cooldown': 0, 'flip': True, 'en_ema_trend': True, 'ema_trend_fast': 271, 'ema_trend_slow': 316, 'en_sma_trend': False, 'sma_trend_fast': 221, 'sma_trend_slow': 163, 'en_macd': True, 'macd_fast': 9, 'macd_slow': 190, 'macd_signal': 47, 'en_vwap': False, 'en_keltner': True, 'keltner_n': 142, 'keltner_m': 1.6, 'en_obv': False, 'obv_slope': 182, 'en_cci': True, 'cci_n': 88, 'cci_threshold': 170, 'en_rsi': True, 'rsi_n': 33, 'rsi_lower': 6, 'rsi_upper': 86, 'en_stochastic': True, 'stochastic_n': 75, 'stochastic_d': 14, 'stochastic_lower': 8, 'stochastic_upper': 95, 'en_mfi': False, 'mfi_n': 92, 'mfi_lower': 45, 'mfi_upper': 62, 'en_bollinger': False, 'bollinger_n': 125, 'bollinger_k': 4.300000000000001, 'en_adx': False, 'adx_n': 82, 'adx_threshold': 59, 'en_structure_trend': False, 'structure_trend_swing_l': 7, 'en_order_block': True, 'order_block_swing_l': 20, 'en_fvg': False, 'fvg_lookback': 28, 'en_ifvg': False, 'en_breaker': False, 'breaker_swing_l': 5, 'en_cisd': False, 'k': 4, 'en_cap_bars': True, 'cap_1min': 736}.
[I 2026-07-13 16:57:11,640] Trial 449 finished with values: [335.846096152693, -1489.3959262740054, 56.95] and parameters: {'sl_soft': 2.675254554060517, 'sl_hard_delta': 10.912663971419876, 'tp': 5.279230480763317, 'gate_pct': 97.49754431689279, 'dd_limit': 244.67886904838787, 'cooldown': 5, 'flip': True, 'en_ema_trend': True, 'ema_trend_fast': 77, 'ema_trend_slow': 129, 'en_sma_trend': True, 'sma_trend_fast': 141, 'sma_trend_slow': 160, 'en_macd': True, 'macd_fast': 80, 'macd_slow': 47, 'macd_signal': 84, 'en_vwap': True, 'en_keltner': False, 'keltner_n': 34, 'keltner_m': 4.2, 'en_obv': False, 'obv_slope': 30, 'en_cci': False, 'cci_n': 71, 'cci_threshold': 30, 'en_rsi': False, 'rsi_n': 15, 'rsi_lower': 9, 'rsi_upper': 82, 'en_stochastic': False, 'stochastic_n': 35, 'stochastic_d': 34, 'stochastic_lower': 14, 'stochastic_upper': 85, 'en_mfi': False, 'mfi_n': 58, 'mfi_lower': 41, 'mfi_upper': 87, 'en_bollinger': False, 'bollinger_n': 188, 'bollinger_k': 3.8000000000000003, 'en_adx': False, 'adx_n': 17, 'adx_threshold': 32, 'en_structure_trend': False, 'structure_trend_swing_l': 16, 'en_order_block': True, 'order_block_swing_l': 19, 'en_fvg': False, 'fvg_lookback': 4, 'en_ifvg': False, 'en_breaker': True, 'breaker_swing_l': 12, 'en_cisd': True, 'k': 5, 'en_cap_bars': True, 'cap_1min': 272}.
[I 2026-07-13 16:57:17,577] Trial 450 finished with values: [-860.8505169479599, -4141.530760417674, 20.0] and parameters: {'sl_soft': 3.7110948278494957, 'sl_hard_delta': 0.14484222707573952, 'tp': 14.794906806861203, 'gate_pct': 73.0036735816267, 'dd_limit': 248.39832000795516, 'cooldown': 1, 'flip': True, 'en_ema_trend': False, 'ema_trend_fast': 177, 'ema_trend_slow': 381, 'en_sma_trend': False, 'sma_trend_fast': 141, 'sma_trend_slow': 144, 'en_macd': False, 'macd_fast': 49, 'macd_slow': 47, 'macd_signal': 13, 'en_vwap': False, 'en_keltner': True, 'keltner_n': 17, 'keltner_m': 4.5, 'en_obv': True, 'obv_slope': 54, 'en_cci': True, 'cci_n': 87, 'cci_threshold': 30, 'en_rsi': True, 'rsi_n': 15, 'rsi_lower': 15, 'rsi_upper': 82, 'en_stochastic': True, 'stochastic_n': 89, 'stochastic_d': 40, 'stochastic_lower': 2, 'stochastic_upper': 72, 'en_mfi': True, 'mfi_n': 11, 'mfi_lower': 23, 'mfi_upper': 86, 'en_bollinger': False, 'bollinger_n': 32, 'bollinger_k': 1.1, 'en_adx': False, 'adx_n': 33, 'adx_threshold': 21, 'en_structure_trend': False, 'structure_trend_swing_l': 11, 'en_order_block': False, 'order_block_swing_l': 17, 'en_fvg': False, 'fvg_lookback': 50, 'en_ifvg': True, 'en_breaker': False, 'breaker_swing_l': 17, 'en_cisd': False, 'k': 1, 'en_cap_bars': True, 'cap_1min': 1332}.
[I 2026-07-13 16:57:17,844] Trial 451 pruned. 
[I 2026-07-13 16:57:18,131] Trial 452 finished with values: [562.5713004912313, -865.0000000000318, 46.45] and parameters: {'sl_soft': 3.578361063233118, 'sl_hard_delta': 5.122016397226086, 'tp': 7.670322948010878, 'gate_pct': 52.57115913414096, 'dd_limit': 141.98378389938074, 'cooldown': 1, 'flip': False, 'en_ema_trend': True, 'ema_trend_fast': 55, 'ema_trend_slow': 274, 'en_sma_trend': True, 'sma_trend_fast': 167, 'sma_trend_slow': 328, 'en_macd': True, 'macd_fast': 16, 'macd_slow': 194, 'macd_signal': 30, 'en_vwap': False, 'en_keltner': False, 'keltner_n': 200, 'keltner_m': 3.7, 'en_obv': True, 'obv_slope': 19, 'en_cci': False, 'cci_n': 93, 'cci_threshold': 165, 'en_rsi': True, 'rsi_n': 21, 'rsi_lower': 15, 'rsi_upper': 71, 'en_stochastic': False, 'stochastic_n': 90, 'stochastic_d': 15, 'stochastic_lower': 4, 'stochastic_upper': 71, 'en_mfi': False, 'mfi_n': 70, 'mfi_lower': 23, 'mfi_upper': 78, 'en_bollinger': True, 'bollinger_n': 97, 'bollinger_k': 4.1, 'en_adx': False, 'adx_n': 79, 'adx_threshold': 50, 'en_structure_trend': True, 'structure_trend_swing_l': 5, 'en_order_block': False, 'order_block_swing_l': 4, 'en_fvg': False, 'fvg_lookback': 31, 'en_ifvg': True, 'en_breaker': True, 'breaker_swing_l': 2, 'en_cisd': True, 'k': 1, 'en_cap_bars': False, 'cap_1min': 1249}.
[I 2026-07-13 16:57:21,326] Trial 453 pruned. 
