[I 2026-07-13 17:06:04,071] Trial 694 finished with values: [597.8165201454885, -763.3255334990281, 68.55000000000001] and parameters: {'sl_soft': 3.578361063233118, 'sl_hard_delta': 0.14484222707573952, 'tp': 2.3431772679682146, 'gate_pct': 57.542705711187445, 'dd_limit': 390.2569167971573, 'cooldown': 0, 'flip': True, 'en_ema_trend': False, 'ema_trend_fast': 55, 'ema_trend_slow': 38, 'en_sma_trend': True, 'sma_trend_fast': 188, 'sma_trend_slow': 328, 'en_macd': True, 'macd_fast': 16, 'macd_slow': 194, 'macd_signal': 41, 'en_vwap': False, 'en_keltner': False, 'keltner_n': 39, 'keltner_m': 3.7, 'en_obv': True, 'obv_slope': 116, 'en_cci': False, 'cci_n': 93, 'cci_threshold': 65, 'en_rsi': True, 'rsi_n': 95, 'rsi_lower': 41, 'rsi_upper': 71, 'en_stochastic': False, 'stochastic_n': 55, 'stochastic_d': 15, 'stochastic_lower': 4, 'stochastic_upper': 60, 'en_mfi': False, 'mfi_n': 28, 'mfi_lower': 23, 'mfi_upper': 78, 'en_bollinger': True, 'bollinger_n': 161, 'bollinger_k': 4.1, 'en_adx': False, 'adx_n': 31, 'adx_threshold': 50, 'en_structure_trend': True, 'structure_trend_swing_l': 11, 'en_order_block': False, 'order_block_swing_l': 9, 'en_fvg': False, 'fvg_lookback': 31, 'en_ifvg': True, 'en_breaker': False, 'breaker_swing_l': 17, 'en_cisd': False, 'k': 5, 'en_cap_bars': True, 'cap_1min': 1249}.
[I 2026-07-13 17:06:06,152] Trial 695 finished with values: [569.0435975770811, -3413.7196037110016, 47.6] and parameters: {'sl_soft': 2.609471604804969, 'sl_hard_delta': 2.065008312254088, 'tp': 5.002383029139105, 'gate_pct': 94.70821660915905, 'dd_limit': 499.7446687086984, 'cooldown': 2, 'flip': False, 'en_ema_trend': True, 'ema_trend_fast': 174, 'ema_trend_slow': 144, 'en_sma_trend': False, 'sma_trend_fast': 345, 'sma_trend_slow': 324, 'en_macd': False, 'macd_fast': 16, 'macd_slow': 172, 'macd_signal': 30, 'en_vwap': True, 'en_keltner': True, 'keltner_n': 153, 'keltner_m': 3.8000000000000003, 'en_obv': False, 'obv_slope': 47, 'en_cci': True, 'cci_n': 125, 'cci_threshold': 195, 'en_rsi': False, 'rsi_n': 43, 'rsi_lower': 8, 'rsi_upper': 69, 'en_stochastic': False, 'stochastic_n': 65, 'stochastic_d': 3, 'stochastic_lower': 4, 'stochastic_upper': 57, 'en_mfi': False, 'mfi_n': 7, 'mfi_lower': 19, 'mfi_upper': 68, 'en_bollinger': False, 'bollinger_n': 182, 'bollinger_k': 2.7, 'en_adx': False, 'adx_n': 20, 'adx_threshold': 57, 'en_structure_trend': True, 'structure_trend_swing_l': 5, 'en_order_block': True, 'order_block_swing_l': 19, 'en_fvg': False, 'fvg_lookback': 36, 'en_ifvg': True, 'en_breaker': True, 'breaker_swing_l': 1, 'en_cisd': False, 'k': 3, 'en_cap_bars': False, 'cap_1min': 608}.
[I 2026-07-13 17:06:07,488] Trial 696 finished with values: [-56.313555724841535, -2266.2470907144893, 32.85] and parameters: {'sl_soft': 2.609471604804969, 'sl_hard_delta': 2.065008312254088, 'tp': 7.670322948010878, 'gate_pct': 57.542705711187445, 'dd_limit': 390.2569167971573, 'cooldown': 0, 'flip': True, 'en_ema_trend': True, 'ema_trend_fast': 317, 'ema_trend_slow': 38, 'en_sma_trend': False, 'sma_trend_fast': 141, 'sma_trend_slow': 292, 'en_macd': True, 'macd_fast': 80, 'macd_slow': 194, 'macd_signal': 91, 'en_vwap': False, 'en_keltner': True, 'keltner_n': 161, 'keltner_m': 3.7, 'en_obv': True, 'obv_slope': 110, 'en_cci': False, 'cci_n': 93, 'cci_threshold': 65, 'en_rsi': False, 'rsi_n': 100, 'rsi_lower': 41, 'rsi_upper': 69, 'en_stochastic': False, 'stochastic_n': 22, 'stochastic_d': 50, 'stochastic_lower': 48, 'stochastic_upper': 57, 'en_mfi': False, 'mfi_n': 11, 'mfi_lower': 19, 'mfi_upper': 68, 'en_bollinger': False, 'bollinger_n': 69, 'bollinger_k': 3.8000000000000003, 'en_adx': False, 'adx_n': 35, 'adx_threshold': 50, 'en_structure_trend': True, 'structure_trend_swing_l': 9, 'en_order_block': True, 'order_block_swing_l': 9, 'en_fvg': False, 'fvg_lookback': 36, 'en_ifvg': True, 'en_breaker': False, 'breaker_swing_l': 17, 'en_cisd': False, 'k': 5, 'en_cap_bars': False, 'cap_1min': 608}.
[I 2026-07-13 17:06:07,933] Trial 697 finished with values: [-330.31838958470416, -940.0783955995621, 47.75] and parameters: {'sl_soft': 2.0827834824761626, 'sl_hard_delta': 5.122016397226086, 'tp': 10.30323196771046, 'gate_pct': 97.49754431689279, 'dd_limit': 499.7446687086984, 'cooldown': 3, 'flip': False, 'en_ema_trend': False, 'ema_trend_fast': 41, 'ema_trend_slow': 351, 'en_sma_trend': True, 'sma_trend_fast': 82, 'sma_trend_slow': 258, 'en_macd': True, 'macd_fast': 16, 'macd_slow': 194, 'macd_signal': 85, 'en_vwap': True, 'en_keltner': True, 'keltner_n': 133, 'keltner_m': 4.0, 'en_obv': True, 'obv_slope': 186, 'en_cci': False, 'cci_n': 2, 'cci_threshold': 195, 'en_rsi': True, 'rsi_n': 33, 'rsi_lower': 6, 'rsi_upper': 58, 'en_stochastic': False, 'stochastic_n': 90, 'stochastic_d': 42, 'stochastic_lower': 4, 'stochastic_upper': 57, 'en_mfi': False, 'mfi_n': 90, 'mfi_lower': 41, 'mfi_upper': 78, 'en_bollinger': False, 'bollinger_n': 22, 'bollinger_k': 2.2, 'en_adx': False, 'adx_n': 71, 'adx_threshold': 50, 'en_structure_trend': False, 'structure_trend_swing_l': 17, 'en_order_block': True, 'order_block_swing_l': 19, 'en_fvg': False, 'fvg_lookback': 42, 'en_ifvg': True, 'en_breaker': False, 'breaker_swing_l': 17, 'en_cisd': False, 'k': 5, 'en_cap_bars': True, 'cap_1min': 3}.
[I 2026-07-13 17:06:08,325] Trial 698 pruned. 
[I 2026-07-13 17:06:14,019] Trial 699 finished with values: [49.36143827524688, -561.0384759618228, 33.75] and parameters: {'sl_soft': 1.9730524991408938, 'sl_hard_delta': 3.865564296720503, 'tp': 5.279230480763317, 'gate_pct': 76.46240503280777, 'dd_limit': 234.1688012834486, 'cooldown': 3, 'flip': False, 'en_ema_trend': False, 'ema_trend_fast': 250, 'ema_trend_slow': 301, 'en_sma_trend': False, 'sma_trend_fast': 141, 'sma_trend_slow': 357, 'en_macd': False, 'macd_fast': 80, 'macd_slow': 109, 'macd_signal': 9, 'en_vwap': False, 'en_keltner': True, 'keltner_n': 3, 'keltner_m': 4.4, 'en_obv': True, 'obv_slope': 160, 'en_cci': False, 'cci_n': 184, 'cci_threshold': 170, 'en_rsi': True, 'rsi_n': 52, 'rsi_lower': 18, 'rsi_upper': 59, 'en_stochastic': True, 'stochastic_n': 3, 'stochastic_d': 29, 'stochastic_lower': 2, 'stochastic_upper': 60, 'en_mfi': False, 'mfi_n': 49, 'mfi_lower': 13, 'mfi_upper': 93, 'en_bollinger': False, 'bollinger_n': 32, 'bollinger_k': 1.6, 'en_adx': False, 'adx_n': 56, 'adx_threshold': 7, 'en_structure_trend': True, 'structure_trend_swing_l': 7, 'en_order_block': False, 'order_block_swing_l': 4, 'en_fvg': True, 'fvg_lookback': 50, 'en_ifvg': False, 'en_breaker': True, 'breaker_swing_l': 17, 'en_cisd': False, 'k': 5, 'en_cap_bars': True, 'cap_1min': 652}.
[I 2026-07-13 17:06:16,133] Trial 700 finished with values: [-261.2157846491755, -708.2877128655696, 31.8] and parameters: {'sl_soft': 2.0827834824761626, 'sl_hard_delta': 0.14484222707573952, 'tp': 10.30323196771046, 'gate_pct': 61.29515207255519, 'dd_limit': 499.7446687086984, 'cooldown': 0, 'flip': True, 'en_ema_trend': False, 'ema_trend_fast': 41, 'ema_trend_slow': 346, 'en_sma_trend': True, 'sma_trend_fast': 141, 'sma_trend_slow': 328, 'en_macd': True, 'macd_fast': 44, 'macd_slow': 194, 'macd_signal': 18, 'en_vwap': True, 'en_keltner': True, 'keltner_n': 161, 'keltner_m': 4.4, 'en_obv': True, 'obv_slope': 110, 'en_cci': False, 'cci_n': 129, 'cci_threshold': 65, 'en_rsi': True, 'rsi_n': 23, 'rsi_lower': 6, 'rsi_upper': 75, 'en_stochastic': False, 'stochastic_n': 88, 'stochastic_d': 50, 'stochastic_lower': 38, 'stochastic_upper': 60, 'en_mfi': False, 'mfi_n': 28, 'mfi_lower': 17, 'mfi_upper': 78, 'en_bollinger': False, 'bollinger_n': 97, 'bollinger_k': 3.8000000000000003, 'en_adx': False, 'adx_n': 71, 'adx_threshold': 50, 'en_structure_trend': True, 'structure_trend_swing_l': 11, 'en_order_block': False, 'order_block_swing_l': 19, 'en_fvg': False, 'fvg_lookback': 42, 'en_ifvg': True, 'en_breaker': False, 'breaker_swing_l': 17, 'en_cisd': False, 'k': 5, 'en_cap_bars': True, 'cap_1min': 3}.
[I 2026-07-13 17:06:18,836] Trial 701 finished with values: [-29.999999999972715, -615.0188730229502, 52.55] and parameters: {'sl_soft': 3.578361063233118, 'sl_hard_delta': 5.122016397226086, 'tp': 7.670322948010878, 'gate_pct': 57.542705711187445, 'dd_limit': 499.7446687086984, 'cooldown': 0, 'flip': False, 'en_ema_trend': True, 'ema_trend_fast': 55, 'ema_trend_slow': 144, 'en_sma_trend': False, 'sma_trend_fast': 82, 'sma_trend_slow': 163, 'en_macd': True, 'macd_fast': 44, 'macd_slow': 172, 'macd_signal': 41, 'en_vwap': True, 'en_keltner': False, 'keltner_n': 153, 'keltner_m': 1.7000000000000002, 'en_obv': True, 'obv_slope': 47, 'en_cci': False, 'cci_n': 188, 'cci_threshold': 30, 'en_rsi': True, 'rsi_n': 43, 'rsi_lower': 3, 'rsi_upper': 91, 'en_stochastic': False, 'stochastic_n': 90, 'stochastic_d': 50, 'stochastic_lower': 4, 'stochastic_upper': 60, 'en_mfi': False, 'mfi_n': 90, 'mfi_lower': 17, 'mfi_upper': 93, 'en_bollinger': True, 'bollinger_n': 22, 'bollinger_k': 2.2, 'en_adx': False, 'adx_n': 20, 'adx_threshold': 28, 'en_structure_trend': True, 'structure_trend_swing_l': 5, 'en_order_block': False, 'order_block_swing_l': 19, 'en_fvg': False, 'fvg_lookback': 31, 'en_ifvg': True, 'en_breaker': False, 'breaker_swing_l': 20, 'en_cisd': True, 'k': 3, 'en_cap_bars': True, 'cap_1min': 3}.
[I 2026-07-13 17:06:20,594] Trial 702 finished with values: [1219.011591045546, -4084.3194194527086, 56.45] and parameters: {'sl_soft': 8.537049950649646, 'sl_hard_delta': 2.4202277271614805, 'tp': 10.30323196771046, 'gate_pct': 76.55976188692937, 'dd_limit': 141.98378389938074, 'cooldown': 2, 'flip': False, 'en_ema_trend': True, 'ema_trend_fast': 55, 'ema_trend_slow': 346, 'en_sma_trend': False, 'sma_trend_fast': 266, 'sma_trend_slow': 163, 'en_macd': False, 'macd_fast': 16, 'macd_slow': 125, 'macd_signal': 1, 'en_vwap': True, 'en_keltner': True, 'keltner_n': 133, 'keltner_m': 4.300000000000001, 'en_obv': True, 'obv_slope': 116, 'en_cci': False, 'cci_n': 33, 'cci_threshold': 65, 'en_rsi': False, 'rsi_n': 95, 'rsi_lower': 6, 'rsi_upper': 69, 'en_stochastic': False, 'stochastic_n': 55, 'stochastic_d': 5, 'stochastic_lower': 38, 'stochastic_upper': 57, 'en_mfi': False, 'mfi_n': 61, 'mfi_lower': 12, 'mfi_upper': 93, 'en_bollinger': False, 'bollinger_n': 22, 'bollinger_k': 2.2, 'en_adx': False, 'adx_n': 71, 'adx_threshold': 34, 'en_structure_trend': True, 'structure_trend_swing_l': 5, 'en_order_block': True, 'order_block_swing_l': 4, 'en_fvg': False, 'fvg_lookback': 31, 'en_ifvg': True, 'en_breaker': False, 'breaker_swing_l': 10, 'en_cisd': False, 'k': 4, 'en_cap_bars': True, 'cap_1min': 1249}.
[I 2026-07-13 17:06:24,278] Trial 703 finished with values: [-1049.4413372181384, -4178.025587571983, 56.65] and parameters: {'sl_soft': 4.423069806655792, 'sl_hard_delta': 9.199132196036121, 'tp': 3.965955750179107, 'gate_pct': 79.12027635095406, 'dd_limit': 504.12940677292096, 'cooldown': 0, 'flip': True, 'en_ema_trend': False, 'ema_trend_fast': 363, 'ema_trend_slow': 346, 'en_sma_trend': False, 'sma_trend_fast': 271, 'sma_trend_slow': 357, 'en_macd': True, 'macd_fast': 12, 'macd_slow': 61, 'macd_signal': 47, 'en_vwap': True, 'en_keltner': True, 'keltner_n': 142, 'keltner_m': 3.3000000000000003, 'en_obv': True, 'obv_slope': 182, 'en_cci': True, 'cci_n': 156, 'cci_threshold': 170, 'en_rsi': False, 'rsi_n': 77, 'rsi_lower': 44, 'rsi_upper': 59, 'en_stochastic': False, 'stochastic_n': 75, 'stochastic_d': 14, 'stochastic_lower': 16, 'stochastic_upper': 57, 'en_mfi': False, 'mfi_n': 92, 'mfi_lower': 45, 'mfi_upper': 94, 'en_bollinger': False, 'bollinger_n': 125, 'bollinger_k': 4.300000000000001, 'en_adx': False, 'adx_n': 48, 'adx_threshold': 59, 'en_structure_trend': True, 'structure_trend_swing_l': 14, 'en_order_block': True, 'order_block_swing_l': 3, 'en_fvg': False, 'fvg_lookback': 28, 'en_ifvg': False, 'en_breaker': True, 'breaker_swing_l': 15, 'en_cisd': False, 'k': 4, 'en_cap_bars': False, 'cap_1min': 652}.
[I 2026-07-13 17:06:25,481] Trial 704 finished with values: [185.9676522646282, -1809.4515577983884, 43.75] and parameters: {'sl_soft': 4.175083823529933, 'sl_hard_delta': 5.122016397226086, 'tp': 7.670322948010878, 'gate_pct': 52.57115913414096, 'dd_limit': 162.39650823726745, 'cooldown': 1, 'flip': False, 'en_ema_trend': False, 'ema_trend_fast': 317, 'ema_trend_slow': 274, 'en_sma_trend': True, 'sma_trend_fast': 173, 'sma_trend_slow': 328, 'en_macd': False, 'macd_fast': 16, 'macd_slow': 47, 'macd_signal': 30, 'en_vwap': False, 'en_keltner': False, 'keltner_n': 200, 'keltner_m': 3.7, 'en_obv': True, 'obv_slope': 161, 'en_cci': False, 'cci_n': 2, 'cci_threshold': 195, 'en_rsi': True, 'rsi_n': 52, 'rsi_lower': 15, 'rsi_upper': 71, 'en_stochastic': False, 'stochastic_n': 53, 'stochastic_d': 42, 'stochastic_lower': 46, 'stochastic_upper': 97, 'en_mfi': False, 'mfi_n': 70, 'mfi_lower': 23, 'mfi_upper': 78, 'en_bollinger': True, 'bollinger_n': 97, 'bollinger_k': 4.1, 'en_adx': False, 'adx_n': 48, 'adx_threshold': 50, 'en_structure_trend': True, 'structure_trend_swing_l': 5, 'en_order_block': False, 'order_block_swing_l': 4, 'en_fvg': False, 'fvg_lookback': 31, 'en_ifvg': True, 'en_breaker': False, 'breaker_swing_l': 17, 'en_cisd': False, 'k': 4, 'en_cap_bars': True, 'cap_1min': 272}.
[I 2026-07-13 17:06:27,292] Trial 705 finished with values: [1938.9227079287252, -3238.6124834446036, 40.5] and parameters: {'sl_soft': 3.1600335535566595, 'sl_hard_delta': 2.065008312254088, 'tp': 9.378168989216427, 'gate_pct': 94.70821660915905, 'dd_limit': 39.52565804693206, 'cooldown': 2, 'flip': False, 'en_ema_trend': True, 'ema_trend_fast': 208, 'ema_trend_slow': 64, 'en_sma_trend': False, 'sma_trend_fast': 345, 'sma_trend_slow': 328, 'en_macd': True, 'macd_fast': 56, 'macd_slow': 48, 'macd_signal': 54, 'en_vwap': True, 'en_keltner': True, 'keltner_n': 123, 'keltner_m': 3.8000000000000003, 'en_obv': False, 'obv_slope': 25, 'en_cci': False, 'cci_n': 51, 'cci_threshold': 195, 'en_rsi': False, 'rsi_n': 5, 'rsi_lower': 36, 'rsi_upper': 89, 'en_stochastic': False, 'stochastic_n': 22, 'stochastic_d': 5, 'stochastic_lower': 40, 'stochastic_upper': 71, 'en_mfi': False, 'mfi_n': 70, 'mfi_lower': 19, 'mfi_upper': 68, 'en_bollinger': True, 'bollinger_n': 69, 'bollinger_k': 2.7, 'en_adx': False, 'adx_n': 7, 'adx_threshold': 57, 'en_structure_trend': True, 'structure_trend_swing_l': 9, 'en_order_block': True, 'order_block_swing_l': 9, 'en_fvg': False, 'fvg_lookback': 36, 'en_ifvg': False, 'en_breaker': True, 'breaker_swing_l': 1, 'en_cisd': False, 'k': 3, 'en_cap_bars': False, 'cap_1min': 1249}.
[I 2026-07-13 17:06:29,196] Trial 706 pruned. 
[I 2026-07-13 17:06:31,293] Trial 707 finished with values: [486.17228077329173, -5446.835447908302, 41.8] and parameters: {'sl_soft': 5.221156496362849, 'sl_hard_delta': 5.122016397226086, 'tp': 10.30323196771046, 'gate_pct': 98.24909449748954, 'dd_limit': 324.55645790818636, 'cooldown': 2, 'flip': False, 'en_ema_trend': False, 'ema_trend_fast': 174, 'ema_trend_slow': 274, 'en_sma_trend': True, 'sma_trend_fast': 109, 'sma_trend_slow': 324, 'en_macd': True, 'macd_fast': 50, 'macd_slow': 172, 'macd_signal': 41, 'en_vwap': True, 'en_keltner': False, 'keltner_n': 153, 'keltner_m': 1.7000000000000002, 'en_obv': True, 'obv_slope': 160, 'en_cci': True, 'cci_n': 188, 'cci_threshold': 30, 'en_rsi': True, 'rsi_n': 23, 'rsi_lower': 8, 'rsi_upper': 86, 'en_stochastic': False, 'stochastic_n': 27, 'stochastic_d': 35, 'stochastic_lower': 12, 'stochastic_upper': 71, 'en_mfi': False, 'mfi_n': 7, 'mfi_lower': 47, 'mfi_upper': 78, 'en_bollinger': False, 'bollinger_n': 35, 'bollinger_k': 2.2, 'en_adx': False, 'adx_n': 71, 'adx_threshold': 50, 'en_structure_trend': True, 'structure_trend_swing_l': 4, 'en_order_block': False, 'order_block_swing_l': 17, 'en_fvg': False, 'fvg_lookback': 31, 'en_ifvg': True, 'en_breaker': False, 'breaker_swing_l': 17, 'en_cisd': False, 'k': 5, 'en_cap_bars': False, 'cap_1min': 929}.
[I 2026-07-13 17:06:31,633] Trial 708 finished with values: [174.806515901912, -1710.0566190688596, 46.0] and parameters: {'sl_soft': 3.578361063233118, 'sl_hard_delta': 5.122016397226086, 'tp': 7.670322948010878, 'gate_pct': 79.12027635095406, 'dd_limit': 150.49758686166095, 'cooldown': 5, 'flip': False, 'en_ema_trend': True, 'ema_trend_fast': 174, 'ema_trend_slow': 144, 'en_sma_trend': False, 'sma_trend_fast': 167, 'sma_trend_slow': 222, 'en_macd': True, 'macd_fast': 16, 'macd_slow': 172, 'macd_signal': 30, 'en_vwap': False, 'en_keltner': False, 'keltner_n': 153, 'keltner_m': 4.8, 'en_obv': True, 'obv_slope': 47, 'en_cci': False, 'cci_n': 188, 'cci_threshold': 30, 'en_rsi': False, 'rsi_n': 43, 'rsi_lower': 8, 'rsi_upper': 72, 'en_stochastic': False, 'stochastic_n': 75, 'stochastic_d': 29, 'stochastic_lower': 22, 'stochastic_upper': 95, 'en_mfi': False, 'mfi_n': 7, 'mfi_lower': 17, 'mfi_upper': 69, 'en_bollinger': True, 'bollinger_n': 125, 'bollinger_k': 4.9, 'en_adx': False, 'adx_n': 20, 'adx_threshold': 59, 'en_structure_trend': True, 'structure_trend_swing_l': 5, 'en_order_block': False, 'order_block_swing_l': 13, 'en_fvg': True, 'fvg_lookback': 31, 'en_ifvg': False, 'en_breaker': True, 'breaker_swing_l': 20, 'en_cisd': True, 'k': 4, 'en_cap_bars': True, 'cap_1min': 544}.
[I 2026-07-13 17:06:34,955] Trial 709 finished with values: [1046.7775822406907, -2509.6768032289333, 39.15] and parameters: {'sl_soft': 3.7110948278494957, 'sl_hard_delta': 13.43048070632975, 'tp': 10.30323196771046, 'gate_pct': 98.24909449748954, 'dd_limit': 390.2569167971573, 'cooldown': 0, 'flip': True, 'en_ema_trend': True, 'ema_trend_fast': 174, 'ema_trend_slow': 274, 'en_sma_trend': False, 'sma_trend_fast': 141, 'sma_trend_slow': 324, 'en_macd': True, 'macd_fast': 44, 'macd_slow': 47, 'macd_signal': 9, 'en_vwap': False, 'en_keltner': True, 'keltner_n': 77, 'keltner_m': 4.0, 'en_obv': True, 'obv_slope': 47, 'en_cci': True, 'cci_n': 125, 'cci_threshold': 30, 'en_rsi': True, 'rsi_n': 23, 'rsi_lower': 6, 'rsi_upper': 58, 'en_stochastic': False, 'stochastic_n': 90, 'stochastic_d': 3, 'stochastic_lower': 12, 'stochastic_upper': 71, 'en_mfi': False, 'mfi_n': 90, 'mfi_lower': 47, 'mfi_upper': 78, 'en_bollinger': False, 'bollinger_n': 35, 'bollinger_k': 2.2, 'en_adx': False, 'adx_n': 71, 'adx_threshold': 30, 'en_structure_trend': True, 'structure_trend_swing_l': 14, 'en_order_block': True, 'order_block_swing_l': 19, 'en_fvg': True, 'fvg_lookback': 50, 'en_ifvg': True, 'en_breaker': False, 'breaker_swing_l': 20, 'en_cisd': False, 'k': 3, 'en_cap_bars': True, 'cap_1min': 272}.
[I 2026-07-13 17:06:35,143] Trial 710 finished with values: [6.64889375450457, -344.9999999999591, 53.55] and parameters: {'sl_soft': 2.0827834824761626, 'sl_hard_delta': 9.199132196036121, 'tp': 3.965955750179107, 'gate_pct': 47.67526199665095, 'dd_limit': 499.7446687086984, 'cooldown': 3, 'flip': False, 'en_ema_trend': False, 'ema_trend_fast': 317, 'ema_trend_slow': 346, 'en_sma_trend': True, 'sma_trend_fast': 173, 'sma_trend_slow': 163, 'en_macd': True, 'macd_fast': 16, 'macd_slow': 47, 'macd_signal': 85, 'en_vwap': True, 'en_keltner': True, 'keltner_n': 133, 'keltner_m': 4.0, 'en_obv': True, 'obv_slope': 161, 'en_cci': True, 'cci_n': 33, 'cci_threshold': 30, 'en_rsi': True, 'rsi_n': 23, 'rsi_lower': 20, 'rsi_upper': 69, 'en_stochastic': False, 'stochastic_n': 88, 'stochastic_d': 50, 'stochastic_lower': 38, 'stochastic_upper': 97, 'en_mfi': False, 'mfi_n': 61, 'mfi_lower': 17, 'mfi_upper': 65, 'en_bollinger': False, 'bollinger_n': 182, 'bollinger_k': 1.6, 'en_adx': False, 'adx_n': 71, 'adx_threshold': 34, 'en_structure_trend': True, 'structure_trend_swing_l': 10, 'en_order_block': True, 'order_block_swing_l': 9, 'en_fvg': False, 'fvg_lookback': 42, 'en_ifvg': True, 'en_breaker': False, 'breaker_swing_l': 17, 'en_cisd': False, 'k': 4, 'en_cap_bars': True, 'cap_1min': 3}.
[I 2026-07-13 17:06:37,278] Trial 711 finished with values: [-20.873546418090427, -2451.502725622413, 38.8] and parameters: {'sl_soft': 3.578361063233118, 'sl_hard_delta': 5.122016397226086, 'tp': 7.670322948010878, 'gate_pct': 52.57115913414096, 'dd_limit': 39.52565804693206, 'cooldown': 1, 'flip': False, 'en_ema_trend': True, 'ema_trend_fast': 177, 'ema_trend_slow': 64, 'en_sma_trend': True, 'sma_trend_fast': 345, 'sma_trend_slow': 143, 'en_macd': True, 'macd_fast': 6, 'macd_slow': 194, 'macd_signal': 82, 'en_vwap': True, 'en_keltner': True, 'keltner_n': 123, 'keltner_m': 4.5, 'en_obv': False, 'obv_slope': 19, 'en_cci': False, 'cci_n': 93, 'cci_threshold': 195, 'en_rsi': False, 'rsi_n': 21, 'rsi_lower': 15, 'rsi_upper': 71, 'en_stochastic': False, 'stochastic_n': 90, 'stochastic_d': 15, 'stochastic_lower': 17, 'stochastic_upper': 71, 'en_mfi': False, 'mfi_n': 84, 'mfi_lower': 47, 'mfi_upper': 78, 'en_bollinger': False, 'bollinger_n': 161, 'bollinger_k': 3.4000000000000004, 'en_adx': False, 'adx_n': 79, 'adx_threshold': 50, 'en_structure_trend': False, 'structure_trend_swing_l': 5, 'en_order_block': False, 'order_block_swing_l': 17, 'en_fvg': False, 'fvg_lookback': 31, 'en_ifvg': False, 'en_breaker': False, 'breaker_swing_l': 2, 'en_cisd': True, 'k': 3, 'en_cap_bars': False, 'cap_1min': 1249}.
