[I 2026-07-13 17:19:58,523] Trial 559 finished with values: [19.603898573154765, -310.4033302494372, 70.4] and parameters: {'sl_soft': 0.8668241302577042, 'sl_hard_delta': 0.8244393445390031, 'tp': 0.6549392804740899, 'gate_pct': 84.86382733879176, 'dd_limit': 225.9151492162283, 'cooldown': 15, 'flip': False, 'en_ema_trend': True, 'ema_trend_fast': 40, 'ema_trend_slow': 30, 'en_sma_trend': False, 'sma_trend_fast': 155, 'sma_trend_slow': 111, 'en_macd': False, 'macd_fast': 9, 'macd_slow': 6, 'macd_signal': 11, 'en_vwap': True, 'en_keltner': True, 'keltner_n': 162, 'keltner_m': 2.9000000000000004, 'en_obv': True, 'obv_slope': 120, 'en_cci': True, 'cci_n': 111, 'cci_threshold': 260, 'en_rsi': True, 'rsi_n': 87, 'rsi_lower': 20, 'rsi_upper': 57, 'en_stochastic': False, 'stochastic_n': 3, 'stochastic_d': 1, 'stochastic_lower': 40, 'stochastic_upper': 90, 'en_mfi': True, 'mfi_n': 88, 'mfi_lower': 24, 'mfi_upper': 99, 'en_bollinger': False, 'bollinger_n': 100, 'bollinger_k': 0.5, 'en_adx': False, 'adx_n': 16, 'adx_threshold': 17, 'en_structure_trend': True, 'structure_trend_swing_l': 11, 'en_order_block': False, 'order_block_swing_l': 6, 'en_fvg': False, 'fvg_lookback': 28, 'en_ifvg': True, 'en_breaker': True, 'breaker_swing_l': 17, 'en_cisd': False, 'k': 4, 'en_cap_bars': True, 'cap_1min': 379}.
[I 2026-07-13 17:19:58,972] Trial 560 pruned. 
[I 2026-07-13 17:19:59,291] Trial 561 finished with values: [-12.880814972356802, -221.88103626217526, 44.3] and parameters: {'sl_soft': 0.8668241302577042, 'sl_hard_delta': 0.2791290136221785, 'tp': 1.2921449941565541, 'gate_pct': 63.90528592947753, 'dd_limit': 212.284904074767, 'cooldown': 18, 'flip': False, 'en_ema_trend': False, 'ema_trend_fast': 9, 'ema_trend_slow': 30, 'en_sma_trend': False, 'sma_trend_fast': 298, 'sma_trend_slow': 111, 'en_macd': False, 'macd_fast': 70, 'macd_slow': 28, 'macd_signal': 54, 'en_vwap': True, 'en_keltner': False, 'keltner_n': 116, 'keltner_m': 2.9000000000000004, 'en_obv': True, 'obv_slope': 18, 'en_cci': False, 'cci_n': 184, 'cci_threshold': 135, 'en_rsi': True, 'rsi_n': 69, 'rsi_lower': 47, 'rsi_upper': 61, 'en_stochastic': True, 'stochastic_n': 3, 'stochastic_d': 37, 'stochastic_lower': 8, 'stochastic_upper': 57, 'en_mfi': False, 'mfi_n': 15, 'mfi_lower': 37, 'mfi_upper': 99, 'en_bollinger': True, 'bollinger_n': 131, 'bollinger_k': 1.8, 'en_adx': False, 'adx_n': 76, 'adx_threshold': 17, 'en_structure_trend': True, 'structure_trend_swing_l': 18, 'en_order_block': False, 'order_block_swing_l': 10, 'en_fvg': False, 'fvg_lookback': 38, 'en_ifvg': True, 'en_breaker': False, 'breaker_swing_l': 7, 'en_cisd': True, 'k': 4, 'en_cap_bars': True, 'cap_1min': 133}.
[I 2026-07-13 17:19:59,711] Trial 562 pruned. 
[I 2026-07-13 17:20:01,083] Trial 563 pruned. 
[I 2026-07-13 17:20:01,792] Trial 564 pruned. 
[I 2026-07-13 17:20:02,486] Trial 565 pruned. 
[I 2026-07-13 17:20:04,283] Trial 566 finished with values: [-31.712380916030725, -178.6289491442858, 43.65] and parameters: {'sl_soft': 0.95083156235771, 'sl_hard_delta': 0.24002809860404511, 'tp': 1.5082069520025265, 'gate_pct': 84.86382733879176, 'dd_limit': 129.62211800890103, 'cooldown': 15, 'flip': True, 'en_ema_trend': False, 'ema_trend_fast': 90, 'ema_trend_slow': 26, 'en_sma_trend': False, 'sma_trend_fast': 155, 'sma_trend_slow': 263, 'en_macd': True, 'macd_fast': 38, 'macd_slow': 156, 'macd_signal': 86, 'en_vwap': False, 'en_keltner': True, 'keltner_n': 162, 'keltner_m': 2.9000000000000004, 'en_obv': True, 'obv_slope': 116, 'en_cci': True, 'cci_n': 111, 'cci_threshold': 25, 'en_rsi': True, 'rsi_n': 87, 'rsi_lower': 38, 'rsi_upper': 86, 'en_stochastic': True, 'stochastic_n': 18, 'stochastic_d': 27, 'stochastic_lower': 40, 'stochastic_upper': 89, 'en_mfi': True, 'mfi_n': 82, 'mfi_lower': 20, 'mfi_upper': 72, 'en_bollinger': False, 'bollinger_n': 86, 'bollinger_k': 3.4000000000000004, 'en_adx': True, 'adx_n': 16, 'adx_threshold': 27, 'en_structure_trend': True, 'structure_trend_swing_l': 1, 'en_order_block': True, 'order_block_swing_l': 16, 'en_fvg': False, 'fvg_lookback': 28, 'en_ifvg': True, 'en_breaker': False, 'breaker_swing_l': 3, 'en_cisd': False, 'k': 4, 'en_cap_bars': False, 'cap_1min': 379}.
[I 2026-07-13 17:20:10,505] Trial 567 finished with values: [-156.23308969282448, -582.2086821913899, 49.05] and parameters: {'sl_soft': 1.0860152683938593, 'sl_hard_delta': 2.145728223926894, 'tp': 1.159656670407572, 'gate_pct': 83.20802785278097, 'dd_limit': 212.284904074767, 'cooldown': 1, 'flip': False, 'en_ema_trend': False, 'ema_trend_fast': 95, 'ema_trend_slow': 30, 'en_sma_trend': False, 'sma_trend_fast': 298, 'sma_trend_slow': 111, 'en_macd': True, 'macd_fast': 44, 'macd_slow': 18, 'macd_signal': 41, 'en_vwap': False, 'en_keltner': False, 'keltner_n': 175, 'keltner_m': 3.5, 'en_obv': True, 'obv_slope': 160, 'en_cci': True, 'cci_n': 171, 'cci_threshold': 30, 'en_rsi': True, 'rsi_n': 95, 'rsi_lower': 47, 'rsi_upper': 75, 'en_stochastic': True, 'stochastic_n': 100, 'stochastic_d': 4, 'stochastic_lower': 38, 'stochastic_upper': 90, 'en_mfi': False, 'mfi_n': 88, 'mfi_lower': 17, 'mfi_upper': 58, 'en_bollinger': True, 'bollinger_n': 129, 'bollinger_k': 1.8, 'en_adx': False, 'adx_n': 54, 'adx_threshold': 32, 'en_structure_trend': True, 'structure_trend_swing_l': 11, 'en_order_block': True, 'order_block_swing_l': 5, 'en_fvg': False, 'fvg_lookback': 27, 'en_ifvg': True, 'en_breaker': False, 'breaker_swing_l': 3, 'en_cisd': False, 'k': 1, 'en_cap_bars': True, 'cap_1min': 3}.
[I 2026-07-13 17:20:10,850] Trial 568 finished with values: [123.08440583845481, -398.78594316398903, 48.25] and parameters: {'sl_soft': 0.8668241302577042, 'sl_hard_delta': 0.2791290136221785, 'tp': 1.2921449941565541, 'gate_pct': 75.29895741667805, 'dd_limit': 241.42955722086123, 'cooldown': 18, 'flip': False, 'en_ema_trend': False, 'ema_trend_fast': 33, 'ema_trend_slow': 305, 'en_sma_trend': False, 'sma_trend_fast': 232, 'sma_trend_slow': 248, 'en_macd': True, 'macd_fast': 70, 'macd_slow': 94, 'macd_signal': 27, 'en_vwap': True, 'en_keltner': False, 'keltner_n': 3, 'keltner_m': 2.9000000000000004, 'en_obv': True, 'obv_slope': 18, 'en_cci': False, 'cci_n': 174, 'cci_threshold': 135, 'en_rsi': True, 'rsi_n': 46, 'rsi_lower': 47, 'rsi_upper': 61, 'en_stochastic': True, 'stochastic_n': 9, 'stochastic_d': 36, 'stochastic_lower': 40, 'stochastic_upper': 92, 'en_mfi': True, 'mfi_n': 95, 'mfi_lower': 29, 'mfi_upper': 99, 'en_bollinger': False, 'bollinger_n': 131, 'bollinger_k': 2.6, 'en_adx': False, 'adx_n': 76, 'adx_threshold': 32, 'en_structure_trend': True, 'structure_trend_swing_l': 9, 'en_order_block': False, 'order_block_swing_l': 2, 'en_fvg': True, 'fvg_lookback': 44, 'en_ifvg': False, 'en_breaker': True, 'breaker_swing_l': 7, 'en_cisd': True, 'k': 3, 'en_cap_bars': True, 'cap_1min': 1119}.
[I 2026-07-13 17:20:11,113] Trial 569 pruned. 
[I 2026-07-13 17:20:17,518] Trial 570 finished with values: [250.6750183843792, -370.00000000000455, 44.3] and parameters: {'sl_soft': 1.0860152683938593, 'sl_hard_delta': 2.911804370090404, 'tp': 3.8454001470748493, 'gate_pct': 75.29895741667805, 'dd_limit': 235.57837541012853, 'cooldown': 18, 'flip': False, 'en_ema_trend': True, 'ema_trend_fast': 9, 'ema_trend_slow': 364, 'en_sma_trend': False, 'sma_trend_fast': 45, 'sma_trend_slow': 81, 'en_macd': False, 'macd_fast': 70, 'macd_slow': 144, 'macd_signal': 27, 'en_vwap': True, 'en_keltner': True, 'keltner_n': 116, 'keltner_m': 1.5, 'en_obv': True, 'obv_slope': 7, 'en_cci': True, 'cci_n': 43, 'cci_threshold': 60, 'en_rsi': True, 'rsi_n': 95, 'rsi_lower': 7, 'rsi_upper': 94, 'en_stochastic': True, 'stochastic_n': 65, 'stochastic_d': 40, 'stochastic_lower': 34, 'stochastic_upper': 92, 'en_mfi': True, 'mfi_n': 45, 'mfi_lower': 16, 'mfi_upper': 61, 'en_bollinger': True, 'bollinger_n': 125, 'bollinger_k': 2.9000000000000004, 'en_adx': False, 'adx_n': 76, 'adx_threshold': 32, 'en_structure_trend': True, 'structure_trend_swing_l': 19, 'en_order_block': False, 'order_block_swing_l': 10, 'en_fvg': True, 'fvg_lookback': 14, 'en_ifvg': True, 'en_breaker': True, 'breaker_swing_l': 3, 'en_cisd': True, 'k': 4, 'en_cap_bars': True, 'cap_1min': 133}.
[I 2026-07-13 17:20:24,598] Trial 571 finished with values: [-108.02472370813803, -441.59805283331934, 38.95] and parameters: {'sl_soft': 0.6154913983821713, 'sl_hard_delta': 0.3269087741450897, 'tp': 1.2548102965475247, 'gate_pct': 73.0036735816267, 'dd_limit': 208.93735973419433, 'cooldown': 18, 'flip': True, 'en_ema_trend': False, 'ema_trend_fast': 317, 'ema_trend_slow': 38, 'en_sma_trend': False, 'sma_trend_fast': 178, 'sma_trend_slow': 248, 'en_macd': False, 'macd_fast': 57, 'macd_slow': 47, 'macd_signal': 54, 'en_vwap': True, 'en_keltner': False, 'keltner_n': 49, 'keltner_m': 1.8, 'en_obv': False, 'obv_slope': 163, 'en_cci': True, 'cci_n': 174, 'cci_threshold': 90, 'en_rsi': True, 'rsi_n': 25, 'rsi_lower': 19, 'rsi_upper': 82, 'en_stochastic': False, 'stochastic_n': 71, 'stochastic_d': 3, 'stochastic_lower': 44, 'stochastic_upper': 94, 'en_mfi': False, 'mfi_n': 97, 'mfi_lower': 7, 'mfi_upper': 95, 'en_bollinger': False, 'bollinger_n': 47, 'bollinger_k': 2.1, 'en_adx': True, 'adx_n': 2, 'adx_threshold': 6, 'en_structure_trend': True, 'structure_trend_swing_l': 11, 'en_order_block': False, 'order_block_swing_l': 9, 'en_fvg': True, 'fvg_lookback': 44, 'en_ifvg': False, 'en_breaker': False, 'breaker_swing_l': 18, 'en_cisd': True, 'k': 3, 'en_cap_bars': False, 'cap_1min': 1119}.
[I 2026-07-13 17:20:26,944] Trial 572 finished with values: [161.91566151624102, -274.99999999997726, 39.25] and parameters: {'sl_soft': 0.8612621469910683, 'sl_hard_delta': 2.911804370090404, 'tp': 2.9349692977728927, 'gate_pct': 63.90528592947753, 'dd_limit': 237.04271548261175, 'cooldown': 13, 'flip': False, 'en_ema_trend': False, 'ema_trend_fast': 121, 'ema_trend_slow': 364, 'en_sma_trend': False, 'sma_trend_fast': 211, 'sma_trend_slow': 304, 'en_macd': False, 'macd_fast': 70, 'macd_slow': 108, 'macd_signal': 61, 'en_vwap': True, 'en_keltner': True, 'keltner_n': 105, 'keltner_m': 2.1, 'en_obv': True, 'obv_slope': 143, 'en_cci': True, 'cci_n': 184, 'cci_threshold': 260, 'en_rsi': True, 'rsi_n': 69, 'rsi_lower': 47, 'rsi_upper': 57, 'en_stochastic': False, 'stochastic_n': 63, 'stochastic_d': 37, 'stochastic_lower': 8, 'stochastic_upper': 62, 'en_mfi': True, 'mfi_n': 88, 'mfi_lower': 25, 'mfi_upper': 70, 'en_bollinger': True, 'bollinger_n': 136, 'bollinger_k': 3.9000000000000004, 'en_adx': False, 'adx_n': 62, 'adx_threshold': 51, 'en_structure_trend': True, 'structure_trend_swing_l': 11, 'en_order_block': False, 'order_block_swing_l': 18, 'en_fvg': True, 'fvg_lookback': 28, 'en_ifvg': True, 'en_breaker': True, 'breaker_swing_l': 10, 'en_cisd': True, 'k': 4, 'en_cap_bars': False, 'cap_1min': 332}.
[I 2026-07-13 17:20:27,201] Trial 573 pruned. 
[I 2026-07-13 17:20:30,272] Trial 574 pruned. 
[I 2026-07-13 17:20:37,611] Trial 575 finished with values: [240.05443781650797, -238.17193219238106, 54.4] and parameters: {'sl_soft': 0.95083156235771, 'sl_hard_delta': 0.24002809860404511, 'tp': 1.5082069520025265, 'gate_pct': 83.1486122072033, 'dd_limit': 212.284904074767, 'cooldown': 15, 'flip': False, 'en_ema_trend': False, 'ema_trend_fast': 40, 'ema_trend_slow': 30, 'en_sma_trend': False, 'sma_trend_fast': 298, 'sma_trend_slow': 111, 'en_macd': True, 'macd_fast': 96, 'macd_slow': 144, 'macd_signal': 86, 'en_vwap': False, 'en_keltner': False, 'keltner_n': 116, 'keltner_m': 2.9000000000000004, 'en_obv': True, 'obv_slope': 18, 'en_cci': True, 'cci_n': 184, 'cci_threshold': 135, 'en_rsi': True, 'rsi_n': 87, 'rsi_lower': 38, 'rsi_upper': 61, 'en_stochastic': True, 'stochastic_n': 3, 'stochastic_d': 10, 'stochastic_lower': 40, 'stochastic_upper': 57, 'en_mfi': True, 'mfi_n': 15, 'mfi_lower': 37, 'mfi_upper': 99, 'en_bollinger': False, 'bollinger_n': 86, 'bollinger_k': 1.8, 'en_adx': False, 'adx_n': 76, 'adx_threshold': 17, 'en_structure_trend': True, 'structure_trend_swing_l': 1, 'en_order_block': False, 'order_block_swing_l': 10, 'en_fvg': False, 'fvg_lookback': 28, 'en_ifvg': True, 'en_breaker': False, 'breaker_swing_l': 3, 'en_cisd': False, 'k': 4, 'en_cap_bars': True, 'cap_1min': 133}.
[I 2026-07-13 17:20:39,314] Trial 576 finished with values: [-88.75536396411121, -178.6289491442858, 38.75] and parameters: {'sl_soft': 0.95083156235771, 'sl_hard_delta': 0.24002809860404511, 'tp': 1.5082069520025265, 'gate_pct': 84.86382733879176, 'dd_limit': 129.62211800890103, 'cooldown': 15, 'flip': True, 'en_ema_trend': False, 'ema_trend_fast': 40, 'ema_trend_slow': 26, 'en_sma_trend': False, 'sma_trend_fast': 155, 'sma_trend_slow': 263, 'en_macd': True, 'macd_fast': 96, 'macd_slow': 156, 'macd_signal': 11, 'en_vwap': False, 'en_keltner': True, 'keltner_n': 162, 'keltner_m': 2.9000000000000004, 'en_obv': True, 'obv_slope': 120, 'en_cci': True, 'cci_n': 111, 'cci_threshold': 25, 'en_rsi': True, 'rsi_n': 87, 'rsi_lower': 20, 'rsi_upper': 86, 'en_stochastic': True, 'stochastic_n': 32, 'stochastic_d': 1, 'stochastic_lower': 40, 'stochastic_upper': 90, 'en_mfi': True, 'mfi_n': 82, 'mfi_lower': 16, 'mfi_upper': 95, 'en_bollinger': False, 'bollinger_n': 86, 'bollinger_k': 3.4000000000000004, 'en_adx': True, 'adx_n': 16, 'adx_threshold': 27, 'en_structure_trend': False, 'structure_trend_swing_l': 1, 'en_order_block': True, 'order_block_swing_l': 16, 'en_fvg': False, 'fvg_lookback': 28, 'en_ifvg': True, 'en_breaker': False, 'breaker_swing_l': 17, 'en_cisd': False, 'k': 1, 'en_cap_bars': False, 'cap_1min': 379}.
[I 2026-07-13 17:20:42,001] Trial 577 finished with values: [178.40338062535466, -681.503070222675, 34.05] and parameters: {'sl_soft': 0.8612621469910683, 'sl_hard_delta': 2.911804370090404, 'tp': 2.9349692977728927, 'gate_pct': 75.29895741667805, 'dd_limit': 241.42955722086123, 'cooldown': 11, 'flip': False, 'en_ema_trend': True, 'ema_trend_fast': 121, 'ema_trend_slow': 364, 'en_sma_trend': False, 'sma_trend_fast': 232, 'sma_trend_slow': 248, 'en_macd': True, 'macd_fast': 55, 'macd_slow': 94, 'macd_signal': 61, 'en_vwap': True, 'en_keltner': True, 'keltner_n': 3, 'keltner_m': 3.4000000000000004, 'en_obv': True, 'obv_slope': 163, 'en_cci': True, 'cci_n': 174, 'cci_threshold': 195, 'en_rsi': False, 'rsi_n': 46, 'rsi_lower': 3, 'rsi_upper': 57, 'en_stochastic': False, 'stochastic_n': 63, 'stochastic_d': 36, 'stochastic_lower': 40, 'stochastic_upper': 92, 'en_mfi': False, 'mfi_n': 95, 'mfi_lower': 29, 'mfi_upper': 57, 'en_bollinger': False, 'bollinger_n': 144, 'bollinger_k': 3.9000000000000004, 'en_adx': False, 'adx_n': 76, 'adx_threshold': 51, 'en_structure_trend': True, 'structure_trend_swing_l': 9, 'en_order_block': False, 'order_block_swing_l': 2, 'en_fvg': True, 'fvg_lookback': 43, 'en_ifvg': False, 'en_breaker': True, 'breaker_swing_l': 3, 'en_cisd': True, 'k': 3, 'en_cap_bars': False, 'cap_1min': 1119}.
[I 2026-07-13 17:20:47,430] Trial 578 finished with values: [235.8183741451512, -412.5363101719586, 48.9] and parameters: {'sl_soft': 0.6154913983821713, 'sl_hard_delta': 0.2791290136221785, 'tp': 1.2921449941565541, 'gate_pct': 75.29895741667805, 'dd_limit': 394.88972205872113, 'cooldown': 18, 'flip': False, 'en_ema_trend': True, 'ema_trend_fast': 9, 'ema_trend_slow': 305, 'en_sma_trend': False, 'sma_trend_fast': 232, 'sma_trend_slow': 81, 'en_macd': False, 'macd_fast': 70, 'macd_slow': 94, 'macd_signal': 27, 'en_vwap': True, 'en_keltner': False, 'keltner_n': 116, 'keltner_m': 2.9000000000000004, 'en_obv': True, 'obv_slope': 137, 'en_cci': True, 'cci_n': 174, 'cci_threshold': 195, 'en_rsi': True, 'rsi_n': 46, 'rsi_lower': 3, 'rsi_upper': 61, 'en_stochastic': True, 'stochastic_n': 65, 'stochastic_d': 36, 'stochastic_lower': 40, 'stochastic_upper': 92, 'en_mfi': True, 'mfi_n': 95, 'mfi_lower': 29, 'mfi_upper': 79, 'en_bollinger': False, 'bollinger_n': 144, 'bollinger_k': 1.5, 'en_adx': False, 'adx_n': 76, 'adx_threshold': 32, 'en_structure_trend': True, 'structure_trend_swing_l': 9, 'en_order_block': False, 'order_block_swing_l': 10, 'en_fvg': True, 'fvg_lookback': 44, 'en_ifvg': False, 'en_breaker': True, 'breaker_swing_l': 7, 'en_cisd': True, 'k': 4, 'en_cap_bars': True, 'cap_1min': 133}.
[I 2026-07-13 17:20:48,181] Trial 579 pruned. 
[I 2026-07-13 17:20:50,304] Trial 580 finished with values: [121.81002206121434, -493.6683682138437, 41.7] and parameters: {'sl_soft': 0.96156299418656, 'sl_hard_delta': 2.911804370090404, 'tp': 3.8454001470748493, 'gate_pct': 86.68863637915473, 'dd_limit': 398.7158815502001, 'cooldown': 27, 'flip': True, 'en_ema_trend': False, 'ema_trend_fast': 14, 'ema_trend_slow': 364, 'en_sma_trend': False, 'sma_trend_fast': 45, 'sma_trend_slow': 14, 'en_macd': True, 'macd_fast': 16, 'macd_slow': 18, 'macd_signal': 8, 'en_vwap': True, 'en_keltner': False, 'keltner_n': 175, 'keltner_m': 1.5, 'en_obv': True, 'obv_slope': 70, 'en_cci': True, 'cci_n': 82, 'cci_threshold': 50, 'en_rsi': True, 'rsi_n': 50, 'rsi_lower': 2, 'rsi_upper': 88, 'en_stochastic': False, 'stochastic_n': 27, 'stochastic_d': 40, 'stochastic_lower': 49, 'stochastic_upper': 72, 'en_mfi': True, 'mfi_n': 100, 'mfi_lower': 16, 'mfi_upper': 51, 'en_bollinger': True, 'bollinger_n': 68, 'bollinger_k': 1.7000000000000002, 'en_adx': False, 'adx_n': 61, 'adx_threshold': 52, 'en_structure_trend': True, 'structure_trend_swing_l': 4, 'en_order_block': False, 'order_block_swing_l': 8, 'en_fvg': False, 'fvg_lookback': 14, 'en_ifvg': True, 'en_breaker': True, 'breaker_swing_l': 3, 'en_cisd': True, 'k': 5, 'en_cap_bars': True, 'cap_1min': 995}.
[I 2026-07-13 17:20:50,618] Trial 581 finished with values: [-9.440889391987639, -137.76158459224916, 46.45] and parameters: {'sl_soft': 0.95083156235771, 'sl_hard_delta': 0.24002809860404511, 'tp': 1.5082069520025265, 'gate_pct': 84.86382733879176, 'dd_limit': 129.62211800890103, 'cooldown': 7, 'flip': True, 'en_ema_trend': False, 'ema_trend_fast': 40, 'ema_trend_slow': 304, 'en_sma_trend': False, 'sma_trend_fast': 11, 'sma_trend_slow': 263, 'en_macd': True, 'macd_fast': 96, 'macd_slow': 156, 'macd_signal': 86, 'en_vwap': False, 'en_keltner': True, 'keltner_n': 162, 'keltner_m': 2.9000000000000004, 'en_obv': True, 'obv_slope': 116, 'en_cci': True, 'cci_n': 111, 'cci_threshold': 25, 'en_rsi': True, 'rsi_n': 87, 'rsi_lower': 38, 'rsi_upper': 86, 'en_stochastic': True, 'stochastic_n': 32, 'stochastic_d': 27, 'stochastic_lower': 40, 'stochastic_upper': 89, 'en_mfi': True, 'mfi_n': 82, 'mfi_lower': 20, 'mfi_upper': 95, 'en_bollinger': False, 'bollinger_n': 155, 'bollinger_k': 3.4000000000000004, 'en_adx': True, 'adx_n': 16, 'adx_threshold': 27, 'en_structure_trend': True, 'structure_trend_swing_l': 1, 'en_order_block': True, 'order_block_swing_l': 16, 'en_fvg': False, 'fvg_lookback': 28, 'en_ifvg': True, 'en_breaker': False, 'breaker_swing_l': 3, 'en_cisd': False, 'k': 4, 'en_cap_bars': False, 'cap_1min': 379}.
[I 2026-07-13 17:20:52,184] Trial 582 pruned. 
[I 2026-07-13 17:20:53,770] Trial 583 finished with values: [-47.6094897928931, -350.00000000001137, 72.65] and parameters: {'sl_soft': 0.8668241302577042, 'sl_hard_delta': 2.981985232474473, 'tp': 0.6549392804740899, 'gate_pct': 75.29895741667805, 'dd_limit': 241.42955722086123, 'cooldown': 11, 'flip': False, 'en_ema_trend': True, 'ema_trend_fast': 23, 'ema_trend_slow': 305, 'en_sma_trend': False, 'sma_trend_fast': 298, 'sma_trend_slow': 248, 'en_macd': False, 'macd_fast': 70, 'macd_slow': 94, 'macd_signal': 27, 'en_vwap': True, 'en_keltner': False, 'keltner_n': 17, 'keltner_m': 3.4000000000000004, 'en_obv': True, 'obv_slope': 18, 'en_cci': True, 'cci_n': 174, 'cci_threshold': 195, 'en_rsi': True, 'rsi_n': 69, 'rsi_lower': 3, 'rsi_upper': 57, 'en_stochastic': False, 'stochastic_n': 3, 'stochastic_d': 37, 'stochastic_lower': 8, 'stochastic_upper': 92, 'en_mfi': True, 'mfi_n': 95, 'mfi_lower': 24, 'mfi_upper': 99, 'en_bollinger': False, 'bollinger_n': 57, 'bollinger_k': 3.9000000000000004, 'en_adx': False, 'adx_n': 62, 'adx_threshold': 17, 'en_structure_trend': True, 'structure_trend_swing_l': 9, 'en_order_block': False, 'order_block_swing_l': 2, 'en_fvg': True, 'fvg_lookback': 28, 'en_ifvg': True, 'en_breaker': True, 'breaker_swing_l': 7, 'en_cisd': True, 'k': 3, 'en_cap_bars': False, 'cap_1min': 1249}.
[I 2026-07-13 17:21:00,359] Trial 584 finished with values: [29.388020625651734, -238.17193219238106, 69.3] and parameters: {'sl_soft': 0.95083156235771, 'sl_hard_delta': 0.24002809860404511, 'tp': 0.5935124759887821, 'gate_pct': 84.86382733879176, 'dd_limit': 235.57837541012853, 'cooldown': 15, 'flip': False, 'en_ema_trend': False, 'ema_trend_fast': 121, 'ema_trend_slow': 364, 'en_sma_trend': False, 'sma_trend_fast': 155, 'sma_trend_slow': 14, 'en_macd': True, 'macd_fast': 52, 'macd_slow': 18, 'macd_signal': 45, 'en_vwap': True, 'en_keltner': True, 'keltner_n': 68, 'keltner_m': 2.9000000000000004, 'en_obv': True, 'obv_slope': 7, 'en_cci': True, 'cci_n': 111, 'cci_threshold': 25, 'en_rsi': True, 'rsi_n': 95, 'rsi_lower': 7, 'rsi_upper': 86, 'en_stochastic': False, 'stochastic_n': 8, 'stochastic_d': 27, 'stochastic_lower': 40, 'stochastic_upper': 89, 'en_mfi': True, 'mfi_n': 45, 'mfi_lower': 20, 'mfi_upper': 72, 'en_bollinger': False, 'bollinger_n': 125, 'bollinger_k': 3.4000000000000004, 'en_adx': True, 'adx_n': 31, 'adx_threshold': 27, 'en_structure_trend': True, 'structure_trend_swing_l': 19, 'en_order_block': True, 'order_block_swing_l': 14, 'en_fvg': False, 'fvg_lookback': 28, 'en_ifvg': False, 'en_breaker': True, 'breaker_swing_l': 3, 'en_cisd': False, 'k': 1, 'en_cap_bars': True, 'cap_1min': 379}.
