[I 2026-07-13 17:11:16,916] Trial 527 finished with values: [-393.2225186833932, -695.2064339095614, 46.45] and parameters: {'sl_soft': 3.146751807329063, 'sl_hard_delta': 4.870575879708306, 'tp': 2.09587132180923, 'gate_pct': 75.29895741667805, 'dd_limit': 284.01961970925504, 'cooldown': 10, 'flip': True, 'en_ema_trend': False, 'ema_trend_fast': 33, 'ema_trend_slow': 226, 'en_sma_trend': False, 'sma_trend_fast': 145, 'sma_trend_slow': 400, 'en_macd': True, 'macd_fast': 20, 'macd_slow': 193, 'macd_signal': 11, 'en_vwap': False, 'en_keltner': True, 'keltner_n': 13, 'keltner_m': 1.5, 'en_obv': True, 'obv_slope': 120, 'en_cci': True, 'cci_n': 8, 'cci_threshold': 180, 'en_rsi': True, 'rsi_n': 46, 'rsi_lower': 3, 'rsi_upper': 68, 'en_stochastic': True, 'stochastic_n': 2, 'stochastic_d': 13, 'stochastic_lower': 40, 'stochastic_upper': 90, 'en_mfi': True, 'mfi_n': 20, 'mfi_lower': 24, 'mfi_upper': 93, 'en_bollinger': False, 'bollinger_n': 24, 'bollinger_k': 3.0, 'en_adx': False, 'adx_n': 92, 'adx_threshold': 32, 'en_structure_trend': True, 'structure_trend_swing_l': 4, 'en_order_block': False, 'order_block_swing_l': 1, 'en_fvg': True, 'fvg_lookback': 8, 'en_ifvg': False, 'en_breaker': False, 'breaker_swing_l': 18, 'en_cisd': True, 'k': 4, 'en_cap_bars': True, 'cap_1min': 1119}.
[I 2026-07-13 17:11:19,135] Trial 528 pruned. 
[I 2026-07-13 17:11:22,435] Trial 529 finished with values: [331.6497399899504, -549.0798021868386, 61.8] and parameters: {'sl_soft': 3.0753791326704585, 'sl_hard_delta': 2.741268995255218, 'tp': 3.035052084189462, 'gate_pct': 79.12027635095406, 'dd_limit': 234.1688012834486, 'cooldown': 12, 'flip': True, 'en_ema_trend': False, 'ema_trend_fast': 9, 'ema_trend_slow': 72, 'en_sma_trend': False, 'sma_trend_fast': 221, 'sma_trend_slow': 357, 'en_macd': False, 'macd_fast': 67, 'macd_slow': 79, 'macd_signal': 86, 'en_vwap': True, 'en_keltner': True, 'keltner_n': 145, 'keltner_m': 1.7000000000000002, 'en_obv': True, 'obv_slope': 137, 'en_cci': True, 'cci_n': 82, 'cci_threshold': 170, 'en_rsi': True, 'rsi_n': 50, 'rsi_lower': 12, 'rsi_upper': 86, 'en_stochastic': False, 'stochastic_n': 65, 'stochastic_d': 9, 'stochastic_lower': 34, 'stochastic_upper': 95, 'en_mfi': False, 'mfi_n': 92, 'mfi_lower': 21, 'mfi_upper': 61, 'en_bollinger': False, 'bollinger_n': 131, 'bollinger_k': 1.5, 'en_adx': True, 'adx_n': 97, 'adx_threshold': 7, 'en_structure_trend': False, 'structure_trend_swing_l': 18, 'en_order_block': False, 'order_block_swing_l': 10, 'en_fvg': False, 'fvg_lookback': 38, 'en_ifvg': True, 'en_breaker': True, 'breaker_swing_l': 15, 'en_cisd': True, 'k': 5, 'en_cap_bars': False, 'cap_1min': 1153}.
[I 2026-07-13 17:11:24,861] Trial 530 finished with values: [-441.69911168140743, -1968.846599842243, 50.3] and parameters: {'sl_soft': 1.898923331020348, 'sl_hard_delta': 2.741268995255218, 'tp': 2.580639551376548, 'gate_pct': 97.52011350142476, 'dd_limit': 394.88972205872113, 'cooldown': 7, 'flip': True, 'en_ema_trend': True, 'ema_trend_fast': 9, 'ema_trend_slow': 72, 'en_sma_trend': True, 'sma_trend_fast': 207, 'sma_trend_slow': 138, 'en_macd': True, 'macd_fast': 39, 'macd_slow': 21, 'macd_signal': 24, 'en_vwap': False, 'en_keltner': True, 'keltner_n': 70, 'keltner_m': 3.9000000000000004, 'en_obv': True, 'obv_slope': 137, 'en_cci': False, 'cci_n': 23, 'cci_threshold': 105, 'en_rsi': False, 'rsi_n': 50, 'rsi_lower': 20, 'rsi_upper': 61, 'en_stochastic': False, 'stochastic_n': 65, 'stochastic_d': 3, 'stochastic_lower': 46, 'stochastic_upper': 91, 'en_mfi': True, 'mfi_n': 56, 'mfi_lower': 21, 'mfi_upper': 88, 'en_bollinger': False, 'bollinger_n': 75, 'bollinger_k': 1.5, 'en_adx': False, 'adx_n': 61, 'adx_threshold': 30, 'en_structure_trend': False, 'structure_trend_swing_l': 18, 'en_order_block': False, 'order_block_swing_l': 10, 'en_fvg': False, 'fvg_lookback': 38, 'en_ifvg': True, 'en_breaker': True, 'breaker_swing_l': 11, 'en_cisd': True, 'k': 3, 'en_cap_bars': True, 'cap_1min': 689}.
[I 2026-07-13 17:11:25,597] Trial 531 finished with values: [-33.66294919774191, -627.3949641938998, 38.0] and parameters: {'sl_soft': 1.3416386676404197, 'sl_hard_delta': 0.05257236390156471, 'tp': 2.034778180267182, 'gate_pct': 73.0036735816267, 'dd_limit': 60.80016338531003, 'cooldown': 13, 'flip': True, 'en_ema_trend': False, 'ema_trend_fast': 317, 'ema_trend_slow': 380, 'en_sma_trend': False, 'sma_trend_fast': 232, 'sma_trend_slow': 138, 'en_macd': False, 'macd_fast': 98, 'macd_slow': 47, 'macd_signal': 72, 'en_vwap': False, 'en_keltner': False, 'keltner_n': 160, 'keltner_m': 4.6000000000000005, 'en_obv': False, 'obv_slope': 107, 'en_cci': True, 'cci_n': 3, 'cci_threshold': 105, 'en_rsi': False, 'rsi_n': 9, 'rsi_lower': 28, 'rsi_upper': 82, 'en_stochastic': False, 'stochastic_n': 67, 'stochastic_d': 3, 'stochastic_lower': 28, 'stochastic_upper': 91, 'en_mfi': False, 'mfi_n': 97, 'mfi_lower': 49, 'mfi_upper': 72, 'en_bollinger': False, 'bollinger_n': 9, 'bollinger_k': 3.0, 'en_adx': False, 'adx_n': 32, 'adx_threshold': 11, 'en_structure_trend': True, 'structure_trend_swing_l': 19, 'en_order_block': False, 'order_block_swing_l': 15, 'en_fvg': False, 'fvg_lookback': 50, 'en_ifvg': False, 'en_breaker': False, 'breaker_swing_l': 1, 'en_cisd': True, 'k': 1, 'en_cap_bars': False, 'cap_1min': 272}.
[I 2026-07-13 17:11:26,703] Trial 532 pruned. 
[I 2026-07-13 17:11:26,840] Trial 533 pruned. 
[I 2026-07-13 17:11:27,481] Trial 534 pruned. 
[I 2026-07-13 17:11:33,855] Trial 535 finished with values: [-307.31593914231325, -1161.9517476219812, 13.4] and parameters: {'sl_soft': 0.7459429677562495, 'sl_hard_delta': 0.24686669406356115, 'tp': 6.159635578510054, 'gate_pct': 73.0036735816267, 'dd_limit': 122.33756046500012, 'cooldown': 3, 'flip': True, 'en_ema_trend': True, 'ema_trend_fast': 29, 'ema_trend_slow': 196, 'en_sma_trend': False, 'sma_trend_fast': 141, 'sma_trend_slow': 396, 'en_macd': False, 'macd_fast': 56, 'macd_slow': 47, 'macd_signal': 10, 'en_vwap': False, 'en_keltner': True, 'keltner_n': 177, 'keltner_m': 1.0, 'en_obv': True, 'obv_slope': 162, 'en_cci': False, 'cci_n': 125, 'cci_threshold': 280, 'en_rsi': True, 'rsi_n': 49, 'rsi_lower': 41, 'rsi_upper': 95, 'en_stochastic': True, 'stochastic_n': 25, 'stochastic_d': 3, 'stochastic_lower': 3, 'stochastic_upper': 97, 'en_mfi': True, 'mfi_n': 65, 'mfi_lower': 20, 'mfi_upper': 74, 'en_bollinger': False, 'bollinger_n': 186, 'bollinger_k': 4.7, 'en_adx': True, 'adx_n': 19, 'adx_threshold': 12, 'en_structure_trend': False, 'structure_trend_swing_l': 8, 'en_order_block': False, 'order_block_swing_l': 1, 'en_fvg': False, 'fvg_lookback': 29, 'en_ifvg': False, 'en_breaker': True, 'breaker_swing_l': 8, 'en_cisd': True, 'k': 3, 'en_cap_bars': True, 'cap_1min': 272}.
[I 2026-07-13 17:11:35,343] Trial 536 finished with values: [-212.35304772794734, -498.85290926404195, 26.950000000000003] and parameters: {'sl_soft': 1.3416386676404197, 'sl_hard_delta': 0.05257236390156471, 'tp': 2.570841098597147, 'gate_pct': 97.52011350142476, 'dd_limit': 60.80016338531003, 'cooldown': 13, 'flip': True, 'en_ema_trend': False, 'ema_trend_fast': 269, 'ema_trend_slow': 192, 'en_sma_trend': False, 'sma_trend_fast': 232, 'sma_trend_slow': 138, 'en_macd': False, 'macd_fast': 98, 'macd_slow': 21, 'macd_signal': 9, 'en_vwap': False, 'en_keltner': True, 'keltner_n': 160, 'keltner_m': 3.9000000000000004, 'en_obv': True, 'obv_slope': 107, 'en_cci': False, 'cci_n': 125, 'cci_threshold': 30, 'en_rsi': True, 'rsi_n': 15, 'rsi_lower': 29, 'rsi_upper': 90, 'en_stochastic': False, 'stochastic_n': 89, 'stochastic_d': 3, 'stochastic_lower': 28, 'stochastic_upper': 91, 'en_mfi': False, 'mfi_n': 97, 'mfi_lower': 7, 'mfi_upper': 88, 'en_bollinger': False, 'bollinger_n': 9, 'bollinger_k': 0.5, 'en_adx': False, 'adx_n': 32, 'adx_threshold': 6, 'en_structure_trend': True, 'structure_trend_swing_l': 11, 'en_order_block': True, 'order_block_swing_l': 9, 'en_fvg': False, 'fvg_lookback': 50, 'en_ifvg': True, 'en_breaker': False, 'breaker_swing_l': 1, 'en_cisd': False, 'k': 1, 'en_cap_bars': True, 'cap_1min': 689}.
[I 2026-07-13 17:11:35,627] Trial 537 finished with values: [77.02471714391095, -245.00000000000455, 56.25] and parameters: {'sl_soft': 1.2773480286121837, 'sl_hard_delta': 4.058024856198353, 'tp': 1.5101235857196516, 'gate_pct': 38.288168518848806, 'dd_limit': 194.16824967892094, 'cooldown': 8, 'flip': True, 'en_ema_trend': False, 'ema_trend_fast': 343, 'ema_trend_slow': 54, 'en_sma_trend': True, 'sma_trend_fast': 347, 'sma_trend_slow': 324, 'en_macd': False, 'macd_fast': 35, 'macd_slow': 132, 'macd_signal': 28, 'en_vwap': True, 'en_keltner': True, 'keltner_n': 164, 'keltner_m': 1.6, 'en_obv': False, 'obv_slope': 96, 'en_cci': True, 'cci_n': 162, 'cci_threshold': 260, 'en_rsi': False, 'rsi_n': 16, 'rsi_lower': 36, 'rsi_upper': 67, 'en_stochastic': True, 'stochastic_n': 21, 'stochastic_d': 18, 'stochastic_lower': 13, 'stochastic_upper': 90, 'en_mfi': False, 'mfi_n': 12, 'mfi_lower': 8, 'mfi_upper': 98, 'en_bollinger': False, 'bollinger_n': 186, 'bollinger_k': 4.0, 'en_adx': False, 'adx_n': 11, 'adx_threshold': 31, 'en_structure_trend': False, 'structure_trend_swing_l': 10, 'en_order_block': False, 'order_block_swing_l': 13, 'en_fvg': False, 'fvg_lookback': 43, 'en_ifvg': True, 'en_breaker': True, 'breaker_swing_l': 10, 'en_cisd': True, 'k': 5, 'en_cap_bars': True, 'cap_1min': 461}.
[I 2026-07-13 17:11:36,775] Trial 538 pruned. 
[I 2026-07-13 17:11:37,075] Trial 539 pruned. 
[I 2026-07-13 17:11:37,990] Trial 540 pruned. 
[I 2026-07-13 17:11:39,107] Trial 541 finished with values: [205.6775474639835, -712.4669841070272, 58.45] and parameters: {'sl_soft': 3.0753791326704585, 'sl_hard_delta': 2.0141688862276554, 'tp': 3.035052084189462, 'gate_pct': 79.12027635095406, 'dd_limit': 434.8338936907749, 'cooldown': 12, 'flip': True, 'en_ema_trend': False, 'ema_trend_fast': 55, 'ema_trend_slow': 316, 'en_sma_trend': True, 'sma_trend_fast': 142, 'sma_trend_slow': 242, 'en_macd': False, 'macd_fast': 69, 'macd_slow': 79, 'macd_signal': 86, 'en_vwap': False, 'en_keltner': True, 'keltner_n': 3, 'keltner_m': 1.7000000000000002, 'en_obv': False, 'obv_slope': 188, 'en_cci': False, 'cci_n': 198, 'cci_threshold': 170, 'en_rsi': True, 'rsi_n': 77, 'rsi_lower': 46, 'rsi_upper': 86, 'en_stochastic': False, 'stochastic_n': 75, 'stochastic_d': 9, 'stochastic_lower': 36, 'stochastic_upper': 88, 'en_mfi': False, 'mfi_n': 92, 'mfi_lower': 13, 'mfi_upper': 61, 'en_bollinger': False, 'bollinger_n': 96, 'bollinger_k': 2.6, 'en_adx': True, 'adx_n': 56, 'adx_threshold': 7, 'en_structure_trend': False, 'structure_trend_swing_l': 19, 'en_order_block': False, 'order_block_swing_l': 11, 'en_fvg': True, 'fvg_lookback': 24, 'en_ifvg': True, 'en_breaker': True, 'breaker_swing_l': 15, 'en_cisd': True, 'k': 3, 'en_cap_bars': True, 'cap_1min': 652}.
[I 2026-07-13 17:11:41,149] Trial 542 pruned. 
[I 2026-07-13 17:11:42,380] Trial 543 pruned. 
[I 2026-07-13 17:11:49,498] Trial 544 finished with values: [254.68539154958307, -239.5545994972963, 47.2] and parameters: {'sl_soft': 0.7459429677562495, 'sl_hard_delta': 0.05257236390156471, 'tp': 1.1926865856558302, 'gate_pct': 79.12027635095406, 'dd_limit': 143.75886034970398, 'cooldown': 12, 'flip': True, 'en_ema_trend': False, 'ema_trend_fast': 317, 'ema_trend_slow': 34, 'en_sma_trend': True, 'sma_trend_fast': 221, 'sma_trend_slow': 307, 'en_macd': True, 'macd_fast': 80, 'macd_slow': 18, 'macd_signal': 9, 'en_vwap': False, 'en_keltner': True, 'keltner_n': 3, 'keltner_m': 4.6000000000000005, 'en_obv': True, 'obv_slope': 110, 'en_cci': True, 'cci_n': 125, 'cci_threshold': 85, 'en_rsi': True, 'rsi_n': 52, 'rsi_lower': 46, 'rsi_upper': 88, 'en_stochastic': True, 'stochastic_n': 40, 'stochastic_d': 33, 'stochastic_lower': 3, 'stochastic_upper': 88, 'en_mfi': False, 'mfi_n': 92, 'mfi_lower': 1, 'mfi_upper': 86, 'en_bollinger': False, 'bollinger_n': 194, 'bollinger_k': 3.8000000000000003, 'en_adx': False, 'adx_n': 32, 'adx_threshold': 7, 'en_structure_trend': True, 'structure_trend_swing_l': 8, 'en_order_block': False, 'order_block_swing_l': 20, 'en_fvg': False, 'fvg_lookback': 29, 'en_ifvg': False, 'en_breaker': False, 'breaker_swing_l': 5, 'en_cisd': True, 'k': 1, 'en_cap_bars': True, 'cap_1min': 1298}.
[I 2026-07-13 17:11:55,160] Trial 545 finished with values: [132.73698304089976, -368.7052024741206, 57.35] and parameters: {'sl_soft': 1.3416386676404197, 'sl_hard_delta': 0.05257236390156471, 'tp': 1.1926865856558302, 'gate_pct': 73.0036735816267, 'dd_limit': 390.2569167971573, 'cooldown': 13, 'flip': True, 'en_ema_trend': False, 'ema_trend_fast': 317, 'ema_trend_slow': 380, 'en_sma_trend': False, 'sma_trend_fast': 221, 'sma_trend_slow': 171, 'en_macd': False, 'macd_fast': 80, 'macd_slow': 47, 'macd_signal': 72, 'en_vwap': False, 'en_keltner': True, 'keltner_n': 3, 'keltner_m': 1.7000000000000002, 'en_obv': False, 'obv_slope': 56, 'en_cci': True, 'cci_n': 125, 'cci_threshold': 300, 'en_rsi': False, 'rsi_n': 71, 'rsi_lower': 28, 'rsi_upper': 82, 'en_stochastic': True, 'stochastic_n': 89, 'stochastic_d': 3, 'stochastic_lower': 48, 'stochastic_upper': 81, 'en_mfi': False, 'mfi_n': 97, 'mfi_lower': 14, 'mfi_upper': 86, 'en_bollinger': False, 'bollinger_n': 96, 'bollinger_k': 3.8000000000000003, 'en_adx': True, 'adx_n': 56, 'adx_threshold': 7, 'en_structure_trend': True, 'structure_trend_swing_l': 7, 'en_order_block': False, 'order_block_swing_l': 15, 'en_fvg': False, 'fvg_lookback': 29, 'en_ifvg': False, 'en_breaker': False, 'breaker_swing_l': 17, 'en_cisd': True, 'k': 1, 'en_cap_bars': False, 'cap_1min': 272}.
[I 2026-07-13 17:11:56,077] Trial 546 finished with values: [-172.50467392683504, -775.0000000000114, 19.65] and parameters: {'sl_soft': 1.0063442051374751, 'sl_hard_delta': 4.226325311270573, 'tp': 5.599937680975634, 'gate_pct': 76.97662112798537, 'dd_limit': 133.93255991555952, 'cooldown': 14, 'flip': True, 'en_ema_trend': True, 'ema_trend_fast': 196, 'ema_trend_slow': 17, 'en_sma_trend': False, 'sma_trend_fast': 45, 'sma_trend_slow': 307, 'en_macd': False, 'macd_fast': 25, 'macd_slow': 5, 'macd_signal': 92, 'en_vwap': False, 'en_keltner': False, 'keltner_n': 142, 'keltner_m': 4.6000000000000005, 'en_obv': True, 'obv_slope': 108, 'en_cci': True, 'cci_n': 40, 'cci_threshold': 170, 'en_rsi': False, 'rsi_n': 10, 'rsi_lower': 28, 'rsi_upper': 73, 'en_stochastic': False, 'stochastic_n': 75, 'stochastic_d': 40, 'stochastic_lower': 48, 'stochastic_upper': 81, 'en_mfi': True, 'mfi_n': 96, 'mfi_lower': 49, 'mfi_upper': 64, 'en_bollinger': False, 'bollinger_n': 181, 'bollinger_k': 3.0, 'en_adx': True, 'adx_n': 18, 'adx_threshold': 12, 'en_structure_trend': False, 'structure_trend_swing_l': 5, 'en_order_block': False, 'order_block_swing_l': 3, 'en_fvg': True, 'fvg_lookback': 28, 'en_ifvg': False, 'en_breaker': True, 'breaker_swing_l': 6, 'en_cisd': True, 'k': 2, 'en_cap_bars': True, 'cap_1min': 846}.
[I 2026-07-13 17:12:02,800] Trial 547 finished with values: [-62.20984814009398, -512.0255134537956, 42.5] and parameters: {'sl_soft': 1.3416386676404197, 'sl_hard_delta': 1.0336497817025352, 'tp': 2.034778180267182, 'gate_pct': 54.8778799805964, 'dd_limit': 390.2569167971573, 'cooldown': 4, 'flip': True, 'en_ema_trend': False, 'ema_trend_fast': 317, 'ema_trend_slow': 192, 'en_sma_trend': False, 'sma_trend_fast': 232, 'sma_trend_slow': 171, 'en_macd': False, 'macd_fast': 98, 'macd_slow': 180, 'macd_signal': 92, 'en_vwap': False, 'en_keltner': False, 'keltner_n': 160, 'keltner_m': 3.1, 'en_obv': True, 'obv_slope': 60, 'en_cci': False, 'cci_n': 23, 'cci_threshold': 30, 'en_rsi': False, 'rsi_n': 10, 'rsi_lower': 29, 'rsi_upper': 90, 'en_stochastic': True, 'stochastic_n': 67, 'stochastic_d': 3, 'stochastic_lower': 28, 'stochastic_upper': 91, 'en_mfi': True, 'mfi_n': 96, 'mfi_lower': 8, 'mfi_upper': 88, 'en_bollinger': True, 'bollinger_n': 9, 'bollinger_k': 0.5, 'en_adx': False, 'adx_n': 18, 'adx_threshold': 32, 'en_structure_trend': False, 'structure_trend_swing_l': 19, 'en_order_block': True, 'order_block_swing_l': 7, 'en_fvg': False, 'fvg_lookback': 19, 'en_ifvg': False, 'en_breaker': True, 'breaker_swing_l': 20, 'en_cisd': False, 'k': 2, 'en_cap_bars': True, 'cap_1min': 914}.
[I 2026-07-13 17:12:03,070] Trial 548 pruned. 
[I 2026-07-13 17:12:03,433] Trial 549 finished with values: [-132.03351670111374, -695.0000000000159, 25.0] and parameters: {'sl_soft': 1.0063442051374751, 'sl_hard_delta': 4.474497910710611, 'tp': 5.599937680975634, 'gate_pct': 54.8778799805964, 'dd_limit': 390.2569167971573, 'cooldown': 9, 'flip': True, 'en_ema_trend': True, 'ema_trend_fast': 317, 'ema_trend_slow': 38, 'en_sma_trend': False, 'sma_trend_fast': 68, 'sma_trend_slow': 218, 'en_macd': False, 'macd_fast': 25, 'macd_slow': 47, 'macd_signal': 9, 'en_vwap': False, 'en_keltner': False, 'keltner_n': 116, 'keltner_m': 1.8, 'en_obv': True, 'obv_slope': 110, 'en_cci': True, 'cci_n': 176, 'cci_threshold': 40, 'en_rsi': True, 'rsi_n': 10, 'rsi_lower': 41, 'rsi_upper': 82, 'en_stochastic': False, 'stochastic_n': 97, 'stochastic_d': 47, 'stochastic_lower': 48, 'stochastic_upper': 77, 'en_mfi': True, 'mfi_n': 97, 'mfi_lower': 45, 'mfi_upper': 86, 'en_bollinger': False, 'bollinger_n': 115, 'bollinger_k': 2.5, 'en_adx': False, 'adx_n': 18, 'adx_threshold': 32, 'en_structure_trend': False, 'structure_trend_swing_l': 11, 'en_order_block': True, 'order_block_swing_l': 6, 'en_fvg': True, 'fvg_lookback': 50, 'en_ifvg': False, 'en_breaker': False, 'breaker_swing_l': 17, 'en_cisd': True, 'k': 1, 'en_cap_bars': True, 'cap_1min': 272}.
[I 2026-07-13 17:12:04,021] Trial 550 finished with values: [151.6610321243661, -284.49604301299587, 45.95] and parameters: {'sl_soft': 1.3416386676404197, 'sl_hard_delta': 0.05257236390156471, 'tp': 2.034778180267182, 'gate_pct': 38.288168518848806, 'dd_limit': 194.16824967892094, 'cooldown': 8, 'flip': True, 'en_ema_trend': False, 'ema_trend_fast': 343, 'ema_trend_slow': 54, 'en_sma_trend': True, 'sma_trend_fast': 112, 'sma_trend_slow': 171, 'en_macd': False, 'macd_fast': 80, 'macd_slow': 47, 'macd_signal': 9, 'en_vwap': False, 'en_keltner': False, 'keltner_n': 164, 'keltner_m': 1.8, 'en_obv': False, 'obv_slope': 110, 'en_cci': True, 'cci_n': 162, 'cci_threshold': 260, 'en_rsi': False, 'rsi_n': 15, 'rsi_lower': 36, 'rsi_upper': 67, 'en_stochastic': True, 'stochastic_n': 39, 'stochastic_d': 18, 'stochastic_lower': 2, 'stochastic_upper': 77, 'en_mfi': False, 'mfi_n': 97, 'mfi_lower': 8, 'mfi_upper': 86, 'en_bollinger': False, 'bollinger_n': 186, 'bollinger_k': 3.8000000000000003, 'en_adx': False, 'adx_n': 17, 'adx_threshold': 6, 'en_structure_trend': False, 'structure_trend_swing_l': 11, 'en_order_block': True, 'order_block_swing_l': 13, 'en_fvg': False, 'fvg_lookback': 43, 'en_ifvg': False, 'en_breaker': False, 'breaker_swing_l': 10, 'en_cisd': False, 'k': 1, 'en_cap_bars': True, 'cap_1min': 272}.
[I 2026-07-13 17:12:10,062] Trial 551 finished with values: [41.66821971944046, -1340.8317802805414, 63.35] and parameters: {'sl_soft': 3.398298896849534, 'sl_hard_delta': 4.058024856198353, 'tp': 2.570841098597147, 'gate_pct': 63.90528592947753, 'dd_limit': 60.80016338531003, 'cooldown': 4, 'flip': True, 'en_ema_trend': False, 'ema_trend_fast': 159, 'ema_trend_slow': 54, 'en_sma_trend': True, 'sma_trend_fast': 362, 'sma_trend_slow': 138, 'en_macd': False, 'macd_fast': 35, 'macd_slow': 21, 'macd_signal': 28, 'en_vwap': False, 'en_keltner': True, 'keltner_n': 164, 'keltner_m': 1.7000000000000002, 'en_obv': False, 'obv_slope': 96, 'en_cci': False, 'cci_n': 184, 'cci_threshold': 105, 'en_rsi': False, 'rsi_n': 9, 'rsi_lower': 29, 'rsi_upper': 90, 'en_stochastic': True, 'stochastic_n': 67, 'stochastic_d': 3, 'stochastic_lower': 47, 'stochastic_upper': 90, 'en_mfi': False, 'mfi_n': 41, 'mfi_lower': 8, 'mfi_upper': 88, 'en_bollinger': True, 'bollinger_n': 9, 'bollinger_k': 3.8000000000000003, 'en_adx': False, 'adx_n': 11, 'adx_threshold': 31, 'en_structure_trend': False, 'structure_trend_swing_l': 5, 'en_order_block': True, 'order_block_swing_l': 7, 'en_fvg': False, 'fvg_lookback': 43, 'en_ifvg': True, 'en_breaker': False, 'breaker_swing_l': 1, 'en_cisd': True, 'k': 3, 'en_cap_bars': True, 'cap_1min': 583}.
[I 2026-07-13 17:12:10,479] Trial 552 finished with values: [422.72262703868364, -813.0633677386186, 67.45] and parameters: {'sl_soft': 2.9453095336340143, 'sl_hard_delta': 1.0336497817025352, 'tp': 2.275610591236818, 'gate_pct': 97.52011350142476, 'dd_limit': 286.19890104939805, 'cooldown': 4, 'flip': True, 'en_ema_trend': False, 'ema_trend_fast': 269, 'ema_trend_slow': 380, 'en_sma_trend': True, 'sma_trend_fast': 232, 'sma_trend_slow': 307, 'en_macd': False, 'macd_fast': 60, 'macd_slow': 5, 'macd_signal': 24, 'en_vwap': False, 'en_keltner': False, 'keltner_n': 3, 'keltner_m': 4.6000000000000005, 'en_obv': True, 'obv_slope': 56, 'en_cci': True, 'cci_n': 23, 'cci_threshold': 220, 'en_rsi': False, 'rsi_n': 9, 'rsi_lower': 29, 'rsi_upper': 73, 'en_stochastic': False, 'stochastic_n': 100, 'stochastic_d': 3, 'stochastic_lower': 28, 'stochastic_upper': 91, 'en_mfi': False, 'mfi_n': 41, 'mfi_lower': 8, 'mfi_upper': 88, 'en_bollinger': False, 'bollinger_n': 9, 'bollinger_k': 0.5, 'en_adx': False, 'adx_n': 62, 'adx_threshold': 11, 'en_structure_trend': False, 'structure_trend_swing_l': 7, 'en_order_block': True, 'order_block_swing_l': 7, 'en_fvg': False, 'fvg_lookback': 28, 'en_ifvg': True, 'en_breaker': False, 'breaker_swing_l': 6, 'en_cisd': True, 'k': 4, 'en_cap_bars': True, 'cap_1min': 1263}.
