[I 2026-07-13 16:49:46,140] Trial 322 finished with values: [497.8306011396626, -4565.000000000033, 35.9] and parameters: {'sl_soft': 8.655409129598471, 'sl_hard_delta': 13.87946528657071, 'tp': 19.86264480911739, 'gate_pct': 52.57115913414096, 'dd_limit': 335.91144603893065, 'cooldown': 1, 'flip': False, 'en_ema_trend': False, 'ema_trend_fast': 250, 'ema_trend_slow': 301, 'en_sma_trend': False, 'sma_trend_fast': 173, 'sma_trend_slow': 229, 'en_macd': False, 'macd_fast': 73, 'macd_slow': 109, 'macd_signal': 18, 'en_vwap': False, 'en_keltner': False, 'keltner_n': 200, 'keltner_m': 2.2, 'en_obv': False, 'obv_slope': 186, 'en_cci': False, 'cci_n': 184, 'cci_threshold': 45, 'en_rsi': True, 'rsi_n': 67, 'rsi_lower': 6, 'rsi_upper': 82, 'en_stochastic': True, 'stochastic_n': 85, 'stochastic_d': 18, 'stochastic_lower': 4, 'stochastic_upper': 97, 'en_mfi': False, 'mfi_n': 49, 'mfi_lower': 28, 'mfi_upper': 93, 'en_bollinger': False, 'bollinger_n': 63, 'bollinger_k': 1.6, 'en_adx': False, 'adx_n': 88, 'adx_threshold': 55, 'en_structure_trend': False, 'structure_trend_swing_l': 5, 'en_order_block': True, 'order_block_swing_l': 4, 'en_fvg': False, 'fvg_lookback': 48, 'en_ifvg': True, 'en_breaker': True, 'breaker_swing_l': 7, 'en_cisd': False, 'k': 1, 'en_cap_bars': True, 'cap_1min': 1249}.
[I 2026-07-13 16:49:48,109] Trial 323 finished with values: [-2874.254581406626, -11529.96752345757, 45.25] and parameters: {'sl_soft': 14.257179988175142, 'sl_hard_delta': 20.294948622898286, 'tp': 19.4690972677406, 'gate_pct': 98.24909449748954, 'dd_limit': 324.55645790818636, 'cooldown': 1, 'flip': False, 'en_ema_trend': True, 'ema_trend_fast': 174, 'ema_trend_slow': 150, 'en_sma_trend': False, 'sma_trend_fast': 109, 'sma_trend_slow': 231, 'en_macd': True, 'macd_fast': 6, 'macd_slow': 172, 'macd_signal': 94, 'en_vwap': True, 'en_keltner': False, 'keltner_n': 129, 'keltner_m': 1.7000000000000002, 'en_obv': True, 'obv_slope': 141, 'en_cci': False, 'cci_n': 188, 'cci_threshold': 115, 'en_rsi': False, 'rsi_n': 67, 'rsi_lower': 8, 'rsi_upper': 86, 'en_stochastic': False, 'stochastic_n': 27, 'stochastic_d': 30, 'stochastic_lower': 12, 'stochastic_upper': 86, 'en_mfi': False, 'mfi_n': 10, 'mfi_lower': 17, 'mfi_upper': 85, 'en_bollinger': True, 'bollinger_n': 20, 'bollinger_k': 3.8000000000000003, 'en_adx': False, 'adx_n': 20, 'adx_threshold': 30, 'en_structure_trend': True, 'structure_trend_swing_l': 15, 'en_order_block': False, 'order_block_swing_l': 12, 'en_fvg': True, 'fvg_lookback': 23, 'en_ifvg': True, 'en_breaker': True, 'breaker_swing_l': 16, 'en_cisd': False, 'k': 1, 'en_cap_bars': True, 'cap_1min': 929}.
[I 2026-07-13 16:49:49,505] Trial 324 pruned. 
[I 2026-07-13 16:49:51,634] Trial 325 finished with values: [305.92032992122995, -3895.6132949202583, 54.55] and parameters: {'sl_soft': 14.04448354353375, 'sl_hard_delta': 2.719794288036378, 'tp': 13.884003977721582, 'gate_pct': 94.70821660915905, 'dd_limit': 393.1730945240937, 'cooldown': 0, 'flip': False, 'en_ema_trend': True, 'ema_trend_fast': 324, 'ema_trend_slow': 64, 'en_sma_trend': True, 'sma_trend_fast': 345, 'sma_trend_slow': 120, 'en_macd': False, 'macd_fast': 47, 'macd_slow': 118, 'macd_signal': 82, 'en_vwap': True, 'en_keltner': False, 'keltner_n': 155, 'keltner_m': 1.6, 'en_obv': False, 'obv_slope': 2, 'en_cci': True, 'cci_n': 110, 'cci_threshold': 195, 'en_rsi': True, 'rsi_n': 63, 'rsi_lower': 32, 'rsi_upper': 89, 'en_stochastic': False, 'stochastic_n': 11, 'stochastic_d': 11, 'stochastic_lower': 13, 'stochastic_upper': 93, 'en_mfi': False, 'mfi_n': 43, 'mfi_lower': 19, 'mfi_upper': 67, 'en_bollinger': False, 'bollinger_n': 83, 'bollinger_k': 0.5, 'en_adx': False, 'adx_n': 7, 'adx_threshold': 55, 'en_structure_trend': False, 'structure_trend_swing_l': 17, 'en_order_block': True, 'order_block_swing_l': 3, 'en_fvg': False, 'fvg_lookback': 19, 'en_ifvg': False, 'en_breaker': False, 'breaker_swing_l': 11, 'en_cisd': False, 'k': 3, 'en_cap_bars': True, 'cap_1min': 914}.
[I 2026-07-13 16:49:51,872] Trial 326 pruned. 
[I 2026-07-13 16:49:59,162] Trial 327 finished with values: [2905.7270371595678, -4683.106653379355, 55.650000000000006] and parameters: {'sl_soft': 13.106247429258882, 'sl_hard_delta': 3.4116182846634375, 'tp': 14.418933466206207, 'gate_pct': 90.0783114706916, 'dd_limit': 162.39650823726745, 'cooldown': 1, 'flip': False, 'en_ema_trend': True, 'ema_trend_fast': 324, 'ema_trend_slow': 301, 'en_sma_trend': True, 'sma_trend_fast': 95, 'sma_trend_slow': 229, 'en_macd': False, 'macd_fast': 47, 'macd_slow': 109, 'macd_signal': 59, 'en_vwap': True, 'en_keltner': False, 'keltner_n': 154, 'keltner_m': 1.6, 'en_obv': True, 'obv_slope': 186, 'en_cci': False, 'cci_n': 110, 'cci_threshold': 195, 'en_rsi': True, 'rsi_n': 63, 'rsi_lower': 18, 'rsi_upper': 82, 'en_stochastic': True, 'stochastic_n': 3, 'stochastic_d': 42, 'stochastic_lower': 13, 'stochastic_upper': 97, 'en_mfi': False, 'mfi_n': 67, 'mfi_lower': 28, 'mfi_upper': 90, 'en_bollinger': False, 'bollinger_n': 83, 'bollinger_k': 1.6, 'en_adx': False, 'adx_n': 88, 'adx_threshold': 55, 'en_structure_trend': False, 'structure_trend_swing_l': 10, 'en_order_block': False, 'order_block_swing_l': 3, 'en_fvg': False, 'fvg_lookback': 48, 'en_ifvg': False, 'en_breaker': False, 'breaker_swing_l': 1, 'en_cisd': False, 'k': 3, 'en_cap_bars': True, 'cap_1min': 914}.
[I 2026-07-13 16:50:00,639] Trial 328 finished with values: [4103.611290111013, -3212.880962135023, 51.75] and parameters: {'sl_soft': 12.635376690751764, 'sl_hard_delta': 2.3271816191076544, 'tp': 21.8337486885096, 'gate_pct': 81.43219065749138, 'dd_limit': 390.2087279618219, 'cooldown': 0, 'flip': False, 'en_ema_trend': True, 'ema_trend_fast': 177, 'ema_trend_slow': 196, 'en_sma_trend': False, 'sma_trend_fast': 128, 'sma_trend_slow': 396, 'en_macd': False, 'macd_fast': 56, 'macd_slow': 150, 'macd_signal': 13, 'en_vwap': False, 'en_keltner': True, 'keltner_n': 43, 'keltner_m': 3.9000000000000004, 'en_obv': True, 'obv_slope': 54, 'en_cci': True, 'cci_n': 87, 'cci_threshold': 290, 'en_rsi': False, 'rsi_n': 39, 'rsi_lower': 38, 'rsi_upper': 95, 'en_stochastic': False, 'stochastic_n': 97, 'stochastic_d': 31, 'stochastic_lower': 47, 'stochastic_upper': 97, 'en_mfi': True, 'mfi_n': 65, 'mfi_lower': 23, 'mfi_upper': 74, 'en_bollinger': False, 'bollinger_n': 78, 'bollinger_k': 4.7, 'en_adx': False, 'adx_n': 19, 'adx_threshold': 12, 'en_structure_trend': False, 'structure_trend_swing_l': 19, 'en_order_block': False, 'order_block_swing_l': 17, 'en_fvg': True, 'fvg_lookback': 7, 'en_ifvg': False, 'en_breaker': False, 'breaker_swing_l': 18, 'en_cisd': True, 'k': 3, 'en_cap_bars': False, 'cap_1min': 412}.
[I 2026-07-13 16:50:00,879] Trial 329 finished with values: [1906.7497377019436, -2248.31256557452, 51.3] and parameters: {'sl_soft': 12.635376690751764, 'sl_hard_delta': 2.3271816191076544, 'tp': 21.8337486885096, 'gate_pct': 81.43219065749138, 'dd_limit': 390.2087279618219, 'cooldown': 0, 'flip': False, 'en_ema_trend': True, 'ema_trend_fast': 177, 'ema_trend_slow': 381, 'en_sma_trend': True, 'sma_trend_fast': 29, 'sma_trend_slow': 144, 'en_macd': True, 'macd_fast': 49, 'macd_slow': 149, 'macd_signal': 13, 'en_vwap': True, 'en_keltner': True, 'keltner_n': 17, 'keltner_m': 4.5, 'en_obv': True, 'obv_slope': 54, 'en_cci': True, 'cci_n': 87, 'cci_threshold': 290, 'en_rsi': False, 'rsi_n': 39, 'rsi_lower': 15, 'rsi_upper': 71, 'en_stochastic': True, 'stochastic_n': 97, 'stochastic_d': 40, 'stochastic_lower': 17, 'stochastic_upper': 72, 'en_mfi': True, 'mfi_n': 11, 'mfi_lower': 23, 'mfi_upper': 57, 'en_bollinger': False, 'bollinger_n': 78, 'bollinger_k': 1.1, 'en_adx': False, 'adx_n': 33, 'adx_threshold': 21, 'en_structure_trend': False, 'structure_trend_swing_l': 19, 'en_order_block': False, 'order_block_swing_l': 17, 'en_fvg': False, 'fvg_lookback': 30, 'en_ifvg': True, 'en_breaker': False, 'breaker_swing_l': 5, 'en_cisd': True, 'k': 5, 'en_cap_bars': False, 'cap_1min': 1332}.
[I 2026-07-13 16:50:01,857] Trial 330 pruned. 
[I 2026-07-13 16:50:05,125] Trial 331 pruned. 
[I 2026-07-13 16:50:06,117] Trial 332 pruned. 
[I 2026-07-13 16:50:06,451] Trial 333 finished with values: [-1009.1861681386717, -5486.794579792331, 56.0] and parameters: {'sl_soft': 14.054720888353158, 'sl_hard_delta': 4.303358274843207, 'tp': 9.893422243514951, 'gate_pct': 97.52011350142476, 'dd_limit': 60.80016338531003, 'cooldown': 0, 'flip': True, 'en_ema_trend': False, 'ema_trend_fast': 269, 'ema_trend_slow': 192, 'en_sma_trend': True, 'sma_trend_fast': 232, 'sma_trend_slow': 138, 'en_macd': False, 'macd_fast': 98, 'macd_slow': 21, 'macd_signal': 24, 'en_vwap': False, 'en_keltner': True, 'keltner_n': 160, 'keltner_m': 3.9000000000000004, 'en_obv': True, 'obv_slope': 107, 'en_cci': False, 'cci_n': 23, 'cci_threshold': 105, 'en_rsi': False, 'rsi_n': 9, 'rsi_lower': 29, 'rsi_upper': 90, 'en_stochastic': False, 'stochastic_n': 67, 'stochastic_d': 3, 'stochastic_lower': 36, 'stochastic_upper': 91, 'en_mfi': True, 'mfi_n': 41, 'mfi_lower': 8, 'mfi_upper': 88, 'en_bollinger': True, 'bollinger_n': 9, 'bollinger_k': 0.5, 'en_adx': False, 'adx_n': 32, 'adx_threshold': 11, 'en_structure_trend': True, 'structure_trend_swing_l': 19, 'en_order_block': True, 'order_block_swing_l': 7, 'en_fvg': False, 'fvg_lookback': 34, 'en_ifvg': True, 'en_breaker': False, 'breaker_swing_l': 1, 'en_cisd': False, 'k': 4, 'en_cap_bars': True, 'cap_1min': 689}.
[I 2026-07-13 16:50:08,481] Trial 334 pruned. 
[I 2026-07-13 16:50:10,392] Trial 335 pruned. 
[I 2026-07-13 16:50:11,694] Trial 336 finished with values: [-1553.6041373183593, -6072.9226891972985, 24.55] and parameters: {'sl_soft': 4.319260422320905, 'sl_hard_delta': 10.579832570848978, 'tp': 16.713546403075007, 'gate_pct': 98.24909449748954, 'dd_limit': 388.6442032455649, 'cooldown': 1, 'flip': False, 'en_ema_trend': False, 'ema_trend_fast': 282, 'ema_trend_slow': 334, 'en_sma_trend': False, 'sma_trend_fast': 268, 'sma_trend_slow': 29, 'en_macd': False, 'macd_fast': 88, 'macd_slow': 172, 'macd_signal': 24, 'en_vwap': True, 'en_keltner': False, 'keltner_n': 46, 'keltner_m': 0.9, 'en_obv': True, 'obv_slope': 47, 'en_cci': True, 'cci_n': 188, 'cci_threshold': 45, 'en_rsi': False, 'rsi_n': 6, 'rsi_lower': 8, 'rsi_upper': 86, 'en_stochastic': False, 'stochastic_n': 86, 'stochastic_d': 14, 'stochastic_lower': 40, 'stochastic_upper': 72, 'en_mfi': False, 'mfi_n': 7, 'mfi_lower': 13, 'mfi_upper': 85, 'en_bollinger': True, 'bollinger_n': 35, 'bollinger_k': 2.7, 'en_adx': False, 'adx_n': 35, 'adx_threshold': 20, 'en_structure_trend': True, 'structure_trend_swing_l': 4, 'en_order_block': False, 'order_block_swing_l': 12, 'en_fvg': False, 'fvg_lookback': 31, 'en_ifvg': True, 'en_breaker': True, 'breaker_swing_l': 15, 'en_cisd': False, 'k': 4, 'en_cap_bars': True, 'cap_1min': 929}.
[I 2026-07-13 16:50:11,956] Trial 337 finished with values: [-747.1816507011567, -2622.3408253505568, 56.45] and parameters: {'sl_soft': 14.04448354353375, 'sl_hard_delta': 10.96204819892103, 'tp': 11.05106116432963, 'gate_pct': 86.86001597008706, 'dd_limit': 468.96228685784826, 'cooldown': 1, 'flip': False, 'en_ema_trend': False, 'ema_trend_fast': 238, 'ema_trend_slow': 64, 'en_sma_trend': False, 'sma_trend_fast': 345, 'sma_trend_slow': 134, 'en_macd': False, 'macd_fast': 56, 'macd_slow': 200, 'macd_signal': 82, 'en_vwap': True, 'en_keltner': True, 'keltner_n': 183, 'keltner_m': 2.5, 'en_obv': True, 'obv_slope': 162, 'en_cci': False, 'cci_n': 51, 'cci_threshold': 265, 'en_rsi': False, 'rsi_n': 5, 'rsi_lower': 32, 'rsi_upper': 57, 'en_stochastic': False, 'stochastic_n': 50, 'stochastic_d': 12, 'stochastic_lower': 2, 'stochastic_upper': 69, 'en_mfi': False, 'mfi_n': 43, 'mfi_lower': 19, 'mfi_upper': 67, 'en_bollinger': False, 'bollinger_n': 155, 'bollinger_k': 3.9000000000000004, 'en_adx': False, 'adx_n': 11, 'adx_threshold': 20, 'en_structure_trend': True, 'structure_trend_swing_l': 1, 'en_order_block': True, 'order_block_swing_l': 12, 'en_fvg': True, 'fvg_lookback': 19, 'en_ifvg': True, 'en_breaker': True, 'breaker_swing_l': 1, 'en_cisd': False, 'k': 4, 'en_cap_bars': True, 'cap_1min': 1287}.
[I 2026-07-13 16:50:12,918] Trial 338 finished with values: [-420.47760302085067, -2636.7787977771513, 47.2] and parameters: {'sl_soft': 9.352023339052161, 'sl_hard_delta': 15.108443656234416, 'tp': 9.70622275993588, 'gate_pct': 62.75122947526989, 'dd_limit': 383.02824156061456, 'cooldown': 1, 'flip': True, 'en_ema_trend': True, 'ema_trend_fast': 88, 'ema_trend_slow': 250, 'en_sma_trend': False, 'sma_trend_fast': 387, 'sma_trend_slow': 232, 'en_macd': False, 'macd_fast': 91, 'macd_slow': 116, 'macd_signal': 1, 'en_vwap': True, 'en_keltner': True, 'keltner_n': 73, 'keltner_m': 4.6000000000000005, 'en_obv': False, 'obv_slope': 186, 'en_cci': True, 'cci_n': 48, 'cci_threshold': 240, 'en_rsi': False, 'rsi_n': 8, 'rsi_lower': 49, 'rsi_upper': 87, 'en_stochastic': False, 'stochastic_n': 16, 'stochastic_d': 36, 'stochastic_lower': 2, 'stochastic_upper': 52, 'en_mfi': True, 'mfi_n': 55, 'mfi_lower': 28, 'mfi_upper': 92, 'en_bollinger': True, 'bollinger_n': 118, 'bollinger_k': 4.9, 'en_adx': False, 'adx_n': 81, 'adx_threshold': 11, 'en_structure_trend': False, 'structure_trend_swing_l': 13, 'en_order_block': False, 'order_block_swing_l': 19, 'en_fvg': True, 'fvg_lookback': 3, 'en_ifvg': True, 'en_breaker': False, 'breaker_swing_l': 1, 'en_cisd': True, 'k': 2, 'en_cap_bars': False, 'cap_1min': 884}.
[I 2026-07-13 16:50:13,643] Trial 339 finished with values: [1254.3938487101627, -1713.0760051673406, 54.15] and parameters: {'sl_soft': 9.524579611340311, 'sl_hard_delta': 10.96204819892103, 'tp': 15.625107706914944, 'gate_pct': 86.86001597008706, 'dd_limit': 11.276095451039913, 'cooldown': 1, 'flip': False, 'en_ema_trend': False, 'ema_trend_fast': 374, 'ema_trend_slow': 212, 'en_sma_trend': True, 'sma_trend_fast': 246, 'sma_trend_slow': 134, 'en_macd': False, 'macd_fast': 48, 'macd_slow': 36, 'macd_signal': 65, 'en_vwap': False, 'en_keltner': True, 'keltner_n': 183, 'keltner_m': 2.5, 'en_obv': False, 'obv_slope': 142, 'en_cci': False, 'cci_n': 24, 'cci_threshold': 265, 'en_rsi': False, 'rsi_n': 12, 'rsi_lower': 43, 'rsi_upper': 57, 'en_stochastic': True, 'stochastic_n': 19, 'stochastic_d': 12, 'stochastic_lower': 8, 'stochastic_upper': 69, 'en_mfi': True, 'mfi_n': 17, 'mfi_lower': 27, 'mfi_upper': 78, 'en_bollinger': True, 'bollinger_n': 151, 'bollinger_k': 3.9000000000000004, 'en_adx': False, 'adx_n': 73, 'adx_threshold': 20, 'en_structure_trend': True, 'structure_trend_swing_l': 18, 'en_order_block': True, 'order_block_swing_l': 19, 'en_fvg': True, 'fvg_lookback': 19, 'en_ifvg': False, 'en_breaker': False, 'breaker_swing_l': 10, 'en_cisd': False, 'k': 4, 'en_cap_bars': False, 'cap_1min': 1380}.
[I 2026-07-13 16:50:17,605] Trial 340 pruned. 
[I 2026-07-13 16:50:25,738] Trial 341 finished with values: [-173.6173544588155, -1435.0000000000136, 53.55] and parameters: {'sl_soft': 10.950817648626344, 'sl_hard_delta': 15.108443656234416, 'tp': 11.05106116432963, 'gate_pct': 87.76183461596052, 'dd_limit': 301.0960755637537, 'cooldown': 2, 'flip': True, 'en_ema_trend': False, 'ema_trend_fast': 266, 'ema_trend_slow': 65, 'en_sma_trend': False, 'sma_trend_fast': 177, 'sma_trend_slow': 134, 'en_macd': False, 'macd_fast': 97, 'macd_slow': 116, 'macd_signal': 1, 'en_vwap': False, 'en_keltner': True, 'keltner_n': 73, 'keltner_m': 2.5, 'en_obv': True, 'obv_slope': 186, 'en_cci': False, 'cci_n': 36, 'cci_threshold': 55, 'en_rsi': False, 'rsi_n': 25, 'rsi_lower': 43, 'rsi_upper': 87, 'en_stochastic': True, 'stochastic_n': 14, 'stochastic_d': 1, 'stochastic_lower': 2, 'stochastic_upper': 69, 'en_mfi': True, 'mfi_n': 55, 'mfi_lower': 28, 'mfi_upper': 90, 'en_bollinger': True, 'bollinger_n': 118, 'bollinger_k': 3.9000000000000004, 'en_adx': False, 'adx_n': 11, 'adx_threshold': 20, 'en_structure_trend': False, 'structure_trend_swing_l': 15, 'en_order_block': True, 'order_block_swing_l': 3, 'en_fvg': True, 'fvg_lookback': 19, 'en_ifvg': True, 'en_breaker': False, 'breaker_swing_l': 10, 'en_cisd': True, 'k': 4, 'en_cap_bars': True, 'cap_1min': 1072}.
[I 2026-07-13 16:50:26,505] Trial 342 pruned. 
[I 2026-07-13 16:50:28,120] Trial 343 pruned. 
[I 2026-07-13 16:50:30,135] Trial 344 finished with values: [602.8677702290906, -1529.9999999999727, 51.45] and parameters: {'sl_soft': 6.379005237364572, 'sl_hard_delta': 17.282590469325996, 'tp': 17.50735540458161, 'gate_pct': 70.9400490465145, 'dd_limit': 2.580224558094694, 'cooldown': 0, 'flip': True, 'en_ema_trend': True, 'ema_trend_fast': 344, 'ema_trend_slow': 280, 'en_sma_trend': False, 'sma_trend_fast': 331, 'sma_trend_slow': 228, 'en_macd': False, 'macd_fast': 40, 'macd_slow': 48, 'macd_signal': 86, 'en_vwap': False, 'en_keltner': False, 'keltner_n': 170, 'keltner_m': 2.2, 'en_obv': False, 'obv_slope': 165, 'en_cci': True, 'cci_n': 109, 'cci_threshold': 220, 'en_rsi': True, 'rsi_n': 94, 'rsi_lower': 39, 'rsi_upper': 69, 'en_stochastic': False, 'stochastic_n': 94, 'stochastic_d': 45, 'stochastic_lower': 2, 'stochastic_upper': 81, 'en_mfi': True, 'mfi_n': 35, 'mfi_lower': 25, 'mfi_upper': 85, 'en_bollinger': True, 'bollinger_n': 118, 'bollinger_k': 2.0, 'en_adx': False, 'adx_n': 90, 'adx_threshold': 27, 'en_structure_trend': False, 'structure_trend_swing_l': 7, 'en_order_block': True, 'order_block_swing_l': 19, 'en_fvg': True, 'fvg_lookback': 43, 'en_ifvg': True, 'en_breaker': True, 'breaker_swing_l': 8, 'en_cisd': False, 'k': 1, 'en_cap_bars': True, 'cap_1min': 208}.
[I 2026-07-13 16:50:37,748] Trial 345 finished with values: [-549.0170630334546, -2644.086505056225, 60.95] and parameters: {'sl_soft': 12.150548735644255, 'sl_hard_delta': 19.39511311334662, 'tp': 8.16393174786628, 'gate_pct': 97.49754431689279, 'dd_limit': 244.67886904838787, 'cooldown': 2, 'flip': True, 'en_ema_trend': True, 'ema_trend_fast': 77, 'ema_trend_slow': 44, 'en_sma_trend': True, 'sma_trend_fast': 161, 'sma_trend_slow': 321, 'en_macd': True, 'macd_fast': 13, 'macd_slow': 105, 'macd_signal': 84, 'en_vwap': True, 'en_keltner': False, 'keltner_n': 34, 'keltner_m': 3.3000000000000003, 'en_obv': True, 'obv_slope': 161, 'en_cci': False, 'cci_n': 2, 'cci_threshold': 205, 'en_rsi': True, 'rsi_n': 40, 'rsi_lower': 13, 'rsi_upper': 97, 'en_stochastic': True, 'stochastic_n': 53, 'stochastic_d': 19, 'stochastic_lower': 46, 'stochastic_upper': 85, 'en_mfi': False, 'mfi_n': 64, 'mfi_lower': 7, 'mfi_upper': 59, 'en_bollinger': True, 'bollinger_n': 188, 'bollinger_k': 1.8, 'en_adx': False, 'adx_n': 31, 'adx_threshold': 8, 'en_structure_trend': False, 'structure_trend_swing_l': 19, 'en_order_block': True, 'order_block_swing_l': 16, 'en_fvg': False, 'fvg_lookback': 20, 'en_ifvg': True, 'en_breaker': True, 'breaker_swing_l': 18, 'en_cisd': True, 'k': 5, 'en_cap_bars': False, 'cap_1min': 1017}.
[I 2026-07-13 16:50:44,277] Trial 346 finished with values: [-4299.634876769488, -8739.010183744096, 38.35] and parameters: {'sl_soft': 13.106247429258882, 'sl_hard_delta': 2.719794288036378, 'tp': 19.83750122789828, 'gate_pct': 90.0783114706916, 'dd_limit': 399.42561382419785, 'cooldown': 1, 'flip': True, 'en_ema_trend': True, 'ema_trend_fast': 385, 'ema_trend_slow': 349, 'en_sma_trend': True, 'sma_trend_fast': 253, 'sma_trend_slow': 346, 'en_macd': False, 'macd_fast': 51, 'macd_slow': 74, 'macd_signal': 59, 'en_vwap': True, 'en_keltner': False, 'keltner_n': 18, 'keltner_m': 1.6, 'en_obv': True, 'obv_slope': 31, 'en_cci': False, 'cci_n': 110, 'cci_threshold': 195, 'en_rsi': True, 'rsi_n': 99, 'rsi_lower': 25, 'rsi_upper': 88, 'en_stochastic': True, 'stochastic_n': 33, 'stochastic_d': 40, 'stochastic_lower': 13, 'stochastic_upper': 88, 'en_mfi': False, 'mfi_n': 67, 'mfi_lower': 21, 'mfi_upper': 53, 'en_bollinger': False, 'bollinger_n': 83, 'bollinger_k': 2.0, 'en_adx': False, 'adx_n': 58, 'adx_threshold': 55, 'en_structure_trend': False, 'structure_trend_swing_l': 17, 'en_order_block': False, 'order_block_swing_l': 3, 'en_fvg': False, 'fvg_lookback': 10, 'en_ifvg': True, 'en_breaker': True, 'breaker_swing_l': 11, 'en_cisd': False, 'k': 3, 'en_cap_bars': False, 'cap_1min': 914}.
[I 2026-07-13 16:50:44,477] Trial 347 finished with values: [-150.46841957587844, -1545.0000000000045, 65.15] and parameters: {'sl_soft': 12.123019889892209, 'sl_hard_delta': 14.43223936989494, 'tp': 12.327087738988366, 'gate_pct': 81.4601427050331, 'dd_limit': 488.72213380069, 'cooldown': 0, 'flip': False, 'en_ema_trend': True, 'ema_trend_fast': 170, 'ema_trend_slow': 140, 'en_sma_trend': True, 'sma_trend_fast': 307, 'sma_trend_slow': 17, 'en_macd': True, 'macd_fast': 27, 'macd_slow': 199, 'macd_signal': 26, 'en_vwap': True, 'en_keltner': True, 'keltner_n': 185, 'keltner_m': 3.3000000000000003, 'en_obv': False, 'obv_slope': 118, 'en_cci': False, 'cci_n': 179, 'cci_threshold': 165, 'en_rsi': True, 'rsi_n': 59, 'rsi_lower': 31, 'rsi_upper': 65, 'en_stochastic': False, 'stochastic_n': 94, 'stochastic_d': 42, 'stochastic_lower': 30, 'stochastic_upper': 76, 'en_mfi': True, 'mfi_n': 13, 'mfi_lower': 23, 'mfi_upper': 83, 'en_bollinger': True, 'bollinger_n': 34, 'bollinger_k': 1.1, 'en_adx': True, 'adx_n': 26, 'adx_threshold': 9, 'en_structure_trend': False, 'structure_trend_swing_l': 20, 'en_order_block': False, 'order_block_swing_l': 1, 'en_fvg': True, 'fvg_lookback': 48, 'en_ifvg': False, 'en_breaker': False, 'breaker_swing_l': 17, 'en_cisd': False, 'k': 5, 'en_cap_bars': True, 'cap_1min': 333}.
[I 2026-07-13 16:50:46,065] Trial 348 pruned. 
