[I 2026-07-13 17:30:50,463] Trial 841 finished with values: [267.12725796243717, -133.590394327166, 44.55] and parameters: {'sl_soft': 0.6154913983821713, 'sl_hard_delta': 0.03218716157238656, 'tp': 1.2548102965475247, 'gate_pct': 62.02693045764362, 'dd_limit': 118.91393548007106, 'cooldown': 20, 'flip': False, 'en_ema_trend': False, 'ema_trend_fast': 121, 'ema_trend_slow': 125, 'en_sma_trend': False, 'sma_trend_fast': 232, 'sma_trend_slow': 14, 'en_macd': True, 'macd_fast': 39, 'macd_slow': 18, 'macd_signal': 27, 'en_vwap': True, 'en_keltner': False, 'keltner_n': 3, 'keltner_m': 1.5, 'en_obv': False, 'obv_slope': 167, 'en_cci': True, 'cci_n': 174, 'cci_threshold': 30, 'en_rsi': False, 'rsi_n': 15, 'rsi_lower': 7, 'rsi_upper': 58, 'en_stochastic': True, 'stochastic_n': 71, 'stochastic_d': 3, 'stochastic_lower': 2, 'stochastic_upper': 77, 'en_mfi': True, 'mfi_n': 45, 'mfi_lower': 7, 'mfi_upper': 86, 'en_bollinger': False, 'bollinger_n': 121, 'bollinger_k': 2.1, 'en_adx': False, 'adx_n': 2, 'adx_threshold': 6, 'en_structure_trend': True, 'structure_trend_swing_l': 11, 'en_order_block': False, 'order_block_swing_l': 1, 'en_fvg': True, 'fvg_lookback': 14, 'en_ifvg': False, 'en_breaker': False, 'breaker_swing_l': 17, 'en_cisd': True, 'k': 1, 'en_cap_bars': True, 'cap_1min': 1119}.
[I 2026-07-13 17:30:55,449] Trial 842 finished with values: [184.00483792840987, -393.33708776350704, 27.55] and parameters: {'sl_soft': 0.5847565227953361, 'sl_hard_delta': 2.981985232474473, 'tp': 3.796381228830453, 'gate_pct': 73.0036735816267, 'dd_limit': 208.93735973419433, 'cooldown': 11, 'flip': False, 'en_ema_trend': True, 'ema_trend_fast': 121, 'ema_trend_slow': 72, 'en_sma_trend': False, 'sma_trend_fast': 232, 'sma_trend_slow': 248, 'en_macd': False, 'macd_fast': 80, 'macd_slow': 18, 'macd_signal': 41, 'en_vwap': False, 'en_keltner': False, 'keltner_n': 49, 'keltner_m': 1.5, 'en_obv': True, 'obv_slope': 160, 'en_cci': True, 'cci_n': 43, 'cci_threshold': 30, 'en_rsi': False, 'rsi_n': 38, 'rsi_lower': 3, 'rsi_upper': 94, 'en_stochastic': True, 'stochastic_n': 9, 'stochastic_d': 36, 'stochastic_lower': 2, 'stochastic_upper': 94, 'en_mfi': True, 'mfi_n': 45, 'mfi_lower': 7, 'mfi_upper': 60, 'en_bollinger': True, 'bollinger_n': 121, 'bollinger_k': 2.1, 'en_adx': False, 'adx_n': 31, 'adx_threshold': 32, 'en_structure_trend': True, 'structure_trend_swing_l': 11, 'en_order_block': False, 'order_block_swing_l': 9, 'en_fvg': False, 'fvg_lookback': 14, 'en_ifvg': False, 'en_breaker': False, 'breaker_swing_l': 7, 'en_cisd': False, 'k': 3, 'en_cap_bars': True, 'cap_1min': 995}.
[I 2026-07-13 17:30:58,002] Trial 843 finished with values: [-83.84538664629417, -318.71485124295305, 45.0] and parameters: {'sl_soft': 0.95083156235771, 'sl_hard_delta': 0.3269087741450897, 'tp': 1.2921449941565541, 'gate_pct': 54.65570887864888, 'dd_limit': 208.93735973419433, 'cooldown': 18, 'flip': False, 'en_ema_trend': True, 'ema_trend_fast': 9, 'ema_trend_slow': 361, 'en_sma_trend': False, 'sma_trend_fast': 232, 'sma_trend_slow': 81, 'en_macd': True, 'macd_fast': 57, 'macd_slow': 94, 'macd_signal': 86, 'en_vwap': True, 'en_keltner': True, 'keltner_n': 116, 'keltner_m': 2.4000000000000004, 'en_obv': False, 'obv_slope': 167, 'en_cci': False, 'cci_n': 72, 'cci_threshold': 135, 'en_rsi': True, 'rsi_n': 87, 'rsi_lower': 34, 'rsi_upper': 61, 'en_stochastic': False, 'stochastic_n': 63, 'stochastic_d': 49, 'stochastic_lower': 34, 'stochastic_upper': 94, 'en_mfi': False, 'mfi_n': 80, 'mfi_lower': 29, 'mfi_upper': 79, 'en_bollinger': False, 'bollinger_n': 57, 'bollinger_k': 4.8, 'en_adx': False, 'adx_n': 76, 'adx_threshold': 26, 'en_structure_trend': True, 'structure_trend_swing_l': 18, 'en_order_block': False, 'order_block_swing_l': 10, 'en_fvg': True, 'fvg_lookback': 38, 'en_ifvg': False, 'en_breaker': True, 'breaker_swing_l': 7, 'en_cisd': True, 'k': 4, 'en_cap_bars': True, 'cap_1min': 133}.
[I 2026-07-13 17:30:58,317] Trial 844 finished with values: [50.54970247288111, -394.68915947718415, 35.6] and parameters: {'sl_soft': 0.6154913983821713, 'sl_hard_delta': 0.03218716157238656, 'tp': 1.2548102965475247, 'gate_pct': 73.0036735816267, 'dd_limit': 241.42955722086123, 'cooldown': 20, 'flip': False, 'en_ema_trend': False, 'ema_trend_fast': 121, 'ema_trend_slow': 38, 'en_sma_trend': False, 'sma_trend_fast': 232, 'sma_trend_slow': 14, 'en_macd': False, 'macd_fast': 80, 'macd_slow': 18, 'macd_signal': 27, 'en_vwap': True, 'en_keltner': True, 'keltner_n': 3, 'keltner_m': 1.5, 'en_obv': True, 'obv_slope': 167, 'en_cci': True, 'cci_n': 42, 'cci_threshold': 30, 'en_rsi': False, 'rsi_n': 90, 'rsi_lower': 3, 'rsi_upper': 82, 'en_stochastic': True, 'stochastic_n': 9, 'stochastic_d': 3, 'stochastic_lower': 2, 'stochastic_upper': 77, 'en_mfi': False, 'mfi_n': 45, 'mfi_lower': 2, 'mfi_upper': 60, 'en_bollinger': False, 'bollinger_n': 121, 'bollinger_k': 2.1, 'en_adx': False, 'adx_n': 2, 'adx_threshold': 26, 'en_structure_trend': True, 'structure_trend_swing_l': 11, 'en_order_block': True, 'order_block_swing_l': 9, 'en_fvg': True, 'fvg_lookback': 44, 'en_ifvg': False, 'en_breaker': False, 'breaker_swing_l': 18, 'en_cisd': True, 'k': 3, 'en_cap_bars': True, 'cap_1min': 406}.
[I 2026-07-13 17:31:03,143] Trial 845 finished with values: [104.2207127356221, -165.9743223249052, 41.65] and parameters: {'sl_soft': 0.6154913983821713, 'sl_hard_delta': 0.03218716157238656, 'tp': 1.2548102965475247, 'gate_pct': 84.86382733879176, 'dd_limit': 241.42955722086123, 'cooldown': 20, 'flip': False, 'en_ema_trend': True, 'ema_trend_fast': 40, 'ema_trend_slow': 125, 'en_sma_trend': False, 'sma_trend_fast': 232, 'sma_trend_slow': 14, 'en_macd': True, 'macd_fast': 95, 'macd_slow': 18, 'macd_signal': 27, 'en_vwap': True, 'en_keltner': False, 'keltner_n': 3, 'keltner_m': 1.5, 'en_obv': False, 'obv_slope': 167, 'en_cci': True, 'cci_n': 174, 'cci_threshold': 25, 'en_rsi': True, 'rsi_n': 71, 'rsi_lower': 37, 'rsi_upper': 86, 'en_stochastic': True, 'stochastic_n': 9, 'stochastic_d': 3, 'stochastic_lower': 40, 'stochastic_upper': 62, 'en_mfi': True, 'mfi_n': 97, 'mfi_lower': 7, 'mfi_upper': 60, 'en_bollinger': True, 'bollinger_n': 121, 'bollinger_k': 4.8, 'en_adx': False, 'adx_n': 2, 'adx_threshold': 27, 'en_structure_trend': True, 'structure_trend_swing_l': 11, 'en_order_block': False, 'order_block_swing_l': 9, 'en_fvg': True, 'fvg_lookback': 44, 'en_ifvg': False, 'en_breaker': False, 'breaker_swing_l': 17, 'en_cisd': True, 'k': 1, 'en_cap_bars': True, 'cap_1min': 1119}.
[I 2026-07-13 17:31:03,350] Trial 846 finished with values: [34.27624576608537, -330.18093855848747, 23.05] and parameters: {'sl_soft': 0.6154913983821713, 'sl_hard_delta': 2.981985232474473, 'tp': 3.796381228830453, 'gate_pct': 62.02693045764362, 'dd_limit': 208.93735973419433, 'cooldown': 11, 'flip': False, 'en_ema_trend': False, 'ema_trend_fast': 41, 'ema_trend_slow': 125, 'en_sma_trend': False, 'sma_trend_fast': 232, 'sma_trend_slow': 14, 'en_macd': True, 'macd_fast': 95, 'macd_slow': 18, 'macd_signal': 27, 'en_vwap': False, 'en_keltner': False, 'keltner_n': 49, 'keltner_m': 1.5, 'en_obv': False, 'obv_slope': 167, 'en_cci': True, 'cci_n': 174, 'cci_threshold': 195, 'en_rsi': False, 'rsi_n': 25, 'rsi_lower': 3, 'rsi_upper': 58, 'en_stochastic': True, 'stochastic_n': 9, 'stochastic_d': 3, 'stochastic_lower': 2, 'stochastic_upper': 62, 'en_mfi': True, 'mfi_n': 45, 'mfi_lower': 7, 'mfi_upper': 60, 'en_bollinger': True, 'bollinger_n': 105, 'bollinger_k': 2.1, 'en_adx': False, 'adx_n': 76, 'adx_threshold': 32, 'en_structure_trend': True, 'structure_trend_swing_l': 11, 'en_order_block': False, 'order_block_swing_l': 19, 'en_fvg': True, 'fvg_lookback': 44, 'en_ifvg': False, 'en_breaker': True, 'breaker_swing_l': 7, 'en_cisd': False, 'k': 3, 'en_cap_bars': True, 'cap_1min': 1119}.
[I 2026-07-13 17:31:07,970] Trial 847 finished with values: [-43.71109937806068, -226.68749598417435, 25.75] and parameters: {'sl_soft': 0.6154913983821713, 'sl_hard_delta': 0.03218716157238656, 'tp': 1.5082069520025265, 'gate_pct': 73.0036735816267, 'dd_limit': 154.85088566680673, 'cooldown': 15, 'flip': False, 'en_ema_trend': False, 'ema_trend_fast': 90, 'ema_trend_slow': 38, 'en_sma_trend': False, 'sma_trend_fast': 232, 'sma_trend_slow': 14, 'en_macd': True, 'macd_fast': 80, 'macd_slow': 47, 'macd_signal': 86, 'en_vwap': False, 'en_keltner': True, 'keltner_n': 3, 'keltner_m': 2.9000000000000004, 'en_obv': True, 'obv_slope': 116, 'en_cci': True, 'cci_n': 174, 'cci_threshold': 25, 'en_rsi': True, 'rsi_n': 15, 'rsi_lower': 7, 'rsi_upper': 82, 'en_stochastic': True, 'stochastic_n': 32, 'stochastic_d': 27, 'stochastic_lower': 21, 'stochastic_upper': 89, 'en_mfi': False, 'mfi_n': 82, 'mfi_lower': 20, 'mfi_upper': 72, 'en_bollinger': False, 'bollinger_n': 121, 'bollinger_k': 3.4000000000000004, 'en_adx': False, 'adx_n': 31, 'adx_threshold': 27, 'en_structure_trend': True, 'structure_trend_swing_l': 11, 'en_order_block': False, 'order_block_swing_l': 9, 'en_fvg': False, 'fvg_lookback': 28, 'en_ifvg': True, 'en_breaker': False, 'breaker_swing_l': 3, 'en_cisd': False, 'k': 4, 'en_cap_bars': True, 'cap_1min': 379}.
[I 2026-07-13 17:31:09,717] Trial 848 finished with values: [114.38770585841667, -287.28570707785366, 28.650000000000002] and parameters: {'sl_soft': 0.7756993843732112, 'sl_hard_delta': 0.3269087741450897, 'tp': 2.5647184925159534, 'gate_pct': 62.02693045764362, 'dd_limit': 208.93735973419433, 'cooldown': 18, 'flip': True, 'en_ema_trend': True, 'ema_trend_fast': 41, 'ema_trend_slow': 361, 'en_sma_trend': False, 'sma_trend_fast': 207, 'sma_trend_slow': 258, 'en_macd': True, 'macd_fast': 57, 'macd_slow': 64, 'macd_signal': 41, 'en_vwap': True, 'en_keltner': True, 'keltner_n': 49, 'keltner_m': 3.9000000000000004, 'en_obv': True, 'obv_slope': 168, 'en_cci': False, 'cci_n': 33, 'cci_threshold': 90, 'en_rsi': True, 'rsi_n': 25, 'rsi_lower': 19, 'rsi_upper': 58, 'en_stochastic': False, 'stochastic_n': 71, 'stochastic_d': 50, 'stochastic_lower': 44, 'stochastic_upper': 94, 'en_mfi': False, 'mfi_n': 41, 'mfi_lower': 2, 'mfi_upper': 65, 'en_bollinger': True, 'bollinger_n': 105, 'bollinger_k': 4.8, 'en_adx': False, 'adx_n': 2, 'adx_threshold': 28, 'en_structure_trend': True, 'structure_trend_swing_l': 18, 'en_order_block': False, 'order_block_swing_l': 19, 'en_fvg': True, 'fvg_lookback': 45, 'en_ifvg': False, 'en_breaker': False, 'breaker_swing_l': 20, 'en_cisd': False, 'k': 3, 'en_cap_bars': False, 'cap_1min': 1165}.
[I 2026-07-13 17:31:10,332] Trial 849 pruned. 
[I 2026-07-13 17:31:11,526] Trial 850 finished with values: [86.40102329582078, -416.80088133666686, 49.3] and parameters: {'sl_soft': 0.95083156235771, 'sl_hard_delta': 0.24002809860404511, 'tp': 1.2548102965475247, 'gate_pct': 73.0036735816267, 'dd_limit': 241.42955722086123, 'cooldown': 15, 'flip': True, 'en_ema_trend': False, 'ema_trend_fast': 40, 'ema_trend_slow': 26, 'en_sma_trend': False, 'sma_trend_fast': 232, 'sma_trend_slow': 263, 'en_macd': False, 'macd_fast': 96, 'macd_slow': 156, 'macd_signal': 86, 'en_vwap': False, 'en_keltner': False, 'keltner_n': 3, 'keltner_m': 1.5, 'en_obv': True, 'obv_slope': 7, 'en_cci': True, 'cci_n': 111, 'cci_threshold': 30, 'en_rsi': True, 'rsi_n': 71, 'rsi_lower': 7, 'rsi_upper': 86, 'en_stochastic': True, 'stochastic_n': 9, 'stochastic_d': 3, 'stochastic_lower': 2, 'stochastic_upper': 89, 'en_mfi': True, 'mfi_n': 45, 'mfi_lower': 20, 'mfi_upper': 72, 'en_bollinger': True, 'bollinger_n': 86, 'bollinger_k': 3.4000000000000004, 'en_adx': False, 'adx_n': 31, 'adx_threshold': 26, 'en_structure_trend': True, 'structure_trend_swing_l': 1, 'en_order_block': True, 'order_block_swing_l': 9, 'en_fvg': False, 'fvg_lookback': 14, 'en_ifvg': False, 'en_breaker': True, 'breaker_swing_l': 17, 'en_cisd': True, 'k': 4, 'en_cap_bars': False, 'cap_1min': 1119}.
[I 2026-07-13 17:31:17,225] Trial 851 finished with values: [-127.83597195782477, -240.63599352371057, 33.65] and parameters: {'sl_soft': 0.6154913983821713, 'sl_hard_delta': 0.3269087741450897, 'tp': 1.2548102965475247, 'gate_pct': 62.02693045764362, 'dd_limit': 208.93735973419433, 'cooldown': 18, 'flip': True, 'en_ema_trend': True, 'ema_trend_fast': 112, 'ema_trend_slow': 361, 'en_sma_trend': False, 'sma_trend_fast': 178, 'sma_trend_slow': 304, 'en_macd': False, 'macd_fast': 57, 'macd_slow': 64, 'macd_signal': 27, 'en_vwap': True, 'en_keltner': True, 'keltner_n': 3, 'keltner_m': 4.5, 'en_obv': False, 'obv_slope': 167, 'en_cci': True, 'cci_n': 42, 'cci_threshold': 30, 'en_rsi': True, 'rsi_n': 15, 'rsi_lower': 37, 'rsi_upper': 58, 'en_stochastic': True, 'stochastic_n': 71, 'stochastic_d': 34, 'stochastic_lower': 44, 'stochastic_upper': 94, 'en_mfi': False, 'mfi_n': 80, 'mfi_lower': 47, 'mfi_upper': 60, 'en_bollinger': True, 'bollinger_n': 47, 'bollinger_k': 4.8, 'en_adx': True, 'adx_n': 2, 'adx_threshold': 26, 'en_structure_trend': True, 'structure_trend_swing_l': 11, 'en_order_block': False, 'order_block_swing_l': 6, 'en_fvg': True, 'fvg_lookback': 14, 'en_ifvg': False, 'en_breaker': False, 'breaker_swing_l': 18, 'en_cisd': False, 'k': 1, 'en_cap_bars': True, 'cap_1min': 332}.
[I 2026-07-13 17:31:22,314] Trial 852 finished with values: [138.56069653868985, -412.2578982885443, 34.3] and parameters: {'sl_soft': 0.95083156235771, 'sl_hard_delta': 0.24002809860404511, 'tp': 2.5647184925159534, 'gate_pct': 84.86382733879176, 'dd_limit': 208.93735973419433, 'cooldown': 18, 'flip': True, 'en_ema_trend': True, 'ema_trend_fast': 40, 'ema_trend_slow': 361, 'en_sma_trend': False, 'sma_trend_fast': 155, 'sma_trend_slow': 263, 'en_macd': True, 'macd_fast': 57, 'macd_slow': 64, 'macd_signal': 86, 'en_vwap': False, 'en_keltner': True, 'keltner_n': 49, 'keltner_m': 4.5, 'en_obv': False, 'obv_slope': 168, 'en_cci': False, 'cci_n': 111, 'cci_threshold': 90, 'en_rsi': True, 'rsi_n': 87, 'rsi_lower': 19, 'rsi_upper': 58, 'en_stochastic': True, 'stochastic_n': 32, 'stochastic_d': 27, 'stochastic_lower': 44, 'stochastic_upper': 89, 'en_mfi': False, 'mfi_n': 41, 'mfi_lower': 47, 'mfi_upper': 95, 'en_bollinger': False, 'bollinger_n': 86, 'bollinger_k': 4.8, 'en_adx': True, 'adx_n': 2, 'adx_threshold': 27, 'en_structure_trend': True, 'structure_trend_swing_l': 11, 'en_order_block': True, 'order_block_swing_l': 16, 'en_fvg': True, 'fvg_lookback': 28, 'en_ifvg': False, 'en_breaker': False, 'breaker_swing_l': 3, 'en_cisd': True, 'k': 3, 'en_cap_bars': False, 'cap_1min': 1381}.
[I 2026-07-13 17:31:24,292] Trial 853 finished with values: [-98.1660773378735, -315.54806730050586, 38.1] and parameters: {'sl_soft': 0.95083156235771, 'sl_hard_delta': 0.3269087741450897, 'tp': 1.5082069520025265, 'gate_pct': 84.86382733879176, 'dd_limit': 208.93735973419433, 'cooldown': 15, 'flip': True, 'en_ema_trend': False, 'ema_trend_fast': 104, 'ema_trend_slow': 361, 'en_sma_trend': False, 'sma_trend_fast': 155, 'sma_trend_slow': 263, 'en_macd': True, 'macd_fast': 96, 'macd_slow': 94, 'macd_signal': 86, 'en_vwap': True, 'en_keltner': True, 'keltner_n': 7, 'keltner_m': 2.9000000000000004, 'en_obv': True, 'obv_slope': 116, 'en_cci': True, 'cci_n': 111, 'cci_threshold': 90, 'en_rsi': True, 'rsi_n': 87, 'rsi_lower': 38, 'rsi_upper': 57, 'en_stochastic': False, 'stochastic_n': 32, 'stochastic_d': 27, 'stochastic_lower': 40, 'stochastic_upper': 94, 'en_mfi': True, 'mfi_n': 82, 'mfi_lower': 20, 'mfi_upper': 72, 'en_bollinger': False, 'bollinger_n': 57, 'bollinger_k': 3.4000000000000004, 'en_adx': True, 'adx_n': 16, 'adx_threshold': 27, 'en_structure_trend': True, 'structure_trend_swing_l': 1, 'en_order_block': False, 'order_block_swing_l': 16, 'en_fvg': False, 'fvg_lookback': 28, 'en_ifvg': False, 'en_breaker': False, 'breaker_swing_l': 7, 'en_cisd': True, 'k': 4, 'en_cap_bars': False, 'cap_1min': 379}.
[I 2026-07-13 17:31:24,556] Trial 854 finished with values: [10.109940494555758, -161.91963998869596, 38.65] and parameters: {'sl_soft': 0.6154913983821713, 'sl_hard_delta': 0.03218716157238656, 'tp': 1.2548102965475247, 'gate_pct': 73.0036735816267, 'dd_limit': 129.62211800890103, 'cooldown': 20, 'flip': True, 'en_ema_trend': False, 'ema_trend_fast': 121, 'ema_trend_slow': 38, 'en_sma_trend': False, 'sma_trend_fast': 232, 'sma_trend_slow': 14, 'en_macd': True, 'macd_fast': 96, 'macd_slow': 156, 'macd_signal': 86, 'en_vwap': True, 'en_keltner': True, 'keltner_n': 162, 'keltner_m': 2.9000000000000004, 'en_obv': False, 'obv_slope': 7, 'en_cci': True, 'cci_n': 174, 'cci_threshold': 25, 'en_rsi': True, 'rsi_n': 15, 'rsi_lower': 38, 'rsi_upper': 86, 'en_stochastic': True, 'stochastic_n': 9, 'stochastic_d': 27, 'stochastic_lower': 2, 'stochastic_upper': 89, 'en_mfi': True, 'mfi_n': 45, 'mfi_lower': 7, 'mfi_upper': 86, 'en_bollinger': False, 'bollinger_n': 121, 'bollinger_k': 3.4000000000000004, 'en_adx': True, 'adx_n': 16, 'adx_threshold': 27, 'en_structure_trend': True, 'structure_trend_swing_l': 11, 'en_order_block': True, 'order_block_swing_l': 16, 'en_fvg': False, 'fvg_lookback': 14, 'en_ifvg': True, 'en_breaker': False, 'breaker_swing_l': 3, 'en_cisd': False, 'k': 4, 'en_cap_bars': False, 'cap_1min': 379}.
[I 2026-07-13 17:31:24,810] Trial 855 pruned. 
[I 2026-07-13 17:31:30,765] Trial 856 finished with values: [-22.920435809021455, -642.6209745704455, 30.5] and parameters: {'sl_soft': 1.0860152683938593, 'sl_hard_delta': 2.911804370090404, 'tp': 3.8454001470748493, 'gate_pct': 86.68863637915473, 'dd_limit': 208.93735973419433, 'cooldown': 18, 'flip': False, 'en_ema_trend': False, 'ema_trend_fast': 121, 'ema_trend_slow': 361, 'en_sma_trend': False, 'sma_trend_fast': 45, 'sma_trend_slow': 304, 'en_macd': False, 'macd_fast': 57, 'macd_slow': 64, 'macd_signal': 54, 'en_vwap': True, 'en_keltner': True, 'keltner_n': 68, 'keltner_m': 4.5, 'en_obv': False, 'obv_slope': 7, 'en_cci': True, 'cci_n': 43, 'cci_threshold': 60, 'en_rsi': True, 'rsi_n': 25, 'rsi_lower': 19, 'rsi_upper': 58, 'en_stochastic': False, 'stochastic_n': 71, 'stochastic_d': 34, 'stochastic_lower': 40, 'stochastic_upper': 94, 'en_mfi': False, 'mfi_n': 41, 'mfi_lower': 16, 'mfi_upper': 61, 'en_bollinger': True, 'bollinger_n': 47, 'bollinger_k': 2.9000000000000004, 'en_adx': True, 'adx_n': 2, 'adx_threshold': 24, 'en_structure_trend': True, 'structure_trend_swing_l': 19, 'en_order_block': False, 'order_block_swing_l': 14, 'en_fvg': False, 'fvg_lookback': 45, 'en_ifvg': False, 'en_breaker': False, 'breaker_swing_l': 18, 'en_cisd': True, 'k': 3, 'en_cap_bars': False, 'cap_1min': 1381}.
[I 2026-07-13 17:31:32,456] Trial 857 finished with values: [-60.5256030065334, -561.8513391968236, 43.05] and parameters: {'sl_soft': 2.0212200416683395, 'sl_hard_delta': 0.2791290136221785, 'tp': 2.5647184925159534, 'gate_pct': 75.29895741667805, 'dd_limit': 108.44535128998095, 'cooldown': 15, 'flip': False, 'en_ema_trend': True, 'ema_trend_fast': 90, 'ema_trend_slow': 305, 'en_sma_trend': False, 'sma_trend_fast': 178, 'sma_trend_slow': 263, 'en_macd': False, 'macd_fast': 70, 'macd_slow': 94, 'macd_signal': 86, 'en_vwap': True, 'en_keltner': True, 'keltner_n': 116, 'keltner_m': 2.9000000000000004, 'en_obv': False, 'obv_slope': 137, 'en_cci': True, 'cci_n': 72, 'cci_threshold': 135, 'en_rsi': True, 'rsi_n': 87, 'rsi_lower': 38, 'rsi_upper': 61, 'en_stochastic': False, 'stochastic_n': 63, 'stochastic_d': 6, 'stochastic_lower': 34, 'stochastic_upper': 92, 'en_mfi': True, 'mfi_n': 80, 'mfi_lower': 29, 'mfi_upper': 79, 'en_bollinger': False, 'bollinger_n': 57, 'bollinger_k': 1.5, 'en_adx': False, 'adx_n': 76, 'adx_threshold': 32, 'en_structure_trend': True, 'structure_trend_swing_l': 2, 'en_order_block': True, 'order_block_swing_l': 10, 'en_fvg': True, 'fvg_lookback': 38, 'en_ifvg': False, 'en_breaker': True, 'breaker_swing_l': 7, 'en_cisd': True, 'k': 3, 'en_cap_bars': True, 'cap_1min': 133}.
[I 2026-07-13 17:31:32,796] Trial 858 finished with values: [149.58323646947065, -428.1317966224151, 39.25] and parameters: {'sl_soft': 0.95083156235771, 'sl_hard_delta': 2.911804370090404, 'tp': 3.8454001470748493, 'gate_pct': 86.68863637915473, 'dd_limit': 129.62211800890103, 'cooldown': 15, 'flip': False, 'en_ema_trend': False, 'ema_trend_fast': 121, 'ema_trend_slow': 26, 'en_sma_trend': False, 'sma_trend_fast': 155, 'sma_trend_slow': 14, 'en_macd': True, 'macd_fast': 52, 'macd_slow': 18, 'macd_signal': 45, 'en_vwap': True, 'en_keltner': True, 'keltner_n': 162, 'keltner_m': 1.5, 'en_obv': True, 'obv_slope': 7, 'en_cci': True, 'cci_n': 43, 'cci_threshold': 60, 'en_rsi': True, 'rsi_n': 87, 'rsi_lower': 38, 'rsi_upper': 86, 'en_stochastic': False, 'stochastic_n': 8, 'stochastic_d': 40, 'stochastic_lower': 40, 'stochastic_upper': 89, 'en_mfi': True, 'mfi_n': 45, 'mfi_lower': 20, 'mfi_upper': 72, 'en_bollinger': False, 'bollinger_n': 86, 'bollinger_k': 3.4000000000000004, 'en_adx': False, 'adx_n': 16, 'adx_threshold': 27, 'en_structure_trend': True, 'structure_trend_swing_l': 19, 'en_order_block': False, 'order_block_swing_l': 16, 'en_fvg': False, 'fvg_lookback': 28, 'en_ifvg': True, 'en_breaker': True, 'breaker_swing_l': 3, 'en_cisd': True, 'k': 4, 'en_cap_bars': False, 'cap_1min': 379}.
