[I 2026-07-13 17:17:34,584] Trial 996 finished with values: [880.4085951882257, -569.4633709315667, 69.9] and parameters: {'sl_soft': 3.578361063233118, 'sl_hard_delta': 1.5400466597035951, 'tp': 3.965955750179107, 'gate_pct': 76.55976188692937, 'dd_limit': 234.1688012834486, 'cooldown': 5, 'flip': False, 'en_ema_trend': True, 'ema_trend_fast': 317, 'ema_trend_slow': 301, 'en_sma_trend': True, 'sma_trend_fast': 173, 'sma_trend_slow': 163, 'en_macd': True, 'macd_fast': 16, 'macd_slow': 47, 'macd_signal': 85, 'en_vwap': True, 'en_keltner': False, 'keltner_n': 186, 'keltner_m': 1.8, 'en_obv': False, 'obv_slope': 161, 'en_cci': False, 'cci_n': 33, 'cci_threshold': 165, 'en_rsi': True, 'rsi_n': 33, 'rsi_lower': 40, 'rsi_upper': 69, 'en_stochastic': False, 'stochastic_n': 53, 'stochastic_d': 29, 'stochastic_lower': 46, 'stochastic_upper': 97, 'en_mfi': False, 'mfi_n': 92, 'mfi_lower': 1, 'mfi_upper': 93, 'en_bollinger': False, 'bollinger_n': 97, 'bollinger_k': 1.1, 'en_adx': False, 'adx_n': 71, 'adx_threshold': 34, 'en_structure_trend': True, 'structure_trend_swing_l': 10, 'en_order_block': False, 'order_block_swing_l': 9, 'en_fvg': False, 'fvg_lookback': 28, 'en_ifvg': True, 'en_breaker': False, 'breaker_swing_l': 17, 'en_cisd': True, 'k': 4, 'en_cap_bars': False, 'cap_1min': 3}.
[I 2026-07-13 17:17:36,719] Trial 997 finished with values: [-107.84303298655118, -1623.9115922757264, 35.0] and parameters: {'sl_soft': 2.609471604804969, 'sl_hard_delta': 1.5400466597035951, 'tp': 7.670322948010878, 'gate_pct': 76.55976188692937, 'dd_limit': 162.39650823726745, 'cooldown': 2, 'flip': False, 'en_ema_trend': True, 'ema_trend_fast': 208, 'ema_trend_slow': 301, 'en_sma_trend': False, 'sma_trend_fast': 345, 'sma_trend_slow': 163, 'en_macd': True, 'macd_fast': 16, 'macd_slow': 47, 'macd_signal': 54, 'en_vwap': True, 'en_keltner': False, 'keltner_n': 133, 'keltner_m': 2.2, 'en_obv': False, 'obv_slope': 19, 'en_cci': False, 'cci_n': 33, 'cci_threshold': 195, 'en_rsi': True, 'rsi_n': 5, 'rsi_lower': 15, 'rsi_upper': 89, 'en_stochastic': False, 'stochastic_n': 90, 'stochastic_d': 42, 'stochastic_lower': 46, 'stochastic_upper': 97, 'en_mfi': False, 'mfi_n': 70, 'mfi_lower': 19, 'mfi_upper': 78, 'en_bollinger': True, 'bollinger_n': 69, 'bollinger_k': 2.7, 'en_adx': False, 'adx_n': 7, 'adx_threshold': 34, 'en_structure_trend': True, 'structure_trend_swing_l': 10, 'en_order_block': True, 'order_block_swing_l': 9, 'en_fvg': False, 'fvg_lookback': 50, 'en_ifvg': True, 'en_breaker': True, 'breaker_swing_l': 17, 'en_cisd': True, 'k': 4, 'en_cap_bars': False, 'cap_1min': 3}.
[I 2026-07-13 17:17:41,610] Trial 998 finished with values: [693.0845125626774, -508.40442498210905, 66.7] and parameters: {'sl_soft': 3.578361063233118, 'sl_hard_delta': 9.199132196036121, 'tp': 3.965955750179107, 'gate_pct': 79.12027635095406, 'dd_limit': 390.2087279618219, 'cooldown': 0, 'flip': False, 'en_ema_trend': True, 'ema_trend_fast': 55, 'ema_trend_slow': 316, 'en_sma_trend': True, 'sma_trend_fast': 167, 'sma_trend_slow': 163, 'en_macd': True, 'macd_fast': 16, 'macd_slow': 172, 'macd_signal': 85, 'en_vwap': True, 'en_keltner': True, 'keltner_n': 133, 'keltner_m': 1.8, 'en_obv': True, 'obv_slope': 160, 'en_cci': False, 'cci_n': 93, 'cci_threshold': 195, 'en_rsi': True, 'rsi_n': 33, 'rsi_lower': 20, 'rsi_upper': 91, 'en_stochastic': True, 'stochastic_n': 53, 'stochastic_d': 42, 'stochastic_lower': 46, 'stochastic_upper': 71, 'en_mfi': False, 'mfi_n': 92, 'mfi_lower': 33, 'mfi_upper': 93, 'en_bollinger': False, 'bollinger_n': 22, 'bollinger_k': 4.1, 'en_adx': False, 'adx_n': 71, 'adx_threshold': 28, 'en_structure_trend': True, 'structure_trend_swing_l': 10, 'en_order_block': False, 'order_block_swing_l': 19, 'en_fvg': False, 'fvg_lookback': 42, 'en_ifvg': True, 'en_breaker': False, 'breaker_swing_l': 17, 'en_cisd': True, 'k': 3, 'en_cap_bars': False, 'cap_1min': 1249}.
[I 2026-07-13 17:17:42,000] Trial 999 finished with values: [744.6800875806048, -875.0, 68.35] and parameters: {'sl_soft': 4.175083823529933, 'sl_hard_delta': 9.199132196036121, 'tp': 3.965955750179107, 'gate_pct': 76.55976188692937, 'dd_limit': 162.39650823726745, 'cooldown': 5, 'flip': False, 'en_ema_trend': False, 'ema_trend_fast': 317, 'ema_trend_slow': 301, 'en_sma_trend': True, 'sma_trend_fast': 173, 'sma_trend_slow': 222, 'en_macd': True, 'macd_fast': 16, 'macd_slow': 47, 'macd_signal': 85, 'en_vwap': True, 'en_keltner': True, 'keltner_n': 133, 'keltner_m': 1.8, 'en_obv': True, 'obv_slope': 161, 'en_cci': True, 'cci_n': 33, 'cci_threshold': 170, 'en_rsi': True, 'rsi_n': 33, 'rsi_lower': 40, 'rsi_upper': 69, 'en_stochastic': False, 'stochastic_n': 53, 'stochastic_d': 29, 'stochastic_lower': 46, 'stochastic_upper': 95, 'en_mfi': False, 'mfi_n': 92, 'mfi_lower': 1, 'mfi_upper': 93, 'en_bollinger': False, 'bollinger_n': 22, 'bollinger_k': 4.9, 'en_adx': False, 'adx_n': 71, 'adx_threshold': 34, 'en_structure_trend': True, 'structure_trend_swing_l': 10, 'en_order_block': False, 'order_block_swing_l': 9, 'en_fvg': False, 'fvg_lookback': 28, 'en_ifvg': True, 'en_breaker': False, 'breaker_swing_l': 17, 'en_cisd': True, 'k': 4, 'en_cap_bars': True, 'cap_1min': 948}.
[I 2026-07-13 17:17:42,795] Trial 1000 finished with values: [1347.439680372861, -1576.5027256224357, 48.599999999999994] and parameters: {'sl_soft': 3.578361063233118, 'sl_hard_delta': 5.122016397226086, 'tp': 7.670322948010878, 'gate_pct': 76.55976188692937, 'dd_limit': 499.7446687086984, 'cooldown': 0, 'flip': False, 'en_ema_trend': True, 'ema_trend_fast': 41, 'ema_trend_slow': 346, 'en_sma_trend': True, 'sma_trend_fast': 167, 'sma_trend_slow': 328, 'en_macd': True, 'macd_fast': 16, 'macd_slow': 194, 'macd_signal': 30, 'en_vwap': True, 'en_keltner': False, 'keltner_n': 153, 'keltner_m': 3.7, 'en_obv': True, 'obv_slope': 19, 'en_cci': True, 'cci_n': 93, 'cci_threshold': 30, 'en_rsi': True, 'rsi_n': 43, 'rsi_lower': 20, 'rsi_upper': 69, 'en_stochastic': False, 'stochastic_n': 29, 'stochastic_d': 50, 'stochastic_lower': 4, 'stochastic_upper': 71, 'en_mfi': False, 'mfi_n': 61, 'mfi_lower': 17, 'mfi_upper': 78, 'en_bollinger': False, 'bollinger_n': 182, 'bollinger_k': 4.1, 'en_adx': False, 'adx_n': 79, 'adx_threshold': 50, 'en_structure_trend': True, 'structure_trend_swing_l': 5, 'en_order_block': False, 'order_block_swing_l': 19, 'en_fvg': False, 'fvg_lookback': 42, 'en_ifvg': True, 'en_breaker': True, 'breaker_swing_l': 20, 'en_cisd': True, 'k': 4, 'en_cap_bars': False, 'cap_1min': 1249}.
[I 2026-07-13 17:17:43,075] Trial 1001 finished with values: [1214.4134938977516, -1116.8088499641726, 64.1] and parameters: {'sl_soft': 4.175083823529933, 'sl_hard_delta': 9.199132196036121, 'tp': 3.965955750179107, 'gate_pct': 76.55976188692937, 'dd_limit': 504.12940677292096, 'cooldown': 3, 'flip': False, 'en_ema_trend': False, 'ema_trend_fast': 383, 'ema_trend_slow': 139, 'en_sma_trend': True, 'sma_trend_fast': 271, 'sma_trend_slow': 143, 'en_macd': False, 'macd_fast': 12, 'macd_slow': 61, 'macd_signal': 12, 'en_vwap': True, 'en_keltner': True, 'keltner_n': 3, 'keltner_m': 3.3000000000000003, 'en_obv': True, 'obv_slope': 188, 'en_cci': True, 'cci_n': 156, 'cci_threshold': 195, 'en_rsi': False, 'rsi_n': 52, 'rsi_lower': 13, 'rsi_upper': 59, 'en_stochastic': True, 'stochastic_n': 66, 'stochastic_d': 5, 'stochastic_lower': 16, 'stochastic_upper': 57, 'en_mfi': True, 'mfi_n': 61, 'mfi_lower': 21, 'mfi_upper': 94, 'en_bollinger': False, 'bollinger_n': 9, 'bollinger_k': 1.6, 'en_adx': False, 'adx_n': 48, 'adx_threshold': 7, 'en_structure_trend': False, 'structure_trend_swing_l': 17, 'en_order_block': True, 'order_block_swing_l': 9, 'en_fvg': False, 'fvg_lookback': 36, 'en_ifvg': False, 'en_breaker': False, 'breaker_swing_l': 17, 'en_cisd': False, 'k': 4, 'en_cap_bars': False, 'cap_1min': 652}.
[I 2026-07-13 17:17:43,409] Trial 1002 finished with values: [424.33881070298867, -1795.0000000000045, 44.05] and parameters: {'sl_soft': 3.578361063233118, 'sl_hard_delta': 9.199132196036121, 'tp': 7.670322948010878, 'gate_pct': 76.55976188692937, 'dd_limit': 162.39650823726745, 'cooldown': 0, 'flip': False, 'en_ema_trend': False, 'ema_trend_fast': 317, 'ema_trend_slow': 301, 'en_sma_trend': True, 'sma_trend_fast': 173, 'sma_trend_slow': 165, 'en_macd': True, 'macd_fast': 16, 'macd_slow': 47, 'macd_signal': 85, 'en_vwap': False, 'en_keltner': False, 'keltner_n': 133, 'keltner_m': 1.8, 'en_obv': True, 'obv_slope': 161, 'en_cci': False, 'cci_n': 33, 'cci_threshold': 195, 'en_rsi': False, 'rsi_n': 31, 'rsi_lower': 8, 'rsi_upper': 69, 'en_stochastic': False, 'stochastic_n': 53, 'stochastic_d': 42, 'stochastic_lower': 46, 'stochastic_upper': 97, 'en_mfi': False, 'mfi_n': 61, 'mfi_lower': 10, 'mfi_upper': 78, 'en_bollinger': False, 'bollinger_n': 22, 'bollinger_k': 1.6, 'en_adx': False, 'adx_n': 71, 'adx_threshold': 34, 'en_structure_trend': True, 'structure_trend_swing_l': 10, 'en_order_block': False, 'order_block_swing_l': 19, 'en_fvg': False, 'fvg_lookback': 6, 'en_ifvg': True, 'en_breaker': False, 'breaker_swing_l': 17, 'en_cisd': True, 'k': 4, 'en_cap_bars': False, 'cap_1min': 3}.
[I 2026-07-13 17:17:45,099] Trial 1003 finished with values: [23.574509296020096, -3287.4485422940097, 57.3] and parameters: {'sl_soft': 4.175083823529933, 'sl_hard_delta': 1.5400466597035951, 'tp': 3.965955750179107, 'gate_pct': 76.55976188692937, 'dd_limit': 504.12940677292096, 'cooldown': 1, 'flip': False, 'en_ema_trend': True, 'ema_trend_fast': 383, 'ema_trend_slow': 139, 'en_sma_trend': True, 'sma_trend_fast': 271, 'sma_trend_slow': 163, 'en_macd': True, 'macd_fast': 16, 'macd_slow': 61, 'macd_signal': 85, 'en_vwap': True, 'en_keltner': False, 'keltner_n': 3, 'keltner_m': 2.2, 'en_obv': True, 'obv_slope': 19, 'en_cci': True, 'cci_n': 156, 'cci_threshold': 195, 'en_rsi': False, 'rsi_n': 33, 'rsi_lower': 20, 'rsi_upper': 59, 'en_stochastic': False, 'stochastic_n': 66, 'stochastic_d': 42, 'stochastic_lower': 46, 'stochastic_upper': 57, 'en_mfi': False, 'mfi_n': 61, 'mfi_lower': 10, 'mfi_upper': 94, 'en_bollinger': False, 'bollinger_n': 96, 'bollinger_k': 1.1, 'en_adx': False, 'adx_n': 48, 'adx_threshold': 7, 'en_structure_trend': True, 'structure_trend_swing_l': 10, 'en_order_block': True, 'order_block_swing_l': 9, 'en_fvg': False, 'fvg_lookback': 50, 'en_ifvg': False, 'en_breaker': False, 'breaker_swing_l': 17, 'en_cisd': False, 'k': 4, 'en_cap_bars': False, 'cap_1min': 652}.
[I 2026-07-13 17:17:46,388] Trial 1004 finished with values: [430.6291792043453, -1155.0000000000182, 41.05] and parameters: {'sl_soft': 3.578361063233118, 'sl_hard_delta': 5.122016397226086, 'tp': 7.670322948010878, 'gate_pct': 57.542705711187445, 'dd_limit': 141.98378389938074, 'cooldown': 1, 'flip': False, 'en_ema_trend': False, 'ema_trend_fast': 174, 'ema_trend_slow': 144, 'en_sma_trend': True, 'sma_trend_fast': 167, 'sma_trend_slow': 324, 'en_macd': True, 'macd_fast': 16, 'macd_slow': 194, 'macd_signal': 30, 'en_vwap': False, 'en_keltner': False, 'keltner_n': 200, 'keltner_m': 1.9000000000000001, 'en_obv': True, 'obv_slope': 47, 'en_cci': False, 'cci_n': 188, 'cci_threshold': 30, 'en_rsi': False, 'rsi_n': 21, 'rsi_lower': 15, 'rsi_upper': 71, 'en_stochastic': False, 'stochastic_n': 90, 'stochastic_d': 50, 'stochastic_lower': 4, 'stochastic_upper': 71, 'en_mfi': False, 'mfi_n': 70, 'mfi_lower': 23, 'mfi_upper': 78, 'en_bollinger': True, 'bollinger_n': 177, 'bollinger_k': 4.1, 'en_adx': False, 'adx_n': 20, 'adx_threshold': 30, 'en_structure_trend': True, 'structure_trend_swing_l': 5, 'en_order_block': False, 'order_block_swing_l': 4, 'en_fvg': False, 'fvg_lookback': 31, 'en_ifvg': True, 'en_breaker': True, 'breaker_swing_l': 20, 'en_cisd': True, 'k': 3, 'en_cap_bars': False, 'cap_1min': 1249}.
[I 2026-07-13 17:17:52,123] Trial 1005 finished with values: [-5.466758623236956, -1031.4149486099268, 41.45] and parameters: {'sl_soft': 2.0827834824761626, 'sl_hard_delta': 0.14484222707573952, 'tp': 5.279230480763317, 'gate_pct': 57.542705711187445, 'dd_limit': 141.98378389938074, 'cooldown': 1, 'flip': True, 'en_ema_trend': False, 'ema_trend_fast': 174, 'ema_trend_slow': 144, 'en_sma_trend': False, 'sma_trend_fast': 167, 'sma_trend_slow': 357, 'en_macd': False, 'macd_fast': 16, 'macd_slow': 47, 'macd_signal': 30, 'en_vwap': False, 'en_keltner': True, 'keltner_n': 200, 'keltner_m': 1.8, 'en_obv': True, 'obv_slope': 160, 'en_cci': True, 'cci_n': 33, 'cci_threshold': 170, 'en_rsi': False, 'rsi_n': 21, 'rsi_lower': 15, 'rsi_upper': 71, 'en_stochastic': True, 'stochastic_n': 90, 'stochastic_d': 50, 'stochastic_lower': 2, 'stochastic_upper': 71, 'en_mfi': False, 'mfi_n': 97, 'mfi_lower': 23, 'mfi_upper': 78, 'en_bollinger': False, 'bollinger_n': 97, 'bollinger_k': 2.2, 'en_adx': False, 'adx_n': 17, 'adx_threshold': 6, 'en_structure_trend': True, 'structure_trend_swing_l': 7, 'en_order_block': False, 'order_block_swing_l': 9, 'en_fvg': False, 'fvg_lookback': 50, 'en_ifvg': True, 'en_breaker': True, 'breaker_swing_l': 11, 'en_cisd': True, 'k': 3, 'en_cap_bars': False, 'cap_1min': 1249}.
[I 2026-07-13 17:17:52,232] Trial 1006 pruned. 
[I 2026-07-13 17:17:52,495] Trial 1007 finished with values: [-9.071291375596502, -967.4136385604925, 57.7] and parameters: {'sl_soft': 4.175083823529933, 'sl_hard_delta': 2.065008312254088, 'tp': 3.965955750179107, 'gate_pct': 76.55976188692937, 'dd_limit': 39.52565804693206, 'cooldown': 3, 'flip': False, 'en_ema_trend': False, 'ema_trend_fast': 317, 'ema_trend_slow': 301, 'en_sma_trend': True, 'sma_trend_fast': 150, 'sma_trend_slow': 143, 'en_macd': False, 'macd_fast': 16, 'macd_slow': 48, 'macd_signal': 91, 'en_vwap': True, 'en_keltner': True, 'keltner_n': 133, 'keltner_m': 1.8, 'en_obv': True, 'obv_slope': 25, 'en_cci': True, 'cci_n': 33, 'cci_threshold': 195, 'en_rsi': False, 'rsi_n': 33, 'rsi_lower': 20, 'rsi_upper': 89, 'en_stochastic': True, 'stochastic_n': 22, 'stochastic_d': 42, 'stochastic_lower': 46, 'stochastic_upper': 97, 'en_mfi': False, 'mfi_n': 61, 'mfi_lower': 10, 'mfi_upper': 93, 'en_bollinger': False, 'bollinger_n': 69, 'bollinger_k': 2.7, 'en_adx': False, 'adx_n': 71, 'adx_threshold': 57, 'en_structure_trend': True, 'structure_trend_swing_l': 10, 'en_order_block': True, 'order_block_swing_l': 9, 'en_fvg': False, 'fvg_lookback': 50, 'en_ifvg': True, 'en_breaker': False, 'breaker_swing_l': 17, 'en_cisd': True, 'k': 3, 'en_cap_bars': False, 'cap_1min': 608}.
[I 2026-07-13 17:17:52,704] Trial 1008 finished with values: [446.37110550405623, -1476.4838525994946, 40.55] and parameters: {'sl_soft': 3.578361063233118, 'sl_hard_delta': 5.122016397226086, 'tp': 7.670322948010878, 'gate_pct': 57.542705711187445, 'dd_limit': 390.2087279618219, 'cooldown': 0, 'flip': False, 'en_ema_trend': True, 'ema_trend_fast': 55, 'ema_trend_slow': 316, 'en_sma_trend': False, 'sma_trend_fast': 167, 'sma_trend_slow': 324, 'en_macd': True, 'macd_fast': 16, 'macd_slow': 172, 'macd_signal': 30, 'en_vwap': False, 'en_keltner': False, 'keltner_n': 142, 'keltner_m': 3.7, 'en_obv': True, 'obv_slope': 160, 'en_cci': False, 'cci_n': 33, 'cci_threshold': 30, 'en_rsi': False, 'rsi_n': 43, 'rsi_lower': 20, 'rsi_upper': 91, 'en_stochastic': False, 'stochastic_n': 65, 'stochastic_d': 15, 'stochastic_lower': 40, 'stochastic_upper': 71, 'en_mfi': False, 'mfi_n': 70, 'mfi_lower': 17, 'mfi_upper': 78, 'en_bollinger': False, 'bollinger_n': 182, 'bollinger_k': 4.1, 'en_adx': False, 'adx_n': 20, 'adx_threshold': 50, 'en_structure_trend': True, 'structure_trend_swing_l': 7, 'en_order_block': False, 'order_block_swing_l': 19, 'en_fvg': False, 'fvg_lookback': 42, 'en_ifvg': True, 'en_breaker': True, 'breaker_swing_l': 20, 'en_cisd': True, 'k': 3, 'en_cap_bars': False, 'cap_1min': 1249}.
[I 2026-07-13 17:17:53,838] Trial 1009 finished with values: [366.5406313062135, -2752.761158440535, 34.4] and parameters: {'sl_soft': 3.578361063233118, 'sl_hard_delta': 1.5400466597035951, 'tp': 12.847641028720478, 'gate_pct': 76.55976188692937, 'dd_limit': 162.39650823726745, 'cooldown': 0, 'flip': False, 'en_ema_trend': True, 'ema_trend_fast': 317, 'ema_trend_slow': 346, 'en_sma_trend': True, 'sma_trend_fast': 173, 'sma_trend_slow': 163, 'en_macd': True, 'macd_fast': 16, 'macd_slow': 47, 'macd_signal': 85, 'en_vwap': False, 'en_keltner': True, 'keltner_n': 133, 'keltner_m': 2.2, 'en_obv': True, 'obv_slope': 19, 'en_cci': False, 'cci_n': 33, 'cci_threshold': 290, 'en_rsi': True, 'rsi_n': 33, 'rsi_lower': 8, 'rsi_upper': 69, 'en_stochastic': False, 'stochastic_n': 65, 'stochastic_d': 42, 'stochastic_lower': 4, 'stochastic_upper': 71, 'en_mfi': False, 'mfi_n': 61, 'mfi_lower': 17, 'mfi_upper': 78, 'en_bollinger': False, 'bollinger_n': 97, 'bollinger_k': 2.2, 'en_adx': False, 'adx_n': 79, 'adx_threshold': 34, 'en_structure_trend': True, 'structure_trend_swing_l': 10, 'en_order_block': False, 'order_block_swing_l': 9, 'en_fvg': False, 'fvg_lookback': 42, 'en_ifvg': True, 'en_breaker': False, 'breaker_swing_l': 17, 'en_cisd': True, 'k': 1, 'en_cap_bars': True, 'cap_1min': 929}.
[I 2026-07-13 17:17:59,487] Trial 1010 finished with values: [-226.63800087333357, -1744.0614837358908, 27.6] and parameters: {'sl_soft': 2.609471604804969, 'sl_hard_delta': 2.4202277271614805, 'tp': 9.378168989216427, 'gate_pct': 76.55976188692937, 'dd_limit': 39.52565804693206, 'cooldown': 2, 'flip': False, 'en_ema_trend': True, 'ema_trend_fast': 208, 'ema_trend_slow': 346, 'en_sma_trend': False, 'sma_trend_fast': 167, 'sma_trend_slow': 163, 'en_macd': True, 'macd_fast': 56, 'macd_slow': 63, 'macd_signal': 82, 'en_vwap': True, 'en_keltner': True, 'keltner_n': 123, 'keltner_m': 3.8000000000000003, 'en_obv': True, 'obv_slope': 19, 'en_cci': False, 'cci_n': 33, 'cci_threshold': 30, 'en_rsi': False, 'rsi_n': 5, 'rsi_lower': 8, 'rsi_upper': 69, 'en_stochastic': True, 'stochastic_n': 22, 'stochastic_d': 5, 'stochastic_lower': 4, 'stochastic_upper': 93, 'en_mfi': False, 'mfi_n': 11, 'mfi_lower': 19, 'mfi_upper': 68, 'en_bollinger': False, 'bollinger_n': 69, 'bollinger_k': 2.2, 'en_adx': False, 'adx_n': 79, 'adx_threshold': 50, 'en_structure_trend': True, 'structure_trend_swing_l': 5, 'en_order_block': True, 'order_block_swing_l': 9, 'en_fvg': False, 'fvg_lookback': 36, 'en_ifvg': False, 'en_breaker': True, 'breaker_swing_l': 1, 'en_cisd': True, 'k': 1, 'en_cap_bars': True, 'cap_1min': 929}.
[I 2026-07-13 17:18:00,622] Trial 1011 finished with values: [1139.3388107029637, -1469.9999999999704, 58.35] and parameters: {'sl_soft': 3.578361063233118, 'sl_hard_delta': 5.122016397226086, 'tp': 7.670322948010878, 'gate_pct': 76.55976188692937, 'dd_limit': 162.39650823726745, 'cooldown': 0, 'flip': False, 'en_ema_trend': True, 'ema_trend_fast': 317, 'ema_trend_slow': 301, 'en_sma_trend': False, 'sma_trend_fast': 167, 'sma_trend_slow': 163, 'en_macd': True, 'macd_fast': 16, 'macd_slow': 172, 'macd_signal': 85, 'en_vwap': True, 'en_keltner': False, 'keltner_n': 133, 'keltner_m': 2.2, 'en_obv': True, 'obv_slope': 47, 'en_cci': False, 'cci_n': 188, 'cci_threshold': 30, 'en_rsi': True, 'rsi_n': 33, 'rsi_lower': 20, 'rsi_upper': 86, 'en_stochastic': False, 'stochastic_n': 65, 'stochastic_d': 42, 'stochastic_lower': 4, 'stochastic_upper': 97, 'en_mfi': False, 'mfi_n': 7, 'mfi_lower': 17, 'mfi_upper': 69, 'en_bollinger': True, 'bollinger_n': 97, 'bollinger_k': 1.1, 'en_adx': False, 'adx_n': 20, 'adx_threshold': 34, 'en_structure_trend': True, 'structure_trend_swing_l': 10, 'en_order_block': False, 'order_block_swing_l': 19, 'en_fvg': False, 'fvg_lookback': 31, 'en_ifvg': True, 'en_breaker': False, 'breaker_swing_l': 17, 'en_cisd': True, 'k': 3, 'en_cap_bars': False, 'cap_1min': 3}.
[I 2026-07-13 17:18:03,685] Trial 1012 finished with values: [482.3933625268637, -693.4044249821113, 73.35] and parameters: {'sl_soft': 4.175083823529933, 'sl_hard_delta': 9.199132196036121, 'tp': 3.965955750179107, 'gate_pct': 44.04004169924129, 'dd_limit': 39.52565804693206, 'cooldown': 3, 'flip': False, 'en_ema_trend': False, 'ema_trend_fast': 317, 'ema_trend_slow': 301, 'en_sma_trend': True, 'sma_trend_fast': 173, 'sma_trend_slow': 143, 'en_macd': True, 'macd_fast': 16, 'macd_slow': 48, 'macd_signal': 85, 'en_vwap': True, 'en_keltner': True, 'keltner_n': 133, 'keltner_m': 3.8000000000000003, 'en_obv': True, 'obv_slope': 161, 'en_cci': True, 'cci_n': 33, 'cci_threshold': 195, 'en_rsi': True, 'rsi_n': 33, 'rsi_lower': 20, 'rsi_upper': 89, 'en_stochastic': True, 'stochastic_n': 22, 'stochastic_d': 42, 'stochastic_lower': 46, 'stochastic_upper': 93, 'en_mfi': False, 'mfi_n': 61, 'mfi_lower': 10, 'mfi_upper': 68, 'en_bollinger': False, 'bollinger_n': 22, 'bollinger_k': 1.6, 'en_adx': False, 'adx_n': 71, 'adx_threshold': 57, 'en_structure_trend': True, 'structure_trend_swing_l': 10, 'en_order_block': True, 'order_block_swing_l': 9, 'en_fvg': False, 'fvg_lookback': 50, 'en_ifvg': False, 'en_breaker': False, 'breaker_swing_l': 17, 'en_cisd': True, 'k': 3, 'en_cap_bars': True, 'cap_1min': 102}.
