[I 2026-07-13 17:31:31,860] Trial 1015 finished with values: [184.86840250028536, -744.7951451795007, 31.15] and parameters: {'sl_soft': 1.124380577176661, 'sl_hard_delta': 0.02145810771492437, 'tp': 2.1925639368831504, 'gate_pct': 81.43219065749138, 'dd_limit': 390.2569167971573, 'cooldown': 26, 'flip': True, 'en_ema_trend': True, 'ema_trend_fast': 393, 'ema_trend_slow': 38, 'en_sma_trend': False, 'sma_trend_fast': 29, 'sma_trend_slow': 376, 'en_macd': False, 'macd_fast': 6, 'macd_slow': 51, 'macd_signal': 9, 'en_vwap': False, 'en_keltner': False, 'keltner_n': 77, 'keltner_m': 4.5, 'en_obv': False, 'obv_slope': 162, 'en_cci': False, 'cci_n': 125, 'cci_threshold': 30, 'en_rsi': True, 'rsi_n': 54, 'rsi_lower': 23, 'rsi_upper': 82, 'en_stochastic': False, 'stochastic_n': 21, 'stochastic_d': 34, 'stochastic_lower': 2, 'stochastic_upper': 58, 'en_mfi': False, 'mfi_n': 97, 'mfi_lower': 37, 'mfi_upper': 76, 'en_bollinger': False, 'bollinger_n': 62, 'bollinger_k': 0.7, 'en_adx': False, 'adx_n': 33, 'adx_threshold': 18, 'en_structure_trend': True, 'structure_trend_swing_l': 1, 'en_order_block': True, 'order_block_swing_l': 12, 'en_fvg': False, 'fvg_lookback': 50, 'en_ifvg': False, 'en_breaker': False, 'breaker_swing_l': 5, 'en_cisd': True, 'k': 1, 'en_cap_bars': False, 'cap_1min': 418}.
[I 2026-07-13 17:31:32,307] Trial 1016 finished with values: [316.3534611964508, -348.33879820200764, 53.2] and parameters: {'sl_soft': 1.4326423495393754, 'sl_hard_delta': 0.09391430061437202, 'tp': 2.1925639368831504, 'gate_pct': 58.77346993604095, 'dd_limit': 439.4689893251477, 'cooldown': 1, 'flip': True, 'en_ema_trend': False, 'ema_trend_fast': 13, 'ema_trend_slow': 382, 'en_sma_trend': False, 'sma_trend_fast': 164, 'sma_trend_slow': 300, 'en_macd': False, 'macd_fast': 25, 'macd_slow': 53, 'macd_signal': 67, 'en_vwap': True, 'en_keltner': False, 'keltner_n': 178, 'keltner_m': 3.9000000000000004, 'en_obv': True, 'obv_slope': 162, 'en_cci': True, 'cci_n': 39, 'cci_threshold': 40, 'en_rsi': False, 'rsi_n': 67, 'rsi_lower': 18, 'rsi_upper': 95, 'en_stochastic': False, 'stochastic_n': 80, 'stochastic_d': 9, 'stochastic_lower': 44, 'stochastic_upper': 53, 'en_mfi': True, 'mfi_n': 2, 'mfi_lower': 12, 'mfi_upper': 62, 'en_bollinger': False, 'bollinger_n': 52, 'bollinger_k': 2.1, 'en_adx': False, 'adx_n': 19, 'adx_threshold': 5, 'en_structure_trend': True, 'structure_trend_swing_l': 17, 'en_order_block': False, 'order_block_swing_l': 1, 'en_fvg': True, 'fvg_lookback': 19, 'en_ifvg': False, 'en_breaker': False, 'breaker_swing_l': 5, 'en_cisd': True, 'k': 4, 'en_cap_bars': False, 'cap_1min': 652}.
[I 2026-07-13 17:31:33,716] Trial 1017 finished with values: [-159.29897148852774, -447.5379210997062, 45.65] and parameters: {'sl_soft': 1.4657917354156722, 'sl_hard_delta': 0.4218978700826674, 'tp': 1.2908052877716663, 'gate_pct': 74.50813821223942, 'dd_limit': 122.33756046500012, 'cooldown': 23, 'flip': True, 'en_ema_trend': True, 'ema_trend_fast': 55, 'ema_trend_slow': 84, 'en_sma_trend': False, 'sma_trend_fast': 29, 'sma_trend_slow': 384, 'en_macd': True, 'macd_fast': 6, 'macd_slow': 124, 'macd_signal': 13, 'en_vwap': False, 'en_keltner': False, 'keltner_n': 178, 'keltner_m': 4.8, 'en_obv': False, 'obv_slope': 52, 'en_cci': False, 'cci_n': 132, 'cci_threshold': 30, 'en_rsi': True, 'rsi_n': 54, 'rsi_lower': 17, 'rsi_upper': 91, 'en_stochastic': False, 'stochastic_n': 8, 'stochastic_d': 34, 'stochastic_lower': 44, 'stochastic_upper': 58, 'en_mfi': False, 'mfi_n': 65, 'mfi_lower': 40, 'mfi_upper': 76, 'en_bollinger': True, 'bollinger_n': 52, 'bollinger_k': 2.6, 'en_adx': False, 'adx_n': 31, 'adx_threshold': 44, 'en_structure_trend': True, 'structure_trend_swing_l': 1, 'en_order_block': False, 'order_block_swing_l': 11, 'en_fvg': False, 'fvg_lookback': 24, 'en_ifvg': True, 'en_breaker': False, 'breaker_swing_l': 5, 'en_cisd': True, 'k': 1, 'en_cap_bars': False, 'cap_1min': 933}.
[I 2026-07-13 17:31:33,994] Trial 1018 pruned. 
[I 2026-07-13 17:31:34,435] Trial 1019 pruned. 
[I 2026-07-13 17:31:35,087] Trial 1020 finished with values: [1193.926240298964, -1177.253112733706, 54.8] and parameters: {'sl_soft': 1.4326423495393754, 'sl_hard_delta': 2.023878961662409, 'tp': 2.1925639368831504, 'gate_pct': 81.43219065749138, 'dd_limit': 439.4689893251477, 'cooldown': 1, 'flip': True, 'en_ema_trend': True, 'ema_trend_fast': 205, 'ema_trend_slow': 132, 'en_sma_trend': False, 'sma_trend_fast': 164, 'sma_trend_slow': 376, 'en_macd': False, 'macd_fast': 80, 'macd_slow': 124, 'macd_signal': 9, 'en_vwap': True, 'en_keltner': False, 'keltner_n': 178, 'keltner_m': 3.9000000000000004, 'en_obv': True, 'obv_slope': 162, 'en_cci': False, 'cci_n': 39, 'cci_threshold': 80, 'en_rsi': False, 'rsi_n': 54, 'rsi_lower': 18, 'rsi_upper': 95, 'en_stochastic': False, 'stochastic_n': 25, 'stochastic_d': 34, 'stochastic_lower': 44, 'stochastic_upper': 53, 'en_mfi': True, 'mfi_n': 57, 'mfi_lower': 23, 'mfi_upper': 76, 'en_bollinger': False, 'bollinger_n': 104, 'bollinger_k': 2.1, 'en_adx': True, 'adx_n': 33, 'adx_threshold': 5, 'en_structure_trend': True, 'structure_trend_swing_l': 1, 'en_order_block': True, 'order_block_swing_l': 10, 'en_fvg': True, 'fvg_lookback': 1, 'en_ifvg': False, 'en_breaker': False, 'breaker_swing_l': 18, 'en_cisd': True, 'k': 4, 'en_cap_bars': False, 'cap_1min': 933}.
[I 2026-07-13 17:31:35,724] Trial 1021 finished with values: [45.76359572046158, -689.3562159875728, 43.75] and parameters: {'sl_soft': 1.4326423495393754, 'sl_hard_delta': 0.4218978700826674, 'tp': 2.249197437223498, 'gate_pct': 26.991527672954163, 'dd_limit': 390.2569167971573, 'cooldown': 1, 'flip': True, 'en_ema_trend': False, 'ema_trend_fast': 317, 'ema_trend_slow': 236, 'en_sma_trend': False, 'sma_trend_fast': 285, 'sma_trend_slow': 304, 'en_macd': True, 'macd_fast': 33, 'macd_slow': 144, 'macd_signal': 9, 'en_vwap': True, 'en_keltner': True, 'keltner_n': 77, 'keltner_m': 4.8, 'en_obv': True, 'obv_slope': 44, 'en_cci': False, 'cci_n': 32, 'cci_threshold': 50, 'en_rsi': True, 'rsi_n': 15, 'rsi_lower': 11, 'rsi_upper': 67, 'en_stochastic': False, 'stochastic_n': 56, 'stochastic_d': 42, 'stochastic_lower': 2, 'stochastic_upper': 74, 'en_mfi': True, 'mfi_n': 97, 'mfi_lower': 37, 'mfi_upper': 76, 'en_bollinger': True, 'bollinger_n': 34, 'bollinger_k': 2.8000000000000003, 'en_adx': False, 'adx_n': 42, 'adx_threshold': 9, 'en_structure_trend': False, 'structure_trend_swing_l': 10, 'en_order_block': True, 'order_block_swing_l': 14, 'en_fvg': False, 'fvg_lookback': 50, 'en_ifvg': False, 'en_breaker': True, 'breaker_swing_l': 5, 'en_cisd': True, 'k': 1, 'en_cap_bars': False, 'cap_1min': 1416}.
[I 2026-07-13 17:31:36,351] Trial 1022 finished with values: [-63.8190530257873, -1459.3994550551088, 51.650000000000006] and parameters: {'sl_soft': 1.4657917354156722, 'sl_hard_delta': 2.023878961662409, 'tp': 2.1925639368831504, 'gate_pct': 81.43219065749138, 'dd_limit': 122.33756046500012, 'cooldown': 1, 'flip': True, 'en_ema_trend': False, 'ema_trend_fast': 17, 'ema_trend_slow': 38, 'en_sma_trend': True, 'sma_trend_fast': 164, 'sma_trend_slow': 396, 'en_macd': True, 'macd_fast': 80, 'macd_slow': 53, 'macd_signal': 9, 'en_vwap': True, 'en_keltner': True, 'keltner_n': 178, 'keltner_m': 3.9000000000000004, 'en_obv': True, 'obv_slope': 162, 'en_cci': False, 'cci_n': 32, 'cci_threshold': 280, 'en_rsi': False, 'rsi_n': 5, 'rsi_lower': 11, 'rsi_upper': 95, 'en_stochastic': False, 'stochastic_n': 25, 'stochastic_d': 34, 'stochastic_lower': 2, 'stochastic_upper': 53, 'en_mfi': True, 'mfi_n': 2, 'mfi_lower': 37, 'mfi_upper': 76, 'en_bollinger': False, 'bollinger_n': 178, 'bollinger_k': 4.7, 'en_adx': True, 'adx_n': 19, 'adx_threshold': 9, 'en_structure_trend': True, 'structure_trend_swing_l': 17, 'en_order_block': False, 'order_block_swing_l': 1, 'en_fvg': False, 'fvg_lookback': 22, 'en_ifvg': False, 'en_breaker': False, 'breaker_swing_l': 1, 'en_cisd': True, 'k': 4, 'en_cap_bars': False, 'cap_1min': 652}.
[I 2026-07-13 17:31:36,871] Trial 1023 finished with values: [1449.1529970698195, -1149.5386719409908, 43.6] and parameters: {'sl_soft': 1.2795510837006852, 'sl_hard_delta': 0.02145810771492437, 'tp': 2.1925639368831504, 'gate_pct': 81.43219065749138, 'dd_limit': 122.33756046500012, 'cooldown': 1, 'flip': True, 'en_ema_trend': False, 'ema_trend_fast': 17, 'ema_trend_slow': 38, 'en_sma_trend': True, 'sma_trend_fast': 164, 'sma_trend_slow': 304, 'en_macd': True, 'macd_fast': 6, 'macd_slow': 51, 'macd_signal': 9, 'en_vwap': True, 'en_keltner': False, 'keltner_n': 77, 'keltner_m': 4.8, 'en_obv': False, 'obv_slope': 162, 'en_cci': False, 'cci_n': 125, 'cci_threshold': 280, 'en_rsi': True, 'rsi_n': 54, 'rsi_lower': 41, 'rsi_upper': 82, 'en_stochastic': False, 'stochastic_n': 89, 'stochastic_d': 34, 'stochastic_lower': 2, 'stochastic_upper': 58, 'en_mfi': False, 'mfi_n': 2, 'mfi_lower': 35, 'mfi_upper': 76, 'en_bollinger': False, 'bollinger_n': 34, 'bollinger_k': 3.8000000000000003, 'en_adx': False, 'adx_n': 42, 'adx_threshold': 11, 'en_structure_trend': True, 'structure_trend_swing_l': 1, 'en_order_block': True, 'order_block_swing_l': 9, 'en_fvg': False, 'fvg_lookback': 50, 'en_ifvg': False, 'en_breaker': False, 'breaker_swing_l': 1, 'en_cisd': True, 'k': 5, 'en_cap_bars': False, 'cap_1min': 1279}.
[I 2026-07-13 17:31:38,382] Trial 1024 finished with values: [800.5573042718595, -786.1459012214709, 47.25] and parameters: {'sl_soft': 1.4326423495393754, 'sl_hard_delta': 0.02145810771492437, 'tp': 2.249197437223498, 'gate_pct': 58.77346993604095, 'dd_limit': 439.4689893251477, 'cooldown': 1, 'flip': True, 'en_ema_trend': True, 'ema_trend_fast': 317, 'ema_trend_slow': 132, 'en_sma_trend': False, 'sma_trend_fast': 164, 'sma_trend_slow': 396, 'en_macd': True, 'macd_fast': 33, 'macd_slow': 144, 'macd_signal': 67, 'en_vwap': True, 'en_keltner': True, 'keltner_n': 178, 'keltner_m': 4.8, 'en_obv': True, 'obv_slope': 50, 'en_cci': False, 'cci_n': 39, 'cci_threshold': 80, 'en_rsi': False, 'rsi_n': 5, 'rsi_lower': 11, 'rsi_upper': 95, 'en_stochastic': False, 'stochastic_n': 80, 'stochastic_d': 37, 'stochastic_lower': 44, 'stochastic_upper': 53, 'en_mfi': True, 'mfi_n': 2, 'mfi_lower': 12, 'mfi_upper': 62, 'en_bollinger': True, 'bollinger_n': 104, 'bollinger_k': 2.1, 'en_adx': True, 'adx_n': 19, 'adx_threshold': 5, 'en_structure_trend': False, 'structure_trend_swing_l': 9, 'en_order_block': False, 'order_block_swing_l': 10, 'en_fvg': False, 'fvg_lookback': 19, 'en_ifvg': False, 'en_breaker': True, 'breaker_swing_l': 5, 'en_cisd': True, 'k': 1, 'en_cap_bars': True, 'cap_1min': 1416}.
[I 2026-07-13 17:31:39,672] Trial 1025 finished with values: [476.7984335877486, -469.48353485393, 64.5] and parameters: {'sl_soft': 1.4657917354156722, 'sl_hard_delta': 2.023878961662409, 'tp': 2.1925639368831504, 'gate_pct': 74.50813821223942, 'dd_limit': 439.4689893251477, 'cooldown': 23, 'flip': True, 'en_ema_trend': True, 'ema_trend_fast': 393, 'ema_trend_slow': 84, 'en_sma_trend': True, 'sma_trend_fast': 164, 'sma_trend_slow': 384, 'en_macd': True, 'macd_fast': 56, 'macd_slow': 79, 'macd_signal': 86, 'en_vwap': True, 'en_keltner': False, 'keltner_n': 178, 'keltner_m': 1.2000000000000002, 'en_obv': False, 'obv_slope': 50, 'en_cci': True, 'cci_n': 132, 'cci_threshold': 40, 'en_rsi': True, 'rsi_n': 5, 'rsi_lower': 46, 'rsi_upper': 95, 'en_stochastic': False, 'stochastic_n': 8, 'stochastic_d': 34, 'stochastic_lower': 44, 'stochastic_upper': 53, 'en_mfi': True, 'mfi_n': 2, 'mfi_lower': 40, 'mfi_upper': 62, 'en_bollinger': True, 'bollinger_n': 104, 'bollinger_k': 4.8, 'en_adx': False, 'adx_n': 19, 'adx_threshold': 44, 'en_structure_trend': True, 'structure_trend_swing_l': 19, 'en_order_block': False, 'order_block_swing_l': 1, 'en_fvg': False, 'fvg_lookback': 24, 'en_ifvg': True, 'en_breaker': False, 'breaker_swing_l': 19, 'en_cisd': True, 'k': 1, 'en_cap_bars': True, 'cap_1min': 1002}.
[I 2026-07-13 17:31:40,020] Trial 1026 finished with values: [199.52193411879762, -473.7557328499747, 60.25] and parameters: {'sl_soft': 1.4657917354156722, 'sl_hard_delta': 1.5681872635469993, 'tp': 1.9062213357503182, 'gate_pct': 26.991527672954163, 'dd_limit': 439.4689893251477, 'cooldown': 8, 'flip': True, 'en_ema_trend': True, 'ema_trend_fast': 317, 'ema_trend_slow': 38, 'en_sma_trend': False, 'sma_trend_fast': 285, 'sma_trend_slow': 300, 'en_macd': True, 'macd_fast': 80, 'macd_slow': 124, 'macd_signal': 9, 'en_vwap': True, 'en_keltner': True, 'keltner_n': 77, 'keltner_m': 4.5, 'en_obv': True, 'obv_slope': 170, 'en_cci': True, 'cci_n': 32, 'cci_threshold': 280, 'en_rsi': True, 'rsi_n': 15, 'rsi_lower': 23, 'rsi_upper': 71, 'en_stochastic': False, 'stochastic_n': 55, 'stochastic_d': 42, 'stochastic_lower': 2, 'stochastic_upper': 74, 'en_mfi': True, 'mfi_n': 97, 'mfi_lower': 35, 'mfi_upper': 76, 'en_bollinger': False, 'bollinger_n': 52, 'bollinger_k': 3.8000000000000003, 'en_adx': False, 'adx_n': 33, 'adx_threshold': 9, 'en_structure_trend': True, 'structure_trend_swing_l': 10, 'en_order_block': False, 'order_block_swing_l': 13, 'en_fvg': True, 'fvg_lookback': 45, 'en_ifvg': False, 'en_breaker': False, 'breaker_swing_l': 6, 'en_cisd': True, 'k': 1, 'en_cap_bars': False, 'cap_1min': 418}.
[I 2026-07-13 17:31:40,504] Trial 1027 finished with values: [618.2242637078275, -436.48721262336494, 63.0] and parameters: {'sl_soft': 1.4657917354156722, 'sl_hard_delta': 2.023878961662409, 'tp': 2.1925639368831504, 'gate_pct': 42.37120833684469, 'dd_limit': 439.4689893251477, 'cooldown': 26, 'flip': True, 'en_ema_trend': False, 'ema_trend_fast': 218, 'ema_trend_slow': 236, 'en_sma_trend': False, 'sma_trend_fast': 164, 'sma_trend_slow': 396, 'en_macd': True, 'macd_fast': 25, 'macd_slow': 53, 'macd_signal': 67, 'en_vwap': True, 'en_keltner': True, 'keltner_n': 178, 'keltner_m': 3.9000000000000004, 'en_obv': False, 'obv_slope': 50, 'en_cci': True, 'cci_n': 32, 'cci_threshold': 80, 'en_rsi': False, 'rsi_n': 5, 'rsi_lower': 11, 'rsi_upper': 95, 'en_stochastic': False, 'stochastic_n': 80, 'stochastic_d': 9, 'stochastic_lower': 44, 'stochastic_upper': 74, 'en_mfi': True, 'mfi_n': 2, 'mfi_lower': 35, 'mfi_upper': 62, 'en_bollinger': False, 'bollinger_n': 104, 'bollinger_k': 4.7, 'en_adx': False, 'adx_n': 19, 'adx_threshold': 44, 'en_structure_trend': True, 'structure_trend_swing_l': 17, 'en_order_block': False, 'order_block_swing_l': 1, 'en_fvg': False, 'fvg_lookback': 50, 'en_ifvg': False, 'en_breaker': False, 'breaker_swing_l': 18, 'en_cisd': True, 'k': 4, 'en_cap_bars': True, 'cap_1min': 652}.
[I 2026-07-13 17:31:41,008] Trial 1028 pruned. 
[I 2026-07-13 17:31:42,697] Trial 1029 finished with values: [249.89248613488826, -326.04300554601195, 61.900000000000006] and parameters: {'sl_soft': 1.2979586805955017, 'sl_hard_delta': 2.023878961662409, 'tp': 1.6930466296932924, 'gate_pct': 42.37120833684469, 'dd_limit': 439.4689893251477, 'cooldown': 1, 'flip': True, 'en_ema_trend': False, 'ema_trend_fast': 13, 'ema_trend_slow': 196, 'en_sma_trend': False, 'sma_trend_fast': 164, 'sma_trend_slow': 300, 'en_macd': True, 'macd_fast': 57, 'macd_slow': 53, 'macd_signal': 54, 'en_vwap': True, 'en_keltner': False, 'keltner_n': 178, 'keltner_m': 4.8, 'en_obv': True, 'obv_slope': 162, 'en_cci': False, 'cci_n': 23, 'cci_threshold': 280, 'en_rsi': False, 'rsi_n': 9, 'rsi_lower': 18, 'rsi_upper': 95, 'en_stochastic': False, 'stochastic_n': 55, 'stochastic_d': 9, 'stochastic_lower': 44, 'stochastic_upper': 58, 'en_mfi': True, 'mfi_n': 65, 'mfi_lower': 35, 'mfi_upper': 51, 'en_bollinger': True, 'bollinger_n': 104, 'bollinger_k': 4.7, 'en_adx': True, 'adx_n': 33, 'adx_threshold': 11, 'en_structure_trend': False, 'structure_trend_swing_l': 11, 'en_order_block': False, 'order_block_swing_l': 1, 'en_fvg': True, 'fvg_lookback': 19, 'en_ifvg': False, 'en_breaker': False, 'breaker_swing_l': 18, 'en_cisd': False, 'k': 4, 'en_cap_bars': True, 'cap_1min': 1416}.
[I 2026-07-13 17:31:44,652] Trial 1030 finished with values: [118.47256739189334, -605.9268584344636, 40.2] and parameters: {'sl_soft': 1.2795510837006852, 'sl_hard_delta': 0.02145810771492437, 'tp': 2.1925639368831504, 'gate_pct': 58.77346993604095, 'dd_limit': 390.2569167971573, 'cooldown': 1, 'flip': True, 'en_ema_trend': True, 'ema_trend_fast': 13, 'ema_trend_slow': 382, 'en_sma_trend': True, 'sma_trend_fast': 29, 'sma_trend_slow': 396, 'en_macd': False, 'macd_fast': 45, 'macd_slow': 51, 'macd_signal': 50, 'en_vwap': True, 'en_keltner': False, 'keltner_n': 178, 'keltner_m': 4.8, 'en_obv': False, 'obv_slope': 162, 'en_cci': True, 'cci_n': 125, 'cci_threshold': 50, 'en_rsi': True, 'rsi_n': 54, 'rsi_lower': 18, 'rsi_upper': 82, 'en_stochastic': False, 'stochastic_n': 89, 'stochastic_d': 34, 'stochastic_lower': 44, 'stochastic_upper': 53, 'en_mfi': True, 'mfi_n': 65, 'mfi_lower': 35, 'mfi_upper': 76, 'en_bollinger': False, 'bollinger_n': 34, 'bollinger_k': 0.7, 'en_adx': True, 'adx_n': 42, 'adx_threshold': 11, 'en_structure_trend': True, 'structure_trend_swing_l': 1, 'en_order_block': True, 'order_block_swing_l': 1, 'en_fvg': False, 'fvg_lookback': 50, 'en_ifvg': False, 'en_breaker': False, 'breaker_swing_l': 18, 'en_cisd': True, 'k': 4, 'en_cap_bars': False, 'cap_1min': 652}.
[I 2026-07-13 17:31:45,103] Trial 1031 finished with values: [618.5107401209962, -589.3701626785287, 61.1] and parameters: {'sl_soft': 1.4326423495393754, 'sl_hard_delta': 2.023878961662409, 'tp': 2.1925639368831504, 'gate_pct': 58.77346993604095, 'dd_limit': 185.87857714152602, 'cooldown': 1, 'flip': True, 'en_ema_trend': True, 'ema_trend_fast': 13, 'ema_trend_slow': 382, 'en_sma_trend': False, 'sma_trend_fast': 164, 'sma_trend_slow': 300, 'en_macd': False, 'macd_fast': 45, 'macd_slow': 53, 'macd_signal': 67, 'en_vwap': True, 'en_keltner': False, 'keltner_n': 178, 'keltner_m': 3.9000000000000004, 'en_obv': True, 'obv_slope': 162, 'en_cci': True, 'cci_n': 125, 'cci_threshold': 40, 'en_rsi': False, 'rsi_n': 67, 'rsi_lower': 23, 'rsi_upper': 95, 'en_stochastic': False, 'stochastic_n': 80, 'stochastic_d': 34, 'stochastic_lower': 44, 'stochastic_upper': 53, 'en_mfi': True, 'mfi_n': 2, 'mfi_lower': 12, 'mfi_upper': 62, 'en_bollinger': False, 'bollinger_n': 88, 'bollinger_k': 2.1, 'en_adx': False, 'adx_n': 19, 'adx_threshold': 5, 'en_structure_trend': True, 'structure_trend_swing_l': 17, 'en_order_block': False, 'order_block_swing_l': 9, 'en_fvg': False, 'fvg_lookback': 19, 'en_ifvg': False, 'en_breaker': False, 'breaker_swing_l': 18, 'en_cisd': True, 'k': 1, 'en_cap_bars': False, 'cap_1min': 933}.
[I 2026-07-13 17:31:45,570] Trial 1032 finished with values: [303.65558804010107, -357.03961529443404, 54.7] and parameters: {'sl_soft': 1.2795510837006852, 'sl_hard_delta': 0.09391430061437202, 'tp': 1.9062213357503182, 'gate_pct': 26.991527672954163, 'dd_limit': 390.2569167971573, 'cooldown': 26, 'flip': True, 'en_ema_trend': True, 'ema_trend_fast': 236, 'ema_trend_slow': 99, 'en_sma_trend': False, 'sma_trend_fast': 29, 'sma_trend_slow': 304, 'en_macd': True, 'macd_fast': 6, 'macd_slow': 51, 'macd_signal': 50, 'en_vwap': True, 'en_keltner': False, 'keltner_n': 77, 'keltner_m': 4.8, 'en_obv': False, 'obv_slope': 170, 'en_cci': False, 'cci_n': 42, 'cci_threshold': 50, 'en_rsi': True, 'rsi_n': 72, 'rsi_lower': 23, 'rsi_upper': 82, 'en_stochastic': False, 'stochastic_n': 89, 'stochastic_d': 6, 'stochastic_lower': 28, 'stochastic_upper': 70, 'en_mfi': False, 'mfi_n': 53, 'mfi_lower': 37, 'mfi_upper': 76, 'en_bollinger': False, 'bollinger_n': 34, 'bollinger_k': 0.7, 'en_adx': False, 'adx_n': 42, 'adx_threshold': 5, 'en_structure_trend': False, 'structure_trend_swing_l': 1, 'en_order_block': True, 'order_block_swing_l': 9, 'en_fvg': False, 'fvg_lookback': 50, 'en_ifvg': False, 'en_breaker': False, 'breaker_swing_l': 3, 'en_cisd': True, 'k': 4, 'en_cap_bars': False, 'cap_1min': 1381}.
[I 2026-07-13 17:31:46,588] Trial 1033 finished with values: [82.58721937571636, -1045.1193883208362, 48.0] and parameters: {'sl_soft': 1.4326423495393754, 'sl_hard_delta': 0.4218978700826674, 'tp': 2.1925639368831504, 'gate_pct': 81.43219065749138, 'dd_limit': 439.4689893251477, 'cooldown': 1, 'flip': True, 'en_ema_trend': True, 'ema_trend_fast': 17, 'ema_trend_slow': 38, 'en_sma_trend': True, 'sma_trend_fast': 164, 'sma_trend_slow': 84, 'en_macd': False, 'macd_fast': 80, 'macd_slow': 134, 'macd_signal': 9, 'en_vwap': False, 'en_keltner': False, 'keltner_n': 178, 'keltner_m': 4.5, 'en_obv': True, 'obv_slope': 162, 'en_cci': True, 'cci_n': 125, 'cci_threshold': 35, 'en_rsi': False, 'rsi_n': 48, 'rsi_lower': 41, 'rsi_upper': 95, 'en_stochastic': False, 'stochastic_n': 25, 'stochastic_d': 9, 'stochastic_lower': 2, 'stochastic_upper': 53, 'en_mfi': True, 'mfi_n': 2, 'mfi_lower': 12, 'mfi_upper': 62, 'en_bollinger': False, 'bollinger_n': 104, 'bollinger_k': 2.1, 'en_adx': True, 'adx_n': 42, 'adx_threshold': 5, 'en_structure_trend': True, 'structure_trend_swing_l': 17, 'en_order_block': False, 'order_block_swing_l': 6, 'en_fvg': True, 'fvg_lookback': 19, 'en_ifvg': False, 'en_breaker': False, 'breaker_swing_l': 1, 'en_cisd': True, 'k': 4, 'en_cap_bars': True, 'cap_1min': 652}.
