[I 2026-07-13 17:28:02,151] Trial 825 finished with values: [-204.0679466408278, -451.66525975876084, 22.65] and parameters: {'sl_soft': 0.7094262335134363, 'sl_hard_delta': 2.023878961662409, 'tp': 2.390195776514097, 'gate_pct': 42.37120833684469, 'dd_limit': 122.33756046500012, 'cooldown': 17, 'flip': True, 'en_ema_trend': False, 'ema_trend_fast': 393, 'ema_trend_slow': 8, 'en_sma_trend': False, 'sma_trend_fast': 271, 'sma_trend_slow': 396, 'en_macd': False, 'macd_fast': 56, 'macd_slow': 154, 'macd_signal': 32, 'en_vwap': False, 'en_keltner': True, 'keltner_n': 3, 'keltner_m': 3.9000000000000004, 'en_obv': True, 'obv_slope': 162, 'en_cci': True, 'cci_n': 125, 'cci_threshold': 30, 'en_rsi': False, 'rsi_n': 74, 'rsi_lower': 17, 'rsi_upper': 71, 'en_stochastic': False, 'stochastic_n': 25, 'stochastic_d': 34, 'stochastic_lower': 44, 'stochastic_upper': 63, 'en_mfi': False, 'mfi_n': 65, 'mfi_lower': 20, 'mfi_upper': 74, 'en_bollinger': False, 'bollinger_n': 96, 'bollinger_k': 4.7, 'en_adx': True, 'adx_n': 19, 'adx_threshold': 11, 'en_structure_trend': True, 'structure_trend_swing_l': 1, 'en_order_block': False, 'order_block_swing_l': 1, 'en_fvg': True, 'fvg_lookback': 25, 'en_ifvg': False, 'en_breaker': False, 'breaker_swing_l': 1, 'en_cisd': True, 'k': 2, 'en_cap_bars': True, 'cap_1min': 652}.
[I 2026-07-13 17:28:08,044] Trial 826 finished with values: [-17.12895813710702, -499.9641376695308, 50.05] and parameters: {'sl_soft': 1.2979586805955017, 'sl_hard_delta': 0.4218978700826674, 'tp': 1.6930466296932924, 'gate_pct': 84.68288014900352, 'dd_limit': 225.9151492162283, 'cooldown': 26, 'flip': True, 'en_ema_trend': False, 'ema_trend_fast': 29, 'ema_trend_slow': 90, 'en_sma_trend': False, 'sma_trend_fast': 266, 'sma_trend_slow': 304, 'en_macd': True, 'macd_fast': 100, 'macd_slow': 144, 'macd_signal': 26, 'en_vwap': True, 'en_keltner': True, 'keltner_n': 137, 'keltner_m': 0.5, 'en_obv': True, 'obv_slope': 145, 'en_cci': True, 'cci_n': 23, 'cci_threshold': 280, 'en_rsi': True, 'rsi_n': 72, 'rsi_lower': 23, 'rsi_upper': 59, 'en_stochastic': False, 'stochastic_n': 21, 'stochastic_d': 6, 'stochastic_lower': 44, 'stochastic_upper': 70, 'en_mfi': False, 'mfi_n': 53, 'mfi_lower': 20, 'mfi_upper': 51, 'en_bollinger': True, 'bollinger_n': 178, 'bollinger_k': 4.7, 'en_adx': True, 'adx_n': 2, 'adx_threshold': 41, 'en_structure_trend': False, 'structure_trend_swing_l': 11, 'en_order_block': True, 'order_block_swing_l': 12, 'en_fvg': True, 'fvg_lookback': 31, 'en_ifvg': False, 'en_breaker': False, 'breaker_swing_l': 3, 'en_cisd': True, 'k': 1, 'en_cap_bars': False, 'cap_1min': 1381}.
[I 2026-07-13 17:28:08,501] Trial 827 finished with values: [651.9408248910167, -583.3654294055123, 47.3] and parameters: {'sl_soft': 1.124380577176661, 'sl_hard_delta': 0.4218978700826674, 'tp': 2.249197437223498, 'gate_pct': 81.43219065749138, 'dd_limit': 237.24919875730757, 'cooldown': 8, 'flip': True, 'en_ema_trend': True, 'ema_trend_fast': 317, 'ema_trend_slow': 38, 'en_sma_trend': True, 'sma_trend_fast': 285, 'sma_trend_slow': 304, 'en_macd': False, 'macd_fast': 80, 'macd_slow': 162, 'macd_signal': 9, 'en_vwap': False, 'en_keltner': True, 'keltner_n': 77, 'keltner_m': 4.5, 'en_obv': True, 'obv_slope': 162, 'en_cci': False, 'cci_n': 125, 'cci_threshold': 280, 'en_rsi': True, 'rsi_n': 5, 'rsi_lower': 23, 'rsi_upper': 71, 'en_stochastic': False, 'stochastic_n': 56, 'stochastic_d': 26, 'stochastic_lower': 2, 'stochastic_upper': 53, 'en_mfi': True, 'mfi_n': 97, 'mfi_lower': 37, 'mfi_upper': 76, 'en_bollinger': False, 'bollinger_n': 34, 'bollinger_k': 3.8000000000000003, 'en_adx': True, 'adx_n': 42, 'adx_threshold': 9, 'en_structure_trend': False, 'structure_trend_swing_l': 10, 'en_order_block': False, 'order_block_swing_l': 9, 'en_fvg': False, 'fvg_lookback': 25, 'en_ifvg': False, 'en_breaker': False, 'breaker_swing_l': 1, 'en_cisd': True, 'k': 1, 'en_cap_bars': False, 'cap_1min': 933}.
[I 2026-07-13 17:28:10,249] Trial 828 finished with values: [1211.8772326026487, -1156.4815679698086, 47.65] and parameters: {'sl_soft': 1.4326423495393754, 'sl_hard_delta': 0.09391430061437202, 'tp': 2.1925639368831504, 'gate_pct': 58.77346993604095, 'dd_limit': 439.4689893251477, 'cooldown': 1, 'flip': True, 'en_ema_trend': True, 'ema_trend_fast': 13, 'ema_trend_slow': 38, 'en_sma_trend': False, 'sma_trend_fast': 362, 'sma_trend_slow': 300, 'en_macd': True, 'macd_fast': 25, 'macd_slow': 124, 'macd_signal': 22, 'en_vwap': False, 'en_keltner': True, 'keltner_n': 162, 'keltner_m': 4.8, 'en_obv': False, 'obv_slope': 170, 'en_cci': True, 'cci_n': 39, 'cci_threshold': 80, 'en_rsi': False, 'rsi_n': 15, 'rsi_lower': 41, 'rsi_upper': 67, 'en_stochastic': False, 'stochastic_n': 80, 'stochastic_d': 35, 'stochastic_lower': 2, 'stochastic_upper': 74, 'en_mfi': False, 'mfi_n': 2, 'mfi_lower': 37, 'mfi_upper': 76, 'en_bollinger': True, 'bollinger_n': 178, 'bollinger_k': 2.8000000000000003, 'en_adx': False, 'adx_n': 48, 'adx_threshold': 9, 'en_structure_trend': True, 'structure_trend_swing_l': 17, 'en_order_block': False, 'order_block_swing_l': 14, 'en_fvg': False, 'fvg_lookback': 19, 'en_ifvg': False, 'en_breaker': False, 'breaker_swing_l': 5, 'en_cisd': True, 'k': 1, 'en_cap_bars': False, 'cap_1min': 1416}.
[I 2026-07-13 17:28:11,782] Trial 829 finished with values: [513.2495237985381, -587.8727125533942, 63.35] and parameters: {'sl_soft': 1.124380577176661, 'sl_hard_delta': 2.023878961662409, 'tp': 1.2908052877716663, 'gate_pct': 74.50813821223942, 'dd_limit': 434.8338936907749, 'cooldown': 14, 'flip': True, 'en_ema_trend': True, 'ema_trend_fast': 13, 'ema_trend_slow': 291, 'en_sma_trend': True, 'sma_trend_fast': 164, 'sma_trend_slow': 396, 'en_macd': True, 'macd_fast': 25, 'macd_slow': 79, 'macd_signal': 86, 'en_vwap': True, 'en_keltner': False, 'keltner_n': 178, 'keltner_m': 4.5, 'en_obv': False, 'obv_slope': 162, 'en_cci': True, 'cci_n': 125, 'cci_threshold': 50, 'en_rsi': True, 'rsi_n': 5, 'rsi_lower': 46, 'rsi_upper': 91, 'en_stochastic': False, 'stochastic_n': 8, 'stochastic_d': 34, 'stochastic_lower': 36, 'stochastic_upper': 58, 'en_mfi': True, 'mfi_n': 26, 'mfi_lower': 37, 'mfi_upper': 76, 'en_bollinger': True, 'bollinger_n': 52, 'bollinger_k': 2.6, 'en_adx': True, 'adx_n': 33, 'adx_threshold': 5, 'en_structure_trend': True, 'structure_trend_swing_l': 19, 'en_order_block': False, 'order_block_swing_l': 13, 'en_fvg': False, 'fvg_lookback': 19, 'en_ifvg': True, 'en_breaker': False, 'breaker_swing_l': 18, 'en_cisd': True, 'k': 1, 'en_cap_bars': True, 'cap_1min': 933}.
[I 2026-07-13 17:28:13,136] Trial 830 finished with values: [-139.96498686474865, -893.3637497568952, 38.9] and parameters: {'sl_soft': 1.4657917354156722, 'sl_hard_delta': 0.09391430061437202, 'tp': 2.249197437223498, 'gate_pct': 81.43219065749138, 'dd_limit': 439.4689893251477, 'cooldown': 8, 'flip': True, 'en_ema_trend': True, 'ema_trend_fast': 13, 'ema_trend_slow': 196, 'en_sma_trend': False, 'sma_trend_fast': 337, 'sma_trend_slow': 300, 'en_macd': True, 'macd_fast': 25, 'macd_slow': 124, 'macd_signal': 22, 'en_vwap': False, 'en_keltner': False, 'keltner_n': 178, 'keltner_m': 4.8, 'en_obv': False, 'obv_slope': 50, 'en_cci': True, 'cci_n': 32, 'cci_threshold': 280, 'en_rsi': True, 'rsi_n': 9, 'rsi_lower': 11, 'rsi_upper': 67, 'en_stochastic': False, 'stochastic_n': 55, 'stochastic_d': 31, 'stochastic_lower': 11, 'stochastic_upper': 53, 'en_mfi': True, 'mfi_n': 2, 'mfi_lower': 35, 'mfi_upper': 62, 'en_bollinger': True, 'bollinger_n': 104, 'bollinger_k': 4.7, 'en_adx': False, 'adx_n': 59, 'adx_threshold': 5, 'en_structure_trend': False, 'structure_trend_swing_l': 11, 'en_order_block': False, 'order_block_swing_l': 12, 'en_fvg': False, 'fvg_lookback': 45, 'en_ifvg': False, 'en_breaker': False, 'breaker_swing_l': 5, 'en_cisd': True, 'k': 1, 'en_cap_bars': False, 'cap_1min': 1416}.
[I 2026-07-13 17:28:13,547] Trial 831 finished with values: [242.08485773378925, -260.2018382831375, 50.0] and parameters: {'sl_soft': 1.2795510837006852, 'sl_hard_delta': 0.02145810771492437, 'tp': 1.9062213357503182, 'gate_pct': 26.991527672954163, 'dd_limit': 225.9151492162283, 'cooldown': 26, 'flip': True, 'en_ema_trend': False, 'ema_trend_fast': 317, 'ema_trend_slow': 90, 'en_sma_trend': False, 'sma_trend_fast': 285, 'sma_trend_slow': 304, 'en_macd': True, 'macd_fast': 100, 'macd_slow': 144, 'macd_signal': 9, 'en_vwap': True, 'en_keltner': True, 'keltner_n': 162, 'keltner_m': 0.5, 'en_obv': True, 'obv_slope': 44, 'en_cci': False, 'cci_n': 125, 'cci_threshold': 50, 'en_rsi': True, 'rsi_n': 15, 'rsi_lower': 41, 'rsi_upper': 82, 'en_stochastic': False, 'stochastic_n': 21, 'stochastic_d': 37, 'stochastic_lower': 2, 'stochastic_upper': 67, 'en_mfi': False, 'mfi_n': 97, 'mfi_lower': 37, 'mfi_upper': 76, 'en_bollinger': True, 'bollinger_n': 34, 'bollinger_k': 3.8000000000000003, 'en_adx': True, 'adx_n': 2, 'adx_threshold': 9, 'en_structure_trend': True, 'structure_trend_swing_l': 10, 'en_order_block': True, 'order_block_swing_l': 13, 'en_fvg': False, 'fvg_lookback': 50, 'en_ifvg': False, 'en_breaker': False, 'breaker_swing_l': 5, 'en_cisd': True, 'k': 1, 'en_cap_bars': False, 'cap_1min': 370}.
[I 2026-07-13 17:28:13,937] Trial 832 finished with values: [269.4874360433005, -487.3179511163471, 47.0] and parameters: {'sl_soft': 1.124380577176661, 'sl_hard_delta': 0.09391430061437202, 'tp': 1.9062213357503182, 'gate_pct': 26.991527672954163, 'dd_limit': 439.4689893251477, 'cooldown': 1, 'flip': True, 'en_ema_trend': False, 'ema_trend_fast': 317, 'ema_trend_slow': 99, 'en_sma_trend': False, 'sma_trend_fast': 164, 'sma_trend_slow': 304, 'en_macd': True, 'macd_fast': 80, 'macd_slow': 124, 'macd_signal': 9, 'en_vwap': True, 'en_keltner': False, 'keltner_n': 77, 'keltner_m': 4.5, 'en_obv': True, 'obv_slope': 44, 'en_cci': True, 'cci_n': 39, 'cci_threshold': 50, 'en_rsi': True, 'rsi_n': 48, 'rsi_lower': 41, 'rsi_upper': 82, 'en_stochastic': False, 'stochastic_n': 56, 'stochastic_d': 34, 'stochastic_lower': 2, 'stochastic_upper': 82, 'en_mfi': False, 'mfi_n': 2, 'mfi_lower': 37, 'mfi_upper': 62, 'en_bollinger': False, 'bollinger_n': 34, 'bollinger_k': 3.8000000000000003, 'en_adx': False, 'adx_n': 42, 'adx_threshold': 5, 'en_structure_trend': True, 'structure_trend_swing_l': 10, 'en_order_block': True, 'order_block_swing_l': 13, 'en_fvg': False, 'fvg_lookback': 50, 'en_ifvg': False, 'en_breaker': False, 'breaker_swing_l': 5, 'en_cisd': True, 'k': 1, 'en_cap_bars': False, 'cap_1min': 418}.
[I 2026-07-13 17:28:14,422] Trial 833 finished with values: [400.1817615234131, -260.2018382831375, 49.45] and parameters: {'sl_soft': 1.2795510837006852, 'sl_hard_delta': 0.02145810771492437, 'tp': 1.9062213357503182, 'gate_pct': 26.991527672954163, 'dd_limit': 225.9151492162283, 'cooldown': 26, 'flip': True, 'en_ema_trend': False, 'ema_trend_fast': 317, 'ema_trend_slow': 38, 'en_sma_trend': False, 'sma_trend_fast': 285, 'sma_trend_slow': 304, 'en_macd': True, 'macd_fast': 80, 'macd_slow': 47, 'macd_signal': 9, 'en_vwap': True, 'en_keltner': True, 'keltner_n': 162, 'keltner_m': 0.5, 'en_obv': True, 'obv_slope': 44, 'en_cci': False, 'cci_n': 125, 'cci_threshold': 50, 'en_rsi': True, 'rsi_n': 15, 'rsi_lower': 23, 'rsi_upper': 82, 'en_stochastic': False, 'stochastic_n': 89, 'stochastic_d': 3, 'stochastic_lower': 2, 'stochastic_upper': 77, 'en_mfi': False, 'mfi_n': 97, 'mfi_lower': 37, 'mfi_upper': 76, 'en_bollinger': False, 'bollinger_n': 34, 'bollinger_k': 3.8000000000000003, 'en_adx': True, 'adx_n': 2, 'adx_threshold': 18, 'en_structure_trend': True, 'structure_trend_swing_l': 10, 'en_order_block': True, 'order_block_swing_l': 13, 'en_fvg': False, 'fvg_lookback': 50, 'en_ifvg': False, 'en_breaker': False, 'breaker_swing_l': 3, 'en_cisd': True, 'k': 1, 'en_cap_bars': False, 'cap_1min': 1381}.
[I 2026-07-13 17:28:15,267] Trial 834 finished with values: [618.2242637078275, -436.48721262336494, 63.0] and parameters: {'sl_soft': 1.4657917354156722, 'sl_hard_delta': 2.023878961662409, 'tp': 2.1925639368831504, 'gate_pct': 42.37120833684469, 'dd_limit': 439.4689893251477, 'cooldown': 26, 'flip': True, 'en_ema_trend': False, 'ema_trend_fast': 13, 'ema_trend_slow': 236, 'en_sma_trend': False, 'sma_trend_fast': 164, 'sma_trend_slow': 396, 'en_macd': True, 'macd_fast': 25, 'macd_slow': 53, 'macd_signal': 67, 'en_vwap': True, 'en_keltner': True, 'keltner_n': 178, 'keltner_m': 3.9000000000000004, 'en_obv': False, 'obv_slope': 50, 'en_cci': True, 'cci_n': 32, 'cci_threshold': 80, 'en_rsi': False, 'rsi_n': 5, 'rsi_lower': 11, 'rsi_upper': 95, 'en_stochastic': False, 'stochastic_n': 80, 'stochastic_d': 9, 'stochastic_lower': 44, 'stochastic_upper': 74, 'en_mfi': True, 'mfi_n': 2, 'mfi_lower': 35, 'mfi_upper': 62, 'en_bollinger': False, 'bollinger_n': 104, 'bollinger_k': 4.7, 'en_adx': False, 'adx_n': 19, 'adx_threshold': 44, 'en_structure_trend': True, 'structure_trend_swing_l': 17, 'en_order_block': False, 'order_block_swing_l': 1, 'en_fvg': False, 'fvg_lookback': 50, 'en_ifvg': False, 'en_breaker': False, 'breaker_swing_l': 18, 'en_cisd': True, 'k': 4, 'en_cap_bars': True, 'cap_1min': 652}.
[I 2026-07-13 17:28:17,016] Trial 835 finished with values: [-24.413907104576538, -577.2773321981276, 58.6] and parameters: {'sl_soft': 1.4657917354156722, 'sl_hard_delta': 2.000352014019867, 'tp': 1.2908052877716663, 'gate_pct': 74.50813821223942, 'dd_limit': 434.8338936907749, 'cooldown': 23, 'flip': True, 'en_ema_trend': True, 'ema_trend_fast': 13, 'ema_trend_slow': 291, 'en_sma_trend': True, 'sma_trend_fast': 142, 'sma_trend_slow': 300, 'en_macd': True, 'macd_fast': 6, 'macd_slow': 79, 'macd_signal': 13, 'en_vwap': True, 'en_keltner': True, 'keltner_n': 178, 'keltner_m': 1.2000000000000002, 'en_obv': False, 'obv_slope': 52, 'en_cci': True, 'cci_n': 32, 'cci_threshold': 280, 'en_rsi': True, 'rsi_n': 5, 'rsi_lower': 46, 'rsi_upper': 63, 'en_stochastic': False, 'stochastic_n': 8, 'stochastic_d': 7, 'stochastic_lower': 44, 'stochastic_upper': 58, 'en_mfi': True, 'mfi_n': 26, 'mfi_lower': 40, 'mfi_upper': 61, 'en_bollinger': True, 'bollinger_n': 52, 'bollinger_k': 4.7, 'en_adx': False, 'adx_n': 47, 'adx_threshold': 12, 'en_structure_trend': False, 'structure_trend_swing_l': 19, 'en_order_block': False, 'order_block_swing_l': 11, 'en_fvg': False, 'fvg_lookback': 19, 'en_ifvg': True, 'en_breaker': False, 'breaker_swing_l': 5, 'en_cisd': False, 'k': 1, 'en_cap_bars': True, 'cap_1min': 1416}.
[I 2026-07-13 17:28:18,467] Trial 836 finished with values: [416.21226497412636, -346.23802944795443, 48.1] and parameters: {'sl_soft': 1.124380577176661, 'sl_hard_delta': 0.02145810771492437, 'tp': 2.1925639368831504, 'gate_pct': 26.991527672954163, 'dd_limit': 439.4689893251477, 'cooldown': 26, 'flip': True, 'en_ema_trend': True, 'ema_trend_fast': 317, 'ema_trend_slow': 132, 'en_sma_trend': False, 'sma_trend_fast': 285, 'sma_trend_slow': 304, 'en_macd': True, 'macd_fast': 25, 'macd_slow': 47, 'macd_signal': 9, 'en_vwap': True, 'en_keltner': False, 'keltner_n': 178, 'keltner_m': 4.5, 'en_obv': True, 'obv_slope': 162, 'en_cci': True, 'cci_n': 125, 'cci_threshold': 50, 'en_rsi': False, 'rsi_n': 9, 'rsi_lower': 41, 'rsi_upper': 71, 'en_stochastic': False, 'stochastic_n': 80, 'stochastic_d': 34, 'stochastic_lower': 44, 'stochastic_upper': 58, 'en_mfi': False, 'mfi_n': 2, 'mfi_lower': 37, 'mfi_upper': 76, 'en_bollinger': False, 'bollinger_n': 178, 'bollinger_k': 3.8000000000000003, 'en_adx': True, 'adx_n': 33, 'adx_threshold': 9, 'en_structure_trend': True, 'structure_trend_swing_l': 10, 'en_order_block': True, 'order_block_swing_l': 13, 'en_fvg': False, 'fvg_lookback': 50, 'en_ifvg': False, 'en_breaker': False, 'breaker_swing_l': 18, 'en_cisd': True, 'k': 1, 'en_cap_bars': True, 'cap_1min': 933}.
[I 2026-07-13 17:28:18,729] Trial 837 finished with values: [311.01278737666007, -184.9999999999909, 72.65] and parameters: {'sl_soft': 1.4326423495393754, 'sl_hard_delta': 2.023878961662409, 'tp': 2.1925639368831504, 'gate_pct': 42.37120833684469, 'dd_limit': 439.4689893251477, 'cooldown': 1, 'flip': True, 'en_ema_trend': False, 'ema_trend_fast': 13, 'ema_trend_slow': 132, 'en_sma_trend': False, 'sma_trend_fast': 164, 'sma_trend_slow': 396, 'en_macd': False, 'macd_fast': 45, 'macd_slow': 124, 'macd_signal': 67, 'en_vwap': True, 'en_keltner': False, 'keltner_n': 178, 'keltner_m': 3.9000000000000004, 'en_obv': True, 'obv_slope': 170, 'en_cci': True, 'cci_n': 156, 'cci_threshold': 80, 'en_rsi': False, 'rsi_n': 48, 'rsi_lower': 18, 'rsi_upper': 95, 'en_stochastic': False, 'stochastic_n': 80, 'stochastic_d': 35, 'stochastic_lower': 44, 'stochastic_upper': 53, 'en_mfi': True, 'mfi_n': 2, 'mfi_lower': 20, 'mfi_upper': 62, 'en_bollinger': False, 'bollinger_n': 104, 'bollinger_k': 2.1, 'en_adx': True, 'adx_n': 19, 'adx_threshold': 5, 'en_structure_trend': True, 'structure_trend_swing_l': 17, 'en_order_block': False, 'order_block_swing_l': 10, 'en_fvg': True, 'fvg_lookback': 19, 'en_ifvg': False, 'en_breaker': False, 'breaker_swing_l': 18, 'en_cisd': True, 'k': 4, 'en_cap_bars': True, 'cap_1min': 613}.
[I 2026-07-13 17:28:19,064] Trial 838 finished with values: [227.48853430008467, -275.0, 59.1] and parameters: {'sl_soft': 1.4326423495393754, 'sl_hard_delta': 2.023878961662409, 'tp': 1.9062213357503182, 'gate_pct': 58.77346993604095, 'dd_limit': 390.2569167971573, 'cooldown': 26, 'flip': True, 'en_ema_trend': False, 'ema_trend_fast': 317, 'ema_trend_slow': 132, 'en_sma_trend': False, 'sma_trend_fast': 285, 'sma_trend_slow': 343, 'en_macd': False, 'macd_fast': 45, 'macd_slow': 47, 'macd_signal': 67, 'en_vwap': True, 'en_keltner': False, 'keltner_n': 77, 'keltner_m': 0.5, 'en_obv': True, 'obv_slope': 44, 'en_cci': True, 'cci_n': 39, 'cci_threshold': 50, 'en_rsi': True, 'rsi_n': 48, 'rsi_lower': 41, 'rsi_upper': 95, 'en_stochastic': False, 'stochastic_n': 80, 'stochastic_d': 35, 'stochastic_lower': 2, 'stochastic_upper': 77, 'en_mfi': True, 'mfi_n': 2, 'mfi_lower': 37, 'mfi_upper': 62, 'en_bollinger': False, 'bollinger_n': 104, 'bollinger_k': 1.0, 'en_adx': False, 'adx_n': 2, 'adx_threshold': 5, 'en_structure_trend': True, 'structure_trend_swing_l': 10, 'en_order_block': False, 'order_block_swing_l': 10, 'en_fvg': True, 'fvg_lookback': 50, 'en_ifvg': False, 'en_breaker': True, 'breaker_swing_l': 18, 'en_cisd': True, 'k': 4, 'en_cap_bars': False, 'cap_1min': 652}.
[I 2026-07-13 17:28:19,420] Trial 839 finished with values: [-268.04657621689785, -782.20039891238, 37.1] and parameters: {'sl_soft': 1.124380577176661, 'sl_hard_delta': 2.023878961662409, 'tp': 1.9062213357503182, 'gate_pct': 42.37120833684469, 'dd_limit': 439.4689893251477, 'cooldown': 1, 'flip': False, 'en_ema_trend': True, 'ema_trend_fast': 317, 'ema_trend_slow': 236, 'en_sma_trend': False, 'sma_trend_fast': 285, 'sma_trend_slow': 396, 'en_macd': False, 'macd_fast': 80, 'macd_slow': 98, 'macd_signal': 22, 'en_vwap': True, 'en_keltner': False, 'keltner_n': 77, 'keltner_m': 3.9000000000000004, 'en_obv': False, 'obv_slope': 50, 'en_cci': False, 'cci_n': 32, 'cci_threshold': 80, 'en_rsi': True, 'rsi_n': 48, 'rsi_lower': 41, 'rsi_upper': 95, 'en_stochastic': False, 'stochastic_n': 11, 'stochastic_d': 9, 'stochastic_lower': 44, 'stochastic_upper': 74, 'en_mfi': True, 'mfi_n': 2, 'mfi_lower': 37, 'mfi_upper': 62, 'en_bollinger': True, 'bollinger_n': 104, 'bollinger_k': 3.8000000000000003, 'en_adx': False, 'adx_n': 2, 'adx_threshold': 44, 'en_structure_trend': False, 'structure_trend_swing_l': 10, 'en_order_block': True, 'order_block_swing_l': 14, 'en_fvg': False, 'fvg_lookback': 50, 'en_ifvg': False, 'en_breaker': True, 'breaker_swing_l': 5, 'en_cisd': True, 'k': 1, 'en_cap_bars': True, 'cap_1min': 1381}.
[I 2026-07-13 17:28:19,906] Trial 840 finished with values: [-51.10174387789357, -487.66600768628905, 43.75] and parameters: {'sl_soft': 1.4657917354156722, 'sl_hard_delta': 0.4218978700826674, 'tp': 2.1925639368831504, 'gate_pct': 26.991527672954163, 'dd_limit': 439.4689893251477, 'cooldown': 26, 'flip': True, 'en_ema_trend': True, 'ema_trend_fast': 236, 'ema_trend_slow': 99, 'en_sma_trend': False, 'sma_trend_fast': 285, 'sma_trend_slow': 171, 'en_macd': True, 'macd_fast': 80, 'macd_slow': 124, 'macd_signal': 9, 'en_vwap': True, 'en_keltner': True, 'keltner_n': 77, 'keltner_m': 4.8, 'en_obv': True, 'obv_slope': 50, 'en_cci': True, 'cci_n': 42, 'cci_threshold': 50, 'en_rsi': True, 'rsi_n': 5, 'rsi_lower': 23, 'rsi_upper': 59, 'en_stochastic': False, 'stochastic_n': 71, 'stochastic_d': 42, 'stochastic_lower': 28, 'stochastic_upper': 82, 'en_mfi': False, 'mfi_n': 97, 'mfi_lower': 37, 'mfi_upper': 76, 'en_bollinger': False, 'bollinger_n': 34, 'bollinger_k': 4.8, 'en_adx': True, 'adx_n': 51, 'adx_threshold': 5, 'en_structure_trend': False, 'structure_trend_swing_l': 10, 'en_order_block': True, 'order_block_swing_l': 9, 'en_fvg': False, 'fvg_lookback': 19, 'en_ifvg': False, 'en_breaker': False, 'breaker_swing_l': 5, 'en_cisd': True, 'k': 1, 'en_cap_bars': False, 'cap_1min': 1381}.
