[I 2026-07-13 17:05:47,245] Trial 706 finished with values: [1432.2375429215413, -2791.6595532128213, 53.35] and parameters: {'sl_soft': 12.150548735644255, 'sl_hard_delta': 2.3271816191076544, 'tp': 20.630905943402496, 'gate_pct': 68.22768503522947, 'dd_limit': 377.8686668899344, 'cooldown': 2, 'flip': False, 'en_ema_trend': True, 'ema_trend_fast': 159, 'ema_trend_slow': 129, 'en_sma_trend': False, 'sma_trend_fast': 362, 'sma_trend_slow': 321, 'en_macd': True, 'macd_fast': 98, 'macd_slow': 94, 'macd_signal': 84, 'en_vwap': False, 'en_keltner': False, 'keltner_n': 8, 'keltner_m': 3.3000000000000003, 'en_obv': True, 'obv_slope': 30, 'en_cci': True, 'cci_n': 156, 'cci_threshold': 35, 'en_rsi': True, 'rsi_n': 39, 'rsi_lower': 13, 'rsi_upper': 95, 'en_stochastic': False, 'stochastic_n': 35, 'stochastic_d': 49, 'stochastic_lower': 43, 'stochastic_upper': 97, 'en_mfi': False, 'mfi_n': 65, 'mfi_lower': 19, 'mfi_upper': 97, 'en_bollinger': False, 'bollinger_n': 108, 'bollinger_k': 0.6, 'en_adx': False, 'adx_n': 31, 'adx_threshold': 37, 'en_structure_trend': False, 'structure_trend_swing_l': 19, 'en_order_block': False, 'order_block_swing_l': 17, 'en_fvg': False, 'fvg_lookback': 25, 'en_ifvg': True, 'en_breaker': False, 'breaker_swing_l': 18, 'en_cisd': True, 'k': 3, 'en_cap_bars': False, 'cap_1min': 583}.
[I 2026-07-13 17:05:48,544] Trial 707 finished with values: [5089.399942017837, -10641.541971608876, 54.5] and parameters: {'sl_soft': 13.106247429258882, 'sl_hard_delta': 2.3271816191076544, 'tp': 21.8337486885096, 'gate_pct': 79.12027635095406, 'dd_limit': 162.39650823726745, 'cooldown': 1, 'flip': True, 'en_ema_trend': True, 'ema_trend_fast': 373, 'ema_trend_slow': 381, 'en_sma_trend': True, 'sma_trend_fast': 221, 'sma_trend_slow': 229, 'en_macd': False, 'macd_fast': 9, 'macd_slow': 149, 'macd_signal': 47, 'en_vwap': False, 'en_keltner': True, 'keltner_n': 142, 'keltner_m': 1.6, 'en_obv': True, 'obv_slope': 54, 'en_cci': True, 'cci_n': 87, 'cci_threshold': 170, 'en_rsi': False, 'rsi_n': 77, 'rsi_lower': 40, 'rsi_upper': 71, 'en_stochastic': True, 'stochastic_n': 75, 'stochastic_d': 14, 'stochastic_lower': 8, 'stochastic_upper': 97, 'en_mfi': False, 'mfi_n': 92, 'mfi_lower': 1, 'mfi_upper': 62, 'en_bollinger': False, 'bollinger_n': 125, 'bollinger_k': 4.300000000000001, 'en_adx': False, 'adx_n': 88, 'adx_threshold': 55, 'en_structure_trend': False, 'structure_trend_swing_l': 7, 'en_order_block': False, 'order_block_swing_l': 3, 'en_fvg': False, 'fvg_lookback': 31, 'en_ifvg': False, 'en_breaker': True, 'breaker_swing_l': 5, 'en_cisd': False, 'k': 4, 'en_cap_bars': True, 'cap_1min': 1332}.
[I 2026-07-13 17:05:55,612] Trial 708 finished with values: [940.2781049962528, -1413.1279154929643, 45.85] and parameters: {'sl_soft': 12.635376690751764, 'sl_hard_delta': 2.3271816191076544, 'tp': 21.8337486885096, 'gate_pct': 81.43219065749138, 'dd_limit': 162.39650823726745, 'cooldown': 1, 'flip': False, 'en_ema_trend': True, 'ema_trend_fast': 177, 'ema_trend_slow': 381, 'en_sma_trend': True, 'sma_trend_fast': 95, 'sma_trend_slow': 229, 'en_macd': True, 'macd_fast': 49, 'macd_slow': 149, 'macd_signal': 59, 'en_vwap': True, 'en_keltner': True, 'keltner_n': 17, 'keltner_m': 4.5, 'en_obv': True, 'obv_slope': 54, 'en_cci': True, 'cci_n': 87, 'cci_threshold': 290, 'en_rsi': False, 'rsi_n': 39, 'rsi_lower': 15, 'rsi_upper': 60, 'en_stochastic': True, 'stochastic_n': 97, 'stochastic_d': 31, 'stochastic_lower': 13, 'stochastic_upper': 72, 'en_mfi': True, 'mfi_n': 11, 'mfi_lower': 23, 'mfi_upper': 57, 'en_bollinger': False, 'bollinger_n': 78, 'bollinger_k': 4.2, 'en_adx': False, 'adx_n': 88, 'adx_threshold': 55, 'en_structure_trend': False, 'structure_trend_swing_l': 19, 'en_order_block': False, 'order_block_swing_l': 17, 'en_fvg': False, 'fvg_lookback': 30, 'en_ifvg': True, 'en_breaker': False, 'breaker_swing_l': 5, 'en_cisd': False, 'k': 3, 'en_cap_bars': False, 'cap_1min': 1332}.
[I 2026-07-13 17:05:57,697] Trial 709 finished with values: [-158.58551724430754, -4538.91227586364, 52.8] and parameters: {'sl_soft': 12.635376690751764, 'sl_hard_delta': 20.294948622898286, 'tp': 9.930438620681578, 'gate_pct': 68.22768503522947, 'dd_limit': 324.55645790818636, 'cooldown': 0, 'flip': False, 'en_ema_trend': False, 'ema_trend_fast': 159, 'ema_trend_slow': 129, 'en_sma_trend': False, 'sma_trend_fast': 109, 'sma_trend_slow': 324, 'en_macd': True, 'macd_fast': 50, 'macd_slow': 172, 'macd_signal': 13, 'en_vwap': True, 'en_keltner': False, 'keltner_n': 8, 'keltner_m': 2.5, 'en_obv': True, 'obv_slope': 18, 'en_cci': False, 'cci_n': 87, 'cci_threshold': 115, 'en_rsi': True, 'rsi_n': 35, 'rsi_lower': 13, 'rsi_upper': 86, 'en_stochastic': False, 'stochastic_n': 27, 'stochastic_d': 31, 'stochastic_lower': 12, 'stochastic_upper': 97, 'en_mfi': True, 'mfi_n': 7, 'mfi_lower': 19, 'mfi_upper': 74, 'en_bollinger': False, 'bollinger_n': 20, 'bollinger_k': 1.1, 'en_adx': False, 'adx_n': 19, 'adx_threshold': 37, 'en_structure_trend': False, 'structure_trend_swing_l': 19, 'en_order_block': False, 'order_block_swing_l': 17, 'en_fvg': False, 'fvg_lookback': 25, 'en_ifvg': False, 'en_breaker': True, 'breaker_swing_l': 18, 'en_cisd': True, 'k': 3, 'en_cap_bars': False, 'cap_1min': 1287}.
[I 2026-07-13 17:05:58,044] Trial 710 finished with values: [-64.75304664202213, -2271.255830985956, 38.099999999999994] and parameters: {'sl_soft': 12.635376690751764, 'sl_hard_delta': 2.3271816191076544, 'tp': 21.8337486885096, 'gate_pct': 81.43219065749138, 'dd_limit': 390.2087279618219, 'cooldown': 2, 'flip': False, 'en_ema_trend': True, 'ema_trend_fast': 177, 'ema_trend_slow': 381, 'en_sma_trend': True, 'sma_trend_fast': 95, 'sma_trend_slow': 144, 'en_macd': True, 'macd_fast': 49, 'macd_slow': 149, 'macd_signal': 13, 'en_vwap': True, 'en_keltner': False, 'keltner_n': 17, 'keltner_m': 3.3000000000000003, 'en_obv': True, 'obv_slope': 54, 'en_cci': True, 'cci_n': 87, 'cci_threshold': 290, 'en_rsi': False, 'rsi_n': 39, 'rsi_lower': 15, 'rsi_upper': 60, 'en_stochastic': False, 'stochastic_n': 97, 'stochastic_d': 40, 'stochastic_lower': 17, 'stochastic_upper': 76, 'en_mfi': True, 'mfi_n': 11, 'mfi_lower': 23, 'mfi_upper': 57, 'en_bollinger': False, 'bollinger_n': 78, 'bollinger_k': 0.6, 'en_adx': False, 'adx_n': 33, 'adx_threshold': 55, 'en_structure_trend': False, 'structure_trend_swing_l': 19, 'en_order_block': False, 'order_block_swing_l': 5, 'en_fvg': True, 'fvg_lookback': 30, 'en_ifvg': True, 'en_breaker': False, 'breaker_swing_l': 5, 'en_cisd': True, 'k': 5, 'en_cap_bars': False, 'cap_1min': 1332}.
[I 2026-07-13 17:05:59,026] Trial 711 finished with values: [-162.54184470051314, -1918.1354611750976, 60.95] and parameters: {'sl_soft': 10.950817648626344, 'sl_hard_delta': 4.28119276040679, 'tp': 7.979096925499226, 'gate_pct': 86.86001597008706, 'dd_limit': 162.39650823726745, 'cooldown': 2, 'flip': False, 'en_ema_trend': True, 'ema_trend_fast': 250, 'ema_trend_slow': 381, 'en_sma_trend': False, 'sma_trend_fast': 95, 'sma_trend_slow': 229, 'en_macd': False, 'macd_fast': 49, 'macd_slow': 77, 'macd_signal': 78, 'en_vwap': True, 'en_keltner': True, 'keltner_n': 154, 'keltner_m': 3.8000000000000003, 'en_obv': True, 'obv_slope': 7, 'en_cci': False, 'cci_n': 156, 'cci_threshold': 195, 'en_rsi': False, 'rsi_n': 39, 'rsi_lower': 43, 'rsi_upper': 57, 'en_stochastic': False, 'stochastic_n': 19, 'stochastic_d': 11, 'stochastic_lower': 8, 'stochastic_upper': 82, 'en_mfi': False, 'mfi_n': 94, 'mfi_lower': 28, 'mfi_upper': 59, 'en_bollinger': False, 'bollinger_n': 63, 'bollinger_k': 0.6, 'en_adx': False, 'adx_n': 88, 'adx_threshold': 55, 'en_structure_trend': False, 'structure_trend_swing_l': 10, 'en_order_block': False, 'order_block_swing_l': 12, 'en_fvg': True, 'fvg_lookback': 31, 'en_ifvg': True, 'en_breaker': False, 'breaker_swing_l': 5, 'en_cisd': False, 'k': 4, 'en_cap_bars': False, 'cap_1min': 522}.
[I 2026-07-13 17:06:00,986] Trial 712 finished with values: [717.1358915103667, -2659.999999999991, 42.3] and parameters: {'sl_soft': 12.150548735644255, 'sl_hard_delta': 16.490247779034476, 'tp': 20.630905943402496, 'gate_pct': 68.22768503522947, 'dd_limit': 377.8686668899344, 'cooldown': 2, 'flip': False, 'en_ema_trend': True, 'ema_trend_fast': 296, 'ema_trend_slow': 381, 'en_sma_trend': False, 'sma_trend_fast': 95, 'sma_trend_slow': 229, 'en_macd': True, 'macd_fast': 49, 'macd_slow': 94, 'macd_signal': 13, 'en_vwap': False, 'en_keltner': False, 'keltner_n': 17, 'keltner_m': 3.3000000000000003, 'en_obv': True, 'obv_slope': 30, 'en_cci': True, 'cci_n': 87, 'cci_threshold': 35, 'en_rsi': True, 'rsi_n': 40, 'rsi_lower': 15, 'rsi_upper': 60, 'en_stochastic': False, 'stochastic_n': 35, 'stochastic_d': 27, 'stochastic_lower': 43, 'stochastic_upper': 97, 'en_mfi': False, 'mfi_n': 65, 'mfi_lower': 23, 'mfi_upper': 90, 'en_bollinger': False, 'bollinger_n': 78, 'bollinger_k': 4.2, 'en_adx': False, 'adx_n': 88, 'adx_threshold': 55, 'en_structure_trend': False, 'structure_trend_swing_l': 19, 'en_order_block': False, 'order_block_swing_l': 5, 'en_fvg': True, 'fvg_lookback': 31, 'en_ifvg': False, 'en_breaker': False, 'breaker_swing_l': 5, 'en_cisd': True, 'k': 3, 'en_cap_bars': True, 'cap_1min': 522}.
[I 2026-07-13 17:06:06,705] Trial 713 finished with values: [3320.6813476841376, -1986.08560104974, 55.0] and parameters: {'sl_soft': 12.150548735644255, 'sl_hard_delta': 2.3271816191076544, 'tp': 21.8337486885096, 'gate_pct': 60.5315406826093, 'dd_limit': 268.82847654318033, 'cooldown': 0, 'flip': False, 'en_ema_trend': True, 'ema_trend_fast': 159, 'ema_trend_slow': 381, 'en_sma_trend': True, 'sma_trend_fast': 29, 'sma_trend_slow': 229, 'en_macd': False, 'macd_fast': 49, 'macd_slow': 149, 'macd_signal': 59, 'en_vwap': True, 'en_keltner': True, 'keltner_n': 17, 'keltner_m': 4.5, 'en_obv': True, 'obv_slope': 54, 'en_cci': True, 'cci_n': 87, 'cci_threshold': 195, 'en_rsi': False, 'rsi_n': 39, 'rsi_lower': 15, 'rsi_upper': 60, 'en_stochastic': True, 'stochastic_n': 35, 'stochastic_d': 40, 'stochastic_lower': 43, 'stochastic_upper': 97, 'en_mfi': True, 'mfi_n': 83, 'mfi_lower': 19, 'mfi_upper': 97, 'en_bollinger': False, 'bollinger_n': 78, 'bollinger_k': 4.2, 'en_adx': False, 'adx_n': 33, 'adx_threshold': 37, 'en_structure_trend': False, 'structure_trend_swing_l': 19, 'en_order_block': False, 'order_block_swing_l': 17, 'en_fvg': False, 'fvg_lookback': 31, 'en_ifvg': False, 'en_breaker': False, 'breaker_swing_l': 15, 'en_cisd': True, 'k': 3, 'en_cap_bars': False, 'cap_1min': 1332}.
[I 2026-07-13 17:06:07,815] Trial 714 finished with values: [1507.243303449718, -3374.383746478952, 50.0] and parameters: {'sl_soft': 12.635376690751764, 'sl_hard_delta': 2.3271816191076544, 'tp': 20.630905943402496, 'gate_pct': 68.22768503522947, 'dd_limit': 28.9935892757227, 'cooldown': 0, 'flip': False, 'en_ema_trend': True, 'ema_trend_fast': 228, 'ema_trend_slow': 129, 'en_sma_trend': True, 'sma_trend_fast': 29, 'sma_trend_slow': 144, 'en_macd': True, 'macd_fast': 98, 'macd_slow': 149, 'macd_signal': 84, 'en_vwap': True, 'en_keltner': True, 'keltner_n': 35, 'keltner_m': 4.5, 'en_obv': True, 'obv_slope': 30, 'en_cci': False, 'cci_n': 87, 'cci_threshold': 200, 'en_rsi': False, 'rsi_n': 39, 'rsi_lower': 15, 'rsi_upper': 60, 'en_stochastic': False, 'stochastic_n': 35, 'stochastic_d': 27, 'stochastic_lower': 43, 'stochastic_upper': 85, 'en_mfi': False, 'mfi_n': 11, 'mfi_lower': 19, 'mfi_upper': 59, 'en_bollinger': False, 'bollinger_n': 108, 'bollinger_k': 1.1, 'en_adx': False, 'adx_n': 31, 'adx_threshold': 21, 'en_structure_trend': False, 'structure_trend_swing_l': 16, 'en_order_block': False, 'order_block_swing_l': 17, 'en_fvg': True, 'fvg_lookback': 30, 'en_ifvg': True, 'en_breaker': False, 'breaker_swing_l': 5, 'en_cisd': True, 'k': 3, 'en_cap_bars': False, 'cap_1min': 522}.
[I 2026-07-13 17:06:08,962] Trial 715 finished with values: [1765.1869098294128, -7348.250262298006, 43.099999999999994] and parameters: {'sl_soft': 12.150548735644255, 'sl_hard_delta': 16.490247779034476, 'tp': 21.8337486885096, 'gate_pct': 90.0783114706916, 'dd_limit': 162.39650823726745, 'cooldown': 0, 'flip': False, 'en_ema_trend': True, 'ema_trend_fast': 177, 'ema_trend_slow': 196, 'en_sma_trend': False, 'sma_trend_fast': 128, 'sma_trend_slow': 396, 'en_macd': False, 'macd_fast': 56, 'macd_slow': 149, 'macd_signal': 13, 'en_vwap': False, 'en_keltner': False, 'keltner_n': 43, 'keltner_m': 3.3000000000000003, 'en_obv': True, 'obv_slope': 54, 'en_cci': False, 'cci_n': 87, 'cci_threshold': 195, 'en_rsi': False, 'rsi_n': 39, 'rsi_lower': 38, 'rsi_upper': 95, 'en_stochastic': False, 'stochastic_n': 97, 'stochastic_d': 11, 'stochastic_lower': 13, 'stochastic_upper': 97, 'en_mfi': True, 'mfi_n': 65, 'mfi_lower': 23, 'mfi_upper': 59, 'en_bollinger': False, 'bollinger_n': 78, 'bollinger_k': 0.6, 'en_adx': False, 'adx_n': 31, 'adx_threshold': 12, 'en_structure_trend': False, 'structure_trend_swing_l': 19, 'en_order_block': True, 'order_block_swing_l': 5, 'en_fvg': False, 'fvg_lookback': 7, 'en_ifvg': False, 'en_breaker': False, 'breaker_swing_l': 18, 'en_cisd': True, 'k': 3, 'en_cap_bars': False, 'cap_1min': 412}.
[I 2026-07-13 17:06:09,285] Trial 716 finished with values: [839.271783020763, -4288.454702829858, 47.2] and parameters: {'sl_soft': 12.150548735644255, 'sl_hard_delta': 16.490247779034476, 'tp': 20.630905943402496, 'gate_pct': 68.22768503522947, 'dd_limit': 377.8686668899344, 'cooldown': 0, 'flip': False, 'en_ema_trend': True, 'ema_trend_fast': 177, 'ema_trend_slow': 129, 'en_sma_trend': False, 'sma_trend_fast': 362, 'sma_trend_slow': 321, 'en_macd': True, 'macd_fast': 56, 'macd_slow': 94, 'macd_signal': 84, 'en_vwap': True, 'en_keltner': False, 'keltner_n': 8, 'keltner_m': 3.3000000000000003, 'en_obv': True, 'obv_slope': 18, 'en_cci': False, 'cci_n': 156, 'cci_threshold': 200, 'en_rsi': True, 'rsi_n': 39, 'rsi_lower': 13, 'rsi_upper': 95, 'en_stochastic': False, 'stochastic_n': 35, 'stochastic_d': 31, 'stochastic_lower': 47, 'stochastic_upper': 85, 'en_mfi': False, 'mfi_n': 100, 'mfi_lower': 19, 'mfi_upper': 59, 'en_bollinger': False, 'bollinger_n': 108, 'bollinger_k': 0.6, 'en_adx': False, 'adx_n': 31, 'adx_threshold': 37, 'en_structure_trend': False, 'structure_trend_swing_l': 19, 'en_order_block': False, 'order_block_swing_l': 17, 'en_fvg': False, 'fvg_lookback': 25, 'en_ifvg': True, 'en_breaker': False, 'breaker_swing_l': 18, 'en_cisd': True, 'k': 3, 'en_cap_bars': False, 'cap_1min': 583}.
[I 2026-07-13 17:06:13,314] Trial 717 finished with values: [2302.569804421614, -3179.81053049225, 50.849999999999994] and parameters: {'sl_soft': 12.150548735644255, 'sl_hard_delta': 2.3271816191076544, 'tp': 17.50735540458161, 'gate_pct': 81.43219065749138, 'dd_limit': 11.276095451039913, 'cooldown': 0, 'flip': False, 'en_ema_trend': True, 'ema_trend_fast': 177, 'ema_trend_slow': 280, 'en_sma_trend': True, 'sma_trend_fast': 362, 'sma_trend_slow': 321, 'en_macd': True, 'macd_fast': 56, 'macd_slow': 150, 'macd_signal': 4, 'en_vwap': False, 'en_keltner': True, 'keltner_n': 134, 'keltner_m': 1.3, 'en_obv': True, 'obv_slope': 161, 'en_cci': True, 'cci_n': 2, 'cci_threshold': 205, 'en_rsi': True, 'rsi_n': 39, 'rsi_lower': 39, 'rsi_upper': 62, 'en_stochastic': False, 'stochastic_n': 35, 'stochastic_d': 43, 'stochastic_lower': 47, 'stochastic_upper': 90, 'en_mfi': True, 'mfi_n': 65, 'mfi_lower': 23, 'mfi_upper': 74, 'en_bollinger': False, 'bollinger_n': 142, 'bollinger_k': 0.6, 'en_adx': False, 'adx_n': 90, 'adx_threshold': 27, 'en_structure_trend': True, 'structure_trend_swing_l': 7, 'en_order_block': True, 'order_block_swing_l': 17, 'en_fvg': False, 'fvg_lookback': 43, 'en_ifvg': False, 'en_breaker': False, 'breaker_swing_l': 18, 'en_cisd': True, 'k': 3, 'en_cap_bars': False, 'cap_1min': 208}.
[I 2026-07-13 17:06:14,089] Trial 718 finished with values: [4159.322755153607, -3881.56282787254, 48.7] and parameters: {'sl_soft': 12.150548735644255, 'sl_hard_delta': 16.490247779034476, 'tp': 21.8337486885096, 'gate_pct': 81.43219065749138, 'dd_limit': 28.9935892757227, 'cooldown': 0, 'flip': False, 'en_ema_trend': True, 'ema_trend_fast': 177, 'ema_trend_slow': 196, 'en_sma_trend': False, 'sma_trend_fast': 362, 'sma_trend_slow': 321, 'en_macd': False, 'macd_fast': 98, 'macd_slow': 78, 'macd_signal': 84, 'en_vwap': True, 'en_keltner': False, 'keltner_n': 8, 'keltner_m': 3.9000000000000004, 'en_obv': True, 'obv_slope': 18, 'en_cci': True, 'cci_n': 156, 'cci_threshold': 290, 'en_rsi': True, 'rsi_n': 67, 'rsi_lower': 13, 'rsi_upper': 95, 'en_stochastic': False, 'stochastic_n': 35, 'stochastic_d': 37, 'stochastic_lower': 43, 'stochastic_upper': 85, 'en_mfi': True, 'mfi_n': 100, 'mfi_lower': 23, 'mfi_upper': 74, 'en_bollinger': False, 'bollinger_n': 142, 'bollinger_k': 0.6, 'en_adx': False, 'adx_n': 19, 'adx_threshold': 37, 'en_structure_trend': False, 'structure_trend_swing_l': 19, 'en_order_block': False, 'order_block_swing_l': 17, 'en_fvg': False, 'fvg_lookback': 25, 'en_ifvg': False, 'en_breaker': False, 'breaker_swing_l': 18, 'en_cisd': True, 'k': 1, 'en_cap_bars': False, 'cap_1min': 522}.
[I 2026-07-13 17:06:14,745] Trial 719 finished with values: [8242.633294817437, -8837.273514149296, 53.099999999999994] and parameters: {'sl_soft': 13.106247429258882, 'sl_hard_delta': 16.490247779034476, 'tp': 20.630905943402496, 'gate_pct': 90.0783114706916, 'dd_limit': 377.8686668899344, 'cooldown': 0, 'flip': False, 'en_ema_trend': True, 'ema_trend_fast': 250, 'ema_trend_slow': 301, 'en_sma_trend': False, 'sma_trend_fast': 95, 'sma_trend_slow': 321, 'en_macd': True, 'macd_fast': 98, 'macd_slow': 94, 'macd_signal': 13, 'en_vwap': True, 'en_keltner': False, 'keltner_n': 17, 'keltner_m': 3.3000000000000003, 'en_obv': True, 'obv_slope': 30, 'en_cci': True, 'cci_n': 88, 'cci_threshold': 45, 'en_rsi': True, 'rsi_n': 39, 'rsi_lower': 15, 'rsi_upper': 60, 'en_stochastic': False, 'stochastic_n': 3, 'stochastic_d': 19, 'stochastic_lower': 43, 'stochastic_upper': 97, 'en_mfi': True, 'mfi_n': 65, 'mfi_lower': 23, 'mfi_upper': 90, 'en_bollinger': False, 'bollinger_n': 78, 'bollinger_k': 0.6, 'en_adx': False, 'adx_n': 88, 'adx_threshold': 37, 'en_structure_trend': False, 'structure_trend_swing_l': 19, 'en_order_block': False, 'order_block_swing_l': 3, 'en_fvg': False, 'fvg_lookback': 31, 'en_ifvg': False, 'en_breaker': False, 'breaker_swing_l': 5, 'en_cisd': True, 'k': 3, 'en_cap_bars': False, 'cap_1min': 583}.
[I 2026-07-13 17:06:15,556] Trial 720 finished with values: [1366.1650955682944, -1607.2925605665432, 31.0] and parameters: {'sl_soft': 3.984281183725254, 'sl_hard_delta': 2.3271816191076544, 'tp': 17.50735540458161, 'gate_pct': 70.9400490465145, 'dd_limit': 11.276095451039913, 'cooldown': 0, 'flip': False, 'en_ema_trend': True, 'ema_trend_fast': 177, 'ema_trend_slow': 280, 'en_sma_trend': True, 'sma_trend_fast': 128, 'sma_trend_slow': 228, 'en_macd': False, 'macd_fast': 40, 'macd_slow': 105, 'macd_signal': 13, 'en_vwap': False, 'en_keltner': False, 'keltner_n': 34, 'keltner_m': 3.9000000000000004, 'en_obv': True, 'obv_slope': 161, 'en_cci': False, 'cci_n': 87, 'cci_threshold': 205, 'en_rsi': False, 'rsi_n': 39, 'rsi_lower': 39, 'rsi_upper': 62, 'en_stochastic': False, 'stochastic_n': 53, 'stochastic_d': 31, 'stochastic_lower': 47, 'stochastic_upper': 90, 'en_mfi': True, 'mfi_n': 84, 'mfi_lower': 23, 'mfi_upper': 90, 'en_bollinger': True, 'bollinger_n': 20, 'bollinger_k': 2.0, 'en_adx': False, 'adx_n': 88, 'adx_threshold': 12, 'en_structure_trend': False, 'structure_trend_swing_l': 7, 'en_order_block': True, 'order_block_swing_l': 5, 'en_fvg': False, 'fvg_lookback': 43, 'en_ifvg': False, 'en_breaker': False, 'breaker_swing_l': 18, 'en_cisd': True, 'k': 1, 'en_cap_bars': False, 'cap_1min': 208}.
[I 2026-07-13 17:06:16,270] Trial 721 finished with values: [5790.205707419353, -3379.9999999999955, 58.85] and parameters: {'sl_soft': 12.150548735644255, 'sl_hard_delta': 16.490247779034476, 'tp': 20.630905943402496, 'gate_pct': 90.0783114706916, 'dd_limit': 162.39650823726745, 'cooldown': 0, 'flip': False, 'en_ema_trend': True, 'ema_trend_fast': 177, 'ema_trend_slow': 381, 'en_sma_trend': False, 'sma_trend_fast': 95, 'sma_trend_slow': 229, 'en_macd': False, 'macd_fast': 56, 'macd_slow': 149, 'macd_signal': 13, 'en_vwap': True, 'en_keltner': True, 'keltner_n': 17, 'keltner_m': 3.9000000000000004, 'en_obv': True, 'obv_slope': 51, 'en_cci': True, 'cci_n': 87, 'cci_threshold': 195, 'en_rsi': False, 'rsi_n': 39, 'rsi_lower': 15, 'rsi_upper': 95, 'en_stochastic': True, 'stochastic_n': 3, 'stochastic_d': 19, 'stochastic_lower': 43, 'stochastic_upper': 97, 'en_mfi': True, 'mfi_n': 65, 'mfi_lower': 23, 'mfi_upper': 90, 'en_bollinger': False, 'bollinger_n': 78, 'bollinger_k': 0.6, 'en_adx': False, 'adx_n': 88, 'adx_threshold': 12, 'en_structure_trend': False, 'structure_trend_swing_l': 19, 'en_order_block': False, 'order_block_swing_l': 3, 'en_fvg': False, 'fvg_lookback': 31, 'en_ifvg': False, 'en_breaker': False, 'breaker_swing_l': 5, 'en_cisd': True, 'k': 3, 'en_cap_bars': True, 'cap_1min': 583}.
