[I 2026-07-13 17:33:34,009] Trial 1619 finished with values: [2339.6814813019264, -1851.833871926442, 38.55] and parameters: {'sl_soft': 2.34715147057422, 'sl_hard_delta': 3.9050213100332094, 'tp': 7.943003420975532, 'gate_pct': 98.67302380660169, 'dd_limit': 390.2087279618219, 'cooldown': 1, 'flip': False, 'en_ema_trend': False, 'ema_trend_fast': 83, 'ema_trend_slow': 266, 'en_sma_trend': False, 'sma_trend_fast': 292, 'sma_trend_slow': 114, 'en_macd': False, 'macd_fast': 80, 'macd_slow': 177, 'macd_signal': 65, 'en_vwap': False, 'en_keltner': True, 'keltner_n': 158, 'keltner_m': 4.5, 'en_obv': False, 'obv_slope': 169, 'en_cci': True, 'cci_n': 49, 'cci_threshold': 170, 'en_rsi': True, 'rsi_n': 77, 'rsi_lower': 39, 'rsi_upper': 58, 'en_stochastic': True, 'stochastic_n': 52, 'stochastic_d': 14, 'stochastic_lower': 5, 'stochastic_upper': 72, 'en_mfi': False, 'mfi_n': 71, 'mfi_lower': 34, 'mfi_upper': 97, 'en_bollinger': True, 'bollinger_n': 60, 'bollinger_k': 4.300000000000001, 'en_adx': False, 'adx_n': 84, 'adx_threshold': 17, 'en_structure_trend': True, 'structure_trend_swing_l': 13, 'en_order_block': True, 'order_block_swing_l': 7, 'en_fvg': False, 'fvg_lookback': 46, 'en_ifvg': True, 'en_breaker': False, 'breaker_swing_l': 5, 'en_cisd': False, 'k': 4, 'en_cap_bars': False, 'cap_1min': 736}.
[I 2026-07-13 17:33:39,080] Trial 1620 finished with values: [-306.2451590286173, -745.5607261708792, 29.3] and parameters: {'sl_soft': 2.34715147057422, 'sl_hard_delta': 0.7556521602801897, 'tp': 4.317454763708969, 'gate_pct': 78.63984828919374, 'dd_limit': 332.70974775121596, 'cooldown': 2, 'flip': False, 'en_ema_trend': False, 'ema_trend_fast': 83, 'ema_trend_slow': 266, 'en_sma_trend': False, 'sma_trend_fast': 345, 'sma_trend_slow': 290, 'en_macd': False, 'macd_fast': 72, 'macd_slow': 200, 'macd_signal': 65, 'en_vwap': True, 'en_keltner': False, 'keltner_n': 48, 'keltner_m': 3.8000000000000003, 'en_obv': True, 'obv_slope': 162, 'en_cci': True, 'cci_n': 49, 'cci_threshold': 180, 'en_rsi': True, 'rsi_n': 46, 'rsi_lower': 17, 'rsi_upper': 58, 'en_stochastic': True, 'stochastic_n': 23, 'stochastic_d': 14, 'stochastic_lower': 5, 'stochastic_upper': 72, 'en_mfi': True, 'mfi_n': 46, 'mfi_lower': 40, 'mfi_upper': 97, 'en_bollinger': False, 'bollinger_n': 60, 'bollinger_k': 3.0, 'en_adx': False, 'adx_n': 7, 'adx_threshold': 32, 'en_structure_trend': True, 'structure_trend_swing_l': 13, 'en_order_block': True, 'order_block_swing_l': 3, 'en_fvg': False, 'fvg_lookback': 46, 'en_ifvg': True, 'en_breaker': False, 'breaker_swing_l': 20, 'en_cisd': False, 'k': 1, 'en_cap_bars': False, 'cap_1min': 1332}.
[I 2026-07-13 17:33:39,312] Trial 1621 finished with values: [310.86164248330306, -321.2885285654693, 53.550000000000004] and parameters: {'sl_soft': 2.34715147057422, 'sl_hard_delta': 0.47861910073547576, 'tp': 7.943003420975532, 'gate_pct': 53.84741825883083, 'dd_limit': 379.61887235308626, 'cooldown': 1, 'flip': True, 'en_ema_trend': False, 'ema_trend_fast': 211, 'ema_trend_slow': 181, 'en_sma_trend': False, 'sma_trend_fast': 115, 'sma_trend_slow': 121, 'en_macd': True, 'macd_fast': 37, 'macd_slow': 132, 'macd_signal': 10, 'en_vwap': True, 'en_keltner': True, 'keltner_n': 46, 'keltner_m': 0.9, 'en_obv': False, 'obv_slope': 36, 'en_cci': False, 'cci_n': 128, 'cci_threshold': 170, 'en_rsi': True, 'rsi_n': 77, 'rsi_lower': 23, 'rsi_upper': 83, 'en_stochastic': True, 'stochastic_n': 40, 'stochastic_d': 14, 'stochastic_lower': 5, 'stochastic_upper': 53, 'en_mfi': True, 'mfi_n': 9, 'mfi_lower': 31, 'mfi_upper': 58, 'en_bollinger': True, 'bollinger_n': 60, 'bollinger_k': 4.5, 'en_adx': False, 'adx_n': 96, 'adx_threshold': 43, 'en_structure_trend': False, 'structure_trend_swing_l': 8, 'en_order_block': True, 'order_block_swing_l': 7, 'en_fvg': False, 'fvg_lookback': 46, 'en_ifvg': False, 'en_breaker': True, 'breaker_swing_l': 5, 'en_cisd': False, 'k': 4, 'en_cap_bars': True, 'cap_1min': 16}.
[I 2026-07-13 17:33:39,616] Trial 1622 finished with values: [2150.38113920441, -2335.2172780606907, 42.7] and parameters: {'sl_soft': 2.34715147057422, 'sl_hard_delta': 3.9050213100332094, 'tp': 7.943003420975532, 'gate_pct': 98.67302380660169, 'dd_limit': 332.70974775121596, 'cooldown': 1, 'flip': False, 'en_ema_trend': False, 'ema_trend_fast': 271, 'ema_trend_slow': 125, 'en_sma_trend': False, 'sma_trend_fast': 292, 'sma_trend_slow': 114, 'en_macd': True, 'macd_fast': 9, 'macd_slow': 91, 'macd_signal': 65, 'en_vwap': False, 'en_keltner': True, 'keltner_n': 158, 'keltner_m': 2.8000000000000003, 'en_obv': False, 'obv_slope': 169, 'en_cci': True, 'cci_n': 9, 'cci_threshold': 170, 'en_rsi': True, 'rsi_n': 46, 'rsi_lower': 17, 'rsi_upper': 58, 'en_stochastic': True, 'stochastic_n': 52, 'stochastic_d': 40, 'stochastic_lower': 5, 'stochastic_upper': 72, 'en_mfi': True, 'mfi_n': 71, 'mfi_lower': 37, 'mfi_upper': 97, 'en_bollinger': True, 'bollinger_n': 60, 'bollinger_k': 4.300000000000001, 'en_adx': False, 'adx_n': 33, 'adx_threshold': 17, 'en_structure_trend': False, 'structure_trend_swing_l': 13, 'en_order_block': True, 'order_block_swing_l': 7, 'en_fvg': False, 'fvg_lookback': 46, 'en_ifvg': True, 'en_breaker': True, 'breaker_swing_l': 5, 'en_cisd': False, 'k': 3, 'en_cap_bars': False, 'cap_1min': 1332}.
[I 2026-07-13 17:33:39,846] Trial 1623 pruned. 
[I 2026-07-13 17:33:43,444] Trial 1624 finished with values: [657.6230023193489, -649.1272618145103, 65.25] and parameters: {'sl_soft': 2.34715147057422, 'sl_hard_delta': 3.9050213100332094, 'tp': 4.317454763708969, 'gate_pct': 75.29895741667805, 'dd_limit': 241.42955722086123, 'cooldown': 1, 'flip': False, 'en_ema_trend': False, 'ema_trend_fast': 33, 'ema_trend_slow': 150, 'en_sma_trend': False, 'sma_trend_fast': 292, 'sma_trend_slow': 290, 'en_macd': True, 'macd_fast': 70, 'macd_slow': 91, 'macd_signal': 27, 'en_vwap': False, 'en_keltner': True, 'keltner_n': 158, 'keltner_m': 2.8000000000000003, 'en_obv': True, 'obv_slope': 162, 'en_cci': True, 'cci_n': 9, 'cci_threshold': 180, 'en_rsi': True, 'rsi_n': 46, 'rsi_lower': 24, 'rsi_upper': 61, 'en_stochastic': True, 'stochastic_n': 52, 'stochastic_d': 40, 'stochastic_lower': 40, 'stochastic_upper': 72, 'en_mfi': True, 'mfi_n': 71, 'mfi_lower': 24, 'mfi_upper': 75, 'en_bollinger': False, 'bollinger_n': 155, 'bollinger_k': 3.0, 'en_adx': False, 'adx_n': 7, 'adx_threshold': 17, 'en_structure_trend': False, 'structure_trend_swing_l': 13, 'en_order_block': True, 'order_block_swing_l': 1, 'en_fvg': False, 'fvg_lookback': 46, 'en_ifvg': True, 'en_breaker': True, 'breaker_swing_l': 20, 'en_cisd': False, 'k': 3, 'en_cap_bars': False, 'cap_1min': 1119}.
[I 2026-07-13 17:33:43,646] Trial 1625 finished with values: [2332.5193543231762, -2036.857783786445, 40.75] and parameters: {'sl_soft': 2.34715147057422, 'sl_hard_delta': 3.9050213100332094, 'tp': 7.943003420975532, 'gate_pct': 98.67302380660169, 'dd_limit': 332.70974775121596, 'cooldown': 1, 'flip': False, 'en_ema_trend': False, 'ema_trend_fast': 271, 'ema_trend_slow': 125, 'en_sma_trend': False, 'sma_trend_fast': 292, 'sma_trend_slow': 114, 'en_macd': True, 'macd_fast': 9, 'macd_slow': 91, 'macd_signal': 65, 'en_vwap': False, 'en_keltner': True, 'keltner_n': 158, 'keltner_m': 2.8000000000000003, 'en_obv': False, 'obv_slope': 169, 'en_cci': True, 'cci_n': 9, 'cci_threshold': 170, 'en_rsi': True, 'rsi_n': 77, 'rsi_lower': 17, 'rsi_upper': 84, 'en_stochastic': True, 'stochastic_n': 52, 'stochastic_d': 40, 'stochastic_lower': 5, 'stochastic_upper': 72, 'en_mfi': True, 'mfi_n': 71, 'mfi_lower': 34, 'mfi_upper': 97, 'en_bollinger': True, 'bollinger_n': 60, 'bollinger_k': 4.300000000000001, 'en_adx': False, 'adx_n': 33, 'adx_threshold': 17, 'en_structure_trend': False, 'structure_trend_swing_l': 13, 'en_order_block': True, 'order_block_swing_l': 7, 'en_fvg': False, 'fvg_lookback': 46, 'en_ifvg': True, 'en_breaker': False, 'breaker_swing_l': 5, 'en_cisd': False, 'k': 3, 'en_cap_bars': False, 'cap_1min': 1332}.
[I 2026-07-13 17:33:43,931] Trial 1626 finished with values: [1371.9654974053697, -565.280363085435, 55.0] and parameters: {'sl_soft': 2.34715147057422, 'sl_hard_delta': 0.7556521602801897, 'tp': 7.943003420975532, 'gate_pct': 71.64466629916367, 'dd_limit': 332.70974775121596, 'cooldown': 1, 'flip': False, 'en_ema_trend': False, 'ema_trend_fast': 83, 'ema_trend_slow': 125, 'en_sma_trend': False, 'sma_trend_fast': 29, 'sma_trend_slow': 114, 'en_macd': False, 'macd_fast': 9, 'macd_slow': 177, 'macd_signal': 65, 'en_vwap': False, 'en_keltner': True, 'keltner_n': 158, 'keltner_m': 2.2, 'en_obv': True, 'obv_slope': 169, 'en_cci': True, 'cci_n': 49, 'cci_threshold': 170, 'en_rsi': True, 'rsi_n': 77, 'rsi_lower': 17, 'rsi_upper': 58, 'en_stochastic': True, 'stochastic_n': 45, 'stochastic_d': 14, 'stochastic_lower': 5, 'stochastic_upper': 72, 'en_mfi': True, 'mfi_n': 46, 'mfi_lower': 34, 'mfi_upper': 97, 'en_bollinger': True, 'bollinger_n': 60, 'bollinger_k': 4.300000000000001, 'en_adx': False, 'adx_n': 33, 'adx_threshold': 8, 'en_structure_trend': True, 'structure_trend_swing_l': 13, 'en_order_block': False, 'order_block_swing_l': 3, 'en_fvg': False, 'fvg_lookback': 46, 'en_ifvg': True, 'en_breaker': False, 'breaker_swing_l': 5, 'en_cisd': False, 'k': 4, 'en_cap_bars': False, 'cap_1min': 1332}.
[I 2026-07-13 17:33:46,029] Trial 1627 pruned. 
[I 2026-07-13 17:33:46,327] Trial 1628 finished with values: [1026.6643661732871, -930.8410892563188, 35.9] and parameters: {'sl_soft': 2.34715147057422, 'sl_hard_delta': 0.7556521602801897, 'tp': 7.943003420975532, 'gate_pct': 98.67302380660169, 'dd_limit': 390.2087279618219, 'cooldown': 1, 'flip': False, 'en_ema_trend': False, 'ema_trend_fast': 83, 'ema_trend_slow': 266, 'en_sma_trend': False, 'sma_trend_fast': 292, 'sma_trend_slow': 144, 'en_macd': False, 'macd_fast': 9, 'macd_slow': 199, 'macd_signal': 65, 'en_vwap': False, 'en_keltner': True, 'keltner_n': 194, 'keltner_m': 4.5, 'en_obv': False, 'obv_slope': 169, 'en_cci': True, 'cci_n': 9, 'cci_threshold': 170, 'en_rsi': True, 'rsi_n': 39, 'rsi_lower': 17, 'rsi_upper': 58, 'en_stochastic': True, 'stochastic_n': 52, 'stochastic_d': 14, 'stochastic_lower': 5, 'stochastic_upper': 74, 'en_mfi': True, 'mfi_n': 71, 'mfi_lower': 37, 'mfi_upper': 97, 'en_bollinger': True, 'bollinger_n': 60, 'bollinger_k': 4.300000000000001, 'en_adx': False, 'adx_n': 96, 'adx_threshold': 8, 'en_structure_trend': True, 'structure_trend_swing_l': 13, 'en_order_block': True, 'order_block_swing_l': 7, 'en_fvg': False, 'fvg_lookback': 46, 'en_ifvg': True, 'en_breaker': False, 'breaker_swing_l': 5, 'en_cisd': False, 'k': 2, 'en_cap_bars': False, 'cap_1min': 1332}.
[I 2026-07-13 17:33:46,727] Trial 1629 finished with values: [2443.790144009438, -2008.525574993564, 37.05] and parameters: {'sl_soft': 2.34715147057422, 'sl_hard_delta': 3.9050213100332094, 'tp': 7.943003420975532, 'gate_pct': 98.67302380660169, 'dd_limit': 332.70974775121596, 'cooldown': 1, 'flip': False, 'en_ema_trend': False, 'ema_trend_fast': 83, 'ema_trend_slow': 125, 'en_sma_trend': False, 'sma_trend_fast': 292, 'sma_trend_slow': 114, 'en_macd': True, 'macd_fast': 9, 'macd_slow': 91, 'macd_signal': 65, 'en_vwap': False, 'en_keltner': True, 'keltner_n': 194, 'keltner_m': 4.5, 'en_obv': False, 'obv_slope': 169, 'en_cci': True, 'cci_n': 9, 'cci_threshold': 170, 'en_rsi': True, 'rsi_n': 77, 'rsi_lower': 17, 'rsi_upper': 58, 'en_stochastic': True, 'stochastic_n': 45, 'stochastic_d': 40, 'stochastic_lower': 5, 'stochastic_upper': 92, 'en_mfi': False, 'mfi_n': 46, 'mfi_lower': 34, 'mfi_upper': 82, 'en_bollinger': True, 'bollinger_n': 60, 'bollinger_k': 3.0, 'en_adx': False, 'adx_n': 33, 'adx_threshold': 8, 'en_structure_trend': True, 'structure_trend_swing_l': 13, 'en_order_block': True, 'order_block_swing_l': 7, 'en_fvg': False, 'fvg_lookback': 46, 'en_ifvg': True, 'en_breaker': False, 'breaker_swing_l': 5, 'en_cisd': False, 'k': 1, 'en_cap_bars': False, 'cap_1min': 1332}.
[I 2026-07-13 17:33:46,908] Trial 1630 finished with values: [672.5255986707054, -404.99999999999545, 43.75] and parameters: {'sl_soft': 2.34715147057422, 'sl_hard_delta': 3.9050213100332094, 'tp': 7.943003420975532, 'gate_pct': 79.79473082398957, 'dd_limit': 332.70974775121596, 'cooldown': 1, 'flip': False, 'en_ema_trend': False, 'ema_trend_fast': 83, 'ema_trend_slow': 125, 'en_sma_trend': False, 'sma_trend_fast': 292, 'sma_trend_slow': 114, 'en_macd': True, 'macd_fast': 9, 'macd_slow': 91, 'macd_signal': 65, 'en_vwap': False, 'en_keltner': True, 'keltner_n': 158, 'keltner_m': 2.8000000000000003, 'en_obv': False, 'obv_slope': 160, 'en_cci': True, 'cci_n': 49, 'cci_threshold': 170, 'en_rsi': True, 'rsi_n': 77, 'rsi_lower': 39, 'rsi_upper': 58, 'en_stochastic': True, 'stochastic_n': 52, 'stochastic_d': 14, 'stochastic_lower': 5, 'stochastic_upper': 57, 'en_mfi': True, 'mfi_n': 11, 'mfi_lower': 34, 'mfi_upper': 97, 'en_bollinger': True, 'bollinger_n': 78, 'bollinger_k': 3.4000000000000004, 'en_adx': False, 'adx_n': 33, 'adx_threshold': 44, 'en_structure_trend': True, 'structure_trend_swing_l': 13, 'en_order_block': False, 'order_block_swing_l': 7, 'en_fvg': False, 'fvg_lookback': 46, 'en_ifvg': True, 'en_breaker': False, 'breaker_swing_l': 5, 'en_cisd': False, 'k': 4, 'en_cap_bars': False, 'cap_1min': 1332}.
[I 2026-07-13 17:33:52,169] Trial 1631 finished with values: [-709.7332114084111, -2392.608639030368, 19.65] and parameters: {'sl_soft': 2.34715147057422, 'sl_hard_delta': 3.9050213100332094, 'tp': 7.943003420975532, 'gate_pct': 79.79473082398957, 'dd_limit': 332.70974775121596, 'cooldown': 1, 'flip': True, 'en_ema_trend': False, 'ema_trend_fast': 83, 'ema_trend_slow': 381, 'en_sma_trend': False, 'sma_trend_fast': 292, 'sma_trend_slow': 114, 'en_macd': True, 'macd_fast': 9, 'macd_slow': 91, 'macd_signal': 65, 'en_vwap': False, 'en_keltner': True, 'keltner_n': 158, 'keltner_m': 2.8000000000000003, 'en_obv': False, 'obv_slope': 160, 'en_cci': True, 'cci_n': 9, 'cci_threshold': 170, 'en_rsi': True, 'rsi_n': 77, 'rsi_lower': 17, 'rsi_upper': 58, 'en_stochastic': True, 'stochastic_n': 52, 'stochastic_d': 40, 'stochastic_lower': 5, 'stochastic_upper': 75, 'en_mfi': True, 'mfi_n': 11, 'mfi_lower': 34, 'mfi_upper': 97, 'en_bollinger': True, 'bollinger_n': 78, 'bollinger_k': 3.4000000000000004, 'en_adx': False, 'adx_n': 33, 'adx_threshold': 44, 'en_structure_trend': True, 'structure_trend_swing_l': 13, 'en_order_block': True, 'order_block_swing_l': 7, 'en_fvg': False, 'fvg_lookback': 46, 'en_ifvg': True, 'en_breaker': False, 'breaker_swing_l': 5, 'en_cisd': False, 'k': 3, 'en_cap_bars': False, 'cap_1min': 1332}.
[I 2026-07-13 17:33:56,812] Trial 1632 finished with values: [941.8259407682797, -1394.9999999999818, 40.9] and parameters: {'sl_soft': 2.34715147057422, 'sl_hard_delta': 3.9050213100332094, 'tp': 7.943003420975532, 'gate_pct': 98.67302380660169, 'dd_limit': 390.2087279618219, 'cooldown': 1, 'flip': False, 'en_ema_trend': False, 'ema_trend_fast': 33, 'ema_trend_slow': 150, 'en_sma_trend': False, 'sma_trend_fast': 345, 'sma_trend_slow': 144, 'en_macd': True, 'macd_fast': 70, 'macd_slow': 177, 'macd_signal': 27, 'en_vwap': True, 'en_keltner': True, 'keltner_n': 158, 'keltner_m': 3.8000000000000003, 'en_obv': False, 'obv_slope': 23, 'en_cci': True, 'cci_n': 51, 'cci_threshold': 180, 'en_rsi': True, 'rsi_n': 46, 'rsi_lower': 24, 'rsi_upper': 58, 'en_stochastic': True, 'stochastic_n': 86, 'stochastic_d': 11, 'stochastic_lower': 40, 'stochastic_upper': 74, 'en_mfi': True, 'mfi_n': 46, 'mfi_lower': 37, 'mfi_upper': 75, 'en_bollinger': True, 'bollinger_n': 155, 'bollinger_k': 4.300000000000001, 'en_adx': False, 'adx_n': 96, 'adx_threshold': 32, 'en_structure_trend': False, 'structure_trend_swing_l': 9, 'en_order_block': True, 'order_block_swing_l': 7, 'en_fvg': False, 'fvg_lookback': 46, 'en_ifvg': True, 'en_breaker': True, 'breaker_swing_l': 20, 'en_cisd': True, 'k': 1, 'en_cap_bars': False, 'cap_1min': 1119}.
[I 2026-07-13 17:33:57,461] Trial 1633 finished with values: [1087.1757697194653, -885.0000000000364, 44.2] and parameters: {'sl_soft': 2.34715147057422, 'sl_hard_delta': 3.9050213100332094, 'tp': 7.943003420975532, 'gate_pct': 79.79473082398957, 'dd_limit': 332.70974775121596, 'cooldown': 1, 'flip': False, 'en_ema_trend': False, 'ema_trend_fast': 83, 'ema_trend_slow': 116, 'en_sma_trend': False, 'sma_trend_fast': 292, 'sma_trend_slow': 114, 'en_macd': True, 'macd_fast': 9, 'macd_slow': 177, 'macd_signal': 65, 'en_vwap': False, 'en_keltner': True, 'keltner_n': 158, 'keltner_m': 2.8000000000000003, 'en_obv': False, 'obv_slope': 169, 'en_cci': True, 'cci_n': 149, 'cci_threshold': 170, 'en_rsi': True, 'rsi_n': 77, 'rsi_lower': 17, 'rsi_upper': 71, 'en_stochastic': True, 'stochastic_n': 52, 'stochastic_d': 40, 'stochastic_lower': 5, 'stochastic_upper': 72, 'en_mfi': True, 'mfi_n': 46, 'mfi_lower': 37, 'mfi_upper': 97, 'en_bollinger': True, 'bollinger_n': 60, 'bollinger_k': 4.300000000000001, 'en_adx': False, 'adx_n': 96, 'adx_threshold': 17, 'en_structure_trend': True, 'structure_trend_swing_l': 13, 'en_order_block': False, 'order_block_swing_l': 7, 'en_fvg': False, 'fvg_lookback': 46, 'en_ifvg': True, 'en_breaker': False, 'breaker_swing_l': 5, 'en_cisd': False, 'k': 4, 'en_cap_bars': False, 'cap_1min': 1332}.
[I 2026-07-13 17:33:57,647] Trial 1634 finished with values: [2731.599105925983, -1457.2416548723822, 38.85] and parameters: {'sl_soft': 2.34715147057422, 'sl_hard_delta': 0.7556521602801897, 'tp': 7.943003420975532, 'gate_pct': 98.67302380660169, 'dd_limit': 332.70974775121596, 'cooldown': 1, 'flip': False, 'en_ema_trend': False, 'ema_trend_fast': 271, 'ema_trend_slow': 266, 'en_sma_trend': False, 'sma_trend_fast': 29, 'sma_trend_slow': 290, 'en_macd': False, 'macd_fast': 9, 'macd_slow': 117, 'macd_signal': 65, 'en_vwap': False, 'en_keltner': True, 'keltner_n': 158, 'keltner_m': 2.8000000000000003, 'en_obv': False, 'obv_slope': 169, 'en_cci': True, 'cci_n': 9, 'cci_threshold': 170, 'en_rsi': True, 'rsi_n': 46, 'rsi_lower': 17, 'rsi_upper': 58, 'en_stochastic': True, 'stochastic_n': 45, 'stochastic_d': 40, 'stochastic_lower': 5, 'stochastic_upper': 78, 'en_mfi': True, 'mfi_n': 46, 'mfi_lower': 37, 'mfi_upper': 97, 'en_bollinger': True, 'bollinger_n': 60, 'bollinger_k': 4.300000000000001, 'en_adx': False, 'adx_n': 33, 'adx_threshold': 17, 'en_structure_trend': False, 'structure_trend_swing_l': 13, 'en_order_block': True, 'order_block_swing_l': 7, 'en_fvg': False, 'fvg_lookback': 46, 'en_ifvg': True, 'en_breaker': False, 'breaker_swing_l': 5, 'en_cisd': False, 'k': 4, 'en_cap_bars': False, 'cap_1min': 1332}.
[I 2026-07-13 17:33:57,838] Trial 1635 finished with values: [1364.5355881767387, -420.14018154270616, 56.25] and parameters: {'sl_soft': 2.34715147057422, 'sl_hard_delta': 0.7556521602801897, 'tp': 7.943003420975532, 'gate_pct': 71.64466629916367, 'dd_limit': 332.70974775121596, 'cooldown': 1, 'flip': False, 'en_ema_trend': False, 'ema_trend_fast': 83, 'ema_trend_slow': 116, 'en_sma_trend': False, 'sma_trend_fast': 29, 'sma_trend_slow': 290, 'en_macd': True, 'macd_fast': 80, 'macd_slow': 177, 'macd_signal': 65, 'en_vwap': False, 'en_keltner': True, 'keltner_n': 158, 'keltner_m': 4.5, 'en_obv': False, 'obv_slope': 169, 'en_cci': False, 'cci_n': 9, 'cci_threshold': 170, 'en_rsi': True, 'rsi_n': 46, 'rsi_lower': 17, 'rsi_upper': 58, 'en_stochastic': True, 'stochastic_n': 45, 'stochastic_d': 14, 'stochastic_lower': 5, 'stochastic_upper': 72, 'en_mfi': True, 'mfi_n': 46, 'mfi_lower': 37, 'mfi_upper': 97, 'en_bollinger': True, 'bollinger_n': 60, 'bollinger_k': 4.300000000000001, 'en_adx': False, 'adx_n': 96, 'adx_threshold': 8, 'en_structure_trend': True, 'structure_trend_swing_l': 13, 'en_order_block': True, 'order_block_swing_l': 7, 'en_fvg': False, 'fvg_lookback': 46, 'en_ifvg': True, 'en_breaker': False, 'breaker_swing_l': 5, 'en_cisd': False, 'k': 4, 'en_cap_bars': False, 'cap_1min': 1332}.
[I 2026-07-13 17:33:59,244] Trial 1636 finished with values: [718.3347578000621, -1300.1802341302664, 42.85] and parameters: {'sl_soft': 2.34715147057422, 'sl_hard_delta': 0.47861910073547576, 'tp': 4.4104709148058445, 'gate_pct': 98.67302380660169, 'dd_limit': 379.61887235308626, 'cooldown': 2, 'flip': True, 'en_ema_trend': False, 'ema_trend_fast': 271, 'ema_trend_slow': 116, 'en_sma_trend': False, 'sma_trend_fast': 29, 'sma_trend_slow': 114, 'en_macd': True, 'macd_fast': 37, 'macd_slow': 28, 'macd_signal': 63, 'en_vwap': True, 'en_keltner': True, 'keltner_n': 48, 'keltner_m': 3.8000000000000003, 'en_obv': True, 'obv_slope': 186, 'en_cci': True, 'cci_n': 27, 'cci_threshold': 170, 'en_rsi': True, 'rsi_n': 39, 'rsi_lower': 17, 'rsi_upper': 58, 'en_stochastic': False, 'stochastic_n': 40, 'stochastic_d': 41, 'stochastic_lower': 5, 'stochastic_upper': 72, 'en_mfi': True, 'mfi_n': 71, 'mfi_lower': 34, 'mfi_upper': 58, 'en_bollinger': False, 'bollinger_n': 127, 'bollinger_k': 4.300000000000001, 'en_adx': False, 'adx_n': 73, 'adx_threshold': 32, 'en_structure_trend': False, 'structure_trend_swing_l': 8, 'en_order_block': True, 'order_block_swing_l': 15, 'en_fvg': False, 'fvg_lookback': 29, 'en_ifvg': True, 'en_breaker': False, 'breaker_swing_l': 15, 'en_cisd': True, 'k': 3, 'en_cap_bars': True, 'cap_1min': 1332}.
