[I 2026-07-13 17:28:01,398] Trial 1649 finished with values: [2193.4034003051465, -965.0000000000091, 62.6] and parameters: {'sl_soft': 3.578361063233118, 'sl_hard_delta': 9.199132196036121, 'tp': 7.670322948010878, 'gate_pct': 79.12027635095406, 'dd_limit': 162.39650823726745, 'cooldown': 0, 'flip': False, 'en_ema_trend': False, 'ema_trend_fast': 317, 'ema_trend_slow': 301, 'en_sma_trend': True, 'sma_trend_fast': 173, 'sma_trend_slow': 55, 'en_macd': True, 'macd_fast': 6, 'macd_slow': 47, 'macd_signal': 85, 'en_vwap': False, 'en_keltner': True, 'keltner_n': 133, 'keltner_m': 1.8, 'en_obv': True, 'obv_slope': 25, 'en_cci': False, 'cci_n': 33, 'cci_threshold': 165, 'en_rsi': True, 'rsi_n': 5, 'rsi_lower': 40, 'rsi_upper': 71, 'en_stochastic': True, 'stochastic_n': 53, 'stochastic_d': 42, 'stochastic_lower': 46, 'stochastic_upper': 93, 'en_mfi': False, 'mfi_n': 92, 'mfi_lower': 10, 'mfi_upper': 93, 'en_bollinger': False, 'bollinger_n': 172, 'bollinger_k': 4.1, 'en_adx': False, 'adx_n': 48, 'adx_threshold': 28, 'en_structure_trend': True, 'structure_trend_swing_l': 10, 'en_order_block': True, 'order_block_swing_l': 19, 'en_fvg': False, 'fvg_lookback': 50, 'en_ifvg': True, 'en_breaker': False, 'breaker_swing_l': 17, 'en_cisd': True, 'k': 3, 'en_cap_bars': False, 'cap_1min': 948}.
[I 2026-07-13 17:28:01,606] Trial 1650 finished with values: [725.9371868735684, -1463.6833698461146, 52.6] and parameters: {'sl_soft': 2.609471604804969, 'sl_hard_delta': 2.762063042654876, 'tp': 3.965955750179107, 'gate_pct': 81.57218444919168, 'dd_limit': 162.39650823726745, 'cooldown': 1, 'flip': False, 'en_ema_trend': False, 'ema_trend_fast': 317, 'ema_trend_slow': 301, 'en_sma_trend': True, 'sma_trend_fast': 173, 'sma_trend_slow': 55, 'en_macd': True, 'macd_fast': 16, 'macd_slow': 47, 'macd_signal': 85, 'en_vwap': True, 'en_keltner': True, 'keltner_n': 17, 'keltner_m': 1.8, 'en_obv': True, 'obv_slope': 25, 'en_cci': True, 'cci_n': 2, 'cci_threshold': 165, 'en_rsi': True, 'rsi_n': 5, 'rsi_lower': 15, 'rsi_upper': 71, 'en_stochastic': False, 'stochastic_n': 22, 'stochastic_d': 42, 'stochastic_lower': 7, 'stochastic_upper': 97, 'en_mfi': False, 'mfi_n': 84, 'mfi_lower': 10, 'mfi_upper': 93, 'en_bollinger': False, 'bollinger_n': 22, 'bollinger_k': 1.6, 'en_adx': False, 'adx_n': 48, 'adx_threshold': 34, 'en_structure_trend': False, 'structure_trend_swing_l': 10, 'en_order_block': False, 'order_block_swing_l': 9, 'en_fvg': False, 'fvg_lookback': 50, 'en_ifvg': True, 'en_breaker': False, 'breaker_swing_l': 17, 'en_cisd': True, 'k': 4, 'en_cap_bars': True, 'cap_1min': 948}.
[I 2026-07-13 17:28:03,006] Trial 1651 finished with values: [440.79778750900687, -290.0000000000091, 60.150000000000006] and parameters: {'sl_soft': 4.175083823529933, 'sl_hard_delta': 9.199132196036121, 'tp': 3.965955750179107, 'gate_pct': 76.55976188692937, 'dd_limit': 162.39650823726745, 'cooldown': 4, 'flip': False, 'en_ema_trend': False, 'ema_trend_fast': 317, 'ema_trend_slow': 301, 'en_sma_trend': True, 'sma_trend_fast': 173, 'sma_trend_slow': 55, 'en_macd': True, 'macd_fast': 6, 'macd_slow': 47, 'macd_signal': 85, 'en_vwap': True, 'en_keltner': True, 'keltner_n': 186, 'keltner_m': 1.8, 'en_obv': True, 'obv_slope': 161, 'en_cci': False, 'cci_n': 2, 'cci_threshold': 195, 'en_rsi': True, 'rsi_n': 52, 'rsi_lower': 20, 'rsi_upper': 71, 'en_stochastic': True, 'stochastic_n': 53, 'stochastic_d': 42, 'stochastic_lower': 46, 'stochastic_upper': 97, 'en_mfi': False, 'mfi_n': 43, 'mfi_lower': 10, 'mfi_upper': 68, 'en_bollinger': False, 'bollinger_n': 32, 'bollinger_k': 1.6, 'en_adx': False, 'adx_n': 52, 'adx_threshold': 34, 'en_structure_trend': True, 'structure_trend_swing_l': 10, 'en_order_block': False, 'order_block_swing_l': 9, 'en_fvg': False, 'fvg_lookback': 50, 'en_ifvg': True, 'en_breaker': False, 'breaker_swing_l': 17, 'en_cisd': True, 'k': 4, 'en_cap_bars': True, 'cap_1min': 3}.
[I 2026-07-13 17:28:03,205] Trial 1652 finished with values: [1052.432298156566, -589.1900495354321, 65.15] and parameters: {'sl_soft': 2.609471604804969, 'sl_hard_delta': 1.3184620587647216, 'tp': 3.965955750179107, 'gate_pct': 76.55976188692937, 'dd_limit': 162.39650823726745, 'cooldown': 1, 'flip': False, 'en_ema_trend': True, 'ema_trend_fast': 317, 'ema_trend_slow': 301, 'en_sma_trend': True, 'sma_trend_fast': 345, 'sma_trend_slow': 163, 'en_macd': True, 'macd_fast': 16, 'macd_slow': 47, 'macd_signal': 85, 'en_vwap': True, 'en_keltner': True, 'keltner_n': 17, 'keltner_m': 2.2, 'en_obv': False, 'obv_slope': 25, 'en_cci': True, 'cci_n': 33, 'cci_threshold': 195, 'en_rsi': True, 'rsi_n': 5, 'rsi_lower': 20, 'rsi_upper': 71, 'en_stochastic': True, 'stochastic_n': 53, 'stochastic_d': 42, 'stochastic_lower': 46, 'stochastic_upper': 95, 'en_mfi': False, 'mfi_n': 75, 'mfi_lower': 10, 'mfi_upper': 68, 'en_bollinger': False, 'bollinger_n': 161, 'bollinger_k': 1.6, 'en_adx': False, 'adx_n': 71, 'adx_threshold': 28, 'en_structure_trend': True, 'structure_trend_swing_l': 10, 'en_order_block': False, 'order_block_swing_l': 9, 'en_fvg': False, 'fvg_lookback': 50, 'en_ifvg': True, 'en_breaker': False, 'breaker_swing_l': 17, 'en_cisd': True, 'k': 1, 'en_cap_bars': False, 'cap_1min': 1249}.
[I 2026-07-13 17:28:03,486] Trial 1653 finished with values: [991.8601751611959, -1225.0, 62.15] and parameters: {'sl_soft': 4.175083823529933, 'sl_hard_delta': 9.199132196036121, 'tp': 3.965955750179107, 'gate_pct': 76.55976188692937, 'dd_limit': 162.39650823726745, 'cooldown': 1, 'flip': False, 'en_ema_trend': False, 'ema_trend_fast': 317, 'ema_trend_slow': 316, 'en_sma_trend': True, 'sma_trend_fast': 173, 'sma_trend_slow': 163, 'en_macd': True, 'macd_fast': 16, 'macd_slow': 47, 'macd_signal': 85, 'en_vwap': True, 'en_keltner': True, 'keltner_n': 133, 'keltner_m': 1.8, 'en_obv': False, 'obv_slope': 20, 'en_cci': False, 'cci_n': 2, 'cci_threshold': 230, 'en_rsi': True, 'rsi_n': 52, 'rsi_lower': 40, 'rsi_upper': 69, 'en_stochastic': False, 'stochastic_n': 53, 'stochastic_d': 14, 'stochastic_lower': 46, 'stochastic_upper': 97, 'en_mfi': False, 'mfi_n': 61, 'mfi_lower': 10, 'mfi_upper': 78, 'en_bollinger': False, 'bollinger_n': 161, 'bollinger_k': 1.6, 'en_adx': False, 'adx_n': 71, 'adx_threshold': 34, 'en_structure_trend': True, 'structure_trend_swing_l': 10, 'en_order_block': True, 'order_block_swing_l': 9, 'en_fvg': False, 'fvg_lookback': 50, 'en_ifvg': True, 'en_breaker': False, 'breaker_swing_l': 17, 'en_cisd': True, 'k': 1, 'en_cap_bars': False, 'cap_1min': 3}.
[I 2026-07-13 17:28:03,706] Trial 1654 finished with values: [375.5845125626763, -520.0000000000045, 60.150000000000006] and parameters: {'sl_soft': 3.578361063233118, 'sl_hard_delta': 9.199132196036121, 'tp': 3.965955750179107, 'gate_pct': 76.55976188692937, 'dd_limit': 162.39650823726745, 'cooldown': 4, 'flip': False, 'en_ema_trend': True, 'ema_trend_fast': 317, 'ema_trend_slow': 301, 'en_sma_trend': True, 'sma_trend_fast': 173, 'sma_trend_slow': 163, 'en_macd': True, 'macd_fast': 16, 'macd_slow': 48, 'macd_signal': 85, 'en_vwap': True, 'en_keltner': False, 'keltner_n': 133, 'keltner_m': 1.8, 'en_obv': True, 'obv_slope': 77, 'en_cci': False, 'cci_n': 2, 'cci_threshold': 65, 'en_rsi': True, 'rsi_n': 33, 'rsi_lower': 20, 'rsi_upper': 69, 'en_stochastic': True, 'stochastic_n': 53, 'stochastic_d': 42, 'stochastic_lower': 46, 'stochastic_upper': 97, 'en_mfi': False, 'mfi_n': 61, 'mfi_lower': 10, 'mfi_upper': 93, 'en_bollinger': False, 'bollinger_n': 32, 'bollinger_k': 1.1, 'en_adx': False, 'adx_n': 71, 'adx_threshold': 34, 'en_structure_trend': True, 'structure_trend_swing_l': 10, 'en_order_block': True, 'order_block_swing_l': 9, 'en_fvg': False, 'fvg_lookback': 50, 'en_ifvg': True, 'en_breaker': False, 'breaker_swing_l': 17, 'en_cisd': True, 'k': 4, 'en_cap_bars': True, 'cap_1min': 948}.
[I 2026-07-13 17:28:03,923] Trial 1655 finished with values: [2996.8368491122646, -1237.7611584405486, 58.099999999999994] and parameters: {'sl_soft': 3.578361063233118, 'sl_hard_delta': 1.5400466597035951, 'tp': 7.670322948010878, 'gate_pct': 79.12027635095406, 'dd_limit': 162.39650823726745, 'cooldown': 1, 'flip': False, 'en_ema_trend': True, 'ema_trend_fast': 317, 'ema_trend_slow': 301, 'en_sma_trend': True, 'sma_trend_fast': 173, 'sma_trend_slow': 55, 'en_macd': True, 'macd_fast': 6, 'macd_slow': 47, 'macd_signal': 85, 'en_vwap': True, 'en_keltner': True, 'keltner_n': 133, 'keltner_m': 1.8, 'en_obv': True, 'obv_slope': 25, 'en_cci': False, 'cci_n': 33, 'cci_threshold': 165, 'en_rsi': True, 'rsi_n': 5, 'rsi_lower': 40, 'rsi_upper': 71, 'en_stochastic': False, 'stochastic_n': 53, 'stochastic_d': 15, 'stochastic_lower': 46, 'stochastic_upper': 97, 'en_mfi': False, 'mfi_n': 61, 'mfi_lower': 1, 'mfi_upper': 78, 'en_bollinger': False, 'bollinger_n': 161, 'bollinger_k': 1.1, 'en_adx': False, 'adx_n': 71, 'adx_threshold': 34, 'en_structure_trend': True, 'structure_trend_swing_l': 10, 'en_order_block': False, 'order_block_swing_l': 9, 'en_fvg': False, 'fvg_lookback': 50, 'en_ifvg': True, 'en_breaker': False, 'breaker_swing_l': 17, 'en_cisd': True, 'k': 1, 'en_cap_bars': False, 'cap_1min': 1249}.
[I 2026-07-13 17:28:04,154] Trial 1656 finished with values: [3751.183171940727, -1678.6815445874026, 55.95] and parameters: {'sl_soft': 3.578361063233118, 'sl_hard_delta': 1.5400466597035951, 'tp': 7.670322948010878, 'gate_pct': 79.12027635095406, 'dd_limit': 390.2087279618219, 'cooldown': 1, 'flip': False, 'en_ema_trend': True, 'ema_trend_fast': 317, 'ema_trend_slow': 301, 'en_sma_trend': True, 'sma_trend_fast': 173, 'sma_trend_slow': 55, 'en_macd': True, 'macd_fast': 6, 'macd_slow': 47, 'macd_signal': 85, 'en_vwap': True, 'en_keltner': False, 'keltner_n': 17, 'keltner_m': 2.2, 'en_obv': True, 'obv_slope': 25, 'en_cci': False, 'cci_n': 33, 'cci_threshold': 170, 'en_rsi': True, 'rsi_n': 5, 'rsi_lower': 40, 'rsi_upper': 71, 'en_stochastic': False, 'stochastic_n': 53, 'stochastic_d': 15, 'stochastic_lower': 46, 'stochastic_upper': 97, 'en_mfi': False, 'mfi_n': 61, 'mfi_lower': 1, 'mfi_upper': 68, 'en_bollinger': False, 'bollinger_n': 22, 'bollinger_k': 1.1, 'en_adx': False, 'adx_n': 71, 'adx_threshold': 34, 'en_structure_trend': True, 'structure_trend_swing_l': 10, 'en_order_block': False, 'order_block_swing_l': 9, 'en_fvg': False, 'fvg_lookback': 50, 'en_ifvg': True, 'en_breaker': False, 'breaker_swing_l': 17, 'en_cisd': False, 'k': 1, 'en_cap_bars': False, 'cap_1min': 1343}.
[I 2026-07-13 17:28:04,386] Trial 1657 finished with values: [428.29778750900687, -299.9999999999545, 60.5] and parameters: {'sl_soft': 4.175083823529933, 'sl_hard_delta': 9.199132196036121, 'tp': 3.965955750179107, 'gate_pct': 76.55976188692937, 'dd_limit': 234.1688012834486, 'cooldown': 1, 'flip': False, 'en_ema_trend': True, 'ema_trend_fast': 317, 'ema_trend_slow': 301, 'en_sma_trend': True, 'sma_trend_fast': 173, 'sma_trend_slow': 163, 'en_macd': True, 'macd_fast': 16, 'macd_slow': 47, 'macd_signal': 85, 'en_vwap': True, 'en_keltner': True, 'keltner_n': 133, 'keltner_m': 2.2, 'en_obv': True, 'obv_slope': 161, 'en_cci': True, 'cci_n': 2, 'cci_threshold': 195, 'en_rsi': True, 'rsi_n': 52, 'rsi_lower': 20, 'rsi_upper': 69, 'en_stochastic': True, 'stochastic_n': 53, 'stochastic_d': 42, 'stochastic_lower': 46, 'stochastic_upper': 97, 'en_mfi': False, 'mfi_n': 61, 'mfi_lower': 10, 'mfi_upper': 93, 'en_bollinger': False, 'bollinger_n': 32, 'bollinger_k': 1.1, 'en_adx': False, 'adx_n': 52, 'adx_threshold': 34, 'en_structure_trend': True, 'structure_trend_swing_l': 10, 'en_order_block': True, 'order_block_swing_l': 9, 'en_fvg': False, 'fvg_lookback': 50, 'en_ifvg': True, 'en_breaker': False, 'breaker_swing_l': 10, 'en_cisd': True, 'k': 1, 'en_cap_bars': True, 'cap_1min': 3}.
[I 2026-07-13 17:28:04,568] Trial 1658 finished with values: [166.43561880816833, -569.9999999999818, 50.0] and parameters: {'sl_soft': 2.609471604804969, 'sl_hard_delta': 9.199132196036121, 'tp': 3.965955750179107, 'gate_pct': 76.55976188692937, 'dd_limit': 234.1688012834486, 'cooldown': 4, 'flip': False, 'en_ema_trend': False, 'ema_trend_fast': 317, 'ema_trend_slow': 301, 'en_sma_trend': True, 'sma_trend_fast': 173, 'sma_trend_slow': 163, 'en_macd': True, 'macd_fast': 16, 'macd_slow': 47, 'macd_signal': 94, 'en_vwap': True, 'en_keltner': True, 'keltner_n': 133, 'keltner_m': 1.8, 'en_obv': False, 'obv_slope': 161, 'en_cci': False, 'cci_n': 2, 'cci_threshold': 195, 'en_rsi': True, 'rsi_n': 52, 'rsi_lower': 20, 'rsi_upper': 71, 'en_stochastic': True, 'stochastic_n': 53, 'stochastic_d': 42, 'stochastic_lower': 46, 'stochastic_upper': 93, 'en_mfi': False, 'mfi_n': 61, 'mfi_lower': 10, 'mfi_upper': 93, 'en_bollinger': False, 'bollinger_n': 22, 'bollinger_k': 1.6, 'en_adx': False, 'adx_n': 71, 'adx_threshold': 34, 'en_structure_trend': True, 'structure_trend_swing_l': 10, 'en_order_block': True, 'order_block_swing_l': 9, 'en_fvg': False, 'fvg_lookback': 43, 'en_ifvg': True, 'en_breaker': False, 'breaker_swing_l': 17, 'en_cisd': True, 'k': 4, 'en_cap_bars': False, 'cap_1min': 3}.
[I 2026-07-13 17:28:05,403] Trial 1659 pruned. 
[I 2026-07-13 17:28:05,674] Trial 1660 finished with values: [329.5948465145159, -600.0000000000455, 59.15] and parameters: {'sl_soft': 3.578361063233118, 'sl_hard_delta': 1.5400466597035951, 'tp': 3.965955750179107, 'gate_pct': 76.55976188692937, 'dd_limit': 162.39650823726745, 'cooldown': 4, 'flip': False, 'en_ema_trend': False, 'ema_trend_fast': 317, 'ema_trend_slow': 301, 'en_sma_trend': True, 'sma_trend_fast': 352, 'sma_trend_slow': 55, 'en_macd': True, 'macd_fast': 16, 'macd_slow': 47, 'macd_signal': 85, 'en_vwap': True, 'en_keltner': True, 'keltner_n': 133, 'keltner_m': 1.8, 'en_obv': True, 'obv_slope': 161, 'en_cci': True, 'cci_n': 2, 'cci_threshold': 195, 'en_rsi': True, 'rsi_n': 52, 'rsi_lower': 40, 'rsi_upper': 69, 'en_stochastic': True, 'stochastic_n': 53, 'stochastic_d': 15, 'stochastic_lower': 46, 'stochastic_upper': 97, 'en_mfi': False, 'mfi_n': 84, 'mfi_lower': 1, 'mfi_upper': 78, 'en_bollinger': True, 'bollinger_n': 22, 'bollinger_k': 1.1, 'en_adx': False, 'adx_n': 71, 'adx_threshold': 34, 'en_structure_trend': True, 'structure_trend_swing_l': 10, 'en_order_block': True, 'order_block_swing_l': 9, 'en_fvg': False, 'fvg_lookback': 50, 'en_ifvg': True, 'en_breaker': False, 'breaker_swing_l': 17, 'en_cisd': False, 'k': 1, 'en_cap_bars': True, 'cap_1min': 1249}.
[I 2026-07-13 17:28:05,887] Trial 1661 finished with values: [685.637831299232, -420.0000000000273, 67.5] and parameters: {'sl_soft': 2.609471604804969, 'sl_hard_delta': 9.199132196036121, 'tp': 3.965955750179107, 'gate_pct': 76.55976188692937, 'dd_limit': 234.1688012834486, 'cooldown': 4, 'flip': False, 'en_ema_trend': False, 'ema_trend_fast': 317, 'ema_trend_slow': 316, 'en_sma_trend': True, 'sma_trend_fast': 345, 'sma_trend_slow': 143, 'en_macd': True, 'macd_fast': 6, 'macd_slow': 47, 'macd_signal': 85, 'en_vwap': True, 'en_keltner': True, 'keltner_n': 133, 'keltner_m': 2.2, 'en_obv': True, 'obv_slope': 25, 'en_cci': False, 'cci_n': 33, 'cci_threshold': 165, 'en_rsi': True, 'rsi_n': 5, 'rsi_lower': 20, 'rsi_upper': 69, 'en_stochastic': True, 'stochastic_n': 53, 'stochastic_d': 42, 'stochastic_lower': 46, 'stochastic_upper': 93, 'en_mfi': False, 'mfi_n': 92, 'mfi_lower': 32, 'mfi_upper': 54, 'en_bollinger': False, 'bollinger_n': 161, 'bollinger_k': 1.6, 'en_adx': False, 'adx_n': 71, 'adx_threshold': 28, 'en_structure_trend': True, 'structure_trend_swing_l': 10, 'en_order_block': False, 'order_block_swing_l': 9, 'en_fvg': False, 'fvg_lookback': 50, 'en_ifvg': True, 'en_breaker': False, 'breaker_swing_l': 17, 'en_cisd': True, 'k': 4, 'en_cap_bars': False, 'cap_1min': 948}.
[I 2026-07-13 17:28:06,399] Trial 1662 pruned. 
[I 2026-07-13 17:28:06,650] Trial 1663 finished with values: [836.1157063887674, -1146.9154874373544, 60.2] and parameters: {'sl_soft': 3.578361063233118, 'sl_hard_delta': 9.199132196036121, 'tp': 3.965955750179107, 'gate_pct': 76.55976188692937, 'dd_limit': 162.39650823726745, 'cooldown': 1, 'flip': False, 'en_ema_trend': True, 'ema_trend_fast': 317, 'ema_trend_slow': 301, 'en_sma_trend': True, 'sma_trend_fast': 352, 'sma_trend_slow': 163, 'en_macd': True, 'macd_fast': 16, 'macd_slow': 47, 'macd_signal': 85, 'en_vwap': True, 'en_keltner': False, 'keltner_n': 133, 'keltner_m': 1.8, 'en_obv': True, 'obv_slope': 25, 'en_cci': False, 'cci_n': 33, 'cci_threshold': 195, 'en_rsi': True, 'rsi_n': 52, 'rsi_lower': 40, 'rsi_upper': 71, 'en_stochastic': True, 'stochastic_n': 53, 'stochastic_d': 15, 'stochastic_lower': 46, 'stochastic_upper': 97, 'en_mfi': False, 'mfi_n': 61, 'mfi_lower': 1, 'mfi_upper': 93, 'en_bollinger': False, 'bollinger_n': 22, 'bollinger_k': 1.6, 'en_adx': False, 'adx_n': 48, 'adx_threshold': 34, 'en_structure_trend': True, 'structure_trend_swing_l': 10, 'en_order_block': True, 'order_block_swing_l': 9, 'en_fvg': False, 'fvg_lookback': 50, 'en_ifvg': True, 'en_breaker': False, 'breaker_swing_l': 17, 'en_cisd': True, 'k': 1, 'en_cap_bars': False, 'cap_1min': 1249}.
[I 2026-07-13 17:28:06,899] Trial 1664 pruned. 
[I 2026-07-13 17:28:07,127] Trial 1665 finished with values: [279.1488937544784, -84.99999999996817, 55.900000000000006] and parameters: {'sl_soft': 2.609471604804969, 'sl_hard_delta': 9.199132196036121, 'tp': 3.965955750179107, 'gate_pct': 76.55976188692937, 'dd_limit': 507.56009010777757, 'cooldown': 4, 'flip': False, 'en_ema_trend': False, 'ema_trend_fast': 317, 'ema_trend_slow': 301, 'en_sma_trend': True, 'sma_trend_fast': 173, 'sma_trend_slow': 163, 'en_macd': True, 'macd_fast': 6, 'macd_slow': 47, 'macd_signal': 85, 'en_vwap': True, 'en_keltner': True, 'keltner_n': 133, 'keltner_m': 2.2, 'en_obv': False, 'obv_slope': 25, 'en_cci': True, 'cci_n': 33, 'cci_threshold': 165, 'en_rsi': True, 'rsi_n': 5, 'rsi_lower': 20, 'rsi_upper': 69, 'en_stochastic': True, 'stochastic_n': 53, 'stochastic_d': 42, 'stochastic_lower': 46, 'stochastic_upper': 97, 'en_mfi': False, 'mfi_n': 61, 'mfi_lower': 10, 'mfi_upper': 68, 'en_bollinger': False, 'bollinger_n': 97, 'bollinger_k': 4.9, 'en_adx': False, 'adx_n': 48, 'adx_threshold': 34, 'en_structure_trend': True, 'structure_trend_swing_l': 13, 'en_order_block': True, 'order_block_swing_l': 9, 'en_fvg': False, 'fvg_lookback': 50, 'en_ifvg': True, 'en_breaker': False, 'breaker_swing_l': 17, 'en_cisd': True, 'k': 4, 'en_cap_bars': True, 'cap_1min': 3}.
[I 2026-07-13 17:28:07,308] Trial 1666 finished with values: [1023.0483463947735, -746.70221249105, 65.5] and parameters: {'sl_soft': 4.175083823529933, 'sl_hard_delta': 1.5400466597035951, 'tp': 3.965955750179107, 'gate_pct': 76.55976188692937, 'dd_limit': 507.56009010777757, 'cooldown': 4, 'flip': False, 'en_ema_trend': False, 'ema_trend_fast': 317, 'ema_trend_slow': 301, 'en_sma_trend': True, 'sma_trend_fast': 173, 'sma_trend_slow': 163, 'en_macd': True, 'macd_fast': 6, 'macd_slow': 47, 'macd_signal': 85, 'en_vwap': True, 'en_keltner': False, 'keltner_n': 133, 'keltner_m': 2.2, 'en_obv': False, 'obv_slope': 161, 'en_cci': True, 'cci_n': 33, 'cci_threshold': 195, 'en_rsi': True, 'rsi_n': 52, 'rsi_lower': 20, 'rsi_upper': 69, 'en_stochastic': True, 'stochastic_n': 53, 'stochastic_d': 42, 'stochastic_lower': 46, 'stochastic_upper': 93, 'en_mfi': False, 'mfi_n': 61, 'mfi_lower': 10, 'mfi_upper': 68, 'en_bollinger': False, 'bollinger_n': 97, 'bollinger_k': 4.9, 'en_adx': False, 'adx_n': 48, 'adx_threshold': 34, 'en_structure_trend': True, 'structure_trend_swing_l': 10, 'en_order_block': False, 'order_block_swing_l': 9, 'en_fvg': False, 'fvg_lookback': 50, 'en_ifvg': True, 'en_breaker': False, 'breaker_swing_l': 17, 'en_cisd': True, 'k': 4, 'en_cap_bars': False, 'cap_1min': 948}.
[I 2026-07-13 17:28:07,682] Trial 1667 finished with values: [1318.5623876522072, -940.0000000000091, 67.5] and parameters: {'sl_soft': 4.175083823529933, 'sl_hard_delta': 9.199132196036121, 'tp': 3.965955750179107, 'gate_pct': 76.55976188692937, 'dd_limit': 162.39650823726745, 'cooldown': 1, 'flip': False, 'en_ema_trend': False, 'ema_trend_fast': 317, 'ema_trend_slow': 301, 'en_sma_trend': True, 'sma_trend_fast': 173, 'sma_trend_slow': 163, 'en_macd': True, 'macd_fast': 6, 'macd_slow': 47, 'macd_signal': 85, 'en_vwap': True, 'en_keltner': True, 'keltner_n': 133, 'keltner_m': 1.8, 'en_obv': True, 'obv_slope': 143, 'en_cci': True, 'cci_n': 2, 'cci_threshold': 195, 'en_rsi': True, 'rsi_n': 5, 'rsi_lower': 40, 'rsi_upper': 69, 'en_stochastic': False, 'stochastic_n': 53, 'stochastic_d': 42, 'stochastic_lower': 46, 'stochastic_upper': 97, 'en_mfi': False, 'mfi_n': 61, 'mfi_lower': 10, 'mfi_upper': 93, 'en_bollinger': False, 'bollinger_n': 32, 'bollinger_k': 1.6, 'en_adx': False, 'adx_n': 48, 'adx_threshold': 34, 'en_structure_trend': True, 'structure_trend_swing_l': 10, 'en_order_block': True, 'order_block_swing_l': 9, 'en_fvg': False, 'fvg_lookback': 50, 'en_ifvg': True, 'en_breaker': False, 'breaker_swing_l': 17, 'en_cisd': True, 'k': 4, 'en_cap_bars': True, 'cap_1min': 1249}.
