[I 2026-07-13 17:31:09,536] Trial 1898 finished with values: [1258.0027131993631, -1593.894819533648, 61.1] and parameters: {'sl_soft': 3.578361063233118, 'sl_hard_delta': 1.5400466597035951, 'tp': 3.965955750179107, 'gate_pct': 76.55976188692937, 'dd_limit': 234.1688012834486, 'cooldown': 1, 'flip': False, 'en_ema_trend': False, 'ema_trend_fast': 317, 'ema_trend_slow': 301, 'en_sma_trend': True, 'sma_trend_fast': 352, 'sma_trend_slow': 55, 'en_macd': True, 'macd_fast': 16, 'macd_slow': 47, 'macd_signal': 85, 'en_vwap': True, 'en_keltner': True, 'keltner_n': 17, 'keltner_m': 1.8, 'en_obv': True, 'obv_slope': 25, 'en_cci': False, 'cci_n': 33, 'cci_threshold': 165, 'en_rsi': True, 'rsi_n': 33, 'rsi_lower': 20, 'rsi_upper': 69, 'en_stochastic': True, 'stochastic_n': 53, 'stochastic_d': 19, 'stochastic_lower': 46, 'stochastic_upper': 97, 'en_mfi': False, 'mfi_n': 84, 'mfi_lower': 32, 'mfi_upper': 54, 'en_bollinger': False, 'bollinger_n': 161, 'bollinger_k': 1.1, 'en_adx': False, 'adx_n': 71, 'adx_threshold': 34, 'en_structure_trend': True, 'structure_trend_swing_l': 10, 'en_order_block': False, 'order_block_swing_l': 9, 'en_fvg': False, 'fvg_lookback': 50, 'en_ifvg': True, 'en_breaker': False, 'breaker_swing_l': 17, 'en_cisd': False, 'k': 1, 'en_cap_bars': False, 'cap_1min': 1249}.
[I 2026-07-13 17:31:09,836] Trial 1899 finished with values: [1119.0439771327306, -1475.0, 64.45] and parameters: {'sl_soft': 3.578361063233118, 'sl_hard_delta': 1.5400466597035951, 'tp': 3.965955750179107, 'gate_pct': 44.04004169924129, 'dd_limit': 234.1688012834486, 'cooldown': 1, 'flip': False, 'en_ema_trend': True, 'ema_trend_fast': 317, 'ema_trend_slow': 301, 'en_sma_trend': True, 'sma_trend_fast': 352, 'sma_trend_slow': 55, 'en_macd': True, 'macd_fast': 6, 'macd_slow': 47, 'macd_signal': 85, 'en_vwap': True, 'en_keltner': True, 'keltner_n': 70, 'keltner_m': 1.8, 'en_obv': True, 'obv_slope': 20, 'en_cci': False, 'cci_n': 33, 'cci_threshold': 230, 'en_rsi': True, 'rsi_n': 33, 'rsi_lower': 20, 'rsi_upper': 71, 'en_stochastic': False, 'stochastic_n': 53, 'stochastic_d': 29, 'stochastic_lower': 39, 'stochastic_upper': 97, 'en_mfi': False, 'mfi_n': 84, 'mfi_lower': 32, 'mfi_upper': 68, 'en_bollinger': False, 'bollinger_n': 22, 'bollinger_k': 1.6, 'en_adx': False, 'adx_n': 71, 'adx_threshold': 34, 'en_structure_trend': True, 'structure_trend_swing_l': 10, 'en_order_block': False, 'order_block_swing_l': 9, 'en_fvg': False, 'fvg_lookback': 50, 'en_ifvg': False, 'en_breaker': False, 'breaker_swing_l': 17, 'en_cisd': True, 'k': 1, 'en_cap_bars': False, 'cap_1min': 1249}.
[I 2026-07-13 17:31:10,041] Trial 1900 finished with values: [-1576.0849592862883, -2467.9195316497726, 20.3] and parameters: {'sl_soft': 2.609471604804969, 'sl_hard_delta': 1.5400466597035951, 'tp': 7.670322948010878, 'gate_pct': 76.55976188692937, 'dd_limit': 507.56009010777757, 'cooldown': 1, 'flip': True, 'en_ema_trend': True, 'ema_trend_fast': 317, 'ema_trend_slow': 301, 'en_sma_trend': True, 'sma_trend_fast': 173, 'sma_trend_slow': 55, 'en_macd': True, 'macd_fast': 6, 'macd_slow': 47, 'macd_signal': 85, 'en_vwap': True, 'en_keltner': True, 'keltner_n': 186, 'keltner_m': 1.8, 'en_obv': False, 'obv_slope': 143, 'en_cci': False, 'cci_n': 33, 'cci_threshold': 165, 'en_rsi': True, 'rsi_n': 5, 'rsi_lower': 40, 'rsi_upper': 71, 'en_stochastic': False, 'stochastic_n': 53, 'stochastic_d': 42, 'stochastic_lower': 46, 'stochastic_upper': 97, 'en_mfi': False, 'mfi_n': 75, 'mfi_lower': 10, 'mfi_upper': 93, 'en_bollinger': False, 'bollinger_n': 161, 'bollinger_k': 4.9, 'en_adx': False, 'adx_n': 48, 'adx_threshold': 34, 'en_structure_trend': True, 'structure_trend_swing_l': 10, 'en_order_block': False, 'order_block_swing_l': 9, 'en_fvg': False, 'fvg_lookback': 50, 'en_ifvg': True, 'en_breaker': False, 'breaker_swing_l': 17, 'en_cisd': True, 'k': 4, 'en_cap_bars': True, 'cap_1min': 1249}.
[I 2026-07-13 17:31:10,301] Trial 1901 finished with values: [652.871237616381, -745.0000000000273, 55.05] and parameters: {'sl_soft': 2.609471604804969, 'sl_hard_delta': 9.199132196036121, 'tp': 3.965955750179107, 'gate_pct': 79.12027635095406, 'dd_limit': 162.39650823726745, 'cooldown': 0, 'flip': False, 'en_ema_trend': False, 'ema_trend_fast': 317, 'ema_trend_slow': 301, 'en_sma_trend': True, 'sma_trend_fast': 173, 'sma_trend_slow': 143, 'en_macd': True, 'macd_fast': 16, 'macd_slow': 47, 'macd_signal': 85, 'en_vwap': True, 'en_keltner': True, 'keltner_n': 133, 'keltner_m': 1.8, 'en_obv': True, 'obv_slope': 19, 'en_cci': True, 'cci_n': 2, 'cci_threshold': 195, 'en_rsi': True, 'rsi_n': 33, 'rsi_lower': 20, 'rsi_upper': 71, 'en_stochastic': True, 'stochastic_n': 53, 'stochastic_d': 42, 'stochastic_lower': 46, 'stochastic_upper': 97, 'en_mfi': False, 'mfi_n': 61, 'mfi_lower': 10, 'mfi_upper': 93, 'en_bollinger': False, 'bollinger_n': 22, 'bollinger_k': 4.1, 'en_adx': False, 'adx_n': 7, 'adx_threshold': 34, 'en_structure_trend': True, 'structure_trend_swing_l': 10, 'en_order_block': True, 'order_block_swing_l': 9, 'en_fvg': False, 'fvg_lookback': 50, 'en_ifvg': True, 'en_breaker': False, 'breaker_swing_l': 17, 'en_cisd': True, 'k': 3, 'en_cap_bars': False, 'cap_1min': 1249}.
[I 2026-07-13 17:31:10,561] Trial 1902 finished with values: [850.9754257347765, -425.0, 77.85] and parameters: {'sl_soft': 3.578361063233118, 'sl_hard_delta': 1.5400466597035951, 'tp': 3.965955750179107, 'gate_pct': 44.04004169924129, 'dd_limit': 39.52565804693206, 'cooldown': 4, 'flip': False, 'en_ema_trend': False, 'ema_trend_fast': 317, 'ema_trend_slow': 316, 'en_sma_trend': True, 'sma_trend_fast': 345, 'sma_trend_slow': 143, 'en_macd': True, 'macd_fast': 16, 'macd_slow': 194, 'macd_signal': 85, 'en_vwap': True, 'en_keltner': True, 'keltner_n': 153, 'keltner_m': 1.8, 'en_obv': True, 'obv_slope': 25, 'en_cci': False, 'cci_n': 33, 'cci_threshold': 165, 'en_rsi': False, 'rsi_n': 33, 'rsi_lower': 20, 'rsi_upper': 69, 'en_stochastic': True, 'stochastic_n': 22, 'stochastic_d': 29, 'stochastic_lower': 39, 'stochastic_upper': 97, 'en_mfi': False, 'mfi_n': 61, 'mfi_lower': 32, 'mfi_upper': 54, 'en_bollinger': False, 'bollinger_n': 22, 'bollinger_k': 1.1, 'en_adx': False, 'adx_n': 71, 'adx_threshold': 34, 'en_structure_trend': True, 'structure_trend_swing_l': 10, 'en_order_block': False, 'order_block_swing_l': 9, 'en_fvg': False, 'fvg_lookback': 4, 'en_ifvg': True, 'en_breaker': False, 'breaker_swing_l': 17, 'en_cisd': True, 'k': 4, 'en_cap_bars': False, 'cap_1min': 1249}.
[I 2026-07-13 17:31:10,802] Trial 1903 finished with values: [2072.4679899072953, -1530.0000000000182, 52.1] and parameters: {'sl_soft': 3.578361063233118, 'sl_hard_delta': 9.199132196036121, 'tp': 7.670322948010878, 'gate_pct': 76.55976188692937, 'dd_limit': 234.1688012834486, 'cooldown': 1, 'flip': False, 'en_ema_trend': True, 'ema_trend_fast': 317, 'ema_trend_slow': 316, 'en_sma_trend': True, 'sma_trend_fast': 345, 'sma_trend_slow': 143, 'en_macd': True, 'macd_fast': 16, 'macd_slow': 47, 'macd_signal': 85, 'en_vwap': True, 'en_keltner': False, 'keltner_n': 144, 'keltner_m': 1.8, 'en_obv': True, 'obv_slope': 25, 'en_cci': False, 'cci_n': 33, 'cci_threshold': 165, 'en_rsi': False, 'rsi_n': 33, 'rsi_lower': 40, 'rsi_upper': 69, 'en_stochastic': True, 'stochastic_n': 53, 'stochastic_d': 29, 'stochastic_lower': 46, 'stochastic_upper': 97, 'en_mfi': False, 'mfi_n': 61, 'mfi_lower': 32, 'mfi_upper': 54, 'en_bollinger': False, 'bollinger_n': 22, 'bollinger_k': 1.1, 'en_adx': False, 'adx_n': 71, 'adx_threshold': 34, 'en_structure_trend': True, 'structure_trend_swing_l': 10, 'en_order_block': False, 'order_block_swing_l': 9, 'en_fvg': False, 'fvg_lookback': 50, 'en_ifvg': True, 'en_breaker': False, 'breaker_swing_l': 17, 'en_cisd': True, 'k': 1, 'en_cap_bars': False, 'cap_1min': 1249}.
[I 2026-07-13 17:31:11,021] Trial 1904 finished with values: [1946.6332810036874, -804.9518264508606, 66.9] and parameters: {'sl_soft': 2.609471604804969, 'sl_hard_delta': 1.5400466597035951, 'tp': 3.965955750179107, 'gate_pct': 76.55976188692937, 'dd_limit': 162.39650823726745, 'cooldown': 0, 'flip': False, 'en_ema_trend': False, 'ema_trend_fast': 317, 'ema_trend_slow': 301, 'en_sma_trend': True, 'sma_trend_fast': 173, 'sma_trend_slow': 163, 'en_macd': True, 'macd_fast': 16, 'macd_slow': 47, 'macd_signal': 85, 'en_vwap': True, 'en_keltner': True, 'keltner_n': 133, 'keltner_m': 1.8, 'en_obv': True, 'obv_slope': 161, 'en_cci': True, 'cci_n': 2, 'cci_threshold': 195, 'en_rsi': True, 'rsi_n': 5, 'rsi_lower': 40, 'rsi_upper': 69, 'en_stochastic': False, 'stochastic_n': 53, 'stochastic_d': 42, 'stochastic_lower': 46, 'stochastic_upper': 97, 'en_mfi': False, 'mfi_n': 61, 'mfi_lower': 10, 'mfi_upper': 59, 'en_bollinger': False, 'bollinger_n': 32, 'bollinger_k': 1.6, 'en_adx': False, 'adx_n': 7, 'adx_threshold': 28, 'en_structure_trend': True, 'structure_trend_swing_l': 10, 'en_order_block': False, 'order_block_swing_l': 9, 'en_fvg': False, 'fvg_lookback': 50, 'en_ifvg': True, 'en_breaker': False, 'breaker_swing_l': 17, 'en_cisd': True, 'k': 3, 'en_cap_bars': False, 'cap_1min': 3}.
[I 2026-07-13 17:31:11,164] Trial 1905 pruned. 
[I 2026-07-13 17:31:11,381] Trial 1906 finished with values: [1086.062847460255, -1020.0000000000045, 69.5] and parameters: {'sl_soft': 3.578361063233118, 'sl_hard_delta': 2.762063042654876, 'tp': 3.965955750179107, 'gate_pct': 76.55976188692937, 'dd_limit': 162.39650823726745, 'cooldown': 0, 'flip': False, 'en_ema_trend': True, 'ema_trend_fast': 317, 'ema_trend_slow': 301, 'en_sma_trend': True, 'sma_trend_fast': 262, 'sma_trend_slow': 55, 'en_macd': True, 'macd_fast': 16, 'macd_slow': 194, 'macd_signal': 85, 'en_vwap': True, 'en_keltner': True, 'keltner_n': 17, 'keltner_m': 2.2, 'en_obv': False, 'obv_slope': 198, 'en_cci': False, 'cci_n': 33, 'cci_threshold': 165, 'en_rsi': True, 'rsi_n': 5, 'rsi_lower': 40, 'rsi_upper': 69, 'en_stochastic': True, 'stochastic_n': 53, 'stochastic_d': 42, 'stochastic_lower': 39, 'stochastic_upper': 97, 'en_mfi': False, 'mfi_n': 84, 'mfi_lower': 10, 'mfi_upper': 68, 'en_bollinger': False, 'bollinger_n': 63, 'bollinger_k': 1.1, 'en_adx': False, 'adx_n': 71, 'adx_threshold': 20, 'en_structure_trend': True, 'structure_trend_swing_l': 10, 'en_order_block': False, 'order_block_swing_l': 19, 'en_fvg': False, 'fvg_lookback': 50, 'en_ifvg': True, 'en_breaker': False, 'breaker_swing_l': 17, 'en_cisd': True, 'k': 2, 'en_cap_bars': False, 'cap_1min': 948}.
[I 2026-07-13 17:31:11,577] Trial 1907 finished with values: [1013.8289813350639, -520.0000000000045, 72.85] and parameters: {'sl_soft': 3.578361063233118, 'sl_hard_delta': 9.199132196036121, 'tp': 3.965955750179107, 'gate_pct': 76.55976188692937, 'dd_limit': 234.1688012834486, 'cooldown': 4, 'flip': False, 'en_ema_trend': False, 'ema_trend_fast': 317, 'ema_trend_slow': 301, 'en_sma_trend': True, 'sma_trend_fast': 173, 'sma_trend_slow': 55, 'en_macd': True, 'macd_fast': 6, 'macd_slow': 47, 'macd_signal': 85, 'en_vwap': True, 'en_keltner': True, 'keltner_n': 133, 'keltner_m': 1.8, 'en_obv': True, 'obv_slope': 19, 'en_cci': True, 'cci_n': 2, 'cci_threshold': 195, 'en_rsi': True, 'rsi_n': 5, 'rsi_lower': 40, 'rsi_upper': 71, 'en_stochastic': True, 'stochastic_n': 53, 'stochastic_d': 42, 'stochastic_lower': 46, 'stochastic_upper': 97, 'en_mfi': False, 'mfi_n': 61, 'mfi_lower': 10, 'mfi_upper': 54, 'en_bollinger': False, 'bollinger_n': 22, 'bollinger_k': 1.1, 'en_adx': False, 'adx_n': 71, 'adx_threshold': 34, 'en_structure_trend': True, 'structure_trend_swing_l': 10, 'en_order_block': False, 'order_block_swing_l': 14, 'en_fvg': False, 'fvg_lookback': 50, 'en_ifvg': True, 'en_breaker': False, 'breaker_swing_l': 17, 'en_cisd': True, 'k': 1, 'en_cap_bars': False, 'cap_1min': 1249}.
[I 2026-07-13 17:31:11,777] Trial 1908 pruned. 
[I 2026-07-13 17:31:12,113] Trial 1909 finished with values: [232.50000000001023, -114.99999999998636, 55.0] and parameters: {'sl_soft': 2.609471604804969, 'sl_hard_delta': 9.199132196036121, 'tp': 3.965955750179107, 'gate_pct': 76.55976188692937, 'dd_limit': 162.39650823726745, 'cooldown': 4, 'flip': False, 'en_ema_trend': True, 'ema_trend_fast': 317, 'ema_trend_slow': 301, 'en_sma_trend': True, 'sma_trend_fast': 173, 'sma_trend_slow': 163, 'en_macd': True, 'macd_fast': 16, 'macd_slow': 47, 'macd_signal': 85, 'en_vwap': True, 'en_keltner': True, 'keltner_n': 133, 'keltner_m': 1.8, 'en_obv': True, 'obv_slope': 161, 'en_cci': True, 'cci_n': 2, 'cci_threshold': 195, 'en_rsi': True, 'rsi_n': 5, 'rsi_lower': 20, 'rsi_upper': 69, 'en_stochastic': True, 'stochastic_n': 53, 'stochastic_d': 42, 'stochastic_lower': 46, 'stochastic_upper': 97, 'en_mfi': False, 'mfi_n': 61, 'mfi_lower': 10, 'mfi_upper': 93, 'en_bollinger': False, 'bollinger_n': 32, 'bollinger_k': 1.6, 'en_adx': False, 'adx_n': 7, 'adx_threshold': 34, 'en_structure_trend': True, 'structure_trend_swing_l': 10, 'en_order_block': True, 'order_block_swing_l': 9, 'en_fvg': False, 'fvg_lookback': 50, 'en_ifvg': True, 'en_breaker': False, 'breaker_swing_l': 8, 'en_cisd': True, 'k': 4, 'en_cap_bars': True, 'cap_1min': 3}.
[I 2026-07-13 17:31:12,426] Trial 1910 finished with values: [1074.7867250537183, -550.920386146845, 75.45] and parameters: {'sl_soft': 3.578361063233118, 'sl_hard_delta': 1.5400466597035951, 'tp': 3.965955750179107, 'gate_pct': 44.04004169924129, 'dd_limit': 234.1688012834486, 'cooldown': 1, 'flip': False, 'en_ema_trend': False, 'ema_trend_fast': 317, 'ema_trend_slow': 316, 'en_sma_trend': True, 'sma_trend_fast': 345, 'sma_trend_slow': 143, 'en_macd': True, 'macd_fast': 16, 'macd_slow': 47, 'macd_signal': 85, 'en_vwap': True, 'en_keltner': False, 'keltner_n': 133, 'keltner_m': 1.8, 'en_obv': True, 'obv_slope': 25, 'en_cci': False, 'cci_n': 2, 'cci_threshold': 230, 'en_rsi': False, 'rsi_n': 5, 'rsi_lower': 20, 'rsi_upper': 69, 'en_stochastic': True, 'stochastic_n': 53, 'stochastic_d': 42, 'stochastic_lower': 39, 'stochastic_upper': 97, 'en_mfi': False, 'mfi_n': 84, 'mfi_lower': 10, 'mfi_upper': 93, 'en_bollinger': False, 'bollinger_n': 97, 'bollinger_k': 5.0, 'en_adx': False, 'adx_n': 48, 'adx_threshold': 34, 'en_structure_trend': True, 'structure_trend_swing_l': 10, 'en_order_block': False, 'order_block_swing_l': 9, 'en_fvg': False, 'fvg_lookback': 50, 'en_ifvg': True, 'en_breaker': False, 'breaker_swing_l': 17, 'en_cisd': True, 'k': 1, 'en_cap_bars': False, 'cap_1min': 1249}.
[I 2026-07-13 17:31:12,690] Trial 1911 finished with values: [41.488937544750115, -630.0000000000182, 56.05] and parameters: {'sl_soft': 4.175083823529933, 'sl_hard_delta': 9.199132196036121, 'tp': 3.965955750179107, 'gate_pct': 76.55976188692937, 'dd_limit': 162.39650823726745, 'cooldown': 4, 'flip': False, 'en_ema_trend': False, 'ema_trend_fast': 317, 'ema_trend_slow': 316, 'en_sma_trend': True, 'sma_trend_fast': 173, 'sma_trend_slow': 163, 'en_macd': True, 'macd_fast': 16, 'macd_slow': 194, 'macd_signal': 85, 'en_vwap': True, 'en_keltner': True, 'keltner_n': 133, 'keltner_m': 1.8, 'en_obv': True, 'obv_slope': 161, 'en_cci': False, 'cci_n': 2, 'cci_threshold': 195, 'en_rsi': True, 'rsi_n': 52, 'rsi_lower': 20, 'rsi_upper': 69, 'en_stochastic': True, 'stochastic_n': 53, 'stochastic_d': 29, 'stochastic_lower': 46, 'stochastic_upper': 97, 'en_mfi': False, 'mfi_n': 61, 'mfi_lower': 32, 'mfi_upper': 93, 'en_bollinger': False, 'bollinger_n': 32, 'bollinger_k': 1.6, 'en_adx': False, 'adx_n': 71, 'adx_threshold': 34, 'en_structure_trend': True, 'structure_trend_swing_l': 10, 'en_order_block': True, 'order_block_swing_l': 9, 'en_fvg': False, 'fvg_lookback': 50, 'en_ifvg': True, 'en_breaker': False, 'breaker_swing_l': 17, 'en_cisd': True, 'k': 4, 'en_cap_bars': False, 'cap_1min': 1249}.
[I 2026-07-13 17:31:12,934] Trial 1912 finished with values: [4.1488937544841065, -289.9999999999636, 48.3] and parameters: {'sl_soft': 4.175083823529933, 'sl_hard_delta': 9.199132196036121, 'tp': 3.965955750179107, 'gate_pct': 67.23742565187042, 'dd_limit': 162.39650823726745, 'cooldown': 4, 'flip': False, 'en_ema_trend': False, 'ema_trend_fast': 317, 'ema_trend_slow': 301, 'en_sma_trend': True, 'sma_trend_fast': 173, 'sma_trend_slow': 163, 'en_macd': True, 'macd_fast': 16, 'macd_slow': 47, 'macd_signal': 85, 'en_vwap': True, 'en_keltner': True, 'keltner_n': 133, 'keltner_m': 1.8, 'en_obv': True, 'obv_slope': 161, 'en_cci': True, 'cci_n': 2, 'cci_threshold': 195, 'en_rsi': True, 'rsi_n': 52, 'rsi_lower': 40, 'rsi_upper': 69, 'en_stochastic': False, 'stochastic_n': 53, 'stochastic_d': 42, 'stochastic_lower': 46, 'stochastic_upper': 97, 'en_mfi': False, 'mfi_n': 61, 'mfi_lower': 10, 'mfi_upper': 93, 'en_bollinger': False, 'bollinger_n': 22, 'bollinger_k': 1.6, 'en_adx': False, 'adx_n': 48, 'adx_threshold': 34, 'en_structure_trend': True, 'structure_trend_swing_l': 10, 'en_order_block': True, 'order_block_swing_l': 9, 'en_fvg': False, 'fvg_lookback': 50, 'en_ifvg': True, 'en_breaker': False, 'breaker_swing_l': 17, 'en_cisd': True, 'k': 4, 'en_cap_bars': True, 'cap_1min': 3}.
[I 2026-07-13 17:31:13,609] Trial 1913 pruned. 
[I 2026-07-13 17:31:15,121] Trial 1914 finished with values: [1017.7646001432493, -1181.9154874373453, 62.35] and parameters: {'sl_soft': 3.578361063233118, 'sl_hard_delta': 9.199132196036121, 'tp': 3.965955750179107, 'gate_pct': 76.55976188692937, 'dd_limit': 162.39650823726745, 'cooldown': 0, 'flip': False, 'en_ema_trend': True, 'ema_trend_fast': 317, 'ema_trend_slow': 316, 'en_sma_trend': True, 'sma_trend_fast': 173, 'sma_trend_slow': 163, 'en_macd': True, 'macd_fast': 16, 'macd_slow': 47, 'macd_signal': 85, 'en_vwap': True, 'en_keltner': True, 'keltner_n': 133, 'keltner_m': 1.3, 'en_obv': True, 'obv_slope': 161, 'en_cci': False, 'cci_n': 33, 'cci_threshold': 165, 'en_rsi': True, 'rsi_n': 33, 'rsi_lower': 20, 'rsi_upper': 69, 'en_stochastic': True, 'stochastic_n': 53, 'stochastic_d': 29, 'stochastic_lower': 46, 'stochastic_upper': 97, 'en_mfi': False, 'mfi_n': 61, 'mfi_lower': 10, 'mfi_upper': 93, 'en_bollinger': False, 'bollinger_n': 32, 'bollinger_k': 1.6, 'en_adx': False, 'adx_n': 71, 'adx_threshold': 28, 'en_structure_trend': True, 'structure_trend_swing_l': 10, 'en_order_block': True, 'order_block_swing_l': 19, 'en_fvg': False, 'fvg_lookback': 50, 'en_ifvg': True, 'en_breaker': False, 'breaker_swing_l': 17, 'en_cisd': True, 'k': 4, 'en_cap_bars': True, 'cap_1min': 1249}.
[I 2026-07-13 17:31:15,402] Trial 1915 finished with values: [1027.2724847403424, -753.5429847847354, 67.9] and parameters: {'sl_soft': 3.578361063233118, 'sl_hard_delta': 1.5400466597035951, 'tp': 3.965955750179107, 'gate_pct': 76.55976188692937, 'dd_limit': 39.52565804693206, 'cooldown': 0, 'flip': False, 'en_ema_trend': True, 'ema_trend_fast': 317, 'ema_trend_slow': 301, 'en_sma_trend': True, 'sma_trend_fast': 173, 'sma_trend_slow': 163, 'en_macd': True, 'macd_fast': 16, 'macd_slow': 47, 'macd_signal': 85, 'en_vwap': True, 'en_keltner': True, 'keltner_n': 133, 'keltner_m': 1.8, 'en_obv': False, 'obv_slope': 161, 'en_cci': False, 'cci_n': 2, 'cci_threshold': 165, 'en_rsi': True, 'rsi_n': 5, 'rsi_lower': 40, 'rsi_upper': 71, 'en_stochastic': True, 'stochastic_n': 22, 'stochastic_d': 42, 'stochastic_lower': 46, 'stochastic_upper': 97, 'en_mfi': False, 'mfi_n': 61, 'mfi_lower': 10, 'mfi_upper': 93, 'en_bollinger': False, 'bollinger_n': 46, 'bollinger_k': 4.1, 'en_adx': False, 'adx_n': 71, 'adx_threshold': 34, 'en_structure_trend': True, 'structure_trend_swing_l': 10, 'en_order_block': True, 'order_block_swing_l': 9, 'en_fvg': False, 'fvg_lookback': 50, 'en_ifvg': True, 'en_breaker': False, 'breaker_swing_l': 17, 'en_cisd': True, 'k': 4, 'en_cap_bars': False, 'cap_1min': 3}.
[I 2026-07-13 17:31:15,813] Trial 1916 finished with values: [2003.3282138372442, -985.9203861468586, 63.099999999999994] and parameters: {'sl_soft': 3.578361063233118, 'sl_hard_delta': 1.5400466597035951, 'tp': 7.670322948010878, 'gate_pct': 76.55976188692937, 'dd_limit': 39.52565804693206, 'cooldown': 4, 'flip': False, 'en_ema_trend': True, 'ema_trend_fast': 317, 'ema_trend_slow': 301, 'en_sma_trend': True, 'sma_trend_fast': 352, 'sma_trend_slow': 18, 'en_macd': True, 'macd_fast': 6, 'macd_slow': 47, 'macd_signal': 85, 'en_vwap': True, 'en_keltner': True, 'keltner_n': 17, 'keltner_m': 1.8, 'en_obv': True, 'obv_slope': 25, 'en_cci': False, 'cci_n': 33, 'cci_threshold': 230, 'en_rsi': True, 'rsi_n': 5, 'rsi_lower': 40, 'rsi_upper': 71, 'en_stochastic': False, 'stochastic_n': 53, 'stochastic_d': 15, 'stochastic_lower': 46, 'stochastic_upper': 93, 'en_mfi': False, 'mfi_n': 84, 'mfi_lower': 1, 'mfi_upper': 78, 'en_bollinger': False, 'bollinger_n': 161, 'bollinger_k': 1.1, 'en_adx': False, 'adx_n': 71, 'adx_threshold': 34, 'en_structure_trend': True, 'structure_trend_swing_l': 10, 'en_order_block': False, 'order_block_swing_l': 9, 'en_fvg': False, 'fvg_lookback': 2, 'en_ifvg': True, 'en_breaker': False, 'breaker_swing_l': 17, 'en_cisd': False, 'k': 3, 'en_cap_bars': False, 'cap_1min': 1249}.
