[I 2026-07-13 17:35:00,310] Trial 1230 finished with values: [194.29935387523756, -591.5689075783575, 47.8] and parameters: {'sl_soft': 1.124380577176661, 'sl_hard_delta': 0.4218978700826674, 'tp': 2.1925639368831504, 'gate_pct': 29.746142067564595, 'dd_limit': 122.33756046500012, 'cooldown': 1, 'flip': True, 'en_ema_trend': False, 'ema_trend_fast': 13, 'ema_trend_slow': 84, 'en_sma_trend': False, 'sma_trend_fast': 29, 'sma_trend_slow': 396, 'en_macd': False, 'macd_fast': 25, 'macd_slow': 124, 'macd_signal': 22, 'en_vwap': True, 'en_keltner': True, 'keltner_n': 178, 'keltner_m': 4.5, 'en_obv': False, 'obv_slope': 170, 'en_cci': False, 'cci_n': 32, 'cci_threshold': 30, 'en_rsi': False, 'rsi_n': 54, 'rsi_lower': 17, 'rsi_upper': 71, 'en_stochastic': False, 'stochastic_n': 80, 'stochastic_d': 31, 'stochastic_lower': 44, 'stochastic_upper': 93, 'en_mfi': True, 'mfi_n': 2, 'mfi_lower': 23, 'mfi_upper': 61, 'en_bollinger': True, 'bollinger_n': 104, 'bollinger_k': 4.7, 'en_adx': False, 'adx_n': 33, 'adx_threshold': 11, 'en_structure_trend': True, 'structure_trend_swing_l': 17, 'en_order_block': False, 'order_block_swing_l': 12, 'en_fvg': False, 'fvg_lookback': 50, 'en_ifvg': False, 'en_breaker': False, 'breaker_swing_l': 5, 'en_cisd': True, 'k': 1, 'en_cap_bars': False, 'cap_1min': 933}.
[I 2026-07-13 17:35:00,860] Trial 1231 finished with values: [2214.6869408626344, -1355.1027755356245, 55.599999999999994] and parameters: {'sl_soft': 1.4657917354156722, 'sl_hard_delta': 2.023878961662409, 'tp': 2.1925639368831504, 'gate_pct': 81.43219065749138, 'dd_limit': 203.47594125131056, 'cooldown': 1, 'flip': True, 'en_ema_trend': True, 'ema_trend_fast': 393, 'ema_trend_slow': 84, 'en_sma_trend': False, 'sma_trend_fast': 29, 'sma_trend_slow': 396, 'en_macd': False, 'macd_fast': 6, 'macd_slow': 53, 'macd_signal': 13, 'en_vwap': False, 'en_keltner': True, 'keltner_n': 178, 'keltner_m': 4.8, 'en_obv': False, 'obv_slope': 170, 'en_cci': False, 'cci_n': 125, 'cci_threshold': 40, 'en_rsi': False, 'rsi_n': 54, 'rsi_lower': 17, 'rsi_upper': 63, 'en_stochastic': False, 'stochastic_n': 25, 'stochastic_d': 34, 'stochastic_lower': 44, 'stochastic_upper': 58, 'en_mfi': False, 'mfi_n': 65, 'mfi_lower': 35, 'mfi_upper': 95, 'en_bollinger': True, 'bollinger_n': 62, 'bollinger_k': 2.1, 'en_adx': True, 'adx_n': 48, 'adx_threshold': 11, 'en_structure_trend': True, 'structure_trend_swing_l': 17, 'en_order_block': False, 'order_block_swing_l': 1, 'en_fvg': False, 'fvg_lookback': 19, 'en_ifvg': False, 'en_breaker': False, 'breaker_swing_l': 5, 'en_cisd': True, 'k': 1, 'en_cap_bars': False, 'cap_1min': 652}.
[I 2026-07-13 17:35:01,507] Trial 1232 finished with values: [1535.6810325024526, -2158.652647496376, 54.75] and parameters: {'sl_soft': 1.4657917354156722, 'sl_hard_delta': 2.023878961662409, 'tp': 2.1925639368831504, 'gate_pct': 81.43219065749138, 'dd_limit': 203.47594125131056, 'cooldown': 1, 'flip': True, 'en_ema_trend': True, 'ema_trend_fast': 393, 'ema_trend_slow': 84, 'en_sma_trend': False, 'sma_trend_fast': 29, 'sma_trend_slow': 376, 'en_macd': False, 'macd_fast': 6, 'macd_slow': 53, 'macd_signal': 33, 'en_vwap': False, 'en_keltner': False, 'keltner_n': 77, 'keltner_m': 4.8, 'en_obv': False, 'obv_slope': 162, 'en_cci': True, 'cci_n': 125, 'cci_threshold': 30, 'en_rsi': False, 'rsi_n': 54, 'rsi_lower': 17, 'rsi_upper': 63, 'en_stochastic': False, 'stochastic_n': 55, 'stochastic_d': 34, 'stochastic_lower': 44, 'stochastic_upper': 74, 'en_mfi': False, 'mfi_n': 2, 'mfi_lower': 35, 'mfi_upper': 61, 'en_bollinger': False, 'bollinger_n': 62, 'bollinger_k': 4.7, 'en_adx': False, 'adx_n': 31, 'adx_threshold': 11, 'en_structure_trend': True, 'structure_trend_swing_l': 17, 'en_order_block': False, 'order_block_swing_l': 9, 'en_fvg': False, 'fvg_lookback': 50, 'en_ifvg': False, 'en_breaker': False, 'breaker_swing_l': 12, 'en_cisd': True, 'k': 1, 'en_cap_bars': False, 'cap_1min': 933}.
[I 2026-07-13 17:35:02,699] Trial 1233 finished with values: [456.3310896539292, -450.78733868076597, 68.5] and parameters: {'sl_soft': 1.4326423495393754, 'sl_hard_delta': 2.000352014019867, 'tp': 1.2908052877716663, 'gate_pct': 58.77346993604095, 'dd_limit': 434.8338936907749, 'cooldown': 23, 'flip': True, 'en_ema_trend': True, 'ema_trend_fast': 55, 'ema_trend_slow': 196, 'en_sma_trend': True, 'sma_trend_fast': 142, 'sma_trend_slow': 300, 'en_macd': True, 'macd_fast': 56, 'macd_slow': 79, 'macd_signal': 86, 'en_vwap': True, 'en_keltner': False, 'keltner_n': 178, 'keltner_m': 1.2000000000000002, 'en_obv': False, 'obv_slope': 170, 'en_cci': True, 'cci_n': 23, 'cci_threshold': 280, 'en_rsi': False, 'rsi_n': 5, 'rsi_lower': 18, 'rsi_upper': 91, 'en_stochastic': False, 'stochastic_n': 80, 'stochastic_d': 35, 'stochastic_lower': 44, 'stochastic_upper': 88, 'en_mfi': True, 'mfi_n': 2, 'mfi_lower': 35, 'mfi_upper': 61, 'en_bollinger': True, 'bollinger_n': 104, 'bollinger_k': 2.6, 'en_adx': False, 'adx_n': 33, 'adx_threshold': 11, 'en_structure_trend': True, 'structure_trend_swing_l': 11, 'en_order_block': False, 'order_block_swing_l': 10, 'en_fvg': False, 'fvg_lookback': 24, 'en_ifvg': False, 'en_breaker': False, 'breaker_swing_l': 5, 'en_cisd': True, 'k': 1, 'en_cap_bars': True, 'cap_1min': 1416}.
[I 2026-07-13 17:35:04,329] Trial 1234 finished with values: [355.95037362182893, -554.2194583865808, 55.75] and parameters: {'sl_soft': 1.4657917354156722, 'sl_hard_delta': 0.02145810771492437, 'tp': 1.2908052877716663, 'gate_pct': 74.50813821223942, 'dd_limit': 434.8338936907749, 'cooldown': 23, 'flip': True, 'en_ema_trend': True, 'ema_trend_fast': 55, 'ema_trend_slow': 291, 'en_sma_trend': True, 'sma_trend_fast': 203, 'sma_trend_slow': 304, 'en_macd': True, 'macd_fast': 6, 'macd_slow': 51, 'macd_signal': 9, 'en_vwap': True, 'en_keltner': False, 'keltner_n': 77, 'keltner_m': 4.8, 'en_obv': False, 'obv_slope': 52, 'en_cci': False, 'cci_n': 132, 'cci_threshold': 40, 'en_rsi': True, 'rsi_n': 54, 'rsi_lower': 46, 'rsi_upper': 82, 'en_stochastic': False, 'stochastic_n': 89, 'stochastic_d': 34, 'stochastic_lower': 36, 'stochastic_upper': 88, 'en_mfi': True, 'mfi_n': 26, 'mfi_lower': 40, 'mfi_upper': 80, 'en_bollinger': False, 'bollinger_n': 52, 'bollinger_k': 0.7, 'en_adx': False, 'adx_n': 47, 'adx_threshold': 44, 'en_structure_trend': True, 'structure_trend_swing_l': 19, 'en_order_block': False, 'order_block_swing_l': 13, 'en_fvg': False, 'fvg_lookback': 50, 'en_ifvg': False, 'en_breaker': False, 'breaker_swing_l': 19, 'en_cisd': True, 'k': 1, 'en_cap_bars': False, 'cap_1min': 1002}.
[I 2026-07-13 17:35:04,823] Trial 1235 finished with values: [28.331952922127357, -387.27006988997346, 52.5] and parameters: {'sl_soft': 1.4657917354156722, 'sl_hard_delta': 0.4218978700826674, 'tp': 1.6930466296932924, 'gate_pct': 81.43219065749138, 'dd_limit': 122.33756046500012, 'cooldown': 8, 'flip': True, 'en_ema_trend': False, 'ema_trend_fast': 393, 'ema_trend_slow': 38, 'en_sma_trend': False, 'sma_trend_fast': 29, 'sma_trend_slow': 310, 'en_macd': True, 'macd_fast': 57, 'macd_slow': 167, 'macd_signal': 54, 'en_vwap': True, 'en_keltner': False, 'keltner_n': 178, 'keltner_m': 4.8, 'en_obv': False, 'obv_slope': 145, 'en_cci': False, 'cci_n': 125, 'cci_threshold': 30, 'en_rsi': False, 'rsi_n': 54, 'rsi_lower': 15, 'rsi_upper': 63, 'en_stochastic': False, 'stochastic_n': 55, 'stochastic_d': 31, 'stochastic_lower': 44, 'stochastic_upper': 58, 'en_mfi': True, 'mfi_n': 65, 'mfi_lower': 35, 'mfi_upper': 76, 'en_bollinger': True, 'bollinger_n': 62, 'bollinger_k': 0.7, 'en_adx': False, 'adx_n': 33, 'adx_threshold': 11, 'en_structure_trend': True, 'structure_trend_swing_l': 1, 'en_order_block': False, 'order_block_swing_l': 12, 'en_fvg': False, 'fvg_lookback': 45, 'en_ifvg': False, 'en_breaker': False, 'breaker_swing_l': 5, 'en_cisd': False, 'k': 1, 'en_cap_bars': False, 'cap_1min': 933}.
[I 2026-07-13 17:35:09,498] Trial 1236 finished with values: [1296.5150602797962, -2127.6688444201, 53.7] and parameters: {'sl_soft': 1.4657917354156722, 'sl_hard_delta': 2.023878961662409, 'tp': 2.249197437223498, 'gate_pct': 81.43219065749138, 'dd_limit': 203.47594125131056, 'cooldown': 1, 'flip': True, 'en_ema_trend': True, 'ema_trend_fast': 393, 'ema_trend_slow': 132, 'en_sma_trend': False, 'sma_trend_fast': 29, 'sma_trend_slow': 304, 'en_macd': False, 'macd_fast': 6, 'macd_slow': 53, 'macd_signal': 33, 'en_vwap': True, 'en_keltner': True, 'keltner_n': 54, 'keltner_m': 4.8, 'en_obv': False, 'obv_slope': 44, 'en_cci': False, 'cci_n': 125, 'cci_threshold': 40, 'en_rsi': True, 'rsi_n': 54, 'rsi_lower': 41, 'rsi_upper': 71, 'en_stochastic': False, 'stochastic_n': 25, 'stochastic_d': 9, 'stochastic_lower': 44, 'stochastic_upper': 58, 'en_mfi': False, 'mfi_n': 2, 'mfi_lower': 35, 'mfi_upper': 61, 'en_bollinger': False, 'bollinger_n': 62, 'bollinger_k': 4.8, 'en_adx': True, 'adx_n': 31, 'adx_threshold': 5, 'en_structure_trend': True, 'structure_trend_swing_l': 17, 'en_order_block': False, 'order_block_swing_l': 13, 'en_fvg': False, 'fvg_lookback': 19, 'en_ifvg': False, 'en_breaker': False, 'breaker_swing_l': 5, 'en_cisd': True, 'k': 1, 'en_cap_bars': False, 'cap_1min': 933}.
[I 2026-07-13 17:35:09,909] Trial 1237 finished with values: [138.05226978419114, -1108.7854482618354, 39.7] and parameters: {'sl_soft': 1.4326423495393754, 'sl_hard_delta': 0.09391430061437202, 'tp': 2.249197437223498, 'gate_pct': 81.43219065749138, 'dd_limit': 439.4689893251477, 'cooldown': 8, 'flip': True, 'en_ema_trend': True, 'ema_trend_fast': 13, 'ema_trend_slow': 132, 'en_sma_trend': False, 'sma_trend_fast': 164, 'sma_trend_slow': 376, 'en_macd': True, 'macd_fast': 57, 'macd_slow': 124, 'macd_signal': 22, 'en_vwap': True, 'en_keltner': False, 'keltner_n': 178, 'keltner_m': 4.8, 'en_obv': False, 'obv_slope': 50, 'en_cci': False, 'cci_n': 39, 'cci_threshold': 30, 'en_rsi': False, 'rsi_n': 9, 'rsi_lower': 26, 'rsi_upper': 63, 'en_stochastic': False, 'stochastic_n': 25, 'stochastic_d': 31, 'stochastic_lower': 11, 'stochastic_upper': 53, 'en_mfi': True, 'mfi_n': 65, 'mfi_lower': 12, 'mfi_upper': 62, 'en_bollinger': False, 'bollinger_n': 52, 'bollinger_k': 4.7, 'en_adx': True, 'adx_n': 33, 'adx_threshold': 5, 'en_structure_trend': True, 'structure_trend_swing_l': 17, 'en_order_block': False, 'order_block_swing_l': 12, 'en_fvg': True, 'fvg_lookback': 19, 'en_ifvg': False, 'en_breaker': False, 'breaker_swing_l': 18, 'en_cisd': True, 'k': 1, 'en_cap_bars': True, 'cap_1min': 1416}.
[I 2026-07-13 17:35:10,271] Trial 1238 finished with values: [140.03971339640202, -182.74423166863016, 50.0] and parameters: {'sl_soft': 1.124380577176661, 'sl_hard_delta': 0.09391430061437202, 'tp': 2.1925639368831504, 'gate_pct': 26.991527672954163, 'dd_limit': 390.2569167971573, 'cooldown': 26, 'flip': True, 'en_ema_trend': True, 'ema_trend_fast': 317, 'ema_trend_slow': 38, 'en_sma_trend': False, 'sma_trend_fast': 285, 'sma_trend_slow': 304, 'en_macd': True, 'macd_fast': 80, 'macd_slow': 157, 'macd_signal': 9, 'en_vwap': True, 'en_keltner': False, 'keltner_n': 77, 'keltner_m': 4.8, 'en_obv': True, 'obv_slope': 44, 'en_cci': True, 'cci_n': 42, 'cci_threshold': 50, 'en_rsi': True, 'rsi_n': 15, 'rsi_lower': 23, 'rsi_upper': 59, 'en_stochastic': False, 'stochastic_n': 56, 'stochastic_d': 6, 'stochastic_lower': 2, 'stochastic_upper': 70, 'en_mfi': True, 'mfi_n': 74, 'mfi_lower': 37, 'mfi_upper': 76, 'en_bollinger': False, 'bollinger_n': 34, 'bollinger_k': 3.8000000000000003, 'en_adx': False, 'adx_n': 51, 'adx_threshold': 5, 'en_structure_trend': True, 'structure_trend_swing_l': 10, 'en_order_block': True, 'order_block_swing_l': 14, 'en_fvg': False, 'fvg_lookback': 19, 'en_ifvg': False, 'en_breaker': False, 'breaker_swing_l': 1, 'en_cisd': True, 'k': 1, 'en_cap_bars': False, 'cap_1min': 418}.
[I 2026-07-13 17:35:11,778] Trial 1239 finished with values: [1175.2780278457863, -990.6379280515466, 56.349999999999994] and parameters: {'sl_soft': 1.2979586805955017, 'sl_hard_delta': 0.4218978700826674, 'tp': 1.6930466296932924, 'gate_pct': 81.43219065749138, 'dd_limit': 439.4689893251477, 'cooldown': 8, 'flip': True, 'en_ema_trend': False, 'ema_trend_fast': 13, 'ema_trend_slow': 196, 'en_sma_trend': False, 'sma_trend_fast': 29, 'sma_trend_slow': 300, 'en_macd': True, 'macd_fast': 57, 'macd_slow': 73, 'macd_signal': 54, 'en_vwap': True, 'en_keltner': True, 'keltner_n': 178, 'keltner_m': 4.8, 'en_obv': False, 'obv_slope': 145, 'en_cci': False, 'cci_n': 23, 'cci_threshold': 280, 'en_rsi': False, 'rsi_n': 9, 'rsi_lower': 15, 'rsi_upper': 63, 'en_stochastic': False, 'stochastic_n': 55, 'stochastic_d': 31, 'stochastic_lower': 44, 'stochastic_upper': 58, 'en_mfi': True, 'mfi_n': 65, 'mfi_lower': 35, 'mfi_upper': 51, 'en_bollinger': True, 'bollinger_n': 52, 'bollinger_k': 4.7, 'en_adx': True, 'adx_n': 33, 'adx_threshold': 11, 'en_structure_trend': False, 'structure_trend_swing_l': 11, 'en_order_block': False, 'order_block_swing_l': 12, 'en_fvg': True, 'fvg_lookback': 45, 'en_ifvg': False, 'en_breaker': False, 'breaker_swing_l': 5, 'en_cisd': False, 'k': 1, 'en_cap_bars': False, 'cap_1min': 1416}.
[I 2026-07-13 17:35:14,637] Trial 1240 finished with values: [1944.3238358143503, -2179.8794776027307, 55.05] and parameters: {'sl_soft': 1.4075340856512994, 'sl_hard_delta': 2.023878961662409, 'tp': 2.1925639368831504, 'gate_pct': 81.43219065749138, 'dd_limit': 203.47594125131056, 'cooldown': 1, 'flip': True, 'en_ema_trend': True, 'ema_trend_fast': 393, 'ema_trend_slow': 205, 'en_sma_trend': False, 'sma_trend_fast': 164, 'sma_trend_slow': 304, 'en_macd': True, 'macd_fast': 25, 'macd_slow': 51, 'macd_signal': 33, 'en_vwap': True, 'en_keltner': False, 'keltner_n': 77, 'keltner_m': 4.5, 'en_obv': False, 'obv_slope': 162, 'en_cci': True, 'cci_n': 125, 'cci_threshold': 30, 'en_rsi': True, 'rsi_n': 54, 'rsi_lower': 17, 'rsi_upper': 82, 'en_stochastic': False, 'stochastic_n': 25, 'stochastic_d': 34, 'stochastic_lower': 44, 'stochastic_upper': 58, 'en_mfi': False, 'mfi_n': 65, 'mfi_lower': 12, 'mfi_upper': 76, 'en_bollinger': False, 'bollinger_n': 62, 'bollinger_k': 0.7, 'en_adx': False, 'adx_n': 33, 'adx_threshold': 11, 'en_structure_trend': True, 'structure_trend_swing_l': 1, 'en_order_block': True, 'order_block_swing_l': 13, 'en_fvg': False, 'fvg_lookback': 1, 'en_ifvg': False, 'en_breaker': False, 'breaker_swing_l': 1, 'en_cisd': True, 'k': 1, 'en_cap_bars': True, 'cap_1min': 1279}.
[I 2026-07-13 17:35:15,016] Trial 1241 finished with values: [381.06017800172367, -386.56961181482075, 54.4] and parameters: {'sl_soft': 1.124380577176661, 'sl_hard_delta': 0.4218978700826674, 'tp': 1.9062213357503182, 'gate_pct': 81.43219065749138, 'dd_limit': 203.47594125131056, 'cooldown': 1, 'flip': True, 'en_ema_trend': True, 'ema_trend_fast': 317, 'ema_trend_slow': 38, 'en_sma_trend': False, 'sma_trend_fast': 285, 'sma_trend_slow': 304, 'en_macd': False, 'macd_fast': 6, 'macd_slow': 51, 'macd_signal': 9, 'en_vwap': False, 'en_keltner': False, 'keltner_n': 77, 'keltner_m': 4.5, 'en_obv': True, 'obv_slope': 44, 'en_cci': False, 'cci_n': 39, 'cci_threshold': 30, 'en_rsi': False, 'rsi_n': 15, 'rsi_lower': 17, 'rsi_upper': 71, 'en_stochastic': False, 'stochastic_n': 25, 'stochastic_d': 34, 'stochastic_lower': 44, 'stochastic_upper': 77, 'en_mfi': False, 'mfi_n': 97, 'mfi_lower': 23, 'mfi_upper': 76, 'en_bollinger': False, 'bollinger_n': 166, 'bollinger_k': 3.8000000000000003, 'en_adx': False, 'adx_n': 63, 'adx_threshold': 5, 'en_structure_trend': True, 'structure_trend_swing_l': 17, 'en_order_block': True, 'order_block_swing_l': 14, 'en_fvg': False, 'fvg_lookback': 50, 'en_ifvg': False, 'en_breaker': False, 'breaker_swing_l': 3, 'en_cisd': True, 'k': 4, 'en_cap_bars': False, 'cap_1min': 652}.
[I 2026-07-13 17:35:16,588] Trial 1242 finished with values: [295.34085613973957, -343.7516054675143, 41.65] and parameters: {'sl_soft': 1.124380577176661, 'sl_hard_delta': 0.02145810771492437, 'tp': 2.1925639368831504, 'gate_pct': 81.43219065749138, 'dd_limit': 122.33756046500012, 'cooldown': 26, 'flip': True, 'en_ema_trend': False, 'ema_trend_fast': 13, 'ema_trend_slow': 84, 'en_sma_trend': False, 'sma_trend_fast': 29, 'sma_trend_slow': 376, 'en_macd': True, 'macd_fast': 80, 'macd_slow': 28, 'macd_signal': 9, 'en_vwap': False, 'en_keltner': False, 'keltner_n': 77, 'keltner_m': 4.5, 'en_obv': True, 'obv_slope': 44, 'en_cci': False, 'cci_n': 39, 'cci_threshold': 30, 'en_rsi': False, 'rsi_n': 15, 'rsi_lower': 41, 'rsi_upper': 76, 'en_stochastic': False, 'stochastic_n': 84, 'stochastic_d': 34, 'stochastic_lower': 44, 'stochastic_upper': 93, 'en_mfi': True, 'mfi_n': 97, 'mfi_lower': 37, 'mfi_upper': 62, 'en_bollinger': True, 'bollinger_n': 62, 'bollinger_k': 3.8000000000000003, 'en_adx': False, 'adx_n': 2, 'adx_threshold': 11, 'en_structure_trend': True, 'structure_trend_swing_l': 10, 'en_order_block': True, 'order_block_swing_l': 14, 'en_fvg': True, 'fvg_lookback': 1, 'en_ifvg': False, 'en_breaker': False, 'breaker_swing_l': 1, 'en_cisd': True, 'k': 1, 'en_cap_bars': False, 'cap_1min': 1381}.
[I 2026-07-13 17:35:16,919] Trial 1243 finished with values: [1307.1087821188712, -1544.5051176485777, 53.9] and parameters: {'sl_soft': 1.4657917354156722, 'sl_hard_delta': 0.37325946217175326, 'tp': 2.1925639368831504, 'gate_pct': 74.64771504966384, 'dd_limit': 203.47594125131056, 'cooldown': 1, 'flip': True, 'en_ema_trend': True, 'ema_trend_fast': 13, 'ema_trend_slow': 132, 'en_sma_trend': False, 'sma_trend_fast': 29, 'sma_trend_slow': 300, 'en_macd': False, 'macd_fast': 6, 'macd_slow': 53, 'macd_signal': 33, 'en_vwap': True, 'en_keltner': True, 'keltner_n': 178, 'keltner_m': 4.8, 'en_obv': False, 'obv_slope': 170, 'en_cci': False, 'cci_n': 32, 'cci_threshold': 40, 'en_rsi': True, 'rsi_n': 54, 'rsi_lower': 38, 'rsi_upper': 63, 'en_stochastic': False, 'stochastic_n': 25, 'stochastic_d': 9, 'stochastic_lower': 11, 'stochastic_upper': 74, 'en_mfi': False, 'mfi_n': 2, 'mfi_lower': 35, 'mfi_upper': 61, 'en_bollinger': False, 'bollinger_n': 52, 'bollinger_k': 4.7, 'en_adx': True, 'adx_n': 31, 'adx_threshold': 12, 'en_structure_trend': True, 'structure_trend_swing_l': 17, 'en_order_block': True, 'order_block_swing_l': 1, 'en_fvg': False, 'fvg_lookback': 19, 'en_ifvg': False, 'en_breaker': False, 'breaker_swing_l': 5, 'en_cisd': True, 'k': 1, 'en_cap_bars': False, 'cap_1min': 652}.
[I 2026-07-13 17:35:18,562] Trial 1244 finished with values: [1993.3181791995935, -1839.9503387183358, 45.4] and parameters: {'sl_soft': 1.124380577176661, 'sl_hard_delta': 0.4218978700826674, 'tp': 2.249197437223498, 'gate_pct': 81.43219065749138, 'dd_limit': 122.33756046500012, 'cooldown': 1, 'flip': True, 'en_ema_trend': True, 'ema_trend_fast': 317, 'ema_trend_slow': 38, 'en_sma_trend': False, 'sma_trend_fast': 29, 'sma_trend_slow': 304, 'en_macd': False, 'macd_fast': 6, 'macd_slow': 51, 'macd_signal': 9, 'en_vwap': True, 'en_keltner': False, 'keltner_n': 54, 'keltner_m': 4.8, 'en_obv': False, 'obv_slope': 162, 'en_cci': False, 'cci_n': 125, 'cci_threshold': 30, 'en_rsi': True, 'rsi_n': 54, 'rsi_lower': 23, 'rsi_upper': 71, 'en_stochastic': False, 'stochastic_n': 89, 'stochastic_d': 34, 'stochastic_lower': 44, 'stochastic_upper': 93, 'en_mfi': False, 'mfi_n': 65, 'mfi_lower': 35, 'mfi_upper': 76, 'en_bollinger': False, 'bollinger_n': 62, 'bollinger_k': 0.7, 'en_adx': False, 'adx_n': 42, 'adx_threshold': 11, 'en_structure_trend': True, 'structure_trend_swing_l': 1, 'en_order_block': True, 'order_block_swing_l': 13, 'en_fvg': False, 'fvg_lookback': 50, 'en_ifvg': False, 'en_breaker': False, 'breaker_swing_l': 5, 'en_cisd': True, 'k': 1, 'en_cap_bars': False, 'cap_1min': 1279}.
[I 2026-07-13 17:35:19,061] Trial 1245 finished with values: [-2.1058834416180616, -466.3692831344406, 37.65] and parameters: {'sl_soft': 1.124380577176661, 'sl_hard_delta': 0.02145810771492437, 'tp': 1.9062213357503182, 'gate_pct': 58.77346993604095, 'dd_limit': 439.4689893251477, 'cooldown': 1, 'flip': True, 'en_ema_trend': False, 'ema_trend_fast': 13, 'ema_trend_slow': 38, 'en_sma_trend': False, 'sma_trend_fast': 337, 'sma_trend_slow': 300, 'en_macd': True, 'macd_fast': 80, 'macd_slow': 47, 'macd_signal': 9, 'en_vwap': False, 'en_keltner': True, 'keltner_n': 178, 'keltner_m': 3.9000000000000004, 'en_obv': False, 'obv_slope': 44, 'en_cci': False, 'cci_n': 32, 'cci_threshold': 120, 'en_rsi': True, 'rsi_n': 5, 'rsi_lower': 18, 'rsi_upper': 95, 'en_stochastic': False, 'stochastic_n': 80, 'stochastic_d': 34, 'stochastic_lower': 44, 'stochastic_upper': 77, 'en_mfi': True, 'mfi_n': 65, 'mfi_lower': 35, 'mfi_upper': 51, 'en_bollinger': False, 'bollinger_n': 104, 'bollinger_k': 4.7, 'en_adx': False, 'adx_n': 31, 'adx_threshold': 5, 'en_structure_trend': True, 'structure_trend_swing_l': 20, 'en_order_block': True, 'order_block_swing_l': 13, 'en_fvg': False, 'fvg_lookback': 50, 'en_ifvg': False, 'en_breaker': False, 'breaker_swing_l': 5, 'en_cisd': False, 'k': 4, 'en_cap_bars': True, 'cap_1min': 1416}.
