[I 2026-07-13 17:07:51,895] Trial 778 finished with values: [1984.3105724927227, -5391.255830985983, 54.05] and parameters: {'sl_soft': 12.635376690751764, 'sl_hard_delta': 2.3271816191076544, 'tp': 17.50735540458161, 'gate_pct': 81.43219065749138, 'dd_limit': 11.276095451039913, 'cooldown': 0, 'flip': False, 'en_ema_trend': True, 'ema_trend_fast': 177, 'ema_trend_slow': 196, 'en_sma_trend': False, 'sma_trend_fast': 331, 'sma_trend_slow': 396, 'en_macd': False, 'macd_fast': 40, 'macd_slow': 150, 'macd_signal': 13, 'en_vwap': False, 'en_keltner': False, 'keltner_n': 8, 'keltner_m': 1.3, 'en_obv': True, 'obv_slope': 161, 'en_cci': False, 'cci_n': 156, 'cci_threshold': 290, 'en_rsi': True, 'rsi_n': 39, 'rsi_lower': 13, 'rsi_upper': 95, 'en_stochastic': False, 'stochastic_n': 35, 'stochastic_d': 43, 'stochastic_lower': 2, 'stochastic_upper': 90, 'en_mfi': True, 'mfi_n': 84, 'mfi_lower': 23, 'mfi_upper': 89, 'en_bollinger': False, 'bollinger_n': 142, 'bollinger_k': 0.6, 'en_adx': False, 'adx_n': 90, 'adx_threshold': 27, 'en_structure_trend': True, 'structure_trend_swing_l': 7, 'en_order_block': True, 'order_block_swing_l': 19, 'en_fvg': True, 'fvg_lookback': 43, 'en_ifvg': False, 'en_breaker': False, 'breaker_swing_l': 18, 'en_cisd': True, 'k': 1, 'en_cap_bars': False, 'cap_1min': 583}.
[I 2026-07-13 17:07:52,345] Trial 779 finished with values: [5601.010189579107, -3881.56282787254, 49.0] and parameters: {'sl_soft': 12.150548735644255, 'sl_hard_delta': 16.490247779034476, 'tp': 21.8337486885096, 'gate_pct': 81.43219065749138, 'dd_limit': 28.9935892757227, 'cooldown': 0, 'flip': False, 'en_ema_trend': True, 'ema_trend_fast': 177, 'ema_trend_slow': 381, 'en_sma_trend': False, 'sma_trend_fast': 362, 'sma_trend_slow': 134, 'en_macd': True, 'macd_fast': 98, 'macd_slow': 149, 'macd_signal': 13, 'en_vwap': True, 'en_keltner': False, 'keltner_n': 17, 'keltner_m': 3.9000000000000004, 'en_obv': True, 'obv_slope': 18, 'en_cci': False, 'cci_n': 87, 'cci_threshold': 195, 'en_rsi': True, 'rsi_n': 39, 'rsi_lower': 13, 'rsi_upper': 95, 'en_stochastic': False, 'stochastic_n': 19, 'stochastic_d': 31, 'stochastic_lower': 47, 'stochastic_upper': 85, 'en_mfi': True, 'mfi_n': 100, 'mfi_lower': 23, 'mfi_upper': 90, 'en_bollinger': False, 'bollinger_n': 142, 'bollinger_k': 0.6, 'en_adx': False, 'adx_n': 19, 'adx_threshold': 12, 'en_structure_trend': False, 'structure_trend_swing_l': 19, 'en_order_block': False, 'order_block_swing_l': 17, 'en_fvg': False, 'fvg_lookback': 25, 'en_ifvg': False, 'en_breaker': False, 'breaker_swing_l': 5, 'en_cisd': True, 'k': 2, 'en_cap_bars': False, 'cap_1min': 1332}.
[I 2026-07-13 17:07:53,708] Trial 780 finished with values: [8218.469112183471, -7054.97211878735, 50.3] and parameters: {'sl_soft': 12.150548735644255, 'sl_hard_delta': 2.3271816191076544, 'tp': 21.8337486885096, 'gate_pct': 90.0783114706916, 'dd_limit': 377.8686668899344, 'cooldown': 0, 'flip': False, 'en_ema_trend': True, 'ema_trend_fast': 177, 'ema_trend_slow': 381, 'en_sma_trend': False, 'sma_trend_fast': 305, 'sma_trend_slow': 229, 'en_macd': True, 'macd_fast': 49, 'macd_slow': 149, 'macd_signal': 85, 'en_vwap': True, 'en_keltner': False, 'keltner_n': 35, 'keltner_m': 3.9000000000000004, 'en_obv': True, 'obv_slope': 54, 'en_cci': False, 'cci_n': 89, 'cci_threshold': 195, 'en_rsi': False, 'rsi_n': 39, 'rsi_lower': 13, 'rsi_upper': 95, 'en_stochastic': False, 'stochastic_n': 3, 'stochastic_d': 27, 'stochastic_lower': 43, 'stochastic_upper': 97, 'en_mfi': False, 'mfi_n': 65, 'mfi_lower': 23, 'mfi_upper': 90, 'en_bollinger': False, 'bollinger_n': 78, 'bollinger_k': 0.6, 'en_adx': False, 'adx_n': 88, 'adx_threshold': 55, 'en_structure_trend': False, 'structure_trend_swing_l': 19, 'en_order_block': False, 'order_block_swing_l': 5, 'en_fvg': True, 'fvg_lookback': 31, 'en_ifvg': False, 'en_breaker': False, 'breaker_swing_l': 19, 'en_cisd': True, 'k': 2, 'en_cap_bars': False, 'cap_1min': 1332}.
[I 2026-07-13 17:07:54,280] Trial 781 finished with values: [732.9939067159899, -4590.824227546456, 46.2] and parameters: {'sl_soft': 12.635376690751764, 'sl_hard_delta': 2.3271816191076544, 'tp': 21.8337486885096, 'gate_pct': 63.90528592947753, 'dd_limit': 204.47543618972836, 'cooldown': 1, 'flip': False, 'en_ema_trend': True, 'ema_trend_fast': 159, 'ema_trend_slow': 381, 'en_sma_trend': False, 'sma_trend_fast': 128, 'sma_trend_slow': 322, 'en_macd': False, 'macd_fast': 55, 'macd_slow': 77, 'macd_signal': 54, 'en_vwap': True, 'en_keltner': True, 'keltner_n': 17, 'keltner_m': 4.5, 'en_obv': False, 'obv_slope': 54, 'en_cci': False, 'cci_n': 184, 'cci_threshold': 195, 'en_rsi': False, 'rsi_n': 13, 'rsi_lower': 15, 'rsi_upper': 71, 'en_stochastic': False, 'stochastic_n': 3, 'stochastic_d': 19, 'stochastic_lower': 32, 'stochastic_upper': 97, 'en_mfi': True, 'mfi_n': 65, 'mfi_lower': 27, 'mfi_upper': 90, 'en_bollinger': False, 'bollinger_n': 151, 'bollinger_k': 3.8000000000000003, 'en_adx': True, 'adx_n': 19, 'adx_threshold': 7, 'en_structure_trend': False, 'structure_trend_swing_l': 19, 'en_order_block': False, 'order_block_swing_l': 17, 'en_fvg': False, 'fvg_lookback': 31, 'en_ifvg': True, 'en_breaker': False, 'breaker_swing_l': 5, 'en_cisd': True, 'k': 3, 'en_cap_bars': True, 'cap_1min': 1145}.
[I 2026-07-13 17:07:54,561] Trial 782 finished with values: [7858.832332147778, -7314.314522986251, 48.599999999999994] and parameters: {'sl_soft': 12.150548735644255, 'sl_hard_delta': 2.3271816191076544, 'tp': 21.8337486885096, 'gate_pct': 90.0783114706916, 'dd_limit': 162.39650823726745, 'cooldown': 1, 'flip': False, 'en_ema_trend': True, 'ema_trend_fast': 177, 'ema_trend_slow': 381, 'en_sma_trend': False, 'sma_trend_fast': 95, 'sma_trend_slow': 229, 'en_macd': False, 'macd_fast': 49, 'macd_slow': 149, 'macd_signal': 59, 'en_vwap': True, 'en_keltner': True, 'keltner_n': 17, 'keltner_m': 3.9000000000000004, 'en_obv': True, 'obv_slope': 54, 'en_cci': False, 'cci_n': 87, 'cci_threshold': 195, 'en_rsi': False, 'rsi_n': 39, 'rsi_lower': 15, 'rsi_upper': 95, 'en_stochastic': False, 'stochastic_n': 19, 'stochastic_d': 31, 'stochastic_lower': 13, 'stochastic_upper': 97, 'en_mfi': True, 'mfi_n': 65, 'mfi_lower': 23, 'mfi_upper': 90, 'en_bollinger': False, 'bollinger_n': 78, 'bollinger_k': 4.2, 'en_adx': False, 'adx_n': 88, 'adx_threshold': 12, 'en_structure_trend': False, 'structure_trend_swing_l': 19, 'en_order_block': False, 'order_block_swing_l': 3, 'en_fvg': False, 'fvg_lookback': 31, 'en_ifvg': False, 'en_breaker': False, 'breaker_swing_l': 5, 'en_cisd': False, 'k': 3, 'en_cap_bars': True, 'cap_1min': 1332}.
[I 2026-07-13 17:07:56,135] Trial 783 finished with values: [4579.089728775938, -2195.0000000000045, 54.65] and parameters: {'sl_soft': 7.863750810090712, 'sl_hard_delta': 20.294948622898286, 'tp': 20.630905943402496, 'gate_pct': 81.43219065749138, 'dd_limit': 324.55645790818636, 'cooldown': 1, 'flip': False, 'en_ema_trend': True, 'ema_trend_fast': 177, 'ema_trend_slow': 144, 'en_sma_trend': True, 'sma_trend_fast': 128, 'sma_trend_slow': 321, 'en_macd': True, 'macd_fast': 56, 'macd_slow': 150, 'macd_signal': 13, 'en_vwap': True, 'en_keltner': False, 'keltner_n': 185, 'keltner_m': 1.7000000000000002, 'en_obv': True, 'obv_slope': 47, 'en_cci': True, 'cci_n': 188, 'cci_threshold': 60, 'en_rsi': False, 'rsi_n': 35, 'rsi_lower': 13, 'rsi_upper': 95, 'en_stochastic': False, 'stochastic_n': 27, 'stochastic_d': 31, 'stochastic_lower': 12, 'stochastic_upper': 97, 'en_mfi': True, 'mfi_n': 65, 'mfi_lower': 23, 'mfi_upper': 77, 'en_bollinger': True, 'bollinger_n': 35, 'bollinger_k': 1.1, 'en_adx': False, 'adx_n': 20, 'adx_threshold': 12, 'en_structure_trend': True, 'structure_trend_swing_l': 4, 'en_order_block': False, 'order_block_swing_l': 17, 'en_fvg': False, 'fvg_lookback': 25, 'en_ifvg': False, 'en_breaker': True, 'breaker_swing_l': 18, 'en_cisd': True, 'k': 3, 'en_cap_bars': False, 'cap_1min': 412}.
[I 2026-07-13 17:07:56,483] Trial 784 finished with values: [4426.831530644808, -3682.880962134959, 51.7] and parameters: {'sl_soft': 12.635376690751764, 'sl_hard_delta': 2.3271816191076544, 'tp': 21.8337486885096, 'gate_pct': 86.86001597008706, 'dd_limit': 162.39650823726745, 'cooldown': 0, 'flip': False, 'en_ema_trend': True, 'ema_trend_fast': 174, 'ema_trend_slow': 196, 'en_sma_trend': True, 'sma_trend_fast': 347, 'sma_trend_slow': 396, 'en_macd': False, 'macd_fast': 50, 'macd_slow': 150, 'macd_signal': 13, 'en_vwap': False, 'en_keltner': True, 'keltner_n': 185, 'keltner_m': 3.9000000000000004, 'en_obv': True, 'obv_slope': 54, 'en_cci': True, 'cci_n': 188, 'cci_threshold': 290, 'en_rsi': False, 'rsi_n': 39, 'rsi_lower': 15, 'rsi_upper': 95, 'en_stochastic': True, 'stochastic_n': 27, 'stochastic_d': 35, 'stochastic_lower': 47, 'stochastic_upper': 97, 'en_mfi': True, 'mfi_n': 7, 'mfi_lower': 33, 'mfi_upper': 74, 'en_bollinger': False, 'bollinger_n': 78, 'bollinger_k': 1.1, 'en_adx': False, 'adx_n': 19, 'adx_threshold': 12, 'en_structure_trend': False, 'structure_trend_swing_l': 19, 'en_order_block': False, 'order_block_swing_l': 17, 'en_fvg': False, 'fvg_lookback': 31, 'en_ifvg': False, 'en_breaker': False, 'breaker_swing_l': 5, 'en_cisd': False, 'k': 3, 'en_cap_bars': False, 'cap_1min': 412}.
[I 2026-07-13 17:07:56,787] Trial 785 finished with values: [7059.724754722005, -3886.9094056597532, 55.3] and parameters: {'sl_soft': 13.106247429258882, 'sl_hard_delta': 16.490247779034476, 'tp': 20.630905943402496, 'gate_pct': 90.0783114706916, 'dd_limit': 377.8686668899344, 'cooldown': 0, 'flip': False, 'en_ema_trend': True, 'ema_trend_fast': 177, 'ema_trend_slow': 381, 'en_sma_trend': False, 'sma_trend_fast': 95, 'sma_trend_slow': 229, 'en_macd': True, 'macd_fast': 56, 'macd_slow': 149, 'macd_signal': 13, 'en_vwap': True, 'en_keltner': True, 'keltner_n': 17, 'keltner_m': 3.9000000000000004, 'en_obv': True, 'obv_slope': 30, 'en_cci': True, 'cci_n': 88, 'cci_threshold': 45, 'en_rsi': False, 'rsi_n': 39, 'rsi_lower': 15, 'rsi_upper': 60, 'en_stochastic': True, 'stochastic_n': 3, 'stochastic_d': 19, 'stochastic_lower': 43, 'stochastic_upper': 97, 'en_mfi': True, 'mfi_n': 65, 'mfi_lower': 23, 'mfi_upper': 90, 'en_bollinger': False, 'bollinger_n': 78, 'bollinger_k': 0.6, 'en_adx': False, 'adx_n': 88, 'adx_threshold': 12, 'en_structure_trend': False, 'structure_trend_swing_l': 19, 'en_order_block': False, 'order_block_swing_l': 3, 'en_fvg': False, 'fvg_lookback': 31, 'en_ifvg': False, 'en_breaker': False, 'breaker_swing_l': 5, 'en_cisd': True, 'k': 3, 'en_cap_bars': False, 'cap_1min': 583}.
[I 2026-07-13 17:07:57,348] Trial 786 finished with values: [1558.1535172386225, -1768.4780689659192, 63.4] and parameters: {'sl_soft': 7.863750810090712, 'sl_hard_delta': 16.490247779034476, 'tp': 9.930438620681578, 'gate_pct': 98.24909449748954, 'dd_limit': 162.39650823726745, 'cooldown': 1, 'flip': False, 'en_ema_trend': True, 'ema_trend_fast': 177, 'ema_trend_slow': 144, 'en_sma_trend': True, 'sma_trend_fast': 109, 'sma_trend_slow': 324, 'en_macd': True, 'macd_fast': 50, 'macd_slow': 172, 'macd_signal': 89, 'en_vwap': True, 'en_keltner': False, 'keltner_n': 35, 'keltner_m': 1.7000000000000002, 'en_obv': True, 'obv_slope': 54, 'en_cci': False, 'cci_n': 188, 'cci_threshold': 195, 'en_rsi': False, 'rsi_n': 39, 'rsi_lower': 15, 'rsi_upper': 60, 'en_stochastic': False, 'stochastic_n': 3, 'stochastic_d': 35, 'stochastic_lower': 12, 'stochastic_upper': 97, 'en_mfi': False, 'mfi_n': 65, 'mfi_lower': 31, 'mfi_upper': 59, 'en_bollinger': True, 'bollinger_n': 35, 'bollinger_k': 0.6, 'en_adx': False, 'adx_n': 20, 'adx_threshold': 55, 'en_structure_trend': False, 'structure_trend_swing_l': 19, 'en_order_block': False, 'order_block_swing_l': 17, 'en_fvg': True, 'fvg_lookback': 31, 'en_ifvg': True, 'en_breaker': True, 'breaker_swing_l': 14, 'en_cisd': False, 'k': 3, 'en_cap_bars': False, 'cap_1min': 929}.
[I 2026-07-13 17:08:02,783] Trial 787 finished with values: [-250.97586207388645, -2600.4342068977394, 56.05] and parameters: {'sl_soft': 12.150548735644255, 'sl_hard_delta': 20.294948622898286, 'tp': 9.930438620681578, 'gate_pct': 90.0783114706916, 'dd_limit': 377.8686668899344, 'cooldown': 0, 'flip': False, 'en_ema_trend': False, 'ema_trend_fast': 177, 'ema_trend_slow': 381, 'en_sma_trend': False, 'sma_trend_fast': 109, 'sma_trend_slow': 324, 'en_macd': True, 'macd_fast': 50, 'macd_slow': 172, 'macd_signal': 84, 'en_vwap': True, 'en_keltner': False, 'keltner_n': 185, 'keltner_m': 2.5, 'en_obv': True, 'obv_slope': 54, 'en_cci': False, 'cci_n': 188, 'cci_threshold': 115, 'en_rsi': False, 'rsi_n': 39, 'rsi_lower': 8, 'rsi_upper': 86, 'en_stochastic': True, 'stochastic_n': 3, 'stochastic_d': 27, 'stochastic_lower': 12, 'stochastic_upper': 71, 'en_mfi': True, 'mfi_n': 90, 'mfi_lower': 23, 'mfi_upper': 74, 'en_bollinger': False, 'bollinger_n': 78, 'bollinger_k': 1.1, 'en_adx': False, 'adx_n': 88, 'adx_threshold': 12, 'en_structure_trend': False, 'structure_trend_swing_l': 19, 'en_order_block': False, 'order_block_swing_l': 3, 'en_fvg': False, 'fvg_lookback': 31, 'en_ifvg': True, 'en_breaker': False, 'breaker_swing_l': 18, 'en_cisd': True, 'k': 2, 'en_cap_bars': False, 'cap_1min': 1287}.
[I 2026-07-13 17:08:03,168] Trial 788 finished with values: [7094.231601119918, -4850.140512503208, 57.55] and parameters: {'sl_soft': 13.106247429258882, 'sl_hard_delta': 2.3271816191076544, 'tp': 20.630905943402496, 'gate_pct': 90.0783114706916, 'dd_limit': 162.39650823726745, 'cooldown': 2, 'flip': False, 'en_ema_trend': True, 'ema_trend_fast': 177, 'ema_trend_slow': 381, 'en_sma_trend': True, 'sma_trend_fast': 95, 'sma_trend_slow': 229, 'en_macd': False, 'macd_fast': 98, 'macd_slow': 94, 'macd_signal': 59, 'en_vwap': True, 'en_keltner': True, 'keltner_n': 17, 'keltner_m': 4.5, 'en_obv': True, 'obv_slope': 54, 'en_cci': True, 'cci_n': 87, 'cci_threshold': 195, 'en_rsi': False, 'rsi_n': 39, 'rsi_lower': 15, 'rsi_upper': 60, 'en_stochastic': True, 'stochastic_n': 3, 'stochastic_d': 19, 'stochastic_lower': 43, 'stochastic_upper': 97, 'en_mfi': True, 'mfi_n': 65, 'mfi_lower': 23, 'mfi_upper': 90, 'en_bollinger': False, 'bollinger_n': 78, 'bollinger_k': 0.6, 'en_adx': False, 'adx_n': 88, 'adx_threshold': 55, 'en_structure_trend': False, 'structure_trend_swing_l': 19, 'en_order_block': False, 'order_block_swing_l': 3, 'en_fvg': False, 'fvg_lookback': 31, 'en_ifvg': False, 'en_breaker': False, 'breaker_swing_l': 5, 'en_cisd': False, 'k': 3, 'en_cap_bars': True, 'cap_1min': 1332}.
[I 2026-07-13 17:08:03,369] Trial 789 finished with values: [4327.718061467658, -3295.352391308461, 50.8] and parameters: {'sl_soft': 12.150548735644255, 'sl_hard_delta': 16.490247779034476, 'tp': 21.8337486885096, 'gate_pct': 90.0783114706916, 'dd_limit': 28.9935892757227, 'cooldown': 2, 'flip': False, 'en_ema_trend': True, 'ema_trend_fast': 228, 'ema_trend_slow': 129, 'en_sma_trend': False, 'sma_trend_fast': 128, 'sma_trend_slow': 321, 'en_macd': True, 'macd_fast': 98, 'macd_slow': 94, 'macd_signal': 84, 'en_vwap': True, 'en_keltner': False, 'keltner_n': 35, 'keltner_m': 3.9000000000000004, 'en_obv': True, 'obv_slope': 30, 'en_cci': False, 'cci_n': 87, 'cci_threshold': 195, 'en_rsi': True, 'rsi_n': 43, 'rsi_lower': 13, 'rsi_upper': 95, 'en_stochastic': False, 'stochastic_n': 19, 'stochastic_d': 39, 'stochastic_lower': 43, 'stochastic_upper': 85, 'en_mfi': False, 'mfi_n': 100, 'mfi_lower': 19, 'mfi_upper': 80, 'en_bollinger': False, 'bollinger_n': 184, 'bollinger_k': 0.6, 'en_adx': False, 'adx_n': 88, 'adx_threshold': 37, 'en_structure_trend': False, 'structure_trend_swing_l': 19, 'en_order_block': False, 'order_block_swing_l': 5, 'en_fvg': False, 'fvg_lookback': 31, 'en_ifvg': True, 'en_breaker': False, 'breaker_swing_l': 5, 'en_cisd': True, 'k': 3, 'en_cap_bars': False, 'cap_1min': 1287}.
[I 2026-07-13 17:08:11,285] Trial 790 finished with values: [828.4566617937571, -4053.127915492996, 45.099999999999994] and parameters: {'sl_soft': 12.635376690751764, 'sl_hard_delta': 2.3271816191076544, 'tp': 21.8337486885096, 'gate_pct': 81.43219065749138, 'dd_limit': 174.36102613079072, 'cooldown': 0, 'flip': False, 'en_ema_trend': True, 'ema_trend_fast': 177, 'ema_trend_slow': 112, 'en_sma_trend': False, 'sma_trend_fast': 362, 'sma_trend_slow': 396, 'en_macd': True, 'macd_fast': 78, 'macd_slow': 149, 'macd_signal': 84, 'en_vwap': True, 'en_keltner': True, 'keltner_n': 8, 'keltner_m': 3.9000000000000004, 'en_obv': True, 'obv_slope': 18, 'en_cci': True, 'cci_n': 87, 'cci_threshold': 290, 'en_rsi': True, 'rsi_n': 20, 'rsi_lower': 13, 'rsi_upper': 95, 'en_stochastic': True, 'stochastic_n': 35, 'stochastic_d': 31, 'stochastic_lower': 47, 'stochastic_upper': 97, 'en_mfi': True, 'mfi_n': 65, 'mfi_lower': 23, 'mfi_upper': 74, 'en_bollinger': False, 'bollinger_n': 78, 'bollinger_k': 0.6, 'en_adx': False, 'adx_n': 31, 'adx_threshold': 12, 'en_structure_trend': False, 'structure_trend_swing_l': 14, 'en_order_block': False, 'order_block_swing_l': 3, 'en_fvg': False, 'fvg_lookback': 31, 'en_ifvg': False, 'en_breaker': False, 'breaker_swing_l': 18, 'en_cisd': True, 'k': 3, 'en_cap_bars': True, 'cap_1min': 1332}.
[I 2026-07-13 17:08:11,584] Trial 791 finished with values: [2826.0306270421665, -4844.937696723537, 46.95] and parameters: {'sl_soft': 12.635376690751764, 'sl_hard_delta': 16.490247779034476, 'tp': 21.8337486885096, 'gate_pct': 81.43219065749138, 'dd_limit': 390.2087279618219, 'cooldown': 0, 'flip': False, 'en_ema_trend': True, 'ema_trend_fast': 250, 'ema_trend_slow': 301, 'en_sma_trend': False, 'sma_trend_fast': 95, 'sma_trend_slow': 144, 'en_macd': True, 'macd_fast': 98, 'macd_slow': 149, 'macd_signal': 13, 'en_vwap': True, 'en_keltner': False, 'keltner_n': 17, 'keltner_m': 2.5, 'en_obv': True, 'obv_slope': 30, 'en_cci': True, 'cci_n': 87, 'cci_threshold': 45, 'en_rsi': True, 'rsi_n': 39, 'rsi_lower': 15, 'rsi_upper': 60, 'en_stochastic': False, 'stochastic_n': 3, 'stochastic_d': 19, 'stochastic_lower': 43, 'stochastic_upper': 72, 'en_mfi': True, 'mfi_n': 65, 'mfi_lower': 23, 'mfi_upper': 90, 'en_bollinger': False, 'bollinger_n': 40, 'bollinger_k': 0.6, 'en_adx': False, 'adx_n': 19, 'adx_threshold': 37, 'en_structure_trend': False, 'structure_trend_swing_l': 19, 'en_order_block': False, 'order_block_swing_l': 3, 'en_fvg': False, 'fvg_lookback': 31, 'en_ifvg': False, 'en_breaker': True, 'breaker_swing_l': 5, 'en_cisd': True, 'k': 3, 'en_cap_bars': False, 'cap_1min': 583}.
[I 2026-07-13 17:08:11,948] Trial 792 finished with values: [2916.4076745311263, -6948.8188113195065, 52.4] and parameters: {'sl_soft': 13.106247429258882, 'sl_hard_delta': 16.490247779034476, 'tp': 20.630905943402496, 'gate_pct': 90.0783114706916, 'dd_limit': 399.354778081175, 'cooldown': 2, 'flip': False, 'en_ema_trend': True, 'ema_trend_fast': 177, 'ema_trend_slow': 301, 'en_sma_trend': False, 'sma_trend_fast': 95, 'sma_trend_slow': 321, 'en_macd': True, 'macd_fast': 49, 'macd_slow': 94, 'macd_signal': 84, 'en_vwap': True, 'en_keltner': False, 'keltner_n': 35, 'keltner_m': 3.3000000000000003, 'en_obv': True, 'obv_slope': 18, 'en_cci': False, 'cci_n': 156, 'cci_threshold': 45, 'en_rsi': True, 'rsi_n': 67, 'rsi_lower': 15, 'rsi_upper': 60, 'en_stochastic': False, 'stochastic_n': 3, 'stochastic_d': 31, 'stochastic_lower': 43, 'stochastic_upper': 97, 'en_mfi': False, 'mfi_n': 65, 'mfi_lower': 23, 'mfi_upper': 59, 'en_bollinger': False, 'bollinger_n': 78, 'bollinger_k': 0.6, 'en_adx': False, 'adx_n': 31, 'adx_threshold': 55, 'en_structure_trend': False, 'structure_trend_swing_l': 19, 'en_order_block': False, 'order_block_swing_l': 5, 'en_fvg': True, 'fvg_lookback': 31, 'en_ifvg': False, 'en_breaker': False, 'breaker_swing_l': 18, 'en_cisd': True, 'k': 3, 'en_cap_bars': False, 'cap_1min': 522}.
[I 2026-07-13 17:08:13,700] Trial 793 finished with values: [10551.228777379423, -6164.934447219207, 52.6] and parameters: {'sl_soft': 13.106247429258882, 'sl_hard_delta': 2.3271816191076544, 'tp': 21.8337486885096, 'gate_pct': 90.0783114706916, 'dd_limit': 204.47543618972836, 'cooldown': 1, 'flip': False, 'en_ema_trend': True, 'ema_trend_fast': 177, 'ema_trend_slow': 381, 'en_sma_trend': True, 'sma_trend_fast': 95, 'sma_trend_slow': 229, 'en_macd': True, 'macd_fast': 55, 'macd_slow': 77, 'macd_signal': 59, 'en_vwap': True, 'en_keltner': True, 'keltner_n': 17, 'keltner_m': 4.5, 'en_obv': True, 'obv_slope': 54, 'en_cci': True, 'cci_n': 87, 'cci_threshold': 90, 'en_rsi': False, 'rsi_n': 39, 'rsi_lower': 15, 'rsi_upper': 71, 'en_stochastic': False, 'stochastic_n': 35, 'stochastic_d': 31, 'stochastic_lower': 13, 'stochastic_upper': 97, 'en_mfi': True, 'mfi_n': 65, 'mfi_lower': 23, 'mfi_upper': 74, 'en_bollinger': False, 'bollinger_n': 78, 'bollinger_k': 4.2, 'en_adx': False, 'adx_n': 88, 'adx_threshold': 12, 'en_structure_trend': False, 'structure_trend_swing_l': 15, 'en_order_block': False, 'order_block_swing_l': 3, 'en_fvg': False, 'fvg_lookback': 25, 'en_ifvg': False, 'en_breaker': False, 'breaker_swing_l': 5, 'en_cisd': True, 'k': 3, 'en_cap_bars': True, 'cap_1min': 1332}.
