[I 2026-07-13 17:20:33,337] Trial 748 finished with values: [65.04300278156734, -177.06563079013904, 26.65] and parameters: {'sl_soft': 0.700218284426531, 'sl_hard_delta': 0.008044238733936384, 'tp': 2.09587132180923, 'gate_pct': 75.29895741667805, 'dd_limit': 241.42955722086123, 'cooldown': 12, 'flip': True, 'en_ema_trend': False, 'ema_trend_fast': 33, 'ema_trend_slow': 291, 'en_sma_trend': True, 'sma_trend_fast': 62, 'sma_trend_slow': 134, 'en_macd': False, 'macd_fast': 70, 'macd_slow': 79, 'macd_signal': 27, 'en_vwap': True, 'en_keltner': True, 'keltner_n': 3, 'keltner_m': 3.4000000000000004, 'en_obv': False, 'obv_slope': 38, 'en_cci': False, 'cci_n': 132, 'cci_threshold': 180, 'en_rsi': True, 'rsi_n': 46, 'rsi_lower': 46, 'rsi_upper': 59, 'en_stochastic': True, 'stochastic_n': 8, 'stochastic_d': 9, 'stochastic_lower': 36, 'stochastic_upper': 92, 'en_mfi': True, 'mfi_n': 95, 'mfi_lower': 13, 'mfi_upper': 61, 'en_bollinger': False, 'bollinger_n': 96, 'bollinger_k': 3.0, 'en_adx': True, 'adx_n': 77, 'adx_threshold': 7, 'en_structure_trend': True, 'structure_trend_swing_l': 19, 'en_order_block': False, 'order_block_swing_l': 1, 'en_fvg': True, 'fvg_lookback': 20, 'en_ifvg': False, 'en_breaker': False, 'breaker_swing_l': 19, 'en_cisd': True, 'k': 4, 'en_cap_bars': False, 'cap_1min': 1119}.
[I 2026-07-13 17:20:34,568] Trial 749 finished with values: [-110.77892562611851, -775.0, 24.6] and parameters: {'sl_soft': 1.0063442051374751, 'sl_hard_delta': 3.2038337397957424, 'tp': 5.599937680975634, 'gate_pct': 73.0036735816267, 'dd_limit': 390.2569167971573, 'cooldown': 9, 'flip': True, 'en_ema_trend': True, 'ema_trend_fast': 317, 'ema_trend_slow': 38, 'en_sma_trend': False, 'sma_trend_fast': 141, 'sma_trend_slow': 218, 'en_macd': False, 'macd_fast': 56, 'macd_slow': 47, 'macd_signal': 9, 'en_vwap': False, 'en_keltner': True, 'keltner_n': 77, 'keltner_m': 3.9000000000000004, 'en_obv': True, 'obv_slope': 110, 'en_cci': True, 'cci_n': 176, 'cci_threshold': 40, 'en_rsi': True, 'rsi_n': 10, 'rsi_lower': 41, 'rsi_upper': 95, 'en_stochastic': False, 'stochastic_n': 25, 'stochastic_d': 3, 'stochastic_lower': 2, 'stochastic_upper': 77, 'en_mfi': False, 'mfi_n': 65, 'mfi_lower': 20, 'mfi_upper': 86, 'en_bollinger': False, 'bollinger_n': 32, 'bollinger_k': 4.7, 'en_adx': True, 'adx_n': 18, 'adx_threshold': 12, 'en_structure_trend': True, 'structure_trend_swing_l': 11, 'en_order_block': True, 'order_block_swing_l': 6, 'en_fvg': True, 'fvg_lookback': 50, 'en_ifvg': False, 'en_breaker': False, 'breaker_swing_l': 18, 'en_cisd': True, 'k': 1, 'en_cap_bars': True, 'cap_1min': 272}.
[I 2026-07-13 17:20:41,092] Trial 750 finished with values: [-85.1975095659327, -492.4160960568315, 78.1] and parameters: {'sl_soft': 3.398298896849534, 'sl_hard_delta': 1.0336497817025352, 'tp': 0.9918133787075697, 'gate_pct': 97.52011350142476, 'dd_limit': 60.80016338531003, 'cooldown': 4, 'flip': True, 'en_ema_trend': False, 'ema_trend_fast': 29, 'ema_trend_slow': 226, 'en_sma_trend': False, 'sma_trend_fast': 232, 'sma_trend_slow': 138, 'en_macd': False, 'macd_fast': 98, 'macd_slow': 21, 'macd_signal': 24, 'en_vwap': True, 'en_keltner': True, 'keltner_n': 177, 'keltner_m': 0.6, 'en_obv': True, 'obv_slope': 107, 'en_cci': False, 'cci_n': 23, 'cci_threshold': 220, 'en_rsi': True, 'rsi_n': 49, 'rsi_lower': 29, 'rsi_upper': 68, 'en_stochastic': False, 'stochastic_n': 2, 'stochastic_d': 7, 'stochastic_lower': 3, 'stochastic_upper': 91, 'en_mfi': True, 'mfi_n': 41, 'mfi_lower': 8, 'mfi_upper': 88, 'en_bollinger': False, 'bollinger_n': 186, 'bollinger_k': 0.5, 'en_adx': True, 'adx_n': 32, 'adx_threshold': 18, 'en_structure_trend': True, 'structure_trend_swing_l': 19, 'en_order_block': True, 'order_block_swing_l': 7, 'en_fvg': False, 'fvg_lookback': 34, 'en_ifvg': True, 'en_breaker': False, 'breaker_swing_l': 18, 'en_cisd': True, 'k': 4, 'en_cap_bars': True, 'cap_1min': 689}.
[I 2026-07-13 17:20:43,617] Trial 751 finished with values: [431.90891178452375, -343.8667958402675, 54.849999999999994] and parameters: {'sl_soft': 1.0063442051374751, 'sl_hard_delta': 0.05257236390156471, 'tp': 1.1926865856558302, 'gate_pct': 54.8778799805964, 'dd_limit': 434.8338936907749, 'cooldown': 12, 'flip': True, 'en_ema_trend': True, 'ema_trend_fast': 29, 'ema_trend_slow': 16, 'en_sma_trend': True, 'sma_trend_fast': 382, 'sma_trend_slow': 242, 'en_macd': True, 'macd_fast': 9, 'macd_slow': 180, 'macd_signal': 86, 'en_vwap': False, 'en_keltner': True, 'keltner_n': 3, 'keltner_m': 1.8, 'en_obv': True, 'obv_slope': 105, 'en_cci': True, 'cci_n': 72, 'cci_threshold': 300, 'en_rsi': True, 'rsi_n': 33, 'rsi_lower': 11, 'rsi_upper': 82, 'en_stochastic': False, 'stochastic_n': 16, 'stochastic_d': 7, 'stochastic_lower': 48, 'stochastic_upper': 90, 'en_mfi': False, 'mfi_n': 92, 'mfi_lower': 13, 'mfi_upper': 71, 'en_bollinger': False, 'bollinger_n': 115, 'bollinger_k': 2.6, 'en_adx': True, 'adx_n': 18, 'adx_threshold': 7, 'en_structure_trend': False, 'structure_trend_swing_l': 19, 'en_order_block': False, 'order_block_swing_l': 3, 'en_fvg': True, 'fvg_lookback': 28, 'en_ifvg': True, 'en_breaker': True, 'breaker_swing_l': 18, 'en_cisd': True, 'k': 1, 'en_cap_bars': True, 'cap_1min': 652}.
[I 2026-07-13 17:20:50,321] Trial 752 finished with values: [86.68829954193598, -397.1238647278369, 31.25] and parameters: {'sl_soft': 0.7459429677562495, 'sl_hard_delta': 0.24686669406356115, 'tp': 2.1501795169605638, 'gate_pct': 76.97662112798537, 'dd_limit': 122.33756046500012, 'cooldown': 14, 'flip': True, 'en_ema_trend': True, 'ema_trend_fast': 196, 'ema_trend_slow': 196, 'en_sma_trend': True, 'sma_trend_fast': 141, 'sma_trend_slow': 357, 'en_macd': False, 'macd_fast': 25, 'macd_slow': 47, 'macd_signal': 10, 'en_vwap': True, 'en_keltner': True, 'keltner_n': 177, 'keltner_m': 1.0, 'en_obv': True, 'obv_slope': 162, 'en_cci': False, 'cci_n': 3, 'cci_threshold': 170, 'en_rsi': True, 'rsi_n': 77, 'rsi_lower': 28, 'rsi_upper': 86, 'en_stochastic': False, 'stochastic_n': 25, 'stochastic_d': 3, 'stochastic_lower': 3, 'stochastic_upper': 97, 'en_mfi': False, 'mfi_n': 51, 'mfi_lower': 20, 'mfi_upper': 91, 'en_bollinger': False, 'bollinger_n': 181, 'bollinger_k': 4.7, 'en_adx': True, 'adx_n': 19, 'adx_threshold': 21, 'en_structure_trend': False, 'structure_trend_swing_l': 8, 'en_order_block': False, 'order_block_swing_l': 1, 'en_fvg': False, 'fvg_lookback': 29, 'en_ifvg': False, 'en_breaker': True, 'breaker_swing_l': 6, 'en_cisd': True, 'k': 3, 'en_cap_bars': True, 'cap_1min': 272}.
[I 2026-07-13 17:20:50,601] Trial 753 finished with values: [115.52968854877008, -225.83719449849013, 30.95] and parameters: {'sl_soft': 0.700218284426531, 'sl_hard_delta': 0.05257236390156471, 'tp': 2.034778180267182, 'gate_pct': 73.0036735816267, 'dd_limit': 390.2569167971573, 'cooldown': 13, 'flip': True, 'en_ema_trend': False, 'ema_trend_fast': 317, 'ema_trend_slow': 291, 'en_sma_trend': False, 'sma_trend_fast': 141, 'sma_trend_slow': 384, 'en_macd': True, 'macd_fast': 80, 'macd_slow': 47, 'macd_signal': 86, 'en_vwap': False, 'en_keltner': False, 'keltner_n': 3, 'keltner_m': 1.8, 'en_obv': True, 'obv_slope': 182, 'en_cci': True, 'cci_n': 125, 'cci_threshold': 280, 'en_rsi': True, 'rsi_n': 10, 'rsi_lower': 41, 'rsi_upper': 82, 'en_stochastic': True, 'stochastic_n': 75, 'stochastic_d': 7, 'stochastic_lower': 2, 'stochastic_upper': 77, 'en_mfi': True, 'mfi_n': 97, 'mfi_lower': 1, 'mfi_upper': 86, 'en_bollinger': False, 'bollinger_n': 32, 'bollinger_k': 2.5, 'en_adx': False, 'adx_n': 17, 'adx_threshold': 6, 'en_structure_trend': True, 'structure_trend_swing_l': 19, 'en_order_block': True, 'order_block_swing_l': 4, 'en_fvg': False, 'fvg_lookback': 44, 'en_ifvg': False, 'en_breaker': False, 'breaker_swing_l': 15, 'en_cisd': True, 'k': 3, 'en_cap_bars': True, 'cap_1min': 272}.
[I 2026-07-13 17:20:51,304] Trial 754 finished with values: [-420.5671151149545, -512.5288449342861, 21.1] and parameters: {'sl_soft': 1.3416386676404197, 'sl_hard_delta': 1.0336497817025352, 'tp': 2.034778180267182, 'gate_pct': 74.50813821223942, 'dd_limit': 390.2569167971573, 'cooldown': 13, 'flip': True, 'en_ema_trend': False, 'ema_trend_fast': 55, 'ema_trend_slow': 192, 'en_sma_trend': False, 'sma_trend_fast': 232, 'sma_trend_slow': 171, 'en_macd': False, 'macd_fast': 98, 'macd_slow': 47, 'macd_signal': 24, 'en_vwap': False, 'en_keltner': True, 'keltner_n': 3, 'keltner_m': 4.6000000000000005, 'en_obv': False, 'obv_slope': 56, 'en_cci': True, 'cci_n': 3, 'cci_threshold': 300, 'en_rsi': True, 'rsi_n': 9, 'rsi_lower': 28, 'rsi_upper': 90, 'en_stochastic': False, 'stochastic_n': 67, 'stochastic_d': 3, 'stochastic_lower': 4, 'stochastic_upper': 81, 'en_mfi': True, 'mfi_n': 41, 'mfi_lower': 8, 'mfi_upper': 61, 'en_bollinger': False, 'bollinger_n': 9, 'bollinger_k': 0.5, 'en_adx': True, 'adx_n': 62, 'adx_threshold': 7, 'en_structure_trend': True, 'structure_trend_swing_l': 19, 'en_order_block': True, 'order_block_swing_l': 11, 'en_fvg': True, 'fvg_lookback': 34, 'en_ifvg': True, 'en_breaker': False, 'breaker_swing_l': 8, 'en_cisd': True, 'k': 4, 'en_cap_bars': False, 'cap_1min': 652}.
[I 2026-07-13 17:20:52,252] Trial 755 pruned. 
[I 2026-07-13 17:20:53,189] Trial 756 finished with values: [186.19199872028958, -1051.3054549332082, 51.599999999999994] and parameters: {'sl_soft': 1.0063442051374751, 'sl_hard_delta': 4.474497910710611, 'tp': 2.034778180267182, 'gate_pct': 73.0036735816267, 'dd_limit': 390.2569167971573, 'cooldown': 3, 'flip': True, 'en_ema_trend': False, 'ema_trend_fast': 317, 'ema_trend_slow': 196, 'en_sma_trend': False, 'sma_trend_fast': 141, 'sma_trend_slow': 384, 'en_macd': False, 'macd_fast': 25, 'macd_slow': 47, 'macd_signal': 72, 'en_vwap': False, 'en_keltner': True, 'keltner_n': 3, 'keltner_m': 1.8, 'en_obv': True, 'obv_slope': 182, 'en_cci': False, 'cci_n': 123, 'cci_threshold': 40, 'en_rsi': True, 'rsi_n': 10, 'rsi_lower': 41, 'rsi_upper': 82, 'en_stochastic': False, 'stochastic_n': 75, 'stochastic_d': 3, 'stochastic_lower': 2, 'stochastic_upper': 90, 'en_mfi': True, 'mfi_n': 97, 'mfi_lower': 20, 'mfi_upper': 74, 'en_bollinger': False, 'bollinger_n': 32, 'bollinger_k': 2.5, 'en_adx': True, 'adx_n': 23, 'adx_threshold': 12, 'en_structure_trend': False, 'structure_trend_swing_l': 8, 'en_order_block': True, 'order_block_swing_l': 3, 'en_fvg': False, 'fvg_lookback': 44, 'en_ifvg': True, 'en_breaker': True, 'breaker_swing_l': 15, 'en_cisd': True, 'k': 1, 'en_cap_bars': True, 'cap_1min': 272}.
[I 2026-07-13 17:20:55,151] Trial 757 finished with values: [-681.1000000432273, -1770.9805711785066, 37.95] and parameters: {'sl_soft': 3.398298896849534, 'sl_hard_delta': 1.0336497817025352, 'tp': 5.599937680975634, 'gate_pct': 97.52011350142476, 'dd_limit': 390.2569167971573, 'cooldown': 4, 'flip': True, 'en_ema_trend': True, 'ema_trend_fast': 317, 'ema_trend_slow': 38, 'en_sma_trend': True, 'sma_trend_fast': 141, 'sma_trend_slow': 218, 'en_macd': False, 'macd_fast': 98, 'macd_slow': 21, 'macd_signal': 9, 'en_vwap': False, 'en_keltner': True, 'keltner_n': 160, 'keltner_m': 1.8, 'en_obv': True, 'obv_slope': 107, 'en_cci': False, 'cci_n': 23, 'cci_threshold': 40, 'en_rsi': True, 'rsi_n': 9, 'rsi_lower': 41, 'rsi_upper': 82, 'en_stochastic': False, 'stochastic_n': 67, 'stochastic_d': 3, 'stochastic_lower': 28, 'stochastic_upper': 77, 'en_mfi': True, 'mfi_n': 97, 'mfi_lower': 45, 'mfi_upper': 88, 'en_bollinger': True, 'bollinger_n': 115, 'bollinger_k': 2.5, 'en_adx': False, 'adx_n': 18, 'adx_threshold': 11, 'en_structure_trend': True, 'structure_trend_swing_l': 19, 'en_order_block': True, 'order_block_swing_l': 7, 'en_fvg': True, 'fvg_lookback': 50, 'en_ifvg': False, 'en_breaker': False, 'breaker_swing_l': 1, 'en_cisd': True, 'k': 4, 'en_cap_bars': True, 'cap_1min': 689}.
[I 2026-07-13 17:20:55,467] Trial 758 pruned. 
[I 2026-07-13 17:20:55,675] Trial 759 pruned. 
[I 2026-07-13 17:20:56,293] Trial 760 finished with values: [-414.1723999760245, -1445.7449235233298, 36.0] and parameters: {'sl_soft': 1.0063442051374751, 'sl_hard_delta': 3.3389442785612586, 'tp': 2.9458524258041714, 'gate_pct': 87.06011761279458, 'dd_limit': 390.2569167971573, 'cooldown': 8, 'flip': True, 'en_ema_trend': True, 'ema_trend_fast': 317, 'ema_trend_slow': 38, 'en_sma_trend': False, 'sma_trend_fast': 145, 'sma_trend_slow': 143, 'en_macd': True, 'macd_fast': 80, 'macd_slow': 48, 'macd_signal': 1, 'en_vwap': True, 'en_keltner': False, 'keltner_n': 137, 'keltner_m': 3.8000000000000003, 'en_obv': True, 'obv_slope': 8, 'en_cci': False, 'cci_n': 110, 'cci_threshold': 195, 'en_rsi': False, 'rsi_n': 67, 'rsi_lower': 41, 'rsi_upper': 76, 'en_stochastic': False, 'stochastic_n': 97, 'stochastic_d': 5, 'stochastic_lower': 16, 'stochastic_upper': 57, 'en_mfi': False, 'mfi_n': 61, 'mfi_lower': 10, 'mfi_upper': 68, 'en_bollinger': False, 'bollinger_n': 69, 'bollinger_k': 2.5, 'en_adx': False, 'adx_n': 48, 'adx_threshold': 32, 'en_structure_trend': True, 'structure_trend_swing_l': 10, 'en_order_block': True, 'order_block_swing_l': 9, 'en_fvg': False, 'fvg_lookback': 36, 'en_ifvg': False, 'en_breaker': False, 'breaker_swing_l': 17, 'en_cisd': False, 'k': 1, 'en_cap_bars': True, 'cap_1min': 608}.
[I 2026-07-13 17:20:58,242] Trial 761 finished with values: [523.5598045140478, -675.0, 38.7] and parameters: {'sl_soft': 1.0063442051374751, 'sl_hard_delta': 3.3389442785612586, 'tp': 2.9458524258041714, 'gate_pct': 54.8778799805964, 'dd_limit': 434.8338936907749, 'cooldown': 8, 'flip': True, 'en_ema_trend': True, 'ema_trend_fast': 317, 'ema_trend_slow': 362, 'en_sma_trend': False, 'sma_trend_fast': 266, 'sma_trend_slow': 242, 'en_macd': True, 'macd_fast': 80, 'macd_slow': 48, 'macd_signal': 86, 'en_vwap': True, 'en_keltner': True, 'keltner_n': 116, 'keltner_m': 3.1, 'en_obv': True, 'obv_slope': 8, 'en_cci': True, 'cci_n': 110, 'cci_threshold': 195, 'en_rsi': False, 'rsi_n': 67, 'rsi_lower': 41, 'rsi_upper': 80, 'en_stochastic': False, 'stochastic_n': 97, 'stochastic_d': 5, 'stochastic_lower': 16, 'stochastic_upper': 57, 'en_mfi': False, 'mfi_n': 97, 'mfi_lower': 10, 'mfi_upper': 86, 'en_bollinger': False, 'bollinger_n': 115, 'bollinger_k': 2.6, 'en_adx': True, 'adx_n': 18, 'adx_threshold': 19, 'en_structure_trend': False, 'structure_trend_swing_l': 10, 'en_order_block': True, 'order_block_swing_l': 3, 'en_fvg': False, 'fvg_lookback': 36, 'en_ifvg': False, 'en_breaker': False, 'breaker_swing_l': 17, 'en_cisd': True, 'k': 1, 'en_cap_bars': True, 'cap_1min': 652}.
[I 2026-07-13 17:21:00,781] Trial 762 finished with values: [595.01145548262, -619.9999999999818, 45.45] and parameters: {'sl_soft': 1.0063442051374751, 'sl_hard_delta': 4.474497910710611, 'tp': 2.9458524258041714, 'gate_pct': 54.8778799805964, 'dd_limit': 390.2569167971573, 'cooldown': 3, 'flip': True, 'en_ema_trend': True, 'ema_trend_fast': 317, 'ema_trend_slow': 196, 'en_sma_trend': True, 'sma_trend_fast': 266, 'sma_trend_slow': 357, 'en_macd': False, 'macd_fast': 25, 'macd_slow': 47, 'macd_signal': 72, 'en_vwap': True, 'en_keltner': True, 'keltner_n': 137, 'keltner_m': 1.7000000000000002, 'en_obv': False, 'obv_slope': 162, 'en_cci': False, 'cci_n': 110, 'cci_threshold': 300, 'en_rsi': True, 'rsi_n': 74, 'rsi_lower': 28, 'rsi_upper': 71, 'en_stochastic': False, 'stochastic_n': 56, 'stochastic_d': 9, 'stochastic_lower': 36, 'stochastic_upper': 90, 'en_mfi': True, 'mfi_n': 26, 'mfi_lower': 13, 'mfi_upper': 74, 'en_bollinger': False, 'bollinger_n': 115, 'bollinger_k': 2.5, 'en_adx': False, 'adx_n': 62, 'adx_threshold': 12, 'en_structure_trend': False, 'structure_trend_swing_l': 19, 'en_order_block': False, 'order_block_swing_l': 9, 'en_fvg': False, 'fvg_lookback': 7, 'en_ifvg': True, 'en_breaker': True, 'breaker_swing_l': 18, 'en_cisd': True, 'k': 1, 'en_cap_bars': True, 'cap_1min': 652}.
[I 2026-07-13 17:21:06,447] Trial 763 finished with values: [275.22922699505443, -449.86784143056866, 52.3] and parameters: {'sl_soft': 1.0063442051374751, 'sl_hard_delta': 4.474497910710611, 'tp': 2.09587132180923, 'gate_pct': 54.8778799805964, 'dd_limit': 390.2569167971573, 'cooldown': 9, 'flip': True, 'en_ema_trend': False, 'ema_trend_fast': 317, 'ema_trend_slow': 291, 'en_sma_trend': True, 'sma_trend_fast': 68, 'sma_trend_slow': 134, 'en_macd': False, 'macd_fast': 25, 'macd_slow': 79, 'macd_signal': 9, 'en_vwap': False, 'en_keltner': False, 'keltner_n': 116, 'keltner_m': 3.4000000000000004, 'en_obv': True, 'obv_slope': 110, 'en_cci': True, 'cci_n': 132, 'cci_threshold': 40, 'en_rsi': True, 'rsi_n': 46, 'rsi_lower': 46, 'rsi_upper': 82, 'en_stochastic': True, 'stochastic_n': 8, 'stochastic_d': 47, 'stochastic_lower': 36, 'stochastic_upper': 97, 'en_mfi': True, 'mfi_n': 97, 'mfi_lower': 13, 'mfi_upper': 64, 'en_bollinger': False, 'bollinger_n': 96, 'bollinger_k': 3.0, 'en_adx': True, 'adx_n': 18, 'adx_threshold': 7, 'en_structure_trend': False, 'structure_trend_swing_l': 11, 'en_order_block': False, 'order_block_swing_l': 1, 'en_fvg': True, 'fvg_lookback': 50, 'en_ifvg': False, 'en_breaker': False, 'breaker_swing_l': 17, 'en_cisd': True, 'k': 4, 'en_cap_bars': False, 'cap_1min': 1119}.
[I 2026-07-13 17:21:12,049] Trial 764 finished with values: [178.89603175993898, -236.7712446225596, 39.05] and parameters: {'sl_soft': 0.700218284426531, 'sl_hard_delta': 0.24686669406356115, 'tp': 2.09587132180923, 'gate_pct': 75.29895741667805, 'dd_limit': 241.42955722086123, 'cooldown': 12, 'flip': True, 'en_ema_trend': True, 'ema_trend_fast': 29, 'ema_trend_slow': 291, 'en_sma_trend': True, 'sma_trend_fast': 145, 'sma_trend_slow': 134, 'en_macd': False, 'macd_fast': 70, 'macd_slow': 150, 'macd_signal': 27, 'en_vwap': True, 'en_keltner': True, 'keltner_n': 3, 'keltner_m': 3.4000000000000004, 'en_obv': True, 'obv_slope': 38, 'en_cci': False, 'cci_n': 132, 'cci_threshold': 220, 'en_rsi': True, 'rsi_n': 49, 'rsi_lower': 46, 'rsi_upper': 59, 'en_stochastic': True, 'stochastic_n': 2, 'stochastic_d': 9, 'stochastic_lower': 36, 'stochastic_upper': 77, 'en_mfi': True, 'mfi_n': 95, 'mfi_lower': 16, 'mfi_upper': 71, 'en_bollinger': False, 'bollinger_n': 96, 'bollinger_k': 3.0, 'en_adx': True, 'adx_n': 77, 'adx_threshold': 7, 'en_structure_trend': True, 'structure_trend_swing_l': 19, 'en_order_block': False, 'order_block_swing_l': 1, 'en_fvg': True, 'fvg_lookback': 20, 'en_ifvg': False, 'en_breaker': False, 'breaker_swing_l': 18, 'en_cisd': True, 'k': 1, 'en_cap_bars': True, 'cap_1min': 903}.
[I 2026-07-13 17:21:12,926] Trial 765 finished with values: [-148.31985386142605, -501.63347582038114, 19.1] and parameters: {'sl_soft': 1.0063442051374751, 'sl_hard_delta': 4.226325311270573, 'tp': 5.599937680975634, 'gate_pct': 54.8778799805964, 'dd_limit': 133.93255991555952, 'cooldown': 14, 'flip': True, 'en_ema_trend': False, 'ema_trend_fast': 317, 'ema_trend_slow': 17, 'en_sma_trend': False, 'sma_trend_fast': 92, 'sma_trend_slow': 171, 'en_macd': False, 'macd_fast': 25, 'macd_slow': 150, 'macd_signal': 67, 'en_vwap': False, 'en_keltner': False, 'keltner_n': 3, 'keltner_m': 3.9000000000000004, 'en_obv': True, 'obv_slope': 162, 'en_cci': True, 'cci_n': 27, 'cci_threshold': 220, 'en_rsi': False, 'rsi_n': 10, 'rsi_lower': 38, 'rsi_upper': 73, 'en_stochastic': False, 'stochastic_n': 25, 'stochastic_d': 31, 'stochastic_lower': 48, 'stochastic_upper': 77, 'en_mfi': True, 'mfi_n': 96, 'mfi_lower': 20, 'mfi_upper': 64, 'en_bollinger': False, 'bollinger_n': 186, 'bollinger_k': 3.0, 'en_adx': False, 'adx_n': 19, 'adx_threshold': 12, 'en_structure_trend': False, 'structure_trend_swing_l': 5, 'en_order_block': False, 'order_block_swing_l': 9, 'en_fvg': True, 'fvg_lookback': 27, 'en_ifvg': False, 'en_breaker': False, 'breaker_swing_l': 17, 'en_cisd': True, 'k': 3, 'en_cap_bars': False, 'cap_1min': 846}.
[I 2026-07-13 17:21:14,789] Trial 766 pruned. 
[I 2026-07-13 17:21:20,986] Trial 767 finished with values: [189.29116924936125, -872.3886473072753, 33.150000000000006] and parameters: {'sl_soft': 0.7459429677562495, 'sl_hard_delta': 0.24686669406356115, 'tp': 2.1501795169605638, 'gate_pct': 73.0036735816267, 'dd_limit': 390.2569167971573, 'cooldown': 3, 'flip': True, 'en_ema_trend': False, 'ema_trend_fast': 29, 'ema_trend_slow': 196, 'en_sma_trend': False, 'sma_trend_fast': 141, 'sma_trend_slow': 171, 'en_macd': False, 'macd_fast': 69, 'macd_slow': 47, 'macd_signal': 86, 'en_vwap': False, 'en_keltner': True, 'keltner_n': 3, 'keltner_m': 4.6000000000000005, 'en_obv': True, 'obv_slope': 56, 'en_cci': False, 'cci_n': 3, 'cci_threshold': 300, 'en_rsi': True, 'rsi_n': 49, 'rsi_lower': 28, 'rsi_upper': 95, 'en_stochastic': False, 'stochastic_n': 89, 'stochastic_d': 9, 'stochastic_lower': 4, 'stochastic_upper': 97, 'en_mfi': False, 'mfi_n': 26, 'mfi_lower': 20, 'mfi_upper': 61, 'en_bollinger': False, 'bollinger_n': 186, 'bollinger_k': 3.0, 'en_adx': True, 'adx_n': 19, 'adx_threshold': 7, 'en_structure_trend': False, 'structure_trend_swing_l': 19, 'en_order_block': False, 'order_block_swing_l': 11, 'en_fvg': True, 'fvg_lookback': 29, 'en_ifvg': False, 'en_breaker': False, 'breaker_swing_l': 8, 'en_cisd': True, 'k': 3, 'en_cap_bars': False, 'cap_1min': 272}.
