[I 2026-07-13 16:44:00,832] Trial 72 pruned. 
[I 2026-07-13 16:44:01,431] Trial 73 pruned. 
[I 2026-07-13 16:44:02,895] Trial 74 pruned. 
[I 2026-07-13 16:44:04,914] Trial 75 pruned. 
[I 2026-07-13 16:44:06,767] Trial 76 pruned. 
[I 2026-07-13 16:44:11,494] Trial 77 pruned. 
[I 2026-07-13 16:44:12,446] Trial 78 pruned. 
[I 2026-07-13 16:44:14,368] Trial 79 pruned. 
[I 2026-07-13 16:44:14,565] Trial 80 pruned. 
[I 2026-07-13 16:44:16,917] Trial 81 finished with values: [333.15116254231043, -2645.0000000000273, 50.6] and parameters: {'sl_soft': 6.620284317400664, 'sl_hard_delta': 9.434123580108443, 'tp': 10.392604650169416, 'gate_pct': 83.33433192606572, 'dd_limit': 156.63502965786031, 'cooldown': 7, 'flip': False, 'en_ema_trend': True, 'ema_trend_fast': 176, 'ema_trend_slow': 150, 'en_sma_trend': False, 'sma_trend_fast': 275, 'sma_trend_slow': 231, 'en_macd': True, 'macd_fast': 6, 'macd_slow': 111, 'macd_signal': 60, 'en_vwap': True, 'en_keltner': False, 'keltner_n': 129, 'keltner_m': 0.9, 'en_obv': True, 'obv_slope': 141, 'en_cci': False, 'cci_n': 12, 'cci_threshold': 45, 'en_rsi': False, 'rsi_n': 67, 'rsi_lower': 29, 'rsi_upper': 86, 'en_stochastic': False, 'stochastic_n': 74, 'stochastic_d': 30, 'stochastic_lower': 27, 'stochastic_upper': 86, 'en_mfi': False, 'mfi_n': 10, 'mfi_lower': 17, 'mfi_upper': 62, 'en_bollinger': False, 'bollinger_n': 20, 'bollinger_k': 3.8000000000000003, 'en_adx': False, 'adx_n': 68, 'adx_threshold': 48, 'en_structure_trend': False, 'structure_trend_swing_l': 15, 'en_order_block': False, 'order_block_swing_l': 12, 'en_fvg': True, 'fvg_lookback': 23, 'en_ifvg': True, 'en_breaker': True, 'breaker_swing_l': 16, 'en_cisd': False, 'k': 1, 'en_cap_bars': True, 'cap_1min': 304}.
[I 2026-07-13 16:44:18,111] Trial 82 pruned. 
[I 2026-07-13 16:44:18,753] Trial 83 pruned. 
[I 2026-07-13 16:44:19,553] Trial 84 pruned. 
[I 2026-07-13 16:44:20,645] Trial 85 pruned. 
[I 2026-07-13 16:44:20,950] Trial 86 pruned. 
[I 2026-07-13 16:44:22,712] Trial 87 pruned. 
[I 2026-07-13 16:44:27,704] Trial 88 finished with values: [384.4592450292282, -2163.365233670447, 42.4] and parameters: {'sl_soft': 6.6673680067634296, 'sl_hard_delta': 0.44609292791826716, 'tp': 11.711352961138735, 'gate_pct': 58.77346993604095, 'dd_limit': 439.4689893251477, 'cooldown': 0, 'flip': True, 'en_ema_trend': True, 'ema_trend_fast': 13, 'ema_trend_slow': 236, 'en_sma_trend': False, 'sma_trend_fast': 337, 'sma_trend_slow': 300, 'en_macd': True, 'macd_fast': 33, 'macd_slow': 124, 'macd_signal': 22, 'en_vwap': True, 'en_keltner': True, 'keltner_n': 178, 'keltner_m': 4.8, 'en_obv': False, 'obv_slope': 50, 'en_cci': False, 'cci_n': 32, 'cci_threshold': 40, 'en_rsi': True, 'rsi_n': 5, 'rsi_lower': 11, 'rsi_upper': 67, 'en_stochastic': False, 'stochastic_n': 80, 'stochastic_d': 35, 'stochastic_lower': 44, 'stochastic_upper': 74, 'en_mfi': True, 'mfi_n': 2, 'mfi_lower': 12, 'mfi_upper': 61, 'en_bollinger': True, 'bollinger_n': 52, 'bollinger_k': 2.8000000000000003, 'en_adx': False, 'adx_n': 48, 'adx_threshold': 44, 'en_structure_trend': False, 'structure_trend_swing_l': 20, 'en_order_block': False, 'order_block_swing_l': 9, 'en_fvg': False, 'fvg_lookback': 19, 'en_ifvg': False, 'en_breaker': True, 'breaker_swing_l': 5, 'en_cisd': True, 'k': 1, 'en_cap_bars': True, 'cap_1min': 1416}.
[I 2026-07-13 16:44:28,629] Trial 89 pruned. 
[I 2026-07-13 16:44:29,976] Trial 90 pruned. 
[I 2026-07-13 16:44:31,338] Trial 91 pruned. 
[I 2026-07-13 16:44:32,213] Trial 92 pruned. 
[I 2026-07-13 16:44:33,981] Trial 93 pruned. 
[I 2026-07-13 16:44:35,111] Trial 94 pruned. 
[I 2026-07-13 16:44:37,360] Trial 95 pruned. 
[I 2026-07-13 16:44:38,288] Trial 96 pruned. 
[I 2026-07-13 16:44:45,125] Trial 97 finished with values: [152.7279337125492, -1162.3065665240233, 38.55] and parameters: {'sl_soft': 2.039524517514726, 'sl_hard_delta': 4.9268828148561425, 'tp': 8.92027600189221, 'gate_pct': 96.7516051221724, 'dd_limit': 388.6442032455649, 'cooldown': 1, 'flip': True, 'en_ema_trend': False, 'ema_trend_fast': 282, 'ema_trend_slow': 334, 'en_sma_trend': False, 'sma_trend_fast': 268, 'sma_trend_slow': 29, 'en_macd': False, 'macd_fast': 88, 'macd_slow': 167, 'macd_signal': 24, 'en_vwap': False, 'en_keltner': False, 'keltner_n': 46, 'keltner_m': 0.9, 'en_obv': True, 'obv_slope': 177, 'en_cci': True, 'cci_n': 128, 'cci_threshold': 45, 'en_rsi': False, 'rsi_n': 6, 'rsi_lower': 38, 'rsi_upper': 55, 'en_stochastic': True, 'stochastic_n': 86, 'stochastic_d': 14, 'stochastic_lower': 40, 'stochastic_upper': 72, 'en_mfi': True, 'mfi_n': 45, 'mfi_lower': 13, 'mfi_upper': 73, 'en_bollinger': True, 'bollinger_n': 127, 'bollinger_k': 2.7, 'en_adx': False, 'adx_n': 35, 'adx_threshold': 20, 'en_structure_trend': False, 'structure_trend_swing_l': 17, 'en_order_block': False, 'order_block_swing_l': 12, 'en_fvg': False, 'fvg_lookback': 38, 'en_ifvg': False, 'en_breaker': True, 'breaker_swing_l': 15, 'en_cisd': False, 'k': 4, 'en_cap_bars': True, 'cap_1min': 85}.
[I 2026-07-13 16:44:46,967] Trial 98 pruned. 
[I 2026-07-13 16:44:47,920] Trial 99 pruned. 
[I 2026-07-13 16:44:49,151] Trial 100 pruned. 
[I 2026-07-13 16:44:50,575] Trial 101 pruned. 
[I 2026-07-13 16:44:52,082] Trial 102 pruned. 
[I 2026-07-13 16:44:53,142] Trial 103 pruned. 
[I 2026-07-13 16:45:01,128] Trial 104 finished with values: [-294.7359514744903, -1776.7630185963071, 47.3] and parameters: {'sl_soft': 5.009325572235491, 'sl_hard_delta': 6.725934799690565, 'tp': 4.762112388204193, 'gate_pct': 92.80779954528938, 'dd_limit': 176.09956516986765, 'cooldown': 5, 'flip': True, 'en_ema_trend': True, 'ema_trend_fast': 364, 'ema_trend_slow': 102, 'en_sma_trend': True, 'sma_trend_fast': 370, 'sma_trend_slow': 339, 'en_macd': True, 'macd_fast': 31, 'macd_slow': 18, 'macd_signal': 17, 'en_vwap': False, 'en_keltner': True, 'keltner_n': 178, 'keltner_m': 4.8, 'en_obv': False, 'obv_slope': 15, 'en_cci': False, 'cci_n': 7, 'cci_threshold': 65, 'en_rsi': True, 'rsi_n': 73, 'rsi_lower': 15, 'rsi_upper': 81, 'en_stochastic': False, 'stochastic_n': 63, 'stochastic_d': 29, 'stochastic_lower': 45, 'stochastic_upper': 87, 'en_mfi': False, 'mfi_n': 70, 'mfi_lower': 12, 'mfi_upper': 81, 'en_bollinger': True, 'bollinger_n': 62, 'bollinger_k': 4.4, 'en_adx': True, 'adx_n': 20, 'adx_threshold': 28, 'en_structure_trend': False, 'structure_trend_swing_l': 3, 'en_order_block': False, 'order_block_swing_l': 17, 'en_fvg': False, 'fvg_lookback': 25, 'en_ifvg': False, 'en_breaker': True, 'breaker_swing_l': 15, 'en_cisd': False, 'k': 4, 'en_cap_bars': True, 'cap_1min': 126}.
[I 2026-07-13 16:45:02,394] Trial 105 pruned. 
[I 2026-07-13 16:45:03,411] Trial 106 pruned. 
[I 2026-07-13 16:45:04,816] Trial 107 pruned. 
[I 2026-07-13 16:45:05,997] Trial 108 pruned. 
[I 2026-07-13 16:45:07,075] Trial 109 pruned. 
[I 2026-07-13 16:45:08,344] Trial 110 pruned. 
[I 2026-07-13 16:45:09,804] Trial 111 pruned. 
[I 2026-07-13 16:45:10,782] Trial 112 pruned. 
[I 2026-07-13 16:45:11,892] Trial 113 pruned. 
[I 2026-07-13 16:45:12,530] Trial 114 pruned. 
[I 2026-07-13 16:45:15,515] Trial 115 finished with values: [54.04775998038076, -1577.4790199345944, 23.85] and parameters: {'sl_soft': 1.9745334289470655, 'sl_hard_delta': 8.675046969745063, 'tp': 11.390477599804118, 'gate_pct': 54.8778799805964, 'dd_limit': 133.93255991555952, 'cooldown': 4, 'flip': True, 'en_ema_trend': True, 'ema_trend_fast': 196, 'ema_trend_slow': 17, 'en_sma_trend': False, 'sma_trend_fast': 92, 'sma_trend_slow': 218, 'en_macd': True, 'macd_fast': 25, 'macd_slow': 180, 'macd_signal': 92, 'en_vwap': False, 'en_keltner': False, 'keltner_n': 116, 'keltner_m': 3.1, 'en_obv': True, 'obv_slope': 108, 'en_cci': True, 'cci_n': 27, 'cci_threshold': 40, 'en_rsi': False, 'rsi_n': 10, 'rsi_lower': 28, 'rsi_upper': 76, 'en_stochastic': False, 'stochastic_n': 97, 'stochastic_d': 47, 'stochastic_lower': 48, 'stochastic_upper': 77, 'en_mfi': True, 'mfi_n': 96, 'mfi_lower': 13, 'mfi_upper': 64, 'en_bollinger': False, 'bollinger_n': 115, 'bollinger_k': 2.5, 'en_adx': False, 'adx_n': 18, 'adx_threshold': 32, 'en_structure_trend': False, 'structure_trend_swing_l': 5, 'en_order_block': True, 'order_block_swing_l': 6, 'en_fvg': False, 'fvg_lookback': 44, 'en_ifvg': False, 'en_breaker': True, 'breaker_swing_l': 9, 'en_cisd': True, 'k': 2, 'en_cap_bars': False, 'cap_1min': 846}.
[I 2026-07-13 16:45:16,120] Trial 116 pruned. 
[I 2026-07-13 16:45:16,761] Trial 117 pruned. 
[I 2026-07-13 16:45:17,640] Trial 118 pruned. 
[I 2026-07-13 16:45:26,097] Trial 119 finished with values: [-183.36852749730497, -1895.628142254725, 38.15] and parameters: {'sl_soft': 2.9385715354232995, 'sl_hard_delta': 6.473463397210604, 'tp': 6.033157362513572, 'gate_pct': 76.55976188692937, 'dd_limit': 48.78569624793002, 'cooldown': 3, 'flip': True, 'en_ema_trend': True, 'ema_trend_fast': 208, 'ema_trend_slow': 139, 'en_sma_trend': True, 'sma_trend_fast': 266, 'sma_trend_slow': 143, 'en_macd': True, 'macd_fast': 93, 'macd_slow': 48, 'macd_signal': 1, 'en_vwap': True, 'en_keltner': False, 'keltner_n': 137, 'keltner_m': 3.8000000000000003, 'en_obv': False, 'obv_slope': 8, 'en_cci': False, 'cci_n': 94, 'cci_threshold': 195, 'en_rsi': True, 'rsi_n': 67, 'rsi_lower': 7, 'rsi_upper': 69, 'en_stochastic': True, 'stochastic_n': 22, 'stochastic_d': 5, 'stochastic_lower': 16, 'stochastic_upper': 57, 'en_mfi': True, 'mfi_n': 61, 'mfi_lower': 10, 'mfi_upper': 68, 'en_bollinger': False, 'bollinger_n': 69, 'bollinger_k': 1.6, 'en_adx': False, 'adx_n': 48, 'adx_threshold': 19, 'en_structure_trend': False, 'structure_trend_swing_l': 10, 'en_order_block': True, 'order_block_swing_l': 9, 'en_fvg': False, 'fvg_lookback': 36, 'en_ifvg': False, 'en_breaker': False, 'breaker_swing_l': 17, 'en_cisd': False, 'k': 4, 'en_cap_bars': False, 'cap_1min': 608}.
[I 2026-07-13 16:45:26,515] Trial 120 finished with values: [-1324.6468100494099, -5740.382989178897, 67.9] and parameters: {'sl_soft': 5.609064369655453, 'sl_hard_delta': 5.605816983695299, 'tp': 2.5138230971508357, 'gate_pct': 80.70603145468111, 'dd_limit': 103.05553036107877, 'cooldown': 1, 'flip': False, 'en_ema_trend': True, 'ema_trend_fast': 375, 'ema_trend_slow': 53, 'en_sma_trend': False, 'sma_trend_fast': 357, 'sma_trend_slow': 56, 'en_macd': True, 'macd_fast': 57, 'macd_slow': 58, 'macd_signal': 34, 'en_vwap': True, 'en_keltner': False, 'keltner_n': 68, 'keltner_m': 1.2000000000000002, 'en_obv': True, 'obv_slope': 120, 'en_cci': True, 'cci_n': 40, 'cci_threshold': 85, 'en_rsi': False, 'rsi_n': 34, 'rsi_lower': 36, 'rsi_upper': 64, 'en_stochastic': False, 'stochastic_n': 93, 'stochastic_d': 6, 'stochastic_lower': 10, 'stochastic_upper': 73, 'en_mfi': False, 'mfi_n': 67, 'mfi_lower': 17, 'mfi_upper': 51, 'en_bollinger': False, 'bollinger_n': 40, 'bollinger_k': 4.2, 'en_adx': True, 'adx_n': 28, 'adx_threshold': 7, 'en_structure_trend': False, 'structure_trend_swing_l': 1, 'en_order_block': False, 'order_block_swing_l': 8, 'en_fvg': True, 'fvg_lookback': 13, 'en_ifvg': False, 'en_breaker': False, 'breaker_swing_l': 14, 'en_cisd': True, 'k': 2, 'en_cap_bars': True, 'cap_1min': 803}.
[I 2026-07-13 16:45:27,672] Trial 121 pruned. 
[I 2026-07-13 16:45:31,156] Trial 122 pruned. 
[I 2026-07-13 16:45:32,141] Trial 123 pruned. 
[I 2026-07-13 16:45:34,364] Trial 124 pruned. 
[I 2026-07-13 16:45:38,497] Trial 125 pruned. 
[I 2026-07-13 16:45:40,094] Trial 126 pruned. 
[I 2026-07-13 16:45:41,820] Trial 127 pruned. 
[I 2026-07-13 16:45:42,896] Trial 128 pruned. 
[I 2026-07-13 16:45:47,495] Trial 129 finished with values: [-923.3682542891643, -10630.671052756748, 39.7] and parameters: {'sl_soft': 6.645546132501037, 'sl_hard_delta': 7.091951792644769, 'tp': 12.449073877521133, 'gate_pct': 99.4309621818079, 'dd_limit': 10.587974375936389, 'cooldown': 1, 'flip': False, 'en_ema_trend': True, 'ema_trend_fast': 279, 'ema_trend_slow': 279, 'en_sma_trend': False, 'sma_trend_fast': 108, 'sma_trend_slow': 306, 'en_macd': False, 'macd_fast': 59, 'macd_slow': 126, 'macd_signal': 39, 'en_vwap': False, 'en_keltner': True, 'keltner_n': 186, 'keltner_m': 1.2000000000000002, 'en_obv': False, 'obv_slope': 119, 'en_cci': False, 'cci_n': 160, 'cci_threshold': 30, 'en_rsi': True, 'rsi_n': 77, 'rsi_lower': 43, 'rsi_upper': 85, 'en_stochastic': False, 'stochastic_n': 88, 'stochastic_d': 41, 'stochastic_lower': 2, 'stochastic_upper': 91, 'en_mfi': True, 'mfi_n': 54, 'mfi_lower': 38, 'mfi_upper': 72, 'en_bollinger': True, 'bollinger_n': 138, 'bollinger_k': 4.1, 'en_adx': False, 'adx_n': 46, 'adx_threshold': 28, 'en_structure_trend': True, 'structure_trend_swing_l': 6, 'en_order_block': False, 'order_block_swing_l': 9, 'en_fvg': True, 'fvg_lookback': 3, 'en_ifvg': False, 'en_breaker': True, 'breaker_swing_l': 20, 'en_cisd': False, 'k': 4, 'en_cap_bars': False, 'cap_1min': 311}.
[I 2026-07-13 16:45:50,357] Trial 130 pruned. 
[I 2026-07-13 16:45:52,027] Trial 131 pruned. 
[I 2026-07-13 16:45:54,126] Trial 132 pruned. 
[I 2026-07-13 16:45:55,159] Trial 133 pruned. 
[I 2026-07-13 16:45:57,146] Trial 134 pruned. 
[I 2026-07-13 16:45:59,059] Trial 135 pruned. 
[I 2026-07-13 16:46:08,285] Trial 136 finished with values: [-540.7260532436226, -2723.0645866410896, 40.6] and parameters: {'sl_soft': 4.438851331203359, 'sl_hard_delta': 7.824202352077652, 'tp': 8.338708267179237, 'gate_pct': 78.41015939543337, 'dd_limit': 11.276095451039913, 'cooldown': 2, 'flip': False, 'en_ema_trend': False, 'ema_trend_fast': 374, 'ema_trend_slow': 212, 'en_sma_trend': True, 'sma_trend_fast': 246, 'sma_trend_slow': 323, 'en_macd': True, 'macd_fast': 48, 'macd_slow': 186, 'macd_signal': 65, 'en_vwap': False, 'en_keltner': True, 'keltner_n': 32, 'keltner_m': 1.3, 'en_obv': False, 'obv_slope': 142, 'en_cci': False, 'cci_n': 24, 'cci_threshold': 80, 'en_rsi': True, 'rsi_n': 12, 'rsi_lower': 3, 'rsi_upper': 69, 'en_stochastic': True, 'stochastic_n': 21, 'stochastic_d': 43, 'stochastic_lower': 7, 'stochastic_upper': 96, 'en_mfi': True, 'mfi_n': 17, 'mfi_lower': 38, 'mfi_upper': 78, 'en_bollinger': False, 'bollinger_n': 106, 'bollinger_k': 2.1, 'en_adx': False, 'adx_n': 73, 'adx_threshold': 18, 'en_structure_trend': True, 'structure_trend_swing_l': 18, 'en_order_block': False, 'order_block_swing_l': 19, 'en_fvg': False, 'fvg_lookback': 14, 'en_ifvg': False, 'en_breaker': False, 'breaker_swing_l': 15, 'en_cisd': False, 'k': 5, 'en_cap_bars': False, 'cap_1min': 1380}.
[I 2026-07-13 16:46:10,439] Trial 137 pruned. 
[I 2026-07-13 16:46:10,974] Trial 138 pruned. 
[I 2026-07-13 16:46:13,033] Trial 139 pruned. 
[I 2026-07-13 16:46:15,380] Trial 140 pruned. 
[I 2026-07-13 16:46:16,614] Trial 141 pruned. 
[I 2026-07-13 16:46:17,637] Trial 142 pruned. 
[I 2026-07-13 16:46:27,875] Trial 143 finished with values: [-436.50189351171207, -2573.490661646588, 32.05] and parameters: {'sl_soft': 5.872734359994575, 'sl_hard_delta': 1.0837365383099373, 'tp': 11.656070360286185, 'gate_pct': 81.43219065749138, 'dd_limit': 390.2087279618219, 'cooldown': 1, 'flip': False, 'en_ema_trend': True, 'ema_trend_fast': 177, 'ema_trend_slow': 381, 'en_sma_trend': True, 'sma_trend_fast': 29, 'sma_trend_slow': 144, 'en_macd': True, 'macd_fast': 49, 'macd_slow': 149, 'macd_signal': 13, 'en_vwap': True, 'en_keltner': True, 'keltner_n': 17, 'keltner_m': 4.5, 'en_obv': True, 'obv_slope': 54, 'en_cci': True, 'cci_n': 87, 'cci_threshold': 290, 'en_rsi': False, 'rsi_n': 39, 'rsi_lower': 15, 'rsi_upper': 71, 'en_stochastic': True, 'stochastic_n': 97, 'stochastic_d': 40, 'stochastic_lower': 17, 'stochastic_upper': 72, 'en_mfi': True, 'mfi_n': 11, 'mfi_lower': 23, 'mfi_upper': 57, 'en_bollinger': False, 'bollinger_n': 78, 'bollinger_k': 1.1, 'en_adx': False, 'adx_n': 33, 'adx_threshold': 21, 'en_structure_trend': False, 'structure_trend_swing_l': 19, 'en_order_block': False, 'order_block_swing_l': 17, 'en_fvg': False, 'fvg_lookback': 30, 'en_ifvg': True, 'en_breaker': False, 'breaker_swing_l': 5, 'en_cisd': True, 'k': 5, 'en_cap_bars': False, 'cap_1min': 1332}.
[I 2026-07-13 16:46:29,196] Trial 144 pruned. 
[I 2026-07-13 16:46:30,284] Trial 145 pruned. 
[I 2026-07-13 16:46:33,094] Trial 146 finished with values: [41.370810272223935, -1822.834880087521, 37.5] and parameters: {'sl_soft': 6.189604991841034, 'sl_hard_delta': 1.5887438090344441, 'tp': 10.602882503159957, 'gate_pct': 76.46240503280777, 'dd_limit': 162.39650823726745, 'cooldown': 3, 'flip': False, 'en_ema_trend': False, 'ema_trend_fast': 250, 'ema_trend_slow': 301, 'en_sma_trend': False, 'sma_trend_fast': 173, 'sma_trend_slow': 229, 'en_macd': False, 'macd_fast': 73, 'macd_slow': 109, 'macd_signal': 18, 'en_vwap': True, 'en_keltner': True, 'keltner_n': 154, 'keltner_m': 4.4, 'en_obv': False, 'obv_slope': 186, 'en_cci': False, 'cci_n': 184, 'cci_threshold': 45, 'en_rsi': True, 'rsi_n': 67, 'rsi_lower': 18, 'rsi_upper': 82, 'en_stochastic': False, 'stochastic_n': 3, 'stochastic_d': 42, 'stochastic_lower': 27, 'stochastic_upper': 97, 'en_mfi': False, 'mfi_n': 49, 'mfi_lower': 28, 'mfi_upper': 93, 'en_bollinger': False, 'bollinger_n': 63, 'bollinger_k': 1.6, 'en_adx': False, 'adx_n': 88, 'adx_threshold': 55, 'en_structure_trend': False, 'structure_trend_swing_l': 10, 'en_order_block': False, 'order_block_swing_l': 4, 'en_fvg': False, 'fvg_lookback': 48, 'en_ifvg': True, 'en_breaker': True, 'breaker_swing_l': 1, 'en_cisd': False, 'k': 5, 'en_cap_bars': True, 'cap_1min': 706}.
[I 2026-07-13 16:46:42,670] Trial 147 finished with values: [-218.25452362905935, -770.0000000000045, 34.35] and parameters: {'sl_soft': 1.569721721408254, 'sl_hard_delta': 9.442953236169165, 'tp': 4.317454763708969, 'gate_pct': 75.29895741667805, 'dd_limit': 241.42955722086123, 'cooldown': 3, 'flip': False, 'en_ema_trend': False, 'ema_trend_fast': 33, 'ema_trend_slow': 305, 'en_sma_trend': False, 'sma_trend_fast': 62, 'sma_trend_slow': 134, 'en_macd': True, 'macd_fast': 70, 'macd_slow': 193, 'macd_signal': 27, 'en_vwap': False, 'en_keltner': False, 'keltner_n': 3, 'keltner_m': 3.4000000000000004, 'en_obv': True, 'obv_slope': 38, 'en_cci': False, 'cci_n': 8, 'cci_threshold': 180, 'en_rsi': True, 'rsi_n': 46, 'rsi_lower': 3, 'rsi_upper': 61, 'en_stochastic': True, 'stochastic_n': 9, 'stochastic_d': 10, 'stochastic_lower': 40, 'stochastic_upper': 92, 'en_mfi': True, 'mfi_n': 95, 'mfi_lower': 24, 'mfi_upper': 93, 'en_bollinger': False, 'bollinger_n': 24, 'bollinger_k': 3.0, 'en_adx': False, 'adx_n': 77, 'adx_threshold': 32, 'en_structure_trend': True, 'structure_trend_swing_l': 9, 'en_order_block': False, 'order_block_swing_l': 1, 'en_fvg': True, 'fvg_lookback': 20, 'en_ifvg': False, 'en_breaker': False, 'breaker_swing_l': 20, 'en_cisd': True, 'k': 4, 'en_cap_bars': False, 'cap_1min': 1119}.
[I 2026-07-13 16:46:44,117] Trial 148 pruned. 
[I 2026-07-13 16:46:46,347] Trial 149 finished with values: [211.1247082214163, -4890.840022601492, 58.650000000000006] and parameters: {'sl_soft': 6.526963326076468, 'sl_hard_delta': 2.0040148828926703, 'tp': 5.276190053891987, 'gate_pct': 97.52011350142476, 'dd_limit': 60.80016338531003, 'cooldown': 1, 'flip': True, 'en_ema_trend': False, 'ema_trend_fast': 269, 'ema_trend_slow': 192, 'en_sma_trend': True, 'sma_trend_fast': 232, 'sma_trend_slow': 138, 'en_macd': False, 'macd_fast': 98, 'macd_slow': 21, 'macd_signal': 24, 'en_vwap': False, 'en_keltner': True, 'keltner_n': 160, 'keltner_m': 3.9000000000000004, 'en_obv': True, 'obv_slope': 107, 'en_cci': False, 'cci_n': 23, 'cci_threshold': 105, 'en_rsi': False, 'rsi_n': 9, 'rsi_lower': 29, 'rsi_upper': 90, 'en_stochastic': False, 'stochastic_n': 67, 'stochastic_d': 3, 'stochastic_lower': 28, 'stochastic_upper': 91, 'en_mfi': True, 'mfi_n': 41, 'mfi_lower': 8, 'mfi_upper': 88, 'en_bollinger': True, 'bollinger_n': 9, 'bollinger_k': 0.5, 'en_adx': False, 'adx_n': 32, 'adx_threshold': 11, 'en_structure_trend': True, 'structure_trend_swing_l': 19, 'en_order_block': True, 'order_block_swing_l': 7, 'en_fvg': False, 'fvg_lookback': 34, 'en_ifvg': True, 'en_breaker': False, 'breaker_swing_l': 1, 'en_cisd': False, 'k': 4, 'en_cap_bars': True, 'cap_1min': 689}.
[I 2026-07-13 16:46:47,872] Trial 150 pruned. 
[I 2026-07-13 16:46:48,982] Trial 151 pruned. 
[I 2026-07-13 16:46:51,950] Trial 152 pruned. 
[I 2026-07-13 16:46:52,792] Trial 153 pruned. 
[I 2026-07-13 16:46:54,206] Trial 154 pruned. 
[I 2026-07-13 16:46:55,599] Trial 155 pruned. 
[I 2026-07-13 16:46:57,503] Trial 156 pruned. 
[I 2026-07-13 16:46:58,249] Trial 157 pruned. 
[I 2026-07-13 16:46:59,641] Trial 158 pruned. 
[I 2026-07-13 16:47:07,374] Trial 159 finished with values: [-579.5332798356014, -1713.5749799383575, 40.85] and parameters: {'sl_soft': 4.35931367444554, 'sl_hard_delta': 6.659812286841652, 'tp': 5.1761668004110115, 'gate_pct': 62.75122947526989, 'dd_limit': 413.1031355436915, 'cooldown': 3, 'flip': False, 'en_ema_trend': False, 'ema_trend_fast': 88, 'ema_trend_slow': 231, 'en_sma_trend': False, 'sma_trend_fast': 387, 'sma_trend_slow': 194, 'en_macd': True, 'macd_fast': 71, 'macd_slow': 43, 'macd_signal': 14, 'en_vwap': True, 'en_keltner': False, 'keltner_n': 84, 'keltner_m': 3.7, 'en_obv': True, 'obv_slope': 180, 'en_cci': True, 'cci_n': 48, 'cci_threshold': 240, 'en_rsi': False, 'rsi_n': 36, 'rsi_lower': 8, 'rsi_upper': 81, 'en_stochastic': False, 'stochastic_n': 16, 'stochastic_d': 36, 'stochastic_lower': 38, 'stochastic_upper': 82, 'en_mfi': False, 'mfi_n': 52, 'mfi_lower': 23, 'mfi_upper': 97, 'en_bollinger': True, 'bollinger_n': 24, 'bollinger_k': 4.9, 'en_adx': True, 'adx_n': 88, 'adx_threshold': 11, 'en_structure_trend': False, 'structure_trend_swing_l': 13, 'en_order_block': False, 'order_block_swing_l': 19, 'en_fvg': False, 'fvg_lookback': 23, 'en_ifvg': False, 'en_breaker': False, 'breaker_swing_l': 1, 'en_cisd': True, 'k': 2, 'en_cap_bars': False, 'cap_1min': 884}.
[I 2026-07-13 16:47:07,615] Trial 160 pruned. 
[I 2026-07-13 16:47:09,172] Trial 161 pruned. 
[I 2026-07-13 16:47:10,201] Trial 162 pruned. 
[I 2026-07-13 16:47:11,706] Trial 163 pruned. 
[I 2026-07-13 16:47:12,454] Trial 164 pruned. 
