[I 2026-07-13 17:12:10,861] Trial 553 finished with values: [77.02471714391095, -245.00000000000455, 56.25] and parameters: {'sl_soft': 1.2773480286121837, 'sl_hard_delta': 4.058024856198353, 'tp': 1.5101235857196516, 'gate_pct': 38.288168518848806, 'dd_limit': 194.16824967892094, 'cooldown': 8, 'flip': True, 'en_ema_trend': False, 'ema_trend_fast': 343, 'ema_trend_slow': 54, 'en_sma_trend': True, 'sma_trend_fast': 347, 'sma_trend_slow': 324, 'en_macd': False, 'macd_fast': 35, 'macd_slow': 132, 'macd_signal': 28, 'en_vwap': True, 'en_keltner': True, 'keltner_n': 164, 'keltner_m': 1.6, 'en_obv': False, 'obv_slope': 96, 'en_cci': True, 'cci_n': 162, 'cci_threshold': 260, 'en_rsi': False, 'rsi_n': 16, 'rsi_lower': 36, 'rsi_upper': 67, 'en_stochastic': True, 'stochastic_n': 21, 'stochastic_d': 18, 'stochastic_lower': 13, 'stochastic_upper': 90, 'en_mfi': False, 'mfi_n': 12, 'mfi_lower': 8, 'mfi_upper': 98, 'en_bollinger': False, 'bollinger_n': 186, 'bollinger_k': 4.0, 'en_adx': False, 'adx_n': 11, 'adx_threshold': 31, 'en_structure_trend': False, 'structure_trend_swing_l': 10, 'en_order_block': False, 'order_block_swing_l': 13, 'en_fvg': False, 'fvg_lookback': 43, 'en_ifvg': True, 'en_breaker': True, 'breaker_swing_l': 10, 'en_cisd': True, 'k': 5, 'en_cap_bars': True, 'cap_1min': 461}.
[I 2026-07-13 17:12:13,377] Trial 554 finished with values: [-44.46292428413017, -293.98764142805476, 50.0] and parameters: {'sl_soft': 1.2773480286121837, 'sl_hard_delta': 2.741268995255218, 'tp': 1.5101235857196516, 'gate_pct': 38.288168518848806, 'dd_limit': 234.1688012834486, 'cooldown': 12, 'flip': True, 'en_ema_trend': False, 'ema_trend_fast': 343, 'ema_trend_slow': 72, 'en_sma_trend': False, 'sma_trend_fast': 347, 'sma_trend_slow': 324, 'en_macd': False, 'macd_fast': 35, 'macd_slow': 79, 'macd_signal': 86, 'en_vwap': True, 'en_keltner': True, 'keltner_n': 145, 'keltner_m': 1.6, 'en_obv': True, 'obv_slope': 137, 'en_cci': True, 'cci_n': 162, 'cci_threshold': 260, 'en_rsi': True, 'rsi_n': 50, 'rsi_lower': 12, 'rsi_upper': 86, 'en_stochastic': False, 'stochastic_n': 65, 'stochastic_d': 9, 'stochastic_lower': 13, 'stochastic_upper': 90, 'en_mfi': False, 'mfi_n': 92, 'mfi_lower': 21, 'mfi_upper': 98, 'en_bollinger': False, 'bollinger_n': 186, 'bollinger_k': 4.0, 'en_adx': False, 'adx_n': 97, 'adx_threshold': 7, 'en_structure_trend': False, 'structure_trend_swing_l': 10, 'en_order_block': False, 'order_block_swing_l': 13, 'en_fvg': False, 'fvg_lookback': 38, 'en_ifvg': True, 'en_breaker': True, 'breaker_swing_l': 10, 'en_cisd': True, 'k': 5, 'en_cap_bars': True, 'cap_1min': 471}.
[I 2026-07-13 17:12:13,781] Trial 555 finished with values: [-157.25562067085548, -1034.792301782818, 55.0] and parameters: {'sl_soft': 3.398298896849534, 'sl_hard_delta': 1.0336497817025352, 'tp': 2.570841098597147, 'gate_pct': 97.52011350142476, 'dd_limit': 60.80016338531003, 'cooldown': 4, 'flip': True, 'en_ema_trend': False, 'ema_trend_fast': 269, 'ema_trend_slow': 192, 'en_sma_trend': True, 'sma_trend_fast': 232, 'sma_trend_slow': 154, 'en_macd': False, 'macd_fast': 98, 'macd_slow': 21, 'macd_signal': 24, 'en_vwap': False, 'en_keltner': False, 'keltner_n': 160, 'keltner_m': 0.6, 'en_obv': False, 'obv_slope': 96, 'en_cci': False, 'cci_n': 23, 'cci_threshold': 90, 'en_rsi': False, 'rsi_n': 16, 'rsi_lower': 29, 'rsi_upper': 90, 'en_stochastic': False, 'stochastic_n': 67, 'stochastic_d': 3, 'stochastic_lower': 28, 'stochastic_upper': 91, 'en_mfi': True, 'mfi_n': 41, 'mfi_lower': 8, 'mfi_upper': 98, 'en_bollinger': True, 'bollinger_n': 9, 'bollinger_k': 3.8000000000000003, 'en_adx': True, 'adx_n': 32, 'adx_threshold': 11, 'en_structure_trend': True, 'structure_trend_swing_l': 19, 'en_order_block': True, 'order_block_swing_l': 7, 'en_fvg': False, 'fvg_lookback': 34, 'en_ifvg': True, 'en_breaker': False, 'breaker_swing_l': 1, 'en_cisd': True, 'k': 4, 'en_cap_bars': True, 'cap_1min': 689}.
[I 2026-07-13 17:12:14,460] Trial 556 pruned. 
[I 2026-07-13 17:12:14,956] Trial 557 pruned. 
[I 2026-07-13 17:12:15,224] Trial 558 finished with values: [627.8115687849777, -531.1968923704171, 15.350000000000001] and parameters: {'sl_soft': 0.700218284426531, 'sl_hard_delta': 0.008044238733936384, 'tp': 6.159635578510054, 'gate_pct': 74.50813821223942, 'dd_limit': 434.8338936907749, 'cooldown': 18, 'flip': True, 'en_ema_trend': False, 'ema_trend_fast': 55, 'ema_trend_slow': 291, 'en_sma_trend': True, 'sma_trend_fast': 142, 'sma_trend_slow': 242, 'en_macd': False, 'macd_fast': 69, 'macd_slow': 79, 'macd_signal': 86, 'en_vwap': False, 'en_keltner': True, 'keltner_n': 43, 'keltner_m': 1.7000000000000002, 'en_obv': False, 'obv_slope': 56, 'en_cci': True, 'cci_n': 132, 'cci_threshold': 300, 'en_rsi': False, 'rsi_n': 74, 'rsi_lower': 28, 'rsi_upper': 82, 'en_stochastic': False, 'stochastic_n': 56, 'stochastic_d': 9, 'stochastic_lower': 36, 'stochastic_upper': 71, 'en_mfi': False, 'mfi_n': 26, 'mfi_lower': 13, 'mfi_upper': 74, 'en_bollinger': False, 'bollinger_n': 96, 'bollinger_k': 3.0, 'en_adx': True, 'adx_n': 62, 'adx_threshold': 7, 'en_structure_trend': False, 'structure_trend_swing_l': 19, 'en_order_block': False, 'order_block_swing_l': 11, 'en_fvg': True, 'fvg_lookback': 7, 'en_ifvg': True, 'en_breaker': False, 'breaker_swing_l': 19, 'en_cisd': True, 'k': 3, 'en_cap_bars': True, 'cap_1min': 652}.
[I 2026-07-13 17:12:25,840] Trial 559 finished with values: [188.01562525680993, -315.0000000000091, 42.75] and parameters: {'sl_soft': 1.2301008880385436, 'sl_hard_delta': 3.2038337397957424, 'tp': 3.035052084189462, 'gate_pct': 79.12027635095406, 'dd_limit': 234.1688012834486, 'cooldown': 9, 'flip': True, 'en_ema_trend': False, 'ema_trend_fast': 29, 'ema_trend_slow': 38, 'en_sma_trend': False, 'sma_trend_fast': 221, 'sma_trend_slow': 357, 'en_macd': False, 'macd_fast': 69, 'macd_slow': 79, 'macd_signal': 86, 'en_vwap': False, 'en_keltner': True, 'keltner_n': 77, 'keltner_m': 1.7000000000000002, 'en_obv': False, 'obv_slope': 162, 'en_cci': True, 'cci_n': 198, 'cci_threshold': 280, 'en_rsi': True, 'rsi_n': 74, 'rsi_lower': 12, 'rsi_upper': 86, 'en_stochastic': False, 'stochastic_n': 25, 'stochastic_d': 9, 'stochastic_lower': 2, 'stochastic_upper': 95, 'en_mfi': False, 'mfi_n': 65, 'mfi_lower': 20, 'mfi_upper': 74, 'en_bollinger': False, 'bollinger_n': 32, 'bollinger_k': 4.7, 'en_adx': True, 'adx_n': 97, 'adx_threshold': 12, 'en_structure_trend': True, 'structure_trend_swing_l': 1, 'en_order_block': False, 'order_block_swing_l': 1, 'en_fvg': True, 'fvg_lookback': 28, 'en_ifvg': True, 'en_breaker': True, 'breaker_swing_l': 15, 'en_cisd': True, 'k': 1, 'en_cap_bars': True, 'cap_1min': 948}.
[I 2026-07-13 17:12:28,760] Trial 560 finished with values: [-152.59228025992115, -636.0514686800343, 43.8] and parameters: {'sl_soft': 1.3416386676404197, 'sl_hard_delta': 2.0141688862276554, 'tp': 2.034778180267182, 'gate_pct': 54.8778799805964, 'dd_limit': 234.1688012834486, 'cooldown': 12, 'flip': True, 'en_ema_trend': False, 'ema_trend_fast': 55, 'ema_trend_slow': 316, 'en_sma_trend': False, 'sma_trend_fast': 221, 'sma_trend_slow': 357, 'en_macd': True, 'macd_fast': 69, 'macd_slow': 150, 'macd_signal': 67, 'en_vwap': False, 'en_keltner': False, 'keltner_n': 3, 'keltner_m': 3.9000000000000004, 'en_obv': False, 'obv_slope': 162, 'en_cci': True, 'cci_n': 110, 'cci_threshold': 170, 'en_rsi': True, 'rsi_n': 10, 'rsi_lower': 38, 'rsi_upper': 95, 'en_stochastic': False, 'stochastic_n': 25, 'stochastic_d': 9, 'stochastic_lower': 8, 'stochastic_upper': 77, 'en_mfi': False, 'mfi_n': 96, 'mfi_lower': 13, 'mfi_upper': 86, 'en_bollinger': False, 'bollinger_n': 186, 'bollinger_k': 4.7, 'en_adx': False, 'adx_n': 97, 'adx_threshold': 7, 'en_structure_trend': False, 'structure_trend_swing_l': 17, 'en_order_block': False, 'order_block_swing_l': 11, 'en_fvg': True, 'fvg_lookback': 28, 'en_ifvg': False, 'en_breaker': False, 'breaker_swing_l': 15, 'en_cisd': True, 'k': 3, 'en_cap_bars': True, 'cap_1min': 948}.
[I 2026-07-13 17:12:34,836] Trial 561 finished with values: [148.14758855015953, -383.26043647350616, 43.95] and parameters: {'sl_soft': 1.0063442051374751, 'sl_hard_delta': 0.008044238733936384, 'tp': 1.5101235857196516, 'gate_pct': 38.288168518848806, 'dd_limit': 434.8338936907749, 'cooldown': 13, 'flip': True, 'en_ema_trend': False, 'ema_trend_fast': 343, 'ema_trend_slow': 54, 'en_sma_trend': True, 'sma_trend_fast': 347, 'sma_trend_slow': 242, 'en_macd': False, 'macd_fast': 69, 'macd_slow': 180, 'macd_signal': 28, 'en_vwap': True, 'en_keltner': False, 'keltner_n': 164, 'keltner_m': 1.6, 'en_obv': False, 'obv_slope': 105, 'en_cci': True, 'cci_n': 162, 'cci_threshold': 260, 'en_rsi': True, 'rsi_n': 16, 'rsi_lower': 46, 'rsi_upper': 67, 'en_stochastic': True, 'stochastic_n': 16, 'stochastic_d': 7, 'stochastic_lower': 13, 'stochastic_upper': 90, 'en_mfi': False, 'mfi_n': 26, 'mfi_lower': 13, 'mfi_upper': 98, 'en_bollinger': False, 'bollinger_n': 186, 'bollinger_k': 2.6, 'en_adx': False, 'adx_n': 11, 'adx_threshold': 31, 'en_structure_trend': False, 'structure_trend_swing_l': 10, 'en_order_block': True, 'order_block_swing_l': 6, 'en_fvg': False, 'fvg_lookback': 43, 'en_ifvg': True, 'en_breaker': False, 'breaker_swing_l': 19, 'en_cisd': True, 'k': 3, 'en_cap_bars': True, 'cap_1min': 652}.
[I 2026-07-13 17:12:47,138] Trial 562 finished with values: [-3.7279931938314803, -176.22799319384512, 55.0] and parameters: {'sl_soft': 0.7459429677562495, 'sl_hard_delta': 2.7886572527766385, 'tp': 0.9918133787075697, 'gate_pct': 53.84741825883083, 'dd_limit': 60.80016338531003, 'cooldown': 4, 'flip': True, 'en_ema_trend': True, 'ema_trend_fast': 29, 'ema_trend_slow': 226, 'en_sma_trend': False, 'sma_trend_fast': 145, 'sma_trend_slow': 138, 'en_macd': False, 'macd_fast': 98, 'macd_slow': 21, 'macd_signal': 5, 'en_vwap': True, 'en_keltner': True, 'keltner_n': 160, 'keltner_m': 1.5, 'en_obv': True, 'obv_slope': 186, 'en_cci': False, 'cci_n': 106, 'cci_threshold': 220, 'en_rsi': False, 'rsi_n': 9, 'rsi_lower': 44, 'rsi_upper': 89, 'en_stochastic': True, 'stochastic_n': 67, 'stochastic_d': 3, 'stochastic_lower': 3, 'stochastic_upper': 91, 'en_mfi': True, 'mfi_n': 41, 'mfi_lower': 16, 'mfi_upper': 88, 'en_bollinger': False, 'bollinger_n': 9, 'bollinger_k': 0.5, 'en_adx': True, 'adx_n': 23, 'adx_threshold': 11, 'en_structure_trend': True, 'structure_trend_swing_l': 4, 'en_order_block': False, 'order_block_swing_l': 7, 'en_fvg': False, 'fvg_lookback': 34, 'en_ifvg': True, 'en_breaker': True, 'breaker_swing_l': 1, 'en_cisd': False, 'k': 4, 'en_cap_bars': True, 'cap_1min': 260}.
[I 2026-07-13 17:12:47,675] Trial 563 finished with values: [-766.9570118253205, -1238.8229182780833, 19.0] and parameters: {'sl_soft': 1.2301008880385436, 'sl_hard_delta': 2.905993056033855, 'tp': 6.159635578510054, 'gate_pct': 84.68288014900352, 'dd_limit': 122.33756046500012, 'cooldown': 9, 'flip': True, 'en_ema_trend': False, 'ema_trend_fast': 29, 'ema_trend_slow': 196, 'en_sma_trend': False, 'sma_trend_fast': 128, 'sma_trend_slow': 396, 'en_macd': False, 'macd_fast': 56, 'macd_slow': 150, 'macd_signal': 67, 'en_vwap': False, 'en_keltner': True, 'keltner_n': 43, 'keltner_m': 3.9000000000000004, 'en_obv': True, 'obv_slope': 162, 'en_cci': True, 'cci_n': 106, 'cci_threshold': 280, 'en_rsi': False, 'rsi_n': 74, 'rsi_lower': 38, 'rsi_upper': 95, 'en_stochastic': False, 'stochastic_n': 25, 'stochastic_d': 31, 'stochastic_lower': 47, 'stochastic_upper': 97, 'en_mfi': True, 'mfi_n': 65, 'mfi_lower': 20, 'mfi_upper': 74, 'en_bollinger': False, 'bollinger_n': 186, 'bollinger_k': 4.7, 'en_adx': True, 'adx_n': 19, 'adx_threshold': 12, 'en_structure_trend': True, 'structure_trend_swing_l': 1, 'en_order_block': False, 'order_block_swing_l': 1, 'en_fvg': True, 'fvg_lookback': 7, 'en_ifvg': False, 'en_breaker': False, 'breaker_swing_l': 18, 'en_cisd': True, 'k': 3, 'en_cap_bars': True, 'cap_1min': 412}.
[I 2026-07-13 17:12:51,914] Trial 564 finished with values: [-28.74675890948879, -934.8513820898006, 80.6] and parameters: {'sl_soft': 3.146751807329063, 'sl_hard_delta': 1.265225171181504, 'tp': 0.9918133787075697, 'gate_pct': 95.28097951734324, 'dd_limit': 122.33756046500012, 'cooldown': 9, 'flip': True, 'en_ema_trend': False, 'ema_trend_fast': 397, 'ema_trend_slow': 38, 'en_sma_trend': False, 'sma_trend_fast': 141, 'sma_trend_slow': 400, 'en_macd': False, 'macd_fast': 20, 'macd_slow': 185, 'macd_signal': 11, 'en_vwap': True, 'en_keltner': True, 'keltner_n': 13, 'keltner_m': 1.5, 'en_obv': True, 'obv_slope': 120, 'en_cci': True, 'cci_n': 72, 'cci_threshold': 280, 'en_rsi': True, 'rsi_n': 33, 'rsi_lower': 11, 'rsi_upper': 68, 'en_stochastic': False, 'stochastic_n': 2, 'stochastic_d': 3, 'stochastic_lower': 2, 'stochastic_upper': 77, 'en_mfi': True, 'mfi_n': 65, 'mfi_lower': 20, 'mfi_upper': 71, 'en_bollinger': False, 'bollinger_n': 100, 'bollinger_k': 0.5, 'en_adx': True, 'adx_n': 23, 'adx_threshold': 12, 'en_structure_trend': True, 'structure_trend_swing_l': 4, 'en_order_block': False, 'order_block_swing_l': 6, 'en_fvg': False, 'fvg_lookback': 50, 'en_ifvg': False, 'en_breaker': False, 'breaker_swing_l': 18, 'en_cisd': True, 'k': 1, 'en_cap_bars': True, 'cap_1min': 392}.
[I 2026-07-13 17:12:52,562] Trial 565 pruned. 
[I 2026-07-13 17:12:52,975] Trial 566 finished with values: [-449.35941133787196, -557.6844126167998, 32.8] and parameters: {'sl_soft': 1.3416386676404197, 'sl_hard_delta': 0.05257236390156471, 'tp': 2.034778180267182, 'gate_pct': 73.0036735816267, 'dd_limit': 390.2569167971573, 'cooldown': 13, 'flip': True, 'en_ema_trend': False, 'ema_trend_fast': 317, 'ema_trend_slow': 380, 'en_sma_trend': False, 'sma_trend_fast': 47, 'sma_trend_slow': 171, 'en_macd': False, 'macd_fast': 80, 'macd_slow': 185, 'macd_signal': 72, 'en_vwap': False, 'en_keltner': False, 'keltner_n': 3, 'keltner_m': 4.6000000000000005, 'en_obv': False, 'obv_slope': 56, 'en_cci': True, 'cci_n': 3, 'cci_threshold': 30, 'en_rsi': False, 'rsi_n': 71, 'rsi_lower': 28, 'rsi_upper': 82, 'en_stochastic': False, 'stochastic_n': 89, 'stochastic_d': 3, 'stochastic_lower': 48, 'stochastic_upper': 81, 'en_mfi': False, 'mfi_n': 97, 'mfi_lower': 49, 'mfi_upper': 72, 'en_bollinger': False, 'bollinger_n': 32, 'bollinger_k': 3.0, 'en_adx': True, 'adx_n': 62, 'adx_threshold': 6, 'en_structure_trend': True, 'structure_trend_swing_l': 7, 'en_order_block': False, 'order_block_swing_l': 15, 'en_fvg': True, 'fvg_lookback': 50, 'en_ifvg': False, 'en_breaker': False, 'breaker_swing_l': 8, 'en_cisd': True, 'k': 1, 'en_cap_bars': False, 'cap_1min': 272}.
[I 2026-07-13 17:12:53,510] Trial 567 finished with values: [-461.9481260069165, -1162.0182210744815, 20.35] and parameters: {'sl_soft': 1.2301008880385436, 'sl_hard_delta': 3.2038337397957424, 'tp': 6.159635578510054, 'gate_pct': 73.0036735816267, 'dd_limit': 122.33756046500012, 'cooldown': 9, 'flip': True, 'en_ema_trend': False, 'ema_trend_fast': 29, 'ema_trend_slow': 38, 'en_sma_trend': True, 'sma_trend_fast': 141, 'sma_trend_slow': 396, 'en_macd': False, 'macd_fast': 56, 'macd_slow': 47, 'macd_signal': 67, 'en_vwap': False, 'en_keltner': True, 'keltner_n': 77, 'keltner_m': 3.9000000000000004, 'en_obv': False, 'obv_slope': 162, 'en_cci': True, 'cci_n': 125, 'cci_threshold': 280, 'en_rsi': True, 'rsi_n': 74, 'rsi_lower': 41, 'rsi_upper': 95, 'en_stochastic': False, 'stochastic_n': 25, 'stochastic_d': 3, 'stochastic_lower': 2, 'stochastic_upper': 77, 'en_mfi': False, 'mfi_n': 65, 'mfi_lower': 20, 'mfi_upper': 74, 'en_bollinger': False, 'bollinger_n': 32, 'bollinger_k': 4.7, 'en_adx': True, 'adx_n': 19, 'adx_threshold': 12, 'en_structure_trend': True, 'structure_trend_swing_l': 1, 'en_order_block': False, 'order_block_swing_l': 1, 'en_fvg': True, 'fvg_lookback': 50, 'en_ifvg': False, 'en_breaker': False, 'breaker_swing_l': 18, 'en_cisd': True, 'k': 1, 'en_cap_bars': True, 'cap_1min': 272}.
[I 2026-07-13 17:12:57,562] Trial 568 pruned. 
[I 2026-07-13 17:12:58,037] Trial 569 finished with values: [125.16744249450653, -437.123864727846, 17.45] and parameters: {'sl_soft': 0.7459429677562495, 'sl_hard_delta': 0.24686669406356115, 'tp': 6.159635578510054, 'gate_pct': 53.84741825883083, 'dd_limit': 122.33756046500012, 'cooldown': 3, 'flip': True, 'en_ema_trend': True, 'ema_trend_fast': 29, 'ema_trend_slow': 196, 'en_sma_trend': False, 'sma_trend_fast': 128, 'sma_trend_slow': 396, 'en_macd': True, 'macd_fast': 6, 'macd_slow': 150, 'macd_signal': 10, 'en_vwap': False, 'en_keltner': True, 'keltner_n': 177, 'keltner_m': 1.0, 'en_obv': True, 'obv_slope': 162, 'en_cci': False, 'cci_n': 106, 'cci_threshold': 280, 'en_rsi': True, 'rsi_n': 49, 'rsi_lower': 23, 'rsi_upper': 95, 'en_stochastic': True, 'stochastic_n': 25, 'stochastic_d': 7, 'stochastic_lower': 3, 'stochastic_upper': 97, 'en_mfi': True, 'mfi_n': 9, 'mfi_lower': 20, 'mfi_upper': 58, 'en_bollinger': False, 'bollinger_n': 186, 'bollinger_k': 4.7, 'en_adx': True, 'adx_n': 6, 'adx_threshold': 12, 'en_structure_trend': False, 'structure_trend_swing_l': 8, 'en_order_block': False, 'order_block_swing_l': 20, 'en_fvg': False, 'fvg_lookback': 29, 'en_ifvg': False, 'en_breaker': True, 'breaker_swing_l': 8, 'en_cisd': True, 'k': 3, 'en_cap_bars': True, 'cap_1min': 260}.
[I 2026-07-13 17:13:00,168] Trial 570 pruned. 
[I 2026-07-13 17:13:07,529] Trial 571 finished with values: [199.6946596766179, -582.5908490160828, 45.45] and parameters: {'sl_soft': 1.5128727017605812, 'sl_hard_delta': 3.3389442785612586, 'tp': 2.9458524258041714, 'gate_pct': 54.8778799805964, 'dd_limit': 390.2569167971573, 'cooldown': 9, 'flip': True, 'en_ema_trend': True, 'ema_trend_fast': 208, 'ema_trend_slow': 139, 'en_sma_trend': True, 'sma_trend_fast': 68, 'sma_trend_slow': 143, 'en_macd': True, 'macd_fast': 25, 'macd_slow': 47, 'macd_signal': 9, 'en_vwap': True, 'en_keltner': False, 'keltner_n': 116, 'keltner_m': 3.8000000000000003, 'en_obv': True, 'obv_slope': 8, 'en_cci': True, 'cci_n': 176, 'cci_threshold': 195, 'en_rsi': True, 'rsi_n': 67, 'rsi_lower': 7, 'rsi_upper': 69, 'en_stochastic': True, 'stochastic_n': 97, 'stochastic_d': 5, 'stochastic_lower': 48, 'stochastic_upper': 77, 'en_mfi': True, 'mfi_n': 97, 'mfi_lower': 45, 'mfi_upper': 68, 'en_bollinger': False, 'bollinger_n': 69, 'bollinger_k': 1.6, 'en_adx': False, 'adx_n': 18, 'adx_threshold': 19, 'en_structure_trend': False, 'structure_trend_swing_l': 10, 'en_order_block': True, 'order_block_swing_l': 9, 'en_fvg': False, 'fvg_lookback': 50, 'en_ifvg': False, 'en_breaker': False, 'breaker_swing_l': 17, 'en_cisd': False, 'k': 1, 'en_cap_bars': False, 'cap_1min': 608}.
[I 2026-07-13 17:13:13,743] Trial 572 finished with values: [-137.1269806790906, -337.84289854589815, 11.3] and parameters: {'sl_soft': 0.7459429677562495, 'sl_hard_delta': 0.24686669406356115, 'tp': 5.599937680975634, 'gate_pct': 73.0036735816267, 'dd_limit': 122.33756046500012, 'cooldown': 3, 'flip': True, 'en_ema_trend': True, 'ema_trend_fast': 29, 'ema_trend_slow': 17, 'en_sma_trend': False, 'sma_trend_fast': 141, 'sma_trend_slow': 307, 'en_macd': False, 'macd_fast': 56, 'macd_slow': 47, 'macd_signal': 92, 'en_vwap': False, 'en_keltner': False, 'keltner_n': 3, 'keltner_m': 4.6000000000000005, 'en_obv': True, 'obv_slope': 108, 'en_cci': True, 'cci_n': 27, 'cci_threshold': 280, 'en_rsi': False, 'rsi_n': 49, 'rsi_lower': 41, 'rsi_upper': 73, 'en_stochastic': True, 'stochastic_n': 62, 'stochastic_d': 3, 'stochastic_lower': 48, 'stochastic_upper': 81, 'en_mfi': True, 'mfi_n': 65, 'mfi_lower': 20, 'mfi_upper': 64, 'en_bollinger': False, 'bollinger_n': 186, 'bollinger_k': 4.7, 'en_adx': True, 'adx_n': 18, 'adx_threshold': 12, 'en_structure_trend': False, 'structure_trend_swing_l': 8, 'en_order_block': False, 'order_block_swing_l': 1, 'en_fvg': True, 'fvg_lookback': 28, 'en_ifvg': False, 'en_breaker': True, 'breaker_swing_l': 8, 'en_cisd': True, 'k': 3, 'en_cap_bars': False, 'cap_1min': 272}.
[I 2026-07-13 17:13:14,534] Trial 573 pruned. 
[I 2026-07-13 17:13:15,032] Trial 574 pruned. 
[I 2026-07-13 17:13:17,903] Trial 575 pruned. 
[I 2026-07-13 17:13:18,275] Trial 576 pruned. 
[I 2026-07-13 17:13:18,655] Trial 577 pruned. 
[I 2026-07-13 17:13:18,983] Trial 578 finished with values: [148.7989788643631, -598.6330663227136, 18.0] and parameters: {'sl_soft': 1.0063442051374751, 'sl_hard_delta': 0.008044238733936384, 'tp': 5.599937680975634, 'gate_pct': 74.50813821223942, 'dd_limit': 377.8686668899344, 'cooldown': 9, 'flip': True, 'en_ema_trend': False, 'ema_trend_fast': 357, 'ema_trend_slow': 291, 'en_sma_trend': False, 'sma_trend_fast': 92, 'sma_trend_slow': 154, 'en_macd': True, 'macd_fast': 96, 'macd_slow': 180, 'macd_signal': 92, 'en_vwap': False, 'en_keltner': False, 'keltner_n': 3, 'keltner_m': 1.7000000000000002, 'en_obv': True, 'obv_slope': 110, 'en_cci': True, 'cci_n': 132, 'cci_threshold': 40, 'en_rsi': True, 'rsi_n': 10, 'rsi_lower': 28, 'rsi_upper': 91, 'en_stochastic': False, 'stochastic_n': 16, 'stochastic_d': 47, 'stochastic_lower': 48, 'stochastic_upper': 88, 'en_mfi': True, 'mfi_n': 26, 'mfi_lower': 42, 'mfi_upper': 90, 'en_bollinger': False, 'bollinger_n': 115, 'bollinger_k': 2.6, 'en_adx': False, 'adx_n': 18, 'adx_threshold': 31, 'en_structure_trend': False, 'structure_trend_swing_l': 11, 'en_order_block': False, 'order_block_swing_l': 6, 'en_fvg': False, 'fvg_lookback': 50, 'en_ifvg': True, 'en_breaker': True, 'breaker_swing_l': 17, 'en_cisd': True, 'k': 3, 'en_cap_bars': True, 'cap_1min': 652}.
[I 2026-07-13 17:13:21,237] Trial 579 pruned. 
