[I 2026-07-13 16:59:54,754] Trial 520 finished with values: [146.95582652976782, -1169.3056432459116, 33.3] and parameters: {'sl_soft': 4.421990961935937, 'sl_hard_delta': 1.5400466597035951, 'tp': 14.794906806861203, 'gate_pct': 86.68863637915473, 'dd_limit': 499.7446687086984, 'cooldown': 5, 'flip': False, 'en_ema_trend': True, 'ema_trend_fast': 177, 'ema_trend_slow': 381, 'en_sma_trend': True, 'sma_trend_fast': 29, 'sma_trend_slow': 144, 'en_macd': True, 'macd_fast': 52, 'macd_slow': 149, 'macd_signal': 1, 'en_vwap': True, 'en_keltner': True, 'keltner_n': 73, 'keltner_m': 4.5, 'en_obv': False, 'obv_slope': 7, 'en_cci': True, 'cci_n': 36, 'cci_threshold': 290, 'en_rsi': False, 'rsi_n': 23, 'rsi_lower': 7, 'rsi_upper': 94, 'en_stochastic': True, 'stochastic_n': 14, 'stochastic_d': 40, 'stochastic_lower': 2, 'stochastic_upper': 72, 'en_mfi': True, 'mfi_n': 45, 'mfi_lower': 16, 'mfi_upper': 61, 'en_bollinger': False, 'bollinger_n': 38, 'bollinger_k': 2.9000000000000004, 'en_adx': False, 'adx_n': 33, 'adx_threshold': 21, 'en_structure_trend': False, 'structure_trend_swing_l': 19, 'en_order_block': False, 'order_block_swing_l': 3, 'en_fvg': False, 'fvg_lookback': 14, 'en_ifvg': True, 'en_breaker': True, 'breaker_swing_l': 5, 'en_cisd': True, 'k': 1, 'en_cap_bars': True, 'cap_1min': 1332}.
[I 2026-07-13 16:59:55,248] Trial 521 finished with values: [17.500000000001137, -295.0000000000273, 38.7] and parameters: {'sl_soft': 4.423069806655792, 'sl_hard_delta': 2.4202277271614805, 'tp': 10.30323196771046, 'gate_pct': 57.542705711187445, 'dd_limit': 162.39650823726745, 'cooldown': 0, 'flip': True, 'en_ema_trend': False, 'ema_trend_fast': 55, 'ema_trend_slow': 346, 'en_sma_trend': True, 'sma_trend_fast': 82, 'sma_trend_slow': 163, 'en_macd': True, 'macd_fast': 44, 'macd_slow': 62, 'macd_signal': 41, 'en_vwap': False, 'en_keltner': False, 'keltner_n': 133, 'keltner_m': 4.0, 'en_obv': True, 'obv_slope': 160, 'en_cci': False, 'cci_n': 33, 'cci_threshold': 65, 'en_rsi': True, 'rsi_n': 23, 'rsi_lower': 20, 'rsi_upper': 75, 'en_stochastic': False, 'stochastic_n': 90, 'stochastic_d': 50, 'stochastic_lower': 40, 'stochastic_upper': 60, 'en_mfi': False, 'mfi_n': 70, 'mfi_lower': 17, 'mfi_upper': 65, 'en_bollinger': False, 'bollinger_n': 22, 'bollinger_k': 2.2, 'en_adx': False, 'adx_n': 71, 'adx_threshold': 34, 'en_structure_trend': True, 'structure_trend_swing_l': 14, 'en_order_block': False, 'order_block_swing_l': 19, 'en_fvg': False, 'fvg_lookback': 6, 'en_ifvg': True, 'en_breaker': True, 'breaker_swing_l': 20, 'en_cisd': True, 'k': 5, 'en_cap_bars': True, 'cap_1min': 3}.
[I 2026-07-13 16:59:55,690] Trial 522 finished with values: [-277.57528024094995, -510.15056048186125, 46.65] and parameters: {'sl_soft': 2.0827834824761626, 'sl_hard_delta': 2.4202277271614805, 'tp': 10.30323196771046, 'gate_pct': 61.29515207255519, 'dd_limit': 305.92974868013, 'cooldown': 0, 'flip': False, 'en_ema_trend': True, 'ema_trend_fast': 41, 'ema_trend_slow': 346, 'en_sma_trend': False, 'sma_trend_fast': 82, 'sma_trend_slow': 163, 'en_macd': False, 'macd_fast': 80, 'macd_slow': 62, 'macd_signal': 41, 'en_vwap': True, 'en_keltner': False, 'keltner_n': 133, 'keltner_m': 4.0, 'en_obv': True, 'obv_slope': 160, 'en_cci': False, 'cci_n': 33, 'cci_threshold': 65, 'en_rsi': False, 'rsi_n': 33, 'rsi_lower': 20, 'rsi_upper': 75, 'en_stochastic': False, 'stochastic_n': 88, 'stochastic_d': 50, 'stochastic_lower': 40, 'stochastic_upper': 60, 'en_mfi': False, 'mfi_n': 70, 'mfi_lower': 17, 'mfi_upper': 65, 'en_bollinger': False, 'bollinger_n': 182, 'bollinger_k': 2.2, 'en_adx': False, 'adx_n': 71, 'adx_threshold': 34, 'en_structure_trend': True, 'structure_trend_swing_l': 14, 'en_order_block': False, 'order_block_swing_l': 19, 'en_fvg': False, 'fvg_lookback': 42, 'en_ifvg': True, 'en_breaker': False, 'breaker_swing_l': 20, 'en_cisd': True, 'k': 5, 'en_cap_bars': True, 'cap_1min': 3}.
[I 2026-07-13 16:59:56,068] Trial 523 finished with values: [-604.6475786970518, -954.2951573941764, 37.349999999999994] and parameters: {'sl_soft': 2.0827834824761626, 'sl_hard_delta': 13.103119665406819, 'tp': 16.191108942075378, 'gate_pct': 86.68863637915473, 'dd_limit': 499.7446687086984, 'cooldown': 5, 'flip': True, 'en_ema_trend': False, 'ema_trend_fast': 41, 'ema_trend_slow': 346, 'en_sma_trend': False, 'sma_trend_fast': 7, 'sma_trend_slow': 14, 'en_macd': True, 'macd_fast': 52, 'macd_slow': 62, 'macd_signal': 41, 'en_vwap': True, 'en_keltner': True, 'keltner_n': 153, 'keltner_m': 1.5, 'en_obv': True, 'obv_slope': 7, 'en_cci': False, 'cci_n': 36, 'cci_threshold': 250, 'en_rsi': False, 'rsi_n': 23, 'rsi_lower': 3, 'rsi_upper': 91, 'en_stochastic': False, 'stochastic_n': 90, 'stochastic_d': 39, 'stochastic_lower': 40, 'stochastic_upper': 87, 'en_mfi': True, 'mfi_n': 70, 'mfi_lower': 16, 'mfi_upper': 65, 'en_bollinger': True, 'bollinger_n': 182, 'bollinger_k': 2.9000000000000004, 'en_adx': False, 'adx_n': 71, 'adx_threshold': 26, 'en_structure_trend': True, 'structure_trend_swing_l': 19, 'en_order_block': False, 'order_block_swing_l': 3, 'en_fvg': False, 'fvg_lookback': 6, 'en_ifvg': True, 'en_breaker': False, 'breaker_swing_l': 20, 'en_cisd': True, 'k': 1, 'en_cap_bars': True, 'cap_1min': 3}.
[I 2026-07-13 16:59:59,931] Trial 524 finished with values: [-612.035682268413, -1629.858879039466, 28.35] and parameters: {'sl_soft': 3.578361063233118, 'sl_hard_delta': 2.4202277271614805, 'tp': 10.30323196771046, 'gate_pct': 52.57115913414096, 'dd_limit': 234.1688012834486, 'cooldown': 1, 'flip': False, 'en_ema_trend': True, 'ema_trend_fast': 55, 'ema_trend_slow': 274, 'en_sma_trend': False, 'sma_trend_fast': 221, 'sma_trend_slow': 328, 'en_macd': True, 'macd_fast': 16, 'macd_slow': 62, 'macd_signal': 41, 'en_vwap': False, 'en_keltner': True, 'keltner_n': 142, 'keltner_m': 3.7, 'en_obv': True, 'obv_slope': 160, 'en_cci': False, 'cci_n': 93, 'cci_threshold': 170, 'en_rsi': True, 'rsi_n': 21, 'rsi_lower': 40, 'rsi_upper': 71, 'en_stochastic': False, 'stochastic_n': 90, 'stochastic_d': 43, 'stochastic_lower': 40, 'stochastic_upper': 60, 'en_mfi': False, 'mfi_n': 70, 'mfi_lower': 17, 'mfi_upper': 62, 'en_bollinger': False, 'bollinger_n': 97, 'bollinger_k': 4.1, 'en_adx': False, 'adx_n': 79, 'adx_threshold': 28, 'en_structure_trend': True, 'structure_trend_swing_l': 5, 'en_order_block': False, 'order_block_swing_l': 4, 'en_fvg': False, 'fvg_lookback': 31, 'en_ifvg': True, 'en_breaker': True, 'breaker_swing_l': 2, 'en_cisd': True, 'k': 1, 'en_cap_bars': False, 'cap_1min': 1249}.
[I 2026-07-13 17:00:05,491] Trial 525 finished with values: [-1401.5126982764627, -4320.585783482227, 53.3] and parameters: {'sl_soft': 8.40897221696315, 'sl_hard_delta': 5.54924080899456, 'tp': 3.111624339078542, 'gate_pct': 79.12027635095406, 'dd_limit': 234.1688012834486, 'cooldown': 5, 'flip': True, 'en_ema_trend': True, 'ema_trend_fast': 373, 'ema_trend_slow': 316, 'en_sma_trend': False, 'sma_trend_fast': 221, 'sma_trend_slow': 357, 'en_macd': False, 'macd_fast': 9, 'macd_slow': 15, 'macd_signal': 47, 'en_vwap': False, 'en_keltner': True, 'keltner_n': 142, 'keltner_m': 3.9000000000000004, 'en_obv': True, 'obv_slope': 182, 'en_cci': True, 'cci_n': 198, 'cci_threshold': 170, 'en_rsi': False, 'rsi_n': 77, 'rsi_lower': 40, 'rsi_upper': 69, 'en_stochastic': True, 'stochastic_n': 75, 'stochastic_d': 35, 'stochastic_lower': 8, 'stochastic_upper': 95, 'en_mfi': False, 'mfi_n': 92, 'mfi_lower': 1, 'mfi_upper': 62, 'en_bollinger': False, 'bollinger_n': 125, 'bollinger_k': 4.300000000000001, 'en_adx': False, 'adx_n': 97, 'adx_threshold': 59, 'en_structure_trend': False, 'structure_trend_swing_l': 7, 'en_order_block': False, 'order_block_swing_l': 3, 'en_fvg': False, 'fvg_lookback': 28, 'en_ifvg': False, 'en_breaker': True, 'breaker_swing_l': 15, 'en_cisd': True, 'k': 1, 'en_cap_bars': True, 'cap_1min': 948}.
[I 2026-07-13 17:00:05,697] Trial 526 pruned. 
[I 2026-07-13 17:00:06,511] Trial 527 pruned. 
[I 2026-07-13 17:00:13,949] Trial 528 finished with values: [513.8540315437297, -2370.0000000000045, 29.95] and parameters: {'sl_soft': 4.421990961935937, 'sl_hard_delta': 13.103119665406819, 'tp': 14.794906806861203, 'gate_pct': 86.68863637915473, 'dd_limit': 499.7446687086984, 'cooldown': 2, 'flip': False, 'en_ema_trend': False, 'ema_trend_fast': 177, 'ema_trend_slow': 381, 'en_sma_trend': False, 'sma_trend_fast': 29, 'sma_trend_slow': 55, 'en_macd': True, 'macd_fast': 52, 'macd_slow': 116, 'macd_signal': 13, 'en_vwap': True, 'en_keltner': True, 'keltner_n': 17, 'keltner_m': 1.5, 'en_obv': True, 'obv_slope': 116, 'en_cci': False, 'cci_n': 87, 'cci_threshold': 290, 'en_rsi': False, 'rsi_n': 23, 'rsi_lower': 7, 'rsi_upper': 94, 'en_stochastic': True, 'stochastic_n': 14, 'stochastic_d': 40, 'stochastic_lower': 2, 'stochastic_upper': 77, 'en_mfi': True, 'mfi_n': 45, 'mfi_lower': 16, 'mfi_upper': 61, 'en_bollinger': False, 'bollinger_n': 38, 'bollinger_k': 2.9000000000000004, 'en_adx': False, 'adx_n': 31, 'adx_threshold': 21, 'en_structure_trend': False, 'structure_trend_swing_l': 19, 'en_order_block': True, 'order_block_swing_l': 17, 'en_fvg': False, 'fvg_lookback': 14, 'en_ifvg': True, 'en_breaker': False, 'breaker_swing_l': 3, 'en_cisd': True, 'k': 1, 'en_cap_bars': False, 'cap_1min': 3}.
[I 2026-07-13 17:00:15,507] Trial 529 finished with values: [463.86166899258114, -1177.967705198921, 40.85] and parameters: {'sl_soft': 3.578361063233118, 'sl_hard_delta': 5.122016397226086, 'tp': 7.670322948010878, 'gate_pct': 57.542705711187445, 'dd_limit': 499.7446687086984, 'cooldown': 0, 'flip': False, 'en_ema_trend': True, 'ema_trend_fast': 41, 'ema_trend_slow': 346, 'en_sma_trend': False, 'sma_trend_fast': 167, 'sma_trend_slow': 328, 'en_macd': True, 'macd_fast': 16, 'macd_slow': 194, 'macd_signal': 30, 'en_vwap': False, 'en_keltner': False, 'keltner_n': 153, 'keltner_m': 3.7, 'en_obv': True, 'obv_slope': 19, 'en_cci': False, 'cci_n': 33, 'cci_threshold': 30, 'en_rsi': True, 'rsi_n': 43, 'rsi_lower': 20, 'rsi_upper': 91, 'en_stochastic': False, 'stochastic_n': 65, 'stochastic_d': 50, 'stochastic_lower': 4, 'stochastic_upper': 71, 'en_mfi': False, 'mfi_n': 70, 'mfi_lower': 17, 'mfi_upper': 78, 'en_bollinger': False, 'bollinger_n': 182, 'bollinger_k': 4.1, 'en_adx': False, 'adx_n': 79, 'adx_threshold': 50, 'en_structure_trend': True, 'structure_trend_swing_l': 5, 'en_order_block': False, 'order_block_swing_l': 19, 'en_fvg': False, 'fvg_lookback': 42, 'en_ifvg': True, 'en_breaker': True, 'breaker_swing_l': 20, 'en_cisd': True, 'k': 1, 'en_cap_bars': True, 'cap_1min': 1249}.
[I 2026-07-13 17:00:16,807] Trial 530 pruned. 
[I 2026-07-13 17:00:17,756] Trial 531 pruned. 
[I 2026-07-13 17:00:17,977] Trial 532 finished with values: [456.23891495752673, -1706.5014780056572, 43.1] and parameters: {'sl_soft': 4.421990961935937, 'sl_hard_delta': 13.103119665406819, 'tp': 9.06997043988679, 'gate_pct': 86.68863637915473, 'dd_limit': 504.12940677292096, 'cooldown': 3, 'flip': False, 'en_ema_trend': False, 'ema_trend_fast': 41, 'ema_trend_slow': 364, 'en_sma_trend': False, 'sma_trend_fast': 7, 'sma_trend_slow': 242, 'en_macd': False, 'macd_fast': 69, 'macd_slow': 151, 'macd_signal': 12, 'en_vwap': False, 'en_keltner': True, 'keltner_n': 3, 'keltner_m': 1.5, 'en_obv': True, 'obv_slope': 188, 'en_cci': False, 'cci_n': 156, 'cci_threshold': 250, 'en_rsi': True, 'rsi_n': 23, 'rsi_lower': 18, 'rsi_upper': 94, 'en_stochastic': False, 'stochastic_n': 66, 'stochastic_d': 40, 'stochastic_lower': 40, 'stochastic_upper': 63, 'en_mfi': True, 'mfi_n': 72, 'mfi_lower': 13, 'mfi_upper': 65, 'en_bollinger': False, 'bollinger_n': 64, 'bollinger_k': 4.6000000000000005, 'en_adx': False, 'adx_n': 56, 'adx_threshold': 36, 'en_structure_trend': False, 'structure_trend_swing_l': 15, 'en_order_block': True, 'order_block_swing_l': 14, 'en_fvg': True, 'fvg_lookback': 25, 'en_ifvg': True, 'en_breaker': True, 'breaker_swing_l': 3, 'en_cisd': True, 'k': 1, 'en_cap_bars': True, 'cap_1min': 652}.
[I 2026-07-13 17:00:19,683] Trial 533 pruned. 
[I 2026-07-13 17:00:21,462] Trial 534 finished with values: [809.1554650365424, -2014.9999999999864, 53.35] and parameters: {'sl_soft': 4.423069806655792, 'sl_hard_delta': 13.43048070632975, 'tp': 6.684318084174463, 'gate_pct': 98.24909449748954, 'dd_limit': 141.98378389938074, 'cooldown': 2, 'flip': False, 'en_ema_trend': True, 'ema_trend_fast': 174, 'ema_trend_slow': 144, 'en_sma_trend': True, 'sma_trend_fast': 167, 'sma_trend_slow': 163, 'en_macd': False, 'macd_fast': 50, 'macd_slow': 172, 'macd_signal': 30, 'en_vwap': False, 'en_keltner': False, 'keltner_n': 200, 'keltner_m': 1.7000000000000002, 'en_obv': True, 'obv_slope': 186, 'en_cci': True, 'cci_n': 33, 'cci_threshold': 115, 'en_rsi': True, 'rsi_n': 35, 'rsi_lower': 20, 'rsi_upper': 86, 'en_stochastic': False, 'stochastic_n': 90, 'stochastic_d': 35, 'stochastic_lower': 12, 'stochastic_upper': 71, 'en_mfi': False, 'mfi_n': 7, 'mfi_lower': 31, 'mfi_upper': 85, 'en_bollinger': True, 'bollinger_n': 77, 'bollinger_k': 4.1, 'en_adx': False, 'adx_n': 71, 'adx_threshold': 30, 'en_structure_trend': True, 'structure_trend_swing_l': 4, 'en_order_block': False, 'order_block_swing_l': 17, 'en_fvg': False, 'fvg_lookback': 31, 'en_ifvg': True, 'en_breaker': True, 'breaker_swing_l': 14, 'en_cisd': True, 'k': 1, 'en_cap_bars': False, 'cap_1min': 3}.
[I 2026-07-13 17:00:23,958] Trial 535 pruned. 
[I 2026-07-13 17:00:24,675] Trial 536 finished with values: [1168.8640267207802, -987.4479917059261, 45.85] and parameters: {'sl_soft': 2.609471604804969, 'sl_hard_delta': 2.065008312254088, 'tp': 9.378168989216427, 'gate_pct': 94.70821660915905, 'dd_limit': 39.52565804693206, 'cooldown': 2, 'flip': False, 'en_ema_trend': True, 'ema_trend_fast': 317, 'ema_trend_slow': 38, 'en_sma_trend': False, 'sma_trend_fast': 345, 'sma_trend_slow': 292, 'en_macd': False, 'macd_fast': 80, 'macd_slow': 48, 'macd_signal': 91, 'en_vwap': True, 'en_keltner': True, 'keltner_n': 123, 'keltner_m': 3.8000000000000003, 'en_obv': False, 'obv_slope': 25, 'en_cci': True, 'cci_n': 125, 'cci_threshold': 195, 'en_rsi': False, 'rsi_n': 100, 'rsi_lower': 41, 'rsi_upper': 69, 'en_stochastic': True, 'stochastic_n': 22, 'stochastic_d': 3, 'stochastic_lower': 40, 'stochastic_upper': 57, 'en_mfi': False, 'mfi_n': 11, 'mfi_lower': 19, 'mfi_upper': 68, 'en_bollinger': False, 'bollinger_n': 69, 'bollinger_k': 2.7, 'en_adx': False, 'adx_n': 35, 'adx_threshold': 57, 'en_structure_trend': True, 'structure_trend_swing_l': 9, 'en_order_block': True, 'order_block_swing_l': 9, 'en_fvg': True, 'fvg_lookback': 36, 'en_ifvg': False, 'en_breaker': False, 'breaker_swing_l': 1, 'en_cisd': False, 'k': 3, 'en_cap_bars': False, 'cap_1min': 608}.
[I 2026-07-13 17:00:27,322] Trial 537 finished with values: [-7.327363710862755, -1680.1505604819113, 24.05] and parameters: {'sl_soft': 2.0827834824761626, 'sl_hard_delta': 2.4202277271614805, 'tp': 10.30323196771046, 'gate_pct': 52.57115913414096, 'dd_limit': 141.98378389938074, 'cooldown': 0, 'flip': False, 'en_ema_trend': True, 'ema_trend_fast': 55, 'ema_trend_slow': 346, 'en_sma_trend': True, 'sma_trend_fast': 167, 'sma_trend_slow': 328, 'en_macd': True, 'macd_fast': 44, 'macd_slow': 194, 'macd_signal': 41, 'en_vwap': False, 'en_keltner': False, 'keltner_n': 153, 'keltner_m': 4.0, 'en_obv': True, 'obv_slope': 19, 'en_cci': False, 'cci_n': 33, 'cci_threshold': 165, 'en_rsi': True, 'rsi_n': 21, 'rsi_lower': 15, 'rsi_upper': 91, 'en_stochastic': False, 'stochastic_n': 90, 'stochastic_d': 50, 'stochastic_lower': 4, 'stochastic_upper': 60, 'en_mfi': False, 'mfi_n': 70, 'mfi_lower': 23, 'mfi_upper': 65, 'en_bollinger': False, 'bollinger_n': 97, 'bollinger_k': 2.2, 'en_adx': False, 'adx_n': 71, 'adx_threshold': 28, 'en_structure_trend': True, 'structure_trend_swing_l': 5, 'en_order_block': False, 'order_block_swing_l': 4, 'en_fvg': False, 'fvg_lookback': 16, 'en_ifvg': True, 'en_breaker': True, 'breaker_swing_l': 20, 'en_cisd': True, 'k': 5, 'en_cap_bars': False, 'cap_1min': 3}.
[I 2026-07-13 17:00:34,479] Trial 538 finished with values: [646.4186674060102, -2286.1029126166954, 53.55] and parameters: {'sl_soft': 3.7110948278494957, 'sl_hard_delta': 2.4202277271614805, 'tp': 10.30323196771046, 'gate_pct': 57.542705711187445, 'dd_limit': 499.7446687086984, 'cooldown': 0, 'flip': True, 'en_ema_trend': False, 'ema_trend_fast': 317, 'ema_trend_slow': 346, 'en_sma_trend': False, 'sma_trend_fast': 141, 'sma_trend_slow': 171, 'en_macd': False, 'macd_fast': 80, 'macd_slow': 62, 'macd_signal': 9, 'en_vwap': False, 'en_keltner': False, 'keltner_n': 77, 'keltner_m': 4.0, 'en_obv': False, 'obv_slope': 110, 'en_cci': True, 'cci_n': 125, 'cci_threshold': 30, 'en_rsi': True, 'rsi_n': 23, 'rsi_lower': 20, 'rsi_upper': 82, 'en_stochastic': True, 'stochastic_n': 89, 'stochastic_d': 50, 'stochastic_lower': 2, 'stochastic_upper': 77, 'en_mfi': False, 'mfi_n': 90, 'mfi_lower': 17, 'mfi_upper': 65, 'en_bollinger': False, 'bollinger_n': 32, 'bollinger_k': 2.2, 'en_adx': False, 'adx_n': 71, 'adx_threshold': 28, 'en_structure_trend': True, 'structure_trend_swing_l': 14, 'en_order_block': True, 'order_block_swing_l': 9, 'en_fvg': False, 'fvg_lookback': 50, 'en_ifvg': True, 'en_breaker': False, 'breaker_swing_l': 17, 'en_cisd': False, 'k': 1, 'en_cap_bars': True, 'cap_1min': 272}.
[I 2026-07-13 17:00:36,669] Trial 539 finished with values: [-623.2563491382393, -1168.8375660921452, 40.95] and parameters: {'sl_soft': 3.7110948278494957, 'sl_hard_delta': 5.54924080899456, 'tp': 3.111624339078542, 'gate_pct': 73.0036735816267, 'dd_limit': 390.2569167971573, 'cooldown': 5, 'flip': True, 'en_ema_trend': True, 'ema_trend_fast': 373, 'ema_trend_slow': 316, 'en_sma_trend': False, 'sma_trend_fast': 141, 'sma_trend_slow': 357, 'en_macd': False, 'macd_fast': 9, 'macd_slow': 15, 'macd_signal': 9, 'en_vwap': False, 'en_keltner': False, 'keltner_n': 142, 'keltner_m': 1.6, 'en_obv': True, 'obv_slope': 182, 'en_cci': True, 'cci_n': 198, 'cci_threshold': 30, 'en_rsi': True, 'rsi_n': 77, 'rsi_lower': 41, 'rsi_upper': 82, 'en_stochastic': True, 'stochastic_n': 89, 'stochastic_d': 3, 'stochastic_lower': 2, 'stochastic_upper': 77, 'en_mfi': False, 'mfi_n': 97, 'mfi_lower': 1, 'mfi_upper': 86, 'en_bollinger': False, 'bollinger_n': 32, 'bollinger_k': 3.8000000000000003, 'en_adx': False, 'adx_n': 17, 'adx_threshold': 59, 'en_structure_trend': False, 'structure_trend_swing_l': 11, 'en_order_block': False, 'order_block_swing_l': 9, 'en_fvg': True, 'fvg_lookback': 28, 'en_ifvg': False, 'en_breaker': False, 'breaker_swing_l': 15, 'en_cisd': True, 'k': 4, 'en_cap_bars': True, 'cap_1min': 272}.
[I 2026-07-13 17:00:42,485] Trial 540 finished with values: [787.061000579638, -216.38128547758697, 63.05] and parameters: {'sl_soft': 2.0827834824761626, 'sl_hard_delta': 0.14484222707573952, 'tp': 5.279230480763317, 'gate_pct': 79.12027635095406, 'dd_limit': 234.1688012834486, 'cooldown': 4, 'flip': True, 'en_ema_trend': True, 'ema_trend_fast': 373, 'ema_trend_slow': 38, 'en_sma_trend': False, 'sma_trend_fast': 141, 'sma_trend_slow': 357, 'en_macd': False, 'macd_fast': 80, 'macd_slow': 47, 'macd_signal': 9, 'en_vwap': False, 'en_keltner': True, 'keltner_n': 77, 'keltner_m': 1.8, 'en_obv': True, 'obv_slope': 160, 'en_cci': True, 'cci_n': 33, 'cci_threshold': 170, 'en_rsi': False, 'rsi_n': 23, 'rsi_lower': 41, 'rsi_upper': 82, 'en_stochastic': True, 'stochastic_n': 90, 'stochastic_d': 29, 'stochastic_lower': 2, 'stochastic_upper': 60, 'en_mfi': False, 'mfi_n': 97, 'mfi_lower': 7, 'mfi_upper': 62, 'en_bollinger': False, 'bollinger_n': 32, 'bollinger_k': 2.2, 'en_adx': False, 'adx_n': 17, 'adx_threshold': 6, 'en_structure_trend': True, 'structure_trend_swing_l': 7, 'en_order_block': False, 'order_block_swing_l': 9, 'en_fvg': True, 'fvg_lookback': 50, 'en_ifvg': False, 'en_breaker': True, 'breaker_swing_l': 17, 'en_cisd': True, 'k': 1, 'en_cap_bars': True, 'cap_1min': 3}.
[I 2026-07-13 17:00:45,356] Trial 541 pruned. 
[I 2026-07-13 17:00:46,137] Trial 542 finished with values: [880.2403929632135, -1096.5014780056435, 44.95] and parameters: {'sl_soft': 4.421990961935937, 'sl_hard_delta': 13.103119665406819, 'tp': 9.06997043988679, 'gate_pct': 86.68863637915473, 'dd_limit': 504.12940677292096, 'cooldown': 3, 'flip': False, 'en_ema_trend': False, 'ema_trend_fast': 41, 'ema_trend_slow': 92, 'en_sma_trend': False, 'sma_trend_fast': 7, 'sma_trend_slow': 242, 'en_macd': False, 'macd_fast': 69, 'macd_slow': 151, 'macd_signal': 12, 'en_vwap': True, 'en_keltner': True, 'keltner_n': 3, 'keltner_m': 1.5, 'en_obv': True, 'obv_slope': 188, 'en_cci': False, 'cci_n': 156, 'cci_threshold': 250, 'en_rsi': True, 'rsi_n': 23, 'rsi_lower': 18, 'rsi_upper': 94, 'en_stochastic': False, 'stochastic_n': 66, 'stochastic_d': 40, 'stochastic_lower': 40, 'stochastic_upper': 63, 'en_mfi': True, 'mfi_n': 72, 'mfi_lower': 13, 'mfi_upper': 58, 'en_bollinger': False, 'bollinger_n': 96, 'bollinger_k': 4.6000000000000005, 'en_adx': False, 'adx_n': 56, 'adx_threshold': 36, 'en_structure_trend': False, 'structure_trend_swing_l': 15, 'en_order_block': True, 'order_block_swing_l': 14, 'en_fvg': True, 'fvg_lookback': 25, 'en_ifvg': True, 'en_breaker': True, 'breaker_swing_l': 3, 'en_cisd': True, 'k': 1, 'en_cap_bars': True, 'cap_1min': 652}.
