[I 2026-07-13 17:13:10,920] Trial 408 finished with values: [48.866664688290484, -555.51250374333, 42.0] and parameters: {'sl_soft': 1.8951412408283452, 'sl_hard_delta': 0.3269087741450897, 'tp': 2.9116690569400108, 'gate_pct': 74.89283752458364, 'dd_limit': 335.91144603893065, 'cooldown': 16, 'flip': True, 'en_ema_trend': False, 'ema_trend_fast': 14, 'ema_trend_slow': 359, 'en_sma_trend': True, 'sma_trend_fast': 159, 'sma_trend_slow': 277, 'en_macd': True, 'macd_fast': 81, 'macd_slow': 107, 'macd_signal': 8, 'en_vwap': True, 'en_keltner': False, 'keltner_n': 54, 'keltner_m': 2.2, 'en_obv': False, 'obv_slope': 143, 'en_cci': False, 'cci_n': 115, 'cci_threshold': 165, 'en_rsi': True, 'rsi_n': 72, 'rsi_lower': 20, 'rsi_upper': 58, 'en_stochastic': False, 'stochastic_n': 100, 'stochastic_d': 37, 'stochastic_lower': 9, 'stochastic_upper': 71, 'en_mfi': True, 'mfi_n': 89, 'mfi_lower': 47, 'mfi_upper': 76, 'en_bollinger': True, 'bollinger_n': 57, 'bollinger_k': 1.4, 'en_adx': False, 'adx_n': 74, 'adx_threshold': 33, 'en_structure_trend': False, 'structure_trend_swing_l': 8, 'en_order_block': True, 'order_block_swing_l': 13, 'en_fvg': False, 'fvg_lookback': 1, 'en_ifvg': True, 'en_breaker': False, 'breaker_swing_l': 7, 'en_cisd': True, 'k': 1, 'en_cap_bars': False, 'cap_1min': 1249}.
[I 2026-07-13 17:13:11,247] Trial 409 pruned. 
[I 2026-07-13 17:13:16,734] Trial 410 finished with values: [80.11805706851192, -279.99999999999545, 51.75] and parameters: {'sl_soft': 0.6154913983821713, 'sl_hard_delta': 2.981985232474473, 'tp': 1.388364641976369, 'gate_pct': 75.29895741667805, 'dd_limit': 484.0692573189395, 'cooldown': 5, 'flip': False, 'en_ema_trend': True, 'ema_trend_fast': 109, 'ema_trend_slow': 359, 'en_sma_trend': False, 'sma_trend_fast': 232, 'sma_trend_slow': 275, 'en_macd': True, 'macd_fast': 81, 'macd_slow': 94, 'macd_signal': 34, 'en_vwap': True, 'en_keltner': False, 'keltner_n': 115, 'keltner_m': 2.1, 'en_obv': False, 'obv_slope': 15, 'en_cci': True, 'cci_n': 182, 'cci_threshold': 195, 'en_rsi': True, 'rsi_n': 46, 'rsi_lower': 6, 'rsi_upper': 61, 'en_stochastic': True, 'stochastic_n': 9, 'stochastic_d': 29, 'stochastic_lower': 40, 'stochastic_upper': 67, 'en_mfi': True, 'mfi_n': 82, 'mfi_lower': 24, 'mfi_upper': 93, 'en_bollinger': False, 'bollinger_n': 144, 'bollinger_k': 0.5, 'en_adx': False, 'adx_n': 91, 'adx_threshold': 6, 'en_structure_trend': False, 'structure_trend_swing_l': 9, 'en_order_block': False, 'order_block_swing_l': 10, 'en_fvg': True, 'fvg_lookback': 44, 'en_ifvg': False, 'en_breaker': True, 'breaker_swing_l': 7, 'en_cisd': True, 'k': 3, 'en_cap_bars': False, 'cap_1min': 1249}.
[I 2026-07-13 17:13:24,811] Trial 411 finished with values: [31.564279484382496, -273.52152314418845, 41.05] and parameters: {'sl_soft': 0.7756993843732112, 'sl_hard_delta': 0.24002809860404511, 'tp': 1.5082069520025265, 'gate_pct': 52.631811604471054, 'dd_limit': 225.9151492162283, 'cooldown': 21, 'flip': True, 'en_ema_trend': True, 'ema_trend_fast': 14, 'ema_trend_slow': 167, 'en_sma_trend': False, 'sma_trend_fast': 155, 'sma_trend_slow': 277, 'en_macd': True, 'macd_fast': 16, 'macd_slow': 156, 'macd_signal': 11, 'en_vwap': False, 'en_keltner': True, 'keltner_n': 162, 'keltner_m': 4.300000000000001, 'en_obv': False, 'obv_slope': 120, 'en_cci': False, 'cci_n': 42, 'cci_threshold': 25, 'en_rsi': True, 'rsi_n': 72, 'rsi_lower': 20, 'rsi_upper': 59, 'en_stochastic': True, 'stochastic_n': 32, 'stochastic_d': 17, 'stochastic_lower': 40, 'stochastic_upper': 90, 'en_mfi': True, 'mfi_n': 89, 'mfi_lower': 16, 'mfi_upper': 71, 'en_bollinger': False, 'bollinger_n': 68, 'bollinger_k': 1.4, 'en_adx': True, 'adx_n': 2, 'adx_threshold': 18, 'en_structure_trend': False, 'structure_trend_swing_l': 4, 'en_order_block': False, 'order_block_swing_l': 8, 'en_fvg': False, 'fvg_lookback': 35, 'en_ifvg': True, 'en_breaker': False, 'breaker_swing_l': 17, 'en_cisd': False, 'k': 5, 'en_cap_bars': False, 'cap_1min': 1381}.
[I 2026-07-13 17:13:30,021] Trial 412 finished with values: [-18.44809650793877, -266.43720308832144, 44.2] and parameters: {'sl_soft': 0.95083156235771, 'sl_hard_delta': 0.24002809860404511, 'tp': 1.5082069520025265, 'gate_pct': 84.86382733879176, 'dd_limit': 225.9151492162283, 'cooldown': 15, 'flip': True, 'en_ema_trend': True, 'ema_trend_fast': 40, 'ema_trend_slow': 26, 'en_sma_trend': False, 'sma_trend_fast': 155, 'sma_trend_slow': 263, 'en_macd': False, 'macd_fast': 20, 'macd_slow': 156, 'macd_signal': 11, 'en_vwap': False, 'en_keltner': True, 'keltner_n': 162, 'keltner_m': 2.9000000000000004, 'en_obv': True, 'obv_slope': 120, 'en_cci': True, 'cci_n': 111, 'cci_threshold': 25, 'en_rsi': True, 'rsi_n': 87, 'rsi_lower': 20, 'rsi_upper': 86, 'en_stochastic': True, 'stochastic_n': 32, 'stochastic_d': 1, 'stochastic_lower': 40, 'stochastic_upper': 90, 'en_mfi': True, 'mfi_n': 20, 'mfi_lower': 16, 'mfi_upper': 71, 'en_bollinger': False, 'bollinger_n': 100, 'bollinger_k': 0.5, 'en_adx': True, 'adx_n': 16, 'adx_threshold': 18, 'en_structure_trend': False, 'structure_trend_swing_l': 1, 'en_order_block': False, 'order_block_swing_l': 6, 'en_fvg': False, 'fvg_lookback': 28, 'en_ifvg': True, 'en_breaker': False, 'breaker_swing_l': 17, 'en_cisd': False, 'k': 1, 'en_cap_bars': False, 'cap_1min': 379}.
[I 2026-07-13 17:13:30,937] Trial 413 pruned. 
[I 2026-07-13 17:13:32,075] Trial 414 pruned. 
[I 2026-07-13 17:13:34,134] Trial 415 finished with values: [185.6787528231166, -509.53254583002945, 39.25] and parameters: {'sl_soft': 1.22587773067775, 'sl_hard_delta': 1.8647731859224803, 'tp': 3.8454001470748493, 'gate_pct': 54.65570887864888, 'dd_limit': 169.33568383751842, 'cooldown': 13, 'flip': False, 'en_ema_trend': True, 'ema_trend_fast': 33, 'ema_trend_slow': 305, 'en_sma_trend': False, 'sma_trend_fast': 62, 'sma_trend_slow': 14, 'en_macd': True, 'macd_fast': 38, 'macd_slow': 94, 'macd_signal': 86, 'en_vwap': False, 'en_keltner': True, 'keltner_n': 68, 'keltner_m': 2.1, 'en_obv': True, 'obv_slope': 38, 'en_cci': True, 'cci_n': 8, 'cci_threshold': 180, 'en_rsi': True, 'rsi_n': 54, 'rsi_lower': 37, 'rsi_upper': 85, 'en_stochastic': False, 'stochastic_n': 77, 'stochastic_d': 36, 'stochastic_lower': 33, 'stochastic_upper': 68, 'en_mfi': True, 'mfi_n': 57, 'mfi_lower': 20, 'mfi_upper': 88, 'en_bollinger': True, 'bollinger_n': 57, 'bollinger_k': 2.1, 'en_adx': False, 'adx_n': 77, 'adx_threshold': 32, 'en_structure_trend': True, 'structure_trend_swing_l': 9, 'en_order_block': False, 'order_block_swing_l': 1, 'en_fvg': True, 'fvg_lookback': 1, 'en_ifvg': False, 'en_breaker': True, 'breaker_swing_l': 7, 'en_cisd': True, 'k': 3, 'en_cap_bars': True, 'cap_1min': 418}.
[I 2026-07-13 17:13:34,777] Trial 416 pruned. 
[I 2026-07-13 17:13:35,345] Trial 417 pruned. 
[I 2026-07-13 17:13:36,222] Trial 418 pruned. 
[I 2026-07-13 17:13:36,556] Trial 419 finished with values: [-11.940889391985365, -119.08596609619053, 42.9] and parameters: {'sl_soft': 0.95083156235771, 'sl_hard_delta': 0.24002809860404511, 'tp': 1.5082069520025265, 'gate_pct': 84.86382733879176, 'dd_limit': 129.62211800890103, 'cooldown': 15, 'flip': True, 'en_ema_trend': False, 'ema_trend_fast': 40, 'ema_trend_slow': 26, 'en_sma_trend': False, 'sma_trend_fast': 155, 'sma_trend_slow': 263, 'en_macd': True, 'macd_fast': 96, 'macd_slow': 156, 'macd_signal': 86, 'en_vwap': True, 'en_keltner': True, 'keltner_n': 162, 'keltner_m': 2.9000000000000004, 'en_obv': True, 'obv_slope': 116, 'en_cci': True, 'cci_n': 111, 'cci_threshold': 25, 'en_rsi': True, 'rsi_n': 87, 'rsi_lower': 38, 'rsi_upper': 86, 'en_stochastic': True, 'stochastic_n': 32, 'stochastic_d': 27, 'stochastic_lower': 40, 'stochastic_upper': 89, 'en_mfi': True, 'mfi_n': 82, 'mfi_lower': 20, 'mfi_upper': 72, 'en_bollinger': False, 'bollinger_n': 155, 'bollinger_k': 3.4000000000000004, 'en_adx': True, 'adx_n': 16, 'adx_threshold': 27, 'en_structure_trend': True, 'structure_trend_swing_l': 1, 'en_order_block': True, 'order_block_swing_l': 16, 'en_fvg': False, 'fvg_lookback': 28, 'en_ifvg': True, 'en_breaker': False, 'breaker_swing_l': 3, 'en_cisd': False, 'k': 4, 'en_cap_bars': False, 'cap_1min': 379}.
[I 2026-07-13 17:13:37,328] Trial 420 pruned. 
[I 2026-07-13 17:13:46,392] Trial 421 finished with values: [97.09825330136823, -297.53737548396657, 35.4] and parameters: {'sl_soft': 0.6154913983821713, 'sl_hard_delta': 0.03218716157238656, 'tp': 1.2548102965475247, 'gate_pct': 73.0036735816267, 'dd_limit': 241.42955722086123, 'cooldown': 20, 'flip': False, 'en_ema_trend': False, 'ema_trend_fast': 317, 'ema_trend_slow': 38, 'en_sma_trend': False, 'sma_trend_fast': 232, 'sma_trend_slow': 248, 'en_macd': True, 'macd_fast': 80, 'macd_slow': 47, 'macd_signal': 27, 'en_vwap': True, 'en_keltner': False, 'keltner_n': 3, 'keltner_m': 1.8, 'en_obv': False, 'obv_slope': 163, 'en_cci': True, 'cci_n': 174, 'cci_threshold': 30, 'en_rsi': True, 'rsi_n': 15, 'rsi_lower': 3, 'rsi_upper': 82, 'en_stochastic': True, 'stochastic_n': 9, 'stochastic_d': 3, 'stochastic_lower': 2, 'stochastic_upper': 77, 'en_mfi': False, 'mfi_n': 97, 'mfi_lower': 7, 'mfi_upper': 86, 'en_bollinger': False, 'bollinger_n': 121, 'bollinger_k': 2.1, 'en_adx': False, 'adx_n': 76, 'adx_threshold': 6, 'en_structure_trend': True, 'structure_trend_swing_l': 11, 'en_order_block': False, 'order_block_swing_l': 9, 'en_fvg': True, 'fvg_lookback': 44, 'en_ifvg': False, 'en_breaker': False, 'breaker_swing_l': 17, 'en_cisd': True, 'k': 3, 'en_cap_bars': True, 'cap_1min': 1119}.
[I 2026-07-13 17:13:48,571] Trial 422 pruned. 
[I 2026-07-13 17:13:48,862] Trial 423 pruned. 
[I 2026-07-13 17:13:50,477] Trial 424 finished with values: [-188.6211966077326, -430.91285548136966, 19.6] and parameters: {'sl_soft': 0.7756993843732112, 'sl_hard_delta': 0.3269087741450897, 'tp': 2.5647184925159534, 'gate_pct': 75.29895741667805, 'dd_limit': 235.57837541012853, 'cooldown': 18, 'flip': False, 'en_ema_trend': False, 'ema_trend_fast': 112, 'ema_trend_slow': 361, 'en_sma_trend': False, 'sma_trend_fast': 62, 'sma_trend_slow': 14, 'en_macd': False, 'macd_fast': 57, 'macd_slow': 18, 'macd_signal': 54, 'en_vwap': False, 'en_keltner': True, 'keltner_n': 49, 'keltner_m': 4.5, 'en_obv': False, 'obv_slope': 38, 'en_cci': True, 'cci_n': 42, 'cci_threshold': 180, 'en_rsi': True, 'rsi_n': 95, 'rsi_lower': 7, 'rsi_upper': 58, 'en_stochastic': False, 'stochastic_n': 71, 'stochastic_d': 34, 'stochastic_lower': 40, 'stochastic_upper': 94, 'en_mfi': False, 'mfi_n': 41, 'mfi_lower': 16, 'mfi_upper': 95, 'en_bollinger': True, 'bollinger_n': 24, 'bollinger_k': 4.8, 'en_adx': True, 'adx_n': 2, 'adx_threshold': 26, 'en_structure_trend': True, 'structure_trend_swing_l': 9, 'en_order_block': False, 'order_block_swing_l': 1, 'en_fvg': False, 'fvg_lookback': 6, 'en_ifvg': True, 'en_breaker': True, 'breaker_swing_l': 18, 'en_cisd': True, 'k': 3, 'en_cap_bars': False, 'cap_1min': 1381}.
[I 2026-07-13 17:13:51,711] Trial 425 pruned. 
[I 2026-07-13 17:13:52,318] Trial 426 finished with values: [26.119627110278998, -290.0000000000091, 34.5] and parameters: {'sl_soft': 0.8612621469910683, 'sl_hard_delta': 2.911804370090404, 'tp': 2.9349692977728927, 'gate_pct': 26.3517884829504, 'dd_limit': 190.1331512882937, 'cooldown': 13, 'flip': True, 'en_ema_trend': False, 'ema_trend_fast': 121, 'ema_trend_slow': 364, 'en_sma_trend': False, 'sma_trend_fast': 357, 'sma_trend_slow': 304, 'en_macd': False, 'macd_fast': 55, 'macd_slow': 108, 'macd_signal': 61, 'en_vwap': False, 'en_keltner': True, 'keltner_n': 68, 'keltner_m': 3.1, 'en_obv': False, 'obv_slope': 143, 'en_cci': True, 'cci_n': 42, 'cci_threshold': 145, 'en_rsi': False, 'rsi_n': 95, 'rsi_lower': 13, 'rsi_upper': 57, 'en_stochastic': False, 'stochastic_n': 63, 'stochastic_d': 36, 'stochastic_lower': 33, 'stochastic_upper': 62, 'en_mfi': False, 'mfi_n': 80, 'mfi_lower': 25, 'mfi_upper': 70, 'en_bollinger': True, 'bollinger_n': 136, 'bollinger_k': 3.9000000000000004, 'en_adx': False, 'adx_n': 62, 'adx_threshold': 51, 'en_structure_trend': False, 'structure_trend_swing_l': 14, 'en_order_block': False, 'order_block_swing_l': 18, 'en_fvg': True, 'fvg_lookback': 43, 'en_ifvg': True, 'en_breaker': True, 'breaker_swing_l': 3, 'en_cisd': True, 'k': 1, 'en_cap_bars': False, 'cap_1min': 332}.
[I 2026-07-13 17:13:58,525] Trial 427 finished with values: [-48.09792848933512, -343.2557082183507, 66.25] and parameters: {'sl_soft': 0.9336803825181932, 'sl_hard_delta': 0.7746276558254105, 'tp': 0.6174429178166505, 'gate_pct': 73.0036735816267, 'dd_limit': 390.2569167971573, 'cooldown': 15, 'flip': True, 'en_ema_trend': False, 'ema_trend_fast': 317, 'ema_trend_slow': 226, 'en_sma_trend': False, 'sma_trend_fast': 145, 'sma_trend_slow': 171, 'en_macd': False, 'macd_fast': 20, 'macd_slow': 185, 'macd_signal': 11, 'en_vwap': True, 'en_keltner': False, 'keltner_n': 13, 'keltner_m': 1.5, 'en_obv': False, 'obv_slope': 110, 'en_cci': True, 'cci_n': 125, 'cci_threshold': 30, 'en_rsi': True, 'rsi_n': 15, 'rsi_lower': 11, 'rsi_upper': 68, 'en_stochastic': True, 'stochastic_n': 89, 'stochastic_d': 32, 'stochastic_lower': 42, 'stochastic_upper': 77, 'en_mfi': True, 'mfi_n': 20, 'mfi_lower': 16, 'mfi_upper': 86, 'en_bollinger': True, 'bollinger_n': 100, 'bollinger_k': 3.8000000000000003, 'en_adx': False, 'adx_n': 23, 'adx_threshold': 18, 'en_structure_trend': True, 'structure_trend_swing_l': 11, 'en_order_block': True, 'order_block_swing_l': 6, 'en_fvg': False, 'fvg_lookback': 8, 'en_ifvg': True, 'en_breaker': False, 'breaker_swing_l': 18, 'en_cisd': False, 'k': 1, 'en_cap_bars': True, 'cap_1min': 272}.
[I 2026-07-13 17:14:07,218] Trial 428 finished with values: [99.0707719258694, -351.3769408293456, 84.4] and parameters: {'sl_soft': 1.981810592659986, 'sl_hard_delta': 2.145728223926894, 'tp': 0.6174429178166505, 'gate_pct': 95.28097951734324, 'dd_limit': 212.284904074767, 'cooldown': 15, 'flip': False, 'en_ema_trend': True, 'ema_trend_fast': 29, 'ema_trend_slow': 30, 'en_sma_trend': True, 'sma_trend_fast': 145, 'sma_trend_slow': 111, 'en_macd': False, 'macd_fast': 20, 'macd_slow': 185, 'macd_signal': 54, 'en_vwap': True, 'en_keltner': True, 'keltner_n': 13, 'keltner_m': 1.5, 'en_obv': True, 'obv_slope': 18, 'en_cci': True, 'cci_n': 184, 'cci_threshold': 220, 'en_rsi': True, 'rsi_n': 69, 'rsi_lower': 47, 'rsi_upper': 68, 'en_stochastic': True, 'stochastic_n': 2, 'stochastic_d': 37, 'stochastic_lower': 8, 'stochastic_upper': 90, 'en_mfi': False, 'mfi_n': 88, 'mfi_lower': 38, 'mfi_upper': 99, 'en_bollinger': True, 'bollinger_n': 100, 'bollinger_k': 1.8, 'en_adx': False, 'adx_n': 19, 'adx_threshold': 17, 'en_structure_trend': True, 'structure_trend_swing_l': 11, 'en_order_block': False, 'order_block_swing_l': 6, 'en_fvg': False, 'fvg_lookback': 28, 'en_ifvg': True, 'en_breaker': True, 'breaker_swing_l': 7, 'en_cisd': True, 'k': 1, 'en_cap_bars': True, 'cap_1min': 392}.
[I 2026-07-13 17:14:08,117] Trial 429 finished with values: [-9.440889391987639, -137.76158459224916, 46.45] and parameters: {'sl_soft': 0.95083156235771, 'sl_hard_delta': 0.24002809860404511, 'tp': 1.5082069520025265, 'gate_pct': 84.86382733879176, 'dd_limit': 129.62211800890103, 'cooldown': 15, 'flip': True, 'en_ema_trend': False, 'ema_trend_fast': 40, 'ema_trend_slow': 304, 'en_sma_trend': False, 'sma_trend_fast': 155, 'sma_trend_slow': 263, 'en_macd': True, 'macd_fast': 96, 'macd_slow': 156, 'macd_signal': 86, 'en_vwap': False, 'en_keltner': True, 'keltner_n': 162, 'keltner_m': 2.9000000000000004, 'en_obv': True, 'obv_slope': 116, 'en_cci': True, 'cci_n': 111, 'cci_threshold': 25, 'en_rsi': True, 'rsi_n': 87, 'rsi_lower': 38, 'rsi_upper': 86, 'en_stochastic': True, 'stochastic_n': 32, 'stochastic_d': 27, 'stochastic_lower': 40, 'stochastic_upper': 89, 'en_mfi': True, 'mfi_n': 82, 'mfi_lower': 20, 'mfi_upper': 95, 'en_bollinger': False, 'bollinger_n': 86, 'bollinger_k': 3.4000000000000004, 'en_adx': True, 'adx_n': 16, 'adx_threshold': 27, 'en_structure_trend': True, 'structure_trend_swing_l': 1, 'en_order_block': True, 'order_block_swing_l': 16, 'en_fvg': False, 'fvg_lookback': 28, 'en_ifvg': True, 'en_breaker': False, 'breaker_swing_l': 3, 'en_cisd': False, 'k': 4, 'en_cap_bars': False, 'cap_1min': 379}.
[I 2026-07-13 17:14:09,124] Trial 430 pruned. 
[I 2026-07-13 17:14:09,497] Trial 431 finished with values: [-121.00858323979082, -252.01716647964076, 33.3] and parameters: {'sl_soft': 1.0860152683938593, 'sl_hard_delta': 0.8244393445390031, 'tp': 1.159656670407572, 'gate_pct': 33.41518335180748, 'dd_limit': 237.04271548261175, 'cooldown': 1, 'flip': True, 'en_ema_trend': False, 'ema_trend_fast': 23, 'ema_trend_slow': 125, 'en_sma_trend': False, 'sma_trend_fast': 7, 'sma_trend_slow': 250, 'en_macd': False, 'macd_fast': 52, 'macd_slow': 18, 'macd_signal': 41, 'en_vwap': False, 'en_keltner': False, 'keltner_n': 94, 'keltner_m': 4.300000000000001, 'en_obv': False, 'obv_slope': 167, 'en_cci': False, 'cci_n': 33, 'cci_threshold': 145, 'en_rsi': False, 'rsi_n': 95, 'rsi_lower': 13, 'rsi_upper': 75, 'en_stochastic': False, 'stochastic_n': 88, 'stochastic_d': 32, 'stochastic_lower': 38, 'stochastic_upper': 90, 'en_mfi': True, 'mfi_n': 80, 'mfi_lower': 24, 'mfi_upper': 70, 'en_bollinger': False, 'bollinger_n': 57, 'bollinger_k': 3.9000000000000004, 'en_adx': False, 'adx_n': 54, 'adx_threshold': 6, 'en_structure_trend': True, 'structure_trend_swing_l': 11, 'en_order_block': True, 'order_block_swing_l': 18, 'en_fvg': True, 'fvg_lookback': 31, 'en_ifvg': True, 'en_breaker': True, 'breaker_swing_l': 10, 'en_cisd': False, 'k': 1, 'en_cap_bars': True, 'cap_1min': 3}.
[I 2026-07-13 17:14:09,977] Trial 432 finished with values: [8.397376968906656, -395.3912237777331, 20.85] and parameters: {'sl_soft': 0.7756993843732112, 'sl_hard_delta': 0.3269087741450897, 'tp': 3.664190086725569, 'gate_pct': 62.02693045764362, 'dd_limit': 169.33568383751842, 'cooldown': 27, 'flip': True, 'en_ema_trend': True, 'ema_trend_fast': 314, 'ema_trend_slow': 361, 'en_sma_trend': False, 'sma_trend_fast': 178, 'sma_trend_slow': 248, 'en_macd': False, 'macd_fast': 57, 'macd_slow': 64, 'macd_signal': 54, 'en_vwap': True, 'en_keltner': True, 'keltner_n': 49, 'keltner_m': 2.1, 'en_obv': False, 'obv_slope': 167, 'en_cci': False, 'cci_n': 42, 'cci_threshold': 195, 'en_rsi': False, 'rsi_n': 25, 'rsi_lower': 37, 'rsi_upper': 61, 'en_stochastic': False, 'stochastic_n': 71, 'stochastic_d': 34, 'stochastic_lower': 33, 'stochastic_upper': 62, 'en_mfi': True, 'mfi_n': 80, 'mfi_lower': 2, 'mfi_upper': 70, 'en_bollinger': True, 'bollinger_n': 57, 'bollinger_k': 4.8, 'en_adx': False, 'adx_n': 2, 'adx_threshold': 26, 'en_structure_trend': True, 'structure_trend_swing_l': 11, 'en_order_block': False, 'order_block_swing_l': 6, 'en_fvg': True, 'fvg_lookback': 1, 'en_ifvg': False, 'en_breaker': False, 'breaker_swing_l': 18, 'en_cisd': False, 'k': 3, 'en_cap_bars': False, 'cap_1min': 332}.
[I 2026-07-13 17:14:10,979] Trial 433 pruned. 
[I 2026-07-13 17:14:11,596] Trial 434 finished with values: [-25.295133024894767, -304.0700944348373, 48.4] and parameters: {'sl_soft': 0.7756993843732112, 'sl_hard_delta': 0.8244393445390031, 'tp': 1.0190142980390196, 'gate_pct': 62.02693045764362, 'dd_limit': 190.1331512882937, 'cooldown': 18, 'flip': True, 'en_ema_trend': True, 'ema_trend_fast': 23, 'ema_trend_slow': 125, 'en_sma_trend': True, 'sma_trend_fast': 178, 'sma_trend_slow': 304, 'en_macd': False, 'macd_fast': 57, 'macd_slow': 64, 'macd_signal': 61, 'en_vwap': True, 'en_keltner': True, 'keltner_n': 49, 'keltner_m': 4.5, 'en_obv': False, 'obv_slope': 127, 'en_cci': True, 'cci_n': 42, 'cci_threshold': 145, 'en_rsi': False, 'rsi_n': 25, 'rsi_lower': 19, 'rsi_upper': 95, 'en_stochastic': False, 'stochastic_n': 63, 'stochastic_d': 36, 'stochastic_lower': 33, 'stochastic_upper': 62, 'en_mfi': False, 'mfi_n': 80, 'mfi_lower': 8, 'mfi_upper': 70, 'en_bollinger': True, 'bollinger_n': 47, 'bollinger_k': 4.8, 'en_adx': False, 'adx_n': 62, 'adx_threshold': 32, 'en_structure_trend': True, 'structure_trend_swing_l': 14, 'en_order_block': False, 'order_block_swing_l': 6, 'en_fvg': True, 'fvg_lookback': 47, 'en_ifvg': True, 'en_breaker': False, 'breaker_swing_l': 10, 'en_cisd': True, 'k': 3, 'en_cap_bars': False, 'cap_1min': 1381}.
[I 2026-07-13 17:14:13,123] Trial 435 pruned. 
[I 2026-07-13 17:14:14,309] Trial 436 finished with values: [-273.3936196437526, -1151.0772276002626, 65.45] and parameters: {'sl_soft': 2.0212200416683395, 'sl_hard_delta': 2.911804370090404, 'tp': 1.2921449941565541, 'gate_pct': 75.29895741667805, 'dd_limit': 394.88972205872113, 'cooldown': 13, 'flip': False, 'en_ema_trend': False, 'ema_trend_fast': 9, 'ema_trend_slow': 305, 'en_sma_trend': False, 'sma_trend_fast': 45, 'sma_trend_slow': 81, 'en_macd': False, 'macd_fast': 52, 'macd_slow': 18, 'macd_signal': 45, 'en_vwap': True, 'en_keltner': False, 'keltner_n': 68, 'keltner_m': 1.5, 'en_obv': True, 'obv_slope': 7, 'en_cci': False, 'cci_n': 174, 'cci_threshold': 135, 'en_rsi': True, 'rsi_n': 46, 'rsi_lower': 7, 'rsi_upper': 94, 'en_stochastic': False, 'stochastic_n': 8, 'stochastic_d': 40, 'stochastic_lower': 34, 'stochastic_upper': 92, 'en_mfi': True, 'mfi_n': 15, 'mfi_lower': 16, 'mfi_upper': 79, 'en_bollinger': False, 'bollinger_n': 125, 'bollinger_k': 2.9000000000000004, 'en_adx': False, 'adx_n': 31, 'adx_threshold': 26, 'en_structure_trend': False, 'structure_trend_swing_l': 18, 'en_order_block': False, 'order_block_swing_l': 10, 'en_fvg': False, 'fvg_lookback': 38, 'en_ifvg': False, 'en_breaker': True, 'breaker_swing_l': 7, 'en_cisd': True, 'k': 1, 'en_cap_bars': True, 'cap_1min': 995}.
