[I 2026-07-13 17:16:30,992] Trial 384 finished with values: [186.89139281545977, -938.8036611458347, 49.35] and parameters: {'sl_soft': 0.8675024066470705, 'sl_hard_delta': 1.037238487338135, 'tp': 1.7626794351530028, 'gate_pct': 96.7516051221724, 'dd_limit': 388.6442032455649, 'cooldown': 6, 'flip': True, 'en_ema_trend': False, 'ema_trend_fast': 282, 'ema_trend_slow': 334, 'en_sma_trend': False, 'sma_trend_fast': 285, 'sma_trend_slow': 304, 'en_macd': True, 'macd_fast': 80, 'macd_slow': 18, 'macd_signal': 9, 'en_vwap': True, 'en_keltner': True, 'keltner_n': 77, 'keltner_m': 0.5, 'en_obv': True, 'obv_slope': 44, 'en_cci': True, 'cci_n': 43, 'cci_threshold': 45, 'en_rsi': False, 'rsi_n': 15, 'rsi_lower': 7, 'rsi_upper': 55, 'en_stochastic': True, 'stochastic_n': 8, 'stochastic_d': 3, 'stochastic_lower': 2, 'stochastic_upper': 77, 'en_mfi': False, 'mfi_n': 45, 'mfi_lower': 37, 'mfi_upper': 76, 'en_bollinger': True, 'bollinger_n': 125, 'bollinger_k': 2.7, 'en_adx': False, 'adx_n': 2, 'adx_threshold': 9, 'en_structure_trend': False, 'structure_trend_swing_l': 17, 'en_order_block': False, 'order_block_swing_l': 12, 'en_fvg': False, 'fvg_lookback': 14, 'en_ifvg': True, 'en_breaker': False, 'breaker_swing_l': 3, 'en_cisd': True, 'k': 1, 'en_cap_bars': True, 'cap_1min': 995}.
[I 2026-07-13 17:16:32,136] Trial 385 pruned. 
[I 2026-07-13 17:16:32,521] Trial 386 finished with values: [-145.49021117428538, -270.00000000000455, 23.65] and parameters: {'sl_soft': 0.7094262335134363, 'sl_hard_delta': 2.023878961662409, 'tp': 2.390195776514097, 'gate_pct': 42.37120833684469, 'dd_limit': 122.33756046500012, 'cooldown': 17, 'flip': True, 'en_ema_trend': False, 'ema_trend_fast': 29, 'ema_trend_slow': 8, 'en_sma_trend': False, 'sma_trend_fast': 271, 'sma_trend_slow': 396, 'en_macd': False, 'macd_fast': 56, 'macd_slow': 154, 'macd_signal': 67, 'en_vwap': False, 'en_keltner': True, 'keltner_n': 3, 'keltner_m': 3.9000000000000004, 'en_obv': True, 'obv_slope': 162, 'en_cci': True, 'cci_n': 156, 'cci_threshold': 280, 'en_rsi': False, 'rsi_n': 74, 'rsi_lower': 18, 'rsi_upper': 95, 'en_stochastic': False, 'stochastic_n': 25, 'stochastic_d': 9, 'stochastic_lower': 40, 'stochastic_upper': 63, 'en_mfi': False, 'mfi_n': 65, 'mfi_lower': 20, 'mfi_upper': 74, 'en_bollinger': False, 'bollinger_n': 111, 'bollinger_k': 4.7, 'en_adx': True, 'adx_n': 19, 'adx_threshold': 12, 'en_structure_trend': True, 'structure_trend_swing_l': 1, 'en_order_block': False, 'order_block_swing_l': 1, 'en_fvg': True, 'fvg_lookback': 25, 'en_ifvg': False, 'en_breaker': True, 'breaker_swing_l': 18, 'en_cisd': True, 'k': 2, 'en_cap_bars': True, 'cap_1min': 652}.
[I 2026-07-13 17:16:34,323] Trial 387 pruned. 
[I 2026-07-13 17:16:36,816] Trial 388 finished with values: [3.6562403029051893, -696.6410021939623, 52.849999999999994] and parameters: {'sl_soft': 1.4657917354156722, 'sl_hard_delta': 0.42994751087190747, 'tp': 1.674857472998817, 'gate_pct': 74.89283752458364, 'dd_limit': 439.4689893251477, 'cooldown': 20, 'flip': True, 'en_ema_trend': False, 'ema_trend_fast': 314, 'ema_trend_slow': 24, 'en_sma_trend': False, 'sma_trend_fast': 337, 'sma_trend_slow': 300, 'en_macd': True, 'macd_fast': 38, 'macd_slow': 107, 'macd_signal': 22, 'en_vwap': True, 'en_keltner': True, 'keltner_n': 178, 'keltner_m': 2.1, 'en_obv': True, 'obv_slope': 50, 'en_cci': False, 'cci_n': 32, 'cci_threshold': 30, 'en_rsi': True, 'rsi_n': 54, 'rsi_lower': 11, 'rsi_upper': 58, 'en_stochastic': False, 'stochastic_n': 55, 'stochastic_d': 37, 'stochastic_lower': 9, 'stochastic_upper': 93, 'en_mfi': True, 'mfi_n': 57, 'mfi_lower': 20, 'mfi_upper': 88, 'en_bollinger': True, 'bollinger_n': 56, 'bollinger_k': 2.8000000000000003, 'en_adx': False, 'adx_n': 48, 'adx_threshold': 33, 'en_structure_trend': True, 'structure_trend_swing_l': 8, 'en_order_block': False, 'order_block_swing_l': 13, 'en_fvg': False, 'fvg_lookback': 19, 'en_ifvg': False, 'en_breaker': False, 'breaker_swing_l': 5, 'en_cisd': True, 'k': 1, 'en_cap_bars': False, 'cap_1min': 1416}.
[I 2026-07-13 17:16:42,716] Trial 389 finished with values: [127.40030713806618, -301.62352986262704, 64.7] and parameters: {'sl_soft': 0.9976436795384156, 'sl_hard_delta': 0.37325946217175326, 'tp': 0.8220451112985745, 'gate_pct': 84.68288014900352, 'dd_limit': 208.93735973419433, 'cooldown': 12, 'flip': True, 'en_ema_trend': False, 'ema_trend_fast': 29, 'ema_trend_slow': 196, 'en_sma_trend': True, 'sma_trend_fast': 188, 'sma_trend_slow': 55, 'en_macd': True, 'macd_fast': 6, 'macd_slow': 125, 'macd_signal': 36, 'en_vwap': False, 'en_keltner': True, 'keltner_n': 154, 'keltner_m': 4.300000000000001, 'en_obv': True, 'obv_slope': 170, 'en_cci': False, 'cci_n': 91, 'cci_threshold': 280, 'en_rsi': False, 'rsi_n': 74, 'rsi_lower': 42, 'rsi_upper': 63, 'en_stochastic': True, 'stochastic_n': 55, 'stochastic_d': 31, 'stochastic_lower': 11, 'stochastic_upper': 70, 'en_mfi': True, 'mfi_n': 21, 'mfi_lower': 47, 'mfi_upper': 54, 'en_bollinger': True, 'bollinger_n': 104, 'bollinger_k': 4.7, 'en_adx': False, 'adx_n': 31, 'adx_threshold': 5, 'en_structure_trend': True, 'structure_trend_swing_l': 17, 'en_order_block': False, 'order_block_swing_l': 1, 'en_fvg': True, 'fvg_lookback': 45, 'en_ifvg': False, 'en_breaker': False, 'breaker_swing_l': 19, 'en_cisd': False, 'k': 3, 'en_cap_bars': False, 'cap_1min': 469}.
[I 2026-07-13 17:16:44,506] Trial 390 finished with values: [1025.725501598481, -600.9765629484946, 68.5] and parameters: {'sl_soft': 1.4326423495393754, 'sl_hard_delta': 2.000352014019867, 'tp': 1.2908052877716663, 'gate_pct': 74.50813821223942, 'dd_limit': 434.8338936907749, 'cooldown': 17, 'flip': True, 'en_ema_trend': True, 'ema_trend_fast': 29, 'ema_trend_slow': 8, 'en_sma_trend': False, 'sma_trend_fast': 142, 'sma_trend_slow': 322, 'en_macd': False, 'macd_fast': 56, 'macd_slow': 79, 'macd_signal': 67, 'en_vwap': True, 'en_keltner': True, 'keltner_n': 178, 'keltner_m': 3.9000000000000004, 'en_obv': False, 'obv_slope': 162, 'en_cci': True, 'cci_n': 156, 'cci_threshold': 40, 'en_rsi': True, 'rsi_n': 74, 'rsi_lower': 18, 'rsi_upper': 95, 'en_stochastic': False, 'stochastic_n': 25, 'stochastic_d': 9, 'stochastic_lower': 40, 'stochastic_upper': 63, 'en_mfi': False, 'mfi_n': 26, 'mfi_lower': 40, 'mfi_upper': 74, 'en_bollinger': False, 'bollinger_n': 96, 'bollinger_k': 4.7, 'en_adx': False, 'adx_n': 19, 'adx_threshold': 44, 'en_structure_trend': True, 'structure_trend_swing_l': 19, 'en_order_block': False, 'order_block_swing_l': 1, 'en_fvg': True, 'fvg_lookback': 24, 'en_ifvg': False, 'en_breaker': True, 'breaker_swing_l': 19, 'en_cisd': True, 'k': 1, 'en_cap_bars': True, 'cap_1min': 1002}.
[I 2026-07-13 17:16:45,116] Trial 391 pruned. 
[I 2026-07-13 17:16:47,105] Trial 392 finished with values: [233.41147953968857, -1169.680911120929, 58.45] and parameters: {'sl_soft': 1.4326423495393754, 'sl_hard_delta': 1.037238487338135, 'tp': 1.7626794351530028, 'gate_pct': 96.7516051221724, 'dd_limit': 388.6442032455649, 'cooldown': 6, 'flip': True, 'en_ema_trend': True, 'ema_trend_fast': 13, 'ema_trend_slow': 334, 'en_sma_trend': False, 'sma_trend_fast': 164, 'sma_trend_slow': 300, 'en_macd': False, 'macd_fast': 25, 'macd_slow': 18, 'macd_signal': 22, 'en_vwap': False, 'en_keltner': True, 'keltner_n': 178, 'keltner_m': 0.9, 'en_obv': True, 'obv_slope': 170, 'en_cci': True, 'cci_n': 39, 'cci_threshold': 45, 'en_rsi': False, 'rsi_n': 95, 'rsi_lower': 7, 'rsi_upper': 67, 'en_stochastic': False, 'stochastic_n': 80, 'stochastic_d': 14, 'stochastic_lower': 44, 'stochastic_upper': 53, 'en_mfi': True, 'mfi_n': 45, 'mfi_lower': 13, 'mfi_upper': 61, 'en_bollinger': False, 'bollinger_n': 104, 'bollinger_k': 2.7, 'en_adx': False, 'adx_n': 31, 'adx_threshold': 20, 'en_structure_trend': False, 'structure_trend_swing_l': 17, 'en_order_block': False, 'order_block_swing_l': 9, 'en_fvg': False, 'fvg_lookback': 19, 'en_ifvg': True, 'en_breaker': True, 'breaker_swing_l': 5, 'en_cisd': True, 'k': 4, 'en_cap_bars': True, 'cap_1min': 1416}.
[I 2026-07-13 17:16:47,657] Trial 393 finished with values: [124.27005241897291, -186.66577400872484, 49.25] and parameters: {'sl_soft': 0.7051738093466424, 'sl_hard_delta': 0.22815506069682887, 'tp': 1.6930466296932924, 'gate_pct': 26.3517884829504, 'dd_limit': 190.1331512882937, 'cooldown': 8, 'flip': True, 'en_ema_trend': False, 'ema_trend_fast': 269, 'ema_trend_slow': 376, 'en_sma_trend': True, 'sma_trend_fast': 357, 'sma_trend_slow': 376, 'en_macd': False, 'macd_fast': 49, 'macd_slow': 190, 'macd_signal': 61, 'en_vwap': True, 'en_keltner': True, 'keltner_n': 49, 'keltner_m': 4.5, 'en_obv': False, 'obv_slope': 168, 'en_cci': False, 'cci_n': 2, 'cci_threshold': 145, 'en_rsi': False, 'rsi_n': 39, 'rsi_lower': 13, 'rsi_upper': 57, 'en_stochastic': False, 'stochastic_n': 63, 'stochastic_d': 36, 'stochastic_lower': 33, 'stochastic_upper': 62, 'en_mfi': False, 'mfi_n': 80, 'mfi_lower': 8, 'mfi_upper': 70, 'en_bollinger': True, 'bollinger_n': 136, 'bollinger_k': 3.9000000000000004, 'en_adx': False, 'adx_n': 62, 'adx_threshold': 21, 'en_structure_trend': True, 'structure_trend_swing_l': 14, 'en_order_block': False, 'order_block_swing_l': 18, 'en_fvg': True, 'fvg_lookback': 34, 'en_ifvg': True, 'en_breaker': True, 'breaker_swing_l': 5, 'en_cisd': True, 'k': 4, 'en_cap_bars': False, 'cap_1min': 332}.
[I 2026-07-13 17:16:48,112] Trial 394 pruned. 
[I 2026-07-13 17:16:48,835] Trial 395 pruned. 
[I 2026-07-13 17:16:49,257] Trial 396 finished with values: [-145.49021117428538, -270.00000000000455, 23.65] and parameters: {'sl_soft': 0.7094262335134363, 'sl_hard_delta': 2.023878961662409, 'tp': 2.390195776514097, 'gate_pct': 42.37120833684469, 'dd_limit': 122.33756046500012, 'cooldown': 17, 'flip': True, 'en_ema_trend': False, 'ema_trend_fast': 29, 'ema_trend_slow': 132, 'en_sma_trend': False, 'sma_trend_fast': 271, 'sma_trend_slow': 396, 'en_macd': False, 'macd_fast': 56, 'macd_slow': 154, 'macd_signal': 67, 'en_vwap': True, 'en_keltner': True, 'keltner_n': 3, 'keltner_m': 3.9000000000000004, 'en_obv': True, 'obv_slope': 162, 'en_cci': True, 'cci_n': 156, 'cci_threshold': 280, 'en_rsi': False, 'rsi_n': 74, 'rsi_lower': 18, 'rsi_upper': 95, 'en_stochastic': False, 'stochastic_n': 25, 'stochastic_d': 9, 'stochastic_lower': 40, 'stochastic_upper': 63, 'en_mfi': False, 'mfi_n': 65, 'mfi_lower': 20, 'mfi_upper': 83, 'en_bollinger': False, 'bollinger_n': 96, 'bollinger_k': 4.7, 'en_adx': True, 'adx_n': 19, 'adx_threshold': 12, 'en_structure_trend': True, 'structure_trend_swing_l': 1, 'en_order_block': False, 'order_block_swing_l': 1, 'en_fvg': True, 'fvg_lookback': 25, 'en_ifvg': False, 'en_breaker': True, 'breaker_swing_l': 18, 'en_cisd': True, 'k': 2, 'en_cap_bars': True, 'cap_1min': 652}.
[I 2026-07-13 17:16:50,678] Trial 397 finished with values: [-10.426107141404373, -286.4596712229286, 35.9] and parameters: {'sl_soft': 1.124380577176661, 'sl_hard_delta': 0.02145810771492437, 'tp': 1.9062213357503182, 'gate_pct': 62.02693045764362, 'dd_limit': 60.80016338531003, 'cooldown': 8, 'flip': True, 'en_ema_trend': False, 'ema_trend_fast': 317, 'ema_trend_slow': 38, 'en_sma_trend': False, 'sma_trend_fast': 232, 'sma_trend_slow': 376, 'en_macd': False, 'macd_fast': 57, 'macd_slow': 68, 'macd_signal': 54, 'en_vwap': False, 'en_keltner': False, 'keltner_n': 49, 'keltner_m': 4.5, 'en_obv': True, 'obv_slope': 44, 'en_cci': False, 'cci_n': 125, 'cci_threshold': 50, 'en_rsi': True, 'rsi_n': 9, 'rsi_lower': 29, 'rsi_upper': 82, 'en_stochastic': False, 'stochastic_n': 89, 'stochastic_d': 3, 'stochastic_lower': 2, 'stochastic_upper': 94, 'en_mfi': False, 'mfi_n': 97, 'mfi_lower': 2, 'mfi_upper': 88, 'en_bollinger': True, 'bollinger_n': 178, 'bollinger_k': 4.8, 'en_adx': False, 'adx_n': 68, 'adx_threshold': 26, 'en_structure_trend': True, 'structure_trend_swing_l': 10, 'en_order_block': True, 'order_block_swing_l': 14, 'en_fvg': False, 'fvg_lookback': 34, 'en_ifvg': True, 'en_breaker': False, 'breaker_swing_l': 18, 'en_cisd': True, 'k': 3, 'en_cap_bars': False, 'cap_1min': 1381}.
[I 2026-07-13 17:16:54,532] Trial 398 finished with values: [-346.43967464845673, -728.4222331051751, 55.5] and parameters: {'sl_soft': 1.3199246294172853, 'sl_hard_delta': 0.4218978700826674, 'tp': 0.8220451112985745, 'gate_pct': 81.43219065749138, 'dd_limit': 208.93735973419433, 'cooldown': 12, 'flip': True, 'en_ema_trend': True, 'ema_trend_fast': 393, 'ema_trend_slow': 381, 'en_sma_trend': True, 'sma_trend_fast': 188, 'sma_trend_slow': 55, 'en_macd': True, 'macd_fast': 57, 'macd_slow': 125, 'macd_signal': 36, 'en_vwap': True, 'en_keltner': True, 'keltner_n': 150, 'keltner_m': 4.300000000000001, 'en_obv': True, 'obv_slope': 168, 'en_cci': False, 'cci_n': 91, 'cci_threshold': 95, 'en_rsi': False, 'rsi_n': 95, 'rsi_lower': 15, 'rsi_upper': 63, 'en_stochastic': True, 'stochastic_n': 55, 'stochastic_d': 50, 'stochastic_lower': 11, 'stochastic_upper': 53, 'en_mfi': False, 'mfi_n': 11, 'mfi_lower': 23, 'mfi_upper': 57, 'en_bollinger': True, 'bollinger_n': 62, 'bollinger_k': 4.8, 'en_adx': False, 'adx_n': 90, 'adx_threshold': 11, 'en_structure_trend': True, 'structure_trend_swing_l': 19, 'en_order_block': False, 'order_block_swing_l': 12, 'en_fvg': True, 'fvg_lookback': 45, 'en_ifvg': False, 'en_breaker': False, 'breaker_swing_l': 1, 'en_cisd': True, 'k': 2, 'en_cap_bars': False, 'cap_1min': 469}.
[I 2026-07-13 17:16:55,030] Trial 399 finished with values: [3.937127710639743, -442.7257854275467, 46.0] and parameters: {'sl_soft': 0.9976436795384156, 'sl_hard_delta': 0.37325946217175326, 'tp': 1.6930466296932924, 'gate_pct': 62.02693045764362, 'dd_limit': 60.80016338531003, 'cooldown': 8, 'flip': True, 'en_ema_trend': False, 'ema_trend_fast': 269, 'ema_trend_slow': 361, 'en_sma_trend': False, 'sma_trend_fast': 232, 'sma_trend_slow': 376, 'en_macd': False, 'macd_fast': 57, 'macd_slow': 68, 'macd_signal': 54, 'en_vwap': False, 'en_keltner': True, 'keltner_n': 49, 'keltner_m': 4.5, 'en_obv': True, 'obv_slope': 168, 'en_cci': False, 'cci_n': 2, 'cci_threshold': 250, 'en_rsi': False, 'rsi_n': 9, 'rsi_lower': 29, 'rsi_upper': 64, 'en_stochastic': False, 'stochastic_n': 67, 'stochastic_d': 34, 'stochastic_lower': 44, 'stochastic_upper': 94, 'en_mfi': False, 'mfi_n': 41, 'mfi_lower': 2, 'mfi_upper': 88, 'en_bollinger': True, 'bollinger_n': 62, 'bollinger_k': 4.8, 'en_adx': False, 'adx_n': 32, 'adx_threshold': 26, 'en_structure_trend': True, 'structure_trend_swing_l': 19, 'en_order_block': True, 'order_block_swing_l': 12, 'en_fvg': True, 'fvg_lookback': 34, 'en_ifvg': True, 'en_breaker': False, 'breaker_swing_l': 18, 'en_cisd': True, 'k': 3, 'en_cap_bars': False, 'cap_1min': 689}.
[I 2026-07-13 17:16:57,155] Trial 400 finished with values: [-114.93531460532722, -694.8997846779093, 56.650000000000006] and parameters: {'sl_soft': 0.9976436795384156, 'sl_hard_delta': 2.000352014019867, 'tp': 1.2908052877716663, 'gate_pct': 88.66815748679167, 'dd_limit': 434.8338936907749, 'cooldown': 23, 'flip': True, 'en_ema_trend': False, 'ema_trend_fast': 55, 'ema_trend_slow': 291, 'en_sma_trend': False, 'sma_trend_fast': 142, 'sma_trend_slow': 384, 'en_macd': True, 'macd_fast': 57, 'macd_slow': 68, 'macd_signal': 86, 'en_vwap': True, 'en_keltner': True, 'keltner_n': 49, 'keltner_m': 4.5, 'en_obv': False, 'obv_slope': 52, 'en_cci': True, 'cci_n': 132, 'cci_threshold': 40, 'en_rsi': True, 'rsi_n': 9, 'rsi_lower': 29, 'rsi_upper': 91, 'en_stochastic': False, 'stochastic_n': 67, 'stochastic_d': 7, 'stochastic_lower': 36, 'stochastic_upper': 94, 'en_mfi': False, 'mfi_n': 41, 'mfi_lower': 40, 'mfi_upper': 88, 'en_bollinger': True, 'bollinger_n': 52, 'bollinger_k': 2.6, 'en_adx': False, 'adx_n': 32, 'adx_threshold': 44, 'en_structure_trend': True, 'structure_trend_swing_l': 19, 'en_order_block': False, 'order_block_swing_l': 12, 'en_fvg': True, 'fvg_lookback': 34, 'en_ifvg': True, 'en_breaker': False, 'breaker_swing_l': 14, 'en_cisd': True, 'k': 1, 'en_cap_bars': False, 'cap_1min': 689}.
[I 2026-07-13 17:16:58,352] Trial 401 pruned. 
[I 2026-07-13 17:17:05,801] Trial 402 finished with values: [118.77780629824883, -264.73108342047453, 46.45] and parameters: {'sl_soft': 1.2795510837006852, 'sl_hard_delta': 0.02145810771492437, 'tp': 1.9062213357503182, 'gate_pct': 26.991527672954163, 'dd_limit': 225.9151492162283, 'cooldown': 26, 'flip': True, 'en_ema_trend': False, 'ema_trend_fast': 317, 'ema_trend_slow': 90, 'en_sma_trend': False, 'sma_trend_fast': 285, 'sma_trend_slow': 304, 'en_macd': True, 'macd_fast': 100, 'macd_slow': 144, 'macd_signal': 50, 'en_vwap': True, 'en_keltner': True, 'keltner_n': 162, 'keltner_m': 0.5, 'en_obv': True, 'obv_slope': 44, 'en_cci': False, 'cci_n': 125, 'cci_threshold': 50, 'en_rsi': True, 'rsi_n': 15, 'rsi_lower': 23, 'rsi_upper': 59, 'en_stochastic': False, 'stochastic_n': 21, 'stochastic_d': 37, 'stochastic_lower': 2, 'stochastic_upper': 93, 'en_mfi': True, 'mfi_n': 97, 'mfi_lower': 37, 'mfi_upper': 76, 'en_bollinger': True, 'bollinger_n': 34, 'bollinger_k': 3.8000000000000003, 'en_adx': True, 'adx_n': 2, 'adx_threshold': 18, 'en_structure_trend': True, 'structure_trend_swing_l': 10, 'en_order_block': False, 'order_block_swing_l': 13, 'en_fvg': False, 'fvg_lookback': 50, 'en_ifvg': False, 'en_breaker': False, 'breaker_swing_l': 5, 'en_cisd': True, 'k': 1, 'en_cap_bars': False, 'cap_1min': 418}.
[I 2026-07-13 17:17:06,198] Trial 403 pruned. 
[I 2026-07-13 17:17:06,602] Trial 404 finished with values: [11.780044659644773, -279.38085403143305, 59.1] and parameters: {'sl_soft': 0.7051738093466424, 'sl_hard_delta': 2.000352014019867, 'tp': 0.8030957298429366, 'gate_pct': 58.77346993604095, 'dd_limit': 190.1331512882937, 'cooldown': 34, 'flip': True, 'en_ema_trend': True, 'ema_trend_fast': 13, 'ema_trend_slow': 291, 'en_sma_trend': True, 'sma_trend_fast': 357, 'sma_trend_slow': 329, 'en_macd': True, 'macd_fast': 33, 'macd_slow': 53, 'macd_signal': 86, 'en_vwap': True, 'en_keltner': False, 'keltner_n': 178, 'keltner_m': 4.1, 'en_obv': False, 'obv_slope': 167, 'en_cci': False, 'cci_n': 37, 'cci_threshold': 40, 'en_rsi': True, 'rsi_n': 97, 'rsi_lower': 13, 'rsi_upper': 57, 'en_stochastic': False, 'stochastic_n': 63, 'stochastic_d': 7, 'stochastic_lower': 36, 'stochastic_upper': 62, 'en_mfi': False, 'mfi_n': 26, 'mfi_lower': 8, 'mfi_upper': 61, 'en_bollinger': True, 'bollinger_n': 136, 'bollinger_k': 3.9000000000000004, 'en_adx': False, 'adx_n': 62, 'adx_threshold': 44, 'en_structure_trend': True, 'structure_trend_swing_l': 19, 'en_order_block': False, 'order_block_swing_l': 11, 'en_fvg': False, 'fvg_lookback': 47, 'en_ifvg': True, 'en_breaker': False, 'breaker_swing_l': 10, 'en_cisd': True, 'k': 1, 'en_cap_bars': False, 'cap_1min': 1002}.
[I 2026-07-13 17:17:08,991] Trial 405 finished with values: [-327.35853055204984, -600.814745658613, 40.1] and parameters: {'sl_soft': 1.2795510837006852, 'sl_hard_delta': 0.21793918276339308, 'tp': 1.9062213357503182, 'gate_pct': 74.50813821223942, 'dd_limit': 434.8338936907749, 'cooldown': 20, 'flip': True, 'en_ema_trend': False, 'ema_trend_fast': 55, 'ema_trend_slow': 90, 'en_sma_trend': True, 'sma_trend_fast': 159, 'sma_trend_slow': 384, 'en_macd': True, 'macd_fast': 56, 'macd_slow': 79, 'macd_signal': 86, 'en_vwap': True, 'en_keltner': False, 'keltner_n': 178, 'keltner_m': 1.2000000000000002, 'en_obv': False, 'obv_slope': 44, 'en_cci': False, 'cci_n': 132, 'cci_threshold': 50, 'en_rsi': True, 'rsi_n': 54, 'rsi_lower': 23, 'rsi_upper': 91, 'en_stochastic': False, 'stochastic_n': 8, 'stochastic_d': 37, 'stochastic_lower': 28, 'stochastic_upper': 93, 'en_mfi': True, 'mfi_n': 57, 'mfi_lower': 37, 'mfi_upper': 61, 'en_bollinger': True, 'bollinger_n': 178, 'bollinger_k': 2.6, 'en_adx': True, 'adx_n': 2, 'adx_threshold': 9, 'en_structure_trend': True, 'structure_trend_swing_l': 8, 'en_order_block': False, 'order_block_swing_l': 13, 'en_fvg': False, 'fvg_lookback': 1, 'en_ifvg': False, 'en_breaker': False, 'breaker_swing_l': 19, 'en_cisd': True, 'k': 1, 'en_cap_bars': True, 'cap_1min': 418}.
[I 2026-07-13 17:17:10,152] Trial 406 pruned. 
[I 2026-07-13 17:17:14,029] Trial 407 finished with values: [-55.62810201487309, -418.4712179035387, 48.05] and parameters: {'sl_soft': 1.2979586805955017, 'sl_hard_delta': 0.4218978700826674, 'tp': 1.674857472998817, 'gate_pct': 81.43219065749138, 'dd_limit': 208.93735973419433, 'cooldown': 32, 'flip': True, 'en_ema_trend': False, 'ema_trend_fast': 393, 'ema_trend_slow': 84, 'en_sma_trend': False, 'sma_trend_fast': 29, 'sma_trend_slow': 376, 'en_macd': True, 'macd_fast': 38, 'macd_slow': 167, 'macd_signal': 50, 'en_vwap': True, 'en_keltner': True, 'keltner_n': 54, 'keltner_m': 4.5, 'en_obv': True, 'obv_slope': 23, 'en_cci': False, 'cci_n': 23, 'cci_threshold': 30, 'en_rsi': False, 'rsi_n': 54, 'rsi_lower': 37, 'rsi_upper': 58, 'en_stochastic': False, 'stochastic_n': 88, 'stochastic_d': 34, 'stochastic_lower': 44, 'stochastic_upper': 93, 'en_mfi': True, 'mfi_n': 57, 'mfi_lower': 23, 'mfi_upper': 88, 'en_bollinger': True, 'bollinger_n': 62, 'bollinger_k': 4.8, 'en_adx': False, 'adx_n': 33, 'adx_threshold': 11, 'en_structure_trend': True, 'structure_trend_swing_l': 19, 'en_order_block': False, 'order_block_swing_l': 12, 'en_fvg': True, 'fvg_lookback': 1, 'en_ifvg': False, 'en_breaker': False, 'breaker_swing_l': 1, 'en_cisd': True, 'k': 4, 'en_cap_bars': False, 'cap_1min': 689}.
