── OPTIMIZER PLAN [2m] shared SL/TP · sampler=nsga3 ──
   dimensions: base 5c+2cat+3i = 10  |  indicators 18 on/off + 30 params  |  split 0  →  TOTAL 58 dims
   trials/dim 100  →  RECOMMENDED 5,800 trials  (∝ dimensions; grows if you add more)
[2m] loading inputs (RTY, pv=50) ...
[2m] 264633 decision bars; cooldown cap 34; bounds sl_soft[0.51006338729111, 1.5301901618733302] sl_hard[0.51006338729111, 2.04025354916444] tp[0.51006338729111, 2.4483042589973283]; indicators on 1-MINUTE frame
/home/dev/Mulham/wsg-i/Parametric-Indicators/optimize/optimizer.py:261: ExperimentalWarning: NSGAIIISampler is experimental (supported from v3.2.0). The interface can change in the future.
  return optuna.samplers.NSGAIIISampler(seed=seed, constraints_func=constraints_func)
[2m] sampler = nsga3 → NSGAIIISampler  objective=<function run.<locals>.objective at 0x76a768157920>  dd_pnl_cap=0.25
[I 2026-07-13 16:56:00,070] A new study created in RDB with name: eod1_2m_RTY
[I 2026-07-13 16:56:00,492] Trial 0 pruned. 
[I 2026-07-13 16:56:05,224] Trial 1 finished with values: [-6.17001245773281, -579.6145204931463, 44.8] and parameters: {'sl_soft': 1.2759869163806896, 'sl_hard_delta': 1.4812199662974916, 'tp': 2.222123355493271, 'gate_pct': 62.36722070556089, 'dd_limit': 383.02824156061456, 'cooldown': 12, 'flip': True, 'en_ema_trend': True, 'ema_trend_fast': 266, 'ema_trend_slow': 250, 'en_sma_trend': True, 'sma_trend_fast': 181, 'sma_trend_slow': 232, 'en_macd': False, 'macd_fast': 91, 'macd_slow': 116, 'macd_signal': 1, 'en_vwap': False, 'en_keltner': True, 'keltner_n': 73, 'keltner_m': 4.6000000000000005, 'en_obv': False, 'obv_slope': 186, 'en_cci': True, 'cci_n': 36, 'cci_threshold': 55, 'en_rsi': False, 'rsi_n': 8, 'rsi_lower': 38, 'rsi_upper': 87, 'en_stochastic': False, 'stochastic_n': 14, 'stochastic_d': 1, 'stochastic_lower': 2, 'stochastic_upper': 52, 'en_mfi': True, 'mfi_n': 55, 'mfi_lower': 28, 'mfi_upper': 92, 'en_bollinger': True, 'bollinger_n': 118, 'bollinger_k': 4.9, 'en_adx': False, 'adx_n': 81, 'adx_threshold': 18, 'en_structure_trend': False, 'structure_trend_swing_l': 18, 'en_order_block': False, 'order_block_swing_l': 3, 'en_fvg': True, 'fvg_lookback': 3, 'en_ifvg': True, 'en_breaker': False, 'breaker_swing_l': 1, 'en_cisd': True, 'k': 3, 'en_cap_bars': True, 'cap_1min': 1072}.
[I 2026-07-13 16:56:14,210] Trial 2 finished with values: [103.93413379078424, -494.33187723316223, 35.900000000000006] and parameters: {'sl_soft': 0.7094262335134363, 'sl_hard_delta': 1.1861196147076958, 'tp': 2.390195776514097, 'gate_pct': 84.68288014900352, 'dd_limit': 122.33756046500012, 'cooldown': 17, 'flip': True, 'en_ema_trend': False, 'ema_trend_fast': 29, 'ema_trend_slow': 196, 'en_sma_trend': False, 'sma_trend_fast': 128, 'sma_trend_slow': 396, 'en_macd': False, 'macd_fast': 56, 'macd_slow': 150, 'macd_signal': 67, 'en_vwap': False, 'en_keltner': True, 'keltner_n': 43, 'keltner_m': 3.9000000000000004, 'en_obv': True, 'obv_slope': 162, 'en_cci': True, 'cci_n': 106, 'cci_threshold': 280, 'en_rsi': False, 'rsi_n': 74, 'rsi_lower': 38, 'rsi_upper': 95, 'en_stochastic': False, 'stochastic_n': 25, 'stochastic_d': 31, 'stochastic_lower': 47, 'stochastic_upper': 97, 'en_mfi': True, 'mfi_n': 65, 'mfi_lower': 20, 'mfi_upper': 74, 'en_bollinger': False, 'bollinger_n': 186, 'bollinger_k': 4.7, 'en_adx': True, 'adx_n': 19, 'adx_threshold': 12, 'en_structure_trend': True, 'structure_trend_swing_l': 1, 'en_order_block': False, 'order_block_swing_l': 1, 'en_fvg': True, 'fvg_lookback': 7, 'en_ifvg': False, 'en_breaker': False, 'breaker_swing_l': 18, 'en_cisd': True, 'k': 3, 'en_cap_bars': True, 'cap_1min': 412}.
[I 2026-07-13 16:56:16,030] Trial 3 pruned. 
[I 2026-07-13 16:56:21,476] Trial 4 finished with values: [-45.128970153587034, -395.3236032131599, 48.4] and parameters: {'sl_soft': 0.7723566430132256, 'sl_hard_delta': 0.22624636991446687, 'tp': 0.8840716412066487, 'gate_pct': 49.958417067888604, 'dd_limit': 371.6248737388786, 'cooldown': 7, 'flip': True, 'en_ema_trend': True, 'ema_trend_fast': 95, 'ema_trend_slow': 42, 'en_sma_trend': False, 'sma_trend_fast': 62, 'sma_trend_slow': 250, 'en_macd': True, 'macd_fast': 16, 'macd_slow': 151, 'macd_signal': 23, 'en_vwap': True, 'en_keltner': True, 'keltner_n': 175, 'keltner_m': 4.300000000000001, 'en_obv': True, 'obv_slope': 191, 'en_cci': True, 'cci_n': 21, 'cci_threshold': 205, 'en_rsi': False, 'rsi_n': 81, 'rsi_lower': 2, 'rsi_upper': 88, 'en_stochastic': False, 'stochastic_n': 27, 'stochastic_d': 32, 'stochastic_lower': 17, 'stochastic_upper': 90, 'en_mfi': True, 'mfi_n': 100, 'mfi_lower': 15, 'mfi_upper': 58, 'en_bollinger': False, 'bollinger_n': 195, 'bollinger_k': 3.4000000000000004, 'en_adx': False, 'adx_n': 54, 'adx_threshold': 12, 'en_structure_trend': False, 'structure_trend_swing_l': 4, 'en_order_block': False, 'order_block_swing_l': 8, 'en_fvg': False, 'fvg_lookback': 35, 'en_ifvg': True, 'en_breaker': True, 'breaker_swing_l': 5, 'en_cisd': True, 'k': 4, 'en_cap_bars': False, 'cap_1min': 733}.
[I 2026-07-13 16:56:22,147] Trial 5 pruned. 
[I 2026-07-13 16:56:23,409] Trial 6 pruned. 
[I 2026-07-13 16:56:25,071] Trial 7 pruned. 
[I 2026-07-13 16:56:28,709] Trial 8 finished with values: [28.670595298461876, -327.68191553600445, 51.3] and parameters: {'sl_soft': 1.2795510837006852, 'sl_hard_delta': 0.42994751087190747, 'tp': 1.674857472998817, 'gate_pct': 74.89283752458364, 'dd_limit': 325.531997371572, 'cooldown': 20, 'flip': True, 'en_ema_trend': False, 'ema_trend_fast': 314, 'ema_trend_slow': 24, 'en_sma_trend': False, 'sma_trend_fast': 159, 'sma_trend_slow': 121, 'en_macd': True, 'macd_fast': 38, 'macd_slow': 107, 'macd_signal': 50, 'en_vwap': True, 'en_keltner': True, 'keltner_n': 54, 'keltner_m': 2.1, 'en_obv': True, 'obv_slope': 23, 'en_cci': False, 'cci_n': 115, 'cci_threshold': 30, 'en_rsi': False, 'rsi_n': 54, 'rsi_lower': 37, 'rsi_upper': 58, 'en_stochastic': False, 'stochastic_n': 77, 'stochastic_d': 37, 'stochastic_lower': 9, 'stochastic_upper': 93, 'en_mfi': True, 'mfi_n': 57, 'mfi_lower': 20, 'mfi_upper': 88, 'en_bollinger': True, 'bollinger_n': 57, 'bollinger_k': 0.5, 'en_adx': False, 'adx_n': 74, 'adx_threshold': 33, 'en_structure_trend': True, 'structure_trend_swing_l': 8, 'en_order_block': False, 'order_block_swing_l': 13, 'en_fvg': True, 'fvg_lookback': 1, 'en_ifvg': True, 'en_breaker': False, 'breaker_swing_l': 5, 'en_cisd': True, 'k': 3, 'en_cap_bars': False, 'cap_1min': 418}.
[I 2026-07-13 16:56:30,938] Trial 9 pruned. 
[I 2026-07-13 16:56:40,374] Trial 10 finished with values: [61.40391262772482, -417.59352861818115, 64.85] and parameters: {'sl_soft': 0.9251754086688571, 'sl_hard_delta': 1.989700845382185, 'tp': 1.130919396596752, 'gate_pct': 98.24909449748954, 'dd_limit': 324.55645790818636, 'cooldown': 13, 'flip': False, 'en_ema_trend': True, 'ema_trend_fast': 174, 'ema_trend_slow': 144, 'en_sma_trend': True, 'sma_trend_fast': 109, 'sma_trend_slow': 324, 'en_macd': True, 'macd_fast': 50, 'macd_slow': 172, 'macd_signal': 89, 'en_vwap': True, 'en_keltner': False, 'keltner_n': 185, 'keltner_m': 1.7000000000000002, 'en_obv': True, 'obv_slope': 47, 'en_cci': True, 'cci_n': 188, 'cci_threshold': 115, 'en_rsi': False, 'rsi_n': 35, 'rsi_lower': 8, 'rsi_upper': 86, 'en_stochastic': False, 'stochastic_n': 27, 'stochastic_d': 35, 'stochastic_lower': 12, 'stochastic_upper': 71, 'en_mfi': False, 'mfi_n': 7, 'mfi_lower': 31, 'mfi_upper': 85, 'en_bollinger': True, 'bollinger_n': 35, 'bollinger_k': 1.1, 'en_adx': True, 'adx_n': 20, 'adx_threshold': 30, 'en_structure_trend': True, 'structure_trend_swing_l': 4, 'en_order_block': False, 'order_block_swing_l': 17, 'en_fvg': False, 'fvg_lookback': 31, 'en_ifvg': True, 'en_breaker': True, 'breaker_swing_l': 14, 'en_cisd': False, 'k': 3, 'en_cap_bars': False, 'cap_1min': 929}.
[I 2026-07-13 16:56:41,967] Trial 11 pruned. 
[I 2026-07-13 16:56:44,396] Trial 12 pruned. 
[I 2026-07-13 16:56:45,506] Trial 13 pruned. 
[I 2026-07-13 16:56:46,650] Trial 14 pruned. 
[I 2026-07-13 16:56:47,667] Trial 15 pruned. 
[I 2026-07-13 16:56:49,428] Trial 16 pruned. 
[I 2026-07-13 16:56:50,523] Trial 17 pruned. 
[I 2026-07-13 16:56:52,652] Trial 18 pruned. 
[I 2026-07-13 16:56:54,347] Trial 19 pruned. 
[I 2026-07-13 16:56:59,404] Trial 20 finished with values: [245.22640782383291, -915.0363004248447, 54.8] and parameters: {'sl_soft': 1.040849258415503, 'sl_hard_delta': 1.6902850795010738, 'tp': 1.4903856668337374, 'gate_pct': 82.4858562385232, 'dd_limit': 143.75886034970398, 'cooldown': 6, 'flip': False, 'en_ema_trend': True, 'ema_trend_fast': 383, 'ema_trend_slow': 34, 'en_sma_trend': True, 'sma_trend_fast': 91, 'sma_trend_slow': 307, 'en_macd': True, 'macd_fast': 12, 'macd_slow': 18, 'macd_signal': 63, 'en_vwap': False, 'en_keltner': True, 'keltner_n': 39, 'keltner_m': 4.6000000000000005, 'en_obv': True, 'obv_slope': 147, 'en_cci': True, 'cci_n': 59, 'cci_threshold': 105, 'en_rsi': False, 'rsi_n': 88, 'rsi_lower': 13, 'rsi_upper': 88, 'en_stochastic': False, 'stochastic_n': 49, 'stochastic_d': 33, 'stochastic_lower': 42, 'stochastic_upper': 60, 'en_mfi': False, 'mfi_n': 90, 'mfi_lower': 2, 'mfi_upper': 55, 'en_bollinger': False, 'bollinger_n': 85, 'bollinger_k': 1.2000000000000002, 'en_adx': False, 'adx_n': 32, 'adx_threshold': 23, 'en_structure_trend': True, 'structure_trend_swing_l': 17, 'en_order_block': False, 'order_block_swing_l': 12, 'en_fvg': True, 'fvg_lookback': 8, 'en_ifvg': False, 'en_breaker': True, 'breaker_swing_l': 5, 'en_cisd': True, 'k': 4, 'en_cap_bars': False, 'cap_1min': 1298}.
[I 2026-07-13 16:57:01,169] Trial 21 pruned. 
[I 2026-07-13 16:57:05,207] Trial 22 finished with values: [293.6082033442858, -280.0000000000182, 60.55] and parameters: {'sl_soft': 1.0544530980351883, 'sl_hard_delta': 1.508538557342298, 'tp': 1.5090205083607207, 'gate_pct': 39.99459239851318, 'dd_limit': 503.04837455441515, 'cooldown': 0, 'flip': False, 'en_ema_trend': False, 'ema_trend_fast': 249, 'ema_trend_slow': 73, 'en_sma_trend': False, 'sma_trend_fast': 118, 'sma_trend_slow': 367, 'en_macd': False, 'macd_fast': 87, 'macd_slow': 72, 'macd_signal': 100, 'en_vwap': False, 'en_keltner': True, 'keltner_n': 94, 'keltner_m': 3.8000000000000003, 'en_obv': True, 'obv_slope': 12, 'en_cci': True, 'cci_n': 111, 'cci_threshold': 290, 'en_rsi': True, 'rsi_n': 41, 'rsi_lower': 31, 'rsi_upper': 65, 'en_stochastic': False, 'stochastic_n': 6, 'stochastic_d': 3, 'stochastic_lower': 8, 'stochastic_upper': 70, 'en_mfi': False, 'mfi_n': 66, 'mfi_lower': 26, 'mfi_upper': 68, 'en_bollinger': True, 'bollinger_n': 10, 'bollinger_k': 3.7, 'en_adx': False, 'adx_n': 73, 'adx_threshold': 11, 'en_structure_trend': False, 'structure_trend_swing_l': 14, 'en_order_block': True, 'order_block_swing_l': 10, 'en_fvg': False, 'fvg_lookback': 24, 'en_ifvg': True, 'en_breaker': False, 'breaker_swing_l': 15, 'en_cisd': True, 'k': 5, 'en_cap_bars': True, 'cap_1min': 1224}.
[I 2026-07-13 16:57:12,421] Trial 23 finished with values: [-90.76483370004098, -744.5643905208954, 49.3] and parameters: {'sl_soft': 1.3347454570413704, 'sl_hard_delta': 0.2666464988270959, 'tp': 1.5489654851505166, 'gate_pct': 90.0783114706916, 'dd_limit': 393.1730945240937, 'cooldown': 14, 'flip': False, 'en_ema_trend': True, 'ema_trend_fast': 324, 'ema_trend_slow': 361, 'en_sma_trend': True, 'sma_trend_fast': 95, 'sma_trend_slow': 120, 'en_macd': False, 'macd_fast': 47, 'macd_slow': 74, 'macd_signal': 59, 'en_vwap': True, 'en_keltner': False, 'keltner_n': 155, 'keltner_m': 1.6, 'en_obv': True, 'obv_slope': 2, 'en_cci': False, 'cci_n': 110, 'cci_threshold': 195, 'en_rsi': True, 'rsi_n': 63, 'rsi_lower': 12, 'rsi_upper': 88, 'en_stochastic': True, 'stochastic_n': 11, 'stochastic_d': 30, 'stochastic_lower': 13, 'stochastic_upper': 82, 'en_mfi': False, 'mfi_n': 67, 'mfi_lower': 40, 'mfi_upper': 90, 'en_bollinger': False, 'bollinger_n': 83, 'bollinger_k': 4.5, 'en_adx': False, 'adx_n': 58, 'adx_threshold': 55, 'en_structure_trend': True, 'structure_trend_swing_l': 17, 'en_order_block': False, 'order_block_swing_l': 3, 'en_fvg': False, 'fvg_lookback': 19, 'en_ifvg': False, 'en_breaker': False, 'breaker_swing_l': 11, 'en_cisd': False, 'k': 3, 'en_cap_bars': True, 'cap_1min': 914}.
[I 2026-07-13 16:57:19,485] Trial 24 finished with values: [-60.40971133055564, -677.0119514348835, 50.4] and parameters: {'sl_soft': 0.9870237148804009, 'sl_hard_delta': 1.3607318908402657, 'tp': 1.3888180456854178, 'gate_pct': 52.57115913414096, 'dd_limit': 335.91144603893065, 'cooldown': 6, 'flip': False, 'en_ema_trend': False, 'ema_trend_fast': 188, 'ema_trend_slow': 359, 'en_sma_trend': True, 'sma_trend_fast': 167, 'sma_trend_slow': 275, 'en_macd': False, 'macd_fast': 81, 'macd_slow': 194, 'macd_signal': 2, 'en_vwap': False, 'en_keltner': False, 'keltner_n': 200, 'keltner_m': 2.2, 'en_obv': False, 'obv_slope': 89, 'en_cci': False, 'cci_n': 93, 'cci_threshold': 165, 'en_rsi': False, 'rsi_n': 21, 'rsi_lower': 6, 'rsi_upper': 58, 'en_stochastic': True, 'stochastic_n': 85, 'stochastic_d': 18, 'stochastic_lower': 4, 'stochastic_upper': 71, 'en_mfi': False, 'mfi_n': 82, 'mfi_lower': 47, 'mfi_upper': 93, 'en_bollinger': False, 'bollinger_n': 137, 'bollinger_k': 0.5, 'en_adx': False, 'adx_n': 91, 'adx_threshold': 50, 'en_structure_trend': False, 'structure_trend_swing_l': 5, 'en_order_block': True, 'order_block_swing_l': 10, 'en_fvg': False, 'fvg_lookback': 31, 'en_ifvg': False, 'en_breaker': True, 'breaker_swing_l': 7, 'en_cisd': False, 'k': 1, 'en_cap_bars': True, 'cap_1min': 1249}.
[I 2026-07-13 16:57:21,149] Trial 25 pruned. 
[I 2026-07-13 16:57:22,680] Trial 26 pruned. 
[I 2026-07-13 16:57:27,760] Trial 27 finished with values: [-79.45348874106912, -399.7078632068906, 55.75] and parameters: {'sl_soft': 1.4544156911682151, 'sl_hard_delta': 1.5938366888196684, 'tp': 1.105842735861923, 'gate_pct': 30.49656416420632, 'dd_limit': 449.4516972714586, 'cooldown': 4, 'flip': False, 'en_ema_trend': False, 'ema_trend_fast': 294, 'ema_trend_slow': 78, 'en_sma_trend': True, 'sma_trend_fast': 160, 'sma_trend_slow': 66, 'en_macd': True, 'macd_fast': 29, 'macd_slow': 91, 'macd_signal': 91, 'en_vwap': False, 'en_keltner': True, 'keltner_n': 182, 'keltner_m': 0.5, 'en_obv': True, 'obv_slope': 148, 'en_cci': True, 'cci_n': 57, 'cci_threshold': 140, 'en_rsi': True, 'rsi_n': 51, 'rsi_lower': 31, 'rsi_upper': 79, 'en_stochastic': False, 'stochastic_n': 21, 'stochastic_d': 17, 'stochastic_lower': 8, 'stochastic_upper': 80, 'en_mfi': False, 'mfi_n': 33, 'mfi_lower': 33, 'mfi_upper': 60, 'en_bollinger': True, 'bollinger_n': 90, 'bollinger_k': 3.7, 'en_adx': False, 'adx_n': 39, 'adx_threshold': 43, 'en_structure_trend': True, 'structure_trend_swing_l': 10, 'en_order_block': True, 'order_block_swing_l': 3, 'en_fvg': False, 'fvg_lookback': 34, 'en_ifvg': True, 'en_breaker': False, 'breaker_swing_l': 10, 'en_cisd': True, 'k': 3, 'en_cap_bars': False, 'cap_1min': 1425}.
[I 2026-07-13 16:57:29,536] Trial 28 pruned. 
[I 2026-07-13 16:57:37,904] Trial 29 finished with values: [-133.58419033414748, -365.0000000000091, 33.75] and parameters: {'sl_soft': 0.9769808061217633, 'sl_hard_delta': 1.5396206734632834, 'tp': 1.7273233866218207, 'gate_pct': 30.375843415186864, 'dd_limit': 266.0793164115283, 'cooldown': 24, 'flip': False, 'en_ema_trend': True, 'ema_trend_fast': 373, 'ema_trend_slow': 251, 'en_sma_trend': True, 'sma_trend_fast': 212, 'sma_trend_slow': 302, 'en_macd': True, 'macd_fast': 66, 'macd_slow': 171, 'macd_signal': 75, 'en_vwap': True, 'en_keltner': False, 'keltner_n': 80, 'keltner_m': 0.8, 'en_obv': False, 'obv_slope': 109, 'en_cci': False, 'cci_n': 176, 'cci_threshold': 25, 'en_rsi': False, 'rsi_n': 65, 'rsi_lower': 19, 'rsi_upper': 64, 'en_stochastic': True, 'stochastic_n': 57, 'stochastic_d': 34, 'stochastic_lower': 22, 'stochastic_upper': 98, 'en_mfi': False, 'mfi_n': 66, 'mfi_lower': 27, 'mfi_upper': 94, 'en_bollinger': False, 'bollinger_n': 40, 'bollinger_k': 2.2, 'en_adx': False, 'adx_n': 64, 'adx_threshold': 39, 'en_structure_trend': False, 'structure_trend_swing_l': 15, 'en_order_block': True, 'order_block_swing_l': 8, 'en_fvg': False, 'fvg_lookback': 28, 'en_ifvg': True, 'en_breaker': False, 'breaker_swing_l': 3, 'en_cisd': True, 'k': 2, 'en_cap_bars': False, 'cap_1min': 1379}.
[I 2026-07-13 16:57:45,610] Trial 30 finished with values: [-2.9758858468767357, -512.9775155932748, 38.25] and parameters: {'sl_soft': 1.2265144929682144, 'sl_hard_delta': 1.2751902822957912, 'tp': 2.314051487799307, 'gate_pct': 26.904238725191853, 'dd_limit': 471.1025761339751, 'cooldown': 23, 'flip': False, 'en_ema_trend': False, 'ema_trend_fast': 60, 'ema_trend_slow': 246, 'en_sma_trend': True, 'sma_trend_fast': 81, 'sma_trend_slow': 116, 'en_macd': True, 'macd_fast': 57, 'macd_slow': 116, 'macd_signal': 91, 'en_vwap': True, 'en_keltner': False, 'keltner_n': 132, 'keltner_m': 1.7000000000000002, 'en_obv': True, 'obv_slope': 28, 'en_cci': True, 'cci_n': 97, 'cci_threshold': 25, 'en_rsi': False, 'rsi_n': 26, 'rsi_lower': 21, 'rsi_upper': 56, 'en_stochastic': False, 'stochastic_n': 99, 'stochastic_d': 31, 'stochastic_lower': 19, 'stochastic_upper': 52, 'en_mfi': True, 'mfi_n': 94, 'mfi_lower': 14, 'mfi_upper': 81, 'en_bollinger': False, 'bollinger_n': 102, 'bollinger_k': 4.1, 'en_adx': True, 'adx_n': 4, 'adx_threshold': 5, 'en_structure_trend': True, 'structure_trend_swing_l': 19, 'en_order_block': False, 'order_block_swing_l': 18, 'en_fvg': False, 'fvg_lookback': 49, 'en_ifvg': False, 'en_breaker': True, 'breaker_swing_l': 17, 'en_cisd': True, 'k': 1, 'en_cap_bars': True, 'cap_1min': 217}.
[I 2026-07-13 16:57:46,891] Trial 31 pruned. 
[I 2026-07-13 16:57:49,634] Trial 32 finished with values: [-315.46447713028556, -592.4305752080954, 40.9] and parameters: {'sl_soft': 1.0733149681623162, 'sl_hard_delta': 1.1591490754427785, 'tp': 1.1756942479194936, 'gate_pct': 35.06171893069536, 'dd_limit': 489.20792444745484, 'cooldown': 19, 'flip': False, 'en_ema_trend': False, 'ema_trend_fast': 59, 'ema_trend_slow': 135, 'en_sma_trend': False, 'sma_trend_fast': 146, 'sma_trend_slow': 93, 'en_macd': False, 'macd_fast': 24, 'macd_slow': 83, 'macd_signal': 69, 'en_vwap': True, 'en_keltner': True, 'keltner_n': 124, 'keltner_m': 4.5, 'en_obv': True, 'obv_slope': 184, 'en_cci': True, 'cci_n': 110, 'cci_threshold': 115, 'en_rsi': False, 'rsi_n': 17, 'rsi_lower': 36, 'rsi_upper': 98, 'en_stochastic': False, 'stochastic_n': 14, 'stochastic_d': 8, 'stochastic_lower': 4, 'stochastic_upper': 77, 'en_mfi': False, 'mfi_n': 79, 'mfi_lower': 10, 'mfi_upper': 93, 'en_bollinger': False, 'bollinger_n': 85, 'bollinger_k': 3.0, 'en_adx': False, 'adx_n': 29, 'adx_threshold': 10, 'en_structure_trend': False, 'structure_trend_swing_l': 11, 'en_order_block': True, 'order_block_swing_l': 16, 'en_fvg': False, 'fvg_lookback': 29, 'en_ifvg': True, 'en_breaker': True, 'breaker_swing_l': 8, 'en_cisd': False, 'k': 1, 'en_cap_bars': True, 'cap_1min': 1370}.
[I 2026-07-13 16:57:50,226] Trial 33 pruned. 
[I 2026-07-13 16:57:59,982] Trial 34 finished with values: [-251.55740214097477, -625.0891830188266, 50.599999999999994] and parameters: {'sl_soft': 0.7082638000503291, 'sl_hard_delta': 1.7926280301378414, 'tp': 0.8618296789370983, 'gate_pct': 63.90528592947753, 'dd_limit': 377.8686668899344, 'cooldown': 19, 'flip': False, 'en_ema_trend': True, 'ema_trend_fast': 159, 'ema_trend_slow': 266, 'en_sma_trend': False, 'sma_trend_fast': 362, 'sma_trend_slow': 154, 'en_macd': False, 'macd_fast': 80, 'macd_slow': 104, 'macd_signal': 54, 'en_vwap': False, 'en_keltner': False, 'keltner_n': 8, 'keltner_m': 1.7000000000000002, 'en_obv': True, 'obv_slope': 18, 'en_cci': True, 'cci_n': 184, 'cci_threshold': 90, 'en_rsi': True, 'rsi_n': 69, 'rsi_lower': 16, 'rsi_upper': 74, 'en_stochastic': False, 'stochastic_n': 88, 'stochastic_d': 37, 'stochastic_lower': 47, 'stochastic_upper': 68, 'en_mfi': False, 'mfi_n': 65, 'mfi_lower': 37, 'mfi_upper': 90, 'en_bollinger': True, 'bollinger_n': 164, 'bollinger_k': 3.8000000000000003, 'en_adx': True, 'adx_n': 19, 'adx_threshold': 17, 'en_structure_trend': True, 'structure_trend_swing_l': 13, 'en_order_block': False, 'order_block_swing_l': 7, 'en_fvg': False, 'fvg_lookback': 28, 'en_ifvg': False, 'en_breaker': True, 'breaker_swing_l': 7, 'en_cisd': True, 'k': 3, 'en_cap_bars': True, 'cap_1min': 583}.
[I 2026-07-13 16:58:01,190] Trial 35 pruned. 
[I 2026-07-13 16:58:06,491] Trial 36 finished with values: [-580.629688842555, -1811.435859870835, 55.7] and parameters: {'sl_soft': 1.41561271603844, 'sl_hard_delta': 0.07188072499208972, 'tp': 1.009079555726484, 'gate_pct': 65.16840317406685, 'dd_limit': 145.76741101742965, 'cooldown': 0, 'flip': False, 'en_ema_trend': True, 'ema_trend_fast': 67, 'ema_trend_slow': 292, 'en_sma_trend': False, 'sma_trend_fast': 75, 'sma_trend_slow': 96, 'en_macd': True, 'macd_fast': 89, 'macd_slow': 120, 'macd_signal': 11, 'en_vwap': True, 'en_keltner': True, 'keltner_n': 36, 'keltner_m': 1.3, 'en_obv': True, 'obv_slope': 103, 'en_cci': False, 'cci_n': 152, 'cci_threshold': 245, 'en_rsi': False, 'rsi_n': 90, 'rsi_lower': 41, 'rsi_upper': 53, 'en_stochastic': False, 'stochastic_n': 58, 'stochastic_d': 29, 'stochastic_lower': 41, 'stochastic_upper': 69, 'en_mfi': True, 'mfi_n': 4, 'mfi_lower': 18, 'mfi_upper': 99, 'en_bollinger': False, 'bollinger_n': 160, 'bollinger_k': 4.2, 'en_adx': False, 'adx_n': 51, 'adx_threshold': 51, 'en_structure_trend': False, 'structure_trend_swing_l': 14, 'en_order_block': False, 'order_block_swing_l': 15, 'en_fvg': True, 'fvg_lookback': 31, 'en_ifvg': False, 'en_breaker': False, 'breaker_swing_l': 13, 'en_cisd': False, 'k': 2, 'en_cap_bars': False, 'cap_1min': 652}.
[I 2026-07-13 16:58:07,317] Trial 37 pruned. 
[I 2026-07-13 16:58:09,661] Trial 38 pruned. 
[I 2026-07-13 16:58:10,057] Trial 39 pruned. 
[I 2026-07-13 16:58:10,411] Trial 40 pruned. 
[I 2026-07-13 16:58:11,805] Trial 41 pruned. 
[I 2026-07-13 16:58:13,747] Trial 42 pruned. 
[I 2026-07-13 16:58:14,773] Trial 43 pruned. 
