[I 2026-07-13 17:27:06,534] Trial 771 finished with values: [182.29915806011832, -469.1803110405431, 45.7] and parameters: {'sl_soft': 1.4326423495393754, 'sl_hard_delta': 0.02145810771492437, 'tp': 2.249197437223498, 'gate_pct': 26.991527672954163, 'dd_limit': 439.4689893251477, 'cooldown': 1, 'flip': True, 'en_ema_trend': False, 'ema_trend_fast': 317, 'ema_trend_slow': 38, 'en_sma_trend': False, 'sma_trend_fast': 362, 'sma_trend_slow': 300, 'en_macd': True, 'macd_fast': 33, 'macd_slow': 144, 'macd_signal': 9, 'en_vwap': True, 'en_keltner': True, 'keltner_n': 162, 'keltner_m': 4.8, 'en_obv': False, 'obv_slope': 44, 'en_cci': True, 'cci_n': 125, 'cci_threshold': 50, 'en_rsi': True, 'rsi_n': 15, 'rsi_lower': 41, 'rsi_upper': 67, 'en_stochastic': False, 'stochastic_n': 89, 'stochastic_d': 37, 'stochastic_lower': 2, 'stochastic_upper': 74, 'en_mfi': False, 'mfi_n': 97, 'mfi_lower': 37, 'mfi_upper': 76, 'en_bollinger': True, 'bollinger_n': 178, 'bollinger_k': 2.8000000000000003, 'en_adx': False, 'adx_n': 48, 'adx_threshold': 9, 'en_structure_trend': True, 'structure_trend_swing_l': 10, 'en_order_block': True, 'order_block_swing_l': 14, 'en_fvg': False, 'fvg_lookback': 19, 'en_ifvg': False, 'en_breaker': False, 'breaker_swing_l': 3, 'en_cisd': True, 'k': 1, 'en_cap_bars': False, 'cap_1min': 1416}.
[I 2026-07-13 17:27:06,942] Trial 772 finished with values: [84.22192920431257, -1174.8249995785955, 36.849999999999994] and parameters: {'sl_soft': 0.7094262335134363, 'sl_hard_delta': 2.023878961662409, 'tp': 2.1925639368831504, 'gate_pct': 42.37120833684469, 'dd_limit': 122.33756046500012, 'cooldown': 1, 'flip': True, 'en_ema_trend': False, 'ema_trend_fast': 13, 'ema_trend_slow': 132, 'en_sma_trend': False, 'sma_trend_fast': 164, 'sma_trend_slow': 396, 'en_macd': False, 'macd_fast': 25, 'macd_slow': 53, 'macd_signal': 67, 'en_vwap': True, 'en_keltner': True, 'keltner_n': 178, 'keltner_m': 3.9000000000000004, 'en_obv': True, 'obv_slope': 168, 'en_cci': True, 'cci_n': 156, 'cci_threshold': 80, 'en_rsi': False, 'rsi_n': 74, 'rsi_lower': 13, 'rsi_upper': 95, 'en_stochastic': False, 'stochastic_n': 63, 'stochastic_d': 9, 'stochastic_lower': 33, 'stochastic_upper': 53, 'en_mfi': False, 'mfi_n': 80, 'mfi_lower': 20, 'mfi_upper': 62, 'en_bollinger': False, 'bollinger_n': 104, 'bollinger_k': 4.7, 'en_adx': False, 'adx_n': 19, 'adx_threshold': 5, 'en_structure_trend': True, 'structure_trend_swing_l': 1, 'en_order_block': False, 'order_block_swing_l': 1, 'en_fvg': True, 'fvg_lookback': 19, 'en_ifvg': False, 'en_breaker': False, 'breaker_swing_l': 18, 'en_cisd': True, 'k': 2, 'en_cap_bars': False, 'cap_1min': 652}.
[I 2026-07-13 17:27:07,423] Trial 773 finished with values: [607.1576692434746, -1479.263661126015, 42.5] and parameters: {'sl_soft': 0.7094262335134363, 'sl_hard_delta': 2.023878961662409, 'tp': 2.1925639368831504, 'gate_pct': 58.77346993604095, 'dd_limit': 439.4689893251477, 'cooldown': 1, 'flip': True, 'en_ema_trend': False, 'ema_trend_fast': 29, 'ema_trend_slow': 132, 'en_sma_trend': False, 'sma_trend_fast': 164, 'sma_trend_slow': 396, 'en_macd': False, 'macd_fast': 56, 'macd_slow': 124, 'macd_signal': 67, 'en_vwap': True, 'en_keltner': True, 'keltner_n': 3, 'keltner_m': 3.9000000000000004, 'en_obv': True, 'obv_slope': 170, 'en_cci': True, 'cci_n': 156, 'cci_threshold': 280, 'en_rsi': False, 'rsi_n': 74, 'rsi_lower': 18, 'rsi_upper': 95, 'en_stochastic': False, 'stochastic_n': 25, 'stochastic_d': 9, 'stochastic_lower': 44, 'stochastic_upper': 63, 'en_mfi': False, 'mfi_n': 2, 'mfi_lower': 12, 'mfi_upper': 83, 'en_bollinger': False, 'bollinger_n': 104, 'bollinger_k': 4.7, 'en_adx': True, 'adx_n': 19, 'adx_threshold': 12, 'en_structure_trend': True, 'structure_trend_swing_l': 17, 'en_order_block': False, 'order_block_swing_l': 1, 'en_fvg': True, 'fvg_lookback': 25, 'en_ifvg': False, 'en_breaker': False, 'breaker_swing_l': 18, 'en_cisd': True, 'k': 2, 'en_cap_bars': True, 'cap_1min': 652}.
[I 2026-07-13 17:27:07,771] Trial 774 pruned. 
[I 2026-07-13 17:27:08,164] Trial 775 finished with values: [333.78212287679503, -229.1677369782974, 51.65] and parameters: {'sl_soft': 1.124380577176661, 'sl_hard_delta': 0.02145810771492437, 'tp': 1.9062213357503182, 'gate_pct': 26.991527672954163, 'dd_limit': 390.2569167971573, 'cooldown': 26, 'flip': True, 'en_ema_trend': False, 'ema_trend_fast': 317, 'ema_trend_slow': 38, 'en_sma_trend': False, 'sma_trend_fast': 285, 'sma_trend_slow': 304, 'en_macd': True, 'macd_fast': 80, 'macd_slow': 47, 'macd_signal': 9, 'en_vwap': True, 'en_keltner': False, 'keltner_n': 77, 'keltner_m': 0.5, 'en_obv': True, 'obv_slope': 44, 'en_cci': True, 'cci_n': 125, 'cci_threshold': 50, 'en_rsi': True, 'rsi_n': 15, 'rsi_lower': 41, 'rsi_upper': 82, 'en_stochastic': False, 'stochastic_n': 89, 'stochastic_d': 3, 'stochastic_lower': 2, 'stochastic_upper': 77, 'en_mfi': False, 'mfi_n': 97, 'mfi_lower': 37, 'mfi_upper': 76, 'en_bollinger': False, 'bollinger_n': 178, 'bollinger_k': 3.8000000000000003, 'en_adx': False, 'adx_n': 2, 'adx_threshold': 9, 'en_structure_trend': True, 'structure_trend_swing_l': 10, 'en_order_block': True, 'order_block_swing_l': 14, 'en_fvg': False, 'fvg_lookback': 50, 'en_ifvg': False, 'en_breaker': False, 'breaker_swing_l': 3, 'en_cisd': True, 'k': 1, 'en_cap_bars': False, 'cap_1min': 1381}.
[I 2026-07-13 17:27:08,521] Trial 776 finished with values: [256.2282255475111, -487.3179511163471, 46.45] and parameters: {'sl_soft': 1.124380577176661, 'sl_hard_delta': 0.09391430061437202, 'tp': 1.9062213357503182, 'gate_pct': 26.991527672954163, 'dd_limit': 439.4689893251477, 'cooldown': 1, 'flip': True, 'en_ema_trend': False, 'ema_trend_fast': 317, 'ema_trend_slow': 99, 'en_sma_trend': False, 'sma_trend_fast': 285, 'sma_trend_slow': 304, 'en_macd': True, 'macd_fast': 80, 'macd_slow': 124, 'macd_signal': 9, 'en_vwap': False, 'en_keltner': False, 'keltner_n': 77, 'keltner_m': 4.8, 'en_obv': True, 'obv_slope': 44, 'en_cci': True, 'cci_n': 125, 'cci_threshold': 50, 'en_rsi': True, 'rsi_n': 48, 'rsi_lower': 41, 'rsi_upper': 82, 'en_stochastic': False, 'stochastic_n': 89, 'stochastic_d': 34, 'stochastic_lower': 2, 'stochastic_upper': 53, 'en_mfi': False, 'mfi_n': 2, 'mfi_lower': 37, 'mfi_upper': 76, 'en_bollinger': False, 'bollinger_n': 178, 'bollinger_k': 3.8000000000000003, 'en_adx': False, 'adx_n': 2, 'adx_threshold': 9, 'en_structure_trend': True, 'structure_trend_swing_l': 10, 'en_order_block': True, 'order_block_swing_l': 9, 'en_fvg': False, 'fvg_lookback': 50, 'en_ifvg': False, 'en_breaker': False, 'breaker_swing_l': 3, 'en_cisd': True, 'k': 1, 'en_cap_bars': False, 'cap_1min': 1381}.
[I 2026-07-13 17:27:08,894] Trial 777 finished with values: [196.69940163141746, -250.0, 48.55] and parameters: {'sl_soft': 1.124380577176661, 'sl_hard_delta': 2.023878961662409, 'tp': 1.9062213357503182, 'gate_pct': 26.991527672954163, 'dd_limit': 439.4689893251477, 'cooldown': 26, 'flip': True, 'en_ema_trend': False, 'ema_trend_fast': 317, 'ema_trend_slow': 38, 'en_sma_trend': False, 'sma_trend_fast': 285, 'sma_trend_slow': 304, 'en_macd': False, 'macd_fast': 80, 'macd_slow': 47, 'macd_signal': 9, 'en_vwap': True, 'en_keltner': False, 'keltner_n': 178, 'keltner_m': 0.5, 'en_obv': True, 'obv_slope': 44, 'en_cci': True, 'cci_n': 125, 'cci_threshold': 80, 'en_rsi': True, 'rsi_n': 15, 'rsi_lower': 41, 'rsi_upper': 95, 'en_stochastic': False, 'stochastic_n': 80, 'stochastic_d': 9, 'stochastic_lower': 2, 'stochastic_upper': 77, 'en_mfi': False, 'mfi_n': 97, 'mfi_lower': 37, 'mfi_upper': 76, 'en_bollinger': True, 'bollinger_n': 178, 'bollinger_k': 3.8000000000000003, 'en_adx': False, 'adx_n': 2, 'adx_threshold': 9, 'en_structure_trend': True, 'structure_trend_swing_l': 10, 'en_order_block': False, 'order_block_swing_l': 14, 'en_fvg': False, 'fvg_lookback': 50, 'en_ifvg': False, 'en_breaker': False, 'breaker_swing_l': 3, 'en_cisd': True, 'k': 1, 'en_cap_bars': False, 'cap_1min': 1381}.
[I 2026-07-13 17:27:10,719] Trial 778 finished with values: [36.83796241704158, -261.3745587512085, 36.4] and parameters: {'sl_soft': 0.9976436795384156, 'sl_hard_delta': 0.02145810771492437, 'tp': 1.9062213357503182, 'gate_pct': 26.991527672954163, 'dd_limit': 208.93735973419433, 'cooldown': 16, 'flip': True, 'en_ema_trend': True, 'ema_trend_fast': 29, 'ema_trend_slow': 38, 'en_sma_trend': False, 'sma_trend_fast': 285, 'sma_trend_slow': 304, 'en_macd': True, 'macd_fast': 6, 'macd_slow': 144, 'macd_signal': 13, 'en_vwap': True, 'en_keltner': False, 'keltner_n': 137, 'keltner_m': 3.8000000000000003, 'en_obv': True, 'obv_slope': 8, 'en_cci': True, 'cci_n': 42, 'cci_threshold': 50, 'en_rsi': True, 'rsi_n': 74, 'rsi_lower': 41, 'rsi_upper': 63, 'en_stochastic': False, 'stochastic_n': 21, 'stochastic_d': 6, 'stochastic_lower': 44, 'stochastic_upper': 70, 'en_mfi': True, 'mfi_n': 61, 'mfi_lower': 20, 'mfi_upper': 76, 'en_bollinger': True, 'bollinger_n': 178, 'bollinger_k': 4.8, 'en_adx': True, 'adx_n': 2, 'adx_threshold': 12, 'en_structure_trend': False, 'structure_trend_swing_l': 10, 'en_order_block': False, 'order_block_swing_l': 1, 'en_fvg': False, 'fvg_lookback': 31, 'en_ifvg': False, 'en_breaker': False, 'breaker_swing_l': 3, 'en_cisd': True, 'k': 1, 'en_cap_bars': True, 'cap_1min': 1165}.
[I 2026-07-13 17:27:12,213] Trial 779 finished with values: [-76.49703472635565, -416.7958759086332, 30.35] and parameters: {'sl_soft': 1.2979586805955017, 'sl_hard_delta': 0.02145810771492437, 'tp': 2.390195776514097, 'gate_pct': 84.68288014900352, 'dd_limit': 208.93735973419433, 'cooldown': 16, 'flip': True, 'en_ema_trend': False, 'ema_trend_fast': 29, 'ema_trend_slow': 38, 'en_sma_trend': False, 'sma_trend_fast': 29, 'sma_trend_slow': 376, 'en_macd': True, 'macd_fast': 6, 'macd_slow': 47, 'macd_signal': 50, 'en_vwap': True, 'en_keltner': False, 'keltner_n': 137, 'keltner_m': 4.5, 'en_obv': True, 'obv_slope': 8, 'en_cci': False, 'cci_n': 23, 'cci_threshold': 30, 'en_rsi': False, 'rsi_n': 99, 'rsi_lower': 41, 'rsi_upper': 58, 'en_stochastic': False, 'stochastic_n': 22, 'stochastic_d': 34, 'stochastic_lower': 44, 'stochastic_upper': 93, 'en_mfi': True, 'mfi_n': 57, 'mfi_lower': 23, 'mfi_upper': 88, 'en_bollinger': True, 'bollinger_n': 69, 'bollinger_k': 4.7, 'en_adx': True, 'adx_n': 33, 'adx_threshold': 12, 'en_structure_trend': True, 'structure_trend_swing_l': 17, 'en_order_block': True, 'order_block_swing_l': 1, 'en_fvg': True, 'fvg_lookback': 36, 'en_ifvg': False, 'en_breaker': False, 'breaker_swing_l': 1, 'en_cisd': False, 'k': 4, 'en_cap_bars': True, 'cap_1min': 689}.
[I 2026-07-13 17:27:12,590] Trial 780 finished with values: [-87.6413568589669, -677.3107532988774, 41.65] and parameters: {'sl_soft': 1.124380577176661, 'sl_hard_delta': 0.4218978700826674, 'tp': 2.1925639368831504, 'gate_pct': 81.43219065749138, 'dd_limit': 439.4689893251477, 'cooldown': 1, 'flip': True, 'en_ema_trend': True, 'ema_trend_fast': 393, 'ema_trend_slow': 236, 'en_sma_trend': False, 'sma_trend_fast': 164, 'sma_trend_slow': 376, 'en_macd': False, 'macd_fast': 25, 'macd_slow': 167, 'macd_signal': 9, 'en_vwap': False, 'en_keltner': False, 'keltner_n': 178, 'keltner_m': 4.8, 'en_obv': False, 'obv_slope': 170, 'en_cci': True, 'cci_n': 125, 'cci_threshold': 30, 'en_rsi': False, 'rsi_n': 48, 'rsi_lower': 11, 'rsi_upper': 67, 'en_stochastic': False, 'stochastic_n': 25, 'stochastic_d': 34, 'stochastic_lower': 44, 'stochastic_upper': 93, 'en_mfi': True, 'mfi_n': 2, 'mfi_lower': 23, 'mfi_upper': 76, 'en_bollinger': True, 'bollinger_n': 52, 'bollinger_k': 4.8, 'en_adx': False, 'adx_n': 48, 'adx_threshold': 5, 'en_structure_trend': True, 'structure_trend_swing_l': 17, 'en_order_block': False, 'order_block_swing_l': 12, 'en_fvg': False, 'fvg_lookback': 19, 'en_ifvg': False, 'en_breaker': False, 'breaker_swing_l': 5, 'en_cisd': True, 'k': 4, 'en_cap_bars': False, 'cap_1min': 1416}.
[I 2026-07-13 17:27:13,080] Trial 781 finished with values: [100.17787706018453, -1513.8917346646394, 41.15] and parameters: {'sl_soft': 1.124380577176661, 'sl_hard_delta': 0.37325946217175326, 'tp': 2.249197437223498, 'gate_pct': 74.64771504966384, 'dd_limit': 390.2569167971573, 'cooldown': 1, 'flip': True, 'en_ema_trend': False, 'ema_trend_fast': 317, 'ema_trend_slow': 38, 'en_sma_trend': False, 'sma_trend_fast': 337, 'sma_trend_slow': 304, 'en_macd': True, 'macd_fast': 80, 'macd_slow': 124, 'macd_signal': 9, 'en_vwap': True, 'en_keltner': False, 'keltner_n': 77, 'keltner_m': 0.5, 'en_obv': True, 'obv_slope': 162, 'en_cci': True, 'cci_n': 125, 'cci_threshold': 280, 'en_rsi': True, 'rsi_n': 5, 'rsi_lower': 38, 'rsi_upper': 63, 'en_stochastic': False, 'stochastic_n': 55, 'stochastic_d': 34, 'stochastic_lower': 2, 'stochastic_upper': 58, 'en_mfi': False, 'mfi_n': 65, 'mfi_lower': 37, 'mfi_upper': 76, 'en_bollinger': False, 'bollinger_n': 178, 'bollinger_k': 4.7, 'en_adx': False, 'adx_n': 31, 'adx_threshold': 9, 'en_structure_trend': True, 'structure_trend_swing_l': 20, 'en_order_block': True, 'order_block_swing_l': 14, 'en_fvg': False, 'fvg_lookback': 50, 'en_ifvg': False, 'en_breaker': False, 'breaker_swing_l': 3, 'en_cisd': True, 'k': 1, 'en_cap_bars': False, 'cap_1min': 1381}.
[I 2026-07-13 17:27:13,403] Trial 782 finished with values: [19.646880824387836, -511.4225425508607, 41.9] and parameters: {'sl_soft': 1.4657917354156722, 'sl_hard_delta': 0.09391430061437202, 'tp': 2.249197437223498, 'gate_pct': 26.991527672954163, 'dd_limit': 439.4689893251477, 'cooldown': 26, 'flip': True, 'en_ema_trend': False, 'ema_trend_fast': 317, 'ema_trend_slow': 236, 'en_sma_trend': False, 'sma_trend_fast': 337, 'sma_trend_slow': 300, 'en_macd': True, 'macd_fast': 33, 'macd_slow': 124, 'macd_signal': 13, 'en_vwap': True, 'en_keltner': True, 'keltner_n': 178, 'keltner_m': 4.8, 'en_obv': False, 'obv_slope': 50, 'en_cci': False, 'cci_n': 32, 'cci_threshold': 50, 'en_rsi': True, 'rsi_n': 5, 'rsi_lower': 38, 'rsi_upper': 63, 'en_stochastic': False, 'stochastic_n': 89, 'stochastic_d': 35, 'stochastic_lower': 44, 'stochastic_upper': 74, 'en_mfi': True, 'mfi_n': 65, 'mfi_lower': 35, 'mfi_upper': 76, 'en_bollinger': True, 'bollinger_n': 52, 'bollinger_k': 4.7, 'en_adx': False, 'adx_n': 48, 'adx_threshold': 12, 'en_structure_trend': False, 'structure_trend_swing_l': 20, 'en_order_block': False, 'order_block_swing_l': 13, 'en_fvg': False, 'fvg_lookback': 50, 'en_ifvg': False, 'en_breaker': False, 'breaker_swing_l': 5, 'en_cisd': False, 'k': 1, 'en_cap_bars': True, 'cap_1min': 1416}.
[I 2026-07-13 17:27:18,991] Trial 783 finished with values: [403.5127873766555, -184.9999999999909, 78.45] and parameters: {'sl_soft': 1.4326423495393754, 'sl_hard_delta': 2.023878961662409, 'tp': 2.1925639368831504, 'gate_pct': 42.37120833684469, 'dd_limit': 439.4689893251477, 'cooldown': 1, 'flip': True, 'en_ema_trend': False, 'ema_trend_fast': 13, 'ema_trend_slow': 132, 'en_sma_trend': False, 'sma_trend_fast': 164, 'sma_trend_slow': 396, 'en_macd': False, 'macd_fast': 25, 'macd_slow': 53, 'macd_signal': 67, 'en_vwap': True, 'en_keltner': False, 'keltner_n': 178, 'keltner_m': 3.9000000000000004, 'en_obv': True, 'obv_slope': 162, 'en_cci': True, 'cci_n': 156, 'cci_threshold': 80, 'en_rsi': False, 'rsi_n': 48, 'rsi_lower': 18, 'rsi_upper': 95, 'en_stochastic': False, 'stochastic_n': 80, 'stochastic_d': 9, 'stochastic_lower': 44, 'stochastic_upper': 85, 'en_mfi': True, 'mfi_n': 2, 'mfi_lower': 20, 'mfi_upper': 62, 'en_bollinger': False, 'bollinger_n': 104, 'bollinger_k': 2.1, 'en_adx': True, 'adx_n': 100, 'adx_threshold': 5, 'en_structure_trend': True, 'structure_trend_swing_l': 17, 'en_order_block': False, 'order_block_swing_l': 1, 'en_fvg': True, 'fvg_lookback': 19, 'en_ifvg': False, 'en_breaker': False, 'breaker_swing_l': 18, 'en_cisd': True, 'k': 4, 'en_cap_bars': True, 'cap_1min': 652}.
[I 2026-07-13 17:27:19,565] Trial 784 finished with values: [490.8339381868757, -703.0313097419025, 52.2] and parameters: {'sl_soft': 1.4326423495393754, 'sl_hard_delta': 2.023878961662409, 'tp': 2.1925639368831504, 'gate_pct': 42.37120833684469, 'dd_limit': 439.4689893251477, 'cooldown': 1, 'flip': True, 'en_ema_trend': False, 'ema_trend_fast': 13, 'ema_trend_slow': 132, 'en_sma_trend': False, 'sma_trend_fast': 164, 'sma_trend_slow': 300, 'en_macd': False, 'macd_fast': 33, 'macd_slow': 144, 'macd_signal': 9, 'en_vwap': True, 'en_keltner': True, 'keltner_n': 178, 'keltner_m': 4.8, 'en_obv': True, 'obv_slope': 44, 'en_cci': True, 'cci_n': 156, 'cci_threshold': 80, 'en_rsi': False, 'rsi_n': 48, 'rsi_lower': 41, 'rsi_upper': 67, 'en_stochastic': False, 'stochastic_n': 80, 'stochastic_d': 9, 'stochastic_lower': 44, 'stochastic_upper': 74, 'en_mfi': False, 'mfi_n': 2, 'mfi_lower': 20, 'mfi_upper': 76, 'en_bollinger': False, 'bollinger_n': 178, 'bollinger_k': 2.8000000000000003, 'en_adx': False, 'adx_n': 19, 'adx_threshold': 9, 'en_structure_trend': True, 'structure_trend_swing_l': 10, 'en_order_block': False, 'order_block_swing_l': 1, 'en_fvg': True, 'fvg_lookback': 19, 'en_ifvg': False, 'en_breaker': False, 'breaker_swing_l': 18, 'en_cisd': True, 'k': 1, 'en_cap_bars': False, 'cap_1min': 652}.
[I 2026-07-13 17:27:20,229] Trial 785 finished with values: [-491.1341999949059, -2645.270741697823, 39.5] and parameters: {'sl_soft': 1.124380577176661, 'sl_hard_delta': 0.4218978700826674, 'tp': 2.1925639368831504, 'gate_pct': 81.43219065749138, 'dd_limit': 122.33756046500012, 'cooldown': 1, 'flip': False, 'en_ema_trend': True, 'ema_trend_fast': 393, 'ema_trend_slow': 84, 'en_sma_trend': False, 'sma_trend_fast': 29, 'sma_trend_slow': 376, 'en_macd': False, 'macd_fast': 80, 'macd_slow': 167, 'macd_signal': 9, 'en_vwap': False, 'en_keltner': False, 'keltner_n': 54, 'keltner_m': 4.5, 'en_obv': True, 'obv_slope': 162, 'en_cci': False, 'cci_n': 125, 'cci_threshold': 30, 'en_rsi': False, 'rsi_n': 54, 'rsi_lower': 17, 'rsi_upper': 71, 'en_stochastic': False, 'stochastic_n': 25, 'stochastic_d': 34, 'stochastic_lower': 44, 'stochastic_upper': 93, 'en_mfi': True, 'mfi_n': 57, 'mfi_lower': 23, 'mfi_upper': 76, 'en_bollinger': True, 'bollinger_n': 62, 'bollinger_k': 4.8, 'en_adx': False, 'adx_n': 33, 'adx_threshold': 11, 'en_structure_trend': True, 'structure_trend_swing_l': 1, 'en_order_block': False, 'order_block_swing_l': 15, 'en_fvg': True, 'fvg_lookback': 1, 'en_ifvg': False, 'en_breaker': False, 'breaker_swing_l': 1, 'en_cisd': True, 'k': 1, 'en_cap_bars': False, 'cap_1min': 933}.
[I 2026-07-13 17:27:21,891] Trial 786 finished with values: [-50.25745784193418, -1788.483982559137, 37.599999999999994] and parameters: {'sl_soft': 1.2979586805955017, 'sl_hard_delta': 0.09391430061437202, 'tp': 2.1925639368831504, 'gate_pct': 81.43219065749138, 'dd_limit': 439.4689893251477, 'cooldown': 8, 'flip': True, 'en_ema_trend': False, 'ema_trend_fast': 13, 'ema_trend_slow': 38, 'en_sma_trend': False, 'sma_trend_fast': 164, 'sma_trend_slow': 396, 'en_macd': True, 'macd_fast': 57, 'macd_slow': 167, 'macd_signal': 54, 'en_vwap': True, 'en_keltner': True, 'keltner_n': 77, 'keltner_m': 4.8, 'en_obv': True, 'obv_slope': 44, 'en_cci': True, 'cci_n': 156, 'cci_threshold': 280, 'en_rsi': True, 'rsi_n': 48, 'rsi_lower': 15, 'rsi_upper': 63, 'en_stochastic': False, 'stochastic_n': 80, 'stochastic_d': 31, 'stochastic_lower': 44, 'stochastic_upper': 53, 'en_mfi': True, 'mfi_n': 65, 'mfi_lower': 20, 'mfi_upper': 76, 'en_bollinger': True, 'bollinger_n': 104, 'bollinger_k': 4.7, 'en_adx': True, 'adx_n': 19, 'adx_threshold': 5, 'en_structure_trend': False, 'structure_trend_swing_l': 11, 'en_order_block': False, 'order_block_swing_l': 12, 'en_fvg': True, 'fvg_lookback': 28, 'en_ifvg': False, 'en_breaker': False, 'breaker_swing_l': 1, 'en_cisd': False, 'k': 1, 'en_cap_bars': True, 'cap_1min': 652}.
[I 2026-07-13 17:27:22,287] Trial 787 pruned. 
[I 2026-07-13 17:27:22,711] Trial 788 finished with values: [593.7250839465491, -1236.7493413002535, 57.8] and parameters: {'sl_soft': 1.4326423495393754, 'sl_hard_delta': 2.023878961662409, 'tp': 2.1925639368831504, 'gate_pct': 42.37120833684469, 'dd_limit': 439.4689893251477, 'cooldown': 1, 'flip': True, 'en_ema_trend': True, 'ema_trend_fast': 13, 'ema_trend_slow': 132, 'en_sma_trend': False, 'sma_trend_fast': 164, 'sma_trend_slow': 396, 'en_macd': False, 'macd_fast': 25, 'macd_slow': 53, 'macd_signal': 67, 'en_vwap': True, 'en_keltner': False, 'keltner_n': 178, 'keltner_m': 3.9000000000000004, 'en_obv': True, 'obv_slope': 162, 'en_cci': True, 'cci_n': 156, 'cci_threshold': 50, 'en_rsi': False, 'rsi_n': 48, 'rsi_lower': 18, 'rsi_upper': 71, 'en_stochastic': False, 'stochastic_n': 80, 'stochastic_d': 34, 'stochastic_lower': 44, 'stochastic_upper': 58, 'en_mfi': False, 'mfi_n': 2, 'mfi_lower': 37, 'mfi_upper': 62, 'en_bollinger': False, 'bollinger_n': 104, 'bollinger_k': 2.1, 'en_adx': True, 'adx_n': 19, 'adx_threshold': 5, 'en_structure_trend': True, 'structure_trend_swing_l': 17, 'en_order_block': False, 'order_block_swing_l': 13, 'en_fvg': True, 'fvg_lookback': 19, 'en_ifvg': False, 'en_breaker': False, 'breaker_swing_l': 18, 'en_cisd': True, 'k': 4, 'en_cap_bars': True, 'cap_1min': 933}.
