[I 2026-07-13 16:46:58,477] Trial 250 finished with values: [108.37159133217824, -1938.608073289015, 39.25] and parameters: {'sl_soft': 3.984281183725254, 'sl_hard_delta': 8.587880282055268, 'tp': 9.203873739254211, 'gate_pct': 97.49754431689279, 'dd_limit': 244.67886904838787, 'cooldown': 2, 'flip': True, 'en_ema_trend': True, 'ema_trend_fast': 77, 'ema_trend_slow': 159, 'en_sma_trend': True, 'sma_trend_fast': 161, 'sma_trend_slow': 371, 'en_macd': False, 'macd_fast': 13, 'macd_slow': 105, 'macd_signal': 84, 'en_vwap': True, 'en_keltner': True, 'keltner_n': 34, 'keltner_m': 4.2, 'en_obv': True, 'obv_slope': 161, 'en_cci': False, 'cci_n': 2, 'cci_threshold': 205, 'en_rsi': True, 'rsi_n': 63, 'rsi_lower': 22, 'rsi_upper': 62, 'en_stochastic': False, 'stochastic_n': 53, 'stochastic_d': 34, 'stochastic_lower': 46, 'stochastic_upper': 96, 'en_mfi': False, 'mfi_n': 64, 'mfi_lower': 41, 'mfi_upper': 89, 'en_bollinger': True, 'bollinger_n': 188, 'bollinger_k': 1.8, 'en_adx': False, 'adx_n': 30, 'adx_threshold': 8, 'en_structure_trend': True, 'structure_trend_swing_l': 3, 'en_order_block': True, 'order_block_swing_l': 16, 'en_fvg': False, 'fvg_lookback': 4, 'en_ifvg': True, 'en_breaker': True, 'breaker_swing_l': 18, 'en_cisd': True, 'k': 5, 'en_cap_bars': True, 'cap_1min': 941}.
[I 2026-07-13 16:47:01,021] Trial 251 pruned. 
[I 2026-07-13 16:47:01,859] Trial 252 pruned. 
[I 2026-07-13 16:47:03,749] Trial 253 pruned. 
[I 2026-07-13 16:47:05,943] Trial 254 pruned. 
[I 2026-07-13 16:47:06,917] Trial 255 pruned. 
[I 2026-07-13 16:47:07,433] Trial 256 pruned. 
[I 2026-07-13 16:47:08,412] Trial 257 pruned. 
[I 2026-07-13 16:47:13,308] Trial 258 pruned. 
[I 2026-07-13 16:47:13,716] Trial 259 pruned. 
[I 2026-07-13 16:47:15,180] Trial 260 pruned. 
[I 2026-07-13 16:47:17,751] Trial 261 pruned. 
[I 2026-07-13 16:47:18,800] Trial 262 pruned. 
[I 2026-07-13 16:47:20,413] Trial 263 pruned. 
[I 2026-07-13 16:47:21,021] Trial 264 pruned. 
[I 2026-07-13 16:47:22,086] Trial 265 pruned. 
[I 2026-07-13 16:47:22,592] Trial 266 pruned. 
[I 2026-07-13 16:47:23,775] Trial 267 pruned. 
[I 2026-07-13 16:47:25,392] Trial 268 pruned. 
[I 2026-07-13 16:47:26,437] Trial 269 pruned. 
[I 2026-07-13 16:47:27,819] Trial 270 finished with values: [439.8951738601568, -2331.9056216841545, 52.25] and parameters: {'sl_soft': 14.04448354353375, 'sl_hard_delta': 0.6860455593173377, 'tp': 13.884003977721582, 'gate_pct': 94.70821660915905, 'dd_limit': 468.96228685784826, 'cooldown': 0, 'flip': False, 'en_ema_trend': True, 'ema_trend_fast': 99, 'ema_trend_slow': 64, 'en_sma_trend': False, 'sma_trend_fast': 345, 'sma_trend_slow': 290, 'en_macd': False, 'macd_fast': 56, 'macd_slow': 200, 'macd_signal': 82, 'en_vwap': True, 'en_keltner': False, 'keltner_n': 93, 'keltner_m': 3.3000000000000003, 'en_obv': False, 'obv_slope': 162, 'en_cci': True, 'cci_n': 51, 'cci_threshold': 155, 'en_rsi': False, 'rsi_n': 5, 'rsi_lower': 32, 'rsi_upper': 89, 'en_stochastic': False, 'stochastic_n': 50, 'stochastic_d': 11, 'stochastic_lower': 2, 'stochastic_upper': 93, 'en_mfi': False, 'mfi_n': 43, 'mfi_lower': 19, 'mfi_upper': 67, 'en_bollinger': False, 'bollinger_n': 155, 'bollinger_k': 0.5, 'en_adx': False, 'adx_n': 7, 'adx_threshold': 57, 'en_structure_trend': False, 'structure_trend_swing_l': 1, 'en_order_block': True, 'order_block_swing_l': 1, 'en_fvg': True, 'fvg_lookback': 26, 'en_ifvg': True, 'en_breaker': True, 'breaker_swing_l': 1, 'en_cisd': False, 'k': 4, 'en_cap_bars': True, 'cap_1min': 655}.
[I 2026-07-13 16:47:28,843] Trial 271 pruned. 
[I 2026-07-13 16:47:41,137] Trial 272 finished with values: [-344.9999999999818, -2144.999999999982, 34.15] and parameters: {'sl_soft': 11.952258094821305, 'sl_hard_delta': 13.863616314759557, 'tp': 15.181945147199874, 'gate_pct': 50.46908188547151, 'dd_limit': 54.08170648121946, 'cooldown': 0, 'flip': True, 'en_ema_trend': True, 'ema_trend_fast': 82, 'ema_trend_slow': 303, 'en_sma_trend': True, 'sma_trend_fast': 46, 'sma_trend_slow': 240, 'en_macd': False, 'macd_fast': 91, 'macd_slow': 77, 'macd_signal': 62, 'en_vwap': False, 'en_keltner': False, 'keltner_n': 49, 'keltner_m': 2.4000000000000004, 'en_obv': True, 'obv_slope': 137, 'en_cci': False, 'cci_n': 87, 'cci_threshold': 180, 'en_rsi': False, 'rsi_n': 52, 'rsi_lower': 49, 'rsi_upper': 95, 'en_stochastic': True, 'stochastic_n': 37, 'stochastic_d': 14, 'stochastic_lower': 17, 'stochastic_upper': 90, 'en_mfi': True, 'mfi_n': 61, 'mfi_lower': 19, 'mfi_upper': 93, 'en_bollinger': False, 'bollinger_n': 148, 'bollinger_k': 3.2, 'en_adx': True, 'adx_n': 5, 'adx_threshold': 25, 'en_structure_trend': True, 'structure_trend_swing_l': 10, 'en_order_block': True, 'order_block_swing_l': 7, 'en_fvg': False, 'fvg_lookback': 17, 'en_ifvg': False, 'en_breaker': False, 'breaker_swing_l': 9, 'en_cisd': False, 'k': 4, 'en_cap_bars': True, 'cap_1min': 160}.
[I 2026-07-13 16:47:42,321] Trial 273 pruned. 
[I 2026-07-13 16:47:44,064] Trial 274 pruned. 
[I 2026-07-13 16:47:45,582] Trial 275 pruned. 
[I 2026-07-13 16:47:47,278] Trial 276 pruned. 
[I 2026-07-13 16:47:49,248] Trial 277 pruned. 
[I 2026-07-13 16:47:49,689] Trial 278 pruned. 
[I 2026-07-13 16:47:51,459] Trial 279 pruned. 
[I 2026-07-13 16:47:51,647] Trial 280 pruned. 
[I 2026-07-13 16:47:53,116] Trial 281 pruned. 
[I 2026-07-13 16:47:53,711] Trial 282 pruned. 
[I 2026-07-13 16:47:54,919] Trial 283 pruned. 
[I 2026-07-13 16:47:56,690] Trial 284 pruned. 
[I 2026-07-13 16:47:57,655] Trial 285 pruned. 
[I 2026-07-13 16:47:58,949] Trial 286 pruned. 
[I 2026-07-13 16:48:01,191] Trial 287 pruned. 
[I 2026-07-13 16:48:11,623] Trial 288 finished with values: [-62.44503248013871, -4081.479863594518, 54.95] and parameters: {'sl_soft': 15.345413077397193, 'sl_hard_delta': 1.161986240575541, 'tp': 14.654499493883607, 'gate_pct': 98.67302380660169, 'dd_limit': 156.56991401683462, 'cooldown': 0, 'flip': False, 'en_ema_trend': False, 'ema_trend_fast': 279, 'ema_trend_slow': 125, 'en_sma_trend': True, 'sma_trend_fast': 334, 'sma_trend_slow': 268, 'en_macd': True, 'macd_fast': 18, 'macd_slow': 91, 'macd_signal': 65, 'en_vwap': True, 'en_keltner': True, 'keltner_n': 153, 'keltner_m': 2.8000000000000003, 'en_obv': False, 'obv_slope': 165, 'en_cci': True, 'cci_n': 100, 'cci_threshold': 125, 'en_rsi': True, 'rsi_n': 71, 'rsi_lower': 18, 'rsi_upper': 94, 'en_stochastic': True, 'stochastic_n': 52, 'stochastic_d': 22, 'stochastic_lower': 14, 'stochastic_upper': 93, 'en_mfi': True, 'mfi_n': 62, 'mfi_lower': 25, 'mfi_upper': 97, 'en_bollinger': False, 'bollinger_n': 7, 'bollinger_k': 1.0, 'en_adx': False, 'adx_n': 12, 'adx_threshold': 17, 'en_structure_trend': False, 'structure_trend_swing_l': 3, 'en_order_block': True, 'order_block_swing_l': 3, 'en_fvg': True, 'fvg_lookback': 18, 'en_ifvg': True, 'en_breaker': True, 'breaker_swing_l': 16, 'en_cisd': False, 'k': 1, 'en_cap_bars': True, 'cap_1min': 1243}.
[I 2026-07-13 16:48:13,919] Trial 289 pruned. 
[I 2026-07-13 16:48:15,111] Trial 290 pruned. 
[I 2026-07-13 16:48:17,083] Trial 291 pruned. 
[I 2026-07-13 16:48:22,765] Trial 292 pruned. 
[I 2026-07-13 16:48:23,856] Trial 293 pruned. 
[I 2026-07-13 16:48:38,696] Trial 294 finished with values: [-947.284178914083, -5238.920864602892, 68.25] and parameters: {'sl_soft': 15.20367632949794, 'sl_hard_delta': 10.99423862209524, 'tp': 5.407194235980561, 'gate_pct': 66.0193419862484, 'dd_limit': 209.7767924223905, 'cooldown': 0, 'flip': False, 'en_ema_trend': False, 'ema_trend_fast': 195, 'ema_trend_slow': 64, 'en_sma_trend': False, 'sma_trend_fast': 281, 'sma_trend_slow': 116, 'en_macd': False, 'macd_fast': 33, 'macd_slow': 65, 'macd_signal': 20, 'en_vwap': True, 'en_keltner': True, 'keltner_n': 56, 'keltner_m': 2.8000000000000003, 'en_obv': True, 'obv_slope': 142, 'en_cci': True, 'cci_n': 39, 'cci_threshold': 50, 'en_rsi': True, 'rsi_n': 39, 'rsi_lower': 32, 'rsi_upper': 83, 'en_stochastic': True, 'stochastic_n': 40, 'stochastic_d': 32, 'stochastic_lower': 25, 'stochastic_upper': 97, 'en_mfi': True, 'mfi_n': 15, 'mfi_lower': 15, 'mfi_upper': 86, 'en_bollinger': True, 'bollinger_n': 198, 'bollinger_k': 3.9000000000000004, 'en_adx': True, 'adx_n': 51, 'adx_threshold': 7, 'en_structure_trend': False, 'structure_trend_swing_l': 3, 'en_order_block': True, 'order_block_swing_l': 9, 'en_fvg': False, 'fvg_lookback': 17, 'en_ifvg': False, 'en_breaker': False, 'breaker_swing_l': 6, 'en_cisd': False, 'k': 2, 'en_cap_bars': False, 'cap_1min': 433}.
[I 2026-07-13 16:48:49,255] Trial 295 finished with values: [-150.46841957587844, -1545.0000000000045, 65.15] and parameters: {'sl_soft': 12.123019889892209, 'sl_hard_delta': 14.43223936989494, 'tp': 12.327087738988366, 'gate_pct': 81.4601427050331, 'dd_limit': 488.72213380069, 'cooldown': 0, 'flip': False, 'en_ema_trend': True, 'ema_trend_fast': 170, 'ema_trend_slow': 140, 'en_sma_trend': True, 'sma_trend_fast': 307, 'sma_trend_slow': 17, 'en_macd': True, 'macd_fast': 27, 'macd_slow': 199, 'macd_signal': 26, 'en_vwap': True, 'en_keltner': True, 'keltner_n': 185, 'keltner_m': 3.3000000000000003, 'en_obv': False, 'obv_slope': 118, 'en_cci': False, 'cci_n': 179, 'cci_threshold': 165, 'en_rsi': True, 'rsi_n': 59, 'rsi_lower': 31, 'rsi_upper': 65, 'en_stochastic': False, 'stochastic_n': 94, 'stochastic_d': 42, 'stochastic_lower': 30, 'stochastic_upper': 76, 'en_mfi': True, 'mfi_n': 13, 'mfi_lower': 23, 'mfi_upper': 83, 'en_bollinger': True, 'bollinger_n': 34, 'bollinger_k': 1.1, 'en_adx': True, 'adx_n': 26, 'adx_threshold': 9, 'en_structure_trend': False, 'structure_trend_swing_l': 20, 'en_order_block': False, 'order_block_swing_l': 1, 'en_fvg': True, 'fvg_lookback': 48, 'en_ifvg': False, 'en_breaker': False, 'breaker_swing_l': 17, 'en_cisd': False, 'k': 5, 'en_cap_bars': True, 'cap_1min': 333}.
[I 2026-07-13 16:48:50,315] Trial 296 pruned. 
[I 2026-07-13 16:48:51,713] Trial 297 pruned. 
[I 2026-07-13 16:48:53,152] Trial 298 pruned. 
[I 2026-07-13 16:48:53,921] Trial 299 pruned. 
[I 2026-07-13 16:48:54,689] Trial 300 pruned. 
[I 2026-07-13 16:48:56,353] Trial 301 pruned. 
[I 2026-07-13 16:48:57,761] Trial 302 pruned. 
[I 2026-07-13 16:48:58,761] Trial 303 pruned. 
[I 2026-07-13 16:49:00,414] Trial 304 pruned. 
[I 2026-07-13 16:49:02,741] Trial 305 pruned. 
[I 2026-07-13 16:49:06,548] Trial 306 pruned. 
[I 2026-07-13 16:49:09,059] Trial 307 pruned. 
[I 2026-07-13 16:49:11,868] Trial 308 finished with values: [-64.91876933681056, -1641.8034126066914, 60.75] and parameters: {'sl_soft': 12.150548735644255, 'sl_hard_delta': 19.39511311334662, 'tp': 8.16393174786628, 'gate_pct': 68.22768503522947, 'dd_limit': 25.33560577226165, 'cooldown': 2, 'flip': True, 'en_ema_trend': True, 'ema_trend_fast': 242, 'ema_trend_slow': 44, 'en_sma_trend': False, 'sma_trend_fast': 318, 'sma_trend_slow': 321, 'en_macd': True, 'macd_fast': 49, 'macd_slow': 157, 'macd_signal': 84, 'en_vwap': True, 'en_keltner': False, 'keltner_n': 35, 'keltner_m': 3.3000000000000003, 'en_obv': True, 'obv_slope': 154, 'en_cci': False, 'cci_n': 156, 'cci_threshold': 35, 'en_rsi': True, 'rsi_n': 40, 'rsi_lower': 13, 'rsi_upper': 97, 'en_stochastic': False, 'stochastic_n': 71, 'stochastic_d': 19, 'stochastic_lower': 43, 'stochastic_upper': 85, 'en_mfi': True, 'mfi_n': 100, 'mfi_lower': 7, 'mfi_upper': 59, 'en_bollinger': True, 'bollinger_n': 20, 'bollinger_k': 2.2, 'en_adx': False, 'adx_n': 31, 'adx_threshold': 37, 'en_structure_trend': False, 'structure_trend_swing_l': 19, 'en_order_block': True, 'order_block_swing_l': 5, 'en_fvg': True, 'fvg_lookback': 20, 'en_ifvg': False, 'en_breaker': False, 'breaker_swing_l': 15, 'en_cisd': True, 'k': 2, 'en_cap_bars': False, 'cap_1min': 1017}.
[I 2026-07-13 16:49:14,995] Trial 309 finished with values: [-910.0486271986938, -5816.861480873581, 23.15] and parameters: {'sl_soft': 3.884040499145371, 'sl_hard_delta': 3.1204570051839555, 'tp': 17.398084304277173, 'gate_pct': 97.28704165170988, 'dd_limit': 39.52565804693206, 'cooldown': 2, 'flip': False, 'en_ema_trend': False, 'ema_trend_fast': 197, 'ema_trend_slow': 304, 'en_sma_trend': False, 'sma_trend_fast': 360, 'sma_trend_slow': 35, 'en_macd': True, 'macd_fast': 80, 'macd_slow': 161, 'macd_signal': 18, 'en_vwap': True, 'en_keltner': True, 'keltner_n': 123, 'keltner_m': 3.5, 'en_obv': True, 'obv_slope': 25, 'en_cci': False, 'cci_n': 54, 'cci_threshold': 300, 'en_rsi': False, 'rsi_n': 100, 'rsi_lower': 1, 'rsi_upper': 81, 'en_stochastic': False, 'stochastic_n': 62, 'stochastic_d': 2, 'stochastic_lower': 40, 'stochastic_upper': 57, 'en_mfi': False, 'mfi_n': 11, 'mfi_lower': 44, 'mfi_upper': 54, 'en_bollinger': False, 'bollinger_n': 197, 'bollinger_k': 2.7, 'en_adx': False, 'adx_n': 35, 'adx_threshold': 35, 'en_structure_trend': True, 'structure_trend_swing_l': 9, 'en_order_block': True, 'order_block_swing_l': 13, 'en_fvg': False, 'fvg_lookback': 24, 'en_ifvg': False, 'en_breaker': True, 'breaker_swing_l': 8, 'en_cisd': False, 'k': 3, 'en_cap_bars': False, 'cap_1min': 591}.
[I 2026-07-13 16:49:16,495] Trial 310 pruned. 
[I 2026-07-13 16:49:18,942] Trial 311 pruned. 
[I 2026-07-13 16:49:22,201] Trial 312 finished with values: [-1067.9288259767873, -8272.78747090678, 43.35] and parameters: {'sl_soft': 13.854860320016092, 'sl_hard_delta': 8.255891050709304, 'tp': 20.04885011637259, 'gate_pct': 86.12081136444405, 'dd_limit': 481.936432292717, 'cooldown': 0, 'flip': True, 'en_ema_trend': True, 'ema_trend_fast': 270, 'ema_trend_slow': 2, 'en_sma_trend': True, 'sma_trend_fast': 57, 'sma_trend_slow': 37, 'en_macd': True, 'macd_fast': 97, 'macd_slow': 104, 'macd_signal': 15, 'en_vwap': True, 'en_keltner': False, 'keltner_n': 140, 'keltner_m': 0.8, 'en_obv': False, 'obv_slope': 133, 'en_cci': False, 'cci_n': 66, 'cci_threshold': 255, 'en_rsi': True, 'rsi_n': 44, 'rsi_lower': 47, 'rsi_upper': 75, 'en_stochastic': False, 'stochastic_n': 93, 'stochastic_d': 23, 'stochastic_lower': 39, 'stochastic_upper': 58, 'en_mfi': False, 'mfi_n': 94, 'mfi_lower': 6, 'mfi_upper': 84, 'en_bollinger': False, 'bollinger_n': 52, 'bollinger_k': 4.6000000000000005, 'en_adx': False, 'adx_n': 49, 'adx_threshold': 34, 'en_structure_trend': False, 'structure_trend_swing_l': 8, 'en_order_block': True, 'order_block_swing_l': 15, 'en_fvg': True, 'fvg_lookback': 29, 'en_ifvg': False, 'en_breaker': False, 'breaker_swing_l': 4, 'en_cisd': False, 'k': 2, 'en_cap_bars': False, 'cap_1min': 912}.
[I 2026-07-13 16:49:24,433] Trial 313 pruned. 
[I 2026-07-13 16:49:24,912] Trial 314 pruned. 
[I 2026-07-13 16:49:26,792] Trial 315 pruned. 
[I 2026-07-13 16:49:27,169] Trial 316 finished with values: [-899.1965090287977, -4786.6604808746615, 66.95] and parameters: {'sl_soft': 7.116195253935681, 'sl_hard_delta': 13.691627507808573, 'tp': 3.7144081978557457, 'gate_pct': 93.79805140335328, 'dd_limit': 27.16895172481854, 'cooldown': 0, 'flip': True, 'en_ema_trend': False, 'ema_trend_fast': 77, 'ema_trend_slow': 100, 'en_sma_trend': False, 'sma_trend_fast': 289, 'sma_trend_slow': 290, 'en_macd': True, 'macd_fast': 2, 'macd_slow': 132, 'macd_signal': 19, 'en_vwap': True, 'en_keltner': True, 'keltner_n': 72, 'keltner_m': 3.0, 'en_obv': True, 'obv_slope': 93, 'en_cci': False, 'cci_n': 51, 'cci_threshold': 265, 'en_rsi': False, 'rsi_n': 66, 'rsi_lower': 15, 'rsi_upper': 54, 'en_stochastic': False, 'stochastic_n': 6, 'stochastic_d': 20, 'stochastic_lower': 21, 'stochastic_upper': 69, 'en_mfi': False, 'mfi_n': 51, 'mfi_lower': 27, 'mfi_upper': 80, 'en_bollinger': False, 'bollinger_n': 86, 'bollinger_k': 2.4000000000000004, 'en_adx': False, 'adx_n': 98, 'adx_threshold': 27, 'en_structure_trend': False, 'structure_trend_swing_l': 4, 'en_order_block': False, 'order_block_swing_l': 18, 'en_fvg': True, 'fvg_lookback': 14, 'en_ifvg': False, 'en_breaker': False, 'breaker_swing_l': 20, 'en_cisd': False, 'k': 4, 'en_cap_bars': True, 'cap_1min': 693}.
[I 2026-07-13 16:49:28,067] Trial 317 pruned. 
[I 2026-07-13 16:49:28,394] Trial 318 finished with values: [616.2478852591676, -2505.379166541593, 47.75] and parameters: {'sl_soft': 14.04448354353375, 'sl_hard_delta': 0.6860455593173377, 'tp': 13.884003977721582, 'gate_pct': 79.12027635095406, 'dd_limit': 468.96228685784826, 'cooldown': 0, 'flip': False, 'en_ema_trend': True, 'ema_trend_fast': 99, 'ema_trend_slow': 64, 'en_sma_trend': False, 'sma_trend_fast': 221, 'sma_trend_slow': 357, 'en_macd': False, 'macd_fast': 56, 'macd_slow': 200, 'macd_signal': 47, 'en_vwap': True, 'en_keltner': False, 'keltner_n': 142, 'keltner_m': 3.3000000000000003, 'en_obv': True, 'obv_slope': 162, 'en_cci': True, 'cci_n': 198, 'cci_threshold': 170, 'en_rsi': False, 'rsi_n': 5, 'rsi_lower': 40, 'rsi_upper': 86, 'en_stochastic': True, 'stochastic_n': 75, 'stochastic_d': 14, 'stochastic_lower': 8, 'stochastic_upper': 95, 'en_mfi': False, 'mfi_n': 43, 'mfi_lower': 1, 'mfi_upper': 62, 'en_bollinger': False, 'bollinger_n': 125, 'bollinger_k': 0.5, 'en_adx': False, 'adx_n': 97, 'adx_threshold': 57, 'en_structure_trend': False, 'structure_trend_swing_l': 7, 'en_order_block': True, 'order_block_swing_l': 3, 'en_fvg': False, 'fvg_lookback': 26, 'en_ifvg': True, 'en_breaker': True, 'breaker_swing_l': 1, 'en_cisd': False, 'k': 4, 'en_cap_bars': True, 'cap_1min': 655}.
[I 2026-07-13 16:49:30,866] Trial 319 finished with values: [507.94255140804125, -3240.710825108863, 54.1] and parameters: {'sl_soft': 13.106247429258882, 'sl_hard_delta': 2.719794288036378, 'tp': 14.418933466206207, 'gate_pct': 90.0783114706916, 'dd_limit': 332.70974775121596, 'cooldown': 1, 'flip': True, 'en_ema_trend': True, 'ema_trend_fast': 271, 'ema_trend_slow': 361, 'en_sma_trend': True, 'sma_trend_fast': 95, 'sma_trend_slow': 163, 'en_macd': False, 'macd_fast': 47, 'macd_slow': 74, 'macd_signal': 59, 'en_vwap': True, 'en_keltner': False, 'keltner_n': 200, 'keltner_m': 4.5, 'en_obv': False, 'obv_slope': 2, 'en_cci': False, 'cci_n': 110, 'cci_threshold': 260, 'en_rsi': True, 'rsi_n': 63, 'rsi_lower': 10, 'rsi_upper': 58, 'en_stochastic': False, 'stochastic_n': 66, 'stochastic_d': 12, 'stochastic_lower': 13, 'stochastic_upper': 82, 'en_mfi': True, 'mfi_n': 67, 'mfi_lower': 45, 'mfi_upper': 90, 'en_bollinger': False, 'bollinger_n': 22, 'bollinger_k': 4.5, 'en_adx': False, 'adx_n': 82, 'adx_threshold': 19, 'en_structure_trend': True, 'structure_trend_swing_l': 1, 'en_order_block': True, 'order_block_swing_l': 20, 'en_fvg': False, 'fvg_lookback': 19, 'en_ifvg': False, 'en_breaker': False, 'breaker_swing_l': 16, 'en_cisd': False, 'k': 3, 'en_cap_bars': False, 'cap_1min': 736}.
[I 2026-07-13 16:49:37,249] Trial 320 finished with values: [283.8584947039237, -1790.000000000009, 67.1] and parameters: {'sl_soft': 10.385852258877025, 'sl_hard_delta': 16.80144505077727, 'tp': 4.570651808552556, 'gate_pct': 85.18598170405104, 'dd_limit': 11.276095451039913, 'cooldown': 0, 'flip': False, 'en_ema_trend': False, 'ema_trend_fast': 384, 'ema_trend_slow': 212, 'en_sma_trend': False, 'sma_trend_fast': 265, 'sma_trend_slow': 323, 'en_macd': True, 'macd_fast': 48, 'macd_slow': 186, 'macd_signal': 60, 'en_vwap': True, 'en_keltner': True, 'keltner_n': 32, 'keltner_m': 1.3, 'en_obv': False, 'obv_slope': 68, 'en_cci': False, 'cci_n': 141, 'cci_threshold': 160, 'en_rsi': True, 'rsi_n': 12, 'rsi_lower': 3, 'rsi_upper': 69, 'en_stochastic': True, 'stochastic_n': 86, 'stochastic_d': 43, 'stochastic_lower': 4, 'stochastic_upper': 92, 'en_mfi': True, 'mfi_n': 46, 'mfi_lower': 28, 'mfi_upper': 75, 'en_bollinger': False, 'bollinger_n': 22, 'bollinger_k': 2.1, 'en_adx': False, 'adx_n': 73, 'adx_threshold': 33, 'en_structure_trend': True, 'structure_trend_swing_l': 20, 'en_order_block': False, 'order_block_swing_l': 2, 'en_fvg': True, 'fvg_lookback': 41, 'en_ifvg': False, 'en_breaker': False, 'breaker_swing_l': 15, 'en_cisd': False, 'k': 5, 'en_cap_bars': False, 'cap_1min': 1380}.
[I 2026-07-13 16:49:40,085] Trial 321 finished with values: [687.2361606120535, -1372.4637370688015, 66.4] and parameters: {'sl_soft': 14.04448354353375, 'sl_hard_delta': 0.6860455593173377, 'tp': 6.614104189059038, 'gate_pct': 80.28577378768065, 'dd_limit': 468.96228685784826, 'cooldown': 0, 'flip': False, 'en_ema_trend': False, 'ema_trend_fast': 101, 'ema_trend_slow': 238, 'en_sma_trend': True, 'sma_trend_fast': 345, 'sma_trend_slow': 290, 'en_macd': True, 'macd_fast': 56, 'macd_slow': 125, 'macd_signal': 82, 'en_vwap': True, 'en_keltner': True, 'keltner_n': 93, 'keltner_m': 4.300000000000001, 'en_obv': True, 'obv_slope': 162, 'en_cci': False, 'cci_n': 51, 'cci_threshold': 155, 'en_rsi': False, 'rsi_n': 5, 'rsi_lower': 32, 'rsi_upper': 63, 'en_stochastic': False, 'stochastic_n': 50, 'stochastic_d': 50, 'stochastic_lower': 2, 'stochastic_upper': 77, 'en_mfi': False, 'mfi_n': 84, 'mfi_lower': 19, 'mfi_upper': 67, 'en_bollinger': False, 'bollinger_n': 161, 'bollinger_k': 3.4000000000000004, 'en_adx': False, 'adx_n': 7, 'adx_threshold': 57, 'en_structure_trend': False, 'structure_trend_swing_l': 17, 'en_order_block': True, 'order_block_swing_l': 1, 'en_fvg': True, 'fvg_lookback': 26, 'en_ifvg': True, 'en_breaker': True, 'breaker_swing_l': 1, 'en_cisd': False, 'k': 4, 'en_cap_bars': True, 'cap_1min': 655}.
