[I 2026-07-13 16:44:45,141] Trial 152 finished with values: [-375.2451249277783, -578.3905582387774, 30.95] and parameters: {'sl_soft': 3.7110948278494957, 'sl_hard_delta': 0.14484222707573952, 'tp': 5.279230480763317, 'gate_pct': 73.0036735816267, 'dd_limit': 390.2569167971573, 'cooldown': 4, 'flip': True, 'en_ema_trend': False, 'ema_trend_fast': 317, 'ema_trend_slow': 38, 'en_sma_trend': False, 'sma_trend_fast': 141, 'sma_trend_slow': 171, 'en_macd': False, 'macd_fast': 80, 'macd_slow': 47, 'macd_signal': 9, 'en_vwap': False, 'en_keltner': False, 'keltner_n': 77, 'keltner_m': 1.8, 'en_obv': False, 'obv_slope': 110, 'en_cci': True, 'cci_n': 125, 'cci_threshold': 30, 'en_rsi': True, 'rsi_n': 15, 'rsi_lower': 41, 'rsi_upper': 82, 'en_stochastic': True, 'stochastic_n': 89, 'stochastic_d': 3, 'stochastic_lower': 2, 'stochastic_upper': 77, 'en_mfi': False, 'mfi_n': 97, 'mfi_lower': 7, 'mfi_upper': 86, 'en_bollinger': False, 'bollinger_n': 32, 'bollinger_k': 3.8000000000000003, 'en_adx': False, 'adx_n': 17, 'adx_threshold': 6, 'en_structure_trend': True, 'structure_trend_swing_l': 11, 'en_order_block': True, 'order_block_swing_l': 9, 'en_fvg': True, 'fvg_lookback': 50, 'en_ifvg': False, 'en_breaker': False, 'breaker_swing_l': 17, 'en_cisd': False, 'k': 1, 'en_cap_bars': True, 'cap_1min': 272}.
[I 2026-07-13 16:44:46,177] Trial 153 pruned. 
[I 2026-07-13 16:44:47,728] Trial 154 pruned. 
[I 2026-07-13 16:44:49,525] Trial 155 pruned. 
[I 2026-07-13 16:44:51,459] Trial 156 pruned. 
[I 2026-07-13 16:44:52,151] Trial 157 pruned. 
[I 2026-07-13 16:44:53,268] Trial 158 pruned. 
[I 2026-07-13 16:44:59,100] Trial 159 finished with values: [-797.2483457274734, -2963.9597569372654, 47.400000000000006] and parameters: {'sl_soft': 6.1978353434938, 'sl_hard_delta': 9.463943776038137, 'tp': 6.531543551607543, 'gate_pct': 62.75122947526989, 'dd_limit': 413.1031355436915, 'cooldown': 2, 'flip': False, 'en_ema_trend': False, 'ema_trend_fast': 88, 'ema_trend_slow': 231, 'en_sma_trend': False, 'sma_trend_fast': 387, 'sma_trend_slow': 194, 'en_macd': True, 'macd_fast': 71, 'macd_slow': 43, 'macd_signal': 14, 'en_vwap': True, 'en_keltner': False, 'keltner_n': 84, 'keltner_m': 3.7, 'en_obv': True, 'obv_slope': 180, 'en_cci': True, 'cci_n': 48, 'cci_threshold': 240, 'en_rsi': False, 'rsi_n': 36, 'rsi_lower': 8, 'rsi_upper': 81, 'en_stochastic': False, 'stochastic_n': 16, 'stochastic_d': 36, 'stochastic_lower': 38, 'stochastic_upper': 82, 'en_mfi': False, 'mfi_n': 52, 'mfi_lower': 23, 'mfi_upper': 97, 'en_bollinger': True, 'bollinger_n': 24, 'bollinger_k': 4.9, 'en_adx': True, 'adx_n': 88, 'adx_threshold': 11, 'en_structure_trend': False, 'structure_trend_swing_l': 13, 'en_order_block': False, 'order_block_swing_l': 19, 'en_fvg': False, 'fvg_lookback': 23, 'en_ifvg': False, 'en_breaker': False, 'breaker_swing_l': 1, 'en_cisd': True, 'k': 2, 'en_cap_bars': False, 'cap_1min': 884}.
[I 2026-07-13 16:44:59,347] Trial 160 pruned. 
[I 2026-07-13 16:45:00,607] Trial 161 pruned. 
[I 2026-07-13 16:45:01,385] Trial 162 pruned. 
[I 2026-07-13 16:45:02,682] Trial 163 pruned. 
[I 2026-07-13 16:45:03,309] Trial 164 pruned. 
[I 2026-07-13 16:45:05,785] Trial 165 finished with values: [326.14842343514283, -3962.8395184792907, 41.7] and parameters: {'sl_soft': 8.384213806762721, 'sl_hard_delta': 6.923516358804825, 'tp': 13.443209630415108, 'gate_pct': 50.62306212399367, 'dd_limit': 318.47303408491894, 'cooldown': 1, 'flip': False, 'en_ema_trend': True, 'ema_trend_fast': 374, 'ema_trend_slow': 70, 'en_sma_trend': True, 'sma_trend_fast': 190, 'sma_trend_slow': 272, 'en_macd': False, 'macd_fast': 72, 'macd_slow': 190, 'macd_signal': 59, 'en_vwap': False, 'en_keltner': False, 'keltner_n': 117, 'keltner_m': 4.6000000000000005, 'en_obv': True, 'obv_slope': 101, 'en_cci': True, 'cci_n': 135, 'cci_threshold': 125, 'en_rsi': True, 'rsi_n': 85, 'rsi_lower': 36, 'rsi_upper': 76, 'en_stochastic': False, 'stochastic_n': 89, 'stochastic_d': 32, 'stochastic_lower': 17, 'stochastic_upper': 60, 'en_mfi': False, 'mfi_n': 48, 'mfi_lower': 41, 'mfi_upper': 96, 'en_bollinger': False, 'bollinger_n': 64, 'bollinger_k': 3.4000000000000004, 'en_adx': False, 'adx_n': 70, 'adx_threshold': 54, 'en_structure_trend': False, 'structure_trend_swing_l': 12, 'en_order_block': True, 'order_block_swing_l': 10, 'en_fvg': False, 'fvg_lookback': 12, 'en_ifvg': False, 'en_breaker': False, 'breaker_swing_l': 6, 'en_cisd': False, 'k': 2, 'en_cap_bars': False, 'cap_1min': 1349}.
[I 2026-07-13 16:45:06,775] Trial 166 pruned. 
[I 2026-07-13 16:45:08,415] Trial 167 pruned. 
[I 2026-07-13 16:45:10,920] Trial 168 pruned. 
[I 2026-07-13 16:45:12,136] Trial 169 pruned. 
[I 2026-07-13 16:45:13,003] Trial 170 pruned. 
[I 2026-07-13 16:45:14,171] Trial 171 pruned. 
[I 2026-07-13 16:45:15,316] Trial 172 pruned. 
[I 2026-07-13 16:45:17,010] Trial 173 pruned. 
[I 2026-07-13 16:45:18,312] Trial 174 pruned. 
[I 2026-07-13 16:45:19,681] Trial 175 pruned. 
[I 2026-07-13 16:45:20,861] Trial 176 pruned. 
[I 2026-07-13 16:45:22,643] Trial 177 pruned. 
[I 2026-07-13 16:45:23,878] Trial 178 pruned. 
[I 2026-07-13 16:45:24,938] Trial 179 pruned. 
[I 2026-07-13 16:45:27,662] Trial 180 finished with values: [585.3123437820273, -3833.2863212075267, 51.7] and parameters: {'sl_soft': 9.995023840502952, 'sl_hard_delta': 7.721085928282524, 'tp': 11.360867627401685, 'gate_pct': 98.72479828405353, 'dd_limit': 498.9311820803506, 'cooldown': 2, 'flip': True, 'en_ema_trend': True, 'ema_trend_fast': 81, 'ema_trend_slow': 391, 'en_sma_trend': True, 'sma_trend_fast': 382, 'sma_trend_slow': 115, 'en_macd': True, 'macd_fast': 10, 'macd_slow': 23, 'macd_signal': 71, 'en_vwap': False, 'en_keltner': False, 'keltner_n': 146, 'keltner_m': 2.3, 'en_obv': False, 'obv_slope': 105, 'en_cci': True, 'cci_n': 67, 'cci_threshold': 30, 'en_rsi': False, 'rsi_n': 71, 'rsi_lower': 8, 'rsi_upper': 59, 'en_stochastic': False, 'stochastic_n': 71, 'stochastic_d': 41, 'stochastic_lower': 2, 'stochastic_upper': 79, 'en_mfi': False, 'mfi_n': 94, 'mfi_lower': 43, 'mfi_upper': 66, 'en_bollinger': True, 'bollinger_n': 37, 'bollinger_k': 3.7, 'en_adx': False, 'adx_n': 53, 'adx_threshold': 43, 'en_structure_trend': True, 'structure_trend_swing_l': 16, 'en_order_block': False, 'order_block_swing_l': 19, 'en_fvg': True, 'fvg_lookback': 20, 'en_ifvg': False, 'en_breaker': True, 'breaker_swing_l': 7, 'en_cisd': True, 'k': 5, 'en_cap_bars': True, 'cap_1min': 686}.
[I 2026-07-13 16:45:28,805] Trial 181 pruned. 
[I 2026-07-13 16:45:30,536] Trial 182 pruned. 
[I 2026-07-13 16:45:31,706] Trial 183 pruned. 
[I 2026-07-13 16:45:34,176] Trial 184 pruned. 
[I 2026-07-13 16:45:35,699] Trial 185 pruned. 
[I 2026-07-13 16:45:37,995] Trial 186 pruned. 
[I 2026-07-13 16:45:43,957] Trial 187 pruned. 
[I 2026-07-13 16:45:44,919] Trial 188 pruned. 
[I 2026-07-13 16:45:45,925] Trial 189 pruned. 
[I 2026-07-13 16:45:47,279] Trial 190 pruned. 
[I 2026-07-13 16:45:49,105] Trial 191 pruned. 
[I 2026-07-13 16:45:49,939] Trial 192 pruned. 
[I 2026-07-13 16:45:50,505] Trial 193 pruned. 
[I 2026-07-13 16:45:52,431] Trial 194 pruned. 
[I 2026-07-13 16:45:56,727] Trial 195 pruned. 
[I 2026-07-13 16:45:57,731] Trial 196 pruned. 
[I 2026-07-13 16:46:00,530] Trial 197 pruned. 
[I 2026-07-13 16:46:01,426] Trial 198 pruned. 
[I 2026-07-13 16:46:14,482] Trial 199 finished with values: [-1763.96747471681, -3982.29379708132, 29.549999999999997] and parameters: {'sl_soft': 4.97629958110858, 'sl_hard_delta': 2.1351694042982152, 'tp': 11.60481856077146, 'gate_pct': 94.5832156131506, 'dd_limit': 464.26222199318715, 'cooldown': 1, 'flip': True, 'en_ema_trend': False, 'ema_trend_fast': 205, 'ema_trend_slow': 187, 'en_sma_trend': True, 'sma_trend_fast': 360, 'sma_trend_slow': 50, 'en_macd': True, 'macd_fast': 54, 'macd_slow': 89, 'macd_signal': 91, 'en_vwap': True, 'en_keltner': False, 'keltner_n': 163, 'keltner_m': 3.3000000000000003, 'en_obv': False, 'obv_slope': 82, 'en_cci': False, 'cci_n': 32, 'cci_threshold': 190, 'en_rsi': True, 'rsi_n': 94, 'rsi_lower': 43, 'rsi_upper': 70, 'en_stochastic': True, 'stochastic_n': 46, 'stochastic_d': 28, 'stochastic_lower': 20, 'stochastic_upper': 72, 'en_mfi': True, 'mfi_n': 7, 'mfi_lower': 12, 'mfi_upper': 58, 'en_bollinger': True, 'bollinger_n': 15, 'bollinger_k': 2.8000000000000003, 'en_adx': True, 'adx_n': 52, 'adx_threshold': 8, 'en_structure_trend': False, 'structure_trend_swing_l': 14, 'en_order_block': False, 'order_block_swing_l': 18, 'en_fvg': False, 'fvg_lookback': 34, 'en_ifvg': False, 'en_breaker': False, 'breaker_swing_l': 3, 'en_cisd': False, 'k': 1, 'en_cap_bars': True, 'cap_1min': 456}.
[I 2026-07-13 16:46:14,779] Trial 200 pruned. 
[I 2026-07-13 16:46:16,309] Trial 201 pruned. 
[I 2026-07-13 16:46:17,702] Trial 202 pruned. 
[I 2026-07-13 16:46:18,854] Trial 203 pruned. 
[I 2026-07-13 16:46:22,030] Trial 204 pruned. 
[I 2026-07-13 16:46:23,171] Trial 205 pruned. 
[I 2026-07-13 16:46:24,378] Trial 206 pruned. 
[I 2026-07-13 16:46:26,339] Trial 207 pruned. 
[I 2026-07-13 16:46:28,389] Trial 208 pruned. 
[I 2026-07-13 16:46:29,061] Trial 209 pruned. 
[I 2026-07-13 16:46:32,533] Trial 210 finished with values: [25.644479850768676, -3950.2365186280485, 69.75] and parameters: {'sl_soft': 4.73057316263611, 'sl_hard_delta': 9.060635850755673, 'tp': 2.448885590190197, 'gate_pct': 93.79805140335328, 'dd_limit': 27.16895172481854, 'cooldown': 1, 'flip': True, 'en_ema_trend': False, 'ema_trend_fast': 77, 'ema_trend_slow': 100, 'en_sma_trend': False, 'sma_trend_fast': 289, 'sma_trend_slow': 290, 'en_macd': True, 'macd_fast': 2, 'macd_slow': 132, 'macd_signal': 19, 'en_vwap': True, 'en_keltner': True, 'keltner_n': 72, 'keltner_m': 3.0, 'en_obv': True, 'obv_slope': 93, 'en_cci': False, 'cci_n': 51, 'cci_threshold': 265, 'en_rsi': False, 'rsi_n': 66, 'rsi_lower': 15, 'rsi_upper': 54, 'en_stochastic': False, 'stochastic_n': 6, 'stochastic_d': 20, 'stochastic_lower': 21, 'stochastic_upper': 69, 'en_mfi': False, 'mfi_n': 51, 'mfi_lower': 27, 'mfi_upper': 80, 'en_bollinger': False, 'bollinger_n': 86, 'bollinger_k': 2.4000000000000004, 'en_adx': False, 'adx_n': 98, 'adx_threshold': 27, 'en_structure_trend': False, 'structure_trend_swing_l': 4, 'en_order_block': False, 'order_block_swing_l': 18, 'en_fvg': True, 'fvg_lookback': 14, 'en_ifvg': False, 'en_breaker': False, 'breaker_swing_l': 20, 'en_cisd': False, 'k': 4, 'en_cap_bars': True, 'cap_1min': 693}.
[I 2026-07-13 16:46:36,072] Trial 211 pruned. 
[I 2026-07-13 16:46:36,774] Trial 212 pruned. 
[I 2026-07-13 16:46:39,104] Trial 213 pruned. 
[I 2026-07-13 16:46:41,192] Trial 214 pruned. 
[I 2026-07-13 16:46:44,183] Trial 215 finished with values: [55.77893581950093, -2098.107249013242, 64.25] and parameters: {'sl_soft': 5.761766980222999, 'sl_hard_delta': 10.270652176163484, 'tp': 4.417568544030326, 'gate_pct': 80.24193898753819, 'dd_limit': 273.50258854235346, 'cooldown': 0, 'flip': False, 'en_ema_trend': False, 'ema_trend_fast': 91, 'ema_trend_slow': 109, 'en_sma_trend': True, 'sma_trend_fast': 139, 'sma_trend_slow': 109, 'en_macd': False, 'macd_fast': 6, 'macd_slow': 105, 'macd_signal': 87, 'en_vwap': True, 'en_keltner': True, 'keltner_n': 190, 'keltner_m': 4.7, 'en_obv': True, 'obv_slope': 53, 'en_cci': False, 'cci_n': 102, 'cci_threshold': 65, 'en_rsi': True, 'rsi_n': 73, 'rsi_lower': 11, 'rsi_upper': 69, 'en_stochastic': False, 'stochastic_n': 84, 'stochastic_d': 47, 'stochastic_lower': 2, 'stochastic_upper': 91, 'en_mfi': False, 'mfi_n': 61, 'mfi_lower': 13, 'mfi_upper': 78, 'en_bollinger': False, 'bollinger_n': 161, 'bollinger_k': 1.0, 'en_adx': False, 'adx_n': 19, 'adx_threshold': 55, 'en_structure_trend': False, 'structure_trend_swing_l': 19, 'en_order_block': False, 'order_block_swing_l': 10, 'en_fvg': False, 'fvg_lookback': 28, 'en_ifvg': True, 'en_breaker': True, 'breaker_swing_l': 3, 'en_cisd': True, 'k': 2, 'en_cap_bars': True, 'cap_1min': 1333}.
[I 2026-07-13 16:46:45,180] Trial 216 pruned. 
[I 2026-07-13 16:46:46,033] Trial 217 pruned. 
[I 2026-07-13 16:46:54,950] Trial 218 finished with values: [-299.30330675344976, -1053.2563491382234, 67.5] and parameters: {'sl_soft': 8.40897221696315, 'sl_hard_delta': 5.54924080899456, 'tp': 3.111624339078542, 'gate_pct': 79.12027635095406, 'dd_limit': 234.1688012834486, 'cooldown': 5, 'flip': True, 'en_ema_trend': True, 'ema_trend_fast': 373, 'ema_trend_slow': 316, 'en_sma_trend': False, 'sma_trend_fast': 221, 'sma_trend_slow': 357, 'en_macd': False, 'macd_fast': 9, 'macd_slow': 15, 'macd_signal': 47, 'en_vwap': False, 'en_keltner': True, 'keltner_n': 142, 'keltner_m': 1.6, 'en_obv': True, 'obv_slope': 182, 'en_cci': True, 'cci_n': 198, 'cci_threshold': 170, 'en_rsi': False, 'rsi_n': 77, 'rsi_lower': 40, 'rsi_upper': 86, 'en_stochastic': True, 'stochastic_n': 75, 'stochastic_d': 14, 'stochastic_lower': 8, 'stochastic_upper': 95, 'en_mfi': False, 'mfi_n': 92, 'mfi_lower': 1, 'mfi_upper': 62, 'en_bollinger': False, 'bollinger_n': 125, 'bollinger_k': 4.300000000000001, 'en_adx': False, 'adx_n': 97, 'adx_threshold': 59, 'en_structure_trend': False, 'structure_trend_swing_l': 7, 'en_order_block': False, 'order_block_swing_l': 3, 'en_fvg': False, 'fvg_lookback': 28, 'en_ifvg': False, 'en_breaker': True, 'breaker_swing_l': 15, 'en_cisd': True, 'k': 4, 'en_cap_bars': True, 'cap_1min': 948}.
[I 2026-07-13 16:46:56,070] Trial 219 pruned. 
[I 2026-07-13 16:46:56,948] Trial 220 pruned. 
[I 2026-07-13 16:46:58,804] Trial 221 pruned. 
[I 2026-07-13 16:47:01,024] Trial 222 pruned. 
[I 2026-07-13 16:47:01,902] Trial 223 pruned. 
[I 2026-07-13 16:47:02,670] Trial 224 pruned. 
[I 2026-07-13 16:47:10,261] Trial 225 finished with values: [-831.2173669607773, -3250.2978813070513, 26.45] and parameters: {'sl_soft': 4.24679221426132, 'sl_hard_delta': 11.437008398818676, 'tp': 11.847021186929876, 'gate_pct': 70.9400490465145, 'dd_limit': 450.3775744303881, 'cooldown': 0, 'flip': True, 'en_ema_trend': False, 'ema_trend_fast': 145, 'ema_trend_slow': 280, 'en_sma_trend': False, 'sma_trend_fast': 72, 'sma_trend_slow': 277, 'en_macd': True, 'macd_fast': 40, 'macd_slow': 164, 'macd_signal': 86, 'en_vwap': False, 'en_keltner': False, 'keltner_n': 170, 'keltner_m': 2.2, 'en_obv': False, 'obv_slope': 92, 'en_cci': False, 'cci_n': 72, 'cci_threshold': 25, 'en_rsi': True, 'rsi_n': 94, 'rsi_lower': 39, 'rsi_upper': 69, 'en_stochastic': True, 'stochastic_n': 94, 'stochastic_d': 39, 'stochastic_lower': 2, 'stochastic_upper': 81, 'en_mfi': True, 'mfi_n': 68, 'mfi_lower': 25, 'mfi_upper': 87, 'en_bollinger': True, 'bollinger_n': 118, 'bollinger_k': 4.7, 'en_adx': False, 'adx_n': 90, 'adx_threshold': 14, 'en_structure_trend': True, 'structure_trend_swing_l': 18, 'en_order_block': False, 'order_block_swing_l': 2, 'en_fvg': True, 'fvg_lookback': 1, 'en_ifvg': False, 'en_breaker': False, 'breaker_swing_l': 8, 'en_cisd': False, 'k': 2, 'en_cap_bars': True, 'cap_1min': 975}.
[I 2026-07-13 16:47:11,710] Trial 226 pruned. 
[I 2026-07-13 16:47:18,899] Trial 227 finished with values: [361.26613897787365, -679.9999999999955, 36.65] and parameters: {'sl_soft': 2.1435989830006124, 'sl_hard_delta': 10.912663971419876, 'tp': 13.975322779557832, 'gate_pct': 89.05172352244134, 'dd_limit': 28.9935892757227, 'cooldown': 5, 'flip': False, 'en_ema_trend': True, 'ema_trend_fast': 77, 'ema_trend_slow': 129, 'en_sma_trend': False, 'sma_trend_fast': 305, 'sma_trend_slow': 160, 'en_macd': True, 'macd_fast': 98, 'macd_slow': 94, 'macd_signal': 30, 'en_vwap': True, 'en_keltner': False, 'keltner_n': 49, 'keltner_m': 4.1, 'en_obv': False, 'obv_slope': 30, 'en_cci': False, 'cci_n': 71, 'cci_threshold': 255, 'en_rsi': False, 'rsi_n': 58, 'rsi_lower': 9, 'rsi_upper': 60, 'en_stochastic': True, 'stochastic_n': 35, 'stochastic_d': 27, 'stochastic_lower': 14, 'stochastic_upper': 82, 'en_mfi': False, 'mfi_n': 58, 'mfi_lower': 19, 'mfi_upper': 87, 'en_bollinger': False, 'bollinger_n': 108, 'bollinger_k': 0.6, 'en_adx': False, 'adx_n': 29, 'adx_threshold': 32, 'en_structure_trend': False, 'structure_trend_swing_l': 16, 'en_order_block': False, 'order_block_swing_l': 19, 'en_fvg': True, 'fvg_lookback': 25, 'en_ifvg': True, 'en_breaker': False, 'breaker_swing_l': 12, 'en_cisd': True, 'k': 3, 'en_cap_bars': False, 'cap_1min': 522}.
[I 2026-07-13 16:47:20,152] Trial 228 pruned. 
[I 2026-07-13 16:47:21,786] Trial 229 pruned. 
[I 2026-07-13 16:47:22,725] Trial 230 pruned. 
[I 2026-07-13 16:47:26,777] Trial 231 finished with values: [-1500.6160596039194, -2720.9669916080884, 65.3] and parameters: {'sl_soft': 6.876285572128866, 'sl_hard_delta': 1.0738214909244799, 'tp': 3.0323064817924354, 'gate_pct': 85.18598170405104, 'dd_limit': 90.3727642395569, 'cooldown': 1, 'flip': False, 'en_ema_trend': True, 'ema_trend_fast': 384, 'ema_trend_slow': 150, 'en_sma_trend': False, 'sma_trend_fast': 265, 'sma_trend_slow': 383, 'en_macd': False, 'macd_fast': 49, 'macd_slow': 56, 'macd_signal': 60, 'en_vwap': True, 'en_keltner': True, 'keltner_n': 48, 'keltner_m': 3.8000000000000003, 'en_obv': True, 'obv_slope': 68, 'en_cci': True, 'cci_n': 141, 'cci_threshold': 160, 'en_rsi': True, 'rsi_n': 13, 'rsi_lower': 24, 'rsi_upper': 65, 'en_stochastic': False, 'stochastic_n': 86, 'stochastic_d': 11, 'stochastic_lower': 4, 'stochastic_upper': 92, 'en_mfi': True, 'mfi_n': 46, 'mfi_lower': 28, 'mfi_upper': 75, 'en_bollinger': False, 'bollinger_n': 22, 'bollinger_k': 3.4000000000000004, 'en_adx': False, 'adx_n': 68, 'adx_threshold': 33, 'en_structure_trend': False, 'structure_trend_swing_l': 20, 'en_order_block': False, 'order_block_swing_l': 2, 'en_fvg': True, 'fvg_lookback': 41, 'en_ifvg': False, 'en_breaker': False, 'breaker_swing_l': 3, 'en_cisd': False, 'k': 5, 'en_cap_bars': False, 'cap_1min': 898}.
[I 2026-07-13 16:47:29,070] Trial 232 pruned. 
[I 2026-07-13 16:47:30,190] Trial 233 pruned. 
[I 2026-07-13 16:47:31,275] Trial 234 pruned. 
[I 2026-07-13 16:47:32,409] Trial 235 pruned. 
[I 2026-07-13 16:47:36,305] Trial 236 finished with values: [-194.66993698458737, -3179.9999999999727, 37.75] and parameters: {'sl_soft': 7.963309114202845, 'sl_hard_delta': 13.115444990856178, 'tp': 11.23045750294532, 'gate_pct': 55.54604922689242, 'dd_limit': 127.32159505578339, 'cooldown': 0, 'flip': False, 'en_ema_trend': True, 'ema_trend_fast': 249, 'ema_trend_slow': 337, 'en_sma_trend': False, 'sma_trend_fast': 299, 'sma_trend_slow': 378, 'en_macd': True, 'macd_fast': 13, 'macd_slow': 187, 'macd_signal': 30, 'en_vwap': True, 'en_keltner': False, 'keltner_n': 60, 'keltner_m': 3.6, 'en_obv': True, 'obv_slope': 13, 'en_cci': True, 'cci_n': 46, 'cci_threshold': 20, 'en_rsi': False, 'rsi_n': 93, 'rsi_lower': 44, 'rsi_upper': 89, 'en_stochastic': False, 'stochastic_n': 64, 'stochastic_d': 26, 'stochastic_lower': 15, 'stochastic_upper': 90, 'en_mfi': False, 'mfi_n': 33, 'mfi_lower': 31, 'mfi_upper': 89, 'en_bollinger': False, 'bollinger_n': 7, 'bollinger_k': 3.0, 'en_adx': False, 'adx_n': 34, 'adx_threshold': 42, 'en_structure_trend': False, 'structure_trend_swing_l': 17, 'en_order_block': False, 'order_block_swing_l': 5, 'en_fvg': True, 'fvg_lookback': 11, 'en_ifvg': True, 'en_breaker': True, 'breaker_swing_l': 11, 'en_cisd': True, 'k': 5, 'en_cap_bars': False, 'cap_1min': 782}.
[I 2026-07-13 16:47:37,888] Trial 237 pruned. 
[I 2026-07-13 16:47:39,767] Trial 238 pruned. 
[I 2026-07-13 16:47:41,624] Trial 239 pruned. 
[I 2026-07-13 16:47:41,910] Trial 240 pruned. 
[I 2026-07-13 16:47:43,700] Trial 241 pruned. 
[I 2026-07-13 16:47:45,211] Trial 242 pruned. 
[I 2026-07-13 16:47:51,577] Trial 243 finished with values: [-970.1698107926063, -2900.0849053963293, 47.9] and parameters: {'sl_soft': 8.056525561509558, 'sl_hard_delta': 11.643957490235252, 'tp': 5.89915094603701, 'gate_pct': 76.97662112798537, 'dd_limit': 286.19890104939805, 'cooldown': 4, 'flip': True, 'en_ema_trend': False, 'ema_trend_fast': 290, 'ema_trend_slow': 380, 'en_sma_trend': True, 'sma_trend_fast': 45, 'sma_trend_slow': 307, 'en_macd': False, 'macd_fast': 60, 'macd_slow': 5, 'macd_signal': 72, 'en_vwap': True, 'en_keltner': False, 'keltner_n': 3, 'keltner_m': 4.6000000000000005, 'en_obv': True, 'obv_slope': 56, 'en_cci': True, 'cci_n': 3, 'cci_threshold': 220, 'en_rsi': False, 'rsi_n': 71, 'rsi_lower': 28, 'rsi_upper': 73, 'en_stochastic': False, 'stochastic_n': 62, 'stochastic_d': 40, 'stochastic_lower': 48, 'stochastic_upper': 81, 'en_mfi': False, 'mfi_n': 51, 'mfi_lower': 49, 'mfi_upper': 72, 'en_bollinger': False, 'bollinger_n': 181, 'bollinger_k': 3.0, 'en_adx': True, 'adx_n': 62, 'adx_threshold': 12, 'en_structure_trend': False, 'structure_trend_swing_l': 7, 'en_order_block': False, 'order_block_swing_l': 15, 'en_fvg': True, 'fvg_lookback': 28, 'en_ifvg': False, 'en_breaker': False, 'breaker_swing_l': 6, 'en_cisd': True, 'k': 2, 'en_cap_bars': False, 'cap_1min': 1263}.
[I 2026-07-13 16:47:53,336] Trial 244 pruned. 
[I 2026-07-13 16:47:54,113] Trial 245 pruned. 
[I 2026-07-13 16:47:56,530] Trial 246 pruned. 
[I 2026-07-13 16:47:58,402] Trial 247 pruned. 
[I 2026-07-13 16:47:59,979] Trial 248 pruned. 
[I 2026-07-13 16:48:01,188] Trial 249 pruned. 
