[I 2026-07-13 17:27:25,201] Trial 1334 finished with values: [339.8083811767947, -1410.0108487265857, 43.2] and parameters: {'sl_soft': 2.588282143197288, 'sl_hard_delta': 0.47861910073547576, 'tp': 4.4104709148058445, 'gate_pct': 75.29895741667805, 'dd_limit': 379.61887235308626, 'cooldown': 1, 'flip': True, 'en_ema_trend': True, 'ema_trend_fast': 33, 'ema_trend_slow': 116, 'en_sma_trend': False, 'sma_trend_fast': 29, 'sma_trend_slow': 121, 'en_macd': True, 'macd_fast': 37, 'macd_slow': 28, 'macd_signal': 10, 'en_vwap': True, 'en_keltner': True, 'keltner_n': 48, 'keltner_m': 0.9, 'en_obv': True, 'obv_slope': 36, 'en_cci': False, 'cci_n': 27, 'cci_threshold': 85, 'en_rsi': True, 'rsi_n': 39, 'rsi_lower': 23, 'rsi_upper': 83, 'en_stochastic': False, 'stochastic_n': 25, 'stochastic_d': 11, 'stochastic_lower': 3, 'stochastic_upper': 72, 'en_mfi': True, 'mfi_n': 63, 'mfi_lower': 34, 'mfi_upper': 84, 'en_bollinger': True, 'bollinger_n': 127, 'bollinger_k': 2.1, 'en_adx': False, 'adx_n': 6, 'adx_threshold': 32, 'en_structure_trend': True, 'structure_trend_swing_l': 8, 'en_order_block': False, 'order_block_swing_l': 20, 'en_fvg': False, 'fvg_lookback': 29, 'en_ifvg': True, 'en_breaker': True, 'breaker_swing_l': 15, 'en_cisd': True, 'k': 4, 'en_cap_bars': True, 'cap_1min': 1380}.
[I 2026-07-13 17:27:25,602] Trial 1335 finished with values: [623.2489330500471, -830.2675569532767, 50.0] and parameters: {'sl_soft': 2.34715147057422, 'sl_hard_delta': 0.47861910073547576, 'tp': 4.4104709148058445, 'gate_pct': 53.84741825883083, 'dd_limit': 379.61887235308626, 'cooldown': 2, 'flip': False, 'en_ema_trend': False, 'ema_trend_fast': 260, 'ema_trend_slow': 334, 'en_sma_trend': False, 'sma_trend_fast': 29, 'sma_trend_slow': 114, 'en_macd': True, 'macd_fast': 37, 'macd_slow': 177, 'macd_signal': 10, 'en_vwap': False, 'en_keltner': True, 'keltner_n': 158, 'keltner_m': 4.5, 'en_obv': True, 'obv_slope': 169, 'en_cci': True, 'cci_n': 49, 'cci_threshold': 85, 'en_rsi': True, 'rsi_n': 77, 'rsi_lower': 17, 'rsi_upper': 58, 'en_stochastic': True, 'stochastic_n': 40, 'stochastic_d': 14, 'stochastic_lower': 3, 'stochastic_upper': 53, 'en_mfi': True, 'mfi_n': 71, 'mfi_lower': 34, 'mfi_upper': 82, 'en_bollinger': True, 'bollinger_n': 60, 'bollinger_k': 4.300000000000001, 'en_adx': False, 'adx_n': 6, 'adx_threshold': 43, 'en_structure_trend': False, 'structure_trend_swing_l': 8, 'en_order_block': False, 'order_block_swing_l': 7, 'en_fvg': False, 'fvg_lookback': 29, 'en_ifvg': False, 'en_breaker': False, 'breaker_swing_l': 15, 'en_cisd': True, 'k': 4, 'en_cap_bars': True, 'cap_1min': 736}.
[I 2026-07-13 17:27:25,823] Trial 1336 pruned. 
[I 2026-07-13 17:27:26,020] Trial 1337 finished with values: [-115.69965790246215, -730.0000000000182, 26.8] and parameters: {'sl_soft': 2.34715147057422, 'sl_hard_delta': 3.9050213100332094, 'tp': 7.943003420975532, 'gate_pct': 79.79473082398957, 'dd_limit': 390.2087279618219, 'cooldown': 1, 'flip': False, 'en_ema_trend': False, 'ema_trend_fast': 83, 'ema_trend_slow': 125, 'en_sma_trend': False, 'sma_trend_fast': 292, 'sma_trend_slow': 114, 'en_macd': True, 'macd_fast': 9, 'macd_slow': 177, 'macd_signal': 65, 'en_vwap': False, 'en_keltner': True, 'keltner_n': 158, 'keltner_m': 2.8000000000000003, 'en_obv': False, 'obv_slope': 160, 'en_cci': True, 'cci_n': 9, 'cci_threshold': 20, 'en_rsi': True, 'rsi_n': 77, 'rsi_lower': 17, 'rsi_upper': 58, 'en_stochastic': False, 'stochastic_n': 45, 'stochastic_d': 37, 'stochastic_lower': 5, 'stochastic_upper': 72, 'en_mfi': True, 'mfi_n': 11, 'mfi_lower': 34, 'mfi_upper': 65, 'en_bollinger': True, 'bollinger_n': 78, 'bollinger_k': 3.4000000000000004, 'en_adx': False, 'adx_n': 24, 'adx_threshold': 17, 'en_structure_trend': True, 'structure_trend_swing_l': 13, 'en_order_block': False, 'order_block_swing_l': 7, 'en_fvg': False, 'fvg_lookback': 46, 'en_ifvg': True, 'en_breaker': True, 'breaker_swing_l': 6, 'en_cisd': False, 'k': 4, 'en_cap_bars': False, 'cap_1min': 1332}.
[I 2026-07-13 17:27:26,227] Trial 1338 finished with values: [892.0671306890654, -557.6086390303772, 50.0] and parameters: {'sl_soft': 2.34715147057422, 'sl_hard_delta': 3.9050213100332094, 'tp': 7.943003420975532, 'gate_pct': 79.79473082398957, 'dd_limit': 332.70974775121596, 'cooldown': 1, 'flip': False, 'en_ema_trend': False, 'ema_trend_fast': 83, 'ema_trend_slow': 116, 'en_sma_trend': False, 'sma_trend_fast': 29, 'sma_trend_slow': 144, 'en_macd': True, 'macd_fast': 80, 'macd_slow': 177, 'macd_signal': 100, 'en_vwap': False, 'en_keltner': True, 'keltner_n': 158, 'keltner_m': 4.5, 'en_obv': False, 'obv_slope': 169, 'en_cci': True, 'cci_n': 49, 'cci_threshold': 170, 'en_rsi': True, 'rsi_n': 91, 'rsi_lower': 17, 'rsi_upper': 58, 'en_stochastic': True, 'stochastic_n': 45, 'stochastic_d': 14, 'stochastic_lower': 47, 'stochastic_upper': 72, 'en_mfi': True, 'mfi_n': 11, 'mfi_lower': 37, 'mfi_upper': 82, 'en_bollinger': True, 'bollinger_n': 78, 'bollinger_k': 4.300000000000001, 'en_adx': False, 'adx_n': 96, 'adx_threshold': 8, 'en_structure_trend': True, 'structure_trend_swing_l': 13, 'en_order_block': True, 'order_block_swing_l': 7, 'en_fvg': False, 'fvg_lookback': 46, 'en_ifvg': True, 'en_breaker': False, 'breaker_swing_l': 5, 'en_cisd': False, 'k': 4, 'en_cap_bars': False, 'cap_1min': 736}.
[I 2026-07-13 17:27:26,907] Trial 1339 finished with values: [190.77242241870636, -584.6681644287855, 54.5] and parameters: {'sl_soft': 1.569721721408254, 'sl_hard_delta': 0.47861910073547576, 'tp': 4.4104709148058445, 'gate_pct': 71.64466629916367, 'dd_limit': 379.61887235308626, 'cooldown': 1, 'flip': True, 'en_ema_trend': False, 'ema_trend_fast': 211, 'ema_trend_slow': 116, 'en_sma_trend': False, 'sma_trend_fast': 34, 'sma_trend_slow': 290, 'en_macd': True, 'macd_fast': 37, 'macd_slow': 177, 'macd_signal': 10, 'en_vwap': True, 'en_keltner': True, 'keltner_n': 158, 'keltner_m': 0.9, 'en_obv': False, 'obv_slope': 36, 'en_cci': False, 'cci_n': 128, 'cci_threshold': 170, 'en_rsi': True, 'rsi_n': 49, 'rsi_lower': 23, 'rsi_upper': 83, 'en_stochastic': True, 'stochastic_n': 40, 'stochastic_d': 7, 'stochastic_lower': 5, 'stochastic_upper': 53, 'en_mfi': True, 'mfi_n': 2, 'mfi_lower': 31, 'mfi_upper': 58, 'en_bollinger': True, 'bollinger_n': 127, 'bollinger_k': 3.0, 'en_adx': False, 'adx_n': 96, 'adx_threshold': 43, 'en_structure_trend': True, 'structure_trend_swing_l': 9, 'en_order_block': False, 'order_block_swing_l': 7, 'en_fvg': False, 'fvg_lookback': 29, 'en_ifvg': False, 'en_breaker': True, 'breaker_swing_l': 15, 'en_cisd': True, 'k': 4, 'en_cap_bars': True, 'cap_1min': 16}.
[I 2026-07-13 17:27:27,756] Trial 1340 finished with values: [-387.23321140846565, -1277.6086390303817, 26.35] and parameters: {'sl_soft': 2.34715147057422, 'sl_hard_delta': 3.9050213100332094, 'tp': 7.943003420975532, 'gate_pct': 53.84741825883083, 'dd_limit': 390.2087279618219, 'cooldown': 1, 'flip': True, 'en_ema_trend': False, 'ema_trend_fast': 83, 'ema_trend_slow': 125, 'en_sma_trend': False, 'sma_trend_fast': 382, 'sma_trend_slow': 121, 'en_macd': True, 'macd_fast': 9, 'macd_slow': 177, 'macd_signal': 10, 'en_vwap': False, 'en_keltner': True, 'keltner_n': 46, 'keltner_m': 0.9, 'en_obv': False, 'obv_slope': 36, 'en_cci': True, 'cci_n': 9, 'cci_threshold': 170, 'en_rsi': False, 'rsi_n': 77, 'rsi_lower': 23, 'rsi_upper': 83, 'en_stochastic': True, 'stochastic_n': 52, 'stochastic_d': 7, 'stochastic_lower': 5, 'stochastic_upper': 53, 'en_mfi': True, 'mfi_n': 53, 'mfi_lower': 34, 'mfi_upper': 97, 'en_bollinger': True, 'bollinger_n': 60, 'bollinger_k': 4.5, 'en_adx': False, 'adx_n': 96, 'adx_threshold': 8, 'en_structure_trend': False, 'structure_trend_swing_l': 13, 'en_order_block': False, 'order_block_swing_l': 7, 'en_fvg': False, 'fvg_lookback': 29, 'en_ifvg': False, 'en_breaker': True, 'breaker_swing_l': 5, 'en_cisd': False, 'k': 4, 'en_cap_bars': False, 'cap_1min': 736}.
[I 2026-07-13 17:27:27,954] Trial 1341 finished with values: [2288.9442687987867, -1750.9169359632097, 40.9] and parameters: {'sl_soft': 2.34715147057422, 'sl_hard_delta': 3.9050213100332094, 'tp': 7.943003420975532, 'gate_pct': 98.67302380660169, 'dd_limit': 390.2087279618219, 'cooldown': 1, 'flip': False, 'en_ema_trend': False, 'ema_trend_fast': 83, 'ema_trend_slow': 125, 'en_sma_trend': False, 'sma_trend_fast': 29, 'sma_trend_slow': 144, 'en_macd': False, 'macd_fast': 9, 'macd_slow': 177, 'macd_signal': 65, 'en_vwap': False, 'en_keltner': True, 'keltner_n': 158, 'keltner_m': 2.8000000000000003, 'en_obv': False, 'obv_slope': 169, 'en_cci': True, 'cci_n': 9, 'cci_threshold': 170, 'en_rsi': True, 'rsi_n': 77, 'rsi_lower': 17, 'rsi_upper': 58, 'en_stochastic': True, 'stochastic_n': 52, 'stochastic_d': 40, 'stochastic_lower': 5, 'stochastic_upper': 72, 'en_mfi': True, 'mfi_n': 71, 'mfi_lower': 34, 'mfi_upper': 97, 'en_bollinger': True, 'bollinger_n': 78, 'bollinger_k': 4.300000000000001, 'en_adx': False, 'adx_n': 96, 'adx_threshold': 8, 'en_structure_trend': False, 'structure_trend_swing_l': 13, 'en_order_block': True, 'order_block_swing_l': 7, 'en_fvg': False, 'fvg_lookback': 46, 'en_ifvg': True, 'en_breaker': False, 'breaker_swing_l': 5, 'en_cisd': False, 'k': 4, 'en_cap_bars': False, 'cap_1min': 736}.
[I 2026-07-13 17:27:28,347] Trial 1342 finished with values: [-973.6691988930261, -2694.171776736516, 19.299999999999997] and parameters: {'sl_soft': 1.5544970909375864, 'sl_hard_delta': 1.0837365383099373, 'tp': 7.943003420975532, 'gate_pct': 98.67302380660169, 'dd_limit': 390.2087279618219, 'cooldown': 1, 'flip': False, 'en_ema_trend': False, 'ema_trend_fast': 271, 'ema_trend_slow': 381, 'en_sma_trend': False, 'sma_trend_fast': 292, 'sma_trend_slow': 114, 'en_macd': True, 'macd_fast': 9, 'macd_slow': 177, 'macd_signal': 22, 'en_vwap': False, 'en_keltner': True, 'keltner_n': 158, 'keltner_m': 4.8, 'en_obv': False, 'obv_slope': 160, 'en_cci': True, 'cci_n': 9, 'cci_threshold': 20, 'en_rsi': True, 'rsi_n': 77, 'rsi_lower': 17, 'rsi_upper': 58, 'en_stochastic': False, 'stochastic_n': 45, 'stochastic_d': 37, 'stochastic_lower': 5, 'stochastic_upper': 72, 'en_mfi': True, 'mfi_n': 71, 'mfi_lower': 34, 'mfi_upper': 97, 'en_bollinger': True, 'bollinger_n': 78, 'bollinger_k': 1.9000000000000001, 'en_adx': False, 'adx_n': 24, 'adx_threshold': 17, 'en_structure_trend': True, 'structure_trend_swing_l': 13, 'en_order_block': False, 'order_block_swing_l': 20, 'en_fvg': False, 'fvg_lookback': 46, 'en_ifvg': True, 'en_breaker': True, 'breaker_swing_l': 5, 'en_cisd': False, 'k': 4, 'en_cap_bars': False, 'cap_1min': 1332}.
[I 2026-07-13 17:27:28,562] Trial 1343 finished with values: [266.1206211112585, -1032.7311713928339, 41.5] and parameters: {'sl_soft': 2.34715147057422, 'sl_hard_delta': 0.47861910073547576, 'tp': 7.943003420975532, 'gate_pct': 98.67302380660169, 'dd_limit': 332.70974775121596, 'cooldown': 1, 'flip': True, 'en_ema_trend': False, 'ema_trend_fast': 271, 'ema_trend_slow': 181, 'en_sma_trend': False, 'sma_trend_fast': 382, 'sma_trend_slow': 114, 'en_macd': True, 'macd_fast': 9, 'macd_slow': 132, 'macd_signal': 65, 'en_vwap': False, 'en_keltner': True, 'keltner_n': 158, 'keltner_m': 2.8000000000000003, 'en_obv': False, 'obv_slope': 169, 'en_cci': True, 'cci_n': 9, 'cci_threshold': 170, 'en_rsi': True, 'rsi_n': 77, 'rsi_lower': 23, 'rsi_upper': 58, 'en_stochastic': True, 'stochastic_n': 52, 'stochastic_d': 40, 'stochastic_lower': 5, 'stochastic_upper': 72, 'en_mfi': True, 'mfi_n': 9, 'mfi_lower': 34, 'mfi_upper': 97, 'en_bollinger': True, 'bollinger_n': 60, 'bollinger_k': 4.300000000000001, 'en_adx': False, 'adx_n': 33, 'adx_threshold': 43, 'en_structure_trend': False, 'structure_trend_swing_l': 13, 'en_order_block': True, 'order_block_swing_l': 7, 'en_fvg': False, 'fvg_lookback': 46, 'en_ifvg': False, 'en_breaker': True, 'breaker_swing_l': 5, 'en_cisd': True, 'k': 3, 'en_cap_bars': True, 'cap_1min': 16}.
[I 2026-07-13 17:27:28,967] Trial 1344 finished with values: [639.0967067774397, -1873.7667649144669, 35.45] and parameters: {'sl_soft': 2.34715147057422, 'sl_hard_delta': 3.9050213100332094, 'tp': 7.943003420975532, 'gate_pct': 98.67302380660169, 'dd_limit': 390.2087279618219, 'cooldown': 1, 'flip': True, 'en_ema_trend': False, 'ema_trend_fast': 83, 'ema_trend_slow': 181, 'en_sma_trend': False, 'sma_trend_fast': 382, 'sma_trend_slow': 114, 'en_macd': True, 'macd_fast': 37, 'macd_slow': 132, 'macd_signal': 65, 'en_vwap': False, 'en_keltner': False, 'keltner_n': 158, 'keltner_m': 2.8000000000000003, 'en_obv': False, 'obv_slope': 36, 'en_cci': True, 'cci_n': 49, 'cci_threshold': 170, 'en_rsi': True, 'rsi_n': 77, 'rsi_lower': 17, 'rsi_upper': 83, 'en_stochastic': True, 'stochastic_n': 40, 'stochastic_d': 14, 'stochastic_lower': 5, 'stochastic_upper': 53, 'en_mfi': True, 'mfi_n': 9, 'mfi_lower': 31, 'mfi_upper': 82, 'en_bollinger': True, 'bollinger_n': 60, 'bollinger_k': 4.5, 'en_adx': False, 'adx_n': 96, 'adx_threshold': 8, 'en_structure_trend': False, 'structure_trend_swing_l': 8, 'en_order_block': True, 'order_block_swing_l': 7, 'en_fvg': False, 'fvg_lookback': 46, 'en_ifvg': True, 'en_breaker': False, 'breaker_swing_l': 5, 'en_cisd': True, 'k': 4, 'en_cap_bars': False, 'cap_1min': 16}.
[I 2026-07-13 17:27:29,441] Trial 1345 pruned. 
[I 2026-07-13 17:27:30,075] Trial 1346 pruned. 
[I 2026-07-13 17:27:34,843] Trial 1347 finished with values: [601.0299685181394, -580.2803630854442, 40.95] and parameters: {'sl_soft': 2.34715147057422, 'sl_hard_delta': 0.7556521602801897, 'tp': 7.943003420975532, 'gate_pct': 79.79473082398957, 'dd_limit': 332.70974775121596, 'cooldown': 1, 'flip': False, 'en_ema_trend': False, 'ema_trend_fast': 83, 'ema_trend_slow': 116, 'en_sma_trend': False, 'sma_trend_fast': 29, 'sma_trend_slow': 290, 'en_macd': False, 'macd_fast': 80, 'macd_slow': 177, 'macd_signal': 65, 'en_vwap': False, 'en_keltner': True, 'keltner_n': 158, 'keltner_m': 4.5, 'en_obv': False, 'obv_slope': 87, 'en_cci': True, 'cci_n': 49, 'cci_threshold': 170, 'en_rsi': True, 'rsi_n': 39, 'rsi_lower': 17, 'rsi_upper': 58, 'en_stochastic': True, 'stochastic_n': 45, 'stochastic_d': 14, 'stochastic_lower': 47, 'stochastic_upper': 92, 'en_mfi': True, 'mfi_n': 11, 'mfi_lower': 37, 'mfi_upper': 82, 'en_bollinger': True, 'bollinger_n': 60, 'bollinger_k': 4.300000000000001, 'en_adx': False, 'adx_n': 33, 'adx_threshold': 8, 'en_structure_trend': True, 'structure_trend_swing_l': 13, 'en_order_block': True, 'order_block_swing_l': 3, 'en_fvg': False, 'fvg_lookback': 46, 'en_ifvg': True, 'en_breaker': False, 'breaker_swing_l': 5, 'en_cisd': True, 'k': 3, 'en_cap_bars': False, 'cap_1min': 1332}.
[I 2026-07-13 17:27:35,036] Trial 1348 finished with values: [324.4926012507335, -293.6325262000082, 41.45] and parameters: {'sl_soft': 1.4789310739311843, 'sl_hard_delta': 0.47861910073547576, 'tp': 4.4104709148058445, 'gate_pct': 53.84741825883083, 'dd_limit': 379.61887235308626, 'cooldown': 4, 'flip': True, 'en_ema_trend': False, 'ema_trend_fast': 260, 'ema_trend_slow': 311, 'en_sma_trend': False, 'sma_trend_fast': 382, 'sma_trend_slow': 121, 'en_macd': True, 'macd_fast': 6, 'macd_slow': 28, 'macd_signal': 10, 'en_vwap': False, 'en_keltner': True, 'keltner_n': 46, 'keltner_m': 0.9, 'en_obv': True, 'obv_slope': 36, 'en_cci': False, 'cci_n': 92, 'cci_threshold': 85, 'en_rsi': True, 'rsi_n': 49, 'rsi_lower': 23, 'rsi_upper': 92, 'en_stochastic': True, 'stochastic_n': 40, 'stochastic_d': 21, 'stochastic_lower': 3, 'stochastic_upper': 53, 'en_mfi': True, 'mfi_n': 9, 'mfi_lower': 31, 'mfi_upper': 84, 'en_bollinger': True, 'bollinger_n': 127, 'bollinger_k': 2.1, 'en_adx': False, 'adx_n': 6, 'adx_threshold': 43, 'en_structure_trend': False, 'structure_trend_swing_l': 8, 'en_order_block': False, 'order_block_swing_l': 20, 'en_fvg': False, 'fvg_lookback': 29, 'en_ifvg': False, 'en_breaker': True, 'breaker_swing_l': 15, 'en_cisd': True, 'k': 4, 'en_cap_bars': True, 'cap_1min': 260}.
[I 2026-07-13 17:27:36,477] Trial 1349 finished with values: [878.3394380359141, -1390.6202849120064, 44.599999999999994] and parameters: {'sl_soft': 1.569721721408254, 'sl_hard_delta': 0.7556521602801897, 'tp': 4.317454763708969, 'gate_pct': 98.67302380660169, 'dd_limit': 390.2087279618219, 'cooldown': 1, 'flip': False, 'en_ema_trend': False, 'ema_trend_fast': 83, 'ema_trend_slow': 150, 'en_sma_trend': False, 'sma_trend_fast': 345, 'sma_trend_slow': 290, 'en_macd': True, 'macd_fast': 37, 'macd_slow': 200, 'macd_signal': 27, 'en_vwap': True, 'en_keltner': False, 'keltner_n': 48, 'keltner_m': 2.8000000000000003, 'en_obv': False, 'obv_slope': 162, 'en_cci': True, 'cci_n': 51, 'cci_threshold': 180, 'en_rsi': True, 'rsi_n': 77, 'rsi_lower': 24, 'rsi_upper': 61, 'en_stochastic': True, 'stochastic_n': 86, 'stochastic_d': 11, 'stochastic_lower': 5, 'stochastic_upper': 72, 'en_mfi': True, 'mfi_n': 71, 'mfi_lower': 34, 'mfi_upper': 75, 'en_bollinger': True, 'bollinger_n': 88, 'bollinger_k': 3.0, 'en_adx': False, 'adx_n': 96, 'adx_threshold': 32, 'en_structure_trend': False, 'structure_trend_swing_l': 13, 'en_order_block': True, 'order_block_swing_l': 1, 'en_fvg': False, 'fvg_lookback': 31, 'en_ifvg': True, 'en_breaker': True, 'breaker_swing_l': 5, 'en_cisd': True, 'k': 4, 'en_cap_bars': False, 'cap_1min': 736}.
[I 2026-07-13 17:27:37,366] Trial 1350 finished with values: [-34.14126825648509, -747.6121645065177, 46.45] and parameters: {'sl_soft': 1.569721721408254, 'sl_hard_delta': 0.7556521602801897, 'tp': 4.4104709148058445, 'gate_pct': 75.29895741667805, 'dd_limit': 379.61887235308626, 'cooldown': 1, 'flip': False, 'en_ema_trend': False, 'ema_trend_fast': 33, 'ema_trend_slow': 150, 'en_sma_trend': False, 'sma_trend_fast': 34, 'sma_trend_slow': 290, 'en_macd': True, 'macd_fast': 70, 'macd_slow': 200, 'macd_signal': 27, 'en_vwap': True, 'en_keltner': True, 'keltner_n': 158, 'keltner_m': 0.9, 'en_obv': True, 'obv_slope': 36, 'en_cci': False, 'cci_n': 51, 'cci_threshold': 180, 'en_rsi': True, 'rsi_n': 49, 'rsi_lower': 23, 'rsi_upper': 61, 'en_stochastic': True, 'stochastic_n': 40, 'stochastic_d': 7, 'stochastic_lower': 5, 'stochastic_upper': 53, 'en_mfi': True, 'mfi_n': 46, 'mfi_lower': 24, 'mfi_upper': 75, 'en_bollinger': True, 'bollinger_n': 127, 'bollinger_k': 3.0, 'en_adx': False, 'adx_n': 96, 'adx_threshold': 43, 'en_structure_trend': True, 'structure_trend_swing_l': 9, 'en_order_block': True, 'order_block_swing_l': 7, 'en_fvg': False, 'fvg_lookback': 29, 'en_ifvg': True, 'en_breaker': True, 'breaker_swing_l': 20, 'en_cisd': True, 'k': 1, 'en_cap_bars': True, 'cap_1min': 16}.
[I 2026-07-13 17:27:37,566] Trial 1351 finished with values: [-119.78854467278097, -1145.7351146059636, 24.8] and parameters: {'sl_soft': 2.34715147057422, 'sl_hard_delta': 0.47861910073547576, 'tp': 7.943003420975532, 'gate_pct': 98.67302380660169, 'dd_limit': 390.2087279618219, 'cooldown': 3, 'flip': True, 'en_ema_trend': True, 'ema_trend_fast': 374, 'ema_trend_slow': 311, 'en_sma_trend': False, 'sma_trend_fast': 382, 'sma_trend_slow': 144, 'en_macd': False, 'macd_fast': 9, 'macd_slow': 28, 'macd_signal': 65, 'en_vwap': False, 'en_keltner': True, 'keltner_n': 46, 'keltner_m': 2.8000000000000003, 'en_obv': True, 'obv_slope': 36, 'en_cci': True, 'cci_n': 9, 'cci_threshold': 170, 'en_rsi': True, 'rsi_n': 49, 'rsi_lower': 23, 'rsi_upper': 69, 'en_stochastic': True, 'stochastic_n': 40, 'stochastic_d': 7, 'stochastic_lower': 3, 'stochastic_upper': 53, 'en_mfi': True, 'mfi_n': 9, 'mfi_lower': 34, 'mfi_upper': 84, 'en_bollinger': True, 'bollinger_n': 127, 'bollinger_k': 4.300000000000001, 'en_adx': False, 'adx_n': 96, 'adx_threshold': 8, 'en_structure_trend': False, 'structure_trend_swing_l': 8, 'en_order_block': True, 'order_block_swing_l': 20, 'en_fvg': False, 'fvg_lookback': 46, 'en_ifvg': False, 'en_breaker': False, 'breaker_swing_l': 5, 'en_cisd': False, 'k': 4, 'en_cap_bars': False, 'cap_1min': 260}.
[I 2026-07-13 17:27:37,733] Trial 1352 pruned. 
[I 2026-07-13 17:27:37,912] Trial 1353 pruned. 
[I 2026-07-13 17:27:43,525] Trial 1354 finished with values: [902.1537359554827, -715.4205446281594, 56.2] and parameters: {'sl_soft': 2.34715147057422, 'sl_hard_delta': 0.7556521602801897, 'tp': 4.317454763708969, 'gate_pct': 98.67302380660169, 'dd_limit': 390.2087279618219, 'cooldown': 1, 'flip': False, 'en_ema_trend': False, 'ema_trend_fast': 83, 'ema_trend_slow': 150, 'en_sma_trend': False, 'sma_trend_fast': 29, 'sma_trend_slow': 144, 'en_macd': True, 'macd_fast': 70, 'macd_slow': 200, 'macd_signal': 27, 'en_vwap': False, 'en_keltner': True, 'keltner_n': 48, 'keltner_m': 2.8000000000000003, 'en_obv': True, 'obv_slope': 162, 'en_cci': True, 'cci_n': 51, 'cci_threshold': 170, 'en_rsi': True, 'rsi_n': 77, 'rsi_lower': 17, 'rsi_upper': 58, 'en_stochastic': True, 'stochastic_n': 52, 'stochastic_d': 11, 'stochastic_lower': 40, 'stochastic_upper': 92, 'en_mfi': True, 'mfi_n': 46, 'mfi_lower': 34, 'mfi_upper': 97, 'en_bollinger': False, 'bollinger_n': 60, 'bollinger_k': 3.0, 'en_adx': False, 'adx_n': 96, 'adx_threshold': 8, 'en_structure_trend': False, 'structure_trend_swing_l': 9, 'en_order_block': True, 'order_block_swing_l': 1, 'en_fvg': True, 'fvg_lookback': 46, 'en_ifvg': True, 'en_breaker': False, 'breaker_swing_l': 5, 'en_cisd': True, 'k': 4, 'en_cap_bars': False, 'cap_1min': 1119}.
