[I 2026-07-13 17:39:08,815] Trial 1989 finished with values: [844.3453849043294, -597.9670001408181, 69.9] and parameters: {'sl_soft': 1.5128727017605812, 'sl_hard_delta': 0.008044238733936384, 'tp': 1.1926865856558302, 'gate_pct': 75.29895741667805, 'dd_limit': 434.8338936907749, 'cooldown': 9, 'flip': True, 'en_ema_trend': False, 'ema_trend_fast': 317, 'ema_trend_slow': 139, 'en_sma_trend': True, 'sma_trend_fast': 45, 'sma_trend_slow': 134, 'en_macd': True, 'macd_fast': 25, 'macd_slow': 180, 'macd_signal': 72, 'en_vwap': False, 'en_keltner': True, 'keltner_n': 162, 'keltner_m': 1.8, 'en_obv': True, 'obv_slope': 8, 'en_cci': False, 'cci_n': 3, 'cci_threshold': 300, 'en_rsi': False, 'rsi_n': 33, 'rsi_lower': 28, 'rsi_upper': 71, 'en_stochastic': False, 'stochastic_n': 16, 'stochastic_d': 7, 'stochastic_lower': 48, 'stochastic_upper': 90, 'en_mfi': False, 'mfi_n': 51, 'mfi_lower': 16, 'mfi_upper': 71, 'en_bollinger': False, 'bollinger_n': 62, 'bollinger_k': 0.5, 'en_adx': True, 'adx_n': 23, 'adx_threshold': 19, 'en_structure_trend': False, 'structure_trend_swing_l': 4, 'en_order_block': True, 'order_block_swing_l': 9, 'en_fvg': False, 'fvg_lookback': 34, 'en_ifvg': True, 'en_breaker': False, 'breaker_swing_l': 19, 'en_cisd': False, 'k': 3, 'en_cap_bars': True, 'cap_1min': 272}.
[I 2026-07-13 17:39:09,551] Trial 1990 finished with values: [645.1354946163633, -592.1323568495154, 68.0] and parameters: {'sl_soft': 1.5128727017605812, 'sl_hard_delta': 0.05257236390156471, 'tp': 0.9918133787075697, 'gate_pct': 75.29895741667805, 'dd_limit': 390.2569167971573, 'cooldown': 9, 'flip': True, 'en_ema_trend': False, 'ema_trend_fast': 317, 'ema_trend_slow': 139, 'en_sma_trend': True, 'sma_trend_fast': 45, 'sma_trend_slow': 61, 'en_macd': True, 'macd_fast': 9, 'macd_slow': 180, 'macd_signal': 86, 'en_vwap': False, 'en_keltner': True, 'keltner_n': 162, 'keltner_m': 1.8, 'en_obv': True, 'obv_slope': 105, 'en_cci': True, 'cci_n': 72, 'cci_threshold': 300, 'en_rsi': True, 'rsi_n': 46, 'rsi_lower': 28, 'rsi_upper': 71, 'en_stochastic': False, 'stochastic_n': 16, 'stochastic_d': 3, 'stochastic_lower': 16, 'stochastic_upper': 90, 'en_mfi': False, 'mfi_n': 51, 'mfi_lower': 13, 'mfi_upper': 86, 'en_bollinger': False, 'bollinger_n': 181, 'bollinger_k': 2.6, 'en_adx': False, 'adx_n': 32, 'adx_threshold': 18, 'en_structure_trend': False, 'structure_trend_swing_l': 19, 'en_order_block': True, 'order_block_swing_l': 9, 'en_fvg': False, 'fvg_lookback': 34, 'en_ifvg': True, 'en_breaker': True, 'breaker_swing_l': 18, 'en_cisd': True, 'k': 4, 'en_cap_bars': True, 'cap_1min': 272}.
[I 2026-07-13 17:39:09,833] Trial 1991 finished with values: [618.5939718535224, -158.83748535584346, 68.05000000000001] and parameters: {'sl_soft': 1.0063442051374751, 'sl_hard_delta': 0.05257236390156471, 'tp': 1.1926865856558302, 'gate_pct': 54.8778799805964, 'dd_limit': 434.8338936907749, 'cooldown': 8, 'flip': True, 'en_ema_trend': True, 'ema_trend_fast': 29, 'ema_trend_slow': 16, 'en_sma_trend': False, 'sma_trend_fast': 45, 'sma_trend_slow': 143, 'en_macd': True, 'macd_fast': 25, 'macd_slow': 150, 'macd_signal': 72, 'en_vwap': True, 'en_keltner': False, 'keltner_n': 61, 'keltner_m': 1.8, 'en_obv': True, 'obv_slope': 108, 'en_cci': False, 'cci_n': 3, 'cci_threshold': 195, 'en_rsi': True, 'rsi_n': 33, 'rsi_lower': 28, 'rsi_upper': 71, 'en_stochastic': False, 'stochastic_n': 16, 'stochastic_d': 5, 'stochastic_lower': 48, 'stochastic_upper': 90, 'en_mfi': False, 'mfi_n': 61, 'mfi_lower': 16, 'mfi_upper': 71, 'en_bollinger': False, 'bollinger_n': 115, 'bollinger_k': 2.5, 'en_adx': True, 'adx_n': 18, 'adx_threshold': 19, 'en_structure_trend': False, 'structure_trend_swing_l': 19, 'en_order_block': True, 'order_block_swing_l': 3, 'en_fvg': False, 'fvg_lookback': 8, 'en_ifvg': True, 'en_breaker': False, 'breaker_swing_l': 17, 'en_cisd': True, 'k': 3, 'en_cap_bars': True, 'cap_1min': 272}.
[I 2026-07-13 17:39:10,143] Trial 1992 finished with values: [523.8941400782096, -158.83748535584346, 68.45] and parameters: {'sl_soft': 1.0063442051374751, 'sl_hard_delta': 0.05257236390156471, 'tp': 1.1926865856558302, 'gate_pct': 54.8778799805964, 'dd_limit': 434.8338936907749, 'cooldown': 8, 'flip': True, 'en_ema_trend': True, 'ema_trend_fast': 120, 'ema_trend_slow': 291, 'en_sma_trend': False, 'sma_trend_fast': 141, 'sma_trend_slow': 143, 'en_macd': False, 'macd_fast': 25, 'macd_slow': 180, 'macd_signal': 72, 'en_vwap': False, 'en_keltner': True, 'keltner_n': 116, 'keltner_m': 1.8, 'en_obv': True, 'obv_slope': 108, 'en_cci': False, 'cci_n': 3, 'cci_threshold': 300, 'en_rsi': True, 'rsi_n': 33, 'rsi_lower': 28, 'rsi_upper': 71, 'en_stochastic': False, 'stochastic_n': 56, 'stochastic_d': 5, 'stochastic_lower': 16, 'stochastic_upper': 90, 'en_mfi': False, 'mfi_n': 51, 'mfi_lower': 16, 'mfi_upper': 71, 'en_bollinger': False, 'bollinger_n': 186, 'bollinger_k': 2.5, 'en_adx': True, 'adx_n': 23, 'adx_threshold': 19, 'en_structure_trend': False, 'structure_trend_swing_l': 19, 'en_order_block': True, 'order_block_swing_l': 3, 'en_fvg': False, 'fvg_lookback': 8, 'en_ifvg': True, 'en_breaker': False, 'breaker_swing_l': 17, 'en_cisd': True, 'k': 3, 'en_cap_bars': True, 'cap_1min': 412}.
[I 2026-07-13 17:39:10,460] Trial 1993 finished with values: [312.8991203003636, -152.1582665806818, 60.55] and parameters: {'sl_soft': 1.0063442051374751, 'sl_hard_delta': 0.008044238733936384, 'tp': 1.1926865856558302, 'gate_pct': 54.8778799805964, 'dd_limit': 434.8338936907749, 'cooldown': 7, 'flip': True, 'en_ema_trend': True, 'ema_trend_fast': 317, 'ema_trend_slow': 16, 'en_sma_trend': True, 'sma_trend_fast': 388, 'sma_trend_slow': 134, 'en_macd': True, 'macd_fast': 9, 'macd_slow': 180, 'macd_signal': 72, 'en_vwap': False, 'en_keltner': True, 'keltner_n': 3, 'keltner_m': 3.1, 'en_obv': True, 'obv_slope': 105, 'en_cci': False, 'cci_n': 3, 'cci_threshold': 40, 'en_rsi': True, 'rsi_n': 33, 'rsi_lower': 28, 'rsi_upper': 91, 'en_stochastic': False, 'stochastic_n': 56, 'stochastic_d': 7, 'stochastic_lower': 16, 'stochastic_upper': 90, 'en_mfi': True, 'mfi_n': 61, 'mfi_lower': 16, 'mfi_upper': 71, 'en_bollinger': False, 'bollinger_n': 115, 'bollinger_k': 2.5, 'en_adx': True, 'adx_n': 23, 'adx_threshold': 18, 'en_structure_trend': False, 'structure_trend_swing_l': 18, 'en_order_block': True, 'order_block_swing_l': 3, 'en_fvg': False, 'fvg_lookback': 17, 'en_ifvg': True, 'en_breaker': False, 'breaker_swing_l': 17, 'en_cisd': True, 'k': 1, 'en_cap_bars': True, 'cap_1min': 652}.
[I 2026-07-13 17:39:11,760] Trial 1994 finished with values: [335.2162849417425, -101.43884438714394, 65.15] and parameters: {'sl_soft': 1.0063442051374751, 'sl_hard_delta': 0.008044238733936384, 'tp': 1.1926865856558302, 'gate_pct': 54.8778799805964, 'dd_limit': 434.8338936907749, 'cooldown': 9, 'flip': True, 'en_ema_trend': True, 'ema_trend_fast': 317, 'ema_trend_slow': 291, 'en_sma_trend': False, 'sma_trend_fast': 388, 'sma_trend_slow': 357, 'en_macd': True, 'macd_fast': 30, 'macd_slow': 180, 'macd_signal': 72, 'en_vwap': False, 'en_keltner': True, 'keltner_n': 3, 'keltner_m': 3.1, 'en_obv': True, 'obv_slope': 8, 'en_cci': True, 'cci_n': 110, 'cci_threshold': 145, 'en_rsi': True, 'rsi_n': 67, 'rsi_lower': 28, 'rsi_upper': 91, 'en_stochastic': False, 'stochastic_n': 56, 'stochastic_d': 9, 'stochastic_lower': 16, 'stochastic_upper': 90, 'en_mfi': True, 'mfi_n': 61, 'mfi_lower': 16, 'mfi_upper': 71, 'en_bollinger': False, 'bollinger_n': 115, 'bollinger_k': 2.5, 'en_adx': True, 'adx_n': 23, 'adx_threshold': 19, 'en_structure_trend': False, 'structure_trend_swing_l': 19, 'en_order_block': True, 'order_block_swing_l': 9, 'en_fvg': False, 'fvg_lookback': 8, 'en_ifvg': True, 'en_breaker': False, 'breaker_swing_l': 17, 'en_cisd': True, 'k': 1, 'en_cap_bars': True, 'cap_1min': 652}.
[I 2026-07-13 17:39:12,078] Trial 1995 finished with values: [270.19719161794455, -290.73053185024946, 61.05] and parameters: {'sl_soft': 1.5128727017605812, 'sl_hard_delta': 0.05257236390156471, 'tp': 1.1926865856558302, 'gate_pct': 54.8778799805964, 'dd_limit': 390.2569167971573, 'cooldown': 9, 'flip': True, 'en_ema_trend': True, 'ema_trend_fast': 317, 'ema_trend_slow': 291, 'en_sma_trend': True, 'sma_trend_fast': 141, 'sma_trend_slow': 134, 'en_macd': False, 'macd_fast': 25, 'macd_slow': 180, 'macd_signal': 72, 'en_vwap': True, 'en_keltner': True, 'keltner_n': 116, 'keltner_m': 1.8, 'en_obv': True, 'obv_slope': 105, 'en_cci': True, 'cci_n': 110, 'cci_threshold': 300, 'en_rsi': False, 'rsi_n': 33, 'rsi_lower': 28, 'rsi_upper': 71, 'en_stochastic': False, 'stochastic_n': 56, 'stochastic_d': 9, 'stochastic_lower': 16, 'stochastic_upper': 90, 'en_mfi': True, 'mfi_n': 51, 'mfi_lower': 20, 'mfi_upper': 71, 'en_bollinger': False, 'bollinger_n': 9, 'bollinger_k': 2.5, 'en_adx': False, 'adx_n': 18, 'adx_threshold': 18, 'en_structure_trend': False, 'structure_trend_swing_l': 4, 'en_order_block': True, 'order_block_swing_l': 9, 'en_fvg': True, 'fvg_lookback': 7, 'en_ifvg': True, 'en_breaker': False, 'breaker_swing_l': 18, 'en_cisd': True, 'k': 3, 'en_cap_bars': True, 'cap_1min': 652}.
[I 2026-07-13 17:39:12,412] Trial 1996 finished with values: [527.6865856557777, -255.3656707172422, 69.55] and parameters: {'sl_soft': 1.0063442051374751, 'sl_hard_delta': 2.905993056033855, 'tp': 1.1926865856558302, 'gate_pct': 54.8778799805964, 'dd_limit': 393.4455869953027, 'cooldown': 3, 'flip': True, 'en_ema_trend': True, 'ema_trend_fast': 317, 'ema_trend_slow': 16, 'en_sma_trend': True, 'sma_trend_fast': 45, 'sma_trend_slow': 134, 'en_macd': True, 'macd_fast': 9, 'macd_slow': 180, 'macd_signal': 72, 'en_vwap': False, 'en_keltner': True, 'keltner_n': 116, 'keltner_m': 1.8, 'en_obv': True, 'obv_slope': 105, 'en_cci': False, 'cci_n': 3, 'cci_threshold': 300, 'en_rsi': True, 'rsi_n': 33, 'rsi_lower': 7, 'rsi_upper': 91, 'en_stochastic': False, 'stochastic_n': 56, 'stochastic_d': 7, 'stochastic_lower': 16, 'stochastic_upper': 90, 'en_mfi': False, 'mfi_n': 51, 'mfi_lower': 20, 'mfi_upper': 71, 'en_bollinger': False, 'bollinger_n': 9, 'bollinger_k': 2.6, 'en_adx': True, 'adx_n': 23, 'adx_threshold': 18, 'en_structure_trend': False, 'structure_trend_swing_l': 4, 'en_order_block': True, 'order_block_swing_l': 3, 'en_fvg': False, 'fvg_lookback': 34, 'en_ifvg': True, 'en_breaker': False, 'breaker_swing_l': 18, 'en_cisd': True, 'k': 3, 'en_cap_bars': True, 'cap_1min': 652}.
[I 2026-07-13 17:39:12,926] Trial 1997 finished with values: [244.63365743366694, -152.09169404943168, 79.35] and parameters: {'sl_soft': 1.5128727017605812, 'sl_hard_delta': 0.008044238733936384, 'tp': 0.9918133787075697, 'gate_pct': 54.8778799805964, 'dd_limit': 390.2569167971573, 'cooldown': 9, 'flip': True, 'en_ema_trend': True, 'ema_trend_fast': 317, 'ema_trend_slow': 291, 'en_sma_trend': True, 'sma_trend_fast': 266, 'sma_trend_slow': 134, 'en_macd': True, 'macd_fast': 80, 'macd_slow': 48, 'macd_signal': 86, 'en_vwap': False, 'en_keltner': False, 'keltner_n': 178, 'keltner_m': 1.7000000000000002, 'en_obv': True, 'obv_slope': 8, 'en_cci': False, 'cci_n': 3, 'cci_threshold': 75, 'en_rsi': False, 'rsi_n': 33, 'rsi_lower': 7, 'rsi_upper': 86, 'en_stochastic': False, 'stochastic_n': 8, 'stochastic_d': 14, 'stochastic_lower': 16, 'stochastic_upper': 90, 'en_mfi': True, 'mfi_n': 51, 'mfi_lower': 16, 'mfi_upper': 67, 'en_bollinger': False, 'bollinger_n': 181, 'bollinger_k': 0.5, 'en_adx': True, 'adx_n': 23, 'adx_threshold': 19, 'en_structure_trend': False, 'structure_trend_swing_l': 11, 'en_order_block': True, 'order_block_swing_l': 3, 'en_fvg': False, 'fvg_lookback': 8, 'en_ifvg': True, 'en_breaker': True, 'breaker_swing_l': 1, 'en_cisd': True, 'k': 1, 'en_cap_bars': True, 'cap_1min': 652}.
[I 2026-07-13 17:39:13,545] Trial 1998 finished with values: [560.6481434015791, -201.78331380777763, 58.599999999999994] and parameters: {'sl_soft': 1.0063442051374751, 'sl_hard_delta': 0.05257236390156471, 'tp': 1.1926865856558302, 'gate_pct': 54.8778799805964, 'dd_limit': 434.8338936907749, 'cooldown': 9, 'flip': True, 'en_ema_trend': True, 'ema_trend_fast': 317, 'ema_trend_slow': 16, 'en_sma_trend': True, 'sma_trend_fast': 45, 'sma_trend_slow': 134, 'en_macd': True, 'macd_fast': 9, 'macd_slow': 180, 'macd_signal': 72, 'en_vwap': False, 'en_keltner': True, 'keltner_n': 3, 'keltner_m': 1.8, 'en_obv': True, 'obv_slope': 105, 'en_cci': False, 'cci_n': 72, 'cci_threshold': 300, 'en_rsi': True, 'rsi_n': 33, 'rsi_lower': 28, 'rsi_upper': 91, 'en_stochastic': False, 'stochastic_n': 16, 'stochastic_d': 3, 'stochastic_lower': 16, 'stochastic_upper': 90, 'en_mfi': False, 'mfi_n': 51, 'mfi_lower': 13, 'mfi_upper': 71, 'en_bollinger': False, 'bollinger_n': 9, 'bollinger_k': 2.6, 'en_adx': True, 'adx_n': 18, 'adx_threshold': 18, 'en_structure_trend': False, 'structure_trend_swing_l': 19, 'en_order_block': True, 'order_block_swing_l': 3, 'en_fvg': False, 'fvg_lookback': 34, 'en_ifvg': True, 'en_breaker': False, 'breaker_swing_l': 18, 'en_cisd': True, 'k': 1, 'en_cap_bars': True, 'cap_1min': 652}.
[I 2026-07-13 17:39:13,929] Trial 1999 finished with values: [759.4973989920504, -423.56662761558255, 38.85] and parameters: {'sl_soft': 1.0063442051374751, 'sl_hard_delta': 0.05257236390156471, 'tp': 2.570841098597147, 'gate_pct': 54.8778799805964, 'dd_limit': 390.2569167971573, 'cooldown': 8, 'flip': True, 'en_ema_trend': True, 'ema_trend_fast': 317, 'ema_trend_slow': 51, 'en_sma_trend': False, 'sma_trend_fast': 141, 'sma_trend_slow': 143, 'en_macd': True, 'macd_fast': 80, 'macd_slow': 180, 'macd_signal': 86, 'en_vwap': False, 'en_keltner': True, 'keltner_n': 61, 'keltner_m': 3.1, 'en_obv': True, 'obv_slope': 108, 'en_cci': False, 'cci_n': 3, 'cci_threshold': 45, 'en_rsi': False, 'rsi_n': 33, 'rsi_lower': 28, 'rsi_upper': 71, 'en_stochastic': False, 'stochastic_n': 56, 'stochastic_d': 37, 'stochastic_lower': 16, 'stochastic_upper': 95, 'en_mfi': False, 'mfi_n': 51, 'mfi_lower': 16, 'mfi_upper': 67, 'en_bollinger': False, 'bollinger_n': 181, 'bollinger_k': 0.5, 'en_adx': False, 'adx_n': 62, 'adx_threshold': 19, 'en_structure_trend': False, 'structure_trend_swing_l': 19, 'en_order_block': True, 'order_block_swing_l': 3, 'en_fvg': False, 'fvg_lookback': 8, 'en_ifvg': True, 'en_breaker': True, 'breaker_swing_l': 17, 'en_cisd': True, 'k': 3, 'en_cap_bars': True, 'cap_1min': 652}.
[I 2026-07-13 17:39:15,366] Trial 2000 finished with values: [353.6113548861522, -165.00000000003183, 86.45] and parameters: {'sl_soft': 1.0063442051374751, 'sl_hard_delta': 2.905993056033855, 'tp': 0.9918133787075697, 'gate_pct': 54.8778799805964, 'dd_limit': 434.8338936907749, 'cooldown': 3, 'flip': True, 'en_ema_trend': True, 'ema_trend_fast': 317, 'ema_trend_slow': 291, 'en_sma_trend': False, 'sma_trend_fast': 141, 'sma_trend_slow': 134, 'en_macd': True, 'macd_fast': 6, 'macd_slow': 47, 'macd_signal': 72, 'en_vwap': True, 'en_keltner': False, 'keltner_n': 116, 'keltner_m': 1.7000000000000002, 'en_obv': True, 'obv_slope': 8, 'en_cci': False, 'cci_n': 3, 'cci_threshold': 75, 'en_rsi': True, 'rsi_n': 33, 'rsi_lower': 28, 'rsi_upper': 71, 'en_stochastic': False, 'stochastic_n': 56, 'stochastic_d': 7, 'stochastic_lower': 16, 'stochastic_upper': 90, 'en_mfi': True, 'mfi_n': 51, 'mfi_lower': 18, 'mfi_upper': 67, 'en_bollinger': False, 'bollinger_n': 115, 'bollinger_k': 0.5, 'en_adx': True, 'adx_n': 23, 'adx_threshold': 19, 'en_structure_trend': False, 'structure_trend_swing_l': 19, 'en_order_block': True, 'order_block_swing_l': 3, 'en_fvg': False, 'fvg_lookback': 8, 'en_ifvg': True, 'en_breaker': False, 'breaker_swing_l': 18, 'en_cisd': True, 'k': 1, 'en_cap_bars': True, 'cap_1min': 412}.
[I 2026-07-13 17:39:16,857] Trial 2001 finished with values: [269.32667204444556, -512.5051255702147, 64.45] and parameters: {'sl_soft': 1.5128727017605812, 'sl_hard_delta': 0.008044238733936384, 'tp': 0.9918133787075697, 'gate_pct': 54.8778799805964, 'dd_limit': 434.8338936907749, 'cooldown': 1, 'flip': True, 'en_ema_trend': True, 'ema_trend_fast': 317, 'ema_trend_slow': 291, 'en_sma_trend': True, 'sma_trend_fast': 141, 'sma_trend_slow': 143, 'en_macd': True, 'macd_fast': 25, 'macd_slow': 34, 'macd_signal': 72, 'en_vwap': True, 'en_keltner': True, 'keltner_n': 3, 'keltner_m': 3.1, 'en_obv': True, 'obv_slope': 8, 'en_cci': True, 'cci_n': 3, 'cci_threshold': 145, 'en_rsi': True, 'rsi_n': 67, 'rsi_lower': 7, 'rsi_upper': 86, 'en_stochastic': False, 'stochastic_n': 56, 'stochastic_d': 31, 'stochastic_lower': 48, 'stochastic_upper': 97, 'en_mfi': True, 'mfi_n': 51, 'mfi_lower': 20, 'mfi_upper': 86, 'en_bollinger': False, 'bollinger_n': 9, 'bollinger_k': 0.5, 'en_adx': True, 'adx_n': 23, 'adx_threshold': 7, 'en_structure_trend': False, 'structure_trend_swing_l': 19, 'en_order_block': True, 'order_block_swing_l': 9, 'en_fvg': False, 'fvg_lookback': 7, 'en_ifvg': True, 'en_breaker': False, 'breaker_swing_l': 1, 'en_cisd': True, 'k': 1, 'en_cap_bars': True, 'cap_1min': 272}.
[I 2026-07-13 17:39:17,181] Trial 2002 finished with values: [867.1290333532738, -405.75537754848483, 38.95] and parameters: {'sl_soft': 1.0063442051374751, 'sl_hard_delta': 0.008044238733936384, 'tp': 2.9458524258041714, 'gate_pct': 54.8778799805964, 'dd_limit': 390.2569167971573, 'cooldown': 8, 'flip': True, 'en_ema_trend': True, 'ema_trend_fast': 317, 'ema_trend_slow': 291, 'en_sma_trend': True, 'sma_trend_fast': 388, 'sma_trend_slow': 143, 'en_macd': True, 'macd_fast': 25, 'macd_slow': 180, 'macd_signal': 86, 'en_vwap': True, 'en_keltner': False, 'keltner_n': 116, 'keltner_m': 3.1, 'en_obv': False, 'obv_slope': 8, 'en_cci': False, 'cci_n': 110, 'cci_threshold': 300, 'en_rsi': False, 'rsi_n': 74, 'rsi_lower': 28, 'rsi_upper': 71, 'en_stochastic': False, 'stochastic_n': 56, 'stochastic_d': 9, 'stochastic_lower': 16, 'stochastic_upper': 57, 'en_mfi': True, 'mfi_n': 26, 'mfi_lower': 13, 'mfi_upper': 86, 'en_bollinger': False, 'bollinger_n': 115, 'bollinger_k': 2.5, 'en_adx': False, 'adx_n': 62, 'adx_threshold': 32, 'en_structure_trend': False, 'structure_trend_swing_l': 19, 'en_order_block': True, 'order_block_swing_l': 9, 'en_fvg': True, 'fvg_lookback': 7, 'en_ifvg': True, 'en_breaker': False, 'breaker_swing_l': 17, 'en_cisd': True, 'k': 1, 'en_cap_bars': True, 'cap_1min': 652}.
[I 2026-07-13 17:39:17,650] Trial 2003 finished with values: [106.55854887888836, -737.3229794010967, 63.2] and parameters: {'sl_soft': 1.5128727017605812, 'sl_hard_delta': 0.008044238733936384, 'tp': 0.9918133787075697, 'gate_pct': 54.8778799805964, 'dd_limit': 390.2569167971573, 'cooldown': 8, 'flip': True, 'en_ema_trend': True, 'ema_trend_fast': 317, 'ema_trend_slow': 291, 'en_sma_trend': True, 'sma_trend_fast': 96, 'sma_trend_slow': 143, 'en_macd': True, 'macd_fast': 25, 'macd_slow': 180, 'macd_signal': 86, 'en_vwap': True, 'en_keltner': True, 'keltner_n': 116, 'keltner_m': 3.1, 'en_obv': False, 'obv_slope': 8, 'en_cci': False, 'cci_n': 110, 'cci_threshold': 75, 'en_rsi': False, 'rsi_n': 46, 'rsi_lower': 7, 'rsi_upper': 82, 'en_stochastic': False, 'stochastic_n': 56, 'stochastic_d': 9, 'stochastic_lower': 16, 'stochastic_upper': 97, 'en_mfi': True, 'mfi_n': 51, 'mfi_lower': 13, 'mfi_upper': 86, 'en_bollinger': False, 'bollinger_n': 93, 'bollinger_k': 0.5, 'en_adx': False, 'adx_n': 18, 'adx_threshold': 7, 'en_structure_trend': False, 'structure_trend_swing_l': 19, 'en_order_block': True, 'order_block_swing_l': 9, 'en_fvg': False, 'fvg_lookback': 7, 'en_ifvg': True, 'en_breaker': False, 'breaker_swing_l': 1, 'en_cisd': True, 'k': 1, 'en_cap_bars': True, 'cap_1min': 652}.
[I 2026-07-13 17:39:18,049] Trial 2004 finished with values: [550.3385789657273, -155.54452635519738, 72.9] and parameters: {'sl_soft': 1.0063442051374751, 'sl_hard_delta': 0.008044238733936384, 'tp': 0.9918133787075697, 'gate_pct': 54.8778799805964, 'dd_limit': 434.8338936907749, 'cooldown': 3, 'flip': True, 'en_ema_trend': True, 'ema_trend_fast': 317, 'ema_trend_slow': 16, 'en_sma_trend': False, 'sma_trend_fast': 141, 'sma_trend_slow': 357, 'en_macd': False, 'macd_fast': 80, 'macd_slow': 180, 'macd_signal': 72, 'en_vwap': False, 'en_keltner': True, 'keltner_n': 116, 'keltner_m': 3.1, 'en_obv': True, 'obv_slope': 8, 'en_cci': True, 'cci_n': 3, 'cci_threshold': 300, 'en_rsi': True, 'rsi_n': 33, 'rsi_lower': 7, 'rsi_upper': 71, 'en_stochastic': False, 'stochastic_n': 75, 'stochastic_d': 5, 'stochastic_lower': 16, 'stochastic_upper': 90, 'en_mfi': False, 'mfi_n': 51, 'mfi_lower': 20, 'mfi_upper': 71, 'en_bollinger': False, 'bollinger_n': 181, 'bollinger_k': 0.5, 'en_adx': True, 'adx_n': 18, 'adx_threshold': 19, 'en_structure_trend': False, 'structure_trend_swing_l': 19, 'en_order_block': True, 'order_block_swing_l': 3, 'en_fvg': False, 'fvg_lookback': 7, 'en_ifvg': True, 'en_breaker': False, 'breaker_swing_l': 18, 'en_cisd': True, 'k': 3, 'en_cap_bars': True, 'cap_1min': 272}.
