[I 2026-07-13 17:37:53,221] Trial 1380 finished with values: [2377.086358873379, -1734.512490223733, 45.349999999999994] and parameters: {'sl_soft': 1.124380577176661, 'sl_hard_delta': 0.4218978700826674, 'tp': 2.249197437223498, 'gate_pct': 81.43219065749138, 'dd_limit': 390.2569167971573, 'cooldown': 1, 'flip': True, 'en_ema_trend': True, 'ema_trend_fast': 393, 'ema_trend_slow': 84, 'en_sma_trend': False, 'sma_trend_fast': 29, 'sma_trend_slow': 376, 'en_macd': False, 'macd_fast': 80, 'macd_slow': 167, 'macd_signal': 9, 'en_vwap': False, 'en_keltner': False, 'keltner_n': 54, 'keltner_m': 4.8, 'en_obv': False, 'obv_slope': 170, 'en_cci': False, 'cci_n': 125, 'cci_threshold': 50, 'en_rsi': True, 'rsi_n': 54, 'rsi_lower': 23, 'rsi_upper': 71, 'en_stochastic': False, 'stochastic_n': 25, 'stochastic_d': 34, 'stochastic_lower': 44, 'stochastic_upper': 58, 'en_mfi': False, 'mfi_n': 65, 'mfi_lower': 23, 'mfi_upper': 76, 'en_bollinger': True, 'bollinger_n': 34, 'bollinger_k': 4.8, 'en_adx': False, 'adx_n': 31, 'adx_threshold': 11, 'en_structure_trend': True, 'structure_trend_swing_l': 1, 'en_order_block': False, 'order_block_swing_l': 13, 'en_fvg': False, 'fvg_lookback': 1, 'en_ifvg': False, 'en_breaker': False, 'breaker_swing_l': 5, 'en_cisd': True, 'k': 1, 'en_cap_bars': False, 'cap_1min': 933}.
[I 2026-07-13 17:37:53,742] Trial 1381 finished with values: [-6.7728761746082, -317.5691894008082, 58.35] and parameters: {'sl_soft': 1.4326423495393754, 'sl_hard_delta': 2.000352014019867, 'tp': 1.2908052877716663, 'gate_pct': 81.43219065749138, 'dd_limit': 122.33756046500012, 'cooldown': 23, 'flip': True, 'en_ema_trend': True, 'ema_trend_fast': 55, 'ema_trend_slow': 291, 'en_sma_trend': False, 'sma_trend_fast': 29, 'sma_trend_slow': 384, 'en_macd': False, 'macd_fast': 80, 'macd_slow': 79, 'macd_signal': 86, 'en_vwap': False, 'en_keltner': False, 'keltner_n': 54, 'keltner_m': 4.5, 'en_obv': True, 'obv_slope': 52, 'en_cci': True, 'cci_n': 125, 'cci_threshold': 30, 'en_rsi': True, 'rsi_n': 54, 'rsi_lower': 17, 'rsi_upper': 71, 'en_stochastic': False, 'stochastic_n': 8, 'stochastic_d': 7, 'stochastic_lower': 44, 'stochastic_upper': 88, 'en_mfi': True, 'mfi_n': 26, 'mfi_lower': 40, 'mfi_upper': 76, 'en_bollinger': True, 'bollinger_n': 52, 'bollinger_k': 4.8, 'en_adx': False, 'adx_n': 47, 'adx_threshold': 44, 'en_structure_trend': True, 'structure_trend_swing_l': 19, 'en_order_block': False, 'order_block_swing_l': 12, 'en_fvg': False, 'fvg_lookback': 1, 'en_ifvg': True, 'en_breaker': False, 'breaker_swing_l': 19, 'en_cisd': True, 'k': 1, 'en_cap_bars': False, 'cap_1min': 933}.
[I 2026-07-13 17:37:54,291] Trial 1382 pruned. 
[I 2026-07-13 17:37:57,033] Trial 1383 finished with values: [325.9573903566775, -551.9224013746225, 50.2] and parameters: {'sl_soft': 1.4657917354156722, 'sl_hard_delta': 0.4218978700826674, 'tp': 2.1925639368831504, 'gate_pct': 81.43219065749138, 'dd_limit': 434.8338936907749, 'cooldown': 23, 'flip': True, 'en_ema_trend': True, 'ema_trend_fast': 393, 'ema_trend_slow': 84, 'en_sma_trend': False, 'sma_trend_fast': 29, 'sma_trend_slow': 304, 'en_macd': True, 'macd_fast': 56, 'macd_slow': 51, 'macd_signal': 9, 'en_vwap': False, 'en_keltner': False, 'keltner_n': 77, 'keltner_m': 4.8, 'en_obv': False, 'obv_slope': 162, 'en_cci': True, 'cci_n': 132, 'cci_threshold': 40, 'en_rsi': True, 'rsi_n': 5, 'rsi_lower': 46, 'rsi_upper': 71, 'en_stochastic': False, 'stochastic_n': 8, 'stochastic_d': 7, 'stochastic_lower': 44, 'stochastic_upper': 88, 'en_mfi': False, 'mfi_n': 65, 'mfi_lower': 40, 'mfi_upper': 61, 'en_bollinger': False, 'bollinger_n': 52, 'bollinger_k': 0.7, 'en_adx': False, 'adx_n': 47, 'adx_threshold': 11, 'en_structure_trend': True, 'structure_trend_swing_l': 19, 'en_order_block': False, 'order_block_swing_l': 11, 'en_fvg': False, 'fvg_lookback': 50, 'en_ifvg': False, 'en_breaker': False, 'breaker_swing_l': 19, 'en_cisd': True, 'k': 1, 'en_cap_bars': False, 'cap_1min': 1002}.
[I 2026-07-13 17:37:57,382] Trial 1384 finished with values: [613.7053668757517, -983.6390997304875, 56.95] and parameters: {'sl_soft': 1.2795510837006852, 'sl_hard_delta': 2.023878961662409, 'tp': 1.9062213357503182, 'gate_pct': 42.37120833684469, 'dd_limit': 390.2569167971573, 'cooldown': 1, 'flip': True, 'en_ema_trend': False, 'ema_trend_fast': 393, 'ema_trend_slow': 84, 'en_sma_trend': False, 'sma_trend_fast': 164, 'sma_trend_slow': 304, 'en_macd': True, 'macd_fast': 25, 'macd_slow': 51, 'macd_signal': 9, 'en_vwap': True, 'en_keltner': False, 'keltner_n': 178, 'keltner_m': 4.8, 'en_obv': False, 'obv_slope': 170, 'en_cci': False, 'cci_n': 125, 'cci_threshold': 50, 'en_rsi': True, 'rsi_n': 54, 'rsi_lower': 23, 'rsi_upper': 82, 'en_stochastic': False, 'stochastic_n': 80, 'stochastic_d': 34, 'stochastic_lower': 44, 'stochastic_upper': 53, 'en_mfi': False, 'mfi_n': 2, 'mfi_lower': 35, 'mfi_upper': 76, 'en_bollinger': False, 'bollinger_n': 34, 'bollinger_k': 0.7, 'en_adx': False, 'adx_n': 42, 'adx_threshold': 11, 'en_structure_trend': True, 'structure_trend_swing_l': 17, 'en_order_block': False, 'order_block_swing_l': 13, 'en_fvg': False, 'fvg_lookback': 19, 'en_ifvg': False, 'en_breaker': False, 'breaker_swing_l': 5, 'en_cisd': True, 'k': 1, 'en_cap_bars': True, 'cap_1min': 1279}.
[I 2026-07-13 17:37:59,150] Trial 1385 finished with values: [505.05115745125977, -924.5352586887748, 46.2] and parameters: {'sl_soft': 1.2795510837006852, 'sl_hard_delta': 0.4218978700826674, 'tp': 2.249197437223498, 'gate_pct': 81.43219065749138, 'dd_limit': 122.33756046500012, 'cooldown': 5, 'flip': True, 'en_ema_trend': True, 'ema_trend_fast': 393, 'ema_trend_slow': 38, 'en_sma_trend': True, 'sma_trend_fast': 29, 'sma_trend_slow': 304, 'en_macd': True, 'macd_fast': 80, 'macd_slow': 51, 'macd_signal': 39, 'en_vwap': True, 'en_keltner': False, 'keltner_n': 54, 'keltner_m': 4.8, 'en_obv': True, 'obv_slope': 162, 'en_cci': False, 'cci_n': 125, 'cci_threshold': 30, 'en_rsi': False, 'rsi_n': 54, 'rsi_lower': 17, 'rsi_upper': 71, 'en_stochastic': False, 'stochastic_n': 25, 'stochastic_d': 34, 'stochastic_lower': 44, 'stochastic_upper': 58, 'en_mfi': False, 'mfi_n': 57, 'mfi_lower': 23, 'mfi_upper': 76, 'en_bollinger': True, 'bollinger_n': 62, 'bollinger_k': 4.8, 'en_adx': False, 'adx_n': 31, 'adx_threshold': 11, 'en_structure_trend': True, 'structure_trend_swing_l': 1, 'en_order_block': True, 'order_block_swing_l': 13, 'en_fvg': False, 'fvg_lookback': 1, 'en_ifvg': False, 'en_breaker': False, 'breaker_swing_l': 5, 'en_cisd': True, 'k': 1, 'en_cap_bars': False, 'cap_1min': 1279}.
[I 2026-07-13 17:37:59,454] Trial 1386 finished with values: [443.3034872495341, -537.412976941971, 52.45] and parameters: {'sl_soft': 1.124380577176661, 'sl_hard_delta': 2.023878961662409, 'tp': 2.1925639368831504, 'gate_pct': 58.77346993604095, 'dd_limit': 439.4689893251477, 'cooldown': 1, 'flip': True, 'en_ema_trend': True, 'ema_trend_fast': 393, 'ema_trend_slow': 132, 'en_sma_trend': False, 'sma_trend_fast': 29, 'sma_trend_slow': 376, 'en_macd': True, 'macd_fast': 25, 'macd_slow': 167, 'macd_signal': 22, 'en_vwap': True, 'en_keltner': False, 'keltner_n': 54, 'keltner_m': 3.9000000000000004, 'en_obv': False, 'obv_slope': 162, 'en_cci': True, 'cci_n': 32, 'cci_threshold': 30, 'en_rsi': False, 'rsi_n': 54, 'rsi_lower': 17, 'rsi_upper': 95, 'en_stochastic': False, 'stochastic_n': 80, 'stochastic_d': 9, 'stochastic_lower': 44, 'stochastic_upper': 74, 'en_mfi': True, 'mfi_n': 2, 'mfi_lower': 12, 'mfi_upper': 61, 'en_bollinger': True, 'bollinger_n': 52, 'bollinger_k': 4.7, 'en_adx': False, 'adx_n': 48, 'adx_threshold': 11, 'en_structure_trend': True, 'structure_trend_swing_l': 1, 'en_order_block': False, 'order_block_swing_l': 9, 'en_fvg': True, 'fvg_lookback': 50, 'en_ifvg': False, 'en_breaker': False, 'breaker_swing_l': 5, 'en_cisd': True, 'k': 4, 'en_cap_bars': False, 'cap_1min': 933}.
[I 2026-07-13 17:38:02,188] Trial 1387 finished with values: [708.6915066092104, -1349.9959465805432, 53.4] and parameters: {'sl_soft': 1.4326423495393754, 'sl_hard_delta': 2.000352014019867, 'tp': 2.1925639368831504, 'gate_pct': 74.50813821223942, 'dd_limit': 439.4689893251477, 'cooldown': 1, 'flip': True, 'en_ema_trend': True, 'ema_trend_fast': 262, 'ema_trend_slow': 132, 'en_sma_trend': True, 'sma_trend_fast': 164, 'sma_trend_slow': 376, 'en_macd': True, 'macd_fast': 45, 'macd_slow': 188, 'macd_signal': 86, 'en_vwap': False, 'en_keltner': False, 'keltner_n': 178, 'keltner_m': 1.2000000000000002, 'en_obv': False, 'obv_slope': 170, 'en_cci': True, 'cci_n': 132, 'cci_threshold': 30, 'en_rsi': True, 'rsi_n': 48, 'rsi_lower': 26, 'rsi_upper': 91, 'en_stochastic': False, 'stochastic_n': 25, 'stochastic_d': 35, 'stochastic_lower': 44, 'stochastic_upper': 53, 'en_mfi': True, 'mfi_n': 26, 'mfi_lower': 40, 'mfi_upper': 61, 'en_bollinger': False, 'bollinger_n': 88, 'bollinger_k': 2.6, 'en_adx': False, 'adx_n': 47, 'adx_threshold': 5, 'en_structure_trend': True, 'structure_trend_swing_l': 17, 'en_order_block': False, 'order_block_swing_l': 11, 'en_fvg': False, 'fvg_lookback': 19, 'en_ifvg': False, 'en_breaker': False, 'breaker_swing_l': 18, 'en_cisd': True, 'k': 1, 'en_cap_bars': True, 'cap_1min': 1002}.
[I 2026-07-13 17:38:02,632] Trial 1388 finished with values: [1504.7507451235447, -1038.7873700179398, 52.0] and parameters: {'sl_soft': 1.4326423495393754, 'sl_hard_delta': 0.4218978700826674, 'tp': 2.1925639368831504, 'gate_pct': 81.43219065749138, 'dd_limit': 439.4689893251477, 'cooldown': 1, 'flip': True, 'en_ema_trend': True, 'ema_trend_fast': 13, 'ema_trend_slow': 236, 'en_sma_trend': False, 'sma_trend_fast': 164, 'sma_trend_slow': 396, 'en_macd': True, 'macd_fast': 57, 'macd_slow': 53, 'macd_signal': 22, 'en_vwap': True, 'en_keltner': True, 'keltner_n': 178, 'keltner_m': 4.8, 'en_obv': False, 'obv_slope': 170, 'en_cci': False, 'cci_n': 32, 'cci_threshold': 80, 'en_rsi': False, 'rsi_n': 9, 'rsi_lower': 11, 'rsi_upper': 67, 'en_stochastic': False, 'stochastic_n': 80, 'stochastic_d': 9, 'stochastic_lower': 44, 'stochastic_upper': 85, 'en_mfi': True, 'mfi_n': 65, 'mfi_lower': 35, 'mfi_upper': 61, 'en_bollinger': False, 'bollinger_n': 104, 'bollinger_k': 4.7, 'en_adx': True, 'adx_n': 33, 'adx_threshold': 11, 'en_structure_trend': True, 'structure_trend_swing_l': 17, 'en_order_block': False, 'order_block_swing_l': 9, 'en_fvg': False, 'fvg_lookback': 19, 'en_ifvg': False, 'en_breaker': False, 'breaker_swing_l': 5, 'en_cisd': True, 'k': 4, 'en_cap_bars': False, 'cap_1min': 652}.
[I 2026-07-13 17:38:03,062] Trial 1389 finished with values: [1688.475702792607, -1932.6010214673602, 57.6] and parameters: {'sl_soft': 1.4657917354156722, 'sl_hard_delta': 2.023878961662409, 'tp': 2.1925639368831504, 'gate_pct': 58.77346993604095, 'dd_limit': 439.4689893251477, 'cooldown': 1, 'flip': True, 'en_ema_trend': True, 'ema_trend_fast': 393, 'ema_trend_slow': 132, 'en_sma_trend': False, 'sma_trend_fast': 164, 'sma_trend_slow': 304, 'en_macd': True, 'macd_fast': 25, 'macd_slow': 53, 'macd_signal': 9, 'en_vwap': True, 'en_keltner': True, 'keltner_n': 77, 'keltner_m': 3.9000000000000004, 'en_obv': False, 'obv_slope': 162, 'en_cci': True, 'cci_n': 125, 'cci_threshold': 50, 'en_rsi': False, 'rsi_n': 54, 'rsi_lower': 23, 'rsi_upper': 95, 'en_stochastic': False, 'stochastic_n': 80, 'stochastic_d': 34, 'stochastic_lower': 44, 'stochastic_upper': 74, 'en_mfi': False, 'mfi_n': 2, 'mfi_lower': 12, 'mfi_upper': 61, 'en_bollinger': False, 'bollinger_n': 104, 'bollinger_k': 4.7, 'en_adx': False, 'adx_n': 19, 'adx_threshold': 11, 'en_structure_trend': True, 'structure_trend_swing_l': 17, 'en_order_block': False, 'order_block_swing_l': 13, 'en_fvg': False, 'fvg_lookback': 19, 'en_ifvg': False, 'en_breaker': False, 'breaker_swing_l': 5, 'en_cisd': True, 'k': 1, 'en_cap_bars': False, 'cap_1min': 1279}.
[I 2026-07-13 17:38:04,376] Trial 1390 finished with values: [550.5501258073082, -305.0000000000068, 60.95] and parameters: {'sl_soft': 1.2979586805955017, 'sl_hard_delta': 2.023878961662409, 'tp': 2.1925639368831504, 'gate_pct': 42.37120833684469, 'dd_limit': 439.4689893251477, 'cooldown': 1, 'flip': True, 'en_ema_trend': True, 'ema_trend_fast': 249, 'ema_trend_slow': 84, 'en_sma_trend': False, 'sma_trend_fast': 164, 'sma_trend_slow': 300, 'en_macd': True, 'macd_fast': 57, 'macd_slow': 124, 'macd_signal': 9, 'en_vwap': True, 'en_keltner': True, 'keltner_n': 178, 'keltner_m': 4.8, 'en_obv': True, 'obv_slope': 50, 'en_cci': True, 'cci_n': 125, 'cci_threshold': 280, 'en_rsi': False, 'rsi_n': 9, 'rsi_lower': 47, 'rsi_upper': 95, 'en_stochastic': False, 'stochastic_n': 80, 'stochastic_d': 34, 'stochastic_lower': 44, 'stochastic_upper': 53, 'en_mfi': True, 'mfi_n': 2, 'mfi_lower': 12, 'mfi_upper': 62, 'en_bollinger': False, 'bollinger_n': 104, 'bollinger_k': 1.9000000000000001, 'en_adx': False, 'adx_n': 19, 'adx_threshold': 44, 'en_structure_trend': False, 'structure_trend_swing_l': 11, 'en_order_block': False, 'order_block_swing_l': 10, 'en_fvg': True, 'fvg_lookback': 45, 'en_ifvg': False, 'en_breaker': False, 'breaker_swing_l': 18, 'en_cisd': True, 'k': 1, 'en_cap_bars': True, 'cap_1min': 1416}.
[I 2026-07-13 17:38:05,004] Trial 1391 finished with values: [2181.489354701557, -2160.171670714226, 47.7] and parameters: {'sl_soft': 1.2795510837006852, 'sl_hard_delta': 0.4218978700826674, 'tp': 2.249197437223498, 'gate_pct': 81.43219065749138, 'dd_limit': 122.33756046500012, 'cooldown': 1, 'flip': True, 'en_ema_trend': True, 'ema_trend_fast': 393, 'ema_trend_slow': 84, 'en_sma_trend': True, 'sma_trend_fast': 29, 'sma_trend_slow': 304, 'en_macd': False, 'macd_fast': 80, 'macd_slow': 51, 'macd_signal': 9, 'en_vwap': True, 'en_keltner': False, 'keltner_n': 77, 'keltner_m': 1.0, 'en_obv': True, 'obv_slope': 162, 'en_cci': False, 'cci_n': 125, 'cci_threshold': 30, 'en_rsi': True, 'rsi_n': 54, 'rsi_lower': 17, 'rsi_upper': 71, 'en_stochastic': False, 'stochastic_n': 25, 'stochastic_d': 34, 'stochastic_lower': 44, 'stochastic_upper': 58, 'en_mfi': False, 'mfi_n': 65, 'mfi_lower': 23, 'mfi_upper': 76, 'en_bollinger': True, 'bollinger_n': 62, 'bollinger_k': 4.8, 'en_adx': False, 'adx_n': 31, 'adx_threshold': 11, 'en_structure_trend': True, 'structure_trend_swing_l': 1, 'en_order_block': True, 'order_block_swing_l': 13, 'en_fvg': False, 'fvg_lookback': 1, 'en_ifvg': False, 'en_breaker': False, 'breaker_swing_l': 5, 'en_cisd': True, 'k': 1, 'en_cap_bars': False, 'cap_1min': 933}.
[I 2026-07-13 17:38:05,413] Trial 1392 finished with values: [453.225064019648, -666.7968329642463, 54.7] and parameters: {'sl_soft': 1.4657917354156722, 'sl_hard_delta': 2.023878961662409, 'tp': 2.1925639368831504, 'gate_pct': 58.77346993604095, 'dd_limit': 439.4689893251477, 'cooldown': 1, 'flip': True, 'en_ema_trend': True, 'ema_trend_fast': 13, 'ema_trend_slow': 236, 'en_sma_trend': False, 'sma_trend_fast': 164, 'sma_trend_slow': 396, 'en_macd': True, 'macd_fast': 25, 'macd_slow': 53, 'macd_signal': 22, 'en_vwap': True, 'en_keltner': True, 'keltner_n': 178, 'keltner_m': 4.8, 'en_obv': False, 'obv_slope': 170, 'en_cci': True, 'cci_n': 32, 'cci_threshold': 80, 'en_rsi': False, 'rsi_n': 5, 'rsi_lower': 11, 'rsi_upper': 95, 'en_stochastic': False, 'stochastic_n': 80, 'stochastic_d': 9, 'stochastic_lower': 44, 'stochastic_upper': 74, 'en_mfi': True, 'mfi_n': 2, 'mfi_lower': 12, 'mfi_upper': 61, 'en_bollinger': False, 'bollinger_n': 104, 'bollinger_k': 4.7, 'en_adx': False, 'adx_n': 48, 'adx_threshold': 5, 'en_structure_trend': True, 'structure_trend_swing_l': 1, 'en_order_block': False, 'order_block_swing_l': 9, 'en_fvg': False, 'fvg_lookback': 50, 'en_ifvg': False, 'en_breaker': False, 'breaker_swing_l': 5, 'en_cisd': True, 'k': 4, 'en_cap_bars': False, 'cap_1min': 652}.
[I 2026-07-13 17:38:06,118] Trial 1393 finished with values: [1759.300483689475, -1587.0209972162456, 45.55] and parameters: {'sl_soft': 1.124380577176661, 'sl_hard_delta': 0.4218978700826674, 'tp': 2.1925639368831504, 'gate_pct': 81.43219065749138, 'dd_limit': 203.47594125131056, 'cooldown': 1, 'flip': True, 'en_ema_trend': True, 'ema_trend_fast': 393, 'ema_trend_slow': 84, 'en_sma_trend': False, 'sma_trend_fast': 29, 'sma_trend_slow': 304, 'en_macd': False, 'macd_fast': 6, 'macd_slow': 51, 'macd_signal': 33, 'en_vwap': False, 'en_keltner': True, 'keltner_n': 77, 'keltner_m': 4.5, 'en_obv': False, 'obv_slope': 162, 'en_cci': False, 'cci_n': 125, 'cci_threshold': 30, 'en_rsi': True, 'rsi_n': 54, 'rsi_lower': 17, 'rsi_upper': 71, 'en_stochastic': False, 'stochastic_n': 25, 'stochastic_d': 34, 'stochastic_lower': 44, 'stochastic_upper': 58, 'en_mfi': False, 'mfi_n': 65, 'mfi_lower': 23, 'mfi_upper': 76, 'en_bollinger': False, 'bollinger_n': 62, 'bollinger_k': 0.7, 'en_adx': False, 'adx_n': 33, 'adx_threshold': 11, 'en_structure_trend': True, 'structure_trend_swing_l': 1, 'en_order_block': True, 'order_block_swing_l': 12, 'en_fvg': True, 'fvg_lookback': 1, 'en_ifvg': False, 'en_breaker': False, 'breaker_swing_l': 1, 'en_cisd': True, 'k': 1, 'en_cap_bars': False, 'cap_1min': 933}.
[I 2026-07-13 17:38:07,788] Trial 1394 finished with values: [737.915414572501, -2347.1977718241988, 48.2] and parameters: {'sl_soft': 1.4326423495393754, 'sl_hard_delta': 0.4218978700826674, 'tp': 2.249197437223498, 'gate_pct': 81.43219065749138, 'dd_limit': 434.8338936907749, 'cooldown': 1, 'flip': True, 'en_ema_trend': True, 'ema_trend_fast': 393, 'ema_trend_slow': 291, 'en_sma_trend': True, 'sma_trend_fast': 142, 'sma_trend_slow': 376, 'en_macd': True, 'macd_fast': 80, 'macd_slow': 167, 'macd_signal': 86, 'en_vwap': True, 'en_keltner': False, 'keltner_n': 178, 'keltner_m': 1.2000000000000002, 'en_obv': True, 'obv_slope': 52, 'en_cci': True, 'cci_n': 125, 'cci_threshold': 30, 'en_rsi': True, 'rsi_n': 5, 'rsi_lower': 17, 'rsi_upper': 91, 'en_stochastic': False, 'stochastic_n': 8, 'stochastic_d': 34, 'stochastic_lower': 36, 'stochastic_upper': 93, 'en_mfi': True, 'mfi_n': 57, 'mfi_lower': 23, 'mfi_upper': 76, 'en_bollinger': True, 'bollinger_n': 52, 'bollinger_k': 4.8, 'en_adx': False, 'adx_n': 47, 'adx_threshold': 11, 'en_structure_trend': True, 'structure_trend_swing_l': 19, 'en_order_block': False, 'order_block_swing_l': 13, 'en_fvg': False, 'fvg_lookback': 24, 'en_ifvg': False, 'en_breaker': False, 'breaker_swing_l': 19, 'en_cisd': True, 'k': 1, 'en_cap_bars': True, 'cap_1min': 1002}.
[I 2026-07-13 17:38:08,136] Trial 1395 finished with values: [315.5367987375598, -243.65897555817355, 51.3] and parameters: {'sl_soft': 1.124380577176661, 'sl_hard_delta': 0.09391430061437202, 'tp': 2.1925639368831504, 'gate_pct': 26.991527672954163, 'dd_limit': 390.2569167971573, 'cooldown': 26, 'flip': True, 'en_ema_trend': True, 'ema_trend_fast': 393, 'ema_trend_slow': 84, 'en_sma_trend': False, 'sma_trend_fast': 285, 'sma_trend_slow': 304, 'en_macd': False, 'macd_fast': 80, 'macd_slow': 157, 'macd_signal': 9, 'en_vwap': False, 'en_keltner': False, 'keltner_n': 77, 'keltner_m': 4.8, 'en_obv': False, 'obv_slope': 44, 'en_cci': False, 'cci_n': 125, 'cci_threshold': 30, 'en_rsi': True, 'rsi_n': 54, 'rsi_lower': 17, 'rsi_upper': 59, 'en_stochastic': False, 'stochastic_n': 56, 'stochastic_d': 34, 'stochastic_lower': 2, 'stochastic_upper': 70, 'en_mfi': True, 'mfi_n': 57, 'mfi_lower': 37, 'mfi_upper': 76, 'en_bollinger': True, 'bollinger_n': 62, 'bollinger_k': 3.8000000000000003, 'en_adx': False, 'adx_n': 31, 'adx_threshold': 11, 'en_structure_trend': True, 'structure_trend_swing_l': 10, 'en_order_block': False, 'order_block_swing_l': 12, 'en_fvg': False, 'fvg_lookback': 1, 'en_ifvg': False, 'en_breaker': False, 'breaker_swing_l': 5, 'en_cisd': True, 'k': 1, 'en_cap_bars': False, 'cap_1min': 418}.
[I 2026-07-13 17:38:08,569] Trial 1396 finished with values: [-187.94292238436583, -1211.6456647586006, 51.150000000000006] and parameters: {'sl_soft': 1.4326423495393754, 'sl_hard_delta': 2.000352014019867, 'tp': 2.1925639368831504, 'gate_pct': 74.50813821223942, 'dd_limit': 122.33756046500012, 'cooldown': 1, 'flip': True, 'en_ema_trend': True, 'ema_trend_fast': 55, 'ema_trend_slow': 291, 'en_sma_trend': True, 'sma_trend_fast': 142, 'sma_trend_slow': 376, 'en_macd': False, 'macd_fast': 80, 'macd_slow': 79, 'macd_signal': 86, 'en_vwap': True, 'en_keltner': False, 'keltner_n': 178, 'keltner_m': 1.2000000000000002, 'en_obv': True, 'obv_slope': 52, 'en_cci': True, 'cci_n': 132, 'cci_threshold': 40, 'en_rsi': True, 'rsi_n': 54, 'rsi_lower': 17, 'rsi_upper': 71, 'en_stochastic': False, 'stochastic_n': 25, 'stochastic_d': 34, 'stochastic_lower': 44, 'stochastic_upper': 88, 'en_mfi': True, 'mfi_n': 57, 'mfi_lower': 23, 'mfi_upper': 61, 'en_bollinger': True, 'bollinger_n': 62, 'bollinger_k': 2.6, 'en_adx': False, 'adx_n': 33, 'adx_threshold': 11, 'en_structure_trend': True, 'structure_trend_swing_l': 19, 'en_order_block': False, 'order_block_swing_l': 12, 'en_fvg': False, 'fvg_lookback': 1, 'en_ifvg': True, 'en_breaker': False, 'breaker_swing_l': 1, 'en_cisd': True, 'k': 1, 'en_cap_bars': False, 'cap_1min': 1002}.
