[I 2026-07-13 17:24:58,184] Trial 684 finished with values: [-144.81212736735642, -240.26081585182055, 13.4] and parameters: {'sl_soft': 0.7756993843732112, 'sl_hard_delta': 0.3269087741450897, 'tp': 3.664190086725569, 'gate_pct': 62.02693045764362, 'dd_limit': 169.33568383751842, 'cooldown': 15, 'flip': True, 'en_ema_trend': False, 'ema_trend_fast': 314, 'ema_trend_slow': 26, 'en_sma_trend': False, 'sma_trend_fast': 155, 'sma_trend_slow': 248, 'en_macd': True, 'macd_fast': 57, 'macd_slow': 156, 'macd_signal': 54, 'en_vwap': False, 'en_keltner': True, 'keltner_n': 49, 'keltner_m': 2.1, 'en_obv': True, 'obv_slope': 116, 'en_cci': False, 'cci_n': 111, 'cci_threshold': 195, 'en_rsi': True, 'rsi_n': 25, 'rsi_lower': 38, 'rsi_upper': 58, 'en_stochastic': False, 'stochastic_n': 71, 'stochastic_d': 27, 'stochastic_lower': 33, 'stochastic_upper': 62, 'en_mfi': True, 'mfi_n': 82, 'mfi_lower': 20, 'mfi_upper': 72, 'en_bollinger': True, 'bollinger_n': 86, 'bollinger_k': 4.8, 'en_adx': False, 'adx_n': 2, 'adx_threshold': 27, 'en_structure_trend': True, 'structure_trend_swing_l': 1, 'en_order_block': True, 'order_block_swing_l': 6, 'en_fvg': False, 'fvg_lookback': 1, 'en_ifvg': False, 'en_breaker': False, 'breaker_swing_l': 18, 'en_cisd': False, 'k': 3, 'en_cap_bars': False, 'cap_1min': 379}.
[I 2026-07-13 17:25:00,095] Trial 685 pruned. 
[I 2026-07-13 17:25:00,583] Trial 686 finished with values: [-218.19569182503074, -452.0066322196385, 20.85] and parameters: {'sl_soft': 1.22587773067775, 'sl_hard_delta': 1.0142549137152623, 'tp': 3.664190086725569, 'gate_pct': 54.65570887864888, 'dd_limit': 208.93735973419433, 'cooldown': 18, 'flip': True, 'en_ema_trend': True, 'ema_trend_fast': 314, 'ema_trend_slow': 34, 'en_sma_trend': False, 'sma_trend_fast': 232, 'sma_trend_slow': 304, 'en_macd': False, 'macd_fast': 57, 'macd_slow': 64, 'macd_signal': 81, 'en_vwap': True, 'en_keltner': True, 'keltner_n': 49, 'keltner_m': 2.1, 'en_obv': False, 'obv_slope': 32, 'en_cci': False, 'cci_n': 174, 'cci_threshold': 195, 'en_rsi': True, 'rsi_n': 25, 'rsi_lower': 20, 'rsi_upper': 56, 'en_stochastic': False, 'stochastic_n': 71, 'stochastic_d': 34, 'stochastic_lower': 33, 'stochastic_upper': 94, 'en_mfi': True, 'mfi_n': 41, 'mfi_lower': 20, 'mfi_upper': 95, 'en_bollinger': False, 'bollinger_n': 47, 'bollinger_k': 4.8, 'en_adx': False, 'adx_n': 76, 'adx_threshold': 26, 'en_structure_trend': True, 'structure_trend_swing_l': 2, 'en_order_block': False, 'order_block_swing_l': 6, 'en_fvg': True, 'fvg_lookback': 45, 'en_ifvg': False, 'en_breaker': True, 'breaker_swing_l': 18, 'en_cisd': True, 'k': 3, 'en_cap_bars': False, 'cap_1min': 418}.
[I 2026-07-13 17:25:01,001] Trial 687 finished with values: [436.75224386429363, -309.9999999999909, 60.4] and parameters: {'sl_soft': 0.6154913983821713, 'sl_hard_delta': 2.981985232474473, 'tp': 1.2921449941565541, 'gate_pct': 75.29895741667805, 'dd_limit': 241.42955722086123, 'cooldown': 11, 'flip': False, 'en_ema_trend': True, 'ema_trend_fast': 33, 'ema_trend_slow': 305, 'en_sma_trend': False, 'sma_trend_fast': 232, 'sma_trend_slow': 248, 'en_macd': True, 'macd_fast': 70, 'macd_slow': 45, 'macd_signal': 27, 'en_vwap': True, 'en_keltner': False, 'keltner_n': 3, 'keltner_m': 3.4000000000000004, 'en_obv': True, 'obv_slope': 107, 'en_cci': True, 'cci_n': 174, 'cci_threshold': 195, 'en_rsi': True, 'rsi_n': 46, 'rsi_lower': 3, 'rsi_upper': 61, 'en_stochastic': True, 'stochastic_n': 9, 'stochastic_d': 36, 'stochastic_lower': 40, 'stochastic_upper': 92, 'en_mfi': True, 'mfi_n': 95, 'mfi_lower': 29, 'mfi_upper': 93, 'en_bollinger': False, 'bollinger_n': 144, 'bollinger_k': 2.1, 'en_adx': False, 'adx_n': 76, 'adx_threshold': 32, 'en_structure_trend': True, 'structure_trend_swing_l': 9, 'en_order_block': False, 'order_block_swing_l': 2, 'en_fvg': True, 'fvg_lookback': 44, 'en_ifvg': False, 'en_breaker': True, 'breaker_swing_l': 7, 'en_cisd': True, 'k': 3, 'en_cap_bars': False, 'cap_1min': 1119}.
[I 2026-07-13 17:25:01,972] Trial 688 finished with values: [-203.64154347147974, -490.30213365424515, 21.55] and parameters: {'sl_soft': 1.0860152683938593, 'sl_hard_delta': 0.2791290136221785, 'tp': 3.8454001470748493, 'gate_pct': 75.29895741667805, 'dd_limit': 235.57837541012853, 'cooldown': 18, 'flip': False, 'en_ema_trend': False, 'ema_trend_fast': 121, 'ema_trend_slow': 364, 'en_sma_trend': False, 'sma_trend_fast': 45, 'sma_trend_slow': 14, 'en_macd': False, 'macd_fast': 70, 'macd_slow': 18, 'macd_signal': 45, 'en_vwap': True, 'en_keltner': False, 'keltner_n': 116, 'keltner_m': 2.9000000000000004, 'en_obv': False, 'obv_slope': 7, 'en_cci': True, 'cci_n': 43, 'cci_threshold': 60, 'en_rsi': True, 'rsi_n': 95, 'rsi_lower': 7, 'rsi_upper': 61, 'en_stochastic': False, 'stochastic_n': 65, 'stochastic_d': 49, 'stochastic_lower': 34, 'stochastic_upper': 92, 'en_mfi': True, 'mfi_n': 15, 'mfi_lower': 29, 'mfi_upper': 61, 'en_bollinger': False, 'bollinger_n': 131, 'bollinger_k': 1.5, 'en_adx': False, 'adx_n': 31, 'adx_threshold': 32, 'en_structure_trend': False, 'structure_trend_swing_l': 19, 'en_order_block': False, 'order_block_swing_l': 14, 'en_fvg': True, 'fvg_lookback': 14, 'en_ifvg': False, 'en_breaker': True, 'breaker_swing_l': 7, 'en_cisd': True, 'k': 1, 'en_cap_bars': True, 'cap_1min': 995}.
[I 2026-07-13 17:25:03,257] Trial 689 finished with values: [-19.57869387589426, -319.5631737398571, 21.450000000000003] and parameters: {'sl_soft': 0.8668241302577042, 'sl_hard_delta': 0.8244393445390031, 'tp': 3.796381228830453, 'gate_pct': 63.90528592947753, 'dd_limit': 237.04271548261175, 'cooldown': 15, 'flip': False, 'en_ema_trend': False, 'ema_trend_fast': 41, 'ema_trend_slow': 72, 'en_sma_trend': False, 'sma_trend_fast': 298, 'sma_trend_slow': 111, 'en_macd': False, 'macd_fast': 52, 'macd_slow': 6, 'macd_signal': 54, 'en_vwap': False, 'en_keltner': False, 'keltner_n': 49, 'keltner_m': 2.1, 'en_obv': True, 'obv_slope': 18, 'en_cci': True, 'cci_n': 184, 'cci_threshold': 195, 'en_rsi': True, 'rsi_n': 25, 'rsi_lower': 47, 'rsi_upper': 75, 'en_stochastic': False, 'stochastic_n': 9, 'stochastic_d': 36, 'stochastic_lower': 40, 'stochastic_upper': 57, 'en_mfi': True, 'mfi_n': 88, 'mfi_lower': 24, 'mfi_upper': 99, 'en_bollinger': True, 'bollinger_n': 105, 'bollinger_k': 2.1, 'en_adx': False, 'adx_n': 62, 'adx_threshold': 32, 'en_structure_trend': True, 'structure_trend_swing_l': 11, 'en_order_block': False, 'order_block_swing_l': 18, 'en_fvg': False, 'fvg_lookback': 28, 'en_ifvg': True, 'en_breaker': True, 'breaker_swing_l': 7, 'en_cisd': False, 'k': 4, 'en_cap_bars': True, 'cap_1min': 1249}.
[I 2026-07-13 17:25:08,287] Trial 690 finished with values: [-203.6360569241083, -331.5108417494912, 29.3] and parameters: {'sl_soft': 1.0860152683938593, 'sl_hard_delta': 0.24002809860404511, 'tp': 1.5082069520025265, 'gate_pct': 86.68863637915473, 'dd_limit': 235.57837541012853, 'cooldown': 15, 'flip': True, 'en_ema_trend': True, 'ema_trend_fast': 40, 'ema_trend_slow': 364, 'en_sma_trend': False, 'sma_trend_fast': 155, 'sma_trend_slow': 263, 'en_macd': False, 'macd_fast': 96, 'macd_slow': 18, 'macd_signal': 86, 'en_vwap': False, 'en_keltner': True, 'keltner_n': 68, 'keltner_m': 1.5, 'en_obv': True, 'obv_slope': 7, 'en_cci': True, 'cci_n': 111, 'cci_threshold': 60, 'en_rsi': True, 'rsi_n': 95, 'rsi_lower': 38, 'rsi_upper': 86, 'en_stochastic': True, 'stochastic_n': 8, 'stochastic_d': 40, 'stochastic_lower': 40, 'stochastic_upper': 87, 'en_mfi': True, 'mfi_n': 82, 'mfi_lower': 16, 'mfi_upper': 61, 'en_bollinger': True, 'bollinger_n': 125, 'bollinger_k': 2.9000000000000004, 'en_adx': False, 'adx_n': 31, 'adx_threshold': 27, 'en_structure_trend': True, 'structure_trend_swing_l': 1, 'en_order_block': True, 'order_block_swing_l': 14, 'en_fvg': False, 'fvg_lookback': 28, 'en_ifvg': True, 'en_breaker': False, 'breaker_swing_l': 14, 'en_cisd': False, 'k': 4, 'en_cap_bars': True, 'cap_1min': 995}.
[I 2026-07-13 17:25:08,992] Trial 691 finished with values: [570.2972038232645, -314.87383154285453, 65.6] and parameters: {'sl_soft': 0.6154913983821713, 'sl_hard_delta': 2.981985232474473, 'tp': 1.2921449941565541, 'gate_pct': 84.86382733879176, 'dd_limit': 241.42955722086123, 'cooldown': 15, 'flip': False, 'en_ema_trend': False, 'ema_trend_fast': 40, 'ema_trend_slow': 305, 'en_sma_trend': False, 'sma_trend_fast': 232, 'sma_trend_slow': 263, 'en_macd': True, 'macd_fast': 96, 'macd_slow': 94, 'macd_signal': 27, 'en_vwap': True, 'en_keltner': False, 'keltner_n': 3, 'keltner_m': 3.4000000000000004, 'en_obv': True, 'obv_slope': 163, 'en_cci': True, 'cci_n': 111, 'cci_threshold': 25, 'en_rsi': True, 'rsi_n': 87, 'rsi_lower': 38, 'rsi_upper': 86, 'en_stochastic': True, 'stochastic_n': 9, 'stochastic_d': 36, 'stochastic_lower': 40, 'stochastic_upper': 92, 'en_mfi': True, 'mfi_n': 82, 'mfi_lower': 29, 'mfi_upper': 72, 'en_bollinger': False, 'bollinger_n': 155, 'bollinger_k': 2.1, 'en_adx': False, 'adx_n': 19, 'adx_threshold': 25, 'en_structure_trend': True, 'structure_trend_swing_l': 9, 'en_order_block': False, 'order_block_swing_l': 2, 'en_fvg': True, 'fvg_lookback': 44, 'en_ifvg': True, 'en_breaker': True, 'breaker_swing_l': 3, 'en_cisd': True, 'k': 3, 'en_cap_bars': False, 'cap_1min': 1119}.
[I 2026-07-13 17:25:09,317] Trial 692 finished with values: [27.372877517859706, -291.30176664566534, 29.3] and parameters: {'sl_soft': 0.8612621469910683, 'sl_hard_delta': 1.8647731859224803, 'tp': 3.664190086725569, 'gate_pct': 54.65570887864888, 'dd_limit': 190.1331512882937, 'cooldown': 27, 'flip': True, 'en_ema_trend': True, 'ema_trend_fast': 314, 'ema_trend_slow': 34, 'en_sma_trend': True, 'sma_trend_fast': 233, 'sma_trend_slow': 248, 'en_macd': False, 'macd_fast': 38, 'macd_slow': 94, 'macd_signal': 61, 'en_vwap': True, 'en_keltner': True, 'keltner_n': 94, 'keltner_m': 4.1, 'en_obv': True, 'obv_slope': 167, 'en_cci': True, 'cci_n': 174, 'cci_threshold': 145, 'en_rsi': False, 'rsi_n': 97, 'rsi_lower': 37, 'rsi_upper': 85, 'en_stochastic': False, 'stochastic_n': 63, 'stochastic_d': 36, 'stochastic_lower': 33, 'stochastic_upper': 62, 'en_mfi': True, 'mfi_n': 80, 'mfi_lower': 20, 'mfi_upper': 88, 'en_bollinger': True, 'bollinger_n': 136, 'bollinger_k': 3.9000000000000004, 'en_adx': False, 'adx_n': 62, 'adx_threshold': 32, 'en_structure_trend': True, 'structure_trend_swing_l': 2, 'en_order_block': False, 'order_block_swing_l': 2, 'en_fvg': True, 'fvg_lookback': 47, 'en_ifvg': False, 'en_breaker': True, 'breaker_swing_l': 10, 'en_cisd': True, 'k': 3, 'en_cap_bars': False, 'cap_1min': 332}.
[I 2026-07-13 17:25:09,628] Trial 693 finished with values: [436.75224386429363, -309.9999999999909, 60.4] and parameters: {'sl_soft': 0.6154913983821713, 'sl_hard_delta': 2.981985232474473, 'tp': 1.2921449941565541, 'gate_pct': 75.29895741667805, 'dd_limit': 241.42955722086123, 'cooldown': 11, 'flip': False, 'en_ema_trend': True, 'ema_trend_fast': 33, 'ema_trend_slow': 305, 'en_sma_trend': False, 'sma_trend_fast': 232, 'sma_trend_slow': 248, 'en_macd': True, 'macd_fast': 70, 'macd_slow': 94, 'macd_signal': 27, 'en_vwap': True, 'en_keltner': False, 'keltner_n': 3, 'keltner_m': 3.4000000000000004, 'en_obv': True, 'obv_slope': 163, 'en_cci': True, 'cci_n': 174, 'cci_threshold': 195, 'en_rsi': True, 'rsi_n': 46, 'rsi_lower': 3, 'rsi_upper': 61, 'en_stochastic': True, 'stochastic_n': 9, 'stochastic_d': 36, 'stochastic_lower': 40, 'stochastic_upper': 92, 'en_mfi': True, 'mfi_n': 95, 'mfi_lower': 29, 'mfi_upper': 93, 'en_bollinger': False, 'bollinger_n': 144, 'bollinger_k': 2.1, 'en_adx': False, 'adx_n': 76, 'adx_threshold': 32, 'en_structure_trend': True, 'structure_trend_swing_l': 9, 'en_order_block': False, 'order_block_swing_l': 2, 'en_fvg': True, 'fvg_lookback': 44, 'en_ifvg': False, 'en_breaker': True, 'breaker_swing_l': 7, 'en_cisd': True, 'k': 3, 'en_cap_bars': False, 'cap_1min': 1119}.
[I 2026-07-13 17:25:11,380] Trial 694 finished with values: [537.0250551531171, -559.9999999999682, 40.0] and parameters: {'sl_soft': 0.95083156235771, 'sl_hard_delta': 2.911804370090404, 'tp': 3.8454001470748493, 'gate_pct': 84.86382733879176, 'dd_limit': 129.62211800890103, 'cooldown': 13, 'flip': False, 'en_ema_trend': False, 'ema_trend_fast': 40, 'ema_trend_slow': 26, 'en_sma_trend': False, 'sma_trend_fast': 155, 'sma_trend_slow': 14, 'en_macd': False, 'macd_fast': 52, 'macd_slow': 156, 'macd_signal': 86, 'en_vwap': True, 'en_keltner': True, 'keltner_n': 68, 'keltner_m': 2.9000000000000004, 'en_obv': True, 'obv_slope': 116, 'en_cci': True, 'cci_n': 111, 'cci_threshold': 60, 'en_rsi': True, 'rsi_n': 87, 'rsi_lower': 38, 'rsi_upper': 78, 'en_stochastic': False, 'stochastic_n': 32, 'stochastic_d': 27, 'stochastic_lower': 40, 'stochastic_upper': 89, 'en_mfi': True, 'mfi_n': 45, 'mfi_lower': 16, 'mfi_upper': 72, 'en_bollinger': False, 'bollinger_n': 125, 'bollinger_k': 3.4000000000000004, 'en_adx': False, 'adx_n': 16, 'adx_threshold': 27, 'en_structure_trend': True, 'structure_trend_swing_l': 1, 'en_order_block': False, 'order_block_swing_l': 16, 'en_fvg': False, 'fvg_lookback': 14, 'en_ifvg': True, 'en_breaker': True, 'breaker_swing_l': 3, 'en_cisd': False, 'k': 4, 'en_cap_bars': True, 'cap_1min': 379}.
[I 2026-07-13 17:25:16,108] Trial 695 finished with values: [162.13331424619355, -150.62761770923316, 65.15] and parameters: {'sl_soft': 0.8668241302577042, 'sl_hard_delta': 2.145728223926894, 'tp': 1.2921449941565541, 'gate_pct': 63.90528592947753, 'dd_limit': 212.284904074767, 'cooldown': 15, 'flip': False, 'en_ema_trend': False, 'ema_trend_fast': 33, 'ema_trend_slow': 30, 'en_sma_trend': False, 'sma_trend_fast': 298, 'sma_trend_slow': 248, 'en_macd': False, 'macd_fast': 70, 'macd_slow': 104, 'macd_signal': 54, 'en_vwap': True, 'en_keltner': False, 'keltner_n': 3, 'keltner_m': 3.5, 'en_obv': True, 'obv_slope': 163, 'en_cci': True, 'cci_n': 174, 'cci_threshold': 260, 'en_rsi': True, 'rsi_n': 69, 'rsi_lower': 3, 'rsi_upper': 61, 'en_stochastic': True, 'stochastic_n': 3, 'stochastic_d': 36, 'stochastic_lower': 8, 'stochastic_upper': 57, 'en_mfi': True, 'mfi_n': 95, 'mfi_lower': 29, 'mfi_upper': 93, 'en_bollinger': False, 'bollinger_n': 144, 'bollinger_k': 2.1, 'en_adx': False, 'adx_n': 19, 'adx_threshold': 17, 'en_structure_trend': True, 'structure_trend_swing_l': 9, 'en_order_block': False, 'order_block_swing_l': 2, 'en_fvg': False, 'fvg_lookback': 28, 'en_ifvg': True, 'en_breaker': True, 'breaker_swing_l': 7, 'en_cisd': True, 'k': 3, 'en_cap_bars': False, 'cap_1min': 690}.
[I 2026-07-13 17:25:16,550] Trial 696 finished with values: [66.23326517695887, -360.00000000001364, 33.3] and parameters: {'sl_soft': 1.22587773067775, 'sl_hard_delta': 1.8647731859224803, 'tp': 3.664190086725569, 'gate_pct': 54.65570887864888, 'dd_limit': 169.33568383751842, 'cooldown': 27, 'flip': True, 'en_ema_trend': True, 'ema_trend_fast': 314, 'ema_trend_slow': 34, 'en_sma_trend': False, 'sma_trend_fast': 232, 'sma_trend_slow': 248, 'en_macd': False, 'macd_fast': 38, 'macd_slow': 94, 'macd_signal': 17, 'en_vwap': True, 'en_keltner': False, 'keltner_n': 32, 'keltner_m': 2.1, 'en_obv': True, 'obv_slope': 167, 'en_cci': False, 'cci_n': 174, 'cci_threshold': 195, 'en_rsi': False, 'rsi_n': 54, 'rsi_lower': 37, 'rsi_upper': 85, 'en_stochastic': False, 'stochastic_n': 77, 'stochastic_d': 36, 'stochastic_lower': 33, 'stochastic_upper': 93, 'en_mfi': True, 'mfi_n': 80, 'mfi_lower': 20, 'mfi_upper': 88, 'en_bollinger': False, 'bollinger_n': 57, 'bollinger_k': 3.9000000000000004, 'en_adx': False, 'adx_n': 76, 'adx_threshold': 41, 'en_structure_trend': True, 'structure_trend_swing_l': 2, 'en_order_block': False, 'order_block_swing_l': 2, 'en_fvg': True, 'fvg_lookback': 1, 'en_ifvg': False, 'en_breaker': True, 'breaker_swing_l': 7, 'en_cisd': False, 'k': 3, 'en_cap_bars': False, 'cap_1min': 332}.
[I 2026-07-13 17:25:19,837] Trial 697 finished with values: [64.2118519898645, -546.7575387158149, 56.25] and parameters: {'sl_soft': 0.6154913983821713, 'sl_hard_delta': 2.911804370090404, 'tp': 1.2921449941565541, 'gate_pct': 86.68863637915473, 'dd_limit': 241.42955722086123, 'cooldown': 13, 'flip': False, 'en_ema_trend': True, 'ema_trend_fast': 121, 'ema_trend_slow': 305, 'en_sma_trend': False, 'sma_trend_fast': 45, 'sma_trend_slow': 248, 'en_macd': False, 'macd_fast': 70, 'macd_slow': 45, 'macd_signal': 27, 'en_vwap': True, 'en_keltner': True, 'keltner_n': 68, 'keltner_m': 3.4000000000000004, 'en_obv': False, 'obv_slope': 7, 'en_cci': True, 'cci_n': 174, 'cci_threshold': 195, 'en_rsi': True, 'rsi_n': 95, 'rsi_lower': 17, 'rsi_upper': 61, 'en_stochastic': False, 'stochastic_n': 9, 'stochastic_d': 40, 'stochastic_lower': 40, 'stochastic_upper': 87, 'en_mfi': True, 'mfi_n': 45, 'mfi_lower': 16, 'mfi_upper': 93, 'en_bollinger': True, 'bollinger_n': 125, 'bollinger_k': 2.9000000000000004, 'en_adx': False, 'adx_n': 31, 'adx_threshold': 26, 'en_structure_trend': True, 'structure_trend_swing_l': 9, 'en_order_block': False, 'order_block_swing_l': 2, 'en_fvg': True, 'fvg_lookback': 14, 'en_ifvg': True, 'en_breaker': True, 'breaker_swing_l': 3, 'en_cisd': True, 'k': 3, 'en_cap_bars': False, 'cap_1min': 1119}.
[I 2026-07-13 17:25:24,772] Trial 698 finished with values: [-54.581817574546676, -161.91963998869596, 26.25] and parameters: {'sl_soft': 0.6154913983821713, 'sl_hard_delta': 0.03218716157238656, 'tp': 1.5082069520025265, 'gate_pct': 73.0036735816267, 'dd_limit': 129.62211800890103, 'cooldown': 20, 'flip': True, 'en_ema_trend': False, 'ema_trend_fast': 395, 'ema_trend_slow': 38, 'en_sma_trend': False, 'sma_trend_fast': 232, 'sma_trend_slow': 263, 'en_macd': False, 'macd_fast': 80, 'macd_slow': 156, 'macd_signal': 27, 'en_vwap': True, 'en_keltner': False, 'keltner_n': 3, 'keltner_m': 1.5, 'en_obv': True, 'obv_slope': 7, 'en_cci': True, 'cci_n': 174, 'cci_threshold': 25, 'en_rsi': True, 'rsi_n': 87, 'rsi_lower': 3, 'rsi_upper': 86, 'en_stochastic': True, 'stochastic_n': 9, 'stochastic_d': 27, 'stochastic_lower': 40, 'stochastic_upper': 77, 'en_mfi': True, 'mfi_n': 45, 'mfi_lower': 20, 'mfi_upper': 72, 'en_bollinger': False, 'bollinger_n': 86, 'bollinger_k': 2.1, 'en_adx': False, 'adx_n': 16, 'adx_threshold': 27, 'en_structure_trend': True, 'structure_trend_swing_l': 11, 'en_order_block': False, 'order_block_swing_l': 9, 'en_fvg': False, 'fvg_lookback': 44, 'en_ifvg': False, 'en_breaker': False, 'breaker_swing_l': 17, 'en_cisd': False, 'k': 4, 'en_cap_bars': True, 'cap_1min': 379}.
[I 2026-07-13 17:25:30,305] Trial 699 finished with values: [-149.7823583260356, -232.76951948845408, 21.3] and parameters: {'sl_soft': 0.6154913983821713, 'sl_hard_delta': 0.03218716157238656, 'tp': 1.2548102965475247, 'gate_pct': 73.0036735816267, 'dd_limit': 241.42955722086123, 'cooldown': 15, 'flip': False, 'en_ema_trend': False, 'ema_trend_fast': 40, 'ema_trend_slow': 26, 'en_sma_trend': False, 'sma_trend_fast': 232, 'sma_trend_slow': 14, 'en_macd': True, 'macd_fast': 96, 'macd_slow': 18, 'macd_signal': 86, 'en_vwap': True, 'en_keltner': False, 'keltner_n': 3, 'keltner_m': 2.9000000000000004, 'en_obv': True, 'obv_slope': 116, 'en_cci': True, 'cci_n': 174, 'cci_threshold': 30, 'en_rsi': True, 'rsi_n': 87, 'rsi_lower': 38, 'rsi_upper': 82, 'en_stochastic': True, 'stochastic_n': 9, 'stochastic_d': 27, 'stochastic_lower': 2, 'stochastic_upper': 89, 'en_mfi': True, 'mfi_n': 45, 'mfi_lower': 20, 'mfi_upper': 72, 'en_bollinger': False, 'bollinger_n': 121, 'bollinger_k': 3.4000000000000004, 'en_adx': True, 'adx_n': 16, 'adx_threshold': 26, 'en_structure_trend': True, 'structure_trend_swing_l': 11, 'en_order_block': False, 'order_block_swing_l': 9, 'en_fvg': False, 'fvg_lookback': 28, 'en_ifvg': True, 'en_breaker': False, 'breaker_swing_l': 17, 'en_cisd': False, 'k': 4, 'en_cap_bars': False, 'cap_1min': 379}.
[I 2026-07-13 17:25:39,072] Trial 700 finished with values: [79.12007495214652, -268.6462057753488, 41.65] and parameters: {'sl_soft': 0.95083156235771, 'sl_hard_delta': 0.03218716157238656, 'tp': 1.5082069520025265, 'gate_pct': 84.86382733879176, 'dd_limit': 241.42955722086123, 'cooldown': 15, 'flip': False, 'en_ema_trend': True, 'ema_trend_fast': 40, 'ema_trend_slow': 364, 'en_sma_trend': False, 'sma_trend_fast': 232, 'sma_trend_slow': 14, 'en_macd': True, 'macd_fast': 96, 'macd_slow': 64, 'macd_signal': 11, 'en_vwap': False, 'en_keltner': True, 'keltner_n': 34, 'keltner_m': 2.9000000000000004, 'en_obv': True, 'obv_slope': 120, 'en_cci': True, 'cci_n': 111, 'cci_threshold': 70, 'en_rsi': True, 'rsi_n': 15, 'rsi_lower': 20, 'rsi_upper': 86, 'en_stochastic': True, 'stochastic_n': 32, 'stochastic_d': 15, 'stochastic_lower': 2, 'stochastic_upper': 62, 'en_mfi': True, 'mfi_n': 82, 'mfi_lower': 2, 'mfi_upper': 72, 'en_bollinger': False, 'bollinger_n': 86, 'bollinger_k': 3.4000000000000004, 'en_adx': False, 'adx_n': 16, 'adx_threshold': 27, 'en_structure_trend': True, 'structure_trend_swing_l': 1, 'en_order_block': True, 'order_block_swing_l': 6, 'en_fvg': False, 'fvg_lookback': 28, 'en_ifvg': True, 'en_breaker': False, 'breaker_swing_l': 18, 'en_cisd': False, 'k': 1, 'en_cap_bars': False, 'cap_1min': 379}.
[I 2026-07-13 17:25:39,975] Trial 701 pruned. 
