[I 2026-07-13 17:26:19,222] Trial 1767 finished with values: [2630.2264858506305, -1935.0000000000136, 62.2] and parameters: {'sl_soft': 13.106247429258882, 'sl_hard_delta': 16.490247779034476, 'tp': 20.630905943402496, 'gate_pct': 68.22768503522947, 'dd_limit': 28.9935892757227, 'cooldown': 2, 'flip': False, 'en_ema_trend': True, 'ema_trend_fast': 177, 'ema_trend_slow': 381, 'en_sma_trend': False, 'sma_trend_fast': 95, 'sma_trend_slow': 321, 'en_macd': True, 'macd_fast': 98, 'macd_slow': 94, 'macd_signal': 84, 'en_vwap': True, 'en_keltner': False, 'keltner_n': 73, 'keltner_m': 3.9000000000000004, 'en_obv': True, 'obv_slope': 30, 'en_cci': False, 'cci_n': 87, 'cci_threshold': 290, 'en_rsi': True, 'rsi_n': 67, 'rsi_lower': 32, 'rsi_upper': 60, 'en_stochastic': False, 'stochastic_n': 3, 'stochastic_d': 37, 'stochastic_lower': 43, 'stochastic_upper': 97, 'en_mfi': True, 'mfi_n': 100, 'mfi_lower': 23, 'mfi_upper': 90, 'en_bollinger': False, 'bollinger_n': 78, 'bollinger_k': 0.6, 'en_adx': False, 'adx_n': 53, 'adx_threshold': 37, 'en_structure_trend': False, 'structure_trend_swing_l': 19, 'en_order_block': False, 'order_block_swing_l': 3, 'en_fvg': False, 'fvg_lookback': 31, 'en_ifvg': False, 'en_breaker': False, 'breaker_swing_l': 18, 'en_cisd': True, 'k': 2, 'en_cap_bars': True, 'cap_1min': 583}.
[I 2026-07-13 17:26:19,447] Trial 1768 finished with values: [9405.280364744072, -4461.625131149003, 61.15] and parameters: {'sl_soft': 13.106247429258882, 'sl_hard_delta': 16.490247779034476, 'tp': 21.8337486885096, 'gate_pct': 90.0783114706916, 'dd_limit': 290.7615384086792, 'cooldown': 0, 'flip': False, 'en_ema_trend': False, 'ema_trend_fast': 177, 'ema_trend_slow': 129, 'en_sma_trend': False, 'sma_trend_fast': 95, 'sma_trend_slow': 321, 'en_macd': True, 'macd_fast': 100, 'macd_slow': 105, 'macd_signal': 84, 'en_vwap': True, 'en_keltner': False, 'keltner_n': 17, 'keltner_m': 1.3, 'en_obv': True, 'obv_slope': 30, 'en_cci': False, 'cci_n': 2, 'cci_threshold': 195, 'en_rsi': False, 'rsi_n': 67, 'rsi_lower': 13, 'rsi_upper': 95, 'en_stochastic': True, 'stochastic_n': 3, 'stochastic_d': 31, 'stochastic_lower': 47, 'stochastic_upper': 97, 'en_mfi': True, 'mfi_n': 100, 'mfi_lower': 23, 'mfi_upper': 90, 'en_bollinger': False, 'bollinger_n': 184, 'bollinger_k': 0.6, 'en_adx': False, 'adx_n': 88, 'adx_threshold': 12, 'en_structure_trend': False, 'structure_trend_swing_l': 15, 'en_order_block': False, 'order_block_swing_l': 19, 'en_fvg': False, 'fvg_lookback': 31, 'en_ifvg': False, 'en_breaker': False, 'breaker_swing_l': 5, 'en_cisd': True, 'k': 3, 'en_cap_bars': False, 'cap_1min': 693}.
[I 2026-07-13 17:26:19,741] Trial 1769 finished with values: [5015.218061467681, -3329.9999999999727, 55.150000000000006] and parameters: {'sl_soft': 13.106247429258882, 'sl_hard_delta': 16.490247779034476, 'tp': 21.8337486885096, 'gate_pct': 90.0783114706916, 'dd_limit': 28.9935892757227, 'cooldown': 2, 'flip': False, 'en_ema_trend': True, 'ema_trend_fast': 177, 'ema_trend_slow': 301, 'en_sma_trend': False, 'sma_trend_fast': 95, 'sma_trend_slow': 321, 'en_macd': True, 'macd_fast': 100, 'macd_slow': 150, 'macd_signal': 84, 'en_vwap': True, 'en_keltner': False, 'keltner_n': 35, 'keltner_m': 3.9000000000000004, 'en_obv': True, 'obv_slope': 117, 'en_cci': True, 'cci_n': 2, 'cci_threshold': 195, 'en_rsi': True, 'rsi_n': 67, 'rsi_lower': 15, 'rsi_upper': 71, 'en_stochastic': False, 'stochastic_n': 3, 'stochastic_d': 31, 'stochastic_lower': 43, 'stochastic_upper': 97, 'en_mfi': True, 'mfi_n': 100, 'mfi_lower': 25, 'mfi_upper': 58, 'en_bollinger': False, 'bollinger_n': 78, 'bollinger_k': 0.6, 'en_adx': False, 'adx_n': 19, 'adx_threshold': 27, 'en_structure_trend': False, 'structure_trend_swing_l': 19, 'en_order_block': False, 'order_block_swing_l': 3, 'en_fvg': False, 'fvg_lookback': 31, 'en_ifvg': False, 'en_breaker': False, 'breaker_swing_l': 5, 'en_cisd': True, 'k': 3, 'en_cap_bars': True, 'cap_1min': 1332}.
[I 2026-07-13 17:26:20,023] Trial 1770 finished with values: [13572.15470899897, -7373.1879590215385, 55.65] and parameters: {'sl_soft': 13.106247429258882, 'sl_hard_delta': 16.490247779034476, 'tp': 21.8337486885096, 'gate_pct': 90.0783114706916, 'dd_limit': 28.9935892757227, 'cooldown': 0, 'flip': False, 'en_ema_trend': True, 'ema_trend_fast': 177, 'ema_trend_slow': 301, 'en_sma_trend': False, 'sma_trend_fast': 331, 'sma_trend_slow': 228, 'en_macd': True, 'macd_fast': 40, 'macd_slow': 47, 'macd_signal': 65, 'en_vwap': True, 'en_keltner': True, 'keltner_n': 73, 'keltner_m': 3.9000000000000004, 'en_obv': True, 'obv_slope': 30, 'en_cci': False, 'cci_n': 87, 'cci_threshold': 205, 'en_rsi': False, 'rsi_n': 67, 'rsi_lower': 39, 'rsi_upper': 60, 'en_stochastic': False, 'stochastic_n': 53, 'stochastic_d': 37, 'stochastic_lower': 43, 'stochastic_upper': 97, 'en_mfi': True, 'mfi_n': 100, 'mfi_lower': 25, 'mfi_upper': 90, 'en_bollinger': False, 'bollinger_n': 78, 'bollinger_k': 0.6, 'en_adx': False, 'adx_n': 88, 'adx_threshold': 55, 'en_structure_trend': False, 'structure_trend_swing_l': 4, 'en_order_block': False, 'order_block_swing_l': 3, 'en_fvg': False, 'fvg_lookback': 31, 'en_ifvg': False, 'en_breaker': False, 'breaker_swing_l': 5, 'en_cisd': True, 'k': 2, 'en_cap_bars': False, 'cap_1min': 522}.
[I 2026-07-13 17:26:20,259] Trial 1771 finished with values: [10951.087997647242, -4610.364108489603, 57.4] and parameters: {'sl_soft': 13.106247429258882, 'sl_hard_delta': 16.490247779034476, 'tp': 20.630905943402496, 'gate_pct': 90.0783114706916, 'dd_limit': 377.8686668899344, 'cooldown': 2, 'flip': False, 'en_ema_trend': True, 'ema_trend_fast': 177, 'ema_trend_slow': 381, 'en_sma_trend': True, 'sma_trend_fast': 95, 'sma_trend_slow': 229, 'en_macd': True, 'macd_fast': 84, 'macd_slow': 94, 'macd_signal': 84, 'en_vwap': True, 'en_keltner': True, 'keltner_n': 35, 'keltner_m': 3.9000000000000004, 'en_obv': True, 'obv_slope': 30, 'en_cci': False, 'cci_n': 88, 'cci_threshold': 290, 'en_rsi': False, 'rsi_n': 39, 'rsi_lower': 15, 'rsi_upper': 95, 'en_stochastic': False, 'stochastic_n': 3, 'stochastic_d': 19, 'stochastic_lower': 43, 'stochastic_upper': 97, 'en_mfi': True, 'mfi_n': 100, 'mfi_lower': 23, 'mfi_upper': 90, 'en_bollinger': False, 'bollinger_n': 78, 'bollinger_k': 0.6, 'en_adx': False, 'adx_n': 88, 'adx_threshold': 37, 'en_structure_trend': False, 'structure_trend_swing_l': 19, 'en_order_block': False, 'order_block_swing_l': 3, 'en_fvg': False, 'fvg_lookback': 31, 'en_ifvg': False, 'en_breaker': False, 'breaker_swing_l': 5, 'en_cisd': True, 'k': 2, 'en_cap_bars': False, 'cap_1min': 583}.
[I 2026-07-13 17:26:20,456] Trial 1772 finished with values: [7196.043566041488, -5023.454702829872, 63.4] and parameters: {'sl_soft': 13.106247429258882, 'sl_hard_delta': 16.490247779034476, 'tp': 20.630905943402496, 'gate_pct': 90.0783114706916, 'dd_limit': 28.9935892757227, 'cooldown': 0, 'flip': False, 'en_ema_trend': True, 'ema_trend_fast': 177, 'ema_trend_slow': 301, 'en_sma_trend': False, 'sma_trend_fast': 95, 'sma_trend_slow': 229, 'en_macd': True, 'macd_fast': 98, 'macd_slow': 94, 'macd_signal': 84, 'en_vwap': True, 'en_keltner': False, 'keltner_n': 17, 'keltner_m': 3.9000000000000004, 'en_obv': True, 'obv_slope': 30, 'en_cci': False, 'cci_n': 88, 'cci_threshold': 205, 'en_rsi': True, 'rsi_n': 39, 'rsi_lower': 15, 'rsi_upper': 60, 'en_stochastic': True, 'stochastic_n': 3, 'stochastic_d': 43, 'stochastic_lower': 43, 'stochastic_upper': 97, 'en_mfi': True, 'mfi_n': 100, 'mfi_lower': 23, 'mfi_upper': 90, 'en_bollinger': False, 'bollinger_n': 78, 'bollinger_k': 0.6, 'en_adx': False, 'adx_n': 19, 'adx_threshold': 12, 'en_structure_trend': False, 'structure_trend_swing_l': 19, 'en_order_block': False, 'order_block_swing_l': 3, 'en_fvg': False, 'fvg_lookback': 31, 'en_ifvg': False, 'en_breaker': False, 'breaker_swing_l': 5, 'en_cisd': True, 'k': 3, 'en_cap_bars': False, 'cap_1min': 583}.
[I 2026-07-13 17:26:20,689] Trial 1773 finished with values: [11727.030102446042, -6725.0, 55.4] and parameters: {'sl_soft': 13.106247429258882, 'sl_hard_delta': 17.282590469325996, 'tp': 21.8337486885096, 'gate_pct': 90.0783114706916, 'dd_limit': 377.8686668899344, 'cooldown': 2, 'flip': False, 'en_ema_trend': True, 'ema_trend_fast': 177, 'ema_trend_slow': 381, 'en_sma_trend': True, 'sma_trend_fast': 95, 'sma_trend_slow': 228, 'en_macd': True, 'macd_fast': 40, 'macd_slow': 94, 'macd_signal': 84, 'en_vwap': True, 'en_keltner': True, 'keltner_n': 35, 'keltner_m': 1.3, 'en_obv': True, 'obv_slope': 30, 'en_cci': False, 'cci_n': 88, 'cci_threshold': 290, 'en_rsi': False, 'rsi_n': 39, 'rsi_lower': 15, 'rsi_upper': 95, 'en_stochastic': False, 'stochastic_n': 3, 'stochastic_d': 43, 'stochastic_lower': 43, 'stochastic_upper': 97, 'en_mfi': True, 'mfi_n': 84, 'mfi_lower': 25, 'mfi_upper': 90, 'en_bollinger': False, 'bollinger_n': 184, 'bollinger_k': 0.6, 'en_adx': False, 'adx_n': 88, 'adx_threshold': 27, 'en_structure_trend': False, 'structure_trend_swing_l': 19, 'en_order_block': False, 'order_block_swing_l': 3, 'en_fvg': False, 'fvg_lookback': 31, 'en_ifvg': False, 'en_breaker': False, 'breaker_swing_l': 5, 'en_cisd': True, 'k': 2, 'en_cap_bars': False, 'cap_1min': 583}.
[I 2026-07-13 17:26:20,883] Trial 1774 finished with values: [12246.648690683593, -5181.909405659735, 58.599999999999994] and parameters: {'sl_soft': 13.106247429258882, 'sl_hard_delta': 20.294948622898286, 'tp': 20.630905943402496, 'gate_pct': 90.0783114706916, 'dd_limit': 28.9935892757227, 'cooldown': 1, 'flip': False, 'en_ema_trend': True, 'ema_trend_fast': 177, 'ema_trend_slow': 301, 'en_sma_trend': False, 'sma_trend_fast': 177, 'sma_trend_slow': 228, 'en_macd': True, 'macd_fast': 98, 'macd_slow': 149, 'macd_signal': 13, 'en_vwap': True, 'en_keltner': False, 'keltner_n': 17, 'keltner_m': 3.9000000000000004, 'en_obv': True, 'obv_slope': 30, 'en_cci': False, 'cci_n': 87, 'cci_threshold': 195, 'en_rsi': False, 'rsi_n': 52, 'rsi_lower': 15, 'rsi_upper': 95, 'en_stochastic': False, 'stochastic_n': 27, 'stochastic_d': 31, 'stochastic_lower': 43, 'stochastic_upper': 97, 'en_mfi': True, 'mfi_n': 100, 'mfi_lower': 23, 'mfi_upper': 59, 'en_bollinger': False, 'bollinger_n': 20, 'bollinger_k': 0.6, 'en_adx': False, 'adx_n': 88, 'adx_threshold': 12, 'en_structure_trend': False, 'structure_trend_swing_l': 19, 'en_order_block': False, 'order_block_swing_l': 17, 'en_fvg': False, 'fvg_lookback': 4, 'en_ifvg': False, 'en_breaker': False, 'breaker_swing_l': 18, 'en_cisd': True, 'k': 2, 'en_cap_bars': False, 'cap_1min': 522}.
[I 2026-07-13 17:26:21,049] Trial 1775 finished with values: [4971.967115462735, -1845.0000000000045, 55.35] and parameters: {'sl_soft': 7.863750810090712, 'sl_hard_delta': 16.490247779034476, 'tp': 20.630905943402496, 'gate_pct': 86.86001597008706, 'dd_limit': 28.9935892757227, 'cooldown': 2, 'flip': False, 'en_ema_trend': True, 'ema_trend_fast': 177, 'ema_trend_slow': 196, 'en_sma_trend': True, 'sma_trend_fast': 95, 'sma_trend_slow': 229, 'en_macd': False, 'macd_fast': 100, 'macd_slow': 150, 'macd_signal': 13, 'en_vwap': True, 'en_keltner': False, 'keltner_n': 83, 'keltner_m': 3.9000000000000004, 'en_obv': True, 'obv_slope': 54, 'en_cci': False, 'cci_n': 87, 'cci_threshold': 290, 'en_rsi': False, 'rsi_n': 67, 'rsi_lower': 37, 'rsi_upper': 60, 'en_stochastic': True, 'stochastic_n': 3, 'stochastic_d': 31, 'stochastic_lower': 43, 'stochastic_upper': 97, 'en_mfi': True, 'mfi_n': 100, 'mfi_lower': 28, 'mfi_upper': 90, 'en_bollinger': False, 'bollinger_n': 14, 'bollinger_k': 0.6, 'en_adx': False, 'adx_n': 88, 'adx_threshold': 27, 'en_structure_trend': False, 'structure_trend_swing_l': 15, 'en_order_block': False, 'order_block_swing_l': 3, 'en_fvg': False, 'fvg_lookback': 31, 'en_ifvg': False, 'en_breaker': False, 'breaker_swing_l': 5, 'en_cisd': True, 'k': 3, 'en_cap_bars': False, 'cap_1min': 583}.
[I 2026-07-13 17:26:21,286] Trial 1776 finished with values: [2424.747810699301, -5278.222870903915, 75.0] and parameters: {'sl_soft': 13.106247429258882, 'sl_hard_delta': 16.490247779034476, 'tp': 5.629442822740161, 'gate_pct': 90.0783114706916, 'dd_limit': 162.39650823726745, 'cooldown': 0, 'flip': False, 'en_ema_trend': True, 'ema_trend_fast': 177, 'ema_trend_slow': 196, 'en_sma_trend': True, 'sma_trend_fast': 95, 'sma_trend_slow': 228, 'en_macd': True, 'macd_fast': 84, 'macd_slow': 105, 'macd_signal': 84, 'en_vwap': True, 'en_keltner': True, 'keltner_n': 35, 'keltner_m': 4.5, 'en_obv': True, 'obv_slope': 54, 'en_cci': True, 'cci_n': 87, 'cci_threshold': 205, 'en_rsi': False, 'rsi_n': 39, 'rsi_lower': 13, 'rsi_upper': 95, 'en_stochastic': False, 'stochastic_n': 3, 'stochastic_d': 43, 'stochastic_lower': 43, 'stochastic_upper': 90, 'en_mfi': True, 'mfi_n': 100, 'mfi_lower': 23, 'mfi_upper': 58, 'en_bollinger': False, 'bollinger_n': 184, 'bollinger_k': 0.6, 'en_adx': False, 'adx_n': 88, 'adx_threshold': 12, 'en_structure_trend': False, 'structure_trend_swing_l': 19, 'en_order_block': False, 'order_block_swing_l': 3, 'en_fvg': True, 'fvg_lookback': 31, 'en_ifvg': False, 'en_breaker': False, 'breaker_swing_l': 5, 'en_cisd': True, 'k': 3, 'en_cap_bars': False, 'cap_1min': 208}.
[I 2026-07-13 17:26:21,539] Trial 1777 finished with values: [5793.530627042139, -3084.999999999991, 43.25] and parameters: {'sl_soft': 7.863750810090712, 'sl_hard_delta': 20.294948622898286, 'tp': 21.8337486885096, 'gate_pct': 68.22768503522947, 'dd_limit': 445.9796420188222, 'cooldown': 0, 'flip': False, 'en_ema_trend': False, 'ema_trend_fast': 177, 'ema_trend_slow': 99, 'en_sma_trend': True, 'sma_trend_fast': 95, 'sma_trend_slow': 321, 'en_macd': False, 'macd_fast': 56, 'macd_slow': 47, 'macd_signal': 84, 'en_vwap': True, 'en_keltner': False, 'keltner_n': 17, 'keltner_m': 1.3, 'en_obv': True, 'obv_slope': 18, 'en_cci': True, 'cci_n': 2, 'cci_threshold': 290, 'en_rsi': False, 'rsi_n': 35, 'rsi_lower': 13, 'rsi_upper': 99, 'en_stochastic': False, 'stochastic_n': 3, 'stochastic_d': 31, 'stochastic_lower': 12, 'stochastic_upper': 97, 'en_mfi': True, 'mfi_n': 65, 'mfi_lower': 23, 'mfi_upper': 74, 'en_bollinger': False, 'bollinger_n': 83, 'bollinger_k': 2.3, 'en_adx': False, 'adx_n': 88, 'adx_threshold': 12, 'en_structure_trend': False, 'structure_trend_swing_l': 19, 'en_order_block': False, 'order_block_swing_l': 17, 'en_fvg': False, 'fvg_lookback': 31, 'en_ifvg': False, 'en_breaker': False, 'breaker_swing_l': 5, 'en_cisd': True, 'k': 3, 'en_cap_bars': True, 'cap_1min': 1332}.
[I 2026-07-13 17:26:21,804] Trial 1778 finished with values: [7347.180323116174, -4963.454702829858, 69.4] and parameters: {'sl_soft': 13.322824841198319, 'sl_hard_delta': 16.490247779034476, 'tp': 20.630905943402496, 'gate_pct': 86.86001597008706, 'dd_limit': 28.9935892757227, 'cooldown': 0, 'flip': False, 'en_ema_trend': True, 'ema_trend_fast': 177, 'ema_trend_slow': 144, 'en_sma_trend': False, 'sma_trend_fast': 95, 'sma_trend_slow': 321, 'en_macd': True, 'macd_fast': 98, 'macd_slow': 150, 'macd_signal': 13, 'en_vwap': True, 'en_keltner': False, 'keltner_n': 17, 'keltner_m': 4.9, 'en_obv': True, 'obv_slope': 30, 'en_cci': False, 'cci_n': 88, 'cci_threshold': 265, 'en_rsi': True, 'rsi_n': 35, 'rsi_lower': 15, 'rsi_upper': 60, 'en_stochastic': True, 'stochastic_n': 3, 'stochastic_d': 31, 'stochastic_lower': 43, 'stochastic_upper': 83, 'en_mfi': True, 'mfi_n': 100, 'mfi_lower': 28, 'mfi_upper': 90, 'en_bollinger': False, 'bollinger_n': 78, 'bollinger_k': 0.6, 'en_adx': False, 'adx_n': 19, 'adx_threshold': 12, 'en_structure_trend': False, 'structure_trend_swing_l': 4, 'en_order_block': False, 'order_block_swing_l': 3, 'en_fvg': False, 'fvg_lookback': 31, 'en_ifvg': False, 'en_breaker': False, 'breaker_swing_l': 1, 'en_cisd': True, 'k': 3, 'en_cap_bars': False, 'cap_1min': 551}.
[I 2026-07-13 17:26:22,034] Trial 1779 finished with values: [7220.21806146762, -2194.999999999959, 46.55] and parameters: {'sl_soft': 7.863750810090712, 'sl_hard_delta': 20.294948622898286, 'tp': 21.8337486885096, 'gate_pct': 68.22768503522947, 'dd_limit': 445.9796420188222, 'cooldown': 1, 'flip': False, 'en_ema_trend': True, 'ema_trend_fast': 177, 'ema_trend_slow': 99, 'en_sma_trend': True, 'sma_trend_fast': 128, 'sma_trend_slow': 321, 'en_macd': True, 'macd_fast': 56, 'macd_slow': 150, 'macd_signal': 59, 'en_vwap': True, 'en_keltner': False, 'keltner_n': 17, 'keltner_m': 1.7000000000000002, 'en_obv': True, 'obv_slope': 18, 'en_cci': True, 'cci_n': 188, 'cci_threshold': 290, 'en_rsi': False, 'rsi_n': 35, 'rsi_lower': 13, 'rsi_upper': 71, 'en_stochastic': False, 'stochastic_n': 27, 'stochastic_d': 19, 'stochastic_lower': 12, 'stochastic_upper': 97, 'en_mfi': True, 'mfi_n': 65, 'mfi_lower': 23, 'mfi_upper': 74, 'en_bollinger': True, 'bollinger_n': 78, 'bollinger_k': 3.2, 'en_adx': False, 'adx_n': 88, 'adx_threshold': 12, 'en_structure_trend': False, 'structure_trend_swing_l': 19, 'en_order_block': False, 'order_block_swing_l': 17, 'en_fvg': False, 'fvg_lookback': 31, 'en_ifvg': False, 'en_breaker': False, 'breaker_swing_l': 5, 'en_cisd': True, 'k': 3, 'en_cap_bars': True, 'cap_1min': 1332}.
[I 2026-07-13 17:26:22,292] Trial 1780 finished with values: [7649.43081240932, -2070.0000000000045, 66.8] and parameters: {'sl_soft': 13.106247429258882, 'sl_hard_delta': 16.490247779034476, 'tp': 21.8337486885096, 'gate_pct': 90.0783114706916, 'dd_limit': 28.9935892757227, 'cooldown': 0, 'flip': False, 'en_ema_trend': True, 'ema_trend_fast': 177, 'ema_trend_slow': 99, 'en_sma_trend': False, 'sma_trend_fast': 95, 'sma_trend_slow': 321, 'en_macd': False, 'macd_fast': 98, 'macd_slow': 47, 'macd_signal': 84, 'en_vwap': True, 'en_keltner': False, 'keltner_n': 17, 'keltner_m': 1.3, 'en_obv': True, 'obv_slope': 30, 'en_cci': False, 'cci_n': 2, 'cci_threshold': 195, 'en_rsi': True, 'rsi_n': 67, 'rsi_lower': 15, 'rsi_upper': 99, 'en_stochastic': False, 'stochastic_n': 3, 'stochastic_d': 31, 'stochastic_lower': 13, 'stochastic_upper': 97, 'en_mfi': True, 'mfi_n': 84, 'mfi_lower': 23, 'mfi_upper': 90, 'en_bollinger': False, 'bollinger_n': 184, 'bollinger_k': 2.3, 'en_adx': False, 'adx_n': 88, 'adx_threshold': 12, 'en_structure_trend': False, 'structure_trend_swing_l': 19, 'en_order_block': False, 'order_block_swing_l': 19, 'en_fvg': False, 'fvg_lookback': 31, 'en_ifvg': False, 'en_breaker': False, 'breaker_swing_l': 5, 'en_cisd': True, 'k': 5, 'en_cap_bars': False, 'cap_1min': 1332}.
[I 2026-07-13 17:26:22,550] Trial 1781 finished with values: [2217.624606552926, -5875.0, 30.799999999999997] and parameters: {'sl_soft': 3.984281183725254, 'sl_hard_delta': 16.490247779034476, 'tp': 21.8337486885096, 'gate_pct': 90.0783114706916, 'dd_limit': 28.9935892757227, 'cooldown': 0, 'flip': False, 'en_ema_trend': True, 'ema_trend_fast': 177, 'ema_trend_slow': 196, 'en_sma_trend': True, 'sma_trend_fast': 331, 'sma_trend_slow': 228, 'en_macd': True, 'macd_fast': 84, 'macd_slow': 105, 'macd_signal': 84, 'en_vwap': True, 'en_keltner': True, 'keltner_n': 34, 'keltner_m': 4.5, 'en_obv': True, 'obv_slope': 30, 'en_cci': False, 'cci_n': 87, 'cci_threshold': 205, 'en_rsi': False, 'rsi_n': 39, 'rsi_lower': 39, 'rsi_upper': 62, 'en_stochastic': False, 'stochastic_n': 53, 'stochastic_d': 43, 'stochastic_lower': 43, 'stochastic_upper': 97, 'en_mfi': True, 'mfi_n': 100, 'mfi_lower': 25, 'mfi_upper': 58, 'en_bollinger': False, 'bollinger_n': 184, 'bollinger_k': 2.0, 'en_adx': False, 'adx_n': 90, 'adx_threshold': 27, 'en_structure_trend': False, 'structure_trend_swing_l': 19, 'en_order_block': False, 'order_block_swing_l': 19, 'en_fvg': True, 'fvg_lookback': 43, 'en_ifvg': False, 'en_breaker': False, 'breaker_swing_l': 5, 'en_cisd': True, 'k': 3, 'en_cap_bars': False, 'cap_1min': 583}.
[I 2026-07-13 17:26:22,859] Trial 1782 finished with values: [8282.868121929072, -4362.243155249371, 50.95] and parameters: {'sl_soft': 7.863750810090712, 'sl_hard_delta': 16.490247779034476, 'tp': 14.251027379002648, 'gate_pct': 90.0783114706916, 'dd_limit': 28.9935892757227, 'cooldown': 0, 'flip': False, 'en_ema_trend': True, 'ema_trend_fast': 177, 'ema_trend_slow': 129, 'en_sma_trend': False, 'sma_trend_fast': 95, 'sma_trend_slow': 321, 'en_macd': True, 'macd_fast': 40, 'macd_slow': 150, 'macd_signal': 84, 'en_vwap': True, 'en_keltner': False, 'keltner_n': 35, 'keltner_m': 3.9000000000000004, 'en_obv': True, 'obv_slope': 30, 'en_cci': False, 'cci_n': 136, 'cci_threshold': 265, 'en_rsi': False, 'rsi_n': 12, 'rsi_lower': 13, 'rsi_upper': 71, 'en_stochastic': False, 'stochastic_n': 53, 'stochastic_d': 31, 'stochastic_lower': 43, 'stochastic_upper': 97, 'en_mfi': True, 'mfi_n': 100, 'mfi_lower': 28, 'mfi_upper': 97, 'en_bollinger': False, 'bollinger_n': 184, 'bollinger_k': 3.9000000000000004, 'en_adx': False, 'adx_n': 88, 'adx_threshold': 27, 'en_structure_trend': False, 'structure_trend_swing_l': 19, 'en_order_block': False, 'order_block_swing_l': 17, 'en_fvg': False, 'fvg_lookback': 21, 'en_ifvg': False, 'en_breaker': False, 'breaker_swing_l': 5, 'en_cisd': False, 'k': 2, 'en_cap_bars': False, 'cap_1min': 583}.
