[I 2026-07-13 16:47:15,107] Trial 165 finished with values: [145.74787432537732, -3040.194680630543, 40.35] and parameters: {'sl_soft': 5.894984261741568, 'sl_hard_delta': 4.872104104344136, 'tp': 10.596106387389606, 'gate_pct': 50.62306212399367, 'dd_limit': 318.47303408491894, 'cooldown': 2, 'flip': False, 'en_ema_trend': True, 'ema_trend_fast': 374, 'ema_trend_slow': 70, 'en_sma_trend': True, 'sma_trend_fast': 190, 'sma_trend_slow': 272, 'en_macd': False, 'macd_fast': 72, 'macd_slow': 190, 'macd_signal': 59, 'en_vwap': False, 'en_keltner': False, 'keltner_n': 117, 'keltner_m': 4.6000000000000005, 'en_obv': True, 'obv_slope': 101, 'en_cci': True, 'cci_n': 135, 'cci_threshold': 125, 'en_rsi': True, 'rsi_n': 85, 'rsi_lower': 36, 'rsi_upper': 76, 'en_stochastic': False, 'stochastic_n': 89, 'stochastic_d': 32, 'stochastic_lower': 17, 'stochastic_upper': 60, 'en_mfi': False, 'mfi_n': 48, 'mfi_lower': 41, 'mfi_upper': 96, 'en_bollinger': False, 'bollinger_n': 64, 'bollinger_k': 3.4000000000000004, 'en_adx': False, 'adx_n': 70, 'adx_threshold': 54, 'en_structure_trend': False, 'structure_trend_swing_l': 12, 'en_order_block': True, 'order_block_swing_l': 10, 'en_fvg': False, 'fvg_lookback': 12, 'en_ifvg': False, 'en_breaker': False, 'breaker_swing_l': 6, 'en_cisd': False, 'k': 2, 'en_cap_bars': False, 'cap_1min': 1349}.
[I 2026-07-13 16:47:17,870] Trial 166 pruned. 
[I 2026-07-13 16:47:19,426] Trial 167 pruned. 
[I 2026-07-13 16:47:21,211] Trial 168 pruned. 
[I 2026-07-13 16:47:22,337] Trial 169 pruned. 
[I 2026-07-13 16:47:23,024] Trial 170 pruned. 
[I 2026-07-13 16:47:24,099] Trial 171 pruned. 
[I 2026-07-13 16:47:25,607] Trial 172 pruned. 
[I 2026-07-13 16:47:26,985] Trial 173 pruned. 
[I 2026-07-13 16:47:27,875] Trial 174 pruned. 
[I 2026-07-13 16:47:29,306] Trial 175 pruned. 
[I 2026-07-13 16:47:30,483] Trial 176 pruned. 
[I 2026-07-13 16:47:32,225] Trial 177 pruned. 
[I 2026-07-13 16:47:33,507] Trial 178 pruned. 
[I 2026-07-13 16:47:34,500] Trial 179 pruned. 
[I 2026-07-13 16:47:37,027] Trial 180 finished with values: [1901.8716443657013, -2913.3361879768813, 56.25] and parameters: {'sl_soft': 7.026386547344826, 'sl_hard_delta': 5.433356764346962, 'tp': 8.963190715961813, 'gate_pct': 98.72479828405353, 'dd_limit': 498.9311820803506, 'cooldown': 2, 'flip': True, 'en_ema_trend': True, 'ema_trend_fast': 81, 'ema_trend_slow': 391, 'en_sma_trend': True, 'sma_trend_fast': 382, 'sma_trend_slow': 115, 'en_macd': True, 'macd_fast': 10, 'macd_slow': 23, 'macd_signal': 71, 'en_vwap': False, 'en_keltner': False, 'keltner_n': 146, 'keltner_m': 2.3, 'en_obv': False, 'obv_slope': 105, 'en_cci': True, 'cci_n': 67, 'cci_threshold': 30, 'en_rsi': False, 'rsi_n': 71, 'rsi_lower': 8, 'rsi_upper': 59, 'en_stochastic': False, 'stochastic_n': 71, 'stochastic_d': 41, 'stochastic_lower': 2, 'stochastic_upper': 79, 'en_mfi': False, 'mfi_n': 94, 'mfi_lower': 43, 'mfi_upper': 66, 'en_bollinger': True, 'bollinger_n': 37, 'bollinger_k': 3.7, 'en_adx': False, 'adx_n': 53, 'adx_threshold': 43, 'en_structure_trend': True, 'structure_trend_swing_l': 16, 'en_order_block': False, 'order_block_swing_l': 19, 'en_fvg': True, 'fvg_lookback': 20, 'en_ifvg': False, 'en_breaker': True, 'breaker_swing_l': 7, 'en_cisd': True, 'k': 5, 'en_cap_bars': True, 'cap_1min': 686}.
[I 2026-07-13 16:47:38,326] Trial 181 pruned. 
[I 2026-07-13 16:47:39,761] Trial 182 pruned. 
[I 2026-07-13 16:47:40,818] Trial 183 pruned. 
[I 2026-07-13 16:47:42,770] Trial 184 pruned. 
[I 2026-07-13 16:47:43,889] Trial 185 pruned. 
[I 2026-07-13 16:47:47,541] Trial 186 pruned. 
[I 2026-07-13 16:47:53,663] Trial 187 pruned. 
[I 2026-07-13 16:47:54,661] Trial 188 pruned. 
[I 2026-07-13 16:47:58,750] Trial 189 finished with values: [412.0448929303677, -934.9999999999909, 60.7] and parameters: {'sl_soft': 5.65824571688614, 'sl_hard_delta': 9.508166833761718, 'tp': 6.283113673887913, 'gate_pct': 61.70561390485503, 'dd_limit': 472.70961059008954, 'cooldown': 6, 'flip': False, 'en_ema_trend': True, 'ema_trend_fast': 11, 'ema_trend_slow': 333, 'en_sma_trend': True, 'sma_trend_fast': 59, 'sma_trend_slow': 261, 'en_macd': True, 'macd_fast': 50, 'macd_slow': 175, 'macd_signal': 100, 'en_vwap': False, 'en_keltner': False, 'keltner_n': 5, 'keltner_m': 3.3000000000000003, 'en_obv': True, 'obv_slope': 150, 'en_cci': True, 'cci_n': 123, 'cci_threshold': 120, 'en_rsi': False, 'rsi_n': 76, 'rsi_lower': 16, 'rsi_upper': 74, 'en_stochastic': False, 'stochastic_n': 93, 'stochastic_d': 37, 'stochastic_lower': 12, 'stochastic_upper': 62, 'en_mfi': True, 'mfi_n': 86, 'mfi_lower': 34, 'mfi_upper': 98, 'en_bollinger': True, 'bollinger_n': 133, 'bollinger_k': 1.9000000000000001, 'en_adx': False, 'adx_n': 100, 'adx_threshold': 14, 'en_structure_trend': False, 'structure_trend_swing_l': 18, 'en_order_block': True, 'order_block_swing_l': 19, 'en_fvg': True, 'fvg_lookback': 1, 'en_ifvg': True, 'en_breaker': True, 'breaker_swing_l': 4, 'en_cisd': False, 'k': 5, 'en_cap_bars': True, 'cap_1min': 1171}.
[I 2026-07-13 16:48:00,331] Trial 190 pruned. 
[I 2026-07-13 16:48:02,116] Trial 191 pruned. 
[I 2026-07-13 16:48:03,015] Trial 192 pruned. 
[I 2026-07-13 16:48:03,726] Trial 193 pruned. 
[I 2026-07-13 16:48:05,590] Trial 194 pruned. 
[I 2026-07-13 16:48:07,309] Trial 195 pruned. 
[I 2026-07-13 16:48:08,272] Trial 196 pruned. 
[I 2026-07-13 16:48:10,220] Trial 197 pruned. 
[I 2026-07-13 16:48:11,586] Trial 198 pruned. 
[I 2026-07-13 16:48:25,533] Trial 199 finished with values: [-1310.03585156422, -3882.057909212108, 26.4] and parameters: {'sl_soft': 3.5013302222940164, 'sl_hard_delta': 1.502526617839485, 'tp': 9.154490368748185, 'gate_pct': 94.5832156131506, 'dd_limit': 464.26222199318715, 'cooldown': 1, 'flip': True, 'en_ema_trend': False, 'ema_trend_fast': 205, 'ema_trend_slow': 187, 'en_sma_trend': True, 'sma_trend_fast': 360, 'sma_trend_slow': 50, 'en_macd': True, 'macd_fast': 54, 'macd_slow': 89, 'macd_signal': 91, 'en_vwap': True, 'en_keltner': False, 'keltner_n': 163, 'keltner_m': 3.3000000000000003, 'en_obv': False, 'obv_slope': 82, 'en_cci': False, 'cci_n': 32, 'cci_threshold': 190, 'en_rsi': True, 'rsi_n': 94, 'rsi_lower': 43, 'rsi_upper': 70, 'en_stochastic': True, 'stochastic_n': 46, 'stochastic_d': 28, 'stochastic_lower': 20, 'stochastic_upper': 72, 'en_mfi': True, 'mfi_n': 7, 'mfi_lower': 12, 'mfi_upper': 58, 'en_bollinger': True, 'bollinger_n': 15, 'bollinger_k': 2.8000000000000003, 'en_adx': True, 'adx_n': 52, 'adx_threshold': 8, 'en_structure_trend': False, 'structure_trend_swing_l': 14, 'en_order_block': False, 'order_block_swing_l': 18, 'en_fvg': False, 'fvg_lookback': 34, 'en_ifvg': False, 'en_breaker': False, 'breaker_swing_l': 3, 'en_cisd': False, 'k': 1, 'en_cap_bars': True, 'cap_1min': 456}.
[I 2026-07-13 16:48:25,733] Trial 200 pruned. 
[I 2026-07-13 16:48:28,584] Trial 201 pruned. 
[I 2026-07-13 16:48:29,805] Trial 202 pruned. 
[I 2026-07-13 16:48:31,872] Trial 203 pruned. 
[I 2026-07-13 16:48:33,635] Trial 204 pruned. 
[I 2026-07-13 16:48:37,958] Trial 205 pruned. 
[I 2026-07-13 16:48:39,615] Trial 206 pruned. 
[I 2026-07-13 16:48:40,797] Trial 207 pruned. 
[I 2026-07-13 16:48:42,443] Trial 208 pruned. 
[I 2026-07-13 16:48:43,073] Trial 209 pruned. 
[I 2026-07-13 16:48:46,759] Trial 210 finished with values: [1084.787384587321, -3207.361372277046, 71.0] and parameters: {'sl_soft': 3.328736666462162, 'sl_hard_delta': 6.376003006087326, 'tp': 1.9746580392995678, 'gate_pct': 93.79805140335328, 'dd_limit': 27.16895172481854, 'cooldown': 1, 'flip': True, 'en_ema_trend': False, 'ema_trend_fast': 77, 'ema_trend_slow': 100, 'en_sma_trend': False, 'sma_trend_fast': 289, 'sma_trend_slow': 290, 'en_macd': True, 'macd_fast': 2, 'macd_slow': 132, 'macd_signal': 19, 'en_vwap': True, 'en_keltner': True, 'keltner_n': 72, 'keltner_m': 3.0, 'en_obv': True, 'obv_slope': 93, 'en_cci': False, 'cci_n': 51, 'cci_threshold': 265, 'en_rsi': False, 'rsi_n': 66, 'rsi_lower': 15, 'rsi_upper': 54, 'en_stochastic': False, 'stochastic_n': 6, 'stochastic_d': 20, 'stochastic_lower': 21, 'stochastic_upper': 69, 'en_mfi': False, 'mfi_n': 51, 'mfi_lower': 27, 'mfi_upper': 80, 'en_bollinger': False, 'bollinger_n': 86, 'bollinger_k': 2.4000000000000004, 'en_adx': False, 'adx_n': 98, 'adx_threshold': 27, 'en_structure_trend': False, 'structure_trend_swing_l': 4, 'en_order_block': False, 'order_block_swing_l': 18, 'en_fvg': True, 'fvg_lookback': 14, 'en_ifvg': False, 'en_breaker': False, 'breaker_swing_l': 20, 'en_cisd': False, 'k': 4, 'en_cap_bars': True, 'cap_1min': 693}.
[I 2026-07-13 16:48:49,772] Trial 211 pruned. 
[I 2026-07-13 16:48:50,274] Trial 212 pruned. 
[I 2026-07-13 16:48:53,346] Trial 213 pruned. 
[I 2026-07-13 16:48:57,884] Trial 214 pruned. 
[I 2026-07-13 16:49:01,403] Trial 215 finished with values: [-899.195188091494, -2955.3370985801394, 58.25] and parameters: {'sl_soft': 4.053027562148191, 'sl_hard_delta': 7.227495975818748, 'tp': 3.518445391591467, 'gate_pct': 80.24193898753819, 'dd_limit': 273.50258854235346, 'cooldown': 0, 'flip': False, 'en_ema_trend': False, 'ema_trend_fast': 91, 'ema_trend_slow': 109, 'en_sma_trend': True, 'sma_trend_fast': 139, 'sma_trend_slow': 109, 'en_macd': False, 'macd_fast': 6, 'macd_slow': 105, 'macd_signal': 87, 'en_vwap': True, 'en_keltner': True, 'keltner_n': 190, 'keltner_m': 4.7, 'en_obv': True, 'obv_slope': 53, 'en_cci': False, 'cci_n': 102, 'cci_threshold': 65, 'en_rsi': True, 'rsi_n': 73, 'rsi_lower': 11, 'rsi_upper': 69, 'en_stochastic': False, 'stochastic_n': 84, 'stochastic_d': 47, 'stochastic_lower': 2, 'stochastic_upper': 91, 'en_mfi': False, 'mfi_n': 61, 'mfi_lower': 13, 'mfi_upper': 78, 'en_bollinger': False, 'bollinger_n': 161, 'bollinger_k': 1.0, 'en_adx': False, 'adx_n': 19, 'adx_threshold': 55, 'en_structure_trend': False, 'structure_trend_swing_l': 19, 'en_order_block': False, 'order_block_swing_l': 10, 'en_fvg': False, 'fvg_lookback': 28, 'en_ifvg': True, 'en_breaker': True, 'breaker_swing_l': 3, 'en_cisd': True, 'k': 2, 'en_cap_bars': True, 'cap_1min': 1333}.
[I 2026-07-13 16:49:02,599] Trial 216 pruned. 
[I 2026-07-13 16:49:04,196] Trial 217 pruned. 
[I 2026-07-13 16:49:13,880] Trial 218 finished with values: [-183.25506111768846, -912.2798583404915, 66.0] and parameters: {'sl_soft': 5.912374097477583, 'sl_hard_delta': 3.9050213100332094, 'tp': 2.4943596481400685, 'gate_pct': 79.12027635095406, 'dd_limit': 234.1688012834486, 'cooldown': 7, 'flip': True, 'en_ema_trend': True, 'ema_trend_fast': 373, 'ema_trend_slow': 316, 'en_sma_trend': False, 'sma_trend_fast': 221, 'sma_trend_slow': 357, 'en_macd': False, 'macd_fast': 9, 'macd_slow': 15, 'macd_signal': 47, 'en_vwap': False, 'en_keltner': True, 'keltner_n': 142, 'keltner_m': 1.6, 'en_obv': True, 'obv_slope': 182, 'en_cci': True, 'cci_n': 198, 'cci_threshold': 170, 'en_rsi': False, 'rsi_n': 77, 'rsi_lower': 40, 'rsi_upper': 86, 'en_stochastic': True, 'stochastic_n': 75, 'stochastic_d': 14, 'stochastic_lower': 8, 'stochastic_upper': 95, 'en_mfi': False, 'mfi_n': 92, 'mfi_lower': 1, 'mfi_upper': 62, 'en_bollinger': False, 'bollinger_n': 125, 'bollinger_k': 4.300000000000001, 'en_adx': False, 'adx_n': 97, 'adx_threshold': 59, 'en_structure_trend': False, 'structure_trend_swing_l': 7, 'en_order_block': False, 'order_block_swing_l': 3, 'en_fvg': False, 'fvg_lookback': 28, 'en_ifvg': False, 'en_breaker': True, 'breaker_swing_l': 15, 'en_cisd': True, 'k': 4, 'en_cap_bars': True, 'cap_1min': 948}.
[I 2026-07-13 16:49:14,979] Trial 219 pruned. 
[I 2026-07-13 16:49:15,429] Trial 220 pruned. 
[I 2026-07-13 16:49:17,053] Trial 221 pruned. 
[I 2026-07-13 16:49:18,290] Trial 222 pruned. 
[I 2026-07-13 16:49:19,645] Trial 223 pruned. 
[I 2026-07-13 16:49:20,891] Trial 224 pruned. 
[I 2026-07-13 16:49:29,602] Trial 225 finished with values: [-192.2323812740217, -1790.558095318488, 32.15] and parameters: {'sl_soft': 2.9889381431989164, 'sl_hard_delta': 8.048265169539068, 'tp': 9.344419046814856, 'gate_pct': 70.9400490465145, 'dd_limit': 450.3775744303881, 'cooldown': 0, 'flip': True, 'en_ema_trend': False, 'ema_trend_fast': 145, 'ema_trend_slow': 280, 'en_sma_trend': False, 'sma_trend_fast': 72, 'sma_trend_slow': 277, 'en_macd': True, 'macd_fast': 40, 'macd_slow': 164, 'macd_signal': 86, 'en_vwap': False, 'en_keltner': False, 'keltner_n': 170, 'keltner_m': 2.2, 'en_obv': False, 'obv_slope': 92, 'en_cci': False, 'cci_n': 72, 'cci_threshold': 25, 'en_rsi': True, 'rsi_n': 94, 'rsi_lower': 39, 'rsi_upper': 69, 'en_stochastic': True, 'stochastic_n': 94, 'stochastic_d': 39, 'stochastic_lower': 2, 'stochastic_upper': 81, 'en_mfi': True, 'mfi_n': 68, 'mfi_lower': 25, 'mfi_upper': 87, 'en_bollinger': True, 'bollinger_n': 118, 'bollinger_k': 4.7, 'en_adx': False, 'adx_n': 90, 'adx_threshold': 14, 'en_structure_trend': True, 'structure_trend_swing_l': 18, 'en_order_block': False, 'order_block_swing_l': 2, 'en_fvg': True, 'fvg_lookback': 1, 'en_ifvg': False, 'en_breaker': False, 'breaker_swing_l': 8, 'en_cisd': False, 'k': 2, 'en_cap_bars': True, 'cap_1min': 975}.
[I 2026-07-13 16:49:30,830] Trial 226 pruned. 
[I 2026-07-13 16:49:37,920] Trial 227 finished with values: [-512.1656257007658, -865.0000000000091, 18.35] and parameters: {'sl_soft': 1.5116952783848483, 'sl_hard_delta': 7.679282053962135, 'tp': 11.013374971969153, 'gate_pct': 89.05172352244134, 'dd_limit': 28.9935892757227, 'cooldown': 6, 'flip': False, 'en_ema_trend': True, 'ema_trend_fast': 77, 'ema_trend_slow': 129, 'en_sma_trend': False, 'sma_trend_fast': 305, 'sma_trend_slow': 160, 'en_macd': True, 'macd_fast': 98, 'macd_slow': 94, 'macd_signal': 30, 'en_vwap': True, 'en_keltner': False, 'keltner_n': 49, 'keltner_m': 4.1, 'en_obv': False, 'obv_slope': 30, 'en_cci': False, 'cci_n': 71, 'cci_threshold': 255, 'en_rsi': False, 'rsi_n': 58, 'rsi_lower': 9, 'rsi_upper': 60, 'en_stochastic': True, 'stochastic_n': 35, 'stochastic_d': 27, 'stochastic_lower': 14, 'stochastic_upper': 82, 'en_mfi': False, 'mfi_n': 58, 'mfi_lower': 19, 'mfi_upper': 87, 'en_bollinger': False, 'bollinger_n': 108, 'bollinger_k': 0.6, 'en_adx': False, 'adx_n': 29, 'adx_threshold': 32, 'en_structure_trend': False, 'structure_trend_swing_l': 16, 'en_order_block': False, 'order_block_swing_l': 19, 'en_fvg': True, 'fvg_lookback': 25, 'en_ifvg': True, 'en_breaker': False, 'breaker_swing_l': 12, 'en_cisd': True, 'k': 3, 'en_cap_bars': False, 'cap_1min': 522}.
[I 2026-07-13 16:49:39,186] Trial 228 pruned. 
[I 2026-07-13 16:49:42,355] Trial 229 pruned. 
[I 2026-07-13 16:49:43,357] Trial 230 pruned. 
[I 2026-07-13 16:49:48,494] Trial 231 finished with values: [-604.6136751960717, -2877.893662056499, 64.9] and parameters: {'sl_soft': 4.835844192177312, 'sl_hard_delta': 0.7556521602801897, 'tp': 2.4321607528581577, 'gate_pct': 85.18598170405104, 'dd_limit': 90.3727642395569, 'cooldown': 2, 'flip': False, 'en_ema_trend': True, 'ema_trend_fast': 384, 'ema_trend_slow': 150, 'en_sma_trend': False, 'sma_trend_fast': 265, 'sma_trend_slow': 383, 'en_macd': False, 'macd_fast': 49, 'macd_slow': 56, 'macd_signal': 60, 'en_vwap': True, 'en_keltner': True, 'keltner_n': 48, 'keltner_m': 3.8000000000000003, 'en_obv': True, 'obv_slope': 68, 'en_cci': True, 'cci_n': 141, 'cci_threshold': 160, 'en_rsi': True, 'rsi_n': 13, 'rsi_lower': 24, 'rsi_upper': 65, 'en_stochastic': False, 'stochastic_n': 86, 'stochastic_d': 11, 'stochastic_lower': 4, 'stochastic_upper': 92, 'en_mfi': True, 'mfi_n': 46, 'mfi_lower': 28, 'mfi_upper': 75, 'en_bollinger': False, 'bollinger_n': 22, 'bollinger_k': 3.4000000000000004, 'en_adx': False, 'adx_n': 68, 'adx_threshold': 33, 'en_structure_trend': False, 'structure_trend_swing_l': 20, 'en_order_block': False, 'order_block_swing_l': 2, 'en_fvg': True, 'fvg_lookback': 41, 'en_ifvg': False, 'en_breaker': False, 'breaker_swing_l': 3, 'en_cisd': False, 'k': 5, 'en_cap_bars': False, 'cap_1min': 898}.
[I 2026-07-13 16:49:49,750] Trial 232 pruned. 
[I 2026-07-13 16:49:50,900] Trial 233 pruned. 
[I 2026-07-13 16:49:51,737] Trial 234 pruned. 
[I 2026-07-13 16:49:53,266] Trial 235 pruned. 
[I 2026-07-13 16:49:55,669] Trial 236 finished with values: [968.9106961391872, -2877.873603870762, 49.8] and parameters: {'sl_soft': 5.59934882291975, 'sl_hard_delta': 9.22938721578768, 'tp': 8.860926661532003, 'gate_pct': 55.54604922689242, 'dd_limit': 127.32159505578339, 'cooldown': 1, 'flip': False, 'en_ema_trend': True, 'ema_trend_fast': 249, 'ema_trend_slow': 337, 'en_sma_trend': False, 'sma_trend_fast': 299, 'sma_trend_slow': 378, 'en_macd': True, 'macd_fast': 13, 'macd_slow': 187, 'macd_signal': 30, 'en_vwap': True, 'en_keltner': False, 'keltner_n': 60, 'keltner_m': 3.6, 'en_obv': True, 'obv_slope': 13, 'en_cci': True, 'cci_n': 46, 'cci_threshold': 20, 'en_rsi': False, 'rsi_n': 93, 'rsi_lower': 44, 'rsi_upper': 89, 'en_stochastic': False, 'stochastic_n': 64, 'stochastic_d': 26, 'stochastic_lower': 15, 'stochastic_upper': 90, 'en_mfi': False, 'mfi_n': 33, 'mfi_lower': 31, 'mfi_upper': 89, 'en_bollinger': False, 'bollinger_n': 7, 'bollinger_k': 3.0, 'en_adx': False, 'adx_n': 34, 'adx_threshold': 42, 'en_structure_trend': False, 'structure_trend_swing_l': 17, 'en_order_block': False, 'order_block_swing_l': 5, 'en_fvg': True, 'fvg_lookback': 11, 'en_ifvg': True, 'en_breaker': True, 'breaker_swing_l': 11, 'en_cisd': True, 'k': 5, 'en_cap_bars': False, 'cap_1min': 782}.
[I 2026-07-13 16:49:57,149] Trial 237 pruned. 
[I 2026-07-13 16:50:00,001] Trial 238 pruned. 
[I 2026-07-13 16:50:01,429] Trial 239 pruned. 
[I 2026-07-13 16:50:01,650] Trial 240 pruned. 
[I 2026-07-13 16:50:03,068] Trial 241 pruned. 
[I 2026-07-13 16:50:04,254] Trial 242 pruned. 
[I 2026-07-13 16:50:09,990] Trial 243 finished with values: [-389.3959602128689, -2017.8456484050116, 54.15] and parameters: {'sl_soft': 5.664822279956608, 'sl_hard_delta': 8.193896011647029, 'tp': 4.680261807553544, 'gate_pct': 76.97662112798537, 'dd_limit': 286.19890104939805, 'cooldown': 6, 'flip': True, 'en_ema_trend': False, 'ema_trend_fast': 290, 'ema_trend_slow': 380, 'en_sma_trend': True, 'sma_trend_fast': 45, 'sma_trend_slow': 307, 'en_macd': False, 'macd_fast': 60, 'macd_slow': 5, 'macd_signal': 72, 'en_vwap': True, 'en_keltner': False, 'keltner_n': 3, 'keltner_m': 4.6000000000000005, 'en_obv': True, 'obv_slope': 56, 'en_cci': True, 'cci_n': 3, 'cci_threshold': 220, 'en_rsi': False, 'rsi_n': 71, 'rsi_lower': 28, 'rsi_upper': 73, 'en_stochastic': False, 'stochastic_n': 62, 'stochastic_d': 40, 'stochastic_lower': 48, 'stochastic_upper': 81, 'en_mfi': False, 'mfi_n': 51, 'mfi_lower': 49, 'mfi_upper': 72, 'en_bollinger': False, 'bollinger_n': 181, 'bollinger_k': 3.0, 'en_adx': True, 'adx_n': 62, 'adx_threshold': 12, 'en_structure_trend': False, 'structure_trend_swing_l': 7, 'en_order_block': False, 'order_block_swing_l': 15, 'en_fvg': True, 'fvg_lookback': 28, 'en_ifvg': False, 'en_breaker': False, 'breaker_swing_l': 6, 'en_cisd': True, 'k': 2, 'en_cap_bars': False, 'cap_1min': 1263}.
[I 2026-07-13 16:50:12,013] Trial 244 pruned. 
[I 2026-07-13 16:50:12,626] Trial 245 pruned. 
[I 2026-07-13 16:50:13,606] Trial 246 pruned. 
[I 2026-07-13 16:50:15,818] Trial 247 pruned. 
[I 2026-07-13 16:50:17,118] Trial 248 pruned. 
[I 2026-07-13 16:50:18,654] Trial 249 pruned. 
[I 2026-07-13 16:50:23,267] Trial 250 finished with values: [-317.4740646338705, -979.2188999605514, 31.299999999999997] and parameters: {'sl_soft': 1.885120024724543, 'sl_hard_delta': 3.999257974486523, 'tp': 4.907754823674238, 'gate_pct': 97.49754431689279, 'dd_limit': 244.67886904838787, 'cooldown': 6, 'flip': True, 'en_ema_trend': True, 'ema_trend_fast': 77, 'ema_trend_slow': 159, 'en_sma_trend': True, 'sma_trend_fast': 161, 'sma_trend_slow': 371, 'en_macd': False, 'macd_fast': 13, 'macd_slow': 105, 'macd_signal': 84, 'en_vwap': True, 'en_keltner': True, 'keltner_n': 34, 'keltner_m': 4.2, 'en_obv': True, 'obv_slope': 161, 'en_cci': False, 'cci_n': 2, 'cci_threshold': 205, 'en_rsi': True, 'rsi_n': 63, 'rsi_lower': 22, 'rsi_upper': 62, 'en_stochastic': False, 'stochastic_n': 53, 'stochastic_d': 34, 'stochastic_lower': 46, 'stochastic_upper': 96, 'en_mfi': False, 'mfi_n': 64, 'mfi_lower': 41, 'mfi_upper': 89, 'en_bollinger': True, 'bollinger_n': 188, 'bollinger_k': 1.8, 'en_adx': False, 'adx_n': 30, 'adx_threshold': 8, 'en_structure_trend': True, 'structure_trend_swing_l': 3, 'en_order_block': True, 'order_block_swing_l': 16, 'en_fvg': False, 'fvg_lookback': 4, 'en_ifvg': True, 'en_breaker': True, 'breaker_swing_l': 18, 'en_cisd': True, 'k': 5, 'en_cap_bars': True, 'cap_1min': 941}.
[I 2026-07-13 16:50:25,347] Trial 251 pruned. 
[I 2026-07-13 16:50:25,741] Trial 252 pruned. 
[I 2026-07-13 16:50:30,387] Trial 253 finished with values: [89.30034209754467, -569.9999999999818, 28.6] and parameters: {'sl_soft': 2.34715147057422, 'sl_hard_delta': 6.386854890720883, 'tp': 7.943003420975532, 'gate_pct': 79.79473082398957, 'dd_limit': 230.40593196422031, 'cooldown': 4, 'flip': False, 'en_ema_trend': False, 'ema_trend_fast': 83, 'ema_trend_slow': 116, 'en_sma_trend': False, 'sma_trend_fast': 39, 'sma_trend_slow': 114, 'en_macd': False, 'macd_fast': 64, 'macd_slow': 177, 'macd_signal': 100, 'en_vwap': False, 'en_keltner': True, 'keltner_n': 158, 'keltner_m': 2.2, 'en_obv': False, 'obv_slope': 34, 'en_cci': False, 'cci_n': 49, 'cci_threshold': 20, 'en_rsi': True, 'rsi_n': 7, 'rsi_lower': 17, 'rsi_upper': 71, 'en_stochastic': False, 'stochastic_n': 45, 'stochastic_d': 19, 'stochastic_lower': 5, 'stochastic_upper': 69, 'en_mfi': True, 'mfi_n': 33, 'mfi_lower': 32, 'mfi_upper': 82, 'en_bollinger': True, 'bollinger_n': 133, 'bollinger_k': 3.4000000000000004, 'en_adx': False, 'adx_n': 24, 'adx_threshold': 8, 'en_structure_trend': True, 'structure_trend_swing_l': 13, 'en_order_block': False, 'order_block_swing_l': 7, 'en_fvg': True, 'fvg_lookback': 46, 'en_ifvg': True, 'en_breaker': True, 'breaker_swing_l': 6, 'en_cisd': False, 'k': 3, 'en_cap_bars': False, 'cap_1min': 656}.
[I 2026-07-13 16:50:32,390] Trial 254 pruned. 
[I 2026-07-13 16:50:33,416] Trial 255 pruned. 
