[I 2026-07-13 17:39:08,490] Trial 1139 finished with values: [-55.77881154173383, -299.43182394520136, 26.25] and parameters: {'sl_soft': 0.6154913983821713, 'sl_hard_delta': 0.24002809860404511, 'tp': 1.5082069520025265, 'gate_pct': 84.86382733879176, 'dd_limit': 129.62211800890103, 'cooldown': 15, 'flip': True, 'en_ema_trend': False, 'ema_trend_fast': 40, 'ema_trend_slow': 364, 'en_sma_trend': False, 'sma_trend_fast': 155, 'sma_trend_slow': 14, 'en_macd': True, 'macd_fast': 95, 'macd_slow': 156, 'macd_signal': 27, 'en_vwap': True, 'en_keltner': True, 'keltner_n': 162, 'keltner_m': 1.5, 'en_obv': True, 'obv_slope': 116, 'en_cci': True, 'cci_n': 42, 'cci_threshold': 30, 'en_rsi': False, 'rsi_n': 15, 'rsi_lower': 38, 'rsi_upper': 86, 'en_stochastic': True, 'stochastic_n': 32, 'stochastic_d': 27, 'stochastic_lower': 40, 'stochastic_upper': 89, 'en_mfi': True, 'mfi_n': 73, 'mfi_lower': 7, 'mfi_upper': 72, 'en_bollinger': False, 'bollinger_n': 155, 'bollinger_k': 3.4000000000000004, 'en_adx': False, 'adx_n': 2, 'adx_threshold': 26, 'en_structure_trend': True, 'structure_trend_swing_l': 11, 'en_order_block': True, 'order_block_swing_l': 16, 'en_fvg': False, 'fvg_lookback': 44, 'en_ifvg': False, 'en_breaker': False, 'breaker_swing_l': 18, 'en_cisd': False, 'k': 1, 'en_cap_bars': False, 'cap_1min': 1119}.
[I 2026-07-13 17:39:13,542] Trial 1140 finished with values: [439.3843037785359, -227.98728334933003, 28.85] and parameters: {'sl_soft': 0.6154913983821713, 'sl_hard_delta': 0.03218716157238656, 'tp': 2.5647184925159534, 'gate_pct': 62.02693045764362, 'dd_limit': 208.93735973419433, 'cooldown': 20, 'flip': False, 'en_ema_trend': False, 'ema_trend_fast': 121, 'ema_trend_slow': 125, 'en_sma_trend': False, 'sma_trend_fast': 232, 'sma_trend_slow': 14, 'en_macd': True, 'macd_fast': 80, 'macd_slow': 18, 'macd_signal': 54, 'en_vwap': True, 'en_keltner': False, 'keltner_n': 3, 'keltner_m': 1.5, 'en_obv': False, 'obv_slope': 7, 'en_cci': False, 'cci_n': 174, 'cci_threshold': 30, 'en_rsi': True, 'rsi_n': 25, 'rsi_lower': 19, 'rsi_upper': 82, 'en_stochastic': True, 'stochastic_n': 9, 'stochastic_d': 12, 'stochastic_lower': 2, 'stochastic_upper': 77, 'en_mfi': True, 'mfi_n': 41, 'mfi_lower': 7, 'mfi_upper': 60, 'en_bollinger': True, 'bollinger_n': 121, 'bollinger_k': 2.1, 'en_adx': False, 'adx_n': 31, 'adx_threshold': 26, 'en_structure_trend': True, 'structure_trend_swing_l': 11, 'en_order_block': False, 'order_block_swing_l': 9, 'en_fvg': False, 'fvg_lookback': 39, 'en_ifvg': False, 'en_breaker': False, 'breaker_swing_l': 17, 'en_cisd': True, 'k': 3, 'en_cap_bars': True, 'cap_1min': 1119}.
[I 2026-07-13 17:39:13,914] Trial 1141 finished with values: [160.8756991189125, -194.30356798641242, 44.25] and parameters: {'sl_soft': 0.6154913983821713, 'sl_hard_delta': 0.03218716157238656, 'tp': 1.2921449941565541, 'gate_pct': 62.02693045764362, 'dd_limit': 118.91393548007106, 'cooldown': 20, 'flip': False, 'en_ema_trend': False, 'ema_trend_fast': 121, 'ema_trend_slow': 125, 'en_sma_trend': False, 'sma_trend_fast': 232, 'sma_trend_slow': 14, 'en_macd': True, 'macd_fast': 80, 'macd_slow': 64, 'macd_signal': 27, 'en_vwap': True, 'en_keltner': False, 'keltner_n': 3, 'keltner_m': 1.5, 'en_obv': False, 'obv_slope': 167, 'en_cci': True, 'cci_n': 174, 'cci_threshold': 30, 'en_rsi': False, 'rsi_n': 45, 'rsi_lower': 37, 'rsi_upper': 82, 'en_stochastic': True, 'stochastic_n': 71, 'stochastic_d': 3, 'stochastic_lower': 2, 'stochastic_upper': 62, 'en_mfi': True, 'mfi_n': 80, 'mfi_lower': 7, 'mfi_upper': 60, 'en_bollinger': False, 'bollinger_n': 121, 'bollinger_k': 4.8, 'en_adx': False, 'adx_n': 2, 'adx_threshold': 26, 'en_structure_trend': True, 'structure_trend_swing_l': 11, 'en_order_block': False, 'order_block_swing_l': 9, 'en_fvg': True, 'fvg_lookback': 44, 'en_ifvg': False, 'en_breaker': False, 'breaker_swing_l': 18, 'en_cisd': True, 'k': 1, 'en_cap_bars': True, 'cap_1min': 928}.
[I 2026-07-13 17:39:14,893] Trial 1142 finished with values: [73.86412590598184, -129.53571199095677, 43.75] and parameters: {'sl_soft': 0.6154913983821713, 'sl_hard_delta': 0.03218716157238656, 'tp': 1.2548102965475247, 'gate_pct': 62.02693045764362, 'dd_limit': 241.42955722086123, 'cooldown': 20, 'flip': False, 'en_ema_trend': True, 'ema_trend_fast': 196, 'ema_trend_slow': 125, 'en_sma_trend': False, 'sma_trend_fast': 232, 'sma_trend_slow': 14, 'en_macd': False, 'macd_fast': 80, 'macd_slow': 47, 'macd_signal': 27, 'en_vwap': True, 'en_keltner': False, 'keltner_n': 3, 'keltner_m': 1.5, 'en_obv': False, 'obv_slope': 49, 'en_cci': True, 'cci_n': 43, 'cci_threshold': 30, 'en_rsi': True, 'rsi_n': 15, 'rsi_lower': 37, 'rsi_upper': 82, 'en_stochastic': True, 'stochastic_n': 71, 'stochastic_d': 3, 'stochastic_lower': 44, 'stochastic_upper': 77, 'en_mfi': True, 'mfi_n': 45, 'mfi_lower': 7, 'mfi_upper': 60, 'en_bollinger': True, 'bollinger_n': 121, 'bollinger_k': 4.8, 'en_adx': False, 'adx_n': 31, 'adx_threshold': 26, 'en_structure_trend': True, 'structure_trend_swing_l': 11, 'en_order_block': False, 'order_block_swing_l': 9, 'en_fvg': True, 'fvg_lookback': 44, 'en_ifvg': False, 'en_breaker': False, 'breaker_swing_l': 17, 'en_cisd': True, 'k': 3, 'en_cap_bars': True, 'cap_1min': 995}.
[I 2026-07-13 17:39:15,193] Trial 1143 finished with values: [167.9748981470425, -163.94698115680058, 50.0] and parameters: {'sl_soft': 0.6154913983821713, 'sl_hard_delta': 0.03218716157238656, 'tp': 1.2548102965475247, 'gate_pct': 62.02693045764362, 'dd_limit': 241.42955722086123, 'cooldown': 20, 'flip': False, 'en_ema_trend': False, 'ema_trend_fast': 121, 'ema_trend_slow': 364, 'en_sma_trend': False, 'sma_trend_fast': 232, 'sma_trend_slow': 14, 'en_macd': False, 'macd_fast': 80, 'macd_slow': 64, 'macd_signal': 27, 'en_vwap': True, 'en_keltner': True, 'keltner_n': 3, 'keltner_m': 1.5, 'en_obv': False, 'obv_slope': 7, 'en_cci': True, 'cci_n': 42, 'cci_threshold': 30, 'en_rsi': True, 'rsi_n': 71, 'rsi_lower': 7, 'rsi_upper': 58, 'en_stochastic': True, 'stochastic_n': 9, 'stochastic_d': 3, 'stochastic_lower': 2, 'stochastic_upper': 62, 'en_mfi': False, 'mfi_n': 45, 'mfi_lower': 2, 'mfi_upper': 60, 'en_bollinger': True, 'bollinger_n': 121, 'bollinger_k': 2.1, 'en_adx': False, 'adx_n': 2, 'adx_threshold': 26, 'en_structure_trend': True, 'structure_trend_swing_l': 11, 'en_order_block': True, 'order_block_swing_l': 1, 'en_fvg': True, 'fvg_lookback': 14, 'en_ifvg': False, 'en_breaker': True, 'breaker_swing_l': 17, 'en_cisd': False, 'k': 1, 'en_cap_bars': True, 'cap_1min': 332}.
[I 2026-07-13 17:39:15,396] Trial 1144 pruned. 
[I 2026-07-13 17:39:21,617] Trial 1145 finished with values: [127.05372612796282, -259.07142398191354, 30.95] and parameters: {'sl_soft': 0.6154913983821713, 'sl_hard_delta': 0.03218716157238656, 'tp': 2.4413226409242883, 'gate_pct': 62.02693045764362, 'dd_limit': 462.79068244538684, 'cooldown': 15, 'flip': True, 'en_ema_trend': False, 'ema_trend_fast': 40, 'ema_trend_slow': 26, 'en_sma_trend': False, 'sma_trend_fast': 155, 'sma_trend_slow': 263, 'en_macd': False, 'macd_fast': 80, 'macd_slow': 64, 'macd_signal': 27, 'en_vwap': True, 'en_keltner': True, 'keltner_n': 116, 'keltner_m': 2.9000000000000004, 'en_obv': True, 'obv_slope': 116, 'en_cci': True, 'cci_n': 174, 'cci_threshold': 30, 'en_rsi': True, 'rsi_n': 87, 'rsi_lower': 19, 'rsi_upper': 61, 'en_stochastic': True, 'stochastic_n': 32, 'stochastic_d': 27, 'stochastic_lower': 44, 'stochastic_upper': 77, 'en_mfi': True, 'mfi_n': 82, 'mfi_lower': 7, 'mfi_upper': 60, 'en_bollinger': True, 'bollinger_n': 86, 'bollinger_k': 4.8, 'en_adx': False, 'adx_n': 16, 'adx_threshold': 27, 'en_structure_trend': True, 'structure_trend_swing_l': 1, 'en_order_block': False, 'order_block_swing_l': 9, 'en_fvg': False, 'fvg_lookback': 28, 'en_ifvg': False, 'en_breaker': False, 'breaker_swing_l': 1, 'en_cisd': False, 'k': 4, 'en_cap_bars': False, 'cap_1min': 1297}.
[I 2026-07-13 17:39:26,522] Trial 1146 finished with values: [-128.6558516316063, -294.90561717898345, 38.2] and parameters: {'sl_soft': 0.95083156235771, 'sl_hard_delta': 0.03218716157238656, 'tp': 1.2548102965475247, 'gate_pct': 84.86382733879176, 'dd_limit': 208.93735973419433, 'cooldown': 15, 'flip': True, 'en_ema_trend': True, 'ema_trend_fast': 121, 'ema_trend_slow': 26, 'en_sma_trend': False, 'sma_trend_fast': 232, 'sma_trend_slow': 14, 'en_macd': False, 'macd_fast': 96, 'macd_slow': 64, 'macd_signal': 86, 'en_vwap': False, 'en_keltner': True, 'keltner_n': 162, 'keltner_m': 2.9000000000000004, 'en_obv': False, 'obv_slope': 116, 'en_cci': True, 'cci_n': 111, 'cci_threshold': 30, 'en_rsi': True, 'rsi_n': 87, 'rsi_lower': 19, 'rsi_upper': 86, 'en_stochastic': True, 'stochastic_n': 32, 'stochastic_d': 3, 'stochastic_lower': 35, 'stochastic_upper': 89, 'en_mfi': True, 'mfi_n': 45, 'mfi_lower': 20, 'mfi_upper': 72, 'en_bollinger': True, 'bollinger_n': 86, 'bollinger_k': 3.4000000000000004, 'en_adx': False, 'adx_n': 2, 'adx_threshold': 26, 'en_structure_trend': True, 'structure_trend_swing_l': 1, 'en_order_block': False, 'order_block_swing_l': 16, 'en_fvg': False, 'fvg_lookback': 28, 'en_ifvg': True, 'en_breaker': False, 'breaker_swing_l': 18, 'en_cisd': False, 'k': 1, 'en_cap_bars': True, 'cap_1min': 1119}.
[I 2026-07-13 17:39:27,866] Trial 1147 finished with values: [237.03041683988886, -227.75513934479932, 30.1] and parameters: {'sl_soft': 0.6154913983821713, 'sl_hard_delta': 0.03218716157238656, 'tp': 2.5647184925159534, 'gate_pct': 73.0036735816267, 'dd_limit': 208.93735973419433, 'cooldown': 20, 'flip': False, 'en_ema_trend': False, 'ema_trend_fast': 81, 'ema_trend_slow': 361, 'en_sma_trend': False, 'sma_trend_fast': 232, 'sma_trend_slow': 14, 'en_macd': True, 'macd_fast': 80, 'macd_slow': 47, 'macd_signal': 54, 'en_vwap': True, 'en_keltner': True, 'keltner_n': 3, 'keltner_m': 1.5, 'en_obv': False, 'obv_slope': 7, 'en_cci': False, 'cci_n': 174, 'cci_threshold': 30, 'en_rsi': True, 'rsi_n': 25, 'rsi_lower': 19, 'rsi_upper': 61, 'en_stochastic': True, 'stochastic_n': 9, 'stochastic_d': 3, 'stochastic_lower': 44, 'stochastic_upper': 77, 'en_mfi': False, 'mfi_n': 45, 'mfi_lower': 7, 'mfi_upper': 93, 'en_bollinger': True, 'bollinger_n': 47, 'bollinger_k': 3.4000000000000004, 'en_adx': False, 'adx_n': 2, 'adx_threshold': 26, 'en_structure_trend': True, 'structure_trend_swing_l': 11, 'en_order_block': False, 'order_block_swing_l': 9, 'en_fvg': True, 'fvg_lookback': 44, 'en_ifvg': False, 'en_breaker': False, 'breaker_swing_l': 17, 'en_cisd': True, 'k': 3, 'en_cap_bars': True, 'cap_1min': 1119}.
[I 2026-07-13 17:39:28,174] Trial 1148 pruned. 
[I 2026-07-13 17:39:28,430] Trial 1149 finished with values: [123.41366022916986, -123.71211107638374, 63.55] and parameters: {'sl_soft': 0.95083156235771, 'sl_hard_delta': 0.24002809860404511, 'tp': 1.0983367613578423, 'gate_pct': 84.86382733879176, 'dd_limit': 129.62211800890103, 'cooldown': 15, 'flip': True, 'en_ema_trend': False, 'ema_trend_fast': 40, 'ema_trend_slow': 26, 'en_sma_trend': False, 'sma_trend_fast': 155, 'sma_trend_slow': 263, 'en_macd': True, 'macd_fast': 96, 'macd_slow': 156, 'macd_signal': 86, 'en_vwap': False, 'en_keltner': True, 'keltner_n': 162, 'keltner_m': 2.9000000000000004, 'en_obv': True, 'obv_slope': 116, 'en_cci': True, 'cci_n': 111, 'cci_threshold': 25, 'en_rsi': False, 'rsi_n': 87, 'rsi_lower': 38, 'rsi_upper': 86, 'en_stochastic': True, 'stochastic_n': 32, 'stochastic_d': 27, 'stochastic_lower': 40, 'stochastic_upper': 89, 'en_mfi': True, 'mfi_n': 82, 'mfi_lower': 20, 'mfi_upper': 72, 'en_bollinger': False, 'bollinger_n': 86, 'bollinger_k': 3.4000000000000004, 'en_adx': True, 'adx_n': 16, 'adx_threshold': 27, 'en_structure_trend': True, 'structure_trend_swing_l': 1, 'en_order_block': True, 'order_block_swing_l': 16, 'en_fvg': False, 'fvg_lookback': 28, 'en_ifvg': True, 'en_breaker': False, 'breaker_swing_l': 1, 'en_cisd': False, 'k': 4, 'en_cap_bars': False, 'cap_1min': 379}.
[I 2026-07-13 17:39:29,615] Trial 1150 finished with values: [525.2363004066069, -226.68749598417435, 35.4] and parameters: {'sl_soft': 0.6154913983821713, 'sl_hard_delta': 0.03218716157238656, 'tp': 2.5647184925159534, 'gate_pct': 62.02693045764362, 'dd_limit': 208.93735973419433, 'cooldown': 20, 'flip': False, 'en_ema_trend': False, 'ema_trend_fast': 121, 'ema_trend_slow': 364, 'en_sma_trend': False, 'sma_trend_fast': 232, 'sma_trend_slow': 14, 'en_macd': False, 'macd_fast': 80, 'macd_slow': 64, 'macd_signal': 54, 'en_vwap': True, 'en_keltner': True, 'keltner_n': 3, 'keltner_m': 1.5, 'en_obv': False, 'obv_slope': 7, 'en_cci': False, 'cci_n': 42, 'cci_threshold': 30, 'en_rsi': True, 'rsi_n': 71, 'rsi_lower': 19, 'rsi_upper': 58, 'en_stochastic': True, 'stochastic_n': 9, 'stochastic_d': 3, 'stochastic_lower': 2, 'stochastic_upper': 62, 'en_mfi': True, 'mfi_n': 45, 'mfi_lower': 7, 'mfi_upper': 60, 'en_bollinger': True, 'bollinger_n': 121, 'bollinger_k': 4.8, 'en_adx': False, 'adx_n': 31, 'adx_threshold': 26, 'en_structure_trend': True, 'structure_trend_swing_l': 11, 'en_order_block': False, 'order_block_swing_l': 6, 'en_fvg': True, 'fvg_lookback': 14, 'en_ifvg': False, 'en_breaker': True, 'breaker_swing_l': 18, 'en_cisd': False, 'k': 1, 'en_cap_bars': True, 'cap_1min': 562}.
[I 2026-07-13 17:39:30,043] Trial 1151 finished with values: [514.0346349356832, -261.09876515001815, 43.2] and parameters: {'sl_soft': 0.6154913983821713, 'sl_hard_delta': 0.03218716157238656, 'tp': 1.2548102965475247, 'gate_pct': 62.02693045764362, 'dd_limit': 241.42955722086123, 'cooldown': 20, 'flip': False, 'en_ema_trend': True, 'ema_trend_fast': 121, 'ema_trend_slow': 125, 'en_sma_trend': False, 'sma_trend_fast': 232, 'sma_trend_slow': 14, 'en_macd': False, 'macd_fast': 95, 'macd_slow': 64, 'macd_signal': 27, 'en_vwap': True, 'en_keltner': False, 'keltner_n': 3, 'keltner_m': 1.5, 'en_obv': False, 'obv_slope': 167, 'en_cci': True, 'cci_n': 43, 'cci_threshold': 30, 'en_rsi': False, 'rsi_n': 15, 'rsi_lower': 7, 'rsi_upper': 58, 'en_stochastic': True, 'stochastic_n': 9, 'stochastic_d': 3, 'stochastic_lower': 2, 'stochastic_upper': 77, 'en_mfi': False, 'mfi_n': 45, 'mfi_lower': 7, 'mfi_upper': 60, 'en_bollinger': False, 'bollinger_n': 121, 'bollinger_k': 4.8, 'en_adx': False, 'adx_n': 31, 'adx_threshold': 26, 'en_structure_trend': True, 'structure_trend_swing_l': 11, 'en_order_block': False, 'order_block_swing_l': 9, 'en_fvg': True, 'fvg_lookback': 44, 'en_ifvg': False, 'en_breaker': False, 'breaker_swing_l': 18, 'en_cisd': False, 'k': 1, 'en_cap_bars': True, 'cap_1min': 1119}.
[I 2026-07-13 17:39:30,403] Trial 1152 finished with values: [163.92021581083327, -196.33090915453977, 43.349999999999994] and parameters: {'sl_soft': 0.6154913983821713, 'sl_hard_delta': 0.03218716157238656, 'tp': 1.2548102965475247, 'gate_pct': 62.02693045764362, 'dd_limit': 241.42955722086123, 'cooldown': 20, 'flip': False, 'en_ema_trend': True, 'ema_trend_fast': 121, 'ema_trend_slow': 364, 'en_sma_trend': False, 'sma_trend_fast': 232, 'sma_trend_slow': 14, 'en_macd': False, 'macd_fast': 80, 'macd_slow': 42, 'macd_signal': 27, 'en_vwap': True, 'en_keltner': True, 'keltner_n': 3, 'keltner_m': 1.5, 'en_obv': False, 'obv_slope': 7, 'en_cci': True, 'cci_n': 77, 'cci_threshold': 30, 'en_rsi': True, 'rsi_n': 71, 'rsi_lower': 7, 'rsi_upper': 58, 'en_stochastic': True, 'stochastic_n': 9, 'stochastic_d': 3, 'stochastic_lower': 2, 'stochastic_upper': 62, 'en_mfi': False, 'mfi_n': 45, 'mfi_lower': 7, 'mfi_upper': 60, 'en_bollinger': False, 'bollinger_n': 121, 'bollinger_k': 2.1, 'en_adx': False, 'adx_n': 2, 'adx_threshold': 26, 'en_structure_trend': True, 'structure_trend_swing_l': 11, 'en_order_block': True, 'order_block_swing_l': 1, 'en_fvg': True, 'fvg_lookback': 14, 'en_ifvg': False, 'en_breaker': True, 'breaker_swing_l': 17, 'en_cisd': False, 'k': 1, 'en_cap_bars': True, 'cap_1min': 332}.
[I 2026-07-13 17:39:30,926] Trial 1153 finished with values: [262.08778561133954, -486.2655146991983, 67.5] and parameters: {'sl_soft': 2.0212200416683395, 'sl_hard_delta': 0.2791290136221785, 'tp': 1.2921449941565541, 'gate_pct': 62.02693045764362, 'dd_limit': 394.88972205872113, 'cooldown': 18, 'flip': False, 'en_ema_trend': True, 'ema_trend_fast': 121, 'ema_trend_slow': 364, 'en_sma_trend': False, 'sma_trend_fast': 232, 'sma_trend_slow': 81, 'en_macd': False, 'macd_fast': 70, 'macd_slow': 144, 'macd_signal': 27, 'en_vwap': True, 'en_keltner': True, 'keltner_n': 116, 'keltner_m': 2.9000000000000004, 'en_obv': True, 'obv_slope': 167, 'en_cci': True, 'cci_n': 174, 'cci_threshold': 30, 'en_rsi': True, 'rsi_n': 15, 'rsi_lower': 34, 'rsi_upper': 61, 'en_stochastic': True, 'stochastic_n': 71, 'stochastic_d': 3, 'stochastic_lower': 2, 'stochastic_upper': 62, 'en_mfi': False, 'mfi_n': 15, 'mfi_lower': 29, 'mfi_upper': 60, 'en_bollinger': True, 'bollinger_n': 131, 'bollinger_k': 4.8, 'en_adx': False, 'adx_n': 2, 'adx_threshold': 26, 'en_structure_trend': False, 'structure_trend_swing_l': 11, 'en_order_block': False, 'order_block_swing_l': 6, 'en_fvg': True, 'fvg_lookback': 38, 'en_ifvg': False, 'en_breaker': False, 'breaker_swing_l': 7, 'en_cisd': False, 'k': 1, 'en_cap_bars': True, 'cap_1min': 133}.
[I 2026-07-13 17:39:31,325] Trial 1154 finished with values: [272.1956108826589, -163.94698115680058, 48.0] and parameters: {'sl_soft': 0.6154913983821713, 'sl_hard_delta': 0.03218716157238656, 'tp': 1.2548102965475247, 'gate_pct': 62.02693045764362, 'dd_limit': 241.42955722086123, 'cooldown': 20, 'flip': False, 'en_ema_trend': False, 'ema_trend_fast': 121, 'ema_trend_slow': 364, 'en_sma_trend': False, 'sma_trend_fast': 232, 'sma_trend_slow': 14, 'en_macd': True, 'macd_fast': 80, 'macd_slow': 64, 'macd_signal': 27, 'en_vwap': True, 'en_keltner': False, 'keltner_n': 3, 'keltner_m': 1.5, 'en_obv': False, 'obv_slope': 7, 'en_cci': True, 'cci_n': 174, 'cci_threshold': 30, 'en_rsi': True, 'rsi_n': 15, 'rsi_lower': 7, 'rsi_upper': 82, 'en_stochastic': True, 'stochastic_n': 9, 'stochastic_d': 3, 'stochastic_lower': 2, 'stochastic_upper': 62, 'en_mfi': True, 'mfi_n': 45, 'mfi_lower': 7, 'mfi_upper': 60, 'en_bollinger': True, 'bollinger_n': 121, 'bollinger_k': 2.1, 'en_adx': False, 'adx_n': 2, 'adx_threshold': 29, 'en_structure_trend': True, 'structure_trend_swing_l': 11, 'en_order_block': False, 'order_block_swing_l': 20, 'en_fvg': False, 'fvg_lookback': 14, 'en_ifvg': False, 'en_breaker': True, 'breaker_swing_l': 17, 'en_cisd': True, 'k': 1, 'en_cap_bars': True, 'cap_1min': 1119}.
[I 2026-07-13 17:39:32,254] Trial 1155 finished with values: [163.28285315860853, -300.7855005843794, 58.900000000000006] and parameters: {'sl_soft': 0.6154913983821713, 'sl_hard_delta': 2.911804370090404, 'tp': 1.2921449941565541, 'gate_pct': 75.29895741667805, 'dd_limit': 241.42955722086123, 'cooldown': 13, 'flip': False, 'en_ema_trend': True, 'ema_trend_fast': 121, 'ema_trend_slow': 305, 'en_sma_trend': False, 'sma_trend_fast': 45, 'sma_trend_slow': 14, 'en_macd': False, 'macd_fast': 52, 'macd_slow': 144, 'macd_signal': 45, 'en_vwap': True, 'en_keltner': False, 'keltner_n': 68, 'keltner_m': 2.9000000000000004, 'en_obv': False, 'obv_slope': 7, 'en_cci': False, 'cci_n': 174, 'cci_threshold': 60, 'en_rsi': True, 'rsi_n': 95, 'rsi_lower': 34, 'rsi_upper': 61, 'en_stochastic': True, 'stochastic_n': 9, 'stochastic_d': 49, 'stochastic_lower': 2, 'stochastic_upper': 77, 'en_mfi': True, 'mfi_n': 45, 'mfi_lower': 2, 'mfi_upper': 61, 'en_bollinger': True, 'bollinger_n': 125, 'bollinger_k': 1.5, 'en_adx': False, 'adx_n': 31, 'adx_threshold': 32, 'en_structure_trend': True, 'structure_trend_swing_l': 19, 'en_order_block': False, 'order_block_swing_l': 10, 'en_fvg': True, 'fvg_lookback': 38, 'en_ifvg': False, 'en_breaker': True, 'breaker_swing_l': 7, 'en_cisd': True, 'k': 1, 'en_cap_bars': True, 'cap_1min': 995}.
[I 2026-07-13 17:39:32,857] Trial 1156 finished with values: [-206.60236479681657, -689.0947810698663, 21.9] and parameters: {'sl_soft': 0.6154913983821713, 'sl_hard_delta': 2.911804370090404, 'tp': 3.8454001470748493, 'gate_pct': 86.68863637915473, 'dd_limit': 241.42955722086123, 'cooldown': 13, 'flip': False, 'en_ema_trend': False, 'ema_trend_fast': 121, 'ema_trend_slow': 361, 'en_sma_trend': False, 'sma_trend_fast': 232, 'sma_trend_slow': 14, 'en_macd': False, 'macd_fast': 52, 'macd_slow': 18, 'macd_signal': 45, 'en_vwap': True, 'en_keltner': True, 'keltner_n': 3, 'keltner_m': 1.5, 'en_obv': False, 'obv_slope': 7, 'en_cci': False, 'cci_n': 43, 'cci_threshold': 60, 'en_rsi': True, 'rsi_n': 95, 'rsi_lower': 7, 'rsi_upper': 94, 'en_stochastic': False, 'stochastic_n': 8, 'stochastic_d': 3, 'stochastic_lower': 40, 'stochastic_upper': 77, 'en_mfi': True, 'mfi_n': 38, 'mfi_lower': 7, 'mfi_upper': 60, 'en_bollinger': True, 'bollinger_n': 121, 'bollinger_k': 2.9000000000000004, 'en_adx': False, 'adx_n': 31, 'adx_threshold': 26, 'en_structure_trend': True, 'structure_trend_swing_l': 11, 'en_order_block': False, 'order_block_swing_l': 9, 'en_fvg': False, 'fvg_lookback': 14, 'en_ifvg': False, 'en_breaker': True, 'breaker_swing_l': 17, 'en_cisd': True, 'k': 1, 'en_cap_bars': False, 'cap_1min': 995}.
[I 2026-07-13 17:39:34,585] Trial 1157 pruned. 
