[I 2026-07-13 17:31:45,385] Trial 1220 finished with values: [471.73336690142946, -659.3524885162878, 32.2] and parameters: {'sl_soft': 1.0063442051374751, 'sl_hard_delta': 0.008044238733936384, 'tp': 2.9458524258041714, 'gate_pct': 54.8778799805964, 'dd_limit': 390.2569167971573, 'cooldown': 8, 'flip': True, 'en_ema_trend': True, 'ema_trend_fast': 317, 'ema_trend_slow': 291, 'en_sma_trend': False, 'sma_trend_fast': 266, 'sma_trend_slow': 143, 'en_macd': True, 'macd_fast': 25, 'macd_slow': 21, 'macd_signal': 86, 'en_vwap': True, 'en_keltner': False, 'keltner_n': 116, 'keltner_m': 3.1, 'en_obv': True, 'obv_slope': 8, 'en_cci': True, 'cci_n': 23, 'cci_threshold': 45, 'en_rsi': False, 'rsi_n': 67, 'rsi_lower': 28, 'rsi_upper': 71, 'en_stochastic': False, 'stochastic_n': 67, 'stochastic_d': 37, 'stochastic_lower': 16, 'stochastic_upper': 88, 'en_mfi': True, 'mfi_n': 26, 'mfi_lower': 10, 'mfi_upper': 86, 'en_bollinger': False, 'bollinger_n': 69, 'bollinger_k': 0.5, 'en_adx': False, 'adx_n': 32, 'adx_threshold': 32, 'en_structure_trend': False, 'structure_trend_swing_l': 19, 'en_order_block': True, 'order_block_swing_l': 6, 'en_fvg': False, 'fvg_lookback': 7, 'en_ifvg': True, 'en_breaker': False, 'breaker_swing_l': 1, 'en_cisd': True, 'k': 4, 'en_cap_bars': True, 'cap_1min': 652}.
[I 2026-07-13 17:31:45,761] Trial 1221 finished with values: [502.8558532235877, -512.0598672260712, 30.95] and parameters: {'sl_soft': 1.0063442051374751, 'sl_hard_delta': 0.008044238733936384, 'tp': 2.9458524258041714, 'gate_pct': 54.8778799805964, 'dd_limit': 390.2569167971573, 'cooldown': 8, 'flip': True, 'en_ema_trend': True, 'ema_trend_fast': 317, 'ema_trend_slow': 16, 'en_sma_trend': True, 'sma_trend_fast': 388, 'sma_trend_slow': 143, 'en_macd': True, 'macd_fast': 25, 'macd_slow': 180, 'macd_signal': 72, 'en_vwap': True, 'en_keltner': False, 'keltner_n': 13, 'keltner_m': 3.1, 'en_obv': True, 'obv_slope': 8, 'en_cci': False, 'cci_n': 110, 'cci_threshold': 40, 'en_rsi': True, 'rsi_n': 74, 'rsi_lower': 28, 'rsi_upper': 71, 'en_stochastic': False, 'stochastic_n': 16, 'stochastic_d': 33, 'stochastic_lower': 16, 'stochastic_upper': 57, 'en_mfi': False, 'mfi_n': 26, 'mfi_lower': 13, 'mfi_upper': 71, 'en_bollinger': False, 'bollinger_n': 115, 'bollinger_k': 2.5, 'en_adx': False, 'adx_n': 23, 'adx_threshold': 18, 'en_structure_trend': False, 'structure_trend_swing_l': 19, 'en_order_block': True, 'order_block_swing_l': 9, 'en_fvg': False, 'fvg_lookback': 7, 'en_ifvg': True, 'en_breaker': False, 'breaker_swing_l': 17, 'en_cisd': True, 'k': 1, 'en_cap_bars': True, 'cap_1min': 652}.
[I 2026-07-13 17:31:46,649] Trial 1222 finished with values: [200.44685910499425, -586.095714946805, 66.55] and parameters: {'sl_soft': 1.3416386676404197, 'sl_hard_delta': 1.265225171181504, 'tp': 0.9918133787075697, 'gate_pct': 54.8778799805964, 'dd_limit': 284.01961970925504, 'cooldown': 10, 'flip': True, 'en_ema_trend': False, 'ema_trend_fast': 317, 'ema_trend_slow': 226, 'en_sma_trend': True, 'sma_trend_fast': 321, 'sma_trend_slow': 400, 'en_macd': True, 'macd_fast': 6, 'macd_slow': 150, 'macd_signal': 62, 'en_vwap': True, 'en_keltner': True, 'keltner_n': 13, 'keltner_m': 1.5, 'en_obv': True, 'obv_slope': 120, 'en_cci': True, 'cci_n': 162, 'cci_threshold': 220, 'en_rsi': False, 'rsi_n': 49, 'rsi_lower': 11, 'rsi_upper': 70, 'en_stochastic': False, 'stochastic_n': 25, 'stochastic_d': 7, 'stochastic_lower': 13, 'stochastic_upper': 90, 'en_mfi': True, 'mfi_n': 17, 'mfi_lower': 16, 'mfi_upper': 86, 'en_bollinger': False, 'bollinger_n': 186, 'bollinger_k': 0.5, 'en_adx': False, 'adx_n': 23, 'adx_threshold': 12, 'en_structure_trend': False, 'structure_trend_swing_l': 4, 'en_order_block': False, 'order_block_swing_l': 6, 'en_fvg': False, 'fvg_lookback': 8, 'en_ifvg': True, 'en_breaker': True, 'breaker_swing_l': 17, 'en_cisd': True, 'k': 3, 'en_cap_bars': True, 'cap_1min': 412}.
[I 2026-07-13 17:31:46,970] Trial 1223 finished with values: [496.2929369697008, -391.25044609741053, 50.55] and parameters: {'sl_soft': 1.0063442051374751, 'sl_hard_delta': 0.05257236390156471, 'tp': 1.1926865856558302, 'gate_pct': 54.8778799805964, 'dd_limit': 390.2569167971573, 'cooldown': 9, 'flip': True, 'en_ema_trend': True, 'ema_trend_fast': 317, 'ema_trend_slow': 291, 'en_sma_trend': True, 'sma_trend_fast': 266, 'sma_trend_slow': 357, 'en_macd': True, 'macd_fast': 25, 'macd_slow': 47, 'macd_signal': 86, 'en_vwap': False, 'en_keltner': True, 'keltner_n': 13, 'keltner_m': 1.8, 'en_obv': True, 'obv_slope': 108, 'en_cci': True, 'cci_n': 72, 'cci_threshold': 75, 'en_rsi': True, 'rsi_n': 33, 'rsi_lower': 7, 'rsi_upper': 86, 'en_stochastic': False, 'stochastic_n': 75, 'stochastic_d': 3, 'stochastic_lower': 48, 'stochastic_upper': 90, 'en_mfi': False, 'mfi_n': 92, 'mfi_lower': 16, 'mfi_upper': 71, 'en_bollinger': False, 'bollinger_n': 9, 'bollinger_k': 2.6, 'en_adx': True, 'adx_n': 18, 'adx_threshold': 7, 'en_structure_trend': False, 'structure_trend_swing_l': 4, 'en_order_block': False, 'order_block_swing_l': 3, 'en_fvg': True, 'fvg_lookback': 34, 'en_ifvg': False, 'en_breaker': True, 'breaker_swing_l': 18, 'en_cisd': True, 'k': 1, 'en_cap_bars': True, 'cap_1min': 652}.
[I 2026-07-13 17:31:47,306] Trial 1224 finished with values: [615.8303903211731, -253.59711096780302, 41.150000000000006] and parameters: {'sl_soft': 1.0063442051374751, 'sl_hard_delta': 0.008044238733936384, 'tp': 2.9458524258041714, 'gate_pct': 54.8778799805964, 'dd_limit': 483.2669362956531, 'cooldown': 9, 'flip': True, 'en_ema_trend': True, 'ema_trend_fast': 317, 'ema_trend_slow': 38, 'en_sma_trend': False, 'sma_trend_fast': 45, 'sma_trend_slow': 357, 'en_macd': False, 'macd_fast': 80, 'macd_slow': 180, 'macd_signal': 72, 'en_vwap': True, 'en_keltner': True, 'keltner_n': 13, 'keltner_m': 1.8, 'en_obv': True, 'obv_slope': 108, 'en_cci': False, 'cci_n': 117, 'cci_threshold': 40, 'en_rsi': False, 'rsi_n': 67, 'rsi_lower': 28, 'rsi_upper': 86, 'en_stochastic': False, 'stochastic_n': 56, 'stochastic_d': 14, 'stochastic_lower': 48, 'stochastic_upper': 90, 'en_mfi': False, 'mfi_n': 61, 'mfi_lower': 16, 'mfi_upper': 71, 'en_bollinger': False, 'bollinger_n': 181, 'bollinger_k': 2.5, 'en_adx': True, 'adx_n': 23, 'adx_threshold': 18, 'en_structure_trend': False, 'structure_trend_swing_l': 4, 'en_order_block': True, 'order_block_swing_l': 6, 'en_fvg': False, 'fvg_lookback': 7, 'en_ifvg': True, 'en_breaker': False, 'breaker_swing_l': 19, 'en_cisd': True, 'k': 1, 'en_cap_bars': True, 'cap_1min': 272}.
[I 2026-07-13 17:31:47,578] Trial 1225 finished with values: [621.7307673424955, -294.1833880988497, 64.95] and parameters: {'sl_soft': 1.5128727017605812, 'sl_hard_delta': 0.008044238733936384, 'tp': 1.1926865856558302, 'gate_pct': 54.8778799805964, 'dd_limit': 390.2569167971573, 'cooldown': 9, 'flip': True, 'en_ema_trend': True, 'ema_trend_fast': 317, 'ema_trend_slow': 16, 'en_sma_trend': True, 'sma_trend_fast': 45, 'sma_trend_slow': 134, 'en_macd': True, 'macd_fast': 9, 'macd_slow': 180, 'macd_signal': 72, 'en_vwap': True, 'en_keltner': False, 'keltner_n': 3, 'keltner_m': 1.8, 'en_obv': True, 'obv_slope': 105, 'en_cci': True, 'cci_n': 132, 'cci_threshold': 300, 'en_rsi': True, 'rsi_n': 33, 'rsi_lower': 7, 'rsi_upper': 91, 'en_stochastic': False, 'stochastic_n': 16, 'stochastic_d': 3, 'stochastic_lower': 48, 'stochastic_upper': 90, 'en_mfi': False, 'mfi_n': 51, 'mfi_lower': 13, 'mfi_upper': 71, 'en_bollinger': False, 'bollinger_n': 9, 'bollinger_k': 2.6, 'en_adx': True, 'adx_n': 18, 'adx_threshold': 18, 'en_structure_trend': False, 'structure_trend_swing_l': 19, 'en_order_block': True, 'order_block_swing_l': 3, 'en_fvg': False, 'fvg_lookback': 34, 'en_ifvg': True, 'en_breaker': False, 'breaker_swing_l': 18, 'en_cisd': True, 'k': 3, 'en_cap_bars': True, 'cap_1min': 652}.
[I 2026-07-13 17:31:49,082] Trial 1226 finished with values: [133.20817409885422, -445.41286781907274, 47.4] and parameters: {'sl_soft': 1.0063442051374751, 'sl_hard_delta': 4.474497910710611, 'tp': 2.09587132180923, 'gate_pct': 54.8778799805964, 'dd_limit': 434.8338936907749, 'cooldown': 12, 'flip': True, 'en_ema_trend': False, 'ema_trend_fast': 33, 'ema_trend_slow': 35, 'en_sma_trend': True, 'sma_trend_fast': 45, 'sma_trend_slow': 357, 'en_macd': False, 'macd_fast': 25, 'macd_slow': 47, 'macd_signal': 72, 'en_vwap': True, 'en_keltner': True, 'keltner_n': 116, 'keltner_m': 1.8, 'en_obv': False, 'obv_slope': 96, 'en_cci': True, 'cci_n': 162, 'cci_threshold': 180, 'en_rsi': True, 'rsi_n': 93, 'rsi_lower': 46, 'rsi_upper': 86, 'en_stochastic': True, 'stochastic_n': 8, 'stochastic_d': 9, 'stochastic_lower': 3, 'stochastic_upper': 92, 'en_mfi': False, 'mfi_n': 26, 'mfi_lower': 13, 'mfi_upper': 86, 'en_bollinger': False, 'bollinger_n': 186, 'bollinger_k': 2.5, 'en_adx': False, 'adx_n': 62, 'adx_threshold': 7, 'en_structure_trend': True, 'structure_trend_swing_l': 19, 'en_order_block': False, 'order_block_swing_l': 3, 'en_fvg': False, 'fvg_lookback': 43, 'en_ifvg': False, 'en_breaker': False, 'breaker_swing_l': 9, 'en_cisd': True, 'k': 3, 'en_cap_bars': True, 'cap_1min': 818}.
[I 2026-07-13 17:31:49,373] Trial 1227 finished with values: [85.27433398174935, -461.0741549075101, 37.4] and parameters: {'sl_soft': 1.5128727017605812, 'sl_hard_delta': 0.008044238733936384, 'tp': 2.9458524258041714, 'gate_pct': 54.8778799805964, 'dd_limit': 434.8338936907749, 'cooldown': 9, 'flip': True, 'en_ema_trend': True, 'ema_trend_fast': 317, 'ema_trend_slow': 17, 'en_sma_trend': False, 'sma_trend_fast': 45, 'sma_trend_slow': 357, 'en_macd': False, 'macd_fast': 56, 'macd_slow': 47, 'macd_signal': 72, 'en_vwap': False, 'en_keltner': False, 'keltner_n': 43, 'keltner_m': 3.1, 'en_obv': True, 'obv_slope': 108, 'en_cci': False, 'cci_n': 110, 'cci_threshold': 195, 'en_rsi': False, 'rsi_n': 33, 'rsi_lower': 7, 'rsi_upper': 86, 'en_stochastic': True, 'stochastic_n': 89, 'stochastic_d': 31, 'stochastic_lower': 16, 'stochastic_upper': 90, 'en_mfi': False, 'mfi_n': 51, 'mfi_lower': 16, 'mfi_upper': 71, 'en_bollinger': False, 'bollinger_n': 181, 'bollinger_k': 4.7, 'en_adx': False, 'adx_n': 18, 'adx_threshold': 18, 'en_structure_trend': False, 'structure_trend_swing_l': 4, 'en_order_block': True, 'order_block_swing_l': 3, 'en_fvg': True, 'fvg_lookback': 36, 'en_ifvg': True, 'en_breaker': False, 'breaker_swing_l': 17, 'en_cisd': True, 'k': 3, 'en_cap_bars': True, 'cap_1min': 461}.
[I 2026-07-13 17:31:49,608] Trial 1228 finished with values: [312.2094550302904, -562.7792894196318, 29.450000000000003] and parameters: {'sl_soft': 1.0063442051374751, 'sl_hard_delta': 0.008044238733936384, 'tp': 2.9458524258041714, 'gate_pct': 54.8778799805964, 'dd_limit': 390.2569167971573, 'cooldown': 9, 'flip': True, 'en_ema_trend': True, 'ema_trend_fast': 317, 'ema_trend_slow': 291, 'en_sma_trend': False, 'sma_trend_fast': 45, 'sma_trend_slow': 357, 'en_macd': False, 'macd_fast': 80, 'macd_slow': 180, 'macd_signal': 86, 'en_vwap': False, 'en_keltner': True, 'keltner_n': 116, 'keltner_m': 3.1, 'en_obv': True, 'obv_slope': 8, 'en_cci': False, 'cci_n': 110, 'cci_threshold': 40, 'en_rsi': False, 'rsi_n': 67, 'rsi_lower': 28, 'rsi_upper': 86, 'en_stochastic': False, 'stochastic_n': 56, 'stochastic_d': 5, 'stochastic_lower': 16, 'stochastic_upper': 88, 'en_mfi': False, 'mfi_n': 51, 'mfi_lower': 16, 'mfi_upper': 86, 'en_bollinger': False, 'bollinger_n': 115, 'bollinger_k': 2.5, 'en_adx': False, 'adx_n': 23, 'adx_threshold': 19, 'en_structure_trend': False, 'structure_trend_swing_l': 8, 'en_order_block': True, 'order_block_swing_l': 3, 'en_fvg': False, 'fvg_lookback': 8, 'en_ifvg': True, 'en_breaker': False, 'breaker_swing_l': 18, 'en_cisd': True, 'k': 1, 'en_cap_bars': True, 'cap_1min': 652}.
[I 2026-07-13 17:31:51,253] Trial 1229 finished with values: [-218.2200977430341, -772.7073787098107, 27.7] and parameters: {'sl_soft': 1.0063442051374751, 'sl_hard_delta': 4.474497910710611, 'tp': 2.9458524258041714, 'gate_pct': 54.8778799805964, 'dd_limit': 390.2569167971573, 'cooldown': 8, 'flip': True, 'en_ema_trend': True, 'ema_trend_fast': 317, 'ema_trend_slow': 38, 'en_sma_trend': False, 'sma_trend_fast': 397, 'sma_trend_slow': 357, 'en_macd': True, 'macd_fast': 25, 'macd_slow': 12, 'macd_signal': 1, 'en_vwap': True, 'en_keltner': True, 'keltner_n': 116, 'keltner_m': 1.8, 'en_obv': True, 'obv_slope': 8, 'en_cci': False, 'cci_n': 125, 'cci_threshold': 195, 'en_rsi': False, 'rsi_n': 33, 'rsi_lower': 28, 'rsi_upper': 76, 'en_stochastic': False, 'stochastic_n': 22, 'stochastic_d': 3, 'stochastic_lower': 16, 'stochastic_upper': 90, 'en_mfi': True, 'mfi_n': 51, 'mfi_lower': 20, 'mfi_upper': 86, 'en_bollinger': False, 'bollinger_n': 186, 'bollinger_k': 2.5, 'en_adx': False, 'adx_n': 23, 'adx_threshold': 18, 'en_structure_trend': False, 'structure_trend_swing_l': 10, 'en_order_block': True, 'order_block_swing_l': 3, 'en_fvg': False, 'fvg_lookback': 36, 'en_ifvg': False, 'en_breaker': True, 'breaker_swing_l': 17, 'en_cisd': True, 'k': 1, 'en_cap_bars': True, 'cap_1min': 272}.
[I 2026-07-13 17:31:51,620] Trial 1230 finished with values: [534.9539592946485, -425.7525230056899, 70.55000000000001] and parameters: {'sl_soft': 1.3416386676404197, 'sl_hard_delta': 1.265225171181504, 'tp': 0.9918133787075697, 'gate_pct': 38.288168518848806, 'dd_limit': 284.01961970925504, 'cooldown': 9, 'flip': True, 'en_ema_trend': False, 'ema_trend_fast': 343, 'ema_trend_slow': 226, 'en_sma_trend': True, 'sma_trend_fast': 321, 'sma_trend_slow': 400, 'en_macd': False, 'macd_fast': 6, 'macd_slow': 150, 'macd_signal': 62, 'en_vwap': True, 'en_keltner': True, 'keltner_n': 13, 'keltner_m': 1.5, 'en_obv': True, 'obv_slope': 120, 'en_cci': True, 'cci_n': 162, 'cci_threshold': 220, 'en_rsi': False, 'rsi_n': 49, 'rsi_lower': 11, 'rsi_upper': 70, 'en_stochastic': False, 'stochastic_n': 75, 'stochastic_d': 7, 'stochastic_lower': 13, 'stochastic_upper': 90, 'en_mfi': False, 'mfi_n': 17, 'mfi_lower': 16, 'mfi_upper': 86, 'en_bollinger': False, 'bollinger_n': 186, 'bollinger_k': 0.5, 'en_adx': False, 'adx_n': 23, 'adx_threshold': 18, 'en_structure_trend': False, 'structure_trend_swing_l': 4, 'en_order_block': False, 'order_block_swing_l': 6, 'en_fvg': False, 'fvg_lookback': 8, 'en_ifvg': False, 'en_breaker': True, 'breaker_swing_l': 17, 'en_cisd': True, 'k': 3, 'en_cap_bars': True, 'cap_1min': 412}.
[I 2026-07-13 17:31:51,909] Trial 1231 finished with values: [889.4113107941507, -532.3209291730109, 45.35] and parameters: {'sl_soft': 1.5128727017605812, 'sl_hard_delta': 0.008044238733936384, 'tp': 2.9458524258041714, 'gate_pct': 54.8778799805964, 'dd_limit': 390.2569167971573, 'cooldown': 18, 'flip': True, 'en_ema_trend': True, 'ema_trend_fast': 317, 'ema_trend_slow': 51, 'en_sma_trend': True, 'sma_trend_fast': 45, 'sma_trend_slow': 134, 'en_macd': True, 'macd_fast': 9, 'macd_slow': 180, 'macd_signal': 72, 'en_vwap': True, 'en_keltner': True, 'keltner_n': 3, 'keltner_m': 3.1, 'en_obv': True, 'obv_slope': 105, 'en_cci': False, 'cci_n': 110, 'cci_threshold': 300, 'en_rsi': True, 'rsi_n': 33, 'rsi_lower': 28, 'rsi_upper': 91, 'en_stochastic': False, 'stochastic_n': 56, 'stochastic_d': 37, 'stochastic_lower': 16, 'stochastic_upper': 88, 'en_mfi': True, 'mfi_n': 26, 'mfi_lower': 13, 'mfi_upper': 71, 'en_bollinger': True, 'bollinger_n': 9, 'bollinger_k': 2.6, 'en_adx': False, 'adx_n': 62, 'adx_threshold': 32, 'en_structure_trend': False, 'structure_trend_swing_l': 10, 'en_order_block': True, 'order_block_swing_l': 9, 'en_fvg': False, 'fvg_lookback': 28, 'en_ifvg': False, 'en_breaker': True, 'breaker_swing_l': 1, 'en_cisd': True, 'k': 3, 'en_cap_bars': True, 'cap_1min': 652}.
[I 2026-07-13 17:31:52,132] Trial 1232 finished with values: [495.0452004464182, -370.62079916363473, 38.4] and parameters: {'sl_soft': 1.0063442051374751, 'sl_hard_delta': 0.05257236390156471, 'tp': 2.9458524258041714, 'gate_pct': 54.8778799805964, 'dd_limit': 483.2669362956531, 'cooldown': 8, 'flip': True, 'en_ema_trend': True, 'ema_trend_fast': 317, 'ema_trend_slow': 16, 'en_sma_trend': False, 'sma_trend_fast': 266, 'sma_trend_slow': 134, 'en_macd': True, 'macd_fast': 80, 'macd_slow': 180, 'macd_signal': 72, 'en_vwap': False, 'en_keltner': True, 'keltner_n': 3, 'keltner_m': 1.8, 'en_obv': True, 'obv_slope': 105, 'en_cci': True, 'cci_n': 110, 'cci_threshold': 300, 'en_rsi': False, 'rsi_n': 67, 'rsi_lower': 7, 'rsi_upper': 71, 'en_stochastic': False, 'stochastic_n': 56, 'stochastic_d': 3, 'stochastic_lower': 48, 'stochastic_upper': 88, 'en_mfi': False, 'mfi_n': 26, 'mfi_lower': 16, 'mfi_upper': 67, 'en_bollinger': False, 'bollinger_n': 115, 'bollinger_k': 2.5, 'en_adx': True, 'adx_n': 18, 'adx_threshold': 19, 'en_structure_trend': False, 'structure_trend_swing_l': 19, 'en_order_block': True, 'order_block_swing_l': 3, 'en_fvg': True, 'fvg_lookback': 34, 'en_ifvg': True, 'en_breaker': False, 'breaker_swing_l': 18, 'en_cisd': True, 'k': 3, 'en_cap_bars': True, 'cap_1min': 652}.
[I 2026-07-13 17:31:52,417] Trial 1233 finished with values: [139.36970576842782, -813.1715274565067, 56.35] and parameters: {'sl_soft': 3.657813398548344, 'sl_hard_delta': 0.008044238733936384, 'tp': 3.035052084189462, 'gate_pct': 54.8778799805964, 'dd_limit': 434.8338936907749, 'cooldown': 8, 'flip': True, 'en_ema_trend': False, 'ema_trend_fast': 317, 'ema_trend_slow': 139, 'en_sma_trend': True, 'sma_trend_fast': 266, 'sma_trend_slow': 242, 'en_macd': False, 'macd_fast': 80, 'macd_slow': 47, 'macd_signal': 86, 'en_vwap': True, 'en_keltner': True, 'keltner_n': 13, 'keltner_m': 3.1, 'en_obv': True, 'obv_slope': 8, 'en_cci': True, 'cci_n': 162, 'cci_threshold': 40, 'en_rsi': False, 'rsi_n': 33, 'rsi_lower': 7, 'rsi_upper': 86, 'en_stochastic': False, 'stochastic_n': 75, 'stochastic_d': 5, 'stochastic_lower': 13, 'stochastic_upper': 88, 'en_mfi': False, 'mfi_n': 61, 'mfi_lower': 10, 'mfi_upper': 86, 'en_bollinger': False, 'bollinger_n': 115, 'bollinger_k': 2.5, 'en_adx': True, 'adx_n': 23, 'adx_threshold': 19, 'en_structure_trend': False, 'structure_trend_swing_l': 19, 'en_order_block': True, 'order_block_swing_l': 12, 'en_fvg': False, 'fvg_lookback': 7, 'en_ifvg': True, 'en_breaker': False, 'breaker_swing_l': 19, 'en_cisd': True, 'k': 3, 'en_cap_bars': True, 'cap_1min': 652}.
[I 2026-07-13 17:31:52,668] Trial 1234 finished with values: [160.9061927977848, -501.7698616515304, 66.35] and parameters: {'sl_soft': 1.0063442051374751, 'sl_hard_delta': 1.265225171181504, 'tp': 0.9918133787075697, 'gate_pct': 54.8778799805964, 'dd_limit': 390.2569167971573, 'cooldown': 9, 'flip': True, 'en_ema_trend': True, 'ema_trend_fast': 317, 'ema_trend_slow': 226, 'en_sma_trend': False, 'sma_trend_fast': 266, 'sma_trend_slow': 143, 'en_macd': False, 'macd_fast': 25, 'macd_slow': 150, 'macd_signal': 72, 'en_vwap': True, 'en_keltner': False, 'keltner_n': 13, 'keltner_m': 1.5, 'en_obv': True, 'obv_slope': 108, 'en_cci': True, 'cci_n': 162, 'cci_threshold': 220, 'en_rsi': False, 'rsi_n': 33, 'rsi_lower': 11, 'rsi_upper': 95, 'en_stochastic': False, 'stochastic_n': 75, 'stochastic_d': 13, 'stochastic_lower': 13, 'stochastic_upper': 90, 'en_mfi': True, 'mfi_n': 28, 'mfi_lower': 10, 'mfi_upper': 86, 'en_bollinger': False, 'bollinger_n': 115, 'bollinger_k': 4.7, 'en_adx': False, 'adx_n': 23, 'adx_threshold': 12, 'en_structure_trend': False, 'structure_trend_swing_l': 4, 'en_order_block': False, 'order_block_swing_l': 6, 'en_fvg': False, 'fvg_lookback': 8, 'en_ifvg': True, 'en_breaker': True, 'breaker_swing_l': 19, 'en_cisd': True, 'k': 3, 'en_cap_bars': True, 'cap_1min': 412}.
[I 2026-07-13 17:31:57,352] Trial 1235 finished with values: [263.1542764501148, -206.26394854880346, 66.7] and parameters: {'sl_soft': 1.0063442051374751, 'sl_hard_delta': 0.008044238733936384, 'tp': 0.9918133787075697, 'gate_pct': 75.29895741667805, 'dd_limit': 390.2569167971573, 'cooldown': 8, 'flip': True, 'en_ema_trend': True, 'ema_trend_fast': 317, 'ema_trend_slow': 139, 'en_sma_trend': False, 'sma_trend_fast': 45, 'sma_trend_slow': 242, 'en_macd': True, 'macd_fast': 80, 'macd_slow': 180, 'macd_signal': 72, 'en_vwap': True, 'en_keltner': False, 'keltner_n': 162, 'keltner_m': 1.8, 'en_obv': True, 'obv_slope': 162, 'en_cci': False, 'cci_n': 23, 'cci_threshold': 45, 'en_rsi': False, 'rsi_n': 33, 'rsi_lower': 28, 'rsi_upper': 71, 'en_stochastic': False, 'stochastic_n': 67, 'stochastic_d': 3, 'stochastic_lower': 48, 'stochastic_upper': 90, 'en_mfi': False, 'mfi_n': 26, 'mfi_lower': 20, 'mfi_upper': 86, 'en_bollinger': False, 'bollinger_n': 181, 'bollinger_k': 0.5, 'en_adx': True, 'adx_n': 32, 'adx_threshold': 19, 'en_structure_trend': False, 'structure_trend_swing_l': 19, 'en_order_block': True, 'order_block_swing_l': 6, 'en_fvg': False, 'fvg_lookback': 36, 'en_ifvg': True, 'en_breaker': False, 'breaker_swing_l': 19, 'en_cisd': True, 'k': 4, 'en_cap_bars': True, 'cap_1min': 272}.
