[I 2026-07-13 16:55:57,270] Trial 45 finished with values: [-267.06984357348347, -540.1550407887726, 40.25] and parameters: {'sl_soft': 1.0138163480217606, 'sl_hard_delta': 0.33183959034651267, 'tp': 1.388364641976369, 'gate_pct': 33.41518335180748, 'dd_limit': 237.04271548261175, 'cooldown': 6, 'flip': True, 'en_ema_trend': False, 'ema_trend_fast': 109, 'ema_trend_slow': 85, 'en_sma_trend': True, 'sma_trend_fast': 36, 'sma_trend_slow': 263, 'en_macd': False, 'macd_fast': 13, 'macd_slow': 6, 'macd_signal': 34, 'en_vwap': False, 'en_keltner': False, 'keltner_n': 115, 'keltner_m': 2.1, 'en_obv': True, 'obv_slope': 15, 'en_cci': True, 'cci_n': 182, 'cci_threshold': 220, 'en_rsi': False, 'rsi_n': 89, 'rsi_lower': 39, 'rsi_upper': 52, 'en_stochastic': False, 'stochastic_n': 47, 'stochastic_d': 34, 'stochastic_lower': 2, 'stochastic_upper': 67, 'en_mfi': True, 'mfi_n': 41, 'mfi_lower': 24, 'mfi_upper': 65, 'en_bollinger': False, 'bollinger_n': 57, 'bollinger_k': 3.2, 'en_adx': False, 'adx_n': 74, 'adx_threshold': 6, 'en_structure_trend': False, 'structure_trend_swing_l': 11, 'en_order_block': False, 'order_block_swing_l': 9, 'en_fvg': True, 'fvg_lookback': 10, 'en_ifvg': False, 'en_breaker': False, 'breaker_swing_l': 8, 'en_cisd': True, 'k': 3, 'en_cap_bars': False, 'cap_1min': 719}.
[I 2026-07-13 16:55:57,865] Trial 46 pruned. 
[I 2026-07-13 16:55:59,507] Trial 47 pruned. 
[I 2026-07-13 16:56:00,883] Trial 48 pruned. 
[I 2026-07-13 16:56:03,379] Trial 49 finished with values: [41.832539184576945, -300.3912237777399, 26.0] and parameters: {'sl_soft': 0.7756993843732112, 'sl_hard_delta': 0.3269087741450897, 'tp': 2.9349692977728927, 'gate_pct': 52.631811604471054, 'dd_limit': 225.9151492162283, 'cooldown': 21, 'flip': True, 'en_ema_trend': True, 'ema_trend_fast': 112, 'ema_trend_slow': 167, 'en_sma_trend': True, 'sma_trend_fast': 285, 'sma_trend_slow': 304, 'en_macd': False, 'macd_fast': 55, 'macd_slow': 108, 'macd_signal': 65, 'en_vwap': False, 'en_keltner': False, 'keltner_n': 84, 'keltner_m': 3.1, 'en_obv': False, 'obv_slope': 143, 'en_cci': False, 'cci_n': 42, 'cci_threshold': 135, 'en_rsi': True, 'rsi_n': 72, 'rsi_lower': 20, 'rsi_upper': 59, 'en_stochastic': False, 'stochastic_n': 100, 'stochastic_d': 6, 'stochastic_lower': 12, 'stochastic_upper': 55, 'en_mfi': False, 'mfi_n': 89, 'mfi_lower': 25, 'mfi_upper': 76, 'en_bollinger': True, 'bollinger_n': 47, 'bollinger_k': 1.4, 'en_adx': False, 'adx_n': 2, 'adx_threshold': 51, 'en_structure_trend': False, 'structure_trend_swing_l': 14, 'en_order_block': False, 'order_block_swing_l': 10, 'en_fvg': True, 'fvg_lookback': 43, 'en_ifvg': True, 'en_breaker': False, 'breaker_swing_l': 17, 'en_cisd': False, 'k': 4, 'en_cap_bars': True, 'cap_1min': 1381}.
[I 2026-07-13 16:56:06,564] Trial 50 pruned. 
[I 2026-07-13 16:56:09,794] Trial 51 pruned. 
[I 2026-07-13 16:56:11,658] Trial 52 pruned. 
[I 2026-07-13 16:56:13,309] Trial 53 pruned. 
[I 2026-07-13 16:56:17,823] Trial 54 finished with values: [-11.452358656561046, -293.387735991314, 55.2] and parameters: {'sl_soft': 0.5847565227953361, 'sl_hard_delta': 0.5378283838136624, 'tp': 2.447558851002602, 'gate_pct': 47.67526199665095, 'dd_limit': 499.7446687086984, 'cooldown': 1, 'flip': False, 'en_ema_trend': False, 'ema_trend_fast': 41, 'ema_trend_slow': 346, 'en_sma_trend': False, 'sma_trend_fast': 7, 'sma_trend_slow': 258, 'en_macd': True, 'macd_fast': 44, 'macd_slow': 63, 'macd_signal': 41, 'en_vwap': False, 'en_keltner': True, 'keltner_n': 133, 'keltner_m': 4.0, 'en_obv': True, 'obv_slope': 160, 'en_cci': False, 'cci_n': 33, 'cci_threshold': 30, 'en_rsi': True, 'rsi_n': 23, 'rsi_lower': 20, 'rsi_upper': 75, 'en_stochastic': False, 'stochastic_n': 88, 'stochastic_d': 50, 'stochastic_lower': 38, 'stochastic_upper': 60, 'en_mfi': False, 'mfi_n': 90, 'mfi_lower': 17, 'mfi_upper': 65, 'en_bollinger': False, 'bollinger_n': 182, 'bollinger_k': 2.2, 'en_adx': False, 'adx_n': 71, 'adx_threshold': 34, 'en_structure_trend': True, 'structure_trend_swing_l': 14, 'en_order_block': True, 'order_block_swing_l': 19, 'en_fvg': False, 'fvg_lookback': 42, 'en_ifvg': True, 'en_breaker': True, 'breaker_swing_l': 20, 'en_cisd': False, 'k': 5, 'en_cap_bars': True, 'cap_1min': 3}.
[I 2026-07-13 16:56:21,097] Trial 55 pruned. 
[I 2026-07-13 16:56:22,013] Trial 56 pruned. 
[I 2026-07-13 16:56:23,605] Trial 57 pruned. 
[I 2026-07-13 16:56:24,222] Trial 58 pruned. 
[I 2026-07-13 16:56:25,286] Trial 59 pruned. 
[I 2026-07-13 16:56:27,203] Trial 60 finished with values: [61.06188571504845, -481.99454752326574, 37.85] and parameters: {'sl_soft': 0.96156299418656, 'sl_hard_delta': 1.678327956278705, 'tp': 2.9116690569400108, 'gate_pct': 88.06216959925202, 'dd_limit': 398.7158815502001, 'cooldown': 27, 'flip': True, 'en_ema_trend': False, 'ema_trend_fast': 14, 'ema_trend_slow': 305, 'en_sma_trend': False, 'sma_trend_fast': 44, 'sma_trend_slow': 277, 'en_macd': False, 'macd_fast': 67, 'macd_slow': 82, 'macd_signal': 87, 'en_vwap': True, 'en_keltner': False, 'keltner_n': 145, 'keltner_m': 4.5, 'en_obv': True, 'obv_slope': 173, 'en_cci': True, 'cci_n': 82, 'cci_threshold': 50, 'en_rsi': True, 'rsi_n': 50, 'rsi_lower': 48, 'rsi_upper': 57, 'en_stochastic': False, 'stochastic_n': 80, 'stochastic_d': 27, 'stochastic_lower': 49, 'stochastic_upper': 72, 'en_mfi': False, 'mfi_n': 43, 'mfi_lower': 21, 'mfi_upper': 51, 'en_bollinger': False, 'bollinger_n': 68, 'bollinger_k': 1.7000000000000002, 'en_adx': False, 'adx_n': 61, 'adx_threshold': 52, 'en_structure_trend': False, 'structure_trend_swing_l': 9, 'en_order_block': False, 'order_block_swing_l': 10, 'en_fvg': False, 'fvg_lookback': 41, 'en_ifvg': True, 'en_breaker': True, 'breaker_swing_l': 11, 'en_cisd': True, 'k': 5, 'en_cap_bars': False, 'cap_1min': 1153}.
[I 2026-07-13 16:56:31,301] Trial 61 finished with values: [-111.62391801270815, -689.9999999999864, 58.7] and parameters: {'sl_soft': 1.9704304757561646, 'sl_hard_delta': 2.4455222520975926, 'tp': 1.576553656859222, 'gate_pct': 61.29515207255519, 'dd_limit': 332.70974775121596, 'cooldown': 3, 'flip': False, 'en_ema_trend': True, 'ema_trend_fast': 271, 'ema_trend_slow': 376, 'en_sma_trend': False, 'sma_trend_fast': 292, 'sma_trend_slow': 163, 'en_macd': True, 'macd_fast': 80, 'macd_slow': 190, 'macd_signal': 21, 'en_vwap': True, 'en_keltner': False, 'keltner_n': 200, 'keltner_m': 4.5, 'en_obv': False, 'obv_slope': 169, 'en_cci': False, 'cci_n': 88, 'cci_threshold': 260, 'en_rsi': True, 'rsi_n': 33, 'rsi_lower': 6, 'rsi_upper': 58, 'en_stochastic': False, 'stochastic_n': 66, 'stochastic_d': 12, 'stochastic_lower': 26, 'stochastic_upper': 57, 'en_mfi': True, 'mfi_n': 71, 'mfi_lower': 45, 'mfi_upper': 72, 'en_bollinger': False, 'bollinger_n': 22, 'bollinger_k': 2.5, 'en_adx': False, 'adx_n': 82, 'adx_threshold': 19, 'en_structure_trend': True, 'structure_trend_swing_l': 1, 'en_order_block': True, 'order_block_swing_l': 20, 'en_fvg': False, 'fvg_lookback': 4, 'en_ifvg': False, 'en_breaker': False, 'breaker_swing_l': 5, 'en_cisd': False, 'k': 4, 'en_cap_bars': False, 'cap_1min': 736}.
[I 2026-07-13 16:56:33,120] Trial 62 pruned. 
[I 2026-07-13 16:56:37,411] Trial 63 finished with values: [-34.075722815600784, -473.90364136330163, 36.1] and parameters: {'sl_soft': 1.3877079133362598, 'sl_hard_delta': 0.55988919325763, 'tp': 2.5647184925159534, 'gate_pct': 62.02693045764362, 'dd_limit': 208.93735973419433, 'cooldown': 18, 'flip': True, 'en_ema_trend': True, 'ema_trend_fast': 393, 'ema_trend_slow': 361, 'en_sma_trend': False, 'sma_trend_fast': 178, 'sma_trend_slow': 376, 'en_macd': False, 'macd_fast': 57, 'macd_slow': 64, 'macd_signal': 54, 'en_vwap': True, 'en_keltner': True, 'keltner_n': 49, 'keltner_m': 4.5, 'en_obv': False, 'obv_slope': 168, 'en_cci': False, 'cci_n': 2, 'cci_threshold': 90, 'en_rsi': True, 'rsi_n': 25, 'rsi_lower': 19, 'rsi_upper': 58, 'en_stochastic': False, 'stochastic_n': 71, 'stochastic_d': 34, 'stochastic_lower': 44, 'stochastic_upper': 94, 'en_mfi': False, 'mfi_n': 41, 'mfi_lower': 2, 'mfi_upper': 95, 'en_bollinger': True, 'bollinger_n': 62, 'bollinger_k': 4.8, 'en_adx': True, 'adx_n': 2, 'adx_threshold': 26, 'en_structure_trend': True, 'structure_trend_swing_l': 11, 'en_order_block': False, 'order_block_swing_l': 12, 'en_fvg': True, 'fvg_lookback': 45, 'en_ifvg': False, 'en_breaker': False, 'breaker_swing_l': 18, 'en_cisd': True, 'k': 3, 'en_cap_bars': False, 'cap_1min': 1165}.
[I 2026-07-13 16:56:39,470] Trial 64 pruned. 
[I 2026-07-13 16:56:41,155] Trial 65 pruned. 
[I 2026-07-13 16:56:49,054] Trial 66 pruned. 
[I 2026-07-13 16:56:50,390] Trial 67 pruned. 
[I 2026-07-13 16:56:51,552] Trial 68 pruned. 
[I 2026-07-13 16:56:52,808] Trial 69 pruned. 
[I 2026-07-13 16:56:54,973] Trial 70 pruned. 
[I 2026-07-13 16:56:58,668] Trial 71 finished with values: [367.1885822668173, -435.00000000001364, 44.150000000000006] and parameters: {'sl_soft': 1.0860152683938593, 'sl_hard_delta': 2.911804370090404, 'tp': 3.8454001470748493, 'gate_pct': 86.68863637915473, 'dd_limit': 235.57837541012853, 'cooldown': 13, 'flip': False, 'en_ema_trend': False, 'ema_trend_fast': 121, 'ema_trend_slow': 364, 'en_sma_trend': False, 'sma_trend_fast': 45, 'sma_trend_slow': 14, 'en_macd': False, 'macd_fast': 52, 'macd_slow': 18, 'macd_signal': 45, 'en_vwap': True, 'en_keltner': True, 'keltner_n': 68, 'keltner_m': 1.5, 'en_obv': False, 'obv_slope': 7, 'en_cci': True, 'cci_n': 43, 'cci_threshold': 60, 'en_rsi': True, 'rsi_n': 95, 'rsi_lower': 7, 'rsi_upper': 94, 'en_stochastic': False, 'stochastic_n': 8, 'stochastic_d': 40, 'stochastic_lower': 40, 'stochastic_upper': 87, 'en_mfi': True, 'mfi_n': 45, 'mfi_lower': 16, 'mfi_upper': 61, 'en_bollinger': True, 'bollinger_n': 125, 'bollinger_k': 2.9000000000000004, 'en_adx': False, 'adx_n': 31, 'adx_threshold': 26, 'en_structure_trend': True, 'structure_trend_swing_l': 19, 'en_order_block': False, 'order_block_swing_l': 14, 'en_fvg': False, 'fvg_lookback': 14, 'en_ifvg': True, 'en_breaker': True, 'breaker_swing_l': 3, 'en_cisd': True, 'k': 1, 'en_cap_bars': True, 'cap_1min': 995}.
[I 2026-07-13 16:57:01,519] Trial 72 pruned. 
[I 2026-07-13 16:57:02,523] Trial 73 pruned. 
[I 2026-07-13 16:57:03,647] Trial 74 pruned. 
[I 2026-07-13 16:57:11,864] Trial 75 finished with values: [-35.19144753828414, -619.9310554841645, 59.6] and parameters: {'sl_soft': 2.2303744139153214, 'sl_hard_delta': 1.32927237420809, 'tp': 1.961025678440103, 'gate_pct': 74.64771504966384, 'dd_limit': 303.98551158454603, 'cooldown': 7, 'flip': True, 'en_ema_trend': False, 'ema_trend_fast': 351, 'ema_trend_slow': 112, 'en_sma_trend': False, 'sma_trend_fast': 337, 'sma_trend_slow': 298, 'en_macd': False, 'macd_fast': 25, 'macd_slow': 98, 'macd_signal': 87, 'en_vwap': False, 'en_keltner': False, 'keltner_n': 80, 'keltner_m': 3.9000000000000004, 'en_obv': False, 'obv_slope': 185, 'en_cci': True, 'cci_n': 88, 'cci_threshold': 250, 'en_rsi': True, 'rsi_n': 58, 'rsi_lower': 11, 'rsi_upper': 94, 'en_stochastic': True, 'stochastic_n': 77, 'stochastic_d': 24, 'stochastic_lower': 34, 'stochastic_upper': 53, 'en_mfi': True, 'mfi_n': 13, 'mfi_lower': 23, 'mfi_upper': 51, 'en_bollinger': False, 'bollinger_n': 92, 'bollinger_k': 1.5, 'en_adx': False, 'adx_n': 67, 'adx_threshold': 35, 'en_structure_trend': True, 'structure_trend_swing_l': 18, 'en_order_block': True, 'order_block_swing_l': 13, 'en_fvg': False, 'fvg_lookback': 41, 'en_ifvg': False, 'en_breaker': False, 'breaker_swing_l': 9, 'en_cisd': False, 'k': 4, 'en_cap_bars': False, 'cap_1min': 651}.
[I 2026-07-13 16:57:13,388] Trial 76 pruned. 
[I 2026-07-13 16:57:15,803] Trial 77 pruned. 
[I 2026-07-13 16:57:16,141] Trial 78 pruned. 
[I 2026-07-13 16:57:17,589] Trial 79 pruned. 
[I 2026-07-13 16:57:17,877] Trial 80 pruned. 
[I 2026-07-13 16:57:20,875] Trial 81 finished with values: [-497.00315268028703, -1406.7768961986985, 35.75] and parameters: {'sl_soft': 2.1563410039391773, 'sl_hard_delta': 2.9791969200342447, 'tp': 3.1314105561124697, 'gate_pct': 83.33433192606572, 'dd_limit': 156.63502965786031, 'cooldown': 26, 'flip': False, 'en_ema_trend': True, 'ema_trend_fast': 176, 'ema_trend_slow': 150, 'en_sma_trend': False, 'sma_trend_fast': 275, 'sma_trend_slow': 231, 'en_macd': True, 'macd_fast': 6, 'macd_slow': 111, 'macd_signal': 60, 'en_vwap': True, 'en_keltner': False, 'keltner_n': 129, 'keltner_m': 0.9, 'en_obv': True, 'obv_slope': 141, 'en_cci': False, 'cci_n': 12, 'cci_threshold': 45, 'en_rsi': False, 'rsi_n': 67, 'rsi_lower': 29, 'rsi_upper': 86, 'en_stochastic': False, 'stochastic_n': 74, 'stochastic_d': 30, 'stochastic_lower': 27, 'stochastic_upper': 86, 'en_mfi': False, 'mfi_n': 10, 'mfi_lower': 17, 'mfi_upper': 62, 'en_bollinger': False, 'bollinger_n': 20, 'bollinger_k': 3.8000000000000003, 'en_adx': False, 'adx_n': 68, 'adx_threshold': 48, 'en_structure_trend': False, 'structure_trend_swing_l': 15, 'en_order_block': False, 'order_block_swing_l': 12, 'en_fvg': True, 'fvg_lookback': 23, 'en_ifvg': True, 'en_breaker': True, 'breaker_swing_l': 16, 'en_cisd': False, 'k': 1, 'en_cap_bars': True, 'cap_1min': 304}.
[I 2026-07-13 16:57:23,623] Trial 82 pruned. 
[I 2026-07-13 16:57:24,434] Trial 83 pruned. 
[I 2026-07-13 16:57:25,726] Trial 84 pruned. 
[I 2026-07-13 16:57:27,635] Trial 85 pruned. 
[I 2026-07-13 16:57:28,024] Trial 86 pruned. 
[I 2026-07-13 16:57:30,651] Trial 87 pruned. 
[I 2026-07-13 16:57:36,825] Trial 88 finished with values: [483.43192681016944, -1013.8797189646311, 44.5] and parameters: {'sl_soft': 2.1707055193379876, 'sl_hard_delta': 0.14087145092155803, 'tp': 3.53066463191052, 'gate_pct': 58.77346993604095, 'dd_limit': 439.4689893251477, 'cooldown': 0, 'flip': True, 'en_ema_trend': True, 'ema_trend_fast': 13, 'ema_trend_slow': 236, 'en_sma_trend': False, 'sma_trend_fast': 337, 'sma_trend_slow': 300, 'en_macd': True, 'macd_fast': 33, 'macd_slow': 124, 'macd_signal': 22, 'en_vwap': True, 'en_keltner': True, 'keltner_n': 178, 'keltner_m': 4.8, 'en_obv': False, 'obv_slope': 50, 'en_cci': False, 'cci_n': 32, 'cci_threshold': 40, 'en_rsi': True, 'rsi_n': 5, 'rsi_lower': 11, 'rsi_upper': 67, 'en_stochastic': False, 'stochastic_n': 80, 'stochastic_d': 35, 'stochastic_lower': 44, 'stochastic_upper': 74, 'en_mfi': True, 'mfi_n': 2, 'mfi_lower': 12, 'mfi_upper': 61, 'en_bollinger': True, 'bollinger_n': 52, 'bollinger_k': 2.8000000000000003, 'en_adx': False, 'adx_n': 48, 'adx_threshold': 44, 'en_structure_trend': False, 'structure_trend_swing_l': 20, 'en_order_block': False, 'order_block_swing_l': 9, 'en_fvg': False, 'fvg_lookback': 19, 'en_ifvg': False, 'en_breaker': True, 'breaker_swing_l': 5, 'en_cisd': True, 'k': 1, 'en_cap_bars': True, 'cap_1min': 1416}.
[I 2026-07-13 16:57:37,948] Trial 89 pruned. 
[I 2026-07-13 16:57:39,199] Trial 90 pruned. 
[I 2026-07-13 16:57:49,480] Trial 91 finished with values: [131.75799207832597, -213.8995330668422, 94.45] and parameters: {'sl_soft': 1.981810592659986, 'sl_hard_delta': 0.7746276558254105, 'tp': 0.6174429178166505, 'gate_pct': 95.28097951734324, 'dd_limit': 284.01961970925504, 'cooldown': 15, 'flip': True, 'en_ema_trend': True, 'ema_trend_fast': 29, 'ema_trend_slow': 226, 'en_sma_trend': True, 'sma_trend_fast': 145, 'sma_trend_slow': 400, 'en_macd': False, 'macd_fast': 20, 'macd_slow': 185, 'macd_signal': 11, 'en_vwap': True, 'en_keltner': True, 'keltner_n': 13, 'keltner_m': 1.5, 'en_obv': True, 'obv_slope': 120, 'en_cci': True, 'cci_n': 72, 'cci_threshold': 220, 'en_rsi': True, 'rsi_n': 33, 'rsi_lower': 11, 'rsi_upper': 68, 'en_stochastic': True, 'stochastic_n': 2, 'stochastic_d': 13, 'stochastic_lower': 42, 'stochastic_upper': 90, 'en_mfi': True, 'mfi_n': 20, 'mfi_lower': 16, 'mfi_upper': 71, 'en_bollinger': True, 'bollinger_n': 100, 'bollinger_k': 0.5, 'en_adx': False, 'adx_n': 23, 'adx_threshold': 18, 'en_structure_trend': True, 'structure_trend_swing_l': 4, 'en_order_block': False, 'order_block_swing_l': 6, 'en_fvg': False, 'fvg_lookback': 8, 'en_ifvg': True, 'en_breaker': True, 'breaker_swing_l': 18, 'en_cisd': True, 'k': 1, 'en_cap_bars': True, 'cap_1min': 392}.
[I 2026-07-13 16:57:50,449] Trial 92 pruned. 
[I 2026-07-13 16:57:52,898] Trial 93 pruned. 
[I 2026-07-13 16:57:54,036] Trial 94 pruned. 
[I 2026-07-13 16:57:55,953] Trial 95 pruned. 
[I 2026-07-13 16:57:57,209] Trial 96 pruned. 
[I 2026-07-13 16:58:04,540] Trial 97 finished with values: [147.7790689314361, -402.20181939971553, 42.9] and parameters: {'sl_soft': 0.7588210649909255, 'sl_hard_delta': 1.5558577310072028, 'tp': 2.6856596809459763, 'gate_pct': 96.7516051221724, 'dd_limit': 388.6442032455649, 'cooldown': 5, 'flip': True, 'en_ema_trend': False, 'ema_trend_fast': 282, 'ema_trend_slow': 334, 'en_sma_trend': False, 'sma_trend_fast': 268, 'sma_trend_slow': 29, 'en_macd': False, 'macd_fast': 88, 'macd_slow': 167, 'macd_signal': 24, 'en_vwap': False, 'en_keltner': False, 'keltner_n': 46, 'keltner_m': 0.9, 'en_obv': True, 'obv_slope': 177, 'en_cci': True, 'cci_n': 128, 'cci_threshold': 45, 'en_rsi': False, 'rsi_n': 6, 'rsi_lower': 38, 'rsi_upper': 55, 'en_stochastic': True, 'stochastic_n': 86, 'stochastic_d': 14, 'stochastic_lower': 40, 'stochastic_upper': 72, 'en_mfi': True, 'mfi_n': 45, 'mfi_lower': 13, 'mfi_upper': 73, 'en_bollinger': True, 'bollinger_n': 127, 'bollinger_k': 2.7, 'en_adx': False, 'adx_n': 35, 'adx_threshold': 20, 'en_structure_trend': False, 'structure_trend_swing_l': 17, 'en_order_block': False, 'order_block_swing_l': 12, 'en_fvg': False, 'fvg_lookback': 38, 'en_ifvg': False, 'en_breaker': True, 'breaker_swing_l': 15, 'en_cisd': False, 'k': 4, 'en_cap_bars': True, 'cap_1min': 85}.
[I 2026-07-13 16:58:05,860] Trial 98 pruned. 
[I 2026-07-13 16:58:08,199] Trial 99 pruned. 
[I 2026-07-13 16:58:09,463] Trial 100 pruned. 
[I 2026-07-13 16:58:10,528] Trial 101 pruned. 
[I 2026-07-13 16:58:12,570] Trial 102 pruned. 
[I 2026-07-13 16:58:13,672] Trial 103 pruned. 
[I 2026-07-13 16:58:21,611] Trial 104 finished with values: [-264.64677803414247, -304.44207375824135, 46.45] and parameters: {'sl_soft': 1.6648620647362433, 'sl_hard_delta': 2.1239794104285994, 'tp': 1.4267661098294206, 'gate_pct': 92.80779954528938, 'dd_limit': 176.09956516986765, 'cooldown': 17, 'flip': True, 'en_ema_trend': True, 'ema_trend_fast': 364, 'ema_trend_slow': 102, 'en_sma_trend': True, 'sma_trend_fast': 370, 'sma_trend_slow': 339, 'en_macd': True, 'macd_fast': 31, 'macd_slow': 18, 'macd_signal': 17, 'en_vwap': False, 'en_keltner': True, 'keltner_n': 178, 'keltner_m': 4.8, 'en_obv': False, 'obv_slope': 15, 'en_cci': False, 'cci_n': 7, 'cci_threshold': 65, 'en_rsi': True, 'rsi_n': 73, 'rsi_lower': 15, 'rsi_upper': 81, 'en_stochastic': False, 'stochastic_n': 63, 'stochastic_d': 29, 'stochastic_lower': 45, 'stochastic_upper': 87, 'en_mfi': False, 'mfi_n': 70, 'mfi_lower': 12, 'mfi_upper': 81, 'en_bollinger': True, 'bollinger_n': 62, 'bollinger_k': 4.4, 'en_adx': True, 'adx_n': 20, 'adx_threshold': 28, 'en_structure_trend': False, 'structure_trend_swing_l': 3, 'en_order_block': False, 'order_block_swing_l': 17, 'en_fvg': False, 'fvg_lookback': 25, 'en_ifvg': False, 'en_breaker': True, 'breaker_swing_l': 15, 'en_cisd': False, 'k': 4, 'en_cap_bars': True, 'cap_1min': 126}.
[I 2026-07-13 16:58:22,723] Trial 105 pruned. 
[I 2026-07-13 16:58:25,027] Trial 106 pruned. 
[I 2026-07-13 16:58:26,755] Trial 107 pruned. 
[I 2026-07-13 16:58:27,782] Trial 108 pruned. 
[I 2026-07-13 16:58:29,028] Trial 109 pruned. 
[I 2026-07-13 16:58:30,740] Trial 110 pruned. 
[I 2026-07-13 16:58:31,869] Trial 111 pruned. 
[I 2026-07-13 16:58:35,419] Trial 112 pruned. 
[I 2026-07-13 16:58:36,565] Trial 113 pruned. 
[I 2026-07-13 16:58:37,382] Trial 114 pruned. 
[I 2026-07-13 16:58:39,007] Trial 115 pruned. 
[I 2026-07-13 16:58:39,998] Trial 116 pruned. 
[I 2026-07-13 16:58:41,113] Trial 117 pruned. 
[I 2026-07-13 16:58:45,190] Trial 118 finished with values: [-34.05614261574215, -207.38364477258528, 55.0] and parameters: {'sl_soft': 0.8612621469910683, 'sl_hard_delta': 0.8244393445390031, 'tp': 1.0190142980390196, 'gate_pct': 26.3517884829504, 'dd_limit': 190.1331512882937, 'cooldown': 27, 'flip': True, 'en_ema_trend': True, 'ema_trend_fast': 23, 'ema_trend_slow': 125, 'en_sma_trend': True, 'sma_trend_fast': 357, 'sma_trend_slow': 329, 'en_macd': False, 'macd_fast': 52, 'macd_slow': 53, 'macd_signal': 61, 'en_vwap': True, 'en_keltner': True, 'keltner_n': 94, 'keltner_m': 4.1, 'en_obv': False, 'obv_slope': 167, 'en_cci': False, 'cci_n': 37, 'cci_threshold': 145, 'en_rsi': False, 'rsi_n': 97, 'rsi_lower': 13, 'rsi_upper': 57, 'en_stochastic': False, 'stochastic_n': 63, 'stochastic_d': 36, 'stochastic_lower': 33, 'stochastic_upper': 62, 'en_mfi': False, 'mfi_n': 80, 'mfi_lower': 8, 'mfi_upper': 70, 'en_bollinger': True, 'bollinger_n': 136, 'bollinger_k': 3.9000000000000004, 'en_adx': False, 'adx_n': 62, 'adx_threshold': 32, 'en_structure_trend': True, 'structure_trend_swing_l': 14, 'en_order_block': False, 'order_block_swing_l': 18, 'en_fvg': True, 'fvg_lookback': 47, 'en_ifvg': True, 'en_breaker': True, 'breaker_swing_l': 10, 'en_cisd': False, 'k': 4, 'en_cap_bars': False, 'cap_1min': 332}.
[I 2026-07-13 16:58:48,440] Trial 119 pruned. 
