[I 2026-07-13 16:58:49,440] Trial 120 finished with values: [-648.7806807502352, -1273.9857414154585, 72.80000000000001] and parameters: {'sl_soft': 1.8478332232711472, 'sl_hard_delta': 1.770257994851147, 'tp': 0.746091370336202, 'gate_pct': 80.70603145468111, 'dd_limit': 103.05553036107877, 'cooldown': 6, 'flip': False, 'en_ema_trend': True, 'ema_trend_fast': 375, 'ema_trend_slow': 53, 'en_sma_trend': False, 'sma_trend_fast': 357, 'sma_trend_slow': 56, 'en_macd': True, 'macd_fast': 57, 'macd_slow': 58, 'macd_signal': 34, 'en_vwap': True, 'en_keltner': False, 'keltner_n': 68, 'keltner_m': 1.2000000000000002, 'en_obv': True, 'obv_slope': 120, 'en_cci': True, 'cci_n': 40, 'cci_threshold': 85, 'en_rsi': False, 'rsi_n': 34, 'rsi_lower': 36, 'rsi_upper': 64, 'en_stochastic': False, 'stochastic_n': 93, 'stochastic_d': 6, 'stochastic_lower': 10, 'stochastic_upper': 73, 'en_mfi': False, 'mfi_n': 67, 'mfi_lower': 17, 'mfi_upper': 51, 'en_bollinger': False, 'bollinger_n': 40, 'bollinger_k': 4.2, 'en_adx': True, 'adx_n': 28, 'adx_threshold': 7, 'en_structure_trend': False, 'structure_trend_swing_l': 1, 'en_order_block': False, 'order_block_swing_l': 8, 'en_fvg': True, 'fvg_lookback': 13, 'en_ifvg': False, 'en_breaker': False, 'breaker_swing_l': 14, 'en_cisd': True, 'k': 2, 'en_cap_bars': True, 'cap_1min': 803}.
[I 2026-07-13 16:58:50,840] Trial 121 pruned. 
[I 2026-07-13 16:58:59,468] Trial 122 finished with values: [-469.7182045607974, -586.3321322900447, 16.25] and parameters: {'sl_soft': 0.5612427406520641, 'sl_hard_delta': 1.4294636537277026, 'tp': 2.1547701429581334, 'gate_pct': 42.37120833684469, 'dd_limit': 504.12940677292096, 'cooldown': 18, 'flip': False, 'en_ema_trend': False, 'ema_trend_fast': 196, 'ema_trend_slow': 8, 'en_sma_trend': True, 'sma_trend_fast': 271, 'sma_trend_slow': 242, 'en_macd': False, 'macd_fast': 69, 'macd_slow': 154, 'macd_signal': 12, 'en_vwap': True, 'en_keltner': True, 'keltner_n': 3, 'keltner_m': 3.3000000000000003, 'en_obv': True, 'obv_slope': 188, 'en_cci': False, 'cci_n': 156, 'cci_threshold': 300, 'en_rsi': False, 'rsi_n': 52, 'rsi_lower': 18, 'rsi_upper': 59, 'en_stochastic': False, 'stochastic_n': 66, 'stochastic_d': 9, 'stochastic_lower': 40, 'stochastic_upper': 63, 'en_mfi': False, 'mfi_n': 72, 'mfi_lower': 13, 'mfi_upper': 75, 'en_bollinger': False, 'bollinger_n': 96, 'bollinger_k': 4.6000000000000005, 'en_adx': True, 'adx_n': 56, 'adx_threshold': 7, 'en_structure_trend': False, 'structure_trend_swing_l': 15, 'en_order_block': True, 'order_block_swing_l': 18, 'en_fvg': True, 'fvg_lookback': 25, 'en_ifvg': True, 'en_breaker': True, 'breaker_swing_l': 14, 'en_cisd': True, 'k': 2, 'en_cap_bars': True, 'cap_1min': 652}.
[I 2026-07-13 16:59:00,596] Trial 123 pruned. 
[I 2026-07-13 16:59:01,966] Trial 124 pruned. 
[I 2026-07-13 16:59:10,261] Trial 125 finished with values: [-446.4766920522379, -683.1995959258165, 46.45] and parameters: {'sl_soft': 1.9678136231182255, 'sl_hard_delta': 0.13446041975836817, 'tp': 1.051926381619864, 'gate_pct': 80.28577378768065, 'dd_limit': 464.4008537020936, 'cooldown': 10, 'flip': False, 'en_ema_trend': False, 'ema_trend_fast': 101, 'ema_trend_slow': 238, 'en_sma_trend': True, 'sma_trend_fast': 188, 'sma_trend_slow': 55, 'en_macd': True, 'macd_fast': 6, 'macd_slow': 125, 'macd_signal': 4, 'en_vwap': True, 'en_keltner': True, 'keltner_n': 154, 'keltner_m': 4.300000000000001, 'en_obv': True, 'obv_slope': 116, 'en_cci': False, 'cci_n': 91, 'cci_threshold': 155, 'en_rsi': False, 'rsi_n': 95, 'rsi_lower': 15, 'rsi_upper': 63, 'en_stochastic': True, 'stochastic_n': 55, 'stochastic_d': 50, 'stochastic_lower': 11, 'stochastic_upper': 77, 'en_mfi': False, 'mfi_n': 84, 'mfi_lower': 12, 'mfi_upper': 54, 'en_bollinger': False, 'bollinger_n': 161, 'bollinger_k': 3.4000000000000004, 'en_adx': False, 'adx_n': 31, 'adx_threshold': 57, 'en_structure_trend': True, 'structure_trend_swing_l': 17, 'en_order_block': True, 'order_block_swing_l': 14, 'en_fvg': True, 'fvg_lookback': 48, 'en_ifvg': True, 'en_breaker': True, 'breaker_swing_l': 20, 'en_cisd': False, 'k': 2, 'en_cap_bars': False, 'cap_1min': 469}.
[I 2026-07-13 16:59:11,495] Trial 126 pruned. 
[I 2026-07-13 16:59:12,827] Trial 127 pruned. 
[I 2026-07-13 16:59:13,752] Trial 128 pruned. 
[I 2026-07-13 16:59:18,270] Trial 129 finished with values: [1475.7923374260315, -1680.5017974558268, 54.099999999999994] and parameters: {'sl_soft': 2.1640479983765797, 'sl_hard_delta': 2.239563723993085, 'tp': 3.7540113313657417, 'gate_pct': 99.4309621818079, 'dd_limit': 10.587974375936389, 'cooldown': 4, 'flip': False, 'en_ema_trend': True, 'ema_trend_fast': 279, 'ema_trend_slow': 279, 'en_sma_trend': False, 'sma_trend_fast': 108, 'sma_trend_slow': 306, 'en_macd': False, 'macd_fast': 59, 'macd_slow': 126, 'macd_signal': 39, 'en_vwap': False, 'en_keltner': True, 'keltner_n': 186, 'keltner_m': 1.2000000000000002, 'en_obv': False, 'obv_slope': 119, 'en_cci': False, 'cci_n': 160, 'cci_threshold': 30, 'en_rsi': True, 'rsi_n': 77, 'rsi_lower': 43, 'rsi_upper': 85, 'en_stochastic': False, 'stochastic_n': 88, 'stochastic_d': 41, 'stochastic_lower': 2, 'stochastic_upper': 91, 'en_mfi': True, 'mfi_n': 54, 'mfi_lower': 38, 'mfi_upper': 72, 'en_bollinger': True, 'bollinger_n': 138, 'bollinger_k': 4.1, 'en_adx': False, 'adx_n': 46, 'adx_threshold': 28, 'en_structure_trend': True, 'structure_trend_swing_l': 6, 'en_order_block': False, 'order_block_swing_l': 9, 'en_fvg': True, 'fvg_lookback': 3, 'en_ifvg': False, 'en_breaker': True, 'breaker_swing_l': 20, 'en_cisd': False, 'k': 4, 'en_cap_bars': False, 'cap_1min': 311}.
[I 2026-07-13 16:59:27,131] Trial 130 finished with values: [-75.4465084208448, -485.16540182188237, 33.2] and parameters: {'sl_soft': 1.574399983026598, 'sl_hard_delta': 0.4264270260828769, 'tp': 3.191005314373271, 'gate_pct': 67.43945106994327, 'dd_limit': 399.42561382419785, 'cooldown': 18, 'flip': True, 'en_ema_trend': True, 'ema_trend_fast': 385, 'ema_trend_slow': 349, 'en_sma_trend': True, 'sma_trend_fast': 253, 'sma_trend_slow': 346, 'en_macd': False, 'macd_fast': 51, 'macd_slow': 160, 'macd_signal': 61, 'en_vwap': True, 'en_keltner': True, 'keltner_n': 18, 'keltner_m': 4.1, 'en_obv': True, 'obv_slope': 31, 'en_cci': False, 'cci_n': 158, 'cci_threshold': 115, 'en_rsi': True, 'rsi_n': 99, 'rsi_lower': 25, 'rsi_upper': 70, 'en_stochastic': True, 'stochastic_n': 33, 'stochastic_d': 40, 'stochastic_lower': 39, 'stochastic_upper': 88, 'en_mfi': False, 'mfi_n': 7, 'mfi_lower': 21, 'mfi_upper': 53, 'en_bollinger': False, 'bollinger_n': 163, 'bollinger_k': 2.0, 'en_adx': False, 'adx_n': 5, 'adx_threshold': 9, 'en_structure_trend': False, 'structure_trend_swing_l': 12, 'en_order_block': False, 'order_block_swing_l': 1, 'en_fvg': False, 'fvg_lookback': 10, 'en_ifvg': True, 'en_breaker': True, 'breaker_swing_l': 20, 'en_cisd': True, 'k': 2, 'en_cap_bars': False, 'cap_1min': 801}.
[I 2026-07-13 16:59:28,912] Trial 131 pruned. 
[I 2026-07-13 16:59:32,229] Trial 132 pruned. 
[I 2026-07-13 16:59:33,546] Trial 133 pruned. 
[I 2026-07-13 16:59:37,714] Trial 134 finished with values: [-201.84117160993083, -539.8855683043166, 53.35] and parameters: {'sl_soft': 2.1971833450564624, 'sl_hard_delta': 3.000528021029801, 'tp': 1.8660887933889179, 'gate_pct': 74.50813821223942, 'dd_limit': 434.8338936907749, 'cooldown': 19, 'flip': True, 'en_ema_trend': False, 'ema_trend_fast': 55, 'ema_trend_slow': 291, 'en_sma_trend': True, 'sma_trend_fast': 142, 'sma_trend_slow': 384, 'en_macd': True, 'macd_fast': 56, 'macd_slow': 79, 'macd_signal': 86, 'en_vwap': True, 'en_keltner': False, 'keltner_n': 171, 'keltner_m': 1.7000000000000002, 'en_obv': False, 'obv_slope': 52, 'en_cci': True, 'cci_n': 132, 'cci_threshold': 25, 'en_rsi': True, 'rsi_n': 29, 'rsi_lower': 46, 'rsi_upper': 91, 'en_stochastic': False, 'stochastic_n': 8, 'stochastic_d': 7, 'stochastic_lower': 36, 'stochastic_upper': 88, 'en_mfi': True, 'mfi_n': 26, 'mfi_lower': 40, 'mfi_upper': 61, 'en_bollinger': True, 'bollinger_n': 198, 'bollinger_k': 2.6, 'en_adx': False, 'adx_n': 47, 'adx_threshold': 31, 'en_structure_trend': True, 'structure_trend_swing_l': 19, 'en_order_block': False, 'order_block_swing_l': 11, 'en_fvg': False, 'fvg_lookback': 24, 'en_ifvg': True, 'en_breaker': False, 'breaker_swing_l': 19, 'en_cisd': True, 'k': 3, 'en_cap_bars': True, 'cap_1min': 1002}.
[I 2026-07-13 16:59:39,669] Trial 135 pruned. 
[I 2026-07-13 16:59:50,556] Trial 136 finished with values: [-253.0816239286196, -613.0809909353957, 35.150000000000006] and parameters: {'sl_soft': 1.4908190759467794, 'sl_hard_delta': 2.4708007427613636, 'tp': 2.5095887153906724, 'gate_pct': 78.41015939543337, 'dd_limit': 11.276095451039913, 'cooldown': 10, 'flip': False, 'en_ema_trend': False, 'ema_trend_fast': 374, 'ema_trend_slow': 212, 'en_sma_trend': True, 'sma_trend_fast': 246, 'sma_trend_slow': 323, 'en_macd': True, 'macd_fast': 48, 'macd_slow': 186, 'macd_signal': 65, 'en_vwap': False, 'en_keltner': True, 'keltner_n': 32, 'keltner_m': 1.3, 'en_obv': False, 'obv_slope': 142, 'en_cci': False, 'cci_n': 24, 'cci_threshold': 80, 'en_rsi': True, 'rsi_n': 12, 'rsi_lower': 3, 'rsi_upper': 69, 'en_stochastic': True, 'stochastic_n': 21, 'stochastic_d': 43, 'stochastic_lower': 7, 'stochastic_upper': 96, 'en_mfi': True, 'mfi_n': 17, 'mfi_lower': 38, 'mfi_upper': 78, 'en_bollinger': False, 'bollinger_n': 106, 'bollinger_k': 2.1, 'en_adx': False, 'adx_n': 73, 'adx_threshold': 18, 'en_structure_trend': True, 'structure_trend_swing_l': 18, 'en_order_block': False, 'order_block_swing_l': 19, 'en_fvg': False, 'fvg_lookback': 14, 'en_ifvg': False, 'en_breaker': False, 'breaker_swing_l': 15, 'en_cisd': False, 'k': 5, 'en_cap_bars': False, 'cap_1min': 1380}.
[I 2026-07-13 16:59:53,303] Trial 137 pruned. 
[I 2026-07-13 16:59:53,912] Trial 138 pruned. 
[I 2026-07-13 16:59:55,335] Trial 139 pruned. 
[I 2026-07-13 16:59:56,984] Trial 140 pruned. 
[I 2026-07-13 16:59:57,753] Trial 141 pruned. 
[I 2026-07-13 16:59:58,939] Trial 142 pruned. 
[I 2026-07-13 17:00:09,160] Trial 143 finished with values: [-68.96456373000319, -650.4558669998914, 38.7] and parameters: {'sl_soft': 1.9282749152390148, 'sl_hard_delta': 0.34223259104524334, 'tp': 3.5139276977074547, 'gate_pct': 81.43219065749138, 'dd_limit': 390.2087279618219, 'cooldown': 6, 'flip': False, 'en_ema_trend': True, 'ema_trend_fast': 177, 'ema_trend_slow': 381, 'en_sma_trend': True, 'sma_trend_fast': 29, 'sma_trend_slow': 144, 'en_macd': True, 'macd_fast': 49, 'macd_slow': 149, 'macd_signal': 13, 'en_vwap': True, 'en_keltner': True, 'keltner_n': 17, 'keltner_m': 4.5, 'en_obv': True, 'obv_slope': 54, 'en_cci': True, 'cci_n': 87, 'cci_threshold': 290, 'en_rsi': False, 'rsi_n': 39, 'rsi_lower': 15, 'rsi_upper': 71, 'en_stochastic': True, 'stochastic_n': 97, 'stochastic_d': 40, 'stochastic_lower': 17, 'stochastic_upper': 72, 'en_mfi': True, 'mfi_n': 11, 'mfi_lower': 23, 'mfi_upper': 57, 'en_bollinger': False, 'bollinger_n': 78, 'bollinger_k': 1.1, 'en_adx': False, 'adx_n': 33, 'adx_threshold': 21, 'en_structure_trend': False, 'structure_trend_swing_l': 19, 'en_order_block': False, 'order_block_swing_l': 17, 'en_fvg': False, 'fvg_lookback': 30, 'en_ifvg': True, 'en_breaker': False, 'breaker_swing_l': 5, 'en_cisd': True, 'k': 5, 'en_cap_bars': False, 'cap_1min': 1332}.
[I 2026-07-13 17:00:11,906] Trial 144 pruned. 
[I 2026-07-13 17:00:13,357] Trial 145 pruned. 
[I 2026-07-13 17:00:14,558] Trial 146 pruned. 
[I 2026-07-13 17:00:24,876] Trial 147 finished with values: [460.57399298775294, -335.7855005843703, 60.35] and parameters: {'sl_soft': 0.6154913983821713, 'sl_hard_delta': 2.981985232474473, 'tp': 1.2921449941565541, 'gate_pct': 75.29895741667805, 'dd_limit': 241.42955722086123, 'cooldown': 11, 'flip': False, 'en_ema_trend': False, 'ema_trend_fast': 33, 'ema_trend_slow': 305, 'en_sma_trend': False, 'sma_trend_fast': 62, 'sma_trend_slow': 134, 'en_macd': True, 'macd_fast': 70, 'macd_slow': 193, 'macd_signal': 27, 'en_vwap': False, 'en_keltner': False, 'keltner_n': 3, 'keltner_m': 3.4000000000000004, 'en_obv': True, 'obv_slope': 38, 'en_cci': False, 'cci_n': 8, 'cci_threshold': 180, 'en_rsi': True, 'rsi_n': 46, 'rsi_lower': 3, 'rsi_upper': 61, 'en_stochastic': True, 'stochastic_n': 9, 'stochastic_d': 10, 'stochastic_lower': 40, 'stochastic_upper': 92, 'en_mfi': True, 'mfi_n': 95, 'mfi_lower': 24, 'mfi_upper': 93, 'en_bollinger': False, 'bollinger_n': 24, 'bollinger_k': 3.0, 'en_adx': False, 'adx_n': 77, 'adx_threshold': 32, 'en_structure_trend': True, 'structure_trend_swing_l': 9, 'en_order_block': False, 'order_block_swing_l': 1, 'en_fvg': True, 'fvg_lookback': 20, 'en_ifvg': False, 'en_breaker': False, 'breaker_swing_l': 20, 'en_cisd': True, 'k': 4, 'en_cap_bars': False, 'cap_1min': 1119}.
[I 2026-07-13 17:00:25,537] Trial 148 pruned. 
[I 2026-07-13 17:00:26,610] Trial 149 pruned. 
[I 2026-07-13 17:00:28,040] Trial 150 pruned. 
[I 2026-07-13 17:00:32,482] Trial 151 pruned. 
[I 2026-07-13 17:00:40,409] Trial 152 finished with values: [279.44757917007337, -531.2271492497985, 51.85] and parameters: {'sl_soft': 0.9336803825181932, 'sl_hard_delta': 0.03218716157238656, 'tp': 1.2548102965475247, 'gate_pct': 73.0036735816267, 'dd_limit': 390.2569167971573, 'cooldown': 20, 'flip': True, 'en_ema_trend': False, 'ema_trend_fast': 317, 'ema_trend_slow': 38, 'en_sma_trend': False, 'sma_trend_fast': 141, 'sma_trend_slow': 171, 'en_macd': False, 'macd_fast': 80, 'macd_slow': 47, 'macd_signal': 9, 'en_vwap': False, 'en_keltner': False, 'keltner_n': 77, 'keltner_m': 1.8, 'en_obv': False, 'obv_slope': 110, 'en_cci': True, 'cci_n': 125, 'cci_threshold': 30, 'en_rsi': True, 'rsi_n': 15, 'rsi_lower': 41, 'rsi_upper': 82, 'en_stochastic': True, 'stochastic_n': 89, 'stochastic_d': 3, 'stochastic_lower': 2, 'stochastic_upper': 77, 'en_mfi': False, 'mfi_n': 97, 'mfi_lower': 7, 'mfi_upper': 86, 'en_bollinger': False, 'bollinger_n': 32, 'bollinger_k': 3.8000000000000003, 'en_adx': False, 'adx_n': 17, 'adx_threshold': 6, 'en_structure_trend': True, 'structure_trend_swing_l': 11, 'en_order_block': True, 'order_block_swing_l': 9, 'en_fvg': True, 'fvg_lookback': 50, 'en_ifvg': False, 'en_breaker': False, 'breaker_swing_l': 17, 'en_cisd': False, 'k': 1, 'en_cap_bars': True, 'cap_1min': 272}.
[I 2026-07-13 17:00:42,666] Trial 153 pruned. 
[I 2026-07-13 17:00:44,055] Trial 154 pruned. 
[I 2026-07-13 17:00:45,366] Trial 155 pruned. 
[I 2026-07-13 17:00:47,457] Trial 156 pruned. 
[I 2026-07-13 17:00:48,384] Trial 157 pruned. 
[I 2026-07-13 17:00:49,589] Trial 158 pruned. 
[I 2026-07-13 17:00:57,353] Trial 159 finished with values: [-297.8619778621919, -707.1816950813627, 46.25] and parameters: {'sl_soft': 1.4665533501562584, 'sl_hard_delta': 2.103098616897364, 'tp': 1.5521220327911178, 'gate_pct': 62.75122947526989, 'dd_limit': 413.1031355436915, 'cooldown': 11, 'flip': False, 'en_ema_trend': False, 'ema_trend_fast': 88, 'ema_trend_slow': 231, 'en_sma_trend': False, 'sma_trend_fast': 387, 'sma_trend_slow': 194, 'en_macd': True, 'macd_fast': 71, 'macd_slow': 43, 'macd_signal': 14, 'en_vwap': True, 'en_keltner': False, 'keltner_n': 84, 'keltner_m': 3.7, 'en_obv': True, 'obv_slope': 180, 'en_cci': True, 'cci_n': 48, 'cci_threshold': 240, 'en_rsi': False, 'rsi_n': 36, 'rsi_lower': 8, 'rsi_upper': 81, 'en_stochastic': False, 'stochastic_n': 16, 'stochastic_d': 36, 'stochastic_lower': 38, 'stochastic_upper': 82, 'en_mfi': False, 'mfi_n': 52, 'mfi_lower': 23, 'mfi_upper': 97, 'en_bollinger': True, 'bollinger_n': 24, 'bollinger_k': 4.9, 'en_adx': True, 'adx_n': 88, 'adx_threshold': 11, 'en_structure_trend': False, 'structure_trend_swing_l': 13, 'en_order_block': False, 'order_block_swing_l': 19, 'en_fvg': False, 'fvg_lookback': 23, 'en_ifvg': False, 'en_breaker': False, 'breaker_swing_l': 1, 'en_cisd': True, 'k': 2, 'en_cap_bars': False, 'cap_1min': 884}.
[I 2026-07-13 17:00:57,616] Trial 160 pruned. 
[I 2026-07-13 17:00:59,086] Trial 161 pruned. 
[I 2026-07-13 17:01:01,434] Trial 162 pruned. 
[I 2026-07-13 17:01:02,974] Trial 163 pruned. 
[I 2026-07-13 17:01:04,017] Trial 164 pruned. 
[I 2026-07-13 17:01:06,628] Trial 165 finished with values: [81.02735893616, -734.0300518949562, 46.0] and parameters: {'sl_soft': 1.9350630208567414, 'sl_hard_delta': 1.5385591908455167, 'tp': 3.193021173802986, 'gate_pct': 50.62306212399367, 'dd_limit': 318.47303408491894, 'cooldown': 7, 'flip': False, 'en_ema_trend': True, 'ema_trend_fast': 374, 'ema_trend_slow': 70, 'en_sma_trend': True, 'sma_trend_fast': 190, 'sma_trend_slow': 272, 'en_macd': False, 'macd_fast': 72, 'macd_slow': 190, 'macd_signal': 59, 'en_vwap': False, 'en_keltner': False, 'keltner_n': 117, 'keltner_m': 4.6000000000000005, 'en_obv': True, 'obv_slope': 101, 'en_cci': True, 'cci_n': 135, 'cci_threshold': 125, 'en_rsi': True, 'rsi_n': 85, 'rsi_lower': 36, 'rsi_upper': 76, 'en_stochastic': False, 'stochastic_n': 89, 'stochastic_d': 32, 'stochastic_lower': 17, 'stochastic_upper': 60, 'en_mfi': False, 'mfi_n': 48, 'mfi_lower': 41, 'mfi_upper': 96, 'en_bollinger': False, 'bollinger_n': 64, 'bollinger_k': 3.4000000000000004, 'en_adx': False, 'adx_n': 70, 'adx_threshold': 54, 'en_structure_trend': False, 'structure_trend_swing_l': 12, 'en_order_block': True, 'order_block_swing_l': 10, 'en_fvg': False, 'fvg_lookback': 12, 'en_ifvg': False, 'en_breaker': False, 'breaker_swing_l': 6, 'en_cisd': False, 'k': 2, 'en_cap_bars': False, 'cap_1min': 1349}.
[I 2026-07-13 17:01:15,056] Trial 166 finished with values: [-424.66873092084825, -369.33746184170104, 20.85] and parameters: {'sl_soft': 1.643892558757436, 'sl_hard_delta': 2.3009481500717905, 'tp': 1.3566253815830354, 'gate_pct': 22.926972502704224, 'dd_limit': 378.1484053575827, 'cooldown': 26, 'flip': False, 'en_ema_trend': True, 'ema_trend_fast': 272, 'ema_trend_slow': 212, 'en_sma_trend': False, 'sma_trend_fast': 177, 'sma_trend_slow': 324, 'en_macd': False, 'macd_fast': 37, 'macd_slow': 179, 'macd_signal': 19, 'en_vwap': False, 'en_keltner': True, 'keltner_n': 67, 'keltner_m': 0.6, 'en_obv': True, 'obv_slope': 161, 'en_cci': False, 'cci_n': 53, 'cci_threshold': 95, 'en_rsi': False, 'rsi_n': 84, 'rsi_lower': 9, 'rsi_upper': 68, 'en_stochastic': False, 'stochastic_n': 85, 'stochastic_d': 47, 'stochastic_lower': 43, 'stochastic_upper': 86, 'en_mfi': False, 'mfi_n': 94, 'mfi_lower': 5, 'mfi_upper': 96, 'en_bollinger': True, 'bollinger_n': 56, 'bollinger_k': 2.7, 'en_adx': True, 'adx_n': 3, 'adx_threshold': 50, 'en_structure_trend': True, 'structure_trend_swing_l': 1, 'en_order_block': False, 'order_block_swing_l': 4, 'en_fvg': False, 'fvg_lookback': 34, 'en_ifvg': False, 'en_breaker': True, 'breaker_swing_l': 18, 'en_cisd': True, 'k': 1, 'en_cap_bars': False, 'cap_1min': 784}.
[I 2026-07-13 17:01:16,648] Trial 167 pruned. 
[I 2026-07-13 17:01:24,379] Trial 168 finished with values: [72.22267621332321, -237.25303597630045, 85.75] and parameters: {'sl_soft': 2.2098273575423732, 'sl_hard_delta': 2.145728223926894, 'tp': 0.6549392804740899, 'gate_pct': 83.20802785278097, 'dd_limit': 212.284904074767, 'cooldown': 4, 'flip': True, 'en_ema_trend': False, 'ema_trend_fast': 337, 'ema_trend_slow': 30, 'en_sma_trend': True, 'sma_trend_fast': 298, 'sma_trend_slow': 111, 'en_macd': False, 'macd_fast': 85, 'macd_slow': 166, 'macd_signal': 9, 'en_vwap': True, 'en_keltner': False, 'keltner_n': 105, 'keltner_m': 3.5, 'en_obv': True, 'obv_slope': 171, 'en_cci': True, 'cci_n': 171, 'cci_threshold': 260, 'en_rsi': True, 'rsi_n': 54, 'rsi_lower': 47, 'rsi_upper': 97, 'en_stochastic': True, 'stochastic_n': 100, 'stochastic_d': 4, 'stochastic_lower': 8, 'stochastic_upper': 57, 'en_mfi': False, 'mfi_n': 88, 'mfi_lower': 34, 'mfi_upper': 99, 'en_bollinger': True, 'bollinger_n': 129, 'bollinger_k': 1.8, 'en_adx': False, 'adx_n': 32, 'adx_threshold': 26, 'en_structure_trend': True, 'structure_trend_swing_l': 11, 'en_order_block': False, 'order_block_swing_l': 5, 'en_fvg': False, 'fvg_lookback': 27, 'en_ifvg': True, 'en_breaker': False, 'breaker_swing_l': 18, 'en_cisd': True, 'k': 4, 'en_cap_bars': True, 'cap_1min': 690}.
[I 2026-07-13 17:01:25,173] Trial 169 pruned. 
[I 2026-07-13 17:01:25,678] Trial 170 pruned. 
[I 2026-07-13 17:01:26,908] Trial 171 pruned. 
[I 2026-07-13 17:01:28,077] Trial 172 pruned. 
[I 2026-07-13 17:01:29,741] Trial 173 pruned. 
[I 2026-07-13 17:01:30,871] Trial 174 pruned. 
[I 2026-07-13 17:01:32,194] Trial 175 pruned. 
[I 2026-07-13 17:01:33,408] Trial 176 pruned. 
[I 2026-07-13 17:01:34,869] Trial 177 pruned. 
[I 2026-07-13 17:01:35,971] Trial 178 pruned. 
[I 2026-07-13 17:01:36,851] Trial 179 pruned. 
[I 2026-07-13 17:01:40,326] Trial 180 finished with values: [-117.13984875972301, -1848.8812735517058, 53.8] and parameters: {'sl_soft': 2.280236599515362, 'sl_hard_delta': 1.7157968729516722, 'tp': 2.698652209058792, 'gate_pct': 98.72479828405353, 'dd_limit': 498.9311820803506, 'cooldown': 10, 'flip': True, 'en_ema_trend': True, 'ema_trend_fast': 81, 'ema_trend_slow': 391, 'en_sma_trend': True, 'sma_trend_fast': 382, 'sma_trend_slow': 115, 'en_macd': True, 'macd_fast': 10, 'macd_slow': 23, 'macd_signal': 71, 'en_vwap': False, 'en_keltner': False, 'keltner_n': 146, 'keltner_m': 2.3, 'en_obv': False, 'obv_slope': 105, 'en_cci': True, 'cci_n': 67, 'cci_threshold': 30, 'en_rsi': False, 'rsi_n': 71, 'rsi_lower': 8, 'rsi_upper': 59, 'en_stochastic': False, 'stochastic_n': 71, 'stochastic_d': 41, 'stochastic_lower': 2, 'stochastic_upper': 79, 'en_mfi': False, 'mfi_n': 94, 'mfi_lower': 43, 'mfi_upper': 66, 'en_bollinger': True, 'bollinger_n': 37, 'bollinger_k': 3.7, 'en_adx': False, 'adx_n': 53, 'adx_threshold': 43, 'en_structure_trend': True, 'structure_trend_swing_l': 16, 'en_order_block': False, 'order_block_swing_l': 19, 'en_fvg': True, 'fvg_lookback': 20, 'en_ifvg': False, 'en_breaker': True, 'breaker_swing_l': 7, 'en_cisd': True, 'k': 5, 'en_cap_bars': True, 'cap_1min': 686}.
[I 2026-07-13 17:01:41,442] Trial 181 pruned. 
[I 2026-07-13 17:01:43,129] Trial 182 pruned. 
[I 2026-07-13 17:01:44,048] Trial 183 pruned. 
