[I 2026-07-13 17:22:43,869] Trial 805 finished with values: [-62.73817964623731, -495.28305888636623, 41.2] and parameters: {'sl_soft': 0.7459429677562495, 'sl_hard_delta': 1.265225171181504, 'tp': 2.1501795169605638, 'gate_pct': 95.28097951734324, 'dd_limit': 122.33756046500012, 'cooldown': 14, 'flip': True, 'en_ema_trend': True, 'ema_trend_fast': 29, 'ema_trend_slow': 226, 'en_sma_trend': True, 'sma_trend_fast': 145, 'sma_trend_slow': 400, 'en_macd': False, 'macd_fast': 25, 'macd_slow': 47, 'macd_signal': 10, 'en_vwap': True, 'en_keltner': True, 'keltner_n': 13, 'keltner_m': 1.5, 'en_obv': True, 'obv_slope': 120, 'en_cci': True, 'cci_n': 72, 'cci_threshold': 220, 'en_rsi': True, 'rsi_n': 33, 'rsi_lower': 28, 'rsi_upper': 68, 'en_stochastic': True, 'stochastic_n': 25, 'stochastic_d': 3, 'stochastic_lower': 3, 'stochastic_upper': 97, 'en_mfi': False, 'mfi_n': 51, 'mfi_lower': 20, 'mfi_upper': 71, 'en_bollinger': False, 'bollinger_n': 100, 'bollinger_k': 4.7, 'en_adx': False, 'adx_n': 23, 'adx_threshold': 21, 'en_structure_trend': True, 'structure_trend_swing_l': 8, 'en_order_block': False, 'order_block_swing_l': 1, 'en_fvg': False, 'fvg_lookback': 29, 'en_ifvg': True, 'en_breaker': True, 'breaker_swing_l': 6, 'en_cisd': True, 'k': 3, 'en_cap_bars': True, 'cap_1min': 392}.
[I 2026-07-13 17:22:44,387] Trial 806 finished with values: [-320.5748984920433, -1028.0303329731396, 55.95] and parameters: {'sl_soft': 3.398298896849534, 'sl_hard_delta': 0.24686669406356115, 'tp': 2.1501795169605638, 'gate_pct': 73.0036735816267, 'dd_limit': 122.33756046500012, 'cooldown': 3, 'flip': True, 'en_ema_trend': True, 'ema_trend_fast': 29, 'ema_trend_slow': 196, 'en_sma_trend': True, 'sma_trend_fast': 232, 'sma_trend_slow': 396, 'en_macd': False, 'macd_fast': 98, 'macd_slow': 21, 'macd_signal': 10, 'en_vwap': False, 'en_keltner': True, 'keltner_n': 177, 'keltner_m': 3.9000000000000004, 'en_obv': True, 'obv_slope': 107, 'en_cci': False, 'cci_n': 23, 'cci_threshold': 280, 'en_rsi': False, 'rsi_n': 49, 'rsi_lower': 41, 'rsi_upper': 90, 'en_stochastic': True, 'stochastic_n': 25, 'stochastic_d': 3, 'stochastic_lower': 3, 'stochastic_upper': 97, 'en_mfi': True, 'mfi_n': 41, 'mfi_lower': 8, 'mfi_upper': 88, 'en_bollinger': True, 'bollinger_n': 9, 'bollinger_k': 4.7, 'en_adx': False, 'adx_n': 19, 'adx_threshold': 11, 'en_structure_trend': True, 'structure_trend_swing_l': 8, 'en_order_block': True, 'order_block_swing_l': 7, 'en_fvg': False, 'fvg_lookback': 34, 'en_ifvg': True, 'en_breaker': False, 'breaker_swing_l': 8, 'en_cisd': True, 'k': 4, 'en_cap_bars': True, 'cap_1min': 689}.
[I 2026-07-13 17:22:44,710] Trial 807 finished with values: [297.6208725787217, -565.8295148391517, 46.95] and parameters: {'sl_soft': 1.5128727017605812, 'sl_hard_delta': 3.3389442785612586, 'tp': 2.9458524258041714, 'gate_pct': 54.8778799805964, 'dd_limit': 434.8338936907749, 'cooldown': 8, 'flip': True, 'en_ema_trend': False, 'ema_trend_fast': 317, 'ema_trend_slow': 139, 'en_sma_trend': True, 'sma_trend_fast': 266, 'sma_trend_slow': 143, 'en_macd': True, 'macd_fast': 80, 'macd_slow': 48, 'macd_signal': 86, 'en_vwap': True, 'en_keltner': False, 'keltner_n': 137, 'keltner_m': 3.1, 'en_obv': True, 'obv_slope': 8, 'en_cci': False, 'cci_n': 110, 'cci_threshold': 195, 'en_rsi': False, 'rsi_n': 67, 'rsi_lower': 7, 'rsi_upper': 69, 'en_stochastic': False, 'stochastic_n': 97, 'stochastic_d': 5, 'stochastic_lower': 16, 'stochastic_upper': 57, 'en_mfi': True, 'mfi_n': 61, 'mfi_lower': 10, 'mfi_upper': 86, 'en_bollinger': False, 'bollinger_n': 115, 'bollinger_k': 2.6, 'en_adx': False, 'adx_n': 18, 'adx_threshold': 19, 'en_structure_trend': False, 'structure_trend_swing_l': 10, 'en_order_block': True, 'order_block_swing_l': 6, 'en_fvg': True, 'fvg_lookback': 36, 'en_ifvg': False, 'en_breaker': True, 'breaker_swing_l': 17, 'en_cisd': True, 'k': 4, 'en_cap_bars': True, 'cap_1min': 652}.
[I 2026-07-13 17:22:45,062] Trial 808 finished with values: [543.5785425074357, -600.1834089784779, 46.6] and parameters: {'sl_soft': 1.0063442051374751, 'sl_hard_delta': 2.905993056033855, 'tp': 2.034778180267182, 'gate_pct': 54.8778799805964, 'dd_limit': 434.8338936907749, 'cooldown': 9, 'flip': True, 'en_ema_trend': True, 'ema_trend_fast': 317, 'ema_trend_slow': 16, 'en_sma_trend': False, 'sma_trend_fast': 266, 'sma_trend_slow': 242, 'en_macd': False, 'macd_fast': 80, 'macd_slow': 150, 'macd_signal': 86, 'en_vwap': True, 'en_keltner': True, 'keltner_n': 116, 'keltner_m': 1.8, 'en_obv': True, 'obv_slope': 8, 'en_cci': True, 'cci_n': 3, 'cci_threshold': 195, 'en_rsi': False, 'rsi_n': 67, 'rsi_lower': 28, 'rsi_upper': 91, 'en_stochastic': False, 'stochastic_n': 16, 'stochastic_d': 31, 'stochastic_lower': 48, 'stochastic_upper': 88, 'en_mfi': False, 'mfi_n': 51, 'mfi_lower': 10, 'mfi_upper': 86, 'en_bollinger': False, 'bollinger_n': 115, 'bollinger_k': 2.6, 'en_adx': False, 'adx_n': 18, 'adx_threshold': 19, 'en_structure_trend': False, 'structure_trend_swing_l': 19, 'en_order_block': True, 'order_block_swing_l': 3, 'en_fvg': False, 'fvg_lookback': 36, 'en_ifvg': False, 'en_breaker': False, 'breaker_swing_l': 17, 'en_cisd': True, 'k': 3, 'en_cap_bars': True, 'cap_1min': 412}.
[I 2026-07-13 17:22:46,272] Trial 809 pruned. 
[I 2026-07-13 17:22:46,721] Trial 810 finished with values: [217.47914648481128, -331.46301173354686, 68.65] and parameters: {'sl_soft': 1.2773480286121837, 'sl_hard_delta': 0.24686669406356115, 'tp': 0.9918133787075697, 'gate_pct': 38.288168518848806, 'dd_limit': 194.16824967892094, 'cooldown': 9, 'flip': True, 'en_ema_trend': False, 'ema_trend_fast': 343, 'ema_trend_slow': 226, 'en_sma_trend': True, 'sma_trend_fast': 45, 'sma_trend_slow': 400, 'en_macd': False, 'macd_fast': 6, 'macd_slow': 150, 'macd_signal': 62, 'en_vwap': True, 'en_keltner': True, 'keltner_n': 13, 'keltner_m': 1.8, 'en_obv': True, 'obv_slope': 120, 'en_cci': True, 'cci_n': 162, 'cci_threshold': 220, 'en_rsi': True, 'rsi_n': 49, 'rsi_lower': 23, 'rsi_upper': 68, 'en_stochastic': False, 'stochastic_n': 75, 'stochastic_d': 7, 'stochastic_lower': 13, 'stochastic_upper': 90, 'en_mfi': False, 'mfi_n': 12, 'mfi_lower': 16, 'mfi_upper': 71, 'en_bollinger': False, 'bollinger_n': 186, 'bollinger_k': 0.5, 'en_adx': True, 'adx_n': 23, 'adx_threshold': 18, 'en_structure_trend': True, 'structure_trend_swing_l': 4, 'en_order_block': False, 'order_block_swing_l': 6, 'en_fvg': False, 'fvg_lookback': 8, 'en_ifvg': False, 'en_breaker': True, 'breaker_swing_l': 18, 'en_cisd': True, 'k': 1, 'en_cap_bars': True, 'cap_1min': 260}.
[I 2026-07-13 17:22:47,082] Trial 811 pruned. 
[I 2026-07-13 17:22:47,273] Trial 812 finished with values: [245.2312505771772, -328.26109098662073, 55.0] and parameters: {'sl_soft': 0.700218284426531, 'sl_hard_delta': 2.905993056033855, 'tp': 2.034778180267182, 'gate_pct': 73.0036735816267, 'dd_limit': 390.2569167971573, 'cooldown': 13, 'flip': False, 'en_ema_trend': False, 'ema_trend_fast': 317, 'ema_trend_slow': 291, 'en_sma_trend': False, 'sma_trend_fast': 141, 'sma_trend_slow': 384, 'en_macd': True, 'macd_fast': 56, 'macd_slow': 150, 'macd_signal': 67, 'en_vwap': False, 'en_keltner': False, 'keltner_n': 43, 'keltner_m': 3.9000000000000004, 'en_obv': False, 'obv_slope': 162, 'en_cci': True, 'cci_n': 125, 'cci_threshold': 30, 'en_rsi': False, 'rsi_n': 10, 'rsi_lower': 41, 'rsi_upper': 82, 'en_stochastic': True, 'stochastic_n': 75, 'stochastic_d': 7, 'stochastic_lower': 48, 'stochastic_upper': 77, 'en_mfi': True, 'mfi_n': 97, 'mfi_lower': 1, 'mfi_upper': 86, 'en_bollinger': False, 'bollinger_n': 32, 'bollinger_k': 4.7, 'en_adx': False, 'adx_n': 17, 'adx_threshold': 11, 'en_structure_trend': True, 'structure_trend_swing_l': 19, 'en_order_block': False, 'order_block_swing_l': 9, 'en_fvg': True, 'fvg_lookback': 6, 'en_ifvg': False, 'en_breaker': False, 'breaker_swing_l': 15, 'en_cisd': True, 'k': 3, 'en_cap_bars': True, 'cap_1min': 272}.
[I 2026-07-13 17:22:47,456] Trial 813 finished with values: [234.58619258591398, -757.84768078056, 66.75] and parameters: {'sl_soft': 3.398298896849534, 'sl_hard_delta': 1.0336497817025352, 'tp': 2.570841098597147, 'gate_pct': 97.52011350142476, 'dd_limit': 60.80016338531003, 'cooldown': 4, 'flip': True, 'en_ema_trend': False, 'ema_trend_fast': 269, 'ema_trend_slow': 192, 'en_sma_trend': True, 'sma_trend_fast': 232, 'sma_trend_slow': 138, 'en_macd': False, 'macd_fast': 98, 'macd_slow': 21, 'macd_signal': 24, 'en_vwap': False, 'en_keltner': True, 'keltner_n': 160, 'keltner_m': 3.9000000000000004, 'en_obv': True, 'obv_slope': 107, 'en_cci': False, 'cci_n': 23, 'cci_threshold': 105, 'en_rsi': False, 'rsi_n': 9, 'rsi_lower': 29, 'rsi_upper': 90, 'en_stochastic': False, 'stochastic_n': 67, 'stochastic_d': 3, 'stochastic_lower': 28, 'stochastic_upper': 91, 'en_mfi': True, 'mfi_n': 41, 'mfi_lower': 8, 'mfi_upper': 88, 'en_bollinger': True, 'bollinger_n': 9, 'bollinger_k': 0.5, 'en_adx': False, 'adx_n': 32, 'adx_threshold': 11, 'en_structure_trend': True, 'structure_trend_swing_l': 19, 'en_order_block': True, 'order_block_swing_l': 7, 'en_fvg': False, 'fvg_lookback': 34, 'en_ifvg': True, 'en_breaker': False, 'breaker_swing_l': 1, 'en_cisd': False, 'k': 4, 'en_cap_bars': True, 'cap_1min': 689}.
[I 2026-07-13 17:22:54,049] Trial 814 finished with values: [-32.81780239736918, -525.3656707172013, 63.95] and parameters: {'sl_soft': 1.5128727017605812, 'sl_hard_delta': 3.3389442785612586, 'tp': 1.1926865856558302, 'gate_pct': 54.8778799805964, 'dd_limit': 434.8338936907749, 'cooldown': 12, 'flip': True, 'en_ema_trend': True, 'ema_trend_fast': 317, 'ema_trend_slow': 16, 'en_sma_trend': True, 'sma_trend_fast': 266, 'sma_trend_slow': 171, 'en_macd': True, 'macd_fast': 80, 'macd_slow': 180, 'macd_signal': 92, 'en_vwap': False, 'en_keltner': True, 'keltner_n': 3, 'keltner_m': 3.1, 'en_obv': True, 'obv_slope': 105, 'en_cci': False, 'cci_n': 72, 'cci_threshold': 195, 'en_rsi': True, 'rsi_n': 33, 'rsi_lower': 7, 'rsi_upper': 82, 'en_stochastic': True, 'stochastic_n': 89, 'stochastic_d': 7, 'stochastic_lower': 48, 'stochastic_upper': 90, 'en_mfi': False, 'mfi_n': 61, 'mfi_lower': 13, 'mfi_upper': 86, 'en_bollinger': False, 'bollinger_n': 115, 'bollinger_k': 2.6, 'en_adx': True, 'adx_n': 18, 'adx_threshold': 19, 'en_structure_trend': False, 'structure_trend_swing_l': 19, 'en_order_block': True, 'order_block_swing_l': 9, 'en_fvg': False, 'fvg_lookback': 36, 'en_ifvg': False, 'en_breaker': True, 'breaker_swing_l': 17, 'en_cisd': True, 'k': 1, 'en_cap_bars': True, 'cap_1min': 608}.
[I 2026-07-13 17:23:00,035] Trial 815 finished with values: [-115.90120989061461, -523.5784688159583, 31.85] and parameters: {'sl_soft': 1.0063442051374751, 'sl_hard_delta': 1.265225171181504, 'tp': 2.9458524258041714, 'gate_pct': 54.8778799805964, 'dd_limit': 284.01961970925504, 'cooldown': 8, 'flip': True, 'en_ema_trend': True, 'ema_trend_fast': 317, 'ema_trend_slow': 139, 'en_sma_trend': True, 'sma_trend_fast': 266, 'sma_trend_slow': 143, 'en_macd': False, 'macd_fast': 25, 'macd_slow': 185, 'macd_signal': 9, 'en_vwap': True, 'en_keltner': False, 'keltner_n': 13, 'keltner_m': 1.5, 'en_obv': True, 'obv_slope': 120, 'en_cci': False, 'cci_n': 72, 'cci_threshold': 195, 'en_rsi': False, 'rsi_n': 33, 'rsi_lower': 11, 'rsi_upper': 69, 'en_stochastic': True, 'stochastic_n': 2, 'stochastic_d': 34, 'stochastic_lower': 16, 'stochastic_upper': 90, 'en_mfi': True, 'mfi_n': 20, 'mfi_lower': 10, 'mfi_upper': 77, 'en_bollinger': False, 'bollinger_n': 100, 'bollinger_k': 0.5, 'en_adx': False, 'adx_n': 18, 'adx_threshold': 18, 'en_structure_trend': False, 'structure_trend_swing_l': 4, 'en_order_block': True, 'order_block_swing_l': 9, 'en_fvg': True, 'fvg_lookback': 23, 'en_ifvg': False, 'en_breaker': True, 'breaker_swing_l': 17, 'en_cisd': True, 'k': 1, 'en_cap_bars': True, 'cap_1min': 392}.
[I 2026-07-13 17:23:01,495] Trial 816 finished with values: [227.3040767727423, -718.1221361293296, 43.45] and parameters: {'sl_soft': 1.5128727017605812, 'sl_hard_delta': 3.3389442785612586, 'tp': 2.9458524258041714, 'gate_pct': 54.8778799805964, 'dd_limit': 390.2569167971573, 'cooldown': 8, 'flip': True, 'en_ema_trend': True, 'ema_trend_fast': 317, 'ema_trend_slow': 139, 'en_sma_trend': True, 'sma_trend_fast': 266, 'sma_trend_slow': 143, 'en_macd': True, 'macd_fast': 46, 'macd_slow': 48, 'macd_signal': 86, 'en_vwap': True, 'en_keltner': False, 'keltner_n': 137, 'keltner_m': 3.1, 'en_obv': True, 'obv_slope': 8, 'en_cci': False, 'cci_n': 110, 'cci_threshold': 195, 'en_rsi': False, 'rsi_n': 67, 'rsi_lower': 7, 'rsi_upper': 69, 'en_stochastic': False, 'stochastic_n': 97, 'stochastic_d': 5, 'stochastic_lower': 16, 'stochastic_upper': 57, 'en_mfi': True, 'mfi_n': 61, 'mfi_lower': 10, 'mfi_upper': 86, 'en_bollinger': False, 'bollinger_n': 115, 'bollinger_k': 1.6, 'en_adx': False, 'adx_n': 18, 'adx_threshold': 19, 'en_structure_trend': False, 'structure_trend_swing_l': 10, 'en_order_block': True, 'order_block_swing_l': 9, 'en_fvg': True, 'fvg_lookback': 36, 'en_ifvg': False, 'en_breaker': True, 'breaker_swing_l': 17, 'en_cisd': True, 'k': 4, 'en_cap_bars': True, 'cap_1min': 652}.
[I 2026-07-13 17:23:03,153] Trial 817 finished with values: [393.9510197867321, -558.3193065003798, 31.200000000000003] and parameters: {'sl_soft': 1.0063442051374751, 'sl_hard_delta': 0.008044238733936384, 'tp': 3.035052084189462, 'gate_pct': 54.8778799805964, 'dd_limit': 434.8338936907749, 'cooldown': 8, 'flip': True, 'en_ema_trend': False, 'ema_trend_fast': 317, 'ema_trend_slow': 139, 'en_sma_trend': True, 'sma_trend_fast': 266, 'sma_trend_slow': 242, 'en_macd': True, 'macd_fast': 80, 'macd_slow': 180, 'macd_signal': 86, 'en_vwap': True, 'en_keltner': True, 'keltner_n': 122, 'keltner_m': 1.8, 'en_obv': True, 'obv_slope': 8, 'en_cci': True, 'cci_n': 3, 'cci_threshold': 195, 'en_rsi': False, 'rsi_n': 67, 'rsi_lower': 7, 'rsi_upper': 69, 'en_stochastic': False, 'stochastic_n': 97, 'stochastic_d': 5, 'stochastic_lower': 16, 'stochastic_upper': 88, 'en_mfi': False, 'mfi_n': 51, 'mfi_lower': 10, 'mfi_upper': 86, 'en_bollinger': False, 'bollinger_n': 115, 'bollinger_k': 2.6, 'en_adx': False, 'adx_n': 18, 'adx_threshold': 19, 'en_structure_trend': False, 'structure_trend_swing_l': 19, 'en_order_block': True, 'order_block_swing_l': 3, 'en_fvg': True, 'fvg_lookback': 36, 'en_ifvg': False, 'en_breaker': True, 'breaker_swing_l': 19, 'en_cisd': True, 'k': 3, 'en_cap_bars': True, 'cap_1min': 652}.
[I 2026-07-13 17:23:03,803] Trial 818 finished with values: [-370.52984040950037, -712.1433160193192, 34.55] and parameters: {'sl_soft': 0.700218284426531, 'sl_hard_delta': 2.905993056033855, 'tp': 2.034778180267182, 'gate_pct': 54.8778799805964, 'dd_limit': 434.8338936907749, 'cooldown': 13, 'flip': False, 'en_ema_trend': True, 'ema_trend_fast': 317, 'ema_trend_slow': 291, 'en_sma_trend': False, 'sma_trend_fast': 382, 'sma_trend_slow': 242, 'en_macd': True, 'macd_fast': 56, 'macd_slow': 180, 'macd_signal': 67, 'en_vwap': False, 'en_keltner': False, 'keltner_n': 3, 'keltner_m': 1.8, 'en_obv': False, 'obv_slope': 162, 'en_cci': True, 'cci_n': 72, 'cci_threshold': 30, 'en_rsi': False, 'rsi_n': 10, 'rsi_lower': 41, 'rsi_upper': 82, 'en_stochastic': False, 'stochastic_n': 16, 'stochastic_d': 7, 'stochastic_lower': 48, 'stochastic_upper': 77, 'en_mfi': False, 'mfi_n': 97, 'mfi_lower': 1, 'mfi_upper': 86, 'en_bollinger': False, 'bollinger_n': 115, 'bollinger_k': 4.7, 'en_adx': True, 'adx_n': 17, 'adx_threshold': 11, 'en_structure_trend': False, 'structure_trend_swing_l': 19, 'en_order_block': False, 'order_block_swing_l': 9, 'en_fvg': True, 'fvg_lookback': 28, 'en_ifvg': False, 'en_breaker': True, 'breaker_swing_l': 18, 'en_cisd': True, 'k': 1, 'en_cap_bars': True, 'cap_1min': 272}.
[I 2026-07-13 17:23:09,379] Trial 819 finished with values: [-135.21927338650244, -414.5665459199222, 42.1] and parameters: {'sl_soft': 1.0063442051374751, 'sl_hard_delta': 2.905993056033855, 'tp': 2.034778180267182, 'gate_pct': 54.8778799805964, 'dd_limit': 434.8338936907749, 'cooldown': 9, 'flip': True, 'en_ema_trend': True, 'ema_trend_fast': 317, 'ema_trend_slow': 16, 'en_sma_trend': False, 'sma_trend_fast': 266, 'sma_trend_slow': 134, 'en_macd': False, 'macd_fast': 25, 'macd_slow': 150, 'macd_signal': 86, 'en_vwap': True, 'en_keltner': True, 'keltner_n': 116, 'keltner_m': 1.8, 'en_obv': True, 'obv_slope': 8, 'en_cci': True, 'cci_n': 3, 'cci_threshold': 40, 'en_rsi': False, 'rsi_n': 46, 'rsi_lower': 28, 'rsi_upper': 82, 'en_stochastic': True, 'stochastic_n': 8, 'stochastic_d': 47, 'stochastic_lower': 48, 'stochastic_upper': 97, 'en_mfi': True, 'mfi_n': 97, 'mfi_lower': 10, 'mfi_upper': 64, 'en_bollinger': False, 'bollinger_n': 96, 'bollinger_k': 2.6, 'en_adx': True, 'adx_n': 18, 'adx_threshold': 19, 'en_structure_trend': False, 'structure_trend_swing_l': 19, 'en_order_block': False, 'order_block_swing_l': 1, 'en_fvg': True, 'fvg_lookback': 36, 'en_ifvg': False, 'en_breaker': False, 'breaker_swing_l': 17, 'en_cisd': True, 'k': 4, 'en_cap_bars': True, 'cap_1min': 412}.
[I 2026-07-13 17:23:16,181] Trial 820 finished with values: [231.93287209195432, -476.51245606753037, 34.3] and parameters: {'sl_soft': 1.0063442051374751, 'sl_hard_delta': 0.05257236390156471, 'tp': 2.9458524258041714, 'gate_pct': 54.8778799805964, 'dd_limit': 434.8338936907749, 'cooldown': 8, 'flip': True, 'en_ema_trend': True, 'ema_trend_fast': 317, 'ema_trend_slow': 139, 'en_sma_trend': True, 'sma_trend_fast': 382, 'sma_trend_slow': 242, 'en_macd': True, 'macd_fast': 9, 'macd_slow': 180, 'macd_signal': 92, 'en_vwap': False, 'en_keltner': False, 'keltner_n': 3, 'keltner_m': 1.8, 'en_obv': True, 'obv_slope': 105, 'en_cci': True, 'cci_n': 72, 'cci_threshold': 195, 'en_rsi': True, 'rsi_n': 67, 'rsi_lower': 11, 'rsi_upper': 82, 'en_stochastic': True, 'stochastic_n': 16, 'stochastic_d': 23, 'stochastic_lower': 16, 'stochastic_upper': 90, 'en_mfi': False, 'mfi_n': 92, 'mfi_lower': 10, 'mfi_upper': 86, 'en_bollinger': False, 'bollinger_n': 69, 'bollinger_k': 2.5, 'en_adx': False, 'adx_n': 48, 'adx_threshold': 7, 'en_structure_trend': False, 'structure_trend_swing_l': 19, 'en_order_block': False, 'order_block_swing_l': 3, 'en_fvg': True, 'fvg_lookback': 36, 'en_ifvg': True, 'en_breaker': True, 'breaker_swing_l': 17, 'en_cisd': False, 'k': 1, 'en_cap_bars': True, 'cap_1min': 608}.
[I 2026-07-13 17:23:16,846] Trial 821 pruned. 
[I 2026-07-13 17:23:17,983] Trial 822 finished with values: [-16.842314930067914, -702.1648591436815, 51.05] and parameters: {'sl_soft': 1.3416386676404197, 'sl_hard_delta': 2.905993056033855, 'tp': 2.034778180267182, 'gate_pct': 54.8778799805964, 'dd_limit': 390.2569167971573, 'cooldown': 9, 'flip': True, 'en_ema_trend': False, 'ema_trend_fast': 317, 'ema_trend_slow': 17, 'en_sma_trend': False, 'sma_trend_fast': 266, 'sma_trend_slow': 143, 'en_macd': True, 'macd_fast': 25, 'macd_slow': 150, 'macd_signal': 67, 'en_vwap': True, 'en_keltner': False, 'keltner_n': 43, 'keltner_m': 3.1, 'en_obv': True, 'obv_slope': 8, 'en_cci': True, 'cci_n': 110, 'cci_threshold': 195, 'en_rsi': False, 'rsi_n': 10, 'rsi_lower': 38, 'rsi_upper': 69, 'en_stochastic': False, 'stochastic_n': 97, 'stochastic_d': 31, 'stochastic_lower': 48, 'stochastic_upper': 77, 'en_mfi': False, 'mfi_n': 96, 'mfi_lower': 20, 'mfi_upper': 86, 'en_bollinger': False, 'bollinger_n': 115, 'bollinger_k': 1.6, 'en_adx': False, 'adx_n': 18, 'adx_threshold': 19, 'en_structure_trend': False, 'structure_trend_swing_l': 17, 'en_order_block': False, 'order_block_swing_l': 9, 'en_fvg': True, 'fvg_lookback': 50, 'en_ifvg': False, 'en_breaker': False, 'breaker_swing_l': 17, 'en_cisd': True, 'k': 3, 'en_cap_bars': True, 'cap_1min': 608}.
[I 2026-07-13 17:23:18,171] Trial 823 pruned. 
[I 2026-07-13 17:23:23,405] Trial 824 finished with values: [-142.69269117387466, -363.49372340611126, 53.75] and parameters: {'sl_soft': 1.3416386676404197, 'sl_hard_delta': 0.008044238733936384, 'tp': 0.9918133787075697, 'gate_pct': 54.8778799805964, 'dd_limit': 284.01961970925504, 'cooldown': 10, 'flip': True, 'en_ema_trend': False, 'ema_trend_fast': 317, 'ema_trend_slow': 139, 'en_sma_trend': False, 'sma_trend_fast': 266, 'sma_trend_slow': 242, 'en_macd': True, 'macd_fast': 56, 'macd_slow': 150, 'macd_signal': 11, 'en_vwap': True, 'en_keltner': True, 'keltner_n': 116, 'keltner_m': 3.1, 'en_obv': True, 'obv_slope': 120, 'en_cci': True, 'cci_n': 110, 'cci_threshold': 195, 'en_rsi': False, 'rsi_n': 33, 'rsi_lower': 7, 'rsi_upper': 95, 'en_stochastic': True, 'stochastic_n': 42, 'stochastic_d': 5, 'stochastic_lower': 48, 'stochastic_upper': 88, 'en_mfi': True, 'mfi_n': 28, 'mfi_lower': 10, 'mfi_upper': 86, 'en_bollinger': False, 'bollinger_n': 100, 'bollinger_k': 2.6, 'en_adx': False, 'adx_n': 23, 'adx_threshold': 12, 'en_structure_trend': False, 'structure_trend_swing_l': 4, 'en_order_block': True, 'order_block_swing_l': 6, 'en_fvg': False, 'fvg_lookback': 8, 'en_ifvg': False, 'en_breaker': True, 'breaker_swing_l': 19, 'en_cisd': True, 'k': 3, 'en_cap_bars': True, 'cap_1min': 652}.
