[I 2026-07-13 17:20:12,537] Trial 974 finished with values: [126.5731058641677, -1255.3082285238133, 27.9] and parameters: {'sl_soft': 2.34715147057422, 'sl_hard_delta': 0.47861910073547576, 'tp': 7.943003420975532, 'gate_pct': 79.79473082398957, 'dd_limit': 379.61887235308626, 'cooldown': 1, 'flip': True, 'en_ema_trend': False, 'ema_trend_fast': 211, 'ema_trend_slow': 116, 'en_sma_trend': False, 'sma_trend_fast': 382, 'sma_trend_slow': 29, 'en_macd': True, 'macd_fast': 37, 'macd_slow': 28, 'macd_signal': 100, 'en_vwap': False, 'en_keltner': True, 'keltner_n': 158, 'keltner_m': 1.0, 'en_obv': True, 'obv_slope': 36, 'en_cci': True, 'cci_n': 27, 'cci_threshold': 85, 'en_rsi': True, 'rsi_n': 49, 'rsi_lower': 23, 'rsi_upper': 83, 'en_stochastic': True, 'stochastic_n': 40, 'stochastic_d': 7, 'stochastic_lower': 3, 'stochastic_upper': 72, 'en_mfi': True, 'mfi_n': 9, 'mfi_lower': 31, 'mfi_upper': 58, 'en_bollinger': True, 'bollinger_n': 120, 'bollinger_k': 4.300000000000001, 'en_adx': False, 'adx_n': 96, 'adx_threshold': 8, 'en_structure_trend': True, 'structure_trend_swing_l': 13, 'en_order_block': False, 'order_block_swing_l': 15, 'en_fvg': False, 'fvg_lookback': 29, 'en_ifvg': True, 'en_breaker': False, 'breaker_swing_l': 5, 'en_cisd': False, 'k': 1, 'en_cap_bars': False, 'cap_1min': 1380}.
[I 2026-07-13 17:20:12,710] Trial 975 finished with values: [226.2678849278359, -548.6325262000037, 36.65] and parameters: {'sl_soft': 1.4789310739311843, 'sl_hard_delta': 0.47861910073547576, 'tp': 4.4104709148058445, 'gate_pct': 58.15732751045736, 'dd_limit': 379.61887235308626, 'cooldown': 1, 'flip': True, 'en_ema_trend': False, 'ema_trend_fast': 374, 'ema_trend_slow': 334, 'en_sma_trend': True, 'sma_trend_fast': 382, 'sma_trend_slow': 121, 'en_macd': True, 'macd_fast': 6, 'macd_slow': 28, 'macd_signal': 10, 'en_vwap': True, 'en_keltner': True, 'keltner_n': 46, 'keltner_m': 1.3, 'en_obv': True, 'obv_slope': 36, 'en_cci': False, 'cci_n': 27, 'cci_threshold': 85, 'en_rsi': True, 'rsi_n': 49, 'rsi_lower': 23, 'rsi_upper': 83, 'en_stochastic': True, 'stochastic_n': 40, 'stochastic_d': 7, 'stochastic_lower': 3, 'stochastic_upper': 53, 'en_mfi': True, 'mfi_n': 9, 'mfi_lower': 31, 'mfi_upper': 58, 'en_bollinger': True, 'bollinger_n': 127, 'bollinger_k': 4.5, 'en_adx': False, 'adx_n': 73, 'adx_threshold': 43, 'en_structure_trend': False, 'structure_trend_swing_l': 8, 'en_order_block': False, 'order_block_swing_l': 15, 'en_fvg': False, 'fvg_lookback': 29, 'en_ifvg': False, 'en_breaker': True, 'breaker_swing_l': 15, 'en_cisd': True, 'k': 1, 'en_cap_bars': True, 'cap_1min': 1380}.
[I 2026-07-13 17:20:14,889] Trial 976 pruned. 
[I 2026-07-13 17:20:15,094] Trial 977 finished with values: [311.76112952435915, -548.6325262000037, 40.0] and parameters: {'sl_soft': 1.4789310739311843, 'sl_hard_delta': 0.47861910073547576, 'tp': 4.4104709148058445, 'gate_pct': 53.84741825883083, 'dd_limit': 379.61887235308626, 'cooldown': 1, 'flip': True, 'en_ema_trend': False, 'ema_trend_fast': 374, 'ema_trend_slow': 311, 'en_sma_trend': False, 'sma_trend_fast': 382, 'sma_trend_slow': 121, 'en_macd': True, 'macd_fast': 6, 'macd_slow': 28, 'macd_signal': 10, 'en_vwap': False, 'en_keltner': True, 'keltner_n': 46, 'keltner_m': 0.9, 'en_obv': True, 'obv_slope': 36, 'en_cci': False, 'cci_n': 27, 'cci_threshold': 85, 'en_rsi': True, 'rsi_n': 49, 'rsi_lower': 23, 'rsi_upper': 69, 'en_stochastic': True, 'stochastic_n': 40, 'stochastic_d': 7, 'stochastic_lower': 3, 'stochastic_upper': 53, 'en_mfi': True, 'mfi_n': 9, 'mfi_lower': 31, 'mfi_upper': 58, 'en_bollinger': True, 'bollinger_n': 127, 'bollinger_k': 4.5, 'en_adx': False, 'adx_n': 73, 'adx_threshold': 43, 'en_structure_trend': False, 'structure_trend_swing_l': 8, 'en_order_block': False, 'order_block_swing_l': 20, 'en_fvg': False, 'fvg_lookback': 29, 'en_ifvg': False, 'en_breaker': True, 'breaker_swing_l': 15, 'en_cisd': True, 'k': 1, 'en_cap_bars': True, 'cap_1min': 260}.
[I 2026-07-13 17:20:16,394] Trial 978 finished with values: [-680.1625507203198, -2051.5208950071155, 34.099999999999994] and parameters: {'sl_soft': 1.4789310739311843, 'sl_hard_delta': 3.9050213100332094, 'tp': 4.4104709148058445, 'gate_pct': 98.67302380660169, 'dd_limit': 379.61887235308626, 'cooldown': 1, 'flip': True, 'en_ema_trend': False, 'ema_trend_fast': 271, 'ema_trend_slow': 334, 'en_sma_trend': True, 'sma_trend_fast': 292, 'sma_trend_slow': 121, 'en_macd': True, 'macd_fast': 6, 'macd_slow': 132, 'macd_signal': 10, 'en_vwap': False, 'en_keltner': True, 'keltner_n': 46, 'keltner_m': 2.8000000000000003, 'en_obv': False, 'obv_slope': 169, 'en_cci': True, 'cci_n': 49, 'cci_threshold': 170, 'en_rsi': True, 'rsi_n': 77, 'rsi_lower': 17, 'rsi_upper': 58, 'en_stochastic': False, 'stochastic_n': 40, 'stochastic_d': 7, 'stochastic_lower': 3, 'stochastic_upper': 53, 'en_mfi': True, 'mfi_n': 9, 'mfi_lower': 31, 'mfi_upper': 58, 'en_bollinger': True, 'bollinger_n': 127, 'bollinger_k': 2.1, 'en_adx': False, 'adx_n': 73, 'adx_threshold': 43, 'en_structure_trend': False, 'structure_trend_swing_l': 8, 'en_order_block': False, 'order_block_swing_l': 20, 'en_fvg': False, 'fvg_lookback': 46, 'en_ifvg': True, 'en_breaker': False, 'breaker_swing_l': 5, 'en_cisd': False, 'k': 1, 'en_cap_bars': False, 'cap_1min': 1380}.
[I 2026-07-13 17:20:16,755] Trial 979 finished with values: [1192.22073524939, -658.7868606954999, 47.0] and parameters: {'sl_soft': 2.588282143197288, 'sl_hard_delta': 0.7556521602801897, 'tp': 7.943003420975532, 'gate_pct': 75.29895741667805, 'dd_limit': 390.2087279618219, 'cooldown': 2, 'flip': False, 'en_ema_trend': False, 'ema_trend_fast': 33, 'ema_trend_slow': 116, 'en_sma_trend': False, 'sma_trend_fast': 29, 'sma_trend_slow': 144, 'en_macd': False, 'macd_fast': 37, 'macd_slow': 200, 'macd_signal': 27, 'en_vwap': True, 'en_keltner': True, 'keltner_n': 48, 'keltner_m': 3.8000000000000003, 'en_obv': True, 'obv_slope': 162, 'en_cci': True, 'cci_n': 49, 'cci_threshold': 180, 'en_rsi': True, 'rsi_n': 39, 'rsi_lower': 24, 'rsi_upper': 58, 'en_stochastic': False, 'stochastic_n': 86, 'stochastic_d': 11, 'stochastic_lower': 40, 'stochastic_upper': 72, 'en_mfi': True, 'mfi_n': 63, 'mfi_lower': 34, 'mfi_upper': 82, 'en_bollinger': False, 'bollinger_n': 128, 'bollinger_k': 4.300000000000001, 'en_adx': False, 'adx_n': 7, 'adx_threshold': 32, 'en_structure_trend': False, 'structure_trend_swing_l': 13, 'en_order_block': True, 'order_block_swing_l': 1, 'en_fvg': False, 'fvg_lookback': 19, 'en_ifvg': True, 'en_breaker': True, 'breaker_swing_l': 5, 'en_cisd': True, 'k': 4, 'en_cap_bars': False, 'cap_1min': 1119}.
[I 2026-07-13 17:20:18,871] Trial 980 finished with values: [-794.953355052553, -2119.441371173457, 34.95] and parameters: {'sl_soft': 2.34715147057422, 'sl_hard_delta': 0.47861910073547576, 'tp': 4.4104709148058445, 'gate_pct': 98.67302380660169, 'dd_limit': 379.61887235308626, 'cooldown': 1, 'flip': True, 'en_ema_trend': False, 'ema_trend_fast': 211, 'ema_trend_slow': 125, 'en_sma_trend': False, 'sma_trend_fast': 382, 'sma_trend_slow': 121, 'en_macd': False, 'macd_fast': 9, 'macd_slow': 28, 'macd_signal': 10, 'en_vwap': False, 'en_keltner': True, 'keltner_n': 159, 'keltner_m': 2.2, 'en_obv': False, 'obv_slope': 169, 'en_cci': True, 'cci_n': 9, 'cci_threshold': 170, 'en_rsi': True, 'rsi_n': 49, 'rsi_lower': 17, 'rsi_upper': 58, 'en_stochastic': True, 'stochastic_n': 40, 'stochastic_d': 7, 'stochastic_lower': 5, 'stochastic_upper': 72, 'en_mfi': True, 'mfi_n': 9, 'mfi_lower': 31, 'mfi_upper': 58, 'en_bollinger': True, 'bollinger_n': 78, 'bollinger_k': 4.5, 'en_adx': False, 'adx_n': 6, 'adx_threshold': 8, 'en_structure_trend': False, 'structure_trend_swing_l': 13, 'en_order_block': False, 'order_block_swing_l': 20, 'en_fvg': False, 'fvg_lookback': 29, 'en_ifvg': False, 'en_breaker': False, 'breaker_swing_l': 5, 'en_cisd': True, 'k': 4, 'en_cap_bars': True, 'cap_1min': 260}.
[I 2026-07-13 17:20:19,152] Trial 981 pruned. 
[I 2026-07-13 17:20:19,962] Trial 982 finished with values: [522.1934051110281, -3029.7148003832262, 39.35] and parameters: {'sl_soft': 1.4789310739311843, 'sl_hard_delta': 3.9050213100332094, 'tp': 4.4104709148058445, 'gate_pct': 98.67302380660169, 'dd_limit': 332.70974775121596, 'cooldown': 1, 'flip': False, 'en_ema_trend': True, 'ema_trend_fast': 374, 'ema_trend_slow': 125, 'en_sma_trend': True, 'sma_trend_fast': 382, 'sma_trend_slow': 114, 'en_macd': True, 'macd_fast': 9, 'macd_slow': 91, 'macd_signal': 10, 'en_vwap': False, 'en_keltner': True, 'keltner_n': 158, 'keltner_m': 2.8000000000000003, 'en_obv': True, 'obv_slope': 169, 'en_cci': True, 'cci_n': 49, 'cci_threshold': 85, 'en_rsi': True, 'rsi_n': 49, 'rsi_lower': 23, 'rsi_upper': 69, 'en_stochastic': False, 'stochastic_n': 40, 'stochastic_d': 14, 'stochastic_lower': 5, 'stochastic_upper': 57, 'en_mfi': True, 'mfi_n': 9, 'mfi_lower': 31, 'mfi_upper': 97, 'en_bollinger': True, 'bollinger_n': 127, 'bollinger_k': 2.1, 'en_adx': False, 'adx_n': 73, 'adx_threshold': 17, 'en_structure_trend': False, 'structure_trend_swing_l': 13, 'en_order_block': False, 'order_block_swing_l': 20, 'en_fvg': False, 'fvg_lookback': 46, 'en_ifvg': True, 'en_breaker': True, 'breaker_swing_l': 5, 'en_cisd': False, 'k': 4, 'en_cap_bars': False, 'cap_1min': 736}.
[I 2026-07-13 17:20:24,906] Trial 983 finished with values: [811.1006841950882, -404.99999999999545, 44.4] and parameters: {'sl_soft': 2.34715147057422, 'sl_hard_delta': 3.9050213100332094, 'tp': 7.943003420975532, 'gate_pct': 79.79473082398957, 'dd_limit': 390.2087279618219, 'cooldown': 1, 'flip': False, 'en_ema_trend': False, 'ema_trend_fast': 83, 'ema_trend_slow': 381, 'en_sma_trend': False, 'sma_trend_fast': 292, 'sma_trend_slow': 144, 'en_macd': False, 'macd_fast': 9, 'macd_slow': 177, 'macd_signal': 65, 'en_vwap': False, 'en_keltner': True, 'keltner_n': 158, 'keltner_m': 2.8000000000000003, 'en_obv': False, 'obv_slope': 160, 'en_cci': True, 'cci_n': 49, 'cci_threshold': 170, 'en_rsi': True, 'rsi_n': 77, 'rsi_lower': 17, 'rsi_upper': 71, 'en_stochastic': True, 'stochastic_n': 52, 'stochastic_d': 40, 'stochastic_lower': 5, 'stochastic_upper': 57, 'en_mfi': True, 'mfi_n': 11, 'mfi_lower': 34, 'mfi_upper': 97, 'en_bollinger': True, 'bollinger_n': 78, 'bollinger_k': 3.4000000000000004, 'en_adx': False, 'adx_n': 96, 'adx_threshold': 44, 'en_structure_trend': True, 'structure_trend_swing_l': 13, 'en_order_block': False, 'order_block_swing_l': 7, 'en_fvg': False, 'fvg_lookback': 46, 'en_ifvg': True, 'en_breaker': False, 'breaker_swing_l': 5, 'en_cisd': False, 'k': 4, 'en_cap_bars': False, 'cap_1min': 1332}.
[I 2026-07-13 17:20:26,012] Trial 984 finished with values: [-100.87769455186617, -1772.608639030409, 29.95] and parameters: {'sl_soft': 2.34715147057422, 'sl_hard_delta': 3.9050213100332094, 'tp': 7.943003420975532, 'gate_pct': 98.67302380660169, 'dd_limit': 332.70974775121596, 'cooldown': 4, 'flip': False, 'en_ema_trend': True, 'ema_trend_fast': 271, 'ema_trend_slow': 125, 'en_sma_trend': False, 'sma_trend_fast': 292, 'sma_trend_slow': 114, 'en_macd': True, 'macd_fast': 9, 'macd_slow': 177, 'macd_signal': 65, 'en_vwap': False, 'en_keltner': True, 'keltner_n': 158, 'keltner_m': 4.5, 'en_obv': False, 'obv_slope': 169, 'en_cci': True, 'cci_n': 49, 'cci_threshold': 170, 'en_rsi': True, 'rsi_n': 77, 'rsi_lower': 17, 'rsi_upper': 58, 'en_stochastic': False, 'stochastic_n': 45, 'stochastic_d': 14, 'stochastic_lower': 5, 'stochastic_upper': 57, 'en_mfi': True, 'mfi_n': 71, 'mfi_lower': 34, 'mfi_upper': 82, 'en_bollinger': True, 'bollinger_n': 60, 'bollinger_k': 4.300000000000001, 'en_adx': False, 'adx_n': 24, 'adx_threshold': 17, 'en_structure_trend': False, 'structure_trend_swing_l': 13, 'en_order_block': True, 'order_block_swing_l': 7, 'en_fvg': False, 'fvg_lookback': 46, 'en_ifvg': True, 'en_breaker': False, 'breaker_swing_l': 5, 'en_cisd': False, 'k': 4, 'en_cap_bars': False, 'cap_1min': 736}.
[I 2026-07-13 17:20:26,921] Trial 985 pruned. 
[I 2026-07-13 17:20:27,179] Trial 986 finished with values: [116.35331964724855, -672.2650524000073, 36.65] and parameters: {'sl_soft': 1.4789310739311843, 'sl_hard_delta': 0.47861910073547576, 'tp': 4.4104709148058445, 'gate_pct': 53.84741825883083, 'dd_limit': 379.61887235308626, 'cooldown': 2, 'flip': True, 'en_ema_trend': True, 'ema_trend_fast': 211, 'ema_trend_slow': 311, 'en_sma_trend': False, 'sma_trend_fast': 382, 'sma_trend_slow': 29, 'en_macd': True, 'macd_fast': 6, 'macd_slow': 28, 'macd_signal': 64, 'en_vwap': False, 'en_keltner': True, 'keltner_n': 46, 'keltner_m': 1.8, 'en_obv': True, 'obv_slope': 36, 'en_cci': False, 'cci_n': 27, 'cci_threshold': 85, 'en_rsi': True, 'rsi_n': 49, 'rsi_lower': 23, 'rsi_upper': 83, 'en_stochastic': True, 'stochastic_n': 40, 'stochastic_d': 24, 'stochastic_lower': 3, 'stochastic_upper': 53, 'en_mfi': True, 'mfi_n': 9, 'mfi_lower': 31, 'mfi_upper': 58, 'en_bollinger': True, 'bollinger_n': 127, 'bollinger_k': 2.1, 'en_adx': False, 'adx_n': 73, 'adx_threshold': 43, 'en_structure_trend': True, 'structure_trend_swing_l': 8, 'en_order_block': False, 'order_block_swing_l': 19, 'en_fvg': False, 'fvg_lookback': 29, 'en_ifvg': False, 'en_breaker': True, 'breaker_swing_l': 15, 'en_cisd': False, 'k': 1, 'en_cap_bars': True, 'cap_1min': 1380}.
[I 2026-07-13 17:20:27,415] Trial 987 finished with values: [102.49999999999773, -160.00000000001364, 51.150000000000006] and parameters: {'sl_soft': 1.4689796292069608, 'sl_hard_delta': 3.9050213100332094, 'tp': 8.385250474758445, 'gate_pct': 55.72136383304909, 'dd_limit': 390.2087279618219, 'cooldown': 1, 'flip': False, 'en_ema_trend': False, 'ema_trend_fast': 83, 'ema_trend_slow': 116, 'en_sma_trend': False, 'sma_trend_fast': 143, 'sma_trend_slow': 26, 'en_macd': False, 'macd_fast': 37, 'macd_slow': 177, 'macd_signal': 93, 'en_vwap': True, 'en_keltner': True, 'keltner_n': 158, 'keltner_m': 4.5, 'en_obv': True, 'obv_slope': 169, 'en_cci': False, 'cci_n': 49, 'cci_threshold': 170, 'en_rsi': True, 'rsi_n': 94, 'rsi_lower': 24, 'rsi_upper': 58, 'en_stochastic': False, 'stochastic_n': 45, 'stochastic_d': 14, 'stochastic_lower': 5, 'stochastic_upper': 72, 'en_mfi': True, 'mfi_n': 11, 'mfi_lower': 34, 'mfi_upper': 58, 'en_bollinger': True, 'bollinger_n': 78, 'bollinger_k': 4.300000000000001, 'en_adx': False, 'adx_n': 96, 'adx_threshold': 8, 'en_structure_trend': True, 'structure_trend_swing_l': 13, 'en_order_block': False, 'order_block_swing_l': 7, 'en_fvg': False, 'fvg_lookback': 28, 'en_ifvg': False, 'en_breaker': True, 'breaker_swing_l': 20, 'en_cisd': False, 'k': 4, 'en_cap_bars': True, 'cap_1min': 3}.
[I 2026-07-13 17:20:29,024] Trial 988 finished with values: [434.40716653132085, -719.6190153930502, 37.6] and parameters: {'sl_soft': 1.4789310739311843, 'sl_hard_delta': 0.47861910073547576, 'tp': 4.4104709148058445, 'gate_pct': 53.84741825883083, 'dd_limit': 379.61887235308626, 'cooldown': 1, 'flip': True, 'en_ema_trend': False, 'ema_trend_fast': 211, 'ema_trend_slow': 311, 'en_sma_trend': False, 'sma_trend_fast': 382, 'sma_trend_slow': 121, 'en_macd': True, 'macd_fast': 6, 'macd_slow': 38, 'macd_signal': 10, 'en_vwap': False, 'en_keltner': True, 'keltner_n': 32, 'keltner_m': 0.9, 'en_obv': False, 'obv_slope': 36, 'en_cci': False, 'cci_n': 27, 'cci_threshold': 85, 'en_rsi': True, 'rsi_n': 49, 'rsi_lower': 23, 'rsi_upper': 69, 'en_stochastic': True, 'stochastic_n': 40, 'stochastic_d': 7, 'stochastic_lower': 3, 'stochastic_upper': 53, 'en_mfi': True, 'mfi_n': 9, 'mfi_lower': 31, 'mfi_upper': 58, 'en_bollinger': True, 'bollinger_n': 194, 'bollinger_k': 4.5, 'en_adx': False, 'adx_n': 73, 'adx_threshold': 43, 'en_structure_trend': False, 'structure_trend_swing_l': 8, 'en_order_block': False, 'order_block_swing_l': 19, 'en_fvg': False, 'fvg_lookback': 29, 'en_ifvg': False, 'en_breaker': True, 'breaker_swing_l': 15, 'en_cisd': False, 'k': 1, 'en_cap_bars': True, 'cap_1min': 1380}.
[I 2026-07-13 17:20:29,304] Trial 989 finished with values: [190.06060228754222, -548.6325262000037, 38.099999999999994] and parameters: {'sl_soft': 1.4789310739311843, 'sl_hard_delta': 0.47861910073547576, 'tp': 4.4104709148058445, 'gate_pct': 58.15732751045736, 'dd_limit': 379.61887235308626, 'cooldown': 1, 'flip': True, 'en_ema_trend': False, 'ema_trend_fast': 374, 'ema_trend_slow': 311, 'en_sma_trend': True, 'sma_trend_fast': 382, 'sma_trend_slow': 121, 'en_macd': True, 'macd_fast': 6, 'macd_slow': 28, 'macd_signal': 10, 'en_vwap': False, 'en_keltner': True, 'keltner_n': 32, 'keltner_m': 1.3, 'en_obv': True, 'obv_slope': 36, 'en_cci': False, 'cci_n': 27, 'cci_threshold': 85, 'en_rsi': True, 'rsi_n': 49, 'rsi_lower': 23, 'rsi_upper': 69, 'en_stochastic': True, 'stochastic_n': 40, 'stochastic_d': 7, 'stochastic_lower': 3, 'stochastic_upper': 53, 'en_mfi': True, 'mfi_n': 9, 'mfi_lower': 31, 'mfi_upper': 58, 'en_bollinger': True, 'bollinger_n': 11, 'bollinger_k': 4.5, 'en_adx': False, 'adx_n': 73, 'adx_threshold': 43, 'en_structure_trend': True, 'structure_trend_swing_l': 6, 'en_order_block': False, 'order_block_swing_l': 20, 'en_fvg': False, 'fvg_lookback': 29, 'en_ifvg': False, 'en_breaker': True, 'breaker_swing_l': 15, 'en_cisd': True, 'k': 1, 'en_cap_bars': True, 'cap_1min': 260}.
[I 2026-07-13 17:20:36,566] Trial 990 finished with values: [-366.10222505622687, -699.6190153930684, 17.7] and parameters: {'sl_soft': 1.4789310739311843, 'sl_hard_delta': 0.47861910073547576, 'tp': 4.4104709148058445, 'gate_pct': 75.29895741667805, 'dd_limit': 390.2087279618219, 'cooldown': 2, 'flip': True, 'en_ema_trend': False, 'ema_trend_fast': 33, 'ema_trend_slow': 116, 'en_sma_trend': False, 'sma_trend_fast': 29, 'sma_trend_slow': 121, 'en_macd': True, 'macd_fast': 37, 'macd_slow': 28, 'macd_signal': 27, 'en_vwap': True, 'en_keltner': True, 'keltner_n': 48, 'keltner_m': 1.0, 'en_obv': True, 'obv_slope': 36, 'en_cci': False, 'cci_n': 128, 'cci_threshold': 85, 'en_rsi': True, 'rsi_n': 39, 'rsi_lower': 24, 'rsi_upper': 58, 'en_stochastic': True, 'stochastic_n': 86, 'stochastic_d': 11, 'stochastic_lower': 3, 'stochastic_upper': 72, 'en_mfi': True, 'mfi_n': 9, 'mfi_lower': 34, 'mfi_upper': 82, 'en_bollinger': True, 'bollinger_n': 128, 'bollinger_k': 4.5, 'en_adx': False, 'adx_n': 6, 'adx_threshold': 43, 'en_structure_trend': False, 'structure_trend_swing_l': 8, 'en_order_block': False, 'order_block_swing_l': 20, 'en_fvg': False, 'fvg_lookback': 29, 'en_ifvg': True, 'en_breaker': True, 'breaker_swing_l': 5, 'en_cisd': True, 'k': 4, 'en_cap_bars': False, 'cap_1min': 1119}.
[I 2026-07-13 17:20:42,601] Trial 991 finished with values: [823.5761081990802, -863.020069866684, 25.2] and parameters: {'sl_soft': 1.4789310739311843, 'sl_hard_delta': 0.47861910073547576, 'tp': 7.943003420975532, 'gate_pct': 98.67302380660169, 'dd_limit': 379.61887235308626, 'cooldown': 1, 'flip': True, 'en_ema_trend': False, 'ema_trend_fast': 211, 'ema_trend_slow': 334, 'en_sma_trend': False, 'sma_trend_fast': 382, 'sma_trend_slow': 114, 'en_macd': True, 'macd_fast': 6, 'macd_slow': 91, 'macd_signal': 10, 'en_vwap': False, 'en_keltner': True, 'keltner_n': 159, 'keltner_m': 2.8000000000000003, 'en_obv': False, 'obv_slope': 169, 'en_cci': True, 'cci_n': 9, 'cci_threshold': 85, 'en_rsi': True, 'rsi_n': 49, 'rsi_lower': 23, 'rsi_upper': 83, 'en_stochastic': True, 'stochastic_n': 40, 'stochastic_d': 40, 'stochastic_lower': 3, 'stochastic_upper': 72, 'en_mfi': True, 'mfi_n': 9, 'mfi_lower': 31, 'mfi_upper': 58, 'en_bollinger': True, 'bollinger_n': 127, 'bollinger_k': 4.5, 'en_adx': False, 'adx_n': 33, 'adx_threshold': 48, 'en_structure_trend': False, 'structure_trend_swing_l': 13, 'en_order_block': False, 'order_block_swing_l': 7, 'en_fvg': False, 'fvg_lookback': 46, 'en_ifvg': True, 'en_breaker': True, 'breaker_swing_l': 5, 'en_cisd': False, 'k': 1, 'en_cap_bars': False, 'cap_1min': 1332}.
[I 2026-07-13 17:20:42,938] Trial 992 finished with values: [276.4804107411351, -1388.3150297604175, 33.0] and parameters: {'sl_soft': 1.569721721408254, 'sl_hard_delta': 0.47861910073547576, 'tp': 4.4104709148058445, 'gate_pct': 79.79473082398957, 'dd_limit': 379.61887235308626, 'cooldown': 1, 'flip': True, 'en_ema_trend': False, 'ema_trend_fast': 83, 'ema_trend_slow': 116, 'en_sma_trend': False, 'sma_trend_fast': 382, 'sma_trend_slow': 121, 'en_macd': True, 'macd_fast': 37, 'macd_slow': 28, 'macd_signal': 10, 'en_vwap': True, 'en_keltner': True, 'keltner_n': 158, 'keltner_m': 4.5, 'en_obv': True, 'obv_slope': 36, 'en_cci': True, 'cci_n': 49, 'cci_threshold': 170, 'en_rsi': True, 'rsi_n': 39, 'rsi_lower': 17, 'rsi_upper': 83, 'en_stochastic': False, 'stochastic_n': 40, 'stochastic_d': 11, 'stochastic_lower': 5, 'stochastic_upper': 72, 'en_mfi': True, 'mfi_n': 46, 'mfi_lower': 24, 'mfi_upper': 82, 'en_bollinger': True, 'bollinger_n': 127, 'bollinger_k': 4.5, 'en_adx': False, 'adx_n': 96, 'adx_threshold': 43, 'en_structure_trend': True, 'structure_trend_swing_l': 9, 'en_order_block': True, 'order_block_swing_l': 20, 'en_fvg': False, 'fvg_lookback': 46, 'en_ifvg': True, 'en_breaker': False, 'breaker_swing_l': 15, 'en_cisd': False, 'k': 1, 'en_cap_bars': False, 'cap_1min': 1380}.
