[I 2026-07-13 16:58:06,050] Trial 268 finished with values: [-28.81581422242334, -729.5820520785128, 56.2] and parameters: {'sl_soft': 1.603993193315178, 'sl_hard_delta': 4.755947137814327, 'tp': 1.7027863194764645, 'gate_pct': 86.68863637915473, 'dd_limit': 235.57837541012853, 'cooldown': 7, 'flip': False, 'en_ema_trend': False, 'ema_trend_fast': 101, 'ema_trend_slow': 238, 'en_sma_trend': True, 'sma_trend_fast': 188, 'sma_trend_slow': 55, 'en_macd': False, 'macd_fast': 6, 'macd_slow': 125, 'macd_signal': 4, 'en_vwap': True, 'en_keltner': True, 'keltner_n': 68, 'keltner_m': 1.5, 'en_obv': True, 'obv_slope': 116, 'en_cci': False, 'cci_n': 91, 'cci_threshold': 155, 'en_rsi': False, 'rsi_n': 95, 'rsi_lower': 7, 'rsi_upper': 63, 'en_stochastic': False, 'stochastic_n': 8, 'stochastic_d': 40, 'stochastic_lower': 40, 'stochastic_upper': 77, 'en_mfi': True, 'mfi_n': 84, 'mfi_lower': 12, 'mfi_upper': 54, 'en_bollinger': False, 'bollinger_n': 161, 'bollinger_k': 3.4000000000000004, 'en_adx': False, 'adx_n': 31, 'adx_threshold': 57, 'en_structure_trend': True, 'structure_trend_swing_l': 19, 'en_order_block': False, 'order_block_swing_l': 14, 'en_fvg': False, 'fvg_lookback': 48, 'en_ifvg': True, 'en_breaker': True, 'breaker_swing_l': 3, 'en_cisd': True, 'k': 1, 'en_cap_bars': True, 'cap_1min': 995}.
[I 2026-07-13 16:58:09,792] Trial 269 finished with values: [-270.5708478626491, -829.9999999999727, 30.65] and parameters: {'sl_soft': 1.3896587210692737, 'sl_hard_delta': 4.874767071186354, 'tp': 4.746001606363977, 'gate_pct': 98.24909449748954, 'dd_limit': 324.55645790818636, 'cooldown': 7, 'flip': False, 'en_ema_trend': True, 'ema_trend_fast': 174, 'ema_trend_slow': 305, 'en_sma_trend': False, 'sma_trend_fast': 109, 'sma_trend_slow': 277, 'en_macd': True, 'macd_fast': 67, 'macd_slow': 172, 'macd_signal': 28, 'en_vwap': True, 'en_keltner': False, 'keltner_n': 145, 'keltner_m': 1.7000000000000002, 'en_obv': True, 'obv_slope': 173, 'en_cci': True, 'cci_n': 188, 'cci_threshold': 115, 'en_rsi': True, 'rsi_n': 50, 'rsi_lower': 8, 'rsi_upper': 57, 'en_stochastic': False, 'stochastic_n': 27, 'stochastic_d': 27, 'stochastic_lower': 12, 'stochastic_upper': 72, 'en_mfi': False, 'mfi_n': 43, 'mfi_lower': 21, 'mfi_upper': 85, 'en_bollinger': True, 'bollinger_n': 68, 'bollinger_k': 1.7000000000000002, 'en_adx': False, 'adx_n': 20, 'adx_threshold': 30, 'en_structure_trend': True, 'structure_trend_swing_l': 9, 'en_order_block': False, 'order_block_swing_l': 10, 'en_fvg': False, 'fvg_lookback': 41, 'en_ifvg': True, 'en_breaker': True, 'breaker_swing_l': 11, 'en_cisd': True, 'k': 5, 'en_cap_bars': False, 'cap_1min': 929}.
[I 2026-07-13 16:58:10,078] Trial 270 pruned. 
[I 2026-07-13 16:58:19,773] Trial 271 finished with values: [532.964242470814, -1018.6284465680728, 78.05] and parameters: {'sl_soft': 3.0753791326704585, 'sl_hard_delta': 0.653283922126385, 'tp': 1.1926865856558302, 'gate_pct': 79.12027635095406, 'dd_limit': 393.1730945240937, 'cooldown': 17, 'flip': True, 'en_ema_trend': True, 'ema_trend_fast': 324, 'ema_trend_slow': 316, 'en_sma_trend': True, 'sma_trend_fast': 221, 'sma_trend_slow': 120, 'en_macd': False, 'macd_fast': 47, 'macd_slow': 189, 'macd_signal': 47, 'en_vwap': True, 'en_keltner': True, 'keltner_n': 155, 'keltner_m': 1.6, 'en_obv': True, 'obv_slope': 2, 'en_cci': True, 'cci_n': 110, 'cci_threshold': 195, 'en_rsi': True, 'rsi_n': 63, 'rsi_lower': 40, 'rsi_upper': 86, 'en_stochastic': True, 'stochastic_n': 11, 'stochastic_d': 14, 'stochastic_lower': 13, 'stochastic_upper': 95, 'en_mfi': False, 'mfi_n': 92, 'mfi_lower': 1, 'mfi_upper': 62, 'en_bollinger': False, 'bollinger_n': 83, 'bollinger_k': 4.300000000000001, 'en_adx': False, 'adx_n': 97, 'adx_threshold': 55, 'en_structure_trend': False, 'structure_trend_swing_l': 17, 'en_order_block': False, 'order_block_swing_l': 3, 'en_fvg': False, 'fvg_lookback': 19, 'en_ifvg': False, 'en_breaker': False, 'breaker_swing_l': 11, 'en_cisd': True, 'k': 3, 'en_cap_bars': True, 'cap_1min': 914}.
[I 2026-07-13 16:58:19,957] Trial 272 pruned. 
[I 2026-07-13 16:58:27,925] Trial 273 finished with values: [-775.433843229689, -1225.473306977608, 31.5] and parameters: {'sl_soft': 3.1685904809751393, 'sl_hard_delta': 0.45591072224955825, 'tp': 3.768770539897774, 'gate_pct': 90.0783114706916, 'dd_limit': 394.88972205872113, 'cooldown': 7, 'flip': False, 'en_ema_trend': True, 'ema_trend_fast': 324, 'ema_trend_slow': 72, 'en_sma_trend': True, 'sma_trend_fast': 95, 'sma_trend_slow': 81, 'en_macd': False, 'macd_fast': 47, 'macd_slow': 144, 'macd_signal': 59, 'en_vwap': False, 'en_keltner': False, 'keltner_n': 116, 'keltner_m': 1.6, 'en_obv': True, 'obv_slope': 137, 'en_cci': False, 'cci_n': 110, 'cci_threshold': 195, 'en_rsi': True, 'rsi_n': 63, 'rsi_lower': 20, 'rsi_upper': 61, 'en_stochastic': True, 'stochastic_n': 65, 'stochastic_d': 49, 'stochastic_lower': 13, 'stochastic_upper': 64, 'en_mfi': True, 'mfi_n': 67, 'mfi_lower': 34, 'mfi_upper': 90, 'en_bollinger': False, 'bollinger_n': 83, 'bollinger_k': 1.5, 'en_adx': False, 'adx_n': 77, 'adx_threshold': 28, 'en_structure_trend': False, 'structure_trend_swing_l': 18, 'en_order_block': False, 'order_block_swing_l': 3, 'en_fvg': True, 'fvg_lookback': 38, 'en_ifvg': False, 'en_breaker': False, 'breaker_swing_l': 11, 'en_cisd': False, 'k': 3, 'en_cap_bars': True, 'cap_1min': 914}.
[I 2026-07-13 16:58:29,543] Trial 274 finished with values: [378.9442030704663, -805.9266990957667, 66.6] and parameters: {'sl_soft': 3.517671547567439, 'sl_hard_delta': 4.900862434348675, 'tp': 3.035052084189462, 'gate_pct': 74.50813821223942, 'dd_limit': 434.8338936907749, 'cooldown': 13, 'flip': True, 'en_ema_trend': False, 'ema_trend_fast': 55, 'ema_trend_slow': 196, 'en_sma_trend': False, 'sma_trend_fast': 128, 'sma_trend_slow': 396, 'en_macd': False, 'macd_fast': 56, 'macd_slow': 150, 'macd_signal': 86, 'en_vwap': False, 'en_keltner': True, 'keltner_n': 43, 'keltner_m': 3.9000000000000004, 'en_obv': True, 'obv_slope': 52, 'en_cci': True, 'cci_n': 132, 'cci_threshold': 25, 'en_rsi': False, 'rsi_n': 29, 'rsi_lower': 38, 'rsi_upper': 95, 'en_stochastic': False, 'stochastic_n': 8, 'stochastic_d': 31, 'stochastic_lower': 47, 'stochastic_upper': 97, 'en_mfi': True, 'mfi_n': 65, 'mfi_lower': 40, 'mfi_upper': 74, 'en_bollinger': True, 'bollinger_n': 198, 'bollinger_k': 4.7, 'en_adx': False, 'adx_n': 19, 'adx_threshold': 12, 'en_structure_trend': True, 'structure_trend_swing_l': 19, 'en_order_block': False, 'order_block_swing_l': 11, 'en_fvg': True, 'fvg_lookback': 7, 'en_ifvg': False, 'en_breaker': False, 'breaker_swing_l': 18, 'en_cisd': True, 'k': 3, 'en_cap_bars': True, 'cap_1min': 412}.
[I 2026-07-13 16:58:29,823] Trial 275 finished with values: [-506.3784585863573, -666.7504459424208, 13.4] and parameters: {'sl_soft': 0.700218284426531, 'sl_hard_delta': 2.334790634421914, 'tp': 3.5074397471209053, 'gate_pct': 42.37120833684469, 'dd_limit': 504.12940677292096, 'cooldown': 12, 'flip': False, 'en_ema_trend': False, 'ema_trend_fast': 196, 'ema_trend_slow': 8, 'en_sma_trend': True, 'sma_trend_fast': 271, 'sma_trend_slow': 242, 'en_macd': False, 'macd_fast': 69, 'macd_slow': 154, 'macd_signal': 12, 'en_vwap': True, 'en_keltner': True, 'keltner_n': 3, 'keltner_m': 3.3000000000000003, 'en_obv': True, 'obv_slope': 188, 'en_cci': False, 'cci_n': 156, 'cci_threshold': 300, 'en_rsi': False, 'rsi_n': 52, 'rsi_lower': 18, 'rsi_upper': 59, 'en_stochastic': False, 'stochastic_n': 66, 'stochastic_d': 9, 'stochastic_lower': 40, 'stochastic_upper': 63, 'en_mfi': False, 'mfi_n': 72, 'mfi_lower': 13, 'mfi_upper': 75, 'en_bollinger': False, 'bollinger_n': 96, 'bollinger_k': 4.6000000000000005, 'en_adx': True, 'adx_n': 56, 'adx_threshold': 7, 'en_structure_trend': False, 'structure_trend_swing_l': 15, 'en_order_block': True, 'order_block_swing_l': 18, 'en_fvg': True, 'fvg_lookback': 25, 'en_ifvg': True, 'en_breaker': True, 'breaker_swing_l': 14, 'en_cisd': True, 'k': 2, 'en_cap_bars': True, 'cap_1min': 652}.
[I 2026-07-13 16:58:30,842] Trial 276 pruned. 
[I 2026-07-13 16:58:31,542] Trial 277 finished with values: [-1130.2925202279198, -4611.244504941396, 61.75] and parameters: {'sl_soft': 2.9453095336340143, 'sl_hard_delta': 4.226325311270573, 'tp': 2.275610591236818, 'gate_pct': 93.79805140335328, 'dd_limit': 27.16895172481854, 'cooldown': 3, 'flip': True, 'en_ema_trend': False, 'ema_trend_fast': 290, 'ema_trend_slow': 100, 'en_sma_trend': True, 'sma_trend_fast': 45, 'sma_trend_slow': 307, 'en_macd': False, 'macd_fast': 60, 'macd_slow': 5, 'macd_signal': 72, 'en_vwap': True, 'en_keltner': False, 'keltner_n': 72, 'keltner_m': 3.0, 'en_obv': True, 'obv_slope': 93, 'en_cci': False, 'cci_n': 3, 'cci_threshold': 265, 'en_rsi': False, 'rsi_n': 71, 'rsi_lower': 28, 'rsi_upper': 73, 'en_stochastic': False, 'stochastic_n': 62, 'stochastic_d': 40, 'stochastic_lower': 21, 'stochastic_upper': 69, 'en_mfi': False, 'mfi_n': 51, 'mfi_lower': 49, 'mfi_upper': 72, 'en_bollinger': False, 'bollinger_n': 181, 'bollinger_k': 2.4000000000000004, 'en_adx': False, 'adx_n': 62, 'adx_threshold': 27, 'en_structure_trend': False, 'structure_trend_swing_l': 4, 'en_order_block': False, 'order_block_swing_l': 18, 'en_fvg': True, 'fvg_lookback': 14, 'en_ifvg': False, 'en_breaker': False, 'breaker_swing_l': 20, 'en_cisd': True, 'k': 2, 'en_cap_bars': True, 'cap_1min': 693}.
[I 2026-07-13 16:58:32,512] Trial 278 pruned. 
[I 2026-07-13 16:58:33,842] Trial 279 pruned. 
[I 2026-07-13 16:58:37,111] Trial 280 finished with values: [-181.74979920446503, -784.2161103246781, 30.85] and parameters: {'sl_soft': 2.650892107991535, 'sl_hard_delta': 2.741268995255218, 'tp': 4.746001606363977, 'gate_pct': 88.06216959925202, 'dd_limit': 398.7158815502001, 'cooldown': 18, 'flip': True, 'en_ema_trend': False, 'ema_trend_fast': 14, 'ema_trend_slow': 305, 'en_sma_trend': True, 'sma_trend_fast': 44, 'sma_trend_slow': 277, 'en_macd': False, 'macd_fast': 98, 'macd_slow': 21, 'macd_signal': 87, 'en_vwap': True, 'en_keltner': True, 'keltner_n': 160, 'keltner_m': 4.5, 'en_obv': True, 'obv_slope': 107, 'en_cci': False, 'cci_n': 23, 'cci_threshold': 50, 'en_rsi': True, 'rsi_n': 9, 'rsi_lower': 29, 'rsi_upper': 57, 'en_stochastic': False, 'stochastic_n': 67, 'stochastic_d': 27, 'stochastic_lower': 49, 'stochastic_upper': 72, 'en_mfi': True, 'mfi_n': 41, 'mfi_lower': 21, 'mfi_upper': 88, 'en_bollinger': True, 'bollinger_n': 9, 'bollinger_k': 1.7000000000000002, 'en_adx': False, 'adx_n': 32, 'adx_threshold': 52, 'en_structure_trend': False, 'structure_trend_swing_l': 9, 'en_order_block': False, 'order_block_swing_l': 10, 'en_fvg': False, 'fvg_lookback': 34, 'en_ifvg': True, 'en_breaker': False, 'breaker_swing_l': 1, 'en_cisd': True, 'k': 4, 'en_cap_bars': False, 'cap_1min': 689}.
[I 2026-07-13 16:58:46,446] Trial 281 finished with values: [-156.87969818999363, -1241.3474908369608, 52.05] and parameters: {'sl_soft': 2.2593643341281986, 'sl_hard_delta': 3.435061074265694, 'tp': 2.5212882941203345, 'gate_pct': 84.68288014900352, 'dd_limit': 413.1031355436915, 'cooldown': 7, 'flip': False, 'en_ema_trend': False, 'ema_trend_fast': 29, 'ema_trend_slow': 231, 'en_sma_trend': False, 'sma_trend_fast': 128, 'sma_trend_slow': 396, 'en_macd': True, 'macd_fast': 71, 'macd_slow': 150, 'macd_signal': 14, 'en_vwap': False, 'en_keltner': True, 'keltner_n': 43, 'keltner_m': 3.7, 'en_obv': True, 'obv_slope': 180, 'en_cci': True, 'cci_n': 48, 'cci_threshold': 280, 'en_rsi': False, 'rsi_n': 36, 'rsi_lower': 38, 'rsi_upper': 95, 'en_stochastic': False, 'stochastic_n': 25, 'stochastic_d': 36, 'stochastic_lower': 47, 'stochastic_upper': 82, 'en_mfi': False, 'mfi_n': 65, 'mfi_lower': 23, 'mfi_upper': 97, 'en_bollinger': True, 'bollinger_n': 24, 'bollinger_k': 4.9, 'en_adx': True, 'adx_n': 88, 'adx_threshold': 12, 'en_structure_trend': False, 'structure_trend_swing_l': 13, 'en_order_block': False, 'order_block_swing_l': 19, 'en_fvg': False, 'fvg_lookback': 7, 'en_ifvg': False, 'en_breaker': False, 'breaker_swing_l': 1, 'en_cisd': True, 'k': 2, 'en_cap_bars': False, 'cap_1min': 884}.
[I 2026-07-13 16:58:47,870] Trial 282 finished with values: [-12.080272581027884, -1342.6794905240513, 47.3] and parameters: {'sl_soft': 2.0906530802761334, 'sl_hard_delta': 3.333793132558651, 'tp': 3.313614659312756, 'gate_pct': 98.24909449748954, 'dd_limit': 335.91144603893065, 'cooldown': 7, 'flip': False, 'en_ema_trend': False, 'ema_trend_fast': 188, 'ema_trend_slow': 359, 'en_sma_trend': True, 'sma_trend_fast': 167, 'sma_trend_slow': 275, 'en_macd': False, 'macd_fast': 81, 'macd_slow': 172, 'macd_signal': 2, 'en_vwap': True, 'en_keltner': False, 'keltner_n': 200, 'keltner_m': 2.2, 'en_obv': False, 'obv_slope': 47, 'en_cci': True, 'cci_n': 188, 'cci_threshold': 165, 'en_rsi': False, 'rsi_n': 21, 'rsi_lower': 8, 'rsi_upper': 86, 'en_stochastic': False, 'stochastic_n': 85, 'stochastic_d': 18, 'stochastic_lower': 4, 'stochastic_upper': 71, 'en_mfi': False, 'mfi_n': 7, 'mfi_lower': 47, 'mfi_upper': 85, 'en_bollinger': False, 'bollinger_n': 35, 'bollinger_k': 0.5, 'en_adx': False, 'adx_n': 91, 'adx_threshold': 50, 'en_structure_trend': True, 'structure_trend_swing_l': 4, 'en_order_block': True, 'order_block_swing_l': 10, 'en_fvg': False, 'fvg_lookback': 31, 'en_ifvg': True, 'en_breaker': True, 'breaker_swing_l': 3, 'en_cisd': False, 'k': 1, 'en_cap_bars': True, 'cap_1min': 929}.
[I 2026-07-13 16:58:49,683] Trial 283 pruned. 
[I 2026-07-13 16:58:56,915] Trial 284 finished with values: [-151.8146053403143, -472.39223172798575, 48.55] and parameters: {'sl_soft': 3.517671547567439, 'sl_hard_delta': 1.265225171181504, 'tp': 3.035052084189462, 'gate_pct': 74.50813821223942, 'dd_limit': 284.01961970925504, 'cooldown': 10, 'flip': True, 'en_ema_trend': True, 'ema_trend_fast': 55, 'ema_trend_slow': 226, 'en_sma_trend': True, 'sma_trend_fast': 142, 'sma_trend_slow': 400, 'en_macd': False, 'macd_fast': 20, 'macd_slow': 185, 'macd_signal': 11, 'en_vwap': True, 'en_keltner': True, 'keltner_n': 13, 'keltner_m': 1.5, 'en_obv': True, 'obv_slope': 120, 'en_cci': True, 'cci_n': 132, 'cci_threshold': 25, 'en_rsi': True, 'rsi_n': 33, 'rsi_lower': 44, 'rsi_upper': 68, 'en_stochastic': True, 'stochastic_n': 8, 'stochastic_d': 7, 'stochastic_lower': 42, 'stochastic_upper': 90, 'en_mfi': True, 'mfi_n': 20, 'mfi_lower': 16, 'mfi_upper': 71, 'en_bollinger': True, 'bollinger_n': 100, 'bollinger_k': 2.6, 'en_adx': False, 'adx_n': 23, 'adx_threshold': 31, 'en_structure_trend': True, 'structure_trend_swing_l': 19, 'en_order_block': False, 'order_block_swing_l': 11, 'en_fvg': False, 'fvg_lookback': 8, 'en_ifvg': True, 'en_breaker': True, 'breaker_swing_l': 18, 'en_cisd': True, 'k': 3, 'en_cap_bars': True, 'cap_1min': 1002}.
[I 2026-07-13 16:58:57,997] Trial 285 finished with values: [-25.009347853631425, -530.0000000000068, 23.6] and parameters: {'sl_soft': 1.0063442051374751, 'sl_hard_delta': 4.226325311270573, 'tp': 5.599937680975634, 'gate_pct': 76.97662112798537, 'dd_limit': 133.93255991555952, 'cooldown': 14, 'flip': True, 'en_ema_trend': True, 'ema_trend_fast': 196, 'ema_trend_slow': 17, 'en_sma_trend': False, 'sma_trend_fast': 92, 'sma_trend_slow': 307, 'en_macd': False, 'macd_fast': 25, 'macd_slow': 5, 'macd_signal': 92, 'en_vwap': False, 'en_keltner': False, 'keltner_n': 3, 'keltner_m': 4.6000000000000005, 'en_obv': True, 'obv_slope': 108, 'en_cci': True, 'cci_n': 27, 'cci_threshold': 220, 'en_rsi': False, 'rsi_n': 10, 'rsi_lower': 28, 'rsi_upper': 73, 'en_stochastic': False, 'stochastic_n': 62, 'stochastic_d': 40, 'stochastic_lower': 48, 'stochastic_upper': 81, 'en_mfi': True, 'mfi_n': 96, 'mfi_lower': 49, 'mfi_upper': 64, 'en_bollinger': False, 'bollinger_n': 181, 'bollinger_k': 3.0, 'en_adx': False, 'adx_n': 18, 'adx_threshold': 12, 'en_structure_trend': False, 'structure_trend_swing_l': 5, 'en_order_block': False, 'order_block_swing_l': 6, 'en_fvg': True, 'fvg_lookback': 28, 'en_ifvg': False, 'en_breaker': True, 'breaker_swing_l': 6, 'en_cisd': True, 'k': 2, 'en_cap_bars': False, 'cap_1min': 846}.
[I 2026-07-13 16:59:03,017] Trial 286 finished with values: [562.9685566946023, -1038.51814566151, 48.95] and parameters: {'sl_soft': 0.9593642808849633, 'sl_hard_delta': 2.0627751657877855, 'tp': 2.388313553351657, 'gate_pct': 97.49754431689279, 'dd_limit': 244.67886904838787, 'cooldown': 2, 'flip': True, 'en_ema_trend': True, 'ema_trend_fast': 249, 'ema_trend_slow': 159, 'en_sma_trend': True, 'sma_trend_fast': 299, 'sma_trend_slow': 378, 'en_macd': False, 'macd_fast': 13, 'macd_slow': 187, 'macd_signal': 43, 'en_vwap': True, 'en_keltner': True, 'keltner_n': 34, 'keltner_m': 3.6, 'en_obv': True, 'obv_slope': 161, 'en_cci': False, 'cci_n': 2, 'cci_threshold': 20, 'en_rsi': True, 'rsi_n': 63, 'rsi_lower': 22, 'rsi_upper': 89, 'en_stochastic': False, 'stochastic_n': 64, 'stochastic_d': 26, 'stochastic_lower': 46, 'stochastic_upper': 90, 'en_mfi': False, 'mfi_n': 64, 'mfi_lower': 31, 'mfi_upper': 89, 'en_bollinger': False, 'bollinger_n': 7, 'bollinger_k': 1.8, 'en_adx': False, 'adx_n': 30, 'adx_threshold': 42, 'en_structure_trend': True, 'structure_trend_swing_l': 3, 'en_order_block': True, 'order_block_swing_l': 5, 'en_fvg': True, 'fvg_lookback': 11, 'en_ifvg': True, 'en_breaker': True, 'breaker_swing_l': 18, 'en_cisd': True, 'k': 5, 'en_cap_bars': False, 'cap_1min': 782}.
[I 2026-07-13 16:59:04,022] Trial 287 pruned. 
[I 2026-07-13 16:59:05,265] Trial 288 pruned. 
[I 2026-07-13 16:59:11,502] Trial 289 finished with values: [18.44132991055858, -830.4845932059152, 60.55] and parameters: {'sl_soft': 3.398298896849534, 'sl_hard_delta': 1.0336497817025352, 'tp': 2.570841098597147, 'gate_pct': 97.52011350142476, 'dd_limit': 60.80016338531003, 'cooldown': 4, 'flip': False, 'en_ema_trend': False, 'ema_trend_fast': 269, 'ema_trend_slow': 192, 'en_sma_trend': True, 'sma_trend_fast': 62, 'sma_trend_slow': 134, 'en_macd': False, 'macd_fast': 98, 'macd_slow': 193, 'macd_signal': 24, 'en_vwap': False, 'en_keltner': False, 'keltner_n': 160, 'keltner_m': 3.9000000000000004, 'en_obv': True, 'obv_slope': 38, 'en_cci': False, 'cci_n': 8, 'cci_threshold': 180, 'en_rsi': False, 'rsi_n': 9, 'rsi_lower': 29, 'rsi_upper': 90, 'en_stochastic': True, 'stochastic_n': 67, 'stochastic_d': 10, 'stochastic_lower': 28, 'stochastic_upper': 91, 'en_mfi': True, 'mfi_n': 41, 'mfi_lower': 24, 'mfi_upper': 88, 'en_bollinger': True, 'bollinger_n': 24, 'bollinger_k': 3.0, 'en_adx': False, 'adx_n': 77, 'adx_threshold': 11, 'en_structure_trend': True, 'structure_trend_swing_l': 19, 'en_order_block': False, 'order_block_swing_l': 1, 'en_fvg': False, 'fvg_lookback': 31, 'en_ifvg': False, 'en_breaker': False, 'breaker_swing_l': 20, 'en_cisd': False, 'k': 4, 'en_cap_bars': True, 'cap_1min': 689}.
[I 2026-07-13 16:59:13,169] Trial 290 pruned. 
[I 2026-07-13 16:59:15,099] Trial 291 finished with values: [13.245311768912416, -635.82573563815, 43.95] and parameters: {'sl_soft': 0.7936465282950487, 'sl_hard_delta': 4.870575879708306, 'tp': 2.09587132180923, 'gate_pct': 61.70561390485503, 'dd_limit': 472.70961059008954, 'cooldown': 7, 'flip': False, 'en_ema_trend': False, 'ema_trend_fast': 11, 'ema_trend_slow': 305, 'en_sma_trend': True, 'sma_trend_fast': 59, 'sma_trend_slow': 134, 'en_macd': True, 'macd_fast': 50, 'macd_slow': 175, 'macd_signal': 27, 'en_vwap': False, 'en_keltner': False, 'keltner_n': 5, 'keltner_m': 3.4000000000000004, 'en_obv': True, 'obv_slope': 150, 'en_cci': False, 'cci_n': 123, 'cci_threshold': 120, 'en_rsi': False, 'rsi_n': 46, 'rsi_lower': 3, 'rsi_upper': 61, 'en_stochastic': False, 'stochastic_n': 93, 'stochastic_d': 10, 'stochastic_lower': 12, 'stochastic_upper': 92, 'en_mfi': True, 'mfi_n': 86, 'mfi_lower': 24, 'mfi_upper': 93, 'en_bollinger': False, 'bollinger_n': 133, 'bollinger_k': 1.9000000000000001, 'en_adx': False, 'adx_n': 77, 'adx_threshold': 14, 'en_structure_trend': True, 'structure_trend_swing_l': 9, 'en_order_block': True, 'order_block_swing_l': 19, 'en_fvg': True, 'fvg_lookback': 20, 'en_ifvg': True, 'en_breaker': True, 'breaker_swing_l': 4, 'en_cisd': True, 'k': 5, 'en_cap_bars': False, 'cap_1min': 1119}.
[I 2026-07-13 16:59:18,628] Trial 292 finished with values: [470.1212054830876, -639.9268333329701, 48.25] and parameters: {'sl_soft': 1.2301008880385436, 'sl_hard_delta': 2.905993056033855, 'tp': 2.9458524258041714, 'gate_pct': 84.68288014900352, 'dd_limit': 48.78569624793002, 'cooldown': 9, 'flip': True, 'en_ema_trend': False, 'ema_trend_fast': 208, 'ema_trend_slow': 139, 'en_sma_trend': False, 'sma_trend_fast': 266, 'sma_trend_slow': 143, 'en_macd': False, 'macd_fast': 93, 'macd_slow': 150, 'macd_signal': 67, 'en_vwap': True, 'en_keltner': True, 'keltner_n': 137, 'keltner_m': 3.9000000000000004, 'en_obv': False, 'obv_slope': 8, 'en_cci': False, 'cci_n': 106, 'cci_threshold': 280, 'en_rsi': True, 'rsi_n': 67, 'rsi_lower': 7, 'rsi_upper': 95, 'en_stochastic': False, 'stochastic_n': 22, 'stochastic_d': 5, 'stochastic_lower': 47, 'stochastic_upper': 57, 'en_mfi': True, 'mfi_n': 65, 'mfi_lower': 10, 'mfi_upper': 68, 'en_bollinger': False, 'bollinger_n': 186, 'bollinger_k': 1.6, 'en_adx': False, 'adx_n': 19, 'adx_threshold': 12, 'en_structure_trend': False, 'structure_trend_swing_l': 1, 'en_order_block': False, 'order_block_swing_l': 1, 'en_fvg': False, 'fvg_lookback': 36, 'en_ifvg': False, 'en_breaker': False, 'breaker_swing_l': 18, 'en_cisd': True, 'k': 3, 'en_cap_bars': False, 'cap_1min': 412}.
