[I 2026-07-13 17:16:35,544] Trial 488 finished with values: [-11.940889391985365, -119.08596609619053, 42.9] and parameters: {'sl_soft': 0.95083156235771, 'sl_hard_delta': 0.24002809860404511, 'tp': 1.5082069520025265, 'gate_pct': 84.86382733879176, 'dd_limit': 129.62211800890103, 'cooldown': 15, 'flip': True, 'en_ema_trend': False, 'ema_trend_fast': 40, 'ema_trend_slow': 26, 'en_sma_trend': False, 'sma_trend_fast': 155, 'sma_trend_slow': 263, 'en_macd': True, 'macd_fast': 96, 'macd_slow': 156, 'macd_signal': 86, 'en_vwap': False, 'en_keltner': True, 'keltner_n': 162, 'keltner_m': 2.9000000000000004, 'en_obv': True, 'obv_slope': 116, 'en_cci': True, 'cci_n': 111, 'cci_threshold': 25, 'en_rsi': True, 'rsi_n': 87, 'rsi_lower': 38, 'rsi_upper': 86, 'en_stochastic': True, 'stochastic_n': 32, 'stochastic_d': 27, 'stochastic_lower': 40, 'stochastic_upper': 89, 'en_mfi': True, 'mfi_n': 82, 'mfi_lower': 20, 'mfi_upper': 72, 'en_bollinger': False, 'bollinger_n': 86, 'bollinger_k': 3.4000000000000004, 'en_adx': True, 'adx_n': 16, 'adx_threshold': 27, 'en_structure_trend': True, 'structure_trend_swing_l': 1, 'en_order_block': True, 'order_block_swing_l': 16, 'en_fvg': False, 'fvg_lookback': 28, 'en_ifvg': True, 'en_breaker': False, 'breaker_swing_l': 19, 'en_cisd': False, 'k': 4, 'en_cap_bars': False, 'cap_1min': 379}.
[I 2026-07-13 17:16:37,186] Trial 489 finished with values: [-39.32162490593214, -288.1719321923583, 45.85] and parameters: {'sl_soft': 0.95083156235771, 'sl_hard_delta': 0.24002809860404511, 'tp': 1.2921449941565541, 'gate_pct': 84.86382733879176, 'dd_limit': 129.62211800890103, 'cooldown': 11, 'flip': False, 'en_ema_trend': False, 'ema_trend_fast': 33, 'ema_trend_slow': 305, 'en_sma_trend': False, 'sma_trend_fast': 232, 'sma_trend_slow': 248, 'en_macd': True, 'macd_fast': 96, 'macd_slow': 94, 'macd_signal': 27, 'en_vwap': False, 'en_keltner': True, 'keltner_n': 3, 'keltner_m': 2.9000000000000004, 'en_obv': True, 'obv_slope': 116, 'en_cci': True, 'cci_n': 111, 'cci_threshold': 195, 'en_rsi': True, 'rsi_n': 46, 'rsi_lower': 3, 'rsi_upper': 86, 'en_stochastic': True, 'stochastic_n': 9, 'stochastic_d': 36, 'stochastic_lower': 40, 'stochastic_upper': 92, 'en_mfi': True, 'mfi_n': 95, 'mfi_lower': 20, 'mfi_upper': 93, 'en_bollinger': False, 'bollinger_n': 86, 'bollinger_k': 2.1, 'en_adx': True, 'adx_n': 16, 'adx_threshold': 27, 'en_structure_trend': True, 'structure_trend_swing_l': 9, 'en_order_block': False, 'order_block_swing_l': 16, 'en_fvg': False, 'fvg_lookback': 28, 'en_ifvg': False, 'en_breaker': False, 'breaker_swing_l': 3, 'en_cisd': True, 'k': 4, 'en_cap_bars': False, 'cap_1min': 379}.
[I 2026-07-13 17:16:37,566] Trial 490 finished with values: [177.91726423496357, -413.8330943060396, 37.7] and parameters: {'sl_soft': 0.96156299418656, 'sl_hard_delta': 1.678327956278705, 'tp': 2.9116690569400108, 'gate_pct': 49.958417067888604, 'dd_limit': 398.7158815502001, 'cooldown': 27, 'flip': True, 'en_ema_trend': False, 'ema_trend_fast': 14, 'ema_trend_slow': 42, 'en_sma_trend': False, 'sma_trend_fast': 323, 'sma_trend_slow': 277, 'en_macd': True, 'macd_fast': 16, 'macd_slow': 82, 'macd_signal': 8, 'en_vwap': True, 'en_keltner': False, 'keltner_n': 175, 'keltner_m': 4.300000000000001, 'en_obv': True, 'obv_slope': 191, 'en_cci': True, 'cci_n': 82, 'cci_threshold': 50, 'en_rsi': True, 'rsi_n': 50, 'rsi_lower': 2, 'rsi_upper': 88, 'en_stochastic': False, 'stochastic_n': 27, 'stochastic_d': 27, 'stochastic_lower': 49, 'stochastic_upper': 72, 'en_mfi': True, 'mfi_n': 100, 'mfi_lower': 15, 'mfi_upper': 51, 'en_bollinger': False, 'bollinger_n': 68, 'bollinger_k': 1.7000000000000002, 'en_adx': False, 'adx_n': 61, 'adx_threshold': 52, 'en_structure_trend': False, 'structure_trend_swing_l': 4, 'en_order_block': False, 'order_block_swing_l': 8, 'en_fvg': False, 'fvg_lookback': 35, 'en_ifvg': True, 'en_breaker': True, 'breaker_swing_l': 5, 'en_cisd': True, 'k': 5, 'en_cap_bars': False, 'cap_1min': 1153}.
[I 2026-07-13 17:16:37,889] Trial 491 finished with values: [-9.440889391987639, -137.76158459224916, 46.45] and parameters: {'sl_soft': 0.95083156235771, 'sl_hard_delta': 0.24002809860404511, 'tp': 1.5082069520025265, 'gate_pct': 84.86382733879176, 'dd_limit': 129.62211800890103, 'cooldown': 15, 'flip': True, 'en_ema_trend': False, 'ema_trend_fast': 40, 'ema_trend_slow': 304, 'en_sma_trend': False, 'sma_trend_fast': 11, 'sma_trend_slow': 263, 'en_macd': True, 'macd_fast': 96, 'macd_slow': 156, 'macd_signal': 86, 'en_vwap': False, 'en_keltner': True, 'keltner_n': 162, 'keltner_m': 2.9000000000000004, 'en_obv': True, 'obv_slope': 116, 'en_cci': True, 'cci_n': 111, 'cci_threshold': 25, 'en_rsi': True, 'rsi_n': 87, 'rsi_lower': 38, 'rsi_upper': 86, 'en_stochastic': True, 'stochastic_n': 32, 'stochastic_d': 27, 'stochastic_lower': 40, 'stochastic_upper': 89, 'en_mfi': True, 'mfi_n': 82, 'mfi_lower': 20, 'mfi_upper': 95, 'en_bollinger': False, 'bollinger_n': 86, 'bollinger_k': 3.4000000000000004, 'en_adx': True, 'adx_n': 16, 'adx_threshold': 27, 'en_structure_trend': True, 'structure_trend_swing_l': 1, 'en_order_block': True, 'order_block_swing_l': 16, 'en_fvg': False, 'fvg_lookback': 28, 'en_ifvg': True, 'en_breaker': False, 'breaker_swing_l': 3, 'en_cisd': False, 'k': 4, 'en_cap_bars': False, 'cap_1min': 379}.
[I 2026-07-13 17:16:44,551] Trial 492 finished with values: [-9.83267740239171, -301.0013488599725, 27.1] and parameters: {'sl_soft': 1.22587773067775, 'sl_hard_delta': 0.2791290136221785, 'tp': 3.664190086725569, 'gate_pct': 75.29895741667805, 'dd_limit': 169.33568383751842, 'cooldown': 16, 'flip': True, 'en_ema_trend': True, 'ema_trend_fast': 109, 'ema_trend_slow': 359, 'en_sma_trend': False, 'sma_trend_fast': 232, 'sma_trend_slow': 248, 'en_macd': True, 'macd_fast': 81, 'macd_slow': 94, 'macd_signal': 27, 'en_vwap': True, 'en_keltner': False, 'keltner_n': 116, 'keltner_m': 2.9000000000000004, 'en_obv': False, 'obv_slope': 137, 'en_cci': True, 'cci_n': 182, 'cci_threshold': 195, 'en_rsi': True, 'rsi_n': 54, 'rsi_lower': 37, 'rsi_upper': 85, 'en_stochastic': True, 'stochastic_n': 77, 'stochastic_d': 36, 'stochastic_lower': 34, 'stochastic_upper': 92, 'en_mfi': True, 'mfi_n': 57, 'mfi_lower': 20, 'mfi_upper': 88, 'en_bollinger': False, 'bollinger_n': 57, 'bollinger_k': 1.5, 'en_adx': False, 'adx_n': 76, 'adx_threshold': 32, 'en_structure_trend': False, 'structure_trend_swing_l': 7, 'en_order_block': False, 'order_block_swing_l': 2, 'en_fvg': True, 'fvg_lookback': 31, 'en_ifvg': False, 'en_breaker': True, 'breaker_swing_l': 7, 'en_cisd': False, 'k': 3, 'en_cap_bars': False, 'cap_1min': 1249}.
[I 2026-07-13 17:16:46,070] Trial 493 pruned. 
[I 2026-07-13 17:16:49,190] Trial 494 finished with values: [-163.93935729946634, -410.6520396295764, 22.65] and parameters: {'sl_soft': 0.7756993843732112, 'sl_hard_delta': 0.3269087741450897, 'tp': 2.9116690569400108, 'gate_pct': 52.631811604471054, 'dd_limit': 398.7158815502001, 'cooldown': 27, 'flip': True, 'en_ema_trend': True, 'ema_trend_fast': 314, 'ema_trend_slow': 167, 'en_sma_trend': True, 'sma_trend_fast': 178, 'sma_trend_slow': 277, 'en_macd': True, 'macd_fast': 57, 'macd_slow': 64, 'macd_signal': 8, 'en_vwap': True, 'en_keltner': False, 'keltner_n': 49, 'keltner_m': 4.300000000000001, 'en_obv': False, 'obv_slope': 143, 'en_cci': False, 'cci_n': 42, 'cci_threshold': 195, 'en_rsi': True, 'rsi_n': 25, 'rsi_lower': 37, 'rsi_upper': 58, 'en_stochastic': False, 'stochastic_n': 71, 'stochastic_d': 6, 'stochastic_lower': 12, 'stochastic_upper': 62, 'en_mfi': True, 'mfi_n': 89, 'mfi_lower': 25, 'mfi_upper': 70, 'en_bollinger': True, 'bollinger_n': 57, 'bollinger_k': 4.8, 'en_adx': False, 'adx_n': 2, 'adx_threshold': 26, 'en_structure_trend': False, 'structure_trend_swing_l': 11, 'en_order_block': False, 'order_block_swing_l': 8, 'en_fvg': True, 'fvg_lookback': 35, 'en_ifvg': True, 'en_breaker': True, 'breaker_swing_l': 18, 'en_cisd': True, 'k': 5, 'en_cap_bars': False, 'cap_1min': 332}.
[I 2026-07-13 17:16:50,596] Trial 495 pruned. 
[I 2026-07-13 17:16:51,211] Trial 496 finished with values: [-166.91018843549728, -717.5754077779857, 31.75] and parameters: {'sl_soft': 0.7756993843732112, 'sl_hard_delta': 1.8647731859224803, 'tp': 2.5647184925159534, 'gate_pct': 62.02693045764362, 'dd_limit': 208.93735973419433, 'cooldown': 18, 'flip': True, 'en_ema_trend': True, 'ema_trend_fast': 112, 'ema_trend_slow': 361, 'en_sma_trend': False, 'sma_trend_fast': 232, 'sma_trend_slow': 248, 'en_macd': False, 'macd_fast': 52, 'macd_slow': 64, 'macd_signal': 17, 'en_vwap': True, 'en_keltner': True, 'keltner_n': 49, 'keltner_m': 4.5, 'en_obv': False, 'obv_slope': 167, 'en_cci': True, 'cci_n': 42, 'cci_threshold': 195, 'en_rsi': True, 'rsi_n': 97, 'rsi_lower': 37, 'rsi_upper': 57, 'en_stochastic': False, 'stochastic_n': 71, 'stochastic_d': 34, 'stochastic_lower': 33, 'stochastic_upper': 94, 'en_mfi': False, 'mfi_n': 80, 'mfi_lower': 8, 'mfi_upper': 70, 'en_bollinger': True, 'bollinger_n': 57, 'bollinger_k': 3.9000000000000004, 'en_adx': False, 'adx_n': 2, 'adx_threshold': 41, 'en_structure_trend': True, 'structure_trend_swing_l': 11, 'en_order_block': False, 'order_block_swing_l': 2, 'en_fvg': True, 'fvg_lookback': 1, 'en_ifvg': False, 'en_breaker': False, 'breaker_swing_l': 7, 'en_cisd': False, 'k': 3, 'en_cap_bars': False, 'cap_1min': 1381}.
[I 2026-07-13 17:16:59,505] Trial 497 finished with values: [-108.12149240420013, -554.0121439051518, 64.55] and parameters: {'sl_soft': 0.8668241302577042, 'sl_hard_delta': 2.145728223926894, 'tp': 0.6549392804740899, 'gate_pct': 75.29895741667805, 'dd_limit': 241.42955722086123, 'cooldown': 11, 'flip': False, 'en_ema_trend': True, 'ema_trend_fast': 33, 'ema_trend_slow': 30, 'en_sma_trend': False, 'sma_trend_fast': 298, 'sma_trend_slow': 111, 'en_macd': True, 'macd_fast': 85, 'macd_slow': 94, 'macd_signal': 54, 'en_vwap': True, 'en_keltner': False, 'keltner_n': 3, 'keltner_m': 3.5, 'en_obv': True, 'obv_slope': 163, 'en_cci': True, 'cci_n': 122, 'cci_threshold': 195, 'en_rsi': True, 'rsi_n': 46, 'rsi_lower': 47, 'rsi_upper': 61, 'en_stochastic': True, 'stochastic_n': 9, 'stochastic_d': 37, 'stochastic_lower': 8, 'stochastic_upper': 92, 'en_mfi': True, 'mfi_n': 95, 'mfi_lower': 29, 'mfi_upper': 93, 'en_bollinger': False, 'bollinger_n': 144, 'bollinger_k': 1.8, 'en_adx': False, 'adx_n': 76, 'adx_threshold': 17, 'en_structure_trend': True, 'structure_trend_swing_l': 11, 'en_order_block': False, 'order_block_swing_l': 11, 'en_fvg': False, 'fvg_lookback': 28, 'en_ifvg': False, 'en_breaker': True, 'breaker_swing_l': 7, 'en_cisd': True, 'k': 3, 'en_cap_bars': False, 'cap_1min': 1119}.
[I 2026-07-13 17:17:05,239] Trial 498 finished with values: [-114.34880698326424, -436.3769408293365, 78.94999999999999] and parameters: {'sl_soft': 1.981810592659986, 'sl_hard_delta': 2.145728223926894, 'tp': 0.6549392804740899, 'gate_pct': 95.28097951734324, 'dd_limit': 284.01961970925504, 'cooldown': 15, 'flip': True, 'en_ema_trend': False, 'ema_trend_fast': 29, 'ema_trend_slow': 30, 'en_sma_trend': False, 'sma_trend_fast': 298, 'sma_trend_slow': 400, 'en_macd': False, 'macd_fast': 20, 'macd_slow': 185, 'macd_signal': 11, 'en_vwap': True, 'en_keltner': False, 'keltner_n': 105, 'keltner_m': 3.5, 'en_obv': True, 'obv_slope': 18, 'en_cci': True, 'cci_n': 184, 'cci_threshold': 220, 'en_rsi': True, 'rsi_n': 69, 'rsi_lower': 47, 'rsi_upper': 74, 'en_stochastic': True, 'stochastic_n': 3, 'stochastic_d': 13, 'stochastic_lower': 8, 'stochastic_upper': 90, 'en_mfi': False, 'mfi_n': 88, 'mfi_lower': 16, 'mfi_upper': 99, 'en_bollinger': True, 'bollinger_n': 164, 'bollinger_k': 0.5, 'en_adx': False, 'adx_n': 23, 'adx_threshold': 18, 'en_structure_trend': True, 'structure_trend_swing_l': 4, 'en_order_block': False, 'order_block_swing_l': 11, 'en_fvg': False, 'fvg_lookback': 28, 'en_ifvg': True, 'en_breaker': False, 'breaker_swing_l': 7, 'en_cisd': True, 'k': 1, 'en_cap_bars': True, 'cap_1min': 690}.
[I 2026-07-13 17:17:05,756] Trial 499 pruned. 
[I 2026-07-13 17:17:08,356] Trial 500 finished with values: [-5.138661893329299, -150.0, 69.05000000000001] and parameters: {'sl_soft': 0.96156299418656, 'sl_hard_delta': 1.678327956278705, 'tp': 0.6549392804740899, 'gate_pct': 63.90528592947753, 'dd_limit': 212.284904074767, 'cooldown': 27, 'flip': True, 'en_ema_trend': False, 'ema_trend_fast': 14, 'ema_trend_slow': 42, 'en_sma_trend': False, 'sma_trend_fast': 298, 'sma_trend_slow': 111, 'en_macd': True, 'macd_fast': 85, 'macd_slow': 104, 'macd_signal': 54, 'en_vwap': True, 'en_keltner': False, 'keltner_n': 175, 'keltner_m': 3.5, 'en_obv': True, 'obv_slope': 191, 'en_cci': True, 'cci_n': 184, 'cci_threshold': 50, 'en_rsi': True, 'rsi_n': 50, 'rsi_lower': 47, 'rsi_upper': 74, 'en_stochastic': False, 'stochastic_n': 27, 'stochastic_d': 37, 'stochastic_lower': 49, 'stochastic_upper': 57, 'en_mfi': True, 'mfi_n': 100, 'mfi_lower': 15, 'mfi_upper': 51, 'en_bollinger': False, 'bollinger_n': 68, 'bollinger_k': 1.7000000000000002, 'en_adx': False, 'adx_n': 19, 'adx_threshold': 52, 'en_structure_trend': False, 'structure_trend_swing_l': 4, 'en_order_block': False, 'order_block_swing_l': 8, 'en_fvg': False, 'fvg_lookback': 28, 'en_ifvg': True, 'en_breaker': False, 'breaker_swing_l': 7, 'en_cisd': True, 'k': 5, 'en_cap_bars': True, 'cap_1min': 690}.
[I 2026-07-13 17:17:10,492] Trial 501 finished with values: [2.6180081454754145, -609.5234148886675, 28.1] and parameters: {'sl_soft': 1.0860152683938593, 'sl_hard_delta': 0.3269087741450897, 'tp': 3.8454001470748493, 'gate_pct': 86.68863637915473, 'dd_limit': 208.93735973419433, 'cooldown': 18, 'flip': False, 'en_ema_trend': True, 'ema_trend_fast': 112, 'ema_trend_slow': 361, 'en_sma_trend': False, 'sma_trend_fast': 178, 'sma_trend_slow': 304, 'en_macd': False, 'macd_fast': 57, 'macd_slow': 18, 'macd_signal': 45, 'en_vwap': True, 'en_keltner': True, 'keltner_n': 49, 'keltner_m': 1.5, 'en_obv': False, 'obv_slope': 7, 'en_cci': True, 'cci_n': 43, 'cci_threshold': 90, 'en_rsi': True, 'rsi_n': 95, 'rsi_lower': 7, 'rsi_upper': 94, 'en_stochastic': False, 'stochastic_n': 8, 'stochastic_d': 34, 'stochastic_lower': 44, 'stochastic_upper': 87, 'en_mfi': False, 'mfi_n': 45, 'mfi_lower': 2, 'mfi_upper': 61, 'en_bollinger': True, 'bollinger_n': 125, 'bollinger_k': 2.9000000000000004, 'en_adx': False, 'adx_n': 2, 'adx_threshold': 26, 'en_structure_trend': True, 'structure_trend_swing_l': 19, 'en_order_block': False, 'order_block_swing_l': 6, 'en_fvg': False, 'fvg_lookback': 45, 'en_ifvg': True, 'en_breaker': False, 'breaker_swing_l': 18, 'en_cisd': True, 'k': 1, 'en_cap_bars': False, 'cap_1min': 1381}.
[I 2026-07-13 17:17:13,963] Trial 502 pruned. 
[I 2026-07-13 17:17:15,648] Trial 503 finished with values: [-218.19569182503074, -452.0066322196385, 20.85] and parameters: {'sl_soft': 1.22587773067775, 'sl_hard_delta': 1.0142549137152623, 'tp': 3.664190086725569, 'gate_pct': 54.65570887864888, 'dd_limit': 208.93735973419433, 'cooldown': 18, 'flip': True, 'en_ema_trend': True, 'ema_trend_fast': 314, 'ema_trend_slow': 34, 'en_sma_trend': False, 'sma_trend_fast': 232, 'sma_trend_slow': 304, 'en_macd': False, 'macd_fast': 57, 'macd_slow': 64, 'macd_signal': 81, 'en_vwap': True, 'en_keltner': True, 'keltner_n': 49, 'keltner_m': 2.1, 'en_obv': False, 'obv_slope': 32, 'en_cci': False, 'cci_n': 174, 'cci_threshold': 195, 'en_rsi': True, 'rsi_n': 25, 'rsi_lower': 20, 'rsi_upper': 56, 'en_stochastic': False, 'stochastic_n': 71, 'stochastic_d': 34, 'stochastic_lower': 33, 'stochastic_upper': 94, 'en_mfi': True, 'mfi_n': 41, 'mfi_lower': 20, 'mfi_upper': 95, 'en_bollinger': False, 'bollinger_n': 47, 'bollinger_k': 4.8, 'en_adx': False, 'adx_n': 76, 'adx_threshold': 26, 'en_structure_trend': True, 'structure_trend_swing_l': 2, 'en_order_block': False, 'order_block_swing_l': 6, 'en_fvg': True, 'fvg_lookback': 45, 'en_ifvg': False, 'en_breaker': True, 'breaker_swing_l': 18, 'en_cisd': True, 'k': 3, 'en_cap_bars': False, 'cap_1min': 418}.
[I 2026-07-13 17:17:16,018] Trial 504 finished with values: [367.1885822668173, -435.00000000001364, 44.150000000000006] and parameters: {'sl_soft': 1.0860152683938593, 'sl_hard_delta': 2.911804370090404, 'tp': 3.8454001470748493, 'gate_pct': 86.68863637915473, 'dd_limit': 235.57837541012853, 'cooldown': 13, 'flip': False, 'en_ema_trend': False, 'ema_trend_fast': 121, 'ema_trend_slow': 364, 'en_sma_trend': False, 'sma_trend_fast': 45, 'sma_trend_slow': 14, 'en_macd': False, 'macd_fast': 52, 'macd_slow': 18, 'macd_signal': 45, 'en_vwap': True, 'en_keltner': True, 'keltner_n': 68, 'keltner_m': 1.5, 'en_obv': False, 'obv_slope': 7, 'en_cci': True, 'cci_n': 43, 'cci_threshold': 60, 'en_rsi': True, 'rsi_n': 95, 'rsi_lower': 7, 'rsi_upper': 94, 'en_stochastic': False, 'stochastic_n': 8, 'stochastic_d': 40, 'stochastic_lower': 40, 'stochastic_upper': 87, 'en_mfi': True, 'mfi_n': 45, 'mfi_lower': 16, 'mfi_upper': 61, 'en_bollinger': True, 'bollinger_n': 125, 'bollinger_k': 2.9000000000000004, 'en_adx': False, 'adx_n': 31, 'adx_threshold': 26, 'en_structure_trend': True, 'structure_trend_swing_l': 19, 'en_order_block': False, 'order_block_swing_l': 14, 'en_fvg': False, 'fvg_lookback': 14, 'en_ifvg': True, 'en_breaker': True, 'breaker_swing_l': 3, 'en_cisd': True, 'k': 1, 'en_cap_bars': True, 'cap_1min': 995}.
[I 2026-07-13 17:17:16,340] Trial 505 pruned. 
[I 2026-07-13 17:17:23,608] Trial 506 finished with values: [-227.59485172627478, -454.25403269589424, 43.45] and parameters: {'sl_soft': 0.96156299418656, 'sl_hard_delta': 1.678327956278705, 'tp': 1.2548102965475247, 'gate_pct': 49.958417067888604, 'dd_limit': 398.7158815502001, 'cooldown': 20, 'flip': True, 'en_ema_trend': False, 'ema_trend_fast': 317, 'ema_trend_slow': 38, 'en_sma_trend': False, 'sma_trend_fast': 232, 'sma_trend_slow': 277, 'en_macd': True, 'macd_fast': 80, 'macd_slow': 82, 'macd_signal': 27, 'en_vwap': True, 'en_keltner': False, 'keltner_n': 3, 'keltner_m': 1.8, 'en_obv': False, 'obv_slope': 163, 'en_cci': True, 'cci_n': 82, 'cci_threshold': 50, 'en_rsi': True, 'rsi_n': 15, 'rsi_lower': 3, 'rsi_upper': 88, 'en_stochastic': True, 'stochastic_n': 9, 'stochastic_d': 27, 'stochastic_lower': 49, 'stochastic_upper': 77, 'en_mfi': False, 'mfi_n': 97, 'mfi_lower': 7, 'mfi_upper': 86, 'en_bollinger': False, 'bollinger_n': 68, 'bollinger_k': 1.7000000000000002, 'en_adx': False, 'adx_n': 76, 'adx_threshold': 6, 'en_structure_trend': False, 'structure_trend_swing_l': 11, 'en_order_block': False, 'order_block_swing_l': 8, 'en_fvg': False, 'fvg_lookback': 35, 'en_ifvg': False, 'en_breaker': False, 'breaker_swing_l': 5, 'en_cisd': True, 'k': 3, 'en_cap_bars': False, 'cap_1min': 1153}.
[I 2026-07-13 17:17:24,740] Trial 507 pruned. 
[I 2026-07-13 17:17:27,107] Trial 508 finished with values: [499.6030746875931, -490.54586134545843, 37.8] and parameters: {'sl_soft': 0.8668241302577042, 'sl_hard_delta': 0.8244393445390031, 'tp': 3.8454001470748493, 'gate_pct': 86.68863637915473, 'dd_limit': 237.04271548261175, 'cooldown': 13, 'flip': False, 'en_ema_trend': False, 'ema_trend_fast': 121, 'ema_trend_slow': 364, 'en_sma_trend': False, 'sma_trend_fast': 298, 'sma_trend_slow': 111, 'en_macd': False, 'macd_fast': 52, 'macd_slow': 6, 'macd_signal': 45, 'en_vwap': True, 'en_keltner': False, 'keltner_n': 105, 'keltner_m': 1.5, 'en_obv': False, 'obv_slope': 18, 'en_cci': True, 'cci_n': 77, 'cci_threshold': 60, 'en_rsi': True, 'rsi_n': 95, 'rsi_lower': 7, 'rsi_upper': 57, 'en_stochastic': False, 'stochastic_n': 8, 'stochastic_d': 49, 'stochastic_lower': 8, 'stochastic_upper': 87, 'en_mfi': True, 'mfi_n': 88, 'mfi_lower': 16, 'mfi_upper': 99, 'en_bollinger': True, 'bollinger_n': 125, 'bollinger_k': 3.9000000000000004, 'en_adx': False, 'adx_n': 62, 'adx_threshold': 17, 'en_structure_trend': True, 'structure_trend_swing_l': 19, 'en_order_block': False, 'order_block_swing_l': 14, 'en_fvg': False, 'fvg_lookback': 14, 'en_ifvg': True, 'en_breaker': True, 'breaker_swing_l': 3, 'en_cisd': True, 'k': 1, 'en_cap_bars': True, 'cap_1min': 995}.
[I 2026-07-13 17:17:27,779] Trial 509 finished with values: [-61.13972240920589, -990.248557456232, 44.8] and parameters: {'sl_soft': 1.528136076807046, 'sl_hard_delta': 2.911804370090404, 'tp': 2.9349692977728927, 'gate_pct': 86.68863637915473, 'dd_limit': 235.57837541012853, 'cooldown': 13, 'flip': True, 'en_ema_trend': False, 'ema_trend_fast': 121, 'ema_trend_slow': 364, 'en_sma_trend': False, 'sma_trend_fast': 45, 'sma_trend_slow': 304, 'en_macd': False, 'macd_fast': 55, 'macd_slow': 108, 'macd_signal': 45, 'en_vwap': False, 'en_keltner': False, 'keltner_n': 68, 'keltner_m': 3.1, 'en_obv': False, 'obv_slope': 143, 'en_cci': True, 'cci_n': 42, 'cci_threshold': 135, 'en_rsi': True, 'rsi_n': 95, 'rsi_lower': 7, 'rsi_upper': 94, 'en_stochastic': False, 'stochastic_n': 100, 'stochastic_d': 40, 'stochastic_lower': 19, 'stochastic_upper': 55, 'en_mfi': False, 'mfi_n': 45, 'mfi_lower': 25, 'mfi_upper': 61, 'en_bollinger': True, 'bollinger_n': 47, 'bollinger_k': 2.9000000000000004, 'en_adx': False, 'adx_n': 31, 'adx_threshold': 51, 'en_structure_trend': False, 'structure_trend_swing_l': 14, 'en_order_block': False, 'order_block_swing_l': 14, 'en_fvg': True, 'fvg_lookback': 43, 'en_ifvg': True, 'en_breaker': False, 'breaker_swing_l': 3, 'en_cisd': True, 'k': 1, 'en_cap_bars': True, 'cap_1min': 995}.
