[I 2026-07-13 17:45:11,724] Trial 1441 finished with values: [504.49508062983455, -357.5229953402072, 30.05] and parameters: {'sl_soft': 0.6154913983821713, 'sl_hard_delta': 0.03218716157238656, 'tp': 2.5647184925159534, 'gate_pct': 62.02693045764362, 'dd_limit': 241.42955722086123, 'cooldown': 20, 'flip': False, 'en_ema_trend': True, 'ema_trend_fast': 121, 'ema_trend_slow': 361, 'en_sma_trend': False, 'sma_trend_fast': 232, 'sma_trend_slow': 14, 'en_macd': False, 'macd_fast': 95, 'macd_slow': 64, 'macd_signal': 27, 'en_vwap': True, 'en_keltner': True, 'keltner_n': 3, 'keltner_m': 1.5, 'en_obv': False, 'obv_slope': 7, 'en_cci': True, 'cci_n': 43, 'cci_threshold': 30, 'en_rsi': False, 'rsi_n': 15, 'rsi_lower': 7, 'rsi_upper': 58, 'en_stochastic': True, 'stochastic_n': 9, 'stochastic_d': 3, 'stochastic_lower': 2, 'stochastic_upper': 77, 'en_mfi': False, 'mfi_n': 45, 'mfi_lower': 7, 'mfi_upper': 60, 'en_bollinger': False, 'bollinger_n': 121, 'bollinger_k': 4.8, 'en_adx': False, 'adx_n': 2, 'adx_threshold': 26, 'en_structure_trend': True, 'structure_trend_swing_l': 11, 'en_order_block': False, 'order_block_swing_l': 9, 'en_fvg': True, 'fvg_lookback': 14, 'en_ifvg': False, 'en_breaker': False, 'breaker_swing_l': 18, 'en_cisd': False, 'k': 1, 'en_cap_bars': True, 'cap_1min': 1119}.
[I 2026-07-13 17:45:12,065] Trial 1442 finished with values: [422.9648744467795, -265.1534474862274, 47.3] and parameters: {'sl_soft': 0.6154913983821713, 'sl_hard_delta': 0.03218716157238656, 'tp': 1.2548102965475247, 'gate_pct': 62.02693045764362, 'dd_limit': 241.42955722086123, 'cooldown': 20, 'flip': False, 'en_ema_trend': False, 'ema_trend_fast': 121, 'ema_trend_slow': 364, 'en_sma_trend': False, 'sma_trend_fast': 232, 'sma_trend_slow': 14, 'en_macd': False, 'macd_fast': 80, 'macd_slow': 64, 'macd_signal': 96, 'en_vwap': True, 'en_keltner': True, 'keltner_n': 3, 'keltner_m': 1.5, 'en_obv': False, 'obv_slope': 7, 'en_cci': True, 'cci_n': 43, 'cci_threshold': 30, 'en_rsi': True, 'rsi_n': 25, 'rsi_lower': 7, 'rsi_upper': 58, 'en_stochastic': False, 'stochastic_n': 9, 'stochastic_d': 3, 'stochastic_lower': 2, 'stochastic_upper': 62, 'en_mfi': True, 'mfi_n': 45, 'mfi_lower': 7, 'mfi_upper': 60, 'en_bollinger': True, 'bollinger_n': 121, 'bollinger_k': 2.1, 'en_adx': False, 'adx_n': 2, 'adx_threshold': 26, 'en_structure_trend': True, 'structure_trend_swing_l': 11, 'en_order_block': False, 'order_block_swing_l': 20, 'en_fvg': False, 'fvg_lookback': 14, 'en_ifvg': False, 'en_breaker': True, 'breaker_swing_l': 17, 'en_cisd': True, 'k': 1, 'en_cap_bars': True, 'cap_1min': 562}.
[I 2026-07-13 17:45:13,238] Trial 1443 finished with values: [368.17825405955773, -460.06981105811064, 69.19999999999999] and parameters: {'sl_soft': 2.0212200416683395, 'sl_hard_delta': 0.2791290136221785, 'tp': 1.2921449941565541, 'gate_pct': 75.29895741667805, 'dd_limit': 394.88972205872113, 'cooldown': 18, 'flip': False, 'en_ema_trend': True, 'ema_trend_fast': 9, 'ema_trend_slow': 266, 'en_sma_trend': False, 'sma_trend_fast': 232, 'sma_trend_slow': 81, 'en_macd': False, 'macd_fast': 70, 'macd_slow': 144, 'macd_signal': 27, 'en_vwap': True, 'en_keltner': False, 'keltner_n': 116, 'keltner_m': 2.9000000000000004, 'en_obv': True, 'obv_slope': 137, 'en_cci': False, 'cci_n': 174, 'cci_threshold': 135, 'en_rsi': True, 'rsi_n': 46, 'rsi_lower': 34, 'rsi_upper': 61, 'en_stochastic': True, 'stochastic_n': 65, 'stochastic_d': 49, 'stochastic_lower': 34, 'stochastic_upper': 92, 'en_mfi': True, 'mfi_n': 15, 'mfi_lower': 29, 'mfi_upper': 79, 'en_bollinger': False, 'bollinger_n': 131, 'bollinger_k': 1.5, 'en_adx': False, 'adx_n': 76, 'adx_threshold': 32, 'en_structure_trend': False, 'structure_trend_swing_l': 18, 'en_order_block': False, 'order_block_swing_l': 10, 'en_fvg': True, 'fvg_lookback': 38, 'en_ifvg': False, 'en_breaker': True, 'breaker_swing_l': 7, 'en_cisd': True, 'k': 2, 'en_cap_bars': True, 'cap_1min': 133}.
[I 2026-07-13 17:45:14,595] Trial 1444 finished with values: [132.54995839714638, -194.30356798643516, 43.7] and parameters: {'sl_soft': 0.6154913983821713, 'sl_hard_delta': 0.03218716157238656, 'tp': 1.2548102965475247, 'gate_pct': 62.02693045764362, 'dd_limit': 241.42955722086123, 'cooldown': 20, 'flip': False, 'en_ema_trend': False, 'ema_trend_fast': 121, 'ema_trend_slow': 364, 'en_sma_trend': False, 'sma_trend_fast': 232, 'sma_trend_slow': 14, 'en_macd': True, 'macd_fast': 90, 'macd_slow': 64, 'macd_signal': 27, 'en_vwap': True, 'en_keltner': False, 'keltner_n': 3, 'keltner_m': 1.5, 'en_obv': False, 'obv_slope': 7, 'en_cci': True, 'cci_n': 174, 'cci_threshold': 30, 'en_rsi': True, 'rsi_n': 71, 'rsi_lower': 7, 'rsi_upper': 82, 'en_stochastic': True, 'stochastic_n': 9, 'stochastic_d': 3, 'stochastic_lower': 2, 'stochastic_upper': 62, 'en_mfi': True, 'mfi_n': 45, 'mfi_lower': 7, 'mfi_upper': 60, 'en_bollinger': False, 'bollinger_n': 121, 'bollinger_k': 2.1, 'en_adx': False, 'adx_n': 2, 'adx_threshold': 29, 'en_structure_trend': True, 'structure_trend_swing_l': 11, 'en_order_block': True, 'order_block_swing_l': 1, 'en_fvg': False, 'fvg_lookback': 14, 'en_ifvg': False, 'en_breaker': True, 'breaker_swing_l': 17, 'en_cisd': True, 'k': 1, 'en_cap_bars': True, 'cap_1min': 1119}.
[I 2026-07-13 17:45:15,136] Trial 1445 finished with values: [368.17825405955773, -460.06981105811064, 69.19999999999999] and parameters: {'sl_soft': 2.0212200416683395, 'sl_hard_delta': 0.2791290136221785, 'tp': 1.2921449941565541, 'gate_pct': 75.29895741667805, 'dd_limit': 394.88972205872113, 'cooldown': 18, 'flip': False, 'en_ema_trend': True, 'ema_trend_fast': 9, 'ema_trend_slow': 305, 'en_sma_trend': False, 'sma_trend_fast': 232, 'sma_trend_slow': 81, 'en_macd': False, 'macd_fast': 70, 'macd_slow': 144, 'macd_signal': 27, 'en_vwap': True, 'en_keltner': False, 'keltner_n': 116, 'keltner_m': 2.9000000000000004, 'en_obv': True, 'obv_slope': 137, 'en_cci': False, 'cci_n': 174, 'cci_threshold': 135, 'en_rsi': True, 'rsi_n': 46, 'rsi_lower': 6, 'rsi_upper': 61, 'en_stochastic': True, 'stochastic_n': 65, 'stochastic_d': 49, 'stochastic_lower': 34, 'stochastic_upper': 92, 'en_mfi': True, 'mfi_n': 15, 'mfi_lower': 29, 'mfi_upper': 79, 'en_bollinger': False, 'bollinger_n': 131, 'bollinger_k': 1.5, 'en_adx': False, 'adx_n': 76, 'adx_threshold': 38, 'en_structure_trend': False, 'structure_trend_swing_l': 15, 'en_order_block': False, 'order_block_swing_l': 10, 'en_fvg': True, 'fvg_lookback': 38, 'en_ifvg': False, 'en_breaker': True, 'breaker_swing_l': 7, 'en_cisd': True, 'k': 4, 'en_cap_bars': True, 'cap_1min': 133}.
[I 2026-07-13 17:45:15,369] Trial 1446 finished with values: [481.65070693794405, -263.12610631812277, 46.85] and parameters: {'sl_soft': 0.6154913983821713, 'sl_hard_delta': 0.03218716157238656, 'tp': 1.2548102965475247, 'gate_pct': 62.02693045764362, 'dd_limit': 241.42955722086123, 'cooldown': 20, 'flip': False, 'en_ema_trend': True, 'ema_trend_fast': 121, 'ema_trend_slow': 342, 'en_sma_trend': False, 'sma_trend_fast': 232, 'sma_trend_slow': 14, 'en_macd': False, 'macd_fast': 80, 'macd_slow': 64, 'macd_signal': 27, 'en_vwap': True, 'en_keltner': True, 'keltner_n': 3, 'keltner_m': 1.5, 'en_obv': False, 'obv_slope': 7, 'en_cci': True, 'cci_n': 42, 'cci_threshold': 30, 'en_rsi': False, 'rsi_n': 25, 'rsi_lower': 19, 'rsi_upper': 58, 'en_stochastic': False, 'stochastic_n': 71, 'stochastic_d': 3, 'stochastic_lower': 44, 'stochastic_upper': 62, 'en_mfi': True, 'mfi_n': 45, 'mfi_lower': 7, 'mfi_upper': 60, 'en_bollinger': False, 'bollinger_n': 121, 'bollinger_k': 4.300000000000001, 'en_adx': False, 'adx_n': 2, 'adx_threshold': 26, 'en_structure_trend': True, 'structure_trend_swing_l': 11, 'en_order_block': False, 'order_block_swing_l': 6, 'en_fvg': True, 'fvg_lookback': 44, 'en_ifvg': False, 'en_breaker': True, 'breaker_swing_l': 18, 'en_cisd': False, 'k': 3, 'en_cap_bars': True, 'cap_1min': 1181}.
[I 2026-07-13 17:45:15,709] Trial 1447 finished with values: [826.3846795593508, -260.3712113470692, 33.0] and parameters: {'sl_soft': 0.6154913983821713, 'sl_hard_delta': 0.03218716157238656, 'tp': 2.5647184925159534, 'gate_pct': 62.02693045764362, 'dd_limit': 241.42955722086123, 'cooldown': 20, 'flip': False, 'en_ema_trend': False, 'ema_trend_fast': 102, 'ema_trend_slow': 361, 'en_sma_trend': False, 'sma_trend_fast': 232, 'sma_trend_slow': 14, 'en_macd': False, 'macd_fast': 80, 'macd_slow': 64, 'macd_signal': 54, 'en_vwap': True, 'en_keltner': True, 'keltner_n': 3, 'keltner_m': 1.5, 'en_obv': False, 'obv_slope': 7, 'en_cci': False, 'cci_n': 42, 'cci_threshold': 30, 'en_rsi': True, 'rsi_n': 71, 'rsi_lower': 19, 'rsi_upper': 58, 'en_stochastic': False, 'stochastic_n': 9, 'stochastic_d': 3, 'stochastic_lower': 2, 'stochastic_upper': 62, 'en_mfi': True, 'mfi_n': 45, 'mfi_lower': 2, 'mfi_upper': 60, 'en_bollinger': True, 'bollinger_n': 121, 'bollinger_k': 4.8, 'en_adx': False, 'adx_n': 31, 'adx_threshold': 26, 'en_structure_trend': True, 'structure_trend_swing_l': 11, 'en_order_block': False, 'order_block_swing_l': 9, 'en_fvg': True, 'fvg_lookback': 14, 'en_ifvg': False, 'en_breaker': True, 'breaker_swing_l': 17, 'en_cisd': False, 'k': 1, 'en_cap_bars': True, 'cap_1min': 562}.
[I 2026-07-13 17:45:15,969] Trial 1448 finished with values: [80.93305464839204, -226.68749598417435, 38.5] and parameters: {'sl_soft': 0.6154913983821713, 'sl_hard_delta': 0.03218716157238656, 'tp': 1.2548102965475247, 'gate_pct': 84.86382733879176, 'dd_limit': 208.93735973419433, 'cooldown': 15, 'flip': False, 'en_ema_trend': True, 'ema_trend_fast': 121, 'ema_trend_slow': 364, 'en_sma_trend': False, 'sma_trend_fast': 232, 'sma_trend_slow': 14, 'en_macd': False, 'macd_fast': 57, 'macd_slow': 156, 'macd_signal': 86, 'en_vwap': False, 'en_keltner': False, 'keltner_n': 162, 'keltner_m': 2.9000000000000004, 'en_obv': True, 'obv_slope': 7, 'en_cci': False, 'cci_n': 111, 'cci_threshold': 25, 'en_rsi': True, 'rsi_n': 71, 'rsi_lower': 7, 'rsi_upper': 86, 'en_stochastic': False, 'stochastic_n': 9, 'stochastic_d': 27, 'stochastic_lower': 2, 'stochastic_upper': 89, 'en_mfi': True, 'mfi_n': 82, 'mfi_lower': 7, 'mfi_upper': 60, 'en_bollinger': True, 'bollinger_n': 121, 'bollinger_k': 3.4000000000000004, 'en_adx': True, 'adx_n': 16, 'adx_threshold': 27, 'en_structure_trend': True, 'structure_trend_swing_l': 1, 'en_order_block': True, 'order_block_swing_l': 16, 'en_fvg': True, 'fvg_lookback': 44, 'en_ifvg': True, 'en_breaker': True, 'breaker_swing_l': 19, 'en_cisd': False, 'k': 4, 'en_cap_bars': False, 'cap_1min': 1297}.
[I 2026-07-13 17:45:22,945] Trial 1449 finished with values: [-183.21345406261003, -540.6602981614697, 42.25] and parameters: {'sl_soft': 0.95083156235771, 'sl_hard_delta': 0.03218716157238656, 'tp': 1.2548102965475247, 'gate_pct': 84.86382733879176, 'dd_limit': 462.79068244538684, 'cooldown': 15, 'flip': False, 'en_ema_trend': False, 'ema_trend_fast': 40, 'ema_trend_slow': 26, 'en_sma_trend': False, 'sma_trend_fast': 155, 'sma_trend_slow': 263, 'en_macd': False, 'macd_fast': 96, 'macd_slow': 156, 'macd_signal': 86, 'en_vwap': True, 'en_keltner': True, 'keltner_n': 118, 'keltner_m': 1.5, 'en_obv': True, 'obv_slope': 116, 'en_cci': True, 'cci_n': 111, 'cci_threshold': 25, 'en_rsi': True, 'rsi_n': 87, 'rsi_lower': 12, 'rsi_upper': 86, 'en_stochastic': True, 'stochastic_n': 9, 'stochastic_d': 38, 'stochastic_lower': 2, 'stochastic_upper': 62, 'en_mfi': True, 'mfi_n': 82, 'mfi_lower': 20, 'mfi_upper': 72, 'en_bollinger': False, 'bollinger_n': 86, 'bollinger_k': 2.1, 'en_adx': False, 'adx_n': 2, 'adx_threshold': 26, 'en_structure_trend': True, 'structure_trend_swing_l': 11, 'en_order_block': True, 'order_block_swing_l': 9, 'en_fvg': True, 'fvg_lookback': 28, 'en_ifvg': False, 'en_breaker': False, 'breaker_swing_l': 17, 'en_cisd': False, 'k': 1, 'en_cap_bars': False, 'cap_1min': 332}.
[I 2026-07-13 17:45:24,504] Trial 1450 pruned. 
[I 2026-07-13 17:45:24,711] Trial 1451 pruned. 
[I 2026-07-13 17:45:25,062] Trial 1452 finished with values: [501.8973532730229, -234.7968606565928, 48.5] and parameters: {'sl_soft': 0.6154913983821713, 'sl_hard_delta': 0.03218716157238656, 'tp': 1.2548102965475247, 'gate_pct': 62.02693045764362, 'dd_limit': 208.93735973419433, 'cooldown': 20, 'flip': False, 'en_ema_trend': False, 'ema_trend_fast': 121, 'ema_trend_slow': 364, 'en_sma_trend': False, 'sma_trend_fast': 232, 'sma_trend_slow': 14, 'en_macd': False, 'macd_fast': 80, 'macd_slow': 64, 'macd_signal': 27, 'en_vwap': True, 'en_keltner': True, 'keltner_n': 3, 'keltner_m': 1.5, 'en_obv': False, 'obv_slope': 7, 'en_cci': False, 'cci_n': 174, 'cci_threshold': 30, 'en_rsi': True, 'rsi_n': 25, 'rsi_lower': 19, 'rsi_upper': 58, 'en_stochastic': False, 'stochastic_n': 9, 'stochastic_d': 3, 'stochastic_lower': 2, 'stochastic_upper': 62, 'en_mfi': True, 'mfi_n': 45, 'mfi_lower': 7, 'mfi_upper': 60, 'en_bollinger': True, 'bollinger_n': 47, 'bollinger_k': 4.8, 'en_adx': False, 'adx_n': 52, 'adx_threshold': 26, 'en_structure_trend': True, 'structure_trend_swing_l': 11, 'en_order_block': False, 'order_block_swing_l': 6, 'en_fvg': True, 'fvg_lookback': 44, 'en_ifvg': False, 'en_breaker': True, 'breaker_swing_l': 18, 'en_cisd': True, 'k': 3, 'en_cap_bars': True, 'cap_1min': 562}.
[I 2026-07-13 17:45:25,527] Trial 1453 finished with values: [458.3898141966756, -232.76951948848819, 49.55] and parameters: {'sl_soft': 0.6154913983821713, 'sl_hard_delta': 0.03218716157238656, 'tp': 1.2548102965475247, 'gate_pct': 62.02693045764362, 'dd_limit': 208.93735973419433, 'cooldown': 20, 'flip': False, 'en_ema_trend': True, 'ema_trend_fast': 121, 'ema_trend_slow': 364, 'en_sma_trend': False, 'sma_trend_fast': 232, 'sma_trend_slow': 14, 'en_macd': False, 'macd_fast': 80, 'macd_slow': 64, 'macd_signal': 27, 'en_vwap': True, 'en_keltner': True, 'keltner_n': 3, 'keltner_m': 1.5, 'en_obv': False, 'obv_slope': 7, 'en_cci': True, 'cci_n': 43, 'cci_threshold': 30, 'en_rsi': True, 'rsi_n': 25, 'rsi_lower': 7, 'rsi_upper': 58, 'en_stochastic': False, 'stochastic_n': 9, 'stochastic_d': 3, 'stochastic_lower': 2, 'stochastic_upper': 62, 'en_mfi': True, 'mfi_n': 45, 'mfi_lower': 7, 'mfi_upper': 60, 'en_bollinger': True, 'bollinger_n': 121, 'bollinger_k': 2.1, 'en_adx': False, 'adx_n': 40, 'adx_threshold': 26, 'en_structure_trend': True, 'structure_trend_swing_l': 11, 'en_order_block': False, 'order_block_swing_l': 9, 'en_fvg': True, 'fvg_lookback': 14, 'en_ifvg': False, 'en_breaker': True, 'breaker_swing_l': 18, 'en_cisd': False, 'k': 1, 'en_cap_bars': True, 'cap_1min': 562}.
[I 2026-07-13 17:45:30,106] Trial 1454 finished with values: [274.2229520507635, -226.68749598417435, 50.6] and parameters: {'sl_soft': 0.6154913983821713, 'sl_hard_delta': 0.03218716157238656, 'tp': 1.2548102965475247, 'gate_pct': 62.02693045764362, 'dd_limit': 241.42955722086123, 'cooldown': 20, 'flip': False, 'en_ema_trend': False, 'ema_trend_fast': 121, 'ema_trend_slow': 364, 'en_sma_trend': False, 'sma_trend_fast': 232, 'sma_trend_slow': 14, 'en_macd': False, 'macd_fast': 80, 'macd_slow': 64, 'macd_signal': 27, 'en_vwap': True, 'en_keltner': False, 'keltner_n': 3, 'keltner_m': 1.3, 'en_obv': False, 'obv_slope': 167, 'en_cci': True, 'cci_n': 42, 'cci_threshold': 30, 'en_rsi': True, 'rsi_n': 71, 'rsi_lower': 7, 'rsi_upper': 58, 'en_stochastic': True, 'stochastic_n': 68, 'stochastic_d': 3, 'stochastic_lower': 2, 'stochastic_upper': 52, 'en_mfi': True, 'mfi_n': 45, 'mfi_lower': 2, 'mfi_upper': 60, 'en_bollinger': True, 'bollinger_n': 121, 'bollinger_k': 2.1, 'en_adx': False, 'adx_n': 2, 'adx_threshold': 26, 'en_structure_trend': True, 'structure_trend_swing_l': 11, 'en_order_block': False, 'order_block_swing_l': 6, 'en_fvg': True, 'fvg_lookback': 14, 'en_ifvg': False, 'en_breaker': True, 'breaker_swing_l': 18, 'en_cisd': False, 'k': 1, 'en_cap_bars': True, 'cap_1min': 995}.
[I 2026-07-13 17:45:30,458] Trial 1455 finished with values: [380.6756459342978, -194.30356798643516, 42.650000000000006] and parameters: {'sl_soft': 0.6154913983821713, 'sl_hard_delta': 0.03218716157238656, 'tp': 1.9218850397613434, 'gate_pct': 62.02693045764362, 'dd_limit': 241.42955722086123, 'cooldown': 20, 'flip': False, 'en_ema_trend': True, 'ema_trend_fast': 121, 'ema_trend_slow': 125, 'en_sma_trend': False, 'sma_trend_fast': 232, 'sma_trend_slow': 14, 'en_macd': False, 'macd_fast': 80, 'macd_slow': 64, 'macd_signal': 27, 'en_vwap': True, 'en_keltner': False, 'keltner_n': 3, 'keltner_m': 1.5, 'en_obv': False, 'obv_slope': 7, 'en_cci': True, 'cci_n': 43, 'cci_threshold': 30, 'en_rsi': True, 'rsi_n': 71, 'rsi_lower': 7, 'rsi_upper': 82, 'en_stochastic': True, 'stochastic_n': 71, 'stochastic_d': 41, 'stochastic_lower': 2, 'stochastic_upper': 77, 'en_mfi': True, 'mfi_n': 45, 'mfi_lower': 7, 'mfi_upper': 60, 'en_bollinger': True, 'bollinger_n': 121, 'bollinger_k': 2.1, 'en_adx': False, 'adx_n': 31, 'adx_threshold': 6, 'en_structure_trend': True, 'structure_trend_swing_l': 11, 'en_order_block': False, 'order_block_swing_l': 9, 'en_fvg': True, 'fvg_lookback': 14, 'en_ifvg': False, 'en_breaker': True, 'breaker_swing_l': 18, 'en_cisd': False, 'k': 1, 'en_cap_bars': True, 'cap_1min': 562}.
[I 2026-07-13 17:45:30,875] Trial 1456 finished with values: [153.8102753162775, -194.30356798643516, 54.1] and parameters: {'sl_soft': 0.6154913983821713, 'sl_hard_delta': 0.03218716157238656, 'tp': 1.2548102965475247, 'gate_pct': 62.02693045764362, 'dd_limit': 241.42955722086123, 'cooldown': 20, 'flip': False, 'en_ema_trend': True, 'ema_trend_fast': 121, 'ema_trend_slow': 364, 'en_sma_trend': False, 'sma_trend_fast': 232, 'sma_trend_slow': 14, 'en_macd': False, 'macd_fast': 80, 'macd_slow': 64, 'macd_signal': 27, 'en_vwap': True, 'en_keltner': False, 'keltner_n': 3, 'keltner_m': 1.5, 'en_obv': False, 'obv_slope': 7, 'en_cci': True, 'cci_n': 174, 'cci_threshold': 30, 'en_rsi': True, 'rsi_n': 15, 'rsi_lower': 7, 'rsi_upper': 82, 'en_stochastic': True, 'stochastic_n': 9, 'stochastic_d': 3, 'stochastic_lower': 2, 'stochastic_upper': 62, 'en_mfi': True, 'mfi_n': 45, 'mfi_lower': 7, 'mfi_upper': 60, 'en_bollinger': True, 'bollinger_n': 121, 'bollinger_k': 2.1, 'en_adx': False, 'adx_n': 2, 'adx_threshold': 29, 'en_structure_trend': True, 'structure_trend_swing_l': 11, 'en_order_block': True, 'order_block_swing_l': 1, 'en_fvg': True, 'fvg_lookback': 14, 'en_ifvg': False, 'en_breaker': True, 'breaker_swing_l': 17, 'en_cisd': True, 'k': 1, 'en_cap_bars': True, 'cap_1min': 1119}.
[I 2026-07-13 17:45:31,274] Trial 1457 finished with values: [397.67664053740646, -234.7968606565928, 45.7] and parameters: {'sl_soft': 0.6154913983821713, 'sl_hard_delta': 0.03218716157238656, 'tp': 1.2548102965475247, 'gate_pct': 62.02693045764362, 'dd_limit': 241.42955722086123, 'cooldown': 20, 'flip': False, 'en_ema_trend': True, 'ema_trend_fast': 121, 'ema_trend_slow': 125, 'en_sma_trend': False, 'sma_trend_fast': 232, 'sma_trend_slow': 14, 'en_macd': True, 'macd_fast': 95, 'macd_slow': 64, 'macd_signal': 27, 'en_vwap': True, 'en_keltner': False, 'keltner_n': 3, 'keltner_m': 1.5, 'en_obv': False, 'obv_slope': 167, 'en_cci': True, 'cci_n': 174, 'cci_threshold': 30, 'en_rsi': True, 'rsi_n': 15, 'rsi_lower': 7, 'rsi_upper': 58, 'en_stochastic': True, 'stochastic_n': 9, 'stochastic_d': 3, 'stochastic_lower': 2, 'stochastic_upper': 77, 'en_mfi': True, 'mfi_n': 45, 'mfi_lower': 7, 'mfi_upper': 93, 'en_bollinger': False, 'bollinger_n': 121, 'bollinger_k': 3.4000000000000004, 'en_adx': False, 'adx_n': 31, 'adx_threshold': 6, 'en_structure_trend': True, 'structure_trend_swing_l': 11, 'en_order_block': False, 'order_block_swing_l': 9, 'en_fvg': True, 'fvg_lookback': 44, 'en_ifvg': False, 'en_breaker': False, 'breaker_swing_l': 18, 'en_cisd': True, 'k': 3, 'en_cap_bars': True, 'cap_1min': 1119}.
[I 2026-07-13 17:45:31,621] Trial 1458 finished with values: [153.8102753162775, -194.30356798643516, 54.0] and parameters: {'sl_soft': 0.6154913983821713, 'sl_hard_delta': 0.03218716157238656, 'tp': 1.2548102965475247, 'gate_pct': 62.02693045764362, 'dd_limit': 241.42955722086123, 'cooldown': 20, 'flip': False, 'en_ema_trend': True, 'ema_trend_fast': 121, 'ema_trend_slow': 364, 'en_sma_trend': False, 'sma_trend_fast': 232, 'sma_trend_slow': 14, 'en_macd': False, 'macd_fast': 80, 'macd_slow': 64, 'macd_signal': 27, 'en_vwap': True, 'en_keltner': True, 'keltner_n': 3, 'keltner_m': 1.5, 'en_obv': False, 'obv_slope': 7, 'en_cci': True, 'cci_n': 42, 'cci_threshold': 30, 'en_rsi': True, 'rsi_n': 25, 'rsi_lower': 7, 'rsi_upper': 58, 'en_stochastic': True, 'stochastic_n': 9, 'stochastic_d': 3, 'stochastic_lower': 2, 'stochastic_upper': 77, 'en_mfi': True, 'mfi_n': 45, 'mfi_lower': 2, 'mfi_upper': 60, 'en_bollinger': True, 'bollinger_n': 121, 'bollinger_k': 2.1, 'en_adx': False, 'adx_n': 2, 'adx_threshold': 26, 'en_structure_trend': True, 'structure_trend_swing_l': 11, 'en_order_block': True, 'order_block_swing_l': 1, 'en_fvg': True, 'fvg_lookback': 14, 'en_ifvg': False, 'en_breaker': True, 'breaker_swing_l': 17, 'en_cisd': False, 'k': 1, 'en_cap_bars': True, 'cap_1min': 995}.
