[I 2026-07-13 17:25:14,149] Trial 1452 finished with values: [2396.173383066457, -883.9115922756946, 54.55] and parameters: {'sl_soft': 2.609471604804969, 'sl_hard_delta': 1.5400466597035951, 'tp': 7.670322948010878, 'gate_pct': 76.55976188692937, 'dd_limit': 507.56009010777757, 'cooldown': 1, 'flip': False, 'en_ema_trend': True, 'ema_trend_fast': 317, 'ema_trend_slow': 301, 'en_sma_trend': True, 'sma_trend_fast': 173, 'sma_trend_slow': 55, 'en_macd': True, 'macd_fast': 6, 'macd_slow': 47, 'macd_signal': 85, 'en_vwap': True, 'en_keltner': False, 'keltner_n': 17, 'keltner_m': 1.8, 'en_obv': True, 'obv_slope': 25, 'en_cci': False, 'cci_n': 33, 'cci_threshold': 165, 'en_rsi': True, 'rsi_n': 5, 'rsi_lower': 40, 'rsi_upper': 69, 'en_stochastic': False, 'stochastic_n': 90, 'stochastic_d': 42, 'stochastic_lower': 46, 'stochastic_upper': 97, 'en_mfi': False, 'mfi_n': 75, 'mfi_lower': 10, 'mfi_upper': 93, 'en_bollinger': False, 'bollinger_n': 161, 'bollinger_k': 1.1, 'en_adx': False, 'adx_n': 7, 'adx_threshold': 34, 'en_structure_trend': True, 'structure_trend_swing_l': 10, 'en_order_block': False, 'order_block_swing_l': 9, 'en_fvg': False, 'fvg_lookback': 50, 'en_ifvg': True, 'en_breaker': False, 'breaker_swing_l': 17, 'en_cisd': True, 'k': 1, 'en_cap_bars': False, 'cap_1min': 948}.
[I 2026-07-13 17:25:14,350] Trial 1453 finished with values: [2368.7583584086724, -1491.483852599481, 49.650000000000006] and parameters: {'sl_soft': 3.578361063233118, 'sl_hard_delta': 9.199132196036121, 'tp': 7.670322948010878, 'gate_pct': 79.12027635095406, 'dd_limit': 39.52565804693206, 'cooldown': 1, 'flip': False, 'en_ema_trend': True, 'ema_trend_fast': 317, 'ema_trend_slow': 301, 'en_sma_trend': True, 'sma_trend_fast': 173, 'sma_trend_slow': 163, 'en_macd': True, 'macd_fast': 16, 'macd_slow': 194, 'macd_signal': 85, 'en_vwap': True, 'en_keltner': True, 'keltner_n': 17, 'keltner_m': 2.2, 'en_obv': True, 'obv_slope': 25, 'en_cci': False, 'cci_n': 33, 'cci_threshold': 165, 'en_rsi': False, 'rsi_n': 33, 'rsi_lower': 15, 'rsi_upper': 71, 'en_stochastic': False, 'stochastic_n': 53, 'stochastic_d': 42, 'stochastic_lower': 46, 'stochastic_upper': 97, 'en_mfi': False, 'mfi_n': 61, 'mfi_lower': 10, 'mfi_upper': 78, 'en_bollinger': False, 'bollinger_n': 22, 'bollinger_k': 4.1, 'en_adx': False, 'adx_n': 7, 'adx_threshold': 28, 'en_structure_trend': True, 'structure_trend_swing_l': 10, 'en_order_block': False, 'order_block_swing_l': 19, 'en_fvg': False, 'fvg_lookback': 50, 'en_ifvg': True, 'en_breaker': False, 'breaker_swing_l': 17, 'en_cisd': True, 'k': 1, 'en_cap_bars': False, 'cap_1min': 1249}.
[I 2026-07-13 17:25:19,539] Trial 1454 finished with values: [2151.645326604887, -1295.0000000000045, 54.849999999999994] and parameters: {'sl_soft': 3.578361063233118, 'sl_hard_delta': 9.199132196036121, 'tp': 7.670322948010878, 'gate_pct': 76.55976188692937, 'dd_limit': 162.39650823726745, 'cooldown': 0, 'flip': False, 'en_ema_trend': True, 'ema_trend_fast': 317, 'ema_trend_slow': 316, 'en_sma_trend': True, 'sma_trend_fast': 201, 'sma_trend_slow': 163, 'en_macd': True, 'macd_fast': 16, 'macd_slow': 158, 'macd_signal': 85, 'en_vwap': True, 'en_keltner': True, 'keltner_n': 133, 'keltner_m': 1.8, 'en_obv': True, 'obv_slope': 19, 'en_cci': False, 'cci_n': 93, 'cci_threshold': 165, 'en_rsi': True, 'rsi_n': 33, 'rsi_lower': 40, 'rsi_upper': 69, 'en_stochastic': True, 'stochastic_n': 22, 'stochastic_d': 42, 'stochastic_lower': 46, 'stochastic_upper': 95, 'en_mfi': False, 'mfi_n': 61, 'mfi_lower': 10, 'mfi_upper': 93, 'en_bollinger': False, 'bollinger_n': 22, 'bollinger_k': 4.1, 'en_adx': False, 'adx_n': 71, 'adx_threshold': 28, 'en_structure_trend': True, 'structure_trend_swing_l': 10, 'en_order_block': False, 'order_block_swing_l': 11, 'en_fvg': False, 'fvg_lookback': 50, 'en_ifvg': True, 'en_breaker': False, 'breaker_swing_l': 17, 'en_cisd': True, 'k': 3, 'en_cap_bars': False, 'cap_1min': 3}.
[I 2026-07-13 17:25:19,707] Trial 1455 finished with values: [933.8823000716218, -385.00000000001364, 76.2] and parameters: {'sl_soft': 3.578361063233118, 'sl_hard_delta': 9.199132196036121, 'tp': 3.965955750179107, 'gate_pct': 44.04004169924129, 'dd_limit': 234.1688012834486, 'cooldown': 4, 'flip': False, 'en_ema_trend': False, 'ema_trend_fast': 317, 'ema_trend_slow': 316, 'en_sma_trend': True, 'sma_trend_fast': 345, 'sma_trend_slow': 143, 'en_macd': True, 'macd_fast': 16, 'macd_slow': 194, 'macd_signal': 85, 'en_vwap': True, 'en_keltner': True, 'keltner_n': 133, 'keltner_m': 1.8, 'en_obv': True, 'obv_slope': 19, 'en_cci': False, 'cci_n': 33, 'cci_threshold': 165, 'en_rsi': True, 'rsi_n': 33, 'rsi_lower': 20, 'rsi_upper': 69, 'en_stochastic': True, 'stochastic_n': 53, 'stochastic_d': 29, 'stochastic_lower': 39, 'stochastic_upper': 97, 'en_mfi': False, 'mfi_n': 61, 'mfi_lower': 32, 'mfi_upper': 54, 'en_bollinger': False, 'bollinger_n': 22, 'bollinger_k': 1.6, 'en_adx': False, 'adx_n': 71, 'adx_threshold': 34, 'en_structure_trend': True, 'structure_trend_swing_l': 10, 'en_order_block': False, 'order_block_swing_l': 9, 'en_fvg': False, 'fvg_lookback': 50, 'en_ifvg': True, 'en_breaker': False, 'breaker_swing_l': 17, 'en_cisd': True, 'k': 4, 'en_cap_bars': False, 'cap_1min': 1249}.
[I 2026-07-13 17:25:20,718] Trial 1456 finished with values: [2216.726063607598, -1545.0000000000273, 50.0] and parameters: {'sl_soft': 3.578361063233118, 'sl_hard_delta': 9.199132196036121, 'tp': 7.670322948010878, 'gate_pct': 79.12027635095406, 'dd_limit': 162.39650823726745, 'cooldown': 1, 'flip': False, 'en_ema_trend': True, 'ema_trend_fast': 317, 'ema_trend_slow': 301, 'en_sma_trend': True, 'sma_trend_fast': 173, 'sma_trend_slow': 163, 'en_macd': True, 'macd_fast': 16, 'macd_slow': 47, 'macd_signal': 85, 'en_vwap': True, 'en_keltner': False, 'keltner_n': 133, 'keltner_m': 2.2, 'en_obv': True, 'obv_slope': 160, 'en_cci': False, 'cci_n': 33, 'cci_threshold': 165, 'en_rsi': True, 'rsi_n': 97, 'rsi_lower': 40, 'rsi_upper': 69, 'en_stochastic': False, 'stochastic_n': 53, 'stochastic_d': 42, 'stochastic_lower': 46, 'stochastic_upper': 97, 'en_mfi': False, 'mfi_n': 61, 'mfi_lower': 10, 'mfi_upper': 93, 'en_bollinger': False, 'bollinger_n': 97, 'bollinger_k': 1.1, 'en_adx': False, 'adx_n': 7, 'adx_threshold': 34, 'en_structure_trend': True, 'structure_trend_swing_l': 10, 'en_order_block': False, 'order_block_swing_l': 9, 'en_fvg': False, 'fvg_lookback': 28, 'en_ifvg': True, 'en_breaker': False, 'breaker_swing_l': 17, 'en_cisd': True, 'k': 1, 'en_cap_bars': False, 'cap_1min': 948}.
[I 2026-07-13 17:25:20,983] Trial 1457 finished with values: [1287.9486431275268, -589.9518264508515, 66.95] and parameters: {'sl_soft': 2.609471604804969, 'sl_hard_delta': 1.5400466597035951, 'tp': 3.965955750179107, 'gate_pct': 76.55976188692937, 'dd_limit': 507.56009010777757, 'cooldown': 1, 'flip': False, 'en_ema_trend': False, 'ema_trend_fast': 317, 'ema_trend_slow': 301, 'en_sma_trend': True, 'sma_trend_fast': 173, 'sma_trend_slow': 55, 'en_macd': True, 'macd_fast': 6, 'macd_slow': 47, 'macd_signal': 85, 'en_vwap': True, 'en_keltner': False, 'keltner_n': 186, 'keltner_m': 2.2, 'en_obv': False, 'obv_slope': 25, 'en_cci': False, 'cci_n': 33, 'cci_threshold': 165, 'en_rsi': True, 'rsi_n': 5, 'rsi_lower': 40, 'rsi_upper': 71, 'en_stochastic': True, 'stochastic_n': 53, 'stochastic_d': 42, 'stochastic_lower': 46, 'stochastic_upper': 93, 'en_mfi': False, 'mfi_n': 61, 'mfi_lower': 10, 'mfi_upper': 68, 'en_bollinger': False, 'bollinger_n': 97, 'bollinger_k': 4.9, 'en_adx': False, 'adx_n': 7, 'adx_threshold': 34, 'en_structure_trend': True, 'structure_trend_swing_l': 10, 'en_order_block': False, 'order_block_swing_l': 9, 'en_fvg': False, 'fvg_lookback': 50, 'en_ifvg': True, 'en_breaker': False, 'breaker_swing_l': 17, 'en_cisd': True, 'k': 4, 'en_cap_bars': False, 'cap_1min': 948}.
[I 2026-07-13 17:25:21,278] Trial 1458 finished with values: [596.4356188082036, -675.0000000000227, 67.85] and parameters: {'sl_soft': 3.578361063233118, 'sl_hard_delta': 9.199132196036121, 'tp': 3.965955750179107, 'gate_pct': 44.04004169924129, 'dd_limit': 39.52565804693206, 'cooldown': 4, 'flip': False, 'en_ema_trend': True, 'ema_trend_fast': 317, 'ema_trend_slow': 316, 'en_sma_trend': True, 'sma_trend_fast': 29, 'sma_trend_slow': 55, 'en_macd': True, 'macd_fast': 16, 'macd_slow': 194, 'macd_signal': 85, 'en_vwap': True, 'en_keltner': False, 'keltner_n': 133, 'keltner_m': 2.2, 'en_obv': True, 'obv_slope': 19, 'en_cci': False, 'cci_n': 33, 'cci_threshold': 165, 'en_rsi': True, 'rsi_n': 33, 'rsi_lower': 15, 'rsi_upper': 71, 'en_stochastic': False, 'stochastic_n': 53, 'stochastic_d': 15, 'stochastic_lower': 46, 'stochastic_upper': 97, 'en_mfi': False, 'mfi_n': 75, 'mfi_lower': 32, 'mfi_upper': 78, 'en_bollinger': False, 'bollinger_n': 22, 'bollinger_k': 1.1, 'en_adx': False, 'adx_n': 7, 'adx_threshold': 34, 'en_structure_trend': True, 'structure_trend_swing_l': 10, 'en_order_block': False, 'order_block_swing_l': 9, 'en_fvg': False, 'fvg_lookback': 50, 'en_ifvg': True, 'en_breaker': False, 'breaker_swing_l': 17, 'en_cisd': True, 'k': 1, 'en_cap_bars': False, 'cap_1min': 1249}.
[I 2026-07-13 17:25:26,578] Trial 1459 finished with values: [-176.56858309164818, -954.9999999999955, 42.5] and parameters: {'sl_soft': 2.0827834824761626, 'sl_hard_delta': 9.199132196036121, 'tp': 4.046514259796562, 'gate_pct': 79.12027635095406, 'dd_limit': 162.39650823726745, 'cooldown': 0, 'flip': False, 'en_ema_trend': True, 'ema_trend_fast': 373, 'ema_trend_slow': 301, 'en_sma_trend': False, 'sma_trend_fast': 221, 'sma_trend_slow': 357, 'en_macd': True, 'macd_fast': 16, 'macd_slow': 47, 'macd_signal': 85, 'en_vwap': False, 'en_keltner': False, 'keltner_n': 133, 'keltner_m': 1.6, 'en_obv': True, 'obv_slope': 25, 'en_cci': True, 'cci_n': 33, 'cci_threshold': 170, 'en_rsi': True, 'rsi_n': 17, 'rsi_lower': 40, 'rsi_upper': 71, 'en_stochastic': True, 'stochastic_n': 22, 'stochastic_d': 14, 'stochastic_lower': 2, 'stochastic_upper': 93, 'en_mfi': False, 'mfi_n': 97, 'mfi_lower': 7, 'mfi_upper': 62, 'en_bollinger': False, 'bollinger_n': 32, 'bollinger_k': 4.1, 'en_adx': False, 'adx_n': 71, 'adx_threshold': 6, 'en_structure_trend': True, 'structure_trend_swing_l': 7, 'en_order_block': False, 'order_block_swing_l': 9, 'en_fvg': False, 'fvg_lookback': 50, 'en_ifvg': False, 'en_breaker': True, 'breaker_swing_l': 17, 'en_cisd': True, 'k': 3, 'en_cap_bars': False, 'cap_1min': 948}.
[I 2026-07-13 17:25:26,807] Trial 1460 finished with values: [2056.939396140774, -784.9518264508561, 59.900000000000006] and parameters: {'sl_soft': 2.609471604804969, 'sl_hard_delta': 1.5400466597035951, 'tp': 7.670322948010878, 'gate_pct': 79.12027635095406, 'dd_limit': 162.39650823726745, 'cooldown': 0, 'flip': False, 'en_ema_trend': True, 'ema_trend_fast': 317, 'ema_trend_slow': 301, 'en_sma_trend': True, 'sma_trend_fast': 173, 'sma_trend_slow': 55, 'en_macd': True, 'macd_fast': 16, 'macd_slow': 47, 'macd_signal': 85, 'en_vwap': True, 'en_keltner': True, 'keltner_n': 133, 'keltner_m': 1.8, 'en_obv': True, 'obv_slope': 25, 'en_cci': False, 'cci_n': 33, 'cci_threshold': 165, 'en_rsi': True, 'rsi_n': 5, 'rsi_lower': 40, 'rsi_upper': 69, 'en_stochastic': True, 'stochastic_n': 90, 'stochastic_d': 42, 'stochastic_lower': 46, 'stochastic_upper': 93, 'en_mfi': False, 'mfi_n': 84, 'mfi_lower': 1, 'mfi_upper': 93, 'en_bollinger': False, 'bollinger_n': 161, 'bollinger_k': 4.1, 'en_adx': False, 'adx_n': 71, 'adx_threshold': 28, 'en_structure_trend': True, 'structure_trend_swing_l': 10, 'en_order_block': False, 'order_block_swing_l': 9, 'en_fvg': False, 'fvg_lookback': 50, 'en_ifvg': True, 'en_breaker': False, 'breaker_swing_l': 17, 'en_cisd': True, 'k': 1, 'en_cap_bars': False, 'cap_1min': 948}.
[I 2026-07-13 17:25:27,013] Trial 1461 finished with values: [3367.667024540185, -1422.7611584405622, 54.8] and parameters: {'sl_soft': 3.578361063233118, 'sl_hard_delta': 1.5400466597035951, 'tp': 7.670322948010878, 'gate_pct': 76.55976188692937, 'dd_limit': 162.39650823726745, 'cooldown': 1, 'flip': False, 'en_ema_trend': True, 'ema_trend_fast': 317, 'ema_trend_slow': 301, 'en_sma_trend': True, 'sma_trend_fast': 352, 'sma_trend_slow': 55, 'en_macd': True, 'macd_fast': 6, 'macd_slow': 47, 'macd_signal': 85, 'en_vwap': True, 'en_keltner': False, 'keltner_n': 17, 'keltner_m': 1.8, 'en_obv': True, 'obv_slope': 25, 'en_cci': False, 'cci_n': 33, 'cci_threshold': 230, 'en_rsi': True, 'rsi_n': 5, 'rsi_lower': 40, 'rsi_upper': 71, 'en_stochastic': False, 'stochastic_n': 53, 'stochastic_d': 15, 'stochastic_lower': 46, 'stochastic_upper': 97, 'en_mfi': False, 'mfi_n': 84, 'mfi_lower': 1, 'mfi_upper': 78, 'en_bollinger': False, 'bollinger_n': 22, 'bollinger_k': 1.1, 'en_adx': False, 'adx_n': 71, 'adx_threshold': 34, 'en_structure_trend': True, 'structure_trend_swing_l': 10, 'en_order_block': False, 'order_block_swing_l': 9, 'en_fvg': False, 'fvg_lookback': 50, 'en_ifvg': True, 'en_breaker': False, 'breaker_swing_l': 17, 'en_cisd': False, 'k': 1, 'en_cap_bars': False, 'cap_1min': 1249}.
[I 2026-07-13 17:25:27,335] Trial 1462 finished with values: [1593.290653209749, -3124.451557798443, 46.5] and parameters: {'sl_soft': 4.175083823529933, 'sl_hard_delta': 9.199132196036121, 'tp': 7.670322948010878, 'gate_pct': 79.12027635095406, 'dd_limit': 39.52565804693206, 'cooldown': 0, 'flip': False, 'en_ema_trend': True, 'ema_trend_fast': 317, 'ema_trend_slow': 301, 'en_sma_trend': True, 'sma_trend_fast': 173, 'sma_trend_slow': 143, 'en_macd': True, 'macd_fast': 16, 'macd_slow': 48, 'macd_signal': 85, 'en_vwap': True, 'en_keltner': True, 'keltner_n': 133, 'keltner_m': 1.8, 'en_obv': True, 'obv_slope': 77, 'en_cci': False, 'cci_n': 33, 'cci_threshold': 165, 'en_rsi': True, 'rsi_n': 33, 'rsi_lower': 20, 'rsi_upper': 69, 'en_stochastic': False, 'stochastic_n': 53, 'stochastic_d': 42, 'stochastic_lower': 46, 'stochastic_upper': 97, 'en_mfi': False, 'mfi_n': 92, 'mfi_lower': 10, 'mfi_upper': 93, 'en_bollinger': False, 'bollinger_n': 22, 'bollinger_k': 4.1, 'en_adx': False, 'adx_n': 71, 'adx_threshold': 34, 'en_structure_trend': True, 'structure_trend_swing_l': 10, 'en_order_block': True, 'order_block_swing_l': 9, 'en_fvg': False, 'fvg_lookback': 50, 'en_ifvg': False, 'en_breaker': False, 'breaker_swing_l': 17, 'en_cisd': True, 'k': 4, 'en_cap_bars': False, 'cap_1min': 3}.
[I 2026-07-13 17:25:28,241] Trial 1463 pruned. 
[I 2026-07-13 17:25:30,254] Trial 1464 pruned. 
[I 2026-07-13 17:25:30,460] Trial 1465 finished with values: [1935.8056761072419, -1349.5234682996852, 53.25] and parameters: {'sl_soft': 3.578361063233118, 'sl_hard_delta': 1.3184620587647216, 'tp': 7.670322948010878, 'gate_pct': 76.55976188692937, 'dd_limit': 162.39650823726745, 'cooldown': 0, 'flip': False, 'en_ema_trend': True, 'ema_trend_fast': 317, 'ema_trend_slow': 301, 'en_sma_trend': True, 'sma_trend_fast': 167, 'sma_trend_slow': 163, 'en_macd': True, 'macd_fast': 16, 'macd_slow': 47, 'macd_signal': 85, 'en_vwap': True, 'en_keltner': False, 'keltner_n': 133, 'keltner_m': 2.2, 'en_obv': False, 'obv_slope': 19, 'en_cci': False, 'cci_n': 93, 'cci_threshold': 165, 'en_rsi': True, 'rsi_n': 33, 'rsi_lower': 40, 'rsi_upper': 71, 'en_stochastic': True, 'stochastic_n': 53, 'stochastic_d': 42, 'stochastic_lower': 46, 'stochastic_upper': 95, 'en_mfi': False, 'mfi_n': 61, 'mfi_lower': 10, 'mfi_upper': 68, 'en_bollinger': False, 'bollinger_n': 22, 'bollinger_k': 1.6, 'en_adx': False, 'adx_n': 71, 'adx_threshold': 28, 'en_structure_trend': True, 'structure_trend_swing_l': 10, 'en_order_block': False, 'order_block_swing_l': 9, 'en_fvg': False, 'fvg_lookback': 50, 'en_ifvg': True, 'en_breaker': False, 'breaker_swing_l': 17, 'en_cisd': True, 'k': 4, 'en_cap_bars': False, 'cap_1min': 3}.
[I 2026-07-13 17:25:31,885] Trial 1466 finished with values: [346.64889375452503, -299.9999999999545, 60.65] and parameters: {'sl_soft': 4.175083823529933, 'sl_hard_delta': 9.199132196036121, 'tp': 3.965955750179107, 'gate_pct': 76.55976188692937, 'dd_limit': 507.56009010777757, 'cooldown': 4, 'flip': False, 'en_ema_trend': False, 'ema_trend_fast': 317, 'ema_trend_slow': 301, 'en_sma_trend': True, 'sma_trend_fast': 173, 'sma_trend_slow': 55, 'en_macd': True, 'macd_fast': 19, 'macd_slow': 47, 'macd_signal': 85, 'en_vwap': True, 'en_keltner': True, 'keltner_n': 186, 'keltner_m': 1.8, 'en_obv': True, 'obv_slope': 143, 'en_cci': False, 'cci_n': 2, 'cci_threshold': 165, 'en_rsi': True, 'rsi_n': 52, 'rsi_lower': 15, 'rsi_upper': 71, 'en_stochastic': True, 'stochastic_n': 53, 'stochastic_d': 42, 'stochastic_lower': 46, 'stochastic_upper': 93, 'en_mfi': False, 'mfi_n': 75, 'mfi_lower': 10, 'mfi_upper': 93, 'en_bollinger': False, 'bollinger_n': 161, 'bollinger_k': 4.9, 'en_adx': False, 'adx_n': 48, 'adx_threshold': 34, 'en_structure_trend': True, 'structure_trend_swing_l': 10, 'en_order_block': True, 'order_block_swing_l': 9, 'en_fvg': False, 'fvg_lookback': 50, 'en_ifvg': True, 'en_breaker': False, 'breaker_swing_l': 17, 'en_cisd': True, 'k': 1, 'en_cap_bars': True, 'cap_1min': 3}.
[I 2026-07-13 17:25:33,257] Trial 1467 finished with values: [2014.254150518866, -1161.8407722937036, 52.25] and parameters: {'sl_soft': 3.578361063233118, 'sl_hard_delta': 1.5400466597035951, 'tp': 7.670322948010878, 'gate_pct': 79.12027635095406, 'dd_limit': 390.2087279618219, 'cooldown': 2, 'flip': False, 'en_ema_trend': True, 'ema_trend_fast': 55, 'ema_trend_slow': 301, 'en_sma_trend': False, 'sma_trend_fast': 172, 'sma_trend_slow': 163, 'en_macd': True, 'macd_fast': 16, 'macd_slow': 47, 'macd_signal': 85, 'en_vwap': True, 'en_keltner': True, 'keltner_n': 99, 'keltner_m': 1.8, 'en_obv': False, 'obv_slope': 25, 'en_cci': False, 'cci_n': 33, 'cci_threshold': 195, 'en_rsi': True, 'rsi_n': 29, 'rsi_lower': 20, 'rsi_upper': 69, 'en_stochastic': False, 'stochastic_n': 53, 'stochastic_d': 29, 'stochastic_lower': 46, 'stochastic_upper': 95, 'en_mfi': False, 'mfi_n': 61, 'mfi_lower': 10, 'mfi_upper': 93, 'en_bollinger': False, 'bollinger_n': 97, 'bollinger_k': 1.6, 'en_adx': False, 'adx_n': 71, 'adx_threshold': 34, 'en_structure_trend': True, 'structure_trend_swing_l': 10, 'en_order_block': False, 'order_block_swing_l': 19, 'en_fvg': False, 'fvg_lookback': 28, 'en_ifvg': True, 'en_breaker': True, 'breaker_swing_l': 17, 'en_cisd': True, 'k': 3, 'en_cap_bars': False, 'cap_1min': 3}.
[I 2026-07-13 17:25:37,333] Trial 1468 finished with values: [215.0000000000091, -239.99999999999773, 61.900000000000006] and parameters: {'sl_soft': 4.175083823529933, 'sl_hard_delta': 0.14484222707573952, 'tp': 10.30323196771046, 'gate_pct': 79.12027635095406, 'dd_limit': 303.7831034706349, 'cooldown': 1, 'flip': False, 'en_ema_trend': False, 'ema_trend_fast': 317, 'ema_trend_slow': 319, 'en_sma_trend': True, 'sma_trend_fast': 221, 'sma_trend_slow': 143, 'en_macd': True, 'macd_fast': 16, 'macd_slow': 48, 'macd_signal': 9, 'en_vwap': True, 'en_keltner': True, 'keltner_n': 133, 'keltner_m': 1.6, 'en_obv': True, 'obv_slope': 161, 'en_cci': False, 'cci_n': 33, 'cci_threshold': 170, 'en_rsi': True, 'rsi_n': 17, 'rsi_lower': 40, 'rsi_upper': 69, 'en_stochastic': True, 'stochastic_n': 53, 'stochastic_d': 14, 'stochastic_lower': 2, 'stochastic_upper': 60, 'en_mfi': False, 'mfi_n': 97, 'mfi_lower': 7, 'mfi_upper': 62, 'en_bollinger': False, 'bollinger_n': 22, 'bollinger_k': 2.2, 'en_adx': False, 'adx_n': 71, 'adx_threshold': 34, 'en_structure_trend': True, 'structure_trend_swing_l': 7, 'en_order_block': True, 'order_block_swing_l': 9, 'en_fvg': False, 'fvg_lookback': 50, 'en_ifvg': True, 'en_breaker': False, 'breaker_swing_l': 1, 'en_cisd': True, 'k': 4, 'en_cap_bars': True, 'cap_1min': 3}.
[I 2026-07-13 17:25:37,533] Trial 1469 finished with values: [1324.1194536121952, -976.2256807907534, 72.65] and parameters: {'sl_soft': 3.578361063233118, 'sl_hard_delta': 1.3184620587647216, 'tp': 3.965955750179107, 'gate_pct': 76.55976188692937, 'dd_limit': 39.52565804693206, 'cooldown': 1, 'flip': False, 'en_ema_trend': False, 'ema_trend_fast': 317, 'ema_trend_slow': 301, 'en_sma_trend': True, 'sma_trend_fast': 173, 'sma_trend_slow': 55, 'en_macd': True, 'macd_fast': 16, 'macd_slow': 47, 'macd_signal': 85, 'en_vwap': True, 'en_keltner': False, 'keltner_n': 17, 'keltner_m': 2.2, 'en_obv': False, 'obv_slope': 25, 'en_cci': False, 'cci_n': 33, 'cci_threshold': 165, 'en_rsi': True, 'rsi_n': 5, 'rsi_lower': 40, 'rsi_upper': 71, 'en_stochastic': True, 'stochastic_n': 53, 'stochastic_d': 42, 'stochastic_lower': 46, 'stochastic_upper': 95, 'en_mfi': False, 'mfi_n': 61, 'mfi_lower': 10, 'mfi_upper': 68, 'en_bollinger': False, 'bollinger_n': 97, 'bollinger_k': 1.6, 'en_adx': False, 'adx_n': 71, 'adx_threshold': 34, 'en_structure_trend': True, 'structure_trend_swing_l': 10, 'en_order_block': False, 'order_block_swing_l': 9, 'en_fvg': False, 'fvg_lookback': 28, 'en_ifvg': True, 'en_breaker': False, 'breaker_swing_l': 20, 'en_cisd': True, 'k': 4, 'en_cap_bars': False, 'cap_1min': 948}.
[I 2026-07-13 17:25:37,662] Trial 1470 pruned. 
