[I 2026-07-13 16:50:33,668] Trial 256 pruned. 
[I 2026-07-13 16:50:34,692] Trial 257 pruned. 
[I 2026-07-13 16:50:44,872] Trial 258 finished with values: [311.76112952435915, -458.6325261999946, 37.4] and parameters: {'sl_soft': 1.4789310739311843, 'sl_hard_delta': 0.47861910073547576, 'tp': 4.4104709148058445, 'gate_pct': 53.84741825883083, 'dd_limit': 379.61887235308626, 'cooldown': 1, 'flip': True, 'en_ema_trend': True, 'ema_trend_fast': 211, 'ema_trend_slow': 311, 'en_sma_trend': True, 'sma_trend_fast': 382, 'sma_trend_slow': 121, 'en_macd': True, 'macd_fast': 6, 'macd_slow': 28, 'macd_signal': 10, 'en_vwap': False, 'en_keltner': True, 'keltner_n': 177, 'keltner_m': 1.0, 'en_obv': True, 'obv_slope': 36, 'en_cci': False, 'cci_n': 27, 'cci_threshold': 85, 'en_rsi': True, 'rsi_n': 49, 'rsi_lower': 23, 'rsi_upper': 83, 'en_stochastic': True, 'stochastic_n': 40, 'stochastic_d': 7, 'stochastic_lower': 3, 'stochastic_upper': 53, 'en_mfi': True, 'mfi_n': 9, 'mfi_lower': 31, 'mfi_upper': 58, 'en_bollinger': True, 'bollinger_n': 194, 'bollinger_k': 4.5, 'en_adx': False, 'adx_n': 6, 'adx_threshold': 43, 'en_structure_trend': False, 'structure_trend_swing_l': 8, 'en_order_block': False, 'order_block_swing_l': 20, 'en_fvg': False, 'fvg_lookback': 29, 'en_ifvg': False, 'en_breaker': True, 'breaker_swing_l': 8, 'en_cisd': True, 'k': 1, 'en_cap_bars': True, 'cap_1min': 260}.
[I 2026-07-13 16:50:45,200] Trial 259 pruned. 
[I 2026-07-13 16:50:46,660] Trial 260 pruned. 
[I 2026-07-13 16:50:51,068] Trial 261 finished with values: [-494.3964947807899, -1250.0000000000227, 25.0] and parameters: {'sl_soft': 4.31526102031786, 'sl_hard_delta': 7.805435841057412, 'tp': 9.77069003479464, 'gate_pct': 61.169672271623824, 'dd_limit': 108.94045641102088, 'cooldown': 4, 'flip': False, 'en_ema_trend': True, 'ema_trend_fast': 174, 'ema_trend_slow': 279, 'en_sma_trend': False, 'sma_trend_fast': 351, 'sma_trend_slow': 256, 'en_macd': False, 'macd_fast': 60, 'macd_slow': 45, 'macd_signal': 77, 'en_vwap': False, 'en_keltner': True, 'keltner_n': 135, 'keltner_m': 4.1, 'en_obv': True, 'obv_slope': 134, 'en_cci': True, 'cci_n': 126, 'cci_threshold': 255, 'en_rsi': True, 'rsi_n': 40, 'rsi_lower': 7, 'rsi_upper': 94, 'en_stochastic': False, 'stochastic_n': 6, 'stochastic_d': 25, 'stochastic_lower': 34, 'stochastic_upper': 75, 'en_mfi': False, 'mfi_n': 94, 'mfi_lower': 33, 'mfi_upper': 57, 'en_bollinger': True, 'bollinger_n': 53, 'bollinger_k': 4.300000000000001, 'en_adx': False, 'adx_n': 58, 'adx_threshold': 52, 'en_structure_trend': False, 'structure_trend_swing_l': 1, 'en_order_block': False, 'order_block_swing_l': 1, 'en_fvg': True, 'fvg_lookback': 20, 'en_ifvg': False, 'en_breaker': False, 'breaker_swing_l': 19, 'en_cisd': False, 'k': 5, 'en_cap_bars': False, 'cap_1min': 504}.
[I 2026-07-13 16:50:52,186] Trial 262 pruned. 
[I 2026-07-13 16:50:53,906] Trial 263 pruned. 
[I 2026-07-13 16:50:54,569] Trial 264 pruned. 
[I 2026-07-13 16:50:55,779] Trial 265 pruned. 
[I 2026-07-13 16:50:56,225] Trial 266 pruned. 
[I 2026-07-13 16:50:57,351] Trial 267 pruned. 
[I 2026-07-13 16:50:59,037] Trial 268 pruned. 
[I 2026-07-13 16:50:59,655] Trial 269 pruned. 
[I 2026-07-13 16:51:01,422] Trial 270 finished with values: [1567.9348784565605, -1877.0973328249738, 58.0] and parameters: {'sl_soft': 6.522244549948772, 'sl_hard_delta': 0.3194820006624857, 'tp': 7.408412647169058, 'gate_pct': 94.70821660915905, 'dd_limit': 468.96228685784826, 'cooldown': 0, 'flip': False, 'en_ema_trend': True, 'ema_trend_fast': 99, 'ema_trend_slow': 64, 'en_sma_trend': False, 'sma_trend_fast': 345, 'sma_trend_slow': 290, 'en_macd': False, 'macd_fast': 56, 'macd_slow': 200, 'macd_signal': 82, 'en_vwap': True, 'en_keltner': False, 'keltner_n': 93, 'keltner_m': 3.3000000000000003, 'en_obv': False, 'obv_slope': 162, 'en_cci': True, 'cci_n': 51, 'cci_threshold': 155, 'en_rsi': False, 'rsi_n': 5, 'rsi_lower': 32, 'rsi_upper': 89, 'en_stochastic': False, 'stochastic_n': 50, 'stochastic_d': 11, 'stochastic_lower': 2, 'stochastic_upper': 93, 'en_mfi': False, 'mfi_n': 43, 'mfi_lower': 19, 'mfi_upper': 67, 'en_bollinger': False, 'bollinger_n': 155, 'bollinger_k': 0.5, 'en_adx': False, 'adx_n': 7, 'adx_threshold': 57, 'en_structure_trend': False, 'structure_trend_swing_l': 1, 'en_order_block': True, 'order_block_swing_l': 1, 'en_fvg': True, 'fvg_lookback': 26, 'en_ifvg': True, 'en_breaker': True, 'breaker_swing_l': 1, 'en_cisd': False, 'k': 4, 'en_cap_bars': True, 'cap_1min': 655}.
[I 2026-07-13 16:51:02,806] Trial 271 pruned. 
[I 2026-07-13 16:51:14,968] Trial 272 finished with values: [-1072.909696416832, -1760.6017393068441, 39.05] and parameters: {'sl_soft': 5.55785938218288, 'sl_hard_delta': 6.456095832853717, 'tp': 8.101920428900106, 'gate_pct': 50.46908188547151, 'dd_limit': 54.08170648121946, 'cooldown': 0, 'flip': True, 'en_ema_trend': True, 'ema_trend_fast': 82, 'ema_trend_slow': 303, 'en_sma_trend': True, 'sma_trend_fast': 46, 'sma_trend_slow': 240, 'en_macd': False, 'macd_fast': 91, 'macd_slow': 77, 'macd_signal': 62, 'en_vwap': False, 'en_keltner': False, 'keltner_n': 49, 'keltner_m': 2.4000000000000004, 'en_obv': True, 'obv_slope': 137, 'en_cci': False, 'cci_n': 87, 'cci_threshold': 180, 'en_rsi': False, 'rsi_n': 52, 'rsi_lower': 49, 'rsi_upper': 95, 'en_stochastic': True, 'stochastic_n': 37, 'stochastic_d': 14, 'stochastic_lower': 17, 'stochastic_upper': 90, 'en_mfi': True, 'mfi_n': 61, 'mfi_lower': 19, 'mfi_upper': 93, 'en_bollinger': False, 'bollinger_n': 148, 'bollinger_k': 3.2, 'en_adx': True, 'adx_n': 5, 'adx_threshold': 25, 'en_structure_trend': True, 'structure_trend_swing_l': 10, 'en_order_block': True, 'order_block_swing_l': 7, 'en_fvg': False, 'fvg_lookback': 17, 'en_ifvg': False, 'en_breaker': False, 'breaker_swing_l': 9, 'en_cisd': False, 'k': 4, 'en_cap_bars': True, 'cap_1min': 160}.
[I 2026-07-13 16:51:15,923] Trial 273 pruned. 
[I 2026-07-13 16:51:17,789] Trial 274 pruned. 
[I 2026-07-13 16:51:18,938] Trial 275 pruned. 
[I 2026-07-13 16:51:20,575] Trial 276 pruned. 
[I 2026-07-13 16:51:25,267] Trial 277 finished with values: [-413.2503327968948, -891.7961102320078, 43.849999999999994] and parameters: {'sl_soft': 2.588282143197288, 'sl_hard_delta': 0.22063648392422866, 'tp': 2.317713406165749, 'gate_pct': 58.593360310661346, 'dd_limit': 238.1085491421743, 'cooldown': 0, 'flip': False, 'en_ema_trend': False, 'ema_trend_fast': 274, 'ema_trend_slow': 223, 'en_sma_trend': True, 'sma_trend_fast': 58, 'sma_trend_slow': 222, 'en_macd': True, 'macd_fast': 52, 'macd_slow': 155, 'macd_signal': 94, 'en_vwap': True, 'en_keltner': True, 'keltner_n': 96, 'keltner_m': 2.7, 'en_obv': False, 'obv_slope': 78, 'en_cci': False, 'cci_n': 86, 'cci_threshold': 50, 'en_rsi': True, 'rsi_n': 17, 'rsi_lower': 5, 'rsi_upper': 72, 'en_stochastic': False, 'stochastic_n': 84, 'stochastic_d': 29, 'stochastic_lower': 22, 'stochastic_upper': 68, 'en_mfi': True, 'mfi_n': 10, 'mfi_lower': 2, 'mfi_upper': 56, 'en_bollinger': True, 'bollinger_n': 128, 'bollinger_k': 4.9, 'en_adx': False, 'adx_n': 5, 'adx_threshold': 10, 'en_structure_trend': False, 'structure_trend_swing_l': 6, 'en_order_block': False, 'order_block_swing_l': 13, 'en_fvg': False, 'fvg_lookback': 19, 'en_ifvg': True, 'en_breaker': False, 'breaker_swing_l': 4, 'en_cisd': True, 'k': 4, 'en_cap_bars': False, 'cap_1min': 1260}.
[I 2026-07-13 16:51:25,635] Trial 278 pruned. 
[I 2026-07-13 16:51:27,538] Trial 279 pruned. 
[I 2026-07-13 16:51:28,500] Trial 280 pruned. 
[I 2026-07-13 16:51:32,541] Trial 281 finished with values: [446.393785606881, -734.9999999999909, 36.95] and parameters: {'sl_soft': 1.519537552157959, 'sl_hard_delta': 6.758547117779633, 'tp': 8.385250474758445, 'gate_pct': 55.72136383304909, 'dd_limit': 145.05237206981994, 'cooldown': 1, 'flip': False, 'en_ema_trend': False, 'ema_trend_fast': 134, 'ema_trend_slow': 390, 'en_sma_trend': False, 'sma_trend_fast': 143, 'sma_trend_slow': 340, 'en_macd': True, 'macd_fast': 9, 'macd_slow': 139, 'macd_signal': 93, 'en_vwap': True, 'en_keltner': False, 'keltner_n': 171, 'keltner_m': 0.7, 'en_obv': True, 'obv_slope': 148, 'en_cci': True, 'cci_n': 172, 'cci_threshold': 95, 'en_rsi': True, 'rsi_n': 94, 'rsi_lower': 24, 'rsi_upper': 51, 'en_stochastic': False, 'stochastic_n': 98, 'stochastic_d': 42, 'stochastic_lower': 6, 'stochastic_upper': 69, 'en_mfi': True, 'mfi_n': 53, 'mfi_lower': 11, 'mfi_upper': 58, 'en_bollinger': True, 'bollinger_n': 76, 'bollinger_k': 4.300000000000001, 'en_adx': False, 'adx_n': 60, 'adx_threshold': 37, 'en_structure_trend': False, 'structure_trend_swing_l': 5, 'en_order_block': False, 'order_block_swing_l': 20, 'en_fvg': False, 'fvg_lookback': 45, 'en_ifvg': True, 'en_breaker': True, 'breaker_swing_l': 20, 'en_cisd': True, 'k': 3, 'en_cap_bars': True, 'cap_1min': 116}.
[I 2026-07-13 16:51:34,826] Trial 282 pruned. 
[I 2026-07-13 16:51:35,832] Trial 283 pruned. 
[I 2026-07-13 16:51:37,757] Trial 284 pruned. 
[I 2026-07-13 16:51:39,217] Trial 285 pruned. 
[I 2026-07-13 16:51:40,889] Trial 286 pruned. 
[I 2026-07-13 16:51:42,544] Trial 287 pruned. 
[I 2026-07-13 16:51:53,795] Trial 288 finished with values: [1556.8542659820082, -2470.3409136337996, 59.0] and parameters: {'sl_soft': 7.1218917569639535, 'sl_hard_delta': 0.5411210434052766, 'tp': 7.820098976883081, 'gate_pct': 98.67302380660169, 'dd_limit': 156.56991401683462, 'cooldown': 2, 'flip': False, 'en_ema_trend': False, 'ema_trend_fast': 279, 'ema_trend_slow': 125, 'en_sma_trend': True, 'sma_trend_fast': 334, 'sma_trend_slow': 268, 'en_macd': True, 'macd_fast': 18, 'macd_slow': 91, 'macd_signal': 65, 'en_vwap': True, 'en_keltner': True, 'keltner_n': 153, 'keltner_m': 2.8000000000000003, 'en_obv': False, 'obv_slope': 165, 'en_cci': True, 'cci_n': 100, 'cci_threshold': 125, 'en_rsi': True, 'rsi_n': 71, 'rsi_lower': 18, 'rsi_upper': 94, 'en_stochastic': True, 'stochastic_n': 52, 'stochastic_d': 22, 'stochastic_lower': 14, 'stochastic_upper': 93, 'en_mfi': True, 'mfi_n': 62, 'mfi_lower': 25, 'mfi_upper': 97, 'en_bollinger': False, 'bollinger_n': 7, 'bollinger_k': 1.0, 'en_adx': False, 'adx_n': 12, 'adx_threshold': 17, 'en_structure_trend': False, 'structure_trend_swing_l': 3, 'en_order_block': True, 'order_block_swing_l': 3, 'en_fvg': True, 'fvg_lookback': 18, 'en_ifvg': True, 'en_breaker': True, 'breaker_swing_l': 16, 'en_cisd': False, 'k': 1, 'en_cap_bars': True, 'cap_1min': 1243}.
[I 2026-07-13 16:51:56,905] Trial 289 pruned. 
[I 2026-07-13 16:51:58,055] Trial 290 pruned. 
[I 2026-07-13 16:51:59,741] Trial 291 pruned. 
[I 2026-07-13 16:52:01,564] Trial 292 pruned. 
[I 2026-07-13 16:52:04,338] Trial 293 pruned. 
[I 2026-07-13 16:52:20,411] Trial 294 finished with values: [256.5289605111957, -1708.3452584848828, 75.0] and parameters: {'sl_soft': 7.056559974729141, 'sl_hard_delta': 5.119866024995334, 'tp': 2.879136853787827, 'gate_pct': 66.0193419862484, 'dd_limit': 209.7767924223905, 'cooldown': 0, 'flip': False, 'en_ema_trend': False, 'ema_trend_fast': 195, 'ema_trend_slow': 64, 'en_sma_trend': False, 'sma_trend_fast': 281, 'sma_trend_slow': 116, 'en_macd': False, 'macd_fast': 33, 'macd_slow': 65, 'macd_signal': 20, 'en_vwap': True, 'en_keltner': True, 'keltner_n': 56, 'keltner_m': 2.8000000000000003, 'en_obv': True, 'obv_slope': 142, 'en_cci': True, 'cci_n': 39, 'cci_threshold': 50, 'en_rsi': True, 'rsi_n': 39, 'rsi_lower': 32, 'rsi_upper': 83, 'en_stochastic': True, 'stochastic_n': 40, 'stochastic_d': 32, 'stochastic_lower': 25, 'stochastic_upper': 97, 'en_mfi': True, 'mfi_n': 15, 'mfi_lower': 15, 'mfi_upper': 86, 'en_bollinger': True, 'bollinger_n': 198, 'bollinger_k': 3.9000000000000004, 'en_adx': True, 'adx_n': 51, 'adx_threshold': 7, 'en_structure_trend': False, 'structure_trend_swing_l': 3, 'en_order_block': True, 'order_block_swing_l': 9, 'en_fvg': False, 'fvg_lookback': 17, 'en_ifvg': False, 'en_breaker': False, 'breaker_swing_l': 6, 'en_cisd': False, 'k': 2, 'en_cap_bars': False, 'cap_1min': 433}.
[I 2026-07-13 16:52:28,464] Trial 295 finished with values: [-227.11513194740292, -1040.000000000009, 61.6] and parameters: {'sl_soft': 5.912374097477583, 'sl_hard_delta': 3.9050213100332094, 'tp': 2.4943596481400685, 'gate_pct': 79.12027635095406, 'dd_limit': 332.70974775121596, 'cooldown': 7, 'flip': False, 'en_ema_trend': True, 'ema_trend_fast': 271, 'ema_trend_slow': 376, 'en_sma_trend': False, 'sma_trend_fast': 292, 'sma_trend_slow': 357, 'en_macd': True, 'macd_fast': 9, 'macd_slow': 190, 'macd_signal': 21, 'en_vwap': False, 'en_keltner': False, 'keltner_n': 142, 'keltner_m': 4.5, 'en_obv': True, 'obv_slope': 169, 'en_cci': True, 'cci_n': 147, 'cci_threshold': 170, 'en_rsi': True, 'rsi_n': 77, 'rsi_lower': 6, 'rsi_upper': 58, 'en_stochastic': True, 'stochastic_n': 75, 'stochastic_d': 14, 'stochastic_lower': 8, 'stochastic_upper': 57, 'en_mfi': False, 'mfi_n': 71, 'mfi_lower': 34, 'mfi_upper': 72, 'en_bollinger': False, 'bollinger_n': 125, 'bollinger_k': 4.300000000000001, 'en_adx': False, 'adx_n': 97, 'adx_threshold': 59, 'en_structure_trend': False, 'structure_trend_swing_l': 1, 'en_order_block': True, 'order_block_swing_l': 3, 'en_fvg': False, 'fvg_lookback': 4, 'en_ifvg': False, 'en_breaker': False, 'breaker_swing_l': 5, 'en_cisd': True, 'k': 4, 'en_cap_bars': False, 'cap_1min': 736}.
[I 2026-07-13 16:52:28,786] Trial 296 pruned. 
[I 2026-07-13 16:52:31,781] Trial 297 finished with values: [-6.692669252583983, -428.2534289988462, 54.5] and parameters: {'sl_soft': 2.588282143197288, 'sl_hard_delta': 0.22063648392422866, 'tp': 2.317713406165749, 'gate_pct': 79.79473082398957, 'dd_limit': 238.1085491421743, 'cooldown': 4, 'flip': False, 'en_ema_trend': False, 'ema_trend_fast': 83, 'ema_trend_slow': 223, 'en_sma_trend': False, 'sma_trend_fast': 39, 'sma_trend_slow': 114, 'en_macd': True, 'macd_fast': 52, 'macd_slow': 155, 'macd_signal': 94, 'en_vwap': True, 'en_keltner': True, 'keltner_n': 96, 'keltner_m': 2.2, 'en_obv': False, 'obv_slope': 78, 'en_cci': False, 'cci_n': 49, 'cci_threshold': 20, 'en_rsi': True, 'rsi_n': 17, 'rsi_lower': 5, 'rsi_upper': 72, 'en_stochastic': False, 'stochastic_n': 45, 'stochastic_d': 19, 'stochastic_lower': 5, 'stochastic_upper': 68, 'en_mfi': True, 'mfi_n': 33, 'mfi_lower': 32, 'mfi_upper': 56, 'en_bollinger': True, 'bollinger_n': 128, 'bollinger_k': 3.4000000000000004, 'en_adx': False, 'adx_n': 5, 'adx_threshold': 10, 'en_structure_trend': False, 'structure_trend_swing_l': 13, 'en_order_block': False, 'order_block_swing_l': 13, 'en_fvg': True, 'fvg_lookback': 19, 'en_ifvg': True, 'en_breaker': False, 'breaker_swing_l': 6, 'en_cisd': True, 'k': 3, 'en_cap_bars': False, 'cap_1min': 656}.
[I 2026-07-13 16:52:32,199] Trial 298 finished with values: [-899.195188091494, -2955.3370985801394, 58.25] and parameters: {'sl_soft': 4.053027562148191, 'sl_hard_delta': 7.227495975818748, 'tp': 3.518445391591467, 'gate_pct': 80.24193898753819, 'dd_limit': 273.50258854235346, 'cooldown': 0, 'flip': False, 'en_ema_trend': False, 'ema_trend_fast': 91, 'ema_trend_slow': 109, 'en_sma_trend': True, 'sma_trend_fast': 139, 'sma_trend_slow': 109, 'en_macd': False, 'macd_fast': 6, 'macd_slow': 105, 'macd_signal': 87, 'en_vwap': True, 'en_keltner': True, 'keltner_n': 190, 'keltner_m': 4.7, 'en_obv': True, 'obv_slope': 53, 'en_cci': False, 'cci_n': 102, 'cci_threshold': 65, 'en_rsi': True, 'rsi_n': 73, 'rsi_lower': 11, 'rsi_upper': 69, 'en_stochastic': False, 'stochastic_n': 84, 'stochastic_d': 47, 'stochastic_lower': 2, 'stochastic_upper': 91, 'en_mfi': False, 'mfi_n': 61, 'mfi_lower': 13, 'mfi_upper': 78, 'en_bollinger': False, 'bollinger_n': 161, 'bollinger_k': 1.0, 'en_adx': False, 'adx_n': 19, 'adx_threshold': 55, 'en_structure_trend': False, 'structure_trend_swing_l': 19, 'en_order_block': False, 'order_block_swing_l': 10, 'en_fvg': False, 'fvg_lookback': 28, 'en_ifvg': True, 'en_breaker': True, 'breaker_swing_l': 3, 'en_cisd': True, 'k': 2, 'en_cap_bars': True, 'cap_1min': 1333}.
[I 2026-07-13 16:52:40,229] Trial 299 finished with values: [-948.4391768823002, -1700.0000000000682, 20.35] and parameters: {'sl_soft': 2.393534564778056, 'sl_hard_delta': 8.51498314315475, 'tp': 9.890608231177291, 'gate_pct': 62.75122947526989, 'dd_limit': 413.1031355436915, 'cooldown': 3, 'flip': False, 'en_ema_trend': True, 'ema_trend_fast': 88, 'ema_trend_slow': 231, 'en_sma_trend': False, 'sma_trend_fast': 387, 'sma_trend_slow': 194, 'en_macd': False, 'macd_fast': 80, 'macd_slow': 104, 'macd_signal': 14, 'en_vwap': False, 'en_keltner': False, 'keltner_n': 8, 'keltner_m': 1.7000000000000002, 'en_obv': True, 'obv_slope': 180, 'en_cci': True, 'cci_n': 184, 'cci_threshold': 90, 'en_rsi': True, 'rsi_n': 69, 'rsi_lower': 8, 'rsi_upper': 81, 'en_stochastic': False, 'stochastic_n': 16, 'stochastic_d': 37, 'stochastic_lower': 38, 'stochastic_upper': 68, 'en_mfi': False, 'mfi_n': 52, 'mfi_lower': 37, 'mfi_upper': 90, 'en_bollinger': True, 'bollinger_n': 24, 'bollinger_k': 4.9, 'en_adx': True, 'adx_n': 19, 'adx_threshold': 11, 'en_structure_trend': False, 'structure_trend_swing_l': 13, 'en_order_block': False, 'order_block_swing_l': 7, 'en_fvg': False, 'fvg_lookback': 23, 'en_ifvg': False, 'en_breaker': True, 'breaker_swing_l': 1, 'en_cisd': True, 'k': 3, 'en_cap_bars': True, 'cap_1min': 583}.
[I 2026-07-13 16:52:46,497] Trial 300 finished with values: [-60.92588690549405, -895.3740328597178, 25.2] and parameters: {'sl_soft': 1.4789310739311843, 'sl_hard_delta': 0.47861910073547576, 'tp': 4.4104709148058445, 'gate_pct': 61.29515207255519, 'dd_limit': 379.61887235308626, 'cooldown': 1, 'flip': True, 'en_ema_trend': True, 'ema_trend_fast': 211, 'ema_trend_slow': 311, 'en_sma_trend': True, 'sma_trend_fast': 292, 'sma_trend_slow': 163, 'en_macd': True, 'macd_fast': 6, 'macd_slow': 28, 'macd_signal': 21, 'en_vwap': False, 'en_keltner': True, 'keltner_n': 200, 'keltner_m': 1.0, 'en_obv': False, 'obv_slope': 36, 'en_cci': False, 'cci_n': 88, 'cci_threshold': 260, 'en_rsi': True, 'rsi_n': 49, 'rsi_lower': 6, 'rsi_upper': 58, 'en_stochastic': False, 'stochastic_n': 66, 'stochastic_d': 12, 'stochastic_lower': 26, 'stochastic_upper': 57, 'en_mfi': True, 'mfi_n': 9, 'mfi_lower': 45, 'mfi_upper': 72, 'en_bollinger': False, 'bollinger_n': 22, 'bollinger_k': 4.5, 'en_adx': False, 'adx_n': 82, 'adx_threshold': 43, 'en_structure_trend': True, 'structure_trend_swing_l': 1, 'en_order_block': False, 'order_block_swing_l': 20, 'en_fvg': False, 'fvg_lookback': 29, 'en_ifvg': False, 'en_breaker': False, 'breaker_swing_l': 8, 'en_cisd': True, 'k': 1, 'en_cap_bars': True, 'cap_1min': 260}.
[I 2026-07-13 16:52:48,177] Trial 301 finished with values: [-215.14417962410448, -1045.00000000005, 51.45] and parameters: {'sl_soft': 6.089776341025201, 'sl_hard_delta': 1.2665708694287057, 'tp': 7.694232815035844, 'gate_pct': 90.0783114706916, 'dd_limit': 499.7446687086984, 'cooldown': 3, 'flip': False, 'en_ema_trend': False, 'ema_trend_fast': 41, 'ema_trend_slow': 361, 'en_sma_trend': True, 'sma_trend_fast': 95, 'sma_trend_slow': 258, 'en_macd': False, 'macd_fast': 47, 'macd_slow': 74, 'macd_signal': 59, 'en_vwap': False, 'en_keltner': True, 'keltner_n': 133, 'keltner_m': 4.0, 'en_obv': True, 'obv_slope': 2, 'en_cci': False, 'cci_n': 110, 'cci_threshold': 30, 'en_rsi': True, 'rsi_n': 63, 'rsi_lower': 17, 'rsi_upper': 75, 'en_stochastic': False, 'stochastic_n': 88, 'stochastic_d': 50, 'stochastic_lower': 13, 'stochastic_upper': 82, 'en_mfi': False, 'mfi_n': 67, 'mfi_lower': 17, 'mfi_upper': 90, 'en_bollinger': False, 'bollinger_n': 182, 'bollinger_k': 4.5, 'en_adx': False, 'adx_n': 71, 'adx_threshold': 34, 'en_structure_trend': True, 'structure_trend_swing_l': 14, 'en_order_block': True, 'order_block_swing_l': 19, 'en_fvg': False, 'fvg_lookback': 19, 'en_ifvg': True, 'en_breaker': False, 'breaker_swing_l': 7, 'en_cisd': False, 'k': 3, 'en_cap_bars': True, 'cap_1min': 3}.
[I 2026-07-13 16:52:55,930] Trial 302 finished with values: [69.44066642206508, -2063.3465781301766, 73.0] and parameters: {'sl_soft': 7.056559974729141, 'sl_hard_delta': 1.0837365383099373, 'tp': 2.879136853787827, 'gate_pct': 66.0193419862484, 'dd_limit': 390.2087279618219, 'cooldown': 0, 'flip': False, 'en_ema_trend': True, 'ema_trend_fast': 195, 'ema_trend_slow': 381, 'en_sma_trend': False, 'sma_trend_fast': 281, 'sma_trend_slow': 144, 'en_macd': True, 'macd_fast': 49, 'macd_slow': 149, 'macd_signal': 20, 'en_vwap': True, 'en_keltner': True, 'keltner_n': 17, 'keltner_m': 4.5, 'en_obv': True, 'obv_slope': 142, 'en_cci': True, 'cci_n': 39, 'cci_threshold': 50, 'en_rsi': False, 'rsi_n': 39, 'rsi_lower': 15, 'rsi_upper': 71, 'en_stochastic': True, 'stochastic_n': 40, 'stochastic_d': 40, 'stochastic_lower': 25, 'stochastic_upper': 97, 'en_mfi': True, 'mfi_n': 15, 'mfi_lower': 15, 'mfi_upper': 86, 'en_bollinger': False, 'bollinger_n': 198, 'bollinger_k': 1.1, 'en_adx': False, 'adx_n': 33, 'adx_threshold': 7, 'en_structure_trend': False, 'structure_trend_swing_l': 3, 'en_order_block': True, 'order_block_swing_l': 9, 'en_fvg': False, 'fvg_lookback': 17, 'en_ifvg': False, 'en_breaker': False, 'breaker_swing_l': 5, 'en_cisd': False, 'k': 2, 'en_cap_bars': False, 'cap_1min': 1332}.
