[I 2026-07-13 17:36:29,012] Trial 1680 finished with values: [257.60009278945404, -377.5319480474991, 70.5] and parameters: {'sl_soft': 1.0063442051374751, 'sl_hard_delta': 1.211548270643084, 'tp': 0.9918133787075697, 'gate_pct': 54.8778799805964, 'dd_limit': 434.8338936907749, 'cooldown': 8, 'flip': True, 'en_ema_trend': True, 'ema_trend_fast': 317, 'ema_trend_slow': 291, 'en_sma_trend': False, 'sma_trend_fast': 141, 'sma_trend_slow': 143, 'en_macd': True, 'macd_fast': 80, 'macd_slow': 180, 'macd_signal': 72, 'en_vwap': False, 'en_keltner': True, 'keltner_n': 13, 'keltner_m': 3.1, 'en_obv': True, 'obv_slope': 8, 'en_cci': False, 'cci_n': 110, 'cci_threshold': 40, 'en_rsi': False, 'rsi_n': 74, 'rsi_lower': 28, 'rsi_upper': 91, 'en_stochastic': False, 'stochastic_n': 56, 'stochastic_d': 5, 'stochastic_lower': 16, 'stochastic_upper': 90, 'en_mfi': True, 'mfi_n': 61, 'mfi_lower': 10, 'mfi_upper': 86, 'en_bollinger': False, 'bollinger_n': 115, 'bollinger_k': 2.5, 'en_adx': True, 'adx_n': 18, 'adx_threshold': 19, 'en_structure_trend': False, 'structure_trend_swing_l': 19, 'en_order_block': True, 'order_block_swing_l': 3, 'en_fvg': False, 'fvg_lookback': 23, 'en_ifvg': True, 'en_breaker': False, 'breaker_swing_l': 18, 'en_cisd': True, 'k': 3, 'en_cap_bars': True, 'cap_1min': 652}.
[I 2026-07-13 17:36:29,312] Trial 1681 finished with values: [165.29269275691263, -292.4559863877448, 72.6] and parameters: {'sl_soft': 1.0063442051374751, 'sl_hard_delta': 2.905993056033855, 'tp': 0.9918133787075697, 'gate_pct': 54.8778799805964, 'dd_limit': 434.8338936907749, 'cooldown': 3, 'flip': True, 'en_ema_trend': True, 'ema_trend_fast': 317, 'ema_trend_slow': 291, 'en_sma_trend': True, 'sma_trend_fast': 388, 'sma_trend_slow': 357, 'en_macd': False, 'macd_fast': 80, 'macd_slow': 180, 'macd_signal': 86, 'en_vwap': False, 'en_keltner': False, 'keltner_n': 116, 'keltner_m': 3.1, 'en_obv': True, 'obv_slope': 8, 'en_cci': False, 'cci_n': 110, 'cci_threshold': 300, 'en_rsi': True, 'rsi_n': 67, 'rsi_lower': 28, 'rsi_upper': 71, 'en_stochastic': False, 'stochastic_n': 75, 'stochastic_d': 5, 'stochastic_lower': 48, 'stochastic_upper': 57, 'en_mfi': False, 'mfi_n': 51, 'mfi_lower': 20, 'mfi_upper': 86, 'en_bollinger': False, 'bollinger_n': 181, 'bollinger_k': 2.5, 'en_adx': True, 'adx_n': 23, 'adx_threshold': 19, 'en_structure_trend': False, 'structure_trend_swing_l': 19, 'en_order_block': True, 'order_block_swing_l': 3, 'en_fvg': False, 'fvg_lookback': 8, 'en_ifvg': True, 'en_breaker': False, 'breaker_swing_l': 18, 'en_cisd': True, 'k': 3, 'en_cap_bars': True, 'cap_1min': 412}.
[I 2026-07-13 17:36:29,734] Trial 1682 finished with values: [522.1879185227806, -410.0041004561717, 69.0] and parameters: {'sl_soft': 1.5128727017605812, 'sl_hard_delta': 0.008044238733936384, 'tp': 0.9918133787075697, 'gate_pct': 54.8778799805964, 'dd_limit': 390.2569167971573, 'cooldown': 8, 'flip': True, 'en_ema_trend': True, 'ema_trend_fast': 317, 'ema_trend_slow': 291, 'en_sma_trend': True, 'sma_trend_fast': 141, 'sma_trend_slow': 143, 'en_macd': True, 'macd_fast': 25, 'macd_slow': 180, 'macd_signal': 72, 'en_vwap': True, 'en_keltner': False, 'keltner_n': 13, 'keltner_m': 3.1, 'en_obv': True, 'obv_slope': 105, 'en_cci': False, 'cci_n': 110, 'cci_threshold': 75, 'en_rsi': True, 'rsi_n': 67, 'rsi_lower': 7, 'rsi_upper': 91, 'en_stochastic': False, 'stochastic_n': 56, 'stochastic_d': 3, 'stochastic_lower': 48, 'stochastic_upper': 97, 'en_mfi': False, 'mfi_n': 51, 'mfi_lower': 13, 'mfi_upper': 74, 'en_bollinger': False, 'bollinger_n': 115, 'bollinger_k': 2.6, 'en_adx': True, 'adx_n': 23, 'adx_threshold': 7, 'en_structure_trend': False, 'structure_trend_swing_l': 19, 'en_order_block': True, 'order_block_swing_l': 9, 'en_fvg': False, 'fvg_lookback': 23, 'en_ifvg': True, 'en_breaker': True, 'breaker_swing_l': 1, 'en_cisd': False, 'k': 2, 'en_cap_bars': False, 'cap_1min': 272}.
[I 2026-07-13 17:36:30,645] Trial 1683 finished with values: [30.454655812104647, -461.0741549076124, 34.849999999999994] and parameters: {'sl_soft': 1.5128727017605812, 'sl_hard_delta': 0.008044238733936384, 'tp': 2.9458524258041714, 'gate_pct': 54.8778799805964, 'dd_limit': 390.2569167971573, 'cooldown': 12, 'flip': True, 'en_ema_trend': True, 'ema_trend_fast': 317, 'ema_trend_slow': 247, 'en_sma_trend': False, 'sma_trend_fast': 45, 'sma_trend_slow': 242, 'en_macd': True, 'macd_fast': 80, 'macd_slow': 180, 'macd_signal': 1, 'en_vwap': False, 'en_keltner': True, 'keltner_n': 13, 'keltner_m': 1.8, 'en_obv': True, 'obv_slope': 8, 'en_cci': False, 'cci_n': 23, 'cci_threshold': 195, 'en_rsi': False, 'rsi_n': 74, 'rsi_lower': 28, 'rsi_upper': 82, 'en_stochastic': False, 'stochastic_n': 67, 'stochastic_d': 3, 'stochastic_lower': 16, 'stochastic_upper': 73, 'en_mfi': True, 'mfi_n': 61, 'mfi_lower': 16, 'mfi_upper': 86, 'en_bollinger': False, 'bollinger_n': 181, 'bollinger_k': 0.5, 'en_adx': False, 'adx_n': 32, 'adx_threshold': 19, 'en_structure_trend': False, 'structure_trend_swing_l': 19, 'en_order_block': True, 'order_block_swing_l': 9, 'en_fvg': True, 'fvg_lookback': 4, 'en_ifvg': True, 'en_breaker': False, 'breaker_swing_l': 17, 'en_cisd': False, 'k': 4, 'en_cap_bars': True, 'cap_1min': 272}.
[I 2026-07-13 17:36:30,964] Trial 1684 finished with values: [104.90950800592032, -320.8615128924521, 62.95] and parameters: {'sl_soft': 1.5128727017605812, 'sl_hard_delta': 0.05257236390156471, 'tp': 0.9918133787075697, 'gate_pct': 54.8778799805964, 'dd_limit': 390.2569167971573, 'cooldown': 9, 'flip': True, 'en_ema_trend': True, 'ema_trend_fast': 317, 'ema_trend_slow': 16, 'en_sma_trend': True, 'sma_trend_fast': 45, 'sma_trend_slow': 134, 'en_macd': False, 'macd_fast': 80, 'macd_slow': 180, 'macd_signal': 72, 'en_vwap': False, 'en_keltner': True, 'keltner_n': 3, 'keltner_m': 3.1, 'en_obv': True, 'obv_slope': 105, 'en_cci': False, 'cci_n': 72, 'cci_threshold': 300, 'en_rsi': False, 'rsi_n': 67, 'rsi_lower': 7, 'rsi_upper': 91, 'en_stochastic': False, 'stochastic_n': 16, 'stochastic_d': 31, 'stochastic_lower': 16, 'stochastic_upper': 90, 'en_mfi': False, 'mfi_n': 51, 'mfi_lower': 13, 'mfi_upper': 71, 'en_bollinger': False, 'bollinger_n': 9, 'bollinger_k': 2.6, 'en_adx': True, 'adx_n': 18, 'adx_threshold': 19, 'en_structure_trend': False, 'structure_trend_swing_l': 19, 'en_order_block': True, 'order_block_swing_l': 3, 'en_fvg': False, 'fvg_lookback': 8, 'en_ifvg': True, 'en_breaker': True, 'breaker_swing_l': 18, 'en_cisd': True, 'k': 3, 'en_cap_bars': True, 'cap_1min': 652}.
[I 2026-07-13 17:36:31,268] Trial 1685 finished with values: [681.7847676248107, -434.9999999999909, 68.19999999999999] and parameters: {'sl_soft': 1.0063442051374751, 'sl_hard_delta': 4.474497910710611, 'tp': 0.9918133787075697, 'gate_pct': 54.8778799805964, 'dd_limit': 390.2569167971573, 'cooldown': 18, 'flip': True, 'en_ema_trend': True, 'ema_trend_fast': 317, 'ema_trend_slow': 51, 'en_sma_trend': False, 'sma_trend_fast': 266, 'sma_trend_slow': 357, 'en_macd': True, 'macd_fast': 25, 'macd_slow': 47, 'macd_signal': 72, 'en_vwap': False, 'en_keltner': True, 'keltner_n': 116, 'keltner_m': 3.1, 'en_obv': True, 'obv_slope': 108, 'en_cci': False, 'cci_n': 110, 'cci_threshold': 45, 'en_rsi': False, 'rsi_n': 33, 'rsi_lower': 28, 'rsi_upper': 56, 'en_stochastic': False, 'stochastic_n': 56, 'stochastic_d': 31, 'stochastic_lower': 48, 'stochastic_upper': 88, 'en_mfi': False, 'mfi_n': 26, 'mfi_lower': 13, 'mfi_upper': 71, 'en_bollinger': False, 'bollinger_n': 181, 'bollinger_k': 0.5, 'en_adx': False, 'adx_n': 62, 'adx_threshold': 44, 'en_structure_trend': False, 'structure_trend_swing_l': 8, 'en_order_block': True, 'order_block_swing_l': 3, 'en_fvg': True, 'fvg_lookback': 28, 'en_ifvg': False, 'en_breaker': False, 'breaker_swing_l': 18, 'en_cisd': True, 'k': 1, 'en_cap_bars': True, 'cap_1min': 272}.
[I 2026-07-13 17:36:31,647] Trial 1686 finished with values: [636.3955693492073, -377.92556337001315, 52.5] and parameters: {'sl_soft': 1.0063442051374751, 'sl_hard_delta': 0.008044238733936384, 'tp': 1.1926865856558302, 'gate_pct': 54.8778799805964, 'dd_limit': 434.8338936907749, 'cooldown': 8, 'flip': True, 'en_ema_trend': True, 'ema_trend_fast': 317, 'ema_trend_slow': 291, 'en_sma_trend': True, 'sma_trend_fast': 141, 'sma_trend_slow': 143, 'en_macd': True, 'macd_fast': 25, 'macd_slow': 180, 'macd_signal': 72, 'en_vwap': True, 'en_keltner': False, 'keltner_n': 116, 'keltner_m': 1.8, 'en_obv': False, 'obv_slope': 8, 'en_cci': False, 'cci_n': 3, 'cci_threshold': 40, 'en_rsi': True, 'rsi_n': 33, 'rsi_lower': 28, 'rsi_upper': 86, 'en_stochastic': False, 'stochastic_n': 93, 'stochastic_d': 7, 'stochastic_lower': 48, 'stochastic_upper': 90, 'en_mfi': False, 'mfi_n': 51, 'mfi_lower': 13, 'mfi_upper': 86, 'en_bollinger': False, 'bollinger_n': 115, 'bollinger_k': 2.5, 'en_adx': False, 'adx_n': 2, 'adx_threshold': 32, 'en_structure_trend': False, 'structure_trend_swing_l': 19, 'en_order_block': True, 'order_block_swing_l': 9, 'en_fvg': False, 'fvg_lookback': 7, 'en_ifvg': True, 'en_breaker': False, 'breaker_swing_l': 18, 'en_cisd': True, 'k': 1, 'en_cap_bars': True, 'cap_1min': 272}.
[I 2026-07-13 17:36:31,942] Trial 1687 finished with values: [673.9826351599618, -405.75537754848483, 39.1] and parameters: {'sl_soft': 1.0063442051374751, 'sl_hard_delta': 0.008044238733936384, 'tp': 2.9458524258041714, 'gate_pct': 54.8778799805964, 'dd_limit': 390.2569167971573, 'cooldown': 8, 'flip': True, 'en_ema_trend': True, 'ema_trend_fast': 317, 'ema_trend_slow': 51, 'en_sma_trend': False, 'sma_trend_fast': 388, 'sma_trend_slow': 143, 'en_macd': True, 'macd_fast': 25, 'macd_slow': 180, 'macd_signal': 86, 'en_vwap': True, 'en_keltner': False, 'keltner_n': 116, 'keltner_m': 3.1, 'en_obv': False, 'obv_slope': 8, 'en_cci': False, 'cci_n': 110, 'cci_threshold': 45, 'en_rsi': False, 'rsi_n': 33, 'rsi_lower': 28, 'rsi_upper': 71, 'en_stochastic': False, 'stochastic_n': 56, 'stochastic_d': 9, 'stochastic_lower': 16, 'stochastic_upper': 88, 'en_mfi': True, 'mfi_n': 26, 'mfi_lower': 13, 'mfi_upper': 86, 'en_bollinger': False, 'bollinger_n': 69, 'bollinger_k': 2.5, 'en_adx': False, 'adx_n': 62, 'adx_threshold': 32, 'en_structure_trend': False, 'structure_trend_swing_l': 10, 'en_order_block': True, 'order_block_swing_l': 9, 'en_fvg': True, 'fvg_lookback': 28, 'en_ifvg': True, 'en_breaker': True, 'breaker_swing_l': 17, 'en_cisd': True, 'k': 1, 'en_cap_bars': True, 'cap_1min': 652}.
[I 2026-07-13 17:36:32,291] Trial 1688 finished with values: [278.6991071159946, -648.1647648902708, 51.2] and parameters: {'sl_soft': 1.0063442051374751, 'sl_hard_delta': 0.05257236390156471, 'tp': 1.1926865856558302, 'gate_pct': 54.8778799805964, 'dd_limit': 390.2569167971573, 'cooldown': 9, 'flip': True, 'en_ema_trend': True, 'ema_trend_fast': 317, 'ema_trend_slow': 291, 'en_sma_trend': True, 'sma_trend_fast': 45, 'sma_trend_slow': 134, 'en_macd': True, 'macd_fast': 9, 'macd_slow': 180, 'macd_signal': 72, 'en_vwap': False, 'en_keltner': True, 'keltner_n': 3, 'keltner_m': 1.8, 'en_obv': False, 'obv_slope': 105, 'en_cci': False, 'cci_n': 110, 'cci_threshold': 300, 'en_rsi': True, 'rsi_n': 33, 'rsi_lower': 28, 'rsi_upper': 91, 'en_stochastic': False, 'stochastic_n': 16, 'stochastic_d': 9, 'stochastic_lower': 16, 'stochastic_upper': 57, 'en_mfi': False, 'mfi_n': 26, 'mfi_lower': 13, 'mfi_upper': 86, 'en_bollinger': False, 'bollinger_n': 9, 'bollinger_k': 2.6, 'en_adx': False, 'adx_n': 18, 'adx_threshold': 32, 'en_structure_trend': False, 'structure_trend_swing_l': 19, 'en_order_block': True, 'order_block_swing_l': 3, 'en_fvg': False, 'fvg_lookback': 34, 'en_ifvg': False, 'en_breaker': False, 'breaker_swing_l': 18, 'en_cisd': True, 'k': 1, 'en_cap_bars': True, 'cap_1min': 652}.
[I 2026-07-13 17:36:32,549] Trial 1689 finished with values: [570.1760544492515, -266.63732425847684, 76.25] and parameters: {'sl_soft': 1.0063442051374751, 'sl_hard_delta': 2.905993056033855, 'tp': 0.9918133787075697, 'gate_pct': 54.8778799805964, 'dd_limit': 434.8338936907749, 'cooldown': 8, 'flip': True, 'en_ema_trend': True, 'ema_trend_fast': 317, 'ema_trend_slow': 16, 'en_sma_trend': False, 'sma_trend_fast': 141, 'sma_trend_slow': 357, 'en_macd': False, 'macd_fast': 25, 'macd_slow': 150, 'macd_signal': 72, 'en_vwap': False, 'en_keltner': True, 'keltner_n': 116, 'keltner_m': 1.8, 'en_obv': True, 'obv_slope': 8, 'en_cci': True, 'cci_n': 3, 'cci_threshold': 195, 'en_rsi': True, 'rsi_n': 67, 'rsi_lower': 7, 'rsi_upper': 86, 'en_stochastic': False, 'stochastic_n': 75, 'stochastic_d': 50, 'stochastic_lower': 16, 'stochastic_upper': 90, 'en_mfi': False, 'mfi_n': 51, 'mfi_lower': 20, 'mfi_upper': 86, 'en_bollinger': False, 'bollinger_n': 115, 'bollinger_k': 2.5, 'en_adx': True, 'adx_n': 18, 'adx_threshold': 19, 'en_structure_trend': False, 'structure_trend_swing_l': 19, 'en_order_block': True, 'order_block_swing_l': 3, 'en_fvg': False, 'fvg_lookback': 8, 'en_ifvg': True, 'en_breaker': True, 'breaker_swing_l': 17, 'en_cisd': True, 'k': 3, 'en_cap_bars': True, 'cap_1min': 652}.
[I 2026-07-13 17:36:33,009] Trial 1690 finished with values: [37.778507661892036, -936.0998034161639, 36.349999999999994] and parameters: {'sl_soft': 1.5128727017605812, 'sl_hard_delta': 0.008044238733936384, 'tp': 2.570841098597147, 'gate_pct': 75.29895741667805, 'dd_limit': 390.2569167971573, 'cooldown': 9, 'flip': True, 'en_ema_trend': False, 'ema_trend_fast': 317, 'ema_trend_slow': 291, 'en_sma_trend': True, 'sma_trend_fast': 45, 'sma_trend_slow': 134, 'en_macd': True, 'macd_fast': 80, 'macd_slow': 180, 'macd_signal': 86, 'en_vwap': False, 'en_keltner': False, 'keltner_n': 162, 'keltner_m': 1.8, 'en_obv': True, 'obv_slope': 8, 'en_cci': False, 'cci_n': 23, 'cci_threshold': 75, 'en_rsi': False, 'rsi_n': 51, 'rsi_lower': 28, 'rsi_upper': 82, 'en_stochastic': False, 'stochastic_n': 67, 'stochastic_d': 3, 'stochastic_lower': 16, 'stochastic_upper': 90, 'en_mfi': True, 'mfi_n': 26, 'mfi_lower': 13, 'mfi_upper': 88, 'en_bollinger': False, 'bollinger_n': 181, 'bollinger_k': 0.5, 'en_adx': False, 'adx_n': 32, 'adx_threshold': 19, 'en_structure_trend': False, 'structure_trend_swing_l': 19, 'en_order_block': True, 'order_block_swing_l': 9, 'en_fvg': True, 'fvg_lookback': 34, 'en_ifvg': False, 'en_breaker': False, 'breaker_swing_l': 19, 'en_cisd': True, 'k': 4, 'en_cap_bars': True, 'cap_1min': 272}.
[I 2026-07-13 17:36:33,341] Trial 1691 finished with values: [230.6308239478426, -423.3445208495823, 46.8] and parameters: {'sl_soft': 1.5128727017605812, 'sl_hard_delta': 2.905993056033855, 'tp': 2.570841098597147, 'gate_pct': 54.8778799805964, 'dd_limit': 390.2569167971573, 'cooldown': 9, 'flip': True, 'en_ema_trend': False, 'ema_trend_fast': 317, 'ema_trend_slow': 291, 'en_sma_trend': False, 'sma_trend_fast': 67, 'sma_trend_slow': 357, 'en_macd': False, 'macd_fast': 80, 'macd_slow': 150, 'macd_signal': 86, 'en_vwap': False, 'en_keltner': False, 'keltner_n': 156, 'keltner_m': 1.8, 'en_obv': True, 'obv_slope': 8, 'en_cci': True, 'cci_n': 3, 'cci_threshold': 75, 'en_rsi': False, 'rsi_n': 46, 'rsi_lower': 28, 'rsi_upper': 86, 'en_stochastic': False, 'stochastic_n': 75, 'stochastic_d': 31, 'stochastic_lower': 48, 'stochastic_upper': 90, 'en_mfi': True, 'mfi_n': 51, 'mfi_lower': 13, 'mfi_upper': 88, 'en_bollinger': False, 'bollinger_n': 9, 'bollinger_k': 2.5, 'en_adx': False, 'adx_n': 18, 'adx_threshold': 19, 'en_structure_trend': False, 'structure_trend_swing_l': 19, 'en_order_block': True, 'order_block_swing_l': 9, 'en_fvg': True, 'fvg_lookback': 34, 'en_ifvg': False, 'en_breaker': True, 'breaker_swing_l': 1, 'en_cisd': True, 'k': 4, 'en_cap_bars': True, 'cap_1min': 652}.
[I 2026-07-13 17:36:36,120] Trial 1692 finished with values: [375.6424844336948, -258.11212400049044, 58.650000000000006] and parameters: {'sl_soft': 1.0063442051374751, 'sl_hard_delta': 0.008044238733936384, 'tp': 0.9918133787075697, 'gate_pct': 54.8778799805964, 'dd_limit': 434.8338936907749, 'cooldown': 9, 'flip': True, 'en_ema_trend': True, 'ema_trend_fast': 317, 'ema_trend_slow': 291, 'en_sma_trend': False, 'sma_trend_fast': 141, 'sma_trend_slow': 143, 'en_macd': False, 'macd_fast': 25, 'macd_slow': 180, 'macd_signal': 86, 'en_vwap': False, 'en_keltner': True, 'keltner_n': 61, 'keltner_m': 1.7000000000000002, 'en_obv': True, 'obv_slope': 8, 'en_cci': True, 'cci_n': 110, 'cci_threshold': 230, 'en_rsi': True, 'rsi_n': 46, 'rsi_lower': 7, 'rsi_upper': 71, 'en_stochastic': False, 'stochastic_n': 8, 'stochastic_d': 3, 'stochastic_lower': 16, 'stochastic_upper': 97, 'en_mfi': True, 'mfi_n': 26, 'mfi_lower': 20, 'mfi_upper': 86, 'en_bollinger': False, 'bollinger_n': 9, 'bollinger_k': 0.5, 'en_adx': False, 'adx_n': 18, 'adx_threshold': 7, 'en_structure_trend': False, 'structure_trend_swing_l': 11, 'en_order_block': True, 'order_block_swing_l': 9, 'en_fvg': True, 'fvg_lookback': 7, 'en_ifvg': True, 'en_breaker': True, 'breaker_swing_l': 17, 'en_cisd': True, 'k': 3, 'en_cap_bars': True, 'cap_1min': 652}.
[I 2026-07-13 17:36:37,451] Trial 1693 finished with values: [344.6549004267695, -602.5350700707804, 57.3] and parameters: {'sl_soft': 1.0063442051374751, 'sl_hard_delta': 0.05257236390156471, 'tp': 0.9918133787075697, 'gate_pct': 54.8778799805964, 'dd_limit': 434.8338936907749, 'cooldown': 3, 'flip': True, 'en_ema_trend': True, 'ema_trend_fast': 317, 'ema_trend_slow': 16, 'en_sma_trend': False, 'sma_trend_fast': 294, 'sma_trend_slow': 357, 'en_macd': True, 'macd_fast': 9, 'macd_slow': 150, 'macd_signal': 72, 'en_vwap': False, 'en_keltner': True, 'keltner_n': 116, 'keltner_m': 2.5, 'en_obv': True, 'obv_slope': 105, 'en_cci': True, 'cci_n': 3, 'cci_threshold': 300, 'en_rsi': True, 'rsi_n': 67, 'rsi_lower': 28, 'rsi_upper': 91, 'en_stochastic': False, 'stochastic_n': 16, 'stochastic_d': 3, 'stochastic_lower': 16, 'stochastic_upper': 90, 'en_mfi': False, 'mfi_n': 51, 'mfi_lower': 13, 'mfi_upper': 86, 'en_bollinger': False, 'bollinger_n': 9, 'bollinger_k': 2.5, 'en_adx': True, 'adx_n': 18, 'adx_threshold': 18, 'en_structure_trend': False, 'structure_trend_swing_l': 19, 'en_order_block': True, 'order_block_swing_l': 3, 'en_fvg': False, 'fvg_lookback': 34, 'en_ifvg': False, 'en_breaker': True, 'breaker_swing_l': 18, 'en_cisd': True, 'k': 3, 'en_cap_bars': True, 'cap_1min': 1003}.
[I 2026-07-13 17:36:37,691] Trial 1694 finished with values: [302.3189047634105, -469.5538311213909, 62.849999999999994] and parameters: {'sl_soft': 1.5128727017605812, 'sl_hard_delta': 0.008044238733936384, 'tp': 0.9918133787075697, 'gate_pct': 54.8778799805964, 'dd_limit': 390.2569167971573, 'cooldown': 9, 'flip': True, 'en_ema_trend': False, 'ema_trend_fast': 317, 'ema_trend_slow': 291, 'en_sma_trend': True, 'sma_trend_fast': 266, 'sma_trend_slow': 134, 'en_macd': True, 'macd_fast': 80, 'macd_slow': 180, 'macd_signal': 86, 'en_vwap': False, 'en_keltner': False, 'keltner_n': 137, 'keltner_m': 1.8, 'en_obv': True, 'obv_slope': 8, 'en_cci': False, 'cci_n': 23, 'cci_threshold': 45, 'en_rsi': False, 'rsi_n': 46, 'rsi_lower': 7, 'rsi_upper': 82, 'en_stochastic': False, 'stochastic_n': 67, 'stochastic_d': 3, 'stochastic_lower': 16, 'stochastic_upper': 97, 'en_mfi': True, 'mfi_n': 26, 'mfi_lower': 13, 'mfi_upper': 88, 'en_bollinger': False, 'bollinger_n': 181, 'bollinger_k': 0.5, 'en_adx': False, 'adx_n': 18, 'adx_threshold': 7, 'en_structure_trend': False, 'structure_trend_swing_l': 11, 'en_order_block': True, 'order_block_swing_l': 9, 'en_fvg': True, 'fvg_lookback': 34, 'en_ifvg': False, 'en_breaker': False, 'breaker_swing_l': 1, 'en_cisd': True, 'k': 4, 'en_cap_bars': True, 'cap_1min': 652}.
[I 2026-07-13 17:36:37,885] Trial 1695 finished with values: [313.72672604131253, -303.0890131323986, 66.05] and parameters: {'sl_soft': 1.5128727017605812, 'sl_hard_delta': 0.05257236390156471, 'tp': 0.9918133787075697, 'gate_pct': 54.8778799805964, 'dd_limit': 390.2569167971573, 'cooldown': 9, 'flip': True, 'en_ema_trend': True, 'ema_trend_fast': 317, 'ema_trend_slow': 38, 'en_sma_trend': True, 'sma_trend_fast': 141, 'sma_trend_slow': 357, 'en_macd': False, 'macd_fast': 25, 'macd_slow': 180, 'macd_signal': 72, 'en_vwap': False, 'en_keltner': True, 'keltner_n': 3, 'keltner_m': 1.8, 'en_obv': True, 'obv_slope': 108, 'en_cci': False, 'cci_n': 125, 'cci_threshold': 300, 'en_rsi': True, 'rsi_n': 33, 'rsi_lower': 41, 'rsi_upper': 86, 'en_stochastic': False, 'stochastic_n': 75, 'stochastic_d': 3, 'stochastic_lower': 48, 'stochastic_upper': 90, 'en_mfi': False, 'mfi_n': 70, 'mfi_lower': 13, 'mfi_upper': 96, 'en_bollinger': False, 'bollinger_n': 9, 'bollinger_k': 2.5, 'en_adx': True, 'adx_n': 18, 'adx_threshold': 18, 'en_structure_trend': False, 'structure_trend_swing_l': 19, 'en_order_block': True, 'order_block_swing_l': 3, 'en_fvg': False, 'fvg_lookback': 23, 'en_ifvg': True, 'en_breaker': True, 'breaker_swing_l': 18, 'en_cisd': True, 'k': 3, 'en_cap_bars': True, 'cap_1min': 652}.
