[I 2026-07-13 17:38:53,790] Trial 1446 finished with values: [-196.7421776958986, -516.9048356417534, 50.2] and parameters: {'sl_soft': 1.4326423495393754, 'sl_hard_delta': 0.09391430061437202, 'tp': 1.2908052877716663, 'gate_pct': 74.50813821223942, 'dd_limit': 434.8338936907749, 'cooldown': 23, 'flip': True, 'en_ema_trend': True, 'ema_trend_fast': 55, 'ema_trend_slow': 291, 'en_sma_trend': False, 'sma_trend_fast': 142, 'sma_trend_slow': 304, 'en_macd': True, 'macd_fast': 80, 'macd_slow': 157, 'macd_signal': 9, 'en_vwap': True, 'en_keltner': False, 'keltner_n': 178, 'keltner_m': 1.2000000000000002, 'en_obv': False, 'obv_slope': 44, 'en_cci': True, 'cci_n': 132, 'cci_threshold': 50, 'en_rsi': True, 'rsi_n': 15, 'rsi_lower': 23, 'rsi_upper': 91, 'en_stochastic': False, 'stochastic_n': 56, 'stochastic_d': 6, 'stochastic_lower': 2, 'stochastic_upper': 88, 'en_mfi': True, 'mfi_n': 26, 'mfi_lower': 40, 'mfi_upper': 61, 'en_bollinger': True, 'bollinger_n': 52, 'bollinger_k': 3.8000000000000003, 'en_adx': False, 'adx_n': 47, 'adx_threshold': 5, 'en_structure_trend': True, 'structure_trend_swing_l': 10, 'en_order_block': True, 'order_block_swing_l': 14, 'en_fvg': False, 'fvg_lookback': 19, 'en_ifvg': False, 'en_breaker': False, 'breaker_swing_l': 19, 'en_cisd': True, 'k': 5, 'en_cap_bars': True, 'cap_1min': 1002}.
[I 2026-07-13 17:38:54,323] Trial 1447 finished with values: [-180.40284699123958, -994.6821060952743, 50.55] and parameters: {'sl_soft': 1.4657917354156722, 'sl_hard_delta': 2.023878961662409, 'tp': 2.249197437223498, 'gate_pct': 81.43219065749138, 'dd_limit': 122.33756046500012, 'cooldown': 1, 'flip': True, 'en_ema_trend': True, 'ema_trend_fast': 393, 'ema_trend_slow': 84, 'en_sma_trend': False, 'sma_trend_fast': 29, 'sma_trend_slow': 376, 'en_macd': False, 'macd_fast': 6, 'macd_slow': 85, 'macd_signal': 13, 'en_vwap': False, 'en_keltner': False, 'keltner_n': 54, 'keltner_m': 3.9000000000000004, 'en_obv': False, 'obv_slope': 162, 'en_cci': False, 'cci_n': 125, 'cci_threshold': 30, 'en_rsi': True, 'rsi_n': 54, 'rsi_lower': 17, 'rsi_upper': 71, 'en_stochastic': False, 'stochastic_n': 25, 'stochastic_d': 34, 'stochastic_lower': 44, 'stochastic_upper': 53, 'en_mfi': False, 'mfi_n': 57, 'mfi_lower': 35, 'mfi_upper': 76, 'en_bollinger': True, 'bollinger_n': 62, 'bollinger_k': 4.8, 'en_adx': False, 'adx_n': 31, 'adx_threshold': 11, 'en_structure_trend': True, 'structure_trend_swing_l': 1, 'en_order_block': False, 'order_block_swing_l': 13, 'en_fvg': False, 'fvg_lookback': 1, 'en_ifvg': False, 'en_breaker': False, 'breaker_swing_l': 15, 'en_cisd': True, 'k': 4, 'en_cap_bars': False, 'cap_1min': 933}.
[I 2026-07-13 17:38:54,938] Trial 1448 finished with values: [800.6641685406407, -1635.3117521563036, 48.85] and parameters: {'sl_soft': 1.4326423495393754, 'sl_hard_delta': 0.4218978700826674, 'tp': 2.1925639368831504, 'gate_pct': 81.43219065749138, 'dd_limit': 439.4689893251477, 'cooldown': 1, 'flip': True, 'en_ema_trend': True, 'ema_trend_fast': 393, 'ema_trend_slow': 132, 'en_sma_trend': False, 'sma_trend_fast': 29, 'sma_trend_slow': 376, 'en_macd': False, 'macd_fast': 6, 'macd_slow': 53, 'macd_signal': 67, 'en_vwap': True, 'en_keltner': False, 'keltner_n': 178, 'keltner_m': 3.9000000000000004, 'en_obv': False, 'obv_slope': 162, 'en_cci': False, 'cci_n': 125, 'cci_threshold': 30, 'en_rsi': False, 'rsi_n': 48, 'rsi_lower': 17, 'rsi_upper': 63, 'en_stochastic': False, 'stochastic_n': 80, 'stochastic_d': 34, 'stochastic_lower': 44, 'stochastic_upper': 58, 'en_mfi': True, 'mfi_n': 65, 'mfi_lower': 20, 'mfi_upper': 76, 'en_bollinger': False, 'bollinger_n': 62, 'bollinger_k': 2.1, 'en_adx': True, 'adx_n': 31, 'adx_threshold': 5, 'en_structure_trend': True, 'structure_trend_swing_l': 17, 'en_order_block': False, 'order_block_swing_l': 1, 'en_fvg': True, 'fvg_lookback': 19, 'en_ifvg': False, 'en_breaker': False, 'breaker_swing_l': 5, 'en_cisd': True, 'k': 1, 'en_cap_bars': True, 'cap_1min': 652}.
[I 2026-07-13 17:38:55,692] Trial 1449 finished with values: [-352.5727324472314, -1010.9429780474329, 40.150000000000006] and parameters: {'sl_soft': 1.2979586805955017, 'sl_hard_delta': 0.4218978700826674, 'tp': 2.1925639368831504, 'gate_pct': 81.43219065749138, 'dd_limit': 439.4689893251477, 'cooldown': 8, 'flip': True, 'en_ema_trend': True, 'ema_trend_fast': 13, 'ema_trend_slow': 196, 'en_sma_trend': False, 'sma_trend_fast': 29, 'sma_trend_slow': 300, 'en_macd': True, 'macd_fast': 80, 'macd_slow': 167, 'macd_signal': 9, 'en_vwap': True, 'en_keltner': False, 'keltner_n': 54, 'keltner_m': 4.5, 'en_obv': True, 'obv_slope': 162, 'en_cci': False, 'cci_n': 125, 'cci_threshold': 280, 'en_rsi': False, 'rsi_n': 9, 'rsi_lower': 15, 'rsi_upper': 71, 'en_stochastic': False, 'stochastic_n': 55, 'stochastic_d': 31, 'stochastic_lower': 44, 'stochastic_upper': 58, 'en_mfi': True, 'mfi_n': 65, 'mfi_lower': 35, 'mfi_upper': 76, 'en_bollinger': True, 'bollinger_n': 52, 'bollinger_k': 4.8, 'en_adx': True, 'adx_n': 33, 'adx_threshold': 11, 'en_structure_trend': False, 'structure_trend_swing_l': 11, 'en_order_block': False, 'order_block_swing_l': 12, 'en_fvg': True, 'fvg_lookback': 1, 'en_ifvg': False, 'en_breaker': False, 'breaker_swing_l': 1, 'en_cisd': False, 'k': 1, 'en_cap_bars': False, 'cap_1min': 1416}.
[I 2026-07-13 17:38:56,200] Trial 1450 finished with values: [1987.2559857832698, -1117.3470201832743, 50.45] and parameters: {'sl_soft': 1.2795510837006852, 'sl_hard_delta': 0.4218978700826674, 'tp': 2.1925639368831504, 'gate_pct': 81.43219065749138, 'dd_limit': 203.47594125131056, 'cooldown': 1, 'flip': True, 'en_ema_trend': True, 'ema_trend_fast': 317, 'ema_trend_slow': 84, 'en_sma_trend': False, 'sma_trend_fast': 29, 'sma_trend_slow': 376, 'en_macd': False, 'macd_fast': 6, 'macd_slow': 53, 'macd_signal': 13, 'en_vwap': False, 'en_keltner': True, 'keltner_n': 178, 'keltner_m': 4.8, 'en_obv': False, 'obv_slope': 170, 'en_cci': False, 'cci_n': 125, 'cci_threshold': 30, 'en_rsi': True, 'rsi_n': 54, 'rsi_lower': 17, 'rsi_upper': 63, 'en_stochastic': False, 'stochastic_n': 25, 'stochastic_d': 34, 'stochastic_lower': 44, 'stochastic_upper': 58, 'en_mfi': False, 'mfi_n': 65, 'mfi_lower': 35, 'mfi_upper': 95, 'en_bollinger': True, 'bollinger_n': 34, 'bollinger_k': 4.8, 'en_adx': True, 'adx_n': 48, 'adx_threshold': 11, 'en_structure_trend': True, 'structure_trend_swing_l': 1, 'en_order_block': False, 'order_block_swing_l': 1, 'en_fvg': False, 'fvg_lookback': 1, 'en_ifvg': False, 'en_breaker': False, 'breaker_swing_l': 5, 'en_cisd': True, 'k': 1, 'en_cap_bars': True, 'cap_1min': 652}.
[I 2026-07-13 17:38:56,594] Trial 1451 pruned. 
[I 2026-07-13 17:38:57,038] Trial 1452 pruned. 
[I 2026-07-13 17:38:57,576] Trial 1453 finished with values: [589.3235318186271, -1878.4036093472196, 53.45] and parameters: {'sl_soft': 1.4657917354156722, 'sl_hard_delta': 2.023878961662409, 'tp': 2.1925639368831504, 'gate_pct': 81.43219065749138, 'dd_limit': 439.4689893251477, 'cooldown': 1, 'flip': True, 'en_ema_trend': False, 'ema_trend_fast': 13, 'ema_trend_slow': 84, 'en_sma_trend': False, 'sma_trend_fast': 164, 'sma_trend_slow': 396, 'en_macd': True, 'macd_fast': 25, 'macd_slow': 167, 'macd_signal': 9, 'en_vwap': True, 'en_keltner': True, 'keltner_n': 178, 'keltner_m': 3.9000000000000004, 'en_obv': True, 'obv_slope': 50, 'en_cci': True, 'cci_n': 32, 'cci_threshold': 30, 'en_rsi': True, 'rsi_n': 48, 'rsi_lower': 17, 'rsi_upper': 83, 'en_stochastic': False, 'stochastic_n': 80, 'stochastic_d': 34, 'stochastic_lower': 44, 'stochastic_upper': 93, 'en_mfi': True, 'mfi_n': 57, 'mfi_lower': 12, 'mfi_upper': 62, 'en_bollinger': False, 'bollinger_n': 52, 'bollinger_k': 4.8, 'en_adx': False, 'adx_n': 48, 'adx_threshold': 11, 'en_structure_trend': True, 'structure_trend_swing_l': 17, 'en_order_block': False, 'order_block_swing_l': 13, 'en_fvg': False, 'fvg_lookback': 50, 'en_ifvg': False, 'en_breaker': False, 'breaker_swing_l': 18, 'en_cisd': True, 'k': 4, 'en_cap_bars': True, 'cap_1min': 652}.
[I 2026-07-13 17:38:58,020] Trial 1454 finished with values: [545.965966176442, -482.5691894008514, 73.0] and parameters: {'sl_soft': 1.4326423495393754, 'sl_hard_delta': 2.000352014019867, 'tp': 1.2908052877716663, 'gate_pct': 74.50813821223942, 'dd_limit': 434.8338936907749, 'cooldown': 23, 'flip': True, 'en_ema_trend': True, 'ema_trend_fast': 55, 'ema_trend_slow': 291, 'en_sma_trend': True, 'sma_trend_fast': 142, 'sma_trend_slow': 384, 'en_macd': True, 'macd_fast': 56, 'macd_slow': 79, 'macd_signal': 86, 'en_vwap': True, 'en_keltner': False, 'keltner_n': 178, 'keltner_m': 1.2000000000000002, 'en_obv': False, 'obv_slope': 52, 'en_cci': True, 'cci_n': 132, 'cci_threshold': 40, 'en_rsi': True, 'rsi_n': 5, 'rsi_lower': 46, 'rsi_upper': 91, 'en_stochastic': False, 'stochastic_n': 8, 'stochastic_d': 7, 'stochastic_lower': 36, 'stochastic_upper': 88, 'en_mfi': True, 'mfi_n': 26, 'mfi_lower': 40, 'mfi_upper': 61, 'en_bollinger': True, 'bollinger_n': 52, 'bollinger_k': 2.6, 'en_adx': False, 'adx_n': 47, 'adx_threshold': 44, 'en_structure_trend': True, 'structure_trend_swing_l': 19, 'en_order_block': False, 'order_block_swing_l': 11, 'en_fvg': False, 'fvg_lookback': 24, 'en_ifvg': True, 'en_breaker': False, 'breaker_swing_l': 8, 'en_cisd': True, 'k': 1, 'en_cap_bars': True, 'cap_1min': 1002}.
[I 2026-07-13 17:38:58,655] Trial 1455 finished with values: [1311.5247678785238, -1385.9365535957522, 53.85] and parameters: {'sl_soft': 1.4326423495393754, 'sl_hard_delta': 2.023878961662409, 'tp': 2.1925639368831504, 'gate_pct': 81.43219065749138, 'dd_limit': 122.33756046500012, 'cooldown': 1, 'flip': True, 'en_ema_trend': True, 'ema_trend_fast': 393, 'ema_trend_slow': 84, 'en_sma_trend': False, 'sma_trend_fast': 164, 'sma_trend_slow': 376, 'en_macd': False, 'macd_fast': 80, 'macd_slow': 167, 'macd_signal': 9, 'en_vwap': True, 'en_keltner': True, 'keltner_n': 178, 'keltner_m': 4.8, 'en_obv': True, 'obv_slope': 162, 'en_cci': False, 'cci_n': 32, 'cci_threshold': 30, 'en_rsi': False, 'rsi_n': 48, 'rsi_lower': 17, 'rsi_upper': 83, 'en_stochastic': False, 'stochastic_n': 25, 'stochastic_d': 9, 'stochastic_lower': 44, 'stochastic_upper': 93, 'en_mfi': True, 'mfi_n': 57, 'mfi_lower': 12, 'mfi_upper': 61, 'en_bollinger': True, 'bollinger_n': 52, 'bollinger_k': 4.8, 'en_adx': False, 'adx_n': 33, 'adx_threshold': 11, 'en_structure_trend': True, 'structure_trend_swing_l': 1, 'en_order_block': False, 'order_block_swing_l': 12, 'en_fvg': False, 'fvg_lookback': 1, 'en_ifvg': False, 'en_breaker': False, 'breaker_swing_l': 18, 'en_cisd': True, 'k': 1, 'en_cap_bars': False, 'cap_1min': 933}.
[I 2026-07-13 17:38:59,916] Trial 1456 finished with values: [2377.086358873379, -1734.512490223733, 45.349999999999994] and parameters: {'sl_soft': 1.124380577176661, 'sl_hard_delta': 0.4218978700826674, 'tp': 2.249197437223498, 'gate_pct': 81.43219065749138, 'dd_limit': 122.33756046500012, 'cooldown': 1, 'flip': True, 'en_ema_trend': True, 'ema_trend_fast': 393, 'ema_trend_slow': 149, 'en_sma_trend': True, 'sma_trend_fast': 29, 'sma_trend_slow': 376, 'en_macd': False, 'macd_fast': 80, 'macd_slow': 167, 'macd_signal': 50, 'en_vwap': False, 'en_keltner': False, 'keltner_n': 77, 'keltner_m': 4.5, 'en_obv': True, 'obv_slope': 162, 'en_cci': False, 'cci_n': 125, 'cci_threshold': 50, 'en_rsi': True, 'rsi_n': 54, 'rsi_lower': 17, 'rsi_upper': 71, 'en_stochastic': False, 'stochastic_n': 89, 'stochastic_d': 34, 'stochastic_lower': 44, 'stochastic_upper': 93, 'en_mfi': False, 'mfi_n': 57, 'mfi_lower': 23, 'mfi_upper': 76, 'en_bollinger': False, 'bollinger_n': 62, 'bollinger_k': 0.7, 'en_adx': False, 'adx_n': 33, 'adx_threshold': 11, 'en_structure_trend': True, 'structure_trend_swing_l': 1, 'en_order_block': False, 'order_block_swing_l': 12, 'en_fvg': False, 'fvg_lookback': 50, 'en_ifvg': False, 'en_breaker': False, 'breaker_swing_l': 5, 'en_cisd': True, 'k': 1, 'en_cap_bars': False, 'cap_1min': 933}.
[I 2026-07-13 17:39:00,283] Trial 1457 finished with values: [472.12363629319043, -736.0277775760323, 40.95] and parameters: {'sl_soft': 1.2795510837006852, 'sl_hard_delta': 0.02145810771492437, 'tp': 2.1925639368831504, 'gate_pct': 81.43219065749138, 'dd_limit': 434.8338936907749, 'cooldown': 23, 'flip': True, 'en_ema_trend': True, 'ema_trend_fast': 317, 'ema_trend_slow': 38, 'en_sma_trend': True, 'sma_trend_fast': 142, 'sma_trend_slow': 384, 'en_macd': False, 'macd_fast': 56, 'macd_slow': 79, 'macd_signal': 50, 'en_vwap': True, 'en_keltner': False, 'keltner_n': 77, 'keltner_m': 1.2000000000000002, 'en_obv': False, 'obv_slope': 170, 'en_cci': True, 'cci_n': 125, 'cci_threshold': 40, 'en_rsi': True, 'rsi_n': 5, 'rsi_lower': 23, 'rsi_upper': 91, 'en_stochastic': False, 'stochastic_n': 25, 'stochastic_d': 7, 'stochastic_lower': 36, 'stochastic_upper': 88, 'en_mfi': False, 'mfi_n': 26, 'mfi_lower': 40, 'mfi_upper': 61, 'en_bollinger': True, 'bollinger_n': 34, 'bollinger_k': 4.7, 'en_adx': False, 'adx_n': 47, 'adx_threshold': 11, 'en_structure_trend': True, 'structure_trend_swing_l': 1, 'en_order_block': False, 'order_block_swing_l': 13, 'en_fvg': False, 'fvg_lookback': 50, 'en_ifvg': True, 'en_breaker': False, 'breaker_swing_l': 5, 'en_cisd': True, 'k': 1, 'en_cap_bars': True, 'cap_1min': 508}.
[I 2026-07-13 17:39:01,819] Trial 1458 finished with values: [-60.00130941831685, -572.2780896975678, 39.75] and parameters: {'sl_soft': 1.124380577176661, 'sl_hard_delta': 0.4218978700826674, 'tp': 2.249197437223498, 'gate_pct': 81.43219065749138, 'dd_limit': 434.8338936907749, 'cooldown': 23, 'flip': True, 'en_ema_trend': True, 'ema_trend_fast': 393, 'ema_trend_slow': 291, 'en_sma_trend': True, 'sma_trend_fast': 29, 'sma_trend_slow': 384, 'en_macd': True, 'macd_fast': 80, 'macd_slow': 79, 'macd_signal': 9, 'en_vwap': True, 'en_keltner': False, 'keltner_n': 54, 'keltner_m': 4.8, 'en_obv': False, 'obv_slope': 52, 'en_cci': False, 'cci_n': 132, 'cci_threshold': 40, 'en_rsi': True, 'rsi_n': 5, 'rsi_lower': 46, 'rsi_upper': 87, 'en_stochastic': False, 'stochastic_n': 25, 'stochastic_d': 7, 'stochastic_lower': 36, 'stochastic_upper': 58, 'en_mfi': False, 'mfi_n': 65, 'mfi_lower': 23, 'mfi_upper': 76, 'en_bollinger': True, 'bollinger_n': 52, 'bollinger_k': 4.8, 'en_adx': False, 'adx_n': 31, 'adx_threshold': 11, 'en_structure_trend': True, 'structure_trend_swing_l': 1, 'en_order_block': False, 'order_block_swing_l': 11, 'en_fvg': False, 'fvg_lookback': 24, 'en_ifvg': True, 'en_breaker': False, 'breaker_swing_l': 19, 'en_cisd': True, 'k': 1, 'en_cap_bars': False, 'cap_1min': 933}.
[I 2026-07-13 17:39:03,168] Trial 1459 finished with values: [1027.41262600166, -523.9414750276637, 61.65] and parameters: {'sl_soft': 1.4326423495393754, 'sl_hard_delta': 2.023878961662409, 'tp': 2.1925639368831504, 'gate_pct': 74.50813821223942, 'dd_limit': 439.4689893251477, 'cooldown': 23, 'flip': True, 'en_ema_trend': True, 'ema_trend_fast': 13, 'ema_trend_slow': 291, 'en_sma_trend': True, 'sma_trend_fast': 164, 'sma_trend_slow': 396, 'en_macd': True, 'macd_fast': 56, 'macd_slow': 53, 'macd_signal': 22, 'en_vwap': True, 'en_keltner': False, 'keltner_n': 178, 'keltner_m': 1.2000000000000002, 'en_obv': False, 'obv_slope': 162, 'en_cci': True, 'cci_n': 132, 'cci_threshold': 40, 'en_rsi': False, 'rsi_n': 5, 'rsi_lower': 46, 'rsi_upper': 95, 'en_stochastic': False, 'stochastic_n': 80, 'stochastic_d': 7, 'stochastic_lower': 44, 'stochastic_upper': 88, 'en_mfi': True, 'mfi_n': 26, 'mfi_lower': 40, 'mfi_upper': 61, 'en_bollinger': True, 'bollinger_n': 52, 'bollinger_k': 4.7, 'en_adx': False, 'adx_n': 48, 'adx_threshold': 5, 'en_structure_trend': True, 'structure_trend_swing_l': 17, 'en_order_block': False, 'order_block_swing_l': 9, 'en_fvg': False, 'fvg_lookback': 24, 'en_ifvg': True, 'en_breaker': False, 'breaker_swing_l': 5, 'en_cisd': True, 'k': 1, 'en_cap_bars': False, 'cap_1min': 1002}.
[I 2026-07-13 17:39:03,508] Trial 1460 finished with values: [28.166406953891965, -482.0215213337633, 56.35] and parameters: {'sl_soft': 1.4326423495393754, 'sl_hard_delta': 2.000352014019867, 'tp': 2.1925639368831504, 'gate_pct': 74.50813821223942, 'dd_limit': 439.4689893251477, 'cooldown': 23, 'flip': True, 'en_ema_trend': False, 'ema_trend_fast': 55, 'ema_trend_slow': 132, 'en_sma_trend': False, 'sma_trend_fast': 142, 'sma_trend_slow': 384, 'en_macd': False, 'macd_fast': 56, 'macd_slow': 53, 'macd_signal': 67, 'en_vwap': True, 'en_keltner': False, 'keltner_n': 178, 'keltner_m': 3.9000000000000004, 'en_obv': True, 'obv_slope': 52, 'en_cci': True, 'cci_n': 156, 'cci_threshold': 80, 'en_rsi': True, 'rsi_n': 5, 'rsi_lower': 18, 'rsi_upper': 95, 'en_stochastic': False, 'stochastic_n': 8, 'stochastic_d': 9, 'stochastic_lower': 36, 'stochastic_upper': 85, 'en_mfi': True, 'mfi_n': 2, 'mfi_lower': 40, 'mfi_upper': 62, 'en_bollinger': True, 'bollinger_n': 104, 'bollinger_k': 2.6, 'en_adx': True, 'adx_n': 47, 'adx_threshold': 5, 'en_structure_trend': True, 'structure_trend_swing_l': 19, 'en_order_block': False, 'order_block_swing_l': 11, 'en_fvg': True, 'fvg_lookback': 24, 'en_ifvg': True, 'en_breaker': False, 'breaker_swing_l': 18, 'en_cisd': True, 'k': 4, 'en_cap_bars': True, 'cap_1min': 652}.
[I 2026-07-13 17:39:03,946] Trial 1461 finished with values: [326.71066277463297, -1782.1475327662256, 51.15] and parameters: {'sl_soft': 1.4326423495393754, 'sl_hard_delta': 2.023878961662409, 'tp': 2.1925639368831504, 'gate_pct': 81.43219065749138, 'dd_limit': 439.4689893251477, 'cooldown': 1, 'flip': True, 'en_ema_trend': True, 'ema_trend_fast': 13, 'ema_trend_slow': 84, 'en_sma_trend': False, 'sma_trend_fast': 29, 'sma_trend_slow': 233, 'en_macd': False, 'macd_fast': 25, 'macd_slow': 53, 'macd_signal': 9, 'en_vwap': True, 'en_keltner': True, 'keltner_n': 54, 'keltner_m': 3.9000000000000004, 'en_obv': True, 'obv_slope': 162, 'en_cci': False, 'cci_n': 32, 'cci_threshold': 30, 'en_rsi': False, 'rsi_n': 48, 'rsi_lower': 18, 'rsi_upper': 71, 'en_stochastic': False, 'stochastic_n': 80, 'stochastic_d': 9, 'stochastic_lower': 44, 'stochastic_upper': 58, 'en_mfi': True, 'mfi_n': 57, 'mfi_lower': 12, 'mfi_upper': 61, 'en_bollinger': True, 'bollinger_n': 62, 'bollinger_k': 4.8, 'en_adx': True, 'adx_n': 48, 'adx_threshold': 5, 'en_structure_trend': True, 'structure_trend_swing_l': 17, 'en_order_block': False, 'order_block_swing_l': 9, 'en_fvg': False, 'fvg_lookback': 50, 'en_ifvg': False, 'en_breaker': True, 'breaker_swing_l': 5, 'en_cisd': True, 'k': 4, 'en_cap_bars': False, 'cap_1min': 652}.
[I 2026-07-13 17:39:05,564] Trial 1462 finished with values: [11.38700710946523, -1647.5138982551698, 42.5] and parameters: {'sl_soft': 1.4657917354156722, 'sl_hard_delta': 0.09391430061437202, 'tp': 2.1925639368831504, 'gate_pct': 81.43219065749138, 'dd_limit': 122.33756046500012, 'cooldown': 1, 'flip': True, 'en_ema_trend': True, 'ema_trend_fast': 317, 'ema_trend_slow': 38, 'en_sma_trend': False, 'sma_trend_fast': 285, 'sma_trend_slow': 215, 'en_macd': True, 'macd_fast': 6, 'macd_slow': 85, 'macd_signal': 13, 'en_vwap': False, 'en_keltner': False, 'keltner_n': 77, 'keltner_m': 4.8, 'en_obv': False, 'obv_slope': 44, 'en_cci': False, 'cci_n': 125, 'cci_threshold': 50, 'en_rsi': True, 'rsi_n': 15, 'rsi_lower': 23, 'rsi_upper': 59, 'en_stochastic': False, 'stochastic_n': 56, 'stochastic_d': 34, 'stochastic_lower': 44, 'stochastic_upper': 58, 'en_mfi': True, 'mfi_n': 65, 'mfi_lower': 35, 'mfi_upper': 76, 'en_bollinger': False, 'bollinger_n': 34, 'bollinger_k': 4.8, 'en_adx': False, 'adx_n': 31, 'adx_threshold': 5, 'en_structure_trend': True, 'structure_trend_swing_l': 1, 'en_order_block': True, 'order_block_swing_l': 14, 'en_fvg': False, 'fvg_lookback': 19, 'en_ifvg': False, 'en_breaker': False, 'breaker_swing_l': 1, 'en_cisd': True, 'k': 1, 'en_cap_bars': False, 'cap_1min': 418}.
[I 2026-07-13 17:39:06,190] Trial 1463 finished with values: [1701.3452249874774, -1135.8228364390243, 46.25] and parameters: {'sl_soft': 1.124380577176661, 'sl_hard_delta': 0.4218978700826674, 'tp': 2.1925639368831504, 'gate_pct': 81.43219065749138, 'dd_limit': 471.4727165657966, 'cooldown': 1, 'flip': True, 'en_ema_trend': True, 'ema_trend_fast': 393, 'ema_trend_slow': 84, 'en_sma_trend': False, 'sma_trend_fast': 29, 'sma_trend_slow': 376, 'en_macd': False, 'macd_fast': 80, 'macd_slow': 167, 'macd_signal': 9, 'en_vwap': False, 'en_keltner': False, 'keltner_n': 54, 'keltner_m': 4.5, 'en_obv': True, 'obv_slope': 162, 'en_cci': False, 'cci_n': 125, 'cci_threshold': 30, 'en_rsi': False, 'rsi_n': 54, 'rsi_lower': 17, 'rsi_upper': 71, 'en_stochastic': False, 'stochastic_n': 25, 'stochastic_d': 34, 'stochastic_lower': 44, 'stochastic_upper': 93, 'en_mfi': True, 'mfi_n': 57, 'mfi_lower': 23, 'mfi_upper': 76, 'en_bollinger': True, 'bollinger_n': 62, 'bollinger_k': 4.8, 'en_adx': False, 'adx_n': 33, 'adx_threshold': 11, 'en_structure_trend': True, 'structure_trend_swing_l': 1, 'en_order_block': False, 'order_block_swing_l': 12, 'en_fvg': True, 'fvg_lookback': 1, 'en_ifvg': False, 'en_breaker': False, 'breaker_swing_l': 1, 'en_cisd': True, 'k': 1, 'en_cap_bars': False, 'cap_1min': 933}.
