[I 2026-07-13 17:01:07,916] Trial 110 pruned. 
[I 2026-07-13 17:01:09,306] Trial 111 pruned. 
[I 2026-07-13 17:01:12,845] Trial 112 pruned. 
[I 2026-07-13 17:01:13,986] Trial 113 pruned. 
[I 2026-07-13 17:01:16,328] Trial 114 finished with values: [41.2175576145728, -488.83475807133436, 66.65] and parameters: {'sl_soft': 1.4970481491953782, 'sl_hard_delta': 1.1796470122310896, 'tp': 1.4521164555006632, 'gate_pct': 35.39284210315661, 'dd_limit': 336.3353141424288, 'cooldown': 13, 'flip': True, 'en_ema_trend': True, 'ema_trend_fast': 10, 'ema_trend_slow': 306, 'en_sma_trend': True, 'sma_trend_fast': 221, 'sma_trend_slow': 156, 'en_macd': False, 'macd_fast': 59, 'macd_slow': 195, 'macd_signal': 100, 'en_vwap': True, 'en_keltner': False, 'keltner_n': 58, 'keltner_m': 4.300000000000001, 'en_obv': False, 'obv_slope': 179, 'en_cci': True, 'cci_n': 58, 'cci_threshold': 285, 'en_rsi': False, 'rsi_n': 62, 'rsi_lower': 48, 'rsi_upper': 64, 'en_stochastic': False, 'stochastic_n': 65, 'stochastic_d': 45, 'stochastic_lower': 17, 'stochastic_upper': 57, 'en_mfi': True, 'mfi_n': 74, 'mfi_lower': 30, 'mfi_upper': 54, 'en_bollinger': False, 'bollinger_n': 116, 'bollinger_k': 4.6000000000000005, 'en_adx': False, 'adx_n': 14, 'adx_threshold': 55, 'en_structure_trend': True, 'structure_trend_swing_l': 3, 'en_order_block': False, 'order_block_swing_l': 1, 'en_fvg': False, 'fvg_lookback': 18, 'en_ifvg': True, 'en_breaker': False, 'breaker_swing_l': 5, 'en_cisd': False, 'k': 3, 'en_cap_bars': False, 'cap_1min': 76}.
[I 2026-07-13 17:01:19,624] Trial 115 finished with values: [-119.93117905700501, -395.0000000000273, 36.65] and parameters: {'sl_soft': 0.6372466583840594, 'sl_hard_delta': 1.8263256778410655, 'tp': 2.1932650347890235, 'gate_pct': 54.8778799805964, 'dd_limit': 133.93255991555952, 'cooldown': 17, 'flip': True, 'en_ema_trend': True, 'ema_trend_fast': 196, 'ema_trend_slow': 17, 'en_sma_trend': False, 'sma_trend_fast': 92, 'sma_trend_slow': 218, 'en_macd': True, 'macd_fast': 25, 'macd_slow': 180, 'macd_signal': 92, 'en_vwap': False, 'en_keltner': False, 'keltner_n': 116, 'keltner_m': 3.1, 'en_obv': True, 'obv_slope': 108, 'en_cci': True, 'cci_n': 27, 'cci_threshold': 40, 'en_rsi': False, 'rsi_n': 10, 'rsi_lower': 28, 'rsi_upper': 76, 'en_stochastic': False, 'stochastic_n': 97, 'stochastic_d': 47, 'stochastic_lower': 48, 'stochastic_upper': 77, 'en_mfi': True, 'mfi_n': 96, 'mfi_lower': 13, 'mfi_upper': 64, 'en_bollinger': False, 'bollinger_n': 115, 'bollinger_k': 2.5, 'en_adx': False, 'adx_n': 18, 'adx_threshold': 32, 'en_structure_trend': False, 'structure_trend_swing_l': 5, 'en_order_block': True, 'order_block_swing_l': 6, 'en_fvg': False, 'fvg_lookback': 44, 'en_ifvg': False, 'en_breaker': True, 'breaker_swing_l': 9, 'en_cisd': True, 'k': 2, 'en_cap_bars': False, 'cap_1min': 846}.
[I 2026-07-13 17:01:20,235] Trial 116 pruned. 
[I 2026-07-13 17:01:22,287] Trial 117 pruned. 
[I 2026-07-13 17:01:26,028] Trial 118 finished with values: [24.0013208268806, -147.91043287161756, 61.25] and parameters: {'sl_soft': 0.7051738093466424, 'sl_hard_delta': 0.5496262296926686, 'tp': 0.8030957298429366, 'gate_pct': 26.3517884829504, 'dd_limit': 190.1331512882937, 'cooldown': 34, 'flip': True, 'en_ema_trend': True, 'ema_trend_fast': 23, 'ema_trend_slow': 125, 'en_sma_trend': True, 'sma_trend_fast': 357, 'sma_trend_slow': 329, 'en_macd': False, 'macd_fast': 52, 'macd_slow': 53, 'macd_signal': 61, 'en_vwap': True, 'en_keltner': True, 'keltner_n': 94, 'keltner_m': 4.1, 'en_obv': False, 'obv_slope': 167, 'en_cci': False, 'cci_n': 37, 'cci_threshold': 145, 'en_rsi': False, 'rsi_n': 97, 'rsi_lower': 13, 'rsi_upper': 57, 'en_stochastic': False, 'stochastic_n': 63, 'stochastic_d': 36, 'stochastic_lower': 33, 'stochastic_upper': 62, 'en_mfi': False, 'mfi_n': 80, 'mfi_lower': 8, 'mfi_upper': 70, 'en_bollinger': True, 'bollinger_n': 136, 'bollinger_k': 3.9000000000000004, 'en_adx': False, 'adx_n': 62, 'adx_threshold': 32, 'en_structure_trend': True, 'structure_trend_swing_l': 14, 'en_order_block': False, 'order_block_swing_l': 18, 'en_fvg': True, 'fvg_lookback': 47, 'en_ifvg': True, 'en_breaker': True, 'breaker_swing_l': 10, 'en_cisd': False, 'k': 4, 'en_cap_bars': False, 'cap_1min': 332}.
[I 2026-07-13 17:01:36,555] Trial 119 finished with values: [50.29711088109252, -173.17386735151103, 57.8] and parameters: {'sl_soft': 0.8006429476173194, 'sl_hard_delta': 1.3628343994127585, 'tp': 1.2594202227842493, 'gate_pct': 76.55976188692937, 'dd_limit': 48.78569624793002, 'cooldown': 16, 'flip': True, 'en_ema_trend': True, 'ema_trend_fast': 208, 'ema_trend_slow': 139, 'en_sma_trend': True, 'sma_trend_fast': 266, 'sma_trend_slow': 143, 'en_macd': True, 'macd_fast': 93, 'macd_slow': 48, 'macd_signal': 1, 'en_vwap': True, 'en_keltner': False, 'keltner_n': 137, 'keltner_m': 3.8000000000000003, 'en_obv': False, 'obv_slope': 8, 'en_cci': False, 'cci_n': 94, 'cci_threshold': 195, 'en_rsi': True, 'rsi_n': 67, 'rsi_lower': 7, 'rsi_upper': 69, 'en_stochastic': True, 'stochastic_n': 22, 'stochastic_d': 5, 'stochastic_lower': 16, 'stochastic_upper': 57, 'en_mfi': True, 'mfi_n': 61, 'mfi_lower': 10, 'mfi_upper': 68, 'en_bollinger': False, 'bollinger_n': 69, 'bollinger_k': 1.6, 'en_adx': False, 'adx_n': 48, 'adx_threshold': 19, 'en_structure_trend': False, 'structure_trend_swing_l': 10, 'en_order_block': True, 'order_block_swing_l': 9, 'en_fvg': False, 'fvg_lookback': 36, 'en_ifvg': False, 'en_breaker': False, 'breaker_swing_l': 17, 'en_cisd': False, 'k': 4, 'en_cap_bars': False, 'cap_1min': 608}.
[I 2026-07-13 17:01:37,684] Trial 120 finished with values: [103.30090931859104, -1185.7946643414266, 74.94999999999999] and parameters: {'sl_soft': 1.2532688517244641, 'sl_hard_delta': 1.180171996567431, 'tp': 0.6459582866201024, 'gate_pct': 80.70603145468111, 'dd_limit': 103.05553036107877, 'cooldown': 7, 'flip': False, 'en_ema_trend': True, 'ema_trend_fast': 375, 'ema_trend_slow': 53, 'en_sma_trend': False, 'sma_trend_fast': 357, 'sma_trend_slow': 56, 'en_macd': True, 'macd_fast': 57, 'macd_slow': 58, 'macd_signal': 34, 'en_vwap': True, 'en_keltner': False, 'keltner_n': 68, 'keltner_m': 1.2000000000000002, 'en_obv': True, 'obv_slope': 120, 'en_cci': True, 'cci_n': 40, 'cci_threshold': 85, 'en_rsi': False, 'rsi_n': 34, 'rsi_lower': 36, 'rsi_upper': 64, 'en_stochastic': False, 'stochastic_n': 93, 'stochastic_d': 6, 'stochastic_lower': 10, 'stochastic_upper': 73, 'en_mfi': False, 'mfi_n': 67, 'mfi_lower': 17, 'mfi_upper': 51, 'en_bollinger': False, 'bollinger_n': 40, 'bollinger_k': 4.2, 'en_adx': True, 'adx_n': 28, 'adx_threshold': 7, 'en_structure_trend': False, 'structure_trend_swing_l': 1, 'en_order_block': False, 'order_block_swing_l': 8, 'en_fvg': True, 'fvg_lookback': 13, 'en_ifvg': False, 'en_breaker': False, 'breaker_swing_l': 14, 'en_cisd': True, 'k': 2, 'en_cap_bars': True, 'cap_1min': 803}.
[I 2026-07-13 17:01:41,117] Trial 121 pruned. 
[I 2026-07-13 17:01:49,947] Trial 122 finished with values: [-96.31840861609362, -555.017244544706, 39.8] and parameters: {'sl_soft': 0.538496361380529, 'sl_hard_delta': 0.9529757691518015, 'tp': 1.4570157617660628, 'gate_pct': 42.37120833684469, 'dd_limit': 504.12940677292096, 'cooldown': 22, 'flip': False, 'en_ema_trend': False, 'ema_trend_fast': 196, 'ema_trend_slow': 8, 'en_sma_trend': True, 'sma_trend_fast': 271, 'sma_trend_slow': 242, 'en_macd': False, 'macd_fast': 69, 'macd_slow': 154, 'macd_signal': 12, 'en_vwap': True, 'en_keltner': True, 'keltner_n': 3, 'keltner_m': 3.3000000000000003, 'en_obv': True, 'obv_slope': 188, 'en_cci': False, 'cci_n': 156, 'cci_threshold': 300, 'en_rsi': False, 'rsi_n': 52, 'rsi_lower': 18, 'rsi_upper': 59, 'en_stochastic': False, 'stochastic_n': 66, 'stochastic_d': 9, 'stochastic_lower': 40, 'stochastic_upper': 63, 'en_mfi': False, 'mfi_n': 72, 'mfi_lower': 13, 'mfi_upper': 75, 'en_bollinger': False, 'bollinger_n': 96, 'bollinger_k': 4.6000000000000005, 'en_adx': True, 'adx_n': 56, 'adx_threshold': 7, 'en_structure_trend': False, 'structure_trend_swing_l': 15, 'en_order_block': True, 'order_block_swing_l': 18, 'en_fvg': True, 'fvg_lookback': 25, 'en_ifvg': True, 'en_breaker': True, 'breaker_swing_l': 14, 'en_cisd': True, 'k': 2, 'en_cap_bars': True, 'cap_1min': 652}.
[I 2026-07-13 17:01:51,206] Trial 123 pruned. 
[I 2026-07-13 17:01:53,343] Trial 124 pruned. 
[I 2026-07-13 17:02:01,285] Trial 125 finished with values: [-129.35087671912697, -493.3477182396018, 58.55] and parameters: {'sl_soft': 1.3199246294172853, 'sl_hard_delta': 0.0896402798389121, 'tp': 0.8220451112985745, 'gate_pct': 80.28577378768065, 'dd_limit': 464.4008537020936, 'cooldown': 12, 'flip': False, 'en_ema_trend': False, 'ema_trend_fast': 101, 'ema_trend_slow': 238, 'en_sma_trend': True, 'sma_trend_fast': 188, 'sma_trend_slow': 55, 'en_macd': True, 'macd_fast': 6, 'macd_slow': 125, 'macd_signal': 4, 'en_vwap': True, 'en_keltner': True, 'keltner_n': 154, 'keltner_m': 4.300000000000001, 'en_obv': True, 'obv_slope': 116, 'en_cci': False, 'cci_n': 91, 'cci_threshold': 155, 'en_rsi': False, 'rsi_n': 95, 'rsi_lower': 15, 'rsi_upper': 63, 'en_stochastic': True, 'stochastic_n': 55, 'stochastic_d': 50, 'stochastic_lower': 11, 'stochastic_upper': 77, 'en_mfi': False, 'mfi_n': 84, 'mfi_lower': 12, 'mfi_upper': 54, 'en_bollinger': False, 'bollinger_n': 161, 'bollinger_k': 3.4000000000000004, 'en_adx': False, 'adx_n': 31, 'adx_threshold': 57, 'en_structure_trend': True, 'structure_trend_swing_l': 17, 'en_order_block': True, 'order_block_swing_l': 14, 'en_fvg': True, 'fvg_lookback': 48, 'en_ifvg': True, 'en_breaker': True, 'breaker_swing_l': 20, 'en_cisd': False, 'k': 2, 'en_cap_bars': False, 'cap_1min': 469}.
[I 2026-07-13 17:02:02,948] Trial 126 pruned. 
[I 2026-07-13 17:02:05,171] Trial 127 pruned. 
[I 2026-07-13 17:02:06,388] Trial 128 pruned. 
[I 2026-07-13 17:02:11,865] Trial 129 finished with values: [121.27645756131642, -1103.208059422218, 51.3] and parameters: {'sl_soft': 1.4289437267830376, 'sl_hard_delta': 1.4930424826620563, 'tp': 2.377790991455292, 'gate_pct': 99.4309621818079, 'dd_limit': 10.587974375936389, 'cooldown': 5, 'flip': False, 'en_ema_trend': True, 'ema_trend_fast': 279, 'ema_trend_slow': 279, 'en_sma_trend': False, 'sma_trend_fast': 108, 'sma_trend_slow': 306, 'en_macd': False, 'macd_fast': 59, 'macd_slow': 126, 'macd_signal': 39, 'en_vwap': False, 'en_keltner': True, 'keltner_n': 186, 'keltner_m': 1.2000000000000002, 'en_obv': False, 'obv_slope': 119, 'en_cci': False, 'cci_n': 160, 'cci_threshold': 30, 'en_rsi': True, 'rsi_n': 77, 'rsi_lower': 43, 'rsi_upper': 85, 'en_stochastic': False, 'stochastic_n': 88, 'stochastic_d': 41, 'stochastic_lower': 2, 'stochastic_upper': 91, 'en_mfi': True, 'mfi_n': 54, 'mfi_lower': 38, 'mfi_upper': 72, 'en_bollinger': True, 'bollinger_n': 138, 'bollinger_k': 4.1, 'en_adx': False, 'adx_n': 46, 'adx_threshold': 28, 'en_structure_trend': True, 'structure_trend_swing_l': 6, 'en_order_block': False, 'order_block_swing_l': 9, 'en_fvg': True, 'fvg_lookback': 3, 'en_ifvg': False, 'en_breaker': True, 'breaker_swing_l': 20, 'en_cisd': False, 'k': 4, 'en_cap_bars': False, 'cap_1min': 311}.
[I 2026-07-13 17:02:21,129] Trial 130 finished with values: [231.16941881398247, -483.1771798422551, 44.35] and parameters: {'sl_soft': 1.1013614960330478, 'sl_hard_delta': 0.28428468405525126, 'tp': 2.0536360119747785, 'gate_pct': 67.43945106994327, 'dd_limit': 399.42561382419785, 'cooldown': 23, 'flip': True, 'en_ema_trend': True, 'ema_trend_fast': 385, 'ema_trend_slow': 349, 'en_sma_trend': True, 'sma_trend_fast': 253, 'sma_trend_slow': 346, 'en_macd': False, 'macd_fast': 51, 'macd_slow': 160, 'macd_signal': 61, 'en_vwap': True, 'en_keltner': True, 'keltner_n': 18, 'keltner_m': 4.1, 'en_obv': True, 'obv_slope': 31, 'en_cci': False, 'cci_n': 158, 'cci_threshold': 115, 'en_rsi': True, 'rsi_n': 99, 'rsi_lower': 25, 'rsi_upper': 70, 'en_stochastic': True, 'stochastic_n': 33, 'stochastic_d': 40, 'stochastic_lower': 39, 'stochastic_upper': 88, 'en_mfi': False, 'mfi_n': 7, 'mfi_lower': 21, 'mfi_upper': 53, 'en_bollinger': False, 'bollinger_n': 163, 'bollinger_k': 2.0, 'en_adx': False, 'adx_n': 5, 'adx_threshold': 9, 'en_structure_trend': False, 'structure_trend_swing_l': 12, 'en_order_block': False, 'order_block_swing_l': 1, 'en_fvg': False, 'fvg_lookback': 10, 'en_ifvg': True, 'en_breaker': True, 'breaker_swing_l': 20, 'en_cisd': True, 'k': 2, 'en_cap_bars': False, 'cap_1min': 801}.
[I 2026-07-13 17:02:22,941] Trial 131 pruned. 
[I 2026-07-13 17:02:37,901] Trial 132 finished with values: [-27.3635908323854, -388.3380575678075, 36.65] and parameters: {'sl_soft': 1.124380577176661, 'sl_hard_delta': 1.618744665855665, 'tp': 2.2763640916760712, 'gate_pct': 26.991527672954163, 'dd_limit': 383.8577074284458, 'cooldown': 26, 'flip': False, 'en_ema_trend': False, 'ema_trend_fast': 236, 'ema_trend_slow': 90, 'en_sma_trend': False, 'sma_trend_fast': 366, 'sma_trend_slow': 70, 'en_macd': True, 'macd_fast': 100, 'macd_slow': 144, 'macd_signal': 26, 'en_vwap': True, 'en_keltner': True, 'keltner_n': 162, 'keltner_m': 0.5, 'en_obv': True, 'obv_slope': 44, 'en_cci': True, 'cci_n': 139, 'cci_threshold': 50, 'en_rsi': True, 'rsi_n': 27, 'rsi_lower': 23, 'rsi_upper': 71, 'en_stochastic': True, 'stochastic_n': 21, 'stochastic_d': 26, 'stochastic_lower': 28, 'stochastic_upper': 70, 'en_mfi': False, 'mfi_n': 53, 'mfi_lower': 37, 'mfi_upper': 72, 'en_bollinger': False, 'bollinger_n': 178, 'bollinger_k': 4.8, 'en_adx': True, 'adx_n': 56, 'adx_threshold': 9, 'en_structure_trend': False, 'structure_trend_swing_l': 10, 'en_order_block': True, 'order_block_swing_l': 14, 'en_fvg': False, 'fvg_lookback': 31, 'en_ifvg': False, 'en_breaker': False, 'breaker_swing_l': 3, 'en_cisd': True, 'k': 1, 'en_cap_bars': False, 'cap_1min': 204}.
[I 2026-07-13 17:02:38,942] Trial 133 pruned. 
[I 2026-07-13 17:02:43,399] Trial 134 finished with values: [451.88281329739084, -547.3852133368382, 70.3] and parameters: {'sl_soft': 1.4473522527163059, 'sl_hard_delta': 2.000352014019867, 'tp': 1.2908052877716663, 'gate_pct': 74.50813821223942, 'dd_limit': 434.8338936907749, 'cooldown': 23, 'flip': True, 'en_ema_trend': False, 'ema_trend_fast': 55, 'ema_trend_slow': 291, 'en_sma_trend': True, 'sma_trend_fast': 142, 'sma_trend_slow': 384, 'en_macd': True, 'macd_fast': 56, 'macd_slow': 79, 'macd_signal': 86, 'en_vwap': True, 'en_keltner': False, 'keltner_n': 171, 'keltner_m': 1.7000000000000002, 'en_obv': False, 'obv_slope': 52, 'en_cci': True, 'cci_n': 132, 'cci_threshold': 25, 'en_rsi': True, 'rsi_n': 29, 'rsi_lower': 46, 'rsi_upper': 91, 'en_stochastic': False, 'stochastic_n': 8, 'stochastic_d': 7, 'stochastic_lower': 36, 'stochastic_upper': 88, 'en_mfi': True, 'mfi_n': 26, 'mfi_lower': 40, 'mfi_upper': 61, 'en_bollinger': True, 'bollinger_n': 198, 'bollinger_k': 2.6, 'en_adx': False, 'adx_n': 47, 'adx_threshold': 31, 'en_structure_trend': True, 'structure_trend_swing_l': 19, 'en_order_block': False, 'order_block_swing_l': 11, 'en_fvg': False, 'fvg_lookback': 24, 'en_ifvg': True, 'en_breaker': False, 'breaker_swing_l': 19, 'en_cisd': True, 'k': 3, 'en_cap_bars': True, 'cap_1min': 1002}.
[I 2026-07-13 17:02:45,021] Trial 135 pruned. 
[I 2026-07-13 17:02:54,627] Trial 136 finished with values: [-235.45531063373346, -467.04114555386695, 33.55] and parameters: {'sl_soft': 1.054927658766482, 'sl_hard_delta': 1.6472004951742423, 'tp': 1.6613052428635853, 'gate_pct': 78.41015939543337, 'dd_limit': 11.276095451039913, 'cooldown': 12, 'flip': False, 'en_ema_trend': False, 'ema_trend_fast': 374, 'ema_trend_slow': 212, 'en_sma_trend': True, 'sma_trend_fast': 246, 'sma_trend_slow': 323, 'en_macd': True, 'macd_fast': 48, 'macd_slow': 186, 'macd_signal': 65, 'en_vwap': False, 'en_keltner': True, 'keltner_n': 32, 'keltner_m': 1.3, 'en_obv': False, 'obv_slope': 142, 'en_cci': False, 'cci_n': 24, 'cci_threshold': 80, 'en_rsi': True, 'rsi_n': 12, 'rsi_lower': 3, 'rsi_upper': 69, 'en_stochastic': True, 'stochastic_n': 21, 'stochastic_d': 43, 'stochastic_lower': 7, 'stochastic_upper': 96, 'en_mfi': True, 'mfi_n': 17, 'mfi_lower': 38, 'mfi_upper': 78, 'en_bollinger': False, 'bollinger_n': 106, 'bollinger_k': 2.1, 'en_adx': False, 'adx_n': 73, 'adx_threshold': 18, 'en_structure_trend': True, 'structure_trend_swing_l': 18, 'en_order_block': False, 'order_block_swing_l': 19, 'en_fvg': False, 'fvg_lookback': 14, 'en_ifvg': False, 'en_breaker': False, 'breaker_swing_l': 15, 'en_cisd': False, 'k': 5, 'en_cap_bars': False, 'cap_1min': 1380}.
[I 2026-07-13 17:02:56,264] Trial 137 pruned. 
[I 2026-07-13 17:02:57,051] Trial 138 pruned. 
[I 2026-07-13 17:02:58,578] Trial 139 pruned. 
[I 2026-07-13 17:03:00,279] Trial 140 pruned. 
[I 2026-07-13 17:03:01,231] Trial 141 pruned. 
[I 2026-07-13 17:03:02,182] Trial 142 pruned. 
[I 2026-07-13 17:03:12,056] Trial 143 finished with values: [28.801352412205006, -580.2893330679012, 42.35] and parameters: {'sl_soft': 1.2979586805955017, 'sl_hard_delta': 0.22815506069682887, 'tp': 2.2395610205611263, 'gate_pct': 81.43219065749138, 'dd_limit': 390.2087279618219, 'cooldown': 8, 'flip': False, 'en_ema_trend': True, 'ema_trend_fast': 177, 'ema_trend_slow': 381, 'en_sma_trend': True, 'sma_trend_fast': 29, 'sma_trend_slow': 144, 'en_macd': True, 'macd_fast': 49, 'macd_slow': 149, 'macd_signal': 13, 'en_vwap': True, 'en_keltner': True, 'keltner_n': 17, 'keltner_m': 4.5, 'en_obv': True, 'obv_slope': 54, 'en_cci': True, 'cci_n': 87, 'cci_threshold': 290, 'en_rsi': False, 'rsi_n': 39, 'rsi_lower': 15, 'rsi_upper': 71, 'en_stochastic': True, 'stochastic_n': 97, 'stochastic_d': 40, 'stochastic_lower': 17, 'stochastic_upper': 72, 'en_mfi': True, 'mfi_n': 11, 'mfi_lower': 23, 'mfi_upper': 57, 'en_bollinger': False, 'bollinger_n': 78, 'bollinger_k': 1.1, 'en_adx': False, 'adx_n': 33, 'adx_threshold': 21, 'en_structure_trend': False, 'structure_trend_swing_l': 19, 'en_order_block': False, 'order_block_swing_l': 17, 'en_fvg': False, 'fvg_lookback': 30, 'en_ifvg': True, 'en_breaker': False, 'breaker_swing_l': 5, 'en_cisd': True, 'k': 5, 'en_cap_bars': False, 'cap_1min': 1332}.
[I 2026-07-13 17:03:13,978] Trial 144 pruned. 
[I 2026-07-13 17:03:15,264] Trial 145 pruned. 
[I 2026-07-13 17:03:18,404] Trial 146 finished with values: [-193.4367054388133, -318.7355962442098, 33.3] and parameters: {'sl_soft': 1.351665567349139, 'sl_hard_delta': 0.3344723808493566, 'tp': 2.055977816107931, 'gate_pct': 76.46240503280777, 'dd_limit': 162.39650823726745, 'cooldown': 15, 'flip': False, 'en_ema_trend': False, 'ema_trend_fast': 250, 'ema_trend_slow': 301, 'en_sma_trend': False, 'sma_trend_fast': 173, 'sma_trend_slow': 229, 'en_macd': False, 'macd_fast': 73, 'macd_slow': 109, 'macd_signal': 18, 'en_vwap': True, 'en_keltner': True, 'keltner_n': 154, 'keltner_m': 4.4, 'en_obv': False, 'obv_slope': 186, 'en_cci': False, 'cci_n': 184, 'cci_threshold': 45, 'en_rsi': True, 'rsi_n': 67, 'rsi_lower': 18, 'rsi_upper': 82, 'en_stochastic': False, 'stochastic_n': 3, 'stochastic_d': 42, 'stochastic_lower': 27, 'stochastic_upper': 97, 'en_mfi': False, 'mfi_n': 49, 'mfi_lower': 28, 'mfi_upper': 93, 'en_bollinger': False, 'bollinger_n': 63, 'bollinger_k': 1.6, 'en_adx': False, 'adx_n': 88, 'adx_threshold': 55, 'en_structure_trend': False, 'structure_trend_swing_l': 10, 'en_order_block': False, 'order_block_swing_l': 4, 'en_fvg': False, 'fvg_lookback': 48, 'en_ifvg': True, 'en_breaker': True, 'breaker_swing_l': 1, 'en_cisd': False, 'k': 5, 'en_cap_bars': True, 'cap_1min': 706}.
[I 2026-07-13 17:03:28,384] Trial 147 finished with values: [26.39808527057994, -356.5213470328672, 52.7] and parameters: {'sl_soft': 0.5686345045639218, 'sl_hard_delta': 1.9879901549829817, 'tp': 0.9603527973045476, 'gate_pct': 75.29895741667805, 'dd_limit': 241.42955722086123, 'cooldown': 14, 'flip': False, 'en_ema_trend': False, 'ema_trend_fast': 33, 'ema_trend_slow': 305, 'en_sma_trend': False, 'sma_trend_fast': 62, 'sma_trend_slow': 134, 'en_macd': True, 'macd_fast': 70, 'macd_slow': 193, 'macd_signal': 27, 'en_vwap': False, 'en_keltner': False, 'keltner_n': 3, 'keltner_m': 3.4000000000000004, 'en_obv': True, 'obv_slope': 38, 'en_cci': False, 'cci_n': 8, 'cci_threshold': 180, 'en_rsi': True, 'rsi_n': 46, 'rsi_lower': 3, 'rsi_upper': 61, 'en_stochastic': True, 'stochastic_n': 9, 'stochastic_d': 10, 'stochastic_lower': 40, 'stochastic_upper': 92, 'en_mfi': True, 'mfi_n': 95, 'mfi_lower': 24, 'mfi_upper': 93, 'en_bollinger': False, 'bollinger_n': 24, 'bollinger_k': 3.0, 'en_adx': False, 'adx_n': 77, 'adx_threshold': 32, 'en_structure_trend': True, 'structure_trend_swing_l': 9, 'en_order_block': False, 'order_block_swing_l': 1, 'en_fvg': True, 'fvg_lookback': 20, 'en_ifvg': False, 'en_breaker': False, 'breaker_swing_l': 20, 'en_cisd': True, 'k': 4, 'en_cap_bars': False, 'cap_1min': 1119}.
[I 2026-07-13 17:03:28,831] Trial 148 pruned. 
