[I 2026-07-13 16:49:39,424] Trial 60 finished with values: [-284.44622517979496, -591.5463858162184, 23.6] and parameters: {'sl_soft': 1.3896587210692737, 'sl_hard_delta': 2.741268995255218, 'tp': 4.746001606363977, 'gate_pct': 88.06216959925202, 'dd_limit': 398.7158815502001, 'cooldown': 18, 'flip': True, 'en_ema_trend': False, 'ema_trend_fast': 14, 'ema_trend_slow': 305, 'en_sma_trend': False, 'sma_trend_fast': 44, 'sma_trend_slow': 277, 'en_macd': False, 'macd_fast': 67, 'macd_slow': 82, 'macd_signal': 87, 'en_vwap': True, 'en_keltner': False, 'keltner_n': 145, 'keltner_m': 4.5, 'en_obv': True, 'obv_slope': 173, 'en_cci': True, 'cci_n': 82, 'cci_threshold': 50, 'en_rsi': True, 'rsi_n': 50, 'rsi_lower': 48, 'rsi_upper': 57, 'en_stochastic': False, 'stochastic_n': 80, 'stochastic_d': 27, 'stochastic_lower': 49, 'stochastic_upper': 72, 'en_mfi': False, 'mfi_n': 43, 'mfi_lower': 21, 'mfi_upper': 51, 'en_bollinger': False, 'bollinger_n': 68, 'bollinger_k': 1.7000000000000002, 'en_adx': False, 'adx_n': 61, 'adx_threshold': 52, 'en_structure_trend': False, 'structure_trend_swing_l': 9, 'en_order_block': False, 'order_block_swing_l': 10, 'en_fvg': False, 'fvg_lookback': 41, 'en_ifvg': True, 'en_breaker': True, 'breaker_swing_l': 11, 'en_cisd': True, 'k': 5, 'en_cap_bars': False, 'cap_1min': 1153}.
[I 2026-07-13 16:49:43,089] Trial 61 finished with values: [-236.5495135079584, -968.5564396370864, 54.650000000000006] and parameters: {'sl_soft': 3.1271527171058153, 'sl_hard_delta': 3.9943530117594013, 'tp': 2.5612673153226866, 'gate_pct': 61.29515207255519, 'dd_limit': 332.70974775121596, 'cooldown': 2, 'flip': False, 'en_ema_trend': True, 'ema_trend_fast': 271, 'ema_trend_slow': 376, 'en_sma_trend': False, 'sma_trend_fast': 292, 'sma_trend_slow': 163, 'en_macd': True, 'macd_fast': 80, 'macd_slow': 190, 'macd_signal': 21, 'en_vwap': True, 'en_keltner': False, 'keltner_n': 200, 'keltner_m': 4.5, 'en_obv': False, 'obv_slope': 169, 'en_cci': False, 'cci_n': 88, 'cci_threshold': 260, 'en_rsi': True, 'rsi_n': 33, 'rsi_lower': 6, 'rsi_upper': 58, 'en_stochastic': False, 'stochastic_n': 66, 'stochastic_d': 12, 'stochastic_lower': 26, 'stochastic_upper': 57, 'en_mfi': True, 'mfi_n': 71, 'mfi_lower': 45, 'mfi_upper': 72, 'en_bollinger': False, 'bollinger_n': 22, 'bollinger_k': 2.5, 'en_adx': False, 'adx_n': 82, 'adx_threshold': 19, 'en_structure_trend': True, 'structure_trend_swing_l': 1, 'en_order_block': True, 'order_block_swing_l': 20, 'en_fvg': False, 'fvg_lookback': 4, 'en_ifvg': False, 'en_breaker': False, 'breaker_swing_l': 5, 'en_cisd': False, 'k': 4, 'en_cap_bars': False, 'cap_1min': 736}.
[I 2026-07-13 16:49:44,817] Trial 62 pruned. 
[I 2026-07-13 16:49:46,740] Trial 63 pruned. 
[I 2026-07-13 16:49:47,977] Trial 64 pruned. 
[I 2026-07-13 16:49:49,529] Trial 65 pruned. 
[I 2026-07-13 16:49:56,509] Trial 66 pruned. 
[I 2026-07-13 16:49:57,577] Trial 67 pruned. 
[I 2026-07-13 16:49:58,929] Trial 68 pruned. 
[I 2026-07-13 16:49:59,923] Trial 69 pruned. 
[I 2026-07-13 16:50:01,557] Trial 70 pruned. 
[I 2026-07-13 16:50:05,904] Trial 71 finished with values: [-113.2593489496287, -575.0, 26.15] and parameters: {'sl_soft': 1.603993193315178, 'sl_hard_delta': 4.755947137814327, 'tp': 6.2739252084028045, 'gate_pct': 86.68863637915473, 'dd_limit': 235.57837541012853, 'cooldown': 8, 'flip': False, 'en_ema_trend': False, 'ema_trend_fast': 121, 'ema_trend_slow': 364, 'en_sma_trend': False, 'sma_trend_fast': 45, 'sma_trend_slow': 14, 'en_macd': False, 'macd_fast': 52, 'macd_slow': 18, 'macd_signal': 45, 'en_vwap': True, 'en_keltner': True, 'keltner_n': 68, 'keltner_m': 1.5, 'en_obv': False, 'obv_slope': 7, 'en_cci': True, 'cci_n': 43, 'cci_threshold': 60, 'en_rsi': True, 'rsi_n': 95, 'rsi_lower': 7, 'rsi_upper': 94, 'en_stochastic': False, 'stochastic_n': 8, 'stochastic_d': 40, 'stochastic_lower': 40, 'stochastic_upper': 87, 'en_mfi': True, 'mfi_n': 45, 'mfi_lower': 16, 'mfi_upper': 61, 'en_bollinger': True, 'bollinger_n': 125, 'bollinger_k': 2.9000000000000004, 'en_adx': False, 'adx_n': 31, 'adx_threshold': 26, 'en_structure_trend': True, 'structure_trend_swing_l': 19, 'en_order_block': False, 'order_block_swing_l': 14, 'en_fvg': False, 'fvg_lookback': 14, 'en_ifvg': True, 'en_breaker': True, 'breaker_swing_l': 3, 'en_cisd': True, 'k': 1, 'en_cap_bars': True, 'cap_1min': 995}.
[I 2026-07-13 16:50:07,796] Trial 72 pruned. 
[I 2026-07-13 16:50:08,466] Trial 73 pruned. 
[I 2026-07-13 16:50:10,267] Trial 74 pruned. 
[I 2026-07-13 16:50:11,913] Trial 75 pruned. 
[I 2026-07-13 16:50:13,502] Trial 76 pruned. 
[I 2026-07-13 16:50:14,607] Trial 77 pruned. 
[I 2026-07-13 16:50:15,567] Trial 78 pruned. 
[I 2026-07-13 16:50:17,486] Trial 79 pruned. 
[I 2026-07-13 16:50:17,748] Trial 80 pruned. 
[I 2026-07-13 16:50:20,651] Trial 81 finished with values: [-209.4124936800199, -1219.4421394990172, 40.4] and parameters: {'sl_soft': 3.4473319600876704, 'sl_hard_delta': 4.866021636055933, 'tp': 5.1055786050098195, 'gate_pct': 83.33433192606572, 'dd_limit': 156.63502965786031, 'cooldown': 17, 'flip': False, 'en_ema_trend': True, 'ema_trend_fast': 176, 'ema_trend_slow': 150, 'en_sma_trend': False, 'sma_trend_fast': 275, 'sma_trend_slow': 231, 'en_macd': True, 'macd_fast': 6, 'macd_slow': 111, 'macd_signal': 60, 'en_vwap': True, 'en_keltner': False, 'keltner_n': 129, 'keltner_m': 0.9, 'en_obv': True, 'obv_slope': 141, 'en_cci': False, 'cci_n': 12, 'cci_threshold': 45, 'en_rsi': False, 'rsi_n': 67, 'rsi_lower': 29, 'rsi_upper': 86, 'en_stochastic': False, 'stochastic_n': 74, 'stochastic_d': 30, 'stochastic_lower': 27, 'stochastic_upper': 86, 'en_mfi': False, 'mfi_n': 10, 'mfi_lower': 17, 'mfi_upper': 62, 'en_bollinger': False, 'bollinger_n': 20, 'bollinger_k': 3.8000000000000003, 'en_adx': False, 'adx_n': 68, 'adx_threshold': 48, 'en_structure_trend': False, 'structure_trend_swing_l': 15, 'en_order_block': False, 'order_block_swing_l': 12, 'en_fvg': True, 'fvg_lookback': 23, 'en_ifvg': True, 'en_breaker': True, 'breaker_swing_l': 16, 'en_cisd': False, 'k': 1, 'en_cap_bars': True, 'cap_1min': 304}.
[I 2026-07-13 16:50:22,961] Trial 82 pruned. 
[I 2026-07-13 16:50:23,619] Trial 83 pruned. 
[I 2026-07-13 16:50:24,637] Trial 84 pruned. 
[I 2026-07-13 16:50:26,929] Trial 85 pruned. 
[I 2026-07-13 16:50:27,295] Trial 86 pruned. 
[I 2026-07-13 16:50:28,884] Trial 87 pruned. 
[I 2026-07-13 16:50:34,110] Trial 88 finished with values: [-359.83100132712025, -1882.0028433004381, 36.35] and parameters: {'sl_soft': 3.4720708477189546, 'sl_hard_delta': 0.23009003650521148, 'tp': 5.7589034563157195, 'gate_pct': 58.77346993604095, 'dd_limit': 439.4689893251477, 'cooldown': 0, 'flip': True, 'en_ema_trend': True, 'ema_trend_fast': 13, 'ema_trend_slow': 236, 'en_sma_trend': False, 'sma_trend_fast': 337, 'sma_trend_slow': 300, 'en_macd': True, 'macd_fast': 33, 'macd_slow': 124, 'macd_signal': 22, 'en_vwap': True, 'en_keltner': True, 'keltner_n': 178, 'keltner_m': 4.8, 'en_obv': False, 'obv_slope': 50, 'en_cci': False, 'cci_n': 32, 'cci_threshold': 40, 'en_rsi': True, 'rsi_n': 5, 'rsi_lower': 11, 'rsi_upper': 67, 'en_stochastic': False, 'stochastic_n': 80, 'stochastic_d': 35, 'stochastic_lower': 44, 'stochastic_upper': 74, 'en_mfi': True, 'mfi_n': 2, 'mfi_lower': 12, 'mfi_upper': 61, 'en_bollinger': True, 'bollinger_n': 52, 'bollinger_k': 2.8000000000000003, 'en_adx': False, 'adx_n': 48, 'adx_threshold': 44, 'en_structure_trend': False, 'structure_trend_swing_l': 20, 'en_order_block': False, 'order_block_swing_l': 9, 'en_fvg': False, 'fvg_lookback': 19, 'en_ifvg': False, 'en_breaker': True, 'breaker_swing_l': 5, 'en_cisd': True, 'k': 1, 'en_cap_bars': True, 'cap_1min': 1416}.
[I 2026-07-13 16:50:35,369] Trial 89 pruned. 
[I 2026-07-13 16:50:36,545] Trial 90 pruned. 
[I 2026-07-13 16:50:46,596] Trial 91 finished with values: [227.33934808001095, -220.59884892553328, 94.45] and parameters: {'sl_soft': 3.146751807329063, 'sl_hard_delta': 1.265225171181504, 'tp': 0.9918133787075697, 'gate_pct': 95.28097951734324, 'dd_limit': 284.01961970925504, 'cooldown': 10, 'flip': True, 'en_ema_trend': True, 'ema_trend_fast': 29, 'ema_trend_slow': 226, 'en_sma_trend': True, 'sma_trend_fast': 145, 'sma_trend_slow': 400, 'en_macd': False, 'macd_fast': 20, 'macd_slow': 185, 'macd_signal': 11, 'en_vwap': True, 'en_keltner': True, 'keltner_n': 13, 'keltner_m': 1.5, 'en_obv': True, 'obv_slope': 120, 'en_cci': True, 'cci_n': 72, 'cci_threshold': 220, 'en_rsi': True, 'rsi_n': 33, 'rsi_lower': 11, 'rsi_upper': 68, 'en_stochastic': True, 'stochastic_n': 2, 'stochastic_d': 13, 'stochastic_lower': 42, 'stochastic_upper': 90, 'en_mfi': True, 'mfi_n': 20, 'mfi_lower': 16, 'mfi_upper': 71, 'en_bollinger': True, 'bollinger_n': 100, 'bollinger_k': 0.5, 'en_adx': False, 'adx_n': 23, 'adx_threshold': 18, 'en_structure_trend': True, 'structure_trend_swing_l': 4, 'en_order_block': False, 'order_block_swing_l': 6, 'en_fvg': False, 'fvg_lookback': 8, 'en_ifvg': True, 'en_breaker': True, 'breaker_swing_l': 18, 'en_cisd': True, 'k': 1, 'en_cap_bars': True, 'cap_1min': 392}.
[I 2026-07-13 16:50:48,340] Trial 92 pruned. 
[I 2026-07-13 16:50:50,184] Trial 93 pruned. 
[I 2026-07-13 16:50:51,404] Trial 94 pruned. 
[I 2026-07-13 16:50:53,396] Trial 95 pruned. 
[I 2026-07-13 16:50:54,393] Trial 96 pruned. 
[I 2026-07-13 16:51:01,939] Trial 97 finished with values: [4.1041394612420845, -952.2589538815964, 38.0] and parameters: {'sl_soft': 1.0404920652323475, 'sl_hard_delta': 2.5412342939784316, 'tp': 4.376168082010103, 'gate_pct': 96.7516051221724, 'dd_limit': 388.6442032455649, 'cooldown': 3, 'flip': True, 'en_ema_trend': False, 'ema_trend_fast': 282, 'ema_trend_slow': 334, 'en_sma_trend': False, 'sma_trend_fast': 268, 'sma_trend_slow': 29, 'en_macd': False, 'macd_fast': 88, 'macd_slow': 167, 'macd_signal': 24, 'en_vwap': False, 'en_keltner': False, 'keltner_n': 46, 'keltner_m': 0.9, 'en_obv': True, 'obv_slope': 177, 'en_cci': True, 'cci_n': 128, 'cci_threshold': 45, 'en_rsi': False, 'rsi_n': 6, 'rsi_lower': 38, 'rsi_upper': 55, 'en_stochastic': True, 'stochastic_n': 86, 'stochastic_d': 14, 'stochastic_lower': 40, 'stochastic_upper': 72, 'en_mfi': True, 'mfi_n': 45, 'mfi_lower': 13, 'mfi_upper': 73, 'en_bollinger': True, 'bollinger_n': 127, 'bollinger_k': 2.7, 'en_adx': False, 'adx_n': 35, 'adx_threshold': 20, 'en_structure_trend': False, 'structure_trend_swing_l': 17, 'en_order_block': False, 'order_block_swing_l': 12, 'en_fvg': False, 'fvg_lookback': 38, 'en_ifvg': False, 'en_breaker': True, 'breaker_swing_l': 15, 'en_cisd': False, 'k': 4, 'en_cap_bars': True, 'cap_1min': 85}.
[I 2026-07-13 16:51:03,267] Trial 98 pruned. 
[I 2026-07-13 16:51:04,689] Trial 99 pruned. 
[I 2026-07-13 16:51:05,970] Trial 100 pruned. 
[I 2026-07-13 16:51:07,180] Trial 101 pruned. 
[I 2026-07-13 16:51:08,899] Trial 102 pruned. 
[I 2026-07-13 16:51:10,053] Trial 103 pruned. 
[I 2026-07-13 16:51:12,341] Trial 104 pruned. 
[I 2026-07-13 16:51:13,818] Trial 105 pruned. 
[I 2026-07-13 16:51:14,946] Trial 106 pruned. 
[I 2026-07-13 16:51:16,340] Trial 107 pruned. 
[I 2026-07-13 16:51:17,418] Trial 108 pruned. 
[I 2026-07-13 16:51:18,754] Trial 109 pruned. 
[I 2026-07-13 16:51:20,360] Trial 110 pruned. 
[I 2026-07-13 16:51:21,657] Trial 111 pruned. 
[I 2026-07-13 16:51:22,972] Trial 112 pruned. 
[I 2026-07-13 16:51:24,300] Trial 113 pruned. 
[I 2026-07-13 16:51:25,379] Trial 114 pruned. 
[I 2026-07-13 16:51:27,889] Trial 115 finished with values: [-372.0241688474516, -830.0000000000068, 10.5] and parameters: {'sl_soft': 1.0063442051374751, 'sl_hard_delta': 4.474497910710611, 'tp': 5.599937680975634, 'gate_pct': 54.8778799805964, 'dd_limit': 133.93255991555952, 'cooldown': 9, 'flip': True, 'en_ema_trend': True, 'ema_trend_fast': 196, 'ema_trend_slow': 17, 'en_sma_trend': False, 'sma_trend_fast': 92, 'sma_trend_slow': 218, 'en_macd': True, 'macd_fast': 25, 'macd_slow': 180, 'macd_signal': 92, 'en_vwap': False, 'en_keltner': False, 'keltner_n': 116, 'keltner_m': 3.1, 'en_obv': True, 'obv_slope': 108, 'en_cci': True, 'cci_n': 27, 'cci_threshold': 40, 'en_rsi': False, 'rsi_n': 10, 'rsi_lower': 28, 'rsi_upper': 76, 'en_stochastic': False, 'stochastic_n': 97, 'stochastic_d': 47, 'stochastic_lower': 48, 'stochastic_upper': 77, 'en_mfi': True, 'mfi_n': 96, 'mfi_lower': 13, 'mfi_upper': 64, 'en_bollinger': False, 'bollinger_n': 115, 'bollinger_k': 2.5, 'en_adx': False, 'adx_n': 18, 'adx_threshold': 32, 'en_structure_trend': False, 'structure_trend_swing_l': 5, 'en_order_block': True, 'order_block_swing_l': 6, 'en_fvg': False, 'fvg_lookback': 44, 'en_ifvg': False, 'en_breaker': True, 'breaker_swing_l': 9, 'en_cisd': True, 'k': 2, 'en_cap_bars': False, 'cap_1min': 846}.
[I 2026-07-13 16:51:28,534] Trial 116 pruned. 
[I 2026-07-13 16:51:29,540] Trial 117 pruned. 
[I 2026-07-13 16:51:31,203] Trial 118 pruned. 
[I 2026-07-13 16:51:39,854] Trial 119 finished with values: [138.02417451576048, -390.0000000000091, 53.55] and parameters: {'sl_soft': 1.5128727017605812, 'sl_hard_delta': 3.3389442785612586, 'tp': 2.9458524258041714, 'gate_pct': 76.55976188692937, 'dd_limit': 48.78569624793002, 'cooldown': 8, 'flip': True, 'en_ema_trend': True, 'ema_trend_fast': 208, 'ema_trend_slow': 139, 'en_sma_trend': True, 'sma_trend_fast': 266, 'sma_trend_slow': 143, 'en_macd': True, 'macd_fast': 93, 'macd_slow': 48, 'macd_signal': 1, 'en_vwap': True, 'en_keltner': False, 'keltner_n': 137, 'keltner_m': 3.8000000000000003, 'en_obv': False, 'obv_slope': 8, 'en_cci': False, 'cci_n': 94, 'cci_threshold': 195, 'en_rsi': True, 'rsi_n': 67, 'rsi_lower': 7, 'rsi_upper': 69, 'en_stochastic': True, 'stochastic_n': 22, 'stochastic_d': 5, 'stochastic_lower': 16, 'stochastic_upper': 57, 'en_mfi': True, 'mfi_n': 61, 'mfi_lower': 10, 'mfi_upper': 68, 'en_bollinger': False, 'bollinger_n': 69, 'bollinger_k': 1.6, 'en_adx': False, 'adx_n': 48, 'adx_threshold': 19, 'en_structure_trend': False, 'structure_trend_swing_l': 10, 'en_order_block': True, 'order_block_swing_l': 9, 'en_fvg': False, 'fvg_lookback': 36, 'en_ifvg': False, 'en_breaker': False, 'breaker_swing_l': 17, 'en_cisd': False, 'k': 4, 'en_cap_bars': False, 'cap_1min': 608}.
[I 2026-07-13 16:51:40,617] Trial 120 finished with values: [-167.38130334359766, -1701.622908986701, 75.19999999999999] and parameters: {'sl_soft': 2.9160130044927297, 'sl_hard_delta': 2.8914213915902067, 'tp': 1.2023290282850176, 'gate_pct': 80.70603145468111, 'dd_limit': 103.05553036107877, 'cooldown': 4, 'flip': False, 'en_ema_trend': True, 'ema_trend_fast': 375, 'ema_trend_slow': 53, 'en_sma_trend': False, 'sma_trend_fast': 357, 'sma_trend_slow': 56, 'en_macd': True, 'macd_fast': 57, 'macd_slow': 58, 'macd_signal': 34, 'en_vwap': True, 'en_keltner': False, 'keltner_n': 68, 'keltner_m': 1.2000000000000002, 'en_obv': True, 'obv_slope': 120, 'en_cci': True, 'cci_n': 40, 'cci_threshold': 85, 'en_rsi': False, 'rsi_n': 34, 'rsi_lower': 36, 'rsi_upper': 64, 'en_stochastic': False, 'stochastic_n': 93, 'stochastic_d': 6, 'stochastic_lower': 10, 'stochastic_upper': 73, 'en_mfi': False, 'mfi_n': 67, 'mfi_lower': 17, 'mfi_upper': 51, 'en_bollinger': False, 'bollinger_n': 40, 'bollinger_k': 4.2, 'en_adx': True, 'adx_n': 28, 'adx_threshold': 7, 'en_structure_trend': False, 'structure_trend_swing_l': 1, 'en_order_block': False, 'order_block_swing_l': 8, 'en_fvg': True, 'fvg_lookback': 13, 'en_ifvg': False, 'en_breaker': False, 'breaker_swing_l': 14, 'en_cisd': True, 'k': 2, 'en_cap_bars': True, 'cap_1min': 803}.
[I 2026-07-13 16:51:41,964] Trial 121 pruned. 
[I 2026-07-13 16:51:50,049] Trial 122 finished with values: [-506.3784585863573, -666.7504459424208, 13.4] and parameters: {'sl_soft': 0.700218284426531, 'sl_hard_delta': 2.334790634421914, 'tp': 3.5074397471209053, 'gate_pct': 42.37120833684469, 'dd_limit': 504.12940677292096, 'cooldown': 12, 'flip': False, 'en_ema_trend': False, 'ema_trend_fast': 196, 'ema_trend_slow': 8, 'en_sma_trend': True, 'sma_trend_fast': 271, 'sma_trend_slow': 242, 'en_macd': False, 'macd_fast': 69, 'macd_slow': 154, 'macd_signal': 12, 'en_vwap': True, 'en_keltner': True, 'keltner_n': 3, 'keltner_m': 3.3000000000000003, 'en_obv': True, 'obv_slope': 188, 'en_cci': False, 'cci_n': 156, 'cci_threshold': 300, 'en_rsi': False, 'rsi_n': 52, 'rsi_lower': 18, 'rsi_upper': 59, 'en_stochastic': False, 'stochastic_n': 66, 'stochastic_d': 9, 'stochastic_lower': 40, 'stochastic_upper': 63, 'en_mfi': False, 'mfi_n': 72, 'mfi_lower': 13, 'mfi_upper': 75, 'en_bollinger': False, 'bollinger_n': 96, 'bollinger_k': 4.6000000000000005, 'en_adx': True, 'adx_n': 56, 'adx_threshold': 7, 'en_structure_trend': False, 'structure_trend_swing_l': 15, 'en_order_block': True, 'order_block_swing_l': 18, 'en_fvg': True, 'fvg_lookback': 25, 'en_ifvg': True, 'en_breaker': True, 'breaker_swing_l': 14, 'en_cisd': True, 'k': 2, 'en_cap_bars': True, 'cap_1min': 652}.
[I 2026-07-13 16:51:51,266] Trial 123 pruned. 
[I 2026-07-13 16:51:52,773] Trial 124 pruned. 
[I 2026-07-13 16:52:02,506] Trial 125 finished with values: [-454.0219293043833, -752.4007483360606, 47.2] and parameters: {'sl_soft': 3.1226459153404758, 'sl_hard_delta': 0.21961868560533465, 'tp': 1.7027863194764645, 'gate_pct': 80.28577378768065, 'dd_limit': 464.4008537020936, 'cooldown': 7, 'flip': False, 'en_ema_trend': False, 'ema_trend_fast': 101, 'ema_trend_slow': 238, 'en_sma_trend': True, 'sma_trend_fast': 188, 'sma_trend_slow': 55, 'en_macd': True, 'macd_fast': 6, 'macd_slow': 125, 'macd_signal': 4, 'en_vwap': True, 'en_keltner': True, 'keltner_n': 154, 'keltner_m': 4.300000000000001, 'en_obv': True, 'obv_slope': 116, 'en_cci': False, 'cci_n': 91, 'cci_threshold': 155, 'en_rsi': False, 'rsi_n': 95, 'rsi_lower': 15, 'rsi_upper': 63, 'en_stochastic': True, 'stochastic_n': 55, 'stochastic_d': 50, 'stochastic_lower': 11, 'stochastic_upper': 77, 'en_mfi': False, 'mfi_n': 84, 'mfi_lower': 12, 'mfi_upper': 54, 'en_bollinger': False, 'bollinger_n': 161, 'bollinger_k': 3.4000000000000004, 'en_adx': False, 'adx_n': 31, 'adx_threshold': 57, 'en_structure_trend': True, 'structure_trend_swing_l': 17, 'en_order_block': True, 'order_block_swing_l': 14, 'en_fvg': True, 'fvg_lookback': 48, 'en_ifvg': True, 'en_breaker': True, 'breaker_swing_l': 20, 'en_cisd': False, 'k': 2, 'en_cap_bars': False, 'cap_1min': 469}.
[I 2026-07-13 16:52:03,591] Trial 126 pruned. 
[I 2026-07-13 16:52:05,670] Trial 127 pruned. 
[I 2026-07-13 16:52:06,707] Trial 128 pruned. 
[I 2026-07-13 16:52:11,829] Trial 129 finished with values: [-1609.4643915597885, -3871.1068441620455, 38.1] and parameters: {'sl_soft': 3.4606051171743077, 'sl_hard_delta': 3.6579540825220387, 'tp': 6.124379873606083, 'gate_pct': 99.4309621818079, 'dd_limit': 10.587974375936389, 'cooldown': 3, 'flip': False, 'en_ema_trend': True, 'ema_trend_fast': 279, 'ema_trend_slow': 279, 'en_sma_trend': False, 'sma_trend_fast': 108, 'sma_trend_slow': 306, 'en_macd': False, 'macd_fast': 59, 'macd_slow': 126, 'macd_signal': 39, 'en_vwap': False, 'en_keltner': True, 'keltner_n': 186, 'keltner_m': 1.2000000000000002, 'en_obv': False, 'obv_slope': 119, 'en_cci': False, 'cci_n': 160, 'cci_threshold': 30, 'en_rsi': True, 'rsi_n': 77, 'rsi_lower': 43, 'rsi_upper': 85, 'en_stochastic': False, 'stochastic_n': 88, 'stochastic_d': 41, 'stochastic_lower': 2, 'stochastic_upper': 91, 'en_mfi': True, 'mfi_n': 54, 'mfi_lower': 38, 'mfi_upper': 72, 'en_bollinger': True, 'bollinger_n': 138, 'bollinger_k': 4.1, 'en_adx': False, 'adx_n': 46, 'adx_threshold': 28, 'en_structure_trend': True, 'structure_trend_swing_l': 6, 'en_order_block': False, 'order_block_swing_l': 9, 'en_fvg': True, 'fvg_lookback': 3, 'en_ifvg': False, 'en_breaker': True, 'breaker_swing_l': 20, 'en_cisd': False, 'k': 4, 'en_cap_bars': False, 'cap_1min': 311}.
[I 2026-07-13 16:52:16,022] Trial 130 pruned. 
[I 2026-07-13 16:52:17,420] Trial 131 pruned. 
[I 2026-07-13 16:52:19,080] Trial 132 pruned. 
[I 2026-07-13 16:52:20,641] Trial 133 pruned. 
[I 2026-07-13 16:52:25,413] Trial 134 finished with values: [280.5156252568054, -533.2473957905449, 65.3] and parameters: {'sl_soft': 3.517671547567439, 'sl_hard_delta': 4.900862434348675, 'tp': 3.035052084189462, 'gate_pct': 74.50813821223942, 'dd_limit': 434.8338936907749, 'cooldown': 13, 'flip': True, 'en_ema_trend': False, 'ema_trend_fast': 55, 'ema_trend_slow': 291, 'en_sma_trend': True, 'sma_trend_fast': 142, 'sma_trend_slow': 384, 'en_macd': True, 'macd_fast': 56, 'macd_slow': 79, 'macd_signal': 86, 'en_vwap': True, 'en_keltner': False, 'keltner_n': 171, 'keltner_m': 1.7000000000000002, 'en_obv': False, 'obv_slope': 52, 'en_cci': True, 'cci_n': 132, 'cci_threshold': 25, 'en_rsi': True, 'rsi_n': 29, 'rsi_lower': 46, 'rsi_upper': 91, 'en_stochastic': False, 'stochastic_n': 8, 'stochastic_d': 7, 'stochastic_lower': 36, 'stochastic_upper': 88, 'en_mfi': True, 'mfi_n': 26, 'mfi_lower': 40, 'mfi_upper': 61, 'en_bollinger': True, 'bollinger_n': 198, 'bollinger_k': 2.6, 'en_adx': False, 'adx_n': 47, 'adx_threshold': 31, 'en_structure_trend': True, 'structure_trend_swing_l': 19, 'en_order_block': False, 'order_block_swing_l': 11, 'en_fvg': False, 'fvg_lookback': 24, 'en_ifvg': True, 'en_breaker': False, 'breaker_swing_l': 19, 'en_cisd': True, 'k': 3, 'en_cap_bars': True, 'cap_1min': 1002}.
[I 2026-07-13 16:52:26,751] Trial 135 pruned. 
