[I 2026-07-13 17:24:06,992] Trial 1568 finished with values: [6691.186385233355, -6411.562827872513, 51.349999999999994] and parameters: {'sl_soft': 13.106247429258882, 'sl_hard_delta': 20.294948622898286, 'tp': 21.8337486885096, 'gate_pct': 90.0783114706916, 'dd_limit': 28.9935892757227, 'cooldown': 1, 'flip': False, 'en_ema_trend': True, 'ema_trend_fast': 250, 'ema_trend_slow': 99, 'en_sma_trend': True, 'sma_trend_fast': 331, 'sma_trend_slow': 321, 'en_macd': True, 'macd_fast': 56, 'macd_slow': 105, 'macd_signal': 59, 'en_vwap': True, 'en_keltner': False, 'keltner_n': 17, 'keltner_m': 1.7000000000000002, 'en_obv': True, 'obv_slope': 18, 'en_cci': True, 'cci_n': 188, 'cci_threshold': 290, 'en_rsi': False, 'rsi_n': 35, 'rsi_lower': 15, 'rsi_upper': 71, 'en_stochastic': False, 'stochastic_n': 27, 'stochastic_d': 19, 'stochastic_lower': 43, 'stochastic_upper': 97, 'en_mfi': True, 'mfi_n': 65, 'mfi_lower': 23, 'mfi_upper': 74, 'en_bollinger': True, 'bollinger_n': 184, 'bollinger_k': 3.2, 'en_adx': False, 'adx_n': 88, 'adx_threshold': 12, 'en_structure_trend': False, 'structure_trend_swing_l': 19, 'en_order_block': False, 'order_block_swing_l': 17, 'en_fvg': False, 'fvg_lookback': 31, 'en_ifvg': False, 'en_breaker': False, 'breaker_swing_l': 5, 'en_cisd': True, 'k': 3, 'en_cap_bars': False, 'cap_1min': 1332}.
[I 2026-07-13 17:24:07,308] Trial 1569 finished with values: [4790.239764047806, -1779.9999999999955, 58.95] and parameters: {'sl_soft': 7.863750810090712, 'sl_hard_delta': 16.490247779034476, 'tp': 20.630905943402496, 'gate_pct': 90.0783114706916, 'dd_limit': 28.9935892757227, 'cooldown': 0, 'flip': False, 'en_ema_trend': True, 'ema_trend_fast': 77, 'ema_trend_slow': 196, 'en_sma_trend': True, 'sma_trend_fast': 95, 'sma_trend_slow': 321, 'en_macd': True, 'macd_fast': 49, 'macd_slow': 150, 'macd_signal': 65, 'en_vwap': True, 'en_keltner': False, 'keltner_n': 185, 'keltner_m': 1.7000000000000002, 'en_obv': True, 'obv_slope': 47, 'en_cci': False, 'cci_n': 2, 'cci_threshold': 110, 'en_rsi': False, 'rsi_n': 39, 'rsi_lower': 39, 'rsi_upper': 95, 'en_stochastic': True, 'stochastic_n': 3, 'stochastic_d': 31, 'stochastic_lower': 43, 'stochastic_upper': 97, 'en_mfi': True, 'mfi_n': 100, 'mfi_lower': 23, 'mfi_upper': 90, 'en_bollinger': True, 'bollinger_n': 35, 'bollinger_k': 0.6, 'en_adx': False, 'adx_n': 88, 'adx_threshold': 27, 'en_structure_trend': False, 'structure_trend_swing_l': 15, 'en_order_block': False, 'order_block_swing_l': 17, 'en_fvg': False, 'fvg_lookback': 31, 'en_ifvg': False, 'en_breaker': False, 'breaker_swing_l': 5, 'en_cisd': True, 'k': 2, 'en_cap_bars': False, 'cap_1min': 583}.
[I 2026-07-13 17:24:08,575] Trial 1570 finished with values: [2669.63589151041, -3069.9999999999704, 48.6] and parameters: {'sl_soft': 7.863750810090712, 'sl_hard_delta': 20.294948622898286, 'tp': 20.630905943402496, 'gate_pct': 70.9400490465145, 'dd_limit': 162.39650823726745, 'cooldown': 0, 'flip': False, 'en_ema_trend': False, 'ema_trend_fast': 177, 'ema_trend_slow': 301, 'en_sma_trend': False, 'sma_trend_fast': 331, 'sma_trend_slow': 228, 'en_macd': True, 'macd_fast': 73, 'macd_slow': 105, 'macd_signal': 13, 'en_vwap': True, 'en_keltner': False, 'keltner_n': 83, 'keltner_m': 3.9000000000000004, 'en_obv': True, 'obv_slope': 30, 'en_cci': False, 'cci_n': 136, 'cci_threshold': 205, 'en_rsi': True, 'rsi_n': 35, 'rsi_lower': 43, 'rsi_upper': 62, 'en_stochastic': False, 'stochastic_n': 53, 'stochastic_d': 43, 'stochastic_lower': 32, 'stochastic_upper': 97, 'en_mfi': True, 'mfi_n': 94, 'mfi_lower': 28, 'mfi_upper': 90, 'en_bollinger': True, 'bollinger_n': 151, 'bollinger_k': 3.9000000000000004, 'en_adx': False, 'adx_n': 90, 'adx_threshold': 27, 'en_structure_trend': False, 'structure_trend_swing_l': 19, 'en_order_block': False, 'order_block_swing_l': 19, 'en_fvg': False, 'fvg_lookback': 43, 'en_ifvg': False, 'en_breaker': False, 'breaker_swing_l': 1, 'en_cisd': False, 'k': 3, 'en_cap_bars': True, 'cap_1min': 412}.
[I 2026-07-13 17:24:09,156] Trial 1571 finished with values: [8649.26621178022, -7997.273514149379, 54.65] and parameters: {'sl_soft': 13.106247429258882, 'sl_hard_delta': 16.490247779034476, 'tp': 20.630905943402496, 'gate_pct': 90.0783114706916, 'dd_limit': 28.9935892757227, 'cooldown': 0, 'flip': False, 'en_ema_trend': True, 'ema_trend_fast': 250, 'ema_trend_slow': 99, 'en_sma_trend': False, 'sma_trend_fast': 95, 'sma_trend_slow': 321, 'en_macd': False, 'macd_fast': 40, 'macd_slow': 77, 'macd_signal': 84, 'en_vwap': True, 'en_keltner': False, 'keltner_n': 17, 'keltner_m': 3.9000000000000004, 'en_obv': True, 'obv_slope': 30, 'en_cci': True, 'cci_n': 87, 'cci_threshold': 195, 'en_rsi': True, 'rsi_n': 39, 'rsi_lower': 13, 'rsi_upper': 60, 'en_stochastic': False, 'stochastic_n': 19, 'stochastic_d': 31, 'stochastic_lower': 13, 'stochastic_upper': 97, 'en_mfi': True, 'mfi_n': 100, 'mfi_lower': 23, 'mfi_upper': 96, 'en_bollinger': False, 'bollinger_n': 184, 'bollinger_k': 0.6, 'en_adx': False, 'adx_n': 88, 'adx_threshold': 27, 'en_structure_trend': False, 'structure_trend_swing_l': 19, 'en_order_block': False, 'order_block_swing_l': 3, 'en_fvg': False, 'fvg_lookback': 31, 'en_ifvg': False, 'en_breaker': False, 'breaker_swing_l': 5, 'en_cisd': True, 'k': 2, 'en_cap_bars': False, 'cap_1min': 583}.
[I 2026-07-13 17:24:09,468] Trial 1572 finished with values: [4379.677215811114, -1719.999999999959, 46.45] and parameters: {'sl_soft': 7.863750810090712, 'sl_hard_delta': 2.3271816191076544, 'tp': 20.630905943402496, 'gate_pct': 68.22768503522947, 'dd_limit': 28.9935892757227, 'cooldown': 0, 'flip': False, 'en_ema_trend': True, 'ema_trend_fast': 77, 'ema_trend_slow': 196, 'en_sma_trend': False, 'sma_trend_fast': 95, 'sma_trend_slow': 321, 'en_macd': True, 'macd_fast': 49, 'macd_slow': 150, 'macd_signal': 65, 'en_vwap': False, 'en_keltner': False, 'keltner_n': 185, 'keltner_m': 1.7000000000000002, 'en_obv': True, 'obv_slope': 47, 'en_cci': True, 'cci_n': 2, 'cci_threshold': 60, 'en_rsi': False, 'rsi_n': 35, 'rsi_lower': 39, 'rsi_upper': 95, 'en_stochastic': False, 'stochastic_n': 27, 'stochastic_d': 43, 'stochastic_lower': 12, 'stochastic_upper': 97, 'en_mfi': True, 'mfi_n': 65, 'mfi_lower': 23, 'mfi_upper': 77, 'en_bollinger': True, 'bollinger_n': 35, 'bollinger_k': 4.0, 'en_adx': False, 'adx_n': 88, 'adx_threshold': 27, 'en_structure_trend': False, 'structure_trend_swing_l': 7, 'en_order_block': False, 'order_block_swing_l': 17, 'en_fvg': False, 'fvg_lookback': 31, 'en_ifvg': False, 'en_breaker': False, 'breaker_swing_l': 11, 'en_cisd': True, 'k': 3, 'en_cap_bars': False, 'cap_1min': 412}.
[I 2026-07-13 17:24:09,753] Trial 1573 finished with values: [12200.467274573424, -4718.312565574547, 46.150000000000006] and parameters: {'sl_soft': 7.863750810090712, 'sl_hard_delta': 16.490247779034476, 'tp': 21.8337486885096, 'gate_pct': 90.0783114706916, 'dd_limit': 28.9935892757227, 'cooldown': 0, 'flip': False, 'en_ema_trend': True, 'ema_trend_fast': 177, 'ema_trend_slow': 301, 'en_sma_trend': False, 'sma_trend_fast': 95, 'sma_trend_slow': 321, 'en_macd': True, 'macd_fast': 98, 'macd_slow': 150, 'macd_signal': 13, 'en_vwap': True, 'en_keltner': False, 'keltner_n': 35, 'keltner_m': 3.9000000000000004, 'en_obv': True, 'obv_slope': 60, 'en_cci': False, 'cci_n': 136, 'cci_threshold': 265, 'en_rsi': False, 'rsi_n': 39, 'rsi_lower': 13, 'rsi_upper': 71, 'en_stochastic': False, 'stochastic_n': 27, 'stochastic_d': 31, 'stochastic_lower': 43, 'stochastic_upper': 98, 'en_mfi': True, 'mfi_n': 100, 'mfi_lower': 28, 'mfi_upper': 90, 'en_bollinger': False, 'bollinger_n': 184, 'bollinger_k': 0.6, 'en_adx': False, 'adx_n': 88, 'adx_threshold': 12, 'en_structure_trend': False, 'structure_trend_swing_l': 19, 'en_order_block': False, 'order_block_swing_l': 17, 'en_fvg': False, 'fvg_lookback': 31, 'en_ifvg': False, 'en_breaker': False, 'breaker_swing_l': 5, 'en_cisd': True, 'k': 2, 'en_cap_bars': False, 'cap_1min': 583}.
[I 2026-07-13 17:24:09,966] Trial 1574 finished with values: [5295.270917456412, -4239.999999999986, 56.349999999999994] and parameters: {'sl_soft': 13.106247429258882, 'sl_hard_delta': 20.294948622898286, 'tp': 20.630905943402496, 'gate_pct': 90.0783114706916, 'dd_limit': 28.9935892757227, 'cooldown': 0, 'flip': False, 'en_ema_trend': True, 'ema_trend_fast': 177, 'ema_trend_slow': 381, 'en_sma_trend': False, 'sma_trend_fast': 95, 'sma_trend_slow': 229, 'en_macd': False, 'macd_fast': 40, 'macd_slow': 150, 'macd_signal': 13, 'en_vwap': True, 'en_keltner': False, 'keltner_n': 35, 'keltner_m': 3.9000000000000004, 'en_obv': True, 'obv_slope': 47, 'en_cci': False, 'cci_n': 87, 'cci_threshold': 195, 'en_rsi': True, 'rsi_n': 35, 'rsi_lower': 15, 'rsi_upper': 95, 'en_stochastic': True, 'stochastic_n': 19, 'stochastic_d': 31, 'stochastic_lower': 13, 'stochastic_upper': 97, 'en_mfi': True, 'mfi_n': 100, 'mfi_lower': 25, 'mfi_upper': 59, 'en_bollinger': False, 'bollinger_n': 184, 'bollinger_k': 0.6, 'en_adx': False, 'adx_n': 88, 'adx_threshold': 27, 'en_structure_trend': False, 'structure_trend_swing_l': 19, 'en_order_block': False, 'order_block_swing_l': 3, 'en_fvg': False, 'fvg_lookback': 31, 'en_ifvg': False, 'en_breaker': False, 'breaker_swing_l': 5, 'en_cisd': True, 'k': 3, 'en_cap_bars': False, 'cap_1min': 522}.
[I 2026-07-13 17:24:10,113] Trial 1575 pruned. 
[I 2026-07-13 17:24:10,381] Trial 1576 finished with values: [10187.061254084301, -4248.312565574474, 55.599999999999994] and parameters: {'sl_soft': 13.106247429258882, 'sl_hard_delta': 16.490247779034476, 'tp': 21.8337486885096, 'gate_pct': 90.0783114706916, 'dd_limit': 162.39650823726745, 'cooldown': 0, 'flip': False, 'en_ema_trend': True, 'ema_trend_fast': 177, 'ema_trend_slow': 301, 'en_sma_trend': False, 'sma_trend_fast': 95, 'sma_trend_slow': 229, 'en_macd': True, 'macd_fast': 98, 'macd_slow': 150, 'macd_signal': 84, 'en_vwap': True, 'en_keltner': False, 'keltner_n': 17, 'keltner_m': 3.9000000000000004, 'en_obv': True, 'obv_slope': 30, 'en_cci': False, 'cci_n': 87, 'cci_threshold': 195, 'en_rsi': False, 'rsi_n': 39, 'rsi_lower': 13, 'rsi_upper': 71, 'en_stochastic': True, 'stochastic_n': 3, 'stochastic_d': 31, 'stochastic_lower': 47, 'stochastic_upper': 97, 'en_mfi': True, 'mfi_n': 100, 'mfi_lower': 23, 'mfi_upper': 90, 'en_bollinger': False, 'bollinger_n': 78, 'bollinger_k': 0.6, 'en_adx': False, 'adx_n': 88, 'adx_threshold': 12, 'en_structure_trend': False, 'structure_trend_swing_l': 19, 'en_order_block': False, 'order_block_swing_l': 17, 'en_fvg': False, 'fvg_lookback': 31, 'en_ifvg': False, 'en_breaker': False, 'breaker_swing_l': 5, 'en_cisd': False, 'k': 2, 'en_cap_bars': False, 'cap_1min': 583}.
[I 2026-07-13 17:24:10,575] Trial 1577 finished with values: [12246.648690683593, -5181.909405659735, 58.599999999999994] and parameters: {'sl_soft': 13.106247429258882, 'sl_hard_delta': 20.294948622898286, 'tp': 20.630905943402496, 'gate_pct': 90.0783114706916, 'dd_limit': 28.9935892757227, 'cooldown': 1, 'flip': False, 'en_ema_trend': True, 'ema_trend_fast': 177, 'ema_trend_slow': 301, 'en_sma_trend': False, 'sma_trend_fast': 177, 'sma_trend_slow': 228, 'en_macd': True, 'macd_fast': 98, 'macd_slow': 149, 'macd_signal': 13, 'en_vwap': True, 'en_keltner': False, 'keltner_n': 17, 'keltner_m': 3.9000000000000004, 'en_obv': True, 'obv_slope': 30, 'en_cci': False, 'cci_n': 87, 'cci_threshold': 195, 'en_rsi': False, 'rsi_n': 52, 'rsi_lower': 15, 'rsi_upper': 95, 'en_stochastic': False, 'stochastic_n': 27, 'stochastic_d': 31, 'stochastic_lower': 43, 'stochastic_upper': 97, 'en_mfi': True, 'mfi_n': 100, 'mfi_lower': 23, 'mfi_upper': 59, 'en_bollinger': False, 'bollinger_n': 20, 'bollinger_k': 0.6, 'en_adx': False, 'adx_n': 88, 'adx_threshold': 12, 'en_structure_trend': False, 'structure_trend_swing_l': 19, 'en_order_block': False, 'order_block_swing_l': 17, 'en_fvg': False, 'fvg_lookback': 31, 'en_ifvg': False, 'en_breaker': False, 'breaker_swing_l': 18, 'en_cisd': True, 'k': 2, 'en_cap_bars': False, 'cap_1min': 522}.
[I 2026-07-13 17:24:10,857] Trial 1578 finished with values: [8961.124081956872, -7909.9376967235, 56.0] and parameters: {'sl_soft': 13.322824841198319, 'sl_hard_delta': 16.490247779034476, 'tp': 21.8337486885096, 'gate_pct': 90.0783114706916, 'dd_limit': 28.9935892757227, 'cooldown': 2, 'flip': False, 'en_ema_trend': True, 'ema_trend_fast': 177, 'ema_trend_slow': 301, 'en_sma_trend': True, 'sma_trend_fast': 95, 'sma_trend_slow': 321, 'en_macd': False, 'macd_fast': 98, 'macd_slow': 150, 'macd_signal': 84, 'en_vwap': True, 'en_keltner': True, 'keltner_n': 17, 'keltner_m': 4.5, 'en_obv': True, 'obv_slope': 54, 'en_cci': True, 'cci_n': 88, 'cci_threshold': 290, 'en_rsi': True, 'rsi_n': 67, 'rsi_lower': 15, 'rsi_upper': 60, 'en_stochastic': False, 'stochastic_n': 3, 'stochastic_d': 37, 'stochastic_lower': 43, 'stochastic_upper': 83, 'en_mfi': True, 'mfi_n': 100, 'mfi_lower': 23, 'mfi_upper': 90, 'en_bollinger': False, 'bollinger_n': 78, 'bollinger_k': 0.6, 'en_adx': False, 'adx_n': 88, 'adx_threshold': 37, 'en_structure_trend': False, 'structure_trend_swing_l': 19, 'en_order_block': False, 'order_block_swing_l': 3, 'en_fvg': False, 'fvg_lookback': 31, 'en_ifvg': False, 'en_breaker': False, 'breaker_swing_l': 5, 'en_cisd': True, 'k': 3, 'en_cap_bars': False, 'cap_1min': 583}.
[I 2026-07-13 17:24:11,058] Trial 1579 finished with values: [6382.5444316057765, -3248.4547028298493, 69.7] and parameters: {'sl_soft': 13.106247429258882, 'sl_hard_delta': 16.490247779034476, 'tp': 20.630905943402496, 'gate_pct': 90.0783114706916, 'dd_limit': 28.9935892757227, 'cooldown': 0, 'flip': False, 'en_ema_trend': True, 'ema_trend_fast': 177, 'ema_trend_slow': 196, 'en_sma_trend': False, 'sma_trend_fast': 95, 'sma_trend_slow': 321, 'en_macd': False, 'macd_fast': 49, 'macd_slow': 150, 'macd_signal': 13, 'en_vwap': True, 'en_keltner': False, 'keltner_n': 35, 'keltner_m': 3.9000000000000004, 'en_obv': True, 'obv_slope': 30, 'en_cci': False, 'cci_n': 87, 'cci_threshold': 105, 'en_rsi': False, 'rsi_n': 67, 'rsi_lower': 15, 'rsi_upper': 71, 'en_stochastic': True, 'stochastic_n': 27, 'stochastic_d': 31, 'stochastic_lower': 43, 'stochastic_upper': 97, 'en_mfi': True, 'mfi_n': 100, 'mfi_lower': 23, 'mfi_upper': 58, 'en_bollinger': False, 'bollinger_n': 78, 'bollinger_k': 0.6, 'en_adx': False, 'adx_n': 88, 'adx_threshold': 55, 'en_structure_trend': False, 'structure_trend_swing_l': 15, 'en_order_block': False, 'order_block_swing_l': 17, 'en_fvg': False, 'fvg_lookback': 31, 'en_ifvg': False, 'en_breaker': False, 'breaker_swing_l': 5, 'en_cisd': True, 'k': 3, 'en_cap_bars': False, 'cap_1min': 583}.
[I 2026-07-13 17:24:11,346] Trial 1580 finished with values: [7621.816214626551, -2954.999999999998, 52.099999999999994] and parameters: {'sl_soft': 7.863750810090712, 'sl_hard_delta': 16.490247779034476, 'tp': 20.630905943402496, 'gate_pct': 86.86001597008706, 'dd_limit': 28.9935892757227, 'cooldown': 0, 'flip': False, 'en_ema_trend': True, 'ema_trend_fast': 177, 'ema_trend_slow': 301, 'en_sma_trend': True, 'sma_trend_fast': 95, 'sma_trend_slow': 229, 'en_macd': False, 'macd_fast': 100, 'macd_slow': 150, 'macd_signal': 13, 'en_vwap': True, 'en_keltner': False, 'keltner_n': 17, 'keltner_m': 3.9000000000000004, 'en_obv': True, 'obv_slope': 54, 'en_cci': False, 'cci_n': 87, 'cci_threshold': 160, 'en_rsi': False, 'rsi_n': 35, 'rsi_lower': 13, 'rsi_upper': 60, 'en_stochastic': True, 'stochastic_n': 3, 'stochastic_d': 31, 'stochastic_lower': 43, 'stochastic_upper': 97, 'en_mfi': True, 'mfi_n': 100, 'mfi_lower': 28, 'mfi_upper': 90, 'en_bollinger': False, 'bollinger_n': 14, 'bollinger_k': 0.6, 'en_adx': False, 'adx_n': 88, 'adx_threshold': 12, 'en_structure_trend': False, 'structure_trend_swing_l': 15, 'en_order_block': False, 'order_block_swing_l': 3, 'en_fvg': False, 'fvg_lookback': 31, 'en_ifvg': False, 'en_breaker': False, 'breaker_swing_l': 5, 'en_cisd': True, 'k': 3, 'en_cap_bars': False, 'cap_1min': 583}.
[I 2026-07-13 17:24:11,649] Trial 1581 finished with values: [6823.422790720622, -4944.937696723514, 57.8] and parameters: {'sl_soft': 15.419049935944098, 'sl_hard_delta': 16.490247779034476, 'tp': 21.8337486885096, 'gate_pct': 90.0783114706916, 'dd_limit': 28.9935892757227, 'cooldown': 0, 'flip': False, 'en_ema_trend': True, 'ema_trend_fast': 177, 'ema_trend_slow': 381, 'en_sma_trend': True, 'sma_trend_fast': 95, 'sma_trend_slow': 321, 'en_macd': False, 'macd_fast': 98, 'macd_slow': 150, 'macd_signal': 84, 'en_vwap': True, 'en_keltner': False, 'keltner_n': 17, 'keltner_m': 3.9000000000000004, 'en_obv': True, 'obv_slope': 54, 'en_cci': True, 'cci_n': 88, 'cci_threshold': 195, 'en_rsi': False, 'rsi_n': 67, 'rsi_lower': 15, 'rsi_upper': 95, 'en_stochastic': True, 'stochastic_n': 3, 'stochastic_d': 31, 'stochastic_lower': 43, 'stochastic_upper': 83, 'en_mfi': True, 'mfi_n': 100, 'mfi_lower': 23, 'mfi_upper': 90, 'en_bollinger': False, 'bollinger_n': 78, 'bollinger_k': 0.6, 'en_adx': False, 'adx_n': 88, 'adx_threshold': 37, 'en_structure_trend': False, 'structure_trend_swing_l': 19, 'en_order_block': False, 'order_block_swing_l': 3, 'en_fvg': False, 'fvg_lookback': 31, 'en_ifvg': False, 'en_breaker': False, 'breaker_swing_l': 5, 'en_cisd': True, 'k': 2, 'en_cap_bars': True, 'cap_1min': 1332}.
[I 2026-07-13 17:24:16,707] Trial 1582 finished with values: [4079.3696027556393, -5458.326922829497, 48.849999999999994] and parameters: {'sl_soft': 13.106247429258882, 'sl_hard_delta': 2.3271816191076544, 'tp': 21.8337486885096, 'gate_pct': 90.0783114706916, 'dd_limit': 162.39650823726745, 'cooldown': 0, 'flip': False, 'en_ema_trend': True, 'ema_trend_fast': 77, 'ema_trend_slow': 301, 'en_sma_trend': True, 'sma_trend_fast': 95, 'sma_trend_slow': 229, 'en_macd': True, 'macd_fast': 100, 'macd_slow': 150, 'macd_signal': 65, 'en_vwap': False, 'en_keltner': False, 'keltner_n': 185, 'keltner_m': 1.7000000000000002, 'en_obv': True, 'obv_slope': 47, 'en_cci': False, 'cci_n': 2, 'cci_threshold': 195, 'en_rsi': False, 'rsi_n': 35, 'rsi_lower': 42, 'rsi_upper': 71, 'en_stochastic': True, 'stochastic_n': 27, 'stochastic_d': 31, 'stochastic_lower': 43, 'stochastic_upper': 98, 'en_mfi': True, 'mfi_n': 65, 'mfi_lower': 23, 'mfi_upper': 90, 'en_bollinger': True, 'bollinger_n': 35, 'bollinger_k': 3.2, 'en_adx': False, 'adx_n': 88, 'adx_threshold': 12, 'en_structure_trend': False, 'structure_trend_swing_l': 7, 'en_order_block': False, 'order_block_swing_l': 17, 'en_fvg': False, 'fvg_lookback': 31, 'en_ifvg': False, 'en_breaker': False, 'breaker_swing_l': 5, 'en_cisd': True, 'k': 3, 'en_cap_bars': False, 'cap_1min': 583}.
[I 2026-07-13 17:24:17,771] Trial 1583 finished with values: [14088.117197642612, -7084.875393447032, 57.150000000000006] and parameters: {'sl_soft': 13.106247429258882, 'sl_hard_delta': 16.490247779034476, 'tp': 21.8337486885096, 'gate_pct': 90.0783114706916, 'dd_limit': 28.9935892757227, 'cooldown': 0, 'flip': False, 'en_ema_trend': True, 'ema_trend_fast': 177, 'ema_trend_slow': 99, 'en_sma_trend': False, 'sma_trend_fast': 95, 'sma_trend_slow': 321, 'en_macd': False, 'macd_fast': 98, 'macd_slow': 47, 'macd_signal': 84, 'en_vwap': True, 'en_keltner': False, 'keltner_n': 17, 'keltner_m': 1.3, 'en_obv': True, 'obv_slope': 30, 'en_cci': False, 'cci_n': 2, 'cci_threshold': 195, 'en_rsi': True, 'rsi_n': 67, 'rsi_lower': 15, 'rsi_upper': 99, 'en_stochastic': False, 'stochastic_n': 3, 'stochastic_d': 31, 'stochastic_lower': 13, 'stochastic_upper': 97, 'en_mfi': True, 'mfi_n': 84, 'mfi_lower': 23, 'mfi_upper': 90, 'en_bollinger': False, 'bollinger_n': 184, 'bollinger_k': 2.3, 'en_adx': False, 'adx_n': 88, 'adx_threshold': 12, 'en_structure_trend': False, 'structure_trend_swing_l': 19, 'en_order_block': False, 'order_block_swing_l': 19, 'en_fvg': False, 'fvg_lookback': 31, 'en_ifvg': False, 'en_breaker': False, 'breaker_swing_l': 5, 'en_cisd': True, 'k': 3, 'en_cap_bars': False, 'cap_1min': 1332}.
[I 2026-07-13 17:24:17,996] Trial 1584 finished with values: [10187.061254084301, -4248.312565574474, 55.599999999999994] and parameters: {'sl_soft': 13.106247429258882, 'sl_hard_delta': 16.490247779034476, 'tp': 21.8337486885096, 'gate_pct': 90.0783114706916, 'dd_limit': 162.39650823726745, 'cooldown': 0, 'flip': False, 'en_ema_trend': False, 'ema_trend_fast': 177, 'ema_trend_slow': 129, 'en_sma_trend': False, 'sma_trend_fast': 95, 'sma_trend_slow': 321, 'en_macd': True, 'macd_fast': 100, 'macd_slow': 150, 'macd_signal': 84, 'en_vwap': True, 'en_keltner': False, 'keltner_n': 17, 'keltner_m': 3.6, 'en_obv': True, 'obv_slope': 30, 'en_cci': False, 'cci_n': 87, 'cci_threshold': 195, 'en_rsi': False, 'rsi_n': 39, 'rsi_lower': 13, 'rsi_upper': 95, 'en_stochastic': True, 'stochastic_n': 3, 'stochastic_d': 31, 'stochastic_lower': 47, 'stochastic_upper': 97, 'en_mfi': True, 'mfi_n': 100, 'mfi_lower': 23, 'mfi_upper': 90, 'en_bollinger': False, 'bollinger_n': 184, 'bollinger_k': 0.6, 'en_adx': False, 'adx_n': 53, 'adx_threshold': 12, 'en_structure_trend': False, 'structure_trend_swing_l': 15, 'en_order_block': False, 'order_block_swing_l': 17, 'en_fvg': False, 'fvg_lookback': 21, 'en_ifvg': False, 'en_breaker': False, 'breaker_swing_l': 5, 'en_cisd': False, 'k': 2, 'en_cap_bars': False, 'cap_1min': 583}.
