[I 2026-07-13 17:28:36,390] Trial 1946 finished with values: [3919.3431926166513, -2750.0000000000227, 33.75] and parameters: {'sl_soft': 3.984281183725254, 'sl_hard_delta': 17.282590469325996, 'tp': 21.8337486885096, 'gate_pct': 68.22768503522947, 'dd_limit': 28.9935892757227, 'cooldown': 0, 'flip': False, 'en_ema_trend': True, 'ema_trend_fast': 177, 'ema_trend_slow': 301, 'en_sma_trend': False, 'sma_trend_fast': 331, 'sma_trend_slow': 228, 'en_macd': True, 'macd_fast': 49, 'macd_slow': 105, 'macd_signal': 65, 'en_vwap': True, 'en_keltner': False, 'keltner_n': 34, 'keltner_m': 3.9000000000000004, 'en_obv': True, 'obv_slope': 30, 'en_cci': False, 'cci_n': 2, 'cci_threshold': 205, 'en_rsi': False, 'rsi_n': 12, 'rsi_lower': 39, 'rsi_upper': 95, 'en_stochastic': False, 'stochastic_n': 53, 'stochastic_d': 31, 'stochastic_lower': 43, 'stochastic_upper': 97, 'en_mfi': True, 'mfi_n': 84, 'mfi_lower': 25, 'mfi_upper': 90, 'en_bollinger': False, 'bollinger_n': 184, 'bollinger_k': 2.0, 'en_adx': False, 'adx_n': 90, 'adx_threshold': 27, 'en_structure_trend': False, 'structure_trend_swing_l': 19, 'en_order_block': False, 'order_block_swing_l': 19, 'en_fvg': False, 'fvg_lookback': 43, 'en_ifvg': False, 'en_breaker': False, 'breaker_swing_l': 18, 'en_cisd': True, 'k': 3, 'en_cap_bars': False, 'cap_1min': 583}.
[I 2026-07-13 17:28:36,567] Trial 1947 finished with values: [5564.862377361014, -2624.9999999999773, 71.25] and parameters: {'sl_soft': 15.419049935944098, 'sl_hard_delta': 16.490247779034476, 'tp': 20.630905943402496, 'gate_pct': 86.86001597008706, 'dd_limit': 28.9935892757227, 'cooldown': 2, 'flip': False, 'en_ema_trend': True, 'ema_trend_fast': 177, 'ema_trend_slow': 196, 'en_sma_trend': True, 'sma_trend_fast': 95, 'sma_trend_slow': 321, 'en_macd': True, 'macd_fast': 98, 'macd_slow': 150, 'macd_signal': 84, 'en_vwap': True, 'en_keltner': False, 'keltner_n': 83, 'keltner_m': 4.5, 'en_obv': True, 'obv_slope': 30, 'en_cci': False, 'cci_n': 88, 'cci_threshold': 290, 'en_rsi': True, 'rsi_n': 39, 'rsi_lower': 15, 'rsi_upper': 60, 'en_stochastic': True, 'stochastic_n': 3, 'stochastic_d': 37, 'stochastic_lower': 43, 'stochastic_upper': 97, 'en_mfi': True, 'mfi_n': 100, 'mfi_lower': 28, 'mfi_upper': 90, 'en_bollinger': False, 'bollinger_n': 184, 'bollinger_k': 0.6, 'en_adx': False, 'adx_n': 88, 'adx_threshold': 37, 'en_structure_trend': False, 'structure_trend_swing_l': 15, 'en_order_block': False, 'order_block_swing_l': 3, 'en_fvg': False, 'fvg_lookback': 31, 'en_ifvg': False, 'en_breaker': False, 'breaker_swing_l': 18, 'en_cisd': True, 'k': 2, 'en_cap_bars': False, 'cap_1min': 583}.
[I 2026-07-13 17:28:36,733] Trial 1948 finished with values: [9631.124081956817, -3596.625131149017, 61.25] and parameters: {'sl_soft': 13.106247429258882, 'sl_hard_delta': 16.490247779034476, 'tp': 21.8337486885096, 'gate_pct': 90.0783114706916, 'dd_limit': 290.7615384086792, 'cooldown': 0, 'flip': False, 'en_ema_trend': True, 'ema_trend_fast': 177, 'ema_trend_slow': 301, 'en_sma_trend': True, 'sma_trend_fast': 95, 'sma_trend_slow': 229, 'en_macd': False, 'macd_fast': 77, 'macd_slow': 150, 'macd_signal': 84, 'en_vwap': True, 'en_keltner': False, 'keltner_n': 17, 'keltner_m': 4.5, 'en_obv': True, 'obv_slope': 54, 'en_cci': True, 'cci_n': 2, 'cci_threshold': 205, 'en_rsi': False, 'rsi_n': 39, 'rsi_lower': 13, 'rsi_upper': 95, 'en_stochastic': True, 'stochastic_n': 3, 'stochastic_d': 31, 'stochastic_lower': 43, 'stochastic_upper': 97, 'en_mfi': True, 'mfi_n': 100, 'mfi_lower': 23, 'mfi_upper': 90, 'en_bollinger': False, 'bollinger_n': 14, 'bollinger_k': 0.6, 'en_adx': False, 'adx_n': 88, 'adx_threshold': 12, 'en_structure_trend': False, 'structure_trend_swing_l': 19, 'en_order_block': False, 'order_block_swing_l': 19, 'en_fvg': False, 'fvg_lookback': 31, 'en_ifvg': False, 'en_breaker': False, 'breaker_swing_l': 5, 'en_cisd': True, 'k': 3, 'en_cap_bars': False, 'cap_1min': 693}.
[I 2026-07-13 17:28:37,456] Trial 1949 finished with values: [14725.265346215878, -7096.909405659721, 58.25] and parameters: {'sl_soft': 13.106247429258882, 'sl_hard_delta': 16.490247779034476, 'tp': 20.630905943402496, 'gate_pct': 90.0783114706916, 'dd_limit': 28.9935892757227, 'cooldown': 0, 'flip': False, 'en_ema_trend': True, 'ema_trend_fast': 177, 'ema_trend_slow': 301, 'en_sma_trend': True, 'sma_trend_fast': 166, 'sma_trend_slow': 321, 'en_macd': True, 'macd_fast': 98, 'macd_slow': 47, 'macd_signal': 84, 'en_vwap': True, 'en_keltner': False, 'keltner_n': 73, 'keltner_m': 1.3, 'en_obv': True, 'obv_slope': 30, 'en_cci': True, 'cci_n': 87, 'cci_threshold': 195, 'en_rsi': False, 'rsi_n': 39, 'rsi_lower': 32, 'rsi_upper': 60, 'en_stochastic': False, 'stochastic_n': 3, 'stochastic_d': 43, 'stochastic_lower': 43, 'stochastic_upper': 97, 'en_mfi': True, 'mfi_n': 84, 'mfi_lower': 23, 'mfi_upper': 67, 'en_bollinger': False, 'bollinger_n': 14, 'bollinger_k': 0.6, 'en_adx': False, 'adx_n': 88, 'adx_threshold': 12, 'en_structure_trend': False, 'structure_trend_swing_l': 19, 'en_order_block': False, 'order_block_swing_l': 3, 'en_fvg': False, 'fvg_lookback': 31, 'en_ifvg': False, 'en_breaker': False, 'breaker_swing_l': 5, 'en_cisd': True, 'k': 2, 'en_cap_bars': False, 'cap_1min': 1332}.
[I 2026-07-13 17:28:37,646] Trial 1950 finished with values: [1379.8179457551896, -735.0000000000136, 61.150000000000006] and parameters: {'sl_soft': 7.863750810090712, 'sl_hard_delta': 16.490247779034476, 'tp': 20.630905943402496, 'gate_pct': 68.22768503522947, 'dd_limit': 28.9935892757227, 'cooldown': 0, 'flip': False, 'en_ema_trend': True, 'ema_trend_fast': 177, 'ema_trend_slow': 196, 'en_sma_trend': True, 'sma_trend_fast': 95, 'sma_trend_slow': 321, 'en_macd': True, 'macd_fast': 98, 'macd_slow': 150, 'macd_signal': 65, 'en_vwap': True, 'en_keltner': False, 'keltner_n': 73, 'keltner_m': 3.9000000000000004, 'en_obv': True, 'obv_slope': 30, 'en_cci': False, 'cci_n': 87, 'cci_threshold': 290, 'en_rsi': True, 'rsi_n': 39, 'rsi_lower': 32, 'rsi_upper': 60, 'en_stochastic': True, 'stochastic_n': 3, 'stochastic_d': 31, 'stochastic_lower': 43, 'stochastic_upper': 97, 'en_mfi': True, 'mfi_n': 100, 'mfi_lower': 23, 'mfi_upper': 77, 'en_bollinger': True, 'bollinger_n': 78, 'bollinger_k': 0.6, 'en_adx': False, 'adx_n': 88, 'adx_threshold': 37, 'en_structure_trend': False, 'structure_trend_swing_l': 19, 'en_order_block': False, 'order_block_swing_l': 17, 'en_fvg': False, 'fvg_lookback': 31, 'en_ifvg': False, 'en_breaker': False, 'breaker_swing_l': 18, 'en_cisd': True, 'k': 2, 'en_cap_bars': True, 'cap_1min': 583}.
[I 2026-07-13 17:28:42,532] Trial 1951 finished with values: [5046.7717830207785, -2984.999999999991, 68.4] and parameters: {'sl_soft': 13.106247429258882, 'sl_hard_delta': 16.490247779034476, 'tp': 20.630905943402496, 'gate_pct': 90.0783114706916, 'dd_limit': 28.9935892757227, 'cooldown': 1, 'flip': False, 'en_ema_trend': True, 'ema_trend_fast': 177, 'ema_trend_slow': 196, 'en_sma_trend': True, 'sma_trend_fast': 95, 'sma_trend_slow': 321, 'en_macd': False, 'macd_fast': 98, 'macd_slow': 150, 'macd_signal': 84, 'en_vwap': True, 'en_keltner': False, 'keltner_n': 35, 'keltner_m': 3.9000000000000004, 'en_obv': True, 'obv_slope': 30, 'en_cci': False, 'cci_n': 87, 'cci_threshold': 290, 'en_rsi': False, 'rsi_n': 39, 'rsi_lower': 32, 'rsi_upper': 60, 'en_stochastic': True, 'stochastic_n': 3, 'stochastic_d': 37, 'stochastic_lower': 45, 'stochastic_upper': 97, 'en_mfi': True, 'mfi_n': 100, 'mfi_lower': 28, 'mfi_upper': 58, 'en_bollinger': False, 'bollinger_n': 78, 'bollinger_k': 0.6, 'en_adx': False, 'adx_n': 88, 'adx_threshold': 37, 'en_structure_trend': False, 'structure_trend_swing_l': 15, 'en_order_block': False, 'order_block_swing_l': 17, 'en_fvg': False, 'fvg_lookback': 31, 'en_ifvg': False, 'en_breaker': False, 'breaker_swing_l': 18, 'en_cisd': True, 'k': 2, 'en_cap_bars': True, 'cap_1min': 583}.
[I 2026-07-13 17:28:43,747] Trial 1952 finished with values: [14833.26832076348, -7289.547028298762, 57.55] and parameters: {'sl_soft': 13.106247429258882, 'sl_hard_delta': 16.490247779034476, 'tp': 20.630905943402496, 'gate_pct': 90.0783114706916, 'dd_limit': 28.9935892757227, 'cooldown': 0, 'flip': False, 'en_ema_trend': True, 'ema_trend_fast': 177, 'ema_trend_slow': 301, 'en_sma_trend': False, 'sma_trend_fast': 95, 'sma_trend_slow': 321, 'en_macd': True, 'macd_fast': 98, 'macd_slow': 190, 'macd_signal': 13, 'en_vwap': True, 'en_keltner': True, 'keltner_n': 157, 'keltner_m': 1.3, 'en_obv': True, 'obv_slope': 30, 'en_cci': False, 'cci_n': 2, 'cci_threshold': 265, 'en_rsi': False, 'rsi_n': 12, 'rsi_lower': 32, 'rsi_upper': 95, 'en_stochastic': False, 'stochastic_n': 3, 'stochastic_d': 31, 'stochastic_lower': 43, 'stochastic_upper': 97, 'en_mfi': True, 'mfi_n': 84, 'mfi_lower': 28, 'mfi_upper': 90, 'en_bollinger': False, 'bollinger_n': 14, 'bollinger_k': 3.9000000000000004, 'en_adx': False, 'adx_n': 88, 'adx_threshold': 12, 'en_structure_trend': False, 'structure_trend_swing_l': 19, 'en_order_block': False, 'order_block_swing_l': 3, 'en_fvg': False, 'fvg_lookback': 31, 'en_ifvg': False, 'en_breaker': False, 'breaker_swing_l': 5, 'en_cisd': True, 'k': 3, 'en_cap_bars': False, 'cap_1min': 1332}.
[I 2026-07-13 17:28:45,405] Trial 1953 finished with values: [4237.58886321159, -5658.81881131952, 53.5] and parameters: {'sl_soft': 15.419049935944098, 'sl_hard_delta': 16.490247779034476, 'tp': 20.630905943402496, 'gate_pct': 90.0783114706916, 'dd_limit': 28.9935892757227, 'cooldown': 2, 'flip': False, 'en_ema_trend': True, 'ema_trend_fast': 177, 'ema_trend_slow': 196, 'en_sma_trend': True, 'sma_trend_fast': 95, 'sma_trend_slow': 321, 'en_macd': True, 'macd_fast': 100, 'macd_slow': 47, 'macd_signal': 13, 'en_vwap': True, 'en_keltner': False, 'keltner_n': 83, 'keltner_m': 4.5, 'en_obv': True, 'obv_slope': 30, 'en_cci': True, 'cci_n': 87, 'cci_threshold': 290, 'en_rsi': False, 'rsi_n': 39, 'rsi_lower': 15, 'rsi_upper': 60, 'en_stochastic': False, 'stochastic_n': 3, 'stochastic_d': 43, 'stochastic_lower': 43, 'stochastic_upper': 97, 'en_mfi': True, 'mfi_n': 82, 'mfi_lower': 28, 'mfi_upper': 90, 'en_bollinger': False, 'bollinger_n': 14, 'bollinger_k': 0.6, 'en_adx': False, 'adx_n': 88, 'adx_threshold': 27, 'en_structure_trend': False, 'structure_trend_swing_l': 19, 'en_order_block': False, 'order_block_swing_l': 3, 'en_fvg': False, 'fvg_lookback': 31, 'en_ifvg': False, 'en_breaker': False, 'breaker_swing_l': 5, 'en_cisd': True, 'k': 3, 'en_cap_bars': False, 'cap_1min': 583}.
[I 2026-07-13 17:28:45,967] Trial 1954 finished with values: [4460.9991344356895, -3275.0000000000455, 38.7] and parameters: {'sl_soft': 3.984281183725254, 'sl_hard_delta': 16.490247779034476, 'tp': 20.630905943402496, 'gate_pct': 70.9400490465145, 'dd_limit': 28.9935892757227, 'cooldown': 0, 'flip': False, 'en_ema_trend': True, 'ema_trend_fast': 177, 'ema_trend_slow': 301, 'en_sma_trend': False, 'sma_trend_fast': 117, 'sma_trend_slow': 228, 'en_macd': True, 'macd_fast': 49, 'macd_slow': 105, 'macd_signal': 13, 'en_vwap': True, 'en_keltner': False, 'keltner_n': 35, 'keltner_m': 4.4, 'en_obv': True, 'obv_slope': 30, 'en_cci': False, 'cci_n': 87, 'cci_threshold': 265, 'en_rsi': False, 'rsi_n': 12, 'rsi_lower': 39, 'rsi_upper': 91, 'en_stochastic': False, 'stochastic_n': 53, 'stochastic_d': 31, 'stochastic_lower': 13, 'stochastic_upper': 97, 'en_mfi': True, 'mfi_n': 84, 'mfi_lower': 25, 'mfi_upper': 58, 'en_bollinger': False, 'bollinger_n': 78, 'bollinger_k': 3.5, 'en_adx': False, 'adx_n': 90, 'adx_threshold': 27, 'en_structure_trend': False, 'structure_trend_swing_l': 19, 'en_order_block': False, 'order_block_swing_l': 19, 'en_fvg': False, 'fvg_lookback': 43, 'en_ifvg': False, 'en_breaker': False, 'breaker_swing_l': 5, 'en_cisd': True, 'k': 2, 'en_cap_bars': False, 'cap_1min': 583}.
[I 2026-07-13 17:28:46,199] Trial 1955 finished with values: [3524.27178302072, -4373.454702829872, 46.4] and parameters: {'sl_soft': 7.863750810090712, 'sl_hard_delta': 16.490247779034476, 'tp': 20.630905943402496, 'gate_pct': 90.0783114706916, 'dd_limit': 11.276095451039913, 'cooldown': 0, 'flip': False, 'en_ema_trend': True, 'ema_trend_fast': 177, 'ema_trend_slow': 196, 'en_sma_trend': False, 'sma_trend_fast': 51, 'sma_trend_slow': 321, 'en_macd': True, 'macd_fast': 49, 'macd_slow': 105, 'macd_signal': 65, 'en_vwap': True, 'en_keltner': True, 'keltner_n': 35, 'keltner_m': 1.3, 'en_obv': True, 'obv_slope': 30, 'en_cci': False, 'cci_n': 2, 'cci_threshold': 205, 'en_rsi': False, 'rsi_n': 39, 'rsi_lower': 15, 'rsi_upper': 60, 'en_stochastic': False, 'stochastic_n': 3, 'stochastic_d': 31, 'stochastic_lower': 43, 'stochastic_upper': 97, 'en_mfi': True, 'mfi_n': 100, 'mfi_lower': 25, 'mfi_upper': 90, 'en_bollinger': True, 'bollinger_n': 78, 'bollinger_k': 0.6, 'en_adx': False, 'adx_n': 88, 'adx_threshold': 27, 'en_structure_trend': False, 'structure_trend_swing_l': 19, 'en_order_block': False, 'order_block_swing_l': 17, 'en_fvg': False, 'fvg_lookback': 31, 'en_ifvg': False, 'en_breaker': False, 'breaker_swing_l': 5, 'en_cisd': True, 'k': 3, 'en_cap_bars': False, 'cap_1min': 583}.
[I 2026-07-13 17:28:47,656] Trial 1956 finished with values: [9811.061778680352, -5464.999999999941, 67.1] and parameters: {'sl_soft': 13.106247429258882, 'sl_hard_delta': 20.294948622898286, 'tp': 21.8337486885096, 'gate_pct': 90.0783114706916, 'dd_limit': 290.7615384086792, 'cooldown': 0, 'flip': False, 'en_ema_trend': True, 'ema_trend_fast': 177, 'ema_trend_slow': 301, 'en_sma_trend': False, 'sma_trend_fast': 95, 'sma_trend_slow': 229, 'en_macd': True, 'macd_fast': 98, 'macd_slow': 151, 'macd_signal': 65, 'en_vwap': True, 'en_keltner': False, 'keltner_n': 35, 'keltner_m': 1.3, 'en_obv': True, 'obv_slope': 47, 'en_cci': False, 'cci_n': 2, 'cci_threshold': 195, 'en_rsi': False, 'rsi_n': 39, 'rsi_lower': 13, 'rsi_upper': 95, 'en_stochastic': False, 'stochastic_n': 3, 'stochastic_d': 31, 'stochastic_lower': 13, 'stochastic_upper': 97, 'en_mfi': True, 'mfi_n': 84, 'mfi_lower': 34, 'mfi_upper': 71, 'en_bollinger': True, 'bollinger_n': 35, 'bollinger_k': 0.6, 'en_adx': False, 'adx_n': 88, 'adx_threshold': 12, 'en_structure_trend': False, 'structure_trend_swing_l': 19, 'en_order_block': False, 'order_block_swing_l': 19, 'en_fvg': False, 'fvg_lookback': 31, 'en_ifvg': False, 'en_breaker': False, 'breaker_swing_l': 5, 'en_cisd': True, 'k': 2, 'en_cap_bars': False, 'cap_1min': 583}.
[I 2026-07-13 17:28:47,894] Trial 1957 finished with values: [4159.271783020745, -3203.4547028298903, 63.35] and parameters: {'sl_soft': 13.106247429258882, 'sl_hard_delta': 16.490247779034476, 'tp': 20.630905943402496, 'gate_pct': 70.9400490465145, 'dd_limit': 28.9935892757227, 'cooldown': 0, 'flip': False, 'en_ema_trend': True, 'ema_trend_fast': 177, 'ema_trend_slow': 196, 'en_sma_trend': False, 'sma_trend_fast': 95, 'sma_trend_slow': 321, 'en_macd': True, 'macd_fast': 40, 'macd_slow': 105, 'macd_signal': 13, 'en_vwap': True, 'en_keltner': False, 'keltner_n': 34, 'keltner_m': 3.9000000000000004, 'en_obv': True, 'obv_slope': 30, 'en_cci': True, 'cci_n': 88, 'cci_threshold': 205, 'en_rsi': True, 'rsi_n': 39, 'rsi_lower': 39, 'rsi_upper': 71, 'en_stochastic': True, 'stochastic_n': 27, 'stochastic_d': 31, 'stochastic_lower': 43, 'stochastic_upper': 97, 'en_mfi': True, 'mfi_n': 84, 'mfi_lower': 25, 'mfi_upper': 90, 'en_bollinger': True, 'bollinger_n': 78, 'bollinger_k': 2.0, 'en_adx': False, 'adx_n': 90, 'adx_threshold': 27, 'en_structure_trend': False, 'structure_trend_swing_l': 19, 'en_order_block': False, 'order_block_swing_l': 19, 'en_fvg': False, 'fvg_lookback': 43, 'en_ifvg': False, 'en_breaker': False, 'breaker_swing_l': 5, 'en_cisd': True, 'k': 2, 'en_cap_bars': False, 'cap_1min': 522}.
