[I 2026-07-13 16:52:01,694] Trial 378 finished with values: [-699.4498456768326, -2484.7995901304103, 48.1] and parameters: {'sl_soft': 15.345413077397193, 'sl_hard_delta': 10.579832570848978, 'tp': 14.654499493883607, 'gate_pct': 98.67302380660169, 'dd_limit': 388.6442032455649, 'cooldown': 0, 'flip': True, 'en_ema_trend': False, 'ema_trend_fast': 279, 'ema_trend_slow': 334, 'en_sma_trend': True, 'sma_trend_fast': 334, 'sma_trend_slow': 368, 'en_macd': True, 'macd_fast': 88, 'macd_slow': 91, 'macd_signal': 65, 'en_vwap': True, 'en_keltner': False, 'keltner_n': 153, 'keltner_m': 2.8000000000000003, 'en_obv': True, 'obv_slope': 165, 'en_cci': True, 'cci_n': 128, 'cci_threshold': 125, 'en_rsi': True, 'rsi_n': 71, 'rsi_lower': 38, 'rsi_upper': 55, 'en_stochastic': True, 'stochastic_n': 86, 'stochastic_d': 22, 'stochastic_lower': 14, 'stochastic_upper': 72, 'en_mfi': True, 'mfi_n': 62, 'mfi_lower': 13, 'mfi_upper': 73, 'en_bollinger': True, 'bollinger_n': 127, 'bollinger_k': 2.7, 'en_adx': False, 'adx_n': 35, 'adx_threshold': 20, 'en_structure_trend': False, 'structure_trend_swing_l': 17, 'en_order_block': False, 'order_block_swing_l': 12, 'en_fvg': False, 'fvg_lookback': 38, 'en_ifvg': True, 'en_breaker': True, 'breaker_swing_l': 16, 'en_cisd': False, 'k': 4, 'en_cap_bars': True, 'cap_1min': 85}.
[I 2026-07-13 16:52:01,941] Trial 379 finished with values: [312.712232865897, -1789.9999999999864, 59.05] and parameters: {'sl_soft': 10.950817648626344, 'sl_hard_delta': 10.96204819892103, 'tp': 11.05106116432963, 'gate_pct': 86.86001597008706, 'dd_limit': 301.0960755637537, 'cooldown': 1, 'flip': False, 'en_ema_trend': False, 'ema_trend_fast': 238, 'ema_trend_slow': 65, 'en_sma_trend': False, 'sma_trend_fast': 177, 'sma_trend_slow': 134, 'en_macd': False, 'macd_fast': 97, 'macd_slow': 36, 'macd_signal': 78, 'en_vwap': True, 'en_keltner': True, 'keltner_n': 183, 'keltner_m': 2.5, 'en_obv': True, 'obv_slope': 7, 'en_cci': False, 'cci_n': 136, 'cci_threshold': 265, 'en_rsi': False, 'rsi_n': 25, 'rsi_lower': 43, 'rsi_upper': 57, 'en_stochastic': True, 'stochastic_n': 19, 'stochastic_d': 12, 'stochastic_lower': 8, 'stochastic_upper': 69, 'en_mfi': True, 'mfi_n': 94, 'mfi_lower': 27, 'mfi_upper': 90, 'en_bollinger': True, 'bollinger_n': 151, 'bollinger_k': 3.9000000000000004, 'en_adx': False, 'adx_n': 11, 'adx_threshold': 20, 'en_structure_trend': True, 'structure_trend_swing_l': 15, 'en_order_block': True, 'order_block_swing_l': 12, 'en_fvg': True, 'fvg_lookback': 19, 'en_ifvg': True, 'en_breaker': True, 'breaker_swing_l': 10, 'en_cisd': False, 'k': 4, 'en_cap_bars': False, 'cap_1min': 1287}.
[I 2026-07-13 16:52:06,182] Trial 380 finished with values: [-1105.332930048121, -4155.000000000018, 55.5] and parameters: {'sl_soft': 12.635376690751764, 'sl_hard_delta': 5.841297159488759, 'tp': 9.70622275993588, 'gate_pct': 62.75122947526989, 'dd_limit': 413.1031355436915, 'cooldown': 0, 'flip': False, 'en_ema_trend': True, 'ema_trend_fast': 88, 'ema_trend_slow': 231, 'en_sma_trend': True, 'sma_trend_fast': 387, 'sma_trend_slow': 144, 'en_macd': True, 'macd_fast': 49, 'macd_slow': 43, 'macd_signal': 14, 'en_vwap': True, 'en_keltner': True, 'keltner_n': 17, 'keltner_m': 3.7, 'en_obv': True, 'obv_slope': 54, 'en_cci': True, 'cci_n': 48, 'cci_threshold': 290, 'en_rsi': False, 'rsi_n': 39, 'rsi_lower': 8, 'rsi_upper': 71, 'en_stochastic': False, 'stochastic_n': 16, 'stochastic_d': 40, 'stochastic_lower': 38, 'stochastic_upper': 82, 'en_mfi': True, 'mfi_n': 52, 'mfi_lower': 23, 'mfi_upper': 97, 'en_bollinger': False, 'bollinger_n': 78, 'bollinger_k': 4.9, 'en_adx': False, 'adx_n': 33, 'adx_threshold': 21, 'en_structure_trend': False, 'structure_trend_swing_l': 13, 'en_order_block': False, 'order_block_swing_l': 19, 'en_fvg': False, 'fvg_lookback': 23, 'en_ifvg': True, 'en_breaker': False, 'breaker_swing_l': 1, 'en_cisd': True, 'k': 2, 'en_cap_bars': False, 'cap_1min': 1332}.
[I 2026-07-13 16:52:09,315] Trial 381 finished with values: [2480.4085400954477, -1589.9999999999864, 63.4] and parameters: {'sl_soft': 12.150548735644255, 'sl_hard_delta': 16.490247779034476, 'tp': 20.630905943402496, 'gate_pct': 68.22768503522947, 'dd_limit': 28.9935892757227, 'cooldown': 2, 'flip': False, 'en_ema_trend': True, 'ema_trend_fast': 228, 'ema_trend_slow': 129, 'en_sma_trend': False, 'sma_trend_fast': 305, 'sma_trend_slow': 321, 'en_macd': True, 'macd_fast': 98, 'macd_slow': 94, 'macd_signal': 84, 'en_vwap': True, 'en_keltner': False, 'keltner_n': 35, 'keltner_m': 3.3000000000000003, 'en_obv': True, 'obv_slope': 30, 'en_cci': False, 'cci_n': 156, 'cci_threshold': 35, 'en_rsi': True, 'rsi_n': 40, 'rsi_lower': 13, 'rsi_upper': 60, 'en_stochastic': False, 'stochastic_n': 35, 'stochastic_d': 27, 'stochastic_lower': 43, 'stochastic_upper': 85, 'en_mfi': False, 'mfi_n': 100, 'mfi_lower': 19, 'mfi_upper': 59, 'en_bollinger': False, 'bollinger_n': 108, 'bollinger_k': 0.6, 'en_adx': False, 'adx_n': 31, 'adx_threshold': 37, 'en_structure_trend': False, 'structure_trend_swing_l': 16, 'en_order_block': False, 'order_block_swing_l': 5, 'en_fvg': True, 'fvg_lookback': 25, 'en_ifvg': True, 'en_breaker': False, 'breaker_swing_l': 12, 'en_cisd': True, 'k': 3, 'en_cap_bars': False, 'cap_1min': 522}.
[I 2026-07-13 16:52:09,610] Trial 382 finished with values: [-417.72388414785837, -4847.634956976617, 47.0] and parameters: {'sl_soft': 13.106247429258882, 'sl_hard_delta': 2.719794288036378, 'tp': 14.418933466206207, 'gate_pct': 90.0783114706916, 'dd_limit': 393.1730945240937, 'cooldown': 1, 'flip': False, 'en_ema_trend': True, 'ema_trend_fast': 324, 'ema_trend_slow': 361, 'en_sma_trend': True, 'sma_trend_fast': 95, 'sma_trend_slow': 120, 'en_macd': False, 'macd_fast': 47, 'macd_slow': 74, 'macd_signal': 59, 'en_vwap': True, 'en_keltner': False, 'keltner_n': 155, 'keltner_m': 1.6, 'en_obv': True, 'obv_slope': 2, 'en_cci': False, 'cci_n': 110, 'cci_threshold': 195, 'en_rsi': True, 'rsi_n': 63, 'rsi_lower': 12, 'rsi_upper': 88, 'en_stochastic': True, 'stochastic_n': 11, 'stochastic_d': 30, 'stochastic_lower': 13, 'stochastic_upper': 82, 'en_mfi': False, 'mfi_n': 67, 'mfi_lower': 40, 'mfi_upper': 90, 'en_bollinger': False, 'bollinger_n': 83, 'bollinger_k': 4.5, 'en_adx': False, 'adx_n': 58, 'adx_threshold': 55, 'en_structure_trend': True, 'structure_trend_swing_l': 17, 'en_order_block': False, 'order_block_swing_l': 3, 'en_fvg': False, 'fvg_lookback': 19, 'en_ifvg': False, 'en_breaker': False, 'breaker_swing_l': 11, 'en_cisd': False, 'k': 3, 'en_cap_bars': True, 'cap_1min': 914}.
[I 2026-07-13 16:52:09,871] Trial 383 finished with values: [-64.91876933681056, -1641.8034126066914, 60.75] and parameters: {'sl_soft': 12.150548735644255, 'sl_hard_delta': 19.39511311334662, 'tp': 8.16393174786628, 'gate_pct': 68.22768503522947, 'dd_limit': 25.33560577226165, 'cooldown': 2, 'flip': True, 'en_ema_trend': True, 'ema_trend_fast': 242, 'ema_trend_slow': 44, 'en_sma_trend': False, 'sma_trend_fast': 318, 'sma_trend_slow': 321, 'en_macd': True, 'macd_fast': 49, 'macd_slow': 157, 'macd_signal': 84, 'en_vwap': True, 'en_keltner': False, 'keltner_n': 35, 'keltner_m': 3.3000000000000003, 'en_obv': True, 'obv_slope': 154, 'en_cci': False, 'cci_n': 156, 'cci_threshold': 35, 'en_rsi': True, 'rsi_n': 40, 'rsi_lower': 13, 'rsi_upper': 97, 'en_stochastic': False, 'stochastic_n': 71, 'stochastic_d': 19, 'stochastic_lower': 43, 'stochastic_upper': 85, 'en_mfi': True, 'mfi_n': 100, 'mfi_lower': 7, 'mfi_upper': 59, 'en_bollinger': True, 'bollinger_n': 20, 'bollinger_k': 2.2, 'en_adx': False, 'adx_n': 31, 'adx_threshold': 37, 'en_structure_trend': False, 'structure_trend_swing_l': 19, 'en_order_block': True, 'order_block_swing_l': 5, 'en_fvg': True, 'fvg_lookback': 20, 'en_ifvg': False, 'en_breaker': False, 'breaker_swing_l': 15, 'en_cisd': True, 'k': 2, 'en_cap_bars': False, 'cap_1min': 1017}.
[I 2026-07-13 16:52:10,762] Trial 384 pruned. 
[I 2026-07-13 16:52:14,067] Trial 385 finished with values: [-560.0947452051571, -3112.902013851931, 38.0] and parameters: {'sl_soft': 12.635376690751764, 'sl_hard_delta': 1.6226635862858807, 'tp': 21.8337486885096, 'gate_pct': 81.43219065749138, 'dd_limit': 390.2087279618219, 'cooldown': 0, 'flip': False, 'en_ema_trend': True, 'ema_trend_fast': 384, 'ema_trend_slow': 150, 'en_sma_trend': True, 'sma_trend_fast': 29, 'sma_trend_slow': 383, 'en_macd': True, 'macd_fast': 49, 'macd_slow': 149, 'macd_signal': 60, 'en_vwap': True, 'en_keltner': True, 'keltner_n': 17, 'keltner_m': 3.8000000000000003, 'en_obv': True, 'obv_slope': 54, 'en_cci': True, 'cci_n': 141, 'cci_threshold': 290, 'en_rsi': False, 'rsi_n': 39, 'rsi_lower': 15, 'rsi_upper': 65, 'en_stochastic': False, 'stochastic_n': 97, 'stochastic_d': 11, 'stochastic_lower': 4, 'stochastic_upper': 92, 'en_mfi': True, 'mfi_n': 11, 'mfi_lower': 23, 'mfi_upper': 57, 'en_bollinger': False, 'bollinger_n': 78, 'bollinger_k': 1.1, 'en_adx': False, 'adx_n': 68, 'adx_threshold': 21, 'en_structure_trend': False, 'structure_trend_swing_l': 19, 'en_order_block': False, 'order_block_swing_l': 17, 'en_fvg': True, 'fvg_lookback': 30, 'en_ifvg': True, 'en_breaker': False, 'breaker_swing_l': 5, 'en_cisd': False, 'k': 5, 'en_cap_bars': False, 'cap_1min': 1332}.
[I 2026-07-13 16:52:15,343] Trial 386 pruned. 
[I 2026-07-13 16:52:19,946] Trial 387 finished with values: [64.39113621901242, -1710.2783422432253, 62.95] and parameters: {'sl_soft': 5.907670609698629, 'sl_hard_delta': 7.173541683925285, 'tp': 4.49826038919697, 'gate_pct': 55.144433564923624, 'dd_limit': 2.580224558094694, 'cooldown': 0, 'flip': True, 'en_ema_trend': True, 'ema_trend_fast': 95, 'ema_trend_slow': 85, 'en_sma_trend': True, 'sma_trend_fast': 62, 'sma_trend_slow': 228, 'en_macd': True, 'macd_fast': 92, 'macd_slow': 7, 'macd_signal': 23, 'en_vwap': True, 'en_keltner': True, 'keltner_n': 27, 'keltner_m': 4.300000000000001, 'en_obv': True, 'obv_slope': 165, 'en_cci': True, 'cci_n': 109, 'cci_threshold': 220, 'en_rsi': False, 'rsi_n': 81, 'rsi_lower': 22, 'rsi_upper': 84, 'en_stochastic': False, 'stochastic_n': 24, 'stochastic_d': 32, 'stochastic_lower': 18, 'stochastic_upper': 90, 'en_mfi': True, 'mfi_n': 100, 'mfi_lower': 14, 'mfi_upper': 85, 'en_bollinger': False, 'bollinger_n': 87, 'bollinger_k': 2.0, 'en_adx': False, 'adx_n': 67, 'adx_threshold': 27, 'en_structure_trend': False, 'structure_trend_swing_l': 4, 'en_order_block': True, 'order_block_swing_l': 8, 'en_fvg': False, 'fvg_lookback': 35, 'en_ifvg': True, 'en_breaker': True, 'breaker_swing_l': 5, 'en_cisd': True, 'k': 4, 'en_cap_bars': False, 'cap_1min': 733}.
[I 2026-07-13 16:52:22,247] Trial 388 finished with values: [-1897.1566003147473, -5735.241113988013, 55.0] and parameters: {'sl_soft': 12.150548735644255, 'sl_hard_delta': 18.284805907405985, 'tp': 7.0412648100200315, 'gate_pct': 63.90528592947753, 'dd_limit': 377.8686668899344, 'cooldown': 2, 'flip': True, 'en_ema_trend': True, 'ema_trend_fast': 159, 'ema_trend_slow': 266, 'en_sma_trend': False, 'sma_trend_fast': 362, 'sma_trend_slow': 321, 'en_macd': True, 'macd_fast': 80, 'macd_slow': 104, 'macd_signal': 84, 'en_vwap': True, 'en_keltner': False, 'keltner_n': 8, 'keltner_m': 3.3000000000000003, 'en_obv': True, 'obv_slope': 18, 'en_cci': False, 'cci_n': 184, 'cci_threshold': 90, 'en_rsi': True, 'rsi_n': 69, 'rsi_lower': 13, 'rsi_upper': 74, 'en_stochastic': False, 'stochastic_n': 71, 'stochastic_d': 19, 'stochastic_lower': 43, 'stochastic_upper': 85, 'en_mfi': False, 'mfi_n': 100, 'mfi_lower': 37, 'mfi_upper': 59, 'en_bollinger': True, 'bollinger_n': 20, 'bollinger_k': 3.8000000000000003, 'en_adx': False, 'adx_n': 31, 'adx_threshold': 37, 'en_structure_trend': False, 'structure_trend_swing_l': 19, 'en_order_block': False, 'order_block_swing_l': 5, 'en_fvg': False, 'fvg_lookback': 28, 'en_ifvg': False, 'en_breaker': False, 'breaker_swing_l': 15, 'en_cisd': True, 'k': 3, 'en_cap_bars': True, 'cap_1min': 583}.
[I 2026-07-13 16:52:25,278] Trial 389 finished with values: [-87.72662198205126, -4928.129505234665, 34.05] and parameters: {'sl_soft': 6.645974757630658, 'sl_hard_delta': 10.579832570848978, 'tp': 16.713546403075007, 'gate_pct': 86.68863637915473, 'dd_limit': 388.6442032455649, 'cooldown': 1, 'flip': True, 'en_ema_trend': False, 'ema_trend_fast': 121, 'ema_trend_slow': 364, 'en_sma_trend': False, 'sma_trend_fast': 268, 'sma_trend_slow': 29, 'en_macd': False, 'macd_fast': 52, 'macd_slow': 167, 'macd_signal': 45, 'en_vwap': True, 'en_keltner': True, 'keltner_n': 46, 'keltner_m': 0.9, 'en_obv': False, 'obv_slope': 177, 'en_cci': True, 'cci_n': 128, 'cci_threshold': 45, 'en_rsi': False, 'rsi_n': 95, 'rsi_lower': 7, 'rsi_upper': 94, 'en_stochastic': False, 'stochastic_n': 8, 'stochastic_d': 14, 'stochastic_lower': 40, 'stochastic_upper': 72, 'en_mfi': True, 'mfi_n': 63, 'mfi_lower': 13, 'mfi_upper': 73, 'en_bollinger': True, 'bollinger_n': 127, 'bollinger_k': 2.9000000000000004, 'en_adx': False, 'adx_n': 35, 'adx_threshold': 20, 'en_structure_trend': True, 'structure_trend_swing_l': 19, 'en_order_block': False, 'order_block_swing_l': 12, 'en_fvg': False, 'fvg_lookback': 14, 'en_ifvg': True, 'en_breaker': True, 'breaker_swing_l': 3, 'en_cisd': False, 'k': 1, 'en_cap_bars': True, 'cap_1min': 995}.
[I 2026-07-13 16:52:26,248] Trial 390 finished with values: [-301.8072771071161, -3691.907232580161, 57.15] and parameters: {'sl_soft': 12.354138108802168, 'sl_hard_delta': 8.587880282055268, 'tp': 9.203873739254211, 'gate_pct': 97.49754431689279, 'dd_limit': 383.02824156061456, 'cooldown': 1, 'flip': True, 'en_ema_trend': True, 'ema_trend_fast': 77, 'ema_trend_slow': 159, 'en_sma_trend': True, 'sma_trend_fast': 181, 'sma_trend_slow': 371, 'en_macd': False, 'macd_fast': 13, 'macd_slow': 105, 'macd_signal': 1, 'en_vwap': False, 'en_keltner': True, 'keltner_n': 73, 'keltner_m': 4.6000000000000005, 'en_obv': True, 'obv_slope': 186, 'en_cci': False, 'cci_n': 2, 'cci_threshold': 55, 'en_rsi': True, 'rsi_n': 8, 'rsi_lower': 22, 'rsi_upper': 62, 'en_stochastic': False, 'stochastic_n': 14, 'stochastic_d': 34, 'stochastic_lower': 2, 'stochastic_upper': 52, 'en_mfi': False, 'mfi_n': 55, 'mfi_lower': 41, 'mfi_upper': 89, 'en_bollinger': True, 'bollinger_n': 118, 'bollinger_k': 4.9, 'en_adx': False, 'adx_n': 81, 'adx_threshold': 18, 'en_structure_trend': False, 'structure_trend_swing_l': 3, 'en_order_block': True, 'order_block_swing_l': 16, 'en_fvg': True, 'fvg_lookback': 3, 'en_ifvg': True, 'en_breaker': True, 'breaker_swing_l': 1, 'en_cisd': True, 'k': 5, 'en_cap_bars': True, 'cap_1min': 1072}.
[I 2026-07-13 16:52:28,040] Trial 391 finished with values: [536.0170293055603, -2259.259455561437, 56.6] and parameters: {'sl_soft': 5.087282219773554, 'sl_hard_delta': 15.520096621758151, 'tp': 6.603698288383704, 'gate_pct': 63.90528592947753, 'dd_limit': 273.50258854235346, 'cooldown': 1, 'flip': False, 'en_ema_trend': True, 'ema_trend_fast': 159, 'ema_trend_slow': 109, 'en_sma_trend': True, 'sma_trend_fast': 139, 'sma_trend_slow': 154, 'en_macd': False, 'macd_fast': 80, 'macd_slow': 105, 'macd_signal': 54, 'en_vwap': True, 'en_keltner': False, 'keltner_n': 8, 'keltner_m': 4.7, 'en_obv': True, 'obv_slope': 18, 'en_cci': False, 'cci_n': 184, 'cci_threshold': 90, 'en_rsi': True, 'rsi_n': 73, 'rsi_lower': 11, 'rsi_upper': 69, 'en_stochastic': False, 'stochastic_n': 84, 'stochastic_d': 47, 'stochastic_lower': 2, 'stochastic_upper': 91, 'en_mfi': False, 'mfi_n': 65, 'mfi_lower': 37, 'mfi_upper': 90, 'en_bollinger': True, 'bollinger_n': 164, 'bollinger_k': 3.8000000000000003, 'en_adx': True, 'adx_n': 19, 'adx_threshold': 17, 'en_structure_trend': True, 'structure_trend_swing_l': 19, 'en_order_block': False, 'order_block_swing_l': 7, 'en_fvg': False, 'fvg_lookback': 28, 'en_ifvg': False, 'en_breaker': True, 'breaker_swing_l': 7, 'en_cisd': True, 'k': 3, 'en_cap_bars': True, 'cap_1min': 583}.
[I 2026-07-13 16:52:36,081] Trial 392 finished with values: [808.5079635968043, -4348.6000574301215, 46.0] and parameters: {'sl_soft': 9.524579611340311, 'sl_hard_delta': 1.6226635862858807, 'tp': 15.625107706914944, 'gate_pct': 85.18598170405104, 'dd_limit': 90.3727642395569, 'cooldown': 1, 'flip': False, 'en_ema_trend': True, 'ema_trend_fast': 374, 'ema_trend_slow': 212, 'en_sma_trend': False, 'sma_trend_fast': 265, 'sma_trend_slow': 323, 'en_macd': False, 'macd_fast': 49, 'macd_slow': 186, 'macd_signal': 60, 'en_vwap': True, 'en_keltner': True, 'keltner_n': 48, 'keltner_m': 1.3, 'en_obv': True, 'obv_slope': 68, 'en_cci': False, 'cci_n': 24, 'cci_threshold': 160, 'en_rsi': True, 'rsi_n': 12, 'rsi_lower': 24, 'rsi_upper': 65, 'en_stochastic': True, 'stochastic_n': 86, 'stochastic_d': 11, 'stochastic_lower': 4, 'stochastic_upper': 96, 'en_mfi': True, 'mfi_n': 46, 'mfi_lower': 28, 'mfi_upper': 75, 'en_bollinger': False, 'bollinger_n': 106, 'bollinger_k': 2.1, 'en_adx': False, 'adx_n': 73, 'adx_threshold': 33, 'en_structure_trend': True, 'structure_trend_swing_l': 20, 'en_order_block': False, 'order_block_swing_l': 2, 'en_fvg': False, 'fvg_lookback': 41, 'en_ifvg': False, 'en_breaker': False, 'breaker_swing_l': 3, 'en_cisd': False, 'k': 5, 'en_cap_bars': False, 'cap_1min': 898}.
[I 2026-07-13 16:52:38,510] Trial 393 finished with values: [-283.15738022561163, -4659.999999999991, 39.2] and parameters: {'sl_soft': 12.150548735644255, 'sl_hard_delta': 18.284805907405985, 'tp': 20.630905943402496, 'gate_pct': 68.22768503522947, 'dd_limit': 377.8686668899344, 'cooldown': 2, 'flip': False, 'en_ema_trend': True, 'ema_trend_fast': 159, 'ema_trend_slow': 129, 'en_sma_trend': False, 'sma_trend_fast': 362, 'sma_trend_slow': 321, 'en_macd': True, 'macd_fast': 98, 'macd_slow': 94, 'macd_signal': 84, 'en_vwap': True, 'en_keltner': False, 'keltner_n': 8, 'keltner_m': 3.3000000000000003, 'en_obv': True, 'obv_slope': 18, 'en_cci': False, 'cci_n': 156, 'cci_threshold': 35, 'en_rsi': True, 'rsi_n': 40, 'rsi_lower': 13, 'rsi_upper': 74, 'en_stochastic': False, 'stochastic_n': 35, 'stochastic_d': 19, 'stochastic_lower': 43, 'stochastic_upper': 85, 'en_mfi': False, 'mfi_n': 100, 'mfi_lower': 19, 'mfi_upper': 59, 'en_bollinger': False, 'bollinger_n': 20, 'bollinger_k': 0.6, 'en_adx': False, 'adx_n': 31, 'adx_threshold': 37, 'en_structure_trend': False, 'structure_trend_swing_l': 19, 'en_order_block': False, 'order_block_swing_l': 5, 'en_fvg': False, 'fvg_lookback': 25, 'en_ifvg': False, 'en_breaker': False, 'breaker_swing_l': 15, 'en_cisd': True, 'k': 3, 'en_cap_bars': False, 'cap_1min': 583}.
[I 2026-07-13 16:52:45,112] Trial 394 finished with values: [-881.0112380258602, -2634.999999999991, 39.05] and parameters: {'sl_soft': 10.950817648626344, 'sl_hard_delta': 10.96204819892103, 'tp': 11.05106116432963, 'gate_pct': 86.86001597008706, 'dd_limit': 234.1688012834486, 'cooldown': 1, 'flip': True, 'en_ema_trend': True, 'ema_trend_fast': 238, 'ema_trend_slow': 65, 'en_sma_trend': False, 'sma_trend_fast': 177, 'sma_trend_slow': 134, 'en_macd': False, 'macd_fast': 9, 'macd_slow': 36, 'macd_signal': 47, 'en_vwap': True, 'en_keltner': True, 'keltner_n': 183, 'keltner_m': 2.5, 'en_obv': True, 'obv_slope': 182, 'en_cci': False, 'cci_n': 136, 'cci_threshold': 265, 'en_rsi': False, 'rsi_n': 25, 'rsi_lower': 40, 'rsi_upper': 57, 'en_stochastic': True, 'stochastic_n': 19, 'stochastic_d': 12, 'stochastic_lower': 8, 'stochastic_upper': 95, 'en_mfi': True, 'mfi_n': 92, 'mfi_lower': 1, 'mfi_upper': 62, 'en_bollinger': True, 'bollinger_n': 125, 'bollinger_k': 4.300000000000001, 'en_adx': False, 'adx_n': 11, 'adx_threshold': 59, 'en_structure_trend': False, 'structure_trend_swing_l': 15, 'en_order_block': False, 'order_block_swing_l': 3, 'en_fvg': True, 'fvg_lookback': 19, 'en_ifvg': True, 'en_breaker': True, 'breaker_swing_l': 15, 'en_cisd': True, 'k': 4, 'en_cap_bars': False, 'cap_1min': 1287}.
[I 2026-07-13 16:52:47,638] Trial 395 finished with values: [2217.3971428612617, -2734.999999999991, 54.4] and parameters: {'sl_soft': 12.635376690751764, 'sl_hard_delta': 2.3271816191076544, 'tp': 21.8337486885096, 'gate_pct': 86.86001597008706, 'dd_limit': 301.0960755637537, 'cooldown': 0, 'flip': False, 'en_ema_trend': False, 'ema_trend_fast': 177, 'ema_trend_slow': 196, 'en_sma_trend': False, 'sma_trend_fast': 128, 'sma_trend_slow': 134, 'en_macd': False, 'macd_fast': 56, 'macd_slow': 36, 'macd_signal': 13, 'en_vwap': True, 'en_keltner': True, 'keltner_n': 43, 'keltner_m': 2.5, 'en_obv': True, 'obv_slope': 54, 'en_cci': False, 'cci_n': 87, 'cci_threshold': 290, 'en_rsi': False, 'rsi_n': 25, 'rsi_lower': 38, 'rsi_upper': 95, 'en_stochastic': False, 'stochastic_n': 19, 'stochastic_d': 31, 'stochastic_lower': 47, 'stochastic_upper': 97, 'en_mfi': True, 'mfi_n': 65, 'mfi_lower': 27, 'mfi_upper': 74, 'en_bollinger': True, 'bollinger_n': 151, 'bollinger_k': 4.7, 'en_adx': False, 'adx_n': 19, 'adx_threshold': 20, 'en_structure_trend': True, 'structure_trend_swing_l': 15, 'en_order_block': False, 'order_block_swing_l': 17, 'en_fvg': True, 'fvg_lookback': 19, 'en_ifvg': True, 'en_breaker': True, 'breaker_swing_l': 18, 'en_cisd': True, 'k': 3, 'en_cap_bars': False, 'cap_1min': 1287}.
[I 2026-07-13 16:52:48,925] Trial 396 pruned. 
