[I 2026-07-13 17:15:39,308] Trial 362 finished with values: [344.71299970340965, -1313.9033111876415, 36.8] and parameters: {'sl_soft': 0.8675024066470705, 'sl_hard_delta': 0.09391430061437202, 'tp': 1.7626794351530028, 'gate_pct': 96.7516051221724, 'dd_limit': 439.4689893251477, 'cooldown': 1, 'flip': True, 'en_ema_trend': False, 'ema_trend_fast': 13, 'ema_trend_slow': 334, 'en_sma_trend': False, 'sma_trend_fast': 268, 'sma_trend_slow': 29, 'en_macd': False, 'macd_fast': 33, 'macd_slow': 124, 'macd_signal': 22, 'en_vwap': False, 'en_keltner': True, 'keltner_n': 178, 'keltner_m': 0.9, 'en_obv': True, 'obv_slope': 7, 'en_cci': True, 'cci_n': 32, 'cci_threshold': 45, 'en_rsi': False, 'rsi_n': 5, 'rsi_lower': 7, 'rsi_upper': 76, 'en_stochastic': False, 'stochastic_n': 80, 'stochastic_d': 14, 'stochastic_lower': 40, 'stochastic_upper': 72, 'en_mfi': True, 'mfi_n': 2, 'mfi_lower': 12, 'mfi_upper': 61, 'en_bollinger': True, 'bollinger_n': 5, 'bollinger_k': 2.7, 'en_adx': False, 'adx_n': 48, 'adx_threshold': 44, 'en_structure_trend': False, 'structure_trend_swing_l': 17, 'en_order_block': False, 'order_block_swing_l': 9, 'en_fvg': False, 'fvg_lookback': 19, 'en_ifvg': False, 'en_breaker': True, 'breaker_swing_l': 5, 'en_cisd': False, 'k': 1, 'en_cap_bars': True, 'cap_1min': 1416}.
[I 2026-07-13 17:15:41,851] Trial 363 pruned. 
[I 2026-07-13 17:15:44,066] Trial 364 finished with values: [-377.6406613923541, -693.8722259100018, 44.95] and parameters: {'sl_soft': 1.124380577176661, 'sl_hard_delta': 1.205412450959195, 'tp': 1.9062213357503182, 'gate_pct': 96.7516051221724, 'dd_limit': 390.2569167971573, 'cooldown': 26, 'flip': True, 'en_ema_trend': False, 'ema_trend_fast': 323, 'ema_trend_slow': 334, 'en_sma_trend': False, 'sma_trend_fast': 285, 'sma_trend_slow': 304, 'en_macd': True, 'macd_fast': 61, 'macd_slow': 134, 'macd_signal': 9, 'en_vwap': True, 'en_keltner': False, 'keltner_n': 130, 'keltner_m': 4.5, 'en_obv': True, 'obv_slope': 44, 'en_cci': True, 'cci_n': 43, 'cci_threshold': 50, 'en_rsi': False, 'rsi_n': 15, 'rsi_lower': 41, 'rsi_upper': 65, 'en_stochastic': False, 'stochastic_n': 56, 'stochastic_d': 3, 'stochastic_lower': 2, 'stochastic_upper': 72, 'en_mfi': False, 'mfi_n': 45, 'mfi_lower': 37, 'mfi_upper': 76, 'en_bollinger': False, 'bollinger_n': 125, 'bollinger_k': 2.1, 'en_adx': False, 'adx_n': 59, 'adx_threshold': 20, 'en_structure_trend': True, 'structure_trend_swing_l': 10, 'en_order_block': False, 'order_block_swing_l': 13, 'en_fvg': False, 'fvg_lookback': 50, 'en_ifvg': True, 'en_breaker': False, 'breaker_swing_l': 3, 'en_cisd': True, 'k': 4, 'en_cap_bars': False, 'cap_1min': 995}.
[I 2026-07-13 17:15:45,790] Trial 365 finished with values: [92.8351731725229, -549.6299823911272, 42.150000000000006] and parameters: {'sl_soft': 1.4326423495393754, 'sl_hard_delta': 0.09391430061437202, 'tp': 2.1925639368831504, 'gate_pct': 58.77346993604095, 'dd_limit': 439.4689893251477, 'cooldown': 20, 'flip': True, 'en_ema_trend': True, 'ema_trend_fast': 13, 'ema_trend_slow': 99, 'en_sma_trend': False, 'sma_trend_fast': 164, 'sma_trend_slow': 300, 'en_macd': True, 'macd_fast': 25, 'macd_slow': 107, 'macd_signal': 50, 'en_vwap': False, 'en_keltner': False, 'keltner_n': 178, 'keltner_m': 2.1, 'en_obv': True, 'obv_slope': 23, 'en_cci': False, 'cci_n': 115, 'cci_threshold': 80, 'en_rsi': False, 'rsi_n': 54, 'rsi_lower': 37, 'rsi_upper': 67, 'en_stochastic': False, 'stochastic_n': 77, 'stochastic_d': 37, 'stochastic_lower': 9, 'stochastic_upper': 53, 'en_mfi': True, 'mfi_n': 57, 'mfi_lower': 20, 'mfi_upper': 62, 'en_bollinger': False, 'bollinger_n': 57, 'bollinger_k': 0.5, 'en_adx': False, 'adx_n': 74, 'adx_threshold': 33, 'en_structure_trend': True, 'structure_trend_swing_l': 8, 'en_order_block': False, 'order_block_swing_l': 13, 'en_fvg': False, 'fvg_lookback': 1, 'en_ifvg': False, 'en_breaker': False, 'breaker_swing_l': 5, 'en_cisd': True, 'k': 4, 'en_cap_bars': False, 'cap_1min': 1416}.
[I 2026-07-13 17:15:47,186] Trial 366 finished with values: [213.34788606467328, -710.9111102422276, 64.4] and parameters: {'sl_soft': 1.4657917354156722, 'sl_hard_delta': 0.8861815828053933, 'tp': 1.3454659185587121, 'gate_pct': 58.77346993604095, 'dd_limit': 439.4689893251477, 'cooldown': 1, 'flip': True, 'en_ema_trend': False, 'ema_trend_fast': 13, 'ema_trend_slow': 112, 'en_sma_trend': False, 'sma_trend_fast': 337, 'sma_trend_slow': 300, 'en_macd': False, 'macd_fast': 25, 'macd_slow': 124, 'macd_signal': 22, 'en_vwap': False, 'en_keltner': False, 'keltner_n': 80, 'keltner_m': 3.9000000000000004, 'en_obv': True, 'obv_slope': 185, 'en_cci': True, 'cci_n': 39, 'cci_threshold': 80, 'en_rsi': True, 'rsi_n': 48, 'rsi_lower': 11, 'rsi_upper': 67, 'en_stochastic': False, 'stochastic_n': 77, 'stochastic_d': 35, 'stochastic_lower': 44, 'stochastic_upper': 53, 'en_mfi': True, 'mfi_n': 13, 'mfi_lower': 23, 'mfi_upper': 51, 'en_bollinger': False, 'bollinger_n': 92, 'bollinger_k': 2.1, 'en_adx': False, 'adx_n': 67, 'adx_threshold': 5, 'en_structure_trend': True, 'structure_trend_swing_l': 17, 'en_order_block': False, 'order_block_swing_l': 13, 'en_fvg': False, 'fvg_lookback': 19, 'en_ifvg': False, 'en_breaker': False, 'breaker_swing_l': 9, 'en_cisd': False, 'k': 4, 'en_cap_bars': False, 'cap_1min': 1416}.
[I 2026-07-13 17:15:47,849] Trial 367 finished with values: [13.449577891537956, -371.01483312483197, 43.2] and parameters: {'sl_soft': 0.9976436795384156, 'sl_hard_delta': 0.22815506069682887, 'tp': 1.6930466296932924, 'gate_pct': 62.02693045764362, 'dd_limit': 60.80016338531003, 'cooldown': 8, 'flip': True, 'en_ema_trend': False, 'ema_trend_fast': 269, 'ema_trend_slow': 361, 'en_sma_trend': True, 'sma_trend_fast': 232, 'sma_trend_slow': 376, 'en_macd': False, 'macd_fast': 57, 'macd_slow': 68, 'macd_signal': 61, 'en_vwap': True, 'en_keltner': True, 'keltner_n': 49, 'keltner_m': 4.5, 'en_obv': False, 'obv_slope': 168, 'en_cci': False, 'cci_n': 2, 'cci_threshold': 250, 'en_rsi': False, 'rsi_n': 39, 'rsi_lower': 29, 'rsi_upper': 58, 'en_stochastic': False, 'stochastic_n': 67, 'stochastic_d': 34, 'stochastic_lower': 44, 'stochastic_upper': 94, 'en_mfi': False, 'mfi_n': 41, 'mfi_lower': 2, 'mfi_upper': 70, 'en_bollinger': True, 'bollinger_n': 62, 'bollinger_k': 4.8, 'en_adx': False, 'adx_n': 32, 'adx_threshold': 26, 'en_structure_trend': True, 'structure_trend_swing_l': 14, 'en_order_block': False, 'order_block_swing_l': 12, 'en_fvg': True, 'fvg_lookback': 34, 'en_ifvg': True, 'en_breaker': True, 'breaker_swing_l': 18, 'en_cisd': True, 'k': 4, 'en_cap_bars': False, 'cap_1min': 689}.
[I 2026-07-13 17:15:49,747] Trial 368 pruned. 
[I 2026-07-13 17:15:55,640] Trial 369 finished with values: [160.2665131692561, -152.86526808802137, 52.8] and parameters: {'sl_soft': 0.9976436795384156, 'sl_hard_delta': 0.02145810771492437, 'tp': 1.6930466296932924, 'gate_pct': 73.0036735816267, 'dd_limit': 48.78569624793002, 'cooldown': 8, 'flip': True, 'en_ema_trend': False, 'ema_trend_fast': 317, 'ema_trend_slow': 38, 'en_sma_trend': True, 'sma_trend_fast': 232, 'sma_trend_slow': 376, 'en_macd': True, 'macd_fast': 57, 'macd_slow': 47, 'macd_signal': 54, 'en_vwap': False, 'en_keltner': False, 'keltner_n': 137, 'keltner_m': 4.5, 'en_obv': True, 'obv_slope': 168, 'en_cci': False, 'cci_n': 2, 'cci_threshold': 195, 'en_rsi': False, 'rsi_n': 9, 'rsi_lower': 29, 'rsi_upper': 82, 'en_stochastic': True, 'stochastic_n': 22, 'stochastic_d': 3, 'stochastic_lower': 44, 'stochastic_upper': 57, 'en_mfi': False, 'mfi_n': 41, 'mfi_lower': 43, 'mfi_upper': 86, 'en_bollinger': False, 'bollinger_n': 62, 'bollinger_k': 1.6, 'en_adx': False, 'adx_n': 48, 'adx_threshold': 19, 'en_structure_trend': True, 'structure_trend_swing_l': 11, 'en_order_block': True, 'order_block_swing_l': 9, 'en_fvg': True, 'fvg_lookback': 36, 'en_ifvg': False, 'en_breaker': False, 'breaker_swing_l': 17, 'en_cisd': False, 'k': 1, 'en_cap_bars': True, 'cap_1min': 608}.
[I 2026-07-13 17:15:57,490] Trial 370 finished with values: [83.84700491395733, -744.3614059085576, 44.75] and parameters: {'sl_soft': 1.4326423495393754, 'sl_hard_delta': 0.37325946217175326, 'tp': 2.1925639368831504, 'gate_pct': 80.28577378768065, 'dd_limit': 439.4689893251477, 'cooldown': 23, 'flip': False, 'en_ema_trend': False, 'ema_trend_fast': 9, 'ema_trend_slow': 99, 'en_sma_trend': False, 'sma_trend_fast': 188, 'sma_trend_slow': 376, 'en_macd': True, 'macd_fast': 25, 'macd_slow': 124, 'macd_signal': 13, 'en_vwap': False, 'en_keltner': True, 'keltner_n': 49, 'keltner_m': 4.8, 'en_obv': True, 'obv_slope': 170, 'en_cci': False, 'cci_n': 91, 'cci_threshold': 80, 'en_rsi': False, 'rsi_n': 25, 'rsi_lower': 11, 'rsi_upper': 67, 'en_stochastic': False, 'stochastic_n': 55, 'stochastic_d': 34, 'stochastic_lower': 44, 'stochastic_upper': 53, 'en_mfi': False, 'mfi_n': 2, 'mfi_lower': 2, 'mfi_upper': 54, 'en_bollinger': True, 'bollinger_n': 161, 'bollinger_k': 3.4000000000000004, 'en_adx': False, 'adx_n': 59, 'adx_threshold': 57, 'en_structure_trend': False, 'structure_trend_swing_l': 17, 'en_order_block': False, 'order_block_swing_l': 9, 'en_fvg': False, 'fvg_lookback': 19, 'en_ifvg': False, 'en_breaker': False, 'breaker_swing_l': 5, 'en_cisd': True, 'k': 4, 'en_cap_bars': False, 'cap_1min': 1165}.
[I 2026-07-13 17:16:01,125] Trial 371 finished with values: [-141.72582212340785, -467.75140482916413, 30.0] and parameters: {'sl_soft': 1.124380577176661, 'sl_hard_delta': 0.02145810771492437, 'tp': 2.249197437223498, 'gate_pct': 74.64771504966384, 'dd_limit': 390.2569167971573, 'cooldown': 26, 'flip': True, 'en_ema_trend': False, 'ema_trend_fast': 317, 'ema_trend_slow': 38, 'en_sma_trend': False, 'sma_trend_fast': 337, 'sma_trend_slow': 304, 'en_macd': True, 'macd_fast': 80, 'macd_slow': 98, 'macd_signal': 9, 'en_vwap': True, 'en_keltner': False, 'keltner_n': 77, 'keltner_m': 0.5, 'en_obv': True, 'obv_slope': 44, 'en_cci': False, 'cci_n': 125, 'cci_threshold': 250, 'en_rsi': True, 'rsi_n': 15, 'rsi_lower': 41, 'rsi_upper': 94, 'en_stochastic': False, 'stochastic_n': 89, 'stochastic_d': 24, 'stochastic_lower': 44, 'stochastic_upper': 74, 'en_mfi': True, 'mfi_n': 2, 'mfi_lower': 37, 'mfi_upper': 51, 'en_bollinger': True, 'bollinger_n': 178, 'bollinger_k': 2.8000000000000003, 'en_adx': False, 'adx_n': 2, 'adx_threshold': 9, 'en_structure_trend': False, 'structure_trend_swing_l': 10, 'en_order_block': False, 'order_block_swing_l': 13, 'en_fvg': False, 'fvg_lookback': 19, 'en_ifvg': False, 'en_breaker': False, 'breaker_swing_l': 9, 'en_cisd': False, 'k': 4, 'en_cap_bars': False, 'cap_1min': 1416}.
[I 2026-07-13 17:16:01,997] Trial 372 pruned. 
[I 2026-07-13 17:16:03,963] Trial 373 finished with values: [-134.53682635860105, -563.8259637024021, 37.7] and parameters: {'sl_soft': 1.3199246294172853, 'sl_hard_delta': 0.0896402798389121, 'tp': 2.0541178340755826, 'gate_pct': 80.28577378768065, 'dd_limit': 225.9151492162283, 'cooldown': 20, 'flip': False, 'en_ema_trend': False, 'ema_trend_fast': 314, 'ema_trend_slow': 238, 'en_sma_trend': True, 'sma_trend_fast': 188, 'sma_trend_slow': 304, 'en_macd': True, 'macd_fast': 25, 'macd_slow': 125, 'macd_signal': 36, 'en_vwap': True, 'en_keltner': True, 'keltner_n': 162, 'keltner_m': 0.5, 'en_obv': True, 'obv_slope': 44, 'en_cci': False, 'cci_n': 42, 'cci_threshold': 50, 'en_rsi': False, 'rsi_n': 54, 'rsi_lower': 23, 'rsi_upper': 59, 'en_stochastic': False, 'stochastic_n': 21, 'stochastic_d': 50, 'stochastic_lower': 28, 'stochastic_upper': 53, 'en_mfi': False, 'mfi_n': 57, 'mfi_lower': 47, 'mfi_upper': 76, 'en_bollinger': False, 'bollinger_n': 104, 'bollinger_k': 4.8, 'en_adx': True, 'adx_n': 2, 'adx_threshold': 9, 'en_structure_trend': True, 'structure_trend_swing_l': 17, 'en_order_block': False, 'order_block_swing_l': 13, 'en_fvg': True, 'fvg_lookback': 48, 'en_ifvg': True, 'en_breaker': False, 'breaker_swing_l': 19, 'en_cisd': True, 'k': 3, 'en_cap_bars': False, 'cap_1min': 418}.
[I 2026-07-13 17:16:06,422] Trial 374 pruned. 
[I 2026-07-13 17:16:07,393] Trial 375 pruned. 
[I 2026-07-13 17:16:08,353] Trial 376 finished with values: [-38.00212693669209, -303.89571557543604, 40.6] and parameters: {'sl_soft': 0.9976436795384156, 'sl_hard_delta': 0.21793918276339308, 'tp': 1.6930466296932924, 'gate_pct': 37.39778324297737, 'dd_limit': 60.80016338531003, 'cooldown': 0, 'flip': True, 'en_ema_trend': False, 'ema_trend_fast': 236, 'ema_trend_slow': 361, 'en_sma_trend': False, 'sma_trend_fast': 232, 'sma_trend_slow': 84, 'en_macd': False, 'macd_fast': 100, 'macd_slow': 68, 'macd_signal': 54, 'en_vwap': True, 'en_keltner': True, 'keltner_n': 130, 'keltner_m': 4.5, 'en_obv': True, 'obv_slope': 168, 'en_cci': False, 'cci_n': 2, 'cci_threshold': 250, 'en_rsi': False, 'rsi_n': 48, 'rsi_lower': 23, 'rsi_upper': 84, 'en_stochastic': False, 'stochastic_n': 56, 'stochastic_d': 6, 'stochastic_lower': 44, 'stochastic_upper': 94, 'en_mfi': True, 'mfi_n': 41, 'mfi_lower': 2, 'mfi_upper': 88, 'en_bollinger': True, 'bollinger_n': 62, 'bollinger_k': 4.8, 'en_adx': True, 'adx_n': 59, 'adx_threshold': 9, 'en_structure_trend': True, 'structure_trend_swing_l': 19, 'en_order_block': True, 'order_block_swing_l': 12, 'en_fvg': True, 'fvg_lookback': 31, 'en_ifvg': True, 'en_breaker': False, 'breaker_swing_l': 3, 'en_cisd': True, 'k': 1, 'en_cap_bars': False, 'cap_1min': 1381}.
[I 2026-07-13 17:16:08,745] Trial 377 finished with values: [333.78212287679503, -229.1677369782974, 51.65] and parameters: {'sl_soft': 1.124380577176661, 'sl_hard_delta': 0.02145810771492437, 'tp': 1.9062213357503182, 'gate_pct': 26.991527672954163, 'dd_limit': 390.2569167971573, 'cooldown': 26, 'flip': True, 'en_ema_trend': False, 'ema_trend_fast': 317, 'ema_trend_slow': 38, 'en_sma_trend': False, 'sma_trend_fast': 285, 'sma_trend_slow': 304, 'en_macd': True, 'macd_fast': 80, 'macd_slow': 47, 'macd_signal': 9, 'en_vwap': True, 'en_keltner': False, 'keltner_n': 77, 'keltner_m': 0.5, 'en_obv': True, 'obv_slope': 44, 'en_cci': True, 'cci_n': 125, 'cci_threshold': 50, 'en_rsi': True, 'rsi_n': 15, 'rsi_lower': 41, 'rsi_upper': 82, 'en_stochastic': False, 'stochastic_n': 89, 'stochastic_d': 34, 'stochastic_lower': 2, 'stochastic_upper': 77, 'en_mfi': False, 'mfi_n': 97, 'mfi_lower': 37, 'mfi_upper': 76, 'en_bollinger': False, 'bollinger_n': 178, 'bollinger_k': 3.8000000000000003, 'en_adx': False, 'adx_n': 2, 'adx_threshold': 9, 'en_structure_trend': True, 'structure_trend_swing_l': 10, 'en_order_block': True, 'order_block_swing_l': 14, 'en_fvg': False, 'fvg_lookback': 50, 'en_ifvg': False, 'en_breaker': False, 'breaker_swing_l': 3, 'en_cisd': True, 'k': 1, 'en_cap_bars': False, 'cap_1min': 1381}.
[I 2026-07-13 17:16:10,077] Trial 378 finished with values: [-157.98495596660587, -329.18062834203283, 34.849999999999994] and parameters: {'sl_soft': 0.9976436795384156, 'sl_hard_delta': 0.37325946217175326, 'tp': 1.7252928254459086, 'gate_pct': 62.02693045764362, 'dd_limit': 208.93735973419433, 'cooldown': 23, 'flip': True, 'en_ema_trend': True, 'ema_trend_fast': 393, 'ema_trend_slow': 361, 'en_sma_trend': False, 'sma_trend_fast': 14, 'sma_trend_slow': 342, 'en_macd': False, 'macd_fast': 57, 'macd_slow': 64, 'macd_signal': 36, 'en_vwap': True, 'en_keltner': True, 'keltner_n': 49, 'keltner_m': 4.5, 'en_obv': False, 'obv_slope': 116, 'en_cci': False, 'cci_n': 2, 'cci_threshold': 155, 'en_rsi': True, 'rsi_n': 25, 'rsi_lower': 12, 'rsi_upper': 58, 'en_stochastic': False, 'stochastic_n': 55, 'stochastic_d': 23, 'stochastic_lower': 44, 'stochastic_upper': 56, 'en_mfi': False, 'mfi_n': 41, 'mfi_lower': 36, 'mfi_upper': 54, 'en_bollinger': True, 'bollinger_n': 62, 'bollinger_k': 4.8, 'en_adx': False, 'adx_n': 2, 'adx_threshold': 9, 'en_structure_trend': True, 'structure_trend_swing_l': 11, 'en_order_block': False, 'order_block_swing_l': 12, 'en_fvg': True, 'fvg_lookback': 45, 'en_ifvg': False, 'en_breaker': True, 'breaker_swing_l': 18, 'en_cisd': False, 'k': 3, 'en_cap_bars': False, 'cap_1min': 1165}.
[I 2026-07-13 17:16:10,384] Trial 379 finished with values: [-91.30747824492573, -274.1806283420374, 37.45] and parameters: {'sl_soft': 0.9976436795384156, 'sl_hard_delta': 0.37325946217175326, 'tp': 1.7252928254459086, 'gate_pct': 42.9738375018603, 'dd_limit': 208.93735973419433, 'cooldown': 23, 'flip': False, 'en_ema_trend': True, 'ema_trend_fast': 101, 'ema_trend_slow': 399, 'en_sma_trend': False, 'sma_trend_fast': 14, 'sma_trend_slow': 376, 'en_macd': True, 'macd_fast': 71, 'macd_slow': 64, 'macd_signal': 36, 'en_vwap': True, 'en_keltner': True, 'keltner_n': 49, 'keltner_m': 4.5, 'en_obv': True, 'obv_slope': 116, 'en_cci': False, 'cci_n': 112, 'cci_threshold': 155, 'en_rsi': False, 'rsi_n': 24, 'rsi_lower': 12, 'rsi_upper': 63, 'en_stochastic': False, 'stochastic_n': 55, 'stochastic_d': 35, 'stochastic_lower': 44, 'stochastic_upper': 56, 'en_mfi': False, 'mfi_n': 84, 'mfi_lower': 36, 'mfi_upper': 54, 'en_bollinger': True, 'bollinger_n': 161, 'bollinger_k': 3.4000000000000004, 'en_adx': False, 'adx_n': 49, 'adx_threshold': 9, 'en_structure_trend': True, 'structure_trend_swing_l': 17, 'en_order_block': True, 'order_block_swing_l': 14, 'en_fvg': True, 'fvg_lookback': 45, 'en_ifvg': False, 'en_breaker': True, 'breaker_swing_l': 5, 'en_cisd': False, 'k': 2, 'en_cap_bars': False, 'cap_1min': 1165}.
[I 2026-07-13 17:16:12,884] Trial 380 finished with values: [-546.3850263370091, -1521.5891024347457, 32.35] and parameters: {'sl_soft': 1.124380577176661, 'sl_hard_delta': 0.02145810771492437, 'tp': 2.1925639368831504, 'gate_pct': 81.18231608664598, 'dd_limit': 390.2569167971573, 'cooldown': 0, 'flip': False, 'en_ema_trend': True, 'ema_trend_fast': 293, 'ema_trend_slow': 38, 'en_sma_trend': False, 'sma_trend_fast': 285, 'sma_trend_slow': 304, 'en_macd': True, 'macd_fast': 25, 'macd_slow': 134, 'macd_signal': 36, 'en_vwap': True, 'en_keltner': False, 'keltner_n': 77, 'keltner_m': 0.5, 'en_obv': True, 'obv_slope': 170, 'en_cci': True, 'cci_n': 125, 'cci_threshold': 50, 'en_rsi': False, 'rsi_n': 48, 'rsi_lower': 42, 'rsi_upper': 84, 'en_stochastic': False, 'stochastic_n': 89, 'stochastic_d': 3, 'stochastic_lower': 40, 'stochastic_upper': 53, 'en_mfi': False, 'mfi_n': 97, 'mfi_lower': 47, 'mfi_upper': 76, 'en_bollinger': False, 'bollinger_n': 178, 'bollinger_k': 3.8000000000000003, 'en_adx': False, 'adx_n': 59, 'adx_threshold': 9, 'en_structure_trend': True, 'structure_trend_swing_l': 10, 'en_order_block': True, 'order_block_swing_l': 13, 'en_fvg': False, 'fvg_lookback': 50, 'en_ifvg': True, 'en_breaker': False, 'breaker_swing_l': 19, 'en_cisd': True, 'k': 3, 'en_cap_bars': False, 'cap_1min': 933}.
[I 2026-07-13 17:16:17,767] Trial 381 finished with values: [117.35932393091844, -517.1477528632181, 58.35] and parameters: {'sl_soft': 1.124380577176661, 'sl_hard_delta': 1.037238487338135, 'tp': 1.9062213357503182, 'gate_pct': 26.991527672954163, 'dd_limit': 388.6442032455649, 'cooldown': 6, 'flip': True, 'en_ema_trend': False, 'ema_trend_fast': 317, 'ema_trend_slow': 38, 'en_sma_trend': False, 'sma_trend_fast': 268, 'sma_trend_slow': 29, 'en_macd': False, 'macd_fast': 52, 'macd_slow': 47, 'macd_signal': 24, 'en_vwap': False, 'en_keltner': False, 'keltner_n': 77, 'keltner_m': 0.9, 'en_obv': True, 'obv_slope': 44, 'en_cci': True, 'cci_n': 125, 'cci_threshold': 45, 'en_rsi': False, 'rsi_n': 95, 'rsi_lower': 7, 'rsi_upper': 55, 'en_stochastic': False, 'stochastic_n': 8, 'stochastic_d': 3, 'stochastic_lower': 2, 'stochastic_upper': 77, 'en_mfi': True, 'mfi_n': 45, 'mfi_lower': 13, 'mfi_upper': 61, 'en_bollinger': False, 'bollinger_n': 178, 'bollinger_k': 2.7, 'en_adx': True, 'adx_n': 31, 'adx_threshold': 9, 'en_structure_trend': True, 'structure_trend_swing_l': 17, 'en_order_block': False, 'order_block_swing_l': 14, 'en_fvg': False, 'fvg_lookback': 50, 'en_ifvg': False, 'en_breaker': True, 'breaker_swing_l': 3, 'en_cisd': False, 'k': 1, 'en_cap_bars': False, 'cap_1min': 995}.
[I 2026-07-13 17:16:20,434] Trial 382 finished with values: [177.89614792055772, -604.6855857452101, 34.45] and parameters: {'sl_soft': 0.7051738093466424, 'sl_hard_delta': 0.22815506069682887, 'tp': 1.9062213357503182, 'gate_pct': 74.64771504966384, 'dd_limit': 190.1331512882937, 'cooldown': 26, 'flip': True, 'en_ema_trend': True, 'ema_trend_fast': 236, 'ema_trend_slow': 90, 'en_sma_trend': True, 'sma_trend_fast': 285, 'sma_trend_slow': 304, 'en_macd': False, 'macd_fast': 49, 'macd_slow': 98, 'macd_signal': 26, 'en_vwap': True, 'en_keltner': True, 'keltner_n': 162, 'keltner_m': 3.9000000000000004, 'en_obv': True, 'obv_slope': 44, 'en_cci': True, 'cci_n': 42, 'cci_threshold': 50, 'en_rsi': True, 'rsi_n': 39, 'rsi_lower': 13, 'rsi_upper': 94, 'en_stochastic': False, 'stochastic_n': 77, 'stochastic_d': 24, 'stochastic_lower': 34, 'stochastic_upper': 70, 'en_mfi': False, 'mfi_n': 13, 'mfi_lower': 23, 'mfi_upper': 51, 'en_bollinger': False, 'bollinger_n': 92, 'bollinger_k': 2.5, 'en_adx': False, 'adx_n': 2, 'adx_threshold': 9, 'en_structure_trend': False, 'structure_trend_swing_l': 10, 'en_order_block': False, 'order_block_swing_l': 14, 'en_fvg': True, 'fvg_lookback': 41, 'en_ifvg': False, 'en_breaker': False, 'breaker_swing_l': 9, 'en_cisd': True, 'k': 4, 'en_cap_bars': False, 'cap_1min': 651}.
[I 2026-07-13 17:16:23,446] Trial 383 pruned. 
