[I 2026-07-13 17:14:29,932] Trial 1008 finished with values: [7059.724754722005, -3886.9094056597532, 55.3] and parameters: {'sl_soft': 13.106247429258882, 'sl_hard_delta': 16.490247779034476, 'tp': 20.630905943402496, 'gate_pct': 90.0783114706916, 'dd_limit': 377.8686668899344, 'cooldown': 0, 'flip': False, 'en_ema_trend': True, 'ema_trend_fast': 177, 'ema_trend_slow': 381, 'en_sma_trend': False, 'sma_trend_fast': 95, 'sma_trend_slow': 229, 'en_macd': True, 'macd_fast': 56, 'macd_slow': 149, 'macd_signal': 13, 'en_vwap': True, 'en_keltner': True, 'keltner_n': 17, 'keltner_m': 3.9000000000000004, 'en_obv': True, 'obv_slope': 30, 'en_cci': True, 'cci_n': 88, 'cci_threshold': 45, 'en_rsi': False, 'rsi_n': 39, 'rsi_lower': 15, 'rsi_upper': 60, 'en_stochastic': True, 'stochastic_n': 3, 'stochastic_d': 19, 'stochastic_lower': 43, 'stochastic_upper': 97, 'en_mfi': True, 'mfi_n': 65, 'mfi_lower': 23, 'mfi_upper': 90, 'en_bollinger': False, 'bollinger_n': 78, 'bollinger_k': 0.6, 'en_adx': False, 'adx_n': 88, 'adx_threshold': 12, 'en_structure_trend': False, 'structure_trend_swing_l': 19, 'en_order_block': False, 'order_block_swing_l': 3, 'en_fvg': False, 'fvg_lookback': 31, 'en_ifvg': False, 'en_breaker': False, 'breaker_swing_l': 5, 'en_cisd': True, 'k': 3, 'en_cap_bars': False, 'cap_1min': 583}.
[I 2026-07-13 17:14:30,537] Trial 1009 finished with values: [1650.9371721274533, -2973.3125655745425, 51.2] and parameters: {'sl_soft': 12.635376690751764, 'sl_hard_delta': 16.490247779034476, 'tp': 21.8337486885096, 'gate_pct': 68.22768503522947, 'dd_limit': 390.2087279618219, 'cooldown': 0, 'flip': False, 'en_ema_trend': True, 'ema_trend_fast': 177, 'ema_trend_slow': 196, 'en_sma_trend': True, 'sma_trend_fast': 128, 'sma_trend_slow': 322, 'en_macd': False, 'macd_fast': 55, 'macd_slow': 77, 'macd_signal': 54, 'en_vwap': True, 'en_keltner': False, 'keltner_n': 17, 'keltner_m': 2.5, 'en_obv': False, 'obv_slope': 54, 'en_cci': True, 'cci_n': 184, 'cci_threshold': 195, 'en_rsi': False, 'rsi_n': 39, 'rsi_lower': 13, 'rsi_upper': 69, 'en_stochastic': False, 'stochastic_n': 97, 'stochastic_d': 27, 'stochastic_lower': 32, 'stochastic_upper': 97, 'en_mfi': True, 'mfi_n': 100, 'mfi_lower': 27, 'mfi_upper': 74, 'en_bollinger': False, 'bollinger_n': 151, 'bollinger_k': 3.8000000000000003, 'en_adx': False, 'adx_n': 19, 'adx_threshold': 7, 'en_structure_trend': True, 'structure_trend_swing_l': 15, 'en_order_block': False, 'order_block_swing_l': 3, 'en_fvg': False, 'fvg_lookback': 40, 'en_ifvg': True, 'en_breaker': False, 'breaker_swing_l': 5, 'en_cisd': True, 'k': 3, 'en_cap_bars': False, 'cap_1min': 1145}.
[I 2026-07-13 17:14:35,748] Trial 1010 finished with values: [7082.952971701241, -3115.000000000009, 66.7] and parameters: {'sl_soft': 13.106247429258882, 'sl_hard_delta': 16.490247779034476, 'tp': 20.630905943402496, 'gate_pct': 90.0783114706916, 'dd_limit': 377.8686668899344, 'cooldown': 2, 'flip': False, 'en_ema_trend': True, 'ema_trend_fast': 177, 'ema_trend_slow': 381, 'en_sma_trend': False, 'sma_trend_fast': 95, 'sma_trend_slow': 321, 'en_macd': True, 'macd_fast': 98, 'macd_slow': 94, 'macd_signal': 13, 'en_vwap': True, 'en_keltner': False, 'keltner_n': 35, 'keltner_m': 3.9000000000000004, 'en_obv': True, 'obv_slope': 30, 'en_cci': False, 'cci_n': 88, 'cci_threshold': 290, 'en_rsi': True, 'rsi_n': 67, 'rsi_lower': 15, 'rsi_upper': 60, 'en_stochastic': True, 'stochastic_n': 3, 'stochastic_d': 37, 'stochastic_lower': 43, 'stochastic_upper': 97, 'en_mfi': True, 'mfi_n': 100, 'mfi_lower': 23, 'mfi_upper': 90, 'en_bollinger': False, 'bollinger_n': 78, 'bollinger_k': 0.6, 'en_adx': False, 'adx_n': 88, 'adx_threshold': 37, 'en_structure_trend': False, 'structure_trend_swing_l': 19, 'en_order_block': False, 'order_block_swing_l': 3, 'en_fvg': False, 'fvg_lookback': 31, 'en_ifvg': False, 'en_breaker': False, 'breaker_swing_l': 5, 'en_cisd': True, 'k': 3, 'en_cap_bars': False, 'cap_1min': 583}.
[I 2026-07-13 17:14:36,045] Trial 1011 finished with values: [10996.279840147981, -9221.43822131959, 54.65] and parameters: {'sl_soft': 13.106247429258882, 'sl_hard_delta': 16.490247779034476, 'tp': 21.8337486885096, 'gate_pct': 90.0783114706916, 'dd_limit': 28.9935892757227, 'cooldown': 0, 'flip': False, 'en_ema_trend': True, 'ema_trend_fast': 177, 'ema_trend_slow': 301, 'en_sma_trend': False, 'sma_trend_fast': 95, 'sma_trend_slow': 321, 'en_macd': True, 'macd_fast': 98, 'macd_slow': 94, 'macd_signal': 13, 'en_vwap': True, 'en_keltner': False, 'keltner_n': 35, 'keltner_m': 3.9000000000000004, 'en_obv': True, 'obv_slope': 30, 'en_cci': False, 'cci_n': 88, 'cci_threshold': 195, 'en_rsi': True, 'rsi_n': 39, 'rsi_lower': 15, 'rsi_upper': 95, 'en_stochastic': False, 'stochastic_n': 19, 'stochastic_d': 31, 'stochastic_lower': 43, 'stochastic_upper': 97, 'en_mfi': True, 'mfi_n': 100, 'mfi_lower': 23, 'mfi_upper': 90, 'en_bollinger': False, 'bollinger_n': 184, 'bollinger_k': 0.6, 'en_adx': False, 'adx_n': 88, 'adx_threshold': 12, 'en_structure_trend': False, 'structure_trend_swing_l': 19, 'en_order_block': False, 'order_block_swing_l': 3, 'en_fvg': False, 'fvg_lookback': 31, 'en_ifvg': False, 'en_breaker': False, 'breaker_swing_l': 5, 'en_cisd': True, 'k': 3, 'en_cap_bars': False, 'cap_1min': 583}.
[I 2026-07-13 17:14:36,888] Trial 1012 finished with values: [11255.359780668015, -4241.909405659793, 45.7] and parameters: {'sl_soft': 7.863750810090712, 'sl_hard_delta': 16.490247779034476, 'tp': 20.630905943402496, 'gate_pct': 90.0783114706916, 'dd_limit': 28.9935892757227, 'cooldown': 0, 'flip': False, 'en_ema_trend': False, 'ema_trend_fast': 177, 'ema_trend_slow': 129, 'en_sma_trend': False, 'sma_trend_fast': 128, 'sma_trend_slow': 321, 'en_macd': True, 'macd_fast': 98, 'macd_slow': 150, 'macd_signal': 13, 'en_vwap': True, 'en_keltner': False, 'keltner_n': 35, 'keltner_m': 3.9000000000000004, 'en_obv': True, 'obv_slope': 30, 'en_cci': False, 'cci_n': 136, 'cci_threshold': 265, 'en_rsi': False, 'rsi_n': 39, 'rsi_lower': 13, 'rsi_upper': 95, 'en_stochastic': False, 'stochastic_n': 27, 'stochastic_d': 31, 'stochastic_lower': 47, 'stochastic_upper': 97, 'en_mfi': True, 'mfi_n': 100, 'mfi_lower': 28, 'mfi_upper': 97, 'en_bollinger': False, 'bollinger_n': 184, 'bollinger_k': 3.9000000000000004, 'en_adx': False, 'adx_n': 88, 'adx_threshold': 12, 'en_structure_trend': False, 'structure_trend_swing_l': 19, 'en_order_block': False, 'order_block_swing_l': 17, 'en_fvg': False, 'fvg_lookback': 21, 'en_ifvg': False, 'en_breaker': False, 'breaker_swing_l': 5, 'en_cisd': False, 'k': 2, 'en_cap_bars': False, 'cap_1min': 1287}.
[I 2026-07-13 17:14:41,677] Trial 1013 finished with values: [2664.1577325571575, -3372.500323015288, 61.150000000000006] and parameters: {'sl_soft': 13.322824841198319, 'sl_hard_delta': 2.3271816191076544, 'tp': 20.630905943402496, 'gate_pct': 86.86001597008706, 'dd_limit': 273.0576847763431, 'cooldown': 0, 'flip': False, 'en_ema_trend': True, 'ema_trend_fast': 77, 'ema_trend_slow': 196, 'en_sma_trend': True, 'sma_trend_fast': 128, 'sma_trend_slow': 396, 'en_macd': False, 'macd_fast': 50, 'macd_slow': 94, 'macd_signal': 13, 'en_vwap': True, 'en_keltner': False, 'keltner_n': 99, 'keltner_m': 3.3000000000000003, 'en_obv': True, 'obv_slope': 161, 'en_cci': False, 'cci_n': 187, 'cci_threshold': 35, 'en_rsi': True, 'rsi_n': 39, 'rsi_lower': 15, 'rsi_upper': 60, 'en_stochastic': True, 'stochastic_n': 3, 'stochastic_d': 19, 'stochastic_lower': 47, 'stochastic_upper': 97, 'en_mfi': True, 'mfi_n': 65, 'mfi_lower': 19, 'mfi_upper': 74, 'en_bollinger': False, 'bollinger_n': 20, 'bollinger_k': 1.1, 'en_adx': False, 'adx_n': 19, 'adx_threshold': 43, 'en_structure_trend': True, 'structure_trend_swing_l': 19, 'en_order_block': False, 'order_block_swing_l': 19, 'en_fvg': False, 'fvg_lookback': 5, 'en_ifvg': False, 'en_breaker': False, 'breaker_swing_l': 18, 'en_cisd': True, 'k': 3, 'en_cap_bars': True, 'cap_1min': 583}.
[I 2026-07-13 17:14:41,894] Trial 1014 finished with values: [2824.3399221910636, -4245.511648886645, 55.6] and parameters: {'sl_soft': 12.150548735644255, 'sl_hard_delta': 2.3271816191076544, 'tp': 21.8337486885096, 'gate_pct': 52.17251662300083, 'dd_limit': 162.39650823726745, 'cooldown': 0, 'flip': False, 'en_ema_trend': True, 'ema_trend_fast': 177, 'ema_trend_slow': 196, 'en_sma_trend': True, 'sma_trend_fast': 362, 'sma_trend_slow': 229, 'en_macd': False, 'macd_fast': 100, 'macd_slow': 149, 'macd_signal': 59, 'en_vwap': True, 'en_keltner': True, 'keltner_n': 17, 'keltner_m': 4.5, 'en_obv': True, 'obv_slope': 54, 'en_cci': False, 'cci_n': 87, 'cci_threshold': 195, 'en_rsi': False, 'rsi_n': 39, 'rsi_lower': 15, 'rsi_upper': 95, 'en_stochastic': False, 'stochastic_n': 3, 'stochastic_d': 27, 'stochastic_lower': 43, 'stochastic_upper': 97, 'en_mfi': True, 'mfi_n': 11, 'mfi_lower': 23, 'mfi_upper': 90, 'en_bollinger': False, 'bollinger_n': 78, 'bollinger_k': 0.6, 'en_adx': False, 'adx_n': 88, 'adx_threshold': 12, 'en_structure_trend': False, 'structure_trend_swing_l': 19, 'en_order_block': False, 'order_block_swing_l': 17, 'en_fvg': False, 'fvg_lookback': 31, 'en_ifvg': False, 'en_breaker': False, 'breaker_swing_l': 19, 'en_cisd': True, 'k': 1, 'en_cap_bars': True, 'cap_1min': 1332}.
[I 2026-07-13 17:14:42,090] Trial 1015 finished with values: [6265.679457551857, -3804.9999999999945, 53.7] and parameters: {'sl_soft': 12.150548735644255, 'sl_hard_delta': 16.490247779034476, 'tp': 20.630905943402496, 'gate_pct': 90.0783114706916, 'dd_limit': 162.39650823726745, 'cooldown': 0, 'flip': False, 'en_ema_trend': True, 'ema_trend_fast': 177, 'ema_trend_slow': 381, 'en_sma_trend': False, 'sma_trend_fast': 95, 'sma_trend_slow': 229, 'en_macd': False, 'macd_fast': 56, 'macd_slow': 149, 'macd_signal': 13, 'en_vwap': True, 'en_keltner': True, 'keltner_n': 17, 'keltner_m': 3.9000000000000004, 'en_obv': True, 'obv_slope': 51, 'en_cci': True, 'cci_n': 87, 'cci_threshold': 195, 'en_rsi': False, 'rsi_n': 39, 'rsi_lower': 15, 'rsi_upper': 95, 'en_stochastic': True, 'stochastic_n': 3, 'stochastic_d': 27, 'stochastic_lower': 43, 'stochastic_upper': 97, 'en_mfi': True, 'mfi_n': 65, 'mfi_lower': 23, 'mfi_upper': 90, 'en_bollinger': False, 'bollinger_n': 78, 'bollinger_k': 0.6, 'en_adx': False, 'adx_n': 88, 'adx_threshold': 12, 'en_structure_trend': False, 'structure_trend_swing_l': 19, 'en_order_block': False, 'order_block_swing_l': 3, 'en_fvg': False, 'fvg_lookback': 31, 'en_ifvg': False, 'en_breaker': False, 'breaker_swing_l': 5, 'en_cisd': True, 'k': 3, 'en_cap_bars': False, 'cap_1min': 583}.
[I 2026-07-13 17:14:43,679] Trial 1016 finished with values: [1885.4085400953863, -1698.454702829872, 56.75] and parameters: {'sl_soft': 13.106247429258882, 'sl_hard_delta': 16.490247779034476, 'tp': 20.630905943402496, 'gate_pct': 68.22768503522947, 'dd_limit': 28.9935892757227, 'cooldown': 0, 'flip': False, 'en_ema_trend': True, 'ema_trend_fast': 177, 'ema_trend_slow': 196, 'en_sma_trend': True, 'sma_trend_fast': 362, 'sma_trend_slow': 229, 'en_macd': False, 'macd_fast': 56, 'macd_slow': 94, 'macd_signal': 84, 'en_vwap': True, 'en_keltner': True, 'keltner_n': 17, 'keltner_m': 3.9000000000000004, 'en_obv': True, 'obv_slope': 54, 'en_cci': True, 'cci_n': 87, 'cci_threshold': 290, 'en_rsi': True, 'rsi_n': 40, 'rsi_lower': 15, 'rsi_upper': 95, 'en_stochastic': True, 'stochastic_n': 35, 'stochastic_d': 40, 'stochastic_lower': 43, 'stochastic_upper': 97, 'en_mfi': True, 'mfi_n': 11, 'mfi_lower': 23, 'mfi_upper': 97, 'en_bollinger': False, 'bollinger_n': 78, 'bollinger_k': 0.6, 'en_adx': False, 'adx_n': 8, 'adx_threshold': 12, 'en_structure_trend': False, 'structure_trend_swing_l': 19, 'en_order_block': False, 'order_block_swing_l': 17, 'en_fvg': False, 'fvg_lookback': 31, 'en_ifvg': False, 'en_breaker': False, 'breaker_swing_l': 18, 'en_cisd': True, 'k': 2, 'en_cap_bars': True, 'cap_1min': 522}.
[I 2026-07-13 17:14:44,014] Trial 1017 finished with values: [1340.9683237656964, -4894.999999999982, 46.7] and parameters: {'sl_soft': 13.322824841198319, 'sl_hard_delta': 16.490247779034476, 'tp': 21.8337486885096, 'gate_pct': 90.0783114706916, 'dd_limit': 28.9935892757227, 'cooldown': 2, 'flip': False, 'en_ema_trend': True, 'ema_trend_fast': 177, 'ema_trend_slow': 144, 'en_sma_trend': True, 'sma_trend_fast': 109, 'sma_trend_slow': 324, 'en_macd': True, 'macd_fast': 98, 'macd_slow': 94, 'macd_signal': 89, 'en_vwap': True, 'en_keltner': False, 'keltner_n': 17, 'keltner_m': 3.9000000000000004, 'en_obv': True, 'obv_slope': 30, 'en_cci': True, 'cci_n': 188, 'cci_threshold': 290, 'en_rsi': False, 'rsi_n': 67, 'rsi_lower': 8, 'rsi_upper': 60, 'en_stochastic': False, 'stochastic_n': 27, 'stochastic_d': 35, 'stochastic_lower': 12, 'stochastic_upper': 83, 'en_mfi': False, 'mfi_n': 7, 'mfi_lower': 31, 'mfi_upper': 85, 'en_bollinger': False, 'bollinger_n': 78, 'bollinger_k': 1.1, 'en_adx': True, 'adx_n': 19, 'adx_threshold': 17, 'en_structure_trend': False, 'structure_trend_swing_l': 4, 'en_order_block': False, 'order_block_swing_l': 17, 'en_fvg': False, 'fvg_lookback': 31, 'en_ifvg': False, 'en_breaker': False, 'breaker_swing_l': 5, 'en_cisd': False, 'k': 3, 'en_cap_bars': True, 'cap_1min': 929}.
[I 2026-07-13 17:14:47,661] Trial 1018 finished with values: [2012.811516382419, -9099.937696723442, 45.2] and parameters: {'sl_soft': 13.106247429258882, 'sl_hard_delta': 16.490247779034476, 'tp': 21.8337486885096, 'gate_pct': 90.0783114706916, 'dd_limit': 162.39650823726745, 'cooldown': 0, 'flip': False, 'en_ema_trend': True, 'ema_trend_fast': 250, 'ema_trend_slow': 301, 'en_sma_trend': False, 'sma_trend_fast': 95, 'sma_trend_slow': 321, 'en_macd': True, 'macd_fast': 50, 'macd_slow': 150, 'macd_signal': 6, 'en_vwap': True, 'en_keltner': True, 'keltner_n': 75, 'keltner_m': 3.3000000000000003, 'en_obv': True, 'obv_slope': 54, 'en_cci': True, 'cci_n': 88, 'cci_threshold': 45, 'en_rsi': True, 'rsi_n': 39, 'rsi_lower': 15, 'rsi_upper': 95, 'en_stochastic': False, 'stochastic_n': 27, 'stochastic_d': 35, 'stochastic_lower': 43, 'stochastic_upper': 97, 'en_mfi': True, 'mfi_n': 7, 'mfi_lower': 23, 'mfi_upper': 90, 'en_bollinger': False, 'bollinger_n': 155, 'bollinger_k': 1.1, 'en_adx': False, 'adx_n': 19, 'adx_threshold': 12, 'en_structure_trend': False, 'structure_trend_swing_l': 19, 'en_order_block': False, 'order_block_swing_l': 3, 'en_fvg': False, 'fvg_lookback': 31, 'en_ifvg': False, 'en_breaker': False, 'breaker_swing_l': 5, 'en_cisd': True, 'k': 3, 'en_cap_bars': False, 'cap_1min': 412}.
[I 2026-07-13 17:14:48,045] Trial 1019 pruned. 
[I 2026-07-13 17:14:50,522] Trial 1020 pruned. 
[I 2026-07-13 17:14:50,790] Trial 1021 finished with values: [1582.8320683261268, -1450.0, 63.35] and parameters: {'sl_soft': 12.150548735644255, 'sl_hard_delta': 2.3271816191076544, 'tp': 21.8337486885096, 'gate_pct': 68.22768503522947, 'dd_limit': 390.2087279618219, 'cooldown': 0, 'flip': False, 'en_ema_trend': True, 'ema_trend_fast': 159, 'ema_trend_slow': 381, 'en_sma_trend': False, 'sma_trend_fast': 29, 'sma_trend_slow': 144, 'en_macd': True, 'macd_fast': 98, 'macd_slow': 94, 'macd_signal': 13, 'en_vwap': True, 'en_keltner': True, 'keltner_n': 17, 'keltner_m': 4.5, 'en_obv': True, 'obv_slope': 83, 'en_cci': True, 'cci_n': 156, 'cci_threshold': 290, 'en_rsi': True, 'rsi_n': 39, 'rsi_lower': 15, 'rsi_upper': 60, 'en_stochastic': True, 'stochastic_n': 35, 'stochastic_d': 40, 'stochastic_lower': 43, 'stochastic_upper': 72, 'en_mfi': True, 'mfi_n': 83, 'mfi_lower': 19, 'mfi_upper': 97, 'en_bollinger': False, 'bollinger_n': 78, 'bollinger_k': 0.6, 'en_adx': False, 'adx_n': 33, 'adx_threshold': 37, 'en_structure_trend': False, 'structure_trend_swing_l': 19, 'en_order_block': False, 'order_block_swing_l': 17, 'en_fvg': False, 'fvg_lookback': 30, 'en_ifvg': True, 'en_breaker': False, 'breaker_swing_l': 15, 'en_cisd': True, 'k': 3, 'en_cap_bars': False, 'cap_1min': 583}.
[I 2026-07-13 17:14:51,173] Trial 1022 finished with values: [-418.40196164588974, -6048.8307553122695, 42.099999999999994] and parameters: {'sl_soft': 12.150548735644255, 'sl_hard_delta': 2.3271816191076544, 'tp': 21.8337486885096, 'gate_pct': 90.0783114706916, 'dd_limit': 162.39650823726745, 'cooldown': 0, 'flip': False, 'en_ema_trend': True, 'ema_trend_fast': 177, 'ema_trend_slow': 381, 'en_sma_trend': False, 'sma_trend_fast': 128, 'sma_trend_slow': 321, 'en_macd': True, 'macd_fast': 56, 'macd_slow': 94, 'macd_signal': 13, 'en_vwap': True, 'en_keltner': False, 'keltner_n': 17, 'keltner_m': 3.3000000000000003, 'en_obv': True, 'obv_slope': 30, 'en_cci': True, 'cci_n': 87, 'cci_threshold': 195, 'en_rsi': True, 'rsi_n': 39, 'rsi_lower': 13, 'rsi_upper': 95, 'en_stochastic': False, 'stochastic_n': 3, 'stochastic_d': 19, 'stochastic_lower': 47, 'stochastic_upper': 97, 'en_mfi': False, 'mfi_n': 100, 'mfi_lower': 23, 'mfi_upper': 90, 'en_bollinger': False, 'bollinger_n': 20, 'bollinger_k': 0.6, 'en_adx': True, 'adx_n': 88, 'adx_threshold': 12, 'en_structure_trend': False, 'structure_trend_swing_l': 19, 'en_order_block': False, 'order_block_swing_l': 5, 'en_fvg': False, 'fvg_lookback': 31, 'en_ifvg': False, 'en_breaker': False, 'breaker_swing_l': 5, 'en_cisd': True, 'k': 3, 'en_cap_bars': False, 'cap_1min': 583}.
[I 2026-07-13 17:14:51,596] Trial 1023 finished with values: [4846.825981584754, -2984.972118787323, 58.7] and parameters: {'sl_soft': 12.150548735644255, 'sl_hard_delta': 2.3271816191076544, 'tp': 21.8337486885096, 'gate_pct': 63.90528592947753, 'dd_limit': 28.9935892757227, 'cooldown': 0, 'flip': False, 'en_ema_trend': False, 'ema_trend_fast': 177, 'ema_trend_slow': 129, 'en_sma_trend': False, 'sma_trend_fast': 128, 'sma_trend_slow': 396, 'en_macd': False, 'macd_fast': 49, 'macd_slow': 150, 'macd_signal': 54, 'en_vwap': True, 'en_keltner': True, 'keltner_n': 185, 'keltner_m': 3.9000000000000004, 'en_obv': True, 'obv_slope': 18, 'en_cci': True, 'cci_n': 184, 'cci_threshold': 35, 'en_rsi': True, 'rsi_n': 39, 'rsi_lower': 13, 'rsi_upper': 95, 'en_stochastic': False, 'stochastic_n': 39, 'stochastic_d': 46, 'stochastic_lower': 47, 'stochastic_upper': 97, 'en_mfi': True, 'mfi_n': 65, 'mfi_lower': 23, 'mfi_upper': 77, 'en_bollinger': False, 'bollinger_n': 78, 'bollinger_k': 3.2, 'en_adx': False, 'adx_n': 88, 'adx_threshold': 7, 'en_structure_trend': True, 'structure_trend_swing_l': 19, 'en_order_block': False, 'order_block_swing_l': 17, 'en_fvg': False, 'fvg_lookback': 31, 'en_ifvg': False, 'en_breaker': False, 'breaker_swing_l': 5, 'en_cisd': True, 'k': 3, 'en_cap_bars': False, 'cap_1min': 412}.
[I 2026-07-13 17:14:52,057] Trial 1024 finished with values: [1641.6874344254325, -1875.0000000000227, 63.650000000000006] and parameters: {'sl_soft': 13.322824841198319, 'sl_hard_delta': 9.164990840987153, 'tp': 21.8337486885096, 'gate_pct': 86.86001597008706, 'dd_limit': 162.39650823726745, 'cooldown': 1, 'flip': False, 'en_ema_trend': True, 'ema_trend_fast': 177, 'ema_trend_slow': 196, 'en_sma_trend': True, 'sma_trend_fast': 289, 'sma_trend_slow': 229, 'en_macd': False, 'macd_fast': 49, 'macd_slow': 78, 'macd_signal': 13, 'en_vwap': False, 'en_keltner': False, 'keltner_n': 185, 'keltner_m': 3.9000000000000004, 'en_obv': True, 'obv_slope': 54, 'en_cci': True, 'cci_n': 188, 'cci_threshold': 290, 'en_rsi': False, 'rsi_n': 67, 'rsi_lower': 15, 'rsi_upper': 71, 'en_stochastic': True, 'stochastic_n': 35, 'stochastic_d': 37, 'stochastic_lower': 13, 'stochastic_upper': 97, 'en_mfi': True, 'mfi_n': 7, 'mfi_lower': 33, 'mfi_upper': 74, 'en_bollinger': False, 'bollinger_n': 78, 'bollinger_k': 4.2, 'en_adx': False, 'adx_n': 88, 'adx_threshold': 12, 'en_structure_trend': False, 'structure_trend_swing_l': 19, 'en_order_block': False, 'order_block_swing_l': 17, 'en_fvg': False, 'fvg_lookback': 31, 'en_ifvg': False, 'en_breaker': False, 'breaker_swing_l': 5, 'en_cisd': False, 'k': 1, 'en_cap_bars': True, 'cap_1min': 105}.
[I 2026-07-13 17:14:52,492] Trial 1025 finished with values: [7068.952106136953, -4554.999999999995, 55.45] and parameters: {'sl_soft': 13.106247429258882, 'sl_hard_delta': 16.490247779034476, 'tp': 20.630905943402496, 'gate_pct': 90.0783114706916, 'dd_limit': 28.9935892757227, 'cooldown': 0, 'flip': False, 'en_ema_trend': True, 'ema_trend_fast': 177, 'ema_trend_slow': 301, 'en_sma_trend': False, 'sma_trend_fast': 362, 'sma_trend_slow': 229, 'en_macd': True, 'macd_fast': 56, 'macd_slow': 94, 'macd_signal': 84, 'en_vwap': True, 'en_keltner': False, 'keltner_n': 17, 'keltner_m': 3.9000000000000004, 'en_obv': True, 'obv_slope': 54, 'en_cci': False, 'cci_n': 89, 'cci_threshold': 290, 'en_rsi': True, 'rsi_n': 39, 'rsi_lower': 15, 'rsi_upper': 71, 'en_stochastic': True, 'stochastic_n': 3, 'stochastic_d': 27, 'stochastic_lower': 43, 'stochastic_upper': 85, 'en_mfi': False, 'mfi_n': 65, 'mfi_lower': 23, 'mfi_upper': 90, 'en_bollinger': False, 'bollinger_n': 78, 'bollinger_k': 0.6, 'en_adx': False, 'adx_n': 88, 'adx_threshold': 37, 'en_structure_trend': False, 'structure_trend_swing_l': 19, 'en_order_block': False, 'order_block_swing_l': 17, 'en_fvg': False, 'fvg_lookback': 31, 'en_ifvg': False, 'en_breaker': False, 'breaker_swing_l': 19, 'en_cisd': True, 'k': 2, 'en_cap_bars': False, 'cap_1min': 583}.
