[I 2026-07-13 17:32:58,846] Trial 897 finished with values: [-64.87466636758654, -521.8523828713614, 38.0] and parameters: {'sl_soft': 0.6154913983821713, 'sl_hard_delta': 0.24002809860404511, 'tp': 1.2548102965475247, 'gate_pct': 73.0036735816267, 'dd_limit': 241.42955722086123, 'cooldown': 20, 'flip': True, 'en_ema_trend': False, 'ema_trend_fast': 40, 'ema_trend_slow': 361, 'en_sma_trend': False, 'sma_trend_fast': 232, 'sma_trend_slow': 304, 'en_macd': True, 'macd_fast': 80, 'macd_slow': 47, 'macd_signal': 27, 'en_vwap': False, 'en_keltner': True, 'keltner_n': 168, 'keltner_m': 1.5, 'en_obv': False, 'obv_slope': 168, 'en_cci': True, 'cci_n': 42, 'cci_threshold': 30, 'en_rsi': True, 'rsi_n': 87, 'rsi_lower': 7, 'rsi_upper': 82, 'en_stochastic': False, 'stochastic_n': 9, 'stochastic_d': 3, 'stochastic_lower': 40, 'stochastic_upper': 77, 'en_mfi': False, 'mfi_n': 45, 'mfi_lower': 7, 'mfi_upper': 72, 'en_bollinger': False, 'bollinger_n': 121, 'bollinger_k': 4.8, 'en_adx': False, 'adx_n': 31, 'adx_threshold': 6, 'en_structure_trend': True, 'structure_trend_swing_l': 11, 'en_order_block': False, 'order_block_swing_l': 16, 'en_fvg': True, 'fvg_lookback': 14, 'en_ifvg': False, 'en_breaker': False, 'breaker_swing_l': 17, 'en_cisd': True, 'k': 3, 'en_cap_bars': True, 'cap_1min': 1381}.
[I 2026-07-13 17:32:59,197] Trial 898 pruned. 
[I 2026-07-13 17:32:59,657] Trial 899 finished with values: [-296.3504585882845, -670.8235067013447, 37.900000000000006] and parameters: {'sl_soft': 0.95083156235771, 'sl_hard_delta': 0.3269087741450897, 'tp': 1.5082069520025265, 'gate_pct': 84.86382733879176, 'dd_limit': 208.93735973419433, 'cooldown': 18, 'flip': True, 'en_ema_trend': False, 'ema_trend_fast': 40, 'ema_trend_slow': 361, 'en_sma_trend': False, 'sma_trend_fast': 155, 'sma_trend_slow': 263, 'en_macd': True, 'macd_fast': 96, 'macd_slow': 156, 'macd_signal': 86, 'en_vwap': True, 'en_keltner': True, 'keltner_n': 162, 'keltner_m': 2.9000000000000004, 'en_obv': True, 'obv_slope': 168, 'en_cci': False, 'cci_n': 111, 'cci_threshold': 25, 'en_rsi': True, 'rsi_n': 87, 'rsi_lower': 27, 'rsi_upper': 58, 'en_stochastic': False, 'stochastic_n': 32, 'stochastic_d': 37, 'stochastic_lower': 40, 'stochastic_upper': 89, 'en_mfi': False, 'mfi_n': 73, 'mfi_lower': 2, 'mfi_upper': 72, 'en_bollinger': True, 'bollinger_n': 47, 'bollinger_k': 4.8, 'en_adx': True, 'adx_n': 2, 'adx_threshold': 27, 'en_structure_trend': True, 'structure_trend_swing_l': 11, 'en_order_block': False, 'order_block_swing_l': 16, 'en_fvg': True, 'fvg_lookback': 28, 'en_ifvg': False, 'en_breaker': False, 'breaker_swing_l': 3, 'en_cisd': False, 'k': 3, 'en_cap_bars': False, 'cap_1min': 379}.
[I 2026-07-13 17:33:00,357] Trial 900 pruned. 
[I 2026-07-13 17:33:01,113] Trial 901 pruned. 
[I 2026-07-13 17:33:01,792] Trial 902 pruned. 
[I 2026-07-13 17:33:02,867] Trial 903 finished with values: [20.330602132059994, -162.76158459224916, 50.0] and parameters: {'sl_soft': 0.95083156235771, 'sl_hard_delta': 0.24002809860404511, 'tp': 1.5082069520025265, 'gate_pct': 84.86382733879176, 'dd_limit': 129.62211800890103, 'cooldown': 15, 'flip': True, 'en_ema_trend': False, 'ema_trend_fast': 40, 'ema_trend_slow': 26, 'en_sma_trend': False, 'sma_trend_fast': 155, 'sma_trend_slow': 263, 'en_macd': True, 'macd_fast': 96, 'macd_slow': 156, 'macd_signal': 86, 'en_vwap': False, 'en_keltner': True, 'keltner_n': 162, 'keltner_m': 2.9000000000000004, 'en_obv': True, 'obv_slope': 89, 'en_cci': True, 'cci_n': 111, 'cci_threshold': 25, 'en_rsi': True, 'rsi_n': 87, 'rsi_lower': 38, 'rsi_upper': 86, 'en_stochastic': True, 'stochastic_n': 32, 'stochastic_d': 27, 'stochastic_lower': 40, 'stochastic_upper': 89, 'en_mfi': True, 'mfi_n': 44, 'mfi_lower': 20, 'mfi_upper': 72, 'en_bollinger': False, 'bollinger_n': 86, 'bollinger_k': 3.4000000000000004, 'en_adx': True, 'adx_n': 16, 'adx_threshold': 27, 'en_structure_trend': True, 'structure_trend_swing_l': 1, 'en_order_block': True, 'order_block_swing_l': 16, 'en_fvg': False, 'fvg_lookback': 28, 'en_ifvg': True, 'en_breaker': False, 'breaker_swing_l': 3, 'en_cisd': False, 'k': 4, 'en_cap_bars': False, 'cap_1min': 379}.
[I 2026-07-13 17:33:08,823] Trial 904 finished with values: [121.28964147801753, -266.0987651500136, 38.0] and parameters: {'sl_soft': 0.6154913983821713, 'sl_hard_delta': 0.03218716157238656, 'tp': 1.2548102965475247, 'gate_pct': 62.02693045764362, 'dd_limit': 208.93735973419433, 'cooldown': 20, 'flip': False, 'en_ema_trend': False, 'ema_trend_fast': 41, 'ema_trend_slow': 72, 'en_sma_trend': False, 'sma_trend_fast': 207, 'sma_trend_slow': 258, 'en_macd': True, 'macd_fast': 44, 'macd_slow': 47, 'macd_signal': 41, 'en_vwap': False, 'en_keltner': False, 'keltner_n': 49, 'keltner_m': 1.8, 'en_obv': False, 'obv_slope': 160, 'en_cci': True, 'cci_n': 174, 'cci_threshold': 135, 'en_rsi': True, 'rsi_n': 25, 'rsi_lower': 3, 'rsi_upper': 75, 'en_stochastic': True, 'stochastic_n': 9, 'stochastic_d': 50, 'stochastic_lower': 38, 'stochastic_upper': 94, 'en_mfi': False, 'mfi_n': 97, 'mfi_lower': 2, 'mfi_upper': 65, 'en_bollinger': True, 'bollinger_n': 121, 'bollinger_k': 2.1, 'en_adx': False, 'adx_n': 2, 'adx_threshold': 44, 'en_structure_trend': True, 'structure_trend_swing_l': 18, 'en_order_block': False, 'order_block_swing_l': 9, 'en_fvg': True, 'fvg_lookback': 45, 'en_ifvg': False, 'en_breaker': False, 'breaker_swing_l': 17, 'en_cisd': True, 'k': 3, 'en_cap_bars': True, 'cap_1min': 1119}.
[I 2026-07-13 17:33:09,215] Trial 905 finished with values: [-281.83029332658975, -440.50461904199665, 13.25] and parameters: {'sl_soft': 0.7756993843732112, 'sl_hard_delta': 0.24002809860404511, 'tp': 2.5647184925159534, 'gate_pct': 84.86382733879176, 'dd_limit': 129.62211800890103, 'cooldown': 15, 'flip': True, 'en_ema_trend': False, 'ema_trend_fast': 40, 'ema_trend_slow': 361, 'en_sma_trend': False, 'sma_trend_fast': 178, 'sma_trend_slow': 304, 'en_macd': True, 'macd_fast': 96, 'macd_slow': 156, 'macd_signal': 86, 'en_vwap': False, 'en_keltner': True, 'keltner_n': 162, 'keltner_m': 2.9000000000000004, 'en_obv': False, 'obv_slope': 168, 'en_cci': False, 'cci_n': 42, 'cci_threshold': 25, 'en_rsi': True, 'rsi_n': 87, 'rsi_lower': 38, 'rsi_upper': 86, 'en_stochastic': False, 'stochastic_n': 71, 'stochastic_d': 27, 'stochastic_lower': 40, 'stochastic_upper': 89, 'en_mfi': True, 'mfi_n': 82, 'mfi_lower': 20, 'mfi_upper': 72, 'en_bollinger': False, 'bollinger_n': 86, 'bollinger_k': 4.8, 'en_adx': True, 'adx_n': 16, 'adx_threshold': 27, 'en_structure_trend': True, 'structure_trend_swing_l': 1, 'en_order_block': False, 'order_block_swing_l': 16, 'en_fvg': False, 'fvg_lookback': 45, 'en_ifvg': False, 'en_breaker': False, 'breaker_swing_l': 3, 'en_cisd': False, 'k': 4, 'en_cap_bars': False, 'cap_1min': 1381}.
[I 2026-07-13 17:33:11,323] Trial 906 finished with values: [-145.36616481948954, -280.60004313180116, 19.4] and parameters: {'sl_soft': 0.6154913983821713, 'sl_hard_delta': 0.3269087741450897, 'tp': 2.5647184925159534, 'gate_pct': 39.68878460310775, 'dd_limit': 241.42955722086123, 'cooldown': 20, 'flip': True, 'en_ema_trend': False, 'ema_trend_fast': 90, 'ema_trend_slow': 361, 'en_sma_trend': False, 'sma_trend_fast': 232, 'sma_trend_slow': 14, 'en_macd': True, 'macd_fast': 57, 'macd_slow': 18, 'macd_signal': 27, 'en_vwap': True, 'en_keltner': True, 'keltner_n': 3, 'keltner_m': 1.5, 'en_obv': False, 'obv_slope': 167, 'en_cci': True, 'cci_n': 43, 'cci_threshold': 30, 'en_rsi': True, 'rsi_n': 15, 'rsi_lower': 38, 'rsi_upper': 57, 'en_stochastic': False, 'stochastic_n': 9, 'stochastic_d': 36, 'stochastic_lower': 33, 'stochastic_upper': 77, 'en_mfi': False, 'mfi_n': 80, 'mfi_lower': 20, 'mfi_upper': 60, 'en_bollinger': False, 'bollinger_n': 57, 'bollinger_k': 2.1, 'en_adx': False, 'adx_n': 31, 'adx_threshold': 26, 'en_structure_trend': True, 'structure_trend_swing_l': 11, 'en_order_block': True, 'order_block_swing_l': 16, 'en_fvg': False, 'fvg_lookback': 28, 'en_ifvg': False, 'en_breaker': False, 'breaker_swing_l': 17, 'en_cisd': True, 'k': 1, 'en_cap_bars': True, 'cap_1min': 379}.
[I 2026-07-13 17:33:13,242] Trial 907 finished with values: [-208.2237542339385, -1043.3370877635298, 22.450000000000003] and parameters: {'sl_soft': 0.5847565227953361, 'sl_hard_delta': 2.981985232474473, 'tp': 3.796381228830453, 'gate_pct': 84.86382733879176, 'dd_limit': 208.93735973419433, 'cooldown': 11, 'flip': True, 'en_ema_trend': False, 'ema_trend_fast': 41, 'ema_trend_slow': 26, 'en_sma_trend': False, 'sma_trend_fast': 232, 'sma_trend_slow': 263, 'en_macd': True, 'macd_fast': 96, 'macd_slow': 63, 'macd_signal': 41, 'en_vwap': False, 'en_keltner': True, 'keltner_n': 49, 'keltner_m': 2.9000000000000004, 'en_obv': True, 'obv_slope': 160, 'en_cci': True, 'cci_n': 111, 'cci_threshold': 195, 'en_rsi': True, 'rsi_n': 25, 'rsi_lower': 3, 'rsi_upper': 86, 'en_stochastic': False, 'stochastic_n': 9, 'stochastic_d': 36, 'stochastic_lower': 40, 'stochastic_upper': 89, 'en_mfi': True, 'mfi_n': 95, 'mfi_lower': 2, 'mfi_upper': 93, 'en_bollinger': False, 'bollinger_n': 86, 'bollinger_k': 3.4000000000000004, 'en_adx': False, 'adx_n': 76, 'adx_threshold': 22, 'en_structure_trend': True, 'structure_trend_swing_l': 1, 'en_order_block': False, 'order_block_swing_l': 16, 'en_fvg': True, 'fvg_lookback': 44, 'en_ifvg': False, 'en_breaker': True, 'breaker_swing_l': 7, 'en_cisd': False, 'k': 3, 'en_cap_bars': True, 'cap_1min': 379}.
[I 2026-07-13 17:33:14,127] Trial 908 finished with values: [-86.27036295014818, -383.3221009508179, 39.65] and parameters: {'sl_soft': 0.95083156235771, 'sl_hard_delta': 0.3269087741450897, 'tp': 1.5082069520025265, 'gate_pct': 62.02693045764362, 'dd_limit': 208.93735973419433, 'cooldown': 4, 'flip': True, 'en_ema_trend': True, 'ema_trend_fast': 112, 'ema_trend_slow': 26, 'en_sma_trend': False, 'sma_trend_fast': 178, 'sma_trend_slow': 304, 'en_macd': True, 'macd_fast': 57, 'macd_slow': 156, 'macd_signal': 54, 'en_vwap': True, 'en_keltner': True, 'keltner_n': 162, 'keltner_m': 2.9000000000000004, 'en_obv': False, 'obv_slope': 116, 'en_cci': False, 'cci_n': 111, 'cci_threshold': 90, 'en_rsi': True, 'rsi_n': 25, 'rsi_lower': 19, 'rsi_upper': 86, 'en_stochastic': False, 'stochastic_n': 71, 'stochastic_d': 34, 'stochastic_lower': 40, 'stochastic_upper': 84, 'en_mfi': False, 'mfi_n': 73, 'mfi_lower': 47, 'mfi_upper': 95, 'en_bollinger': False, 'bollinger_n': 155, 'bollinger_k': 4.8, 'en_adx': True, 'adx_n': 16, 'adx_threshold': 26, 'en_structure_trend': True, 'structure_trend_swing_l': 11, 'en_order_block': True, 'order_block_swing_l': 6, 'en_fvg': False, 'fvg_lookback': 28, 'en_ifvg': True, 'en_breaker': False, 'breaker_swing_l': 18, 'en_cisd': True, 'k': 4, 'en_cap_bars': False, 'cap_1min': 1381}.
[I 2026-07-13 17:33:15,455] Trial 909 finished with values: [118.40172812192122, -638.8701682512874, 25.7] and parameters: {'sl_soft': 0.95083156235771, 'sl_hard_delta': 0.3269087741450897, 'tp': 3.8454001470748493, 'gate_pct': 86.68863637915473, 'dd_limit': 235.57837541012853, 'cooldown': 15, 'flip': False, 'en_ema_trend': True, 'ema_trend_fast': 90, 'ema_trend_slow': 364, 'en_sma_trend': False, 'sma_trend_fast': 178, 'sma_trend_slow': 263, 'en_macd': False, 'macd_fast': 57, 'macd_slow': 112, 'macd_signal': 86, 'en_vwap': True, 'en_keltner': True, 'keltner_n': 179, 'keltner_m': 2.9000000000000004, 'en_obv': True, 'obv_slope': 7, 'en_cci': True, 'cci_n': 43, 'cci_threshold': 90, 'en_rsi': True, 'rsi_n': 95, 'rsi_lower': 7, 'rsi_upper': 94, 'en_stochastic': False, 'stochastic_n': 8, 'stochastic_d': 40, 'stochastic_lower': 40, 'stochastic_upper': 94, 'en_mfi': False, 'mfi_n': 45, 'mfi_lower': 20, 'mfi_upper': 61, 'en_bollinger': True, 'bollinger_n': 57, 'bollinger_k': 2.9000000000000004, 'en_adx': False, 'adx_n': 31, 'adx_threshold': 26, 'en_structure_trend': True, 'structure_trend_swing_l': 2, 'en_order_block': True, 'order_block_swing_l': 16, 'en_fvg': True, 'fvg_lookback': 14, 'en_ifvg': False, 'en_breaker': True, 'breaker_swing_l': 7, 'en_cisd': True, 'k': 3, 'en_cap_bars': True, 'cap_1min': 379}.
[I 2026-07-13 17:33:17,325] Trial 910 pruned. 
[I 2026-07-13 17:33:23,484] Trial 911 finished with values: [-85.35118210784844, -331.68790363434937, 21.1] and parameters: {'sl_soft': 1.0860152683938593, 'sl_hard_delta': 0.019611077053879197, 'tp': 3.8454001470748493, 'gate_pct': 86.68863637915473, 'dd_limit': 241.42955722086123, 'cooldown': 20, 'flip': False, 'en_ema_trend': False, 'ema_trend_fast': 121, 'ema_trend_slow': 364, 'en_sma_trend': False, 'sma_trend_fast': 45, 'sma_trend_slow': 14, 'en_macd': False, 'macd_fast': 52, 'macd_slow': 47, 'macd_signal': 27, 'en_vwap': True, 'en_keltner': True, 'keltner_n': 68, 'keltner_m': 1.5, 'en_obv': False, 'obv_slope': 7, 'en_cci': True, 'cci_n': 43, 'cci_threshold': 60, 'en_rsi': True, 'rsi_n': 95, 'rsi_lower': 7, 'rsi_upper': 82, 'en_stochastic': True, 'stochastic_n': 20, 'stochastic_d': 3, 'stochastic_lower': 2, 'stochastic_upper': 87, 'en_mfi': True, 'mfi_n': 45, 'mfi_lower': 16, 'mfi_upper': 61, 'en_bollinger': True, 'bollinger_n': 125, 'bollinger_k': 2.1, 'en_adx': False, 'adx_n': 12, 'adx_threshold': 26, 'en_structure_trend': True, 'structure_trend_swing_l': 11, 'en_order_block': False, 'order_block_swing_l': 14, 'en_fvg': False, 'fvg_lookback': 14, 'en_ifvg': True, 'en_breaker': True, 'breaker_swing_l': 17, 'en_cisd': True, 'k': 1, 'en_cap_bars': True, 'cap_1min': 995}.
[I 2026-07-13 17:33:24,449] Trial 912 finished with values: [89.77870940051389, -318.856570615344, 42.35] and parameters: {'sl_soft': 0.7756993843732112, 'sl_hard_delta': 0.03218716157238656, 'tp': 1.2548102965475247, 'gate_pct': 62.02693045764362, 'dd_limit': 241.42955722086123, 'cooldown': 18, 'flip': False, 'en_ema_trend': True, 'ema_trend_fast': 138, 'ema_trend_slow': 361, 'en_sma_trend': False, 'sma_trend_fast': 178, 'sma_trend_slow': 381, 'en_macd': False, 'macd_fast': 57, 'macd_slow': 46, 'macd_signal': 54, 'en_vwap': True, 'en_keltner': False, 'keltner_n': 3, 'keltner_m': 4.5, 'en_obv': False, 'obv_slope': 167, 'en_cci': False, 'cci_n': 42, 'cci_threshold': 90, 'en_rsi': False, 'rsi_n': 25, 'rsi_lower': 19, 'rsi_upper': 58, 'en_stochastic': True, 'stochastic_n': 71, 'stochastic_d': 34, 'stochastic_lower': 44, 'stochastic_upper': 94, 'en_mfi': False, 'mfi_n': 80, 'mfi_lower': 7, 'mfi_upper': 60, 'en_bollinger': False, 'bollinger_n': 47, 'bollinger_k': 4.8, 'en_adx': True, 'adx_n': 2, 'adx_threshold': 26, 'en_structure_trend': True, 'structure_trend_swing_l': 11, 'en_order_block': False, 'order_block_swing_l': 6, 'en_fvg': True, 'fvg_lookback': 45, 'en_ifvg': False, 'en_breaker': False, 'breaker_swing_l': 18, 'en_cisd': True, 'k': 1, 'en_cap_bars': False, 'cap_1min': 1381}.
[I 2026-07-13 17:33:25,688] Trial 913 finished with values: [336.22746929880236, -339.31902640225644, 18.0] and parameters: {'sl_soft': 0.5847565227953361, 'sl_hard_delta': 0.03218716157238656, 'tp': 3.796381228830453, 'gate_pct': 73.0036735816267, 'dd_limit': 241.42955722086123, 'cooldown': 20, 'flip': False, 'en_ema_trend': False, 'ema_trend_fast': 41, 'ema_trend_slow': 72, 'en_sma_trend': False, 'sma_trend_fast': 232, 'sma_trend_slow': 248, 'en_macd': True, 'macd_fast': 70, 'macd_slow': 63, 'macd_signal': 41, 'en_vwap': True, 'en_keltner': False, 'keltner_n': 3, 'keltner_m': 3.4000000000000004, 'en_obv': True, 'obv_slope': 7, 'en_cci': True, 'cci_n': 174, 'cci_threshold': 195, 'en_rsi': True, 'rsi_n': 15, 'rsi_lower': 3, 'rsi_upper': 75, 'en_stochastic': True, 'stochastic_n': 9, 'stochastic_d': 3, 'stochastic_lower': 2, 'stochastic_upper': 94, 'en_mfi': False, 'mfi_n': 45, 'mfi_lower': 7, 'mfi_upper': 93, 'en_bollinger': True, 'bollinger_n': 121, 'bollinger_k': 2.1, 'en_adx': False, 'adx_n': 31, 'adx_threshold': 9, 'en_structure_trend': True, 'structure_trend_swing_l': 11, 'en_order_block': False, 'order_block_swing_l': 9, 'en_fvg': True, 'fvg_lookback': 44, 'en_ifvg': False, 'en_breaker': False, 'breaker_swing_l': 7, 'en_cisd': True, 'k': 3, 'en_cap_bars': True, 'cap_1min': 1165}.
[I 2026-07-13 17:33:31,141] Trial 914 finished with values: [76.96924895431607, -450.6112859828022, 62.5] and parameters: {'sl_soft': 2.0212200416683395, 'sl_hard_delta': 0.03218716157238656, 'tp': 1.2548102965475247, 'gate_pct': 75.29895741667805, 'dd_limit': 241.42955722086123, 'cooldown': 20, 'flip': False, 'en_ema_trend': False, 'ema_trend_fast': 9, 'ema_trend_slow': 305, 'en_sma_trend': False, 'sma_trend_fast': 232, 'sma_trend_slow': 81, 'en_macd': False, 'macd_fast': 80, 'macd_slow': 144, 'macd_signal': 27, 'en_vwap': True, 'en_keltner': False, 'keltner_n': 3, 'keltner_m': 2.9000000000000004, 'en_obv': False, 'obv_slope': 7, 'en_cci': True, 'cci_n': 43, 'cci_threshold': 135, 'en_rsi': True, 'rsi_n': 46, 'rsi_lower': 3, 'rsi_upper': 61, 'en_stochastic': True, 'stochastic_n': 65, 'stochastic_d': 3, 'stochastic_lower': 2, 'stochastic_upper': 92, 'en_mfi': True, 'mfi_n': 15, 'mfi_lower': 7, 'mfi_upper': 60, 'en_bollinger': False, 'bollinger_n': 131, 'bollinger_k': 1.5, 'en_adx': False, 'adx_n': 76, 'adx_threshold': 32, 'en_structure_trend': True, 'structure_trend_swing_l': 18, 'en_order_block': False, 'order_block_swing_l': 9, 'en_fvg': False, 'fvg_lookback': 38, 'en_ifvg': False, 'en_breaker': False, 'breaker_swing_l': 17, 'en_cisd': True, 'k': 3, 'en_cap_bars': True, 'cap_1min': 133}.
[I 2026-07-13 17:33:32,269] Trial 915 finished with values: [272.85429366589824, -291.6159582673117, 39.85] and parameters: {'sl_soft': 0.6154913983821713, 'sl_hard_delta': 0.03218716157238656, 'tp': 1.2921449941565541, 'gate_pct': 73.0036735816267, 'dd_limit': 241.42955722086123, 'cooldown': 20, 'flip': False, 'en_ema_trend': False, 'ema_trend_fast': 121, 'ema_trend_slow': 125, 'en_sma_trend': False, 'sma_trend_fast': 232, 'sma_trend_slow': 14, 'en_macd': False, 'macd_fast': 80, 'macd_slow': 47, 'macd_signal': 27, 'en_vwap': True, 'en_keltner': False, 'keltner_n': 3, 'keltner_m': 1.5, 'en_obv': False, 'obv_slope': 7, 'en_cci': True, 'cci_n': 174, 'cci_threshold': 30, 'en_rsi': True, 'rsi_n': 71, 'rsi_lower': 7, 'rsi_upper': 82, 'en_stochastic': True, 'stochastic_n': 9, 'stochastic_d': 3, 'stochastic_lower': 2, 'stochastic_upper': 77, 'en_mfi': True, 'mfi_n': 45, 'mfi_lower': 7, 'mfi_upper': 86, 'en_bollinger': True, 'bollinger_n': 121, 'bollinger_k': 3.4000000000000004, 'en_adx': False, 'adx_n': 31, 'adx_threshold': 6, 'en_structure_trend': True, 'structure_trend_swing_l': 11, 'en_order_block': False, 'order_block_swing_l': 9, 'en_fvg': True, 'fvg_lookback': 14, 'en_ifvg': False, 'en_breaker': False, 'breaker_swing_l': 17, 'en_cisd': True, 'k': 3, 'en_cap_bars': True, 'cap_1min': 995}.
[I 2026-07-13 17:33:33,103] Trial 916 pruned. 
[I 2026-07-13 17:33:33,403] Trial 917 finished with values: [-5.57787578566149, -196.60374478598897, 42.9] and parameters: {'sl_soft': 0.95083156235771, 'sl_hard_delta': 0.03218716157238656, 'tp': 1.5082069520025265, 'gate_pct': 73.0036735816267, 'dd_limit': 129.62211800890103, 'cooldown': 20, 'flip': True, 'en_ema_trend': False, 'ema_trend_fast': 121, 'ema_trend_slow': 26, 'en_sma_trend': False, 'sma_trend_fast': 155, 'sma_trend_slow': 263, 'en_macd': False, 'macd_fast': 96, 'macd_slow': 156, 'macd_signal': 27, 'en_vwap': True, 'en_keltner': False, 'keltner_n': 3, 'keltner_m': 1.5, 'en_obv': False, 'obv_slope': 7, 'en_cci': True, 'cci_n': 174, 'cci_threshold': 30, 'en_rsi': True, 'rsi_n': 87, 'rsi_lower': 7, 'rsi_upper': 86, 'en_stochastic': True, 'stochastic_n': 32, 'stochastic_d': 3, 'stochastic_lower': 40, 'stochastic_upper': 89, 'en_mfi': False, 'mfi_n': 45, 'mfi_lower': 7, 'mfi_upper': 72, 'en_bollinger': False, 'bollinger_n': 121, 'bollinger_k': 3.4000000000000004, 'en_adx': False, 'adx_n': 31, 'adx_threshold': 27, 'en_structure_trend': True, 'structure_trend_swing_l': 1, 'en_order_block': False, 'order_block_swing_l': 9, 'en_fvg': False, 'fvg_lookback': 28, 'en_ifvg': True, 'en_breaker': False, 'breaker_swing_l': 17, 'en_cisd': True, 'k': 4, 'en_cap_bars': False, 'cap_1min': 379}.
[I 2026-07-13 17:33:33,736] Trial 918 finished with values: [17.830602132062268, -119.08596609619053, 46.45] and parameters: {'sl_soft': 0.95083156235771, 'sl_hard_delta': 0.24002809860404511, 'tp': 1.5082069520025265, 'gate_pct': 84.86382733879176, 'dd_limit': 129.62211800890103, 'cooldown': 15, 'flip': True, 'en_ema_trend': False, 'ema_trend_fast': 90, 'ema_trend_slow': 26, 'en_sma_trend': False, 'sma_trend_fast': 155, 'sma_trend_slow': 263, 'en_macd': True, 'macd_fast': 96, 'macd_slow': 156, 'macd_signal': 86, 'en_vwap': False, 'en_keltner': True, 'keltner_n': 162, 'keltner_m': 2.9000000000000004, 'en_obv': True, 'obv_slope': 116, 'en_cci': True, 'cci_n': 111, 'cci_threshold': 25, 'en_rsi': True, 'rsi_n': 87, 'rsi_lower': 38, 'rsi_upper': 86, 'en_stochastic': True, 'stochastic_n': 32, 'stochastic_d': 27, 'stochastic_lower': 40, 'stochastic_upper': 89, 'en_mfi': True, 'mfi_n': 82, 'mfi_lower': 20, 'mfi_upper': 72, 'en_bollinger': False, 'bollinger_n': 86, 'bollinger_k': 3.4000000000000004, 'en_adx': True, 'adx_n': 16, 'adx_threshold': 27, 'en_structure_trend': True, 'structure_trend_swing_l': 1, 'en_order_block': True, 'order_block_swing_l': 16, 'en_fvg': False, 'fvg_lookback': 28, 'en_ifvg': True, 'en_breaker': False, 'breaker_swing_l': 3, 'en_cisd': True, 'k': 4, 'en_cap_bars': False, 'cap_1min': 379}.
