[I 2026-07-13 17:29:33,615] Trial 1110 finished with values: [-118.03809311462601, -400.61315169150475, 31.65] and parameters: {'sl_soft': 1.5128727017605812, 'sl_hard_delta': 0.05257236390156471, 'tp': 2.9458524258041714, 'gate_pct': 54.8778799805964, 'dd_limit': 234.1688012834486, 'cooldown': 12, 'flip': True, 'en_ema_trend': False, 'ema_trend_fast': 317, 'ema_trend_slow': 291, 'en_sma_trend': False, 'sma_trend_fast': 128, 'sma_trend_slow': 171, 'en_macd': True, 'macd_fast': 9, 'macd_slow': 180, 'macd_signal': 67, 'en_vwap': True, 'en_keltner': False, 'keltner_n': 43, 'keltner_m': 1.7000000000000002, 'en_obv': True, 'obv_slope': 162, 'en_cci': False, 'cci_n': 110, 'cci_threshold': 300, 'en_rsi': False, 'rsi_n': 10, 'rsi_lower': 11, 'rsi_upper': 82, 'en_stochastic': True, 'stochastic_n': 75, 'stochastic_d': 31, 'stochastic_lower': 2, 'stochastic_upper': 57, 'en_mfi': False, 'mfi_n': 96, 'mfi_lower': 16, 'mfi_upper': 86, 'en_bollinger': False, 'bollinger_n': 96, 'bollinger_k': 4.7, 'en_adx': False, 'adx_n': 20, 'adx_threshold': 12, 'en_structure_trend': False, 'structure_trend_swing_l': 10, 'en_order_block': False, 'order_block_swing_l': 9, 'en_fvg': True, 'fvg_lookback': 28, 'en_ifvg': False, 'en_breaker': True, 'breaker_swing_l': 15, 'en_cisd': False, 'k': 1, 'en_cap_bars': False, 'cap_1min': 948}.
[I 2026-07-13 17:29:35,575] Trial 1111 finished with values: [218.68945237389994, -784.1330918398739, 46.5] and parameters: {'sl_soft': 1.0063442051374751, 'sl_hard_delta': 4.474497910710611, 'tp': 2.034778180267182, 'gate_pct': 54.8778799805964, 'dd_limit': 434.8338936907749, 'cooldown': 8, 'flip': True, 'en_ema_trend': True, 'ema_trend_fast': 317, 'ema_trend_slow': 16, 'en_sma_trend': False, 'sma_trend_fast': 266, 'sma_trend_slow': 357, 'en_macd': True, 'macd_fast': 80, 'macd_slow': 180, 'macd_signal': 86, 'en_vwap': True, 'en_keltner': True, 'keltner_n': 116, 'keltner_m': 4.300000000000001, 'en_obv': True, 'obv_slope': 108, 'en_cci': True, 'cci_n': 3, 'cci_threshold': 195, 'en_rsi': False, 'rsi_n': 67, 'rsi_lower': 28, 'rsi_upper': 91, 'en_stochastic': False, 'stochastic_n': 16, 'stochastic_d': 31, 'stochastic_lower': 48, 'stochastic_upper': 90, 'en_mfi': False, 'mfi_n': 51, 'mfi_lower': 10, 'mfi_upper': 86, 'en_bollinger': False, 'bollinger_n': 115, 'bollinger_k': 2.5, 'en_adx': False, 'adx_n': 23, 'adx_threshold': 19, 'en_structure_trend': False, 'structure_trend_swing_l': 19, 'en_order_block': True, 'order_block_swing_l': 3, 'en_fvg': False, 'fvg_lookback': 8, 'en_ifvg': False, 'en_breaker': False, 'breaker_swing_l': 17, 'en_cisd': True, 'k': 3, 'en_cap_bars': True, 'cap_1min': 652}.
[I 2026-07-13 17:29:36,431] Trial 1112 finished with values: [-205.808474099058, -1108.4159410028292, 41.75] and parameters: {'sl_soft': 1.0063442051374751, 'sl_hard_delta': 4.474497910710611, 'tp': 2.570841098597147, 'gate_pct': 97.52011350142476, 'dd_limit': 390.2569167971573, 'cooldown': 3, 'flip': True, 'en_ema_trend': True, 'ema_trend_fast': 317, 'ema_trend_slow': 196, 'en_sma_trend': True, 'sma_trend_fast': 141, 'sma_trend_slow': 138, 'en_macd': False, 'macd_fast': 9, 'macd_slow': 47, 'macd_signal': 72, 'en_vwap': False, 'en_keltner': False, 'keltner_n': 137, 'keltner_m': 1.7000000000000002, 'en_obv': True, 'obv_slope': 8, 'en_cci': False, 'cci_n': 72, 'cci_threshold': 105, 'en_rsi': False, 'rsi_n': 74, 'rsi_lower': 28, 'rsi_upper': 82, 'en_stochastic': False, 'stochastic_n': 67, 'stochastic_d': 3, 'stochastic_lower': 36, 'stochastic_upper': 91, 'en_mfi': True, 'mfi_n': 26, 'mfi_lower': 20, 'mfi_upper': 88, 'en_bollinger': False, 'bollinger_n': 115, 'bollinger_k': 2.5, 'en_adx': False, 'adx_n': 23, 'adx_threshold': 32, 'en_structure_trend': False, 'structure_trend_swing_l': 8, 'en_order_block': True, 'order_block_swing_l': 9, 'en_fvg': False, 'fvg_lookback': 34, 'en_ifvg': True, 'en_breaker': False, 'breaker_swing_l': 1, 'en_cisd': False, 'k': 4, 'en_cap_bars': True, 'cap_1min': 652}.
[I 2026-07-13 17:29:36,703] Trial 1113 finished with values: [570.1760544492515, -266.63732425847684, 76.25] and parameters: {'sl_soft': 1.0063442051374751, 'sl_hard_delta': 2.905993056033855, 'tp': 0.9918133787075697, 'gate_pct': 54.8778799805964, 'dd_limit': 434.8338936907749, 'cooldown': 3, 'flip': True, 'en_ema_trend': True, 'ema_trend_fast': 317, 'ema_trend_slow': 16, 'en_sma_trend': False, 'sma_trend_fast': 141, 'sma_trend_slow': 357, 'en_macd': False, 'macd_fast': 25, 'macd_slow': 150, 'macd_signal': 72, 'en_vwap': False, 'en_keltner': True, 'keltner_n': 116, 'keltner_m': 1.8, 'en_obv': True, 'obv_slope': 8, 'en_cci': True, 'cci_n': 3, 'cci_threshold': 195, 'en_rsi': True, 'rsi_n': 67, 'rsi_lower': 28, 'rsi_upper': 86, 'en_stochastic': False, 'stochastic_n': 75, 'stochastic_d': 31, 'stochastic_lower': 48, 'stochastic_upper': 90, 'en_mfi': False, 'mfi_n': 51, 'mfi_lower': 20, 'mfi_upper': 86, 'en_bollinger': False, 'bollinger_n': 186, 'bollinger_k': 2.5, 'en_adx': True, 'adx_n': 18, 'adx_threshold': 19, 'en_structure_trend': False, 'structure_trend_swing_l': 19, 'en_order_block': True, 'order_block_swing_l': 3, 'en_fvg': False, 'fvg_lookback': 8, 'en_ifvg': True, 'en_breaker': True, 'breaker_swing_l': 17, 'en_cisd': True, 'k': 3, 'en_cap_bars': True, 'cap_1min': 412}.
[I 2026-07-13 17:29:36,991] Trial 1114 finished with values: [1038.4302191777465, -394.85518366977885, 42.1] and parameters: {'sl_soft': 1.0063442051374751, 'sl_hard_delta': 0.008044238733936384, 'tp': 2.034778180267182, 'gate_pct': 54.8778799805964, 'dd_limit': 390.2569167971573, 'cooldown': 9, 'flip': True, 'en_ema_trend': True, 'ema_trend_fast': 317, 'ema_trend_slow': 291, 'en_sma_trend': True, 'sma_trend_fast': 266, 'sma_trend_slow': 143, 'en_macd': True, 'macd_fast': 25, 'macd_slow': 180, 'macd_signal': 86, 'en_vwap': True, 'en_keltner': True, 'keltner_n': 13, 'keltner_m': 3.1, 'en_obv': True, 'obv_slope': 108, 'en_cci': True, 'cci_n': 110, 'cci_threshold': 40, 'en_rsi': False, 'rsi_n': 67, 'rsi_lower': 28, 'rsi_upper': 76, 'en_stochastic': False, 'stochastic_n': 16, 'stochastic_d': 5, 'stochastic_lower': 16, 'stochastic_upper': 88, 'en_mfi': False, 'mfi_n': 51, 'mfi_lower': 13, 'mfi_upper': 86, 'en_bollinger': False, 'bollinger_n': 115, 'bollinger_k': 2.6, 'en_adx': False, 'adx_n': 62, 'adx_threshold': 19, 'en_structure_trend': False, 'structure_trend_swing_l': 19, 'en_order_block': True, 'order_block_swing_l': 6, 'en_fvg': False, 'fvg_lookback': 7, 'en_ifvg': True, 'en_breaker': False, 'breaker_swing_l': 19, 'en_cisd': True, 'k': 3, 'en_cap_bars': True, 'cap_1min': 412}.
[I 2026-07-13 17:29:37,285] Trial 1115 finished with values: [572.1210576275553, -158.83748535584346, 61.900000000000006] and parameters: {'sl_soft': 1.0063442051374751, 'sl_hard_delta': 0.05257236390156471, 'tp': 1.1926865856558302, 'gate_pct': 54.8778799805964, 'dd_limit': 390.2569167971573, 'cooldown': 9, 'flip': True, 'en_ema_trend': True, 'ema_trend_fast': 29, 'ema_trend_slow': 38, 'en_sma_trend': False, 'sma_trend_fast': 266, 'sma_trend_slow': 357, 'en_macd': False, 'macd_fast': 25, 'macd_slow': 180, 'macd_signal': 86, 'en_vwap': True, 'en_keltner': False, 'keltner_n': 13, 'keltner_m': 1.8, 'en_obv': True, 'obv_slope': 108, 'en_cci': False, 'cci_n': 3, 'cci_threshold': 300, 'en_rsi': True, 'rsi_n': 33, 'rsi_lower': 28, 'rsi_upper': 82, 'en_stochastic': False, 'stochastic_n': 16, 'stochastic_d': 31, 'stochastic_lower': 48, 'stochastic_upper': 90, 'en_mfi': False, 'mfi_n': 51, 'mfi_lower': 16, 'mfi_upper': 71, 'en_bollinger': False, 'bollinger_n': 115, 'bollinger_k': 2.5, 'en_adx': True, 'adx_n': 23, 'adx_threshold': 18, 'en_structure_trend': False, 'structure_trend_swing_l': 4, 'en_order_block': True, 'order_block_swing_l': 3, 'en_fvg': False, 'fvg_lookback': 8, 'en_ifvg': True, 'en_breaker': False, 'breaker_swing_l': 17, 'en_cisd': True, 'k': 1, 'en_cap_bars': True, 'cap_1min': 272}.
[I 2026-07-13 17:29:43,112] Trial 1116 finished with values: [135.65116296472297, -430.8749652217557, 49.9] and parameters: {'sl_soft': 1.0063442051374751, 'sl_hard_delta': 0.008044238733936384, 'tp': 1.1926865856558302, 'gate_pct': 53.84741825883083, 'dd_limit': 390.2569167971573, 'cooldown': 18, 'flip': True, 'en_ema_trend': True, 'ema_trend_fast': 317, 'ema_trend_slow': 139, 'en_sma_trend': True, 'sma_trend_fast': 266, 'sma_trend_slow': 143, 'en_macd': True, 'macd_fast': 9, 'macd_slow': 48, 'macd_signal': 1, 'en_vwap': True, 'en_keltner': False, 'keltner_n': 3, 'keltner_m': 3.8000000000000003, 'en_obv': False, 'obv_slope': 8, 'en_cci': False, 'cci_n': 110, 'cci_threshold': 195, 'en_rsi': False, 'rsi_n': 74, 'rsi_lower': 7, 'rsi_upper': 71, 'en_stochastic': True, 'stochastic_n': 89, 'stochastic_d': 9, 'stochastic_lower': 16, 'stochastic_upper': 88, 'en_mfi': False, 'mfi_n': 92, 'mfi_lower': 10, 'mfi_upper': 61, 'en_bollinger': False, 'bollinger_n': 115, 'bollinger_k': 2.5, 'en_adx': False, 'adx_n': 48, 'adx_threshold': 19, 'en_structure_trend': False, 'structure_trend_swing_l': 10, 'en_order_block': False, 'order_block_swing_l': 9, 'en_fvg': True, 'fvg_lookback': 36, 'en_ifvg': False, 'en_breaker': True, 'breaker_swing_l': 19, 'en_cisd': True, 'k': 2, 'en_cap_bars': True, 'cap_1min': 652}.
[I 2026-07-13 17:29:43,360] Trial 1117 finished with values: [449.8692650745397, -480.0910113928694, 35.95] and parameters: {'sl_soft': 1.0063442051374751, 'sl_hard_delta': 0.008044238733936384, 'tp': 2.570841098597147, 'gate_pct': 53.84741825883083, 'dd_limit': 390.2569167971573, 'cooldown': 9, 'flip': True, 'en_ema_trend': True, 'ema_trend_fast': 29, 'ema_trend_slow': 291, 'en_sma_trend': True, 'sma_trend_fast': 266, 'sma_trend_slow': 134, 'en_macd': True, 'macd_fast': 9, 'macd_slow': 48, 'macd_signal': 86, 'en_vwap': True, 'en_keltner': False, 'keltner_n': 3, 'keltner_m': 1.7000000000000002, 'en_obv': True, 'obv_slope': 8, 'en_cci': False, 'cci_n': 110, 'cci_threshold': 75, 'en_rsi': True, 'rsi_n': 74, 'rsi_lower': 28, 'rsi_upper': 90, 'en_stochastic': False, 'stochastic_n': 56, 'stochastic_d': 3, 'stochastic_lower': 16, 'stochastic_upper': 97, 'en_mfi': False, 'mfi_n': 92, 'mfi_lower': 13, 'mfi_upper': 88, 'en_bollinger': False, 'bollinger_n': 115, 'bollinger_k': 0.5, 'en_adx': False, 'adx_n': 18, 'adx_threshold': 32, 'en_structure_trend': False, 'structure_trend_swing_l': 19, 'en_order_block': False, 'order_block_swing_l': 9, 'en_fvg': True, 'fvg_lookback': 28, 'en_ifvg': False, 'en_breaker': True, 'breaker_swing_l': 1, 'en_cisd': True, 'k': 1, 'en_cap_bars': True, 'cap_1min': 652}.
[I 2026-07-13 17:29:43,660] Trial 1118 finished with values: [451.11767370593157, -323.6170104248231, 67.85] and parameters: {'sl_soft': 1.3416386676404197, 'sl_hard_delta': 0.008044238733936384, 'tp': 0.9918133787075697, 'gate_pct': 54.8778799805964, 'dd_limit': 284.01961970925504, 'cooldown': 10, 'flip': True, 'en_ema_trend': True, 'ema_trend_fast': 317, 'ema_trend_slow': 226, 'en_sma_trend': False, 'sma_trend_fast': 145, 'sma_trend_slow': 400, 'en_macd': True, 'macd_fast': 80, 'macd_slow': 180, 'macd_signal': 72, 'en_vwap': True, 'en_keltner': True, 'keltner_n': 13, 'keltner_m': 1.8, 'en_obv': True, 'obv_slope': 120, 'en_cci': False, 'cci_n': 110, 'cci_threshold': 220, 'en_rsi': False, 'rsi_n': 67, 'rsi_lower': 11, 'rsi_upper': 71, 'en_stochastic': True, 'stochastic_n': 25, 'stochastic_d': 13, 'stochastic_lower': 48, 'stochastic_upper': 90, 'en_mfi': False, 'mfi_n': 28, 'mfi_lower': 16, 'mfi_upper': 86, 'en_bollinger': False, 'bollinger_n': 100, 'bollinger_k': 2.5, 'en_adx': False, 'adx_n': 23, 'adx_threshold': 19, 'en_structure_trend': False, 'structure_trend_swing_l': 4, 'en_order_block': False, 'order_block_swing_l': 6, 'en_fvg': False, 'fvg_lookback': 8, 'en_ifvg': True, 'en_breaker': True, 'breaker_swing_l': 19, 'en_cisd': True, 'k': 3, 'en_cap_bars': True, 'cap_1min': 412}.
[I 2026-07-13 17:29:44,009] Trial 1119 finished with values: [396.86923355300223, -368.7052024741206, 59.6] and parameters: {'sl_soft': 1.3416386676404197, 'sl_hard_delta': 0.05257236390156471, 'tp': 1.1926865856558302, 'gate_pct': 75.29895741667805, 'dd_limit': 241.42955722086123, 'cooldown': 9, 'flip': True, 'en_ema_trend': True, 'ema_trend_fast': 29, 'ema_trend_slow': 291, 'en_sma_trend': False, 'sma_trend_fast': 62, 'sma_trend_slow': 134, 'en_macd': False, 'macd_fast': 25, 'macd_slow': 79, 'macd_signal': 27, 'en_vwap': False, 'en_keltner': True, 'keltner_n': 3, 'keltner_m': 3.4000000000000004, 'en_obv': False, 'obv_slope': 105, 'en_cci': False, 'cci_n': 132, 'cci_threshold': 40, 'en_rsi': True, 'rsi_n': 52, 'rsi_lower': 11, 'rsi_upper': 82, 'en_stochastic': False, 'stochastic_n': 75, 'stochastic_d': 9, 'stochastic_lower': 2, 'stochastic_upper': 90, 'en_mfi': False, 'mfi_n': 92, 'mfi_lower': 13, 'mfi_upper': 71, 'en_bollinger': False, 'bollinger_n': 96, 'bollinger_k': 3.0, 'en_adx': True, 'adx_n': 77, 'adx_threshold': 7, 'en_structure_trend': False, 'structure_trend_swing_l': 19, 'en_order_block': False, 'order_block_swing_l': 1, 'en_fvg': True, 'fvg_lookback': 8, 'en_ifvg': True, 'en_breaker': False, 'breaker_swing_l': 18, 'en_cisd': True, 'k': 2, 'en_cap_bars': False, 'cap_1min': 825}.
[I 2026-07-13 17:29:45,526] Trial 1120 finished with values: [-100.10286421953083, -643.2473957905586, 43.35] and parameters: {'sl_soft': 2.011299897942993, 'sl_hard_delta': 3.3389442785612586, 'tp': 3.035052084189462, 'gate_pct': 54.8778799805964, 'dd_limit': 390.2569167971573, 'cooldown': 9, 'flip': True, 'en_ema_trend': False, 'ema_trend_fast': 317, 'ema_trend_slow': 17, 'en_sma_trend': True, 'sma_trend_fast': 45, 'sma_trend_slow': 171, 'en_macd': True, 'macd_fast': 56, 'macd_slow': 180, 'macd_signal': 72, 'en_vwap': True, 'en_keltner': False, 'keltner_n': 3, 'keltner_m': 1.8, 'en_obv': True, 'obv_slope': 105, 'en_cci': True, 'cci_n': 3, 'cci_threshold': 195, 'en_rsi': False, 'rsi_n': 10, 'rsi_lower': 18, 'rsi_upper': 91, 'en_stochastic': True, 'stochastic_n': 89, 'stochastic_d': 7, 'stochastic_lower': 48, 'stochastic_upper': 90, 'en_mfi': False, 'mfi_n': 51, 'mfi_lower': 13, 'mfi_upper': 86, 'en_bollinger': False, 'bollinger_n': 115, 'bollinger_k': 2.6, 'en_adx': False, 'adx_n': 18, 'adx_threshold': 12, 'en_structure_trend': False, 'structure_trend_swing_l': 19, 'en_order_block': False, 'order_block_swing_l': 3, 'en_fvg': True, 'fvg_lookback': 36, 'en_ifvg': False, 'en_breaker': False, 'breaker_swing_l': 18, 'en_cisd': False, 'k': 3, 'en_cap_bars': True, 'cap_1min': 608}.
[I 2026-07-13 17:29:46,255] Trial 1121 finished with values: [1126.3307405139926, -405.75537754848483, 35.6] and parameters: {'sl_soft': 1.0063442051374751, 'sl_hard_delta': 0.008044238733936384, 'tp': 2.9458524258041714, 'gate_pct': 54.8778799805964, 'dd_limit': 390.2569167971573, 'cooldown': 18, 'flip': True, 'en_ema_trend': True, 'ema_trend_fast': 317, 'ema_trend_slow': 291, 'en_sma_trend': True, 'sma_trend_fast': 266, 'sma_trend_slow': 143, 'en_macd': True, 'macd_fast': 25, 'macd_slow': 180, 'macd_signal': 86, 'en_vwap': True, 'en_keltner': True, 'keltner_n': 116, 'keltner_m': 3.1, 'en_obv': True, 'obv_slope': 8, 'en_cci': True, 'cci_n': 110, 'cci_threshold': 45, 'en_rsi': False, 'rsi_n': 74, 'rsi_lower': 28, 'rsi_upper': 71, 'en_stochastic': False, 'stochastic_n': 56, 'stochastic_d': 5, 'stochastic_lower': 16, 'stochastic_upper': 88, 'en_mfi': False, 'mfi_n': 26, 'mfi_lower': 10, 'mfi_upper': 86, 'en_bollinger': False, 'bollinger_n': 115, 'bollinger_k': 0.5, 'en_adx': False, 'adx_n': 62, 'adx_threshold': 19, 'en_structure_trend': False, 'structure_trend_swing_l': 10, 'en_order_block': True, 'order_block_swing_l': 6, 'en_fvg': False, 'fvg_lookback': 7, 'en_ifvg': True, 'en_breaker': True, 'breaker_swing_l': 19, 'en_cisd': True, 'k': 3, 'en_cap_bars': True, 'cap_1min': 652}.
[I 2026-07-13 17:29:46,514] Trial 1122 finished with values: [606.5139003282184, -451.5667022909611, 34.95] and parameters: {'sl_soft': 1.0063442051374751, 'sl_hard_delta': 0.008044238733936384, 'tp': 3.035052084189462, 'gate_pct': 54.8778799805964, 'dd_limit': 390.2569167971573, 'cooldown': 9, 'flip': True, 'en_ema_trend': True, 'ema_trend_fast': 317, 'ema_trend_slow': 16, 'en_sma_trend': True, 'sma_trend_fast': 45, 'sma_trend_slow': 357, 'en_macd': True, 'macd_fast': 25, 'macd_slow': 180, 'macd_signal': 72, 'en_vwap': True, 'en_keltner': False, 'keltner_n': 3, 'keltner_m': 1.8, 'en_obv': True, 'obv_slope': 105, 'en_cci': True, 'cci_n': 3, 'cci_threshold': 300, 'en_rsi': False, 'rsi_n': 67, 'rsi_lower': 28, 'rsi_upper': 91, 'en_stochastic': False, 'stochastic_n': 16, 'stochastic_d': 31, 'stochastic_lower': 48, 'stochastic_upper': 90, 'en_mfi': False, 'mfi_n': 51, 'mfi_lower': 16, 'mfi_upper': 86, 'en_bollinger': False, 'bollinger_n': 115, 'bollinger_k': 2.5, 'en_adx': True, 'adx_n': 23, 'adx_threshold': 18, 'en_structure_trend': False, 'structure_trend_swing_l': 19, 'en_order_block': True, 'order_block_swing_l': 3, 'en_fvg': False, 'fvg_lookback': 44, 'en_ifvg': False, 'en_breaker': False, 'breaker_swing_l': 17, 'en_cisd': True, 'k': 3, 'en_cap_bars': True, 'cap_1min': 652}.
[I 2026-07-13 17:29:46,793] Trial 1123 finished with values: [152.88071998146506, -535.8186621292816, 64.05] and parameters: {'sl_soft': 1.0063442051374751, 'sl_hard_delta': 4.474497910710611, 'tp': 0.9918133787075697, 'gate_pct': 38.288168518848806, 'dd_limit': 284.01961970925504, 'cooldown': 9, 'flip': True, 'en_ema_trend': True, 'ema_trend_fast': 317, 'ema_trend_slow': 38, 'en_sma_trend': True, 'sma_trend_fast': 321, 'sma_trend_slow': 400, 'en_macd': False, 'macd_fast': 6, 'macd_slow': 150, 'macd_signal': 72, 'en_vwap': True, 'en_keltner': False, 'keltner_n': 13, 'keltner_m': 1.8, 'en_obv': True, 'obv_slope': 120, 'en_cci': False, 'cci_n': 162, 'cci_threshold': 40, 'en_rsi': False, 'rsi_n': 33, 'rsi_lower': 28, 'rsi_upper': 70, 'en_stochastic': False, 'stochastic_n': 75, 'stochastic_d': 14, 'stochastic_lower': 13, 'stochastic_upper': 90, 'en_mfi': False, 'mfi_n': 51, 'mfi_lower': 16, 'mfi_upper': 86, 'en_bollinger': False, 'bollinger_n': 186, 'bollinger_k': 0.5, 'en_adx': False, 'adx_n': 23, 'adx_threshold': 18, 'en_structure_trend': False, 'structure_trend_swing_l': 4, 'en_order_block': False, 'order_block_swing_l': 3, 'en_fvg': False, 'fvg_lookback': 8, 'en_ifvg': True, 'en_breaker': False, 'breaker_swing_l': 17, 'en_cisd': True, 'k': 1, 'en_cap_bars': True, 'cap_1min': 461}.
[I 2026-07-13 17:29:47,029] Trial 1124 finished with values: [361.2862507245097, -202.87768877424242, 69.6] and parameters: {'sl_soft': 1.0063442051374751, 'sl_hard_delta': 0.008044238733936384, 'tp': 0.9918133787075697, 'gate_pct': 54.8778799805964, 'dd_limit': 434.8338936907749, 'cooldown': 9, 'flip': True, 'en_ema_trend': True, 'ema_trend_fast': 317, 'ema_trend_slow': 16, 'en_sma_trend': True, 'sma_trend_fast': 45, 'sma_trend_slow': 357, 'en_macd': True, 'macd_fast': 25, 'macd_slow': 180, 'macd_signal': 72, 'en_vwap': False, 'en_keltner': False, 'keltner_n': 13, 'keltner_m': 1.8, 'en_obv': True, 'obv_slope': 108, 'en_cci': True, 'cci_n': 3, 'cci_threshold': 40, 'en_rsi': True, 'rsi_n': 33, 'rsi_lower': 28, 'rsi_upper': 86, 'en_stochastic': False, 'stochastic_n': 16, 'stochastic_d': 7, 'stochastic_lower': 48, 'stochastic_upper': 90, 'en_mfi': False, 'mfi_n': 51, 'mfi_lower': 13, 'mfi_upper': 71, 'en_bollinger': False, 'bollinger_n': 115, 'bollinger_k': 2.5, 'en_adx': True, 'adx_n': 23, 'adx_threshold': 18, 'en_structure_trend': False, 'structure_trend_swing_l': 19, 'en_order_block': True, 'order_block_swing_l': 3, 'en_fvg': False, 'fvg_lookback': 8, 'en_ifvg': True, 'en_breaker': False, 'breaker_swing_l': 18, 'en_cisd': True, 'k': 3, 'en_cap_bars': True, 'cap_1min': 652}.
[I 2026-07-13 17:29:48,450] Trial 1125 pruned. 
[I 2026-07-13 17:29:51,094] Trial 1126 pruned. 
[I 2026-07-13 17:29:52,290] Trial 1127 finished with values: [939.2999257695749, -466.6141719882489, 42.95] and parameters: {'sl_soft': 1.5128727017605812, 'sl_hard_delta': 0.008044238733936384, 'tp': 3.035052084189462, 'gate_pct': 54.8778799805964, 'dd_limit': 434.8338936907749, 'cooldown': 8, 'flip': True, 'en_ema_trend': True, 'ema_trend_fast': 317, 'ema_trend_slow': 139, 'en_sma_trend': True, 'sma_trend_fast': 45, 'sma_trend_slow': 143, 'en_macd': True, 'macd_fast': 25, 'macd_slow': 180, 'macd_signal': 72, 'en_vwap': True, 'en_keltner': False, 'keltner_n': 137, 'keltner_m': 3.1, 'en_obv': True, 'obv_slope': 105, 'en_cci': True, 'cci_n': 3, 'cci_threshold': 300, 'en_rsi': True, 'rsi_n': 67, 'rsi_lower': 28, 'rsi_upper': 91, 'en_stochastic': False, 'stochastic_n': 16, 'stochastic_d': 5, 'stochastic_lower': 48, 'stochastic_upper': 57, 'en_mfi': False, 'mfi_n': 61, 'mfi_lower': 10, 'mfi_upper': 71, 'en_bollinger': False, 'bollinger_n': 115, 'bollinger_k': 2.6, 'en_adx': False, 'adx_n': 48, 'adx_threshold': 19, 'en_structure_trend': False, 'structure_trend_swing_l': 19, 'en_order_block': True, 'order_block_swing_l': 3, 'en_fvg': False, 'fvg_lookback': 36, 'en_ifvg': True, 'en_breaker': True, 'breaker_swing_l': 17, 'en_cisd': False, 'k': 3, 'en_cap_bars': False, 'cap_1min': 652}.
