[I 2026-07-13 17:54:41,254] Trial 2046 finished with values: [648.5882970346552, -302.7551393447993, 37.45] and parameters: {'sl_soft': 0.6154913983821713, 'sl_hard_delta': 0.03218716157238656, 'tp': 2.5647184925159534, 'gate_pct': 62.02693045764362, 'dd_limit': 241.42955722086123, 'cooldown': 3, 'flip': False, 'en_ema_trend': True, 'ema_trend_fast': 121, 'ema_trend_slow': 364, 'en_sma_trend': False, 'sma_trend_fast': 232, 'sma_trend_slow': 191, 'en_macd': False, 'macd_fast': 80, 'macd_slow': 64, 'macd_signal': 54, 'en_vwap': True, 'en_keltner': True, 'keltner_n': 3, 'keltner_m': 1.5, 'en_obv': False, 'obv_slope': 7, 'en_cci': True, 'cci_n': 174, 'cci_threshold': 30, 'en_rsi': True, 'rsi_n': 15, 'rsi_lower': 16, 'rsi_upper': 58, 'en_stochastic': True, 'stochastic_n': 9, 'stochastic_d': 3, 'stochastic_lower': 2, 'stochastic_upper': 69, 'en_mfi': True, 'mfi_n': 45, 'mfi_lower': 14, 'mfi_upper': 60, 'en_bollinger': False, 'bollinger_n': 121, 'bollinger_k': 2.1, 'en_adx': False, 'adx_n': 2, 'adx_threshold': 26, 'en_structure_trend': True, 'structure_trend_swing_l': 11, 'en_order_block': False, 'order_block_swing_l': 1, 'en_fvg': False, 'fvg_lookback': 44, 'en_ifvg': False, 'en_breaker': True, 'breaker_swing_l': 18, 'en_cisd': True, 'k': 1, 'en_cap_bars': True, 'cap_1min': 1119}.
[I 2026-07-13 17:54:41,700] Trial 2047 finished with values: [540.4048923493747, -232.76951948848819, 48.45] and parameters: {'sl_soft': 0.6154913983821713, 'sl_hard_delta': 0.03218716157238656, 'tp': 1.2548102965475247, 'gate_pct': 62.02693045764362, 'dd_limit': 208.93735973419433, 'cooldown': 20, 'flip': False, 'en_ema_trend': True, 'ema_trend_fast': 121, 'ema_trend_slow': 364, 'en_sma_trend': False, 'sma_trend_fast': 232, 'sma_trend_slow': 218, 'en_macd': False, 'macd_fast': 80, 'macd_slow': 64, 'macd_signal': 27, 'en_vwap': True, 'en_keltner': True, 'keltner_n': 3, 'keltner_m': 1.5, 'en_obv': False, 'obv_slope': 7, 'en_cci': False, 'cci_n': 174, 'cci_threshold': 185, 'en_rsi': True, 'rsi_n': 15, 'rsi_lower': 7, 'rsi_upper': 58, 'en_stochastic': False, 'stochastic_n': 9, 'stochastic_d': 49, 'stochastic_lower': 2, 'stochastic_upper': 77, 'en_mfi': True, 'mfi_n': 80, 'mfi_lower': 7, 'mfi_upper': 60, 'en_bollinger': True, 'bollinger_n': 121, 'bollinger_k': 2.1, 'en_adx': False, 'adx_n': 2, 'adx_threshold': 29, 'en_structure_trend': True, 'structure_trend_swing_l': 11, 'en_order_block': False, 'order_block_swing_l': 18, 'en_fvg': False, 'fvg_lookback': 44, 'en_ifvg': False, 'en_breaker': False, 'breaker_swing_l': 17, 'en_cisd': False, 'k': 3, 'en_cap_bars': True, 'cap_1min': 253}.
[I 2026-07-13 17:54:41,945] Trial 2048 pruned. 
[I 2026-07-13 17:54:42,200] Trial 2049 pruned. 
[I 2026-07-13 17:54:42,478] Trial 2050 finished with values: [336.7646249477559, -297.71491524046496, 43.1] and parameters: {'sl_soft': 0.95083156235771, 'sl_hard_delta': 0.24002809860404511, 'tp': 2.5647184925159534, 'gate_pct': 84.86382733879176, 'dd_limit': 462.79068244538684, 'cooldown': 15, 'flip': False, 'en_ema_trend': True, 'ema_trend_fast': 121, 'ema_trend_slow': 364, 'en_sma_trend': False, 'sma_trend_fast': 155, 'sma_trend_slow': 14, 'en_macd': False, 'macd_fast': 80, 'macd_slow': 64, 'macd_signal': 86, 'en_vwap': False, 'en_keltner': True, 'keltner_n': 3, 'keltner_m': 2.9000000000000004, 'en_obv': False, 'obv_slope': 116, 'en_cci': True, 'cci_n': 42, 'cci_threshold': 30, 'en_rsi': True, 'rsi_n': 87, 'rsi_lower': 28, 'rsi_upper': 58, 'en_stochastic': True, 'stochastic_n': 9, 'stochastic_d': 3, 'stochastic_lower': 40, 'stochastic_upper': 89, 'en_mfi': True, 'mfi_n': 45, 'mfi_lower': 20, 'mfi_upper': 60, 'en_bollinger': False, 'bollinger_n': 121, 'bollinger_k': 2.1, 'en_adx': True, 'adx_n': 2, 'adx_threshold': 27, 'en_structure_trend': True, 'structure_trend_swing_l': 8, 'en_order_block': True, 'order_block_swing_l': 1, 'en_fvg': False, 'fvg_lookback': 28, 'en_ifvg': False, 'en_breaker': True, 'breaker_swing_l': 1, 'en_cisd': False, 'k': 4, 'en_cap_bars': True, 'cap_1min': 332}.
[I 2026-07-13 17:54:42,957] Trial 2051 finished with values: [32.79053977021249, -424.8125245300571, 49.55] and parameters: {'sl_soft': 1.1989840027512884, 'sl_hard_delta': 0.03218716157238656, 'tp': 1.2921449941565541, 'gate_pct': 84.86382733879176, 'dd_limit': 458.2469053412914, 'cooldown': 20, 'flip': False, 'en_ema_trend': False, 'ema_trend_fast': 186, 'ema_trend_slow': 29, 'en_sma_trend': False, 'sma_trend_fast': 155, 'sma_trend_slow': 263, 'en_macd': False, 'macd_fast': 96, 'macd_slow': 64, 'macd_signal': 96, 'en_vwap': False, 'en_keltner': False, 'keltner_n': 162, 'keltner_m': 1.5, 'en_obv': True, 'obv_slope': 193, 'en_cci': True, 'cci_n': 111, 'cci_threshold': 30, 'en_rsi': True, 'rsi_n': 71, 'rsi_lower': 38, 'rsi_upper': 58, 'en_stochastic': True, 'stochastic_n': 32, 'stochastic_d': 3, 'stochastic_lower': 2, 'stochastic_upper': 89, 'en_mfi': True, 'mfi_n': 82, 'mfi_lower': 2, 'mfi_upper': 60, 'en_bollinger': False, 'bollinger_n': 121, 'bollinger_k': 2.1, 'en_adx': False, 'adx_n': 16, 'adx_threshold': 27, 'en_structure_trend': True, 'structure_trend_swing_l': 4, 'en_order_block': True, 'order_block_swing_l': 16, 'en_fvg': False, 'fvg_lookback': 28, 'en_ifvg': True, 'en_breaker': True, 'breaker_swing_l': 1, 'en_cisd': True, 'k': 4, 'en_cap_bars': True, 'cap_1min': 1119}.
[I 2026-07-13 17:54:43,999] Trial 2052 finished with values: [324.15094924148207, -440.6324586271239, 57.599999999999994] and parameters: {'sl_soft': 0.6154913983821713, 'sl_hard_delta': 0.6391455563496319, 'tp': 1.0983367613578423, 'gate_pct': 84.86382733879176, 'dd_limit': 462.79068244538684, 'cooldown': 15, 'flip': False, 'en_ema_trend': True, 'ema_trend_fast': 94, 'ema_trend_slow': 364, 'en_sma_trend': False, 'sma_trend_fast': 155, 'sma_trend_slow': 263, 'en_macd': False, 'macd_fast': 96, 'macd_slow': 64, 'macd_signal': 27, 'en_vwap': False, 'en_keltner': True, 'keltner_n': 162, 'keltner_m': 2.9000000000000004, 'en_obv': True, 'obv_slope': 7, 'en_cci': True, 'cci_n': 111, 'cci_threshold': 30, 'en_rsi': True, 'rsi_n': 87, 'rsi_lower': 28, 'rsi_upper': 86, 'en_stochastic': True, 'stochastic_n': 9, 'stochastic_d': 27, 'stochastic_lower': 40, 'stochastic_upper': 89, 'en_mfi': True, 'mfi_n': 45, 'mfi_lower': 20, 'mfi_upper': 60, 'en_bollinger': True, 'bollinger_n': 121, 'bollinger_k': 2.1, 'en_adx': False, 'adx_n': 2, 'adx_threshold': 27, 'en_structure_trend': False, 'structure_trend_swing_l': 1, 'en_order_block': True, 'order_block_swing_l': 16, 'en_fvg': False, 'fvg_lookback': 14, 'en_ifvg': False, 'en_breaker': False, 'breaker_swing_l': 18, 'en_cisd': True, 'k': 1, 'en_cap_bars': False, 'cap_1min': 379}.
[I 2026-07-13 17:54:44,326] Trial 2053 finished with values: [-1.3583952825456436, -250.57880133681465, 37.8] and parameters: {'sl_soft': 0.6154913983821713, 'sl_hard_delta': 0.03218716157238656, 'tp': 1.0983367613578423, 'gate_pct': 62.02693045764362, 'dd_limit': 208.93735973419433, 'cooldown': 15, 'flip': True, 'en_ema_trend': False, 'ema_trend_fast': 121, 'ema_trend_slow': 26, 'en_sma_trend': False, 'sma_trend_fast': 155, 'sma_trend_slow': 14, 'en_macd': False, 'macd_fast': 80, 'macd_slow': 156, 'macd_signal': 72, 'en_vwap': False, 'en_keltner': True, 'keltner_n': 3, 'keltner_m': 2.9000000000000004, 'en_obv': True, 'obv_slope': 116, 'en_cci': False, 'cci_n': 111, 'cci_threshold': 30, 'en_rsi': True, 'rsi_n': 87, 'rsi_lower': 37, 'rsi_upper': 82, 'en_stochastic': False, 'stochastic_n': 71, 'stochastic_d': 27, 'stochastic_lower': 44, 'stochastic_upper': 89, 'en_mfi': True, 'mfi_n': 82, 'mfi_lower': 7, 'mfi_upper': 72, 'en_bollinger': False, 'bollinger_n': 47, 'bollinger_k': 3.4000000000000004, 'en_adx': True, 'adx_n': 16, 'adx_threshold': 27, 'en_structure_trend': True, 'structure_trend_swing_l': 1, 'en_order_block': False, 'order_block_swing_l': 9, 'en_fvg': True, 'fvg_lookback': 44, 'en_ifvg': False, 'en_breaker': False, 'breaker_swing_l': 18, 'en_cisd': True, 'k': 1, 'en_cap_bars': True, 'cap_1min': 379}.
[I 2026-07-13 17:54:45,495] Trial 2054 finished with values: [142.81257161291023, -530.0906953374351, 58.2] and parameters: {'sl_soft': 1.1989840027512884, 'sl_hard_delta': 0.24002809860404511, 'tp': 1.0983367613578423, 'gate_pct': 84.86382733879176, 'dd_limit': 458.2469053412914, 'cooldown': 15, 'flip': True, 'en_ema_trend': False, 'ema_trend_fast': 121, 'ema_trend_slow': 203, 'en_sma_trend': False, 'sma_trend_fast': 155, 'sma_trend_slow': 14, 'en_macd': False, 'macd_fast': 96, 'macd_slow': 64, 'macd_signal': 54, 'en_vwap': False, 'en_keltner': False, 'keltner_n': 125, 'keltner_m': 2.9000000000000004, 'en_obv': False, 'obv_slope': 116, 'en_cci': True, 'cci_n': 111, 'cci_threshold': 30, 'en_rsi': True, 'rsi_n': 71, 'rsi_lower': 28, 'rsi_upper': 58, 'en_stochastic': False, 'stochastic_n': 32, 'stochastic_d': 3, 'stochastic_lower': 40, 'stochastic_upper': 89, 'en_mfi': True, 'mfi_n': 45, 'mfi_lower': 20, 'mfi_upper': 72, 'en_bollinger': False, 'bollinger_n': 86, 'bollinger_k': 3.4000000000000004, 'en_adx': True, 'adx_n': 16, 'adx_threshold': 26, 'en_structure_trend': True, 'structure_trend_swing_l': 11, 'en_order_block': False, 'order_block_swing_l': 16, 'en_fvg': True, 'fvg_lookback': 14, 'en_ifvg': False, 'en_breaker': False, 'breaker_swing_l': 18, 'en_cisd': False, 'k': 4, 'en_cap_bars': True, 'cap_1min': 379}.
[I 2026-07-13 17:54:46,719] Trial 2055 finished with values: [110.4248266137347, -485.7589199660879, 19.200000000000003] and parameters: {'sl_soft': 0.6154913983821713, 'sl_hard_delta': 0.03218716157238656, 'tp': 3.5508761536026174, 'gate_pct': 84.86382733879176, 'dd_limit': 462.79068244538684, 'cooldown': 15, 'flip': False, 'en_ema_trend': False, 'ema_trend_fast': 40, 'ema_trend_slow': 364, 'en_sma_trend': False, 'sma_trend_fast': 155, 'sma_trend_slow': 14, 'en_macd': False, 'macd_fast': 80, 'macd_slow': 156, 'macd_signal': 86, 'en_vwap': True, 'en_keltner': True, 'keltner_n': 3, 'keltner_m': 1.5, 'en_obv': False, 'obv_slope': 116, 'en_cci': True, 'cci_n': 174, 'cci_threshold': 25, 'en_rsi': True, 'rsi_n': 15, 'rsi_lower': 16, 'rsi_upper': 86, 'en_stochastic': True, 'stochastic_n': 32, 'stochastic_d': 27, 'stochastic_lower': 2, 'stochastic_upper': 89, 'en_mfi': True, 'mfi_n': 82, 'mfi_lower': 7, 'mfi_upper': 60, 'en_bollinger': True, 'bollinger_n': 86, 'bollinger_k': 3.4000000000000004, 'en_adx': True, 'adx_n': 2, 'adx_threshold': 27, 'en_structure_trend': True, 'structure_trend_swing_l': 4, 'en_order_block': True, 'order_block_swing_l': 15, 'en_fvg': False, 'fvg_lookback': 28, 'en_ifvg': True, 'en_breaker': True, 'breaker_swing_l': 1, 'en_cisd': True, 'k': 1, 'en_cap_bars': True, 'cap_1min': 1119}.
