[I 2026-07-13 17:17:16,853] Trial 408 finished with values: [154.6620126549783, -370.4342638968683, 51.65] and parameters: {'sl_soft': 0.8006429476173194, 'sl_hard_delta': 0.42994751087190747, 'tp': 1.674857472998817, 'gate_pct': 49.958417067888604, 'dd_limit': 434.8338936907749, 'cooldown': 16, 'flip': True, 'en_ema_trend': False, 'ema_trend_fast': 314, 'ema_trend_slow': 24, 'en_sma_trend': False, 'sma_trend_fast': 266, 'sma_trend_slow': 121, 'en_macd': True, 'macd_fast': 93, 'macd_slow': 63, 'macd_signal': 1, 'en_vwap': True, 'en_keltner': True, 'keltner_n': 137, 'keltner_m': 2.1, 'en_obv': False, 'obv_slope': 6, 'en_cci': False, 'cci_n': 94, 'cci_threshold': 195, 'en_rsi': True, 'rsi_n': 23, 'rsi_lower': 7, 'rsi_upper': 88, 'en_stochastic': False, 'stochastic_n': 77, 'stochastic_d': 5, 'stochastic_lower': 36, 'stochastic_upper': 93, 'en_mfi': True, 'mfi_n': 61, 'mfi_lower': 15, 'mfi_upper': 68, 'en_bollinger': False, 'bollinger_n': 182, 'bollinger_k': 1.6, 'en_adx': False, 'adx_n': 71, 'adx_threshold': 33, 'en_structure_trend': True, 'structure_trend_swing_l': 4, 'en_order_block': False, 'order_block_swing_l': 9, 'en_fvg': True, 'fvg_lookback': 35, 'en_ifvg': False, 'en_breaker': False, 'breaker_swing_l': 17, 'en_cisd': False, 'k': 3, 'en_cap_bars': True, 'cap_1min': 3}.
[I 2026-07-13 17:17:23,805] Trial 409 finished with values: [53.90436929887983, -497.9669950461812, 50.0] and parameters: {'sl_soft': 1.4326423495393754, 'sl_hard_delta': 0.09391430061437202, 'tp': 2.249197437223498, 'gate_pct': 58.77346993604095, 'dd_limit': 439.4689893251477, 'cooldown': 12, 'flip': True, 'en_ema_trend': True, 'ema_trend_fast': 13, 'ema_trend_slow': 236, 'en_sma_trend': True, 'sma_trend_fast': 337, 'sma_trend_slow': 55, 'en_macd': True, 'macd_fast': 33, 'macd_slow': 80, 'macd_signal': 22, 'en_vwap': True, 'en_keltner': True, 'keltner_n': 178, 'keltner_m': 4.300000000000001, 'en_obv': False, 'obv_slope': 102, 'en_cci': False, 'cci_n': 32, 'cci_threshold': 155, 'en_rsi': False, 'rsi_n': 5, 'rsi_lower': 11, 'rsi_upper': 67, 'en_stochastic': True, 'stochastic_n': 80, 'stochastic_d': 35, 'stochastic_lower': 44, 'stochastic_upper': 53, 'en_mfi': False, 'mfi_n': 21, 'mfi_lower': 12, 'mfi_upper': 62, 'en_bollinger': True, 'bollinger_n': 104, 'bollinger_k': 2.1, 'en_adx': False, 'adx_n': 48, 'adx_threshold': 44, 'en_structure_trend': True, 'structure_trend_swing_l': 17, 'en_order_block': False, 'order_block_swing_l': 13, 'en_fvg': True, 'fvg_lookback': 48, 'en_ifvg': True, 'en_breaker': True, 'breaker_swing_l': 5, 'en_cisd': True, 'k': 2, 'en_cap_bars': True, 'cap_1min': 1416}.
[I 2026-07-13 17:17:27,014] Trial 410 finished with values: [-338.24026118847996, -838.5103225489956, 38.1] and parameters: {'sl_soft': 1.124380577176661, 'sl_hard_delta': 0.4218978700826674, 'tp': 2.1925639368831504, 'gate_pct': 81.43219065749138, 'dd_limit': 390.2569167971573, 'cooldown': 8, 'flip': True, 'en_ema_trend': True, 'ema_trend_fast': 17, 'ema_trend_slow': 38, 'en_sma_trend': False, 'sma_trend_fast': 29, 'sma_trend_slow': 84, 'en_macd': True, 'macd_fast': 80, 'macd_slow': 134, 'macd_signal': 9, 'en_vwap': True, 'en_keltner': False, 'keltner_n': 77, 'keltner_m': 4.5, 'en_obv': True, 'obv_slope': 170, 'en_cci': False, 'cci_n': 125, 'cci_threshold': 50, 'en_rsi': True, 'rsi_n': 9, 'rsi_lower': 42, 'rsi_upper': 71, 'en_stochastic': False, 'stochastic_n': 56, 'stochastic_d': 34, 'stochastic_lower': 2, 'stochastic_upper': 82, 'en_mfi': True, 'mfi_n': 97, 'mfi_lower': 37, 'mfi_upper': 76, 'en_bollinger': False, 'bollinger_n': 178, 'bollinger_k': 3.8000000000000003, 'en_adx': False, 'adx_n': 33, 'adx_threshold': 9, 'en_structure_trend': True, 'structure_trend_swing_l': 17, 'en_order_block': False, 'order_block_swing_l': 13, 'en_fvg': False, 'fvg_lookback': 28, 'en_ifvg': False, 'en_breaker': False, 'breaker_swing_l': 1, 'en_cisd': True, 'k': 1, 'en_cap_bars': False, 'cap_1min': 933}.
[I 2026-07-13 17:17:27,996] Trial 411 pruned. 
[I 2026-07-13 17:17:34,519] Trial 412 finished with values: [-134.16541255406855, -590.7436063117075, 38.35] and parameters: {'sl_soft': 1.4326423495393754, 'sl_hard_delta': 1.3628343994127585, 'tp': 2.1925639368831504, 'gate_pct': 58.77346993604095, 'dd_limit': 439.4689893251477, 'cooldown': 16, 'flip': True, 'en_ema_trend': True, 'ema_trend_fast': 13, 'ema_trend_slow': 139, 'en_sma_trend': False, 'sma_trend_fast': 266, 'sma_trend_slow': 300, 'en_macd': False, 'macd_fast': 25, 'macd_slow': 48, 'macd_signal': 1, 'en_vwap': True, 'en_keltner': False, 'keltner_n': 137, 'keltner_m': 4.8, 'en_obv': True, 'obv_slope': 8, 'en_cci': True, 'cci_n': 39, 'cci_threshold': 80, 'en_rsi': False, 'rsi_n': 48, 'rsi_lower': 7, 'rsi_upper': 67, 'en_stochastic': True, 'stochastic_n': 22, 'stochastic_d': 35, 'stochastic_lower': 16, 'stochastic_upper': 57, 'en_mfi': True, 'mfi_n': 12, 'mfi_lower': 12, 'mfi_upper': 62, 'en_bollinger': False, 'bollinger_n': 104, 'bollinger_k': 2.1, 'en_adx': False, 'adx_n': 59, 'adx_threshold': 5, 'en_structure_trend': False, 'structure_trend_swing_l': 17, 'en_order_block': True, 'order_block_swing_l': 9, 'en_fvg': False, 'fvg_lookback': 36, 'en_ifvg': False, 'en_breaker': False, 'breaker_swing_l': 17, 'en_cisd': True, 'k': 4, 'en_cap_bars': False, 'cap_1min': 1416}.
[I 2026-07-13 17:17:36,192] Trial 413 finished with values: [51.83890190941156, -232.11927415566151, 65.0] and parameters: {'sl_soft': 1.2795510837006852, 'sl_hard_delta': 1.3628343994127585, 'tp': 1.2594202227842493, 'gate_pct': 76.55976188692937, 'dd_limit': 48.78569624793002, 'cooldown': 16, 'flip': True, 'en_ema_trend': True, 'ema_trend_fast': 208, 'ema_trend_slow': 139, 'en_sma_trend': False, 'sma_trend_fast': 266, 'sma_trend_slow': 143, 'en_macd': True, 'macd_fast': 9, 'macd_slow': 48, 'macd_signal': 1, 'en_vwap': True, 'en_keltner': False, 'keltner_n': 137, 'keltner_m': 4.300000000000001, 'en_obv': False, 'obv_slope': 6, 'en_cci': False, 'cci_n': 94, 'cci_threshold': 195, 'en_rsi': True, 'rsi_n': 23, 'rsi_lower': 37, 'rsi_upper': 69, 'en_stochastic': True, 'stochastic_n': 22, 'stochastic_d': 5, 'stochastic_lower': 9, 'stochastic_upper': 57, 'en_mfi': True, 'mfi_n': 20, 'mfi_lower': 15, 'mfi_upper': 68, 'en_bollinger': False, 'bollinger_n': 69, 'bollinger_k': 1.6, 'en_adx': False, 'adx_n': 74, 'adx_threshold': 33, 'en_structure_trend': True, 'structure_trend_swing_l': 4, 'en_order_block': False, 'order_block_swing_l': 9, 'en_fvg': True, 'fvg_lookback': 35, 'en_ifvg': False, 'en_breaker': True, 'breaker_swing_l': 17, 'en_cisd': False, 'k': 4, 'en_cap_bars': False, 'cap_1min': 608}.
[I 2026-07-13 17:17:38,051] Trial 414 finished with values: [247.38759695919725, -229.1677369782974, 55.55] and parameters: {'sl_soft': 1.124380577176661, 'sl_hard_delta': 0.02145810771492437, 'tp': 1.9062213357503182, 'gate_pct': 26.3517884829504, 'dd_limit': 190.1331512882937, 'cooldown': 34, 'flip': True, 'en_ema_trend': False, 'ema_trend_fast': 23, 'ema_trend_slow': 125, 'en_sma_trend': False, 'sma_trend_fast': 285, 'sma_trend_slow': 329, 'en_macd': True, 'macd_fast': 52, 'macd_slow': 53, 'macd_signal': 61, 'en_vwap': True, 'en_keltner': False, 'keltner_n': 94, 'keltner_m': 4.1, 'en_obv': True, 'obv_slope': 167, 'en_cci': True, 'cci_n': 84, 'cci_threshold': 50, 'en_rsi': True, 'rsi_n': 15, 'rsi_lower': 41, 'rsi_upper': 82, 'en_stochastic': False, 'stochastic_n': 89, 'stochastic_d': 3, 'stochastic_lower': 2, 'stochastic_upper': 62, 'en_mfi': False, 'mfi_n': 80, 'mfi_lower': 37, 'mfi_upper': 70, 'en_bollinger': False, 'bollinger_n': 136, 'bollinger_k': 3.8000000000000003, 'en_adx': False, 'adx_n': 2, 'adx_threshold': 32, 'en_structure_trend': True, 'structure_trend_swing_l': 14, 'en_order_block': False, 'order_block_swing_l': 18, 'en_fvg': True, 'fvg_lookback': 50, 'en_ifvg': False, 'en_breaker': True, 'breaker_swing_l': 3, 'en_cisd': False, 'k': 1, 'en_cap_bars': False, 'cap_1min': 332}.
[I 2026-07-13 17:17:38,393] Trial 415 finished with values: [-77.64040803414787, -586.2080472945081, 42.5] and parameters: {'sl_soft': 1.4657917354156722, 'sl_hard_delta': 0.37325946217175326, 'tp': 2.249197437223498, 'gate_pct': 74.64771504966384, 'dd_limit': 208.93735973419433, 'cooldown': 23, 'flip': True, 'en_ema_trend': True, 'ema_trend_fast': 393, 'ema_trend_slow': 361, 'en_sma_trend': False, 'sma_trend_fast': 337, 'sma_trend_slow': 300, 'en_macd': False, 'macd_fast': 33, 'macd_slow': 98, 'macd_signal': 54, 'en_vwap': True, 'en_keltner': True, 'keltner_n': 49, 'keltner_m': 4.5, 'en_obv': False, 'obv_slope': 168, 'en_cci': False, 'cci_n': 32, 'cci_threshold': 250, 'en_rsi': True, 'rsi_n': 58, 'rsi_lower': 11, 'rsi_upper': 94, 'en_stochastic': False, 'stochastic_n': 80, 'stochastic_d': 24, 'stochastic_lower': 44, 'stochastic_upper': 74, 'en_mfi': False, 'mfi_n': 2, 'mfi_lower': 12, 'mfi_upper': 51, 'en_bollinger': True, 'bollinger_n': 62, 'bollinger_k': 4.8, 'en_adx': False, 'adx_n': 2, 'adx_threshold': 26, 'en_structure_trend': True, 'structure_trend_swing_l': 11, 'en_order_block': False, 'order_block_swing_l': 12, 'en_fvg': True, 'fvg_lookback': 19, 'en_ifvg': False, 'en_breaker': False, 'breaker_swing_l': 18, 'en_cisd': False, 'k': 3, 'en_cap_bars': False, 'cap_1min': 1165}.
[I 2026-07-13 17:17:46,092] Trial 416 finished with values: [191.95553184952132, -517.0300490150339, 46.900000000000006] and parameters: {'sl_soft': 1.2979586805955017, 'sl_hard_delta': 0.4218978700826674, 'tp': 2.249197437223498, 'gate_pct': 58.77346993604095, 'dd_limit': 439.4689893251477, 'cooldown': 8, 'flip': True, 'en_ema_trend': False, 'ema_trend_fast': 13, 'ema_trend_slow': 381, 'en_sma_trend': False, 'sma_trend_fast': 337, 'sma_trend_slow': 300, 'en_macd': False, 'macd_fast': 33, 'macd_slow': 167, 'macd_signal': 22, 'en_vwap': True, 'en_keltner': True, 'keltner_n': 178, 'keltner_m': 4.8, 'en_obv': True, 'obv_slope': 50, 'en_cci': False, 'cci_n': 23, 'cci_threshold': 40, 'en_rsi': True, 'rsi_n': 5, 'rsi_lower': 15, 'rsi_upper': 71, 'en_stochastic': False, 'stochastic_n': 67, 'stochastic_d': 34, 'stochastic_lower': 44, 'stochastic_upper': 74, 'en_mfi': True, 'mfi_n': 2, 'mfi_lower': 23, 'mfi_upper': 57, 'en_bollinger': True, 'bollinger_n': 62, 'bollinger_k': 2.8000000000000003, 'en_adx': True, 'adx_n': 48, 'adx_threshold': 11, 'en_structure_trend': False, 'structure_trend_swing_l': 19, 'en_order_block': False, 'order_block_swing_l': 9, 'en_fvg': False, 'fvg_lookback': 19, 'en_ifvg': False, 'en_breaker': True, 'breaker_swing_l': 1, 'en_cisd': True, 'k': 1, 'en_cap_bars': True, 'cap_1min': 1416}.
[I 2026-07-13 17:17:49,244] Trial 417 pruned. 
[I 2026-07-13 17:17:49,710] Trial 418 finished with values: [424.14557429447086, -585.7215670521555, 52.400000000000006] and parameters: {'sl_soft': 1.4326423495393754, 'sl_hard_delta': 0.09391430061437202, 'tp': 2.1925639368831504, 'gate_pct': 58.77346993604095, 'dd_limit': 439.4689893251477, 'cooldown': 1, 'flip': True, 'en_ema_trend': True, 'ema_trend_fast': 13, 'ema_trend_slow': 99, 'en_sma_trend': False, 'sma_trend_fast': 164, 'sma_trend_slow': 300, 'en_macd': False, 'macd_fast': 25, 'macd_slow': 124, 'macd_signal': 36, 'en_vwap': False, 'en_keltner': False, 'keltner_n': 130, 'keltner_m': 4.8, 'en_obv': True, 'obv_slope': 170, 'en_cci': True, 'cci_n': 39, 'cci_threshold': 80, 'en_rsi': False, 'rsi_n': 48, 'rsi_lower': 11, 'rsi_upper': 67, 'en_stochastic': False, 'stochastic_n': 56, 'stochastic_d': 50, 'stochastic_lower': 40, 'stochastic_upper': 53, 'en_mfi': True, 'mfi_n': 21, 'mfi_lower': 47, 'mfi_upper': 62, 'en_bollinger': False, 'bollinger_n': 104, 'bollinger_k': 2.1, 'en_adx': False, 'adx_n': 59, 'adx_threshold': 5, 'en_structure_trend': True, 'structure_trend_swing_l': 17, 'en_order_block': False, 'order_block_swing_l': 13, 'en_fvg': False, 'fvg_lookback': 28, 'en_ifvg': True, 'en_breaker': False, 'breaker_swing_l': 19, 'en_cisd': True, 'k': 4, 'en_cap_bars': False, 'cap_1min': 1416}.
[I 2026-07-13 17:17:51,743] Trial 419 finished with values: [187.86677903652844, -227.68864518100145, 70.85] and parameters: {'sl_soft': 0.9976436795384156, 'sl_hard_delta': 0.37325946217175326, 'tp': 0.894016689900206, 'gate_pct': 37.39778324297737, 'dd_limit': 225.9151492162283, 'cooldown': 23, 'flip': False, 'en_ema_trend': True, 'ema_trend_fast': 101, 'ema_trend_slow': 238, 'en_sma_trend': False, 'sma_trend_fast': 188, 'sma_trend_slow': 376, 'en_macd': True, 'macd_fast': 6, 'macd_slow': 64, 'macd_signal': 36, 'en_vwap': True, 'en_keltner': True, 'keltner_n': 49, 'keltner_m': 4.5, 'en_obv': True, 'obv_slope': 116, 'en_cci': True, 'cci_n': 39, 'cci_threshold': 155, 'en_rsi': False, 'rsi_n': 48, 'rsi_lower': 23, 'rsi_upper': 63, 'en_stochastic': False, 'stochastic_n': 56, 'stochastic_d': 34, 'stochastic_lower': 28, 'stochastic_upper': 70, 'en_mfi': False, 'mfi_n': 87, 'mfi_lower': 47, 'mfi_upper': 54, 'en_bollinger': True, 'bollinger_n': 161, 'bollinger_k': 3.4000000000000004, 'en_adx': True, 'adx_n': 59, 'adx_threshold': 9, 'en_structure_trend': True, 'structure_trend_swing_l': 10, 'en_order_block': False, 'order_block_swing_l': 14, 'en_fvg': True, 'fvg_lookback': 45, 'en_ifvg': True, 'en_breaker': False, 'breaker_swing_l': 18, 'en_cisd': False, 'k': 3, 'en_cap_bars': False, 'cap_1min': 1381}.
[I 2026-07-13 17:17:52,586] Trial 420 pruned. 
[I 2026-07-13 17:17:59,527] Trial 421 finished with values: [102.64878963345154, -265.6354712565417, 39.4] and parameters: {'sl_soft': 0.9976436795384156, 'sl_hard_delta': 0.37325946217175326, 'tp': 2.390195776514097, 'gate_pct': 26.991527672954163, 'dd_limit': 208.93735973419433, 'cooldown': 20, 'flip': True, 'en_ema_trend': False, 'ema_trend_fast': 29, 'ema_trend_slow': 196, 'en_sma_trend': False, 'sma_trend_fast': 128, 'sma_trend_slow': 376, 'en_macd': True, 'macd_fast': 6, 'macd_slow': 64, 'macd_signal': 50, 'en_vwap': True, 'en_keltner': True, 'keltner_n': 49, 'keltner_m': 0.5, 'en_obv': True, 'obv_slope': 44, 'en_cci': False, 'cci_n': 91, 'cci_threshold': 280, 'en_rsi': False, 'rsi_n': 74, 'rsi_lower': 38, 'rsi_upper': 63, 'en_stochastic': False, 'stochastic_n': 25, 'stochastic_d': 31, 'stochastic_lower': 44, 'stochastic_upper': 70, 'en_mfi': True, 'mfi_n': 65, 'mfi_lower': 37, 'mfi_upper': 76, 'en_bollinger': True, 'bollinger_n': 186, 'bollinger_k': 4.7, 'en_adx': True, 'adx_n': 2, 'adx_threshold': 12, 'en_structure_trend': True, 'structure_trend_swing_l': 17, 'en_order_block': False, 'order_block_swing_l': 1, 'en_fvg': True, 'fvg_lookback': 45, 'en_ifvg': False, 'en_breaker': False, 'breaker_swing_l': 5, 'en_cisd': False, 'k': 5, 'en_cap_bars': False, 'cap_1min': 418}.
[I 2026-07-13 17:17:59,910] Trial 422 finished with values: [594.2810776614238, -735.2737933249728, 49.25] and parameters: {'sl_soft': 1.4326423495393754, 'sl_hard_delta': 0.09391430061437202, 'tp': 2.249197437223498, 'gate_pct': 58.77346993604095, 'dd_limit': 439.4689893251477, 'cooldown': 1, 'flip': True, 'en_ema_trend': True, 'ema_trend_fast': 13, 'ema_trend_slow': 236, 'en_sma_trend': False, 'sma_trend_fast': 337, 'sma_trend_slow': 300, 'en_macd': True, 'macd_fast': 33, 'macd_slow': 124, 'macd_signal': 22, 'en_vwap': True, 'en_keltner': True, 'keltner_n': 178, 'keltner_m': 4.8, 'en_obv': False, 'obv_slope': 50, 'en_cci': False, 'cci_n': 32, 'cci_threshold': 40, 'en_rsi': True, 'rsi_n': 5, 'rsi_lower': 11, 'rsi_upper': 67, 'en_stochastic': False, 'stochastic_n': 40, 'stochastic_d': 35, 'stochastic_lower': 44, 'stochastic_upper': 74, 'en_mfi': True, 'mfi_n': 2, 'mfi_lower': 12, 'mfi_upper': 61, 'en_bollinger': True, 'bollinger_n': 52, 'bollinger_k': 2.8000000000000003, 'en_adx': False, 'adx_n': 48, 'adx_threshold': 44, 'en_structure_trend': False, 'structure_trend_swing_l': 20, 'en_order_block': False, 'order_block_swing_l': 9, 'en_fvg': False, 'fvg_lookback': 19, 'en_ifvg': False, 'en_breaker': True, 'breaker_swing_l': 5, 'en_cisd': True, 'k': 1, 'en_cap_bars': True, 'cap_1min': 1416}.
[I 2026-07-13 17:18:00,186] Trial 423 finished with values: [3.937127710639743, -442.7257854275467, 46.0] and parameters: {'sl_soft': 0.9976436795384156, 'sl_hard_delta': 0.37325946217175326, 'tp': 1.6930466296932924, 'gate_pct': 62.02693045764362, 'dd_limit': 60.80016338531003, 'cooldown': 8, 'flip': True, 'en_ema_trend': False, 'ema_trend_fast': 269, 'ema_trend_slow': 361, 'en_sma_trend': False, 'sma_trend_fast': 150, 'sma_trend_slow': 376, 'en_macd': False, 'macd_fast': 57, 'macd_slow': 68, 'macd_signal': 54, 'en_vwap': False, 'en_keltner': True, 'keltner_n': 49, 'keltner_m': 4.5, 'en_obv': True, 'obv_slope': 168, 'en_cci': False, 'cci_n': 2, 'cci_threshold': 250, 'en_rsi': False, 'rsi_n': 9, 'rsi_lower': 29, 'rsi_upper': 58, 'en_stochastic': False, 'stochastic_n': 67, 'stochastic_d': 34, 'stochastic_lower': 44, 'stochastic_upper': 94, 'en_mfi': False, 'mfi_n': 41, 'mfi_lower': 2, 'mfi_upper': 88, 'en_bollinger': True, 'bollinger_n': 62, 'bollinger_k': 4.8, 'en_adx': False, 'adx_n': 32, 'adx_threshold': 26, 'en_structure_trend': True, 'structure_trend_swing_l': 19, 'en_order_block': True, 'order_block_swing_l': 12, 'en_fvg': True, 'fvg_lookback': 34, 'en_ifvg': True, 'en_breaker': False, 'breaker_swing_l': 18, 'en_cisd': True, 'k': 3, 'en_cap_bars': False, 'cap_1min': 689}.
[I 2026-07-13 17:18:02,099] Trial 424 finished with values: [75.51373097398937, -254.77544681336894, 40.0] and parameters: {'sl_soft': 0.9976436795384156, 'sl_hard_delta': 0.02145810771492437, 'tp': 1.9062213357503182, 'gate_pct': 26.991527672954163, 'dd_limit': 225.9151492162283, 'cooldown': 29, 'flip': True, 'en_ema_trend': False, 'ema_trend_fast': 101, 'ema_trend_slow': 38, 'en_sma_trend': False, 'sma_trend_fast': 285, 'sma_trend_slow': 376, 'en_macd': True, 'macd_fast': 6, 'macd_slow': 64, 'macd_signal': 9, 'en_vwap': True, 'en_keltner': False, 'keltner_n': 77, 'keltner_m': 4.5, 'en_obv': True, 'obv_slope': 44, 'en_cci': True, 'cci_n': 125, 'cci_threshold': 50, 'en_rsi': False, 'rsi_n': 48, 'rsi_lower': 41, 'rsi_upper': 63, 'en_stochastic': False, 'stochastic_n': 56, 'stochastic_d': 3, 'stochastic_lower': 28, 'stochastic_upper': 77, 'en_mfi': False, 'mfi_n': 97, 'mfi_lower': 47, 'mfi_upper': 54, 'en_bollinger': True, 'bollinger_n': 178, 'bollinger_k': 3.8000000000000003, 'en_adx': False, 'adx_n': 59, 'adx_threshold': 9, 'en_structure_trend': True, 'structure_trend_swing_l': 10, 'en_order_block': False, 'order_block_swing_l': 14, 'en_fvg': True, 'fvg_lookback': 50, 'en_ifvg': True, 'en_breaker': False, 'breaker_swing_l': 18, 'en_cisd': True, 'k': 1, 'en_cap_bars': False, 'cap_1min': 1381}.
[I 2026-07-13 17:18:03,613] Trial 425 finished with values: [-405.20822993688626, -837.5151438663579, 59.05] and parameters: {'sl_soft': 1.3199246294172853, 'sl_hard_delta': 0.4218978700826674, 'tp': 0.8220451112985745, 'gate_pct': 81.43219065749138, 'dd_limit': 208.93735973419433, 'cooldown': 12, 'flip': True, 'en_ema_trend': False, 'ema_trend_fast': 393, 'ema_trend_slow': 238, 'en_sma_trend': False, 'sma_trend_fast': 188, 'sma_trend_slow': 55, 'en_macd': True, 'macd_fast': 38, 'macd_slow': 125, 'macd_signal': 36, 'en_vwap': True, 'en_keltner': True, 'keltner_n': 54, 'keltner_m': 4.300000000000001, 'en_obv': True, 'obv_slope': 170, 'en_cci': False, 'cci_n': 91, 'cci_threshold': 30, 'en_rsi': False, 'rsi_n': 54, 'rsi_lower': 37, 'rsi_upper': 63, 'en_stochastic': False, 'stochastic_n': 55, 'stochastic_d': 50, 'stochastic_lower': 11, 'stochastic_upper': 93, 'en_mfi': False, 'mfi_n': 21, 'mfi_lower': 23, 'mfi_upper': 88, 'en_bollinger': False, 'bollinger_n': 62, 'bollinger_k': 2.1, 'en_adx': False, 'adx_n': 31, 'adx_threshold': 5, 'en_structure_trend': True, 'structure_trend_swing_l': 17, 'en_order_block': False, 'order_block_swing_l': 12, 'en_fvg': True, 'fvg_lookback': 1, 'en_ifvg': False, 'en_breaker': False, 'breaker_swing_l': 19, 'en_cisd': True, 'k': 4, 'en_cap_bars': False, 'cap_1min': 689}.
[I 2026-07-13 17:18:07,501] Trial 426 finished with values: [-19.491009897495815, -596.3291161142138, 39.3] and parameters: {'sl_soft': 1.4326423495393754, 'sl_hard_delta': 0.02145810771492437, 'tp': 1.9062213357503182, 'gate_pct': 58.77346993604095, 'dd_limit': 390.2569167971573, 'cooldown': 26, 'flip': True, 'en_ema_trend': True, 'ema_trend_fast': 317, 'ema_trend_slow': 38, 'en_sma_trend': False, 'sma_trend_fast': 337, 'sma_trend_slow': 304, 'en_macd': True, 'macd_fast': 33, 'macd_slow': 47, 'macd_signal': 22, 'en_vwap': True, 'en_keltner': False, 'keltner_n': 77, 'keltner_m': 4.8, 'en_obv': True, 'obv_slope': 44, 'en_cci': True, 'cci_n': 125, 'cci_threshold': 40, 'en_rsi': True, 'rsi_n': 15, 'rsi_lower': 41, 'rsi_upper': 67, 'en_stochastic': False, 'stochastic_n': 89, 'stochastic_d': 35, 'stochastic_lower': 2, 'stochastic_upper': 74, 'en_mfi': False, 'mfi_n': 2, 'mfi_lower': 12, 'mfi_upper': 76, 'en_bollinger': False, 'bollinger_n': 178, 'bollinger_k': 3.8000000000000003, 'en_adx': False, 'adx_n': 2, 'adx_threshold': 9, 'en_structure_trend': False, 'structure_trend_swing_l': 10, 'en_order_block': False, 'order_block_swing_l': 9, 'en_fvg': False, 'fvg_lookback': 50, 'en_ifvg': False, 'en_breaker': True, 'breaker_swing_l': 5, 'en_cisd': True, 'k': 1, 'en_cap_bars': False, 'cap_1min': 1381}.
