[I 2026-07-13 16:58:52,657] Trial 520 finished with values: [1198.687232949203, -3851.4966909754435, 64.2] and parameters: {'sl_soft': 10.950817648626344, 'sl_hard_delta': 4.28119276040679, 'tp': 7.979096925499226, 'gate_pct': 86.86001597008706, 'dd_limit': 162.39650823726745, 'cooldown': 1, 'flip': False, 'en_ema_trend': True, 'ema_trend_fast': 250, 'ema_trend_slow': 301, 'en_sma_trend': False, 'sma_trend_fast': 173, 'sma_trend_slow': 229, 'en_macd': False, 'macd_fast': 73, 'macd_slow': 77, 'macd_signal': 78, 'en_vwap': True, 'en_keltner': True, 'keltner_n': 154, 'keltner_m': 3.8000000000000003, 'en_obv': False, 'obv_slope': 7, 'en_cci': False, 'cci_n': 184, 'cci_threshold': 45, 'en_rsi': False, 'rsi_n': 67, 'rsi_lower': 43, 'rsi_upper': 57, 'en_stochastic': False, 'stochastic_n': 19, 'stochastic_d': 42, 'stochastic_lower': 8, 'stochastic_upper': 82, 'en_mfi': True, 'mfi_n': 94, 'mfi_lower': 28, 'mfi_upper': 90, 'en_bollinger': False, 'bollinger_n': 63, 'bollinger_k': 3.9000000000000004, 'en_adx': False, 'adx_n': 88, 'adx_threshold': 7, 'en_structure_trend': False, 'structure_trend_swing_l': 10, 'en_order_block': False, 'order_block_swing_l': 12, 'en_fvg': False, 'fvg_lookback': 19, 'en_ifvg': True, 'en_breaker': True, 'breaker_swing_l': 1, 'en_cisd': False, 'k': 4, 'en_cap_bars': True, 'cap_1min': 706}.
[I 2026-07-13 16:58:58,847] Trial 521 finished with values: [-2116.495458470081, -5207.639517085045, 62.3] and parameters: {'sl_soft': 10.950817648626344, 'sl_hard_delta': 8.38551944470289, 'tp': 4.687060750181087, 'gate_pct': 86.86001597008706, 'dd_limit': 162.39650823726745, 'cooldown': 1, 'flip': True, 'en_ema_trend': False, 'ema_trend_fast': 373, 'ema_trend_slow': 301, 'en_sma_trend': False, 'sma_trend_fast': 173, 'sma_trend_slow': 357, 'en_macd': False, 'macd_fast': 73, 'macd_slow': 36, 'macd_signal': 47, 'en_vwap': True, 'en_keltner': True, 'keltner_n': 154, 'keltner_m': 4.4, 'en_obv': False, 'obv_slope': 182, 'en_cci': False, 'cci_n': 184, 'cci_threshold': 265, 'en_rsi': False, 'rsi_n': 77, 'rsi_lower': 44, 'rsi_upper': 57, 'en_stochastic': True, 'stochastic_n': 75, 'stochastic_d': 12, 'stochastic_lower': 8, 'stochastic_upper': 97, 'en_mfi': True, 'mfi_n': 92, 'mfi_lower': 28, 'mfi_upper': 62, 'en_bollinger': False, 'bollinger_n': 63, 'bollinger_k': 4.300000000000001, 'en_adx': False, 'adx_n': 88, 'adx_threshold': 20, 'en_structure_trend': False, 'structure_trend_swing_l': 10, 'en_order_block': False, 'order_block_swing_l': 12, 'en_fvg': False, 'fvg_lookback': 19, 'en_ifvg': False, 'en_breaker': True, 'breaker_swing_l': 1, 'en_cisd': True, 'k': 4, 'en_cap_bars': True, 'cap_1min': 1287}.
[I 2026-07-13 16:59:02,959] Trial 522 finished with values: [722.7636269445497, -2101.4676297731967, 70.15] and parameters: {'sl_soft': 14.04448354353375, 'sl_hard_delta': 2.3271816191076544, 'tp': 6.614104189059038, 'gate_pct': 81.43219065749138, 'dd_limit': 468.96228685784826, 'cooldown': 0, 'flip': False, 'en_ema_trend': False, 'ema_trend_fast': 177, 'ema_trend_slow': 238, 'en_sma_trend': True, 'sma_trend_fast': 345, 'sma_trend_slow': 396, 'en_macd': True, 'macd_fast': 49, 'macd_slow': 125, 'macd_signal': 82, 'en_vwap': True, 'en_keltner': True, 'keltner_n': 43, 'keltner_m': 4.300000000000001, 'en_obv': True, 'obv_slope': 162, 'en_cci': True, 'cci_n': 51, 'cci_threshold': 155, 'en_rsi': True, 'rsi_n': 39, 'rsi_lower': 38, 'rsi_upper': 95, 'en_stochastic': False, 'stochastic_n': 97, 'stochastic_d': 31, 'stochastic_lower': 2, 'stochastic_upper': 93, 'en_mfi': True, 'mfi_n': 43, 'mfi_lower': 19, 'mfi_upper': 67, 'en_bollinger': False, 'bollinger_n': 161, 'bollinger_k': 4.7, 'en_adx': False, 'adx_n': 19, 'adx_threshold': 21, 'en_structure_trend': False, 'structure_trend_swing_l': 17, 'en_order_block': True, 'order_block_swing_l': 1, 'en_fvg': True, 'fvg_lookback': 7, 'en_ifvg': False, 'en_breaker': True, 'breaker_swing_l': 5, 'en_cisd': False, 'k': 5, 'en_cap_bars': False, 'cap_1min': 412}.
[I 2026-07-13 16:59:03,253] Trial 523 finished with values: [1906.1811886805003, -2565.000000000032, 54.75] and parameters: {'sl_soft': 12.150548735644255, 'sl_hard_delta': 16.490247779034476, 'tp': 20.630905943402496, 'gate_pct': 68.22768503522947, 'dd_limit': 377.8686668899344, 'cooldown': 2, 'flip': False, 'en_ema_trend': True, 'ema_trend_fast': 159, 'ema_trend_slow': 129, 'en_sma_trend': False, 'sma_trend_fast': 362, 'sma_trend_slow': 96, 'en_macd': True, 'macd_fast': 98, 'macd_slow': 94, 'macd_signal': 13, 'en_vwap': False, 'en_keltner': False, 'keltner_n': 8, 'keltner_m': 3.3000000000000003, 'en_obv': True, 'obv_slope': 30, 'en_cci': False, 'cci_n': 156, 'cci_threshold': 35, 'en_rsi': True, 'rsi_n': 39, 'rsi_lower': 13, 'rsi_upper': 60, 'en_stochastic': False, 'stochastic_n': 35, 'stochastic_d': 49, 'stochastic_lower': 43, 'stochastic_upper': 97, 'en_mfi': False, 'mfi_n': 65, 'mfi_lower': 19, 'mfi_upper': 97, 'en_bollinger': False, 'bollinger_n': 20, 'bollinger_k': 0.6, 'en_adx': False, 'adx_n': 31, 'adx_threshold': 37, 'en_structure_trend': False, 'structure_trend_swing_l': 19, 'en_order_block': False, 'order_block_swing_l': 5, 'en_fvg': False, 'fvg_lookback': 25, 'en_ifvg': True, 'en_breaker': False, 'breaker_swing_l': 15, 'en_cisd': True, 'k': 3, 'en_cap_bars': False, 'cap_1min': 583}.
[I 2026-07-13 16:59:06,738] Trial 524 pruned. 
[I 2026-07-13 16:59:12,145] Trial 525 finished with values: [-114.04513661295823, -1310.0000000000136, 25.0] and parameters: {'sl_soft': 3.1741393611577804, 'sl_hard_delta': 16.490247779034476, 'tp': 19.4690972677406, 'gate_pct': 83.33433192606572, 'dd_limit': 28.9935892757227, 'cooldown': 0, 'flip': False, 'en_ema_trend': True, 'ema_trend_fast': 176, 'ema_trend_slow': 129, 'en_sma_trend': False, 'sma_trend_fast': 305, 'sma_trend_slow': 144, 'en_macd': True, 'macd_fast': 98, 'macd_slow': 111, 'macd_signal': 30, 'en_vwap': True, 'en_keltner': False, 'keltner_n': 49, 'keltner_m': 4.1, 'en_obv': True, 'obv_slope': 30, 'en_cci': False, 'cci_n': 12, 'cci_threshold': 255, 'en_rsi': False, 'rsi_n': 67, 'rsi_lower': 15, 'rsi_upper': 60, 'en_stochastic': True, 'stochastic_n': 35, 'stochastic_d': 39, 'stochastic_lower': 14, 'stochastic_upper': 82, 'en_mfi': False, 'mfi_n': 58, 'mfi_lower': 17, 'mfi_upper': 87, 'en_bollinger': False, 'bollinger_n': 108, 'bollinger_k': 0.6, 'en_adx': False, 'adx_n': 33, 'adx_threshold': 32, 'en_structure_trend': False, 'structure_trend_swing_l': 16, 'en_order_block': False, 'order_block_swing_l': 17, 'en_fvg': True, 'fvg_lookback': 25, 'en_ifvg': True, 'en_breaker': False, 'breaker_swing_l': 16, 'en_cisd': True, 'k': 5, 'en_cap_bars': False, 'cap_1min': 1332}.
[I 2026-07-13 16:59:16,207] Trial 526 finished with values: [594.2293002389533, -5033.312565574465, 41.7] and parameters: {'sl_soft': 12.150548735644255, 'sl_hard_delta': 16.490247779034476, 'tp': 21.8337486885096, 'gate_pct': 69.66875484261499, 'dd_limit': 377.8686668899344, 'cooldown': 0, 'flip': False, 'en_ema_trend': True, 'ema_trend_fast': 177, 'ema_trend_slow': 129, 'en_sma_trend': False, 'sma_trend_fast': 362, 'sma_trend_slow': 96, 'en_macd': True, 'macd_fast': 56, 'macd_slow': 150, 'macd_signal': 13, 'en_vwap': False, 'en_keltner': True, 'keltner_n': 8, 'keltner_m': 3.3000000000000003, 'en_obv': True, 'obv_slope': 54, 'en_cci': False, 'cci_n': 156, 'cci_threshold': 35, 'en_rsi': False, 'rsi_n': 39, 'rsi_lower': 38, 'rsi_upper': 95, 'en_stochastic': False, 'stochastic_n': 35, 'stochastic_d': 19, 'stochastic_lower': 47, 'stochastic_upper': 97, 'en_mfi': False, 'mfi_n': 65, 'mfi_lower': 23, 'mfi_upper': 97, 'en_bollinger': False, 'bollinger_n': 20, 'bollinger_k': 0.6, 'en_adx': False, 'adx_n': 19, 'adx_threshold': 37, 'en_structure_trend': False, 'structure_trend_swing_l': 19, 'en_order_block': False, 'order_block_swing_l': 17, 'en_fvg': False, 'fvg_lookback': 25, 'en_ifvg': False, 'en_breaker': False, 'breaker_swing_l': 18, 'en_cisd': True, 'k': 1, 'en_cap_bars': False, 'cap_1min': 412}.
[I 2026-07-13 16:59:22,679] Trial 527 finished with values: [921.0562717184644, -6083.01206311603, 45.0] and parameters: {'sl_soft': 12.635376690751764, 'sl_hard_delta': 3.4116182846634375, 'tp': 21.8337486885096, 'gate_pct': 63.90528592947753, 'dd_limit': 162.39650823726745, 'cooldown': 1, 'flip': False, 'en_ema_trend': False, 'ema_trend_fast': 159, 'ema_trend_slow': 196, 'en_sma_trend': False, 'sma_trend_fast': 95, 'sma_trend_slow': 229, 'en_macd': False, 'macd_fast': 47, 'macd_slow': 77, 'macd_signal': 59, 'en_vwap': True, 'en_keltner': False, 'keltner_n': 43, 'keltner_m': 1.6, 'en_obv': True, 'obv_slope': 54, 'en_cci': False, 'cci_n': 184, 'cci_threshold': 195, 'en_rsi': True, 'rsi_n': 63, 'rsi_lower': 18, 'rsi_upper': 82, 'en_stochastic': False, 'stochastic_n': 3, 'stochastic_d': 46, 'stochastic_lower': 32, 'stochastic_upper': 91, 'en_mfi': False, 'mfi_n': 67, 'mfi_lower': 28, 'mfi_upper': 90, 'en_bollinger': True, 'bollinger_n': 151, 'bollinger_k': 1.6, 'en_adx': True, 'adx_n': 88, 'adx_threshold': 7, 'en_structure_trend': True, 'structure_trend_swing_l': 10, 'en_order_block': False, 'order_block_swing_l': 17, 'en_fvg': False, 'fvg_lookback': 40, 'en_ifvg': True, 'en_breaker': False, 'breaker_swing_l': 18, 'en_cisd': False, 'k': 3, 'en_cap_bars': False, 'cap_1min': 914}.
[I 2026-07-13 16:59:23,159] Trial 528 pruned. 
[I 2026-07-13 16:59:28,259] Trial 529 finished with values: [-1598.713154447546, -4998.0532657651565, 44.75] and parameters: {'sl_soft': 13.106247429258882, 'sl_hard_delta': 3.4116182846634375, 'tp': 14.418933466206207, 'gate_pct': 79.12027635095406, 'dd_limit': 234.1688012834486, 'cooldown': 2, 'flip': True, 'en_ema_trend': True, 'ema_trend_fast': 373, 'ema_trend_slow': 316, 'en_sma_trend': False, 'sma_trend_fast': 95, 'sma_trend_slow': 229, 'en_macd': False, 'macd_fast': 47, 'macd_slow': 109, 'macd_signal': 59, 'en_vwap': True, 'en_keltner': False, 'keltner_n': 142, 'keltner_m': 1.6, 'en_obv': True, 'obv_slope': 186, 'en_cci': False, 'cci_n': 198, 'cci_threshold': 170, 'en_rsi': False, 'rsi_n': 63, 'rsi_lower': 44, 'rsi_upper': 86, 'en_stochastic': True, 'stochastic_n': 93, 'stochastic_d': 14, 'stochastic_lower': 13, 'stochastic_upper': 97, 'en_mfi': False, 'mfi_n': 67, 'mfi_lower': 1, 'mfi_upper': 90, 'en_bollinger': False, 'bollinger_n': 125, 'bollinger_k': 1.6, 'en_adx': False, 'adx_n': 88, 'adx_threshold': 55, 'en_structure_trend': False, 'structure_trend_swing_l': 10, 'en_order_block': False, 'order_block_swing_l': 3, 'en_fvg': False, 'fvg_lookback': 28, 'en_ifvg': False, 'en_breaker': False, 'breaker_swing_l': 15, 'en_cisd': False, 'k': 3, 'en_cap_bars': True, 'cap_1min': 914}.
[I 2026-07-13 16:59:34,970] Trial 530 finished with values: [296.28769742025156, -2445.0000000000045, 47.5] and parameters: {'sl_soft': 9.524579611340311, 'sl_hard_delta': 10.96204819892103, 'tp': 15.625107706914944, 'gate_pct': 86.86001597008706, 'dd_limit': 11.276095451039913, 'cooldown': 1, 'flip': False, 'en_ema_trend': True, 'ema_trend_fast': 374, 'ema_trend_slow': 212, 'en_sma_trend': True, 'sma_trend_fast': 362, 'sma_trend_slow': 96, 'en_macd': True, 'macd_fast': 98, 'macd_slow': 36, 'macd_signal': 13, 'en_vwap': False, 'en_keltner': True, 'keltner_n': 8, 'keltner_m': 3.3000000000000003, 'en_obv': False, 'obv_slope': 30, 'en_cci': False, 'cci_n': 24, 'cci_threshold': 265, 'en_rsi': False, 'rsi_n': 39, 'rsi_lower': 43, 'rsi_upper': 57, 'en_stochastic': True, 'stochastic_n': 19, 'stochastic_d': 19, 'stochastic_lower': 43, 'stochastic_upper': 97, 'en_mfi': False, 'mfi_n': 17, 'mfi_lower': 19, 'mfi_upper': 97, 'en_bollinger': True, 'bollinger_n': 151, 'bollinger_k': 3.9000000000000004, 'en_adx': False, 'adx_n': 31, 'adx_threshold': 37, 'en_structure_trend': True, 'structure_trend_swing_l': 18, 'en_order_block': True, 'order_block_swing_l': 19, 'en_fvg': True, 'fvg_lookback': 19, 'en_ifvg': False, 'en_breaker': False, 'breaker_swing_l': 10, 'en_cisd': True, 'k': 3, 'en_cap_bars': False, 'cap_1min': 1380}.
[I 2026-07-13 16:59:35,774] Trial 531 pruned. 
[I 2026-07-13 16:59:36,944] Trial 532 finished with values: [218.79440093433118, -1734.8150855808171, 65.7] and parameters: {'sl_soft': 9.814583931772837, 'sl_hard_delta': 4.28119276040679, 'tp': 6.603698288383704, 'gate_pct': 63.90528592947753, 'dd_limit': 204.47543618972836, 'cooldown': 1, 'flip': False, 'en_ema_trend': True, 'ema_trend_fast': 159, 'ema_trend_slow': 109, 'en_sma_trend': True, 'sma_trend_fast': 139, 'sma_trend_slow': 322, 'en_macd': False, 'macd_fast': 55, 'macd_slow': 77, 'macd_signal': 54, 'en_vwap': False, 'en_keltner': False, 'keltner_n': 8, 'keltner_m': 3.8000000000000003, 'en_obv': False, 'obv_slope': 191, 'en_cci': False, 'cci_n': 184, 'cci_threshold': 90, 'en_rsi': True, 'rsi_n': 13, 'rsi_lower': 11, 'rsi_upper': 69, 'en_stochastic': False, 'stochastic_n': 84, 'stochastic_d': 46, 'stochastic_lower': 32, 'stochastic_upper': 91, 'en_mfi': True, 'mfi_n': 65, 'mfi_lower': 44, 'mfi_upper': 97, 'en_bollinger': True, 'bollinger_n': 140, 'bollinger_k': 3.8000000000000003, 'en_adx': True, 'adx_n': 9, 'adx_threshold': 7, 'en_structure_trend': True, 'structure_trend_swing_l': 15, 'en_order_block': False, 'order_block_swing_l': 13, 'en_fvg': False, 'fvg_lookback': 40, 'en_ifvg': True, 'en_breaker': True, 'breaker_swing_l': 7, 'en_cisd': True, 'k': 3, 'en_cap_bars': True, 'cap_1min': 1145}.
[I 2026-07-13 16:59:39,116] Trial 533 pruned. 
[I 2026-07-13 16:59:41,578] Trial 534 finished with values: [4768.347776056089, -4525.000000000023, 48.95] and parameters: {'sl_soft': 12.150548735644255, 'sl_hard_delta': 2.3271816191076544, 'tp': 21.8337486885096, 'gate_pct': 81.43219065749138, 'dd_limit': 377.8686668899344, 'cooldown': 0, 'flip': False, 'en_ema_trend': True, 'ema_trend_fast': 177, 'ema_trend_slow': 196, 'en_sma_trend': False, 'sma_trend_fast': 362, 'sma_trend_slow': 321, 'en_macd': True, 'macd_fast': 56, 'macd_slow': 150, 'macd_signal': 84, 'en_vwap': True, 'en_keltner': False, 'keltner_n': 8, 'keltner_m': 3.9000000000000004, 'en_obv': True, 'obv_slope': 18, 'en_cci': True, 'cci_n': 156, 'cci_threshold': 290, 'en_rsi': True, 'rsi_n': 39, 'rsi_lower': 13, 'rsi_upper': 95, 'en_stochastic': False, 'stochastic_n': 35, 'stochastic_d': 31, 'stochastic_lower': 47, 'stochastic_upper': 97, 'en_mfi': True, 'mfi_n': 65, 'mfi_lower': 23, 'mfi_upper': 74, 'en_bollinger': False, 'bollinger_n': 142, 'bollinger_k': 0.6, 'en_adx': False, 'adx_n': 31, 'adx_threshold': 12, 'en_structure_trend': False, 'structure_trend_swing_l': 19, 'en_order_block': False, 'order_block_swing_l': 17, 'en_fvg': False, 'fvg_lookback': 25, 'en_ifvg': False, 'en_breaker': False, 'breaker_swing_l': 18, 'en_cisd': True, 'k': 3, 'en_cap_bars': False, 'cap_1min': 583}.
[I 2026-07-13 16:59:43,570] Trial 535 finished with values: [398.26327914233843, -1505.2008800802469, 85.15] and parameters: {'sl_soft': 13.322824841198319, 'sl_hard_delta': 4.28119276040679, 'tp': 3.7144081978557457, 'gate_pct': 68.87067583562738, 'dd_limit': 162.39650823726745, 'cooldown': 2, 'flip': False, 'en_ema_trend': True, 'ema_trend_fast': 250, 'ema_trend_slow': 301, 'en_sma_trend': False, 'sma_trend_fast': 289, 'sma_trend_slow': 371, 'en_macd': False, 'macd_fast': 73, 'macd_slow': 94, 'macd_signal': 84, 'en_vwap': True, 'en_keltner': True, 'keltner_n': 34, 'keltner_m': 3.3000000000000003, 'en_obv': False, 'obv_slope': 18, 'en_cci': False, 'cci_n': 156, 'cci_threshold': 45, 'en_rsi': True, 'rsi_n': 67, 'rsi_lower': 13, 'rsi_upper': 54, 'en_stochastic': False, 'stochastic_n': 35, 'stochastic_d': 42, 'stochastic_lower': 43, 'stochastic_upper': 82, 'en_mfi': True, 'mfi_n': 100, 'mfi_lower': 19, 'mfi_upper': 97, 'en_bollinger': True, 'bollinger_n': 20, 'bollinger_k': 1.6, 'en_adx': False, 'adx_n': 88, 'adx_threshold': 37, 'en_structure_trend': True, 'structure_trend_swing_l': 15, 'en_order_block': False, 'order_block_swing_l': 4, 'en_fvg': False, 'fvg_lookback': 48, 'en_ifvg': True, 'en_breaker': True, 'breaker_swing_l': 20, 'en_cisd': False, 'k': 1, 'en_cap_bars': True, 'cap_1min': 693}.
[I 2026-07-13 16:59:43,923] Trial 536 finished with values: [-686.1367570746779, -3424.9999999999773, 40.95] and parameters: {'sl_soft': 12.150548735644255, 'sl_hard_delta': 16.490247779034476, 'tp': 20.630905943402496, 'gate_pct': 68.22768503522947, 'dd_limit': 28.9935892757227, 'cooldown': 1, 'flip': False, 'en_ema_trend': True, 'ema_trend_fast': 159, 'ema_trend_slow': 109, 'en_sma_trend': True, 'sma_trend_fast': 305, 'sma_trend_slow': 336, 'en_macd': False, 'macd_fast': 55, 'macd_slow': 94, 'macd_signal': 54, 'en_vwap': True, 'en_keltner': False, 'keltner_n': 35, 'keltner_m': 3.8000000000000003, 'en_obv': True, 'obv_slope': 191, 'en_cci': False, 'cci_n': 184, 'cci_threshold': 200, 'en_rsi': True, 'rsi_n': 13, 'rsi_lower': 11, 'rsi_upper': 69, 'en_stochastic': False, 'stochastic_n': 84, 'stochastic_d': 46, 'stochastic_lower': 32, 'stochastic_upper': 91, 'en_mfi': True, 'mfi_n': 100, 'mfi_lower': 19, 'mfi_upper': 97, 'en_bollinger': True, 'bollinger_n': 2, 'bollinger_k': 3.8000000000000003, 'en_adx': False, 'adx_n': 9, 'adx_threshold': 37, 'en_structure_trend': True, 'structure_trend_swing_l': 16, 'en_order_block': False, 'order_block_swing_l': 13, 'en_fvg': False, 'fvg_lookback': 25, 'en_ifvg': True, 'en_breaker': True, 'breaker_swing_l': 12, 'en_cisd': True, 'k': 3, 'en_cap_bars': False, 'cap_1min': 522}.
[I 2026-07-13 16:59:46,144] Trial 537 finished with values: [-42.77889986097989, -3370.76917914128, 26.1] and parameters: {'sl_soft': 5.907670609698629, 'sl_hard_delta': 2.307712973127562, 'tp': 21.8337486885096, 'gate_pct': 70.9400490465145, 'dd_limit': 2.580224558094694, 'cooldown': 0, 'flip': True, 'en_ema_trend': True, 'ema_trend_fast': 177, 'ema_trend_slow': 196, 'en_sma_trend': False, 'sma_trend_fast': 331, 'sma_trend_slow': 228, 'en_macd': True, 'macd_fast': 16, 'macd_slow': 48, 'macd_signal': 23, 'en_vwap': False, 'en_keltner': True, 'keltner_n': 43, 'keltner_m': 3.9000000000000004, 'en_obv': True, 'obv_slope': 165, 'en_cci': True, 'cci_n': 21, 'cci_threshold': 220, 'en_rsi': False, 'rsi_n': 94, 'rsi_lower': 39, 'rsi_upper': 88, 'en_stochastic': False, 'stochastic_n': 97, 'stochastic_d': 32, 'stochastic_lower': 2, 'stochastic_upper': 90, 'en_mfi': True, 'mfi_n': 65, 'mfi_lower': 25, 'mfi_upper': 74, 'en_bollinger': False, 'bollinger_n': 118, 'bollinger_k': 3.4000000000000004, 'en_adx': False, 'adx_n': 19, 'adx_threshold': 12, 'en_structure_trend': False, 'structure_trend_swing_l': 7, 'en_order_block': True, 'order_block_swing_l': 19, 'en_fvg': True, 'fvg_lookback': 19, 'en_ifvg': True, 'en_breaker': True, 'breaker_swing_l': 5, 'en_cisd': False, 'k': 3, 'en_cap_bars': False, 'cap_1min': 412}.
[I 2026-07-13 16:59:53,746] Trial 538 finished with values: [-2.4289603878855814, -2507.0903074501075, 62.2] and parameters: {'sl_soft': 12.635376690751764, 'sl_hard_delta': 4.28119276040679, 'tp': 7.979096925499226, 'gate_pct': 86.86001597008706, 'dd_limit': 162.39650823726745, 'cooldown': 1, 'flip': False, 'en_ema_trend': True, 'ema_trend_fast': 177, 'ema_trend_slow': 301, 'en_sma_trend': True, 'sma_trend_fast': 29, 'sma_trend_slow': 144, 'en_macd': True, 'macd_fast': 49, 'macd_slow': 77, 'macd_signal': 13, 'en_vwap': True, 'en_keltner': True, 'keltner_n': 17, 'keltner_m': 3.8000000000000003, 'en_obv': True, 'obv_slope': 54, 'en_cci': True, 'cci_n': 87, 'cci_threshold': 45, 'en_rsi': False, 'rsi_n': 67, 'rsi_lower': 43, 'rsi_upper': 71, 'en_stochastic': True, 'stochastic_n': 97, 'stochastic_d': 42, 'stochastic_lower': 17, 'stochastic_upper': 72, 'en_mfi': True, 'mfi_n': 94, 'mfi_lower': 28, 'mfi_upper': 90, 'en_bollinger': False, 'bollinger_n': 78, 'bollinger_k': 3.9000000000000004, 'en_adx': False, 'adx_n': 88, 'adx_threshold': 7, 'en_structure_trend': False, 'structure_trend_swing_l': 10, 'en_order_block': False, 'order_block_swing_l': 17, 'en_fvg': False, 'fvg_lookback': 30, 'en_ifvg': True, 'en_breaker': True, 'breaker_swing_l': 5, 'en_cisd': True, 'k': 5, 'en_cap_bars': True, 'cap_1min': 1332}.
[I 2026-07-13 16:59:55,857] Trial 539 finished with values: [629.458344823837, -3900.434206897694, 38.25] and parameters: {'sl_soft': 3.984281183725254, 'sl_hard_delta': 20.294948622898286, 'tp': 9.930438620681578, 'gate_pct': 97.49754431689279, 'dd_limit': 244.67886904838787, 'cooldown': 1, 'flip': False, 'en_ema_trend': True, 'ema_trend_fast': 174, 'ema_trend_slow': 144, 'en_sma_trend': True, 'sma_trend_fast': 161, 'sma_trend_slow': 324, 'en_macd': False, 'macd_fast': 50, 'macd_slow': 172, 'macd_signal': 84, 'en_vwap': True, 'en_keltner': True, 'keltner_n': 185, 'keltner_m': 1.7000000000000002, 'en_obv': True, 'obv_slope': 47, 'en_cci': True, 'cci_n': 188, 'cci_threshold': 205, 'en_rsi': True, 'rsi_n': 35, 'rsi_lower': 22, 'rsi_upper': 62, 'en_stochastic': False, 'stochastic_n': 53, 'stochastic_d': 34, 'stochastic_lower': 46, 'stochastic_upper': 96, 'en_mfi': False, 'mfi_n': 64, 'mfi_lower': 31, 'mfi_upper': 89, 'en_bollinger': True, 'bollinger_n': 188, 'bollinger_k': 1.8, 'en_adx': False, 'adx_n': 30, 'adx_threshold': 17, 'en_structure_trend': True, 'structure_trend_swing_l': 3, 'en_order_block': False, 'order_block_swing_l': 16, 'en_fvg': False, 'fvg_lookback': 31, 'en_ifvg': True, 'en_breaker': True, 'breaker_swing_l': 14, 'en_cisd': False, 'k': 3, 'en_cap_bars': True, 'cap_1min': 941}.
