[I 2026-07-13 17:29:40,063] Trial 1431 finished with values: [672.5255986707054, -404.99999999999545, 43.75] and parameters: {'sl_soft': 2.34715147057422, 'sl_hard_delta': 3.9050213100332094, 'tp': 7.943003420975532, 'gate_pct': 79.79473082398957, 'dd_limit': 332.70974775121596, 'cooldown': 1, 'flip': False, 'en_ema_trend': False, 'ema_trend_fast': 83, 'ema_trend_slow': 125, 'en_sma_trend': False, 'sma_trend_fast': 292, 'sma_trend_slow': 114, 'en_macd': True, 'macd_fast': 9, 'macd_slow': 91, 'macd_signal': 65, 'en_vwap': False, 'en_keltner': True, 'keltner_n': 158, 'keltner_m': 2.8000000000000003, 'en_obv': False, 'obv_slope': 160, 'en_cci': True, 'cci_n': 49, 'cci_threshold': 170, 'en_rsi': True, 'rsi_n': 77, 'rsi_lower': 39, 'rsi_upper': 58, 'en_stochastic': True, 'stochastic_n': 52, 'stochastic_d': 14, 'stochastic_lower': 5, 'stochastic_upper': 57, 'en_mfi': True, 'mfi_n': 11, 'mfi_lower': 34, 'mfi_upper': 97, 'en_bollinger': True, 'bollinger_n': 78, 'bollinger_k': 3.4000000000000004, 'en_adx': False, 'adx_n': 33, 'adx_threshold': 44, 'en_structure_trend': True, 'structure_trend_swing_l': 13, 'en_order_block': True, 'order_block_swing_l': 7, 'en_fvg': False, 'fvg_lookback': 46, 'en_ifvg': True, 'en_breaker': False, 'breaker_swing_l': 5, 'en_cisd': False, 'k': 4, 'en_cap_bars': False, 'cap_1min': 1332}.
[I 2026-07-13 17:29:40,323] Trial 1432 finished with values: [788.5856825823112, -1064.9999999999636, 47.75] and parameters: {'sl_soft': 2.588282143197288, 'sl_hard_delta': 3.9050213100332094, 'tp': 7.943003420975532, 'gate_pct': 75.29895741667805, 'dd_limit': 332.70974775121596, 'cooldown': 2, 'flip': True, 'en_ema_trend': True, 'ema_trend_fast': 271, 'ema_trend_slow': 116, 'en_sma_trend': False, 'sma_trend_fast': 29, 'sma_trend_slow': 144, 'en_macd': False, 'macd_fast': 9, 'macd_slow': 91, 'macd_signal': 63, 'en_vwap': True, 'en_keltner': True, 'keltner_n': 48, 'keltner_m': 3.8000000000000003, 'en_obv': False, 'obv_slope': 169, 'en_cci': True, 'cci_n': 9, 'cci_threshold': 170, 'en_rsi': True, 'rsi_n': 39, 'rsi_lower': 23, 'rsi_upper': 58, 'en_stochastic': False, 'stochastic_n': 52, 'stochastic_d': 40, 'stochastic_lower': 3, 'stochastic_upper': 89, 'en_mfi': True, 'mfi_n': 71, 'mfi_lower': 34, 'mfi_upper': 58, 'en_bollinger': True, 'bollinger_n': 127, 'bollinger_k': 4.300000000000001, 'en_adx': False, 'adx_n': 73, 'adx_threshold': 17, 'en_structure_trend': True, 'structure_trend_swing_l': 8, 'en_order_block': True, 'order_block_swing_l': 15, 'en_fvg': False, 'fvg_lookback': 29, 'en_ifvg': True, 'en_breaker': True, 'breaker_swing_l': 5, 'en_cisd': False, 'k': 4, 'en_cap_bars': True, 'cap_1min': 1332}.
[I 2026-07-13 17:29:40,502] Trial 1433 finished with values: [-235.24813836351086, -1157.5995493593155, 40.85] and parameters: {'sl_soft': 2.34715147057422, 'sl_hard_delta': 3.9050213100332094, 'tp': 4.4104709148058445, 'gate_pct': 78.41015939543337, 'dd_limit': 379.61887235308626, 'cooldown': 2, 'flip': True, 'en_ema_trend': False, 'ema_trend_fast': 271, 'ema_trend_slow': 311, 'en_sma_trend': False, 'sma_trend_fast': 292, 'sma_trend_slow': 121, 'en_macd': True, 'macd_fast': 9, 'macd_slow': 28, 'macd_signal': 65, 'en_vwap': False, 'en_keltner': True, 'keltner_n': 158, 'keltner_m': 2.8000000000000003, 'en_obv': False, 'obv_slope': 36, 'en_cci': False, 'cci_n': 49, 'cci_threshold': 85, 'en_rsi': False, 'rsi_n': 49, 'rsi_lower': 25, 'rsi_upper': 83, 'en_stochastic': False, 'stochastic_n': 52, 'stochastic_d': 14, 'stochastic_lower': 3, 'stochastic_upper': 53, 'en_mfi': True, 'mfi_n': 9, 'mfi_lower': 34, 'mfi_upper': 97, 'en_bollinger': True, 'bollinger_n': 60, 'bollinger_k': 4.300000000000001, 'en_adx': False, 'adx_n': 6, 'adx_threshold': 43, 'en_structure_trend': False, 'structure_trend_swing_l': 8, 'en_order_block': True, 'order_block_swing_l': 20, 'en_fvg': False, 'fvg_lookback': 46, 'en_ifvg': False, 'en_breaker': True, 'breaker_swing_l': 5, 'en_cisd': True, 'k': 4, 'en_cap_bars': False, 'cap_1min': 1332}.
[I 2026-07-13 17:29:40,777] Trial 1434 finished with values: [1707.5511973414223, -589.9999999999636, 47.2] and parameters: {'sl_soft': 2.588282143197288, 'sl_hard_delta': 3.9050213100332094, 'tp': 7.943003420975532, 'gate_pct': 71.64466629916367, 'dd_limit': 332.70974775121596, 'cooldown': 1, 'flip': False, 'en_ema_trend': False, 'ema_trend_fast': 271, 'ema_trend_slow': 125, 'en_sma_trend': False, 'sma_trend_fast': 29, 'sma_trend_slow': 114, 'en_macd': False, 'macd_fast': 9, 'macd_slow': 177, 'macd_signal': 65, 'en_vwap': False, 'en_keltner': True, 'keltner_n': 158, 'keltner_m': 4.5, 'en_obv': False, 'obv_slope': 169, 'en_cci': True, 'cci_n': 49, 'cci_threshold': 170, 'en_rsi': True, 'rsi_n': 39, 'rsi_lower': 17, 'rsi_upper': 58, 'en_stochastic': True, 'stochastic_n': 52, 'stochastic_d': 40, 'stochastic_lower': 5, 'stochastic_upper': 92, 'en_mfi': True, 'mfi_n': 46, 'mfi_lower': 34, 'mfi_upper': 82, 'en_bollinger': True, 'bollinger_n': 60, 'bollinger_k': 4.300000000000001, 'en_adx': False, 'adx_n': 33, 'adx_threshold': 17, 'en_structure_trend': True, 'structure_trend_swing_l': 13, 'en_order_block': True, 'order_block_swing_l': 3, 'en_fvg': False, 'fvg_lookback': 46, 'en_ifvg': True, 'en_breaker': False, 'breaker_swing_l': 5, 'en_cisd': False, 'k': 4, 'en_cap_bars': False, 'cap_1min': 1332}.
[I 2026-07-13 17:29:41,148] Trial 1435 finished with values: [69.17829582913555, -627.2076256525452, 39.849999999999994] and parameters: {'sl_soft': 2.34715147057422, 'sl_hard_delta': 0.47861910073547576, 'tp': 4.4104709148058445, 'gate_pct': 53.84741825883083, 'dd_limit': 332.70974775121596, 'cooldown': 1, 'flip': True, 'en_ema_trend': False, 'ema_trend_fast': 83, 'ema_trend_slow': 311, 'en_sma_trend': True, 'sma_trend_fast': 292, 'sma_trend_slow': 96, 'en_macd': True, 'macd_fast': 6, 'macd_slow': 28, 'macd_signal': 10, 'en_vwap': False, 'en_keltner': True, 'keltner_n': 194, 'keltner_m': 2.8000000000000003, 'en_obv': False, 'obv_slope': 169, 'en_cci': True, 'cci_n': 128, 'cci_threshold': 170, 'en_rsi': True, 'rsi_n': 49, 'rsi_lower': 23, 'rsi_upper': 58, 'en_stochastic': True, 'stochastic_n': 45, 'stochastic_d': 7, 'stochastic_lower': 5, 'stochastic_upper': 53, 'en_mfi': True, 'mfi_n': 46, 'mfi_lower': 31, 'mfi_upper': 97, 'en_bollinger': True, 'bollinger_n': 60, 'bollinger_k': 2.1, 'en_adx': False, 'adx_n': 96, 'adx_threshold': 43, 'en_structure_trend': False, 'structure_trend_swing_l': 13, 'en_order_block': False, 'order_block_swing_l': 20, 'en_fvg': False, 'fvg_lookback': 46, 'en_ifvg': False, 'en_breaker': False, 'breaker_swing_l': 15, 'en_cisd': True, 'k': 3, 'en_cap_bars': False, 'cap_1min': 1332}.
[I 2026-07-13 17:29:41,392] Trial 1436 finished with values: [324.4926012507335, -293.6325262000082, 41.45] and parameters: {'sl_soft': 1.4789310739311843, 'sl_hard_delta': 0.47861910073547576, 'tp': 4.4104709148058445, 'gate_pct': 53.84741825883083, 'dd_limit': 379.61887235308626, 'cooldown': 3, 'flip': True, 'en_ema_trend': False, 'ema_trend_fast': 211, 'ema_trend_slow': 311, 'en_sma_trend': True, 'sma_trend_fast': 382, 'sma_trend_slow': 121, 'en_macd': True, 'macd_fast': 6, 'macd_slow': 28, 'macd_signal': 10, 'en_vwap': False, 'en_keltner': True, 'keltner_n': 46, 'keltner_m': 1.3, 'en_obv': True, 'obv_slope': 36, 'en_cci': True, 'cci_n': 128, 'cci_threshold': 85, 'en_rsi': True, 'rsi_n': 49, 'rsi_lower': 23, 'rsi_upper': 69, 'en_stochastic': True, 'stochastic_n': 40, 'stochastic_d': 7, 'stochastic_lower': 3, 'stochastic_upper': 53, 'en_mfi': True, 'mfi_n': 9, 'mfi_lower': 31, 'mfi_upper': 84, 'en_bollinger': True, 'bollinger_n': 127, 'bollinger_k': 2.1, 'en_adx': False, 'adx_n': 6, 'adx_threshold': 43, 'en_structure_trend': False, 'structure_trend_swing_l': 8, 'en_order_block': False, 'order_block_swing_l': 20, 'en_fvg': False, 'fvg_lookback': 29, 'en_ifvg': False, 'en_breaker': True, 'breaker_swing_l': 15, 'en_cisd': True, 'k': 4, 'en_cap_bars': True, 'cap_1min': 260}.
[I 2026-07-13 17:29:41,724] Trial 1437 finished with values: [2216.413182471422, -1374.1114628356854, 35.9] and parameters: {'sl_soft': 2.34715147057422, 'sl_hard_delta': 0.7556521602801897, 'tp': 7.943003420975532, 'gate_pct': 98.67302380660169, 'dd_limit': 241.42955722086123, 'cooldown': 1, 'flip': False, 'en_ema_trend': False, 'ema_trend_fast': 33, 'ema_trend_slow': 116, 'en_sma_trend': False, 'sma_trend_fast': 345, 'sma_trend_slow': 290, 'en_macd': True, 'macd_fast': 9, 'macd_slow': 177, 'macd_signal': 65, 'en_vwap': False, 'en_keltner': True, 'keltner_n': 158, 'keltner_m': 2.8000000000000003, 'en_obv': False, 'obv_slope': 169, 'en_cci': True, 'cci_n': 9, 'cci_threshold': 170, 'en_rsi': True, 'rsi_n': 46, 'rsi_lower': 17, 'rsi_upper': 58, 'en_stochastic': True, 'stochastic_n': 45, 'stochastic_d': 11, 'stochastic_lower': 5, 'stochastic_upper': 92, 'en_mfi': True, 'mfi_n': 46, 'mfi_lower': 34, 'mfi_upper': 75, 'en_bollinger': True, 'bollinger_n': 60, 'bollinger_k': 4.300000000000001, 'en_adx': False, 'adx_n': 33, 'adx_threshold': 18, 'en_structure_trend': True, 'structure_trend_swing_l': 9, 'en_order_block': True, 'order_block_swing_l': 7, 'en_fvg': False, 'fvg_lookback': 46, 'en_ifvg': True, 'en_breaker': False, 'breaker_swing_l': 5, 'en_cisd': False, 'k': 4, 'en_cap_bars': False, 'cap_1min': 1219}.
[I 2026-07-13 17:29:41,998] Trial 1438 finished with values: [234.86164838822106, -923.3919762047549, 35.3] and parameters: {'sl_soft': 1.569721721408254, 'sl_hard_delta': 0.7556521602801897, 'tp': 4.317454763708969, 'gate_pct': 75.29895741667805, 'dd_limit': 332.70974775121596, 'cooldown': 1, 'flip': False, 'en_ema_trend': False, 'ema_trend_fast': 271, 'ema_trend_slow': 125, 'en_sma_trend': False, 'sma_trend_fast': 345, 'sma_trend_slow': 114, 'en_macd': False, 'macd_fast': 70, 'macd_slow': 200, 'macd_signal': 27, 'en_vwap': True, 'en_keltner': True, 'keltner_n': 48, 'keltner_m': 2.8000000000000003, 'en_obv': True, 'obv_slope': 162, 'en_cci': True, 'cci_n': 51, 'cci_threshold': 170, 'en_rsi': True, 'rsi_n': 77, 'rsi_lower': 24, 'rsi_upper': 58, 'en_stochastic': False, 'stochastic_n': 86, 'stochastic_d': 11, 'stochastic_lower': 40, 'stochastic_upper': 72, 'en_mfi': True, 'mfi_n': 71, 'mfi_lower': 24, 'mfi_upper': 97, 'en_bollinger': False, 'bollinger_n': 60, 'bollinger_k': 3.0, 'en_adx': False, 'adx_n': 33, 'adx_threshold': 47, 'en_structure_trend': False, 'structure_trend_swing_l': 13, 'en_order_block': True, 'order_block_swing_l': 7, 'en_fvg': False, 'fvg_lookback': 46, 'en_ifvg': True, 'en_breaker': True, 'breaker_swing_l': 5, 'en_cisd': False, 'k': 3, 'en_cap_bars': False, 'cap_1min': 1119}.
[I 2026-07-13 17:29:42,185] Trial 1439 finished with values: [394.00590676603997, -246.28852856544654, 56.85] and parameters: {'sl_soft': 2.34715147057422, 'sl_hard_delta': 0.47861910073547576, 'tp': 7.943003420975532, 'gate_pct': 53.84741825883083, 'dd_limit': 379.61887235308626, 'cooldown': 1, 'flip': True, 'en_ema_trend': False, 'ema_trend_fast': 271, 'ema_trend_slow': 181, 'en_sma_trend': False, 'sma_trend_fast': 382, 'sma_trend_slow': 114, 'en_macd': True, 'macd_fast': 9, 'macd_slow': 132, 'macd_signal': 65, 'en_vwap': False, 'en_keltner': True, 'keltner_n': 158, 'keltner_m': 2.8000000000000003, 'en_obv': False, 'obv_slope': 36, 'en_cci': False, 'cci_n': 49, 'cci_threshold': 170, 'en_rsi': True, 'rsi_n': 77, 'rsi_lower': 23, 'rsi_upper': 83, 'en_stochastic': True, 'stochastic_n': 40, 'stochastic_d': 14, 'stochastic_lower': 5, 'stochastic_upper': 53, 'en_mfi': True, 'mfi_n': 9, 'mfi_lower': 31, 'mfi_upper': 58, 'en_bollinger': True, 'bollinger_n': 60, 'bollinger_k': 4.5, 'en_adx': False, 'adx_n': 96, 'adx_threshold': 43, 'en_structure_trend': False, 'structure_trend_swing_l': 8, 'en_order_block': True, 'order_block_swing_l': 7, 'en_fvg': False, 'fvg_lookback': 46, 'en_ifvg': False, 'en_breaker': True, 'breaker_swing_l': 5, 'en_cisd': True, 'k': 4, 'en_cap_bars': True, 'cap_1min': 16}.
[I 2026-07-13 17:29:43,316] Trial 1440 pruned. 
[I 2026-07-13 17:29:49,213] Trial 1441 finished with values: [-318.26050752123365, -1724.6828082583306, 38.4] and parameters: {'sl_soft': 2.34715147057422, 'sl_hard_delta': 0.47861910073547576, 'tp': 4.4104709148058445, 'gate_pct': 98.67302380660169, 'dd_limit': 332.70974775121596, 'cooldown': 1, 'flip': True, 'en_ema_trend': False, 'ema_trend_fast': 271, 'ema_trend_slow': 311, 'en_sma_trend': True, 'sma_trend_fast': 292, 'sma_trend_slow': 114, 'en_macd': True, 'macd_fast': 9, 'macd_slow': 91, 'macd_signal': 59, 'en_vwap': False, 'en_keltner': True, 'keltner_n': 32, 'keltner_m': 2.8000000000000003, 'en_obv': True, 'obv_slope': 36, 'en_cci': True, 'cci_n': 9, 'cci_threshold': 170, 'en_rsi': True, 'rsi_n': 49, 'rsi_lower': 25, 'rsi_upper': 84, 'en_stochastic': True, 'stochastic_n': 40, 'stochastic_d': 24, 'stochastic_lower': 5, 'stochastic_upper': 72, 'en_mfi': True, 'mfi_n': 71, 'mfi_lower': 31, 'mfi_upper': 97, 'en_bollinger': True, 'bollinger_n': 127, 'bollinger_k': 2.1, 'en_adx': False, 'adx_n': 33, 'adx_threshold': 43, 'en_structure_trend': False, 'structure_trend_swing_l': 13, 'en_order_block': True, 'order_block_swing_l': 20, 'en_fvg': False, 'fvg_lookback': 46, 'en_ifvg': False, 'en_breaker': False, 'breaker_swing_l': 15, 'en_cisd': True, 'k': 4, 'en_cap_bars': False, 'cap_1min': 1332}.
[I 2026-07-13 17:29:54,686] Trial 1442 finished with values: [2218.7389466680656, -1715.2172780607316, 42.45] and parameters: {'sl_soft': 2.34715147057422, 'sl_hard_delta': 3.9050213100332094, 'tp': 7.943003420975532, 'gate_pct': 98.67302380660169, 'dd_limit': 390.2087279618219, 'cooldown': 1, 'flip': False, 'en_ema_trend': False, 'ema_trend_fast': 83, 'ema_trend_slow': 266, 'en_sma_trend': False, 'sma_trend_fast': 292, 'sma_trend_slow': 144, 'en_macd': True, 'macd_fast': 9, 'macd_slow': 177, 'macd_signal': 65, 'en_vwap': False, 'en_keltner': True, 'keltner_n': 158, 'keltner_m': 2.8000000000000003, 'en_obv': False, 'obv_slope': 169, 'en_cci': True, 'cci_n': 9, 'cci_threshold': 170, 'en_rsi': True, 'rsi_n': 46, 'rsi_lower': 17, 'rsi_upper': 58, 'en_stochastic': True, 'stochastic_n': 52, 'stochastic_d': 11, 'stochastic_lower': 5, 'stochastic_upper': 74, 'en_mfi': True, 'mfi_n': 71, 'mfi_lower': 37, 'mfi_upper': 97, 'en_bollinger': True, 'bollinger_n': 60, 'bollinger_k': 4.300000000000001, 'en_adx': False, 'adx_n': 96, 'adx_threshold': 17, 'en_structure_trend': True, 'structure_trend_swing_l': 9, 'en_order_block': True, 'order_block_swing_l': 7, 'en_fvg': False, 'fvg_lookback': 46, 'en_ifvg': True, 'en_breaker': False, 'breaker_swing_l': 5, 'en_cisd': False, 'k': 4, 'en_cap_bars': False, 'cap_1min': 736}.
[I 2026-07-13 17:29:54,880] Trial 1443 finished with values: [-22.921109517903915, -1669.5301048000488, 16.65] and parameters: {'sl_soft': 1.4789310739311843, 'sl_hard_delta': 0.47861910073547576, 'tp': 7.943003420975532, 'gate_pct': 53.84741825883083, 'dd_limit': 332.70974775121596, 'cooldown': 1, 'flip': False, 'en_ema_trend': False, 'ema_trend_fast': 211, 'ema_trend_slow': 311, 'en_sma_trend': False, 'sma_trend_fast': 382, 'sma_trend_slow': 121, 'en_macd': True, 'macd_fast': 80, 'macd_slow': 28, 'macd_signal': 65, 'en_vwap': False, 'en_keltner': True, 'keltner_n': 158, 'keltner_m': 4.5, 'en_obv': True, 'obv_slope': 36, 'en_cci': True, 'cci_n': 128, 'cci_threshold': 85, 'en_rsi': True, 'rsi_n': 46, 'rsi_lower': 23, 'rsi_upper': 83, 'en_stochastic': True, 'stochastic_n': 40, 'stochastic_d': 7, 'stochastic_lower': 5, 'stochastic_upper': 53, 'en_mfi': True, 'mfi_n': 9, 'mfi_lower': 37, 'mfi_upper': 84, 'en_bollinger': True, 'bollinger_n': 60, 'bollinger_k': 2.1, 'en_adx': False, 'adx_n': 73, 'adx_threshold': 8, 'en_structure_trend': False, 'structure_trend_swing_l': 8, 'en_order_block': False, 'order_block_swing_l': 20, 'en_fvg': False, 'fvg_lookback': 29, 'en_ifvg': False, 'en_breaker': False, 'breaker_swing_l': 15, 'en_cisd': False, 'k': 4, 'en_cap_bars': False, 'cap_1min': 1380}.
[I 2026-07-13 17:29:55,235] Trial 1444 finished with values: [1737.7910024679352, -2144.643978545605, 37.75] and parameters: {'sl_soft': 2.588282143197288, 'sl_hard_delta': 3.9050213100332094, 'tp': 7.943003420975532, 'gate_pct': 98.67302380660169, 'dd_limit': 332.70974775121596, 'cooldown': 1, 'flip': False, 'en_ema_trend': False, 'ema_trend_fast': 271, 'ema_trend_slow': 125, 'en_sma_trend': False, 'sma_trend_fast': 292, 'sma_trend_slow': 114, 'en_macd': True, 'macd_fast': 9, 'macd_slow': 91, 'macd_signal': 65, 'en_vwap': False, 'en_keltner': True, 'keltner_n': 194, 'keltner_m': 2.8000000000000003, 'en_obv': False, 'obv_slope': 169, 'en_cci': True, 'cci_n': 49, 'cci_threshold': 170, 'en_rsi': True, 'rsi_n': 39, 'rsi_lower': 39, 'rsi_upper': 58, 'en_stochastic': False, 'stochastic_n': 52, 'stochastic_d': 16, 'stochastic_lower': 5, 'stochastic_upper': 72, 'en_mfi': True, 'mfi_n': 71, 'mfi_lower': 34, 'mfi_upper': 82, 'en_bollinger': True, 'bollinger_n': 60, 'bollinger_k': 4.300000000000001, 'en_adx': False, 'adx_n': 33, 'adx_threshold': 17, 'en_structure_trend': False, 'structure_trend_swing_l': 13, 'en_order_block': True, 'order_block_swing_l': 7, 'en_fvg': False, 'fvg_lookback': 46, 'en_ifvg': True, 'en_breaker': False, 'breaker_swing_l': 5, 'en_cisd': False, 'k': 3, 'en_cap_bars': False, 'cap_1min': 1332}.
[I 2026-07-13 17:29:55,602] Trial 1445 finished with values: [2432.0608863415655, -1788.2331877312708, 38.349999999999994] and parameters: {'sl_soft': 2.34715147057422, 'sl_hard_delta': 3.9050213100332094, 'tp': 7.943003420975532, 'gate_pct': 98.67302380660169, 'dd_limit': 332.70974775121596, 'cooldown': 1, 'flip': False, 'en_ema_trend': False, 'ema_trend_fast': 83, 'ema_trend_slow': 266, 'en_sma_trend': False, 'sma_trend_fast': 292, 'sma_trend_slow': 290, 'en_macd': False, 'macd_fast': 9, 'macd_slow': 91, 'macd_signal': 65, 'en_vwap': False, 'en_keltner': True, 'keltner_n': 194, 'keltner_m': 4.5, 'en_obv': False, 'obv_slope': 169, 'en_cci': True, 'cci_n': 49, 'cci_threshold': 170, 'en_rsi': True, 'rsi_n': 39, 'rsi_lower': 17, 'rsi_upper': 58, 'en_stochastic': True, 'stochastic_n': 45, 'stochastic_d': 14, 'stochastic_lower': 5, 'stochastic_upper': 72, 'en_mfi': True, 'mfi_n': 71, 'mfi_lower': 34, 'mfi_upper': 82, 'en_bollinger': True, 'bollinger_n': 60, 'bollinger_k': 4.300000000000001, 'en_adx': False, 'adx_n': 33, 'adx_threshold': 8, 'en_structure_trend': False, 'structure_trend_swing_l': 13, 'en_order_block': True, 'order_block_swing_l': 3, 'en_fvg': False, 'fvg_lookback': 46, 'en_ifvg': True, 'en_breaker': False, 'breaker_swing_l': 5, 'en_cisd': False, 'k': 3, 'en_cap_bars': False, 'cap_1min': 1332}.
[I 2026-07-13 17:29:56,080] Trial 1446 finished with values: [2351.8692069515455, -1967.8498289512163, 38.75] and parameters: {'sl_soft': 2.34715147057422, 'sl_hard_delta': 3.9050213100332094, 'tp': 7.943003420975532, 'gate_pct': 98.67302380660169, 'dd_limit': 332.70974775121596, 'cooldown': 1, 'flip': False, 'en_ema_trend': False, 'ema_trend_fast': 83, 'ema_trend_slow': 266, 'en_sma_trend': False, 'sma_trend_fast': 29, 'sma_trend_slow': 144, 'en_macd': True, 'macd_fast': 9, 'macd_slow': 177, 'macd_signal': 65, 'en_vwap': True, 'en_keltner': True, 'keltner_n': 158, 'keltner_m': 2.8000000000000003, 'en_obv': False, 'obv_slope': 169, 'en_cci': True, 'cci_n': 9, 'cci_threshold': 170, 'en_rsi': True, 'rsi_n': 77, 'rsi_lower': 17, 'rsi_upper': 58, 'en_stochastic': True, 'stochastic_n': 45, 'stochastic_d': 11, 'stochastic_lower': 5, 'stochastic_upper': 92, 'en_mfi': True, 'mfi_n': 46, 'mfi_lower': 37, 'mfi_upper': 97, 'en_bollinger': True, 'bollinger_n': 60, 'bollinger_k': 4.300000000000001, 'en_adx': False, 'adx_n': 33, 'adx_threshold': 17, 'en_structure_trend': False, 'structure_trend_swing_l': 9, 'en_order_block': True, 'order_block_swing_l': 7, 'en_fvg': False, 'fvg_lookback': 46, 'en_ifvg': True, 'en_breaker': False, 'breaker_swing_l': 5, 'en_cisd': False, 'k': 4, 'en_cap_bars': False, 'cap_1min': 736}.
[I 2026-07-13 17:29:57,278] Trial 1447 finished with values: [1171.8259407682012, -1355.6996579024371, 43.35] and parameters: {'sl_soft': 2.34715147057422, 'sl_hard_delta': 3.9050213100332094, 'tp': 7.943003420975532, 'gate_pct': 79.79473082398957, 'dd_limit': 332.70974775121596, 'cooldown': 1, 'flip': False, 'en_ema_trend': False, 'ema_trend_fast': 271, 'ema_trend_slow': 116, 'en_sma_trend': False, 'sma_trend_fast': 292, 'sma_trend_slow': 144, 'en_macd': False, 'macd_fast': 9, 'macd_slow': 177, 'macd_signal': 65, 'en_vwap': False, 'en_keltner': True, 'keltner_n': 158, 'keltner_m': 2.8000000000000003, 'en_obv': False, 'obv_slope': 29, 'en_cci': True, 'cci_n': 152, 'cci_threshold': 170, 'en_rsi': True, 'rsi_n': 46, 'rsi_lower': 17, 'rsi_upper': 71, 'en_stochastic': True, 'stochastic_n': 52, 'stochastic_d': 40, 'stochastic_lower': 5, 'stochastic_upper': 72, 'en_mfi': True, 'mfi_n': 46, 'mfi_lower': 34, 'mfi_upper': 97, 'en_bollinger': True, 'bollinger_n': 60, 'bollinger_k': 4.300000000000001, 'en_adx': False, 'adx_n': 33, 'adx_threshold': 17, 'en_structure_trend': True, 'structure_trend_swing_l': 13, 'en_order_block': False, 'order_block_swing_l': 7, 'en_fvg': False, 'fvg_lookback': 46, 'en_ifvg': True, 'en_breaker': False, 'breaker_swing_l': 5, 'en_cisd': False, 'k': 3, 'en_cap_bars': False, 'cap_1min': 1332}.
[I 2026-07-13 17:29:57,666] Trial 1448 pruned. 
