[I 2026-07-13 16:56:09,509] Trial 218 finished with values: [-67.48123085152429, -459.4774009449111, 69.3] and parameters: {'sl_soft': 3.0753791326704585, 'sl_hard_delta': 2.0141688862276554, 'tp': 1.1926865856558302, 'gate_pct': 79.12027635095406, 'dd_limit': 234.1688012834486, 'cooldown': 17, 'flip': True, 'en_ema_trend': True, 'ema_trend_fast': 373, 'ema_trend_slow': 316, 'en_sma_trend': False, 'sma_trend_fast': 221, 'sma_trend_slow': 357, 'en_macd': False, 'macd_fast': 9, 'macd_slow': 15, 'macd_signal': 47, 'en_vwap': False, 'en_keltner': True, 'keltner_n': 142, 'keltner_m': 1.6, 'en_obv': True, 'obv_slope': 182, 'en_cci': True, 'cci_n': 198, 'cci_threshold': 170, 'en_rsi': False, 'rsi_n': 77, 'rsi_lower': 40, 'rsi_upper': 86, 'en_stochastic': True, 'stochastic_n': 75, 'stochastic_d': 14, 'stochastic_lower': 8, 'stochastic_upper': 95, 'en_mfi': False, 'mfi_n': 92, 'mfi_lower': 1, 'mfi_upper': 62, 'en_bollinger': False, 'bollinger_n': 125, 'bollinger_k': 4.300000000000001, 'en_adx': False, 'adx_n': 97, 'adx_threshold': 59, 'en_structure_trend': False, 'structure_trend_swing_l': 7, 'en_order_block': False, 'order_block_swing_l': 3, 'en_fvg': False, 'fvg_lookback': 28, 'en_ifvg': False, 'en_breaker': True, 'breaker_swing_l': 15, 'en_cisd': True, 'k': 4, 'en_cap_bars': True, 'cap_1min': 948}.
[I 2026-07-13 16:56:10,509] Trial 219 pruned. 
[I 2026-07-13 16:56:11,172] Trial 220 pruned. 
[I 2026-07-13 16:56:13,018] Trial 221 pruned. 
[I 2026-07-13 16:56:15,057] Trial 222 pruned. 
[I 2026-07-13 16:56:15,835] Trial 223 pruned. 
[I 2026-07-13 16:56:17,007] Trial 224 pruned. 
[I 2026-07-13 16:56:25,488] Trial 225 finished with values: [-259.56565162929337, -1362.953849881319, 32.3] and parameters: {'sl_soft': 1.5393365126257357, 'sl_hard_delta': 4.15121045586752, 'tp': 4.586293994173616, 'gate_pct': 70.9400490465145, 'dd_limit': 450.3775744303881, 'cooldown': 0, 'flip': True, 'en_ema_trend': False, 'ema_trend_fast': 145, 'ema_trend_slow': 280, 'en_sma_trend': False, 'sma_trend_fast': 72, 'sma_trend_slow': 277, 'en_macd': True, 'macd_fast': 40, 'macd_slow': 164, 'macd_signal': 86, 'en_vwap': False, 'en_keltner': False, 'keltner_n': 170, 'keltner_m': 2.2, 'en_obv': False, 'obv_slope': 92, 'en_cci': False, 'cci_n': 72, 'cci_threshold': 25, 'en_rsi': True, 'rsi_n': 94, 'rsi_lower': 39, 'rsi_upper': 69, 'en_stochastic': True, 'stochastic_n': 94, 'stochastic_d': 39, 'stochastic_lower': 2, 'stochastic_upper': 81, 'en_mfi': True, 'mfi_n': 68, 'mfi_lower': 25, 'mfi_upper': 87, 'en_bollinger': True, 'bollinger_n': 118, 'bollinger_k': 4.7, 'en_adx': False, 'adx_n': 90, 'adx_threshold': 14, 'en_structure_trend': True, 'structure_trend_swing_l': 18, 'en_order_block': False, 'order_block_swing_l': 2, 'en_fvg': True, 'fvg_lookback': 1, 'en_ifvg': False, 'en_breaker': False, 'breaker_swing_l': 8, 'en_cisd': False, 'k': 2, 'en_cap_bars': True, 'cap_1min': 975}.
[I 2026-07-13 16:56:26,626] Trial 226 pruned. 
[I 2026-07-13 16:56:28,872] Trial 227 pruned. 
[I 2026-07-13 16:56:29,961] Trial 228 pruned. 
[I 2026-07-13 16:56:33,040] Trial 229 pruned. 
[I 2026-07-13 16:56:34,525] Trial 230 pruned. 
[I 2026-07-13 16:56:39,744] Trial 231 finished with values: [-450.26558446307945, -985.5200141677642, 63.25] and parameters: {'sl_soft': 2.509744775648283, 'sl_hard_delta': 0.38975743003925567, 'tp': 1.161872454048278, 'gate_pct': 85.18598170405104, 'dd_limit': 90.3727642395569, 'cooldown': 6, 'flip': False, 'en_ema_trend': True, 'ema_trend_fast': 384, 'ema_trend_slow': 150, 'en_sma_trend': False, 'sma_trend_fast': 265, 'sma_trend_slow': 383, 'en_macd': False, 'macd_fast': 49, 'macd_slow': 56, 'macd_signal': 60, 'en_vwap': True, 'en_keltner': True, 'keltner_n': 48, 'keltner_m': 3.8000000000000003, 'en_obv': True, 'obv_slope': 68, 'en_cci': True, 'cci_n': 141, 'cci_threshold': 160, 'en_rsi': True, 'rsi_n': 13, 'rsi_lower': 24, 'rsi_upper': 65, 'en_stochastic': False, 'stochastic_n': 86, 'stochastic_d': 11, 'stochastic_lower': 4, 'stochastic_upper': 92, 'en_mfi': True, 'mfi_n': 46, 'mfi_lower': 28, 'mfi_upper': 75, 'en_bollinger': False, 'bollinger_n': 22, 'bollinger_k': 3.4000000000000004, 'en_adx': False, 'adx_n': 68, 'adx_threshold': 33, 'en_structure_trend': False, 'structure_trend_swing_l': 20, 'en_order_block': False, 'order_block_swing_l': 2, 'en_fvg': True, 'fvg_lookback': 41, 'en_ifvg': False, 'en_breaker': False, 'breaker_swing_l': 3, 'en_cisd': False, 'k': 5, 'en_cap_bars': False, 'cap_1min': 898}.
[I 2026-07-13 16:56:41,948] Trial 232 pruned. 
[I 2026-07-13 16:56:43,116] Trial 233 pruned. 
[I 2026-07-13 16:56:44,214] Trial 234 pruned. 
[I 2026-07-13 16:56:46,411] Trial 235 pruned. 
[I 2026-07-13 16:56:48,853] Trial 236 finished with values: [26.20626260413701, -2376.875035880323, 43.2] and parameters: {'sl_soft': 2.910908225699394, 'sl_hard_delta': 4.760420774458908, 'tp': 4.34676565651055, 'gate_pct': 55.54604922689242, 'dd_limit': 127.32159505578339, 'cooldown': 2, 'flip': False, 'en_ema_trend': True, 'ema_trend_fast': 249, 'ema_trend_slow': 337, 'en_sma_trend': False, 'sma_trend_fast': 299, 'sma_trend_slow': 378, 'en_macd': True, 'macd_fast': 13, 'macd_slow': 187, 'macd_signal': 30, 'en_vwap': True, 'en_keltner': False, 'keltner_n': 60, 'keltner_m': 3.6, 'en_obv': True, 'obv_slope': 13, 'en_cci': True, 'cci_n': 46, 'cci_threshold': 20, 'en_rsi': False, 'rsi_n': 93, 'rsi_lower': 44, 'rsi_upper': 89, 'en_stochastic': False, 'stochastic_n': 64, 'stochastic_d': 26, 'stochastic_lower': 15, 'stochastic_upper': 90, 'en_mfi': False, 'mfi_n': 33, 'mfi_lower': 31, 'mfi_upper': 89, 'en_bollinger': False, 'bollinger_n': 7, 'bollinger_k': 3.0, 'en_adx': False, 'adx_n': 34, 'adx_threshold': 42, 'en_structure_trend': False, 'structure_trend_swing_l': 17, 'en_order_block': False, 'order_block_swing_l': 5, 'en_fvg': True, 'fvg_lookback': 11, 'en_ifvg': True, 'en_breaker': True, 'breaker_swing_l': 11, 'en_cisd': True, 'k': 5, 'en_cap_bars': False, 'cap_1min': 782}.
[I 2026-07-13 16:56:50,172] Trial 237 pruned. 
[I 2026-07-13 16:56:56,863] Trial 238 finished with values: [77.02471714391095, -245.00000000000455, 56.25] and parameters: {'sl_soft': 1.2773480286121837, 'sl_hard_delta': 4.058024856198353, 'tp': 1.5101235857196516, 'gate_pct': 38.288168518848806, 'dd_limit': 194.16824967892094, 'cooldown': 8, 'flip': True, 'en_ema_trend': False, 'ema_trend_fast': 343, 'ema_trend_slow': 54, 'en_sma_trend': True, 'sma_trend_fast': 347, 'sma_trend_slow': 324, 'en_macd': False, 'macd_fast': 35, 'macd_slow': 132, 'macd_signal': 28, 'en_vwap': True, 'en_keltner': True, 'keltner_n': 164, 'keltner_m': 1.6, 'en_obv': False, 'obv_slope': 96, 'en_cci': True, 'cci_n': 162, 'cci_threshold': 260, 'en_rsi': False, 'rsi_n': 16, 'rsi_lower': 36, 'rsi_upper': 67, 'en_stochastic': True, 'stochastic_n': 21, 'stochastic_d': 18, 'stochastic_lower': 13, 'stochastic_upper': 90, 'en_mfi': False, 'mfi_n': 12, 'mfi_lower': 8, 'mfi_upper': 98, 'en_bollinger': False, 'bollinger_n': 186, 'bollinger_k': 4.0, 'en_adx': False, 'adx_n': 11, 'adx_threshold': 31, 'en_structure_trend': False, 'structure_trend_swing_l': 10, 'en_order_block': False, 'order_block_swing_l': 13, 'en_fvg': False, 'fvg_lookback': 43, 'en_ifvg': True, 'en_breaker': True, 'breaker_swing_l': 10, 'en_cisd': True, 'k': 5, 'en_cap_bars': True, 'cap_1min': 461}.
[I 2026-07-13 16:56:58,202] Trial 239 pruned. 
[I 2026-07-13 16:56:59,125] Trial 240 pruned. 
[I 2026-07-13 16:57:00,541] Trial 241 pruned. 
[I 2026-07-13 16:57:01,742] Trial 242 pruned. 
[I 2026-07-13 16:57:07,759] Trial 243 finished with values: [204.79495405760417, -2090.0000000000205, 63.2] and parameters: {'sl_soft': 2.9453095336340143, 'sl_hard_delta': 4.226325311270573, 'tp': 2.275610591236818, 'gate_pct': 76.97662112798537, 'dd_limit': 286.19890104939805, 'cooldown': 14, 'flip': True, 'en_ema_trend': False, 'ema_trend_fast': 290, 'ema_trend_slow': 380, 'en_sma_trend': True, 'sma_trend_fast': 45, 'sma_trend_slow': 307, 'en_macd': False, 'macd_fast': 60, 'macd_slow': 5, 'macd_signal': 72, 'en_vwap': True, 'en_keltner': False, 'keltner_n': 3, 'keltner_m': 4.6000000000000005, 'en_obv': True, 'obv_slope': 56, 'en_cci': True, 'cci_n': 3, 'cci_threshold': 220, 'en_rsi': False, 'rsi_n': 71, 'rsi_lower': 28, 'rsi_upper': 73, 'en_stochastic': False, 'stochastic_n': 62, 'stochastic_d': 40, 'stochastic_lower': 48, 'stochastic_upper': 81, 'en_mfi': False, 'mfi_n': 51, 'mfi_lower': 49, 'mfi_upper': 72, 'en_bollinger': False, 'bollinger_n': 181, 'bollinger_k': 3.0, 'en_adx': True, 'adx_n': 62, 'adx_threshold': 12, 'en_structure_trend': False, 'structure_trend_swing_l': 7, 'en_order_block': False, 'order_block_swing_l': 15, 'en_fvg': True, 'fvg_lookback': 28, 'en_ifvg': False, 'en_breaker': False, 'breaker_swing_l': 6, 'en_cisd': True, 'k': 2, 'en_cap_bars': False, 'cap_1min': 1263}.
[I 2026-07-13 16:57:09,336] Trial 244 pruned. 
[I 2026-07-13 16:57:09,903] Trial 245 pruned. 
[I 2026-07-13 16:57:10,828] Trial 246 pruned. 
[I 2026-07-13 16:57:13,005] Trial 247 pruned. 
[I 2026-07-13 16:57:14,033] Trial 248 pruned. 
[I 2026-07-13 16:57:15,171] Trial 249 pruned. 
[I 2026-07-13 16:57:18,709] Trial 250 finished with values: [-256.75907283071524, -733.3209170009013, 32.9] and parameters: {'sl_soft': 0.9593642808849633, 'sl_hard_delta': 2.0627751657877855, 'tp': 2.388313553351657, 'gate_pct': 97.49754431689279, 'dd_limit': 244.67886904838787, 'cooldown': 16, 'flip': True, 'en_ema_trend': True, 'ema_trend_fast': 77, 'ema_trend_slow': 159, 'en_sma_trend': True, 'sma_trend_fast': 161, 'sma_trend_slow': 371, 'en_macd': False, 'macd_fast': 13, 'macd_slow': 105, 'macd_signal': 84, 'en_vwap': True, 'en_keltner': True, 'keltner_n': 34, 'keltner_m': 4.2, 'en_obv': True, 'obv_slope': 161, 'en_cci': False, 'cci_n': 2, 'cci_threshold': 205, 'en_rsi': True, 'rsi_n': 63, 'rsi_lower': 22, 'rsi_upper': 62, 'en_stochastic': False, 'stochastic_n': 53, 'stochastic_d': 34, 'stochastic_lower': 46, 'stochastic_upper': 96, 'en_mfi': False, 'mfi_n': 64, 'mfi_lower': 41, 'mfi_upper': 89, 'en_bollinger': True, 'bollinger_n': 188, 'bollinger_k': 1.8, 'en_adx': False, 'adx_n': 30, 'adx_threshold': 8, 'en_structure_trend': True, 'structure_trend_swing_l': 3, 'en_order_block': True, 'order_block_swing_l': 16, 'en_fvg': False, 'fvg_lookback': 4, 'en_ifvg': True, 'en_breaker': True, 'breaker_swing_l': 18, 'en_cisd': True, 'k': 5, 'en_cap_bars': True, 'cap_1min': 941}.
[I 2026-07-13 16:57:20,576] Trial 251 pruned. 
[I 2026-07-13 16:57:21,206] Trial 252 pruned. 
[I 2026-07-13 16:57:23,038] Trial 253 pruned. 
[I 2026-07-13 16:57:24,548] Trial 254 pruned. 
[I 2026-07-13 16:57:25,735] Trial 255 pruned. 
[I 2026-07-13 16:57:26,096] Trial 256 pruned. 
[I 2026-07-13 16:57:27,129] Trial 257 pruned. 
[I 2026-07-13 16:57:39,406] Trial 258 finished with values: [-0.42022330765121296, -248.20241545489807, 29.8] and parameters: {'sl_soft': 0.7459429677562495, 'sl_hard_delta': 0.24686669406356115, 'tp': 2.1419527177654807, 'gate_pct': 53.84741825883083, 'dd_limit': 379.61887235308626, 'cooldown': 3, 'flip': True, 'en_ema_trend': True, 'ema_trend_fast': 211, 'ema_trend_slow': 311, 'en_sma_trend': True, 'sma_trend_fast': 382, 'sma_trend_slow': 121, 'en_macd': True, 'macd_fast': 6, 'macd_slow': 28, 'macd_signal': 10, 'en_vwap': False, 'en_keltner': True, 'keltner_n': 177, 'keltner_m': 1.0, 'en_obv': True, 'obv_slope': 36, 'en_cci': False, 'cci_n': 27, 'cci_threshold': 85, 'en_rsi': True, 'rsi_n': 49, 'rsi_lower': 23, 'rsi_upper': 83, 'en_stochastic': True, 'stochastic_n': 40, 'stochastic_d': 7, 'stochastic_lower': 3, 'stochastic_upper': 53, 'en_mfi': True, 'mfi_n': 9, 'mfi_lower': 31, 'mfi_upper': 58, 'en_bollinger': True, 'bollinger_n': 194, 'bollinger_k': 4.5, 'en_adx': False, 'adx_n': 6, 'adx_threshold': 43, 'en_structure_trend': False, 'structure_trend_swing_l': 8, 'en_order_block': False, 'order_block_swing_l': 20, 'en_fvg': False, 'fvg_lookback': 29, 'en_ifvg': False, 'en_breaker': True, 'breaker_swing_l': 8, 'en_cisd': True, 'k': 1, 'en_cap_bars': True, 'cap_1min': 260}.
[I 2026-07-13 16:57:42,708] Trial 259 finished with values: [-132.03351670111374, -695.0000000000159, 25.0] and parameters: {'sl_soft': 1.0063442051374751, 'sl_hard_delta': 4.474497910710611, 'tp': 5.599937680975634, 'gate_pct': 54.8778799805964, 'dd_limit': 390.2569167971573, 'cooldown': 9, 'flip': True, 'en_ema_trend': True, 'ema_trend_fast': 317, 'ema_trend_slow': 38, 'en_sma_trend': False, 'sma_trend_fast': 141, 'sma_trend_slow': 218, 'en_macd': False, 'macd_fast': 25, 'macd_slow': 47, 'macd_signal': 9, 'en_vwap': False, 'en_keltner': False, 'keltner_n': 116, 'keltner_m': 1.8, 'en_obv': True, 'obv_slope': 110, 'en_cci': True, 'cci_n': 176, 'cci_threshold': 40, 'en_rsi': True, 'rsi_n': 10, 'rsi_lower': 41, 'rsi_upper': 82, 'en_stochastic': False, 'stochastic_n': 97, 'stochastic_d': 47, 'stochastic_lower': 48, 'stochastic_upper': 77, 'en_mfi': True, 'mfi_n': 97, 'mfi_lower': 45, 'mfi_upper': 86, 'en_bollinger': False, 'bollinger_n': 115, 'bollinger_k': 2.5, 'en_adx': False, 'adx_n': 18, 'adx_threshold': 32, 'en_structure_trend': False, 'structure_trend_swing_l': 11, 'en_order_block': True, 'order_block_swing_l': 6, 'en_fvg': True, 'fvg_lookback': 50, 'en_ifvg': False, 'en_breaker': False, 'breaker_swing_l': 17, 'en_cisd': True, 'k': 1, 'en_cap_bars': True, 'cap_1min': 272}.
[I 2026-07-13 16:57:44,095] Trial 260 finished with values: [117.47974631701936, -1030.0000000000182, 25.45] and parameters: {'sl_soft': 1.0063442051374751, 'sl_hard_delta': 4.474497910710611, 'tp': 5.599937680975634, 'gate_pct': 83.03318515696816, 'dd_limit': 133.93255991555952, 'cooldown': 9, 'flip': True, 'en_ema_trend': True, 'ema_trend_fast': 9, 'ema_trend_slow': 72, 'en_sma_trend': True, 'sma_trend_fast': 207, 'sma_trend_slow': 218, 'en_macd': False, 'macd_fast': 14, 'macd_slow': 180, 'macd_signal': 76, 'en_vwap': False, 'en_keltner': False, 'keltner_n': 116, 'keltner_m': 3.1, 'en_obv': True, 'obv_slope': 137, 'en_cci': True, 'cci_n': 136, 'cci_threshold': 135, 'en_rsi': False, 'rsi_n': 10, 'rsi_lower': 28, 'rsi_upper': 61, 'en_stochastic': False, 'stochastic_n': 65, 'stochastic_d': 47, 'stochastic_lower': 48, 'stochastic_upper': 95, 'en_mfi': True, 'mfi_n': 15, 'mfi_lower': 13, 'mfi_upper': 79, 'en_bollinger': False, 'bollinger_n': 131, 'bollinger_k': 1.5, 'en_adx': False, 'adx_n': 77, 'adx_threshold': 28, 'en_structure_trend': False, 'structure_trend_swing_l': 18, 'en_order_block': True, 'order_block_swing_l': 7, 'en_fvg': False, 'fvg_lookback': 44, 'en_ifvg': False, 'en_breaker': True, 'breaker_swing_l': 9, 'en_cisd': False, 'k': 2, 'en_cap_bars': False, 'cap_1min': 846}.
[I 2026-07-13 16:57:55,493] Trial 261 finished with values: [12.530896429916538, -346.7686442405238, 58.5] and parameters: {'sl_soft': 1.2773480286121837, 'sl_hard_delta': 4.058024856198353, 'tp': 1.5101235857196516, 'gate_pct': 63.90528592947753, 'dd_limit': 194.16824967892094, 'cooldown': 10, 'flip': True, 'en_ema_trend': False, 'ema_trend_fast': 159, 'ema_trend_slow': 54, 'en_sma_trend': False, 'sma_trend_fast': 362, 'sma_trend_slow': 154, 'en_macd': False, 'macd_fast': 35, 'macd_slow': 132, 'macd_signal': 28, 'en_vwap': True, 'en_keltner': False, 'keltner_n': 164, 'keltner_m': 1.7000000000000002, 'en_obv': False, 'obv_slope': 96, 'en_cci': True, 'cci_n': 184, 'cci_threshold': 90, 'en_rsi': False, 'rsi_n': 16, 'rsi_lower': 36, 'rsi_upper': 67, 'en_stochastic': True, 'stochastic_n': 88, 'stochastic_d': 37, 'stochastic_lower': 47, 'stochastic_upper': 90, 'en_mfi': False, 'mfi_n': 65, 'mfi_lower': 37, 'mfi_upper': 98, 'en_bollinger': False, 'bollinger_n': 186, 'bollinger_k': 3.8000000000000003, 'en_adx': True, 'adx_n': 11, 'adx_threshold': 31, 'en_structure_trend': False, 'structure_trend_swing_l': 13, 'en_order_block': False, 'order_block_swing_l': 13, 'en_fvg': False, 'fvg_lookback': 43, 'en_ifvg': True, 'en_breaker': True, 'breaker_swing_l': 7, 'en_cisd': True, 'k': 3, 'en_cap_bars': True, 'cap_1min': 583}.
[I 2026-07-13 16:57:55,908] Trial 262 finished with values: [60.04117067442962, -681.2059527715519, 55.35] and parameters: {'sl_soft': 2.2593643341281986, 'sl_hard_delta': 3.435061074265694, 'tp': 2.5212882941203345, 'gate_pct': 62.75122947526989, 'dd_limit': 413.1031355436915, 'cooldown': 7, 'flip': False, 'en_ema_trend': False, 'ema_trend_fast': 88, 'ema_trend_slow': 231, 'en_sma_trend': False, 'sma_trend_fast': 387, 'sma_trend_slow': 194, 'en_macd': True, 'macd_fast': 71, 'macd_slow': 43, 'macd_signal': 14, 'en_vwap': True, 'en_keltner': False, 'keltner_n': 84, 'keltner_m': 3.7, 'en_obv': True, 'obv_slope': 180, 'en_cci': True, 'cci_n': 48, 'cci_threshold': 240, 'en_rsi': False, 'rsi_n': 36, 'rsi_lower': 8, 'rsi_upper': 81, 'en_stochastic': False, 'stochastic_n': 16, 'stochastic_d': 36, 'stochastic_lower': 38, 'stochastic_upper': 82, 'en_mfi': False, 'mfi_n': 52, 'mfi_lower': 23, 'mfi_upper': 97, 'en_bollinger': True, 'bollinger_n': 24, 'bollinger_k': 4.9, 'en_adx': True, 'adx_n': 88, 'adx_threshold': 11, 'en_structure_trend': False, 'structure_trend_swing_l': 13, 'en_order_block': False, 'order_block_swing_l': 19, 'en_fvg': False, 'fvg_lookback': 23, 'en_ifvg': False, 'en_breaker': False, 'breaker_swing_l': 1, 'en_cisd': True, 'k': 2, 'en_cap_bars': False, 'cap_1min': 884}.
[I 2026-07-13 16:57:57,936] Trial 263 finished with values: [572.3440434031545, -509.99999999996817, 41.25] and parameters: {'sl_soft': 1.3896587210692737, 'sl_hard_delta': 2.741268995255218, 'tp': 4.357793090778281, 'gate_pct': 83.03318515696816, 'dd_limit': 394.88972205872113, 'cooldown': 12, 'flip': True, 'en_ema_trend': True, 'ema_trend_fast': 9, 'ema_trend_slow': 72, 'en_sma_trend': True, 'sma_trend_fast': 207, 'sma_trend_slow': 81, 'en_macd': False, 'macd_fast': 67, 'macd_slow': 82, 'macd_signal': 91, 'en_vwap': True, 'en_keltner': False, 'keltner_n': 145, 'keltner_m': 4.5, 'en_obv': True, 'obv_slope': 137, 'en_cci': False, 'cci_n': 82, 'cci_threshold': 50, 'en_rsi': True, 'rsi_n': 50, 'rsi_lower': 20, 'rsi_upper': 61, 'en_stochastic': False, 'stochastic_n': 65, 'stochastic_d': 27, 'stochastic_lower': 34, 'stochastic_upper': 72, 'en_mfi': True, 'mfi_n': 15, 'mfi_lower': 21, 'mfi_upper': 51, 'en_bollinger': False, 'bollinger_n': 131, 'bollinger_k': 1.5, 'en_adx': False, 'adx_n': 61, 'adx_threshold': 28, 'en_structure_trend': False, 'structure_trend_swing_l': 18, 'en_order_block': False, 'order_block_swing_l': 10, 'en_fvg': False, 'fvg_lookback': 38, 'en_ifvg': True, 'en_breaker': True, 'breaker_swing_l': 11, 'en_cisd': True, 'k': 5, 'en_cap_bars': False, 'cap_1min': 1153}.
[I 2026-07-13 16:57:58,790] Trial 264 pruned. 
[I 2026-07-13 16:58:01,966] Trial 265 finished with values: [-81.08375478925609, -952.0300737804746, 47.45] and parameters: {'sl_soft': 3.1685904809751393, 'sl_hard_delta': 0.653283922126385, 'tp': 3.768770539897774, 'gate_pct': 90.0783114706916, 'dd_limit': 235.57837541012853, 'cooldown': 7, 'flip': False, 'en_ema_trend': False, 'ema_trend_fast': 121, 'ema_trend_slow': 361, 'en_sma_trend': True, 'sma_trend_fast': 95, 'sma_trend_slow': 14, 'en_macd': False, 'macd_fast': 47, 'macd_slow': 74, 'macd_signal': 59, 'en_vwap': True, 'en_keltner': True, 'keltner_n': 68, 'keltner_m': 1.5, 'en_obv': False, 'obv_slope': 2, 'en_cci': True, 'cci_n': 110, 'cci_threshold': 60, 'en_rsi': True, 'rsi_n': 63, 'rsi_lower': 27, 'rsi_upper': 94, 'en_stochastic': False, 'stochastic_n': 8, 'stochastic_d': 40, 'stochastic_lower': 13, 'stochastic_upper': 82, 'en_mfi': True, 'mfi_n': 67, 'mfi_lower': 16, 'mfi_upper': 90, 'en_bollinger': True, 'bollinger_n': 125, 'bollinger_k': 4.5, 'en_adx': False, 'adx_n': 31, 'adx_threshold': 26, 'en_structure_trend': True, 'structure_trend_swing_l': 19, 'en_order_block': False, 'order_block_swing_l': 14, 'en_fvg': False, 'fvg_lookback': 19, 'en_ifvg': True, 'en_breaker': False, 'breaker_swing_l': 10, 'en_cisd': False, 'k': 3, 'en_cap_bars': True, 'cap_1min': 995}.
[I 2026-07-13 16:58:04,065] Trial 266 finished with values: [-143.30472822347247, -410.0000000000023, 22.0] and parameters: {'sl_soft': 0.7459429677562495, 'sl_hard_delta': 4.141198444777631, 'tp': 2.1419527177654807, 'gate_pct': 53.84741825883083, 'dd_limit': 143.75886034970398, 'cooldown': 3, 'flip': False, 'en_ema_trend': True, 'ema_trend_fast': 211, 'ema_trend_slow': 34, 'en_sma_trend': True, 'sma_trend_fast': 382, 'sma_trend_slow': 307, 'en_macd': True, 'macd_fast': 12, 'macd_slow': 18, 'macd_signal': 10, 'en_vwap': False, 'en_keltner': True, 'keltner_n': 39, 'keltner_m': 4.6000000000000005, 'en_obv': True, 'obv_slope': 36, 'en_cci': True, 'cci_n': 27, 'cci_threshold': 85, 'en_rsi': False, 'rsi_n': 88, 'rsi_lower': 13, 'rsi_upper': 88, 'en_stochastic': False, 'stochastic_n': 40, 'stochastic_d': 33, 'stochastic_lower': 3, 'stochastic_upper': 53, 'en_mfi': True, 'mfi_n': 9, 'mfi_lower': 31, 'mfi_upper': 58, 'en_bollinger': False, 'bollinger_n': 194, 'bollinger_k': 1.2000000000000002, 'en_adx': False, 'adx_n': 32, 'adx_threshold': 43, 'en_structure_trend': True, 'structure_trend_swing_l': 8, 'en_order_block': False, 'order_block_swing_l': 20, 'en_fvg': False, 'fvg_lookback': 29, 'en_ifvg': False, 'en_breaker': True, 'breaker_swing_l': 5, 'en_cisd': True, 'k': 1, 'en_cap_bars': False, 'cap_1min': 1298}.
[I 2026-07-13 16:58:05,259] Trial 267 pruned. 
