[I 2026-07-13 17:23:11,691] Trial 633 finished with values: [-136.0182158577743, -306.75910792888317, 54.7] and parameters: {'sl_soft': 0.8668241302577042, 'sl_hard_delta': 2.145728223926894, 'tp': 0.6549392804740899, 'gate_pct': 84.86382733879176, 'dd_limit': 129.62211800890103, 'cooldown': 15, 'flip': True, 'en_ema_trend': False, 'ema_trend_fast': 337, 'ema_trend_slow': 26, 'en_sma_trend': False, 'sma_trend_fast': 298, 'sma_trend_slow': 263, 'en_macd': False, 'macd_fast': 96, 'macd_slow': 104, 'macd_signal': 54, 'en_vwap': True, 'en_keltner': True, 'keltner_n': 105, 'keltner_m': 3.5, 'en_obv': True, 'obv_slope': 18, 'en_cci': True, 'cci_n': 184, 'cci_threshold': 260, 'en_rsi': True, 'rsi_n': 87, 'rsi_lower': 38, 'rsi_upper': 74, 'en_stochastic': True, 'stochastic_n': 3, 'stochastic_d': 37, 'stochastic_lower': 40, 'stochastic_upper': 89, 'en_mfi': False, 'mfi_n': 88, 'mfi_lower': 37, 'mfi_upper': 99, 'en_bollinger': False, 'bollinger_n': 86, 'bollinger_k': 3.4000000000000004, 'en_adx': False, 'adx_n': 16, 'adx_threshold': 27, 'en_structure_trend': True, 'structure_trend_swing_l': 11, 'en_order_block': True, 'order_block_swing_l': 16, 'en_fvg': False, 'fvg_lookback': 28, 'en_ifvg': True, 'en_breaker': False, 'breaker_swing_l': 7, 'en_cisd': True, 'k': 4, 'en_cap_bars': False, 'cap_1min': 690}.
[I 2026-07-13 17:23:13,423] Trial 634 finished with values: [57.56521429089503, -198.76354534483198, 70.85] and parameters: {'sl_soft': 0.95083156235771, 'sl_hard_delta': 0.8244393445390031, 'tp': 0.6549392804740899, 'gate_pct': 63.90528592947753, 'dd_limit': 129.62211800890103, 'cooldown': 15, 'flip': False, 'en_ema_trend': False, 'ema_trend_fast': 40, 'ema_trend_slow': 304, 'en_sma_trend': False, 'sma_trend_fast': 11, 'sma_trend_slow': 111, 'en_macd': False, 'macd_fast': 52, 'macd_slow': 6, 'macd_signal': 54, 'en_vwap': True, 'en_keltner': False, 'keltner_n': 162, 'keltner_m': 2.1, 'en_obv': True, 'obv_slope': 116, 'en_cci': True, 'cci_n': 184, 'cci_threshold': 25, 'en_rsi': True, 'rsi_n': 87, 'rsi_lower': 38, 'rsi_upper': 57, 'en_stochastic': False, 'stochastic_n': 3, 'stochastic_d': 3, 'stochastic_lower': 8, 'stochastic_upper': 57, 'en_mfi': True, 'mfi_n': 88, 'mfi_lower': 20, 'mfi_upper': 95, 'en_bollinger': False, 'bollinger_n': 57, 'bollinger_k': 3.4000000000000004, 'en_adx': False, 'adx_n': 16, 'adx_threshold': 27, 'en_structure_trend': True, 'structure_trend_swing_l': 1, 'en_order_block': True, 'order_block_swing_l': 18, 'en_fvg': False, 'fvg_lookback': 28, 'en_ifvg': True, 'en_breaker': False, 'breaker_swing_l': 3, 'en_cisd': False, 'k': 4, 'en_cap_bars': False, 'cap_1min': 1249}.
[I 2026-07-13 17:23:19,848] Trial 635 finished with values: [-98.89886954330223, -254.1458335670086, 65.3] and parameters: {'sl_soft': 0.8668241302577042, 'sl_hard_delta': 2.145728223926894, 'tp': 0.6549392804740899, 'gate_pct': 99.92437996320446, 'dd_limit': 235.57837541012853, 'cooldown': 15, 'flip': False, 'en_ema_trend': False, 'ema_trend_fast': 337, 'ema_trend_slow': 364, 'en_sma_trend': False, 'sma_trend_fast': 298, 'sma_trend_slow': 111, 'en_macd': False, 'macd_fast': 52, 'macd_slow': 18, 'macd_signal': 54, 'en_vwap': True, 'en_keltner': True, 'keltner_n': 68, 'keltner_m': 3.5, 'en_obv': False, 'obv_slope': 18, 'en_cci': True, 'cci_n': 43, 'cci_threshold': 260, 'en_rsi': True, 'rsi_n': 95, 'rsi_lower': 7, 'rsi_upper': 94, 'en_stochastic': True, 'stochastic_n': 8, 'stochastic_d': 40, 'stochastic_lower': 40, 'stochastic_upper': 56, 'en_mfi': False, 'mfi_n': 45, 'mfi_lower': 37, 'mfi_upper': 61, 'en_bollinger': True, 'bollinger_n': 164, 'bollinger_k': 1.8, 'en_adx': False, 'adx_n': 19, 'adx_threshold': 17, 'en_structure_trend': True, 'structure_trend_swing_l': 19, 'en_order_block': False, 'order_block_swing_l': 11, 'en_fvg': False, 'fvg_lookback': 14, 'en_ifvg': True, 'en_breaker': False, 'breaker_swing_l': 3, 'en_cisd': True, 'k': 1, 'en_cap_bars': True, 'cap_1min': 995}.
[I 2026-07-13 17:23:21,427] Trial 636 finished with values: [-57.725645652749336, -477.66736756011596, 61.150000000000006] and parameters: {'sl_soft': 2.1483087391965503, 'sl_hard_delta': 0.24002809860404511, 'tp': 1.2548102965475247, 'gate_pct': 73.0036735816267, 'dd_limit': 241.42955722086123, 'cooldown': 20, 'flip': True, 'en_ema_trend': False, 'ema_trend_fast': 40, 'ema_trend_slow': 38, 'en_sma_trend': False, 'sma_trend_fast': 232, 'sma_trend_slow': 263, 'en_macd': True, 'macd_fast': 96, 'macd_slow': 156, 'macd_signal': 27, 'en_vwap': True, 'en_keltner': True, 'keltner_n': 3, 'keltner_m': 2.9000000000000004, 'en_obv': True, 'obv_slope': 116, 'en_cci': True, 'cci_n': 76, 'cci_threshold': 30, 'en_rsi': True, 'rsi_n': 87, 'rsi_lower': 38, 'rsi_upper': 82, 'en_stochastic': True, 'stochastic_n': 9, 'stochastic_d': 27, 'stochastic_lower': 2, 'stochastic_upper': 77, 'en_mfi': True, 'mfi_n': 97, 'mfi_lower': 7, 'mfi_upper': 86, 'en_bollinger': False, 'bollinger_n': 121, 'bollinger_k': 2.1, 'en_adx': True, 'adx_n': 16, 'adx_threshold': 6, 'en_structure_trend': True, 'structure_trend_swing_l': 1, 'en_order_block': False, 'order_block_swing_l': 16, 'en_fvg': True, 'fvg_lookback': 28, 'en_ifvg': False, 'en_breaker': False, 'breaker_swing_l': 3, 'en_cisd': True, 'k': 3, 'en_cap_bars': True, 'cap_1min': 379}.
[I 2026-07-13 17:23:21,576] Trial 637 pruned. 
[I 2026-07-13 17:23:22,145] Trial 638 finished with values: [114.3382070308462, -440.9128554813833, 35.05] and parameters: {'sl_soft': 0.7756993843732112, 'sl_hard_delta': 0.3269087741450897, 'tp': 2.5647184925159534, 'gate_pct': 62.02693045764362, 'dd_limit': 208.93735973419433, 'cooldown': 18, 'flip': True, 'en_ema_trend': True, 'ema_trend_fast': 112, 'ema_trend_slow': 361, 'en_sma_trend': False, 'sma_trend_fast': 178, 'sma_trend_slow': 304, 'en_macd': False, 'macd_fast': 57, 'macd_slow': 64, 'macd_signal': 54, 'en_vwap': True, 'en_keltner': True, 'keltner_n': 49, 'keltner_m': 4.5, 'en_obv': False, 'obv_slope': 168, 'en_cci': False, 'cci_n': 42, 'cci_threshold': 90, 'en_rsi': True, 'rsi_n': 25, 'rsi_lower': 19, 'rsi_upper': 58, 'en_stochastic': False, 'stochastic_n': 71, 'stochastic_d': 34, 'stochastic_lower': 44, 'stochastic_upper': 94, 'en_mfi': False, 'mfi_n': 41, 'mfi_lower': 2, 'mfi_upper': 95, 'en_bollinger': True, 'bollinger_n': 12, 'bollinger_k': 4.8, 'en_adx': True, 'adx_n': 2, 'adx_threshold': 26, 'en_structure_trend': False, 'structure_trend_swing_l': 11, 'en_order_block': False, 'order_block_swing_l': 6, 'en_fvg': True, 'fvg_lookback': 45, 'en_ifvg': False, 'en_breaker': False, 'breaker_swing_l': 18, 'en_cisd': True, 'k': 3, 'en_cap_bars': False, 'cap_1min': 1381}.
[I 2026-07-13 17:23:29,298] Trial 639 finished with values: [176.59530720756038, -318.33708776350704, 25.4] and parameters: {'sl_soft': 0.5847565227953361, 'sl_hard_delta': 2.981985232474473, 'tp': 3.796381228830453, 'gate_pct': 75.29895741667805, 'dd_limit': 241.42955722086123, 'cooldown': 18, 'flip': False, 'en_ema_trend': True, 'ema_trend_fast': 33, 'ema_trend_slow': 72, 'en_sma_trend': False, 'sma_trend_fast': 232, 'sma_trend_slow': 248, 'en_macd': True, 'macd_fast': 44, 'macd_slow': 45, 'macd_signal': 27, 'en_vwap': True, 'en_keltner': False, 'keltner_n': 3, 'keltner_m': 3.4000000000000004, 'en_obv': True, 'obv_slope': 160, 'en_cci': False, 'cci_n': 174, 'cci_threshold': 195, 'en_rsi': True, 'rsi_n': 46, 'rsi_lower': 3, 'rsi_upper': 61, 'en_stochastic': True, 'stochastic_n': 9, 'stochastic_d': 36, 'stochastic_lower': 38, 'stochastic_upper': 94, 'en_mfi': True, 'mfi_n': 15, 'mfi_lower': 2, 'mfi_upper': 93, 'en_bollinger': False, 'bollinger_n': 144, 'bollinger_k': 2.1, 'en_adx': False, 'adx_n': 76, 'adx_threshold': 32, 'en_structure_trend': True, 'structure_trend_swing_l': 9, 'en_order_block': False, 'order_block_swing_l': 2, 'en_fvg': True, 'fvg_lookback': 44, 'en_ifvg': False, 'en_breaker': True, 'breaker_swing_l': 20, 'en_cisd': True, 'k': 3, 'en_cap_bars': False, 'cap_1min': 1119}.
[I 2026-07-13 17:23:30,075] Trial 640 pruned. 
[I 2026-07-13 17:23:36,655] Trial 641 finished with values: [-239.95719932847237, -602.002697719945, 19.6] and parameters: {'sl_soft': 1.22587773067775, 'sl_hard_delta': 0.2791290136221785, 'tp': 3.664190086725569, 'gate_pct': 75.29895741667805, 'dd_limit': 394.88972205872113, 'cooldown': 18, 'flip': True, 'en_ema_trend': True, 'ema_trend_fast': 9, 'ema_trend_slow': 305, 'en_sma_trend': False, 'sma_trend_fast': 232, 'sma_trend_slow': 304, 'en_macd': True, 'macd_fast': 57, 'macd_slow': 144, 'macd_signal': 81, 'en_vwap': True, 'en_keltner': True, 'keltner_n': 49, 'keltner_m': 2.9000000000000004, 'en_obv': True, 'obv_slope': 32, 'en_cci': False, 'cci_n': 174, 'cci_threshold': 135, 'en_rsi': True, 'rsi_n': 46, 'rsi_lower': 20, 'rsi_upper': 61, 'en_stochastic': True, 'stochastic_n': 71, 'stochastic_d': 34, 'stochastic_lower': 33, 'stochastic_upper': 92, 'en_mfi': True, 'mfi_n': 41, 'mfi_lower': 29, 'mfi_upper': 79, 'en_bollinger': False, 'bollinger_n': 47, 'bollinger_k': 4.8, 'en_adx': False, 'adx_n': 76, 'adx_threshold': 26, 'en_structure_trend': True, 'structure_trend_swing_l': 18, 'en_order_block': False, 'order_block_swing_l': 10, 'en_fvg': True, 'fvg_lookback': 38, 'en_ifvg': False, 'en_breaker': True, 'breaker_swing_l': 18, 'en_cisd': True, 'k': 3, 'en_cap_bars': True, 'cap_1min': 418}.
[I 2026-07-13 17:23:38,011] Trial 642 pruned. 
[I 2026-07-13 17:23:39,078] Trial 643 finished with values: [-102.5151324505373, -646.9637514609531, 58.75] and parameters: {'sl_soft': 1.22587773067775, 'sl_hard_delta': 2.981985232474473, 'tp': 1.2921449941565541, 'gate_pct': 75.29895741667805, 'dd_limit': 241.42955722086123, 'cooldown': 11, 'flip': True, 'en_ema_trend': True, 'ema_trend_fast': 33, 'ema_trend_slow': 305, 'en_sma_trend': False, 'sma_trend_fast': 232, 'sma_trend_slow': 248, 'en_macd': True, 'macd_fast': 70, 'macd_slow': 45, 'macd_signal': 27, 'en_vwap': True, 'en_keltner': False, 'keltner_n': 3, 'keltner_m': 2.1, 'en_obv': True, 'obv_slope': 163, 'en_cci': True, 'cci_n': 174, 'cci_threshold': 195, 'en_rsi': True, 'rsi_n': 54, 'rsi_lower': 3, 'rsi_upper': 85, 'en_stochastic': False, 'stochastic_n': 9, 'stochastic_d': 36, 'stochastic_lower': 40, 'stochastic_upper': 65, 'en_mfi': True, 'mfi_n': 95, 'mfi_lower': 20, 'mfi_upper': 88, 'en_bollinger': False, 'bollinger_n': 144, 'bollinger_k': 2.1, 'en_adx': False, 'adx_n': 76, 'adx_threshold': 32, 'en_structure_trend': True, 'structure_trend_swing_l': 9, 'en_order_block': False, 'order_block_swing_l': 2, 'en_fvg': True, 'fvg_lookback': 44, 'en_ifvg': False, 'en_breaker': True, 'breaker_swing_l': 7, 'en_cisd': True, 'k': 3, 'en_cap_bars': False, 'cap_1min': 418}.
[I 2026-07-13 17:23:39,932] Trial 644 pruned. 
[I 2026-07-13 17:23:45,468] Trial 645 finished with values: [-136.10622293754773, -548.7740078441675, 43.25] and parameters: {'sl_soft': 0.8668241302577042, 'sl_hard_delta': 0.2791290136221785, 'tp': 1.2921449941565541, 'gate_pct': 75.29895741667805, 'dd_limit': 394.88972205872113, 'cooldown': 15, 'flip': False, 'en_ema_trend': True, 'ema_trend_fast': 23, 'ema_trend_slow': 305, 'en_sma_trend': False, 'sma_trend_fast': 298, 'sma_trend_slow': 111, 'en_macd': False, 'macd_fast': 70, 'macd_slow': 6, 'macd_signal': 54, 'en_vwap': True, 'en_keltner': False, 'keltner_n': 116, 'keltner_m': 2.1, 'en_obv': False, 'obv_slope': 137, 'en_cci': False, 'cci_n': 174, 'cci_threshold': 135, 'en_rsi': True, 'rsi_n': 69, 'rsi_lower': 47, 'rsi_upper': 57, 'en_stochastic': True, 'stochastic_n': 3, 'stochastic_d': 49, 'stochastic_lower': 34, 'stochastic_upper': 92, 'en_mfi': True, 'mfi_n': 15, 'mfi_lower': 24, 'mfi_upper': 79, 'en_bollinger': False, 'bollinger_n': 57, 'bollinger_k': 1.5, 'en_adx': False, 'adx_n': 76, 'adx_threshold': 17, 'en_structure_trend': False, 'structure_trend_swing_l': 11, 'en_order_block': False, 'order_block_swing_l': 10, 'en_fvg': False, 'fvg_lookback': 38, 'en_ifvg': False, 'en_breaker': True, 'breaker_swing_l': 10, 'en_cisd': True, 'k': 4, 'en_cap_bars': True, 'cap_1min': 133}.
[I 2026-07-13 17:23:46,625] Trial 646 pruned. 
[I 2026-07-13 17:23:52,913] Trial 647 finished with values: [-5.356028365133625, -347.7095562968657, 48.55] and parameters: {'sl_soft': 0.6154913983821713, 'sl_hard_delta': 2.981985232474473, 'tp': 1.6114522185159588, 'gate_pct': 84.86382733879176, 'dd_limit': 225.9151492162283, 'cooldown': 15, 'flip': True, 'en_ema_trend': True, 'ema_trend_fast': 40, 'ema_trend_slow': 305, 'en_sma_trend': False, 'sma_trend_fast': 36, 'sma_trend_slow': 263, 'en_macd': True, 'macd_fast': 20, 'macd_slow': 94, 'macd_signal': 27, 'en_vwap': False, 'en_keltner': False, 'keltner_n': 162, 'keltner_m': 3.4000000000000004, 'en_obv': True, 'obv_slope': 120, 'en_cci': True, 'cci_n': 111, 'cci_threshold': 195, 'en_rsi': True, 'rsi_n': 46, 'rsi_lower': 3, 'rsi_upper': 61, 'en_stochastic': True, 'stochastic_n': 9, 'stochastic_d': 36, 'stochastic_lower': 40, 'stochastic_upper': 90, 'en_mfi': True, 'mfi_n': 20, 'mfi_lower': 29, 'mfi_upper': 71, 'en_bollinger': False, 'bollinger_n': 144, 'bollinger_k': 2.1, 'en_adx': False, 'adx_n': 76, 'adx_threshold': 32, 'en_structure_trend': True, 'structure_trend_swing_l': 9, 'en_order_block': False, 'order_block_swing_l': 6, 'en_fvg': True, 'fvg_lookback': 44, 'en_ifvg': False, 'en_breaker': True, 'breaker_swing_l': 7, 'en_cisd': False, 'k': 3, 'en_cap_bars': False, 'cap_1min': 653}.
[I 2026-07-13 17:23:55,445] Trial 648 pruned. 
[I 2026-07-13 17:24:01,245] Trial 649 finished with values: [-69.78339573925041, -299.50607195257817, 59.4] and parameters: {'sl_soft': 0.8668241302577042, 'sl_hard_delta': 1.8647731859224803, 'tp': 0.6549392804740899, 'gate_pct': 63.90528592947753, 'dd_limit': 212.284904074767, 'cooldown': 15, 'flip': True, 'en_ema_trend': True, 'ema_trend_fast': 314, 'ema_trend_slow': 34, 'en_sma_trend': False, 'sma_trend_fast': 298, 'sma_trend_slow': 248, 'en_macd': True, 'macd_fast': 85, 'macd_slow': 94, 'macd_signal': 17, 'en_vwap': True, 'en_keltner': False, 'keltner_n': 105, 'keltner_m': 2.1, 'en_obv': True, 'obv_slope': 18, 'en_cci': True, 'cci_n': 174, 'cci_threshold': 260, 'en_rsi': False, 'rsi_n': 69, 'rsi_lower': 37, 'rsi_upper': 85, 'en_stochastic': True, 'stochastic_n': 77, 'stochastic_d': 37, 'stochastic_lower': 33, 'stochastic_upper': 57, 'en_mfi': False, 'mfi_n': 57, 'mfi_lower': 20, 'mfi_upper': 99, 'en_bollinger': False, 'bollinger_n': 164, 'bollinger_k': 2.1, 'en_adx': False, 'adx_n': 19, 'adx_threshold': 41, 'en_structure_trend': True, 'structure_trend_swing_l': 2, 'en_order_block': False, 'order_block_swing_l': 2, 'en_fvg': True, 'fvg_lookback': 28, 'en_ifvg': False, 'en_breaker': True, 'breaker_swing_l': 7, 'en_cisd': True, 'k': 3, 'en_cap_bars': True, 'cap_1min': 418}.
[I 2026-07-13 17:24:01,948] Trial 650 finished with values: [69.00990587613478, -273.91110947585275, 39.6] and parameters: {'sl_soft': 1.3088263963632611, 'sl_hard_delta': 0.3269087741450897, 'tp': 2.5647184925159534, 'gate_pct': 54.65570887864888, 'dd_limit': 237.04271548261175, 'cooldown': 26, 'flip': True, 'en_ema_trend': False, 'ema_trend_fast': 23, 'ema_trend_slow': 361, 'en_sma_trend': False, 'sma_trend_fast': 178, 'sma_trend_slow': 111, 'en_macd': False, 'macd_fast': 57, 'macd_slow': 6, 'macd_signal': 17, 'en_vwap': True, 'en_keltner': False, 'keltner_n': 105, 'keltner_m': 2.1, 'en_obv': False, 'obv_slope': 18, 'en_cci': False, 'cci_n': 72, 'cci_threshold': 90, 'en_rsi': False, 'rsi_n': 25, 'rsi_lower': 19, 'rsi_upper': 57, 'en_stochastic': False, 'stochastic_n': 63, 'stochastic_d': 36, 'stochastic_lower': 8, 'stochastic_upper': 94, 'en_mfi': True, 'mfi_n': 80, 'mfi_lower': 8, 'mfi_upper': 99, 'en_bollinger': True, 'bollinger_n': 57, 'bollinger_k': 4.8, 'en_adx': False, 'adx_n': 2, 'adx_threshold': 26, 'en_structure_trend': True, 'structure_trend_swing_l': 11, 'en_order_block': False, 'order_block_swing_l': 18, 'en_fvg': False, 'fvg_lookback': 1, 'en_ifvg': True, 'en_breaker': True, 'breaker_swing_l': 10, 'en_cisd': True, 'k': 3, 'en_cap_bars': True, 'cap_1min': 1249}.
[I 2026-07-13 17:24:02,261] Trial 651 finished with values: [102.86809199887443, -434.9999999999909, 37.5] and parameters: {'sl_soft': 0.8612621469910683, 'sl_hard_delta': 2.911804370090404, 'tp': 2.9349692977728927, 'gate_pct': 86.68863637915473, 'dd_limit': 190.1331512882937, 'cooldown': 27, 'flip': True, 'en_ema_trend': True, 'ema_trend_fast': 23, 'ema_trend_slow': 305, 'en_sma_trend': False, 'sma_trend_fast': 232, 'sma_trend_slow': 329, 'en_macd': False, 'macd_fast': 52, 'macd_slow': 53, 'macd_signal': 45, 'en_vwap': True, 'en_keltner': False, 'keltner_n': 94, 'keltner_m': 3.1, 'en_obv': False, 'obv_slope': 143, 'en_cci': False, 'cci_n': 174, 'cci_threshold': 195, 'en_rsi': True, 'rsi_n': 97, 'rsi_lower': 3, 'rsi_upper': 94, 'en_stochastic': False, 'stochastic_n': 63, 'stochastic_d': 36, 'stochastic_lower': 33, 'stochastic_upper': 55, 'en_mfi': False, 'mfi_n': 80, 'mfi_lower': 29, 'mfi_upper': 70, 'en_bollinger': True, 'bollinger_n': 144, 'bollinger_k': 3.9000000000000004, 'en_adx': False, 'adx_n': 31, 'adx_threshold': 32, 'en_structure_trend': True, 'structure_trend_swing_l': 14, 'en_order_block': False, 'order_block_swing_l': 2, 'en_fvg': True, 'fvg_lookback': 47, 'en_ifvg': True, 'en_breaker': True, 'breaker_swing_l': 7, 'en_cisd': False, 'k': 4, 'en_cap_bars': False, 'cap_1min': 332}.
[I 2026-07-13 17:24:04,705] Trial 652 finished with values: [-141.8844785997976, -279.5896523998749, 30.299999999999997] and parameters: {'sl_soft': 0.6154913983821713, 'sl_hard_delta': 2.981985232474473, 'tp': 1.5082069520025265, 'gate_pct': 75.29895741667805, 'dd_limit': 129.62211800890103, 'cooldown': 11, 'flip': True, 'en_ema_trend': False, 'ema_trend_fast': 40, 'ema_trend_slow': 26, 'en_sma_trend': False, 'sma_trend_fast': 232, 'sma_trend_slow': 263, 'en_macd': True, 'macd_fast': 96, 'macd_slow': 156, 'macd_signal': 27, 'en_vwap': True, 'en_keltner': True, 'keltner_n': 162, 'keltner_m': 3.4000000000000004, 'en_obv': True, 'obv_slope': 116, 'en_cci': True, 'cci_n': 111, 'cci_threshold': 195, 'en_rsi': True, 'rsi_n': 46, 'rsi_lower': 3, 'rsi_upper': 61, 'en_stochastic': True, 'stochastic_n': 32, 'stochastic_d': 36, 'stochastic_lower': 40, 'stochastic_upper': 92, 'en_mfi': True, 'mfi_n': 82, 'mfi_lower': 29, 'mfi_upper': 83, 'en_bollinger': False, 'bollinger_n': 86, 'bollinger_k': 3.4000000000000004, 'en_adx': False, 'adx_n': 76, 'adx_threshold': 27, 'en_structure_trend': True, 'structure_trend_swing_l': 9, 'en_order_block': False, 'order_block_swing_l': 16, 'en_fvg': False, 'fvg_lookback': 44, 'en_ifvg': True, 'en_breaker': False, 'breaker_swing_l': 7, 'en_cisd': False, 'k': 4, 'en_cap_bars': False, 'cap_1min': 379}.
[I 2026-07-13 17:24:07,461] Trial 653 finished with values: [51.776245766086504, -479.99999999995, 25.0] and parameters: {'sl_soft': 0.5847565227953361, 'sl_hard_delta': 2.981985232474473, 'tp': 3.796381228830453, 'gate_pct': 62.02693045764362, 'dd_limit': 208.93735973419433, 'cooldown': 11, 'flip': False, 'en_ema_trend': True, 'ema_trend_fast': 41, 'ema_trend_slow': 72, 'en_sma_trend': False, 'sma_trend_fast': 232, 'sma_trend_slow': 248, 'en_macd': True, 'macd_fast': 70, 'macd_slow': 63, 'macd_signal': 41, 'en_vwap': False, 'en_keltner': False, 'keltner_n': 49, 'keltner_m': 3.4000000000000004, 'en_obv': True, 'obv_slope': 160, 'en_cci': True, 'cci_n': 33, 'cci_threshold': 195, 'en_rsi': True, 'rsi_n': 25, 'rsi_lower': 3, 'rsi_upper': 75, 'en_stochastic': False, 'stochastic_n': 9, 'stochastic_d': 36, 'stochastic_lower': 40, 'stochastic_upper': 94, 'en_mfi': True, 'mfi_n': 95, 'mfi_lower': 2, 'mfi_upper': 93, 'en_bollinger': True, 'bollinger_n': 105, 'bollinger_k': 2.1, 'en_adx': False, 'adx_n': 76, 'adx_threshold': 32, 'en_structure_trend': True, 'structure_trend_swing_l': 18, 'en_order_block': False, 'order_block_swing_l': 19, 'en_fvg': True, 'fvg_lookback': 44, 'en_ifvg': False, 'en_breaker': True, 'breaker_swing_l': 7, 'en_cisd': False, 'k': 3, 'en_cap_bars': True, 'cap_1min': 1165}.
[I 2026-07-13 17:24:09,643] Trial 654 finished with values: [50.6027067306718, -197.35912244658493, 41.65] and parameters: {'sl_soft': 0.7756993843732112, 'sl_hard_delta': 0.24002809860404511, 'tp': 1.5082069520025265, 'gate_pct': 62.02693045764362, 'dd_limit': 129.62211800890103, 'cooldown': 15, 'flip': True, 'en_ema_trend': True, 'ema_trend_fast': 112, 'ema_trend_slow': 26, 'en_sma_trend': False, 'sma_trend_fast': 155, 'sma_trend_slow': 263, 'en_macd': False, 'macd_fast': 96, 'macd_slow': 156, 'macd_signal': 54, 'en_vwap': False, 'en_keltner': True, 'keltner_n': 162, 'keltner_m': 2.9000000000000004, 'en_obv': True, 'obv_slope': 168, 'en_cci': True, 'cci_n': 111, 'cci_threshold': 25, 'en_rsi': True, 'rsi_n': 87, 'rsi_lower': 19, 'rsi_upper': 86, 'en_stochastic': False, 'stochastic_n': 32, 'stochastic_d': 34, 'stochastic_lower': 40, 'stochastic_upper': 94, 'en_mfi': True, 'mfi_n': 41, 'mfi_lower': 20, 'mfi_upper': 72, 'en_bollinger': False, 'bollinger_n': 86, 'bollinger_k': 4.8, 'en_adx': True, 'adx_n': 16, 'adx_threshold': 26, 'en_structure_trend': True, 'structure_trend_swing_l': 11, 'en_order_block': True, 'order_block_swing_l': 6, 'en_fvg': False, 'fvg_lookback': 28, 'en_ifvg': False, 'en_breaker': False, 'breaker_swing_l': 18, 'en_cisd': False, 'k': 4, 'en_cap_bars': False, 'cap_1min': 379}.
