[I 2026-07-13 17:23:50,074] Trial 616 finished with values: [-10.426107141410057, -325.0052746262554, 36.099999999999994] and parameters: {'sl_soft': 1.124380577176661, 'sl_hard_delta': 0.02145810771492437, 'tp': 1.9062213357503182, 'gate_pct': 26.991527672954163, 'dd_limit': 390.2569167971573, 'cooldown': 1, 'flip': True, 'en_ema_trend': False, 'ema_trend_fast': 282, 'ema_trend_slow': 38, 'en_sma_trend': False, 'sma_trend_fast': 285, 'sma_trend_slow': 300, 'en_macd': True, 'macd_fast': 52, 'macd_slow': 124, 'macd_signal': 22, 'en_vwap': True, 'en_keltner': False, 'keltner_n': 68, 'keltner_m': 0.9, 'en_obv': True, 'obv_slope': 50, 'en_cci': True, 'cci_n': 43, 'cci_threshold': 50, 'en_rsi': True, 'rsi_n': 15, 'rsi_lower': 7, 'rsi_upper': 55, 'en_stochastic': False, 'stochastic_n': 89, 'stochastic_d': 35, 'stochastic_lower': 40, 'stochastic_upper': 77, 'en_mfi': True, 'mfi_n': 97, 'mfi_lower': 37, 'mfi_upper': 61, 'en_bollinger': False, 'bollinger_n': 125, 'bollinger_k': 3.8000000000000003, 'en_adx': False, 'adx_n': 2, 'adx_threshold': 59, 'en_structure_trend': False, 'structure_trend_swing_l': 20, 'en_order_block': True, 'order_block_swing_l': 18, 'en_fvg': False, 'fvg_lookback': 14, 'en_ifvg': False, 'en_breaker': False, 'breaker_swing_l': 5, 'en_cisd': True, 'k': 5, 'en_cap_bars': True, 'cap_1min': 1381}.
[I 2026-07-13 17:23:52,449] Trial 617 finished with values: [-208.98839162145464, -351.62022976255685, 51.65] and parameters: {'sl_soft': 1.124380577176661, 'sl_hard_delta': 0.09391430061437202, 'tp': 0.7864498609731989, 'gate_pct': 84.68288014900352, 'dd_limit': 208.93735973419433, 'cooldown': 23, 'flip': True, 'en_ema_trend': False, 'ema_trend_fast': 29, 'ema_trend_slow': 99, 'en_sma_trend': False, 'sma_trend_fast': 209, 'sma_trend_slow': 376, 'en_macd': True, 'macd_fast': 6, 'macd_slow': 124, 'macd_signal': 9, 'en_vwap': False, 'en_keltner': False, 'keltner_n': 49, 'keltner_m': 4.8, 'en_obv': True, 'obv_slope': 162, 'en_cci': True, 'cci_n': 91, 'cci_threshold': 50, 'en_rsi': False, 'rsi_n': 48, 'rsi_lower': 41, 'rsi_upper': 82, 'en_stochastic': False, 'stochastic_n': 80, 'stochastic_d': 34, 'stochastic_lower': 44, 'stochastic_upper': 70, 'en_mfi': True, 'mfi_n': 65, 'mfi_lower': 37, 'mfi_upper': 54, 'en_bollinger': True, 'bollinger_n': 178, 'bollinger_k': 3.8000000000000003, 'en_adx': False, 'adx_n': 2, 'adx_threshold': 5, 'en_structure_trend': True, 'structure_trend_swing_l': 10, 'en_order_block': False, 'order_block_swing_l': 1, 'en_fvg': False, 'fvg_lookback': 19, 'en_ifvg': False, 'en_breaker': False, 'breaker_swing_l': 5, 'en_cisd': False, 'k': 4, 'en_cap_bars': False, 'cap_1min': 504}.
[I 2026-07-13 17:23:53,978] Trial 618 finished with values: [-41.96903783506514, -742.971714756743, 39.2] and parameters: {'sl_soft': 0.8675024066470705, 'sl_hard_delta': 0.4218978700826674, 'tp': 1.9062213357503182, 'gate_pct': 58.77346993604095, 'dd_limit': 390.2569167971573, 'cooldown': 1, 'flip': True, 'en_ema_trend': True, 'ema_trend_fast': 317, 'ema_trend_slow': 334, 'en_sma_trend': False, 'sma_trend_fast': 285, 'sma_trend_slow': 300, 'en_macd': True, 'macd_fast': 80, 'macd_slow': 124, 'macd_signal': 22, 'en_vwap': True, 'en_keltner': True, 'keltner_n': 68, 'keltner_m': 0.9, 'en_obv': False, 'obv_slope': 170, 'en_cci': True, 'cci_n': 43, 'cci_threshold': 50, 'en_rsi': True, 'rsi_n': 15, 'rsi_lower': 23, 'rsi_upper': 71, 'en_stochastic': False, 'stochastic_n': 56, 'stochastic_d': 35, 'stochastic_lower': 40, 'stochastic_upper': 84, 'en_mfi': True, 'mfi_n': 97, 'mfi_lower': 12, 'mfi_upper': 76, 'en_bollinger': True, 'bollinger_n': 125, 'bollinger_k': 3.8000000000000003, 'en_adx': False, 'adx_n': 48, 'adx_threshold': 9, 'en_structure_trend': True, 'structure_trend_swing_l': 10, 'en_order_block': False, 'order_block_swing_l': 13, 'en_fvg': True, 'fvg_lookback': 14, 'en_ifvg': False, 'en_breaker': False, 'breaker_swing_l': 1, 'en_cisd': True, 'k': 1, 'en_cap_bars': False, 'cap_1min': 1416}.
[I 2026-07-13 17:23:55,066] Trial 619 finished with values: [62.48975101009364, -551.109282844709, 32.55] and parameters: {'sl_soft': 0.9976436795384156, 'sl_hard_delta': 0.21793918276339308, 'tp': 2.390195776514097, 'gate_pct': 84.68288014900352, 'dd_limit': 208.93735973419433, 'cooldown': 16, 'flip': True, 'en_ema_trend': True, 'ema_trend_fast': 236, 'ema_trend_slow': 90, 'en_sma_trend': False, 'sma_trend_fast': 266, 'sma_trend_slow': 304, 'en_macd': False, 'macd_fast': 6, 'macd_slow': 144, 'macd_signal': 26, 'en_vwap': True, 'en_keltner': False, 'keltner_n': 137, 'keltner_m': 0.5, 'en_obv': True, 'obv_slope': 8, 'en_cci': True, 'cci_n': 42, 'cci_threshold': 280, 'en_rsi': True, 'rsi_n': 74, 'rsi_lower': 23, 'rsi_upper': 59, 'en_stochastic': False, 'stochastic_n': 21, 'stochastic_d': 3, 'stochastic_lower': 28, 'stochastic_upper': 57, 'en_mfi': True, 'mfi_n': 53, 'mfi_lower': 37, 'mfi_upper': 86, 'en_bollinger': False, 'bollinger_n': 69, 'bollinger_k': 4.8, 'en_adx': True, 'adx_n': 48, 'adx_threshold': 9, 'en_structure_trend': False, 'structure_trend_swing_l': 10, 'en_order_block': False, 'order_block_swing_l': 14, 'en_fvg': False, 'fvg_lookback': 36, 'en_ifvg': False, 'en_breaker': False, 'breaker_swing_l': 3, 'en_cisd': False, 'k': 1, 'en_cap_bars': True, 'cap_1min': 1381}.
[I 2026-07-13 17:23:55,352] Trial 620 finished with values: [-128.3165658164421, -577.1442121408313, 43.5] and parameters: {'sl_soft': 1.2039899489702948, 'sl_hard_delta': 0.4218978700826674, 'tp': 1.9062213357503182, 'gate_pct': 26.991527672954163, 'dd_limit': 390.2569167971573, 'cooldown': 18, 'flip': True, 'en_ema_trend': False, 'ema_trend_fast': 317, 'ema_trend_slow': 38, 'en_sma_trend': False, 'sma_trend_fast': 285, 'sma_trend_slow': 304, 'en_macd': True, 'macd_fast': 80, 'macd_slow': 124, 'macd_signal': 9, 'en_vwap': True, 'en_keltner': False, 'keltner_n': 178, 'keltner_m': 4.5, 'en_obv': True, 'obv_slope': 162, 'en_cci': True, 'cci_n': 125, 'cci_threshold': 50, 'en_rsi': True, 'rsi_n': 15, 'rsi_lower': 23, 'rsi_upper': 71, 'en_stochastic': False, 'stochastic_n': 56, 'stochastic_d': 42, 'stochastic_lower': 44, 'stochastic_upper': 82, 'en_mfi': False, 'mfi_n': 97, 'mfi_lower': 37, 'mfi_upper': 76, 'en_bollinger': False, 'bollinger_n': 52, 'bollinger_k': 3.8000000000000003, 'en_adx': False, 'adx_n': 42, 'adx_threshold': 9, 'en_structure_trend': False, 'structure_trend_swing_l': 10, 'en_order_block': True, 'order_block_swing_l': 14, 'en_fvg': False, 'fvg_lookback': 50, 'en_ifvg': False, 'en_breaker': False, 'breaker_swing_l': 5, 'en_cisd': True, 'k': 1, 'en_cap_bars': False, 'cap_1min': 1416}.
[I 2026-07-13 17:23:55,740] Trial 621 finished with values: [594.2810776614238, -735.2737933249728, 49.25] and parameters: {'sl_soft': 1.4326423495393754, 'sl_hard_delta': 0.09391430061437202, 'tp': 2.249197437223498, 'gate_pct': 58.77346993604095, 'dd_limit': 439.4689893251477, 'cooldown': 1, 'flip': True, 'en_ema_trend': True, 'ema_trend_fast': 13, 'ema_trend_slow': 236, 'en_sma_trend': False, 'sma_trend_fast': 337, 'sma_trend_slow': 300, 'en_macd': True, 'macd_fast': 33, 'macd_slow': 124, 'macd_signal': 22, 'en_vwap': True, 'en_keltner': True, 'keltner_n': 178, 'keltner_m': 4.8, 'en_obv': False, 'obv_slope': 50, 'en_cci': False, 'cci_n': 32, 'cci_threshold': 40, 'en_rsi': True, 'rsi_n': 5, 'rsi_lower': 11, 'rsi_upper': 67, 'en_stochastic': False, 'stochastic_n': 80, 'stochastic_d': 35, 'stochastic_lower': 44, 'stochastic_upper': 74, 'en_mfi': True, 'mfi_n': 2, 'mfi_lower': 12, 'mfi_upper': 61, 'en_bollinger': True, 'bollinger_n': 52, 'bollinger_k': 2.8000000000000003, 'en_adx': False, 'adx_n': 48, 'adx_threshold': 44, 'en_structure_trend': False, 'structure_trend_swing_l': 20, 'en_order_block': False, 'order_block_swing_l': 9, 'en_fvg': False, 'fvg_lookback': 19, 'en_ifvg': False, 'en_breaker': True, 'breaker_swing_l': 5, 'en_cisd': True, 'k': 1, 'en_cap_bars': True, 'cap_1min': 1416}.
[I 2026-07-13 17:23:55,991] Trial 622 pruned. 
[I 2026-07-13 17:23:56,483] Trial 623 pruned. 
[I 2026-07-13 17:24:04,203] Trial 624 finished with values: [261.45938337944585, -645.0000000000045, 47.9] and parameters: {'sl_soft': 1.124380577176661, 'sl_hard_delta': 2.023878961662409, 'tp': 2.390195776514097, 'gate_pct': 81.43219065749138, 'dd_limit': 122.33756046500012, 'cooldown': 17, 'flip': True, 'en_ema_trend': True, 'ema_trend_fast': 17, 'ema_trend_slow': 132, 'en_sma_trend': False, 'sma_trend_fast': 271, 'sma_trend_slow': 396, 'en_macd': True, 'macd_fast': 56, 'macd_slow': 154, 'macd_signal': 9, 'en_vwap': True, 'en_keltner': False, 'keltner_n': 3, 'keltner_m': 3.9000000000000004, 'en_obv': True, 'obv_slope': 44, 'en_cci': True, 'cci_n': 156, 'cci_threshold': 280, 'en_rsi': False, 'rsi_n': 74, 'rsi_lower': 41, 'rsi_upper': 95, 'en_stochastic': False, 'stochastic_n': 25, 'stochastic_d': 34, 'stochastic_lower': 40, 'stochastic_upper': 53, 'en_mfi': False, 'mfi_n': 2, 'mfi_lower': 20, 'mfi_upper': 83, 'en_bollinger': False, 'bollinger_n': 96, 'bollinger_k': 3.8000000000000003, 'en_adx': True, 'adx_n': 19, 'adx_threshold': 9, 'en_structure_trend': True, 'structure_trend_swing_l': 10, 'en_order_block': False, 'order_block_swing_l': 9, 'en_fvg': True, 'fvg_lookback': 25, 'en_ifvg': False, 'en_breaker': False, 'breaker_swing_l': 1, 'en_cisd': True, 'k': 2, 'en_cap_bars': True, 'cap_1min': 652}.
[I 2026-07-13 17:24:04,418] Trial 625 pruned. 
[I 2026-07-13 17:24:04,856] Trial 626 finished with values: [459.5220174149631, -2203.680277117587, 43.5] and parameters: {'sl_soft': 1.4326423495393754, 'sl_hard_delta': 0.09391430061437202, 'tp': 2.249197437223498, 'gate_pct': 74.64771504966384, 'dd_limit': 439.4689893251477, 'cooldown': 1, 'flip': True, 'en_ema_trend': True, 'ema_trend_fast': 13, 'ema_trend_slow': 112, 'en_sma_trend': False, 'sma_trend_fast': 337, 'sma_trend_slow': 300, 'en_macd': True, 'macd_fast': 33, 'macd_slow': 124, 'macd_signal': 22, 'en_vwap': True, 'en_keltner': True, 'keltner_n': 178, 'keltner_m': 4.8, 'en_obv': False, 'obv_slope': 50, 'en_cci': False, 'cci_n': 32, 'cci_threshold': 40, 'en_rsi': True, 'rsi_n': 5, 'rsi_lower': 11, 'rsi_upper': 94, 'en_stochastic': False, 'stochastic_n': 80, 'stochastic_d': 35, 'stochastic_lower': 44, 'stochastic_upper': 74, 'en_mfi': True, 'mfi_n': 2, 'mfi_lower': 12, 'mfi_upper': 61, 'en_bollinger': True, 'bollinger_n': 52, 'bollinger_k': 2.8000000000000003, 'en_adx': False, 'adx_n': 48, 'adx_threshold': 44, 'en_structure_trend': False, 'structure_trend_swing_l': 20, 'en_order_block': False, 'order_block_swing_l': 9, 'en_fvg': False, 'fvg_lookback': 19, 'en_ifvg': False, 'en_breaker': False, 'breaker_swing_l': 5, 'en_cisd': True, 'k': 1, 'en_cap_bars': True, 'cap_1min': 1416}.
[I 2026-07-13 17:24:07,040] Trial 627 finished with values: [-174.70595028431717, -430.49021117428765, 31.0] and parameters: {'sl_soft': 1.124380577176661, 'sl_hard_delta': 2.023878961662409, 'tp': 2.390195776514097, 'gate_pct': 26.991527672954163, 'dd_limit': 390.2569167971573, 'cooldown': 26, 'flip': True, 'en_ema_trend': False, 'ema_trend_fast': 317, 'ema_trend_slow': 8, 'en_sma_trend': False, 'sma_trend_fast': 285, 'sma_trend_slow': 304, 'en_macd': True, 'macd_fast': 49, 'macd_slow': 47, 'macd_signal': 9, 'en_vwap': True, 'en_keltner': False, 'keltner_n': 77, 'keltner_m': 3.9000000000000004, 'en_obv': True, 'obv_slope': 168, 'en_cci': True, 'cci_n': 2, 'cci_threshold': 50, 'en_rsi': True, 'rsi_n': 15, 'rsi_lower': 13, 'rsi_upper': 57, 'en_stochastic': False, 'stochastic_n': 89, 'stochastic_d': 36, 'stochastic_lower': 33, 'stochastic_upper': 77, 'en_mfi': False, 'mfi_n': 97, 'mfi_lower': 20, 'mfi_upper': 76, 'en_bollinger': True, 'bollinger_n': 178, 'bollinger_k': 3.8000000000000003, 'en_adx': False, 'adx_n': 19, 'adx_threshold': 9, 'en_structure_trend': True, 'structure_trend_swing_l': 1, 'en_order_block': True, 'order_block_swing_l': 18, 'en_fvg': False, 'fvg_lookback': 50, 'en_ifvg': False, 'en_breaker': True, 'breaker_swing_l': 3, 'en_cisd': True, 'k': 1, 'en_cap_bars': False, 'cap_1min': 1381}.
[I 2026-07-13 17:24:07,341] Trial 628 finished with values: [382.5063327020075, -426.4032072268037, 48.1] and parameters: {'sl_soft': 1.124380577176661, 'sl_hard_delta': 0.09391430061437202, 'tp': 2.1925639368831504, 'gate_pct': 26.991527672954163, 'dd_limit': 439.4689893251477, 'cooldown': 1, 'flip': True, 'en_ema_trend': False, 'ema_trend_fast': 13, 'ema_trend_slow': 99, 'en_sma_trend': False, 'sma_trend_fast': 164, 'sma_trend_slow': 308, 'en_macd': True, 'macd_fast': 80, 'macd_slow': 124, 'macd_signal': 9, 'en_vwap': False, 'en_keltner': False, 'keltner_n': 77, 'keltner_m': 4.8, 'en_obv': True, 'obv_slope': 44, 'en_cci': True, 'cci_n': 39, 'cci_threshold': 50, 'en_rsi': True, 'rsi_n': 48, 'rsi_lower': 41, 'rsi_upper': 82, 'en_stochastic': False, 'stochastic_n': 80, 'stochastic_d': 34, 'stochastic_lower': 44, 'stochastic_upper': 53, 'en_mfi': False, 'mfi_n': 2, 'mfi_lower': 37, 'mfi_upper': 62, 'en_bollinger': False, 'bollinger_n': 178, 'bollinger_k': 3.8000000000000003, 'en_adx': False, 'adx_n': 51, 'adx_threshold': 5, 'en_structure_trend': True, 'structure_trend_swing_l': 10, 'en_order_block': True, 'order_block_swing_l': 9, 'en_fvg': False, 'fvg_lookback': 19, 'en_ifvg': False, 'en_breaker': False, 'breaker_swing_l': 5, 'en_cisd': True, 'k': 4, 'en_cap_bars': False, 'cap_1min': 1381}.
[I 2026-07-13 17:24:08,228] Trial 629 finished with values: [1116.9457901904934, -411.27094251305607, 49.0] and parameters: {'sl_soft': 0.9976436795384156, 'sl_hard_delta': 0.37325946217175326, 'tp': 2.390195776514097, 'gate_pct': 84.68288014900352, 'dd_limit': 208.93735973419433, 'cooldown': 23, 'flip': True, 'en_ema_trend': False, 'ema_trend_fast': 29, 'ema_trend_slow': 196, 'en_sma_trend': False, 'sma_trend_fast': 128, 'sma_trend_slow': 376, 'en_macd': True, 'macd_fast': 6, 'macd_slow': 64, 'macd_signal': 13, 'en_vwap': False, 'en_keltner': True, 'keltner_n': 49, 'keltner_m': 4.5, 'en_obv': True, 'obv_slope': 162, 'en_cci': False, 'cci_n': 91, 'cci_threshold': 280, 'en_rsi': False, 'rsi_n': 74, 'rsi_lower': 38, 'rsi_upper': 63, 'en_stochastic': False, 'stochastic_n': 25, 'stochastic_d': 31, 'stochastic_lower': 44, 'stochastic_upper': 70, 'en_mfi': True, 'mfi_n': 65, 'mfi_lower': 49, 'mfi_upper': 54, 'en_bollinger': True, 'bollinger_n': 186, 'bollinger_k': 4.7, 'en_adx': True, 'adx_n': 31, 'adx_threshold': 12, 'en_structure_trend': True, 'structure_trend_swing_l': 17, 'en_order_block': False, 'order_block_swing_l': 1, 'en_fvg': True, 'fvg_lookback': 45, 'en_ifvg': False, 'en_breaker': False, 'breaker_swing_l': 18, 'en_cisd': False, 'k': 3, 'en_cap_bars': False, 'cap_1min': 1165}.
[I 2026-07-13 17:24:10,238] Trial 630 finished with values: [107.6363841970533, -597.1295695308186, 37.75] and parameters: {'sl_soft': 1.124380577176661, 'sl_hard_delta': 0.09391430061437202, 'tp': 2.1925639368831504, 'gate_pct': 81.43219065749138, 'dd_limit': 439.4689893251477, 'cooldown': 1, 'flip': True, 'en_ema_trend': True, 'ema_trend_fast': 17, 'ema_trend_slow': 38, 'en_sma_trend': False, 'sma_trend_fast': 164, 'sma_trend_slow': 396, 'en_macd': True, 'macd_fast': 25, 'macd_slow': 53, 'macd_signal': 67, 'en_vwap': True, 'en_keltner': True, 'keltner_n': 77, 'keltner_m': 3.9000000000000004, 'en_obv': True, 'obv_slope': 44, 'en_cci': True, 'cci_n': 156, 'cci_threshold': 55, 'en_rsi': True, 'rsi_n': 48, 'rsi_lower': 41, 'rsi_upper': 95, 'en_stochastic': False, 'stochastic_n': 80, 'stochastic_d': 34, 'stochastic_lower': 44, 'stochastic_upper': 53, 'en_mfi': True, 'mfi_n': 2, 'mfi_lower': 20, 'mfi_upper': 76, 'en_bollinger': False, 'bollinger_n': 104, 'bollinger_k': 2.1, 'en_adx': True, 'adx_n': 19, 'adx_threshold': 5, 'en_structure_trend': True, 'structure_trend_swing_l': 17, 'en_order_block': False, 'order_block_swing_l': 9, 'en_fvg': False, 'fvg_lookback': 28, 'en_ifvg': False, 'en_breaker': False, 'breaker_swing_l': 1, 'en_cisd': True, 'k': 4, 'en_cap_bars': True, 'cap_1min': 652}.
[I 2026-07-13 17:24:11,602] Trial 631 finished with values: [72.06969525421982, -229.16773697830877, 38.2] and parameters: {'sl_soft': 1.124380577176661, 'sl_hard_delta': 0.02145810771492437, 'tp': 2.390195776514097, 'gate_pct': 42.37120833684469, 'dd_limit': 122.33756046500012, 'cooldown': 26, 'flip': True, 'en_ema_trend': False, 'ema_trend_fast': 317, 'ema_trend_slow': 38, 'en_sma_trend': False, 'sma_trend_fast': 285, 'sma_trend_slow': 304, 'en_macd': False, 'macd_fast': 56, 'macd_slow': 154, 'macd_signal': 9, 'en_vwap': True, 'en_keltner': False, 'keltner_n': 77, 'keltner_m': 0.5, 'en_obv': True, 'obv_slope': 162, 'en_cci': True, 'cci_n': 156, 'cci_threshold': 280, 'en_rsi': True, 'rsi_n': 74, 'rsi_lower': 18, 'rsi_upper': 82, 'en_stochastic': False, 'stochastic_n': 25, 'stochastic_d': 9, 'stochastic_lower': 2, 'stochastic_upper': 63, 'en_mfi': False, 'mfi_n': 97, 'mfi_lower': 20, 'mfi_upper': 83, 'en_bollinger': False, 'bollinger_n': 178, 'bollinger_k': 3.8000000000000003, 'en_adx': False, 'adx_n': 19, 'adx_threshold': 12, 'en_structure_trend': True, 'structure_trend_swing_l': 10, 'en_order_block': False, 'order_block_swing_l': 8, 'en_fvg': True, 'fvg_lookback': 50, 'en_ifvg': False, 'en_breaker': True, 'breaker_swing_l': 18, 'en_cisd': True, 'k': 2, 'en_cap_bars': True, 'cap_1min': 652}.
[I 2026-07-13 17:24:14,130] Trial 632 finished with values: [117.72568034097048, -348.4712179036251, 51.75] and parameters: {'sl_soft': 1.2979586805955017, 'sl_hard_delta': 0.4218978700826674, 'tp': 1.674857472998817, 'gate_pct': 84.68288014900352, 'dd_limit': 208.93735973419433, 'cooldown': 16, 'flip': True, 'en_ema_trend': False, 'ema_trend_fast': 29, 'ema_trend_slow': 84, 'en_sma_trend': False, 'sma_trend_fast': 29, 'sma_trend_slow': 171, 'en_macd': True, 'macd_fast': 38, 'macd_slow': 167, 'macd_signal': 50, 'en_vwap': True, 'en_keltner': True, 'keltner_n': 54, 'keltner_m': 4.8, 'en_obv': True, 'obv_slope': 145, 'en_cci': False, 'cci_n': 23, 'cci_threshold': 280, 'en_rsi': False, 'rsi_n': 54, 'rsi_lower': 15, 'rsi_upper': 58, 'en_stochastic': False, 'stochastic_n': 88, 'stochastic_d': 34, 'stochastic_lower': 44, 'stochastic_upper': 57, 'en_mfi': True, 'mfi_n': 65, 'mfi_lower': 20, 'mfi_upper': 88, 'en_bollinger': True, 'bollinger_n': 62, 'bollinger_k': 4.7, 'en_adx': True, 'adx_n': 33, 'adx_threshold': 11, 'en_structure_trend': True, 'structure_trend_swing_l': 19, 'en_order_block': True, 'order_block_swing_l': 12, 'en_fvg': True, 'fvg_lookback': 36, 'en_ifvg': False, 'en_breaker': False, 'breaker_swing_l': 1, 'en_cisd': False, 'k': 3, 'en_cap_bars': False, 'cap_1min': 1416}.
[I 2026-07-13 17:24:14,424] Trial 633 pruned. 
[I 2026-07-13 17:24:15,003] Trial 634 pruned. 
[I 2026-07-13 17:24:16,906] Trial 635 finished with values: [198.63437205236778, -429.342153380685, 49.7] and parameters: {'sl_soft': 1.124380577176661, 'sl_hard_delta': 0.02145810771492437, 'tp': 1.2908052877716663, 'gate_pct': 74.50813821223942, 'dd_limit': 390.2569167971573, 'cooldown': 26, 'flip': True, 'en_ema_trend': False, 'ema_trend_fast': 317, 'ema_trend_slow': 93, 'en_sma_trend': True, 'sma_trend_fast': 142, 'sma_trend_slow': 384, 'en_macd': True, 'macd_fast': 80, 'macd_slow': 47, 'macd_signal': 9, 'en_vwap': True, 'en_keltner': False, 'keltner_n': 178, 'keltner_m': 0.5, 'en_obv': False, 'obv_slope': 44, 'en_cci': True, 'cci_n': 125, 'cci_threshold': 40, 'en_rsi': True, 'rsi_n': 5, 'rsi_lower': 41, 'rsi_upper': 91, 'en_stochastic': False, 'stochastic_n': 8, 'stochastic_d': 7, 'stochastic_lower': 2, 'stochastic_upper': 77, 'en_mfi': True, 'mfi_n': 26, 'mfi_lower': 40, 'mfi_upper': 76, 'en_bollinger': True, 'bollinger_n': 178, 'bollinger_k': 2.6, 'en_adx': False, 'adx_n': 2, 'adx_threshold': 9, 'en_structure_trend': True, 'structure_trend_swing_l': 10, 'en_order_block': True, 'order_block_swing_l': 11, 'en_fvg': False, 'fvg_lookback': 19, 'en_ifvg': True, 'en_breaker': False, 'breaker_swing_l': 19, 'en_cisd': True, 'k': 1, 'en_cap_bars': False, 'cap_1min': 1381}.
[I 2026-07-13 17:24:17,275] Trial 636 finished with values: [333.78212287679503, -229.1677369782974, 51.65] and parameters: {'sl_soft': 1.124380577176661, 'sl_hard_delta': 0.02145810771492437, 'tp': 1.9062213357503182, 'gate_pct': 26.991527672954163, 'dd_limit': 390.2569167971573, 'cooldown': 26, 'flip': True, 'en_ema_trend': False, 'ema_trend_fast': 317, 'ema_trend_slow': 38, 'en_sma_trend': False, 'sma_trend_fast': 285, 'sma_trend_slow': 304, 'en_macd': True, 'macd_fast': 80, 'macd_slow': 47, 'macd_signal': 9, 'en_vwap': True, 'en_keltner': False, 'keltner_n': 77, 'keltner_m': 0.5, 'en_obv': True, 'obv_slope': 44, 'en_cci': True, 'cci_n': 125, 'cci_threshold': 50, 'en_rsi': True, 'rsi_n': 15, 'rsi_lower': 41, 'rsi_upper': 82, 'en_stochastic': False, 'stochastic_n': 89, 'stochastic_d': 3, 'stochastic_lower': 2, 'stochastic_upper': 77, 'en_mfi': False, 'mfi_n': 97, 'mfi_lower': 37, 'mfi_upper': 76, 'en_bollinger': False, 'bollinger_n': 178, 'bollinger_k': 3.8000000000000003, 'en_adx': False, 'adx_n': 2, 'adx_threshold': 9, 'en_structure_trend': True, 'structure_trend_swing_l': 10, 'en_order_block': True, 'order_block_swing_l': 14, 'en_fvg': False, 'fvg_lookback': 50, 'en_ifvg': False, 'en_breaker': False, 'breaker_swing_l': 3, 'en_cisd': True, 'k': 1, 'en_cap_bars': False, 'cap_1min': 1381}.
[I 2026-07-13 17:24:17,470] Trial 637 pruned. 
