[I 2026-07-13 16:53:04,541] Trial 303 finished with values: [1150.3020131040557, -2146.182700866723, 25.299999999999997] and parameters: {'sl_soft': 1.4789310739311843, 'sl_hard_delta': 0.47861910073547576, 'tp': 12.750933905166367, 'gate_pct': 86.68863637915473, 'dd_limit': 379.61887235308626, 'cooldown': 1, 'flip': False, 'en_ema_trend': False, 'ema_trend_fast': 121, 'ema_trend_slow': 364, 'en_sma_trend': False, 'sma_trend_fast': 382, 'sma_trend_slow': 121, 'en_macd': False, 'macd_fast': 6, 'macd_slow': 18, 'macd_signal': 10, 'en_vwap': False, 'en_keltner': True, 'keltner_n': 177, 'keltner_m': 1.5, 'en_obv': False, 'obv_slope': 36, 'en_cci': True, 'cci_n': 27, 'cci_threshold': 85, 'en_rsi': True, 'rsi_n': 49, 'rsi_lower': 23, 'rsi_upper': 94, 'en_stochastic': True, 'stochastic_n': 40, 'stochastic_d': 40, 'stochastic_lower': 3, 'stochastic_upper': 87, 'en_mfi': True, 'mfi_n': 45, 'mfi_lower': 31, 'mfi_upper': 58, 'en_bollinger': True, 'bollinger_n': 125, 'bollinger_k': 2.9000000000000004, 'en_adx': False, 'adx_n': 6, 'adx_threshold': 43, 'en_structure_trend': False, 'structure_trend_swing_l': 19, 'en_order_block': False, 'order_block_swing_l': 20, 'en_fvg': False, 'fvg_lookback': 29, 'en_ifvg': True, 'en_breaker': True, 'breaker_swing_l': 8, 'en_cisd': True, 'k': 1, 'en_cap_bars': True, 'cap_1min': 260}.
[I 2026-07-13 16:53:10,849] Trial 304 finished with values: [174.65985957817338, -814.9999999999864, 35.150000000000006] and parameters: {'sl_soft': 2.039524517514726, 'sl_hard_delta': 4.9268828148561425, 'tp': 12.750933905166367, 'gate_pct': 96.7516051221724, 'dd_limit': 388.6442032455649, 'cooldown': 3, 'flip': True, 'en_ema_trend': False, 'ema_trend_fast': 121, 'ema_trend_slow': 364, 'en_sma_trend': False, 'sma_trend_fast': 45, 'sma_trend_slow': 14, 'en_macd': False, 'macd_fast': 52, 'macd_slow': 18, 'macd_signal': 45, 'en_vwap': False, 'en_keltner': False, 'keltner_n': 46, 'keltner_m': 0.9, 'en_obv': False, 'obv_slope': 7, 'en_cci': True, 'cci_n': 43, 'cci_threshold': 60, 'en_rsi': True, 'rsi_n': 95, 'rsi_lower': 38, 'rsi_upper': 94, 'en_stochastic': True, 'stochastic_n': 86, 'stochastic_d': 14, 'stochastic_lower': 40, 'stochastic_upper': 87, 'en_mfi': True, 'mfi_n': 45, 'mfi_lower': 16, 'mfi_upper': 61, 'en_bollinger': True, 'bollinger_n': 125, 'bollinger_k': 2.9000000000000004, 'en_adx': False, 'adx_n': 31, 'adx_threshold': 26, 'en_structure_trend': False, 'structure_trend_swing_l': 17, 'en_order_block': False, 'order_block_swing_l': 14, 'en_fvg': False, 'fvg_lookback': 14, 'en_ifvg': True, 'en_breaker': True, 'breaker_swing_l': 15, 'en_cisd': False, 'k': 4, 'en_cap_bars': True, 'cap_1min': 85}.
[I 2026-07-13 16:53:15,081] Trial 305 finished with values: [1872.966952583164, -1835.0000000000136, 32.05] and parameters: {'sl_soft': 3.1119944064465646, 'sl_hard_delta': 9.45107901556538, 'tp': 12.750933905166367, 'gate_pct': 98.24909449748954, 'dd_limit': 324.55645790818636, 'cooldown': 3, 'flip': False, 'en_ema_trend': True, 'ema_trend_fast': 174, 'ema_trend_slow': 364, 'en_sma_trend': False, 'sma_trend_fast': 109, 'sma_trend_slow': 14, 'en_macd': True, 'macd_fast': 52, 'macd_slow': 172, 'macd_signal': 64, 'en_vwap': True, 'en_keltner': True, 'keltner_n': 68, 'keltner_m': 1.7000000000000002, 'en_obv': True, 'obv_slope': 7, 'en_cci': True, 'cci_n': 188, 'cci_threshold': 115, 'en_rsi': True, 'rsi_n': 95, 'rsi_lower': 8, 'rsi_upper': 94, 'en_stochastic': False, 'stochastic_n': 27, 'stochastic_d': 40, 'stochastic_lower': 12, 'stochastic_upper': 87, 'en_mfi': False, 'mfi_n': 45, 'mfi_lower': 16, 'mfi_upper': 85, 'en_bollinger': True, 'bollinger_n': 125, 'bollinger_k': 2.9000000000000004, 'en_adx': False, 'adx_n': 20, 'adx_threshold': 30, 'en_structure_trend': True, 'structure_trend_swing_l': 19, 'en_order_block': False, 'order_block_swing_l': 14, 'en_fvg': False, 'fvg_lookback': 14, 'en_ifvg': True, 'en_breaker': True, 'breaker_swing_l': 3, 'en_cisd': True, 'k': 1, 'en_cap_bars': True, 'cap_1min': 929}.
[I 2026-07-13 16:53:19,016] Trial 306 finished with values: [477.9333507878391, -3101.595015633916, 43.35] and parameters: {'sl_soft': 6.010910919467455, 'sl_hard_delta': 7.744153798309044, 'tp': 11.556033229107435, 'gate_pct': 76.56167334259206, 'dd_limit': 383.02824156061456, 'cooldown': 2, 'flip': True, 'en_ema_trend': True, 'ema_trend_fast': 271, 'ema_trend_slow': 250, 'en_sma_trend': False, 'sma_trend_fast': 292, 'sma_trend_slow': 163, 'en_macd': True, 'macd_fast': 80, 'macd_slow': 190, 'macd_signal': 1, 'en_vwap': False, 'en_keltner': True, 'keltner_n': 73, 'keltner_m': 4.6000000000000005, 'en_obv': False, 'obv_slope': 169, 'en_cci': True, 'cci_n': 88, 'cci_threshold': 55, 'en_rsi': True, 'rsi_n': 33, 'rsi_lower': 38, 'rsi_upper': 87, 'en_stochastic': False, 'stochastic_n': 5, 'stochastic_d': 12, 'stochastic_lower': 2, 'stochastic_upper': 52, 'en_mfi': True, 'mfi_n': 55, 'mfi_lower': 28, 'mfi_upper': 72, 'en_bollinger': True, 'bollinger_n': 118, 'bollinger_k': 4.9, 'en_adx': False, 'adx_n': 81, 'adx_threshold': 19, 'en_structure_trend': True, 'structure_trend_swing_l': 18, 'en_order_block': True, 'order_block_swing_l': 3, 'en_fvg': True, 'fvg_lookback': 3, 'en_ifvg': False, 'en_breaker': False, 'breaker_swing_l': 5, 'en_cisd': False, 'k': 4, 'en_cap_bars': True, 'cap_1min': 736}.
[I 2026-07-13 16:53:29,245] Trial 307 finished with values: [95.17843435377245, -1528.8314972148783, 32.95] and parameters: {'sl_soft': 1.4789310739311843, 'sl_hard_delta': 1.2665708694287057, 'tp': 4.4104709148058445, 'gate_pct': 53.84741825883083, 'dd_limit': 393.1730945240937, 'cooldown': 1, 'flip': True, 'en_ema_trend': True, 'ema_trend_fast': 324, 'ema_trend_slow': 311, 'en_sma_trend': True, 'sma_trend_fast': 382, 'sma_trend_slow': 120, 'en_macd': True, 'macd_fast': 47, 'macd_slow': 54, 'macd_signal': 10, 'en_vwap': True, 'en_keltner': True, 'keltner_n': 155, 'keltner_m': 1.6, 'en_obv': True, 'obv_slope': 2, 'en_cci': False, 'cci_n': 110, 'cci_threshold': 195, 'en_rsi': True, 'rsi_n': 63, 'rsi_lower': 23, 'rsi_upper': 83, 'en_stochastic': True, 'stochastic_n': 11, 'stochastic_d': 7, 'stochastic_lower': 13, 'stochastic_upper': 53, 'en_mfi': False, 'mfi_n': 9, 'mfi_lower': 31, 'mfi_upper': 58, 'en_bollinger': True, 'bollinger_n': 83, 'bollinger_k': 4.5, 'en_adx': False, 'adx_n': 6, 'adx_threshold': 55, 'en_structure_trend': False, 'structure_trend_swing_l': 17, 'en_order_block': False, 'order_block_swing_l': 3, 'en_fvg': False, 'fvg_lookback': 19, 'en_ifvg': False, 'en_breaker': False, 'breaker_swing_l': 11, 'en_cisd': True, 'k': 3, 'en_cap_bars': True, 'cap_1min': 914}.
[I 2026-07-13 16:53:29,476] Trial 308 finished with values: [-413.2503327968948, -751.3501788759299, 45.5] and parameters: {'sl_soft': 2.588282143197288, 'sl_hard_delta': 0.22063648392422866, 'tp': 2.317713406165749, 'gate_pct': 58.593360310661346, 'dd_limit': 238.1085491421743, 'cooldown': 0, 'flip': False, 'en_ema_trend': False, 'ema_trend_fast': 274, 'ema_trend_slow': 223, 'en_sma_trend': True, 'sma_trend_fast': 58, 'sma_trend_slow': 222, 'en_macd': True, 'macd_fast': 52, 'macd_slow': 155, 'macd_signal': 94, 'en_vwap': False, 'en_keltner': True, 'keltner_n': 96, 'keltner_m': 2.7, 'en_obv': False, 'obv_slope': 78, 'en_cci': False, 'cci_n': 86, 'cci_threshold': 50, 'en_rsi': True, 'rsi_n': 17, 'rsi_lower': 5, 'rsi_upper': 72, 'en_stochastic': False, 'stochastic_n': 84, 'stochastic_d': 29, 'stochastic_lower': 22, 'stochastic_upper': 68, 'en_mfi': True, 'mfi_n': 10, 'mfi_lower': 2, 'mfi_upper': 56, 'en_bollinger': True, 'bollinger_n': 128, 'bollinger_k': 4.9, 'en_adx': False, 'adx_n': 5, 'adx_threshold': 10, 'en_structure_trend': False, 'structure_trend_swing_l': 6, 'en_order_block': False, 'order_block_swing_l': 1, 'en_fvg': False, 'fvg_lookback': 19, 'en_ifvg': True, 'en_breaker': False, 'breaker_swing_l': 4, 'en_cisd': True, 'k': 4, 'en_cap_bars': False, 'cap_1min': 1260}.
[I 2026-07-13 16:53:40,160] Trial 309 finished with values: [-93.26929303963425, -1645.2883592482067, 48.7] and parameters: {'sl_soft': 6.089776341025201, 'sl_hard_delta': 9.442953236169165, 'tp': 7.694232815035844, 'gate_pct': 90.0783114706916, 'dd_limit': 241.42955722086123, 'cooldown': 3, 'flip': False, 'en_ema_trend': True, 'ema_trend_fast': 324, 'ema_trend_slow': 305, 'en_sma_trend': True, 'sma_trend_fast': 95, 'sma_trend_slow': 134, 'en_macd': True, 'macd_fast': 47, 'macd_slow': 193, 'macd_signal': 59, 'en_vwap': False, 'en_keltner': False, 'keltner_n': 3, 'keltner_m': 1.6, 'en_obv': True, 'obv_slope': 38, 'en_cci': False, 'cci_n': 110, 'cci_threshold': 195, 'en_rsi': True, 'rsi_n': 63, 'rsi_lower': 3, 'rsi_upper': 61, 'en_stochastic': True, 'stochastic_n': 9, 'stochastic_d': 10, 'stochastic_lower': 13, 'stochastic_upper': 92, 'en_mfi': True, 'mfi_n': 67, 'mfi_lower': 24, 'mfi_upper': 90, 'en_bollinger': False, 'bollinger_n': 83, 'bollinger_k': 3.0, 'en_adx': False, 'adx_n': 77, 'adx_threshold': 32, 'en_structure_trend': True, 'structure_trend_swing_l': 9, 'en_order_block': False, 'order_block_swing_l': 3, 'en_fvg': True, 'fvg_lookback': 20, 'en_ifvg': False, 'en_breaker': False, 'breaker_swing_l': 20, 'en_cisd': False, 'k': 3, 'en_cap_bars': False, 'cap_1min': 914}.
[I 2026-07-13 16:53:40,618] Trial 310 finished with values: [-526.9155988780767, -1889.5312780027325, 45.0] and parameters: {'sl_soft': 4.35931367444554, 'sl_hard_delta': 6.659812286841652, 'tp': 5.1761668004110115, 'gate_pct': 62.75122947526989, 'dd_limit': 413.1031355436915, 'cooldown': 3, 'flip': False, 'en_ema_trend': False, 'ema_trend_fast': 88, 'ema_trend_slow': 196, 'en_sma_trend': False, 'sma_trend_fast': 128, 'sma_trend_slow': 396, 'en_macd': False, 'macd_fast': 56, 'macd_slow': 150, 'macd_signal': 14, 'en_vwap': False, 'en_keltner': True, 'keltner_n': 43, 'keltner_m': 3.9000000000000004, 'en_obv': True, 'obv_slope': 180, 'en_cci': True, 'cci_n': 48, 'cci_threshold': 240, 'en_rsi': False, 'rsi_n': 36, 'rsi_lower': 38, 'rsi_upper': 95, 'en_stochastic': False, 'stochastic_n': 16, 'stochastic_d': 31, 'stochastic_lower': 47, 'stochastic_upper': 97, 'en_mfi': False, 'mfi_n': 65, 'mfi_lower': 23, 'mfi_upper': 74, 'en_bollinger': True, 'bollinger_n': 24, 'bollinger_k': 4.7, 'en_adx': True, 'adx_n': 19, 'adx_threshold': 12, 'en_structure_trend': False, 'structure_trend_swing_l': 13, 'en_order_block': False, 'order_block_swing_l': 19, 'en_fvg': True, 'fvg_lookback': 7, 'en_ifvg': False, 'en_breaker': False, 'breaker_swing_l': 18, 'en_cisd': True, 'k': 3, 'en_cap_bars': False, 'cap_1min': 412}.
[I 2026-07-13 16:53:40,960] Trial 311 finished with values: [41.370810272223935, -1822.834880087521, 37.5] and parameters: {'sl_soft': 6.189604991841034, 'sl_hard_delta': 1.5887438090344441, 'tp': 10.602882503159957, 'gate_pct': 76.46240503280777, 'dd_limit': 162.39650823726745, 'cooldown': 3, 'flip': False, 'en_ema_trend': False, 'ema_trend_fast': 250, 'ema_trend_slow': 301, 'en_sma_trend': False, 'sma_trend_fast': 173, 'sma_trend_slow': 229, 'en_macd': False, 'macd_fast': 73, 'macd_slow': 109, 'macd_signal': 18, 'en_vwap': True, 'en_keltner': True, 'keltner_n': 154, 'keltner_m': 4.4, 'en_obv': False, 'obv_slope': 186, 'en_cci': False, 'cci_n': 184, 'cci_threshold': 45, 'en_rsi': True, 'rsi_n': 67, 'rsi_lower': 18, 'rsi_upper': 82, 'en_stochastic': False, 'stochastic_n': 3, 'stochastic_d': 42, 'stochastic_lower': 27, 'stochastic_upper': 97, 'en_mfi': False, 'mfi_n': 49, 'mfi_lower': 28, 'mfi_upper': 93, 'en_bollinger': False, 'bollinger_n': 63, 'bollinger_k': 1.6, 'en_adx': False, 'adx_n': 88, 'adx_threshold': 55, 'en_structure_trend': False, 'structure_trend_swing_l': 10, 'en_order_block': False, 'order_block_swing_l': 4, 'en_fvg': False, 'fvg_lookback': 48, 'en_ifvg': True, 'en_breaker': True, 'breaker_swing_l': 1, 'en_cisd': False, 'k': 5, 'en_cap_bars': True, 'cap_1min': 706}.
[I 2026-07-13 16:53:41,980] Trial 312 pruned. 
[I 2026-07-13 16:53:43,667] Trial 313 finished with values: [181.0250474758277, -969.9999999999591, 26.4] and parameters: {'sl_soft': 1.519537552157959, 'sl_hard_delta': 6.758547117779633, 'tp': 8.385250474758445, 'gate_pct': 61.169672271623824, 'dd_limit': 108.94045641102088, 'cooldown': 4, 'flip': False, 'en_ema_trend': False, 'ema_trend_fast': 134, 'ema_trend_slow': 279, 'en_sma_trend': False, 'sma_trend_fast': 143, 'sma_trend_slow': 340, 'en_macd': True, 'macd_fast': 9, 'macd_slow': 139, 'macd_signal': 93, 'en_vwap': True, 'en_keltner': False, 'keltner_n': 135, 'keltner_m': 4.1, 'en_obv': True, 'obv_slope': 134, 'en_cci': True, 'cci_n': 172, 'cci_threshold': 255, 'en_rsi': True, 'rsi_n': 94, 'rsi_lower': 24, 'rsi_upper': 51, 'en_stochastic': False, 'stochastic_n': 98, 'stochastic_d': 42, 'stochastic_lower': 34, 'stochastic_upper': 75, 'en_mfi': True, 'mfi_n': 94, 'mfi_lower': 11, 'mfi_upper': 58, 'en_bollinger': True, 'bollinger_n': 76, 'bollinger_k': 4.300000000000001, 'en_adx': False, 'adx_n': 60, 'adx_threshold': 52, 'en_structure_trend': False, 'structure_trend_swing_l': 1, 'en_order_block': False, 'order_block_swing_l': 1, 'en_fvg': True, 'fvg_lookback': 20, 'en_ifvg': False, 'en_breaker': False, 'breaker_swing_l': 19, 'en_cisd': True, 'k': 3, 'en_cap_bars': False, 'cap_1min': 504}.
[I 2026-07-13 16:53:44,937] Trial 314 pruned. 
[I 2026-07-13 16:53:50,577] Trial 315 finished with values: [-76.31509059629593, -5042.268530685328, 57.05] and parameters: {'sl_soft': 6.526963326076468, 'sl_hard_delta': 2.0040148828926703, 'tp': 5.276190053891987, 'gate_pct': 97.52011350142476, 'dd_limit': 60.80016338531003, 'cooldown': 1, 'flip': True, 'en_ema_trend': False, 'ema_trend_fast': 269, 'ema_trend_slow': 192, 'en_sma_trend': True, 'sma_trend_fast': 232, 'sma_trend_slow': 138, 'en_macd': False, 'macd_fast': 98, 'macd_slow': 21, 'macd_signal': 24, 'en_vwap': False, 'en_keltner': True, 'keltner_n': 160, 'keltner_m': 3.9000000000000004, 'en_obv': True, 'obv_slope': 107, 'en_cci': False, 'cci_n': 23, 'cci_threshold': 105, 'en_rsi': False, 'rsi_n': 9, 'rsi_lower': 29, 'rsi_upper': 90, 'en_stochastic': False, 'stochastic_n': 67, 'stochastic_d': 3, 'stochastic_lower': 11, 'stochastic_upper': 91, 'en_mfi': True, 'mfi_n': 41, 'mfi_lower': 8, 'mfi_upper': 88, 'en_bollinger': True, 'bollinger_n': 9, 'bollinger_k': 0.5, 'en_adx': True, 'adx_n': 32, 'adx_threshold': 11, 'en_structure_trend': True, 'structure_trend_swing_l': 19, 'en_order_block': True, 'order_block_swing_l': 7, 'en_fvg': False, 'fvg_lookback': 34, 'en_ifvg': True, 'en_breaker': False, 'breaker_swing_l': 1, 'en_cisd': False, 'k': 4, 'en_cap_bars': True, 'cap_1min': 689}.
[I 2026-07-13 16:53:54,060] Trial 316 finished with values: [-275.1225531104524, -2601.840464201962, 47.75] and parameters: {'sl_soft': 6.7158425558539045, 'sl_hard_delta': 5.433356764346962, 'tp': 8.963190715961813, 'gate_pct': 98.72479828405353, 'dd_limit': 498.9311820803506, 'cooldown': 2, 'flip': True, 'en_ema_trend': True, 'ema_trend_fast': 81, 'ema_trend_slow': 391, 'en_sma_trend': True, 'sma_trend_fast': 382, 'sma_trend_slow': 115, 'en_macd': True, 'macd_fast': 49, 'macd_slow': 149, 'macd_signal': 71, 'en_vwap': False, 'en_keltner': True, 'keltner_n': 17, 'keltner_m': 2.3, 'en_obv': False, 'obv_slope': 54, 'en_cci': True, 'cci_n': 87, 'cci_threshold': 30, 'en_rsi': False, 'rsi_n': 39, 'rsi_lower': 15, 'rsi_upper': 59, 'en_stochastic': False, 'stochastic_n': 97, 'stochastic_d': 41, 'stochastic_lower': 2, 'stochastic_upper': 79, 'en_mfi': True, 'mfi_n': 11, 'mfi_lower': 43, 'mfi_upper': 57, 'en_bollinger': False, 'bollinger_n': 78, 'bollinger_k': 3.7, 'en_adx': False, 'adx_n': 33, 'adx_threshold': 43, 'en_structure_trend': True, 'structure_trend_swing_l': 16, 'en_order_block': False, 'order_block_swing_l': 19, 'en_fvg': False, 'fvg_lookback': 30, 'en_ifvg': True, 'en_breaker': False, 'breaker_swing_l': 5, 'en_cisd': True, 'k': 5, 'en_cap_bars': True, 'cap_1min': 1332}.
[I 2026-07-13 16:53:58,888] Trial 317 pruned. 
[I 2026-07-13 16:54:02,363] Trial 318 finished with values: [-156.26650104345003, -5485.768747745465, 37.05] and parameters: {'sl_soft': 6.6673680067634296, 'sl_hard_delta': 0.44609292791826716, 'tp': 11.711352961138735, 'gate_pct': 98.24909449748954, 'dd_limit': 439.4689893251477, 'cooldown': 3, 'flip': False, 'en_ema_trend': True, 'ema_trend_fast': 13, 'ema_trend_slow': 236, 'en_sma_trend': False, 'sma_trend_fast': 337, 'sma_trend_slow': 300, 'en_macd': True, 'macd_fast': 33, 'macd_slow': 172, 'macd_signal': 22, 'en_vwap': True, 'en_keltner': True, 'keltner_n': 178, 'keltner_m': 4.8, 'en_obv': False, 'obv_slope': 47, 'en_cci': True, 'cci_n': 188, 'cci_threshold': 40, 'en_rsi': True, 'rsi_n': 5, 'rsi_lower': 8, 'rsi_upper': 86, 'en_stochastic': False, 'stochastic_n': 80, 'stochastic_d': 35, 'stochastic_lower': 44, 'stochastic_upper': 74, 'en_mfi': False, 'mfi_n': 7, 'mfi_lower': 12, 'mfi_upper': 85, 'en_bollinger': True, 'bollinger_n': 35, 'bollinger_k': 2.8000000000000003, 'en_adx': False, 'adx_n': 48, 'adx_threshold': 44, 'en_structure_trend': True, 'structure_trend_swing_l': 4, 'en_order_block': True, 'order_block_swing_l': 9, 'en_fvg': False, 'fvg_lookback': 31, 'en_ifvg': True, 'en_breaker': True, 'breaker_swing_l': 11, 'en_cisd': False, 'k': 1, 'en_cap_bars': True, 'cap_1min': 929}.
[I 2026-07-13 16:54:08,993] Trial 319 finished with values: [237.17706679485673, -1065.000000000009, 23.2] and parameters: {'sl_soft': 1.4789310739311843, 'sl_hard_delta': 7.824202352077652, 'tp': 8.338708267179237, 'gate_pct': 78.41015939543337, 'dd_limit': 379.61887235308626, 'cooldown': 2, 'flip': False, 'en_ema_trend': False, 'ema_trend_fast': 374, 'ema_trend_slow': 311, 'en_sma_trend': True, 'sma_trend_fast': 382, 'sma_trend_slow': 323, 'en_macd': True, 'macd_fast': 6, 'macd_slow': 28, 'macd_signal': 10, 'en_vwap': False, 'en_keltner': True, 'keltner_n': 32, 'keltner_m': 1.3, 'en_obv': False, 'obv_slope': 36, 'en_cci': False, 'cci_n': 27, 'cci_threshold': 80, 'en_rsi': True, 'rsi_n': 49, 'rsi_lower': 23, 'rsi_upper': 69, 'en_stochastic': True, 'stochastic_n': 40, 'stochastic_d': 43, 'stochastic_lower': 3, 'stochastic_upper': 96, 'en_mfi': True, 'mfi_n': 9, 'mfi_lower': 31, 'mfi_upper': 58, 'en_bollinger': True, 'bollinger_n': 194, 'bollinger_k': 2.1, 'en_adx': False, 'adx_n': 73, 'adx_threshold': 18, 'en_structure_trend': True, 'structure_trend_swing_l': 8, 'en_order_block': False, 'order_block_swing_l': 19, 'en_fvg': False, 'fvg_lookback': 14, 'en_ifvg': False, 'en_breaker': True, 'breaker_swing_l': 8, 'en_cisd': False, 'k': 5, 'en_cap_bars': True, 'cap_1min': 1380}.
[I 2026-07-13 16:54:10,113] Trial 320 finished with values: [-527.1499598767036, -2760.702511415275, 49.4] and parameters: {'sl_soft': 4.35931367444554, 'sl_hard_delta': 7.035794839913087, 'tp': 5.1761668004110115, 'gate_pct': 62.75122947526989, 'dd_limit': 383.02824156061456, 'cooldown': 2, 'flip': True, 'en_ema_trend': True, 'ema_trend_fast': 88, 'ema_trend_slow': 250, 'en_sma_trend': False, 'sma_trend_fast': 387, 'sma_trend_slow': 232, 'en_macd': False, 'macd_fast': 91, 'macd_slow': 116, 'macd_signal': 1, 'en_vwap': True, 'en_keltner': True, 'keltner_n': 73, 'keltner_m': 4.6000000000000005, 'en_obv': False, 'obv_slope': 186, 'en_cci': True, 'cci_n': 48, 'cci_threshold': 240, 'en_rsi': False, 'rsi_n': 8, 'rsi_lower': 29, 'rsi_upper': 87, 'en_stochastic': False, 'stochastic_n': 16, 'stochastic_d': 36, 'stochastic_lower': 2, 'stochastic_upper': 52, 'en_mfi': True, 'mfi_n': 55, 'mfi_lower': 28, 'mfi_upper': 92, 'en_bollinger': True, 'bollinger_n': 118, 'bollinger_k': 4.9, 'en_adx': False, 'adx_n': 81, 'adx_threshold': 11, 'en_structure_trend': False, 'structure_trend_swing_l': 13, 'en_order_block': False, 'order_block_swing_l': 19, 'en_fvg': True, 'fvg_lookback': 3, 'en_ifvg': True, 'en_breaker': False, 'breaker_swing_l': 1, 'en_cisd': True, 'k': 2, 'en_cap_bars': False, 'cap_1min': 884}.
[I 2026-07-13 16:54:15,381] Trial 321 finished with values: [-486.75176083861516, -2178.128147777443, 37.3] and parameters: {'sl_soft': 5.872734359994575, 'sl_hard_delta': 6.758547117779633, 'tp': 11.656070360286185, 'gate_pct': 55.72136383304909, 'dd_limit': 390.2087279618219, 'cooldown': 1, 'flip': False, 'en_ema_trend': True, 'ema_trend_fast': 177, 'ema_trend_slow': 381, 'en_sma_trend': True, 'sma_trend_fast': 29, 'sma_trend_slow': 340, 'en_macd': True, 'macd_fast': 49, 'macd_slow': 139, 'macd_signal': 13, 'en_vwap': True, 'en_keltner': True, 'keltner_n': 171, 'keltner_m': 0.7, 'en_obv': True, 'obv_slope': 54, 'en_cci': True, 'cci_n': 87, 'cci_threshold': 95, 'en_rsi': True, 'rsi_n': 39, 'rsi_lower': 24, 'rsi_upper': 51, 'en_stochastic': False, 'stochastic_n': 98, 'stochastic_d': 42, 'stochastic_lower': 6, 'stochastic_upper': 69, 'en_mfi': True, 'mfi_n': 11, 'mfi_lower': 11, 'mfi_upper': 57, 'en_bollinger': True, 'bollinger_n': 76, 'bollinger_k': 4.300000000000001, 'en_adx': False, 'adx_n': 33, 'adx_threshold': 37, 'en_structure_trend': False, 'structure_trend_swing_l': 19, 'en_order_block': False, 'order_block_swing_l': 17, 'en_fvg': False, 'fvg_lookback': 45, 'en_ifvg': True, 'en_breaker': False, 'breaker_swing_l': 20, 'en_cisd': True, 'k': 3, 'en_cap_bars': True, 'cap_1min': 1332}.
