[I 2026-07-13 17:13:45,457] Trial 774 finished with values: [-73.70038892503317, -1692.8716926560583, 34.3] and parameters: {'sl_soft': 1.4789310739311843, 'sl_hard_delta': 3.9050213100332094, 'tp': 4.4104709148058445, 'gate_pct': 78.41015939543337, 'dd_limit': 390.2087279618219, 'cooldown': 1, 'flip': True, 'en_ema_trend': False, 'ema_trend_fast': 374, 'ema_trend_slow': 311, 'en_sma_trend': True, 'sma_trend_fast': 382, 'sma_trend_slow': 121, 'en_macd': False, 'macd_fast': 37, 'macd_slow': 177, 'macd_signal': 10, 'en_vwap': False, 'en_keltner': True, 'keltner_n': 32, 'keltner_m': 1.3, 'en_obv': True, 'obv_slope': 169, 'en_cci': False, 'cci_n': 27, 'cci_threshold': 170, 'en_rsi': True, 'rsi_n': 49, 'rsi_lower': 23, 'rsi_upper': 69, 'en_stochastic': False, 'stochastic_n': 45, 'stochastic_d': 24, 'stochastic_lower': 3, 'stochastic_upper': 72, 'en_mfi': True, 'mfi_n': 11, 'mfi_lower': 31, 'mfi_upper': 82, 'en_bollinger': True, 'bollinger_n': 78, 'bollinger_k': 2.1, 'en_adx': False, 'adx_n': 73, 'adx_threshold': 8, 'en_structure_trend': True, 'structure_trend_swing_l': 13, 'en_order_block': False, 'order_block_swing_l': 7, 'en_fvg': False, 'fvg_lookback': 46, 'en_ifvg': False, 'en_breaker': True, 'breaker_swing_l': 8, 'en_cisd': False, 'k': 5, 'en_cap_bars': True, 'cap_1min': 1380}.
[I 2026-07-13 17:13:45,811] Trial 775 pruned. 
[I 2026-07-13 17:13:52,620] Trial 776 finished with values: [456.4866162759927, -460.00000000001364, 46.45] and parameters: {'sl_soft': 2.393534564778056, 'sl_hard_delta': 3.9050213100332094, 'tp': 7.943003420975532, 'gate_pct': 79.79473082398957, 'dd_limit': 377.8686668899344, 'cooldown': 1, 'flip': False, 'en_ema_trend': True, 'ema_trend_fast': 83, 'ema_trend_slow': 266, 'en_sma_trend': False, 'sma_trend_fast': 29, 'sma_trend_slow': 154, 'en_macd': False, 'macd_fast': 80, 'macd_slow': 177, 'macd_signal': 100, 'en_vwap': False, 'en_keltner': False, 'keltner_n': 8, 'keltner_m': 4.5, 'en_obv': False, 'obv_slope': 18, 'en_cci': True, 'cci_n': 184, 'cci_threshold': 170, 'en_rsi': True, 'rsi_n': 91, 'rsi_lower': 16, 'rsi_upper': 74, 'en_stochastic': True, 'stochastic_n': 45, 'stochastic_d': 37, 'stochastic_lower': 47, 'stochastic_upper': 72, 'en_mfi': True, 'mfi_n': 11, 'mfi_lower': 37, 'mfi_upper': 82, 'en_bollinger': True, 'bollinger_n': 60, 'bollinger_k': 3.8000000000000003, 'en_adx': False, 'adx_n': 19, 'adx_threshold': 8, 'en_structure_trend': True, 'structure_trend_swing_l': 13, 'en_order_block': False, 'order_block_swing_l': 7, 'en_fvg': False, 'fvg_lookback': 28, 'en_ifvg': True, 'en_breaker': False, 'breaker_swing_l': 5, 'en_cisd': True, 'k': 3, 'en_cap_bars': True, 'cap_1min': 1332}.
[I 2026-07-13 17:13:52,847] Trial 777 finished with values: [450.38297744525266, -669.3875436666531, 40.2] and parameters: {'sl_soft': 1.4789310739311843, 'sl_hard_delta': 0.47861910073547576, 'tp': 4.4104709148058445, 'gate_pct': 53.84741825883083, 'dd_limit': 152.7856310036847, 'cooldown': 1, 'flip': True, 'en_ema_trend': False, 'ema_trend_fast': 211, 'ema_trend_slow': 334, 'en_sma_trend': False, 'sma_trend_fast': 382, 'sma_trend_slow': 121, 'en_macd': True, 'macd_fast': 6, 'macd_slow': 28, 'macd_signal': 10, 'en_vwap': False, 'en_keltner': True, 'keltner_n': 46, 'keltner_m': 1.0, 'en_obv': True, 'obv_slope': 36, 'en_cci': False, 'cci_n': 128, 'cci_threshold': 85, 'en_rsi': True, 'rsi_n': 49, 'rsi_lower': 23, 'rsi_upper': 83, 'en_stochastic': True, 'stochastic_n': 40, 'stochastic_d': 7, 'stochastic_lower': 3, 'stochastic_upper': 53, 'en_mfi': True, 'mfi_n': 9, 'mfi_lower': 31, 'mfi_upper': 58, 'en_bollinger': True, 'bollinger_n': 127, 'bollinger_k': 2.1, 'en_adx': False, 'adx_n': 73, 'adx_threshold': 43, 'en_structure_trend': False, 'structure_trend_swing_l': 8, 'en_order_block': False, 'order_block_swing_l': 20, 'en_fvg': False, 'fvg_lookback': 29, 'en_ifvg': False, 'en_breaker': True, 'breaker_swing_l': 8, 'en_cisd': False, 'k': 1, 'en_cap_bars': True, 'cap_1min': 1380}.
[I 2026-07-13 17:13:55,709] Trial 778 finished with values: [1392.8179859328907, -2648.7667649143987, 38.95] and parameters: {'sl_soft': 2.34715147057422, 'sl_hard_delta': 3.9050213100332094, 'tp': 7.943003420975532, 'gate_pct': 86.68863637915473, 'dd_limit': 235.57837541012853, 'cooldown': 1, 'flip': False, 'en_ema_trend': False, 'ema_trend_fast': 121, 'ema_trend_slow': 364, 'en_sma_trend': False, 'sma_trend_fast': 45, 'sma_trend_slow': 114, 'en_macd': True, 'macd_fast': 9, 'macd_slow': 91, 'macd_signal': 65, 'en_vwap': True, 'en_keltner': True, 'keltner_n': 68, 'keltner_m': 2.8000000000000003, 'en_obv': False, 'obv_slope': 7, 'en_cci': True, 'cci_n': 43, 'cci_threshold': 170, 'en_rsi': True, 'rsi_n': 95, 'rsi_lower': 17, 'rsi_upper': 94, 'en_stochastic': False, 'stochastic_n': 45, 'stochastic_d': 14, 'stochastic_lower': 40, 'stochastic_upper': 57, 'en_mfi': True, 'mfi_n': 45, 'mfi_lower': 8, 'mfi_upper': 61, 'en_bollinger': True, 'bollinger_n': 125, 'bollinger_k': 2.9000000000000004, 'en_adx': False, 'adx_n': 33, 'adx_threshold': 26, 'en_structure_trend': True, 'structure_trend_swing_l': 19, 'en_order_block': False, 'order_block_swing_l': 7, 'en_fvg': False, 'fvg_lookback': 14, 'en_ifvg': True, 'en_breaker': True, 'breaker_swing_l': 5, 'en_cisd': False, 'k': 4, 'en_cap_bars': False, 'cap_1min': 995}.
[I 2026-07-13 17:13:56,778] Trial 779 finished with values: [672.5767960120777, -2192.8498289512163, 33.05] and parameters: {'sl_soft': 2.34715147057422, 'sl_hard_delta': 9.220713838619613, 'tp': 7.943003420975532, 'gate_pct': 79.79473082398957, 'dd_limit': 235.57837541012853, 'cooldown': 1, 'flip': False, 'en_ema_trend': False, 'ema_trend_fast': 121, 'ema_trend_slow': 364, 'en_sma_trend': False, 'sma_trend_fast': 29, 'sma_trend_slow': 14, 'en_macd': True, 'macd_fast': 52, 'macd_slow': 177, 'macd_signal': 65, 'en_vwap': False, 'en_keltner': True, 'keltner_n': 158, 'keltner_m': 4.5, 'en_obv': False, 'obv_slope': 169, 'en_cci': True, 'cci_n': 49, 'cci_threshold': 170, 'en_rsi': True, 'rsi_n': 95, 'rsi_lower': 17, 'rsi_upper': 58, 'en_stochastic': False, 'stochastic_n': 8, 'stochastic_d': 40, 'stochastic_lower': 5, 'stochastic_upper': 87, 'en_mfi': True, 'mfi_n': 45, 'mfi_lower': 16, 'mfi_upper': 61, 'en_bollinger': True, 'bollinger_n': 60, 'bollinger_k': 2.9000000000000004, 'en_adx': False, 'adx_n': 33, 'adx_threshold': 26, 'en_structure_trend': True, 'structure_trend_swing_l': 13, 'en_order_block': False, 'order_block_swing_l': 7, 'en_fvg': False, 'fvg_lookback': 46, 'en_ifvg': True, 'en_breaker': False, 'breaker_swing_l': 3, 'en_cisd': False, 'k': 3, 'en_cap_bars': True, 'cap_1min': 995}.
[I 2026-07-13 17:14:02,486] Trial 780 finished with values: [-128.1245487009528, -1305.4584679816003, 31.85] and parameters: {'sl_soft': 2.34715147057422, 'sl_hard_delta': 3.9050213100332094, 'tp': 7.943003420975532, 'gate_pct': 98.67302380660169, 'dd_limit': 332.70974775121596, 'cooldown': 1, 'flip': True, 'en_ema_trend': False, 'ema_trend_fast': 271, 'ema_trend_slow': 311, 'en_sma_trend': False, 'sma_trend_fast': 382, 'sma_trend_slow': 114, 'en_macd': True, 'macd_fast': 9, 'macd_slow': 28, 'macd_signal': 65, 'en_vwap': False, 'en_keltner': True, 'keltner_n': 158, 'keltner_m': 2.8000000000000003, 'en_obv': True, 'obv_slope': 36, 'en_cci': True, 'cci_n': 27, 'cci_threshold': 170, 'en_rsi': True, 'rsi_n': 77, 'rsi_lower': 23, 'rsi_upper': 58, 'en_stochastic': True, 'stochastic_n': 52, 'stochastic_d': 7, 'stochastic_lower': 5, 'stochastic_upper': 72, 'en_mfi': True, 'mfi_n': 9, 'mfi_lower': 31, 'mfi_upper': 84, 'en_bollinger': True, 'bollinger_n': 194, 'bollinger_k': 4.300000000000001, 'en_adx': False, 'adx_n': 33, 'adx_threshold': 43, 'en_structure_trend': True, 'structure_trend_swing_l': 8, 'en_order_block': True, 'order_block_swing_l': 7, 'en_fvg': False, 'fvg_lookback': 46, 'en_ifvg': True, 'en_breaker': True, 'breaker_swing_l': 5, 'en_cisd': False, 'k': 3, 'en_cap_bars': False, 'cap_1min': 260}.
[I 2026-07-13 17:14:02,724] Trial 781 finished with values: [519.9004111278441, -561.5100349333261, 46.9] and parameters: {'sl_soft': 1.4789310739311843, 'sl_hard_delta': 0.47861910073547576, 'tp': 4.4104709148058445, 'gate_pct': 78.41015939543337, 'dd_limit': 379.61887235308626, 'cooldown': 2, 'flip': True, 'en_ema_trend': True, 'ema_trend_fast': 374, 'ema_trend_slow': 311, 'en_sma_trend': True, 'sma_trend_fast': 382, 'sma_trend_slow': 121, 'en_macd': True, 'macd_fast': 6, 'macd_slow': 28, 'macd_signal': 10, 'en_vwap': False, 'en_keltner': True, 'keltner_n': 46, 'keltner_m': 1.3, 'en_obv': True, 'obv_slope': 36, 'en_cci': False, 'cci_n': 27, 'cci_threshold': 85, 'en_rsi': True, 'rsi_n': 49, 'rsi_lower': 23, 'rsi_upper': 83, 'en_stochastic': True, 'stochastic_n': 40, 'stochastic_d': 24, 'stochastic_lower': 3, 'stochastic_upper': 53, 'en_mfi': True, 'mfi_n': 9, 'mfi_lower': 31, 'mfi_upper': 84, 'en_bollinger': True, 'bollinger_n': 194, 'bollinger_k': 2.1, 'en_adx': False, 'adx_n': 73, 'adx_threshold': 43, 'en_structure_trend': True, 'structure_trend_swing_l': 8, 'en_order_block': False, 'order_block_swing_l': 19, 'en_fvg': False, 'fvg_lookback': 29, 'en_ifvg': False, 'en_breaker': True, 'breaker_swing_l': 15, 'en_cisd': False, 'k': 5, 'en_cap_bars': True, 'cap_1min': 1380}.
[I 2026-07-13 17:14:02,946] Trial 782 finished with values: [311.76112952435915, -458.6325261999946, 37.4] and parameters: {'sl_soft': 1.4789310739311843, 'sl_hard_delta': 0.47861910073547576, 'tp': 4.4104709148058445, 'gate_pct': 53.84741825883083, 'dd_limit': 379.61887235308626, 'cooldown': 1, 'flip': True, 'en_ema_trend': True, 'ema_trend_fast': 211, 'ema_trend_slow': 334, 'en_sma_trend': True, 'sma_trend_fast': 382, 'sma_trend_slow': 121, 'en_macd': True, 'macd_fast': 6, 'macd_slow': 28, 'macd_signal': 10, 'en_vwap': False, 'en_keltner': True, 'keltner_n': 46, 'keltner_m': 1.0, 'en_obv': True, 'obv_slope': 36, 'en_cci': False, 'cci_n': 128, 'cci_threshold': 85, 'en_rsi': True, 'rsi_n': 49, 'rsi_lower': 23, 'rsi_upper': 83, 'en_stochastic': True, 'stochastic_n': 40, 'stochastic_d': 7, 'stochastic_lower': 3, 'stochastic_upper': 53, 'en_mfi': True, 'mfi_n': 9, 'mfi_lower': 31, 'mfi_upper': 58, 'en_bollinger': True, 'bollinger_n': 194, 'bollinger_k': 4.5, 'en_adx': False, 'adx_n': 6, 'adx_threshold': 43, 'en_structure_trend': False, 'structure_trend_swing_l': 7, 'en_order_block': False, 'order_block_swing_l': 20, 'en_fvg': False, 'fvg_lookback': 29, 'en_ifvg': False, 'en_breaker': True, 'breaker_swing_l': 8, 'en_cisd': True, 'k': 1, 'en_cap_bars': True, 'cap_1min': 260}.
[I 2026-07-13 17:14:03,137] Trial 783 finished with values: [398.1998838910272, -476.5100349333352, 44.2] and parameters: {'sl_soft': 1.4789310739311843, 'sl_hard_delta': 0.47861910073547576, 'tp': 4.4104709148058445, 'gate_pct': 53.84741825883083, 'dd_limit': 379.61887235308626, 'cooldown': 2, 'flip': True, 'en_ema_trend': True, 'ema_trend_fast': 374, 'ema_trend_slow': 334, 'en_sma_trend': True, 'sma_trend_fast': 382, 'sma_trend_slow': 121, 'en_macd': True, 'macd_fast': 6, 'macd_slow': 28, 'macd_signal': 10, 'en_vwap': False, 'en_keltner': True, 'keltner_n': 46, 'keltner_m': 0.9, 'en_obv': True, 'obv_slope': 36, 'en_cci': False, 'cci_n': 128, 'cci_threshold': 85, 'en_rsi': True, 'rsi_n': 49, 'rsi_lower': 23, 'rsi_upper': 83, 'en_stochastic': True, 'stochastic_n': 40, 'stochastic_d': 7, 'stochastic_lower': 3, 'stochastic_upper': 53, 'en_mfi': True, 'mfi_n': 9, 'mfi_lower': 31, 'mfi_upper': 58, 'en_bollinger': True, 'bollinger_n': 127, 'bollinger_k': 2.1, 'en_adx': False, 'adx_n': 73, 'adx_threshold': 43, 'en_structure_trend': False, 'structure_trend_swing_l': 8, 'en_order_block': False, 'order_block_swing_l': 19, 'en_fvg': False, 'fvg_lookback': 29, 'en_ifvg': False, 'en_breaker': True, 'breaker_swing_l': 15, 'en_cisd': False, 'k': 5, 'en_cap_bars': True, 'cap_1min': 1380}.
[I 2026-07-13 17:14:04,047] Trial 784 finished with values: [-854.9533047416787, -1514.9999999999864, 10.0] and parameters: {'sl_soft': 3.1119944064465646, 'sl_hard_delta': 7.824202352077652, 'tp': 12.750933905166367, 'gate_pct': 78.41015939543337, 'dd_limit': 235.57837541012853, 'cooldown': 2, 'flip': False, 'en_ema_trend': False, 'ema_trend_fast': 121, 'ema_trend_slow': 364, 'en_sma_trend': False, 'sma_trend_fast': 45, 'sma_trend_slow': 14, 'en_macd': False, 'macd_fast': 6, 'macd_slow': 18, 'macd_signal': 45, 'en_vwap': False, 'en_keltner': True, 'keltner_n': 32, 'keltner_m': 1.3, 'en_obv': False, 'obv_slope': 7, 'en_cci': True, 'cci_n': 43, 'cci_threshold': 60, 'en_rsi': True, 'rsi_n': 95, 'rsi_lower': 7, 'rsi_upper': 69, 'en_stochastic': False, 'stochastic_n': 40, 'stochastic_d': 24, 'stochastic_lower': 3, 'stochastic_upper': 53, 'en_mfi': True, 'mfi_n': 9, 'mfi_lower': 31, 'mfi_upper': 61, 'en_bollinger': True, 'bollinger_n': 194, 'bollinger_k': 2.1, 'en_adx': False, 'adx_n': 31, 'adx_threshold': 43, 'en_structure_trend': True, 'structure_trend_swing_l': 19, 'en_order_block': False, 'order_block_swing_l': 14, 'en_fvg': False, 'fvg_lookback': 14, 'en_ifvg': False, 'en_breaker': True, 'breaker_swing_l': 8, 'en_cisd': True, 'k': 1, 'en_cap_bars': True, 'cap_1min': 995}.
[I 2026-07-13 17:14:05,273] Trial 785 finished with values: [-410.7804965764217, -1604.6892342521915, 50.0] and parameters: {'sl_soft': 4.059325796197475, 'sl_hard_delta': 3.9050213100332094, 'tp': 4.317454763708969, 'gate_pct': 61.29515207255519, 'dd_limit': 332.70974775121596, 'cooldown': 0, 'flip': False, 'en_ema_trend': False, 'ema_trend_fast': 33, 'ema_trend_slow': 150, 'en_sma_trend': False, 'sma_trend_fast': 292, 'sma_trend_slow': 114, 'en_macd': True, 'macd_fast': 80, 'macd_slow': 190, 'macd_signal': 21, 'en_vwap': True, 'en_keltner': False, 'keltner_n': 48, 'keltner_m': 4.5, 'en_obv': True, 'obv_slope': 169, 'en_cci': True, 'cci_n': 49, 'cci_threshold': 180, 'en_rsi': True, 'rsi_n': 46, 'rsi_lower': 17, 'rsi_upper': 61, 'en_stochastic': False, 'stochastic_n': 86, 'stochastic_d': 11, 'stochastic_lower': 40, 'stochastic_upper': 57, 'en_mfi': True, 'mfi_n': 71, 'mfi_lower': 45, 'mfi_upper': 72, 'en_bollinger': False, 'bollinger_n': 155, 'bollinger_k': 3.0, 'en_adx': False, 'adx_n': 24, 'adx_threshold': 32, 'en_structure_trend': False, 'structure_trend_swing_l': 1, 'en_order_block': True, 'order_block_swing_l': 20, 'en_fvg': False, 'fvg_lookback': 4, 'en_ifvg': True, 'en_breaker': False, 'breaker_swing_l': 20, 'en_cisd': True, 'k': 1, 'en_cap_bars': False, 'cap_1min': 736}.
[I 2026-07-13 17:14:12,054] Trial 786 finished with values: [-325.00578408310616, -1058.3681598244993, 32.9] and parameters: {'sl_soft': 2.34715147057422, 'sl_hard_delta': 0.47861910073547576, 'tp': 4.4104709148058445, 'gate_pct': 98.67302380660169, 'dd_limit': 332.70974775121596, 'cooldown': 1, 'flip': True, 'en_ema_trend': True, 'ema_trend_fast': 211, 'ema_trend_slow': 116, 'en_sma_trend': False, 'sma_trend_fast': 382, 'sma_trend_slow': 29, 'en_macd': True, 'macd_fast': 6, 'macd_slow': 164, 'macd_signal': 10, 'en_vwap': False, 'en_keltner': True, 'keltner_n': 158, 'keltner_m': 4.5, 'en_obv': False, 'obv_slope': 169, 'en_cci': True, 'cci_n': 128, 'cci_threshold': 170, 'en_rsi': True, 'rsi_n': 77, 'rsi_lower': 23, 'rsi_upper': 83, 'en_stochastic': True, 'stochastic_n': 45, 'stochastic_d': 12, 'stochastic_lower': 5, 'stochastic_upper': 57, 'en_mfi': True, 'mfi_n': 9, 'mfi_lower': 34, 'mfi_upper': 82, 'en_bollinger': True, 'bollinger_n': 60, 'bollinger_k': 4.300000000000001, 'en_adx': False, 'adx_n': 96, 'adx_threshold': 43, 'en_structure_trend': False, 'structure_trend_swing_l': 8, 'en_order_block': False, 'order_block_swing_l': 7, 'en_fvg': False, 'fvg_lookback': 29, 'en_ifvg': True, 'en_breaker': True, 'breaker_swing_l': 5, 'en_cisd': True, 'k': 1, 'en_cap_bars': False, 'cap_1min': 736}.
[I 2026-07-13 17:14:16,097] Trial 787 finished with values: [32.7667885915389, -1668.308296932878, 30.95] and parameters: {'sl_soft': 2.34715147057422, 'sl_hard_delta': 3.9050213100332094, 'tp': 7.943003420975532, 'gate_pct': 53.84741825883083, 'dd_limit': 332.70974775121596, 'cooldown': 1, 'flip': False, 'en_ema_trend': True, 'ema_trend_fast': 211, 'ema_trend_slow': 116, 'en_sma_trend': True, 'sma_trend_fast': 292, 'sma_trend_slow': 121, 'en_macd': True, 'macd_fast': 6, 'macd_slow': 177, 'macd_signal': 100, 'en_vwap': False, 'en_keltner': True, 'keltner_n': 158, 'keltner_m': 4.5, 'en_obv': True, 'obv_slope': 169, 'en_cci': True, 'cci_n': 128, 'cci_threshold': 85, 'en_rsi': True, 'rsi_n': 49, 'rsi_lower': 23, 'rsi_upper': 83, 'en_stochastic': True, 'stochastic_n': 45, 'stochastic_d': 14, 'stochastic_lower': 5, 'stochastic_upper': 57, 'en_mfi': True, 'mfi_n': 9, 'mfi_lower': 34, 'mfi_upper': 58, 'en_bollinger': True, 'bollinger_n': 194, 'bollinger_k': 4.300000000000001, 'en_adx': False, 'adx_n': 96, 'adx_threshold': 34, 'en_structure_trend': False, 'structure_trend_swing_l': 13, 'en_order_block': True, 'order_block_swing_l': 7, 'en_fvg': False, 'fvg_lookback': 46, 'en_ifvg': False, 'en_breaker': False, 'breaker_swing_l': 8, 'en_cisd': False, 'k': 4, 'en_cap_bars': True, 'cap_1min': 736}.
[I 2026-07-13 17:14:16,452] Trial 788 finished with values: [646.3459139501651, -944.7756810082865, 50.7] and parameters: {'sl_soft': 2.393534564778056, 'sl_hard_delta': 8.51498314315475, 'tp': 3.7522431899167596, 'gate_pct': 63.90528592947753, 'dd_limit': 377.8686668899344, 'cooldown': 4, 'flip': False, 'en_ema_trend': True, 'ema_trend_fast': 159, 'ema_trend_slow': 266, 'en_sma_trend': False, 'sma_trend_fast': 362, 'sma_trend_slow': 154, 'en_macd': False, 'macd_fast': 80, 'macd_slow': 104, 'macd_signal': 54, 'en_vwap': False, 'en_keltner': False, 'keltner_n': 8, 'keltner_m': 1.7000000000000002, 'en_obv': True, 'obv_slope': 18, 'en_cci': True, 'cci_n': 184, 'cci_threshold': 140, 'en_rsi': True, 'rsi_n': 91, 'rsi_lower': 16, 'rsi_upper': 74, 'en_stochastic': False, 'stochastic_n': 88, 'stochastic_d': 37, 'stochastic_lower': 47, 'stochastic_upper': 68, 'en_mfi': False, 'mfi_n': 65, 'mfi_lower': 40, 'mfi_upper': 56, 'en_bollinger': True, 'bollinger_n': 164, 'bollinger_k': 3.8000000000000003, 'en_adx': True, 'adx_n': 19, 'adx_threshold': 17, 'en_structure_trend': True, 'structure_trend_swing_l': 13, 'en_order_block': False, 'order_block_swing_l': 16, 'en_fvg': False, 'fvg_lookback': 7, 'en_ifvg': False, 'en_breaker': True, 'breaker_swing_l': 7, 'en_cisd': True, 'k': 3, 'en_cap_bars': True, 'cap_1min': 583}.
[I 2026-07-13 17:14:22,708] Trial 789 finished with values: [-225.37021155146704, -904.0723470385046, 61.150000000000006] and parameters: {'sl_soft': 6.522244549948772, 'sl_hard_delta': 0.7556521602801897, 'tp': 3.7522431899167596, 'gate_pct': 94.70821660915905, 'dd_limit': 377.8686668899344, 'cooldown': 4, 'flip': False, 'en_ema_trend': True, 'ema_trend_fast': 99, 'ema_trend_slow': 150, 'en_sma_trend': False, 'sma_trend_fast': 345, 'sma_trend_slow': 143, 'en_macd': False, 'macd_fast': 70, 'macd_slow': 104, 'macd_signal': 27, 'en_vwap': True, 'en_keltner': False, 'keltner_n': 68, 'keltner_m': 1.7000000000000002, 'en_obv': True, 'obv_slope': 7, 'en_cci': True, 'cci_n': 51, 'cci_threshold': 155, 'en_rsi': True, 'rsi_n': 46, 'rsi_lower': 7, 'rsi_upper': 61, 'en_stochastic': True, 'stochastic_n': 86, 'stochastic_d': 11, 'stochastic_lower': 47, 'stochastic_upper': 93, 'en_mfi': True, 'mfi_n': 46, 'mfi_lower': 24, 'mfi_upper': 61, 'en_bollinger': True, 'bollinger_n': 155, 'bollinger_k': 3.0, 'en_adx': False, 'adx_n': 19, 'adx_threshold': 57, 'en_structure_trend': False, 'structure_trend_swing_l': 13, 'en_order_block': True, 'order_block_swing_l': 14, 'en_fvg': False, 'fvg_lookback': 31, 'en_ifvg': True, 'en_breaker': True, 'breaker_swing_l': 7, 'en_cisd': True, 'k': 1, 'en_cap_bars': True, 'cap_1min': 583}.
[I 2026-07-13 17:14:29,824] Trial 790 finished with values: [-327.0027697268574, -1492.9058170387862, 46.05] and parameters: {'sl_soft': 3.1119944064465646, 'sl_hard_delta': 6.758547117779633, 'tp': 4.4104709148058445, 'gate_pct': 86.68863637915473, 'dd_limit': 235.57837541012853, 'cooldown': 1, 'flip': True, 'en_ema_trend': False, 'ema_trend_fast': 121, 'ema_trend_slow': 364, 'en_sma_trend': False, 'sma_trend_fast': 45, 'sma_trend_slow': 121, 'en_macd': True, 'macd_fast': 9, 'macd_slow': 18, 'macd_signal': 45, 'en_vwap': True, 'en_keltner': True, 'keltner_n': 46, 'keltner_m': 1.5, 'en_obv': False, 'obv_slope': 7, 'en_cci': False, 'cci_n': 43, 'cci_threshold': 40, 'en_rsi': True, 'rsi_n': 95, 'rsi_lower': 7, 'rsi_upper': 78, 'en_stochastic': True, 'stochastic_n': 8, 'stochastic_d': 40, 'stochastic_lower': 3, 'stochastic_upper': 87, 'en_mfi': True, 'mfi_n': 9, 'mfi_lower': 11, 'mfi_upper': 61, 'en_bollinger': True, 'bollinger_n': 127, 'bollinger_k': 2.9000000000000004, 'en_adx': False, 'adx_n': 31, 'adx_threshold': 26, 'en_structure_trend': True, 'structure_trend_swing_l': 19, 'en_order_block': False, 'order_block_swing_l': 14, 'en_fvg': False, 'fvg_lookback': 28, 'en_ifvg': False, 'en_breaker': True, 'breaker_swing_l': 3, 'en_cisd': True, 'k': 1, 'en_cap_bars': True, 'cap_1min': 995}.
[I 2026-07-13 17:14:34,350] Trial 791 pruned. 
