[I 2026-07-13 17:11:03,806] Trial 827 finished with values: [428.2977875089955, -234.99999999996817, 59.4] and parameters: {'sl_soft': 4.175083823529933, 'sl_hard_delta': 9.199132196036121, 'tp': 3.965955750179107, 'gate_pct': 76.55976188692937, 'dd_limit': 162.39650823726745, 'cooldown': 3, 'flip': False, 'en_ema_trend': False, 'ema_trend_fast': 317, 'ema_trend_slow': 301, 'en_sma_trend': True, 'sma_trend_fast': 173, 'sma_trend_slow': 163, 'en_macd': True, 'macd_fast': 16, 'macd_slow': 47, 'macd_signal': 85, 'en_vwap': True, 'en_keltner': True, 'keltner_n': 133, 'keltner_m': 1.8, 'en_obv': True, 'obv_slope': 161, 'en_cci': True, 'cci_n': 33, 'cci_threshold': 195, 'en_rsi': True, 'rsi_n': 33, 'rsi_lower': 20, 'rsi_upper': 69, 'en_stochastic': True, 'stochastic_n': 53, 'stochastic_d': 42, 'stochastic_lower': 46, 'stochastic_upper': 97, 'en_mfi': False, 'mfi_n': 61, 'mfi_lower': 10, 'mfi_upper': 93, 'en_bollinger': False, 'bollinger_n': 22, 'bollinger_k': 1.6, 'en_adx': False, 'adx_n': 71, 'adx_threshold': 34, 'en_structure_trend': True, 'structure_trend_swing_l': 10, 'en_order_block': True, 'order_block_swing_l': 9, 'en_fvg': False, 'fvg_lookback': 50, 'en_ifvg': True, 'en_breaker': False, 'breaker_swing_l': 17, 'en_cisd': True, 'k': 4, 'en_cap_bars': True, 'cap_1min': 3}.
[I 2026-07-13 17:11:05,100] Trial 828 finished with values: [-539.3680694947307, -3613.8127159056694, 51.05] and parameters: {'sl_soft': 5.221156496362849, 'sl_hard_delta': 13.43048070632975, 'tp': 5.279230480763317, 'gate_pct': 98.24909449748954, 'dd_limit': 234.1688012834486, 'cooldown': 4, 'flip': False, 'en_ema_trend': True, 'ema_trend_fast': 373, 'ema_trend_slow': 144, 'en_sma_trend': True, 'sma_trend_fast': 109, 'sma_trend_slow': 324, 'en_macd': False, 'macd_fast': 50, 'macd_slow': 47, 'macd_signal': 89, 'en_vwap': True, 'en_keltner': True, 'keltner_n': 185, 'keltner_m': 1.7000000000000002, 'en_obv': False, 'obv_slope': 160, 'en_cci': True, 'cci_n': 33, 'cci_threshold': 170, 'en_rsi': False, 'rsi_n': 23, 'rsi_lower': 8, 'rsi_upper': 82, 'en_stochastic': False, 'stochastic_n': 27, 'stochastic_d': 29, 'stochastic_lower': 2, 'stochastic_upper': 71, 'en_mfi': False, 'mfi_n': 21, 'mfi_lower': 31, 'mfi_upper': 62, 'en_bollinger': False, 'bollinger_n': 32, 'bollinger_k': 2.2, 'en_adx': False, 'adx_n': 17, 'adx_threshold': 6, 'en_structure_trend': True, 'structure_trend_swing_l': 4, 'en_order_block': False, 'order_block_swing_l': 9, 'en_fvg': True, 'fvg_lookback': 31, 'en_ifvg': False, 'en_breaker': True, 'breaker_swing_l': 17, 'en_cisd': False, 'k': 3, 'en_cap_bars': False, 'cap_1min': 3}.
[I 2026-07-13 17:11:05,545] Trial 829 finished with values: [1303.5874478917776, -932.9677051989393, 52.6] and parameters: {'sl_soft': 3.578361063233118, 'sl_hard_delta': 5.122016397226086, 'tp': 7.670322948010878, 'gate_pct': 52.57115913414096, 'dd_limit': 141.98378389938074, 'cooldown': 1, 'flip': False, 'en_ema_trend': True, 'ema_trend_fast': 55, 'ema_trend_slow': 274, 'en_sma_trend': True, 'sma_trend_fast': 167, 'sma_trend_slow': 328, 'en_macd': True, 'macd_fast': 16, 'macd_slow': 194, 'macd_signal': 30, 'en_vwap': False, 'en_keltner': False, 'keltner_n': 200, 'keltner_m': 3.7, 'en_obv': True, 'obv_slope': 19, 'en_cci': False, 'cci_n': 93, 'cci_threshold': 165, 'en_rsi': True, 'rsi_n': 21, 'rsi_lower': 40, 'rsi_upper': 71, 'en_stochastic': False, 'stochastic_n': 90, 'stochastic_d': 15, 'stochastic_lower': 4, 'stochastic_upper': 71, 'en_mfi': False, 'mfi_n': 70, 'mfi_lower': 23, 'mfi_upper': 78, 'en_bollinger': True, 'bollinger_n': 97, 'bollinger_k': 4.1, 'en_adx': False, 'adx_n': 79, 'adx_threshold': 50, 'en_structure_trend': True, 'structure_trend_swing_l': 5, 'en_order_block': False, 'order_block_swing_l': 4, 'en_fvg': False, 'fvg_lookback': 31, 'en_ifvg': True, 'en_breaker': True, 'breaker_swing_l': 2, 'en_cisd': False, 'k': 1, 'en_cap_bars': False, 'cap_1min': 1249}.
[I 2026-07-13 17:11:06,689] Trial 830 finished with values: [294.14889375450457, -309.99999999996817, 60.3] and parameters: {'sl_soft': 3.6763667227335777, 'sl_hard_delta': 9.199132196036121, 'tp': 3.965955750179107, 'gate_pct': 76.55976188692937, 'dd_limit': 234.1688012834486, 'cooldown': 4, 'flip': False, 'en_ema_trend': False, 'ema_trend_fast': 317, 'ema_trend_slow': 301, 'en_sma_trend': True, 'sma_trend_fast': 173, 'sma_trend_slow': 222, 'en_macd': True, 'macd_fast': 52, 'macd_slow': 47, 'macd_signal': 85, 'en_vwap': False, 'en_keltner': True, 'keltner_n': 186, 'keltner_m': 1.8, 'en_obv': True, 'obv_slope': 161, 'en_cci': True, 'cci_n': 2, 'cci_threshold': 170, 'en_rsi': True, 'rsi_n': 52, 'rsi_lower': 22, 'rsi_upper': 75, 'en_stochastic': True, 'stochastic_n': 53, 'stochastic_d': 42, 'stochastic_lower': 46, 'stochastic_upper': 97, 'en_mfi': False, 'mfi_n': 61, 'mfi_lower': 1, 'mfi_upper': 93, 'en_bollinger': False, 'bollinger_n': 32, 'bollinger_k': 4.9, 'en_adx': False, 'adx_n': 48, 'adx_threshold': 34, 'en_structure_trend': True, 'structure_trend_swing_l': 10, 'en_order_block': True, 'order_block_swing_l': 9, 'en_fvg': False, 'fvg_lookback': 50, 'en_ifvg': True, 'en_breaker': False, 'breaker_swing_l': 17, 'en_cisd': True, 'k': 4, 'en_cap_bars': True, 'cap_1min': 3}.
[I 2026-07-13 17:11:09,244] Trial 831 finished with values: [301.7580737002845, -339.99999999998636, 55.599999999999994] and parameters: {'sl_soft': 4.175083823529933, 'sl_hard_delta': 0.14484222707573952, 'tp': 7.670322948010878, 'gate_pct': 76.55976188692937, 'dd_limit': 162.39650823726745, 'cooldown': 3, 'flip': False, 'en_ema_trend': False, 'ema_trend_fast': 317, 'ema_trend_slow': 38, 'en_sma_trend': True, 'sma_trend_fast': 141, 'sma_trend_slow': 163, 'en_macd': True, 'macd_fast': 16, 'macd_slow': 47, 'macd_signal': 41, 'en_vwap': False, 'en_keltner': True, 'keltner_n': 161, 'keltner_m': 3.7, 'en_obv': True, 'obv_slope': 110, 'en_cci': True, 'cci_n': 93, 'cci_threshold': 195, 'en_rsi': True, 'rsi_n': 15, 'rsi_lower': 20, 'rsi_upper': 82, 'en_stochastic': False, 'stochastic_n': 89, 'stochastic_d': 50, 'stochastic_lower': 46, 'stochastic_upper': 97, 'en_mfi': False, 'mfi_n': 61, 'mfi_lower': 10, 'mfi_upper': 78, 'en_bollinger': False, 'bollinger_n': 22, 'bollinger_k': 1.6, 'en_adx': False, 'adx_n': 71, 'adx_threshold': 34, 'en_structure_trend': True, 'structure_trend_swing_l': 10, 'en_order_block': True, 'order_block_swing_l': 9, 'en_fvg': False, 'fvg_lookback': 50, 'en_ifvg': True, 'en_breaker': False, 'breaker_swing_l': 17, 'en_cisd': True, 'k': 4, 'en_cap_bars': True, 'cap_1min': 3}.
[I 2026-07-13 17:11:09,558] Trial 832 finished with values: [100.00000000001137, -475.23999398506476, 61.6] and parameters: {'sl_soft': 2.0827834824761626, 'sl_hard_delta': 5.122016397226086, 'tp': 10.30323196771046, 'gate_pct': 57.542705711187445, 'dd_limit': 234.1688012834486, 'cooldown': 4, 'flip': False, 'en_ema_trend': True, 'ema_trend_fast': 41, 'ema_trend_slow': 364, 'en_sma_trend': True, 'sma_trend_fast': 141, 'sma_trend_slow': 14, 'en_macd': False, 'macd_fast': 52, 'macd_slow': 47, 'macd_signal': 9, 'en_vwap': False, 'en_keltner': True, 'keltner_n': 102, 'keltner_m': 1.8, 'en_obv': True, 'obv_slope': 160, 'en_cci': False, 'cci_n': 33, 'cci_threshold': 250, 'en_rsi': True, 'rsi_n': 23, 'rsi_lower': 41, 'rsi_upper': 82, 'en_stochastic': True, 'stochastic_n': 90, 'stochastic_d': 29, 'stochastic_lower': 2, 'stochastic_upper': 60, 'en_mfi': False, 'mfi_n': 45, 'mfi_lower': 7, 'mfi_upper': 78, 'en_bollinger': False, 'bollinger_n': 32, 'bollinger_k': 2.2, 'en_adx': False, 'adx_n': 17, 'adx_threshold': 6, 'en_structure_trend': True, 'structure_trend_swing_l': 7, 'en_order_block': False, 'order_block_swing_l': 3, 'en_fvg': False, 'fvg_lookback': 42, 'en_ifvg': False, 'en_breaker': True, 'breaker_swing_l': 3, 'en_cisd': True, 'k': 1, 'en_cap_bars': True, 'cap_1min': 3}.
[I 2026-07-13 17:11:11,316] Trial 833 finished with values: [192.5000000000182, -265.00000000003183, 57.6] and parameters: {'sl_soft': 2.0827834824761626, 'sl_hard_delta': 9.199132196036121, 'tp': 3.965955750179107, 'gate_pct': 57.542705711187445, 'dd_limit': 234.1688012834486, 'cooldown': 5, 'flip': False, 'en_ema_trend': False, 'ema_trend_fast': 41, 'ema_trend_slow': 274, 'en_sma_trend': True, 'sma_trend_fast': 7, 'sma_trend_slow': 222, 'en_macd': True, 'macd_fast': 16, 'macd_slow': 194, 'macd_signal': 94, 'en_vwap': True, 'en_keltner': True, 'keltner_n': 186, 'keltner_m': 1.8, 'en_obv': False, 'obv_slope': 161, 'en_cci': False, 'cci_n': 33, 'cci_threshold': 65, 'en_rsi': True, 'rsi_n': 33, 'rsi_lower': 6, 'rsi_upper': 58, 'en_stochastic': False, 'stochastic_n': 53, 'stochastic_d': 50, 'stochastic_lower': 4, 'stochastic_upper': 95, 'en_mfi': False, 'mfi_n': 92, 'mfi_lower': 47, 'mfi_upper': 78, 'en_bollinger': False, 'bollinger_n': 97, 'bollinger_k': 4.1, 'en_adx': False, 'adx_n': 71, 'adx_threshold': 50, 'en_structure_trend': True, 'structure_trend_swing_l': 10, 'en_order_block': False, 'order_block_swing_l': 9, 'en_fvg': False, 'fvg_lookback': 50, 'en_ifvg': True, 'en_breaker': True, 'breaker_swing_l': 17, 'en_cisd': True, 'k': 5, 'en_cap_bars': True, 'cap_1min': 3}.
[I 2026-07-13 17:11:11,644] Trial 834 finished with values: [-177.499999999975, -434.99999999997954, 50.0] and parameters: {'sl_soft': 3.578361063233118, 'sl_hard_delta': 5.122016397226086, 'tp': 10.30323196771046, 'gate_pct': 57.542705711187445, 'dd_limit': 499.7446687086984, 'cooldown': 0, 'flip': False, 'en_ema_trend': True, 'ema_trend_fast': 41, 'ema_trend_slow': 274, 'en_sma_trend': True, 'sma_trend_fast': 167, 'sma_trend_slow': 258, 'en_macd': True, 'macd_fast': 16, 'macd_slow': 194, 'macd_signal': 41, 'en_vwap': False, 'en_keltner': False, 'keltner_n': 153, 'keltner_m': 4.0, 'en_obv': True, 'obv_slope': 160, 'en_cci': False, 'cci_n': 93, 'cci_threshold': 30, 'en_rsi': True, 'rsi_n': 21, 'rsi_lower': 15, 'rsi_upper': 71, 'en_stochastic': False, 'stochastic_n': 90, 'stochastic_d': 15, 'stochastic_lower': 4, 'stochastic_upper': 60, 'en_mfi': False, 'mfi_n': 90, 'mfi_lower': 23, 'mfi_upper': 78, 'en_bollinger': True, 'bollinger_n': 97, 'bollinger_k': 2.2, 'en_adx': False, 'adx_n': 79, 'adx_threshold': 50, 'en_structure_trend': True, 'structure_trend_swing_l': 14, 'en_order_block': False, 'order_block_swing_l': 19, 'en_fvg': False, 'fvg_lookback': 42, 'en_ifvg': True, 'en_breaker': False, 'breaker_swing_l': 20, 'en_cisd': False, 'k': 5, 'en_cap_bars': True, 'cap_1min': 3}.
[I 2026-07-13 17:11:13,708] Trial 835 finished with values: [541.708734937248, -8515.347115529697, 40.7] and parameters: {'sl_soft': 3.578361063233118, 'sl_hard_delta': 5.122016397226086, 'tp': 7.670322948010878, 'gate_pct': 94.70821660915905, 'dd_limit': 39.52565804693206, 'cooldown': 1, 'flip': False, 'en_ema_trend': True, 'ema_trend_fast': 55, 'ema_trend_slow': 38, 'en_sma_trend': True, 'sma_trend_fast': 345, 'sma_trend_slow': 292, 'en_macd': False, 'macd_fast': 80, 'macd_slow': 194, 'macd_signal': 91, 'en_vwap': True, 'en_keltner': True, 'keltner_n': 123, 'keltner_m': 3.7, 'en_obv': False, 'obv_slope': 25, 'en_cci': True, 'cci_n': 125, 'cci_threshold': 195, 'en_rsi': False, 'rsi_n': 100, 'rsi_lower': 41, 'rsi_upper': 71, 'en_stochastic': False, 'stochastic_n': 90, 'stochastic_d': 15, 'stochastic_lower': 4, 'stochastic_upper': 57, 'en_mfi': False, 'mfi_n': 70, 'mfi_lower': 19, 'mfi_upper': 68, 'en_bollinger': False, 'bollinger_n': 97, 'bollinger_k': 4.1, 'en_adx': False, 'adx_n': 35, 'adx_threshold': 50, 'en_structure_trend': True, 'structure_trend_swing_l': 9, 'en_order_block': False, 'order_block_swing_l': 4, 'en_fvg': True, 'fvg_lookback': 31, 'en_ifvg': False, 'en_breaker': False, 'breaker_swing_l': 1, 'en_cisd': False, 'k': 3, 'en_cap_bars': False, 'cap_1min': 1249}.
[I 2026-07-13 17:11:14,871] Trial 836 finished with values: [579.8933625268717, -664.9999999999864, 55.849999999999994] and parameters: {'sl_soft': 4.175083823529933, 'sl_hard_delta': 9.199132196036121, 'tp': 3.965955750179107, 'gate_pct': 97.49754431689279, 'dd_limit': 499.7446687086984, 'cooldown': 3, 'flip': False, 'en_ema_trend': False, 'ema_trend_fast': 317, 'ema_trend_slow': 301, 'en_sma_trend': True, 'sma_trend_fast': 173, 'sma_trend_slow': 163, 'en_macd': True, 'macd_fast': 16, 'macd_slow': 47, 'macd_signal': 85, 'en_vwap': True, 'en_keltner': True, 'keltner_n': 133, 'keltner_m': 4.0, 'en_obv': True, 'obv_slope': 161, 'en_cci': True, 'cci_n': 33, 'cci_threshold': 195, 'en_rsi': True, 'rsi_n': 23, 'rsi_lower': 20, 'rsi_upper': 59, 'en_stochastic': False, 'stochastic_n': 53, 'stochastic_d': 50, 'stochastic_lower': 38, 'stochastic_upper': 97, 'en_mfi': False, 'mfi_n': 61, 'mfi_lower': 17, 'mfi_upper': 65, 'en_bollinger': False, 'bollinger_n': 22, 'bollinger_k': 1.6, 'en_adx': False, 'adx_n': 48, 'adx_threshold': 34, 'en_structure_trend': True, 'structure_trend_swing_l': 17, 'en_order_block': True, 'order_block_swing_l': 9, 'en_fvg': False, 'fvg_lookback': 50, 'en_ifvg': True, 'en_breaker': False, 'breaker_swing_l': 17, 'en_cisd': True, 'k': 4, 'en_cap_bars': True, 'cap_1min': 3}.
[I 2026-07-13 17:11:17,648] Trial 837 finished with values: [-612.4523149525658, -2538.5110624551317, 50.0] and parameters: {'sl_soft': 2.609471604804969, 'sl_hard_delta': 9.199132196036121, 'tp': 3.965955750179107, 'gate_pct': 94.70821660915905, 'dd_limit': 402.5655501260223, 'cooldown': 2, 'flip': False, 'en_ema_trend': False, 'ema_trend_fast': 317, 'ema_trend_slow': 64, 'en_sma_trend': False, 'sma_trend_fast': 173, 'sma_trend_slow': 328, 'en_macd': True, 'macd_fast': 56, 'macd_slow': 47, 'macd_signal': 85, 'en_vwap': True, 'en_keltner': True, 'keltner_n': 133, 'keltner_m': 1.8, 'en_obv': True, 'obv_slope': 25, 'en_cci': True, 'cci_n': 33, 'cci_threshold': 195, 'en_rsi': True, 'rsi_n': 5, 'rsi_lower': 20, 'rsi_upper': 61, 'en_stochastic': False, 'stochastic_n': 53, 'stochastic_d': 42, 'stochastic_lower': 46, 'stochastic_upper': 97, 'en_mfi': False, 'mfi_n': 70, 'mfi_lower': 10, 'mfi_upper': 93, 'en_bollinger': True, 'bollinger_n': 22, 'bollinger_k': 1.6, 'en_adx': False, 'adx_n': 7, 'adx_threshold': 57, 'en_structure_trend': True, 'structure_trend_swing_l': 5, 'en_order_block': True, 'order_block_swing_l': 9, 'en_fvg': False, 'fvg_lookback': 31, 'en_ifvg': False, 'en_breaker': True, 'breaker_swing_l': 1, 'en_cisd': False, 'k': 4, 'en_cap_bars': True, 'cap_1min': 1249}.
[I 2026-07-13 17:11:18,034] Trial 838 finished with values: [955.0713004912268, -710.0188730229547, 58.35] and parameters: {'sl_soft': 3.578361063233118, 'sl_hard_delta': 5.122016397226086, 'tp': 7.670322948010878, 'gate_pct': 76.55976188692937, 'dd_limit': 234.1688012834486, 'cooldown': 5, 'flip': False, 'en_ema_trend': True, 'ema_trend_fast': 41, 'ema_trend_slow': 316, 'en_sma_trend': True, 'sma_trend_fast': 173, 'sma_trend_slow': 324, 'en_macd': True, 'macd_fast': 16, 'macd_slow': 194, 'macd_signal': 30, 'en_vwap': False, 'en_keltner': False, 'keltner_n': 102, 'keltner_m': 1.7000000000000002, 'en_obv': False, 'obv_slope': 161, 'en_cci': False, 'cci_n': 33, 'cci_threshold': 30, 'en_rsi': False, 'rsi_n': 33, 'rsi_lower': 40, 'rsi_upper': 91, 'en_stochastic': False, 'stochastic_n': 65, 'stochastic_d': 50, 'stochastic_lower': 2, 'stochastic_upper': 71, 'en_mfi': False, 'mfi_n': 92, 'mfi_lower': 33, 'mfi_upper': 93, 'en_bollinger': False, 'bollinger_n': 22, 'bollinger_k': 4.9, 'en_adx': False, 'adx_n': 20, 'adx_threshold': 28, 'en_structure_trend': True, 'structure_trend_swing_l': 7, 'en_order_block': False, 'order_block_swing_l': 19, 'en_fvg': False, 'fvg_lookback': 6, 'en_ifvg': True, 'en_breaker': True, 'breaker_swing_l': 3, 'en_cisd': True, 'k': 1, 'en_cap_bars': False, 'cap_1min': 3}.
[I 2026-07-13 17:11:18,344] Trial 839 finished with values: [554.7746696644367, -765.7565241617021, 64.95] and parameters: {'sl_soft': 4.175083823529933, 'sl_hard_delta': 1.5400466597035951, 'tp': 3.965955750179107, 'gate_pct': 76.55976188692937, 'dd_limit': 162.39650823726745, 'cooldown': 3, 'flip': False, 'en_ema_trend': False, 'ema_trend_fast': 317, 'ema_trend_slow': 301, 'en_sma_trend': True, 'sma_trend_fast': 173, 'sma_trend_slow': 163, 'en_macd': True, 'macd_fast': 16, 'macd_slow': 47, 'macd_signal': 85, 'en_vwap': True, 'en_keltner': True, 'keltner_n': 133, 'keltner_m': 2.2, 'en_obv': True, 'obv_slope': 161, 'en_cci': True, 'cci_n': 33, 'cci_threshold': 195, 'en_rsi': True, 'rsi_n': 33, 'rsi_lower': 20, 'rsi_upper': 69, 'en_stochastic': False, 'stochastic_n': 53, 'stochastic_d': 42, 'stochastic_lower': 46, 'stochastic_upper': 97, 'en_mfi': False, 'mfi_n': 61, 'mfi_lower': 10, 'mfi_upper': 93, 'en_bollinger': False, 'bollinger_n': 22, 'bollinger_k': 4.9, 'en_adx': False, 'adx_n': 71, 'adx_threshold': 34, 'en_structure_trend': True, 'structure_trend_swing_l': 10, 'en_order_block': False, 'order_block_swing_l': 9, 'en_fvg': False, 'fvg_lookback': 50, 'en_ifvg': True, 'en_breaker': False, 'breaker_swing_l': 17, 'en_cisd': True, 'k': 4, 'en_cap_bars': True, 'cap_1min': 445}.
[I 2026-07-13 17:11:19,902] Trial 840 pruned. 
[I 2026-07-13 17:11:21,243] Trial 841 finished with values: [666.2858433842302, -2329.006995029431, 27.25] and parameters: {'sl_soft': 2.0827834824761626, 'sl_hard_delta': 0.14484222707573952, 'tp': 7.670322948010878, 'gate_pct': 94.70821660915905, 'dd_limit': 234.1688012834486, 'cooldown': 2, 'flip': True, 'en_ema_trend': True, 'ema_trend_fast': 37, 'ema_trend_slow': 38, 'en_sma_trend': False, 'sma_trend_fast': 141, 'sma_trend_slow': 357, 'en_macd': True, 'macd_fast': 80, 'macd_slow': 47, 'macd_signal': 9, 'en_vwap': False, 'en_keltner': False, 'keltner_n': 77, 'keltner_m': 3.8000000000000003, 'en_obv': True, 'obv_slope': 160, 'en_cci': False, 'cci_n': 33, 'cci_threshold': 170, 'en_rsi': False, 'rsi_n': 23, 'rsi_lower': 15, 'rsi_upper': 89, 'en_stochastic': True, 'stochastic_n': 90, 'stochastic_d': 29, 'stochastic_lower': 2, 'stochastic_upper': 71, 'en_mfi': False, 'mfi_n': 70, 'mfi_lower': 19, 'mfi_upper': 62, 'en_bollinger': False, 'bollinger_n': 69, 'bollinger_k': 2.2, 'en_adx': False, 'adx_n': 7, 'adx_threshold': 6, 'en_structure_trend': True, 'structure_trend_swing_l': 7, 'en_order_block': False, 'order_block_swing_l': 9, 'en_fvg': False, 'fvg_lookback': 50, 'en_ifvg': False, 'en_breaker': True, 'breaker_swing_l': 17, 'en_cisd': False, 'k': 1, 'en_cap_bars': True, 'cap_1min': 1249}.
[I 2026-07-13 17:11:21,680] Trial 842 finished with values: [-32.09529632251815, -838.7640427524957, 58.35] and parameters: {'sl_soft': 5.813971841918589, 'sl_hard_delta': 3.361309013131448, 'tp': 3.965955750179107, 'gate_pct': 57.542705711187445, 'dd_limit': 141.98378389938074, 'cooldown': 3, 'flip': False, 'en_ema_trend': True, 'ema_trend_fast': 55, 'ema_trend_slow': 64, 'en_sma_trend': False, 'sma_trend_fast': 345, 'sma_trend_slow': 143, 'en_macd': True, 'macd_fast': 16, 'macd_slow': 172, 'macd_signal': 30, 'en_vwap': True, 'en_keltner': False, 'keltner_n': 123, 'keltner_m': 1.7000000000000002, 'en_obv': False, 'obv_slope': 25, 'en_cci': False, 'cci_n': 93, 'cci_threshold': 165, 'en_rsi': True, 'rsi_n': 43, 'rsi_lower': 8, 'rsi_upper': 71, 'en_stochastic': False, 'stochastic_n': 90, 'stochastic_d': 15, 'stochastic_lower': 4, 'stochastic_upper': 71, 'en_mfi': False, 'mfi_n': 11, 'mfi_lower': 23, 'mfi_upper': 69, 'en_bollinger': True, 'bollinger_n': 97, 'bollinger_k': 4.1, 'en_adx': False, 'adx_n': 20, 'adx_threshold': 50, 'en_structure_trend': True, 'structure_trend_swing_l': 5, 'en_order_block': False, 'order_block_swing_l': 19, 'en_fvg': False, 'fvg_lookback': 31, 'en_ifvg': True, 'en_breaker': False, 'breaker_swing_l': 2, 'en_cisd': True, 'k': 1, 'en_cap_bars': True, 'cap_1min': 929}.
[I 2026-07-13 17:11:22,217] Trial 843 finished with values: [1369.929331003891, -1845.780585203147, 49.8] and parameters: {'sl_soft': 4.175083823529933, 'sl_hard_delta': 2.4202277271614805, 'tp': 7.670322948010878, 'gate_pct': 76.55976188692937, 'dd_limit': 499.7446687086984, 'cooldown': 0, 'flip': False, 'en_ema_trend': True, 'ema_trend_fast': 41, 'ema_trend_slow': 346, 'en_sma_trend': False, 'sma_trend_fast': 167, 'sma_trend_slow': 163, 'en_macd': True, 'macd_fast': 16, 'macd_slow': 63, 'macd_signal': 30, 'en_vwap': False, 'en_keltner': True, 'keltner_n': 153, 'keltner_m': 3.7, 'en_obv': True, 'obv_slope': 19, 'en_cci': False, 'cci_n': 33, 'cci_threshold': 30, 'en_rsi': True, 'rsi_n': 43, 'rsi_lower': 8, 'rsi_upper': 69, 'en_stochastic': False, 'stochastic_n': 65, 'stochastic_d': 50, 'stochastic_lower': 4, 'stochastic_upper': 71, 'en_mfi': False, 'mfi_n': 70, 'mfi_lower': 17, 'mfi_upper': 78, 'en_bollinger': False, 'bollinger_n': 182, 'bollinger_k': 2.2, 'en_adx': False, 'adx_n': 79, 'adx_threshold': 50, 'en_structure_trend': True, 'structure_trend_swing_l': 5, 'en_order_block': False, 'order_block_swing_l': 9, 'en_fvg': False, 'fvg_lookback': 42, 'en_ifvg': True, 'en_breaker': True, 'breaker_swing_l': 20, 'en_cisd': True, 'k': 1, 'en_cap_bars': True, 'cap_1min': 929}.
