[I 2026-07-13 17:10:41,945] Trial 264 finished with values: [-66.37920683426728, -160.91947122283727, 34.5] and parameters: {'sl_soft': 0.5515595736823468, 'sl_hard_delta': 2.000352014019867, 'tp': 1.2908052877716663, 'gate_pct': 49.958417067888604, 'dd_limit': 434.8338936907749, 'cooldown': 2, 'flip': True, 'en_ema_trend': True, 'ema_trend_fast': 13, 'ema_trend_slow': 291, 'en_sma_trend': False, 'sma_trend_fast': 142, 'sma_trend_slow': 384, 'en_macd': True, 'macd_fast': 33, 'macd_slow': 63, 'macd_signal': 14, 'en_vwap': True, 'en_keltner': True, 'keltner_n': 178, 'keltner_m': 1.2000000000000002, 'en_obv': False, 'obv_slope': 191, 'en_cci': False, 'cci_n': 33, 'cci_threshold': 40, 'en_rsi': True, 'rsi_n': 23, 'rsi_lower': 46, 'rsi_upper': 88, 'en_stochastic': False, 'stochastic_n': 60, 'stochastic_d': 50, 'stochastic_lower': 36, 'stochastic_upper': 88, 'en_mfi': True, 'mfi_n': 26, 'mfi_lower': 15, 'mfi_upper': 61, 'en_bollinger': True, 'bollinger_n': 182, 'bollinger_k': 2.6, 'en_adx': False, 'adx_n': 71, 'adx_threshold': 34, 'en_structure_trend': True, 'structure_trend_swing_l': 19, 'en_order_block': True, 'order_block_swing_l': 7, 'en_fvg': True, 'fvg_lookback': 35, 'en_ifvg': True, 'en_breaker': False, 'breaker_swing_l': 5, 'en_cisd': False, 'k': 1, 'en_cap_bars': True, 'cap_1min': 1002}.
[I 2026-07-13 17:10:48,709] Trial 265 finished with values: [-340.61842583639645, -1486.5723993696292, 58.7] and parameters: {'sl_soft': 1.4657917354156722, 'sl_hard_delta': 0.8861815828053933, 'tp': 1.3454659185587121, 'gate_pct': 96.7516051221724, 'dd_limit': 303.98551158454603, 'cooldown': 6, 'flip': True, 'en_ema_trend': False, 'ema_trend_fast': 351, 'ema_trend_slow': 334, 'en_sma_trend': False, 'sma_trend_fast': 337, 'sma_trend_slow': 298, 'en_macd': False, 'macd_fast': 25, 'macd_slow': 18, 'macd_signal': 24, 'en_vwap': False, 'en_keltner': False, 'keltner_n': 68, 'keltner_m': 0.9, 'en_obv': False, 'obv_slope': 7, 'en_cci': True, 'cci_n': 88, 'cci_threshold': 250, 'en_rsi': False, 'rsi_n': 95, 'rsi_lower': 7, 'rsi_upper': 55, 'en_stochastic': True, 'stochastic_n': 77, 'stochastic_d': 14, 'stochastic_lower': 40, 'stochastic_upper': 72, 'en_mfi': True, 'mfi_n': 45, 'mfi_lower': 23, 'mfi_upper': 51, 'en_bollinger': True, 'bollinger_n': 92, 'bollinger_k': 2.7, 'en_adx': False, 'adx_n': 31, 'adx_threshold': 20, 'en_structure_trend': False, 'structure_trend_swing_l': 18, 'en_order_block': False, 'order_block_swing_l': 13, 'en_fvg': False, 'fvg_lookback': 41, 'en_ifvg': False, 'en_breaker': True, 'breaker_swing_l': 9, 'en_cisd': False, 'k': 1, 'en_cap_bars': False, 'cap_1min': 651}.
[I 2026-07-13 17:10:49,151] Trial 266 pruned. 
[I 2026-07-13 17:10:49,694] Trial 267 finished with values: [-100.93988896943529, -424.09702752961493, 38.849999999999994] and parameters: {'sl_soft': 1.3435490131176673, 'sl_hard_delta': 0.11462718345905083, 'tp': 1.7252928254459086, 'gate_pct': 42.9738375018603, 'dd_limit': 439.12927848069006, 'cooldown': 24, 'flip': False, 'en_ema_trend': True, 'ema_trend_fast': 141, 'ema_trend_slow': 399, 'en_sma_trend': False, 'sma_trend_fast': 14, 'sma_trend_slow': 122, 'en_macd': True, 'macd_fast': 71, 'macd_slow': 135, 'macd_signal': 36, 'en_vwap': True, 'en_keltner': True, 'keltner_n': 168, 'keltner_m': 0.7, 'en_obv': True, 'obv_slope': 129, 'en_cci': True, 'cci_n': 112, 'cci_threshold': 270, 'en_rsi': False, 'rsi_n': 24, 'rsi_lower': 30, 'rsi_upper': 63, 'en_stochastic': True, 'stochastic_n': 24, 'stochastic_d': 19, 'stochastic_lower': 5, 'stochastic_upper': 56, 'en_mfi': False, 'mfi_n': 68, 'mfi_lower': 36, 'mfi_upper': 99, 'en_bollinger': True, 'bollinger_n': 137, 'bollinger_k': 3.3000000000000003, 'en_adx': True, 'adx_n': 49, 'adx_threshold': 9, 'en_structure_trend': False, 'structure_trend_swing_l': 11, 'en_order_block': True, 'order_block_swing_l': 1, 'en_fvg': False, 'fvg_lookback': 13, 'en_ifvg': False, 'en_breaker': True, 'breaker_swing_l': 5, 'en_cisd': False, 'k': 4, 'en_cap_bars': True, 'cap_1min': 765}.
[I 2026-07-13 17:11:00,253] Trial 268 finished with values: [383.96546325076883, -339.8997846779139, 46.05] and parameters: {'sl_soft': 0.9976436795384156, 'sl_hard_delta': 2.000352014019867, 'tp': 2.1925639368831504, 'gate_pct': 74.50813821223942, 'dd_limit': 208.93735973419433, 'cooldown': 23, 'flip': True, 'en_ema_trend': True, 'ema_trend_fast': 293, 'ema_trend_slow': 99, 'en_sma_trend': True, 'sma_trend_fast': 164, 'sma_trend_slow': 84, 'en_macd': True, 'macd_fast': 57, 'macd_slow': 79, 'macd_signal': 36, 'en_vwap': False, 'en_keltner': True, 'keltner_n': 171, 'keltner_m': 4.5, 'en_obv': True, 'obv_slope': 170, 'en_cci': False, 'cci_n': 2, 'cci_threshold': 80, 'en_rsi': False, 'rsi_n': 25, 'rsi_lower': 46, 'rsi_upper': 84, 'en_stochastic': False, 'stochastic_n': 56, 'stochastic_d': 7, 'stochastic_lower': 36, 'stochastic_upper': 88, 'en_mfi': True, 'mfi_n': 41, 'mfi_lower': 47, 'mfi_upper': 62, 'en_bollinger': True, 'bollinger_n': 198, 'bollinger_k': 2.1, 'en_adx': True, 'adx_n': 59, 'adx_threshold': 5, 'en_structure_trend': True, 'structure_trend_swing_l': 17, 'en_order_block': False, 'order_block_swing_l': 13, 'en_fvg': True, 'fvg_lookback': 28, 'en_ifvg': False, 'en_breaker': False, 'breaker_swing_l': 19, 'en_cisd': True, 'k': 4, 'en_cap_bars': True, 'cap_1min': 1165}.
[I 2026-07-13 17:11:00,832] Trial 269 finished with values: [-86.19289995223198, -378.7771505264459, 42.099999999999994] and parameters: {'sl_soft': 0.7454061624172673, 'sl_hard_delta': 0.02145810771492437, 'tp': 0.9388570623175305, 'gate_pct': 73.0036735816267, 'dd_limit': 390.2569167971573, 'cooldown': 25, 'flip': True, 'en_ema_trend': False, 'ema_trend_fast': 317, 'ema_trend_slow': 38, 'en_sma_trend': False, 'sma_trend_fast': 141, 'sma_trend_slow': 171, 'en_macd': False, 'macd_fast': 80, 'macd_slow': 149, 'macd_signal': 9, 'en_vwap': False, 'en_keltner': False, 'keltner_n': 77, 'keltner_m': 1.8, 'en_obv': False, 'obv_slope': 110, 'en_cci': True, 'cci_n': 125, 'cci_threshold': 30, 'en_rsi': True, 'rsi_n': 15, 'rsi_lower': 41, 'rsi_upper': 82, 'en_stochastic': True, 'stochastic_n': 89, 'stochastic_d': 3, 'stochastic_lower': 2, 'stochastic_upper': 77, 'en_mfi': False, 'mfi_n': 97, 'mfi_lower': 7, 'mfi_upper': 86, 'en_bollinger': False, 'bollinger_n': 32, 'bollinger_k': 3.8000000000000003, 'en_adx': False, 'adx_n': 17, 'adx_threshold': 6, 'en_structure_trend': True, 'structure_trend_swing_l': 11, 'en_order_block': True, 'order_block_swing_l': 9, 'en_fvg': True, 'fvg_lookback': 50, 'en_ifvg': False, 'en_breaker': False, 'breaker_swing_l': 17, 'en_cisd': False, 'k': 1, 'en_cap_bars': True, 'cap_1min': 272}.
[I 2026-07-13 17:11:03,364] Trial 270 pruned. 
[I 2026-07-13 17:11:06,706] Trial 271 finished with values: [-494.3276231078528, -678.3376613042265, 37.5] and parameters: {'sl_soft': 1.3435490131176673, 'sl_hard_delta': 0.37325946217175326, 'tp': 1.7252928254459086, 'gate_pct': 80.28577378768065, 'dd_limit': 439.12927848069006, 'cooldown': 24, 'flip': False, 'en_ema_trend': False, 'ema_trend_fast': 141, 'ema_trend_slow': 399, 'en_sma_trend': False, 'sma_trend_fast': 14, 'sma_trend_slow': 122, 'en_macd': True, 'macd_fast': 71, 'macd_slow': 64, 'macd_signal': 36, 'en_vwap': True, 'en_keltner': True, 'keltner_n': 49, 'keltner_m': 0.7, 'en_obv': True, 'obv_slope': 116, 'en_cci': False, 'cci_n': 91, 'cci_threshold': 155, 'en_rsi': False, 'rsi_n': 25, 'rsi_lower': 30, 'rsi_upper': 63, 'en_stochastic': False, 'stochastic_n': 55, 'stochastic_d': 34, 'stochastic_lower': 42, 'stochastic_upper': 70, 'en_mfi': False, 'mfi_n': 84, 'mfi_lower': 36, 'mfi_upper': 99, 'en_bollinger': True, 'bollinger_n': 137, 'bollinger_k': 3.3000000000000003, 'en_adx': False, 'adx_n': 49, 'adx_threshold': 57, 'en_structure_trend': False, 'structure_trend_swing_l': 11, 'en_order_block': True, 'order_block_swing_l': 1, 'en_fvg': False, 'fvg_lookback': 13, 'en_ifvg': False, 'en_breaker': True, 'breaker_swing_l': 5, 'en_cisd': False, 'k': 4, 'en_cap_bars': True, 'cap_1min': 1165}.
[I 2026-07-13 17:11:09,690] Trial 272 finished with values: [-40.81376317705008, -385.1182993633756, 42.5] and parameters: {'sl_soft': 0.9251754086688571, 'sl_hard_delta': 0.35855225587577483, 'tp': 1.6255910785189387, 'gate_pct': 98.24909449748954, 'dd_limit': 324.55645790818636, 'cooldown': 13, 'flip': True, 'en_ema_trend': True, 'ema_trend_fast': 174, 'ema_trend_slow': 144, 'en_sma_trend': False, 'sma_trend_fast': 109, 'sma_trend_slow': 258, 'en_macd': True, 'macd_fast': 16, 'macd_slow': 172, 'macd_signal': 14, 'en_vwap': True, 'en_keltner': False, 'keltner_n': 185, 'keltner_m': 4.300000000000001, 'en_obv': True, 'obv_slope': 191, 'en_cci': True, 'cci_n': 33, 'cci_threshold': 30, 'en_rsi': True, 'rsi_n': 35, 'rsi_lower': 8, 'rsi_upper': 88, 'en_stochastic': False, 'stochastic_n': 9, 'stochastic_d': 50, 'stochastic_lower': 12, 'stochastic_upper': 71, 'en_mfi': False, 'mfi_n': 7, 'mfi_lower': 31, 'mfi_upper': 85, 'en_bollinger': True, 'bollinger_n': 35, 'bollinger_k': 2.2, 'en_adx': True, 'adx_n': 20, 'adx_threshold': 30, 'en_structure_trend': True, 'structure_trend_swing_l': 4, 'en_order_block': False, 'order_block_swing_l': 17, 'en_fvg': False, 'fvg_lookback': 31, 'en_ifvg': True, 'en_breaker': True, 'breaker_swing_l': 14, 'en_cisd': False, 'k': 3, 'en_cap_bars': False, 'cap_1min': 1106}.
[I 2026-07-13 17:11:10,213] Trial 273 finished with values: [-91.30747824492573, -274.1806283420374, 37.45] and parameters: {'sl_soft': 0.9976436795384156, 'sl_hard_delta': 0.37325946217175326, 'tp': 1.7252928254459086, 'gate_pct': 42.9738375018603, 'dd_limit': 208.93735973419433, 'cooldown': 23, 'flip': False, 'en_ema_trend': True, 'ema_trend_fast': 101, 'ema_trend_slow': 399, 'en_sma_trend': False, 'sma_trend_fast': 14, 'sma_trend_slow': 376, 'en_macd': True, 'macd_fast': 71, 'macd_slow': 64, 'macd_signal': 36, 'en_vwap': True, 'en_keltner': True, 'keltner_n': 49, 'keltner_m': 4.5, 'en_obv': True, 'obv_slope': 116, 'en_cci': False, 'cci_n': 112, 'cci_threshold': 155, 'en_rsi': False, 'rsi_n': 24, 'rsi_lower': 12, 'rsi_upper': 63, 'en_stochastic': False, 'stochastic_n': 55, 'stochastic_d': 34, 'stochastic_lower': 44, 'stochastic_upper': 56, 'en_mfi': False, 'mfi_n': 84, 'mfi_lower': 36, 'mfi_upper': 54, 'en_bollinger': True, 'bollinger_n': 161, 'bollinger_k': 3.4000000000000004, 'en_adx': False, 'adx_n': 49, 'adx_threshold': 9, 'en_structure_trend': True, 'structure_trend_swing_l': 17, 'en_order_block': True, 'order_block_swing_l': 14, 'en_fvg': True, 'fvg_lookback': 45, 'en_ifvg': False, 'en_breaker': True, 'breaker_swing_l': 5, 'en_cisd': False, 'k': 3, 'en_cap_bars': False, 'cap_1min': 1165}.
[I 2026-07-13 17:11:16,940] Trial 274 finished with values: [57.132441996998296, -236.48510685611654, 63.95] and parameters: {'sl_soft': 1.1879905239922621, 'sl_hard_delta': 0.21793918276339308, 'tp': 0.894016689900206, 'gate_pct': 37.39778324297737, 'dd_limit': 225.9151492162283, 'cooldown': 0, 'flip': True, 'en_ema_trend': True, 'ema_trend_fast': 236, 'ema_trend_slow': 90, 'en_sma_trend': False, 'sma_trend_fast': 164, 'sma_trend_slow': 84, 'en_macd': False, 'macd_fast': 100, 'macd_slow': 134, 'macd_signal': 36, 'en_vwap': True, 'en_keltner': False, 'keltner_n': 130, 'keltner_m': 4.5, 'en_obv': True, 'obv_slope': 170, 'en_cci': True, 'cci_n': 39, 'cci_threshold': 50, 'en_rsi': False, 'rsi_n': 48, 'rsi_lower': 23, 'rsi_upper': 84, 'en_stochastic': False, 'stochastic_n': 56, 'stochastic_d': 6, 'stochastic_lower': 28, 'stochastic_upper': 70, 'en_mfi': True, 'mfi_n': 87, 'mfi_lower': 47, 'mfi_upper': 76, 'en_bollinger': False, 'bollinger_n': 104, 'bollinger_k': 4.8, 'en_adx': True, 'adx_n': 59, 'adx_threshold': 9, 'en_structure_trend': True, 'structure_trend_swing_l': 10, 'en_order_block': False, 'order_block_swing_l': 14, 'en_fvg': False, 'fvg_lookback': 31, 'en_ifvg': True, 'en_breaker': False, 'breaker_swing_l': 3, 'en_cisd': True, 'k': 1, 'en_cap_bars': False, 'cap_1min': 1381}.
[I 2026-07-13 17:11:20,258] Trial 275 finished with values: [570.0937552689538, -805.5334576941277, 53.5] and parameters: {'sl_soft': 1.4657917354156722, 'sl_hard_delta': 0.8861815828053933, 'tp': 2.249197437223498, 'gate_pct': 74.64771504966384, 'dd_limit': 439.4689893251477, 'cooldown': 1, 'flip': True, 'en_ema_trend': True, 'ema_trend_fast': 351, 'ema_trend_slow': 112, 'en_sma_trend': False, 'sma_trend_fast': 337, 'sma_trend_slow': 300, 'en_macd': True, 'macd_fast': 33, 'macd_slow': 98, 'macd_signal': 22, 'en_vwap': True, 'en_keltner': True, 'keltner_n': 178, 'keltner_m': 3.9000000000000004, 'en_obv': False, 'obv_slope': 50, 'en_cci': False, 'cci_n': 32, 'cci_threshold': 250, 'en_rsi': True, 'rsi_n': 58, 'rsi_lower': 11, 'rsi_upper': 94, 'en_stochastic': False, 'stochastic_n': 80, 'stochastic_d': 24, 'stochastic_lower': 44, 'stochastic_upper': 74, 'en_mfi': True, 'mfi_n': 2, 'mfi_lower': 12, 'mfi_upper': 51, 'en_bollinger': True, 'bollinger_n': 52, 'bollinger_k': 2.8000000000000003, 'en_adx': False, 'adx_n': 48, 'adx_threshold': 44, 'en_structure_trend': False, 'structure_trend_swing_l': 20, 'en_order_block': False, 'order_block_swing_l': 13, 'en_fvg': False, 'fvg_lookback': 19, 'en_ifvg': False, 'en_breaker': False, 'breaker_swing_l': 9, 'en_cisd': False, 'k': 4, 'en_cap_bars': False, 'cap_1min': 1416}.
[I 2026-07-13 17:11:20,966] Trial 276 pruned. 
[I 2026-07-13 17:11:24,029] Trial 277 finished with values: [11.780044659644773, -279.38085403143305, 59.1] and parameters: {'sl_soft': 0.7051738093466424, 'sl_hard_delta': 2.000352014019867, 'tp': 0.8030957298429366, 'gate_pct': 58.77346993604095, 'dd_limit': 190.1331512882937, 'cooldown': 34, 'flip': True, 'en_ema_trend': True, 'ema_trend_fast': 13, 'ema_trend_slow': 291, 'en_sma_trend': True, 'sma_trend_fast': 357, 'sma_trend_slow': 329, 'en_macd': True, 'macd_fast': 33, 'macd_slow': 53, 'macd_signal': 86, 'en_vwap': True, 'en_keltner': False, 'keltner_n': 178, 'keltner_m': 4.1, 'en_obv': False, 'obv_slope': 167, 'en_cci': False, 'cci_n': 37, 'cci_threshold': 40, 'en_rsi': True, 'rsi_n': 97, 'rsi_lower': 13, 'rsi_upper': 57, 'en_stochastic': False, 'stochastic_n': 63, 'stochastic_d': 7, 'stochastic_lower': 36, 'stochastic_upper': 62, 'en_mfi': False, 'mfi_n': 26, 'mfi_lower': 8, 'mfi_upper': 61, 'en_bollinger': True, 'bollinger_n': 136, 'bollinger_k': 3.9000000000000004, 'en_adx': False, 'adx_n': 62, 'adx_threshold': 44, 'en_structure_trend': True, 'structure_trend_swing_l': 19, 'en_order_block': False, 'order_block_swing_l': 11, 'en_fvg': False, 'fvg_lookback': 47, 'en_ifvg': True, 'en_breaker': False, 'breaker_swing_l': 10, 'en_cisd': True, 'k': 1, 'en_cap_bars': False, 'cap_1min': 1002}.
[I 2026-07-13 17:11:27,385] Trial 278 pruned. 
[I 2026-07-13 17:11:27,636] Trial 279 pruned. 
[I 2026-07-13 17:11:33,247] Trial 280 finished with values: [47.32822393842753, -525.635839451752, 35.95] and parameters: {'sl_soft': 0.9976436795384156, 'sl_hard_delta': 0.35855225587577483, 'tp': 1.6930466296932924, 'gate_pct': 80.28577378768065, 'dd_limit': 499.7446687086984, 'cooldown': 23, 'flip': False, 'en_ema_trend': False, 'ema_trend_fast': 101, 'ema_trend_slow': 238, 'en_sma_trend': False, 'sma_trend_fast': 7, 'sma_trend_slow': 258, 'en_macd': True, 'macd_fast': 16, 'macd_slow': 63, 'macd_signal': 13, 'en_vwap': True, 'en_keltner': True, 'keltner_n': 49, 'keltner_m': 2.0, 'en_obv': True, 'obv_slope': 191, 'en_cci': True, 'cci_n': 33, 'cci_threshold': 30, 'en_rsi': True, 'rsi_n': 23, 'rsi_lower': 19, 'rsi_upper': 88, 'en_stochastic': False, 'stochastic_n': 27, 'stochastic_d': 34, 'stochastic_lower': 44, 'stochastic_upper': 70, 'en_mfi': True, 'mfi_n': 84, 'mfi_lower': 2, 'mfi_upper': 65, 'en_bollinger': False, 'bollinger_n': 161, 'bollinger_k': 2.2, 'en_adx': False, 'adx_n': 31, 'adx_threshold': 57, 'en_structure_trend': True, 'structure_trend_swing_l': 17, 'en_order_block': False, 'order_block_swing_l': 14, 'en_fvg': True, 'fvg_lookback': 35, 'en_ifvg': True, 'en_breaker': True, 'breaker_swing_l': 5, 'en_cisd': False, 'k': 5, 'en_cap_bars': False, 'cap_1min': 1165}.
[I 2026-07-13 17:11:35,217] Trial 281 finished with values: [-41.11949724942292, -307.38486119447543, 38.2] and parameters: {'sl_soft': 1.124380577176661, 'sl_hard_delta': 0.21793918276339308, 'tp': 1.9062213357503182, 'gate_pct': 26.991527672954163, 'dd_limit': 225.9151492162283, 'cooldown': 26, 'flip': True, 'en_ema_trend': True, 'ema_trend_fast': 236, 'ema_trend_slow': 90, 'en_sma_trend': False, 'sma_trend_fast': 285, 'sma_trend_slow': 304, 'en_macd': False, 'macd_fast': 100, 'macd_slow': 144, 'macd_signal': 26, 'en_vwap': True, 'en_keltner': True, 'keltner_n': 162, 'keltner_m': 0.5, 'en_obv': True, 'obv_slope': 44, 'en_cci': True, 'cci_n': 42, 'cci_threshold': 35, 'en_rsi': True, 'rsi_n': 56, 'rsi_lower': 23, 'rsi_upper': 59, 'en_stochastic': False, 'stochastic_n': 21, 'stochastic_d': 6, 'stochastic_lower': 28, 'stochastic_upper': 70, 'en_mfi': False, 'mfi_n': 53, 'mfi_lower': 37, 'mfi_upper': 76, 'en_bollinger': False, 'bollinger_n': 178, 'bollinger_k': 4.8, 'en_adx': True, 'adx_n': 2, 'adx_threshold': 9, 'en_structure_trend': False, 'structure_trend_swing_l': 10, 'en_order_block': False, 'order_block_swing_l': 14, 'en_fvg': False, 'fvg_lookback': 31, 'en_ifvg': False, 'en_breaker': False, 'breaker_swing_l': 3, 'en_cisd': True, 'k': 1, 'en_cap_bars': False, 'cap_1min': 1381}.
[I 2026-07-13 17:11:42,997] Trial 282 finished with values: [171.80451797460137, -270.3367482605472, 36.65] and parameters: {'sl_soft': 0.6372466583840594, 'sl_hard_delta': 1.5396206734632834, 'tp': 2.1932650347890235, 'gate_pct': 30.375843415186864, 'dd_limit': 266.0793164115283, 'cooldown': 17, 'flip': False, 'en_ema_trend': True, 'ema_trend_fast': 373, 'ema_trend_slow': 251, 'en_sma_trend': False, 'sma_trend_fast': 212, 'sma_trend_slow': 302, 'en_macd': True, 'macd_fast': 25, 'macd_slow': 193, 'macd_signal': 75, 'en_vwap': True, 'en_keltner': False, 'keltner_n': 3, 'keltner_m': 0.8, 'en_obv': False, 'obv_slope': 38, 'en_cci': False, 'cci_n': 176, 'cci_threshold': 180, 'en_rsi': False, 'rsi_n': 65, 'rsi_lower': 28, 'rsi_upper': 64, 'en_stochastic': True, 'stochastic_n': 97, 'stochastic_d': 34, 'stochastic_lower': 22, 'stochastic_upper': 98, 'en_mfi': True, 'mfi_n': 96, 'mfi_lower': 27, 'mfi_upper': 64, 'en_bollinger': False, 'bollinger_n': 40, 'bollinger_k': 2.2, 'en_adx': False, 'adx_n': 77, 'adx_threshold': 39, 'en_structure_trend': False, 'structure_trend_swing_l': 15, 'en_order_block': True, 'order_block_swing_l': 1, 'en_fvg': False, 'fvg_lookback': 28, 'en_ifvg': False, 'en_breaker': False, 'breaker_swing_l': 3, 'en_cisd': False, 'k': 2, 'en_cap_bars': False, 'cap_1min': 1379}.
[I 2026-07-13 17:11:45,809] Trial 283 finished with values: [-112.09443079638959, -420.3367482606154, 41.599999999999994] and parameters: {'sl_soft': 0.6372466583840594, 'sl_hard_delta': 1.8263256778410655, 'tp': 2.1932650347890235, 'gate_pct': 54.8778799805964, 'dd_limit': 133.93255991555952, 'cooldown': 2, 'flip': False, 'en_ema_trend': False, 'ema_trend_fast': 196, 'ema_trend_slow': 17, 'en_sma_trend': False, 'sma_trend_fast': 62, 'sma_trend_slow': 134, 'en_macd': True, 'macd_fast': 16, 'macd_slow': 193, 'macd_signal': 92, 'en_vwap': True, 'en_keltner': True, 'keltner_n': 175, 'keltner_m': 3.1, 'en_obv': True, 'obv_slope': 191, 'en_cci': True, 'cci_n': 33, 'cci_threshold': 180, 'en_rsi': False, 'rsi_n': 23, 'rsi_lower': 28, 'rsi_upper': 88, 'en_stochastic': False, 'stochastic_n': 27, 'stochastic_d': 50, 'stochastic_lower': 48, 'stochastic_upper': 60, 'en_mfi': True, 'mfi_n': 100, 'mfi_lower': 15, 'mfi_upper': 65, 'en_bollinger': False, 'bollinger_n': 24, 'bollinger_k': 2.2, 'en_adx': False, 'adx_n': 71, 'adx_threshold': 32, 'en_structure_trend': False, 'structure_trend_swing_l': 5, 'en_order_block': True, 'order_block_swing_l': 1, 'en_fvg': False, 'fvg_lookback': 19, 'en_ifvg': False, 'en_breaker': True, 'breaker_swing_l': 20, 'en_cisd': False, 'k': 4, 'en_cap_bars': True, 'cap_1min': 3}.
[I 2026-07-13 17:11:46,299] Trial 284 finished with values: [26.39808527057994, -356.5213470328672, 52.7] and parameters: {'sl_soft': 0.5686345045639218, 'sl_hard_delta': 1.9879901549829817, 'tp': 0.9603527973045476, 'gate_pct': 75.29895741667805, 'dd_limit': 241.42955722086123, 'cooldown': 14, 'flip': False, 'en_ema_trend': False, 'ema_trend_fast': 33, 'ema_trend_slow': 305, 'en_sma_trend': False, 'sma_trend_fast': 62, 'sma_trend_slow': 134, 'en_macd': True, 'macd_fast': 70, 'macd_slow': 193, 'macd_signal': 27, 'en_vwap': False, 'en_keltner': False, 'keltner_n': 3, 'keltner_m': 3.4000000000000004, 'en_obv': True, 'obv_slope': 38, 'en_cci': False, 'cci_n': 8, 'cci_threshold': 180, 'en_rsi': True, 'rsi_n': 46, 'rsi_lower': 3, 'rsi_upper': 61, 'en_stochastic': True, 'stochastic_n': 9, 'stochastic_d': 10, 'stochastic_lower': 40, 'stochastic_upper': 92, 'en_mfi': True, 'mfi_n': 95, 'mfi_lower': 24, 'mfi_upper': 93, 'en_bollinger': False, 'bollinger_n': 24, 'bollinger_k': 3.0, 'en_adx': False, 'adx_n': 77, 'adx_threshold': 32, 'en_structure_trend': True, 'structure_trend_swing_l': 9, 'en_order_block': False, 'order_block_swing_l': 1, 'en_fvg': True, 'fvg_lookback': 20, 'en_ifvg': False, 'en_breaker': False, 'breaker_swing_l': 20, 'en_cisd': True, 'k': 4, 'en_cap_bars': False, 'cap_1min': 1119}.
