[I 2026-07-13 17:14:51,085] Trial 606 finished with values: [238.6993821107751, -412.4559863877039, 70.55] and parameters: {'sl_soft': 1.2301008880385436, 'sl_hard_delta': 3.2038337397957424, 'tp': 0.9918133787075697, 'gate_pct': 73.0036735816267, 'dd_limit': 284.01961970925504, 'cooldown': 9, 'flip': True, 'en_ema_trend': True, 'ema_trend_fast': 29, 'ema_trend_slow': 183, 'en_sma_trend': False, 'sma_trend_fast': 141, 'sma_trend_slow': 400, 'en_macd': False, 'macd_fast': 20, 'macd_slow': 185, 'macd_signal': 67, 'en_vwap': True, 'en_keltner': True, 'keltner_n': 13, 'keltner_m': 1.5, 'en_obv': True, 'obv_slope': 162, 'en_cci': True, 'cci_n': 72, 'cci_threshold': 280, 'en_rsi': True, 'rsi_n': 33, 'rsi_lower': 41, 'rsi_upper': 68, 'en_stochastic': True, 'stochastic_n': 25, 'stochastic_d': 13, 'stochastic_lower': 2, 'stochastic_upper': 90, 'en_mfi': False, 'mfi_n': 65, 'mfi_lower': 16, 'mfi_upper': 74, 'en_bollinger': False, 'bollinger_n': 100, 'bollinger_k': 0.5, 'en_adx': False, 'adx_n': 23, 'adx_threshold': 18, 'en_structure_trend': True, 'structure_trend_swing_l': 1, 'en_order_block': False, 'order_block_swing_l': 6, 'en_fvg': True, 'fvg_lookback': 50, 'en_ifvg': True, 'en_breaker': True, 'breaker_swing_l': 18, 'en_cisd': True, 'k': 1, 'en_cap_bars': True, 'cap_1min': 272}.
[I 2026-07-13 17:14:52,028] Trial 607 finished with values: [77.9396981713603, -304.99999999999545, 41.45] and parameters: {'sl_soft': 1.0063442051374751, 'sl_hard_delta': 1.0336497817025352, 'tp': 2.570841098597147, 'gate_pct': 54.8778799805964, 'dd_limit': 60.80016338531003, 'cooldown': 4, 'flip': True, 'en_ema_trend': False, 'ema_trend_fast': 317, 'ema_trend_slow': 38, 'en_sma_trend': True, 'sma_trend_fast': 232, 'sma_trend_slow': 138, 'en_macd': False, 'macd_fast': 25, 'macd_slow': 47, 'macd_signal': 9, 'en_vwap': False, 'en_keltner': True, 'keltner_n': 116, 'keltner_m': 1.8, 'en_obv': True, 'obv_slope': 110, 'en_cci': False, 'cci_n': 176, 'cci_threshold': 105, 'en_rsi': True, 'rsi_n': 10, 'rsi_lower': 41, 'rsi_upper': 82, 'en_stochastic': False, 'stochastic_n': 97, 'stochastic_d': 3, 'stochastic_lower': 28, 'stochastic_upper': 91, 'en_mfi': True, 'mfi_n': 41, 'mfi_lower': 8, 'mfi_upper': 86, 'en_bollinger': False, 'bollinger_n': 9, 'bollinger_k': 0.5, 'en_adx': False, 'adx_n': 32, 'adx_threshold': 11, 'en_structure_trend': True, 'structure_trend_swing_l': 19, 'en_order_block': True, 'order_block_swing_l': 6, 'en_fvg': False, 'fvg_lookback': 50, 'en_ifvg': True, 'en_breaker': False, 'breaker_swing_l': 17, 'en_cisd': False, 'k': 1, 'en_cap_bars': True, 'cap_1min': 272}.
[I 2026-07-13 17:14:58,775] Trial 608 finished with values: [-460.0015579756018, -630.0000000000182, 8.35] and parameters: {'sl_soft': 1.2773480286121837, 'sl_hard_delta': 4.058024856198353, 'tp': 5.599937680975634, 'gate_pct': 76.97662112798537, 'dd_limit': 194.16824967892094, 'cooldown': 14, 'flip': True, 'en_ema_trend': False, 'ema_trend_fast': 196, 'ema_trend_slow': 17, 'en_sma_trend': False, 'sma_trend_fast': 347, 'sma_trend_slow': 307, 'en_macd': False, 'macd_fast': 35, 'macd_slow': 132, 'macd_signal': 92, 'en_vwap': False, 'en_keltner': True, 'keltner_n': 3, 'keltner_m': 4.6000000000000005, 'en_obv': True, 'obv_slope': 96, 'en_cci': True, 'cci_n': 162, 'cci_threshold': 220, 'en_rsi': False, 'rsi_n': 16, 'rsi_lower': 28, 'rsi_upper': 73, 'en_stochastic': True, 'stochastic_n': 62, 'stochastic_d': 40, 'stochastic_lower': 13, 'stochastic_upper': 90, 'en_mfi': True, 'mfi_n': 96, 'mfi_lower': 49, 'mfi_upper': 98, 'en_bollinger': False, 'bollinger_n': 186, 'bollinger_k': 3.0, 'en_adx': False, 'adx_n': 18, 'adx_threshold': 12, 'en_structure_trend': False, 'structure_trend_swing_l': 10, 'en_order_block': False, 'order_block_swing_l': 6, 'en_fvg': True, 'fvg_lookback': 28, 'en_ifvg': False, 'en_breaker': True, 'breaker_swing_l': 6, 'en_cisd': True, 'k': 2, 'en_cap_bars': False, 'cap_1min': 846}.
[I 2026-07-13 17:14:59,138] Trial 609 finished with values: [-381.1125066062232, -536.797016338005, 33.150000000000006] and parameters: {'sl_soft': 1.3416386676404197, 'sl_hard_delta': 0.008044238733936384, 'tp': 2.034778180267182, 'gate_pct': 74.50813821223942, 'dd_limit': 390.2569167971573, 'cooldown': 13, 'flip': True, 'en_ema_trend': False, 'ema_trend_fast': 55, 'ema_trend_slow': 291, 'en_sma_trend': False, 'sma_trend_fast': 45, 'sma_trend_slow': 171, 'en_macd': False, 'macd_fast': 69, 'macd_slow': 47, 'macd_signal': 86, 'en_vwap': False, 'en_keltner': True, 'keltner_n': 3, 'keltner_m': 4.6000000000000005, 'en_obv': False, 'obv_slope': 56, 'en_cci': True, 'cci_n': 3, 'cci_threshold': 300, 'en_rsi': True, 'rsi_n': 71, 'rsi_lower': 28, 'rsi_upper': 82, 'en_stochastic': False, 'stochastic_n': 89, 'stochastic_d': 9, 'stochastic_lower': 4, 'stochastic_upper': 81, 'en_mfi': False, 'mfi_n': 26, 'mfi_lower': 49, 'mfi_upper': 61, 'en_bollinger': False, 'bollinger_n': 32, 'bollinger_k': 3.0, 'en_adx': True, 'adx_n': 62, 'adx_threshold': 7, 'en_structure_trend': True, 'structure_trend_swing_l': 19, 'en_order_block': False, 'order_block_swing_l': 11, 'en_fvg': True, 'fvg_lookback': 50, 'en_ifvg': False, 'en_breaker': False, 'breaker_swing_l': 8, 'en_cisd': True, 'k': 3, 'en_cap_bars': False, 'cap_1min': 652}.
[I 2026-07-13 17:15:05,656] Trial 610 finished with values: [150.0806924460278, -515.7161705615636, 75.55] and parameters: {'sl_soft': 3.0753791326704585, 'sl_hard_delta': 3.3389442785612586, 'tp': 1.5788019784171787, 'gate_pct': 54.8778799805964, 'dd_limit': 133.93255991555952, 'cooldown': 8, 'flip': True, 'en_ema_trend': True, 'ema_trend_fast': 317, 'ema_trend_slow': 139, 'en_sma_trend': False, 'sma_trend_fast': 266, 'sma_trend_slow': 171, 'en_macd': True, 'macd_fast': 25, 'macd_slow': 5, 'macd_signal': 72, 'en_vwap': True, 'en_keltner': False, 'keltner_n': 142, 'keltner_m': 4.6000000000000005, 'en_obv': True, 'obv_slope': 108, 'en_cci': False, 'cci_n': 110, 'cci_threshold': 195, 'en_rsi': False, 'rsi_n': 67, 'rsi_lower': 28, 'rsi_upper': 86, 'en_stochastic': True, 'stochastic_n': 75, 'stochastic_d': 14, 'stochastic_lower': 16, 'stochastic_upper': 57, 'en_mfi': False, 'mfi_n': 51, 'mfi_lower': 49, 'mfi_upper': 86, 'en_bollinger': False, 'bollinger_n': 181, 'bollinger_k': 2.5, 'en_adx': False, 'adx_n': 62, 'adx_threshold': 12, 'en_structure_trend': False, 'structure_trend_swing_l': 5, 'en_order_block': True, 'order_block_swing_l': 3, 'en_fvg': False, 'fvg_lookback': 28, 'en_ifvg': False, 'en_breaker': True, 'breaker_swing_l': 17, 'en_cisd': False, 'k': 2, 'en_cap_bars': True, 'cap_1min': 846}.
[I 2026-07-13 17:15:13,003] Trial 611 finished with values: [95.65801020925164, -219.65369338047367, 68.35] and parameters: {'sl_soft': 0.7459429677562495, 'sl_hard_delta': 3.3389442785612586, 'tp': 0.9918133787075697, 'gate_pct': 53.84741825883083, 'dd_limit': 48.78569624793002, 'cooldown': 8, 'flip': True, 'en_ema_trend': True, 'ema_trend_fast': 208, 'ema_trend_slow': 139, 'en_sma_trend': False, 'sma_trend_fast': 145, 'sma_trend_slow': 400, 'en_macd': True, 'macd_fast': 93, 'macd_slow': 150, 'macd_signal': 1, 'en_vwap': True, 'en_keltner': False, 'keltner_n': 137, 'keltner_m': 3.8000000000000003, 'en_obv': True, 'obv_slope': 8, 'en_cci': False, 'cci_n': 106, 'cci_threshold': 195, 'en_rsi': True, 'rsi_n': 49, 'rsi_lower': 23, 'rsi_upper': 69, 'en_stochastic': True, 'stochastic_n': 22, 'stochastic_d': 5, 'stochastic_lower': 3, 'stochastic_upper': 57, 'en_mfi': True, 'mfi_n': 9, 'mfi_lower': 10, 'mfi_upper': 68, 'en_bollinger': False, 'bollinger_n': 69, 'bollinger_k': 0.5, 'en_adx': False, 'adx_n': 48, 'adx_threshold': 19, 'en_structure_trend': True, 'structure_trend_swing_l': 4, 'en_order_block': True, 'order_block_swing_l': 6, 'en_fvg': False, 'fvg_lookback': 36, 'en_ifvg': False, 'en_breaker': False, 'breaker_swing_l': 18, 'en_cisd': False, 'k': 1, 'en_cap_bars': True, 'cap_1min': 260}.
[I 2026-07-13 17:15:14,327] Trial 612 finished with values: [187.74984721023884, -247.89188310619465, 41.2] and parameters: {'sl_soft': 0.700218284426531, 'sl_hard_delta': 0.008044238733936384, 'tp': 1.1926865856558302, 'gate_pct': 79.12027635095406, 'dd_limit': 143.75886034970398, 'cooldown': 12, 'flip': True, 'en_ema_trend': False, 'ema_trend_fast': 317, 'ema_trend_slow': 291, 'en_sma_trend': True, 'sma_trend_fast': 221, 'sma_trend_slow': 307, 'en_macd': True, 'macd_fast': 80, 'macd_slow': 79, 'macd_signal': 86, 'en_vwap': False, 'en_keltner': True, 'keltner_n': 3, 'keltner_m': 1.7000000000000002, 'en_obv': True, 'obv_slope': 110, 'en_cci': False, 'cci_n': 125, 'cci_threshold': 300, 'en_rsi': True, 'rsi_n': 52, 'rsi_lower': 46, 'rsi_upper': 88, 'en_stochastic': False, 'stochastic_n': 40, 'stochastic_d': 33, 'stochastic_lower': 3, 'stochastic_upper': 88, 'en_mfi': False, 'mfi_n': 26, 'mfi_lower': 1, 'mfi_upper': 61, 'en_bollinger': False, 'bollinger_n': 194, 'bollinger_k': 3.8000000000000003, 'en_adx': True, 'adx_n': 56, 'adx_threshold': 7, 'en_structure_trend': True, 'structure_trend_swing_l': 8, 'en_order_block': False, 'order_block_swing_l': 20, 'en_fvg': True, 'fvg_lookback': 29, 'en_ifvg': False, 'en_breaker': False, 'breaker_swing_l': 19, 'en_cisd': True, 'k': 3, 'en_cap_bars': True, 'cap_1min': 652}.
[I 2026-07-13 17:15:17,292] Trial 613 finished with values: [215.39671274989018, -496.40483090979615, 35.9] and parameters: {'sl_soft': 0.7459429677562495, 'sl_hard_delta': 0.24686669406356115, 'tp': 2.570841098597147, 'gate_pct': 97.52011350142476, 'dd_limit': 60.80016338531003, 'cooldown': 4, 'flip': True, 'en_ema_trend': True, 'ema_trend_fast': 29, 'ema_trend_slow': 226, 'en_sma_trend': True, 'sma_trend_fast': 145, 'sma_trend_slow': 138, 'en_macd': True, 'macd_fast': 6, 'macd_slow': 150, 'macd_signal': 24, 'en_vwap': False, 'en_keltner': True, 'keltner_n': 177, 'keltner_m': 0.6, 'en_obv': True, 'obv_slope': 107, 'en_cci': False, 'cci_n': 106, 'cci_threshold': 105, 'en_rsi': True, 'rsi_n': 49, 'rsi_lower': 23, 'rsi_upper': 68, 'en_stochastic': False, 'stochastic_n': 2, 'stochastic_d': 3, 'stochastic_lower': 28, 'stochastic_upper': 97, 'en_mfi': True, 'mfi_n': 41, 'mfi_lower': 8, 'mfi_upper': 71, 'en_bollinger': True, 'bollinger_n': 9, 'bollinger_k': 0.5, 'en_adx': True, 'adx_n': 23, 'adx_threshold': 11, 'en_structure_trend': True, 'structure_trend_swing_l': 4, 'en_order_block': False, 'order_block_swing_l': 7, 'en_fvg': False, 'fvg_lookback': 8, 'en_ifvg': True, 'en_breaker': False, 'breaker_swing_l': 1, 'en_cisd': True, 'k': 4, 'en_cap_bars': True, 'cap_1min': 260}.
[I 2026-07-13 17:15:18,172] Trial 614 finished with values: [-412.2969757096371, -743.1948678552089, 35.4] and parameters: {'sl_soft': 3.398298896849534, 'sl_hard_delta': 1.0336497817025352, 'tp': 5.599937680975634, 'gate_pct': 97.52011350142476, 'dd_limit': 60.80016338531003, 'cooldown': 4, 'flip': True, 'en_ema_trend': True, 'ema_trend_fast': 269, 'ema_trend_slow': 192, 'en_sma_trend': True, 'sma_trend_fast': 92, 'sma_trend_slow': 138, 'en_macd': False, 'macd_fast': 98, 'macd_slow': 21, 'macd_signal': 92, 'en_vwap': False, 'en_keltner': False, 'keltner_n': 3, 'keltner_m': 4.6000000000000005, 'en_obv': True, 'obv_slope': 107, 'en_cci': False, 'cci_n': 27, 'cci_threshold': 105, 'en_rsi': False, 'rsi_n': 10, 'rsi_lower': 29, 'rsi_upper': 93, 'en_stochastic': False, 'stochastic_n': 67, 'stochastic_d': 3, 'stochastic_lower': 48, 'stochastic_upper': 81, 'en_mfi': True, 'mfi_n': 96, 'mfi_lower': 49, 'mfi_upper': 88, 'en_bollinger': True, 'bollinger_n': 181, 'bollinger_k': 0.5, 'en_adx': False, 'adx_n': 32, 'adx_threshold': 11, 'en_structure_trend': False, 'structure_trend_swing_l': 19, 'en_order_block': False, 'order_block_swing_l': 6, 'en_fvg': True, 'fvg_lookback': 28, 'en_ifvg': False, 'en_breaker': True, 'breaker_swing_l': 1, 'en_cisd': False, 'k': 4, 'en_cap_bars': False, 'cap_1min': 689}.
[I 2026-07-13 17:15:18,428] Trial 615 finished with values: [125.16744249450653, -437.123864727846, 17.45] and parameters: {'sl_soft': 0.7459429677562495, 'sl_hard_delta': 0.24686669406356115, 'tp': 6.159635578510054, 'gate_pct': 53.84741825883083, 'dd_limit': 122.33756046500012, 'cooldown': 3, 'flip': True, 'en_ema_trend': True, 'ema_trend_fast': 29, 'ema_trend_slow': 196, 'en_sma_trend': False, 'sma_trend_fast': 128, 'sma_trend_slow': 396, 'en_macd': True, 'macd_fast': 6, 'macd_slow': 150, 'macd_signal': 10, 'en_vwap': False, 'en_keltner': True, 'keltner_n': 177, 'keltner_m': 1.0, 'en_obv': True, 'obv_slope': 162, 'en_cci': False, 'cci_n': 106, 'cci_threshold': 280, 'en_rsi': True, 'rsi_n': 49, 'rsi_lower': 23, 'rsi_upper': 95, 'en_stochastic': True, 'stochastic_n': 25, 'stochastic_d': 7, 'stochastic_lower': 3, 'stochastic_upper': 97, 'en_mfi': True, 'mfi_n': 9, 'mfi_lower': 20, 'mfi_upper': 58, 'en_bollinger': False, 'bollinger_n': 186, 'bollinger_k': 4.7, 'en_adx': True, 'adx_n': 6, 'adx_threshold': 12, 'en_structure_trend': False, 'structure_trend_swing_l': 8, 'en_order_block': False, 'order_block_swing_l': 20, 'en_fvg': False, 'fvg_lookback': 29, 'en_ifvg': False, 'en_breaker': True, 'breaker_swing_l': 8, 'en_cisd': True, 'k': 3, 'en_cap_bars': True, 'cap_1min': 260}.
[I 2026-07-13 17:15:18,955] Trial 616 finished with values: [-249.0247283197391, -684.5665459198472, 41.65] and parameters: {'sl_soft': 1.2301008880385436, 'sl_hard_delta': 3.2038337397957424, 'tp': 2.034778180267182, 'gate_pct': 54.8778799805964, 'dd_limit': 390.2569167971573, 'cooldown': 9, 'flip': True, 'en_ema_trend': False, 'ema_trend_fast': 29, 'ema_trend_slow': 38, 'en_sma_trend': False, 'sma_trend_fast': 128, 'sma_trend_slow': 396, 'en_macd': False, 'macd_fast': 56, 'macd_slow': 47, 'macd_signal': 67, 'en_vwap': False, 'en_keltner': True, 'keltner_n': 77, 'keltner_m': 3.9000000000000004, 'en_obv': False, 'obv_slope': 162, 'en_cci': True, 'cci_n': 125, 'cci_threshold': 30, 'en_rsi': False, 'rsi_n': 10, 'rsi_lower': 41, 'rsi_upper': 95, 'en_stochastic': False, 'stochastic_n': 25, 'stochastic_d': 31, 'stochastic_lower': 2, 'stochastic_upper': 77, 'en_mfi': False, 'mfi_n': 65, 'mfi_lower': 20, 'mfi_upper': 74, 'en_bollinger': False, 'bollinger_n': 32, 'bollinger_k': 4.7, 'en_adx': False, 'adx_n': 19, 'adx_threshold': 12, 'en_structure_trend': True, 'structure_trend_swing_l': 1, 'en_order_block': False, 'order_block_swing_l': 9, 'en_fvg': True, 'fvg_lookback': 19, 'en_ifvg': False, 'en_breaker': False, 'breaker_swing_l': 18, 'en_cisd': True, 'k': 1, 'en_cap_bars': True, 'cap_1min': 412}.
[I 2026-07-13 17:15:20,232] Trial 617 finished with values: [518.9631064510877, -419.9999999999818, 63.900000000000006] and parameters: {'sl_soft': 1.5128727017605812, 'sl_hard_delta': 3.3389442785612586, 'tp': 2.9458524258041714, 'gate_pct': 54.8778799805964, 'dd_limit': 390.2569167971573, 'cooldown': 8, 'flip': True, 'en_ema_trend': True, 'ema_trend_fast': 317, 'ema_trend_slow': 139, 'en_sma_trend': True, 'sma_trend_fast': 266, 'sma_trend_slow': 143, 'en_macd': True, 'macd_fast': 80, 'macd_slow': 48, 'macd_signal': 1, 'en_vwap': True, 'en_keltner': False, 'keltner_n': 137, 'keltner_m': 3.1, 'en_obv': True, 'obv_slope': 8, 'en_cci': False, 'cci_n': 110, 'cci_threshold': 195, 'en_rsi': False, 'rsi_n': 67, 'rsi_lower': 7, 'rsi_upper': 69, 'en_stochastic': True, 'stochastic_n': 22, 'stochastic_d': 5, 'stochastic_lower': 16, 'stochastic_upper': 57, 'en_mfi': True, 'mfi_n': 61, 'mfi_lower': 10, 'mfi_upper': 68, 'en_bollinger': False, 'bollinger_n': 69, 'bollinger_k': 1.6, 'en_adx': False, 'adx_n': 48, 'adx_threshold': 19, 'en_structure_trend': False, 'structure_trend_swing_l': 10, 'en_order_block': True, 'order_block_swing_l': 9, 'en_fvg': False, 'fvg_lookback': 36, 'en_ifvg': False, 'en_breaker': True, 'breaker_swing_l': 17, 'en_cisd': False, 'k': 4, 'en_cap_bars': False, 'cap_1min': 608}.
[I 2026-07-13 17:15:20,477] Trial 618 finished with values: [131.32722987166972, -99.3307803375501, 68.25] and parameters: {'sl_soft': 0.7459429677562495, 'sl_hard_delta': 0.24686669406356115, 'tp': 0.9918133787075697, 'gate_pct': 53.84741825883083, 'dd_limit': 122.33756046500012, 'cooldown': 3, 'flip': True, 'en_ema_trend': True, 'ema_trend_fast': 29, 'ema_trend_slow': 226, 'en_sma_trend': False, 'sma_trend_fast': 145, 'sma_trend_slow': 400, 'en_macd': True, 'macd_fast': 6, 'macd_slow': 150, 'macd_signal': 11, 'en_vwap': True, 'en_keltner': True, 'keltner_n': 177, 'keltner_m': 1.5, 'en_obv': True, 'obv_slope': 120, 'en_cci': False, 'cci_n': 106, 'cci_threshold': 220, 'en_rsi': True, 'rsi_n': 49, 'rsi_lower': 23, 'rsi_upper': 68, 'en_stochastic': True, 'stochastic_n': 2, 'stochastic_d': 7, 'stochastic_lower': 3, 'stochastic_upper': 97, 'en_mfi': True, 'mfi_n': 9, 'mfi_lower': 16, 'mfi_upper': 71, 'en_bollinger': False, 'bollinger_n': 186, 'bollinger_k': 0.5, 'en_adx': True, 'adx_n': 23, 'adx_threshold': 18, 'en_structure_trend': True, 'structure_trend_swing_l': 4, 'en_order_block': False, 'order_block_swing_l': 6, 'en_fvg': False, 'fvg_lookback': 8, 'en_ifvg': False, 'en_breaker': True, 'breaker_swing_l': 18, 'en_cisd': True, 'k': 1, 'en_cap_bars': True, 'cap_1min': 260}.
[I 2026-07-13 17:15:26,397] Trial 619 finished with values: [43.41888681335604, -253.59711096780302, 31.05] and parameters: {'sl_soft': 1.0063442051374751, 'sl_hard_delta': 0.008044238733936384, 'tp': 2.09587132180923, 'gate_pct': 54.8778799805964, 'dd_limit': 241.42955722086123, 'cooldown': 9, 'flip': True, 'en_ema_trend': False, 'ema_trend_fast': 33, 'ema_trend_slow': 38, 'en_sma_trend': False, 'sma_trend_fast': 62, 'sma_trend_slow': 134, 'en_macd': False, 'macd_fast': 25, 'macd_slow': 79, 'macd_signal': 9, 'en_vwap': False, 'en_keltner': False, 'keltner_n': 3, 'keltner_m': 3.4000000000000004, 'en_obv': False, 'obv_slope': 38, 'en_cci': True, 'cci_n': 176, 'cci_threshold': 40, 'en_rsi': True, 'rsi_n': 46, 'rsi_lower': 41, 'rsi_upper': 59, 'en_stochastic': True, 'stochastic_n': 8, 'stochastic_d': 47, 'stochastic_lower': 36, 'stochastic_upper': 92, 'en_mfi': True, 'mfi_n': 97, 'mfi_lower': 45, 'mfi_upper': 61, 'en_bollinger': False, 'bollinger_n': 115, 'bollinger_k': 3.0, 'en_adx': True, 'adx_n': 18, 'adx_threshold': 7, 'en_structure_trend': False, 'structure_trend_swing_l': 11, 'en_order_block': False, 'order_block_swing_l': 6, 'en_fvg': True, 'fvg_lookback': 20, 'en_ifvg': False, 'en_breaker': False, 'breaker_swing_l': 17, 'en_cisd': True, 'k': 5, 'en_cap_bars': True, 'cap_1min': 272}.
[I 2026-07-13 17:15:34,554] Trial 620 finished with values: [-348.78122744349866, -2484.0297182737913, 57.7] and parameters: {'sl_soft': 3.398298896849534, 'sl_hard_delta': 1.0336497817025352, 'tp': 2.570841098597147, 'gate_pct': 97.52011350142476, 'dd_limit': 390.2569167971573, 'cooldown': 4, 'flip': True, 'en_ema_trend': True, 'ema_trend_fast': 317, 'ema_trend_slow': 139, 'en_sma_trend': True, 'sma_trend_fast': 232, 'sma_trend_slow': 171, 'en_macd': True, 'macd_fast': 80, 'macd_slow': 180, 'macd_signal': 22, 'en_vwap': False, 'en_keltner': True, 'keltner_n': 116, 'keltner_m': 3.9000000000000004, 'en_obv': True, 'obv_slope': 107, 'en_cci': False, 'cci_n': 110, 'cci_threshold': 195, 'en_rsi': False, 'rsi_n': 67, 'rsi_lower': 7, 'rsi_upper': 76, 'en_stochastic': True, 'stochastic_n': 89, 'stochastic_d': 3, 'stochastic_lower': 16, 'stochastic_upper': 91, 'en_mfi': True, 'mfi_n': 41, 'mfi_lower': 8, 'mfi_upper': 88, 'en_bollinger': False, 'bollinger_n': 69, 'bollinger_k': 0.5, 'en_adx': False, 'adx_n': 32, 'adx_threshold': 19, 'en_structure_trend': True, 'structure_trend_swing_l': 10, 'en_order_block': True, 'order_block_swing_l': 9, 'en_fvg': False, 'fvg_lookback': 34, 'en_ifvg': True, 'en_breaker': False, 'breaker_swing_l': 17, 'en_cisd': False, 'k': 2, 'en_cap_bars': True, 'cap_1min': 608}.
[I 2026-07-13 17:15:34,810] Trial 621 pruned. 
[I 2026-07-13 17:15:36,176] Trial 622 finished with values: [538.4947165784865, -265.4093310646431, 75.65] and parameters: {'sl_soft': 1.0063442051374751, 'sl_hard_delta': 4.474497910710611, 'tp': 0.9918133787075697, 'gate_pct': 54.8778799805964, 'dd_limit': 390.2569167971573, 'cooldown': 9, 'flip': True, 'en_ema_trend': True, 'ema_trend_fast': 317, 'ema_trend_slow': 38, 'en_sma_trend': False, 'sma_trend_fast': 45, 'sma_trend_slow': 357, 'en_macd': False, 'macd_fast': 25, 'macd_slow': 47, 'macd_signal': 72, 'en_vwap': False, 'en_keltner': False, 'keltner_n': 13, 'keltner_m': 1.8, 'en_obv': True, 'obv_slope': 108, 'en_cci': False, 'cci_n': 3, 'cci_threshold': 40, 'en_rsi': True, 'rsi_n': 33, 'rsi_lower': 28, 'rsi_upper': 86, 'en_stochastic': False, 'stochastic_n': 75, 'stochastic_d': 14, 'stochastic_lower': 48, 'stochastic_upper': 90, 'en_mfi': False, 'mfi_n': 51, 'mfi_lower': 16, 'mfi_upper': 71, 'en_bollinger': False, 'bollinger_n': 181, 'bollinger_k': 2.5, 'en_adx': True, 'adx_n': 23, 'adx_threshold': 18, 'en_structure_trend': False, 'structure_trend_swing_l': 4, 'en_order_block': True, 'order_block_swing_l': 3, 'en_fvg': False, 'fvg_lookback': 8, 'en_ifvg': True, 'en_breaker': False, 'breaker_swing_l': 18, 'en_cisd': True, 'k': 1, 'en_cap_bars': True, 'cap_1min': 272}.
[I 2026-07-13 17:15:36,617] Trial 623 pruned. 
