[I 2026-07-13 17:00:46,143] Trial 452 finished with values: [-463.8323722920518, -1730.1317956673302, 23.65] and parameters: {'sl_soft': 1.4689796292069608, 'sl_hard_delta': 9.508166833761718, 'tp': 6.283113673887913, 'gate_pct': 58.77346993604095, 'dd_limit': 499.7446687086984, 'cooldown': 0, 'flip': True, 'en_ema_trend': True, 'ema_trend_fast': 11, 'ema_trend_slow': 333, 'en_sma_trend': True, 'sma_trend_fast': 362, 'sma_trend_slow': 258, 'en_macd': True, 'macd_fast': 44, 'macd_slow': 175, 'macd_signal': 100, 'en_vwap': True, 'en_keltner': True, 'keltner_n': 5, 'keltner_m': 4.8, 'en_obv': True, 'obv_slope': 150, 'en_cci': True, 'cci_n': 32, 'cci_threshold': 120, 'en_rsi': True, 'rsi_n': 76, 'rsi_lower': 16, 'rsi_upper': 74, 'en_stochastic': False, 'stochastic_n': 93, 'stochastic_d': 37, 'stochastic_lower': 47, 'stochastic_upper': 60, 'en_mfi': True, 'mfi_n': 86, 'mfi_lower': 12, 'mfi_upper': 98, 'en_bollinger': True, 'bollinger_n': 133, 'bollinger_k': 2.2, 'en_adx': False, 'adx_n': 100, 'adx_threshold': 44, 'en_structure_trend': False, 'structure_trend_swing_l': 20, 'en_order_block': False, 'order_block_swing_l': 7, 'en_fvg': False, 'fvg_lookback': 28, 'en_ifvg': False, 'en_breaker': True, 'breaker_swing_l': 20, 'en_cisd': True, 'k': 5, 'en_cap_bars': True, 'cap_1min': 1171}.
[I 2026-07-13 17:00:47,707] Trial 453 finished with values: [513.3437429923447, -1302.3250056061102, 45.45] and parameters: {'sl_soft': 5.65824571688614, 'sl_hard_delta': 9.508166833761718, 'tp': 11.013374971969153, 'gate_pct': 61.70561390485503, 'dd_limit': 332.70974775121596, 'cooldown': 6, 'flip': False, 'en_ema_trend': True, 'ema_trend_fast': 11, 'ema_trend_slow': 333, 'en_sma_trend': False, 'sma_trend_fast': 305, 'sma_trend_slow': 357, 'en_macd': True, 'macd_fast': 50, 'macd_slow': 175, 'macd_signal': 30, 'en_vwap': True, 'en_keltner': False, 'keltner_n': 142, 'keltner_m': 4.5, 'en_obv': True, 'obv_slope': 30, 'en_cci': False, 'cci_n': 123, 'cci_threshold': 255, 'en_rsi': False, 'rsi_n': 58, 'rsi_lower': 16, 'rsi_upper': 58, 'en_stochastic': False, 'stochastic_n': 93, 'stochastic_d': 14, 'stochastic_lower': 12, 'stochastic_upper': 82, 'en_mfi': False, 'mfi_n': 71, 'mfi_lower': 34, 'mfi_upper': 98, 'en_bollinger': False, 'bollinger_n': 108, 'bollinger_k': 4.300000000000001, 'en_adx': False, 'adx_n': 29, 'adx_threshold': 14, 'en_structure_trend': False, 'structure_trend_swing_l': 16, 'en_order_block': False, 'order_block_swing_l': 19, 'en_fvg': False, 'fvg_lookback': 1, 'en_ifvg': False, 'en_breaker': False, 'breaker_swing_l': 12, 'en_cisd': True, 'k': 3, 'en_cap_bars': False, 'cap_1min': 522}.
[I 2026-07-13 17:00:50,962] Trial 454 pruned. 
[I 2026-07-13 17:00:52,292] Trial 455 finished with values: [323.3352426188617, -812.2650524000164, 33.05] and parameters: {'sl_soft': 1.4789310739311843, 'sl_hard_delta': 0.47861910073547576, 'tp': 4.4104709148058445, 'gate_pct': 61.29515207255519, 'dd_limit': 379.61887235308626, 'cooldown': 1, 'flip': True, 'en_ema_trend': True, 'ema_trend_fast': 194, 'ema_trend_slow': 174, 'en_sma_trend': True, 'sma_trend_fast': 292, 'sma_trend_slow': 163, 'en_macd': True, 'macd_fast': 6, 'macd_slow': 28, 'macd_signal': 21, 'en_vwap': False, 'en_keltner': True, 'keltner_n': 200, 'keltner_m': 1.0, 'en_obv': False, 'obv_slope': 36, 'en_cci': False, 'cci_n': 88, 'cci_threshold': 260, 'en_rsi': True, 'rsi_n': 49, 'rsi_lower': 6, 'rsi_upper': 58, 'en_stochastic': False, 'stochastic_n': 66, 'stochastic_d': 12, 'stochastic_lower': 26, 'stochastic_upper': 57, 'en_mfi': True, 'mfi_n': 9, 'mfi_lower': 14, 'mfi_upper': 72, 'en_bollinger': False, 'bollinger_n': 22, 'bollinger_k': 4.5, 'en_adx': False, 'adx_n': 82, 'adx_threshold': 43, 'en_structure_trend': True, 'structure_trend_swing_l': 1, 'en_order_block': False, 'order_block_swing_l': 20, 'en_fvg': False, 'fvg_lookback': 29, 'en_ifvg': False, 'en_breaker': False, 'breaker_swing_l': 8, 'en_cisd': True, 'k': 3, 'en_cap_bars': True, 'cap_1min': 260}.
[I 2026-07-13 17:00:54,133] Trial 456 finished with values: [-160.84780283073314, -1974.597447478095, 70.7] and parameters: {'sl_soft': 6.010910919467455, 'sl_hard_delta': 0.47861910073547576, 'tp': 2.4321607528581577, 'gate_pct': 61.29515207255519, 'dd_limit': 379.61887235308626, 'cooldown': 0, 'flip': False, 'en_ema_trend': True, 'ema_trend_fast': 271, 'ema_trend_slow': 376, 'en_sma_trend': False, 'sma_trend_fast': 292, 'sma_trend_slow': 163, 'en_macd': False, 'macd_fast': 80, 'macd_slow': 190, 'macd_signal': 60, 'en_vwap': True, 'en_keltner': False, 'keltner_n': 48, 'keltner_m': 1.0, 'en_obv': False, 'obv_slope': 162, 'en_cci': True, 'cci_n': 88, 'cci_threshold': 155, 'en_rsi': True, 'rsi_n': 49, 'rsi_lower': 6, 'rsi_upper': 65, 'en_stochastic': False, 'stochastic_n': 66, 'stochastic_d': 11, 'stochastic_lower': 26, 'stochastic_upper': 92, 'en_mfi': True, 'mfi_n': 71, 'mfi_lower': 19, 'mfi_upper': 72, 'en_bollinger': False, 'bollinger_n': 22, 'bollinger_k': 0.5, 'en_adx': False, 'adx_n': 7, 'adx_threshold': 33, 'en_structure_trend': True, 'structure_trend_swing_l': 1, 'en_order_block': True, 'order_block_swing_l': 20, 'en_fvg': False, 'fvg_lookback': 4, 'en_ifvg': True, 'en_breaker': False, 'breaker_swing_l': 1, 'en_cisd': True, 'k': 1, 'en_cap_bars': False, 'cap_1min': 260}.
[I 2026-07-13 17:00:59,878] Trial 457 finished with values: [-415.09401293437804, -849.7837789277582, 14.350000000000001] and parameters: {'sl_soft': 1.4789310739311843, 'sl_hard_delta': 0.22063648392422866, 'tp': 8.92027600189221, 'gate_pct': 75.29895741667805, 'dd_limit': 388.6442032455649, 'cooldown': 3, 'flip': False, 'en_ema_trend': False, 'ema_trend_fast': 211, 'ema_trend_slow': 223, 'en_sma_trend': False, 'sma_trend_fast': 39, 'sma_trend_slow': 29, 'en_macd': True, 'macd_fast': 52, 'macd_slow': 193, 'macd_signal': 94, 'en_vwap': False, 'en_keltner': False, 'keltner_n': 46, 'keltner_m': 0.9, 'en_obv': False, 'obv_slope': 78, 'en_cci': False, 'cci_n': 128, 'cci_threshold': 180, 'en_rsi': True, 'rsi_n': 6, 'rsi_lower': 23, 'rsi_upper': 83, 'en_stochastic': True, 'stochastic_n': 9, 'stochastic_d': 7, 'stochastic_lower': 3, 'stochastic_upper': 72, 'en_mfi': True, 'mfi_n': 95, 'mfi_lower': 32, 'mfi_upper': 56, 'en_bollinger': True, 'bollinger_n': 127, 'bollinger_k': 3.0, 'en_adx': False, 'adx_n': 5, 'adx_threshold': 43, 'en_structure_trend': False, 'structure_trend_swing_l': 17, 'en_order_block': False, 'order_block_swing_l': 20, 'en_fvg': False, 'fvg_lookback': 19, 'en_ifvg': False, 'en_breaker': False, 'breaker_swing_l': 15, 'en_cisd': True, 'k': 3, 'en_cap_bars': False, 'cap_1min': 656}.
[I 2026-07-13 17:01:03,861] Trial 458 finished with values: [429.4915418957771, -630.0185772115356, 60.65] and parameters: {'sl_soft': 2.588282143197288, 'sl_hard_delta': 0.22063648392422866, 'tp': 2.317713406165749, 'gate_pct': 97.49754431689279, 'dd_limit': 238.1085491421743, 'cooldown': 4, 'flip': False, 'en_ema_trend': True, 'ema_trend_fast': 174, 'ema_trend_slow': 223, 'en_sma_trend': False, 'sma_trend_fast': 39, 'sma_trend_slow': 114, 'en_macd': False, 'macd_fast': 52, 'macd_slow': 172, 'macd_signal': 64, 'en_vwap': True, 'en_keltner': True, 'keltner_n': 142, 'keltner_m': 4.2, 'en_obv': True, 'obv_slope': 161, 'en_cci': False, 'cci_n': 132, 'cci_threshold': 20, 'en_rsi': True, 'rsi_n': 17, 'rsi_lower': 40, 'rsi_upper': 62, 'en_stochastic': False, 'stochastic_n': 53, 'stochastic_d': 40, 'stochastic_lower': 46, 'stochastic_upper': 68, 'en_mfi': False, 'mfi_n': 45, 'mfi_lower': 16, 'mfi_upper': 85, 'en_bollinger': True, 'bollinger_n': 125, 'bollinger_k': 4.300000000000001, 'en_adx': False, 'adx_n': 97, 'adx_threshold': 59, 'en_structure_trend': True, 'structure_trend_swing_l': 19, 'en_order_block': False, 'order_block_swing_l': 14, 'en_fvg': False, 'fvg_lookback': 4, 'en_ifvg': True, 'en_breaker': True, 'breaker_swing_l': 18, 'en_cisd': True, 'k': 5, 'en_cap_bars': True, 'cap_1min': 929}.
[I 2026-07-13 17:01:04,072] Trial 459 finished with values: [338.25432952608594, -1438.6428968912242, 37.7] and parameters: {'sl_soft': 2.34715147057422, 'sl_hard_delta': 3.9050213100332094, 'tp': 7.089657421391096, 'gate_pct': 79.12027635095406, 'dd_limit': 332.70974775121596, 'cooldown': 4, 'flip': False, 'en_ema_trend': False, 'ema_trend_fast': 271, 'ema_trend_slow': 116, 'en_sma_trend': False, 'sma_trend_fast': 292, 'sma_trend_slow': 114, 'en_macd': True, 'macd_fast': 9, 'macd_slow': 177, 'macd_signal': 100, 'en_vwap': False, 'en_keltner': True, 'keltner_n': 158, 'keltner_m': 4.5, 'en_obv': False, 'obv_slope': 169, 'en_cci': True, 'cci_n': 49, 'cci_threshold': 170, 'en_rsi': True, 'rsi_n': 77, 'rsi_lower': 17, 'rsi_upper': 58, 'en_stochastic': False, 'stochastic_n': 45, 'stochastic_d': 14, 'stochastic_lower': 5, 'stochastic_upper': 57, 'en_mfi': True, 'mfi_n': 71, 'mfi_lower': 34, 'mfi_upper': 82, 'en_bollinger': True, 'bollinger_n': 60, 'bollinger_k': 4.300000000000001, 'en_adx': False, 'adx_n': 24, 'adx_threshold': 8, 'en_structure_trend': False, 'structure_trend_swing_l': 13, 'en_order_block': True, 'order_block_swing_l': 7, 'en_fvg': False, 'fvg_lookback': 46, 'en_ifvg': True, 'en_breaker': False, 'breaker_swing_l': 5, 'en_cisd': False, 'k': 4, 'en_cap_bars': False, 'cap_1min': 736}.
[I 2026-07-13 17:01:12,311] Trial 460 finished with values: [1022.9728582254666, -1344.1272618145604, 73.2] and parameters: {'sl_soft': 6.010910919467455, 'sl_hard_delta': 9.442953236169165, 'tp': 4.317454763708969, 'gate_pct': 61.29515207255519, 'dd_limit': 241.42955722086123, 'cooldown': 0, 'flip': False, 'en_ema_trend': False, 'ema_trend_fast': 33, 'ema_trend_slow': 305, 'en_sma_trend': False, 'sma_trend_fast': 292, 'sma_trend_slow': 163, 'en_macd': True, 'macd_fast': 80, 'macd_slow': 190, 'macd_signal': 27, 'en_vwap': False, 'en_keltner': False, 'keltner_n': 200, 'keltner_m': 3.4000000000000004, 'en_obv': True, 'obv_slope': 169, 'en_cci': False, 'cci_n': 8, 'cci_threshold': 180, 'en_rsi': True, 'rsi_n': 33, 'rsi_lower': 6, 'rsi_upper': 61, 'en_stochastic': True, 'stochastic_n': 66, 'stochastic_d': 10, 'stochastic_lower': 26, 'stochastic_upper': 92, 'en_mfi': True, 'mfi_n': 95, 'mfi_lower': 45, 'mfi_upper': 72, 'en_bollinger': False, 'bollinger_n': 22, 'bollinger_k': 3.0, 'en_adx': False, 'adx_n': 77, 'adx_threshold': 32, 'en_structure_trend': True, 'structure_trend_swing_l': 9, 'en_order_block': True, 'order_block_swing_l': 20, 'en_fvg': False, 'fvg_lookback': 4, 'en_ifvg': False, 'en_breaker': False, 'breaker_swing_l': 5, 'en_cisd': True, 'k': 4, 'en_cap_bars': False, 'cap_1min': 1119}.
[I 2026-07-13 17:01:12,574] Trial 461 finished with values: [364.56678525472626, -349.1267144994026, 63.8] and parameters: {'sl_soft': 2.588282143197288, 'sl_hard_delta': 0.22063648392422866, 'tp': 2.317713406165749, 'gate_pct': 79.12027635095406, 'dd_limit': 238.1085491421743, 'cooldown': 4, 'flip': False, 'en_ema_trend': True, 'ema_trend_fast': 83, 'ema_trend_slow': 223, 'en_sma_trend': False, 'sma_trend_fast': 39, 'sma_trend_slow': 114, 'en_macd': True, 'macd_fast': 52, 'macd_slow': 155, 'macd_signal': 94, 'en_vwap': True, 'en_keltner': True, 'keltner_n': 142, 'keltner_m': 2.2, 'en_obv': True, 'obv_slope': 127, 'en_cci': False, 'cci_n': 49, 'cci_threshold': 20, 'en_rsi': True, 'rsi_n': 17, 'rsi_lower': 40, 'rsi_upper': 72, 'en_stochastic': True, 'stochastic_n': 45, 'stochastic_d': 19, 'stochastic_lower': 8, 'stochastic_upper': 68, 'en_mfi': False, 'mfi_n': 33, 'mfi_lower': 32, 'mfi_upper': 56, 'en_bollinger': True, 'bollinger_n': 128, 'bollinger_k': 4.300000000000001, 'en_adx': False, 'adx_n': 97, 'adx_threshold': 59, 'en_structure_trend': False, 'structure_trend_swing_l': 13, 'en_order_block': False, 'order_block_swing_l': 3, 'en_fvg': False, 'fvg_lookback': 19, 'en_ifvg': True, 'en_breaker': True, 'breaker_swing_l': 6, 'en_cisd': True, 'k': 3, 'en_cap_bars': True, 'cap_1min': 948}.
[I 2026-07-13 17:01:12,924] Trial 462 finished with values: [721.100535155216, -1716.889706309621, 34.3] and parameters: {'sl_soft': 2.34715147057422, 'sl_hard_delta': 1.0837365383099373, 'tp': 7.820098976883081, 'gate_pct': 98.67302380660169, 'dd_limit': 390.2087279618219, 'cooldown': 1, 'flip': False, 'en_ema_trend': False, 'ema_trend_fast': 83, 'ema_trend_slow': 125, 'en_sma_trend': True, 'sma_trend_fast': 29, 'sma_trend_slow': 144, 'en_macd': False, 'macd_fast': 18, 'macd_slow': 91, 'macd_signal': 65, 'en_vwap': True, 'en_keltner': True, 'keltner_n': 158, 'keltner_m': 2.8000000000000003, 'en_obv': False, 'obv_slope': 34, 'en_cci': True, 'cci_n': 100, 'cci_threshold': 125, 'en_rsi': True, 'rsi_n': 71, 'rsi_lower': 17, 'rsi_upper': 71, 'en_stochastic': True, 'stochastic_n': 52, 'stochastic_d': 40, 'stochastic_lower': 5, 'stochastic_upper': 72, 'en_mfi': True, 'mfi_n': 11, 'mfi_lower': 25, 'mfi_upper': 97, 'en_bollinger': False, 'bollinger_n': 78, 'bollinger_k': 1.0, 'en_adx': False, 'adx_n': 33, 'adx_threshold': 17, 'en_structure_trend': True, 'structure_trend_swing_l': 13, 'en_order_block': False, 'order_block_swing_l': 3, 'en_fvg': False, 'fvg_lookback': 18, 'en_ifvg': True, 'en_breaker': False, 'breaker_swing_l': 6, 'en_cisd': False, 'k': 3, 'en_cap_bars': True, 'cap_1min': 1332}.
[I 2026-07-13 17:01:13,171] Trial 463 finished with values: [446.393785606881, -734.9999999999909, 36.95] and parameters: {'sl_soft': 1.519537552157959, 'sl_hard_delta': 6.758547117779633, 'tp': 8.385250474758445, 'gate_pct': 55.72136383304909, 'dd_limit': 221.03727645925275, 'cooldown': 1, 'flip': False, 'en_ema_trend': False, 'ema_trend_fast': 134, 'ema_trend_slow': 390, 'en_sma_trend': False, 'sma_trend_fast': 143, 'sma_trend_slow': 357, 'en_macd': True, 'macd_fast': 9, 'macd_slow': 139, 'macd_signal': 93, 'en_vwap': True, 'en_keltner': False, 'keltner_n': 171, 'keltner_m': 0.7, 'en_obv': True, 'obv_slope': 148, 'en_cci': True, 'cci_n': 172, 'cci_threshold': 95, 'en_rsi': True, 'rsi_n': 94, 'rsi_lower': 24, 'rsi_upper': 51, 'en_stochastic': False, 'stochastic_n': 98, 'stochastic_d': 42, 'stochastic_lower': 6, 'stochastic_upper': 69, 'en_mfi': True, 'mfi_n': 53, 'mfi_lower': 11, 'mfi_upper': 58, 'en_bollinger': True, 'bollinger_n': 76, 'bollinger_k': 4.300000000000001, 'en_adx': False, 'adx_n': 60, 'adx_threshold': 37, 'en_structure_trend': False, 'structure_trend_swing_l': 5, 'en_order_block': False, 'order_block_swing_l': 20, 'en_fvg': False, 'fvg_lookback': 45, 'en_ifvg': True, 'en_breaker': True, 'breaker_swing_l': 20, 'en_cisd': True, 'k': 3, 'en_cap_bars': True, 'cap_1min': 116}.
[I 2026-07-13 17:01:15,030] Trial 464 finished with values: [532.4188330827042, -1349.9999999999886, 38.849999999999994] and parameters: {'sl_soft': 2.588282143197288, 'sl_hard_delta': 6.758547117779633, 'tp': 8.385250474758445, 'gate_pct': 75.29895741667805, 'dd_limit': 238.1085491421743, 'cooldown': 3, 'flip': False, 'en_ema_trend': False, 'ema_trend_fast': 211, 'ema_trend_slow': 223, 'en_sma_trend': False, 'sma_trend_fast': 382, 'sma_trend_slow': 114, 'en_macd': True, 'macd_fast': 52, 'macd_slow': 177, 'macd_signal': 93, 'en_vwap': False, 'en_keltner': False, 'keltner_n': 158, 'keltner_m': 0.7, 'en_obv': True, 'obv_slope': 78, 'en_cci': True, 'cci_n': 27, 'cci_threshold': 180, 'en_rsi': True, 'rsi_n': 17, 'rsi_lower': 3, 'rsi_upper': 61, 'en_stochastic': False, 'stochastic_n': 45, 'stochastic_d': 19, 'stochastic_lower': 5, 'stochastic_upper': 69, 'en_mfi': True, 'mfi_n': 95, 'mfi_lower': 32, 'mfi_upper': 56, 'en_bollinger': True, 'bollinger_n': 24, 'bollinger_k': 4.5, 'en_adx': False, 'adx_n': 5, 'adx_threshold': 10, 'en_structure_trend': False, 'structure_trend_swing_l': 8, 'en_order_block': False, 'order_block_swing_l': 1, 'en_fvg': True, 'fvg_lookback': 29, 'en_ifvg': True, 'en_breaker': False, 'breaker_swing_l': 8, 'en_cisd': True, 'k': 1, 'en_cap_bars': False, 'cap_1min': 656}.
[I 2026-07-13 17:01:16,129] Trial 465 pruned. 
[I 2026-07-13 17:01:22,715] Trial 466 finished with values: [-9.83447639410997, -755.1566713004377, 48.1] and parameters: {'sl_soft': 1.4789310739311843, 'sl_hard_delta': 7.824202352077652, 'tp': 2.4943596481400685, 'gate_pct': 78.41015939543337, 'dd_limit': 234.1688012834486, 'cooldown': 7, 'flip': True, 'en_ema_trend': True, 'ema_trend_fast': 374, 'ema_trend_slow': 311, 'en_sma_trend': True, 'sma_trend_fast': 221, 'sma_trend_slow': 121, 'en_macd': False, 'macd_fast': 6, 'macd_slow': 15, 'macd_signal': 47, 'en_vwap': False, 'en_keltner': True, 'keltner_n': 142, 'keltner_m': 1.6, 'en_obv': True, 'obv_slope': 36, 'en_cci': True, 'cci_n': 27, 'cci_threshold': 170, 'en_rsi': False, 'rsi_n': 49, 'rsi_lower': 23, 'rsi_upper': 69, 'en_stochastic': True, 'stochastic_n': 75, 'stochastic_d': 14, 'stochastic_lower': 8, 'stochastic_upper': 53, 'en_mfi': True, 'mfi_n': 92, 'mfi_lower': 31, 'mfi_upper': 84, 'en_bollinger': False, 'bollinger_n': 125, 'bollinger_k': 4.300000000000001, 'en_adx': False, 'adx_n': 73, 'adx_threshold': 59, 'en_structure_trend': False, 'structure_trend_swing_l': 8, 'en_order_block': False, 'order_block_swing_l': 19, 'en_fvg': False, 'fvg_lookback': 28, 'en_ifvg': False, 'en_breaker': True, 'breaker_swing_l': 8, 'en_cisd': True, 'k': 4, 'en_cap_bars': True, 'cap_1min': 1380}.
[I 2026-07-13 17:01:25,883] Trial 467 finished with values: [1495.6138234153968, -3816.4371879596047, 51.900000000000006] and parameters: {'sl_soft': 6.010910919467455, 'sl_hard_delta': 7.744153798309044, 'tp': 7.820098976883081, 'gate_pct': 98.67302380660169, 'dd_limit': 390.2087279618219, 'cooldown': 1, 'flip': False, 'en_ema_trend': False, 'ema_trend_fast': 271, 'ema_trend_slow': 125, 'en_sma_trend': False, 'sma_trend_fast': 29, 'sma_trend_slow': 163, 'en_macd': True, 'macd_fast': 80, 'macd_slow': 190, 'macd_signal': 21, 'en_vwap': True, 'en_keltner': True, 'keltner_n': 158, 'keltner_m': 4.0, 'en_obv': False, 'obv_slope': 169, 'en_cci': False, 'cci_n': 88, 'cci_threshold': 125, 'en_rsi': True, 'rsi_n': 71, 'rsi_lower': 17, 'rsi_upper': 58, 'en_stochastic': False, 'stochastic_n': 52, 'stochastic_d': 12, 'stochastic_lower': 26, 'stochastic_upper': 72, 'en_mfi': True, 'mfi_n': 11, 'mfi_lower': 25, 'mfi_upper': 72, 'en_bollinger': False, 'bollinger_n': 78, 'bollinger_k': 2.5, 'en_adx': False, 'adx_n': 33, 'adx_threshold': 17, 'en_structure_trend': True, 'structure_trend_swing_l': 13, 'en_order_block': False, 'order_block_swing_l': 20, 'en_fvg': False, 'fvg_lookback': 18, 'en_ifvg': True, 'en_breaker': False, 'breaker_swing_l': 5, 'en_cisd': False, 'k': 4, 'en_cap_bars': True, 'cap_1min': 1332}.
[I 2026-07-13 17:01:26,517] Trial 468 finished with values: [199.05294563188818, -1451.1566324741011, 34.3] and parameters: {'sl_soft': 1.519537552157959, 'sl_hard_delta': 0.22063648392422866, 'tp': 8.385250474758445, 'gate_pct': 55.72136383304909, 'dd_limit': 238.1085491421743, 'cooldown': 1, 'flip': True, 'en_ema_trend': False, 'ema_trend_fast': 83, 'ema_trend_slow': 223, 'en_sma_trend': False, 'sma_trend_fast': 143, 'sma_trend_slow': 340, 'en_macd': False, 'macd_fast': 52, 'macd_slow': 155, 'macd_signal': 94, 'en_vwap': True, 'en_keltner': True, 'keltner_n': 96, 'keltner_m': 0.7, 'en_obv': True, 'obv_slope': 148, 'en_cci': True, 'cci_n': 49, 'cci_threshold': 95, 'en_rsi': True, 'rsi_n': 17, 'rsi_lower': 5, 'rsi_upper': 72, 'en_stochastic': False, 'stochastic_n': 45, 'stochastic_d': 19, 'stochastic_lower': 5, 'stochastic_upper': 68, 'en_mfi': True, 'mfi_n': 33, 'mfi_lower': 11, 'mfi_upper': 58, 'en_bollinger': True, 'bollinger_n': 76, 'bollinger_k': 3.4000000000000004, 'en_adx': False, 'adx_n': 60, 'adx_threshold': 37, 'en_structure_trend': False, 'structure_trend_swing_l': 5, 'en_order_block': False, 'order_block_swing_l': 20, 'en_fvg': False, 'fvg_lookback': 19, 'en_ifvg': True, 'en_breaker': True, 'breaker_swing_l': 20, 'en_cisd': True, 'k': 3, 'en_cap_bars': True, 'cap_1min': 116}.
[I 2026-07-13 17:01:27,519] Trial 469 pruned. 
[I 2026-07-13 17:01:31,188] Trial 470 finished with values: [124.07293072740231, -758.9042334968553, 28.35] and parameters: {'sl_soft': 1.519537552157959, 'sl_hard_delta': 6.758547117779633, 'tp': 8.385250474758445, 'gate_pct': 55.72136383304909, 'dd_limit': 472.70961059008954, 'cooldown': 6, 'flip': False, 'en_ema_trend': True, 'ema_trend_fast': 11, 'ema_trend_slow': 390, 'en_sma_trend': True, 'sma_trend_fast': 143, 'sma_trend_slow': 340, 'en_macd': True, 'macd_fast': 50, 'macd_slow': 139, 'macd_signal': 93, 'en_vwap': False, 'en_keltner': False, 'keltner_n': 5, 'keltner_m': 0.7, 'en_obv': True, 'obv_slope': 148, 'en_cci': True, 'cci_n': 123, 'cci_threshold': 95, 'en_rsi': False, 'rsi_n': 76, 'rsi_lower': 24, 'rsi_upper': 51, 'en_stochastic': False, 'stochastic_n': 98, 'stochastic_d': 42, 'stochastic_lower': 12, 'stochastic_upper': 69, 'en_mfi': True, 'mfi_n': 53, 'mfi_lower': 11, 'mfi_upper': 58, 'en_bollinger': True, 'bollinger_n': 133, 'bollinger_k': 4.300000000000001, 'en_adx': False, 'adx_n': 100, 'adx_threshold': 14, 'en_structure_trend': False, 'structure_trend_swing_l': 18, 'en_order_block': True, 'order_block_swing_l': 20, 'en_fvg': True, 'fvg_lookback': 1, 'en_ifvg': True, 'en_breaker': True, 'breaker_swing_l': 4, 'en_cisd': True, 'k': 3, 'en_cap_bars': True, 'cap_1min': 1171}.
