[I 2026-07-13 16:59:56,833] Trial 540 finished with values: [588.0809201003103, -2625.5218832408445, 77.35] and parameters: {'sl_soft': 12.635376690751764, 'sl_hard_delta': 7.173541683925285, 'tp': 4.49826038919697, 'gate_pct': 81.43219065749138, 'dd_limit': 390.2087279618219, 'cooldown': 2, 'flip': False, 'en_ema_trend': True, 'ema_trend_fast': 177, 'ema_trend_slow': 85, 'en_sma_trend': False, 'sma_trend_fast': 331, 'sma_trend_slow': 396, 'en_macd': False, 'macd_fast': 92, 'macd_slow': 7, 'macd_signal': 65, 'en_vwap': False, 'en_keltner': True, 'keltner_n': 27, 'keltner_m': 4.300000000000001, 'en_obv': True, 'obv_slope': 54, 'en_cci': True, 'cci_n': 87, 'cci_threshold': 290, 'en_rsi': False, 'rsi_n': 39, 'rsi_lower': 22, 'rsi_upper': 84, 'en_stochastic': False, 'stochastic_n': 97, 'stochastic_d': 32, 'stochastic_lower': 18, 'stochastic_upper': 97, 'en_mfi': False, 'mfi_n': 91, 'mfi_lower': 14, 'mfi_upper': 74, 'en_bollinger': False, 'bollinger_n': 87, 'bollinger_k': 4.7, 'en_adx': False, 'adx_n': 67, 'adx_threshold': 27, 'en_structure_trend': False, 'structure_trend_swing_l': 19, 'en_order_block': False, 'order_block_swing_l': 19, 'en_fvg': False, 'fvg_lookback': 43, 'en_ifvg': True, 'en_breaker': False, 'breaker_swing_l': 16, 'en_cisd': True, 'k': 1, 'en_cap_bars': False, 'cap_1min': 412}.
[I 2026-07-13 16:59:59,317] Trial 541 finished with values: [1154.3316089043344, -2206.1204186136592, 61.900000000000006] and parameters: {'sl_soft': 10.950817648626344, 'sl_hard_delta': 2.307712973127562, 'tp': 11.05106116432963, 'gate_pct': 86.86001597008706, 'dd_limit': 390.2087279618219, 'cooldown': 0, 'flip': False, 'en_ema_trend': False, 'ema_trend_fast': 238, 'ema_trend_slow': 196, 'en_sma_trend': False, 'sma_trend_fast': 177, 'sma_trend_slow': 396, 'en_macd': True, 'macd_fast': 97, 'macd_slow': 36, 'macd_signal': 23, 'en_vwap': True, 'en_keltner': True, 'keltner_n': 183, 'keltner_m': 2.5, 'en_obv': True, 'obv_slope': 54, 'en_cci': False, 'cci_n': 21, 'cci_threshold': 265, 'en_rsi': False, 'rsi_n': 39, 'rsi_lower': 38, 'rsi_upper': 57, 'en_stochastic': False, 'stochastic_n': 19, 'stochastic_d': 32, 'stochastic_lower': 17, 'stochastic_upper': 69, 'en_mfi': True, 'mfi_n': 65, 'mfi_lower': 6, 'mfi_upper': 74, 'en_bollinger': True, 'bollinger_n': 151, 'bollinger_k': 3.4000000000000004, 'en_adx': False, 'adx_n': 19, 'adx_threshold': 12, 'en_structure_trend': True, 'structure_trend_swing_l': 8, 'en_order_block': True, 'order_block_swing_l': 12, 'en_fvg': True, 'fvg_lookback': 35, 'en_ifvg': True, 'en_breaker': True, 'breaker_swing_l': 5, 'en_cisd': True, 'k': 4, 'en_cap_bars': False, 'cap_1min': 1287}.
[I 2026-07-13 17:00:00,919] Trial 542 finished with values: [218.79440093433118, -1734.8150855808171, 65.7] and parameters: {'sl_soft': 9.814583931772837, 'sl_hard_delta': 4.28119276040679, 'tp': 6.603698288383704, 'gate_pct': 63.90528592947753, 'dd_limit': 204.47543618972836, 'cooldown': 1, 'flip': False, 'en_ema_trend': True, 'ema_trend_fast': 159, 'ema_trend_slow': 233, 'en_sma_trend': True, 'sma_trend_fast': 139, 'sma_trend_slow': 322, 'en_macd': False, 'macd_fast': 55, 'macd_slow': 77, 'macd_signal': 54, 'en_vwap': True, 'en_keltner': False, 'keltner_n': 8, 'keltner_m': 3.8000000000000003, 'en_obv': False, 'obv_slope': 191, 'en_cci': False, 'cci_n': 184, 'cci_threshold': 90, 'en_rsi': True, 'rsi_n': 13, 'rsi_lower': 11, 'rsi_upper': 69, 'en_stochastic': False, 'stochastic_n': 84, 'stochastic_d': 46, 'stochastic_lower': 32, 'stochastic_upper': 91, 'en_mfi': True, 'mfi_n': 65, 'mfi_lower': 44, 'mfi_upper': 83, 'en_bollinger': True, 'bollinger_n': 2, 'bollinger_k': 3.8000000000000003, 'en_adx': True, 'adx_n': 9, 'adx_threshold': 7, 'en_structure_trend': True, 'structure_trend_swing_l': 15, 'en_order_block': False, 'order_block_swing_l': 13, 'en_fvg': False, 'fvg_lookback': 40, 'en_ifvg': True, 'en_breaker': True, 'breaker_swing_l': 7, 'en_cisd': True, 'k': 3, 'en_cap_bars': True, 'cap_1min': 1145}.
[I 2026-07-13 17:00:02,731] Trial 543 finished with values: [59.63589151039059, -3968.4547028298994, 47.25] and parameters: {'sl_soft': 12.150548735644255, 'sl_hard_delta': 16.490247779034476, 'tp': 20.630905943402496, 'gate_pct': 80.28577378768065, 'dd_limit': 468.96228685784826, 'cooldown': 0, 'flip': False, 'en_ema_trend': True, 'ema_trend_fast': 159, 'ema_trend_slow': 129, 'en_sma_trend': True, 'sma_trend_fast': 345, 'sma_trend_slow': 290, 'en_macd': True, 'macd_fast': 56, 'macd_slow': 125, 'macd_signal': 82, 'en_vwap': True, 'en_keltner': False, 'keltner_n': 93, 'keltner_m': 4.300000000000001, 'en_obv': True, 'obv_slope': 30, 'en_cci': True, 'cci_n': 156, 'cci_threshold': 35, 'en_rsi': True, 'rsi_n': 5, 'rsi_lower': 1, 'rsi_upper': 60, 'en_stochastic': False, 'stochastic_n': 35, 'stochastic_d': 19, 'stochastic_lower': 43, 'stochastic_upper': 93, 'en_mfi': False, 'mfi_n': 65, 'mfi_lower': 19, 'mfi_upper': 67, 'en_bollinger': False, 'bollinger_n': 20, 'bollinger_k': 0.9, 'en_adx': False, 'adx_n': 24, 'adx_threshold': 57, 'en_structure_trend': False, 'structure_trend_swing_l': 19, 'en_order_block': True, 'order_block_swing_l': 5, 'en_fvg': False, 'fvg_lookback': 8, 'en_ifvg': True, 'en_breaker': False, 'breaker_swing_l': 1, 'en_cisd': False, 'k': 4, 'en_cap_bars': False, 'cap_1min': 583}.
[I 2026-07-13 17:00:04,902] Trial 544 finished with values: [1157.1200415990234, -3979.3216954823492, 49.349999999999994] and parameters: {'sl_soft': 12.635376690751764, 'sl_hard_delta': 18.284805907405985, 'tp': 21.8337486885096, 'gate_pct': 68.22768503522947, 'dd_limit': 377.8686668899344, 'cooldown': 0, 'flip': False, 'en_ema_trend': False, 'ema_trend_fast': 159, 'ema_trend_slow': 129, 'en_sma_trend': False, 'sma_trend_fast': 128, 'sma_trend_slow': 134, 'en_macd': True, 'macd_fast': 98, 'macd_slow': 36, 'macd_signal': 13, 'en_vwap': True, 'en_keltner': False, 'keltner_n': 8, 'keltner_m': 2.5, 'en_obv': True, 'obv_slope': 18, 'en_cci': False, 'cci_n': 87, 'cci_threshold': 35, 'en_rsi': True, 'rsi_n': 25, 'rsi_lower': 13, 'rsi_upper': 95, 'en_stochastic': False, 'stochastic_n': 19, 'stochastic_d': 31, 'stochastic_lower': 47, 'stochastic_upper': 97, 'en_mfi': True, 'mfi_n': 100, 'mfi_lower': 19, 'mfi_upper': 59, 'en_bollinger': False, 'bollinger_n': 20, 'bollinger_k': 0.6, 'en_adx': False, 'adx_n': 19, 'adx_threshold': 37, 'en_structure_trend': False, 'structure_trend_swing_l': 19, 'en_order_block': False, 'order_block_swing_l': 5, 'en_fvg': False, 'fvg_lookback': 25, 'en_ifvg': False, 'en_breaker': True, 'breaker_swing_l': 15, 'en_cisd': True, 'k': 3, 'en_cap_bars': False, 'cap_1min': 1287}.
[I 2026-07-13 17:00:05,216] Trial 545 finished with values: [521.8835558855744, -1372.4637370688015, 64.6] and parameters: {'sl_soft': 14.04448354353375, 'sl_hard_delta': 0.6860455593173377, 'tp': 6.614104189059038, 'gate_pct': 80.28577378768065, 'dd_limit': 468.96228685784826, 'cooldown': 0, 'flip': False, 'en_ema_trend': False, 'ema_trend_fast': 101, 'ema_trend_slow': 238, 'en_sma_trend': True, 'sma_trend_fast': 345, 'sma_trend_slow': 290, 'en_macd': True, 'macd_fast': 56, 'macd_slow': 125, 'macd_signal': 82, 'en_vwap': True, 'en_keltner': True, 'keltner_n': 93, 'keltner_m': 4.300000000000001, 'en_obv': True, 'obv_slope': 162, 'en_cci': True, 'cci_n': 51, 'cci_threshold': 155, 'en_rsi': False, 'rsi_n': 5, 'rsi_lower': 1, 'rsi_upper': 67, 'en_stochastic': False, 'stochastic_n': 50, 'stochastic_d': 50, 'stochastic_lower': 2, 'stochastic_upper': 93, 'en_mfi': False, 'mfi_n': 43, 'mfi_lower': 19, 'mfi_upper': 67, 'en_bollinger': False, 'bollinger_n': 161, 'bollinger_k': 0.9, 'en_adx': False, 'adx_n': 7, 'adx_threshold': 57, 'en_structure_trend': False, 'structure_trend_swing_l': 17, 'en_order_block': True, 'order_block_swing_l': 1, 'en_fvg': True, 'fvg_lookback': 26, 'en_ifvg': True, 'en_breaker': True, 'breaker_swing_l': 1, 'en_cisd': False, 'k': 4, 'en_cap_bars': True, 'cap_1min': 655}.
[I 2026-07-13 17:00:06,531] Trial 546 finished with values: [293.09059434021947, -4028.4547028298903, 50.85] and parameters: {'sl_soft': 14.04448354353375, 'sl_hard_delta': 16.490247779034476, 'tp': 20.630905943402496, 'gate_pct': 98.75438971866156, 'dd_limit': 28.9935892757227, 'cooldown': 2, 'flip': False, 'en_ema_trend': False, 'ema_trend_fast': 228, 'ema_trend_slow': 129, 'en_sma_trend': True, 'sma_trend_fast': 305, 'sma_trend_slow': 321, 'en_macd': True, 'macd_fast': 56, 'macd_slow': 125, 'macd_signal': 84, 'en_vwap': True, 'en_keltner': True, 'keltner_n': 93, 'keltner_m': 4.300000000000001, 'en_obv': True, 'obv_slope': 30, 'en_cci': False, 'cci_n': 156, 'cci_threshold': 200, 'en_rsi': True, 'rsi_n': 5, 'rsi_lower': 1, 'rsi_upper': 60, 'en_stochastic': False, 'stochastic_n': 50, 'stochastic_d': 27, 'stochastic_lower': 43, 'stochastic_upper': 93, 'en_mfi': False, 'mfi_n': 43, 'mfi_lower': 19, 'mfi_upper': 67, 'en_bollinger': False, 'bollinger_n': 108, 'bollinger_k': 0.6, 'en_adx': False, 'adx_n': 7, 'adx_threshold': 37, 'en_structure_trend': False, 'structure_trend_swing_l': 17, 'en_order_block': False, 'order_block_swing_l': 1, 'en_fvg': True, 'fvg_lookback': 26, 'en_ifvg': True, 'en_breaker': False, 'breaker_swing_l': 2, 'en_cisd': False, 'k': 3, 'en_cap_bars': True, 'cap_1min': 655}.
[I 2026-07-13 17:00:08,733] Trial 547 finished with values: [2398.368087418237, -6803.880475908181, 38.95] and parameters: {'sl_soft': 7.863750810090712, 'sl_hard_delta': 16.490247779034476, 'tp': 19.4690972677406, 'gate_pct': 98.24909449748954, 'dd_limit': 28.9935892757227, 'cooldown': 1, 'flip': False, 'en_ema_trend': True, 'ema_trend_fast': 176, 'ema_trend_slow': 129, 'en_sma_trend': False, 'sma_trend_fast': 109, 'sma_trend_slow': 324, 'en_macd': True, 'macd_fast': 50, 'macd_slow': 172, 'macd_signal': 30, 'en_vwap': True, 'en_keltner': False, 'keltner_n': 185, 'keltner_m': 1.7000000000000002, 'en_obv': True, 'obv_slope': 47, 'en_cci': True, 'cci_n': 188, 'cci_threshold': 255, 'en_rsi': False, 'rsi_n': 35, 'rsi_lower': 8, 'rsi_upper': 60, 'en_stochastic': True, 'stochastic_n': 35, 'stochastic_d': 27, 'stochastic_lower': 14, 'stochastic_upper': 82, 'en_mfi': False, 'mfi_n': 58, 'mfi_lower': 17, 'mfi_upper': 87, 'en_bollinger': False, 'bollinger_n': 35, 'bollinger_k': 1.1, 'en_adx': False, 'adx_n': 33, 'adx_threshold': 32, 'en_structure_trend': False, 'structure_trend_swing_l': 16, 'en_order_block': False, 'order_block_swing_l': 17, 'en_fvg': False, 'fvg_lookback': 25, 'en_ifvg': True, 'en_breaker': True, 'breaker_swing_l': 16, 'en_cisd': False, 'k': 3, 'en_cap_bars': False, 'cap_1min': 929}.
[I 2026-07-13 17:00:09,236] Trial 548 pruned. 
[I 2026-07-13 17:00:14,964] Trial 549 finished with values: [-98.98216480370934, -4053.127915492996, 44.95] and parameters: {'sl_soft': 12.635376690751764, 'sl_hard_delta': 2.3271816191076544, 'tp': 21.8337486885096, 'gate_pct': 81.43219065749138, 'dd_limit': 390.2087279618219, 'cooldown': 0, 'flip': False, 'en_ema_trend': True, 'ema_trend_fast': 177, 'ema_trend_slow': 196, 'en_sma_trend': True, 'sma_trend_fast': 29, 'sma_trend_slow': 396, 'en_macd': False, 'macd_fast': 49, 'macd_slow': 149, 'macd_signal': 13, 'en_vwap': False, 'en_keltner': True, 'keltner_n': 17, 'keltner_m': 4.5, 'en_obv': True, 'obv_slope': 54, 'en_cci': True, 'cci_n': 87, 'cci_threshold': 290, 'en_rsi': False, 'rsi_n': 39, 'rsi_lower': 15, 'rsi_upper': 71, 'en_stochastic': True, 'stochastic_n': 97, 'stochastic_d': 40, 'stochastic_lower': 47, 'stochastic_upper': 97, 'en_mfi': True, 'mfi_n': 65, 'mfi_lower': 23, 'mfi_upper': 74, 'en_bollinger': False, 'bollinger_n': 78, 'bollinger_k': 1.1, 'en_adx': False, 'adx_n': 33, 'adx_threshold': 21, 'en_structure_trend': False, 'structure_trend_swing_l': 19, 'en_order_block': False, 'order_block_swing_l': 17, 'en_fvg': False, 'fvg_lookback': 7, 'en_ifvg': False, 'en_breaker': False, 'breaker_swing_l': 18, 'en_cisd': True, 'k': 5, 'en_cap_bars': False, 'cap_1min': 1332}.
[I 2026-07-13 17:00:15,267] Trial 550 finished with values: [76.23878216796811, -1615.1739610802906, 71.9] and parameters: {'sl_soft': 10.950817648626344, 'sl_hard_delta': 7.173541683925285, 'tp': 4.49826038919697, 'gate_pct': 86.86001597008706, 'dd_limit': 301.0960755637537, 'cooldown': 1, 'flip': False, 'en_ema_trend': False, 'ema_trend_fast': 95, 'ema_trend_slow': 85, 'en_sma_trend': True, 'sma_trend_fast': 62, 'sma_trend_slow': 134, 'en_macd': True, 'macd_fast': 86, 'macd_slow': 7, 'macd_signal': 23, 'en_vwap': True, 'en_keltner': True, 'keltner_n': 27, 'keltner_m': 4.300000000000001, 'en_obv': True, 'obv_slope': 7, 'en_cci': True, 'cci_n': 136, 'cci_threshold': 265, 'en_rsi': False, 'rsi_n': 25, 'rsi_lower': 22, 'rsi_upper': 84, 'en_stochastic': True, 'stochastic_n': 19, 'stochastic_d': 32, 'stochastic_lower': 8, 'stochastic_upper': 90, 'en_mfi': True, 'mfi_n': 94, 'mfi_lower': 14, 'mfi_upper': 85, 'en_bollinger': True, 'bollinger_n': 151, 'bollinger_k': 3.9000000000000004, 'en_adx': False, 'adx_n': 11, 'adx_threshold': 27, 'en_structure_trend': True, 'structure_trend_swing_l': 15, 'en_order_block': True, 'order_block_swing_l': 12, 'en_fvg': False, 'fvg_lookback': 19, 'en_ifvg': True, 'en_breaker': True, 'breaker_swing_l': 5, 'en_cisd': False, 'k': 4, 'en_cap_bars': False, 'cap_1min': 733}.
[I 2026-07-13 17:00:22,889] Trial 551 finished with values: [1204.7364501085895, -1385.646962490955, 83.35] and parameters: {'sl_soft': 12.72137476529117, 'sl_hard_delta': 8.38551944470289, 'tp': 4.687060750181087, 'gate_pct': 68.22768503522947, 'dd_limit': 28.9935892757227, 'cooldown': 2, 'flip': False, 'en_ema_trend': True, 'ema_trend_fast': 228, 'ema_trend_slow': 316, 'en_sma_trend': False, 'sma_trend_fast': 221, 'sma_trend_slow': 321, 'en_macd': False, 'macd_fast': 98, 'macd_slow': 94, 'macd_signal': 84, 'en_vwap': False, 'en_keltner': False, 'keltner_n': 35, 'keltner_m': 3.3000000000000003, 'en_obv': True, 'obv_slope': 182, 'en_cci': True, 'cci_n': 156, 'cci_threshold': 170, 'en_rsi': True, 'rsi_n': 77, 'rsi_lower': 44, 'rsi_upper': 60, 'en_stochastic': True, 'stochastic_n': 35, 'stochastic_d': 14, 'stochastic_lower': 8, 'stochastic_upper': 95, 'en_mfi': False, 'mfi_n': 92, 'mfi_lower': 1, 'mfi_upper': 59, 'en_bollinger': False, 'bollinger_n': 125, 'bollinger_k': 0.6, 'en_adx': False, 'adx_n': 97, 'adx_threshold': 59, 'en_structure_trend': False, 'structure_trend_swing_l': 7, 'en_order_block': False, 'order_block_swing_l': 3, 'en_fvg': True, 'fvg_lookback': 28, 'en_ifvg': False, 'en_breaker': False, 'breaker_swing_l': 12, 'en_cisd': True, 'k': 3, 'en_cap_bars': False, 'cap_1min': 948}.
[I 2026-07-13 17:00:25,690] Trial 552 finished with values: [1852.2315770047953, -3772.9907115077367, 55.8] and parameters: {'sl_soft': 10.950817648626344, 'sl_hard_delta': 10.96204819892103, 'tp': 11.05106116432963, 'gate_pct': 68.22768503522947, 'dd_limit': 301.0960755637537, 'cooldown': 1, 'flip': False, 'en_ema_trend': True, 'ema_trend_fast': 159, 'ema_trend_slow': 129, 'en_sma_trend': False, 'sma_trend_fast': 362, 'sma_trend_slow': 134, 'en_macd': False, 'macd_fast': 98, 'macd_slow': 36, 'macd_signal': 84, 'en_vwap': True, 'en_keltner': True, 'keltner_n': 183, 'keltner_m': 3.3000000000000003, 'en_obv': True, 'obv_slope': 18, 'en_cci': False, 'cci_n': 156, 'cci_threshold': 265, 'en_rsi': False, 'rsi_n': 25, 'rsi_lower': 13, 'rsi_upper': 57, 'en_stochastic': False, 'stochastic_n': 35, 'stochastic_d': 12, 'stochastic_lower': 8, 'stochastic_upper': 85, 'en_mfi': True, 'mfi_n': 100, 'mfi_lower': 19, 'mfi_upper': 90, 'en_bollinger': True, 'bollinger_n': 151, 'bollinger_k': 3.9000000000000004, 'en_adx': False, 'adx_n': 11, 'adx_threshold': 20, 'en_structure_trend': True, 'structure_trend_swing_l': 19, 'en_order_block': False, 'order_block_swing_l': 12, 'en_fvg': False, 'fvg_lookback': 19, 'en_ifvg': False, 'en_breaker': False, 'breaker_swing_l': 15, 'en_cisd': False, 'k': 4, 'en_cap_bars': False, 'cap_1min': 583}.
[I 2026-07-13 17:00:27,355] Trial 553 finished with values: [1203.4683237656793, -4613.392863301533, 46.45] and parameters: {'sl_soft': 12.150548735644255, 'sl_hard_delta': 18.284805907405985, 'tp': 21.8337486885096, 'gate_pct': 68.22768503522947, 'dd_limit': 377.8686668899344, 'cooldown': 2, 'flip': False, 'en_ema_trend': True, 'ema_trend_fast': 159, 'ema_trend_slow': 266, 'en_sma_trend': False, 'sma_trend_fast': 362, 'sma_trend_slow': 321, 'en_macd': True, 'macd_fast': 56, 'macd_slow': 94, 'macd_signal': 13, 'en_vwap': False, 'en_keltner': False, 'keltner_n': 43, 'keltner_m': 3.3000000000000003, 'en_obv': True, 'obv_slope': 54, 'en_cci': True, 'cci_n': 156, 'cci_threshold': 290, 'en_rsi': False, 'rsi_n': 39, 'rsi_lower': 38, 'rsi_upper': 95, 'en_stochastic': False, 'stochastic_n': 3, 'stochastic_d': 19, 'stochastic_lower': 43, 'stochastic_upper': 97, 'en_mfi': True, 'mfi_n': 65, 'mfi_lower': 19, 'mfi_upper': 74, 'en_bollinger': False, 'bollinger_n': 20, 'bollinger_k': 0.6, 'en_adx': False, 'adx_n': 31, 'adx_threshold': 37, 'en_structure_trend': False, 'structure_trend_swing_l': 19, 'en_order_block': False, 'order_block_swing_l': 5, 'en_fvg': False, 'fvg_lookback': 7, 'en_ifvg': False, 'en_breaker': False, 'breaker_swing_l': 15, 'en_cisd': True, 'k': 3, 'en_cap_bars': False, 'cap_1min': 583}.
[I 2026-07-13 17:00:29,672] Trial 554 finished with values: [2104.123462426571, -1150.5731401416597, 38.5] and parameters: {'sl_soft': 3.984281183725254, 'sl_hard_delta': 2.3271816191076544, 'tp': 21.8337486885096, 'gate_pct': 97.49754431689279, 'dd_limit': 301.0960755637537, 'cooldown': 2, 'flip': False, 'en_ema_trend': False, 'ema_trend_fast': 177, 'ema_trend_slow': 196, 'en_sma_trend': False, 'sma_trend_fast': 289, 'sma_trend_slow': 134, 'en_macd': False, 'macd_fast': 2, 'macd_slow': 36, 'macd_signal': 84, 'en_vwap': True, 'en_keltner': True, 'keltner_n': 34, 'keltner_m': 2.5, 'en_obv': True, 'obv_slope': 18, 'en_cci': False, 'cci_n': 156, 'cci_threshold': 265, 'en_rsi': True, 'rsi_n': 25, 'rsi_lower': 13, 'rsi_upper': 95, 'en_stochastic': False, 'stochastic_n': 19, 'stochastic_d': 19, 'stochastic_lower': 47, 'stochastic_upper': 97, 'en_mfi': True, 'mfi_n': 100, 'mfi_lower': 19, 'mfi_upper': 89, 'en_bollinger': True, 'bollinger_n': 20, 'bollinger_k': 0.6, 'en_adx': False, 'adx_n': 19, 'adx_threshold': 20, 'en_structure_trend': True, 'structure_trend_swing_l': 19, 'en_order_block': False, 'order_block_swing_l': 5, 'en_fvg': False, 'fvg_lookback': 25, 'en_ifvg': False, 'en_breaker': True, 'breaker_swing_l': 20, 'en_cisd': True, 'k': 3, 'en_cap_bars': True, 'cap_1min': 693}.
[I 2026-07-13 17:00:36,888] Trial 555 finished with values: [-1579.490035336778, -6911.996724692279, 68.6] and parameters: {'sl_soft': 12.72137476529117, 'sl_hard_delta': 8.38551944470289, 'tp': 4.687060750181087, 'gate_pct': 79.12027635095406, 'dd_limit': 234.1688012834486, 'cooldown': 1, 'flip': True, 'en_ema_trend': True, 'ema_trend_fast': 373, 'ema_trend_slow': 316, 'en_sma_trend': True, 'sma_trend_fast': 221, 'sma_trend_slow': 229, 'en_macd': False, 'macd_fast': 9, 'macd_slow': 128, 'macd_signal': 47, 'en_vwap': True, 'en_keltner': True, 'keltner_n': 142, 'keltner_m': 4.5, 'en_obv': True, 'obv_slope': 164, 'en_cci': True, 'cci_n': 198, 'cci_threshold': 195, 'en_rsi': False, 'rsi_n': 77, 'rsi_lower': 40, 'rsi_upper': 86, 'en_stochastic': True, 'stochastic_n': 75, 'stochastic_d': 14, 'stochastic_lower': 8, 'stochastic_upper': 97, 'en_mfi': True, 'mfi_n': 65, 'mfi_lower': 1, 'mfi_upper': 90, 'en_bollinger': False, 'bollinger_n': 78, 'bollinger_k': 4.2, 'en_adx': False, 'adx_n': 97, 'adx_threshold': 59, 'en_structure_trend': False, 'structure_trend_swing_l': 19, 'en_order_block': False, 'order_block_swing_l': 3, 'en_fvg': False, 'fvg_lookback': 31, 'en_ifvg': False, 'en_breaker': True, 'breaker_swing_l': 15, 'en_cisd': True, 'k': 3, 'en_cap_bars': True, 'cap_1min': 948}.
[I 2026-07-13 17:00:41,371] Trial 556 finished with values: [1301.8538627974408, -3512.1990833121554, 44.1] and parameters: {'sl_soft': 12.150548735644255, 'sl_hard_delta': 2.3271816191076544, 'tp': 21.8337486885096, 'gate_pct': 81.43219065749138, 'dd_limit': 377.8686668899344, 'cooldown': 0, 'flip': False, 'en_ema_trend': True, 'ema_trend_fast': 200, 'ema_trend_slow': 129, 'en_sma_trend': True, 'sma_trend_fast': 29, 'sma_trend_slow': 144, 'en_macd': True, 'macd_fast': 98, 'macd_slow': 149, 'macd_signal': 13, 'en_vwap': False, 'en_keltner': False, 'keltner_n': 8, 'keltner_m': 4.5, 'en_obv': True, 'obv_slope': 54, 'en_cci': True, 'cci_n': 156, 'cci_threshold': 35, 'en_rsi': True, 'rsi_n': 39, 'rsi_lower': 15, 'rsi_upper': 71, 'en_stochastic': False, 'stochastic_n': 97, 'stochastic_d': 40, 'stochastic_lower': 43, 'stochastic_upper': 72, 'en_mfi': True, 'mfi_n': 65, 'mfi_lower': 19, 'mfi_upper': 97, 'en_bollinger': False, 'bollinger_n': 20, 'bollinger_k': 0.6, 'en_adx': False, 'adx_n': 33, 'adx_threshold': 37, 'en_structure_trend': False, 'structure_trend_swing_l': 19, 'en_order_block': False, 'order_block_swing_l': 17, 'en_fvg': False, 'fvg_lookback': 30, 'en_ifvg': True, 'en_breaker': False, 'breaker_swing_l': 5, 'en_cisd': True, 'k': 3, 'en_cap_bars': False, 'cap_1min': 1332}.
