[I 2026-07-13 17:09:03,151] Trial 772 finished with values: [107.8030510837209, -920.239993985183, 48.6] and parameters: {'sl_soft': 2.0827834824761626, 'sl_hard_delta': 5.122016397226086, 'tp': 5.279230480763317, 'gate_pct': 79.12027635095406, 'dd_limit': 234.1688012834486, 'cooldown': 0, 'flip': True, 'en_ema_trend': True, 'ema_trend_fast': 41, 'ema_trend_slow': 346, 'en_sma_trend': False, 'sma_trend_fast': 82, 'sma_trend_slow': 258, 'en_macd': False, 'macd_fast': 80, 'macd_slow': 47, 'macd_signal': 18, 'en_vwap': False, 'en_keltner': True, 'keltner_n': 133, 'keltner_m': 4.4, 'en_obv': True, 'obv_slope': 160, 'en_cci': False, 'cci_n': 33, 'cci_threshold': 170, 'en_rsi': True, 'rsi_n': 23, 'rsi_lower': 41, 'rsi_upper': 75, 'en_stochastic': False, 'stochastic_n': 90, 'stochastic_d': 29, 'stochastic_lower': 38, 'stochastic_upper': 60, 'en_mfi': False, 'mfi_n': 90, 'mfi_lower': 7, 'mfi_upper': 62, 'en_bollinger': False, 'bollinger_n': 97, 'bollinger_k': 2.2, 'en_adx': False, 'adx_n': 17, 'adx_threshold': 6, 'en_structure_trend': True, 'structure_trend_swing_l': 10, 'en_order_block': False, 'order_block_swing_l': 18, 'en_fvg': True, 'fvg_lookback': 42, 'en_ifvg': False, 'en_breaker': True, 'breaker_swing_l': 17, 'en_cisd': True, 'k': 1, 'en_cap_bars': True, 'cap_1min': 3}.
[I 2026-07-13 17:09:03,636] Trial 773 finished with values: [-89.91920080725322, -709.9999999999682, 50.0] and parameters: {'sl_soft': 4.423069806655792, 'sl_hard_delta': 2.4202277271614805, 'tp': 10.30323196771046, 'gate_pct': 57.542705711187445, 'dd_limit': 162.39650823726745, 'cooldown': 3, 'flip': False, 'en_ema_trend': True, 'ema_trend_fast': 317, 'ema_trend_slow': 346, 'en_sma_trend': False, 'sma_trend_fast': 7, 'sma_trend_slow': 143, 'en_macd': True, 'macd_fast': 44, 'macd_slow': 63, 'macd_signal': 41, 'en_vwap': False, 'en_keltner': True, 'keltner_n': 133, 'keltner_m': 4.0, 'en_obv': True, 'obv_slope': 186, 'en_cci': False, 'cci_n': 33, 'cci_threshold': 30, 'en_rsi': True, 'rsi_n': 33, 'rsi_lower': 6, 'rsi_upper': 75, 'en_stochastic': False, 'stochastic_n': 88, 'stochastic_d': 50, 'stochastic_lower': 4, 'stochastic_upper': 57, 'en_mfi': False, 'mfi_n': 90, 'mfi_lower': 41, 'mfi_upper': 93, 'en_bollinger': False, 'bollinger_n': 22, 'bollinger_k': 2.2, 'en_adx': False, 'adx_n': 71, 'adx_threshold': 34, 'en_structure_trend': True, 'structure_trend_swing_l': 14, 'en_order_block': True, 'order_block_swing_l': 9, 'en_fvg': False, 'fvg_lookback': 42, 'en_ifvg': True, 'en_breaker': True, 'breaker_swing_l': 20, 'en_cisd': False, 'k': 5, 'en_cap_bars': True, 'cap_1min': 3}.
[I 2026-07-13 17:09:04,748] Trial 774 finished with values: [12.500000000005684, -454.99999999995, 53.55] and parameters: {'sl_soft': 4.175083823529933, 'sl_hard_delta': 2.4202277271614805, 'tp': 3.965955750179107, 'gate_pct': 97.49754431689279, 'dd_limit': 162.39650823726745, 'cooldown': 0, 'flip': False, 'en_ema_trend': False, 'ema_trend_fast': 41, 'ema_trend_slow': 346, 'en_sma_trend': True, 'sma_trend_fast': 173, 'sma_trend_slow': 163, 'en_macd': True, 'macd_fast': 93, 'macd_slow': 63, 'macd_signal': 1, 'en_vwap': True, 'en_keltner': True, 'keltner_n': 77, 'keltner_m': 3.8000000000000003, 'en_obv': True, 'obv_slope': 186, 'en_cci': True, 'cci_n': 33, 'cci_threshold': 195, 'en_rsi': True, 'rsi_n': 33, 'rsi_lower': 22, 'rsi_upper': 69, 'en_stochastic': True, 'stochastic_n': 53, 'stochastic_d': 42, 'stochastic_lower': 38, 'stochastic_upper': 57, 'en_mfi': False, 'mfi_n': 61, 'mfi_lower': 10, 'mfi_upper': 81, 'en_bollinger': False, 'bollinger_n': 22, 'bollinger_k': 2.2, 'en_adx': False, 'adx_n': 48, 'adx_threshold': 34, 'en_structure_trend': True, 'structure_trend_swing_l': 10, 'en_order_block': True, 'order_block_swing_l': 9, 'en_fvg': False, 'fvg_lookback': 42, 'en_ifvg': True, 'en_breaker': False, 'breaker_swing_l': 17, 'en_cisd': True, 'k': 4, 'en_cap_bars': True, 'cap_1min': 3}.
[I 2026-07-13 17:09:05,529] Trial 775 pruned. 
[I 2026-07-13 17:09:10,547] Trial 776 finished with values: [89.84004379028647, -531.7022124910409, 56.9] and parameters: {'sl_soft': 4.175083823529933, 'sl_hard_delta': 9.199132196036121, 'tp': 3.965955750179107, 'gate_pct': 76.55976188692937, 'dd_limit': 39.52565804693206, 'cooldown': 3, 'flip': False, 'en_ema_trend': False, 'ema_trend_fast': 317, 'ema_trend_slow': 307, 'en_sma_trend': True, 'sma_trend_fast': 173, 'sma_trend_slow': 163, 'en_macd': True, 'macd_fast': 16, 'macd_slow': 48, 'macd_signal': 85, 'en_vwap': True, 'en_keltner': True, 'keltner_n': 133, 'keltner_m': 3.8000000000000003, 'en_obv': True, 'obv_slope': 25, 'en_cci': True, 'cci_n': 51, 'cci_threshold': 195, 'en_rsi': True, 'rsi_n': 33, 'rsi_lower': 20, 'rsi_upper': 69, 'en_stochastic': True, 'stochastic_n': 53, 'stochastic_d': 42, 'stochastic_lower': 46, 'stochastic_upper': 93, 'en_mfi': False, 'mfi_n': 61, 'mfi_lower': 10, 'mfi_upper': 68, 'en_bollinger': False, 'bollinger_n': 22, 'bollinger_k': 1.6, 'en_adx': False, 'adx_n': 7, 'adx_threshold': 57, 'en_structure_trend': True, 'structure_trend_swing_l': 10, 'en_order_block': True, 'order_block_swing_l': 9, 'en_fvg': False, 'fvg_lookback': 8, 'en_ifvg': True, 'en_breaker': False, 'breaker_swing_l': 17, 'en_cisd': True, 'k': 4, 'en_cap_bars': False, 'cap_1min': 608}.
[I 2026-07-13 17:09:10,861] Trial 777 finished with values: [-110.65380305357166, -783.4854168254765, 53.75] and parameters: {'sl_soft': 3.6763667227335777, 'sl_hard_delta': 0.31353605610285123, 'tp': 3.111624339078542, 'gate_pct': 79.12027635095406, 'dd_limit': 234.1688012834486, 'cooldown': 5, 'flip': False, 'en_ema_trend': True, 'ema_trend_fast': 274, 'ema_trend_slow': 316, 'en_sma_trend': True, 'sma_trend_fast': 221, 'sma_trend_slow': 222, 'en_macd': True, 'macd_fast': 52, 'macd_slow': 155, 'macd_signal': 94, 'en_vwap': False, 'en_keltner': True, 'keltner_n': 142, 'keltner_m': 4.8, 'en_obv': False, 'obv_slope': 78, 'en_cci': False, 'cci_n': 86, 'cci_threshold': 170, 'en_rsi': False, 'rsi_n': 77, 'rsi_lower': 40, 'rsi_upper': 72, 'en_stochastic': False, 'stochastic_n': 75, 'stochastic_d': 29, 'stochastic_lower': 22, 'stochastic_upper': 95, 'en_mfi': False, 'mfi_n': 92, 'mfi_lower': 1, 'mfi_upper': 56, 'en_bollinger': False, 'bollinger_n': 125, 'bollinger_k': 4.9, 'en_adx': False, 'adx_n': 97, 'adx_threshold': 59, 'en_structure_trend': False, 'structure_trend_swing_l': 7, 'en_order_block': False, 'order_block_swing_l': 13, 'en_fvg': False, 'fvg_lookback': 28, 'en_ifvg': False, 'en_breaker': False, 'breaker_swing_l': 4, 'en_cisd': True, 'k': 4, 'en_cap_bars': True, 'cap_1min': 948}.
[I 2026-07-13 17:09:12,105] Trial 778 finished with values: [242.18008758059568, -909.9999999999909, 56.1] and parameters: {'sl_soft': 3.578361063233118, 'sl_hard_delta': 9.199132196036121, 'tp': 3.965955750179107, 'gate_pct': 57.542705711187445, 'dd_limit': 234.1688012834486, 'cooldown': 0, 'flip': False, 'en_ema_trend': True, 'ema_trend_fast': 174, 'ema_trend_slow': 144, 'en_sma_trend': True, 'sma_trend_fast': 173, 'sma_trend_slow': 222, 'en_macd': True, 'macd_fast': 52, 'macd_slow': 172, 'macd_signal': 94, 'en_vwap': True, 'en_keltner': False, 'keltner_n': 186, 'keltner_m': 1.7000000000000002, 'en_obv': True, 'obv_slope': 161, 'en_cci': False, 'cci_n': 33, 'cci_threshold': 30, 'en_rsi': False, 'rsi_n': 43, 'rsi_lower': 40, 'rsi_upper': 86, 'en_stochastic': False, 'stochastic_n': 53, 'stochastic_d': 50, 'stochastic_lower': 4, 'stochastic_upper': 71, 'en_mfi': False, 'mfi_n': 7, 'mfi_lower': 17, 'mfi_upper': 69, 'en_bollinger': True, 'bollinger_n': 22, 'bollinger_k': 4.9, 'en_adx': False, 'adx_n': 71, 'adx_threshold': 30, 'en_structure_trend': True, 'structure_trend_swing_l': 10, 'en_order_block': False, 'order_block_swing_l': 19, 'en_fvg': False, 'fvg_lookback': 28, 'en_ifvg': True, 'en_breaker': True, 'breaker_swing_l': 20, 'en_cisd': True, 'k': 4, 'en_cap_bars': False, 'cap_1min': 948}.
[I 2026-07-13 17:09:12,281] Trial 779 pruned. 
[I 2026-07-13 17:09:12,457] Trial 780 finished with values: [6.64889375450457, -344.9999999999591, 53.55] and parameters: {'sl_soft': 2.0827834824761626, 'sl_hard_delta': 9.199132196036121, 'tp': 3.965955750179107, 'gate_pct': 47.67526199665095, 'dd_limit': 499.7446687086984, 'cooldown': 3, 'flip': False, 'en_ema_trend': False, 'ema_trend_fast': 317, 'ema_trend_slow': 346, 'en_sma_trend': True, 'sma_trend_fast': 173, 'sma_trend_slow': 163, 'en_macd': True, 'macd_fast': 16, 'macd_slow': 47, 'macd_signal': 85, 'en_vwap': True, 'en_keltner': True, 'keltner_n': 133, 'keltner_m': 4.0, 'en_obv': True, 'obv_slope': 161, 'en_cci': True, 'cci_n': 33, 'cci_threshold': 30, 'en_rsi': True, 'rsi_n': 23, 'rsi_lower': 20, 'rsi_upper': 69, 'en_stochastic': False, 'stochastic_n': 88, 'stochastic_d': 50, 'stochastic_lower': 38, 'stochastic_upper': 97, 'en_mfi': False, 'mfi_n': 61, 'mfi_lower': 17, 'mfi_upper': 65, 'en_bollinger': False, 'bollinger_n': 182, 'bollinger_k': 1.6, 'en_adx': False, 'adx_n': 71, 'adx_threshold': 34, 'en_structure_trend': True, 'structure_trend_swing_l': 10, 'en_order_block': True, 'order_block_swing_l': 9, 'en_fvg': False, 'fvg_lookback': 42, 'en_ifvg': True, 'en_breaker': False, 'breaker_swing_l': 17, 'en_cisd': False, 'k': 4, 'en_cap_bars': True, 'cap_1min': 3}.
[I 2026-07-13 17:09:18,793] Trial 781 finished with values: [1358.1291792043203, -2885.954283420824, 51.2] and parameters: {'sl_soft': 3.578361063233118, 'sl_hard_delta': 5.122016397226086, 'tp': 7.670322948010878, 'gate_pct': 94.70821660915905, 'dd_limit': 499.7446687086984, 'cooldown': 0, 'flip': False, 'en_ema_trend': True, 'ema_trend_fast': 317, 'ema_trend_slow': 64, 'en_sma_trend': False, 'sma_trend_fast': 345, 'sma_trend_slow': 143, 'en_macd': True, 'macd_fast': 80, 'macd_slow': 48, 'macd_signal': 30, 'en_vwap': True, 'en_keltner': True, 'keltner_n': 123, 'keltner_m': 3.8000000000000003, 'en_obv': False, 'obv_slope': 47, 'en_cci': False, 'cci_n': 188, 'cci_threshold': 30, 'en_rsi': False, 'rsi_n': 43, 'rsi_lower': 8, 'rsi_upper': 86, 'en_stochastic': True, 'stochastic_n': 65, 'stochastic_d': 3, 'stochastic_lower': 4, 'stochastic_upper': 57, 'en_mfi': False, 'mfi_n': 96, 'mfi_lower': 17, 'mfi_upper': 68, 'en_bollinger': True, 'bollinger_n': 69, 'bollinger_k': 2.7, 'en_adx': False, 'adx_n': 20, 'adx_threshold': 57, 'en_structure_trend': True, 'structure_trend_swing_l': 5, 'en_order_block': True, 'order_block_swing_l': 19, 'en_fvg': False, 'fvg_lookback': 31, 'en_ifvg': True, 'en_breaker': True, 'breaker_swing_l': 1, 'en_cisd': True, 'k': 3, 'en_cap_bars': False, 'cap_1min': 608}.
[I 2026-07-13 17:09:19,208] Trial 782 finished with values: [2082.1152675180656, -2242.183101078399, 42.05] and parameters: {'sl_soft': 2.609471604804969, 'sl_hard_delta': 5.122016397226086, 'tp': 9.378168989216427, 'gate_pct': 94.70821660915905, 'dd_limit': 141.98378389938074, 'cooldown': 2, 'flip': False, 'en_ema_trend': True, 'ema_trend_fast': 55, 'ema_trend_slow': 64, 'en_sma_trend': False, 'sma_trend_fast': 345, 'sma_trend_slow': 143, 'en_macd': False, 'macd_fast': 56, 'macd_slow': 48, 'macd_signal': 82, 'en_vwap': True, 'en_keltner': True, 'keltner_n': 200, 'keltner_m': 3.8000000000000003, 'en_obv': False, 'obv_slope': 19, 'en_cci': False, 'cci_n': 51, 'cci_threshold': 65, 'en_rsi': True, 'rsi_n': 23, 'rsi_lower': 6, 'rsi_upper': 58, 'en_stochastic': False, 'stochastic_n': 90, 'stochastic_d': 5, 'stochastic_lower': 40, 'stochastic_upper': 71, 'en_mfi': False, 'mfi_n': 70, 'mfi_lower': 19, 'mfi_upper': 78, 'en_bollinger': False, 'bollinger_n': 69, 'bollinger_k': 4.1, 'en_adx': False, 'adx_n': 7, 'adx_threshold': 50, 'en_structure_trend': True, 'structure_trend_swing_l': 5, 'en_order_block': False, 'order_block_swing_l': 9, 'en_fvg': False, 'fvg_lookback': 36, 'en_ifvg': False, 'en_breaker': True, 'breaker_swing_l': 1, 'en_cisd': False, 'k': 3, 'en_cap_bars': False, 'cap_1min': 608}.
[I 2026-07-13 17:09:20,706] Trial 783 finished with values: [685.1756897673908, -3308.2750069975646, 41.65] and parameters: {'sl_soft': 3.6763667227335777, 'sl_hard_delta': 2.065008312254088, 'tp': 9.378168989216427, 'gate_pct': 79.12027635095406, 'dd_limit': 234.1688012834486, 'cooldown': 2, 'flip': False, 'en_ema_trend': True, 'ema_trend_fast': 274, 'ema_trend_slow': 316, 'en_sma_trend': True, 'sma_trend_fast': 345, 'sma_trend_slow': 143, 'en_macd': True, 'macd_fast': 56, 'macd_slow': 48, 'macd_signal': 94, 'en_vwap': True, 'en_keltner': True, 'keltner_n': 123, 'keltner_m': 3.8000000000000003, 'en_obv': False, 'obv_slope': 78, 'en_cci': False, 'cci_n': 51, 'cci_threshold': 195, 'en_rsi': False, 'rsi_n': 77, 'rsi_lower': 36, 'rsi_upper': 89, 'en_stochastic': False, 'stochastic_n': 75, 'stochastic_d': 29, 'stochastic_lower': 40, 'stochastic_upper': 93, 'en_mfi': False, 'mfi_n': 53, 'mfi_lower': 1, 'mfi_upper': 68, 'en_bollinger': False, 'bollinger_n': 125, 'bollinger_k': 2.7, 'en_adx': False, 'adx_n': 97, 'adx_threshold': 59, 'en_structure_trend': False, 'structure_trend_swing_l': 7, 'en_order_block': False, 'order_block_swing_l': 13, 'en_fvg': False, 'fvg_lookback': 36, 'en_ifvg': False, 'en_breaker': False, 'breaker_swing_l': 1, 'en_cisd': True, 'k': 4, 'en_cap_bars': True, 'cap_1min': 608}.
[I 2026-07-13 17:09:21,019] Trial 784 finished with values: [-110.65380305357166, -783.4854168254765, 53.75] and parameters: {'sl_soft': 3.6763667227335777, 'sl_hard_delta': 0.31353605610285123, 'tp': 3.111624339078542, 'gate_pct': 79.12027635095406, 'dd_limit': 234.1688012834486, 'cooldown': 5, 'flip': False, 'en_ema_trend': True, 'ema_trend_fast': 274, 'ema_trend_slow': 316, 'en_sma_trend': True, 'sma_trend_fast': 221, 'sma_trend_slow': 222, 'en_macd': True, 'macd_fast': 52, 'macd_slow': 155, 'macd_signal': 94, 'en_vwap': False, 'en_keltner': True, 'keltner_n': 142, 'keltner_m': 4.8, 'en_obv': False, 'obv_slope': 78, 'en_cci': False, 'cci_n': 86, 'cci_threshold': 170, 'en_rsi': False, 'rsi_n': 77, 'rsi_lower': 40, 'rsi_upper': 72, 'en_stochastic': False, 'stochastic_n': 75, 'stochastic_d': 29, 'stochastic_lower': 22, 'stochastic_upper': 95, 'en_mfi': False, 'mfi_n': 92, 'mfi_lower': 1, 'mfi_upper': 56, 'en_bollinger': False, 'bollinger_n': 125, 'bollinger_k': 4.9, 'en_adx': False, 'adx_n': 97, 'adx_threshold': 59, 'en_structure_trend': False, 'structure_trend_swing_l': 7, 'en_order_block': False, 'order_block_swing_l': 13, 'en_fvg': False, 'fvg_lookback': 28, 'en_ifvg': False, 'en_breaker': False, 'breaker_swing_l': 4, 'en_cisd': True, 'k': 4, 'en_cap_bars': True, 'cap_1min': 948}.
[I 2026-07-13 17:09:27,815] Trial 785 finished with values: [-207.76257095516826, -445.5251419103661, 35.75] and parameters: {'sl_soft': 2.0827834824761626, 'sl_hard_delta': 0.14484222707573952, 'tp': 5.279230480763317, 'gate_pct': 79.12027635095406, 'dd_limit': 390.2087279618219, 'cooldown': 1, 'flip': False, 'en_ema_trend': True, 'ema_trend_fast': 55, 'ema_trend_slow': 334, 'en_sma_trend': False, 'sma_trend_fast': 141, 'sma_trend_slow': 328, 'en_macd': False, 'macd_fast': 80, 'macd_slow': 47, 'macd_signal': 9, 'en_vwap': False, 'en_keltner': True, 'keltner_n': 77, 'keltner_m': 1.8, 'en_obv': True, 'obv_slope': 160, 'en_cci': True, 'cci_n': 33, 'cci_threshold': 170, 'en_rsi': True, 'rsi_n': 43, 'rsi_lower': 20, 'rsi_upper': 82, 'en_stochastic': True, 'stochastic_n': 90, 'stochastic_d': 2, 'stochastic_lower': 4, 'stochastic_upper': 71, 'en_mfi': False, 'mfi_n': 70, 'mfi_lower': 17, 'mfi_upper': 69, 'en_bollinger': False, 'bollinger_n': 32, 'bollinger_k': 4.1, 'en_adx': False, 'adx_n': 17, 'adx_threshold': 21, 'en_structure_trend': True, 'structure_trend_swing_l': 7, 'en_order_block': False, 'order_block_swing_l': 19, 'en_fvg': True, 'fvg_lookback': 50, 'en_ifvg': True, 'en_breaker': True, 'breaker_swing_l': 17, 'en_cisd': True, 'k': 1, 'en_cap_bars': True, 'cap_1min': 3}.
[I 2026-07-13 17:09:34,283] Trial 786 finished with values: [881.1995137151371, -216.38128547758697, 64.6] and parameters: {'sl_soft': 2.0827834824761626, 'sl_hard_delta': 0.14484222707573952, 'tp': 10.30323196771046, 'gate_pct': 79.12027635095406, 'dd_limit': 303.7831034706349, 'cooldown': 0, 'flip': True, 'en_ema_trend': True, 'ema_trend_fast': 373, 'ema_trend_slow': 319, 'en_sma_trend': False, 'sma_trend_fast': 221, 'sma_trend_slow': 357, 'en_macd': False, 'macd_fast': 76, 'macd_slow': 47, 'macd_signal': 9, 'en_vwap': False, 'en_keltner': True, 'keltner_n': 142, 'keltner_m': 1.6, 'en_obv': True, 'obv_slope': 160, 'en_cci': True, 'cci_n': 33, 'cci_threshold': 170, 'en_rsi': False, 'rsi_n': 17, 'rsi_lower': 40, 'rsi_upper': 91, 'en_stochastic': True, 'stochastic_n': 90, 'stochastic_d': 14, 'stochastic_lower': 2, 'stochastic_upper': 60, 'en_mfi': False, 'mfi_n': 97, 'mfi_lower': 7, 'mfi_upper': 62, 'en_bollinger': False, 'bollinger_n': 32, 'bollinger_k': 2.2, 'en_adx': False, 'adx_n': 71, 'adx_threshold': 6, 'en_structure_trend': True, 'structure_trend_swing_l': 7, 'en_order_block': False, 'order_block_swing_l': 9, 'en_fvg': True, 'fvg_lookback': 50, 'en_ifvg': False, 'en_breaker': True, 'breaker_swing_l': 20, 'en_cisd': True, 'k': 4, 'en_cap_bars': True, 'cap_1min': 3}.
[I 2026-07-13 17:09:35,474] Trial 787 finished with values: [164.99999999999773, -435.0188730229547, 60.95] and parameters: {'sl_soft': 3.578361063233118, 'sl_hard_delta': 5.122016397226086, 'tp': 7.670322948010878, 'gate_pct': 57.542705711187445, 'dd_limit': 499.7446687086984, 'cooldown': 0, 'flip': False, 'en_ema_trend': True, 'ema_trend_fast': 41, 'ema_trend_slow': 364, 'en_sma_trend': False, 'sma_trend_fast': 173, 'sma_trend_slow': 324, 'en_macd': True, 'macd_fast': 52, 'macd_slow': 172, 'macd_signal': 30, 'en_vwap': True, 'en_keltner': False, 'keltner_n': 102, 'keltner_m': 1.7000000000000002, 'en_obv': True, 'obv_slope': 161, 'en_cci': False, 'cci_n': 188, 'cci_threshold': 170, 'en_rsi': True, 'rsi_n': 33, 'rsi_lower': 40, 'rsi_upper': 69, 'en_stochastic': False, 'stochastic_n': 53, 'stochastic_d': 29, 'stochastic_lower': 2, 'stochastic_upper': 71, 'en_mfi': False, 'mfi_n': 45, 'mfi_lower': 47, 'mfi_upper': 93, 'en_bollinger': False, 'bollinger_n': 76, 'bollinger_k': 4.9, 'en_adx': False, 'adx_n': 20, 'adx_threshold': 30, 'en_structure_trend': True, 'structure_trend_swing_l': 5, 'en_order_block': False, 'order_block_swing_l': 9, 'en_fvg': False, 'fvg_lookback': 42, 'en_ifvg': True, 'en_breaker': True, 'breaker_swing_l': 3, 'en_cisd': True, 'k': 1, 'en_cap_bars': True, 'cap_1min': 3}.
[I 2026-07-13 17:09:37,723] Trial 788 pruned. 
[I 2026-07-13 17:09:39,632] Trial 789 finished with values: [794.33923917793, -4062.3760032327937, 32.7] and parameters: {'sl_soft': 2.609471604804969, 'sl_hard_delta': 1.5400466597035951, 'tp': 9.378168989216427, 'gate_pct': 94.70821660915905, 'dd_limit': 390.2087279618219, 'cooldown': 1, 'flip': False, 'en_ema_trend': True, 'ema_trend_fast': 317, 'ema_trend_slow': 38, 'en_sma_trend': False, 'sma_trend_fast': 345, 'sma_trend_slow': 292, 'en_macd': True, 'macd_fast': 16, 'macd_slow': 194, 'macd_signal': 91, 'en_vwap': False, 'en_keltner': True, 'keltner_n': 123, 'keltner_m': 3.8000000000000003, 'en_obv': False, 'obv_slope': 19, 'en_cci': True, 'cci_n': 125, 'cci_threshold': 165, 'en_rsi': False, 'rsi_n': 100, 'rsi_lower': 41, 'rsi_upper': 69, 'en_stochastic': False, 'stochastic_n': 90, 'stochastic_d': 3, 'stochastic_lower': 40, 'stochastic_upper': 71, 'en_mfi': False, 'mfi_n': 70, 'mfi_lower': 19, 'mfi_upper': 78, 'en_bollinger': False, 'bollinger_n': 97, 'bollinger_k': 2.7, 'en_adx': False, 'adx_n': 35, 'adx_threshold': 21, 'en_structure_trend': True, 'structure_trend_swing_l': 5, 'en_order_block': True, 'order_block_swing_l': 19, 'en_fvg': True, 'fvg_lookback': 42, 'en_ifvg': False, 'en_breaker': True, 'breaker_swing_l': 1, 'en_cisd': True, 'k': 3, 'en_cap_bars': False, 'cap_1min': 608}.
[I 2026-07-13 17:09:40,327] Trial 790 finished with values: [22.451486827475264, -1094.9903888719973, 54.7] and parameters: {'sl_soft': 4.175083823529933, 'sl_hard_delta': 0.31353605610285123, 'tp': 3.965955750179107, 'gate_pct': 97.49754431689279, 'dd_limit': 234.1688012834486, 'cooldown': 4, 'flip': False, 'en_ema_trend': True, 'ema_trend_fast': 317, 'ema_trend_slow': 316, 'en_sma_trend': True, 'sma_trend_fast': 173, 'sma_trend_slow': 143, 'en_macd': True, 'macd_fast': 16, 'macd_slow': 47, 'macd_signal': 85, 'en_vwap': True, 'en_keltner': True, 'keltner_n': 77, 'keltner_m': 1.8, 'en_obv': True, 'obv_slope': 78, 'en_cci': True, 'cci_n': 86, 'cci_threshold': 170, 'en_rsi': False, 'rsi_n': 52, 'rsi_lower': 22, 'rsi_upper': 59, 'en_stochastic': False, 'stochastic_n': 75, 'stochastic_d': 29, 'stochastic_lower': 22, 'stochastic_upper': 97, 'en_mfi': False, 'mfi_n': 61, 'mfi_lower': 10, 'mfi_upper': 56, 'en_bollinger': False, 'bollinger_n': 125, 'bollinger_k': 4.9, 'en_adx': False, 'adx_n': 48, 'adx_threshold': 34, 'en_structure_trend': False, 'structure_trend_swing_l': 7, 'en_order_block': True, 'order_block_swing_l': 9, 'en_fvg': False, 'fvg_lookback': 28, 'en_ifvg': True, 'en_breaker': False, 'breaker_swing_l': 17, 'en_cisd': True, 'k': 4, 'en_cap_bars': True, 'cap_1min': 3}.
