[I 2026-07-13 17:21:00,673] Trial 585 finished with values: [247.7945466281824, -249.0121439052018, 72.69999999999999] and parameters: {'sl_soft': 0.6154913983821713, 'sl_hard_delta': 2.981985232474473, 'tp': 0.6549392804740899, 'gate_pct': 63.90528592947753, 'dd_limit': 237.04271548261175, 'cooldown': 15, 'flip': False, 'en_ema_trend': True, 'ema_trend_fast': 33, 'ema_trend_slow': 305, 'en_sma_trend': False, 'sma_trend_fast': 298, 'sma_trend_slow': 248, 'en_macd': False, 'macd_fast': 70, 'macd_slow': 6, 'macd_signal': 27, 'en_vwap': True, 'en_keltner': False, 'keltner_n': 105, 'keltner_m': 2.1, 'en_obv': True, 'obv_slope': 18, 'en_cci': True, 'cci_n': 184, 'cci_threshold': 260, 'en_rsi': True, 'rsi_n': 46, 'rsi_lower': 3, 'rsi_upper': 61, 'en_stochastic': False, 'stochastic_n': 9, 'stochastic_d': 37, 'stochastic_lower': 8, 'stochastic_upper': 92, 'en_mfi': True, 'mfi_n': 95, 'mfi_lower': 29, 'mfi_upper': 93, 'en_bollinger': False, 'bollinger_n': 144, 'bollinger_k': 3.9000000000000004, 'en_adx': False, 'adx_n': 76, 'adx_threshold': 17, 'en_structure_trend': True, 'structure_trend_swing_l': 9, 'en_order_block': False, 'order_block_swing_l': 18, 'en_fvg': False, 'fvg_lookback': 44, 'en_ifvg': True, 'en_breaker': True, 'breaker_swing_l': 10, 'en_cisd': True, 'k': 4, 'en_cap_bars': False, 'cap_1min': 1119}.
[I 2026-07-13 17:21:01,550] Trial 586 finished with values: [882.7545825753759, -520.0000000000045, 44.45] and parameters: {'sl_soft': 1.0860152683938593, 'sl_hard_delta': 2.911804370090404, 'tp': 3.8454001470748493, 'gate_pct': 84.86382733879176, 'dd_limit': 235.57837541012853, 'cooldown': 15, 'flip': False, 'en_ema_trend': False, 'ema_trend_fast': 121, 'ema_trend_slow': 98, 'en_sma_trend': False, 'sma_trend_fast': 45, 'sma_trend_slow': 14, 'en_macd': False, 'macd_fast': 96, 'macd_slow': 18, 'macd_signal': 86, 'en_vwap': False, 'en_keltner': True, 'keltner_n': 162, 'keltner_m': 1.5, 'en_obv': False, 'obv_slope': 116, 'en_cci': True, 'cci_n': 111, 'cci_threshold': 25, 'en_rsi': True, 'rsi_n': 87, 'rsi_lower': 7, 'rsi_upper': 94, 'en_stochastic': False, 'stochastic_n': 8, 'stochastic_d': 27, 'stochastic_lower': 40, 'stochastic_upper': 89, 'en_mfi': True, 'mfi_n': 45, 'mfi_lower': 20, 'mfi_upper': 61, 'en_bollinger': False, 'bollinger_n': 86, 'bollinger_k': 3.4000000000000004, 'en_adx': False, 'adx_n': 31, 'adx_threshold': 26, 'en_structure_trend': True, 'structure_trend_swing_l': 1, 'en_order_block': True, 'order_block_swing_l': 14, 'en_fvg': False, 'fvg_lookback': 14, 'en_ifvg': True, 'en_breaker': False, 'breaker_swing_l': 19, 'en_cisd': False, 'k': 1, 'en_cap_bars': False, 'cap_1min': 379}.
[I 2026-07-13 17:21:02,366] Trial 587 pruned. 
[I 2026-07-13 17:21:02,973] Trial 588 pruned. 
[I 2026-07-13 17:21:03,221] Trial 589 pruned. 
[I 2026-07-13 17:21:05,721] Trial 590 pruned. 
[I 2026-07-13 17:21:06,016] Trial 591 pruned. 
[I 2026-07-13 17:21:06,438] Trial 592 pruned. 
[I 2026-07-13 17:21:07,617] Trial 593 finished with values: [130.04863815597218, -278.6187190131386, 63.35] and parameters: {'sl_soft': 0.8668241302577042, 'sl_hard_delta': 2.981985232474473, 'tp': 1.2921449941565541, 'gate_pct': 75.29895741667805, 'dd_limit': 237.04271548261175, 'cooldown': 11, 'flip': False, 'en_ema_trend': False, 'ema_trend_fast': 23, 'ema_trend_slow': 305, 'en_sma_trend': False, 'sma_trend_fast': 298, 'sma_trend_slow': 248, 'en_macd': False, 'macd_fast': 52, 'macd_slow': 6, 'macd_signal': 27, 'en_vwap': True, 'en_keltner': False, 'keltner_n': 3, 'keltner_m': 3.4000000000000004, 'en_obv': True, 'obv_slope': 18, 'en_cci': True, 'cci_n': 184, 'cci_threshold': 260, 'en_rsi': True, 'rsi_n': 69, 'rsi_lower': 3, 'rsi_upper': 61, 'en_stochastic': True, 'stochastic_n': 3, 'stochastic_d': 37, 'stochastic_lower': 8, 'stochastic_upper': 57, 'en_mfi': True, 'mfi_n': 95, 'mfi_lower': 29, 'mfi_upper': 93, 'en_bollinger': False, 'bollinger_n': 144, 'bollinger_k': 2.1, 'en_adx': False, 'adx_n': 62, 'adx_threshold': 32, 'en_structure_trend': True, 'structure_trend_swing_l': 9, 'en_order_block': False, 'order_block_swing_l': 2, 'en_fvg': False, 'fvg_lookback': 44, 'en_ifvg': True, 'en_breaker': True, 'breaker_swing_l': 10, 'en_cisd': True, 'k': 4, 'en_cap_bars': True, 'cap_1min': 1249}.
[I 2026-07-13 17:21:13,050] Trial 594 finished with values: [-246.97883563860614, -390.40275080520814, 39.05] and parameters: {'sl_soft': 1.5640500547475584, 'sl_hard_delta': 0.24002809860404511, 'tp': 1.5082069520025265, 'gate_pct': 75.29895741667805, 'dd_limit': 241.42955722086123, 'cooldown': 15, 'flip': True, 'en_ema_trend': False, 'ema_trend_fast': 40, 'ema_trend_slow': 305, 'en_sma_trend': False, 'sma_trend_fast': 155, 'sma_trend_slow': 248, 'en_macd': True, 'macd_fast': 70, 'macd_slow': 156, 'macd_signal': 27, 'en_vwap': True, 'en_keltner': True, 'keltner_n': 162, 'keltner_m': 2.9000000000000004, 'en_obv': True, 'obv_slope': 116, 'en_cci': True, 'cci_n': 111, 'cci_threshold': 25, 'en_rsi': True, 'rsi_n': 87, 'rsi_lower': 38, 'rsi_upper': 86, 'en_stochastic': True, 'stochastic_n': 18, 'stochastic_d': 27, 'stochastic_lower': 40, 'stochastic_upper': 92, 'en_mfi': True, 'mfi_n': 95, 'mfi_lower': 29, 'mfi_upper': 72, 'en_bollinger': False, 'bollinger_n': 86, 'bollinger_k': 2.1, 'en_adx': False, 'adx_n': 16, 'adx_threshold': 27, 'en_structure_trend': True, 'structure_trend_swing_l': 1, 'en_order_block': False, 'order_block_swing_l': 2, 'en_fvg': False, 'fvg_lookback': 28, 'en_ifvg': True, 'en_breaker': False, 'breaker_swing_l': 7, 'en_cisd': False, 'k': 4, 'en_cap_bars': False, 'cap_1min': 1119}.
[I 2026-07-13 17:21:13,366] Trial 595 finished with values: [-11.940889391985365, -119.08596609619053, 42.9] and parameters: {'sl_soft': 0.95083156235771, 'sl_hard_delta': 0.24002809860404511, 'tp': 1.5082069520025265, 'gate_pct': 84.86382733879176, 'dd_limit': 129.62211800890103, 'cooldown': 15, 'flip': True, 'en_ema_trend': False, 'ema_trend_fast': 40, 'ema_trend_slow': 26, 'en_sma_trend': False, 'sma_trend_fast': 155, 'sma_trend_slow': 263, 'en_macd': True, 'macd_fast': 96, 'macd_slow': 156, 'macd_signal': 86, 'en_vwap': False, 'en_keltner': True, 'keltner_n': 162, 'keltner_m': 2.9000000000000004, 'en_obv': True, 'obv_slope': 116, 'en_cci': True, 'cci_n': 111, 'cci_threshold': 25, 'en_rsi': True, 'rsi_n': 87, 'rsi_lower': 38, 'rsi_upper': 86, 'en_stochastic': True, 'stochastic_n': 32, 'stochastic_d': 27, 'stochastic_lower': 40, 'stochastic_upper': 89, 'en_mfi': True, 'mfi_n': 82, 'mfi_lower': 20, 'mfi_upper': 72, 'en_bollinger': False, 'bollinger_n': 86, 'bollinger_k': 3.4000000000000004, 'en_adx': True, 'adx_n': 16, 'adx_threshold': 27, 'en_structure_trend': True, 'structure_trend_swing_l': 1, 'en_order_block': True, 'order_block_swing_l': 16, 'en_fvg': False, 'fvg_lookback': 28, 'en_ifvg': True, 'en_breaker': False, 'breaker_swing_l': 3, 'en_cisd': False, 'k': 4, 'en_cap_bars': False, 'cap_1min': 379}.
[I 2026-07-13 17:21:13,694] Trial 596 finished with values: [72.82405116769723, -604.8909819241771, 37.65] and parameters: {'sl_soft': 1.0860152683938593, 'sl_hard_delta': 2.911804370090404, 'tp': 3.8454001470748493, 'gate_pct': 86.68863637915473, 'dd_limit': 235.57837541012853, 'cooldown': 13, 'flip': False, 'en_ema_trend': False, 'ema_trend_fast': 121, 'ema_trend_slow': 364, 'en_sma_trend': False, 'sma_trend_fast': 45, 'sma_trend_slow': 14, 'en_macd': False, 'macd_fast': 52, 'macd_slow': 18, 'macd_signal': 45, 'en_vwap': True, 'en_keltner': True, 'keltner_n': 68, 'keltner_m': 1.5, 'en_obv': True, 'obv_slope': 7, 'en_cci': True, 'cci_n': 43, 'cci_threshold': 60, 'en_rsi': True, 'rsi_n': 95, 'rsi_lower': 7, 'rsi_upper': 94, 'en_stochastic': False, 'stochastic_n': 8, 'stochastic_d': 40, 'stochastic_lower': 40, 'stochastic_upper': 87, 'en_mfi': True, 'mfi_n': 45, 'mfi_lower': 16, 'mfi_upper': 61, 'en_bollinger': True, 'bollinger_n': 125, 'bollinger_k': 2.9000000000000004, 'en_adx': False, 'adx_n': 31, 'adx_threshold': 26, 'en_structure_trend': True, 'structure_trend_swing_l': 19, 'en_order_block': False, 'order_block_swing_l': 14, 'en_fvg': False, 'fvg_lookback': 14, 'en_ifvg': True, 'en_breaker': True, 'breaker_swing_l': 14, 'en_cisd': True, 'k': 1, 'en_cap_bars': True, 'cap_1min': 995}.
[I 2026-07-13 17:21:14,512] Trial 597 finished with values: [-105.79815269086339, -265.52163170365475, 22.5] and parameters: {'sl_soft': 0.7756993843732112, 'sl_hard_delta': 0.3269087741450897, 'tp': 2.5647184925159534, 'gate_pct': 63.90528592947753, 'dd_limit': 133.00459610396956, 'cooldown': 15, 'flip': True, 'en_ema_trend': False, 'ema_trend_fast': 314, 'ema_trend_slow': 361, 'en_sma_trend': False, 'sma_trend_fast': 178, 'sma_trend_slow': 111, 'en_macd': False, 'macd_fast': 57, 'macd_slow': 94, 'macd_signal': 17, 'en_vwap': True, 'en_keltner': True, 'keltner_n': 49, 'keltner_m': 2.1, 'en_obv': False, 'obv_slope': 167, 'en_cci': True, 'cci_n': 72, 'cci_threshold': 90, 'en_rsi': False, 'rsi_n': 25, 'rsi_lower': 19, 'rsi_upper': 57, 'en_stochastic': False, 'stochastic_n': 3, 'stochastic_d': 37, 'stochastic_lower': 8, 'stochastic_upper': 57, 'en_mfi': True, 'mfi_n': 80, 'mfi_lower': 8, 'mfi_upper': 70, 'en_bollinger': True, 'bollinger_n': 57, 'bollinger_k': 3.9000000000000004, 'en_adx': False, 'adx_n': 2, 'adx_threshold': 17, 'en_structure_trend': True, 'structure_trend_swing_l': 2, 'en_order_block': False, 'order_block_swing_l': 18, 'en_fvg': True, 'fvg_lookback': 1, 'en_ifvg': True, 'en_breaker': True, 'breaker_swing_l': 7, 'en_cisd': True, 'k': 4, 'en_cap_bars': True, 'cap_1min': 698}.
[I 2026-07-13 17:21:14,806] Trial 598 pruned. 
[I 2026-07-13 17:21:15,607] Trial 599 pruned. 
[I 2026-07-13 17:21:17,238] Trial 600 finished with values: [-182.82304391688626, -292.54652292967194, 21.55] and parameters: {'sl_soft': 0.7756993843732112, 'sl_hard_delta': 0.3269087741450897, 'tp': 2.5647184925159534, 'gate_pct': 62.02693045764362, 'dd_limit': 235.57837541012853, 'cooldown': 18, 'flip': False, 'en_ema_trend': True, 'ema_trend_fast': 121, 'ema_trend_slow': 364, 'en_sma_trend': False, 'sma_trend_fast': 45, 'sma_trend_slow': 14, 'en_macd': False, 'macd_fast': 52, 'macd_slow': 64, 'macd_signal': 45, 'en_vwap': True, 'en_keltner': True, 'keltner_n': 68, 'keltner_m': 1.5, 'en_obv': False, 'obv_slope': 168, 'en_cci': True, 'cci_n': 42, 'cci_threshold': 60, 'en_rsi': True, 'rsi_n': 25, 'rsi_lower': 19, 'rsi_upper': 94, 'en_stochastic': False, 'stochastic_n': 71, 'stochastic_d': 34, 'stochastic_lower': 40, 'stochastic_upper': 94, 'en_mfi': True, 'mfi_n': 45, 'mfi_lower': 2, 'mfi_upper': 95, 'en_bollinger': True, 'bollinger_n': 125, 'bollinger_k': 2.9000000000000004, 'en_adx': False, 'adx_n': 2, 'adx_threshold': 26, 'en_structure_trend': True, 'structure_trend_swing_l': 11, 'en_order_block': False, 'order_block_swing_l': 14, 'en_fvg': False, 'fvg_lookback': 45, 'en_ifvg': True, 'en_breaker': True, 'breaker_swing_l': 18, 'en_cisd': True, 'k': 1, 'en_cap_bars': False, 'cap_1min': 1381}.
[I 2026-07-13 17:21:23,555] Trial 601 finished with values: [-26.969662984970455, -161.91963998869596, 26.65] and parameters: {'sl_soft': 0.6154913983821713, 'sl_hard_delta': 0.03218716157238656, 'tp': 1.5082069520025265, 'gate_pct': 73.0036735816267, 'dd_limit': 129.62211800890103, 'cooldown': 20, 'flip': True, 'en_ema_trend': False, 'ema_trend_fast': 162, 'ema_trend_slow': 26, 'en_sma_trend': False, 'sma_trend_fast': 232, 'sma_trend_slow': 248, 'en_macd': True, 'macd_fast': 96, 'macd_slow': 47, 'macd_signal': 86, 'en_vwap': True, 'en_keltner': True, 'keltner_n': 162, 'keltner_m': 2.9000000000000004, 'en_obv': False, 'obv_slope': 163, 'en_cci': True, 'cci_n': 111, 'cci_threshold': 30, 'en_rsi': True, 'rsi_n': 87, 'rsi_lower': 3, 'rsi_upper': 86, 'en_stochastic': True, 'stochastic_n': 32, 'stochastic_d': 3, 'stochastic_lower': 2, 'stochastic_upper': 89, 'en_mfi': True, 'mfi_n': 82, 'mfi_lower': 20, 'mfi_upper': 72, 'en_bollinger': False, 'bollinger_n': 121, 'bollinger_k': 2.1, 'en_adx': True, 'adx_n': 16, 'adx_threshold': 27, 'en_structure_trend': True, 'structure_trend_swing_l': 11, 'en_order_block': False, 'order_block_swing_l': 9, 'en_fvg': True, 'fvg_lookback': 28, 'en_ifvg': False, 'en_breaker': False, 'breaker_swing_l': 3, 'en_cisd': True, 'k': 4, 'en_cap_bars': True, 'cap_1min': 379}.
[I 2026-07-13 17:21:26,899] Trial 602 finished with values: [-213.56281462396964, -379.43508412565734, 22.5] and parameters: {'sl_soft': 0.95083156235771, 'sl_hard_delta': 0.3269087741450897, 'tp': 2.5647184925159534, 'gate_pct': 54.65570887864888, 'dd_limit': 208.93735973419433, 'cooldown': 15, 'flip': True, 'en_ema_trend': True, 'ema_trend_fast': 90, 'ema_trend_slow': 361, 'en_sma_trend': False, 'sma_trend_fast': 178, 'sma_trend_slow': 263, 'en_macd': True, 'macd_fast': 57, 'macd_slow': 94, 'macd_signal': 86, 'en_vwap': True, 'en_keltner': True, 'keltner_n': 179, 'keltner_m': 2.9000000000000004, 'en_obv': False, 'obv_slope': 167, 'en_cci': True, 'cci_n': 72, 'cci_threshold': 90, 'en_rsi': True, 'rsi_n': 87, 'rsi_lower': 38, 'rsi_upper': 57, 'en_stochastic': False, 'stochastic_n': 63, 'stochastic_d': 36, 'stochastic_lower': 40, 'stochastic_upper': 94, 'en_mfi': False, 'mfi_n': 80, 'mfi_lower': 20, 'mfi_upper': 72, 'en_bollinger': False, 'bollinger_n': 57, 'bollinger_k': 4.8, 'en_adx': False, 'adx_n': 16, 'adx_threshold': 26, 'en_structure_trend': True, 'structure_trend_swing_l': 2, 'en_order_block': True, 'order_block_swing_l': 16, 'en_fvg': True, 'fvg_lookback': 28, 'en_ifvg': False, 'en_breaker': False, 'breaker_swing_l': 7, 'en_cisd': True, 'k': 3, 'en_cap_bars': True, 'cap_1min': 379}.
[I 2026-07-13 17:21:27,434] Trial 603 pruned. 
[I 2026-07-13 17:21:29,036] Trial 604 finished with values: [-3.443441375901557, -380.9305028143058, 22.15] and parameters: {'sl_soft': 0.8668241302577042, 'sl_hard_delta': 0.5378283838136624, 'tp': 3.796381228830453, 'gate_pct': 62.02693045764362, 'dd_limit': 237.04271548261175, 'cooldown': 15, 'flip': False, 'en_ema_trend': False, 'ema_trend_fast': 41, 'ema_trend_slow': 30, 'en_sma_trend': False, 'sma_trend_fast': 298, 'sma_trend_slow': 111, 'en_macd': False, 'macd_fast': 44, 'macd_slow': 63, 'macd_signal': 54, 'en_vwap': False, 'en_keltner': False, 'keltner_n': 105, 'keltner_m': 3.9000000000000004, 'en_obv': True, 'obv_slope': 160, 'en_cci': False, 'cci_n': 184, 'cci_threshold': 260, 'en_rsi': True, 'rsi_n': 69, 'rsi_lower': 20, 'rsi_upper': 75, 'en_stochastic': False, 'stochastic_n': 71, 'stochastic_d': 37, 'stochastic_lower': 38, 'stochastic_upper': 57, 'en_mfi': True, 'mfi_n': 15, 'mfi_lower': 24, 'mfi_upper': 99, 'en_bollinger': True, 'bollinger_n': 57, 'bollinger_k': 3.9000000000000004, 'en_adx': False, 'adx_n': 62, 'adx_threshold': 28, 'en_structure_trend': True, 'structure_trend_swing_l': 11, 'en_order_block': False, 'order_block_swing_l': 18, 'en_fvg': True, 'fvg_lookback': 28, 'en_ifvg': True, 'en_breaker': True, 'breaker_swing_l': 10, 'en_cisd': True, 'k': 4, 'en_cap_bars': True, 'cap_1min': 1165}.
[I 2026-07-13 17:21:29,795] Trial 605 pruned. 
[I 2026-07-13 17:21:32,680] Trial 606 finished with values: [-10.100511448445104, -345.7078445790785, 33.15] and parameters: {'sl_soft': 0.5847565227953361, 'sl_hard_delta': 0.24002809860404511, 'tp': 1.5082069520025265, 'gate_pct': 62.02693045764362, 'dd_limit': 208.93735973419433, 'cooldown': 15, 'flip': False, 'en_ema_trend': True, 'ema_trend_fast': 40, 'ema_trend_slow': 72, 'en_sma_trend': False, 'sma_trend_fast': 207, 'sma_trend_slow': 263, 'en_macd': True, 'macd_fast': 96, 'macd_slow': 63, 'macd_signal': 86, 'en_vwap': False, 'en_keltner': True, 'keltner_n': 49, 'keltner_m': 3.9000000000000004, 'en_obv': True, 'obv_slope': 160, 'en_cci': False, 'cci_n': 33, 'cci_threshold': 135, 'en_rsi': True, 'rsi_n': 25, 'rsi_lower': 20, 'rsi_upper': 86, 'en_stochastic': False, 'stochastic_n': 32, 'stochastic_d': 27, 'stochastic_lower': 38, 'stochastic_upper': 94, 'en_mfi': False, 'mfi_n': 82, 'mfi_lower': 2, 'mfi_upper': 65, 'en_bollinger': True, 'bollinger_n': 105, 'bollinger_k': 3.4000000000000004, 'en_adx': True, 'adx_n': 2, 'adx_threshold': 28, 'en_structure_trend': True, 'structure_trend_swing_l': 18, 'en_order_block': True, 'order_block_swing_l': 19, 'en_fvg': True, 'fvg_lookback': 28, 'en_ifvg': True, 'en_breaker': False, 'breaker_swing_l': 3, 'en_cisd': False, 'k': 5, 'en_cap_bars': True, 'cap_1min': 1165}.
[I 2026-07-13 17:21:38,670] Trial 607 finished with values: [-196.7408343957345, -391.5108417494821, 14.6] and parameters: {'sl_soft': 1.0860152683938593, 'sl_hard_delta': 0.24002809860404511, 'tp': 3.8454001470748493, 'gate_pct': 84.86382733879176, 'dd_limit': 235.57837541012853, 'cooldown': 13, 'flip': False, 'en_ema_trend': False, 'ema_trend_fast': 121, 'ema_trend_slow': 26, 'en_sma_trend': False, 'sma_trend_fast': 45, 'sma_trend_slow': 14, 'en_macd': False, 'macd_fast': 20, 'macd_slow': 156, 'macd_signal': 11, 'en_vwap': False, 'en_keltner': True, 'keltner_n': 68, 'keltner_m': 2.9000000000000004, 'en_obv': False, 'obv_slope': 120, 'en_cci': True, 'cci_n': 43, 'cci_threshold': 60, 'en_rsi': True, 'rsi_n': 87, 'rsi_lower': 20, 'rsi_upper': 94, 'en_stochastic': True, 'stochastic_n': 8, 'stochastic_d': 40, 'stochastic_lower': 40, 'stochastic_upper': 90, 'en_mfi': True, 'mfi_n': 45, 'mfi_lower': 16, 'mfi_upper': 71, 'en_bollinger': True, 'bollinger_n': 100, 'bollinger_k': 3.9000000000000004, 'en_adx': False, 'adx_n': 16, 'adx_threshold': 26, 'en_structure_trend': True, 'structure_trend_swing_l': 19, 'en_order_block': False, 'order_block_swing_l': 6, 'en_fvg': False, 'fvg_lookback': 28, 'en_ifvg': True, 'en_breaker': False, 'breaker_swing_l': 3, 'en_cisd': False, 'k': 1, 'en_cap_bars': True, 'cap_1min': 379}.
[I 2026-07-13 17:21:40,508] Trial 608 finished with values: [76.2868237378143, -531.9048609654601, 36.35] and parameters: {'sl_soft': 0.8612621469910683, 'sl_hard_delta': 2.911804370090404, 'tp': 2.9349692977728927, 'gate_pct': 86.68863637915473, 'dd_limit': 190.1331512882937, 'cooldown': 16, 'flip': True, 'en_ema_trend': True, 'ema_trend_fast': 23, 'ema_trend_slow': 305, 'en_sma_trend': False, 'sma_trend_fast': 232, 'sma_trend_slow': 329, 'en_macd': True, 'macd_fast': 52, 'macd_slow': 53, 'macd_signal': 17, 'en_vwap': True, 'en_keltner': False, 'keltner_n': 94, 'keltner_m': 3.1, 'en_obv': True, 'obv_slope': 23, 'en_cci': True, 'cci_n': 174, 'cci_threshold': 195, 'en_rsi': False, 'rsi_n': 97, 'rsi_lower': 37, 'rsi_upper': 94, 'en_stochastic': False, 'stochastic_n': 77, 'stochastic_d': 36, 'stochastic_lower': 33, 'stochastic_upper': 93, 'en_mfi': True, 'mfi_n': 57, 'mfi_lower': 20, 'mfi_upper': 88, 'en_bollinger': True, 'bollinger_n': 144, 'bollinger_k': 2.1, 'en_adx': False, 'adx_n': 31, 'adx_threshold': 32, 'en_structure_trend': True, 'structure_trend_swing_l': 14, 'en_order_block': False, 'order_block_swing_l': 2, 'en_fvg': True, 'fvg_lookback': 47, 'en_ifvg': False, 'en_breaker': True, 'breaker_swing_l': 7, 'en_cisd': True, 'k': 4, 'en_cap_bars': False, 'cap_1min': 332}.
[I 2026-07-13 17:21:43,002] Trial 609 finished with values: [181.74350744591266, -408.7070994988835, 48.9] and parameters: {'sl_soft': 0.7756993843732112, 'sl_hard_delta': 0.2791290136221785, 'tp': 1.2921449941565541, 'gate_pct': 54.65570887864888, 'dd_limit': 394.88972205872113, 'cooldown': 18, 'flip': False, 'en_ema_trend': True, 'ema_trend_fast': 314, 'ema_trend_slow': 361, 'en_sma_trend': False, 'sma_trend_fast': 232, 'sma_trend_slow': 304, 'en_macd': False, 'macd_fast': 70, 'macd_slow': 160, 'macd_signal': 27, 'en_vwap': True, 'en_keltner': False, 'keltner_n': 49, 'keltner_m': 2.9000000000000004, 'en_obv': True, 'obv_slope': 137, 'en_cci': False, 'cci_n': 174, 'cci_threshold': 135, 'en_rsi': True, 'rsi_n': 25, 'rsi_lower': 34, 'rsi_upper': 57, 'en_stochastic': False, 'stochastic_n': 65, 'stochastic_d': 36, 'stochastic_lower': 33, 'stochastic_upper': 94, 'en_mfi': True, 'mfi_n': 15, 'mfi_lower': 8, 'mfi_upper': 70, 'en_bollinger': True, 'bollinger_n': 131, 'bollinger_k': 4.8, 'en_adx': False, 'adx_n': 76, 'adx_threshold': 26, 'en_structure_trend': True, 'structure_trend_swing_l': 18, 'en_order_block': False, 'order_block_swing_l': 10, 'en_fvg': True, 'fvg_lookback': 18, 'en_ifvg': False, 'en_breaker': True, 'breaker_swing_l': 7, 'en_cisd': True, 'k': 4, 'en_cap_bars': True, 'cap_1min': 332}.
[I 2026-07-13 17:21:43,585] Trial 610 pruned. 
[I 2026-07-13 17:21:49,757] Trial 611 finished with values: [-120.36565122399452, -369.1987876805001, 40.0] and parameters: {'sl_soft': 0.95083156235771, 'sl_hard_delta': 0.24002809860404511, 'tp': 1.5082069520025265, 'gate_pct': 73.0036735816267, 'dd_limit': 241.42955722086123, 'cooldown': 15, 'flip': False, 'en_ema_trend': False, 'ema_trend_fast': 40, 'ema_trend_slow': 364, 'en_sma_trend': False, 'sma_trend_fast': 232, 'sma_trend_slow': 14, 'en_macd': False, 'macd_fast': 96, 'macd_slow': 156, 'macd_signal': 27, 'en_vwap': False, 'en_keltner': True, 'keltner_n': 3, 'keltner_m': 1.5, 'en_obv': True, 'obv_slope': 7, 'en_cci': True, 'cci_n': 43, 'cci_threshold': 25, 'en_rsi': True, 'rsi_n': 87, 'rsi_lower': 7, 'rsi_upper': 86, 'en_stochastic': True, 'stochastic_n': 9, 'stochastic_d': 3, 'stochastic_lower': 40, 'stochastic_upper': 92, 'en_mfi': True, 'mfi_n': 20, 'mfi_lower': 7, 'mfi_upper': 95, 'en_bollinger': False, 'bollinger_n': 86, 'bollinger_k': 2.1, 'en_adx': False, 'adx_n': 16, 'adx_threshold': 27, 'en_structure_trend': True, 'structure_trend_swing_l': 1, 'en_order_block': False, 'order_block_swing_l': 9, 'en_fvg': False, 'fvg_lookback': 28, 'en_ifvg': False, 'en_breaker': False, 'breaker_swing_l': 17, 'en_cisd': True, 'k': 1, 'en_cap_bars': False, 'cap_1min': 995}.
[I 2026-07-13 17:21:51,239] Trial 612 pruned. 
