[I 2026-07-13 17:09:43,626] Trial 791 finished with values: [769.5847066897159, -829.903652901703, 44.25] and parameters: {'sl_soft': 2.609471604804969, 'sl_hard_delta': 1.5400466597035951, 'tp': 7.670322948010878, 'gate_pct': 52.57115913414096, 'dd_limit': 39.52565804693206, 'cooldown': 1, 'flip': False, 'en_ema_trend': True, 'ema_trend_fast': 55, 'ema_trend_slow': 64, 'en_sma_trend': False, 'sma_trend_fast': 167, 'sma_trend_slow': 143, 'en_macd': True, 'macd_fast': 56, 'macd_slow': 194, 'macd_signal': 31, 'en_vwap': False, 'en_keltner': True, 'keltner_n': 123, 'keltner_m': 2.2, 'en_obv': False, 'obv_slope': 25, 'en_cci': False, 'cci_n': 51, 'cci_threshold': 165, 'en_rsi': True, 'rsi_n': 5, 'rsi_lower': 36, 'rsi_upper': 89, 'en_stochastic': False, 'stochastic_n': 90, 'stochastic_d': 5, 'stochastic_lower': 40, 'stochastic_upper': 71, 'en_mfi': False, 'mfi_n': 70, 'mfi_lower': 19, 'mfi_upper': 78, 'en_bollinger': False, 'bollinger_n': 97, 'bollinger_k': 2.7, 'en_adx': False, 'adx_n': 7, 'adx_threshold': 21, 'en_structure_trend': True, 'structure_trend_swing_l': 5, 'en_order_block': True, 'order_block_swing_l': 19, 'en_fvg': False, 'fvg_lookback': 36, 'en_ifvg': True, 'en_breaker': True, 'breaker_swing_l': 20, 'en_cisd': False, 'k': 3, 'en_cap_bars': False, 'cap_1min': 1249}.
[I 2026-07-13 17:09:45,444] Trial 792 finished with values: [-100.21327494625893, -913.5110624552226, 53.15] and parameters: {'sl_soft': 4.175083823529933, 'sl_hard_delta': 9.199132196036121, 'tp': 3.965955750179107, 'gate_pct': 52.57115913414096, 'dd_limit': 409.18262343739195, 'cooldown': 1, 'flip': False, 'en_ema_trend': True, 'ema_trend_fast': 55, 'ema_trend_slow': 334, 'en_sma_trend': True, 'sma_trend_fast': 173, 'sma_trend_slow': 163, 'en_macd': True, 'macd_fast': 16, 'macd_slow': 47, 'macd_signal': 30, 'en_vwap': False, 'en_keltner': True, 'keltner_n': 133, 'keltner_m': 2.2, 'en_obv': True, 'obv_slope': 161, 'en_cci': False, 'cci_n': 93, 'cci_threshold': 195, 'en_rsi': True, 'rsi_n': 43, 'rsi_lower': 20, 'rsi_upper': 91, 'en_stochastic': False, 'stochastic_n': 53, 'stochastic_d': 42, 'stochastic_lower': 46, 'stochastic_upper': 97, 'en_mfi': False, 'mfi_n': 61, 'mfi_lower': 17, 'mfi_upper': 93, 'en_bollinger': False, 'bollinger_n': 22, 'bollinger_k': 1.6, 'en_adx': False, 'adx_n': 48, 'adx_threshold': 34, 'en_structure_trend': True, 'structure_trend_swing_l': 17, 'en_order_block': False, 'order_block_swing_l': 19, 'en_fvg': False, 'fvg_lookback': 42, 'en_ifvg': True, 'en_breaker': False, 'breaker_swing_l': 20, 'en_cisd': True, 'k': 1, 'en_cap_bars': False, 'cap_1min': 3}.
[I 2026-07-13 17:09:45,773] Trial 793 finished with values: [1275.435695106205, -1916.483852599481, 48.55] and parameters: {'sl_soft': 3.578361063233118, 'sl_hard_delta': 5.122016397226086, 'tp': 7.670322948010878, 'gate_pct': 79.12027635095406, 'dd_limit': 234.1688012834486, 'cooldown': 0, 'flip': False, 'en_ema_trend': True, 'ema_trend_fast': 373, 'ema_trend_slow': 316, 'en_sma_trend': False, 'sma_trend_fast': 221, 'sma_trend_slow': 324, 'en_macd': True, 'macd_fast': 16, 'macd_slow': 172, 'macd_signal': 30, 'en_vwap': False, 'en_keltner': False, 'keltner_n': 142, 'keltner_m': 1.7000000000000002, 'en_obv': True, 'obv_slope': 160, 'en_cci': False, 'cci_n': 33, 'cci_threshold': 30, 'en_rsi': False, 'rsi_n': 23, 'rsi_lower': 8, 'rsi_upper': 91, 'en_stochastic': False, 'stochastic_n': 65, 'stochastic_d': 50, 'stochastic_lower': 40, 'stochastic_upper': 71, 'en_mfi': False, 'mfi_n': 92, 'mfi_lower': 33, 'mfi_upper': 62, 'en_bollinger': False, 'bollinger_n': 125, 'bollinger_k': 2.2, 'en_adx': False, 'adx_n': 20, 'adx_threshold': 28, 'en_structure_trend': True, 'structure_trend_swing_l': 7, 'en_order_block': False, 'order_block_swing_l': 19, 'en_fvg': False, 'fvg_lookback': 6, 'en_ifvg': True, 'en_breaker': True, 'breaker_swing_l': 20, 'en_cisd': True, 'k': 3, 'en_cap_bars': False, 'cap_1min': 3}.
[I 2026-07-13 17:09:48,445] Trial 794 finished with values: [725.1339138644539, -1075.442088478144, 50.0] and parameters: {'sl_soft': 3.578361063233118, 'sl_hard_delta': 13.43048070632975, 'tp': 7.670322948010878, 'gate_pct': 52.57115913414096, 'dd_limit': 324.55645790818636, 'cooldown': 1, 'flip': False, 'en_ema_trend': True, 'ema_trend_fast': 174, 'ema_trend_slow': 144, 'en_sma_trend': True, 'sma_trend_fast': 167, 'sma_trend_slow': 324, 'en_macd': True, 'macd_fast': 50, 'macd_slow': 194, 'macd_signal': 30, 'en_vwap': False, 'en_keltner': False, 'keltner_n': 153, 'keltner_m': 2.2, 'en_obv': True, 'obv_slope': 19, 'en_cci': False, 'cci_n': 93, 'cci_threshold': 165, 'en_rsi': True, 'rsi_n': 35, 'rsi_lower': 20, 'rsi_upper': 91, 'en_stochastic': False, 'stochastic_n': 27, 'stochastic_d': 35, 'stochastic_lower': 4, 'stochastic_upper': 71, 'en_mfi': False, 'mfi_n': 7, 'mfi_lower': 31, 'mfi_upper': 85, 'en_bollinger': False, 'bollinger_n': 97, 'bollinger_k': 1.1, 'en_adx': False, 'adx_n': 79, 'adx_threshold': 30, 'en_structure_trend': True, 'structure_trend_swing_l': 5, 'en_order_block': False, 'order_block_swing_l': 19, 'en_fvg': False, 'fvg_lookback': 42, 'en_ifvg': True, 'en_breaker': True, 'breaker_swing_l': 14, 'en_cisd': True, 'k': 1, 'en_cap_bars': False, 'cap_1min': 929}.
[I 2026-07-13 17:09:48,746] Trial 795 finished with values: [467.4466812634478, -519.9999999999818, 58.15] and parameters: {'sl_soft': 4.175083823529933, 'sl_hard_delta': 9.199132196036121, 'tp': 3.965955750179107, 'gate_pct': 97.49754431689279, 'dd_limit': 162.39650823726745, 'cooldown': 3, 'flip': False, 'en_ema_trend': False, 'ema_trend_fast': 317, 'ema_trend_slow': 301, 'en_sma_trend': True, 'sma_trend_fast': 173, 'sma_trend_slow': 143, 'en_macd': True, 'macd_fast': 16, 'macd_slow': 47, 'macd_signal': 85, 'en_vwap': True, 'en_keltner': True, 'keltner_n': 77, 'keltner_m': 1.8, 'en_obv': True, 'obv_slope': 161, 'en_cci': True, 'cci_n': 33, 'cci_threshold': 195, 'en_rsi': True, 'rsi_n': 52, 'rsi_lower': 20, 'rsi_upper': 59, 'en_stochastic': True, 'stochastic_n': 53, 'stochastic_d': 42, 'stochastic_lower': 46, 'stochastic_upper': 97, 'en_mfi': False, 'mfi_n': 61, 'mfi_lower': 10, 'mfi_upper': 93, 'en_bollinger': False, 'bollinger_n': 22, 'bollinger_k': 1.6, 'en_adx': False, 'adx_n': 48, 'adx_threshold': 34, 'en_structure_trend': True, 'structure_trend_swing_l': 10, 'en_order_block': True, 'order_block_swing_l': 9, 'en_fvg': False, 'fvg_lookback': 50, 'en_ifvg': True, 'en_breaker': False, 'breaker_swing_l': 17, 'en_cisd': True, 'k': 4, 'en_cap_bars': True, 'cap_1min': 3}.
[I 2026-07-13 17:09:51,255] Trial 796 pruned. 
[I 2026-07-13 17:09:51,662] Trial 797 finished with values: [2058.8897186991517, -1550.7288636394605, 51.8] and parameters: {'sl_soft': 3.578361063233118, 'sl_hard_delta': 1.5400466597035951, 'tp': 7.670322948010878, 'gate_pct': 76.55976188692937, 'dd_limit': 162.39650823726745, 'cooldown': 1, 'flip': False, 'en_ema_trend': True, 'ema_trend_fast': 317, 'ema_trend_slow': 301, 'en_sma_trend': True, 'sma_trend_fast': 173, 'sma_trend_slow': 163, 'en_macd': True, 'macd_fast': 16, 'macd_slow': 47, 'macd_signal': 85, 'en_vwap': True, 'en_keltner': False, 'keltner_n': 133, 'keltner_m': 2.2, 'en_obv': True, 'obv_slope': 19, 'en_cci': False, 'cci_n': 33, 'cci_threshold': 165, 'en_rsi': True, 'rsi_n': 33, 'rsi_lower': 20, 'rsi_upper': 69, 'en_stochastic': False, 'stochastic_n': 53, 'stochastic_d': 42, 'stochastic_lower': 46, 'stochastic_upper': 97, 'en_mfi': False, 'mfi_n': 61, 'mfi_lower': 10, 'mfi_upper': 78, 'en_bollinger': False, 'bollinger_n': 97, 'bollinger_k': 1.1, 'en_adx': False, 'adx_n': 71, 'adx_threshold': 34, 'en_structure_trend': True, 'structure_trend_swing_l': 10, 'en_order_block': False, 'order_block_swing_l': 9, 'en_fvg': False, 'fvg_lookback': 50, 'en_ifvg': True, 'en_breaker': False, 'breaker_swing_l': 17, 'en_cisd': True, 'k': 4, 'en_cap_bars': False, 'cap_1min': 3}.
[I 2026-07-13 17:09:52,271] Trial 798 finished with values: [167.92844520903145, -730.2399939851284, 29.15] and parameters: {'sl_soft': 2.0827834824761626, 'sl_hard_delta': 5.122016397226086, 'tp': 7.670322948010878, 'gate_pct': 57.542705711187445, 'dd_limit': 141.98378389938074, 'cooldown': 0, 'flip': False, 'en_ema_trend': False, 'ema_trend_fast': 55, 'ema_trend_slow': 274, 'en_sma_trend': True, 'sma_trend_fast': 7, 'sma_trend_slow': 328, 'en_macd': False, 'macd_fast': 16, 'macd_slow': 194, 'macd_signal': 30, 'en_vwap': False, 'en_keltner': False, 'keltner_n': 200, 'keltner_m': 3.7, 'en_obv': False, 'obv_slope': 19, 'en_cci': False, 'cci_n': 93, 'cci_threshold': 65, 'en_rsi': True, 'rsi_n': 23, 'rsi_lower': 6, 'rsi_upper': 58, 'en_stochastic': False, 'stochastic_n': 90, 'stochastic_d': 15, 'stochastic_lower': 4, 'stochastic_upper': 71, 'en_mfi': False, 'mfi_n': 70, 'mfi_lower': 47, 'mfi_upper': 78, 'en_bollinger': False, 'bollinger_n': 97, 'bollinger_k': 4.1, 'en_adx': False, 'adx_n': 79, 'adx_threshold': 50, 'en_structure_trend': True, 'structure_trend_swing_l': 5, 'en_order_block': False, 'order_block_swing_l': 4, 'en_fvg': False, 'fvg_lookback': 42, 'en_ifvg': True, 'en_breaker': True, 'breaker_swing_l': 2, 'en_cisd': True, 'k': 1, 'en_cap_bars': False, 'cap_1min': 3}.
[I 2026-07-13 17:09:53,563] Trial 799 finished with values: [337.25061621247505, -3018.413391831564, 51.5] and parameters: {'sl_soft': 5.221156496362849, 'sl_hard_delta': 2.065008312254088, 'tp': 6.684318084174463, 'gate_pct': 94.70821660915905, 'dd_limit': 324.55645790818636, 'cooldown': 2, 'flip': False, 'en_ema_trend': True, 'ema_trend_fast': 174, 'ema_trend_slow': 144, 'en_sma_trend': True, 'sma_trend_fast': 109, 'sma_trend_slow': 324, 'en_macd': True, 'macd_fast': 80, 'macd_slow': 172, 'macd_signal': 89, 'en_vwap': True, 'en_keltner': True, 'keltner_n': 123, 'keltner_m': 3.8000000000000003, 'en_obv': True, 'obv_slope': 47, 'en_cci': True, 'cci_n': 188, 'cci_threshold': 115, 'en_rsi': False, 'rsi_n': 35, 'rsi_lower': 8, 'rsi_upper': 69, 'en_stochastic': False, 'stochastic_n': 22, 'stochastic_d': 3, 'stochastic_lower': 40, 'stochastic_upper': 57, 'en_mfi': False, 'mfi_n': 11, 'mfi_lower': 19, 'mfi_upper': 85, 'en_bollinger': False, 'bollinger_n': 69, 'bollinger_k': 2.7, 'en_adx': False, 'adx_n': 20, 'adx_threshold': 57, 'en_structure_trend': True, 'structure_trend_swing_l': 4, 'en_order_block': False, 'order_block_swing_l': 17, 'en_fvg': True, 'fvg_lookback': 31, 'en_ifvg': False, 'en_breaker': True, 'breaker_swing_l': 1, 'en_cisd': False, 'k': 3, 'en_cap_bars': False, 'cap_1min': 929}.
[I 2026-07-13 17:10:00,420] Trial 800 finished with values: [-300.80629026684846, -5314.7417597380245, 48.8] and parameters: {'sl_soft': 8.537049950649646, 'sl_hard_delta': 1.5400466597035951, 'tp': 7.670322948010878, 'gate_pct': 83.24513286594163, 'dd_limit': 464.4008537020936, 'cooldown': 2, 'flip': False, 'en_ema_trend': False, 'ema_trend_fast': 41, 'ema_trend_slow': 346, 'en_sma_trend': False, 'sma_trend_fast': 29, 'sma_trend_slow': 55, 'en_macd': True, 'macd_fast': 6, 'macd_slow': 125, 'macd_signal': 13, 'en_vwap': False, 'en_keltner': False, 'keltner_n': 153, 'keltner_m': 4.5, 'en_obv': True, 'obv_slope': 116, 'en_cci': False, 'cci_n': 87, 'cci_threshold': 30, 'en_rsi': True, 'rsi_n': 43, 'rsi_lower': 15, 'rsi_upper': 91, 'en_stochastic': True, 'stochastic_n': 65, 'stochastic_d': 50, 'stochastic_lower': 4, 'stochastic_upper': 77, 'en_mfi': False, 'mfi_n': 84, 'mfi_lower': 23, 'mfi_upper': 54, 'en_bollinger': False, 'bollinger_n': 182, 'bollinger_k': 4.1, 'en_adx': False, 'adx_n': 31, 'adx_threshold': 50, 'en_structure_trend': True, 'structure_trend_swing_l': 19, 'en_order_block': False, 'order_block_swing_l': 17, 'en_fvg': False, 'fvg_lookback': 30, 'en_ifvg': False, 'en_breaker': False, 'breaker_swing_l': 20, 'en_cisd': True, 'k': 2, 'en_cap_bars': True, 'cap_1min': 469}.
[I 2026-07-13 17:10:01,019] Trial 801 finished with values: [179.14889375446137, -600.0000000000227, 56.5] and parameters: {'sl_soft': 4.175083823529933, 'sl_hard_delta': 9.199132196036121, 'tp': 3.965955750179107, 'gate_pct': 97.49754431689279, 'dd_limit': 162.39650823726745, 'cooldown': 3, 'flip': False, 'en_ema_trend': False, 'ema_trend_fast': 383, 'ema_trend_slow': 301, 'en_sma_trend': True, 'sma_trend_fast': 271, 'sma_trend_slow': 143, 'en_macd': False, 'macd_fast': 12, 'macd_slow': 47, 'macd_signal': 12, 'en_vwap': True, 'en_keltner': True, 'keltner_n': 133, 'keltner_m': 1.8, 'en_obv': True, 'obv_slope': 161, 'en_cci': True, 'cci_n': 156, 'cci_threshold': 195, 'en_rsi': False, 'rsi_n': 52, 'rsi_lower': 13, 'rsi_upper': 59, 'en_stochastic': True, 'stochastic_n': 53, 'stochastic_d': 42, 'stochastic_lower': 46, 'stochastic_upper': 97, 'en_mfi': True, 'mfi_n': 61, 'mfi_lower': 10, 'mfi_upper': 93, 'en_bollinger': False, 'bollinger_n': 22, 'bollinger_k': 1.6, 'en_adx': False, 'adx_n': 48, 'adx_threshold': 7, 'en_structure_trend': True, 'structure_trend_swing_l': 17, 'en_order_block': True, 'order_block_swing_l': 9, 'en_fvg': False, 'fvg_lookback': 36, 'en_ifvg': True, 'en_breaker': False, 'breaker_swing_l': 17, 'en_cisd': False, 'k': 4, 'en_cap_bars': True, 'cap_1min': 3}.
[I 2026-07-13 17:10:01,561] Trial 802 finished with values: [-354.48209113250186, -5115.569128216577, 24.0] and parameters: {'sl_soft': 2.0827834824761626, 'sl_hard_delta': 2.4202277271614805, 'tp': 10.30323196771046, 'gate_pct': 76.55976188692937, 'dd_limit': 234.1688012834486, 'cooldown': 1, 'flip': True, 'en_ema_trend': True, 'ema_trend_fast': 317, 'ema_trend_slow': 316, 'en_sma_trend': True, 'sma_trend_fast': 221, 'sma_trend_slow': 163, 'en_macd': True, 'macd_fast': 16, 'macd_slow': 62, 'macd_signal': 41, 'en_vwap': True, 'en_keltner': True, 'keltner_n': 142, 'keltner_m': 1.6, 'en_obv': True, 'obv_slope': 160, 'en_cci': True, 'cci_n': 33, 'cci_threshold': 165, 'en_rsi': False, 'rsi_n': 33, 'rsi_lower': 20, 'rsi_upper': 69, 'en_stochastic': False, 'stochastic_n': 90, 'stochastic_d': 14, 'stochastic_lower': 40, 'stochastic_upper': 60, 'en_mfi': False, 'mfi_n': 61, 'mfi_lower': 17, 'mfi_upper': 78, 'en_bollinger': False, 'bollinger_n': 97, 'bollinger_k': 2.2, 'en_adx': False, 'adx_n': 71, 'adx_threshold': 54, 'en_structure_trend': True, 'structure_trend_swing_l': 7, 'en_order_block': False, 'order_block_swing_l': 19, 'en_fvg': False, 'fvg_lookback': 6, 'en_ifvg': True, 'en_breaker': True, 'breaker_swing_l': 17, 'en_cisd': True, 'k': 4, 'en_cap_bars': False, 'cap_1min': 3}.
[I 2026-07-13 17:10:02,013] Trial 803 finished with values: [2583.981361372207, -1547.164876690863, 56.25] and parameters: {'sl_soft': 4.423069806655792, 'sl_hard_delta': 2.4202277271614805, 'tp': 14.794906806861203, 'gate_pct': 61.29515207255519, 'dd_limit': 141.98378389938074, 'cooldown': 1, 'flip': False, 'en_ema_trend': False, 'ema_trend_fast': 177, 'ema_trend_slow': 295, 'en_sma_trend': False, 'sma_trend_fast': 29, 'sma_trend_slow': 163, 'en_macd': False, 'macd_fast': 80, 'macd_slow': 71, 'macd_signal': 13, 'en_vwap': True, 'en_keltner': True, 'keltner_n': 17, 'keltner_m': 3.7, 'en_obv': True, 'obv_slope': 116, 'en_cci': False, 'cci_n': 33, 'cci_threshold': 65, 'en_rsi': True, 'rsi_n': 39, 'rsi_lower': 15, 'rsi_upper': 75, 'en_stochastic': True, 'stochastic_n': 90, 'stochastic_d': 40, 'stochastic_lower': 17, 'stochastic_upper': 77, 'en_mfi': True, 'mfi_n': 84, 'mfi_lower': 23, 'mfi_upper': 93, 'en_bollinger': False, 'bollinger_n': 97, 'bollinger_k': 3.4000000000000004, 'en_adx': False, 'adx_n': 71, 'adx_threshold': 50, 'en_structure_trend': True, 'structure_trend_swing_l': 19, 'en_order_block': False, 'order_block_swing_l': 2, 'en_fvg': False, 'fvg_lookback': 13, 'en_ifvg': False, 'en_breaker': False, 'breaker_swing_l': 20, 'en_cisd': True, 'k': 1, 'en_cap_bars': False, 'cap_1min': 469}.
[I 2026-07-13 17:10:03,343] Trial 804 finished with values: [380.00000000002956, -529.99999999995, 54.8] and parameters: {'sl_soft': 4.421990961935937, 'sl_hard_delta': 5.122016397226086, 'tp': 10.30323196771046, 'gate_pct': 76.55976188692937, 'dd_limit': 499.7446687086984, 'cooldown': 5, 'flip': False, 'en_ema_trend': True, 'ema_trend_fast': 41, 'ema_trend_slow': 346, 'en_sma_trend': True, 'sma_trend_fast': 167, 'sma_trend_slow': 222, 'en_macd': True, 'macd_fast': 16, 'macd_slow': 194, 'macd_signal': 30, 'en_vwap': False, 'en_keltner': True, 'keltner_n': 102, 'keltner_m': 1.8, 'en_obv': False, 'obv_slope': 161, 'en_cci': False, 'cci_n': 93, 'cci_threshold': 170, 'en_rsi': True, 'rsi_n': 43, 'rsi_lower': 40, 'rsi_upper': 91, 'en_stochastic': False, 'stochastic_n': 65, 'stochastic_d': 50, 'stochastic_lower': 2, 'stochastic_upper': 60, 'en_mfi': False, 'mfi_n': 70, 'mfi_lower': 17, 'mfi_upper': 93, 'en_bollinger': False, 'bollinger_n': 182, 'bollinger_k': 4.1, 'en_adx': False, 'adx_n': 71, 'adx_threshold': 50, 'en_structure_trend': True, 'structure_trend_swing_l': 10, 'en_order_block': False, 'order_block_swing_l': 9, 'en_fvg': False, 'fvg_lookback': 42, 'en_ifvg': True, 'en_breaker': True, 'breaker_swing_l': 3, 'en_cisd': True, 'k': 1, 'en_cap_bars': True, 'cap_1min': 3}.
[I 2026-07-13 17:10:04,718] Trial 805 finished with values: [511.169025125389, -1557.2218634335286, 61.2] and parameters: {'sl_soft': 4.175083823529933, 'sl_hard_delta': 9.199132196036121, 'tp': 3.965955750179107, 'gate_pct': 97.49754431689279, 'dd_limit': 162.39650823726745, 'cooldown': 3, 'flip': False, 'en_ema_trend': False, 'ema_trend_fast': 317, 'ema_trend_slow': 301, 'en_sma_trend': True, 'sma_trend_fast': 173, 'sma_trend_slow': 163, 'en_macd': False, 'macd_fast': 16, 'macd_slow': 47, 'macd_signal': 85, 'en_vwap': True, 'en_keltner': True, 'keltner_n': 133, 'keltner_m': 1.8, 'en_obv': True, 'obv_slope': 161, 'en_cci': True, 'cci_n': 2, 'cci_threshold': 195, 'en_rsi': True, 'rsi_n': 52, 'rsi_lower': 22, 'rsi_upper': 73, 'en_stochastic': True, 'stochastic_n': 53, 'stochastic_d': 42, 'stochastic_lower': 46, 'stochastic_upper': 97, 'en_mfi': False, 'mfi_n': 61, 'mfi_lower': 10, 'mfi_upper': 94, 'en_bollinger': False, 'bollinger_n': 22, 'bollinger_k': 1.6, 'en_adx': False, 'adx_n': 48, 'adx_threshold': 8, 'en_structure_trend': True, 'structure_trend_swing_l': 17, 'en_order_block': True, 'order_block_swing_l': 9, 'en_fvg': False, 'fvg_lookback': 50, 'en_ifvg': True, 'en_breaker': False, 'breaker_swing_l': 17, 'en_cisd': False, 'k': 4, 'en_cap_bars': True, 'cap_1min': 272}.
[I 2026-07-13 17:10:08,204] Trial 806 finished with values: [377.5000000000432, -590.9203861468313, 56.900000000000006] and parameters: {'sl_soft': 3.578361063233118, 'sl_hard_delta': 1.5400466597035951, 'tp': 10.30323196771046, 'gate_pct': 76.55976188692937, 'dd_limit': 162.39650823726745, 'cooldown': 1, 'flip': False, 'en_ema_trend': True, 'ema_trend_fast': 41, 'ema_trend_slow': 301, 'en_sma_trend': True, 'sma_trend_fast': 173, 'sma_trend_slow': 14, 'en_macd': True, 'macd_fast': 52, 'macd_slow': 47, 'macd_signal': 85, 'en_vwap': True, 'en_keltner': True, 'keltner_n': 102, 'keltner_m': 2.2, 'en_obv': False, 'obv_slope': 160, 'en_cci': False, 'cci_n': 93, 'cci_threshold': 165, 'en_rsi': True, 'rsi_n': 33, 'rsi_lower': 7, 'rsi_upper': 94, 'en_stochastic': False, 'stochastic_n': 53, 'stochastic_d': 50, 'stochastic_lower': 46, 'stochastic_upper': 97, 'en_mfi': False, 'mfi_n': 45, 'mfi_lower': 47, 'mfi_upper': 78, 'en_bollinger': True, 'bollinger_n': 97, 'bollinger_k': 2.2, 'en_adx': False, 'adx_n': 71, 'adx_threshold': 34, 'en_structure_trend': True, 'structure_trend_swing_l': 14, 'en_order_block': False, 'order_block_swing_l': 3, 'en_fvg': False, 'fvg_lookback': 50, 'en_ifvg': True, 'en_breaker': True, 'breaker_swing_l': 17, 'en_cisd': True, 'k': 1, 'en_cap_bars': True, 'cap_1min': 3}.
[I 2026-07-13 17:10:13,470] Trial 807 finished with values: [149.08653777524705, -805.8627663760944, 41.6] and parameters: {'sl_soft': 2.609471604804969, 'sl_hard_delta': 0.14484222707573952, 'tp': 9.378168989216427, 'gate_pct': 94.70821660915905, 'dd_limit': 234.1688012834486, 'cooldown': 4, 'flip': False, 'en_ema_trend': True, 'ema_trend_fast': 373, 'ema_trend_slow': 38, 'en_sma_trend': False, 'sma_trend_fast': 345, 'sma_trend_slow': 357, 'en_macd': False, 'macd_fast': 56, 'macd_slow': 48, 'macd_signal': 82, 'en_vwap': False, 'en_keltner': True, 'keltner_n': 123, 'keltner_m': 3.8000000000000003, 'en_obv': False, 'obv_slope': 160, 'en_cci': True, 'cci_n': 51, 'cci_threshold': 170, 'en_rsi': False, 'rsi_n': 5, 'rsi_lower': 36, 'rsi_upper': 89, 'en_stochastic': True, 'stochastic_n': 22, 'stochastic_d': 29, 'stochastic_lower': 2, 'stochastic_upper': 93, 'en_mfi': False, 'mfi_n': 97, 'mfi_lower': 19, 'mfi_upper': 68, 'en_bollinger': False, 'bollinger_n': 32, 'bollinger_k': 2.2, 'en_adx': False, 'adx_n': 7, 'adx_threshold': 6, 'en_structure_trend': True, 'structure_trend_swing_l': 7, 'en_order_block': True, 'order_block_swing_l': 9, 'en_fvg': False, 'fvg_lookback': 36, 'en_ifvg': False, 'en_breaker': True, 'breaker_swing_l': 17, 'en_cisd': True, 'k': 1, 'en_cap_bars': True, 'cap_1min': 3}.
