[I 2026-07-13 17:05:03,350] Trial 242 finished with values: [-34.05614261574215, -207.38364477258528, 55.0] and parameters: {'sl_soft': 0.8612621469910683, 'sl_hard_delta': 0.8244393445390031, 'tp': 1.0190142980390196, 'gate_pct': 26.3517884829504, 'dd_limit': 190.1331512882937, 'cooldown': 27, 'flip': True, 'en_ema_trend': True, 'ema_trend_fast': 23, 'ema_trend_slow': 125, 'en_sma_trend': True, 'sma_trend_fast': 357, 'sma_trend_slow': 329, 'en_macd': False, 'macd_fast': 52, 'macd_slow': 53, 'macd_signal': 61, 'en_vwap': True, 'en_keltner': True, 'keltner_n': 94, 'keltner_m': 4.1, 'en_obv': False, 'obv_slope': 167, 'en_cci': False, 'cci_n': 37, 'cci_threshold': 145, 'en_rsi': False, 'rsi_n': 97, 'rsi_lower': 13, 'rsi_upper': 57, 'en_stochastic': False, 'stochastic_n': 63, 'stochastic_d': 36, 'stochastic_lower': 33, 'stochastic_upper': 62, 'en_mfi': False, 'mfi_n': 80, 'mfi_lower': 8, 'mfi_upper': 70, 'en_bollinger': True, 'bollinger_n': 136, 'bollinger_k': 3.9000000000000004, 'en_adx': False, 'adx_n': 62, 'adx_threshold': 32, 'en_structure_trend': True, 'structure_trend_swing_l': 14, 'en_order_block': False, 'order_block_swing_l': 18, 'en_fvg': True, 'fvg_lookback': 47, 'en_ifvg': True, 'en_breaker': True, 'breaker_swing_l': 10, 'en_cisd': False, 'k': 4, 'en_cap_bars': False, 'cap_1min': 332}.
[I 2026-07-13 17:05:06,599] Trial 243 finished with values: [221.5322828190267, -577.3499107481484, 51.0] and parameters: {'sl_soft': 1.8951412408283452, 'sl_hard_delta': 0.6449212663078613, 'tp': 2.533126799309759, 'gate_pct': 74.89283752458364, 'dd_limit': 335.91144603893065, 'cooldown': 16, 'flip': True, 'en_ema_trend': False, 'ema_trend_fast': 188, 'ema_trend_slow': 359, 'en_sma_trend': True, 'sma_trend_fast': 159, 'sma_trend_slow': 275, 'en_macd': True, 'macd_fast': 81, 'macd_slow': 107, 'macd_signal': 50, 'en_vwap': True, 'en_keltner': True, 'keltner_n': 54, 'keltner_m': 2.2, 'en_obv': False, 'obv_slope': 23, 'en_cci': False, 'cci_n': 115, 'cci_threshold': 165, 'en_rsi': False, 'rsi_n': 21, 'rsi_lower': 37, 'rsi_upper': 58, 'en_stochastic': False, 'stochastic_n': 85, 'stochastic_d': 37, 'stochastic_lower': 9, 'stochastic_upper': 71, 'en_mfi': True, 'mfi_n': 57, 'mfi_lower': 47, 'mfi_upper': 93, 'en_bollinger': True, 'bollinger_n': 57, 'bollinger_k': 0.5, 'en_adx': False, 'adx_n': 74, 'adx_threshold': 33, 'en_structure_trend': False, 'structure_trend_swing_l': 8, 'en_order_block': True, 'order_block_swing_l': 13, 'en_fvg': True, 'fvg_lookback': 1, 'en_ifvg': True, 'en_breaker': False, 'breaker_swing_l': 7, 'en_cisd': True, 'k': 1, 'en_cap_bars': True, 'cap_1min': 1249}.
[I 2026-07-13 17:05:08,568] Trial 244 finished with values: [63.257487925704936, -389.0650916600407, 32.55] and parameters: {'sl_soft': 1.22587773067775, 'sl_hard_delta': 1.8647731859224803, 'tp': 3.664190086725569, 'gate_pct': 54.65570887864888, 'dd_limit': 169.33568383751842, 'cooldown': 16, 'flip': True, 'en_ema_trend': True, 'ema_trend_fast': 314, 'ema_trend_slow': 34, 'en_sma_trend': False, 'sma_trend_fast': 232, 'sma_trend_slow': 248, 'en_macd': True, 'macd_fast': 38, 'macd_slow': 94, 'macd_signal': 17, 'en_vwap': True, 'en_keltner': False, 'keltner_n': 32, 'keltner_m': 2.1, 'en_obv': True, 'obv_slope': 23, 'en_cci': True, 'cci_n': 174, 'cci_threshold': 195, 'en_rsi': False, 'rsi_n': 54, 'rsi_lower': 37, 'rsi_upper': 85, 'en_stochastic': False, 'stochastic_n': 77, 'stochastic_d': 36, 'stochastic_lower': 33, 'stochastic_upper': 93, 'en_mfi': True, 'mfi_n': 57, 'mfi_lower': 20, 'mfi_upper': 88, 'en_bollinger': False, 'bollinger_n': 57, 'bollinger_k': 2.1, 'en_adx': False, 'adx_n': 76, 'adx_threshold': 41, 'en_structure_trend': True, 'structure_trend_swing_l': 2, 'en_order_block': False, 'order_block_swing_l': 2, 'en_fvg': True, 'fvg_lookback': 1, 'en_ifvg': False, 'en_breaker': True, 'breaker_swing_l': 7, 'en_cisd': True, 'k': 3, 'en_cap_bars': False, 'cap_1min': 418}.
[I 2026-07-13 17:05:11,975] Trial 245 finished with values: [-65.58972862404744, -460.00000000001364, 58.55] and parameters: {'sl_soft': 2.2303744139153214, 'sl_hard_delta': 2.4455222520975926, 'tp': 1.961025678440103, 'gate_pct': 61.29515207255519, 'dd_limit': 303.98551158454603, 'cooldown': 25, 'flip': False, 'en_ema_trend': True, 'ema_trend_fast': 351, 'ema_trend_slow': 376, 'en_sma_trend': False, 'sma_trend_fast': 337, 'sma_trend_slow': 163, 'en_macd': True, 'macd_fast': 80, 'macd_slow': 98, 'macd_signal': 87, 'en_vwap': False, 'en_keltner': False, 'keltner_n': 80, 'keltner_m': 3.9000000000000004, 'en_obv': True, 'obv_slope': 185, 'en_cci': True, 'cci_n': 88, 'cci_threshold': 260, 'en_rsi': True, 'rsi_n': 33, 'rsi_lower': 11, 'rsi_upper': 94, 'en_stochastic': False, 'stochastic_n': 66, 'stochastic_d': 12, 'stochastic_lower': 34, 'stochastic_upper': 53, 'en_mfi': True, 'mfi_n': 13, 'mfi_lower': 45, 'mfi_upper': 72, 'en_bollinger': False, 'bollinger_n': 92, 'bollinger_k': 2.5, 'en_adx': False, 'adx_n': 82, 'adx_threshold': 35, 'en_structure_trend': True, 'structure_trend_swing_l': 1, 'en_order_block': True, 'order_block_swing_l': 20, 'en_fvg': False, 'fvg_lookback': 4, 'en_ifvg': False, 'en_breaker': False, 'breaker_swing_l': 9, 'en_cisd': False, 'k': 4, 'en_cap_bars': False, 'cap_1min': 651}.
[I 2026-07-13 17:05:14,265] Trial 246 finished with values: [240.44175881774663, -1270.0741757430706, 72.4] and parameters: {'sl_soft': 2.1640479983765797, 'sl_hard_delta': 2.239563723993085, 'tp': 1.2921449941565541, 'gate_pct': 99.4309621818079, 'dd_limit': 241.42955722086123, 'cooldown': 4, 'flip': False, 'en_ema_trend': True, 'ema_trend_fast': 33, 'ema_trend_slow': 305, 'en_sma_trend': False, 'sma_trend_fast': 62, 'sma_trend_slow': 134, 'en_macd': False, 'macd_fast': 59, 'macd_slow': 193, 'macd_signal': 39, 'en_vwap': False, 'en_keltner': False, 'keltner_n': 186, 'keltner_m': 1.2000000000000002, 'en_obv': False, 'obv_slope': 38, 'en_cci': False, 'cci_n': 8, 'cci_threshold': 180, 'en_rsi': True, 'rsi_n': 77, 'rsi_lower': 43, 'rsi_upper': 61, 'en_stochastic': False, 'stochastic_n': 9, 'stochastic_d': 41, 'stochastic_lower': 2, 'stochastic_upper': 92, 'en_mfi': True, 'mfi_n': 54, 'mfi_lower': 24, 'mfi_upper': 72, 'en_bollinger': False, 'bollinger_n': 24, 'bollinger_k': 3.0, 'en_adx': False, 'adx_n': 46, 'adx_threshold': 32, 'en_structure_trend': True, 'structure_trend_swing_l': 6, 'en_order_block': False, 'order_block_swing_l': 9, 'en_fvg': True, 'fvg_lookback': 3, 'en_ifvg': False, 'en_breaker': True, 'breaker_swing_l': 20, 'en_cisd': True, 'k': 4, 'en_cap_bars': False, 'cap_1min': 311}.
[I 2026-07-13 17:05:15,443] Trial 247 pruned. 
[I 2026-07-13 17:05:17,518] Trial 248 finished with values: [42.94293794271198, -329.3104825703267, 80.1] and parameters: {'sl_soft': 1.981810592659986, 'sl_hard_delta': 0.7746276558254105, 'tp': 0.6174429178166505, 'gate_pct': 95.28097951734324, 'dd_limit': 284.01961970925504, 'cooldown': 15, 'flip': False, 'en_ema_trend': False, 'ema_trend_fast': 29, 'ema_trend_slow': 364, 'en_sma_trend': True, 'sma_trend_fast': 45, 'sma_trend_slow': 400, 'en_macd': False, 'macd_fast': 20, 'macd_slow': 185, 'macd_signal': 45, 'en_vwap': True, 'en_keltner': True, 'keltner_n': 68, 'keltner_m': 1.5, 'en_obv': True, 'obv_slope': 7, 'en_cci': True, 'cci_n': 43, 'cci_threshold': 220, 'en_rsi': True, 'rsi_n': 95, 'rsi_lower': 7, 'rsi_upper': 68, 'en_stochastic': False, 'stochastic_n': 2, 'stochastic_d': 13, 'stochastic_lower': 40, 'stochastic_upper': 87, 'en_mfi': True, 'mfi_n': 20, 'mfi_lower': 16, 'mfi_upper': 61, 'en_bollinger': True, 'bollinger_n': 100, 'bollinger_k': 2.9000000000000004, 'en_adx': False, 'adx_n': 31, 'adx_threshold': 18, 'en_structure_trend': True, 'structure_trend_swing_l': 19, 'en_order_block': False, 'order_block_swing_l': 14, 'en_fvg': False, 'fvg_lookback': 8, 'en_ifvg': True, 'en_breaker': True, 'breaker_swing_l': 20, 'en_cisd': True, 'k': 1, 'en_cap_bars': True, 'cap_1min': 392}.
[I 2026-07-13 17:05:19,217] Trial 249 pruned. 
[I 2026-07-13 17:05:25,362] Trial 250 finished with values: [64.04206161615775, -330.06473509476564, 56.95] and parameters: {'sl_soft': 1.3685919769518333, 'sl_hard_delta': 0.33183959034651267, 'tp': 1.388364641976369, 'gate_pct': 33.41518335180748, 'dd_limit': 237.04271548261175, 'cooldown': 5, 'flip': True, 'en_ema_trend': False, 'ema_trend_fast': 109, 'ema_trend_slow': 359, 'en_sma_trend': True, 'sma_trend_fast': 167, 'sma_trend_slow': 275, 'en_macd': False, 'macd_fast': 81, 'macd_slow': 6, 'macd_signal': 34, 'en_vwap': False, 'en_keltner': False, 'keltner_n': 115, 'keltner_m': 2.1, 'en_obv': False, 'obv_slope': 15, 'en_cci': True, 'cci_n': 182, 'cci_threshold': 220, 'en_rsi': False, 'rsi_n': 89, 'rsi_lower': 6, 'rsi_upper': 58, 'en_stochastic': True, 'stochastic_n': 85, 'stochastic_d': 18, 'stochastic_lower': 4, 'stochastic_upper': 67, 'en_mfi': True, 'mfi_n': 82, 'mfi_lower': 24, 'mfi_upper': 65, 'en_bollinger': False, 'bollinger_n': 57, 'bollinger_k': 0.5, 'en_adx': False, 'adx_n': 91, 'adx_threshold': 6, 'en_structure_trend': False, 'structure_trend_swing_l': 11, 'en_order_block': False, 'order_block_swing_l': 10, 'en_fvg': True, 'fvg_lookback': 31, 'en_ifvg': False, 'en_breaker': True, 'breaker_swing_l': 8, 'en_cisd': False, 'k': 3, 'en_cap_bars': True, 'cap_1min': 1249}.
[I 2026-07-13 17:05:25,890] Trial 251 finished with values: [289.69324620848056, -765.0362689326357, 51.8] and parameters: {'sl_soft': 1.3685919769518333, 'sl_hard_delta': 2.041097836260399, 'tp': 2.0363214781864865, 'gate_pct': 52.57115913414096, 'dd_limit': 335.91144603893065, 'cooldown': 5, 'flip': False, 'en_ema_trend': False, 'ema_trend_fast': 188, 'ema_trend_slow': 359, 'en_sma_trend': True, 'sma_trend_fast': 167, 'sma_trend_slow': 275, 'en_macd': False, 'macd_fast': 81, 'macd_slow': 194, 'macd_signal': 2, 'en_vwap': False, 'en_keltner': False, 'keltner_n': 200, 'keltner_m': 2.2, 'en_obv': False, 'obv_slope': 89, 'en_cci': False, 'cci_n': 93, 'cci_threshold': 165, 'en_rsi': False, 'rsi_n': 21, 'rsi_lower': 6, 'rsi_upper': 58, 'en_stochastic': True, 'stochastic_n': 85, 'stochastic_d': 18, 'stochastic_lower': 4, 'stochastic_upper': 71, 'en_mfi': False, 'mfi_n': 82, 'mfi_lower': 47, 'mfi_upper': 93, 'en_bollinger': False, 'bollinger_n': 137, 'bollinger_k': 0.5, 'en_adx': False, 'adx_n': 91, 'adx_threshold': 50, 'en_structure_trend': False, 'structure_trend_swing_l': 5, 'en_order_block': True, 'order_block_swing_l': 10, 'en_fvg': False, 'fvg_lookback': 31, 'en_ifvg': False, 'en_breaker': True, 'breaker_swing_l': 7, 'en_cisd': False, 'k': 1, 'en_cap_bars': True, 'cap_1min': 1249}.
[I 2026-07-13 17:05:26,277] Trial 252 finished with values: [131.75799207832597, -213.8995330668422, 94.45] and parameters: {'sl_soft': 1.981810592659986, 'sl_hard_delta': 0.7746276558254105, 'tp': 0.6174429178166505, 'gate_pct': 95.28097951734324, 'dd_limit': 284.01961970925504, 'cooldown': 15, 'flip': True, 'en_ema_trend': True, 'ema_trend_fast': 29, 'ema_trend_slow': 226, 'en_sma_trend': True, 'sma_trend_fast': 145, 'sma_trend_slow': 400, 'en_macd': False, 'macd_fast': 20, 'macd_slow': 185, 'macd_signal': 11, 'en_vwap': True, 'en_keltner': True, 'keltner_n': 13, 'keltner_m': 1.5, 'en_obv': True, 'obv_slope': 120, 'en_cci': True, 'cci_n': 72, 'cci_threshold': 220, 'en_rsi': True, 'rsi_n': 33, 'rsi_lower': 11, 'rsi_upper': 68, 'en_stochastic': True, 'stochastic_n': 2, 'stochastic_d': 13, 'stochastic_lower': 42, 'stochastic_upper': 90, 'en_mfi': True, 'mfi_n': 20, 'mfi_lower': 16, 'mfi_upper': 71, 'en_bollinger': True, 'bollinger_n': 100, 'bollinger_k': 0.5, 'en_adx': False, 'adx_n': 23, 'adx_threshold': 18, 'en_structure_trend': True, 'structure_trend_swing_l': 4, 'en_order_block': False, 'order_block_swing_l': 6, 'en_fvg': False, 'fvg_lookback': 8, 'en_ifvg': True, 'en_breaker': True, 'breaker_swing_l': 18, 'en_cisd': True, 'k': 1, 'en_cap_bars': True, 'cap_1min': 392}.
[I 2026-07-13 17:05:27,187] Trial 253 pruned. 
[I 2026-07-13 17:05:36,099] Trial 254 finished with values: [-48.82135017082874, -813.5329335876804, 46.8] and parameters: {'sl_soft': 2.1563410039391773, 'sl_hard_delta': 2.145728223926894, 'tp': 3.1314105561124697, 'gate_pct': 83.33433192606572, 'dd_limit': 156.63502965786031, 'cooldown': 4, 'flip': False, 'en_ema_trend': True, 'ema_trend_fast': 7, 'ema_trend_slow': 30, 'en_sma_trend': False, 'sma_trend_fast': 275, 'sma_trend_slow': 111, 'en_macd': True, 'macd_fast': 6, 'macd_slow': 166, 'macd_signal': 9, 'en_vwap': True, 'en_keltner': False, 'keltner_n': 129, 'keltner_m': 3.5, 'en_obv': True, 'obv_slope': 141, 'en_cci': False, 'cci_n': 171, 'cci_threshold': 45, 'en_rsi': True, 'rsi_n': 54, 'rsi_lower': 47, 'rsi_upper': 86, 'en_stochastic': True, 'stochastic_n': 74, 'stochastic_d': 4, 'stochastic_lower': 27, 'stochastic_upper': 57, 'en_mfi': False, 'mfi_n': 88, 'mfi_lower': 34, 'mfi_upper': 62, 'en_bollinger': True, 'bollinger_n': 20, 'bollinger_k': 1.8, 'en_adx': False, 'adx_n': 68, 'adx_threshold': 48, 'en_structure_trend': False, 'structure_trend_swing_l': 15, 'en_order_block': False, 'order_block_swing_l': 12, 'en_fvg': True, 'fvg_lookback': 27, 'en_ifvg': True, 'en_breaker': True, 'breaker_swing_l': 16, 'en_cisd': True, 'k': 1, 'en_cap_bars': True, 'cap_1min': 304}.
[I 2026-07-13 17:05:38,854] Trial 255 finished with values: [-251.53238709573316, -641.187260895208, 41.65] and parameters: {'sl_soft': 1.0138163480217606, 'sl_hard_delta': 0.13446041975836817, 'tp': 1.051926381619864, 'gate_pct': 80.28577378768065, 'dd_limit': 237.04271548261175, 'cooldown': 10, 'flip': True, 'en_ema_trend': False, 'ema_trend_fast': 101, 'ema_trend_slow': 85, 'en_sma_trend': True, 'sma_trend_fast': 188, 'sma_trend_slow': 55, 'en_macd': True, 'macd_fast': 6, 'macd_slow': 125, 'macd_signal': 4, 'en_vwap': False, 'en_keltner': True, 'keltner_n': 154, 'keltner_m': 2.1, 'en_obv': True, 'obv_slope': 15, 'en_cci': True, 'cci_n': 91, 'cci_threshold': 155, 'en_rsi': False, 'rsi_n': 89, 'rsi_lower': 39, 'rsi_upper': 52, 'en_stochastic': False, 'stochastic_n': 47, 'stochastic_d': 50, 'stochastic_lower': 2, 'stochastic_upper': 67, 'en_mfi': True, 'mfi_n': 84, 'mfi_lower': 24, 'mfi_upper': 89, 'en_bollinger': False, 'bollinger_n': 57, 'bollinger_k': 2.8000000000000003, 'en_adx': False, 'adx_n': 31, 'adx_threshold': 57, 'en_structure_trend': False, 'structure_trend_swing_l': 17, 'en_order_block': False, 'order_block_swing_l': 14, 'en_fvg': True, 'fvg_lookback': 48, 'en_ifvg': True, 'en_breaker': True, 'breaker_swing_l': 8, 'en_cisd': True, 'k': 3, 'en_cap_bars': False, 'cap_1min': 469}.
[I 2026-07-13 17:05:40,357] Trial 256 pruned. 
[I 2026-07-13 17:05:41,191] Trial 257 pruned. 
[I 2026-07-13 17:05:43,221] Trial 258 finished with values: [-54.52191532813231, -531.0432634073095, 26.950000000000003] and parameters: {'sl_soft': 0.7756993843732112, 'sl_hard_delta': 0.3269087741450897, 'tp': 2.5647184925159534, 'gate_pct': 52.631811604471054, 'dd_limit': 208.93735973419433, 'cooldown': 18, 'flip': True, 'en_ema_trend': True, 'ema_trend_fast': 112, 'ema_trend_slow': 167, 'en_sma_trend': False, 'sma_trend_fast': 178, 'sma_trend_slow': 304, 'en_macd': False, 'macd_fast': 57, 'macd_slow': 108, 'macd_signal': 65, 'en_vwap': True, 'en_keltner': True, 'keltner_n': 49, 'keltner_m': 3.1, 'en_obv': False, 'obv_slope': 143, 'en_cci': False, 'cci_n': 42, 'cci_threshold': 90, 'en_rsi': True, 'rsi_n': 72, 'rsi_lower': 20, 'rsi_upper': 59, 'en_stochastic': False, 'stochastic_n': 71, 'stochastic_d': 6, 'stochastic_lower': 44, 'stochastic_upper': 94, 'en_mfi': False, 'mfi_n': 89, 'mfi_lower': 2, 'mfi_upper': 95, 'en_bollinger': True, 'bollinger_n': 47, 'bollinger_k': 4.8, 'en_adx': True, 'adx_n': 2, 'adx_threshold': 26, 'en_structure_trend': True, 'structure_trend_swing_l': 11, 'en_order_block': False, 'order_block_swing_l': 6, 'en_fvg': True, 'fvg_lookback': 45, 'en_ifvg': False, 'en_breaker': False, 'breaker_swing_l': 18, 'en_cisd': True, 'k': 4, 'en_cap_bars': False, 'cap_1min': 1381}.
[I 2026-07-13 17:05:43,906] Trial 259 pruned. 
[I 2026-07-13 17:05:49,326] Trial 260 finished with values: [-92.4699679474486, -2278.1157411563527, 46.599999999999994] and parameters: {'sl_soft': 2.1640479983765797, 'sl_hard_delta': 2.239563723993085, 'tp': 3.7540113313657417, 'gate_pct': 99.4309621818079, 'dd_limit': 10.587974375936389, 'cooldown': 4, 'flip': False, 'en_ema_trend': False, 'ema_trend_fast': 279, 'ema_trend_slow': 279, 'en_sma_trend': False, 'sma_trend_fast': 160, 'sma_trend_slow': 306, 'en_macd': True, 'macd_fast': 59, 'macd_slow': 91, 'macd_signal': 39, 'en_vwap': False, 'en_keltner': True, 'keltner_n': 182, 'keltner_m': 1.2000000000000002, 'en_obv': True, 'obv_slope': 119, 'en_cci': True, 'cci_n': 57, 'cci_threshold': 30, 'en_rsi': True, 'rsi_n': 77, 'rsi_lower': 31, 'rsi_upper': 79, 'en_stochastic': False, 'stochastic_n': 88, 'stochastic_d': 41, 'stochastic_lower': 8, 'stochastic_upper': 80, 'en_mfi': True, 'mfi_n': 54, 'mfi_lower': 33, 'mfi_upper': 72, 'en_bollinger': True, 'bollinger_n': 138, 'bollinger_k': 4.1, 'en_adx': False, 'adx_n': 46, 'adx_threshold': 43, 'en_structure_trend': True, 'structure_trend_swing_l': 10, 'en_order_block': False, 'order_block_swing_l': 9, 'en_fvg': False, 'fvg_lookback': 34, 'en_ifvg': False, 'en_breaker': False, 'breaker_swing_l': 20, 'en_cisd': False, 'k': 4, 'en_cap_bars': False, 'cap_1min': 1425}.
[I 2026-07-13 17:05:50,425] Trial 261 pruned. 
[I 2026-07-13 17:05:52,867] Trial 262 finished with values: [-22.32084752413357, -561.1703507844027, 52.8] and parameters: {'sl_soft': 1.3505147411862857, 'sl_hard_delta': 0.33183959034651267, 'tp': 1.388364641976369, 'gate_pct': 30.375843415186864, 'dd_limit': 237.04271548261175, 'cooldown': 6, 'flip': False, 'en_ema_trend': True, 'ema_trend_fast': 373, 'ema_trend_slow': 85, 'en_sma_trend': True, 'sma_trend_fast': 36, 'sma_trend_slow': 263, 'en_macd': False, 'macd_fast': 66, 'macd_slow': 6, 'macd_signal': 34, 'en_vwap': True, 'en_keltner': False, 'keltner_n': 80, 'keltner_m': 1.3, 'en_obv': True, 'obv_slope': 109, 'en_cci': True, 'cci_n': 176, 'cci_threshold': 25, 'en_rsi': False, 'rsi_n': 65, 'rsi_lower': 39, 'rsi_upper': 52, 'en_stochastic': False, 'stochastic_n': 47, 'stochastic_d': 34, 'stochastic_lower': 2, 'stochastic_upper': 67, 'en_mfi': True, 'mfi_n': 41, 'mfi_lower': 27, 'mfi_upper': 94, 'en_bollinger': False, 'bollinger_n': 40, 'bollinger_k': 3.2, 'en_adx': False, 'adx_n': 74, 'adx_threshold': 39, 'en_structure_trend': False, 'structure_trend_swing_l': 11, 'en_order_block': True, 'order_block_swing_l': 9, 'en_fvg': False, 'fvg_lookback': 28, 'en_ifvg': False, 'en_breaker': False, 'breaker_swing_l': 8, 'en_cisd': True, 'k': 2, 'en_cap_bars': False, 'cap_1min': 719}.
[I 2026-07-13 17:06:05,681] Trial 263 finished with values: [-88.90886143385046, -592.8916005655765, 50.5] and parameters: {'sl_soft': 1.9944911128415785, 'sl_hard_delta': 0.3999697482406439, 'tp': 2.314472294099553, 'gate_pct': 90.0783114706916, 'dd_limit': 471.1025761339751, 'cooldown': 18, 'flip': False, 'en_ema_trend': False, 'ema_trend_fast': 60, 'ema_trend_slow': 361, 'en_sma_trend': True, 'sma_trend_fast': 81, 'sma_trend_slow': 120, 'en_macd': True, 'macd_fast': 47, 'macd_slow': 52, 'macd_signal': 59, 'en_vwap': True, 'en_keltner': False, 'keltner_n': 155, 'keltner_m': 1.6, 'en_obv': True, 'obv_slope': 2, 'en_cci': True, 'cci_n': 110, 'cci_threshold': 20, 'en_rsi': False, 'rsi_n': 26, 'rsi_lower': 21, 'rsi_upper': 88, 'en_stochastic': True, 'stochastic_n': 99, 'stochastic_d': 30, 'stochastic_lower': 13, 'stochastic_upper': 82, 'en_mfi': False, 'mfi_n': 67, 'mfi_lower': 40, 'mfi_upper': 81, 'en_bollinger': False, 'bollinger_n': 83, 'bollinger_k': 4.5, 'en_adx': True, 'adx_n': 4, 'adx_threshold': 55, 'en_structure_trend': True, 'structure_trend_swing_l': 19, 'en_order_block': False, 'order_block_swing_l': 3, 'en_fvg': False, 'fvg_lookback': 49, 'en_ifvg': False, 'en_breaker': False, 'breaker_swing_l': 11, 'en_cisd': False, 'k': 3, 'en_cap_bars': True, 'cap_1min': 217}.
[I 2026-07-13 17:06:08,450] Trial 264 finished with values: [77.24221968564962, -255.01135482413702, 61.7] and parameters: {'sl_soft': 1.0138163480217606, 'sl_hard_delta': 0.8244393445390031, 'tp': 1.0190142980390196, 'gate_pct': 33.41518335180748, 'dd_limit': 237.04271548261175, 'cooldown': 6, 'flip': True, 'en_ema_trend': True, 'ema_trend_fast': 23, 'ema_trend_slow': 125, 'en_sma_trend': True, 'sma_trend_fast': 357, 'sma_trend_slow': 263, 'en_macd': False, 'macd_fast': 52, 'macd_slow': 53, 'macd_signal': 34, 'en_vwap': False, 'en_keltner': True, 'keltner_n': 115, 'keltner_m': 2.1, 'en_obv': False, 'obv_slope': 15, 'en_cci': False, 'cci_n': 182, 'cci_threshold': 145, 'en_rsi': False, 'rsi_n': 97, 'rsi_lower': 39, 'rsi_upper': 57, 'en_stochastic': False, 'stochastic_n': 63, 'stochastic_d': 34, 'stochastic_lower': 2, 'stochastic_upper': 53, 'en_mfi': True, 'mfi_n': 80, 'mfi_lower': 24, 'mfi_upper': 65, 'en_bollinger': False, 'bollinger_n': 57, 'bollinger_k': 3.9000000000000004, 'en_adx': False, 'adx_n': 62, 'adx_threshold': 32, 'en_structure_trend': False, 'structure_trend_swing_l': 11, 'en_order_block': False, 'order_block_swing_l': 9, 'en_fvg': True, 'fvg_lookback': 10, 'en_ifvg': True, 'en_breaker': False, 'breaker_swing_l': 10, 'en_cisd': False, 'k': 3, 'en_cap_bars': False, 'cap_1min': 332}.
[I 2026-07-13 17:06:10,352] Trial 265 pruned. 
