[I 2026-07-13 17:18:38,435] Trial 687 finished with values: [-118.97321488659145, -749.6522483462854, 41.5] and parameters: {'sl_soft': 1.5128727017605812, 'sl_hard_delta': 1.0336497817025352, 'tp': 2.570841098597147, 'gate_pct': 97.52011350142476, 'dd_limit': 60.80016338531003, 'cooldown': 4, 'flip': True, 'en_ema_trend': True, 'ema_trend_fast': 317, 'ema_trend_slow': 139, 'en_sma_trend': True, 'sma_trend_fast': 266, 'sma_trend_slow': 138, 'en_macd': False, 'macd_fast': 80, 'macd_slow': 21, 'macd_signal': 24, 'en_vwap': False, 'en_keltner': False, 'keltner_n': 116, 'keltner_m': 0.6, 'en_obv': True, 'obv_slope': 8, 'en_cci': False, 'cci_n': 23, 'cci_threshold': 195, 'en_rsi': False, 'rsi_n': 67, 'rsi_lower': 29, 'rsi_upper': 76, 'en_stochastic': True, 'stochastic_n': 89, 'stochastic_d': 5, 'stochastic_lower': 28, 'stochastic_upper': 91, 'en_mfi': False, 'mfi_n': 41, 'mfi_lower': 8, 'mfi_upper': 88, 'en_bollinger': False, 'bollinger_n': 69, 'bollinger_k': 0.5, 'en_adx': False, 'adx_n': 48, 'adx_threshold': 19, 'en_structure_trend': True, 'structure_trend_swing_l': 8, 'en_order_block': True, 'order_block_swing_l': 7, 'en_fvg': False, 'fvg_lookback': 34, 'en_ifvg': True, 'en_breaker': False, 'breaker_swing_l': 1, 'en_cisd': False, 'k': 4, 'en_cap_bars': True, 'cap_1min': 608}.
[I 2026-07-13 17:18:38,725] Trial 688 pruned. 
[I 2026-07-13 17:18:40,099] Trial 689 pruned. 
[I 2026-07-13 17:18:40,362] Trial 690 pruned. 
[I 2026-07-13 17:18:40,748] Trial 691 finished with values: [168.56533338637973, -624.229777759615, 33.2] and parameters: {'sl_soft': 0.7459429677562495, 'sl_hard_delta': 0.24686669406356115, 'tp': 2.1501795169605638, 'gate_pct': 73.0036735816267, 'dd_limit': 122.33756046500012, 'cooldown': 3, 'flip': True, 'en_ema_trend': True, 'ema_trend_fast': 29, 'ema_trend_slow': 196, 'en_sma_trend': False, 'sma_trend_fast': 141, 'sma_trend_slow': 396, 'en_macd': False, 'macd_fast': 56, 'macd_slow': 47, 'macd_signal': 10, 'en_vwap': False, 'en_keltner': True, 'keltner_n': 177, 'keltner_m': 1.0, 'en_obv': True, 'obv_slope': 162, 'en_cci': False, 'cci_n': 125, 'cci_threshold': 280, 'en_rsi': True, 'rsi_n': 49, 'rsi_lower': 41, 'rsi_upper': 95, 'en_stochastic': True, 'stochastic_n': 25, 'stochastic_d': 3, 'stochastic_lower': 3, 'stochastic_upper': 97, 'en_mfi': True, 'mfi_n': 65, 'mfi_lower': 20, 'mfi_upper': 74, 'en_bollinger': False, 'bollinger_n': 186, 'bollinger_k': 4.7, 'en_adx': True, 'adx_n': 19, 'adx_threshold': 12, 'en_structure_trend': False, 'structure_trend_swing_l': 8, 'en_order_block': False, 'order_block_swing_l': 1, 'en_fvg': False, 'fvg_lookback': 29, 'en_ifvg': False, 'en_breaker': True, 'breaker_swing_l': 8, 'en_cisd': True, 'k': 3, 'en_cap_bars': True, 'cap_1min': 272}.
[I 2026-07-13 17:18:40,996] Trial 692 finished with values: [202.03603237646348, -438.4157540512206, 58.85] and parameters: {'sl_soft': 1.3416386676404197, 'sl_hard_delta': 0.05257236390156471, 'tp': 1.1926865856558302, 'gate_pct': 53.84741825883083, 'dd_limit': 234.1688012834486, 'cooldown': 12, 'flip': True, 'en_ema_trend': False, 'ema_trend_fast': 29, 'ema_trend_slow': 291, 'en_sma_trend': True, 'sma_trend_fast': 382, 'sma_trend_slow': 171, 'en_macd': False, 'macd_fast': 6, 'macd_slow': 47, 'macd_signal': 86, 'en_vwap': False, 'en_keltner': True, 'keltner_n': 3, 'keltner_m': 4.6000000000000005, 'en_obv': False, 'obv_slope': 120, 'en_cci': False, 'cci_n': 72, 'cci_threshold': 300, 'en_rsi': True, 'rsi_n': 52, 'rsi_lower': 11, 'rsi_upper': 82, 'en_stochastic': False, 'stochastic_n': 40, 'stochastic_d': 3, 'stochastic_lower': 2, 'stochastic_upper': 53, 'en_mfi': False, 'mfi_n': 9, 'mfi_lower': 16, 'mfi_upper': 86, 'en_bollinger': False, 'bollinger_n': 9, 'bollinger_k': 3.8000000000000003, 'en_adx': True, 'adx_n': 56, 'adx_threshold': 7, 'en_structure_trend': False, 'structure_trend_swing_l': 19, 'en_order_block': False, 'order_block_swing_l': 9, 'en_fvg': True, 'fvg_lookback': 28, 'en_ifvg': False, 'en_breaker': True, 'breaker_swing_l': 8, 'en_cisd': True, 'k': 1, 'en_cap_bars': False, 'cap_1min': 652}.
[I 2026-07-13 17:18:47,614] Trial 693 finished with values: [229.12799914693096, -508.2610909866389, 41.85] and parameters: {'sl_soft': 0.700218284426531, 'sl_hard_delta': 4.474497910710611, 'tp': 2.034778180267182, 'gate_pct': 54.8778799805964, 'dd_limit': 390.2569167971573, 'cooldown': 9, 'flip': True, 'en_ema_trend': True, 'ema_trend_fast': 317, 'ema_trend_slow': 291, 'en_sma_trend': False, 'sma_trend_fast': 45, 'sma_trend_slow': 357, 'en_macd': True, 'macd_fast': 25, 'macd_slow': 47, 'macd_signal': 67, 'en_vwap': False, 'en_keltner': False, 'keltner_n': 43, 'keltner_m': 3.9000000000000004, 'en_obv': False, 'obv_slope': 108, 'en_cci': False, 'cci_n': 125, 'cci_threshold': 40, 'en_rsi': False, 'rsi_n': 33, 'rsi_lower': 28, 'rsi_upper': 82, 'en_stochastic': True, 'stochastic_n': 75, 'stochastic_d': 7, 'stochastic_lower': 48, 'stochastic_upper': 90, 'en_mfi': False, 'mfi_n': 51, 'mfi_lower': 1, 'mfi_upper': 86, 'en_bollinger': False, 'bollinger_n': 32, 'bollinger_k': 4.7, 'en_adx': True, 'adx_n': 23, 'adx_threshold': 11, 'en_structure_trend': False, 'structure_trend_swing_l': 4, 'en_order_block': True, 'order_block_swing_l': 9, 'en_fvg': False, 'fvg_lookback': 6, 'en_ifvg': True, 'en_breaker': False, 'breaker_swing_l': 18, 'en_cisd': True, 'k': 1, 'en_cap_bars': True, 'cap_1min': 272}.
[I 2026-07-13 17:18:47,792] Trial 694 pruned. 
[I 2026-07-13 17:18:49,826] Trial 695 pruned. 
[I 2026-07-13 17:18:50,475] Trial 696 finished with values: [133.92048585590146, -602.0231446864727, 19.15] and parameters: {'sl_soft': 0.700218284426531, 'sl_hard_delta': 0.008044238733936384, 'tp': 3.035052084189462, 'gate_pct': 74.50813821223942, 'dd_limit': 390.2569167971573, 'cooldown': 13, 'flip': False, 'en_ema_trend': False, 'ema_trend_fast': 317, 'ema_trend_slow': 291, 'en_sma_trend': False, 'sma_trend_fast': 142, 'sma_trend_slow': 384, 'en_macd': True, 'macd_fast': 69, 'macd_slow': 150, 'macd_signal': 67, 'en_vwap': True, 'en_keltner': False, 'keltner_n': 43, 'keltner_m': 1.7000000000000002, 'en_obv': False, 'obv_slope': 162, 'en_cci': True, 'cci_n': 132, 'cci_threshold': 300, 'en_rsi': False, 'rsi_n': 10, 'rsi_lower': 41, 'rsi_upper': 82, 'en_stochastic': False, 'stochastic_n': 75, 'stochastic_d': 7, 'stochastic_lower': 48, 'stochastic_upper': 88, 'en_mfi': True, 'mfi_n': 26, 'mfi_lower': 1, 'mfi_upper': 86, 'en_bollinger': False, 'bollinger_n': 96, 'bollinger_k': 4.7, 'en_adx': True, 'adx_n': 56, 'adx_threshold': 7, 'en_structure_trend': False, 'structure_trend_swing_l': 19, 'en_order_block': False, 'order_block_swing_l': 9, 'en_fvg': True, 'fvg_lookback': 6, 'en_ifvg': True, 'en_breaker': False, 'breaker_swing_l': 19, 'en_cisd': True, 'k': 3, 'en_cap_bars': True, 'cap_1min': 652}.
[I 2026-07-13 17:18:52,150] Trial 697 finished with values: [73.04137190154165, -477.4521379496264, 66.9] and parameters: {'sl_soft': 1.0063442051374751, 'sl_hard_delta': 4.226325311270573, 'tp': 0.9918133787075697, 'gate_pct': 76.97662112798537, 'dd_limit': 133.93255991555952, 'cooldown': 9, 'flip': True, 'en_ema_trend': True, 'ema_trend_fast': 317, 'ema_trend_slow': 38, 'en_sma_trend': False, 'sma_trend_fast': 45, 'sma_trend_slow': 307, 'en_macd': False, 'macd_fast': 25, 'macd_slow': 5, 'macd_signal': 72, 'en_vwap': False, 'en_keltner': False, 'keltner_n': 13, 'keltner_m': 4.6000000000000005, 'en_obv': True, 'obv_slope': 108, 'en_cci': False, 'cci_n': 3, 'cci_threshold': 220, 'en_rsi': True, 'rsi_n': 10, 'rsi_lower': 28, 'rsi_upper': 73, 'en_stochastic': False, 'stochastic_n': 75, 'stochastic_d': 40, 'stochastic_lower': 48, 'stochastic_upper': 90, 'en_mfi': True, 'mfi_n': 96, 'mfi_lower': 16, 'mfi_upper': 71, 'en_bollinger': False, 'bollinger_n': 181, 'bollinger_k': 2.5, 'en_adx': False, 'adx_n': 23, 'adx_threshold': 12, 'en_structure_trend': False, 'structure_trend_swing_l': 5, 'en_order_block': True, 'order_block_swing_l': 3, 'en_fvg': True, 'fvg_lookback': 8, 'en_ifvg': False, 'en_breaker': True, 'breaker_swing_l': 18, 'en_cisd': True, 'k': 1, 'en_cap_bars': False, 'cap_1min': 846}.
[I 2026-07-13 17:18:52,592] Trial 698 finished with values: [-10.599010791389674, -456.3271797848756, 40.55] and parameters: {'sl_soft': 0.700218284426531, 'sl_hard_delta': 4.226325311270573, 'tp': 1.5788019784171787, 'gate_pct': 54.8778799805964, 'dd_limit': 234.1688012834486, 'cooldown': 14, 'flip': True, 'en_ema_trend': True, 'ema_trend_fast': 317, 'ema_trend_slow': 291, 'en_sma_trend': False, 'sma_trend_fast': 45, 'sma_trend_slow': 218, 'en_macd': False, 'macd_fast': 25, 'macd_slow': 5, 'macd_signal': 72, 'en_vwap': True, 'en_keltner': True, 'keltner_n': 116, 'keltner_m': 1.7000000000000002, 'en_obv': False, 'obv_slope': 182, 'en_cci': True, 'cci_n': 3, 'cci_threshold': 40, 'en_rsi': True, 'rsi_n': 77, 'rsi_lower': 28, 'rsi_upper': 86, 'en_stochastic': False, 'stochastic_n': 75, 'stochastic_d': 7, 'stochastic_lower': 36, 'stochastic_upper': 88, 'en_mfi': False, 'mfi_n': 51, 'mfi_lower': 45, 'mfi_upper': 86, 'en_bollinger': False, 'bollinger_n': 156, 'bollinger_k': 2.5, 'en_adx': False, 'adx_n': 62, 'adx_threshold': 12, 'en_structure_trend': False, 'structure_trend_swing_l': 11, 'en_order_block': False, 'order_block_swing_l': 6, 'en_fvg': True, 'fvg_lookback': 50, 'en_ifvg': False, 'en_breaker': True, 'breaker_swing_l': 6, 'en_cisd': True, 'k': 3, 'en_cap_bars': True, 'cap_1min': 846}.
[I 2026-07-13 17:18:54,122] Trial 699 finished with values: [176.97403062771855, -484.0933106461989, 68.35] and parameters: {'sl_soft': 1.0063442051374751, 'sl_hard_delta': 4.474497910710611, 'tp': 0.9918133787075697, 'gate_pct': 53.60226124925167, 'dd_limit': 390.2569167971573, 'cooldown': 9, 'flip': True, 'en_ema_trend': True, 'ema_trend_fast': 317, 'ema_trend_slow': 196, 'en_sma_trend': False, 'sma_trend_fast': 141, 'sma_trend_slow': 396, 'en_macd': False, 'macd_fast': 56, 'macd_slow': 47, 'macd_signal': 72, 'en_vwap': False, 'en_keltner': False, 'keltner_n': 13, 'keltner_m': 1.8, 'en_obv': True, 'obv_slope': 108, 'en_cci': False, 'cci_n': 125, 'cci_threshold': 280, 'en_rsi': True, 'rsi_n': 49, 'rsi_lower': 28, 'rsi_upper': 86, 'en_stochastic': True, 'stochastic_n': 75, 'stochastic_d': 3, 'stochastic_lower': 3, 'stochastic_upper': 97, 'en_mfi': True, 'mfi_n': 51, 'mfi_lower': 16, 'mfi_upper': 74, 'en_bollinger': False, 'bollinger_n': 181, 'bollinger_k': 2.5, 'en_adx': True, 'adx_n': 23, 'adx_threshold': 18, 'en_structure_trend': False, 'structure_trend_swing_l': 5, 'en_order_block': False, 'order_block_swing_l': 1, 'en_fvg': False, 'fvg_lookback': 29, 'en_ifvg': False, 'en_breaker': False, 'breaker_swing_l': 18, 'en_cisd': True, 'k': 1, 'en_cap_bars': True, 'cap_1min': 272}.
[I 2026-07-13 17:18:55,409] Trial 700 pruned. 
[I 2026-07-13 17:18:56,563] Trial 701 finished with values: [269.18905324093885, -633.4203638552481, 51.2] and parameters: {'sl_soft': 1.5128727017605812, 'sl_hard_delta': 3.3389442785612586, 'tp': 2.9458524258041714, 'gate_pct': 87.06011761279458, 'dd_limit': 390.2569167971573, 'cooldown': 8, 'flip': True, 'en_ema_trend': True, 'ema_trend_fast': 317, 'ema_trend_slow': 139, 'en_sma_trend': False, 'sma_trend_fast': 145, 'sma_trend_slow': 171, 'en_macd': True, 'macd_fast': 80, 'macd_slow': 180, 'macd_signal': 1, 'en_vwap': True, 'en_keltner': False, 'keltner_n': 116, 'keltner_m': 3.8000000000000003, 'en_obv': True, 'obv_slope': 8, 'en_cci': False, 'cci_n': 110, 'cci_threshold': 195, 'en_rsi': False, 'rsi_n': 67, 'rsi_lower': 7, 'rsi_upper': 76, 'en_stochastic': True, 'stochastic_n': 89, 'stochastic_d': 5, 'stochastic_lower': 16, 'stochastic_upper': 57, 'en_mfi': False, 'mfi_n': 61, 'mfi_lower': 10, 'mfi_upper': 86, 'en_bollinger': False, 'bollinger_n': 69, 'bollinger_k': 0.5, 'en_adx': False, 'adx_n': 48, 'adx_threshold': 19, 'en_structure_trend': True, 'structure_trend_swing_l': 10, 'en_order_block': True, 'order_block_swing_l': 6, 'en_fvg': False, 'fvg_lookback': 36, 'en_ifvg': False, 'en_breaker': True, 'breaker_swing_l': 18, 'en_cisd': False, 'k': 2, 'en_cap_bars': True, 'cap_1min': 608}.
[I 2026-07-13 17:18:58,706] Trial 702 finished with values: [-82.504673926843, -410.0031159512355, 24.3] and parameters: {'sl_soft': 1.0063442051374751, 'sl_hard_delta': 4.226325311270573, 'tp': 5.599937680975634, 'gate_pct': 54.8778799805964, 'dd_limit': 133.93255991555952, 'cooldown': 9, 'flip': True, 'en_ema_trend': True, 'ema_trend_fast': 196, 'ema_trend_slow': 16, 'en_sma_trend': True, 'sma_trend_fast': 45, 'sma_trend_slow': 357, 'en_macd': True, 'macd_fast': 25, 'macd_slow': 5, 'macd_signal': 92, 'en_vwap': False, 'en_keltner': False, 'keltner_n': 3, 'keltner_m': 1.8, 'en_obv': True, 'obv_slope': 105, 'en_cci': True, 'cci_n': 27, 'cci_threshold': 300, 'en_rsi': False, 'rsi_n': 10, 'rsi_lower': 28, 'rsi_upper': 91, 'en_stochastic': False, 'stochastic_n': 16, 'stochastic_d': 40, 'stochastic_lower': 48, 'stochastic_upper': 90, 'en_mfi': False, 'mfi_n': 96, 'mfi_lower': 49, 'mfi_upper': 71, 'en_bollinger': False, 'bollinger_n': 181, 'bollinger_k': 3.0, 'en_adx': True, 'adx_n': 18, 'adx_threshold': 12, 'en_structure_trend': False, 'structure_trend_swing_l': 5, 'en_order_block': False, 'order_block_swing_l': 6, 'en_fvg': True, 'fvg_lookback': 28, 'en_ifvg': True, 'en_breaker': True, 'breaker_swing_l': 6, 'en_cisd': True, 'k': 3, 'en_cap_bars': True, 'cap_1min': 652}.
[I 2026-07-13 17:19:00,176] Trial 703 finished with values: [19.25321781124012, -428.3395317569102, 52.65] and parameters: {'sl_soft': 1.3416386676404197, 'sl_hard_delta': 0.05257236390156471, 'tp': 1.1926865856558302, 'gate_pct': 74.50813821223942, 'dd_limit': 434.8338936907749, 'cooldown': 13, 'flip': True, 'en_ema_trend': False, 'ema_trend_fast': 29, 'ema_trend_slow': 291, 'en_sma_trend': False, 'sma_trend_fast': 142, 'sma_trend_slow': 242, 'en_macd': True, 'macd_fast': 69, 'macd_slow': 47, 'macd_signal': 86, 'en_vwap': True, 'en_keltner': False, 'keltner_n': 3, 'keltner_m': 1.7000000000000002, 'en_obv': False, 'obv_slope': 182, 'en_cci': True, 'cci_n': 72, 'cci_threshold': 300, 'en_rsi': True, 'rsi_n': 52, 'rsi_lower': 46, 'rsi_upper': 82, 'en_stochastic': False, 'stochastic_n': 75, 'stochastic_d': 3, 'stochastic_lower': 36, 'stochastic_upper': 53, 'en_mfi': False, 'mfi_n': 92, 'mfi_lower': 13, 'mfi_upper': 61, 'en_bollinger': False, 'bollinger_n': 96, 'bollinger_k': 2.6, 'en_adx': True, 'adx_n': 18, 'adx_threshold': 31, 'en_structure_trend': False, 'structure_trend_swing_l': 19, 'en_order_block': True, 'order_block_swing_l': 9, 'en_fvg': False, 'fvg_lookback': 28, 'en_ifvg': False, 'en_breaker': True, 'breaker_swing_l': 15, 'en_cisd': True, 'k': 1, 'en_cap_bars': False, 'cap_1min': 652}.
[I 2026-07-13 17:19:00,613] Trial 704 finished with values: [78.24444390237204, -475.365670717224, 75.85] and parameters: {'sl_soft': 3.146751807329063, 'sl_hard_delta': 1.265225171181504, 'tp': 1.1926865856558302, 'gate_pct': 53.84741825883083, 'dd_limit': 234.1688012834486, 'cooldown': 12, 'flip': True, 'en_ema_trend': False, 'ema_trend_fast': 29, 'ema_trend_slow': 291, 'en_sma_trend': True, 'sma_trend_fast': 145, 'sma_trend_slow': 242, 'en_macd': False, 'macd_fast': 20, 'macd_slow': 185, 'macd_signal': 11, 'en_vwap': False, 'en_keltner': True, 'keltner_n': 3, 'keltner_m': 1.5, 'en_obv': True, 'obv_slope': 182, 'en_cci': False, 'cci_n': 72, 'cci_threshold': 300, 'en_rsi': True, 'rsi_n': 33, 'rsi_lower': 11, 'rsi_upper': 68, 'en_stochastic': False, 'stochastic_n': 2, 'stochastic_d': 3, 'stochastic_lower': 42, 'stochastic_upper': 53, 'en_mfi': False, 'mfi_n': 20, 'mfi_lower': 16, 'mfi_upper': 61, 'en_bollinger': False, 'bollinger_n': 96, 'bollinger_k': 0.5, 'en_adx': False, 'adx_n': 23, 'adx_threshold': 7, 'en_structure_trend': True, 'structure_trend_swing_l': 4, 'en_order_block': False, 'order_block_swing_l': 9, 'en_fvg': False, 'fvg_lookback': 28, 'en_ifvg': True, 'en_breaker': True, 'breaker_swing_l': 18, 'en_cisd': True, 'k': 1, 'en_cap_bars': False, 'cap_1min': 948}.
[I 2026-07-13 17:19:00,764] Trial 705 pruned. 
[I 2026-07-13 17:19:01,255] Trial 706 finished with values: [632.8618905767883, -507.19422193560604, 30.6] and parameters: {'sl_soft': 1.0063442051374751, 'sl_hard_delta': 0.008044238733936384, 'tp': 3.035052084189462, 'gate_pct': 54.8778799805964, 'dd_limit': 434.8338936907749, 'cooldown': 8, 'flip': True, 'en_ema_trend': True, 'ema_trend_fast': 317, 'ema_trend_slow': 16, 'en_sma_trend': False, 'sma_trend_fast': 266, 'sma_trend_slow': 242, 'en_macd': True, 'macd_fast': 80, 'macd_slow': 180, 'macd_signal': 86, 'en_vwap': True, 'en_keltner': True, 'keltner_n': 116, 'keltner_m': 1.8, 'en_obv': True, 'obv_slope': 8, 'en_cci': True, 'cci_n': 3, 'cci_threshold': 195, 'en_rsi': False, 'rsi_n': 67, 'rsi_lower': 28, 'rsi_upper': 91, 'en_stochastic': False, 'stochastic_n': 16, 'stochastic_d': 5, 'stochastic_lower': 48, 'stochastic_upper': 88, 'en_mfi': False, 'mfi_n': 51, 'mfi_lower': 10, 'mfi_upper': 86, 'en_bollinger': False, 'bollinger_n': 115, 'bollinger_k': 2.6, 'en_adx': True, 'adx_n': 18, 'adx_threshold': 19, 'en_structure_trend': False, 'structure_trend_swing_l': 19, 'en_order_block': True, 'order_block_swing_l': 3, 'en_fvg': False, 'fvg_lookback': 36, 'en_ifvg': False, 'en_breaker': False, 'breaker_swing_l': 19, 'en_cisd': True, 'k': 3, 'en_cap_bars': True, 'cap_1min': 652}.
[I 2026-07-13 17:19:07,523] Trial 707 finished with values: [-346.35368935489623, -425.0, 16.7] and parameters: {'sl_soft': 1.3416386676404197, 'sl_hard_delta': 3.3389442785612586, 'tp': 2.9458524258041714, 'gate_pct': 54.8778799805964, 'dd_limit': 390.2569167971573, 'cooldown': 8, 'flip': True, 'en_ema_trend': True, 'ema_trend_fast': 317, 'ema_trend_slow': 17, 'en_sma_trend': False, 'sma_trend_fast': 128, 'sma_trend_slow': 143, 'en_macd': True, 'macd_fast': 56, 'macd_slow': 48, 'macd_signal': 67, 'en_vwap': True, 'en_keltner': False, 'keltner_n': 137, 'keltner_m': 3.1, 'en_obv': True, 'obv_slope': 8, 'en_cci': True, 'cci_n': 110, 'cci_threshold': 30, 'en_rsi': False, 'rsi_n': 67, 'rsi_lower': 38, 'rsi_upper': 95, 'en_stochastic': True, 'stochastic_n': 22, 'stochastic_d': 5, 'stochastic_lower': 48, 'stochastic_upper': 77, 'en_mfi': False, 'mfi_n': 61, 'mfi_lower': 10, 'mfi_upper': 68, 'en_bollinger': False, 'bollinger_n': 69, 'bollinger_k': 1.6, 'en_adx': False, 'adx_n': 19, 'adx_threshold': 12, 'en_structure_trend': False, 'structure_trend_swing_l': 10, 'en_order_block': False, 'order_block_swing_l': 9, 'en_fvg': True, 'fvg_lookback': 19, 'en_ifvg': False, 'en_breaker': True, 'breaker_swing_l': 17, 'en_cisd': True, 'k': 4, 'en_cap_bars': False, 'cap_1min': 608}.
[I 2026-07-13 17:19:09,399] Trial 708 finished with values: [17.06014460660299, -370.9677380114954, 58.1] and parameters: {'sl_soft': 0.7459429677562495, 'sl_hard_delta': 1.265225171181504, 'tp': 0.9918133787075697, 'gate_pct': 53.84741825883083, 'dd_limit': 284.01961970925504, 'cooldown': 10, 'flip': True, 'en_ema_trend': True, 'ema_trend_fast': 74, 'ema_trend_slow': 226, 'en_sma_trend': False, 'sma_trend_fast': 145, 'sma_trend_slow': 400, 'en_macd': True, 'macd_fast': 6, 'macd_slow': 150, 'macd_signal': 11, 'en_vwap': True, 'en_keltner': True, 'keltner_n': 13, 'keltner_m': 1.5, 'en_obv': True, 'obv_slope': 120, 'en_cci': True, 'cci_n': 106, 'cci_threshold': 220, 'en_rsi': True, 'rsi_n': 49, 'rsi_lower': 11, 'rsi_upper': 68, 'en_stochastic': True, 'stochastic_n': 25, 'stochastic_d': 7, 'stochastic_lower': 3, 'stochastic_upper': 97, 'en_mfi': True, 'mfi_n': 28, 'mfi_lower': 16, 'mfi_upper': 71, 'en_bollinger': False, 'bollinger_n': 110, 'bollinger_k': 0.5, 'en_adx': False, 'adx_n': 23, 'adx_threshold': 18, 'en_structure_trend': True, 'structure_trend_swing_l': 4, 'en_order_block': False, 'order_block_swing_l': 6, 'en_fvg': False, 'fvg_lookback': 8, 'en_ifvg': True, 'en_breaker': True, 'breaker_swing_l': 18, 'en_cisd': True, 'k': 1, 'en_cap_bars': True, 'cap_1min': 412}.
[I 2026-07-13 17:19:09,649] Trial 709 finished with values: [-461.9481260069165, -1162.0182210744815, 20.35] and parameters: {'sl_soft': 1.2301008880385436, 'sl_hard_delta': 3.2038337397957424, 'tp': 6.159635578510054, 'gate_pct': 73.0036735816267, 'dd_limit': 122.33756046500012, 'cooldown': 9, 'flip': True, 'en_ema_trend': False, 'ema_trend_fast': 29, 'ema_trend_slow': 38, 'en_sma_trend': False, 'sma_trend_fast': 396, 'sma_trend_slow': 396, 'en_macd': False, 'macd_fast': 56, 'macd_slow': 47, 'macd_signal': 67, 'en_vwap': False, 'en_keltner': True, 'keltner_n': 77, 'keltner_m': 3.9000000000000004, 'en_obv': False, 'obv_slope': 162, 'en_cci': True, 'cci_n': 125, 'cci_threshold': 280, 'en_rsi': True, 'rsi_n': 74, 'rsi_lower': 41, 'rsi_upper': 95, 'en_stochastic': False, 'stochastic_n': 25, 'stochastic_d': 3, 'stochastic_lower': 2, 'stochastic_upper': 77, 'en_mfi': False, 'mfi_n': 65, 'mfi_lower': 14, 'mfi_upper': 74, 'en_bollinger': False, 'bollinger_n': 32, 'bollinger_k': 4.7, 'en_adx': True, 'adx_n': 19, 'adx_threshold': 12, 'en_structure_trend': True, 'structure_trend_swing_l': 1, 'en_order_block': False, 'order_block_swing_l': 1, 'en_fvg': True, 'fvg_lookback': 50, 'en_ifvg': False, 'en_breaker': False, 'breaker_swing_l': 8, 'en_cisd': True, 'k': 1, 'en_cap_bars': True, 'cap_1min': 272}.
