[I 2026-07-13 17:42:59,163] Trial 1731 finished with values: [122.35723466810668, -551.19745654074, 43.55] and parameters: {'sl_soft': 1.124380577176661, 'sl_hard_delta': 0.4218978700826674, 'tp': 2.1925639368831504, 'gate_pct': 78.33356164979146, 'dd_limit': 302.7388341853762, 'cooldown': 8, 'flip': True, 'en_ema_trend': True, 'ema_trend_fast': 13, 'ema_trend_slow': 84, 'en_sma_trend': False, 'sma_trend_fast': 29, 'sma_trend_slow': 396, 'en_macd': True, 'macd_fast': 80, 'macd_slow': 167, 'macd_signal': 22, 'en_vwap': False, 'en_keltner': True, 'keltner_n': 178, 'keltner_m': 4.8, 'en_obv': False, 'obv_slope': 145, 'en_cci': False, 'cci_n': 23, 'cci_threshold': 280, 'en_rsi': True, 'rsi_n': 5, 'rsi_lower': 11, 'rsi_upper': 67, 'en_stochastic': False, 'stochastic_n': 80, 'stochastic_d': 31, 'stochastic_lower': 44, 'stochastic_upper': 93, 'en_mfi': True, 'mfi_n': 2, 'mfi_lower': 35, 'mfi_upper': 76, 'en_bollinger': False, 'bollinger_n': 52, 'bollinger_k': 2.1, 'en_adx': False, 'adx_n': 33, 'adx_threshold': 11, 'en_structure_trend': True, 'structure_trend_swing_l': 11, 'en_order_block': False, 'order_block_swing_l': 9, 'en_fvg': False, 'fvg_lookback': 19, 'en_ifvg': False, 'en_breaker': False, 'breaker_swing_l': 5, 'en_cisd': True, 'k': 4, 'en_cap_bars': False, 'cap_1min': 933}.
[I 2026-07-13 17:43:00,896] Trial 1732 finished with values: [1578.2348212052966, -2597.4379706298805, 55.3] and parameters: {'sl_soft': 1.4657917354156722, 'sl_hard_delta': 2.023878961662409, 'tp': 2.1925639368831504, 'gate_pct': 81.43219065749138, 'dd_limit': 439.4689893251477, 'cooldown': 1, 'flip': True, 'en_ema_trend': True, 'ema_trend_fast': 13, 'ema_trend_slow': 132, 'en_sma_trend': False, 'sma_trend_fast': 164, 'sma_trend_slow': 376, 'en_macd': True, 'macd_fast': 25, 'macd_slow': 53, 'macd_signal': 33, 'en_vwap': True, 'en_keltner': True, 'keltner_n': 178, 'keltner_m': 4.8, 'en_obv': False, 'obv_slope': 162, 'en_cci': True, 'cci_n': 32, 'cci_threshold': 40, 'en_rsi': True, 'rsi_n': 54, 'rsi_lower': 5, 'rsi_upper': 95, 'en_stochastic': False, 'stochastic_n': 80, 'stochastic_d': 9, 'stochastic_lower': 44, 'stochastic_upper': 74, 'en_mfi': False, 'mfi_n': 57, 'mfi_lower': 35, 'mfi_upper': 61, 'en_bollinger': False, 'bollinger_n': 104, 'bollinger_k': 4.7, 'en_adx': False, 'adx_n': 48, 'adx_threshold': 11, 'en_structure_trend': True, 'structure_trend_swing_l': 1, 'en_order_block': False, 'order_block_swing_l': 9, 'en_fvg': False, 'fvg_lookback': 1, 'en_ifvg': False, 'en_breaker': False, 'breaker_swing_l': 5, 'en_cisd': True, 'k': 1, 'en_cap_bars': True, 'cap_1min': 652}.
[I 2026-07-13 17:43:01,306] Trial 1733 finished with values: [2081.4485093316534, -1055.4841165358084, 44.9] and parameters: {'sl_soft': 1.2795510837006852, 'sl_hard_delta': 0.02145810771492437, 'tp': 2.1925639368831504, 'gate_pct': 81.43219065749138, 'dd_limit': 407.4857616970019, 'cooldown': 1, 'flip': True, 'en_ema_trend': True, 'ema_trend_fast': 317, 'ema_trend_slow': 196, 'en_sma_trend': False, 'sma_trend_fast': 29, 'sma_trend_slow': 376, 'en_macd': False, 'macd_fast': 80, 'macd_slow': 167, 'macd_signal': 54, 'en_vwap': False, 'en_keltner': False, 'keltner_n': 178, 'keltner_m': 4.8, 'en_obv': False, 'obv_slope': 170, 'en_cci': True, 'cci_n': 125, 'cci_threshold': 50, 'en_rsi': False, 'rsi_n': 54, 'rsi_lower': 17, 'rsi_upper': 71, 'en_stochastic': False, 'stochastic_n': 25, 'stochastic_d': 34, 'stochastic_lower': 44, 'stochastic_upper': 58, 'en_mfi': False, 'mfi_n': 57, 'mfi_lower': 35, 'mfi_upper': 76, 'en_bollinger': False, 'bollinger_n': 104, 'bollinger_k': 4.8, 'en_adx': True, 'adx_n': 48, 'adx_threshold': 11, 'en_structure_trend': True, 'structure_trend_swing_l': 1, 'en_order_block': False, 'order_block_swing_l': 13, 'en_fvg': False, 'fvg_lookback': 1, 'en_ifvg': False, 'en_breaker': False, 'breaker_swing_l': 5, 'en_cisd': False, 'k': 1, 'en_cap_bars': True, 'cap_1min': 652}.
[I 2026-07-13 17:43:01,902] Trial 1734 finished with values: [2363.680998823719, -1941.0722773382076, 47.15] and parameters: {'sl_soft': 1.2795510837006852, 'sl_hard_delta': 0.4218978700826674, 'tp': 2.249197437223498, 'gate_pct': 81.43219065749138, 'dd_limit': 439.4689893251477, 'cooldown': 1, 'flip': True, 'en_ema_trend': True, 'ema_trend_fast': 13, 'ema_trend_slow': 236, 'en_sma_trend': False, 'sma_trend_fast': 164, 'sma_trend_slow': 396, 'en_macd': True, 'macd_fast': 80, 'macd_slow': 53, 'macd_signal': 22, 'en_vwap': True, 'en_keltner': True, 'keltner_n': 54, 'keltner_m': 4.8, 'en_obv': False, 'obv_slope': 170, 'en_cci': True, 'cci_n': 125, 'cci_threshold': 50, 'en_rsi': False, 'rsi_n': 5, 'rsi_lower': 11, 'rsi_upper': 71, 'en_stochastic': False, 'stochastic_n': 25, 'stochastic_d': 9, 'stochastic_lower': 44, 'stochastic_upper': 74, 'en_mfi': False, 'mfi_n': 65, 'mfi_lower': 23, 'mfi_upper': 76, 'en_bollinger': False, 'bollinger_n': 104, 'bollinger_k': 4.7, 'en_adx': False, 'adx_n': 48, 'adx_threshold': 5, 'en_structure_trend': True, 'structure_trend_swing_l': 1, 'en_order_block': False, 'order_block_swing_l': 9, 'en_fvg': False, 'fvg_lookback': 1, 'en_ifvg': False, 'en_breaker': False, 'breaker_swing_l': 5, 'en_cisd': True, 'k': 1, 'en_cap_bars': False, 'cap_1min': 1416}.
[I 2026-07-13 17:43:02,768] Trial 1735 finished with values: [140.03971339640202, -182.74423166863016, 50.0] and parameters: {'sl_soft': 1.124380577176661, 'sl_hard_delta': 0.09391430061437202, 'tp': 2.1925639368831504, 'gate_pct': 26.991527672954163, 'dd_limit': 390.2569167971573, 'cooldown': 26, 'flip': True, 'en_ema_trend': True, 'ema_trend_fast': 317, 'ema_trend_slow': 38, 'en_sma_trend': False, 'sma_trend_fast': 285, 'sma_trend_slow': 304, 'en_macd': True, 'macd_fast': 80, 'macd_slow': 157, 'macd_signal': 9, 'en_vwap': True, 'en_keltner': False, 'keltner_n': 77, 'keltner_m': 4.8, 'en_obv': True, 'obv_slope': 44, 'en_cci': True, 'cci_n': 42, 'cci_threshold': 50, 'en_rsi': True, 'rsi_n': 15, 'rsi_lower': 23, 'rsi_upper': 59, 'en_stochastic': False, 'stochastic_n': 56, 'stochastic_d': 6, 'stochastic_lower': 2, 'stochastic_upper': 70, 'en_mfi': True, 'mfi_n': 74, 'mfi_lower': 37, 'mfi_upper': 87, 'en_bollinger': False, 'bollinger_n': 34, 'bollinger_k': 3.8000000000000003, 'en_adx': False, 'adx_n': 51, 'adx_threshold': 5, 'en_structure_trend': True, 'structure_trend_swing_l': 10, 'en_order_block': True, 'order_block_swing_l': 14, 'en_fvg': False, 'fvg_lookback': 29, 'en_ifvg': False, 'en_breaker': False, 'breaker_swing_l': 1, 'en_cisd': True, 'k': 1, 'en_cap_bars': False, 'cap_1min': 418}.
[I 2026-07-13 17:43:03,130] Trial 1736 finished with values: [260.389356090144, -384.2276951731037, 43.25] and parameters: {'sl_soft': 1.124380577176661, 'sl_hard_delta': 0.09391430061437202, 'tp': 2.249197437223498, 'gate_pct': 26.991527672954163, 'dd_limit': 390.2569167971573, 'cooldown': 1, 'flip': True, 'en_ema_trend': True, 'ema_trend_fast': 393, 'ema_trend_slow': 38, 'en_sma_trend': False, 'sma_trend_fast': 29, 'sma_trend_slow': 376, 'en_macd': False, 'macd_fast': 80, 'macd_slow': 167, 'macd_signal': 9, 'en_vwap': False, 'en_keltner': False, 'keltner_n': 77, 'keltner_m': 4.8, 'en_obv': True, 'obv_slope': 44, 'en_cci': False, 'cci_n': 125, 'cci_threshold': 50, 'en_rsi': True, 'rsi_n': 15, 'rsi_lower': 23, 'rsi_upper': 71, 'en_stochastic': False, 'stochastic_n': 56, 'stochastic_d': 6, 'stochastic_lower': 44, 'stochastic_upper': 58, 'en_mfi': True, 'mfi_n': 74, 'mfi_lower': 23, 'mfi_upper': 76, 'en_bollinger': False, 'bollinger_n': 62, 'bollinger_k': 4.8, 'en_adx': False, 'adx_n': 33, 'adx_threshold': 5, 'en_structure_trend': True, 'structure_trend_swing_l': 10, 'en_order_block': False, 'order_block_swing_l': 13, 'en_fvg': False, 'fvg_lookback': 1, 'en_ifvg': False, 'en_breaker': False, 'breaker_swing_l': 1, 'en_cisd': True, 'k': 1, 'en_cap_bars': False, 'cap_1min': 933}.
[I 2026-07-13 17:43:03,692] Trial 1737 finished with values: [1366.2713251904506, -2184.170195504646, 42.95] and parameters: {'sl_soft': 1.124380577176661, 'sl_hard_delta': 0.4218978700826674, 'tp': 2.249197437223498, 'gate_pct': 81.43219065749138, 'dd_limit': 390.2569167971573, 'cooldown': 1, 'flip': True, 'en_ema_trend': True, 'ema_trend_fast': 393, 'ema_trend_slow': 84, 'en_sma_trend': False, 'sma_trend_fast': 164, 'sma_trend_slow': 304, 'en_macd': False, 'macd_fast': 57, 'macd_slow': 167, 'macd_signal': 54, 'en_vwap': True, 'en_keltner': True, 'keltner_n': 178, 'keltner_m': 4.8, 'en_obv': True, 'obv_slope': 162, 'en_cci': False, 'cci_n': 125, 'cci_threshold': 175, 'en_rsi': False, 'rsi_n': 54, 'rsi_lower': 23, 'rsi_upper': 82, 'en_stochastic': False, 'stochastic_n': 80, 'stochastic_d': 34, 'stochastic_lower': 44, 'stochastic_upper': 58, 'en_mfi': False, 'mfi_n': 65, 'mfi_lower': 23, 'mfi_upper': 76, 'en_bollinger': False, 'bollinger_n': 34, 'bollinger_k': 4.8, 'en_adx': False, 'adx_n': 48, 'adx_threshold': 11, 'en_structure_trend': True, 'structure_trend_swing_l': 1, 'en_order_block': False, 'order_block_swing_l': 13, 'en_fvg': True, 'fvg_lookback': 45, 'en_ifvg': False, 'en_breaker': False, 'breaker_swing_l': 5, 'en_cisd': True, 'k': 1, 'en_cap_bars': False, 'cap_1min': 933}.
[I 2026-07-13 17:43:04,648] Trial 1738 finished with values: [949.4299370311751, -1650.558135306244, 54.0] and parameters: {'sl_soft': 1.2795510837006852, 'sl_hard_delta': 2.023878961662409, 'tp': 2.1925639368831504, 'gate_pct': 58.77346993604095, 'dd_limit': 203.47594125131056, 'cooldown': 1, 'flip': True, 'en_ema_trend': True, 'ema_trend_fast': 317, 'ema_trend_slow': 236, 'en_sma_trend': False, 'sma_trend_fast': 29, 'sma_trend_slow': 396, 'en_macd': False, 'macd_fast': 6, 'macd_slow': 53, 'macd_signal': 13, 'en_vwap': True, 'en_keltner': True, 'keltner_n': 178, 'keltner_m': 4.8, 'en_obv': False, 'obv_slope': 170, 'en_cci': False, 'cci_n': 125, 'cci_threshold': 80, 'en_rsi': True, 'rsi_n': 5, 'rsi_lower': 11, 'rsi_upper': 95, 'en_stochastic': False, 'stochastic_n': 80, 'stochastic_d': 34, 'stochastic_lower': 44, 'stochastic_upper': 74, 'en_mfi': True, 'mfi_n': 56, 'mfi_lower': 12, 'mfi_upper': 95, 'en_bollinger': False, 'bollinger_n': 104, 'bollinger_k': 4.8, 'en_adx': True, 'adx_n': 10, 'adx_threshold': 11, 'en_structure_trend': True, 'structure_trend_swing_l': 17, 'en_order_block': False, 'order_block_swing_l': 1, 'en_fvg': False, 'fvg_lookback': 50, 'en_ifvg': False, 'en_breaker': False, 'breaker_swing_l': 5, 'en_cisd': True, 'k': 1, 'en_cap_bars': False, 'cap_1min': 652}.
[I 2026-07-13 17:43:05,104] Trial 1739 finished with values: [204.29481645446685, -1642.5797837342998, 48.099999999999994] and parameters: {'sl_soft': 1.124380577176661, 'sl_hard_delta': 2.023878961662409, 'tp': 2.249197437223498, 'gate_pct': 81.43219065749138, 'dd_limit': 203.47594125131056, 'cooldown': 1, 'flip': True, 'en_ema_trend': True, 'ema_trend_fast': 13, 'ema_trend_slow': 84, 'en_sma_trend': False, 'sma_trend_fast': 164, 'sma_trend_slow': 376, 'en_macd': False, 'macd_fast': 25, 'macd_slow': 53, 'macd_signal': 33, 'en_vwap': False, 'en_keltner': True, 'keltner_n': 178, 'keltner_m': 4.8, 'en_obv': False, 'obv_slope': 162, 'en_cci': True, 'cci_n': 32, 'cci_threshold': 80, 'en_rsi': True, 'rsi_n': 54, 'rsi_lower': 11, 'rsi_upper': 95, 'en_stochastic': False, 'stochastic_n': 80, 'stochastic_d': 48, 'stochastic_lower': 44, 'stochastic_upper': 58, 'en_mfi': True, 'mfi_n': 57, 'mfi_lower': 23, 'mfi_upper': 76, 'en_bollinger': True, 'bollinger_n': 34, 'bollinger_k': 4.8, 'en_adx': False, 'adx_n': 33, 'adx_threshold': 11, 'en_structure_trend': True, 'structure_trend_swing_l': 1, 'en_order_block': False, 'order_block_swing_l': 13, 'en_fvg': True, 'fvg_lookback': 50, 'en_ifvg': False, 'en_breaker': False, 'breaker_swing_l': 5, 'en_cisd': True, 'k': 1, 'en_cap_bars': False, 'cap_1min': 933}.
[I 2026-07-13 17:43:06,072] Trial 1740 finished with values: [1479.0651866486257, -504.86786745796053, 69.5] and parameters: {'sl_soft': 1.4326423495393754, 'sl_hard_delta': 2.000352014019867, 'tp': 1.2908052877716663, 'gate_pct': 74.50813821223942, 'dd_limit': 434.8338936907749, 'cooldown': 23, 'flip': True, 'en_ema_trend': True, 'ema_trend_fast': 55, 'ema_trend_slow': 291, 'en_sma_trend': True, 'sma_trend_fast': 29, 'sma_trend_slow': 384, 'en_macd': True, 'macd_fast': 56, 'macd_slow': 51, 'macd_signal': 86, 'en_vwap': True, 'en_keltner': False, 'keltner_n': 178, 'keltner_m': 4.8, 'en_obv': False, 'obv_slope': 52, 'en_cci': True, 'cci_n': 86, 'cci_threshold': 115, 'en_rsi': False, 'rsi_n': 5, 'rsi_lower': 23, 'rsi_upper': 91, 'en_stochastic': False, 'stochastic_n': 8, 'stochastic_d': 34, 'stochastic_lower': 36, 'stochastic_upper': 88, 'en_mfi': False, 'mfi_n': 26, 'mfi_lower': 23, 'mfi_upper': 61, 'en_bollinger': True, 'bollinger_n': 52, 'bollinger_k': 2.0, 'en_adx': False, 'adx_n': 47, 'adx_threshold': 44, 'en_structure_trend': True, 'structure_trend_swing_l': 1, 'en_order_block': False, 'order_block_swing_l': 11, 'en_fvg': False, 'fvg_lookback': 24, 'en_ifvg': True, 'en_breaker': False, 'breaker_swing_l': 5, 'en_cisd': True, 'k': 1, 'en_cap_bars': True, 'cap_1min': 1002}.
[I 2026-07-13 17:43:07,970] Trial 1741 finished with values: [803.8400641994428, -629.3572863804457, 69.05] and parameters: {'sl_soft': 1.4326423495393754, 'sl_hard_delta': 2.000352014019867, 'tp': 1.2908052877716663, 'gate_pct': 74.50813821223942, 'dd_limit': 434.8338936907749, 'cooldown': 23, 'flip': True, 'en_ema_trend': True, 'ema_trend_fast': 55, 'ema_trend_slow': 8, 'en_sma_trend': False, 'sma_trend_fast': 29, 'sma_trend_slow': 300, 'en_macd': False, 'macd_fast': 56, 'macd_slow': 167, 'macd_signal': 86, 'en_vwap': False, 'en_keltner': True, 'keltner_n': 54, 'keltner_m': 4.8, 'en_obv': False, 'obv_slope': 52, 'en_cci': True, 'cci_n': 125, 'cci_threshold': 50, 'en_rsi': True, 'rsi_n': 5, 'rsi_lower': 17, 'rsi_upper': 71, 'en_stochastic': False, 'stochastic_n': 94, 'stochastic_d': 34, 'stochastic_lower': 36, 'stochastic_upper': 58, 'en_mfi': False, 'mfi_n': 57, 'mfi_lower': 40, 'mfi_upper': 61, 'en_bollinger': True, 'bollinger_n': 62, 'bollinger_k': 2.0, 'en_adx': False, 'adx_n': 31, 'adx_threshold': 44, 'en_structure_trend': True, 'structure_trend_swing_l': 1, 'en_order_block': False, 'order_block_swing_l': 5, 'en_fvg': False, 'fvg_lookback': 18, 'en_ifvg': True, 'en_breaker': False, 'breaker_swing_l': 5, 'en_cisd': True, 'k': 1, 'en_cap_bars': False, 'cap_1min': 933}.
[I 2026-07-13 17:43:08,498] Trial 1742 finished with values: [1249.967717286495, -2558.6964414641216, 54.4] and parameters: {'sl_soft': 1.4657917354156722, 'sl_hard_delta': 2.023878961662409, 'tp': 2.1925639368831504, 'gate_pct': 81.43219065749138, 'dd_limit': 439.4689893251477, 'cooldown': 1, 'flip': True, 'en_ema_trend': True, 'ema_trend_fast': 13, 'ema_trend_slow': 84, 'en_sma_trend': False, 'sma_trend_fast': 164, 'sma_trend_slow': 376, 'en_macd': True, 'macd_fast': 6, 'macd_slow': 53, 'macd_signal': 54, 'en_vwap': True, 'en_keltner': True, 'keltner_n': 178, 'keltner_m': 4.8, 'en_obv': False, 'obv_slope': 145, 'en_cci': False, 'cci_n': 32, 'cci_threshold': 80, 'en_rsi': False, 'rsi_n': 54, 'rsi_lower': 11, 'rsi_upper': 63, 'en_stochastic': False, 'stochastic_n': 25, 'stochastic_d': 9, 'stochastic_lower': 44, 'stochastic_upper': 86, 'en_mfi': False, 'mfi_n': 65, 'mfi_lower': 35, 'mfi_upper': 51, 'en_bollinger': True, 'bollinger_n': 104, 'bollinger_k': 2.1, 'en_adx': False, 'adx_n': 48, 'adx_threshold': 5, 'en_structure_trend': False, 'structure_trend_swing_l': 17, 'en_order_block': False, 'order_block_swing_l': 9, 'en_fvg': False, 'fvg_lookback': 1, 'en_ifvg': False, 'en_breaker': False, 'breaker_swing_l': 5, 'en_cisd': True, 'k': 4, 'en_cap_bars': False, 'cap_1min': 652}.
[I 2026-07-13 17:43:08,967] Trial 1743 finished with values: [1696.1139171811965, -1117.3470201832743, 49.4] and parameters: {'sl_soft': 1.2795510837006852, 'sl_hard_delta': 0.4218978700826674, 'tp': 2.1925639368831504, 'gate_pct': 81.43219065749138, 'dd_limit': 390.2569167971573, 'cooldown': 1, 'flip': True, 'en_ema_trend': True, 'ema_trend_fast': 317, 'ema_trend_slow': 84, 'en_sma_trend': False, 'sma_trend_fast': 29, 'sma_trend_slow': 304, 'en_macd': False, 'macd_fast': 6, 'macd_slow': 53, 'macd_signal': 54, 'en_vwap': False, 'en_keltner': True, 'keltner_n': 178, 'keltner_m': 4.8, 'en_obv': False, 'obv_slope': 170, 'en_cci': True, 'cci_n': 125, 'cci_threshold': 30, 'en_rsi': True, 'rsi_n': 54, 'rsi_lower': 17, 'rsi_upper': 82, 'en_stochastic': False, 'stochastic_n': 25, 'stochastic_d': 34, 'stochastic_lower': 44, 'stochastic_upper': 58, 'en_mfi': False, 'mfi_n': 65, 'mfi_lower': 35, 'mfi_upper': 95, 'en_bollinger': True, 'bollinger_n': 34, 'bollinger_k': 4.7, 'en_adx': True, 'adx_n': 48, 'adx_threshold': 11, 'en_structure_trend': True, 'structure_trend_swing_l': 1, 'en_order_block': False, 'order_block_swing_l': 1, 'en_fvg': False, 'fvg_lookback': 1, 'en_ifvg': False, 'en_breaker': False, 'breaker_swing_l': 5, 'en_cisd': True, 'k': 1, 'en_cap_bars': True, 'cap_1min': 1416}.
[I 2026-07-13 17:43:10,919] Trial 1744 finished with values: [63.034967954286, -959.2715515413374, 46.75] and parameters: {'sl_soft': 1.2979586805955017, 'sl_hard_delta': 2.023878961662409, 'tp': 2.1925639368831504, 'gate_pct': 58.77346993604095, 'dd_limit': 203.47594125131056, 'cooldown': 1, 'flip': True, 'en_ema_trend': True, 'ema_trend_fast': 393, 'ema_trend_slow': 84, 'en_sma_trend': False, 'sma_trend_fast': 29, 'sma_trend_slow': 300, 'en_macd': True, 'macd_fast': 80, 'macd_slow': 124, 'macd_signal': 54, 'en_vwap': True, 'en_keltner': False, 'keltner_n': 178, 'keltner_m': 4.8, 'en_obv': True, 'obv_slope': 170, 'en_cci': False, 'cci_n': 23, 'cci_threshold': 280, 'en_rsi': True, 'rsi_n': 9, 'rsi_lower': 17, 'rsi_upper': 63, 'en_stochastic': False, 'stochastic_n': 80, 'stochastic_d': 34, 'stochastic_lower': 44, 'stochastic_upper': 53, 'en_mfi': True, 'mfi_n': 65, 'mfi_lower': 23, 'mfi_upper': 62, 'en_bollinger': True, 'bollinger_n': 104, 'bollinger_k': 2.1, 'en_adx': True, 'adx_n': 33, 'adx_threshold': 11, 'en_structure_trend': False, 'structure_trend_swing_l': 11, 'en_order_block': False, 'order_block_swing_l': 10, 'en_fvg': False, 'fvg_lookback': 45, 'en_ifvg': False, 'en_breaker': False, 'breaker_swing_l': 5, 'en_cisd': True, 'k': 1, 'en_cap_bars': True, 'cap_1min': 1416}.
[I 2026-07-13 17:43:11,347] Trial 1745 finished with values: [395.44142596405436, -973.3071617831456, 38.0] and parameters: {'sl_soft': 1.124380577176661, 'sl_hard_delta': 0.09391430061437202, 'tp': 2.1925639368831504, 'gate_pct': 81.43219065749138, 'dd_limit': 390.2569167971573, 'cooldown': 1, 'flip': True, 'en_ema_trend': False, 'ema_trend_fast': 317, 'ema_trend_slow': 84, 'en_sma_trend': False, 'sma_trend_fast': 29, 'sma_trend_slow': 376, 'en_macd': True, 'macd_fast': 80, 'macd_slow': 157, 'macd_signal': 13, 'en_vwap': True, 'en_keltner': False, 'keltner_n': 178, 'keltner_m': 4.8, 'en_obv': False, 'obv_slope': 170, 'en_cci': True, 'cci_n': 42, 'cci_threshold': 30, 'en_rsi': True, 'rsi_n': 15, 'rsi_lower': 23, 'rsi_upper': 63, 'en_stochastic': False, 'stochastic_n': 25, 'stochastic_d': 34, 'stochastic_lower': 44, 'stochastic_upper': 58, 'en_mfi': False, 'mfi_n': 74, 'mfi_lower': 37, 'mfi_upper': 95, 'en_bollinger': True, 'bollinger_n': 34, 'bollinger_k': 4.8, 'en_adx': True, 'adx_n': 48, 'adx_threshold': 11, 'en_structure_trend': True, 'structure_trend_swing_l': 10, 'en_order_block': True, 'order_block_swing_l': 1, 'en_fvg': False, 'fvg_lookback': 19, 'en_ifvg': False, 'en_breaker': False, 'breaker_swing_l': 1, 'en_cisd': True, 'k': 1, 'en_cap_bars': True, 'cap_1min': 418}.
[I 2026-07-13 17:43:11,812] Trial 1746 finished with values: [727.452215148594, -387.82606556007977, 60.3] and parameters: {'sl_soft': 1.4326423495393754, 'sl_hard_delta': 2.023878961662409, 'tp': 2.1925639368831504, 'gate_pct': 58.77346993604095, 'dd_limit': 439.4689893251477, 'cooldown': 1, 'flip': True, 'en_ema_trend': True, 'ema_trend_fast': 262, 'ema_trend_slow': 132, 'en_sma_trend': False, 'sma_trend_fast': 164, 'sma_trend_slow': 376, 'en_macd': False, 'macd_fast': 45, 'macd_slow': 53, 'macd_signal': 67, 'en_vwap': False, 'en_keltner': False, 'keltner_n': 178, 'keltner_m': 4.8, 'en_obv': True, 'obv_slope': 162, 'en_cci': True, 'cci_n': 32, 'cci_threshold': 30, 'en_rsi': False, 'rsi_n': 5, 'rsi_lower': 11, 'rsi_upper': 95, 'en_stochastic': False, 'stochastic_n': 25, 'stochastic_d': 9, 'stochastic_lower': 44, 'stochastic_upper': 53, 'en_mfi': True, 'mfi_n': 2, 'mfi_lower': 12, 'mfi_upper': 62, 'en_bollinger': False, 'bollinger_n': 104, 'bollinger_k': 4.7, 'en_adx': False, 'adx_n': 19, 'adx_threshold': 5, 'en_structure_trend': True, 'structure_trend_swing_l': 17, 'en_order_block': False, 'order_block_swing_l': 9, 'en_fvg': False, 'fvg_lookback': 19, 'en_ifvg': False, 'en_breaker': True, 'breaker_swing_l': 18, 'en_cisd': True, 'k': 1, 'en_cap_bars': True, 'cap_1min': 652}.
