[I 2026-07-13 16:04:11,370] Trial 3499 finished with values: [-1385.797765365666, -7952.501970131146, 35.35] and parameters: {'sl_soft': 0.08345559528832464, 'sl_hard_delta': 0.05280977471915283, 'tp': 0.18978054300184755, 'gate_pct': 99.86430067299344, 'dd_limit': 2.3419576250818945, 'cooldown': 7, 'flip': True, 'en_ema_trend': False, 'ema_trend_fast': 195, 'ema_trend_slow': 179, 'en_sma_trend': False, 'sma_trend_fast': 165, 'sma_trend_slow': 325, 'en_macd': True, 'macd_fast': 64, 'macd_slow': 28, 'macd_signal': 73, 'en_vwap': False, 'en_keltner': False, 'keltner_n': 173, 'keltner_m': 0.7, 'en_obv': True, 'obv_slope': 106, 'en_cci': True, 'cci_n': 84, 'cci_threshold': 45, 'en_rsi': False, 'rsi_n': 60, 'rsi_lower': 9, 'rsi_upper': 61, 'en_stochastic': False, 'stochastic_n': 45, 'stochastic_d': 43, 'stochastic_lower': 37, 'stochastic_upper': 86, 'en_mfi': False, 'mfi_n': 27, 'mfi_lower': 38, 'mfi_upper': 71, 'en_bollinger': False, 'bollinger_n': 83, 'bollinger_k': 1.1, 'en_adx': False, 'adx_n': 47, 'adx_threshold': 25, 'en_structure_trend': False, 'structure_trend_swing_l': 7, 'en_order_block': True, 'order_block_swing_l': 4, 'en_fvg': False, 'fvg_lookback': 9, 'en_ifvg': True, 'en_breaker': False, 'breaker_swing_l': 14, 'en_cisd': True, 'k': 2, 'en_cap_bars': True, 'cap_1min': 374}.
[I 2026-07-13 16:04:12,887] Trial 3500 finished with values: [-1846.0561245666445, -15254.562126235462, 66.30000000000001] and parameters: {'sl_soft': 0.07922784441362493, 'sl_hard_delta': 0.12303958310023494, 'tp': 0.05493660677968804, 'gate_pct': 96.03464624110227, 'dd_limit': 0.5242871576912017, 'cooldown': 1, 'flip': True, 'en_ema_trend': False, 'ema_trend_fast': 77, 'ema_trend_slow': 360, 'en_sma_trend': False, 'sma_trend_fast': 175, 'sma_trend_slow': 325, 'en_macd': True, 'macd_fast': 75, 'macd_slow': 132, 'macd_signal': 59, 'en_vwap': True, 'en_keltner': False, 'keltner_n': 43, 'keltner_m': 3.0, 'en_obv': True, 'obv_slope': 19, 'en_cci': True, 'cci_n': 51, 'cci_threshold': 255, 'en_rsi': True, 'rsi_n': 73, 'rsi_lower': 15, 'rsi_upper': 65, 'en_stochastic': False, 'stochastic_n': 6, 'stochastic_d': 43, 'stochastic_lower': 21, 'stochastic_upper': 80, 'en_mfi': False, 'mfi_n': 60, 'mfi_lower': 47, 'mfi_upper': 80, 'en_bollinger': False, 'bollinger_n': 31, 'bollinger_k': 1.1, 'en_adx': False, 'adx_n': 98, 'adx_threshold': 27, 'en_structure_trend': True, 'structure_trend_swing_l': 6, 'en_order_block': False, 'order_block_swing_l': 4, 'en_fvg': False, 'fvg_lookback': 4, 'en_ifvg': False, 'en_breaker': False, 'breaker_swing_l': 14, 'en_cisd': True, 'k': 1, 'en_cap_bars': False, 'cap_1min': 693}.
[I 2026-07-13 16:04:13,417] Trial 3501 finished with values: [-683.8561419640143, -4174.2170492388195, 34.65] and parameters: {'sl_soft': 0.07922784441362493, 'sl_hard_delta': 0.05280977471915283, 'tp': 0.18978054300184755, 'gate_pct': 99.55888908721671, 'dd_limit': 6.844711394584541, 'cooldown': 6, 'flip': True, 'en_ema_trend': True, 'ema_trend_fast': 323, 'ema_trend_slow': 294, 'en_sma_trend': False, 'sma_trend_fast': 105, 'sma_trend_slow': 325, 'en_macd': True, 'macd_fast': 64, 'macd_slow': 53, 'macd_signal': 3, 'en_vwap': True, 'en_keltner': False, 'keltner_n': 43, 'keltner_m': 0.7, 'en_obv': True, 'obv_slope': 19, 'en_cci': True, 'cci_n': 7, 'cci_threshold': 145, 'en_rsi': True, 'rsi_n': 73, 'rsi_lower': 9, 'rsi_upper': 58, 'en_stochastic': True, 'stochastic_n': 6, 'stochastic_d': 43, 'stochastic_lower': 21, 'stochastic_upper': 97, 'en_mfi': False, 'mfi_n': 60, 'mfi_lower': 23, 'mfi_upper': 57, 'en_bollinger': False, 'bollinger_n': 31, 'bollinger_k': 1.1, 'en_adx': False, 'adx_n': 39, 'adx_threshold': 49, 'en_structure_trend': True, 'structure_trend_swing_l': 7, 'en_order_block': False, 'order_block_swing_l': 4, 'en_fvg': False, 'fvg_lookback': 32, 'en_ifvg': False, 'en_breaker': False, 'breaker_swing_l': 14, 'en_cisd': True, 'k': 1, 'en_cap_bars': False, 'cap_1min': 1239}.
[I 2026-07-13 16:04:14,048] Trial 3502 pruned. 
[I 2026-07-13 16:04:19,380] Trial 3503 finished with values: [-452.6124642692063, -3836.488407237084, 58.85] and parameters: {'sl_soft': 0.035486083657367995, 'sl_hard_delta': 0.04269284514679842, 'tp': 0.03810555008976396, 'gate_pct': 97.87184393359011, 'dd_limit': 0.5242871576912017, 'cooldown': 2, 'flip': True, 'en_ema_trend': False, 'ema_trend_fast': 97, 'ema_trend_slow': 260, 'en_sma_trend': False, 'sma_trend_fast': 44, 'sma_trend_slow': 268, 'en_macd': True, 'macd_fast': 2, 'macd_slow': 123, 'macd_signal': 19, 'en_vwap': False, 'en_keltner': True, 'keltner_n': 99, 'keltner_m': 3.0, 'en_obv': True, 'obv_slope': 146, 'en_cci': True, 'cci_n': 54, 'cci_threshold': 280, 'en_rsi': False, 'rsi_n': 15, 'rsi_lower': 18, 'rsi_upper': 94, 'en_stochastic': True, 'stochastic_n': 62, 'stochastic_d': 28, 'stochastic_lower': 8, 'stochastic_upper': 91, 'en_mfi': False, 'mfi_n': 97, 'mfi_lower': 27, 'mfi_upper': 57, 'en_bollinger': False, 'bollinger_n': 149, 'bollinger_k': 2.4000000000000004, 'en_adx': False, 'adx_n': 98, 'adx_threshold': 17, 'en_structure_trend': False, 'structure_trend_swing_l': 9, 'en_order_block': False, 'order_block_swing_l': 20, 'en_fvg': True, 'fvg_lookback': 7, 'en_ifvg': False, 'en_breaker': True, 'breaker_swing_l': 20, 'en_cisd': False, 'k': 5, 'en_cap_bars': False, 'cap_1min': 1243}.
[I 2026-07-13 16:04:19,953] Trial 3504 finished with values: [1964.502539575772, -1989.916862052112, 64.6] and parameters: {'sl_soft': 0.07488558607740736, 'sl_hard_delta': 0.15334514402254495, 'tp': 0.11042720447236243, 'gate_pct': 99.52194572971088, 'dd_limit': 5.937758572987326, 'cooldown': 2, 'flip': True, 'en_ema_trend': False, 'ema_trend_fast': 213, 'ema_trend_slow': 133, 'en_sma_trend': False, 'sma_trend_fast': 331, 'sma_trend_slow': 16, 'en_macd': True, 'macd_fast': 55, 'macd_slow': 125, 'macd_signal': 6, 'en_vwap': True, 'en_keltner': False, 'keltner_n': 56, 'keltner_m': 2.3, 'en_obv': False, 'obv_slope': 26, 'en_cci': True, 'cci_n': 42, 'cci_threshold': 50, 'en_rsi': False, 'rsi_n': 14, 'rsi_lower': 38, 'rsi_upper': 52, 'en_stochastic': True, 'stochastic_n': 55, 'stochastic_d': 2, 'stochastic_lower': 1, 'stochastic_upper': 91, 'en_mfi': False, 'mfi_n': 14, 'mfi_lower': 19, 'mfi_upper': 57, 'en_bollinger': True, 'bollinger_n': 139, 'bollinger_k': 3.8000000000000003, 'en_adx': True, 'adx_n': 5, 'adx_threshold': 49, 'en_structure_trend': False, 'structure_trend_swing_l': 1, 'en_order_block': True, 'order_block_swing_l': 18, 'en_fvg': False, 'fvg_lookback': 22, 'en_ifvg': True, 'en_breaker': False, 'breaker_swing_l': 7, 'en_cisd': True, 'k': 1, 'en_cap_bars': True, 'cap_1min': 495}.
[I 2026-07-13 16:04:22,573] Trial 3505 pruned. 
[I 2026-07-13 16:04:25,284] Trial 3506 finished with values: [-1409.2222394946673, -4988.500365969417, 22.85] and parameters: {'sl_soft': 0.03867303262411816, 'sl_hard_delta': 0.03015108663934192, 'tp': 0.14459410402505526, 'gate_pct': 97.66578486655469, 'dd_limit': 7.364744278329123, 'cooldown': 5, 'flip': True, 'en_ema_trend': True, 'ema_trend_fast': 23, 'ema_trend_slow': 294, 'en_sma_trend': True, 'sma_trend_fast': 177, 'sma_trend_slow': 351, 'en_macd': False, 'macd_fast': 64, 'macd_slow': 93, 'macd_signal': 38, 'en_vwap': False, 'en_keltner': True, 'keltner_n': 60, 'keltner_m': 2.1, 'en_obv': True, 'obv_slope': 13, 'en_cci': True, 'cci_n': 7, 'cci_threshold': 50, 'en_rsi': False, 'rsi_n': 96, 'rsi_lower': 5, 'rsi_upper': 78, 'en_stochastic': False, 'stochastic_n': 27, 'stochastic_d': 43, 'stochastic_lower': 4, 'stochastic_upper': 94, 'en_mfi': False, 'mfi_n': 28, 'mfi_lower': 11, 'mfi_upper': 69, 'en_bollinger': False, 'bollinger_n': 139, 'bollinger_k': 0.5, 'en_adx': False, 'adx_n': 37, 'adx_threshold': 10, 'en_structure_trend': False, 'structure_trend_swing_l': 1, 'en_order_block': True, 'order_block_swing_l': 4, 'en_fvg': True, 'fvg_lookback': 32, 'en_ifvg': True, 'en_breaker': False, 'breaker_swing_l': 18, 'en_cisd': True, 'k': 3, 'en_cap_bars': False, 'cap_1min': 878}.
[I 2026-07-13 16:04:26,197] Trial 3507 pruned. 
[I 2026-07-13 16:04:26,708] Trial 3508 finished with values: [-683.8561419640143, -4174.2170492388195, 34.65] and parameters: {'sl_soft': 0.07922784441362493, 'sl_hard_delta': 0.05280977471915283, 'tp': 0.18978054300184755, 'gate_pct': 99.55888908721671, 'dd_limit': 6.844711394584541, 'cooldown': 6, 'flip': True, 'en_ema_trend': True, 'ema_trend_fast': 323, 'ema_trend_slow': 294, 'en_sma_trend': False, 'sma_trend_fast': 105, 'sma_trend_slow': 325, 'en_macd': True, 'macd_fast': 64, 'macd_slow': 53, 'macd_signal': 3, 'en_vwap': True, 'en_keltner': False, 'keltner_n': 43, 'keltner_m': 0.7, 'en_obv': True, 'obv_slope': 19, 'en_cci': True, 'cci_n': 7, 'cci_threshold': 145, 'en_rsi': True, 'rsi_n': 73, 'rsi_lower': 9, 'rsi_upper': 58, 'en_stochastic': True, 'stochastic_n': 6, 'stochastic_d': 43, 'stochastic_lower': 21, 'stochastic_upper': 97, 'en_mfi': False, 'mfi_n': 60, 'mfi_lower': 23, 'mfi_upper': 57, 'en_bollinger': False, 'bollinger_n': 31, 'bollinger_k': 1.1, 'en_adx': False, 'adx_n': 39, 'adx_threshold': 49, 'en_structure_trend': True, 'structure_trend_swing_l': 7, 'en_order_block': False, 'order_block_swing_l': 4, 'en_fvg': False, 'fvg_lookback': 32, 'en_ifvg': False, 'en_breaker': False, 'breaker_swing_l': 14, 'en_cisd': True, 'k': 1, 'en_cap_bars': False, 'cap_1min': 1239}.
[I 2026-07-13 16:04:33,252] Trial 3509 finished with values: [-1299.1790199614782, -5740.360907274891, 38.0] and parameters: {'sl_soft': 0.07922784441362493, 'sl_hard_delta': 0.05280977471915283, 'tp': 0.18978054300184755, 'gate_pct': 99.55888908721671, 'dd_limit': 2.4528084273798805, 'cooldown': 2, 'flip': True, 'en_ema_trend': True, 'ema_trend_fast': 270, 'ema_trend_slow': 391, 'en_sma_trend': False, 'sma_trend_fast': 105, 'sma_trend_slow': 319, 'en_macd': True, 'macd_fast': 64, 'macd_slow': 53, 'macd_signal': 3, 'en_vwap': True, 'en_keltner': False, 'keltner_n': 43, 'keltner_m': 0.7, 'en_obv': True, 'obv_slope': 19, 'en_cci': True, 'cci_n': 7, 'cci_threshold': 145, 'en_rsi': False, 'rsi_n': 60, 'rsi_lower': 31, 'rsi_upper': 58, 'en_stochastic': True, 'stochastic_n': 6, 'stochastic_d': 10, 'stochastic_lower': 37, 'stochastic_upper': 75, 'en_mfi': False, 'mfi_n': 27, 'mfi_lower': 38, 'mfi_upper': 69, 'en_bollinger': False, 'bollinger_n': 31, 'bollinger_k': 0.9, 'en_adx': False, 'adx_n': 39, 'adx_threshold': 25, 'en_structure_trend': True, 'structure_trend_swing_l': 7, 'en_order_block': True, 'order_block_swing_l': 10, 'en_fvg': False, 'fvg_lookback': 32, 'en_ifvg': False, 'en_breaker': False, 'breaker_swing_l': 14, 'en_cisd': True, 'k': 2, 'en_cap_bars': False, 'cap_1min': 1239}.
[I 2026-07-13 16:04:40,522] Trial 3510 finished with values: [-375.17063035496153, -11572.310850197666, 30.35] and parameters: {'sl_soft': 0.02949052716025995, 'sl_hard_delta': 0.12303958310023494, 'tp': 0.16369789677360067, 'gate_pct': 97.66578486655469, 'dd_limit': 5.622285192908739, 'cooldown': 2, 'flip': True, 'en_ema_trend': False, 'ema_trend_fast': 77, 'ema_trend_slow': 254, 'en_sma_trend': False, 'sma_trend_fast': 198, 'sma_trend_slow': 319, 'en_macd': True, 'macd_fast': 63, 'macd_slow': 132, 'macd_signal': 59, 'en_vwap': True, 'en_keltner': False, 'keltner_n': 135, 'keltner_m': 2.1, 'en_obv': True, 'obv_slope': 129, 'en_cci': False, 'cci_n': 51, 'cci_threshold': 145, 'en_rsi': False, 'rsi_n': 72, 'rsi_lower': 31, 'rsi_upper': 58, 'en_stochastic': True, 'stochastic_n': 82, 'stochastic_d': 17, 'stochastic_lower': 21, 'stochastic_upper': 78, 'en_mfi': False, 'mfi_n': 72, 'mfi_lower': 23, 'mfi_upper': 70, 'en_bollinger': False, 'bollinger_n': 31, 'bollinger_k': 4.2, 'en_adx': False, 'adx_n': 22, 'adx_threshold': 27, 'en_structure_trend': False, 'structure_trend_swing_l': 12, 'en_order_block': False, 'order_block_swing_l': 13, 'en_fvg': False, 'fvg_lookback': 32, 'en_ifvg': False, 'en_breaker': False, 'breaker_swing_l': 18, 'en_cisd': True, 'k': 3, 'en_cap_bars': False, 'cap_1min': 693}.
[I 2026-07-13 16:04:41,122] Trial 3511 pruned. 
[I 2026-07-13 16:04:41,397] Trial 3512 pruned. 
[I 2026-07-13 16:04:43,710] Trial 3513 pruned. 
[I 2026-07-13 16:04:44,247] Trial 3514 finished with values: [-2188.183498682967, -5543.936350584957, 67.8] and parameters: {'sl_soft': 0.035486083657367995, 'sl_hard_delta': 0.17424252774383417, 'tp': 0.03810555008976396, 'gate_pct': 97.87184393359011, 'dd_limit': 2.3419576250818945, 'cooldown': 2, 'flip': True, 'en_ema_trend': False, 'ema_trend_fast': 97, 'ema_trend_slow': 294, 'en_sma_trend': False, 'sma_trend_fast': 44, 'sma_trend_slow': 268, 'en_macd': False, 'macd_fast': 2, 'macd_slow': 123, 'macd_signal': 19, 'en_vwap': False, 'en_keltner': True, 'keltner_n': 99, 'keltner_m': 3.0, 'en_obv': True, 'obv_slope': 72, 'en_cci': True, 'cci_n': 7, 'cci_threshold': 280, 'en_rsi': False, 'rsi_n': 15, 'rsi_lower': 18, 'rsi_upper': 94, 'en_stochastic': False, 'stochastic_n': 45, 'stochastic_d': 17, 'stochastic_lower': 4, 'stochastic_upper': 91, 'en_mfi': False, 'mfi_n': 97, 'mfi_lower': 27, 'mfi_upper': 81, 'en_bollinger': False, 'bollinger_n': 139, 'bollinger_k': 1.1, 'en_adx': False, 'adx_n': 98, 'adx_threshold': 17, 'en_structure_trend': False, 'structure_trend_swing_l': 7, 'en_order_block': True, 'order_block_swing_l': 20, 'en_fvg': True, 'fvg_lookback': 32, 'en_ifvg': False, 'en_breaker': True, 'breaker_swing_l': 20, 'en_cisd': True, 'k': 3, 'en_cap_bars': True, 'cap_1min': 1243}.
[I 2026-07-13 16:04:45,205] Trial 3515 pruned. 
[I 2026-07-13 16:04:47,700] Trial 3516 pruned. 
[I 2026-07-13 16:04:49,975] Trial 3517 finished with values: [2294.279241267869, -10640.309183466321, 56.45] and parameters: {'sl_soft': 0.06439762276669186, 'sl_hard_delta': 0.16209355299609657, 'tp': 0.11965293792891196, 'gate_pct': 97.66578486655469, 'dd_limit': 2.3419576250818945, 'cooldown': 0, 'flip': True, 'en_ema_trend': True, 'ema_trend_fast': 323, 'ema_trend_slow': 294, 'en_sma_trend': False, 'sma_trend_fast': 105, 'sma_trend_slow': 117, 'en_macd': True, 'macd_fast': 18, 'macd_slow': 188, 'macd_signal': 98, 'en_vwap': False, 'en_keltner': False, 'keltner_n': 95, 'keltner_m': 0.7, 'en_obv': True, 'obv_slope': 72, 'en_cci': True, 'cci_n': 7, 'cci_threshold': 135, 'en_rsi': True, 'rsi_n': 95, 'rsi_lower': 28, 'rsi_upper': 58, 'en_stochastic': False, 'stochastic_n': 62, 'stochastic_d': 49, 'stochastic_lower': 4, 'stochastic_upper': 81, 'en_mfi': True, 'mfi_n': 8, 'mfi_lower': 43, 'mfi_upper': 81, 'en_bollinger': False, 'bollinger_n': 139, 'bollinger_k': 1.1, 'en_adx': False, 'adx_n': 11, 'adx_threshold': 47, 'en_structure_trend': False, 'structure_trend_swing_l': 7, 'en_order_block': False, 'order_block_swing_l': 20, 'en_fvg': False, 'fvg_lookback': 32, 'en_ifvg': True, 'en_breaker': False, 'breaker_swing_l': 13, 'en_cisd': False, 'k': 4, 'en_cap_bars': False, 'cap_1min': 878}.
[I 2026-07-13 16:04:56,028] Trial 3518 finished with values: [-55.722919470255704, -3002.384549779329, 71.6] and parameters: {'sl_soft': 0.08345559528832464, 'sl_hard_delta': 0.14143713653322113, 'tp': 0.04490461800882547, 'gate_pct': 99.12973389262724, 'dd_limit': 5.328714371677049, 'cooldown': 2, 'flip': True, 'en_ema_trend': True, 'ema_trend_fast': 301, 'ema_trend_slow': 395, 'en_sma_trend': False, 'sma_trend_fast': 198, 'sma_trend_slow': 154, 'en_macd': False, 'macd_fast': 89, 'macd_slow': 3, 'macd_signal': 73, 'en_vwap': False, 'en_keltner': False, 'keltner_n': 173, 'keltner_m': 4.5, 'en_obv': True, 'obv_slope': 129, 'en_cci': True, 'cci_n': 134, 'cci_threshold': 140, 'en_rsi': False, 'rsi_n': 33, 'rsi_lower': 31, 'rsi_upper': 58, 'en_stochastic': True, 'stochastic_n': 90, 'stochastic_d': 13, 'stochastic_lower': 37, 'stochastic_upper': 82, 'en_mfi': False, 'mfi_n': 56, 'mfi_lower': 13, 'mfi_upper': 72, 'en_bollinger': True, 'bollinger_n': 83, 'bollinger_k': 4.5, 'en_adx': False, 'adx_n': 22, 'adx_threshold': 10, 'en_structure_trend': False, 'structure_trend_swing_l': 20, 'en_order_block': False, 'order_block_swing_l': 10, 'en_fvg': True, 'fvg_lookback': 9, 'en_ifvg': False, 'en_breaker': False, 'breaker_swing_l': 11, 'en_cisd': True, 'k': 2, 'en_cap_bars': True, 'cap_1min': 1317}.
[I 2026-07-13 16:05:07,384] Trial 3519 finished with values: [2617.586964450406, -7725.26696557204, 54.95] and parameters: {'sl_soft': 0.07488558607740736, 'sl_hard_delta': 0.15334514402254495, 'tp': 0.11042720447236243, 'gate_pct': 99.52194572971088, 'dd_limit': 5.937758572987326, 'cooldown': 0, 'flip': True, 'en_ema_trend': False, 'ema_trend_fast': 213, 'ema_trend_slow': 377, 'en_sma_trend': False, 'sma_trend_fast': 198, 'sma_trend_slow': 16, 'en_macd': False, 'macd_fast': 55, 'macd_slow': 123, 'macd_signal': 6, 'en_vwap': False, 'en_keltner': True, 'keltner_n': 56, 'keltner_m': 2.3, 'en_obv': True, 'obv_slope': 129, 'en_cci': True, 'cci_n': 172, 'cci_threshold': 50, 'en_rsi': False, 'rsi_n': 14, 'rsi_lower': 31, 'rsi_upper': 52, 'en_stochastic': True, 'stochastic_n': 55, 'stochastic_d': 17, 'stochastic_lower': 1, 'stochastic_upper': 91, 'en_mfi': False, 'mfi_n': 97, 'mfi_lower': 27, 'mfi_upper': 70, 'en_bollinger': True, 'bollinger_n': 155, 'bollinger_k': 3.8000000000000003, 'en_adx': True, 'adx_n': 5, 'adx_threshold': 17, 'en_structure_trend': False, 'structure_trend_swing_l': 12, 'en_order_block': True, 'order_block_swing_l': 18, 'en_fvg': False, 'fvg_lookback': 22, 'en_ifvg': True, 'en_breaker': True, 'breaker_swing_l': 7, 'en_cisd': True, 'k': 1, 'en_cap_bars': True, 'cap_1min': 1243}.
[I 2026-07-13 16:05:14,678] Trial 3520 finished with values: [48.60665982054252, -2975.262988610758, 61.599999999999994] and parameters: {'sl_soft': 0.03867303262411816, 'sl_hard_delta': 0.04269284514679842, 'tp': 0.03810555008976396, 'gate_pct': 97.66578486655469, 'dd_limit': 0.5242871576912017, 'cooldown': 5, 'flip': True, 'en_ema_trend': False, 'ema_trend_fast': 323, 'ema_trend_slow': 377, 'en_sma_trend': True, 'sma_trend_fast': 289, 'sma_trend_slow': 351, 'en_macd': True, 'macd_fast': 64, 'macd_slow': 93, 'macd_signal': 38, 'en_vwap': False, 'en_keltner': True, 'keltner_n': 24, 'keltner_m': 2.1, 'en_obv': True, 'obv_slope': 72, 'en_cci': True, 'cci_n': 7, 'cci_threshold': 265, 'en_rsi': True, 'rsi_n': 95, 'rsi_lower': 31, 'rsi_upper': 58, 'en_stochastic': True, 'stochastic_n': 6, 'stochastic_d': 28, 'stochastic_lower': 4, 'stochastic_upper': 97, 'en_mfi': False, 'mfi_n': 9, 'mfi_lower': 23, 'mfi_upper': 57, 'en_bollinger': False, 'bollinger_n': 139, 'bollinger_k': 1.1, 'en_adx': False, 'adx_n': 85, 'adx_threshold': 47, 'en_structure_trend': False, 'structure_trend_swing_l': 7, 'en_order_block': False, 'order_block_swing_l': 4, 'en_fvg': False, 'fvg_lookback': 32, 'en_ifvg': False, 'en_breaker': False, 'breaker_swing_l': 17, 'en_cisd': True, 'k': 3, 'en_cap_bars': True, 'cap_1min': 878}.
[I 2026-07-13 16:05:14,908] Trial 3521 finished with values: [259.8769952428271, -961.2361227635802, 77.5] and parameters: {'sl_soft': 0.08345559528832464, 'sl_hard_delta': 0.10879162926439315, 'tp': 0.04490461800882547, 'gate_pct': 99.12973389262724, 'dd_limit': 2.4528084273798805, 'cooldown': 2, 'flip': True, 'en_ema_trend': False, 'ema_trend_fast': 270, 'ema_trend_slow': 391, 'en_sma_trend': False, 'sma_trend_fast': 198, 'sma_trend_slow': 319, 'en_macd': False, 'macd_fast': 10, 'macd_slow': 3, 'macd_signal': 73, 'en_vwap': False, 'en_keltner': False, 'keltner_n': 173, 'keltner_m': 2.1, 'en_obv': False, 'obv_slope': 129, 'en_cci': True, 'cci_n': 134, 'cci_threshold': 140, 'en_rsi': False, 'rsi_n': 95, 'rsi_lower': 31, 'rsi_upper': 58, 'en_stochastic': True, 'stochastic_n': 82, 'stochastic_d': 17, 'stochastic_lower': 4, 'stochastic_upper': 75, 'en_mfi': False, 'mfi_n': 27, 'mfi_lower': 38, 'mfi_upper': 70, 'en_bollinger': True, 'bollinger_n': 83, 'bollinger_k': 0.9, 'en_adx': False, 'adx_n': 22, 'adx_threshold': 47, 'en_structure_trend': False, 'structure_trend_swing_l': 20, 'en_order_block': False, 'order_block_swing_l': 10, 'en_fvg': False, 'fvg_lookback': 19, 'en_ifvg': False, 'en_breaker': False, 'breaker_swing_l': 19, 'en_cisd': True, 'k': 2, 'en_cap_bars': True, 'cap_1min': 1353}.
[I 2026-07-13 16:05:15,368] Trial 3522 finished with values: [41.42750488746651, -8755.832712295585, 27.75] and parameters: {'sl_soft': 0.02949052716025995, 'sl_hard_delta': 0.17424252774383417, 'tp': 0.16369789677360067, 'gate_pct': 97.66578486655469, 'dd_limit': 2.4528084273798805, 'cooldown': 2, 'flip': True, 'en_ema_trend': False, 'ema_trend_fast': 342, 'ema_trend_slow': 397, 'en_sma_trend': False, 'sma_trend_fast': 198, 'sma_trend_slow': 319, 'en_macd': False, 'macd_fast': 10, 'macd_slow': 3, 'macd_signal': 61, 'en_vwap': False, 'en_keltner': True, 'keltner_n': 135, 'keltner_m': 2.1, 'en_obv': True, 'obv_slope': 129, 'en_cci': True, 'cci_n': 134, 'cci_threshold': 145, 'en_rsi': False, 'rsi_n': 95, 'rsi_lower': 31, 'rsi_upper': 58, 'en_stochastic': False, 'stochastic_n': 38, 'stochastic_d': 17, 'stochastic_lower': 4, 'stochastic_upper': 78, 'en_mfi': True, 'mfi_n': 8, 'mfi_lower': 11, 'mfi_upper': 70, 'en_bollinger': False, 'bollinger_n': 155, 'bollinger_k': 4.2, 'en_adx': False, 'adx_n': 22, 'adx_threshold': 47, 'en_structure_trend': False, 'structure_trend_swing_l': 12, 'en_order_block': False, 'order_block_swing_l': 4, 'en_fvg': False, 'fvg_lookback': 19, 'en_ifvg': False, 'en_breaker': False, 'breaker_swing_l': 18, 'en_cisd': True, 'k': 3, 'en_cap_bars': True, 'cap_1min': 878}.
