[I 2026-07-13 15:14:16,061] Trial 1640 pruned. 
[I 2026-07-13 15:14:17,190] Trial 1641 pruned. 
[I 2026-07-13 15:14:17,604] Trial 1642 pruned. 
[I 2026-07-13 15:14:19,463] Trial 1643 pruned. 
[I 2026-07-13 15:14:21,196] Trial 1644 pruned. 
[I 2026-07-13 15:14:21,525] Trial 1645 pruned. 
[I 2026-07-13 15:14:22,234] Trial 1646 pruned. 
[I 2026-07-13 15:14:23,732] Trial 1647 pruned. 
[I 2026-07-13 15:14:24,481] Trial 1648 pruned. 
[I 2026-07-13 15:14:25,731] Trial 1649 pruned. 
[I 2026-07-13 15:14:29,484] Trial 1650 finished with values: [-1439.7707900999649, -6070.34646695656, 39.35] and parameters: {'sl_soft': 0.10310016801248958, 'sl_hard_delta': 0.02006026277942835, 'tp': 0.18044922512788195, 'gate_pct': 99.87519113241727, 'dd_limit': 9.028715067859354, 'cooldown': 0, 'flip': True, 'en_ema_trend': True, 'ema_trend_fast': 8, 'ema_trend_slow': 55, 'en_sma_trend': True, 'sma_trend_fast': 61, 'sma_trend_slow': 324, 'en_macd': False, 'macd_fast': 93, 'macd_slow': 49, 'macd_signal': 75, 'en_vwap': True, 'en_keltner': True, 'keltner_n': 124, 'keltner_m': 4.8, 'en_obv': True, 'obv_slope': 167, 'en_cci': True, 'cci_n': 11, 'cci_threshold': 80, 'en_rsi': False, 'rsi_n': 62, 'rsi_lower': 40, 'rsi_upper': 93, 'en_stochastic': False, 'stochastic_n': 91, 'stochastic_d': 9, 'stochastic_lower': 1, 'stochastic_upper': 91, 'en_mfi': True, 'mfi_n': 46, 'mfi_lower': 11, 'mfi_upper': 54, 'en_bollinger': True, 'bollinger_n': 192, 'bollinger_k': 4.1, 'en_adx': False, 'adx_n': 16, 'adx_threshold': 14, 'en_structure_trend': True, 'structure_trend_swing_l': 13, 'en_order_block': True, 'order_block_swing_l': 16, 'en_fvg': True, 'fvg_lookback': 29, 'en_ifvg': False, 'en_breaker': True, 'breaker_swing_l': 3, 'en_cisd': False, 'k': 5, 'en_cap_bars': False, 'cap_1min': 220}.
[I 2026-07-13 15:14:31,145] Trial 1651 pruned. 
[I 2026-07-13 15:14:32,640] Trial 1652 pruned. 
[I 2026-07-13 15:14:33,523] Trial 1653 pruned. 
[I 2026-07-13 15:14:33,944] Trial 1654 pruned. 
[I 2026-07-13 15:14:36,119] Trial 1655 pruned. 
[I 2026-07-13 15:14:36,577] Trial 1656 pruned. 
[I 2026-07-13 15:14:37,696] Trial 1657 pruned. 
[I 2026-07-13 15:14:38,638] Trial 1658 pruned. 
[I 2026-07-13 15:14:39,525] Trial 1659 pruned. 
[I 2026-07-13 15:14:40,767] Trial 1660 pruned. 
[I 2026-07-13 15:14:42,488] Trial 1661 pruned. 
[I 2026-07-13 15:14:43,466] Trial 1662 pruned. 
[I 2026-07-13 15:14:45,207] Trial 1663 pruned. 
[I 2026-07-13 15:14:47,114] Trial 1664 pruned. 
[I 2026-07-13 15:14:47,471] Trial 1665 pruned. 
[I 2026-07-13 15:14:48,373] Trial 1666 pruned. 
[I 2026-07-13 15:14:49,384] Trial 1667 pruned. 
[I 2026-07-13 15:14:49,826] Trial 1668 pruned. 
[I 2026-07-13 15:14:50,713] Trial 1669 pruned. 
[I 2026-07-13 15:14:54,360] Trial 1670 finished with values: [-241.27629032999926, -11324.83688873428, 31.0] and parameters: {'sl_soft': 0.02949052716025995, 'sl_hard_delta': 0.17424252774383417, 'tp': 0.16369789677360067, 'gate_pct': 97.66578486655469, 'dd_limit': 2.4528084273798805, 'cooldown': 2, 'flip': False, 'en_ema_trend': True, 'ema_trend_fast': 342, 'ema_trend_slow': 182, 'en_sma_trend': False, 'sma_trend_fast': 313, 'sma_trend_slow': 319, 'en_macd': False, 'macd_fast': 10, 'macd_slow': 3, 'macd_signal': 52, 'en_vwap': False, 'en_keltner': True, 'keltner_n': 48, 'keltner_m': 3.1, 'en_obv': True, 'obv_slope': 179, 'en_cci': True, 'cci_n': 166, 'cci_threshold': 145, 'en_rsi': False, 'rsi_n': 72, 'rsi_lower': 47, 'rsi_upper': 58, 'en_stochastic': False, 'stochastic_n': 82, 'stochastic_d': 17, 'stochastic_lower': 32, 'stochastic_upper': 98, 'en_mfi': True, 'mfi_n': 8, 'mfi_lower': 29, 'mfi_upper': 80, 'en_bollinger': True, 'bollinger_n': 155, 'bollinger_k': 2.0, 'en_adx': False, 'adx_n': 91, 'adx_threshold': 47, 'en_structure_trend': False, 'structure_trend_swing_l': 11, 'en_order_block': True, 'order_block_swing_l': 16, 'en_fvg': False, 'fvg_lookback': 19, 'en_ifvg': True, 'en_breaker': False, 'breaker_swing_l': 10, 'en_cisd': True, 'k': 3, 'en_cap_bars': True, 'cap_1min': 878}.
[I 2026-07-13 15:14:55,089] Trial 1671 pruned. 
[I 2026-07-13 15:14:56,099] Trial 1672 pruned. 
[I 2026-07-13 15:14:57,438] Trial 1673 pruned. 
[I 2026-07-13 15:14:58,575] Trial 1674 pruned. 
[I 2026-07-13 15:15:01,570] Trial 1675 pruned. 
[I 2026-07-13 15:15:03,675] Trial 1676 pruned. 
[I 2026-07-13 15:15:05,680] Trial 1677 pruned. 
[I 2026-07-13 15:15:06,420] Trial 1678 pruned. 
[I 2026-07-13 15:15:08,171] Trial 1679 pruned. 
[I 2026-07-13 15:15:08,352] Trial 1680 pruned. 
[I 2026-07-13 15:15:10,970] Trial 1681 pruned. 
[I 2026-07-13 15:15:12,942] Trial 1682 pruned. 
[I 2026-07-13 15:15:13,869] Trial 1683 pruned. 
[I 2026-07-13 15:15:14,866] Trial 1684 pruned. 
[I 2026-07-13 15:15:15,795] Trial 1685 pruned. 
[I 2026-07-13 15:15:16,664] Trial 1686 pruned. 
[I 2026-07-13 15:15:17,608] Trial 1687 pruned. 
[I 2026-07-13 15:15:19,048] Trial 1688 pruned. 
[I 2026-07-13 15:15:20,117] Trial 1689 pruned. 
[I 2026-07-13 15:15:21,377] Trial 1690 pruned. 
[I 2026-07-13 15:15:21,784] Trial 1691 pruned. 
[I 2026-07-13 15:15:22,812] Trial 1692 pruned. 
[I 2026-07-13 15:15:23,696] Trial 1693 pruned. 
[I 2026-07-13 15:15:25,517] Trial 1694 pruned. 
[I 2026-07-13 15:15:26,653] Trial 1695 pruned. 
[I 2026-07-13 15:15:28,142] Trial 1696 pruned. 
[I 2026-07-13 15:15:30,746] Trial 1697 pruned. 
[I 2026-07-13 15:15:32,509] Trial 1698 pruned. 
[I 2026-07-13 15:15:33,306] Trial 1699 pruned. 
[I 2026-07-13 15:15:35,211] Trial 1700 pruned. 
[I 2026-07-13 15:15:38,055] Trial 1701 pruned. 
[I 2026-07-13 15:15:38,985] Trial 1702 pruned. 
[I 2026-07-13 15:15:39,623] Trial 1703 pruned. 
[I 2026-07-13 15:15:40,662] Trial 1704 pruned. 
[I 2026-07-13 15:15:52,860] Trial 1705 finished with values: [-530.2676634436486, -2239.6469774909633, 44.25] and parameters: {'sl_soft': 0.07488558607740736, 'sl_hard_delta': 0.037096762797135426, 'tp': 0.11856093579904992, 'gate_pct': 99.43810192295578, 'dd_limit': 5.937758572987326, 'cooldown': 2, 'flip': False, 'en_ema_trend': False, 'ema_trend_fast': 213, 'ema_trend_slow': 100, 'en_sma_trend': True, 'sma_trend_fast': 81, 'sma_trend_slow': 336, 'en_macd': False, 'macd_fast': 55, 'macd_slow': 125, 'macd_signal': 6, 'en_vwap': True, 'en_keltner': True, 'keltner_n': 33, 'keltner_m': 2.3, 'en_obv': True, 'obv_slope': 26, 'en_cci': False, 'cci_n': 172, 'cci_threshold': 130, 'en_rsi': False, 'rsi_n': 14, 'rsi_lower': 49, 'rsi_upper': 52, 'en_stochastic': True, 'stochastic_n': 89, 'stochastic_d': 25, 'stochastic_lower': 26, 'stochastic_upper': 66, 'en_mfi': False, 'mfi_n': 14, 'mfi_lower': 19, 'mfi_upper': 78, 'en_bollinger': True, 'bollinger_n': 2, 'bollinger_k': 3.8000000000000003, 'en_adx': True, 'adx_n': 5, 'adx_threshold': 13, 'en_structure_trend': False, 'structure_trend_swing_l': 18, 'en_order_block': False, 'order_block_swing_l': 5, 'en_fvg': True, 'fvg_lookback': 22, 'en_ifvg': True, 'en_breaker': False, 'breaker_swing_l': 7, 'en_cisd': False, 'k': 4, 'en_cap_bars': True, 'cap_1min': 457}.
[I 2026-07-13 15:15:53,760] Trial 1706 pruned. 
[I 2026-07-13 15:15:55,709] Trial 1707 pruned. 
[I 2026-07-13 15:15:57,551] Trial 1708 pruned. 
[I 2026-07-13 15:15:59,142] Trial 1709 pruned. 
[I 2026-07-13 15:15:59,718] Trial 1710 pruned. 
[I 2026-07-13 15:16:00,973] Trial 1711 pruned. 
[I 2026-07-13 15:16:02,665] Trial 1712 pruned. 
[I 2026-07-13 15:16:03,801] Trial 1713 pruned. 
[I 2026-07-13 15:16:04,699] Trial 1714 pruned. 
[I 2026-07-13 15:16:05,956] Trial 1715 pruned. 
[I 2026-07-13 15:16:08,397] Trial 1716 pruned. 
[I 2026-07-13 15:16:09,934] Trial 1717 pruned. 
[I 2026-07-13 15:16:10,769] Trial 1718 pruned. 
[I 2026-07-13 15:16:11,562] Trial 1719 pruned. 
[I 2026-07-13 15:16:11,785] Trial 1720 pruned. 
[I 2026-07-13 15:16:13,437] Trial 1721 pruned. 
[I 2026-07-13 15:16:14,397] Trial 1722 pruned. 
[I 2026-07-13 15:16:16,029] Trial 1723 pruned. 
[I 2026-07-13 15:16:18,093] Trial 1724 pruned. 
[I 2026-07-13 15:16:19,523] Trial 1725 pruned. 
[I 2026-07-13 15:16:20,163] Trial 1726 pruned. 
[I 2026-07-13 15:16:21,130] Trial 1727 pruned. 
[I 2026-07-13 15:16:22,168] Trial 1728 pruned. 
[I 2026-07-13 15:16:23,769] Trial 1729 pruned. 
[I 2026-07-13 15:16:24,865] Trial 1730 pruned. 
[I 2026-07-13 15:16:26,046] Trial 1731 pruned. 
[I 2026-07-13 15:16:31,195] Trial 1732 pruned. 
[I 2026-07-13 15:16:32,618] Trial 1733 pruned. 
[I 2026-07-13 15:16:33,428] Trial 1734 pruned. 
[I 2026-07-13 15:16:34,822] Trial 1735 pruned. 
[I 2026-07-13 15:16:37,052] Trial 1736 pruned. 
[I 2026-07-13 15:16:37,813] Trial 1737 pruned. 
[I 2026-07-13 15:16:39,699] Trial 1738 pruned. 
[I 2026-07-13 15:16:41,446] Trial 1739 pruned. 
[I 2026-07-13 15:16:42,165] Trial 1740 pruned. 
[I 2026-07-13 15:16:42,466] Trial 1741 pruned. 
[I 2026-07-13 15:16:45,162] Trial 1742 pruned. 
[I 2026-07-13 15:16:46,057] Trial 1743 pruned. 
[I 2026-07-13 15:16:48,279] Trial 1744 pruned. 
[I 2026-07-13 15:16:49,499] Trial 1745 pruned. 
[I 2026-07-13 15:16:51,248] Trial 1746 pruned. 
[I 2026-07-13 15:16:52,811] Trial 1747 pruned. 
[I 2026-07-13 15:16:52,954] Trial 1748 pruned. 
[I 2026-07-13 15:16:53,851] Trial 1749 pruned. 
[I 2026-07-13 15:16:55,421] Trial 1750 pruned. 
[I 2026-07-13 15:16:57,069] Trial 1751 pruned. 
[I 2026-07-13 15:16:58,458] Trial 1752 pruned. 
[I 2026-07-13 15:16:59,281] Trial 1753 pruned. 
[I 2026-07-13 15:16:59,750] Trial 1754 pruned. 
[I 2026-07-13 15:17:01,640] Trial 1755 pruned. 
[I 2026-07-13 15:17:03,114] Trial 1756 pruned. 
[I 2026-07-13 15:17:04,178] Trial 1757 pruned. 
[I 2026-07-13 15:17:05,223] Trial 1758 pruned. 
[I 2026-07-13 15:17:06,365] Trial 1759 pruned. 
[I 2026-07-13 15:17:06,495] Trial 1760 pruned. 
[I 2026-07-13 15:17:06,975] Trial 1761 pruned. 
[I 2026-07-13 15:17:07,828] Trial 1762 pruned. 
[I 2026-07-13 15:17:08,087] Trial 1763 pruned. 
[I 2026-07-13 15:17:10,062] Trial 1764 pruned. 
[I 2026-07-13 15:17:10,906] Trial 1765 pruned. 
[I 2026-07-13 15:17:11,936] Trial 1766 pruned. 
[I 2026-07-13 15:17:12,527] Trial 1767 pruned. 
[I 2026-07-13 15:17:13,086] Trial 1768 pruned. 
[I 2026-07-13 15:17:14,938] Trial 1769 pruned. 
[I 2026-07-13 15:17:16,114] Trial 1770 pruned. 
[I 2026-07-13 15:17:17,562] Trial 1771 pruned. 
[I 2026-07-13 15:17:18,425] Trial 1772 pruned. 
[I 2026-07-13 15:17:18,878] Trial 1773 pruned. 
[I 2026-07-13 15:17:20,147] Trial 1774 pruned. 
[I 2026-07-13 15:17:21,500] Trial 1775 pruned. 
[I 2026-07-13 15:17:22,753] Trial 1776 pruned. 
[I 2026-07-13 15:17:23,675] Trial 1777 pruned. 
[I 2026-07-13 15:17:25,726] Trial 1778 pruned. 
[I 2026-07-13 15:17:26,577] Trial 1779 pruned. 
[I 2026-07-13 15:17:28,056] Trial 1780 pruned. 
[I 2026-07-13 15:17:30,581] Trial 1781 pruned. 
[I 2026-07-13 15:17:32,129] Trial 1782 pruned. 
[I 2026-07-13 15:17:33,299] Trial 1783 pruned. 
[I 2026-07-13 15:17:34,336] Trial 1784 pruned. 
[I 2026-07-13 15:17:35,428] Trial 1785 pruned. 
[I 2026-07-13 15:17:37,766] Trial 1786 pruned. 
[I 2026-07-13 15:17:39,956] Trial 1787 pruned. 
[I 2026-07-13 15:17:40,719] Trial 1788 pruned. 
[I 2026-07-13 15:17:45,165] Trial 1789 pruned. 
[I 2026-07-13 15:17:46,680] Trial 1790 pruned. 
[I 2026-07-13 15:17:48,440] Trial 1791 pruned. 
[I 2026-07-13 15:17:50,462] Trial 1792 pruned. 
[I 2026-07-13 15:17:50,930] Trial 1793 pruned. 
[I 2026-07-13 15:17:54,324] Trial 1794 pruned. 
[I 2026-07-13 15:17:55,342] Trial 1795 pruned. 
[I 2026-07-13 15:17:57,073] Trial 1796 pruned. 
[I 2026-07-13 15:17:59,118] Trial 1797 pruned. 
[I 2026-07-13 15:17:59,551] Trial 1798 pruned. 
[I 2026-07-13 15:18:00,227] Trial 1799 pruned. 
[I 2026-07-13 15:18:00,617] Trial 1800 pruned. 
[I 2026-07-13 15:18:01,196] Trial 1801 pruned. 
[I 2026-07-13 15:18:03,169] Trial 1802 pruned. 
[I 2026-07-13 15:18:04,151] Trial 1803 pruned. 
[I 2026-07-13 15:18:05,227] Trial 1804 pruned. 
[I 2026-07-13 15:18:06,557] Trial 1805 pruned. 
[I 2026-07-13 15:18:06,949] Trial 1806 pruned. 
[I 2026-07-13 15:18:08,217] Trial 1807 pruned. 
[I 2026-07-13 15:18:08,970] Trial 1808 pruned. 
[I 2026-07-13 15:18:10,145] Trial 1809 pruned. 
[I 2026-07-13 15:18:11,575] Trial 1810 pruned. 
[I 2026-07-13 15:18:12,581] Trial 1811 pruned. 
[I 2026-07-13 15:18:13,388] Trial 1812 pruned. 
[I 2026-07-13 15:18:15,429] Trial 1813 pruned. 
[I 2026-07-13 15:18:16,631] Trial 1814 pruned. 
[I 2026-07-13 15:18:17,518] Trial 1815 pruned. 
[I 2026-07-13 15:18:18,047] Trial 1816 pruned. 
[I 2026-07-13 15:18:20,333] Trial 1817 pruned. 
[I 2026-07-13 15:18:20,807] Trial 1818 pruned. 
[I 2026-07-13 15:18:21,316] Trial 1819 pruned. 
[I 2026-07-13 15:18:22,368] Trial 1820 pruned. 
[I 2026-07-13 15:18:24,195] Trial 1821 pruned. 
[I 2026-07-13 15:18:25,557] Trial 1822 pruned. 
[I 2026-07-13 15:18:26,306] Trial 1823 pruned. 
[I 2026-07-13 15:18:26,865] Trial 1824 pruned. 
[I 2026-07-13 15:18:28,452] Trial 1825 pruned. 
[I 2026-07-13 15:18:29,486] Trial 1826 pruned. 
[I 2026-07-13 15:18:30,559] Trial 1827 pruned. 
[I 2026-07-13 15:18:31,697] Trial 1828 pruned. 
[I 2026-07-13 15:18:33,202] Trial 1829 pruned. 
[I 2026-07-13 15:18:35,205] Trial 1830 pruned. 
[I 2026-07-13 15:18:37,001] Trial 1831 pruned. 
[I 2026-07-13 15:18:38,192] Trial 1832 pruned. 
[I 2026-07-13 15:18:39,491] Trial 1833 pruned. 
[I 2026-07-13 15:18:40,574] Trial 1834 pruned. 
[I 2026-07-13 15:18:40,789] Trial 1835 pruned. 
[I 2026-07-13 15:18:41,752] Trial 1836 pruned. 
[I 2026-07-13 15:18:44,060] Trial 1837 pruned. 
[I 2026-07-13 15:18:45,030] Trial 1838 pruned. 
[I 2026-07-13 15:18:46,036] Trial 1839 pruned. 
[I 2026-07-13 15:18:46,270] Trial 1840 pruned. 
[I 2026-07-13 15:18:47,712] Trial 1841 pruned. 
[I 2026-07-13 15:18:49,839] Trial 1842 pruned. 
[I 2026-07-13 15:18:51,317] Trial 1843 pruned. 
[I 2026-07-13 15:18:51,788] Trial 1844 pruned. 
[I 2026-07-13 15:18:52,851] Trial 1845 pruned. 
[I 2026-07-13 15:18:53,961] Trial 1846 pruned. 
[I 2026-07-13 15:18:55,220] Trial 1847 pruned. 
[I 2026-07-13 15:18:57,469] Trial 1848 pruned. 
[I 2026-07-13 15:19:01,245] Trial 1849 pruned. 
[I 2026-07-13 15:19:01,906] Trial 1850 pruned. 
[I 2026-07-13 15:19:02,542] Trial 1851 pruned. 
[I 2026-07-13 15:19:02,780] Trial 1852 pruned. 
[I 2026-07-13 15:19:04,888] Trial 1853 pruned. 
[I 2026-07-13 15:19:05,929] Trial 1854 pruned. 
[I 2026-07-13 15:19:07,619] Trial 1855 pruned. 
[I 2026-07-13 15:19:08,177] Trial 1856 pruned. 
[I 2026-07-13 15:19:10,866] Trial 1857 pruned. 
[I 2026-07-13 15:19:12,394] Trial 1858 pruned. 
[I 2026-07-13 15:19:13,319] Trial 1859 pruned. 
[I 2026-07-13 15:19:16,523] Trial 1860 pruned. 
[I 2026-07-13 15:19:17,288] Trial 1861 pruned. 
[I 2026-07-13 15:19:19,127] Trial 1862 pruned. 
[I 2026-07-13 15:19:19,967] Trial 1863 pruned. 
[I 2026-07-13 15:19:20,581] Trial 1864 pruned. 
[I 2026-07-13 15:19:21,554] Trial 1865 pruned. 
[I 2026-07-13 15:19:23,394] Trial 1866 pruned. 
[I 2026-07-13 15:19:24,038] Trial 1867 pruned. 
[I 2026-07-13 15:19:25,925] Trial 1868 pruned. 
[I 2026-07-13 15:19:26,885] Trial 1869 pruned. 
[I 2026-07-13 15:19:28,079] Trial 1870 pruned. 
[I 2026-07-13 15:19:29,206] Trial 1871 pruned. 
[I 2026-07-13 15:19:30,210] Trial 1872 pruned. 
[I 2026-07-13 15:19:31,633] Trial 1873 pruned. 
[I 2026-07-13 15:19:32,913] Trial 1874 pruned. 
[I 2026-07-13 15:19:33,587] Trial 1875 pruned. 
[I 2026-07-13 15:19:34,855] Trial 1876 pruned. 
[I 2026-07-13 15:19:36,126] Trial 1877 pruned. 
[I 2026-07-13 15:19:37,823] Trial 1878 pruned. 
[I 2026-07-13 15:19:38,713] Trial 1879 pruned. 
[I 2026-07-13 15:19:38,910] Trial 1880 pruned. 
[I 2026-07-13 15:19:39,578] Trial 1881 pruned. 
[I 2026-07-13 15:19:41,142] Trial 1882 pruned. 
[I 2026-07-13 15:19:42,946] Trial 1883 pruned. 
[I 2026-07-13 15:19:44,175] Trial 1884 pruned. 
[I 2026-07-13 15:19:45,050] Trial 1885 pruned. 
[I 2026-07-13 15:19:46,413] Trial 1886 pruned. 
[I 2026-07-13 15:19:47,893] Trial 1887 pruned. 
[I 2026-07-13 15:19:49,107] Trial 1888 pruned. 
[I 2026-07-13 15:19:49,889] Trial 1889 pruned. 
[I 2026-07-13 15:19:51,054] Trial 1890 pruned. 
[I 2026-07-13 15:19:52,386] Trial 1891 pruned. 
[I 2026-07-13 15:19:53,081] Trial 1892 pruned. 
[I 2026-07-13 15:19:54,126] Trial 1893 pruned. 
[I 2026-07-13 15:19:58,771] Trial 1894 pruned. 
[I 2026-07-13 15:19:59,368] Trial 1895 pruned. 
[I 2026-07-13 15:20:00,483] Trial 1896 pruned. 
[I 2026-07-13 15:20:01,627] Trial 1897 pruned. 
[I 2026-07-13 15:20:02,413] Trial 1898 pruned. 
[I 2026-07-13 15:20:03,577] Trial 1899 pruned. 
[I 2026-07-13 15:20:04,713] Trial 1900 pruned. 
[I 2026-07-13 15:20:05,814] Trial 1901 pruned. 
[I 2026-07-13 15:20:07,059] Trial 1902 pruned. 
[I 2026-07-13 15:20:08,222] Trial 1903 pruned. 
[I 2026-07-13 15:20:09,864] Trial 1904 pruned. 
[I 2026-07-13 15:20:10,991] Trial 1905 pruned. 
[I 2026-07-13 15:20:14,868] Trial 1906 finished with values: [1377.9265586002155, -11257.2363862866, 66.1] and parameters: {'sl_soft': 0.1174763864907021, 'sl_hard_delta': 0.12810763879884474, 'tp': 0.08427789768000132, 'gate_pct': 94.97650230819906, 'dd_limit': 4.1596678535630165, 'cooldown': 3, 'flip': False, 'en_ema_trend': False, 'ema_trend_fast': 149, 'ema_trend_slow': 161, 'en_sma_trend': False, 'sma_trend_fast': 397, 'sma_trend_slow': 22, 'en_macd': True, 'macd_fast': 11, 'macd_slow': 132, 'macd_signal': 89, 'en_vwap': True, 'en_keltner': True, 'keltner_n': 126, 'keltner_m': 4.1, 'en_obv': True, 'obv_slope': 184, 'en_cci': True, 'cci_n': 56, 'cci_threshold': 50, 'en_rsi': False, 'rsi_n': 74, 'rsi_lower': 46, 'rsi_upper': 90, 'en_stochastic': False, 'stochastic_n': 86, 'stochastic_d': 5, 'stochastic_lower': 40, 'stochastic_upper': 96, 'en_mfi': False, 'mfi_n': 58, 'mfi_lower': 3, 'mfi_upper': 99, 'en_bollinger': False, 'bollinger_n': 99, 'bollinger_k': 4.5, 'en_adx': False, 'adx_n': 59, 'adx_threshold': 18, 'en_structure_trend': False, 'structure_trend_swing_l': 9, 'en_order_block': True, 'order_block_swing_l': 20, 'en_fvg': True, 'fvg_lookback': 34, 'en_ifvg': False, 'en_breaker': False, 'breaker_swing_l': 6, 'en_cisd': True, 'k': 4, 'en_cap_bars': False, 'cap_1min': 577}.
[I 2026-07-13 15:20:16,185] Trial 1907 pruned. 
[I 2026-07-13 15:20:17,080] Trial 1908 pruned. 
[I 2026-07-13 15:20:17,762] Trial 1909 pruned. 
[I 2026-07-13 15:20:19,227] Trial 1910 pruned. 
[I 2026-07-13 15:20:20,146] Trial 1911 pruned. 
[I 2026-07-13 15:20:20,837] Trial 1912 pruned. 
[I 2026-07-13 15:20:21,047] Trial 1913 pruned. 
[I 2026-07-13 15:20:22,393] Trial 1914 pruned. 
[I 2026-07-13 15:20:23,330] Trial 1915 pruned. 
[I 2026-07-13 15:20:23,689] Trial 1916 pruned. 
[I 2026-07-13 15:20:25,372] Trial 1917 pruned. 
[I 2026-07-13 15:20:27,199] Trial 1918 pruned. 
[I 2026-07-13 15:20:28,808] Trial 1919 pruned. 
[I 2026-07-13 15:20:28,929] Trial 1920 pruned. 
[I 2026-07-13 15:20:30,120] Trial 1921 pruned. 
[I 2026-07-13 15:20:30,578] Trial 1922 pruned. 
[I 2026-07-13 15:20:31,348] Trial 1923 pruned. 
[I 2026-07-13 15:20:32,672] Trial 1924 pruned. 
[I 2026-07-13 15:20:33,866] Trial 1925 pruned. 
[I 2026-07-13 15:20:34,803] Trial 1926 pruned. 
[I 2026-07-13 15:20:36,823] Trial 1927 pruned. 
[I 2026-07-13 15:20:38,194] Trial 1928 pruned. 
[I 2026-07-13 15:20:39,359] Trial 1929 pruned. 
[I 2026-07-13 15:20:40,534] Trial 1930 pruned. 
[I 2026-07-13 15:20:42,503] Trial 1931 pruned. 
[I 2026-07-13 15:20:43,827] Trial 1932 pruned. 
[I 2026-07-13 15:20:45,921] Trial 1933 pruned. 
[I 2026-07-13 15:20:47,463] Trial 1934 pruned. 
[I 2026-07-13 15:20:48,890] Trial 1935 pruned. 
[I 2026-07-13 15:20:49,688] Trial 1936 pruned. 
[I 2026-07-13 15:20:50,539] Trial 1937 pruned. 
[I 2026-07-13 15:20:51,788] Trial 1938 pruned. 
[I 2026-07-13 15:20:52,159] Trial 1939 pruned. 
[I 2026-07-13 15:20:52,913] Trial 1940 pruned. 
[I 2026-07-13 15:20:53,723] Trial 1941 pruned. 
[I 2026-07-13 15:20:55,278] Trial 1942 pruned. 
[I 2026-07-13 15:20:57,448] Trial 1943 pruned. 
[I 2026-07-13 15:20:59,131] Trial 1944 pruned. 
[I 2026-07-13 15:20:59,999] Trial 1945 pruned. 
[I 2026-07-13 15:21:01,297] Trial 1946 pruned. 
[I 2026-07-13 15:21:02,269] Trial 1947 pruned. 
[I 2026-07-13 15:21:03,048] Trial 1948 pruned. 
[I 2026-07-13 15:21:05,064] Trial 1949 pruned. 
[I 2026-07-13 15:21:05,624] Trial 1950 pruned. 
[I 2026-07-13 15:21:06,935] Trial 1951 pruned. 
[I 2026-07-13 15:21:09,003] Trial 1952 finished with values: [182.0784016379307, -2870.768669779515, 73.0] and parameters: {'sl_soft': 0.09561626693152817, 'sl_hard_delta': 0.03015108663934192, 'tp': 0.05493660677968804, 'gate_pct': 96.03464624110227, 'dd_limit': 8.747350770951359, 'cooldown': 5, 'flip': True, 'en_ema_trend': True, 'ema_trend_fast': 113, 'ema_trend_slow': 3, 'en_sma_trend': False, 'sma_trend_fast': 175, 'sma_trend_slow': 356, 'en_macd': False, 'macd_fast': 70, 'macd_slow': 133, 'macd_signal': 21, 'en_vwap': False, 'en_keltner': False, 'keltner_n': 22, 'keltner_m': 0.5, 'en_obv': True, 'obv_slope': 13, 'en_cci': True, 'cci_n': 2, 'cci_threshold': 255, 'en_rsi': True, 'rsi_n': 96, 'rsi_lower': 1, 'rsi_upper': 78, 'en_stochastic': False, 'stochastic_n': 46, 'stochastic_d': 43, 'stochastic_lower': 22, 'stochastic_upper': 72, 'en_mfi': False, 'mfi_n': 11, 'mfi_lower': 47, 'mfi_upper': 79, 'en_bollinger': False, 'bollinger_n': 128, 'bollinger_k': 0.5, 'en_adx': False, 'adx_n': 48, 'adx_threshold': 10, 'en_structure_trend': True, 'structure_trend_swing_l': 1, 'en_order_block': False, 'order_block_swing_l': 5, 'en_fvg': True, 'fvg_lookback': 40, 'en_ifvg': True, 'en_breaker': False, 'breaker_swing_l': 3, 'en_cisd': True, 'k': 2, 'en_cap_bars': True, 'cap_1min': 839}.
[I 2026-07-13 15:21:10,084] Trial 1953 pruned. 
[I 2026-07-13 15:21:12,584] Trial 1954 pruned. 
[I 2026-07-13 15:21:12,953] Trial 1955 pruned. 
[I 2026-07-13 15:21:13,855] Trial 1956 pruned. 
[I 2026-07-13 15:21:15,672] Trial 1957 pruned. 
[I 2026-07-13 15:21:16,506] Trial 1958 pruned. 
[I 2026-07-13 15:21:17,141] Trial 1959 pruned. 
[I 2026-07-13 15:21:17,381] Trial 1960 pruned. 
[I 2026-07-13 15:21:18,249] Trial 1961 pruned. 
[I 2026-07-13 15:21:20,880] Trial 1962 pruned. 
[I 2026-07-13 15:21:21,410] Trial 1963 pruned. 
[I 2026-07-13 15:21:21,871] Trial 1964 pruned. 
[I 2026-07-13 15:21:23,151] Trial 1965 pruned. 
[I 2026-07-13 15:21:23,843] Trial 1966 pruned. 
