[I 2026-07-13 16:14:43,047] Trial 3865 finished with values: [777.6135517857874, -1313.861170457606, 53.55] and parameters: {'sl_soft': 0.052196885259142164, 'sl_hard_delta': 0.013727192771364187, 'tp': 0.08485800408712069, 'gate_pct': 98.93711402329589, 'dd_limit': 1.4726436036009025, 'cooldown': 8, 'flip': True, 'en_ema_trend': True, 'ema_trend_fast': 351, 'ema_trend_slow': 307, 'en_sma_trend': True, 'sma_trend_fast': 392, 'sma_trend_slow': 319, 'en_macd': True, 'macd_fast': 60, 'macd_slow': 10, 'macd_signal': 40, 'en_vwap': False, 'en_keltner': False, 'keltner_n': 139, 'keltner_m': 0.5, 'en_obv': True, 'obv_slope': 14, 'en_cci': False, 'cci_n': 10, 'cci_threshold': 200, 'en_rsi': False, 'rsi_n': 62, 'rsi_lower': 15, 'rsi_upper': 77, 'en_stochastic': True, 'stochastic_n': 97, 'stochastic_d': 38, 'stochastic_lower': 1, 'stochastic_upper': 66, 'en_mfi': False, 'mfi_n': 9, 'mfi_lower': 30, 'mfi_upper': 62, 'en_bollinger': False, 'bollinger_n': 128, 'bollinger_k': 1.1, 'en_adx': False, 'adx_n': 16, 'adx_threshold': 12, 'en_structure_trend': False, 'structure_trend_swing_l': 18, 'en_order_block': True, 'order_block_swing_l': 3, 'en_fvg': False, 'fvg_lookback': 11, 'en_ifvg': True, 'en_breaker': True, 'breaker_swing_l': 9, 'en_cisd': False, 'k': 3, 'en_cap_bars': True, 'cap_1min': 1239}.
[I 2026-07-13 16:14:43,623] Trial 3866 finished with values: [3358.905851483519, -3370.6464505975478, 45.7] and parameters: {'sl_soft': 0.04963847535152836, 'sl_hard_delta': 0.0155516131087132, 'tp': 0.08485800408712069, 'gate_pct': 98.93711402329589, 'dd_limit': 9.066216783758431, 'cooldown': 0, 'flip': True, 'en_ema_trend': False, 'ema_trend_fast': 351, 'ema_trend_slow': 367, 'en_sma_trend': False, 'sma_trend_fast': 392, 'sma_trend_slow': 356, 'en_macd': True, 'macd_fast': 93, 'macd_slow': 42, 'macd_signal': 40, 'en_vwap': True, 'en_keltner': True, 'keltner_n': 139, 'keltner_m': 0.5, 'en_obv': True, 'obv_slope': 14, 'en_cci': False, 'cci_n': 106, 'cci_threshold': 25, 'en_rsi': False, 'rsi_n': 96, 'rsi_lower': 12, 'rsi_upper': 98, 'en_stochastic': False, 'stochastic_n': 97, 'stochastic_d': 39, 'stochastic_lower': 38, 'stochastic_upper': 95, 'en_mfi': False, 'mfi_n': 95, 'mfi_lower': 11, 'mfi_upper': 54, 'en_bollinger': False, 'bollinger_n': 56, 'bollinger_k': 3.1, 'en_adx': False, 'adx_n': 42, 'adx_threshold': 12, 'en_structure_trend': True, 'structure_trend_swing_l': 13, 'en_order_block': True, 'order_block_swing_l': 3, 'en_fvg': True, 'fvg_lookback': 2, 'en_ifvg': True, 'en_breaker': True, 'breaker_swing_l': 9, 'en_cisd': False, 'k': 3, 'en_cap_bars': False, 'cap_1min': 483}.
[I 2026-07-13 16:14:44,347] Trial 3867 finished with values: [3780.4444853079744, -5785.168883480268, 61.75] and parameters: {'sl_soft': 0.052196885259142164, 'sl_hard_delta': 0.010346872380968307, 'tp': 0.04939294172156869, 'gate_pct': 98.93711402329589, 'dd_limit': 1.4726436036009025, 'cooldown': 0, 'flip': True, 'en_ema_trend': True, 'ema_trend_fast': 84, 'ema_trend_slow': 367, 'en_sma_trend': True, 'sma_trend_fast': 392, 'sma_trend_slow': 324, 'en_macd': True, 'macd_fast': 5, 'macd_slow': 10, 'macd_signal': 40, 'en_vwap': False, 'en_keltner': False, 'keltner_n': 139, 'keltner_m': 0.5, 'en_obv': True, 'obv_slope': 14, 'en_cci': False, 'cci_n': 10, 'cci_threshold': 200, 'en_rsi': False, 'rsi_n': 34, 'rsi_lower': 12, 'rsi_upper': 98, 'en_stochastic': False, 'stochastic_n': 97, 'stochastic_d': 43, 'stochastic_lower': 38, 'stochastic_upper': 66, 'en_mfi': True, 'mfi_n': 13, 'mfi_lower': 8, 'mfi_upper': 54, 'en_bollinger': False, 'bollinger_n': 56, 'bollinger_k': 3.1, 'en_adx': False, 'adx_n': 16, 'adx_threshold': 20, 'en_structure_trend': True, 'structure_trend_swing_l': 1, 'en_order_block': True, 'order_block_swing_l': 16, 'en_fvg': False, 'fvg_lookback': 11, 'en_ifvg': False, 'en_breaker': True, 'breaker_swing_l': 9, 'en_cisd': False, 'k': 1, 'en_cap_bars': True, 'cap_1min': 1109}.
[I 2026-07-13 16:14:45,146] Trial 3868 finished with values: [172.41650579503448, -4718.64698317773, 52.25] and parameters: {'sl_soft': 0.04963847535152836, 'sl_hard_delta': 0.0155516131087132, 'tp': 0.06148784820438258, 'gate_pct': 98.93711402329589, 'dd_limit': 9.066216783758431, 'cooldown': 0, 'flip': True, 'en_ema_trend': True, 'ema_trend_fast': 351, 'ema_trend_slow': 367, 'en_sma_trend': True, 'sma_trend_fast': 392, 'sma_trend_slow': 324, 'en_macd': False, 'macd_fast': 93, 'macd_slow': 18, 'macd_signal': 40, 'en_vwap': False, 'en_keltner': False, 'keltner_n': 139, 'keltner_m': 2.5, 'en_obv': True, 'obv_slope': 14, 'en_cci': False, 'cci_n': 10, 'cci_threshold': 155, 'en_rsi': False, 'rsi_n': 34, 'rsi_lower': 12, 'rsi_upper': 77, 'en_stochastic': True, 'stochastic_n': 97, 'stochastic_d': 43, 'stochastic_lower': 7, 'stochastic_upper': 95, 'en_mfi': True, 'mfi_n': 9, 'mfi_lower': 11, 'mfi_upper': 76, 'en_bollinger': True, 'bollinger_n': 153, 'bollinger_k': 3.1, 'en_adx': False, 'adx_n': 42, 'adx_threshold': 50, 'en_structure_trend': True, 'structure_trend_swing_l': 1, 'en_order_block': True, 'order_block_swing_l': 3, 'en_fvg': True, 'fvg_lookback': 11, 'en_ifvg': True, 'en_breaker': True, 'breaker_swing_l': 9, 'en_cisd': False, 'k': 3, 'en_cap_bars': False, 'cap_1min': 963}.
[I 2026-07-13 16:14:45,516] Trial 3869 finished with values: [1940.7202652048736, -2682.5746205234673, 48.45] and parameters: {'sl_soft': 0.052196885259142164, 'sl_hard_delta': 0.013727192771364187, 'tp': 0.08485800408712069, 'gate_pct': 98.93711402329589, 'dd_limit': 1.4726436036009025, 'cooldown': 0, 'flip': True, 'en_ema_trend': True, 'ema_trend_fast': 84, 'ema_trend_slow': 367, 'en_sma_trend': True, 'sma_trend_fast': 392, 'sma_trend_slow': 324, 'en_macd': False, 'macd_fast': 60, 'macd_slow': 10, 'macd_signal': 40, 'en_vwap': True, 'en_keltner': False, 'keltner_n': 139, 'keltner_m': 2.5, 'en_obv': True, 'obv_slope': 14, 'en_cci': False, 'cci_n': 106, 'cci_threshold': 25, 'en_rsi': False, 'rsi_n': 96, 'rsi_lower': 42, 'rsi_upper': 77, 'en_stochastic': False, 'stochastic_n': 97, 'stochastic_d': 38, 'stochastic_lower': 1, 'stochastic_upper': 61, 'en_mfi': True, 'mfi_n': 13, 'mfi_lower': 11, 'mfi_upper': 54, 'en_bollinger': False, 'bollinger_n': 56, 'bollinger_k': 3.1, 'en_adx': False, 'adx_n': 16, 'adx_threshold': 20, 'en_structure_trend': True, 'structure_trend_swing_l': 13, 'en_order_block': True, 'order_block_swing_l': 3, 'en_fvg': False, 'fvg_lookback': 2, 'en_ifvg': True, 'en_breaker': True, 'breaker_swing_l': 9, 'en_cisd': False, 'k': 2, 'en_cap_bars': True, 'cap_1min': 963}.
[I 2026-07-13 16:14:46,326] Trial 3870 finished with values: [3677.707121496514, -4526.830029878396, 47.349999999999994] and parameters: {'sl_soft': 0.04963847535152836, 'sl_hard_delta': 0.0155516131087132, 'tp': 0.08485800408712069, 'gate_pct': 98.93711402329589, 'dd_limit': 9.066216783758431, 'cooldown': 0, 'flip': True, 'en_ema_trend': False, 'ema_trend_fast': 351, 'ema_trend_slow': 250, 'en_sma_trend': True, 'sma_trend_fast': 247, 'sma_trend_slow': 356, 'en_macd': True, 'macd_fast': 5, 'macd_slow': 18, 'macd_signal': 40, 'en_vwap': False, 'en_keltner': False, 'keltner_n': 139, 'keltner_m': 2.5, 'en_obv': True, 'obv_slope': 14, 'en_cci': False, 'cci_n': 116, 'cci_threshold': 200, 'en_rsi': False, 'rsi_n': 71, 'rsi_lower': 12, 'rsi_upper': 98, 'en_stochastic': False, 'stochastic_n': 97, 'stochastic_d': 38, 'stochastic_lower': 22, 'stochastic_upper': 95, 'en_mfi': False, 'mfi_n': 9, 'mfi_lower': 30, 'mfi_upper': 76, 'en_bollinger': True, 'bollinger_n': 56, 'bollinger_k': 3.1, 'en_adx': False, 'adx_n': 42, 'adx_threshold': 12, 'en_structure_trend': True, 'structure_trend_swing_l': 1, 'en_order_block': True, 'order_block_swing_l': 3, 'en_fvg': True, 'fvg_lookback': 11, 'en_ifvg': True, 'en_breaker': True, 'breaker_swing_l': 9, 'en_cisd': False, 'k': 3, 'en_cap_bars': False, 'cap_1min': 483}.
[I 2026-07-13 16:14:46,861] Trial 3871 finished with values: [-4116.5999607232, -21307.131370317853, 43.650000000000006] and parameters: {'sl_soft': 0.06296004248070106, 'sl_hard_delta': 0.03174292770939944, 'tp': 0.08485800408712069, 'gate_pct': 99.47218267450155, 'dd_limit': 1.4726436036009025, 'cooldown': 0, 'flip': False, 'en_ema_trend': True, 'ema_trend_fast': 279, 'ema_trend_slow': 307, 'en_sma_trend': True, 'sma_trend_fast': 392, 'sma_trend_slow': 319, 'en_macd': True, 'macd_fast': 93, 'macd_slow': 10, 'macd_signal': 27, 'en_vwap': False, 'en_keltner': False, 'keltner_n': 139, 'keltner_m': 2.5, 'en_obv': True, 'obv_slope': 152, 'en_cci': False, 'cci_n': 116, 'cci_threshold': 200, 'en_rsi': False, 'rsi_n': 96, 'rsi_lower': 12, 'rsi_upper': 77, 'en_stochastic': True, 'stochastic_n': 97, 'stochastic_d': 38, 'stochastic_lower': 1, 'stochastic_upper': 66, 'en_mfi': False, 'mfi_n': 77, 'mfi_lower': 16, 'mfi_upper': 54, 'en_bollinger': True, 'bollinger_n': 44, 'bollinger_k': 3.4000000000000004, 'en_adx': False, 'adx_n': 16, 'adx_threshold': 41, 'en_structure_trend': True, 'structure_trend_swing_l': 18, 'en_order_block': True, 'order_block_swing_l': 3, 'en_fvg': True, 'fvg_lookback': 11, 'en_ifvg': False, 'en_breaker': True, 'breaker_swing_l': 9, 'en_cisd': False, 'k': 3, 'en_cap_bars': True, 'cap_1min': 963}.
[I 2026-07-13 16:14:47,467] Trial 3872 finished with values: [3245.0173655036524, -4317.021691083946, 45.75] and parameters: {'sl_soft': 0.04963847535152836, 'sl_hard_delta': 0.013727192771364187, 'tp': 0.08485800408712069, 'gate_pct': 99.47218267450155, 'dd_limit': 1.4726436036009025, 'cooldown': 0, 'flip': True, 'en_ema_trend': True, 'ema_trend_fast': 351, 'ema_trend_slow': 307, 'en_sma_trend': True, 'sma_trend_fast': 392, 'sma_trend_slow': 12, 'en_macd': True, 'macd_fast': 60, 'macd_slow': 62, 'macd_signal': 40, 'en_vwap': True, 'en_keltner': False, 'keltner_n': 61, 'keltner_m': 2.5, 'en_obv': True, 'obv_slope': 14, 'en_cci': False, 'cci_n': 106, 'cci_threshold': 25, 'en_rsi': False, 'rsi_n': 34, 'rsi_lower': 12, 'rsi_upper': 98, 'en_stochastic': False, 'stochastic_n': 83, 'stochastic_d': 43, 'stochastic_lower': 1, 'stochastic_upper': 61, 'en_mfi': False, 'mfi_n': 77, 'mfi_lower': 11, 'mfi_upper': 54, 'en_bollinger': False, 'bollinger_n': 56, 'bollinger_k': 3.1, 'en_adx': False, 'adx_n': 16, 'adx_threshold': 20, 'en_structure_trend': True, 'structure_trend_swing_l': 1, 'en_order_block': True, 'order_block_swing_l': 5, 'en_fvg': True, 'fvg_lookback': 2, 'en_ifvg': True, 'en_breaker': True, 'breaker_swing_l': 9, 'en_cisd': False, 'k': 5, 'en_cap_bars': True, 'cap_1min': 963}.
[I 2026-07-13 16:14:48,116] Trial 3873 finished with values: [337.31236069590057, -2222.8905237296103, 42.25] and parameters: {'sl_soft': 0.03390445607748107, 'sl_hard_delta': 0.013727192771364187, 'tp': 0.07673838374250289, 'gate_pct': 98.93711402329589, 'dd_limit': 1.4726436036009025, 'cooldown': 9, 'flip': True, 'en_ema_trend': True, 'ema_trend_fast': 351, 'ema_trend_slow': 307, 'en_sma_trend': True, 'sma_trend_fast': 375, 'sma_trend_slow': 319, 'en_macd': True, 'macd_fast': 51, 'macd_slow': 42, 'macd_signal': 36, 'en_vwap': True, 'en_keltner': True, 'keltner_n': 61, 'keltner_m': 0.7, 'en_obv': True, 'obv_slope': 14, 'en_cci': False, 'cci_n': 106, 'cci_threshold': 200, 'en_rsi': False, 'rsi_n': 34, 'rsi_lower': 12, 'rsi_upper': 77, 'en_stochastic': True, 'stochastic_n': 97, 'stochastic_d': 29, 'stochastic_lower': 7, 'stochastic_upper': 66, 'en_mfi': False, 'mfi_n': 38, 'mfi_lower': 6, 'mfi_upper': 52, 'en_bollinger': True, 'bollinger_n': 56, 'bollinger_k': 3.1, 'en_adx': False, 'adx_n': 42, 'adx_threshold': 50, 'en_structure_trend': True, 'structure_trend_swing_l': 1, 'en_order_block': False, 'order_block_swing_l': 14, 'en_fvg': False, 'fvg_lookback': 40, 'en_ifvg': False, 'en_breaker': True, 'breaker_swing_l': 9, 'en_cisd': False, 'k': 1, 'en_cap_bars': False, 'cap_1min': 1109}.
[I 2026-07-13 16:14:48,430] Trial 3874 finished with values: [2537.1298595116796, -2281.6530961084427, 51.9] and parameters: {'sl_soft': 0.04963847535152836, 'sl_hard_delta': 0.0155516131087132, 'tp': 0.08485800408712069, 'gate_pct': 99.47218267450155, 'dd_limit': 3.021375135532224, 'cooldown': 0, 'flip': True, 'en_ema_trend': True, 'ema_trend_fast': 84, 'ema_trend_slow': 367, 'en_sma_trend': True, 'sma_trend_fast': 392, 'sma_trend_slow': 324, 'en_macd': True, 'macd_fast': 60, 'macd_slow': 18, 'macd_signal': 40, 'en_vwap': False, 'en_keltner': True, 'keltner_n': 139, 'keltner_m': 2.5, 'en_obv': True, 'obv_slope': 14, 'en_cci': False, 'cci_n': 10, 'cci_threshold': 200, 'en_rsi': False, 'rsi_n': 96, 'rsi_lower': 12, 'rsi_upper': 83, 'en_stochastic': True, 'stochastic_n': 97, 'stochastic_d': 4, 'stochastic_lower': 7, 'stochastic_upper': 66, 'en_mfi': False, 'mfi_n': 77, 'mfi_lower': 8, 'mfi_upper': 76, 'en_bollinger': True, 'bollinger_n': 56, 'bollinger_k': 3.1, 'en_adx': False, 'adx_n': 16, 'adx_threshold': 20, 'en_structure_trend': True, 'structure_trend_swing_l': 13, 'en_order_block': False, 'order_block_swing_l': 3, 'en_fvg': False, 'fvg_lookback': 11, 'en_ifvg': True, 'en_breaker': True, 'breaker_swing_l': 9, 'en_cisd': False, 'k': 3, 'en_cap_bars': True, 'cap_1min': 963}.
[I 2026-07-13 16:14:48,721] Trial 3875 finished with values: [4205.15830146467, -4176.217056623523, 47.5] and parameters: {'sl_soft': 0.052196885259142164, 'sl_hard_delta': 0.010346872380968307, 'tp': 0.08485800408712069, 'gate_pct': 99.47218267450155, 'dd_limit': 1.4726436036009025, 'cooldown': 0, 'flip': True, 'en_ema_trend': True, 'ema_trend_fast': 351, 'ema_trend_slow': 367, 'en_sma_trend': True, 'sma_trend_fast': 392, 'sma_trend_slow': 319, 'en_macd': False, 'macd_fast': 60, 'macd_slow': 10, 'macd_signal': 40, 'en_vwap': False, 'en_keltner': False, 'keltner_n': 139, 'keltner_m': 2.5, 'en_obv': True, 'obv_slope': 152, 'en_cci': False, 'cci_n': 106, 'cci_threshold': 200, 'en_rsi': False, 'rsi_n': 96, 'rsi_lower': 12, 'rsi_upper': 98, 'en_stochastic': True, 'stochastic_n': 97, 'stochastic_d': 43, 'stochastic_lower': 1, 'stochastic_upper': 95, 'en_mfi': False, 'mfi_n': 77, 'mfi_lower': 8, 'mfi_upper': 54, 'en_bollinger': False, 'bollinger_n': 56, 'bollinger_k': 3.1, 'en_adx': False, 'adx_n': 16, 'adx_threshold': 20, 'en_structure_trend': True, 'structure_trend_swing_l': 13, 'en_order_block': True, 'order_block_swing_l': 3, 'en_fvg': False, 'fvg_lookback': 35, 'en_ifvg': True, 'en_breaker': True, 'breaker_swing_l': 9, 'en_cisd': False, 'k': 3, 'en_cap_bars': True, 'cap_1min': 1109}.
[I 2026-07-13 16:14:49,154] Trial 3876 finished with values: [-328.17799833669164, -4814.316611598882, 51.9] and parameters: {'sl_soft': 0.04963847535152836, 'sl_hard_delta': 0.06382907164527017, 'tp': 0.07673838374250289, 'gate_pct': 98.93711402329589, 'dd_limit': 4.273175383953869, 'cooldown': 9, 'flip': True, 'en_ema_trend': True, 'ema_trend_fast': 192, 'ema_trend_slow': 250, 'en_sma_trend': False, 'sma_trend_fast': 392, 'sma_trend_slow': 141, 'en_macd': True, 'macd_fast': 51, 'macd_slow': 18, 'macd_signal': 40, 'en_vwap': True, 'en_keltner': True, 'keltner_n': 139, 'keltner_m': 0.7, 'en_obv': True, 'obv_slope': 58, 'en_cci': False, 'cci_n': 106, 'cci_threshold': 125, 'en_rsi': False, 'rsi_n': 96, 'rsi_lower': 12, 'rsi_upper': 77, 'en_stochastic': False, 'stochastic_n': 45, 'stochastic_d': 29, 'stochastic_lower': 7, 'stochastic_upper': 84, 'en_mfi': False, 'mfi_n': 36, 'mfi_lower': 6, 'mfi_upper': 52, 'en_bollinger': False, 'bollinger_n': 63, 'bollinger_k': 4.8, 'en_adx': False, 'adx_n': 36, 'adx_threshold': 44, 'en_structure_trend': True, 'structure_trend_swing_l': 1, 'en_order_block': True, 'order_block_swing_l': 14, 'en_fvg': False, 'fvg_lookback': 40, 'en_ifvg': True, 'en_breaker': True, 'breaker_swing_l': 15, 'en_cisd': True, 'k': 2, 'en_cap_bars': False, 'cap_1min': 839}.
[I 2026-07-13 16:14:49,361] Trial 3877 pruned. 
[I 2026-07-13 16:14:49,547] Trial 3878 pruned. 
[I 2026-07-13 16:14:49,908] Trial 3879 finished with values: [4863.162221567005, -2582.7604885954097, 52.0] and parameters: {'sl_soft': 0.052196885259142164, 'sl_hard_delta': 0.010346872380968307, 'tp': 0.08485800408712069, 'gate_pct': 99.47218267450155, 'dd_limit': 1.4726436036009025, 'cooldown': 0, 'flip': True, 'en_ema_trend': True, 'ema_trend_fast': 279, 'ema_trend_slow': 307, 'en_sma_trend': True, 'sma_trend_fast': 180, 'sma_trend_slow': 319, 'en_macd': False, 'macd_fast': 93, 'macd_slow': 10, 'macd_signal': 27, 'en_vwap': False, 'en_keltner': True, 'keltner_n': 102, 'keltner_m': 2.5, 'en_obv': True, 'obv_slope': 14, 'en_cci': False, 'cci_n': 116, 'cci_threshold': 200, 'en_rsi': False, 'rsi_n': 62, 'rsi_lower': 15, 'rsi_upper': 77, 'en_stochastic': True, 'stochastic_n': 97, 'stochastic_d': 38, 'stochastic_lower': 1, 'stochastic_upper': 66, 'en_mfi': False, 'mfi_n': 9, 'mfi_lower': 11, 'mfi_upper': 54, 'en_bollinger': False, 'bollinger_n': 44, 'bollinger_k': 3.1, 'en_adx': False, 'adx_n': 16, 'adx_threshold': 20, 'en_structure_trend': True, 'structure_trend_swing_l': 18, 'en_order_block': True, 'order_block_swing_l': 3, 'en_fvg': True, 'fvg_lookback': 2, 'en_ifvg': False, 'en_breaker': True, 'breaker_swing_l': 9, 'en_cisd': False, 'k': 1, 'en_cap_bars': True, 'cap_1min': 963}.
[I 2026-07-13 16:14:50,347] Trial 3880 pruned. 
[I 2026-07-13 16:14:51,454] Trial 3881 finished with values: [2041.314737599489, -3049.708328625762, 44.8] and parameters: {'sl_soft': 0.04963847535152836, 'sl_hard_delta': 0.013727192771364187, 'tp': 0.08485800408712069, 'gate_pct': 99.47218267450155, 'dd_limit': 1.4726436036009025, 'cooldown': 0, 'flip': True, 'en_ema_trend': True, 'ema_trend_fast': 351, 'ema_trend_slow': 18, 'en_sma_trend': True, 'sma_trend_fast': 392, 'sma_trend_slow': 12, 'en_macd': False, 'macd_fast': 60, 'macd_slow': 18, 'macd_signal': 40, 'en_vwap': True, 'en_keltner': False, 'keltner_n': 139, 'keltner_m': 2.5, 'en_obv': True, 'obv_slope': 14, 'en_cci': False, 'cci_n': 106, 'cci_threshold': 25, 'en_rsi': False, 'rsi_n': 96, 'rsi_lower': 12, 'rsi_upper': 77, 'en_stochastic': False, 'stochastic_n': 83, 'stochastic_d': 38, 'stochastic_lower': 1, 'stochastic_upper': 61, 'en_mfi': True, 'mfi_n': 13, 'mfi_lower': 8, 'mfi_upper': 83, 'en_bollinger': False, 'bollinger_n': 149, 'bollinger_k': 3.1, 'en_adx': False, 'adx_n': 16, 'adx_threshold': 20, 'en_structure_trend': True, 'structure_trend_swing_l': 13, 'en_order_block': True, 'order_block_swing_l': 3, 'en_fvg': True, 'fvg_lookback': 2, 'en_ifvg': True, 'en_breaker': True, 'breaker_swing_l': 9, 'en_cisd': False, 'k': 2, 'en_cap_bars': True, 'cap_1min': 963}.
[I 2026-07-13 16:14:52,355] Trial 3882 finished with values: [523.6268768793371, -1986.6343617051996, 43.5] and parameters: {'sl_soft': 0.04963847535152836, 'sl_hard_delta': 0.0155516131087132, 'tp': 0.08485800408712069, 'gate_pct': 98.93711402329589, 'dd_limit': 1.4726436036009025, 'cooldown': 0, 'flip': True, 'en_ema_trend': True, 'ema_trend_fast': 351, 'ema_trend_slow': 307, 'en_sma_trend': True, 'sma_trend_fast': 392, 'sma_trend_slow': 319, 'en_macd': True, 'macd_fast': 93, 'macd_slow': 62, 'macd_signal': 40, 'en_vwap': False, 'en_keltner': False, 'keltner_n': 139, 'keltner_m': 2.5, 'en_obv': True, 'obv_slope': 14, 'en_cci': False, 'cci_n': 106, 'cci_threshold': 200, 'en_rsi': False, 'rsi_n': 34, 'rsi_lower': 12, 'rsi_upper': 98, 'en_stochastic': False, 'stochastic_n': 83, 'stochastic_d': 43, 'stochastic_lower': 1, 'stochastic_upper': 66, 'en_mfi': True, 'mfi_n': 55, 'mfi_lower': 11, 'mfi_upper': 54, 'en_bollinger': True, 'bollinger_n': 56, 'bollinger_k': 3.1, 'en_adx': False, 'adx_n': 42, 'adx_threshold': 12, 'en_structure_trend': True, 'structure_trend_swing_l': 13, 'en_order_block': True, 'order_block_swing_l': 16, 'en_fvg': True, 'fvg_lookback': 2, 'en_ifvg': True, 'en_breaker': True, 'breaker_swing_l': 9, 'en_cisd': False, 'k': 5, 'en_cap_bars': True, 'cap_1min': 963}.
[I 2026-07-13 16:14:52,815] Trial 3883 finished with values: [3935.817423448711, -2546.645588580745, 60.650000000000006] and parameters: {'sl_soft': 0.04963847535152836, 'sl_hard_delta': 0.0155516131087132, 'tp': 0.04939294172156869, 'gate_pct': 98.93711402329589, 'dd_limit': 1.4726436036009025, 'cooldown': 0, 'flip': True, 'en_ema_trend': True, 'ema_trend_fast': 351, 'ema_trend_slow': 367, 'en_sma_trend': False, 'sma_trend_fast': 392, 'sma_trend_slow': 356, 'en_macd': True, 'macd_fast': 70, 'macd_slow': 18, 'macd_signal': 40, 'en_vwap': True, 'en_keltner': False, 'keltner_n': 139, 'keltner_m': 2.5, 'en_obv': True, 'obv_slope': 14, 'en_cci': False, 'cci_n': 106, 'cci_threshold': 155, 'en_rsi': False, 'rsi_n': 96, 'rsi_lower': 12, 'rsi_upper': 98, 'en_stochastic': False, 'stochastic_n': 97, 'stochastic_d': 4, 'stochastic_lower': 38, 'stochastic_upper': 95, 'en_mfi': False, 'mfi_n': 36, 'mfi_lower': 8, 'mfi_upper': 76, 'en_bollinger': True, 'bollinger_n': 56, 'bollinger_k': 3.1, 'en_adx': False, 'adx_n': 48, 'adx_threshold': 44, 'en_structure_trend': True, 'structure_trend_swing_l': 13, 'en_order_block': True, 'order_block_swing_l': 3, 'en_fvg': False, 'fvg_lookback': 11, 'en_ifvg': True, 'en_breaker': True, 'breaker_swing_l': 9, 'en_cisd': False, 'k': 2, 'en_cap_bars': False, 'cap_1min': 483}.
