[I 2026-07-13 16:19:02,110] Trial 3955 finished with values: [36.07410880373885, -8116.750448839273, 64.65] and parameters: {'sl_soft': 0.02949052716025995, 'sl_hard_delta': 0.10879162926439315, 'tp': 0.04490461800882547, 'gate_pct': 97.87184393359011, 'dd_limit': 2.4528084273798805, 'cooldown': 0, 'flip': True, 'en_ema_trend': False, 'ema_trend_fast': 270, 'ema_trend_slow': 294, 'en_sma_trend': False, 'sma_trend_fast': 44, 'sma_trend_slow': 103, 'en_macd': False, 'macd_fast': 10, 'macd_slow': 72, 'macd_signal': 61, 'en_vwap': False, 'en_keltner': True, 'keltner_n': 135, 'keltner_m': 2.1, 'en_obv': True, 'obv_slope': 129, 'en_cci': True, 'cci_n': 172, 'cci_threshold': 290, 'en_rsi': True, 'rsi_n': 7, 'rsi_lower': 18, 'rsi_upper': 58, 'en_stochastic': False, 'stochastic_n': 98, 'stochastic_d': 28, 'stochastic_lower': 4, 'stochastic_upper': 91, 'en_mfi': True, 'mfi_n': 97, 'mfi_lower': 11, 'mfi_upper': 70, 'en_bollinger': True, 'bollinger_n': 169, 'bollinger_k': 4.2, 'en_adx': False, 'adx_n': 22, 'adx_threshold': 49, 'en_structure_trend': False, 'structure_trend_swing_l': 4, 'en_order_block': False, 'order_block_swing_l': 16, 'en_fvg': True, 'fvg_lookback': 19, 'en_ifvg': False, 'en_breaker': False, 'breaker_swing_l': 14, 'en_cisd': True, 'k': 3, 'en_cap_bars': True, 'cap_1min': 878}.
[I 2026-07-13 16:19:02,558] Trial 3956 pruned. 
[I 2026-07-13 16:19:08,348] Trial 3957 finished with values: [884.1918435325263, -5260.989801609311, 39.0] and parameters: {'sl_soft': 0.07787542705544737, 'sl_hard_delta': 0.03015108663934192, 'tp': 0.16369789677360067, 'gate_pct': 97.66578486655469, 'dd_limit': 2.4528084273798805, 'cooldown': 2, 'flip': True, 'en_ema_trend': False, 'ema_trend_fast': 113, 'ema_trend_slow': 397, 'en_sma_trend': True, 'sma_trend_fast': 337, 'sma_trend_slow': 356, 'en_macd': False, 'macd_fast': 70, 'macd_slow': 133, 'macd_signal': 61, 'en_vwap': False, 'en_keltner': False, 'keltner_n': 99, 'keltner_m': 3.0, 'en_obv': True, 'obv_slope': 13, 'en_cci': True, 'cci_n': 197, 'cci_threshold': 290, 'en_rsi': True, 'rsi_n': 71, 'rsi_lower': 18, 'rsi_upper': 58, 'en_stochastic': True, 'stochastic_n': 98, 'stochastic_d': 28, 'stochastic_lower': 4, 'stochastic_upper': 78, 'en_mfi': True, 'mfi_n': 8, 'mfi_lower': 11, 'mfi_upper': 70, 'en_bollinger': False, 'bollinger_n': 169, 'bollinger_k': 4.2, 'en_adx': False, 'adx_n': 22, 'adx_threshold': 17, 'en_structure_trend': False, 'structure_trend_swing_l': 1, 'en_order_block': False, 'order_block_swing_l': 4, 'en_fvg': True, 'fvg_lookback': 7, 'en_ifvg': False, 'en_breaker': False, 'breaker_swing_l': 19, 'en_cisd': True, 'k': 3, 'en_cap_bars': True, 'cap_1min': 1243}.
[I 2026-07-13 16:19:10,471] Trial 3958 finished with values: [1386.8058066609924, -4576.5123187561585, 66.65] and parameters: {'sl_soft': 0.02949052716025995, 'sl_hard_delta': 0.10879162926439315, 'tp': 0.04490461800882547, 'gate_pct': 97.66578486655469, 'dd_limit': 2.4528084273798805, 'cooldown': 2, 'flip': True, 'en_ema_trend': False, 'ema_trend_fast': 270, 'ema_trend_slow': 294, 'en_sma_trend': False, 'sma_trend_fast': 198, 'sma_trend_slow': 325, 'en_macd': False, 'macd_fast': 64, 'macd_slow': 3, 'macd_signal': 61, 'en_vwap': False, 'en_keltner': True, 'keltner_n': 170, 'keltner_m': 1.1, 'en_obv': True, 'obv_slope': 129, 'en_cci': True, 'cci_n': 134, 'cci_threshold': 145, 'en_rsi': False, 'rsi_n': 7, 'rsi_lower': 31, 'rsi_upper': 58, 'en_stochastic': False, 'stochastic_n': 82, 'stochastic_d': 43, 'stochastic_lower': 4, 'stochastic_upper': 87, 'en_mfi': True, 'mfi_n': 19, 'mfi_lower': 11, 'mfi_upper': 70, 'en_bollinger': True, 'bollinger_n': 169, 'bollinger_k': 4.2, 'en_adx': False, 'adx_n': 22, 'adx_threshold': 49, 'en_structure_trend': False, 'structure_trend_swing_l': 7, 'en_order_block': False, 'order_block_swing_l': 16, 'en_fvg': True, 'fvg_lookback': 19, 'en_ifvg': False, 'en_breaker': False, 'breaker_swing_l': 14, 'en_cisd': True, 'k': 3, 'en_cap_bars': True, 'cap_1min': 878}.
[I 2026-07-13 16:19:10,791] Trial 3959 finished with values: [941.8789954104413, -4144.618118004324, 46.45] and parameters: {'sl_soft': 0.09561626693152817, 'sl_hard_delta': 0.05280977471915283, 'tp': 0.18978054300184755, 'gate_pct': 99.55888908721671, 'dd_limit': 6.844711394584541, 'cooldown': 6, 'flip': True, 'en_ema_trend': True, 'ema_trend_fast': 23, 'ema_trend_slow': 3, 'en_sma_trend': False, 'sma_trend_fast': 175, 'sma_trend_slow': 325, 'en_macd': True, 'macd_fast': 64, 'macd_slow': 53, 'macd_signal': 45, 'en_vwap': True, 'en_keltner': False, 'keltner_n': 43, 'keltner_m': 0.7, 'en_obv': True, 'obv_slope': 169, 'en_cci': True, 'cci_n': 7, 'cci_threshold': 145, 'en_rsi': False, 'rsi_n': 73, 'rsi_lower': 9, 'rsi_upper': 74, 'en_stochastic': True, 'stochastic_n': 6, 'stochastic_d': 43, 'stochastic_lower': 21, 'stochastic_upper': 97, 'en_mfi': False, 'mfi_n': 60, 'mfi_lower': 23, 'mfi_upper': 57, 'en_bollinger': True, 'bollinger_n': 31, 'bollinger_k': 1.1, 'en_adx': False, 'adx_n': 35, 'adx_threshold': 37, 'en_structure_trend': True, 'structure_trend_swing_l': 7, 'en_order_block': False, 'order_block_swing_l': 18, 'en_fvg': False, 'fvg_lookback': 32, 'en_ifvg': False, 'en_breaker': False, 'breaker_swing_l': 14, 'en_cisd': True, 'k': 1, 'en_cap_bars': False, 'cap_1min': 1239}.
[I 2026-07-13 16:19:12,058] Trial 3960 finished with values: [-332.2224955116404, -4987.422145636345, 75.0] and parameters: {'sl_soft': 0.06423559890121558, 'sl_hard_delta': 0.17424252774383417, 'tp': 0.03810555008976396, 'gate_pct': 97.66578486655469, 'dd_limit': 3.021375135532224, 'cooldown': 2, 'flip': True, 'en_ema_trend': False, 'ema_trend_fast': 323, 'ema_trend_slow': 294, 'en_sma_trend': False, 'sma_trend_fast': 198, 'sma_trend_slow': 319, 'en_macd': True, 'macd_fast': 64, 'macd_slow': 123, 'macd_signal': 73, 'en_vwap': True, 'en_keltner': True, 'keltner_n': 135, 'keltner_m': 2.1, 'en_obv': True, 'obv_slope': 129, 'en_cci': True, 'cci_n': 134, 'cci_threshold': 145, 'en_rsi': True, 'rsi_n': 95, 'rsi_lower': 31, 'rsi_upper': 58, 'en_stochastic': True, 'stochastic_n': 6, 'stochastic_d': 43, 'stochastic_lower': 37, 'stochastic_upper': 97, 'en_mfi': False, 'mfi_n': 27, 'mfi_lower': 38, 'mfi_upper': 79, 'en_bollinger': False, 'bollinger_n': 155, 'bollinger_k': 4.2, 'en_adx': False, 'adx_n': 22, 'adx_threshold': 47, 'en_structure_trend': False, 'structure_trend_swing_l': 7, 'en_order_block': False, 'order_block_swing_l': 20, 'en_fvg': True, 'fvg_lookback': 32, 'en_ifvg': False, 'en_breaker': True, 'breaker_swing_l': 19, 'en_cisd': True, 'k': 2, 'en_cap_bars': False, 'cap_1min': 1243}.
[I 2026-07-13 16:19:12,358] Trial 3961 pruned. 
[I 2026-07-13 16:19:17,889] Trial 3962 finished with values: [2086.5520021580505, -3267.130044364919, 47.4] and parameters: {'sl_soft': 0.07787542705544737, 'sl_hard_delta': 0.05280977471915283, 'tp': 0.18978054300184755, 'gate_pct': 97.66578486655469, 'dd_limit': 6.844711394584541, 'cooldown': 6, 'flip': True, 'en_ema_trend': True, 'ema_trend_fast': 323, 'ema_trend_slow': 397, 'en_sma_trend': False, 'sma_trend_fast': 198, 'sma_trend_slow': 325, 'en_macd': False, 'macd_fast': 70, 'macd_slow': 150, 'macd_signal': 61, 'en_vwap': False, 'en_keltner': False, 'keltner_n': 43, 'keltner_m': 0.7, 'en_obv': True, 'obv_slope': 19, 'en_cci': True, 'cci_n': 197, 'cci_threshold': 145, 'en_rsi': False, 'rsi_n': 73, 'rsi_lower': 1, 'rsi_upper': 58, 'en_stochastic': True, 'stochastic_n': 6, 'stochastic_d': 43, 'stochastic_lower': 21, 'stochastic_upper': 90, 'en_mfi': False, 'mfi_n': 8, 'mfi_lower': 11, 'mfi_upper': 57, 'en_bollinger': False, 'bollinger_n': 169, 'bollinger_k': 4.2, 'en_adx': False, 'adx_n': 39, 'adx_threshold': 47, 'en_structure_trend': True, 'structure_trend_swing_l': 7, 'en_order_block': False, 'order_block_swing_l': 5, 'en_fvg': False, 'fvg_lookback': 40, 'en_ifvg': False, 'en_breaker': False, 'breaker_swing_l': 14, 'en_cisd': True, 'k': 1, 'en_cap_bars': False, 'cap_1min': 1239}.
[I 2026-07-13 16:19:18,266] Trial 3963 finished with values: [2048.436903207911, -4937.330549040979, 39.5] and parameters: {'sl_soft': 0.02949052716025995, 'sl_hard_delta': 0.17424252774383417, 'tp': 0.16369789677360067, 'gate_pct': 97.87184393359011, 'dd_limit': 3.021375135532224, 'cooldown': 0, 'flip': True, 'en_ema_trend': False, 'ema_trend_fast': 342, 'ema_trend_slow': 397, 'en_sma_trend': False, 'sma_trend_fast': 44, 'sma_trend_slow': 319, 'en_macd': False, 'macd_fast': 10, 'macd_slow': 72, 'macd_signal': 61, 'en_vwap': False, 'en_keltner': True, 'keltner_n': 153, 'keltner_m': 2.1, 'en_obv': True, 'obv_slope': 129, 'en_cci': True, 'cci_n': 172, 'cci_threshold': 290, 'en_rsi': True, 'rsi_n': 71, 'rsi_lower': 18, 'rsi_upper': 58, 'en_stochastic': True, 'stochastic_n': 98, 'stochastic_d': 28, 'stochastic_lower': 21, 'stochastic_upper': 91, 'en_mfi': True, 'mfi_n': 97, 'mfi_lower': 11, 'mfi_upper': 70, 'en_bollinger': False, 'bollinger_n': 169, 'bollinger_k': 1.0, 'en_adx': False, 'adx_n': 22, 'adx_threshold': 47, 'en_structure_trend': False, 'structure_trend_swing_l': 4, 'en_order_block': False, 'order_block_swing_l': 4, 'en_fvg': True, 'fvg_lookback': 19, 'en_ifvg': False, 'en_breaker': False, 'breaker_swing_l': 18, 'en_cisd': True, 'k': 3, 'en_cap_bars': True, 'cap_1min': 1243}.
[I 2026-07-13 16:19:18,904] Trial 3964 finished with values: [787.2228754464136, -5708.9137805263645, 39.8] and parameters: {'sl_soft': 0.02949052716025995, 'sl_hard_delta': 0.10879162926439315, 'tp': 0.16369789677360067, 'gate_pct': 97.66578486655469, 'dd_limit': 3.021375135532224, 'cooldown': 2, 'flip': True, 'en_ema_trend': False, 'ema_trend_fast': 342, 'ema_trend_slow': 397, 'en_sma_trend': False, 'sma_trend_fast': 198, 'sma_trend_slow': 325, 'en_macd': False, 'macd_fast': 10, 'macd_slow': 72, 'macd_signal': 19, 'en_vwap': False, 'en_keltner': True, 'keltner_n': 153, 'keltner_m': 2.1, 'en_obv': True, 'obv_slope': 13, 'en_cci': True, 'cci_n': 172, 'cci_threshold': 290, 'en_rsi': False, 'rsi_n': 96, 'rsi_lower': 18, 'rsi_upper': 58, 'en_stochastic': False, 'stochastic_n': 82, 'stochastic_d': 43, 'stochastic_lower': 21, 'stochastic_upper': 78, 'en_mfi': False, 'mfi_n': 8, 'mfi_lower': 11, 'mfi_upper': 70, 'en_bollinger': False, 'bollinger_n': 17, 'bollinger_k': 4.2, 'en_adx': False, 'adx_n': 11, 'adx_threshold': 47, 'en_structure_trend': False, 'structure_trend_swing_l': 7, 'en_order_block': False, 'order_block_swing_l': 5, 'en_fvg': True, 'fvg_lookback': 19, 'en_ifvg': False, 'en_breaker': False, 'breaker_swing_l': 3, 'en_cisd': True, 'k': 3, 'en_cap_bars': True, 'cap_1min': 59}.
[I 2026-07-13 16:19:20,353] Trial 3965 finished with values: [-517.2248299156822, -7250.088349029583, 36.8] and parameters: {'sl_soft': 0.07922784441362493, 'sl_hard_delta': 0.18214915788981723, 'tp': 0.18978054300184755, 'gate_pct': 99.55888908721671, 'dd_limit': 6.844711394584541, 'cooldown': 6, 'flip': True, 'en_ema_trend': True, 'ema_trend_fast': 72, 'ema_trend_slow': 294, 'en_sma_trend': False, 'sma_trend_fast': 105, 'sma_trend_slow': 379, 'en_macd': True, 'macd_fast': 64, 'macd_slow': 53, 'macd_signal': 3, 'en_vwap': True, 'en_keltner': False, 'keltner_n': 43, 'keltner_m': 0.7, 'en_obv': True, 'obv_slope': 19, 'en_cci': True, 'cci_n': 7, 'cci_threshold': 145, 'en_rsi': False, 'rsi_n': 73, 'rsi_lower': 5, 'rsi_upper': 74, 'en_stochastic': False, 'stochastic_n': 6, 'stochastic_d': 37, 'stochastic_lower': 21, 'stochastic_upper': 97, 'en_mfi': False, 'mfi_n': 60, 'mfi_lower': 23, 'mfi_upper': 57, 'en_bollinger': False, 'bollinger_n': 172, 'bollinger_k': 1.1, 'en_adx': False, 'adx_n': 39, 'adx_threshold': 49, 'en_structure_trend': True, 'structure_trend_swing_l': 7, 'en_order_block': False, 'order_block_swing_l': 4, 'en_fvg': False, 'fvg_lookback': 32, 'en_ifvg': False, 'en_breaker': False, 'breaker_swing_l': 14, 'en_cisd': True, 'k': 1, 'en_cap_bars': True, 'cap_1min': 1239}.
[I 2026-07-13 16:19:28,754] Trial 3966 finished with values: [-399.6262309007285, -11042.051701470515, 76.55] and parameters: {'sl_soft': 0.09561626693152817, 'sl_hard_delta': 0.17424252774383417, 'tp': 0.04490461800882547, 'gate_pct': 97.66578486655469, 'dd_limit': 2.4528084273798805, 'cooldown': 0, 'flip': True, 'en_ema_trend': False, 'ema_trend_fast': 270, 'ema_trend_slow': 391, 'en_sma_trend': False, 'sma_trend_fast': 198, 'sma_trend_slow': 319, 'en_macd': True, 'macd_fast': 2, 'macd_slow': 123, 'macd_signal': 19, 'en_vwap': False, 'en_keltner': True, 'keltner_n': 98, 'keltner_m': 2.1, 'en_obv': True, 'obv_slope': 129, 'en_cci': True, 'cci_n': 134, 'cci_threshold': 145, 'en_rsi': True, 'rsi_n': 95, 'rsi_lower': 21, 'rsi_upper': 94, 'en_stochastic': True, 'stochastic_n': 98, 'stochastic_d': 28, 'stochastic_lower': 4, 'stochastic_upper': 75, 'en_mfi': False, 'mfi_n': 97, 'mfi_lower': 38, 'mfi_upper': 79, 'en_bollinger': True, 'bollinger_n': 155, 'bollinger_k': 4.2, 'en_adx': False, 'adx_n': 22, 'adx_threshold': 47, 'en_structure_trend': False, 'structure_trend_swing_l': 1, 'en_order_block': False, 'order_block_swing_l': 4, 'en_fvg': True, 'fvg_lookback': 19, 'en_ifvg': False, 'en_breaker': False, 'breaker_swing_l': 18, 'en_cisd': True, 'k': 3, 'en_cap_bars': True, 'cap_1min': 1243}.
[I 2026-07-13 16:19:29,159] Trial 3967 finished with values: [1116.6207894047282, -5451.576394584485, 44.3] and parameters: {'sl_soft': 0.035486083657367995, 'sl_hard_delta': 0.04269284514679842, 'tp': 0.11965293792891196, 'gate_pct': 99.55888908721671, 'dd_limit': 5.319419455229414, 'cooldown': 2, 'flip': True, 'en_ema_trend': False, 'ema_trend_fast': 114, 'ema_trend_slow': 294, 'en_sma_trend': False, 'sma_trend_fast': 44, 'sma_trend_slow': 117, 'en_macd': True, 'macd_fast': 2, 'macd_slow': 188, 'macd_signal': 19, 'en_vwap': False, 'en_keltner': False, 'keltner_n': 43, 'keltner_m': 3.0, 'en_obv': True, 'obv_slope': 146, 'en_cci': True, 'cci_n': 54, 'cci_threshold': 135, 'en_rsi': False, 'rsi_n': 73, 'rsi_lower': 18, 'rsi_upper': 75, 'en_stochastic': False, 'stochastic_n': 62, 'stochastic_d': 43, 'stochastic_lower': 21, 'stochastic_upper': 91, 'en_mfi': True, 'mfi_n': 60, 'mfi_lower': 16, 'mfi_upper': 51, 'en_bollinger': True, 'bollinger_n': 17, 'bollinger_k': 2.4000000000000004, 'en_adx': False, 'adx_n': 11, 'adx_threshold': 48, 'en_structure_trend': True, 'structure_trend_swing_l': 7, 'en_order_block': False, 'order_block_swing_l': 4, 'en_fvg': True, 'fvg_lookback': 7, 'en_ifvg': False, 'en_breaker': False, 'breaker_swing_l': 20, 'en_cisd': False, 'k': 4, 'en_cap_bars': False, 'cap_1min': 59}.
[I 2026-07-13 16:19:29,439] Trial 3968 pruned. 
[I 2026-07-13 16:19:30,490] Trial 3969 finished with values: [938.3195477049001, -2894.883129701071, 37.5] and parameters: {'sl_soft': 0.02949052716025995, 'sl_hard_delta': 0.17424252774383417, 'tp': 0.16369789677360067, 'gate_pct': 97.66578486655469, 'dd_limit': 3.021375135532224, 'cooldown': 0, 'flip': True, 'en_ema_trend': False, 'ema_trend_fast': 342, 'ema_trend_slow': 397, 'en_sma_trend': False, 'sma_trend_fast': 44, 'sma_trend_slow': 319, 'en_macd': False, 'macd_fast': 10, 'macd_slow': 3, 'macd_signal': 61, 'en_vwap': False, 'en_keltner': True, 'keltner_n': 153, 'keltner_m': 2.1, 'en_obv': True, 'obv_slope': 129, 'en_cci': True, 'cci_n': 134, 'cci_threshold': 145, 'en_rsi': True, 'rsi_n': 71, 'rsi_lower': 31, 'rsi_upper': 58, 'en_stochastic': True, 'stochastic_n': 82, 'stochastic_d': 17, 'stochastic_lower': 4, 'stochastic_upper': 78, 'en_mfi': True, 'mfi_n': 97, 'mfi_lower': 11, 'mfi_upper': 70, 'en_bollinger': True, 'bollinger_n': 169, 'bollinger_k': 1.0, 'en_adx': False, 'adx_n': 22, 'adx_threshold': 47, 'en_structure_trend': False, 'structure_trend_swing_l': 4, 'en_order_block': False, 'order_block_swing_l': 4, 'en_fvg': False, 'fvg_lookback': 19, 'en_ifvg': False, 'en_breaker': False, 'breaker_swing_l': 18, 'en_cisd': True, 'k': 3, 'en_cap_bars': True, 'cap_1min': 1243}.
[I 2026-07-13 16:19:32,028] Trial 3970 finished with values: [2097.429894029563, -6081.184192375169, 43.05] and parameters: {'sl_soft': 0.07787542705544737, 'sl_hard_delta': 0.03015108663934192, 'tp': 0.16369789677360067, 'gate_pct': 96.55581491038738, 'dd_limit': 2.4528084273798805, 'cooldown': 2, 'flip': True, 'en_ema_trend': True, 'ema_trend_fast': 114, 'ema_trend_slow': 397, 'en_sma_trend': False, 'sma_trend_fast': 44, 'sma_trend_slow': 356, 'en_macd': False, 'macd_fast': 2, 'macd_slow': 188, 'macd_signal': 61, 'en_vwap': False, 'en_keltner': True, 'keltner_n': 135, 'keltner_m': 3.0, 'en_obv': True, 'obv_slope': 13, 'en_cci': True, 'cci_n': 197, 'cci_threshold': 145, 'en_rsi': False, 'rsi_n': 96, 'rsi_lower': 1, 'rsi_upper': 94, 'en_stochastic': False, 'stochastic_n': 82, 'stochastic_d': 28, 'stochastic_lower': 4, 'stochastic_upper': 78, 'en_mfi': False, 'mfi_n': 8, 'mfi_lower': 11, 'mfi_upper': 70, 'en_bollinger': False, 'bollinger_n': 155, 'bollinger_k': 4.2, 'en_adx': False, 'adx_n': 48, 'adx_threshold': 47, 'en_structure_trend': False, 'structure_trend_swing_l': 9, 'en_order_block': False, 'order_block_swing_l': 5, 'en_fvg': False, 'fvg_lookback': 40, 'en_ifvg': False, 'en_breaker': True, 'breaker_swing_l': 3, 'en_cisd': True, 'k': 3, 'en_cap_bars': True, 'cap_1min': 839}.
[I 2026-07-13 16:19:32,554] Trial 3971 finished with values: [-146.90330306379406, -10942.181206348003, 60.95] and parameters: {'sl_soft': 0.02949052716025995, 'sl_hard_delta': 0.17424252774383417, 'tp': 0.04490461800882547, 'gate_pct': 97.66578486655469, 'dd_limit': 2.4528084273798805, 'cooldown': 2, 'flip': True, 'en_ema_trend': False, 'ema_trend_fast': 323, 'ema_trend_slow': 294, 'en_sma_trend': True, 'sma_trend_fast': 177, 'sma_trend_slow': 117, 'en_macd': False, 'macd_fast': 64, 'macd_slow': 3, 'macd_signal': 61, 'en_vwap': False, 'en_keltner': True, 'keltner_n': 135, 'keltner_m': 3.0, 'en_obv': True, 'obv_slope': 72, 'en_cci': True, 'cci_n': 7, 'cci_threshold': 135, 'en_rsi': False, 'rsi_n': 7, 'rsi_lower': 31, 'rsi_upper': 58, 'en_stochastic': False, 'stochastic_n': 62, 'stochastic_d': 41, 'stochastic_lower': 21, 'stochastic_upper': 91, 'en_mfi': False, 'mfi_n': 9, 'mfi_lower': 11, 'mfi_upper': 57, 'en_bollinger': False, 'bollinger_n': 169, 'bollinger_k': 4.2, 'en_adx': False, 'adx_n': 22, 'adx_threshold': 49, 'en_structure_trend': False, 'structure_trend_swing_l': 7, 'en_order_block': False, 'order_block_swing_l': 20, 'en_fvg': True, 'fvg_lookback': 32, 'en_ifvg': False, 'en_breaker': False, 'breaker_swing_l': 20, 'en_cisd': True, 'k': 3, 'en_cap_bars': True, 'cap_1min': 878}.
[I 2026-07-13 16:19:34,183] Trial 3972 finished with values: [-1892.4706381812766, -12783.288040893234, 34.9] and parameters: {'sl_soft': 0.07922784441362493, 'sl_hard_delta': 0.17424252774383417, 'tp': 0.18978054300184755, 'gate_pct': 97.87184393359011, 'dd_limit': 3.021375135532224, 'cooldown': 0, 'flip': True, 'en_ema_trend': False, 'ema_trend_fast': 342, 'ema_trend_slow': 397, 'en_sma_trend': False, 'sma_trend_fast': 44, 'sma_trend_slow': 325, 'en_macd': True, 'macd_fast': 64, 'macd_slow': 72, 'macd_signal': 61, 'en_vwap': True, 'en_keltner': True, 'keltner_n': 153, 'keltner_m': 0.7, 'en_obv': True, 'obv_slope': 19, 'en_cci': True, 'cci_n': 7, 'cci_threshold': 145, 'en_rsi': False, 'rsi_n': 73, 'rsi_lower': 18, 'rsi_upper': 74, 'en_stochastic': True, 'stochastic_n': 45, 'stochastic_d': 28, 'stochastic_lower': 21, 'stochastic_upper': 91, 'en_mfi': True, 'mfi_n': 60, 'mfi_lower': 23, 'mfi_upper': 70, 'en_bollinger': False, 'bollinger_n': 169, 'bollinger_k': 1.0, 'en_adx': False, 'adx_n': 22, 'adx_threshold': 49, 'en_structure_trend': False, 'structure_trend_swing_l': 7, 'en_order_block': True, 'order_block_swing_l': 4, 'en_fvg': False, 'fvg_lookback': 19, 'en_ifvg': False, 'en_breaker': False, 'breaker_swing_l': 14, 'en_cisd': True, 'k': 3, 'en_cap_bars': True, 'cap_1min': 495}.
[I 2026-07-13 16:19:35,157] Trial 3973 finished with values: [-1004.3891399631198, -5157.2778988087, 37.25] and parameters: {'sl_soft': 0.08345559528832464, 'sl_hard_delta': 0.10879162926439315, 'tp': 0.18978054300184755, 'gate_pct': 99.55888908721671, 'dd_limit': 6.844711394584541, 'cooldown': 2, 'flip': True, 'en_ema_trend': True, 'ema_trend_fast': 323, 'ema_trend_slow': 294, 'en_sma_trend': False, 'sma_trend_fast': 198, 'sma_trend_slow': 325, 'en_macd': False, 'macd_fast': 64, 'macd_slow': 53, 'macd_signal': 2, 'en_vwap': False, 'en_keltner': False, 'keltner_n': 43, 'keltner_m': 4.5, 'en_obv': True, 'obv_slope': 129, 'en_cci': True, 'cci_n': 134, 'cci_threshold': 255, 'en_rsi': False, 'rsi_n': 73, 'rsi_lower': 26, 'rsi_upper': 74, 'en_stochastic': False, 'stochastic_n': 6, 'stochastic_d': 43, 'stochastic_lower': 21, 'stochastic_upper': 97, 'en_mfi': False, 'mfi_n': 60, 'mfi_lower': 23, 'mfi_upper': 53, 'en_bollinger': True, 'bollinger_n': 31, 'bollinger_k': 1.1, 'en_adx': False, 'adx_n': 39, 'adx_threshold': 49, 'en_structure_trend': False, 'structure_trend_swing_l': 7, 'en_order_block': False, 'order_block_swing_l': 4, 'en_fvg': False, 'fvg_lookback': 32, 'en_ifvg': False, 'en_breaker': False, 'breaker_swing_l': 19, 'en_cisd': True, 'k': 2, 'en_cap_bars': False, 'cap_1min': 495}.
