[I 2026-07-13 15:55:32,757] Trial 3019 finished with values: [170.00592051001453, -2654.909884360208, 62.25] and parameters: {'sl_soft': 0.052196885259142164, 'sl_hard_delta': 0.08668272783238536, 'tp': 0.04939294172156869, 'gate_pct': 98.93711402329589, 'dd_limit': 0.23735305616742414, 'cooldown': 8, 'flip': False, 'en_ema_trend': True, 'ema_trend_fast': 84, 'ema_trend_slow': 250, 'en_sma_trend': False, 'sma_trend_fast': 372, 'sma_trend_slow': 141, 'en_macd': False, 'macd_fast': 5, 'macd_slow': 133, 'macd_signal': 40, 'en_vwap': False, 'en_keltner': False, 'keltner_n': 139, 'keltner_m': 2.0, 'en_obv': True, 'obv_slope': 13, 'en_cci': True, 'cci_n': 106, 'cci_threshold': 25, 'en_rsi': False, 'rsi_n': 96, 'rsi_lower': 15, 'rsi_upper': 73, 'en_stochastic': False, 'stochastic_n': 77, 'stochastic_d': 38, 'stochastic_lower': 23, 'stochastic_upper': 66, 'en_mfi': False, 'mfi_n': 13, 'mfi_lower': 5, 'mfi_upper': 79, 'en_bollinger': True, 'bollinger_n': 149, 'bollinger_k': 3.1, 'en_adx': False, 'adx_n': 36, 'adx_threshold': 10, 'en_structure_trend': True, 'structure_trend_swing_l': 1, 'en_order_block': False, 'order_block_swing_l': 16, 'en_fvg': False, 'fvg_lookback': 40, 'en_ifvg': True, 'en_breaker': True, 'breaker_swing_l': 3, 'en_cisd': False, 'k': 1, 'en_cap_bars': True, 'cap_1min': 963}.
[I 2026-07-13 15:55:33,166] Trial 3020 finished with values: [897.805805714675, -3353.4031385875446, 44.55] and parameters: {'sl_soft': 0.060501146701018055, 'sl_hard_delta': 0.027238725907773563, 'tp': 0.11027886271765928, 'gate_pct': 98.93711402329589, 'dd_limit': 8.747350770951359, 'cooldown': 8, 'flip': True, 'en_ema_trend': False, 'ema_trend_fast': 93, 'ema_trend_slow': 176, 'en_sma_trend': False, 'sma_trend_fast': 392, 'sma_trend_slow': 356, 'en_macd': True, 'macd_fast': 60, 'macd_slow': 133, 'macd_signal': 40, 'en_vwap': True, 'en_keltner': False, 'keltner_n': 22, 'keltner_m': 1.2000000000000002, 'en_obv': True, 'obv_slope': 14, 'en_cci': True, 'cci_n': 112, 'cci_threshold': 180, 'en_rsi': False, 'rsi_n': 17, 'rsi_lower': 13, 'rsi_upper': 77, 'en_stochastic': False, 'stochastic_n': 45, 'stochastic_d': 43, 'stochastic_lower': 7, 'stochastic_upper': 61, 'en_mfi': False, 'mfi_n': 9, 'mfi_lower': 30, 'mfi_upper': 94, 'en_bollinger': True, 'bollinger_n': 189, 'bollinger_k': 1.1, 'en_adx': False, 'adx_n': 16, 'adx_threshold': 10, 'en_structure_trend': False, 'structure_trend_swing_l': 1, 'en_order_block': True, 'order_block_swing_l': 4, 'en_fvg': False, 'fvg_lookback': 11, 'en_ifvg': False, 'en_breaker': True, 'breaker_swing_l': 14, 'en_cisd': False, 'k': 2, 'en_cap_bars': True, 'cap_1min': 1239}.
[I 2026-07-13 15:55:34,320] Trial 3021 pruned. 
[I 2026-07-13 15:55:37,720] Trial 3022 finished with values: [-199.47307740290296, -2679.6042564841114, 74.4] and parameters: {'sl_soft': 0.05357069456355894, 'sl_hard_delta': 0.08668272783238536, 'tp': 0.04133656517073042, 'gate_pct': 98.67302380660169, 'dd_limit': 0.23735305616742414, 'cooldown': 14, 'flip': True, 'en_ema_trend': True, 'ema_trend_fast': 279, 'ema_trend_slow': 393, 'en_sma_trend': True, 'sma_trend_fast': 382, 'sma_trend_slow': 324, 'en_macd': True, 'macd_fast': 5, 'macd_slow': 49, 'macd_signal': 75, 'en_vwap': True, 'en_keltner': True, 'keltner_n': 131, 'keltner_m': 2.4000000000000004, 'en_obv': False, 'obv_slope': 167, 'en_cci': True, 'cci_n': 6, 'cci_threshold': 85, 'en_rsi': False, 'rsi_n': 62, 'rsi_lower': 34, 'rsi_upper': 93, 'en_stochastic': False, 'stochastic_n': 40, 'stochastic_d': 41, 'stochastic_lower': 13, 'stochastic_upper': 79, 'en_mfi': True, 'mfi_n': 94, 'mfi_lower': 24, 'mfi_upper': 79, 'en_bollinger': True, 'bollinger_n': 7, 'bollinger_k': 3.8000000000000003, 'en_adx': False, 'adx_n': 52, 'adx_threshold': 44, 'en_structure_trend': True, 'structure_trend_swing_l': 16, 'en_order_block': True, 'order_block_swing_l': 3, 'en_fvg': True, 'fvg_lookback': 2, 'en_ifvg': False, 'en_breaker': True, 'breaker_swing_l': 7, 'en_cisd': True, 'k': 5, 'en_cap_bars': True, 'cap_1min': 686}.
[I 2026-07-13 15:55:39,537] Trial 3023 finished with values: [-569.7293940489524, -2979.728202787655, 56.9] and parameters: {'sl_soft': 0.06296004248070106, 'sl_hard_delta': 0.06087460308907818, 'tp': 0.04939294172156869, 'gate_pct': 98.93711402329589, 'dd_limit': 9.066216783758431, 'cooldown': 14, 'flip': True, 'en_ema_trend': False, 'ema_trend_fast': 351, 'ema_trend_slow': 367, 'en_sma_trend': False, 'sma_trend_fast': 372, 'sma_trend_slow': 319, 'en_macd': True, 'macd_fast': 60, 'macd_slow': 198, 'macd_signal': 40, 'en_vwap': False, 'en_keltner': True, 'keltner_n': 61, 'keltner_m': 2.5, 'en_obv': True, 'obv_slope': 14, 'en_cci': False, 'cci_n': 106, 'cci_threshold': 30, 'en_rsi': False, 'rsi_n': 34, 'rsi_lower': 46, 'rsi_upper': 77, 'en_stochastic': False, 'stochastic_n': 97, 'stochastic_d': 3, 'stochastic_lower': 7, 'stochastic_upper': 61, 'en_mfi': False, 'mfi_n': 95, 'mfi_lower': 30, 'mfi_upper': 78, 'en_bollinger': True, 'bollinger_n': 44, 'bollinger_k': 3.1, 'en_adx': False, 'adx_n': 16, 'adx_threshold': 41, 'en_structure_trend': True, 'structure_trend_swing_l': 13, 'en_order_block': True, 'order_block_swing_l': 3, 'en_fvg': False, 'fvg_lookback': 35, 'en_ifvg': True, 'en_breaker': False, 'breaker_swing_l': 9, 'en_cisd': False, 'k': 3, 'en_cap_bars': False, 'cap_1min': 963}.
[I 2026-07-13 15:55:40,094] Trial 3024 pruned. 
[I 2026-07-13 15:55:40,483] Trial 3025 finished with values: [-470.9993662735458, -2052.9004020000834, 57.15] and parameters: {'sl_soft': 0.06296004248070106, 'sl_hard_delta': 0.0155516131087132, 'tp': 0.04939294172156869, 'gate_pct': 98.93711402329589, 'dd_limit': 9.066216783758431, 'cooldown': 8, 'flip': True, 'en_ema_trend': True, 'ema_trend_fast': 351, 'ema_trend_slow': 367, 'en_sma_trend': True, 'sma_trend_fast': 392, 'sma_trend_slow': 356, 'en_macd': False, 'macd_fast': 5, 'macd_slow': 133, 'macd_signal': 27, 'en_vwap': False, 'en_keltner': False, 'keltner_n': 139, 'keltner_m': 0.5, 'en_obv': True, 'obv_slope': 14, 'en_cci': False, 'cci_n': 106, 'cci_threshold': 200, 'en_rsi': False, 'rsi_n': 96, 'rsi_lower': 12, 'rsi_upper': 77, 'en_stochastic': False, 'stochastic_n': 97, 'stochastic_d': 43, 'stochastic_lower': 17, 'stochastic_upper': 61, 'en_mfi': False, 'mfi_n': 5, 'mfi_lower': 5, 'mfi_upper': 76, 'en_bollinger': True, 'bollinger_n': 149, 'bollinger_k': 3.8000000000000003, 'en_adx': False, 'adx_n': 16, 'adx_threshold': 10, 'en_structure_trend': True, 'structure_trend_swing_l': 1, 'en_order_block': False, 'order_block_swing_l': 12, 'en_fvg': False, 'fvg_lookback': 40, 'en_ifvg': True, 'en_breaker': True, 'breaker_swing_l': 9, 'en_cisd': False, 'k': 3, 'en_cap_bars': True, 'cap_1min': 1239}.
[I 2026-07-13 15:55:40,982] Trial 3026 finished with values: [273.8585272979499, -934.0711970514091, 58.35] and parameters: {'sl_soft': 0.04963847535152836, 'sl_hard_delta': 0.027238725907773563, 'tp': 0.04939294172156869, 'gate_pct': 99.3861717774851, 'dd_limit': 8.747350770951359, 'cooldown': 9, 'flip': True, 'en_ema_trend': True, 'ema_trend_fast': 351, 'ema_trend_slow': 290, 'en_sma_trend': False, 'sma_trend_fast': 177, 'sma_trend_slow': 356, 'en_macd': True, 'macd_fast': 61, 'macd_slow': 10, 'macd_signal': 38, 'en_vwap': False, 'en_keltner': False, 'keltner_n': 139, 'keltner_m': 0.5, 'en_obv': True, 'obv_slope': 69, 'en_cci': False, 'cci_n': 106, 'cci_threshold': 80, 'en_rsi': True, 'rsi_n': 96, 'rsi_lower': 12, 'rsi_upper': 77, 'en_stochastic': False, 'stochastic_n': 45, 'stochastic_d': 43, 'stochastic_lower': 22, 'stochastic_upper': 61, 'en_mfi': False, 'mfi_n': 9, 'mfi_lower': 43, 'mfi_upper': 62, 'en_bollinger': True, 'bollinger_n': 128, 'bollinger_k': 1.1, 'en_adx': False, 'adx_n': 22, 'adx_threshold': 10, 'en_structure_trend': False, 'structure_trend_swing_l': 1, 'en_order_block': False, 'order_block_swing_l': 5, 'en_fvg': False, 'fvg_lookback': 37, 'en_ifvg': True, 'en_breaker': False, 'breaker_swing_l': 9, 'en_cisd': True, 'k': 3, 'en_cap_bars': True, 'cap_1min': 1239}.
[I 2026-07-13 15:55:41,517] Trial 3027 finished with values: [-946.0194007852244, -11326.74868733377, 55.05] and parameters: {'sl_soft': 0.022988098270288884, 'sl_hard_delta': 0.06382907164527017, 'tp': 0.04939294172156869, 'gate_pct': 98.93711402329589, 'dd_limit': 9.740009427199718, 'cooldown': 0, 'flip': True, 'en_ema_trend': True, 'ema_trend_fast': 351, 'ema_trend_slow': 367, 'en_sma_trend': False, 'sma_trend_fast': 392, 'sma_trend_slow': 356, 'en_macd': True, 'macd_fast': 60, 'macd_slow': 18, 'macd_signal': 24, 'en_vwap': False, 'en_keltner': False, 'keltner_n': 139, 'keltner_m': 0.5, 'en_obv': True, 'obv_slope': 135, 'en_cci': False, 'cci_n': 106, 'cci_threshold': 155, 'en_rsi': False, 'rsi_n': 96, 'rsi_lower': 4, 'rsi_upper': 77, 'en_stochastic': False, 'stochastic_n': 97, 'stochastic_d': 43, 'stochastic_lower': 22, 'stochastic_upper': 91, 'en_mfi': False, 'mfi_n': 95, 'mfi_lower': 8, 'mfi_upper': 55, 'en_bollinger': True, 'bollinger_n': 128, 'bollinger_k': 3.1, 'en_adx': False, 'adx_n': 28, 'adx_threshold': 10, 'en_structure_trend': True, 'structure_trend_swing_l': 1, 'en_order_block': False, 'order_block_swing_l': 8, 'en_fvg': True, 'fvg_lookback': 40, 'en_ifvg': True, 'en_breaker': True, 'breaker_swing_l': 9, 'en_cisd': True, 'k': 3, 'en_cap_bars': False, 'cap_1min': 634}.
[I 2026-07-13 15:55:44,871] Trial 3028 finished with values: [-714.9717371195585, -1826.2671119796892, 46.25] and parameters: {'sl_soft': 0.05357069456355894, 'sl_hard_delta': 0.08668272783238536, 'tp': 0.07393035676685698, 'gate_pct': 98.67302380660169, 'dd_limit': 4.273175383953869, 'cooldown': 9, 'flip': True, 'en_ema_trend': False, 'ema_trend_fast': 279, 'ema_trend_slow': 290, 'en_sma_trend': False, 'sma_trend_fast': 334, 'sma_trend_slow': 116, 'en_macd': True, 'macd_fast': 51, 'macd_slow': 10, 'macd_signal': 36, 'en_vwap': True, 'en_keltner': True, 'keltner_n': 39, 'keltner_m': 0.7, 'en_obv': True, 'obv_slope': 24, 'en_cci': False, 'cci_n': 6, 'cci_threshold': 200, 'en_rsi': True, 'rsi_n': 22, 'rsi_lower': 15, 'rsi_upper': 77, 'en_stochastic': False, 'stochastic_n': 91, 'stochastic_d': 29, 'stochastic_lower': 1, 'stochastic_upper': 84, 'en_mfi': False, 'mfi_n': 46, 'mfi_lower': 6, 'mfi_upper': 79, 'en_bollinger': True, 'bollinger_n': 63, 'bollinger_k': 3.8000000000000003, 'en_adx': False, 'adx_n': 22, 'adx_threshold': 27, 'en_structure_trend': True, 'structure_trend_swing_l': 4, 'en_order_block': True, 'order_block_swing_l': 3, 'en_fvg': True, 'fvg_lookback': 40, 'en_ifvg': True, 'en_breaker': True, 'breaker_swing_l': 5, 'en_cisd': False, 'k': 1, 'en_cap_bars': True, 'cap_1min': 1243}.
[I 2026-07-13 15:55:46,796] Trial 3029 finished with values: [-731.5207201839867, -3274.42767098745, 33.099999999999994] and parameters: {'sl_soft': 0.03390445607748107, 'sl_hard_delta': 0.0155516131087132, 'tp': 0.07673838374250289, 'gate_pct': 95.72859018663851, 'dd_limit': 4.273175383953869, 'cooldown': 9, 'flip': False, 'en_ema_trend': True, 'ema_trend_fast': 192, 'ema_trend_slow': 290, 'en_sma_trend': False, 'sma_trend_fast': 8, 'sma_trend_slow': 116, 'en_macd': True, 'macd_fast': 70, 'macd_slow': 10, 'macd_signal': 36, 'en_vwap': True, 'en_keltner': True, 'keltner_n': 131, 'keltner_m': 0.5, 'en_obv': True, 'obv_slope': 24, 'en_cci': False, 'cci_n': 39, 'cci_threshold': 155, 'en_rsi': False, 'rsi_n': 22, 'rsi_lower': 3, 'rsi_upper': 77, 'en_stochastic': False, 'stochastic_n': 45, 'stochastic_d': 43, 'stochastic_lower': 23, 'stochastic_upper': 84, 'en_mfi': False, 'mfi_n': 38, 'mfi_lower': 6, 'mfi_upper': 79, 'en_bollinger': False, 'bollinger_n': 165, 'bollinger_k': 0.7, 'en_adx': False, 'adx_n': 22, 'adx_threshold': 27, 'en_structure_trend': False, 'structure_trend_swing_l': 4, 'en_order_block': True, 'order_block_swing_l': 11, 'en_fvg': True, 'fvg_lookback': 40, 'en_ifvg': False, 'en_breaker': False, 'breaker_swing_l': 9, 'en_cisd': True, 'k': 3, 'en_cap_bars': True, 'cap_1min': 908}.
[I 2026-07-13 15:55:49,752] Trial 3030 finished with values: [189.2452601252437, -3489.2692586834783, 44.05] and parameters: {'sl_soft': 0.04963847535152836, 'sl_hard_delta': 0.0155516131087132, 'tp': 0.07673838374250289, 'gate_pct': 95.82664355457476, 'dd_limit': 4.273175383953869, 'cooldown': 8, 'flip': False, 'en_ema_trend': True, 'ema_trend_fast': 351, 'ema_trend_slow': 367, 'en_sma_trend': False, 'sma_trend_fast': 8, 'sma_trend_slow': 116, 'en_macd': True, 'macd_fast': 51, 'macd_slow': 133, 'macd_signal': 40, 'en_vwap': False, 'en_keltner': True, 'keltner_n': 180, 'keltner_m': 2.2, 'en_obv': True, 'obv_slope': 13, 'en_cci': False, 'cci_n': 182, 'cci_threshold': 155, 'en_rsi': False, 'rsi_n': 22, 'rsi_lower': 12, 'rsi_upper': 77, 'en_stochastic': False, 'stochastic_n': 97, 'stochastic_d': 29, 'stochastic_lower': 22, 'stochastic_upper': 61, 'en_mfi': False, 'mfi_n': 95, 'mfi_lower': 47, 'mfi_upper': 79, 'en_bollinger': False, 'bollinger_n': 128, 'bollinger_k': 1.1, 'en_adx': False, 'adx_n': 48, 'adx_threshold': 10, 'en_structure_trend': True, 'structure_trend_swing_l': 1, 'en_order_block': True, 'order_block_swing_l': 14, 'en_fvg': False, 'fvg_lookback': 40, 'en_ifvg': True, 'en_breaker': False, 'breaker_swing_l': 5, 'en_cisd': True, 'k': 3, 'en_cap_bars': True, 'cap_1min': 908}.
[I 2026-07-13 15:55:50,076] Trial 3031 finished with values: [1243.7703944221926, -7228.928485662683, 55.8] and parameters: {'sl_soft': 0.022988098270288884, 'sl_hard_delta': 0.06382907164527017, 'tp': 0.04939294172156869, 'gate_pct': 98.93711402329589, 'dd_limit': 8.747350770951359, 'cooldown': 0, 'flip': True, 'en_ema_trend': True, 'ema_trend_fast': 330, 'ema_trend_slow': 18, 'en_sma_trend': False, 'sma_trend_fast': 137, 'sma_trend_slow': 12, 'en_macd': True, 'macd_fast': 5, 'macd_slow': 18, 'macd_signal': 24, 'en_vwap': False, 'en_keltner': False, 'keltner_n': 139, 'keltner_m': 0.5, 'en_obv': True, 'obv_slope': 13, 'en_cci': False, 'cci_n': 62, 'cci_threshold': 155, 'en_rsi': False, 'rsi_n': 96, 'rsi_lower': 4, 'rsi_upper': 93, 'en_stochastic': False, 'stochastic_n': 97, 'stochastic_d': 43, 'stochastic_lower': 25, 'stochastic_upper': 91, 'en_mfi': False, 'mfi_n': 29, 'mfi_lower': 8, 'mfi_upper': 76, 'en_bollinger': False, 'bollinger_n': 56, 'bollinger_k': 4.8, 'en_adx': False, 'adx_n': 28, 'adx_threshold': 50, 'en_structure_trend': True, 'structure_trend_swing_l': 13, 'en_order_block': False, 'order_block_swing_l': 5, 'en_fvg': True, 'fvg_lookback': 11, 'en_ifvg': True, 'en_breaker': True, 'breaker_swing_l': 9, 'en_cisd': False, 'k': 2, 'en_cap_bars': False, 'cap_1min': 483}.
[I 2026-07-13 15:55:51,750] Trial 3032 finished with values: [-692.9303525333987, -7388.532292668624, 56.599999999999994] and parameters: {'sl_soft': 0.06296004248070106, 'sl_hard_delta': 0.0155516131087132, 'tp': 0.04939294172156869, 'gate_pct': 98.93711402329589, 'dd_limit': 8.747350770951359, 'cooldown': 8, 'flip': True, 'en_ema_trend': True, 'ema_trend_fast': 351, 'ema_trend_slow': 367, 'en_sma_trend': False, 'sma_trend_fast': 392, 'sma_trend_slow': 356, 'en_macd': True, 'macd_fast': 5, 'macd_slow': 133, 'macd_signal': 27, 'en_vwap': False, 'en_keltner': True, 'keltner_n': 139, 'keltner_m': 0.5, 'en_obv': True, 'obv_slope': 13, 'en_cci': False, 'cci_n': 106, 'cci_threshold': 25, 'en_rsi': False, 'rsi_n': 96, 'rsi_lower': 12, 'rsi_upper': 98, 'en_stochastic': False, 'stochastic_n': 97, 'stochastic_d': 43, 'stochastic_lower': 17, 'stochastic_upper': 91, 'en_mfi': False, 'mfi_n': 95, 'mfi_lower': 47, 'mfi_upper': 76, 'en_bollinger': True, 'bollinger_n': 128, 'bollinger_k': 3.1, 'en_adx': False, 'adx_n': 42, 'adx_threshold': 10, 'en_structure_trend': True, 'structure_trend_swing_l': 1, 'en_order_block': False, 'order_block_swing_l': 5, 'en_fvg': False, 'fvg_lookback': 40, 'en_ifvg': True, 'en_breaker': True, 'breaker_swing_l': 9, 'en_cisd': True, 'k': 3, 'en_cap_bars': False, 'cap_1min': 839}.
[I 2026-07-13 15:55:52,393] Trial 3033 finished with values: [-61.51499456320769, -2860.039411168743, 66.7] and parameters: {'sl_soft': 0.07064174057275752, 'sl_hard_delta': 0.0582717613908707, 'tp': 0.04121537520691777, 'gate_pct': 98.93711402329589, 'dd_limit': 9.066216783758431, 'cooldown': 6, 'flip': False, 'en_ema_trend': True, 'ema_trend_fast': 351, 'ema_trend_slow': 393, 'en_sma_trend': True, 'sma_trend_fast': 372, 'sma_trend_slow': 12, 'en_macd': True, 'macd_fast': 60, 'macd_slow': 74, 'macd_signal': 40, 'en_vwap': False, 'en_keltner': False, 'keltner_n': 61, 'keltner_m': 5.0, 'en_obv': False, 'obv_slope': 191, 'en_cci': False, 'cci_n': 34, 'cci_threshold': 25, 'en_rsi': False, 'rsi_n': 34, 'rsi_lower': 34, 'rsi_upper': 99, 'en_stochastic': False, 'stochastic_n': 40, 'stochastic_d': 41, 'stochastic_lower': 13, 'stochastic_upper': 91, 'en_mfi': True, 'mfi_n': 77, 'mfi_lower': 24, 'mfi_upper': 97, 'en_bollinger': True, 'bollinger_n': 165, 'bollinger_k': 3.1, 'en_adx': False, 'adx_n': 36, 'adx_threshold': 44, 'en_structure_trend': True, 'structure_trend_swing_l': 16, 'en_order_block': True, 'order_block_swing_l': 12, 'en_fvg': False, 'fvg_lookback': 11, 'en_ifvg': True, 'en_breaker': True, 'breaker_swing_l': 7, 'en_cisd': True, 'k': 3, 'en_cap_bars': False, 'cap_1min': 963}.
[I 2026-07-13 15:55:52,936] Trial 3034 finished with values: [-1259.6565544187397, -2108.384959074456, 46.65] and parameters: {'sl_soft': 0.06296004248070106, 'sl_hard_delta': 0.0155516131087132, 'tp': 0.04939294172156869, 'gate_pct': 98.93711402329589, 'dd_limit': 9.066216783758431, 'cooldown': 8, 'flip': True, 'en_ema_trend': True, 'ema_trend_fast': 351, 'ema_trend_slow': 367, 'en_sma_trend': False, 'sma_trend_fast': 372, 'sma_trend_slow': 356, 'en_macd': True, 'macd_fast': 70, 'macd_slow': 133, 'macd_signal': 40, 'en_vwap': False, 'en_keltner': False, 'keltner_n': 139, 'keltner_m': 0.5, 'en_obv': True, 'obv_slope': 13, 'en_cci': False, 'cci_n': 106, 'cci_threshold': 25, 'en_rsi': False, 'rsi_n': 96, 'rsi_lower': 12, 'rsi_upper': 77, 'en_stochastic': False, 'stochastic_n': 97, 'stochastic_d': 39, 'stochastic_lower': 17, 'stochastic_upper': 91, 'en_mfi': False, 'mfi_n': 77, 'mfi_lower': 47, 'mfi_upper': 76, 'en_bollinger': True, 'bollinger_n': 56, 'bollinger_k': 3.1, 'en_adx': False, 'adx_n': 48, 'adx_threshold': 10, 'en_structure_trend': True, 'structure_trend_swing_l': 13, 'en_order_block': False, 'order_block_swing_l': 5, 'en_fvg': False, 'fvg_lookback': 40, 'en_ifvg': True, 'en_breaker': True, 'breaker_swing_l': 9, 'en_cisd': True, 'k': 3, 'en_cap_bars': False, 'cap_1min': 963}.
[I 2026-07-13 15:55:53,592] Trial 3035 finished with values: [-260.2997274195395, -3968.464019432077, 63.95] and parameters: {'sl_soft': 0.06296004248070106, 'sl_hard_delta': 0.08668272783238536, 'tp': 0.04121537520691777, 'gate_pct': 98.93711402329589, 'dd_limit': 0.23735305616742414, 'cooldown': 8, 'flip': True, 'en_ema_trend': True, 'ema_trend_fast': 351, 'ema_trend_slow': 250, 'en_sma_trend': True, 'sma_trend_fast': 372, 'sma_trend_slow': 324, 'en_macd': False, 'macd_fast': 60, 'macd_slow': 18, 'macd_signal': 75, 'en_vwap': False, 'en_keltner': False, 'keltner_n': 61, 'keltner_m': 5.0, 'en_obv': False, 'obv_slope': 167, 'en_cci': False, 'cci_n': 10, 'cci_threshold': 200, 'en_rsi': True, 'rsi_n': 62, 'rsi_lower': 12, 'rsi_upper': 93, 'en_stochastic': False, 'stochastic_n': 97, 'stochastic_d': 9, 'stochastic_lower': 1, 'stochastic_upper': 91, 'en_mfi': True, 'mfi_n': 77, 'mfi_lower': 5, 'mfi_upper': 76, 'en_bollinger': True, 'bollinger_n': 56, 'bollinger_k': 3.8000000000000003, 'en_adx': False, 'adx_n': 42, 'adx_threshold': 17, 'en_structure_trend': True, 'structure_trend_swing_l': 1, 'en_order_block': True, 'order_block_swing_l': 12, 'en_fvg': False, 'fvg_lookback': 11, 'en_ifvg': True, 'en_breaker': True, 'breaker_swing_l': 16, 'en_cisd': False, 'k': 1, 'en_cap_bars': False, 'cap_1min': 963}.
[I 2026-07-13 15:55:59,641] Trial 3036 finished with values: [-234.9382635784636, -1764.7414969683705, 36.95] and parameters: {'sl_soft': 0.052196885259142164, 'sl_hard_delta': 0.010346872380968307, 'tp': 0.08485800408712069, 'gate_pct': 99.47218267450155, 'dd_limit': 3.021375135532224, 'cooldown': 8, 'flip': True, 'en_ema_trend': True, 'ema_trend_fast': 279, 'ema_trend_slow': 125, 'en_sma_trend': True, 'sma_trend_fast': 50, 'sma_trend_slow': 319, 'en_macd': False, 'macd_fast': 93, 'macd_slow': 133, 'macd_signal': 27, 'en_vwap': False, 'en_keltner': False, 'keltner_n': 39, 'keltner_m': 2.5, 'en_obv': True, 'obv_slope': 14, 'en_cci': True, 'cci_n': 116, 'cci_threshold': 200, 'en_rsi': False, 'rsi_n': 62, 'rsi_lower': 15, 'rsi_upper': 98, 'en_stochastic': True, 'stochastic_n': 97, 'stochastic_d': 38, 'stochastic_lower': 1, 'stochastic_upper': 66, 'en_mfi': True, 'mfi_n': 77, 'mfi_lower': 11, 'mfi_upper': 54, 'en_bollinger': True, 'bollinger_n': 149, 'bollinger_k': 3.8000000000000003, 'en_adx': False, 'adx_n': 16, 'adx_threshold': 20, 'en_structure_trend': True, 'structure_trend_swing_l': 13, 'en_order_block': True, 'order_block_swing_l': 12, 'en_fvg': True, 'fvg_lookback': 2, 'en_ifvg': False, 'en_breaker': True, 'breaker_swing_l': 9, 'en_cisd': False, 'k': 3, 'en_cap_bars': True, 'cap_1min': 483}.
