[I 2026-07-13 15:37:16,490] Trial 2521 finished with values: [-462.99848603435873, -3425.0599344571237, 32.15] and parameters: {'sl_soft': 0.013599830501224357, 'sl_hard_delta': 0.06245105124488918, 'tp': 0.08701296495156424, 'gate_pct': 95.15790739353048, 'dd_limit': 3.177401405918999, 'cooldown': 5, 'flip': False, 'en_ema_trend': True, 'ema_trend_fast': 126, 'ema_trend_slow': 112, 'en_sma_trend': False, 'sma_trend_fast': 134, 'sma_trend_slow': 94, 'en_macd': True, 'macd_fast': 16, 'macd_slow': 168, 'macd_signal': 43, 'en_vwap': False, 'en_keltner': True, 'keltner_n': 177, 'keltner_m': 2.3, 'en_obv': False, 'obv_slope': 99, 'en_cci': True, 'cci_n': 20, 'cci_threshold': 65, 'en_rsi': True, 'rsi_n': 97, 'rsi_lower': 31, 'rsi_upper': 71, 'en_stochastic': False, 'stochastic_n': 41, 'stochastic_d': 40, 'stochastic_lower': 12, 'stochastic_upper': 79, 'en_mfi': False, 'mfi_n': 52, 'mfi_lower': 2, 'mfi_upper': 79, 'en_bollinger': False, 'bollinger_n': 143, 'bollinger_k': 2.6, 'en_adx': False, 'adx_n': 77, 'adx_threshold': 44, 'en_structure_trend': True, 'structure_trend_swing_l': 3, 'en_order_block': True, 'order_block_swing_l': 9, 'en_fvg': False, 'fvg_lookback': 17, 'en_ifvg': False, 'en_breaker': True, 'breaker_swing_l': 14, 'en_cisd': True, 'k': 4, 'en_cap_bars': False, 'cap_1min': 535}.
[I 2026-07-13 15:37:25,416] Trial 2522 finished with values: [-1559.8240816943587, -6542.412216927182, 57.45] and parameters: {'sl_soft': 0.07161009218976556, 'sl_hard_delta': 0.0737256970400244, 'tp': 0.07393035676685698, 'gate_pct': 98.67302380660169, 'dd_limit': 5.851157727915591, 'cooldown': 5, 'flip': False, 'en_ema_trend': False, 'ema_trend_fast': 279, 'ema_trend_slow': 150, 'en_sma_trend': True, 'sma_trend_fast': 334, 'sma_trend_slow': 302, 'en_macd': True, 'macd_fast': 18, 'macd_slow': 41, 'macd_signal': 65, 'en_vwap': True, 'en_keltner': True, 'keltner_n': 72, 'keltner_m': 2.8000000000000003, 'en_obv': False, 'obv_slope': 25, 'en_cci': False, 'cci_n': 100, 'cci_threshold': 125, 'en_rsi': True, 'rsi_n': 71, 'rsi_lower': 27, 'rsi_upper': 92, 'en_stochastic': True, 'stochastic_n': 5, 'stochastic_d': 23, 'stochastic_lower': 14, 'stochastic_upper': 83, 'en_mfi': False, 'mfi_n': 62, 'mfi_lower': 47, 'mfi_upper': 97, 'en_bollinger': False, 'bollinger_n': 7, 'bollinger_k': 4.2, 'en_adx': False, 'adx_n': 44, 'adx_threshold': 17, 'en_structure_trend': False, 'structure_trend_swing_l': 19, 'en_order_block': True, 'order_block_swing_l': 3, 'en_fvg': False, 'fvg_lookback': 8, 'en_ifvg': True, 'en_breaker': True, 'breaker_swing_l': 9, 'en_cisd': False, 'k': 1, 'en_cap_bars': True, 'cap_1min': 1243}.
[I 2026-07-13 15:37:25,824] Trial 2523 pruned. 
[I 2026-07-13 15:37:26,113] Trial 2524 finished with values: [-147.14925931800235, -3228.088929721907, 40.7] and parameters: {'sl_soft': 0.026628720080307165, 'sl_hard_delta': 0.02084648420630802, 'tp': 0.05699274132071329, 'gate_pct': 96.54380504120698, 'dd_limit': 4.125389121894992, 'cooldown': 5, 'flip': False, 'en_ema_trend': False, 'ema_trend_fast': 393, 'ema_trend_slow': 260, 'en_sma_trend': False, 'sma_trend_fast': 13, 'sma_trend_slow': 311, 'en_macd': True, 'macd_fast': 85, 'macd_slow': 106, 'macd_signal': 34, 'en_vwap': True, 'en_keltner': False, 'keltner_n': 99, 'keltner_m': 2.4000000000000004, 'en_obv': False, 'obv_slope': 146, 'en_cci': True, 'cci_n': 33, 'cci_threshold': 180, 'en_rsi': False, 'rsi_n': 15, 'rsi_lower': 39, 'rsi_upper': 65, 'en_stochastic': False, 'stochastic_n': 2, 'stochastic_d': 7, 'stochastic_lower': 8, 'stochastic_upper': 91, 'en_mfi': True, 'mfi_n': 76, 'mfi_lower': 33, 'mfi_upper': 83, 'en_bollinger': False, 'bollinger_n': 46, 'bollinger_k': 0.7, 'en_adx': False, 'adx_n': 63, 'adx_threshold': 39, 'en_structure_trend': True, 'structure_trend_swing_l': 14, 'en_order_block': False, 'order_block_swing_l': 19, 'en_fvg': True, 'fvg_lookback': 18, 'en_ifvg': True, 'en_breaker': False, 'breaker_swing_l': 11, 'en_cisd': False, 'k': 5, 'en_cap_bars': False, 'cap_1min': 715}.
[I 2026-07-13 15:37:29,433] Trial 2525 finished with values: [-663.729022822004, -2680.4119635868774, 43.55] and parameters: {'sl_soft': 0.060501146701018055, 'sl_hard_delta': 0.027238725907773563, 'tp': 0.11027886271765928, 'gate_pct': 99.3861717774851, 'dd_limit': 6.844711394584541, 'cooldown': 13, 'flip': True, 'en_ema_trend': False, 'ema_trend_fast': 93, 'ema_trend_slow': 176, 'en_sma_trend': True, 'sma_trend_fast': 177, 'sma_trend_slow': 351, 'en_macd': True, 'macd_fast': 60, 'macd_slow': 93, 'macd_signal': 38, 'en_vwap': True, 'en_keltner': True, 'keltner_n': 22, 'keltner_m': 1.2000000000000002, 'en_obv': True, 'obv_slope': 69, 'en_cci': False, 'cci_n': 112, 'cci_threshold': 180, 'en_rsi': False, 'rsi_n': 78, 'rsi_lower': 13, 'rsi_upper': 63, 'en_stochastic': False, 'stochastic_n': 45, 'stochastic_d': 43, 'stochastic_lower': 38, 'stochastic_upper': 72, 'en_mfi': False, 'mfi_n': 9, 'mfi_lower': 46, 'mfi_upper': 94, 'en_bollinger': False, 'bollinger_n': 189, 'bollinger_k': 1.1, 'en_adx': False, 'adx_n': 37, 'adx_threshold': 26, 'en_structure_trend': True, 'structure_trend_swing_l': 2, 'en_order_block': True, 'order_block_swing_l': 4, 'en_fvg': True, 'fvg_lookback': 40, 'en_ifvg': False, 'en_breaker': True, 'breaker_swing_l': 14, 'en_cisd': False, 'k': 2, 'en_cap_bars': True, 'cap_1min': 1239}.
[I 2026-07-13 15:37:30,662] Trial 2526 pruned. 
[I 2026-07-13 15:37:32,934] Trial 2527 finished with values: [-895.4849242590863, -3771.2189240806974, 32.05] and parameters: {'sl_soft': 0.013024198998339042, 'sl_hard_delta': 0.03065058310397703, 'tp': 0.07018400223274873, 'gate_pct': 91.28320752104035, 'dd_limit': 3.6482276224843235, 'cooldown': 2, 'flip': False, 'en_ema_trend': True, 'ema_trend_fast': 286, 'ema_trend_slow': 26, 'en_sma_trend': True, 'sma_trend_fast': 371, 'sma_trend_slow': 394, 'en_macd': True, 'macd_fast': 34, 'macd_slow': 189, 'macd_signal': 23, 'en_vwap': True, 'en_keltner': True, 'keltner_n': 151, 'keltner_m': 1.1, 'en_obv': False, 'obv_slope': 152, 'en_cci': True, 'cci_n': 29, 'cci_threshold': 285, 'en_rsi': False, 'rsi_n': 62, 'rsi_lower': 11, 'rsi_upper': 60, 'en_stochastic': False, 'stochastic_n': 30, 'stochastic_d': 33, 'stochastic_lower': 40, 'stochastic_upper': 83, 'en_mfi': False, 'mfi_n': 17, 'mfi_lower': 41, 'mfi_upper': 89, 'en_bollinger': True, 'bollinger_n': 78, 'bollinger_k': 1.5, 'en_adx': False, 'adx_n': 34, 'adx_threshold': 5, 'en_structure_trend': False, 'structure_trend_swing_l': 11, 'en_order_block': False, 'order_block_swing_l': 6, 'en_fvg': True, 'fvg_lookback': 19, 'en_ifvg': True, 'en_breaker': True, 'breaker_swing_l': 7, 'en_cisd': False, 'k': 2, 'en_cap_bars': True, 'cap_1min': 1363}.
[I 2026-07-13 15:37:33,247] Trial 2528 finished with values: [-1771.814111835574, -5226.890172345474, 38.9] and parameters: {'sl_soft': 0.05285629351500726, 'sl_hard_delta': 0.05410799105197541, 'tp': 0.11504078613367294, 'gate_pct': 91.21620031722058, 'dd_limit': 4.072380669921269, 'cooldown': 2, 'flip': True, 'en_ema_trend': False, 'ema_trend_fast': 94, 'ema_trend_slow': 53, 'en_sma_trend': True, 'sma_trend_fast': 123, 'sma_trend_slow': 326, 'en_macd': True, 'macd_fast': 6, 'macd_slow': 97, 'macd_signal': 38, 'en_vwap': False, 'en_keltner': True, 'keltner_n': 88, 'keltner_m': 1.4, 'en_obv': True, 'obv_slope': 51, 'en_cci': True, 'cci_n': 27, 'cci_threshold': 45, 'en_rsi': True, 'rsi_n': 100, 'rsi_lower': 38, 'rsi_upper': 68, 'en_stochastic': False, 'stochastic_n': 93, 'stochastic_d': 47, 'stochastic_lower': 45, 'stochastic_upper': 89, 'en_mfi': False, 'mfi_n': 17, 'mfi_lower': 47, 'mfi_upper': 68, 'en_bollinger': False, 'bollinger_n': 13, 'bollinger_k': 2.4000000000000004, 'en_adx': True, 'adx_n': 5, 'adx_threshold': 44, 'en_structure_trend': True, 'structure_trend_swing_l': 16, 'en_order_block': False, 'order_block_swing_l': 15, 'en_fvg': False, 'fvg_lookback': 1, 'en_ifvg': False, 'en_breaker': True, 'breaker_swing_l': 17, 'en_cisd': False, 'k': 2, 'en_cap_bars': True, 'cap_1min': 306}.
[I 2026-07-13 15:37:35,010] Trial 2529 finished with values: [208.63936270879788, -8949.423863903547, 54.4] and parameters: {'sl_soft': 0.016597837824193863, 'sl_hard_delta': 0.052839064352241484, 'tp': 0.036150468677287155, 'gate_pct': 97.91001047364318, 'dd_limit': 8.500064493297096, 'cooldown': 0, 'flip': True, 'en_ema_trend': False, 'ema_trend_fast': 213, 'ema_trend_slow': 378, 'en_sma_trend': False, 'sma_trend_fast': 47, 'sma_trend_slow': 30, 'en_macd': True, 'macd_fast': 80, 'macd_slow': 7, 'macd_signal': 28, 'en_vwap': True, 'en_keltner': False, 'keltner_n': 176, 'keltner_m': 1.7000000000000002, 'en_obv': False, 'obv_slope': 120, 'en_cci': False, 'cci_n': 180, 'cci_threshold': 205, 'en_rsi': False, 'rsi_n': 13, 'rsi_lower': 3, 'rsi_upper': 88, 'en_stochastic': False, 'stochastic_n': 96, 'stochastic_d': 38, 'stochastic_lower': 25, 'stochastic_upper': 61, 'en_mfi': True, 'mfi_n': 15, 'mfi_lower': 35, 'mfi_upper': 98, 'en_bollinger': False, 'bollinger_n': 125, 'bollinger_k': 4.7, 'en_adx': False, 'adx_n': 7, 'adx_threshold': 52, 'en_structure_trend': True, 'structure_trend_swing_l': 8, 'en_order_block': True, 'order_block_swing_l': 16, 'en_fvg': True, 'fvg_lookback': 49, 'en_ifvg': True, 'en_breaker': True, 'breaker_swing_l': 18, 'en_cisd': True, 'k': 5, 'en_cap_bars': False, 'cap_1min': 713}.
[I 2026-07-13 15:37:41,463] Trial 2530 finished with values: [223.0291732335488, -880.3078185945167, 69.7] and parameters: {'sl_soft': 0.052196885259142164, 'sl_hard_delta': 0.06386467845975724, 'tp': 0.0455758906119309, 'gate_pct': 99.47218267450155, 'dd_limit': 0.23735305616742414, 'cooldown': 14, 'flip': False, 'en_ema_trend': True, 'ema_trend_fast': 84, 'ema_trend_slow': 250, 'en_sma_trend': True, 'sma_trend_fast': 353, 'sma_trend_slow': 141, 'en_macd': False, 'macd_fast': 81, 'macd_slow': 18, 'macd_signal': 6, 'en_vwap': True, 'en_keltner': False, 'keltner_n': 39, 'keltner_m': 4.7, 'en_obv': True, 'obv_slope': 157, 'en_cci': True, 'cci_n': 6, 'cci_threshold': 300, 'en_rsi': False, 'rsi_n': 68, 'rsi_lower': 15, 'rsi_upper': 89, 'en_stochastic': True, 'stochastic_n': 77, 'stochastic_d': 6, 'stochastic_lower': 23, 'stochastic_upper': 66, 'en_mfi': False, 'mfi_n': 62, 'mfi_lower': 2, 'mfi_upper': 79, 'en_bollinger': True, 'bollinger_n': 122, 'bollinger_k': 3.9000000000000004, 'en_adx': False, 'adx_n': 64, 'adx_threshold': 38, 'en_structure_trend': True, 'structure_trend_swing_l': 13, 'en_order_block': False, 'order_block_swing_l': 15, 'en_fvg': False, 'fvg_lookback': 50, 'en_ifvg': False, 'en_breaker': False, 'breaker_swing_l': 11, 'en_cisd': True, 'k': 2, 'en_cap_bars': True, 'cap_1min': 483}.
[I 2026-07-13 15:37:43,596] Trial 2531 finished with values: [-424.7639398792913, -4749.401217819836, 38.5] and parameters: {'sl_soft': 0.021042893494625382, 'sl_hard_delta': 0.06087460308907818, 'tp': 0.04939294172156869, 'gate_pct': 98.14251198602311, 'dd_limit': 1.4726436036009025, 'cooldown': 7, 'flip': False, 'en_ema_trend': False, 'ema_trend_fast': 27, 'ema_trend_slow': 14, 'en_sma_trend': False, 'sma_trend_fast': 392, 'sma_trend_slow': 319, 'en_macd': True, 'macd_fast': 91, 'macd_slow': 188, 'macd_signal': 26, 'en_vwap': False, 'en_keltner': False, 'keltner_n': 139, 'keltner_m': 2.5, 'en_obv': True, 'obv_slope': 198, 'en_cci': False, 'cci_n': 55, 'cci_threshold': 155, 'en_rsi': False, 'rsi_n': 81, 'rsi_lower': 26, 'rsi_upper': 75, 'en_stochastic': False, 'stochastic_n': 88, 'stochastic_d': 46, 'stochastic_lower': 7, 'stochastic_upper': 61, 'en_mfi': True, 'mfi_n': 98, 'mfi_lower': 30, 'mfi_upper': 57, 'en_bollinger': False, 'bollinger_n': 23, 'bollinger_k': 3.7, 'en_adx': False, 'adx_n': 16, 'adx_threshold': 12, 'en_structure_trend': True, 'structure_trend_swing_l': 13, 'en_order_block': True, 'order_block_swing_l': 3, 'en_fvg': True, 'fvg_lookback': 29, 'en_ifvg': False, 'en_breaker': False, 'breaker_swing_l': 5, 'en_cisd': False, 'k': 4, 'en_cap_bars': True, 'cap_1min': 1016}.
[I 2026-07-13 15:37:50,383] Trial 2532 finished with values: [-2786.4497833634878, -6182.4669488513355, 57.3] and parameters: {'sl_soft': 0.07161009218976556, 'sl_hard_delta': 0.0728276140024374, 'tp': 0.07022549546525522, 'gate_pct': 96.87387275432529, 'dd_limit': 3.021375135532224, 'cooldown': 0, 'flip': True, 'en_ema_trend': True, 'ema_trend_fast': 60, 'ema_trend_slow': 125, 'en_sma_trend': True, 'sma_trend_fast': 334, 'sma_trend_slow': 80, 'en_macd': True, 'macd_fast': 18, 'macd_slow': 91, 'macd_signal': 65, 'en_vwap': True, 'en_keltner': False, 'keltner_n': 176, 'keltner_m': 4.0, 'en_obv': False, 'obv_slope': 165, 'en_cci': False, 'cci_n': 100, 'cci_threshold': 260, 'en_rsi': True, 'rsi_n': 71, 'rsi_lower': 18, 'rsi_upper': 86, 'en_stochastic': True, 'stochastic_n': 52, 'stochastic_d': 27, 'stochastic_lower': 14, 'stochastic_upper': 97, 'en_mfi': True, 'mfi_n': 62, 'mfi_lower': 25, 'mfi_upper': 97, 'en_bollinger': False, 'bollinger_n': 7, 'bollinger_k': 0.9, 'en_adx': False, 'adx_n': 7, 'adx_threshold': 25, 'en_structure_trend': False, 'structure_trend_swing_l': 3, 'en_order_block': True, 'order_block_swing_l': 2, 'en_fvg': True, 'fvg_lookback': 49, 'en_ifvg': True, 'en_breaker': True, 'breaker_swing_l': 16, 'en_cisd': False, 'k': 5, 'en_cap_bars': True, 'cap_1min': 713}.
[I 2026-07-13 15:37:51,748] Trial 2533 pruned. 
[I 2026-07-13 15:37:52,790] Trial 2534 pruned. 
[I 2026-07-13 15:37:54,441] Trial 2535 pruned. 
[I 2026-07-13 15:37:56,957] Trial 2536 pruned. 
[I 2026-07-13 15:37:57,320] Trial 2537 pruned. 
[I 2026-07-13 15:37:59,583] Trial 2538 finished with values: [-976.5310342882749, -4826.242450571987, 60.55] and parameters: {'sl_soft': 0.06112430088261976, 'sl_hard_delta': 0.06607657159098308, 'tp': 0.04092158104212544, 'gate_pct': 94.97650230819906, 'dd_limit': 4.1596678535630165, 'cooldown': 8, 'flip': False, 'en_ema_trend': False, 'ema_trend_fast': 149, 'ema_trend_slow': 161, 'en_sma_trend': False, 'sma_trend_fast': 321, 'sma_trend_slow': 377, 'en_macd': True, 'macd_fast': 11, 'macd_slow': 74, 'macd_signal': 89, 'en_vwap': False, 'en_keltner': True, 'keltner_n': 126, 'keltner_m': 4.1, 'en_obv': True, 'obv_slope': 100, 'en_cci': False, 'cci_n': 34, 'cci_threshold': 85, 'en_rsi': False, 'rsi_n': 74, 'rsi_lower': 46, 'rsi_upper': 90, 'en_stochastic': False, 'stochastic_n': 86, 'stochastic_d': 5, 'stochastic_lower': 40, 'stochastic_upper': 96, 'en_mfi': True, 'mfi_n': 58, 'mfi_lower': 24, 'mfi_upper': 99, 'en_bollinger': False, 'bollinger_n': 165, 'bollinger_k': 1.3, 'en_adx': False, 'adx_n': 52, 'adx_threshold': 18, 'en_structure_trend': False, 'structure_trend_swing_l': 9, 'en_order_block': True, 'order_block_swing_l': 4, 'en_fvg': True, 'fvg_lookback': 39, 'en_ifvg': False, 'en_breaker': False, 'breaker_swing_l': 12, 'en_cisd': True, 'k': 2, 'en_cap_bars': False, 'cap_1min': 577}.
[I 2026-07-13 15:38:03,153] Trial 2539 pruned. 
[I 2026-07-13 15:38:04,240] Trial 2540 pruned. 
[I 2026-07-13 15:38:12,495] Trial 2541 finished with values: [149.88228318278732, -2263.125840946287, 61.25] and parameters: {'sl_soft': 0.07161009218976556, 'sl_hard_delta': 0.005385961390851288, 'tp': 0.0544477534852183, 'gate_pct': 98.67302380660169, 'dd_limit': 2.6546638252533143, 'cooldown': 5, 'flip': True, 'en_ema_trend': False, 'ema_trend_fast': 390, 'ema_trend_slow': 273, 'en_sma_trend': True, 'sma_trend_fast': 148, 'sma_trend_slow': 83, 'en_macd': True, 'macd_fast': 32, 'macd_slow': 91, 'macd_signal': 65, 'en_vwap': True, 'en_keltner': True, 'keltner_n': 42, 'keltner_m': 2.8000000000000003, 'en_obv': False, 'obv_slope': 3, 'en_cci': True, 'cci_n': 100, 'cci_threshold': 125, 'en_rsi': False, 'rsi_n': 92, 'rsi_lower': 46, 'rsi_upper': 94, 'en_stochastic': True, 'stochastic_n': 79, 'stochastic_d': 49, 'stochastic_lower': 14, 'stochastic_upper': 79, 'en_mfi': True, 'mfi_n': 62, 'mfi_lower': 29, 'mfi_upper': 83, 'en_bollinger': True, 'bollinger_n': 7, 'bollinger_k': 0.8, 'en_adx': False, 'adx_n': 12, 'adx_threshold': 17, 'en_structure_trend': False, 'structure_trend_swing_l': 3, 'en_order_block': True, 'order_block_swing_l': 3, 'en_fvg': True, 'fvg_lookback': 33, 'en_ifvg': False, 'en_breaker': True, 'breaker_swing_l': 16, 'en_cisd': False, 'k': 1, 'en_cap_bars': False, 'cap_1min': 1243}.
[I 2026-07-13 15:38:12,881] Trial 2542 finished with values: [-1325.3118980373204, -7938.246277389716, 24.05] and parameters: {'sl_soft': 0.013599830501224357, 'sl_hard_delta': 0.06245105124488918, 'tp': 0.08701296495156424, 'gate_pct': 95.15790739353048, 'dd_limit': 3.177401405918999, 'cooldown': 5, 'flip': False, 'en_ema_trend': True, 'ema_trend_fast': 126, 'ema_trend_slow': 112, 'en_sma_trend': False, 'sma_trend_fast': 134, 'sma_trend_slow': 94, 'en_macd': True, 'macd_fast': 16, 'macd_slow': 168, 'macd_signal': 43, 'en_vwap': True, 'en_keltner': True, 'keltner_n': 177, 'keltner_m': 2.3, 'en_obv': False, 'obv_slope': 99, 'en_cci': True, 'cci_n': 20, 'cci_threshold': 65, 'en_rsi': True, 'rsi_n': 97, 'rsi_lower': 31, 'rsi_upper': 71, 'en_stochastic': False, 'stochastic_n': 41, 'stochastic_d': 40, 'stochastic_lower': 12, 'stochastic_upper': 79, 'en_mfi': False, 'mfi_n': 52, 'mfi_lower': 2, 'mfi_upper': 79, 'en_bollinger': False, 'bollinger_n': 143, 'bollinger_k': 2.6, 'en_adx': False, 'adx_n': 77, 'adx_threshold': 44, 'en_structure_trend': True, 'structure_trend_swing_l': 3, 'en_order_block': True, 'order_block_swing_l': 16, 'en_fvg': False, 'fvg_lookback': 17, 'en_ifvg': False, 'en_breaker': True, 'breaker_swing_l': 14, 'en_cisd': True, 'k': 4, 'en_cap_bars': False, 'cap_1min': 535}.
[I 2026-07-13 15:38:18,571] Trial 2543 finished with values: [-5953.703615226803, -21177.17247092051, 32.35] and parameters: {'sl_soft': 0.030297225161902704, 'sl_hard_delta': 0.022404048487151013, 'tp': 0.095095836312556, 'gate_pct': 99.47218267450155, 'dd_limit': 0.8067001316129313, 'cooldown': 0, 'flip': False, 'en_ema_trend': False, 'ema_trend_fast': 249, 'ema_trend_slow': 161, 'en_sma_trend': True, 'sma_trend_fast': 304, 'sma_trend_slow': 73, 'en_macd': True, 'macd_fast': 83, 'macd_slow': 89, 'macd_signal': 64, 'en_vwap': True, 'en_keltner': True, 'keltner_n': 39, 'keltner_m': 2.6, 'en_obv': True, 'obv_slope': 30, 'en_cci': True, 'cci_n': 36, 'cci_threshold': 100, 'en_rsi': True, 'rsi_n': 17, 'rsi_lower': 15, 'rsi_upper': 89, 'en_stochastic': False, 'stochastic_n': 77, 'stochastic_d': 37, 'stochastic_lower': 28, 'stochastic_upper': 72, 'en_mfi': True, 'mfi_n': 62, 'mfi_lower': 1, 'mfi_upper': 86, 'en_bollinger': True, 'bollinger_n': 82, 'bollinger_k': 3.6, 'en_adx': False, 'adx_n': 99, 'adx_threshold': 44, 'en_structure_trend': False, 'structure_trend_swing_l': 11, 'en_order_block': False, 'order_block_swing_l': 4, 'en_fvg': True, 'fvg_lookback': 50, 'en_ifvg': False, 'en_breaker': False, 'breaker_swing_l': 5, 'en_cisd': True, 'k': 2, 'en_cap_bars': False, 'cap_1min': 557}.
[I 2026-07-13 15:38:19,758] Trial 2544 pruned. 
[I 2026-07-13 15:38:23,263] Trial 2545 finished with values: [1805.237848750014, -4686.004005645544, 56.5] and parameters: {'sl_soft': 0.04792375555022396, 'sl_hard_delta': 0.08668272783238536, 'tp': 0.08485800408712069, 'gate_pct': 92.04638185231262, 'dd_limit': 1.2256325546234672, 'cooldown': 7, 'flip': False, 'en_ema_trend': False, 'ema_trend_fast': 193, 'ema_trend_slow': 393, 'en_sma_trend': True, 'sma_trend_fast': 50, 'sma_trend_slow': 377, 'en_macd': True, 'macd_fast': 97, 'macd_slow': 74, 'macd_signal': 27, 'en_vwap': False, 'en_keltner': True, 'keltner_n': 131, 'keltner_m': 2.0, 'en_obv': False, 'obv_slope': 2, 'en_cci': True, 'cci_n': 21, 'cci_threshold': 20, 'en_rsi': False, 'rsi_n': 40, 'rsi_lower': 34, 'rsi_upper': 73, 'en_stochastic': False, 'stochastic_n': 40, 'stochastic_d': 5, 'stochastic_lower': 26, 'stochastic_upper': 58, 'en_mfi': False, 'mfi_n': 22, 'mfi_lower': 24, 'mfi_upper': 97, 'en_bollinger': False, 'bollinger_n': 165, 'bollinger_k': 1.3, 'en_adx': False, 'adx_n': 52, 'adx_threshold': 44, 'en_structure_trend': False, 'structure_trend_swing_l': 1, 'en_order_block': True, 'order_block_swing_l': 4, 'en_fvg': True, 'fvg_lookback': 2, 'en_ifvg': False, 'en_breaker': True, 'breaker_swing_l': 3, 'en_cisd': False, 'k': 2, 'en_cap_bars': True, 'cap_1min': 1271}.
[I 2026-07-13 15:38:32,070] Trial 2546 finished with values: [-156.60821638512348, -1917.5270083357532, 44.099999999999994] and parameters: {'sl_soft': 0.05357069456355894, 'sl_hard_delta': 0.010346872380968307, 'tp': 0.07393035676685698, 'gate_pct': 98.67302380660169, 'dd_limit': 3.021375135532224, 'cooldown': 5, 'flip': True, 'en_ema_trend': True, 'ema_trend_fast': 279, 'ema_trend_slow': 125, 'en_sma_trend': True, 'sma_trend_fast': 334, 'sma_trend_slow': 324, 'en_macd': False, 'macd_fast': 93, 'macd_slow': 49, 'macd_signal': 75, 'en_vwap': True, 'en_keltner': True, 'keltner_n': 153, 'keltner_m': 3.7, 'en_obv': False, 'obv_slope': 167, 'en_cci': True, 'cci_n': 11, 'cci_threshold': 125, 'en_rsi': True, 'rsi_n': 62, 'rsi_lower': 18, 'rsi_upper': 93, 'en_stochastic': True, 'stochastic_n': 91, 'stochastic_d': 9, 'stochastic_lower': 1, 'stochastic_upper': 91, 'en_mfi': True, 'mfi_n': 46, 'mfi_lower': 11, 'mfi_upper': 54, 'en_bollinger': True, 'bollinger_n': 7, 'bollinger_k': 1.0, 'en_adx': False, 'adx_n': 12, 'adx_threshold': 17, 'en_structure_trend': False, 'structure_trend_swing_l': 13, 'en_order_block': True, 'order_block_swing_l': 3, 'en_fvg': True, 'fvg_lookback': 18, 'en_ifvg': False, 'en_breaker': True, 'breaker_swing_l': 16, 'en_cisd': False, 'k': 1, 'en_cap_bars': True, 'cap_1min': 1243}.
