[I 2026-07-13 15:52:29,257] Trial 2907 finished with values: [19.66656409296172, -2517.152071392275, 43.75] and parameters: {'sl_soft': 0.04963847535152836, 'sl_hard_delta': 0.03174292770939944, 'tp': 0.08485800408712069, 'gate_pct': 98.93711402329589, 'dd_limit': 0.23735305616742414, 'cooldown': 8, 'flip': True, 'en_ema_trend': True, 'ema_trend_fast': 103, 'ema_trend_slow': 250, 'en_sma_trend': True, 'sma_trend_fast': 375, 'sma_trend_slow': 141, 'en_macd': True, 'macd_fast': 60, 'macd_slow': 42, 'macd_signal': 27, 'en_vwap': True, 'en_keltner': False, 'keltner_n': 139, 'keltner_m': 2.5, 'en_obv': True, 'obv_slope': 14, 'en_cci': False, 'cci_n': 106, 'cci_threshold': 25, 'en_rsi': False, 'rsi_n': 96, 'rsi_lower': 15, 'rsi_upper': 77, 'en_stochastic': False, 'stochastic_n': 97, 'stochastic_d': 39, 'stochastic_lower': 7, 'stochastic_upper': 61, 'en_mfi': True, 'mfi_n': 29, 'mfi_lower': 8, 'mfi_upper': 76, 'en_bollinger': False, 'bollinger_n': 149, 'bollinger_k': 3.1, 'en_adx': False, 'adx_n': 36, 'adx_threshold': 50, 'en_structure_trend': True, 'structure_trend_swing_l': 1, 'en_order_block': True, 'order_block_swing_l': 5, 'en_fvg': False, 'fvg_lookback': 2, 'en_ifvg': True, 'en_breaker': True, 'breaker_swing_l': 9, 'en_cisd': True, 'k': 1, 'en_cap_bars': False, 'cap_1min': 839}.
[I 2026-07-13 15:52:29,524] Trial 2908 finished with values: [998.6534356607991, -1780.2075933285266, 64.6] and parameters: {'sl_soft': 0.022988098270288884, 'sl_hard_delta': 0.06382907164527017, 'tp': 0.04121537520691777, 'gate_pct': 91.11428864458729, 'dd_limit': 9.740009427199718, 'cooldown': 0, 'flip': True, 'en_ema_trend': True, 'ema_trend_fast': 330, 'ema_trend_slow': 18, 'en_sma_trend': False, 'sma_trend_fast': 137, 'sma_trend_slow': 12, 'en_macd': True, 'macd_fast': 60, 'macd_slow': 18, 'macd_signal': 24, 'en_vwap': False, 'en_keltner': False, 'keltner_n': 66, 'keltner_m': 5.0, 'en_obv': False, 'obv_slope': 191, 'en_cci': True, 'cci_n': 10, 'cci_threshold': 25, 'en_rsi': False, 'rsi_n': 24, 'rsi_lower': 4, 'rsi_upper': 93, 'en_stochastic': False, 'stochastic_n': 97, 'stochastic_d': 4, 'stochastic_lower': 25, 'stochastic_upper': 91, 'en_mfi': True, 'mfi_n': 29, 'mfi_lower': 8, 'mfi_upper': 55, 'en_bollinger': False, 'bollinger_n': 56, 'bollinger_k': 4.8, 'en_adx': False, 'adx_n': 28, 'adx_threshold': 50, 'en_structure_trend': True, 'structure_trend_swing_l': 13, 'en_order_block': False, 'order_block_swing_l': 8, 'en_fvg': False, 'fvg_lookback': 11, 'en_ifvg': True, 'en_breaker': True, 'breaker_swing_l': 2, 'en_cisd': False, 'k': 2, 'en_cap_bars': False, 'cap_1min': 634}.
[I 2026-07-13 15:52:36,163] Trial 2909 finished with values: [-308.32464773620677, -2094.467857341122, 54.2] and parameters: {'sl_soft': 0.06296004248070106, 'sl_hard_delta': 0.0499062921079193, 'tp': 0.04939294172156869, 'gate_pct': 95.82664355457476, 'dd_limit': 8.747350770951359, 'cooldown': 8, 'flip': True, 'en_ema_trend': True, 'ema_trend_fast': 351, 'ema_trend_slow': 290, 'en_sma_trend': False, 'sma_trend_fast': 8, 'sma_trend_slow': 356, 'en_macd': True, 'macd_fast': 60, 'macd_slow': 10, 'macd_signal': 36, 'en_vwap': True, 'en_keltner': False, 'keltner_n': 139, 'keltner_m': 0.7, 'en_obv': True, 'obv_slope': 14, 'en_cci': False, 'cci_n': 182, 'cci_threshold': 180, 'en_rsi': False, 'rsi_n': 96, 'rsi_lower': 12, 'rsi_upper': 77, 'en_stochastic': True, 'stochastic_n': 45, 'stochastic_d': 43, 'stochastic_lower': 23, 'stochastic_upper': 84, 'en_mfi': False, 'mfi_n': 38, 'mfi_lower': 6, 'mfi_upper': 62, 'en_bollinger': False, 'bollinger_n': 63, 'bollinger_k': 1.1, 'en_adx': False, 'adx_n': 22, 'adx_threshold': 12, 'en_structure_trend': False, 'structure_trend_swing_l': 1, 'en_order_block': True, 'order_block_swing_l': 3, 'en_fvg': True, 'fvg_lookback': 40, 'en_ifvg': True, 'en_breaker': True, 'breaker_swing_l': 9, 'en_cisd': True, 'k': 3, 'en_cap_bars': True, 'cap_1min': 908}.
[I 2026-07-13 15:52:37,714] Trial 2910 finished with values: [-1586.8703340787963, -7340.036758267988, 65.55] and parameters: {'sl_soft': 0.07064174057275752, 'sl_hard_delta': 0.0499062921079193, 'tp': 0.04133656517073042, 'gate_pct': 95.72859018663851, 'dd_limit': 3.2180873254465436, 'cooldown': 5, 'flip': True, 'en_ema_trend': True, 'ema_trend_fast': 84, 'ema_trend_slow': 393, 'en_sma_trend': True, 'sma_trend_fast': 382, 'sma_trend_slow': 116, 'en_macd': True, 'macd_fast': 97, 'macd_slow': 74, 'macd_signal': 71, 'en_vwap': True, 'en_keltner': False, 'keltner_n': 131, 'keltner_m': 2.6, 'en_obv': True, 'obv_slope': 100, 'en_cci': True, 'cci_n': 34, 'cci_threshold': 85, 'en_rsi': False, 'rsi_n': 71, 'rsi_lower': 34, 'rsi_upper': 99, 'en_stochastic': False, 'stochastic_n': 2, 'stochastic_d': 41, 'stochastic_lower': 13, 'stochastic_upper': 79, 'en_mfi': True, 'mfi_n': 76, 'mfi_lower': 6, 'mfi_upper': 97, 'en_bollinger': False, 'bollinger_n': 165, 'bollinger_k': 1.3, 'en_adx': False, 'adx_n': 63, 'adx_threshold': 27, 'en_structure_trend': False, 'structure_trend_swing_l': 11, 'en_order_block': False, 'order_block_swing_l': 19, 'en_fvg': True, 'fvg_lookback': 40, 'en_ifvg': False, 'en_breaker': True, 'breaker_swing_l': 7, 'en_cisd': True, 'k': 2, 'en_cap_bars': False, 'cap_1min': 715}.
[I 2026-07-13 15:52:38,437] Trial 2911 finished with values: [210.0150715246762, -1423.2138515654212, 58.35] and parameters: {'sl_soft': 0.06296004248070106, 'sl_hard_delta': 0.08668272783238536, 'tp': 0.08485800408712069, 'gate_pct': 98.93711402329589, 'dd_limit': 0.23735305616742414, 'cooldown': 14, 'flip': True, 'en_ema_trend': False, 'ema_trend_fast': 351, 'ema_trend_slow': 367, 'en_sma_trend': False, 'sma_trend_fast': 372, 'sma_trend_slow': 141, 'en_macd': False, 'macd_fast': 60, 'macd_slow': 18, 'macd_signal': 40, 'en_vwap': True, 'en_keltner': False, 'keltner_n': 39, 'keltner_m': 5.0, 'en_obv': True, 'obv_slope': 2, 'en_cci': False, 'cci_n': 10, 'cci_threshold': 25, 'en_rsi': False, 'rsi_n': 68, 'rsi_lower': 12, 'rsi_upper': 73, 'en_stochastic': False, 'stochastic_n': 77, 'stochastic_d': 39, 'stochastic_lower': 17, 'stochastic_upper': 66, 'en_mfi': True, 'mfi_n': 77, 'mfi_lower': 5, 'mfi_upper': 76, 'en_bollinger': True, 'bollinger_n': 56, 'bollinger_k': 3.1, 'en_adx': False, 'adx_n': 42, 'adx_threshold': 20, 'en_structure_trend': True, 'structure_trend_swing_l': 13, 'en_order_block': True, 'order_block_swing_l': 12, 'en_fvg': False, 'fvg_lookback': 11, 'en_ifvg': True, 'en_breaker': True, 'breaker_swing_l': 9, 'en_cisd': True, 'k': 3, 'en_cap_bars': False, 'cap_1min': 963}.
[I 2026-07-13 15:52:39,058] Trial 2912 pruned. 
[I 2026-07-13 15:52:40,326] Trial 2913 finished with values: [-465.47813784156847, -2369.844797867806, 38.2] and parameters: {'sl_soft': 0.026628720080307165, 'sl_hard_delta': 0.041081131287339284, 'tp': 0.08485800408712069, 'gate_pct': 99.47218267450155, 'dd_limit': 9.50807718589736, 'cooldown': 0, 'flip': True, 'en_ema_trend': False, 'ema_trend_fast': 84, 'ema_trend_slow': 250, 'en_sma_trend': True, 'sma_trend_fast': 13, 'sma_trend_slow': 311, 'en_macd': True, 'macd_fast': 85, 'macd_slow': 42, 'macd_signal': 82, 'en_vwap': True, 'en_keltner': False, 'keltner_n': 139, 'keltner_m': 2.6, 'en_obv': True, 'obv_slope': 14, 'en_cci': True, 'cci_n': 4, 'cci_threshold': 300, 'en_rsi': False, 'rsi_n': 71, 'rsi_lower': 39, 'rsi_upper': 77, 'en_stochastic': False, 'stochastic_n': 2, 'stochastic_d': 4, 'stochastic_lower': 7, 'stochastic_upper': 97, 'en_mfi': True, 'mfi_n': 76, 'mfi_lower': 1, 'mfi_upper': 64, 'en_bollinger': True, 'bollinger_n': 49, 'bollinger_k': 0.7, 'en_adx': False, 'adx_n': 42, 'adx_threshold': 38, 'en_structure_trend': True, 'structure_trend_swing_l': 1, 'en_order_block': False, 'order_block_swing_l': 16, 'en_fvg': True, 'fvg_lookback': 2, 'en_ifvg': True, 'en_breaker': False, 'breaker_swing_l': 5, 'en_cisd': False, 'k': 2, 'en_cap_bars': True, 'cap_1min': 715}.
[I 2026-07-13 15:52:47,377] Trial 2914 finished with values: [-469.01781614847613, -2701.113537888062, 58.349999999999994] and parameters: {'sl_soft': 0.060501146701018055, 'sl_hard_delta': 0.0155516131087132, 'tp': 0.04939294172156869, 'gate_pct': 98.93711402329589, 'dd_limit': 6.844711394584541, 'cooldown': 8, 'flip': True, 'en_ema_trend': True, 'ema_trend_fast': 93, 'ema_trend_slow': 125, 'en_sma_trend': False, 'sma_trend_fast': 392, 'sma_trend_slow': 356, 'en_macd': True, 'macd_fast': 70, 'macd_slow': 49, 'macd_signal': 75, 'en_vwap': True, 'en_keltner': True, 'keltner_n': 153, 'keltner_m': 0.5, 'en_obv': True, 'obv_slope': 13, 'en_cci': False, 'cci_n': 106, 'cci_threshold': 180, 'en_rsi': False, 'rsi_n': 78, 'rsi_lower': 12, 'rsi_upper': 63, 'en_stochastic': True, 'stochastic_n': 97, 'stochastic_d': 43, 'stochastic_lower': 1, 'stochastic_upper': 91, 'en_mfi': False, 'mfi_n': 24, 'mfi_lower': 46, 'mfi_upper': 79, 'en_bollinger': True, 'bollinger_n': 128, 'bollinger_k': 3.1, 'en_adx': False, 'adx_n': 37, 'adx_threshold': 10, 'en_structure_trend': True, 'structure_trend_swing_l': 2, 'en_order_block': False, 'order_block_swing_l': 3, 'en_fvg': True, 'fvg_lookback': 18, 'en_ifvg': False, 'en_breaker': False, 'breaker_swing_l': 9, 'en_cisd': True, 'k': 1, 'en_cap_bars': False, 'cap_1min': 839}.
[I 2026-07-13 15:52:47,652] Trial 2915 pruned. 
[I 2026-07-13 15:52:48,527] Trial 2916 finished with values: [-73.3459273870807, -1969.1518247302042, 60.9] and parameters: {'sl_soft': 0.06296004248070106, 'sl_hard_delta': 0.027238725907773563, 'tp': 0.04939294172156869, 'gate_pct': 98.93711402329589, 'dd_limit': 8.747350770951359, 'cooldown': 8, 'flip': True, 'en_ema_trend': True, 'ema_trend_fast': 351, 'ema_trend_slow': 367, 'en_sma_trend': False, 'sma_trend_fast': 392, 'sma_trend_slow': 356, 'en_macd': True, 'macd_fast': 60, 'macd_slow': 133, 'macd_signal': 40, 'en_vwap': False, 'en_keltner': False, 'keltner_n': 139, 'keltner_m': 0.5, 'en_obv': True, 'obv_slope': 14, 'en_cci': True, 'cci_n': 108, 'cci_threshold': 180, 'en_rsi': False, 'rsi_n': 96, 'rsi_lower': 12, 'rsi_upper': 77, 'en_stochastic': False, 'stochastic_n': 97, 'stochastic_d': 43, 'stochastic_lower': 7, 'stochastic_upper': 61, 'en_mfi': False, 'mfi_n': 5, 'mfi_lower': 30, 'mfi_upper': 79, 'en_bollinger': True, 'bollinger_n': 128, 'bollinger_k': 3.1, 'en_adx': False, 'adx_n': 16, 'adx_threshold': 10, 'en_structure_trend': False, 'structure_trend_swing_l': 1, 'en_order_block': True, 'order_block_swing_l': 5, 'en_fvg': False, 'fvg_lookback': 11, 'en_ifvg': True, 'en_breaker': True, 'breaker_swing_l': 9, 'en_cisd': False, 'k': 3, 'en_cap_bars': True, 'cap_1min': 1239}.
[I 2026-07-13 15:52:54,290] Trial 2917 finished with values: [1478.0744152944785, -9635.165181146993, 57.55] and parameters: {'sl_soft': 0.04963847535152836, 'sl_hard_delta': 0.027238725907773563, 'tp': 0.05667547582607832, 'gate_pct': 96.38141772653853, 'dd_limit': 3.021375135532224, 'cooldown': 0, 'flip': True, 'en_ema_trend': False, 'ema_trend_fast': 351, 'ema_trend_slow': 176, 'en_sma_trend': True, 'sma_trend_fast': 105, 'sma_trend_slow': 324, 'en_macd': True, 'macd_fast': 60, 'macd_slow': 133, 'macd_signal': 60, 'en_vwap': True, 'en_keltner': True, 'keltner_n': 139, 'keltner_m': 1.2000000000000002, 'en_obv': True, 'obv_slope': 58, 'en_cci': True, 'cci_n': 106, 'cci_threshold': 180, 'en_rsi': False, 'rsi_n': 40, 'rsi_lower': 12, 'rsi_upper': 77, 'en_stochastic': True, 'stochastic_n': 97, 'stochastic_d': 21, 'stochastic_lower': 30, 'stochastic_upper': 89, 'en_mfi': False, 'mfi_n': 42, 'mfi_lower': 11, 'mfi_upper': 78, 'en_bollinger': True, 'bollinger_n': 7, 'bollinger_k': 1.1, 'en_adx': False, 'adx_n': 70, 'adx_threshold': 44, 'en_structure_trend': False, 'structure_trend_swing_l': 1, 'en_order_block': True, 'order_block_swing_l': 20, 'en_fvg': True, 'fvg_lookback': 40, 'en_ifvg': False, 'en_breaker': False, 'breaker_swing_l': 7, 'en_cisd': False, 'k': 2, 'en_cap_bars': True, 'cap_1min': 839}.
[I 2026-07-13 15:52:55,878] Trial 2918 finished with values: [-735.8413953506648, -2505.7026538072687, 39.5] and parameters: {'sl_soft': 0.04963847535152836, 'sl_hard_delta': 0.0155516131087132, 'tp': 0.07673838374250289, 'gate_pct': 95.82664355457476, 'dd_limit': 4.273175383953869, 'cooldown': 9, 'flip': False, 'en_ema_trend': True, 'ema_trend_fast': 192, 'ema_trend_slow': 290, 'en_sma_trend': False, 'sma_trend_fast': 8, 'sma_trend_slow': 356, 'en_macd': True, 'macd_fast': 51, 'macd_slow': 10, 'macd_signal': 40, 'en_vwap': True, 'en_keltner': False, 'keltner_n': 180, 'keltner_m': 0.5, 'en_obv': True, 'obv_slope': 13, 'en_cci': False, 'cci_n': 106, 'cci_threshold': 200, 'en_rsi': False, 'rsi_n': 96, 'rsi_lower': 3, 'rsi_upper': 77, 'en_stochastic': False, 'stochastic_n': 97, 'stochastic_d': 29, 'stochastic_lower': 23, 'stochastic_upper': 84, 'en_mfi': False, 'mfi_n': 95, 'mfi_lower': 6, 'mfi_upper': 79, 'en_bollinger': False, 'bollinger_n': 63, 'bollinger_k': 1.1, 'en_adx': False, 'adx_n': 22, 'adx_threshold': 10, 'en_structure_trend': False, 'structure_trend_swing_l': 1, 'en_order_block': False, 'order_block_swing_l': 5, 'en_fvg': False, 'fvg_lookback': 40, 'en_ifvg': True, 'en_breaker': True, 'breaker_swing_l': 9, 'en_cisd': True, 'k': 3, 'en_cap_bars': True, 'cap_1min': 839}.
[I 2026-07-13 15:52:58,243] Trial 2919 finished with values: [-1418.1764028853472, -1962.7913897354074, 43.35] and parameters: {'sl_soft': 0.06296004248070106, 'sl_hard_delta': 0.0155516131087132, 'tp': 0.04939294172156869, 'gate_pct': 98.93711402329589, 'dd_limit': 1.4726436036009025, 'cooldown': 8, 'flip': True, 'en_ema_trend': False, 'ema_trend_fast': 351, 'ema_trend_slow': 367, 'en_sma_trend': False, 'sma_trend_fast': 372, 'sma_trend_slow': 356, 'en_macd': True, 'macd_fast': 70, 'macd_slow': 42, 'macd_signal': 40, 'en_vwap': False, 'en_keltner': False, 'keltner_n': 139, 'keltner_m': 2.5, 'en_obv': True, 'obv_slope': 13, 'en_cci': False, 'cci_n': 106, 'cci_threshold': 295, 'en_rsi': False, 'rsi_n': 34, 'rsi_lower': 12, 'rsi_upper': 77, 'en_stochastic': False, 'stochastic_n': 97, 'stochastic_d': 46, 'stochastic_lower': 17, 'stochastic_upper': 61, 'en_mfi': True, 'mfi_n': 95, 'mfi_lower': 47, 'mfi_upper': 76, 'en_bollinger': True, 'bollinger_n': 56, 'bollinger_k': 3.1, 'en_adx': False, 'adx_n': 16, 'adx_threshold': 10, 'en_structure_trend': True, 'structure_trend_swing_l': 13, 'en_order_block': True, 'order_block_swing_l': 12, 'en_fvg': False, 'fvg_lookback': 11, 'en_ifvg': True, 'en_breaker': True, 'breaker_swing_l': 9, 'en_cisd': False, 'k': 3, 'en_cap_bars': False, 'cap_1min': 963}.
[I 2026-07-13 15:52:59,617] Trial 2920 finished with values: [-272.86220979346956, -7521.401440663638, 49.4] and parameters: {'sl_soft': 0.026628720080307165, 'sl_hard_delta': 0.041081131287339284, 'tp': 0.04121537520691777, 'gate_pct': 99.47218267450155, 'dd_limit': 9.740009427199718, 'cooldown': 5, 'flip': False, 'en_ema_trend': False, 'ema_trend_fast': 84, 'ema_trend_slow': 18, 'en_sma_trend': False, 'sma_trend_fast': 137, 'sma_trend_slow': 311, 'en_macd': True, 'macd_fast': 60, 'macd_slow': 18, 'macd_signal': 24, 'en_vwap': True, 'en_keltner': False, 'keltner_n': 66, 'keltner_m': 5.0, 'en_obv': False, 'obv_slope': 191, 'en_cci': True, 'cci_n': 10, 'cci_threshold': 25, 'en_rsi': True, 'rsi_n': 31, 'rsi_lower': 4, 'rsi_upper': 65, 'en_stochastic': False, 'stochastic_n': 97, 'stochastic_d': 4, 'stochastic_lower': 25, 'stochastic_upper': 91, 'en_mfi': True, 'mfi_n': 29, 'mfi_lower': 8, 'mfi_upper': 55, 'en_bollinger': False, 'bollinger_n': 56, 'bollinger_k': 4.8, 'en_adx': False, 'adx_n': 63, 'adx_threshold': 50, 'en_structure_trend': True, 'structure_trend_swing_l': 11, 'en_order_block': False, 'order_block_swing_l': 19, 'en_fvg': False, 'fvg_lookback': 11, 'en_ifvg': False, 'en_breaker': False, 'breaker_swing_l': 12, 'en_cisd': False, 'k': 2, 'en_cap_bars': False, 'cap_1min': 715}.
[I 2026-07-13 15:53:00,551] Trial 2921 pruned. 
[I 2026-07-13 15:53:00,832] Trial 2922 pruned. 
[I 2026-07-13 15:53:04,602] Trial 2923 finished with values: [-355.68397397696566, -3439.8065422491445, 67.6] and parameters: {'sl_soft': 0.07064174057275752, 'sl_hard_delta': 0.08668272783238536, 'tp': 0.04133656517073042, 'gate_pct': 98.67302380660169, 'dd_limit': 0.23735305616742414, 'cooldown': 10, 'flip': True, 'en_ema_trend': True, 'ema_trend_fast': 220, 'ema_trend_slow': 150, 'en_sma_trend': True, 'sma_trend_fast': 382, 'sma_trend_slow': 302, 'en_macd': True, 'macd_fast': 97, 'macd_slow': 74, 'macd_signal': 75, 'en_vwap': True, 'en_keltner': True, 'keltner_n': 39, 'keltner_m': 0.5, 'en_obv': False, 'obv_slope': 167, 'en_cci': True, 'cci_n': 6, 'cci_threshold': 200, 'en_rsi': True, 'rsi_n': 71, 'rsi_lower': 15, 'rsi_upper': 69, 'en_stochastic': False, 'stochastic_n': 91, 'stochastic_d': 9, 'stochastic_lower': 1, 'stochastic_upper': 66, 'en_mfi': False, 'mfi_n': 43, 'mfi_lower': 24, 'mfi_upper': 69, 'en_bollinger': False, 'bollinger_n': 165, 'bollinger_k': 3.8000000000000003, 'en_adx': False, 'adx_n': 52, 'adx_threshold': 17, 'en_structure_trend': True, 'structure_trend_swing_l': 4, 'en_order_block': True, 'order_block_swing_l': 11, 'en_fvg': True, 'fvg_lookback': 20, 'en_ifvg': True, 'en_breaker': True, 'breaker_swing_l': 16, 'en_cisd': False, 'k': 1, 'en_cap_bars': True, 'cap_1min': 686}.
[I 2026-07-13 15:53:04,983] Trial 2924 pruned. 
[I 2026-07-13 15:53:06,040] Trial 2925 finished with values: [-1069.3409387893914, -11978.232894379693, 49.75] and parameters: {'sl_soft': 0.022988098270288884, 'sl_hard_delta': 0.0499062921079193, 'tp': 0.04939294172156869, 'gate_pct': 95.82664355457476, 'dd_limit': 9.740009427199718, 'cooldown': 0, 'flip': True, 'en_ema_trend': True, 'ema_trend_fast': 330, 'ema_trend_slow': 290, 'en_sma_trend': False, 'sma_trend_fast': 8, 'sma_trend_slow': 116, 'en_macd': True, 'macd_fast': 60, 'macd_slow': 18, 'macd_signal': 24, 'en_vwap': False, 'en_keltner': False, 'keltner_n': 139, 'keltner_m': 5.0, 'en_obv': False, 'obv_slope': 191, 'en_cci': True, 'cci_n': 10, 'cci_threshold': 25, 'en_rsi': False, 'rsi_n': 24, 'rsi_lower': 12, 'rsi_upper': 77, 'en_stochastic': False, 'stochastic_n': 97, 'stochastic_d': 29, 'stochastic_lower': 25, 'stochastic_upper': 91, 'en_mfi': False, 'mfi_n': 38, 'mfi_lower': 6, 'mfi_upper': 55, 'en_bollinger': False, 'bollinger_n': 63, 'bollinger_k': 1.1, 'en_adx': False, 'adx_n': 22, 'adx_threshold': 50, 'en_structure_trend': False, 'structure_trend_swing_l': 4, 'en_order_block': False, 'order_block_swing_l': 8, 'en_fvg': True, 'fvg_lookback': 3, 'en_ifvg': True, 'en_breaker': True, 'breaker_swing_l': 5, 'en_cisd': True, 'k': 3, 'en_cap_bars': True, 'cap_1min': 963}.
[I 2026-07-13 15:53:06,269] Trial 2926 pruned. 
[I 2026-07-13 15:53:08,625] Trial 2927 finished with values: [308.03791325276245, -9345.747016649859, 55.1] and parameters: {'sl_soft': 0.022988098270288884, 'sl_hard_delta': 0.06382907164527017, 'tp': 0.04939294172156869, 'gate_pct': 98.93711402329589, 'dd_limit': 3.2180873254465436, 'cooldown': 0, 'flip': True, 'en_ema_trend': True, 'ema_trend_fast': 330, 'ema_trend_slow': 393, 'en_sma_trend': False, 'sma_trend_fast': 392, 'sma_trend_slow': 377, 'en_macd': True, 'macd_fast': 60, 'macd_slow': 18, 'macd_signal': 71, 'en_vwap': False, 'en_keltner': False, 'keltner_n': 139, 'keltner_m': 5.0, 'en_obv': False, 'obv_slope': 100, 'en_cci': False, 'cci_n': 10, 'cci_threshold': 25, 'en_rsi': False, 'rsi_n': 71, 'rsi_lower': 12, 'rsi_upper': 99, 'en_stochastic': False, 'stochastic_n': 40, 'stochastic_d': 4, 'stochastic_lower': 13, 'stochastic_upper': 79, 'en_mfi': False, 'mfi_n': 94, 'mfi_lower': 24, 'mfi_upper': 55, 'en_bollinger': False, 'bollinger_n': 165, 'bollinger_k': 0.6, 'en_adx': False, 'adx_n': 52, 'adx_threshold': 44, 'en_structure_trend': True, 'structure_trend_swing_l': 16, 'en_order_block': False, 'order_block_swing_l': 19, 'en_fvg': False, 'fvg_lookback': 20, 'en_ifvg': False, 'en_breaker': False, 'breaker_swing_l': 7, 'en_cisd': True, 'k': 2, 'en_cap_bars': False, 'cap_1min': 686}.
[I 2026-07-13 15:53:10,340] Trial 2928 finished with values: [1545.6158788663997, -1908.1535707942267, 50.0] and parameters: {'sl_soft': 0.022988098270288884, 'sl_hard_delta': 0.0155516131087132, 'tp': 0.04939294172156869, 'gate_pct': 98.93711402329589, 'dd_limit': 9.740009427199718, 'cooldown': 0, 'flip': True, 'en_ema_trend': True, 'ema_trend_fast': 330, 'ema_trend_slow': 18, 'en_sma_trend': False, 'sma_trend_fast': 372, 'sma_trend_slow': 356, 'en_macd': True, 'macd_fast': 70, 'macd_slow': 18, 'macd_signal': 40, 'en_vwap': False, 'en_keltner': False, 'keltner_n': 139, 'keltner_m': 4.0, 'en_obv': True, 'obv_slope': 13, 'en_cci': False, 'cci_n': 106, 'cci_threshold': 25, 'en_rsi': False, 'rsi_n': 24, 'rsi_lower': 7, 'rsi_upper': 77, 'en_stochastic': False, 'stochastic_n': 97, 'stochastic_d': 39, 'stochastic_lower': 17, 'stochastic_upper': 91, 'en_mfi': True, 'mfi_n': 77, 'mfi_lower': 8, 'mfi_upper': 55, 'en_bollinger': False, 'bollinger_n': 56, 'bollinger_k': 3.1, 'en_adx': False, 'adx_n': 16, 'adx_threshold': 50, 'en_structure_trend': True, 'structure_trend_swing_l': 13, 'en_order_block': False, 'order_block_swing_l': 8, 'en_fvg': False, 'fvg_lookback': 33, 'en_ifvg': True, 'en_breaker': True, 'breaker_swing_l': 9, 'en_cisd': False, 'k': 3, 'en_cap_bars': False, 'cap_1min': 963}.
