[I 2026-07-13 14:51:58,131] Trial 588 pruned. 
[I 2026-07-13 14:51:59,134] Trial 589 pruned. 
[I 2026-07-13 14:52:00,527] Trial 590 pruned. 
[I 2026-07-13 14:52:00,913] Trial 591 pruned. 
[I 2026-07-13 14:52:01,648] Trial 592 pruned. 
[I 2026-07-13 14:52:02,819] Trial 593 pruned. 
[I 2026-07-13 14:52:03,550] Trial 594 pruned. 
[I 2026-07-13 14:52:04,512] Trial 595 pruned. 
[I 2026-07-13 14:52:04,930] Trial 596 pruned. 
[I 2026-07-13 14:52:05,633] Trial 597 pruned. 
[I 2026-07-13 14:52:06,196] Trial 598 pruned. 
[I 2026-07-13 14:52:08,627] Trial 599 pruned. 
[I 2026-07-13 14:52:08,869] Trial 600 pruned. 
[I 2026-07-13 14:52:09,417] Trial 601 pruned. 
[I 2026-07-13 14:52:09,775] Trial 602 pruned. 
[I 2026-07-13 14:52:10,668] Trial 603 pruned. 
[I 2026-07-13 14:52:11,058] Trial 604 pruned. 
[I 2026-07-13 14:52:12,331] Trial 605 pruned. 
[I 2026-07-13 14:52:12,980] Trial 606 pruned. 
[I 2026-07-13 14:52:13,970] Trial 607 pruned. 
[I 2026-07-13 14:52:15,423] Trial 608 pruned. 
[I 2026-07-13 14:52:16,384] Trial 609 pruned. 
[I 2026-07-13 14:52:18,081] Trial 610 pruned. 
[I 2026-07-13 14:52:19,396] Trial 611 pruned. 
[I 2026-07-13 14:52:20,803] Trial 612 pruned. 
[I 2026-07-13 14:52:21,383] Trial 613 pruned. 
[I 2026-07-13 14:52:21,899] Trial 614 pruned. 
[I 2026-07-13 14:52:22,869] Trial 615 pruned. 
[I 2026-07-13 14:52:23,720] Trial 616 pruned. 
[I 2026-07-13 14:52:24,184] Trial 617 pruned. 
[I 2026-07-13 14:52:24,671] Trial 618 pruned. 
[I 2026-07-13 14:52:25,502] Trial 619 pruned. 
[I 2026-07-13 14:52:26,436] Trial 620 pruned. 
[I 2026-07-13 14:52:27,173] Trial 621 pruned. 
[I 2026-07-13 14:52:30,317] Trial 622 pruned. 
[I 2026-07-13 14:52:31,256] Trial 623 pruned. 
[I 2026-07-13 14:52:31,761] Trial 624 pruned. 
[I 2026-07-13 14:52:33,468] Trial 625 pruned. 
[I 2026-07-13 14:52:35,633] Trial 626 pruned. 
[I 2026-07-13 14:52:37,007] Trial 627 pruned. 
[I 2026-07-13 14:52:37,909] Trial 628 pruned. 
[I 2026-07-13 14:52:39,809] Trial 629 pruned. 
[I 2026-07-13 14:52:40,349] Trial 630 pruned. 
[I 2026-07-13 14:52:41,484] Trial 631 pruned. 
[I 2026-07-13 14:52:42,059] Trial 632 pruned. 
[I 2026-07-13 14:52:43,717] Trial 633 pruned. 
[I 2026-07-13 14:52:44,742] Trial 634 pruned. 
[I 2026-07-13 14:52:45,248] Trial 635 pruned. 
[I 2026-07-13 14:52:45,574] Trial 636 pruned. 
[I 2026-07-13 14:52:48,035] Trial 637 pruned. 
[I 2026-07-13 14:52:49,909] Trial 638 pruned. 
[I 2026-07-13 14:52:50,231] Trial 639 pruned. 
[I 2026-07-13 14:52:50,530] Trial 640 pruned. 
[I 2026-07-13 14:52:52,039] Trial 641 pruned. 
[I 2026-07-13 14:52:53,508] Trial 642 pruned. 
[I 2026-07-13 14:52:54,483] Trial 643 pruned. 
[I 2026-07-13 14:52:55,664] Trial 644 pruned. 
[I 2026-07-13 14:52:56,950] Trial 645 pruned. 
[I 2026-07-13 14:52:59,578] Trial 646 pruned. 
[I 2026-07-13 14:53:02,483] Trial 647 finished with values: [3160.889957566191, -5967.6103469070795, 33.6] and parameters: {'sl_soft': 0.06738922751047197, 'sl_hard_delta': 0.18214915788981723, 'tp': 0.2450930868194452, 'gate_pct': 97.00844078669539, 'dd_limit': 7.364744278329123, 'cooldown': 2, 'flip': True, 'en_ema_trend': True, 'ema_trend_fast': 23, 'ema_trend_slow': 133, 'en_sma_trend': True, 'sma_trend_fast': 331, 'sma_trend_slow': 379, 'en_macd': True, 'macd_fast': 38, 'macd_slow': 88, 'macd_signal': 45, 'en_vwap': True, 'en_keltner': False, 'keltner_n': 60, 'keltner_m': 0.8, 'en_obv': False, 'obv_slope': 162, 'en_cci': True, 'cci_n': 78, 'cci_threshold': 50, 'en_rsi': False, 'rsi_n': 74, 'rsi_lower': 5, 'rsi_upper': 74, 'en_stochastic': False, 'stochastic_n': 27, 'stochastic_d': 6, 'stochastic_lower': 27, 'stochastic_upper': 94, 'en_mfi': False, 'mfi_n': 28, 'mfi_lower': 42, 'mfi_upper': 69, 'en_bollinger': True, 'bollinger_n': 172, 'bollinger_k': 0.5, 'en_adx': False, 'adx_n': 35, 'adx_threshold': 42, 'en_structure_trend': False, 'structure_trend_swing_l': 1, 'en_order_block': True, 'order_block_swing_l': 18, 'en_fvg': False, 'fvg_lookback': 50, 'en_ifvg': False, 'en_breaker': False, 'breaker_swing_l': 13, 'en_cisd': True, 'k': 1, 'en_cap_bars': False, 'cap_1min': 495}.
[I 2026-07-13 14:53:03,536] Trial 648 pruned. 
[I 2026-07-13 14:53:05,508] Trial 649 pruned. 
[I 2026-07-13 14:53:06,976] Trial 650 pruned. 
[I 2026-07-13 14:53:07,807] Trial 651 pruned. 
[I 2026-07-13 14:53:09,291] Trial 652 pruned. 
[I 2026-07-13 14:53:10,063] Trial 653 pruned. 
[I 2026-07-13 14:53:11,021] Trial 654 pruned. 
[I 2026-07-13 14:53:12,217] Trial 655 pruned. 
[I 2026-07-13 14:53:13,539] Trial 656 pruned. 
[I 2026-07-13 14:53:16,322] Trial 657 pruned. 
[I 2026-07-13 14:53:18,077] Trial 658 pruned. 
[I 2026-07-13 14:53:19,158] Trial 659 pruned. 
[I 2026-07-13 14:53:21,055] Trial 660 pruned. 
[I 2026-07-13 14:53:22,168] Trial 661 pruned. 
[I 2026-07-13 14:53:22,925] Trial 662 pruned. 
[I 2026-07-13 14:53:25,051] Trial 663 pruned. 
[I 2026-07-13 14:53:28,015] Trial 664 finished with values: [-2704.745825843861, -4797.748768098698, 51.05] and parameters: {'sl_soft': 0.12097021727414717, 'sl_hard_delta': 0.061542410865162184, 'tp': 0.08487092664226734, 'gate_pct': 98.93711402329589, 'dd_limit': 9.066216783758431, 'cooldown': 3, 'flip': True, 'en_ema_trend': True, 'ema_trend_fast': 351, 'ema_trend_slow': 367, 'en_sma_trend': False, 'sma_trend_fast': 372, 'sma_trend_slow': 12, 'en_macd': True, 'macd_fast': 60, 'macd_slow': 18, 'macd_signal': 40, 'en_vwap': False, 'en_keltner': False, 'keltner_n': 61, 'keltner_m': 5.0, 'en_obv': True, 'obv_slope': 191, 'en_cci': False, 'cci_n': 10, 'cci_threshold': 25, 'en_rsi': False, 'rsi_n': 34, 'rsi_lower': 12, 'rsi_upper': 77, 'en_stochastic': False, 'stochastic_n': 97, 'stochastic_d': 39, 'stochastic_lower': 17, 'stochastic_upper': 91, 'en_mfi': True, 'mfi_n': 77, 'mfi_lower': 8, 'mfi_upper': 76, 'en_bollinger': True, 'bollinger_n': 56, 'bollinger_k': 3.1, 'en_adx': False, 'adx_n': 36, 'adx_threshold': 50, 'en_structure_trend': True, 'structure_trend_swing_l': 13, 'en_order_block': True, 'order_block_swing_l': 12, 'en_fvg': False, 'fvg_lookback': 11, 'en_ifvg': True, 'en_breaker': True, 'breaker_swing_l': 9, 'en_cisd': True, 'k': 3, 'en_cap_bars': False, 'cap_1min': 963}.
[I 2026-07-13 14:53:28,799] Trial 665 pruned. 
[I 2026-07-13 14:53:30,281] Trial 666 pruned. 
[I 2026-07-13 14:53:31,381] Trial 667 pruned. 
[I 2026-07-13 14:53:32,083] Trial 668 pruned. 
[I 2026-07-13 14:53:33,967] Trial 669 pruned. 
[I 2026-07-13 14:53:35,792] Trial 670 pruned. 
[I 2026-07-13 14:53:36,631] Trial 671 pruned. 
[I 2026-07-13 14:53:38,354] Trial 672 pruned. 
[I 2026-07-13 14:53:43,325] Trial 673 pruned. 
[I 2026-07-13 14:53:49,499] Trial 674 finished with values: [128.1320131584884, -5054.7790658613685, 45.0] and parameters: {'sl_soft': 0.07922784441362493, 'sl_hard_delta': 0.15275742664380385, 'tp': 0.16937546754390323, 'gate_pct': 99.55888908721671, 'dd_limit': 5.5935434980177225, 'cooldown': 6, 'flip': False, 'en_ema_trend': True, 'ema_trend_fast': 80, 'ema_trend_slow': 75, 'en_sma_trend': False, 'sma_trend_fast': 105, 'sma_trend_slow': 325, 'en_macd': False, 'macd_fast': 75, 'macd_slow': 53, 'macd_signal': 3, 'en_vwap': False, 'en_keltner': False, 'keltner_n': 43, 'keltner_m': 0.7, 'en_obv': True, 'obv_slope': 19, 'en_cci': False, 'cci_n': 7, 'cci_threshold': 25, 'en_rsi': True, 'rsi_n': 73, 'rsi_lower': 29, 'rsi_upper': 58, 'en_stochastic': True, 'stochastic_n': 6, 'stochastic_d': 48, 'stochastic_lower': 31, 'stochastic_upper': 80, 'en_mfi': False, 'mfi_n': 72, 'mfi_lower': 23, 'mfi_upper': 56, 'en_bollinger': False, 'bollinger_n': 31, 'bollinger_k': 0.7, 'en_adx': False, 'adx_n': 39, 'adx_threshold': 30, 'en_structure_trend': True, 'structure_trend_swing_l': 6, 'en_order_block': True, 'order_block_swing_l': 13, 'en_fvg': False, 'fvg_lookback': 32, 'en_ifvg': False, 'en_breaker': False, 'breaker_swing_l': 17, 'en_cisd': True, 'k': 4, 'en_cap_bars': False, 'cap_1min': 345}.
[I 2026-07-13 14:53:50,411] Trial 675 pruned. 
[I 2026-07-13 14:53:51,519] Trial 676 pruned. 
[I 2026-07-13 14:53:52,458] Trial 677 pruned. 
[I 2026-07-13 14:53:53,286] Trial 678 pruned. 
[I 2026-07-13 14:53:53,828] Trial 679 pruned. 
[I 2026-07-13 14:53:54,188] Trial 680 pruned. 
[I 2026-07-13 14:53:55,838] Trial 681 pruned. 
[I 2026-07-13 14:53:57,096] Trial 682 pruned. 
[I 2026-07-13 14:53:58,764] Trial 683 pruned. 
[I 2026-07-13 14:53:59,704] Trial 684 pruned. 
[I 2026-07-13 14:54:00,748] Trial 685 pruned. 
[I 2026-07-13 14:54:02,503] Trial 686 pruned. 
[I 2026-07-13 14:54:03,732] Trial 687 pruned. 
[I 2026-07-13 14:54:04,870] Trial 688 pruned. 
[I 2026-07-13 14:54:08,095] Trial 689 pruned. 
[I 2026-07-13 14:54:08,907] Trial 690 pruned. 
[I 2026-07-13 14:54:10,214] Trial 691 pruned. 
[I 2026-07-13 14:54:11,424] Trial 692 pruned. 
[I 2026-07-13 14:54:12,560] Trial 693 pruned. 
[I 2026-07-13 14:54:13,282] Trial 694 pruned. 
[I 2026-07-13 14:54:15,334] Trial 695 pruned. 
[I 2026-07-13 14:54:15,893] Trial 696 pruned. 
[I 2026-07-13 14:54:16,524] Trial 697 pruned. 
[I 2026-07-13 14:54:18,248] Trial 698 pruned. 
[I 2026-07-13 14:54:19,513] Trial 699 pruned. 
[I 2026-07-13 14:54:20,925] Trial 700 pruned. 
[I 2026-07-13 14:54:21,963] Trial 701 pruned. 
[I 2026-07-13 14:54:24,118] Trial 702 pruned. 
[I 2026-07-13 14:54:25,132] Trial 703 pruned. 
[I 2026-07-13 14:54:26,039] Trial 704 pruned. 
[I 2026-07-13 14:54:26,551] Trial 705 pruned. 
[I 2026-07-13 14:54:28,927] Trial 706 pruned. 
[I 2026-07-13 14:54:30,102] Trial 707 pruned. 
[I 2026-07-13 14:54:30,809] Trial 708 pruned. 
[I 2026-07-13 14:54:34,897] Trial 709 pruned. 
[I 2026-07-13 14:54:35,782] Trial 710 pruned. 
[I 2026-07-13 14:54:36,936] Trial 711 pruned. 
[I 2026-07-13 14:54:39,226] Trial 712 pruned. 
[I 2026-07-13 14:54:40,109] Trial 713 pruned. 
[I 2026-07-13 14:54:41,930] Trial 714 pruned. 
[I 2026-07-13 14:54:43,836] Trial 715 pruned. 
[I 2026-07-13 14:54:45,217] Trial 716 pruned. 
[I 2026-07-13 14:54:45,775] Trial 717 pruned. 
[I 2026-07-13 14:54:47,339] Trial 718 pruned. 
[I 2026-07-13 14:54:48,579] Trial 719 pruned. 
[I 2026-07-13 14:54:48,783] Trial 720 pruned. 
[I 2026-07-13 14:54:49,702] Trial 721 pruned. 
[I 2026-07-13 14:54:51,396] Trial 722 pruned. 
[I 2026-07-13 14:54:51,864] Trial 723 pruned. 
[I 2026-07-13 14:54:53,000] Trial 724 pruned. 
[I 2026-07-13 14:54:53,801] Trial 725 pruned. 
[I 2026-07-13 14:54:54,718] Trial 726 pruned. 
[I 2026-07-13 14:54:55,550] Trial 727 pruned. 
[I 2026-07-13 14:54:57,211] Trial 728 pruned. 
[I 2026-07-13 14:54:57,432] Trial 729 pruned. 
[I 2026-07-13 14:54:59,307] Trial 730 pruned. 
[I 2026-07-13 14:55:00,424] Trial 731 pruned. 
[I 2026-07-13 14:55:01,572] Trial 732 pruned. 
[I 2026-07-13 14:55:02,690] Trial 733 pruned. 
[I 2026-07-13 14:55:03,124] Trial 734 pruned. 
[I 2026-07-13 14:55:04,589] Trial 735 pruned. 
[I 2026-07-13 14:55:07,286] Trial 736 pruned. 
[I 2026-07-13 14:55:08,784] Trial 737 pruned. 
[I 2026-07-13 14:55:10,352] Trial 738 pruned. 
[I 2026-07-13 14:55:11,688] Trial 739 pruned. 
[I 2026-07-13 14:55:12,180] Trial 740 pruned. 
[I 2026-07-13 14:55:13,211] Trial 741 pruned. 
[I 2026-07-13 14:55:14,231] Trial 742 pruned. 
[I 2026-07-13 14:55:15,377] Trial 743 pruned. 
[I 2026-07-13 14:55:17,600] Trial 744 pruned. 
[I 2026-07-13 14:55:17,887] Trial 745 pruned. 
[I 2026-07-13 14:55:19,093] Trial 746 pruned. 
[I 2026-07-13 14:55:20,532] Trial 747 pruned. 
[I 2026-07-13 14:55:22,419] Trial 748 pruned. 
[I 2026-07-13 14:55:23,691] Trial 749 pruned. 
[I 2026-07-13 14:55:24,144] Trial 750 pruned. 
[I 2026-07-13 14:55:24,900] Trial 751 pruned. 
[I 2026-07-13 14:55:27,245] Trial 752 pruned. 
[I 2026-07-13 14:55:28,876] Trial 753 pruned. 
[I 2026-07-13 14:55:30,977] Trial 754 pruned. 
[I 2026-07-13 14:55:32,143] Trial 755 pruned. 
[I 2026-07-13 14:55:33,040] Trial 756 pruned. 
[I 2026-07-13 14:55:35,040] Trial 757 pruned. 
[I 2026-07-13 14:55:35,872] Trial 758 pruned. 
[I 2026-07-13 14:55:36,650] Trial 759 pruned. 
[I 2026-07-13 14:55:36,906] Trial 760 pruned. 
[I 2026-07-13 14:55:38,045] Trial 761 pruned. 
[I 2026-07-13 14:55:39,790] Trial 762 pruned. 
[I 2026-07-13 14:55:40,942] Trial 763 pruned. 
[I 2026-07-13 14:55:41,841] Trial 764 pruned. 
[I 2026-07-13 14:55:43,125] Trial 765 pruned. 
[I 2026-07-13 14:55:44,204] Trial 766 pruned. 
[I 2026-07-13 14:55:45,006] Trial 767 pruned. 
[I 2026-07-13 14:55:46,058] Trial 768 pruned. 
[I 2026-07-13 14:55:47,149] Trial 769 pruned. 
[I 2026-07-13 14:55:48,181] Trial 770 pruned. 
[I 2026-07-13 14:55:50,176] Trial 771 pruned. 
[I 2026-07-13 14:55:51,519] Trial 772 pruned. 
[I 2026-07-13 14:55:52,651] Trial 773 pruned. 
[I 2026-07-13 14:55:53,742] Trial 774 pruned. 
[I 2026-07-13 14:55:56,795] Trial 775 pruned. 
[I 2026-07-13 14:55:57,812] Trial 776 pruned. 
[I 2026-07-13 14:55:58,773] Trial 777 pruned. 
[I 2026-07-13 14:56:00,171] Trial 778 pruned. 
[I 2026-07-13 14:56:01,749] Trial 779 pruned. 
[I 2026-07-13 14:56:03,190] Trial 780 pruned. 
[I 2026-07-13 14:56:05,072] Trial 781 pruned. 
[I 2026-07-13 14:56:07,213] Trial 782 pruned. 
[I 2026-07-13 14:56:09,071] Trial 783 pruned. 
[I 2026-07-13 14:56:09,562] Trial 784 pruned. 
[I 2026-07-13 14:56:10,983] Trial 785 pruned. 
[I 2026-07-13 14:56:11,797] Trial 786 pruned. 
[I 2026-07-13 14:56:13,579] Trial 787 pruned. 
[I 2026-07-13 14:56:14,386] Trial 788 pruned. 
[I 2026-07-13 14:56:15,605] Trial 789 pruned. 
[I 2026-07-13 14:56:17,023] Trial 790 pruned. 
[I 2026-07-13 14:56:19,416] Trial 791 pruned. 
[I 2026-07-13 14:56:22,035] Trial 792 pruned. 
[I 2026-07-13 14:56:22,942] Trial 793 pruned. 
[I 2026-07-13 14:56:24,898] Trial 794 pruned. 
[I 2026-07-13 14:56:25,542] Trial 795 pruned. 
[I 2026-07-13 14:56:26,491] Trial 796 pruned. 
[I 2026-07-13 14:56:27,031] Trial 797 pruned. 
[I 2026-07-13 14:56:27,973] Trial 798 pruned. 
[I 2026-07-13 14:56:29,003] Trial 799 pruned. 
[I 2026-07-13 14:56:29,195] Trial 800 pruned. 
[I 2026-07-13 14:56:30,391] Trial 801 pruned. 
[I 2026-07-13 14:56:30,918] Trial 802 pruned. 
[I 2026-07-13 14:56:32,076] Trial 803 pruned. 
[I 2026-07-13 14:56:33,022] Trial 804 pruned. 
[I 2026-07-13 14:56:35,065] Trial 805 pruned. 
[I 2026-07-13 14:56:36,436] Trial 806 pruned. 
[I 2026-07-13 14:56:38,027] Trial 807 pruned. 
[I 2026-07-13 14:56:40,445] Trial 808 pruned. 
[I 2026-07-13 14:56:45,063] Trial 809 pruned. 
[I 2026-07-13 14:56:49,375] Trial 810 pruned. 
[I 2026-07-13 14:56:49,712] Trial 811 pruned. 
[I 2026-07-13 14:56:50,151] Trial 812 pruned. 
[I 2026-07-13 14:56:50,743] Trial 813 pruned. 
[I 2026-07-13 14:56:52,295] Trial 814 pruned. 
[I 2026-07-13 14:56:53,516] Trial 815 pruned. 
[I 2026-07-13 14:56:53,987] Trial 816 pruned. 
[I 2026-07-13 14:56:54,429] Trial 817 pruned. 
[I 2026-07-13 14:56:55,541] Trial 818 pruned. 
[I 2026-07-13 14:56:56,878] Trial 819 pruned. 
[I 2026-07-13 14:56:57,732] Trial 820 pruned. 
[I 2026-07-13 14:56:58,516] Trial 821 pruned. 
[I 2026-07-13 14:57:00,051] Trial 822 pruned. 
[I 2026-07-13 14:57:01,216] Trial 823 pruned. 
[I 2026-07-13 14:57:01,980] Trial 824 pruned. 
[I 2026-07-13 14:57:03,545] Trial 825 pruned. 
[I 2026-07-13 14:57:04,570] Trial 826 pruned. 
[I 2026-07-13 14:57:05,909] Trial 827 pruned. 
[I 2026-07-13 14:57:06,850] Trial 828 pruned. 
[I 2026-07-13 14:57:08,010] Trial 829 pruned. 
[I 2026-07-13 14:57:08,991] Trial 830 pruned. 
[I 2026-07-13 14:57:09,526] Trial 831 pruned. 
[I 2026-07-13 14:57:10,481] Trial 832 pruned. 
[I 2026-07-13 14:57:11,498] Trial 833 pruned. 
[I 2026-07-13 14:57:13,397] Trial 834 pruned. 
[I 2026-07-13 14:57:13,984] Trial 835 pruned. 
[I 2026-07-13 14:57:16,077] Trial 836 pruned. 
[I 2026-07-13 14:57:18,371] Trial 837 pruned. 
[I 2026-07-13 14:57:21,846] Trial 838 pruned. 
[I 2026-07-13 14:57:22,934] Trial 839 pruned. 
[I 2026-07-13 14:57:23,100] Trial 840 pruned. 
[I 2026-07-13 14:57:24,875] Trial 841 pruned. 
[I 2026-07-13 14:57:26,183] Trial 842 pruned. 
[I 2026-07-13 14:57:34,231] Trial 843 finished with values: [168.5571951390587, -4731.56291200027, 51.75] and parameters: {'sl_soft': 0.11629038337087952, 'sl_hard_delta': 0.05280977471915283, 'tp': 0.14459410402505526, 'gate_pct': 99.3861717774851, 'dd_limit': 6.844711394584541, 'cooldown': 5, 'flip': True, 'en_ema_trend': False, 'ema_trend_fast': 261, 'ema_trend_slow': 294, 'en_sma_trend': True, 'sma_trend_fast': 177, 'sma_trend_slow': 351, 'en_macd': True, 'macd_fast': 61, 'macd_slow': 93, 'macd_signal': 38, 'en_vwap': True, 'en_keltner': False, 'keltner_n': 22, 'keltner_m': 1.2000000000000002, 'en_obv': True, 'obv_slope': 69, 'en_cci': True, 'cci_n': 112, 'cci_threshold': 180, 'en_rsi': True, 'rsi_n': 78, 'rsi_lower': 9, 'rsi_upper': 63, 'en_stochastic': True, 'stochastic_n': 45, 'stochastic_d': 43, 'stochastic_lower': 21, 'stochastic_upper': 97, 'en_mfi': False, 'mfi_n': 9, 'mfi_lower': 43, 'mfi_upper': 62, 'en_bollinger': False, 'bollinger_n': 189, 'bollinger_k': 1.1, 'en_adx': False, 'adx_n': 37, 'adx_threshold': 26, 'en_structure_trend': False, 'structure_trend_swing_l': 7, 'en_order_block': True, 'order_block_swing_l': 4, 'en_fvg': False, 'fvg_lookback': 37, 'en_ifvg': True, 'en_breaker': False, 'breaker_swing_l': 14, 'en_cisd': False, 'k': 2, 'en_cap_bars': True, 'cap_1min': 1239}.
[I 2026-07-13 14:57:35,032] Trial 844 pruned. 
[I 2026-07-13 14:57:36,592] Trial 845 pruned. 
[I 2026-07-13 14:57:38,885] Trial 846 pruned. 
[I 2026-07-13 14:57:39,915] Trial 847 pruned. 
[I 2026-07-13 14:57:41,039] Trial 848 pruned. 
[I 2026-07-13 14:57:41,545] Trial 849 pruned. 
[I 2026-07-13 14:57:43,988] Trial 850 pruned. 
[I 2026-07-13 14:57:45,623] Trial 851 pruned. 
[I 2026-07-13 14:57:47,230] Trial 852 pruned. 
[I 2026-07-13 14:57:48,494] Trial 853 pruned. 
[I 2026-07-13 14:57:49,946] Trial 854 pruned. 
[I 2026-07-13 14:57:51,378] Trial 855 pruned. 
[I 2026-07-13 14:57:52,310] Trial 856 pruned. 
[I 2026-07-13 14:57:52,939] Trial 857 pruned. 
[I 2026-07-13 14:57:54,910] Trial 858 pruned. 
[I 2026-07-13 14:57:55,517] Trial 859 pruned. 
[I 2026-07-13 14:57:55,982] Trial 860 pruned. 
[I 2026-07-13 14:57:57,167] Trial 861 pruned. 
[I 2026-07-13 14:57:58,116] Trial 862 pruned. 
[I 2026-07-13 14:58:01,913] Trial 863 pruned. 
[I 2026-07-13 14:58:03,064] Trial 864 pruned. 
[I 2026-07-13 14:58:04,799] Trial 865 pruned. 
[I 2026-07-13 14:58:07,006] Trial 866 pruned. 
[I 2026-07-13 14:58:08,089] Trial 867 pruned. 
[I 2026-07-13 14:58:08,601] Trial 868 pruned. 
[I 2026-07-13 14:58:10,002] Trial 869 pruned. 
[I 2026-07-13 14:58:11,235] Trial 870 pruned. 
[I 2026-07-13 14:58:12,110] Trial 871 pruned. 
[I 2026-07-13 14:58:13,305] Trial 872 pruned. 
[I 2026-07-13 14:58:14,489] Trial 873 pruned. 
[I 2026-07-13 14:58:15,605] Trial 874 pruned. 
[I 2026-07-13 14:58:16,676] Trial 875 pruned. 
[I 2026-07-13 14:58:16,906] Trial 876 pruned. 
[I 2026-07-13 14:58:18,315] Trial 877 pruned. 
[I 2026-07-13 14:58:19,479] Trial 878 pruned. 
[I 2026-07-13 14:58:20,007] Trial 879 pruned. 
[I 2026-07-13 14:58:20,247] Trial 880 pruned. 
[I 2026-07-13 14:58:21,360] Trial 881 pruned. 
[I 2026-07-13 14:58:23,695] Trial 882 pruned. 
[I 2026-07-13 14:58:27,187] Trial 883 pruned. 
[I 2026-07-13 14:58:28,841] Trial 884 pruned. 
[I 2026-07-13 14:58:30,466] Trial 885 pruned. 
[I 2026-07-13 14:58:31,476] Trial 886 pruned. 
[I 2026-07-13 14:58:32,087] Trial 887 pruned. 
[I 2026-07-13 14:58:32,526] Trial 888 pruned. 
[I 2026-07-13 14:58:34,134] Trial 889 pruned. 
[I 2026-07-13 14:58:36,024] Trial 890 pruned. 
[I 2026-07-13 14:58:37,117] Trial 891 pruned. 
[I 2026-07-13 14:58:38,162] Trial 892 pruned. 
[I 2026-07-13 14:58:39,152] Trial 893 pruned. 
[I 2026-07-13 14:58:40,369] Trial 894 pruned. 
[I 2026-07-13 14:58:41,824] Trial 895 pruned. 
[I 2026-07-13 14:58:45,427] Trial 896 finished with values: [-1074.3901305491831, -5070.199841506736, 32.5] and parameters: {'sl_soft': 0.05655714023949441, 'sl_hard_delta': 0.14119639449452148, 'tp': 0.1434283916081707, 'gate_pct': 96.87387275432529, 'dd_limit': 6.787950662357963, 'cooldown': 0, 'flip': True, 'en_ema_trend': True, 'ema_trend_fast': 60, 'ema_trend_slow': 378, 'en_sma_trend': False, 'sma_trend_fast': 27, 'sma_trend_slow': 80, 'en_macd': True, 'macd_fast': 80, 'macd_slow': 7, 'macd_signal': 94, 'en_vwap': True, 'en_keltner': False, 'keltner_n': 176, 'keltner_m': 4.0, 'en_obv': False, 'obv_slope': 120, 'en_cci': False, 'cci_n': 180, 'cci_threshold': 260, 'en_rsi': True, 'rsi_n': 13, 'rsi_lower': 3, 'rsi_upper': 86, 'en_stochastic': False, 'stochastic_n': 96, 'stochastic_d': 27, 'stochastic_lower': 45, 'stochastic_upper': 97, 'en_mfi': True, 'mfi_n': 15, 'mfi_lower': 47, 'mfi_upper': 98, 'en_bollinger': False, 'bollinger_n': 125, 'bollinger_k': 0.9, 'en_adx': False, 'adx_n': 7, 'adx_threshold': 25, 'en_structure_trend': False, 'structure_trend_swing_l': 10, 'en_order_block': True, 'order_block_swing_l': 2, 'en_fvg': True, 'fvg_lookback': 49, 'en_ifvg': True, 'en_breaker': True, 'breaker_swing_l': 18, 'en_cisd': False, 'k': 5, 'en_cap_bars': False, 'cap_1min': 713}.
[I 2026-07-13 14:58:46,663] Trial 897 pruned. 
[I 2026-07-13 14:58:48,475] Trial 898 pruned. 
[I 2026-07-13 14:58:49,668] Trial 899 pruned. 
[I 2026-07-13 14:58:50,865] Trial 900 pruned. 
[I 2026-07-13 14:58:52,022] Trial 901 pruned. 
[I 2026-07-13 14:58:52,477] Trial 902 pruned. 
[I 2026-07-13 14:58:52,782] Trial 903 pruned. 
[I 2026-07-13 14:58:55,189] Trial 904 pruned. 
[I 2026-07-13 14:58:55,780] Trial 905 pruned. 
[I 2026-07-13 14:58:56,483] Trial 906 pruned. 
