[I 2026-07-13 15:49:29,669] Trial 3146 finished with values: [-4195.99169201348, -10542.308990053401, 50.25] and parameters: {'sl_soft': 0.09235276795485203, 'sl_hard_delta': 0.11297586392107586, 'tp': 0.08511555082848177, 'gate_pct': 95.72859018663851, 'dd_limit': 3.2180873254465436, 'cooldown': 1, 'flip': True, 'en_ema_trend': True, 'ema_trend_fast': 193, 'ema_trend_slow': 393, 'en_sma_trend': True, 'sma_trend_fast': 314, 'sma_trend_slow': 228, 'en_macd': True, 'macd_fast': 10, 'macd_slow': 106, 'macd_signal': 69, 'en_vwap': False, 'en_keltner': True, 'keltner_n': 146, 'keltner_m': 2.3, 'en_obv': False, 'obv_slope': 105, 'en_cci': True, 'cci_n': 21, 'cci_threshold': 200, 'en_rsi': True, 'rsi_n': 97, 'rsi_lower': 34, 'rsi_upper': 99, 'en_stochastic': False, 'stochastic_n': 40, 'stochastic_d': 5, 'stochastic_lower': 13, 'stochastic_upper': 54, 'en_mfi': True, 'mfi_n': 22, 'mfi_lower': 43, 'mfi_upper': 84, 'en_bollinger': False, 'bollinger_n': 33, 'bollinger_k': 4.4, 'en_adx': False, 'adx_n': 52, 'adx_threshold': 40, 'en_structure_trend': False, 'structure_trend_swing_l': 7, 'en_order_block': False, 'order_block_swing_l': 19, 'en_fvg': True, 'fvg_lookback': 4, 'en_ifvg': False, 'en_breaker': False, 'breaker_swing_l': 7, 'en_cisd': False, 'k': 3, 'en_cap_bars': True, 'cap_1min': 404}.
[I 2026-07-13 15:49:32,588] Trial 3147 finished with values: [-2043.8796431498918, -14324.546508711575, 69.35] and parameters: {'sl_soft': 0.06439762276669186, 'sl_hard_delta': 0.1757416678916847, 'tp': 0.04417805554007266, 'gate_pct': 99.60506126830711, 'dd_limit': 0.7899894121384478, 'cooldown': 0, 'flip': True, 'en_ema_trend': True, 'ema_trend_fast': 97, 'ema_trend_slow': 212, 'en_sma_trend': True, 'sma_trend_fast': 187, 'sma_trend_slow': 164, 'en_macd': True, 'macd_fast': 60, 'macd_slow': 85, 'macd_signal': 98, 'en_vwap': False, 'en_keltner': True, 'keltner_n': 79, 'keltner_m': 3.9000000000000004, 'en_obv': True, 'obv_slope': 110, 'en_cci': False, 'cci_n': 98, 'cci_threshold': 250, 'en_rsi': False, 'rsi_n': 75, 'rsi_lower': 28, 'rsi_upper': 68, 'en_stochastic': False, 'stochastic_n': 26, 'stochastic_d': 49, 'stochastic_lower': 21, 'stochastic_upper': 78, 'en_mfi': False, 'mfi_n': 97, 'mfi_lower': 27, 'mfi_upper': 59, 'en_bollinger': False, 'bollinger_n': 69, 'bollinger_k': 1.7000000000000002, 'en_adx': False, 'adx_n': 11, 'adx_threshold': 17, 'en_structure_trend': False, 'structure_trend_swing_l': 15, 'en_order_block': False, 'order_block_swing_l': 20, 'en_fvg': True, 'fvg_lookback': 40, 'en_ifvg': False, 'en_breaker': True, 'breaker_swing_l': 8, 'en_cisd': False, 'k': 5, 'en_cap_bars': False, 'cap_1min': 59}.
[I 2026-07-13 15:49:33,132] Trial 3148 finished with values: [-706.3747695853448, -4580.228806787651, 29.75] and parameters: {'sl_soft': 0.03867303262411816, 'sl_hard_delta': 0.05280977471915283, 'tp': 0.14459410402505526, 'gate_pct': 99.52194572971088, 'dd_limit': 6.844711394584541, 'cooldown': 5, 'flip': True, 'en_ema_trend': True, 'ema_trend_fast': 323, 'ema_trend_slow': 294, 'en_sma_trend': True, 'sma_trend_fast': 177, 'sma_trend_slow': 351, 'en_macd': True, 'macd_fast': 64, 'macd_slow': 93, 'macd_signal': 38, 'en_vwap': True, 'en_keltner': True, 'keltner_n': 56, 'keltner_m': 3.8000000000000003, 'en_obv': True, 'obv_slope': 72, 'en_cci': True, 'cci_n': 7, 'cci_threshold': 210, 'en_rsi': True, 'rsi_n': 46, 'rsi_lower': 9, 'rsi_upper': 63, 'en_stochastic': True, 'stochastic_n': 45, 'stochastic_d': 43, 'stochastic_lower': 21, 'stochastic_upper': 97, 'en_mfi': False, 'mfi_n': 9, 'mfi_lower': 35, 'mfi_upper': 57, 'en_bollinger': False, 'bollinger_n': 139, 'bollinger_k': 1.1, 'en_adx': False, 'adx_n': 37, 'adx_threshold': 49, 'en_structure_trend': False, 'structure_trend_swing_l': 7, 'en_order_block': False, 'order_block_swing_l': 4, 'en_fvg': False, 'fvg_lookback': 32, 'en_ifvg': True, 'en_breaker': False, 'breaker_swing_l': 14, 'en_cisd': False, 'k': 1, 'en_cap_bars': True, 'cap_1min': 1239}.
[I 2026-07-13 15:49:34,012] Trial 3149 pruned. 
[I 2026-07-13 15:49:36,946] Trial 3150 finished with values: [-1387.6627670598284, -29430.827367149748, 51.45] and parameters: {'sl_soft': 0.12251964557263084, 'sl_hard_delta': 0.044576992423203524, 'tp': 0.1436367493169176, 'gate_pct': 97.87184393359011, 'dd_limit': 8.683310596224244, 'cooldown': 0, 'flip': False, 'en_ema_trend': True, 'ema_trend_fast': 386, 'ema_trend_slow': 377, 'en_sma_trend': False, 'sma_trend_fast': 265, 'sma_trend_slow': 200, 'en_macd': True, 'macd_fast': 18, 'macd_slow': 80, 'macd_signal': 45, 'en_vwap': False, 'en_keltner': False, 'keltner_n': 79, 'keltner_m': 1.4, 'en_obv': True, 'obv_slope': 198, 'en_cci': True, 'cci_n': 55, 'cci_threshold': 250, 'en_rsi': True, 'rsi_n': 56, 'rsi_lower': 1, 'rsi_upper': 75, 'en_stochastic': False, 'stochastic_n': 62, 'stochastic_d': 49, 'stochastic_lower': 15, 'stochastic_upper': 81, 'en_mfi': False, 'mfi_n': 97, 'mfi_lower': 16, 'mfi_upper': 51, 'en_bollinger': True, 'bollinger_n': 149, 'bollinger_k': 3.2, 'en_adx': False, 'adx_n': 11, 'adx_threshold': 29, 'en_structure_trend': True, 'structure_trend_swing_l': 17, 'en_order_block': False, 'order_block_swing_l': 11, 'en_fvg': True, 'fvg_lookback': 7, 'en_ifvg': False, 'en_breaker': False, 'breaker_swing_l': 2, 'en_cisd': False, 'k': 1, 'en_cap_bars': False, 'cap_1min': 59}.
[I 2026-07-13 15:49:37,381] Trial 3151 finished with values: [-3335.869039830789, -10136.2783747588, 33.95] and parameters: {'sl_soft': 0.06943556259637333, 'sl_hard_delta': 0.16533605553887765, 'tp': 0.14503837553339838, 'gate_pct': 97.24094450079814, 'dd_limit': 8.159364296050743, 'cooldown': 3, 'flip': False, 'en_ema_trend': False, 'ema_trend_fast': 319, 'ema_trend_slow': 319, 'en_sma_trend': False, 'sma_trend_fast': 136, 'sma_trend_slow': 175, 'en_macd': True, 'macd_fast': 66, 'macd_slow': 11, 'macd_signal': 57, 'en_vwap': True, 'en_keltner': True, 'keltner_n': 169, 'keltner_m': 2.2, 'en_obv': True, 'obv_slope': 152, 'en_cci': False, 'cci_n': 147, 'cci_threshold': 210, 'en_rsi': False, 'rsi_n': 31, 'rsi_lower': 5, 'rsi_upper': 86, 'en_stochastic': True, 'stochastic_n': 15, 'stochastic_d': 49, 'stochastic_lower': 7, 'stochastic_upper': 83, 'en_mfi': False, 'mfi_n': 88, 'mfi_lower': 14, 'mfi_upper': 96, 'en_bollinger': True, 'bollinger_n': 5, 'bollinger_k': 3.5, 'en_adx': False, 'adx_n': 97, 'adx_threshold': 7, 'en_structure_trend': False, 'structure_trend_swing_l': 5, 'en_order_block': True, 'order_block_swing_l': 15, 'en_fvg': False, 'fvg_lookback': 47, 'en_ifvg': False, 'en_breaker': True, 'breaker_swing_l': 11, 'en_cisd': True, 'k': 3, 'en_cap_bars': False, 'cap_1min': 1370}.
[I 2026-07-13 15:49:43,235] Trial 3152 finished with values: [-1014.3840280487204, -4481.382286175019, 45.0] and parameters: {'sl_soft': 0.028881128668712973, 'sl_hard_delta': 0.16805834987911447, 'tp': 0.04417805554007266, 'gate_pct': 92.04638185231262, 'dd_limit': 1.2256325546234672, 'cooldown': 0, 'flip': False, 'en_ema_trend': False, 'ema_trend_fast': 97, 'ema_trend_slow': 320, 'en_sma_trend': True, 'sma_trend_fast': 50, 'sma_trend_slow': 302, 'en_macd': True, 'macd_fast': 18, 'macd_slow': 91, 'macd_signal': 98, 'en_vwap': True, 'en_keltner': False, 'keltner_n': 153, 'keltner_m': 2.8000000000000003, 'en_obv': False, 'obv_slope': 2, 'en_cci': True, 'cci_n': 21, 'cci_threshold': 20, 'en_rsi': True, 'rsi_n': 40, 'rsi_lower': 24, 'rsi_upper': 73, 'en_stochastic': True, 'stochastic_n': 77, 'stochastic_d': 22, 'stochastic_lower': 18, 'stochastic_upper': 74, 'en_mfi': False, 'mfi_n': 13, 'mfi_lower': 27, 'mfi_upper': 51, 'en_bollinger': False, 'bollinger_n': 69, 'bollinger_k': 4.7, 'en_adx': False, 'adx_n': 42, 'adx_threshold': 17, 'en_structure_trend': False, 'structure_trend_swing_l': 15, 'en_order_block': False, 'order_block_swing_l': 20, 'en_fvg': True, 'fvg_lookback': 2, 'en_ifvg': True, 'en_breaker': True, 'breaker_swing_l': 3, 'en_cisd': False, 'k': 1, 'en_cap_bars': True, 'cap_1min': 1271}.
[I 2026-07-13 15:49:45,466] Trial 3153 pruned. 
[I 2026-07-13 15:49:45,670] Trial 3154 finished with values: [-211.81068234660933, -2457.673535708693, 59.95] and parameters: {'sl_soft': 0.09561626693152817, 'sl_hard_delta': 0.03015108663934192, 'tp': 0.05493660677968804, 'gate_pct': 97.00844078669539, 'dd_limit': 7.364744278329123, 'cooldown': 2, 'flip': True, 'en_ema_trend': True, 'ema_trend_fast': 23, 'ema_trend_slow': 133, 'en_sma_trend': False, 'sma_trend_fast': 331, 'sma_trend_slow': 356, 'en_macd': False, 'macd_fast': 38, 'macd_slow': 88, 'macd_signal': 45, 'en_vwap': False, 'en_keltner': False, 'keltner_n': 60, 'keltner_m': 0.8, 'en_obv': False, 'obv_slope': 13, 'en_cci': True, 'cci_n': 78, 'cci_threshold': 50, 'en_rsi': False, 'rsi_n': 96, 'rsi_lower': 5, 'rsi_upper': 78, 'en_stochastic': False, 'stochastic_n': 27, 'stochastic_d': 43, 'stochastic_lower': 27, 'stochastic_upper': 94, 'en_mfi': False, 'mfi_n': 28, 'mfi_lower': 47, 'mfi_upper': 69, 'en_bollinger': True, 'bollinger_n': 172, 'bollinger_k': 0.5, 'en_adx': False, 'adx_n': 48, 'adx_threshold': 10, 'en_structure_trend': False, 'structure_trend_swing_l': 1, 'en_order_block': True, 'order_block_swing_l': 5, 'en_fvg': True, 'fvg_lookback': 40, 'en_ifvg': True, 'en_breaker': False, 'breaker_swing_l': 13, 'en_cisd': True, 'k': 1, 'en_cap_bars': False, 'cap_1min': 495}.
[I 2026-07-13 15:49:48,537] Trial 3155 finished with values: [1684.3822068010188, -4098.0935719899135, 59.0] and parameters: {'sl_soft': 0.13648397518861563, 'sl_hard_delta': 0.16209355299609657, 'tp': 0.11965293792891196, 'gate_pct': 97.87184393359011, 'dd_limit': 5.319419455229414, 'cooldown': 5, 'flip': True, 'en_ema_trend': True, 'ema_trend_fast': 195, 'ema_trend_slow': 214, 'en_sma_trend': True, 'sma_trend_fast': 108, 'sma_trend_slow': 117, 'en_macd': True, 'macd_fast': 18, 'macd_slow': 72, 'macd_signal': 45, 'en_vwap': True, 'en_keltner': True, 'keltner_n': 79, 'keltner_m': 0.7, 'en_obv': True, 'obv_slope': 61, 'en_cci': True, 'cci_n': 55, 'cci_threshold': 250, 'en_rsi': True, 'rsi_n': 56, 'rsi_lower': 30, 'rsi_upper': 66, 'en_stochastic': False, 'stochastic_n': 95, 'stochastic_d': 28, 'stochastic_lower': 42, 'stochastic_upper': 81, 'en_mfi': False, 'mfi_n': 19, 'mfi_lower': 16, 'mfi_upper': 73, 'en_bollinger': True, 'bollinger_n': 23, 'bollinger_k': 2.8000000000000003, 'en_adx': False, 'adx_n': 11, 'adx_threshold': 24, 'en_structure_trend': False, 'structure_trend_swing_l': 15, 'en_order_block': False, 'order_block_swing_l': 11, 'en_fvg': True, 'fvg_lookback': 7, 'en_ifvg': True, 'en_breaker': True, 'breaker_swing_l': 13, 'en_cisd': False, 'k': 4, 'en_cap_bars': False, 'cap_1min': 1250}.
[I 2026-07-13 15:49:49,411] Trial 3156 finished with values: [-365.2779437505243, -5341.82428540376, 36.45] and parameters: {'sl_soft': 0.0245266268294413, 'sl_hard_delta': 0.13131898566558653, 'tp': 0.11042720447236243, 'gate_pct': 99.52194572971088, 'dd_limit': 9.029015189980312, 'cooldown': 4, 'flip': True, 'en_ema_trend': False, 'ema_trend_fast': 323, 'ema_trend_slow': 136, 'en_sma_trend': True, 'sma_trend_fast': 222, 'sma_trend_slow': 57, 'en_macd': False, 'macd_fast': 53, 'macd_slow': 114, 'macd_signal': 18, 'en_vwap': True, 'en_keltner': False, 'keltner_n': 56, 'keltner_m': 2.1, 'en_obv': True, 'obv_slope': 129, 'en_cci': False, 'cci_n': 7, 'cci_threshold': 145, 'en_rsi': False, 'rsi_n': 95, 'rsi_lower': 36, 'rsi_upper': 89, 'en_stochastic': False, 'stochastic_n': 55, 'stochastic_d': 14, 'stochastic_lower': 4, 'stochastic_upper': 89, 'en_mfi': True, 'mfi_n': 84, 'mfi_lower': 11, 'mfi_upper': 70, 'en_bollinger': False, 'bollinger_n': 134, 'bollinger_k': 1.4, 'en_adx': False, 'adx_n': 22, 'adx_threshold': 38, 'en_structure_trend': True, 'structure_trend_swing_l': 12, 'en_order_block': False, 'order_block_swing_l': 4, 'en_fvg': False, 'fvg_lookback': 45, 'en_ifvg': False, 'en_breaker': False, 'breaker_swing_l': 15, 'en_cisd': True, 'k': 1, 'en_cap_bars': True, 'cap_1min': 797}.
[I 2026-07-13 15:49:49,757] Trial 3157 finished with values: [481.8084944407282, -5649.711719975768, 47.2] and parameters: {'sl_soft': 0.04100880279024977, 'sl_hard_delta': 0.16467351342568515, 'tp': 0.11105865463556486, 'gate_pct': 98.80229380351075, 'dd_limit': 7.351713918926211, 'cooldown': 0, 'flip': True, 'en_ema_trend': True, 'ema_trend_fast': 176, 'ema_trend_slow': 231, 'en_sma_trend': True, 'sma_trend_fast': 166, 'sma_trend_slow': 28, 'en_macd': False, 'macd_fast': 64, 'macd_slow': 170, 'macd_signal': 37, 'en_vwap': True, 'en_keltner': False, 'keltner_n': 13, 'keltner_m': 1.4, 'en_obv': True, 'obv_slope': 76, 'en_cci': True, 'cci_n': 8, 'cci_threshold': 170, 'en_rsi': False, 'rsi_n': 21, 'rsi_lower': 43, 'rsi_upper': 64, 'en_stochastic': True, 'stochastic_n': 31, 'stochastic_d': 29, 'stochastic_lower': 9, 'stochastic_upper': 87, 'en_mfi': False, 'mfi_n': 44, 'mfi_lower': 26, 'mfi_upper': 65, 'en_bollinger': True, 'bollinger_n': 142, 'bollinger_k': 4.1, 'en_adx': False, 'adx_n': 8, 'adx_threshold': 55, 'en_structure_trend': True, 'structure_trend_swing_l': 19, 'en_order_block': True, 'order_block_swing_l': 4, 'en_fvg': False, 'fvg_lookback': 30, 'en_ifvg': True, 'en_breaker': False, 'breaker_swing_l': 20, 'en_cisd': True, 'k': 2, 'en_cap_bars': True, 'cap_1min': 1189}.
[I 2026-07-13 15:49:55,913] Trial 3158 finished with values: [-1017.9844644923717, -4491.788676081113, 63.1] and parameters: {'sl_soft': 0.07922784441362493, 'sl_hard_delta': 0.08529109144375084, 'tp': 0.04490461800882547, 'gate_pct': 99.16215050807807, 'dd_limit': 5.5935434980177225, 'cooldown': 3, 'flip': False, 'en_ema_trend': True, 'ema_trend_fast': 80, 'ema_trend_slow': 75, 'en_sma_trend': False, 'sma_trend_fast': 105, 'sma_trend_slow': 325, 'en_macd': False, 'macd_fast': 75, 'macd_slow': 126, 'macd_signal': 50, 'en_vwap': False, 'en_keltner': False, 'keltner_n': 43, 'keltner_m': 1.5, 'en_obv': True, 'obv_slope': 38, 'en_cci': False, 'cci_n': 7, 'cci_threshold': 25, 'en_rsi': True, 'rsi_n': 73, 'rsi_lower': 29, 'rsi_upper': 58, 'en_stochastic': True, 'stochastic_n': 6, 'stochastic_d': 48, 'stochastic_lower': 27, 'stochastic_upper': 68, 'en_mfi': False, 'mfi_n': 72, 'mfi_lower': 23, 'mfi_upper': 51, 'en_bollinger': False, 'bollinger_n': 54, 'bollinger_k': 0.7, 'en_adx': False, 'adx_n': 39, 'adx_threshold': 51, 'en_structure_trend': True, 'structure_trend_swing_l': 9, 'en_order_block': True, 'order_block_swing_l': 13, 'en_fvg': False, 'fvg_lookback': 32, 'en_ifvg': False, 'en_breaker': True, 'breaker_swing_l': 17, 'en_cisd': True, 'k': 2, 'en_cap_bars': False, 'cap_1min': 345}.
[I 2026-07-13 15:49:56,498] Trial 3159 pruned. 
[I 2026-07-13 15:49:57,237] Trial 3160 pruned. 
[I 2026-07-13 15:49:59,653] Trial 3161 finished with values: [1035.0142356624478, -4758.677954826781, 21.8] and parameters: {'sl_soft': 0.02982121662869158, 'sl_hard_delta': 0.02804193502789015, 'tp': 0.17919529691137454, 'gate_pct': 95.72859018663851, 'dd_limit': 3.2180873254465436, 'cooldown': 6, 'flip': False, 'en_ema_trend': False, 'ema_trend_fast': 197, 'ema_trend_slow': 304, 'en_sma_trend': False, 'sma_trend_fast': 360, 'sma_trend_slow': 377, 'en_macd': True, 'macd_fast': 97, 'macd_slow': 161, 'macd_signal': 78, 'en_vwap': False, 'en_keltner': True, 'keltner_n': 123, 'keltner_m': 0.5, 'en_obv': True, 'obv_slope': 100, 'en_cci': False, 'cci_n': 54, 'cci_threshold': 85, 'en_rsi': False, 'rsi_n': 97, 'rsi_lower': 1, 'rsi_upper': 81, 'en_stochastic': False, 'stochastic_n': 62, 'stochastic_d': 2, 'stochastic_lower': 40, 'stochastic_upper': 57, 'en_mfi': False, 'mfi_n': 11, 'mfi_lower': 44, 'mfi_upper': 97, 'en_bollinger': False, 'bollinger_n': 165, 'bollinger_k': 2.7, 'en_adx': False, 'adx_n': 35, 'adx_threshold': 35, 'en_structure_trend': False, 'structure_trend_swing_l': 7, 'en_order_block': True, 'order_block_swing_l': 13, 'en_fvg': False, 'fvg_lookback': 24, 'en_ifvg': False, 'en_breaker': False, 'breaker_swing_l': 8, 'en_cisd': False, 'k': 2, 'en_cap_bars': False, 'cap_1min': 591}.
[I 2026-07-13 15:50:00,535] Trial 3162 pruned. 
[I 2026-07-13 15:50:01,614] Trial 3163 pruned. 
[I 2026-07-13 15:50:04,351] Trial 3164 finished with values: [461.64965278906686, -5732.676662254975, 29.6] and parameters: {'sl_soft': 0.06738922751047197, 'sl_hard_delta': 0.044576992423203524, 'tp': 0.2450930868194452, 'gate_pct': 97.87184393359011, 'dd_limit': 7.364744278329123, 'cooldown': 6, 'flip': False, 'en_ema_trend': True, 'ema_trend_fast': 386, 'ema_trend_slow': 133, 'en_sma_trend': True, 'sma_trend_fast': 265, 'sma_trend_slow': 379, 'en_macd': True, 'macd_fast': 70, 'macd_slow': 88, 'macd_signal': 45, 'en_vwap': True, 'en_keltner': True, 'keltner_n': 24, 'keltner_m': 0.8, 'en_obv': False, 'obv_slope': 162, 'en_cci': False, 'cci_n': 78, 'cci_threshold': 50, 'en_rsi': True, 'rsi_n': 93, 'rsi_lower': 5, 'rsi_upper': 66, 'en_stochastic': False, 'stochastic_n': 27, 'stochastic_d': 28, 'stochastic_lower': 15, 'stochastic_upper': 89, 'en_mfi': False, 'mfi_n': 83, 'mfi_lower': 42, 'mfi_upper': 69, 'en_bollinger': True, 'bollinger_n': 172, 'bollinger_k': 3.4000000000000004, 'en_adx': False, 'adx_n': 48, 'adx_threshold': 29, 'en_structure_trend': True, 'structure_trend_swing_l': 1, 'en_order_block': True, 'order_block_swing_l': 18, 'en_fvg': True, 'fvg_lookback': 50, 'en_ifvg': False, 'en_breaker': True, 'breaker_swing_l': 2, 'en_cisd': True, 'k': 1, 'en_cap_bars': False, 'cap_1min': 495}.
[I 2026-07-13 15:50:05,571] Trial 3165 pruned. 
[I 2026-07-13 15:50:12,747] Trial 3166 finished with values: [1474.3083808142114, -3387.370167108301, 37.25] and parameters: {'sl_soft': 0.03867303262411816, 'sl_hard_delta': 0.17424252774383417, 'tp': 0.14459410402505526, 'gate_pct': 97.66578486655469, 'dd_limit': 2.4528084273798805, 'cooldown': 5, 'flip': True, 'en_ema_trend': True, 'ema_trend_fast': 323, 'ema_trend_slow': 294, 'en_sma_trend': True, 'sma_trend_fast': 177, 'sma_trend_slow': 351, 'en_macd': False, 'macd_fast': 64, 'macd_slow': 93, 'macd_signal': 38, 'en_vwap': False, 'en_keltner': True, 'keltner_n': 56, 'keltner_m': 2.1, 'en_obv': True, 'obv_slope': 72, 'en_cci': True, 'cci_n': 7, 'cci_threshold': 145, 'en_rsi': True, 'rsi_n': 95, 'rsi_lower': 31, 'rsi_upper': 58, 'en_stochastic': True, 'stochastic_n': 45, 'stochastic_d': 43, 'stochastic_lower': 4, 'stochastic_upper': 97, 'en_mfi': False, 'mfi_n': 9, 'mfi_lower': 11, 'mfi_upper': 57, 'en_bollinger': False, 'bollinger_n': 139, 'bollinger_k': 1.1, 'en_adx': False, 'adx_n': 37, 'adx_threshold': 47, 'en_structure_trend': False, 'structure_trend_swing_l': 7, 'en_order_block': False, 'order_block_swing_l': 4, 'en_fvg': False, 'fvg_lookback': 32, 'en_ifvg': True, 'en_breaker': False, 'breaker_swing_l': 18, 'en_cisd': True, 'k': 3, 'en_cap_bars': True, 'cap_1min': 878}.
[I 2026-07-13 15:50:19,740] Trial 3167 finished with values: [-1772.3827000664728, -6296.7580179397955, 68.94999999999999] and parameters: {'sl_soft': 0.06423559890121558, 'sl_hard_delta': 0.12303958310023494, 'tp': 0.03810555008976396, 'gate_pct': 99.43810192295578, 'dd_limit': 5.937758572987326, 'cooldown': 1, 'flip': False, 'en_ema_trend': True, 'ema_trend_fast': 80, 'ema_trend_slow': 75, 'en_sma_trend': True, 'sma_trend_fast': 289, 'sma_trend_slow': 325, 'en_macd': True, 'macd_fast': 55, 'macd_slow': 125, 'macd_signal': 19, 'en_vwap': True, 'en_keltner': True, 'keltner_n': 33, 'keltner_m': 0.7, 'en_obv': True, 'obv_slope': 26, 'en_cci': False, 'cci_n': 51, 'cci_threshold': 25, 'en_rsi': False, 'rsi_n': 14, 'rsi_lower': 15, 'rsi_upper': 52, 'en_stochastic': False, 'stochastic_n': 6, 'stochastic_d': 20, 'stochastic_lower': 22, 'stochastic_upper': 80, 'en_mfi': False, 'mfi_n': 51, 'mfi_lower': 23, 'mfi_upper': 56, 'en_bollinger': True, 'bollinger_n': 2, 'bollinger_k': 0.7, 'en_adx': True, 'adx_n': 5, 'adx_threshold': 27, 'en_structure_trend': True, 'structure_trend_swing_l': 18, 'en_order_block': True, 'order_block_swing_l': 5, 'en_fvg': True, 'fvg_lookback': 14, 'en_ifvg': False, 'en_breaker': False, 'breaker_swing_l': 17, 'en_cisd': False, 'k': 4, 'en_cap_bars': True, 'cap_1min': 457}.
[I 2026-07-13 15:50:20,455] Trial 3168 pruned. 
[I 2026-07-13 15:50:21,697] Trial 3169 finished with values: [567.7729935973199, -6752.923682842602, 53.9] and parameters: {'sl_soft': 0.04100880279024977, 'sl_hard_delta': 0.16467351342568515, 'tp': 0.07601884556321419, 'gate_pct': 99.57581637257637, 'dd_limit': 7.351713918926211, 'cooldown': 1, 'flip': True, 'en_ema_trend': True, 'ema_trend_fast': 301, 'ema_trend_slow': 231, 'en_sma_trend': False, 'sma_trend_fast': 166, 'sma_trend_slow': 154, 'en_macd': False, 'macd_fast': 64, 'macd_slow': 107, 'macd_signal': 37, 'en_vwap': True, 'en_keltner': False, 'keltner_n': 13, 'keltner_m': 4.8, 'en_obv': True, 'obv_slope': 76, 'en_cci': True, 'cci_n': 120, 'cci_threshold': 170, 'en_rsi': False, 'rsi_n': 33, 'rsi_lower': 20, 'rsi_upper': 74, 'en_stochastic': True, 'stochastic_n': 31, 'stochastic_d': 29, 'stochastic_lower': 9, 'stochastic_upper': 87, 'en_mfi': False, 'mfi_n': 44, 'mfi_lower': 13, 'mfi_upper': 65, 'en_bollinger': True, 'bollinger_n': 142, 'bollinger_k': 4.1, 'en_adx': False, 'adx_n': 68, 'adx_threshold': 55, 'en_structure_trend': True, 'structure_trend_swing_l': 19, 'en_order_block': False, 'order_block_swing_l': 5, 'en_fvg': False, 'fvg_lookback': 30, 'en_ifvg': True, 'en_breaker': False, 'breaker_swing_l': 11, 'en_cisd': False, 'k': 4, 'en_cap_bars': True, 'cap_1min': 1317}.
