[I 2026-07-13 15:52:13,545] Trial 3225 finished with values: [-511.0609174976406, -15283.504332518272, 35.75] and parameters: {'sl_soft': 0.05182350689920394, 'sl_hard_delta': 0.16533605553887765, 'tp': 0.14503837553339838, 'gate_pct': 96.54380504120698, 'dd_limit': 8.159364296050743, 'cooldown': 3, 'flip': False, 'en_ema_trend': False, 'ema_trend_fast': 393, 'ema_trend_slow': 260, 'en_sma_trend': False, 'sma_trend_fast': 136, 'sma_trend_slow': 175, 'en_macd': True, 'macd_fast': 85, 'macd_slow': 11, 'macd_signal': 34, 'en_vwap': True, 'en_keltner': False, 'keltner_n': 99, 'keltner_m': 2.4000000000000004, 'en_obv': True, 'obv_slope': 146, 'en_cci': False, 'cci_n': 147, 'cci_threshold': 180, 'en_rsi': False, 'rsi_n': 31, 'rsi_lower': 39, 'rsi_upper': 86, 'en_stochastic': False, 'stochastic_n': 2, 'stochastic_d': 7, 'stochastic_lower': 7, 'stochastic_upper': 83, 'en_mfi': False, 'mfi_n': 76, 'mfi_lower': 14, 'mfi_upper': 83, 'en_bollinger': False, 'bollinger_n': 5, 'bollinger_k': 0.7, 'en_adx': False, 'adx_n': 97, 'adx_threshold': 39, 'en_structure_trend': True, 'structure_trend_swing_l': 5, 'en_order_block': False, 'order_block_swing_l': 19, 'en_fvg': True, 'fvg_lookback': 18, 'en_ifvg': False, 'en_breaker': False, 'breaker_swing_l': 11, 'en_cisd': True, 'k': 3, 'en_cap_bars': False, 'cap_1min': 715}.
[I 2026-07-13 15:52:16,931] Trial 3226 finished with values: [1855.1723852645487, -12215.62596867141, 48.55] and parameters: {'sl_soft': 0.06439762276669186, 'sl_hard_delta': 0.12303958310023494, 'tp': 0.11965293792891196, 'gate_pct': 99.60506126830711, 'dd_limit': 5.319419455229414, 'cooldown': 1, 'flip': True, 'en_ema_trend': True, 'ema_trend_fast': 79, 'ema_trend_slow': 75, 'en_sma_trend': True, 'sma_trend_fast': 289, 'sma_trend_slow': 325, 'en_macd': True, 'macd_fast': 18, 'macd_slow': 132, 'macd_signal': 98, 'en_vwap': True, 'en_keltner': False, 'keltner_n': 43, 'keltner_m': 3.0, 'en_obv': True, 'obv_slope': 19, 'en_cci': False, 'cci_n': 51, 'cci_threshold': 135, 'en_rsi': True, 'rsi_n': 56, 'rsi_lower': 15, 'rsi_upper': 75, 'en_stochastic': False, 'stochastic_n': 6, 'stochastic_d': 48, 'stochastic_lower': 21, 'stochastic_upper': 80, 'en_mfi': True, 'mfi_n': 72, 'mfi_lower': 16, 'mfi_upper': 80, 'en_bollinger': True, 'bollinger_n': 31, 'bollinger_k': 3.2, 'en_adx': False, 'adx_n': 98, 'adx_threshold': 48, 'en_structure_trend': False, 'structure_trend_swing_l': 15, 'en_order_block': False, 'order_block_swing_l': 20, 'en_fvg': False, 'fvg_lookback': 32, 'en_ifvg': False, 'en_breaker': False, 'breaker_swing_l': 13, 'en_cisd': False, 'k': 2, 'en_cap_bars': False, 'cap_1min': 59}.
[I 2026-07-13 15:52:17,219] Trial 3227 pruned. 
[I 2026-07-13 15:52:23,349] Trial 3228 finished with values: [-1066.9562524385515, -6378.556118894424, 67.85] and parameters: {'sl_soft': 0.07488558607740736, 'sl_hard_delta': 0.16209355299609657, 'tp': 0.04417805554007266, 'gate_pct': 99.43810192295578, 'dd_limit': 5.937758572987326, 'cooldown': 0, 'flip': False, 'en_ema_trend': False, 'ema_trend_fast': 97, 'ema_trend_slow': 100, 'en_sma_trend': True, 'sma_trend_fast': 81, 'sma_trend_slow': 336, 'en_macd': False, 'macd_fast': 18, 'macd_slow': 127, 'macd_signal': 6, 'en_vwap': True, 'en_keltner': False, 'keltner_n': 79, 'keltner_m': 0.7, 'en_obv': True, 'obv_slope': 26, 'en_cci': True, 'cci_n': 172, 'cci_threshold': 290, 'en_rsi': True, 'rsi_n': 14, 'rsi_lower': 49, 'rsi_upper': 90, 'en_stochastic': False, 'stochastic_n': 89, 'stochastic_d': 25, 'stochastic_lower': 22, 'stochastic_upper': 66, 'en_mfi': False, 'mfi_n': 97, 'mfi_lower': 19, 'mfi_upper': 78, 'en_bollinger': True, 'bollinger_n': 69, 'bollinger_k': 3.8000000000000003, 'en_adx': True, 'adx_n': 11, 'adx_threshold': 13, 'en_structure_trend': False, 'structure_trend_swing_l': 15, 'en_order_block': False, 'order_block_swing_l': 20, 'en_fvg': True, 'fvg_lookback': 24, 'en_ifvg': True, 'en_breaker': False, 'breaker_swing_l': 7, 'en_cisd': False, 'k': 4, 'en_cap_bars': True, 'cap_1min': 59}.
[I 2026-07-13 15:52:26,620] Trial 3229 finished with values: [-365.59372434414377, -5213.074014607883, 38.75] and parameters: {'sl_soft': 0.04100880279024977, 'sl_hard_delta': 0.13131898566558653, 'tp': 0.11105865463556486, 'gate_pct': 98.80229380351075, 'dd_limit': 9.029015189980312, 'cooldown': 7, 'flip': True, 'en_ema_trend': True, 'ema_trend_fast': 24, 'ema_trend_slow': 231, 'en_sma_trend': True, 'sma_trend_fast': 166, 'sma_trend_slow': 28, 'en_macd': False, 'macd_fast': 53, 'macd_slow': 114, 'macd_signal': 61, 'en_vwap': True, 'en_keltner': True, 'keltner_n': 135, 'keltner_m': 1.4, 'en_obv': True, 'obv_slope': 76, 'en_cci': True, 'cci_n': 134, 'cci_threshold': 170, 'en_rsi': False, 'rsi_n': 95, 'rsi_lower': 43, 'rsi_upper': 63, 'en_stochastic': False, 'stochastic_n': 78, 'stochastic_d': 29, 'stochastic_lower': 9, 'stochastic_upper': 87, 'en_mfi': True, 'mfi_n': 14, 'mfi_lower': 11, 'mfi_upper': 70, 'en_bollinger': True, 'bollinger_n': 190, 'bollinger_k': 4.1, 'en_adx': False, 'adx_n': 22, 'adx_threshold': 38, 'en_structure_trend': False, 'structure_trend_swing_l': 19, 'en_order_block': True, 'order_block_swing_l': 4, 'en_fvg': False, 'fvg_lookback': 45, 'en_ifvg': False, 'en_breaker': False, 'breaker_swing_l': 2, 'en_cisd': True, 'k': 1, 'en_cap_bars': True, 'cap_1min': 797}.
[I 2026-07-13 15:52:32,620] Trial 3230 finished with values: [-1144.4808600862898, -3128.7812840189126, 41.099999999999994] and parameters: {'sl_soft': 0.07488558607740736, 'sl_hard_delta': 0.14143713653322113, 'tp': 0.11856093579904992, 'gate_pct': 99.57581637257637, 'dd_limit': 5.937758572987326, 'cooldown': 1, 'flip': False, 'en_ema_trend': True, 'ema_trend_fast': 213, 'ema_trend_slow': 100, 'en_sma_trend': True, 'sma_trend_fast': 165, 'sma_trend_slow': 336, 'en_macd': False, 'macd_fast': 89, 'macd_slow': 125, 'macd_signal': 67, 'en_vwap': False, 'en_keltner': True, 'keltner_n': 33, 'keltner_m': 2.3, 'en_obv': False, 'obv_slope': 173, 'en_cci': False, 'cci_n': 120, 'cci_threshold': 45, 'en_rsi': False, 'rsi_n': 14, 'rsi_lower': 20, 'rsi_upper': 63, 'en_stochastic': True, 'stochastic_n': 90, 'stochastic_d': 25, 'stochastic_lower': 21, 'stochastic_upper': 66, 'en_mfi': False, 'mfi_n': 56, 'mfi_lower': 13, 'mfi_upper': 78, 'en_bollinger': True, 'bollinger_n': 2, 'bollinger_k': 3.8000000000000003, 'en_adx': True, 'adx_n': 5, 'adx_threshold': 13, 'en_structure_trend': False, 'structure_trend_swing_l': 2, 'en_order_block': False, 'order_block_swing_l': 5, 'en_fvg': True, 'fvg_lookback': 33, 'en_ifvg': True, 'en_breaker': False, 'breaker_swing_l': 7, 'en_cisd': False, 'k': 4, 'en_cap_bars': True, 'cap_1min': 1317}.
[I 2026-07-13 15:52:38,953] Trial 3231 finished with values: [-170.7925200326522, -10741.593647149019, 67.75] and parameters: {'sl_soft': 0.12251964557263084, 'sl_hard_delta': 0.16533605553887765, 'tp': 0.07738154772393774, 'gate_pct': 97.24094450079814, 'dd_limit': 0.26915096513789893, 'cooldown': 5, 'flip': False, 'en_ema_trend': False, 'ema_trend_fast': 39, 'ema_trend_slow': 319, 'en_sma_trend': False, 'sma_trend_fast': 265, 'sma_trend_slow': 200, 'en_macd': True, 'macd_fast': 61, 'macd_slow': 11, 'macd_signal': 45, 'en_vwap': True, 'en_keltner': True, 'keltner_n': 169, 'keltner_m': 2.2, 'en_obv': True, 'obv_slope': 69, 'en_cci': False, 'cci_n': 147, 'cci_threshold': 250, 'en_rsi': False, 'rsi_n': 93, 'rsi_lower': 9, 'rsi_upper': 86, 'en_stochastic': True, 'stochastic_n': 15, 'stochastic_d': 28, 'stochastic_lower': 15, 'stochastic_upper': 83, 'en_mfi': False, 'mfi_n': 88, 'mfi_lower': 43, 'mfi_upper': 90, 'en_bollinger': True, 'bollinger_n': 5, 'bollinger_k': 3.5, 'en_adx': False, 'adx_n': 97, 'adx_threshold': 7, 'en_structure_trend': False, 'structure_trend_swing_l': 17, 'en_order_block': True, 'order_block_swing_l': 15, 'en_fvg': False, 'fvg_lookback': 7, 'en_ifvg': False, 'en_breaker': True, 'breaker_swing_l': 2, 'en_cisd': True, 'k': 3, 'en_cap_bars': False, 'cap_1min': 1370}.
[I 2026-07-13 15:52:47,411] Trial 3232 finished with values: [-4224.282491916291, -8273.710407763208, 37.15] and parameters: {'sl_soft': 0.07488558607740736, 'sl_hard_delta': 0.037096762797135426, 'tp': 0.11856093579904992, 'gate_pct': 99.43810192295578, 'dd_limit': 5.937758572987326, 'cooldown': 1, 'flip': False, 'en_ema_trend': False, 'ema_trend_fast': 213, 'ema_trend_slow': 100, 'en_sma_trend': False, 'sma_trend_fast': 81, 'sma_trend_slow': 336, 'en_macd': True, 'macd_fast': 55, 'macd_slow': 72, 'macd_signal': 19, 'en_vwap': True, 'en_keltner': True, 'keltner_n': 33, 'keltner_m': 3.0, 'en_obv': True, 'obv_slope': 93, 'en_cci': False, 'cci_n': 142, 'cci_threshold': 130, 'en_rsi': False, 'rsi_n': 66, 'rsi_lower': 30, 'rsi_upper': 52, 'en_stochastic': True, 'stochastic_n': 6, 'stochastic_d': 28, 'stochastic_lower': 42, 'stochastic_upper': 66, 'en_mfi': False, 'mfi_n': 51, 'mfi_lower': 27, 'mfi_upper': 78, 'en_bollinger': True, 'bollinger_n': 149, 'bollinger_k': 2.4000000000000004, 'en_adx': False, 'adx_n': 98, 'adx_threshold': 27, 'en_structure_trend': False, 'structure_trend_swing_l': 4, 'en_order_block': False, 'order_block_swing_l': 18, 'en_fvg': True, 'fvg_lookback': 7, 'en_ifvg': True, 'en_breaker': False, 'breaker_swing_l': 7, 'en_cisd': False, 'k': 4, 'en_cap_bars': True, 'cap_1min': 457}.
[I 2026-07-13 15:52:48,378] Trial 3233 pruned. 
[I 2026-07-13 15:52:51,789] Trial 3234 pruned. 
[I 2026-07-13 15:52:59,796] Trial 3235 finished with values: [-1173.3746297144874, -3933.328002869736, 29.700000000000003] and parameters: {'sl_soft': 0.06943556259637333, 'sl_hard_delta': 0.05280977471915283, 'tp': 0.18978054300184755, 'gate_pct': 99.55888908721671, 'dd_limit': 8.159364296050743, 'cooldown': 6, 'flip': True, 'en_ema_trend': True, 'ema_trend_fast': 323, 'ema_trend_slow': 319, 'en_sma_trend': False, 'sma_trend_fast': 105, 'sma_trend_slow': 325, 'en_macd': True, 'macd_fast': 64, 'macd_slow': 11, 'macd_signal': 57, 'en_vwap': True, 'en_keltner': False, 'keltner_n': 169, 'keltner_m': 0.7, 'en_obv': True, 'obv_slope': 19, 'en_cci': False, 'cci_n': 7, 'cci_threshold': 145, 'en_rsi': True, 'rsi_n': 73, 'rsi_lower': 5, 'rsi_upper': 86, 'en_stochastic': True, 'stochastic_n': 15, 'stochastic_d': 43, 'stochastic_lower': 7, 'stochastic_upper': 97, 'en_mfi': False, 'mfi_n': 88, 'mfi_lower': 23, 'mfi_upper': 96, 'en_bollinger': False, 'bollinger_n': 5, 'bollinger_k': 1.1, 'en_adx': False, 'adx_n': 97, 'adx_threshold': 49, 'en_structure_trend': True, 'structure_trend_swing_l': 7, 'en_order_block': True, 'order_block_swing_l': 4, 'en_fvg': False, 'fvg_lookback': 47, 'en_ifvg': False, 'en_breaker': True, 'breaker_swing_l': 11, 'en_cisd': True, 'k': 1, 'en_cap_bars': False, 'cap_1min': 1370}.
[I 2026-07-13 15:53:00,381] Trial 3236 pruned. 
[I 2026-07-13 15:53:02,417] Trial 3237 finished with values: [-242.08109099353493, -5484.633381880998, 71.2] and parameters: {'sl_soft': 0.09561626693152817, 'sl_hard_delta': 0.08529109144375084, 'tp': 0.05493660677968804, 'gate_pct': 99.16215050807807, 'dd_limit': 8.747350770951359, 'cooldown': 3, 'flip': True, 'en_ema_trend': True, 'ema_trend_fast': 318, 'ema_trend_slow': 3, 'en_sma_trend': False, 'sma_trend_fast': 120, 'sma_trend_slow': 232, 'en_macd': False, 'macd_fast': 70, 'macd_slow': 133, 'macd_signal': 50, 'en_vwap': False, 'en_keltner': False, 'keltner_n': 59, 'keltner_m': 0.5, 'en_obv': True, 'obv_slope': 13, 'en_cci': True, 'cci_n': 84, 'cci_threshold': 255, 'en_rsi': True, 'rsi_n': 41, 'rsi_lower': 1, 'rsi_upper': 78, 'en_stochastic': False, 'stochastic_n': 88, 'stochastic_d': 16, 'stochastic_lower': 27, 'stochastic_upper': 72, 'en_mfi': False, 'mfi_n': 11, 'mfi_lower': 38, 'mfi_upper': 51, 'en_bollinger': False, 'bollinger_n': 54, 'bollinger_k': 1.7000000000000002, 'en_adx': False, 'adx_n': 48, 'adx_threshold': 51, 'en_structure_trend': False, 'structure_trend_swing_l': 1, 'en_order_block': False, 'order_block_swing_l': 5, 'en_fvg': True, 'fvg_lookback': 40, 'en_ifvg': False, 'en_breaker': False, 'breaker_swing_l': 3, 'en_cisd': True, 'k': 2, 'en_cap_bars': True, 'cap_1min': 1339}.
[I 2026-07-13 15:53:03,797] Trial 3238 finished with values: [-5941.682767776945, -21168.708235202485, 41.2] and parameters: {'sl_soft': 0.06423559890121558, 'sl_hard_delta': 0.04269284514679842, 'tp': 0.11856093579904992, 'gate_pct': 99.43810192295578, 'dd_limit': 0.5242871576912017, 'cooldown': 1, 'flip': False, 'en_ema_trend': False, 'ema_trend_fast': 77, 'ema_trend_slow': 377, 'en_sma_trend': False, 'sma_trend_fast': 50, 'sma_trend_slow': 290, 'en_macd': True, 'macd_fast': 2, 'macd_slow': 125, 'macd_signal': 19, 'en_vwap': True, 'en_keltner': True, 'keltner_n': 24, 'keltner_m': 3.0, 'en_obv': True, 'obv_slope': 93, 'en_cci': False, 'cci_n': 142, 'cci_threshold': 130, 'en_rsi': False, 'rsi_n': 66, 'rsi_lower': 30, 'rsi_upper': 52, 'en_stochastic': False, 'stochastic_n': 6, 'stochastic_d': 25, 'stochastic_lower': 18, 'stochastic_upper': 66, 'en_mfi': False, 'mfi_n': 14, 'mfi_lower': 27, 'mfi_upper': 78, 'en_bollinger': False, 'bollinger_n': 149, 'bollinger_k': 3.8000000000000003, 'en_adx': False, 'adx_n': 98, 'adx_threshold': 27, 'en_structure_trend': False, 'structure_trend_swing_l': 4, 'en_order_block': False, 'order_block_swing_l': 5, 'en_fvg': True, 'fvg_lookback': 2, 'en_ifvg': False, 'en_breaker': True, 'breaker_swing_l': 3, 'en_cisd': False, 'k': 1, 'en_cap_bars': False, 'cap_1min': 1271}.
[I 2026-07-13 15:53:04,524] Trial 3239 pruned. 
[I 2026-07-13 15:53:10,865] Trial 3240 finished with values: [430.98439401848793, -9710.85727997859, 70.95] and parameters: {'sl_soft': 0.06423559890121558, 'sl_hard_delta': 0.04269284514679842, 'tp': 0.03810555008976396, 'gate_pct': 97.87184393359011, 'dd_limit': 3.021375135532224, 'cooldown': 0, 'flip': True, 'en_ema_trend': False, 'ema_trend_fast': 97, 'ema_trend_slow': 377, 'en_sma_trend': False, 'sma_trend_fast': 44, 'sma_trend_slow': 268, 'en_macd': True, 'macd_fast': 2, 'macd_slow': 72, 'macd_signal': 19, 'en_vwap': False, 'en_keltner': True, 'keltner_n': 153, 'keltner_m': 2.8000000000000003, 'en_obv': True, 'obv_slope': 92, 'en_cci': True, 'cci_n': 172, 'cci_threshold': 290, 'en_rsi': True, 'rsi_n': 71, 'rsi_lower': 18, 'rsi_upper': 94, 'en_stochastic': True, 'stochastic_n': 98, 'stochastic_d': 28, 'stochastic_lower': 21, 'stochastic_upper': 91, 'en_mfi': False, 'mfi_n': 97, 'mfi_lower': 27, 'mfi_upper': 51, 'en_bollinger': False, 'bollinger_n': 149, 'bollinger_k': 1.0, 'en_adx': False, 'adx_n': 12, 'adx_threshold': 17, 'en_structure_trend': False, 'structure_trend_swing_l': 4, 'en_order_block': False, 'order_block_swing_l': 20, 'en_fvg': True, 'fvg_lookback': 7, 'en_ifvg': False, 'en_breaker': True, 'breaker_swing_l': 20, 'en_cisd': False, 'k': 4, 'en_cap_bars': False, 'cap_1min': 1243}.
[I 2026-07-13 15:53:11,126] Trial 3241 pruned. 
[I 2026-07-13 15:53:17,407] Trial 3242 finished with values: [-397.5478434671768, -4891.433147369284, 41.5] and parameters: {'sl_soft': 0.06439762276669186, 'sl_hard_delta': 0.15334514402254495, 'tp': 0.11042720447236243, 'gate_pct': 99.60506126830711, 'dd_limit': 3.021375135532224, 'cooldown': 0, 'flip': True, 'en_ema_trend': False, 'ema_trend_fast': 23, 'ema_trend_slow': 125, 'en_sma_trend': True, 'sma_trend_fast': 265, 'sma_trend_slow': 16, 'en_macd': True, 'macd_fast': 18, 'macd_slow': 91, 'macd_signal': 45, 'en_vwap': False, 'en_keltner': False, 'keltner_n': 153, 'keltner_m': 2.8000000000000003, 'en_obv': False, 'obv_slope': 72, 'en_cci': True, 'cci_n': 172, 'cci_threshold': 290, 'en_rsi': False, 'rsi_n': 91, 'rsi_lower': 38, 'rsi_upper': 94, 'en_stochastic': True, 'stochastic_n': 55, 'stochastic_d': 22, 'stochastic_lower': 21, 'stochastic_upper': 78, 'en_mfi': True, 'mfi_n': 84, 'mfi_lower': 27, 'mfi_upper': 57, 'en_bollinger': False, 'bollinger_n': 69, 'bollinger_k': 0.5, 'en_adx': False, 'adx_n': 12, 'adx_threshold': 17, 'en_structure_trend': False, 'structure_trend_swing_l': 15, 'en_order_block': False, 'order_block_swing_l': 20, 'en_fvg': False, 'fvg_lookback': 24, 'en_ifvg': True, 'en_breaker': False, 'breaker_swing_l': 16, 'en_cisd': True, 'k': 4, 'en_cap_bars': False, 'cap_1min': 1243}.
[I 2026-07-13 15:53:19,151] Trial 3243 pruned. 
[I 2026-07-13 15:53:23,930] Trial 3244 finished with values: [-666.364185656274, -5626.230534567398, 35.25] and parameters: {'sl_soft': 0.02949052716025995, 'sl_hard_delta': 0.17424252774383417, 'tp': 0.16369789677360067, 'gate_pct': 99.12973389262724, 'dd_limit': 2.4528084273798805, 'cooldown': 2, 'flip': True, 'en_ema_trend': False, 'ema_trend_fast': 342, 'ema_trend_slow': 165, 'en_sma_trend': False, 'sma_trend_fast': 198, 'sma_trend_slow': 319, 'en_macd': False, 'macd_fast': 10, 'macd_slow': 51, 'macd_signal': 73, 'en_vwap': True, 'en_keltner': True, 'keltner_n': 173, 'keltner_m': 4.5, 'en_obv': True, 'obv_slope': 106, 'en_cci': True, 'cci_n': 46, 'cci_threshold': 145, 'en_rsi': False, 'rsi_n': 95, 'rsi_lower': 29, 'rsi_upper': 58, 'en_stochastic': True, 'stochastic_n': 79, 'stochastic_d': 15, 'stochastic_lower': 37, 'stochastic_upper': 75, 'en_mfi': False, 'mfi_n': 27, 'mfi_lower': 11, 'mfi_upper': 53, 'en_bollinger': True, 'bollinger_n': 155, 'bollinger_k': 4.2, 'en_adx': False, 'adx_n': 92, 'adx_threshold': 25, 'en_structure_trend': False, 'structure_trend_swing_l': 12, 'en_order_block': False, 'order_block_swing_l': 10, 'en_fvg': True, 'fvg_lookback': 23, 'en_ifvg': False, 'en_breaker': False, 'breaker_swing_l': 14, 'en_cisd': False, 'k': 2, 'en_cap_bars': True, 'cap_1min': 1353}.
[I 2026-07-13 15:53:26,557] Trial 3245 finished with values: [-514.8956279280446, -7538.592352589506, 58.55] and parameters: {'sl_soft': 0.03867303262411816, 'sl_hard_delta': 0.04269284514679842, 'tp': 0.03810555008976396, 'gate_pct': 99.52194572971088, 'dd_limit': 0.5242871576912017, 'cooldown': 2, 'flip': True, 'en_ema_trend': True, 'ema_trend_fast': 23, 'ema_trend_slow': 133, 'en_sma_trend': False, 'sma_trend_fast': 44, 'sma_trend_slow': 16, 'en_macd': True, 'macd_fast': 38, 'macd_slow': 72, 'macd_signal': 19, 'en_vwap': True, 'en_keltner': True, 'keltner_n': 24, 'keltner_m': 0.5, 'en_obv': False, 'obv_slope': 93, 'en_cci': True, 'cci_n': 78, 'cci_threshold': 265, 'en_rsi': False, 'rsi_n': 91, 'rsi_lower': 30, 'rsi_upper': 74, 'en_stochastic': False, 'stochastic_n': 6, 'stochastic_d': 32, 'stochastic_lower': 42, 'stochastic_upper': 91, 'en_mfi': False, 'mfi_n': 84, 'mfi_lower': 27, 'mfi_upper': 80, 'en_bollinger': False, 'bollinger_n': 139, 'bollinger_k': 0.5, 'en_adx': False, 'adx_n': 32, 'adx_threshold': 27, 'en_structure_trend': True, 'structure_trend_swing_l': 1, 'en_order_block': True, 'order_block_swing_l': 18, 'en_fvg': True, 'fvg_lookback': 32, 'en_ifvg': True, 'en_breaker': True, 'breaker_swing_l': 15, 'en_cisd': False, 'k': 1, 'en_cap_bars': False, 'cap_1min': 495}.
[I 2026-07-13 15:53:27,046] Trial 3246 finished with values: [-393.1116222824471, -2768.0573420372666, 51.1] and parameters: {'sl_soft': 0.044871321643129375, 'sl_hard_delta': 0.061542410865162184, 'tp': 0.08487092664226734, 'gate_pct': 99.86430067299344, 'dd_limit': 9.066216783758431, 'cooldown': 3, 'flip': True, 'en_ema_trend': True, 'ema_trend_fast': 268, 'ema_trend_slow': 367, 'en_sma_trend': False, 'sma_trend_fast': 372, 'sma_trend_slow': 385, 'en_macd': True, 'macd_fast': 60, 'macd_slow': 18, 'macd_signal': 13, 'en_vwap': True, 'en_keltner': False, 'keltner_n': 95, 'keltner_m': 2.8000000000000003, 'en_obv': True, 'obv_slope': 191, 'en_cci': False, 'cci_n': 115, 'cci_threshold': 280, 'en_rsi': False, 'rsi_n': 7, 'rsi_lower': 34, 'rsi_upper': 77, 'en_stochastic': False, 'stochastic_n': 97, 'stochastic_d': 5, 'stochastic_lower': 43, 'stochastic_upper': 86, 'en_mfi': True, 'mfi_n': 25, 'mfi_lower': 8, 'mfi_upper': 87, 'en_bollinger': True, 'bollinger_n': 56, 'bollinger_k': 3.1, 'en_adx': False, 'adx_n': 47, 'adx_threshold': 25, 'en_structure_trend': True, 'structure_trend_swing_l': 13, 'en_order_block': True, 'order_block_swing_l': 7, 'en_fvg': True, 'fvg_lookback': 11, 'en_ifvg': True, 'en_breaker': True, 'breaker_swing_l': 9, 'en_cisd': True, 'k': 1, 'en_cap_bars': True, 'cap_1min': 963}.
[I 2026-07-13 15:53:28,651] Trial 3247 pruned. 
[I 2026-07-13 15:53:29,541] Trial 3248 pruned. 
[I 2026-07-13 15:53:36,117] Trial 3249 finished with values: [-408.58253143047915, -3367.7906764581417, 28.15] and parameters: {'sl_soft': 0.06439762276669186, 'sl_hard_delta': 0.010442170043487192, 'tp': 0.18978054300184755, 'gate_pct': 99.60506126830711, 'dd_limit': 3.021375135532224, 'cooldown': 6, 'flip': True, 'en_ema_trend': False, 'ema_trend_fast': 323, 'ema_trend_slow': 294, 'en_sma_trend': True, 'sma_trend_fast': 105, 'sma_trend_slow': 325, 'en_macd': True, 'macd_fast': 18, 'macd_slow': 91, 'macd_signal': 3, 'en_vwap': True, 'en_keltner': False, 'keltner_n': 43, 'keltner_m': 2.8000000000000003, 'en_obv': True, 'obv_slope': 19, 'en_cci': True, 'cci_n': 7, 'cci_threshold': 145, 'en_rsi': True, 'rsi_n': 71, 'rsi_lower': 18, 'rsi_upper': 94, 'en_stochastic': True, 'stochastic_n': 98, 'stochastic_d': 22, 'stochastic_lower': 21, 'stochastic_upper': 97, 'en_mfi': False, 'mfi_n': 97, 'mfi_lower': 27, 'mfi_upper': 51, 'en_bollinger': False, 'bollinger_n': 69, 'bollinger_k': 1.0, 'en_adx': False, 'adx_n': 39, 'adx_threshold': 49, 'en_structure_trend': True, 'structure_trend_swing_l': 7, 'en_order_block': False, 'order_block_swing_l': 4, 'en_fvg': True, 'fvg_lookback': 24, 'en_ifvg': True, 'en_breaker': False, 'breaker_swing_l': 16, 'en_cisd': False, 'k': 4, 'en_cap_bars': False, 'cap_1min': 1243}.
