[I 2026-07-13 16:15:16,913] Trial 3901 finished with values: [4187.835869473204, -3482.0965304148667, 51.7] and parameters: {'sl_soft': 0.052196885259142164, 'sl_hard_delta': 0.013727192771364187, 'tp': 0.08485800408712069, 'gate_pct': 98.93711402329589, 'dd_limit': 9.066216783758431, 'cooldown': 0, 'flip': True, 'en_ema_trend': True, 'ema_trend_fast': 84, 'ema_trend_slow': 367, 'en_sma_trend': False, 'sma_trend_fast': 392, 'sma_trend_slow': 324, 'en_macd': True, 'macd_fast': 60, 'macd_slow': 133, 'macd_signal': 40, 'en_vwap': True, 'en_keltner': True, 'keltner_n': 139, 'keltner_m': 2.5, 'en_obv': True, 'obv_slope': 152, 'en_cci': False, 'cci_n': 10, 'cci_threshold': 200, 'en_rsi': False, 'rsi_n': 34, 'rsi_lower': 12, 'rsi_upper': 83, 'en_stochastic': True, 'stochastic_n': 97, 'stochastic_d': 43, 'stochastic_lower': 1, 'stochastic_upper': 66, 'en_mfi': False, 'mfi_n': 9, 'mfi_lower': 11, 'mfi_upper': 96, 'en_bollinger': False, 'bollinger_n': 56, 'bollinger_k': 3.4000000000000004, 'en_adx': False, 'adx_n': 16, 'adx_threshold': 20, 'en_structure_trend': True, 'structure_trend_swing_l': 1, 'en_order_block': False, 'order_block_swing_l': 3, 'en_fvg': False, 'fvg_lookback': 2, 'en_ifvg': True, 'en_breaker': True, 'breaker_swing_l': 9, 'en_cisd': False, 'k': 1, 'en_cap_bars': True, 'cap_1min': 963}.
[I 2026-07-13 16:15:17,692] Trial 3902 finished with values: [2299.561934409997, -6710.0598711381535, 65.80000000000001] and parameters: {'sl_soft': 0.04963847535152836, 'sl_hard_delta': 0.06382907164527017, 'tp': 0.04939294172156869, 'gate_pct': 98.93711402329589, 'dd_limit': 1.4726436036009025, 'cooldown': 0, 'flip': True, 'en_ema_trend': True, 'ema_trend_fast': 351, 'ema_trend_slow': 18, 'en_sma_trend': False, 'sma_trend_fast': 392, 'sma_trend_slow': 324, 'en_macd': False, 'macd_fast': 70, 'macd_slow': 18, 'macd_signal': 40, 'en_vwap': True, 'en_keltner': False, 'keltner_n': 102, 'keltner_m': 2.5, 'en_obv': True, 'obv_slope': 152, 'en_cci': False, 'cci_n': 116, 'cci_threshold': 200, 'en_rsi': False, 'rsi_n': 96, 'rsi_lower': 12, 'rsi_upper': 77, 'en_stochastic': False, 'stochastic_n': 97, 'stochastic_d': 38, 'stochastic_lower': 28, 'stochastic_upper': 61, 'en_mfi': True, 'mfi_n': 36, 'mfi_lower': 8, 'mfi_upper': 76, 'en_bollinger': False, 'bollinger_n': 153, 'bollinger_k': 2.0, 'en_adx': False, 'adx_n': 16, 'adx_threshold': 10, 'en_structure_trend': True, 'structure_trend_swing_l': 13, 'en_order_block': True, 'order_block_swing_l': 5, 'en_fvg': False, 'fvg_lookback': 2, 'en_ifvg': True, 'en_breaker': True, 'breaker_swing_l': 9, 'en_cisd': False, 'k': 2, 'en_cap_bars': False, 'cap_1min': 963}.
[I 2026-07-13 16:15:18,391] Trial 3903 finished with values: [903.1966136130441, -3455.9582799694517, 58.95] and parameters: {'sl_soft': 0.052196885259142164, 'sl_hard_delta': 0.010346872380968307, 'tp': 0.04939294172156869, 'gate_pct': 99.47218267450155, 'dd_limit': 3.021375135532224, 'cooldown': 0, 'flip': True, 'en_ema_trend': True, 'ema_trend_fast': 84, 'ema_trend_slow': 250, 'en_sma_trend': True, 'sma_trend_fast': 242, 'sma_trend_slow': 324, 'en_macd': False, 'macd_fast': 93, 'macd_slow': 10, 'macd_signal': 40, 'en_vwap': False, 'en_keltner': True, 'keltner_n': 139, 'keltner_m': 0.5, 'en_obv': True, 'obv_slope': 152, 'en_cci': False, 'cci_n': 10, 'cci_threshold': 200, 'en_rsi': False, 'rsi_n': 34, 'rsi_lower': 12, 'rsi_upper': 77, 'en_stochastic': True, 'stochastic_n': 97, 'stochastic_d': 38, 'stochastic_lower': 7, 'stochastic_upper': 61, 'en_mfi': False, 'mfi_n': 9, 'mfi_lower': 30, 'mfi_upper': 54, 'en_bollinger': True, 'bollinger_n': 56, 'bollinger_k': 3.1, 'en_adx': False, 'adx_n': 16, 'adx_threshold': 12, 'en_structure_trend': True, 'structure_trend_swing_l': 1, 'en_order_block': False, 'order_block_swing_l': 3, 'en_fvg': False, 'fvg_lookback': 2, 'en_ifvg': True, 'en_breaker': True, 'breaker_swing_l': 9, 'en_cisd': False, 'k': 3, 'en_cap_bars': True, 'cap_1min': 963}.
[I 2026-07-13 16:15:18,783] Trial 3904 finished with values: [-720.1725494551602, -4126.108718327046, 57.8] and parameters: {'sl_soft': 0.06296004248070106, 'sl_hard_delta': 0.027238725907773563, 'tp': 0.04939294172156869, 'gate_pct': 98.93711402329589, 'dd_limit': 8.747350770951359, 'cooldown': 9, 'flip': True, 'en_ema_trend': True, 'ema_trend_fast': 192, 'ema_trend_slow': 250, 'en_sma_trend': False, 'sma_trend_fast': 375, 'sma_trend_slow': 356, 'en_macd': True, 'macd_fast': 51, 'macd_slow': 42, 'macd_signal': 40, 'en_vwap': False, 'en_keltner': False, 'keltner_n': 139, 'keltner_m': 0.5, 'en_obv': True, 'obv_slope': 14, 'en_cci': False, 'cci_n': 106, 'cci_threshold': 25, 'en_rsi': False, 'rsi_n': 22, 'rsi_lower': 15, 'rsi_upper': 77, 'en_stochastic': False, 'stochastic_n': 97, 'stochastic_d': 29, 'stochastic_lower': 7, 'stochastic_upper': 61, 'en_mfi': False, 'mfi_n': 38, 'mfi_lower': 30, 'mfi_upper': 62, 'en_bollinger': False, 'bollinger_n': 63, 'bollinger_k': 1.1, 'en_adx': False, 'adx_n': 36, 'adx_threshold': 50, 'en_structure_trend': False, 'structure_trend_swing_l': 1, 'en_order_block': True, 'order_block_swing_l': 3, 'en_fvg': False, 'fvg_lookback': 40, 'en_ifvg': True, 'en_breaker': True, 'breaker_swing_l': 5, 'en_cisd': True, 'k': 3, 'en_cap_bars': False, 'cap_1min': 839}.
[I 2026-07-13 16:15:19,651] Trial 3905 finished with values: [3416.7352802971245, -3124.6772738930413, 48.2] and parameters: {'sl_soft': 0.04963847535152836, 'sl_hard_delta': 0.0155516131087132, 'tp': 0.08485800408712069, 'gate_pct': 99.47218267450155, 'dd_limit': 9.066216783758431, 'cooldown': 0, 'flip': True, 'en_ema_trend': False, 'ema_trend_fast': 351, 'ema_trend_slow': 367, 'en_sma_trend': True, 'sma_trend_fast': 392, 'sma_trend_slow': 356, 'en_macd': False, 'macd_fast': 60, 'macd_slow': 18, 'macd_signal': 40, 'en_vwap': False, 'en_keltner': False, 'keltner_n': 139, 'keltner_m': 2.5, 'en_obv': True, 'obv_slope': 152, 'en_cci': False, 'cci_n': 10, 'cci_threshold': 200, 'en_rsi': False, 'rsi_n': 96, 'rsi_lower': 12, 'rsi_upper': 98, 'en_stochastic': True, 'stochastic_n': 97, 'stochastic_d': 43, 'stochastic_lower': 7, 'stochastic_upper': 95, 'en_mfi': False, 'mfi_n': 13, 'mfi_lower': 8, 'mfi_upper': 54, 'en_bollinger': False, 'bollinger_n': 149, 'bollinger_k': 3.1, 'en_adx': False, 'adx_n': 16, 'adx_threshold': 20, 'en_structure_trend': True, 'structure_trend_swing_l': 13, 'en_order_block': True, 'order_block_swing_l': 3, 'en_fvg': False, 'fvg_lookback': 11, 'en_ifvg': True, 'en_breaker': True, 'breaker_swing_l': 9, 'en_cisd': False, 'k': 3, 'en_cap_bars': True, 'cap_1min': 963}.
[I 2026-07-13 16:15:20,102] Trial 3906 finished with values: [3273.2599000778255, -3096.59689289873, 45.95] and parameters: {'sl_soft': 0.04963847535152836, 'sl_hard_delta': 0.0155516131087132, 'tp': 0.08485800408712069, 'gate_pct': 98.93711402329589, 'dd_limit': 9.066216783758431, 'cooldown': 0, 'flip': True, 'en_ema_trend': False, 'ema_trend_fast': 351, 'ema_trend_slow': 18, 'en_sma_trend': False, 'sma_trend_fast': 392, 'sma_trend_slow': 12, 'en_macd': True, 'macd_fast': 70, 'macd_slow': 18, 'macd_signal': 40, 'en_vwap': False, 'en_keltner': False, 'keltner_n': 139, 'keltner_m': 2.5, 'en_obv': True, 'obv_slope': 14, 'en_cci': False, 'cci_n': 106, 'cci_threshold': 155, 'en_rsi': False, 'rsi_n': 96, 'rsi_lower': 12, 'rsi_upper': 98, 'en_stochastic': False, 'stochastic_n': 97, 'stochastic_d': 43, 'stochastic_lower': 38, 'stochastic_upper': 61, 'en_mfi': False, 'mfi_n': 95, 'mfi_lower': 8, 'mfi_upper': 76, 'en_bollinger': False, 'bollinger_n': 149, 'bollinger_k': 4.8, 'en_adx': False, 'adx_n': 48, 'adx_threshold': 50, 'en_structure_trend': True, 'structure_trend_swing_l': 13, 'en_order_block': True, 'order_block_swing_l': 3, 'en_fvg': True, 'fvg_lookback': 11, 'en_ifvg': True, 'en_breaker': True, 'breaker_swing_l': 9, 'en_cisd': True, 'k': 2, 'en_cap_bars': False, 'cap_1min': 483}.
[I 2026-07-13 16:15:20,675] Trial 3907 finished with values: [3312.2870687647496, -2435.7655800908515, 48.1] and parameters: {'sl_soft': 0.052196885259142164, 'sl_hard_delta': 0.010346872380968307, 'tp': 0.08485800408712069, 'gate_pct': 99.47218267450155, 'dd_limit': 9.066216783758431, 'cooldown': 0, 'flip': True, 'en_ema_trend': True, 'ema_trend_fast': 351, 'ema_trend_slow': 367, 'en_sma_trend': True, 'sma_trend_fast': 392, 'sma_trend_slow': 356, 'en_macd': False, 'macd_fast': 60, 'macd_slow': 175, 'macd_signal': 40, 'en_vwap': False, 'en_keltner': False, 'keltner_n': 139, 'keltner_m': 2.5, 'en_obv': True, 'obv_slope': 152, 'en_cci': False, 'cci_n': 106, 'cci_threshold': 200, 'en_rsi': False, 'rsi_n': 96, 'rsi_lower': 12, 'rsi_upper': 98, 'en_stochastic': True, 'stochastic_n': 97, 'stochastic_d': 4, 'stochastic_lower': 1, 'stochastic_upper': 66, 'en_mfi': False, 'mfi_n': 9, 'mfi_lower': 8, 'mfi_upper': 54, 'en_bollinger': True, 'bollinger_n': 56, 'bollinger_k': 3.1, 'en_adx': False, 'adx_n': 42, 'adx_threshold': 12, 'en_structure_trend': True, 'structure_trend_swing_l': 1, 'en_order_block': False, 'order_block_swing_l': 3, 'en_fvg': True, 'fvg_lookback': 11, 'en_ifvg': True, 'en_breaker': True, 'breaker_swing_l': 9, 'en_cisd': False, 'k': 3, 'en_cap_bars': True, 'cap_1min': 483}.
[I 2026-07-13 16:15:22,306] Trial 3908 finished with values: [9411.642418093641, -3634.084775144289, 49.7] and parameters: {'sl_soft': 0.052196885259142164, 'sl_hard_delta': 0.010346872380968307, 'tp': 0.08485800408712069, 'gate_pct': 99.47218267450155, 'dd_limit': 3.021375135532224, 'cooldown': 0, 'flip': True, 'en_ema_trend': True, 'ema_trend_fast': 351, 'ema_trend_slow': 307, 'en_sma_trend': True, 'sma_trend_fast': 392, 'sma_trend_slow': 319, 'en_macd': True, 'macd_fast': 70, 'macd_slow': 62, 'macd_signal': 27, 'en_vwap': False, 'en_keltner': False, 'keltner_n': 61, 'keltner_m': 0.5, 'en_obv': True, 'obv_slope': 14, 'en_cci': True, 'cci_n': 116, 'cci_threshold': 200, 'en_rsi': False, 'rsi_n': 96, 'rsi_lower': 12, 'rsi_upper': 77, 'en_stochastic': True, 'stochastic_n': 97, 'stochastic_d': 38, 'stochastic_lower': 1, 'stochastic_upper': 66, 'en_mfi': False, 'mfi_n': 77, 'mfi_lower': 11, 'mfi_upper': 77, 'en_bollinger': True, 'bollinger_n': 56, 'bollinger_k': 3.1, 'en_adx': False, 'adx_n': 42, 'adx_threshold': 20, 'en_structure_trend': True, 'structure_trend_swing_l': 1, 'en_order_block': False, 'order_block_swing_l': 12, 'en_fvg': False, 'fvg_lookback': 2, 'en_ifvg': False, 'en_breaker': True, 'breaker_swing_l': 9, 'en_cisd': False, 'k': 3, 'en_cap_bars': True, 'cap_1min': 839}.
[I 2026-07-13 16:15:22,876] Trial 3909 finished with values: [2981.720240847796, -3284.345620962058, 46.95] and parameters: {'sl_soft': 0.052196885259142164, 'sl_hard_delta': 0.010346872380968307, 'tp': 0.08485800408712069, 'gate_pct': 98.93711402329589, 'dd_limit': 3.021375135532224, 'cooldown': 0, 'flip': True, 'en_ema_trend': False, 'ema_trend_fast': 84, 'ema_trend_slow': 367, 'en_sma_trend': False, 'sma_trend_fast': 392, 'sma_trend_slow': 12, 'en_macd': False, 'macd_fast': 70, 'macd_slow': 133, 'macd_signal': 40, 'en_vwap': False, 'en_keltner': True, 'keltner_n': 102, 'keltner_m': 2.5, 'en_obv': True, 'obv_slope': 58, 'en_cci': False, 'cci_n': 10, 'cci_threshold': 200, 'en_rsi': False, 'rsi_n': 96, 'rsi_lower': 15, 'rsi_upper': 83, 'en_stochastic': False, 'stochastic_n': 97, 'stochastic_d': 38, 'stochastic_lower': 28, 'stochastic_upper': 61, 'en_mfi': True, 'mfi_n': 9, 'mfi_lower': 11, 'mfi_upper': 76, 'en_bollinger': False, 'bollinger_n': 56, 'bollinger_k': 3.8000000000000003, 'en_adx': False, 'adx_n': 48, 'adx_threshold': 44, 'en_structure_trend': True, 'structure_trend_swing_l': 13, 'en_order_block': True, 'order_block_swing_l': 5, 'en_fvg': False, 'fvg_lookback': 11, 'en_ifvg': True, 'en_breaker': True, 'breaker_swing_l': 9, 'en_cisd': False, 'k': 2, 'en_cap_bars': False, 'cap_1min': 839}.
[I 2026-07-13 16:15:23,710] Trial 3910 finished with values: [6712.979790603482, -5718.514511340732, 45.75] and parameters: {'sl_soft': 0.052196885259142164, 'sl_hard_delta': 0.010346872380968307, 'tp': 0.08485800408712069, 'gate_pct': 99.47218267450155, 'dd_limit': 1.4726436036009025, 'cooldown': 0, 'flip': True, 'en_ema_trend': True, 'ema_trend_fast': 351, 'ema_trend_slow': 367, 'en_sma_trend': False, 'sma_trend_fast': 392, 'sma_trend_slow': 319, 'en_macd': True, 'macd_fast': 93, 'macd_slow': 10, 'macd_signal': 40, 'en_vwap': False, 'en_keltner': False, 'keltner_n': 139, 'keltner_m': 2.5, 'en_obv': True, 'obv_slope': 63, 'en_cci': False, 'cci_n': 116, 'cci_threshold': 200, 'en_rsi': False, 'rsi_n': 96, 'rsi_lower': 12, 'rsi_upper': 98, 'en_stochastic': False, 'stochastic_n': 97, 'stochastic_d': 43, 'stochastic_lower': 1, 'stochastic_upper': 66, 'en_mfi': False, 'mfi_n': 77, 'mfi_lower': 8, 'mfi_upper': 54, 'en_bollinger': False, 'bollinger_n': 44, 'bollinger_k': 3.1, 'en_adx': False, 'adx_n': 16, 'adx_threshold': 20, 'en_structure_trend': True, 'structure_trend_swing_l': 1, 'en_order_block': True, 'order_block_swing_l': 12, 'en_fvg': False, 'fvg_lookback': 11, 'en_ifvg': False, 'en_breaker': True, 'breaker_swing_l': 9, 'en_cisd': False, 'k': 3, 'en_cap_bars': True, 'cap_1min': 963}.
[I 2026-07-13 16:15:24,124] Trial 3911 finished with values: [482.63979633746953, -881.4738378688247, 46.45] and parameters: {'sl_soft': 0.03390445607748107, 'sl_hard_delta': 0.03174292770939944, 'tp': 0.07673838374250289, 'gate_pct': 98.93711402329589, 'dd_limit': 4.273175383953869, 'cooldown': 9, 'flip': True, 'en_ema_trend': True, 'ema_trend_fast': 192, 'ema_trend_slow': 250, 'en_sma_trend': True, 'sma_trend_fast': 375, 'sma_trend_slow': 141, 'en_macd': True, 'macd_fast': 51, 'macd_slow': 42, 'macd_signal': 36, 'en_vwap': True, 'en_keltner': True, 'keltner_n': 180, 'keltner_m': 0.7, 'en_obv': True, 'obv_slope': 14, 'en_cci': False, 'cci_n': 106, 'cci_threshold': 25, 'en_rsi': False, 'rsi_n': 22, 'rsi_lower': 15, 'rsi_upper': 77, 'en_stochastic': True, 'stochastic_n': 45, 'stochastic_d': 29, 'stochastic_lower': 7, 'stochastic_upper': 84, 'en_mfi': False, 'mfi_n': 38, 'mfi_lower': 6, 'mfi_upper': 52, 'en_bollinger': False, 'bollinger_n': 63, 'bollinger_k': 3.1, 'en_adx': False, 'adx_n': 36, 'adx_threshold': 50, 'en_structure_trend': True, 'structure_trend_swing_l': 1, 'en_order_block': True, 'order_block_swing_l': 14, 'en_fvg': False, 'fvg_lookback': 40, 'en_ifvg': True, 'en_breaker': True, 'breaker_swing_l': 5, 'en_cisd': True, 'k': 1, 'en_cap_bars': False, 'cap_1min': 839}.
[I 2026-07-13 16:15:24,628] Trial 3912 finished with values: [5230.507512574095, -5174.087117930423, 48.599999999999994] and parameters: {'sl_soft': 0.052196885259142164, 'sl_hard_delta': 0.010346872380968307, 'tp': 0.08485800408712069, 'gate_pct': 99.47218267450155, 'dd_limit': 1.4726436036009025, 'cooldown': 0, 'flip': True, 'en_ema_trend': True, 'ema_trend_fast': 351, 'ema_trend_slow': 18, 'en_sma_trend': False, 'sma_trend_fast': 392, 'sma_trend_slow': 319, 'en_macd': True, 'macd_fast': 60, 'macd_slow': 18, 'macd_signal': 27, 'en_vwap': True, 'en_keltner': False, 'keltner_n': 102, 'keltner_m': 2.5, 'en_obv': True, 'obv_slope': 14, 'en_cci': False, 'cci_n': 8, 'cci_threshold': 200, 'en_rsi': False, 'rsi_n': 96, 'rsi_lower': 12, 'rsi_upper': 77, 'en_stochastic': False, 'stochastic_n': 97, 'stochastic_d': 4, 'stochastic_lower': 1, 'stochastic_upper': 66, 'en_mfi': True, 'mfi_n': 9, 'mfi_lower': 8, 'mfi_upper': 76, 'en_bollinger': False, 'bollinger_n': 44, 'bollinger_k': 4.8, 'en_adx': False, 'adx_n': 48, 'adx_threshold': 44, 'en_structure_trend': True, 'structure_trend_swing_l': 18, 'en_order_block': True, 'order_block_swing_l': 5, 'en_fvg': False, 'fvg_lookback': 38, 'en_ifvg': False, 'en_breaker': True, 'breaker_swing_l': 9, 'en_cisd': True, 'k': 1, 'en_cap_bars': True, 'cap_1min': 963}.
[I 2026-07-13 16:15:25,292] Trial 3913 finished with values: [-1035.0524800918138, -2259.763487631403, 32.45] and parameters: {'sl_soft': 0.03390445607748107, 'sl_hard_delta': 0.0155516131087132, 'tp': 0.07673838374250289, 'gate_pct': 98.93711402329589, 'dd_limit': 4.273175383953869, 'cooldown': 9, 'flip': True, 'en_ema_trend': True, 'ema_trend_fast': 84, 'ema_trend_slow': 250, 'en_sma_trend': True, 'sma_trend_fast': 375, 'sma_trend_slow': 141, 'en_macd': True, 'macd_fast': 5, 'macd_slow': 42, 'macd_signal': 40, 'en_vwap': False, 'en_keltner': False, 'keltner_n': 180, 'keltner_m': 0.7, 'en_obv': True, 'obv_slope': 14, 'en_cci': False, 'cci_n': 106, 'cci_threshold': 200, 'en_rsi': False, 'rsi_n': 22, 'rsi_lower': 12, 'rsi_upper': 98, 'en_stochastic': False, 'stochastic_n': 45, 'stochastic_d': 29, 'stochastic_lower': 38, 'stochastic_upper': 66, 'en_mfi': False, 'mfi_n': 9, 'mfi_lower': 6, 'mfi_upper': 54, 'en_bollinger': False, 'bollinger_n': 56, 'bollinger_k': 3.1, 'en_adx': False, 'adx_n': 16, 'adx_threshold': 12, 'en_structure_trend': True, 'structure_trend_swing_l': 1, 'en_order_block': True, 'order_block_swing_l': 14, 'en_fvg': False, 'fvg_lookback': 40, 'en_ifvg': True, 'en_breaker': True, 'breaker_swing_l': 5, 'en_cisd': True, 'k': 1, 'en_cap_bars': False, 'cap_1min': 839}.
[I 2026-07-13 16:15:25,825] Trial 3914 finished with values: [1685.2826612203487, -1892.5645004922133, 49.35] and parameters: {'sl_soft': 0.022988098270288884, 'sl_hard_delta': 0.013727192771364187, 'tp': 0.04939294172156869, 'gate_pct': 99.47218267450155, 'dd_limit': 1.4726436036009025, 'cooldown': 0, 'flip': True, 'en_ema_trend': True, 'ema_trend_fast': 351, 'ema_trend_slow': 367, 'en_sma_trend': True, 'sma_trend_fast': 392, 'sma_trend_slow': 356, 'en_macd': True, 'macd_fast': 93, 'macd_slow': 10, 'macd_signal': 40, 'en_vwap': False, 'en_keltner': True, 'keltner_n': 39, 'keltner_m': 2.5, 'en_obv': True, 'obv_slope': 14, 'en_cci': False, 'cci_n': 106, 'cci_threshold': 200, 'en_rsi': False, 'rsi_n': 62, 'rsi_lower': 12, 'rsi_upper': 83, 'en_stochastic': True, 'stochastic_n': 97, 'stochastic_d': 43, 'stochastic_lower': 17, 'stochastic_upper': 66, 'en_mfi': False, 'mfi_n': 77, 'mfi_lower': 8, 'mfi_upper': 54, 'en_bollinger': True, 'bollinger_n': 56, 'bollinger_k': 3.1, 'en_adx': False, 'adx_n': 42, 'adx_threshold': 12, 'en_structure_trend': True, 'structure_trend_swing_l': 13, 'en_order_block': True, 'order_block_swing_l': 16, 'en_fvg': True, 'fvg_lookback': 11, 'en_ifvg': False, 'en_breaker': True, 'breaker_swing_l': 9, 'en_cisd': False, 'k': 3, 'en_cap_bars': True, 'cap_1min': 483}.
[I 2026-07-13 16:15:26,346] Trial 3915 finished with values: [3095.267486776656, -2540.195668173197, 46.4] and parameters: {'sl_soft': 0.04963847535152836, 'sl_hard_delta': 0.0155516131087132, 'tp': 0.08485800408712069, 'gate_pct': 98.93711402329589, 'dd_limit': 9.066216783758431, 'cooldown': 0, 'flip': True, 'en_ema_trend': False, 'ema_trend_fast': 351, 'ema_trend_slow': 367, 'en_sma_trend': False, 'sma_trend_fast': 392, 'sma_trend_slow': 356, 'en_macd': True, 'macd_fast': 60, 'macd_slow': 18, 'macd_signal': 40, 'en_vwap': False, 'en_keltner': False, 'keltner_n': 139, 'keltner_m': 2.5, 'en_obv': True, 'obv_slope': 14, 'en_cci': False, 'cci_n': 106, 'cci_threshold': 155, 'en_rsi': False, 'rsi_n': 96, 'rsi_lower': 12, 'rsi_upper': 98, 'en_stochastic': False, 'stochastic_n': 97, 'stochastic_d': 43, 'stochastic_lower': 22, 'stochastic_upper': 95, 'en_mfi': False, 'mfi_n': 95, 'mfi_lower': 8, 'mfi_upper': 76, 'en_bollinger': True, 'bollinger_n': 56, 'bollinger_k': 3.1, 'en_adx': False, 'adx_n': 42, 'adx_threshold': 50, 'en_structure_trend': True, 'structure_trend_swing_l': 13, 'en_order_block': True, 'order_block_swing_l': 14, 'en_fvg': True, 'fvg_lookback': 11, 'en_ifvg': True, 'en_breaker': True, 'breaker_swing_l': 9, 'en_cisd': False, 'k': 3, 'en_cap_bars': False, 'cap_1min': 483}.
[I 2026-07-13 16:15:26,956] Trial 3916 finished with values: [4361.851257607958, -5908.81862787369, 60.6] and parameters: {'sl_soft': 0.052196885259142164, 'sl_hard_delta': 0.0155516131087132, 'tp': 0.04939294172156869, 'gate_pct': 99.47218267450155, 'dd_limit': 3.021375135532224, 'cooldown': 0, 'flip': True, 'en_ema_trend': True, 'ema_trend_fast': 279, 'ema_trend_slow': 367, 'en_sma_trend': True, 'sma_trend_fast': 392, 'sma_trend_slow': 319, 'en_macd': False, 'macd_fast': 60, 'macd_slow': 133, 'macd_signal': 40, 'en_vwap': False, 'en_keltner': False, 'keltner_n': 102, 'keltner_m': 2.5, 'en_obv': True, 'obv_slope': 14, 'en_cci': False, 'cci_n': 116, 'cci_threshold': 200, 'en_rsi': False, 'rsi_n': 96, 'rsi_lower': 15, 'rsi_upper': 98, 'en_stochastic': True, 'stochastic_n': 97, 'stochastic_d': 39, 'stochastic_lower': 1, 'stochastic_upper': 66, 'en_mfi': False, 'mfi_n': 9, 'mfi_lower': 8, 'mfi_upper': 54, 'en_bollinger': True, 'bollinger_n': 149, 'bollinger_k': 3.1, 'en_adx': False, 'adx_n': 16, 'adx_threshold': 12, 'en_structure_trend': True, 'structure_trend_swing_l': 1, 'en_order_block': True, 'order_block_swing_l': 16, 'en_fvg': False, 'fvg_lookback': 11, 'en_ifvg': False, 'en_breaker': False, 'breaker_swing_l': 9, 'en_cisd': False, 'k': 1, 'en_cap_bars': True, 'cap_1min': 963}.
