[I 2026-07-13 16:14:00,558] Trial 3828 finished with values: [2244.12653675623, -2084.973939839614, 55.2] and parameters: {'sl_soft': 0.04963847535152836, 'sl_hard_delta': 0.0155516131087132, 'tp': 0.08485800408712069, 'gate_pct': 98.93711402329589, 'dd_limit': 1.4726436036009025, 'cooldown': 0, 'flip': True, 'en_ema_trend': False, 'ema_trend_fast': 84, 'ema_trend_slow': 367, 'en_sma_trend': True, 'sma_trend_fast': 392, 'sma_trend_slow': 356, 'en_macd': True, 'macd_fast': 60, 'macd_slow': 18, 'macd_signal': 40, 'en_vwap': False, 'en_keltner': False, 'keltner_n': 139, 'keltner_m': 2.5, 'en_obv': True, 'obv_slope': 14, 'en_cci': False, 'cci_n': 10, 'cci_threshold': 200, 'en_rsi': False, 'rsi_n': 96, 'rsi_lower': 12, 'rsi_upper': 98, 'en_stochastic': True, 'stochastic_n': 97, 'stochastic_d': 43, 'stochastic_lower': 7, 'stochastic_upper': 66, 'en_mfi': False, 'mfi_n': 13, 'mfi_lower': 8, 'mfi_upper': 76, 'en_bollinger': False, 'bollinger_n': 149, 'bollinger_k': 3.1, 'en_adx': False, 'adx_n': 16, 'adx_threshold': 20, 'en_structure_trend': True, 'structure_trend_swing_l': 13, 'en_order_block': True, 'order_block_swing_l': 3, 'en_fvg': False, 'fvg_lookback': 11, 'en_ifvg': True, 'en_breaker': True, 'breaker_swing_l': 9, 'en_cisd': False, 'k': 3, 'en_cap_bars': True, 'cap_1min': 963}.
[I 2026-07-13 16:14:00,858] Trial 3829 pruned. 
[I 2026-07-13 16:14:01,551] Trial 3830 finished with values: [2082.1863142560387, -7330.757258990925, 53.35] and parameters: {'sl_soft': 0.06296004248070106, 'sl_hard_delta': 0.03174292770939944, 'tp': 0.08485800408712069, 'gate_pct': 98.93711402329589, 'dd_limit': 1.4726436036009025, 'cooldown': 0, 'flip': True, 'en_ema_trend': True, 'ema_trend_fast': 279, 'ema_trend_slow': 18, 'en_sma_trend': False, 'sma_trend_fast': 392, 'sma_trend_slow': 346, 'en_macd': True, 'macd_fast': 60, 'macd_slow': 133, 'macd_signal': 40, 'en_vwap': True, 'en_keltner': False, 'keltner_n': 61, 'keltner_m': 2.5, 'en_obv': True, 'obv_slope': 58, 'en_cci': False, 'cci_n': 116, 'cci_threshold': 125, 'en_rsi': False, 'rsi_n': 96, 'rsi_lower': 12, 'rsi_upper': 77, 'en_stochastic': False, 'stochastic_n': 97, 'stochastic_d': 4, 'stochastic_lower': 1, 'stochastic_upper': 61, 'en_mfi': True, 'mfi_n': 36, 'mfi_lower': 8, 'mfi_upper': 76, 'en_bollinger': False, 'bollinger_n': 44, 'bollinger_k': 3.4000000000000004, 'en_adx': False, 'adx_n': 48, 'adx_threshold': 44, 'en_structure_trend': True, 'structure_trend_swing_l': 13, 'en_order_block': True, 'order_block_swing_l': 5, 'en_fvg': False, 'fvg_lookback': 38, 'en_ifvg': False, 'en_breaker': True, 'breaker_swing_l': 9, 'en_cisd': False, 'k': 3, 'en_cap_bars': True, 'cap_1min': 839}.
[I 2026-07-13 16:14:03,654] Trial 3831 finished with values: [2063.2488439653152, -10452.368439892869, 59.400000000000006] and parameters: {'sl_soft': 0.04963847535152836, 'sl_hard_delta': 0.013727192771364187, 'tp': 0.04939294172156869, 'gate_pct': 98.93711402329589, 'dd_limit': 6.698818236978572, 'cooldown': 0, 'flip': True, 'en_ema_trend': True, 'ema_trend_fast': 84, 'ema_trend_slow': 367, 'en_sma_trend': False, 'sma_trend_fast': 392, 'sma_trend_slow': 12, 'en_macd': True, 'macd_fast': 22, 'macd_slow': 133, 'macd_signal': 40, 'en_vwap': True, 'en_keltner': False, 'keltner_n': 139, 'keltner_m': 2.5, 'en_obv': True, 'obv_slope': 58, 'en_cci': False, 'cci_n': 10, 'cci_threshold': 200, 'en_rsi': False, 'rsi_n': 96, 'rsi_lower': 12, 'rsi_upper': 83, 'en_stochastic': False, 'stochastic_n': 97, 'stochastic_d': 4, 'stochastic_lower': 1, 'stochastic_upper': 66, 'en_mfi': True, 'mfi_n': 36, 'mfi_lower': 8, 'mfi_upper': 96, 'en_bollinger': False, 'bollinger_n': 149, 'bollinger_k': 3.1, 'en_adx': False, 'adx_n': 16, 'adx_threshold': 12, 'en_structure_trend': True, 'structure_trend_swing_l': 1, 'en_order_block': True, 'order_block_swing_l': 3, 'en_fvg': False, 'fvg_lookback': 11, 'en_ifvg': True, 'en_breaker': True, 'breaker_swing_l': 9, 'en_cisd': False, 'k': 2, 'en_cap_bars': True, 'cap_1min': 839}.
[I 2026-07-13 16:14:04,166] Trial 3832 finished with values: [1619.5064612828248, -3158.153476788783, 62.650000000000006] and parameters: {'sl_soft': 0.04963847535152836, 'sl_hard_delta': 0.010346872380968307, 'tp': 0.04939294172156869, 'gate_pct': 98.93711402329589, 'dd_limit': 1.4726436036009025, 'cooldown': 0, 'flip': True, 'en_ema_trend': True, 'ema_trend_fast': 351, 'ema_trend_slow': 18, 'en_sma_trend': False, 'sma_trend_fast': 392, 'sma_trend_slow': 346, 'en_macd': True, 'macd_fast': 93, 'macd_slow': 18, 'macd_signal': 40, 'en_vwap': True, 'en_keltner': True, 'keltner_n': 139, 'keltner_m': 2.5, 'en_obv': True, 'obv_slope': 14, 'en_cci': False, 'cci_n': 62, 'cci_threshold': 200, 'en_rsi': False, 'rsi_n': 34, 'rsi_lower': 12, 'rsi_upper': 83, 'en_stochastic': True, 'stochastic_n': 97, 'stochastic_d': 43, 'stochastic_lower': 7, 'stochastic_upper': 61, 'en_mfi': False, 'mfi_n': 36, 'mfi_lower': 11, 'mfi_upper': 76, 'en_bollinger': False, 'bollinger_n': 149, 'bollinger_k': 4.8, 'en_adx': False, 'adx_n': 48, 'adx_threshold': 44, 'en_structure_trend': True, 'structure_trend_swing_l': 13, 'en_order_block': True, 'order_block_swing_l': 3, 'en_fvg': False, 'fvg_lookback': 11, 'en_ifvg': True, 'en_breaker': True, 'breaker_swing_l': 9, 'en_cisd': False, 'k': 2, 'en_cap_bars': False, 'cap_1min': 839}.
[I 2026-07-13 16:14:04,818] Trial 3833 finished with values: [2295.963860319628, -4601.161302945153, 59.0] and parameters: {'sl_soft': 0.04963847535152836, 'sl_hard_delta': 0.0155516131087132, 'tp': 0.04939294172156869, 'gate_pct': 98.93711402329589, 'dd_limit': 9.066216783758431, 'cooldown': 0, 'flip': True, 'en_ema_trend': True, 'ema_trend_fast': 351, 'ema_trend_slow': 18, 'en_sma_trend': False, 'sma_trend_fast': 392, 'sma_trend_slow': 356, 'en_macd': True, 'macd_fast': 60, 'macd_slow': 18, 'macd_signal': 40, 'en_vwap': True, 'en_keltner': False, 'keltner_n': 139, 'keltner_m': 2.5, 'en_obv': True, 'obv_slope': 58, 'en_cci': False, 'cci_n': 106, 'cci_threshold': 155, 'en_rsi': False, 'rsi_n': 96, 'rsi_lower': 12, 'rsi_upper': 98, 'en_stochastic': False, 'stochastic_n': 97, 'stochastic_d': 43, 'stochastic_lower': 22, 'stochastic_upper': 61, 'en_mfi': False, 'mfi_n': 36, 'mfi_lower': 8, 'mfi_upper': 76, 'en_bollinger': False, 'bollinger_n': 56, 'bollinger_k': 4.8, 'en_adx': False, 'adx_n': 48, 'adx_threshold': 44, 'en_structure_trend': True, 'structure_trend_swing_l': 13, 'en_order_block': True, 'order_block_swing_l': 5, 'en_fvg': False, 'fvg_lookback': 11, 'en_ifvg': True, 'en_breaker': True, 'breaker_swing_l': 9, 'en_cisd': False, 'k': 2, 'en_cap_bars': False, 'cap_1min': 839}.
[I 2026-07-13 16:14:05,408] Trial 3834 finished with values: [21.363927708133446, -1765.3238155741842, 40.55] and parameters: {'sl_soft': 0.022988098270288884, 'sl_hard_delta': 0.010346872380968307, 'tp': 0.04939294172156869, 'gate_pct': 99.47218267450155, 'dd_limit': 1.4726436036009025, 'cooldown': 0, 'flip': True, 'en_ema_trend': True, 'ema_trend_fast': 191, 'ema_trend_slow': 367, 'en_sma_trend': True, 'sma_trend_fast': 392, 'sma_trend_slow': 356, 'en_macd': True, 'macd_fast': 93, 'macd_slow': 42, 'macd_signal': 27, 'en_vwap': False, 'en_keltner': False, 'keltner_n': 139, 'keltner_m': 0.5, 'en_obv': False, 'obv_slope': 14, 'en_cci': False, 'cci_n': 116, 'cci_threshold': 200, 'en_rsi': False, 'rsi_n': 62, 'rsi_lower': 12, 'rsi_upper': 83, 'en_stochastic': True, 'stochastic_n': 97, 'stochastic_d': 4, 'stochastic_lower': 7, 'stochastic_upper': 66, 'en_mfi': True, 'mfi_n': 9, 'mfi_lower': 11, 'mfi_upper': 54, 'en_bollinger': True, 'bollinger_n': 56, 'bollinger_k': 3.1, 'en_adx': False, 'adx_n': 16, 'adx_threshold': 12, 'en_structure_trend': True, 'structure_trend_swing_l': 1, 'en_order_block': True, 'order_block_swing_l': 1, 'en_fvg': False, 'fvg_lookback': 2, 'en_ifvg': True, 'en_breaker': True, 'breaker_swing_l': 9, 'en_cisd': False, 'k': 3, 'en_cap_bars': True, 'cap_1min': 1109}.
[I 2026-07-13 16:14:05,741] Trial 3835 pruned. 
[I 2026-07-13 16:14:06,310] Trial 3836 finished with values: [5369.7992468172015, -3170.4703487663865, 34.95] and parameters: {'sl_soft': 0.022988098270288884, 'sl_hard_delta': 0.010346872380968307, 'tp': 0.08485800408712069, 'gate_pct': 99.47218267450155, 'dd_limit': 1.4726436036009025, 'cooldown': 0, 'flip': True, 'en_ema_trend': True, 'ema_trend_fast': 351, 'ema_trend_slow': 307, 'en_sma_trend': True, 'sma_trend_fast': 392, 'sma_trend_slow': 356, 'en_macd': True, 'macd_fast': 93, 'macd_slow': 42, 'macd_signal': 40, 'en_vwap': False, 'en_keltner': False, 'keltner_n': 39, 'keltner_m': 2.5, 'en_obv': True, 'obv_slope': 14, 'en_cci': False, 'cci_n': 116, 'cci_threshold': 200, 'en_rsi': False, 'rsi_n': 34, 'rsi_lower': 12, 'rsi_upper': 83, 'en_stochastic': True, 'stochastic_n': 97, 'stochastic_d': 39, 'stochastic_lower': 1, 'stochastic_upper': 66, 'en_mfi': True, 'mfi_n': 77, 'mfi_lower': 8, 'mfi_upper': 54, 'en_bollinger': True, 'bollinger_n': 149, 'bollinger_k': 3.1, 'en_adx': False, 'adx_n': 16, 'adx_threshold': 20, 'en_structure_trend': True, 'structure_trend_swing_l': 1, 'en_order_block': False, 'order_block_swing_l': 16, 'en_fvg': False, 'fvg_lookback': 35, 'en_ifvg': False, 'en_breaker': True, 'breaker_swing_l': 9, 'en_cisd': False, 'k': 3, 'en_cap_bars': True, 'cap_1min': 839}.
[I 2026-07-13 16:14:06,691] Trial 3837 finished with values: [1358.8881577459233, -775.4169342143414, 57.25] and parameters: {'sl_soft': 0.04963847535152836, 'sl_hard_delta': 0.010346872380968307, 'tp': 0.08485800408712069, 'gate_pct': 99.47218267450155, 'dd_limit': 1.4726436036009025, 'cooldown': 0, 'flip': True, 'en_ema_trend': True, 'ema_trend_fast': 351, 'ema_trend_slow': 367, 'en_sma_trend': True, 'sma_trend_fast': 392, 'sma_trend_slow': 356, 'en_macd': False, 'macd_fast': 93, 'macd_slow': 10, 'macd_signal': 27, 'en_vwap': True, 'en_keltner': False, 'keltner_n': 139, 'keltner_m': 2.5, 'en_obv': True, 'obv_slope': 14, 'en_cci': True, 'cci_n': 116, 'cci_threshold': 200, 'en_rsi': False, 'rsi_n': 96, 'rsi_lower': 12, 'rsi_upper': 83, 'en_stochastic': True, 'stochastic_n': 97, 'stochastic_d': 39, 'stochastic_lower': 7, 'stochastic_upper': 66, 'en_mfi': True, 'mfi_n': 9, 'mfi_lower': 30, 'mfi_upper': 54, 'en_bollinger': True, 'bollinger_n': 56, 'bollinger_k': 3.1, 'en_adx': False, 'adx_n': 16, 'adx_threshold': 20, 'en_structure_trend': True, 'structure_trend_swing_l': 13, 'en_order_block': True, 'order_block_swing_l': 1, 'en_fvg': False, 'fvg_lookback': 2, 'en_ifvg': True, 'en_breaker': True, 'breaker_swing_l': 9, 'en_cisd': True, 'k': 3, 'en_cap_bars': True, 'cap_1min': 1152}.
[I 2026-07-13 16:14:12,219] Trial 3838 finished with values: [217.31644403688563, -2654.7173080539815, 47.0] and parameters: {'sl_soft': 0.052196885259142164, 'sl_hard_delta': 0.0155516131087132, 'tp': 0.08485800408712069, 'gate_pct': 99.47218267450155, 'dd_limit': 1.4726436036009025, 'cooldown': 0, 'flip': True, 'en_ema_trend': True, 'ema_trend_fast': 191, 'ema_trend_slow': 367, 'en_sma_trend': False, 'sma_trend_fast': 392, 'sma_trend_slow': 319, 'en_macd': False, 'macd_fast': 60, 'macd_slow': 133, 'macd_signal': 80, 'en_vwap': False, 'en_keltner': False, 'keltner_n': 139, 'keltner_m': 2.5, 'en_obv': True, 'obv_slope': 14, 'en_cci': False, 'cci_n': 116, 'cci_threshold': 200, 'en_rsi': False, 'rsi_n': 32, 'rsi_lower': 15, 'rsi_upper': 77, 'en_stochastic': True, 'stochastic_n': 83, 'stochastic_d': 38, 'stochastic_lower': 38, 'stochastic_upper': 61, 'en_mfi': False, 'mfi_n': 9, 'mfi_lower': 11, 'mfi_upper': 78, 'en_bollinger': False, 'bollinger_n': 56, 'bollinger_k': 3.1, 'en_adx': False, 'adx_n': 48, 'adx_threshold': 20, 'en_structure_trend': True, 'structure_trend_swing_l': 13, 'en_order_block': True, 'order_block_swing_l': 3, 'en_fvg': False, 'fvg_lookback': 11, 'en_ifvg': True, 'en_breaker': True, 'breaker_swing_l': 9, 'en_cisd': False, 'k': 1, 'en_cap_bars': True, 'cap_1min': 963}.
[I 2026-07-13 16:14:12,710] Trial 3839 finished with values: [4517.798865450206, -5683.31581852676, 52.95] and parameters: {'sl_soft': 0.06296004248070106, 'sl_hard_delta': 0.0155516131087132, 'tp': 0.08485800408712069, 'gate_pct': 99.47218267450155, 'dd_limit': 1.4726436036009025, 'cooldown': 0, 'flip': True, 'en_ema_trend': True, 'ema_trend_fast': 351, 'ema_trend_slow': 367, 'en_sma_trend': False, 'sma_trend_fast': 392, 'sma_trend_slow': 356, 'en_macd': True, 'macd_fast': 60, 'macd_slow': 133, 'macd_signal': 40, 'en_vwap': False, 'en_keltner': False, 'keltner_n': 61, 'keltner_m': 2.5, 'en_obv': True, 'obv_slope': 14, 'en_cci': False, 'cci_n': 116, 'cci_threshold': 200, 'en_rsi': False, 'rsi_n': 96, 'rsi_lower': 12, 'rsi_upper': 77, 'en_stochastic': False, 'stochastic_n': 97, 'stochastic_d': 38, 'stochastic_lower': 38, 'stochastic_upper': 61, 'en_mfi': True, 'mfi_n': 77, 'mfi_lower': 8, 'mfi_upper': 54, 'en_bollinger': True, 'bollinger_n': 56, 'bollinger_k': 3.4000000000000004, 'en_adx': False, 'adx_n': 48, 'adx_threshold': 41, 'en_structure_trend': True, 'structure_trend_swing_l': 1, 'en_order_block': True, 'order_block_swing_l': 3, 'en_fvg': False, 'fvg_lookback': 11, 'en_ifvg': False, 'en_breaker': True, 'breaker_swing_l': 9, 'en_cisd': False, 'k': 3, 'en_cap_bars': True, 'cap_1min': 963}.
[I 2026-07-13 16:14:13,027] Trial 3840 pruned. 
[I 2026-07-13 16:14:18,627] Trial 3841 finished with values: [441.39622343800875, -1873.3684121052363, 48.55] and parameters: {'sl_soft': 0.03390445607748107, 'sl_hard_delta': 0.03174292770939944, 'tp': 0.08485800408712069, 'gate_pct': 98.93711402329589, 'dd_limit': 3.021375135532224, 'cooldown': 9, 'flip': True, 'en_ema_trend': True, 'ema_trend_fast': 192, 'ema_trend_slow': 250, 'en_sma_trend': True, 'sma_trend_fast': 375, 'sma_trend_slow': 141, 'en_macd': True, 'macd_fast': 60, 'macd_slow': 42, 'macd_signal': 27, 'en_vwap': True, 'en_keltner': False, 'keltner_n': 139, 'keltner_m': 2.5, 'en_obv': True, 'obv_slope': 14, 'en_cci': True, 'cci_n': 116, 'cci_threshold': 25, 'en_rsi': False, 'rsi_n': 22, 'rsi_lower': 12, 'rsi_upper': 83, 'en_stochastic': True, 'stochastic_n': 45, 'stochastic_d': 4, 'stochastic_lower': 7, 'stochastic_upper': 66, 'en_mfi': False, 'mfi_n': 38, 'mfi_lower': 30, 'mfi_upper': 52, 'en_bollinger': True, 'bollinger_n': 56, 'bollinger_k': 3.1, 'en_adx': False, 'adx_n': 16, 'adx_threshold': 12, 'en_structure_trend': True, 'structure_trend_swing_l': 1, 'en_order_block': True, 'order_block_swing_l': 1, 'en_fvg': False, 'fvg_lookback': 40, 'en_ifvg': True, 'en_breaker': True, 'breaker_swing_l': 5, 'en_cisd': False, 'k': 3, 'en_cap_bars': False, 'cap_1min': 1109}.
[I 2026-07-13 16:14:19,391] Trial 3842 finished with values: [470.1226507790501, -1733.3643601018878, 43.150000000000006] and parameters: {'sl_soft': 0.05938019118839402, 'sl_hard_delta': 0.0155516131087132, 'tp': 0.10291795376226888, 'gate_pct': 98.93711402329589, 'dd_limit': 1.4726436036009025, 'cooldown': 8, 'flip': True, 'en_ema_trend': True, 'ema_trend_fast': 351, 'ema_trend_slow': 367, 'en_sma_trend': True, 'sma_trend_fast': 392, 'sma_trend_slow': 356, 'en_macd': True, 'macd_fast': 93, 'macd_slow': 42, 'macd_signal': 40, 'en_vwap': False, 'en_keltner': False, 'keltner_n': 39, 'keltner_m': 0.5, 'en_obv': True, 'obv_slope': 14, 'en_cci': False, 'cci_n': 106, 'cci_threshold': 200, 'en_rsi': False, 'rsi_n': 96, 'rsi_lower': 12, 'rsi_upper': 77, 'en_stochastic': False, 'stochastic_n': 97, 'stochastic_d': 43, 'stochastic_lower': 17, 'stochastic_upper': 61, 'en_mfi': False, 'mfi_n': 9, 'mfi_lower': 30, 'mfi_upper': 54, 'en_bollinger': True, 'bollinger_n': 128, 'bollinger_k': 3.1, 'en_adx': False, 'adx_n': 16, 'adx_threshold': 12, 'en_structure_trend': False, 'structure_trend_swing_l': 1, 'en_order_block': True, 'order_block_swing_l': 16, 'en_fvg': False, 'fvg_lookback': 2, 'en_ifvg': True, 'en_breaker': True, 'breaker_swing_l': 9, 'en_cisd': False, 'k': 3, 'en_cap_bars': True, 'cap_1min': 1239}.
[I 2026-07-13 16:14:20,399] Trial 3843 finished with values: [9204.365688565234, -9669.10809837031, 36.650000000000006] and parameters: {'sl_soft': 0.04963847535152836, 'sl_hard_delta': 0.010346872380968307, 'tp': 0.11838286299451121, 'gate_pct': 98.93711402329589, 'dd_limit': 1.4726436036009025, 'cooldown': 0, 'flip': True, 'en_ema_trend': True, 'ema_trend_fast': 351, 'ema_trend_slow': 367, 'en_sma_trend': True, 'sma_trend_fast': 392, 'sma_trend_slow': 12, 'en_macd': False, 'macd_fast': 70, 'macd_slow': 133, 'macd_signal': 40, 'en_vwap': False, 'en_keltner': False, 'keltner_n': 139, 'keltner_m': 0.5, 'en_obv': True, 'obv_slope': 14, 'en_cci': False, 'cci_n': 62, 'cci_threshold': 200, 'en_rsi': False, 'rsi_n': 34, 'rsi_lower': 12, 'rsi_upper': 77, 'en_stochastic': False, 'stochastic_n': 97, 'stochastic_d': 4, 'stochastic_lower': 28, 'stochastic_upper': 61, 'en_mfi': False, 'mfi_n': 9, 'mfi_lower': 13, 'mfi_upper': 62, 'en_bollinger': False, 'bollinger_n': 149, 'bollinger_k': 3.1, 'en_adx': False, 'adx_n': 48, 'adx_threshold': 44, 'en_structure_trend': True, 'structure_trend_swing_l': 1, 'en_order_block': False, 'order_block_swing_l': 5, 'en_fvg': False, 'fvg_lookback': 2, 'en_ifvg': False, 'en_breaker': True, 'breaker_swing_l': 9, 'en_cisd': True, 'k': 1, 'en_cap_bars': False, 'cap_1min': 485}.
[I 2026-07-13 16:14:21,199] Trial 3844 finished with values: [2722.597859924338, -2498.464539281216, 61.6] and parameters: {'sl_soft': 0.022988098270288884, 'sl_hard_delta': 0.06382907164527017, 'tp': 0.04939294172156869, 'gate_pct': 99.47218267450155, 'dd_limit': 1.4726436036009025, 'cooldown': 1, 'flip': True, 'en_ema_trend': True, 'ema_trend_fast': 191, 'ema_trend_slow': 367, 'en_sma_trend': True, 'sma_trend_fast': 392, 'sma_trend_slow': 356, 'en_macd': True, 'macd_fast': 93, 'macd_slow': 42, 'macd_signal': 40, 'en_vwap': False, 'en_keltner': True, 'keltner_n': 39, 'keltner_m': 0.5, 'en_obv': True, 'obv_slope': 14, 'en_cci': False, 'cci_n': 116, 'cci_threshold': 200, 'en_rsi': False, 'rsi_n': 62, 'rsi_lower': 12, 'rsi_upper': 83, 'en_stochastic': True, 'stochastic_n': 97, 'stochastic_d': 39, 'stochastic_lower': 17, 'stochastic_upper': 66, 'en_mfi': True, 'mfi_n': 77, 'mfi_lower': 11, 'mfi_upper': 54, 'en_bollinger': True, 'bollinger_n': 149, 'bollinger_k': 3.1, 'en_adx': False, 'adx_n': 48, 'adx_threshold': 12, 'en_structure_trend': True, 'structure_trend_swing_l': 13, 'en_order_block': True, 'order_block_swing_l': 16, 'en_fvg': False, 'fvg_lookback': 2, 'en_ifvg': False, 'en_breaker': True, 'breaker_swing_l': 9, 'en_cisd': False, 'k': 3, 'en_cap_bars': True, 'cap_1min': 839}.
[I 2026-07-13 16:14:22,283] Trial 3845 finished with values: [1781.1684654998323, -6833.877454269765, 57.75] and parameters: {'sl_soft': 0.04963847535152836, 'sl_hard_delta': 0.0155516131087132, 'tp': 0.04939294172156869, 'gate_pct': 99.47218267450155, 'dd_limit': 1.4726436036009025, 'cooldown': 0, 'flip': True, 'en_ema_trend': True, 'ema_trend_fast': 191, 'ema_trend_slow': 367, 'en_sma_trend': True, 'sma_trend_fast': 392, 'sma_trend_slow': 356, 'en_macd': False, 'macd_fast': 60, 'macd_slow': 133, 'macd_signal': 40, 'en_vwap': False, 'en_keltner': False, 'keltner_n': 102, 'keltner_m': 2.5, 'en_obv': True, 'obv_slope': 14, 'en_cci': False, 'cci_n': 116, 'cci_threshold': 25, 'en_rsi': False, 'rsi_n': 62, 'rsi_lower': 15, 'rsi_upper': 77, 'en_stochastic': False, 'stochastic_n': 64, 'stochastic_d': 39, 'stochastic_lower': 1, 'stochastic_upper': 66, 'en_mfi': False, 'mfi_n': 9, 'mfi_lower': 11, 'mfi_upper': 54, 'en_bollinger': False, 'bollinger_n': 44, 'bollinger_k': 3.1, 'en_adx': False, 'adx_n': 48, 'adx_threshold': 12, 'en_structure_trend': True, 'structure_trend_swing_l': 13, 'en_order_block': True, 'order_block_swing_l': 5, 'en_fvg': True, 'fvg_lookback': 11, 'en_ifvg': False, 'en_breaker': True, 'breaker_swing_l': 9, 'en_cisd': False, 'k': 1, 'en_cap_bars': True, 'cap_1min': 963}.
[I 2026-07-13 16:14:22,983] Trial 3846 finished with values: [2952.4411869017795, -2999.2673866246378, 46.15] and parameters: {'sl_soft': 0.04963847535152836, 'sl_hard_delta': 0.010346872380968307, 'tp': 0.08485800408712069, 'gate_pct': 98.93711402329589, 'dd_limit': 1.4726436036009025, 'cooldown': 0, 'flip': True, 'en_ema_trend': True, 'ema_trend_fast': 351, 'ema_trend_slow': 18, 'en_sma_trend': True, 'sma_trend_fast': 392, 'sma_trend_slow': 319, 'en_macd': True, 'macd_fast': 93, 'macd_slow': 18, 'macd_signal': 40, 'en_vwap': True, 'en_keltner': False, 'keltner_n': 139, 'keltner_m': 2.5, 'en_obv': True, 'obv_slope': 58, 'en_cci': False, 'cci_n': 10, 'cci_threshold': 125, 'en_rsi': False, 'rsi_n': 96, 'rsi_lower': 15, 'rsi_upper': 83, 'en_stochastic': True, 'stochastic_n': 97, 'stochastic_d': 38, 'stochastic_lower': 1, 'stochastic_upper': 61, 'en_mfi': True, 'mfi_n': 9, 'mfi_lower': 8, 'mfi_upper': 76, 'en_bollinger': False, 'bollinger_n': 149, 'bollinger_k': 4.8, 'en_adx': False, 'adx_n': 48, 'adx_threshold': 44, 'en_structure_trend': True, 'structure_trend_swing_l': 1, 'en_order_block': True, 'order_block_swing_l': 5, 'en_fvg': True, 'fvg_lookback': 38, 'en_ifvg': False, 'en_breaker': True, 'breaker_swing_l': 9, 'en_cisd': True, 'k': 2, 'en_cap_bars': False, 'cap_1min': 963}.
