[I 2026-07-13 16:35:03,866] Trial 4610 finished with values: [-170.4883141299087, -3347.116952496342, 64.9] and parameters: {'sl_soft': 0.06423559890121558, 'sl_hard_delta': 0.00457699733972642, 'tp': 0.04490461800882547, 'gate_pct': 97.66578486655469, 'dd_limit': 3.021375135532224, 'cooldown': 0, 'flip': True, 'en_ema_trend': False, 'ema_trend_fast': 270, 'ema_trend_slow': 294, 'en_sma_trend': False, 'sma_trend_fast': 105, 'sma_trend_slow': 319, 'en_macd': True, 'macd_fast': 2, 'macd_slow': 123, 'macd_signal': 61, 'en_vwap': False, 'en_keltner': False, 'keltner_n': 135, 'keltner_m': 0.7, 'en_obv': True, 'obv_slope': 129, 'en_cci': True, 'cci_n': 146, 'cci_threshold': 145, 'en_rsi': True, 'rsi_n': 73, 'rsi_lower': 9, 'rsi_upper': 94, 'en_stochastic': True, 'stochastic_n': 79, 'stochastic_d': 28, 'stochastic_lower': 21, 'stochastic_upper': 75, 'en_mfi': False, 'mfi_n': 97, 'mfi_lower': 38, 'mfi_upper': 57, 'en_bollinger': False, 'bollinger_n': 155, 'bollinger_k': 0.9, 'en_adx': False, 'adx_n': 22, 'adx_threshold': 49, 'en_structure_trend': False, 'structure_trend_swing_l': 1, 'en_order_block': False, 'order_block_swing_l': 19, 'en_fvg': True, 'fvg_lookback': 19, 'en_ifvg': False, 'en_breaker': False, 'breaker_swing_l': 20, 'en_cisd': True, 'k': 3, 'en_cap_bars': False, 'cap_1min': 878}.
[I 2026-07-13 16:35:04,611] Trial 4611 finished with values: [2044.2770805297173, -2392.549172806326, 85.15] and parameters: {'sl_soft': 0.09561626693152817, 'sl_hard_delta': 0.10879162926439315, 'tp': 0.04490461800882547, 'gate_pct': 97.66578486655469, 'dd_limit': 3.021375135532224, 'cooldown': 0, 'flip': True, 'en_ema_trend': False, 'ema_trend_fast': 270, 'ema_trend_slow': 294, 'en_sma_trend': False, 'sma_trend_fast': 105, 'sma_trend_slow': 319, 'en_macd': False, 'macd_fast': 64, 'macd_slow': 3, 'macd_signal': 61, 'en_vwap': False, 'en_keltner': False, 'keltner_n': 170, 'keltner_m': 1.1, 'en_obv': True, 'obv_slope': 129, 'en_cci': True, 'cci_n': 146, 'cci_threshold': 145, 'en_rsi': True, 'rsi_n': 73, 'rsi_lower': 31, 'rsi_upper': 58, 'en_stochastic': True, 'stochastic_n': 82, 'stochastic_d': 43, 'stochastic_lower': 4, 'stochastic_upper': 75, 'en_mfi': False, 'mfi_n': 97, 'mfi_lower': 38, 'mfi_upper': 70, 'en_bollinger': True, 'bollinger_n': 151, 'bollinger_k': 1.0, 'en_adx': False, 'adx_n': 22, 'adx_threshold': 49, 'en_structure_trend': False, 'structure_trend_swing_l': 7, 'en_order_block': False, 'order_block_swing_l': 16, 'en_fvg': True, 'fvg_lookback': 19, 'en_ifvg': False, 'en_breaker': False, 'breaker_swing_l': 14, 'en_cisd': True, 'k': 3, 'en_cap_bars': True, 'cap_1min': 878}.
[I 2026-07-13 16:35:04,902] Trial 4612 pruned. 
[I 2026-07-13 16:35:05,250] Trial 4613 finished with values: [479.34606310011674, -1233.6963800834865, 78.5] and parameters: {'sl_soft': 0.06423559890121558, 'sl_hard_delta': 0.17424252774383417, 'tp': 0.03810555008976396, 'gate_pct': 97.66578486655469, 'dd_limit': 3.021375135532224, 'cooldown': 6, 'flip': True, 'en_ema_trend': False, 'ema_trend_fast': 342, 'ema_trend_slow': 397, 'en_sma_trend': False, 'sma_trend_fast': 198, 'sma_trend_slow': 319, 'en_macd': True, 'macd_fast': 2, 'macd_slow': 15, 'macd_signal': 73, 'en_vwap': False, 'en_keltner': True, 'keltner_n': 43, 'keltner_m': 2.1, 'en_obv': True, 'obv_slope': 129, 'en_cci': True, 'cci_n': 134, 'cci_threshold': 145, 'en_rsi': True, 'rsi_n': 95, 'rsi_lower': 31, 'rsi_upper': 94, 'en_stochastic': True, 'stochastic_n': 98, 'stochastic_d': 28, 'stochastic_lower': 22, 'stochastic_upper': 91, 'en_mfi': False, 'mfi_n': 97, 'mfi_lower': 11, 'mfi_upper': 70, 'en_bollinger': True, 'bollinger_n': 155, 'bollinger_k': 4.2, 'en_adx': False, 'adx_n': 22, 'adx_threshold': 47, 'en_structure_trend': False, 'structure_trend_swing_l': 1, 'en_order_block': False, 'order_block_swing_l': 20, 'en_fvg': True, 'fvg_lookback': 7, 'en_ifvg': False, 'en_breaker': True, 'breaker_swing_l': 19, 'en_cisd': True, 'k': 2, 'en_cap_bars': False, 'cap_1min': 1243}.
[I 2026-07-13 16:35:05,775] Trial 4614 finished with values: [1415.9933067630527, -2953.6726633519816, 36.35] and parameters: {'sl_soft': 0.035486083657367995, 'sl_hard_delta': 0.03015108663934192, 'tp': 0.16369789677360067, 'gate_pct': 97.66578486655469, 'dd_limit': 3.021375135532224, 'cooldown': 0, 'flip': True, 'en_ema_trend': False, 'ema_trend_fast': 180, 'ema_trend_slow': 294, 'en_sma_trend': False, 'sma_trend_fast': 105, 'sma_trend_slow': 319, 'en_macd': True, 'macd_fast': 10, 'macd_slow': 3, 'macd_signal': 61, 'en_vwap': False, 'en_keltner': False, 'keltner_n': 135, 'keltner_m': 0.5, 'en_obv': True, 'obv_slope': 129, 'en_cci': True, 'cci_n': 134, 'cci_threshold': 290, 'en_rsi': True, 'rsi_n': 96, 'rsi_lower': 1, 'rsi_upper': 58, 'en_stochastic': True, 'stochastic_n': 82, 'stochastic_d': 43, 'stochastic_lower': 4, 'stochastic_upper': 75, 'en_mfi': False, 'mfi_n': 97, 'mfi_lower': 11, 'mfi_upper': 57, 'en_bollinger': True, 'bollinger_n': 155, 'bollinger_k': 0.9, 'en_adx': False, 'adx_n': 22, 'adx_threshold': 17, 'en_structure_trend': False, 'structure_trend_swing_l': 4, 'en_order_block': False, 'order_block_swing_l': 4, 'en_fvg': True, 'fvg_lookback': 7, 'en_ifvg': False, 'en_breaker': False, 'breaker_swing_l': 18, 'en_cisd': True, 'k': 3, 'en_cap_bars': True, 'cap_1min': 839}.
[I 2026-07-13 16:35:06,884] Trial 4615 finished with values: [1206.1383414226689, -1930.5309946791026, 54.7] and parameters: {'sl_soft': 0.035486083657367995, 'sl_hard_delta': 0.00457699733972642, 'tp': 0.04490461800882547, 'gate_pct': 97.66578486655469, 'dd_limit': 3.021375135532224, 'cooldown': 2, 'flip': True, 'en_ema_trend': False, 'ema_trend_fast': 342, 'ema_trend_slow': 391, 'en_sma_trend': False, 'sma_trend_fast': 44, 'sma_trend_slow': 319, 'en_macd': True, 'macd_fast': 2, 'macd_slow': 188, 'macd_signal': 61, 'en_vwap': False, 'en_keltner': True, 'keltner_n': 99, 'keltner_m': 2.1, 'en_obv': True, 'obv_slope': 146, 'en_cci': True, 'cci_n': 172, 'cci_threshold': 290, 'en_rsi': True, 'rsi_n': 95, 'rsi_lower': 31, 'rsi_upper': 94, 'en_stochastic': False, 'stochastic_n': 62, 'stochastic_d': 17, 'stochastic_lower': 21, 'stochastic_upper': 91, 'en_mfi': False, 'mfi_n': 23, 'mfi_lower': 38, 'mfi_upper': 57, 'en_bollinger': False, 'bollinger_n': 169, 'bollinger_k': 1.0, 'en_adx': False, 'adx_n': 22, 'adx_threshold': 48, 'en_structure_trend': True, 'structure_trend_swing_l': 1, 'en_order_block': True, 'order_block_swing_l': 4, 'en_fvg': True, 'fvg_lookback': 9, 'en_ifvg': False, 'en_breaker': True, 'breaker_swing_l': 14, 'en_cisd': True, 'k': 4, 'en_cap_bars': True, 'cap_1min': 59}.
[I 2026-07-13 16:35:08,334] Trial 4616 pruned. 
[I 2026-07-13 16:35:08,743] Trial 4617 pruned. 
[I 2026-07-13 16:35:09,120] Trial 4618 pruned. 
[I 2026-07-13 16:35:09,709] Trial 4619 finished with values: [-1420.4929109159182, -10217.262141516674, 73.95] and parameters: {'sl_soft': 0.09561626693152817, 'sl_hard_delta': 0.17424252774383417, 'tp': 0.04490461800882547, 'gate_pct': 97.66578486655469, 'dd_limit': 3.021375135532224, 'cooldown': 2, 'flip': True, 'en_ema_trend': False, 'ema_trend_fast': 342, 'ema_trend_slow': 397, 'en_sma_trend': False, 'sma_trend_fast': 198, 'sma_trend_slow': 325, 'en_macd': True, 'macd_fast': 2, 'macd_slow': 123, 'macd_signal': 19, 'en_vwap': False, 'en_keltner': True, 'keltner_n': 82, 'keltner_m': 4.9, 'en_obv': True, 'obv_slope': 129, 'en_cci': True, 'cci_n': 134, 'cci_threshold': 290, 'en_rsi': True, 'rsi_n': 95, 'rsi_lower': 31, 'rsi_upper': 58, 'en_stochastic': True, 'stochastic_n': 82, 'stochastic_d': 28, 'stochastic_lower': 4, 'stochastic_upper': 91, 'en_mfi': False, 'mfi_n': 97, 'mfi_lower': 38, 'mfi_upper': 57, 'en_bollinger': True, 'bollinger_n': 155, 'bollinger_k': 4.2, 'en_adx': False, 'adx_n': 22, 'adx_threshold': 47, 'en_structure_trend': False, 'structure_trend_swing_l': 7, 'en_order_block': False, 'order_block_swing_l': 20, 'en_fvg': True, 'fvg_lookback': 19, 'en_ifvg': False, 'en_breaker': False, 'breaker_swing_l': 18, 'en_cisd': True, 'k': 3, 'en_cap_bars': False, 'cap_1min': 1243}.
[I 2026-07-13 16:35:10,176] Trial 4620 finished with values: [-217.9172385624284, -7934.445942673136, 74.35] and parameters: {'sl_soft': 0.08345559528832464, 'sl_hard_delta': 0.10879162926439315, 'tp': 0.03810555008976396, 'gate_pct': 97.66578486655469, 'dd_limit': 3.021375135532224, 'cooldown': 2, 'flip': True, 'en_ema_trend': False, 'ema_trend_fast': 270, 'ema_trend_slow': 294, 'en_sma_trend': True, 'sma_trend_fast': 198, 'sma_trend_slow': 325, 'en_macd': True, 'macd_fast': 64, 'macd_slow': 3, 'macd_signal': 73, 'en_vwap': False, 'en_keltner': True, 'keltner_n': 170, 'keltner_m': 2.1, 'en_obv': True, 'obv_slope': 129, 'en_cci': True, 'cci_n': 134, 'cci_threshold': 145, 'en_rsi': False, 'rsi_n': 7, 'rsi_lower': 31, 'rsi_upper': 58, 'en_stochastic': False, 'stochastic_n': 82, 'stochastic_d': 43, 'stochastic_lower': 4, 'stochastic_upper': 87, 'en_mfi': True, 'mfi_n': 19, 'mfi_lower': 11, 'mfi_upper': 70, 'en_bollinger': True, 'bollinger_n': 83, 'bollinger_k': 4.2, 'en_adx': False, 'adx_n': 22, 'adx_threshold': 49, 'en_structure_trend': False, 'structure_trend_swing_l': 1, 'en_order_block': True, 'order_block_swing_l': 16, 'en_fvg': True, 'fvg_lookback': 19, 'en_ifvg': False, 'en_breaker': True, 'breaker_swing_l': 19, 'en_cisd': True, 'k': 2, 'en_cap_bars': False, 'cap_1min': 1353}.
[I 2026-07-13 16:35:10,548] Trial 4621 pruned. 
[I 2026-07-13 16:35:11,027] Trial 4622 finished with values: [811.0321969079947, -1809.4722495511917, 84.05000000000001] and parameters: {'sl_soft': 0.08345559528832464, 'sl_hard_delta': 0.17424252774383417, 'tp': 0.03810555008976396, 'gate_pct': 97.66578486655469, 'dd_limit': 3.021375135532224, 'cooldown': 6, 'flip': True, 'en_ema_trend': False, 'ema_trend_fast': 342, 'ema_trend_slow': 391, 'en_sma_trend': False, 'sma_trend_fast': 198, 'sma_trend_slow': 319, 'en_macd': True, 'macd_fast': 64, 'macd_slow': 53, 'macd_signal': 73, 'en_vwap': False, 'en_keltner': True, 'keltner_n': 43, 'keltner_m': 2.1, 'en_obv': True, 'obv_slope': 129, 'en_cci': True, 'cci_n': 134, 'cci_threshold': 145, 'en_rsi': True, 'rsi_n': 95, 'rsi_lower': 31, 'rsi_upper': 94, 'en_stochastic': True, 'stochastic_n': 98, 'stochastic_d': 6, 'stochastic_lower': 22, 'stochastic_upper': 91, 'en_mfi': False, 'mfi_n': 42, 'mfi_lower': 38, 'mfi_upper': 98, 'en_bollinger': True, 'bollinger_n': 83, 'bollinger_k': 4.2, 'en_adx': False, 'adx_n': 98, 'adx_threshold': 49, 'en_structure_trend': True, 'structure_trend_swing_l': 1, 'en_order_block': True, 'order_block_swing_l': 20, 'en_fvg': True, 'fvg_lookback': 9, 'en_ifvg': False, 'en_breaker': True, 'breaker_swing_l': 19, 'en_cisd': True, 'k': 2, 'en_cap_bars': False, 'cap_1min': 1353}.
[I 2026-07-13 16:35:16,858] Trial 4623 finished with values: [-116.96016634616029, -3734.4981381175958, 41.05] and parameters: {'sl_soft': 0.07787542705544737, 'sl_hard_delta': 0.00457699733972642, 'tp': 0.16369789677360067, 'gate_pct': 97.87184393359011, 'dd_limit': 3.021375135532224, 'cooldown': 0, 'flip': True, 'en_ema_trend': False, 'ema_trend_fast': 270, 'ema_trend_slow': 260, 'en_sma_trend': False, 'sma_trend_fast': 105, 'sma_trend_slow': 319, 'en_macd': True, 'macd_fast': 10, 'macd_slow': 188, 'macd_signal': 61, 'en_vwap': False, 'en_keltner': True, 'keltner_n': 43, 'keltner_m': 2.6, 'en_obv': True, 'obv_slope': 129, 'en_cci': True, 'cci_n': 146, 'cci_threshold': 145, 'en_rsi': True, 'rsi_n': 73, 'rsi_lower': 31, 'rsi_upper': 58, 'en_stochastic': True, 'stochastic_n': 79, 'stochastic_d': 28, 'stochastic_lower': 8, 'stochastic_upper': 91, 'en_mfi': False, 'mfi_n': 97, 'mfi_lower': 27, 'mfi_upper': 57, 'en_bollinger': True, 'bollinger_n': 155, 'bollinger_k': 0.9, 'en_adx': False, 'adx_n': 48, 'adx_threshold': 47, 'en_structure_trend': False, 'structure_trend_swing_l': 9, 'en_order_block': False, 'order_block_swing_l': 19, 'en_fvg': False, 'fvg_lookback': 19, 'en_ifvg': False, 'en_breaker': False, 'breaker_swing_l': 14, 'en_cisd': True, 'k': 3, 'en_cap_bars': True, 'cap_1min': 59}.
[I 2026-07-13 16:35:17,288] Trial 4624 pruned. 
[I 2026-07-13 16:35:17,932] Trial 4625 pruned. 
[I 2026-07-13 16:35:19,410] Trial 4626 pruned. 
[I 2026-07-13 16:35:25,281] Trial 4627 finished with values: [1432.9693554193311, -2615.398254984171, 82.8] and parameters: {'sl_soft': 0.08345559528832464, 'sl_hard_delta': 0.17424252774383417, 'tp': 0.04490461800882547, 'gate_pct': 97.66578486655469, 'dd_limit': 3.021375135532224, 'cooldown': 0, 'flip': True, 'en_ema_trend': False, 'ema_trend_fast': 270, 'ema_trend_slow': 294, 'en_sma_trend': False, 'sma_trend_fast': 198, 'sma_trend_slow': 319, 'en_macd': True, 'macd_fast': 64, 'macd_slow': 3, 'macd_signal': 61, 'en_vwap': False, 'en_keltner': False, 'keltner_n': 43, 'keltner_m': 2.1, 'en_obv': True, 'obv_slope': 129, 'en_cci': True, 'cci_n': 134, 'cci_threshold': 290, 'en_rsi': True, 'rsi_n': 73, 'rsi_lower': 31, 'rsi_upper': 94, 'en_stochastic': True, 'stochastic_n': 82, 'stochastic_d': 17, 'stochastic_lower': 4, 'stochastic_upper': 52, 'en_mfi': False, 'mfi_n': 97, 'mfi_lower': 38, 'mfi_upper': 57, 'en_bollinger': True, 'bollinger_n': 155, 'bollinger_k': 1.0, 'en_adx': False, 'adx_n': 22, 'adx_threshold': 49, 'en_structure_trend': False, 'structure_trend_swing_l': 1, 'en_order_block': True, 'order_block_swing_l': 4, 'en_fvg': False, 'fvg_lookback': 19, 'en_ifvg': False, 'en_breaker': True, 'breaker_swing_l': 18, 'en_cisd': True, 'k': 3, 'en_cap_bars': True, 'cap_1min': 878}.
[I 2026-07-13 16:35:25,668] Trial 4628 finished with values: [160.31356879125264, -2219.8346633003753, 77.35] and parameters: {'sl_soft': 0.09561626693152817, 'sl_hard_delta': 0.10879162926439315, 'tp': 0.04490461800882547, 'gate_pct': 99.55888908721671, 'dd_limit': 1.0261775354076608, 'cooldown': 2, 'flip': True, 'en_ema_trend': True, 'ema_trend_fast': 323, 'ema_trend_slow': 294, 'en_sma_trend': False, 'sma_trend_fast': 105, 'sma_trend_slow': 319, 'en_macd': False, 'macd_fast': 64, 'macd_slow': 3, 'macd_signal': 61, 'en_vwap': False, 'en_keltner': False, 'keltner_n': 173, 'keltner_m': 0.7, 'en_obv': True, 'obv_slope': 129, 'en_cci': True, 'cci_n': 134, 'cci_threshold': 290, 'en_rsi': True, 'rsi_n': 73, 'rsi_lower': 31, 'rsi_upper': 58, 'en_stochastic': True, 'stochastic_n': 6, 'stochastic_d': 28, 'stochastic_lower': 4, 'stochastic_upper': 97, 'en_mfi': False, 'mfi_n': 27, 'mfi_lower': 38, 'mfi_upper': 53, 'en_bollinger': True, 'bollinger_n': 31, 'bollinger_k': 1.0, 'en_adx': False, 'adx_n': 22, 'adx_threshold': 47, 'en_structure_trend': False, 'structure_trend_swing_l': 7, 'en_order_block': False, 'order_block_swing_l': 4, 'en_fvg': True, 'fvg_lookback': 19, 'en_ifvg': False, 'en_breaker': False, 'breaker_swing_l': 19, 'en_cisd': True, 'k': 2, 'en_cap_bars': False, 'cap_1min': 1077}.
[I 2026-07-13 16:35:26,142] Trial 4629 finished with values: [-291.6371404229061, -17916.503789535214, 61.35] and parameters: {'sl_soft': 0.02949052716025995, 'sl_hard_delta': 0.10879162926439315, 'tp': 0.04490461800882547, 'gate_pct': 97.66578486655469, 'dd_limit': 3.021375135532224, 'cooldown': 0, 'flip': True, 'en_ema_trend': False, 'ema_trend_fast': 270, 'ema_trend_slow': 397, 'en_sma_trend': False, 'sma_trend_fast': 198, 'sma_trend_slow': 22, 'en_macd': False, 'macd_fast': 31, 'macd_slow': 123, 'macd_signal': 19, 'en_vwap': False, 'en_keltner': True, 'keltner_n': 135, 'keltner_m': 2.1, 'en_obv': True, 'obv_slope': 92, 'en_cci': True, 'cci_n': 134, 'cci_threshold': 145, 'en_rsi': False, 'rsi_n': 7, 'rsi_lower': 31, 'rsi_upper': 58, 'en_stochastic': False, 'stochastic_n': 82, 'stochastic_d': 43, 'stochastic_lower': 21, 'stochastic_upper': 87, 'en_mfi': False, 'mfi_n': 97, 'mfi_lower': 11, 'mfi_upper': 70, 'en_bollinger': True, 'bollinger_n': 16, 'bollinger_k': 4.2, 'en_adx': False, 'adx_n': 22, 'adx_threshold': 47, 'en_structure_trend': False, 'structure_trend_swing_l': 12, 'en_order_block': False, 'order_block_swing_l': 16, 'en_fvg': True, 'fvg_lookback': 7, 'en_ifvg': False, 'en_breaker': False, 'breaker_swing_l': 14, 'en_cisd': True, 'k': 3, 'en_cap_bars': False, 'cap_1min': 878}.
[I 2026-07-13 16:35:26,934] Trial 4630 pruned. 
[I 2026-07-13 16:35:32,343] Trial 4631 finished with values: [3228.6547988755033, -3942.8898795337004, 39.85] and parameters: {'sl_soft': 0.08345559528832464, 'sl_hard_delta': 0.00457699733972642, 'tp': 0.18978054300184755, 'gate_pct': 97.87184393359011, 'dd_limit': 3.021375135532224, 'cooldown': 0, 'flip': True, 'en_ema_trend': True, 'ema_trend_fast': 323, 'ema_trend_slow': 294, 'en_sma_trend': False, 'sma_trend_fast': 198, 'sma_trend_slow': 319, 'en_macd': False, 'macd_fast': 64, 'macd_slow': 53, 'macd_signal': 61, 'en_vwap': True, 'en_keltner': False, 'keltner_n': 173, 'keltner_m': 0.7, 'en_obv': True, 'obv_slope': 129, 'en_cci': True, 'cci_n': 134, 'cci_threshold': 290, 'en_rsi': True, 'rsi_n': 73, 'rsi_lower': 31, 'rsi_upper': 58, 'en_stochastic': True, 'stochastic_n': 100, 'stochastic_d': 28, 'stochastic_lower': 37, 'stochastic_upper': 97, 'en_mfi': False, 'mfi_n': 97, 'mfi_lower': 38, 'mfi_upper': 57, 'en_bollinger': True, 'bollinger_n': 31, 'bollinger_k': 1.0, 'en_adx': False, 'adx_n': 39, 'adx_threshold': 47, 'en_structure_trend': False, 'structure_trend_swing_l': 7, 'en_order_block': False, 'order_block_swing_l': 4, 'en_fvg': False, 'fvg_lookback': 32, 'en_ifvg': False, 'en_breaker': False, 'breaker_swing_l': 19, 'en_cisd': True, 'k': 3, 'en_cap_bars': True, 'cap_1min': 1239}.
[I 2026-07-13 16:35:34,354] Trial 4632 pruned. 
[I 2026-07-13 16:35:34,844] Trial 4633 finished with values: [1377.7879433399498, -3155.2796314299767, 81.15] and parameters: {'sl_soft': 0.06423559890121558, 'sl_hard_delta': 0.17424252774383417, 'tp': 0.03810555008976396, 'gate_pct': 97.66578486655469, 'dd_limit': 3.021375135532224, 'cooldown': 0, 'flip': True, 'en_ema_trend': False, 'ema_trend_fast': 342, 'ema_trend_slow': 397, 'en_sma_trend': False, 'sma_trend_fast': 198, 'sma_trend_slow': 319, 'en_macd': True, 'macd_fast': 2, 'macd_slow': 123, 'macd_signal': 19, 'en_vwap': False, 'en_keltner': True, 'keltner_n': 135, 'keltner_m': 2.1, 'en_obv': True, 'obv_slope': 92, 'en_cci': True, 'cci_n': 134, 'cci_threshold': 145, 'en_rsi': True, 'rsi_n': 7, 'rsi_lower': 31, 'rsi_upper': 94, 'en_stochastic': True, 'stochastic_n': 98, 'stochastic_d': 28, 'stochastic_lower': 21, 'stochastic_upper': 91, 'en_mfi': False, 'mfi_n': 97, 'mfi_lower': 11, 'mfi_upper': 70, 'en_bollinger': False, 'bollinger_n': 16, 'bollinger_k': 4.2, 'en_adx': False, 'adx_n': 22, 'adx_threshold': 47, 'en_structure_trend': False, 'structure_trend_swing_l': 12, 'en_order_block': False, 'order_block_swing_l': 20, 'en_fvg': True, 'fvg_lookback': 7, 'en_ifvg': False, 'en_breaker': True, 'breaker_swing_l': 20, 'en_cisd': True, 'k': 3, 'en_cap_bars': False, 'cap_1min': 1243}.
[I 2026-07-13 16:35:35,223] Trial 4634 pruned. 
[I 2026-07-13 16:35:35,612] Trial 4635 pruned. 
[I 2026-07-13 16:35:36,298] Trial 4636 finished with values: [1426.856501951761, -3545.8095088203836, 80.9] and parameters: {'sl_soft': 0.06423559890121558, 'sl_hard_delta': 0.17424252774383417, 'tp': 0.03810555008976396, 'gate_pct': 97.66578486655469, 'dd_limit': 3.021375135532224, 'cooldown': 0, 'flip': True, 'en_ema_trend': False, 'ema_trend_fast': 342, 'ema_trend_slow': 397, 'en_sma_trend': False, 'sma_trend_fast': 198, 'sma_trend_slow': 319, 'en_macd': True, 'macd_fast': 2, 'macd_slow': 123, 'macd_signal': 19, 'en_vwap': False, 'en_keltner': True, 'keltner_n': 135, 'keltner_m': 2.1, 'en_obv': True, 'obv_slope': 92, 'en_cci': True, 'cci_n': 134, 'cci_threshold': 145, 'en_rsi': True, 'rsi_n': 95, 'rsi_lower': 31, 'rsi_upper': 94, 'en_stochastic': True, 'stochastic_n': 98, 'stochastic_d': 28, 'stochastic_lower': 21, 'stochastic_upper': 91, 'en_mfi': False, 'mfi_n': 97, 'mfi_lower': 11, 'mfi_upper': 70, 'en_bollinger': False, 'bollinger_n': 155, 'bollinger_k': 4.2, 'en_adx': False, 'adx_n': 22, 'adx_threshold': 47, 'en_structure_trend': False, 'structure_trend_swing_l': 12, 'en_order_block': False, 'order_block_swing_l': 20, 'en_fvg': True, 'fvg_lookback': 7, 'en_ifvg': False, 'en_breaker': True, 'breaker_swing_l': 20, 'en_cisd': True, 'k': 3, 'en_cap_bars': False, 'cap_1min': 1243}.
[I 2026-07-13 16:35:36,655] Trial 4637 pruned. 
[I 2026-07-13 16:35:38,452] Trial 4638 finished with values: [811.0321969079947, -1809.4722495511917, 84.05000000000001] and parameters: {'sl_soft': 0.08345559528832464, 'sl_hard_delta': 0.17424252774383417, 'tp': 0.03810555008976396, 'gate_pct': 97.66578486655469, 'dd_limit': 3.021375135532224, 'cooldown': 6, 'flip': True, 'en_ema_trend': False, 'ema_trend_fast': 342, 'ema_trend_slow': 391, 'en_sma_trend': False, 'sma_trend_fast': 198, 'sma_trend_slow': 319, 'en_macd': True, 'macd_fast': 64, 'macd_slow': 53, 'macd_signal': 73, 'en_vwap': False, 'en_keltner': True, 'keltner_n': 43, 'keltner_m': 2.5, 'en_obv': True, 'obv_slope': 129, 'en_cci': True, 'cci_n': 134, 'cci_threshold': 145, 'en_rsi': True, 'rsi_n': 95, 'rsi_lower': 31, 'rsi_upper': 94, 'en_stochastic': True, 'stochastic_n': 98, 'stochastic_d': 6, 'stochastic_lower': 22, 'stochastic_upper': 91, 'en_mfi': False, 'mfi_n': 97, 'mfi_lower': 38, 'mfi_upper': 70, 'en_bollinger': True, 'bollinger_n': 83, 'bollinger_k': 4.2, 'en_adx': False, 'adx_n': 22, 'adx_threshold': 49, 'en_structure_trend': True, 'structure_trend_swing_l': 1, 'en_order_block': True, 'order_block_swing_l': 20, 'en_fvg': True, 'fvg_lookback': 9, 'en_ifvg': False, 'en_breaker': True, 'breaker_swing_l': 19, 'en_cisd': True, 'k': 2, 'en_cap_bars': False, 'cap_1min': 1353}.
