[I 2026-07-13 14:58:58,485] Trial 907 finished with values: [-633.7503724032169, -3475.0132377016025, 40.0] and parameters: {'sl_soft': 0.05182350689920394, 'sl_hard_delta': 0.04041665305304616, 'tp': 0.11671783231641014, 'gate_pct': 96.54380504120698, 'dd_limit': 4.125389121894992, 'cooldown': 2, 'flip': False, 'en_ema_trend': False, 'ema_trend_fast': 393, 'ema_trend_slow': 260, 'en_sma_trend': False, 'sma_trend_fast': 13, 'sma_trend_slow': 311, 'en_macd': True, 'macd_fast': 85, 'macd_slow': 106, 'macd_signal': 34, 'en_vwap': True, 'en_keltner': False, 'keltner_n': 99, 'keltner_m': 2.4000000000000004, 'en_obv': False, 'obv_slope': 146, 'en_cci': True, 'cci_n': 33, 'cci_threshold': 180, 'en_rsi': False, 'rsi_n': 15, 'rsi_lower': 39, 'rsi_upper': 65, 'en_stochastic': False, 'stochastic_n': 2, 'stochastic_d': 7, 'stochastic_lower': 8, 'stochastic_upper': 91, 'en_mfi': True, 'mfi_n': 76, 'mfi_lower': 33, 'mfi_upper': 83, 'en_bollinger': False, 'bollinger_n': 46, 'bollinger_k': 0.7, 'en_adx': False, 'adx_n': 63, 'adx_threshold': 39, 'en_structure_trend': True, 'structure_trend_swing_l': 14, 'en_order_block': False, 'order_block_swing_l': 19, 'en_fvg': True, 'fvg_lookback': 18, 'en_ifvg': True, 'en_breaker': False, 'breaker_swing_l': 11, 'en_cisd': False, 'k': 5, 'en_cap_bars': False, 'cap_1min': 715}.
[I 2026-07-13 14:58:58,907] Trial 908 pruned. 
[I 2026-07-13 14:59:00,695] Trial 909 pruned. 
[I 2026-07-13 14:59:01,873] Trial 910 pruned. 
[I 2026-07-13 14:59:02,008] Trial 911 pruned. 
[I 2026-07-13 14:59:02,960] Trial 912 pruned. 
[I 2026-07-13 14:59:04,107] Trial 913 pruned. 
[I 2026-07-13 14:59:05,939] Trial 914 pruned. 
[I 2026-07-13 14:59:07,213] Trial 915 pruned. 
[I 2026-07-13 14:59:08,210] Trial 916 pruned. 
[I 2026-07-13 14:59:08,761] Trial 917 pruned. 
[I 2026-07-13 14:59:10,515] Trial 918 pruned. 
[I 2026-07-13 14:59:10,958] Trial 919 pruned. 
[I 2026-07-13 14:59:11,170] Trial 920 pruned. 
[I 2026-07-13 14:59:13,140] Trial 921 pruned. 
[I 2026-07-13 14:59:14,285] Trial 922 pruned. 
[I 2026-07-13 14:59:15,663] Trial 923 pruned. 
[I 2026-07-13 14:59:17,967] Trial 924 pruned. 
[I 2026-07-13 14:59:18,699] Trial 925 pruned. 
[I 2026-07-13 14:59:18,991] Trial 926 pruned. 
[I 2026-07-13 14:59:19,332] Trial 927 pruned. 
[I 2026-07-13 14:59:21,487] Trial 928 pruned. 
[I 2026-07-13 14:59:21,709] Trial 929 pruned. 
[I 2026-07-13 14:59:22,775] Trial 930 pruned. 
[I 2026-07-13 14:59:23,694] Trial 931 pruned. 
[I 2026-07-13 14:59:26,764] Trial 932 pruned. 
[I 2026-07-13 14:59:27,328] Trial 933 pruned. 
[I 2026-07-13 14:59:28,453] Trial 934 pruned. 
[I 2026-07-13 14:59:29,254] Trial 935 pruned. 
[I 2026-07-13 14:59:30,323] Trial 936 pruned. 
[I 2026-07-13 14:59:30,814] Trial 937 pruned. 
[I 2026-07-13 14:59:31,958] Trial 938 pruned. 
[I 2026-07-13 14:59:34,226] Trial 939 pruned. 
[I 2026-07-13 14:59:34,802] Trial 940 pruned. 
[I 2026-07-13 14:59:35,234] Trial 941 pruned. 
[I 2026-07-13 14:59:35,644] Trial 942 pruned. 
[I 2026-07-13 14:59:38,664] Trial 943 pruned. 
[I 2026-07-13 14:59:39,805] Trial 944 pruned. 
[I 2026-07-13 14:59:41,423] Trial 945 pruned. 
[I 2026-07-13 14:59:43,125] Trial 946 pruned. 
[I 2026-07-13 14:59:44,190] Trial 947 pruned. 
[I 2026-07-13 14:59:45,035] Trial 948 pruned. 
[I 2026-07-13 14:59:46,948] Trial 949 pruned. 
[I 2026-07-13 14:59:47,798] Trial 950 pruned. 
[I 2026-07-13 14:59:48,215] Trial 951 pruned. 
[I 2026-07-13 14:59:49,848] Trial 952 pruned. 
[I 2026-07-13 14:59:51,149] Trial 953 pruned. 
[I 2026-07-13 14:59:52,501] Trial 954 pruned. 
[I 2026-07-13 14:59:53,666] Trial 955 pruned. 
[I 2026-07-13 14:59:54,747] Trial 956 pruned. 
[I 2026-07-13 14:59:55,982] Trial 957 pruned. 
[I 2026-07-13 14:59:57,076] Trial 958 pruned. 
[I 2026-07-13 14:59:57,686] Trial 959 pruned. 
[I 2026-07-13 14:59:57,943] Trial 960 pruned. 
[I 2026-07-13 14:59:58,693] Trial 961 pruned. 
[I 2026-07-13 15:00:00,470] Trial 962 pruned. 
[I 2026-07-13 15:00:01,690] Trial 963 pruned. 
[I 2026-07-13 15:00:02,630] Trial 964 pruned. 
[I 2026-07-13 15:00:03,652] Trial 965 pruned. 
[I 2026-07-13 15:00:04,248] Trial 966 pruned. 
[I 2026-07-13 15:00:05,754] Trial 967 pruned. 
[I 2026-07-13 15:00:06,938] Trial 968 pruned. 
[I 2026-07-13 15:00:08,019] Trial 969 pruned. 
[I 2026-07-13 15:00:09,096] Trial 970 pruned. 
[I 2026-07-13 15:00:09,674] Trial 971 pruned. 
[I 2026-07-13 15:00:10,581] Trial 972 pruned. 
[I 2026-07-13 15:00:11,672] Trial 973 pruned. 
[I 2026-07-13 15:00:12,793] Trial 974 pruned. 
[I 2026-07-13 15:00:13,571] Trial 975 pruned. 
[I 2026-07-13 15:00:14,752] Trial 976 pruned. 
[I 2026-07-13 15:00:15,166] Trial 977 pruned. 
[I 2026-07-13 15:00:16,052] Trial 978 pruned. 
[I 2026-07-13 15:00:17,978] Trial 979 pruned. 
[I 2026-07-13 15:00:18,503] Trial 980 pruned. 
[I 2026-07-13 15:00:19,389] Trial 981 pruned. 
[I 2026-07-13 15:00:20,803] Trial 982 pruned. 
[I 2026-07-13 15:00:22,672] Trial 983 pruned. 
[I 2026-07-13 15:00:24,876] Trial 984 pruned. 
[I 2026-07-13 15:00:25,147] Trial 985 pruned. 
[I 2026-07-13 15:00:26,007] Trial 986 pruned. 
[I 2026-07-13 15:00:27,719] Trial 987 pruned. 
[I 2026-07-13 15:00:29,441] Trial 988 pruned. 
[I 2026-07-13 15:00:30,319] Trial 989 pruned. 
[I 2026-07-13 15:00:32,106] Trial 990 pruned. 
[I 2026-07-13 15:00:32,815] Trial 991 pruned. 
[I 2026-07-13 15:00:34,082] Trial 992 pruned. 
[I 2026-07-13 15:00:35,282] Trial 993 pruned. 
[I 2026-07-13 15:00:37,643] Trial 994 pruned. 
[I 2026-07-13 15:00:38,037] Trial 995 pruned. 
[I 2026-07-13 15:00:39,095] Trial 996 pruned. 
[I 2026-07-13 15:00:40,228] Trial 997 pruned. 
[I 2026-07-13 15:00:41,502] Trial 998 pruned. 
[I 2026-07-13 15:00:42,072] Trial 999 pruned. 
[I 2026-07-13 15:00:42,366] Trial 1000 pruned. 
[I 2026-07-13 15:00:42,792] Trial 1001 pruned. 
[I 2026-07-13 15:00:44,385] Trial 1002 pruned. 
[I 2026-07-13 15:00:45,115] Trial 1003 pruned. 
[I 2026-07-13 15:00:45,815] Trial 1004 pruned. 
[I 2026-07-13 15:00:46,694] Trial 1005 pruned. 
[I 2026-07-13 15:00:48,301] Trial 1006 pruned. 
[I 2026-07-13 15:00:48,654] Trial 1007 pruned. 
[I 2026-07-13 15:00:49,883] Trial 1008 pruned. 
[I 2026-07-13 15:00:53,865] Trial 1009 pruned. 
[I 2026-07-13 15:00:54,446] Trial 1010 pruned. 
[I 2026-07-13 15:00:54,828] Trial 1011 pruned. 
[I 2026-07-13 15:00:55,789] Trial 1012 pruned. 
[I 2026-07-13 15:00:56,522] Trial 1013 pruned. 
[I 2026-07-13 15:00:57,847] Trial 1014 pruned. 
[I 2026-07-13 15:00:58,872] Trial 1015 pruned. 
[I 2026-07-13 15:01:01,550] Trial 1016 pruned. 
[I 2026-07-13 15:01:02,928] Trial 1017 pruned. 
[I 2026-07-13 15:01:03,287] Trial 1018 pruned. 
[I 2026-07-13 15:01:03,773] Trial 1019 pruned. 
[I 2026-07-13 15:01:04,495] Trial 1020 pruned. 
[I 2026-07-13 15:01:05,823] Trial 1021 pruned. 
[I 2026-07-13 15:01:07,942] Trial 1022 pruned. 
[I 2026-07-13 15:01:08,687] Trial 1023 pruned. 
[I 2026-07-13 15:01:10,185] Trial 1024 pruned. 
[I 2026-07-13 15:01:11,721] Trial 1025 pruned. 
[I 2026-07-13 15:01:12,932] Trial 1026 pruned. 
[I 2026-07-13 15:01:15,136] Trial 1027 pruned. 
[I 2026-07-13 15:01:16,310] Trial 1028 pruned. 
[I 2026-07-13 15:01:16,957] Trial 1029 pruned. 
[I 2026-07-13 15:01:17,345] Trial 1030 pruned. 
[I 2026-07-13 15:01:18,799] Trial 1031 pruned. 
[I 2026-07-13 15:01:21,431] Trial 1032 pruned. 
[I 2026-07-13 15:01:23,679] Trial 1033 pruned. 
[I 2026-07-13 15:01:25,207] Trial 1034 pruned. 
[I 2026-07-13 15:01:25,882] Trial 1035 pruned. 
[I 2026-07-13 15:01:26,995] Trial 1036 pruned. 
[I 2026-07-13 15:01:28,229] Trial 1037 pruned. 
[I 2026-07-13 15:01:28,691] Trial 1038 pruned. 
[I 2026-07-13 15:01:29,883] Trial 1039 pruned. 
[I 2026-07-13 15:01:30,072] Trial 1040 pruned. 
[I 2026-07-13 15:01:31,712] Trial 1041 pruned. 
[I 2026-07-13 15:01:34,774] Trial 1042 pruned. 
[I 2026-07-13 15:01:35,598] Trial 1043 pruned. 
[I 2026-07-13 15:01:36,830] Trial 1044 pruned. 
[I 2026-07-13 15:01:38,576] Trial 1045 pruned. 
[I 2026-07-13 15:01:39,763] Trial 1046 pruned. 
[I 2026-07-13 15:01:40,679] Trial 1047 pruned. 
[I 2026-07-13 15:01:41,912] Trial 1048 pruned. 
[I 2026-07-13 15:01:44,319] Trial 1049 pruned. 
[I 2026-07-13 15:01:46,150] Trial 1050 pruned. 
[I 2026-07-13 15:01:46,530] Trial 1051 pruned. 
[I 2026-07-13 15:01:48,172] Trial 1052 pruned. 
[I 2026-07-13 15:01:51,415] Trial 1053 pruned. 
[I 2026-07-13 15:01:51,969] Trial 1054 pruned. 
[I 2026-07-13 15:01:53,105] Trial 1055 pruned. 
[I 2026-07-13 15:01:54,074] Trial 1056 pruned. 
[I 2026-07-13 15:01:54,613] Trial 1057 pruned. 
[I 2026-07-13 15:01:58,661] Trial 1058 finished with values: [-3254.3497030902745, -10916.480829807675, 43.099999999999994] and parameters: {'sl_soft': 0.06285041273519476, 'sl_hard_delta': 0.10256325968538145, 'tp': 0.10100624740036282, 'gate_pct': 98.88498594560426, 'dd_limit': 8.680487348400282, 'cooldown': 0, 'flip': False, 'en_ema_trend': False, 'ema_trend_fast': 7, 'ema_trend_slow': 85, 'en_sma_trend': True, 'sma_trend_fast': 310, 'sma_trend_slow': 298, 'en_macd': False, 'macd_fast': 72, 'macd_slow': 182, 'macd_signal': 18, 'en_vwap': True, 'en_keltner': True, 'keltner_n': 153, 'keltner_m': 2.3, 'en_obv': True, 'obv_slope': 107, 'en_cci': True, 'cci_n': 107, 'cci_threshold': 245, 'en_rsi': True, 'rsi_n': 66, 'rsi_lower': 16, 'rsi_upper': 53, 'en_stochastic': False, 'stochastic_n': 44, 'stochastic_d': 43, 'stochastic_lower': 16, 'stochastic_upper': 90, 'en_mfi': True, 'mfi_n': 28, 'mfi_lower': 23, 'mfi_upper': 77, 'en_bollinger': True, 'bollinger_n': 136, 'bollinger_k': 2.8000000000000003, 'en_adx': False, 'adx_n': 98, 'adx_threshold': 28, 'en_structure_trend': False, 'structure_trend_swing_l': 8, 'en_order_block': False, 'order_block_swing_l': 9, 'en_fvg': True, 'fvg_lookback': 5, 'en_ifvg': True, 'en_breaker': True, 'breaker_swing_l': 8, 'en_cisd': False, 'k': 3, 'en_cap_bars': False, 'cap_1min': 1245}.
[I 2026-07-13 15:02:00,229] Trial 1059 pruned. 
[I 2026-07-13 15:02:00,615] Trial 1060 pruned. 
[I 2026-07-13 15:02:02,480] Trial 1061 pruned. 
[I 2026-07-13 15:02:02,857] Trial 1062 pruned. 
[I 2026-07-13 15:02:06,205] Trial 1063 pruned. 
[I 2026-07-13 15:02:08,700] Trial 1064 pruned. 
[I 2026-07-13 15:02:10,439] Trial 1065 pruned. 
[I 2026-07-13 15:02:11,626] Trial 1066 pruned. 
[I 2026-07-13 15:02:14,352] Trial 1067 pruned. 
[I 2026-07-13 15:02:15,263] Trial 1068 pruned. 
[I 2026-07-13 15:02:15,955] Trial 1069 pruned. 
[I 2026-07-13 15:02:16,651] Trial 1070 pruned. 
[I 2026-07-13 15:02:17,828] Trial 1071 pruned. 
[I 2026-07-13 15:02:19,134] Trial 1072 pruned. 
[I 2026-07-13 15:02:20,373] Trial 1073 pruned. 
[I 2026-07-13 15:02:21,610] Trial 1074 pruned. 
[I 2026-07-13 15:02:22,805] Trial 1075 pruned. 
[I 2026-07-13 15:02:26,905] Trial 1076 pruned. 
[I 2026-07-13 15:02:28,156] Trial 1077 pruned. 
[I 2026-07-13 15:02:31,929] Trial 1078 finished with values: [-1384.6359903363136, -11165.148533870164, 20.4] and parameters: {'sl_soft': 0.025931031291587192, 'sl_hard_delta': 0.059424599895465675, 'tp': 0.2334015621783354, 'gate_pct': 91.28320752104035, 'dd_limit': 3.6482276224843235, 'cooldown': 0, 'flip': False, 'en_ema_trend': True, 'ema_trend_fast': 286, 'ema_trend_slow': 304, 'en_sma_trend': False, 'sma_trend_fast': 125, 'sma_trend_slow': 394, 'en_macd': False, 'macd_fast': 68, 'macd_slow': 189, 'macd_signal': 23, 'en_vwap': True, 'en_keltner': True, 'keltner_n': 151, 'keltner_m': 1.1, 'en_obv': True, 'obv_slope': 58, 'en_cci': False, 'cci_n': 98, 'cci_threshold': 280, 'en_rsi': True, 'rsi_n': 93, 'rsi_lower': 11, 'rsi_upper': 60, 'en_stochastic': False, 'stochastic_n': 30, 'stochastic_d': 33, 'stochastic_lower': 40, 'stochastic_upper': 76, 'en_mfi': False, 'mfi_n': 17, 'mfi_lower': 41, 'mfi_upper': 82, 'en_bollinger': True, 'bollinger_n': 173, 'bollinger_k': 4.2, 'en_adx': False, 'adx_n': 3, 'adx_threshold': 26, 'en_structure_trend': False, 'structure_trend_swing_l': 5, 'en_order_block': False, 'order_block_swing_l': 6, 'en_fvg': True, 'fvg_lookback': 19, 'en_ifvg': True, 'en_breaker': True, 'breaker_swing_l': 7, 'en_cisd': True, 'k': 2, 'en_cap_bars': True, 'cap_1min': 1363}.
[I 2026-07-13 15:02:32,806] Trial 1079 pruned. 
[I 2026-07-13 15:02:32,952] Trial 1080 pruned. 
[I 2026-07-13 15:02:34,049] Trial 1081 pruned. 
[I 2026-07-13 15:02:35,515] Trial 1082 pruned. 
[I 2026-07-13 15:02:36,242] Trial 1083 pruned. 
[I 2026-07-13 15:02:37,634] Trial 1084 pruned. 
[I 2026-07-13 15:02:38,665] Trial 1085 pruned. 
[I 2026-07-13 15:02:42,140] Trial 1086 pruned. 
[I 2026-07-13 15:02:43,255] Trial 1087 pruned. 
[I 2026-07-13 15:02:44,341] Trial 1088 pruned. 
[I 2026-07-13 15:02:45,159] Trial 1089 pruned. 
[I 2026-07-13 15:02:46,102] Trial 1090 pruned. 
[I 2026-07-13 15:02:47,533] Trial 1091 pruned. 
[I 2026-07-13 15:02:50,076] Trial 1092 pruned. 
[I 2026-07-13 15:02:52,173] Trial 1093 pruned. 
[I 2026-07-13 15:02:52,771] Trial 1094 pruned. 
[I 2026-07-13 15:02:53,133] Trial 1095 pruned. 
[I 2026-07-13 15:02:54,402] Trial 1096 pruned. 
[I 2026-07-13 15:02:56,301] Trial 1097 pruned. 
[I 2026-07-13 15:02:56,980] Trial 1098 pruned. 
[I 2026-07-13 15:02:58,156] Trial 1099 pruned. 
[I 2026-07-13 15:02:59,216] Trial 1100 pruned. 
[I 2026-07-13 15:02:59,601] Trial 1101 pruned. 
[I 2026-07-13 15:03:00,799] Trial 1102 pruned. 
[I 2026-07-13 15:03:01,701] Trial 1103 pruned. 
[I 2026-07-13 15:03:02,077] Trial 1104 pruned. 
[I 2026-07-13 15:03:03,686] Trial 1105 pruned. 
[I 2026-07-13 15:03:04,588] Trial 1106 pruned. 
[I 2026-07-13 15:03:06,250] Trial 1107 pruned. 
[I 2026-07-13 15:03:07,583] Trial 1108 pruned. 
[I 2026-07-13 15:03:10,583] Trial 1109 pruned. 
[I 2026-07-13 15:03:12,607] Trial 1110 pruned. 
[I 2026-07-13 15:03:13,670] Trial 1111 pruned. 
[I 2026-07-13 15:03:15,526] Trial 1112 pruned. 
[I 2026-07-13 15:03:16,834] Trial 1113 pruned. 
[I 2026-07-13 15:03:17,923] Trial 1114 pruned. 
[I 2026-07-13 15:03:18,820] Trial 1115 pruned. 
[I 2026-07-13 15:03:20,033] Trial 1116 pruned. 
[I 2026-07-13 15:03:20,866] Trial 1117 pruned. 
[I 2026-07-13 15:03:21,947] Trial 1118 pruned. 
[I 2026-07-13 15:03:23,319] Trial 1119 pruned. 
[I 2026-07-13 15:03:23,682] Trial 1120 pruned. 
[I 2026-07-13 15:03:25,532] Trial 1121 pruned. 
[I 2026-07-13 15:03:27,098] Trial 1122 pruned. 
[I 2026-07-13 15:03:27,693] Trial 1123 pruned. 
[I 2026-07-13 15:03:29,627] Trial 1124 pruned. 
[I 2026-07-13 15:03:31,045] Trial 1125 pruned. 
[I 2026-07-13 15:03:32,079] Trial 1126 pruned. 
[I 2026-07-13 15:03:32,705] Trial 1127 pruned. 
[I 2026-07-13 15:03:33,176] Trial 1128 pruned. 
[I 2026-07-13 15:03:34,289] Trial 1129 pruned. 
[I 2026-07-13 15:03:35,548] Trial 1130 pruned. 
[I 2026-07-13 15:03:37,317] Trial 1131 pruned. 
[I 2026-07-13 15:03:38,235] Trial 1132 pruned. 
[I 2026-07-13 15:03:39,656] Trial 1133 pruned. 
[I 2026-07-13 15:03:41,730] Trial 1134 pruned. 
[I 2026-07-13 15:03:42,656] Trial 1135 pruned. 
[I 2026-07-13 15:03:43,778] Trial 1136 pruned. 
[I 2026-07-13 15:03:44,266] Trial 1137 pruned. 
[I 2026-07-13 15:03:45,349] Trial 1138 pruned. 
[I 2026-07-13 15:03:45,656] Trial 1139 pruned. 
[I 2026-07-13 15:03:48,308] Trial 1140 pruned. 
[I 2026-07-13 15:03:49,197] Trial 1141 pruned. 
[I 2026-07-13 15:03:50,220] Trial 1142 pruned. 
[I 2026-07-13 15:03:51,241] Trial 1143 pruned. 
[I 2026-07-13 15:03:53,146] Trial 1144 pruned. 
[I 2026-07-13 15:03:56,549] Trial 1145 pruned. 
[I 2026-07-13 15:03:58,910] Trial 1146 pruned. 
[I 2026-07-13 15:04:00,699] Trial 1147 pruned. 
[I 2026-07-13 15:04:01,205] Trial 1148 pruned. 
[I 2026-07-13 15:04:03,176] Trial 1149 pruned. 
[I 2026-07-13 15:04:05,969] Trial 1150 pruned. 
[I 2026-07-13 15:04:06,762] Trial 1151 pruned. 
[I 2026-07-13 15:04:07,831] Trial 1152 pruned. 
[I 2026-07-13 15:04:08,290] Trial 1153 pruned. 
[I 2026-07-13 15:04:08,508] Trial 1154 pruned. 
[I 2026-07-13 15:04:09,668] Trial 1155 pruned. 
[I 2026-07-13 15:04:10,928] Trial 1156 pruned. 
[I 2026-07-13 15:04:11,248] Trial 1157 pruned. 
[I 2026-07-13 15:04:12,228] Trial 1158 pruned. 
[I 2026-07-13 15:04:13,431] Trial 1159 pruned. 
[I 2026-07-13 15:04:13,634] Trial 1160 pruned. 
[I 2026-07-13 15:04:15,536] Trial 1161 pruned. 
[I 2026-07-13 15:04:16,780] Trial 1162 pruned. 
[I 2026-07-13 15:04:18,342] Trial 1163 pruned. 
[I 2026-07-13 15:04:19,035] Trial 1164 pruned. 
[I 2026-07-13 15:04:19,803] Trial 1165 pruned. 
[I 2026-07-13 15:04:20,993] Trial 1166 pruned. 
[I 2026-07-13 15:04:22,732] Trial 1167 pruned. 
[I 2026-07-13 15:04:23,412] Trial 1168 pruned. 
[I 2026-07-13 15:04:23,707] Trial 1169 pruned. 
[I 2026-07-13 15:04:24,433] Trial 1170 pruned. 
[I 2026-07-13 15:04:25,501] Trial 1171 pruned. 
[I 2026-07-13 15:04:25,952] Trial 1172 pruned. 
[I 2026-07-13 15:04:26,506] Trial 1173 pruned. 
[I 2026-07-13 15:04:27,087] Trial 1174 pruned. 
[I 2026-07-13 15:04:27,968] Trial 1175 pruned. 
[I 2026-07-13 15:04:28,478] Trial 1176 pruned. 
[I 2026-07-13 15:04:30,814] Trial 1177 pruned. 
[I 2026-07-13 15:04:32,049] Trial 1178 pruned. 
[I 2026-07-13 15:04:32,270] Trial 1179 pruned. 
[I 2026-07-13 15:04:33,032] Trial 1180 pruned. 
[I 2026-07-13 15:04:34,264] Trial 1181 pruned. 
[I 2026-07-13 15:04:35,893] Trial 1182 pruned. 
[I 2026-07-13 15:04:36,112] Trial 1183 pruned. 
[I 2026-07-13 15:04:36,644] Trial 1184 pruned. 
[I 2026-07-13 15:04:36,852] Trial 1185 pruned. 
[I 2026-07-13 15:04:37,362] Trial 1186 pruned. 
[I 2026-07-13 15:04:37,574] Trial 1187 pruned. 
[I 2026-07-13 15:04:38,621] Trial 1188 pruned. 
[I 2026-07-13 15:04:39,536] Trial 1189 pruned. 
[I 2026-07-13 15:04:40,256] Trial 1190 pruned. 
[I 2026-07-13 15:04:40,779] Trial 1191 pruned. 
[I 2026-07-13 15:04:41,313] Trial 1192 pruned. 
[I 2026-07-13 15:04:41,896] Trial 1193 pruned. 
[I 2026-07-13 15:04:43,100] Trial 1194 pruned. 
[I 2026-07-13 15:04:44,065] Trial 1195 pruned. 
[I 2026-07-13 15:04:44,426] Trial 1196 pruned. 
[I 2026-07-13 15:04:45,547] Trial 1197 pruned. 
[I 2026-07-13 15:04:46,332] Trial 1198 pruned. 
[I 2026-07-13 15:04:47,992] Trial 1199 pruned. 
[I 2026-07-13 15:04:48,141] Trial 1200 pruned. 
[I 2026-07-13 15:04:48,465] Trial 1201 pruned. 
[I 2026-07-13 15:04:49,306] Trial 1202 pruned. 
[I 2026-07-13 15:04:49,819] Trial 1203 pruned. 
[I 2026-07-13 15:04:50,369] Trial 1204 pruned. 
[I 2026-07-13 15:04:51,096] Trial 1205 pruned. 
[I 2026-07-13 15:04:52,114] Trial 1206 pruned. 
[I 2026-07-13 15:04:53,212] Trial 1207 pruned. 
[I 2026-07-13 15:04:55,246] Trial 1208 pruned. 
[I 2026-07-13 15:04:57,539] Trial 1209 pruned. 
[I 2026-07-13 15:05:00,396] Trial 1210 pruned. 
[I 2026-07-13 15:05:00,913] Trial 1211 pruned. 
[I 2026-07-13 15:05:02,262] Trial 1212 pruned. 
[I 2026-07-13 15:05:03,706] Trial 1213 pruned. 
[I 2026-07-13 15:05:04,677] Trial 1214 pruned. 
[I 2026-07-13 15:05:06,191] Trial 1215 pruned. 
[I 2026-07-13 15:05:06,914] Trial 1216 pruned. 
[I 2026-07-13 15:05:08,207] Trial 1217 pruned. 
[I 2026-07-13 15:05:09,407] Trial 1218 pruned. 
[I 2026-07-13 15:05:10,912] Trial 1219 pruned. 
[I 2026-07-13 15:05:12,678] Trial 1220 pruned. 
[I 2026-07-13 15:05:13,632] Trial 1221 pruned. 
[I 2026-07-13 15:05:14,135] Trial 1222 pruned. 
[I 2026-07-13 15:05:16,776] Trial 1223 pruned. 
[I 2026-07-13 15:05:18,057] Trial 1224 pruned. 
[I 2026-07-13 15:05:19,171] Trial 1225 pruned. 
[I 2026-07-13 15:05:20,230] Trial 1226 pruned. 
[I 2026-07-13 15:05:21,344] Trial 1227 pruned. 
[I 2026-07-13 15:05:22,844] Trial 1228 pruned. 
[I 2026-07-13 15:05:24,187] Trial 1229 pruned. 
[I 2026-07-13 15:05:24,998] Trial 1230 pruned. 
[I 2026-07-13 15:05:26,281] Trial 1231 pruned. 
[I 2026-07-13 15:05:27,380] Trial 1232 pruned. 
[I 2026-07-13 15:05:28,055] Trial 1233 pruned. 
[I 2026-07-13 15:05:29,966] Trial 1234 pruned. 
[I 2026-07-13 15:05:31,818] Trial 1235 pruned. 
[I 2026-07-13 15:05:32,741] Trial 1236 pruned. 
[I 2026-07-13 15:05:33,883] Trial 1237 pruned. 
[I 2026-07-13 15:05:34,758] Trial 1238 pruned. 
[I 2026-07-13 15:05:35,723] Trial 1239 pruned. 
[I 2026-07-13 15:05:35,869] Trial 1240 pruned. 
[I 2026-07-13 15:05:36,698] Trial 1241 pruned. 
[I 2026-07-13 15:05:38,106] Trial 1242 pruned. 
[I 2026-07-13 15:05:38,890] Trial 1243 pruned. 
[I 2026-07-13 15:05:41,348] Trial 1244 pruned. 
[I 2026-07-13 15:05:42,046] Trial 1245 pruned. 
[I 2026-07-13 15:05:42,871] Trial 1246 pruned. 
[I 2026-07-13 15:05:43,387] Trial 1247 pruned. 
[I 2026-07-13 15:05:43,910] Trial 1248 pruned. 
[I 2026-07-13 15:05:44,837] Trial 1249 pruned. 
[I 2026-07-13 15:05:45,196] Trial 1250 pruned. 
[I 2026-07-13 15:05:45,664] Trial 1251 pruned. 
[I 2026-07-13 15:05:47,583] Trial 1252 pruned. 
[I 2026-07-13 15:05:48,667] Trial 1253 pruned. 
[I 2026-07-13 15:05:49,476] Trial 1254 pruned. 
[I 2026-07-13 15:05:50,769] Trial 1255 pruned. 
[I 2026-07-13 15:05:51,770] Trial 1256 pruned. 
[I 2026-07-13 15:05:53,405] Trial 1257 pruned. 
[I 2026-07-13 15:05:54,285] Trial 1258 pruned. 
[I 2026-07-13 15:05:56,153] Trial 1259 pruned. 
[I 2026-07-13 15:05:57,174] Trial 1260 pruned. 
[I 2026-07-13 15:05:59,451] Trial 1261 pruned. 
[I 2026-07-13 15:06:00,498] Trial 1262 pruned. 
[I 2026-07-13 15:06:01,798] Trial 1263 pruned. 
[I 2026-07-13 15:06:02,165] Trial 1264 pruned. 
[I 2026-07-13 15:06:03,529] Trial 1265 pruned. 
[I 2026-07-13 15:06:04,522] Trial 1266 pruned. 
[I 2026-07-13 15:06:07,211] Trial 1267 pruned. 
[I 2026-07-13 15:06:07,511] Trial 1268 pruned. 
[I 2026-07-13 15:06:08,939] Trial 1269 pruned. 
[I 2026-07-13 15:06:10,076] Trial 1270 pruned. 
[I 2026-07-13 15:06:10,524] Trial 1271 pruned. 
[I 2026-07-13 15:06:11,110] Trial 1272 pruned. 
[I 2026-07-13 15:06:13,457] Trial 1273 pruned. 
[I 2026-07-13 15:06:14,515] Trial 1274 pruned. 
[I 2026-07-13 15:06:15,091] Trial 1275 pruned. 
[I 2026-07-13 15:06:15,469] Trial 1276 pruned. 
[I 2026-07-13 15:06:16,826] Trial 1277 pruned. 
[I 2026-07-13 15:06:17,966] Trial 1278 pruned. 
[I 2026-07-13 15:06:19,352] Trial 1279 pruned. 
[I 2026-07-13 15:06:19,601] Trial 1280 pruned. 
[I 2026-07-13 15:06:20,519] Trial 1281 pruned. 
[I 2026-07-13 15:06:22,634] Trial 1282 pruned. 
[I 2026-07-13 15:06:24,507] Trial 1283 pruned. 
[I 2026-07-13 15:06:25,300] Trial 1284 pruned. 
[I 2026-07-13 15:06:27,453] Trial 1285 pruned. 
[I 2026-07-13 15:06:28,573] Trial 1286 pruned. 
