[I 2026-07-13 16:10:09,731] Trial 3639 finished with values: [316.11616975700576, -1984.24790571341, 53.65] and parameters: {'sl_soft': 0.050276826705740144, 'sl_hard_delta': 0.06382907164527017, 'tp': 0.08485800408712069, 'gate_pct': 98.93711402329589, 'dd_limit': 9.066216783758431, 'cooldown': 0, 'flip': True, 'en_ema_trend': True, 'ema_trend_fast': 351, 'ema_trend_slow': 310, 'en_sma_trend': False, 'sma_trend_fast': 392, 'sma_trend_slow': 356, 'en_macd': True, 'macd_fast': 5, 'macd_slow': 133, 'macd_signal': 98, 'en_vwap': False, 'en_keltner': False, 'keltner_n': 50, 'keltner_m': 2.5, 'en_obv': True, 'obv_slope': 63, 'en_cci': False, 'cci_n': 116, 'cci_threshold': 125, 'en_rsi': False, 'rsi_n': 34, 'rsi_lower': 12, 'rsi_upper': 83, 'en_stochastic': False, 'stochastic_n': 97, 'stochastic_d': 43, 'stochastic_lower': 22, 'stochastic_upper': 61, 'en_mfi': True, 'mfi_n': 36, 'mfi_lower': 8, 'mfi_upper': 54, 'en_bollinger': True, 'bollinger_n': 149, 'bollinger_k': 1.0, 'en_adx': False, 'adx_n': 48, 'adx_threshold': 44, 'en_structure_trend': True, 'structure_trend_swing_l': 13, 'en_order_block': False, 'order_block_swing_l': 9, 'en_fvg': False, 'fvg_lookback': 35, 'en_ifvg': True, 'en_breaker': True, 'breaker_swing_l': 9, 'en_cisd': False, 'k': 2, 'en_cap_bars': True, 'cap_1min': 839}.
[I 2026-07-13 16:10:10,502] Trial 3640 finished with values: [-544.6130105893765, -1636.3369833835852, 22.6] and parameters: {'sl_soft': 0.022988098270288884, 'sl_hard_delta': 0.010346872380968307, 'tp': 0.08485800408712069, 'gate_pct': 99.47218267450155, 'dd_limit': 1.4726436036009025, 'cooldown': 8, 'flip': True, 'en_ema_trend': True, 'ema_trend_fast': 84, 'ema_trend_slow': 250, 'en_sma_trend': True, 'sma_trend_fast': 392, 'sma_trend_slow': 356, 'en_macd': True, 'macd_fast': 93, 'macd_slow': 133, 'macd_signal': 40, 'en_vwap': False, 'en_keltner': True, 'keltner_n': 139, 'keltner_m': 2.5, 'en_obv': True, 'obv_slope': 14, 'en_cci': False, 'cci_n': 10, 'cci_threshold': 155, 'en_rsi': False, 'rsi_n': 71, 'rsi_lower': 12, 'rsi_upper': 83, 'en_stochastic': False, 'stochastic_n': 97, 'stochastic_d': 4, 'stochastic_lower': 7, 'stochastic_upper': 66, 'en_mfi': False, 'mfi_n': 9, 'mfi_lower': 11, 'mfi_upper': 96, 'en_bollinger': True, 'bollinger_n': 56, 'bollinger_k': 3.1, 'en_adx': False, 'adx_n': 16, 'adx_threshold': 20, 'en_structure_trend': True, 'structure_trend_swing_l': 1, 'en_order_block': True, 'order_block_swing_l': 5, 'en_fvg': False, 'fvg_lookback': 2, 'en_ifvg': True, 'en_breaker': True, 'breaker_swing_l': 9, 'en_cisd': False, 'k': 1, 'en_cap_bars': True, 'cap_1min': 963}.
[I 2026-07-13 16:10:11,138] Trial 3641 finished with values: [1335.8561000611326, -2304.7692127377322, 54.5] and parameters: {'sl_soft': 0.039958145288011844, 'sl_hard_delta': 0.010346872380968307, 'tp': 0.04939294172156869, 'gate_pct': 99.47218267450155, 'dd_limit': 9.066216783758431, 'cooldown': 0, 'flip': True, 'en_ema_trend': True, 'ema_trend_fast': 84, 'ema_trend_slow': 367, 'en_sma_trend': True, 'sma_trend_fast': 372, 'sma_trend_slow': 356, 'en_macd': True, 'macd_fast': 60, 'macd_slow': 133, 'macd_signal': 75, 'en_vwap': False, 'en_keltner': False, 'keltner_n': 61, 'keltner_m': 2.5, 'en_obv': True, 'obv_slope': 63, 'en_cci': False, 'cci_n': 116, 'cci_threshold': 200, 'en_rsi': False, 'rsi_n': 62, 'rsi_lower': 12, 'rsi_upper': 98, 'en_stochastic': True, 'stochastic_n': 97, 'stochastic_d': 2, 'stochastic_lower': 22, 'stochastic_upper': 66, 'en_mfi': True, 'mfi_n': 9, 'mfi_lower': 8, 'mfi_upper': 54, 'en_bollinger': True, 'bollinger_n': 149, 'bollinger_k': 3.1, 'en_adx': False, 'adx_n': 16, 'adx_threshold': 12, 'en_structure_trend': True, 'structure_trend_swing_l': 1, 'en_order_block': False, 'order_block_swing_l': 9, 'en_fvg': True, 'fvg_lookback': 35, 'en_ifvg': False, 'en_breaker': True, 'breaker_swing_l': 9, 'en_cisd': False, 'k': 1, 'en_cap_bars': True, 'cap_1min': 963}.
[I 2026-07-13 16:10:16,724] Trial 3642 finished with values: [76.16813275761916, -1678.7962593707562, 48.75] and parameters: {'sl_soft': 0.052196885259142164, 'sl_hard_delta': 0.03174292770939944, 'tp': 0.08485800408712069, 'gate_pct': 99.47218267450155, 'dd_limit': 4.273175383953869, 'cooldown': 8, 'flip': True, 'en_ema_trend': True, 'ema_trend_fast': 279, 'ema_trend_slow': 125, 'en_sma_trend': True, 'sma_trend_fast': 392, 'sma_trend_slow': 319, 'en_macd': True, 'macd_fast': 93, 'macd_slow': 42, 'macd_signal': 36, 'en_vwap': False, 'en_keltner': True, 'keltner_n': 180, 'keltner_m': 2.5, 'en_obv': True, 'obv_slope': 14, 'en_cci': True, 'cci_n': 106, 'cci_threshold': 25, 'en_rsi': False, 'rsi_n': 22, 'rsi_lower': 15, 'rsi_upper': 77, 'en_stochastic': True, 'stochastic_n': 45, 'stochastic_d': 29, 'stochastic_lower': 1, 'stochastic_upper': 66, 'en_mfi': True, 'mfi_n': 77, 'mfi_lower': 6, 'mfi_upper': 54, 'en_bollinger': False, 'bollinger_n': 63, 'bollinger_k': 3.1, 'en_adx': False, 'adx_n': 36, 'adx_threshold': 50, 'en_structure_trend': True, 'structure_trend_swing_l': 13, 'en_order_block': True, 'order_block_swing_l': 3, 'en_fvg': False, 'fvg_lookback': 2, 'en_ifvg': False, 'en_breaker': True, 'breaker_swing_l': 5, 'en_cisd': False, 'k': 1, 'en_cap_bars': True, 'cap_1min': 963}.
[I 2026-07-13 16:10:18,150] Trial 3643 finished with values: [3002.8207979485624, -2542.293490937126, 51.8] and parameters: {'sl_soft': 0.052196885259142164, 'sl_hard_delta': 0.013727192771364187, 'tp': 0.08485800408712069, 'gate_pct': 99.47218267450155, 'dd_limit': 9.066216783758431, 'cooldown': 0, 'flip': True, 'en_ema_trend': True, 'ema_trend_fast': 84, 'ema_trend_slow': 367, 'en_sma_trend': True, 'sma_trend_fast': 372, 'sma_trend_slow': 356, 'en_macd': True, 'macd_fast': 93, 'macd_slow': 62, 'macd_signal': 40, 'en_vwap': True, 'en_keltner': True, 'keltner_n': 61, 'keltner_m': 2.5, 'en_obv': True, 'obv_slope': 14, 'en_cci': False, 'cci_n': 106, 'cci_threshold': 200, 'en_rsi': False, 'rsi_n': 96, 'rsi_lower': 12, 'rsi_upper': 98, 'en_stochastic': True, 'stochastic_n': 97, 'stochastic_d': 43, 'stochastic_lower': 7, 'stochastic_upper': 66, 'en_mfi': False, 'mfi_n': 13, 'mfi_lower': 11, 'mfi_upper': 76, 'en_bollinger': True, 'bollinger_n': 149, 'bollinger_k': 3.1, 'en_adx': False, 'adx_n': 42, 'adx_threshold': 50, 'en_structure_trend': True, 'structure_trend_swing_l': 1, 'en_order_block': True, 'order_block_swing_l': 3, 'en_fvg': True, 'fvg_lookback': 11, 'en_ifvg': True, 'en_breaker': True, 'breaker_swing_l': 9, 'en_cisd': False, 'k': 1, 'en_cap_bars': True, 'cap_1min': 963}.
[I 2026-07-13 16:10:18,749] Trial 3644 finished with values: [-145.10159258952237, -7057.2720976377905, 28.35] and parameters: {'sl_soft': 0.022988098270288884, 'sl_hard_delta': 0.010346872380968307, 'tp': 0.08485800408712069, 'gate_pct': 98.93711402329589, 'dd_limit': 1.4726436036009025, 'cooldown': 0, 'flip': False, 'en_ema_trend': True, 'ema_trend_fast': 279, 'ema_trend_slow': 307, 'en_sma_trend': True, 'sma_trend_fast': 392, 'sma_trend_slow': 356, 'en_macd': True, 'macd_fast': 93, 'macd_slow': 133, 'macd_signal': 40, 'en_vwap': False, 'en_keltner': False, 'keltner_n': 61, 'keltner_m': 2.5, 'en_obv': True, 'obv_slope': 14, 'en_cci': False, 'cci_n': 116, 'cci_threshold': 155, 'en_rsi': False, 'rsi_n': 34, 'rsi_lower': 12, 'rsi_upper': 83, 'en_stochastic': False, 'stochastic_n': 97, 'stochastic_d': 43, 'stochastic_lower': 17, 'stochastic_upper': 66, 'en_mfi': False, 'mfi_n': 9, 'mfi_lower': 11, 'mfi_upper': 54, 'en_bollinger': True, 'bollinger_n': 56, 'bollinger_k': 3.1, 'en_adx': False, 'adx_n': 16, 'adx_threshold': 20, 'en_structure_trend': True, 'structure_trend_swing_l': 1, 'en_order_block': True, 'order_block_swing_l': 5, 'en_fvg': True, 'fvg_lookback': 2, 'en_ifvg': True, 'en_breaker': True, 'breaker_swing_l': 9, 'en_cisd': False, 'k': 1, 'en_cap_bars': True, 'cap_1min': 1109}.
[I 2026-07-13 16:10:19,170] Trial 3645 finished with values: [-310.59663709005036, -1024.9999999999914, 60.0] and parameters: {'sl_soft': 0.06296004248070106, 'sl_hard_delta': 0.027238725907773563, 'tp': 0.04939294172156869, 'gate_pct': 98.93711402329589, 'dd_limit': 8.747350770951359, 'cooldown': 8, 'flip': True, 'en_ema_trend': True, 'ema_trend_fast': 351, 'ema_trend_slow': 367, 'en_sma_trend': False, 'sma_trend_fast': 372, 'sma_trend_slow': 356, 'en_macd': True, 'macd_fast': 70, 'macd_slow': 133, 'macd_signal': 40, 'en_vwap': False, 'en_keltner': False, 'keltner_n': 139, 'keltner_m': 0.5, 'en_obv': True, 'obv_slope': 13, 'en_cci': False, 'cci_n': 106, 'cci_threshold': 180, 'en_rsi': False, 'rsi_n': 96, 'rsi_lower': 12, 'rsi_upper': 77, 'en_stochastic': False, 'stochastic_n': 97, 'stochastic_d': 43, 'stochastic_lower': 17, 'stochastic_upper': 61, 'en_mfi': False, 'mfi_n': 9, 'mfi_lower': 30, 'mfi_upper': 62, 'en_bollinger': True, 'bollinger_n': 56, 'bollinger_k': 1.1, 'en_adx': False, 'adx_n': 36, 'adx_threshold': 12, 'en_structure_trend': False, 'structure_trend_swing_l': 13, 'en_order_block': False, 'order_block_swing_l': 12, 'en_fvg': False, 'fvg_lookback': 11, 'en_ifvg': True, 'en_breaker': True, 'breaker_swing_l': 9, 'en_cisd': True, 'k': 3, 'en_cap_bars': False, 'cap_1min': 1239}.
[I 2026-07-13 16:10:19,722] Trial 3646 finished with values: [-1153.531033188262, -2735.9538680196497, 39.35] and parameters: {'sl_soft': 0.052196885259142164, 'sl_hard_delta': 0.010346872380968307, 'tp': 0.08485800408712069, 'gate_pct': 98.93711402329589, 'dd_limit': 9.066216783758431, 'cooldown': 0, 'flip': True, 'en_ema_trend': True, 'ema_trend_fast': 351, 'ema_trend_slow': 367, 'en_sma_trend': True, 'sma_trend_fast': 392, 'sma_trend_slow': 356, 'en_macd': True, 'macd_fast': 5, 'macd_slow': 133, 'macd_signal': 40, 'en_vwap': False, 'en_keltner': False, 'keltner_n': 139, 'keltner_m': 2.5, 'en_obv': True, 'obv_slope': 63, 'en_cci': False, 'cci_n': 106, 'cci_threshold': 200, 'en_rsi': False, 'rsi_n': 96, 'rsi_lower': 12, 'rsi_upper': 98, 'en_stochastic': False, 'stochastic_n': 97, 'stochastic_d': 4, 'stochastic_lower': 1, 'stochastic_upper': 66, 'en_mfi': False, 'mfi_n': 36, 'mfi_lower': 30, 'mfi_upper': 54, 'en_bollinger': True, 'bollinger_n': 56, 'bollinger_k': 1.0, 'en_adx': False, 'adx_n': 48, 'adx_threshold': 12, 'en_structure_trend': True, 'structure_trend_swing_l': 13, 'en_order_block': False, 'order_block_swing_l': 9, 'en_fvg': False, 'fvg_lookback': 38, 'en_ifvg': True, 'en_breaker': True, 'breaker_swing_l': 1, 'en_cisd': False, 'k': 1, 'en_cap_bars': True, 'cap_1min': 1406}.
[I 2026-07-13 16:10:20,449] Trial 3647 finished with values: [5037.885775516137, -8410.486001047986, 49.45] and parameters: {'sl_soft': 0.06296004248070106, 'sl_hard_delta': 0.013727192771364187, 'tp': 0.08485800408712069, 'gate_pct': 99.47218267450155, 'dd_limit': 1.4726436036009025, 'cooldown': 0, 'flip': True, 'en_ema_trend': True, 'ema_trend_fast': 279, 'ema_trend_slow': 367, 'en_sma_trend': True, 'sma_trend_fast': 392, 'sma_trend_slow': 319, 'en_macd': True, 'macd_fast': 93, 'macd_slow': 10, 'macd_signal': 27, 'en_vwap': False, 'en_keltner': False, 'keltner_n': 139, 'keltner_m': 2.5, 'en_obv': True, 'obv_slope': 152, 'en_cci': False, 'cci_n': 10, 'cci_threshold': 200, 'en_rsi': False, 'rsi_n': 62, 'rsi_lower': 12, 'rsi_upper': 77, 'en_stochastic': False, 'stochastic_n': 97, 'stochastic_d': 38, 'stochastic_lower': 1, 'stochastic_upper': 61, 'en_mfi': False, 'mfi_n': 13, 'mfi_lower': 11, 'mfi_upper': 54, 'en_bollinger': False, 'bollinger_n': 56, 'bollinger_k': 3.1, 'en_adx': False, 'adx_n': 16, 'adx_threshold': 12, 'en_structure_trend': False, 'structure_trend_swing_l': 18, 'en_order_block': True, 'order_block_swing_l': 16, 'en_fvg': False, 'fvg_lookback': 2, 'en_ifvg': False, 'en_breaker': True, 'breaker_swing_l': 9, 'en_cisd': False, 'k': 1, 'en_cap_bars': True, 'cap_1min': 963}.
[I 2026-07-13 16:10:20,844] Trial 3648 finished with values: [1803.9760568447962, -2685.3137172127363, 66.75] and parameters: {'sl_soft': 0.04963847535152836, 'sl_hard_delta': 0.023929302606258564, 'tp': 0.04939294172156869, 'gate_pct': 99.47218267450155, 'dd_limit': 3.021375135532224, 'cooldown': 0, 'flip': True, 'en_ema_trend': True, 'ema_trend_fast': 351, 'ema_trend_slow': 18, 'en_sma_trend': True, 'sma_trend_fast': 392, 'sma_trend_slow': 319, 'en_macd': False, 'macd_fast': 60, 'macd_slow': 133, 'macd_signal': 27, 'en_vwap': True, 'en_keltner': False, 'keltner_n': 139, 'keltner_m': 2.5, 'en_obv': True, 'obv_slope': 14, 'en_cci': True, 'cci_n': 116, 'cci_threshold': 200, 'en_rsi': False, 'rsi_n': 96, 'rsi_lower': 12, 'rsi_upper': 77, 'en_stochastic': True, 'stochastic_n': 97, 'stochastic_d': 4, 'stochastic_lower': 1, 'stochastic_upper': 66, 'en_mfi': True, 'mfi_n': 9, 'mfi_lower': 8, 'mfi_upper': 54, 'en_bollinger': True, 'bollinger_n': 149, 'bollinger_k': 4.8, 'en_adx': False, 'adx_n': 16, 'adx_threshold': 44, 'en_structure_trend': True, 'structure_trend_swing_l': 1, 'en_order_block': True, 'order_block_swing_l': 1, 'en_fvg': False, 'fvg_lookback': 2, 'en_ifvg': True, 'en_breaker': True, 'breaker_swing_l': 9, 'en_cisd': True, 'k': 2, 'en_cap_bars': True, 'cap_1min': 483}.
[I 2026-07-13 16:10:22,693] Trial 3649 pruned. 
[I 2026-07-13 16:10:23,140] Trial 3650 finished with values: [2704.0816964800383, -1965.8890529338905, 52.150000000000006] and parameters: {'sl_soft': 0.052196885259142164, 'sl_hard_delta': 0.010346872380968307, 'tp': 0.08485800408712069, 'gate_pct': 99.47218267450155, 'dd_limit': 9.066216783758431, 'cooldown': 0, 'flip': True, 'en_ema_trend': True, 'ema_trend_fast': 351, 'ema_trend_slow': 250, 'en_sma_trend': True, 'sma_trend_fast': 392, 'sma_trend_slow': 356, 'en_macd': True, 'macd_fast': 5, 'macd_slow': 133, 'macd_signal': 40, 'en_vwap': False, 'en_keltner': False, 'keltner_n': 139, 'keltner_m': 2.5, 'en_obv': True, 'obv_slope': 14, 'en_cci': False, 'cci_n': 116, 'cci_threshold': 200, 'en_rsi': False, 'rsi_n': 71, 'rsi_lower': 12, 'rsi_upper': 98, 'en_stochastic': True, 'stochastic_n': 97, 'stochastic_d': 38, 'stochastic_lower': 1, 'stochastic_upper': 66, 'en_mfi': True, 'mfi_n': 9, 'mfi_lower': 30, 'mfi_upper': 54, 'en_bollinger': True, 'bollinger_n': 56, 'bollinger_k': 3.1, 'en_adx': False, 'adx_n': 16, 'adx_threshold': 12, 'en_structure_trend': True, 'structure_trend_swing_l': 1, 'en_order_block': False, 'order_block_swing_l': 5, 'en_fvg': False, 'fvg_lookback': 2, 'en_ifvg': True, 'en_breaker': True, 'breaker_swing_l': 9, 'en_cisd': False, 'k': 1, 'en_cap_bars': True, 'cap_1min': 1109}.
[I 2026-07-13 16:10:23,702] Trial 3651 finished with values: [7515.156036971059, -3216.7642057361572, 49.15] and parameters: {'sl_soft': 0.052196885259142164, 'sl_hard_delta': 0.010346872380968307, 'tp': 0.08485800408712069, 'gate_pct': 99.47218267450155, 'dd_limit': 9.066216783758431, 'cooldown': 0, 'flip': True, 'en_ema_trend': True, 'ema_trend_fast': 351, 'ema_trend_slow': 367, 'en_sma_trend': True, 'sma_trend_fast': 392, 'sma_trend_slow': 319, 'en_macd': True, 'macd_fast': 5, 'macd_slow': 133, 'macd_signal': 27, 'en_vwap': False, 'en_keltner': False, 'keltner_n': 139, 'keltner_m': 2.5, 'en_obv': True, 'obv_slope': 14, 'en_cci': False, 'cci_n': 116, 'cci_threshold': 200, 'en_rsi': False, 'rsi_n': 71, 'rsi_lower': 12, 'rsi_upper': 98, 'en_stochastic': True, 'stochastic_n': 97, 'stochastic_d': 38, 'stochastic_lower': 1, 'stochastic_upper': 66, 'en_mfi': False, 'mfi_n': 9, 'mfi_lower': 11, 'mfi_upper': 54, 'en_bollinger': True, 'bollinger_n': 56, 'bollinger_k': 3.1, 'en_adx': False, 'adx_n': 16, 'adx_threshold': 12, 'en_structure_trend': True, 'structure_trend_swing_l': 1, 'en_order_block': True, 'order_block_swing_l': 12, 'en_fvg': False, 'fvg_lookback': 11, 'en_ifvg': False, 'en_breaker': True, 'breaker_swing_l': 9, 'en_cisd': False, 'k': 1, 'en_cap_bars': True, 'cap_1min': 1109}.
[I 2026-07-13 16:10:29,189] Trial 3652 finished with values: [3529.80490646571, -5230.392151070654, 44.2] and parameters: {'sl_soft': 0.04963847535152836, 'sl_hard_delta': 0.010346872380968307, 'tp': 0.08485800408712069, 'gate_pct': 98.93711402329589, 'dd_limit': 3.021375135532224, 'cooldown': 0, 'flip': True, 'en_ema_trend': False, 'ema_trend_fast': 351, 'ema_trend_slow': 367, 'en_sma_trend': False, 'sma_trend_fast': 392, 'sma_trend_slow': 356, 'en_macd': True, 'macd_fast': 60, 'macd_slow': 133, 'macd_signal': 27, 'en_vwap': False, 'en_keltner': False, 'keltner_n': 139, 'keltner_m': 2.5, 'en_obv': True, 'obv_slope': 14, 'en_cci': True, 'cci_n': 116, 'cci_threshold': 200, 'en_rsi': False, 'rsi_n': 96, 'rsi_lower': 12, 'rsi_upper': 98, 'en_stochastic': True, 'stochastic_n': 97, 'stochastic_d': 38, 'stochastic_lower': 22, 'stochastic_upper': 95, 'en_mfi': False, 'mfi_n': 95, 'mfi_lower': 8, 'mfi_upper': 54, 'en_bollinger': True, 'bollinger_n': 56, 'bollinger_k': 3.1, 'en_adx': False, 'adx_n': 16, 'adx_threshold': 20, 'en_structure_trend': True, 'structure_trend_swing_l': 13, 'en_order_block': True, 'order_block_swing_l': 3, 'en_fvg': False, 'fvg_lookback': 2, 'en_ifvg': False, 'en_breaker': True, 'breaker_swing_l': 9, 'en_cisd': False, 'k': 3, 'en_cap_bars': True, 'cap_1min': 483}.
[I 2026-07-13 16:10:29,579] Trial 3653 finished with values: [30.901336393309634, -1962.791389735301, 44.45] and parameters: {'sl_soft': 0.06296004248070106, 'sl_hard_delta': 0.0155516131087132, 'tp': 0.08485800408712069, 'gate_pct': 98.93711402329589, 'dd_limit': 8.747350770951359, 'cooldown': 8, 'flip': True, 'en_ema_trend': False, 'ema_trend_fast': 351, 'ema_trend_slow': 367, 'en_sma_trend': False, 'sma_trend_fast': 392, 'sma_trend_slow': 356, 'en_macd': True, 'macd_fast': 60, 'macd_slow': 10, 'macd_signal': 40, 'en_vwap': False, 'en_keltner': False, 'keltner_n': 139, 'keltner_m': 2.5, 'en_obv': True, 'obv_slope': 14, 'en_cci': False, 'cci_n': 106, 'cci_threshold': 25, 'en_rsi': False, 'rsi_n': 96, 'rsi_lower': 12, 'rsi_upper': 77, 'en_stochastic': False, 'stochastic_n': 97, 'stochastic_d': 39, 'stochastic_lower': 7, 'stochastic_upper': 61, 'en_mfi': False, 'mfi_n': 72, 'mfi_lower': 8, 'mfi_upper': 78, 'en_bollinger': True, 'bollinger_n': 56, 'bollinger_k': 1.1, 'en_adx': False, 'adx_n': 42, 'adx_threshold': 12, 'en_structure_trend': False, 'structure_trend_swing_l': 1, 'en_order_block': True, 'order_block_swing_l': 3, 'en_fvg': False, 'fvg_lookback': 11, 'en_ifvg': True, 'en_breaker': True, 'breaker_swing_l': 9, 'en_cisd': False, 'k': 1, 'en_cap_bars': False, 'cap_1min': 1239}.
[I 2026-07-13 16:10:31,655] Trial 3654 pruned. 
[I 2026-07-13 16:10:32,036] Trial 3655 finished with values: [-887.0145873089187, -2055.4653766643587, 34.849999999999994] and parameters: {'sl_soft': 0.052196885259142164, 'sl_hard_delta': 0.010346872380968307, 'tp': 0.08485800408712069, 'gate_pct': 99.47218267450155, 'dd_limit': 1.4726436036009025, 'cooldown': 8, 'flip': False, 'en_ema_trend': True, 'ema_trend_fast': 84, 'ema_trend_slow': 367, 'en_sma_trend': True, 'sma_trend_fast': 392, 'sma_trend_slow': 324, 'en_macd': False, 'macd_fast': 5, 'macd_slow': 133, 'macd_signal': 40, 'en_vwap': False, 'en_keltner': False, 'keltner_n': 139, 'keltner_m': 2.5, 'en_obv': True, 'obv_slope': 14, 'en_cci': False, 'cci_n': 10, 'cci_threshold': 155, 'en_rsi': False, 'rsi_n': 71, 'rsi_lower': 12, 'rsi_upper': 83, 'en_stochastic': False, 'stochastic_n': 97, 'stochastic_d': 20, 'stochastic_lower': 7, 'stochastic_upper': 66, 'en_mfi': True, 'mfi_n': 9, 'mfi_lower': 30, 'mfi_upper': 54, 'en_bollinger': True, 'bollinger_n': 153, 'bollinger_k': 3.1, 'en_adx': False, 'adx_n': 16, 'adx_threshold': 20, 'en_structure_trend': True, 'structure_trend_swing_l': 1, 'en_order_block': True, 'order_block_swing_l': 5, 'en_fvg': False, 'fvg_lookback': 2, 'en_ifvg': False, 'en_breaker': True, 'breaker_swing_l': 9, 'en_cisd': False, 'k': 1, 'en_cap_bars': True, 'cap_1min': 1109}.
[I 2026-07-13 16:10:37,857] Trial 3656 finished with values: [301.5288882587977, -3368.5370219392753, 56.8] and parameters: {'sl_soft': 0.052196885259142164, 'sl_hard_delta': 0.010346872380968307, 'tp': 0.04939294172156869, 'gate_pct': 99.47218267450155, 'dd_limit': 9.066216783758431, 'cooldown': 0, 'flip': True, 'en_ema_trend': True, 'ema_trend_fast': 351, 'ema_trend_slow': 367, 'en_sma_trend': True, 'sma_trend_fast': 392, 'sma_trend_slow': 356, 'en_macd': False, 'macd_fast': 93, 'macd_slow': 133, 'macd_signal': 75, 'en_vwap': False, 'en_keltner': False, 'keltner_n': 139, 'keltner_m': 0.5, 'en_obv': True, 'obv_slope': 13, 'en_cci': False, 'cci_n': 10, 'cci_threshold': 30, 'en_rsi': False, 'rsi_n': 96, 'rsi_lower': 12, 'rsi_upper': 98, 'en_stochastic': True, 'stochastic_n': 97, 'stochastic_d': 39, 'stochastic_lower': 1, 'stochastic_upper': 91, 'en_mfi': True, 'mfi_n': 72, 'mfi_lower': 11, 'mfi_upper': 76, 'en_bollinger': True, 'bollinger_n': 56, 'bollinger_k': 3.1, 'en_adx': False, 'adx_n': 42, 'adx_threshold': 20, 'en_structure_trend': True, 'structure_trend_swing_l': 18, 'en_order_block': True, 'order_block_swing_l': 12, 'en_fvg': False, 'fvg_lookback': 40, 'en_ifvg': True, 'en_breaker': True, 'breaker_swing_l': 9, 'en_cisd': False, 'k': 1, 'en_cap_bars': True, 'cap_1min': 963}.
