[I 2026-07-13 14:53:23,841] Trial 513 pruned. 
[I 2026-07-13 14:53:24,561] Trial 514 pruned. 
[I 2026-07-13 14:53:26,435] Trial 515 pruned. 
[I 2026-07-13 14:53:28,156] Trial 516 pruned. 
[I 2026-07-13 14:53:32,536] Trial 517 finished with values: [-706.9964039786216, -2021.5666067733196, 48.099999999999994] and parameters: {'sl_soft': 0.06377414887481961, 'sl_hard_delta': 0.022992343460389187, 'tp': 0.07032871855032251, 'gate_pct': 94.32553955536301, 'dd_limit': 8.683310596224244, 'cooldown': 14, 'flip': False, 'en_ema_trend': True, 'ema_trend_fast': 386, 'ema_trend_slow': 284, 'en_sma_trend': False, 'sma_trend_fast': 265, 'sma_trend_slow': 280, 'en_macd': True, 'macd_fast': 19, 'macd_slow': 80, 'macd_signal': 48, 'en_vwap': False, 'en_keltner': True, 'keltner_n': 56, 'keltner_m': 1.4, 'en_obv': True, 'obv_slope': 29, 'en_cci': False, 'cci_n': 118, 'cci_threshold': 205, 'en_rsi': False, 'rsi_n': 77, 'rsi_lower': 1, 'rsi_upper': 68, 'en_stochastic': False, 'stochastic_n': 87, 'stochastic_d': 28, 'stochastic_lower': 15, 'stochastic_upper': 81, 'en_mfi': False, 'mfi_n': 83, 'mfi_lower': 22, 'mfi_upper': 90, 'en_bollinger': False, 'bollinger_n': 78, 'bollinger_k': 3.4000000000000004, 'en_adx': False, 'adx_n': 48, 'adx_threshold': 29, 'en_structure_trend': False, 'structure_trend_swing_l': 19, 'en_order_block': True, 'order_block_swing_l': 13, 'en_fvg': True, 'fvg_lookback': 31, 'en_ifvg': True, 'en_breaker': False, 'breaker_swing_l': 2, 'en_cisd': False, 'k': 1, 'en_cap_bars': False, 'cap_1min': 542}.
[I 2026-07-13 14:53:33,681] Trial 518 pruned. 
[I 2026-07-13 14:53:34,242] Trial 519 pruned. 
[I 2026-07-13 14:53:34,599] Trial 520 pruned. 
[I 2026-07-13 14:53:35,769] Trial 521 pruned. 
[I 2026-07-13 14:53:38,427] Trial 522 pruned. 
[I 2026-07-13 14:53:41,840] Trial 523 pruned. 
[I 2026-07-13 14:53:42,740] Trial 524 pruned. 
[I 2026-07-13 14:53:43,401] Trial 525 pruned. 
[I 2026-07-13 14:53:44,709] Trial 526 pruned. 
[I 2026-07-13 14:53:46,030] Trial 527 pruned. 
[I 2026-07-13 14:53:47,208] Trial 528 pruned. 
[I 2026-07-13 14:53:48,652] Trial 529 pruned. 
[I 2026-07-13 14:53:49,266] Trial 530 pruned. 
[I 2026-07-13 14:53:50,274] Trial 531 pruned. 
[I 2026-07-13 14:53:51,777] Trial 532 pruned. 
[I 2026-07-13 14:53:52,433] Trial 533 pruned. 
[I 2026-07-13 14:53:53,740] Trial 534 pruned. 
[I 2026-07-13 14:53:54,737] Trial 535 pruned. 
[I 2026-07-13 14:53:56,582] Trial 536 finished with values: [439.2537058167711, -1307.043288769023, 64.6] and parameters: {'sl_soft': 0.021042893494625382, 'sl_hard_delta': 0.06087460308907818, 'tp': 0.04939294172156869, 'gate_pct': 99.95605949198794, 'dd_limit': 1.4726436036009025, 'cooldown': 7, 'flip': True, 'en_ema_trend': False, 'ema_trend_fast': 27, 'ema_trend_slow': 14, 'en_sma_trend': False, 'sma_trend_fast': 392, 'sma_trend_slow': 319, 'en_macd': True, 'macd_fast': 91, 'macd_slow': 42, 'macd_signal': 26, 'en_vwap': True, 'en_keltner': False, 'keltner_n': 139, 'keltner_m': 2.5, 'en_obv': True, 'obv_slope': 14, 'en_cci': True, 'cci_n': 106, 'cci_threshold': 155, 'en_rsi': False, 'rsi_n': 81, 'rsi_lower': 13, 'rsi_upper': 95, 'en_stochastic': False, 'stochastic_n': 88, 'stochastic_d': 46, 'stochastic_lower': 7, 'stochastic_upper': 61, 'en_mfi': False, 'mfi_n': 93, 'mfi_lower': 30, 'mfi_upper': 96, 'en_bollinger': False, 'bollinger_n': 44, 'bollinger_k': 3.7, 'en_adx': False, 'adx_n': 16, 'adx_threshold': 12, 'en_structure_trend': False, 'structure_trend_swing_l': 6, 'en_order_block': True, 'order_block_swing_l': 3, 'en_fvg': False, 'fvg_lookback': 9, 'en_ifvg': False, 'en_breaker': True, 'breaker_swing_l': 16, 'en_cisd': False, 'k': 4, 'en_cap_bars': False, 'cap_1min': 368}.
[I 2026-07-13 14:53:57,083] Trial 537 pruned. 
[I 2026-07-13 14:53:59,158] Trial 538 pruned. 
[I 2026-07-13 14:54:00,422] Trial 539 pruned. 
[I 2026-07-13 14:54:00,792] Trial 540 pruned. 
[I 2026-07-13 14:54:02,649] Trial 541 pruned. 
[I 2026-07-13 14:54:03,903] Trial 542 pruned. 
[I 2026-07-13 14:54:05,526] Trial 543 pruned. 
[I 2026-07-13 14:54:14,578] Trial 544 finished with values: [-1003.8615442115706, -4914.503849149767, 49.3] and parameters: {'sl_soft': 0.04878352174492924, 'sl_hard_delta': 0.03774920476083681, 'tp': 0.07681597833791438, 'gate_pct': 91.7747058341661, 'dd_limit': 3.3374720541419105, 'cooldown': 1, 'flip': False, 'en_ema_trend': True, 'ema_trend_fast': 357, 'ema_trend_slow': 293, 'en_sma_trend': False, 'sma_trend_fast': 315, 'sma_trend_slow': 221, 'en_macd': False, 'macd_fast': 79, 'macd_slow': 118, 'macd_signal': 25, 'en_vwap': True, 'en_keltner': True, 'keltner_n': 127, 'keltner_m': 4.7, 'en_obv': False, 'obv_slope': 62, 'en_cci': True, 'cci_n': 199, 'cci_threshold': 290, 'en_rsi': False, 'rsi_n': 90, 'rsi_lower': 37, 'rsi_upper': 58, 'en_stochastic': True, 'stochastic_n': 20, 'stochastic_d': 14, 'stochastic_lower': 32, 'stochastic_upper': 81, 'en_mfi': False, 'mfi_n': 62, 'mfi_lower': 21, 'mfi_upper': 91, 'en_bollinger': True, 'bollinger_n': 88, 'bollinger_k': 3.2, 'en_adx': False, 'adx_n': 39, 'adx_threshold': 38, 'en_structure_trend': False, 'structure_trend_swing_l': 3, 'en_order_block': False, 'order_block_swing_l': 2, 'en_fvg': True, 'fvg_lookback': 30, 'en_ifvg': False, 'en_breaker': False, 'breaker_swing_l': 14, 'en_cisd': True, 'k': 3, 'en_cap_bars': False, 'cap_1min': 661}.
[I 2026-07-13 14:54:15,843] Trial 545 pruned. 
[I 2026-07-13 14:54:16,866] Trial 546 pruned. 
[I 2026-07-13 14:54:18,596] Trial 547 pruned. 
[I 2026-07-13 14:54:19,251] Trial 548 pruned. 
[I 2026-07-13 14:54:22,132] Trial 549 pruned. 
[I 2026-07-13 14:54:22,855] Trial 550 pruned. 
[I 2026-07-13 14:54:24,577] Trial 551 pruned. 
[I 2026-07-13 14:54:25,112] Trial 552 pruned. 
[I 2026-07-13 14:54:26,597] Trial 553 pruned. 
[I 2026-07-13 14:54:27,761] Trial 554 pruned. 
[I 2026-07-13 14:54:28,897] Trial 555 pruned. 
[I 2026-07-13 14:54:30,541] Trial 556 pruned. 
[I 2026-07-13 14:54:31,374] Trial 557 pruned. 
[I 2026-07-13 14:54:33,260] Trial 558 pruned. 
[I 2026-07-13 14:54:34,792] Trial 559 pruned. 
[I 2026-07-13 14:54:35,002] Trial 560 pruned. 
[I 2026-07-13 14:54:35,794] Trial 561 pruned. 
[I 2026-07-13 14:54:37,730] Trial 562 pruned. 
[I 2026-07-13 14:54:40,131] Trial 563 pruned. 
[I 2026-07-13 14:54:41,237] Trial 564 pruned. 
[I 2026-07-13 14:54:42,714] Trial 565 pruned. 
[I 2026-07-13 14:54:43,174] Trial 566 pruned. 
[I 2026-07-13 14:54:44,130] Trial 567 pruned. 
[I 2026-07-13 14:54:44,774] Trial 568 pruned. 
[I 2026-07-13 14:54:45,956] Trial 569 pruned. 
[I 2026-07-13 14:54:47,853] Trial 570 pruned. 
[I 2026-07-13 14:54:48,946] Trial 571 pruned. 
[I 2026-07-13 14:54:50,267] Trial 572 pruned. 
[I 2026-07-13 14:54:51,394] Trial 573 pruned. 
[I 2026-07-13 14:54:52,866] Trial 574 pruned. 
[I 2026-07-13 14:54:53,839] Trial 575 pruned. 
[I 2026-07-13 14:54:54,880] Trial 576 pruned. 
[I 2026-07-13 14:54:55,843] Trial 577 pruned. 
[I 2026-07-13 14:54:57,751] Trial 578 pruned. 
[I 2026-07-13 14:54:59,522] Trial 579 pruned. 
[I 2026-07-13 14:55:01,180] Trial 580 pruned. 
[I 2026-07-13 14:55:04,417] Trial 581 pruned. 
[I 2026-07-13 14:55:04,816] Trial 582 pruned. 
[I 2026-07-13 14:55:06,929] Trial 583 pruned. 
[I 2026-07-13 14:55:08,737] Trial 584 pruned. 
[I 2026-07-13 14:55:11,485] Trial 585 pruned. 
[I 2026-07-13 14:55:13,175] Trial 586 pruned. 
[I 2026-07-13 14:55:14,031] Trial 587 pruned. 
[I 2026-07-13 14:55:14,514] Trial 588 pruned. 
[I 2026-07-13 14:55:16,266] Trial 589 pruned. 
[I 2026-07-13 14:55:18,889] Trial 590 pruned. 
[I 2026-07-13 14:55:21,535] Trial 591 finished with values: [498.82077159335125, -1977.4463463014056, 62.15] and parameters: {'sl_soft': 0.04648368676583718, 'sl_hard_delta': 0.053495320816006435, 'tp': 0.0544477534852183, 'gate_pct': 95.031393846183, 'dd_limit': 2.6546638252533143, 'cooldown': 5, 'flip': True, 'en_ema_trend': True, 'ema_trend_fast': 390, 'ema_trend_slow': 273, 'en_sma_trend': True, 'sma_trend_fast': 148, 'sma_trend_slow': 83, 'en_macd': False, 'macd_fast': 32, 'macd_slow': 168, 'macd_signal': 42, 'en_vwap': True, 'en_keltner': False, 'keltner_n': 42, 'keltner_m': 4.0, 'en_obv': False, 'obv_slope': 3, 'en_cci': True, 'cci_n': 108, 'cci_threshold': 135, 'en_rsi': False, 'rsi_n': 92, 'rsi_lower': 46, 'rsi_upper': 66, 'en_stochastic': False, 'stochastic_n': 79, 'stochastic_d': 49, 'stochastic_lower': 24, 'stochastic_upper': 79, 'en_mfi': True, 'mfi_n': 38, 'mfi_lower': 29, 'mfi_upper': 83, 'en_bollinger': True, 'bollinger_n': 11, 'bollinger_k': 0.8, 'en_adx': False, 'adx_n': 13, 'adx_threshold': 41, 'en_structure_trend': False, 'structure_trend_swing_l': 5, 'en_order_block': False, 'order_block_swing_l': 1, 'en_fvg': True, 'fvg_lookback': 33, 'en_ifvg': False, 'en_breaker': True, 'breaker_swing_l': 18, 'en_cisd': False, 'k': 2, 'en_cap_bars': False, 'cap_1min': 351}.
[I 2026-07-13 14:55:22,644] Trial 592 pruned. 
[I 2026-07-13 14:55:24,197] Trial 593 pruned. 
[I 2026-07-13 14:55:25,847] Trial 594 pruned. 
[I 2026-07-13 14:55:27,080] Trial 595 pruned. 
[I 2026-07-13 14:55:27,700] Trial 596 pruned. 
[I 2026-07-13 14:55:28,498] Trial 597 pruned. 
[I 2026-07-13 14:55:29,259] Trial 598 pruned. 
[I 2026-07-13 14:55:31,029] Trial 599 pruned. 
[I 2026-07-13 14:55:31,328] Trial 600 pruned. 
[I 2026-07-13 14:55:32,054] Trial 601 pruned. 
[I 2026-07-13 14:55:32,492] Trial 602 pruned. 
[I 2026-07-13 14:55:33,602] Trial 603 pruned. 
[I 2026-07-13 14:55:34,301] Trial 604 pruned. 
[I 2026-07-13 14:55:35,224] Trial 605 pruned. 
[I 2026-07-13 14:55:35,807] Trial 606 pruned. 
[I 2026-07-13 14:55:36,919] Trial 607 pruned. 
[I 2026-07-13 14:55:39,047] Trial 608 pruned. 
[I 2026-07-13 14:55:39,776] Trial 609 pruned. 
[I 2026-07-13 14:55:41,490] Trial 610 pruned. 
[I 2026-07-13 14:55:43,048] Trial 611 pruned. 
[I 2026-07-13 14:55:43,914] Trial 612 pruned. 
[I 2026-07-13 14:55:44,236] Trial 613 pruned. 
[I 2026-07-13 14:55:44,701] Trial 614 pruned. 
[I 2026-07-13 14:55:45,895] Trial 615 pruned. 
[I 2026-07-13 14:55:46,871] Trial 616 pruned. 
[I 2026-07-13 14:55:47,246] Trial 617 pruned. 
[I 2026-07-13 14:55:47,647] Trial 618 pruned. 
[I 2026-07-13 14:55:48,611] Trial 619 pruned. 
[I 2026-07-13 14:55:49,448] Trial 620 pruned. 
[I 2026-07-13 14:55:50,079] Trial 621 pruned. 
[I 2026-07-13 14:55:53,015] Trial 622 pruned. 
[I 2026-07-13 14:55:54,312] Trial 623 pruned. 
[I 2026-07-13 14:55:54,835] Trial 624 pruned. 
[I 2026-07-13 14:55:55,980] Trial 625 pruned. 
[I 2026-07-13 14:55:56,894] Trial 626 pruned. 
[I 2026-07-13 14:55:58,121] Trial 627 pruned. 
[I 2026-07-13 14:55:58,852] Trial 628 pruned. 
[I 2026-07-13 14:56:01,317] Trial 629 pruned. 
[I 2026-07-13 14:56:01,842] Trial 630 pruned. 
[I 2026-07-13 14:56:03,187] Trial 631 pruned. 
[I 2026-07-13 14:56:03,814] Trial 632 pruned. 
[I 2026-07-13 14:56:05,767] Trial 633 pruned. 
[I 2026-07-13 14:56:06,899] Trial 634 pruned. 
[I 2026-07-13 14:56:07,569] Trial 635 pruned. 
[I 2026-07-13 14:56:07,991] Trial 636 pruned. 
[I 2026-07-13 14:56:09,016] Trial 637 pruned. 
[I 2026-07-13 14:56:10,345] Trial 638 pruned. 
[I 2026-07-13 14:56:10,806] Trial 639 pruned. 
[I 2026-07-13 14:56:11,113] Trial 640 pruned. 
[I 2026-07-13 14:56:12,590] Trial 641 pruned. 
[I 2026-07-13 14:56:13,965] Trial 642 pruned. 
[I 2026-07-13 14:56:14,403] Trial 643 pruned. 
[I 2026-07-13 14:56:15,720] Trial 644 pruned. 
[I 2026-07-13 14:56:17,734] Trial 645 pruned. 
[I 2026-07-13 14:56:19,431] Trial 646 pruned. 
[I 2026-07-13 14:56:23,652] Trial 647 finished with values: [-1014.728276240664, -6805.069446296057, 39.6] and parameters: {'sl_soft': 0.03480731904554969, 'sl_hard_delta': 0.09395061828001099, 'tp': 0.1205914912579967, 'gate_pct': 97.00844078669539, 'dd_limit': 7.364744278329123, 'cooldown': 5, 'flip': True, 'en_ema_trend': True, 'ema_trend_fast': 23, 'ema_trend_slow': 133, 'en_sma_trend': True, 'sma_trend_fast': 331, 'sma_trend_slow': 379, 'en_macd': True, 'macd_fast': 38, 'macd_slow': 88, 'macd_signal': 45, 'en_vwap': True, 'en_keltner': False, 'keltner_n': 60, 'keltner_m': 0.8, 'en_obv': False, 'obv_slope': 162, 'en_cci': True, 'cci_n': 78, 'cci_threshold': 50, 'en_rsi': False, 'rsi_n': 74, 'rsi_lower': 5, 'rsi_upper': 74, 'en_stochastic': False, 'stochastic_n': 27, 'stochastic_d': 6, 'stochastic_lower': 27, 'stochastic_upper': 94, 'en_mfi': False, 'mfi_n': 28, 'mfi_lower': 42, 'mfi_upper': 69, 'en_bollinger': True, 'bollinger_n': 172, 'bollinger_k': 0.5, 'en_adx': False, 'adx_n': 35, 'adx_threshold': 42, 'en_structure_trend': False, 'structure_trend_swing_l': 1, 'en_order_block': True, 'order_block_swing_l': 18, 'en_fvg': False, 'fvg_lookback': 50, 'en_ifvg': False, 'en_breaker': False, 'breaker_swing_l': 13, 'en_cisd': True, 'k': 1, 'en_cap_bars': False, 'cap_1min': 495}.
[I 2026-07-13 14:56:24,686] Trial 648 pruned. 
[I 2026-07-13 14:56:25,663] Trial 649 pruned. 
[I 2026-07-13 14:56:28,270] Trial 650 pruned. 
[I 2026-07-13 14:56:29,044] Trial 651 pruned. 
[I 2026-07-13 14:56:30,265] Trial 652 pruned. 
[I 2026-07-13 14:56:30,927] Trial 653 pruned. 
[I 2026-07-13 14:56:31,907] Trial 654 pruned. 
[I 2026-07-13 14:56:33,009] Trial 655 pruned. 
[I 2026-07-13 14:56:33,889] Trial 656 pruned. 
[I 2026-07-13 14:56:35,152] Trial 657 pruned. 
[I 2026-07-13 14:56:37,265] Trial 658 pruned. 
[I 2026-07-13 14:56:38,476] Trial 659 pruned. 
[I 2026-07-13 14:56:40,346] Trial 660 pruned. 
[I 2026-07-13 14:56:41,001] Trial 661 pruned. 
[I 2026-07-13 14:56:41,627] Trial 662 pruned. 
[I 2026-07-13 14:56:43,331] Trial 663 pruned. 
[I 2026-07-13 14:56:46,072] Trial 664 finished with values: [149.28944288316256, -2269.788022173955, 65.2] and parameters: {'sl_soft': 0.06296004248070106, 'sl_hard_delta': 0.03174292770939944, 'tp': 0.04121537520691777, 'gate_pct': 98.93711402329589, 'dd_limit': 9.066216783758431, 'cooldown': 8, 'flip': True, 'en_ema_trend': True, 'ema_trend_fast': 351, 'ema_trend_slow': 367, 'en_sma_trend': False, 'sma_trend_fast': 372, 'sma_trend_slow': 12, 'en_macd': True, 'macd_fast': 60, 'macd_slow': 18, 'macd_signal': 40, 'en_vwap': False, 'en_keltner': False, 'keltner_n': 61, 'keltner_m': 5.0, 'en_obv': True, 'obv_slope': 191, 'en_cci': False, 'cci_n': 10, 'cci_threshold': 25, 'en_rsi': False, 'rsi_n': 34, 'rsi_lower': 12, 'rsi_upper': 77, 'en_stochastic': False, 'stochastic_n': 97, 'stochastic_d': 39, 'stochastic_lower': 17, 'stochastic_upper': 91, 'en_mfi': True, 'mfi_n': 77, 'mfi_lower': 8, 'mfi_upper': 76, 'en_bollinger': True, 'bollinger_n': 56, 'bollinger_k': 3.1, 'en_adx': False, 'adx_n': 36, 'adx_threshold': 50, 'en_structure_trend': True, 'structure_trend_swing_l': 13, 'en_order_block': True, 'order_block_swing_l': 12, 'en_fvg': False, 'fvg_lookback': 11, 'en_ifvg': True, 'en_breaker': True, 'breaker_swing_l': 9, 'en_cisd': True, 'k': 3, 'en_cap_bars': False, 'cap_1min': 963}.
[I 2026-07-13 14:56:47,226] Trial 665 pruned. 
[I 2026-07-13 14:56:48,417] Trial 666 pruned. 
[I 2026-07-13 14:56:49,506] Trial 667 pruned. 
[I 2026-07-13 14:56:50,474] Trial 668 pruned. 
[I 2026-07-13 14:56:51,371] Trial 669 pruned. 
[I 2026-07-13 14:56:53,042] Trial 670 pruned. 
[I 2026-07-13 14:56:54,037] Trial 671 pruned. 
[I 2026-07-13 14:56:55,460] Trial 672 pruned. 
[I 2026-07-13 14:57:10,011] Trial 673 finished with values: [40.11081372873093, -2993.375530686393, 47.2] and parameters: {'sl_soft': 0.0267441700613952, 'sl_hard_delta': 0.08402168282211096, 'tp': 0.07018400223274873, 'gate_pct': 97.47084145131518, 'dd_limit': 1.1085214524927745, 'cooldown': 7, 'flip': True, 'en_ema_trend': False, 'ema_trend_fast': 127, 'ema_trend_slow': 26, 'en_sma_trend': True, 'sma_trend_fast': 371, 'sma_trend_slow': 343, 'en_macd': True, 'macd_fast': 34, 'macd_slow': 173, 'macd_signal': 58, 'en_vwap': True, 'en_keltner': True, 'keltner_n': 32, 'keltner_m': 4.300000000000001, 'en_obv': False, 'obv_slope': 152, 'en_cci': True, 'cci_n': 29, 'cci_threshold': 285, 'en_rsi': False, 'rsi_n': 62, 'rsi_lower': 30, 'rsi_upper': 59, 'en_stochastic': True, 'stochastic_n': 87, 'stochastic_d': 17, 'stochastic_lower': 28, 'stochastic_upper': 83, 'en_mfi': False, 'mfi_n': 34, 'mfi_lower': 23, 'mfi_upper': 89, 'en_bollinger': True, 'bollinger_n': 78, 'bollinger_k': 1.5, 'en_adx': True, 'adx_n': 34, 'adx_threshold': 5, 'en_structure_trend': False, 'structure_trend_swing_l': 11, 'en_order_block': False, 'order_block_swing_l': 6, 'en_fvg': True, 'fvg_lookback': 34, 'en_ifvg': False, 'en_breaker': True, 'breaker_swing_l': 9, 'en_cisd': False, 'k': 2, 'en_cap_bars': True, 'cap_1min': 694}.
[I 2026-07-13 14:57:12,909] Trial 674 pruned. 
[I 2026-07-13 14:57:14,067] Trial 675 pruned. 
[I 2026-07-13 14:57:15,236] Trial 676 pruned. 
[I 2026-07-13 14:57:16,097] Trial 677 pruned. 
[I 2026-07-13 14:57:17,127] Trial 678 pruned. 
[I 2026-07-13 14:57:18,000] Trial 679 pruned. 
[I 2026-07-13 14:57:18,186] Trial 680 pruned. 
[I 2026-07-13 14:57:19,804] Trial 681 pruned. 
[I 2026-07-13 14:57:20,858] Trial 682 pruned. 
[I 2026-07-13 14:57:22,450] Trial 683 pruned. 
[I 2026-07-13 14:57:23,620] Trial 684 pruned. 
[I 2026-07-13 14:57:24,666] Trial 685 pruned. 
[I 2026-07-13 14:57:26,315] Trial 686 pruned. 
[I 2026-07-13 14:57:27,414] Trial 687 pruned. 
[I 2026-07-13 14:57:29,476] Trial 688 pruned. 
[I 2026-07-13 14:57:32,401] Trial 689 pruned. 
[I 2026-07-13 14:57:33,770] Trial 690 pruned. 
[I 2026-07-13 14:57:35,037] Trial 691 pruned. 
[I 2026-07-13 14:57:36,639] Trial 692 pruned. 
[I 2026-07-13 14:57:37,825] Trial 693 pruned. 
[I 2026-07-13 14:57:38,531] Trial 694 pruned. 
[I 2026-07-13 14:57:40,594] Trial 695 pruned. 
[I 2026-07-13 14:57:41,163] Trial 696 pruned. 
[I 2026-07-13 14:57:41,694] Trial 697 pruned. 
[I 2026-07-13 14:57:42,887] Trial 698 pruned. 
[I 2026-07-13 14:57:43,931] Trial 699 pruned. 
[I 2026-07-13 14:57:45,207] Trial 700 pruned. 
[I 2026-07-13 14:57:45,780] Trial 701 pruned. 
[I 2026-07-13 14:57:46,872] Trial 702 pruned. 
[I 2026-07-13 14:57:48,087] Trial 703 pruned. 
[I 2026-07-13 14:57:48,986] Trial 704 pruned. 
[I 2026-07-13 14:57:49,640] Trial 705 pruned. 
[I 2026-07-13 14:57:52,454] Trial 706 pruned. 
[I 2026-07-13 14:57:53,713] Trial 707 pruned. 
[I 2026-07-13 14:57:54,667] Trial 708 pruned. 
[I 2026-07-13 14:57:59,306] Trial 709 pruned. 
[I 2026-07-13 14:58:00,429] Trial 710 pruned. 
[I 2026-07-13 14:58:01,353] Trial 711 pruned. 
[I 2026-07-13 14:58:02,308] Trial 712 pruned. 
[I 2026-07-13 14:58:03,244] Trial 713 pruned. 
[I 2026-07-13 14:58:05,041] Trial 714 pruned. 
[I 2026-07-13 14:58:06,680] Trial 715 pruned. 
[I 2026-07-13 14:58:08,018] Trial 716 pruned. 
[I 2026-07-13 14:58:09,265] Trial 717 pruned. 
[I 2026-07-13 14:58:10,751] Trial 718 pruned. 
[I 2026-07-13 14:58:12,440] Trial 719 pruned. 
[I 2026-07-13 14:58:12,687] Trial 720 pruned. 
[I 2026-07-13 14:58:13,370] Trial 721 pruned. 
[I 2026-07-13 14:58:15,344] Trial 722 pruned. 
[I 2026-07-13 14:58:16,044] Trial 723 pruned. 
[I 2026-07-13 14:58:17,358] Trial 724 pruned. 
[I 2026-07-13 14:58:18,640] Trial 725 pruned. 
[I 2026-07-13 14:58:20,002] Trial 726 pruned. 
[I 2026-07-13 14:58:20,897] Trial 727 pruned. 
[I 2026-07-13 14:58:22,606] Trial 728 pruned. 
[I 2026-07-13 14:58:23,037] Trial 729 pruned. 
[I 2026-07-13 14:58:24,804] Trial 730 pruned. 
[I 2026-07-13 14:58:25,935] Trial 731 pruned. 
[I 2026-07-13 14:58:26,996] Trial 732 pruned. 
[I 2026-07-13 14:58:27,932] Trial 733 pruned. 
[I 2026-07-13 14:58:28,392] Trial 734 pruned. 
[I 2026-07-13 14:58:29,807] Trial 735 pruned. 
[I 2026-07-13 14:58:33,055] Trial 736 pruned. 
[I 2026-07-13 14:58:34,507] Trial 737 pruned. 
[I 2026-07-13 14:58:36,010] Trial 738 pruned. 
[I 2026-07-13 14:58:37,525] Trial 739 pruned. 
[I 2026-07-13 14:58:38,145] Trial 740 pruned. 
[I 2026-07-13 14:58:39,440] Trial 741 pruned. 
[I 2026-07-13 14:58:40,332] Trial 742 pruned. 
[I 2026-07-13 14:58:41,713] Trial 743 pruned. 
[I 2026-07-13 14:58:44,499] Trial 744 pruned. 
[I 2026-07-13 14:58:44,698] Trial 745 pruned. 
[I 2026-07-13 14:58:45,795] Trial 746 pruned. 
[I 2026-07-13 14:58:47,316] Trial 747 pruned. 
[I 2026-07-13 14:58:49,234] Trial 748 pruned. 
[I 2026-07-13 14:58:50,305] Trial 749 pruned. 
[I 2026-07-13 14:58:50,728] Trial 750 pruned. 
[I 2026-07-13 14:58:51,441] Trial 751 pruned. 
[I 2026-07-13 14:58:55,136] Trial 752 pruned. 
[I 2026-07-13 14:58:56,614] Trial 753 pruned. 
[I 2026-07-13 14:58:58,823] Trial 754 pruned. 
[I 2026-07-13 14:59:00,052] Trial 755 pruned. 
[I 2026-07-13 14:59:01,003] Trial 756 pruned. 
[I 2026-07-13 14:59:02,176] Trial 757 pruned. 
[I 2026-07-13 14:59:02,986] Trial 758 pruned. 
[I 2026-07-13 14:59:03,765] Trial 759 pruned. 
[I 2026-07-13 14:59:03,955] Trial 760 pruned. 
[I 2026-07-13 14:59:05,200] Trial 761 pruned. 
[I 2026-07-13 14:59:08,526] Trial 762 finished with values: [87.18853371425143, -9752.231377971464, 56.099999999999994] and parameters: {'sl_soft': 0.021583388195152695, 'sl_hard_delta': 0.06382907164527017, 'tp': 0.041570164073039366, 'gate_pct': 91.11428864458729, 'dd_limit': 9.740009427199718, 'cooldown': 0, 'flip': True, 'en_ema_trend': True, 'ema_trend_fast': 330, 'ema_trend_slow': 18, 'en_sma_trend': False, 'sma_trend_fast': 137, 'sma_trend_slow': 51, 'en_macd': True, 'macd_fast': 27, 'macd_slow': 16, 'macd_signal': 24, 'en_vwap': True, 'en_keltner': False, 'keltner_n': 66, 'keltner_m': 0.5, 'en_obv': False, 'obv_slope': 20, 'en_cci': True, 'cci_n': 181, 'cci_threshold': 205, 'en_rsi': False, 'rsi_n': 24, 'rsi_lower': 4, 'rsi_upper': 93, 'en_stochastic': False, 'stochastic_n': 36, 'stochastic_d': 4, 'stochastic_lower': 25, 'stochastic_upper': 63, 'en_mfi': True, 'mfi_n': 29, 'mfi_lower': 13, 'mfi_upper': 55, 'en_bollinger': False, 'bollinger_n': 144, 'bollinger_k': 4.8, 'en_adx': False, 'adx_n': 28, 'adx_threshold': 17, 'en_structure_trend': False, 'structure_trend_swing_l': 10, 'en_order_block': False, 'order_block_swing_l': 8, 'en_fvg': False, 'fvg_lookback': 27, 'en_ifvg': False, 'en_breaker': True, 'breaker_swing_l': 12, 'en_cisd': False, 'k': 2, 'en_cap_bars': False, 'cap_1min': 634}.
[I 2026-07-13 14:59:09,411] Trial 763 pruned. 
[I 2026-07-13 14:59:10,547] Trial 764 pruned. 
[I 2026-07-13 14:59:12,031] Trial 765 pruned. 
