[I 2026-07-13 15:48:48,936] Trial 2788 finished with values: [-400.31202845192126, -2159.938442920932, 60.25] and parameters: {'sl_soft': 0.04963847535152836, 'sl_hard_delta': 0.06386467845975724, 'tp': 0.0455758906119309, 'gate_pct': 97.81683336946006, 'dd_limit': 8.747350770951359, 'cooldown': 8, 'flip': True, 'en_ema_trend': True, 'ema_trend_fast': 351, 'ema_trend_slow': 250, 'en_sma_trend': False, 'sma_trend_fast': 32, 'sma_trend_slow': 356, 'en_macd': True, 'macd_fast': 70, 'macd_slow': 133, 'macd_signal': 6, 'en_vwap': False, 'en_keltner': True, 'keltner_n': 139, 'keltner_m': 4.7, 'en_obv': False, 'obv_slope': 157, 'en_cci': False, 'cci_n': 6, 'cci_threshold': 295, 'en_rsi': False, 'rsi_n': 96, 'rsi_lower': 25, 'rsi_upper': 72, 'en_stochastic': True, 'stochastic_n': 97, 'stochastic_d': 6, 'stochastic_lower': 22, 'stochastic_upper': 66, 'en_mfi': False, 'mfi_n': 95, 'mfi_lower': 2, 'mfi_upper': 79, 'en_bollinger': True, 'bollinger_n': 122, 'bollinger_k': 3.1, 'en_adx': False, 'adx_n': 64, 'adx_threshold': 32, 'en_structure_trend': True, 'structure_trend_swing_l': 1, 'en_order_block': True, 'order_block_swing_l': 15, 'en_fvg': False, 'fvg_lookback': 40, 'en_ifvg': False, 'en_breaker': False, 'breaker_swing_l': 11, 'en_cisd': True, 'k': 3, 'en_cap_bars': False, 'cap_1min': 839}.
[I 2026-07-13 15:48:49,636] Trial 2789 finished with values: [179.5013337473784, -1077.2562132700969, 52.55] and parameters: {'sl_soft': 0.021042893494625382, 'sl_hard_delta': 0.08668272783238536, 'tp': 0.04939294172156869, 'gate_pct': 99.47218267450155, 'dd_limit': 0.23735305616742414, 'cooldown': 5, 'flip': True, 'en_ema_trend': False, 'ema_trend_fast': 84, 'ema_trend_slow': 14, 'en_sma_trend': False, 'sma_trend_fast': 148, 'sma_trend_slow': 141, 'en_macd': False, 'macd_fast': 32, 'macd_slow': 42, 'macd_signal': 27, 'en_vwap': True, 'en_keltner': True, 'keltner_n': 42, 'keltner_m': 2.0, 'en_obv': True, 'obv_slope': 2, 'en_cci': True, 'cci_n': 106, 'cci_threshold': 200, 'en_rsi': False, 'rsi_n': 68, 'rsi_lower': 15, 'rsi_upper': 73, 'en_stochastic': False, 'stochastic_n': 88, 'stochastic_d': 49, 'stochastic_lower': 14, 'stochastic_upper': 66, 'en_mfi': False, 'mfi_n': 62, 'mfi_lower': 30, 'mfi_upper': 79, 'en_bollinger': False, 'bollinger_n': 44, 'bollinger_k': 3.8000000000000003, 'en_adx': False, 'adx_n': 42, 'adx_threshold': 17, 'en_structure_trend': True, 'structure_trend_swing_l': 6, 'en_order_block': True, 'order_block_swing_l': 3, 'en_fvg': True, 'fvg_lookback': 9, 'en_ifvg': True, 'en_breaker': True, 'breaker_swing_l': 1, 'en_cisd': False, 'k': 1, 'en_cap_bars': True, 'cap_1min': 368}.
[I 2026-07-13 15:48:50,120] Trial 2790 pruned. 
[I 2026-07-13 15:48:53,796] Trial 2791 pruned. 
[I 2026-07-13 15:48:54,587] Trial 2792 pruned. 
[I 2026-07-13 15:48:55,276] Trial 2793 finished with values: [1043.8478024372348, -3041.071282282068, 72.45] and parameters: {'sl_soft': 0.052196885259142164, 'sl_hard_delta': 0.06087460308907818, 'tp': 0.04939294172156869, 'gate_pct': 98.93711402329589, 'dd_limit': 0.23735305616742414, 'cooldown': 8, 'flip': True, 'en_ema_trend': False, 'ema_trend_fast': 351, 'ema_trend_slow': 250, 'en_sma_trend': True, 'sma_trend_fast': 392, 'sma_trend_slow': 141, 'en_macd': False, 'macd_fast': 60, 'macd_slow': 18, 'macd_signal': 40, 'en_vwap': True, 'en_keltner': False, 'keltner_n': 139, 'keltner_m': 4.7, 'en_obv': True, 'obv_slope': 14, 'en_cci': True, 'cci_n': 106, 'cci_threshold': 300, 'en_rsi': False, 'rsi_n': 34, 'rsi_lower': 12, 'rsi_upper': 89, 'en_stochastic': False, 'stochastic_n': 77, 'stochastic_d': 6, 'stochastic_lower': 23, 'stochastic_upper': 61, 'en_mfi': True, 'mfi_n': 95, 'mfi_lower': 30, 'mfi_upper': 96, 'en_bollinger': True, 'bollinger_n': 122, 'bollinger_k': 3.1, 'en_adx': False, 'adx_n': 64, 'adx_threshold': 12, 'en_structure_trend': True, 'structure_trend_swing_l': 13, 'en_order_block': True, 'order_block_swing_l': 15, 'en_fvg': False, 'fvg_lookback': 50, 'en_ifvg': False, 'en_breaker': True, 'breaker_swing_l': 11, 'en_cisd': False, 'k': 3, 'en_cap_bars': False, 'cap_1min': 483}.
[I 2026-07-13 15:48:56,266] Trial 2794 pruned. 
[I 2026-07-13 15:49:01,086] Trial 2795 finished with values: [31.185606582528834, -1369.4170384820127, 66.7] and parameters: {'sl_soft': 0.06296004248070106, 'sl_hard_delta': 0.06087460308907818, 'tp': 0.04939294172156869, 'gate_pct': 98.93711402329589, 'dd_limit': 1.4726436036009025, 'cooldown': 8, 'flip': True, 'en_ema_trend': False, 'ema_trend_fast': 351, 'ema_trend_slow': 18, 'en_sma_trend': False, 'sma_trend_fast': 334, 'sma_trend_slow': 319, 'en_macd': True, 'macd_fast': 32, 'macd_slow': 42, 'macd_signal': 40, 'en_vwap': False, 'en_keltner': True, 'keltner_n': 32, 'keltner_m': 2.5, 'en_obv': True, 'obv_slope': 14, 'en_cci': True, 'cci_n': 144, 'cci_threshold': 155, 'en_rsi': False, 'rsi_n': 34, 'rsi_lower': 13, 'rsi_upper': 77, 'en_stochastic': False, 'stochastic_n': 87, 'stochastic_d': 23, 'stochastic_lower': 14, 'stochastic_upper': 71, 'en_mfi': True, 'mfi_n': 95, 'mfi_lower': 23, 'mfi_upper': 96, 'en_bollinger': True, 'bollinger_n': 44, 'bollinger_k': 0.8, 'en_adx': False, 'adx_n': 16, 'adx_threshold': 17, 'en_structure_trend': False, 'structure_trend_swing_l': 6, 'en_order_block': True, 'order_block_swing_l': 3, 'en_fvg': False, 'fvg_lookback': 9, 'en_ifvg': False, 'en_breaker': True, 'breaker_swing_l': 9, 'en_cisd': False, 'k': 3, 'en_cap_bars': True, 'cap_1min': 963}.
[I 2026-07-13 15:49:03,003] Trial 2796 finished with values: [-1324.5109907926885, -6066.666255369309, 59.400000000000006] and parameters: {'sl_soft': 0.04963847535152836, 'sl_hard_delta': 0.06284727374076424, 'tp': 0.04939294172156869, 'gate_pct': 99.3861717774851, 'dd_limit': 8.747350770951359, 'cooldown': 3, 'flip': True, 'en_ema_trend': False, 'ema_trend_fast': 351, 'ema_trend_slow': 5, 'en_sma_trend': False, 'sma_trend_fast': 105, 'sma_trend_slow': 356, 'en_macd': False, 'macd_fast': 28, 'macd_slow': 10, 'macd_signal': 38, 'en_vwap': False, 'en_keltner': False, 'keltner_n': 67, 'keltner_m': 0.5, 'en_obv': True, 'obv_slope': 69, 'en_cci': True, 'cci_n': 97, 'cci_threshold': 180, 'en_rsi': True, 'rsi_n': 96, 'rsi_lower': 24, 'rsi_upper': 64, 'en_stochastic': False, 'stochastic_n': 86, 'stochastic_d': 21, 'stochastic_lower': 15, 'stochastic_upper': 89, 'en_mfi': False, 'mfi_n': 9, 'mfi_lower': 40, 'mfi_upper': 78, 'en_bollinger': True, 'bollinger_n': 15, 'bollinger_k': 1.6, 'en_adx': False, 'adx_n': 22, 'adx_threshold': 10, 'en_structure_trend': False, 'structure_trend_swing_l': 1, 'en_order_block': False, 'order_block_swing_l': 16, 'en_fvg': False, 'fvg_lookback': 37, 'en_ifvg': True, 'en_breaker': False, 'breaker_swing_l': 3, 'en_cisd': True, 'k': 3, 'en_cap_bars': True, 'cap_1min': 1239}.
[I 2026-07-13 15:49:03,316] Trial 2797 finished with values: [-372.13039060757677, -2557.118440235371, 47.25] and parameters: {'sl_soft': 0.052196885259142164, 'sl_hard_delta': 0.08668272783238536, 'tp': 0.07673838374250289, 'gate_pct': 99.47218267450155, 'dd_limit': 0.23735305616742414, 'cooldown': 9, 'flip': False, 'en_ema_trend': False, 'ema_trend_fast': 192, 'ema_trend_slow': 290, 'en_sma_trend': True, 'sma_trend_fast': 8, 'sma_trend_slow': 116, 'en_macd': False, 'macd_fast': 5, 'macd_slow': 10, 'macd_signal': 36, 'en_vwap': True, 'en_keltner': False, 'keltner_n': 180, 'keltner_m': 2.0, 'en_obv': True, 'obv_slope': 2, 'en_cci': True, 'cci_n': 6, 'cci_threshold': 200, 'en_rsi': False, 'rsi_n': 22, 'rsi_lower': 3, 'rsi_upper': 98, 'en_stochastic': True, 'stochastic_n': 45, 'stochastic_d': 29, 'stochastic_lower': 23, 'stochastic_upper': 84, 'en_mfi': False, 'mfi_n': 38, 'mfi_lower': 5, 'mfi_upper': 52, 'en_bollinger': False, 'bollinger_n': 149, 'bollinger_k': 1.1, 'en_adx': False, 'adx_n': 42, 'adx_threshold': 20, 'en_structure_trend': True, 'structure_trend_swing_l': 4, 'en_order_block': True, 'order_block_swing_l': 16, 'en_fvg': False, 'fvg_lookback': 2, 'en_ifvg': True, 'en_breaker': False, 'breaker_swing_l': 3, 'en_cisd': True, 'k': 1, 'en_cap_bars': True, 'cap_1min': 483}.
[I 2026-07-13 15:49:03,876] Trial 2798 finished with values: [-1064.962196271999, -4135.458591055112, 41.9] and parameters: {'sl_soft': 0.04801430167858588, 'sl_hard_delta': 0.0737256970400244, 'tp': 0.11008827281925926, 'gate_pct': 99.52194572971088, 'dd_limit': 5.851157727915591, 'cooldown': 10, 'flip': False, 'en_ema_trend': False, 'ema_trend_fast': 323, 'ema_trend_slow': 150, 'en_sma_trend': True, 'sma_trend_fast': 323, 'sma_trend_slow': 16, 'en_macd': True, 'macd_fast': 26, 'macd_slow': 41, 'macd_signal': 47, 'en_vwap': True, 'en_keltner': False, 'keltner_n': 72, 'keltner_m': 0.5, 'en_obv': False, 'obv_slope': 25, 'en_cci': False, 'cci_n': 7, 'cci_threshold': 145, 'en_rsi': True, 'rsi_n': 82, 'rsi_lower': 27, 'rsi_upper': 92, 'en_stochastic': False, 'stochastic_n': 55, 'stochastic_d': 2, 'stochastic_lower': 1, 'stochastic_upper': 83, 'en_mfi': False, 'mfi_n': 84, 'mfi_lower': 35, 'mfi_upper': 69, 'en_bollinger': False, 'bollinger_n': 126, 'bollinger_k': 1.4, 'en_adx': False, 'adx_n': 44, 'adx_threshold': 17, 'en_structure_trend': False, 'structure_trend_swing_l': 3, 'en_order_block': True, 'order_block_swing_l': 11, 'en_fvg': False, 'fvg_lookback': 8, 'en_ifvg': True, 'en_breaker': False, 'breaker_swing_l': 15, 'en_cisd': True, 'k': 1, 'en_cap_bars': True, 'cap_1min': 753}.
[I 2026-07-13 15:49:04,505] Trial 2799 finished with values: [77.76899153915565, -2742.8862538474873, 54.05] and parameters: {'sl_soft': 0.052196885259142164, 'sl_hard_delta': 0.08668272783238536, 'tp': 0.08485800408712069, 'gate_pct': 99.47218267450155, 'dd_limit': 0.23735305616742414, 'cooldown': 14, 'flip': False, 'en_ema_trend': False, 'ema_trend_fast': 84, 'ema_trend_slow': 250, 'en_sma_trend': True, 'sma_trend_fast': 375, 'sma_trend_slow': 141, 'en_macd': False, 'macd_fast': 5, 'macd_slow': 18, 'macd_signal': 27, 'en_vwap': True, 'en_keltner': False, 'keltner_n': 39, 'keltner_m': 2.0, 'en_obv': True, 'obv_slope': 2, 'en_cci': True, 'cci_n': 6, 'cci_threshold': 200, 'en_rsi': False, 'rsi_n': 68, 'rsi_lower': 15, 'rsi_upper': 98, 'en_stochastic': False, 'stochastic_n': 77, 'stochastic_d': 38, 'stochastic_lower': 23, 'stochastic_upper': 66, 'en_mfi': False, 'mfi_n': 13, 'mfi_lower': 5, 'mfi_upper': 79, 'en_bollinger': True, 'bollinger_n': 149, 'bollinger_k': 3.8000000000000003, 'en_adx': False, 'adx_n': 42, 'adx_threshold': 20, 'en_structure_trend': True, 'structure_trend_swing_l': 1, 'en_order_block': False, 'order_block_swing_l': 16, 'en_fvg': False, 'fvg_lookback': 2, 'en_ifvg': True, 'en_breaker': True, 'breaker_swing_l': 3, 'en_cisd': False, 'k': 1, 'en_cap_bars': True, 'cap_1min': 483}.
[I 2026-07-13 15:49:06,307] Trial 2800 pruned. 
[I 2026-07-13 15:49:08,618] Trial 2801 finished with values: [-917.9676870806467, -14912.068695006863, 41.849999999999994] and parameters: {'sl_soft': 0.04801430167858588, 'sl_hard_delta': 0.06382907164527017, 'tp': 0.11008827281925926, 'gate_pct': 91.11428864458729, 'dd_limit': 5.851157727915591, 'cooldown': 0, 'flip': True, 'en_ema_trend': True, 'ema_trend_fast': 330, 'ema_trend_slow': 150, 'en_sma_trend': False, 'sma_trend_fast': 137, 'sma_trend_slow': 16, 'en_macd': True, 'macd_fast': 26, 'macd_slow': 41, 'macd_signal': 24, 'en_vwap': False, 'en_keltner': False, 'keltner_n': 72, 'keltner_m': 0.5, 'en_obv': False, 'obv_slope': 25, 'en_cci': False, 'cci_n': 10, 'cci_threshold': 145, 'en_rsi': False, 'rsi_n': 24, 'rsi_lower': 4, 'rsi_upper': 92, 'en_stochastic': False, 'stochastic_n': 71, 'stochastic_d': 4, 'stochastic_lower': 25, 'stochastic_upper': 91, 'en_mfi': False, 'mfi_n': 29, 'mfi_lower': 8, 'mfi_upper': 55, 'en_bollinger': False, 'bollinger_n': 56, 'bollinger_k': 4.8, 'en_adx': False, 'adx_n': 44, 'adx_threshold': 50, 'en_structure_trend': False, 'structure_trend_swing_l': 3, 'en_order_block': False, 'order_block_swing_l': 8, 'en_fvg': False, 'fvg_lookback': 8, 'en_ifvg': True, 'en_breaker': True, 'breaker_swing_l': 15, 'en_cisd': True, 'k': 2, 'en_cap_bars': False, 'cap_1min': 753}.
[I 2026-07-13 15:49:16,276] Trial 2802 finished with values: [518.2626455116867, -2269.059403801954, 75.0] and parameters: {'sl_soft': 0.06296004248070106, 'sl_hard_delta': 0.03174292770939944, 'tp': 0.04121537520691777, 'gate_pct': 97.66167568722003, 'dd_limit': 9.066216783758431, 'cooldown': 8, 'flip': False, 'en_ema_trend': True, 'ema_trend_fast': 206, 'ema_trend_slow': 367, 'en_sma_trend': False, 'sma_trend_fast': 372, 'sma_trend_slow': 12, 'en_macd': True, 'macd_fast': 60, 'macd_slow': 18, 'macd_signal': 98, 'en_vwap': False, 'en_keltner': True, 'keltner_n': 61, 'keltner_m': 5.0, 'en_obv': True, 'obv_slope': 63, 'en_cci': True, 'cci_n': 6, 'cci_threshold': 295, 'en_rsi': False, 'rsi_n': 34, 'rsi_lower': 25, 'rsi_upper': 77, 'en_stochastic': True, 'stochastic_n': 24, 'stochastic_d': 3, 'stochastic_lower': 42, 'stochastic_upper': 91, 'en_mfi': True, 'mfi_n': 72, 'mfi_lower': 8, 'mfi_upper': 76, 'en_bollinger': True, 'bollinger_n': 56, 'bollinger_k': 3.1, 'en_adx': False, 'adx_n': 36, 'adx_threshold': 50, 'en_structure_trend': True, 'structure_trend_swing_l': 13, 'en_order_block': True, 'order_block_swing_l': 12, 'en_fvg': False, 'fvg_lookback': 35, 'en_ifvg': True, 'en_breaker': False, 'breaker_swing_l': 9, 'en_cisd': False, 'k': 1, 'en_cap_bars': True, 'cap_1min': 963}.
[I 2026-07-13 15:49:19,121] Trial 2803 finished with values: [769.0197816945599, -6296.113693407899, 56.7] and parameters: {'sl_soft': 0.05357069456355894, 'sl_hard_delta': 0.06382907164527017, 'tp': 0.07393035676685698, 'gate_pct': 96.38141772653853, 'dd_limit': 9.740009427199718, 'cooldown': 0, 'flip': True, 'en_ema_trend': True, 'ema_trend_fast': 279, 'ema_trend_slow': 18, 'en_sma_trend': False, 'sma_trend_fast': 334, 'sma_trend_slow': 324, 'en_macd': False, 'macd_fast': 93, 'macd_slow': 18, 'macd_signal': 24, 'en_vwap': True, 'en_keltner': True, 'keltner_n': 66, 'keltner_m': 2.8000000000000003, 'en_obv': False, 'obv_slope': 135, 'en_cci': True, 'cci_n': 187, 'cci_threshold': 125, 'en_rsi': False, 'rsi_n': 24, 'rsi_lower': 4, 'rsi_upper': 93, 'en_stochastic': False, 'stochastic_n': 97, 'stochastic_d': 4, 'stochastic_lower': 28, 'stochastic_upper': 72, 'en_mfi': True, 'mfi_n': 29, 'mfi_lower': 8, 'mfi_upper': 86, 'en_bollinger': False, 'bollinger_n': 7, 'bollinger_k': 1.0, 'en_adx': False, 'adx_n': 28, 'adx_threshold': 50, 'en_structure_trend': True, 'structure_trend_swing_l': 13, 'en_order_block': False, 'order_block_swing_l': 20, 'en_fvg': True, 'fvg_lookback': 11, 'en_ifvg': True, 'en_breaker': False, 'breaker_swing_l': 1, 'en_cisd': True, 'k': 2, 'en_cap_bars': True, 'cap_1min': 374}.
[I 2026-07-13 15:49:21,204] Trial 2804 pruned. 
[I 2026-07-13 15:49:31,110] Trial 2805 finished with values: [768.4882748139187, -2303.035291392099, 66.95] and parameters: {'sl_soft': 0.06296004248070106, 'sl_hard_delta': 0.06087460308907818, 'tp': 0.04939294172156869, 'gate_pct': 95.82664355457476, 'dd_limit': 4.273175383953869, 'cooldown': 9, 'flip': True, 'en_ema_trend': True, 'ema_trend_fast': 192, 'ema_trend_slow': 367, 'en_sma_trend': False, 'sma_trend_fast': 392, 'sma_trend_slow': 319, 'en_macd': True, 'macd_fast': 60, 'macd_slow': 10, 'macd_signal': 40, 'en_vwap': False, 'en_keltner': True, 'keltner_n': 180, 'keltner_m': 2.5, 'en_obv': True, 'obv_slope': 24, 'en_cci': False, 'cci_n': 92, 'cci_threshold': 200, 'en_rsi': False, 'rsi_n': 22, 'rsi_lower': 12, 'rsi_upper': 77, 'en_stochastic': True, 'stochastic_n': 45, 'stochastic_d': 46, 'stochastic_lower': 7, 'stochastic_upper': 84, 'en_mfi': False, 'mfi_n': 38, 'mfi_lower': 6, 'mfi_upper': 52, 'en_bollinger': False, 'bollinger_n': 63, 'bollinger_k': 3.1, 'en_adx': False, 'adx_n': 22, 'adx_threshold': 12, 'en_structure_trend': False, 'structure_trend_swing_l': 13, 'en_order_block': True, 'order_block_swing_l': 3, 'en_fvg': False, 'fvg_lookback': 11, 'en_ifvg': False, 'en_breaker': True, 'breaker_swing_l': 5, 'en_cisd': False, 'k': 3, 'en_cap_bars': True, 'cap_1min': 908}.
[I 2026-07-13 15:49:31,327] Trial 2806 pruned. 
[I 2026-07-13 15:49:33,049] Trial 2807 pruned. 
[I 2026-07-13 15:49:33,912] Trial 2808 pruned. 
[I 2026-07-13 15:49:35,003] Trial 2809 finished with values: [-187.83007764413992, -2189.67468435558, 64.3] and parameters: {'sl_soft': 0.04963847535152836, 'sl_hard_delta': 0.06087460308907818, 'tp': 0.04939294172156869, 'gate_pct': 98.93711402329589, 'dd_limit': 1.4726436036009025, 'cooldown': 8, 'flip': True, 'en_ema_trend': False, 'ema_trend_fast': 351, 'ema_trend_slow': 367, 'en_sma_trend': False, 'sma_trend_fast': 392, 'sma_trend_slow': 319, 'en_macd': True, 'macd_fast': 60, 'macd_slow': 133, 'macd_signal': 40, 'en_vwap': False, 'en_keltner': False, 'keltner_n': 139, 'keltner_m': 0.5, 'en_obv': True, 'obv_slope': 13, 'en_cci': False, 'cci_n': 106, 'cci_threshold': 155, 'en_rsi': False, 'rsi_n': 96, 'rsi_lower': 12, 'rsi_upper': 77, 'en_stochastic': False, 'stochastic_n': 97, 'stochastic_d': 46, 'stochastic_lower': 7, 'stochastic_upper': 61, 'en_mfi': True, 'mfi_n': 95, 'mfi_lower': 30, 'mfi_upper': 79, 'en_bollinger': True, 'bollinger_n': 128, 'bollinger_k': 3.1, 'en_adx': False, 'adx_n': 16, 'adx_threshold': 12, 'en_structure_trend': True, 'structure_trend_swing_l': 1, 'en_order_block': True, 'order_block_swing_l': 3, 'en_fvg': False, 'fvg_lookback': 11, 'en_ifvg': True, 'en_breaker': False, 'breaker_swing_l': 9, 'en_cisd': False, 'k': 3, 'en_cap_bars': False, 'cap_1min': 963}.
[I 2026-07-13 15:49:36,939] Trial 2810 pruned. 
[I 2026-07-13 15:49:42,946] Trial 2811 finished with values: [-290.26096344065166, -2495.5972904783157, 51.45] and parameters: {'sl_soft': 0.052196885259142164, 'sl_hard_delta': 0.05758297926477322, 'tp': 0.0455758906119309, 'gate_pct': 99.47218267450155, 'dd_limit': 1.4726436036009025, 'cooldown': 8, 'flip': False, 'en_ema_trend': True, 'ema_trend_fast': 84, 'ema_trend_slow': 250, 'en_sma_trend': True, 'sma_trend_fast': 353, 'sma_trend_slow': 319, 'en_macd': True, 'macd_fast': 60, 'macd_slow': 42, 'macd_signal': 45, 'en_vwap': True, 'en_keltner': False, 'keltner_n': 139, 'keltner_m': 4.7, 'en_obv': True, 'obv_slope': 53, 'en_cci': False, 'cci_n': 6, 'cci_threshold': 300, 'en_rsi': False, 'rsi_n': 34, 'rsi_lower': 4, 'rsi_upper': 89, 'en_stochastic': True, 'stochastic_n': 97, 'stochastic_d': 46, 'stochastic_lower': 23, 'stochastic_upper': 61, 'en_mfi': False, 'mfi_n': 95, 'mfi_lower': 2, 'mfi_upper': 96, 'en_bollinger': True, 'bollinger_n': 44, 'bollinger_k': 3.1, 'en_adx': False, 'adx_n': 64, 'adx_threshold': 12, 'en_structure_trend': True, 'structure_trend_swing_l': 13, 'en_order_block': False, 'order_block_swing_l': 3, 'en_fvg': False, 'fvg_lookback': 11, 'en_ifvg': True, 'en_breaker': False, 'breaker_swing_l': 9, 'en_cisd': False, 'k': 3, 'en_cap_bars': False, 'cap_1min': 483}.
[I 2026-07-13 15:49:43,235] Trial 2812 finished with values: [256.6357333389035, -1876.5709651350448, 69.85] and parameters: {'sl_soft': 0.04367296915498503, 'sl_hard_delta': 0.07295178621187196, 'tp': 0.036829940543900624, 'gate_pct': 99.57581637257637, 'dd_limit': 5.328714371677049, 'cooldown': 3, 'flip': False, 'en_ema_trend': True, 'ema_trend_fast': 301, 'ema_trend_slow': 395, 'en_sma_trend': False, 'sma_trend_fast': 165, 'sma_trend_slow': 154, 'en_macd': False, 'macd_fast': 89, 'macd_slow': 107, 'macd_signal': 67, 'en_vwap': False, 'en_keltner': True, 'keltner_n': 76, 'keltner_m': 4.5, 'en_obv': True, 'obv_slope': 173, 'en_cci': False, 'cci_n': 120, 'cci_threshold': 45, 'en_rsi': False, 'rsi_n': 33, 'rsi_lower': 20, 'rsi_upper': 63, 'en_stochastic': True, 'stochastic_n': 90, 'stochastic_d': 13, 'stochastic_lower': 21, 'stochastic_upper': 82, 'en_mfi': False, 'mfi_n': 56, 'mfi_lower': 13, 'mfi_upper': 72, 'en_bollinger': True, 'bollinger_n': 100, 'bollinger_k': 4.5, 'en_adx': True, 'adx_n': 68, 'adx_threshold': 10, 'en_structure_trend': False, 'structure_trend_swing_l': 2, 'en_order_block': False, 'order_block_swing_l': 5, 'en_fvg': True, 'fvg_lookback': 33, 'en_ifvg': True, 'en_breaker': False, 'breaker_swing_l': 11, 'en_cisd': False, 'k': 4, 'en_cap_bars': True, 'cap_1min': 1317}.
[I 2026-07-13 15:49:44,062] Trial 2813 pruned. 
[I 2026-07-13 15:49:44,805] Trial 2814 finished with values: [-270.7748258769627, -4701.269163418829, 58.2] and parameters: {'sl_soft': 0.04963847535152836, 'sl_hard_delta': 0.027238725907773563, 'tp': 0.04939294172156869, 'gate_pct': 98.93711402329589, 'dd_limit': 8.747350770951359, 'cooldown': 8, 'flip': True, 'en_ema_trend': True, 'ema_trend_fast': 93, 'ema_trend_slow': 176, 'en_sma_trend': False, 'sma_trend_fast': 392, 'sma_trend_slow': 356, 'en_macd': True, 'macd_fast': 60, 'macd_slow': 133, 'macd_signal': 40, 'en_vwap': True, 'en_keltner': False, 'keltner_n': 22, 'keltner_m': 0.5, 'en_obv': True, 'obv_slope': 69, 'en_cci': False, 'cci_n': 112, 'cci_threshold': 155, 'en_rsi': False, 'rsi_n': 78, 'rsi_lower': 12, 'rsi_upper': 77, 'en_stochastic': False, 'stochastic_n': 45, 'stochastic_d': 43, 'stochastic_lower': 38, 'stochastic_upper': 61, 'en_mfi': False, 'mfi_n': 95, 'mfi_lower': 46, 'mfi_upper': 79, 'en_bollinger': False, 'bollinger_n': 189, 'bollinger_k': 1.1, 'en_adx': False, 'adx_n': 48, 'adx_threshold': 10, 'en_structure_trend': True, 'structure_trend_swing_l': 2, 'en_order_block': True, 'order_block_swing_l': 4, 'en_fvg': True, 'fvg_lookback': 40, 'en_ifvg': False, 'en_breaker': False, 'breaker_swing_l': 9, 'en_cisd': True, 'k': 2, 'en_cap_bars': True, 'cap_1min': 1239}.
