[I 2026-07-13 16:03:27,519] Trial 3474 finished with values: [404.4529691137733, -3831.9428230440876, 40.0] and parameters: {'sl_soft': 0.035486083657367995, 'sl_hard_delta': 0.10879162926439315, 'tp': 0.17919529691137454, 'gate_pct': 99.12973389262724, 'dd_limit': 2.4528084273798805, 'cooldown': 2, 'flip': True, 'en_ema_trend': False, 'ema_trend_fast': 270, 'ema_trend_slow': 260, 'en_sma_trend': False, 'sma_trend_fast': 198, 'sma_trend_slow': 319, 'en_macd': False, 'macd_fast': 2, 'macd_slow': 3, 'macd_signal': 73, 'en_vwap': False, 'en_keltner': False, 'keltner_n': 173, 'keltner_m': 4.5, 'en_obv': False, 'obv_slope': 146, 'en_cci': True, 'cci_n': 134, 'cci_threshold': 140, 'en_rsi': False, 'rsi_n': 60, 'rsi_lower': 31, 'rsi_upper': 58, 'en_stochastic': True, 'stochastic_n': 82, 'stochastic_d': 6, 'stochastic_lower': 8, 'stochastic_upper': 91, 'en_mfi': False, 'mfi_n': 76, 'mfi_lower': 27, 'mfi_upper': 53, 'en_bollinger': True, 'bollinger_n': 83, 'bollinger_k': 0.9, 'en_adx': False, 'adx_n': 22, 'adx_threshold': 25, 'en_structure_trend': False, 'structure_trend_swing_l': 20, 'en_order_block': True, 'order_block_swing_l': 10, 'en_fvg': False, 'fvg_lookback': 9, 'en_ifvg': False, 'en_breaker': True, 'breaker_swing_l': 20, 'en_cisd': True, 'k': 2, 'en_cap_bars': False, 'cap_1min': 1353}.
[I 2026-07-13 16:03:29,738] Trial 3475 finished with values: [2496.7202066469886, -8534.03769836242, 50.6] and parameters: {'sl_soft': 0.07922784441362493, 'sl_hard_delta': 0.16209355299609657, 'tp': 0.11965293792891196, 'gate_pct': 93.79805140335328, 'dd_limit': 5.319419455229414, 'cooldown': 1, 'flip': True, 'en_ema_trend': True, 'ema_trend_fast': 77, 'ema_trend_slow': 214, 'en_sma_trend': True, 'sma_trend_fast': 108, 'sma_trend_slow': 325, 'en_macd': True, 'macd_fast': 75, 'macd_slow': 132, 'macd_signal': 98, 'en_vwap': True, 'en_keltner': False, 'keltner_n': 79, 'keltner_m': 0.7, 'en_obv': True, 'obv_slope': 198, 'en_cci': False, 'cci_n': 55, 'cci_threshold': 135, 'en_rsi': True, 'rsi_n': 73, 'rsi_lower': 15, 'rsi_upper': 75, 'en_stochastic': False, 'stochastic_n': 6, 'stochastic_d': 49, 'stochastic_lower': 21, 'stochastic_upper': 80, 'en_mfi': True, 'mfi_n': 72, 'mfi_lower': 16, 'mfi_upper': 51, 'en_bollinger': False, 'bollinger_n': 31, 'bollinger_k': 0.7, 'en_adx': False, 'adx_n': 11, 'adx_threshold': 27, 'en_structure_trend': False, 'structure_trend_swing_l': 6, 'en_order_block': False, 'order_block_swing_l': 13, 'en_fvg': True, 'fvg_lookback': 24, 'en_ifvg': False, 'en_breaker': False, 'breaker_swing_l': 13, 'en_cisd': True, 'k': 4, 'en_cap_bars': False, 'cap_1min': 693}.
[I 2026-07-13 16:03:33,159] Trial 3476 finished with values: [-232.8465540050039, -9590.99306877732, 61.3] and parameters: {'sl_soft': 0.08426256158971988, 'sl_hard_delta': 0.03015108663934192, 'tp': 0.07601884556321419, 'gate_pct': 97.00844078669539, 'dd_limit': 7.364744278329123, 'cooldown': 1, 'flip': False, 'en_ema_trend': True, 'ema_trend_fast': 23, 'ema_trend_slow': 133, 'en_sma_trend': False, 'sma_trend_fast': 331, 'sma_trend_slow': 154, 'en_macd': True, 'macd_fast': 89, 'macd_slow': 88, 'macd_signal': 67, 'en_vwap': False, 'en_keltner': True, 'keltner_n': 76, 'keltner_m': 0.8, 'en_obv': False, 'obv_slope': 173, 'en_cci': False, 'cci_n': 120, 'cci_threshold': 50, 'en_rsi': False, 'rsi_n': 96, 'rsi_lower': 20, 'rsi_upper': 78, 'en_stochastic': False, 'stochastic_n': 90, 'stochastic_d': 13, 'stochastic_lower': 21, 'stochastic_upper': 94, 'en_mfi': False, 'mfi_n': 56, 'mfi_lower': 47, 'mfi_upper': 69, 'en_bollinger': True, 'bollinger_n': 100, 'bollinger_k': 4.5, 'en_adx': True, 'adx_n': 48, 'adx_threshold': 10, 'en_structure_trend': False, 'structure_trend_swing_l': 1, 'en_order_block': False, 'order_block_swing_l': 5, 'en_fvg': True, 'fvg_lookback': 40, 'en_ifvg': True, 'en_breaker': False, 'breaker_swing_l': 11, 'en_cisd': True, 'k': 4, 'en_cap_bars': False, 'cap_1min': 1317}.
[I 2026-07-13 16:03:34,095] Trial 3477 finished with values: [2085.8742827395104, -4602.055582361934, 48.45] and parameters: {'sl_soft': 0.07922784441362493, 'sl_hard_delta': 0.17424252774383417, 'tp': 0.18978054300184755, 'gate_pct': 99.86430067299344, 'dd_limit': 2.4528084273798805, 'cooldown': 5, 'flip': True, 'en_ema_trend': False, 'ema_trend_fast': 195, 'ema_trend_slow': 294, 'en_sma_trend': False, 'sma_trend_fast': 198, 'sma_trend_slow': 325, 'en_macd': False, 'macd_fast': 64, 'macd_slow': 3, 'macd_signal': 3, 'en_vwap': True, 'en_keltner': True, 'keltner_n': 135, 'keltner_m': 2.1, 'en_obv': True, 'obv_slope': 129, 'en_cci': True, 'cci_n': 134, 'cci_threshold': 145, 'en_rsi': True, 'rsi_n': 7, 'rsi_lower': 9, 'rsi_upper': 58, 'en_stochastic': False, 'stochastic_n': 45, 'stochastic_d': 43, 'stochastic_lower': 4, 'stochastic_upper': 86, 'en_mfi': True, 'mfi_n': 19, 'mfi_lower': 11, 'mfi_upper': 70, 'en_bollinger': False, 'bollinger_n': 103, 'bollinger_k': 4.2, 'en_adx': False, 'adx_n': 22, 'adx_threshold': 49, 'en_structure_trend': False, 'structure_trend_swing_l': 7, 'en_order_block': True, 'order_block_swing_l': 4, 'en_fvg': False, 'fvg_lookback': 32, 'en_ifvg': False, 'en_breaker': True, 'breaker_swing_l': 14, 'en_cisd': True, 'k': 3, 'en_cap_bars': True, 'cap_1min': 878}.
[I 2026-07-13 16:03:35,915] Trial 3478 pruned. 
[I 2026-07-13 16:03:36,689] Trial 3479 pruned. 
[I 2026-07-13 16:03:38,931] Trial 3480 pruned. 
[I 2026-07-13 16:03:44,373] Trial 3481 finished with values: [-2976.8091966667857, -8024.68981150625, 37.45] and parameters: {'sl_soft': 0.07922784441362493, 'sl_hard_delta': 0.12303958310023494, 'tp': 0.16937546754390323, 'gate_pct': 93.79805140335328, 'dd_limit': 0.5242871576912017, 'cooldown': 2, 'flip': True, 'en_ema_trend': False, 'ema_trend_fast': 342, 'ema_trend_slow': 75, 'en_sma_trend': False, 'sma_trend_fast': 289, 'sma_trend_slow': 319, 'en_macd': False, 'macd_fast': 10, 'macd_slow': 3, 'macd_signal': 61, 'en_vwap': True, 'en_keltner': False, 'keltner_n': 135, 'keltner_m': 2.1, 'en_obv': True, 'obv_slope': 129, 'en_cci': True, 'cci_n': 134, 'cci_threshold': 265, 'en_rsi': True, 'rsi_n': 73, 'rsi_lower': 31, 'rsi_upper': 58, 'en_stochastic': True, 'stochastic_n': 6, 'stochastic_d': 17, 'stochastic_lower': 4, 'stochastic_upper': 80, 'en_mfi': True, 'mfi_n': 72, 'mfi_lower': 23, 'mfi_upper': 70, 'en_bollinger': False, 'bollinger_n': 169, 'bollinger_k': 0.7, 'en_adx': False, 'adx_n': 98, 'adx_threshold': 47, 'en_structure_trend': False, 'structure_trend_swing_l': 12, 'en_order_block': False, 'order_block_swing_l': 19, 'en_fvg': False, 'fvg_lookback': 19, 'en_ifvg': False, 'en_breaker': False, 'breaker_swing_l': 18, 'en_cisd': True, 'k': 4, 'en_cap_bars': True, 'cap_1min': 693}.
[I 2026-07-13 16:03:45,413] Trial 3482 finished with values: [1131.755497142599, -4339.982118287012, 42.0] and parameters: {'sl_soft': 0.02543330775735223, 'sl_hard_delta': 0.16805834987911447, 'tp': 0.14111546613123968, 'gate_pct': 99.60506126830711, 'dd_limit': 5.319419455229414, 'cooldown': 0, 'flip': True, 'en_ema_trend': True, 'ema_trend_fast': 79, 'ema_trend_slow': 294, 'en_sma_trend': True, 'sma_trend_fast': 131, 'sma_trend_slow': 117, 'en_macd': True, 'macd_fast': 18, 'macd_slow': 72, 'macd_signal': 45, 'en_vwap': False, 'en_keltner': False, 'keltner_n': 79, 'keltner_m': 2.8000000000000003, 'en_obv': True, 'obv_slope': 198, 'en_cci': True, 'cci_n': 55, 'cci_threshold': 280, 'en_rsi': True, 'rsi_n': 7, 'rsi_lower': 9, 'rsi_upper': 73, 'en_stochastic': False, 'stochastic_n': 77, 'stochastic_d': 28, 'stochastic_lower': 18, 'stochastic_upper': 81, 'en_mfi': True, 'mfi_n': 97, 'mfi_lower': 27, 'mfi_upper': 51, 'en_bollinger': True, 'bollinger_n': 103, 'bollinger_k': 1.8, 'en_adx': False, 'adx_n': 50, 'adx_threshold': 24, 'en_structure_trend': False, 'structure_trend_swing_l': 17, 'en_order_block': False, 'order_block_swing_l': 20, 'en_fvg': True, 'fvg_lookback': 40, 'en_ifvg': False, 'en_breaker': True, 'breaker_swing_l': 14, 'en_cisd': False, 'k': 2, 'en_cap_bars': True, 'cap_1min': 428}.
[I 2026-07-13 16:03:46,436] Trial 3483 finished with values: [745.469355419317, -1408.7753841582185, 60.4] and parameters: {'sl_soft': 0.02949052716025995, 'sl_hard_delta': 0.10879162926439315, 'tp': 0.04490461800882547, 'gate_pct': 97.66578486655469, 'dd_limit': 2.4528084273798805, 'cooldown': 2, 'flip': True, 'en_ema_trend': False, 'ema_trend_fast': 270, 'ema_trend_slow': 397, 'en_sma_trend': False, 'sma_trend_fast': 198, 'sma_trend_slow': 319, 'en_macd': False, 'macd_fast': 10, 'macd_slow': 3, 'macd_signal': 61, 'en_vwap': False, 'en_keltner': False, 'keltner_n': 135, 'keltner_m': 2.1, 'en_obv': True, 'obv_slope': 129, 'en_cci': True, 'cci_n': 134, 'cci_threshold': 140, 'en_rsi': False, 'rsi_n': 95, 'rsi_lower': 31, 'rsi_upper': 58, 'en_stochastic': False, 'stochastic_n': 82, 'stochastic_d': 17, 'stochastic_lower': 4, 'stochastic_upper': 87, 'en_mfi': False, 'mfi_n': 27, 'mfi_lower': 11, 'mfi_upper': 70, 'en_bollinger': True, 'bollinger_n': 169, 'bollinger_k': 0.9, 'en_adx': False, 'adx_n': 22, 'adx_threshold': 47, 'en_structure_trend': False, 'structure_trend_swing_l': 20, 'en_order_block': False, 'order_block_swing_l': 10, 'en_fvg': True, 'fvg_lookback': 19, 'en_ifvg': False, 'en_breaker': False, 'breaker_swing_l': 19, 'en_cisd': True, 'k': 2, 'en_cap_bars': True, 'cap_1min': 878}.
[I 2026-07-13 16:03:47,289] Trial 3484 pruned. 
[I 2026-07-13 16:03:48,098] Trial 3485 pruned. 
[I 2026-07-13 16:03:48,596] Trial 3486 finished with values: [160.3539051986402, -1025.000000000027, 71.4] and parameters: {'sl_soft': 0.08345559528832464, 'sl_hard_delta': 0.10879162926439315, 'tp': 0.04490461800882547, 'gate_pct': 99.12973389262724, 'dd_limit': 2.4528084273798805, 'cooldown': 2, 'flip': True, 'en_ema_trend': False, 'ema_trend_fast': 270, 'ema_trend_slow': 391, 'en_sma_trend': False, 'sma_trend_fast': 198, 'sma_trend_slow': 319, 'en_macd': False, 'macd_fast': 57, 'macd_slow': 3, 'macd_signal': 73, 'en_vwap': False, 'en_keltner': False, 'keltner_n': 173, 'keltner_m': 4.5, 'en_obv': False, 'obv_slope': 129, 'en_cci': True, 'cci_n': 134, 'cci_threshold': 140, 'en_rsi': False, 'rsi_n': 60, 'rsi_lower': 31, 'rsi_upper': 58, 'en_stochastic': True, 'stochastic_n': 82, 'stochastic_d': 6, 'stochastic_lower': 37, 'stochastic_upper': 75, 'en_mfi': False, 'mfi_n': 27, 'mfi_lower': 38, 'mfi_upper': 53, 'en_bollinger': True, 'bollinger_n': 83, 'bollinger_k': 0.9, 'en_adx': False, 'adx_n': 22, 'adx_threshold': 25, 'en_structure_trend': False, 'structure_trend_swing_l': 20, 'en_order_block': True, 'order_block_swing_l': 10, 'en_fvg': False, 'fvg_lookback': 9, 'en_ifvg': False, 'en_breaker': False, 'breaker_swing_l': 19, 'en_cisd': True, 'k': 2, 'en_cap_bars': False, 'cap_1min': 1353}.
[I 2026-07-13 16:03:57,017] Trial 3487 finished with values: [-3261.6660934381866, -12190.413883772102, 35.15] and parameters: {'sl_soft': 0.06439762276669186, 'sl_hard_delta': 0.16209355299609657, 'tp': 0.1436367493169176, 'gate_pct': 99.60506126830711, 'dd_limit': 8.683310596224244, 'cooldown': 0, 'flip': False, 'en_ema_trend': True, 'ema_trend_fast': 386, 'ema_trend_slow': 284, 'en_sma_trend': True, 'sma_trend_fast': 108, 'sma_trend_slow': 336, 'en_macd': True, 'macd_fast': 19, 'macd_slow': 63, 'macd_signal': 61, 'en_vwap': False, 'en_keltner': True, 'keltner_n': 56, 'keltner_m': 2.1, 'en_obv': True, 'obv_slope': 51, 'en_cci': True, 'cci_n': 118, 'cci_threshold': 145, 'en_rsi': False, 'rsi_n': 95, 'rsi_lower': 31, 'rsi_upper': 58, 'en_stochastic': True, 'stochastic_n': 87, 'stochastic_d': 49, 'stochastic_lower': 15, 'stochastic_upper': 81, 'en_mfi': False, 'mfi_n': 14, 'mfi_lower': 11, 'mfi_upper': 93, 'en_bollinger': False, 'bollinger_n': 2, 'bollinger_k': 3.8000000000000003, 'en_adx': False, 'adx_n': 11, 'adx_threshold': 29, 'en_structure_trend': False, 'structure_trend_swing_l': 12, 'en_order_block': False, 'order_block_swing_l': 5, 'en_fvg': True, 'fvg_lookback': 19, 'en_ifvg': True, 'en_breaker': False, 'breaker_swing_l': 8, 'en_cisd': False, 'k': 4, 'en_cap_bars': False, 'cap_1min': 542}.
[I 2026-07-13 16:04:00,224] Trial 3488 finished with values: [723.4333311506091, -7949.099409888518, 35.5] and parameters: {'sl_soft': 0.035486083657367995, 'sl_hard_delta': 0.16209355299609657, 'tp': 0.17919529691137454, 'gate_pct': 96.54380504120698, 'dd_limit': 0.5242871576912017, 'cooldown': 0, 'flip': True, 'en_ema_trend': False, 'ema_trend_fast': 77, 'ema_trend_slow': 260, 'en_sma_trend': False, 'sma_trend_fast': 108, 'sma_trend_slow': 117, 'en_macd': True, 'macd_fast': 10, 'macd_slow': 72, 'macd_signal': 34, 'en_vwap': True, 'en_keltner': True, 'keltner_n': 99, 'keltner_m': 2.1, 'en_obv': True, 'obv_slope': 146, 'en_cci': True, 'cci_n': 54, 'cci_threshold': 145, 'en_rsi': False, 'rsi_n': 15, 'rsi_lower': 31, 'rsi_upper': 54, 'en_stochastic': False, 'stochastic_n': 62, 'stochastic_d': 49, 'stochastic_lower': 4, 'stochastic_upper': 91, 'en_mfi': True, 'mfi_n': 97, 'mfi_lower': 27, 'mfi_upper': 51, 'en_bollinger': False, 'bollinger_n': 149, 'bollinger_k': 4.2, 'en_adx': False, 'adx_n': 11, 'adx_threshold': 47, 'en_structure_trend': False, 'structure_trend_swing_l': 9, 'en_order_block': False, 'order_block_swing_l': 18, 'en_fvg': False, 'fvg_lookback': 19, 'en_ifvg': True, 'en_breaker': True, 'breaker_swing_l': 8, 'en_cisd': False, 'k': 4, 'en_cap_bars': False, 'cap_1min': 1250}.
[I 2026-07-13 16:04:01,803] Trial 3489 pruned. 
[I 2026-07-13 16:04:02,082] Trial 3490 pruned. 
[I 2026-07-13 16:04:02,530] Trial 3491 finished with values: [41.42750488746651, -8755.832712295585, 27.75] and parameters: {'sl_soft': 0.02949052716025995, 'sl_hard_delta': 0.17424252774383417, 'tp': 0.16369789677360067, 'gate_pct': 97.66578486655469, 'dd_limit': 2.4528084273798805, 'cooldown': 2, 'flip': True, 'en_ema_trend': False, 'ema_trend_fast': 342, 'ema_trend_slow': 397, 'en_sma_trend': False, 'sma_trend_fast': 198, 'sma_trend_slow': 319, 'en_macd': False, 'macd_fast': 10, 'macd_slow': 3, 'macd_signal': 61, 'en_vwap': False, 'en_keltner': True, 'keltner_n': 135, 'keltner_m': 2.1, 'en_obv': True, 'obv_slope': 129, 'en_cci': True, 'cci_n': 134, 'cci_threshold': 145, 'en_rsi': False, 'rsi_n': 95, 'rsi_lower': 31, 'rsi_upper': 58, 'en_stochastic': False, 'stochastic_n': 82, 'stochastic_d': 17, 'stochastic_lower': 4, 'stochastic_upper': 78, 'en_mfi': True, 'mfi_n': 8, 'mfi_lower': 11, 'mfi_upper': 70, 'en_bollinger': True, 'bollinger_n': 155, 'bollinger_k': 4.2, 'en_adx': False, 'adx_n': 22, 'adx_threshold': 47, 'en_structure_trend': False, 'structure_trend_swing_l': 12, 'en_order_block': False, 'order_block_swing_l': 4, 'en_fvg': False, 'fvg_lookback': 19, 'en_ifvg': False, 'en_breaker': False, 'breaker_swing_l': 18, 'en_cisd': True, 'k': 3, 'en_cap_bars': True, 'cap_1min': 878}.
[I 2026-07-13 16:04:05,107] Trial 3492 pruned. 
[I 2026-07-13 16:04:05,561] Trial 3493 finished with values: [-614.3840280487644, -4253.052597328732, 58.55] and parameters: {'sl_soft': 0.02543330775735223, 'sl_hard_delta': 0.16805834987911447, 'tp': 0.04417805554007266, 'gate_pct': 99.86430067299344, 'dd_limit': 6.844711394584541, 'cooldown': 5, 'flip': True, 'en_ema_trend': False, 'ema_trend_fast': 195, 'ema_trend_slow': 294, 'en_sma_trend': False, 'sma_trend_fast': 204, 'sma_trend_slow': 200, 'en_macd': True, 'macd_fast': 18, 'macd_slow': 72, 'macd_signal': 45, 'en_vwap': True, 'en_keltner': False, 'keltner_n': 153, 'keltner_m': 2.8000000000000003, 'en_obv': True, 'obv_slope': 69, 'en_cci': True, 'cci_n': 142, 'cci_threshold': 280, 'en_rsi': True, 'rsi_n': 7, 'rsi_lower': 9, 'rsi_upper': 73, 'en_stochastic': True, 'stochastic_n': 77, 'stochastic_d': 28, 'stochastic_lower': 18, 'stochastic_upper': 74, 'en_mfi': False, 'mfi_n': 19, 'mfi_lower': 27, 'mfi_upper': 71, 'en_bollinger': False, 'bollinger_n': 103, 'bollinger_k': 1.8, 'en_adx': False, 'adx_n': 20, 'adx_threshold': 24, 'en_structure_trend': False, 'structure_trend_swing_l': 17, 'en_order_block': True, 'order_block_swing_l': 11, 'en_fvg': True, 'fvg_lookback': 40, 'en_ifvg': False, 'en_breaker': True, 'breaker_swing_l': 14, 'en_cisd': True, 'k': 2, 'en_cap_bars': True, 'cap_1min': 374}.
[I 2026-07-13 16:04:06,282] Trial 3494 finished with values: [2936.2130259724318, -3987.661809880336, 58.55] and parameters: {'sl_soft': 0.06439762276669186, 'sl_hard_delta': 0.16209355299609657, 'tp': 0.11965293792891196, 'gate_pct': 99.60506126830711, 'dd_limit': 5.319419455229414, 'cooldown': 0, 'flip': True, 'en_ema_trend': True, 'ema_trend_fast': 79, 'ema_trend_slow': 214, 'en_sma_trend': True, 'sma_trend_fast': 108, 'sma_trend_slow': 117, 'en_macd': True, 'macd_fast': 18, 'macd_slow': 188, 'macd_signal': 98, 'en_vwap': False, 'en_keltner': False, 'keltner_n': 79, 'keltner_m': 0.7, 'en_obv': True, 'obv_slope': 198, 'en_cci': True, 'cci_n': 55, 'cci_threshold': 135, 'en_rsi': True, 'rsi_n': 56, 'rsi_lower': 28, 'rsi_upper': 75, 'en_stochastic': False, 'stochastic_n': 62, 'stochastic_d': 49, 'stochastic_lower': 21, 'stochastic_upper': 81, 'en_mfi': True, 'mfi_n': 97, 'mfi_lower': 29, 'mfi_upper': 51, 'en_bollinger': True, 'bollinger_n': 23, 'bollinger_k': 3.2, 'en_adx': False, 'adx_n': 11, 'adx_threshold': 48, 'en_structure_trend': False, 'structure_trend_swing_l': 15, 'en_order_block': False, 'order_block_swing_l': 20, 'en_fvg': True, 'fvg_lookback': 24, 'en_ifvg': True, 'en_breaker': False, 'breaker_swing_l': 13, 'en_cisd': False, 'k': 4, 'en_cap_bars': False, 'cap_1min': 59}.
[I 2026-07-13 16:04:07,276] Trial 3495 pruned. 
[I 2026-07-13 16:04:07,689] Trial 3496 finished with values: [-754.530644580651, -4628.545163614246, 65.9] and parameters: {'sl_soft': 0.03867303262411816, 'sl_hard_delta': 0.17424252774383417, 'tp': 0.04490461800882547, 'gate_pct': 99.12973389262724, 'dd_limit': 2.4528084273798805, 'cooldown': 5, 'flip': True, 'en_ema_trend': False, 'ema_trend_fast': 323, 'ema_trend_slow': 294, 'en_sma_trend': False, 'sma_trend_fast': 177, 'sma_trend_slow': 351, 'en_macd': False, 'macd_fast': 10, 'macd_slow': 3, 'macd_signal': 38, 'en_vwap': False, 'en_keltner': True, 'keltner_n': 56, 'keltner_m': 2.1, 'en_obv': True, 'obv_slope': 129, 'en_cci': True, 'cci_n': 134, 'cci_threshold': 140, 'en_rsi': True, 'rsi_n': 95, 'rsi_lower': 31, 'rsi_upper': 58, 'en_stochastic': True, 'stochastic_n': 82, 'stochastic_d': 17, 'stochastic_lower': 4, 'stochastic_upper': 75, 'en_mfi': False, 'mfi_n': 9, 'mfi_lower': 38, 'mfi_upper': 70, 'en_bollinger': False, 'bollinger_n': 139, 'bollinger_k': 1.1, 'en_adx': False, 'adx_n': 22, 'adx_threshold': 47, 'en_structure_trend': False, 'structure_trend_swing_l': 7, 'en_order_block': False, 'order_block_swing_l': 10, 'en_fvg': False, 'fvg_lookback': 32, 'en_ifvg': False, 'en_breaker': False, 'breaker_swing_l': 19, 'en_cisd': True, 'k': 2, 'en_cap_bars': True, 'cap_1min': 1353}.
[I 2026-07-13 16:04:08,229] Trial 3497 finished with values: [3494.3594838494882, -4173.471212557657, 53.45] and parameters: {'sl_soft': 0.07922784441362493, 'sl_hard_delta': 0.12303958310023494, 'tp': 0.16937546754390323, 'gate_pct': 99.86430067299344, 'dd_limit': 0.5242871576912017, 'cooldown': 5, 'flip': True, 'en_ema_trend': False, 'ema_trend_fast': 195, 'ema_trend_slow': 75, 'en_sma_trend': False, 'sma_trend_fast': 289, 'sma_trend_slow': 325, 'en_macd': True, 'macd_fast': 75, 'macd_slow': 132, 'macd_signal': 59, 'en_vwap': True, 'en_keltner': False, 'keltner_n': 43, 'keltner_m': 0.7, 'en_obv': True, 'obv_slope': 69, 'en_cci': False, 'cci_n': 51, 'cci_threshold': 280, 'en_rsi': True, 'rsi_n': 73, 'rsi_lower': 9, 'rsi_upper': 58, 'en_stochastic': False, 'stochastic_n': 6, 'stochastic_d': 48, 'stochastic_lower': 21, 'stochastic_upper': 86, 'en_mfi': False, 'mfi_n': 19, 'mfi_lower': 23, 'mfi_upper': 80, 'en_bollinger': False, 'bollinger_n': 31, 'bollinger_k': 1.1, 'en_adx': False, 'adx_n': 47, 'adx_threshold': 27, 'en_structure_trend': False, 'structure_trend_swing_l': 6, 'en_order_block': False, 'order_block_swing_l': 4, 'en_fvg': False, 'fvg_lookback': 32, 'en_ifvg': True, 'en_breaker': False, 'breaker_swing_l': 17, 'en_cisd': True, 'k': 4, 'en_cap_bars': True, 'cap_1min': 374}.
[I 2026-07-13 16:04:09,057] Trial 3498 finished with values: [-750.521032264011, -7072.889009198632, 28.2] and parameters: {'sl_soft': 0.03867303262411816, 'sl_hard_delta': 0.17424252774383417, 'tp': 0.16369789677360067, 'gate_pct': 97.66578486655469, 'dd_limit': 2.3419576250818945, 'cooldown': 5, 'flip': True, 'en_ema_trend': False, 'ema_trend_fast': 323, 'ema_trend_slow': 294, 'en_sma_trend': False, 'sma_trend_fast': 105, 'sma_trend_slow': 351, 'en_macd': False, 'macd_fast': 64, 'macd_slow': 93, 'macd_signal': 38, 'en_vwap': False, 'en_keltner': True, 'keltner_n': 95, 'keltner_m': 2.1, 'en_obv': True, 'obv_slope': 72, 'en_cci': True, 'cci_n': 7, 'cci_threshold': 280, 'en_rsi': False, 'rsi_n': 95, 'rsi_lower': 9, 'rsi_upper': 58, 'en_stochastic': False, 'stochastic_n': 45, 'stochastic_d': 17, 'stochastic_lower': 4, 'stochastic_upper': 97, 'en_mfi': False, 'mfi_n': 8, 'mfi_lower': 11, 'mfi_upper': 81, 'en_bollinger': False, 'bollinger_n': 139, 'bollinger_k': 1.1, 'en_adx': False, 'adx_n': 47, 'adx_threshold': 47, 'en_structure_trend': False, 'structure_trend_swing_l': 7, 'en_order_block': False, 'order_block_swing_l': 4, 'en_fvg': False, 'fvg_lookback': 32, 'en_ifvg': False, 'en_breaker': False, 'breaker_swing_l': 18, 'en_cisd': True, 'k': 3, 'en_cap_bars': True, 'cap_1min': 878}.
