[I 2026-07-13 15:57:45,771] Trial 3122 finished with values: [-1212.9477516820752, -3708.6779366430264, 48.95] and parameters: {'sl_soft': 0.022988098270288884, 'sl_hard_delta': 0.0499062921079193, 'tp': 0.04939294172156869, 'gate_pct': 95.82664355457476, 'dd_limit': 4.273175383953869, 'cooldown': 0, 'flip': False, 'en_ema_trend': True, 'ema_trend_fast': 192, 'ema_trend_slow': 290, 'en_sma_trend': False, 'sma_trend_fast': 8, 'sma_trend_slow': 116, 'en_macd': True, 'macd_fast': 51, 'macd_slow': 18, 'macd_signal': 36, 'en_vwap': False, 'en_keltner': False, 'keltner_n': 180, 'keltner_m': 0.5, 'en_obv': True, 'obv_slope': 24, 'en_cci': False, 'cci_n': 182, 'cci_threshold': 155, 'en_rsi': False, 'rsi_n': 96, 'rsi_lower': 4, 'rsi_upper': 77, 'en_stochastic': True, 'stochastic_n': 45, 'stochastic_d': 43, 'stochastic_lower': 23, 'stochastic_upper': 91, 'en_mfi': False, 'mfi_n': 29, 'mfi_lower': 6, 'mfi_upper': 76, 'en_bollinger': False, 'bollinger_n': 63, 'bollinger_k': 1.1, 'en_adx': False, 'adx_n': 22, 'adx_threshold': 27, 'en_structure_trend': False, 'structure_trend_swing_l': 4, 'en_order_block': False, 'order_block_swing_l': 5, 'en_fvg': True, 'fvg_lookback': 40, 'en_ifvg': True, 'en_breaker': True, 'breaker_swing_l': 5, 'en_cisd': True, 'k': 3, 'en_cap_bars': True, 'cap_1min': 908}.
[I 2026-07-13 15:57:46,736] Trial 3123 finished with values: [793.2352466178118, -1575.3671797720156, 52.25] and parameters: {'sl_soft': 0.027246761810763746, 'sl_hard_delta': 0.08668272783238536, 'tp': 0.08485800408712069, 'gate_pct': 98.93711402329589, 'dd_limit': 1.4726436036009025, 'cooldown': 8, 'flip': True, 'en_ema_trend': False, 'ema_trend_fast': 84, 'ema_trend_slow': 250, 'en_sma_trend': True, 'sma_trend_fast': 392, 'sma_trend_slow': 319, 'en_macd': False, 'macd_fast': 60, 'macd_slow': 42, 'macd_signal': 73, 'en_vwap': False, 'en_keltner': False, 'keltner_n': 39, 'keltner_m': 2.5, 'en_obv': True, 'obv_slope': 14, 'en_cci': False, 'cci_n': 6, 'cci_threshold': 155, 'en_rsi': False, 'rsi_n': 62, 'rsi_lower': 12, 'rsi_upper': 83, 'en_stochastic': False, 'stochastic_n': 97, 'stochastic_d': 9, 'stochastic_lower': 7, 'stochastic_upper': 61, 'en_mfi': True, 'mfi_n': 29, 'mfi_lower': 5, 'mfi_upper': 79, 'en_bollinger': True, 'bollinger_n': 7, 'bollinger_k': 3.8000000000000003, 'en_adx': False, 'adx_n': 42, 'adx_threshold': 17, 'en_structure_trend': True, 'structure_trend_swing_l': 1, 'en_order_block': True, 'order_block_swing_l': 16, 'en_fvg': True, 'fvg_lookback': 2, 'en_ifvg': True, 'en_breaker': True, 'breaker_swing_l': 9, 'en_cisd': False, 'k': 1, 'en_cap_bars': True, 'cap_1min': 963}.
[I 2026-07-13 15:57:47,120] Trial 3124 finished with values: [187.07604703044106, -2106.822677296378, 61.099999999999994] and parameters: {'sl_soft': 0.04963847535152836, 'sl_hard_delta': 0.0155516131087132, 'tp': 0.04133656517073042, 'gate_pct': 98.93711402329589, 'dd_limit': 8.747350770951359, 'cooldown': 6, 'flip': True, 'en_ema_trend': True, 'ema_trend_fast': 81, 'ema_trend_slow': 393, 'en_sma_trend': True, 'sma_trend_fast': 53, 'sma_trend_slow': 377, 'en_macd': True, 'macd_fast': 70, 'macd_slow': 42, 'macd_signal': 40, 'en_vwap': True, 'en_keltner': False, 'keltner_n': 139, 'keltner_m': 0.5, 'en_obv': False, 'obv_slope': 13, 'en_cci': True, 'cci_n': 106, 'cci_threshold': 85, 'en_rsi': False, 'rsi_n': 96, 'rsi_lower': 12, 'rsi_upper': 99, 'en_stochastic': False, 'stochastic_n': 40, 'stochastic_d': 41, 'stochastic_lower': 7, 'stochastic_upper': 61, 'en_mfi': False, 'mfi_n': 94, 'mfi_lower': 24, 'mfi_upper': 76, 'en_bollinger': True, 'bollinger_n': 128, 'bollinger_k': 3.1, 'en_adx': False, 'adx_n': 52, 'adx_threshold': 44, 'en_structure_trend': True, 'structure_trend_swing_l': 16, 'en_order_block': False, 'order_block_swing_l': 19, 'en_fvg': True, 'fvg_lookback': 2, 'en_ifvg': True, 'en_breaker': False, 'breaker_swing_l': 7, 'en_cisd': True, 'k': 5, 'en_cap_bars': False, 'cap_1min': 686}.
[I 2026-07-13 15:57:47,332] Trial 3125 pruned. 
[I 2026-07-13 15:57:47,914] Trial 3126 finished with values: [3069.6560190722616, -9734.6840084088, 47.9] and parameters: {'sl_soft': 0.04963847535152836, 'sl_hard_delta': 0.03174292770939944, 'tp': 0.08485800408712069, 'gate_pct': 96.38141772653853, 'dd_limit': 3.021375135532224, 'cooldown': 0, 'flip': True, 'en_ema_trend': True, 'ema_trend_fast': 103, 'ema_trend_slow': 250, 'en_sma_trend': True, 'sma_trend_fast': 392, 'sma_trend_slow': 141, 'en_macd': True, 'macd_fast': 60, 'macd_slow': 133, 'macd_signal': 27, 'en_vwap': True, 'en_keltner': True, 'keltner_n': 139, 'keltner_m': 2.8000000000000003, 'en_obv': True, 'obv_slope': 14, 'en_cci': True, 'cci_n': 106, 'cci_threshold': 125, 'en_rsi': False, 'rsi_n': 96, 'rsi_lower': 12, 'rsi_upper': 77, 'en_stochastic': False, 'stochastic_n': 97, 'stochastic_d': 39, 'stochastic_lower': 28, 'stochastic_upper': 61, 'en_mfi': True, 'mfi_n': 29, 'mfi_lower': 8, 'mfi_upper': 76, 'en_bollinger': False, 'bollinger_n': 7, 'bollinger_k': 3.1, 'en_adx': False, 'adx_n': 48, 'adx_threshold': 50, 'en_structure_trend': False, 'structure_trend_swing_l': 1, 'en_order_block': False, 'order_block_swing_l': 5, 'en_fvg': False, 'fvg_lookback': 2, 'en_ifvg': True, 'en_breaker': False, 'breaker_swing_l': 1, 'en_cisd': True, 'k': 2, 'en_cap_bars': True, 'cap_1min': 839}.
[I 2026-07-13 15:57:49,918] Trial 3127 finished with values: [872.1446935169829, -1818.0477145484274, 54.8] and parameters: {'sl_soft': 0.04963847535152836, 'sl_hard_delta': 0.06382907164527017, 'tp': 0.08485800408712069, 'gate_pct': 98.93711402329589, 'dd_limit': 1.4726436036009025, 'cooldown': 0, 'flip': True, 'en_ema_trend': True, 'ema_trend_fast': 351, 'ema_trend_slow': 310, 'en_sma_trend': False, 'sma_trend_fast': 392, 'sma_trend_slow': 319, 'en_macd': True, 'macd_fast': 70, 'macd_slow': 133, 'macd_signal': 40, 'en_vwap': True, 'en_keltner': False, 'keltner_n': 139, 'keltner_m': 2.5, 'en_obv': True, 'obv_slope': 58, 'en_cci': False, 'cci_n': 106, 'cci_threshold': 125, 'en_rsi': False, 'rsi_n': 96, 'rsi_lower': 12, 'rsi_upper': 83, 'en_stochastic': False, 'stochastic_n': 97, 'stochastic_d': 4, 'stochastic_lower': 28, 'stochastic_upper': 61, 'en_mfi': True, 'mfi_n': 36, 'mfi_lower': 30, 'mfi_upper': 79, 'en_bollinger': True, 'bollinger_n': 149, 'bollinger_k': 1.0, 'en_adx': False, 'adx_n': 48, 'adx_threshold': 44, 'en_structure_trend': True, 'structure_trend_swing_l': 13, 'en_order_block': True, 'order_block_swing_l': 9, 'en_fvg': False, 'fvg_lookback': 38, 'en_ifvg': True, 'en_breaker': True, 'breaker_swing_l': 1, 'en_cisd': True, 'k': 2, 'en_cap_bars': True, 'cap_1min': 839}.
[I 2026-07-13 15:57:50,892] Trial 3128 finished with values: [2964.8820062245222, -13616.45535618167, 59.150000000000006] and parameters: {'sl_soft': 0.04963847535152836, 'sl_hard_delta': 0.0155516131087132, 'tp': 0.04939294172156869, 'gate_pct': 96.38141772653853, 'dd_limit': 3.021375135532224, 'cooldown': 0, 'flip': True, 'en_ema_trend': True, 'ema_trend_fast': 351, 'ema_trend_slow': 367, 'en_sma_trend': False, 'sma_trend_fast': 392, 'sma_trend_slow': 324, 'en_macd': True, 'macd_fast': 70, 'macd_slow': 133, 'macd_signal': 31, 'en_vwap': False, 'en_keltner': True, 'keltner_n': 139, 'keltner_m': 2.8000000000000003, 'en_obv': True, 'obv_slope': 58, 'en_cci': False, 'cci_n': 106, 'cci_threshold': 155, 'en_rsi': False, 'rsi_n': 96, 'rsi_lower': 12, 'rsi_upper': 77, 'en_stochastic': False, 'stochastic_n': 97, 'stochastic_d': 37, 'stochastic_lower': 28, 'stochastic_upper': 61, 'en_mfi': False, 'mfi_n': 36, 'mfi_lower': 47, 'mfi_upper': 79, 'en_bollinger': True, 'bollinger_n': 128, 'bollinger_k': 2.2, 'en_adx': False, 'adx_n': 48, 'adx_threshold': 10, 'en_structure_trend': False, 'structure_trend_swing_l': 1, 'en_order_block': False, 'order_block_swing_l': 20, 'en_fvg': True, 'fvg_lookback': 40, 'en_ifvg': False, 'en_breaker': False, 'breaker_swing_l': 1, 'en_cisd': True, 'k': 3, 'en_cap_bars': True, 'cap_1min': 839}.
[I 2026-07-13 15:57:52,894] Trial 3129 finished with values: [545.6679812541944, -1538.0575346393146, 67.69999999999999] and parameters: {'sl_soft': 0.050276826705740144, 'sl_hard_delta': 0.056028926758197935, 'tp': 0.04939294172156869, 'gate_pct': 97.66167568722003, 'dd_limit': 9.066216783758431, 'cooldown': 8, 'flip': True, 'en_ema_trend': True, 'ema_trend_fast': 351, 'ema_trend_slow': 367, 'en_sma_trend': False, 'sma_trend_fast': 392, 'sma_trend_slow': 356, 'en_macd': True, 'macd_fast': 5, 'macd_slow': 32, 'macd_signal': 98, 'en_vwap': False, 'en_keltner': True, 'keltner_n': 176, 'keltner_m': 2.8000000000000003, 'en_obv': True, 'obv_slope': 63, 'en_cci': False, 'cci_n': 106, 'cci_threshold': 30, 'en_rsi': False, 'rsi_n': 96, 'rsi_lower': 46, 'rsi_upper': 98, 'en_stochastic': False, 'stochastic_n': 83, 'stochastic_d': 43, 'stochastic_lower': 22, 'stochastic_upper': 91, 'en_mfi': False, 'mfi_n': 19, 'mfi_lower': 47, 'mfi_upper': 78, 'en_bollinger': True, 'bollinger_n': 149, 'bollinger_k': 3.1, 'en_adx': False, 'adx_n': 42, 'adx_threshold': 41, 'en_structure_trend': True, 'structure_trend_swing_l': 13, 'en_order_block': False, 'order_block_swing_l': 5, 'en_fvg': False, 'fvg_lookback': 35, 'en_ifvg': True, 'en_breaker': True, 'breaker_swing_l': 9, 'en_cisd': False, 'k': 1, 'en_cap_bars': True, 'cap_1min': 1109}.
[I 2026-07-13 15:57:53,598] Trial 3130 finished with values: [-644.7268054778908, -2703.03011425014, 54.95] and parameters: {'sl_soft': 0.050276826705740144, 'sl_hard_delta': 0.03174292770939944, 'tp': 0.04939294172156869, 'gate_pct': 98.93711402329589, 'dd_limit': 9.066216783758431, 'cooldown': 8, 'flip': True, 'en_ema_trend': True, 'ema_trend_fast': 351, 'ema_trend_slow': 367, 'en_sma_trend': False, 'sma_trend_fast': 392, 'sma_trend_slow': 356, 'en_macd': False, 'macd_fast': 5, 'macd_slow': 32, 'macd_signal': 98, 'en_vwap': False, 'en_keltner': True, 'keltner_n': 61, 'keltner_m': 5.0, 'en_obv': True, 'obv_slope': 63, 'en_cci': False, 'cci_n': 106, 'cci_threshold': 30, 'en_rsi': False, 'rsi_n': 34, 'rsi_lower': 46, 'rsi_upper': 98, 'en_stochastic': False, 'stochastic_n': 83, 'stochastic_d': 43, 'stochastic_lower': 22, 'stochastic_upper': 62, 'en_mfi': False, 'mfi_n': 19, 'mfi_lower': 8, 'mfi_upper': 78, 'en_bollinger': True, 'bollinger_n': 56, 'bollinger_k': 3.1, 'en_adx': False, 'adx_n': 42, 'adx_threshold': 41, 'en_structure_trend': True, 'structure_trend_swing_l': 13, 'en_order_block': False, 'order_block_swing_l': 5, 'en_fvg': False, 'fvg_lookback': 40, 'en_ifvg': True, 'en_breaker': True, 'breaker_swing_l': 9, 'en_cisd': True, 'k': 1, 'en_cap_bars': True, 'cap_1min': 1109}.
[I 2026-07-13 15:57:54,497] Trial 3131 finished with values: [842.0171599576242, -4460.324505131581, 48.85] and parameters: {'sl_soft': 0.03390445607748107, 'sl_hard_delta': 0.0499062921079193, 'tp': 0.07673838374250289, 'gate_pct': 95.82664355457476, 'dd_limit': 8.747350770951359, 'cooldown': 9, 'flip': False, 'en_ema_trend': True, 'ema_trend_fast': 351, 'ema_trend_slow': 290, 'en_sma_trend': False, 'sma_trend_fast': 392, 'sma_trend_slow': 116, 'en_macd': True, 'macd_fast': 60, 'macd_slow': 10, 'macd_signal': 40, 'en_vwap': True, 'en_keltner': True, 'keltner_n': 139, 'keltner_m': 0.5, 'en_obv': True, 'obv_slope': 24, 'en_cci': False, 'cci_n': 108, 'cci_threshold': 180, 'en_rsi': False, 'rsi_n': 96, 'rsi_lower': 3, 'rsi_upper': 77, 'en_stochastic': False, 'stochastic_n': 97, 'stochastic_d': 43, 'stochastic_lower': 23, 'stochastic_upper': 61, 'en_mfi': False, 'mfi_n': 5, 'mfi_lower': 30, 'mfi_upper': 79, 'en_bollinger': True, 'bollinger_n': 63, 'bollinger_k': 3.1, 'en_adx': False, 'adx_n': 22, 'adx_threshold': 27, 'en_structure_trend': False, 'structure_trend_swing_l': 4, 'en_order_block': True, 'order_block_swing_l': 5, 'en_fvg': True, 'fvg_lookback': 40, 'en_ifvg': True, 'en_breaker': True, 'breaker_swing_l': 5, 'en_cisd': True, 'k': 3, 'en_cap_bars': True, 'cap_1min': 908}.
[I 2026-07-13 15:57:55,218] Trial 3132 finished with values: [-45.23783282861524, -1777.2575487335016, 32.5] and parameters: {'sl_soft': 0.022988098270288884, 'sl_hard_delta': 0.06382907164527017, 'tp': 0.08485800408712069, 'gate_pct': 98.93711402329589, 'dd_limit': 1.4726436036009025, 'cooldown': 8, 'flip': True, 'en_ema_trend': True, 'ema_trend_fast': 84, 'ema_trend_slow': 250, 'en_sma_trend': True, 'sma_trend_fast': 392, 'sma_trend_slow': 319, 'en_macd': False, 'macd_fast': 60, 'macd_slow': 42, 'macd_signal': 40, 'en_vwap': False, 'en_keltner': False, 'keltner_n': 139, 'keltner_m': 2.5, 'en_obv': True, 'obv_slope': 14, 'en_cci': False, 'cci_n': 10, 'cci_threshold': 155, 'en_rsi': False, 'rsi_n': 71, 'rsi_lower': 12, 'rsi_upper': 83, 'en_stochastic': False, 'stochastic_n': 97, 'stochastic_d': 4, 'stochastic_lower': 7, 'stochastic_upper': 61, 'en_mfi': True, 'mfi_n': 29, 'mfi_lower': 30, 'mfi_upper': 96, 'en_bollinger': True, 'bollinger_n': 149, 'bollinger_k': 3.1, 'en_adx': False, 'adx_n': 16, 'adx_threshold': 12, 'en_structure_trend': True, 'structure_trend_swing_l': 13, 'en_order_block': True, 'order_block_swing_l': 16, 'en_fvg': False, 'fvg_lookback': 2, 'en_ifvg': True, 'en_breaker': True, 'breaker_swing_l': 9, 'en_cisd': False, 'k': 1, 'en_cap_bars': True, 'cap_1min': 963}.
[I 2026-07-13 15:57:56,201] Trial 3133 pruned. 
[I 2026-07-13 15:57:57,798] Trial 3134 finished with values: [-21.400416821375444, -2034.6180856839878, 61.8] and parameters: {'sl_soft': 0.060501146701018055, 'sl_hard_delta': 0.0155516131087132, 'tp': 0.04939294172156869, 'gate_pct': 99.3861717774851, 'dd_limit': 8.747350770951359, 'cooldown': 13, 'flip': True, 'en_ema_trend': False, 'ema_trend_fast': 351, 'ema_trend_slow': 367, 'en_sma_trend': False, 'sma_trend_fast': 177, 'sma_trend_slow': 356, 'en_macd': True, 'macd_fast': 70, 'macd_slow': 34, 'macd_signal': 38, 'en_vwap': True, 'en_keltner': True, 'keltner_n': 139, 'keltner_m': 1.2000000000000002, 'en_obv': True, 'obv_slope': 13, 'en_cci': False, 'cci_n': 106, 'cci_threshold': 180, 'en_rsi': False, 'rsi_n': 78, 'rsi_lower': 13, 'rsi_upper': 77, 'en_stochastic': False, 'stochastic_n': 45, 'stochastic_d': 39, 'stochastic_lower': 17, 'stochastic_upper': 61, 'en_mfi': False, 'mfi_n': 77, 'mfi_lower': 47, 'mfi_upper': 94, 'en_bollinger': True, 'bollinger_n': 128, 'bollinger_k': 1.1, 'en_adx': False, 'adx_n': 48, 'adx_threshold': 10, 'en_structure_trend': True, 'structure_trend_swing_l': 2, 'en_order_block': False, 'order_block_swing_l': 4, 'en_fvg': True, 'fvg_lookback': 40, 'en_ifvg': False, 'en_breaker': True, 'breaker_swing_l': 14, 'en_cisd': False, 'k': 3, 'en_cap_bars': False, 'cap_1min': 1239}.
[I 2026-07-13 15:57:58,901] Trial 3135 pruned. 
[I 2026-07-13 15:58:05,041] Trial 3136 finished with values: [346.87492343319803, -943.5454634419926, 64.3] and parameters: {'sl_soft': 0.052196885259142164, 'sl_hard_delta': 0.010346872380968307, 'tp': 0.04133656517073042, 'gate_pct': 99.47218267450155, 'dd_limit': 3.2180873254465436, 'cooldown': 8, 'flip': True, 'en_ema_trend': True, 'ema_trend_fast': 81, 'ema_trend_slow': 393, 'en_sma_trend': True, 'sma_trend_fast': 382, 'sma_trend_slow': 377, 'en_macd': False, 'macd_fast': 93, 'macd_slow': 74, 'macd_signal': 71, 'en_vwap': False, 'en_keltner': False, 'keltner_n': 39, 'keltner_m': 2.5, 'en_obv': True, 'obv_slope': 100, 'en_cci': True, 'cci_n': 116, 'cci_threshold': 200, 'en_rsi': False, 'rsi_n': 71, 'rsi_lower': 15, 'rsi_upper': 98, 'en_stochastic': True, 'stochastic_n': 97, 'stochastic_d': 41, 'stochastic_lower': 13, 'stochastic_upper': 66, 'en_mfi': False, 'mfi_n': 77, 'mfi_lower': 24, 'mfi_upper': 97, 'en_bollinger': True, 'bollinger_n': 165, 'bollinger_k': 3.8000000000000003, 'en_adx': False, 'adx_n': 52, 'adx_threshold': 20, 'en_structure_trend': True, 'structure_trend_swing_l': 16, 'en_order_block': True, 'order_block_swing_l': 12, 'en_fvg': True, 'fvg_lookback': 20, 'en_ifvg': False, 'en_breaker': False, 'breaker_swing_l': 7, 'en_cisd': False, 'k': 3, 'en_cap_bars': True, 'cap_1min': 483}.
[I 2026-07-13 15:58:07,561] Trial 3137 finished with values: [-709.7196818412677, -3993.149109767771, 40.0] and parameters: {'sl_soft': 0.050276826705740144, 'sl_hard_delta': 0.04601515753317588, 'tp': 0.08485800408712069, 'gate_pct': 99.47218267450155, 'dd_limit': 9.066216783758431, 'cooldown': 8, 'flip': True, 'en_ema_trend': True, 'ema_trend_fast': 84, 'ema_trend_slow': 367, 'en_sma_trend': False, 'sma_trend_fast': 392, 'sma_trend_slow': 356, 'en_macd': False, 'macd_fast': 60, 'macd_slow': 133, 'macd_signal': 98, 'en_vwap': False, 'en_keltner': True, 'keltner_n': 176, 'keltner_m': 2.5, 'en_obv': True, 'obv_slope': 13, 'en_cci': False, 'cci_n': 10, 'cci_threshold': 30, 'en_rsi': False, 'rsi_n': 96, 'rsi_lower': 46, 'rsi_upper': 98, 'en_stochastic': False, 'stochastic_n': 83, 'stochastic_d': 38, 'stochastic_lower': 29, 'stochastic_upper': 91, 'en_mfi': True, 'mfi_n': 19, 'mfi_lower': 30, 'mfi_upper': 81, 'en_bollinger': True, 'bollinger_n': 149, 'bollinger_k': 3.1, 'en_adx': False, 'adx_n': 42, 'adx_threshold': 12, 'en_structure_trend': True, 'structure_trend_swing_l': 13, 'en_order_block': False, 'order_block_swing_l': 12, 'en_fvg': False, 'fvg_lookback': 40, 'en_ifvg': True, 'en_breaker': True, 'breaker_swing_l': 9, 'en_cisd': True, 'k': 1, 'en_cap_bars': True, 'cap_1min': 1109}.
[I 2026-07-13 15:58:07,910] Trial 3138 finished with values: [135.47610895217946, -2302.134043242603, 50.0] and parameters: {'sl_soft': 0.04963847535152836, 'sl_hard_delta': 0.08668272783238536, 'tp': 0.08485800408712069, 'gate_pct': 98.67302380660169, 'dd_limit': 0.23735305616742414, 'cooldown': 8, 'flip': True, 'en_ema_trend': True, 'ema_trend_fast': 279, 'ema_trend_slow': 250, 'en_sma_trend': True, 'sma_trend_fast': 375, 'sma_trend_slow': 324, 'en_macd': False, 'macd_fast': 5, 'macd_slow': 42, 'macd_signal': 27, 'en_vwap': True, 'en_keltner': False, 'keltner_n': 139, 'keltner_m': 3.7, 'en_obv': True, 'obv_slope': 167, 'en_cci': False, 'cci_n': 106, 'cci_threshold': 25, 'en_rsi': True, 'rsi_n': 96, 'rsi_lower': 15, 'rsi_upper': 77, 'en_stochastic': False, 'stochastic_n': 91, 'stochastic_d': 39, 'stochastic_lower': 1, 'stochastic_upper': 61, 'en_mfi': True, 'mfi_n': 46, 'mfi_lower': 8, 'mfi_upper': 79, 'en_bollinger': True, 'bollinger_n': 7, 'bollinger_k': 3.8000000000000003, 'en_adx': False, 'adx_n': 42, 'adx_threshold': 17, 'en_structure_trend': True, 'structure_trend_swing_l': 1, 'en_order_block': True, 'order_block_swing_l': 3, 'en_fvg': True, 'fvg_lookback': 2, 'en_ifvg': True, 'en_breaker': True, 'breaker_swing_l': 16, 'en_cisd': False, 'k': 1, 'en_cap_bars': True, 'cap_1min': 839}.
[I 2026-07-13 15:58:08,353] Trial 3139 finished with values: [1221.7797809755737, -1289.1350196362337, 85.75] and parameters: {'sl_soft': 0.07064174057275752, 'sl_hard_delta': 0.0582717613908707, 'tp': 0.04133656517073042, 'gate_pct': 95.72859018663851, 'dd_limit': 3.2180873254465436, 'cooldown': 6, 'flip': True, 'en_ema_trend': True, 'ema_trend_fast': 81, 'ema_trend_slow': 393, 'en_sma_trend': True, 'sma_trend_fast': 382, 'sma_trend_slow': 377, 'en_macd': True, 'macd_fast': 97, 'macd_slow': 74, 'macd_signal': 71, 'en_vwap': False, 'en_keltner': False, 'keltner_n': 131, 'keltner_m': 0.5, 'en_obv': False, 'obv_slope': 100, 'en_cci': True, 'cci_n': 34, 'cci_threshold': 85, 'en_rsi': False, 'rsi_n': 71, 'rsi_lower': 34, 'rsi_upper': 99, 'en_stochastic': False, 'stochastic_n': 40, 'stochastic_d': 41, 'stochastic_lower': 13, 'stochastic_upper': 79, 'en_mfi': False, 'mfi_n': 94, 'mfi_lower': 24, 'mfi_upper': 97, 'en_bollinger': True, 'bollinger_n': 165, 'bollinger_k': 1.3, 'en_adx': False, 'adx_n': 52, 'adx_threshold': 44, 'en_structure_trend': True, 'structure_trend_swing_l': 16, 'en_order_block': True, 'order_block_swing_l': 19, 'en_fvg': True, 'fvg_lookback': 20, 'en_ifvg': False, 'en_breaker': False, 'breaker_swing_l': 7, 'en_cisd': True, 'k': 5, 'en_cap_bars': True, 'cap_1min': 686}.
[I 2026-07-13 15:58:09,625] Trial 3140 finished with values: [-1482.876069735024, -6084.060033490529, 41.65] and parameters: {'sl_soft': 0.06296004248070106, 'sl_hard_delta': 0.06382907164527017, 'tp': 0.08485800408712069, 'gate_pct': 98.93711402329589, 'dd_limit': 9.066216783758431, 'cooldown': 8, 'flip': True, 'en_ema_trend': True, 'ema_trend_fast': 84, 'ema_trend_slow': 250, 'en_sma_trend': False, 'sma_trend_fast': 392, 'sma_trend_slow': 319, 'en_macd': True, 'macd_fast': 60, 'macd_slow': 42, 'macd_signal': 40, 'en_vwap': False, 'en_keltner': False, 'keltner_n': 139, 'keltner_m': 2.5, 'en_obv': True, 'obv_slope': 14, 'en_cci': False, 'cci_n': 10, 'cci_threshold': 25, 'en_rsi': False, 'rsi_n': 34, 'rsi_lower': 12, 'rsi_upper': 83, 'en_stochastic': False, 'stochastic_n': 97, 'stochastic_d': 4, 'stochastic_lower': 7, 'stochastic_upper': 61, 'en_mfi': True, 'mfi_n': 29, 'mfi_lower': 30, 'mfi_upper': 76, 'en_bollinger': True, 'bollinger_n': 136, 'bollinger_k': 3.1, 'en_adx': False, 'adx_n': 36, 'adx_threshold': 50, 'en_structure_trend': True, 'structure_trend_swing_l': 13, 'en_order_block': True, 'order_block_swing_l': 16, 'en_fvg': False, 'fvg_lookback': 11, 'en_ifvg': True, 'en_breaker': True, 'breaker_swing_l': 9, 'en_cisd': False, 'k': 1, 'en_cap_bars': False, 'cap_1min': 963}.
