── OPTIMIZER PLAN [15m] shared SL/TP · sampler=nsga3 ──
   dimensions: base 5c+2cat+3i = 10  |  indicators 18 on/off + 30 params  |  split 0  →  TOTAL 58 dims
   trials/dim 100  →  RECOMMENDED 5,800 trials  (∝ dimensions; grows if you add more)
[15m] loading inputs (SI, pv=5000) ...
[15m] 35420 decision bars; cooldown cap 18; bounds sl_soft[0.011811409712399811, 0.07283702655979883] sl_hard[0.015748546283199747, 0.09645984598459845] tp[0.015748546283199747, 0.12205123369479803]; indicators on 1-MINUTE frame
/home/dev/Mulham/wsg-i/Parametric-Indicators/optimize/optimizer.py:261: ExperimentalWarning: NSGAIIISampler is experimental (supported from v3.2.0). The interface can change in the future.
  return optuna.samplers.NSGAIIISampler(seed=seed, constraints_func=constraints_func)
[15m] sampler = nsga3 → NSGAIIISampler  objective=<function run.<locals>.objective at 0x7009e963f920>  dd_pnl_cap=0.25
[I 2026-07-13 14:40:50,228] A new study created in RDB with name: eod1_15m_SI
[I 2026-07-13 14:40:50,484] Trial 0 pruned. 
[I 2026-07-13 14:40:51,342] Trial 1 pruned. 
[I 2026-07-13 14:40:54,136] Trial 2 pruned. 
[I 2026-07-13 14:40:55,983] Trial 3 pruned. 
[I 2026-07-13 14:40:57,761] Trial 4 pruned. 
[I 2026-07-13 14:40:58,376] Trial 5 pruned. 
[I 2026-07-13 14:40:59,527] Trial 6 pruned. 
[I 2026-07-13 14:41:01,736] Trial 7 pruned. 
[I 2026-07-13 14:41:02,427] Trial 8 pruned. 
[I 2026-07-13 14:41:04,624] Trial 9 pruned. 
[I 2026-07-13 14:41:05,768] Trial 10 pruned. 
[I 2026-07-13 14:41:07,460] Trial 11 pruned. 
[I 2026-07-13 14:41:11,197] Trial 12 pruned. 
[I 2026-07-13 14:41:12,367] Trial 13 pruned. 
[I 2026-07-13 14:41:12,910] Trial 14 pruned. 
[I 2026-07-13 14:41:13,439] Trial 15 pruned. 
[I 2026-07-13 14:41:15,064] Trial 16 pruned. 
[I 2026-07-13 14:41:16,014] Trial 17 pruned. 
[I 2026-07-13 14:41:18,030] Trial 18 pruned. 
[I 2026-07-13 14:41:18,480] Trial 19 pruned. 
[I 2026-07-13 14:41:19,900] Trial 20 pruned. 
[I 2026-07-13 14:41:21,709] Trial 21 pruned. 
[I 2026-07-13 14:41:23,130] Trial 22 pruned. 
[I 2026-07-13 14:41:31,198] Trial 23 finished with values: [164.95916983172847, -2617.1803633673817, 50.0] and parameters: {'sl_soft': 0.06114521141573227, 'sl_hard_delta': 0.012606609712664222, 'tp': 0.07272706044629466, 'gate_pct': 90.0783114706916, 'dd_limit': 7.587175475025363, 'cooldown': 7, 'flip': False, 'en_ema_trend': True, 'ema_trend_fast': 324, 'ema_trend_slow': 361, 'en_sma_trend': True, 'sma_trend_fast': 95, 'sma_trend_slow': 120, 'en_macd': False, 'macd_fast': 47, 'macd_slow': 74, 'macd_signal': 59, 'en_vwap': True, 'en_keltner': False, 'keltner_n': 155, 'keltner_m': 1.6, 'en_obv': True, 'obv_slope': 2, 'en_cci': False, 'cci_n': 110, 'cci_threshold': 195, 'en_rsi': True, 'rsi_n': 63, 'rsi_lower': 12, 'rsi_upper': 88, 'en_stochastic': True, 'stochastic_n': 11, 'stochastic_d': 30, 'stochastic_lower': 13, 'stochastic_upper': 82, 'en_mfi': False, 'mfi_n': 67, 'mfi_lower': 40, 'mfi_upper': 90, 'en_bollinger': False, 'bollinger_n': 83, 'bollinger_k': 4.5, 'en_adx': False, 'adx_n': 58, 'adx_threshold': 55, 'en_structure_trend': True, 'structure_trend_swing_l': 17, 'en_order_block': False, 'order_block_swing_l': 3, 'en_fvg': False, 'fvg_lookback': 19, 'en_ifvg': False, 'en_breaker': False, 'breaker_swing_l': 11, 'en_cisd': False, 'k': 3, 'en_cap_bars': True, 'cap_1min': 914}.
[I 2026-07-13 14:41:33,493] Trial 24 pruned. 
[I 2026-07-13 14:41:35,051] Trial 25 pruned. 
[I 2026-07-13 14:41:36,606] Trial 26 pruned. 
[I 2026-07-13 14:41:37,640] Trial 27 pruned. 
[I 2026-07-13 14:41:39,572] Trial 28 pruned. 
[I 2026-07-13 14:41:41,492] Trial 29 pruned. 
[I 2026-07-13 14:41:42,663] Trial 30 pruned. 
[I 2026-07-13 14:41:43,787] Trial 31 pruned. 
[I 2026-07-13 14:41:44,492] Trial 32 pruned. 
[I 2026-07-13 14:41:44,952] Trial 33 pruned. 
[I 2026-07-13 14:41:46,356] Trial 34 pruned. 
[I 2026-07-13 14:41:47,639] Trial 35 pruned. 
[I 2026-07-13 14:41:49,044] Trial 36 pruned. 
[I 2026-07-13 14:41:50,181] Trial 37 pruned. 
[I 2026-07-13 14:41:51,651] Trial 38 pruned. 
[I 2026-07-13 14:41:52,246] Trial 39 pruned. 
[I 2026-07-13 14:41:52,560] Trial 40 pruned. 
[I 2026-07-13 14:41:54,043] Trial 41 pruned. 
[I 2026-07-13 14:41:55,221] Trial 42 pruned. 
[I 2026-07-13 14:41:56,311] Trial 43 pruned. 
[I 2026-07-13 14:41:57,409] Trial 44 pruned. 
[I 2026-07-13 14:41:57,904] Trial 45 pruned. 
[I 2026-07-13 14:41:58,344] Trial 46 pruned. 
[I 2026-07-13 14:42:00,035] Trial 47 pruned. 
[I 2026-07-13 14:42:00,748] Trial 48 pruned. 
[I 2026-07-13 14:42:01,129] Trial 49 pruned. 
[I 2026-07-13 14:42:02,171] Trial 50 pruned. 
[I 2026-07-13 14:42:03,167] Trial 51 pruned. 
[I 2026-07-13 14:42:05,315] Trial 52 pruned. 
[I 2026-07-13 14:42:07,127] Trial 53 pruned. 
[I 2026-07-13 14:42:09,563] Trial 54 pruned. 
[I 2026-07-13 14:42:11,138] Trial 55 pruned. 
[I 2026-07-13 14:42:12,097] Trial 56 pruned. 
[I 2026-07-13 14:42:13,513] Trial 57 pruned. 
[I 2026-07-13 14:42:14,111] Trial 58 pruned. 
[I 2026-07-13 14:42:15,144] Trial 59 pruned. 
[I 2026-07-13 14:42:15,406] Trial 60 pruned. 
[I 2026-07-13 14:42:16,827] Trial 61 pruned. 
[I 2026-07-13 14:42:19,323] Trial 62 pruned. 
[I 2026-07-13 14:42:21,050] Trial 63 pruned. 
[I 2026-07-13 14:42:22,080] Trial 64 pruned. 
[I 2026-07-13 14:42:23,925] Trial 65 pruned. 
[I 2026-07-13 14:42:25,656] Trial 66 pruned. 
[I 2026-07-13 14:42:26,756] Trial 67 pruned. 
[I 2026-07-13 14:42:27,710] Trial 68 pruned. 
[I 2026-07-13 14:42:29,204] Trial 69 pruned. 
[I 2026-07-13 14:42:31,317] Trial 70 pruned. 
[I 2026-07-13 14:42:32,233] Trial 71 pruned. 
[I 2026-07-13 14:42:33,817] Trial 72 pruned. 
[I 2026-07-13 14:42:34,338] Trial 73 pruned. 
[I 2026-07-13 14:42:35,421] Trial 74 pruned. 
[I 2026-07-13 14:42:38,002] Trial 75 pruned. 
[I 2026-07-13 14:42:39,936] Trial 76 pruned. 
[I 2026-07-13 14:42:40,994] Trial 77 pruned. 
[I 2026-07-13 14:42:41,342] Trial 78 pruned. 
[I 2026-07-13 14:42:42,916] Trial 79 pruned. 
[I 2026-07-13 14:42:43,173] Trial 80 pruned. 
[I 2026-07-13 14:42:44,083] Trial 81 pruned. 
[I 2026-07-13 14:42:45,446] Trial 82 pruned. 
[I 2026-07-13 14:42:46,111] Trial 83 pruned. 
[I 2026-07-13 14:42:47,200] Trial 84 pruned. 
[I 2026-07-13 14:42:48,624] Trial 85 pruned. 
[I 2026-07-13 14:42:49,043] Trial 86 pruned. 
[I 2026-07-13 14:42:50,782] Trial 87 pruned. 
[I 2026-07-13 14:42:52,729] Trial 88 pruned. 
[I 2026-07-13 14:42:53,761] Trial 89 pruned. 
[I 2026-07-13 14:42:54,790] Trial 90 pruned. 
[I 2026-07-13 14:42:56,177] Trial 91 pruned. 
[I 2026-07-13 14:42:56,956] Trial 92 pruned. 
[I 2026-07-13 14:42:58,693] Trial 93 pruned. 
[I 2026-07-13 14:43:00,048] Trial 94 pruned. 
[I 2026-07-13 14:43:02,248] Trial 95 pruned. 
[I 2026-07-13 14:43:03,201] Trial 96 pruned. 
[I 2026-07-13 14:43:05,709] Trial 97 pruned. 
[I 2026-07-13 14:43:07,751] Trial 98 pruned. 
[I 2026-07-13 14:43:09,143] Trial 99 pruned. 
[I 2026-07-13 14:43:10,206] Trial 100 pruned. 
[I 2026-07-13 14:43:11,318] Trial 101 pruned. 
[I 2026-07-13 14:43:13,195] Trial 102 pruned. 
[I 2026-07-13 14:43:14,247] Trial 103 pruned. 
[I 2026-07-13 14:43:16,650] Trial 104 pruned. 
[I 2026-07-13 14:43:18,022] Trial 105 pruned. 
[I 2026-07-13 14:43:19,465] Trial 106 pruned. 
[I 2026-07-13 14:43:21,732] Trial 107 pruned. 
[I 2026-07-13 14:43:22,688] Trial 108 pruned. 
[I 2026-07-13 14:43:24,183] Trial 109 pruned. 
[I 2026-07-13 14:43:26,114] Trial 110 pruned. 
[I 2026-07-13 14:43:27,164] Trial 111 pruned. 
[I 2026-07-13 14:43:28,390] Trial 112 pruned. 
[I 2026-07-13 14:43:29,899] Trial 113 pruned. 
[I 2026-07-13 14:43:30,459] Trial 114 pruned. 
[I 2026-07-13 14:43:31,429] Trial 115 pruned. 
[I 2026-07-13 14:43:31,882] Trial 116 pruned. 
[I 2026-07-13 14:43:32,324] Trial 117 pruned. 
[I 2026-07-13 14:43:33,179] Trial 118 pruned. 
[I 2026-07-13 14:43:35,165] Trial 119 pruned. 
[I 2026-07-13 14:43:35,368] Trial 120 pruned. 
[I 2026-07-13 14:43:36,623] Trial 121 pruned. 
[I 2026-07-13 14:43:37,634] Trial 122 pruned. 
[I 2026-07-13 14:43:38,459] Trial 123 pruned. 
[I 2026-07-13 14:43:39,885] Trial 124 pruned. 
[I 2026-07-13 14:43:41,990] Trial 125 pruned. 
[I 2026-07-13 14:43:42,604] Trial 126 pruned. 
[I 2026-07-13 14:43:43,828] Trial 127 pruned. 
[I 2026-07-13 14:43:44,195] Trial 128 pruned. 
[I 2026-07-13 14:43:48,759] Trial 129 finished with values: [-154.23306297252657, -4269.2329347045925, 43.349999999999994] and parameters: {'sl_soft': 0.06678030272023916, 'sl_hard_delta': 0.07058860306113691, 'tp': 0.11818393838217105, 'gate_pct': 99.4309621818079, 'dd_limit': 0.2043192187719212, 'cooldown': 3, 'flip': False, 'en_ema_trend': True, 'ema_trend_fast': 279, 'ema_trend_slow': 279, 'en_sma_trend': False, 'sma_trend_fast': 108, 'sma_trend_slow': 306, 'en_macd': False, 'macd_fast': 59, 'macd_slow': 126, 'macd_signal': 39, 'en_vwap': False, 'en_keltner': True, 'keltner_n': 186, 'keltner_m': 1.2000000000000002, 'en_obv': False, 'obv_slope': 119, 'en_cci': False, 'cci_n': 160, 'cci_threshold': 30, 'en_rsi': True, 'rsi_n': 77, 'rsi_lower': 43, 'rsi_upper': 85, 'en_stochastic': False, 'stochastic_n': 88, 'stochastic_d': 41, 'stochastic_lower': 2, 'stochastic_upper': 91, 'en_mfi': True, 'mfi_n': 54, 'mfi_lower': 38, 'mfi_upper': 72, 'en_bollinger': True, 'bollinger_n': 138, 'bollinger_k': 4.1, 'en_adx': False, 'adx_n': 46, 'adx_threshold': 28, 'en_structure_trend': True, 'structure_trend_swing_l': 6, 'en_order_block': False, 'order_block_swing_l': 9, 'en_fvg': True, 'fvg_lookback': 3, 'en_ifvg': False, 'en_breaker': True, 'breaker_swing_l': 20, 'en_cisd': False, 'k': 4, 'en_cap_bars': False, 'cap_1min': 311}.
[I 2026-07-13 14:43:50,001] Trial 130 pruned. 
[I 2026-07-13 14:43:51,741] Trial 131 pruned. 
[I 2026-07-13 14:43:53,902] Trial 132 pruned. 
[I 2026-07-13 14:43:54,401] Trial 133 pruned. 
[I 2026-07-13 14:43:55,042] Trial 134 pruned. 
[I 2026-07-13 14:43:57,369] Trial 135 pruned. 
[I 2026-07-13 14:44:00,300] Trial 136 pruned. 
[I 2026-07-13 14:44:01,362] Trial 137 pruned. 
[I 2026-07-13 14:44:01,993] Trial 138 pruned. 
[I 2026-07-13 14:44:03,240] Trial 139 pruned. 
[I 2026-07-13 14:44:05,115] Trial 140 pruned. 
[I 2026-07-13 14:44:05,817] Trial 141 pruned. 
[I 2026-07-13 14:44:06,851] Trial 142 pruned. 
[I 2026-07-13 14:44:08,902] Trial 143 pruned. 
[I 2026-07-13 14:44:10,330] Trial 144 pruned. 
[I 2026-07-13 14:44:11,378] Trial 145 pruned. 
[I 2026-07-13 14:44:12,334] Trial 146 pruned. 
[I 2026-07-13 14:44:14,472] Trial 147 pruned. 
[I 2026-07-13 14:44:15,743] Trial 148 pruned. 
[I 2026-07-13 14:44:16,666] Trial 149 pruned. 
[I 2026-07-13 14:44:17,929] Trial 150 pruned. 
[I 2026-07-13 14:44:19,358] Trial 151 pruned. 
[I 2026-07-13 14:44:21,145] Trial 152 pruned. 
[I 2026-07-13 14:44:22,746] Trial 153 pruned. 
[I 2026-07-13 14:44:24,142] Trial 154 pruned. 
[I 2026-07-13 14:44:25,638] Trial 155 pruned. 
[I 2026-07-13 14:44:27,576] Trial 156 pruned. 
[I 2026-07-13 14:44:28,390] Trial 157 pruned. 
[I 2026-07-13 14:44:29,039] Trial 158 pruned. 
[I 2026-07-13 14:44:31,125] Trial 159 pruned. 
[I 2026-07-13 14:44:31,274] Trial 160 pruned. 
[I 2026-07-13 14:44:32,810] Trial 161 pruned. 
[I 2026-07-13 14:44:33,233] Trial 162 pruned. 
[I 2026-07-13 14:44:35,048] Trial 163 pruned. 
[I 2026-07-13 14:44:35,719] Trial 164 pruned. 
[I 2026-07-13 14:44:36,780] Trial 165 pruned. 
[I 2026-07-13 14:44:38,178] Trial 166 pruned. 
[I 2026-07-13 14:44:39,910] Trial 167 pruned. 
[I 2026-07-13 14:44:41,028] Trial 168 pruned. 
[I 2026-07-13 14:44:41,767] Trial 169 pruned. 
[I 2026-07-13 14:44:42,338] Trial 170 pruned. 
[I 2026-07-13 14:44:43,395] Trial 171 pruned. 
[I 2026-07-13 14:44:44,652] Trial 172 pruned. 
[I 2026-07-13 14:44:46,190] Trial 173 pruned. 
[I 2026-07-13 14:44:47,888] Trial 174 pruned. 
[I 2026-07-13 14:44:49,231] Trial 175 pruned. 
[I 2026-07-13 14:44:50,407] Trial 176 pruned. 
[I 2026-07-13 14:44:52,433] Trial 177 pruned. 
[I 2026-07-13 14:44:53,493] Trial 178 pruned. 
[I 2026-07-13 14:44:54,573] Trial 179 pruned. 
[I 2026-07-13 14:44:57,587] Trial 180 finished with values: [-2124.4140273087987, -6932.818484895905, 45.900000000000006] and parameters: {'sl_soft': 0.07064174057275752, 'sl_hard_delta': 0.054080043849959916, 'tp': 0.08485845740575639, 'gate_pct': 98.72479828405353, 'dd_limit': 9.628020027635628, 'cooldown': 6, 'flip': True, 'en_ema_trend': True, 'ema_trend_fast': 81, 'ema_trend_slow': 391, 'en_sma_trend': True, 'sma_trend_fast': 382, 'sma_trend_slow': 115, 'en_macd': True, 'macd_fast': 10, 'macd_slow': 23, 'macd_signal': 71, 'en_vwap': False, 'en_keltner': False, 'keltner_n': 146, 'keltner_m': 2.3, 'en_obv': False, 'obv_slope': 105, 'en_cci': True, 'cci_n': 67, 'cci_threshold': 30, 'en_rsi': False, 'rsi_n': 71, 'rsi_lower': 8, 'rsi_upper': 59, 'en_stochastic': False, 'stochastic_n': 71, 'stochastic_d': 41, 'stochastic_lower': 2, 'stochastic_upper': 79, 'en_mfi': False, 'mfi_n': 94, 'mfi_lower': 43, 'mfi_upper': 66, 'en_bollinger': True, 'bollinger_n': 37, 'bollinger_k': 3.7, 'en_adx': False, 'adx_n': 53, 'adx_threshold': 43, 'en_structure_trend': True, 'structure_trend_swing_l': 16, 'en_order_block': False, 'order_block_swing_l': 19, 'en_fvg': True, 'fvg_lookback': 20, 'en_ifvg': False, 'en_breaker': True, 'breaker_swing_l': 7, 'en_cisd': True, 'k': 5, 'en_cap_bars': True, 'cap_1min': 686}.
[I 2026-07-13 14:44:58,755] Trial 181 pruned. 
[I 2026-07-13 14:45:00,395] Trial 182 pruned. 
[I 2026-07-13 14:45:01,359] Trial 183 pruned. 
[I 2026-07-13 14:45:02,330] Trial 184 pruned. 
[I 2026-07-13 14:45:03,824] Trial 185 pruned. 
[I 2026-07-13 14:45:06,806] Trial 186 pruned. 
[I 2026-07-13 14:45:08,334] Trial 187 pruned. 
[I 2026-07-13 14:45:09,507] Trial 188 pruned. 
[I 2026-07-13 14:45:10,516] Trial 189 pruned. 
[I 2026-07-13 14:45:12,018] Trial 190 pruned. 
[I 2026-07-13 14:45:13,978] Trial 191 pruned. 
[I 2026-07-13 14:45:15,226] Trial 192 pruned. 
[I 2026-07-13 14:45:15,643] Trial 193 pruned. 
[I 2026-07-13 14:45:17,428] Trial 194 pruned. 
[I 2026-07-13 14:45:18,857] Trial 195 pruned. 
[I 2026-07-13 14:45:19,767] Trial 196 pruned. 
[I 2026-07-13 14:45:20,864] Trial 197 pruned. 
[I 2026-07-13 14:45:21,954] Trial 198 pruned. 
[I 2026-07-13 14:45:26,591] Trial 199 pruned. 
[I 2026-07-13 14:45:26,815] Trial 200 pruned. 
[I 2026-07-13 14:45:28,782] Trial 201 pruned. 
[I 2026-07-13 14:45:29,966] Trial 202 pruned. 
[I 2026-07-13 14:45:31,245] Trial 203 pruned. 
[I 2026-07-13 14:45:33,381] Trial 204 pruned. 
[I 2026-07-13 14:45:35,107] Trial 205 pruned. 
[I 2026-07-13 14:45:36,327] Trial 206 pruned. 
[I 2026-07-13 14:45:37,814] Trial 207 pruned. 
[I 2026-07-13 14:45:39,203] Trial 208 pruned. 
[I 2026-07-13 14:45:39,977] Trial 209 pruned. 
[I 2026-07-13 14:45:41,997] Trial 210 finished with values: [318.7591360427254, -12218.382562407536, 78.45] and parameters: {'sl_soft': 0.03315032774238107, 'sl_hard_delta': 0.06346252180959486, 'tp': 0.018047207006595, 'gate_pct': 93.79805140335328, 'dd_limit': 0.5242871576912017, 'cooldown': 3, 'flip': True, 'en_ema_trend': False, 'ema_trend_fast': 77, 'ema_trend_slow': 100, 'en_sma_trend': False, 'sma_trend_fast': 289, 'sma_trend_slow': 290, 'en_macd': True, 'macd_fast': 2, 'macd_slow': 132, 'macd_signal': 19, 'en_vwap': True, 'en_keltner': True, 'keltner_n': 72, 'keltner_m': 3.0, 'en_obv': True, 'obv_slope': 93, 'en_cci': False, 'cci_n': 51, 'cci_threshold': 265, 'en_rsi': False, 'rsi_n': 66, 'rsi_lower': 15, 'rsi_upper': 54, 'en_stochastic': False, 'stochastic_n': 6, 'stochastic_d': 20, 'stochastic_lower': 21, 'stochastic_upper': 69, 'en_mfi': False, 'mfi_n': 51, 'mfi_lower': 27, 'mfi_upper': 80, 'en_bollinger': False, 'bollinger_n': 86, 'bollinger_k': 2.4000000000000004, 'en_adx': False, 'adx_n': 98, 'adx_threshold': 27, 'en_structure_trend': False, 'structure_trend_swing_l': 4, 'en_order_block': False, 'order_block_swing_l': 18, 'en_fvg': True, 'fvg_lookback': 14, 'en_ifvg': False, 'en_breaker': False, 'breaker_swing_l': 20, 'en_cisd': False, 'k': 4, 'en_cap_bars': True, 'cap_1min': 693}.
[I 2026-07-13 14:45:44,409] Trial 211 pruned. 
[I 2026-07-13 14:45:44,822] Trial 212 pruned. 
[I 2026-07-13 14:45:48,208] Trial 213 pruned. 
[I 2026-07-13 14:45:51,787] Trial 214 pruned. 
[I 2026-07-13 14:45:52,903] Trial 215 pruned. 
[I 2026-07-13 14:45:54,221] Trial 216 pruned. 
[I 2026-07-13 14:45:54,991] Trial 217 pruned. 
[I 2026-07-13 14:45:57,269] Trial 218 pruned. 
[I 2026-07-13 14:45:58,308] Trial 219 pruned. 
[I 2026-07-13 14:45:58,825] Trial 220 pruned. 
[I 2026-07-13 14:46:00,919] Trial 221 pruned. 
[I 2026-07-13 14:46:02,691] Trial 222 pruned. 
[I 2026-07-13 14:46:03,783] Trial 223 pruned. 
[I 2026-07-13 14:46:04,392] Trial 224 pruned. 
[I 2026-07-13 14:46:06,887] Trial 225 pruned. 
[I 2026-07-13 14:46:08,056] Trial 226 pruned. 
[I 2026-07-13 14:46:09,804] Trial 227 pruned. 
[I 2026-07-13 14:46:10,975] Trial 228 pruned. 
[I 2026-07-13 14:46:13,545] Trial 229 pruned. 
[I 2026-07-13 14:46:15,103] Trial 230 pruned. 
[I 2026-07-13 14:46:16,631] Trial 231 pruned. 
[I 2026-07-13 14:46:17,813] Trial 232 pruned. 
[I 2026-07-13 14:46:19,106] Trial 233 pruned. 
[I 2026-07-13 14:46:19,596] Trial 234 pruned. 
[I 2026-07-13 14:46:20,749] Trial 235 pruned. 
[I 2026-07-13 14:46:21,573] Trial 236 pruned. 
[I 2026-07-13 14:46:22,687] Trial 237 pruned. 
[I 2026-07-13 14:46:23,804] Trial 238 pruned. 
[I 2026-07-13 14:46:25,280] Trial 239 pruned. 
[I 2026-07-13 14:46:25,540] Trial 240 pruned. 
[I 2026-07-13 14:46:27,150] Trial 241 pruned. 
[I 2026-07-13 14:46:28,229] Trial 242 pruned. 
[I 2026-07-13 14:46:29,701] Trial 243 pruned. 
[I 2026-07-13 14:46:31,222] Trial 244 pruned. 
[I 2026-07-13 14:46:31,999] Trial 245 pruned. 
[I 2026-07-13 14:46:34,015] Trial 246 pruned. 
[I 2026-07-13 14:46:35,787] Trial 247 pruned. 
[I 2026-07-13 14:46:36,730] Trial 248 pruned. 
[I 2026-07-13 14:46:37,911] Trial 249 pruned. 
[I 2026-07-13 14:46:38,576] Trial 250 pruned. 
[I 2026-07-13 14:46:40,774] Trial 251 pruned. 
[I 2026-07-13 14:46:41,291] Trial 252 pruned. 
[I 2026-07-13 14:46:42,309] Trial 253 pruned. 
[I 2026-07-13 14:46:44,419] Trial 254 pruned. 
[I 2026-07-13 14:46:45,220] Trial 255 pruned. 
[I 2026-07-13 14:46:45,499] Trial 256 pruned. 
[I 2026-07-13 14:46:46,355] Trial 257 pruned. 
[I 2026-07-13 14:46:49,128] Trial 258 pruned. 
[I 2026-07-13 14:46:49,516] Trial 259 pruned. 
[I 2026-07-13 14:46:50,410] Trial 260 pruned. 
[I 2026-07-13 14:46:51,778] Trial 261 pruned. 
[I 2026-07-13 14:46:52,967] Trial 262 pruned. 
[I 2026-07-13 14:46:54,610] Trial 263 pruned. 
[I 2026-07-13 14:46:55,241] Trial 264 pruned. 
[I 2026-07-13 14:46:56,363] Trial 265 pruned. 
[I 2026-07-13 14:46:57,013] Trial 266 pruned. 
[I 2026-07-13 14:46:58,401] Trial 267 pruned. 
[I 2026-07-13 14:47:00,276] Trial 268 pruned. 
[I 2026-07-13 14:47:01,480] Trial 269 pruned. 
[I 2026-07-13 14:47:03,421] Trial 270 finished with values: [-653.3466717769434, -4440.460823090965, 47.7] and parameters: {'sl_soft': 0.06553011660661981, 'sl_hard_delta': 0.0031799127785007053, 'tp': 0.06999458373222735, 'gate_pct': 94.70821660915905, 'dd_limit': 9.049701546507107, 'cooldown': 1, 'flip': False, 'en_ema_trend': True, 'ema_trend_fast': 99, 'ema_trend_slow': 64, 'en_sma_trend': False, 'sma_trend_fast': 345, 'sma_trend_slow': 290, 'en_macd': False, 'macd_fast': 56, 'macd_slow': 200, 'macd_signal': 82, 'en_vwap': True, 'en_keltner': False, 'keltner_n': 93, 'keltner_m': 3.3000000000000003, 'en_obv': False, 'obv_slope': 162, 'en_cci': True, 'cci_n': 51, 'cci_threshold': 155, 'en_rsi': False, 'rsi_n': 5, 'rsi_lower': 32, 'rsi_upper': 89, 'en_stochastic': False, 'stochastic_n': 50, 'stochastic_d': 11, 'stochastic_lower': 2, 'stochastic_upper': 93, 'en_mfi': False, 'mfi_n': 43, 'mfi_lower': 19, 'mfi_upper': 67, 'en_bollinger': False, 'bollinger_n': 155, 'bollinger_k': 0.5, 'en_adx': False, 'adx_n': 7, 'adx_threshold': 57, 'en_structure_trend': False, 'structure_trend_swing_l': 1, 'en_order_block': True, 'order_block_swing_l': 1, 'en_fvg': True, 'fvg_lookback': 26, 'en_ifvg': True, 'en_breaker': True, 'breaker_swing_l': 1, 'en_cisd': False, 'k': 4, 'en_cap_bars': True, 'cap_1min': 655}.
[I 2026-07-13 14:47:04,974] Trial 271 pruned. 
[I 2026-07-13 14:47:08,863] Trial 272 pruned. 
[I 2026-07-13 14:47:09,863] Trial 273 pruned. 
[I 2026-07-13 14:47:11,928] Trial 274 pruned. 
[I 2026-07-13 14:47:14,935] Trial 275 pruned. 
[I 2026-07-13 14:47:16,575] Trial 276 pruned. 
[I 2026-07-13 14:47:18,610] Trial 277 pruned. 
[I 2026-07-13 14:47:19,048] Trial 278 pruned. 
[I 2026-07-13 14:47:19,643] Trial 279 pruned. 
[I 2026-07-13 14:47:19,919] Trial 280 pruned. 
[I 2026-07-13 14:47:21,179] Trial 281 pruned. 
[I 2026-07-13 14:47:22,228] Trial 282 pruned. 
[I 2026-07-13 14:47:23,429] Trial 283 pruned. 
[I 2026-07-13 14:47:25,024] Trial 284 pruned. 
[I 2026-07-13 14:47:26,370] Trial 285 pruned. 
[I 2026-07-13 14:47:28,011] Trial 286 pruned. 
[I 2026-07-13 14:47:29,653] Trial 287 pruned. 
