[I 2026-07-13 15:05:30,537] Trial 1071 pruned. 
[I 2026-07-13 15:05:31,612] Trial 1072 pruned. 
[I 2026-07-13 15:05:33,309] Trial 1073 pruned. 
[I 2026-07-13 15:05:34,266] Trial 1074 pruned. 
[I 2026-07-13 15:05:35,182] Trial 1075 pruned. 
[I 2026-07-13 15:05:38,411] Trial 1076 pruned. 
[I 2026-07-13 15:05:39,680] Trial 1077 pruned. 
[I 2026-07-13 15:05:44,288] Trial 1078 finished with values: [-2264.062101321293, -4735.853008069383, 18.75] and parameters: {'sl_soft': 0.013024198998339042, 'sl_hard_delta': 0.03065058310397703, 'tp': 0.11479935978441938, 'gate_pct': 91.28320752104035, 'dd_limit': 3.6482276224843235, 'cooldown': 2, 'flip': False, 'en_ema_trend': True, 'ema_trend_fast': 286, 'ema_trend_slow': 304, 'en_sma_trend': False, 'sma_trend_fast': 125, 'sma_trend_slow': 394, 'en_macd': False, 'macd_fast': 68, 'macd_slow': 189, 'macd_signal': 23, 'en_vwap': True, 'en_keltner': True, 'keltner_n': 151, 'keltner_m': 1.1, 'en_obv': True, 'obv_slope': 58, 'en_cci': False, 'cci_n': 98, 'cci_threshold': 280, 'en_rsi': True, 'rsi_n': 93, 'rsi_lower': 11, 'rsi_upper': 60, 'en_stochastic': False, 'stochastic_n': 30, 'stochastic_d': 33, 'stochastic_lower': 40, 'stochastic_upper': 76, 'en_mfi': False, 'mfi_n': 17, 'mfi_lower': 41, 'mfi_upper': 82, 'en_bollinger': True, 'bollinger_n': 173, 'bollinger_k': 4.2, 'en_adx': False, 'adx_n': 3, 'adx_threshold': 26, 'en_structure_trend': False, 'structure_trend_swing_l': 5, 'en_order_block': False, 'order_block_swing_l': 6, 'en_fvg': True, 'fvg_lookback': 19, 'en_ifvg': True, 'en_breaker': True, 'breaker_swing_l': 7, 'en_cisd': True, 'k': 2, 'en_cap_bars': True, 'cap_1min': 1363}.
[I 2026-07-13 15:05:45,438] Trial 1079 pruned. 
[I 2026-07-13 15:05:45,633] Trial 1080 pruned. 
[I 2026-07-13 15:05:46,666] Trial 1081 pruned. 
[I 2026-07-13 15:05:48,504] Trial 1082 pruned. 
[I 2026-07-13 15:05:49,109] Trial 1083 pruned. 
[I 2026-07-13 15:05:50,583] Trial 1084 pruned. 
[I 2026-07-13 15:05:51,486] Trial 1085 pruned. 
[I 2026-07-13 15:05:53,086] Trial 1086 pruned. 
[I 2026-07-13 15:05:54,778] Trial 1087 pruned. 
[I 2026-07-13 15:05:56,361] Trial 1088 pruned. 
[I 2026-07-13 15:05:57,270] Trial 1089 pruned. 
[I 2026-07-13 15:05:58,422] Trial 1090 pruned. 
[I 2026-07-13 15:06:00,028] Trial 1091 pruned. 
[I 2026-07-13 15:06:01,165] Trial 1092 pruned. 
[I 2026-07-13 15:06:02,812] Trial 1093 pruned. 
[I 2026-07-13 15:06:03,351] Trial 1094 pruned. 
[I 2026-07-13 15:06:03,714] Trial 1095 pruned. 
[I 2026-07-13 15:06:04,934] Trial 1096 pruned. 
[I 2026-07-13 15:06:07,171] Trial 1097 pruned. 
[I 2026-07-13 15:06:07,836] Trial 1098 pruned. 
[I 2026-07-13 15:06:09,225] Trial 1099 pruned. 
[I 2026-07-13 15:06:10,527] Trial 1100 pruned. 
[I 2026-07-13 15:06:11,239] Trial 1101 pruned. 
[I 2026-07-13 15:06:12,425] Trial 1102 pruned. 
[I 2026-07-13 15:06:13,377] Trial 1103 pruned. 
[I 2026-07-13 15:06:13,845] Trial 1104 pruned. 
[I 2026-07-13 15:06:15,434] Trial 1105 pruned. 
[I 2026-07-13 15:06:16,721] Trial 1106 pruned. 
[I 2026-07-13 15:06:18,374] Trial 1107 pruned. 
[I 2026-07-13 15:06:19,334] Trial 1108 pruned. 
[I 2026-07-13 15:06:22,402] Trial 1109 pruned. 
[I 2026-07-13 15:06:25,392] Trial 1110 pruned. 
[I 2026-07-13 15:06:26,237] Trial 1111 pruned. 
[I 2026-07-13 15:06:27,671] Trial 1112 pruned. 
[I 2026-07-13 15:06:28,640] Trial 1113 pruned. 
[I 2026-07-13 15:06:29,516] Trial 1114 pruned. 
[I 2026-07-13 15:06:30,121] Trial 1115 pruned. 
[I 2026-07-13 15:06:31,259] Trial 1116 pruned. 
[I 2026-07-13 15:06:31,814] Trial 1117 pruned. 
[I 2026-07-13 15:06:32,851] Trial 1118 pruned. 
[I 2026-07-13 15:06:35,032] Trial 1119 pruned. 
[I 2026-07-13 15:06:35,241] Trial 1120 pruned. 
[I 2026-07-13 15:06:37,101] Trial 1121 pruned. 
[I 2026-07-13 15:06:38,780] Trial 1122 pruned. 
[I 2026-07-13 15:06:39,302] Trial 1123 pruned. 
[I 2026-07-13 15:06:41,031] Trial 1124 pruned. 
[I 2026-07-13 15:06:42,731] Trial 1125 pruned. 
[I 2026-07-13 15:06:43,673] Trial 1126 pruned. 
[I 2026-07-13 15:06:44,387] Trial 1127 pruned. 
[I 2026-07-13 15:06:44,792] Trial 1128 pruned. 
[I 2026-07-13 15:06:46,021] Trial 1129 pruned. 
[I 2026-07-13 15:06:47,375] Trial 1130 pruned. 
[I 2026-07-13 15:06:48,863] Trial 1131 pruned. 
[I 2026-07-13 15:06:49,964] Trial 1132 pruned. 
[I 2026-07-13 15:06:50,515] Trial 1133 pruned. 
[I 2026-07-13 15:06:52,452] Trial 1134 pruned. 
[I 2026-07-13 15:06:53,462] Trial 1135 pruned. 
[I 2026-07-13 15:06:54,842] Trial 1136 pruned. 
[I 2026-07-13 15:06:55,523] Trial 1137 pruned. 
[I 2026-07-13 15:06:56,829] Trial 1138 pruned. 
[I 2026-07-13 15:06:57,118] Trial 1139 pruned. 
[I 2026-07-13 15:06:59,849] Trial 1140 pruned. 
[I 2026-07-13 15:07:01,096] Trial 1141 pruned. 
[I 2026-07-13 15:07:02,453] Trial 1142 pruned. 
[I 2026-07-13 15:07:03,457] Trial 1143 pruned. 
[I 2026-07-13 15:07:05,926] Trial 1144 pruned. 
[I 2026-07-13 15:07:09,004] Trial 1145 pruned. 
[I 2026-07-13 15:07:11,272] Trial 1146 pruned. 
[I 2026-07-13 15:07:12,766] Trial 1147 pruned. 
[I 2026-07-13 15:07:14,263] Trial 1148 pruned. 
[I 2026-07-13 15:07:15,956] Trial 1149 pruned. 
[I 2026-07-13 15:07:16,971] Trial 1150 pruned. 
[I 2026-07-13 15:07:17,928] Trial 1151 pruned. 
[I 2026-07-13 15:07:19,220] Trial 1152 pruned. 
[I 2026-07-13 15:07:19,892] Trial 1153 pruned. 
[I 2026-07-13 15:07:20,230] Trial 1154 pruned. 
[I 2026-07-13 15:07:22,522] Trial 1155 pruned. 
[I 2026-07-13 15:07:23,515] Trial 1156 pruned. 
[I 2026-07-13 15:07:23,854] Trial 1157 pruned. 
[I 2026-07-13 15:07:25,315] Trial 1158 pruned. 
[I 2026-07-13 15:07:26,324] Trial 1159 pruned. 
[I 2026-07-13 15:07:26,600] Trial 1160 pruned. 
[I 2026-07-13 15:07:28,120] Trial 1161 pruned. 
[I 2026-07-13 15:07:29,886] Trial 1162 pruned. 
[I 2026-07-13 15:07:32,172] Trial 1163 pruned. 
[I 2026-07-13 15:07:33,255] Trial 1164 pruned. 
[I 2026-07-13 15:07:34,303] Trial 1165 pruned. 
[I 2026-07-13 15:07:36,656] Trial 1166 pruned. 
[I 2026-07-13 15:07:38,255] Trial 1167 pruned. 
[I 2026-07-13 15:07:39,345] Trial 1168 pruned. 
[I 2026-07-13 15:07:40,249] Trial 1169 pruned. 
[I 2026-07-13 15:07:42,579] Trial 1170 pruned. 
[I 2026-07-13 15:07:44,000] Trial 1171 pruned. 
[I 2026-07-13 15:07:45,084] Trial 1172 pruned. 
[I 2026-07-13 15:07:47,949] Trial 1173 pruned. 
[I 2026-07-13 15:07:49,280] Trial 1174 pruned. 
[I 2026-07-13 15:07:50,996] Trial 1175 pruned. 
[I 2026-07-13 15:07:51,957] Trial 1176 pruned. 
[I 2026-07-13 15:07:55,458] Trial 1177 pruned. 
[I 2026-07-13 15:07:57,610] Trial 1178 pruned. 
[I 2026-07-13 15:07:58,031] Trial 1179 pruned. 
[I 2026-07-13 15:07:58,781] Trial 1180 pruned. 
[I 2026-07-13 15:08:00,692] Trial 1181 pruned. 
[I 2026-07-13 15:08:03,661] Trial 1182 pruned. 
[I 2026-07-13 15:08:04,273] Trial 1183 pruned. 
[I 2026-07-13 15:08:04,908] Trial 1184 pruned. 
[I 2026-07-13 15:08:05,377] Trial 1185 pruned. 
[I 2026-07-13 15:08:06,263] Trial 1186 pruned. 
[I 2026-07-13 15:08:06,674] Trial 1187 pruned. 
[I 2026-07-13 15:08:08,370] Trial 1188 pruned. 
[I 2026-07-13 15:08:10,362] Trial 1189 pruned. 
[I 2026-07-13 15:08:11,400] Trial 1190 pruned. 
[I 2026-07-13 15:08:12,277] Trial 1191 pruned. 
[I 2026-07-13 15:08:13,382] Trial 1192 pruned. 
[I 2026-07-13 15:08:14,308] Trial 1193 pruned. 
[I 2026-07-13 15:08:16,493] Trial 1194 pruned. 
[I 2026-07-13 15:08:18,182] Trial 1195 pruned. 
[I 2026-07-13 15:08:19,040] Trial 1196 pruned. 
[I 2026-07-13 15:08:21,271] Trial 1197 pruned. 
[I 2026-07-13 15:08:22,787] Trial 1198 pruned. 
[I 2026-07-13 15:08:23,841] Trial 1199 pruned. 
[I 2026-07-13 15:08:24,172] Trial 1200 pruned. 
[I 2026-07-13 15:08:24,754] Trial 1201 pruned. 
[I 2026-07-13 15:08:25,734] Trial 1202 pruned. 
[I 2026-07-13 15:08:27,611] Trial 1203 pruned. 
[I 2026-07-13 15:08:28,327] Trial 1204 pruned. 
[I 2026-07-13 15:08:29,446] Trial 1205 pruned. 
[I 2026-07-13 15:08:31,644] Trial 1206 pruned. 
[I 2026-07-13 15:08:32,953] Trial 1207 pruned. 
[I 2026-07-13 15:08:34,831] Trial 1208 pruned. 
[I 2026-07-13 15:08:36,144] Trial 1209 pruned. 
[I 2026-07-13 15:08:37,869] Trial 1210 pruned. 
[I 2026-07-13 15:08:38,931] Trial 1211 pruned. 
[I 2026-07-13 15:08:40,610] Trial 1212 pruned. 
[I 2026-07-13 15:08:42,531] Trial 1213 pruned. 
[I 2026-07-13 15:08:43,752] Trial 1214 pruned. 
[I 2026-07-13 15:08:44,901] Trial 1215 pruned. 
[I 2026-07-13 15:08:45,829] Trial 1216 pruned. 
[I 2026-07-13 15:08:47,450] Trial 1217 pruned. 
[I 2026-07-13 15:08:48,487] Trial 1218 pruned. 
[I 2026-07-13 15:08:49,771] Trial 1219 pruned. 
[I 2026-07-13 15:08:51,624] Trial 1220 pruned. 
[I 2026-07-13 15:08:52,700] Trial 1221 pruned. 
[I 2026-07-13 15:08:53,282] Trial 1222 pruned. 
[I 2026-07-13 15:08:55,411] Trial 1223 pruned. 
[I 2026-07-13 15:08:56,438] Trial 1224 pruned. 
[I 2026-07-13 15:08:58,158] Trial 1225 pruned. 
[I 2026-07-13 15:08:59,267] Trial 1226 pruned. 
[I 2026-07-13 15:09:00,367] Trial 1227 pruned. 
[I 2026-07-13 15:09:02,367] Trial 1228 pruned. 
[I 2026-07-13 15:09:03,743] Trial 1229 pruned. 
[I 2026-07-13 15:09:04,517] Trial 1230 pruned. 
[I 2026-07-13 15:09:05,652] Trial 1231 pruned. 
[I 2026-07-13 15:09:06,806] Trial 1232 pruned. 
[I 2026-07-13 15:09:07,379] Trial 1233 pruned. 
[I 2026-07-13 15:09:08,507] Trial 1234 pruned. 
[I 2026-07-13 15:09:11,732] Trial 1235 pruned. 
[I 2026-07-13 15:09:13,240] Trial 1236 pruned. 
[I 2026-07-13 15:09:14,396] Trial 1237 pruned. 
[I 2026-07-13 15:09:15,424] Trial 1238 pruned. 
[I 2026-07-13 15:09:17,078] Trial 1239 pruned. 
[I 2026-07-13 15:09:17,298] Trial 1240 pruned. 
[I 2026-07-13 15:09:19,029] Trial 1241 pruned. 
[I 2026-07-13 15:09:20,043] Trial 1242 pruned. 
[I 2026-07-13 15:09:20,463] Trial 1243 pruned. 
[I 2026-07-13 15:09:21,591] Trial 1244 pruned. 
[I 2026-07-13 15:09:22,153] Trial 1245 pruned. 
[I 2026-07-13 15:09:22,957] Trial 1246 pruned. 
[I 2026-07-13 15:09:23,973] Trial 1247 pruned. 
[I 2026-07-13 15:09:24,551] Trial 1248 pruned. 
[I 2026-07-13 15:09:25,207] Trial 1249 pruned. 
[I 2026-07-13 15:09:25,733] Trial 1250 pruned. 
[I 2026-07-13 15:09:26,340] Trial 1251 pruned. 
[I 2026-07-13 15:09:27,860] Trial 1252 pruned. 
[I 2026-07-13 15:09:30,350] Trial 1253 pruned. 
[I 2026-07-13 15:09:30,891] Trial 1254 pruned. 
[I 2026-07-13 15:09:32,191] Trial 1255 pruned. 
[I 2026-07-13 15:09:34,183] Trial 1256 pruned. 
[I 2026-07-13 15:09:36,360] Trial 1257 pruned. 
[I 2026-07-13 15:09:37,282] Trial 1258 pruned. 
[I 2026-07-13 15:09:38,400] Trial 1259 pruned. 
[I 2026-07-13 15:09:39,625] Trial 1260 pruned. 
[I 2026-07-13 15:09:41,141] Trial 1261 pruned. 
[I 2026-07-13 15:09:42,185] Trial 1262 pruned. 
[I 2026-07-13 15:09:43,418] Trial 1263 pruned. 
[I 2026-07-13 15:09:43,663] Trial 1264 pruned. 
[I 2026-07-13 15:09:44,982] Trial 1265 pruned. 
[I 2026-07-13 15:09:45,897] Trial 1266 pruned. 
[I 2026-07-13 15:09:46,762] Trial 1267 pruned. 
[I 2026-07-13 15:09:47,063] Trial 1268 pruned. 
[I 2026-07-13 15:09:48,818] Trial 1269 pruned. 
[I 2026-07-13 15:09:50,073] Trial 1270 pruned. 
[I 2026-07-13 15:09:50,319] Trial 1271 pruned. 
[I 2026-07-13 15:09:50,795] Trial 1272 pruned. 
[I 2026-07-13 15:09:53,345] Trial 1273 pruned. 
[I 2026-07-13 15:09:54,119] Trial 1274 pruned. 
[I 2026-07-13 15:09:54,480] Trial 1275 pruned. 
[I 2026-07-13 15:09:54,972] Trial 1276 pruned. 
[I 2026-07-13 15:09:56,355] Trial 1277 pruned. 
[I 2026-07-13 15:09:57,719] Trial 1278 pruned. 
[I 2026-07-13 15:09:59,039] Trial 1279 pruned. 
[I 2026-07-13 15:09:59,328] Trial 1280 pruned. 
[I 2026-07-13 15:10:00,312] Trial 1281 pruned. 
[I 2026-07-13 15:10:01,578] Trial 1282 pruned. 
[I 2026-07-13 15:10:03,141] Trial 1283 pruned. 
[I 2026-07-13 15:10:04,221] Trial 1284 pruned. 
[I 2026-07-13 15:10:06,480] Trial 1285 pruned. 
[I 2026-07-13 15:10:07,527] Trial 1286 pruned. 
[I 2026-07-13 15:10:09,303] Trial 1287 pruned. 
[I 2026-07-13 15:10:10,251] Trial 1288 pruned. 
[I 2026-07-13 15:10:11,581] Trial 1289 pruned. 
[I 2026-07-13 15:10:12,832] Trial 1290 pruned. 
[I 2026-07-13 15:10:14,408] Trial 1291 pruned. 
[I 2026-07-13 15:10:14,874] Trial 1292 pruned. 
[I 2026-07-13 15:10:16,338] Trial 1293 pruned. 
[I 2026-07-13 15:10:18,497] Trial 1294 pruned. 
[I 2026-07-13 15:10:18,767] Trial 1295 pruned. 
[I 2026-07-13 15:10:19,181] Trial 1296 pruned. 
[I 2026-07-13 15:10:20,780] Trial 1297 pruned. 
[I 2026-07-13 15:10:21,522] Trial 1298 pruned. 
[I 2026-07-13 15:10:23,844] Trial 1299 pruned. 
[I 2026-07-13 15:10:25,035] Trial 1300 pruned. 
[I 2026-07-13 15:10:26,933] Trial 1301 pruned. 
[I 2026-07-13 15:10:28,411] Trial 1302 pruned. 
[I 2026-07-13 15:10:29,110] Trial 1303 pruned. 
[I 2026-07-13 15:10:30,590] Trial 1304 pruned. 
[I 2026-07-13 15:10:32,320] Trial 1305 pruned. 
[I 2026-07-13 15:10:33,091] Trial 1306 pruned. 
[I 2026-07-13 15:10:34,741] Trial 1307 pruned. 
[I 2026-07-13 15:10:36,072] Trial 1308 pruned. 
[I 2026-07-13 15:10:36,540] Trial 1309 pruned. 
[I 2026-07-13 15:10:40,975] Trial 1310 pruned. 
[I 2026-07-13 15:10:41,660] Trial 1311 pruned. 
[I 2026-07-13 15:10:42,630] Trial 1312 pruned. 
[I 2026-07-13 15:10:43,049] Trial 1313 pruned. 
[I 2026-07-13 15:10:43,744] Trial 1314 pruned. 
[I 2026-07-13 15:10:44,250] Trial 1315 pruned. 
[I 2026-07-13 15:10:46,607] Trial 1316 pruned. 
[I 2026-07-13 15:10:47,277] Trial 1317 pruned. 
[I 2026-07-13 15:10:48,291] Trial 1318 pruned. 
[I 2026-07-13 15:10:49,562] Trial 1319 pruned. 
[I 2026-07-13 15:10:49,717] Trial 1320 pruned. 
[I 2026-07-13 15:10:49,962] Trial 1321 pruned. 
[I 2026-07-13 15:10:50,785] Trial 1322 pruned. 
[I 2026-07-13 15:10:52,212] Trial 1323 pruned. 
[I 2026-07-13 15:10:53,957] Trial 1324 pruned. 
[I 2026-07-13 15:10:56,603] Trial 1325 pruned. 
[I 2026-07-13 15:10:58,225] Trial 1326 pruned. 
[I 2026-07-13 15:10:58,687] Trial 1327 pruned. 
[I 2026-07-13 15:10:59,218] Trial 1328 pruned. 
[I 2026-07-13 15:11:00,856] Trial 1329 pruned. 
[I 2026-07-13 15:11:02,638] Trial 1330 pruned. 
[I 2026-07-13 15:11:04,667] Trial 1331 pruned. 
[I 2026-07-13 15:11:05,802] Trial 1332 pruned. 
[I 2026-07-13 15:11:07,800] Trial 1333 pruned. 
[I 2026-07-13 15:11:09,552] Trial 1334 pruned. 
[I 2026-07-13 15:11:10,354] Trial 1335 pruned. 
[I 2026-07-13 15:11:11,523] Trial 1336 pruned. 
[I 2026-07-13 15:11:12,565] Trial 1337 pruned. 
[I 2026-07-13 15:11:17,545] Trial 1338 pruned. 
[I 2026-07-13 15:11:17,908] Trial 1339 pruned. 
[I 2026-07-13 15:11:19,052] Trial 1340 pruned. 
[I 2026-07-13 15:11:20,567] Trial 1341 pruned. 
[I 2026-07-13 15:11:21,370] Trial 1342 pruned. 
[I 2026-07-13 15:11:22,017] Trial 1343 pruned. 
[I 2026-07-13 15:11:23,413] Trial 1344 pruned. 
[I 2026-07-13 15:11:24,578] Trial 1345 pruned. 
[I 2026-07-13 15:11:25,402] Trial 1346 pruned. 
[I 2026-07-13 15:11:27,245] Trial 1347 finished with values: [-504.2539841444693, -3327.630359354216, 59.8] and parameters: {'sl_soft': 0.05784620623221465, 'sl_hard_delta': 0.052839064352241484, 'tp': 0.036150468677287155, 'gate_pct': 97.91001047364318, 'dd_limit': 8.500064493297096, 'cooldown': 0, 'flip': True, 'en_ema_trend': False, 'ema_trend_fast': 213, 'ema_trend_slow': 378, 'en_sma_trend': True, 'sma_trend_fast': 47, 'sma_trend_slow': 30, 'en_macd': True, 'macd_fast': 67, 'macd_slow': 39, 'macd_signal': 28, 'en_vwap': True, 'en_keltner': False, 'keltner_n': 29, 'keltner_m': 1.7000000000000002, 'en_obv': False, 'obv_slope': 152, 'en_cci': True, 'cci_n': 180, 'cci_threshold': 205, 'en_rsi': False, 'rsi_n': 21, 'rsi_lower': 49, 'rsi_upper': 88, 'en_stochastic': False, 'stochastic_n': 50, 'stochastic_d': 38, 'stochastic_lower': 25, 'stochastic_upper': 61, 'en_mfi': False, 'mfi_n': 98, 'mfi_lower': 35, 'mfi_upper': 99, 'en_bollinger': True, 'bollinger_n': 37, 'bollinger_k': 4.7, 'en_adx': False, 'adx_n': 14, 'adx_threshold': 52, 'en_structure_trend': True, 'structure_trend_swing_l': 8, 'en_order_block': True, 'order_block_swing_l': 16, 'en_fvg': False, 'fvg_lookback': 27, 'en_ifvg': False, 'en_breaker': False, 'breaker_swing_l': 20, 'en_cisd': True, 'k': 5, 'en_cap_bars': False, 'cap_1min': 371}.
[I 2026-07-13 15:11:29,615] Trial 1348 pruned. 
[I 2026-07-13 15:11:30,230] Trial 1349 pruned. 
[I 2026-07-13 15:11:32,474] Trial 1350 pruned. 
[I 2026-07-13 15:11:35,294] Trial 1351 pruned. 
[I 2026-07-13 15:11:36,431] Trial 1352 pruned. 
[I 2026-07-13 15:11:38,505] Trial 1353 pruned. 
[I 2026-07-13 15:11:40,190] Trial 1354 pruned. 
[I 2026-07-13 15:11:41,693] Trial 1355 pruned. 
[I 2026-07-13 15:11:42,232] Trial 1356 pruned. 
[I 2026-07-13 15:11:43,952] Trial 1357 pruned. 
[I 2026-07-13 15:11:45,051] Trial 1358 pruned. 
[I 2026-07-13 15:11:46,184] Trial 1359 pruned. 
[I 2026-07-13 15:11:46,374] Trial 1360 pruned. 
[I 2026-07-13 15:11:47,923] Trial 1361 pruned. 
[I 2026-07-13 15:11:52,122] Trial 1362 finished with values: [470.5462482841405, -3923.938515148891, 61.349999999999994] and parameters: {'sl_soft': 0.012286291569075946, 'sl_hard_delta': 0.06773295050119726, 'tp': 0.04020235883649556, 'gate_pct': 96.82972780322679, 'dd_limit': 9.029015189980312, 'cooldown': 18, 'flip': True, 'en_ema_trend': False, 'ema_trend_fast': 24, 'ema_trend_slow': 397, 'en_sma_trend': True, 'sma_trend_fast': 198, 'sma_trend_slow': 57, 'en_macd': False, 'macd_fast': 53, 'macd_slow': 114, 'macd_signal': 61, 'en_vwap': False, 'en_keltner': True, 'keltner_n': 135, 'keltner_m': 2.1, 'en_obv': True, 'obv_slope': 129, 'en_cci': True, 'cci_n': 134, 'cci_threshold': 250, 'en_rsi': False, 'rsi_n': 95, 'rsi_lower': 31, 'rsi_upper': 88, 'en_stochastic': False, 'stochastic_n': 78, 'stochastic_d': 14, 'stochastic_lower': 4, 'stochastic_upper': 78, 'en_mfi': True, 'mfi_n': 14, 'mfi_lower': 11, 'mfi_upper': 70, 'en_bollinger': True, 'bollinger_n': 134, 'bollinger_k': 4.2, 'en_adx': False, 'adx_n': 22, 'adx_threshold': 38, 'en_structure_trend': False, 'structure_trend_swing_l': 12, 'en_order_block': False, 'order_block_swing_l': 4, 'en_fvg': True, 'fvg_lookback': 45, 'en_ifvg': False, 'en_breaker': False, 'breaker_swing_l': 2, 'en_cisd': True, 'k': 1, 'en_cap_bars': True, 'cap_1min': 797}.
[I 2026-07-13 15:11:53,351] Trial 1363 pruned. 
[I 2026-07-13 15:11:53,662] Trial 1364 pruned. 
[I 2026-07-13 15:11:54,806] Trial 1365 pruned. 
[I 2026-07-13 15:11:56,492] Trial 1366 pruned. 
[I 2026-07-13 15:11:57,274] Trial 1367 pruned. 
[I 2026-07-13 15:11:58,301] Trial 1368 pruned. 
[I 2026-07-13 15:11:59,496] Trial 1369 pruned. 
[I 2026-07-13 15:12:00,247] Trial 1370 pruned. 
[I 2026-07-13 15:12:01,574] Trial 1371 pruned. 
[I 2026-07-13 15:12:02,455] Trial 1372 pruned. 
[I 2026-07-13 15:12:06,305] Trial 1373 pruned. 
[I 2026-07-13 15:12:06,547] Trial 1374 pruned. 
[I 2026-07-13 15:12:08,807] Trial 1375 pruned. 
[I 2026-07-13 15:12:09,798] Trial 1376 pruned. 
[I 2026-07-13 15:12:10,456] Trial 1377 pruned. 
[I 2026-07-13 15:12:10,682] Trial 1378 pruned. 
[I 2026-07-13 15:12:11,659] Trial 1379 pruned. 
[I 2026-07-13 15:12:12,643] Trial 1380 pruned. 
[I 2026-07-13 15:12:13,806] Trial 1381 pruned. 
[I 2026-07-13 15:12:14,260] Trial 1382 pruned. 
[I 2026-07-13 15:12:15,183] Trial 1383 pruned. 
[I 2026-07-13 15:12:16,013] Trial 1384 pruned. 
[I 2026-07-13 15:12:17,183] Trial 1385 pruned. 
[I 2026-07-13 15:12:18,042] Trial 1386 pruned. 
[I 2026-07-13 15:12:21,204] Trial 1387 pruned. 
[I 2026-07-13 15:12:21,539] Trial 1388 pruned. 
[I 2026-07-13 15:12:22,464] Trial 1389 pruned. 
[I 2026-07-13 15:12:23,519] Trial 1390 pruned. 
[I 2026-07-13 15:12:24,206] Trial 1391 pruned. 
[I 2026-07-13 15:12:25,151] Trial 1392 pruned. 
[I 2026-07-13 15:12:27,088] Trial 1393 pruned. 
[I 2026-07-13 15:12:27,690] Trial 1394 pruned. 
[I 2026-07-13 15:12:28,688] Trial 1395 pruned. 
[I 2026-07-13 15:12:29,707] Trial 1396 pruned. 
[I 2026-07-13 15:12:30,671] Trial 1397 pruned. 
[I 2026-07-13 15:12:31,841] Trial 1398 pruned. 
[I 2026-07-13 15:12:34,978] Trial 1399 pruned. 
[I 2026-07-13 15:12:35,199] Trial 1400 pruned. 
[I 2026-07-13 15:12:36,082] Trial 1401 pruned. 
[I 2026-07-13 15:12:37,988] Trial 1402 pruned. 
[I 2026-07-13 15:12:38,683] Trial 1403 pruned. 
[I 2026-07-13 15:12:39,279] Trial 1404 pruned. 
[I 2026-07-13 15:12:40,507] Trial 1405 pruned. 
[I 2026-07-13 15:12:41,674] Trial 1406 pruned. 
[I 2026-07-13 15:12:42,579] Trial 1407 pruned. 
[I 2026-07-13 15:12:44,647] Trial 1408 pruned. 
[I 2026-07-13 15:12:45,556] Trial 1409 pruned. 
[I 2026-07-13 15:12:47,676] Trial 1410 pruned. 
[I 2026-07-13 15:12:48,739] Trial 1411 pruned. 
[I 2026-07-13 15:12:49,570] Trial 1412 pruned. 
[I 2026-07-13 15:12:52,147] Trial 1413 pruned. 
[I 2026-07-13 15:12:52,666] Trial 1414 pruned. 
[I 2026-07-13 15:12:54,090] Trial 1415 pruned. 
[I 2026-07-13 15:12:54,959] Trial 1416 pruned. 
[I 2026-07-13 15:12:55,623] Trial 1417 pruned. 
[I 2026-07-13 15:12:56,365] Trial 1418 pruned. 
[I 2026-07-13 15:12:56,938] Trial 1419 pruned. 
[I 2026-07-13 15:12:57,313] Trial 1420 pruned. 
[I 2026-07-13 15:12:59,431] Trial 1421 pruned. 
[I 2026-07-13 15:13:01,738] Trial 1422 pruned. 
[I 2026-07-13 15:13:02,107] Trial 1423 pruned. 
[I 2026-07-13 15:13:02,611] Trial 1424 pruned. 
[I 2026-07-13 15:13:03,596] Trial 1425 pruned. 
[I 2026-07-13 15:13:03,991] Trial 1426 pruned. 
[I 2026-07-13 15:13:05,239] Trial 1427 pruned. 
[I 2026-07-13 15:13:06,484] Trial 1428 pruned. 
[I 2026-07-13 15:13:07,666] Trial 1429 pruned. 
[I 2026-07-13 15:13:09,353] Trial 1430 pruned. 
[I 2026-07-13 15:13:11,069] Trial 1431 pruned. 
[I 2026-07-13 15:13:11,428] Trial 1432 pruned. 
[I 2026-07-13 15:13:13,259] Trial 1433 pruned. 
[I 2026-07-13 15:13:14,924] Trial 1434 pruned. 
[I 2026-07-13 15:13:16,288] Trial 1435 pruned. 
[I 2026-07-13 15:13:17,268] Trial 1436 pruned. 
[I 2026-07-13 15:13:18,890] Trial 1437 pruned. 
[I 2026-07-13 15:13:19,688] Trial 1438 pruned. 
[I 2026-07-13 15:13:20,687] Trial 1439 pruned. 
[I 2026-07-13 15:13:20,820] Trial 1440 pruned. 
[I 2026-07-13 15:13:21,992] Trial 1441 pruned. 
[I 2026-07-13 15:13:23,785] Trial 1442 pruned. 
[I 2026-07-13 15:13:24,538] Trial 1443 pruned. 
[I 2026-07-13 15:13:26,283] Trial 1444 pruned. 
[I 2026-07-13 15:13:27,308] Trial 1445 pruned. 
[I 2026-07-13 15:13:28,296] Trial 1446 pruned. 
[I 2026-07-13 15:13:31,627] Trial 1447 pruned. 
[I 2026-07-13 15:13:33,115] Trial 1448 pruned. 
[I 2026-07-13 15:13:36,410] Trial 1449 pruned. 
