[I 2026-07-13 15:44:59,050] Trial 2695 finished with values: [-373.55270080661705, -3396.899953807378, 42.849999999999994] and parameters: {'sl_soft': 0.060501146701018055, 'sl_hard_delta': 0.027238725907773563, 'tp': 0.11027886271765928, 'gate_pct': 99.47218267450155, 'dd_limit': 0.23735305616742414, 'cooldown': 13, 'flip': True, 'en_ema_trend': True, 'ema_trend_fast': 84, 'ema_trend_slow': 176, 'en_sma_trend': True, 'sma_trend_fast': 177, 'sma_trend_slow': 351, 'en_macd': True, 'macd_fast': 60, 'macd_slow': 18, 'macd_signal': 38, 'en_vwap': True, 'en_keltner': False, 'keltner_n': 39, 'keltner_m': 1.2000000000000002, 'en_obv': True, 'obv_slope': 157, 'en_cci': False, 'cci_n': 112, 'cci_threshold': 180, 'en_rsi': False, 'rsi_n': 68, 'rsi_lower': 13, 'rsi_upper': 89, 'en_stochastic': False, 'stochastic_n': 45, 'stochastic_d': 6, 'stochastic_lower': 23, 'stochastic_upper': 66, 'en_mfi': False, 'mfi_n': 9, 'mfi_lower': 46, 'mfi_upper': 94, 'en_bollinger': False, 'bollinger_n': 122, 'bollinger_k': 3.9000000000000004, 'en_adx': False, 'adx_n': 64, 'adx_threshold': 26, 'en_structure_trend': True, 'structure_trend_swing_l': 2, 'en_order_block': False, 'order_block_swing_l': 15, 'en_fvg': False, 'fvg_lookback': 40, 'en_ifvg': False, 'en_breaker': False, 'breaker_swing_l': 11, 'en_cisd': False, 'k': 2, 'en_cap_bars': True, 'cap_1min': 483}.
[I 2026-07-13 15:44:59,455] Trial 2696 finished with values: [651.1034102407187, -3652.199961558296, 48.95] and parameters: {'sl_soft': 0.04801430167858588, 'sl_hard_delta': 0.0737256970400244, 'tp': 0.11008827281925926, 'gate_pct': 98.34265914110968, 'dd_limit': 5.851157727915591, 'cooldown': 10, 'flip': False, 'en_ema_trend': False, 'ema_trend_fast': 220, 'ema_trend_slow': 150, 'en_sma_trend': False, 'sma_trend_fast': 131, 'sma_trend_slow': 41, 'en_macd': True, 'macd_fast': 26, 'macd_slow': 41, 'macd_signal': 47, 'en_vwap': True, 'en_keltner': True, 'keltner_n': 72, 'keltner_m': 0.7, 'en_obv': False, 'obv_slope': 25, 'en_cci': False, 'cci_n': 34, 'cci_threshold': 75, 'en_rsi': True, 'rsi_n': 82, 'rsi_lower': 27, 'rsi_upper': 92, 'en_stochastic': False, 'stochastic_n': 5, 'stochastic_d': 23, 'stochastic_lower': 26, 'stochastic_upper': 83, 'en_mfi': False, 'mfi_n': 43, 'mfi_lower': 47, 'mfi_upper': 69, 'en_bollinger': False, 'bollinger_n': 126, 'bollinger_k': 4.2, 'en_adx': True, 'adx_n': 44, 'adx_threshold': 17, 'en_structure_trend': False, 'structure_trend_swing_l': 19, 'en_order_block': True, 'order_block_swing_l': 11, 'en_fvg': False, 'fvg_lookback': 8, 'en_ifvg': True, 'en_breaker': False, 'breaker_swing_l': 9, 'en_cisd': True, 'k': 1, 'en_cap_bars': True, 'cap_1min': 1414}.
[I 2026-07-13 15:45:00,983] Trial 2697 pruned. 
[I 2026-07-13 15:45:02,405] Trial 2698 finished with values: [-598.281641914884, -10101.899209069188, 53.65] and parameters: {'sl_soft': 0.026628720080307165, 'sl_hard_delta': 0.041081131287339284, 'tp': 0.04133656517073042, 'gate_pct': 99.47218267450155, 'dd_limit': 9.50807718589736, 'cooldown': 5, 'flip': False, 'en_ema_trend': False, 'ema_trend_fast': 220, 'ema_trend_slow': 260, 'en_sma_trend': True, 'sma_trend_fast': 13, 'sma_trend_slow': 311, 'en_macd': True, 'macd_fast': 85, 'macd_slow': 18, 'macd_signal': 82, 'en_vwap': True, 'en_keltner': False, 'keltner_n': 39, 'keltner_m': 0.5, 'en_obv': False, 'obv_slope': 25, 'en_cci': False, 'cci_n': 4, 'cci_threshold': 300, 'en_rsi': True, 'rsi_n': 31, 'rsi_lower': 39, 'rsi_upper': 99, 'en_stochastic': False, 'stochastic_n': 5, 'stochastic_d': 7, 'stochastic_lower': 26, 'stochastic_upper': 97, 'en_mfi': False, 'mfi_n': 76, 'mfi_lower': 1, 'mfi_upper': 69, 'en_bollinger': False, 'bollinger_n': 165, 'bollinger_k': 1.3, 'en_adx': False, 'adx_n': 63, 'adx_threshold': 17, 'en_structure_trend': False, 'structure_trend_swing_l': 11, 'en_order_block': True, 'order_block_swing_l': 19, 'en_fvg': True, 'fvg_lookback': 18, 'en_ifvg': False, 'en_breaker': False, 'breaker_swing_l': 9, 'en_cisd': True, 'k': 2, 'en_cap_bars': False, 'cap_1min': 182}.
[I 2026-07-13 15:45:03,598] Trial 2699 finished with values: [2108.9725832941226, -9286.360521010398, 70.35] and parameters: {'sl_soft': 0.050276826705740144, 'sl_hard_delta': 0.08668272783238536, 'tp': 0.041570164073039366, 'gate_pct': 97.66167568722003, 'dd_limit': 9.740009427199718, 'cooldown': 0, 'flip': True, 'en_ema_trend': False, 'ema_trend_fast': 30, 'ema_trend_slow': 16, 'en_sma_trend': True, 'sma_trend_fast': 137, 'sma_trend_slow': 51, 'en_macd': True, 'macd_fast': 23, 'macd_slow': 72, 'macd_signal': 98, 'en_vwap': False, 'en_keltner': True, 'keltner_n': 188, 'keltner_m': 2.7, 'en_obv': False, 'obv_slope': 63, 'en_cci': True, 'cci_n': 21, 'cci_threshold': 30, 'en_rsi': False, 'rsi_n': 40, 'rsi_lower': 46, 'rsi_upper': 73, 'en_stochastic': False, 'stochastic_n': 83, 'stochastic_d': 3, 'stochastic_lower': 25, 'stochastic_upper': 74, 'en_mfi': False, 'mfi_n': 72, 'mfi_lower': 13, 'mfi_upper': 78, 'en_bollinger': True, 'bollinger_n': 144, 'bollinger_k': 3.0, 'en_adx': False, 'adx_n': 28, 'adx_threshold': 41, 'en_structure_trend': True, 'structure_trend_swing_l': 10, 'en_order_block': True, 'order_block_swing_l': 12, 'en_fvg': False, 'fvg_lookback': 35, 'en_ifvg': True, 'en_breaker': False, 'breaker_swing_l': 12, 'en_cisd': False, 'k': 2, 'en_cap_bars': True, 'cap_1min': 1109}.
[I 2026-07-13 15:45:06,191] Trial 2700 finished with values: [-1505.5986348436259, -2714.509545662764, 16.3] and parameters: {'sl_soft': 0.01457425016259157, 'sl_hard_delta': 0.010346872380968307, 'tp': 0.08485800408712069, 'gate_pct': 92.04638185231262, 'dd_limit': 1.2256325546234672, 'cooldown': 5, 'flip': False, 'en_ema_trend': False, 'ema_trend_fast': 35, 'ema_trend_slow': 125, 'en_sma_trend': True, 'sma_trend_fast': 334, 'sma_trend_slow': 324, 'en_macd': True, 'macd_fast': 5, 'macd_slow': 49, 'macd_signal': 27, 'en_vwap': True, 'en_keltner': True, 'keltner_n': 153, 'keltner_m': 3.7, 'en_obv': False, 'obv_slope': 167, 'en_cci': True, 'cci_n': 11, 'cci_threshold': 20, 'en_rsi': True, 'rsi_n': 40, 'rsi_lower': 18, 'rsi_upper': 73, 'en_stochastic': False, 'stochastic_n': 91, 'stochastic_d': 9, 'stochastic_lower': 18, 'stochastic_upper': 91, 'en_mfi': False, 'mfi_n': 46, 'mfi_lower': 5, 'mfi_upper': 54, 'en_bollinger': False, 'bollinger_n': 7, 'bollinger_k': 3.8000000000000003, 'en_adx': False, 'adx_n': 12, 'adx_threshold': 20, 'en_structure_trend': False, 'structure_trend_swing_l': 1, 'en_order_block': True, 'order_block_swing_l': 16, 'en_fvg': True, 'fvg_lookback': 18, 'en_ifvg': False, 'en_breaker': True, 'breaker_swing_l': 3, 'en_cisd': False, 'k': 1, 'en_cap_bars': True, 'cap_1min': 1271}.
[I 2026-07-13 15:45:09,247] Trial 2701 pruned. 
[I 2026-07-13 15:45:09,968] Trial 2702 pruned. 
[I 2026-07-13 15:45:11,079] Trial 2703 finished with values: [-721.7437835577734, -5649.766466808793, 38.35] and parameters: {'sl_soft': 0.03390445607748107, 'sl_hard_delta': 0.06087460308907818, 'tp': 0.07673838374250289, 'gate_pct': 95.82664355457476, 'dd_limit': 1.4726436036009025, 'cooldown': 7, 'flip': False, 'en_ema_trend': True, 'ema_trend_fast': 27, 'ema_trend_slow': 290, 'en_sma_trend': False, 'sma_trend_fast': 8, 'sma_trend_slow': 116, 'en_macd': True, 'macd_fast': 91, 'macd_slow': 42, 'macd_signal': 26, 'en_vwap': True, 'en_keltner': False, 'keltner_n': 139, 'keltner_m': 0.7, 'en_obv': True, 'obv_slope': 24, 'en_cci': False, 'cci_n': 106, 'cci_threshold': 200, 'en_rsi': False, 'rsi_n': 81, 'rsi_lower': 3, 'rsi_upper': 52, 'en_stochastic': False, 'stochastic_n': 88, 'stochastic_d': 29, 'stochastic_lower': 23, 'stochastic_upper': 84, 'en_mfi': False, 'mfi_n': 93, 'mfi_lower': 30, 'mfi_upper': 96, 'en_bollinger': False, 'bollinger_n': 25, 'bollinger_k': 1.1, 'en_adx': False, 'adx_n': 16, 'adx_threshold': 12, 'en_structure_trend': False, 'structure_trend_swing_l': 4, 'en_order_block': True, 'order_block_swing_l': 3, 'en_fvg': True, 'fvg_lookback': 9, 'en_ifvg': False, 'en_breaker': True, 'breaker_swing_l': 16, 'en_cisd': True, 'k': 4, 'en_cap_bars': False, 'cap_1min': 368}.
[I 2026-07-13 15:45:18,173] Trial 2704 finished with values: [-156.9589729725429, -1391.8788115154257, 52.25] and parameters: {'sl_soft': 0.05357069456355894, 'sl_hard_delta': 0.06386467845975724, 'tp': 0.07393035676685698, 'gate_pct': 97.81683336946006, 'dd_limit': 3.021375135532224, 'cooldown': 14, 'flip': False, 'en_ema_trend': True, 'ema_trend_fast': 279, 'ema_trend_slow': 247, 'en_sma_trend': False, 'sma_trend_fast': 32, 'sma_trend_slow': 324, 'en_macd': False, 'macd_fast': 81, 'macd_slow': 89, 'macd_signal': 6, 'en_vwap': True, 'en_keltner': True, 'keltner_n': 61, 'keltner_m': 2.8000000000000003, 'en_obv': False, 'obv_slope': 157, 'en_cci': True, 'cci_n': 6, 'cci_threshold': 295, 'en_rsi': True, 'rsi_n': 62, 'rsi_lower': 25, 'rsi_upper': 72, 'en_stochastic': True, 'stochastic_n': 24, 'stochastic_d': 37, 'stochastic_lower': 16, 'stochastic_upper': 72, 'en_mfi': False, 'mfi_n': 15, 'mfi_lower': 2, 'mfi_upper': 86, 'en_bollinger': True, 'bollinger_n': 7, 'bollinger_k': 1.0, 'en_adx': False, 'adx_n': 99, 'adx_threshold': 44, 'en_structure_trend': False, 'structure_trend_swing_l': 13, 'en_order_block': True, 'order_block_swing_l': 20, 'en_fvg': False, 'fvg_lookback': 19, 'en_ifvg': False, 'en_breaker': True, 'breaker_swing_l': 1, 'en_cisd': True, 'k': 2, 'en_cap_bars': True, 'cap_1min': 483}.
[I 2026-07-13 15:45:21,133] Trial 2705 pruned. 
[I 2026-07-13 15:45:21,332] Trial 2706 pruned. 
[I 2026-07-13 15:45:29,638] Trial 2707 finished with values: [79.90007186098325, -803.2532863062158, 44.599999999999994] and parameters: {'sl_soft': 0.0267441700613952, 'sl_hard_delta': 0.005385961390851288, 'tp': 0.041570164073039366, 'gate_pct': 98.67302380660169, 'dd_limit': 1.4726436036009025, 'cooldown': 5, 'flip': True, 'en_ema_trend': False, 'ema_trend_fast': 390, 'ema_trend_slow': 18, 'en_sma_trend': False, 'sma_trend_fast': 334, 'sma_trend_slow': 319, 'en_macd': True, 'macd_fast': 32, 'macd_slow': 42, 'macd_signal': 26, 'en_vwap': True, 'en_keltner': True, 'keltner_n': 32, 'keltner_m': 0.5, 'en_obv': True, 'obv_slope': 165, 'en_cci': True, 'cci_n': 106, 'cci_threshold': 155, 'en_rsi': False, 'rsi_n': 92, 'rsi_lower': 13, 'rsi_upper': 94, 'en_stochastic': True, 'stochastic_n': 87, 'stochastic_d': 49, 'stochastic_lower': 14, 'stochastic_upper': 71, 'en_mfi': False, 'mfi_n': 29, 'mfi_lower': 23, 'mfi_upper': 89, 'en_bollinger': True, 'bollinger_n': 175, 'bollinger_k': 0.8, 'en_adx': False, 'adx_n': 34, 'adx_threshold': 17, 'en_structure_trend': False, 'structure_trend_swing_l': 6, 'en_order_block': True, 'order_block_swing_l': 3, 'en_fvg': True, 'fvg_lookback': 9, 'en_ifvg': False, 'en_breaker': True, 'breaker_swing_l': 16, 'en_cisd': False, 'k': 1, 'en_cap_bars': True, 'cap_1min': 368}.
[I 2026-07-13 15:45:32,230] Trial 2708 finished with values: [1528.1156324249068, -1307.4255794771616, 75.0] and parameters: {'sl_soft': 0.07161009218976556, 'sl_hard_delta': 0.0155516131087132, 'tp': 0.04939294172156869, 'gate_pct': 98.93711402329589, 'dd_limit': 3.021375135532224, 'cooldown': 8, 'flip': True, 'en_ema_trend': True, 'ema_trend_fast': 330, 'ema_trend_slow': 18, 'en_sma_trend': False, 'sma_trend_fast': 334, 'sma_trend_slow': 356, 'en_macd': True, 'macd_fast': 18, 'macd_slow': 16, 'macd_signal': 40, 'en_vwap': False, 'en_keltner': False, 'keltner_n': 153, 'keltner_m': 0.5, 'en_obv': True, 'obv_slope': 13, 'en_cci': True, 'cci_n': 100, 'cci_threshold': 125, 'en_rsi': True, 'rsi_n': 96, 'rsi_lower': 18, 'rsi_upper': 77, 'en_stochastic': False, 'stochastic_n': 52, 'stochastic_d': 4, 'stochastic_lower': 14, 'stochastic_upper': 61, 'en_mfi': True, 'mfi_n': 95, 'mfi_lower': 25, 'mfi_upper': 59, 'en_bollinger': False, 'bollinger_n': 144, 'bollinger_k': 3.1, 'en_adx': False, 'adx_n': 48, 'adx_threshold': 17, 'en_structure_trend': False, 'structure_trend_swing_l': 1, 'en_order_block': False, 'order_block_swing_l': 3, 'en_fvg': True, 'fvg_lookback': 40, 'en_ifvg': True, 'en_breaker': False, 'breaker_swing_l': 16, 'en_cisd': False, 'k': 3, 'en_cap_bars': False, 'cap_1min': 1243}.
[I 2026-07-13 15:45:34,618] Trial 2709 finished with values: [1211.3427439654065, -3480.4957342665684, 60.150000000000006] and parameters: {'sl_soft': 0.021583388195152695, 'sl_hard_delta': 0.08668272783238536, 'tp': 0.0544477534852183, 'gate_pct': 92.04638185231262, 'dd_limit': 9.740009427199718, 'cooldown': 5, 'flip': True, 'en_ema_trend': False, 'ema_trend_fast': 35, 'ema_trend_slow': 18, 'en_sma_trend': True, 'sma_trend_fast': 50, 'sma_trend_slow': 83, 'en_macd': True, 'macd_fast': 5, 'macd_slow': 72, 'macd_signal': 24, 'en_vwap': True, 'en_keltner': True, 'keltner_n': 49, 'keltner_m': 2.0, 'en_obv': False, 'obv_slope': 2, 'en_cci': True, 'cci_n': 100, 'cci_threshold': 20, 'en_rsi': False, 'rsi_n': 40, 'rsi_lower': 4, 'rsi_upper': 73, 'en_stochastic': False, 'stochastic_n': 77, 'stochastic_d': 38, 'stochastic_lower': 25, 'stochastic_upper': 74, 'en_mfi': True, 'mfi_n': 13, 'mfi_lower': 5, 'mfi_upper': 55, 'en_bollinger': True, 'bollinger_n': 144, 'bollinger_k': 3.8000000000000003, 'en_adx': False, 'adx_n': 28, 'adx_threshold': 17, 'en_structure_trend': False, 'structure_trend_swing_l': 3, 'en_order_block': False, 'order_block_swing_l': 3, 'en_fvg': False, 'fvg_lookback': 27, 'en_ifvg': False, 'en_breaker': True, 'breaker_swing_l': 12, 'en_cisd': False, 'k': 1, 'en_cap_bars': False, 'cap_1min': 1271}.
[I 2026-07-13 15:45:36,512] Trial 2710 pruned. 
[I 2026-07-13 15:45:37,272] Trial 2711 pruned. 
[I 2026-07-13 15:45:43,280] Trial 2712 finished with values: [76.90096318144768, -2173.0107590684966, 45.55] and parameters: {'sl_soft': 0.05357069456355894, 'sl_hard_delta': 0.010346872380968307, 'tp': 0.07673838374250289, 'gate_pct': 99.3861717774851, 'dd_limit': 3.021375135532224, 'cooldown': 5, 'flip': True, 'en_ema_trend': True, 'ema_trend_fast': 279, 'ema_trend_slow': 125, 'en_sma_trend': True, 'sma_trend_fast': 177, 'sma_trend_slow': 324, 'en_macd': False, 'macd_fast': 93, 'macd_slow': 10, 'macd_signal': 75, 'en_vwap': True, 'en_keltner': True, 'keltner_n': 153, 'keltner_m': 3.7, 'en_obv': False, 'obv_slope': 167, 'en_cci': False, 'cci_n': 11, 'cci_threshold': 180, 'en_rsi': True, 'rsi_n': 62, 'rsi_lower': 18, 'rsi_upper': 63, 'en_stochastic': True, 'stochastic_n': 91, 'stochastic_d': 43, 'stochastic_lower': 21, 'stochastic_upper': 84, 'en_mfi': False, 'mfi_n': 9, 'mfi_lower': 11, 'mfi_upper': 62, 'en_bollinger': False, 'bollinger_n': 7, 'bollinger_k': 1.1, 'en_adx': False, 'adx_n': 11, 'adx_threshold': 17, 'en_structure_trend': True, 'structure_trend_swing_l': 13, 'en_order_block': False, 'order_block_swing_l': 4, 'en_fvg': True, 'fvg_lookback': 37, 'en_ifvg': False, 'en_breaker': False, 'breaker_swing_l': 14, 'en_cisd': False, 'k': 3, 'en_cap_bars': True, 'cap_1min': 1239}.
[I 2026-07-13 15:45:43,523] Trial 2713 pruned. 
[I 2026-07-13 15:45:49,292] Trial 2714 finished with values: [242.72899351377202, -6744.016118063749, 73.05] and parameters: {'sl_soft': 0.07064174057275752, 'sl_hard_delta': 0.0737256970400244, 'tp': 0.04133656517073042, 'gate_pct': 95.72859018663851, 'dd_limit': 2.9038661535142056, 'cooldown': 3, 'flip': True, 'en_ema_trend': False, 'ema_trend_fast': 164, 'ema_trend_slow': 150, 'en_sma_trend': True, 'sma_trend_fast': 382, 'sma_trend_slow': 267, 'en_macd': False, 'macd_fast': 97, 'macd_slow': 74, 'macd_signal': 71, 'en_vwap': False, 'en_keltner': False, 'keltner_n': 67, 'keltner_m': 2.0, 'en_obv': False, 'obv_slope': 104, 'en_cci': True, 'cci_n': 97, 'cci_threshold': 155, 'en_rsi': True, 'rsi_n': 40, 'rsi_lower': 24, 'rsi_upper': 64, 'en_stochastic': True, 'stochastic_n': 86, 'stochastic_d': 41, 'stochastic_lower': 15, 'stochastic_upper': 79, 'en_mfi': False, 'mfi_n': 42, 'mfi_lower': 24, 'mfi_upper': 78, 'en_bollinger': False, 'bollinger_n': 165, 'bollinger_k': 1.6, 'en_adx': False, 'adx_n': 70, 'adx_threshold': 20, 'en_structure_trend': False, 'structure_trend_swing_l': 19, 'en_order_block': False, 'order_block_swing_l': 16, 'en_fvg': True, 'fvg_lookback': 20, 'en_ifvg': False, 'en_breaker': False, 'breaker_swing_l': 9, 'en_cisd': False, 'k': 3, 'en_cap_bars': True, 'cap_1min': 887}.
[I 2026-07-13 15:45:51,777] Trial 2715 finished with values: [190.15091310576435, -3364.5425122438883, 69.4] and parameters: {'sl_soft': 0.052196885259142164, 'sl_hard_delta': 0.0737256970400244, 'tp': 0.04133656517073042, 'gate_pct': 99.47218267450155, 'dd_limit': 0.23735305616742414, 'cooldown': 14, 'flip': True, 'en_ema_trend': False, 'ema_trend_fast': 220, 'ema_trend_slow': 150, 'en_sma_trend': True, 'sma_trend_fast': 382, 'sma_trend_slow': 302, 'en_macd': True, 'macd_fast': 5, 'macd_slow': 74, 'macd_signal': 27, 'en_vwap': True, 'en_keltner': False, 'keltner_n': 39, 'keltner_m': 0.5, 'en_obv': True, 'obv_slope': 2, 'en_cci': False, 'cci_n': 6, 'cci_threshold': 85, 'en_rsi': True, 'rsi_n': 68, 'rsi_lower': 15, 'rsi_upper': 73, 'en_stochastic': False, 'stochastic_n': 77, 'stochastic_d': 41, 'stochastic_lower': 23, 'stochastic_upper': 79, 'en_mfi': False, 'mfi_n': 13, 'mfi_lower': 5, 'mfi_upper': 79, 'en_bollinger': True, 'bollinger_n': 149, 'bollinger_k': 3.8000000000000003, 'en_adx': False, 'adx_n': 52, 'adx_threshold': 17, 'en_structure_trend': False, 'structure_trend_swing_l': 1, 'en_order_block': True, 'order_block_swing_l': 16, 'en_fvg': True, 'fvg_lookback': 2, 'en_ifvg': False, 'en_breaker': True, 'breaker_swing_l': 9, 'en_cisd': True, 'k': 1, 'en_cap_bars': True, 'cap_1min': 686}.
[I 2026-07-13 15:45:59,507] Trial 2716 finished with values: [-822.9174179363242, -4874.379543522913, 62.0] and parameters: {'sl_soft': 0.07161009218976556, 'sl_hard_delta': 0.071573547117778, 'tp': 0.04711296357033143, 'gate_pct': 98.67302380660169, 'dd_limit': 2.6546638252533143, 'cooldown': 5, 'flip': True, 'en_ema_trend': False, 'ema_trend_fast': 17, 'ema_trend_slow': 273, 'en_sma_trend': True, 'sma_trend_fast': 148, 'sma_trend_slow': 351, 'en_macd': True, 'macd_fast': 32, 'macd_slow': 91, 'macd_signal': 47, 'en_vwap': True, 'en_keltner': True, 'keltner_n': 42, 'keltner_m': 2.8000000000000003, 'en_obv': False, 'obv_slope': 60, 'en_cci': True, 'cci_n': 100, 'cci_threshold': 125, 'en_rsi': True, 'rsi_n': 4, 'rsi_lower': 3, 'rsi_upper': 94, 'en_stochastic': True, 'stochastic_n': 78, 'stochastic_d': 49, 'stochastic_lower': 14, 'stochastic_upper': 79, 'en_mfi': True, 'mfi_n': 49, 'mfi_lower': 29, 'mfi_upper': 68, 'en_bollinger': True, 'bollinger_n': 7, 'bollinger_k': 4.300000000000001, 'en_adx': False, 'adx_n': 12, 'adx_threshold': 17, 'en_structure_trend': False, 'structure_trend_swing_l': 3, 'en_order_block': True, 'order_block_swing_l': 3, 'en_fvg': True, 'fvg_lookback': 33, 'en_ifvg': False, 'en_breaker': True, 'breaker_swing_l': 16, 'en_cisd': False, 'k': 1, 'en_cap_bars': False, 'cap_1min': 1243}.
[I 2026-07-13 15:46:02,217] Trial 2717 finished with values: [-380.1463740054879, -3546.486060413159, 50.0] and parameters: {'sl_soft': 0.052196885259142164, 'sl_hard_delta': 0.0737256970400244, 'tp': 0.08485800408712069, 'gate_pct': 99.52194572971088, 'dd_limit': 0.23735305616742414, 'cooldown': 10, 'flip': False, 'en_ema_trend': False, 'ema_trend_fast': 323, 'ema_trend_slow': 250, 'en_sma_trend': True, 'sma_trend_fast': 50, 'sma_trend_slow': 16, 'en_macd': True, 'macd_fast': 26, 'macd_slow': 18, 'macd_signal': 27, 'en_vwap': True, 'en_keltner': False, 'keltner_n': 72, 'keltner_m': 2.0, 'en_obv': True, 'obv_slope': 2, 'en_cci': True, 'cci_n': 6, 'cci_threshold': 200, 'en_rsi': True, 'rsi_n': 82, 'rsi_lower': 27, 'rsi_upper': 92, 'en_stochastic': False, 'stochastic_n': 55, 'stochastic_d': 2, 'stochastic_lower': 23, 'stochastic_upper': 66, 'en_mfi': False, 'mfi_n': 13, 'mfi_lower': 5, 'mfi_upper': 79, 'en_bollinger': True, 'bollinger_n': 149, 'bollinger_k': 1.4, 'en_adx': False, 'adx_n': 44, 'adx_threshold': 17, 'en_structure_trend': False, 'structure_trend_swing_l': 1, 'en_order_block': False, 'order_block_swing_l': 16, 'en_fvg': False, 'fvg_lookback': 8, 'en_ifvg': True, 'en_breaker': True, 'breaker_swing_l': 15, 'en_cisd': False, 'k': 1, 'en_cap_bars': True, 'cap_1min': 753}.
[I 2026-07-13 15:46:07,826] Trial 2718 finished with values: [-156.60821638512348, -1917.5270083357532, 44.099999999999994] and parameters: {'sl_soft': 0.05357069456355894, 'sl_hard_delta': 0.010346872380968307, 'tp': 0.07393035676685698, 'gate_pct': 98.67302380660169, 'dd_limit': 3.021375135532224, 'cooldown': 5, 'flip': True, 'en_ema_trend': True, 'ema_trend_fast': 279, 'ema_trend_slow': 125, 'en_sma_trend': True, 'sma_trend_fast': 334, 'sma_trend_slow': 324, 'en_macd': False, 'macd_fast': 93, 'macd_slow': 49, 'macd_signal': 75, 'en_vwap': True, 'en_keltner': True, 'keltner_n': 153, 'keltner_m': 3.7, 'en_obv': False, 'obv_slope': 167, 'en_cci': True, 'cci_n': 11, 'cci_threshold': 125, 'en_rsi': True, 'rsi_n': 62, 'rsi_lower': 18, 'rsi_upper': 93, 'en_stochastic': True, 'stochastic_n': 91, 'stochastic_d': 2, 'stochastic_lower': 1, 'stochastic_upper': 91, 'en_mfi': True, 'mfi_n': 46, 'mfi_lower': 11, 'mfi_upper': 54, 'en_bollinger': True, 'bollinger_n': 7, 'bollinger_k': 1.0, 'en_adx': False, 'adx_n': 11, 'adx_threshold': 17, 'en_structure_trend': False, 'structure_trend_swing_l': 13, 'en_order_block': True, 'order_block_swing_l': 3, 'en_fvg': True, 'fvg_lookback': 18, 'en_ifvg': False, 'en_breaker': True, 'breaker_swing_l': 16, 'en_cisd': False, 'k': 1, 'en_cap_bars': True, 'cap_1min': 1243}.
