[I 2026-07-13 15:13:38,181] Trial 1450 pruned. 
[I 2026-07-13 15:13:39,359] Trial 1451 pruned. 
[I 2026-07-13 15:13:41,105] Trial 1452 pruned. 
[I 2026-07-13 15:13:42,388] Trial 1453 pruned. 
[I 2026-07-13 15:13:43,987] Trial 1454 pruned. 
[I 2026-07-13 15:13:45,975] Trial 1455 pruned. 
[I 2026-07-13 15:13:47,661] Trial 1456 pruned. 
[I 2026-07-13 15:13:48,203] Trial 1457 pruned. 
[I 2026-07-13 15:13:49,710] Trial 1458 pruned. 
[I 2026-07-13 15:13:50,022] Trial 1459 pruned. 
[I 2026-07-13 15:13:51,133] Trial 1460 pruned. 
[I 2026-07-13 15:13:52,067] Trial 1461 pruned. 
[I 2026-07-13 15:13:53,530] Trial 1462 pruned. 
[I 2026-07-13 15:13:54,073] Trial 1463 pruned. 
[I 2026-07-13 15:13:55,821] Trial 1464 pruned. 
[I 2026-07-13 15:13:59,096] Trial 1465 pruned. 
[I 2026-07-13 15:14:00,086] Trial 1466 pruned. 
[I 2026-07-13 15:14:01,103] Trial 1467 pruned. 
[I 2026-07-13 15:14:03,142] Trial 1468 pruned. 
[I 2026-07-13 15:14:03,556] Trial 1469 pruned. 
[I 2026-07-13 15:14:04,911] Trial 1470 pruned. 
[I 2026-07-13 15:14:05,789] Trial 1471 pruned. 
[I 2026-07-13 15:14:07,401] Trial 1472 pruned. 
[I 2026-07-13 15:14:08,211] Trial 1473 pruned. 
[I 2026-07-13 15:14:10,317] Trial 1474 pruned. 
[I 2026-07-13 15:14:10,927] Trial 1475 pruned. 
[I 2026-07-13 15:14:13,279] Trial 1476 pruned. 
[I 2026-07-13 15:14:13,720] Trial 1477 pruned. 
[I 2026-07-13 15:14:14,629] Trial 1478 pruned. 
[I 2026-07-13 15:14:16,227] Trial 1479 pruned. 
[I 2026-07-13 15:14:16,363] Trial 1480 pruned. 
[I 2026-07-13 15:14:18,246] Trial 1481 pruned. 
[I 2026-07-13 15:14:20,185] Trial 1482 pruned. 
[I 2026-07-13 15:14:21,688] Trial 1483 pruned. 
[I 2026-07-13 15:14:22,244] Trial 1484 pruned. 
[I 2026-07-13 15:14:23,808] Trial 1485 pruned. 
[I 2026-07-13 15:14:24,924] Trial 1486 pruned. 
[I 2026-07-13 15:14:25,974] Trial 1487 pruned. 
[I 2026-07-13 15:14:27,030] Trial 1488 pruned. 
[I 2026-07-13 15:14:27,881] Trial 1489 pruned. 
[I 2026-07-13 15:14:28,707] Trial 1490 pruned. 
[I 2026-07-13 15:14:29,433] Trial 1491 pruned. 
[I 2026-07-13 15:14:37,894] Trial 1492 finished with values: [-332.62788775918045, -2016.233406834189, 53.45] and parameters: {'sl_soft': 0.015115793465918249, 'sl_hard_delta': 0.05578578083430039, 'tp': 0.042430447759824214, 'gate_pct': 99.2091305706916, 'dd_limit': 6.921955355235141, 'cooldown': 5, 'flip': True, 'en_ema_trend': False, 'ema_trend_fast': 399, 'ema_trend_slow': 381, 'en_sma_trend': False, 'sma_trend_fast': 288, 'sma_trend_slow': 48, 'en_macd': True, 'macd_fast': 54, 'macd_slow': 158, 'macd_signal': 58, 'en_vwap': True, 'en_keltner': True, 'keltner_n': 200, 'keltner_m': 4.7, 'en_obv': True, 'obv_slope': 153, 'en_cci': False, 'cci_n': 125, 'cci_threshold': 25, 'en_rsi': False, 'rsi_n': 85, 'rsi_lower': 30, 'rsi_upper': 62, 'en_stochastic': True, 'stochastic_n': 17, 'stochastic_d': 26, 'stochastic_lower': 36, 'stochastic_upper': 94, 'en_mfi': True, 'mfi_n': 16, 'mfi_lower': 49, 'mfi_upper': 93, 'en_bollinger': True, 'bollinger_n': 12, 'bollinger_k': 3.3000000000000003, 'en_adx': False, 'adx_n': 2, 'adx_threshold': 57, 'en_structure_trend': False, 'structure_trend_swing_l': 6, 'en_order_block': False, 'order_block_swing_l': 10, 'en_fvg': True, 'fvg_lookback': 47, 'en_ifvg': True, 'en_breaker': False, 'breaker_swing_l': 3, 'en_cisd': False, 'k': 4, 'en_cap_bars': True, 'cap_1min': 540}.
[I 2026-07-13 15:14:38,915] Trial 1493 pruned. 
[I 2026-07-13 15:14:40,100] Trial 1494 pruned. 
[I 2026-07-13 15:14:41,281] Trial 1495 pruned. 
[I 2026-07-13 15:14:42,445] Trial 1496 pruned. 
[I 2026-07-13 15:14:42,772] Trial 1497 pruned. 
[I 2026-07-13 15:14:44,534] Trial 1498 pruned. 
[I 2026-07-13 15:14:44,973] Trial 1499 pruned. 
[I 2026-07-13 15:14:45,479] Trial 1500 pruned. 
[I 2026-07-13 15:14:47,022] Trial 1501 pruned. 
[I 2026-07-13 15:14:47,844] Trial 1502 pruned. 
[I 2026-07-13 15:14:48,812] Trial 1503 pruned. 
[I 2026-07-13 15:14:49,367] Trial 1504 pruned. 
[I 2026-07-13 15:14:50,839] Trial 1505 pruned. 
[I 2026-07-13 15:14:51,903] Trial 1506 pruned. 
[I 2026-07-13 15:14:52,899] Trial 1507 pruned. 
[I 2026-07-13 15:14:54,904] Trial 1508 pruned. 
[I 2026-07-13 15:14:56,058] Trial 1509 pruned. 
[I 2026-07-13 15:14:57,015] Trial 1510 pruned. 
[I 2026-07-13 15:14:58,131] Trial 1511 pruned. 
[I 2026-07-13 15:15:00,217] Trial 1512 pruned. 
[I 2026-07-13 15:15:01,009] Trial 1513 pruned. 
[I 2026-07-13 15:15:01,297] Trial 1514 pruned. 
[I 2026-07-13 15:15:02,363] Trial 1515 pruned. 
[I 2026-07-13 15:15:03,523] Trial 1516 pruned. 
[I 2026-07-13 15:15:03,843] Trial 1517 pruned. 
[I 2026-07-13 15:15:05,609] Trial 1518 pruned. 
[I 2026-07-13 15:15:06,526] Trial 1519 pruned. 
[I 2026-07-13 15:15:06,741] Trial 1520 pruned. 
[I 2026-07-13 15:15:07,901] Trial 1521 pruned. 
[I 2026-07-13 15:15:08,827] Trial 1522 pruned. 
[I 2026-07-13 15:15:10,187] Trial 1523 pruned. 
[I 2026-07-13 15:15:13,317] Trial 1524 pruned. 
[I 2026-07-13 15:15:14,176] Trial 1525 pruned. 
[I 2026-07-13 15:15:15,069] Trial 1526 pruned. 
[I 2026-07-13 15:15:15,768] Trial 1527 pruned. 
[I 2026-07-13 15:15:17,892] Trial 1528 pruned. 
[I 2026-07-13 15:15:18,853] Trial 1529 pruned. 
[I 2026-07-13 15:15:19,608] Trial 1530 pruned. 
[I 2026-07-13 15:15:21,086] Trial 1531 pruned. 
[I 2026-07-13 15:15:23,467] Trial 1532 pruned. 
[I 2026-07-13 15:15:24,622] Trial 1533 pruned. 
[I 2026-07-13 15:15:26,161] Trial 1534 pruned. 
[I 2026-07-13 15:15:27,194] Trial 1535 pruned. 
[I 2026-07-13 15:15:27,860] Trial 1536 pruned. 
[I 2026-07-13 15:15:28,486] Trial 1537 pruned. 
[I 2026-07-13 15:15:28,988] Trial 1538 pruned. 
[I 2026-07-13 15:15:29,892] Trial 1539 pruned. 
[I 2026-07-13 15:15:30,267] Trial 1540 pruned. 
[I 2026-07-13 15:15:33,281] Trial 1541 pruned. 
[I 2026-07-13 15:15:35,492] Trial 1542 pruned. 
[I 2026-07-13 15:15:35,896] Trial 1543 pruned. 
[I 2026-07-13 15:15:37,771] Trial 1544 pruned. 
[I 2026-07-13 15:15:38,758] Trial 1545 pruned. 
[I 2026-07-13 15:15:41,700] Trial 1546 pruned. 
[I 2026-07-13 15:15:43,561] Trial 1547 pruned. 
[I 2026-07-13 15:15:43,989] Trial 1548 pruned. 
[I 2026-07-13 15:15:45,356] Trial 1549 pruned. 
[I 2026-07-13 15:15:46,940] Trial 1550 pruned. 
[I 2026-07-13 15:15:48,120] Trial 1551 pruned. 
[I 2026-07-13 15:15:49,042] Trial 1552 pruned. 
[I 2026-07-13 15:15:50,760] Trial 1553 pruned. 
[I 2026-07-13 15:15:51,540] Trial 1554 pruned. 
[I 2026-07-13 15:15:52,044] Trial 1555 pruned. 
[I 2026-07-13 15:15:53,101] Trial 1556 pruned. 
[I 2026-07-13 15:15:54,116] Trial 1557 pruned. 
[I 2026-07-13 15:15:55,828] Trial 1558 pruned. 
[I 2026-07-13 15:15:56,996] Trial 1559 pruned. 
[I 2026-07-13 15:15:57,154] Trial 1560 pruned. 
[I 2026-07-13 15:15:57,949] Trial 1561 pruned. 
[I 2026-07-13 15:15:59,988] Trial 1562 pruned. 
[I 2026-07-13 15:16:00,525] Trial 1563 pruned. 
[I 2026-07-13 15:16:01,449] Trial 1564 pruned. 
[I 2026-07-13 15:16:01,656] Trial 1565 pruned. 
[I 2026-07-13 15:16:03,274] Trial 1566 pruned. 
[I 2026-07-13 15:16:05,721] Trial 1567 pruned. 
[I 2026-07-13 15:16:07,038] Trial 1568 pruned. 
[I 2026-07-13 15:16:07,462] Trial 1569 pruned. 
[I 2026-07-13 15:16:08,553] Trial 1570 pruned. 
[I 2026-07-13 15:16:09,316] Trial 1571 pruned. 
[I 2026-07-13 15:16:10,435] Trial 1572 pruned. 
[I 2026-07-13 15:16:11,647] Trial 1573 pruned. 
[I 2026-07-13 15:16:12,169] Trial 1574 pruned. 
[I 2026-07-13 15:16:15,221] Trial 1575 pruned. 
[I 2026-07-13 15:16:17,918] Trial 1576 pruned. 
[I 2026-07-13 15:16:20,196] Trial 1577 pruned. 
[I 2026-07-13 15:16:22,149] Trial 1578 pruned. 
[I 2026-07-13 15:16:23,062] Trial 1579 pruned. 
[I 2026-07-13 15:16:24,270] Trial 1580 pruned. 
[I 2026-07-13 15:16:25,330] Trial 1581 pruned. 
[I 2026-07-13 15:16:25,836] Trial 1582 pruned. 
[I 2026-07-13 15:16:26,277] Trial 1583 pruned. 
[I 2026-07-13 15:16:27,238] Trial 1584 pruned. 
[I 2026-07-13 15:16:28,125] Trial 1585 pruned. 
[I 2026-07-13 15:16:29,521] Trial 1586 pruned. 
[I 2026-07-13 15:16:30,561] Trial 1587 pruned. 
[I 2026-07-13 15:16:31,922] Trial 1588 pruned. 
[I 2026-07-13 15:16:32,585] Trial 1589 pruned. 
[I 2026-07-13 15:16:34,011] Trial 1590 pruned. 
[I 2026-07-13 15:16:36,732] Trial 1591 pruned. 
[I 2026-07-13 15:16:37,966] Trial 1592 pruned. 
[I 2026-07-13 15:16:39,039] Trial 1593 pruned. 
[I 2026-07-13 15:16:39,337] Trial 1594 pruned. 
[I 2026-07-13 15:16:41,229] Trial 1595 pruned. 
[I 2026-07-13 15:16:42,133] Trial 1596 pruned. 
[I 2026-07-13 15:16:43,517] Trial 1597 pruned. 
[I 2026-07-13 15:16:46,134] Trial 1598 pruned. 
[I 2026-07-13 15:16:48,323] Trial 1599 pruned. 
[I 2026-07-13 15:16:48,545] Trial 1600 pruned. 
[I 2026-07-13 15:16:50,407] Trial 1601 pruned. 
[I 2026-07-13 15:16:51,340] Trial 1602 pruned. 
[I 2026-07-13 15:16:51,815] Trial 1603 pruned. 
[I 2026-07-13 15:16:53,806] Trial 1604 pruned. 
[I 2026-07-13 15:16:57,679] Trial 1605 pruned. 
[I 2026-07-13 15:17:02,143] Trial 1606 finished with values: [-1144.1868880394072, -13719.244912834149, 46.35] and parameters: {'sl_soft': 0.05419866012249924, 'sl_hard_delta': 0.06534430829383484, 'tp': 0.10545510650546114, 'gate_pct': 90.97354990533721, 'dd_limit': 4.866210487643857, 'cooldown': 1, 'flip': True, 'en_ema_trend': True, 'ema_trend_fast': 101, 'ema_trend_slow': 19, 'en_sma_trend': False, 'sma_trend_fast': 262, 'sma_trend_slow': 192, 'en_macd': True, 'macd_fast': 10, 'macd_slow': 196, 'macd_signal': 25, 'en_vwap': False, 'en_keltner': True, 'keltner_n': 189, 'keltner_m': 1.3, 'en_obv': False, 'obv_slope': 197, 'en_cci': False, 'cci_n': 88, 'cci_threshold': 35, 'en_rsi': False, 'rsi_n': 46, 'rsi_lower': 16, 'rsi_upper': 67, 'en_stochastic': False, 'stochastic_n': 87, 'stochastic_d': 45, 'stochastic_lower': 31, 'stochastic_upper': 78, 'en_mfi': False, 'mfi_n': 68, 'mfi_lower': 18, 'mfi_upper': 93, 'en_bollinger': True, 'bollinger_n': 70, 'bollinger_k': 3.5, 'en_adx': False, 'adx_n': 32, 'adx_threshold': 14, 'en_structure_trend': False, 'structure_trend_swing_l': 10, 'en_order_block': True, 'order_block_swing_l': 15, 'en_fvg': True, 'fvg_lookback': 44, 'en_ifvg': True, 'en_breaker': True, 'breaker_swing_l': 6, 'en_cisd': False, 'k': 1, 'en_cap_bars': True, 'cap_1min': 1237}.
[I 2026-07-13 15:17:03,944] Trial 1607 pruned. 
[I 2026-07-13 15:17:04,955] Trial 1608 pruned. 
[I 2026-07-13 15:17:06,008] Trial 1609 pruned. 
[I 2026-07-13 15:17:06,526] Trial 1610 pruned. 
[I 2026-07-13 15:17:08,411] Trial 1611 pruned. 
[I 2026-07-13 15:17:09,326] Trial 1612 pruned. 
[I 2026-07-13 15:17:10,302] Trial 1613 pruned. 
[I 2026-07-13 15:17:11,549] Trial 1614 pruned. 
[I 2026-07-13 15:17:12,818] Trial 1615 pruned. 
[I 2026-07-13 15:17:14,290] Trial 1616 pruned. 
[I 2026-07-13 15:17:15,978] Trial 1617 pruned. 
[I 2026-07-13 15:17:17,690] Trial 1618 pruned. 
[I 2026-07-13 15:17:19,123] Trial 1619 pruned. 
[I 2026-07-13 15:17:20,009] Trial 1620 pruned. 
[I 2026-07-13 15:17:22,312] Trial 1621 pruned. 
[I 2026-07-13 15:17:23,542] Trial 1622 pruned. 
[I 2026-07-13 15:17:25,356] Trial 1623 pruned. 
[I 2026-07-13 15:17:26,427] Trial 1624 pruned. 
[I 2026-07-13 15:17:29,393] Trial 1625 pruned. 
[I 2026-07-13 15:17:30,910] Trial 1626 pruned. 
[I 2026-07-13 15:17:33,011] Trial 1627 pruned. 
[I 2026-07-13 15:17:33,580] Trial 1628 pruned. 
[I 2026-07-13 15:17:35,810] Trial 1629 pruned. 
[I 2026-07-13 15:17:37,763] Trial 1630 pruned. 
[I 2026-07-13 15:17:38,171] Trial 1631 pruned. 
[I 2026-07-13 15:17:39,225] Trial 1632 pruned. 
[I 2026-07-13 15:17:39,823] Trial 1633 pruned. 
[I 2026-07-13 15:17:41,677] Trial 1634 pruned. 
[I 2026-07-13 15:17:42,735] Trial 1635 pruned. 
[I 2026-07-13 15:17:44,430] Trial 1636 pruned. 
[I 2026-07-13 15:17:46,326] Trial 1637 pruned. 
[I 2026-07-13 15:17:46,655] Trial 1638 pruned. 
[I 2026-07-13 15:17:48,043] Trial 1639 pruned. 
[I 2026-07-13 15:17:48,275] Trial 1640 pruned. 
[I 2026-07-13 15:17:49,607] Trial 1641 pruned. 
[I 2026-07-13 15:17:50,023] Trial 1642 pruned. 
[I 2026-07-13 15:17:51,149] Trial 1643 pruned. 
[I 2026-07-13 15:17:53,092] Trial 1644 pruned. 
[I 2026-07-13 15:17:53,609] Trial 1645 pruned. 
[I 2026-07-13 15:17:54,488] Trial 1646 pruned. 
[I 2026-07-13 15:17:56,103] Trial 1647 pruned. 
[I 2026-07-13 15:17:56,971] Trial 1648 pruned. 
[I 2026-07-13 15:17:57,758] Trial 1649 pruned. 
[I 2026-07-13 15:18:02,977] Trial 1650 finished with values: [1205.85216607239, -3738.14864895582, 43.95] and parameters: {'sl_soft': 0.05357069456355894, 'sl_hard_delta': 0.010346872380968307, 'tp': 0.08856609188786446, 'gate_pct': 99.87519113241727, 'dd_limit': 9.028715067859354, 'cooldown': 1, 'flip': True, 'en_ema_trend': True, 'ema_trend_fast': 8, 'ema_trend_slow': 55, 'en_sma_trend': True, 'sma_trend_fast': 61, 'sma_trend_slow': 324, 'en_macd': False, 'macd_fast': 93, 'macd_slow': 49, 'macd_signal': 75, 'en_vwap': True, 'en_keltner': True, 'keltner_n': 124, 'keltner_m': 4.8, 'en_obv': True, 'obv_slope': 167, 'en_cci': True, 'cci_n': 11, 'cci_threshold': 80, 'en_rsi': False, 'rsi_n': 62, 'rsi_lower': 40, 'rsi_upper': 93, 'en_stochastic': False, 'stochastic_n': 91, 'stochastic_d': 9, 'stochastic_lower': 1, 'stochastic_upper': 91, 'en_mfi': True, 'mfi_n': 46, 'mfi_lower': 11, 'mfi_upper': 54, 'en_bollinger': True, 'bollinger_n': 192, 'bollinger_k': 4.1, 'en_adx': False, 'adx_n': 16, 'adx_threshold': 14, 'en_structure_trend': True, 'structure_trend_swing_l': 13, 'en_order_block': True, 'order_block_swing_l': 16, 'en_fvg': True, 'fvg_lookback': 29, 'en_ifvg': False, 'en_breaker': True, 'breaker_swing_l': 3, 'en_cisd': False, 'k': 5, 'en_cap_bars': False, 'cap_1min': 220}.
[I 2026-07-13 15:18:03,586] Trial 1651 pruned. 
[I 2026-07-13 15:18:05,014] Trial 1652 pruned. 
[I 2026-07-13 15:18:06,047] Trial 1653 pruned. 
[I 2026-07-13 15:18:06,363] Trial 1654 pruned. 
[I 2026-07-13 15:18:07,496] Trial 1655 pruned. 
[I 2026-07-13 15:18:07,948] Trial 1656 pruned. 
[I 2026-07-13 15:18:09,811] Trial 1657 pruned. 
[I 2026-07-13 15:18:10,754] Trial 1658 pruned. 
[I 2026-07-13 15:18:11,589] Trial 1659 pruned. 
[I 2026-07-13 15:18:12,750] Trial 1660 pruned. 
[I 2026-07-13 15:18:14,598] Trial 1661 pruned. 
[I 2026-07-13 15:18:15,598] Trial 1662 pruned. 
[I 2026-07-13 15:18:16,914] Trial 1663 pruned. 
[I 2026-07-13 15:18:18,505] Trial 1664 pruned. 
[I 2026-07-13 15:18:18,999] Trial 1665 pruned. 
[I 2026-07-13 15:18:20,560] Trial 1666 pruned. 
[I 2026-07-13 15:18:21,810] Trial 1667 pruned. 
[I 2026-07-13 15:18:22,128] Trial 1668 pruned. 
[I 2026-07-13 15:18:23,364] Trial 1669 pruned. 
[I 2026-07-13 15:18:24,655] Trial 1670 pruned. 
[I 2026-07-13 15:18:26,436] Trial 1671 pruned. 
[I 2026-07-13 15:18:27,294] Trial 1672 pruned. 
[I 2026-07-13 15:18:28,784] Trial 1673 pruned. 
[I 2026-07-13 15:18:30,052] Trial 1674 pruned. 
[I 2026-07-13 15:18:32,217] Trial 1675 pruned. 
[I 2026-07-13 15:18:33,711] Trial 1676 pruned. 
[I 2026-07-13 15:18:35,843] Trial 1677 pruned. 
[I 2026-07-13 15:18:37,193] Trial 1678 pruned. 
[I 2026-07-13 15:18:38,770] Trial 1679 pruned. 
[I 2026-07-13 15:18:38,924] Trial 1680 pruned. 
[I 2026-07-13 15:18:40,532] Trial 1681 pruned. 
[I 2026-07-13 15:18:42,145] Trial 1682 pruned. 
[I 2026-07-13 15:18:43,289] Trial 1683 pruned. 
[I 2026-07-13 15:18:44,234] Trial 1684 pruned. 
[I 2026-07-13 15:18:45,397] Trial 1685 pruned. 
[I 2026-07-13 15:18:46,474] Trial 1686 pruned. 
[I 2026-07-13 15:18:48,077] Trial 1687 pruned. 
[I 2026-07-13 15:18:49,229] Trial 1688 pruned. 
[I 2026-07-13 15:18:50,887] Trial 1689 pruned. 
[I 2026-07-13 15:18:52,596] Trial 1690 pruned. 
[I 2026-07-13 15:18:53,088] Trial 1691 pruned. 
[I 2026-07-13 15:18:54,498] Trial 1692 pruned. 
[I 2026-07-13 15:18:55,278] Trial 1693 pruned. 
[I 2026-07-13 15:18:57,289] Trial 1694 pruned. 
[I 2026-07-13 15:18:58,034] Trial 1695 pruned. 
[I 2026-07-13 15:18:59,333] Trial 1696 pruned. 
[I 2026-07-13 15:19:00,154] Trial 1697 pruned. 
[I 2026-07-13 15:19:01,774] Trial 1698 pruned. 
[I 2026-07-13 15:19:03,323] Trial 1699 pruned. 
[I 2026-07-13 15:19:04,916] Trial 1700 pruned. 
[I 2026-07-13 15:19:06,887] Trial 1701 pruned. 
[I 2026-07-13 15:19:07,447] Trial 1702 pruned. 
[I 2026-07-13 15:19:07,973] Trial 1703 pruned. 
[I 2026-07-13 15:19:08,658] Trial 1704 pruned. 
[I 2026-07-13 15:19:20,587] Trial 1705 finished with values: [-1125.147210969022, -2025.5507717786259, 34.45] and parameters: {'sl_soft': 0.03874608371631236, 'sl_hard_delta': 0.019134119758522482, 'tp': 0.05790583845890181, 'gate_pct': 99.43810192295578, 'dd_limit': 5.937758572987326, 'cooldown': 6, 'flip': False, 'en_ema_trend': False, 'ema_trend_fast': 213, 'ema_trend_slow': 100, 'en_sma_trend': True, 'sma_trend_fast': 81, 'sma_trend_slow': 336, 'en_macd': False, 'macd_fast': 55, 'macd_slow': 125, 'macd_signal': 6, 'en_vwap': True, 'en_keltner': True, 'keltner_n': 33, 'keltner_m': 2.3, 'en_obv': True, 'obv_slope': 26, 'en_cci': False, 'cci_n': 172, 'cci_threshold': 130, 'en_rsi': False, 'rsi_n': 14, 'rsi_lower': 49, 'rsi_upper': 52, 'en_stochastic': True, 'stochastic_n': 89, 'stochastic_d': 25, 'stochastic_lower': 26, 'stochastic_upper': 66, 'en_mfi': False, 'mfi_n': 14, 'mfi_lower': 19, 'mfi_upper': 78, 'en_bollinger': True, 'bollinger_n': 2, 'bollinger_k': 3.8000000000000003, 'en_adx': True, 'adx_n': 5, 'adx_threshold': 13, 'en_structure_trend': False, 'structure_trend_swing_l': 18, 'en_order_block': False, 'order_block_swing_l': 5, 'en_fvg': True, 'fvg_lookback': 22, 'en_ifvg': True, 'en_breaker': False, 'breaker_swing_l': 7, 'en_cisd': False, 'k': 4, 'en_cap_bars': True, 'cap_1min': 457}.
[I 2026-07-13 15:19:21,882] Trial 1706 pruned. 
[I 2026-07-13 15:19:23,229] Trial 1707 pruned. 
[I 2026-07-13 15:19:24,326] Trial 1708 pruned. 
[I 2026-07-13 15:19:25,449] Trial 1709 pruned. 
[I 2026-07-13 15:19:26,089] Trial 1710 pruned. 
[I 2026-07-13 15:19:28,453] Trial 1711 pruned. 
[I 2026-07-13 15:19:30,153] Trial 1712 pruned. 
[I 2026-07-13 15:19:30,754] Trial 1713 pruned. 
[I 2026-07-13 15:19:31,291] Trial 1714 pruned. 
[I 2026-07-13 15:19:32,769] Trial 1715 pruned. 
[I 2026-07-13 15:19:35,512] Trial 1716 pruned. 
[I 2026-07-13 15:19:37,433] Trial 1717 pruned. 
[I 2026-07-13 15:19:38,666] Trial 1718 pruned. 
[I 2026-07-13 15:19:39,590] Trial 1719 pruned. 
[I 2026-07-13 15:19:39,777] Trial 1720 pruned. 
[I 2026-07-13 15:19:41,556] Trial 1721 pruned. 
[I 2026-07-13 15:19:42,943] Trial 1722 pruned. 
[I 2026-07-13 15:19:44,187] Trial 1723 pruned. 
[I 2026-07-13 15:19:46,473] Trial 1724 pruned. 
[I 2026-07-13 15:19:47,866] Trial 1725 pruned. 
[I 2026-07-13 15:19:50,125] Trial 1726 finished with values: [390.51858166079234, -4238.610814384672, 50.65] and parameters: {'sl_soft': 0.06402242315985733, 'sl_hard_delta': 0.045167432911638834, 'tp': 0.11079668569503087, 'gate_pct': 96.32228971467272, 'dd_limit': 7.808909927427094, 'cooldown': 5, 'flip': True, 'en_ema_trend': True, 'ema_trend_fast': 302, 'ema_trend_slow': 229, 'en_sma_trend': True, 'sma_trend_fast': 270, 'sma_trend_slow': 218, 'en_macd': False, 'macd_fast': 34, 'macd_slow': 33, 'macd_signal': 34, 'en_vwap': True, 'en_keltner': False, 'keltner_n': 69, 'keltner_m': 2.4000000000000004, 'en_obv': True, 'obv_slope': 81, 'en_cci': False, 'cci_n': 172, 'cci_threshold': 290, 'en_rsi': False, 'rsi_n': 83, 'rsi_lower': 25, 'rsi_upper': 80, 'en_stochastic': False, 'stochastic_n': 39, 'stochastic_d': 39, 'stochastic_lower': 15, 'stochastic_upper': 71, 'en_mfi': True, 'mfi_n': 95, 'mfi_lower': 26, 'mfi_upper': 96, 'en_bollinger': True, 'bollinger_n': 80, 'bollinger_k': 3.3000000000000003, 'en_adx': False, 'adx_n': 16, 'adx_threshold': 24, 'en_structure_trend': True, 'structure_trend_swing_l': 14, 'en_order_block': True, 'order_block_swing_l': 10, 'en_fvg': False, 'fvg_lookback': 21, 'en_ifvg': False, 'en_breaker': True, 'breaker_swing_l': 18, 'en_cisd': True, 'k': 5, 'en_cap_bars': False, 'cap_1min': 104}.
[I 2026-07-13 15:19:50,740] Trial 1727 pruned. 
[I 2026-07-13 15:19:52,494] Trial 1728 pruned. 
[I 2026-07-13 15:19:54,136] Trial 1729 pruned. 
[I 2026-07-13 15:19:55,294] Trial 1730 pruned. 
[I 2026-07-13 15:19:56,669] Trial 1731 pruned. 
[I 2026-07-13 15:20:00,652] Trial 1732 pruned. 
[I 2026-07-13 15:20:01,512] Trial 1733 pruned. 
[I 2026-07-13 15:20:02,513] Trial 1734 pruned. 
[I 2026-07-13 15:20:04,149] Trial 1735 pruned. 
[I 2026-07-13 15:20:05,930] Trial 1736 pruned. 
[I 2026-07-13 15:20:06,360] Trial 1737 pruned. 
[I 2026-07-13 15:20:08,166] Trial 1738 pruned. 
[I 2026-07-13 15:20:08,972] Trial 1739 pruned. 
[I 2026-07-13 15:20:09,693] Trial 1740 pruned. 
[I 2026-07-13 15:20:09,933] Trial 1741 pruned. 
[I 2026-07-13 15:20:12,510] Trial 1742 pruned. 
[I 2026-07-13 15:20:13,555] Trial 1743 pruned. 
[I 2026-07-13 15:20:14,580] Trial 1744 pruned. 
[I 2026-07-13 15:20:15,657] Trial 1745 pruned. 
[I 2026-07-13 15:20:17,365] Trial 1746 pruned. 
[I 2026-07-13 15:20:18,067] Trial 1747 pruned. 
[I 2026-07-13 15:20:18,312] Trial 1748 pruned. 
[I 2026-07-13 15:20:19,696] Trial 1749 pruned. 
[I 2026-07-13 15:20:21,140] Trial 1750 pruned. 
[I 2026-07-13 15:20:23,514] Trial 1751 pruned. 
[I 2026-07-13 15:20:25,076] Trial 1752 pruned. 
[I 2026-07-13 15:20:26,342] Trial 1753 pruned. 
[I 2026-07-13 15:20:26,576] Trial 1754 pruned. 
[I 2026-07-13 15:20:28,937] Trial 1755 pruned. 
[I 2026-07-13 15:20:30,497] Trial 1756 pruned. 
[I 2026-07-13 15:20:31,346] Trial 1757 pruned. 
[I 2026-07-13 15:20:32,278] Trial 1758 pruned. 
[I 2026-07-13 15:20:33,348] Trial 1759 pruned. 
[I 2026-07-13 15:20:33,524] Trial 1760 pruned. 
[I 2026-07-13 15:20:33,896] Trial 1761 pruned. 
[I 2026-07-13 15:20:34,701] Trial 1762 pruned. 
[I 2026-07-13 15:20:35,124] Trial 1763 pruned. 
[I 2026-07-13 15:20:36,350] Trial 1764 pruned. 
[I 2026-07-13 15:20:37,239] Trial 1765 pruned. 
[I 2026-07-13 15:20:38,719] Trial 1766 pruned. 
[I 2026-07-13 15:20:39,284] Trial 1767 pruned. 
[I 2026-07-13 15:20:39,829] Trial 1768 pruned. 
[I 2026-07-13 15:20:41,405] Trial 1769 pruned. 
[I 2026-07-13 15:20:42,302] Trial 1770 pruned. 
[I 2026-07-13 15:20:43,185] Trial 1771 pruned. 
[I 2026-07-13 15:20:44,647] Trial 1772 pruned. 
[I 2026-07-13 15:20:45,164] Trial 1773 pruned. 
[I 2026-07-13 15:20:46,221] Trial 1774 pruned. 
[I 2026-07-13 15:20:47,689] Trial 1775 pruned. 
