[I 2026-07-13 15:20:49,213] Trial 1776 pruned. 
[I 2026-07-13 15:20:50,472] Trial 1777 pruned. 
[I 2026-07-13 15:20:51,434] Trial 1778 pruned. 
[I 2026-07-13 15:20:52,639] Trial 1779 pruned. 
[I 2026-07-13 15:20:53,868] Trial 1780 pruned. 
[I 2026-07-13 15:20:56,995] Trial 1781 pruned. 
[I 2026-07-13 15:20:58,162] Trial 1782 pruned. 
[I 2026-07-13 15:20:59,310] Trial 1783 pruned. 
[I 2026-07-13 15:21:00,150] Trial 1784 pruned. 
[I 2026-07-13 15:21:01,459] Trial 1785 pruned. 
[I 2026-07-13 15:21:03,543] Trial 1786 pruned. 
[I 2026-07-13 15:21:06,815] Trial 1787 pruned. 
[I 2026-07-13 15:21:07,419] Trial 1788 pruned. 
[I 2026-07-13 15:21:09,416] Trial 1789 pruned. 
[I 2026-07-13 15:21:11,218] Trial 1790 pruned. 
[I 2026-07-13 15:21:13,354] Trial 1791 pruned. 
[I 2026-07-13 15:21:15,238] Trial 1792 pruned. 
[I 2026-07-13 15:21:15,593] Trial 1793 pruned. 
[I 2026-07-13 15:21:24,785] Trial 1794 finished with values: [-380.61356126672047, -1910.2885022224214, 60.7] and parameters: {'sl_soft': 0.050276826705740144, 'sl_hard_delta': 0.048252023516505566, 'tp': 0.046905875165717675, 'gate_pct': 97.66167568722003, 'dd_limit': 1.165272515908045, 'cooldown': 14, 'flip': False, 'en_ema_trend': False, 'ema_trend_fast': 30, 'ema_trend_slow': 16, 'en_sma_trend': True, 'sma_trend_fast': 82, 'sma_trend_slow': 144, 'en_macd': True, 'macd_fast': 23, 'macd_slow': 198, 'macd_signal': 98, 'en_vwap': False, 'en_keltner': True, 'keltner_n': 188, 'keltner_m': 2.7, 'en_obv': True, 'obv_slope': 63, 'en_cci': True, 'cci_n': 186, 'cci_threshold': 30, 'en_rsi': False, 'rsi_n': 37, 'rsi_lower': 46, 'rsi_upper': 72, 'en_stochastic': False, 'stochastic_n': 83, 'stochastic_d': 3, 'stochastic_lower': 42, 'stochastic_upper': 98, 'en_mfi': False, 'mfi_n': 72, 'mfi_lower': 13, 'mfi_upper': 78, 'en_bollinger': True, 'bollinger_n': 50, 'bollinger_k': 3.0, 'en_adx': True, 'adx_n': 6, 'adx_threshold': 41, 'en_structure_trend': True, 'structure_trend_swing_l': 18, 'en_order_block': False, 'order_block_swing_l': 12, 'en_fvg': False, 'fvg_lookback': 35, 'en_ifvg': True, 'en_breaker': False, 'breaker_swing_l': 12, 'en_cisd': False, 'k': 1, 'en_cap_bars': True, 'cap_1min': 1109}.
[I 2026-07-13 15:21:25,495] Trial 1795 pruned. 
[I 2026-07-13 15:21:26,368] Trial 1796 pruned. 
[I 2026-07-13 15:21:28,015] Trial 1797 pruned. 
[I 2026-07-13 15:21:28,576] Trial 1798 pruned. 
[I 2026-07-13 15:21:29,659] Trial 1799 pruned. 
[I 2026-07-13 15:21:29,802] Trial 1800 pruned. 
[I 2026-07-13 15:21:30,255] Trial 1801 pruned. 
[I 2026-07-13 15:21:32,057] Trial 1802 pruned. 
[I 2026-07-13 15:21:33,757] Trial 1803 pruned. 
[I 2026-07-13 15:21:34,927] Trial 1804 pruned. 
[I 2026-07-13 15:21:36,160] Trial 1805 pruned. 
[I 2026-07-13 15:21:36,642] Trial 1806 pruned. 
[I 2026-07-13 15:21:37,603] Trial 1807 pruned. 
[I 2026-07-13 15:21:38,608] Trial 1808 pruned. 
[I 2026-07-13 15:21:39,652] Trial 1809 pruned. 
[I 2026-07-13 15:21:40,593] Trial 1810 pruned. 
[I 2026-07-13 15:21:41,841] Trial 1811 pruned. 
[I 2026-07-13 15:21:42,820] Trial 1812 pruned. 
[I 2026-07-13 15:21:45,369] Trial 1813 pruned. 
[I 2026-07-13 15:21:46,421] Trial 1814 pruned. 
[I 2026-07-13 15:21:47,459] Trial 1815 pruned. 
[I 2026-07-13 15:21:48,453] Trial 1816 pruned. 
[I 2026-07-13 15:21:49,457] Trial 1817 pruned. 
[I 2026-07-13 15:21:50,169] Trial 1818 pruned. 
[I 2026-07-13 15:21:50,837] Trial 1819 pruned. 
[I 2026-07-13 15:21:52,319] Trial 1820 pruned. 
[I 2026-07-13 15:21:53,999] Trial 1821 pruned. 
[I 2026-07-13 15:21:55,267] Trial 1822 pruned. 
[I 2026-07-13 15:21:56,447] Trial 1823 pruned. 
[I 2026-07-13 15:21:57,009] Trial 1824 pruned. 
[I 2026-07-13 15:21:58,777] Trial 1825 pruned. 
[I 2026-07-13 15:21:59,815] Trial 1826 pruned. 
[I 2026-07-13 15:22:00,579] Trial 1827 pruned. 
[I 2026-07-13 15:22:01,690] Trial 1828 pruned. 
[I 2026-07-13 15:22:03,514] Trial 1829 pruned. 
[I 2026-07-13 15:22:04,440] Trial 1830 pruned. 
[I 2026-07-13 15:22:05,352] Trial 1831 pruned. 
[I 2026-07-13 15:22:05,985] Trial 1832 pruned. 
[I 2026-07-13 15:22:06,989] Trial 1833 pruned. 
[I 2026-07-13 15:22:07,800] Trial 1834 pruned. 
[I 2026-07-13 15:22:08,037] Trial 1835 pruned. 
[I 2026-07-13 15:22:08,775] Trial 1836 pruned. 
[I 2026-07-13 15:22:09,553] Trial 1837 pruned. 
[I 2026-07-13 15:22:10,363] Trial 1838 pruned. 
[I 2026-07-13 15:22:11,249] Trial 1839 pruned. 
[I 2026-07-13 15:22:11,435] Trial 1840 pruned. 
[I 2026-07-13 15:22:12,586] Trial 1841 pruned. 
[I 2026-07-13 15:22:13,937] Trial 1842 pruned. 
[I 2026-07-13 15:22:15,249] Trial 1843 pruned. 
[I 2026-07-13 15:22:15,704] Trial 1844 pruned. 
[I 2026-07-13 15:22:17,444] Trial 1845 pruned. 
[I 2026-07-13 15:22:18,905] Trial 1846 pruned. 
[I 2026-07-13 15:22:19,865] Trial 1847 pruned. 
[I 2026-07-13 15:22:21,840] Trial 1848 pruned. 
[I 2026-07-13 15:22:24,652] Trial 1849 pruned. 
[I 2026-07-13 15:22:25,821] Trial 1850 pruned. 
[I 2026-07-13 15:22:26,470] Trial 1851 pruned. 
[I 2026-07-13 15:22:26,633] Trial 1852 pruned. 
[I 2026-07-13 15:22:29,408] Trial 1853 pruned. 
[I 2026-07-13 15:22:31,694] Trial 1854 pruned. 
[I 2026-07-13 15:22:33,581] Trial 1855 pruned. 
[I 2026-07-13 15:22:34,013] Trial 1856 pruned. 
[I 2026-07-13 15:22:36,440] Trial 1857 pruned. 
[I 2026-07-13 15:22:38,095] Trial 1858 pruned. 
[I 2026-07-13 15:22:39,309] Trial 1859 pruned. 
[I 2026-07-13 15:22:40,883] Trial 1860 pruned. 
[I 2026-07-13 15:22:42,000] Trial 1861 pruned. 
[I 2026-07-13 15:22:43,408] Trial 1862 pruned. 
[I 2026-07-13 15:22:44,520] Trial 1863 pruned. 
[I 2026-07-13 15:22:45,289] Trial 1864 pruned. 
[I 2026-07-13 15:22:46,125] Trial 1865 pruned. 
[I 2026-07-13 15:22:47,469] Trial 1866 pruned. 
[I 2026-07-13 15:22:48,787] Trial 1867 pruned. 
[I 2026-07-13 15:22:50,532] Trial 1868 pruned. 
[I 2026-07-13 15:22:51,366] Trial 1869 pruned. 
[I 2026-07-13 15:22:52,690] Trial 1870 pruned. 
[I 2026-07-13 15:22:53,666] Trial 1871 pruned. 
[I 2026-07-13 15:22:54,697] Trial 1872 pruned. 
[I 2026-07-13 15:22:55,950] Trial 1873 pruned. 
[I 2026-07-13 15:22:57,160] Trial 1874 pruned. 
[I 2026-07-13 15:22:57,845] Trial 1875 pruned. 
[I 2026-07-13 15:22:59,137] Trial 1876 pruned. 
[I 2026-07-13 15:23:00,718] Trial 1877 pruned. 
[I 2026-07-13 15:23:01,951] Trial 1878 pruned. 
[I 2026-07-13 15:23:02,786] Trial 1879 pruned. 
[I 2026-07-13 15:23:02,939] Trial 1880 pruned. 
[I 2026-07-13 15:23:03,648] Trial 1881 pruned. 
[I 2026-07-13 15:23:05,186] Trial 1882 pruned. 
[I 2026-07-13 15:23:06,304] Trial 1883 pruned. 
[I 2026-07-13 15:23:06,755] Trial 1884 pruned. 
[I 2026-07-13 15:23:07,829] Trial 1885 pruned. 
[I 2026-07-13 15:23:09,556] Trial 1886 pruned. 
[I 2026-07-13 15:23:10,883] Trial 1887 pruned. 
[I 2026-07-13 15:23:11,997] Trial 1888 pruned. 
[I 2026-07-13 15:23:13,131] Trial 1889 pruned. 
[I 2026-07-13 15:23:14,942] Trial 1890 pruned. 
[I 2026-07-13 15:23:16,126] Trial 1891 pruned. 
[I 2026-07-13 15:23:16,660] Trial 1892 pruned. 
[I 2026-07-13 15:23:17,772] Trial 1893 pruned. 
[I 2026-07-13 15:23:21,181] Trial 1894 pruned. 
[I 2026-07-13 15:23:22,147] Trial 1895 pruned. 
[I 2026-07-13 15:23:23,152] Trial 1896 pruned. 
[I 2026-07-13 15:23:24,367] Trial 1897 pruned. 
[I 2026-07-13 15:23:25,287] Trial 1898 pruned. 
[I 2026-07-13 15:23:26,231] Trial 1899 pruned. 
[I 2026-07-13 15:23:28,030] Trial 1900 pruned. 
[I 2026-07-13 15:23:29,187] Trial 1901 pruned. 
[I 2026-07-13 15:23:30,571] Trial 1902 pruned. 
[I 2026-07-13 15:23:31,682] Trial 1903 pruned. 
[I 2026-07-13 15:23:32,463] Trial 1904 pruned. 
[I 2026-07-13 15:23:33,540] Trial 1905 pruned. 
[I 2026-07-13 15:23:36,923] Trial 1906 finished with values: [-1310.1458483926717, -8263.418470199189, 62.9] and parameters: {'sl_soft': 0.06112430088261976, 'sl_hard_delta': 0.06607657159098308, 'tp': 0.04092158104212544, 'gate_pct': 94.97650230819906, 'dd_limit': 4.1596678535630165, 'cooldown': 8, 'flip': False, 'en_ema_trend': False, 'ema_trend_fast': 149, 'ema_trend_slow': 161, 'en_sma_trend': False, 'sma_trend_fast': 397, 'sma_trend_slow': 22, 'en_macd': True, 'macd_fast': 11, 'macd_slow': 132, 'macd_signal': 89, 'en_vwap': True, 'en_keltner': True, 'keltner_n': 126, 'keltner_m': 4.1, 'en_obv': True, 'obv_slope': 184, 'en_cci': True, 'cci_n': 56, 'cci_threshold': 50, 'en_rsi': False, 'rsi_n': 74, 'rsi_lower': 46, 'rsi_upper': 90, 'en_stochastic': False, 'stochastic_n': 86, 'stochastic_d': 5, 'stochastic_lower': 40, 'stochastic_upper': 96, 'en_mfi': False, 'mfi_n': 58, 'mfi_lower': 3, 'mfi_upper': 99, 'en_bollinger': False, 'bollinger_n': 99, 'bollinger_k': 4.5, 'en_adx': False, 'adx_n': 59, 'adx_threshold': 18, 'en_structure_trend': False, 'structure_trend_swing_l': 9, 'en_order_block': True, 'order_block_swing_l': 20, 'en_fvg': True, 'fvg_lookback': 34, 'en_ifvg': False, 'en_breaker': False, 'breaker_swing_l': 6, 'en_cisd': True, 'k': 4, 'en_cap_bars': False, 'cap_1min': 577}.
[I 2026-07-13 15:23:38,074] Trial 1907 pruned. 
[I 2026-07-13 15:23:38,798] Trial 1908 pruned. 
[I 2026-07-13 15:23:39,178] Trial 1909 pruned. 
[I 2026-07-13 15:23:40,235] Trial 1910 pruned. 
[I 2026-07-13 15:23:41,820] Trial 1911 pruned. 
[I 2026-07-13 15:23:43,847] Trial 1912 pruned. 
[I 2026-07-13 15:23:44,039] Trial 1913 pruned. 
[I 2026-07-13 15:23:45,394] Trial 1914 pruned. 
[I 2026-07-13 15:23:46,502] Trial 1915 pruned. 
[I 2026-07-13 15:23:47,200] Trial 1916 pruned. 
[I 2026-07-13 15:23:48,795] Trial 1917 pruned. 
[I 2026-07-13 15:23:50,896] Trial 1918 pruned. 
[I 2026-07-13 15:23:52,584] Trial 1919 pruned. 
[I 2026-07-13 15:23:52,721] Trial 1920 pruned. 
[I 2026-07-13 15:23:54,120] Trial 1921 pruned. 
[I 2026-07-13 15:23:54,694] Trial 1922 pruned. 
[I 2026-07-13 15:23:55,673] Trial 1923 pruned. 
[I 2026-07-13 15:23:57,186] Trial 1924 pruned. 
[I 2026-07-13 15:23:58,207] Trial 1925 pruned. 
[I 2026-07-13 15:23:59,750] Trial 1926 pruned. 
[I 2026-07-13 15:24:02,886] Trial 1927 pruned. 
[I 2026-07-13 15:24:04,608] Trial 1928 pruned. 
[I 2026-07-13 15:24:06,097] Trial 1929 pruned. 
[I 2026-07-13 15:24:07,931] Trial 1930 pruned. 
[I 2026-07-13 15:24:10,184] Trial 1931 pruned. 
[I 2026-07-13 15:24:11,138] Trial 1932 pruned. 
[I 2026-07-13 15:24:12,072] Trial 1933 pruned. 
[I 2026-07-13 15:24:13,848] Trial 1934 pruned. 
[I 2026-07-13 15:24:15,293] Trial 1935 pruned. 
[I 2026-07-13 15:24:16,793] Trial 1936 pruned. 
[I 2026-07-13 15:24:17,668] Trial 1937 pruned. 
[I 2026-07-13 15:24:17,840] Trial 1938 pruned. 
[I 2026-07-13 15:24:18,693] Trial 1939 pruned. 
[I 2026-07-13 15:24:19,345] Trial 1940 pruned. 
[I 2026-07-13 15:24:20,073] Trial 1941 pruned. 
[I 2026-07-13 15:24:21,164] Trial 1942 pruned. 
[I 2026-07-13 15:24:24,749] Trial 1943 pruned. 
[I 2026-07-13 15:24:26,117] Trial 1944 pruned. 
[I 2026-07-13 15:24:27,436] Trial 1945 pruned. 
[I 2026-07-13 15:24:28,492] Trial 1946 pruned. 
[I 2026-07-13 15:24:29,504] Trial 1947 pruned. 
[I 2026-07-13 15:24:30,113] Trial 1948 pruned. 
[I 2026-07-13 15:24:31,750] Trial 1949 pruned. 
[I 2026-07-13 15:24:32,285] Trial 1950 pruned. 
[I 2026-07-13 15:24:33,234] Trial 1951 pruned. 
[I 2026-07-13 15:24:35,747] Trial 1952 finished with values: [172.0678399804498, -1032.2091503749675, 71.4] and parameters: {'sl_soft': 0.04963847535152836, 'sl_hard_delta': 0.0155516131087132, 'tp': 0.02638552866949317, 'gate_pct': 96.03464624110227, 'dd_limit': 8.747350770951359, 'cooldown': 13, 'flip': True, 'en_ema_trend': True, 'ema_trend_fast': 113, 'ema_trend_slow': 3, 'en_sma_trend': False, 'sma_trend_fast': 175, 'sma_trend_slow': 356, 'en_macd': False, 'macd_fast': 70, 'macd_slow': 133, 'macd_signal': 21, 'en_vwap': False, 'en_keltner': False, 'keltner_n': 22, 'keltner_m': 0.5, 'en_obv': True, 'obv_slope': 13, 'en_cci': True, 'cci_n': 2, 'cci_threshold': 255, 'en_rsi': True, 'rsi_n': 96, 'rsi_lower': 1, 'rsi_upper': 78, 'en_stochastic': False, 'stochastic_n': 46, 'stochastic_d': 43, 'stochastic_lower': 22, 'stochastic_upper': 72, 'en_mfi': False, 'mfi_n': 11, 'mfi_lower': 47, 'mfi_upper': 79, 'en_bollinger': False, 'bollinger_n': 128, 'bollinger_k': 0.5, 'en_adx': False, 'adx_n': 48, 'adx_threshold': 10, 'en_structure_trend': True, 'structure_trend_swing_l': 1, 'en_order_block': False, 'order_block_swing_l': 5, 'en_fvg': True, 'fvg_lookback': 40, 'en_ifvg': True, 'en_breaker': False, 'breaker_swing_l': 3, 'en_cisd': True, 'k': 2, 'en_cap_bars': True, 'cap_1min': 839}.
[I 2026-07-13 15:24:36,922] Trial 1953 pruned. 
[I 2026-07-13 15:24:39,481] Trial 1954 pruned. 
[I 2026-07-13 15:24:40,480] Trial 1955 pruned. 
[I 2026-07-13 15:24:41,564] Trial 1956 pruned. 
[I 2026-07-13 15:24:43,319] Trial 1957 pruned. 
[I 2026-07-13 15:24:45,778] Trial 1958 pruned. 
[I 2026-07-13 15:24:46,531] Trial 1959 pruned. 
[I 2026-07-13 15:24:46,890] Trial 1960 finished with values: [-188.93761386951996, -6242.527138235482, 54.3] and parameters: {'sl_soft': 0.027634806864499664, 'sl_hard_delta': 0.071573547117778, 'tp': 0.04711296357033143, 'gate_pct': 92.75016070850882, 'dd_limit': 5.4470579314750855, 'cooldown': 1, 'flip': True, 'en_ema_trend': True, 'ema_trend_fast': 17, 'ema_trend_slow': 340, 'en_sma_trend': True, 'sma_trend_fast': 290, 'sma_trend_slow': 351, 'en_macd': False, 'macd_fast': 79, 'macd_slow': 66, 'macd_signal': 47, 'en_vwap': True, 'en_keltner': True, 'keltner_n': 62, 'keltner_m': 3.9000000000000004, 'en_obv': False, 'obv_slope': 60, 'en_cci': False, 'cci_n': 25, 'cci_threshold': 205, 'en_rsi': True, 'rsi_n': 4, 'rsi_lower': 3, 'rsi_upper': 84, 'en_stochastic': False, 'stochastic_n': 78, 'stochastic_d': 30, 'stochastic_lower': 44, 'stochastic_upper': 75, 'en_mfi': False, 'mfi_n': 49, 'mfi_lower': 24, 'mfi_upper': 68, 'en_bollinger': False, 'bollinger_n': 199, 'bollinger_k': 4.300000000000001, 'en_adx': True, 'adx_n': 7, 'adx_threshold': 33, 'en_structure_trend': True, 'structure_trend_swing_l': 18, 'en_order_block': False, 'order_block_swing_l': 8, 'en_fvg': True, 'fvg_lookback': 41, 'en_ifvg': False, 'en_breaker': True, 'breaker_swing_l': 16, 'en_cisd': False, 'k': 4, 'en_cap_bars': False, 'cap_1min': 40}.
[I 2026-07-13 15:24:48,035] Trial 1961 pruned. 
[I 2026-07-13 15:24:49,921] Trial 1962 pruned. 
[I 2026-07-13 15:24:50,280] Trial 1963 pruned. 
[I 2026-07-13 15:24:50,676] Trial 1964 pruned. 
[I 2026-07-13 15:24:51,973] Trial 1965 pruned. 
[I 2026-07-13 15:24:52,582] Trial 1966 pruned. 
[I 2026-07-13 15:24:54,144] Trial 1967 pruned. 
[I 2026-07-13 15:24:54,665] Trial 1968 pruned. 
[I 2026-07-13 15:24:55,444] Trial 1969 pruned. 
[I 2026-07-13 15:24:57,218] Trial 1970 pruned. 
[I 2026-07-13 15:24:58,024] Trial 1971 pruned. 
[I 2026-07-13 15:24:59,218] Trial 1972 pruned. 
[I 2026-07-13 15:24:59,994] Trial 1973 pruned. 
[I 2026-07-13 15:25:02,003] Trial 1974 pruned. 
[I 2026-07-13 15:25:03,029] Trial 1975 pruned. 
[I 2026-07-13 15:25:04,769] Trial 1976 pruned. 
[I 2026-07-13 15:25:05,958] Trial 1977 pruned. 
[I 2026-07-13 15:25:07,527] Trial 1978 pruned. 
[I 2026-07-13 15:25:09,087] Trial 1979 pruned. 
[I 2026-07-13 15:25:10,087] Trial 1980 pruned. 
[I 2026-07-13 15:25:10,672] Trial 1981 pruned. 
[I 2026-07-13 15:25:12,683] Trial 1982 pruned. 
[I 2026-07-13 15:25:14,007] Trial 1983 pruned. 
[I 2026-07-13 15:25:15,630] Trial 1984 pruned. 
[I 2026-07-13 15:25:17,296] Trial 1985 pruned. 
[I 2026-07-13 15:25:18,765] Trial 1986 pruned. 
[I 2026-07-13 15:25:21,205] Trial 1987 pruned. 
[I 2026-07-13 15:25:21,810] Trial 1988 pruned. 
[I 2026-07-13 15:25:22,632] Trial 1989 pruned. 
[I 2026-07-13 15:25:23,703] Trial 1990 pruned. 
[I 2026-07-13 15:25:24,763] Trial 1991 pruned. 
[I 2026-07-13 15:25:26,329] Trial 1992 pruned. 
[I 2026-07-13 15:25:28,116] Trial 1993 pruned. 
[I 2026-07-13 15:25:28,824] Trial 1994 pruned. 
[I 2026-07-13 15:25:29,794] Trial 1995 pruned. 
[I 2026-07-13 15:25:30,286] Trial 1996 pruned. 
[I 2026-07-13 15:25:30,533] Trial 1997 pruned. 
[I 2026-07-13 15:25:31,660] Trial 1998 pruned. 
[I 2026-07-13 15:25:32,489] Trial 1999 pruned. 
[I 2026-07-13 15:25:32,721] Trial 2000 pruned. 
[I 2026-07-13 15:25:33,151] Trial 2001 pruned. 
[I 2026-07-13 15:25:34,135] Trial 2002 pruned. 
[I 2026-07-13 15:25:35,313] Trial 2003 pruned. 
[I 2026-07-13 15:25:37,243] Trial 2004 pruned. 
[I 2026-07-13 15:25:37,909] Trial 2005 pruned. 
[I 2026-07-13 15:25:38,605] Trial 2006 pruned. 
[I 2026-07-13 15:25:39,798] Trial 2007 pruned. 
[I 2026-07-13 15:25:41,310] Trial 2008 pruned. 
[I 2026-07-13 15:25:42,354] Trial 2009 pruned. 
[I 2026-07-13 15:25:45,218] Trial 2010 pruned. 
[I 2026-07-13 15:25:46,219] Trial 2011 pruned. 
[I 2026-07-13 15:25:46,859] Trial 2012 pruned. 
[I 2026-07-13 15:25:47,917] Trial 2013 pruned. 
[I 2026-07-13 15:25:48,332] Trial 2014 pruned. 
[I 2026-07-13 15:25:49,868] Trial 2015 pruned. 
[I 2026-07-13 15:25:50,603] Trial 2016 pruned. 
[I 2026-07-13 15:25:52,432] Trial 2017 pruned. 
[I 2026-07-13 15:25:57,059] Trial 2018 pruned. 
[I 2026-07-13 15:25:58,334] Trial 2019 pruned. 
[I 2026-07-13 15:25:58,932] Trial 2020 pruned. 
[I 2026-07-13 15:26:00,132] Trial 2021 pruned. 
[I 2026-07-13 15:26:00,735] Trial 2022 pruned. 
[I 2026-07-13 15:26:02,081] Trial 2023 pruned. 
[I 2026-07-13 15:26:03,716] Trial 2024 pruned. 
[I 2026-07-13 15:26:04,687] Trial 2025 pruned. 
[I 2026-07-13 15:26:05,632] Trial 2026 pruned. 
[I 2026-07-13 15:26:12,634] Trial 2027 finished with values: [-1006.7076403310442, -9768.67739863255, 50.05] and parameters: {'sl_soft': 0.020946417921365146, 'sl_hard_delta': 0.08493686481956392, 'tp': 0.054189112010936735, 'gate_pct': 98.80229380351075, 'dd_limit': 7.351713918926211, 'cooldown': 0, 'flip': True, 'en_ema_trend': True, 'ema_trend_fast': 176, 'ema_trend_slow': 231, 'en_sma_trend': True, 'sma_trend_fast': 166, 'sma_trend_slow': 28, 'en_macd': False, 'macd_fast': 64, 'macd_slow': 170, 'macd_signal': 37, 'en_vwap': True, 'en_keltner': False, 'keltner_n': 13, 'keltner_m': 4.8, 'en_obv': True, 'obv_slope': 76, 'en_cci': True, 'cci_n': 8, 'cci_threshold': 170, 'en_rsi': False, 'rsi_n': 21, 'rsi_lower': 43, 'rsi_upper': 74, 'en_stochastic': True, 'stochastic_n': 31, 'stochastic_d': 29, 'stochastic_lower': 9, 'stochastic_upper': 87, 'en_mfi': False, 'mfi_n': 44, 'mfi_lower': 26, 'mfi_upper': 65, 'en_bollinger': True, 'bollinger_n': 142, 'bollinger_k': 4.1, 'en_adx': False, 'adx_n': 8, 'adx_threshold': 55, 'en_structure_trend': True, 'structure_trend_swing_l': 19, 'en_order_block': True, 'order_block_swing_l': 4, 'en_fvg': False, 'fvg_lookback': 30, 'en_ifvg': True, 'en_breaker': False, 'breaker_swing_l': 20, 'en_cisd': True, 'k': 2, 'en_cap_bars': True, 'cap_1min': 1189}.
[I 2026-07-13 15:26:13,007] Trial 2028 pruned. 
[I 2026-07-13 15:26:14,241] Trial 2029 pruned. 
[I 2026-07-13 15:26:16,282] Trial 2030 pruned. 
[I 2026-07-13 15:26:18,330] Trial 2031 pruned. 
[I 2026-07-13 15:26:19,369] Trial 2032 pruned. 
[I 2026-07-13 15:26:20,648] Trial 2033 pruned. 
[I 2026-07-13 15:26:21,605] Trial 2034 pruned. 
[I 2026-07-13 15:26:22,627] Trial 2035 pruned. 
[I 2026-07-13 15:26:24,048] Trial 2036 pruned. 
[I 2026-07-13 15:26:24,905] Trial 2037 pruned. 
[I 2026-07-13 15:26:26,385] Trial 2038 pruned. 
[I 2026-07-13 15:26:27,418] Trial 2039 pruned. 
[I 2026-07-13 15:26:27,611] Trial 2040 pruned. 
[I 2026-07-13 15:26:28,555] Trial 2041 pruned. 
[I 2026-07-13 15:26:30,759] Trial 2042 pruned. 
[I 2026-07-13 15:26:31,813] Trial 2043 pruned. 
[I 2026-07-13 15:26:32,188] Trial 2044 pruned. 
[I 2026-07-13 15:26:33,445] Trial 2045 pruned. 
[I 2026-07-13 15:26:34,703] Trial 2046 pruned. 
[I 2026-07-13 15:26:36,189] Trial 2047 pruned. 
[I 2026-07-13 15:26:37,645] Trial 2048 pruned. 
[I 2026-07-13 15:26:38,651] Trial 2049 pruned. 
[I 2026-07-13 15:26:38,980] Trial 2050 pruned. 
[I 2026-07-13 15:26:41,421] Trial 2051 pruned. 
[I 2026-07-13 15:26:42,802] Trial 2052 pruned. 
[I 2026-07-13 15:26:43,784] Trial 2053 pruned. 
[I 2026-07-13 15:26:46,050] Trial 2054 pruned. 
[I 2026-07-13 15:26:48,398] Trial 2055 pruned. 
[I 2026-07-13 15:26:48,728] Trial 2056 pruned. 
[I 2026-07-13 15:26:50,342] Trial 2057 pruned. 
[I 2026-07-13 15:26:51,243] Trial 2058 pruned. 
[I 2026-07-13 15:26:51,837] Trial 2059 pruned. 
[I 2026-07-13 15:26:53,702] Trial 2060 pruned. 
[I 2026-07-13 15:26:54,605] Trial 2061 pruned. 
[I 2026-07-13 15:26:56,192] Trial 2062 pruned. 
[I 2026-07-13 15:26:57,181] Trial 2063 pruned. 
[I 2026-07-13 15:26:57,690] Trial 2064 pruned. 
[I 2026-07-13 15:26:58,629] Trial 2065 pruned. 
[I 2026-07-13 15:26:59,706] Trial 2066 pruned. 
[I 2026-07-13 15:27:02,306] Trial 2067 pruned. 
[I 2026-07-13 15:27:03,392] Trial 2068 pruned. 
[I 2026-07-13 15:27:03,753] Trial 2069 pruned. 
[I 2026-07-13 15:27:04,672] Trial 2070 pruned. 
[I 2026-07-13 15:27:06,891] Trial 2071 pruned. 
[I 2026-07-13 15:27:07,863] Trial 2072 pruned. 
[I 2026-07-13 15:27:09,242] Trial 2073 pruned. 
[I 2026-07-13 15:27:10,274] Trial 2074 pruned. 
[I 2026-07-13 15:27:11,231] Trial 2075 pruned. 
[I 2026-07-13 15:27:12,646] Trial 2076 pruned. 
[I 2026-07-13 15:27:14,507] Trial 2077 pruned. 
[I 2026-07-13 15:27:16,102] Trial 2078 pruned. 
[I 2026-07-13 15:27:17,789] Trial 2079 pruned. 
