[I 2026-07-13 16:21:19,325] Trial 4036 finished with values: [-152.45391668658576, -6075.3296313604815, 28.849999999999998] and parameters: {'sl_soft': 0.02949052716025995, 'sl_hard_delta': 0.10879162926439315, 'tp': 0.18978054300184755, 'gate_pct': 99.55888908721671, 'dd_limit': 2.4528084273798805, 'cooldown': 2, 'flip': True, 'en_ema_trend': True, 'ema_trend_fast': 270, 'ema_trend_slow': 294, 'en_sma_trend': False, 'sma_trend_fast': 105, 'sma_trend_slow': 325, 'en_macd': False, 'macd_fast': 64, 'macd_slow': 3, 'macd_signal': 3, 'en_vwap': False, 'en_keltner': True, 'keltner_n': 43, 'keltner_m': 0.7, 'en_obv': True, 'obv_slope': 129, 'en_cci': True, 'cci_n': 7, 'cci_threshold': 145, 'en_rsi': True, 'rsi_n': 73, 'rsi_lower': 31, 'rsi_upper': 58, 'en_stochastic': True, 'stochastic_n': 6, 'stochastic_d': 43, 'stochastic_lower': 4, 'stochastic_upper': 87, 'en_mfi': True, 'mfi_n': 60, 'mfi_lower': 23, 'mfi_upper': 57, 'en_bollinger': False, 'bollinger_n': 169, 'bollinger_k': 4.2, 'en_adx': False, 'adx_n': 22, 'adx_threshold': 49, 'en_structure_trend': False, 'structure_trend_swing_l': 7, 'en_order_block': False, 'order_block_swing_l': 4, 'en_fvg': False, 'fvg_lookback': 32, 'en_ifvg': False, 'en_breaker': False, 'breaker_swing_l': 14, 'en_cisd': True, 'k': 3, 'en_cap_bars': True, 'cap_1min': 878}.
[I 2026-07-13 16:21:20,027] Trial 4037 finished with values: [2933.640365086596, -2595.3678641248953, 45.849999999999994] and parameters: {'sl_soft': 0.035486083657367995, 'sl_hard_delta': 0.04269284514679842, 'tp': 0.16369789677360067, 'gate_pct': 99.55888908721671, 'dd_limit': 5.319419455229414, 'cooldown': 2, 'flip': True, 'en_ema_trend': False, 'ema_trend_fast': 114, 'ema_trend_slow': 294, 'en_sma_trend': False, 'sma_trend_fast': 198, 'sma_trend_slow': 325, 'en_macd': True, 'macd_fast': 10, 'macd_slow': 72, 'macd_signal': 19, 'en_vwap': False, 'en_keltner': False, 'keltner_n': 153, 'keltner_m': 2.1, 'en_obv': True, 'obv_slope': 146, 'en_cci': True, 'cci_n': 172, 'cci_threshold': 135, 'en_rsi': False, 'rsi_n': 96, 'rsi_lower': 18, 'rsi_upper': 58, 'en_stochastic': False, 'stochastic_n': 82, 'stochastic_d': 43, 'stochastic_lower': 21, 'stochastic_upper': 78, 'en_mfi': True, 'mfi_n': 8, 'mfi_lower': 11, 'mfi_upper': 51, 'en_bollinger': False, 'bollinger_n': 17, 'bollinger_k': 4.2, 'en_adx': False, 'adx_n': 11, 'adx_threshold': 47, 'en_structure_trend': False, 'structure_trend_swing_l': 7, 'en_order_block': False, 'order_block_swing_l': 5, 'en_fvg': True, 'fvg_lookback': 7, 'en_ifvg': False, 'en_breaker': False, 'breaker_swing_l': 20, 'en_cisd': False, 'k': 4, 'en_cap_bars': True, 'cap_1min': 59}.
[I 2026-07-13 16:21:22,453] Trial 4038 pruned. 
[I 2026-07-13 16:21:22,930] Trial 4039 pruned. 
[I 2026-07-13 16:21:23,626] Trial 4040 finished with values: [674.4612145236854, -5404.461893500999, 41.0] and parameters: {'sl_soft': 0.07922784441362493, 'sl_hard_delta': 0.03015108663934192, 'tp': 0.16369789677360067, 'gate_pct': 97.66578486655469, 'dd_limit': 2.4528084273798805, 'cooldown': 6, 'flip': True, 'en_ema_trend': True, 'ema_trend_fast': 114, 'ema_trend_slow': 260, 'en_sma_trend': False, 'sma_trend_fast': 105, 'sma_trend_slow': 325, 'en_macd': False, 'macd_fast': 64, 'macd_slow': 53, 'macd_signal': 3, 'en_vwap': True, 'en_keltner': False, 'keltner_n': 99, 'keltner_m': 1.9000000000000001, 'en_obv': True, 'obv_slope': 129, 'en_cci': True, 'cci_n': 197, 'cci_threshold': 145, 'en_rsi': True, 'rsi_n': 73, 'rsi_lower': 9, 'rsi_upper': 58, 'en_stochastic': False, 'stochastic_n': 6, 'stochastic_d': 28, 'stochastic_lower': 21, 'stochastic_upper': 97, 'en_mfi': False, 'mfi_n': 60, 'mfi_lower': 12, 'mfi_upper': 57, 'en_bollinger': True, 'bollinger_n': 149, 'bollinger_k': 4.2, 'en_adx': False, 'adx_n': 39, 'adx_threshold': 49, 'en_structure_trend': False, 'structure_trend_swing_l': 1, 'en_order_block': False, 'order_block_swing_l': 4, 'en_fvg': False, 'fvg_lookback': 32, 'en_ifvg': False, 'en_breaker': True, 'breaker_swing_l': 14, 'en_cisd': True, 'k': 3, 'en_cap_bars': True, 'cap_1min': 1239}.
[I 2026-07-13 16:21:26,048] Trial 4041 finished with values: [-2307.3674527759104, -7236.664291030833, 18.1] and parameters: {'sl_soft': 0.02949052716025995, 'sl_hard_delta': 0.10879162926439315, 'tp': 0.18978054300184755, 'gate_pct': 99.55888908721671, 'dd_limit': 6.844711394584541, 'cooldown': 6, 'flip': True, 'en_ema_trend': False, 'ema_trend_fast': 323, 'ema_trend_slow': 294, 'en_sma_trend': False, 'sma_trend_fast': 157, 'sma_trend_slow': 325, 'en_macd': False, 'macd_fast': 64, 'macd_slow': 53, 'macd_signal': 61, 'en_vwap': False, 'en_keltner': True, 'keltner_n': 43, 'keltner_m': 1.1, 'en_obv': True, 'obv_slope': 19, 'en_cci': True, 'cci_n': 134, 'cci_threshold': 145, 'en_rsi': False, 'rsi_n': 7, 'rsi_lower': 9, 'rsi_upper': 58, 'en_stochastic': False, 'stochastic_n': 6, 'stochastic_d': 43, 'stochastic_lower': 21, 'stochastic_upper': 87, 'en_mfi': False, 'mfi_n': 60, 'mfi_lower': 11, 'mfi_upper': 70, 'en_bollinger': False, 'bollinger_n': 169, 'bollinger_k': 1.1, 'en_adx': False, 'adx_n': 22, 'adx_threshold': 49, 'en_structure_trend': False, 'structure_trend_swing_l': 7, 'en_order_block': False, 'order_block_swing_l': 4, 'en_fvg': True, 'fvg_lookback': 19, 'en_ifvg': False, 'en_breaker': False, 'breaker_swing_l': 14, 'en_cisd': True, 'k': 1, 'en_cap_bars': True, 'cap_1min': 1239}.
[I 2026-07-13 16:21:26,856] Trial 4042 finished with values: [-341.1720749532954, -2210.139098158308, 72.95] and parameters: {'sl_soft': 0.08345559528832464, 'sl_hard_delta': 0.10879162926439315, 'tp': 0.04490461800882547, 'gate_pct': 99.12973389262724, 'dd_limit': 2.4528084273798805, 'cooldown': 6, 'flip': True, 'en_ema_trend': False, 'ema_trend_fast': 270, 'ema_trend_slow': 391, 'en_sma_trend': False, 'sma_trend_fast': 198, 'sma_trend_slow': 319, 'en_macd': False, 'macd_fast': 64, 'macd_slow': 53, 'macd_signal': 73, 'en_vwap': False, 'en_keltner': False, 'keltner_n': 43, 'keltner_m': 0.5, 'en_obv': True, 'obv_slope': 129, 'en_cci': True, 'cci_n': 134, 'cci_threshold': 140, 'en_rsi': True, 'rsi_n': 73, 'rsi_lower': 26, 'rsi_upper': 58, 'en_stochastic': True, 'stochastic_n': 82, 'stochastic_d': 6, 'stochastic_lower': 22, 'stochastic_upper': 75, 'en_mfi': False, 'mfi_n': 27, 'mfi_lower': 45, 'mfi_upper': 57, 'en_bollinger': True, 'bollinger_n': 83, 'bollinger_k': 3.6, 'en_adx': False, 'adx_n': 22, 'adx_threshold': 49, 'en_structure_trend': False, 'structure_trend_swing_l': 1, 'en_order_block': True, 'order_block_swing_l': 10, 'en_fvg': False, 'fvg_lookback': 9, 'en_ifvg': False, 'en_breaker': False, 'breaker_swing_l': 19, 'en_cisd': True, 'k': 2, 'en_cap_bars': False, 'cap_1min': 1353}.
[I 2026-07-13 16:21:32,254] Trial 4043 finished with values: [1996.0498066174994, -3296.1795479928214, 51.2] and parameters: {'sl_soft': 0.07787542705544737, 'sl_hard_delta': 0.17424252774383417, 'tp': 0.16369789677360067, 'gate_pct': 97.66578486655469, 'dd_limit': 3.021375135532224, 'cooldown': 2, 'flip': True, 'en_ema_trend': False, 'ema_trend_fast': 113, 'ema_trend_slow': 397, 'en_sma_trend': False, 'sma_trend_fast': 44, 'sma_trend_slow': 319, 'en_macd': False, 'macd_fast': 70, 'macd_slow': 72, 'macd_signal': 61, 'en_vwap': False, 'en_keltner': False, 'keltner_n': 135, 'keltner_m': 0.5, 'en_obv': True, 'obv_slope': 13, 'en_cci': True, 'cci_n': 172, 'cci_threshold': 290, 'en_rsi': True, 'rsi_n': 71, 'rsi_lower': 1, 'rsi_upper': 58, 'en_stochastic': True, 'stochastic_n': 82, 'stochastic_d': 28, 'stochastic_lower': 4, 'stochastic_upper': 78, 'en_mfi': False, 'mfi_n': 97, 'mfi_lower': 11, 'mfi_upper': 70, 'en_bollinger': False, 'bollinger_n': 169, 'bollinger_k': 4.2, 'en_adx': False, 'adx_n': 48, 'adx_threshold': 47, 'en_structure_trend': False, 'structure_trend_swing_l': 1, 'en_order_block': False, 'order_block_swing_l': 5, 'en_fvg': False, 'fvg_lookback': 19, 'en_ifvg': True, 'en_breaker': False, 'breaker_swing_l': 18, 'en_cisd': True, 'k': 3, 'en_cap_bars': True, 'cap_1min': 839}.
[I 2026-07-13 16:21:33,613] Trial 4044 finished with values: [322.32957367789083, -3131.9705837591623, 58.75] and parameters: {'sl_soft': 0.035486083657367995, 'sl_hard_delta': 0.00457699733972642, 'tp': 0.03810555008976396, 'gate_pct': 97.66578486655469, 'dd_limit': 3.021375135532224, 'cooldown': 2, 'flip': True, 'en_ema_trend': False, 'ema_trend_fast': 342, 'ema_trend_slow': 397, 'en_sma_trend': False, 'sma_trend_fast': 44, 'sma_trend_slow': 117, 'en_macd': True, 'macd_fast': 2, 'macd_slow': 188, 'macd_signal': 19, 'en_vwap': False, 'en_keltner': True, 'keltner_n': 135, 'keltner_m': 3.0, 'en_obv': True, 'obv_slope': 146, 'en_cci': True, 'cci_n': 134, 'cci_threshold': 145, 'en_rsi': True, 'rsi_n': 56, 'rsi_lower': 31, 'rsi_upper': 94, 'en_stochastic': True, 'stochastic_n': 62, 'stochastic_d': 28, 'stochastic_lower': 21, 'stochastic_upper': 91, 'en_mfi': True, 'mfi_n': 97, 'mfi_lower': 16, 'mfi_upper': 57, 'en_bollinger': False, 'bollinger_n': 23, 'bollinger_k': 4.2, 'en_adx': False, 'adx_n': 22, 'adx_threshold': 48, 'en_structure_trend': False, 'structure_trend_swing_l': 12, 'en_order_block': False, 'order_block_swing_l': 20, 'en_fvg': False, 'fvg_lookback': 7, 'en_ifvg': False, 'en_breaker': True, 'breaker_swing_l': 20, 'en_cisd': True, 'k': 4, 'en_cap_bars': False, 'cap_1min': 1243}.
[I 2026-07-13 16:21:34,080] Trial 4045 pruned. 
[I 2026-07-13 16:21:34,469] Trial 4046 finished with values: [-240.24321247697617, -3617.061878006709, 38.099999999999994] and parameters: {'sl_soft': 0.07922784441362493, 'sl_hard_delta': 0.18214915788981723, 'tp': 0.18978054300184755, 'gate_pct': 99.55888908721671, 'dd_limit': 7.364744278329123, 'cooldown': 6, 'flip': True, 'en_ema_trend': True, 'ema_trend_fast': 23, 'ema_trend_slow': 294, 'en_sma_trend': False, 'sma_trend_fast': 331, 'sma_trend_slow': 379, 'en_macd': True, 'macd_fast': 64, 'macd_slow': 53, 'macd_signal': 45, 'en_vwap': True, 'en_keltner': False, 'keltner_n': 43, 'keltner_m': 0.7, 'en_obv': False, 'obv_slope': 19, 'en_cci': True, 'cci_n': 7, 'cci_threshold': 145, 'en_rsi': False, 'rsi_n': 73, 'rsi_lower': 2, 'rsi_upper': 74, 'en_stochastic': False, 'stochastic_n': 6, 'stochastic_d': 32, 'stochastic_lower': 21, 'stochastic_upper': 97, 'en_mfi': False, 'mfi_n': 60, 'mfi_lower': 23, 'mfi_upper': 57, 'en_bollinger': True, 'bollinger_n': 172, 'bollinger_k': 1.1, 'en_adx': False, 'adx_n': 35, 'adx_threshold': 49, 'en_structure_trend': True, 'structure_trend_swing_l': 7, 'en_order_block': False, 'order_block_swing_l': 18, 'en_fvg': False, 'fvg_lookback': 50, 'en_ifvg': False, 'en_breaker': False, 'breaker_swing_l': 14, 'en_cisd': True, 'k': 1, 'en_cap_bars': False, 'cap_1min': 495}.
[I 2026-07-13 16:21:35,091] Trial 4047 pruned. 
[I 2026-07-13 16:21:41,284] Trial 4048 finished with values: [64.54875104259031, -9371.998964966187, 71.6] and parameters: {'sl_soft': 0.07787542705544737, 'sl_hard_delta': 0.03015108663934192, 'tp': 0.04490461800882547, 'gate_pct': 97.66578486655469, 'dd_limit': 3.021375135532224, 'cooldown': 0, 'flip': True, 'en_ema_trend': True, 'ema_trend_fast': 342, 'ema_trend_slow': 260, 'en_sma_trend': False, 'sma_trend_fast': 105, 'sma_trend_slow': 325, 'en_macd': False, 'macd_fast': 2, 'macd_slow': 3, 'macd_signal': 61, 'en_vwap': False, 'en_keltner': False, 'keltner_n': 135, 'keltner_m': 0.7, 'en_obv': True, 'obv_slope': 13, 'en_cci': True, 'cci_n': 197, 'cci_threshold': 145, 'en_rsi': False, 'rsi_n': 96, 'rsi_lower': 9, 'rsi_upper': 58, 'en_stochastic': True, 'stochastic_n': 82, 'stochastic_d': 28, 'stochastic_lower': 4, 'stochastic_upper': 91, 'en_mfi': False, 'mfi_n': 97, 'mfi_lower': 11, 'mfi_upper': 57, 'en_bollinger': True, 'bollinger_n': 23, 'bollinger_k': 4.2, 'en_adx': False, 'adx_n': 22, 'adx_threshold': 47, 'en_structure_trend': False, 'structure_trend_swing_l': 6, 'en_order_block': False, 'order_block_swing_l': 20, 'en_fvg': True, 'fvg_lookback': 40, 'en_ifvg': False, 'en_breaker': False, 'breaker_swing_l': 20, 'en_cisd': True, 'k': 3, 'en_cap_bars': True, 'cap_1min': 1243}.
[I 2026-07-13 16:21:48,540] Trial 4049 finished with values: [2851.845202342798, -4544.570743072355, 35.0] and parameters: {'sl_soft': 0.02949052716025995, 'sl_hard_delta': 0.05280977471915283, 'tp': 0.16369789677360067, 'gate_pct': 99.55888908721671, 'dd_limit': 6.844711394584541, 'cooldown': 0, 'flip': True, 'en_ema_trend': True, 'ema_trend_fast': 309, 'ema_trend_slow': 397, 'en_sma_trend': False, 'sma_trend_fast': 44, 'sma_trend_slow': 319, 'en_macd': True, 'macd_fast': 10, 'macd_slow': 53, 'macd_signal': 61, 'en_vwap': True, 'en_keltner': False, 'keltner_n': 153, 'keltner_m': 0.7, 'en_obv': True, 'obv_slope': 19, 'en_cci': True, 'cci_n': 7, 'cci_threshold': 145, 'en_rsi': True, 'rsi_n': 71, 'rsi_lower': 9, 'rsi_upper': 58, 'en_stochastic': True, 'stochastic_n': 6, 'stochastic_d': 28, 'stochastic_lower': 36, 'stochastic_upper': 97, 'en_mfi': False, 'mfi_n': 60, 'mfi_lower': 11, 'mfi_upper': 57, 'en_bollinger': False, 'bollinger_n': 169, 'bollinger_k': 1.0, 'en_adx': False, 'adx_n': 22, 'adx_threshold': 47, 'en_structure_trend': True, 'structure_trend_swing_l': 4, 'en_order_block': False, 'order_block_swing_l': 4, 'en_fvg': True, 'fvg_lookback': 32, 'en_ifvg': False, 'en_breaker': False, 'breaker_swing_l': 14, 'en_cisd': True, 'k': 3, 'en_cap_bars': False, 'cap_1min': 1243}.
[I 2026-07-13 16:21:49,828] Trial 4050 finished with values: [-785.6392441651394, -4720.340529310292, 67.5] and parameters: {'sl_soft': 0.06423559890121558, 'sl_hard_delta': 0.17424252774383417, 'tp': 0.03810555008976396, 'gate_pct': 99.55888908721671, 'dd_limit': 3.021375135532224, 'cooldown': 6, 'flip': True, 'en_ema_trend': True, 'ema_trend_fast': 342, 'ema_trend_slow': 294, 'en_sma_trend': False, 'sma_trend_fast': 105, 'sma_trend_slow': 319, 'en_macd': True, 'macd_fast': 64, 'macd_slow': 53, 'macd_signal': 3, 'en_vwap': False, 'en_keltner': True, 'keltner_n': 135, 'keltner_m': 0.7, 'en_obv': True, 'obv_slope': 92, 'en_cci': True, 'cci_n': 7, 'cci_threshold': 145, 'en_rsi': True, 'rsi_n': 73, 'rsi_lower': 9, 'rsi_upper': 94, 'en_stochastic': True, 'stochastic_n': 6, 'stochastic_d': 28, 'stochastic_lower': 21, 'stochastic_upper': 97, 'en_mfi': False, 'mfi_n': 60, 'mfi_lower': 23, 'mfi_upper': 70, 'en_bollinger': False, 'bollinger_n': 155, 'bollinger_k': 1.1, 'en_adx': False, 'adx_n': 39, 'adx_threshold': 49, 'en_structure_trend': False, 'structure_trend_swing_l': 12, 'en_order_block': False, 'order_block_swing_l': 4, 'en_fvg': True, 'fvg_lookback': 32, 'en_ifvg': False, 'en_breaker': False, 'breaker_swing_l': 20, 'en_cisd': True, 'k': 1, 'en_cap_bars': False, 'cap_1min': 1239}.
[I 2026-07-13 16:21:55,514] Trial 4051 finished with values: [1197.5668295004564, -5998.722880102961, 38.75] and parameters: {'sl_soft': 0.02949052716025995, 'sl_hard_delta': 0.17424252774383417, 'tp': 0.18978054300184755, 'gate_pct': 97.66578486655469, 'dd_limit': 6.844711394584541, 'cooldown': 2, 'flip': True, 'en_ema_trend': True, 'ema_trend_fast': 342, 'ema_trend_slow': 294, 'en_sma_trend': False, 'sma_trend_fast': 198, 'sma_trend_slow': 325, 'en_macd': False, 'macd_fast': 64, 'macd_slow': 3, 'macd_signal': 61, 'en_vwap': False, 'en_keltner': True, 'keltner_n': 135, 'keltner_m': 2.1, 'en_obv': True, 'obv_slope': 19, 'en_cci': True, 'cci_n': 7, 'cci_threshold': 145, 'en_rsi': True, 'rsi_n': 95, 'rsi_lower': 9, 'rsi_upper': 58, 'en_stochastic': True, 'stochastic_n': 38, 'stochastic_d': 43, 'stochastic_lower': 21, 'stochastic_upper': 87, 'en_mfi': False, 'mfi_n': 60, 'mfi_lower': 11, 'mfi_upper': 57, 'en_bollinger': False, 'bollinger_n': 31, 'bollinger_k': 4.2, 'en_adx': False, 'adx_n': 22, 'adx_threshold': 49, 'en_structure_trend': False, 'structure_trend_swing_l': 7, 'en_order_block': False, 'order_block_swing_l': 4, 'en_fvg': False, 'fvg_lookback': 32, 'en_ifvg': False, 'en_breaker': False, 'breaker_swing_l': 18, 'en_cisd': True, 'k': 3, 'en_cap_bars': True, 'cap_1min': 878}.
[I 2026-07-13 16:21:56,037] Trial 4052 finished with values: [1426.856501951761, -3545.8095088203836, 80.9] and parameters: {'sl_soft': 0.06423559890121558, 'sl_hard_delta': 0.17424252774383417, 'tp': 0.03810555008976396, 'gate_pct': 97.66578486655469, 'dd_limit': 3.021375135532224, 'cooldown': 0, 'flip': True, 'en_ema_trend': False, 'ema_trend_fast': 342, 'ema_trend_slow': 397, 'en_sma_trend': False, 'sma_trend_fast': 198, 'sma_trend_slow': 319, 'en_macd': True, 'macd_fast': 2, 'macd_slow': 123, 'macd_signal': 19, 'en_vwap': False, 'en_keltner': False, 'keltner_n': 135, 'keltner_m': 2.1, 'en_obv': True, 'obv_slope': 92, 'en_cci': True, 'cci_n': 134, 'cci_threshold': 145, 'en_rsi': True, 'rsi_n': 95, 'rsi_lower': 31, 'rsi_upper': 94, 'en_stochastic': True, 'stochastic_n': 98, 'stochastic_d': 28, 'stochastic_lower': 21, 'stochastic_upper': 91, 'en_mfi': False, 'mfi_n': 97, 'mfi_lower': 11, 'mfi_upper': 70, 'en_bollinger': False, 'bollinger_n': 155, 'bollinger_k': 4.2, 'en_adx': False, 'adx_n': 22, 'adx_threshold': 47, 'en_structure_trend': False, 'structure_trend_swing_l': 12, 'en_order_block': False, 'order_block_swing_l': 20, 'en_fvg': True, 'fvg_lookback': 7, 'en_ifvg': False, 'en_breaker': True, 'breaker_swing_l': 20, 'en_cisd': True, 'k': 3, 'en_cap_bars': False, 'cap_1min': 1243}.
[I 2026-07-13 16:22:03,234] Trial 4053 finished with values: [-350.77799640932375, -3183.838192714106, 75.3] and parameters: {'sl_soft': 0.09561626693152817, 'sl_hard_delta': 0.17424252774383417, 'tp': 0.03810555008976396, 'gate_pct': 99.55888908721671, 'dd_limit': 3.021375135532224, 'cooldown': 6, 'flip': True, 'en_ema_trend': False, 'ema_trend_fast': 342, 'ema_trend_slow': 397, 'en_sma_trend': False, 'sma_trend_fast': 198, 'sma_trend_slow': 325, 'en_macd': True, 'macd_fast': 2, 'macd_slow': 116, 'macd_signal': 19, 'en_vwap': False, 'en_keltner': True, 'keltner_n': 135, 'keltner_m': 2.1, 'en_obv': True, 'obv_slope': 92, 'en_cci': True, 'cci_n': 7, 'cci_threshold': 145, 'en_rsi': True, 'rsi_n': 80, 'rsi_lower': 31, 'rsi_upper': 74, 'en_stochastic': True, 'stochastic_n': 98, 'stochastic_d': 43, 'stochastic_lower': 21, 'stochastic_upper': 97, 'en_mfi': False, 'mfi_n': 60, 'mfi_lower': 11, 'mfi_upper': 79, 'en_bollinger': False, 'bollinger_n': 172, 'bollinger_k': 4.2, 'en_adx': False, 'adx_n': 35, 'adx_threshold': 49, 'en_structure_trend': True, 'structure_trend_swing_l': 12, 'en_order_block': False, 'order_block_swing_l': 18, 'en_fvg': True, 'fvg_lookback': 50, 'en_ifvg': False, 'en_breaker': False, 'breaker_swing_l': 14, 'en_cisd': True, 'k': 3, 'en_cap_bars': False, 'cap_1min': 553}.
[I 2026-07-13 16:22:03,973] Trial 4054 finished with values: [1657.2727427447032, -4576.5123187561585, 62.6] and parameters: {'sl_soft': 0.02949052716025995, 'sl_hard_delta': 0.10879162926439315, 'tp': 0.04490461800882547, 'gate_pct': 97.66578486655469, 'dd_limit': 2.4528084273798805, 'cooldown': 2, 'flip': True, 'en_ema_trend': False, 'ema_trend_fast': 270, 'ema_trend_slow': 294, 'en_sma_trend': False, 'sma_trend_fast': 198, 'sma_trend_slow': 325, 'en_macd': False, 'macd_fast': 64, 'macd_slow': 3, 'macd_signal': 61, 'en_vwap': False, 'en_keltner': True, 'keltner_n': 135, 'keltner_m': 2.1, 'en_obv': True, 'obv_slope': 129, 'en_cci': True, 'cci_n': 134, 'cci_threshold': 145, 'en_rsi': False, 'rsi_n': 7, 'rsi_lower': 31, 'rsi_upper': 58, 'en_stochastic': False, 'stochastic_n': 82, 'stochastic_d': 43, 'stochastic_lower': 4, 'stochastic_upper': 87, 'en_mfi': True, 'mfi_n': 19, 'mfi_lower': 11, 'mfi_upper': 70, 'en_bollinger': True, 'bollinger_n': 169, 'bollinger_k': 4.8, 'en_adx': False, 'adx_n': 22, 'adx_threshold': 49, 'en_structure_trend': False, 'structure_trend_swing_l': 7, 'en_order_block': False, 'order_block_swing_l': 16, 'en_fvg': True, 'fvg_lookback': 19, 'en_ifvg': False, 'en_breaker': False, 'breaker_swing_l': 14, 'en_cisd': True, 'k': 3, 'en_cap_bars': True, 'cap_1min': 878}.
[I 2026-07-13 16:22:04,381] Trial 4055 finished with values: [-683.8561419640143, -4174.2170492388195, 34.65] and parameters: {'sl_soft': 0.07922784441362493, 'sl_hard_delta': 0.05280977471915283, 'tp': 0.18978054300184755, 'gate_pct': 99.55888908721671, 'dd_limit': 6.844711394584541, 'cooldown': 6, 'flip': True, 'en_ema_trend': True, 'ema_trend_fast': 323, 'ema_trend_slow': 294, 'en_sma_trend': False, 'sma_trend_fast': 105, 'sma_trend_slow': 325, 'en_macd': True, 'macd_fast': 64, 'macd_slow': 53, 'macd_signal': 3, 'en_vwap': True, 'en_keltner': False, 'keltner_n': 43, 'keltner_m': 0.7, 'en_obv': True, 'obv_slope': 19, 'en_cci': True, 'cci_n': 7, 'cci_threshold': 145, 'en_rsi': True, 'rsi_n': 73, 'rsi_lower': 9, 'rsi_upper': 58, 'en_stochastic': True, 'stochastic_n': 6, 'stochastic_d': 43, 'stochastic_lower': 21, 'stochastic_upper': 97, 'en_mfi': False, 'mfi_n': 60, 'mfi_lower': 23, 'mfi_upper': 57, 'en_bollinger': False, 'bollinger_n': 154, 'bollinger_k': 1.1, 'en_adx': False, 'adx_n': 39, 'adx_threshold': 49, 'en_structure_trend': True, 'structure_trend_swing_l': 7, 'en_order_block': False, 'order_block_swing_l': 4, 'en_fvg': False, 'fvg_lookback': 32, 'en_ifvg': False, 'en_breaker': False, 'breaker_swing_l': 14, 'en_cisd': True, 'k': 1, 'en_cap_bars': False, 'cap_1min': 1239}.
