[I 2026-07-13 16:18:45,857] Trial 4084 finished with values: [2932.8240975608833, -5501.584839170725, 40.55] and parameters: {'sl_soft': 0.03390445607748107, 'sl_hard_delta': 0.0155516131087132, 'tp': 0.07673838374250289, 'gate_pct': 98.93711402329589, 'dd_limit': 1.4726436036009025, 'cooldown': 0, 'flip': True, 'en_ema_trend': True, 'ema_trend_fast': 192, 'ema_trend_slow': 250, 'en_sma_trend': False, 'sma_trend_fast': 392, 'sma_trend_slow': 141, 'en_macd': True, 'macd_fast': 70, 'macd_slow': 133, 'macd_signal': 27, 'en_vwap': False, 'en_keltner': True, 'keltner_n': 180, 'keltner_m': 0.5, 'en_obv': True, 'obv_slope': 14, 'en_cci': False, 'cci_n': 106, 'cci_threshold': 25, 'en_rsi': False, 'rsi_n': 22, 'rsi_lower': 12, 'rsi_upper': 65, 'en_stochastic': True, 'stochastic_n': 97, 'stochastic_d': 29, 'stochastic_lower': 1, 'stochastic_upper': 84, 'en_mfi': False, 'mfi_n': 77, 'mfi_lower': 6, 'mfi_upper': 52, 'en_bollinger': False, 'bollinger_n': 63, 'bollinger_k': 3.1, 'en_adx': False, 'adx_n': 48, 'adx_threshold': 50, 'en_structure_trend': True, 'structure_trend_swing_l': 1, 'en_order_block': False, 'order_block_swing_l': 14, 'en_fvg': False, 'fvg_lookback': 11, 'en_ifvg': False, 'en_breaker': True, 'breaker_swing_l': 5, 'en_cisd': False, 'k': 1, 'en_cap_bars': False, 'cap_1min': 483}.
[I 2026-07-13 16:18:46,233] Trial 4085 finished with values: [774.9700695787708, -1720.6709666801246, 54.15] and parameters: {'sl_soft': 0.03390445607748107, 'sl_hard_delta': 0.06305306961535931, 'tp': 0.07673838374250289, 'gate_pct': 98.93711402329589, 'dd_limit': 4.273175383953869, 'cooldown': 10, 'flip': True, 'en_ema_trend': True, 'ema_trend_fast': 103, 'ema_trend_slow': 367, 'en_sma_trend': True, 'sma_trend_fast': 375, 'sma_trend_slow': 319, 'en_macd': False, 'macd_fast': 70, 'macd_slow': 133, 'macd_signal': 27, 'en_vwap': False, 'en_keltner': False, 'keltner_n': 139, 'keltner_m': 0.7, 'en_obv': True, 'obv_slope': 14, 'en_cci': False, 'cci_n': 116, 'cci_threshold': 200, 'en_rsi': False, 'rsi_n': 96, 'rsi_lower': 12, 'rsi_upper': 77, 'en_stochastic': True, 'stochastic_n': 97, 'stochastic_d': 38, 'stochastic_lower': 1, 'stochastic_upper': 84, 'en_mfi': False, 'mfi_n': 38, 'mfi_lower': 6, 'mfi_upper': 54, 'en_bollinger': True, 'bollinger_n': 56, 'bollinger_k': 3.8000000000000003, 'en_adx': False, 'adx_n': 36, 'adx_threshold': 50, 'en_structure_trend': True, 'structure_trend_swing_l': 1, 'en_order_block': True, 'order_block_swing_l': 14, 'en_fvg': False, 'fvg_lookback': 40, 'en_ifvg': True, 'en_breaker': True, 'breaker_swing_l': 9, 'en_cisd': True, 'k': 1, 'en_cap_bars': True, 'cap_1min': 839}.
[I 2026-07-13 16:18:46,784] Trial 4086 finished with values: [2620.995762301385, -2518.6102971886003, 59.65] and parameters: {'sl_soft': 0.04963847535152836, 'sl_hard_delta': 0.0155516131087132, 'tp': 0.04939294172156869, 'gate_pct': 97.66167568722003, 'dd_limit': 1.4726436036009025, 'cooldown': 0, 'flip': True, 'en_ema_trend': True, 'ema_trend_fast': 351, 'ema_trend_slow': 367, 'en_sma_trend': True, 'sma_trend_fast': 375, 'sma_trend_slow': 356, 'en_macd': True, 'macd_fast': 93, 'macd_slow': 18, 'macd_signal': 75, 'en_vwap': True, 'en_keltner': False, 'keltner_n': 139, 'keltner_m': 2.5, 'en_obv': True, 'obv_slope': 13, 'en_cci': False, 'cci_n': 106, 'cci_threshold': 30, 'en_rsi': False, 'rsi_n': 96, 'rsi_lower': 12, 'rsi_upper': 98, 'en_stochastic': False, 'stochastic_n': 97, 'stochastic_d': 39, 'stochastic_lower': 38, 'stochastic_upper': 91, 'en_mfi': True, 'mfi_n': 72, 'mfi_lower': 8, 'mfi_upper': 76, 'en_bollinger': True, 'bollinger_n': 56, 'bollinger_k': 3.1, 'en_adx': False, 'adx_n': 48, 'adx_threshold': 20, 'en_structure_trend': True, 'structure_trend_swing_l': 13, 'en_order_block': True, 'order_block_swing_l': 12, 'en_fvg': False, 'fvg_lookback': 11, 'en_ifvg': True, 'en_breaker': True, 'breaker_swing_l': 9, 'en_cisd': False, 'k': 1, 'en_cap_bars': False, 'cap_1min': 483}.
[I 2026-07-13 16:18:47,358] Trial 4087 finished with values: [2678.131310256599, -2682.5746205234673, 48.75] and parameters: {'sl_soft': 0.052196885259142164, 'sl_hard_delta': 0.013727192771364187, 'tp': 0.08485800408712069, 'gate_pct': 98.93711402329589, 'dd_limit': 1.4726436036009025, 'cooldown': 0, 'flip': True, 'en_ema_trend': True, 'ema_trend_fast': 351, 'ema_trend_slow': 367, 'en_sma_trend': False, 'sma_trend_fast': 392, 'sma_trend_slow': 12, 'en_macd': False, 'macd_fast': 60, 'macd_slow': 10, 'macd_signal': 40, 'en_vwap': False, 'en_keltner': False, 'keltner_n': 139, 'keltner_m': 2.5, 'en_obv': True, 'obv_slope': 152, 'en_cci': False, 'cci_n': 10, 'cci_threshold': 25, 'en_rsi': False, 'rsi_n': 96, 'rsi_lower': 39, 'rsi_upper': 98, 'en_stochastic': False, 'stochastic_n': 83, 'stochastic_d': 34, 'stochastic_lower': 1, 'stochastic_upper': 61, 'en_mfi': True, 'mfi_n': 9, 'mfi_lower': 8, 'mfi_upper': 78, 'en_bollinger': False, 'bollinger_n': 56, 'bollinger_k': 3.1, 'en_adx': False, 'adx_n': 48, 'adx_threshold': 12, 'en_structure_trend': True, 'structure_trend_swing_l': 13, 'en_order_block': True, 'order_block_swing_l': 3, 'en_fvg': True, 'fvg_lookback': 2, 'en_ifvg': True, 'en_breaker': True, 'breaker_swing_l': 9, 'en_cisd': False, 'k': 2, 'en_cap_bars': False, 'cap_1min': 963}.
[I 2026-07-13 16:18:49,091] Trial 4088 finished with values: [817.9332195743609, -6988.49132828286, 61.7] and parameters: {'sl_soft': 0.06296004248070106, 'sl_hard_delta': 0.0155516131087132, 'tp': 0.04939294172156869, 'gate_pct': 98.93711402329589, 'dd_limit': 1.4726436036009025, 'cooldown': 0, 'flip': True, 'en_ema_trend': True, 'ema_trend_fast': 84, 'ema_trend_slow': 307, 'en_sma_trend': True, 'sma_trend_fast': 392, 'sma_trend_slow': 67, 'en_macd': True, 'macd_fast': 93, 'macd_slow': 62, 'macd_signal': 27, 'en_vwap': False, 'en_keltner': True, 'keltner_n': 139, 'keltner_m': 0.5, 'en_obv': True, 'obv_slope': 14, 'en_cci': False, 'cci_n': 116, 'cci_threshold': 200, 'en_rsi': False, 'rsi_n': 34, 'rsi_lower': 12, 'rsi_upper': 98, 'en_stochastic': False, 'stochastic_n': 97, 'stochastic_d': 43, 'stochastic_lower': 1, 'stochastic_upper': 66, 'en_mfi': True, 'mfi_n': 9, 'mfi_lower': 8, 'mfi_upper': 54, 'en_bollinger': False, 'bollinger_n': 56, 'bollinger_k': 3.1, 'en_adx': False, 'adx_n': 42, 'adx_threshold': 20, 'en_structure_trend': True, 'structure_trend_swing_l': 1, 'en_order_block': False, 'order_block_swing_l': 12, 'en_fvg': True, 'fvg_lookback': 11, 'en_ifvg': False, 'en_breaker': True, 'breaker_swing_l': 9, 'en_cisd': False, 'k': 3, 'en_cap_bars': True, 'cap_1min': 1109}.
[I 2026-07-13 16:18:49,651] Trial 4089 finished with values: [1511.2766110802072, -13176.382146780257, 63.6] and parameters: {'sl_soft': 0.06296004248070106, 'sl_hard_delta': 0.0155516131087132, 'tp': 0.04939294172156869, 'gate_pct': 98.93711402329589, 'dd_limit': 1.4726436036009025, 'cooldown': 0, 'flip': True, 'en_ema_trend': True, 'ema_trend_fast': 84, 'ema_trend_slow': 367, 'en_sma_trend': True, 'sma_trend_fast': 392, 'sma_trend_slow': 356, 'en_macd': True, 'macd_fast': 60, 'macd_slow': 10, 'macd_signal': 40, 'en_vwap': False, 'en_keltner': False, 'keltner_n': 139, 'keltner_m': 0.5, 'en_obv': True, 'obv_slope': 14, 'en_cci': False, 'cci_n': 106, 'cci_threshold': 200, 'en_rsi': False, 'rsi_n': 96, 'rsi_lower': 12, 'rsi_upper': 77, 'en_stochastic': False, 'stochastic_n': 97, 'stochastic_d': 39, 'stochastic_lower': 7, 'stochastic_upper': 61, 'en_mfi': False, 'mfi_n': 44, 'mfi_lower': 8, 'mfi_upper': 62, 'en_bollinger': True, 'bollinger_n': 128, 'bollinger_k': 3.1, 'en_adx': False, 'adx_n': 16, 'adx_threshold': 12, 'en_structure_trend': True, 'structure_trend_swing_l': 1, 'en_order_block': True, 'order_block_swing_l': 3, 'en_fvg': False, 'fvg_lookback': 11, 'en_ifvg': False, 'en_breaker': True, 'breaker_swing_l': 9, 'en_cisd': False, 'k': 3, 'en_cap_bars': True, 'cap_1min': 1109}.
[I 2026-07-13 16:18:50,478] Trial 4090 finished with values: [1081.8558294162628, -1135.822794290391, 70.05000000000001] and parameters: {'sl_soft': 0.04963847535152836, 'sl_hard_delta': 0.0155516131087132, 'tp': 0.04939294172156869, 'gate_pct': 98.93711402329589, 'dd_limit': 1.4726436036009025, 'cooldown': 0, 'flip': True, 'en_ema_trend': True, 'ema_trend_fast': 191, 'ema_trend_slow': 367, 'en_sma_trend': True, 'sma_trend_fast': 392, 'sma_trend_slow': 356, 'en_macd': True, 'macd_fast': 93, 'macd_slow': 42, 'macd_signal': 40, 'en_vwap': True, 'en_keltner': True, 'keltner_n': 139, 'keltner_m': 2.5, 'en_obv': True, 'obv_slope': 14, 'en_cci': False, 'cci_n': 10, 'cci_threshold': 25, 'en_rsi': False, 'rsi_n': 96, 'rsi_lower': 12, 'rsi_upper': 77, 'en_stochastic': True, 'stochastic_n': 97, 'stochastic_d': 39, 'stochastic_lower': 38, 'stochastic_upper': 66, 'en_mfi': True, 'mfi_n': 77, 'mfi_lower': 11, 'mfi_upper': 54, 'en_bollinger': True, 'bollinger_n': 56, 'bollinger_k': 3.1, 'en_adx': False, 'adx_n': 16, 'adx_threshold': 20, 'en_structure_trend': True, 'structure_trend_swing_l': 13, 'en_order_block': True, 'order_block_swing_l': 16, 'en_fvg': False, 'fvg_lookback': 2, 'en_ifvg': True, 'en_breaker': True, 'breaker_swing_l': 9, 'en_cisd': False, 'k': 3, 'en_cap_bars': True, 'cap_1min': 963}.
[I 2026-07-13 16:18:57,209] Trial 4091 finished with values: [1551.128385024666, -6166.277446545791, 49.85] and parameters: {'sl_soft': 0.06296004248070106, 'sl_hard_delta': 0.013727192771364187, 'tp': 0.08485800408712069, 'gate_pct': 99.47218267450155, 'dd_limit': 1.4726436036009025, 'cooldown': 0, 'flip': True, 'en_ema_trend': True, 'ema_trend_fast': 84, 'ema_trend_slow': 367, 'en_sma_trend': False, 'sma_trend_fast': 392, 'sma_trend_slow': 319, 'en_macd': False, 'macd_fast': 60, 'macd_slow': 10, 'macd_signal': 27, 'en_vwap': False, 'en_keltner': False, 'keltner_n': 61, 'keltner_m': 3.1, 'en_obv': True, 'obv_slope': 14, 'en_cci': False, 'cci_n': 10, 'cci_threshold': 200, 'en_rsi': False, 'rsi_n': 96, 'rsi_lower': 12, 'rsi_upper': 98, 'en_stochastic': True, 'stochastic_n': 97, 'stochastic_d': 43, 'stochastic_lower': 36, 'stochastic_upper': 66, 'en_mfi': False, 'mfi_n': 13, 'mfi_lower': 8, 'mfi_upper': 54, 'en_bollinger': True, 'bollinger_n': 56, 'bollinger_k': 3.4000000000000004, 'en_adx': False, 'adx_n': 16, 'adx_threshold': 41, 'en_structure_trend': True, 'structure_trend_swing_l': 1, 'en_order_block': False, 'order_block_swing_l': 3, 'en_fvg': True, 'fvg_lookback': 11, 'en_ifvg': False, 'en_breaker': False, 'breaker_swing_l': 9, 'en_cisd': False, 'k': 1, 'en_cap_bars': True, 'cap_1min': 963}.
[I 2026-07-13 16:18:57,738] Trial 4092 finished with values: [1630.264920195793, -5864.959308365908, 58.0] and parameters: {'sl_soft': 0.04963847535152836, 'sl_hard_delta': 0.0155516131087132, 'tp': 0.04939294172156869, 'gate_pct': 99.47218267450155, 'dd_limit': 1.4726436036009025, 'cooldown': 0, 'flip': True, 'en_ema_trend': True, 'ema_trend_fast': 191, 'ema_trend_slow': 367, 'en_sma_trend': True, 'sma_trend_fast': 392, 'sma_trend_slow': 356, 'en_macd': True, 'macd_fast': 93, 'macd_slow': 10, 'macd_signal': 40, 'en_vwap': False, 'en_keltner': True, 'keltner_n': 139, 'keltner_m': 2.5, 'en_obv': True, 'obv_slope': 14, 'en_cci': False, 'cci_n': 116, 'cci_threshold': 25, 'en_rsi': False, 'rsi_n': 34, 'rsi_lower': 12, 'rsi_upper': 98, 'en_stochastic': False, 'stochastic_n': 97, 'stochastic_d': 39, 'stochastic_lower': 38, 'stochastic_upper': 66, 'en_mfi': False, 'mfi_n': 9, 'mfi_lower': 8, 'mfi_upper': 54, 'en_bollinger': True, 'bollinger_n': 56, 'bollinger_k': 3.1, 'en_adx': False, 'adx_n': 16, 'adx_threshold': 20, 'en_structure_trend': True, 'structure_trend_swing_l': 13, 'en_order_block': True, 'order_block_swing_l': 16, 'en_fvg': False, 'fvg_lookback': 2, 'en_ifvg': False, 'en_breaker': True, 'breaker_swing_l': 9, 'en_cisd': False, 'k': 3, 'en_cap_bars': True, 'cap_1min': 963}.
[I 2026-07-13 16:18:58,607] Trial 4093 finished with values: [8109.049569885869, -7355.36282595683, 54.55] and parameters: {'sl_soft': 0.06296004248070106, 'sl_hard_delta': 0.027238725907773563, 'tp': 0.08485800408712069, 'gate_pct': 98.93711402329589, 'dd_limit': 8.747350770951359, 'cooldown': 0, 'flip': True, 'en_ema_trend': True, 'ema_trend_fast': 351, 'ema_trend_slow': 307, 'en_sma_trend': False, 'sma_trend_fast': 392, 'sma_trend_slow': 356, 'en_macd': True, 'macd_fast': 70, 'macd_slow': 133, 'macd_signal': 27, 'en_vwap': False, 'en_keltner': False, 'keltner_n': 139, 'keltner_m': 0.5, 'en_obv': True, 'obv_slope': 14, 'en_cci': False, 'cci_n': 106, 'cci_threshold': 180, 'en_rsi': False, 'rsi_n': 62, 'rsi_lower': 12, 'rsi_upper': 98, 'en_stochastic': False, 'stochastic_n': 97, 'stochastic_d': 43, 'stochastic_lower': 1, 'stochastic_upper': 81, 'en_mfi': False, 'mfi_n': 77, 'mfi_lower': 11, 'mfi_upper': 77, 'en_bollinger': True, 'bollinger_n': 128, 'bollinger_k': 3.1, 'en_adx': False, 'adx_n': 48, 'adx_threshold': 12, 'en_structure_trend': True, 'structure_trend_swing_l': 1, 'en_order_block': False, 'order_block_swing_l': 3, 'en_fvg': False, 'fvg_lookback': 11, 'en_ifvg': False, 'en_breaker': True, 'breaker_swing_l': 9, 'en_cisd': False, 'k': 3, 'en_cap_bars': True, 'cap_1min': 483}.
[I 2026-07-13 16:18:59,064] Trial 4094 finished with values: [774.7867572904897, -11729.645300806886, 59.95] and parameters: {'sl_soft': 0.052196885259142164, 'sl_hard_delta': 0.027238725907773563, 'tp': 0.04939294172156869, 'gate_pct': 98.93711402329589, 'dd_limit': 1.4726436036009025, 'cooldown': 0, 'flip': True, 'en_ema_trend': True, 'ema_trend_fast': 351, 'ema_trend_slow': 367, 'en_sma_trend': False, 'sma_trend_fast': 392, 'sma_trend_slow': 67, 'en_macd': True, 'macd_fast': 60, 'macd_slow': 10, 'macd_signal': 40, 'en_vwap': False, 'en_keltner': False, 'keltner_n': 139, 'keltner_m': 0.5, 'en_obv': True, 'obv_slope': 14, 'en_cci': False, 'cci_n': 106, 'cci_threshold': 180, 'en_rsi': False, 'rsi_n': 34, 'rsi_lower': 12, 'rsi_upper': 98, 'en_stochastic': False, 'stochastic_n': 97, 'stochastic_d': 39, 'stochastic_lower': 7, 'stochastic_upper': 66, 'en_mfi': False, 'mfi_n': 9, 'mfi_lower': 8, 'mfi_upper': 62, 'en_bollinger': True, 'bollinger_n': 128, 'bollinger_k': 3.1, 'en_adx': False, 'adx_n': 16, 'adx_threshold': 12, 'en_structure_trend': True, 'structure_trend_swing_l': 1, 'en_order_block': True, 'order_block_swing_l': 3, 'en_fvg': False, 'fvg_lookback': 11, 'en_ifvg': True, 'en_breaker': True, 'breaker_swing_l': 9, 'en_cisd': False, 'k': 3, 'en_cap_bars': True, 'cap_1min': 1109}.
[I 2026-07-13 16:18:59,868] Trial 4095 finished with values: [3023.9082542332544, -13394.043099729131, 63.4] and parameters: {'sl_soft': 0.06296004248070106, 'sl_hard_delta': 0.0155516131087132, 'tp': 0.04939294172156869, 'gate_pct': 98.93711402329589, 'dd_limit': 8.747350770951359, 'cooldown': 0, 'flip': True, 'en_ema_trend': True, 'ema_trend_fast': 84, 'ema_trend_slow': 367, 'en_sma_trend': False, 'sma_trend_fast': 392, 'sma_trend_slow': 67, 'en_macd': True, 'macd_fast': 60, 'macd_slow': 10, 'macd_signal': 40, 'en_vwap': False, 'en_keltner': False, 'keltner_n': 139, 'keltner_m': 0.5, 'en_obv': True, 'obv_slope': 14, 'en_cci': False, 'cci_n': 116, 'cci_threshold': 180, 'en_rsi': False, 'rsi_n': 96, 'rsi_lower': 12, 'rsi_upper': 77, 'en_stochastic': False, 'stochastic_n': 97, 'stochastic_d': 33, 'stochastic_lower': 38, 'stochastic_upper': 61, 'en_mfi': False, 'mfi_n': 9, 'mfi_lower': 30, 'mfi_upper': 62, 'en_bollinger': True, 'bollinger_n': 56, 'bollinger_k': 3.1, 'en_adx': False, 'adx_n': 16, 'adx_threshold': 12, 'en_structure_trend': False, 'structure_trend_swing_l': 1, 'en_order_block': True, 'order_block_swing_l': 3, 'en_fvg': False, 'fvg_lookback': 11, 'en_ifvg': True, 'en_breaker': True, 'breaker_swing_l': 9, 'en_cisd': False, 'k': 1, 'en_cap_bars': True, 'cap_1min': 1109}.
[I 2026-07-13 16:19:00,355] Trial 4096 finished with values: [1448.5566454274413, -903.3438201731417, 80.35] and parameters: {'sl_soft': 0.06296004248070106, 'sl_hard_delta': 0.013727192771364187, 'tp': 0.04939294172156869, 'gate_pct': 98.93711402329589, 'dd_limit': 8.747350770951359, 'cooldown': 0, 'flip': True, 'en_ema_trend': True, 'ema_trend_fast': 351, 'ema_trend_slow': 307, 'en_sma_trend': True, 'sma_trend_fast': 392, 'sma_trend_slow': 319, 'en_macd': True, 'macd_fast': 93, 'macd_slow': 62, 'macd_signal': 40, 'en_vwap': False, 'en_keltner': False, 'keltner_n': 61, 'keltner_m': 0.5, 'en_obv': True, 'obv_slope': 14, 'en_cci': False, 'cci_n': 106, 'cci_threshold': 200, 'en_rsi': False, 'rsi_n': 96, 'rsi_lower': 12, 'rsi_upper': 98, 'en_stochastic': True, 'stochastic_n': 97, 'stochastic_d': 43, 'stochastic_lower': 7, 'stochastic_upper': 61, 'en_mfi': False, 'mfi_n': 77, 'mfi_lower': 30, 'mfi_upper': 54, 'en_bollinger': True, 'bollinger_n': 128, 'bollinger_k': 1.1, 'en_adx': False, 'adx_n': 42, 'adx_threshold': 12, 'en_structure_trend': True, 'structure_trend_swing_l': 1, 'en_order_block': True, 'order_block_swing_l': 3, 'en_fvg': False, 'fvg_lookback': 2, 'en_ifvg': False, 'en_breaker': True, 'breaker_swing_l': 9, 'en_cisd': False, 'k': 5, 'en_cap_bars': True, 'cap_1min': 1109}.
[I 2026-07-13 16:19:00,955] Trial 4097 finished with values: [-5223.246951442258, -31129.928993796515, 43.6] and parameters: {'sl_soft': 0.03390445607748107, 'sl_hard_delta': 0.0155516131087132, 'tp': 0.04939294172156869, 'gate_pct': 98.93711402329589, 'dd_limit': 4.273175383953869, 'cooldown': 0, 'flip': False, 'en_ema_trend': True, 'ema_trend_fast': 84, 'ema_trend_slow': 250, 'en_sma_trend': True, 'sma_trend_fast': 392, 'sma_trend_slow': 141, 'en_macd': True, 'macd_fast': 51, 'macd_slow': 42, 'macd_signal': 36, 'en_vwap': True, 'en_keltner': True, 'keltner_n': 180, 'keltner_m': 0.7, 'en_obv': True, 'obv_slope': 14, 'en_cci': False, 'cci_n': 106, 'cci_threshold': 25, 'en_rsi': False, 'rsi_n': 22, 'rsi_lower': 12, 'rsi_upper': 98, 'en_stochastic': False, 'stochastic_n': 97, 'stochastic_d': 29, 'stochastic_lower': 7, 'stochastic_upper': 66, 'en_mfi': False, 'mfi_n': 38, 'mfi_lower': 8, 'mfi_upper': 54, 'en_bollinger': False, 'bollinger_n': 63, 'bollinger_k': 3.1, 'en_adx': False, 'adx_n': 16, 'adx_threshold': 50, 'en_structure_trend': True, 'structure_trend_swing_l': 1, 'en_order_block': True, 'order_block_swing_l': 16, 'en_fvg': False, 'fvg_lookback': 40, 'en_ifvg': False, 'en_breaker': True, 'breaker_swing_l': 5, 'en_cisd': False, 'k': 1, 'en_cap_bars': True, 'cap_1min': 1109}.
[I 2026-07-13 16:19:01,516] Trial 4098 finished with values: [-3759.7256603232754, -23096.365795475962, 50.65] and parameters: {'sl_soft': 0.04963847535152836, 'sl_hard_delta': 0.0155516131087132, 'tp': 0.04939294172156869, 'gate_pct': 99.47218267450155, 'dd_limit': 1.4726436036009025, 'cooldown': 0, 'flip': False, 'en_ema_trend': True, 'ema_trend_fast': 191, 'ema_trend_slow': 367, 'en_sma_trend': True, 'sma_trend_fast': 392, 'sma_trend_slow': 356, 'en_macd': False, 'macd_fast': 5, 'macd_slow': 10, 'macd_signal': 40, 'en_vwap': True, 'en_keltner': False, 'keltner_n': 139, 'keltner_m': 2.5, 'en_obv': True, 'obv_slope': 14, 'en_cci': False, 'cci_n': 116, 'cci_threshold': 200, 'en_rsi': False, 'rsi_n': 34, 'rsi_lower': 12, 'rsi_upper': 77, 'en_stochastic': False, 'stochastic_n': 97, 'stochastic_d': 39, 'stochastic_lower': 7, 'stochastic_upper': 66, 'en_mfi': True, 'mfi_n': 9, 'mfi_lower': 11, 'mfi_upper': 54, 'en_bollinger': True, 'bollinger_n': 56, 'bollinger_k': 3.1, 'en_adx': False, 'adx_n': 16, 'adx_threshold': 12, 'en_structure_trend': True, 'structure_trend_swing_l': 1, 'en_order_block': True, 'order_block_swing_l': 16, 'en_fvg': False, 'fvg_lookback': 11, 'en_ifvg': False, 'en_breaker': True, 'breaker_swing_l': 9, 'en_cisd': False, 'k': 3, 'en_cap_bars': True, 'cap_1min': 1109}.
[I 2026-07-13 16:19:02,188] Trial 4099 finished with values: [5430.614107740848, -2835.21440257644, 55.45] and parameters: {'sl_soft': 0.04963847535152836, 'sl_hard_delta': 0.0155516131087132, 'tp': 0.08485800408712069, 'gate_pct': 98.93711402329589, 'dd_limit': 1.4726436036009025, 'cooldown': 0, 'flip': True, 'en_ema_trend': True, 'ema_trend_fast': 191, 'ema_trend_slow': 367, 'en_sma_trend': True, 'sma_trend_fast': 392, 'sma_trend_slow': 356, 'en_macd': False, 'macd_fast': 93, 'macd_slow': 62, 'macd_signal': 40, 'en_vwap': False, 'en_keltner': True, 'keltner_n': 109, 'keltner_m': 0.5, 'en_obv': True, 'obv_slope': 14, 'en_cci': False, 'cci_n': 10, 'cci_threshold': 25, 'en_rsi': False, 'rsi_n': 34, 'rsi_lower': 12, 'rsi_upper': 98, 'en_stochastic': True, 'stochastic_n': 97, 'stochastic_d': 39, 'stochastic_lower': 1, 'stochastic_upper': 66, 'en_mfi': True, 'mfi_n': 77, 'mfi_lower': 8, 'mfi_upper': 54, 'en_bollinger': True, 'bollinger_n': 56, 'bollinger_k': 3.1, 'en_adx': False, 'adx_n': 42, 'adx_threshold': 20, 'en_structure_trend': True, 'structure_trend_swing_l': 1, 'en_order_block': True, 'order_block_swing_l': 16, 'en_fvg': False, 'fvg_lookback': 22, 'en_ifvg': True, 'en_breaker': True, 'breaker_swing_l': 9, 'en_cisd': False, 'k': 5, 'en_cap_bars': True, 'cap_1min': 1109}.
[I 2026-07-13 16:19:03,567] Trial 4100 pruned. 
