[I 2026-07-13 15:43:59,015] Trial 2671 finished with values: [273.8585272979499, -934.0711970514091, 58.35] and parameters: {'sl_soft': 0.04963847535152836, 'sl_hard_delta': 0.027238725907773563, 'tp': 0.04939294172156869, 'gate_pct': 99.3861717774851, 'dd_limit': 8.747350770951359, 'cooldown': 9, 'flip': True, 'en_ema_trend': True, 'ema_trend_fast': 351, 'ema_trend_slow': 290, 'en_sma_trend': False, 'sma_trend_fast': 177, 'sma_trend_slow': 356, 'en_macd': True, 'macd_fast': 61, 'macd_slow': 10, 'macd_signal': 38, 'en_vwap': False, 'en_keltner': False, 'keltner_n': 139, 'keltner_m': 0.5, 'en_obv': True, 'obv_slope': 69, 'en_cci': False, 'cci_n': 106, 'cci_threshold': 180, 'en_rsi': True, 'rsi_n': 96, 'rsi_lower': 12, 'rsi_upper': 77, 'en_stochastic': False, 'stochastic_n': 45, 'stochastic_d': 43, 'stochastic_lower': 22, 'stochastic_upper': 61, 'en_mfi': False, 'mfi_n': 9, 'mfi_lower': 43, 'mfi_upper': 62, 'en_bollinger': True, 'bollinger_n': 128, 'bollinger_k': 1.1, 'en_adx': False, 'adx_n': 22, 'adx_threshold': 10, 'en_structure_trend': False, 'structure_trend_swing_l': 1, 'en_order_block': False, 'order_block_swing_l': 5, 'en_fvg': False, 'fvg_lookback': 37, 'en_ifvg': True, 'en_breaker': False, 'breaker_swing_l': 9, 'en_cisd': True, 'k': 3, 'en_cap_bars': True, 'cap_1min': 1239}.
[I 2026-07-13 15:44:07,222] Trial 2672 finished with values: [1135.1097018224364, -14742.638387202485, 56.2] and parameters: {'sl_soft': 0.022988098270288884, 'sl_hard_delta': 0.06382907164527017, 'tp': 0.04121537520691777, 'gate_pct': 98.67302380660169, 'dd_limit': 9.740009427199718, 'cooldown': 0, 'flip': True, 'en_ema_trend': True, 'ema_trend_fast': 390, 'ema_trend_slow': 18, 'en_sma_trend': False, 'sma_trend_fast': 137, 'sma_trend_slow': 12, 'en_macd': True, 'macd_fast': 60, 'macd_slow': 42, 'macd_signal': 26, 'en_vwap': False, 'en_keltner': False, 'keltner_n': 66, 'keltner_m': 2.5, 'en_obv': False, 'obv_slope': 14, 'en_cci': True, 'cci_n': 114, 'cci_threshold': 25, 'en_rsi': False, 'rsi_n': 24, 'rsi_lower': 4, 'rsi_upper': 94, 'en_stochastic': True, 'stochastic_n': 88, 'stochastic_d': 49, 'stochastic_lower': 14, 'stochastic_upper': 91, 'en_mfi': True, 'mfi_n': 62, 'mfi_lower': 30, 'mfi_upper': 96, 'en_bollinger': False, 'bollinger_n': 44, 'bollinger_k': 4.8, 'en_adx': False, 'adx_n': 28, 'adx_threshold': 50, 'en_structure_trend': False, 'structure_trend_swing_l': 6, 'en_order_block': False, 'order_block_swing_l': 3, 'en_fvg': False, 'fvg_lookback': 9, 'en_ifvg': False, 'en_breaker': True, 'breaker_swing_l': 16, 'en_cisd': False, 'k': 1, 'en_cap_bars': False, 'cap_1min': 368}.
[I 2026-07-13 15:44:07,675] Trial 2673 finished with values: [-2167.9994070179555, -21943.006212611563, 43.8] and parameters: {'sl_soft': 0.021583388195152695, 'sl_hard_delta': 0.08668272783238536, 'tp': 0.05589779111911873, 'gate_pct': 92.04638185231262, 'dd_limit': 9.740009427199718, 'cooldown': 0, 'flip': True, 'en_ema_trend': False, 'ema_trend_fast': 330, 'ema_trend_slow': 18, 'en_sma_trend': False, 'sma_trend_fast': 137, 'sma_trend_slow': 51, 'en_macd': True, 'macd_fast': 27, 'macd_slow': 72, 'macd_signal': 24, 'en_vwap': True, 'en_keltner': False, 'keltner_n': 49, 'keltner_m': 0.5, 'en_obv': False, 'obv_slope': 2, 'en_cci': True, 'cci_n': 21, 'cci_threshold': 20, 'en_rsi': False, 'rsi_n': 40, 'rsi_lower': 4, 'rsi_upper': 73, 'en_stochastic': False, 'stochastic_n': 77, 'stochastic_d': 38, 'stochastic_lower': 25, 'stochastic_upper': 74, 'en_mfi': False, 'mfi_n': 13, 'mfi_lower': 13, 'mfi_upper': 55, 'en_bollinger': False, 'bollinger_n': 144, 'bollinger_k': 4.8, 'en_adx': False, 'adx_n': 28, 'adx_threshold': 20, 'en_structure_trend': False, 'structure_trend_swing_l': 10, 'en_order_block': False, 'order_block_swing_l': 8, 'en_fvg': False, 'fvg_lookback': 27, 'en_ifvg': True, 'en_breaker': True, 'breaker_swing_l': 12, 'en_cisd': False, 'k': 2, 'en_cap_bars': False, 'cap_1min': 1271}.
[I 2026-07-13 15:44:09,115] Trial 2674 finished with values: [142.87647664543715, -6165.575453066054, 73.6] and parameters: {'sl_soft': 0.0712453125720904, 'sl_hard_delta': 0.0155516131087132, 'tp': 0.02638552866949317, 'gate_pct': 91.95603456271488, 'dd_limit': 8.747350770951359, 'cooldown': 3, 'flip': True, 'en_ema_trend': True, 'ema_trend_fast': 113, 'ema_trend_slow': 3, 'en_sma_trend': False, 'sma_trend_fast': 105, 'sma_trend_slow': 267, 'en_macd': False, 'macd_fast': 28, 'macd_slow': 164, 'macd_signal': 21, 'en_vwap': False, 'en_keltner': False, 'keltner_n': 67, 'keltner_m': 0.5, 'en_obv': True, 'obv_slope': 104, 'en_cci': True, 'cci_n': 2, 'cci_threshold': 255, 'en_rsi': True, 'rsi_n': 40, 'rsi_lower': 24, 'rsi_upper': 78, 'en_stochastic': False, 'stochastic_n': 86, 'stochastic_d': 43, 'stochastic_lower': 15, 'stochastic_upper': 72, 'en_mfi': False, 'mfi_n': 11, 'mfi_lower': 40, 'mfi_upper': 78, 'en_bollinger': False, 'bollinger_n': 15, 'bollinger_k': 0.5, 'en_adx': False, 'adx_n': 48, 'adx_threshold': 10, 'en_structure_trend': False, 'structure_trend_swing_l': 1, 'en_order_block': False, 'order_block_swing_l': 16, 'en_fvg': True, 'fvg_lookback': 37, 'en_ifvg': True, 'en_breaker': False, 'breaker_swing_l': 7, 'en_cisd': True, 'k': 2, 'en_cap_bars': True, 'cap_1min': 839}.
[I 2026-07-13 15:44:10,565] Trial 2675 finished with values: [1498.2777232558856, -1228.0089735432398, 65.65] and parameters: {'sl_soft': 0.022988098270288884, 'sl_hard_delta': 0.06382907164527017, 'tp': 0.04121537520691777, 'gate_pct': 91.11428864458729, 'dd_limit': 9.740009427199718, 'cooldown': 0, 'flip': True, 'en_ema_trend': True, 'ema_trend_fast': 330, 'ema_trend_slow': 18, 'en_sma_trend': False, 'sma_trend_fast': 137, 'sma_trend_slow': 12, 'en_macd': True, 'macd_fast': 60, 'macd_slow': 18, 'macd_signal': 24, 'en_vwap': False, 'en_keltner': False, 'keltner_n': 66, 'keltner_m': 5.0, 'en_obv': False, 'obv_slope': 135, 'en_cci': False, 'cci_n': 10, 'cci_threshold': 25, 'en_rsi': False, 'rsi_n': 24, 'rsi_lower': 4, 'rsi_upper': 93, 'en_stochastic': False, 'stochastic_n': 97, 'stochastic_d': 4, 'stochastic_lower': 25, 'stochastic_upper': 91, 'en_mfi': True, 'mfi_n': 29, 'mfi_lower': 8, 'mfi_upper': 55, 'en_bollinger': False, 'bollinger_n': 56, 'bollinger_k': 4.8, 'en_adx': False, 'adx_n': 28, 'adx_threshold': 50, 'en_structure_trend': True, 'structure_trend_swing_l': 13, 'en_order_block': False, 'order_block_swing_l': 8, 'en_fvg': True, 'fvg_lookback': 11, 'en_ifvg': True, 'en_breaker': True, 'breaker_swing_l': 12, 'en_cisd': False, 'k': 2, 'en_cap_bars': False, 'cap_1min': 634}.
[I 2026-07-13 15:44:10,816] Trial 2676 pruned. 
[I 2026-07-13 15:44:11,259] Trial 2677 finished with values: [-1064.962196271999, -4135.458591055112, 41.9] and parameters: {'sl_soft': 0.04801430167858588, 'sl_hard_delta': 0.0737256970400244, 'tp': 0.11008827281925926, 'gate_pct': 99.52194572971088, 'dd_limit': 9.797423347807044, 'cooldown': 10, 'flip': False, 'en_ema_trend': False, 'ema_trend_fast': 323, 'ema_trend_slow': 150, 'en_sma_trend': True, 'sma_trend_fast': 222, 'sma_trend_slow': 392, 'en_macd': True, 'macd_fast': 26, 'macd_slow': 41, 'macd_signal': 47, 'en_vwap': True, 'en_keltner': False, 'keltner_n': 72, 'keltner_m': 0.5, 'en_obv': False, 'obv_slope': 25, 'en_cci': False, 'cci_n': 7, 'cci_threshold': 145, 'en_rsi': True, 'rsi_n': 82, 'rsi_lower': 27, 'rsi_upper': 92, 'en_stochastic': False, 'stochastic_n': 55, 'stochastic_d': 2, 'stochastic_lower': 1, 'stochastic_upper': 83, 'en_mfi': False, 'mfi_n': 84, 'mfi_lower': 35, 'mfi_upper': 69, 'en_bollinger': False, 'bollinger_n': 126, 'bollinger_k': 1.4, 'en_adx': False, 'adx_n': 44, 'adx_threshold': 17, 'en_structure_trend': False, 'structure_trend_swing_l': 3, 'en_order_block': True, 'order_block_swing_l': 11, 'en_fvg': False, 'fvg_lookback': 8, 'en_ifvg': True, 'en_breaker': False, 'breaker_swing_l': 15, 'en_cisd': True, 'k': 1, 'en_cap_bars': True, 'cap_1min': 753}.
[I 2026-07-13 15:44:13,006] Trial 2678 finished with values: [450.07993393099355, -1733.1718827787054, 50.8] and parameters: {'sl_soft': 0.03390445607748107, 'sl_hard_delta': 0.0155516131087132, 'tp': 0.04939294172156869, 'gate_pct': 99.3861717774851, 'dd_limit': 6.844711394584541, 'cooldown': 9, 'flip': True, 'en_ema_trend': True, 'ema_trend_fast': 351, 'ema_trend_slow': 290, 'en_sma_trend': True, 'sma_trend_fast': 392, 'sma_trend_slow': 116, 'en_macd': True, 'macd_fast': 61, 'macd_slow': 133, 'macd_signal': 40, 'en_vwap': False, 'en_keltner': False, 'keltner_n': 139, 'keltner_m': 0.5, 'en_obv': True, 'obv_slope': 69, 'en_cci': False, 'cci_n': 106, 'cci_threshold': 180, 'en_rsi': True, 'rsi_n': 22, 'rsi_lower': 9, 'rsi_upper': 63, 'en_stochastic': False, 'stochastic_n': 97, 'stochastic_d': 43, 'stochastic_lower': 21, 'stochastic_upper': 61, 'en_mfi': False, 'mfi_n': 9, 'mfi_lower': 43, 'mfi_upper': 62, 'en_bollinger': False, 'bollinger_n': 63, 'bollinger_k': 3.1, 'en_adx': False, 'adx_n': 22, 'adx_threshold': 26, 'en_structure_trend': False, 'structure_trend_swing_l': 1, 'en_order_block': False, 'order_block_swing_l': 4, 'en_fvg': True, 'fvg_lookback': 40, 'en_ifvg': True, 'en_breaker': False, 'breaker_swing_l': 9, 'en_cisd': False, 'k': 3, 'en_cap_bars': True, 'cap_1min': 1239}.
[I 2026-07-13 15:44:16,437] Trial 2679 finished with values: [-211.42708862228687, -1734.14955210486, 52.75] and parameters: {'sl_soft': 0.05357069456355894, 'sl_hard_delta': 0.08668272783238536, 'tp': 0.07393035676685698, 'gate_pct': 98.67302380660169, 'dd_limit': 0.23735305616742414, 'cooldown': 14, 'flip': True, 'en_ema_trend': False, 'ema_trend_fast': 279, 'ema_trend_slow': 250, 'en_sma_trend': True, 'sma_trend_fast': 334, 'sma_trend_slow': 324, 'en_macd': False, 'macd_fast': 5, 'macd_slow': 49, 'macd_signal': 75, 'en_vwap': True, 'en_keltner': True, 'keltner_n': 39, 'keltner_m': 3.7, 'en_obv': False, 'obv_slope': 167, 'en_cci': True, 'cci_n': 6, 'cci_threshold': 200, 'en_rsi': True, 'rsi_n': 62, 'rsi_lower': 15, 'rsi_upper': 93, 'en_stochastic': False, 'stochastic_n': 91, 'stochastic_d': 9, 'stochastic_lower': 1, 'stochastic_upper': 66, 'en_mfi': True, 'mfi_n': 46, 'mfi_lower': 5, 'mfi_upper': 79, 'en_bollinger': True, 'bollinger_n': 7, 'bollinger_k': 3.8000000000000003, 'en_adx': False, 'adx_n': 42, 'adx_threshold': 17, 'en_structure_trend': True, 'structure_trend_swing_l': 1, 'en_order_block': True, 'order_block_swing_l': 3, 'en_fvg': True, 'fvg_lookback': 2, 'en_ifvg': True, 'en_breaker': True, 'breaker_swing_l': 16, 'en_cisd': False, 'k': 1, 'en_cap_bars': True, 'cap_1min': 1243}.
[I 2026-07-13 15:44:18,692] Trial 2680 pruned. 
[I 2026-07-13 15:44:21,640] Trial 2681 pruned. 
[I 2026-07-13 15:44:22,189] Trial 2682 finished with values: [1557.4711635708927, -3942.6249146283244, 48.3] and parameters: {'sl_soft': 0.04801430167858588, 'sl_hard_delta': 0.06386467845975724, 'tp': 0.11008827281925926, 'gate_pct': 99.52194572971088, 'dd_limit': 0.23735305616742414, 'cooldown': 10, 'flip': True, 'en_ema_trend': True, 'ema_trend_fast': 84, 'ema_trend_slow': 250, 'en_sma_trend': True, 'sma_trend_fast': 222, 'sma_trend_slow': 16, 'en_macd': False, 'macd_fast': 81, 'macd_slow': 18, 'macd_signal': 6, 'en_vwap': True, 'en_keltner': False, 'keltner_n': 39, 'keltner_m': 0.5, 'en_obv': False, 'obv_slope': 25, 'en_cci': False, 'cci_n': 6, 'cci_threshold': 145, 'en_rsi': False, 'rsi_n': 68, 'rsi_lower': 15, 'rsi_upper': 89, 'en_stochastic': False, 'stochastic_n': 77, 'stochastic_d': 6, 'stochastic_lower': 23, 'stochastic_upper': 66, 'en_mfi': False, 'mfi_n': 62, 'mfi_lower': 35, 'mfi_upper': 69, 'en_bollinger': False, 'bollinger_n': 126, 'bollinger_k': 3.9000000000000004, 'en_adx': False, 'adx_n': 44, 'adx_threshold': 17, 'en_structure_trend': True, 'structure_trend_swing_l': 3, 'en_order_block': False, 'order_block_swing_l': 11, 'en_fvg': False, 'fvg_lookback': 50, 'en_ifvg': False, 'en_breaker': False, 'breaker_swing_l': 15, 'en_cisd': True, 'k': 2, 'en_cap_bars': True, 'cap_1min': 753}.
[I 2026-07-13 15:44:25,320] Trial 2683 pruned. 
[I 2026-07-13 15:44:35,264] Trial 2684 finished with values: [-1051.4937001325466, -2790.258868609213, 39.05] and parameters: {'sl_soft': 0.03390445607748107, 'sl_hard_delta': 0.027238725907773563, 'tp': 0.07673838374250289, 'gate_pct': 99.3861717774851, 'dd_limit': 3.021375135532224, 'cooldown': 5, 'flip': True, 'en_ema_trend': True, 'ema_trend_fast': 279, 'ema_trend_slow': 290, 'en_sma_trend': True, 'sma_trend_fast': 177, 'sma_trend_slow': 116, 'en_macd': True, 'macd_fast': 93, 'macd_slow': 10, 'macd_signal': 38, 'en_vwap': True, 'en_keltner': True, 'keltner_n': 153, 'keltner_m': 0.7, 'en_obv': False, 'obv_slope': 69, 'en_cci': True, 'cci_n': 11, 'cci_threshold': 180, 'en_rsi': True, 'rsi_n': 62, 'rsi_lower': 9, 'rsi_upper': 63, 'en_stochastic': True, 'stochastic_n': 45, 'stochastic_d': 43, 'stochastic_lower': 1, 'stochastic_upper': 84, 'en_mfi': False, 'mfi_n': 9, 'mfi_lower': 43, 'mfi_upper': 62, 'en_bollinger': False, 'bollinger_n': 7, 'bollinger_k': 1.1, 'en_adx': False, 'adx_n': 12, 'adx_threshold': 17, 'en_structure_trend': False, 'structure_trend_swing_l': 13, 'en_order_block': True, 'order_block_swing_l': 4, 'en_fvg': True, 'fvg_lookback': 18, 'en_ifvg': False, 'en_breaker': True, 'breaker_swing_l': 16, 'en_cisd': False, 'k': 3, 'en_cap_bars': True, 'cap_1min': 1243}.
[I 2026-07-13 15:44:35,802] Trial 2685 pruned. 
[I 2026-07-13 15:44:36,212] Trial 2686 finished with values: [704.776718357838, -1482.736184129365, 76.35] and parameters: {'sl_soft': 0.052196885259142164, 'sl_hard_delta': 0.06386467845975724, 'tp': 0.0455758906119309, 'gate_pct': 97.81683336946006, 'dd_limit': 0.23735305616742414, 'cooldown': 14, 'flip': False, 'en_ema_trend': True, 'ema_trend_fast': 206, 'ema_trend_slow': 250, 'en_sma_trend': False, 'sma_trend_fast': 32, 'sma_trend_slow': 245, 'en_macd': False, 'macd_fast': 81, 'macd_slow': 22, 'macd_signal': 6, 'en_vwap': True, 'en_keltner': True, 'keltner_n': 172, 'keltner_m': 4.7, 'en_obv': False, 'obv_slope': 157, 'en_cci': True, 'cci_n': 6, 'cci_threshold': 295, 'en_rsi': False, 'rsi_n': 68, 'rsi_lower': 25, 'rsi_upper': 72, 'en_stochastic': True, 'stochastic_n': 24, 'stochastic_d': 6, 'stochastic_lower': 16, 'stochastic_upper': 66, 'en_mfi': False, 'mfi_n': 15, 'mfi_lower': 2, 'mfi_upper': 79, 'en_bollinger': False, 'bollinger_n': 122, 'bollinger_k': 3.9000000000000004, 'en_adx': False, 'adx_n': 64, 'adx_threshold': 32, 'en_structure_trend': True, 'structure_trend_swing_l': 13, 'en_order_block': True, 'order_block_swing_l': 15, 'en_fvg': False, 'fvg_lookback': 19, 'en_ifvg': False, 'en_breaker': True, 'breaker_swing_l': 11, 'en_cisd': True, 'k': 2, 'en_cap_bars': True, 'cap_1min': 483}.
[I 2026-07-13 15:44:38,183] Trial 2687 finished with values: [-273.4635854846168, -1403.8017692048754, 51.65] and parameters: {'sl_soft': 0.04963847535152836, 'sl_hard_delta': 0.0155516131087132, 'tp': 0.04939294172156869, 'gate_pct': 98.93711402329589, 'dd_limit': 6.844711394584541, 'cooldown': 8, 'flip': True, 'en_ema_trend': True, 'ema_trend_fast': 93, 'ema_trend_slow': 176, 'en_sma_trend': True, 'sma_trend_fast': 177, 'sma_trend_slow': 351, 'en_macd': True, 'macd_fast': 60, 'macd_slow': 133, 'macd_signal': 40, 'en_vwap': False, 'en_keltner': True, 'keltner_n': 22, 'keltner_m': 0.5, 'en_obv': True, 'obv_slope': 69, 'en_cci': False, 'cci_n': 112, 'cci_threshold': 155, 'en_rsi': False, 'rsi_n': 78, 'rsi_lower': 13, 'rsi_upper': 77, 'en_stochastic': False, 'stochastic_n': 97, 'stochastic_d': 43, 'stochastic_lower': 38, 'stochastic_upper': 72, 'en_mfi': False, 'mfi_n': 9, 'mfi_lower': 47, 'mfi_upper': 79, 'en_bollinger': True, 'bollinger_n': 128, 'bollinger_k': 1.1, 'en_adx': False, 'adx_n': 37, 'adx_threshold': 26, 'en_structure_trend': True, 'structure_trend_swing_l': 1, 'en_order_block': False, 'order_block_swing_l': 4, 'en_fvg': True, 'fvg_lookback': 40, 'en_ifvg': True, 'en_breaker': False, 'breaker_swing_l': 14, 'en_cisd': False, 'k': 2, 'en_cap_bars': False, 'cap_1min': 839}.
[I 2026-07-13 15:44:38,708] Trial 2688 pruned. 
[I 2026-07-13 15:44:45,722] Trial 2689 finished with values: [95.19226892308549, -2669.937354979801, 56.650000000000006] and parameters: {'sl_soft': 0.04367296915498503, 'sl_hard_delta': 0.08668272783238536, 'tp': 0.0544477534852183, 'gate_pct': 99.57581637257637, 'dd_limit': 1.2256325546234672, 'cooldown': 3, 'flip': False, 'en_ema_trend': True, 'ema_trend_fast': 301, 'ema_trend_slow': 395, 'en_sma_trend': False, 'sma_trend_fast': 165, 'sma_trend_slow': 154, 'en_macd': False, 'macd_fast': 5, 'macd_slow': 107, 'macd_signal': 65, 'en_vwap': True, 'en_keltner': True, 'keltner_n': 102, 'keltner_m': 2.0, 'en_obv': True, 'obv_slope': 173, 'en_cci': True, 'cci_n': 100, 'cci_threshold': 45, 'en_rsi': False, 'rsi_n': 33, 'rsi_lower': 46, 'rsi_upper': 73, 'en_stochastic': True, 'stochastic_n': 79, 'stochastic_d': 13, 'stochastic_lower': 14, 'stochastic_upper': 82, 'en_mfi': False, 'mfi_n': 13, 'mfi_lower': 5, 'mfi_upper': 83, 'en_bollinger': True, 'bollinger_n': 96, 'bollinger_k': 3.8000000000000003, 'en_adx': False, 'adx_n': 12, 'adx_threshold': 17, 'en_structure_trend': False, 'structure_trend_swing_l': 3, 'en_order_block': False, 'order_block_swing_l': 3, 'en_fvg': True, 'fvg_lookback': 33, 'en_ifvg': True, 'en_breaker': True, 'breaker_swing_l': 3, 'en_cisd': False, 'k': 1, 'en_cap_bars': True, 'cap_1min': 1317}.
[I 2026-07-13 15:44:46,698] Trial 2690 pruned. 
[I 2026-07-13 15:44:48,812] Trial 2691 finished with values: [-197.65511536478544, -3041.644210863268, 48.6] and parameters: {'sl_soft': 0.027634806864499664, 'sl_hard_delta': 0.071573547117778, 'tp': 0.04711296357033143, 'gate_pct': 92.75016070850882, 'dd_limit': 5.4470579314750855, 'cooldown': 1, 'flip': True, 'en_ema_trend': True, 'ema_trend_fast': 17, 'ema_trend_slow': 340, 'en_sma_trend': True, 'sma_trend_fast': 290, 'sma_trend_slow': 351, 'en_macd': False, 'macd_fast': 79, 'macd_slow': 66, 'macd_signal': 47, 'en_vwap': True, 'en_keltner': True, 'keltner_n': 62, 'keltner_m': 3.9000000000000004, 'en_obv': False, 'obv_slope': 60, 'en_cci': False, 'cci_n': 25, 'cci_threshold': 205, 'en_rsi': True, 'rsi_n': 4, 'rsi_lower': 41, 'rsi_upper': 84, 'en_stochastic': False, 'stochastic_n': 78, 'stochastic_d': 30, 'stochastic_lower': 44, 'stochastic_upper': 75, 'en_mfi': False, 'mfi_n': 49, 'mfi_lower': 24, 'mfi_upper': 68, 'en_bollinger': False, 'bollinger_n': 199, 'bollinger_k': 4.300000000000001, 'en_adx': True, 'adx_n': 7, 'adx_threshold': 33, 'en_structure_trend': True, 'structure_trend_swing_l': 18, 'en_order_block': False, 'order_block_swing_l': 8, 'en_fvg': True, 'fvg_lookback': 41, 'en_ifvg': False, 'en_breaker': True, 'breaker_swing_l': 16, 'en_cisd': False, 'k': 4, 'en_cap_bars': False, 'cap_1min': 40}.
[I 2026-07-13 15:44:49,958] Trial 2692 finished with values: [794.887464529399, -1818.5517254051574, 59.3] and parameters: {'sl_soft': 0.052196885259142164, 'sl_hard_delta': 0.048252023516505566, 'tp': 0.08485800408712069, 'gate_pct': 99.47218267450155, 'dd_limit': 1.2256325546234672, 'cooldown': 14, 'flip': False, 'en_ema_trend': False, 'ema_trend_fast': 84, 'ema_trend_slow': 250, 'en_sma_trend': True, 'sma_trend_fast': 82, 'sma_trend_slow': 302, 'en_macd': True, 'macd_fast': 23, 'macd_slow': 72, 'macd_signal': 27, 'en_vwap': True, 'en_keltner': False, 'keltner_n': 49, 'keltner_m': 2.0, 'en_obv': False, 'obv_slope': 63, 'en_cci': True, 'cci_n': 6, 'cci_threshold': 20, 'en_rsi': False, 'rsi_n': 68, 'rsi_lower': 15, 'rsi_upper': 72, 'en_stochastic': False, 'stochastic_n': 83, 'stochastic_d': 38, 'stochastic_lower': 23, 'stochastic_upper': 74, 'en_mfi': False, 'mfi_n': 13, 'mfi_lower': 13, 'mfi_upper': 79, 'en_bollinger': False, 'bollinger_n': 149, 'bollinger_k': 3.8000000000000003, 'en_adx': False, 'adx_n': 6, 'adx_threshold': 20, 'en_structure_trend': True, 'structure_trend_swing_l': 18, 'en_order_block': False, 'order_block_swing_l': 18, 'en_fvg': False, 'fvg_lookback': 2, 'en_ifvg': True, 'en_breaker': True, 'breaker_swing_l': 3, 'en_cisd': False, 'k': 1, 'en_cap_bars': True, 'cap_1min': 483}.
[I 2026-07-13 15:44:56,737] Trial 2693 finished with values: [-547.7402590178215, -2222.858477599203, 65.0] and parameters: {'sl_soft': 0.06296004248070106, 'sl_hard_delta': 0.03174292770939944, 'tp': 0.04121537520691777, 'gate_pct': 97.81683336946006, 'dd_limit': 9.066216783758431, 'cooldown': 8, 'flip': False, 'en_ema_trend': True, 'ema_trend_fast': 206, 'ema_trend_slow': 250, 'en_sma_trend': False, 'sma_trend_fast': 372, 'sma_trend_slow': 245, 'en_macd': True, 'macd_fast': 60, 'macd_slow': 18, 'macd_signal': 40, 'en_vwap': True, 'en_keltner': True, 'keltner_n': 61, 'keltner_m': 4.7, 'en_obv': True, 'obv_slope': 157, 'en_cci': True, 'cci_n': 6, 'cci_threshold': 295, 'en_rsi': False, 'rsi_n': 34, 'rsi_lower': 25, 'rsi_upper': 77, 'en_stochastic': True, 'stochastic_n': 24, 'stochastic_d': 39, 'stochastic_lower': 16, 'stochastic_upper': 91, 'en_mfi': True, 'mfi_n': 77, 'mfi_lower': 2, 'mfi_upper': 76, 'en_bollinger': True, 'bollinger_n': 56, 'bollinger_k': 3.1, 'en_adx': False, 'adx_n': 36, 'adx_threshold': 50, 'en_structure_trend': True, 'structure_trend_swing_l': 13, 'en_order_block': True, 'order_block_swing_l': 12, 'en_fvg': False, 'fvg_lookback': 11, 'en_ifvg': True, 'en_breaker': True, 'breaker_swing_l': 9, 'en_cisd': True, 'k': 3, 'en_cap_bars': True, 'cap_1min': 963}.
[I 2026-07-13 15:44:56,895] Trial 2694 pruned. 
