[I 2026-07-13 14:59:13,391] Trial 766 pruned. 
[I 2026-07-13 14:59:14,276] Trial 767 pruned. 
[I 2026-07-13 14:59:15,311] Trial 768 pruned. 
[I 2026-07-13 14:59:16,233] Trial 769 pruned. 
[I 2026-07-13 14:59:17,797] Trial 770 pruned. 
[I 2026-07-13 14:59:20,003] Trial 771 pruned. 
[I 2026-07-13 14:59:20,768] Trial 772 pruned. 
[I 2026-07-13 14:59:22,076] Trial 773 pruned. 
[I 2026-07-13 14:59:23,273] Trial 774 pruned. 
[I 2026-07-13 14:59:26,189] Trial 775 pruned. 
[I 2026-07-13 14:59:27,305] Trial 776 pruned. 
[I 2026-07-13 14:59:28,656] Trial 777 pruned. 
[I 2026-07-13 14:59:29,639] Trial 778 pruned. 
[I 2026-07-13 14:59:30,462] Trial 779 pruned. 
[I 2026-07-13 14:59:31,862] Trial 780 pruned. 
[I 2026-07-13 14:59:33,794] Trial 781 pruned. 
[I 2026-07-13 14:59:35,269] Trial 782 pruned. 
[I 2026-07-13 14:59:37,195] Trial 783 pruned. 
[I 2026-07-13 14:59:37,695] Trial 784 pruned. 
[I 2026-07-13 14:59:38,867] Trial 785 pruned. 
[I 2026-07-13 14:59:40,464] Trial 786 pruned. 
[I 2026-07-13 14:59:41,911] Trial 787 pruned. 
[I 2026-07-13 14:59:42,928] Trial 788 pruned. 
[I 2026-07-13 14:59:43,875] Trial 789 pruned. 
[I 2026-07-13 14:59:45,513] Trial 790 pruned. 
[I 2026-07-13 14:59:47,984] Trial 791 pruned. 
[I 2026-07-13 14:59:49,161] Trial 792 pruned. 
[I 2026-07-13 14:59:50,107] Trial 793 pruned. 
[I 2026-07-13 14:59:51,662] Trial 794 pruned. 
[I 2026-07-13 14:59:52,476] Trial 795 pruned. 
[I 2026-07-13 14:59:53,690] Trial 796 pruned. 
[I 2026-07-13 14:59:54,121] Trial 797 pruned. 
[I 2026-07-13 14:59:55,027] Trial 798 pruned. 
[I 2026-07-13 14:59:56,331] Trial 799 pruned. 
[I 2026-07-13 14:59:56,533] Trial 800 pruned. 
[I 2026-07-13 14:59:57,702] Trial 801 pruned. 
[I 2026-07-13 14:59:58,405] Trial 802 pruned. 
[I 2026-07-13 14:59:59,718] Trial 803 pruned. 
[I 2026-07-13 15:00:00,749] Trial 804 pruned. 
[I 2026-07-13 15:00:02,482] Trial 805 pruned. 
[I 2026-07-13 15:00:03,307] Trial 806 pruned. 
[I 2026-07-13 15:00:04,320] Trial 807 pruned. 
[I 2026-07-13 15:00:06,356] Trial 808 pruned. 
[I 2026-07-13 15:00:12,418] Trial 809 pruned. 
[I 2026-07-13 15:00:16,640] Trial 810 pruned. 
[I 2026-07-13 15:00:17,242] Trial 811 pruned. 
[I 2026-07-13 15:00:17,685] Trial 812 pruned. 
[I 2026-07-13 15:00:18,257] Trial 813 pruned. 
[I 2026-07-13 15:00:20,116] Trial 814 pruned. 
[I 2026-07-13 15:00:21,569] Trial 815 pruned. 
[I 2026-07-13 15:00:22,364] Trial 816 pruned. 
[I 2026-07-13 15:00:22,872] Trial 817 pruned. 
[I 2026-07-13 15:00:23,541] Trial 818 pruned. 
[I 2026-07-13 15:00:24,196] Trial 819 pruned. 
[I 2026-07-13 15:00:24,663] Trial 820 pruned. 
[I 2026-07-13 15:00:25,271] Trial 821 pruned. 
[I 2026-07-13 15:00:26,031] Trial 822 pruned. 
[I 2026-07-13 15:00:27,062] Trial 823 pruned. 
[I 2026-07-13 15:00:27,734] Trial 824 pruned. 
[I 2026-07-13 15:00:29,475] Trial 825 pruned. 
[I 2026-07-13 15:00:31,190] Trial 826 pruned. 
[I 2026-07-13 15:00:32,826] Trial 827 pruned. 
[I 2026-07-13 15:00:34,539] Trial 828 pruned. 
[I 2026-07-13 15:00:35,493] Trial 829 pruned. 
[I 2026-07-13 15:00:36,711] Trial 830 pruned. 
[I 2026-07-13 15:00:37,327] Trial 831 pruned. 
[I 2026-07-13 15:00:38,480] Trial 832 pruned. 
[I 2026-07-13 15:00:39,802] Trial 833 pruned. 
[I 2026-07-13 15:00:41,810] Trial 834 pruned. 
[I 2026-07-13 15:00:42,121] Trial 835 pruned. 
[I 2026-07-13 15:00:43,132] Trial 836 pruned. 
[I 2026-07-13 15:00:44,792] Trial 837 pruned. 
[I 2026-07-13 15:00:48,378] Trial 838 pruned. 
[I 2026-07-13 15:00:49,902] Trial 839 pruned. 
[I 2026-07-13 15:00:50,058] Trial 840 pruned. 
[I 2026-07-13 15:00:52,174] Trial 841 pruned. 
[I 2026-07-13 15:00:54,197] Trial 842 pruned. 
[I 2026-07-13 15:01:03,582] Trial 843 finished with values: [-586.7678556236912, -2632.196178263797, 44.55] and parameters: {'sl_soft': 0.060501146701018055, 'sl_hard_delta': 0.027238725907773563, 'tp': 0.07080300436903289, 'gate_pct': 99.3861717774851, 'dd_limit': 6.844711394584541, 'cooldown': 13, 'flip': True, 'en_ema_trend': False, 'ema_trend_fast': 261, 'ema_trend_slow': 294, 'en_sma_trend': True, 'sma_trend_fast': 177, 'sma_trend_slow': 351, 'en_macd': True, 'macd_fast': 61, 'macd_slow': 93, 'macd_signal': 38, 'en_vwap': True, 'en_keltner': False, 'keltner_n': 22, 'keltner_m': 1.2000000000000002, 'en_obv': True, 'obv_slope': 69, 'en_cci': True, 'cci_n': 112, 'cci_threshold': 180, 'en_rsi': True, 'rsi_n': 78, 'rsi_lower': 9, 'rsi_upper': 63, 'en_stochastic': True, 'stochastic_n': 45, 'stochastic_d': 43, 'stochastic_lower': 21, 'stochastic_upper': 97, 'en_mfi': False, 'mfi_n': 9, 'mfi_lower': 43, 'mfi_upper': 62, 'en_bollinger': False, 'bollinger_n': 189, 'bollinger_k': 1.1, 'en_adx': False, 'adx_n': 37, 'adx_threshold': 26, 'en_structure_trend': False, 'structure_trend_swing_l': 7, 'en_order_block': True, 'order_block_swing_l': 4, 'en_fvg': False, 'fvg_lookback': 37, 'en_ifvg': True, 'en_breaker': False, 'breaker_swing_l': 14, 'en_cisd': False, 'k': 2, 'en_cap_bars': True, 'cap_1min': 1239}.
[I 2026-07-13 15:01:04,481] Trial 844 pruned. 
[I 2026-07-13 15:01:05,695] Trial 845 pruned. 
[I 2026-07-13 15:01:07,714] Trial 846 pruned. 
[I 2026-07-13 15:01:08,896] Trial 847 pruned. 
[I 2026-07-13 15:01:10,611] Trial 848 pruned. 
[I 2026-07-13 15:01:11,127] Trial 849 pruned. 
[I 2026-07-13 15:01:13,332] Trial 850 pruned. 
[I 2026-07-13 15:01:15,119] Trial 851 pruned. 
[I 2026-07-13 15:01:16,173] Trial 852 pruned. 
[I 2026-07-13 15:01:17,898] Trial 853 pruned. 
[I 2026-07-13 15:01:19,462] Trial 854 pruned. 
[I 2026-07-13 15:01:20,069] Trial 855 pruned. 
[I 2026-07-13 15:01:21,211] Trial 856 pruned. 
[I 2026-07-13 15:01:21,914] Trial 857 pruned. 
[I 2026-07-13 15:01:23,485] Trial 858 pruned. 
[I 2026-07-13 15:01:24,095] Trial 859 pruned. 
[I 2026-07-13 15:01:24,705] Trial 860 pruned. 
[I 2026-07-13 15:01:25,700] Trial 861 pruned. 
[I 2026-07-13 15:01:27,303] Trial 862 pruned. 
[I 2026-07-13 15:01:29,625] Trial 863 pruned. 
[I 2026-07-13 15:01:30,547] Trial 864 pruned. 
[I 2026-07-13 15:01:32,443] Trial 865 pruned. 
[I 2026-07-13 15:01:34,875] Trial 866 pruned. 
[I 2026-07-13 15:01:36,001] Trial 867 pruned. 
[I 2026-07-13 15:01:36,644] Trial 868 pruned. 
[I 2026-07-13 15:01:37,820] Trial 869 pruned. 
[I 2026-07-13 15:01:39,051] Trial 870 pruned. 
[I 2026-07-13 15:01:39,688] Trial 871 pruned. 
[I 2026-07-13 15:01:40,881] Trial 872 pruned. 
[I 2026-07-13 15:01:42,812] Trial 873 pruned. 
[I 2026-07-13 15:01:43,991] Trial 874 pruned. 
[I 2026-07-13 15:01:45,321] Trial 875 pruned. 
[I 2026-07-13 15:01:45,590] Trial 876 pruned. 
[I 2026-07-13 15:01:46,737] Trial 877 pruned. 
[I 2026-07-13 15:01:47,559] Trial 878 pruned. 
[I 2026-07-13 15:01:48,118] Trial 879 pruned. 
[I 2026-07-13 15:01:48,314] Trial 880 pruned. 
[I 2026-07-13 15:01:49,412] Trial 881 pruned. 
[I 2026-07-13 15:01:50,343] Trial 882 pruned. 
[I 2026-07-13 15:01:51,249] Trial 883 pruned. 
[I 2026-07-13 15:01:52,631] Trial 884 pruned. 
[I 2026-07-13 15:01:54,157] Trial 885 pruned. 
[I 2026-07-13 15:01:54,936] Trial 886 pruned. 
[I 2026-07-13 15:01:55,918] Trial 887 pruned. 
[I 2026-07-13 15:01:56,386] Trial 888 pruned. 
[I 2026-07-13 15:01:58,415] Trial 889 pruned. 
[I 2026-07-13 15:01:59,852] Trial 890 pruned. 
[I 2026-07-13 15:02:01,206] Trial 891 pruned. 
[I 2026-07-13 15:02:02,902] Trial 892 pruned. 
[I 2026-07-13 15:02:03,782] Trial 893 pruned. 
[I 2026-07-13 15:02:04,634] Trial 894 pruned. 
[I 2026-07-13 15:02:05,625] Trial 895 pruned. 
[I 2026-07-13 15:02:09,357] Trial 896 finished with values: [-361.11282322844227, -6755.768319887983, 44.35] and parameters: {'sl_soft': 0.029115883360798768, 'sl_hard_delta': 0.0728276140024374, 'tp': 0.07022549546525522, 'gate_pct': 96.87387275432529, 'dd_limit': 6.787950662357963, 'cooldown': 0, 'flip': True, 'en_ema_trend': True, 'ema_trend_fast': 60, 'ema_trend_slow': 378, 'en_sma_trend': False, 'sma_trend_fast': 27, 'sma_trend_slow': 80, 'en_macd': True, 'macd_fast': 80, 'macd_slow': 7, 'macd_signal': 94, 'en_vwap': True, 'en_keltner': False, 'keltner_n': 176, 'keltner_m': 4.0, 'en_obv': False, 'obv_slope': 120, 'en_cci': False, 'cci_n': 180, 'cci_threshold': 260, 'en_rsi': True, 'rsi_n': 13, 'rsi_lower': 3, 'rsi_upper': 86, 'en_stochastic': False, 'stochastic_n': 96, 'stochastic_d': 27, 'stochastic_lower': 45, 'stochastic_upper': 97, 'en_mfi': True, 'mfi_n': 15, 'mfi_lower': 47, 'mfi_upper': 98, 'en_bollinger': False, 'bollinger_n': 125, 'bollinger_k': 0.9, 'en_adx': False, 'adx_n': 7, 'adx_threshold': 25, 'en_structure_trend': False, 'structure_trend_swing_l': 10, 'en_order_block': True, 'order_block_swing_l': 2, 'en_fvg': True, 'fvg_lookback': 49, 'en_ifvg': True, 'en_breaker': True, 'breaker_swing_l': 18, 'en_cisd': False, 'k': 5, 'en_cap_bars': False, 'cap_1min': 713}.
[I 2026-07-13 15:02:10,748] Trial 897 pruned. 
[I 2026-07-13 15:02:12,323] Trial 898 pruned. 
[I 2026-07-13 15:02:13,463] Trial 899 pruned. 
[I 2026-07-13 15:02:14,658] Trial 900 pruned. 
[I 2026-07-13 15:02:15,744] Trial 901 pruned. 
[I 2026-07-13 15:02:16,341] Trial 902 pruned. 
[I 2026-07-13 15:02:16,700] Trial 903 pruned. 
[I 2026-07-13 15:02:17,706] Trial 904 pruned. 
[I 2026-07-13 15:02:18,897] Trial 905 pruned. 
[I 2026-07-13 15:02:19,537] Trial 906 pruned. 
[I 2026-07-13 15:02:21,452] Trial 907 finished with values: [-147.14925931800235, -3228.088929721907, 40.7] and parameters: {'sl_soft': 0.026628720080307165, 'sl_hard_delta': 0.02084648420630802, 'tp': 0.05699274132071329, 'gate_pct': 96.54380504120698, 'dd_limit': 4.125389121894992, 'cooldown': 5, 'flip': False, 'en_ema_trend': False, 'ema_trend_fast': 393, 'ema_trend_slow': 260, 'en_sma_trend': False, 'sma_trend_fast': 13, 'sma_trend_slow': 311, 'en_macd': True, 'macd_fast': 85, 'macd_slow': 106, 'macd_signal': 34, 'en_vwap': True, 'en_keltner': False, 'keltner_n': 99, 'keltner_m': 2.4000000000000004, 'en_obv': False, 'obv_slope': 146, 'en_cci': True, 'cci_n': 33, 'cci_threshold': 180, 'en_rsi': False, 'rsi_n': 15, 'rsi_lower': 39, 'rsi_upper': 65, 'en_stochastic': False, 'stochastic_n': 2, 'stochastic_d': 7, 'stochastic_lower': 8, 'stochastic_upper': 91, 'en_mfi': True, 'mfi_n': 76, 'mfi_lower': 33, 'mfi_upper': 83, 'en_bollinger': False, 'bollinger_n': 46, 'bollinger_k': 0.7, 'en_adx': False, 'adx_n': 63, 'adx_threshold': 39, 'en_structure_trend': True, 'structure_trend_swing_l': 14, 'en_order_block': False, 'order_block_swing_l': 19, 'en_fvg': True, 'fvg_lookback': 18, 'en_ifvg': True, 'en_breaker': False, 'breaker_swing_l': 11, 'en_cisd': False, 'k': 5, 'en_cap_bars': False, 'cap_1min': 715}.
[I 2026-07-13 15:02:21,741] Trial 908 pruned. 
[I 2026-07-13 15:02:23,659] Trial 909 pruned. 
[I 2026-07-13 15:02:24,187] Trial 910 pruned. 
[I 2026-07-13 15:02:24,425] Trial 911 pruned. 
[I 2026-07-13 15:02:25,607] Trial 912 pruned. 
[I 2026-07-13 15:02:26,838] Trial 913 pruned. 
[I 2026-07-13 15:02:28,315] Trial 914 pruned. 
[I 2026-07-13 15:02:29,514] Trial 915 pruned. 
[I 2026-07-13 15:02:30,541] Trial 916 pruned. 
[I 2026-07-13 15:02:31,790] Trial 917 pruned. 
[I 2026-07-13 15:02:33,727] Trial 918 pruned. 
[I 2026-07-13 15:02:34,121] Trial 919 pruned. 
[I 2026-07-13 15:02:34,284] Trial 920 pruned. 
[I 2026-07-13 15:02:35,807] Trial 921 pruned. 
[I 2026-07-13 15:02:36,967] Trial 922 pruned. 
[I 2026-07-13 15:02:38,062] Trial 923 pruned. 
[I 2026-07-13 15:02:39,707] Trial 924 pruned. 
[I 2026-07-13 15:02:40,744] Trial 925 pruned. 
[I 2026-07-13 15:02:41,320] Trial 926 pruned. 
[I 2026-07-13 15:02:41,670] Trial 927 pruned. 
[I 2026-07-13 15:02:43,585] Trial 928 pruned. 
[I 2026-07-13 15:02:43,714] Trial 929 pruned. 
[I 2026-07-13 15:02:44,779] Trial 930 pruned. 
[I 2026-07-13 15:02:46,435] Trial 931 pruned. 
[I 2026-07-13 15:02:51,258] Trial 932 pruned. 
[I 2026-07-13 15:02:52,134] Trial 933 pruned. 
[I 2026-07-13 15:02:53,125] Trial 934 pruned. 
[I 2026-07-13 15:02:54,133] Trial 935 pruned. 
[I 2026-07-13 15:02:55,699] Trial 936 pruned. 
[I 2026-07-13 15:02:56,139] Trial 937 pruned. 
[I 2026-07-13 15:02:57,107] Trial 938 pruned. 
[I 2026-07-13 15:02:58,528] Trial 939 pruned. 
[I 2026-07-13 15:02:59,408] Trial 940 pruned. 
[I 2026-07-13 15:03:00,032] Trial 941 pruned. 
[I 2026-07-13 15:03:01,119] Trial 942 pruned. 
[I 2026-07-13 15:03:03,952] Trial 943 pruned. 
[I 2026-07-13 15:03:04,881] Trial 944 pruned. 
[I 2026-07-13 15:03:06,306] Trial 945 pruned. 
[I 2026-07-13 15:03:07,811] Trial 946 pruned. 
[I 2026-07-13 15:03:09,613] Trial 947 pruned. 
[I 2026-07-13 15:03:10,534] Trial 948 pruned. 
[I 2026-07-13 15:03:12,335] Trial 949 pruned. 
[I 2026-07-13 15:03:13,321] Trial 950 pruned. 
[I 2026-07-13 15:03:13,924] Trial 951 pruned. 
[I 2026-07-13 15:03:15,986] Trial 952 pruned. 
[I 2026-07-13 15:03:17,073] Trial 953 pruned. 
[I 2026-07-13 15:03:18,316] Trial 954 pruned. 
[I 2026-07-13 15:03:19,350] Trial 955 pruned. 
[I 2026-07-13 15:03:20,475] Trial 956 pruned. 
[I 2026-07-13 15:03:21,903] Trial 957 pruned. 
[I 2026-07-13 15:03:23,002] Trial 958 pruned. 
[I 2026-07-13 15:03:24,030] Trial 959 pruned. 
[I 2026-07-13 15:03:24,262] Trial 960 pruned. 
[I 2026-07-13 15:03:24,908] Trial 961 pruned. 
[I 2026-07-13 15:03:26,064] Trial 962 pruned. 
[I 2026-07-13 15:03:27,923] Trial 963 pruned. 
[I 2026-07-13 15:03:28,810] Trial 964 pruned. 
[I 2026-07-13 15:03:29,908] Trial 965 pruned. 
[I 2026-07-13 15:03:31,305] Trial 966 pruned. 
[I 2026-07-13 15:03:33,023] Trial 967 pruned. 
[I 2026-07-13 15:03:33,923] Trial 968 pruned. 
[I 2026-07-13 15:03:34,805] Trial 969 pruned. 
[I 2026-07-13 15:03:35,992] Trial 970 pruned. 
[I 2026-07-13 15:03:36,657] Trial 971 pruned. 
[I 2026-07-13 15:03:37,790] Trial 972 pruned. 
[I 2026-07-13 15:03:38,831] Trial 973 pruned. 
[I 2026-07-13 15:03:41,886] Trial 974 pruned. 
[I 2026-07-13 15:03:42,837] Trial 975 pruned. 
[I 2026-07-13 15:03:43,928] Trial 976 pruned. 
[I 2026-07-13 15:03:44,313] Trial 977 pruned. 
[I 2026-07-13 15:03:45,312] Trial 978 pruned. 
[I 2026-07-13 15:03:46,938] Trial 979 pruned. 
[I 2026-07-13 15:03:47,542] Trial 980 pruned. 
[I 2026-07-13 15:03:48,661] Trial 981 pruned. 
[I 2026-07-13 15:03:49,686] Trial 982 pruned. 
[I 2026-07-13 15:03:51,613] Trial 983 pruned. 
[I 2026-07-13 15:03:54,506] Trial 984 pruned. 
[I 2026-07-13 15:03:54,883] Trial 985 pruned. 
[I 2026-07-13 15:03:55,936] Trial 986 pruned. 
[I 2026-07-13 15:03:57,252] Trial 987 pruned. 
[I 2026-07-13 15:03:58,889] Trial 988 pruned. 
[I 2026-07-13 15:03:59,796] Trial 989 pruned. 
[I 2026-07-13 15:04:01,787] Trial 990 pruned. 
[I 2026-07-13 15:04:02,168] Trial 991 pruned. 
[I 2026-07-13 15:04:03,908] Trial 992 pruned. 
[I 2026-07-13 15:04:05,472] Trial 993 pruned. 
[I 2026-07-13 15:04:06,415] Trial 994 pruned. 
[I 2026-07-13 15:04:06,931] Trial 995 pruned. 
[I 2026-07-13 15:04:08,071] Trial 996 pruned. 
[I 2026-07-13 15:04:09,771] Trial 997 pruned. 
[I 2026-07-13 15:04:10,902] Trial 998 pruned. 
[I 2026-07-13 15:04:11,637] Trial 999 pruned. 
[I 2026-07-13 15:04:11,928] Trial 1000 pruned. 
[I 2026-07-13 15:04:12,484] Trial 1001 pruned. 
[I 2026-07-13 15:04:14,188] Trial 1002 pruned. 
[I 2026-07-13 15:04:14,945] Trial 1003 pruned. 
[I 2026-07-13 15:04:15,889] Trial 1004 pruned. 
[I 2026-07-13 15:04:16,547] Trial 1005 pruned. 
[I 2026-07-13 15:04:18,036] Trial 1006 pruned. 
[I 2026-07-13 15:04:18,261] Trial 1007 pruned. 
[I 2026-07-13 15:04:18,936] Trial 1008 pruned. 
[I 2026-07-13 15:04:20,906] Trial 1009 pruned. 
[I 2026-07-13 15:04:21,209] Trial 1010 pruned. 
[I 2026-07-13 15:04:21,514] Trial 1011 pruned. 
[I 2026-07-13 15:04:22,300] Trial 1012 pruned. 
[I 2026-07-13 15:04:22,833] Trial 1013 pruned. 
[I 2026-07-13 15:04:23,487] Trial 1014 pruned. 
[I 2026-07-13 15:04:24,174] Trial 1015 pruned. 
[I 2026-07-13 15:04:28,474] Trial 1016 finished with values: [651.1034102407187, -3652.199961558296, 48.95] and parameters: {'sl_soft': 0.04801430167858588, 'sl_hard_delta': 0.0737256970400244, 'tp': 0.11008827281925926, 'gate_pct': 98.34265914110968, 'dd_limit': 5.851157727915591, 'cooldown': 10, 'flip': False, 'en_ema_trend': False, 'ema_trend_fast': 220, 'ema_trend_slow': 150, 'en_sma_trend': False, 'sma_trend_fast': 131, 'sma_trend_slow': 302, 'en_macd': True, 'macd_fast': 26, 'macd_slow': 41, 'macd_signal': 47, 'en_vwap': True, 'en_keltner': True, 'keltner_n': 72, 'keltner_m': 0.7, 'en_obv': False, 'obv_slope': 25, 'en_cci': False, 'cci_n': 34, 'cci_threshold': 75, 'en_rsi': True, 'rsi_n': 82, 'rsi_lower': 27, 'rsi_upper': 92, 'en_stochastic': False, 'stochastic_n': 5, 'stochastic_d': 23, 'stochastic_lower': 26, 'stochastic_upper': 83, 'en_mfi': False, 'mfi_n': 43, 'mfi_lower': 47, 'mfi_upper': 69, 'en_bollinger': False, 'bollinger_n': 126, 'bollinger_k': 4.2, 'en_adx': True, 'adx_n': 44, 'adx_threshold': 17, 'en_structure_trend': False, 'structure_trend_swing_l': 19, 'en_order_block': True, 'order_block_swing_l': 11, 'en_fvg': False, 'fvg_lookback': 8, 'en_ifvg': True, 'en_breaker': False, 'breaker_swing_l': 9, 'en_cisd': True, 'k': 1, 'en_cap_bars': True, 'cap_1min': 1414}.
[I 2026-07-13 15:04:29,321] Trial 1017 pruned. 
[I 2026-07-13 15:04:30,107] Trial 1018 pruned. 
[I 2026-07-13 15:04:30,258] Trial 1019 pruned. 
[I 2026-07-13 15:04:30,901] Trial 1020 pruned. 
[I 2026-07-13 15:04:31,815] Trial 1021 pruned. 
[I 2026-07-13 15:04:32,941] Trial 1022 pruned. 
[I 2026-07-13 15:04:33,466] Trial 1023 pruned. 
[I 2026-07-13 15:04:34,549] Trial 1024 pruned. 
[I 2026-07-13 15:04:35,650] Trial 1025 pruned. 
[I 2026-07-13 15:04:36,254] Trial 1026 pruned. 
[I 2026-07-13 15:04:37,172] Trial 1027 pruned. 
[I 2026-07-13 15:04:37,754] Trial 1028 pruned. 
[I 2026-07-13 15:04:38,317] Trial 1029 pruned. 
[I 2026-07-13 15:04:38,489] Trial 1030 pruned. 
[I 2026-07-13 15:04:39,150] Trial 1031 pruned. 
[I 2026-07-13 15:04:44,726] Trial 1032 finished with values: [-1771.814111835574, -5226.890172345474, 38.9] and parameters: {'sl_soft': 0.05285629351500726, 'sl_hard_delta': 0.05410799105197541, 'tp': 0.11504078613367294, 'gate_pct': 91.21620031722058, 'dd_limit': 4.072380669921269, 'cooldown': 2, 'flip': True, 'en_ema_trend': False, 'ema_trend_fast': 94, 'ema_trend_slow': 53, 'en_sma_trend': True, 'sma_trend_fast': 123, 'sma_trend_slow': 326, 'en_macd': True, 'macd_fast': 6, 'macd_slow': 97, 'macd_signal': 38, 'en_vwap': False, 'en_keltner': True, 'keltner_n': 88, 'keltner_m': 1.4, 'en_obv': True, 'obv_slope': 51, 'en_cci': True, 'cci_n': 27, 'cci_threshold': 45, 'en_rsi': True, 'rsi_n': 100, 'rsi_lower': 38, 'rsi_upper': 68, 'en_stochastic': False, 'stochastic_n': 93, 'stochastic_d': 47, 'stochastic_lower': 24, 'stochastic_upper': 89, 'en_mfi': False, 'mfi_n': 17, 'mfi_lower': 47, 'mfi_upper': 68, 'en_bollinger': False, 'bollinger_n': 13, 'bollinger_k': 2.4000000000000004, 'en_adx': True, 'adx_n': 5, 'adx_threshold': 44, 'en_structure_trend': True, 'structure_trend_swing_l': 16, 'en_order_block': False, 'order_block_swing_l': 15, 'en_fvg': False, 'fvg_lookback': 1, 'en_ifvg': False, 'en_breaker': True, 'breaker_swing_l': 17, 'en_cisd': False, 'k': 2, 'en_cap_bars': True, 'cap_1min': 306}.
[I 2026-07-13 15:04:46,185] Trial 1033 pruned. 
[I 2026-07-13 15:04:47,068] Trial 1034 pruned. 
[I 2026-07-13 15:04:47,466] Trial 1035 pruned. 
[I 2026-07-13 15:04:47,816] Trial 1036 pruned. 
[I 2026-07-13 15:04:48,317] Trial 1037 pruned. 
[I 2026-07-13 15:04:48,540] Trial 1038 pruned. 
[I 2026-07-13 15:04:49,057] Trial 1039 pruned. 
[I 2026-07-13 15:04:49,158] Trial 1040 pruned. 
[I 2026-07-13 15:04:49,977] Trial 1041 pruned. 
[I 2026-07-13 15:04:50,908] Trial 1042 pruned. 
[I 2026-07-13 15:04:51,478] Trial 1043 pruned. 
[I 2026-07-13 15:04:52,375] Trial 1044 pruned. 
[I 2026-07-13 15:04:53,956] Trial 1045 pruned. 
[I 2026-07-13 15:04:55,068] Trial 1046 pruned. 
[I 2026-07-13 15:04:56,170] Trial 1047 pruned. 
[I 2026-07-13 15:04:57,100] Trial 1048 pruned. 
[I 2026-07-13 15:04:58,125] Trial 1049 pruned. 
[I 2026-07-13 15:04:59,460] Trial 1050 pruned. 
[I 2026-07-13 15:04:59,896] Trial 1051 pruned. 
[I 2026-07-13 15:05:01,881] Trial 1052 pruned. 
[I 2026-07-13 15:05:04,581] Trial 1053 pruned. 
[I 2026-07-13 15:05:05,014] Trial 1054 pruned. 
[I 2026-07-13 15:05:06,246] Trial 1055 pruned. 
[I 2026-07-13 15:05:07,439] Trial 1056 pruned. 
[I 2026-07-13 15:05:08,104] Trial 1057 pruned. 
[I 2026-07-13 15:05:12,712] Trial 1058 finished with values: [1.7570652364005355, -7439.820293391855, 55.3] and parameters: {'sl_soft': 0.03242251806192946, 'sl_hard_delta': 0.052901049732459904, 'tp': 0.04920902035313021, 'gate_pct': 98.88498594560426, 'dd_limit': 8.680487348400282, 'cooldown': 0, 'flip': False, 'en_ema_trend': False, 'ema_trend_fast': 7, 'ema_trend_slow': 85, 'en_sma_trend': True, 'sma_trend_fast': 310, 'sma_trend_slow': 298, 'en_macd': False, 'macd_fast': 72, 'macd_slow': 182, 'macd_signal': 18, 'en_vwap': True, 'en_keltner': True, 'keltner_n': 153, 'keltner_m': 2.3, 'en_obv': True, 'obv_slope': 107, 'en_cci': True, 'cci_n': 107, 'cci_threshold': 245, 'en_rsi': True, 'rsi_n': 66, 'rsi_lower': 16, 'rsi_upper': 53, 'en_stochastic': False, 'stochastic_n': 44, 'stochastic_d': 43, 'stochastic_lower': 16, 'stochastic_upper': 90, 'en_mfi': True, 'mfi_n': 28, 'mfi_lower': 23, 'mfi_upper': 77, 'en_bollinger': True, 'bollinger_n': 136, 'bollinger_k': 2.8000000000000003, 'en_adx': False, 'adx_n': 98, 'adx_threshold': 28, 'en_structure_trend': False, 'structure_trend_swing_l': 8, 'en_order_block': False, 'order_block_swing_l': 9, 'en_fvg': True, 'fvg_lookback': 5, 'en_ifvg': True, 'en_breaker': True, 'breaker_swing_l': 8, 'en_cisd': False, 'k': 3, 'en_cap_bars': False, 'cap_1min': 1245}.
[I 2026-07-13 15:05:13,877] Trial 1059 pruned. 
[I 2026-07-13 15:05:14,248] Trial 1060 pruned. 
[I 2026-07-13 15:05:16,082] Trial 1061 pruned. 
[I 2026-07-13 15:05:16,556] Trial 1062 pruned. 
[I 2026-07-13 15:05:19,122] Trial 1063 pruned. 
[I 2026-07-13 15:05:21,883] Trial 1064 pruned. 
[I 2026-07-13 15:05:23,769] Trial 1065 pruned. 
[I 2026-07-13 15:05:25,744] Trial 1066 pruned. 
[I 2026-07-13 15:05:27,177] Trial 1067 pruned. 
[I 2026-07-13 15:05:28,080] Trial 1068 pruned. 
[I 2026-07-13 15:05:28,797] Trial 1069 pruned. 
[I 2026-07-13 15:05:29,386] Trial 1070 pruned. 
