[I 2026-07-13 15:40:50,287] Trial 2597 finished with values: [-730.9377660910244, -4699.554479812206, 29.7] and parameters: {'sl_soft': 0.03281470820894297, 'sl_hard_delta': 0.041081131287339284, 'tp': 0.10760117879267023, 'gate_pct': 99.47218267450155, 'dd_limit': 8.747350770951359, 'cooldown': 13, 'flip': False, 'en_ema_trend': True, 'ema_trend_fast': 113, 'ema_trend_slow': 3, 'en_sma_trend': True, 'sma_trend_fast': 175, 'sma_trend_slow': 141, 'en_macd': False, 'macd_fast': 25, 'macd_slow': 18, 'macd_signal': 82, 'en_vwap': False, 'en_keltner': False, 'keltner_n': 39, 'keltner_m': 2.6, 'en_obv': True, 'obv_slope': 30, 'en_cci': True, 'cci_n': 2, 'cci_threshold': 300, 'en_rsi': True, 'rsi_n': 31, 'rsi_lower': 1, 'rsi_upper': 89, 'en_stochastic': False, 'stochastic_n': 77, 'stochastic_d': 29, 'stochastic_lower': 22, 'stochastic_upper': 97, 'en_mfi': True, 'mfi_n': 62, 'mfi_lower': 1, 'mfi_upper': 64, 'en_bollinger': False, 'bollinger_n': 49, 'bollinger_k': 0.5, 'en_adx': False, 'adx_n': 48, 'adx_threshold': 38, 'en_structure_trend': True, 'structure_trend_swing_l': 1, 'en_order_block': False, 'order_block_swing_l': 4, 'en_fvg': True, 'fvg_lookback': 40, 'en_ifvg': False, 'en_breaker': False, 'breaker_swing_l': 3, 'en_cisd': True, 'k': 2, 'en_cap_bars': False, 'cap_1min': 839}.
[I 2026-07-13 15:40:51,981] Trial 2598 pruned. 
[I 2026-07-13 15:40:54,710] Trial 2599 finished with values: [512.6270755438425, -3850.035112548653, 47.400000000000006] and parameters: {'sl_soft': 0.06296004248070106, 'sl_hard_delta': 0.041081131287339284, 'tp': 0.10760117879267023, 'gate_pct': 99.47218267450155, 'dd_limit': 9.066216783758431, 'cooldown': 8, 'flip': False, 'en_ema_trend': True, 'ema_trend_fast': 84, 'ema_trend_slow': 161, 'en_sma_trend': True, 'sma_trend_fast': 353, 'sma_trend_slow': 12, 'en_macd': True, 'macd_fast': 60, 'macd_slow': 18, 'macd_signal': 82, 'en_vwap': True, 'en_keltner': False, 'keltner_n': 39, 'keltner_m': 2.6, 'en_obv': True, 'obv_slope': 191, 'en_cci': False, 'cci_n': 4, 'cci_threshold': 300, 'en_rsi': True, 'rsi_n': 31, 'rsi_lower': 15, 'rsi_upper': 89, 'en_stochastic': False, 'stochastic_n': 77, 'stochastic_d': 29, 'stochastic_lower': 23, 'stochastic_upper': 91, 'en_mfi': True, 'mfi_n': 77, 'mfi_lower': 1, 'mfi_upper': 76, 'en_bollinger': True, 'bollinger_n': 56, 'bollinger_k': 3.1, 'en_adx': False, 'adx_n': 36, 'adx_threshold': 38, 'en_structure_trend': False, 'structure_trend_swing_l': 11, 'en_order_block': False, 'order_block_swing_l': 4, 'en_fvg': True, 'fvg_lookback': 50, 'en_ifvg': False, 'en_breaker': False, 'breaker_swing_l': 9, 'en_cisd': True, 'k': 3, 'en_cap_bars': False, 'cap_1min': 963}.
[I 2026-07-13 15:41:05,750] Trial 2600 finished with values: [955.6713719827137, -2088.450665369379, 77.5] and parameters: {'sl_soft': 0.07161009218976556, 'sl_hard_delta': 0.08668272783238536, 'tp': 0.0544477534852183, 'gate_pct': 92.04638185231262, 'dd_limit': 1.2256325546234672, 'cooldown': 5, 'flip': True, 'en_ema_trend': False, 'ema_trend_fast': 35, 'ema_trend_slow': 273, 'en_sma_trend': True, 'sma_trend_fast': 50, 'sma_trend_slow': 83, 'en_macd': True, 'macd_fast': 5, 'macd_slow': 91, 'macd_signal': 65, 'en_vwap': True, 'en_keltner': True, 'keltner_n': 42, 'keltner_m': 2.0, 'en_obv': False, 'obv_slope': 2, 'en_cci': True, 'cci_n': 100, 'cci_threshold': 20, 'en_rsi': False, 'rsi_n': 40, 'rsi_lower': 46, 'rsi_upper': 73, 'en_stochastic': True, 'stochastic_n': 79, 'stochastic_d': 38, 'stochastic_lower': 14, 'stochastic_upper': 74, 'en_mfi': True, 'mfi_n': 13, 'mfi_lower': 5, 'mfi_upper': 83, 'en_bollinger': True, 'bollinger_n': 96, 'bollinger_k': 3.8000000000000003, 'en_adx': False, 'adx_n': 12, 'adx_threshold': 17, 'en_structure_trend': False, 'structure_trend_swing_l': 3, 'en_order_block': False, 'order_block_swing_l': 3, 'en_fvg': True, 'fvg_lookback': 33, 'en_ifvg': False, 'en_breaker': True, 'breaker_swing_l': 3, 'en_cisd': False, 'k': 1, 'en_cap_bars': False, 'cap_1min': 1271}.
[I 2026-07-13 15:41:06,107] Trial 2601 pruned. 
[I 2026-07-13 15:41:06,949] Trial 2602 pruned. 
[I 2026-07-13 15:41:08,929] Trial 2603 finished with values: [308.88115273883795, -2846.534133175637, 56.3] and parameters: {'sl_soft': 0.01457425016259157, 'sl_hard_delta': 0.08668272783238536, 'tp': 0.041570164073039366, 'gate_pct': 91.11428864458729, 'dd_limit': 1.2256325546234672, 'cooldown': 7, 'flip': True, 'en_ema_trend': False, 'ema_trend_fast': 330, 'ema_trend_slow': 18, 'en_sma_trend': True, 'sma_trend_fast': 334, 'sma_trend_slow': 302, 'en_macd': True, 'macd_fast': 5, 'macd_slow': 72, 'macd_signal': 27, 'en_vwap': True, 'en_keltner': False, 'keltner_n': 49, 'keltner_m': 2.0, 'en_obv': False, 'obv_slope': 165, 'en_cci': True, 'cci_n': 21, 'cci_threshold': 125, 'en_rsi': True, 'rsi_n': 71, 'rsi_lower': 18, 'rsi_upper': 73, 'en_stochastic': False, 'stochastic_n': 52, 'stochastic_d': 4, 'stochastic_lower': 18, 'stochastic_upper': 74, 'en_mfi': True, 'mfi_n': 29, 'mfi_lower': 25, 'mfi_upper': 72, 'en_bollinger': False, 'bollinger_n': 144, 'bollinger_k': 4.8, 'en_adx': False, 'adx_n': 42, 'adx_threshold': 17, 'en_structure_trend': False, 'structure_trend_swing_l': 1, 'en_order_block': False, 'order_block_swing_l': 3, 'en_fvg': True, 'fvg_lookback': 2, 'en_ifvg': False, 'en_breaker': True, 'breaker_swing_l': 3, 'en_cisd': False, 'k': 1, 'en_cap_bars': True, 'cap_1min': 1271}.
[I 2026-07-13 15:41:09,539] Trial 2604 pruned. 
[I 2026-07-13 15:41:10,015] Trial 2605 pruned. 
[I 2026-07-13 15:41:17,751] Trial 2606 finished with values: [-551.7452830041059, -1902.4283655349095, 57.9] and parameters: {'sl_soft': 0.052196885259142164, 'sl_hard_delta': 0.06386467845975724, 'tp': 0.0455758906119309, 'gate_pct': 98.67302380660169, 'dd_limit': 0.23735305616742414, 'cooldown': 5, 'flip': True, 'en_ema_trend': True, 'ema_trend_fast': 206, 'ema_trend_slow': 125, 'en_sma_trend': False, 'sma_trend_fast': 32, 'sma_trend_slow': 245, 'en_macd': False, 'macd_fast': 81, 'macd_slow': 49, 'macd_signal': 75, 'en_vwap': True, 'en_keltner': True, 'keltner_n': 153, 'keltner_m': 3.7, 'en_obv': False, 'obv_slope': 167, 'en_cci': True, 'cci_n': 6, 'cci_threshold': 295, 'en_rsi': True, 'rsi_n': 62, 'rsi_lower': 18, 'rsi_upper': 93, 'en_stochastic': True, 'stochastic_n': 24, 'stochastic_d': 9, 'stochastic_lower': 1, 'stochastic_upper': 91, 'en_mfi': False, 'mfi_n': 46, 'mfi_lower': 2, 'mfi_upper': 79, 'en_bollinger': True, 'bollinger_n': 122, 'bollinger_k': 1.0, 'en_adx': False, 'adx_n': 12, 'adx_threshold': 17, 'en_structure_trend': False, 'structure_trend_swing_l': 13, 'en_order_block': True, 'order_block_swing_l': 15, 'en_fvg': True, 'fvg_lookback': 19, 'en_ifvg': False, 'en_breaker': True, 'breaker_swing_l': 11, 'en_cisd': True, 'k': 1, 'en_cap_bars': True, 'cap_1min': 483}.
[I 2026-07-13 15:41:24,370] Trial 2607 finished with values: [-565.7811994914574, -1860.556914236895, 47.85] and parameters: {'sl_soft': 0.053027124312554325, 'sl_hard_delta': 0.006679562878120771, 'tp': 0.02638552866949317, 'gate_pct': 97.17867644536658, 'dd_limit': 6.787950662357963, 'cooldown': 13, 'flip': True, 'en_ema_trend': True, 'ema_trend_fast': 113, 'ema_trend_slow': 298, 'en_sma_trend': True, 'sma_trend_fast': 175, 'sma_trend_slow': 222, 'en_macd': True, 'macd_fast': 80, 'macd_slow': 127, 'macd_signal': 21, 'en_vwap': False, 'en_keltner': False, 'keltner_n': 176, 'keltner_m': 4.0, 'en_obv': False, 'obv_slope': 13, 'en_cci': False, 'cci_n': 2, 'cci_threshold': 75, 'en_rsi': True, 'rsi_n': 13, 'rsi_lower': 3, 'rsi_upper': 86, 'en_stochastic': True, 'stochastic_n': 46, 'stochastic_d': 32, 'stochastic_lower': 9, 'stochastic_upper': 93, 'en_mfi': False, 'mfi_n': 39, 'mfi_lower': 27, 'mfi_upper': 79, 'en_bollinger': False, 'bollinger_n': 128, 'bollinger_k': 2.2, 'en_adx': False, 'adx_n': 85, 'adx_threshold': 10, 'en_structure_trend': True, 'structure_trend_swing_l': 1, 'en_order_block': False, 'order_block_swing_l': 10, 'en_fvg': True, 'fvg_lookback': 46, 'en_ifvg': True, 'en_breaker': False, 'breaker_swing_l': 16, 'en_cisd': True, 'k': 5, 'en_cap_bars': False, 'cap_1min': 713}.
[I 2026-07-13 15:41:24,585] Trial 2608 finished with values: [149.88228318278732, -2263.125840946287, 61.25] and parameters: {'sl_soft': 0.07161009218976556, 'sl_hard_delta': 0.005385961390851288, 'tp': 0.0544477534852183, 'gate_pct': 98.67302380660169, 'dd_limit': 2.6546638252533143, 'cooldown': 5, 'flip': True, 'en_ema_trend': False, 'ema_trend_fast': 390, 'ema_trend_slow': 273, 'en_sma_trend': True, 'sma_trend_fast': 148, 'sma_trend_slow': 83, 'en_macd': True, 'macd_fast': 32, 'macd_slow': 91, 'macd_signal': 65, 'en_vwap': True, 'en_keltner': True, 'keltner_n': 42, 'keltner_m': 2.8000000000000003, 'en_obv': False, 'obv_slope': 3, 'en_cci': True, 'cci_n': 100, 'cci_threshold': 125, 'en_rsi': False, 'rsi_n': 92, 'rsi_lower': 46, 'rsi_upper': 94, 'en_stochastic': True, 'stochastic_n': 79, 'stochastic_d': 49, 'stochastic_lower': 14, 'stochastic_upper': 79, 'en_mfi': True, 'mfi_n': 62, 'mfi_lower': 29, 'mfi_upper': 83, 'en_bollinger': True, 'bollinger_n': 7, 'bollinger_k': 0.8, 'en_adx': False, 'adx_n': 12, 'adx_threshold': 17, 'en_structure_trend': False, 'structure_trend_swing_l': 3, 'en_order_block': True, 'order_block_swing_l': 3, 'en_fvg': True, 'fvg_lookback': 33, 'en_ifvg': False, 'en_breaker': True, 'breaker_swing_l': 16, 'en_cisd': False, 'k': 1, 'en_cap_bars': False, 'cap_1min': 1243}.
[I 2026-07-13 15:41:25,906] Trial 2609 pruned. 
[I 2026-07-13 15:41:28,201] Trial 2610 finished with values: [-479.99073909576134, -3811.970003813273, 58.8] and parameters: {'sl_soft': 0.04792375555022396, 'sl_hard_delta': 0.0582717613908707, 'tp': 0.04133656517073042, 'gate_pct': 95.72859018663851, 'dd_limit': 3.2180873254465436, 'cooldown': 15, 'flip': False, 'en_ema_trend': False, 'ema_trend_fast': 193, 'ema_trend_slow': 393, 'en_sma_trend': True, 'sma_trend_fast': 321, 'sma_trend_slow': 377, 'en_macd': True, 'macd_fast': 97, 'macd_slow': 155, 'macd_signal': 78, 'en_vwap': False, 'en_keltner': True, 'keltner_n': 131, 'keltner_m': 0.5, 'en_obv': False, 'obv_slope': 100, 'en_cci': False, 'cci_n': 34, 'cci_threshold': 85, 'en_rsi': False, 'rsi_n': 97, 'rsi_lower': 34, 'rsi_upper': 99, 'en_stochastic': False, 'stochastic_n': 40, 'stochastic_d': 5, 'stochastic_lower': 13, 'stochastic_upper': 58, 'en_mfi': True, 'mfi_n': 22, 'mfi_lower': 24, 'mfi_upper': 97, 'en_bollinger': False, 'bollinger_n': 165, 'bollinger_k': 1.3, 'en_adx': False, 'adx_n': 52, 'adx_threshold': 44, 'en_structure_trend': False, 'structure_trend_swing_l': 7, 'en_order_block': True, 'order_block_swing_l': 4, 'en_fvg': True, 'fvg_lookback': 4, 'en_ifvg': False, 'en_breaker': False, 'breaker_swing_l': 12, 'en_cisd': False, 'k': 2, 'en_cap_bars': True, 'cap_1min': 1343}.
[I 2026-07-13 15:41:30,811] Trial 2611 finished with values: [9.220490499846079, -2574.448912624519, 53.45] and parameters: {'sl_soft': 0.026628720080307165, 'sl_hard_delta': 0.03174292770939944, 'tp': 0.04121537520691777, 'gate_pct': 98.93711402329589, 'dd_limit': 9.50807718589736, 'cooldown': 5, 'flip': False, 'en_ema_trend': True, 'ema_trend_fast': 84, 'ema_trend_slow': 367, 'en_sma_trend': False, 'sma_trend_fast': 13, 'sma_trend_slow': 311, 'en_macd': True, 'macd_fast': 60, 'macd_slow': 18, 'macd_signal': 25, 'en_vwap': False, 'en_keltner': False, 'keltner_n': 39, 'keltner_m': 2.6, 'en_obv': False, 'obv_slope': 30, 'en_cci': False, 'cci_n': 4, 'cci_threshold': 25, 'en_rsi': False, 'rsi_n': 31, 'rsi_lower': 39, 'rsi_upper': 65, 'en_stochastic': False, 'stochastic_n': 97, 'stochastic_d': 26, 'stochastic_lower': 17, 'stochastic_upper': 97, 'en_mfi': True, 'mfi_n': 77, 'mfi_lower': 1, 'mfi_upper': 64, 'en_bollinger': True, 'bollinger_n': 49, 'bollinger_k': 3.1, 'en_adx': False, 'adx_n': 63, 'adx_threshold': 50, 'en_structure_trend': True, 'structure_trend_swing_l': 11, 'en_order_block': True, 'order_block_swing_l': 19, 'en_fvg': False, 'fvg_lookback': 18, 'en_ifvg': True, 'en_breaker': True, 'breaker_swing_l': 5, 'en_cisd': False, 'k': 2, 'en_cap_bars': False, 'cap_1min': 963}.
[I 2026-07-13 15:41:31,868] Trial 2612 finished with values: [-1300.6605665361624, -21994.929456720143, 52.0] and parameters: {'sl_soft': 0.021583388195152695, 'sl_hard_delta': 0.08668272783238536, 'tp': 0.041570164073039366, 'gate_pct': 92.04638185231262, 'dd_limit': 9.740009427199718, 'cooldown': 0, 'flip': True, 'en_ema_trend': False, 'ema_trend_fast': 330, 'ema_trend_slow': 18, 'en_sma_trend': False, 'sma_trend_fast': 137, 'sma_trend_slow': 51, 'en_macd': True, 'macd_fast': 27, 'macd_slow': 72, 'macd_signal': 24, 'en_vwap': True, 'en_keltner': False, 'keltner_n': 49, 'keltner_m': 0.5, 'en_obv': False, 'obv_slope': 2, 'en_cci': True, 'cci_n': 21, 'cci_threshold': 20, 'en_rsi': False, 'rsi_n': 40, 'rsi_lower': 4, 'rsi_upper': 73, 'en_stochastic': False, 'stochastic_n': 77, 'stochastic_d': 38, 'stochastic_lower': 25, 'stochastic_upper': 74, 'en_mfi': False, 'mfi_n': 13, 'mfi_lower': 13, 'mfi_upper': 55, 'en_bollinger': False, 'bollinger_n': 144, 'bollinger_k': 4.8, 'en_adx': False, 'adx_n': 28, 'adx_threshold': 20, 'en_structure_trend': False, 'structure_trend_swing_l': 10, 'en_order_block': False, 'order_block_swing_l': 8, 'en_fvg': False, 'fvg_lookback': 27, 'en_ifvg': True, 'en_breaker': True, 'breaker_swing_l': 12, 'en_cisd': False, 'k': 2, 'en_cap_bars': False, 'cap_1min': 1271}.
[I 2026-07-13 15:41:40,833] Trial 2613 finished with values: [799.0542543574542, -2210.979992925246, 48.9] and parameters: {'sl_soft': 0.04367296915498503, 'sl_hard_delta': 0.0737256970400244, 'tp': 0.11008827281925926, 'gate_pct': 99.57581637257637, 'dd_limit': 5.328714371677049, 'cooldown': 3, 'flip': False, 'en_ema_trend': True, 'ema_trend_fast': 301, 'ema_trend_slow': 395, 'en_sma_trend': False, 'sma_trend_fast': 165, 'sma_trend_slow': 302, 'en_macd': False, 'macd_fast': 26, 'macd_slow': 107, 'macd_signal': 47, 'en_vwap': False, 'en_keltner': True, 'keltner_n': 76, 'keltner_m': 0.7, 'en_obv': True, 'obv_slope': 25, 'en_cci': False, 'cci_n': 34, 'cci_threshold': 75, 'en_rsi': True, 'rsi_n': 33, 'rsi_lower': 20, 'rsi_upper': 92, 'en_stochastic': True, 'stochastic_n': 89, 'stochastic_d': 23, 'stochastic_lower': 21, 'stochastic_upper': 82, 'en_mfi': False, 'mfi_n': 56, 'mfi_lower': 13, 'mfi_upper': 72, 'en_bollinger': True, 'bollinger_n': 100, 'bollinger_k': 4.2, 'en_adx': True, 'adx_n': 68, 'adx_threshold': 10, 'en_structure_trend': False, 'structure_trend_swing_l': 2, 'en_order_block': False, 'order_block_swing_l': 5, 'en_fvg': True, 'fvg_lookback': 33, 'en_ifvg': True, 'en_breaker': False, 'breaker_swing_l': 11, 'en_cisd': False, 'k': 4, 'en_cap_bars': True, 'cap_1min': 1128}.
[I 2026-07-13 15:41:42,803] Trial 2614 finished with values: [-2774.1114901130177, -3594.7061399098593, 40.5] and parameters: {'sl_soft': 0.060501146701018055, 'sl_hard_delta': 0.027238725907773563, 'tp': 0.046905875165717675, 'gate_pct': 97.66167568722003, 'dd_limit': 6.844711394584541, 'cooldown': 13, 'flip': False, 'en_ema_trend': False, 'ema_trend_fast': 93, 'ema_trend_slow': 16, 'en_sma_trend': True, 'sma_trend_fast': 82, 'sma_trend_slow': 351, 'en_macd': True, 'macd_fast': 23, 'macd_slow': 93, 'macd_signal': 98, 'en_vwap': True, 'en_keltner': True, 'keltner_n': 22, 'keltner_m': 1.2000000000000002, 'en_obv': True, 'obv_slope': 69, 'en_cci': False, 'cci_n': 186, 'cci_threshold': 180, 'en_rsi': False, 'rsi_n': 37, 'rsi_lower': 38, 'rsi_upper': 72, 'en_stochastic': False, 'stochastic_n': 45, 'stochastic_d': 43, 'stochastic_lower': 38, 'stochastic_upper': 98, 'en_mfi': False, 'mfi_n': 9, 'mfi_lower': 13, 'mfi_upper': 94, 'en_bollinger': False, 'bollinger_n': 189, 'bollinger_k': 1.1, 'en_adx': False, 'adx_n': 6, 'adx_threshold': 41, 'en_structure_trend': True, 'structure_trend_swing_l': 2, 'en_order_block': False, 'order_block_swing_l': 4, 'en_fvg': True, 'fvg_lookback': 40, 'en_ifvg': False, 'en_breaker': False, 'breaker_swing_l': 12, 'en_cisd': False, 'k': 2, 'en_cap_bars': True, 'cap_1min': 1239}.
[I 2026-07-13 15:41:43,356] Trial 2615 pruned. 
[I 2026-07-13 15:41:44,402] Trial 2616 pruned. 
[I 2026-07-13 15:41:46,037] Trial 2617 finished with values: [-265.9056691807749, -3343.501043589754, 67.55000000000001] and parameters: {'sl_soft': 0.05419866012249924, 'sl_hard_delta': 0.06534430829383484, 'tp': 0.038016026109517806, 'gate_pct': 99.3861717774851, 'dd_limit': 6.844711394584541, 'cooldown': 13, 'flip': True, 'en_ema_trend': True, 'ema_trend_fast': 93, 'ema_trend_slow': 176, 'en_sma_trend': False, 'sma_trend_fast': 397, 'sma_trend_slow': 22, 'en_macd': True, 'macd_fast': 60, 'macd_slow': 93, 'macd_signal': 25, 'en_vwap': False, 'en_keltner': True, 'keltner_n': 189, 'keltner_m': 1.3, 'en_obv': True, 'obv_slope': 69, 'en_cci': False, 'cci_n': 56, 'cci_threshold': 50, 'en_rsi': False, 'rsi_n': 46, 'rsi_lower': 16, 'rsi_upper': 90, 'en_stochastic': False, 'stochastic_n': 86, 'stochastic_d': 45, 'stochastic_lower': 31, 'stochastic_upper': 96, 'en_mfi': False, 'mfi_n': 68, 'mfi_lower': 46, 'mfi_upper': 93, 'en_bollinger': False, 'bollinger_n': 189, 'bollinger_k': 4.5, 'en_adx': False, 'adx_n': 32, 'adx_threshold': 26, 'en_structure_trend': False, 'structure_trend_swing_l': 2, 'en_order_block': False, 'order_block_swing_l': 15, 'en_fvg': True, 'fvg_lookback': 44, 'en_ifvg': True, 'en_breaker': True, 'breaker_swing_l': 14, 'en_cisd': True, 'k': 2, 'en_cap_bars': True, 'cap_1min': 1239}.
[I 2026-07-13 15:41:47,753] Trial 2618 pruned. 
[I 2026-07-13 15:41:49,866] Trial 2619 finished with values: [1277.879576992902, -1758.2754958198877, 66.1] and parameters: {'sl_soft': 0.022988098270288884, 'sl_hard_delta': 0.06382907164527017, 'tp': 0.04121537520691777, 'gate_pct': 91.11428864458729, 'dd_limit': 9.740009427199718, 'cooldown': 0, 'flip': True, 'en_ema_trend': True, 'ema_trend_fast': 330, 'ema_trend_slow': 18, 'en_sma_trend': False, 'sma_trend_fast': 137, 'sma_trend_slow': 12, 'en_macd': True, 'macd_fast': 60, 'macd_slow': 18, 'macd_signal': 24, 'en_vwap': False, 'en_keltner': False, 'keltner_n': 66, 'keltner_m': 5.0, 'en_obv': False, 'obv_slope': 191, 'en_cci': True, 'cci_n': 10, 'cci_threshold': 25, 'en_rsi': False, 'rsi_n': 24, 'rsi_lower': 4, 'rsi_upper': 93, 'en_stochastic': False, 'stochastic_n': 97, 'stochastic_d': 4, 'stochastic_lower': 25, 'stochastic_upper': 91, 'en_mfi': True, 'mfi_n': 29, 'mfi_lower': 8, 'mfi_upper': 55, 'en_bollinger': False, 'bollinger_n': 56, 'bollinger_k': 4.8, 'en_adx': False, 'adx_n': 28, 'adx_threshold': 50, 'en_structure_trend': True, 'structure_trend_swing_l': 13, 'en_order_block': False, 'order_block_swing_l': 8, 'en_fvg': False, 'fvg_lookback': 11, 'en_ifvg': True, 'en_breaker': True, 'breaker_swing_l': 12, 'en_cisd': False, 'k': 2, 'en_cap_bars': False, 'cap_1min': 634}.
[I 2026-07-13 15:41:51,889] Trial 2620 finished with values: [-329.1002223676112, -7884.956361182705, 32.05] and parameters: {'sl_soft': 0.03281470820894297, 'sl_hard_delta': 0.041081131287339284, 'tp': 0.10760117879267023, 'gate_pct': 99.47218267450155, 'dd_limit': 9.50807718589736, 'cooldown': 14, 'flip': False, 'en_ema_trend': True, 'ema_trend_fast': 84, 'ema_trend_slow': 161, 'en_sma_trend': True, 'sma_trend_fast': 353, 'sma_trend_slow': 141, 'en_macd': False, 'macd_fast': 81, 'macd_slow': 18, 'macd_signal': 6, 'en_vwap': True, 'en_keltner': False, 'keltner_n': 39, 'keltner_m': 4.7, 'en_obv': True, 'obv_slope': 157, 'en_cci': True, 'cci_n': 6, 'cci_threshold': 300, 'en_rsi': False, 'rsi_n': 31, 'rsi_lower': 15, 'rsi_upper': 89, 'en_stochastic': False, 'stochastic_n': 77, 'stochastic_d': 29, 'stochastic_lower': 23, 'stochastic_upper': 66, 'en_mfi': True, 'mfi_n': 62, 'mfi_lower': 2, 'mfi_upper': 79, 'en_bollinger': True, 'bollinger_n': 122, 'bollinger_k': 3.9000000000000004, 'en_adx': False, 'adx_n': 41, 'adx_threshold': 38, 'en_structure_trend': False, 'structure_trend_swing_l': 11, 'en_order_block': False, 'order_block_swing_l': 15, 'en_fvg': True, 'fvg_lookback': 50, 'en_ifvg': False, 'en_breaker': False, 'breaker_swing_l': 11, 'en_cisd': True, 'k': 2, 'en_cap_bars': False, 'cap_1min': 483}.
[I 2026-07-13 15:41:52,865] Trial 2621 pruned. 
[I 2026-07-13 15:41:53,301] Trial 2622 finished with values: [482.74217891650653, -3853.9354494104564, 71.6] and parameters: {'sl_soft': 0.050276826705740144, 'sl_hard_delta': 0.0728276140024374, 'tp': 0.046905875165717675, 'gate_pct': 97.66167568722003, 'dd_limit': 6.787950662357963, 'cooldown': 0, 'flip': True, 'en_ema_trend': False, 'ema_trend_fast': 30, 'ema_trend_slow': 378, 'en_sma_trend': False, 'sma_trend_fast': 27, 'sma_trend_slow': 80, 'en_macd': True, 'macd_fast': 31, 'macd_slow': 198, 'macd_signal': 94, 'en_vwap': True, 'en_keltner': True, 'keltner_n': 188, 'keltner_m': 4.0, 'en_obv': True, 'obv_slope': 63, 'en_cci': False, 'cci_n': 186, 'cci_threshold': 285, 'en_rsi': False, 'rsi_n': 42, 'rsi_lower': 46, 'rsi_upper': 72, 'en_stochastic': False, 'stochastic_n': 83, 'stochastic_d': 27, 'stochastic_lower': 42, 'stochastic_upper': 97, 'en_mfi': True, 'mfi_n': 15, 'mfi_lower': 13, 'mfi_upper': 78, 'en_bollinger': True, 'bollinger_n': 125, 'bollinger_k': 3.0, 'en_adx': True, 'adx_n': 7, 'adx_threshold': 41, 'en_structure_trend': True, 'structure_trend_swing_l': 18, 'en_order_block': False, 'order_block_swing_l': 12, 'en_fvg': True, 'fvg_lookback': 35, 'en_ifvg': True, 'en_breaker': True, 'breaker_swing_l': 12, 'en_cisd': False, 'k': 1, 'en_cap_bars': False, 'cap_1min': 713}.
[I 2026-07-13 15:41:53,832] Trial 2623 pruned. 
