[I 2026-07-13 16:38:47,609] Trial 4790 finished with values: [-45.1809949354319, -4102.194569981599, 34.55] and parameters: {'sl_soft': 0.08345559528832464, 'sl_hard_delta': 0.10879162926439315, 'tp': 0.18978054300184755, 'gate_pct': 99.55888908721671, 'dd_limit': 3.021375135532224, 'cooldown': 2, 'flip': True, 'en_ema_trend': True, 'ema_trend_fast': 342, 'ema_trend_slow': 294, 'en_sma_trend': False, 'sma_trend_fast': 105, 'sma_trend_slow': 319, 'en_macd': False, 'macd_fast': 64, 'macd_slow': 3, 'macd_signal': 73, 'en_vwap': True, 'en_keltner': False, 'keltner_n': 153, 'keltner_m': 0.7, 'en_obv': True, 'obv_slope': 129, 'en_cci': True, 'cci_n': 134, 'cci_threshold': 145, 'en_rsi': True, 'rsi_n': 73, 'rsi_lower': 31, 'rsi_upper': 58, 'en_stochastic': True, 'stochastic_n': 6, 'stochastic_d': 43, 'stochastic_lower': 37, 'stochastic_upper': 97, 'en_mfi': False, 'mfi_n': 27, 'mfi_lower': 38, 'mfi_upper': 57, 'en_bollinger': True, 'bollinger_n': 31, 'bollinger_k': 0.9, 'en_adx': False, 'adx_n': 39, 'adx_threshold': 49, 'en_structure_trend': False, 'structure_trend_swing_l': 7, 'en_order_block': False, 'order_block_swing_l': 4, 'en_fvg': False, 'fvg_lookback': 32, 'en_ifvg': False, 'en_breaker': False, 'breaker_swing_l': 19, 'en_cisd': True, 'k': 3, 'en_cap_bars': True, 'cap_1min': 1243}.
[I 2026-07-13 16:38:47,893] Trial 4791 pruned. 
[I 2026-07-13 16:38:48,287] Trial 4792 finished with values: [3657.8604462151357, -2486.236122763579, 48.1] and parameters: {'sl_soft': 0.08345559528832464, 'sl_hard_delta': 0.10879162926439315, 'tp': 0.18978054300184755, 'gate_pct': 99.55888908721671, 'dd_limit': 6.844711394584541, 'cooldown': 2, 'flip': True, 'en_ema_trend': True, 'ema_trend_fast': 323, 'ema_trend_slow': 294, 'en_sma_trend': False, 'sma_trend_fast': 198, 'sma_trend_slow': 319, 'en_macd': True, 'macd_fast': 64, 'macd_slow': 53, 'macd_signal': 73, 'en_vwap': True, 'en_keltner': False, 'keltner_n': 173, 'keltner_m': 4.5, 'en_obv': True, 'obv_slope': 129, 'en_cci': True, 'cci_n': 134, 'cci_threshold': 145, 'en_rsi': True, 'rsi_n': 73, 'rsi_lower': 31, 'rsi_upper': 58, 'en_stochastic': True, 'stochastic_n': 6, 'stochastic_d': 43, 'stochastic_lower': 37, 'stochastic_upper': 97, 'en_mfi': False, 'mfi_n': 27, 'mfi_lower': 38, 'mfi_upper': 53, 'en_bollinger': True, 'bollinger_n': 31, 'bollinger_k': 0.9, 'en_adx': False, 'adx_n': 39, 'adx_threshold': 49, 'en_structure_trend': False, 'structure_trend_swing_l': 7, 'en_order_block': False, 'order_block_swing_l': 4, 'en_fvg': False, 'fvg_lookback': 32, 'en_ifvg': False, 'en_breaker': False, 'breaker_swing_l': 19, 'en_cisd': True, 'k': 2, 'en_cap_bars': False, 'cap_1min': 1239}.
[I 2026-07-13 16:38:49,325] Trial 4793 pruned. 
[I 2026-07-13 16:38:49,915] Trial 4794 finished with values: [-1661.4865365854212, -7449.666815508706, 31.6] and parameters: {'sl_soft': 0.08345559528832464, 'sl_hard_delta': 0.10879162926439315, 'tp': 0.18978054300184755, 'gate_pct': 99.55888908721671, 'dd_limit': 5.319419455229414, 'cooldown': 2, 'flip': True, 'en_ema_trend': True, 'ema_trend_fast': 323, 'ema_trend_slow': 260, 'en_sma_trend': False, 'sma_trend_fast': 198, 'sma_trend_slow': 319, 'en_macd': False, 'macd_fast': 64, 'macd_slow': 53, 'macd_signal': 19, 'en_vwap': True, 'en_keltner': False, 'keltner_n': 173, 'keltner_m': 3.0, 'en_obv': True, 'obv_slope': 146, 'en_cci': True, 'cci_n': 172, 'cci_threshold': 280, 'en_rsi': True, 'rsi_n': 56, 'rsi_lower': 31, 'rsi_upper': 58, 'en_stochastic': False, 'stochastic_n': 62, 'stochastic_d': 43, 'stochastic_lower': 37, 'stochastic_upper': 97, 'en_mfi': True, 'mfi_n': 97, 'mfi_lower': 16, 'mfi_upper': 57, 'en_bollinger': True, 'bollinger_n': 23, 'bollinger_k': 0.9, 'en_adx': False, 'adx_n': 39, 'adx_threshold': 49, 'en_structure_trend': False, 'structure_trend_swing_l': 1, 'en_order_block': False, 'order_block_swing_l': 4, 'en_fvg': False, 'fvg_lookback': 7, 'en_ifvg': False, 'en_breaker': False, 'breaker_swing_l': 19, 'en_cisd': True, 'k': 2, 'en_cap_bars': False, 'cap_1min': 59}.
[I 2026-07-13 16:38:50,308] Trial 4795 finished with values: [2846.6298415305155, -3087.165816229884, 82.19999999999999] and parameters: {'sl_soft': 0.06423559890121558, 'sl_hard_delta': 0.17424252774383417, 'tp': 0.04490461800882547, 'gate_pct': 97.66578486655469, 'dd_limit': 3.021375135532224, 'cooldown': 0, 'flip': True, 'en_ema_trend': True, 'ema_trend_fast': 342, 'ema_trend_slow': 397, 'en_sma_trend': False, 'sma_trend_fast': 198, 'sma_trend_slow': 143, 'en_macd': True, 'macd_fast': 64, 'macd_slow': 123, 'macd_signal': 19, 'en_vwap': False, 'en_keltner': False, 'keltner_n': 135, 'keltner_m': 0.7, 'en_obv': True, 'obv_slope': 92, 'en_cci': True, 'cci_n': 134, 'cci_threshold': 145, 'en_rsi': True, 'rsi_n': 95, 'rsi_lower': 31, 'rsi_upper': 94, 'en_stochastic': True, 'stochastic_n': 82, 'stochastic_d': 28, 'stochastic_lower': 21, 'stochastic_upper': 91, 'en_mfi': False, 'mfi_n': 97, 'mfi_lower': 11, 'mfi_upper': 57, 'en_bollinger': False, 'bollinger_n': 169, 'bollinger_k': 4.2, 'en_adx': False, 'adx_n': 22, 'adx_threshold': 47, 'en_structure_trend': True, 'structure_trend_swing_l': 12, 'en_order_block': False, 'order_block_swing_l': 20, 'en_fvg': True, 'fvg_lookback': 19, 'en_ifvg': False, 'en_breaker': False, 'breaker_swing_l': 20, 'en_cisd': True, 'k': 3, 'en_cap_bars': False, 'cap_1min': 1243}.
[I 2026-07-13 16:38:51,366] Trial 4796 finished with values: [1399.634936735232, -1802.8386448695264, 29.1] and parameters: {'sl_soft': 0.035486083657367995, 'sl_hard_delta': 0.00457699733972642, 'tp': 0.20414742173068356, 'gate_pct': 97.66578486655469, 'dd_limit': 3.021375135532224, 'cooldown': 0, 'flip': True, 'en_ema_trend': False, 'ema_trend_fast': 342, 'ema_trend_slow': 294, 'en_sma_trend': False, 'sma_trend_fast': 105, 'sma_trend_slow': 325, 'en_macd': True, 'macd_fast': 10, 'macd_slow': 3, 'macd_signal': 61, 'en_vwap': False, 'en_keltner': True, 'keltner_n': 135, 'keltner_m': 0.7, 'en_obv': True, 'obv_slope': 129, 'en_cci': True, 'cci_n': 134, 'cci_threshold': 290, 'en_rsi': True, 'rsi_n': 96, 'rsi_lower': 9, 'rsi_upper': 58, 'en_stochastic': True, 'stochastic_n': 82, 'stochastic_d': 43, 'stochastic_lower': 4, 'stochastic_upper': 75, 'en_mfi': False, 'mfi_n': 97, 'mfi_lower': 38, 'mfi_upper': 57, 'en_bollinger': True, 'bollinger_n': 155, 'bollinger_k': 0.9, 'en_adx': False, 'adx_n': 22, 'adx_threshold': 17, 'en_structure_trend': False, 'structure_trend_swing_l': 7, 'en_order_block': False, 'order_block_swing_l': 4, 'en_fvg': True, 'fvg_lookback': 19, 'en_ifvg': False, 'en_breaker': False, 'breaker_swing_l': 14, 'en_cisd': True, 'k': 3, 'en_cap_bars': True, 'cap_1min': 839}.
[I 2026-07-13 16:38:52,618] Trial 4797 finished with values: [681.9905326185172, -2833.1949793614795, 76.65] and parameters: {'sl_soft': 0.09561626693152817, 'sl_hard_delta': 0.00457699733972642, 'tp': 0.04490461800882547, 'gate_pct': 97.66578486655469, 'dd_limit': 3.021375135532224, 'cooldown': 2, 'flip': True, 'en_ema_trend': True, 'ema_trend_fast': 270, 'ema_trend_slow': 294, 'en_sma_trend': False, 'sma_trend_fast': 105, 'sma_trend_slow': 325, 'en_macd': True, 'macd_fast': 64, 'macd_slow': 3, 'macd_signal': 61, 'en_vwap': False, 'en_keltner': True, 'keltner_n': 82, 'keltner_m': 4.9, 'en_obv': True, 'obv_slope': 129, 'en_cci': True, 'cci_n': 134, 'cci_threshold': 70, 'en_rsi': True, 'rsi_n': 73, 'rsi_lower': 9, 'rsi_upper': 58, 'en_stochastic': True, 'stochastic_n': 82, 'stochastic_d': 28, 'stochastic_lower': 4, 'stochastic_upper': 75, 'en_mfi': False, 'mfi_n': 97, 'mfi_lower': 38, 'mfi_upper': 57, 'en_bollinger': True, 'bollinger_n': 169, 'bollinger_k': 1.0, 'en_adx': False, 'adx_n': 22, 'adx_threshold': 47, 'en_structure_trend': False, 'structure_trend_swing_l': 7, 'en_order_block': False, 'order_block_swing_l': 4, 'en_fvg': True, 'fvg_lookback': 19, 'en_ifvg': False, 'en_breaker': True, 'breaker_swing_l': 18, 'en_cisd': True, 'k': 3, 'en_cap_bars': True, 'cap_1min': 1243}.
[I 2026-07-13 16:38:53,111] Trial 4798 finished with values: [1502.4664683514286, -7103.311389254333, 69.85] and parameters: {'sl_soft': 0.09561626693152817, 'sl_hard_delta': 0.00457699733972642, 'tp': 0.04490461800882547, 'gate_pct': 97.87184393359011, 'dd_limit': 5.319419455229414, 'cooldown': 2, 'flip': True, 'en_ema_trend': False, 'ema_trend_fast': 342, 'ema_trend_slow': 260, 'en_sma_trend': False, 'sma_trend_fast': 105, 'sma_trend_slow': 117, 'en_macd': True, 'macd_fast': 64, 'macd_slow': 3, 'macd_signal': 19, 'en_vwap': False, 'en_keltner': False, 'keltner_n': 153, 'keltner_m': 0.7, 'en_obv': True, 'obv_slope': 129, 'en_cci': True, 'cci_n': 172, 'cci_threshold': 290, 'en_rsi': True, 'rsi_n': 73, 'rsi_lower': 9, 'rsi_upper': 58, 'en_stochastic': True, 'stochastic_n': 82, 'stochastic_d': 28, 'stochastic_lower': 4, 'stochastic_upper': 97, 'en_mfi': False, 'mfi_n': 97, 'mfi_lower': 38, 'mfi_upper': 57, 'en_bollinger': False, 'bollinger_n': 169, 'bollinger_k': 1.0, 'en_adx': False, 'adx_n': 11, 'adx_threshold': 47, 'en_structure_trend': False, 'structure_trend_swing_l': 1, 'en_order_block': False, 'order_block_swing_l': 20, 'en_fvg': False, 'fvg_lookback': 7, 'en_ifvg': False, 'en_breaker': True, 'breaker_swing_l': 4, 'en_cisd': True, 'k': 3, 'en_cap_bars': False, 'cap_1min': 1243}.
[I 2026-07-13 16:38:53,489] Trial 4799 finished with values: [1467.821347773022, -2332.2286580052064, 82.85] and parameters: {'sl_soft': 0.09561626693152817, 'sl_hard_delta': 0.00457699733972642, 'tp': 0.04490461800882547, 'gate_pct': 97.87184393359011, 'dd_limit': 3.021375135532224, 'cooldown': 0, 'flip': True, 'en_ema_trend': True, 'ema_trend_fast': 270, 'ema_trend_slow': 294, 'en_sma_trend': False, 'sma_trend_fast': 105, 'sma_trend_slow': 319, 'en_macd': True, 'macd_fast': 10, 'macd_slow': 3, 'macd_signal': 61, 'en_vwap': False, 'en_keltner': False, 'keltner_n': 43, 'keltner_m': 2.6, 'en_obv': True, 'obv_slope': 129, 'en_cci': True, 'cci_n': 146, 'cci_threshold': 145, 'en_rsi': True, 'rsi_n': 73, 'rsi_lower': 9, 'rsi_upper': 58, 'en_stochastic': True, 'stochastic_n': 79, 'stochastic_d': 43, 'stochastic_lower': 4, 'stochastic_upper': 75, 'en_mfi': False, 'mfi_n': 53, 'mfi_lower': 38, 'mfi_upper': 70, 'en_bollinger': True, 'bollinger_n': 155, 'bollinger_k': 0.9, 'en_adx': False, 'adx_n': 22, 'adx_threshold': 49, 'en_structure_trend': False, 'structure_trend_swing_l': 1, 'en_order_block': False, 'order_block_swing_l': 19, 'en_fvg': True, 'fvg_lookback': 19, 'en_ifvg': False, 'en_breaker': False, 'breaker_swing_l': 14, 'en_cisd': True, 'k': 3, 'en_cap_bars': False, 'cap_1min': 878}.
[I 2026-07-13 16:38:53,995] Trial 4800 finished with values: [2760.5550089767303, -3607.7319682030407, 85.0] and parameters: {'sl_soft': 0.08345559528832464, 'sl_hard_delta': 0.17424252774383417, 'tp': 0.03810555008976396, 'gate_pct': 97.66578486655469, 'dd_limit': 3.021375135532224, 'cooldown': 2, 'flip': True, 'en_ema_trend': True, 'ema_trend_fast': 342, 'ema_trend_slow': 391, 'en_sma_trend': False, 'sma_trend_fast': 198, 'sma_trend_slow': 319, 'en_macd': True, 'macd_fast': 64, 'macd_slow': 53, 'macd_signal': 73, 'en_vwap': False, 'en_keltner': True, 'keltner_n': 173, 'keltner_m': 2.1, 'en_obv': True, 'obv_slope': 129, 'en_cci': True, 'cci_n': 134, 'cci_threshold': 145, 'en_rsi': True, 'rsi_n': 73, 'rsi_lower': 31, 'rsi_upper': 58, 'en_stochastic': True, 'stochastic_n': 6, 'stochastic_d': 43, 'stochastic_lower': 22, 'stochastic_upper': 97, 'en_mfi': False, 'mfi_n': 97, 'mfi_lower': 38, 'mfi_upper': 70, 'en_bollinger': True, 'bollinger_n': 31, 'bollinger_k': 4.2, 'en_adx': False, 'adx_n': 39, 'adx_threshold': 49, 'en_structure_trend': True, 'structure_trend_swing_l': 1, 'en_order_block': False, 'order_block_swing_l': 20, 'en_fvg': True, 'fvg_lookback': 9, 'en_ifvg': False, 'en_breaker': True, 'breaker_swing_l': 19, 'en_cisd': True, 'k': 2, 'en_cap_bars': False, 'cap_1min': 1239}.
[I 2026-07-13 16:38:59,713] Trial 4801 finished with values: [747.1373863572773, -2326.4364994054176, 73.35] and parameters: {'sl_soft': 0.07787542705544737, 'sl_hard_delta': 0.00457699733972642, 'tp': 0.04490461800882547, 'gate_pct': 97.87184393359011, 'dd_limit': 2.4528084273798805, 'cooldown': 2, 'flip': True, 'en_ema_trend': False, 'ema_trend_fast': 114, 'ema_trend_slow': 260, 'en_sma_trend': False, 'sma_trend_fast': 105, 'sma_trend_slow': 319, 'en_macd': True, 'macd_fast': 2, 'macd_slow': 188, 'macd_signal': 61, 'en_vwap': False, 'en_keltner': False, 'keltner_n': 135, 'keltner_m': 3.0, 'en_obv': True, 'obv_slope': 129, 'en_cci': True, 'cci_n': 146, 'cci_threshold': 145, 'en_rsi': False, 'rsi_n': 96, 'rsi_lower': 1, 'rsi_upper': 94, 'en_stochastic': True, 'stochastic_n': 82, 'stochastic_d': 43, 'stochastic_lower': 8, 'stochastic_upper': 80, 'en_mfi': False, 'mfi_n': 8, 'mfi_lower': 38, 'mfi_upper': 57, 'en_bollinger': True, 'bollinger_n': 155, 'bollinger_k': 0.9, 'en_adx': False, 'adx_n': 22, 'adx_threshold': 47, 'en_structure_trend': False, 'structure_trend_swing_l': 1, 'en_order_block': False, 'order_block_swing_l': 19, 'en_fvg': False, 'fvg_lookback': 40, 'en_ifvg': False, 'en_breaker': False, 'breaker_swing_l': 20, 'en_cisd': True, 'k': 3, 'en_cap_bars': True, 'cap_1min': 878}.
[I 2026-07-13 16:39:00,145] Trial 4802 finished with values: [1480.3463506621383, -3457.5051411827935, 81.5] and parameters: {'sl_soft': 0.09561626693152817, 'sl_hard_delta': 0.1446159171408522, 'tp': 0.04490461800882547, 'gate_pct': 97.66578486655469, 'dd_limit': 3.021375135532224, 'cooldown': 0, 'flip': True, 'en_ema_trend': False, 'ema_trend_fast': 342, 'ema_trend_slow': 294, 'en_sma_trend': False, 'sma_trend_fast': 105, 'sma_trend_slow': 325, 'en_macd': True, 'macd_fast': 10, 'macd_slow': 3, 'macd_signal': 61, 'en_vwap': False, 'en_keltner': False, 'keltner_n': 135, 'keltner_m': 0.7, 'en_obv': True, 'obv_slope': 129, 'en_cci': True, 'cci_n': 146, 'cci_threshold': 290, 'en_rsi': True, 'rsi_n': 96, 'rsi_lower': 9, 'rsi_upper': 58, 'en_stochastic': True, 'stochastic_n': 82, 'stochastic_d': 43, 'stochastic_lower': 4, 'stochastic_upper': 97, 'en_mfi': False, 'mfi_n': 97, 'mfi_lower': 38, 'mfi_upper': 57, 'en_bollinger': True, 'bollinger_n': 155, 'bollinger_k': 1.0, 'en_adx': False, 'adx_n': 22, 'adx_threshold': 17, 'en_structure_trend': False, 'structure_trend_swing_l': 7, 'en_order_block': False, 'order_block_swing_l': 4, 'en_fvg': True, 'fvg_lookback': 19, 'en_ifvg': False, 'en_breaker': False, 'breaker_swing_l': 14, 'en_cisd': True, 'k': 3, 'en_cap_bars': True, 'cap_1min': 839}.
[I 2026-07-13 16:39:00,347] Trial 4803 pruned. 
[I 2026-07-13 16:39:02,419] Trial 4804 pruned. 
[I 2026-07-13 16:39:02,795] Trial 4805 pruned. 
[I 2026-07-13 16:39:04,846] Trial 4806 finished with values: [2909.824013945369, -3670.2520929604175, 80.4] and parameters: {'sl_soft': 0.06423559890121558, 'sl_hard_delta': 0.17424252774383417, 'tp': 0.04490461800882547, 'gate_pct': 97.66578486655469, 'dd_limit': 3.021375135532224, 'cooldown': 0, 'flip': True, 'en_ema_trend': True, 'ema_trend_fast': 270, 'ema_trend_slow': 294, 'en_sma_trend': False, 'sma_trend_fast': 198, 'sma_trend_slow': 319, 'en_macd': True, 'macd_fast': 64, 'macd_slow': 123, 'macd_signal': 35, 'en_vwap': True, 'en_keltner': False, 'keltner_n': 43, 'keltner_m': 0.7, 'en_obv': True, 'obv_slope': 92, 'en_cci': True, 'cci_n': 146, 'cci_threshold': 290, 'en_rsi': True, 'rsi_n': 73, 'rsi_lower': 9, 'rsi_upper': 58, 'en_stochastic': True, 'stochastic_n': 82, 'stochastic_d': 28, 'stochastic_lower': 21, 'stochastic_upper': 91, 'en_mfi': False, 'mfi_n': 97, 'mfi_lower': 38, 'mfi_upper': 57, 'en_bollinger': True, 'bollinger_n': 155, 'bollinger_k': 4.2, 'en_adx': False, 'adx_n': 22, 'adx_threshold': 49, 'en_structure_trend': False, 'structure_trend_swing_l': 12, 'en_order_block': False, 'order_block_swing_l': 4, 'en_fvg': True, 'fvg_lookback': 19, 'en_ifvg': False, 'en_breaker': False, 'breaker_swing_l': 14, 'en_cisd': True, 'k': 3, 'en_cap_bars': True, 'cap_1min': 878}.
[I 2026-07-13 16:39:05,596] Trial 4807 finished with values: [699.2634425472663, -5716.479198351505, 73.6] and parameters: {'sl_soft': 0.06423559890121558, 'sl_hard_delta': 0.17424252774383417, 'tp': 0.04490461800882547, 'gate_pct': 97.66578486655469, 'dd_limit': 1.0261775354076608, 'cooldown': 2, 'flip': True, 'en_ema_trend': True, 'ema_trend_fast': 323, 'ema_trend_slow': 397, 'en_sma_trend': False, 'sma_trend_fast': 198, 'sma_trend_slow': 319, 'en_macd': False, 'macd_fast': 64, 'macd_slow': 53, 'macd_signal': 73, 'en_vwap': True, 'en_keltner': False, 'keltner_n': 135, 'keltner_m': 4.5, 'en_obv': True, 'obv_slope': 129, 'en_cci': True, 'cci_n': 134, 'cci_threshold': 145, 'en_rsi': True, 'rsi_n': 95, 'rsi_lower': 31, 'rsi_upper': 58, 'en_stochastic': True, 'stochastic_n': 82, 'stochastic_d': 43, 'stochastic_lower': 37, 'stochastic_upper': 97, 'en_mfi': False, 'mfi_n': 27, 'mfi_lower': 11, 'mfi_upper': 57, 'en_bollinger': True, 'bollinger_n': 31, 'bollinger_k': 4.2, 'en_adx': False, 'adx_n': 22, 'adx_threshold': 49, 'en_structure_trend': False, 'structure_trend_swing_l': 12, 'en_order_block': False, 'order_block_swing_l': 20, 'en_fvg': False, 'fvg_lookback': 19, 'en_ifvg': False, 'en_breaker': False, 'breaker_swing_l': 20, 'en_cisd': True, 'k': 2, 'en_cap_bars': False, 'cap_1min': 1077}.
[I 2026-07-13 16:39:07,700] Trial 4808 pruned. 
[I 2026-07-13 16:39:13,183] Trial 4809 finished with values: [1882.9587591598697, -2119.298273048713, 85.85] and parameters: {'sl_soft': 0.06423559890121558, 'sl_hard_delta': 0.17424252774383417, 'tp': 0.04490461800882547, 'gate_pct': 97.66578486655469, 'dd_limit': 3.021375135532224, 'cooldown': 4, 'flip': True, 'en_ema_trend': False, 'ema_trend_fast': 342, 'ema_trend_slow': 397, 'en_sma_trend': True, 'sma_trend_fast': 337, 'sma_trend_slow': 319, 'en_macd': True, 'macd_fast': 64, 'macd_slow': 123, 'macd_signal': 19, 'en_vwap': False, 'en_keltner': True, 'keltner_n': 99, 'keltner_m': 0.7, 'en_obv': True, 'obv_slope': 129, 'en_cci': True, 'cci_n': 172, 'cci_threshold': 145, 'en_rsi': True, 'rsi_n': 95, 'rsi_lower': 18, 'rsi_upper': 58, 'en_stochastic': True, 'stochastic_n': 98, 'stochastic_d': 21, 'stochastic_lower': 21, 'stochastic_upper': 91, 'en_mfi': False, 'mfi_n': 97, 'mfi_lower': 11, 'mfi_upper': 57, 'en_bollinger': False, 'bollinger_n': 169, 'bollinger_k': 0.9, 'en_adx': False, 'adx_n': 22, 'adx_threshold': 47, 'en_structure_trend': False, 'structure_trend_swing_l': 12, 'en_order_block': False, 'order_block_swing_l': 4, 'en_fvg': True, 'fvg_lookback': 7, 'en_ifvg': False, 'en_breaker': False, 'breaker_swing_l': 19, 'en_cisd': True, 'k': 3, 'en_cap_bars': False, 'cap_1min': 1243}.
[I 2026-07-13 16:39:14,131] Trial 4810 pruned. 
[I 2026-07-13 16:39:20,777] Trial 4811 finished with values: [-55.46388894048164, -4513.924011651938, 65.15] and parameters: {'sl_soft': 0.028990133952261944, 'sl_hard_delta': 0.17424252774383417, 'tp': 0.04490461800882547, 'gate_pct': 97.87184393359011, 'dd_limit': 3.021375135532224, 'cooldown': 0, 'flip': True, 'en_ema_trend': True, 'ema_trend_fast': 270, 'ema_trend_slow': 105, 'en_sma_trend': False, 'sma_trend_fast': 105, 'sma_trend_slow': 319, 'en_macd': True, 'macd_fast': 10, 'macd_slow': 123, 'macd_signal': 61, 'en_vwap': False, 'en_keltner': False, 'keltner_n': 135, 'keltner_m': 2.6, 'en_obv': True, 'obv_slope': 92, 'en_cci': True, 'cci_n': 146, 'cci_threshold': 145, 'en_rsi': True, 'rsi_n': 73, 'rsi_lower': 9, 'rsi_upper': 94, 'en_stochastic': True, 'stochastic_n': 79, 'stochastic_d': 43, 'stochastic_lower': 21, 'stochastic_upper': 91, 'en_mfi': False, 'mfi_n': 97, 'mfi_lower': 38, 'mfi_upper': 70, 'en_bollinger': False, 'bollinger_n': 155, 'bollinger_k': 4.2, 'en_adx': False, 'adx_n': 22, 'adx_threshold': 47, 'en_structure_trend': False, 'structure_trend_swing_l': 1, 'en_order_block': False, 'order_block_swing_l': 19, 'en_fvg': True, 'fvg_lookback': 19, 'en_ifvg': False, 'en_breaker': False, 'breaker_swing_l': 14, 'en_cisd': True, 'k': 3, 'en_cap_bars': False, 'cap_1min': 1243}.
[I 2026-07-13 16:39:21,297] Trial 4812 finished with values: [-998.4495991570162, -2379.6472365005175, 41.65] and parameters: {'sl_soft': 0.035486083657367995, 'sl_hard_delta': 0.00457699733972642, 'tp': 0.03810555008976396, 'gate_pct': 97.66578486655469, 'dd_limit': 3.021375135532224, 'cooldown': 2, 'flip': True, 'en_ema_trend': False, 'ema_trend_fast': 342, 'ema_trend_slow': 260, 'en_sma_trend': False, 'sma_trend_fast': 44, 'sma_trend_slow': 117, 'en_macd': True, 'macd_fast': 64, 'macd_slow': 188, 'macd_signal': 73, 'en_vwap': False, 'en_keltner': False, 'keltner_n': 99, 'keltner_m': 2.1, 'en_obv': True, 'obv_slope': 146, 'en_cci': True, 'cci_n': 134, 'cci_threshold': 280, 'en_rsi': True, 'rsi_n': 56, 'rsi_lower': 31, 'rsi_upper': 94, 'en_stochastic': True, 'stochastic_n': 62, 'stochastic_d': 28, 'stochastic_lower': 21, 'stochastic_upper': 91, 'en_mfi': False, 'mfi_n': 81, 'mfi_lower': 4, 'mfi_upper': 57, 'en_bollinger': True, 'bollinger_n': 23, 'bollinger_k': 4.2, 'en_adx': False, 'adx_n': 11, 'adx_threshold': 48, 'en_structure_trend': False, 'structure_trend_swing_l': 1, 'en_order_block': True, 'order_block_swing_l': 20, 'en_fvg': True, 'fvg_lookback': 7, 'en_ifvg': False, 'en_breaker': True, 'breaker_swing_l': 19, 'en_cisd': True, 'k': 2, 'en_cap_bars': False, 'cap_1min': 59}.
[I 2026-07-13 16:39:21,640] Trial 4813 pruned. 
