[I 2026-07-13 16:17:14,027] Trial 3887 finished with values: [-1140.30474898449, -5944.400093520804, 47.8] and parameters: {'sl_soft': 0.07922784441362493, 'sl_hard_delta': 0.17424252774383417, 'tp': 0.12087428304226394, 'gate_pct': 97.66578486655469, 'dd_limit': 6.844711394584541, 'cooldown': 0, 'flip': True, 'en_ema_trend': True, 'ema_trend_fast': 342, 'ema_trend_slow': 397, 'en_sma_trend': False, 'sma_trend_fast': 198, 'sma_trend_slow': 325, 'en_macd': True, 'macd_fast': 64, 'macd_slow': 53, 'macd_signal': 3, 'en_vwap': False, 'en_keltner': True, 'keltner_n': 43, 'keltner_m': 1.9000000000000001, 'en_obv': True, 'obv_slope': 92, 'en_cci': True, 'cci_n': 134, 'cci_threshold': 145, 'en_rsi': True, 'rsi_n': 95, 'rsi_lower': 9, 'rsi_upper': 94, 'en_stochastic': True, 'stochastic_n': 6, 'stochastic_d': 28, 'stochastic_lower': 21, 'stochastic_upper': 97, 'en_mfi': False, 'mfi_n': 97, 'mfi_lower': 11, 'mfi_upper': 70, 'en_bollinger': False, 'bollinger_n': 155, 'bollinger_k': 1.1, 'en_adx': False, 'adx_n': 22, 'adx_threshold': 47, 'en_structure_trend': True, 'structure_trend_swing_l': 12, 'en_order_block': False, 'order_block_swing_l': 4, 'en_fvg': False, 'fvg_lookback': 7, 'en_ifvg': False, 'en_breaker': False, 'breaker_swing_l': 20, 'en_cisd': True, 'k': 3, 'en_cap_bars': False, 'cap_1min': 1239}.
[I 2026-07-13 16:17:19,885] Trial 3888 finished with values: [-287.7360356422541, -4983.084480745246, 69.6] and parameters: {'sl_soft': 0.02949052716025995, 'sl_hard_delta': 0.10879162926439315, 'tp': 0.04490461800882547, 'gate_pct': 97.66578486655469, 'dd_limit': 3.021375135532224, 'cooldown': 0, 'flip': True, 'en_ema_trend': False, 'ema_trend_fast': 342, 'ema_trend_slow': 397, 'en_sma_trend': False, 'sma_trend_fast': 198, 'sma_trend_slow': 325, 'en_macd': False, 'macd_fast': 10, 'macd_slow': 72, 'macd_signal': 61, 'en_vwap': False, 'en_keltner': True, 'keltner_n': 153, 'keltner_m': 2.1, 'en_obv': False, 'obv_slope': 129, 'en_cci': True, 'cci_n': 172, 'cci_threshold': 290, 'en_rsi': True, 'rsi_n': 7, 'rsi_lower': 31, 'rsi_upper': 58, 'en_stochastic': True, 'stochastic_n': 98, 'stochastic_d': 28, 'stochastic_lower': 4, 'stochastic_upper': 91, 'en_mfi': True, 'mfi_n': 19, 'mfi_lower': 11, 'mfi_upper': 70, 'en_bollinger': True, 'bollinger_n': 169, 'bollinger_k': 4.2, 'en_adx': False, 'adx_n': 22, 'adx_threshold': 47, 'en_structure_trend': False, 'structure_trend_swing_l': 4, 'en_order_block': False, 'order_block_swing_l': 16, 'en_fvg': True, 'fvg_lookback': 19, 'en_ifvg': False, 'en_breaker': False, 'breaker_swing_l': 18, 'en_cisd': True, 'k': 3, 'en_cap_bars': True, 'cap_1min': 1243}.
[I 2026-07-13 16:17:26,642] Trial 3889 finished with values: [44.77814944380009, -10156.096949084584, 73.7] and parameters: {'sl_soft': 0.07787542705544737, 'sl_hard_delta': 0.03015108663934192, 'tp': 0.03810555008976396, 'gate_pct': 97.66578486655469, 'dd_limit': 3.021375135532224, 'cooldown': 0, 'flip': True, 'en_ema_trend': False, 'ema_trend_fast': 113, 'ema_trend_slow': 397, 'en_sma_trend': False, 'sma_trend_fast': 198, 'sma_trend_slow': 356, 'en_macd': False, 'macd_fast': 2, 'macd_slow': 133, 'macd_signal': 61, 'en_vwap': False, 'en_keltner': False, 'keltner_n': 135, 'keltner_m': 2.1, 'en_obv': True, 'obv_slope': 92, 'en_cci': True, 'cci_n': 197, 'cci_threshold': 145, 'en_rsi': True, 'rsi_n': 95, 'rsi_lower': 1, 'rsi_upper': 58, 'en_stochastic': True, 'stochastic_n': 82, 'stochastic_d': 43, 'stochastic_lower': 4, 'stochastic_upper': 91, 'en_mfi': False, 'mfi_n': 8, 'mfi_lower': 11, 'mfi_upper': 70, 'en_bollinger': False, 'bollinger_n': 169, 'bollinger_k': 4.2, 'en_adx': False, 'adx_n': 48, 'adx_threshold': 47, 'en_structure_trend': False, 'structure_trend_swing_l': 1, 'en_order_block': False, 'order_block_swing_l': 20, 'en_fvg': True, 'fvg_lookback': 40, 'en_ifvg': False, 'en_breaker': False, 'breaker_swing_l': 3, 'en_cisd': True, 'k': 3, 'en_cap_bars': False, 'cap_1min': 1243}.
[I 2026-07-13 16:17:27,290] Trial 3890 pruned. 
[I 2026-07-13 16:17:27,990] Trial 3891 pruned. 
[I 2026-07-13 16:17:28,549] Trial 3892 finished with values: [-245.30577607793032, -4334.719750060358, 45.9] and parameters: {'sl_soft': 0.08345559528832464, 'sl_hard_delta': 0.10879162926439315, 'tp': 0.16369789677360067, 'gate_pct': 97.66578486655469, 'dd_limit': 2.4528084273798805, 'cooldown': 2, 'flip': True, 'en_ema_trend': True, 'ema_trend_fast': 114, 'ema_trend_slow': 260, 'en_sma_trend': False, 'sma_trend_fast': 338, 'sma_trend_slow': 319, 'en_macd': False, 'macd_fast': 64, 'macd_slow': 188, 'macd_signal': 73, 'en_vwap': True, 'en_keltner': False, 'keltner_n': 173, 'keltner_m': 0.5, 'en_obv': True, 'obv_slope': 13, 'en_cci': True, 'cci_n': 134, 'cci_threshold': 145, 'en_rsi': True, 'rsi_n': 73, 'rsi_lower': 31, 'rsi_upper': 58, 'en_stochastic': False, 'stochastic_n': 6, 'stochastic_d': 43, 'stochastic_lower': 37, 'stochastic_upper': 91, 'en_mfi': False, 'mfi_n': 27, 'mfi_lower': 11, 'mfi_upper': 51, 'en_bollinger': True, 'bollinger_n': 31, 'bollinger_k': 0.9, 'en_adx': False, 'adx_n': 39, 'adx_threshold': 48, 'en_structure_trend': False, 'structure_trend_swing_l': 9, 'en_order_block': False, 'order_block_swing_l': 4, 'en_fvg': False, 'fvg_lookback': 40, 'en_ifvg': False, 'en_breaker': False, 'breaker_swing_l': 20, 'en_cisd': True, 'k': 2, 'en_cap_bars': True, 'cap_1min': 59}.
[I 2026-07-13 16:17:33,714] Trial 3893 finished with values: [-302.1460948013655, -3256.4727335172706, 58.55] and parameters: {'sl_soft': 0.02949052716025995, 'sl_hard_delta': 0.17424252774383417, 'tp': 0.04490461800882547, 'gate_pct': 99.55888908721671, 'dd_limit': 2.4528084273798805, 'cooldown': 6, 'flip': True, 'en_ema_trend': False, 'ema_trend_fast': 323, 'ema_trend_slow': 294, 'en_sma_trend': False, 'sma_trend_fast': 105, 'sma_trend_slow': 325, 'en_macd': False, 'macd_fast': 64, 'macd_slow': 53, 'macd_signal': 3, 'en_vwap': False, 'en_keltner': True, 'keltner_n': 43, 'keltner_m': 2.1, 'en_obv': True, 'obv_slope': 129, 'en_cci': True, 'cci_n': 134, 'cci_threshold': 145, 'en_rsi': True, 'rsi_n': 95, 'rsi_lower': 9, 'rsi_upper': 58, 'en_stochastic': True, 'stochastic_n': 38, 'stochastic_d': 43, 'stochastic_lower': 4, 'stochastic_upper': 87, 'en_mfi': False, 'mfi_n': 8, 'mfi_lower': 12, 'mfi_upper': 70, 'en_bollinger': True, 'bollinger_n': 31, 'bollinger_k': 1.1, 'en_adx': False, 'adx_n': 39, 'adx_threshold': 49, 'en_structure_trend': True, 'structure_trend_swing_l': 7, 'en_order_block': False, 'order_block_swing_l': 4, 'en_fvg': False, 'fvg_lookback': 32, 'en_ifvg': False, 'en_breaker': True, 'breaker_swing_l': 18, 'en_cisd': True, 'k': 1, 'en_cap_bars': False, 'cap_1min': 1239}.
[I 2026-07-13 16:17:34,082] Trial 3894 finished with values: [1279.9618806698377, -3129.4732201040533, 34.5] and parameters: {'sl_soft': 0.035486083657367995, 'sl_hard_delta': 0.04269284514679842, 'tp': 0.17919529691137454, 'gate_pct': 96.54380504120698, 'dd_limit': 5.319419455229414, 'cooldown': 2, 'flip': True, 'en_ema_trend': False, 'ema_trend_fast': 77, 'ema_trend_slow': 260, 'en_sma_trend': False, 'sma_trend_fast': 360, 'sma_trend_slow': 117, 'en_macd': True, 'macd_fast': 2, 'macd_slow': 72, 'macd_signal': 34, 'en_vwap': True, 'en_keltner': False, 'keltner_n': 99, 'keltner_m': 3.0, 'en_obv': True, 'obv_slope': 146, 'en_cci': True, 'cci_n': 54, 'cci_threshold': 135, 'en_rsi': False, 'rsi_n': 15, 'rsi_lower': 39, 'rsi_upper': 75, 'en_stochastic': False, 'stochastic_n': 62, 'stochastic_d': 49, 'stochastic_lower': 21, 'stochastic_upper': 91, 'en_mfi': False, 'mfi_n': 76, 'mfi_lower': 16, 'mfi_upper': 54, 'en_bollinger': False, 'bollinger_n': 149, 'bollinger_k': 2.4000000000000004, 'en_adx': False, 'adx_n': 11, 'adx_threshold': 48, 'en_structure_trend': False, 'structure_trend_swing_l': 9, 'en_order_block': False, 'order_block_swing_l': 18, 'en_fvg': True, 'fvg_lookback': 7, 'en_ifvg': False, 'en_breaker': True, 'breaker_swing_l': 20, 'en_cisd': False, 'k': 5, 'en_cap_bars': False, 'cap_1min': 59}.
[I 2026-07-13 16:17:36,987] Trial 3895 finished with values: [-207.13235244004457, -6847.889009198696, 32.349999999999994] and parameters: {'sl_soft': 0.03867303262411816, 'sl_hard_delta': 0.17424252774383417, 'tp': 0.18978054300184755, 'gate_pct': 99.86430067299344, 'dd_limit': 7.364744278329123, 'cooldown': 3, 'flip': True, 'en_ema_trend': False, 'ema_trend_fast': 323, 'ema_trend_slow': 294, 'en_sma_trend': False, 'sma_trend_fast': 177, 'sma_trend_slow': 117, 'en_macd': True, 'macd_fast': 64, 'macd_slow': 188, 'macd_signal': 45, 'en_vwap': True, 'en_keltner': False, 'keltner_n': 56, 'keltner_m': 0.7, 'en_obv': True, 'obv_slope': 19, 'en_cci': True, 'cci_n': 7, 'cci_threshold': 135, 'en_rsi': True, 'rsi_n': 95, 'rsi_lower': 5, 'rsi_upper': 75, 'en_stochastic': False, 'stochastic_n': 62, 'stochastic_d': 43, 'stochastic_lower': 21, 'stochastic_upper': 97, 'en_mfi': True, 'mfi_n': 9, 'mfi_lower': 11, 'mfi_upper': 57, 'en_bollinger': False, 'bollinger_n': 23, 'bollinger_k': 4.2, 'en_adx': False, 'adx_n': 11, 'adx_threshold': 47, 'en_structure_trend': True, 'structure_trend_swing_l': 7, 'en_order_block': True, 'order_block_swing_l': 20, 'en_fvg': False, 'fvg_lookback': 32, 'en_ifvg': False, 'en_breaker': False, 'breaker_swing_l': 14, 'en_cisd': True, 'k': 3, 'en_cap_bars': False, 'cap_1min': 495}.
[I 2026-07-13 16:17:37,566] Trial 3896 finished with values: [1116.6207894047282, -5451.576394584485, 44.3] and parameters: {'sl_soft': 0.035486083657367995, 'sl_hard_delta': 0.04269284514679842, 'tp': 0.11965293792891196, 'gate_pct': 99.55888908721671, 'dd_limit': 5.319419455229414, 'cooldown': 2, 'flip': True, 'en_ema_trend': False, 'ema_trend_fast': 114, 'ema_trend_slow': 294, 'en_sma_trend': False, 'sma_trend_fast': 44, 'sma_trend_slow': 117, 'en_macd': True, 'macd_fast': 2, 'macd_slow': 188, 'macd_signal': 19, 'en_vwap': False, 'en_keltner': False, 'keltner_n': 43, 'keltner_m': 3.0, 'en_obv': True, 'obv_slope': 146, 'en_cci': True, 'cci_n': 54, 'cci_threshold': 135, 'en_rsi': False, 'rsi_n': 73, 'rsi_lower': 18, 'rsi_upper': 75, 'en_stochastic': False, 'stochastic_n': 62, 'stochastic_d': 43, 'stochastic_lower': 21, 'stochastic_upper': 91, 'en_mfi': True, 'mfi_n': 60, 'mfi_lower': 16, 'mfi_upper': 51, 'en_bollinger': True, 'bollinger_n': 17, 'bollinger_k': 2.4000000000000004, 'en_adx': False, 'adx_n': 11, 'adx_threshold': 48, 'en_structure_trend': True, 'structure_trend_swing_l': 7, 'en_order_block': False, 'order_block_swing_l': 4, 'en_fvg': True, 'fvg_lookback': 7, 'en_ifvg': False, 'en_breaker': False, 'breaker_swing_l': 20, 'en_cisd': False, 'k': 4, 'en_cap_bars': False, 'cap_1min': 59}.
[I 2026-07-13 16:17:39,377] Trial 3897 finished with values: [-303.8735029349839, -3261.047604086116, 39.45] and parameters: {'sl_soft': 0.03867303262411816, 'sl_hard_delta': 0.05280977471915283, 'tp': 0.11965293792891196, 'gate_pct': 99.55888908721671, 'dd_limit': 6.844711394584541, 'cooldown': 6, 'flip': True, 'en_ema_trend': False, 'ema_trend_fast': 323, 'ema_trend_slow': 294, 'en_sma_trend': True, 'sma_trend_fast': 105, 'sma_trend_slow': 325, 'en_macd': True, 'macd_fast': 64, 'macd_slow': 188, 'macd_signal': 3, 'en_vwap': True, 'en_keltner': False, 'keltner_n': 43, 'keltner_m': 0.7, 'en_obv': True, 'obv_slope': 72, 'en_cci': True, 'cci_n': 7, 'cci_threshold': 135, 'en_rsi': True, 'rsi_n': 73, 'rsi_lower': 31, 'rsi_upper': 75, 'en_stochastic': True, 'stochastic_n': 6, 'stochastic_d': 43, 'stochastic_lower': 21, 'stochastic_upper': 97, 'en_mfi': False, 'mfi_n': 60, 'mfi_lower': 23, 'mfi_upper': 57, 'en_bollinger': False, 'bollinger_n': 31, 'bollinger_k': 1.1, 'en_adx': False, 'adx_n': 39, 'adx_threshold': 47, 'en_structure_trend': True, 'structure_trend_swing_l': 7, 'en_order_block': False, 'order_block_swing_l': 4, 'en_fvg': False, 'fvg_lookback': 32, 'en_ifvg': False, 'en_breaker': False, 'breaker_swing_l': 20, 'en_cisd': True, 'k': 4, 'en_cap_bars': False, 'cap_1min': 1239}.
[I 2026-07-13 16:17:44,451] Trial 3898 finished with values: [494.0386255518272, -3478.357046312296, 80.4] and parameters: {'sl_soft': 0.09561626693152817, 'sl_hard_delta': 0.17424252774383417, 'tp': 0.04490461800882547, 'gate_pct': 99.12973389262724, 'dd_limit': 2.4528084273798805, 'cooldown': 2, 'flip': True, 'en_ema_trend': False, 'ema_trend_fast': 342, 'ema_trend_slow': 391, 'en_sma_trend': False, 'sma_trend_fast': 198, 'sma_trend_slow': 325, 'en_macd': False, 'macd_fast': 64, 'macd_slow': 3, 'macd_signal': 73, 'en_vwap': False, 'en_keltner': False, 'keltner_n': 43, 'keltner_m': 2.1, 'en_obv': True, 'obv_slope': 129, 'en_cci': True, 'cci_n': 134, 'cci_threshold': 140, 'en_rsi': True, 'rsi_n': 95, 'rsi_lower': 31, 'rsi_upper': 58, 'en_stochastic': True, 'stochastic_n': 38, 'stochastic_d': 43, 'stochastic_lower': 22, 'stochastic_upper': 87, 'en_mfi': False, 'mfi_n': 27, 'mfi_lower': 11, 'mfi_upper': 70, 'en_bollinger': True, 'bollinger_n': 83, 'bollinger_k': 4.2, 'en_adx': False, 'adx_n': 22, 'adx_threshold': 49, 'en_structure_trend': True, 'structure_trend_swing_l': 1, 'en_order_block': False, 'order_block_swing_l': 16, 'en_fvg': True, 'fvg_lookback': 19, 'en_ifvg': False, 'en_breaker': False, 'breaker_swing_l': 10, 'en_cisd': True, 'k': 2, 'en_cap_bars': True, 'cap_1min': 878}.
[I 2026-07-13 16:17:47,184] Trial 3899 pruned. 
[I 2026-07-13 16:17:52,659] Trial 3900 finished with values: [634.5004264346966, -3271.260054133051, 60.65] and parameters: {'sl_soft': 0.02949052716025995, 'sl_hard_delta': 0.17424252774383417, 'tp': 0.04490461800882547, 'gate_pct': 97.87184393359011, 'dd_limit': 2.4528084273798805, 'cooldown': 2, 'flip': True, 'en_ema_trend': False, 'ema_trend_fast': 114, 'ema_trend_slow': 294, 'en_sma_trend': False, 'sma_trend_fast': 130, 'sma_trend_slow': 319, 'en_macd': True, 'macd_fast': 64, 'macd_slow': 3, 'macd_signal': 61, 'en_vwap': False, 'en_keltner': True, 'keltner_n': 135, 'keltner_m': 2.1, 'en_obv': True, 'obv_slope': 13, 'en_cci': True, 'cci_n': 54, 'cci_threshold': 145, 'en_rsi': False, 'rsi_n': 96, 'rsi_lower': 31, 'rsi_upper': 94, 'en_stochastic': True, 'stochastic_n': 82, 'stochastic_d': 28, 'stochastic_lower': 8, 'stochastic_upper': 87, 'en_mfi': False, 'mfi_n': 19, 'mfi_lower': 27, 'mfi_upper': 70, 'en_bollinger': True, 'bollinger_n': 155, 'bollinger_k': 4.2, 'en_adx': False, 'adx_n': 48, 'adx_threshold': 49, 'en_structure_trend': False, 'structure_trend_swing_l': 7, 'en_order_block': False, 'order_block_swing_l': 4, 'en_fvg': False, 'fvg_lookback': 40, 'en_ifvg': False, 'en_breaker': False, 'breaker_swing_l': 20, 'en_cisd': True, 'k': 3, 'en_cap_bars': True, 'cap_1min': 59}.
[I 2026-07-13 16:17:54,030] Trial 3901 pruned. 
[I 2026-07-13 16:17:54,588] Trial 3902 finished with values: [196.64890654626186, -2749.1496062472006, 42.75] and parameters: {'sl_soft': 0.07922784441362493, 'sl_hard_delta': 0.05280977471915283, 'tp': 0.16369789677360067, 'gate_pct': 97.87184393359011, 'dd_limit': 6.844711394584541, 'cooldown': 6, 'flip': True, 'en_ema_trend': True, 'ema_trend_fast': 323, 'ema_trend_slow': 294, 'en_sma_trend': True, 'sma_trend_fast': 337, 'sma_trend_slow': 325, 'en_macd': True, 'macd_fast': 64, 'macd_slow': 53, 'macd_signal': 19, 'en_vwap': True, 'en_keltner': True, 'keltner_n': 99, 'keltner_m': 3.0, 'en_obv': True, 'obv_slope': 19, 'en_cci': True, 'cci_n': 172, 'cci_threshold': 145, 'en_rsi': True, 'rsi_n': 71, 'rsi_lower': 18, 'rsi_upper': 58, 'en_stochastic': True, 'stochastic_n': 6, 'stochastic_d': 28, 'stochastic_lower': 21, 'stochastic_upper': 91, 'en_mfi': False, 'mfi_n': 60, 'mfi_lower': 11, 'mfi_upper': 57, 'en_bollinger': False, 'bollinger_n': 169, 'bollinger_k': 0.9, 'en_adx': False, 'adx_n': 39, 'adx_threshold': 17, 'en_structure_trend': False, 'structure_trend_swing_l': 7, 'en_order_block': False, 'order_block_swing_l': 4, 'en_fvg': True, 'fvg_lookback': 32, 'en_ifvg': False, 'en_breaker': False, 'breaker_swing_l': 14, 'en_cisd': True, 'k': 1, 'en_cap_bars': False, 'cap_1min': 1239}.
[I 2026-07-13 16:17:55,762] Trial 3903 pruned. 
[I 2026-07-13 16:17:56,662] Trial 3904 finished with values: [1780.515091627955, -3720.081405929037, 41.65] and parameters: {'sl_soft': 0.02949052716025995, 'sl_hard_delta': 0.10879162926439315, 'tp': 0.11965293792891196, 'gate_pct': 97.66578486655469, 'dd_limit': 5.319419455229414, 'cooldown': 2, 'flip': True, 'en_ema_trend': False, 'ema_trend_fast': 114, 'ema_trend_slow': 294, 'en_sma_trend': False, 'sma_trend_fast': 198, 'sma_trend_slow': 325, 'en_macd': False, 'macd_fast': 2, 'macd_slow': 3, 'macd_signal': 19, 'en_vwap': False, 'en_keltner': True, 'keltner_n': 135, 'keltner_m': 3.0, 'en_obv': True, 'obv_slope': 129, 'en_cci': True, 'cci_n': 134, 'cci_threshold': 145, 'en_rsi': False, 'rsi_n': 7, 'rsi_lower': 31, 'rsi_upper': 75, 'en_stochastic': False, 'stochastic_n': 62, 'stochastic_d': 43, 'stochastic_lower': 21, 'stochastic_upper': 91, 'en_mfi': True, 'mfi_n': 19, 'mfi_lower': 11, 'mfi_upper': 51, 'en_bollinger': True, 'bollinger_n': 17, 'bollinger_k': 2.4000000000000004, 'en_adx': False, 'adx_n': 11, 'adx_threshold': 48, 'en_structure_trend': True, 'structure_trend_swing_l': 7, 'en_order_block': False, 'order_block_swing_l': 16, 'en_fvg': True, 'fvg_lookback': 19, 'en_ifvg': False, 'en_breaker': False, 'breaker_swing_l': 14, 'en_cisd': True, 'k': 4, 'en_cap_bars': True, 'cap_1min': 59}.
[I 2026-07-13 16:17:59,037] Trial 3905 pruned. 
[I 2026-07-13 16:17:59,805] Trial 3906 pruned. 
[I 2026-07-13 16:18:01,585] Trial 3907 pruned. 
[I 2026-07-13 16:18:02,071] Trial 3908 pruned. 
[I 2026-07-13 16:18:02,785] Trial 3909 pruned. 
[I 2026-07-13 16:18:04,825] Trial 3910 finished with values: [622.4568913032158, -5313.021032263983, 50.0] and parameters: {'sl_soft': 0.07922784441362493, 'sl_hard_delta': 0.17424252774383417, 'tp': 0.16369789677360067, 'gate_pct': 99.86430067299344, 'dd_limit': 0.5242871576912017, 'cooldown': 2, 'flip': True, 'en_ema_trend': False, 'ema_trend_fast': 77, 'ema_trend_slow': 294, 'en_sma_trend': False, 'sma_trend_fast': 360, 'sma_trend_slow': 35, 'en_macd': True, 'macd_fast': 10, 'macd_slow': 72, 'macd_signal': 34, 'en_vwap': True, 'en_keltner': True, 'keltner_n': 135, 'keltner_m': 3.0, 'en_obv': True, 'obv_slope': 129, 'en_cci': True, 'cci_n': 134, 'cci_threshold': 300, 'en_rsi': True, 'rsi_n': 7, 'rsi_lower': 39, 'rsi_upper': 58, 'en_stochastic': False, 'stochastic_n': 62, 'stochastic_d': 43, 'stochastic_lower': 21, 'stochastic_upper': 86, 'en_mfi': True, 'mfi_n': 8, 'mfi_lower': 27, 'mfi_upper': 71, 'en_bollinger': False, 'bollinger_n': 149, 'bollinger_k': 1.1, 'en_adx': False, 'adx_n': 47, 'adx_threshold': 47, 'en_structure_trend': False, 'structure_trend_swing_l': 7, 'en_order_block': False, 'order_block_swing_l': 18, 'en_fvg': True, 'fvg_lookback': 19, 'en_ifvg': False, 'en_breaker': False, 'breaker_swing_l': 20, 'en_cisd': False, 'k': 3, 'en_cap_bars': True, 'cap_1min': 1250}.
[I 2026-07-13 16:18:06,233] Trial 3911 pruned. 
[I 2026-07-13 16:18:06,914] Trial 3912 finished with values: [2394.438096054862, -12062.462039542366, 32.05] and parameters: {'sl_soft': 0.02949052716025995, 'sl_hard_delta': 0.17424252774383417, 'tp': 0.16369789677360067, 'gate_pct': 97.66578486655469, 'dd_limit': 2.4528084273798805, 'cooldown': 0, 'flip': True, 'en_ema_trend': False, 'ema_trend_fast': 113, 'ema_trend_slow': 397, 'en_sma_trend': False, 'sma_trend_fast': 198, 'sma_trend_slow': 319, 'en_macd': False, 'macd_fast': 70, 'macd_slow': 133, 'macd_signal': 61, 'en_vwap': False, 'en_keltner': True, 'keltner_n': 153, 'keltner_m': 2.1, 'en_obv': True, 'obv_slope': 13, 'en_cci': True, 'cci_n': 172, 'cci_threshold': 145, 'en_rsi': False, 'rsi_n': 96, 'rsi_lower': 18, 'rsi_upper': 58, 'en_stochastic': False, 'stochastic_n': 98, 'stochastic_d': 28, 'stochastic_lower': 21, 'stochastic_upper': 91, 'en_mfi': True, 'mfi_n': 97, 'mfi_lower': 11, 'mfi_upper': 70, 'en_bollinger': False, 'bollinger_n': 169, 'bollinger_k': 1.0, 'en_adx': False, 'adx_n': 48, 'adx_threshold': 47, 'en_structure_trend': False, 'structure_trend_swing_l': 4, 'en_order_block': False, 'order_block_swing_l': 5, 'en_fvg': True, 'fvg_lookback': 40, 'en_ifvg': False, 'en_breaker': False, 'breaker_swing_l': 3, 'en_cisd': True, 'k': 3, 'en_cap_bars': True, 'cap_1min': 839}.
[I 2026-07-13 16:18:07,428] Trial 3913 finished with values: [-773.5506141528242, -8767.92084545713, 41.7] and parameters: {'sl_soft': 0.07922784441362493, 'sl_hard_delta': 0.05280977471915283, 'tp': 0.16369789677360067, 'gate_pct': 99.86430067299344, 'dd_limit': 2.4528084273798805, 'cooldown': 2, 'flip': True, 'en_ema_trend': False, 'ema_trend_fast': 342, 'ema_trend_slow': 294, 'en_sma_trend': False, 'sma_trend_fast': 105, 'sma_trend_slow': 319, 'en_macd': True, 'macd_fast': 64, 'macd_slow': 53, 'macd_signal': 3, 'en_vwap': True, 'en_keltner': True, 'keltner_n': 43, 'keltner_m': 0.7, 'en_obv': True, 'obv_slope': 129, 'en_cci': True, 'cci_n': 134, 'cci_threshold': 280, 'en_rsi': True, 'rsi_n': 73, 'rsi_lower': 9, 'rsi_upper': 58, 'en_stochastic': False, 'stochastic_n': 6, 'stochastic_d': 43, 'stochastic_lower': 21, 'stochastic_upper': 97, 'en_mfi': True, 'mfi_n': 60, 'mfi_lower': 23, 'mfi_upper': 57, 'en_bollinger': False, 'bollinger_n': 103, 'bollinger_k': 1.1, 'en_adx': False, 'adx_n': 47, 'adx_threshold': 49, 'en_structure_trend': True, 'structure_trend_swing_l': 1, 'en_order_block': False, 'order_block_swing_l': 4, 'en_fvg': False, 'fvg_lookback': 32, 'en_ifvg': False, 'en_breaker': False, 'breaker_swing_l': 14, 'en_cisd': True, 'k': 1, 'en_cap_bars': True, 'cap_1min': 1239}.
