[I 2026-07-13 15:50:23,717] Trial 3170 finished with values: [1006.2275699164402, -3121.2570441537937, 73.15] and parameters: {'sl_soft': 0.044871321643129375, 'sl_hard_delta': 0.12271149882589488, 'tp': 0.045225196144253445, 'gate_pct': 99.86430067299344, 'dd_limit': 2.3419576250818945, 'cooldown': 5, 'flip': True, 'en_ema_trend': False, 'ema_trend_fast': 195, 'ema_trend_slow': 294, 'en_sma_trend': False, 'sma_trend_fast': 204, 'sma_trend_slow': 200, 'en_macd': True, 'macd_fast': 76, 'macd_slow': 28, 'macd_signal': 13, 'en_vwap': True, 'en_keltner': False, 'keltner_n': 95, 'keltner_m': 2.8000000000000003, 'en_obv': True, 'obv_slope': 69, 'en_cci': True, 'cci_n': 142, 'cci_threshold': 280, 'en_rsi': True, 'rsi_n': 7, 'rsi_lower': 9, 'rsi_upper': 70, 'en_stochastic': False, 'stochastic_n': 45, 'stochastic_d': 5, 'stochastic_lower': 21, 'stochastic_upper': 86, 'en_mfi': False, 'mfi_n': 19, 'mfi_lower': 23, 'mfi_upper': 71, 'en_bollinger': False, 'bollinger_n': 103, 'bollinger_k': 1.8, 'en_adx': False, 'adx_n': 47, 'adx_threshold': 24, 'en_structure_trend': False, 'structure_trend_swing_l': 17, 'en_order_block': True, 'order_block_swing_l': 11, 'en_fvg': True, 'fvg_lookback': 40, 'en_ifvg': False, 'en_breaker': True, 'breaker_swing_l': 14, 'en_cisd': False, 'k': 4, 'en_cap_bars': True, 'cap_1min': 374}.
[I 2026-07-13 15:50:31,421] Trial 3171 finished with values: [-1709.3874246517162, -7053.871796272911, 52.45] and parameters: {'sl_soft': 0.12251964557263084, 'sl_hard_delta': 0.044576992423203524, 'tp': 0.07738154772393774, 'gate_pct': 97.87184393359011, 'dd_limit': 0.26915096513789893, 'cooldown': 5, 'flip': False, 'en_ema_trend': True, 'ema_trend_fast': 195, 'ema_trend_slow': 294, 'en_sma_trend': False, 'sma_trend_fast': 265, 'sma_trend_slow': 200, 'en_macd': True, 'macd_fast': 70, 'macd_slow': 80, 'macd_signal': 45, 'en_vwap': True, 'en_keltner': True, 'keltner_n': 24, 'keltner_m': 1.2000000000000002, 'en_obv': True, 'obv_slope': 69, 'en_cci': False, 'cci_n': 142, 'cci_threshold': 250, 'en_rsi': True, 'rsi_n': 93, 'rsi_lower': 9, 'rsi_upper': 66, 'en_stochastic': True, 'stochastic_n': 87, 'stochastic_d': 28, 'stochastic_lower': 15, 'stochastic_upper': 97, 'en_mfi': False, 'mfi_n': 19, 'mfi_lower': 43, 'mfi_upper': 90, 'en_bollinger': False, 'bollinger_n': 149, 'bollinger_k': 4.2, 'en_adx': False, 'adx_n': 50, 'adx_threshold': 24, 'en_structure_trend': False, 'structure_trend_swing_l': 17, 'en_order_block': True, 'order_block_swing_l': 11, 'en_fvg': True, 'fvg_lookback': 7, 'en_ifvg': False, 'en_breaker': True, 'breaker_swing_l': 2, 'en_cisd': False, 'k': 1, 'en_cap_bars': False, 'cap_1min': 1250}.
[I 2026-07-13 15:50:33,039] Trial 3172 pruned. 
[I 2026-07-13 15:50:35,693] Trial 3173 pruned. 
[I 2026-07-13 15:50:36,170] Trial 3174 pruned. 
[I 2026-07-13 15:50:37,344] Trial 3175 finished with values: [76.97376937739978, -1611.8272696646227, 69.05000000000001] and parameters: {'sl_soft': 0.09561626693152817, 'sl_hard_delta': 0.03015108663934192, 'tp': 0.05493660677968804, 'gate_pct': 99.43810192295578, 'dd_limit': 5.937758572987326, 'cooldown': 5, 'flip': False, 'en_ema_trend': True, 'ema_trend_fast': 213, 'ema_trend_slow': 100, 'en_sma_trend': True, 'sma_trend_fast': 81, 'sma_trend_slow': 336, 'en_macd': False, 'macd_fast': 70, 'macd_slow': 133, 'macd_signal': 21, 'en_vwap': True, 'en_keltner': True, 'keltner_n': 33, 'keltner_m': 2.3, 'en_obv': True, 'obv_slope': 13, 'en_cci': False, 'cci_n': 2, 'cci_threshold': 130, 'en_rsi': False, 'rsi_n': 96, 'rsi_lower': 49, 'rsi_upper': 78, 'en_stochastic': False, 'stochastic_n': 46, 'stochastic_d': 25, 'stochastic_lower': 22, 'stochastic_upper': 72, 'en_mfi': False, 'mfi_n': 14, 'mfi_lower': 47, 'mfi_upper': 78, 'en_bollinger': False, 'bollinger_n': 2, 'bollinger_k': 0.5, 'en_adx': False, 'adx_n': 48, 'adx_threshold': 10, 'en_structure_trend': True, 'structure_trend_swing_l': 18, 'en_order_block': False, 'order_block_swing_l': 5, 'en_fvg': True, 'fvg_lookback': 40, 'en_ifvg': True, 'en_breaker': False, 'breaker_swing_l': 3, 'en_cisd': False, 'k': 4, 'en_cap_bars': True, 'cap_1min': 839}.
[I 2026-07-13 15:50:38,148] Trial 3176 pruned. 
[I 2026-07-13 15:50:45,687] Trial 3177 finished with values: [-530.9226138031424, -8213.581801233688, 57.6] and parameters: {'sl_soft': 0.11629038337087952, 'sl_hard_delta': 0.12271149882589488, 'tp': 0.07738154772393774, 'gate_pct': 99.57581637257637, 'dd_limit': 6.844711394584541, 'cooldown': 5, 'flip': False, 'en_ema_trend': True, 'ema_trend_fast': 195, 'ema_trend_slow': 294, 'en_sma_trend': False, 'sma_trend_fast': 165, 'sma_trend_slow': 154, 'en_macd': False, 'macd_fast': 70, 'macd_slow': 72, 'macd_signal': 67, 'en_vwap': False, 'en_keltner': True, 'keltner_n': 76, 'keltner_m': 1.2000000000000002, 'en_obv': True, 'obv_slope': 173, 'en_cci': True, 'cci_n': 120, 'cci_threshold': 45, 'en_rsi': True, 'rsi_n': 33, 'rsi_lower': 20, 'rsi_upper': 63, 'en_stochastic': True, 'stochastic_n': 90, 'stochastic_d': 28, 'stochastic_lower': 21, 'stochastic_upper': 97, 'en_mfi': False, 'mfi_n': 56, 'mfi_lower': 43, 'mfi_upper': 71, 'en_bollinger': True, 'bollinger_n': 100, 'bollinger_k': 4.5, 'en_adx': False, 'adx_n': 50, 'adx_threshold': 35, 'en_structure_trend': False, 'structure_trend_swing_l': 17, 'en_order_block': True, 'order_block_swing_l': 5, 'en_fvg': True, 'fvg_lookback': 33, 'en_ifvg': True, 'en_breaker': False, 'breaker_swing_l': 11, 'en_cisd': False, 'k': 4, 'en_cap_bars': True, 'cap_1min': 1250}.
[I 2026-07-13 15:50:46,055] Trial 3178 finished with values: [-533.4214256525626, -5524.551922783091, 57.1] and parameters: {'sl_soft': 0.12686859823690344, 'sl_hard_delta': 0.021854065662955, 'tp': 0.08487092664226734, 'gate_pct': 99.86430067299344, 'dd_limit': 7.263643020862046, 'cooldown': 7, 'flip': False, 'en_ema_trend': False, 'ema_trend_fast': 268, 'ema_trend_slow': 21, 'en_sma_trend': True, 'sma_trend_fast': 372, 'sma_trend_slow': 322, 'en_macd': True, 'macd_fast': 60, 'macd_slow': 18, 'macd_signal': 13, 'en_vwap': True, 'en_keltner': False, 'keltner_n': 95, 'keltner_m': 2.8000000000000003, 'en_obv': True, 'obv_slope': 191, 'en_cci': False, 'cci_n': 115, 'cci_threshold': 280, 'en_rsi': False, 'rsi_n': 7, 'rsi_lower': 34, 'rsi_upper': 60, 'en_stochastic': False, 'stochastic_n': 97, 'stochastic_d': 44, 'stochastic_lower': 7, 'stochastic_upper': 63, 'en_mfi': False, 'mfi_n': 8, 'mfi_lower': 8, 'mfi_upper': 87, 'en_bollinger': True, 'bollinger_n': 56, 'bollinger_k': 3.1, 'en_adx': False, 'adx_n': 47, 'adx_threshold': 25, 'en_structure_trend': True, 'structure_trend_swing_l': 13, 'en_order_block': True, 'order_block_swing_l': 7, 'en_fvg': True, 'fvg_lookback': 48, 'en_ifvg': True, 'en_breaker': True, 'breaker_swing_l': 9, 'en_cisd': True, 'k': 3, 'en_cap_bars': True, 'cap_1min': 963}.
[I 2026-07-13 15:50:46,207] Trial 3179 pruned. 
[I 2026-07-13 15:50:46,508] Trial 3180 finished with values: [-2631.527300139318, -15653.781812990173, 29.450000000000003] and parameters: {'sl_soft': 0.06943556259637333, 'sl_hard_delta': 0.18214915788981723, 'tp': 0.2450930868194452, 'gate_pct': 97.24094450079814, 'dd_limit': 7.364744278329123, 'cooldown': 3, 'flip': True, 'en_ema_trend': True, 'ema_trend_fast': 319, 'ema_trend_slow': 319, 'en_sma_trend': False, 'sma_trend_fast': 331, 'sma_trend_slow': 379, 'en_macd': True, 'macd_fast': 66, 'macd_slow': 11, 'macd_signal': 57, 'en_vwap': True, 'en_keltner': True, 'keltner_n': 169, 'keltner_m': 2.2, 'en_obv': True, 'obv_slope': 152, 'en_cci': False, 'cci_n': 78, 'cci_threshold': 210, 'en_rsi': False, 'rsi_n': 74, 'rsi_lower': 5, 'rsi_upper': 74, 'en_stochastic': False, 'stochastic_n': 15, 'stochastic_d': 6, 'stochastic_lower': 7, 'stochastic_upper': 83, 'en_mfi': False, 'mfi_n': 88, 'mfi_lower': 14, 'mfi_upper': 69, 'en_bollinger': True, 'bollinger_n': 5, 'bollinger_k': 3.5, 'en_adx': False, 'adx_n': 31, 'adx_threshold': 7, 'en_structure_trend': False, 'structure_trend_swing_l': 5, 'en_order_block': True, 'order_block_swing_l': 15, 'en_fvg': False, 'fvg_lookback': 47, 'en_ifvg': True, 'en_breaker': False, 'breaker_swing_l': 11, 'en_cisd': True, 'k': 3, 'en_cap_bars': False, 'cap_1min': 495}.
[I 2026-07-13 15:50:49,475] Trial 3181 pruned. 
[I 2026-07-13 15:50:52,199] Trial 3182 pruned. 
[I 2026-07-13 15:50:52,768] Trial 3183 pruned. 
[I 2026-07-13 15:50:53,223] Trial 3184 finished with values: [3181.3014298290377, -10154.406348624863, 47.85] and parameters: {'sl_soft': 0.07922784441362493, 'sl_hard_delta': 0.12303958310023494, 'tp': 0.16937546754390323, 'gate_pct': 93.79805140335328, 'dd_limit': 0.5242871576912017, 'cooldown': 1, 'flip': True, 'en_ema_trend': False, 'ema_trend_fast': 77, 'ema_trend_slow': 75, 'en_sma_trend': False, 'sma_trend_fast': 289, 'sma_trend_slow': 325, 'en_macd': True, 'macd_fast': 75, 'macd_slow': 132, 'macd_signal': 59, 'en_vwap': True, 'en_keltner': False, 'keltner_n': 43, 'keltner_m': 3.0, 'en_obv': True, 'obv_slope': 19, 'en_cci': False, 'cci_n': 51, 'cci_threshold': 265, 'en_rsi': True, 'rsi_n': 73, 'rsi_lower': 15, 'rsi_upper': 58, 'en_stochastic': True, 'stochastic_n': 6, 'stochastic_d': 48, 'stochastic_lower': 21, 'stochastic_upper': 80, 'en_mfi': False, 'mfi_n': 72, 'mfi_lower': 23, 'mfi_upper': 80, 'en_bollinger': False, 'bollinger_n': 31, 'bollinger_k': 0.7, 'en_adx': False, 'adx_n': 98, 'adx_threshold': 27, 'en_structure_trend': False, 'structure_trend_swing_l': 6, 'en_order_block': False, 'order_block_swing_l': 13, 'en_fvg': False, 'fvg_lookback': 32, 'en_ifvg': False, 'en_breaker': False, 'breaker_swing_l': 17, 'en_cisd': True, 'k': 4, 'en_cap_bars': False, 'cap_1min': 693}.
[I 2026-07-13 15:50:53,741] Trial 3185 finished with values: [-666.364185656274, -5626.230534567398, 35.25] and parameters: {'sl_soft': 0.02949052716025995, 'sl_hard_delta': 0.17424252774383417, 'tp': 0.16369789677360067, 'gate_pct': 99.12973389262724, 'dd_limit': 2.4528084273798805, 'cooldown': 2, 'flip': True, 'en_ema_trend': False, 'ema_trend_fast': 342, 'ema_trend_slow': 165, 'en_sma_trend': False, 'sma_trend_fast': 198, 'sma_trend_slow': 319, 'en_macd': False, 'macd_fast': 10, 'macd_slow': 51, 'macd_signal': 73, 'en_vwap': True, 'en_keltner': True, 'keltner_n': 173, 'keltner_m': 4.5, 'en_obv': True, 'obv_slope': 106, 'en_cci': True, 'cci_n': 46, 'cci_threshold': 145, 'en_rsi': False, 'rsi_n': 95, 'rsi_lower': 29, 'rsi_upper': 58, 'en_stochastic': True, 'stochastic_n': 79, 'stochastic_d': 6, 'stochastic_lower': 37, 'stochastic_upper': 75, 'en_mfi': False, 'mfi_n': 27, 'mfi_lower': 11, 'mfi_upper': 53, 'en_bollinger': True, 'bollinger_n': 155, 'bollinger_k': 4.2, 'en_adx': False, 'adx_n': 92, 'adx_threshold': 25, 'en_structure_trend': False, 'structure_trend_swing_l': 12, 'en_order_block': False, 'order_block_swing_l': 10, 'en_fvg': True, 'fvg_lookback': 23, 'en_ifvg': False, 'en_breaker': False, 'breaker_swing_l': 14, 'en_cisd': False, 'k': 2, 'en_cap_bars': True, 'cap_1min': 1353}.
[I 2026-07-13 15:50:54,071] Trial 3186 finished with values: [345.43447966031596, -2150.50795141412, 62.150000000000006] and parameters: {'sl_soft': 0.05484387412909691, 'sl_hard_delta': 0.03015108663934192, 'tp': 0.05493660677968804, 'gate_pct': 96.03464624110227, 'dd_limit': 8.747350770951359, 'cooldown': 5, 'flip': True, 'en_ema_trend': True, 'ema_trend_fast': 113, 'ema_trend_slow': 3, 'en_sma_trend': False, 'sma_trend_fast': 175, 'sma_trend_slow': 356, 'en_macd': False, 'macd_fast': 70, 'macd_slow': 133, 'macd_signal': 21, 'en_vwap': False, 'en_keltner': False, 'keltner_n': 22, 'keltner_m': 0.5, 'en_obv': True, 'obv_slope': 13, 'en_cci': True, 'cci_n': 2, 'cci_threshold': 255, 'en_rsi': True, 'rsi_n': 96, 'rsi_lower': 1, 'rsi_upper': 78, 'en_stochastic': False, 'stochastic_n': 46, 'stochastic_d': 43, 'stochastic_lower': 22, 'stochastic_upper': 72, 'en_mfi': False, 'mfi_n': 11, 'mfi_lower': 47, 'mfi_upper': 79, 'en_bollinger': False, 'bollinger_n': 128, 'bollinger_k': 0.5, 'en_adx': False, 'adx_n': 48, 'adx_threshold': 10, 'en_structure_trend': True, 'structure_trend_swing_l': 1, 'en_order_block': False, 'order_block_swing_l': 5, 'en_fvg': True, 'fvg_lookback': 40, 'en_ifvg': True, 'en_breaker': False, 'breaker_swing_l': 3, 'en_cisd': True, 'k': 2, 'en_cap_bars': True, 'cap_1min': 839}.
[I 2026-07-13 15:50:54,726] Trial 3187 pruned. 
[I 2026-07-13 15:50:56,160] Trial 3188 finished with values: [-363.1772024268008, -3270.815669485429, 72.05] and parameters: {'sl_soft': 0.06439762276669186, 'sl_hard_delta': 0.16209355299609657, 'tp': 0.045225196144253445, 'gate_pct': 99.86430067299344, 'dd_limit': 2.3419576250818945, 'cooldown': 7, 'flip': True, 'en_ema_trend': True, 'ema_trend_fast': 4, 'ema_trend_slow': 134, 'en_sma_trend': True, 'sma_trend_fast': 204, 'sma_trend_slow': 117, 'en_macd': True, 'macd_fast': 76, 'macd_slow': 183, 'macd_signal': 98, 'en_vwap': True, 'en_keltner': False, 'keltner_n': 95, 'keltner_m': 0.7, 'en_obv': True, 'obv_slope': 198, 'en_cci': False, 'cci_n': 115, 'cci_threshold': 280, 'en_rsi': False, 'rsi_n': 7, 'rsi_lower': 34, 'rsi_upper': 75, 'en_stochastic': False, 'stochastic_n': 41, 'stochastic_d': 5, 'stochastic_lower': 43, 'stochastic_upper': 86, 'en_mfi': False, 'mfi_n': 25, 'mfi_lower': 16, 'mfi_upper': 87, 'en_bollinger': False, 'bollinger_n': 103, 'bollinger_k': 3.2, 'en_adx': False, 'adx_n': 47, 'adx_threshold': 25, 'en_structure_trend': False, 'structure_trend_swing_l': 5, 'en_order_block': False, 'order_block_swing_l': 20, 'en_fvg': True, 'fvg_lookback': 24, 'en_ifvg': True, 'en_breaker': True, 'breaker_swing_l': 13, 'en_cisd': False, 'k': 4, 'en_cap_bars': False, 'cap_1min': 59}.
[I 2026-07-13 15:50:59,456] Trial 3189 finished with values: [3575.7395760079567, -16138.244300083617, 52.45] and parameters: {'sl_soft': 0.06738922751047197, 'sl_hard_delta': 0.16209355299609657, 'tp': 0.11965293792891196, 'gate_pct': 99.60506126830711, 'dd_limit': 7.364744278329123, 'cooldown': 0, 'flip': True, 'en_ema_trend': True, 'ema_trend_fast': 23, 'ema_trend_slow': 214, 'en_sma_trend': True, 'sma_trend_fast': 108, 'sma_trend_slow': 117, 'en_macd': True, 'macd_fast': 18, 'macd_slow': 88, 'macd_signal': 45, 'en_vwap': True, 'en_keltner': False, 'keltner_n': 60, 'keltner_m': 0.8, 'en_obv': False, 'obv_slope': 162, 'en_cci': True, 'cci_n': 78, 'cci_threshold': 50, 'en_rsi': True, 'rsi_n': 74, 'rsi_lower': 28, 'rsi_upper': 74, 'en_stochastic': False, 'stochastic_n': 27, 'stochastic_d': 6, 'stochastic_lower': 21, 'stochastic_upper': 99, 'en_mfi': True, 'mfi_n': 58, 'mfi_lower': 16, 'mfi_upper': 69, 'en_bollinger': True, 'bollinger_n': 23, 'bollinger_k': 3.2, 'en_adx': False, 'adx_n': 11, 'adx_threshold': 48, 'en_structure_trend': False, 'structure_trend_swing_l': 15, 'en_order_block': False, 'order_block_swing_l': 20, 'en_fvg': True, 'fvg_lookback': 24, 'en_ifvg': False, 'en_breaker': False, 'breaker_swing_l': 13, 'en_cisd': False, 'k': 4, 'en_cap_bars': False, 'cap_1min': 59}.
[I 2026-07-13 15:51:05,893] Trial 3190 finished with values: [-1492.4687517419243, -8853.84712656374, 70.05000000000001] and parameters: {'sl_soft': 0.1174763864907021, 'sl_hard_delta': 0.12810763879884474, 'tp': 0.04417805554007266, 'gate_pct': 99.60506126830711, 'dd_limit': 6.5154853630492955, 'cooldown': 0, 'flip': False, 'en_ema_trend': True, 'ema_trend_fast': 149, 'ema_trend_slow': 212, 'en_sma_trend': True, 'sma_trend_fast': 22, 'sma_trend_slow': 50, 'en_macd': True, 'macd_fast': 18, 'macd_slow': 91, 'macd_signal': 89, 'en_vwap': False, 'en_keltner': True, 'keltner_n': 79, 'keltner_m': 0.7, 'en_obv': True, 'obv_slope': 184, 'en_cci': True, 'cci_n': 56, 'cci_threshold': 50, 'en_rsi': True, 'rsi_n': 74, 'rsi_lower': 18, 'rsi_upper': 94, 'en_stochastic': True, 'stochastic_n': 86, 'stochastic_d': 22, 'stochastic_lower': 21, 'stochastic_upper': 93, 'en_mfi': False, 'mfi_n': 97, 'mfi_lower': 3, 'mfi_upper': 51, 'en_bollinger': False, 'bollinger_n': 69, 'bollinger_k': 1.7000000000000002, 'en_adx': False, 'adx_n': 12, 'adx_threshold': 17, 'en_structure_trend': False, 'structure_trend_swing_l': 9, 'en_order_block': True, 'order_block_swing_l': 20, 'en_fvg': True, 'fvg_lookback': 24, 'en_ifvg': True, 'en_breaker': False, 'breaker_swing_l': 13, 'en_cisd': True, 'k': 4, 'en_cap_bars': False, 'cap_1min': 59}.
[I 2026-07-13 15:51:06,599] Trial 3191 finished with values: [458.5440894473255, -2695.1817664667033, 40.85] and parameters: {'sl_soft': 0.03867303262411816, 'sl_hard_delta': 0.15334514402254495, 'tp': 0.11042720447236243, 'gate_pct': 99.52194572971088, 'dd_limit': 7.364744278329123, 'cooldown': 2, 'flip': True, 'en_ema_trend': True, 'ema_trend_fast': 23, 'ema_trend_slow': 133, 'en_sma_trend': False, 'sma_trend_fast': 331, 'sma_trend_slow': 16, 'en_macd': True, 'macd_fast': 38, 'macd_slow': 88, 'macd_signal': 45, 'en_vwap': True, 'en_keltner': False, 'keltner_n': 56, 'keltner_m': 0.5, 'en_obv': False, 'obv_slope': 72, 'en_cci': True, 'cci_n': 78, 'cci_threshold': 50, 'en_rsi': False, 'rsi_n': 91, 'rsi_lower': 38, 'rsi_upper': 74, 'en_stochastic': False, 'stochastic_n': 55, 'stochastic_d': 2, 'stochastic_lower': 1, 'stochastic_upper': 91, 'en_mfi': False, 'mfi_n': 84, 'mfi_lower': 35, 'mfi_upper': 57, 'en_bollinger': True, 'bollinger_n': 139, 'bollinger_k': 0.5, 'en_adx': False, 'adx_n': 32, 'adx_threshold': 49, 'en_structure_trend': True, 'structure_trend_swing_l': 1, 'en_order_block': True, 'order_block_swing_l': 18, 'en_fvg': False, 'fvg_lookback': 32, 'en_ifvg': True, 'en_breaker': True, 'breaker_swing_l': 15, 'en_cisd': True, 'k': 1, 'en_cap_bars': False, 'cap_1min': 495}.
[I 2026-07-13 15:51:09,837] Trial 3192 finished with values: [-3078.6576099017893, -7340.34035544905, 42.55] and parameters: {'sl_soft': 0.12251964557263084, 'sl_hard_delta': 0.16805834987911447, 'tp': 0.17296438123378804, 'gate_pct': 97.87184393359011, 'dd_limit': 8.683310596224244, 'cooldown': 6, 'flip': False, 'en_ema_trend': False, 'ema_trend_fast': 35, 'ema_trend_slow': 320, 'en_sma_trend': True, 'sma_trend_fast': 265, 'sma_trend_slow': 200, 'en_macd': True, 'macd_fast': 70, 'macd_slow': 72, 'macd_signal': 27, 'en_vwap': True, 'en_keltner': True, 'keltner_n': 49, 'keltner_m': 1.4, 'en_obv': False, 'obv_slope': 2, 'en_cci': True, 'cci_n': 118, 'cci_threshold': 20, 'en_rsi': True, 'rsi_n': 40, 'rsi_lower': 16, 'rsi_upper': 73, 'en_stochastic': False, 'stochastic_n': 77, 'stochastic_d': 28, 'stochastic_lower': 15, 'stochastic_upper': 81, 'en_mfi': False, 'mfi_n': 13, 'mfi_lower': 22, 'mfi_upper': 72, 'en_bollinger': False, 'bollinger_n': 149, 'bollinger_k': 3.4000000000000004, 'en_adx': False, 'adx_n': 42, 'adx_threshold': 29, 'en_structure_trend': False, 'structure_trend_swing_l': 17, 'en_order_block': True, 'order_block_swing_l': 11, 'en_fvg': True, 'fvg_lookback': 7, 'en_ifvg': False, 'en_breaker': True, 'breaker_swing_l': 2, 'en_cisd': False, 'k': 1, 'en_cap_bars': False, 'cap_1min': 1271}.
[I 2026-07-13 15:51:17,213] Trial 3193 finished with values: [-587.6865256371389, -1384.9117443727364, 46.45] and parameters: {'sl_soft': 0.07488558607740736, 'sl_hard_delta': 0.037096762797135426, 'tp': 0.07738154772393774, 'gate_pct': 99.43810192295578, 'dd_limit': 1.2256325546234672, 'cooldown': 5, 'flip': False, 'en_ema_trend': False, 'ema_trend_fast': 35, 'ema_trend_slow': 320, 'en_sma_trend': True, 'sma_trend_fast': 44, 'sma_trend_slow': 336, 'en_macd': True, 'macd_fast': 56, 'macd_slow': 125, 'macd_signal': 45, 'en_vwap': True, 'en_keltner': True, 'keltner_n': 33, 'keltner_m': 2.3, 'en_obv': False, 'obv_slope': 69, 'en_cci': True, 'cci_n': 21, 'cci_threshold': 250, 'en_rsi': True, 'rsi_n': 78, 'rsi_lower': 16, 'rsi_upper': 52, 'en_stochastic': True, 'stochastic_n': 89, 'stochastic_d': 25, 'stochastic_lower': 18, 'stochastic_upper': 97, 'en_mfi': False, 'mfi_n': 14, 'mfi_lower': 19, 'mfi_upper': 78, 'en_bollinger': False, 'bollinger_n': 189, 'bollinger_k': 3.8000000000000003, 'en_adx': False, 'adx_n': 50, 'adx_threshold': 13, 'en_structure_trend': False, 'structure_trend_swing_l': 17, 'en_order_block': True, 'order_block_swing_l': 5, 'en_fvg': True, 'fvg_lookback': 2, 'en_ifvg': True, 'en_breaker': True, 'breaker_swing_l': 14, 'en_cisd': False, 'k': 2, 'en_cap_bars': True, 'cap_1min': 1250}.
[I 2026-07-13 15:51:20,180] Trial 3194 finished with values: [-635.405146880466, -5376.2982448253815, 33.1] and parameters: {'sl_soft': 0.035486083657367995, 'sl_hard_delta': 0.04269284514679842, 'tp': 0.17919529691137454, 'gate_pct': 96.54380504120698, 'dd_limit': 0.5242871576912017, 'cooldown': 2, 'flip': False, 'en_ema_trend': False, 'ema_trend_fast': 77, 'ema_trend_slow': 260, 'en_sma_trend': False, 'sma_trend_fast': 360, 'sma_trend_slow': 35, 'en_macd': True, 'macd_fast': 2, 'macd_slow': 72, 'macd_signal': 34, 'en_vwap': True, 'en_keltner': True, 'keltner_n': 99, 'keltner_m': 3.0, 'en_obv': True, 'obv_slope': 146, 'en_cci': True, 'cci_n': 54, 'cci_threshold': 300, 'en_rsi': False, 'rsi_n': 15, 'rsi_lower': 39, 'rsi_upper': 54, 'en_stochastic': False, 'stochastic_n': 62, 'stochastic_d': 7, 'stochastic_lower': 8, 'stochastic_upper': 91, 'en_mfi': False, 'mfi_n': 76, 'mfi_lower': 27, 'mfi_upper': 54, 'en_bollinger': False, 'bollinger_n': 149, 'bollinger_k': 2.4000000000000004, 'en_adx': False, 'adx_n': 98, 'adx_threshold': 39, 'en_structure_trend': False, 'structure_trend_swing_l': 9, 'en_order_block': False, 'order_block_swing_l': 18, 'en_fvg': True, 'fvg_lookback': 24, 'en_ifvg': False, 'en_breaker': True, 'breaker_swing_l': 20, 'en_cisd': False, 'k': 5, 'en_cap_bars': False, 'cap_1min': 1250}.
