[I 2026-07-13 14:45:36,611] Trial 309 finished with values: [426.18912667853334, -3550.9848234114106, 28.7] and parameters: {'sl_soft': 0.035486083657367995, 'sl_hard_delta': 0.02804193502789015, 'tp': 0.17919529691137454, 'gate_pct': 97.28704165170988, 'dd_limit': 0.7627381108845042, 'cooldown': 7, 'flip': False, 'en_ema_trend': False, 'ema_trend_fast': 197, 'ema_trend_slow': 304, 'en_sma_trend': False, 'sma_trend_fast': 360, 'sma_trend_slow': 35, 'en_macd': True, 'macd_fast': 80, 'macd_slow': 161, 'macd_signal': 18, 'en_vwap': True, 'en_keltner': True, 'keltner_n': 123, 'keltner_m': 3.5, 'en_obv': True, 'obv_slope': 25, 'en_cci': False, 'cci_n': 54, 'cci_threshold': 300, 'en_rsi': False, 'rsi_n': 100, 'rsi_lower': 1, 'rsi_upper': 81, 'en_stochastic': False, 'stochastic_n': 62, 'stochastic_d': 2, 'stochastic_lower': 40, 'stochastic_upper': 57, 'en_mfi': False, 'mfi_n': 11, 'mfi_lower': 44, 'mfi_upper': 54, 'en_bollinger': False, 'bollinger_n': 197, 'bollinger_k': 2.7, 'en_adx': False, 'adx_n': 35, 'adx_threshold': 35, 'en_structure_trend': True, 'structure_trend_swing_l': 9, 'en_order_block': True, 'order_block_swing_l': 13, 'en_fvg': False, 'fvg_lookback': 24, 'en_ifvg': False, 'en_breaker': True, 'breaker_swing_l': 8, 'en_cisd': False, 'k': 3, 'en_cap_bars': False, 'cap_1min': 591}.
[I 2026-07-13 14:45:38,508] Trial 310 pruned. 
[I 2026-07-13 14:45:40,052] Trial 311 pruned. 
[I 2026-07-13 14:45:41,183] Trial 312 pruned. 
[I 2026-07-13 14:45:42,733] Trial 313 pruned. 
[I 2026-07-13 14:45:45,417] Trial 314 pruned. 
[I 2026-07-13 14:45:45,650] Trial 315 pruned. 
[I 2026-07-13 14:45:46,651] Trial 316 pruned. 
[I 2026-07-13 14:45:47,791] Trial 317 pruned. 
[I 2026-07-13 14:45:48,772] Trial 318 pruned. 
[I 2026-07-13 14:45:49,205] Trial 319 pruned. 
[I 2026-07-13 14:45:49,525] Trial 320 pruned. 
[I 2026-07-13 14:45:50,436] Trial 321 pruned. 
[I 2026-07-13 14:45:51,984] Trial 322 pruned. 
[I 2026-07-13 14:45:53,100] Trial 323 pruned. 
[I 2026-07-13 14:45:56,498] Trial 324 pruned. 
[I 2026-07-13 14:45:58,142] Trial 325 pruned. 
[I 2026-07-13 14:45:59,548] Trial 326 pruned. 
[I 2026-07-13 14:45:59,849] Trial 327 pruned. 
[I 2026-07-13 14:46:01,382] Trial 328 pruned. 
[I 2026-07-13 14:46:02,785] Trial 329 pruned. 
[I 2026-07-13 14:46:03,912] Trial 330 pruned. 
[I 2026-07-13 14:46:05,155] Trial 331 pruned. 
[I 2026-07-13 14:46:06,199] Trial 332 pruned. 
[I 2026-07-13 14:46:07,200] Trial 333 pruned. 
[I 2026-07-13 14:46:09,071] Trial 334 pruned. 
[I 2026-07-13 14:46:09,725] Trial 335 pruned. 
[I 2026-07-13 14:46:11,495] Trial 336 pruned. 
[I 2026-07-13 14:46:12,981] Trial 337 pruned. 
[I 2026-07-13 14:46:27,636] Trial 338 finished with values: [1250.9422781605654, -2019.9057721839608, 63.099999999999994] and parameters: {'sl_soft': 0.08426256158971988, 'sl_hard_delta': 0.14143713653322113, 'tp': 0.07601884556321419, 'gate_pct': 99.57581637257637, 'dd_limit': 5.328714371677049, 'cooldown': 1, 'flip': False, 'en_ema_trend': True, 'ema_trend_fast': 301, 'ema_trend_slow': 395, 'en_sma_trend': False, 'sma_trend_fast': 165, 'sma_trend_slow': 154, 'en_macd': False, 'macd_fast': 89, 'macd_slow': 107, 'macd_signal': 67, 'en_vwap': False, 'en_keltner': True, 'keltner_n': 76, 'keltner_m': 4.5, 'en_obv': True, 'obv_slope': 173, 'en_cci': False, 'cci_n': 120, 'cci_threshold': 45, 'en_rsi': False, 'rsi_n': 33, 'rsi_lower': 20, 'rsi_upper': 63, 'en_stochastic': True, 'stochastic_n': 90, 'stochastic_d': 13, 'stochastic_lower': 21, 'stochastic_upper': 82, 'en_mfi': False, 'mfi_n': 56, 'mfi_lower': 13, 'mfi_upper': 72, 'en_bollinger': True, 'bollinger_n': 100, 'bollinger_k': 4.5, 'en_adx': True, 'adx_n': 68, 'adx_threshold': 10, 'en_structure_trend': False, 'structure_trend_swing_l': 2, 'en_order_block': False, 'order_block_swing_l': 5, 'en_fvg': True, 'fvg_lookback': 33, 'en_ifvg': True, 'en_breaker': False, 'breaker_swing_l': 11, 'en_cisd': False, 'k': 4, 'en_cap_bars': True, 'cap_1min': 1317}.
[I 2026-07-13 14:46:28,813] Trial 339 pruned. 
[I 2026-07-13 14:46:29,259] Trial 340 pruned. 
[I 2026-07-13 14:46:29,756] Trial 341 pruned. 
[I 2026-07-13 14:46:31,330] Trial 342 pruned. 
[I 2026-07-13 14:46:32,076] Trial 343 pruned. 
[I 2026-07-13 14:46:33,217] Trial 344 pruned. 
[I 2026-07-13 14:46:34,113] Trial 345 pruned. 
[I 2026-07-13 14:46:35,558] Trial 346 pruned. 
[I 2026-07-13 14:46:37,399] Trial 347 pruned. 
[I 2026-07-13 14:46:40,743] Trial 348 finished with values: [1352.172002267835, -7426.109485683553, 39.8] and parameters: {'sl_soft': 0.05115808256289635, 'sl_hard_delta': 0.1757416678916847, 'tp': 0.2242768551361715, 'gate_pct': 95.95343074681206, 'dd_limit': 0.7899894121384478, 'cooldown': 4, 'flip': True, 'en_ema_trend': True, 'ema_trend_fast': 93, 'ema_trend_slow': 176, 'en_sma_trend': True, 'sma_trend_fast': 187, 'sma_trend_slow': 164, 'en_macd': True, 'macd_fast': 60, 'macd_slow': 85, 'macd_signal': 83, 'en_vwap': True, 'en_keltner': True, 'keltner_n': 17, 'keltner_m': 4.0, 'en_obv': True, 'obv_slope': 110, 'en_cci': False, 'cci_n': 98, 'cci_threshold': 250, 'en_rsi': False, 'rsi_n': 75, 'rsi_lower': 13, 'rsi_upper': 68, 'en_stochastic': False, 'stochastic_n': 26, 'stochastic_d': 27, 'stochastic_lower': 38, 'stochastic_upper': 72, 'en_mfi': False, 'mfi_n': 59, 'mfi_lower': 46, 'mfi_upper': 59, 'en_bollinger': False, 'bollinger_n': 40, 'bollinger_k': 1.7000000000000002, 'en_adx': False, 'adx_n': 24, 'adx_threshold': 53, 'en_structure_trend': True, 'structure_trend_swing_l': 2, 'en_order_block': False, 'order_block_swing_l': 19, 'en_fvg': True, 'fvg_lookback': 40, 'en_ifvg': False, 'en_breaker': True, 'breaker_swing_l': 8, 'en_cisd': False, 'k': 5, 'en_cap_bars': True, 'cap_1min': 249}.
[I 2026-07-13 14:46:41,687] Trial 349 pruned. 
[I 2026-07-13 14:46:43,473] Trial 350 pruned. 
[I 2026-07-13 14:46:44,675] Trial 351 pruned. 
[I 2026-07-13 14:46:45,091] Trial 352 pruned. 
[I 2026-07-13 14:46:46,119] Trial 353 pruned. 
[I 2026-07-13 14:46:48,424] Trial 354 pruned. 
[I 2026-07-13 14:46:49,139] Trial 355 pruned. 
[I 2026-07-13 14:46:51,094] Trial 356 pruned. 
[I 2026-07-13 14:46:52,441] Trial 357 pruned. 
[I 2026-07-13 14:46:53,917] Trial 358 pruned. 
[I 2026-07-13 14:46:55,892] Trial 359 pruned. 
[I 2026-07-13 14:46:56,089] Trial 360 pruned. 
[I 2026-07-13 14:46:57,345] Trial 361 pruned. 
[I 2026-07-13 14:46:58,509] Trial 362 pruned. 
[I 2026-07-13 14:46:59,691] Trial 363 pruned. 
[I 2026-07-13 14:47:00,894] Trial 364 pruned. 
[I 2026-07-13 14:47:02,240] Trial 365 pruned. 
[I 2026-07-13 14:47:07,250] Trial 366 finished with values: [-10512.030274882045, -20082.572897087317, 23.9] and parameters: {'sl_soft': 0.06359683914402692, 'sl_hard_delta': 0.07964709127137208, 'tp': 0.21887190054684172, 'gate_pct': 99.47218267450155, 'dd_limit': 9.50807718589736, 'cooldown': 2, 'flip': False, 'en_ema_trend': True, 'ema_trend_fast': 84, 'ema_trend_slow': 161, 'en_sma_trend': True, 'sma_trend_fast': 353, 'sma_trend_slow': 141, 'en_macd': True, 'macd_fast': 83, 'macd_slow': 18, 'macd_signal': 82, 'en_vwap': True, 'en_keltner': False, 'keltner_n': 39, 'keltner_m': 2.6, 'en_obv': True, 'obv_slope': 30, 'en_cci': True, 'cci_n': 4, 'cci_threshold': 300, 'en_rsi': True, 'rsi_n': 31, 'rsi_lower': 15, 'rsi_upper': 89, 'en_stochastic': False, 'stochastic_n': 77, 'stochastic_d': 29, 'stochastic_lower': 23, 'stochastic_upper': 97, 'en_mfi': True, 'mfi_n': 62, 'mfi_lower': 1, 'mfi_upper': 64, 'en_bollinger': True, 'bollinger_n': 49, 'bollinger_k': 4.300000000000001, 'en_adx': False, 'adx_n': 41, 'adx_threshold': 38, 'en_structure_trend': False, 'structure_trend_swing_l': 11, 'en_order_block': False, 'order_block_swing_l': 4, 'en_fvg': True, 'fvg_lookback': 50, 'en_ifvg': False, 'en_breaker': False, 'breaker_swing_l': 5, 'en_cisd': True, 'k': 2, 'en_cap_bars': False, 'cap_1min': 1134}.
[I 2026-07-13 14:47:07,764] Trial 367 pruned. 
[I 2026-07-13 14:47:09,041] Trial 368 pruned. 
[I 2026-07-13 14:47:10,247] Trial 369 finished with values: [-1646.980134774463, -6742.321703120311, 39.7] and parameters: {'sl_soft': 0.03867303262411816, 'sl_hard_delta': 0.15334514402254495, 'tp': 0.11042720447236243, 'gate_pct': 99.52194572971088, 'dd_limit': 3.8524500851165895, 'cooldown': 4, 'flip': True, 'en_ema_trend': True, 'ema_trend_fast': 323, 'ema_trend_slow': 136, 'en_sma_trend': True, 'sma_trend_fast': 222, 'sma_trend_slow': 16, 'en_macd': False, 'macd_fast': 64, 'macd_slow': 11, 'macd_signal': 18, 'en_vwap': True, 'en_keltner': False, 'keltner_n': 56, 'keltner_m': 0.5, 'en_obv': True, 'obv_slope': 72, 'en_cci': False, 'cci_n': 7, 'cci_threshold': 145, 'en_rsi': False, 'rsi_n': 91, 'rsi_lower': 36, 'rsi_upper': 89, 'en_stochastic': False, 'stochastic_n': 55, 'stochastic_d': 2, 'stochastic_lower': 1, 'stochastic_upper': 89, 'en_mfi': False, 'mfi_n': 84, 'mfi_lower': 35, 'mfi_upper': 57, 'en_bollinger': False, 'bollinger_n': 139, 'bollinger_k': 1.4, 'en_adx': False, 'adx_n': 32, 'adx_threshold': 49, 'en_structure_trend': True, 'structure_trend_swing_l': 3, 'en_order_block': False, 'order_block_swing_l': 4, 'en_fvg': False, 'fvg_lookback': 32, 'en_ifvg': True, 'en_breaker': True, 'breaker_swing_l': 15, 'en_cisd': False, 'k': 1, 'en_cap_bars': True, 'cap_1min': 753}.
[I 2026-07-13 14:47:11,044] Trial 370 pruned. 
[I 2026-07-13 14:47:12,608] Trial 371 pruned. 
[I 2026-07-13 14:47:13,333] Trial 372 pruned. 
[I 2026-07-13 14:47:14,034] Trial 373 pruned. 
[I 2026-07-13 14:47:15,382] Trial 374 pruned. 
[I 2026-07-13 14:47:16,706] Trial 375 pruned. 
[I 2026-07-13 14:47:17,434] Trial 376 pruned. 
[I 2026-07-13 14:47:18,497] Trial 377 pruned. 
[I 2026-07-13 14:47:20,253] Trial 378 pruned. 
[I 2026-07-13 14:47:21,295] Trial 379 pruned. 
[I 2026-07-13 14:47:22,484] Trial 380 pruned. 
[I 2026-07-13 14:47:23,492] Trial 381 pruned. 
[I 2026-07-13 14:47:26,297] Trial 382 pruned. 
[I 2026-07-13 14:47:27,663] Trial 383 pruned. 
[I 2026-07-13 14:47:28,960] Trial 384 pruned. 
[I 2026-07-13 14:47:29,291] Trial 385 pruned. 
[I 2026-07-13 14:47:30,888] Trial 386 pruned. 
[I 2026-07-13 14:47:32,056] Trial 387 pruned. 
[I 2026-07-13 14:47:33,601] Trial 388 pruned. 
[I 2026-07-13 14:47:34,905] Trial 389 pruned. 
[I 2026-07-13 14:47:35,947] Trial 390 pruned. 
[I 2026-07-13 14:47:38,312] Trial 391 pruned. 
[I 2026-07-13 14:47:39,394] Trial 392 pruned. 
[I 2026-07-13 14:47:40,370] Trial 393 pruned. 
[I 2026-07-13 14:47:42,732] Trial 394 pruned. 
[I 2026-07-13 14:47:44,043] Trial 395 pruned. 
[I 2026-07-13 14:47:44,844] Trial 396 pruned. 
[I 2026-07-13 14:47:47,201] Trial 397 pruned. 
[I 2026-07-13 14:47:48,273] Trial 398 pruned. 
[I 2026-07-13 14:47:49,221] Trial 399 pruned. 
[I 2026-07-13 14:47:49,462] Trial 400 pruned. 
[I 2026-07-13 14:47:50,097] Trial 401 pruned. 
[I 2026-07-13 14:47:51,644] Trial 402 pruned. 
[I 2026-07-13 14:47:52,658] Trial 403 pruned. 
[I 2026-07-13 14:47:54,675] Trial 404 pruned. 
[I 2026-07-13 14:47:56,105] Trial 405 pruned. 
[I 2026-07-13 14:47:56,323] Trial 406 pruned. 
[I 2026-07-13 14:47:58,100] Trial 407 pruned. 
[I 2026-07-13 14:48:00,643] Trial 408 pruned. 
[I 2026-07-13 14:48:01,096] Trial 409 pruned. 
[I 2026-07-13 14:48:01,568] Trial 410 pruned. 
[I 2026-07-13 14:48:02,812] Trial 411 pruned. 
[I 2026-07-13 14:48:03,403] Trial 412 pruned. 
[I 2026-07-13 14:48:04,528] Trial 413 pruned. 
[I 2026-07-13 14:48:06,003] Trial 414 pruned. 
[I 2026-07-13 14:48:10,727] Trial 415 pruned. 
[I 2026-07-13 14:48:12,414] Trial 416 pruned. 
[I 2026-07-13 14:48:15,902] Trial 417 pruned. 
[I 2026-07-13 14:48:16,123] Trial 418 pruned. 
[I 2026-07-13 14:48:17,389] Trial 419 pruned. 
[I 2026-07-13 14:48:18,361] Trial 420 pruned. 
[I 2026-07-13 14:48:18,768] Trial 421 pruned. 
[I 2026-07-13 14:48:20,886] Trial 422 pruned. 
[I 2026-07-13 14:48:23,402] Trial 423 pruned. 
[I 2026-07-13 14:48:24,217] Trial 424 pruned. 
[I 2026-07-13 14:48:25,301] Trial 425 pruned. 
[I 2026-07-13 14:48:28,519] Trial 426 pruned. 
[I 2026-07-13 14:48:31,296] Trial 427 pruned. 
[I 2026-07-13 14:48:32,136] Trial 428 pruned. 
[I 2026-07-13 14:48:32,819] Trial 429 pruned. 
[I 2026-07-13 14:48:34,045] Trial 430 pruned. 
[I 2026-07-13 14:48:35,911] Trial 431 pruned. 
[I 2026-07-13 14:48:37,605] Trial 432 pruned. 
[I 2026-07-13 14:48:40,625] Trial 433 pruned. 
[I 2026-07-13 14:48:41,864] Trial 434 pruned. 
[I 2026-07-13 14:48:42,885] Trial 435 pruned. 
[I 2026-07-13 14:48:43,787] Trial 436 pruned. 
[I 2026-07-13 14:48:45,484] Trial 437 pruned. 
[I 2026-07-13 14:48:46,581] Trial 438 pruned. 
[I 2026-07-13 14:48:48,639] Trial 439 finished with values: [-1521.1075494916845, -8030.758101620138, 61.7] and parameters: {'sl_soft': 0.044871321643129375, 'sl_hard_delta': 0.14705911499122895, 'tp': 0.045225196144253445, 'gate_pct': 99.86430067299344, 'dd_limit': 2.3419576250818945, 'cooldown': 7, 'flip': True, 'en_ema_trend': True, 'ema_trend_fast': 4, 'ema_trend_slow': 134, 'en_sma_trend': False, 'sma_trend_fast': 204, 'sma_trend_slow': 385, 'en_macd': True, 'macd_fast': 76, 'macd_slow': 28, 'macd_signal': 13, 'en_vwap': True, 'en_keltner': False, 'keltner_n': 95, 'keltner_m': 2.8000000000000003, 'en_obv': True, 'obv_slope': 140, 'en_cci': False, 'cci_n': 115, 'cci_threshold': 280, 'en_rsi': False, 'rsi_n': 7, 'rsi_lower': 34, 'rsi_upper': 70, 'en_stochastic': False, 'stochastic_n': 41, 'stochastic_d': 5, 'stochastic_lower': 43, 'stochastic_upper': 86, 'en_mfi': False, 'mfi_n': 25, 'mfi_lower': 23, 'mfi_upper': 87, 'en_bollinger': False, 'bollinger_n': 103, 'bollinger_k': 1.8, 'en_adx': False, 'adx_n': 47, 'adx_threshold': 25, 'en_structure_trend': True, 'structure_trend_swing_l': 5, 'en_order_block': True, 'order_block_swing_l': 7, 'en_fvg': True, 'fvg_lookback': 40, 'en_ifvg': False, 'en_breaker': True, 'breaker_swing_l': 20, 'en_cisd': True, 'k': 4, 'en_cap_bars': True, 'cap_1min': 374}.
[I 2026-07-13 14:48:48,793] Trial 440 pruned. 
[I 2026-07-13 14:48:50,278] Trial 441 pruned. 
[I 2026-07-13 14:48:50,782] Trial 442 pruned. 
[I 2026-07-13 14:48:55,609] Trial 443 pruned. 
[I 2026-07-13 14:48:56,494] Trial 444 pruned. 
[I 2026-07-13 14:48:57,511] Trial 445 pruned. 
[I 2026-07-13 14:48:58,779] Trial 446 pruned. 
[I 2026-07-13 14:49:00,027] Trial 447 pruned. 
[I 2026-07-13 14:49:01,581] Trial 448 pruned. 
[I 2026-07-13 14:49:02,129] Trial 449 pruned. 
[I 2026-07-13 14:49:02,693] Trial 450 pruned. 
[I 2026-07-13 14:49:04,629] Trial 451 pruned. 
[I 2026-07-13 14:49:05,153] Trial 452 pruned. 
[I 2026-07-13 14:49:06,047] Trial 453 pruned. 
[I 2026-07-13 14:49:06,702] Trial 454 pruned. 
[I 2026-07-13 14:49:08,901] Trial 455 pruned. 
[I 2026-07-13 14:49:09,407] Trial 456 pruned. 
[I 2026-07-13 14:49:10,456] Trial 457 pruned. 
[I 2026-07-13 14:49:10,981] Trial 458 pruned. 
[I 2026-07-13 14:49:12,958] Trial 459 pruned. 
[I 2026-07-13 14:49:14,002] Trial 460 pruned. 
[I 2026-07-13 14:49:14,475] Trial 461 pruned. 
[I 2026-07-13 14:49:17,526] Trial 462 pruned. 
[I 2026-07-13 14:49:18,194] Trial 463 pruned. 
[I 2026-07-13 14:49:19,475] Trial 464 pruned. 
[I 2026-07-13 14:49:21,222] Trial 465 pruned. 
[I 2026-07-13 14:49:23,208] Trial 466 pruned. 
[I 2026-07-13 14:49:24,369] Trial 467 pruned. 
[I 2026-07-13 14:49:25,518] Trial 468 pruned. 
[I 2026-07-13 14:49:26,558] Trial 469 pruned. 
[I 2026-07-13 14:49:27,966] Trial 470 pruned. 
[I 2026-07-13 14:49:29,947] Trial 471 pruned. 
[I 2026-07-13 14:49:31,370] Trial 472 pruned. 
[I 2026-07-13 14:49:31,828] Trial 473 pruned. 
[I 2026-07-13 14:49:34,054] Trial 474 pruned. 
[I 2026-07-13 14:49:35,108] Trial 475 pruned. 
[I 2026-07-13 14:49:36,453] Trial 476 pruned. 
[I 2026-07-13 14:49:38,804] Trial 477 pruned. 
[I 2026-07-13 14:49:39,285] Trial 478 pruned. 
[I 2026-07-13 14:49:39,828] Trial 479 pruned. 
[I 2026-07-13 14:49:40,123] Trial 480 pruned. 
[I 2026-07-13 14:49:42,514] Trial 481 pruned. 
[I 2026-07-13 14:49:44,290] Trial 482 pruned. 
[I 2026-07-13 14:49:45,704] Trial 483 pruned. 
[I 2026-07-13 14:49:48,644] Trial 484 pruned. 
[I 2026-07-13 14:49:51,592] Trial 485 pruned. 
[I 2026-07-13 14:49:52,802] Trial 486 pruned. 
[I 2026-07-13 14:49:53,640] Trial 487 pruned. 
[I 2026-07-13 14:49:55,287] Trial 488 pruned. 
[I 2026-07-13 14:49:57,305] Trial 489 pruned. 
[I 2026-07-13 14:49:57,709] Trial 490 pruned. 
[I 2026-07-13 14:49:59,157] Trial 491 pruned. 
[I 2026-07-13 14:50:00,482] Trial 492 pruned. 
[I 2026-07-13 14:50:02,557] Trial 493 pruned. 
[I 2026-07-13 14:50:04,151] Trial 494 pruned. 
[I 2026-07-13 14:50:05,947] Trial 495 pruned. 
[I 2026-07-13 14:50:07,475] Trial 496 pruned. 
[I 2026-07-13 14:50:08,359] Trial 497 pruned. 
[I 2026-07-13 14:50:09,313] Trial 498 pruned. 
[I 2026-07-13 14:50:10,793] Trial 499 pruned. 
[I 2026-07-13 14:50:11,846] Trial 500 pruned. 
[I 2026-07-13 14:50:14,126] Trial 501 pruned. 
[I 2026-07-13 14:50:15,236] Trial 502 pruned. 
[I 2026-07-13 14:50:16,546] Trial 503 pruned. 
[I 2026-07-13 14:50:18,699] Trial 504 pruned. 
[I 2026-07-13 14:50:19,499] Trial 505 pruned. 
[I 2026-07-13 14:50:20,535] Trial 506 pruned. 
[I 2026-07-13 14:50:20,963] Trial 507 pruned. 
[I 2026-07-13 14:50:22,086] Trial 508 pruned. 
[I 2026-07-13 14:50:23,131] Trial 509 pruned. 
[I 2026-07-13 14:50:24,126] Trial 510 pruned. 
[I 2026-07-13 14:50:24,973] Trial 511 pruned. 
[I 2026-07-13 14:50:26,032] Trial 512 pruned. 
[I 2026-07-13 14:50:26,480] Trial 513 pruned. 
[I 2026-07-13 14:50:27,227] Trial 514 pruned. 
[I 2026-07-13 14:50:28,401] Trial 515 pruned. 
[I 2026-07-13 14:50:30,095] Trial 516 pruned. 
[I 2026-07-13 14:50:34,177] Trial 517 finished with values: [-2114.1395203276575, -8449.396356848454, 51.2] and parameters: {'sl_soft': 0.12251964557263084, 'sl_hard_delta': 0.044576992423203524, 'tp': 0.1436367493169176, 'gate_pct': 94.32553955536301, 'dd_limit': 8.683310596224244, 'cooldown': 6, 'flip': False, 'en_ema_trend': True, 'ema_trend_fast': 386, 'ema_trend_slow': 284, 'en_sma_trend': False, 'sma_trend_fast': 265, 'sma_trend_slow': 280, 'en_macd': True, 'macd_fast': 19, 'macd_slow': 80, 'macd_signal': 48, 'en_vwap': False, 'en_keltner': True, 'keltner_n': 56, 'keltner_m': 1.4, 'en_obv': True, 'obv_slope': 29, 'en_cci': False, 'cci_n': 118, 'cci_threshold': 205, 'en_rsi': False, 'rsi_n': 77, 'rsi_lower': 1, 'rsi_upper': 68, 'en_stochastic': False, 'stochastic_n': 87, 'stochastic_d': 28, 'stochastic_lower': 15, 'stochastic_upper': 81, 'en_mfi': False, 'mfi_n': 83, 'mfi_lower': 22, 'mfi_upper': 90, 'en_bollinger': False, 'bollinger_n': 78, 'bollinger_k': 3.4000000000000004, 'en_adx': False, 'adx_n': 48, 'adx_threshold': 29, 'en_structure_trend': False, 'structure_trend_swing_l': 19, 'en_order_block': True, 'order_block_swing_l': 13, 'en_fvg': True, 'fvg_lookback': 31, 'en_ifvg': True, 'en_breaker': False, 'breaker_swing_l': 2, 'en_cisd': False, 'k': 1, 'en_cap_bars': False, 'cap_1min': 542}.
[I 2026-07-13 14:50:35,252] Trial 518 pruned. 
[I 2026-07-13 14:50:36,193] Trial 519 pruned. 
[I 2026-07-13 14:50:36,533] Trial 520 pruned. 
[I 2026-07-13 14:50:37,640] Trial 521 pruned. 
[I 2026-07-13 14:50:39,277] Trial 522 pruned. 
[I 2026-07-13 14:50:41,434] Trial 523 pruned. 
[I 2026-07-13 14:50:42,416] Trial 524 pruned. 
[I 2026-07-13 14:50:43,474] Trial 525 pruned. 
[I 2026-07-13 14:50:44,200] Trial 526 pruned. 
[I 2026-07-13 14:50:45,618] Trial 527 pruned. 
[I 2026-07-13 14:50:46,774] Trial 528 pruned. 
[I 2026-07-13 14:50:48,290] Trial 529 pruned. 
[I 2026-07-13 14:50:49,129] Trial 530 pruned. 
[I 2026-07-13 14:50:49,748] Trial 531 pruned. 
[I 2026-07-13 14:50:50,949] Trial 532 pruned. 
[I 2026-07-13 14:50:51,425] Trial 533 pruned. 
[I 2026-07-13 14:50:52,830] Trial 534 pruned. 
[I 2026-07-13 14:50:53,944] Trial 535 pruned. 
[I 2026-07-13 14:50:54,479] Trial 536 pruned. 
[I 2026-07-13 14:50:55,297] Trial 537 pruned. 
[I 2026-07-13 14:50:56,793] Trial 538 pruned. 
[I 2026-07-13 14:50:57,925] Trial 539 pruned. 
[I 2026-07-13 14:50:58,294] Trial 540 pruned. 
[I 2026-07-13 14:50:59,652] Trial 541 pruned. 
[I 2026-07-13 14:51:00,696] Trial 542 pruned. 
[I 2026-07-13 14:51:02,724] Trial 543 pruned. 
[I 2026-07-13 14:51:05,902] Trial 544 pruned. 
[I 2026-07-13 14:51:07,079] Trial 545 pruned. 
[I 2026-07-13 14:51:08,198] Trial 546 pruned. 
[I 2026-07-13 14:51:10,033] Trial 547 pruned. 
[I 2026-07-13 14:51:10,673] Trial 548 pruned. 
[I 2026-07-13 14:51:13,650] Trial 549 pruned. 
[I 2026-07-13 14:51:14,336] Trial 550 pruned. 
[I 2026-07-13 14:51:15,883] Trial 551 pruned. 
[I 2026-07-13 14:51:16,135] Trial 552 pruned. 
[I 2026-07-13 14:51:18,067] Trial 553 pruned. 
[I 2026-07-13 14:51:20,784] Trial 554 pruned. 
[I 2026-07-13 14:51:22,286] Trial 555 pruned. 
[I 2026-07-13 14:51:23,858] Trial 556 pruned. 
[I 2026-07-13 14:51:24,769] Trial 557 pruned. 
[I 2026-07-13 14:51:25,928] Trial 558 pruned. 
[I 2026-07-13 14:51:27,337] Trial 559 pruned. 
[I 2026-07-13 14:51:27,528] Trial 560 pruned. 
[I 2026-07-13 14:51:28,218] Trial 561 pruned. 
[I 2026-07-13 14:51:29,239] Trial 562 pruned. 
[I 2026-07-13 14:51:32,059] Trial 563 pruned. 
[I 2026-07-13 14:51:33,163] Trial 564 pruned. 
[I 2026-07-13 14:51:33,850] Trial 565 pruned. 
[I 2026-07-13 14:51:34,538] Trial 566 pruned. 
[I 2026-07-13 14:51:35,457] Trial 567 pruned. 
[I 2026-07-13 14:51:36,087] Trial 568 pruned. 
[I 2026-07-13 14:51:37,027] Trial 569 pruned. 
[I 2026-07-13 14:51:38,696] Trial 570 pruned. 
[I 2026-07-13 14:51:39,771] Trial 571 pruned. 
[I 2026-07-13 14:51:41,420] Trial 572 pruned. 
[I 2026-07-13 14:51:42,033] Trial 573 pruned. 
[I 2026-07-13 14:51:43,659] Trial 574 pruned. 
[I 2026-07-13 14:51:44,742] Trial 575 pruned. 
[I 2026-07-13 14:51:46,082] Trial 576 pruned. 
[I 2026-07-13 14:51:47,044] Trial 577 pruned. 
[I 2026-07-13 14:51:48,409] Trial 578 pruned. 
[I 2026-07-13 14:51:49,379] Trial 579 pruned. 
[I 2026-07-13 14:51:50,927] Trial 580 pruned. 
[I 2026-07-13 14:51:52,569] Trial 581 pruned. 
[I 2026-07-13 14:51:52,817] Trial 582 pruned. 
[I 2026-07-13 14:51:53,886] Trial 583 pruned. 
[I 2026-07-13 14:51:54,753] Trial 584 pruned. 
[I 2026-07-13 14:51:56,408] Trial 585 pruned. 
[I 2026-07-13 14:51:57,337] Trial 586 pruned. 
[I 2026-07-13 14:51:57,872] Trial 587 pruned. 
