── OPTIMIZER PLAN [1h] shared SL/TP · sampler=nsga3 ──
   dimensions: base 5c+2cat+3i = 10  |  indicators 18 on/off + 30 params  |  split 0  →  TOTAL 58 dims
   trials/dim 100  →  RECOMMENDED 5,800 trials  (∝ dimensions; grows if you add more)
[1h] loading inputs (SI, pv=5000) ...
[1h] 8862 decision bars; cooldown cap 7; bounds sl_soft[0.023622819424799622, 0.13976834826339776] sl_hard[0.031497092566399494, 0.187013987112997] tp[0.033465660851799466, 0.248039603960396]; indicators on 1-MINUTE frame
/home/dev/Mulham/wsg-i/Parametric-Indicators/optimize/optimizer.py:261: ExperimentalWarning: NSGAIIISampler is experimental (supported from v3.2.0). The interface can change in the future.
  return optuna.samplers.NSGAIIISampler(seed=seed, constraints_func=constraints_func)
[1h] sampler = nsga3 → NSGAIIISampler  objective=<function run.<locals>.objective at 0x7ec0f677b920>  dd_pnl_cap=0.25
[I 2026-07-13 14:38:34,151] A new study created in RDB with name: eod1_1h_SI
[I 2026-07-13 14:38:34,399] Trial 0 pruned. 
[I 2026-07-13 14:38:35,601] Trial 1 pruned. 
[I 2026-07-13 14:38:38,577] Trial 2 pruned. 
[I 2026-07-13 14:38:40,294] Trial 3 pruned. 
[I 2026-07-13 14:38:41,852] Trial 4 pruned. 
[I 2026-07-13 14:38:42,439] Trial 5 pruned. 
[I 2026-07-13 14:38:43,715] Trial 6 pruned. 
[I 2026-07-13 14:38:45,116] Trial 7 pruned. 
[I 2026-07-13 14:38:45,677] Trial 8 pruned. 
[I 2026-07-13 14:38:47,439] Trial 9 pruned. 
[I 2026-07-13 14:38:50,343] Trial 10 pruned. 
[I 2026-07-13 14:38:52,349] Trial 11 pruned. 
[I 2026-07-13 14:38:53,686] Trial 12 pruned. 
[I 2026-07-13 14:38:54,868] Trial 13 pruned. 
[I 2026-07-13 14:38:55,387] Trial 14 pruned. 
[I 2026-07-13 14:38:56,067] Trial 15 pruned. 
[I 2026-07-13 14:38:57,495] Trial 16 pruned. 
[I 2026-07-13 14:38:58,783] Trial 17 pruned. 
[I 2026-07-13 14:38:59,657] Trial 18 pruned. 
[I 2026-07-13 14:39:00,102] Trial 19 pruned. 
[I 2026-07-13 14:39:01,418] Trial 20 pruned. 
[I 2026-07-13 14:39:02,827] Trial 21 pruned. 
[I 2026-07-13 14:39:03,811] Trial 22 pruned. 
[I 2026-07-13 14:39:06,394] Trial 23 pruned. 
[I 2026-07-13 14:39:08,302] Trial 24 pruned. 
[I 2026-07-13 14:39:09,721] Trial 25 pruned. 
[I 2026-07-13 14:39:10,867] Trial 26 pruned. 
[I 2026-07-13 14:39:12,279] Trial 27 pruned. 
[I 2026-07-13 14:39:14,337] Trial 28 pruned. 
[I 2026-07-13 14:39:16,098] Trial 29 pruned. 
[I 2026-07-13 14:39:18,273] Trial 30 pruned. 
[I 2026-07-13 14:39:18,770] Trial 31 pruned. 
[I 2026-07-13 14:39:19,633] Trial 32 pruned. 
[I 2026-07-13 14:39:20,059] Trial 33 pruned. 
[I 2026-07-13 14:39:21,341] Trial 34 pruned. 
[I 2026-07-13 14:39:22,478] Trial 35 pruned. 
[I 2026-07-13 14:39:23,880] Trial 36 pruned. 
[I 2026-07-13 14:39:24,454] Trial 37 pruned. 
[I 2026-07-13 14:39:25,592] Trial 38 pruned. 
[I 2026-07-13 14:39:26,045] Trial 39 pruned. 
[I 2026-07-13 14:39:26,307] Trial 40 pruned. 
[I 2026-07-13 14:39:27,601] Trial 41 pruned. 
[I 2026-07-13 14:39:28,703] Trial 42 pruned. 
[I 2026-07-13 14:39:30,026] Trial 43 pruned. 
[I 2026-07-13 14:39:31,289] Trial 44 pruned. 
[I 2026-07-13 14:39:32,199] Trial 45 pruned. 
[I 2026-07-13 14:39:32,486] Trial 46 pruned. 
[I 2026-07-13 14:39:34,113] Trial 47 pruned. 
[I 2026-07-13 14:39:35,016] Trial 48 pruned. 
[I 2026-07-13 14:39:35,959] Trial 49 pruned. 
[I 2026-07-13 14:39:38,756] Trial 50 pruned. 
[I 2026-07-13 14:39:39,785] Trial 51 pruned. 
[I 2026-07-13 14:39:41,604] Trial 52 pruned. 
[I 2026-07-13 14:39:42,858] Trial 53 pruned. 
[I 2026-07-13 14:39:44,870] Trial 54 pruned. 
[I 2026-07-13 14:39:46,323] Trial 55 pruned. 
[I 2026-07-13 14:39:47,175] Trial 56 pruned. 
[I 2026-07-13 14:39:48,495] Trial 57 pruned. 
[I 2026-07-13 14:39:48,788] Trial 58 pruned. 
[I 2026-07-13 14:39:49,625] Trial 59 pruned. 
[I 2026-07-13 14:39:50,028] Trial 60 pruned. 
[I 2026-07-13 14:39:51,538] Trial 61 pruned. 
[I 2026-07-13 14:39:53,180] Trial 62 pruned. 
[I 2026-07-13 14:39:54,163] Trial 63 pruned. 
[I 2026-07-13 14:39:55,306] Trial 64 pruned. 
[I 2026-07-13 14:39:57,435] Trial 65 pruned. 
[I 2026-07-13 14:39:59,182] Trial 66 pruned. 
[I 2026-07-13 14:40:00,556] Trial 67 pruned. 
[I 2026-07-13 14:40:01,850] Trial 68 pruned. 
[I 2026-07-13 14:40:03,225] Trial 69 pruned. 
[I 2026-07-13 14:40:04,768] Trial 70 pruned. 
[I 2026-07-13 14:40:06,502] Trial 71 pruned. 
[I 2026-07-13 14:40:07,451] Trial 72 pruned. 
[I 2026-07-13 14:40:07,885] Trial 73 pruned. 
[I 2026-07-13 14:40:08,994] Trial 74 pruned. 
[I 2026-07-13 14:40:10,092] Trial 75 pruned. 
[I 2026-07-13 14:40:11,869] Trial 76 pruned. 
[I 2026-07-13 14:40:12,973] Trial 77 pruned. 
[I 2026-07-13 14:40:13,453] Trial 78 pruned. 
[I 2026-07-13 14:40:15,418] Trial 79 pruned. 
[I 2026-07-13 14:40:15,732] Trial 80 pruned. 
[I 2026-07-13 14:40:16,807] Trial 81 pruned. 
[I 2026-07-13 14:40:18,469] Trial 82 pruned. 
[I 2026-07-13 14:40:19,159] Trial 83 pruned. 
[I 2026-07-13 14:40:19,497] Trial 84 pruned. 
[I 2026-07-13 14:40:20,655] Trial 85 pruned. 
[I 2026-07-13 14:40:20,866] Trial 86 pruned. 
[I 2026-07-13 14:40:22,973] Trial 87 pruned. 
[I 2026-07-13 14:40:24,679] Trial 88 pruned. 
[I 2026-07-13 14:40:25,636] Trial 89 pruned. 
[I 2026-07-13 14:40:26,655] Trial 90 pruned. 
[I 2026-07-13 14:40:27,625] Trial 91 pruned. 
[I 2026-07-13 14:40:28,214] Trial 92 pruned. 
[I 2026-07-13 14:40:29,740] Trial 93 pruned. 
[I 2026-07-13 14:40:31,005] Trial 94 pruned. 
[I 2026-07-13 14:40:33,068] Trial 95 pruned. 
[I 2026-07-13 14:40:33,811] Trial 96 pruned. 
[I 2026-07-13 14:40:36,533] Trial 97 pruned. 
[I 2026-07-13 14:40:38,381] Trial 98 pruned. 
[I 2026-07-13 14:40:39,572] Trial 99 pruned. 
[I 2026-07-13 14:40:40,725] Trial 100 pruned. 
[I 2026-07-13 14:40:41,848] Trial 101 pruned. 
[I 2026-07-13 14:40:43,424] Trial 102 pruned. 
[I 2026-07-13 14:40:44,305] Trial 103 pruned. 
[I 2026-07-13 14:40:45,435] Trial 104 pruned. 
[I 2026-07-13 14:40:46,440] Trial 105 pruned. 
[I 2026-07-13 14:40:47,650] Trial 106 pruned. 
[I 2026-07-13 14:40:48,629] Trial 107 pruned. 
[I 2026-07-13 14:40:49,988] Trial 108 pruned. 
[I 2026-07-13 14:40:51,183] Trial 109 pruned. 
[I 2026-07-13 14:40:52,703] Trial 110 pruned. 
[I 2026-07-13 14:40:53,862] Trial 111 pruned. 
[I 2026-07-13 14:40:54,827] Trial 112 pruned. 
[I 2026-07-13 14:40:55,904] Trial 113 pruned. 
[I 2026-07-13 14:40:56,167] Trial 114 pruned. 
[I 2026-07-13 14:40:57,030] Trial 115 pruned. 
[I 2026-07-13 14:40:57,608] Trial 116 pruned. 
[I 2026-07-13 14:40:58,099] Trial 117 pruned. 
[I 2026-07-13 14:40:58,674] Trial 118 pruned. 
[I 2026-07-13 14:41:02,201] Trial 119 pruned. 
[I 2026-07-13 14:41:02,589] Trial 120 pruned. 
[I 2026-07-13 14:41:03,444] Trial 121 pruned. 
[I 2026-07-13 14:41:04,448] Trial 122 pruned. 
[I 2026-07-13 14:41:05,323] Trial 123 pruned. 
[I 2026-07-13 14:41:06,683] Trial 124 pruned. 
[I 2026-07-13 14:41:09,390] Trial 125 pruned. 
[I 2026-07-13 14:41:10,159] Trial 126 pruned. 
[I 2026-07-13 14:41:11,418] Trial 127 pruned. 
[I 2026-07-13 14:41:11,738] Trial 128 pruned. 
[I 2026-07-13 14:41:16,559] Trial 129 finished with values: [343.39137324085664, -22358.380004267703, 44.0] and parameters: {'sl_soft': 0.12824103514939708, 'sl_hard_delta': 0.13685545491444914, 'tp': 0.24023339675527858, 'gate_pct': 99.4309621818079, 'dd_limit': 0.2043192187719212, 'cooldown': 1, 'flip': False, 'en_ema_trend': True, 'ema_trend_fast': 279, 'ema_trend_slow': 279, 'en_sma_trend': False, 'sma_trend_fast': 108, 'sma_trend_slow': 306, 'en_macd': False, 'macd_fast': 59, 'macd_slow': 126, 'macd_signal': 39, 'en_vwap': False, 'en_keltner': True, 'keltner_n': 186, 'keltner_m': 1.2000000000000002, 'en_obv': False, 'obv_slope': 119, 'en_cci': False, 'cci_n': 160, 'cci_threshold': 30, 'en_rsi': True, 'rsi_n': 77, 'rsi_lower': 43, 'rsi_upper': 85, 'en_stochastic': False, 'stochastic_n': 88, 'stochastic_d': 41, 'stochastic_lower': 2, 'stochastic_upper': 91, 'en_mfi': True, 'mfi_n': 54, 'mfi_lower': 38, 'mfi_upper': 72, 'en_bollinger': True, 'bollinger_n': 138, 'bollinger_k': 4.1, 'en_adx': False, 'adx_n': 46, 'adx_threshold': 28, 'en_structure_trend': True, 'structure_trend_swing_l': 6, 'en_order_block': False, 'order_block_swing_l': 9, 'en_fvg': True, 'fvg_lookback': 3, 'en_ifvg': False, 'en_breaker': True, 'breaker_swing_l': 20, 'en_cisd': False, 'k': 4, 'en_cap_bars': False, 'cap_1min': 311}.
[I 2026-07-13 14:41:18,708] Trial 130 pruned. 
[I 2026-07-13 14:41:20,496] Trial 131 pruned. 
[I 2026-07-13 14:41:22,471] Trial 132 pruned. 
[I 2026-07-13 14:41:23,005] Trial 133 pruned. 
[I 2026-07-13 14:41:24,678] Trial 134 pruned. 
[I 2026-07-13 14:41:25,719] Trial 135 pruned. 
[I 2026-07-13 14:41:28,663] Trial 136 pruned. 
[I 2026-07-13 14:41:30,344] Trial 137 pruned. 
[I 2026-07-13 14:41:30,836] Trial 138 pruned. 
[I 2026-07-13 14:41:32,621] Trial 139 pruned. 
[I 2026-07-13 14:41:34,170] Trial 140 pruned. 
[I 2026-07-13 14:41:34,989] Trial 141 pruned. 
[I 2026-07-13 14:41:36,157] Trial 142 pruned. 
[I 2026-07-13 14:41:39,304] Trial 143 pruned. 
[I 2026-07-13 14:41:40,475] Trial 144 pruned. 
[I 2026-07-13 14:41:41,683] Trial 145 pruned. 
[I 2026-07-13 14:41:42,319] Trial 146 pruned. 
[I 2026-07-13 14:41:44,153] Trial 147 pruned. 
[I 2026-07-13 14:41:45,422] Trial 148 pruned. 
[I 2026-07-13 14:41:47,923] Trial 149 finished with values: [-445.78648659951966, -6074.8105016936015, 60.55] and parameters: {'sl_soft': 0.12595270826946856, 'sl_hard_delta': 0.03867205763271612, 'tp': 0.10181617291721598, 'gate_pct': 97.52011350142476, 'dd_limit': 1.1732784235221638, 'cooldown': 1, 'flip': True, 'en_ema_trend': False, 'ema_trend_fast': 269, 'ema_trend_slow': 192, 'en_sma_trend': True, 'sma_trend_fast': 232, 'sma_trend_slow': 138, 'en_macd': False, 'macd_fast': 98, 'macd_slow': 21, 'macd_signal': 24, 'en_vwap': False, 'en_keltner': True, 'keltner_n': 160, 'keltner_m': 3.9000000000000004, 'en_obv': True, 'obv_slope': 107, 'en_cci': False, 'cci_n': 23, 'cci_threshold': 105, 'en_rsi': False, 'rsi_n': 9, 'rsi_lower': 29, 'rsi_upper': 90, 'en_stochastic': False, 'stochastic_n': 67, 'stochastic_d': 3, 'stochastic_lower': 28, 'stochastic_upper': 91, 'en_mfi': True, 'mfi_n': 41, 'mfi_lower': 8, 'mfi_upper': 88, 'en_bollinger': True, 'bollinger_n': 9, 'bollinger_k': 0.5, 'en_adx': False, 'adx_n': 32, 'adx_threshold': 11, 'en_structure_trend': True, 'structure_trend_swing_l': 19, 'en_order_block': True, 'order_block_swing_l': 7, 'en_fvg': False, 'fvg_lookback': 34, 'en_ifvg': True, 'en_breaker': False, 'breaker_swing_l': 1, 'en_cisd': False, 'k': 4, 'en_cap_bars': True, 'cap_1min': 689}.
[I 2026-07-13 14:41:48,941] Trial 150 pruned. 
[I 2026-07-13 14:41:50,049] Trial 151 pruned. 
[I 2026-07-13 14:41:51,482] Trial 152 pruned. 
[I 2026-07-13 14:41:52,682] Trial 153 pruned. 
[I 2026-07-13 14:41:54,274] Trial 154 pruned. 
[I 2026-07-13 14:41:55,159] Trial 155 pruned. 
[I 2026-07-13 14:41:56,378] Trial 156 pruned. 
[I 2026-07-13 14:41:56,945] Trial 157 pruned. 
[I 2026-07-13 14:41:57,699] Trial 158 pruned. 
[I 2026-07-13 14:41:59,785] Trial 159 pruned. 
[I 2026-07-13 14:42:00,005] Trial 160 pruned. 
[I 2026-07-13 14:42:01,370] Trial 161 pruned. 
[I 2026-07-13 14:42:01,878] Trial 162 pruned. 
[I 2026-07-13 14:42:02,984] Trial 163 pruned. 
[I 2026-07-13 14:42:04,283] Trial 164 pruned. 
[I 2026-07-13 14:42:05,736] Trial 165 pruned. 
[I 2026-07-13 14:42:06,840] Trial 166 pruned. 
[I 2026-07-13 14:42:08,619] Trial 167 pruned. 
[I 2026-07-13 14:42:09,740] Trial 168 pruned. 
[I 2026-07-13 14:42:10,555] Trial 169 pruned. 
[I 2026-07-13 14:42:11,390] Trial 170 pruned. 
[I 2026-07-13 14:42:13,152] Trial 171 pruned. 
[I 2026-07-13 14:42:14,456] Trial 172 pruned. 
[I 2026-07-13 14:42:16,347] Trial 173 pruned. 
[I 2026-07-13 14:42:17,185] Trial 174 pruned. 
[I 2026-07-13 14:42:18,793] Trial 175 pruned. 
[I 2026-07-13 14:42:19,866] Trial 176 pruned. 
[I 2026-07-13 14:42:21,288] Trial 177 pruned. 
[I 2026-07-13 14:42:22,697] Trial 178 pruned. 
[I 2026-07-13 14:42:23,582] Trial 179 pruned. 
[I 2026-07-13 14:42:25,961] Trial 180 finished with values: [3503.8422824773024, -5004.392879273852, 57.2] and parameters: {'sl_soft': 0.13559022332031911, 'sl_hard_delta': 0.10484906460706514, 'tp': 0.17296529626584897, 'gate_pct': 98.72479828405353, 'dd_limit': 9.628020027635628, 'cooldown': 2, 'flip': True, 'en_ema_trend': True, 'ema_trend_fast': 81, 'ema_trend_slow': 391, 'en_sma_trend': True, 'sma_trend_fast': 382, 'sma_trend_slow': 115, 'en_macd': True, 'macd_fast': 10, 'macd_slow': 23, 'macd_signal': 71, 'en_vwap': False, 'en_keltner': False, 'keltner_n': 146, 'keltner_m': 2.3, 'en_obv': False, 'obv_slope': 105, 'en_cci': True, 'cci_n': 67, 'cci_threshold': 30, 'en_rsi': False, 'rsi_n': 71, 'rsi_lower': 8, 'rsi_upper': 59, 'en_stochastic': False, 'stochastic_n': 71, 'stochastic_d': 41, 'stochastic_lower': 2, 'stochastic_upper': 79, 'en_mfi': False, 'mfi_n': 94, 'mfi_lower': 43, 'mfi_upper': 66, 'en_bollinger': True, 'bollinger_n': 37, 'bollinger_k': 3.7, 'en_adx': False, 'adx_n': 53, 'adx_threshold': 43, 'en_structure_trend': True, 'structure_trend_swing_l': 16, 'en_order_block': False, 'order_block_swing_l': 19, 'en_fvg': True, 'fvg_lookback': 20, 'en_ifvg': False, 'en_breaker': True, 'breaker_swing_l': 7, 'en_cisd': True, 'k': 5, 'en_cap_bars': True, 'cap_1min': 686}.
[I 2026-07-13 14:42:27,272] Trial 181 pruned. 
[I 2026-07-13 14:42:28,710] Trial 182 pruned. 
[I 2026-07-13 14:42:29,987] Trial 183 pruned. 
[I 2026-07-13 14:42:30,919] Trial 184 pruned. 
[I 2026-07-13 14:42:32,052] Trial 185 pruned. 
[I 2026-07-13 14:42:35,560] Trial 186 pruned. 
[I 2026-07-13 14:42:37,199] Trial 187 pruned. 
[I 2026-07-13 14:42:38,245] Trial 188 pruned. 
[I 2026-07-13 14:42:39,156] Trial 189 pruned. 
[I 2026-07-13 14:42:40,102] Trial 190 pruned. 
[I 2026-07-13 14:42:42,118] Trial 191 pruned. 
[I 2026-07-13 14:42:43,093] Trial 192 pruned. 
[I 2026-07-13 14:42:43,645] Trial 193 pruned. 
[I 2026-07-13 14:42:45,330] Trial 194 pruned. 
[I 2026-07-13 14:42:47,715] Trial 195 pruned. 
[I 2026-07-13 14:42:49,184] Trial 196 pruned. 
[I 2026-07-13 14:42:50,179] Trial 197 pruned. 
[I 2026-07-13 14:42:51,525] Trial 198 pruned. 
[I 2026-07-13 14:42:55,577] Trial 199 pruned. 
[I 2026-07-13 14:42:55,705] Trial 200 pruned. 
[I 2026-07-13 14:42:57,454] Trial 201 pruned. 
[I 2026-07-13 14:42:58,910] Trial 202 pruned. 
[I 2026-07-13 14:43:00,683] Trial 203 pruned. 
[I 2026-07-13 14:43:03,198] Trial 204 pruned. 
[I 2026-07-13 14:43:05,592] Trial 205 pruned. 
[I 2026-07-13 14:43:06,650] Trial 206 pruned. 
[I 2026-07-13 14:43:07,975] Trial 207 pruned. 
[I 2026-07-13 14:43:09,317] Trial 208 pruned. 
[I 2026-07-13 14:43:10,083] Trial 209 pruned. 
[I 2026-07-13 14:43:13,472] Trial 210 finished with values: [-2654.2805543052064, -17297.54102800613, 70.2] and parameters: {'sl_soft': 0.06423559890121558, 'sl_hard_delta': 0.12303958310023494, 'tp': 0.03810555008976396, 'gate_pct': 93.79805140335328, 'dd_limit': 0.5242871576912017, 'cooldown': 1, 'flip': True, 'en_ema_trend': False, 'ema_trend_fast': 77, 'ema_trend_slow': 100, 'en_sma_trend': False, 'sma_trend_fast': 289, 'sma_trend_slow': 290, 'en_macd': True, 'macd_fast': 2, 'macd_slow': 132, 'macd_signal': 19, 'en_vwap': True, 'en_keltner': True, 'keltner_n': 72, 'keltner_m': 3.0, 'en_obv': True, 'obv_slope': 93, 'en_cci': False, 'cci_n': 51, 'cci_threshold': 265, 'en_rsi': False, 'rsi_n': 66, 'rsi_lower': 15, 'rsi_upper': 54, 'en_stochastic': False, 'stochastic_n': 6, 'stochastic_d': 20, 'stochastic_lower': 21, 'stochastic_upper': 69, 'en_mfi': False, 'mfi_n': 51, 'mfi_lower': 27, 'mfi_upper': 80, 'en_bollinger': False, 'bollinger_n': 86, 'bollinger_k': 2.4000000000000004, 'en_adx': False, 'adx_n': 98, 'adx_threshold': 27, 'en_structure_trend': False, 'structure_trend_swing_l': 4, 'en_order_block': False, 'order_block_swing_l': 18, 'en_fvg': True, 'fvg_lookback': 14, 'en_ifvg': False, 'en_breaker': False, 'breaker_swing_l': 20, 'en_cisd': False, 'k': 4, 'en_cap_bars': True, 'cap_1min': 693}.
[I 2026-07-13 14:43:16,923] Trial 211 pruned. 
[I 2026-07-13 14:43:17,311] Trial 212 pruned. 
[I 2026-07-13 14:43:19,760] Trial 213 pruned. 
[I 2026-07-13 14:43:21,744] Trial 214 pruned. 
[I 2026-07-13 14:43:22,612] Trial 215 pruned. 
[I 2026-07-13 14:43:23,359] Trial 216 pruned. 
[I 2026-07-13 14:43:23,947] Trial 217 pruned. 
[I 2026-07-13 14:43:26,095] Trial 218 pruned. 
[I 2026-07-13 14:43:27,345] Trial 219 pruned. 
[I 2026-07-13 14:43:27,857] Trial 220 pruned. 
[I 2026-07-13 14:43:29,075] Trial 221 pruned. 
[I 2026-07-13 14:43:30,187] Trial 222 pruned. 
[I 2026-07-13 14:43:31,145] Trial 223 pruned. 
[I 2026-07-13 14:43:31,629] Trial 224 pruned. 
[I 2026-07-13 14:43:34,182] Trial 225 pruned. 
[I 2026-07-13 14:43:35,113] Trial 226 pruned. 
[I 2026-07-13 14:43:36,940] Trial 227 pruned. 
[I 2026-07-13 14:43:38,504] Trial 228 pruned. 
[I 2026-07-13 14:43:39,920] Trial 229 pruned. 
[I 2026-07-13 14:43:40,751] Trial 230 pruned. 
[I 2026-07-13 14:43:42,203] Trial 231 pruned. 
[I 2026-07-13 14:43:43,368] Trial 232 pruned. 
[I 2026-07-13 14:43:44,678] Trial 233 pruned. 
[I 2026-07-13 14:43:45,248] Trial 234 pruned. 
[I 2026-07-13 14:43:46,456] Trial 235 pruned. 
[I 2026-07-13 14:43:47,776] Trial 236 pruned. 
[I 2026-07-13 14:43:49,842] Trial 237 pruned. 
[I 2026-07-13 14:43:50,959] Trial 238 pruned. 
[I 2026-07-13 14:43:52,198] Trial 239 pruned. 
[I 2026-07-13 14:43:52,649] Trial 240 pruned. 
[I 2026-07-13 14:43:54,586] Trial 241 pruned. 
[I 2026-07-13 14:43:56,125] Trial 242 pruned. 
[I 2026-07-13 14:43:57,519] Trial 243 pruned. 
[I 2026-07-13 14:43:58,975] Trial 244 pruned. 
[I 2026-07-13 14:43:59,746] Trial 245 pruned. 
[I 2026-07-13 14:44:01,056] Trial 246 pruned. 
[I 2026-07-13 14:44:03,124] Trial 247 pruned. 
[I 2026-07-13 14:44:03,884] Trial 248 pruned. 
[I 2026-07-13 14:44:05,117] Trial 249 pruned. 
[I 2026-07-13 14:44:06,844] Trial 250 pruned. 
[I 2026-07-13 14:44:09,114] Trial 251 pruned. 
[I 2026-07-13 14:44:09,508] Trial 252 pruned. 
[I 2026-07-13 14:44:10,221] Trial 253 pruned. 
[I 2026-07-13 14:44:11,274] Trial 254 pruned. 
[I 2026-07-13 14:44:12,266] Trial 255 pruned. 
[I 2026-07-13 14:44:12,557] Trial 256 pruned. 
[I 2026-07-13 14:44:13,637] Trial 257 pruned. 
[I 2026-07-13 14:44:17,493] Trial 258 pruned. 
[I 2026-07-13 14:44:17,828] Trial 259 pruned. 
[I 2026-07-13 14:44:18,660] Trial 260 pruned. 
[I 2026-07-13 14:44:20,304] Trial 261 pruned. 
[I 2026-07-13 14:44:21,538] Trial 262 pruned. 
[I 2026-07-13 14:44:23,034] Trial 263 pruned. 
[I 2026-07-13 14:44:23,837] Trial 264 pruned. 
[I 2026-07-13 14:44:24,930] Trial 265 pruned. 
[I 2026-07-13 14:44:25,306] Trial 266 pruned. 
[I 2026-07-13 14:44:26,450] Trial 267 pruned. 
[I 2026-07-13 14:44:28,236] Trial 268 pruned. 
[I 2026-07-13 14:44:29,305] Trial 269 pruned. 
[I 2026-07-13 14:44:30,079] Trial 270 pruned. 
[I 2026-07-13 14:44:31,266] Trial 271 pruned. 
[I 2026-07-13 14:44:33,958] Trial 272 pruned. 
[I 2026-07-13 14:44:35,301] Trial 273 pruned. 
[I 2026-07-13 14:44:37,452] Trial 274 pruned. 
[I 2026-07-13 14:44:38,542] Trial 275 pruned. 
[I 2026-07-13 14:44:40,067] Trial 276 pruned. 
[I 2026-07-13 14:44:41,710] Trial 277 pruned. 
[I 2026-07-13 14:44:42,134] Trial 278 pruned. 
[I 2026-07-13 14:44:43,258] Trial 279 pruned. 
[I 2026-07-13 14:44:43,609] Trial 280 pruned. 
[I 2026-07-13 14:44:45,121] Trial 281 pruned. 
[I 2026-07-13 14:44:45,965] Trial 282 pruned. 
[I 2026-07-13 14:44:47,375] Trial 283 pruned. 
[I 2026-07-13 14:44:48,588] Trial 284 pruned. 
[I 2026-07-13 14:44:49,754] Trial 285 pruned. 
[I 2026-07-13 14:44:51,174] Trial 286 pruned. 
[I 2026-07-13 14:44:53,276] Trial 287 pruned. 
[I 2026-07-13 14:45:02,418] Trial 288 finished with values: [-2889.302606953308, -10230.023456451105, 38.8] and parameters: {'sl_soft': 0.13743321510752798, 'sl_hard_delta': 0.010442170043487192, 'tp': 0.15090672275399647, 'gate_pct': 98.67302380660169, 'dd_limit': 3.021375135532224, 'cooldown': 2, 'flip': False, 'en_ema_trend': False, 'ema_trend_fast': 279, 'ema_trend_slow': 125, 'en_sma_trend': True, 'sma_trend_fast': 334, 'sma_trend_slow': 268, 'en_macd': True, 'macd_fast': 18, 'macd_slow': 91, 'macd_signal': 65, 'en_vwap': True, 'en_keltner': True, 'keltner_n': 153, 'keltner_m': 2.8000000000000003, 'en_obv': False, 'obv_slope': 165, 'en_cci': True, 'cci_n': 100, 'cci_threshold': 125, 'en_rsi': True, 'rsi_n': 71, 'rsi_lower': 18, 'rsi_upper': 94, 'en_stochastic': True, 'stochastic_n': 52, 'stochastic_d': 22, 'stochastic_lower': 14, 'stochastic_upper': 93, 'en_mfi': True, 'mfi_n': 62, 'mfi_lower': 25, 'mfi_upper': 97, 'en_bollinger': False, 'bollinger_n': 7, 'bollinger_k': 1.0, 'en_adx': False, 'adx_n': 12, 'adx_threshold': 17, 'en_structure_trend': False, 'structure_trend_swing_l': 3, 'en_order_block': True, 'order_block_swing_l': 3, 'en_fvg': True, 'fvg_lookback': 18, 'en_ifvg': True, 'en_breaker': True, 'breaker_swing_l': 16, 'en_cisd': False, 'k': 1, 'en_cap_bars': True, 'cap_1min': 1243}.
[I 2026-07-13 14:45:04,160] Trial 289 pruned. 
[I 2026-07-13 14:45:04,970] Trial 290 pruned. 
[I 2026-07-13 14:45:06,717] Trial 291 pruned. 
[I 2026-07-13 14:45:07,843] Trial 292 pruned. 
[I 2026-07-13 14:45:08,733] Trial 293 pruned. 
[I 2026-07-13 14:45:13,609] Trial 294 pruned. 
[I 2026-07-13 14:45:17,395] Trial 295 pruned. 
[I 2026-07-13 14:45:18,461] Trial 296 pruned. 
[I 2026-07-13 14:45:19,923] Trial 297 pruned. 
[I 2026-07-13 14:45:21,040] Trial 298 pruned. 
[I 2026-07-13 14:45:21,815] Trial 299 pruned. 
[I 2026-07-13 14:45:22,585] Trial 300 pruned. 
[I 2026-07-13 14:45:24,296] Trial 301 pruned. 
[I 2026-07-13 14:45:25,318] Trial 302 pruned. 
[I 2026-07-13 14:45:26,179] Trial 303 pruned. 
[I 2026-07-13 14:45:27,774] Trial 304 pruned. 
[I 2026-07-13 14:45:29,336] Trial 305 pruned. 
[I 2026-07-13 14:45:31,389] Trial 306 pruned. 
[I 2026-07-13 14:45:32,586] Trial 307 pruned. 
[I 2026-07-13 14:45:33,468] Trial 308 pruned. 
