[I 2026-07-13 15:41:55,937] Trial 2624 finished with values: [-516.9517359126985, -2846.0633108637985, 52.25] and parameters: {'sl_soft': 0.07161009218976556, 'sl_hard_delta': 0.005385961390851288, 'tp': 0.0544477534852183, 'gate_pct': 98.67302380660169, 'dd_limit': 2.6546638252533143, 'cooldown': 10, 'flip': True, 'en_ema_trend': False, 'ema_trend_fast': 390, 'ema_trend_slow': 273, 'en_sma_trend': True, 'sma_trend_fast': 148, 'sma_trend_slow': 83, 'en_macd': True, 'macd_fast': 26, 'macd_slow': 91, 'macd_signal': 65, 'en_vwap': True, 'en_keltner': True, 'keltner_n': 72, 'keltner_m': 2.8000000000000003, 'en_obv': False, 'obv_slope': 25, 'en_cci': False, 'cci_n': 34, 'cci_threshold': 125, 'en_rsi': False, 'rsi_n': 82, 'rsi_lower': 46, 'rsi_upper': 92, 'en_stochastic': False, 'stochastic_n': 5, 'stochastic_d': 23, 'stochastic_lower': 14, 'stochastic_upper': 83, 'en_mfi': True, 'mfi_n': 43, 'mfi_lower': 47, 'mfi_upper': 69, 'en_bollinger': False, 'bollinger_n': 7, 'bollinger_k': 4.2, 'en_adx': False, 'adx_n': 44, 'adx_threshold': 17, 'en_structure_trend': False, 'structure_trend_swing_l': 3, 'en_order_block': True, 'order_block_swing_l': 3, 'en_fvg': False, 'fvg_lookback': 33, 'en_ifvg': False, 'en_breaker': False, 'breaker_swing_l': 16, 'en_cisd': True, 'k': 1, 'en_cap_bars': True, 'cap_1min': 1414}.
[I 2026-07-13 15:41:56,234] Trial 2625 finished with values: [-188.93761386951996, -6242.527138235482, 54.3] and parameters: {'sl_soft': 0.027634806864499664, 'sl_hard_delta': 0.071573547117778, 'tp': 0.04711296357033143, 'gate_pct': 92.75016070850882, 'dd_limit': 5.4470579314750855, 'cooldown': 1, 'flip': True, 'en_ema_trend': True, 'ema_trend_fast': 17, 'ema_trend_slow': 340, 'en_sma_trend': True, 'sma_trend_fast': 290, 'sma_trend_slow': 351, 'en_macd': False, 'macd_fast': 79, 'macd_slow': 66, 'macd_signal': 47, 'en_vwap': True, 'en_keltner': True, 'keltner_n': 62, 'keltner_m': 3.9000000000000004, 'en_obv': False, 'obv_slope': 60, 'en_cci': False, 'cci_n': 25, 'cci_threshold': 205, 'en_rsi': True, 'rsi_n': 4, 'rsi_lower': 3, 'rsi_upper': 84, 'en_stochastic': False, 'stochastic_n': 78, 'stochastic_d': 30, 'stochastic_lower': 44, 'stochastic_upper': 75, 'en_mfi': False, 'mfi_n': 49, 'mfi_lower': 24, 'mfi_upper': 68, 'en_bollinger': False, 'bollinger_n': 199, 'bollinger_k': 4.300000000000001, 'en_adx': True, 'adx_n': 7, 'adx_threshold': 33, 'en_structure_trend': True, 'structure_trend_swing_l': 18, 'en_order_block': False, 'order_block_swing_l': 8, 'en_fvg': True, 'fvg_lookback': 41, 'en_ifvg': False, 'en_breaker': True, 'breaker_swing_l': 16, 'en_cisd': False, 'k': 4, 'en_cap_bars': False, 'cap_1min': 40}.
[I 2026-07-13 15:41:56,702] Trial 2626 pruned. 
[I 2026-07-13 15:41:58,605] Trial 2627 pruned. 
[I 2026-07-13 15:42:04,447] Trial 2628 finished with values: [-643.6509265490286, -2538.044002723865, 64.1] and parameters: {'sl_soft': 0.052196885259142164, 'sl_hard_delta': 0.06386467845975724, 'tp': 0.0455758906119309, 'gate_pct': 99.95605949198794, 'dd_limit': 1.4726436036009025, 'cooldown': 7, 'flip': False, 'en_ema_trend': True, 'ema_trend_fast': 27, 'ema_trend_slow': 14, 'en_sma_trend': True, 'sma_trend_fast': 392, 'sma_trend_slow': 141, 'en_macd': False, 'macd_fast': 91, 'macd_slow': 42, 'macd_signal': 26, 'en_vwap': True, 'en_keltner': False, 'keltner_n': 139, 'keltner_m': 2.5, 'en_obv': True, 'obv_slope': 157, 'en_cci': True, 'cci_n': 106, 'cci_threshold': 155, 'en_rsi': False, 'rsi_n': 68, 'rsi_lower': 13, 'rsi_upper': 89, 'en_stochastic': True, 'stochastic_n': 88, 'stochastic_d': 6, 'stochastic_lower': 7, 'stochastic_upper': 61, 'en_mfi': False, 'mfi_n': 93, 'mfi_lower': 2, 'mfi_upper': 96, 'en_bollinger': False, 'bollinger_n': 44, 'bollinger_k': 3.7, 'en_adx': False, 'adx_n': 64, 'adx_threshold': 38, 'en_structure_trend': False, 'structure_trend_swing_l': 6, 'en_order_block': True, 'order_block_swing_l': 15, 'en_fvg': False, 'fvg_lookback': 50, 'en_ifvg': False, 'en_breaker': True, 'breaker_swing_l': 16, 'en_cisd': False, 'k': 4, 'en_cap_bars': False, 'cap_1min': 368}.
[I 2026-07-13 15:42:08,008] Trial 2629 finished with values: [390.02207004722675, -820.1975441514264, 66.65] and parameters: {'sl_soft': 0.050276826705740144, 'sl_hard_delta': 0.03174292770939944, 'tp': 0.04121537520691777, 'gate_pct': 97.66167568722003, 'dd_limit': 9.066216783758431, 'cooldown': 14, 'flip': True, 'en_ema_trend': True, 'ema_trend_fast': 30, 'ema_trend_slow': 367, 'en_sma_trend': False, 'sma_trend_fast': 372, 'sma_trend_slow': 12, 'en_macd': True, 'macd_fast': 60, 'macd_slow': 198, 'macd_signal': 98, 'en_vwap': False, 'en_keltner': True, 'keltner_n': 61, 'keltner_m': 5.0, 'en_obv': True, 'obv_slope': 63, 'en_cci': True, 'cci_n': 10, 'cci_threshold': 30, 'en_rsi': False, 'rsi_n': 34, 'rsi_lower': 46, 'rsi_upper': 72, 'en_stochastic': False, 'stochastic_n': 83, 'stochastic_d': 3, 'stochastic_lower': 42, 'stochastic_upper': 91, 'en_mfi': False, 'mfi_n': 72, 'mfi_lower': 8, 'mfi_upper': 78, 'en_bollinger': True, 'bollinger_n': 56, 'bollinger_k': 3.0, 'en_adx': False, 'adx_n': 36, 'adx_threshold': 41, 'en_structure_trend': True, 'structure_trend_swing_l': 13, 'en_order_block': True, 'order_block_swing_l': 12, 'en_fvg': False, 'fvg_lookback': 35, 'en_ifvg': True, 'en_breaker': False, 'breaker_swing_l': 9, 'en_cisd': False, 'k': 1, 'en_cap_bars': True, 'cap_1min': 1109}.
[I 2026-07-13 15:42:09,826] Trial 2630 finished with values: [1369.3070204665682, -2360.638829801829, 64.6] and parameters: {'sl_soft': 0.04963847535152836, 'sl_hard_delta': 0.0155516131087132, 'tp': 0.04939294172156869, 'gate_pct': 98.93711402329589, 'dd_limit': 8.747350770951359, 'cooldown': 8, 'flip': True, 'en_ema_trend': True, 'ema_trend_fast': 351, 'ema_trend_slow': 367, 'en_sma_trend': False, 'sma_trend_fast': 392, 'sma_trend_slow': 356, 'en_macd': True, 'macd_fast': 70, 'macd_slow': 133, 'macd_signal': 40, 'en_vwap': False, 'en_keltner': False, 'keltner_n': 139, 'keltner_m': 0.5, 'en_obv': True, 'obv_slope': 13, 'en_cci': False, 'cci_n': 106, 'cci_threshold': 155, 'en_rsi': False, 'rsi_n': 96, 'rsi_lower': 12, 'rsi_upper': 77, 'en_stochastic': False, 'stochastic_n': 97, 'stochastic_d': 43, 'stochastic_lower': 22, 'stochastic_upper': 61, 'en_mfi': False, 'mfi_n': 95, 'mfi_lower': 47, 'mfi_upper': 79, 'en_bollinger': True, 'bollinger_n': 128, 'bollinger_k': 3.1, 'en_adx': False, 'adx_n': 48, 'adx_threshold': 10, 'en_structure_trend': True, 'structure_trend_swing_l': 1, 'en_order_block': False, 'order_block_swing_l': 5, 'en_fvg': False, 'fvg_lookback': 40, 'en_ifvg': True, 'en_breaker': False, 'breaker_swing_l': 9, 'en_cisd': True, 'k': 3, 'en_cap_bars': False, 'cap_1min': 839}.
[I 2026-07-13 15:42:10,159] Trial 2631 finished with values: [-504.2539841444693, -3327.630359354216, 59.8] and parameters: {'sl_soft': 0.05784620623221465, 'sl_hard_delta': 0.052839064352241484, 'tp': 0.036150468677287155, 'gate_pct': 97.91001047364318, 'dd_limit': 8.500064493297096, 'cooldown': 0, 'flip': True, 'en_ema_trend': False, 'ema_trend_fast': 213, 'ema_trend_slow': 378, 'en_sma_trend': True, 'sma_trend_fast': 47, 'sma_trend_slow': 30, 'en_macd': True, 'macd_fast': 67, 'macd_slow': 39, 'macd_signal': 28, 'en_vwap': True, 'en_keltner': False, 'keltner_n': 29, 'keltner_m': 1.8, 'en_obv': False, 'obv_slope': 152, 'en_cci': True, 'cci_n': 180, 'cci_threshold': 205, 'en_rsi': False, 'rsi_n': 21, 'rsi_lower': 49, 'rsi_upper': 52, 'en_stochastic': False, 'stochastic_n': 50, 'stochastic_d': 38, 'stochastic_lower': 25, 'stochastic_upper': 61, 'en_mfi': False, 'mfi_n': 98, 'mfi_lower': 35, 'mfi_upper': 99, 'en_bollinger': True, 'bollinger_n': 37, 'bollinger_k': 4.7, 'en_adx': False, 'adx_n': 14, 'adx_threshold': 52, 'en_structure_trend': True, 'structure_trend_swing_l': 8, 'en_order_block': True, 'order_block_swing_l': 16, 'en_fvg': False, 'fvg_lookback': 27, 'en_ifvg': False, 'en_breaker': False, 'breaker_swing_l': 20, 'en_cisd': True, 'k': 5, 'en_cap_bars': False, 'cap_1min': 371}.
[I 2026-07-13 15:42:11,100] Trial 2632 pruned. 
[I 2026-07-13 15:42:12,271] Trial 2633 finished with values: [77.76899153915565, -2742.8862538474873, 54.05] and parameters: {'sl_soft': 0.052196885259142164, 'sl_hard_delta': 0.08668272783238536, 'tp': 0.08485800408712069, 'gate_pct': 99.47218267450155, 'dd_limit': 0.23735305616742414, 'cooldown': 14, 'flip': False, 'en_ema_trend': False, 'ema_trend_fast': 84, 'ema_trend_slow': 250, 'en_sma_trend': True, 'sma_trend_fast': 50, 'sma_trend_slow': 141, 'en_macd': False, 'macd_fast': 5, 'macd_slow': 18, 'macd_signal': 27, 'en_vwap': True, 'en_keltner': False, 'keltner_n': 39, 'keltner_m': 2.0, 'en_obv': True, 'obv_slope': 2, 'en_cci': True, 'cci_n': 6, 'cci_threshold': 200, 'en_rsi': False, 'rsi_n': 68, 'rsi_lower': 15, 'rsi_upper': 73, 'en_stochastic': False, 'stochastic_n': 77, 'stochastic_d': 38, 'stochastic_lower': 23, 'stochastic_upper': 66, 'en_mfi': False, 'mfi_n': 13, 'mfi_lower': 5, 'mfi_upper': 79, 'en_bollinger': True, 'bollinger_n': 149, 'bollinger_k': 3.8000000000000003, 'en_adx': False, 'adx_n': 42, 'adx_threshold': 20, 'en_structure_trend': True, 'structure_trend_swing_l': 1, 'en_order_block': False, 'order_block_swing_l': 16, 'en_fvg': False, 'fvg_lookback': 2, 'en_ifvg': True, 'en_breaker': True, 'breaker_swing_l': 3, 'en_cisd': False, 'k': 1, 'en_cap_bars': True, 'cap_1min': 483}.
[I 2026-07-13 15:42:14,911] Trial 2634 pruned. 
[I 2026-07-13 15:42:17,514] Trial 2635 finished with values: [-35.243032885932166, -7617.334915441834, 27.75] and parameters: {'sl_soft': 0.018273784223098204, 'sl_hard_delta': 0.027238725907773563, 'tp': 0.11027886271765928, 'gate_pct': 96.38141772653853, 'dd_limit': 0.8067001316129313, 'cooldown': 0, 'flip': False, 'en_ema_trend': False, 'ema_trend_fast': 93, 'ema_trend_slow': 176, 'en_sma_trend': True, 'sma_trend_fast': 177, 'sma_trend_slow': 73, 'en_macd': True, 'macd_fast': 25, 'macd_slow': 93, 'macd_signal': 31, 'en_vwap': True, 'en_keltner': True, 'keltner_n': 22, 'keltner_m': 2.8000000000000003, 'en_obv': True, 'obv_slope': 58, 'en_cci': False, 'cci_n': 112, 'cci_threshold': 100, 'en_rsi': False, 'rsi_n': 17, 'rsi_lower': 13, 'rsi_upper': 63, 'en_stochastic': False, 'stochastic_n': 45, 'stochastic_d': 43, 'stochastic_lower': 38, 'stochastic_upper': 72, 'en_mfi': False, 'mfi_n': 9, 'mfi_lower': 46, 'mfi_upper': 86, 'en_bollinger': False, 'bollinger_n': 82, 'bollinger_k': 1.1, 'en_adx': False, 'adx_n': 37, 'adx_threshold': 26, 'en_structure_trend': True, 'structure_trend_swing_l': 10, 'en_order_block': False, 'order_block_swing_l': 4, 'en_fvg': True, 'fvg_lookback': 40, 'en_ifvg': False, 'en_breaker': False, 'breaker_swing_l': 14, 'en_cisd': False, 'k': 2, 'en_cap_bars': True, 'cap_1min': 1239}.
[I 2026-07-13 15:42:20,704] Trial 2636 pruned. 
[I 2026-07-13 15:42:27,080] Trial 2637 finished with values: [-783.1576945821972, -2543.452986760997, 46.55] and parameters: {'sl_soft': 0.052196885259142164, 'sl_hard_delta': 0.005385961390851288, 'tp': 0.0455758906119309, 'gate_pct': 98.67302380660169, 'dd_limit': 2.6546638252533143, 'cooldown': 5, 'flip': False, 'en_ema_trend': True, 'ema_trend_fast': 390, 'ema_trend_slow': 250, 'en_sma_trend': True, 'sma_trend_fast': 353, 'sma_trend_slow': 141, 'en_macd': False, 'macd_fast': 32, 'macd_slow': 18, 'macd_signal': 65, 'en_vwap': True, 'en_keltner': True, 'keltner_n': 42, 'keltner_m': 2.8000000000000003, 'en_obv': True, 'obv_slope': 157, 'en_cci': True, 'cci_n': 100, 'cci_threshold': 125, 'en_rsi': False, 'rsi_n': 92, 'rsi_lower': 15, 'rsi_upper': 94, 'en_stochastic': True, 'stochastic_n': 79, 'stochastic_d': 6, 'stochastic_lower': 23, 'stochastic_upper': 66, 'en_mfi': False, 'mfi_n': 62, 'mfi_lower': 29, 'mfi_upper': 93, 'en_bollinger': True, 'bollinger_n': 7, 'bollinger_k': 0.8, 'en_adx': False, 'adx_n': 12, 'adx_threshold': 38, 'en_structure_trend': False, 'structure_trend_swing_l': 13, 'en_order_block': True, 'order_block_swing_l': 3, 'en_fvg': False, 'fvg_lookback': 50, 'en_ifvg': False, 'en_breaker': False, 'breaker_swing_l': 11, 'en_cisd': False, 'k': 1, 'en_cap_bars': False, 'cap_1min': 1243}.
[I 2026-07-13 15:42:36,279] Trial 2638 finished with values: [192.11887753236567, -942.3337612388136, 35.4] and parameters: {'sl_soft': 0.021042893494625382, 'sl_hard_delta': 0.005385961390851288, 'tp': 0.04939294172156869, 'gate_pct': 98.67302380660169, 'dd_limit': 1.4726436036009025, 'cooldown': 5, 'flip': True, 'en_ema_trend': False, 'ema_trend_fast': 390, 'ema_trend_slow': 14, 'en_sma_trend': False, 'sma_trend_fast': 148, 'sma_trend_slow': 319, 'en_macd': True, 'macd_fast': 32, 'macd_slow': 42, 'macd_signal': 26, 'en_vwap': True, 'en_keltner': True, 'keltner_n': 42, 'keltner_m': 2.5, 'en_obv': True, 'obv_slope': 14, 'en_cci': True, 'cci_n': 106, 'cci_threshold': 155, 'en_rsi': False, 'rsi_n': 92, 'rsi_lower': 13, 'rsi_upper': 94, 'en_stochastic': True, 'stochastic_n': 88, 'stochastic_d': 49, 'stochastic_lower': 14, 'stochastic_upper': 71, 'en_mfi': False, 'mfi_n': 62, 'mfi_lower': 30, 'mfi_upper': 96, 'en_bollinger': False, 'bollinger_n': 44, 'bollinger_k': 0.8, 'en_adx': False, 'adx_n': 12, 'adx_threshold': 17, 'en_structure_trend': False, 'structure_trend_swing_l': 6, 'en_order_block': True, 'order_block_swing_l': 3, 'en_fvg': True, 'fvg_lookback': 9, 'en_ifvg': False, 'en_breaker': True, 'breaker_swing_l': 16, 'en_cisd': False, 'k': 1, 'en_cap_bars': False, 'cap_1min': 368}.
[I 2026-07-13 15:42:36,545] Trial 2639 pruned. 
[I 2026-07-13 15:42:43,980] Trial 2640 finished with values: [128.70683504582206, -2395.541277999449, 50.0] and parameters: {'sl_soft': 0.053027124312554325, 'sl_hard_delta': 0.041081131287339284, 'tp': 0.09532397293532278, 'gate_pct': 99.47218267450155, 'dd_limit': 9.50807718589736, 'cooldown': 8, 'flip': False, 'en_ema_trend': False, 'ema_trend_fast': 102, 'ema_trend_slow': 298, 'en_sma_trend': True, 'sma_trend_fast': 89, 'sma_trend_slow': 222, 'en_macd': True, 'macd_fast': 82, 'macd_slow': 127, 'macd_signal': 83, 'en_vwap': True, 'en_keltner': False, 'keltner_n': 52, 'keltner_m': 2.6, 'en_obv': True, 'obv_slope': 53, 'en_cci': False, 'cci_n': 77, 'cci_threshold': 300, 'en_rsi': False, 'rsi_n': 31, 'rsi_lower': 39, 'rsi_upper': 65, 'en_stochastic': True, 'stochastic_n': 97, 'stochastic_d': 32, 'stochastic_lower': 8, 'stochastic_upper': 93, 'en_mfi': False, 'mfi_n': 39, 'mfi_lower': 1, 'mfi_upper': 84, 'en_bollinger': False, 'bollinger_n': 14, 'bollinger_k': 2.2, 'en_adx': False, 'adx_n': 85, 'adx_threshold': 38, 'en_structure_trend': True, 'structure_trend_swing_l': 20, 'en_order_block': True, 'order_block_swing_l': 10, 'en_fvg': True, 'fvg_lookback': 46, 'en_ifvg': True, 'en_breaker': False, 'breaker_swing_l': 5, 'en_cisd': False, 'k': 2, 'en_cap_bars': True, 'cap_1min': 715}.
[I 2026-07-13 15:42:44,568] Trial 2641 pruned. 
[I 2026-07-13 15:42:47,173] Trial 2642 finished with values: [-342.82040578343504, -2210.122463870832, 53.7] and parameters: {'sl_soft': 0.06296004248070106, 'sl_hard_delta': 0.06087460308907818, 'tp': 0.07080300436903289, 'gate_pct': 99.3861717774851, 'dd_limit': 1.4726436036009025, 'cooldown': 13, 'flip': True, 'en_ema_trend': False, 'ema_trend_fast': 261, 'ema_trend_slow': 294, 'en_sma_trend': True, 'sma_trend_fast': 392, 'sma_trend_slow': 319, 'en_macd': True, 'macd_fast': 61, 'macd_slow': 93, 'macd_signal': 40, 'en_vwap': False, 'en_keltner': False, 'keltner_n': 139, 'keltner_m': 1.2000000000000002, 'en_obv': True, 'obv_slope': 69, 'en_cci': True, 'cci_n': 106, 'cci_threshold': 180, 'en_rsi': True, 'rsi_n': 34, 'rsi_lower': 9, 'rsi_upper': 77, 'en_stochastic': False, 'stochastic_n': 45, 'stochastic_d': 46, 'stochastic_lower': 7, 'stochastic_upper': 97, 'en_mfi': False, 'mfi_n': 95, 'mfi_lower': 30, 'mfi_upper': 96, 'en_bollinger': False, 'bollinger_n': 189, 'bollinger_k': 3.1, 'en_adx': False, 'adx_n': 16, 'adx_threshold': 26, 'en_structure_trend': False, 'structure_trend_swing_l': 7, 'en_order_block': True, 'order_block_swing_l': 3, 'en_fvg': False, 'fvg_lookback': 11, 'en_ifvg': True, 'en_breaker': False, 'breaker_swing_l': 9, 'en_cisd': False, 'k': 3, 'en_cap_bars': False, 'cap_1min': 963}.
[I 2026-07-13 15:42:49,681] Trial 2643 pruned. 
[I 2026-07-13 15:42:51,206] Trial 2644 finished with values: [605.7023599692889, -1236.9915502742401, 73.25] and parameters: {'sl_soft': 0.07064174057275752, 'sl_hard_delta': 0.0737256970400244, 'tp': 0.04133656517073042, 'gate_pct': 95.72859018663851, 'dd_limit': 3.2180873254465436, 'cooldown': 10, 'flip': True, 'en_ema_trend': False, 'ema_trend_fast': 220, 'ema_trend_slow': 150, 'en_sma_trend': True, 'sma_trend_fast': 382, 'sma_trend_slow': 302, 'en_macd': True, 'macd_fast': 97, 'macd_slow': 74, 'macd_signal': 71, 'en_vwap': True, 'en_keltner': False, 'keltner_n': 131, 'keltner_m': 0.5, 'en_obv': False, 'obv_slope': 25, 'en_cci': False, 'cci_n': 34, 'cci_threshold': 85, 'en_rsi': True, 'rsi_n': 71, 'rsi_lower': 27, 'rsi_upper': 99, 'en_stochastic': False, 'stochastic_n': 5, 'stochastic_d': 41, 'stochastic_lower': 26, 'stochastic_upper': 79, 'en_mfi': False, 'mfi_n': 43, 'mfi_lower': 24, 'mfi_upper': 69, 'en_bollinger': False, 'bollinger_n': 165, 'bollinger_k': 1.3, 'en_adx': False, 'adx_n': 52, 'adx_threshold': 17, 'en_structure_trend': False, 'structure_trend_swing_l': 19, 'en_order_block': True, 'order_block_swing_l': 11, 'en_fvg': True, 'fvg_lookback': 20, 'en_ifvg': False, 'en_breaker': False, 'breaker_swing_l': 9, 'en_cisd': True, 'k': 5, 'en_cap_bars': True, 'cap_1min': 686}.
[I 2026-07-13 15:42:51,988] Trial 2645 pruned. 
[I 2026-07-13 15:42:59,530] Trial 2646 finished with values: [-534.479623237889, -2757.734427431018, 62.5] and parameters: {'sl_soft': 0.06296004248070106, 'sl_hard_delta': 0.03174292770939944, 'tp': 0.04121537520691777, 'gate_pct': 98.93711402329589, 'dd_limit': 7.587175475025363, 'cooldown': 8, 'flip': True, 'en_ema_trend': True, 'ema_trend_fast': 351, 'ema_trend_slow': 361, 'en_sma_trend': False, 'sma_trend_fast': 372, 'sma_trend_slow': 120, 'en_macd': True, 'macd_fast': 47, 'macd_slow': 74, 'macd_signal': 40, 'en_vwap': True, 'en_keltner': False, 'keltner_n': 61, 'keltner_m': 3.2, 'en_obv': True, 'obv_slope': 2, 'en_cci': False, 'cci_n': 110, 'cci_threshold': 195, 'en_rsi': True, 'rsi_n': 63, 'rsi_lower': 12, 'rsi_upper': 77, 'en_stochastic': True, 'stochastic_n': 11, 'stochastic_d': 39, 'stochastic_lower': 17, 'stochastic_upper': 82, 'en_mfi': False, 'mfi_n': 67, 'mfi_lower': 40, 'mfi_upper': 76, 'en_bollinger': True, 'bollinger_n': 83, 'bollinger_k': 3.1, 'en_adx': False, 'adx_n': 36, 'adx_threshold': 55, 'en_structure_trend': True, 'structure_trend_swing_l': 13, 'en_order_block': False, 'order_block_swing_l': 3, 'en_fvg': False, 'fvg_lookback': 19, 'en_ifvg': True, 'en_breaker': False, 'breaker_swing_l': 9, 'en_cisd': True, 'k': 3, 'en_cap_bars': False, 'cap_1min': 914}.
[I 2026-07-13 15:43:02,965] Trial 2647 finished with values: [177.75940096294465, -4425.965109114146, 68.4] and parameters: {'sl_soft': 0.06296004248070106, 'sl_hard_delta': 0.0582717613908707, 'tp': 0.04133656517073042, 'gate_pct': 98.93711402329589, 'dd_limit': 3.2180873254465436, 'cooldown': 8, 'flip': False, 'en_ema_trend': True, 'ema_trend_fast': 193, 'ema_trend_slow': 393, 'en_sma_trend': True, 'sma_trend_fast': 392, 'sma_trend_slow': 377, 'en_macd': True, 'macd_fast': 97, 'macd_slow': 74, 'macd_signal': 78, 'en_vwap': False, 'en_keltner': True, 'keltner_n': 139, 'keltner_m': 0.5, 'en_obv': True, 'obv_slope': 100, 'en_cci': False, 'cci_n': 34, 'cci_threshold': 155, 'en_rsi': False, 'rsi_n': 34, 'rsi_lower': 12, 'rsi_upper': 77, 'en_stochastic': False, 'stochastic_n': 97, 'stochastic_d': 46, 'stochastic_lower': 13, 'stochastic_upper': 61, 'en_mfi': True, 'mfi_n': 22, 'mfi_lower': 30, 'mfi_upper': 96, 'en_bollinger': False, 'bollinger_n': 165, 'bollinger_k': 1.3, 'en_adx': False, 'adx_n': 52, 'adx_threshold': 44, 'en_structure_trend': False, 'structure_trend_swing_l': 13, 'en_order_block': True, 'order_block_swing_l': 3, 'en_fvg': False, 'fvg_lookback': 4, 'en_ifvg': False, 'en_breaker': True, 'breaker_swing_l': 12, 'en_cisd': False, 'k': 2, 'en_cap_bars': False, 'cap_1min': 963}.
[I 2026-07-13 15:43:05,929] Trial 2648 finished with values: [-116.9840637005849, -3520.108045021999, 51.05] and parameters: {'sl_soft': 0.052196885259142164, 'sl_hard_delta': 0.08668272783238536, 'tp': 0.08485800408712069, 'gate_pct': 97.81683336946006, 'dd_limit': 0.23735305616742414, 'cooldown': 7, 'flip': False, 'en_ema_trend': True, 'ema_trend_fast': 35, 'ema_trend_slow': 250, 'en_sma_trend': True, 'sma_trend_fast': 32, 'sma_trend_slow': 245, 'en_macd': False, 'macd_fast': 81, 'macd_slow': 72, 'macd_signal': 6, 'en_vwap': True, 'en_keltner': True, 'keltner_n': 172, 'keltner_m': 2.0, 'en_obv': False, 'obv_slope': 2, 'en_cci': True, 'cci_n': 6, 'cci_threshold': 20, 'en_rsi': False, 'rsi_n': 40, 'rsi_lower': 25, 'rsi_upper': 72, 'en_stochastic': False, 'stochastic_n': 58, 'stochastic_d': 38, 'stochastic_lower': 18, 'stochastic_upper': 74, 'en_mfi': False, 'mfi_n': 13, 'mfi_lower': 9, 'mfi_upper': 79, 'en_bollinger': True, 'bollinger_n': 122, 'bollinger_k': 3.8000000000000003, 'en_adx': False, 'adx_n': 42, 'adx_threshold': 12, 'en_structure_trend': True, 'structure_trend_swing_l': 1, 'en_order_block': True, 'order_block_swing_l': 15, 'en_fvg': True, 'fvg_lookback': 2, 'en_ifvg': True, 'en_breaker': True, 'breaker_swing_l': 3, 'en_cisd': False, 'k': 1, 'en_cap_bars': True, 'cap_1min': 483}.
