[I 2026-07-13 15:34:32,133] Trial 2593 pruned. 
[I 2026-07-13 15:34:33,031] Trial 2594 pruned. 
[I 2026-07-13 15:34:33,516] Trial 2595 pruned. 
[I 2026-07-13 15:34:34,079] Trial 2596 pruned. 
[I 2026-07-13 15:34:35,190] Trial 2597 pruned. 
[I 2026-07-13 15:34:36,767] Trial 2598 pruned. 
[I 2026-07-13 15:34:37,349] Trial 2599 pruned. 
[I 2026-07-13 15:34:37,539] Trial 2600 pruned. 
[I 2026-07-13 15:34:39,388] Trial 2601 pruned. 
[I 2026-07-13 15:34:42,629] Trial 2602 pruned. 
[I 2026-07-13 15:34:44,462] Trial 2603 pruned. 
[I 2026-07-13 15:34:45,590] Trial 2604 pruned. 
[I 2026-07-13 15:34:46,091] Trial 2605 pruned. 
[I 2026-07-13 15:34:46,545] Trial 2606 pruned. 
[I 2026-07-13 15:34:48,721] Trial 2607 pruned. 
[I 2026-07-13 15:34:48,913] Trial 2608 pruned. 
[I 2026-07-13 15:34:49,307] Trial 2609 pruned. 
[I 2026-07-13 15:34:51,734] Trial 2610 pruned. 
[I 2026-07-13 15:34:52,798] Trial 2611 pruned. 
[I 2026-07-13 15:34:53,550] Trial 2612 pruned. 
[I 2026-07-13 15:34:54,468] Trial 2613 pruned. 
[I 2026-07-13 15:34:55,442] Trial 2614 pruned. 
[I 2026-07-13 15:34:55,957] Trial 2615 pruned. 
[I 2026-07-13 15:34:57,204] Trial 2616 pruned. 
[I 2026-07-13 15:34:58,297] Trial 2617 pruned. 
[I 2026-07-13 15:34:58,904] Trial 2618 pruned. 
[I 2026-07-13 15:35:00,700] Trial 2619 pruned. 
[I 2026-07-13 15:35:01,691] Trial 2620 pruned. 
[I 2026-07-13 15:35:02,580] Trial 2621 pruned. 
[I 2026-07-13 15:35:03,629] Trial 2622 pruned. 
[I 2026-07-13 15:35:04,540] Trial 2623 pruned. 
[I 2026-07-13 15:35:05,467] Trial 2624 pruned. 
[I 2026-07-13 15:35:06,247] Trial 2625 pruned. 
[I 2026-07-13 15:35:06,941] Trial 2626 pruned. 
[I 2026-07-13 15:35:08,080] Trial 2627 pruned. 
[I 2026-07-13 15:35:08,798] Trial 2628 pruned. 
[I 2026-07-13 15:35:09,953] Trial 2629 pruned. 
[I 2026-07-13 15:35:11,380] Trial 2630 pruned. 
[I 2026-07-13 15:35:13,370] Trial 2631 pruned. 
[I 2026-07-13 15:35:14,211] Trial 2632 pruned. 
[I 2026-07-13 15:35:15,295] Trial 2633 pruned. 
[I 2026-07-13 15:35:17,124] Trial 2634 pruned. 
[I 2026-07-13 15:35:18,376] Trial 2635 pruned. 
[I 2026-07-13 15:35:19,883] Trial 2636 pruned. 
[I 2026-07-13 15:35:22,287] Trial 2637 pruned. 
[I 2026-07-13 15:35:23,382] Trial 2638 pruned. 
[I 2026-07-13 15:35:24,052] Trial 2639 pruned. 
[I 2026-07-13 15:35:24,280] Trial 2640 pruned. 
[I 2026-07-13 15:35:25,383] Trial 2641 pruned. 
[I 2026-07-13 15:35:26,152] Trial 2642 pruned. 
[I 2026-07-13 15:35:27,073] Trial 2643 pruned. 
[I 2026-07-13 15:35:27,927] Trial 2644 pruned. 
[I 2026-07-13 15:35:29,316] Trial 2645 pruned. 
[I 2026-07-13 15:35:32,742] Trial 2646 pruned. 
[I 2026-07-13 15:35:33,398] Trial 2647 pruned. 
[I 2026-07-13 15:35:34,556] Trial 2648 pruned. 
[I 2026-07-13 15:35:35,333] Trial 2649 pruned. 
[I 2026-07-13 15:35:36,288] Trial 2650 pruned. 
[I 2026-07-13 15:35:37,483] Trial 2651 pruned. 
[I 2026-07-13 15:35:38,359] Trial 2652 pruned. 
[I 2026-07-13 15:35:39,581] Trial 2653 pruned. 
[I 2026-07-13 15:35:40,484] Trial 2654 pruned. 
[I 2026-07-13 15:35:41,670] Trial 2655 pruned. 
[I 2026-07-13 15:35:42,654] Trial 2656 pruned. 
[I 2026-07-13 15:35:45,821] Trial 2657 pruned. 
[I 2026-07-13 15:35:46,793] Trial 2658 pruned. 
[I 2026-07-13 15:35:47,722] Trial 2659 pruned. 
[I 2026-07-13 15:35:48,848] Trial 2660 pruned. 
[I 2026-07-13 15:35:49,348] Trial 2661 pruned. 
[I 2026-07-13 15:35:50,110] Trial 2662 pruned. 
[I 2026-07-13 15:35:52,814] Trial 2663 pruned. 
[I 2026-07-13 15:35:54,781] Trial 2664 pruned. 
[I 2026-07-13 15:35:55,203] Trial 2665 pruned. 
[I 2026-07-13 15:35:55,502] Trial 2666 pruned. 
[I 2026-07-13 15:35:56,083] Trial 2667 pruned. 
[I 2026-07-13 15:35:56,260] Trial 2668 pruned. 
[I 2026-07-13 15:35:57,191] Trial 2669 pruned. 
[I 2026-07-13 15:35:58,079] Trial 2670 pruned. 
[I 2026-07-13 15:35:58,671] Trial 2671 pruned. 
[I 2026-07-13 15:35:59,403] Trial 2672 pruned. 
[I 2026-07-13 15:36:00,899] Trial 2673 pruned. 
[I 2026-07-13 15:36:01,889] Trial 2674 pruned. 
[I 2026-07-13 15:36:03,572] Trial 2675 pruned. 
[I 2026-07-13 15:36:05,096] Trial 2676 pruned. 
[I 2026-07-13 15:36:05,580] Trial 2677 pruned. 
[I 2026-07-13 15:36:07,105] Trial 2678 pruned. 
[I 2026-07-13 15:36:08,687] Trial 2679 pruned. 
[I 2026-07-13 15:36:08,825] Trial 2680 pruned. 
[I 2026-07-13 15:36:09,602] Trial 2681 pruned. 
[I 2026-07-13 15:36:11,375] Trial 2682 pruned. 
[I 2026-07-13 15:36:11,781] Trial 2683 pruned. 
[I 2026-07-13 15:36:13,182] Trial 2684 pruned. 
[I 2026-07-13 15:36:13,752] Trial 2685 pruned. 
[I 2026-07-13 15:36:16,198] Trial 2686 pruned. 
[I 2026-07-13 15:36:17,183] Trial 2687 pruned. 
[I 2026-07-13 15:36:18,416] Trial 2688 pruned. 
[I 2026-07-13 15:36:19,401] Trial 2689 pruned. 
[I 2026-07-13 15:36:22,666] Trial 2690 pruned. 
[I 2026-07-13 15:36:23,855] Trial 2691 pruned. 
[I 2026-07-13 15:36:25,024] Trial 2692 pruned. 
[I 2026-07-13 15:36:25,397] Trial 2693 pruned. 
[I 2026-07-13 15:36:26,441] Trial 2694 pruned. 
[I 2026-07-13 15:36:27,438] Trial 2695 pruned. 
[I 2026-07-13 15:36:34,160] Trial 2696 finished with values: [3151.16724121495, -5723.273505917557, 35.25] and parameters: {'sl_soft': 0.0960760267033959, 'sl_hard_delta': 0.005944889671817303, 'tp': 0.23995136476777482, 'gate_pct': 94.72201027588562, 'dd_limit': 2.5881131914178996, 'cooldown': 1, 'flip': True, 'en_ema_trend': False, 'ema_trend_fast': 35, 'ema_trend_slow': 397, 'en_sma_trend': False, 'sma_trend_fast': 96, 'sma_trend_slow': 17, 'en_macd': False, 'macd_fast': 48, 'macd_slow': 169, 'macd_signal': 53, 'en_vwap': True, 'en_keltner': False, 'keltner_n': 141, 'keltner_m': 1.9000000000000001, 'en_obv': False, 'obv_slope': 97, 'en_cci': True, 'cci_n': 189, 'cci_threshold': 30, 'en_rsi': False, 'rsi_n': 22, 'rsi_lower': 20, 'rsi_upper': 61, 'en_stochastic': True, 'stochastic_n': 92, 'stochastic_d': 49, 'stochastic_lower': 10, 'stochastic_upper': 94, 'en_mfi': False, 'mfi_n': 68, 'mfi_lower': 7, 'mfi_upper': 74, 'en_bollinger': False, 'bollinger_n': 104, 'bollinger_k': 3.6, 'en_adx': False, 'adx_n': 61, 'adx_threshold': 26, 'en_structure_trend': False, 'structure_trend_swing_l': 20, 'en_order_block': False, 'order_block_swing_l': 16, 'en_fvg': True, 'fvg_lookback': 50, 'en_ifvg': False, 'en_breaker': True, 'breaker_swing_l': 17, 'en_cisd': True, 'k': 3, 'en_cap_bars': False, 'cap_1min': 488}.
[I 2026-07-13 15:36:35,148] Trial 2697 pruned. 
[I 2026-07-13 15:36:35,644] Trial 2698 pruned. 
[I 2026-07-13 15:36:38,247] Trial 2699 pruned. 
[I 2026-07-13 15:36:40,617] Trial 2700 pruned. 
[I 2026-07-13 15:36:43,630] Trial 2701 pruned. 
[I 2026-07-13 15:36:44,285] Trial 2702 pruned. 
[I 2026-07-13 15:36:46,009] Trial 2703 pruned. 
[I 2026-07-13 15:36:47,169] Trial 2704 pruned. 
[I 2026-07-13 15:36:47,912] Trial 2705 pruned. 
[I 2026-07-13 15:36:49,519] Trial 2706 pruned. 
[I 2026-07-13 15:36:49,962] Trial 2707 pruned. 
[I 2026-07-13 15:36:50,361] Trial 2708 pruned. 
[I 2026-07-13 15:36:52,017] Trial 2709 pruned. 
[I 2026-07-13 15:36:53,050] Trial 2710 pruned. 
[I 2026-07-13 15:36:54,338] Trial 2711 pruned. 
[I 2026-07-13 15:36:56,148] Trial 2712 pruned. 
[I 2026-07-13 15:36:58,843] Trial 2713 pruned. 
[I 2026-07-13 15:36:59,407] Trial 2714 pruned. 
[I 2026-07-13 15:37:01,149] Trial 2715 pruned. 
[I 2026-07-13 15:37:02,295] Trial 2716 pruned. 
[I 2026-07-13 15:37:03,747] Trial 2717 pruned. 
[I 2026-07-13 15:37:04,342] Trial 2718 pruned. 
[I 2026-07-13 15:37:05,624] Trial 2719 pruned. 
[I 2026-07-13 15:37:05,805] Trial 2720 pruned. 
[I 2026-07-13 15:37:06,660] Trial 2721 pruned. 
[I 2026-07-13 15:37:07,359] Trial 2722 pruned. 
[I 2026-07-13 15:37:08,071] Trial 2723 pruned. 
[I 2026-07-13 15:37:08,972] Trial 2724 pruned. 
[I 2026-07-13 15:37:10,463] Trial 2725 pruned. 
[I 2026-07-13 15:37:10,931] Trial 2726 pruned. 
[I 2026-07-13 15:37:12,163] Trial 2727 pruned. 
[I 2026-07-13 15:37:13,911] Trial 2728 pruned. 
[I 2026-07-13 15:37:16,931] Trial 2729 pruned. 
[I 2026-07-13 15:37:17,916] Trial 2730 pruned. 
[I 2026-07-13 15:37:19,006] Trial 2731 pruned. 
[I 2026-07-13 15:37:20,167] Trial 2732 pruned. 
[I 2026-07-13 15:37:22,537] Trial 2733 pruned. 
[I 2026-07-13 15:37:25,409] Trial 2734 pruned. 
[I 2026-07-13 15:37:26,378] Trial 2735 pruned. 
[I 2026-07-13 15:37:27,262] Trial 2736 pruned. 
[I 2026-07-13 15:37:32,977] Trial 2737 finished with values: [1175.1777049707002, -3103.9119135719775, 48.2] and parameters: {'sl_soft': 0.08525695814924801, 'sl_hard_delta': 0.10879162926439315, 'tp': 0.15541196694019616, 'gate_pct': 99.12973389262724, 'dd_limit': 4.116108339342792, 'cooldown': 2, 'flip': True, 'en_ema_trend': False, 'ema_trend_fast': 66, 'ema_trend_slow': 165, 'en_sma_trend': False, 'sma_trend_fast': 165, 'sma_trend_slow': 218, 'en_macd': False, 'macd_fast': 57, 'macd_slow': 51, 'macd_signal': 73, 'en_vwap': True, 'en_keltner': False, 'keltner_n': 173, 'keltner_m': 4.5, 'en_obv': True, 'obv_slope': 106, 'en_cci': False, 'cci_n': 60, 'cci_threshold': 140, 'en_rsi': False, 'rsi_n': 60, 'rsi_lower': 29, 'rsi_upper': 77, 'en_stochastic': True, 'stochastic_n': 79, 'stochastic_d': 6, 'stochastic_lower': 37, 'stochastic_upper': 75, 'en_mfi': False, 'mfi_n': 27, 'mfi_lower': 19, 'mfi_upper': 53, 'en_bollinger': True, 'bollinger_n': 83, 'bollinger_k': 0.9, 'en_adx': False, 'adx_n': 92, 'adx_threshold': 25, 'en_structure_trend': False, 'structure_trend_swing_l': 20, 'en_order_block': False, 'order_block_swing_l': 10, 'en_fvg': True, 'fvg_lookback': 23, 'en_ifvg': False, 'en_breaker': False, 'breaker_swing_l': 18, 'en_cisd': False, 'k': 2, 'en_cap_bars': True, 'cap_1min': 1353}.
[I 2026-07-13 15:37:34,999] Trial 2738 pruned. 
[I 2026-07-13 15:37:37,635] Trial 2739 pruned. 
[I 2026-07-13 15:37:39,049] Trial 2740 pruned. 
[I 2026-07-13 15:37:39,861] Trial 2741 pruned. 
[I 2026-07-13 15:37:40,342] Trial 2742 pruned. 
[I 2026-07-13 15:37:42,090] Trial 2743 pruned. 
[I 2026-07-13 15:37:45,521] Trial 2744 pruned. 
[I 2026-07-13 15:37:45,890] Trial 2745 pruned. 
[I 2026-07-13 15:37:46,389] Trial 2746 pruned. 
[I 2026-07-13 15:37:47,526] Trial 2747 pruned. 
[I 2026-07-13 15:37:49,043] Trial 2748 pruned. 
[I 2026-07-13 15:37:49,172] Trial 2749 pruned. 
[I 2026-07-13 15:37:50,119] Trial 2750 pruned. 
[I 2026-07-13 15:37:50,748] Trial 2751 pruned. 
[I 2026-07-13 15:37:52,720] Trial 2752 pruned. 
[I 2026-07-13 15:37:53,469] Trial 2753 pruned. 
[I 2026-07-13 15:37:54,596] Trial 2754 pruned. 
[I 2026-07-13 15:37:56,636] Trial 2755 pruned. 
[I 2026-07-13 15:37:57,092] Trial 2756 pruned. 
[I 2026-07-13 15:37:57,393] Trial 2757 pruned. 
[I 2026-07-13 15:37:58,541] Trial 2758 pruned. 
[I 2026-07-13 15:37:59,628] Trial 2759 pruned. 
[I 2026-07-13 15:37:59,751] Trial 2760 pruned. 
[I 2026-07-13 15:38:01,609] Trial 2761 pruned. 
[I 2026-07-13 15:38:02,089] Trial 2762 pruned. 
[I 2026-07-13 15:38:02,886] Trial 2763 pruned. 
[I 2026-07-13 15:38:03,232] Trial 2764 pruned. 
[I 2026-07-13 15:38:04,102] Trial 2765 pruned. 
[I 2026-07-13 15:38:06,598] Trial 2766 pruned. 
[I 2026-07-13 15:38:07,546] Trial 2767 pruned. 
[I 2026-07-13 15:38:08,469] Trial 2768 pruned. 
[I 2026-07-13 15:38:11,415] Trial 2769 pruned. 
[I 2026-07-13 15:38:11,810] Trial 2770 pruned. 
[I 2026-07-13 15:38:14,576] Trial 2771 pruned. 
[I 2026-07-13 15:38:15,435] Trial 2772 pruned. 
[I 2026-07-13 15:38:16,946] Trial 2773 pruned. 
[I 2026-07-13 15:38:17,588] Trial 2774 pruned. 
[I 2026-07-13 15:38:18,599] Trial 2775 pruned. 
[I 2026-07-13 15:38:20,302] Trial 2776 pruned. 
[I 2026-07-13 15:38:21,363] Trial 2777 pruned. 
[I 2026-07-13 15:38:21,852] Trial 2778 pruned. 
[I 2026-07-13 15:38:22,600] Trial 2779 pruned. 
[I 2026-07-13 15:38:24,268] Trial 2780 pruned. 
[I 2026-07-13 15:38:25,452] Trial 2781 pruned. 
[I 2026-07-13 15:38:26,658] Trial 2782 pruned. 
[I 2026-07-13 15:38:27,613] Trial 2783 pruned. 
[I 2026-07-13 15:38:29,160] Trial 2784 pruned. 
[I 2026-07-13 15:38:30,329] Trial 2785 pruned. 
[I 2026-07-13 15:38:31,060] Trial 2786 pruned. 
[I 2026-07-13 15:38:32,232] Trial 2787 pruned. 
[I 2026-07-13 15:38:33,357] Trial 2788 pruned. 
[I 2026-07-13 15:38:34,223] Trial 2789 pruned. 
[I 2026-07-13 15:38:35,783] Trial 2790 pruned. 
[I 2026-07-13 15:38:36,970] Trial 2791 pruned. 
[I 2026-07-13 15:38:38,664] Trial 2792 pruned. 
[I 2026-07-13 15:38:39,967] Trial 2793 pruned. 
[I 2026-07-13 15:38:40,586] Trial 2794 pruned. 
[I 2026-07-13 15:38:41,183] Trial 2795 pruned. 
[I 2026-07-13 15:38:42,406] Trial 2796 pruned. 
[I 2026-07-13 15:38:44,525] Trial 2797 pruned. 
[I 2026-07-13 15:38:45,129] Trial 2798 pruned. 
[I 2026-07-13 15:38:46,337] Trial 2799 pruned. 
[I 2026-07-13 15:38:46,540] Trial 2800 pruned. 
[I 2026-07-13 15:38:47,258] Trial 2801 pruned. 
[I 2026-07-13 15:38:48,118] Trial 2802 pruned. 
[I 2026-07-13 15:38:49,117] Trial 2803 pruned. 
[I 2026-07-13 15:38:50,157] Trial 2804 pruned. 
[I 2026-07-13 15:38:51,298] Trial 2805 pruned. 
[I 2026-07-13 15:38:51,832] Trial 2806 pruned. 
[I 2026-07-13 15:38:53,530] Trial 2807 pruned. 
[I 2026-07-13 15:38:54,552] Trial 2808 pruned. 
[I 2026-07-13 15:38:54,907] Trial 2809 pruned. 
[I 2026-07-13 15:38:55,993] Trial 2810 pruned. 
[I 2026-07-13 15:38:56,914] Trial 2811 pruned. 
[I 2026-07-13 15:38:57,643] Trial 2812 pruned. 
[I 2026-07-13 15:38:59,116] Trial 2813 pruned. 
[I 2026-07-13 15:39:00,283] Trial 2814 pruned. 
[I 2026-07-13 15:39:02,959] Trial 2815 pruned. 
[I 2026-07-13 15:39:03,857] Trial 2816 pruned. 
[I 2026-07-13 15:39:04,939] Trial 2817 pruned. 
[I 2026-07-13 15:39:05,887] Trial 2818 pruned. 
[I 2026-07-13 15:39:07,100] Trial 2819 pruned. 
[I 2026-07-13 15:39:08,165] Trial 2820 pruned. 
[I 2026-07-13 15:39:10,267] Trial 2821 pruned. 
[I 2026-07-13 15:39:11,273] Trial 2822 pruned. 
[I 2026-07-13 15:39:13,338] Trial 2823 pruned. 
[I 2026-07-13 15:39:14,449] Trial 2824 pruned. 
[I 2026-07-13 15:39:15,197] Trial 2825 pruned. 
[I 2026-07-13 15:39:16,509] Trial 2826 pruned. 
[I 2026-07-13 15:39:29,438] Trial 2827 finished with values: [-1737.2089955914305, -7336.725885263459, 46.95] and parameters: {'sl_soft': 0.10910562973182192, 'sl_hard_delta': 0.029483763381738966, 'tp': 0.12166319011120103, 'gate_pct': 97.68354495648582, 'dd_limit': 5.7023437806067, 'cooldown': 0, 'flip': False, 'en_ema_trend': True, 'ema_trend_fast': 230, 'ema_trend_slow': 78, 'en_sma_trend': True, 'sma_trend_fast': 63, 'sma_trend_slow': 250, 'en_macd': False, 'macd_fast': 52, 'macd_slow': 190, 'macd_signal': 2, 'en_vwap': True, 'en_keltner': False, 'keltner_n': 169, 'keltner_m': 4.6000000000000005, 'en_obv': False, 'obv_slope': 120, 'en_cci': False, 'cci_n': 163, 'cci_threshold': 45, 'en_rsi': True, 'rsi_n': 61, 'rsi_lower': 41, 'rsi_upper': 58, 'en_stochastic': True, 'stochastic_n': 21, 'stochastic_d': 4, 'stochastic_lower': 19, 'stochastic_upper': 76, 'en_mfi': True, 'mfi_n': 4, 'mfi_lower': 20, 'mfi_upper': 79, 'en_bollinger': True, 'bollinger_n': 172, 'bollinger_k': 1.6, 'en_adx': True, 'adx_n': 33, 'adx_threshold': 8, 'en_structure_trend': True, 'structure_trend_swing_l': 15, 'en_order_block': False, 'order_block_swing_l': 4, 'en_fvg': False, 'fvg_lookback': 38, 'en_ifvg': False, 'en_breaker': False, 'breaker_swing_l': 6, 'en_cisd': False, 'k': 3, 'en_cap_bars': False, 'cap_1min': 279}.
[I 2026-07-13 15:39:31,716] Trial 2828 pruned. 
[I 2026-07-13 15:39:32,534] Trial 2829 pruned. 
[I 2026-07-13 15:39:33,097] Trial 2830 pruned. 
[I 2026-07-13 15:39:34,309] Trial 2831 pruned. 
[I 2026-07-13 15:39:35,757] Trial 2832 pruned. 
[I 2026-07-13 15:39:36,870] Trial 2833 pruned. 
[I 2026-07-13 15:39:38,413] Trial 2834 pruned. 
[I 2026-07-13 15:39:40,613] Trial 2835 pruned. 
[I 2026-07-13 15:39:41,467] Trial 2836 pruned. 
[I 2026-07-13 15:39:43,051] Trial 2837 pruned. 
[I 2026-07-13 15:39:43,563] Trial 2838 pruned. 
[I 2026-07-13 15:39:46,127] Trial 2839 pruned. 
[I 2026-07-13 15:39:46,385] Trial 2840 pruned. 
[I 2026-07-13 15:39:46,786] Trial 2841 pruned. 
[I 2026-07-13 15:39:48,185] Trial 2842 pruned. 
[I 2026-07-13 15:39:48,461] Trial 2843 pruned. 
[I 2026-07-13 15:39:49,104] Trial 2844 pruned. 
[I 2026-07-13 15:39:50,000] Trial 2845 pruned. 
[I 2026-07-13 15:39:50,581] Trial 2846 pruned. 
[I 2026-07-13 15:39:51,828] Trial 2847 pruned. 
[I 2026-07-13 15:39:53,382] Trial 2848 pruned. 
[I 2026-07-13 15:39:54,479] Trial 2849 pruned. 
[I 2026-07-13 15:39:56,082] Trial 2850 pruned. 
[I 2026-07-13 15:39:57,211] Trial 2851 pruned. 
[I 2026-07-13 15:39:57,968] Trial 2852 pruned. 
[I 2026-07-13 15:39:58,909] Trial 2853 pruned. 
[I 2026-07-13 15:40:00,972] Trial 2854 pruned. 
[I 2026-07-13 15:40:02,492] Trial 2855 pruned. 
[I 2026-07-13 15:40:03,666] Trial 2856 pruned. 
[I 2026-07-13 15:40:06,718] Trial 2857 pruned. 
[I 2026-07-13 15:40:07,950] Trial 2858 pruned. 
[I 2026-07-13 15:40:08,883] Trial 2859 pruned. 
[I 2026-07-13 15:40:09,561] Trial 2860 pruned. 
[I 2026-07-13 15:40:10,280] Trial 2861 pruned. 
[I 2026-07-13 15:40:11,415] Trial 2862 pruned. 
[I 2026-07-13 15:40:12,718] Trial 2863 pruned. 
[I 2026-07-13 15:40:14,651] Trial 2864 pruned. 
[I 2026-07-13 15:40:15,027] Trial 2865 pruned. 
[I 2026-07-13 15:40:16,817] Trial 2866 pruned. 
[I 2026-07-13 15:40:17,799] Trial 2867 pruned. 
[I 2026-07-13 15:40:18,657] Trial 2868 pruned. 
[I 2026-07-13 15:40:19,215] Trial 2869 pruned. 
[I 2026-07-13 15:40:20,390] Trial 2870 pruned. 
[I 2026-07-13 15:40:20,690] Trial 2871 pruned. 
[I 2026-07-13 15:40:22,457] Trial 2872 pruned. 
[I 2026-07-13 15:40:23,638] Trial 2873 pruned. 
[I 2026-07-13 15:40:24,444] Trial 2874 pruned. 
[I 2026-07-13 15:40:27,434] Trial 2875 pruned. 
[I 2026-07-13 15:40:28,039] Trial 2876 pruned. 
[I 2026-07-13 15:40:29,326] Trial 2877 pruned. 
[I 2026-07-13 15:40:30,151] Trial 2878 pruned. 
[I 2026-07-13 15:40:31,617] Trial 2879 pruned. 
[I 2026-07-13 15:40:31,810] Trial 2880 pruned. 
[I 2026-07-13 15:40:32,839] Trial 2881 pruned. 
[I 2026-07-13 15:40:33,856] Trial 2882 pruned. 
[I 2026-07-13 15:40:34,373] Trial 2883 pruned. 
[I 2026-07-13 15:40:34,905] Trial 2884 pruned. 
[I 2026-07-13 15:40:38,493] Trial 2885 pruned. 
[I 2026-07-13 15:40:39,466] Trial 2886 pruned. 
[I 2026-07-13 15:40:39,850] Trial 2887 pruned. 
[I 2026-07-13 15:40:41,369] Trial 2888 pruned. 
[I 2026-07-13 15:40:41,926] Trial 2889 pruned. 
[I 2026-07-13 15:40:42,588] Trial 2890 pruned. 
[I 2026-07-13 15:40:43,102] Trial 2891 pruned. 
[I 2026-07-13 15:40:44,034] Trial 2892 pruned. 
[I 2026-07-13 15:40:45,270] Trial 2893 pruned. 
[I 2026-07-13 15:40:45,716] Trial 2894 pruned. 
[I 2026-07-13 15:40:46,488] Trial 2895 pruned. 
[I 2026-07-13 15:40:48,830] Trial 2896 pruned. 
[I 2026-07-13 15:40:49,592] Trial 2897 pruned. 
[I 2026-07-13 15:40:51,443] Trial 2898 pruned. 
[I 2026-07-13 15:40:51,965] Trial 2899 pruned. 
[I 2026-07-13 15:40:52,458] Trial 2900 pruned. 
[I 2026-07-13 15:40:53,388] Trial 2901 pruned. 
[I 2026-07-13 15:40:54,198] Trial 2902 pruned. 
[I 2026-07-13 15:40:57,053] Trial 2903 pruned. 
[I 2026-07-13 15:40:58,429] Trial 2904 pruned. 
[I 2026-07-13 15:41:00,345] Trial 2905 pruned. 
[I 2026-07-13 15:41:01,800] Trial 2906 pruned. 
[I 2026-07-13 15:41:04,297] Trial 2907 pruned. 
[I 2026-07-13 15:41:06,060] Trial 2908 pruned. 
[I 2026-07-13 15:41:08,824] Trial 2909 pruned. 
[I 2026-07-13 15:41:09,469] Trial 2910 pruned. 
[I 2026-07-13 15:41:13,070] Trial 2911 pruned. 
[I 2026-07-13 15:41:14,612] Trial 2912 pruned. 
[I 2026-07-13 15:41:16,990] Trial 2913 pruned. 
[I 2026-07-13 15:41:18,936] Trial 2914 pruned. 
[I 2026-07-13 15:41:22,424] Trial 2915 pruned. 
[I 2026-07-13 15:41:23,440] Trial 2916 pruned. 
[I 2026-07-13 15:41:26,095] Trial 2917 pruned. 
[I 2026-07-13 15:41:27,545] Trial 2918 pruned. 
[I 2026-07-13 15:41:32,603] Trial 2919 finished with values: [2625.768902681076, -15630.145759752464, 44.7] and parameters: {'sl_soft': 0.06458334652078324, 'sl_hard_delta': 0.17616657400141703, 'tp': 0.15770735365386793, 'gate_pct': 98.514712353421, 'dd_limit': 4.91628186162365, 'cooldown': 1, 'flip': True, 'en_ema_trend': True, 'ema_trend_fast': 290, 'ema_trend_slow': 19, 'en_sma_trend': False, 'sma_trend_fast': 314, 'sma_trend_slow': 228, 'en_macd': True, 'macd_fast': 78, 'macd_slow': 106, 'macd_signal': 22, 'en_vwap': True, 'en_keltner': True, 'keltner_n': 44, 'keltner_m': 1.3, 'en_obv': False, 'obv_slope': 21, 'en_cci': False, 'cci_n': 21, 'cci_threshold': 200, 'en_rsi': True, 'rsi_n': 36, 'rsi_lower': 10, 'rsi_upper': 70, 'en_stochastic': False, 'stochastic_n': 61, 'stochastic_d': 45, 'stochastic_lower': 19, 'stochastic_upper': 54, 'en_mfi': True, 'mfi_n': 29, 'mfi_lower': 19, 'mfi_upper': 84, 'en_bollinger': False, 'bollinger_n': 33, 'bollinger_k': 4.4, 'en_adx': False, 'adx_n': 26, 'adx_threshold': 40, 'en_structure_trend': False, 'structure_trend_swing_l': 17, 'en_order_block': False, 'order_block_swing_l': 15, 'en_fvg': True, 'fvg_lookback': 32, 'en_ifvg': False, 'en_breaker': False, 'breaker_swing_l': 15, 'en_cisd': False, 'k': 3, 'en_cap_bars': False, 'cap_1min': 404}.
[I 2026-07-13 15:41:32,767] Trial 2920 pruned. 
[I 2026-07-13 15:41:36,389] Trial 2921 pruned. 
[I 2026-07-13 15:41:37,304] Trial 2922 pruned. 
[I 2026-07-13 15:41:39,377] Trial 2923 pruned. 
[I 2026-07-13 15:41:41,297] Trial 2924 pruned. 
