[I 2026-07-13 15:48:21,587] Trial 3128 finished with values: [407.5901938200491, -17407.663523861163, 69.94999999999999] and parameters: {'sl_soft': 0.06423559890121558, 'sl_hard_delta': 0.04269284514679842, 'tp': 0.03810555008976396, 'gate_pct': 97.87184393359011, 'dd_limit': 0.5242871576912017, 'cooldown': 1, 'flip': True, 'en_ema_trend': False, 'ema_trend_fast': 77, 'ema_trend_slow': 377, 'en_sma_trend': False, 'sma_trend_fast': 44, 'sma_trend_slow': 290, 'en_macd': True, 'macd_fast': 2, 'macd_slow': 72, 'macd_signal': 19, 'en_vwap': True, 'en_keltner': True, 'keltner_n': 24, 'keltner_m': 3.0, 'en_obv': True, 'obv_slope': 93, 'en_cci': False, 'cci_n': 142, 'cci_threshold': 265, 'en_rsi': True, 'rsi_n': 66, 'rsi_lower': 30, 'rsi_upper': 54, 'en_stochastic': False, 'stochastic_n': 6, 'stochastic_d': 28, 'stochastic_lower': 42, 'stochastic_upper': 91, 'en_mfi': False, 'mfi_n': 51, 'mfi_lower': 27, 'mfi_upper': 80, 'en_bollinger': False, 'bollinger_n': 149, 'bollinger_k': 2.4000000000000004, 'en_adx': False, 'adx_n': 98, 'adx_threshold': 27, 'en_structure_trend': False, 'structure_trend_swing_l': 4, 'en_order_block': False, 'order_block_swing_l': 18, 'en_fvg': True, 'fvg_lookback': 7, 'en_ifvg': False, 'en_breaker': True, 'breaker_swing_l': 20, 'en_cisd': False, 'k': 4, 'en_cap_bars': False, 'cap_1min': 1250}.
[I 2026-07-13 15:48:23,986] Trial 3129 finished with values: [-2878.8931763895325, -21124.622909306934, 70.7] and parameters: {'sl_soft': 0.06439762276669186, 'sl_hard_delta': 0.16209355299609657, 'tp': 0.03810555008976396, 'gate_pct': 93.79805140335328, 'dd_limit': 6.5154853630492955, 'cooldown': 0, 'flip': True, 'en_ema_trend': True, 'ema_trend_fast': 77, 'ema_trend_slow': 100, 'en_sma_trend': True, 'sma_trend_fast': 289, 'sma_trend_slow': 50, 'en_macd': True, 'macd_fast': 18, 'macd_slow': 127, 'macd_signal': 98, 'en_vwap': True, 'en_keltner': True, 'keltner_n': 79, 'keltner_m': 0.7, 'en_obv': True, 'obv_slope': 93, 'en_cci': True, 'cci_n': 172, 'cci_threshold': 265, 'en_rsi': False, 'rsi_n': 66, 'rsi_lower': 15, 'rsi_upper': 90, 'en_stochastic': False, 'stochastic_n': 6, 'stochastic_d': 20, 'stochastic_lower': 21, 'stochastic_upper': 78, 'en_mfi': False, 'mfi_n': 51, 'mfi_lower': 27, 'mfi_upper': 51, 'en_bollinger': False, 'bollinger_n': 86, 'bollinger_k': 2.4000000000000004, 'en_adx': False, 'adx_n': 11, 'adx_threshold': 27, 'en_structure_trend': False, 'structure_trend_swing_l': 15, 'en_order_block': False, 'order_block_swing_l': 18, 'en_fvg': True, 'fvg_lookback': 24, 'en_ifvg': False, 'en_breaker': False, 'breaker_swing_l': 13, 'en_cisd': False, 'k': 4, 'en_cap_bars': False, 'cap_1min': 59}.
[I 2026-07-13 15:48:25,149] Trial 3130 finished with values: [-2376.6851564079516, -8923.194392379433, 57.0] and parameters: {'sl_soft': 0.06439762276669186, 'sl_hard_delta': 0.010442170043487192, 'tp': 0.04417805554007266, 'gate_pct': 96.03464624110227, 'dd_limit': 3.021375135532224, 'cooldown': 0, 'flip': False, 'en_ema_trend': True, 'ema_trend_fast': 97, 'ema_trend_slow': 125, 'en_sma_trend': False, 'sma_trend_fast': 265, 'sma_trend_slow': 268, 'en_macd': True, 'macd_fast': 18, 'macd_slow': 91, 'macd_signal': 98, 'en_vwap': False, 'en_keltner': False, 'keltner_n': 22, 'keltner_m': 2.8000000000000003, 'en_obv': True, 'obv_slope': 92, 'en_cci': True, 'cci_n': 172, 'cci_threshold': 290, 'en_rsi': True, 'rsi_n': 71, 'rsi_lower': 1, 'rsi_upper': 94, 'en_stochastic': False, 'stochastic_n': 98, 'stochastic_d': 22, 'stochastic_lower': 22, 'stochastic_upper': 78, 'en_mfi': False, 'mfi_n': 97, 'mfi_lower': 27, 'mfi_upper': 51, 'en_bollinger': False, 'bollinger_n': 69, 'bollinger_k': 0.5, 'en_adx': False, 'adx_n': 48, 'adx_threshold': 10, 'en_structure_trend': True, 'structure_trend_swing_l': 15, 'en_order_block': False, 'order_block_swing_l': 5, 'en_fvg': True, 'fvg_lookback': 24, 'en_ifvg': True, 'en_breaker': False, 'breaker_swing_l': 16, 'en_cisd': True, 'k': 4, 'en_cap_bars': True, 'cap_1min': 839}.
[I 2026-07-13 15:48:25,999] Trial 3131 pruned. 
[I 2026-07-13 15:48:29,182] Trial 3132 finished with values: [5722.203973876445, -4695.98398887427, 31.75] and parameters: {'sl_soft': 0.035486083657367995, 'sl_hard_delta': 0.02804193502789015, 'tp': 0.17919529691137454, 'gate_pct': 96.54380504120698, 'dd_limit': 0.7627381108845042, 'cooldown': 2, 'flip': False, 'en_ema_trend': False, 'ema_trend_fast': 197, 'ema_trend_slow': 260, 'en_sma_trend': False, 'sma_trend_fast': 360, 'sma_trend_slow': 35, 'en_macd': True, 'macd_fast': 80, 'macd_slow': 106, 'macd_signal': 34, 'en_vwap': True, 'en_keltner': True, 'keltner_n': 99, 'keltner_m': 2.4000000000000004, 'en_obv': True, 'obv_slope': 146, 'en_cci': True, 'cci_n': 54, 'cci_threshold': 300, 'en_rsi': False, 'rsi_n': 15, 'rsi_lower': 39, 'rsi_upper': 65, 'en_stochastic': False, 'stochastic_n': 62, 'stochastic_d': 7, 'stochastic_lower': 8, 'stochastic_upper': 91, 'en_mfi': False, 'mfi_n': 76, 'mfi_lower': 44, 'mfi_upper': 54, 'en_bollinger': False, 'bollinger_n': 197, 'bollinger_k': 0.7, 'en_adx': False, 'adx_n': 63, 'adx_threshold': 39, 'en_structure_trend': True, 'structure_trend_swing_l': 9, 'en_order_block': False, 'order_block_swing_l': 13, 'en_fvg': True, 'fvg_lookback': 24, 'en_ifvg': False, 'en_breaker': False, 'breaker_swing_l': 8, 'en_cisd': False, 'k': 5, 'en_cap_bars': False, 'cap_1min': 591}.
[I 2026-07-13 15:48:30,399] Trial 3133 finished with values: [191.8079884712222, -6693.735973683097, 50.3] and parameters: {'sl_soft': 0.13648397518861563, 'sl_hard_delta': 0.12271149882589488, 'tp': 0.16937546754390323, 'gate_pct': 97.87184393359011, 'dd_limit': 0.5242871576912017, 'cooldown': 1, 'flip': True, 'en_ema_trend': False, 'ema_trend_fast': 77, 'ema_trend_slow': 377, 'en_sma_trend': True, 'sma_trend_fast': 289, 'sma_trend_slow': 200, 'en_macd': True, 'macd_fast': 75, 'macd_slow': 11, 'macd_signal': 59, 'en_vwap': True, 'en_keltner': False, 'keltner_n': 43, 'keltner_m': 3.0, 'en_obv': True, 'obv_slope': 19, 'en_cci': False, 'cci_n': 51, 'cci_threshold': 250, 'en_rsi': True, 'rsi_n': 73, 'rsi_lower': 15, 'rsi_upper': 58, 'en_stochastic': False, 'stochastic_n': 6, 'stochastic_d': 28, 'stochastic_lower': 42, 'stochastic_upper': 91, 'en_mfi': False, 'mfi_n': 19, 'mfi_lower': 25, 'mfi_upper': 80, 'en_bollinger': False, 'bollinger_n': 31, 'bollinger_k': 2.8000000000000003, 'en_adx': False, 'adx_n': 50, 'adx_threshold': 27, 'en_structure_trend': True, 'structure_trend_swing_l': 6, 'en_order_block': False, 'order_block_swing_l': 11, 'en_fvg': True, 'fvg_lookback': 7, 'en_ifvg': False, 'en_breaker': True, 'breaker_swing_l': 6, 'en_cisd': False, 'k': 4, 'en_cap_bars': False, 'cap_1min': 693}.
[I 2026-07-13 15:48:30,819] Trial 3134 finished with values: [956.6971358266235, -4191.048456726847, 54.45] and parameters: {'sl_soft': 0.12251964557263084, 'sl_hard_delta': 0.044576992423203524, 'tp': 0.1436367493169176, 'gate_pct': 97.87184393359011, 'dd_limit': 8.683310596224244, 'cooldown': 6, 'flip': False, 'en_ema_trend': True, 'ema_trend_fast': 386, 'ema_trend_slow': 377, 'en_sma_trend': False, 'sma_trend_fast': 265, 'sma_trend_slow': 200, 'en_macd': True, 'macd_fast': 70, 'macd_slow': 80, 'macd_signal': 45, 'en_vwap': True, 'en_keltner': True, 'keltner_n': 24, 'keltner_m': 1.4, 'en_obv': True, 'obv_slope': 61, 'en_cci': False, 'cci_n': 118, 'cci_threshold': 250, 'en_rsi': True, 'rsi_n': 93, 'rsi_lower': 1, 'rsi_upper': 66, 'en_stochastic': False, 'stochastic_n': 87, 'stochastic_d': 28, 'stochastic_lower': 15, 'stochastic_upper': 81, 'en_mfi': False, 'mfi_n': 83, 'mfi_lower': 22, 'mfi_upper': 90, 'en_bollinger': False, 'bollinger_n': 149, 'bollinger_k': 3.4000000000000004, 'en_adx': False, 'adx_n': 48, 'adx_threshold': 29, 'en_structure_trend': True, 'structure_trend_swing_l': 17, 'en_order_block': True, 'order_block_swing_l': 11, 'en_fvg': True, 'fvg_lookback': 7, 'en_ifvg': False, 'en_breaker': True, 'breaker_swing_l': 2, 'en_cisd': False, 'k': 1, 'en_cap_bars': False, 'cap_1min': 1250}.
[I 2026-07-13 15:48:40,735] Trial 3135 finished with values: [1637.0377539117703, -4618.034419908384, 45.95] and parameters: {'sl_soft': 0.06439762276669186, 'sl_hard_delta': 0.16209355299609657, 'tp': 0.16937546754390323, 'gate_pct': 99.60506126830711, 'dd_limit': 5.319419455229414, 'cooldown': 0, 'flip': True, 'en_ema_trend': True, 'ema_trend_fast': 77, 'ema_trend_slow': 75, 'en_sma_trend': False, 'sma_trend_fast': 289, 'sma_trend_slow': 325, 'en_macd': True, 'macd_fast': 18, 'macd_slow': 188, 'macd_signal': 59, 'en_vwap': True, 'en_keltner': False, 'keltner_n': 79, 'keltner_m': 3.0, 'en_obv': True, 'obv_slope': 19, 'en_cci': True, 'cci_n': 55, 'cci_threshold': 265, 'en_rsi': True, 'rsi_n': 56, 'rsi_lower': 28, 'rsi_upper': 58, 'en_stochastic': True, 'stochastic_n': 6, 'stochastic_d': 49, 'stochastic_lower': 21, 'stochastic_upper': 81, 'en_mfi': False, 'mfi_n': 97, 'mfi_lower': 23, 'mfi_upper': 80, 'en_bollinger': True, 'bollinger_n': 23, 'bollinger_k': 0.7, 'en_adx': False, 'adx_n': 98, 'adx_threshold': 27, 'en_structure_trend': False, 'structure_trend_swing_l': 6, 'en_order_block': False, 'order_block_swing_l': 13, 'en_fvg': False, 'fvg_lookback': 32, 'en_ifvg': True, 'en_breaker': False, 'breaker_swing_l': 17, 'en_cisd': True, 'k': 4, 'en_cap_bars': False, 'cap_1min': 59}.
[I 2026-07-13 15:48:42,310] Trial 3136 finished with values: [-606.2341991973063, -17070.56302076808, 40.3] and parameters: {'sl_soft': 0.12686859823690344, 'sl_hard_delta': 0.021854065662955, 'tp': 0.1746086046364101, 'gate_pct': 96.1200905209727, 'dd_limit': 7.263643020862046, 'cooldown': 2, 'flip': False, 'en_ema_trend': False, 'ema_trend_fast': 116, 'ema_trend_slow': 21, 'en_sma_trend': True, 'sma_trend_fast': 153, 'sma_trend_slow': 322, 'en_macd': True, 'macd_fast': 36, 'macd_slow': 133, 'macd_signal': 12, 'en_vwap': True, 'en_keltner': True, 'keltner_n': 64, 'keltner_m': 4.4, 'en_obv': True, 'obv_slope': 96, 'en_cci': False, 'cci_n': 116, 'cci_threshold': 115, 'en_rsi': False, 'rsi_n': 57, 'rsi_lower': 15, 'rsi_upper': 60, 'en_stochastic': False, 'stochastic_n': 29, 'stochastic_d': 44, 'stochastic_lower': 7, 'stochastic_upper': 63, 'en_mfi': False, 'mfi_n': 8, 'mfi_lower': 40, 'mfi_upper': 94, 'en_bollinger': True, 'bollinger_n': 33, 'bollinger_k': 2.4000000000000004, 'en_adx': False, 'adx_n': 55, 'adx_threshold': 8, 'en_structure_trend': True, 'structure_trend_swing_l': 13, 'en_order_block': False, 'order_block_swing_l': 10, 'en_fvg': False, 'fvg_lookback': 48, 'en_ifvg': False, 'en_breaker': True, 'breaker_swing_l': 9, 'en_cisd': True, 'k': 2, 'en_cap_bars': True, 'cap_1min': 143}.
[I 2026-07-13 15:48:49,654] Trial 3137 finished with values: [1493.127209400257, -8813.877243755856, 42.9] and parameters: {'sl_soft': 0.06423559890121558, 'sl_hard_delta': 0.15275742664380385, 'tp': 0.16937546754390323, 'gate_pct': 99.55888908721671, 'dd_limit': 5.5935434980177225, 'cooldown': 1, 'flip': True, 'en_ema_trend': True, 'ema_trend_fast': 80, 'ema_trend_slow': 75, 'en_sma_trend': False, 'sma_trend_fast': 289, 'sma_trend_slow': 325, 'en_macd': True, 'macd_fast': 75, 'macd_slow': 53, 'macd_signal': 90, 'en_vwap': False, 'en_keltner': True, 'keltner_n': 72, 'keltner_m': 0.7, 'en_obv': True, 'obv_slope': 93, 'en_cci': False, 'cci_n': 51, 'cci_threshold': 25, 'en_rsi': True, 'rsi_n': 73, 'rsi_lower': 15, 'rsi_upper': 58, 'en_stochastic': True, 'stochastic_n': 6, 'stochastic_d': 28, 'stochastic_lower': 31, 'stochastic_upper': 80, 'en_mfi': False, 'mfi_n': 72, 'mfi_lower': 23, 'mfi_upper': 56, 'en_bollinger': False, 'bollinger_n': 86, 'bollinger_k': 0.7, 'en_adx': False, 'adx_n': 98, 'adx_threshold': 30, 'en_structure_trend': True, 'structure_trend_swing_l': 4, 'en_order_block': True, 'order_block_swing_l': 18, 'en_fvg': False, 'fvg_lookback': 14, 'en_ifvg': False, 'en_breaker': False, 'breaker_swing_l': 17, 'en_cisd': False, 'k': 4, 'en_cap_bars': False, 'cap_1min': 345}.
[I 2026-07-13 15:49:02,517] Trial 3138 finished with values: [681.4608269384339, -8454.91801580504, 49.05] and parameters: {'sl_soft': 0.07488558607740736, 'sl_hard_delta': 0.12271149882589488, 'tp': 0.11856093579904992, 'gate_pct': 97.87184393359011, 'dd_limit': 5.937758572987326, 'cooldown': 2, 'flip': False, 'en_ema_trend': False, 'ema_trend_fast': 213, 'ema_trend_slow': 100, 'en_sma_trend': True, 'sma_trend_fast': 81, 'sma_trend_slow': 336, 'en_macd': True, 'macd_fast': 55, 'macd_slow': 72, 'macd_signal': 6, 'en_vwap': True, 'en_keltner': True, 'keltner_n': 24, 'keltner_m': 2.3, 'en_obv': True, 'obv_slope': 69, 'en_cci': True, 'cci_n': 142, 'cci_threshold': 250, 'en_rsi': False, 'rsi_n': 78, 'rsi_lower': 49, 'rsi_upper': 63, 'en_stochastic': True, 'stochastic_n': 45, 'stochastic_d': 28, 'stochastic_lower': 26, 'stochastic_upper': 97, 'en_mfi': False, 'mfi_n': 19, 'mfi_lower': 19, 'mfi_upper': 78, 'en_bollinger': False, 'bollinger_n': 2, 'bollinger_k': 3.8000000000000003, 'en_adx': True, 'adx_n': 5, 'adx_threshold': 24, 'en_structure_trend': False, 'structure_trend_swing_l': 18, 'en_order_block': False, 'order_block_swing_l': 5, 'en_fvg': True, 'fvg_lookback': 22, 'en_ifvg': False, 'en_breaker': False, 'breaker_swing_l': 7, 'en_cisd': False, 'k': 4, 'en_cap_bars': True, 'cap_1min': 1250}.
[I 2026-07-13 15:49:05,874] Trial 3139 pruned. 
[I 2026-07-13 15:49:09,160] Trial 3140 finished with values: [-2941.5357843875786, -13491.074721600537, 43.849999999999994] and parameters: {'sl_soft': 0.06439762276669186, 'sl_hard_delta': 0.16209355299609657, 'tp': 0.1436367493169176, 'gate_pct': 97.87184393359011, 'dd_limit': 6.5154853630492955, 'cooldown': 0, 'flip': False, 'en_ema_trend': True, 'ema_trend_fast': 97, 'ema_trend_slow': 377, 'en_sma_trend': False, 'sma_trend_fast': 265, 'sma_trend_slow': 50, 'en_macd': True, 'macd_fast': 70, 'macd_slow': 127, 'macd_signal': 45, 'en_vwap': False, 'en_keltner': False, 'keltner_n': 79, 'keltner_m': 0.7, 'en_obv': True, 'obv_slope': 92, 'en_cci': True, 'cci_n': 118, 'cci_threshold': 290, 'en_rsi': True, 'rsi_n': 93, 'rsi_lower': 38, 'rsi_upper': 66, 'en_stochastic': False, 'stochastic_n': 98, 'stochastic_d': 49, 'stochastic_lower': 21, 'stochastic_upper': 81, 'en_mfi': False, 'mfi_n': 97, 'mfi_lower': 22, 'mfi_upper': 51, 'en_bollinger': False, 'bollinger_n': 69, 'bollinger_k': 1.7000000000000002, 'en_adx': False, 'adx_n': 48, 'adx_threshold': 29, 'en_structure_trend': False, 'structure_trend_swing_l': 15, 'en_order_block': True, 'order_block_swing_l': 20, 'en_fvg': True, 'fvg_lookback': 24, 'en_ifvg': True, 'en_breaker': True, 'breaker_swing_l': 2, 'en_cisd': False, 'k': 4, 'en_cap_bars': False, 'cap_1min': 59}.
[I 2026-07-13 15:49:16,780] Trial 3141 finished with values: [-683.8561419640143, -4174.2170492388195, 34.65] and parameters: {'sl_soft': 0.07922784441362493, 'sl_hard_delta': 0.05280977471915283, 'tp': 0.18978054300184755, 'gate_pct': 99.55888908721671, 'dd_limit': 6.844711394584541, 'cooldown': 6, 'flip': True, 'en_ema_trend': True, 'ema_trend_fast': 323, 'ema_trend_slow': 294, 'en_sma_trend': False, 'sma_trend_fast': 105, 'sma_trend_slow': 325, 'en_macd': True, 'macd_fast': 64, 'macd_slow': 53, 'macd_signal': 3, 'en_vwap': True, 'en_keltner': False, 'keltner_n': 43, 'keltner_m': 0.7, 'en_obv': True, 'obv_slope': 19, 'en_cci': True, 'cci_n': 7, 'cci_threshold': 145, 'en_rsi': True, 'rsi_n': 73, 'rsi_lower': 9, 'rsi_upper': 58, 'en_stochastic': True, 'stochastic_n': 6, 'stochastic_d': 43, 'stochastic_lower': 21, 'stochastic_upper': 97, 'en_mfi': False, 'mfi_n': 60, 'mfi_lower': 23, 'mfi_upper': 57, 'en_bollinger': False, 'bollinger_n': 31, 'bollinger_k': 1.1, 'en_adx': False, 'adx_n': 39, 'adx_threshold': 49, 'en_structure_trend': True, 'structure_trend_swing_l': 7, 'en_order_block': False, 'order_block_swing_l': 4, 'en_fvg': False, 'fvg_lookback': 32, 'en_ifvg': False, 'en_breaker': False, 'breaker_swing_l': 14, 'en_cisd': True, 'k': 1, 'en_cap_bars': False, 'cap_1min': 1239}.
[I 2026-07-13 15:49:18,900] Trial 3142 finished with values: [-1270.8084520463726, -4945.597055523867, 26.65] and parameters: {'sl_soft': 0.035486083657367995, 'sl_hard_delta': 0.02804193502789015, 'tp': 0.08282613433900768, 'gate_pct': 97.28704165170988, 'dd_limit': 9.029015189980312, 'cooldown': 7, 'flip': False, 'en_ema_trend': False, 'ema_trend_fast': 197, 'ema_trend_slow': 304, 'en_sma_trend': False, 'sma_trend_fast': 360, 'sma_trend_slow': 57, 'en_macd': False, 'macd_fast': 53, 'macd_slow': 161, 'macd_signal': 61, 'en_vwap': False, 'en_keltner': True, 'keltner_n': 135, 'keltner_m': 3.5, 'en_obv': True, 'obv_slope': 129, 'en_cci': True, 'cci_n': 134, 'cci_threshold': 300, 'en_rsi': False, 'rsi_n': 100, 'rsi_lower': 31, 'rsi_upper': 81, 'en_stochastic': False, 'stochastic_n': 78, 'stochastic_d': 2, 'stochastic_lower': 4, 'stochastic_upper': 78, 'en_mfi': False, 'mfi_n': 14, 'mfi_lower': 11, 'mfi_upper': 54, 'en_bollinger': True, 'bollinger_n': 134, 'bollinger_k': 4.2, 'en_adx': False, 'adx_n': 22, 'adx_threshold': 10, 'en_structure_trend': False, 'structure_trend_swing_l': 12, 'en_order_block': False, 'order_block_swing_l': 13, 'en_fvg': True, 'fvg_lookback': 45, 'en_ifvg': False, 'en_breaker': True, 'breaker_swing_l': 8, 'en_cisd': False, 'k': 3, 'en_cap_bars': False, 'cap_1min': 797}.
[I 2026-07-13 15:49:20,736] Trial 3143 finished with values: [3640.456651967823, -12187.095908883664, 37.95] and parameters: {'sl_soft': 0.06423559890121558, 'sl_hard_delta': 0.12303958310023494, 'tp': 0.20924618742695733, 'gate_pct': 99.60506126830711, 'dd_limit': 6.5154853630492955, 'cooldown': 0, 'flip': True, 'en_ema_trend': False, 'ema_trend_fast': 97, 'ema_trend_slow': 212, 'en_sma_trend': False, 'sma_trend_fast': 289, 'sma_trend_slow': 325, 'en_macd': True, 'macd_fast': 18, 'macd_slow': 127, 'macd_signal': 19, 'en_vwap': True, 'en_keltner': True, 'keltner_n': 72, 'keltner_m': 0.7, 'en_obv': True, 'obv_slope': 92, 'en_cci': True, 'cci_n': 51, 'cci_threshold': 25, 'en_rsi': True, 'rsi_n': 73, 'rsi_lower': 15, 'rsi_upper': 58, 'en_stochastic': False, 'stochastic_n': 6, 'stochastic_d': 20, 'stochastic_lower': 21, 'stochastic_upper': 80, 'en_mfi': False, 'mfi_n': 51, 'mfi_lower': 27, 'mfi_upper': 56, 'en_bollinger': False, 'bollinger_n': 69, 'bollinger_k': 0.7, 'en_adx': False, 'adx_n': 98, 'adx_threshold': 17, 'en_structure_trend': True, 'structure_trend_swing_l': 15, 'en_order_block': False, 'order_block_swing_l': 18, 'en_fvg': True, 'fvg_lookback': 14, 'en_ifvg': False, 'en_breaker': False, 'breaker_swing_l': 13, 'en_cisd': False, 'k': 4, 'en_cap_bars': False, 'cap_1min': 59}.
[I 2026-07-13 15:49:22,203] Trial 3144 finished with values: [1417.307500235374, -8432.927295061674, 34.75] and parameters: {'sl_soft': 0.02949052716025995, 'sl_hard_delta': 0.10879162926439315, 'tp': 0.16369789677360067, 'gate_pct': 99.12973389262724, 'dd_limit': 2.4528084273798805, 'cooldown': 2, 'flip': True, 'en_ema_trend': False, 'ema_trend_fast': 66, 'ema_trend_slow': 165, 'en_sma_trend': False, 'sma_trend_fast': 198, 'sma_trend_slow': 319, 'en_macd': False, 'macd_fast': 57, 'macd_slow': 3, 'macd_signal': 73, 'en_vwap': False, 'en_keltner': False, 'keltner_n': 173, 'keltner_m': 2.1, 'en_obv': True, 'obv_slope': 129, 'en_cci': True, 'cci_n': 134, 'cci_threshold': 140, 'en_rsi': False, 'rsi_n': 95, 'rsi_lower': 31, 'rsi_upper': 58, 'en_stochastic': False, 'stochastic_n': 82, 'stochastic_d': 6, 'stochastic_lower': 37, 'stochastic_upper': 78, 'en_mfi': True, 'mfi_n': 27, 'mfi_lower': 11, 'mfi_upper': 53, 'en_bollinger': True, 'bollinger_n': 155, 'bollinger_k': 4.2, 'en_adx': False, 'adx_n': 22, 'adx_threshold': 25, 'en_structure_trend': False, 'structure_trend_swing_l': 20, 'en_order_block': False, 'order_block_swing_l': 10, 'en_fvg': True, 'fvg_lookback': 19, 'en_ifvg': False, 'en_breaker': False, 'breaker_swing_l': 18, 'en_cisd': False, 'k': 2, 'en_cap_bars': True, 'cap_1min': 1353}.
[I 2026-07-13 15:49:27,415] Trial 3145 finished with values: [-1796.2234705447427, -9227.992888827359, 28.950000000000003] and parameters: {'sl_soft': 0.04169673219430155, 'sl_hard_delta': 0.08529109144375084, 'tp': 0.2450930868194452, 'gate_pct': 99.16215050807807, 'dd_limit': 0.4513858738163641, 'cooldown': 3, 'flip': True, 'en_ema_trend': True, 'ema_trend_fast': 270, 'ema_trend_slow': 391, 'en_sma_trend': False, 'sma_trend_fast': 120, 'sma_trend_slow': 379, 'en_macd': False, 'macd_fast': 38, 'macd_slow': 88, 'macd_signal': 50, 'en_vwap': True, 'en_keltner': False, 'keltner_n': 59, 'keltner_m': 0.8, 'en_obv': False, 'obv_slope': 162, 'en_cci': True, 'cci_n': 78, 'cci_threshold': 50, 'en_rsi': False, 'rsi_n': 41, 'rsi_lower': 20, 'rsi_upper': 95, 'en_stochastic': True, 'stochastic_n': 27, 'stochastic_d': 16, 'stochastic_lower': 27, 'stochastic_upper': 94, 'en_mfi': False, 'mfi_n': 6, 'mfi_lower': 42, 'mfi_upper': 51, 'en_bollinger': False, 'bollinger_n': 172, 'bollinger_k': 1.7000000000000002, 'en_adx': False, 'adx_n': 30, 'adx_threshold': 42, 'en_structure_trend': False, 'structure_trend_swing_l': 1, 'en_order_block': True, 'order_block_swing_l': 7, 'en_fvg': False, 'fvg_lookback': 50, 'en_ifvg': False, 'en_breaker': False, 'breaker_swing_l': 19, 'en_cisd': True, 'k': 2, 'en_cap_bars': False, 'cap_1min': 1339}.
