[I 2026-07-13 15:55:52,135] Trial 3305 finished with values: [924.4242203624074, -1753.8514226145453, 55.0] and parameters: {'sl_soft': 0.07488558607740736, 'sl_hard_delta': 0.04269284514679842, 'tp': 0.11856093579904992, 'gate_pct': 99.43810192295578, 'dd_limit': 3.021375135532224, 'cooldown': 2, 'flip': True, 'en_ema_trend': False, 'ema_trend_fast': 97, 'ema_trend_slow': 377, 'en_sma_trend': True, 'sma_trend_fast': 44, 'sma_trend_slow': 336, 'en_macd': True, 'macd_fast': 56, 'macd_slow': 125, 'macd_signal': 6, 'en_vwap': True, 'en_keltner': True, 'keltner_n': 123, 'keltner_m': 2.3, 'en_obv': False, 'obv_slope': 92, 'en_cci': False, 'cci_n': 21, 'cci_threshold': 130, 'en_rsi': False, 'rsi_n': 71, 'rsi_lower': 18, 'rsi_upper': 94, 'en_stochastic': True, 'stochastic_n': 98, 'stochastic_d': 25, 'stochastic_lower': 21, 'stochastic_upper': 66, 'en_mfi': False, 'mfi_n': 98, 'mfi_lower': 27, 'mfi_upper': 78, 'en_bollinger': False, 'bollinger_n': 133, 'bollinger_k': 1.0, 'en_adx': True, 'adx_n': 12, 'adx_threshold': 13, 'en_structure_trend': False, 'structure_trend_swing_l': 4, 'en_order_block': False, 'order_block_swing_l': 20, 'en_fvg': True, 'fvg_lookback': 7, 'en_ifvg': True, 'en_breaker': True, 'breaker_swing_l': 20, 'en_cisd': False, 'k': 1, 'en_cap_bars': True, 'cap_1min': 1271}.
[I 2026-07-13 15:55:58,984] Trial 3306 finished with values: [40.21591464589136, -3741.9896405090467, 25.6] and parameters: {'sl_soft': 0.06439762276669186, 'sl_hard_delta': 0.010442170043487192, 'tp': 0.18978054300184755, 'gate_pct': 99.60506126830711, 'dd_limit': 7.364744278329123, 'cooldown': 6, 'flip': True, 'en_ema_trend': False, 'ema_trend_fast': 323, 'ema_trend_slow': 294, 'en_sma_trend': True, 'sma_trend_fast': 331, 'sma_trend_slow': 379, 'en_macd': True, 'macd_fast': 38, 'macd_slow': 91, 'macd_signal': 3, 'en_vwap': True, 'en_keltner': False, 'keltner_n': 60, 'keltner_m': 2.8000000000000003, 'en_obv': True, 'obv_slope': 162, 'en_cci': True, 'cci_n': 7, 'cci_threshold': 50, 'en_rsi': False, 'rsi_n': 74, 'rsi_lower': 18, 'rsi_upper': 94, 'en_stochastic': True, 'stochastic_n': 27, 'stochastic_d': 22, 'stochastic_lower': 27, 'stochastic_upper': 94, 'en_mfi': False, 'mfi_n': 97, 'mfi_lower': 27, 'mfi_upper': 51, 'en_bollinger': False, 'bollinger_n': 172, 'bollinger_k': 1.0, 'en_adx': False, 'adx_n': 35, 'adx_threshold': 42, 'en_structure_trend': True, 'structure_trend_swing_l': 1, 'en_order_block': False, 'order_block_swing_l': 4, 'en_fvg': False, 'fvg_lookback': 24, 'en_ifvg': True, 'en_breaker': False, 'breaker_swing_l': 13, 'en_cisd': False, 'k': 4, 'en_cap_bars': False, 'cap_1min': 1243}.
[I 2026-07-13 15:55:59,787] Trial 3307 finished with values: [-676.1017410996039, -15684.842990295005, 50.85] and parameters: {'sl_soft': 0.07488558607740736, 'sl_hard_delta': 0.14143713653322113, 'tp': 0.11856093579904992, 'gate_pct': 97.00844078669539, 'dd_limit': 7.364744278329123, 'cooldown': 1, 'flip': False, 'en_ema_trend': True, 'ema_trend_fast': 23, 'ema_trend_slow': 133, 'en_sma_trend': True, 'sma_trend_fast': 331, 'sma_trend_slow': 336, 'en_macd': False, 'macd_fast': 55, 'macd_slow': 88, 'macd_signal': 76, 'en_vwap': False, 'en_keltner': True, 'keltner_n': 60, 'keltner_m': 0.8, 'en_obv': False, 'obv_slope': 13, 'en_cci': True, 'cci_n': 78, 'cci_threshold': 45, 'en_rsi': False, 'rsi_n': 14, 'rsi_lower': 5, 'rsi_upper': 63, 'en_stochastic': False, 'stochastic_n': 27, 'stochastic_d': 43, 'stochastic_lower': 27, 'stochastic_upper': 94, 'en_mfi': False, 'mfi_n': 56, 'mfi_lower': 47, 'mfi_upper': 78, 'en_bollinger': True, 'bollinger_n': 172, 'bollinger_k': 3.8000000000000003, 'en_adx': False, 'adx_n': 5, 'adx_threshold': 10, 'en_structure_trend': False, 'structure_trend_swing_l': 2, 'en_order_block': False, 'order_block_swing_l': 5, 'en_fvg': True, 'fvg_lookback': 40, 'en_ifvg': True, 'en_breaker': False, 'breaker_swing_l': 7, 'en_cisd': True, 'k': 4, 'en_cap_bars': False, 'cap_1min': 495}.
[I 2026-07-13 15:56:02,347] Trial 3308 finished with values: [74.98981578217854, -13783.971547793524, 67.9] and parameters: {'sl_soft': 0.044871321643129375, 'sl_hard_delta': 0.12271149882589488, 'tp': 0.045225196144253445, 'gate_pct': 99.86430067299344, 'dd_limit': 0.5242871576912017, 'cooldown': 1, 'flip': True, 'en_ema_trend': False, 'ema_trend_fast': 77, 'ema_trend_slow': 294, 'en_sma_trend': False, 'sma_trend_fast': 44, 'sma_trend_slow': 200, 'en_macd': True, 'macd_fast': 76, 'macd_slow': 72, 'macd_signal': 13, 'en_vwap': True, 'en_keltner': False, 'keltner_n': 24, 'keltner_m': 2.8000000000000003, 'en_obv': True, 'obv_slope': 93, 'en_cci': True, 'cci_n': 142, 'cci_threshold': 265, 'en_rsi': True, 'rsi_n': 7, 'rsi_lower': 9, 'rsi_upper': 61, 'en_stochastic': False, 'stochastic_n': 45, 'stochastic_d': 5, 'stochastic_lower': 42, 'stochastic_upper': 86, 'en_mfi': False, 'mfi_n': 51, 'mfi_lower': 27, 'mfi_upper': 71, 'en_bollinger': False, 'bollinger_n': 103, 'bollinger_k': 2.4000000000000004, 'en_adx': False, 'adx_n': 98, 'adx_threshold': 24, 'en_structure_trend': False, 'structure_trend_swing_l': 4, 'en_order_block': True, 'order_block_swing_l': 11, 'en_fvg': True, 'fvg_lookback': 7, 'en_ifvg': False, 'en_breaker': True, 'breaker_swing_l': 20, 'en_cisd': False, 'k': 4, 'en_cap_bars': False, 'cap_1min': 1250}.
[I 2026-07-13 15:56:04,881] Trial 3309 finished with values: [1645.5952327732962, -8014.206102604008, 49.0] and parameters: {'sl_soft': 0.06439762276669186, 'sl_hard_delta': 0.16209355299609657, 'tp': 0.11965293792891196, 'gate_pct': 97.66578486655469, 'dd_limit': 5.319419455229414, 'cooldown': 0, 'flip': True, 'en_ema_trend': True, 'ema_trend_fast': 334, 'ema_trend_slow': 214, 'en_sma_trend': False, 'sma_trend_fast': 108, 'sma_trend_slow': 319, 'en_macd': True, 'macd_fast': 10, 'macd_slow': 188, 'macd_signal': 61, 'en_vwap': False, 'en_keltner': False, 'keltner_n': 135, 'keltner_m': 0.7, 'en_obv': True, 'obv_slope': 129, 'en_cci': True, 'cci_n': 134, 'cci_threshold': 145, 'en_rsi': False, 'rsi_n': 95, 'rsi_lower': 31, 'rsi_upper': 75, 'en_stochastic': False, 'stochastic_n': 82, 'stochastic_d': 17, 'stochastic_lower': 4, 'stochastic_upper': 81, 'en_mfi': True, 'mfi_n': 8, 'mfi_lower': 16, 'mfi_upper': 51, 'en_bollinger': True, 'bollinger_n': 169, 'bollinger_k': 4.2, 'en_adx': False, 'adx_n': 22, 'adx_threshold': 47, 'en_structure_trend': False, 'structure_trend_swing_l': 15, 'en_order_block': False, 'order_block_swing_l': 4, 'en_fvg': True, 'fvg_lookback': 19, 'en_ifvg': False, 'en_breaker': False, 'breaker_swing_l': 18, 'en_cisd': False, 'k': 3, 'en_cap_bars': False, 'cap_1min': 59}.
[I 2026-07-13 15:56:10,066] Trial 3310 finished with values: [160.3539051986402, -1025.000000000027, 71.4] and parameters: {'sl_soft': 0.08345559528832464, 'sl_hard_delta': 0.10879162926439315, 'tp': 0.04490461800882547, 'gate_pct': 99.12973389262724, 'dd_limit': 2.4528084273798805, 'cooldown': 2, 'flip': True, 'en_ema_trend': False, 'ema_trend_fast': 270, 'ema_trend_slow': 391, 'en_sma_trend': False, 'sma_trend_fast': 198, 'sma_trend_slow': 319, 'en_macd': False, 'macd_fast': 57, 'macd_slow': 3, 'macd_signal': 73, 'en_vwap': False, 'en_keltner': False, 'keltner_n': 173, 'keltner_m': 4.5, 'en_obv': False, 'obv_slope': 129, 'en_cci': True, 'cci_n': 134, 'cci_threshold': 140, 'en_rsi': False, 'rsi_n': 60, 'rsi_lower': 31, 'rsi_upper': 58, 'en_stochastic': True, 'stochastic_n': 82, 'stochastic_d': 6, 'stochastic_lower': 37, 'stochastic_upper': 75, 'en_mfi': False, 'mfi_n': 27, 'mfi_lower': 38, 'mfi_upper': 53, 'en_bollinger': True, 'bollinger_n': 83, 'bollinger_k': 0.9, 'en_adx': False, 'adx_n': 22, 'adx_threshold': 25, 'en_structure_trend': False, 'structure_trend_swing_l': 20, 'en_order_block': True, 'order_block_swing_l': 10, 'en_fvg': False, 'fvg_lookback': 9, 'en_ifvg': False, 'en_breaker': False, 'breaker_swing_l': 19, 'en_cisd': True, 'k': 2, 'en_cap_bars': False, 'cap_1min': 1353}.
[I 2026-07-13 15:56:11,989] Trial 3311 finished with values: [-1368.7361489787063, -8390.670609692526, 45.85] and parameters: {'sl_soft': 0.12251964557263084, 'sl_hard_delta': 0.044576992423203524, 'tp': 0.18978054300184755, 'gate_pct': 99.55888908721671, 'dd_limit': 6.844711394584541, 'cooldown': 2, 'flip': True, 'en_ema_trend': True, 'ema_trend_fast': 323, 'ema_trend_slow': 294, 'en_sma_trend': True, 'sma_trend_fast': 105, 'sma_trend_slow': 325, 'en_macd': True, 'macd_fast': 64, 'macd_slow': 53, 'macd_signal': 48, 'en_vwap': True, 'en_keltner': False, 'keltner_n': 43, 'keltner_m': 0.7, 'en_obv': True, 'obv_slope': 19, 'en_cci': True, 'cci_n': 118, 'cci_threshold': 130, 'en_rsi': False, 'rsi_n': 77, 'rsi_lower': 9, 'rsi_upper': 58, 'en_stochastic': False, 'stochastic_n': 87, 'stochastic_d': 28, 'stochastic_lower': 21, 'stochastic_upper': 97, 'en_mfi': False, 'mfi_n': 14, 'mfi_lower': 22, 'mfi_upper': 57, 'en_bollinger': False, 'bollinger_n': 31, 'bollinger_k': 1.1, 'en_adx': False, 'adx_n': 39, 'adx_threshold': 29, 'en_structure_trend': True, 'structure_trend_swing_l': 18, 'en_order_block': False, 'order_block_swing_l': 5, 'en_fvg': False, 'fvg_lookback': 22, 'en_ifvg': False, 'en_breaker': False, 'breaker_swing_l': 14, 'en_cisd': True, 'k': 4, 'en_cap_bars': False, 'cap_1min': 1239}.
[I 2026-07-13 15:56:12,834] Trial 3312 finished with values: [1972.2726892564435, -12305.020766617603, 40.75] and parameters: {'sl_soft': 0.07922784441362493, 'sl_hard_delta': 0.10879162926439315, 'tp': 0.16369789677360067, 'gate_pct': 93.79805140335328, 'dd_limit': 0.5242871576912017, 'cooldown': 1, 'flip': True, 'en_ema_trend': False, 'ema_trend_fast': 66, 'ema_trend_slow': 75, 'en_sma_trend': False, 'sma_trend_fast': 198, 'sma_trend_slow': 325, 'en_macd': True, 'macd_fast': 75, 'macd_slow': 3, 'macd_signal': 73, 'en_vwap': False, 'en_keltner': False, 'keltner_n': 173, 'keltner_m': 2.1, 'en_obv': True, 'obv_slope': 19, 'en_cci': True, 'cci_n': 134, 'cci_threshold': 265, 'en_rsi': True, 'rsi_n': 73, 'rsi_lower': 15, 'rsi_upper': 58, 'en_stochastic': False, 'stochastic_n': 82, 'stochastic_d': 48, 'stochastic_lower': 21, 'stochastic_upper': 78, 'en_mfi': False, 'mfi_n': 72, 'mfi_lower': 23, 'mfi_upper': 80, 'en_bollinger': False, 'bollinger_n': 31, 'bollinger_k': 4.2, 'en_adx': False, 'adx_n': 98, 'adx_threshold': 27, 'en_structure_trend': False, 'structure_trend_swing_l': 20, 'en_order_block': False, 'order_block_swing_l': 13, 'en_fvg': False, 'fvg_lookback': 19, 'en_ifvg': False, 'en_breaker': False, 'breaker_swing_l': 18, 'en_cisd': True, 'k': 2, 'en_cap_bars': False, 'cap_1min': 693}.
[I 2026-07-13 15:56:13,938] Trial 3313 pruned. 
[I 2026-07-13 15:56:16,050] Trial 3314 finished with values: [-6451.591567881572, -12602.680953343399, 69.94999999999999] and parameters: {'sl_soft': 0.07922784441362493, 'sl_hard_delta': 0.12271149882589488, 'tp': 0.045225196144253445, 'gate_pct': 99.86430067299344, 'dd_limit': 0.5242871576912017, 'cooldown': 1, 'flip': True, 'en_ema_trend': False, 'ema_trend_fast': 77, 'ema_trend_slow': 294, 'en_sma_trend': False, 'sma_trend_fast': 204, 'sma_trend_slow': 325, 'en_macd': True, 'macd_fast': 75, 'macd_slow': 132, 'macd_signal': 13, 'en_vwap': True, 'en_keltner': False, 'keltner_n': 43, 'keltner_m': 2.8000000000000003, 'en_obv': True, 'obv_slope': 69, 'en_cci': False, 'cci_n': 142, 'cci_threshold': 280, 'en_rsi': True, 'rsi_n': 73, 'rsi_lower': 9, 'rsi_upper': 61, 'en_stochastic': False, 'stochastic_n': 6, 'stochastic_d': 5, 'stochastic_lower': 21, 'stochastic_upper': 86, 'en_mfi': False, 'mfi_n': 72, 'mfi_lower': 23, 'mfi_upper': 80, 'en_bollinger': False, 'bollinger_n': 103, 'bollinger_k': 0.7, 'en_adx': False, 'adx_n': 47, 'adx_threshold': 24, 'en_structure_trend': False, 'structure_trend_swing_l': 6, 'en_order_block': True, 'order_block_swing_l': 11, 'en_fvg': True, 'fvg_lookback': 32, 'en_ifvg': False, 'en_breaker': False, 'breaker_swing_l': 14, 'en_cisd': True, 'k': 4, 'en_cap_bars': False, 'cap_1min': 693}.
[I 2026-07-13 15:56:16,960] Trial 3315 pruned. 
[I 2026-07-13 15:56:17,824] Trial 3316 pruned. 
[I 2026-07-13 15:56:18,933] Trial 3317 finished with values: [-947.7614507039349, -4044.8735513321317, 56.650000000000006] and parameters: {'sl_soft': 0.13648397518861563, 'sl_hard_delta': 0.15334514402254495, 'tp': 0.11042720447236243, 'gate_pct': 99.52194572971088, 'dd_limit': 7.364744278329123, 'cooldown': 5, 'flip': True, 'en_ema_trend': True, 'ema_trend_fast': 195, 'ema_trend_slow': 133, 'en_sma_trend': True, 'sma_trend_fast': 44, 'sma_trend_slow': 200, 'en_macd': True, 'macd_fast': 38, 'macd_slow': 72, 'macd_signal': 45, 'en_vwap': True, 'en_keltner': True, 'keltner_n': 24, 'keltner_m': 0.5, 'en_obv': False, 'obv_slope': 72, 'en_cci': False, 'cci_n': 78, 'cci_threshold': 50, 'en_rsi': False, 'rsi_n': 93, 'rsi_lower': 30, 'rsi_upper': 66, 'en_stochastic': False, 'stochastic_n': 55, 'stochastic_d': 28, 'stochastic_lower': 1, 'stochastic_upper': 91, 'en_mfi': False, 'mfi_n': 19, 'mfi_lower': 35, 'mfi_upper': 73, 'en_bollinger': False, 'bollinger_n': 139, 'bollinger_k': 2.8000000000000003, 'en_adx': False, 'adx_n': 32, 'adx_threshold': 49, 'en_structure_trend': True, 'structure_trend_swing_l': 17, 'en_order_block': True, 'order_block_swing_l': 11, 'en_fvg': False, 'fvg_lookback': 7, 'en_ifvg': True, 'en_breaker': True, 'breaker_swing_l': 15, 'en_cisd': True, 'k': 4, 'en_cap_bars': False, 'cap_1min': 495}.
[I 2026-07-13 15:56:21,781] Trial 3318 pruned. 
[I 2026-07-13 15:56:27,972] Trial 3319 finished with values: [168.68065806823654, -2298.191998449113, 71.4] and parameters: {'sl_soft': 0.09561626693152817, 'sl_hard_delta': 0.010442170043487192, 'tp': 0.04417805554007266, 'gate_pct': 96.03464624110227, 'dd_limit': 8.747350770951359, 'cooldown': 0, 'flip': True, 'en_ema_trend': False, 'ema_trend_fast': 113, 'ema_trend_slow': 3, 'en_sma_trend': False, 'sma_trend_fast': 265, 'sma_trend_slow': 356, 'en_macd': False, 'macd_fast': 70, 'macd_slow': 133, 'macd_signal': 21, 'en_vwap': False, 'en_keltner': False, 'keltner_n': 22, 'keltner_m': 0.5, 'en_obv': True, 'obv_slope': 92, 'en_cci': True, 'cci_n': 2, 'cci_threshold': 255, 'en_rsi': True, 'rsi_n': 71, 'rsi_lower': 18, 'rsi_upper': 78, 'en_stochastic': True, 'stochastic_n': 46, 'stochastic_d': 43, 'stochastic_lower': 22, 'stochastic_upper': 78, 'en_mfi': False, 'mfi_n': 97, 'mfi_lower': 27, 'mfi_upper': 79, 'en_bollinger': False, 'bollinger_n': 128, 'bollinger_k': 0.5, 'en_adx': False, 'adx_n': 48, 'adx_threshold': 17, 'en_structure_trend': True, 'structure_trend_swing_l': 1, 'en_order_block': False, 'order_block_swing_l': 5, 'en_fvg': True, 'fvg_lookback': 40, 'en_ifvg': True, 'en_breaker': False, 'breaker_swing_l': 3, 'en_cisd': False, 'k': 3, 'en_cap_bars': True, 'cap_1min': 839}.
[I 2026-07-13 15:56:28,410] Trial 3320 finished with values: [-334.8109282637423, -6035.660682759634, 71.35] and parameters: {'sl_soft': 0.07922784441362493, 'sl_hard_delta': 0.12271149882589488, 'tp': 0.045225196144253445, 'gate_pct': 99.55888908721671, 'dd_limit': 6.844711394584541, 'cooldown': 6, 'flip': True, 'en_ema_trend': False, 'ema_trend_fast': 323, 'ema_trend_slow': 294, 'en_sma_trend': False, 'sma_trend_fast': 204, 'sma_trend_slow': 325, 'en_macd': True, 'macd_fast': 64, 'macd_slow': 53, 'macd_signal': 3, 'en_vwap': True, 'en_keltner': False, 'keltner_n': 43, 'keltner_m': 2.8000000000000003, 'en_obv': True, 'obv_slope': 19, 'en_cci': True, 'cci_n': 142, 'cci_threshold': 280, 'en_rsi': True, 'rsi_n': 73, 'rsi_lower': 9, 'rsi_upper': 58, 'en_stochastic': False, 'stochastic_n': 6, 'stochastic_d': 43, 'stochastic_lower': 21, 'stochastic_upper': 97, 'en_mfi': False, 'mfi_n': 60, 'mfi_lower': 31, 'mfi_upper': 71, 'en_bollinger': False, 'bollinger_n': 103, 'bollinger_k': 1.8, 'en_adx': False, 'adx_n': 47, 'adx_threshold': 24, 'en_structure_trend': True, 'structure_trend_swing_l': 7, 'en_order_block': False, 'order_block_swing_l': 4, 'en_fvg': True, 'fvg_lookback': 38, 'en_ifvg': False, 'en_breaker': True, 'breaker_swing_l': 14, 'en_cisd': False, 'k': 4, 'en_cap_bars': False, 'cap_1min': 1239}.
[I 2026-07-13 15:56:30,260] Trial 3321 finished with values: [387.8528275118678, -4417.485325135999, 51.650000000000006] and parameters: {'sl_soft': 0.06439762276669186, 'sl_hard_delta': 0.16209355299609657, 'tp': 0.11965293792891196, 'gate_pct': 99.60506126830711, 'dd_limit': 5.319419455229414, 'cooldown': 0, 'flip': True, 'en_ema_trend': True, 'ema_trend_fast': 79, 'ema_trend_slow': 75, 'en_sma_trend': True, 'sma_trend_fast': 289, 'sma_trend_slow': 117, 'en_macd': True, 'macd_fast': 75, 'macd_slow': 188, 'macd_signal': 98, 'en_vwap': False, 'en_keltner': False, 'keltner_n': 43, 'keltner_m': 0.7, 'en_obv': True, 'obv_slope': 198, 'en_cci': False, 'cci_n': 72, 'cci_threshold': 265, 'en_rsi': True, 'rsi_n': 56, 'rsi_lower': 15, 'rsi_upper': 75, 'en_stochastic': False, 'stochastic_n': 6, 'stochastic_d': 49, 'stochastic_lower': 21, 'stochastic_upper': 80, 'en_mfi': True, 'mfi_n': 97, 'mfi_lower': 23, 'mfi_upper': 51, 'en_bollinger': True, 'bollinger_n': 23, 'bollinger_k': 0.7, 'en_adx': False, 'adx_n': 11, 'adx_threshold': 27, 'en_structure_trend': False, 'structure_trend_swing_l': 6, 'en_order_block': False, 'order_block_swing_l': 13, 'en_fvg': True, 'fvg_lookback': 32, 'en_ifvg': False, 'en_breaker': False, 'breaker_swing_l': 13, 'en_cisd': True, 'k': 4, 'en_cap_bars': False, 'cap_1min': 59}.
[I 2026-07-13 15:56:34,373] Trial 3322 finished with values: [162.27795257787386, -5335.226481822843, 53.45] and parameters: {'sl_soft': 0.04100880279024977, 'sl_hard_delta': 0.18214915788981723, 'tp': 0.11105865463556486, 'gate_pct': 98.80229380351075, 'dd_limit': 9.029015189980312, 'cooldown': 2, 'flip': True, 'en_ema_trend': True, 'ema_trend_fast': 24, 'ema_trend_slow': 133, 'en_sma_trend': True, 'sma_trend_fast': 331, 'sma_trend_slow': 28, 'en_macd': True, 'macd_fast': 38, 'macd_slow': 114, 'macd_signal': 61, 'en_vwap': True, 'en_keltner': True, 'keltner_n': 60, 'keltner_m': 1.4, 'en_obv': True, 'obv_slope': 76, 'en_cci': True, 'cci_n': 78, 'cci_threshold': 170, 'en_rsi': False, 'rsi_n': 95, 'rsi_lower': 5, 'rsi_upper': 74, 'en_stochastic': False, 'stochastic_n': 27, 'stochastic_d': 6, 'stochastic_lower': 27, 'stochastic_upper': 94, 'en_mfi': False, 'mfi_n': 14, 'mfi_lower': 42, 'mfi_upper': 69, 'en_bollinger': True, 'bollinger_n': 172, 'bollinger_k': 0.5, 'en_adx': False, 'adx_n': 22, 'adx_threshold': 38, 'en_structure_trend': False, 'structure_trend_swing_l': 1, 'en_order_block': True, 'order_block_swing_l': 18, 'en_fvg': False, 'fvg_lookback': 45, 'en_ifvg': False, 'en_breaker': False, 'breaker_swing_l': 17, 'en_cisd': True, 'k': 1, 'en_cap_bars': False, 'cap_1min': 797}.
[I 2026-07-13 15:56:35,943] Trial 3323 finished with values: [-585.782185317569, -12229.819809734217, 27.95] and parameters: {'sl_soft': 0.028881128668712973, 'sl_hard_delta': 0.16805834987911447, 'tp': 0.17919529691137454, 'gate_pct': 92.04638185231262, 'dd_limit': 1.2256325546234672, 'cooldown': 2, 'flip': False, 'en_ema_trend': False, 'ema_trend_fast': 77, 'ema_trend_slow': 260, 'en_sma_trend': True, 'sma_trend_fast': 360, 'sma_trend_slow': 35, 'en_macd': True, 'macd_fast': 18, 'macd_slow': 72, 'macd_signal': 34, 'en_vwap': True, 'en_keltner': False, 'keltner_n': 99, 'keltner_m': 2.8000000000000003, 'en_obv': True, 'obv_slope': 135, 'en_cci': False, 'cci_n': 21, 'cci_threshold': 300, 'en_rsi': False, 'rsi_n': 15, 'rsi_lower': 39, 'rsi_upper': 73, 'en_stochastic': False, 'stochastic_n': 62, 'stochastic_d': 7, 'stochastic_lower': 18, 'stochastic_upper': 91, 'en_mfi': False, 'mfi_n': 76, 'mfi_lower': 27, 'mfi_upper': 54, 'en_bollinger': False, 'bollinger_n': 69, 'bollinger_k': 2.4000000000000004, 'en_adx': False, 'adx_n': 42, 'adx_threshold': 17, 'en_structure_trend': False, 'structure_trend_swing_l': 9, 'en_order_block': False, 'order_block_swing_l': 20, 'en_fvg': True, 'fvg_lookback': 2, 'en_ifvg': False, 'en_breaker': True, 'breaker_swing_l': 3, 'en_cisd': False, 'k': 1, 'en_cap_bars': False, 'cap_1min': 1271}.
[I 2026-07-13 15:56:36,203] Trial 3324 finished with values: [1175.1777049707002, -3103.9119135719775, 48.2] and parameters: {'sl_soft': 0.08525695814924801, 'sl_hard_delta': 0.10879162926439315, 'tp': 0.15541196694019616, 'gate_pct': 99.12973389262724, 'dd_limit': 4.116108339342792, 'cooldown': 2, 'flip': True, 'en_ema_trend': False, 'ema_trend_fast': 66, 'ema_trend_slow': 165, 'en_sma_trend': False, 'sma_trend_fast': 109, 'sma_trend_slow': 218, 'en_macd': False, 'macd_fast': 57, 'macd_slow': 51, 'macd_signal': 73, 'en_vwap': True, 'en_keltner': False, 'keltner_n': 173, 'keltner_m': 4.5, 'en_obv': True, 'obv_slope': 106, 'en_cci': False, 'cci_n': 60, 'cci_threshold': 140, 'en_rsi': False, 'rsi_n': 60, 'rsi_lower': 29, 'rsi_upper': 77, 'en_stochastic': True, 'stochastic_n': 79, 'stochastic_d': 6, 'stochastic_lower': 37, 'stochastic_upper': 75, 'en_mfi': False, 'mfi_n': 27, 'mfi_lower': 19, 'mfi_upper': 53, 'en_bollinger': True, 'bollinger_n': 83, 'bollinger_k': 0.9, 'en_adx': False, 'adx_n': 92, 'adx_threshold': 25, 'en_structure_trend': False, 'structure_trend_swing_l': 20, 'en_order_block': False, 'order_block_swing_l': 10, 'en_fvg': True, 'fvg_lookback': 23, 'en_ifvg': False, 'en_breaker': False, 'breaker_swing_l': 18, 'en_cisd': False, 'k': 2, 'en_cap_bars': True, 'cap_1min': 1353}.
