[I 2026-07-13 15:06:29,912] Trial 1287 pruned. 
[I 2026-07-13 15:06:30,933] Trial 1288 pruned. 
[I 2026-07-13 15:06:32,251] Trial 1289 pruned. 
[I 2026-07-13 15:06:33,404] Trial 1290 pruned. 
[I 2026-07-13 15:06:35,349] Trial 1291 pruned. 
[I 2026-07-13 15:06:36,325] Trial 1292 pruned. 
[I 2026-07-13 15:06:37,766] Trial 1293 pruned. 
[I 2026-07-13 15:06:40,429] Trial 1294 pruned. 
[I 2026-07-13 15:06:40,820] Trial 1295 pruned. 
[I 2026-07-13 15:06:41,552] Trial 1296 pruned. 
[I 2026-07-13 15:06:43,350] Trial 1297 pruned. 
[I 2026-07-13 15:06:43,974] Trial 1298 pruned. 
[I 2026-07-13 15:06:46,283] Trial 1299 pruned. 
[I 2026-07-13 15:06:47,539] Trial 1300 pruned. 
[I 2026-07-13 15:06:48,551] Trial 1301 pruned. 
[I 2026-07-13 15:06:54,847] Trial 1302 finished with values: [62.05645850091207, -2244.6872535720886, 69.7] and parameters: {'sl_soft': 0.08345559528832464, 'sl_hard_delta': 0.08529109144375084, 'tp': 0.04490461800882547, 'gate_pct': 99.16215050807807, 'dd_limit': 0.4513858738163641, 'cooldown': 3, 'flip': True, 'en_ema_trend': True, 'ema_trend_fast': 270, 'ema_trend_slow': 391, 'en_sma_trend': False, 'sma_trend_fast': 120, 'sma_trend_slow': 232, 'en_macd': False, 'macd_fast': 4, 'macd_slow': 126, 'macd_signal': 50, 'en_vwap': False, 'en_keltner': False, 'keltner_n': 59, 'keltner_m': 1.5, 'en_obv': False, 'obv_slope': 38, 'en_cci': True, 'cci_n': 84, 'cci_threshold': 45, 'en_rsi': True, 'rsi_n': 41, 'rsi_lower': 20, 'rsi_upper': 95, 'en_stochastic': True, 'stochastic_n': 88, 'stochastic_d': 16, 'stochastic_lower': 27, 'stochastic_upper': 68, 'en_mfi': False, 'mfi_n': 6, 'mfi_lower': 38, 'mfi_upper': 51, 'en_bollinger': False, 'bollinger_n': 54, 'bollinger_k': 1.7000000000000002, 'en_adx': False, 'adx_n': 30, 'adx_threshold': 51, 'en_structure_trend': True, 'structure_trend_swing_l': 9, 'en_order_block': True, 'order_block_swing_l': 7, 'en_fvg': False, 'fvg_lookback': 9, 'en_ifvg': False, 'en_breaker': True, 'breaker_swing_l': 19, 'en_cisd': True, 'k': 2, 'en_cap_bars': False, 'cap_1min': 1339}.
[I 2026-07-13 15:06:55,543] Trial 1303 pruned. 
[I 2026-07-13 15:06:57,274] Trial 1304 pruned. 
[I 2026-07-13 15:06:59,206] Trial 1305 pruned. 
[I 2026-07-13 15:06:59,917] Trial 1306 pruned. 
[I 2026-07-13 15:07:01,333] Trial 1307 pruned. 
[I 2026-07-13 15:07:01,805] Trial 1308 pruned. 
[I 2026-07-13 15:07:02,813] Trial 1309 pruned. 
[I 2026-07-13 15:07:06,194] Trial 1310 pruned. 
[I 2026-07-13 15:07:07,419] Trial 1311 pruned. 
[I 2026-07-13 15:07:08,274] Trial 1312 pruned. 
[I 2026-07-13 15:07:08,873] Trial 1313 pruned. 
[I 2026-07-13 15:07:10,199] Trial 1314 pruned. 
[I 2026-07-13 15:07:10,615] Trial 1315 pruned. 
[I 2026-07-13 15:07:13,853] Trial 1316 pruned. 
[I 2026-07-13 15:07:15,314] Trial 1317 pruned. 
[I 2026-07-13 15:07:16,395] Trial 1318 pruned. 
[I 2026-07-13 15:07:17,477] Trial 1319 pruned. 
[I 2026-07-13 15:07:17,633] Trial 1320 pruned. 
[I 2026-07-13 15:07:17,869] Trial 1321 pruned. 
[I 2026-07-13 15:07:19,931] Trial 1322 pruned. 
[I 2026-07-13 15:07:20,495] Trial 1323 pruned. 
[I 2026-07-13 15:07:21,904] Trial 1324 pruned. 
[I 2026-07-13 15:07:24,587] Trial 1325 pruned. 
[I 2026-07-13 15:07:26,040] Trial 1326 pruned. 
[I 2026-07-13 15:07:26,585] Trial 1327 pruned. 
[I 2026-07-13 15:07:28,122] Trial 1328 pruned. 
[I 2026-07-13 15:07:29,811] Trial 1329 pruned. 
[I 2026-07-13 15:07:31,492] Trial 1330 pruned. 
[I 2026-07-13 15:07:33,241] Trial 1331 pruned. 
[I 2026-07-13 15:07:34,741] Trial 1332 pruned. 
[I 2026-07-13 15:07:35,716] Trial 1333 pruned. 
[I 2026-07-13 15:07:37,638] Trial 1334 pruned. 
[I 2026-07-13 15:07:38,908] Trial 1335 pruned. 
[I 2026-07-13 15:07:39,912] Trial 1336 pruned. 
[I 2026-07-13 15:07:40,842] Trial 1337 pruned. 
[I 2026-07-13 15:07:45,455] Trial 1338 pruned. 
[I 2026-07-13 15:07:45,883] Trial 1339 pruned. 
[I 2026-07-13 15:07:47,197] Trial 1340 pruned. 
[I 2026-07-13 15:07:48,930] Trial 1341 pruned. 
[I 2026-07-13 15:07:49,761] Trial 1342 pruned. 
[I 2026-07-13 15:07:50,487] Trial 1343 pruned. 
[I 2026-07-13 15:07:51,787] Trial 1344 pruned. 
[I 2026-07-13 15:07:52,806] Trial 1345 pruned. 
[I 2026-07-13 15:07:54,440] Trial 1346 pruned. 
[I 2026-07-13 15:07:55,135] Trial 1347 pruned. 
[I 2026-07-13 15:07:57,270] Trial 1348 pruned. 
[I 2026-07-13 15:07:57,792] Trial 1349 pruned. 
[I 2026-07-13 15:07:59,108] Trial 1350 pruned. 
[I 2026-07-13 15:08:02,273] Trial 1351 pruned. 
[I 2026-07-13 15:08:03,320] Trial 1352 pruned. 
[I 2026-07-13 15:08:06,713] Trial 1353 pruned. 
[I 2026-07-13 15:08:09,146] Trial 1354 pruned. 
[I 2026-07-13 15:08:10,217] Trial 1355 pruned. 
[I 2026-07-13 15:08:10,909] Trial 1356 pruned. 
[I 2026-07-13 15:08:12,354] Trial 1357 pruned. 
[I 2026-07-13 15:08:13,381] Trial 1358 pruned. 
[I 2026-07-13 15:08:14,509] Trial 1359 pruned. 
[I 2026-07-13 15:08:14,784] Trial 1360 pruned. 
[I 2026-07-13 15:08:15,768] Trial 1361 pruned. 
[I 2026-07-13 15:08:18,814] Trial 1362 finished with values: [1235.9313423227115, -1144.3254532552771, 51.9] and parameters: {'sl_soft': 0.0245266268294413, 'sl_hard_delta': 0.13131898566558653, 'tp': 0.08282613433900768, 'gate_pct': 96.82972780322679, 'dd_limit': 9.029015189980312, 'cooldown': 7, 'flip': True, 'en_ema_trend': False, 'ema_trend_fast': 24, 'ema_trend_slow': 397, 'en_sma_trend': True, 'sma_trend_fast': 198, 'sma_trend_slow': 57, 'en_macd': False, 'macd_fast': 53, 'macd_slow': 114, 'macd_signal': 61, 'en_vwap': False, 'en_keltner': True, 'keltner_n': 135, 'keltner_m': 2.1, 'en_obv': True, 'obv_slope': 129, 'en_cci': True, 'cci_n': 134, 'cci_threshold': 250, 'en_rsi': False, 'rsi_n': 95, 'rsi_lower': 31, 'rsi_upper': 88, 'en_stochastic': False, 'stochastic_n': 78, 'stochastic_d': 14, 'stochastic_lower': 4, 'stochastic_upper': 78, 'en_mfi': True, 'mfi_n': 14, 'mfi_lower': 11, 'mfi_upper': 70, 'en_bollinger': True, 'bollinger_n': 134, 'bollinger_k': 4.2, 'en_adx': False, 'adx_n': 22, 'adx_threshold': 38, 'en_structure_trend': False, 'structure_trend_swing_l': 12, 'en_order_block': False, 'order_block_swing_l': 4, 'en_fvg': True, 'fvg_lookback': 45, 'en_ifvg': False, 'en_breaker': False, 'breaker_swing_l': 2, 'en_cisd': True, 'k': 1, 'en_cap_bars': True, 'cap_1min': 797}.
[I 2026-07-13 15:08:19,986] Trial 1363 pruned. 
[I 2026-07-13 15:08:20,311] Trial 1364 pruned. 
[I 2026-07-13 15:08:21,345] Trial 1365 pruned. 
[I 2026-07-13 15:08:22,610] Trial 1366 pruned. 
[I 2026-07-13 15:08:23,315] Trial 1367 pruned. 
[I 2026-07-13 15:08:24,309] Trial 1368 pruned. 
[I 2026-07-13 15:08:25,410] Trial 1369 pruned. 
[I 2026-07-13 15:08:25,985] Trial 1370 pruned. 
[I 2026-07-13 15:08:27,538] Trial 1371 pruned. 
[I 2026-07-13 15:08:28,417] Trial 1372 pruned. 
[I 2026-07-13 15:08:32,152] Trial 1373 pruned. 
[I 2026-07-13 15:08:32,354] Trial 1374 pruned. 
[I 2026-07-13 15:08:33,954] Trial 1375 pruned. 
[I 2026-07-13 15:08:35,142] Trial 1376 pruned. 
[I 2026-07-13 15:08:35,759] Trial 1377 pruned. 
[I 2026-07-13 15:08:35,967] Trial 1378 pruned. 
[I 2026-07-13 15:08:36,914] Trial 1379 pruned. 
[I 2026-07-13 15:08:37,915] Trial 1380 pruned. 
[I 2026-07-13 15:08:38,735] Trial 1381 pruned. 
[I 2026-07-13 15:08:39,340] Trial 1382 pruned. 
[I 2026-07-13 15:08:40,603] Trial 1383 pruned. 
[I 2026-07-13 15:08:41,303] Trial 1384 pruned. 
[I 2026-07-13 15:08:42,442] Trial 1385 pruned. 
[I 2026-07-13 15:08:43,470] Trial 1386 pruned. 
[I 2026-07-13 15:08:46,871] Trial 1387 pruned. 
[I 2026-07-13 15:08:47,170] Trial 1388 pruned. 
[I 2026-07-13 15:08:47,608] Trial 1389 pruned. 
[I 2026-07-13 15:08:48,750] Trial 1390 pruned. 
[I 2026-07-13 15:08:49,276] Trial 1391 pruned. 
[I 2026-07-13 15:08:50,170] Trial 1392 pruned. 
[I 2026-07-13 15:08:51,372] Trial 1393 pruned. 
[I 2026-07-13 15:08:51,982] Trial 1394 pruned. 
[I 2026-07-13 15:08:53,023] Trial 1395 pruned. 
[I 2026-07-13 15:08:54,329] Trial 1396 pruned. 
[I 2026-07-13 15:08:55,316] Trial 1397 pruned. 
[I 2026-07-13 15:08:56,814] Trial 1398 pruned. 
[I 2026-07-13 15:08:58,904] Trial 1399 pruned. 
[I 2026-07-13 15:08:59,273] Trial 1400 pruned. 
[I 2026-07-13 15:09:00,386] Trial 1401 pruned. 
[I 2026-07-13 15:09:02,157] Trial 1402 pruned. 
[I 2026-07-13 15:09:02,520] Trial 1403 pruned. 
[I 2026-07-13 15:09:03,097] Trial 1404 pruned. 
[I 2026-07-13 15:09:04,469] Trial 1405 pruned. 
[I 2026-07-13 15:09:05,694] Trial 1406 pruned. 
[I 2026-07-13 15:09:07,583] Trial 1407 pruned. 
[I 2026-07-13 15:09:08,775] Trial 1408 pruned. 
[I 2026-07-13 15:09:09,129] Trial 1409 pruned. 
[I 2026-07-13 15:09:10,005] Trial 1410 pruned. 
[I 2026-07-13 15:09:12,061] Trial 1411 pruned. 
[I 2026-07-13 15:09:12,993] Trial 1412 pruned. 
[I 2026-07-13 15:09:15,455] Trial 1413 pruned. 
[I 2026-07-13 15:09:15,841] Trial 1414 pruned. 
[I 2026-07-13 15:09:17,570] Trial 1415 pruned. 
[I 2026-07-13 15:09:18,539] Trial 1416 pruned. 
[I 2026-07-13 15:09:19,073] Trial 1417 pruned. 
[I 2026-07-13 15:09:19,911] Trial 1418 pruned. 
[I 2026-07-13 15:09:20,367] Trial 1419 pruned. 
[I 2026-07-13 15:09:20,702] Trial 1420 pruned. 
[I 2026-07-13 15:09:22,408] Trial 1421 pruned. 
[I 2026-07-13 15:09:23,997] Trial 1422 pruned. 
[I 2026-07-13 15:09:24,634] Trial 1423 pruned. 
[I 2026-07-13 15:09:25,261] Trial 1424 pruned. 
[I 2026-07-13 15:09:26,106] Trial 1425 pruned. 
[I 2026-07-13 15:09:26,564] Trial 1426 pruned. 
[I 2026-07-13 15:09:27,750] Trial 1427 pruned. 
[I 2026-07-13 15:09:28,540] Trial 1428 pruned. 
[I 2026-07-13 15:09:29,831] Trial 1429 pruned. 
[I 2026-07-13 15:09:31,875] Trial 1430 pruned. 
[I 2026-07-13 15:09:33,503] Trial 1431 pruned. 
[I 2026-07-13 15:09:33,934] Trial 1432 pruned. 
[I 2026-07-13 15:09:35,329] Trial 1433 pruned. 
[I 2026-07-13 15:09:36,912] Trial 1434 pruned. 
[I 2026-07-13 15:09:38,603] Trial 1435 pruned. 
[I 2026-07-13 15:09:40,032] Trial 1436 pruned. 
[I 2026-07-13 15:09:41,925] Trial 1437 pruned. 
[I 2026-07-13 15:09:42,824] Trial 1438 pruned. 
[I 2026-07-13 15:09:43,342] Trial 1439 pruned. 
[I 2026-07-13 15:09:43,541] Trial 1440 pruned. 
[I 2026-07-13 15:09:45,414] Trial 1441 pruned. 
[I 2026-07-13 15:09:46,869] Trial 1442 pruned. 
[I 2026-07-13 15:09:47,995] Trial 1443 pruned. 
[I 2026-07-13 15:09:50,521] Trial 1444 pruned. 
[I 2026-07-13 15:09:51,923] Trial 1445 pruned. 
[I 2026-07-13 15:09:52,896] Trial 1446 pruned. 
[I 2026-07-13 15:09:56,661] Trial 1447 pruned. 
[I 2026-07-13 15:09:58,451] Trial 1448 pruned. 
[I 2026-07-13 15:10:02,222] Trial 1449 pruned. 
[I 2026-07-13 15:10:04,993] Trial 1450 pruned. 
[I 2026-07-13 15:10:05,789] Trial 1451 pruned. 
[I 2026-07-13 15:10:06,955] Trial 1452 pruned. 
[I 2026-07-13 15:10:08,022] Trial 1453 pruned. 
[I 2026-07-13 15:10:09,312] Trial 1454 pruned. 
[I 2026-07-13 15:10:10,460] Trial 1455 pruned. 
[I 2026-07-13 15:10:12,344] Trial 1456 pruned. 
[I 2026-07-13 15:10:13,256] Trial 1457 pruned. 
[I 2026-07-13 15:10:15,016] Trial 1458 pruned. 
[I 2026-07-13 15:10:15,471] Trial 1459 pruned. 
[I 2026-07-13 15:10:16,516] Trial 1460 pruned. 
[I 2026-07-13 15:10:17,628] Trial 1461 pruned. 
[I 2026-07-13 15:10:19,797] Trial 1462 pruned. 
[I 2026-07-13 15:10:20,306] Trial 1463 pruned. 
[I 2026-07-13 15:10:21,746] Trial 1464 pruned. 
[I 2026-07-13 15:10:24,419] Trial 1465 pruned. 
[I 2026-07-13 15:10:25,358] Trial 1466 pruned. 
[I 2026-07-13 15:10:26,342] Trial 1467 pruned. 
[I 2026-07-13 15:10:27,588] Trial 1468 pruned. 
[I 2026-07-13 15:10:28,131] Trial 1469 pruned. 
[I 2026-07-13 15:10:29,163] Trial 1470 pruned. 
[I 2026-07-13 15:10:30,906] Trial 1471 pruned. 
[I 2026-07-13 15:10:32,274] Trial 1472 pruned. 
[I 2026-07-13 15:10:32,772] Trial 1473 pruned. 
[I 2026-07-13 15:10:34,697] Trial 1474 pruned. 
[I 2026-07-13 15:10:35,826] Trial 1475 pruned. 
[I 2026-07-13 15:10:36,980] Trial 1476 pruned. 
[I 2026-07-13 15:10:37,902] Trial 1477 pruned. 
[I 2026-07-13 15:10:39,040] Trial 1478 pruned. 
[I 2026-07-13 15:10:40,679] Trial 1479 pruned. 
[I 2026-07-13 15:10:40,838] Trial 1480 pruned. 
[I 2026-07-13 15:10:42,476] Trial 1481 pruned. 
[I 2026-07-13 15:10:44,302] Trial 1482 pruned. 
[I 2026-07-13 15:10:45,783] Trial 1483 pruned. 
[I 2026-07-13 15:10:46,299] Trial 1484 pruned. 
[I 2026-07-13 15:10:51,357] Trial 1485 pruned. 
[I 2026-07-13 15:10:52,844] Trial 1486 pruned. 
[I 2026-07-13 15:10:53,582] Trial 1487 pruned. 
[I 2026-07-13 15:10:54,857] Trial 1488 pruned. 
[I 2026-07-13 15:10:55,940] Trial 1489 pruned. 
[I 2026-07-13 15:10:56,900] Trial 1490 pruned. 
[I 2026-07-13 15:10:58,902] Trial 1491 pruned. 
[I 2026-07-13 15:11:07,656] Trial 1492 finished with values: [-2156.141726726233, -10903.801671601594, 34.0] and parameters: {'sl_soft': 0.029911807858915358, 'sl_hard_delta': 0.10815610569915382, 'tp': 0.08732357309165256, 'gate_pct': 99.2091305706916, 'dd_limit': 6.921955355235141, 'cooldown': 2, 'flip': True, 'en_ema_trend': False, 'ema_trend_fast': 399, 'ema_trend_slow': 381, 'en_sma_trend': False, 'sma_trend_fast': 288, 'sma_trend_slow': 48, 'en_macd': True, 'macd_fast': 54, 'macd_slow': 158, 'macd_signal': 58, 'en_vwap': True, 'en_keltner': True, 'keltner_n': 200, 'keltner_m': 4.7, 'en_obv': True, 'obv_slope': 153, 'en_cci': False, 'cci_n': 125, 'cci_threshold': 25, 'en_rsi': False, 'rsi_n': 85, 'rsi_lower': 30, 'rsi_upper': 62, 'en_stochastic': True, 'stochastic_n': 17, 'stochastic_d': 26, 'stochastic_lower': 36, 'stochastic_upper': 94, 'en_mfi': True, 'mfi_n': 16, 'mfi_lower': 49, 'mfi_upper': 93, 'en_bollinger': True, 'bollinger_n': 12, 'bollinger_k': 3.3000000000000003, 'en_adx': False, 'adx_n': 2, 'adx_threshold': 57, 'en_structure_trend': False, 'structure_trend_swing_l': 6, 'en_order_block': False, 'order_block_swing_l': 10, 'en_fvg': True, 'fvg_lookback': 47, 'en_ifvg': True, 'en_breaker': False, 'breaker_swing_l': 3, 'en_cisd': False, 'k': 4, 'en_cap_bars': True, 'cap_1min': 540}.
[I 2026-07-13 15:11:08,503] Trial 1493 pruned. 
[I 2026-07-13 15:11:09,641] Trial 1494 pruned. 
[I 2026-07-13 15:11:11,099] Trial 1495 pruned. 
[I 2026-07-13 15:11:11,916] Trial 1496 pruned. 
[I 2026-07-13 15:11:12,265] Trial 1497 pruned. 
[I 2026-07-13 15:11:13,397] Trial 1498 pruned. 
[I 2026-07-13 15:11:13,588] Trial 1499 pruned. 
[I 2026-07-13 15:11:14,068] Trial 1500 pruned. 
[I 2026-07-13 15:11:14,928] Trial 1501 pruned. 
[I 2026-07-13 15:11:15,539] Trial 1502 pruned. 
[I 2026-07-13 15:11:16,294] Trial 1503 pruned. 
[I 2026-07-13 15:11:17,152] Trial 1504 pruned. 
[I 2026-07-13 15:11:18,728] Trial 1505 pruned. 
[I 2026-07-13 15:11:19,567] Trial 1506 pruned. 
[I 2026-07-13 15:11:21,876] Trial 1507 pruned. 
[I 2026-07-13 15:11:24,535] Trial 1508 pruned. 
[I 2026-07-13 15:11:25,634] Trial 1509 pruned. 
[I 2026-07-13 15:11:26,454] Trial 1510 pruned. 
[I 2026-07-13 15:11:28,095] Trial 1511 pruned. 
[I 2026-07-13 15:11:30,588] Trial 1512 pruned. 
[I 2026-07-13 15:11:31,600] Trial 1513 pruned. 
[I 2026-07-13 15:11:31,837] Trial 1514 pruned. 
[I 2026-07-13 15:11:32,727] Trial 1515 pruned. 
[I 2026-07-13 15:11:33,976] Trial 1516 pruned. 
[I 2026-07-13 15:11:34,275] Trial 1517 pruned. 
[I 2026-07-13 15:11:36,302] Trial 1518 pruned. 
[I 2026-07-13 15:11:37,203] Trial 1519 pruned. 
[I 2026-07-13 15:11:37,409] Trial 1520 pruned. 
[I 2026-07-13 15:11:38,286] Trial 1521 pruned. 
[I 2026-07-13 15:11:39,402] Trial 1522 pruned. 
[I 2026-07-13 15:11:40,616] Trial 1523 pruned. 
[I 2026-07-13 15:11:43,202] Trial 1524 pruned. 
[I 2026-07-13 15:11:44,041] Trial 1525 pruned. 
[I 2026-07-13 15:11:45,331] Trial 1526 pruned. 
[I 2026-07-13 15:11:46,409] Trial 1527 pruned. 
[I 2026-07-13 15:11:48,187] Trial 1528 pruned. 
[I 2026-07-13 15:11:49,264] Trial 1529 pruned. 
[I 2026-07-13 15:11:49,904] Trial 1530 pruned. 
[I 2026-07-13 15:11:50,962] Trial 1531 pruned. 
[I 2026-07-13 15:11:52,688] Trial 1532 pruned. 
[I 2026-07-13 15:11:53,867] Trial 1533 pruned. 
[I 2026-07-13 15:11:55,622] Trial 1534 pruned. 
[I 2026-07-13 15:11:56,626] Trial 1535 pruned. 
[I 2026-07-13 15:11:57,404] Trial 1536 pruned. 
[I 2026-07-13 15:11:58,732] Trial 1537 pruned. 
[I 2026-07-13 15:11:59,193] Trial 1538 pruned. 
[I 2026-07-13 15:11:59,709] Trial 1539 pruned. 
[I 2026-07-13 15:12:00,204] Trial 1540 pruned. 
[I 2026-07-13 15:12:01,612] Trial 1541 pruned. 
[I 2026-07-13 15:12:04,263] Trial 1542 pruned. 
[I 2026-07-13 15:12:04,734] Trial 1543 pruned. 
[I 2026-07-13 15:12:06,759] Trial 1544 pruned. 
[I 2026-07-13 15:12:08,146] Trial 1545 pruned. 
[I 2026-07-13 15:12:09,973] Trial 1546 pruned. 
[I 2026-07-13 15:12:12,035] Trial 1547 pruned. 
[I 2026-07-13 15:12:12,462] Trial 1548 pruned. 
[I 2026-07-13 15:12:13,811] Trial 1549 pruned. 
[I 2026-07-13 15:12:15,318] Trial 1550 pruned. 
[I 2026-07-13 15:12:16,332] Trial 1551 pruned. 
[I 2026-07-13 15:12:17,270] Trial 1552 pruned. 
[I 2026-07-13 15:12:18,535] Trial 1553 pruned. 
[I 2026-07-13 15:12:18,846] Trial 1554 pruned. 
[I 2026-07-13 15:12:19,397] Trial 1555 pruned. 
[I 2026-07-13 15:12:20,347] Trial 1556 pruned. 
[I 2026-07-13 15:12:21,505] Trial 1557 pruned. 
[I 2026-07-13 15:12:23,389] Trial 1558 pruned. 
[I 2026-07-13 15:12:24,359] Trial 1559 pruned. 
[I 2026-07-13 15:12:24,576] Trial 1560 pruned. 
[I 2026-07-13 15:12:25,155] Trial 1561 pruned. 
[I 2026-07-13 15:12:28,081] Trial 1562 pruned. 
[I 2026-07-13 15:12:28,596] Trial 1563 pruned. 
[I 2026-07-13 15:12:30,274] Trial 1564 pruned. 
[I 2026-07-13 15:12:30,668] Trial 1565 pruned. 
[I 2026-07-13 15:12:32,243] Trial 1566 pruned. 
[I 2026-07-13 15:12:33,791] Trial 1567 pruned. 
[I 2026-07-13 15:12:34,752] Trial 1568 pruned. 
[I 2026-07-13 15:12:35,402] Trial 1569 pruned. 
[I 2026-07-13 15:12:36,325] Trial 1570 pruned. 
[I 2026-07-13 15:12:37,204] Trial 1571 pruned. 
[I 2026-07-13 15:12:38,245] Trial 1572 pruned. 
[I 2026-07-13 15:12:40,516] Trial 1573 pruned. 
[I 2026-07-13 15:12:40,970] Trial 1574 pruned. 
[I 2026-07-13 15:12:42,218] Trial 1575 pruned. 
[I 2026-07-13 15:12:44,089] Trial 1576 pruned. 
[I 2026-07-13 15:12:46,283] Trial 1577 pruned. 
[I 2026-07-13 15:12:47,841] Trial 1578 pruned. 
[I 2026-07-13 15:12:49,732] Trial 1579 pruned. 
[I 2026-07-13 15:12:51,629] Trial 1580 pruned. 
[I 2026-07-13 15:12:53,267] Trial 1581 pruned. 
[I 2026-07-13 15:12:53,576] Trial 1582 pruned. 
[I 2026-07-13 15:12:54,433] Trial 1583 pruned. 
[I 2026-07-13 15:12:55,404] Trial 1584 pruned. 
[I 2026-07-13 15:12:56,459] Trial 1585 pruned. 
[I 2026-07-13 15:12:58,058] Trial 1586 pruned. 
[I 2026-07-13 15:12:58,620] Trial 1587 pruned. 
[I 2026-07-13 15:12:59,962] Trial 1588 pruned. 
[I 2026-07-13 15:13:00,414] Trial 1589 pruned. 
[I 2026-07-13 15:13:01,299] Trial 1590 pruned. 
[I 2026-07-13 15:13:03,772] Trial 1591 pruned. 
[I 2026-07-13 15:13:04,718] Trial 1592 pruned. 
[I 2026-07-13 15:13:05,992] Trial 1593 pruned. 
[I 2026-07-13 15:13:06,409] Trial 1594 pruned. 
[I 2026-07-13 15:13:09,353] Trial 1595 pruned. 
[I 2026-07-13 15:13:10,309] Trial 1596 pruned. 
[I 2026-07-13 15:13:14,230] Trial 1597 pruned. 
[I 2026-07-13 15:13:16,716] Trial 1598 pruned. 
[I 2026-07-13 15:13:18,269] Trial 1599 pruned. 
[I 2026-07-13 15:13:18,442] Trial 1600 pruned. 
[I 2026-07-13 15:13:20,190] Trial 1601 pruned. 
[I 2026-07-13 15:13:21,152] Trial 1602 pruned. 
[I 2026-07-13 15:13:21,586] Trial 1603 pruned. 
[I 2026-07-13 15:13:22,444] Trial 1604 pruned. 
[I 2026-07-13 15:13:24,960] Trial 1605 pruned. 
[I 2026-07-13 15:13:28,775] Trial 1606 finished with values: [3565.1845384411563, -6595.59770137804, 50.0] and parameters: {'sl_soft': 0.10429532826982757, 'sl_hard_delta': 0.12668794465131242, 'tp': 0.21454001389303082, 'gate_pct': 90.97354990533721, 'dd_limit': 4.866210487643857, 'cooldown': 0, 'flip': True, 'en_ema_trend': True, 'ema_trend_fast': 101, 'ema_trend_slow': 19, 'en_sma_trend': False, 'sma_trend_fast': 262, 'sma_trend_slow': 192, 'en_macd': True, 'macd_fast': 10, 'macd_slow': 196, 'macd_signal': 25, 'en_vwap': False, 'en_keltner': True, 'keltner_n': 189, 'keltner_m': 1.3, 'en_obv': False, 'obv_slope': 197, 'en_cci': False, 'cci_n': 88, 'cci_threshold': 35, 'en_rsi': False, 'rsi_n': 46, 'rsi_lower': 16, 'rsi_upper': 67, 'en_stochastic': False, 'stochastic_n': 87, 'stochastic_d': 45, 'stochastic_lower': 31, 'stochastic_upper': 78, 'en_mfi': False, 'mfi_n': 68, 'mfi_lower': 18, 'mfi_upper': 93, 'en_bollinger': True, 'bollinger_n': 70, 'bollinger_k': 3.5, 'en_adx': False, 'adx_n': 32, 'adx_threshold': 14, 'en_structure_trend': False, 'structure_trend_swing_l': 10, 'en_order_block': True, 'order_block_swing_l': 15, 'en_fvg': True, 'fvg_lookback': 44, 'en_ifvg': True, 'en_breaker': True, 'breaker_swing_l': 6, 'en_cisd': False, 'k': 1, 'en_cap_bars': True, 'cap_1min': 1237}.
[I 2026-07-13 15:13:30,007] Trial 1607 pruned. 
[I 2026-07-13 15:13:31,124] Trial 1608 pruned. 
[I 2026-07-13 15:13:32,731] Trial 1609 pruned. 
[I 2026-07-13 15:13:33,257] Trial 1610 pruned. 
[I 2026-07-13 15:13:34,958] Trial 1611 pruned. 
[I 2026-07-13 15:13:35,902] Trial 1612 pruned. 
[I 2026-07-13 15:13:36,820] Trial 1613 pruned. 
[I 2026-07-13 15:13:37,686] Trial 1614 pruned. 
[I 2026-07-13 15:13:38,591] Trial 1615 pruned. 
[I 2026-07-13 15:13:39,717] Trial 1616 pruned. 
[I 2026-07-13 15:13:41,361] Trial 1617 pruned. 
[I 2026-07-13 15:13:42,707] Trial 1618 pruned. 
[I 2026-07-13 15:13:43,349] Trial 1619 pruned. 
[I 2026-07-13 15:13:44,748] Trial 1620 pruned. 
[I 2026-07-13 15:13:47,267] Trial 1621 pruned. 
[I 2026-07-13 15:13:48,727] Trial 1622 pruned. 
[I 2026-07-13 15:13:50,309] Trial 1623 pruned. 
[I 2026-07-13 15:13:52,437] Trial 1624 pruned. 
[I 2026-07-13 15:13:55,086] Trial 1625 pruned. 
[I 2026-07-13 15:13:56,154] Trial 1626 pruned. 
[I 2026-07-13 15:13:58,970] Trial 1627 pruned. 
[I 2026-07-13 15:13:59,822] Trial 1628 pruned. 
[I 2026-07-13 15:14:02,347] Trial 1629 pruned. 
[I 2026-07-13 15:14:05,730] Trial 1630 pruned. 
[I 2026-07-13 15:14:06,050] Trial 1631 pruned. 
[I 2026-07-13 15:14:06,893] Trial 1632 pruned. 
[I 2026-07-13 15:14:07,657] Trial 1633 pruned. 
[I 2026-07-13 15:14:09,674] Trial 1634 pruned. 
[I 2026-07-13 15:14:10,577] Trial 1635 pruned. 
[I 2026-07-13 15:14:12,270] Trial 1636 pruned. 
[I 2026-07-13 15:14:14,037] Trial 1637 pruned. 
[I 2026-07-13 15:14:14,343] Trial 1638 pruned. 
[I 2026-07-13 15:14:15,854] Trial 1639 pruned. 
