[I 2026-07-13 15:58:31,612] Trial 3369 finished with values: [564.963138124881, -11274.998504579586, 75.35] and parameters: {'sl_soft': 0.07922784441362493, 'sl_hard_delta': 0.04269284514679842, 'tp': 0.03810555008976396, 'gate_pct': 93.79805140335328, 'dd_limit': 0.5242871576912017, 'cooldown': 1, 'flip': True, 'en_ema_trend': False, 'ema_trend_fast': 77, 'ema_trend_slow': 377, 'en_sma_trend': False, 'sma_trend_fast': 289, 'sma_trend_slow': 325, 'en_macd': True, 'macd_fast': 75, 'macd_slow': 132, 'macd_signal': 59, 'en_vwap': True, 'en_keltner': False, 'keltner_n': 24, 'keltner_m': 3.0, 'en_obv': True, 'obv_slope': 19, 'en_cci': False, 'cci_n': 142, 'cci_threshold': 265, 'en_rsi': True, 'rsi_n': 66, 'rsi_lower': 30, 'rsi_upper': 58, 'en_stochastic': True, 'stochastic_n': 6, 'stochastic_d': 28, 'stochastic_lower': 21, 'stochastic_upper': 80, 'en_mfi': False, 'mfi_n': 72, 'mfi_lower': 23, 'mfi_upper': 80, 'en_bollinger': False, 'bollinger_n': 31, 'bollinger_k': 2.4000000000000004, 'en_adx': False, 'adx_n': 85, 'adx_threshold': 27, 'en_structure_trend': False, 'structure_trend_swing_l': 6, 'en_order_block': False, 'order_block_swing_l': 18, 'en_fvg': False, 'fvg_lookback': 32, 'en_ifvg': False, 'en_breaker': False, 'breaker_swing_l': 17, 'en_cisd': True, 'k': 4, 'en_cap_bars': False, 'cap_1min': 1250}.
[I 2026-07-13 15:58:32,766] Trial 3370 pruned. 
[I 2026-07-13 15:58:33,313] Trial 3371 finished with values: [730.1210554786406, -2564.3906420095773, 51.349999999999994] and parameters: {'sl_soft': 0.07488558607740736, 'sl_hard_delta': 0.14143713653322113, 'tp': 0.11856093579904992, 'gate_pct': 99.12973389262724, 'dd_limit': 5.937758572987326, 'cooldown': 1, 'flip': True, 'en_ema_trend': True, 'ema_trend_fast': 213, 'ema_trend_slow': 100, 'en_sma_trend': True, 'sma_trend_fast': 165, 'sma_trend_slow': 232, 'en_macd': False, 'macd_fast': 89, 'macd_slow': 186, 'macd_signal': 67, 'en_vwap': False, 'en_keltner': True, 'keltner_n': 33, 'keltner_m': 2.3, 'en_obv': False, 'obv_slope': 173, 'en_cci': False, 'cci_n': 84, 'cci_threshold': 45, 'en_rsi': False, 'rsi_n': 14, 'rsi_lower': 20, 'rsi_upper': 63, 'en_stochastic': True, 'stochastic_n': 90, 'stochastic_d': 25, 'stochastic_lower': 21, 'stochastic_upper': 66, 'en_mfi': False, 'mfi_n': 56, 'mfi_lower': 13, 'mfi_upper': 53, 'en_bollinger': True, 'bollinger_n': 83, 'bollinger_k': 3.8000000000000003, 'en_adx': False, 'adx_n': 5, 'adx_threshold': 13, 'en_structure_trend': False, 'structure_trend_swing_l': 20, 'en_order_block': False, 'order_block_swing_l': 5, 'en_fvg': True, 'fvg_lookback': 33, 'en_ifvg': True, 'en_breaker': False, 'breaker_swing_l': 19, 'en_cisd': True, 'k': 2, 'en_cap_bars': True, 'cap_1min': 267}.
[I 2026-07-13 15:58:33,521] Trial 3372 pruned. 
[I 2026-07-13 15:58:34,116] Trial 3373 finished with values: [41.42750488746651, -8755.832712295585, 27.75] and parameters: {'sl_soft': 0.02949052716025995, 'sl_hard_delta': 0.17424252774383417, 'tp': 0.16369789677360067, 'gate_pct': 97.66578486655469, 'dd_limit': 2.4528084273798805, 'cooldown': 2, 'flip': True, 'en_ema_trend': False, 'ema_trend_fast': 342, 'ema_trend_slow': 397, 'en_sma_trend': False, 'sma_trend_fast': 198, 'sma_trend_slow': 319, 'en_macd': False, 'macd_fast': 10, 'macd_slow': 3, 'macd_signal': 61, 'en_vwap': False, 'en_keltner': True, 'keltner_n': 135, 'keltner_m': 2.1, 'en_obv': True, 'obv_slope': 129, 'en_cci': True, 'cci_n': 134, 'cci_threshold': 145, 'en_rsi': False, 'rsi_n': 95, 'rsi_lower': 31, 'rsi_upper': 58, 'en_stochastic': False, 'stochastic_n': 82, 'stochastic_d': 17, 'stochastic_lower': 4, 'stochastic_upper': 78, 'en_mfi': True, 'mfi_n': 8, 'mfi_lower': 11, 'mfi_upper': 70, 'en_bollinger': True, 'bollinger_n': 169, 'bollinger_k': 4.2, 'en_adx': False, 'adx_n': 22, 'adx_threshold': 47, 'en_structure_trend': False, 'structure_trend_swing_l': 12, 'en_order_block': False, 'order_block_swing_l': 4, 'en_fvg': False, 'fvg_lookback': 19, 'en_ifvg': False, 'en_breaker': False, 'breaker_swing_l': 18, 'en_cisd': True, 'k': 3, 'en_cap_bars': True, 'cap_1min': 878}.
[I 2026-07-13 15:58:36,454] Trial 3374 pruned. 
[I 2026-07-13 15:58:37,135] Trial 3375 pruned. 
[I 2026-07-13 15:58:42,985] Trial 3376 finished with values: [456.7432145971038, -3394.434633103636, 60.65] and parameters: {'sl_soft': 0.08426256158971988, 'sl_hard_delta': 0.17424252774383417, 'tp': 0.07601884556321419, 'gate_pct': 99.57581637257637, 'dd_limit': 2.4528084273798805, 'cooldown': 2, 'flip': True, 'en_ema_trend': True, 'ema_trend_fast': 301, 'ema_trend_slow': 395, 'en_sma_trend': False, 'sma_trend_fast': 198, 'sma_trend_slow': 154, 'en_macd': False, 'macd_fast': 10, 'macd_slow': 3, 'macd_signal': 61, 'en_vwap': False, 'en_keltner': True, 'keltner_n': 135, 'keltner_m': 2.1, 'en_obv': True, 'obv_slope': 129, 'en_cci': True, 'cci_n': 134, 'cci_threshold': 145, 'en_rsi': False, 'rsi_n': 33, 'rsi_lower': 31, 'rsi_upper': 58, 'en_stochastic': True, 'stochastic_n': 90, 'stochastic_d': 17, 'stochastic_lower': 21, 'stochastic_upper': 78, 'en_mfi': False, 'mfi_n': 12, 'mfi_lower': 11, 'mfi_upper': 70, 'en_bollinger': True, 'bollinger_n': 100, 'bollinger_k': 4.5, 'en_adx': False, 'adx_n': 22, 'adx_threshold': 10, 'en_structure_trend': False, 'structure_trend_swing_l': 12, 'en_order_block': False, 'order_block_swing_l': 5, 'en_fvg': True, 'fvg_lookback': 19, 'en_ifvg': False, 'en_breaker': False, 'breaker_swing_l': 18, 'en_cisd': False, 'k': 3, 'en_cap_bars': True, 'cap_1min': 878}.
[I 2026-07-13 15:58:43,385] Trial 3377 finished with values: [3220.390813603409, -7453.187749676281, 40.55] and parameters: {'sl_soft': 0.07922784441362493, 'sl_hard_delta': 0.12303958310023494, 'tp': 0.16937546754390323, 'gate_pct': 93.79805140335328, 'dd_limit': 0.5242871576912017, 'cooldown': 1, 'flip': True, 'en_ema_trend': False, 'ema_trend_fast': 77, 'ema_trend_slow': 75, 'en_sma_trend': False, 'sma_trend_fast': 289, 'sma_trend_slow': 325, 'en_macd': True, 'macd_fast': 75, 'macd_slow': 132, 'macd_signal': 59, 'en_vwap': True, 'en_keltner': False, 'keltner_n': 43, 'keltner_m': 3.0, 'en_obv': True, 'obv_slope': 19, 'en_cci': False, 'cci_n': 51, 'cci_threshold': 265, 'en_rsi': True, 'rsi_n': 73, 'rsi_lower': 15, 'rsi_upper': 58, 'en_stochastic': False, 'stochastic_n': 6, 'stochastic_d': 48, 'stochastic_lower': 21, 'stochastic_upper': 80, 'en_mfi': False, 'mfi_n': 72, 'mfi_lower': 23, 'mfi_upper': 80, 'en_bollinger': False, 'bollinger_n': 31, 'bollinger_k': 0.7, 'en_adx': False, 'adx_n': 98, 'adx_threshold': 27, 'en_structure_trend': False, 'structure_trend_swing_l': 6, 'en_order_block': False, 'order_block_swing_l': 13, 'en_fvg': False, 'fvg_lookback': 32, 'en_ifvg': False, 'en_breaker': False, 'breaker_swing_l': 17, 'en_cisd': True, 'k': 4, 'en_cap_bars': False, 'cap_1min': 693}.
[I 2026-07-13 15:58:43,706] Trial 3378 pruned. 
[I 2026-07-13 15:58:47,275] Trial 3379 pruned. 
[I 2026-07-13 15:58:52,839] Trial 3380 finished with values: [11.149717909209187, -6317.976500134036, 38.95] and parameters: {'sl_soft': 0.07922784441362493, 'sl_hard_delta': 0.04269284514679842, 'tp': 0.18978054300184755, 'gate_pct': 97.87184393359011, 'dd_limit': 6.844711394584541, 'cooldown': 0, 'flip': True, 'en_ema_trend': False, 'ema_trend_fast': 97, 'ema_trend_slow': 294, 'en_sma_trend': False, 'sma_trend_fast': 44, 'sma_trend_slow': 325, 'en_macd': True, 'macd_fast': 64, 'macd_slow': 53, 'macd_signal': 3, 'en_vwap': True, 'en_keltner': False, 'keltner_n': 153, 'keltner_m': 0.7, 'en_obv': True, 'obv_slope': 92, 'en_cci': True, 'cci_n': 172, 'cci_threshold': 145, 'en_rsi': True, 'rsi_n': 73, 'rsi_lower': 9, 'rsi_upper': 58, 'en_stochastic': True, 'stochastic_n': 6, 'stochastic_d': 43, 'stochastic_lower': 21, 'stochastic_upper': 91, 'en_mfi': False, 'mfi_n': 97, 'mfi_lower': 27, 'mfi_upper': 51, 'en_bollinger': False, 'bollinger_n': 149, 'bollinger_k': 1.1, 'en_adx': False, 'adx_n': 12, 'adx_threshold': 17, 'en_structure_trend': False, 'structure_trend_swing_l': 7, 'en_order_block': False, 'order_block_swing_l': 20, 'en_fvg': True, 'fvg_lookback': 7, 'en_ifvg': False, 'en_breaker': False, 'breaker_swing_l': 14, 'en_cisd': True, 'k': 1, 'en_cap_bars': False, 'cap_1min': 1239}.
[I 2026-07-13 15:58:59,993] Trial 3381 finished with values: [-871.1095140984426, -7817.212637957881, 35.95] and parameters: {'sl_soft': 0.07010752431363448, 'sl_hard_delta': 0.04269284514679842, 'tp': 0.17919529691137454, 'gate_pct': 93.79805140335328, 'dd_limit': 0.5242871576912017, 'cooldown': 2, 'flip': False, 'en_ema_trend': False, 'ema_trend_fast': 77, 'ema_trend_slow': 75, 'en_sma_trend': False, 'sma_trend_fast': 289, 'sma_trend_slow': 325, 'en_macd': True, 'macd_fast': 2, 'macd_slow': 132, 'macd_signal': 59, 'en_vwap': True, 'en_keltner': False, 'keltner_n': 43, 'keltner_m': 3.0, 'en_obv': True, 'obv_slope': 146, 'en_cci': True, 'cci_n': 51, 'cci_threshold': 300, 'en_rsi': True, 'rsi_n': 15, 'rsi_lower': 3, 'rsi_upper': 54, 'en_stochastic': True, 'stochastic_n': 6, 'stochastic_d': 7, 'stochastic_lower': 8, 'stochastic_upper': 91, 'en_mfi': False, 'mfi_n': 15, 'mfi_lower': 23, 'mfi_upper': 80, 'en_bollinger': False, 'bollinger_n': 149, 'bollinger_k': 2.4000000000000004, 'en_adx': False, 'adx_n': 98, 'adx_threshold': 39, 'en_structure_trend': False, 'structure_trend_swing_l': 9, 'en_order_block': False, 'order_block_swing_l': 13, 'en_fvg': False, 'fvg_lookback': 32, 'en_ifvg': False, 'en_breaker': True, 'breaker_swing_l': 17, 'en_cisd': True, 'k': 4, 'en_cap_bars': False, 'cap_1min': 1250}.
[I 2026-07-13 15:59:06,170] Trial 3382 finished with values: [-390.3160085281595, -7547.06651531862, 67.35] and parameters: {'sl_soft': 0.07925797624011399, 'sl_hard_delta': 0.05280977471915283, 'tp': 0.04490461800882547, 'gate_pct': 99.12973389262724, 'dd_limit': 6.844711394584541, 'cooldown': 2, 'flip': True, 'en_ema_trend': True, 'ema_trend_fast': 270, 'ema_trend_slow': 294, 'en_sma_trend': False, 'sma_trend_fast': 198, 'sma_trend_slow': 319, 'en_macd': False, 'macd_fast': 57, 'macd_slow': 53, 'macd_signal': 73, 'en_vwap': True, 'en_keltner': False, 'keltner_n': 43, 'keltner_m': 4.5, 'en_obv': True, 'obv_slope': 19, 'en_cci': True, 'cci_n': 7, 'cci_threshold': 145, 'en_rsi': False, 'rsi_n': 60, 'rsi_lower': 31, 'rsi_upper': 58, 'en_stochastic': True, 'stochastic_n': 82, 'stochastic_d': 43, 'stochastic_lower': 21, 'stochastic_upper': 97, 'en_mfi': False, 'mfi_n': 27, 'mfi_lower': 33, 'mfi_upper': 57, 'en_bollinger': True, 'bollinger_n': 83, 'bollinger_k': 1.1, 'en_adx': False, 'adx_n': 22, 'adx_threshold': 25, 'en_structure_trend': False, 'structure_trend_swing_l': 7, 'en_order_block': False, 'order_block_swing_l': 10, 'en_fvg': False, 'fvg_lookback': 9, 'en_ifvg': False, 'en_breaker': False, 'breaker_swing_l': 14, 'en_cisd': True, 'k': 2, 'en_cap_bars': False, 'cap_1min': 1239}.
[I 2026-07-13 15:59:11,598] Trial 3383 finished with values: [462.71853133619607, -7351.748618931641, 62.949999999999996] and parameters: {'sl_soft': 0.07922784441362493, 'sl_hard_delta': 0.00457699733972642, 'tp': 0.05493660677968804, 'gate_pct': 96.03464624110227, 'dd_limit': 0.5242871576912017, 'cooldown': 1, 'flip': True, 'en_ema_trend': False, 'ema_trend_fast': 77, 'ema_trend_slow': 135, 'en_sma_trend': False, 'sma_trend_fast': 289, 'sma_trend_slow': 325, 'en_macd': True, 'macd_fast': 75, 'macd_slow': 132, 'macd_signal': 59, 'en_vwap': False, 'en_keltner': False, 'keltner_n': 43, 'keltner_m': 0.5, 'en_obv': True, 'obv_slope': 19, 'en_cci': True, 'cci_n': 2, 'cci_threshold': 255, 'en_rsi': True, 'rsi_n': 73, 'rsi_lower': 15, 'rsi_upper': 58, 'en_stochastic': True, 'stochastic_n': 6, 'stochastic_d': 48, 'stochastic_lower': 7, 'stochastic_upper': 97, 'en_mfi': False, 'mfi_n': 72, 'mfi_lower': 23, 'mfi_upper': 57, 'en_bollinger': False, 'bollinger_n': 31, 'bollinger_k': 1.1, 'en_adx': False, 'adx_n': 98, 'adx_threshold': 27, 'en_structure_trend': True, 'structure_trend_swing_l': 1, 'en_order_block': False, 'order_block_swing_l': 13, 'en_fvg': False, 'fvg_lookback': 32, 'en_ifvg': False, 'en_breaker': False, 'breaker_swing_l': 14, 'en_cisd': True, 'k': 1, 'en_cap_bars': False, 'cap_1min': 693}.
[I 2026-07-13 15:59:12,326] Trial 3384 finished with values: [3653.404129372913, -7418.647202048913, 56.2] and parameters: {'sl_soft': 0.06439762276669186, 'sl_hard_delta': 0.16209355299609657, 'tp': 0.11965293792891196, 'gate_pct': 99.60506126830711, 'dd_limit': 5.319419455229414, 'cooldown': 0, 'flip': True, 'en_ema_trend': False, 'ema_trend_fast': 342, 'ema_trend_slow': 214, 'en_sma_trend': True, 'sma_trend_fast': 108, 'sma_trend_slow': 117, 'en_macd': False, 'macd_fast': 10, 'macd_slow': 188, 'macd_signal': 61, 'en_vwap': False, 'en_keltner': True, 'keltner_n': 135, 'keltner_m': 2.1, 'en_obv': True, 'obv_slope': 129, 'en_cci': True, 'cci_n': 134, 'cci_threshold': 145, 'en_rsi': False, 'rsi_n': 95, 'rsi_lower': 31, 'rsi_upper': 58, 'en_stochastic': False, 'stochastic_n': 62, 'stochastic_d': 49, 'stochastic_lower': 4, 'stochastic_upper': 81, 'en_mfi': True, 'mfi_n': 97, 'mfi_lower': 11, 'mfi_upper': 51, 'en_bollinger': False, 'bollinger_n': 155, 'bollinger_k': 4.2, 'en_adx': False, 'adx_n': 11, 'adx_threshold': 47, 'en_structure_trend': False, 'structure_trend_swing_l': 12, 'en_order_block': False, 'order_block_swing_l': 20, 'en_fvg': False, 'fvg_lookback': 19, 'en_ifvg': True, 'en_breaker': False, 'breaker_swing_l': 8, 'en_cisd': False, 'k': 4, 'en_cap_bars': True, 'cap_1min': 878}.
[I 2026-07-13 15:59:12,879] Trial 3385 finished with values: [-1660.1826750989471, -11681.784809296472, 68.4] and parameters: {'sl_soft': 0.07922784441362493, 'sl_hard_delta': 0.12303958310023494, 'tp': 0.05493660677968804, 'gate_pct': 96.03464624110227, 'dd_limit': 7.364744278329123, 'cooldown': 1, 'flip': True, 'en_ema_trend': False, 'ema_trend_fast': 113, 'ema_trend_slow': 75, 'en_sma_trend': False, 'sma_trend_fast': 175, 'sma_trend_slow': 356, 'en_macd': True, 'macd_fast': 64, 'macd_slow': 53, 'macd_signal': 59, 'en_vwap': False, 'en_keltner': False, 'keltner_n': 43, 'keltner_m': 0.5, 'en_obv': True, 'obv_slope': 169, 'en_cci': True, 'cci_n': 78, 'cci_threshold': 255, 'en_rsi': False, 'rsi_n': 96, 'rsi_lower': 26, 'rsi_upper': 65, 'en_stochastic': False, 'stochastic_n': 6, 'stochastic_d': 43, 'stochastic_lower': 27, 'stochastic_upper': 97, 'en_mfi': False, 'mfi_n': 60, 'mfi_lower': 47, 'mfi_upper': 57, 'en_bollinger': False, 'bollinger_n': 31, 'bollinger_k': 0.5, 'en_adx': False, 'adx_n': 98, 'adx_threshold': 49, 'en_structure_trend': True, 'structure_trend_swing_l': 1, 'en_order_block': True, 'order_block_swing_l': 13, 'en_fvg': False, 'fvg_lookback': 32, 'en_ifvg': False, 'en_breaker': False, 'breaker_swing_l': 17, 'en_cisd': True, 'k': 1, 'en_cap_bars': False, 'cap_1min': 495}.
[I 2026-07-13 15:59:19,589] Trial 3386 finished with values: [-321.3577054722447, -2974.9999999999236, 36.1] and parameters: {'sl_soft': 0.03867303262411816, 'sl_hard_delta': 0.16209355299609657, 'tp': 0.11965293792891196, 'gate_pct': 99.60506126830711, 'dd_limit': 2.4528084273798805, 'cooldown': 5, 'flip': True, 'en_ema_trend': True, 'ema_trend_fast': 79, 'ema_trend_slow': 294, 'en_sma_trend': True, 'sma_trend_fast': 108, 'sma_trend_slow': 351, 'en_macd': True, 'macd_fast': 64, 'macd_slow': 188, 'macd_signal': 38, 'en_vwap': False, 'en_keltner': True, 'keltner_n': 34, 'keltner_m': 0.7, 'en_obv': True, 'obv_slope': 198, 'en_cci': True, 'cci_n': 55, 'cci_threshold': 145, 'en_rsi': True, 'rsi_n': 56, 'rsi_lower': 31, 'rsi_upper': 75, 'en_stochastic': True, 'stochastic_n': 62, 'stochastic_d': 43, 'stochastic_lower': 21, 'stochastic_upper': 97, 'en_mfi': False, 'mfi_n': 9, 'mfi_lower': 11, 'mfi_upper': 51, 'en_bollinger': True, 'bollinger_n': 23, 'bollinger_k': 1.1, 'en_adx': False, 'adx_n': 11, 'adx_threshold': 48, 'en_structure_trend': False, 'structure_trend_swing_l': 15, 'en_order_block': False, 'order_block_swing_l': 20, 'en_fvg': False, 'fvg_lookback': 32, 'en_ifvg': True, 'en_breaker': False, 'breaker_swing_l': 13, 'en_cisd': False, 'k': 3, 'en_cap_bars': False, 'cap_1min': 878}.
[I 2026-07-13 15:59:19,869] Trial 3387 pruned. 
[I 2026-07-13 15:59:20,689] Trial 3388 pruned. 
[I 2026-07-13 15:59:21,890] Trial 3389 finished with values: [-32.352271372708685, -1885.9009495268353, 73.35] and parameters: {'sl_soft': 0.09561626693152817, 'sl_hard_delta': 0.14143713653322113, 'tp': 0.05493660677968804, 'gate_pct': 99.12973389262724, 'dd_limit': 5.937758572987326, 'cooldown': 1, 'flip': True, 'en_ema_trend': True, 'ema_trend_fast': 113, 'ema_trend_slow': 3, 'en_sma_trend': True, 'sma_trend_fast': 175, 'sma_trend_slow': 232, 'en_macd': False, 'macd_fast': 70, 'macd_slow': 125, 'macd_signal': 21, 'en_vwap': False, 'en_keltner': True, 'keltner_n': 22, 'keltner_m': 4.5, 'en_obv': False, 'obv_slope': 13, 'en_cci': True, 'cci_n': 84, 'cci_threshold': 255, 'en_rsi': True, 'rsi_n': 96, 'rsi_lower': 20, 'rsi_upper': 78, 'en_stochastic': False, 'stochastic_n': 46, 'stochastic_d': 43, 'stochastic_lower': 22, 'stochastic_upper': 75, 'en_mfi': False, 'mfi_n': 11, 'mfi_lower': 13, 'mfi_upper': 79, 'en_bollinger': True, 'bollinger_n': 128, 'bollinger_k': 0.5, 'en_adx': False, 'adx_n': 48, 'adx_threshold': 13, 'en_structure_trend': False, 'structure_trend_swing_l': 20, 'en_order_block': False, 'order_block_swing_l': 5, 'en_fvg': True, 'fvg_lookback': 40, 'en_ifvg': True, 'en_breaker': False, 'breaker_swing_l': 3, 'en_cisd': True, 'k': 2, 'en_cap_bars': False, 'cap_1min': 839}.
[I 2026-07-13 15:59:22,074] Trial 3390 pruned. 
[I 2026-07-13 15:59:22,310] Trial 3391 pruned. 
[I 2026-07-13 15:59:30,921] Trial 3392 finished with values: [-1669.9395415166227, -8558.663534778929, 65.55] and parameters: {'sl_soft': 0.03867303262411816, 'sl_hard_delta': 0.17424252774383417, 'tp': 0.03810555008976396, 'gate_pct': 97.66578486655469, 'dd_limit': 2.4528084273798805, 'cooldown': 0, 'flip': True, 'en_ema_trend': True, 'ema_trend_fast': 323, 'ema_trend_slow': 294, 'en_sma_trend': False, 'sma_trend_fast': 177, 'sma_trend_slow': 268, 'en_macd': True, 'macd_fast': 64, 'macd_slow': 72, 'macd_signal': 19, 'en_vwap': False, 'en_keltner': True, 'keltner_n': 56, 'keltner_m': 2.8000000000000003, 'en_obv': True, 'obv_slope': 72, 'en_cci': True, 'cci_n': 172, 'cci_threshold': 145, 'en_rsi': True, 'rsi_n': 71, 'rsi_lower': 18, 'rsi_upper': 58, 'en_stochastic': True, 'stochastic_n': 98, 'stochastic_d': 43, 'stochastic_lower': 21, 'stochastic_upper': 91, 'en_mfi': False, 'mfi_n': 9, 'mfi_lower': 11, 'mfi_upper': 51, 'en_bollinger': False, 'bollinger_n': 139, 'bollinger_k': 1.0, 'en_adx': False, 'adx_n': 12, 'adx_threshold': 17, 'en_structure_trend': False, 'structure_trend_swing_l': 7, 'en_order_block': False, 'order_block_swing_l': 20, 'en_fvg': False, 'fvg_lookback': 32, 'en_ifvg': False, 'en_breaker': True, 'breaker_swing_l': 20, 'en_cisd': True, 'k': 4, 'en_cap_bars': True, 'cap_1min': 878}.
[I 2026-07-13 15:59:31,696] Trial 3393 pruned. 
[I 2026-07-13 15:59:32,173] Trial 3394 pruned. 
[I 2026-07-13 15:59:38,937] Trial 3395 finished with values: [-1208.3038993110056, -9879.13072013086, 61.6] and parameters: {'sl_soft': 0.08426256158971988, 'sl_hard_delta': 0.14143713653322113, 'tp': 0.07601884556321419, 'gate_pct': 99.57581637257637, 'dd_limit': 2.4528084273798805, 'cooldown': 2, 'flip': False, 'en_ema_trend': False, 'ema_trend_fast': 342, 'ema_trend_slow': 395, 'en_sma_trend': False, 'sma_trend_fast': 198, 'sma_trend_slow': 319, 'en_macd': False, 'macd_fast': 10, 'macd_slow': 3, 'macd_signal': 61, 'en_vwap': False, 'en_keltner': True, 'keltner_n': 76, 'keltner_m': 4.5, 'en_obv': True, 'obv_slope': 173, 'en_cci': False, 'cci_n': 134, 'cci_threshold': 145, 'en_rsi': False, 'rsi_n': 33, 'rsi_lower': 31, 'rsi_upper': 63, 'en_stochastic': False, 'stochastic_n': 82, 'stochastic_d': 17, 'stochastic_lower': 4, 'stochastic_upper': 78, 'en_mfi': True, 'mfi_n': 8, 'mfi_lower': 11, 'mfi_upper': 70, 'en_bollinger': True, 'bollinger_n': 169, 'bollinger_k': 4.2, 'en_adx': True, 'adx_n': 22, 'adx_threshold': 10, 'en_structure_trend': False, 'structure_trend_swing_l': 2, 'en_order_block': False, 'order_block_swing_l': 5, 'en_fvg': False, 'fvg_lookback': 33, 'en_ifvg': True, 'en_breaker': False, 'breaker_swing_l': 11, 'en_cisd': True, 'k': 3, 'en_cap_bars': True, 'cap_1min': 878}.
[I 2026-07-13 15:59:40,389] Trial 3396 finished with values: [430.9843940184878, -9710.85727997859, 71.6] and parameters: {'sl_soft': 0.06423559890121558, 'sl_hard_delta': 0.04269284514679842, 'tp': 0.03810555008976396, 'gate_pct': 97.87184393359011, 'dd_limit': 3.021375135532224, 'cooldown': 0, 'flip': True, 'en_ema_trend': False, 'ema_trend_fast': 97, 'ema_trend_slow': 377, 'en_sma_trend': False, 'sma_trend_fast': 44, 'sma_trend_slow': 268, 'en_macd': True, 'macd_fast': 2, 'macd_slow': 123, 'macd_signal': 19, 'en_vwap': False, 'en_keltner': True, 'keltner_n': 153, 'keltner_m': 2.8000000000000003, 'en_obv': True, 'obv_slope': 92, 'en_cci': True, 'cci_n': 172, 'cci_threshold': 290, 'en_rsi': True, 'rsi_n': 71, 'rsi_lower': 18, 'rsi_upper': 94, 'en_stochastic': True, 'stochastic_n': 98, 'stochastic_d': 28, 'stochastic_lower': 21, 'stochastic_upper': 91, 'en_mfi': False, 'mfi_n': 97, 'mfi_lower': 27, 'mfi_upper': 51, 'en_bollinger': False, 'bollinger_n': 149, 'bollinger_k': 1.0, 'en_adx': False, 'adx_n': 12, 'adx_threshold': 17, 'en_structure_trend': False, 'structure_trend_swing_l': 4, 'en_order_block': False, 'order_block_swing_l': 20, 'en_fvg': True, 'fvg_lookback': 7, 'en_ifvg': False, 'en_breaker': True, 'breaker_swing_l': 20, 'en_cisd': False, 'k': 4, 'en_cap_bars': False, 'cap_1min': 1243}.
