[I 2026-07-13 15:21:24,522] Trial 1967 pruned. 
[I 2026-07-13 15:21:25,042] Trial 1968 pruned. 
[I 2026-07-13 15:21:25,816] Trial 1969 pruned. 
[I 2026-07-13 15:21:27,292] Trial 1970 pruned. 
[I 2026-07-13 15:21:27,829] Trial 1971 pruned. 
[I 2026-07-13 15:21:28,857] Trial 1972 pruned. 
[I 2026-07-13 15:21:29,611] Trial 1973 pruned. 
[I 2026-07-13 15:21:31,364] Trial 1974 pruned. 
[I 2026-07-13 15:21:32,632] Trial 1975 pruned. 
[I 2026-07-13 15:21:33,689] Trial 1976 pruned. 
[I 2026-07-13 15:21:34,768] Trial 1977 pruned. 
[I 2026-07-13 15:21:35,774] Trial 1978 pruned. 
[I 2026-07-13 15:21:36,877] Trial 1979 pruned. 
[I 2026-07-13 15:21:37,685] Trial 1980 pruned. 
[I 2026-07-13 15:21:38,077] Trial 1981 pruned. 
[I 2026-07-13 15:21:39,584] Trial 1982 pruned. 
[I 2026-07-13 15:21:40,484] Trial 1983 pruned. 
[I 2026-07-13 15:21:41,181] Trial 1984 pruned. 
[I 2026-07-13 15:21:42,621] Trial 1985 pruned. 
[I 2026-07-13 15:21:44,143] Trial 1986 pruned. 
[I 2026-07-13 15:21:46,850] Trial 1987 pruned. 
[I 2026-07-13 15:21:47,929] Trial 1988 pruned. 
[I 2026-07-13 15:21:48,428] Trial 1989 pruned. 
[I 2026-07-13 15:21:49,354] Trial 1990 pruned. 
[I 2026-07-13 15:21:50,970] Trial 1991 pruned. 
[I 2026-07-13 15:21:52,731] Trial 1992 pruned. 
[I 2026-07-13 15:21:54,190] Trial 1993 pruned. 
[I 2026-07-13 15:21:55,388] Trial 1994 pruned. 
[I 2026-07-13 15:21:56,527] Trial 1995 pruned. 
[I 2026-07-13 15:21:57,243] Trial 1996 pruned. 
[I 2026-07-13 15:21:57,474] Trial 1997 pruned. 
[I 2026-07-13 15:21:58,652] Trial 1998 pruned. 
[I 2026-07-13 15:21:59,186] Trial 1999 pruned. 
[I 2026-07-13 15:21:59,563] Trial 2000 pruned. 
[I 2026-07-13 15:21:59,980] Trial 2001 pruned. 
[I 2026-07-13 15:22:00,513] Trial 2002 pruned. 
[I 2026-07-13 15:22:01,626] Trial 2003 pruned. 
[I 2026-07-13 15:22:03,118] Trial 2004 pruned. 
[I 2026-07-13 15:22:04,004] Trial 2005 pruned. 
[I 2026-07-13 15:22:04,697] Trial 2006 pruned. 
[I 2026-07-13 15:22:05,604] Trial 2007 pruned. 
[I 2026-07-13 15:22:07,074] Trial 2008 pruned. 
[I 2026-07-13 15:22:07,771] Trial 2009 pruned. 
[I 2026-07-13 15:22:08,762] Trial 2010 pruned. 
[I 2026-07-13 15:22:09,548] Trial 2011 pruned. 
[I 2026-07-13 15:22:10,342] Trial 2012 pruned. 
[I 2026-07-13 15:22:11,153] Trial 2013 pruned. 
[I 2026-07-13 15:22:11,537] Trial 2014 pruned. 
[I 2026-07-13 15:22:12,851] Trial 2015 pruned. 
[I 2026-07-13 15:22:13,458] Trial 2016 pruned. 
[I 2026-07-13 15:22:15,013] Trial 2017 pruned. 
[I 2026-07-13 15:22:18,301] Trial 2018 pruned. 
[I 2026-07-13 15:22:19,359] Trial 2019 pruned. 
[I 2026-07-13 15:22:19,811] Trial 2020 pruned. 
[I 2026-07-13 15:22:21,453] Trial 2021 pruned. 
[I 2026-07-13 15:22:22,092] Trial 2022 pruned. 
[I 2026-07-13 15:22:24,019] Trial 2023 pruned. 
[I 2026-07-13 15:22:25,847] Trial 2024 pruned. 
[I 2026-07-13 15:22:27,375] Trial 2025 pruned. 
[I 2026-07-13 15:22:28,487] Trial 2026 pruned. 
[I 2026-07-13 15:22:36,873] Trial 2027 finished with values: [481.8084944407282, -5649.711719975768, 47.2] and parameters: {'sl_soft': 0.04100880279024977, 'sl_hard_delta': 0.16467351342568515, 'tp': 0.11105865463556486, 'gate_pct': 98.80229380351075, 'dd_limit': 7.351713918926211, 'cooldown': 0, 'flip': True, 'en_ema_trend': True, 'ema_trend_fast': 176, 'ema_trend_slow': 231, 'en_sma_trend': True, 'sma_trend_fast': 166, 'sma_trend_slow': 28, 'en_macd': False, 'macd_fast': 64, 'macd_slow': 170, 'macd_signal': 37, 'en_vwap': True, 'en_keltner': False, 'keltner_n': 13, 'keltner_m': 4.8, 'en_obv': True, 'obv_slope': 76, 'en_cci': True, 'cci_n': 8, 'cci_threshold': 170, 'en_rsi': False, 'rsi_n': 21, 'rsi_lower': 43, 'rsi_upper': 74, 'en_stochastic': True, 'stochastic_n': 31, 'stochastic_d': 29, 'stochastic_lower': 9, 'stochastic_upper': 87, 'en_mfi': False, 'mfi_n': 44, 'mfi_lower': 26, 'mfi_upper': 65, 'en_bollinger': True, 'bollinger_n': 142, 'bollinger_k': 4.1, 'en_adx': False, 'adx_n': 8, 'adx_threshold': 55, 'en_structure_trend': True, 'structure_trend_swing_l': 19, 'en_order_block': True, 'order_block_swing_l': 4, 'en_fvg': False, 'fvg_lookback': 30, 'en_ifvg': True, 'en_breaker': False, 'breaker_swing_l': 20, 'en_cisd': True, 'k': 2, 'en_cap_bars': True, 'cap_1min': 1189}.
[I 2026-07-13 15:22:37,476] Trial 2028 pruned. 
[I 2026-07-13 15:22:38,264] Trial 2029 pruned. 
[I 2026-07-13 15:22:40,154] Trial 2030 pruned. 
[I 2026-07-13 15:22:42,881] Trial 2031 pruned. 
[I 2026-07-13 15:22:44,191] Trial 2032 pruned. 
[I 2026-07-13 15:22:44,551] Trial 2033 pruned. 
[I 2026-07-13 15:22:45,445] Trial 2034 pruned. 
[I 2026-07-13 15:22:47,053] Trial 2035 pruned. 
[I 2026-07-13 15:22:48,026] Trial 2036 pruned. 
[I 2026-07-13 15:22:49,164] Trial 2037 pruned. 
[I 2026-07-13 15:22:50,318] Trial 2038 pruned. 
[I 2026-07-13 15:22:51,409] Trial 2039 pruned. 
[I 2026-07-13 15:22:51,713] Trial 2040 pruned. 
[I 2026-07-13 15:22:52,753] Trial 2041 pruned. 
[I 2026-07-13 15:22:55,015] Trial 2042 pruned. 
[I 2026-07-13 15:22:56,241] Trial 2043 pruned. 
[I 2026-07-13 15:22:56,858] Trial 2044 pruned. 
[I 2026-07-13 15:22:58,658] Trial 2045 pruned. 
[I 2026-07-13 15:23:00,373] Trial 2046 pruned. 
[I 2026-07-13 15:23:02,244] Trial 2047 pruned. 
[I 2026-07-13 15:23:03,331] Trial 2048 pruned. 
[I 2026-07-13 15:23:04,298] Trial 2049 pruned. 
[I 2026-07-13 15:23:04,637] Trial 2050 pruned. 
[I 2026-07-13 15:23:06,170] Trial 2051 pruned. 
[I 2026-07-13 15:23:07,520] Trial 2052 pruned. 
[I 2026-07-13 15:23:08,703] Trial 2053 pruned. 
[I 2026-07-13 15:23:10,568] Trial 2054 pruned. 
[I 2026-07-13 15:23:13,625] Trial 2055 pruned. 
[I 2026-07-13 15:23:14,075] Trial 2056 pruned. 
[I 2026-07-13 15:23:16,321] Trial 2057 pruned. 
[I 2026-07-13 15:23:17,482] Trial 2058 pruned. 
[I 2026-07-13 15:23:19,056] Trial 2059 pruned. 
[I 2026-07-13 15:23:20,371] Trial 2060 pruned. 
[I 2026-07-13 15:23:21,389] Trial 2061 pruned. 
[I 2026-07-13 15:23:23,008] Trial 2062 pruned. 
[I 2026-07-13 15:23:23,872] Trial 2063 pruned. 
[I 2026-07-13 15:23:24,323] Trial 2064 pruned. 
[I 2026-07-13 15:23:25,508] Trial 2065 pruned. 
[I 2026-07-13 15:23:26,815] Trial 2066 pruned. 
[I 2026-07-13 15:23:29,099] Trial 2067 pruned. 
[I 2026-07-13 15:23:29,898] Trial 2068 pruned. 
[I 2026-07-13 15:23:30,516] Trial 2069 pruned. 
[I 2026-07-13 15:23:31,529] Trial 2070 pruned. 
[I 2026-07-13 15:23:32,342] Trial 2071 pruned. 
[I 2026-07-13 15:23:32,781] Trial 2072 pruned. 
[I 2026-07-13 15:23:33,693] Trial 2073 pruned. 
[I 2026-07-13 15:23:34,670] Trial 2074 pruned. 
[I 2026-07-13 15:23:35,571] Trial 2075 pruned. 
[I 2026-07-13 15:23:36,991] Trial 2076 pruned. 
[I 2026-07-13 15:23:38,599] Trial 2077 pruned. 
[I 2026-07-13 15:23:40,112] Trial 2078 pruned. 
[I 2026-07-13 15:23:42,100] Trial 2079 pruned. 
[I 2026-07-13 15:23:42,367] Trial 2080 finished with values: [-744.4541525001646, -6796.045095350967, 71.30000000000001] and parameters: {'sl_soft': 0.0831409590621415, 'sl_hard_delta': 0.17728562780573298, 'tp': 0.045715737288464064, 'gate_pct': 99.4732844060646, 'dd_limit': 4.17581929961137, 'cooldown': 1, 'flip': False, 'en_ema_trend': False, 'ema_trend_fast': 149, 'ema_trend_slow': 84, 'en_sma_trend': True, 'sma_trend_fast': 182, 'sma_trend_slow': 309, 'en_macd': True, 'macd_fast': 6, 'macd_slow': 157, 'macd_signal': 6, 'en_vwap': True, 'en_keltner': False, 'keltner_n': 102, 'keltner_m': 4.2, 'en_obv': True, 'obv_slope': 161, 'en_cci': False, 'cci_n': 38, 'cci_threshold': 245, 'en_rsi': False, 'rsi_n': 25, 'rsi_lower': 4, 'rsi_upper': 72, 'en_stochastic': False, 'stochastic_n': 72, 'stochastic_d': 27, 'stochastic_lower': 49, 'stochastic_upper': 75, 'en_mfi': True, 'mfi_n': 54, 'mfi_lower': 49, 'mfi_upper': 78, 'en_bollinger': True, 'bollinger_n': 171, 'bollinger_k': 4.7, 'en_adx': False, 'adx_n': 78, 'adx_threshold': 40, 'en_structure_trend': True, 'structure_trend_swing_l': 13, 'en_order_block': True, 'order_block_swing_l': 18, 'en_fvg': True, 'fvg_lookback': 47, 'en_ifvg': False, 'en_breaker': False, 'breaker_swing_l': 10, 'en_cisd': True, 'k': 4, 'en_cap_bars': True, 'cap_1min': 436}.
[I 2026-07-13 15:23:42,762] Trial 2081 pruned. 
[I 2026-07-13 15:23:44,557] Trial 2082 pruned. 
[I 2026-07-13 15:23:46,885] Trial 2083 pruned. 
[I 2026-07-13 15:23:48,198] Trial 2084 pruned. 
[I 2026-07-13 15:23:49,716] Trial 2085 pruned. 
[I 2026-07-13 15:23:50,719] Trial 2086 pruned. 
[I 2026-07-13 15:23:52,181] Trial 2087 pruned. 
[I 2026-07-13 15:23:53,006] Trial 2088 pruned. 
[I 2026-07-13 15:23:53,398] Trial 2089 pruned. 
[I 2026-07-13 15:23:57,811] Trial 2090 finished with values: [1749.630400795396, -4797.001741670429, 75.75] and parameters: {'sl_soft': 0.13648397518861563, 'sl_hard_delta': 0.12271149882589488, 'tp': 0.07738154772393774, 'gate_pct': 97.87184393359011, 'dd_limit': 0.6062953539401272, 'cooldown': 5, 'flip': False, 'en_ema_trend': True, 'ema_trend_fast': 195, 'ema_trend_slow': 377, 'en_sma_trend': True, 'sma_trend_fast': 44, 'sma_trend_slow': 200, 'en_macd': True, 'macd_fast': 70, 'macd_slow': 72, 'macd_signal': 45, 'en_vwap': True, 'en_keltner': True, 'keltner_n': 24, 'keltner_m': 1.3, 'en_obv': True, 'obv_slope': 61, 'en_cci': True, 'cci_n': 142, 'cci_threshold': 250, 'en_rsi': True, 'rsi_n': 93, 'rsi_lower': 30, 'rsi_upper': 66, 'en_stochastic': False, 'stochastic_n': 95, 'stochastic_d': 28, 'stochastic_lower': 42, 'stochastic_upper': 91, 'en_mfi': False, 'mfi_n': 19, 'mfi_lower': 22, 'mfi_upper': 73, 'en_bollinger': False, 'bollinger_n': 149, 'bollinger_k': 2.8000000000000003, 'en_adx': False, 'adx_n': 50, 'adx_threshold': 24, 'en_structure_trend': True, 'structure_trend_swing_l': 17, 'en_order_block': True, 'order_block_swing_l': 11, 'en_fvg': True, 'fvg_lookback': 7, 'en_ifvg': False, 'en_breaker': True, 'breaker_swing_l': 6, 'en_cisd': False, 'k': 4, 'en_cap_bars': False, 'cap_1min': 1250}.
[I 2026-07-13 15:23:59,857] Trial 2091 pruned. 
[I 2026-07-13 15:24:01,363] Trial 2092 pruned. 
[I 2026-07-13 15:24:02,188] Trial 2093 pruned. 
[I 2026-07-13 15:24:03,163] Trial 2094 pruned. 
[I 2026-07-13 15:24:04,130] Trial 2095 pruned. 
[I 2026-07-13 15:24:06,820] Trial 2096 pruned. 
[I 2026-07-13 15:24:08,737] Trial 2097 pruned. 
[I 2026-07-13 15:24:10,059] Trial 2098 pruned. 
[I 2026-07-13 15:24:12,070] Trial 2099 pruned. 
[I 2026-07-13 15:24:12,887] Trial 2100 pruned. 
[I 2026-07-13 15:24:13,828] Trial 2101 pruned. 
[I 2026-07-13 15:24:14,683] Trial 2102 pruned. 
[I 2026-07-13 15:24:16,938] Trial 2103 pruned. 
[I 2026-07-13 15:24:18,843] Trial 2104 pruned. 
[I 2026-07-13 15:24:20,689] Trial 2105 pruned. 
[I 2026-07-13 15:24:21,951] Trial 2106 pruned. 
[I 2026-07-13 15:24:22,191] Trial 2107 pruned. 
[I 2026-07-13 15:24:25,874] Trial 2108 pruned. 
[I 2026-07-13 15:24:28,211] Trial 2109 pruned. 
[I 2026-07-13 15:24:28,680] Trial 2110 pruned. 
[I 2026-07-13 15:24:29,435] Trial 2111 pruned. 
[I 2026-07-13 15:24:30,682] Trial 2112 pruned. 
[I 2026-07-13 15:24:31,625] Trial 2113 pruned. 
[I 2026-07-13 15:24:33,047] Trial 2114 pruned. 
[I 2026-07-13 15:24:34,817] Trial 2115 pruned. 
[I 2026-07-13 15:24:36,780] Trial 2116 pruned. 
[I 2026-07-13 15:24:37,752] Trial 2117 pruned. 
[I 2026-07-13 15:24:38,509] Trial 2118 pruned. 
[I 2026-07-13 15:24:39,421] Trial 2119 pruned. 
[I 2026-07-13 15:24:39,618] Trial 2120 pruned. 
[I 2026-07-13 15:24:41,090] Trial 2121 pruned. 
[I 2026-07-13 15:24:42,111] Trial 2122 pruned. 
[I 2026-07-13 15:24:43,809] Trial 2123 pruned. 
[I 2026-07-13 15:24:44,450] Trial 2124 pruned. 
[I 2026-07-13 15:24:45,949] Trial 2125 pruned. 
[I 2026-07-13 15:24:46,899] Trial 2126 pruned. 
[I 2026-07-13 15:24:47,616] Trial 2127 pruned. 
[I 2026-07-13 15:24:48,140] Trial 2128 pruned. 
[I 2026-07-13 15:24:48,735] Trial 2129 pruned. 
[I 2026-07-13 15:24:49,362] Trial 2130 pruned. 
[I 2026-07-13 15:24:50,583] Trial 2131 pruned. 
[I 2026-07-13 15:24:52,111] Trial 2132 pruned. 
[I 2026-07-13 15:24:53,208] Trial 2133 pruned. 
[I 2026-07-13 15:24:55,229] Trial 2134 pruned. 
[I 2026-07-13 15:24:56,522] Trial 2135 pruned. 
[I 2026-07-13 15:24:57,855] Trial 2136 pruned. 
[I 2026-07-13 15:25:00,616] Trial 2137 pruned. 
[I 2026-07-13 15:25:02,810] Trial 2138 pruned. 
[I 2026-07-13 15:25:03,732] Trial 2139 pruned. 
[I 2026-07-13 15:25:04,603] Trial 2140 pruned. 
[I 2026-07-13 15:25:06,474] Trial 2141 pruned. 
[I 2026-07-13 15:25:08,543] Trial 2142 pruned. 
[I 2026-07-13 15:25:09,345] Trial 2143 pruned. 
[I 2026-07-13 15:25:10,244] Trial 2144 pruned. 
[I 2026-07-13 15:25:10,494] Trial 2145 pruned. 
[I 2026-07-13 15:25:11,555] Trial 2146 pruned. 
[I 2026-07-13 15:25:12,639] Trial 2147 pruned. 
[I 2026-07-13 15:25:13,947] Trial 2148 pruned. 
[I 2026-07-13 15:25:17,099] Trial 2149 pruned. 
[I 2026-07-13 15:25:18,778] Trial 2150 pruned. 
[I 2026-07-13 15:25:19,800] Trial 2151 pruned. 
[I 2026-07-13 15:25:20,347] Trial 2152 pruned. 
[I 2026-07-13 15:25:21,437] Trial 2153 pruned. 
[I 2026-07-13 15:25:22,425] Trial 2154 pruned. 
[I 2026-07-13 15:25:22,973] Trial 2155 pruned. 
[I 2026-07-13 15:25:24,305] Trial 2156 pruned. 
[I 2026-07-13 15:25:25,956] Trial 2157 pruned. 
[I 2026-07-13 15:25:27,055] Trial 2158 pruned. 
[I 2026-07-13 15:25:28,707] Trial 2159 pruned. 
[I 2026-07-13 15:25:28,876] Trial 2160 pruned. 
[I 2026-07-13 15:25:30,048] Trial 2161 pruned. 
[I 2026-07-13 15:25:30,556] Trial 2162 pruned. 
[I 2026-07-13 15:25:33,417] Trial 2163 pruned. 
[I 2026-07-13 15:25:34,291] Trial 2164 pruned. 
[I 2026-07-13 15:25:35,431] Trial 2165 pruned. 
[I 2026-07-13 15:25:36,539] Trial 2166 pruned. 
[I 2026-07-13 15:25:37,979] Trial 2167 pruned. 
[I 2026-07-13 15:25:38,222] Trial 2168 pruned. 
[I 2026-07-13 15:25:39,152] Trial 2169 pruned. 
[I 2026-07-13 15:25:40,924] Trial 2170 pruned. 
[I 2026-07-13 15:25:42,715] Trial 2171 pruned. 
[I 2026-07-13 15:25:43,547] Trial 2172 pruned. 
[I 2026-07-13 15:25:44,949] Trial 2173 pruned. 
[I 2026-07-13 15:25:45,882] Trial 2174 pruned. 
[I 2026-07-13 15:25:47,122] Trial 2175 pruned. 
[I 2026-07-13 15:25:48,416] Trial 2176 pruned. 
[I 2026-07-13 15:25:49,557] Trial 2177 pruned. 
[I 2026-07-13 15:25:49,999] Trial 2178 pruned. 
[I 2026-07-13 15:25:51,024] Trial 2179 pruned. 
[I 2026-07-13 15:25:52,178] Trial 2180 pruned. 
[I 2026-07-13 15:25:52,603] Trial 2181 pruned. 
[I 2026-07-13 15:25:54,508] Trial 2182 pruned. 
[I 2026-07-13 15:25:55,754] Trial 2183 pruned. 
[I 2026-07-13 15:25:57,486] Trial 2184 pruned. 
[I 2026-07-13 15:25:57,670] Trial 2185 pruned. 
[I 2026-07-13 15:25:58,675] Trial 2186 pruned. 
[I 2026-07-13 15:25:59,288] Trial 2187 pruned. 
[I 2026-07-13 15:26:00,244] Trial 2188 pruned. 
[I 2026-07-13 15:26:01,285] Trial 2189 pruned. 
[I 2026-07-13 15:26:08,639] Trial 2190 finished with values: [-2184.1846761878965, -6173.926304053337, 28.65] and parameters: {'sl_soft': 0.08362489948038601, 'sl_hard_delta': 0.012915336902876228, 'tp': 0.1946372275489682, 'gate_pct': 97.13251208528087, 'dd_limit': 8.388581421404096, 'cooldown': 3, 'flip': False, 'en_ema_trend': False, 'ema_trend_fast': 229, 'ema_trend_slow': 333, 'en_sma_trend': True, 'sma_trend_fast': 228, 'sma_trend_slow': 151, 'en_macd': False, 'macd_fast': 17, 'macd_slow': 188, 'macd_signal': 17, 'en_vwap': True, 'en_keltner': True, 'keltner_n': 2, 'keltner_m': 1.2000000000000002, 'en_obv': True, 'obv_slope': 63, 'en_cci': True, 'cci_n': 51, 'cci_threshold': 90, 'en_rsi': True, 'rsi_n': 38, 'rsi_lower': 9, 'rsi_upper': 72, 'en_stochastic': False, 'stochastic_n': 83, 'stochastic_d': 18, 'stochastic_lower': 33, 'stochastic_upper': 61, 'en_mfi': False, 'mfi_n': 17, 'mfi_lower': 3, 'mfi_upper': 68, 'en_bollinger': True, 'bollinger_n': 34, 'bollinger_k': 4.9, 'en_adx': True, 'adx_n': 51, 'adx_threshold': 11, 'en_structure_trend': False, 'structure_trend_swing_l': 15, 'en_order_block': False, 'order_block_swing_l': 14, 'en_fvg': True, 'fvg_lookback': 25, 'en_ifvg': False, 'en_breaker': True, 'breaker_swing_l': 13, 'en_cisd': True, 'k': 2, 'en_cap_bars': True, 'cap_1min': 390}.
[I 2026-07-13 15:26:09,210] Trial 2191 pruned. 
[I 2026-07-13 15:26:09,552] Trial 2192 pruned. 
[I 2026-07-13 15:26:11,038] Trial 2193 pruned. 
[I 2026-07-13 15:26:11,929] Trial 2194 pruned. 
[I 2026-07-13 15:26:12,987] Trial 2195 pruned. 
[I 2026-07-13 15:26:13,555] Trial 2196 pruned. 
[I 2026-07-13 15:26:14,914] Trial 2197 pruned. 
[I 2026-07-13 15:26:17,763] Trial 2198 pruned. 
[I 2026-07-13 15:26:17,963] Trial 2199 pruned. 
[I 2026-07-13 15:26:18,131] Trial 2200 pruned. 
[I 2026-07-13 15:26:19,134] Trial 2201 pruned. 
[I 2026-07-13 15:26:20,133] Trial 2202 pruned. 
[I 2026-07-13 15:26:21,092] Trial 2203 pruned. 
[I 2026-07-13 15:26:22,439] Trial 2204 pruned. 
[I 2026-07-13 15:26:26,568] Trial 2205 finished with values: [-7199.168695588371, -21673.869219678534, 40.5] and parameters: {'sl_soft': 0.13502876610824927, 'sl_hard_delta': 0.029911318811193324, 'tp': 0.18587215468198473, 'gate_pct': 96.65475725098474, 'dd_limit': 5.052448726200229, 'cooldown': 0, 'flip': False, 'en_ema_trend': True, 'ema_trend_fast': 193, 'ema_trend_slow': 236, 'en_sma_trend': True, 'sma_trend_fast': 70, 'sma_trend_slow': 191, 'en_macd': True, 'macd_fast': 11, 'macd_slow': 74, 'macd_signal': 60, 'en_vwap': True, 'en_keltner': True, 'keltner_n': 122, 'keltner_m': 1.9000000000000001, 'en_obv': False, 'obv_slope': 19, 'en_cci': True, 'cci_n': 107, 'cci_threshold': 205, 'en_rsi': False, 'rsi_n': 40, 'rsi_lower': 32, 'rsi_upper': 79, 'en_stochastic': False, 'stochastic_n': 70, 'stochastic_d': 46, 'stochastic_lower': 26, 'stochastic_upper': 78, 'en_mfi': True, 'mfi_n': 95, 'mfi_lower': 36, 'mfi_upper': 87, 'en_bollinger': False, 'bollinger_n': 48, 'bollinger_k': 0.9, 'en_adx': False, 'adx_n': 44, 'adx_threshold': 9, 'en_structure_trend': True, 'structure_trend_swing_l': 20, 'en_order_block': False, 'order_block_swing_l': 4, 'en_fvg': False, 'fvg_lookback': 49, 'en_ifvg': True, 'en_breaker': False, 'breaker_swing_l': 16, 'en_cisd': True, 'k': 3, 'en_cap_bars': True, 'cap_1min': 1399}.
[I 2026-07-13 15:26:27,804] Trial 2206 pruned. 
[I 2026-07-13 15:26:28,768] Trial 2207 pruned. 
[I 2026-07-13 15:26:29,721] Trial 2208 pruned. 
[I 2026-07-13 15:26:30,913] Trial 2209 pruned. 
[I 2026-07-13 15:26:34,797] Trial 2210 pruned. 
[I 2026-07-13 15:26:35,607] Trial 2211 pruned. 
[I 2026-07-13 15:26:36,586] Trial 2212 pruned. 
[I 2026-07-13 15:26:37,895] Trial 2213 pruned. 
[I 2026-07-13 15:26:39,332] Trial 2214 pruned. 
[I 2026-07-13 15:26:39,984] Trial 2215 pruned. 
[I 2026-07-13 15:26:41,026] Trial 2216 pruned. 
[I 2026-07-13 15:26:43,730] Trial 2217 pruned. 
[I 2026-07-13 15:26:44,849] Trial 2218 pruned. 
[I 2026-07-13 15:26:46,621] Trial 2219 pruned. 
[I 2026-07-13 15:26:48,041] Trial 2220 pruned. 
[I 2026-07-13 15:26:48,332] Trial 2221 pruned. 
[I 2026-07-13 15:26:49,129] Trial 2222 pruned. 
[I 2026-07-13 15:26:51,400] Trial 2223 pruned. 
[I 2026-07-13 15:26:53,192] Trial 2224 pruned. 
[I 2026-07-13 15:26:54,280] Trial 2225 pruned. 
[I 2026-07-13 15:26:55,035] Trial 2226 pruned. 
[I 2026-07-13 15:26:55,739] Trial 2227 pruned. 
[I 2026-07-13 15:26:55,982] Trial 2228 pruned. 
[I 2026-07-13 15:26:57,791] Trial 2229 pruned. 
[I 2026-07-13 15:26:58,831] Trial 2230 pruned. 
[I 2026-07-13 15:27:00,553] Trial 2231 pruned. 
[I 2026-07-13 15:27:01,951] Trial 2232 pruned. 
[I 2026-07-13 15:27:02,265] Trial 2233 pruned. 
[I 2026-07-13 15:27:03,131] Trial 2234 pruned. 
[I 2026-07-13 15:27:04,581] Trial 2235 pruned. 
[I 2026-07-13 15:27:05,417] Trial 2236 pruned. 
[I 2026-07-13 15:27:07,259] Trial 2237 pruned. 
[I 2026-07-13 15:27:08,286] Trial 2238 pruned. 
[I 2026-07-13 15:27:09,850] Trial 2239 pruned. 
[I 2026-07-13 15:27:10,032] Trial 2240 pruned. 
[I 2026-07-13 15:27:11,233] Trial 2241 pruned. 
[I 2026-07-13 15:27:12,076] Trial 2242 pruned. 
[I 2026-07-13 15:27:13,968] Trial 2243 pruned. 
[I 2026-07-13 15:27:14,354] Trial 2244 pruned. 
[I 2026-07-13 15:27:15,748] Trial 2245 pruned. 
[I 2026-07-13 15:27:16,073] Trial 2246 pruned. 
[I 2026-07-13 15:27:19,105] Trial 2247 pruned. 
[I 2026-07-13 15:27:21,039] Trial 2248 pruned. 
[I 2026-07-13 15:27:22,329] Trial 2249 pruned. 
[I 2026-07-13 15:27:23,236] Trial 2250 pruned. 
[I 2026-07-13 15:27:24,189] Trial 2251 pruned. 
[I 2026-07-13 15:27:25,697] Trial 2252 pruned. 
[I 2026-07-13 15:27:27,498] Trial 2253 pruned. 
[I 2026-07-13 15:27:28,765] Trial 2254 pruned. 
[I 2026-07-13 15:27:29,859] Trial 2255 pruned. 
[I 2026-07-13 15:27:31,611] Trial 2256 pruned. 
[I 2026-07-13 15:27:32,775] Trial 2257 pruned. 
[I 2026-07-13 15:27:33,981] Trial 2258 pruned. 
[I 2026-07-13 15:27:34,897] Trial 2259 pruned. 
[I 2026-07-13 15:27:35,717] Trial 2260 pruned. 
[I 2026-07-13 15:27:36,820] Trial 2261 pruned. 
[I 2026-07-13 15:27:37,740] Trial 2262 pruned. 
[I 2026-07-13 15:27:38,668] Trial 2263 pruned. 
[I 2026-07-13 15:27:38,914] Trial 2264 pruned. 
[I 2026-07-13 15:27:39,791] Trial 2265 pruned. 
[I 2026-07-13 15:27:41,014] Trial 2266 pruned. 
[I 2026-07-13 15:27:42,221] Trial 2267 pruned. 
[I 2026-07-13 15:27:42,558] Trial 2268 pruned. 
[I 2026-07-13 15:27:43,363] Trial 2269 pruned. 
[I 2026-07-13 15:27:44,595] Trial 2270 pruned. 
[I 2026-07-13 15:27:45,649] Trial 2271 pruned. 
[I 2026-07-13 15:27:46,359] Trial 2272 pruned. 
[I 2026-07-13 15:27:47,283] Trial 2273 pruned. 
[I 2026-07-13 15:27:49,917] Trial 2274 pruned. 
[I 2026-07-13 15:27:51,640] Trial 2275 pruned. 
[I 2026-07-13 15:27:53,760] Trial 2276 pruned. 
[I 2026-07-13 15:27:55,626] Trial 2277 pruned. 
[I 2026-07-13 15:27:56,334] Trial 2278 pruned. 
[I 2026-07-13 15:27:57,470] Trial 2279 pruned. 
[I 2026-07-13 15:27:57,694] Trial 2280 pruned. 
[I 2026-07-13 15:28:00,778] Trial 2281 pruned. 
[I 2026-07-13 15:28:01,138] Trial 2282 pruned. 
[I 2026-07-13 15:28:01,694] Trial 2283 pruned. 
[I 2026-07-13 15:28:03,191] Trial 2284 pruned. 
[I 2026-07-13 15:28:04,113] Trial 2285 pruned. 
[I 2026-07-13 15:28:04,989] Trial 2286 pruned. 
[I 2026-07-13 15:28:06,719] Trial 2287 pruned. 
[I 2026-07-13 15:28:07,744] Trial 2288 pruned. 
[I 2026-07-13 15:28:09,057] Trial 2289 pruned. 
[I 2026-07-13 15:28:10,017] Trial 2290 pruned. 
[I 2026-07-13 15:28:10,664] Trial 2291 pruned. 
[I 2026-07-13 15:28:12,646] Trial 2292 pruned. 
