[I 2026-07-13 16:38:26,274] Trial 4768 finished with values: [5148.6950321717195, -10814.839514363863, 45.3] and parameters: {'sl_soft': 0.07787542705544737, 'sl_hard_delta': 0.17424252774383417, 'tp': 0.16369789677360067, 'gate_pct': 97.66578486655469, 'dd_limit': 2.4528084273798805, 'cooldown': 2, 'flip': True, 'en_ema_trend': False, 'ema_trend_fast': 114, 'ema_trend_slow': 260, 'en_sma_trend': False, 'sma_trend_fast': 105, 'sma_trend_slow': 319, 'en_macd': True, 'macd_fast': 2, 'macd_slow': 188, 'macd_signal': 61, 'en_vwap': False, 'en_keltner': True, 'keltner_n': 43, 'keltner_m': 3.0, 'en_obv': True, 'obv_slope': 13, 'en_cci': True, 'cci_n': 146, 'cci_threshold': 290, 'en_rsi': False, 'rsi_n': 96, 'rsi_lower': 1, 'rsi_upper': 94, 'en_stochastic': True, 'stochastic_n': 82, 'stochastic_d': 43, 'stochastic_lower': 4, 'stochastic_upper': 91, 'en_mfi': False, 'mfi_n': 8, 'mfi_lower': 27, 'mfi_upper': 57, 'en_bollinger': True, 'bollinger_n': 155, 'bollinger_k': 4.2, 'en_adx': False, 'adx_n': 22, 'adx_threshold': 47, 'en_structure_trend': False, 'structure_trend_swing_l': 9, 'en_order_block': False, 'order_block_swing_l': 4, 'en_fvg': False, 'fvg_lookback': 7, 'en_ifvg': False, 'en_breaker': False, 'breaker_swing_l': 14, 'en_cisd': True, 'k': 3, 'en_cap_bars': True, 'cap_1min': 878}.
[I 2026-07-13 16:38:26,776] Trial 4769 finished with values: [2372.715791368477, -5050.021192518875, 76.15] and parameters: {'sl_soft': 0.06423559890121558, 'sl_hard_delta': 0.17424252774383417, 'tp': 0.04490461800882547, 'gate_pct': 97.87184393359011, 'dd_limit': 3.021375135532224, 'cooldown': 2, 'flip': True, 'en_ema_trend': False, 'ema_trend_fast': 342, 'ema_trend_slow': 397, 'en_sma_trend': False, 'sma_trend_fast': 198, 'sma_trend_slow': 319, 'en_macd': True, 'macd_fast': 64, 'macd_slow': 123, 'macd_signal': 19, 'en_vwap': False, 'en_keltner': False, 'keltner_n': 135, 'keltner_m': 0.7, 'en_obv': True, 'obv_slope': 13, 'en_cci': True, 'cci_n': 54, 'cci_threshold': 145, 'en_rsi': False, 'rsi_n': 96, 'rsi_lower': 31, 'rsi_upper': 94, 'en_stochastic': True, 'stochastic_n': 82, 'stochastic_d': 28, 'stochastic_lower': 8, 'stochastic_upper': 91, 'en_mfi': False, 'mfi_n': 8, 'mfi_lower': 11, 'mfi_upper': 57, 'en_bollinger': False, 'bollinger_n': 169, 'bollinger_k': 4.2, 'en_adx': False, 'adx_n': 22, 'adx_threshold': 47, 'en_structure_trend': False, 'structure_trend_swing_l': 12, 'en_order_block': False, 'order_block_swing_l': 4, 'en_fvg': True, 'fvg_lookback': 19, 'en_ifvg': False, 'en_breaker': False, 'breaker_swing_l': 20, 'en_cisd': True, 'k': 1, 'en_cap_bars': True, 'cap_1min': 59}.
[I 2026-07-13 16:38:27,153] Trial 4770 finished with values: [-1140.964692744326, -7476.14354847123, 45.45] and parameters: {'sl_soft': 0.08345559528832464, 'sl_hard_delta': 0.04269284514679842, 'tp': 0.11965293792891196, 'gate_pct': 99.55888908721671, 'dd_limit': 5.319419455229414, 'cooldown': 2, 'flip': True, 'en_ema_trend': False, 'ema_trend_fast': 114, 'ema_trend_slow': 294, 'en_sma_trend': False, 'sma_trend_fast': 198, 'sma_trend_slow': 117, 'en_macd': True, 'macd_fast': 64, 'macd_slow': 188, 'macd_signal': 73, 'en_vwap': True, 'en_keltner': False, 'keltner_n': 99, 'keltner_m': 4.5, 'en_obv': True, 'obv_slope': 129, 'en_cci': True, 'cci_n': 134, 'cci_threshold': 145, 'en_rsi': False, 'rsi_n': 56, 'rsi_lower': 18, 'rsi_upper': 70, 'en_stochastic': True, 'stochastic_n': 62, 'stochastic_d': 49, 'stochastic_lower': 21, 'stochastic_upper': 91, 'en_mfi': False, 'mfi_n': 27, 'mfi_lower': 38, 'mfi_upper': 51, 'en_bollinger': True, 'bollinger_n': 31, 'bollinger_k': 2.4000000000000004, 'en_adx': False, 'adx_n': 11, 'adx_threshold': 48, 'en_structure_trend': False, 'structure_trend_swing_l': 9, 'en_order_block': False, 'order_block_swing_l': 4, 'en_fvg': True, 'fvg_lookback': 7, 'en_ifvg': False, 'en_breaker': False, 'breaker_swing_l': 20, 'en_cisd': True, 'k': 4, 'en_cap_bars': False, 'cap_1min': 59}.
[I 2026-07-13 16:38:28,628] Trial 4771 finished with values: [1221.6616303089902, -725.0000000000157, 89.9] and parameters: {'sl_soft': 0.09561626693152817, 'sl_hard_delta': 0.17424252774383417, 'tp': 0.04490461800882547, 'gate_pct': 97.66578486655469, 'dd_limit': 3.021375135532224, 'cooldown': 6, 'flip': True, 'en_ema_trend': True, 'ema_trend_fast': 342, 'ema_trend_slow': 391, 'en_sma_trend': False, 'sma_trend_fast': 198, 'sma_trend_slow': 325, 'en_macd': True, 'macd_fast': 64, 'macd_slow': 53, 'macd_signal': 73, 'en_vwap': False, 'en_keltner': True, 'keltner_n': 82, 'keltner_m': 2.1, 'en_obv': True, 'obv_slope': 129, 'en_cci': True, 'cci_n': 134, 'cci_threshold': 290, 'en_rsi': True, 'rsi_n': 73, 'rsi_lower': 31, 'rsi_upper': 58, 'en_stochastic': True, 'stochastic_n': 82, 'stochastic_d': 6, 'stochastic_lower': 4, 'stochastic_upper': 75, 'en_mfi': False, 'mfi_n': 97, 'mfi_lower': 38, 'mfi_upper': 57, 'en_bollinger': True, 'bollinger_n': 169, 'bollinger_k': 1.0, 'en_adx': False, 'adx_n': 98, 'adx_threshold': 47, 'en_structure_trend': True, 'structure_trend_swing_l': 1, 'en_order_block': False, 'order_block_swing_l': 20, 'en_fvg': True, 'fvg_lookback': 19, 'en_ifvg': False, 'en_breaker': False, 'breaker_swing_l': 19, 'en_cisd': True, 'k': 3, 'en_cap_bars': True, 'cap_1min': 1243}.
[I 2026-07-13 16:38:29,317] Trial 4772 finished with values: [2218.8882163971257, -4281.777592340603, 82.55000000000001] and parameters: {'sl_soft': 0.08345559528832464, 'sl_hard_delta': 0.17424252774383417, 'tp': 0.03810555008976396, 'gate_pct': 97.66578486655469, 'dd_limit': 3.021375135532224, 'cooldown': 2, 'flip': True, 'en_ema_trend': True, 'ema_trend_fast': 270, 'ema_trend_slow': 294, 'en_sma_trend': False, 'sma_trend_fast': 105, 'sma_trend_slow': 319, 'en_macd': True, 'macd_fast': 64, 'macd_slow': 53, 'macd_signal': 61, 'en_vwap': False, 'en_keltner': True, 'keltner_n': 82, 'keltner_m': 4.9, 'en_obv': True, 'obv_slope': 129, 'en_cci': True, 'cci_n': 134, 'cci_threshold': 145, 'en_rsi': True, 'rsi_n': 73, 'rsi_lower': 9, 'rsi_upper': 58, 'en_stochastic': True, 'stochastic_n': 82, 'stochastic_d': 6, 'stochastic_lower': 4, 'stochastic_upper': 91, 'en_mfi': False, 'mfi_n': 97, 'mfi_lower': 38, 'mfi_upper': 57, 'en_bollinger': True, 'bollinger_n': 169, 'bollinger_k': 4.2, 'en_adx': False, 'adx_n': 22, 'adx_threshold': 47, 'en_structure_trend': True, 'structure_trend_swing_l': 1, 'en_order_block': False, 'order_block_swing_l': 20, 'en_fvg': True, 'fvg_lookback': 19, 'en_ifvg': False, 'en_breaker': True, 'breaker_swing_l': 19, 'en_cisd': True, 'k': 3, 'en_cap_bars': True, 'cap_1min': 1353}.
[I 2026-07-13 16:38:29,750] Trial 4773 finished with values: [2023.7547438129525, -3865.9810958767334, 79.4] and parameters: {'sl_soft': 0.06423559890121558, 'sl_hard_delta': 0.17424252774383417, 'tp': 0.04490461800882547, 'gate_pct': 97.66578486655469, 'dd_limit': 3.021375135532224, 'cooldown': 0, 'flip': True, 'en_ema_trend': False, 'ema_trend_fast': 342, 'ema_trend_slow': 397, 'en_sma_trend': False, 'sma_trend_fast': 198, 'sma_trend_slow': 319, 'en_macd': True, 'macd_fast': 2, 'macd_slow': 15, 'macd_signal': 73, 'en_vwap': False, 'en_keltner': False, 'keltner_n': 43, 'keltner_m': 2.1, 'en_obv': True, 'obv_slope': 92, 'en_cci': True, 'cci_n': 134, 'cci_threshold': 145, 'en_rsi': True, 'rsi_n': 95, 'rsi_lower': 31, 'rsi_upper': 94, 'en_stochastic': True, 'stochastic_n': 98, 'stochastic_d': 28, 'stochastic_lower': 22, 'stochastic_upper': 91, 'en_mfi': False, 'mfi_n': 97, 'mfi_lower': 11, 'mfi_upper': 70, 'en_bollinger': True, 'bollinger_n': 155, 'bollinger_k': 4.2, 'en_adx': False, 'adx_n': 22, 'adx_threshold': 47, 'en_structure_trend': False, 'structure_trend_swing_l': 1, 'en_order_block': False, 'order_block_swing_l': 20, 'en_fvg': True, 'fvg_lookback': 7, 'en_ifvg': False, 'en_breaker': False, 'breaker_swing_l': 19, 'en_cisd': True, 'k': 2, 'en_cap_bars': False, 'cap_1min': 1243}.
[I 2026-07-13 16:38:30,191] Trial 4774 finished with values: [693.1665026930389, -709.4722495511263, 87.5] and parameters: {'sl_soft': 0.08345559528832464, 'sl_hard_delta': 0.17424252774383417, 'tp': 0.03810555008976396, 'gate_pct': 99.55888908721671, 'dd_limit': 3.021375135532224, 'cooldown': 2, 'flip': True, 'en_ema_trend': True, 'ema_trend_fast': 342, 'ema_trend_slow': 391, 'en_sma_trend': False, 'sma_trend_fast': 198, 'sma_trend_slow': 319, 'en_macd': True, 'macd_fast': 64, 'macd_slow': 53, 'macd_signal': 73, 'en_vwap': True, 'en_keltner': False, 'keltner_n': 173, 'keltner_m': 2.5, 'en_obv': True, 'obv_slope': 129, 'en_cci': True, 'cci_n': 134, 'cci_threshold': 145, 'en_rsi': True, 'rsi_n': 73, 'rsi_lower': 31, 'rsi_upper': 58, 'en_stochastic': True, 'stochastic_n': 98, 'stochastic_d': 6, 'stochastic_lower': 22, 'stochastic_upper': 91, 'en_mfi': False, 'mfi_n': 97, 'mfi_lower': 38, 'mfi_upper': 53, 'en_bollinger': True, 'bollinger_n': 83, 'bollinger_k': 0.9, 'en_adx': False, 'adx_n': 39, 'adx_threshold': 49, 'en_structure_trend': True, 'structure_trend_swing_l': 1, 'en_order_block': True, 'order_block_swing_l': 20, 'en_fvg': True, 'fvg_lookback': 9, 'en_ifvg': False, 'en_breaker': True, 'breaker_swing_l': 19, 'en_cisd': True, 'k': 2, 'en_cap_bars': False, 'cap_1min': 1353}.
[I 2026-07-13 16:38:30,550] Trial 4775 pruned. 
[I 2026-07-13 16:38:31,117] Trial 4776 finished with values: [2571.608649011596, -4220.25209296045, 79.35] and parameters: {'sl_soft': 0.06423559890121558, 'sl_hard_delta': 0.17424252774383417, 'tp': 0.04490461800882547, 'gate_pct': 97.66578486655469, 'dd_limit': 3.021375135532224, 'cooldown': 0, 'flip': True, 'en_ema_trend': True, 'ema_trend_fast': 342, 'ema_trend_slow': 397, 'en_sma_trend': False, 'sma_trend_fast': 198, 'sma_trend_slow': 143, 'en_macd': True, 'macd_fast': 64, 'macd_slow': 123, 'macd_signal': 19, 'en_vwap': False, 'en_keltner': False, 'keltner_n': 135, 'keltner_m': 0.7, 'en_obv': True, 'obv_slope': 92, 'en_cci': True, 'cci_n': 134, 'cci_threshold': 145, 'en_rsi': True, 'rsi_n': 95, 'rsi_lower': 31, 'rsi_upper': 94, 'en_stochastic': True, 'stochastic_n': 82, 'stochastic_d': 28, 'stochastic_lower': 21, 'stochastic_upper': 91, 'en_mfi': False, 'mfi_n': 97, 'mfi_lower': 11, 'mfi_upper': 57, 'en_bollinger': False, 'bollinger_n': 169, 'bollinger_k': 4.2, 'en_adx': False, 'adx_n': 22, 'adx_threshold': 47, 'en_structure_trend': False, 'structure_trend_swing_l': 12, 'en_order_block': False, 'order_block_swing_l': 20, 'en_fvg': True, 'fvg_lookback': 19, 'en_ifvg': False, 'en_breaker': False, 'breaker_swing_l': 20, 'en_cisd': True, 'k': 3, 'en_cap_bars': False, 'cap_1min': 1243}.
[I 2026-07-13 16:38:31,614] Trial 4777 finished with values: [910.1154502207187, -949.9999999999886, 83.94999999999999] and parameters: {'sl_soft': 0.08345559528832464, 'sl_hard_delta': 0.17424252774383417, 'tp': 0.04490461800882547, 'gate_pct': 97.66578486655469, 'dd_limit': 3.021375135532224, 'cooldown': 6, 'flip': True, 'en_ema_trend': True, 'ema_trend_fast': 342, 'ema_trend_slow': 391, 'en_sma_trend': False, 'sma_trend_fast': 198, 'sma_trend_slow': 319, 'en_macd': True, 'macd_fast': 64, 'macd_slow': 3, 'macd_signal': 61, 'en_vwap': False, 'en_keltner': True, 'keltner_n': 43, 'keltner_m': 2.1, 'en_obv': True, 'obv_slope': 129, 'en_cci': True, 'cci_n': 134, 'cci_threshold': 290, 'en_rsi': True, 'rsi_n': 95, 'rsi_lower': 31, 'rsi_upper': 94, 'en_stochastic': True, 'stochastic_n': 98, 'stochastic_d': 17, 'stochastic_lower': 4, 'stochastic_upper': 91, 'en_mfi': False, 'mfi_n': 97, 'mfi_lower': 38, 'mfi_upper': 57, 'en_bollinger': True, 'bollinger_n': 169, 'bollinger_k': 1.0, 'en_adx': False, 'adx_n': 22, 'adx_threshold': 49, 'en_structure_trend': True, 'structure_trend_swing_l': 1, 'en_order_block': True, 'order_block_swing_l': 4, 'en_fvg': True, 'fvg_lookback': 9, 'en_ifvg': False, 'en_breaker': True, 'breaker_swing_l': 14, 'en_cisd': True, 'k': 2, 'en_cap_bars': True, 'cap_1min': 1353}.
[I 2026-07-13 16:38:32,002] Trial 4778 finished with values: [685.0115023224034, -2345.807381878764, 81.8] and parameters: {'sl_soft': 0.06423559890121558, 'sl_hard_delta': 0.17424252774383417, 'tp': 0.03810555008976396, 'gate_pct': 97.66578486655469, 'dd_limit': 3.021375135532224, 'cooldown': 2, 'flip': True, 'en_ema_trend': False, 'ema_trend_fast': 114, 'ema_trend_slow': 260, 'en_sma_trend': False, 'sma_trend_fast': 28, 'sma_trend_slow': 319, 'en_macd': True, 'macd_fast': 2, 'macd_slow': 188, 'macd_signal': 73, 'en_vwap': False, 'en_keltner': True, 'keltner_n': 43, 'keltner_m': 2.1, 'en_obv': True, 'obv_slope': 129, 'en_cci': True, 'cci_n': 54, 'cci_threshold': 145, 'en_rsi': True, 'rsi_n': 96, 'rsi_lower': 31, 'rsi_upper': 94, 'en_stochastic': True, 'stochastic_n': 98, 'stochastic_d': 28, 'stochastic_lower': 22, 'stochastic_upper': 91, 'en_mfi': False, 'mfi_n': 97, 'mfi_lower': 11, 'mfi_upper': 57, 'en_bollinger': True, 'bollinger_n': 155, 'bollinger_k': 4.2, 'en_adx': False, 'adx_n': 48, 'adx_threshold': 47, 'en_structure_trend': False, 'structure_trend_swing_l': 1, 'en_order_block': False, 'order_block_swing_l': 4, 'en_fvg': True, 'fvg_lookback': 7, 'en_ifvg': False, 'en_breaker': True, 'breaker_swing_l': 20, 'en_cisd': True, 'k': 2, 'en_cap_bars': False, 'cap_1min': 1243}.
[I 2026-07-13 16:38:32,420] Trial 4779 finished with values: [1939.1028264015554, -4469.7324027170625, 74.55] and parameters: {'sl_soft': 0.06423559890121558, 'sl_hard_delta': 0.00457699733972642, 'tp': 0.04490461800882547, 'gate_pct': 97.87184393359011, 'dd_limit': 3.021375135532224, 'cooldown': 0, 'flip': True, 'en_ema_trend': False, 'ema_trend_fast': 270, 'ema_trend_slow': 294, 'en_sma_trend': False, 'sma_trend_fast': 198, 'sma_trend_slow': 319, 'en_macd': True, 'macd_fast': 2, 'macd_slow': 3, 'macd_signal': 61, 'en_vwap': False, 'en_keltner': False, 'keltner_n': 43, 'keltner_m': 2.6, 'en_obv': True, 'obv_slope': 92, 'en_cci': True, 'cci_n': 146, 'cci_threshold': 290, 'en_rsi': True, 'rsi_n': 95, 'rsi_lower': 9, 'rsi_upper': 94, 'en_stochastic': True, 'stochastic_n': 82, 'stochastic_d': 28, 'stochastic_lower': 4, 'stochastic_upper': 91, 'en_mfi': False, 'mfi_n': 97, 'mfi_lower': 11, 'mfi_upper': 57, 'en_bollinger': True, 'bollinger_n': 155, 'bollinger_k': 1.0, 'en_adx': False, 'adx_n': 22, 'adx_threshold': 49, 'en_structure_trend': False, 'structure_trend_swing_l': 12, 'en_order_block': False, 'order_block_swing_l': 20, 'en_fvg': False, 'fvg_lookback': 19, 'en_ifvg': False, 'en_breaker': False, 'breaker_swing_l': 20, 'en_cisd': True, 'k': 3, 'en_cap_bars': False, 'cap_1min': 1243}.
[I 2026-07-13 16:38:32,978] Trial 4780 finished with values: [1235.1407827010698, -4510.089458557828, 75.30000000000001] and parameters: {'sl_soft': 0.09561626693152817, 'sl_hard_delta': 0.00457699733972642, 'tp': 0.04490461800882547, 'gate_pct': 97.87184393359011, 'dd_limit': 3.021375135532224, 'cooldown': 2, 'flip': True, 'en_ema_trend': True, 'ema_trend_fast': 270, 'ema_trend_slow': 294, 'en_sma_trend': False, 'sma_trend_fast': 337, 'sma_trend_slow': 319, 'en_macd': True, 'macd_fast': 64, 'macd_slow': 72, 'macd_signal': 61, 'en_vwap': False, 'en_keltner': False, 'keltner_n': 82, 'keltner_m': 4.9, 'en_obv': True, 'obv_slope': 129, 'en_cci': True, 'cci_n': 134, 'cci_threshold': 145, 'en_rsi': True, 'rsi_n': 73, 'rsi_lower': 9, 'rsi_upper': 58, 'en_stochastic': True, 'stochastic_n': 82, 'stochastic_d': 28, 'stochastic_lower': 4, 'stochastic_upper': 78, 'en_mfi': False, 'mfi_n': 97, 'mfi_lower': 38, 'mfi_upper': 70, 'en_bollinger': False, 'bollinger_n': 169, 'bollinger_k': 1.0, 'en_adx': False, 'adx_n': 22, 'adx_threshold': 17, 'en_structure_trend': False, 'structure_trend_swing_l': 4, 'en_order_block': False, 'order_block_swing_l': 4, 'en_fvg': True, 'fvg_lookback': 7, 'en_ifvg': False, 'en_breaker': False, 'breaker_swing_l': 19, 'en_cisd': True, 'k': 3, 'en_cap_bars': False, 'cap_1min': 839}.
[I 2026-07-13 16:38:33,289] Trial 4781 pruned. 
[I 2026-07-13 16:38:33,609] Trial 4782 pruned. 
[I 2026-07-13 16:38:39,299] Trial 4783 finished with values: [-1583.0063550017035, -5204.301327333382, 31.299999999999997] and parameters: {'sl_soft': 0.08345559528832464, 'sl_hard_delta': 0.00457699733972642, 'tp': 0.16369789677360067, 'gate_pct': 97.66578486655469, 'dd_limit': 3.021375135532224, 'cooldown': 0, 'flip': True, 'en_ema_trend': False, 'ema_trend_fast': 342, 'ema_trend_slow': 294, 'en_sma_trend': False, 'sma_trend_fast': 105, 'sma_trend_slow': 319, 'en_macd': True, 'macd_fast': 64, 'macd_slow': 3, 'macd_signal': 61, 'en_vwap': False, 'en_keltner': False, 'keltner_n': 135, 'keltner_m': 0.7, 'en_obv': True, 'obv_slope': 129, 'en_cci': True, 'cci_n': 134, 'cci_threshold': 145, 'en_rsi': False, 'rsi_n': 95, 'rsi_lower': 9, 'rsi_upper': 94, 'en_stochastic': True, 'stochastic_n': 82, 'stochastic_d': 43, 'stochastic_lower': 22, 'stochastic_upper': 91, 'en_mfi': False, 'mfi_n': 97, 'mfi_lower': 38, 'mfi_upper': 70, 'en_bollinger': True, 'bollinger_n': 155, 'bollinger_k': 4.2, 'en_adx': False, 'adx_n': 22, 'adx_threshold': 49, 'en_structure_trend': False, 'structure_trend_swing_l': 1, 'en_order_block': True, 'order_block_swing_l': 4, 'en_fvg': True, 'fvg_lookback': 19, 'en_ifvg': False, 'en_breaker': False, 'breaker_swing_l': 19, 'en_cisd': True, 'k': 2, 'en_cap_bars': True, 'cap_1min': 839}.
[I 2026-07-13 16:38:39,968] Trial 4784 finished with values: [-277.7432124769596, -3533.0419993081814, 46.9] and parameters: {'sl_soft': 0.08345559528832464, 'sl_hard_delta': 0.10879162926439315, 'tp': 0.18978054300184755, 'gate_pct': 99.55888908721671, 'dd_limit': 1.0261775354076608, 'cooldown': 2, 'flip': True, 'en_ema_trend': True, 'ema_trend_fast': 323, 'ema_trend_slow': 294, 'en_sma_trend': False, 'sma_trend_fast': 198, 'sma_trend_slow': 325, 'en_macd': True, 'macd_fast': 64, 'macd_slow': 3, 'macd_signal': 73, 'en_vwap': False, 'en_keltner': False, 'keltner_n': 153, 'keltner_m': 0.7, 'en_obv': True, 'obv_slope': 129, 'en_cci': True, 'cci_n': 134, 'cci_threshold': 145, 'en_rsi': True, 'rsi_n': 73, 'rsi_lower': 31, 'rsi_upper': 58, 'en_stochastic': True, 'stochastic_n': 6, 'stochastic_d': 43, 'stochastic_lower': 37, 'stochastic_upper': 97, 'en_mfi': False, 'mfi_n': 97, 'mfi_lower': 38, 'mfi_upper': 53, 'en_bollinger': True, 'bollinger_n': 31, 'bollinger_k': 1.0, 'en_adx': False, 'adx_n': 22, 'adx_threshold': 47, 'en_structure_trend': False, 'structure_trend_swing_l': 7, 'en_order_block': False, 'order_block_swing_l': 4, 'en_fvg': True, 'fvg_lookback': 32, 'en_ifvg': False, 'en_breaker': False, 'breaker_swing_l': 14, 'en_cisd': True, 'k': 2, 'en_cap_bars': False, 'cap_1min': 1077}.
[I 2026-07-13 16:38:43,849] Trial 4785 finished with values: [1150.985592861069, -1775.4769099558844, 80.5] and parameters: {'sl_soft': 0.08345559528832464, 'sl_hard_delta': 0.17424252774383417, 'tp': 0.04490461800882547, 'gate_pct': 97.66578486655469, 'dd_limit': 3.021375135532224, 'cooldown': 6, 'flip': True, 'en_ema_trend': True, 'ema_trend_fast': 342, 'ema_trend_slow': 391, 'en_sma_trend': False, 'sma_trend_fast': 198, 'sma_trend_slow': 319, 'en_macd': True, 'macd_fast': 64, 'macd_slow': 53, 'macd_signal': 61, 'en_vwap': False, 'en_keltner': True, 'keltner_n': 56, 'keltner_m': 2.1, 'en_obv': True, 'obv_slope': 129, 'en_cci': True, 'cci_n': 134, 'cci_threshold': 145, 'en_rsi': True, 'rsi_n': 95, 'rsi_lower': 31, 'rsi_upper': 94, 'en_stochastic': True, 'stochastic_n': 98, 'stochastic_d': 17, 'stochastic_lower': 22, 'stochastic_upper': 91, 'en_mfi': False, 'mfi_n': 97, 'mfi_lower': 38, 'mfi_upper': 98, 'en_bollinger': True, 'bollinger_n': 83, 'bollinger_k': 4.2, 'en_adx': False, 'adx_n': 22, 'adx_threshold': 49, 'en_structure_trend': True, 'structure_trend_swing_l': 1, 'en_order_block': True, 'order_block_swing_l': 20, 'en_fvg': True, 'fvg_lookback': 44, 'en_ifvg': False, 'en_breaker': True, 'breaker_swing_l': 19, 'en_cisd': True, 'k': 2, 'en_cap_bars': False, 'cap_1min': 1353}.
[I 2026-07-13 16:38:44,130] Trial 4786 pruned. 
[I 2026-07-13 16:38:44,411] Trial 4787 pruned. 
[I 2026-07-13 16:38:44,891] Trial 4788 finished with values: [811.0321969079947, -1809.4722495511917, 84.05000000000001] and parameters: {'sl_soft': 0.08345559528832464, 'sl_hard_delta': 0.17424252774383417, 'tp': 0.03810555008976396, 'gate_pct': 97.66578486655469, 'dd_limit': 3.021375135532224, 'cooldown': 6, 'flip': True, 'en_ema_trend': False, 'ema_trend_fast': 342, 'ema_trend_slow': 391, 'en_sma_trend': False, 'sma_trend_fast': 198, 'sma_trend_slow': 319, 'en_macd': True, 'macd_fast': 64, 'macd_slow': 53, 'macd_signal': 73, 'en_vwap': False, 'en_keltner': True, 'keltner_n': 43, 'keltner_m': 2.1, 'en_obv': True, 'obv_slope': 129, 'en_cci': True, 'cci_n': 134, 'cci_threshold': 145, 'en_rsi': True, 'rsi_n': 95, 'rsi_lower': 31, 'rsi_upper': 94, 'en_stochastic': True, 'stochastic_n': 98, 'stochastic_d': 6, 'stochastic_lower': 22, 'stochastic_upper': 91, 'en_mfi': False, 'mfi_n': 97, 'mfi_lower': 38, 'mfi_upper': 70, 'en_bollinger': True, 'bollinger_n': 83, 'bollinger_k': 4.2, 'en_adx': False, 'adx_n': 22, 'adx_threshold': 49, 'en_structure_trend': True, 'structure_trend_swing_l': 1, 'en_order_block': True, 'order_block_swing_l': 20, 'en_fvg': True, 'fvg_lookback': 9, 'en_ifvg': False, 'en_breaker': True, 'breaker_swing_l': 19, 'en_cisd': True, 'k': 2, 'en_cap_bars': False, 'cap_1min': 1353}.
[I 2026-07-13 16:38:46,916] Trial 4789 pruned. 
