[I 2026-07-13 15:34:24,279] Trial 2406 pruned. 
[I 2026-07-13 15:34:25,524] Trial 2407 pruned. 
[I 2026-07-13 15:34:27,157] Trial 2408 pruned. 
[I 2026-07-13 15:34:27,826] Trial 2409 pruned. 
[I 2026-07-13 15:34:30,594] Trial 2410 pruned. 
[I 2026-07-13 15:34:32,818] Trial 2411 pruned. 
[I 2026-07-13 15:34:33,802] Trial 2412 pruned. 
[I 2026-07-13 15:34:35,731] Trial 2413 pruned. 
[I 2026-07-13 15:34:37,626] Trial 2414 pruned. 
[I 2026-07-13 15:34:40,161] Trial 2415 pruned. 
[I 2026-07-13 15:34:41,247] Trial 2416 pruned. 
[I 2026-07-13 15:34:42,536] Trial 2417 pruned. 
[I 2026-07-13 15:34:43,829] Trial 2418 pruned. 
[I 2026-07-13 15:34:44,934] Trial 2419 pruned. 
[I 2026-07-13 15:34:46,435] Trial 2420 pruned. 
[I 2026-07-13 15:34:47,929] Trial 2421 pruned. 
[I 2026-07-13 15:34:49,104] Trial 2422 pruned. 
[I 2026-07-13 15:34:50,356] Trial 2423 pruned. 
[I 2026-07-13 15:34:50,854] Trial 2424 pruned. 
[I 2026-07-13 15:34:51,210] Trial 2425 pruned. 
[I 2026-07-13 15:34:52,279] Trial 2426 pruned. 
[I 2026-07-13 15:34:53,874] Trial 2427 pruned. 
[I 2026-07-13 15:34:54,621] Trial 2428 pruned. 
[I 2026-07-13 15:34:55,727] Trial 2429 pruned. 
[I 2026-07-13 15:34:56,262] Trial 2430 pruned. 
[I 2026-07-13 15:34:57,397] Trial 2431 pruned. 
[I 2026-07-13 15:34:58,350] Trial 2432 pruned. 
[I 2026-07-13 15:34:59,833] Trial 2433 pruned. 
[I 2026-07-13 15:35:02,892] Trial 2434 pruned. 
[I 2026-07-13 15:35:03,286] Trial 2435 pruned. 
[I 2026-07-13 15:35:04,161] Trial 2436 pruned. 
[I 2026-07-13 15:35:05,851] Trial 2437 pruned. 
[I 2026-07-13 15:35:06,360] Trial 2438 pruned. 
[I 2026-07-13 15:35:06,732] Trial 2439 pruned. 
[I 2026-07-13 15:35:08,173] Trial 2440 pruned. 
[I 2026-07-13 15:35:09,242] Trial 2441 pruned. 
[I 2026-07-13 15:35:10,506] Trial 2442 pruned. 
[I 2026-07-13 15:35:11,545] Trial 2443 pruned. 
[I 2026-07-13 15:35:12,417] Trial 2444 pruned. 
[I 2026-07-13 15:35:18,260] Trial 2445 finished with values: [-1325.3118980373204, -7938.246277389716, 24.05] and parameters: {'sl_soft': 0.013599830501224357, 'sl_hard_delta': 0.06245105124488918, 'tp': 0.08701296495156424, 'gate_pct': 95.15790739353048, 'dd_limit': 3.177401405918999, 'cooldown': 5, 'flip': False, 'en_ema_trend': True, 'ema_trend_fast': 126, 'ema_trend_slow': 112, 'en_sma_trend': False, 'sma_trend_fast': 134, 'sma_trend_slow': 94, 'en_macd': True, 'macd_fast': 16, 'macd_slow': 168, 'macd_signal': 43, 'en_vwap': True, 'en_keltner': True, 'keltner_n': 177, 'keltner_m': 2.3, 'en_obv': False, 'obv_slope': 99, 'en_cci': True, 'cci_n': 20, 'cci_threshold': 65, 'en_rsi': True, 'rsi_n': 97, 'rsi_lower': 31, 'rsi_upper': 71, 'en_stochastic': False, 'stochastic_n': 41, 'stochastic_d': 40, 'stochastic_lower': 12, 'stochastic_upper': 79, 'en_mfi': False, 'mfi_n': 52, 'mfi_lower': 2, 'mfi_upper': 79, 'en_bollinger': False, 'bollinger_n': 143, 'bollinger_k': 2.6, 'en_adx': False, 'adx_n': 77, 'adx_threshold': 44, 'en_structure_trend': True, 'structure_trend_swing_l': 3, 'en_order_block': True, 'order_block_swing_l': 16, 'en_fvg': False, 'fvg_lookback': 17, 'en_ifvg': False, 'en_breaker': True, 'breaker_swing_l': 14, 'en_cisd': True, 'k': 4, 'en_cap_bars': False, 'cap_1min': 535}.
[I 2026-07-13 15:35:19,858] Trial 2446 pruned. 
[I 2026-07-13 15:35:24,607] Trial 2447 finished with values: [-698.6615600449576, -3207.8444090031157, 37.65] and parameters: {'sl_soft': 0.01457425016259157, 'sl_hard_delta': 0.08668272783238536, 'tp': 0.08485800408712069, 'gate_pct': 92.04638185231262, 'dd_limit': 1.2256325546234672, 'cooldown': 7, 'flip': False, 'en_ema_trend': False, 'ema_trend_fast': 35, 'ema_trend_slow': 320, 'en_sma_trend': True, 'sma_trend_fast': 50, 'sma_trend_slow': 302, 'en_macd': True, 'macd_fast': 5, 'macd_slow': 72, 'macd_signal': 27, 'en_vwap': True, 'en_keltner': True, 'keltner_n': 49, 'keltner_m': 2.0, 'en_obv': False, 'obv_slope': 2, 'en_cci': True, 'cci_n': 21, 'cci_threshold': 20, 'en_rsi': True, 'rsi_n': 40, 'rsi_lower': 16, 'rsi_upper': 73, 'en_stochastic': False, 'stochastic_n': 77, 'stochastic_d': 38, 'stochastic_lower': 18, 'stochastic_upper': 74, 'en_mfi': False, 'mfi_n': 13, 'mfi_lower': 5, 'mfi_upper': 72, 'en_bollinger': False, 'bollinger_n': 149, 'bollinger_k': 3.8000000000000003, 'en_adx': False, 'adx_n': 42, 'adx_threshold': 20, 'en_structure_trend': False, 'structure_trend_swing_l': 1, 'en_order_block': False, 'order_block_swing_l': 16, 'en_fvg': True, 'fvg_lookback': 2, 'en_ifvg': True, 'en_breaker': True, 'breaker_swing_l': 3, 'en_cisd': False, 'k': 1, 'en_cap_bars': True, 'cap_1min': 1271}.
[I 2026-07-13 15:35:26,303] Trial 2448 pruned. 
[I 2026-07-13 15:35:27,616] Trial 2449 pruned. 
[I 2026-07-13 15:35:29,576] Trial 2450 pruned. 
[I 2026-07-13 15:35:31,074] Trial 2451 pruned. 
[I 2026-07-13 15:35:31,973] Trial 2452 pruned. 
[I 2026-07-13 15:35:33,957] Trial 2453 pruned. 
[I 2026-07-13 15:35:34,722] Trial 2454 pruned. 
[I 2026-07-13 15:35:35,913] Trial 2455 pruned. 
[I 2026-07-13 15:35:36,413] Trial 2456 pruned. 
[I 2026-07-13 15:35:37,704] Trial 2457 pruned. 
[I 2026-07-13 15:35:38,437] Trial 2458 pruned. 
[I 2026-07-13 15:35:38,657] Trial 2459 pruned. 
[I 2026-07-13 15:35:39,001] Trial 2460 pruned. 
[I 2026-07-13 15:35:40,981] Trial 2461 pruned. 
[I 2026-07-13 15:35:41,961] Trial 2462 pruned. 
[I 2026-07-13 15:35:43,000] Trial 2463 pruned. 
[I 2026-07-13 15:35:43,815] Trial 2464 pruned. 
[I 2026-07-13 15:35:44,906] Trial 2465 pruned. 
[I 2026-07-13 15:35:45,860] Trial 2466 pruned. 
[I 2026-07-13 15:35:46,640] Trial 2467 pruned. 
[I 2026-07-13 15:35:47,652] Trial 2468 pruned. 
[I 2026-07-13 15:35:48,832] Trial 2469 pruned. 
[I 2026-07-13 15:35:50,380] Trial 2470 pruned. 
[I 2026-07-13 15:35:52,496] Trial 2471 pruned. 
[I 2026-07-13 15:35:53,965] Trial 2472 pruned. 
[I 2026-07-13 15:35:55,258] Trial 2473 pruned. 
[I 2026-07-13 15:35:56,698] Trial 2474 pruned. 
[I 2026-07-13 15:35:57,206] Trial 2475 pruned. 
[I 2026-07-13 15:35:58,461] Trial 2476 pruned. 
[I 2026-07-13 15:35:58,693] Trial 2477 pruned. 
[I 2026-07-13 15:35:59,902] Trial 2478 pruned. 
[I 2026-07-13 15:36:01,229] Trial 2479 pruned. 
[I 2026-07-13 15:36:01,838] Trial 2480 pruned. 
[I 2026-07-13 15:36:03,527] Trial 2481 pruned. 
[I 2026-07-13 15:36:04,637] Trial 2482 pruned. 
[I 2026-07-13 15:36:05,799] Trial 2483 pruned. 
[I 2026-07-13 15:36:07,268] Trial 2484 pruned. 
[I 2026-07-13 15:36:08,452] Trial 2485 pruned. 
[I 2026-07-13 15:36:10,208] Trial 2486 pruned. 
[I 2026-07-13 15:36:12,167] Trial 2487 pruned. 
[I 2026-07-13 15:36:13,036] Trial 2488 pruned. 
[I 2026-07-13 15:36:13,774] Trial 2489 pruned. 
[I 2026-07-13 15:36:14,296] Trial 2490 pruned. 
[I 2026-07-13 15:36:17,433] Trial 2491 pruned. 
[I 2026-07-13 15:36:19,141] Trial 2492 pruned. 
[I 2026-07-13 15:36:21,067] Trial 2493 pruned. 
[I 2026-07-13 15:36:21,512] Trial 2494 pruned. 
[I 2026-07-13 15:36:22,051] Trial 2495 pruned. 
[I 2026-07-13 15:36:23,952] Trial 2496 pruned. 
[I 2026-07-13 15:36:24,447] Trial 2497 pruned. 
[I 2026-07-13 15:36:25,816] Trial 2498 pruned. 
[I 2026-07-13 15:36:27,079] Trial 2499 pruned. 
[I 2026-07-13 15:36:29,779] Trial 2500 finished with values: [-1360.8693882491173, -3993.311801880639, 52.85] and parameters: {'sl_soft': 0.041054871650041, 'sl_hard_delta': 0.057406327358790525, 'tp': 0.0584468303397509, 'gate_pct': 98.14251198602311, 'dd_limit': 5.319419455229414, 'cooldown': 7, 'flip': False, 'en_ema_trend': True, 'ema_trend_fast': 79, 'ema_trend_slow': 214, 'en_sma_trend': True, 'sma_trend_fast': 108, 'sma_trend_slow': 117, 'en_macd': True, 'macd_fast': 68, 'macd_slow': 188, 'macd_signal': 50, 'en_vwap': False, 'en_keltner': False, 'keltner_n': 42, 'keltner_m': 4.6000000000000005, 'en_obv': False, 'obv_slope': 198, 'en_cci': False, 'cci_n': 55, 'cci_threshold': 135, 'en_rsi': False, 'rsi_n': 58, 'rsi_lower': 26, 'rsi_upper': 75, 'en_stochastic': False, 'stochastic_n': 62, 'stochastic_d': 41, 'stochastic_lower': 22, 'stochastic_upper': 81, 'en_mfi': True, 'mfi_n': 98, 'mfi_lower': 16, 'mfi_upper': 57, 'en_bollinger': True, 'bollinger_n': 23, 'bollinger_k': 3.2, 'en_adx': False, 'adx_n': 39, 'adx_threshold': 48, 'en_structure_trend': True, 'structure_trend_swing_l': 13, 'en_order_block': False, 'order_block_swing_l': 13, 'en_fvg': True, 'fvg_lookback': 29, 'en_ifvg': False, 'en_breaker': False, 'breaker_swing_l': 18, 'en_cisd': False, 'k': 4, 'en_cap_bars': False, 'cap_1min': 1016}.
[I 2026-07-13 15:36:31,758] Trial 2501 pruned. 
[I 2026-07-13 15:36:32,714] Trial 2502 pruned. 
[I 2026-07-13 15:36:33,791] Trial 2503 pruned. 
[I 2026-07-13 15:36:34,409] Trial 2504 pruned. 
[I 2026-07-13 15:36:35,587] Trial 2505 pruned. 
[I 2026-07-13 15:36:37,608] Trial 2506 pruned. 
[I 2026-07-13 15:36:41,613] Trial 2507 finished with values: [-2747.405272157567, -6780.719422830864, 44.55] and parameters: {'sl_soft': 0.05085282032848484, 'sl_hard_delta': 0.0888265270215835, 'tp': 0.06884686538813004, 'gate_pct': 92.92228939811399, 'dd_limit': 4.232733835199441, 'cooldown': 0, 'flip': False, 'en_ema_trend': False, 'ema_trend_fast': 315, 'ema_trend_slow': 159, 'en_sma_trend': False, 'sma_trend_fast': 68, 'sma_trend_slow': 326, 'en_macd': True, 'macd_fast': 35, 'macd_slow': 30, 'macd_signal': 98, 'en_vwap': False, 'en_keltner': True, 'keltner_n': 165, 'keltner_m': 1.3, 'en_obv': True, 'obv_slope': 179, 'en_cci': False, 'cci_n': 152, 'cci_threshold': 260, 'en_rsi': True, 'rsi_n': 66, 'rsi_lower': 35, 'rsi_upper': 54, 'en_stochastic': False, 'stochastic_n': 19, 'stochastic_d': 22, 'stochastic_lower': 7, 'stochastic_upper': 85, 'en_mfi': True, 'mfi_n': 48, 'mfi_lower': 36, 'mfi_upper': 86, 'en_bollinger': False, 'bollinger_n': 109, 'bollinger_k': 2.5, 'en_adx': False, 'adx_n': 63, 'adx_threshold': 55, 'en_structure_trend': False, 'structure_trend_swing_l': 11, 'en_order_block': False, 'order_block_swing_l': 9, 'en_fvg': False, 'fvg_lookback': 16, 'en_ifvg': True, 'en_breaker': False, 'breaker_swing_l': 10, 'en_cisd': False, 'k': 1, 'en_cap_bars': True, 'cap_1min': 327}.
[I 2026-07-13 15:36:43,135] Trial 2508 pruned. 
[I 2026-07-13 15:36:45,311] Trial 2509 finished with values: [-7960.336046689652, -23490.080733966304, 47.85] and parameters: {'sl_soft': 0.021583388195152695, 'sl_hard_delta': 0.06382907164527017, 'tp': 0.041570164073039366, 'gate_pct': 97.66167568722003, 'dd_limit': 9.740009427199718, 'cooldown': 0, 'flip': False, 'en_ema_trend': False, 'ema_trend_fast': 30, 'ema_trend_slow': 16, 'en_sma_trend': False, 'sma_trend_fast': 82, 'sma_trend_slow': 51, 'en_macd': True, 'macd_fast': 23, 'macd_slow': 16, 'macd_signal': 71, 'en_vwap': False, 'en_keltner': False, 'keltner_n': 66, 'keltner_m': 0.5, 'en_obv': True, 'obv_slope': 63, 'en_cci': True, 'cci_n': 186, 'cci_threshold': 30, 'en_rsi': False, 'rsi_n': 24, 'rsi_lower': 4, 'rsi_upper': 72, 'en_stochastic': False, 'stochastic_n': 83, 'stochastic_d': 4, 'stochastic_lower': 25, 'stochastic_upper': 85, 'en_mfi': True, 'mfi_n': 72, 'mfi_lower': 13, 'mfi_upper': 78, 'en_bollinger': False, 'bollinger_n': 50, 'bollinger_k': 3.0, 'en_adx': True, 'adx_n': 6, 'adx_threshold': 41, 'en_structure_trend': False, 'structure_trend_swing_l': 18, 'en_order_block': False, 'order_block_swing_l': 12, 'en_fvg': False, 'fvg_lookback': 27, 'en_ifvg': False, 'en_breaker': True, 'breaker_swing_l': 12, 'en_cisd': False, 'k': 2, 'en_cap_bars': False, 'cap_1min': 634}.
[I 2026-07-13 15:36:45,844] Trial 2510 finished with values: [-1064.962196271999, -4135.458591055112, 41.9] and parameters: {'sl_soft': 0.04801430167858588, 'sl_hard_delta': 0.0737256970400244, 'tp': 0.11008827281925926, 'gate_pct': 99.52194572971088, 'dd_limit': 5.851157727915591, 'cooldown': 10, 'flip': False, 'en_ema_trend': False, 'ema_trend_fast': 323, 'ema_trend_slow': 150, 'en_sma_trend': True, 'sma_trend_fast': 222, 'sma_trend_slow': 16, 'en_macd': True, 'macd_fast': 26, 'macd_slow': 41, 'macd_signal': 47, 'en_vwap': True, 'en_keltner': False, 'keltner_n': 72, 'keltner_m': 0.5, 'en_obv': False, 'obv_slope': 25, 'en_cci': False, 'cci_n': 7, 'cci_threshold': 145, 'en_rsi': True, 'rsi_n': 82, 'rsi_lower': 27, 'rsi_upper': 92, 'en_stochastic': False, 'stochastic_n': 55, 'stochastic_d': 2, 'stochastic_lower': 1, 'stochastic_upper': 83, 'en_mfi': False, 'mfi_n': 84, 'mfi_lower': 35, 'mfi_upper': 69, 'en_bollinger': False, 'bollinger_n': 126, 'bollinger_k': 1.4, 'en_adx': False, 'adx_n': 44, 'adx_threshold': 17, 'en_structure_trend': False, 'structure_trend_swing_l': 3, 'en_order_block': True, 'order_block_swing_l': 11, 'en_fvg': False, 'fvg_lookback': 8, 'en_ifvg': True, 'en_breaker': False, 'breaker_swing_l': 15, 'en_cisd': True, 'k': 1, 'en_cap_bars': True, 'cap_1min': 753}.
[I 2026-07-13 15:36:46,379] Trial 2511 finished with values: [1205.85216607239, -3738.14864895582, 43.95] and parameters: {'sl_soft': 0.05357069456355894, 'sl_hard_delta': 0.010346872380968307, 'tp': 0.08856609188786446, 'gate_pct': 99.87519113241727, 'dd_limit': 9.028715067859354, 'cooldown': 1, 'flip': True, 'en_ema_trend': True, 'ema_trend_fast': 8, 'ema_trend_slow': 55, 'en_sma_trend': True, 'sma_trend_fast': 61, 'sma_trend_slow': 324, 'en_macd': False, 'macd_fast': 93, 'macd_slow': 49, 'macd_signal': 75, 'en_vwap': True, 'en_keltner': True, 'keltner_n': 124, 'keltner_m': 4.8, 'en_obv': True, 'obv_slope': 167, 'en_cci': True, 'cci_n': 11, 'cci_threshold': 80, 'en_rsi': False, 'rsi_n': 62, 'rsi_lower': 40, 'rsi_upper': 93, 'en_stochastic': False, 'stochastic_n': 91, 'stochastic_d': 9, 'stochastic_lower': 1, 'stochastic_upper': 91, 'en_mfi': True, 'mfi_n': 46, 'mfi_lower': 11, 'mfi_upper': 54, 'en_bollinger': True, 'bollinger_n': 192, 'bollinger_k': 4.1, 'en_adx': False, 'adx_n': 16, 'adx_threshold': 14, 'en_structure_trend': True, 'structure_trend_swing_l': 13, 'en_order_block': True, 'order_block_swing_l': 16, 'en_fvg': True, 'fvg_lookback': 29, 'en_ifvg': False, 'en_breaker': True, 'breaker_swing_l': 3, 'en_cisd': False, 'k': 5, 'en_cap_bars': False, 'cap_1min': 220}.
[I 2026-07-13 15:36:48,438] Trial 2512 finished with values: [-1026.5842711643636, -14283.303325747824, 59.7] and parameters: {'sl_soft': 0.02627909034428114, 'sl_hard_delta': 0.09064570238623736, 'tp': 0.03421937204466126, 'gate_pct': 98.88498594560426, 'dd_limit': 8.680487348400282, 'cooldown': 0, 'flip': False, 'en_ema_trend': False, 'ema_trend_fast': 7, 'ema_trend_slow': 85, 'en_sma_trend': True, 'sma_trend_fast': 310, 'sma_trend_slow': 298, 'en_macd': True, 'macd_fast': 60, 'macd_slow': 85, 'macd_signal': 18, 'en_vwap': True, 'en_keltner': True, 'keltner_n': 17, 'keltner_m': 4.0, 'en_obv': True, 'obv_slope': 107, 'en_cci': True, 'cci_n': 98, 'cci_threshold': 250, 'en_rsi': False, 'rsi_n': 75, 'rsi_lower': 16, 'rsi_upper': 53, 'en_stochastic': False, 'stochastic_n': 44, 'stochastic_d': 27, 'stochastic_lower': 16, 'stochastic_upper': 72, 'en_mfi': True, 'mfi_n': 28, 'mfi_lower': 46, 'mfi_upper': 59, 'en_bollinger': False, 'bollinger_n': 136, 'bollinger_k': 2.8000000000000003, 'en_adx': False, 'adx_n': 24, 'adx_threshold': 28, 'en_structure_trend': False, 'structure_trend_swing_l': 8, 'en_order_block': False, 'order_block_swing_l': 19, 'en_fvg': True, 'fvg_lookback': 5, 'en_ifvg': False, 'en_breaker': True, 'breaker_swing_l': 8, 'en_cisd': False, 'k': 5, 'en_cap_bars': True, 'cap_1min': 249}.
[I 2026-07-13 15:36:52,910] Trial 2513 finished with values: [-38.49049643196872, -1994.1625038989844, 61.25] and parameters: {'sl_soft': 0.050276826705740144, 'sl_hard_delta': 0.048252023516505566, 'tp': 0.046905875165717675, 'gate_pct': 99.86430067299344, 'dd_limit': 1.165272515908045, 'cooldown': 14, 'flip': False, 'en_ema_trend': True, 'ema_trend_fast': 30, 'ema_trend_slow': 16, 'en_sma_trend': True, 'sma_trend_fast': 204, 'sma_trend_slow': 385, 'en_macd': True, 'macd_fast': 23, 'macd_slow': 198, 'macd_signal': 13, 'en_vwap': False, 'en_keltner': True, 'keltner_n': 95, 'keltner_m': 2.7, 'en_obv': True, 'obv_slope': 63, 'en_cci': False, 'cci_n': 115, 'cci_threshold': 280, 'en_rsi': False, 'rsi_n': 37, 'rsi_lower': 34, 'rsi_upper': 70, 'en_stochastic': False, 'stochastic_n': 41, 'stochastic_d': 5, 'stochastic_lower': 43, 'stochastic_upper': 86, 'en_mfi': False, 'mfi_n': 72, 'mfi_lower': 23, 'mfi_upper': 87, 'en_bollinger': False, 'bollinger_n': 103, 'bollinger_k': 3.0, 'en_adx': False, 'adx_n': 47, 'adx_threshold': 41, 'en_structure_trend': True, 'structure_trend_swing_l': 5, 'en_order_block': False, 'order_block_swing_l': 7, 'en_fvg': True, 'fvg_lookback': 35, 'en_ifvg': True, 'en_breaker': True, 'breaker_swing_l': 12, 'en_cisd': False, 'k': 1, 'en_cap_bars': True, 'cap_1min': 1109}.
[I 2026-07-13 15:36:54,454] Trial 2514 finished with values: [-1521.2481880081973, -4238.803519705739, 32.25] and parameters: {'sl_soft': 0.03390445607748107, 'sl_hard_delta': 0.0499062921079193, 'tp': 0.07673838374250289, 'gate_pct': 95.82664355457476, 'dd_limit': 1.4726436036009025, 'cooldown': 9, 'flip': False, 'en_ema_trend': False, 'ema_trend_fast': 27, 'ema_trend_slow': 290, 'en_sma_trend': False, 'sma_trend_fast': 8, 'sma_trend_slow': 319, 'en_macd': True, 'macd_fast': 51, 'macd_slow': 10, 'macd_signal': 36, 'en_vwap': True, 'en_keltner': False, 'keltner_n': 139, 'keltner_m': 2.5, 'en_obv': True, 'obv_slope': 24, 'en_cci': True, 'cci_n': 182, 'cci_threshold': 155, 'en_rsi': False, 'rsi_n': 22, 'rsi_lower': 32, 'rsi_upper': 95, 'en_stochastic': False, 'stochastic_n': 88, 'stochastic_d': 46, 'stochastic_lower': 23, 'stochastic_upper': 84, 'en_mfi': False, 'mfi_n': 38, 'mfi_lower': 30, 'mfi_upper': 52, 'en_bollinger': False, 'bollinger_n': 44, 'bollinger_k': 1.1, 'en_adx': False, 'adx_n': 16, 'adx_threshold': 12, 'en_structure_trend': False, 'structure_trend_swing_l': 6, 'en_order_block': True, 'order_block_swing_l': 3, 'en_fvg': True, 'fvg_lookback': 40, 'en_ifvg': False, 'en_breaker': True, 'breaker_swing_l': 8, 'en_cisd': True, 'k': 3, 'en_cap_bars': False, 'cap_1min': 368}.
[I 2026-07-13 15:36:57,002] Trial 2515 finished with values: [186.00267511095228, -2434.2807669196986, 74.45] and parameters: {'sl_soft': 0.04963847535152836, 'sl_hard_delta': 0.0728276140024374, 'tp': 0.02638552866949317, 'gate_pct': 96.03464624110227, 'dd_limit': 6.787950662357963, 'cooldown': 13, 'flip': True, 'en_ema_trend': True, 'ema_trend_fast': 113, 'ema_trend_slow': 378, 'en_sma_trend': False, 'sma_trend_fast': 175, 'sma_trend_slow': 80, 'en_macd': True, 'macd_fast': 80, 'macd_slow': 7, 'macd_signal': 21, 'en_vwap': False, 'en_keltner': False, 'keltner_n': 176, 'keltner_m': 4.0, 'en_obv': False, 'obv_slope': 13, 'en_cci': False, 'cci_n': 2, 'cci_threshold': 255, 'en_rsi': True, 'rsi_n': 13, 'rsi_lower': 3, 'rsi_upper': 86, 'en_stochastic': False, 'stochastic_n': 46, 'stochastic_d': 27, 'stochastic_lower': 22, 'stochastic_upper': 72, 'en_mfi': False, 'mfi_n': 11, 'mfi_lower': 47, 'mfi_upper': 79, 'en_bollinger': False, 'bollinger_n': 128, 'bollinger_k': 0.9, 'en_adx': False, 'adx_n': 7, 'adx_threshold': 10, 'en_structure_trend': False, 'structure_trend_swing_l': 1, 'en_order_block': False, 'order_block_swing_l': 5, 'en_fvg': True, 'fvg_lookback': 40, 'en_ifvg': True, 'en_breaker': False, 'breaker_swing_l': 18, 'en_cisd': True, 'k': 2, 'en_cap_bars': False, 'cap_1min': 713}.
[I 2026-07-13 15:37:05,075] Trial 2516 finished with values: [669.6419897599881, -947.0899833440427, 75.0] and parameters: {'sl_soft': 0.07161009218976556, 'sl_hard_delta': 0.005385961390851288, 'tp': 0.041570164073039366, 'gate_pct': 91.11428864458729, 'dd_limit': 3.021375135532224, 'cooldown': 5, 'flip': True, 'en_ema_trend': True, 'ema_trend_fast': 330, 'ema_trend_slow': 18, 'en_sma_trend': False, 'sma_trend_fast': 334, 'sma_trend_slow': 268, 'en_macd': True, 'macd_fast': 18, 'macd_slow': 16, 'macd_signal': 65, 'en_vwap': True, 'en_keltner': False, 'keltner_n': 153, 'keltner_m': 0.5, 'en_obv': False, 'obv_slope': 165, 'en_cci': True, 'cci_n': 100, 'cci_threshold': 125, 'en_rsi': True, 'rsi_n': 71, 'rsi_lower': 18, 'rsi_upper': 93, 'en_stochastic': True, 'stochastic_n': 52, 'stochastic_d': 4, 'stochastic_lower': 14, 'stochastic_upper': 63, 'en_mfi': True, 'mfi_n': 29, 'mfi_lower': 25, 'mfi_upper': 97, 'en_bollinger': False, 'bollinger_n': 144, 'bollinger_k': 4.8, 'en_adx': False, 'adx_n': 12, 'adx_threshold': 17, 'en_structure_trend': False, 'structure_trend_swing_l': 10, 'en_order_block': False, 'order_block_swing_l': 3, 'en_fvg': True, 'fvg_lookback': 18, 'en_ifvg': False, 'en_breaker': True, 'breaker_swing_l': 16, 'en_cisd': False, 'k': 1, 'en_cap_bars': True, 'cap_1min': 1243}.
[I 2026-07-13 15:37:06,446] Trial 2517 pruned. 
[I 2026-07-13 15:37:13,954] Trial 2518 finished with values: [339.8717333170964, -6315.841365697423, 49.05] and parameters: {'sl_soft': 0.053027124312554325, 'sl_hard_delta': 0.0728276140024374, 'tp': 0.09532397293532278, 'gate_pct': 96.87387275432529, 'dd_limit': 6.787950662357963, 'cooldown': 0, 'flip': True, 'en_ema_trend': True, 'ema_trend_fast': 60, 'ema_trend_slow': 298, 'en_sma_trend': True, 'sma_trend_fast': 27, 'sma_trend_slow': 222, 'en_macd': True, 'macd_fast': 82, 'macd_slow': 7, 'macd_signal': 79, 'en_vwap': True, 'en_keltner': False, 'keltner_n': 52, 'keltner_m': 4.0, 'en_obv': False, 'obv_slope': 53, 'en_cci': False, 'cci_n': 180, 'cci_threshold': 260, 'en_rsi': False, 'rsi_n': 68, 'rsi_lower': 3, 'rsi_upper': 58, 'en_stochastic': True, 'stochastic_n': 96, 'stochastic_d': 32, 'stochastic_lower': 45, 'stochastic_upper': 93, 'en_mfi': True, 'mfi_n': 39, 'mfi_lower': 27, 'mfi_upper': 98, 'en_bollinger': False, 'bollinger_n': 14, 'bollinger_k': 2.2, 'en_adx': False, 'adx_n': 7, 'adx_threshold': 25, 'en_structure_trend': False, 'structure_trend_swing_l': 20, 'en_order_block': True, 'order_block_swing_l': 10, 'en_fvg': True, 'fvg_lookback': 46, 'en_ifvg': True, 'en_breaker': False, 'breaker_swing_l': 16, 'en_cisd': True, 'k': 5, 'en_cap_bars': True, 'cap_1min': 713}.
[I 2026-07-13 15:37:14,537] Trial 2519 pruned. 
[I 2026-07-13 15:37:15,904] Trial 2520 pruned. 
