[I 2026-07-13 15:49:45,576] Trial 2815 finished with values: [1400.277087809485, -1294.3980654576499, 62.349999999999994] and parameters: {'sl_soft': 0.052196885259142164, 'sl_hard_delta': 0.08668272783238536, 'tp': 0.08485800408712069, 'gate_pct': 98.67302380660169, 'dd_limit': 0.23735305616742414, 'cooldown': 14, 'flip': True, 'en_ema_trend': False, 'ema_trend_fast': 279, 'ema_trend_slow': 250, 'en_sma_trend': True, 'sma_trend_fast': 375, 'sma_trend_slow': 324, 'en_macd': False, 'macd_fast': 5, 'macd_slow': 13, 'macd_signal': 27, 'en_vwap': True, 'en_keltner': False, 'keltner_n': 39, 'keltner_m': 3.7, 'en_obv': True, 'obv_slope': 167, 'en_cci': True, 'cci_n': 6, 'cci_threshold': 200, 'en_rsi': True, 'rsi_n': 62, 'rsi_lower': 15, 'rsi_upper': 93, 'en_stochastic': False, 'stochastic_n': 91, 'stochastic_d': 9, 'stochastic_lower': 23, 'stochastic_upper': 66, 'en_mfi': False, 'mfi_n': 46, 'mfi_lower': 5, 'mfi_upper': 79, 'en_bollinger': True, 'bollinger_n': 7, 'bollinger_k': 3.8000000000000003, 'en_adx': False, 'adx_n': 42, 'adx_threshold': 20, 'en_structure_trend': True, 'structure_trend_swing_l': 1, 'en_order_block': True, 'order_block_swing_l': 3, 'en_fvg': False, 'fvg_lookback': 2, 'en_ifvg': True, 'en_breaker': True, 'breaker_swing_l': 3, 'en_cisd': False, 'k': 1, 'en_cap_bars': True, 'cap_1min': 483}.
[I 2026-07-13 15:49:48,786] Trial 2816 finished with values: [488.5594382785107, -2388.9664716039506, 64.1] and parameters: {'sl_soft': 0.07064174057275752, 'sl_hard_delta': 0.0582717613908707, 'tp': 0.07393035676685698, 'gate_pct': 98.67302380660169, 'dd_limit': 3.2180873254465436, 'cooldown': 5, 'flip': True, 'en_ema_trend': True, 'ema_trend_fast': 81, 'ema_trend_slow': 125, 'en_sma_trend': False, 'sma_trend_fast': 382, 'sma_trend_slow': 324, 'en_macd': True, 'macd_fast': 93, 'macd_slow': 49, 'macd_signal': 75, 'en_vwap': False, 'en_keltner': False, 'keltner_n': 153, 'keltner_m': 3.7, 'en_obv': False, 'obv_slope': 100, 'en_cci': True, 'cci_n': 34, 'cci_threshold': 125, 'en_rsi': True, 'rsi_n': 71, 'rsi_lower': 34, 'rsi_upper': 93, 'en_stochastic': False, 'stochastic_n': 40, 'stochastic_d': 41, 'stochastic_lower': 1, 'stochastic_upper': 79, 'en_mfi': True, 'mfi_n': 94, 'mfi_lower': 11, 'mfi_upper': 54, 'en_bollinger': True, 'bollinger_n': 7, 'bollinger_k': 1.3, 'en_adx': False, 'adx_n': 12, 'adx_threshold': 17, 'en_structure_trend': True, 'structure_trend_swing_l': 16, 'en_order_block': True, 'order_block_swing_l': 19, 'en_fvg': True, 'fvg_lookback': 20, 'en_ifvg': False, 'en_breaker': False, 'breaker_swing_l': 7, 'en_cisd': True, 'k': 5, 'en_cap_bars': True, 'cap_1min': 686}.
[I 2026-07-13 15:49:49,728] Trial 2817 pruned. 
[I 2026-07-13 15:49:50,018] Trial 2818 finished with values: [1221.7797809755737, -1289.1350196362337, 85.75] and parameters: {'sl_soft': 0.07064174057275752, 'sl_hard_delta': 0.0582717613908707, 'tp': 0.04133656517073042, 'gate_pct': 95.72859018663851, 'dd_limit': 3.2180873254465436, 'cooldown': 6, 'flip': True, 'en_ema_trend': True, 'ema_trend_fast': 81, 'ema_trend_slow': 393, 'en_sma_trend': True, 'sma_trend_fast': 382, 'sma_trend_slow': 377, 'en_macd': True, 'macd_fast': 97, 'macd_slow': 74, 'macd_signal': 71, 'en_vwap': False, 'en_keltner': False, 'keltner_n': 131, 'keltner_m': 0.5, 'en_obv': False, 'obv_slope': 100, 'en_cci': True, 'cci_n': 34, 'cci_threshold': 85, 'en_rsi': False, 'rsi_n': 71, 'rsi_lower': 34, 'rsi_upper': 99, 'en_stochastic': False, 'stochastic_n': 40, 'stochastic_d': 41, 'stochastic_lower': 13, 'stochastic_upper': 79, 'en_mfi': False, 'mfi_n': 94, 'mfi_lower': 24, 'mfi_upper': 97, 'en_bollinger': True, 'bollinger_n': 165, 'bollinger_k': 1.3, 'en_adx': False, 'adx_n': 52, 'adx_threshold': 44, 'en_structure_trend': True, 'structure_trend_swing_l': 16, 'en_order_block': True, 'order_block_swing_l': 19, 'en_fvg': True, 'fvg_lookback': 20, 'en_ifvg': False, 'en_breaker': False, 'breaker_swing_l': 7, 'en_cisd': True, 'k': 5, 'en_cap_bars': True, 'cap_1min': 686}.
[I 2026-07-13 15:49:50,718] Trial 2819 pruned. 
[I 2026-07-13 15:49:51,526] Trial 2820 finished with values: [-2135.494559827347, -10532.230754326054, 64.3] and parameters: {'sl_soft': 0.06296004248070106, 'sl_hard_delta': 0.03174292770939944, 'tp': 0.04121537520691777, 'gate_pct': 99.3861717774851, 'dd_limit': 6.844711394584541, 'cooldown': 5, 'flip': True, 'en_ema_trend': False, 'ema_trend_fast': 351, 'ema_trend_slow': 367, 'en_sma_trend': False, 'sma_trend_fast': 334, 'sma_trend_slow': 12, 'en_macd': True, 'macd_fast': 60, 'macd_slow': 49, 'macd_signal': 75, 'en_vwap': False, 'en_keltner': True, 'keltner_n': 153, 'keltner_m': 5.0, 'en_obv': True, 'obv_slope': 191, 'en_cci': False, 'cci_n': 112, 'cci_threshold': 25, 'en_rsi': False, 'rsi_n': 34, 'rsi_lower': 12, 'rsi_upper': 77, 'en_stochastic': False, 'stochastic_n': 91, 'stochastic_d': 39, 'stochastic_lower': 1, 'stochastic_upper': 91, 'en_mfi': False, 'mfi_n': 83, 'mfi_lower': 46, 'mfi_upper': 76, 'en_bollinger': True, 'bollinger_n': 56, 'bollinger_k': 3.1, 'en_adx': False, 'adx_n': 37, 'adx_threshold': 50, 'en_structure_trend': False, 'structure_trend_swing_l': 13, 'en_order_block': True, 'order_block_swing_l': 12, 'en_fvg': False, 'fvg_lookback': 18, 'en_ifvg': False, 'en_breaker': True, 'breaker_swing_l': 9, 'en_cisd': True, 'k': 1, 'en_cap_bars': False, 'cap_1min': 963}.
[I 2026-07-13 15:49:54,117] Trial 2821 pruned. 
[I 2026-07-13 15:49:54,609] Trial 2822 finished with values: [-492.6658916403958, -8318.065541355329, 57.1] and parameters: {'sl_soft': 0.022988098270288884, 'sl_hard_delta': 0.06382907164527017, 'tp': 0.04121537520691777, 'gate_pct': 95.72859018663851, 'dd_limit': 9.740009427199718, 'cooldown': 0, 'flip': True, 'en_ema_trend': True, 'ema_trend_fast': 330, 'ema_trend_slow': 18, 'en_sma_trend': False, 'sma_trend_fast': 137, 'sma_trend_slow': 12, 'en_macd': True, 'macd_fast': 60, 'macd_slow': 16, 'macd_signal': 24, 'en_vwap': True, 'en_keltner': False, 'keltner_n': 66, 'keltner_m': 5.0, 'en_obv': False, 'obv_slope': 191, 'en_cci': True, 'cci_n': 10, 'cci_threshold': 205, 'en_rsi': False, 'rsi_n': 24, 'rsi_lower': 4, 'rsi_upper': 93, 'en_stochastic': False, 'stochastic_n': 97, 'stochastic_d': 4, 'stochastic_lower': 25, 'stochastic_upper': 91, 'en_mfi': True, 'mfi_n': 29, 'mfi_lower': 8, 'mfi_upper': 55, 'en_bollinger': False, 'bollinger_n': 56, 'bollinger_k': 4.8, 'en_adx': False, 'adx_n': 28, 'adx_threshold': 50, 'en_structure_trend': True, 'structure_trend_swing_l': 16, 'en_order_block': False, 'order_block_swing_l': 8, 'en_fvg': False, 'fvg_lookback': 33, 'en_ifvg': False, 'en_breaker': True, 'breaker_swing_l': 12, 'en_cisd': False, 'k': 2, 'en_cap_bars': False, 'cap_1min': 634}.
[I 2026-07-13 15:49:54,838] Trial 2823 pruned. 
[I 2026-07-13 15:49:57,825] Trial 2824 finished with values: [-181.96914472108364, -1466.138297233499, 48.7] and parameters: {'sl_soft': 0.06296004248070106, 'sl_hard_delta': 0.010346872380968307, 'tp': 0.07393035676685698, 'gate_pct': 97.81683336946006, 'dd_limit': 0.7255970035841512, 'cooldown': 3, 'flip': False, 'en_ema_trend': True, 'ema_trend_fast': 279, 'ema_trend_slow': 125, 'en_sma_trend': False, 'sma_trend_fast': 372, 'sma_trend_slow': 324, 'en_macd': True, 'macd_fast': 60, 'macd_slow': 49, 'macd_signal': 40, 'en_vwap': True, 'en_keltner': True, 'keltner_n': 119, 'keltner_m': 4.7, 'en_obv': False, 'obv_slope': 157, 'en_cci': True, 'cci_n': 11, 'cci_threshold': 295, 'en_rsi': True, 'rsi_n': 62, 'rsi_lower': 18, 'rsi_upper': 77, 'en_stochastic': True, 'stochastic_n': 24, 'stochastic_d': 39, 'stochastic_lower': 16, 'stochastic_upper': 91, 'en_mfi': True, 'mfi_n': 77, 'mfi_lower': 2, 'mfi_upper': 76, 'en_bollinger': True, 'bollinger_n': 7, 'bollinger_k': 3.1, 'en_adx': False, 'adx_n': 11, 'adx_threshold': 50, 'en_structure_trend': False, 'structure_trend_swing_l': 13, 'en_order_block': True, 'order_block_swing_l': 3, 'en_fvg': True, 'fvg_lookback': 18, 'en_ifvg': True, 'en_breaker': True, 'breaker_swing_l': 16, 'en_cisd': True, 'k': 1, 'en_cap_bars': True, 'cap_1min': 1243}.
[I 2026-07-13 15:49:58,527] Trial 2825 pruned. 
[I 2026-07-13 15:49:59,233] Trial 2826 pruned. 
[I 2026-07-13 15:49:59,543] Trial 2827 finished with values: [704.776718357838, -1482.736184129365, 76.35] and parameters: {'sl_soft': 0.052196885259142164, 'sl_hard_delta': 0.06386467845975724, 'tp': 0.0455758906119309, 'gate_pct': 97.81683336946006, 'dd_limit': 0.23735305616742414, 'cooldown': 14, 'flip': False, 'en_ema_trend': True, 'ema_trend_fast': 206, 'ema_trend_slow': 250, 'en_sma_trend': False, 'sma_trend_fast': 32, 'sma_trend_slow': 245, 'en_macd': False, 'macd_fast': 81, 'macd_slow': 22, 'macd_signal': 6, 'en_vwap': True, 'en_keltner': True, 'keltner_n': 172, 'keltner_m': 4.7, 'en_obv': False, 'obv_slope': 157, 'en_cci': True, 'cci_n': 6, 'cci_threshold': 295, 'en_rsi': False, 'rsi_n': 68, 'rsi_lower': 25, 'rsi_upper': 72, 'en_stochastic': True, 'stochastic_n': 24, 'stochastic_d': 6, 'stochastic_lower': 16, 'stochastic_upper': 66, 'en_mfi': False, 'mfi_n': 15, 'mfi_lower': 2, 'mfi_upper': 79, 'en_bollinger': False, 'bollinger_n': 122, 'bollinger_k': 3.9000000000000004, 'en_adx': False, 'adx_n': 64, 'adx_threshold': 32, 'en_structure_trend': True, 'structure_trend_swing_l': 13, 'en_order_block': True, 'order_block_swing_l': 15, 'en_fvg': False, 'fvg_lookback': 19, 'en_ifvg': False, 'en_breaker': True, 'breaker_swing_l': 11, 'en_cisd': True, 'k': 2, 'en_cap_bars': True, 'cap_1min': 483}.
[I 2026-07-13 15:50:07,113] Trial 2828 finished with values: [-289.5919406375391, -2805.839003013053, 51.9] and parameters: {'sl_soft': 0.04963847535152836, 'sl_hard_delta': 0.010346872380968307, 'tp': 0.04939294172156869, 'gate_pct': 99.3861717774851, 'dd_limit': 6.844711394584541, 'cooldown': 5, 'flip': True, 'en_ema_trend': False, 'ema_trend_fast': 351, 'ema_trend_slow': 367, 'en_sma_trend': False, 'sma_trend_fast': 334, 'sma_trend_slow': 356, 'en_macd': True, 'macd_fast': 70, 'macd_slow': 133, 'macd_signal': 75, 'en_vwap': True, 'en_keltner': True, 'keltner_n': 139, 'keltner_m': 1.2000000000000002, 'en_obv': True, 'obv_slope': 13, 'en_cci': False, 'cci_n': 112, 'cci_threshold': 155, 'en_rsi': False, 'rsi_n': 96, 'rsi_lower': 12, 'rsi_upper': 63, 'en_stochastic': True, 'stochastic_n': 97, 'stochastic_d': 43, 'stochastic_lower': 22, 'stochastic_upper': 61, 'en_mfi': False, 'mfi_n': 83, 'mfi_lower': 47, 'mfi_upper': 79, 'en_bollinger': True, 'bollinger_n': 128, 'bollinger_k': 3.1, 'en_adx': False, 'adx_n': 48, 'adx_threshold': 26, 'en_structure_trend': False, 'structure_trend_swing_l': 1, 'en_order_block': False, 'order_block_swing_l': 5, 'en_fvg': False, 'fvg_lookback': 18, 'en_ifvg': False, 'en_breaker': True, 'breaker_swing_l': 9, 'en_cisd': False, 'k': 1, 'en_cap_bars': False, 'cap_1min': 1239}.
[I 2026-07-13 15:50:09,203] Trial 2829 finished with values: [-356.29722240125625, -2247.8756862272317, 35.15] and parameters: {'sl_soft': 0.022988098270288884, 'sl_hard_delta': 0.06382907164527017, 'tp': 0.11027886271765928, 'gate_pct': 97.66167568722003, 'dd_limit': 1.165272515908045, 'cooldown': 14, 'flip': True, 'en_ema_trend': False, 'ema_trend_fast': 30, 'ema_trend_slow': 176, 'en_sma_trend': True, 'sma_trend_fast': 137, 'sma_trend_slow': 351, 'en_macd': True, 'macd_fast': 60, 'macd_slow': 93, 'macd_signal': 98, 'en_vwap': True, 'en_keltner': False, 'keltner_n': 22, 'keltner_m': 1.2000000000000002, 'en_obv': False, 'obv_slope': 69, 'en_cci': True, 'cci_n': 112, 'cci_threshold': 205, 'en_rsi': False, 'rsi_n': 71, 'rsi_lower': 4, 'rsi_upper': 63, 'en_stochastic': False, 'stochastic_n': 97, 'stochastic_d': 4, 'stochastic_lower': 25, 'stochastic_upper': 72, 'en_mfi': True, 'mfi_n': 9, 'mfi_lower': 13, 'mfi_upper': 94, 'en_bollinger': False, 'bollinger_n': 50, 'bollinger_k': 4.8, 'en_adx': False, 'adx_n': 37, 'adx_threshold': 26, 'en_structure_trend': True, 'structure_trend_swing_l': 2, 'en_order_block': True, 'order_block_swing_l': 12, 'en_fvg': True, 'fvg_lookback': 33, 'en_ifvg': False, 'en_breaker': True, 'breaker_swing_l': 12, 'en_cisd': False, 'k': 2, 'en_cap_bars': True, 'cap_1min': 1109}.
[I 2026-07-13 15:50:14,985] Trial 2830 finished with values: [510.2415611427523, -1867.463059224086, 47.25] and parameters: {'sl_soft': 0.05357069456355894, 'sl_hard_delta': 0.010346872380968307, 'tp': 0.07393035676685698, 'gate_pct': 98.93711402329589, 'dd_limit': 9.066216783758431, 'cooldown': 8, 'flip': True, 'en_ema_trend': True, 'ema_trend_fast': 279, 'ema_trend_slow': 125, 'en_sma_trend': True, 'sma_trend_fast': 372, 'sma_trend_slow': 324, 'en_macd': False, 'macd_fast': 60, 'macd_slow': 18, 'macd_signal': 75, 'en_vwap': False, 'en_keltner': False, 'keltner_n': 153, 'keltner_m': 5.0, 'en_obv': False, 'obv_slope': 167, 'en_cci': True, 'cci_n': 11, 'cci_threshold': 125, 'en_rsi': False, 'rsi_n': 34, 'rsi_lower': 12, 'rsi_upper': 93, 'en_stochastic': True, 'stochastic_n': 97, 'stochastic_d': 9, 'stochastic_lower': 17, 'stochastic_upper': 91, 'en_mfi': True, 'mfi_n': 46, 'mfi_lower': 11, 'mfi_upper': 76, 'en_bollinger': True, 'bollinger_n': 7, 'bollinger_k': 1.0, 'en_adx': False, 'adx_n': 36, 'adx_threshold': 17, 'en_structure_trend': False, 'structure_trend_swing_l': 13, 'en_order_block': True, 'order_block_swing_l': 12, 'en_fvg': False, 'fvg_lookback': 18, 'en_ifvg': True, 'en_breaker': True, 'breaker_swing_l': 9, 'en_cisd': False, 'k': 3, 'en_cap_bars': True, 'cap_1min': 1243}.
[I 2026-07-13 15:50:15,265] Trial 2831 finished with values: [825.7445516453112, -1514.0750838884287, 73.45] and parameters: {'sl_soft': 0.06296004248070106, 'sl_hard_delta': 0.027238725907773563, 'tp': 0.04939294172156869, 'gate_pct': 98.93711402329589, 'dd_limit': 8.747350770951359, 'cooldown': 8, 'flip': True, 'en_ema_trend': True, 'ema_trend_fast': 351, 'ema_trend_slow': 367, 'en_sma_trend': False, 'sma_trend_fast': 392, 'sma_trend_slow': 356, 'en_macd': True, 'macd_fast': 60, 'macd_slow': 10, 'macd_signal': 40, 'en_vwap': False, 'en_keltner': False, 'keltner_n': 139, 'keltner_m': 0.5, 'en_obv': True, 'obv_slope': 14, 'en_cci': False, 'cci_n': 106, 'cci_threshold': 180, 'en_rsi': False, 'rsi_n': 96, 'rsi_lower': 12, 'rsi_upper': 77, 'en_stochastic': False, 'stochastic_n': 97, 'stochastic_d': 43, 'stochastic_lower': 7, 'stochastic_upper': 61, 'en_mfi': False, 'mfi_n': 9, 'mfi_lower': 30, 'mfi_upper': 62, 'en_bollinger': True, 'bollinger_n': 128, 'bollinger_k': 1.1, 'en_adx': False, 'adx_n': 16, 'adx_threshold': 12, 'en_structure_trend': False, 'structure_trend_swing_l': 1, 'en_order_block': True, 'order_block_swing_l': 3, 'en_fvg': False, 'fvg_lookback': 11, 'en_ifvg': True, 'en_breaker': True, 'breaker_swing_l': 9, 'en_cisd': False, 'k': 3, 'en_cap_bars': True, 'cap_1min': 1239}.
[I 2026-07-13 15:50:16,770] Trial 2832 finished with values: [-1058.1998119575433, -2816.0674213054904, 35.9] and parameters: {'sl_soft': 0.052196885259142164, 'sl_hard_delta': 0.06087460308907818, 'tp': 0.08485800408712069, 'gate_pct': 99.47218267450155, 'dd_limit': 0.23735305616742414, 'cooldown': 14, 'flip': False, 'en_ema_trend': False, 'ema_trend_fast': 84, 'ema_trend_slow': 367, 'en_sma_trend': True, 'sma_trend_fast': 392, 'sma_trend_slow': 141, 'en_macd': True, 'macd_fast': 5, 'macd_slow': 42, 'macd_signal': 27, 'en_vwap': False, 'en_keltner': False, 'keltner_n': 37, 'keltner_m': 2.5, 'en_obv': True, 'obv_slope': 2, 'en_cci': True, 'cci_n': 6, 'cci_threshold': 200, 'en_rsi': False, 'rsi_n': 34, 'rsi_lower': 12, 'rsi_upper': 98, 'en_stochastic': False, 'stochastic_n': 77, 'stochastic_d': 46, 'stochastic_lower': 23, 'stochastic_upper': 61, 'en_mfi': False, 'mfi_n': 13, 'mfi_lower': 30, 'mfi_upper': 79, 'en_bollinger': True, 'bollinger_n': 44, 'bollinger_k': 3.1, 'en_adx': False, 'adx_n': 16, 'adx_threshold': 20, 'en_structure_trend': True, 'structure_trend_swing_l': 13, 'en_order_block': True, 'order_block_swing_l': 16, 'en_fvg': False, 'fvg_lookback': 2, 'en_ifvg': False, 'en_breaker': True, 'breaker_swing_l': 3, 'en_cisd': False, 'k': 3, 'en_cap_bars': False, 'cap_1min': 483}.
[I 2026-07-13 15:50:17,262] Trial 2833 pruned. 
[I 2026-07-13 15:50:17,600] Trial 2834 finished with values: [605.7023599692889, -1236.9915502742401, 73.25] and parameters: {'sl_soft': 0.07064174057275752, 'sl_hard_delta': 0.0737256970400244, 'tp': 0.04133656517073042, 'gate_pct': 95.72859018663851, 'dd_limit': 3.2180873254465436, 'cooldown': 10, 'flip': True, 'en_ema_trend': False, 'ema_trend_fast': 220, 'ema_trend_slow': 150, 'en_sma_trend': True, 'sma_trend_fast': 382, 'sma_trend_slow': 302, 'en_macd': True, 'macd_fast': 97, 'macd_slow': 74, 'macd_signal': 71, 'en_vwap': True, 'en_keltner': False, 'keltner_n': 131, 'keltner_m': 0.5, 'en_obv': False, 'obv_slope': 25, 'en_cci': False, 'cci_n': 34, 'cci_threshold': 85, 'en_rsi': True, 'rsi_n': 71, 'rsi_lower': 27, 'rsi_upper': 99, 'en_stochastic': False, 'stochastic_n': 5, 'stochastic_d': 41, 'stochastic_lower': 26, 'stochastic_upper': 79, 'en_mfi': False, 'mfi_n': 43, 'mfi_lower': 24, 'mfi_upper': 69, 'en_bollinger': False, 'bollinger_n': 165, 'bollinger_k': 1.3, 'en_adx': False, 'adx_n': 52, 'adx_threshold': 17, 'en_structure_trend': False, 'structure_trend_swing_l': 19, 'en_order_block': True, 'order_block_swing_l': 11, 'en_fvg': True, 'fvg_lookback': 33, 'en_ifvg': False, 'en_breaker': False, 'breaker_swing_l': 9, 'en_cisd': True, 'k': 5, 'en_cap_bars': True, 'cap_1min': 686}.
[I 2026-07-13 15:50:20,178] Trial 2835 pruned. 
[I 2026-07-13 15:50:28,065] Trial 2836 finished with values: [1041.1229521560017, -1544.0941664454044, 53.7] and parameters: {'sl_soft': 0.05357069456355894, 'sl_hard_delta': 0.005385961390851288, 'tp': 0.07393035676685698, 'gate_pct': 98.67302380660169, 'dd_limit': 3.021375135532224, 'cooldown': 5, 'flip': True, 'en_ema_trend': False, 'ema_trend_fast': 279, 'ema_trend_slow': 18, 'en_sma_trend': True, 'sma_trend_fast': 334, 'sma_trend_slow': 319, 'en_macd': True, 'macd_fast': 93, 'macd_slow': 126, 'macd_signal': 26, 'en_vwap': True, 'en_keltner': True, 'keltner_n': 153, 'keltner_m': 0.5, 'en_obv': False, 'obv_slope': 165, 'en_cci': True, 'cci_n': 106, 'cci_threshold': 125, 'en_rsi': False, 'rsi_n': 62, 'rsi_lower': 13, 'rsi_upper': 94, 'en_stochastic': True, 'stochastic_n': 91, 'stochastic_d': 49, 'stochastic_lower': 1, 'stochastic_upper': 91, 'en_mfi': True, 'mfi_n': 46, 'mfi_lower': 23, 'mfi_upper': 54, 'en_bollinger': True, 'bollinger_n': 7, 'bollinger_k': 1.0, 'en_adx': False, 'adx_n': 34, 'adx_threshold': 17, 'en_structure_trend': False, 'structure_trend_swing_l': 13, 'en_order_block': True, 'order_block_swing_l': 3, 'en_fvg': True, 'fvg_lookback': 18, 'en_ifvg': False, 'en_breaker': True, 'breaker_swing_l': 16, 'en_cisd': False, 'k': 1, 'en_cap_bars': True, 'cap_1min': 368}.
[I 2026-07-13 15:50:28,720] Trial 2837 pruned. 
[I 2026-07-13 15:50:29,609] Trial 2838 pruned. 
[I 2026-07-13 15:50:31,867] Trial 2839 pruned. 
[I 2026-07-13 15:50:32,535] Trial 2840 finished with values: [704.776718357838, -1482.736184129365, 76.35] and parameters: {'sl_soft': 0.052196885259142164, 'sl_hard_delta': 0.06386467845975724, 'tp': 0.0455758906119309, 'gate_pct': 97.81683336946006, 'dd_limit': 0.23735305616742414, 'cooldown': 14, 'flip': False, 'en_ema_trend': True, 'ema_trend_fast': 206, 'ema_trend_slow': 250, 'en_sma_trend': False, 'sma_trend_fast': 32, 'sma_trend_slow': 245, 'en_macd': False, 'macd_fast': 81, 'macd_slow': 22, 'macd_signal': 6, 'en_vwap': True, 'en_keltner': True, 'keltner_n': 172, 'keltner_m': 4.7, 'en_obv': False, 'obv_slope': 157, 'en_cci': True, 'cci_n': 6, 'cci_threshold': 295, 'en_rsi': False, 'rsi_n': 68, 'rsi_lower': 25, 'rsi_upper': 72, 'en_stochastic': True, 'stochastic_n': 24, 'stochastic_d': 6, 'stochastic_lower': 16, 'stochastic_upper': 66, 'en_mfi': False, 'mfi_n': 15, 'mfi_lower': 2, 'mfi_upper': 79, 'en_bollinger': True, 'bollinger_n': 122, 'bollinger_k': 3.9000000000000004, 'en_adx': False, 'adx_n': 64, 'adx_threshold': 12, 'en_structure_trend': True, 'structure_trend_swing_l': 13, 'en_order_block': True, 'order_block_swing_l': 15, 'en_fvg': False, 'fvg_lookback': 19, 'en_ifvg': False, 'en_breaker': True, 'breaker_swing_l': 11, 'en_cisd': True, 'k': 2, 'en_cap_bars': True, 'cap_1min': 483}.
[I 2026-07-13 15:50:39,520] Trial 2841 finished with values: [465.1796855835678, -2919.818308355033, 59.3] and parameters: {'sl_soft': 0.05357069456355894, 'sl_hard_delta': 0.010346872380968307, 'tp': 0.04939294172156869, 'gate_pct': 98.67302380660169, 'dd_limit': 1.4726436036009025, 'cooldown': 5, 'flip': True, 'en_ema_trend': False, 'ema_trend_fast': 279, 'ema_trend_slow': 14, 'en_sma_trend': True, 'sma_trend_fast': 334, 'sma_trend_slow': 319, 'en_macd': True, 'macd_fast': 93, 'macd_slow': 42, 'macd_signal': 26, 'en_vwap': True, 'en_keltner': True, 'keltner_n': 32, 'keltner_m': 2.5, 'en_obv': True, 'obv_slope': 14, 'en_cci': True, 'cci_n': 106, 'cci_threshold': 155, 'en_rsi': False, 'rsi_n': 62, 'rsi_lower': 13, 'rsi_upper': 95, 'en_stochastic': True, 'stochastic_n': 6, 'stochastic_d': 9, 'stochastic_lower': 7, 'stochastic_upper': 91, 'en_mfi': False, 'mfi_n': 93, 'mfi_lower': 11, 'mfi_upper': 89, 'en_bollinger': False, 'bollinger_n': 175, 'bollinger_k': 1.0, 'en_adx': False, 'adx_n': 12, 'adx_threshold': 17, 'en_structure_trend': False, 'structure_trend_swing_l': 13, 'en_order_block': True, 'order_block_swing_l': 3, 'en_fvg': True, 'fvg_lookback': 18, 'en_ifvg': False, 'en_breaker': True, 'breaker_swing_l': 16, 'en_cisd': False, 'k': 1, 'en_cap_bars': True, 'cap_1min': 368}.
