[I 2026-07-13 15:43:11,514] Trial 2649 finished with values: [-392.8161494211935, -1239.9061327652562, 60.15] and parameters: {'sl_soft': 0.07161009218976556, 'sl_hard_delta': 0.005385961390851288, 'tp': 0.041570164073039366, 'gate_pct': 95.031393846183, 'dd_limit': 2.6546638252533143, 'cooldown': 5, 'flip': True, 'en_ema_trend': True, 'ema_trend_fast': 390, 'ema_trend_slow': 273, 'en_sma_trend': True, 'sma_trend_fast': 148, 'sma_trend_slow': 83, 'en_macd': False, 'macd_fast': 18, 'macd_slow': 16, 'macd_signal': 65, 'en_vwap': True, 'en_keltner': False, 'keltner_n': 42, 'keltner_m': 4.0, 'en_obv': False, 'obv_slope': 165, 'en_cci': True, 'cci_n': 100, 'cci_threshold': 135, 'en_rsi': False, 'rsi_n': 71, 'rsi_lower': 46, 'rsi_upper': 93, 'en_stochastic': True, 'stochastic_n': 52, 'stochastic_d': 49, 'stochastic_lower': 14, 'stochastic_upper': 63, 'en_mfi': True, 'mfi_n': 38, 'mfi_lower': 25, 'mfi_upper': 83, 'en_bollinger': False, 'bollinger_n': 11, 'bollinger_k': 4.8, 'en_adx': False, 'adx_n': 12, 'adx_threshold': 17, 'en_structure_trend': False, 'structure_trend_swing_l': 5, 'en_order_block': False, 'order_block_swing_l': 3, 'en_fvg': True, 'fvg_lookback': 18, 'en_ifvg': False, 'en_breaker': True, 'breaker_swing_l': 16, 'en_cisd': False, 'k': 2, 'en_cap_bars': False, 'cap_1min': 1243}.
[I 2026-07-13 15:43:18,692] Trial 2650 finished with values: [425.28336339081824, -2425.6787974280414, 36.2] and parameters: {'sl_soft': 0.030297225161902704, 'sl_hard_delta': 0.022404048487151013, 'tp': 0.095095836312556, 'gate_pct': 99.47218267450155, 'dd_limit': 0.8067001316129313, 'cooldown': 0, 'flip': False, 'en_ema_trend': False, 'ema_trend_fast': 84, 'ema_trend_slow': 247, 'en_sma_trend': True, 'sma_trend_fast': 304, 'sma_trend_slow': 73, 'en_macd': True, 'macd_fast': 25, 'macd_slow': 18, 'macd_signal': 31, 'en_vwap': True, 'en_keltner': False, 'keltner_n': 61, 'keltner_m': 2.0, 'en_obv': True, 'obv_slope': 30, 'en_cci': False, 'cci_n': 105, 'cci_threshold': 300, 'en_rsi': True, 'rsi_n': 31, 'rsi_lower': 16, 'rsi_upper': 89, 'en_stochastic': True, 'stochastic_n': 36, 'stochastic_d': 37, 'stochastic_lower': 18, 'stochastic_upper': 72, 'en_mfi': True, 'mfi_n': 36, 'mfi_lower': 41, 'mfi_upper': 72, 'en_bollinger': False, 'bollinger_n': 82, 'bollinger_k': 3.6, 'en_adx': False, 'adx_n': 42, 'adx_threshold': 20, 'en_structure_trend': True, 'structure_trend_swing_l': 10, 'en_order_block': False, 'order_block_swing_l': 16, 'en_fvg': True, 'fvg_lookback': 21, 'en_ifvg': False, 'en_breaker': False, 'breaker_swing_l': 16, 'en_cisd': True, 'k': 2, 'en_cap_bars': False, 'cap_1min': 557}.
[I 2026-07-13 15:43:21,195] Trial 2651 finished with values: [508.5429996164594, -9103.258127024888, 48.0] and parameters: {'sl_soft': 0.029115883360798768, 'sl_hard_delta': 0.09144206065769385, 'tp': 0.07022549546525522, 'gate_pct': 99.57581637257637, 'dd_limit': 6.787950662357963, 'cooldown': 3, 'flip': False, 'en_ema_trend': True, 'ema_trend_fast': 33, 'ema_trend_slow': 84, 'en_sma_trend': False, 'sma_trend_fast': 165, 'sma_trend_slow': 154, 'en_macd': False, 'macd_fast': 80, 'macd_slow': 157, 'macd_signal': 67, 'en_vwap': False, 'en_keltner': True, 'keltner_n': 76, 'keltner_m': 4.2, 'en_obv': True, 'obv_slope': 173, 'en_cci': False, 'cci_n': 120, 'cci_threshold': 45, 'en_rsi': False, 'rsi_n': 33, 'rsi_lower': 20, 'rsi_upper': 86, 'en_stochastic': False, 'stochastic_n': 90, 'stochastic_d': 27, 'stochastic_lower': 21, 'stochastic_upper': 75, 'en_mfi': True, 'mfi_n': 56, 'mfi_lower': 49, 'mfi_upper': 98, 'en_bollinger': False, 'bollinger_n': 100, 'bollinger_k': 4.5, 'en_adx': False, 'adx_n': 7, 'adx_threshold': 27, 'en_structure_trend': False, 'structure_trend_swing_l': 10, 'en_order_block': True, 'order_block_swing_l': 5, 'en_fvg': True, 'fvg_lookback': 33, 'en_ifvg': True, 'en_breaker': False, 'breaker_swing_l': 11, 'en_cisd': True, 'k': 4, 'en_cap_bars': True, 'cap_1min': 713}.
[I 2026-07-13 15:43:21,970] Trial 2652 finished with values: [61.505768621863126, -3735.981842512998, 43.75] and parameters: {'sl_soft': 0.060501146701018055, 'sl_hard_delta': 0.027238725907773563, 'tp': 0.10760117879267023, 'gate_pct': 99.47218267450155, 'dd_limit': 6.844711394584541, 'cooldown': 18, 'flip': True, 'en_ema_trend': False, 'ema_trend_fast': 84, 'ema_trend_slow': 176, 'en_sma_trend': True, 'sma_trend_fast': 353, 'sma_trend_slow': 351, 'en_macd': True, 'macd_fast': 83, 'macd_slow': 18, 'macd_signal': 27, 'en_vwap': True, 'en_keltner': False, 'keltner_n': 39, 'keltner_m': 2.0, 'en_obv': True, 'obv_slope': 30, 'en_cci': False, 'cci_n': 4, 'cci_threshold': 300, 'en_rsi': False, 'rsi_n': 31, 'rsi_lower': 16, 'rsi_upper': 63, 'en_stochastic': False, 'stochastic_n': 77, 'stochastic_d': 43, 'stochastic_lower': 38, 'stochastic_upper': 72, 'en_mfi': False, 'mfi_n': 9, 'mfi_lower': 1, 'mfi_upper': 72, 'en_bollinger': True, 'bollinger_n': 149, 'bollinger_k': 4.300000000000001, 'en_adx': False, 'adx_n': 42, 'adx_threshold': 20, 'en_structure_trend': False, 'structure_trend_swing_l': 2, 'en_order_block': False, 'order_block_swing_l': 16, 'en_fvg': True, 'fvg_lookback': 40, 'en_ifvg': False, 'en_breaker': True, 'breaker_swing_l': 3, 'en_cisd': False, 'k': 2, 'en_cap_bars': False, 'cap_1min': 1134}.
[I 2026-07-13 15:43:22,205] Trial 2653 pruned. 
[I 2026-07-13 15:43:22,638] Trial 2654 finished with values: [-156.60821638512348, -1917.5270083357532, 44.099999999999994] and parameters: {'sl_soft': 0.05357069456355894, 'sl_hard_delta': 0.010346872380968307, 'tp': 0.07393035676685698, 'gate_pct': 98.67302380660169, 'dd_limit': 3.021375135532224, 'cooldown': 5, 'flip': True, 'en_ema_trend': True, 'ema_trend_fast': 279, 'ema_trend_slow': 125, 'en_sma_trend': True, 'sma_trend_fast': 334, 'sma_trend_slow': 324, 'en_macd': False, 'macd_fast': 93, 'macd_slow': 49, 'macd_signal': 75, 'en_vwap': True, 'en_keltner': True, 'keltner_n': 153, 'keltner_m': 3.7, 'en_obv': False, 'obv_slope': 167, 'en_cci': True, 'cci_n': 11, 'cci_threshold': 125, 'en_rsi': True, 'rsi_n': 62, 'rsi_lower': 18, 'rsi_upper': 93, 'en_stochastic': True, 'stochastic_n': 91, 'stochastic_d': 9, 'stochastic_lower': 1, 'stochastic_upper': 91, 'en_mfi': True, 'mfi_n': 46, 'mfi_lower': 11, 'mfi_upper': 54, 'en_bollinger': True, 'bollinger_n': 7, 'bollinger_k': 1.0, 'en_adx': False, 'adx_n': 11, 'adx_threshold': 17, 'en_structure_trend': False, 'structure_trend_swing_l': 13, 'en_order_block': True, 'order_block_swing_l': 3, 'en_fvg': True, 'fvg_lookback': 18, 'en_ifvg': False, 'en_breaker': True, 'breaker_swing_l': 16, 'en_cisd': False, 'k': 1, 'en_cap_bars': True, 'cap_1min': 1243}.
[I 2026-07-13 15:43:23,027] Trial 2655 pruned. 
[I 2026-07-13 15:43:24,713] Trial 2656 finished with values: [-2308.539782928332, -5462.178620762901, 44.55] and parameters: {'sl_soft': 0.04963847535152836, 'sl_hard_delta': 0.0728276140024374, 'tp': 0.08485845740575639, 'gate_pct': 98.72479828405353, 'dd_limit': 6.787950662357963, 'cooldown': 6, 'flip': True, 'en_ema_trend': True, 'ema_trend_fast': 81, 'ema_trend_slow': 378, 'en_sma_trend': False, 'sma_trend_fast': 175, 'sma_trend_slow': 115, 'en_macd': True, 'macd_fast': 80, 'macd_slow': 7, 'macd_signal': 21, 'en_vwap': False, 'en_keltner': False, 'keltner_n': 146, 'keltner_m': 2.3, 'en_obv': False, 'obv_slope': 105, 'en_cci': False, 'cci_n': 67, 'cci_threshold': 255, 'en_rsi': False, 'rsi_n': 13, 'rsi_lower': 8, 'rsi_upper': 59, 'en_stochastic': False, 'stochastic_n': 46, 'stochastic_d': 41, 'stochastic_lower': 2, 'stochastic_upper': 79, 'en_mfi': False, 'mfi_n': 94, 'mfi_lower': 47, 'mfi_upper': 66, 'en_bollinger': False, 'bollinger_n': 128, 'bollinger_k': 3.7, 'en_adx': False, 'adx_n': 53, 'adx_threshold': 10, 'en_structure_trend': False, 'structure_trend_swing_l': 1, 'en_order_block': False, 'order_block_swing_l': 19, 'en_fvg': True, 'fvg_lookback': 20, 'en_ifvg': False, 'en_breaker': False, 'breaker_swing_l': 18, 'en_cisd': True, 'k': 2, 'en_cap_bars': False, 'cap_1min': 686}.
[I 2026-07-13 15:43:26,865] Trial 2657 finished with values: [-549.7418921620323, -4651.110473517334, 57.7] and parameters: {'sl_soft': 0.021042893494625382, 'sl_hard_delta': 0.06087460308907818, 'tp': 0.04133656517073042, 'gate_pct': 99.95605949198794, 'dd_limit': 3.2180873254465436, 'cooldown': 7, 'flip': True, 'en_ema_trend': False, 'ema_trend_fast': 302, 'ema_trend_slow': 14, 'en_sma_trend': False, 'sma_trend_fast': 321, 'sma_trend_slow': 377, 'en_macd': True, 'macd_fast': 34, 'macd_slow': 74, 'macd_signal': 78, 'en_vwap': True, 'en_keltner': True, 'keltner_n': 139, 'keltner_m': 2.4000000000000004, 'en_obv': True, 'obv_slope': 14, 'en_cci': True, 'cci_n': 106, 'cci_threshold': 155, 'en_rsi': False, 'rsi_n': 81, 'rsi_lower': 13, 'rsi_upper': 95, 'en_stochastic': False, 'stochastic_n': 88, 'stochastic_d': 46, 'stochastic_lower': 7, 'stochastic_upper': 71, 'en_mfi': True, 'mfi_n': 93, 'mfi_lower': 30, 'mfi_upper': 96, 'en_bollinger': False, 'bollinger_n': 80, 'bollinger_k': 3.7, 'en_adx': False, 'adx_n': 16, 'adx_threshold': 44, 'en_structure_trend': True, 'structure_trend_swing_l': 7, 'en_order_block': True, 'order_block_swing_l': 4, 'en_fvg': False, 'fvg_lookback': 21, 'en_ifvg': False, 'en_breaker': False, 'breaker_swing_l': 16, 'en_cisd': True, 'k': 2, 'en_cap_bars': False, 'cap_1min': 368}.
[I 2026-07-13 15:43:27,294] Trial 2658 finished with values: [1205.85216607239, -3738.14864895582, 43.95] and parameters: {'sl_soft': 0.05357069456355894, 'sl_hard_delta': 0.010346872380968307, 'tp': 0.08856609188786446, 'gate_pct': 99.87519113241727, 'dd_limit': 9.028715067859354, 'cooldown': 1, 'flip': True, 'en_ema_trend': True, 'ema_trend_fast': 8, 'ema_trend_slow': 55, 'en_sma_trend': True, 'sma_trend_fast': 61, 'sma_trend_slow': 324, 'en_macd': False, 'macd_fast': 93, 'macd_slow': 49, 'macd_signal': 75, 'en_vwap': True, 'en_keltner': True, 'keltner_n': 124, 'keltner_m': 4.8, 'en_obv': True, 'obv_slope': 167, 'en_cci': True, 'cci_n': 11, 'cci_threshold': 80, 'en_rsi': False, 'rsi_n': 62, 'rsi_lower': 40, 'rsi_upper': 93, 'en_stochastic': False, 'stochastic_n': 91, 'stochastic_d': 9, 'stochastic_lower': 1, 'stochastic_upper': 91, 'en_mfi': True, 'mfi_n': 46, 'mfi_lower': 11, 'mfi_upper': 54, 'en_bollinger': True, 'bollinger_n': 192, 'bollinger_k': 4.1, 'en_adx': False, 'adx_n': 16, 'adx_threshold': 14, 'en_structure_trend': True, 'structure_trend_swing_l': 13, 'en_order_block': True, 'order_block_swing_l': 16, 'en_fvg': True, 'fvg_lookback': 29, 'en_ifvg': False, 'en_breaker': True, 'breaker_swing_l': 3, 'en_cisd': False, 'k': 5, 'en_cap_bars': False, 'cap_1min': 220}.
[I 2026-07-13 15:43:29,422] Trial 2659 finished with values: [495.1314021717401, -2187.0508939467472, 53.75] and parameters: {'sl_soft': 0.05357069456355894, 'sl_hard_delta': 0.010346872380968307, 'tp': 0.07393035676685698, 'gate_pct': 96.38141772653853, 'dd_limit': 3.021375135532224, 'cooldown': 0, 'flip': True, 'en_ema_trend': False, 'ema_trend_fast': 279, 'ema_trend_slow': 247, 'en_sma_trend': False, 'sma_trend_fast': 334, 'sma_trend_slow': 324, 'en_macd': False, 'macd_fast': 93, 'macd_slow': 89, 'macd_signal': 31, 'en_vwap': True, 'en_keltner': True, 'keltner_n': 61, 'keltner_m': 2.8000000000000003, 'en_obv': False, 'obv_slope': 58, 'en_cci': True, 'cci_n': 187, 'cci_threshold': 125, 'en_rsi': True, 'rsi_n': 62, 'rsi_lower': 40, 'rsi_upper': 93, 'en_stochastic': True, 'stochastic_n': 36, 'stochastic_d': 37, 'stochastic_lower': 28, 'stochastic_upper': 72, 'en_mfi': False, 'mfi_n': 36, 'mfi_lower': 11, 'mfi_upper': 86, 'en_bollinger': True, 'bollinger_n': 7, 'bollinger_k': 1.0, 'en_adx': False, 'adx_n': 99, 'adx_threshold': 44, 'en_structure_trend': False, 'structure_trend_swing_l': 13, 'en_order_block': False, 'order_block_swing_l': 20, 'en_fvg': True, 'fvg_lookback': 21, 'en_ifvg': False, 'en_breaker': False, 'breaker_swing_l': 1, 'en_cisd': True, 'k': 2, 'en_cap_bars': True, 'cap_1min': 557}.
[I 2026-07-13 15:43:29,827] Trial 2660 pruned. 
[I 2026-07-13 15:43:32,202] Trial 2661 finished with values: [-1194.799783806353, -3248.554919115775, 34.849999999999994] and parameters: {'sl_soft': 0.04801430167858588, 'sl_hard_delta': 0.010346872380968307, 'tp': 0.07393035676685698, 'gate_pct': 99.52194572971088, 'dd_limit': 5.851157727915591, 'cooldown': 10, 'flip': False, 'en_ema_trend': False, 'ema_trend_fast': 279, 'ema_trend_slow': 125, 'en_sma_trend': True, 'sma_trend_fast': 334, 'sma_trend_slow': 16, 'en_macd': False, 'macd_fast': 55, 'macd_slow': 49, 'macd_signal': 75, 'en_vwap': True, 'en_keltner': True, 'keltner_n': 153, 'keltner_m': 3.7, 'en_obv': False, 'obv_slope': 25, 'en_cci': True, 'cci_n': 7, 'cci_threshold': 145, 'en_rsi': True, 'rsi_n': 82, 'rsi_lower': 18, 'rsi_upper': 93, 'en_stochastic': False, 'stochastic_n': 55, 'stochastic_d': 9, 'stochastic_lower': 1, 'stochastic_upper': 91, 'en_mfi': True, 'mfi_n': 84, 'mfi_lower': 11, 'mfi_upper': 54, 'en_bollinger': False, 'bollinger_n': 126, 'bollinger_k': 1.4, 'en_adx': False, 'adx_n': 70, 'adx_threshold': 17, 'en_structure_trend': False, 'structure_trend_swing_l': 3, 'en_order_block': True, 'order_block_swing_l': 11, 'en_fvg': True, 'fvg_lookback': 8, 'en_ifvg': False, 'en_breaker': False, 'breaker_swing_l': 16, 'en_cisd': True, 'k': 1, 'en_cap_bars': True, 'cap_1min': 1243}.
[I 2026-07-13 15:43:35,776] Trial 2662 finished with values: [529.5721493364524, -2965.5475608010556, 72.25] and parameters: {'sl_soft': 0.060501146701018055, 'sl_hard_delta': 0.027238725907773563, 'tp': 0.04133656517073042, 'gate_pct': 95.72859018663851, 'dd_limit': 3.2180873254465436, 'cooldown': 6, 'flip': True, 'en_ema_trend': False, 'ema_trend_fast': 81, 'ema_trend_slow': 393, 'en_sma_trend': True, 'sma_trend_fast': 382, 'sma_trend_slow': 351, 'en_macd': True, 'macd_fast': 97, 'macd_slow': 9, 'macd_signal': 38, 'en_vwap': False, 'en_keltner': True, 'keltner_n': 131, 'keltner_m': 1.2000000000000002, 'en_obv': False, 'obv_slope': 69, 'en_cci': True, 'cci_n': 34, 'cci_threshold': 85, 'en_rsi': False, 'rsi_n': 71, 'rsi_lower': 34, 'rsi_upper': 63, 'en_stochastic': False, 'stochastic_n': 40, 'stochastic_d': 41, 'stochastic_lower': 13, 'stochastic_upper': 79, 'en_mfi': False, 'mfi_n': 94, 'mfi_lower': 46, 'mfi_upper': 97, 'en_bollinger': True, 'bollinger_n': 165, 'bollinger_k': 1.1, 'en_adx': False, 'adx_n': 52, 'adx_threshold': 44, 'en_structure_trend': True, 'structure_trend_swing_l': 16, 'en_order_block': True, 'order_block_swing_l': 4, 'en_fvg': True, 'fvg_lookback': 40, 'en_ifvg': False, 'en_breaker': False, 'breaker_swing_l': 14, 'en_cisd': False, 'k': 2, 'en_cap_bars': True, 'cap_1min': 1239}.
[I 2026-07-13 15:43:36,523] Trial 2663 pruned. 
[I 2026-07-13 15:43:42,637] Trial 2664 finished with values: [-460.13086426214045, -1113.9039435674647, 18.9] and parameters: {'sl_soft': 0.0267441700613952, 'sl_hard_delta': 0.005385961390851288, 'tp': 0.08485800408712069, 'gate_pct': 99.47218267450155, 'dd_limit': 0.23735305616742414, 'cooldown': 14, 'flip': True, 'en_ema_trend': False, 'ema_trend_fast': 127, 'ema_trend_slow': 250, 'en_sma_trend': False, 'sma_trend_fast': 330, 'sma_trend_slow': 141, 'en_macd': False, 'macd_fast': 18, 'macd_slow': 173, 'macd_signal': 65, 'en_vwap': True, 'en_keltner': False, 'keltner_n': 39, 'keltner_m': 2.0, 'en_obv': True, 'obv_slope': 165, 'en_cci': True, 'cci_n': 100, 'cci_threshold': 125, 'en_rsi': False, 'rsi_n': 62, 'rsi_lower': 18, 'rsi_upper': 93, 'en_stochastic': True, 'stochastic_n': 87, 'stochastic_d': 4, 'stochastic_lower': 23, 'stochastic_upper': 83, 'en_mfi': False, 'mfi_n': 13, 'mfi_lower': 23, 'mfi_upper': 79, 'en_bollinger': True, 'bollinger_n': 149, 'bollinger_k': 3.8000000000000003, 'en_adx': False, 'adx_n': 34, 'adx_threshold': 20, 'en_structure_trend': False, 'structure_trend_swing_l': 10, 'en_order_block': False, 'order_block_swing_l': 16, 'en_fvg': False, 'fvg_lookback': 2, 'en_ifvg': True, 'en_breaker': True, 'breaker_swing_l': 3, 'en_cisd': False, 'k': 1, 'en_cap_bars': True, 'cap_1min': 483}.
[I 2026-07-13 15:43:43,559] Trial 2665 pruned. 
[I 2026-07-13 15:43:49,472] Trial 2666 finished with values: [1340.7334687251903, -1269.4875075804646, 69.05000000000001] and parameters: {'sl_soft': 0.07161009218976556, 'sl_hard_delta': 0.010346872380968307, 'tp': 0.07393035676685698, 'gate_pct': 98.67302380660169, 'dd_limit': 2.6546638252533143, 'cooldown': 5, 'flip': True, 'en_ema_trend': True, 'ema_trend_fast': 279, 'ema_trend_slow': 125, 'en_sma_trend': True, 'sma_trend_fast': 148, 'sma_trend_slow': 83, 'en_macd': False, 'macd_fast': 32, 'macd_slow': 49, 'macd_signal': 75, 'en_vwap': True, 'en_keltner': True, 'keltner_n': 153, 'keltner_m': 2.8000000000000003, 'en_obv': False, 'obv_slope': 167, 'en_cci': True, 'cci_n': 100, 'cci_threshold': 125, 'en_rsi': False, 'rsi_n': 62, 'rsi_lower': 18, 'rsi_upper': 93, 'en_stochastic': True, 'stochastic_n': 91, 'stochastic_d': 49, 'stochastic_lower': 14, 'stochastic_upper': 79, 'en_mfi': True, 'mfi_n': 46, 'mfi_lower': 29, 'mfi_upper': 54, 'en_bollinger': True, 'bollinger_n': 7, 'bollinger_k': 0.8, 'en_adx': False, 'adx_n': 12, 'adx_threshold': 17, 'en_structure_trend': False, 'structure_trend_swing_l': 3, 'en_order_block': True, 'order_block_swing_l': 3, 'en_fvg': True, 'fvg_lookback': 33, 'en_ifvg': False, 'en_breaker': True, 'breaker_swing_l': 16, 'en_cisd': False, 'k': 1, 'en_cap_bars': False, 'cap_1min': 1243}.
[I 2026-07-13 15:43:51,498] Trial 2667 pruned. 
[I 2026-07-13 15:43:52,908] Trial 2668 finished with values: [-519.0134424524294, -5479.9402987914145, 54.0] and parameters: {'sl_soft': 0.021583388195152695, 'sl_hard_delta': 0.0582717613908707, 'tp': 0.041570164073039366, 'gate_pct': 92.04638185231262, 'dd_limit': 9.740009427199718, 'cooldown': 0, 'flip': False, 'en_ema_trend': True, 'ema_trend_fast': 330, 'ema_trend_slow': 18, 'en_sma_trend': False, 'sma_trend_fast': 137, 'sma_trend_slow': 51, 'en_macd': True, 'macd_fast': 97, 'macd_slow': 16, 'macd_signal': 24, 'en_vwap': True, 'en_keltner': False, 'keltner_n': 49, 'keltner_m': 0.5, 'en_obv': False, 'obv_slope': 2, 'en_cci': True, 'cci_n': 21, 'cci_threshold': 20, 'en_rsi': False, 'rsi_n': 40, 'rsi_lower': 4, 'rsi_upper': 93, 'en_stochastic': False, 'stochastic_n': 77, 'stochastic_d': 38, 'stochastic_lower': 25, 'stochastic_upper': 74, 'en_mfi': False, 'mfi_n': 13, 'mfi_lower': 13, 'mfi_upper': 55, 'en_bollinger': True, 'bollinger_n': 165, 'bollinger_k': 1.3, 'en_adx': False, 'adx_n': 28, 'adx_threshold': 20, 'en_structure_trend': True, 'structure_trend_swing_l': 10, 'en_order_block': False, 'order_block_swing_l': 8, 'en_fvg': False, 'fvg_lookback': 27, 'en_ifvg': True, 'en_breaker': True, 'breaker_swing_l': 12, 'en_cisd': False, 'k': 2, 'en_cap_bars': False, 'cap_1min': 686}.
[I 2026-07-13 15:43:53,883] Trial 2669 finished with values: [342.37241713432456, -2807.603375798493, 63.55] and parameters: {'sl_soft': 0.07161009218976556, 'sl_hard_delta': 0.005385961390851288, 'tp': 0.0544477534852183, 'gate_pct': 98.67302380660169, 'dd_limit': 2.6546638252533143, 'cooldown': 5, 'flip': True, 'en_ema_trend': False, 'ema_trend_fast': 246, 'ema_trend_slow': 274, 'en_sma_trend': True, 'sma_trend_fast': 148, 'sma_trend_slow': 83, 'en_macd': True, 'macd_fast': 32, 'macd_slow': 91, 'macd_signal': 65, 'en_vwap': True, 'en_keltner': True, 'keltner_n': 42, 'keltner_m': 2.8000000000000003, 'en_obv': False, 'obv_slope': 3, 'en_cci': True, 'cci_n': 100, 'cci_threshold': 125, 'en_rsi': False, 'rsi_n': 92, 'rsi_lower': 46, 'rsi_upper': 94, 'en_stochastic': True, 'stochastic_n': 79, 'stochastic_d': 49, 'stochastic_lower': 14, 'stochastic_upper': 79, 'en_mfi': True, 'mfi_n': 62, 'mfi_lower': 5, 'mfi_upper': 83, 'en_bollinger': True, 'bollinger_n': 7, 'bollinger_k': 0.8, 'en_adx': False, 'adx_n': 12, 'adx_threshold': 17, 'en_structure_trend': False, 'structure_trend_swing_l': 3, 'en_order_block': True, 'order_block_swing_l': 3, 'en_fvg': True, 'fvg_lookback': 33, 'en_ifvg': False, 'en_breaker': True, 'breaker_swing_l': 16, 'en_cisd': False, 'k': 4, 'en_cap_bars': False, 'cap_1min': 1243}.
[I 2026-07-13 15:43:56,492] Trial 2670 finished with values: [-184.68555516937712, -1310.0987720757116, 50.0] and parameters: {'sl_soft': 0.050276826705740144, 'sl_hard_delta': 0.03174292770939944, 'tp': 0.07393035676685698, 'gate_pct': 97.66167568722003, 'dd_limit': 9.066216783758431, 'cooldown': 14, 'flip': True, 'en_ema_trend': True, 'ema_trend_fast': 30, 'ema_trend_slow': 367, 'en_sma_trend': True, 'sma_trend_fast': 372, 'sma_trend_slow': 12, 'en_macd': False, 'macd_fast': 60, 'macd_slow': 198, 'macd_signal': 75, 'en_vwap': False, 'en_keltner': True, 'keltner_n': 153, 'keltner_m': 5.0, 'en_obv': True, 'obv_slope': 167, 'en_cci': True, 'cci_n': 10, 'cci_threshold': 125, 'en_rsi': False, 'rsi_n': 34, 'rsi_lower': 46, 'rsi_upper': 93, 'en_stochastic': False, 'stochastic_n': 83, 'stochastic_d': 9, 'stochastic_lower': 42, 'stochastic_upper': 91, 'en_mfi': False, 'mfi_n': 72, 'mfi_lower': 11, 'mfi_upper': 78, 'en_bollinger': True, 'bollinger_n': 56, 'bollinger_k': 1.0, 'en_adx': False, 'adx_n': 11, 'adx_threshold': 17, 'en_structure_trend': True, 'structure_trend_swing_l': 13, 'en_order_block': True, 'order_block_swing_l': 12, 'en_fvg': False, 'fvg_lookback': 35, 'en_ifvg': False, 'en_breaker': False, 'breaker_swing_l': 16, 'en_cisd': False, 'k': 1, 'en_cap_bars': True, 'cap_1min': 1109}.
