[I 2026-07-13 14:47:39,557] Trial 288 finished with values: [-501.95117231577774, -3171.8130476374636, 45.85] and parameters: {'sl_soft': 0.07161009218976556, 'sl_hard_delta': 0.005385961390851288, 'tp': 0.07393035676685698, 'gate_pct': 98.67302380660169, 'dd_limit': 3.021375135532224, 'cooldown': 5, 'flip': False, 'en_ema_trend': False, 'ema_trend_fast': 279, 'ema_trend_slow': 125, 'en_sma_trend': True, 'sma_trend_fast': 334, 'sma_trend_slow': 268, 'en_macd': True, 'macd_fast': 18, 'macd_slow': 91, 'macd_signal': 65, 'en_vwap': True, 'en_keltner': True, 'keltner_n': 153, 'keltner_m': 2.8000000000000003, 'en_obv': False, 'obv_slope': 165, 'en_cci': True, 'cci_n': 100, 'cci_threshold': 125, 'en_rsi': True, 'rsi_n': 71, 'rsi_lower': 18, 'rsi_upper': 94, 'en_stochastic': True, 'stochastic_n': 52, 'stochastic_d': 22, 'stochastic_lower': 14, 'stochastic_upper': 93, 'en_mfi': True, 'mfi_n': 62, 'mfi_lower': 25, 'mfi_upper': 97, 'en_bollinger': False, 'bollinger_n': 7, 'bollinger_k': 1.0, 'en_adx': False, 'adx_n': 12, 'adx_threshold': 17, 'en_structure_trend': False, 'structure_trend_swing_l': 3, 'en_order_block': True, 'order_block_swing_l': 3, 'en_fvg': True, 'fvg_lookback': 18, 'en_ifvg': True, 'en_breaker': True, 'breaker_swing_l': 16, 'en_cisd': False, 'k': 1, 'en_cap_bars': True, 'cap_1min': 1243}.
[I 2026-07-13 14:47:40,659] Trial 289 pruned. 
[I 2026-07-13 14:47:41,641] Trial 290 pruned. 
[I 2026-07-13 14:47:43,641] Trial 291 pruned. 
[I 2026-07-13 14:47:44,627] Trial 292 pruned. 
[I 2026-07-13 14:47:45,389] Trial 293 pruned. 
[I 2026-07-13 14:47:50,466] Trial 294 pruned. 
[I 2026-07-13 14:47:54,264] Trial 295 pruned. 
[I 2026-07-13 14:47:55,422] Trial 296 pruned. 
[I 2026-07-13 14:47:56,758] Trial 297 pruned. 
[I 2026-07-13 14:47:57,767] Trial 298 pruned. 
[I 2026-07-13 14:47:58,217] Trial 299 pruned. 
[I 2026-07-13 14:47:59,103] Trial 300 pruned. 
[I 2026-07-13 14:48:01,115] Trial 301 pruned. 
[I 2026-07-13 14:48:02,456] Trial 302 pruned. 
[I 2026-07-13 14:48:03,469] Trial 303 pruned. 
[I 2026-07-13 14:48:05,057] Trial 304 pruned. 
[I 2026-07-13 14:48:06,901] Trial 305 pruned. 
[I 2026-07-13 14:48:08,243] Trial 306 pruned. 
[I 2026-07-13 14:48:09,718] Trial 307 pruned. 
[I 2026-07-13 14:48:10,617] Trial 308 pruned. 
[I 2026-07-13 14:48:11,691] Trial 309 pruned. 
[I 2026-07-13 14:48:13,330] Trial 310 pruned. 
[I 2026-07-13 14:48:15,307] Trial 311 pruned. 
[I 2026-07-13 14:48:16,307] Trial 312 pruned. 
[I 2026-07-13 14:48:17,793] Trial 313 pruned. 
[I 2026-07-13 14:48:19,531] Trial 314 pruned. 
[I 2026-07-13 14:48:19,888] Trial 315 pruned. 
[I 2026-07-13 14:48:21,095] Trial 316 pruned. 
[I 2026-07-13 14:48:22,357] Trial 317 pruned. 
[I 2026-07-13 14:48:23,362] Trial 318 pruned. 
[I 2026-07-13 14:48:23,688] Trial 319 pruned. 
[I 2026-07-13 14:48:23,946] Trial 320 pruned. 
[I 2026-07-13 14:48:24,753] Trial 321 pruned. 
[I 2026-07-13 14:48:26,290] Trial 322 pruned. 
[I 2026-07-13 14:48:27,779] Trial 323 pruned. 
[I 2026-07-13 14:48:31,125] Trial 324 pruned. 
[I 2026-07-13 14:48:32,441] Trial 325 pruned. 
[I 2026-07-13 14:48:33,508] Trial 326 pruned. 
[I 2026-07-13 14:48:34,098] Trial 327 pruned. 
[I 2026-07-13 14:48:35,837] Trial 328 pruned. 
[I 2026-07-13 14:48:37,036] Trial 329 pruned. 
[I 2026-07-13 14:48:39,220] Trial 330 pruned. 
[I 2026-07-13 14:48:40,621] Trial 331 pruned. 
[I 2026-07-13 14:48:41,344] Trial 332 pruned. 
[I 2026-07-13 14:48:42,375] Trial 333 pruned. 
[I 2026-07-13 14:48:45,287] Trial 334 pruned. 
[I 2026-07-13 14:48:46,345] Trial 335 pruned. 
[I 2026-07-13 14:48:47,290] Trial 336 pruned. 
[I 2026-07-13 14:48:48,182] Trial 337 pruned. 
[I 2026-07-13 14:49:03,292] Trial 338 finished with values: [256.6357333389035, -1876.5709651350448, 69.85] and parameters: {'sl_soft': 0.04367296915498503, 'sl_hard_delta': 0.07295178621187196, 'tp': 0.036829940543900624, 'gate_pct': 99.57581637257637, 'dd_limit': 5.328714371677049, 'cooldown': 3, 'flip': False, 'en_ema_trend': True, 'ema_trend_fast': 301, 'ema_trend_slow': 395, 'en_sma_trend': False, 'sma_trend_fast': 165, 'sma_trend_slow': 154, 'en_macd': False, 'macd_fast': 89, 'macd_slow': 107, 'macd_signal': 67, 'en_vwap': False, 'en_keltner': True, 'keltner_n': 76, 'keltner_m': 4.5, 'en_obv': True, 'obv_slope': 173, 'en_cci': False, 'cci_n': 120, 'cci_threshold': 45, 'en_rsi': False, 'rsi_n': 33, 'rsi_lower': 20, 'rsi_upper': 63, 'en_stochastic': True, 'stochastic_n': 90, 'stochastic_d': 13, 'stochastic_lower': 21, 'stochastic_upper': 82, 'en_mfi': False, 'mfi_n': 56, 'mfi_lower': 13, 'mfi_upper': 72, 'en_bollinger': True, 'bollinger_n': 100, 'bollinger_k': 4.5, 'en_adx': True, 'adx_n': 68, 'adx_threshold': 10, 'en_structure_trend': False, 'structure_trend_swing_l': 2, 'en_order_block': False, 'order_block_swing_l': 5, 'en_fvg': True, 'fvg_lookback': 33, 'en_ifvg': True, 'en_breaker': False, 'breaker_swing_l': 11, 'en_cisd': False, 'k': 4, 'en_cap_bars': True, 'cap_1min': 1317}.
[I 2026-07-13 14:49:04,713] Trial 339 pruned. 
[I 2026-07-13 14:49:05,077] Trial 340 pruned. 
[I 2026-07-13 14:49:05,839] Trial 341 pruned. 
[I 2026-07-13 14:49:07,152] Trial 342 pruned. 
[I 2026-07-13 14:49:07,900] Trial 343 pruned. 
[I 2026-07-13 14:49:09,034] Trial 344 pruned. 
[I 2026-07-13 14:49:10,218] Trial 345 pruned. 
[I 2026-07-13 14:49:11,453] Trial 346 pruned. 
[I 2026-07-13 14:49:13,792] Trial 347 pruned. 
[I 2026-07-13 14:49:18,103] Trial 348 finished with values: [123.74191787715779, -3754.9551547387955, 33.75] and parameters: {'sl_soft': 0.02627909034428114, 'sl_hard_delta': 0.09064570238623736, 'tp': 0.11027886271765928, 'gate_pct': 95.95343074681206, 'dd_limit': 0.7899894121384478, 'cooldown': 10, 'flip': True, 'en_ema_trend': True, 'ema_trend_fast': 93, 'ema_trend_slow': 176, 'en_sma_trend': True, 'sma_trend_fast': 187, 'sma_trend_slow': 164, 'en_macd': True, 'macd_fast': 60, 'macd_slow': 85, 'macd_signal': 83, 'en_vwap': True, 'en_keltner': True, 'keltner_n': 17, 'keltner_m': 4.0, 'en_obv': True, 'obv_slope': 110, 'en_cci': False, 'cci_n': 98, 'cci_threshold': 250, 'en_rsi': False, 'rsi_n': 75, 'rsi_lower': 13, 'rsi_upper': 68, 'en_stochastic': False, 'stochastic_n': 26, 'stochastic_d': 27, 'stochastic_lower': 38, 'stochastic_upper': 72, 'en_mfi': False, 'mfi_n': 59, 'mfi_lower': 46, 'mfi_upper': 59, 'en_bollinger': False, 'bollinger_n': 40, 'bollinger_k': 1.7000000000000002, 'en_adx': False, 'adx_n': 24, 'adx_threshold': 53, 'en_structure_trend': True, 'structure_trend_swing_l': 2, 'en_order_block': False, 'order_block_swing_l': 19, 'en_fvg': True, 'fvg_lookback': 40, 'en_ifvg': False, 'en_breaker': True, 'breaker_swing_l': 8, 'en_cisd': False, 'k': 5, 'en_cap_bars': True, 'cap_1min': 249}.
[I 2026-07-13 14:49:19,141] Trial 349 pruned. 
[I 2026-07-13 14:49:21,058] Trial 350 pruned. 
[I 2026-07-13 14:49:22,062] Trial 351 pruned. 
[I 2026-07-13 14:49:22,531] Trial 352 pruned. 
[I 2026-07-13 14:49:23,628] Trial 353 pruned. 
[I 2026-07-13 14:49:26,580] Trial 354 pruned. 
[I 2026-07-13 14:49:27,696] Trial 355 pruned. 
[I 2026-07-13 14:49:29,191] Trial 356 pruned. 
[I 2026-07-13 14:49:30,178] Trial 357 pruned. 
[I 2026-07-13 14:49:32,119] Trial 358 pruned. 
[I 2026-07-13 14:49:35,252] Trial 359 pruned. 
[I 2026-07-13 14:49:35,455] Trial 360 pruned. 
[I 2026-07-13 14:49:37,023] Trial 361 pruned. 
[I 2026-07-13 14:49:38,100] Trial 362 pruned. 
[I 2026-07-13 14:49:39,470] Trial 363 pruned. 
[I 2026-07-13 14:49:40,868] Trial 364 pruned. 
[I 2026-07-13 14:49:42,245] Trial 365 pruned. 
[I 2026-07-13 14:49:46,563] Trial 366 finished with values: [-205.38075654895948, -8486.043778734042, 35.75] and parameters: {'sl_soft': 0.03281470820894297, 'sl_hard_delta': 0.041081131287339284, 'tp': 0.10760117879267023, 'gate_pct': 99.47218267450155, 'dd_limit': 9.50807718589736, 'cooldown': 5, 'flip': False, 'en_ema_trend': True, 'ema_trend_fast': 84, 'ema_trend_slow': 161, 'en_sma_trend': True, 'sma_trend_fast': 353, 'sma_trend_slow': 141, 'en_macd': True, 'macd_fast': 83, 'macd_slow': 18, 'macd_signal': 82, 'en_vwap': True, 'en_keltner': False, 'keltner_n': 39, 'keltner_m': 2.6, 'en_obv': True, 'obv_slope': 30, 'en_cci': True, 'cci_n': 4, 'cci_threshold': 300, 'en_rsi': True, 'rsi_n': 31, 'rsi_lower': 15, 'rsi_upper': 89, 'en_stochastic': False, 'stochastic_n': 77, 'stochastic_d': 29, 'stochastic_lower': 23, 'stochastic_upper': 97, 'en_mfi': True, 'mfi_n': 62, 'mfi_lower': 1, 'mfi_upper': 64, 'en_bollinger': True, 'bollinger_n': 49, 'bollinger_k': 4.300000000000001, 'en_adx': False, 'adx_n': 41, 'adx_threshold': 38, 'en_structure_trend': False, 'structure_trend_swing_l': 11, 'en_order_block': False, 'order_block_swing_l': 4, 'en_fvg': True, 'fvg_lookback': 50, 'en_ifvg': False, 'en_breaker': False, 'breaker_swing_l': 5, 'en_cisd': True, 'k': 2, 'en_cap_bars': False, 'cap_1min': 1134}.
[I 2026-07-13 14:49:47,194] Trial 367 pruned. 
[I 2026-07-13 14:49:49,101] Trial 368 pruned. 
[I 2026-07-13 14:49:50,525] Trial 369 finished with values: [-9.783025352642937, -3576.8191718752696, 50.35] and parameters: {'sl_soft': 0.019719148851024805, 'sl_hard_delta': 0.07909381112741792, 'tp': 0.05387628348971718, 'gate_pct': 99.52194572971088, 'dd_limit': 3.8524500851165895, 'cooldown': 10, 'flip': True, 'en_ema_trend': True, 'ema_trend_fast': 323, 'ema_trend_slow': 136, 'en_sma_trend': True, 'sma_trend_fast': 222, 'sma_trend_slow': 16, 'en_macd': False, 'macd_fast': 64, 'macd_slow': 11, 'macd_signal': 18, 'en_vwap': True, 'en_keltner': False, 'keltner_n': 56, 'keltner_m': 0.5, 'en_obv': True, 'obv_slope': 72, 'en_cci': False, 'cci_n': 7, 'cci_threshold': 145, 'en_rsi': False, 'rsi_n': 91, 'rsi_lower': 36, 'rsi_upper': 89, 'en_stochastic': False, 'stochastic_n': 55, 'stochastic_d': 2, 'stochastic_lower': 1, 'stochastic_upper': 89, 'en_mfi': False, 'mfi_n': 84, 'mfi_lower': 35, 'mfi_upper': 57, 'en_bollinger': False, 'bollinger_n': 139, 'bollinger_k': 1.4, 'en_adx': False, 'adx_n': 32, 'adx_threshold': 49, 'en_structure_trend': True, 'structure_trend_swing_l': 3, 'en_order_block': False, 'order_block_swing_l': 4, 'en_fvg': False, 'fvg_lookback': 32, 'en_ifvg': True, 'en_breaker': True, 'breaker_swing_l': 15, 'en_cisd': False, 'k': 1, 'en_cap_bars': True, 'cap_1min': 753}.
[I 2026-07-13 14:49:51,106] Trial 370 pruned. 
[I 2026-07-13 14:49:52,141] Trial 371 pruned. 
[I 2026-07-13 14:49:52,940] Trial 372 pruned. 
[I 2026-07-13 14:49:54,195] Trial 373 pruned. 
[I 2026-07-13 14:49:57,740] Trial 374 pruned. 
[I 2026-07-13 14:49:58,414] Trial 375 pruned. 
[I 2026-07-13 14:49:59,389] Trial 376 pruned. 
[I 2026-07-13 14:50:00,451] Trial 377 pruned. 
[I 2026-07-13 14:50:02,090] Trial 378 pruned. 
[I 2026-07-13 14:50:03,460] Trial 379 pruned. 
[I 2026-07-13 14:50:04,689] Trial 380 pruned. 
[I 2026-07-13 14:50:05,347] Trial 381 pruned. 
[I 2026-07-13 14:50:05,936] Trial 382 pruned. 
[I 2026-07-13 14:50:07,820] Trial 383 pruned. 
[I 2026-07-13 14:50:09,597] Trial 384 pruned. 
[I 2026-07-13 14:50:09,997] Trial 385 pruned. 
[I 2026-07-13 14:50:11,893] Trial 386 pruned. 
[I 2026-07-13 14:50:13,523] Trial 387 pruned. 
[I 2026-07-13 14:50:15,091] Trial 388 pruned. 
[I 2026-07-13 14:50:16,181] Trial 389 pruned. 
[I 2026-07-13 14:50:17,158] Trial 390 pruned. 
[I 2026-07-13 14:50:18,740] Trial 391 pruned. 
[I 2026-07-13 14:50:19,732] Trial 392 pruned. 
[I 2026-07-13 14:50:20,494] Trial 393 pruned. 
[I 2026-07-13 14:50:22,287] Trial 394 pruned. 
[I 2026-07-13 14:50:23,382] Trial 395 pruned. 
[I 2026-07-13 14:50:24,294] Trial 396 pruned. 
[I 2026-07-13 14:50:33,302] Trial 397 finished with values: [704.776718357838, -1482.736184129365, 76.35] and parameters: {'sl_soft': 0.052196885259142164, 'sl_hard_delta': 0.06386467845975724, 'tp': 0.0455758906119309, 'gate_pct': 97.81683336946006, 'dd_limit': 0.23735305616742414, 'cooldown': 14, 'flip': False, 'en_ema_trend': True, 'ema_trend_fast': 206, 'ema_trend_slow': 250, 'en_sma_trend': False, 'sma_trend_fast': 32, 'sma_trend_slow': 245, 'en_macd': False, 'macd_fast': 81, 'macd_slow': 22, 'macd_signal': 6, 'en_vwap': True, 'en_keltner': True, 'keltner_n': 172, 'keltner_m': 4.7, 'en_obv': False, 'obv_slope': 157, 'en_cci': True, 'cci_n': 6, 'cci_threshold': 295, 'en_rsi': False, 'rsi_n': 68, 'rsi_lower': 25, 'rsi_upper': 72, 'en_stochastic': True, 'stochastic_n': 24, 'stochastic_d': 6, 'stochastic_lower': 16, 'stochastic_upper': 66, 'en_mfi': False, 'mfi_n': 15, 'mfi_lower': 2, 'mfi_upper': 79, 'en_bollinger': True, 'bollinger_n': 122, 'bollinger_k': 3.9000000000000004, 'en_adx': False, 'adx_n': 64, 'adx_threshold': 12, 'en_structure_trend': True, 'structure_trend_swing_l': 13, 'en_order_block': True, 'order_block_swing_l': 15, 'en_fvg': False, 'fvg_lookback': 19, 'en_ifvg': False, 'en_breaker': True, 'breaker_swing_l': 11, 'en_cisd': True, 'k': 2, 'en_cap_bars': True, 'cap_1min': 483}.
[I 2026-07-13 14:50:34,698] Trial 398 pruned. 
[I 2026-07-13 14:50:36,127] Trial 399 pruned. 
[I 2026-07-13 14:50:36,419] Trial 400 pruned. 
[I 2026-07-13 14:50:37,226] Trial 401 pruned. 
[I 2026-07-13 14:50:38,873] Trial 402 pruned. 
[I 2026-07-13 14:50:40,367] Trial 403 pruned. 
[I 2026-07-13 14:50:42,205] Trial 404 pruned. 
[I 2026-07-13 14:50:43,732] Trial 405 pruned. 
[I 2026-07-13 14:50:43,983] Trial 406 pruned. 
[I 2026-07-13 14:50:46,356] Trial 407 pruned. 
[I 2026-07-13 14:50:52,825] Trial 408 finished with values: [1297.9948369254755, -3274.8019723135976, 78.5] and parameters: {'sl_soft': 0.0712453125720904, 'sl_hard_delta': 0.06284727374076424, 'tp': 0.034955013712711674, 'gate_pct': 91.95603456271488, 'dd_limit': 2.9038661535142056, 'cooldown': 3, 'flip': True, 'en_ema_trend': False, 'ema_trend_fast': 164, 'ema_trend_slow': 5, 'en_sma_trend': False, 'sma_trend_fast': 105, 'sma_trend_slow': 267, 'en_macd': False, 'macd_fast': 28, 'macd_slow': 164, 'macd_signal': 60, 'en_vwap': False, 'en_keltner': False, 'keltner_n': 67, 'keltner_m': 2.0, 'en_obv': True, 'obv_slope': 104, 'en_cci': True, 'cci_n': 97, 'cci_threshold': 155, 'en_rsi': True, 'rsi_n': 40, 'rsi_lower': 24, 'rsi_upper': 64, 'en_stochastic': True, 'stochastic_n': 86, 'stochastic_d': 21, 'stochastic_lower': 15, 'stochastic_upper': 89, 'en_mfi': False, 'mfi_n': 42, 'mfi_lower': 40, 'mfi_upper': 78, 'en_bollinger': True, 'bollinger_n': 15, 'bollinger_k': 1.6, 'en_adx': False, 'adx_n': 70, 'adx_threshold': 20, 'en_structure_trend': False, 'structure_trend_swing_l': 1, 'en_order_block': False, 'order_block_swing_l': 16, 'en_fvg': True, 'fvg_lookback': 37, 'en_ifvg': False, 'en_breaker': True, 'breaker_swing_l': 7, 'en_cisd': False, 'k': 3, 'en_cap_bars': True, 'cap_1min': 887}.
[I 2026-07-13 14:50:53,464] Trial 409 pruned. 
[I 2026-07-13 14:50:54,020] Trial 410 pruned. 
[I 2026-07-13 14:50:55,130] Trial 411 pruned. 
[I 2026-07-13 14:50:55,558] Trial 412 pruned. 
[I 2026-07-13 14:50:56,278] Trial 413 pruned. 
[I 2026-07-13 14:50:57,813] Trial 414 pruned. 
[I 2026-07-13 14:51:01,881] Trial 415 pruned. 
[I 2026-07-13 14:51:03,795] Trial 416 pruned. 
[I 2026-07-13 14:51:07,556] Trial 417 pruned. 
[I 2026-07-13 14:51:07,767] Trial 418 pruned. 
[I 2026-07-13 14:51:08,973] Trial 419 pruned. 
[I 2026-07-13 14:51:09,759] Trial 420 pruned. 
[I 2026-07-13 14:51:10,208] Trial 421 pruned. 
[I 2026-07-13 14:51:12,854] Trial 422 pruned. 
[I 2026-07-13 14:51:14,716] Trial 423 pruned. 
[I 2026-07-13 14:51:15,751] Trial 424 pruned. 
[I 2026-07-13 14:51:16,967] Trial 425 pruned. 
[I 2026-07-13 14:51:19,310] Trial 426 pruned. 
[I 2026-07-13 14:51:21,458] Trial 427 pruned. 
[I 2026-07-13 14:51:22,692] Trial 428 pruned. 
[I 2026-07-13 14:51:23,224] Trial 429 pruned. 
[I 2026-07-13 14:51:26,047] Trial 430 pruned. 
[I 2026-07-13 14:51:27,879] Trial 431 pruned. 
[I 2026-07-13 14:51:29,079] Trial 432 pruned. 
[I 2026-07-13 14:51:32,082] Trial 433 pruned. 
[I 2026-07-13 14:51:34,439] Trial 434 pruned. 
[I 2026-07-13 14:51:35,590] Trial 435 pruned. 
[I 2026-07-13 14:51:36,877] Trial 436 pruned. 
[I 2026-07-13 14:51:38,975] Trial 437 pruned. 
[I 2026-07-13 14:51:40,023] Trial 438 pruned. 
[I 2026-07-13 14:51:42,471] Trial 439 finished with values: [-998.9149273399534, -1987.1891323545299, 63.05] and parameters: {'sl_soft': 0.022975876979657816, 'sl_hard_delta': 0.07585154352179178, 'tp': 0.021574371106984288, 'gate_pct': 99.86430067299344, 'dd_limit': 2.3419576250818945, 'cooldown': 18, 'flip': True, 'en_ema_trend': True, 'ema_trend_fast': 4, 'ema_trend_slow': 134, 'en_sma_trend': False, 'sma_trend_fast': 204, 'sma_trend_slow': 385, 'en_macd': True, 'macd_fast': 76, 'macd_slow': 28, 'macd_signal': 13, 'en_vwap': True, 'en_keltner': False, 'keltner_n': 95, 'keltner_m': 2.8000000000000003, 'en_obv': True, 'obv_slope': 140, 'en_cci': False, 'cci_n': 115, 'cci_threshold': 280, 'en_rsi': False, 'rsi_n': 7, 'rsi_lower': 34, 'rsi_upper': 70, 'en_stochastic': False, 'stochastic_n': 41, 'stochastic_d': 5, 'stochastic_lower': 43, 'stochastic_upper': 86, 'en_mfi': False, 'mfi_n': 25, 'mfi_lower': 23, 'mfi_upper': 87, 'en_bollinger': False, 'bollinger_n': 103, 'bollinger_k': 1.8, 'en_adx': False, 'adx_n': 47, 'adx_threshold': 25, 'en_structure_trend': True, 'structure_trend_swing_l': 5, 'en_order_block': True, 'order_block_swing_l': 7, 'en_fvg': True, 'fvg_lookback': 40, 'en_ifvg': False, 'en_breaker': True, 'breaker_swing_l': 20, 'en_cisd': True, 'k': 4, 'en_cap_bars': True, 'cap_1min': 374}.
[I 2026-07-13 14:51:42,642] Trial 440 pruned. 
[I 2026-07-13 14:51:44,853] Trial 441 pruned. 
[I 2026-07-13 14:51:45,617] Trial 442 pruned. 
[I 2026-07-13 14:51:47,093] Trial 443 pruned. 
[I 2026-07-13 14:51:47,890] Trial 444 pruned. 
[I 2026-07-13 14:51:49,101] Trial 445 pruned. 
[I 2026-07-13 14:51:49,727] Trial 446 pruned. 
[I 2026-07-13 14:51:50,909] Trial 447 pruned. 
[I 2026-07-13 14:51:52,016] Trial 448 pruned. 
[I 2026-07-13 14:51:52,427] Trial 449 pruned. 
[I 2026-07-13 14:51:52,711] Trial 450 pruned. 
[I 2026-07-13 14:51:53,625] Trial 451 pruned. 
[I 2026-07-13 14:51:53,964] Trial 452 pruned. 
[I 2026-07-13 14:51:54,455] Trial 453 pruned. 
[I 2026-07-13 14:51:54,825] Trial 454 pruned. 
[I 2026-07-13 14:51:56,169] Trial 455 pruned. 
[I 2026-07-13 14:51:56,563] Trial 456 pruned. 
[I 2026-07-13 14:51:57,386] Trial 457 pruned. 
[I 2026-07-13 14:51:57,633] Trial 458 pruned. 
[I 2026-07-13 14:51:58,662] Trial 459 pruned. 
[I 2026-07-13 14:51:59,358] Trial 460 pruned. 
[I 2026-07-13 14:51:59,684] Trial 461 pruned. 
[I 2026-07-13 14:52:01,785] Trial 462 pruned. 
[I 2026-07-13 14:52:02,261] Trial 463 pruned. 
[I 2026-07-13 14:52:03,406] Trial 464 pruned. 
[I 2026-07-13 14:52:04,634] Trial 465 pruned. 
[I 2026-07-13 14:52:06,012] Trial 466 pruned. 
[I 2026-07-13 14:52:07,230] Trial 467 pruned. 
[I 2026-07-13 14:52:08,127] Trial 468 pruned. 
[I 2026-07-13 14:52:09,174] Trial 469 pruned. 
[I 2026-07-13 14:52:10,429] Trial 470 pruned. 
[I 2026-07-13 14:52:11,766] Trial 471 pruned. 
[I 2026-07-13 14:52:13,019] Trial 472 pruned. 
[I 2026-07-13 14:52:14,419] Trial 473 pruned. 
[I 2026-07-13 14:52:18,668] Trial 474 pruned. 
[I 2026-07-13 14:52:20,133] Trial 475 pruned. 
[I 2026-07-13 14:52:21,892] Trial 476 pruned. 
[I 2026-07-13 14:52:26,264] Trial 477 pruned. 
[I 2026-07-13 14:52:26,640] Trial 478 pruned. 
[I 2026-07-13 14:52:26,974] Trial 479 pruned. 
[I 2026-07-13 14:52:27,167] Trial 480 pruned. 
[I 2026-07-13 14:52:30,307] Trial 481 pruned. 
[I 2026-07-13 14:52:31,427] Trial 482 pruned. 
[I 2026-07-13 14:52:33,469] Trial 483 pruned. 
[I 2026-07-13 14:52:36,955] Trial 484 pruned. 
[I 2026-07-13 14:52:40,202] Trial 485 pruned. 
[I 2026-07-13 14:52:41,187] Trial 486 pruned. 
[I 2026-07-13 14:52:41,901] Trial 487 pruned. 
[I 2026-07-13 14:52:43,819] Trial 488 pruned. 
[I 2026-07-13 14:52:46,777] Trial 489 pruned. 
[I 2026-07-13 14:52:47,906] Trial 490 pruned. 
[I 2026-07-13 14:52:49,675] Trial 491 pruned. 
[I 2026-07-13 14:52:51,903] Trial 492 pruned. 
[I 2026-07-13 14:52:54,016] Trial 493 pruned. 
[I 2026-07-13 14:52:55,772] Trial 494 pruned. 
[I 2026-07-13 14:52:57,550] Trial 495 pruned. 
[I 2026-07-13 14:52:58,655] Trial 496 pruned. 
[I 2026-07-13 14:52:59,613] Trial 497 pruned. 
[I 2026-07-13 14:53:00,724] Trial 498 pruned. 
[I 2026-07-13 14:53:02,489] Trial 499 pruned. 
[I 2026-07-13 14:53:03,547] Trial 500 pruned. 
[I 2026-07-13 14:53:04,736] Trial 501 pruned. 
[I 2026-07-13 14:53:06,113] Trial 502 pruned. 
[I 2026-07-13 14:53:07,590] Trial 503 pruned. 
[I 2026-07-13 14:53:12,906] Trial 504 finished with values: [51.23562862461739, -1492.6671797669044, 39.75] and parameters: {'sl_soft': 0.053027124312554325, 'sl_hard_delta': 0.006679562878120771, 'tp': 0.09532397293532278, 'gate_pct': 97.17867644536658, 'dd_limit': 2.802293197200579, 'cooldown': 8, 'flip': False, 'en_ema_trend': False, 'ema_trend_fast': 102, 'ema_trend_slow': 298, 'en_sma_trend': True, 'sma_trend_fast': 89, 'sma_trend_slow': 222, 'en_macd': False, 'macd_fast': 82, 'macd_slow': 127, 'macd_signal': 83, 'en_vwap': False, 'en_keltner': False, 'keltner_n': 52, 'keltner_m': 4.8, 'en_obv': True, 'obv_slope': 53, 'en_cci': False, 'cci_n': 77, 'cci_threshold': 75, 'en_rsi': False, 'rsi_n': 68, 'rsi_lower': 39, 'rsi_upper': 58, 'en_stochastic': True, 'stochastic_n': 97, 'stochastic_d': 32, 'stochastic_lower': 9, 'stochastic_upper': 93, 'en_mfi': False, 'mfi_n': 39, 'mfi_lower': 27, 'mfi_upper': 84, 'en_bollinger': False, 'bollinger_n': 14, 'bollinger_k': 2.2, 'en_adx': False, 'adx_n': 85, 'adx_threshold': 40, 'en_structure_trend': True, 'structure_trend_swing_l': 20, 'en_order_block': True, 'order_block_swing_l': 10, 'en_fvg': True, 'fvg_lookback': 46, 'en_ifvg': True, 'en_breaker': False, 'breaker_swing_l': 16, 'en_cisd': True, 'k': 5, 'en_cap_bars': True, 'cap_1min': 1032}.
[I 2026-07-13 14:53:14,172] Trial 505 pruned. 
[I 2026-07-13 14:53:15,234] Trial 506 pruned. 
[I 2026-07-13 14:53:15,575] Trial 507 pruned. 
[I 2026-07-13 14:53:18,174] Trial 508 pruned. 
[I 2026-07-13 14:53:19,031] Trial 509 pruned. 
[I 2026-07-13 14:53:20,011] Trial 510 pruned. 
[I 2026-07-13 14:53:21,204] Trial 511 pruned. 
[I 2026-07-13 14:53:22,472] Trial 512 pruned. 
