[I 2026-07-13 16:31:55,306] Trial 4487 finished with values: [4762.108032217878, -8366.291782582493, 49.8] and parameters: {'sl_soft': 0.06423559890121558, 'sl_hard_delta': 0.17424252774383417, 'tp': 0.16369789677360067, 'gate_pct': 97.66578486655469, 'dd_limit': 5.319419455229414, 'cooldown': 0, 'flip': True, 'en_ema_trend': False, 'ema_trend_fast': 342, 'ema_trend_slow': 260, 'en_sma_trend': False, 'sma_trend_fast': 44, 'sma_trend_slow': 117, 'en_macd': True, 'macd_fast': 2, 'macd_slow': 188, 'macd_signal': 19, 'en_vwap': False, 'en_keltner': True, 'keltner_n': 99, 'keltner_m': 3.0, 'en_obv': True, 'obv_slope': 92, 'en_cci': True, 'cci_n': 172, 'cci_threshold': 280, 'en_rsi': True, 'rsi_n': 95, 'rsi_lower': 31, 'rsi_upper': 94, 'en_stochastic': True, 'stochastic_n': 98, 'stochastic_d': 28, 'stochastic_lower': 21, 'stochastic_upper': 91, 'en_mfi': True, 'mfi_n': 97, 'mfi_lower': 16, 'mfi_upper': 70, 'en_bollinger': False, 'bollinger_n': 155, 'bollinger_k': 4.2, 'en_adx': False, 'adx_n': 22, 'adx_threshold': 47, 'en_structure_trend': False, 'structure_trend_swing_l': 1, 'en_order_block': False, 'order_block_swing_l': 20, 'en_fvg': False, 'fvg_lookback': 7, 'en_ifvg': False, 'en_breaker': True, 'breaker_swing_l': 20, 'en_cisd': True, 'k': 4, 'en_cap_bars': False, 'cap_1min': 59}.
[I 2026-07-13 16:31:55,924] Trial 4488 finished with values: [816.7501221653417, -4774.795429556846, 68.4] and parameters: {'sl_soft': 0.02949052716025995, 'sl_hard_delta': 0.17424252774383417, 'tp': 0.03810555008976396, 'gate_pct': 97.66578486655469, 'dd_limit': 2.4528084273798805, 'cooldown': 2, 'flip': True, 'en_ema_trend': False, 'ema_trend_fast': 270, 'ema_trend_slow': 294, 'en_sma_trend': False, 'sma_trend_fast': 198, 'sma_trend_slow': 319, 'en_macd': True, 'macd_fast': 2, 'macd_slow': 3, 'macd_signal': 19, 'en_vwap': False, 'en_keltner': True, 'keltner_n': 135, 'keltner_m': 1.1, 'en_obv': True, 'obv_slope': 92, 'en_cci': True, 'cci_n': 134, 'cci_threshold': 145, 'en_rsi': False, 'rsi_n': 24, 'rsi_lower': 31, 'rsi_upper': 58, 'en_stochastic': False, 'stochastic_n': 98, 'stochastic_d': 28, 'stochastic_lower': 21, 'stochastic_upper': 87, 'en_mfi': True, 'mfi_n': 97, 'mfi_lower': 11, 'mfi_upper': 70, 'en_bollinger': True, 'bollinger_n': 155, 'bollinger_k': 4.2, 'en_adx': False, 'adx_n': 22, 'adx_threshold': 49, 'en_structure_trend': False, 'structure_trend_swing_l': 12, 'en_order_block': False, 'order_block_swing_l': 20, 'en_fvg': True, 'fvg_lookback': 7, 'en_ifvg': False, 'en_breaker': True, 'breaker_swing_l': 14, 'en_cisd': True, 'k': 3, 'en_cap_bars': False, 'cap_1min': 1243}.
[I 2026-07-13 16:31:56,181] Trial 4489 pruned. 
[I 2026-07-13 16:31:56,477] Trial 4490 finished with values: [2385.4158709439052, -4475.527371957426, 38.7] and parameters: {'sl_soft': 0.02949052716025995, 'sl_hard_delta': 0.17424252774383417, 'tp': 0.16369789677360067, 'gate_pct': 97.66578486655469, 'dd_limit': 3.021375135532224, 'cooldown': 0, 'flip': True, 'en_ema_trend': False, 'ema_trend_fast': 342, 'ema_trend_slow': 397, 'en_sma_trend': False, 'sma_trend_fast': 44, 'sma_trend_slow': 319, 'en_macd': False, 'macd_fast': 2, 'macd_slow': 123, 'macd_signal': 19, 'en_vwap': False, 'en_keltner': True, 'keltner_n': 135, 'keltner_m': 2.1, 'en_obv': True, 'obv_slope': 92, 'en_cci': True, 'cci_n': 134, 'cci_threshold': 145, 'en_rsi': True, 'rsi_n': 95, 'rsi_lower': 31, 'rsi_upper': 94, 'en_stochastic': True, 'stochastic_n': 98, 'stochastic_d': 28, 'stochastic_lower': 21, 'stochastic_upper': 91, 'en_mfi': True, 'mfi_n': 97, 'mfi_lower': 11, 'mfi_upper': 70, 'en_bollinger': False, 'bollinger_n': 169, 'bollinger_k': 1.0, 'en_adx': False, 'adx_n': 22, 'adx_threshold': 47, 'en_structure_trend': False, 'structure_trend_swing_l': 12, 'en_order_block': False, 'order_block_swing_l': 4, 'en_fvg': True, 'fvg_lookback': 7, 'en_ifvg': False, 'en_breaker': True, 'breaker_swing_l': 18, 'en_cisd': False, 'k': 3, 'en_cap_bars': True, 'cap_1min': 1243}.
[I 2026-07-13 16:31:57,143] Trial 4491 finished with values: [1150.30476301623, -8053.761631410978, 77.0] and parameters: {'sl_soft': 0.07787542705544737, 'sl_hard_delta': 0.17424252774383417, 'tp': 0.03810555008976396, 'gate_pct': 97.87184393359011, 'dd_limit': 2.4528084273798805, 'cooldown': 2, 'flip': True, 'en_ema_trend': False, 'ema_trend_fast': 342, 'ema_trend_slow': 260, 'en_sma_trend': False, 'sma_trend_fast': 198, 'sma_trend_slow': 319, 'en_macd': True, 'macd_fast': 2, 'macd_slow': 123, 'macd_signal': 61, 'en_vwap': False, 'en_keltner': True, 'keltner_n': 113, 'keltner_m': 2.1, 'en_obv': True, 'obv_slope': 92, 'en_cci': True, 'cci_n': 134, 'cci_threshold': 145, 'en_rsi': False, 'rsi_n': 95, 'rsi_lower': 31, 'rsi_upper': 94, 'en_stochastic': True, 'stochastic_n': 82, 'stochastic_d': 28, 'stochastic_lower': 8, 'stochastic_upper': 91, 'en_mfi': False, 'mfi_n': 8, 'mfi_lower': 11, 'mfi_upper': 70, 'en_bollinger': True, 'bollinger_n': 16, 'bollinger_k': 4.2, 'en_adx': False, 'adx_n': 22, 'adx_threshold': 47, 'en_structure_trend': False, 'structure_trend_swing_l': 12, 'en_order_block': False, 'order_block_swing_l': 20, 'en_fvg': False, 'fvg_lookback': 7, 'en_ifvg': False, 'en_breaker': True, 'breaker_swing_l': 20, 'en_cisd': True, 'k': 3, 'en_cap_bars': True, 'cap_1min': 59}.
[I 2026-07-13 16:31:57,445] Trial 4492 pruned. 
[I 2026-07-13 16:31:57,877] Trial 4493 finished with values: [-408.24940357657266, -7663.209502303303, 29.5] and parameters: {'sl_soft': 0.02949052716025995, 'sl_hard_delta': 0.17424252774383417, 'tp': 0.16369789677360067, 'gate_pct': 97.87184393359011, 'dd_limit': 3.021375135532224, 'cooldown': 0, 'flip': True, 'en_ema_trend': False, 'ema_trend_fast': 342, 'ema_trend_slow': 260, 'en_sma_trend': False, 'sma_trend_fast': 44, 'sma_trend_slow': 319, 'en_macd': True, 'macd_fast': 10, 'macd_slow': 72, 'macd_signal': 61, 'en_vwap': False, 'en_keltner': True, 'keltner_n': 153, 'keltner_m': 2.1, 'en_obv': True, 'obv_slope': 13, 'en_cci': True, 'cci_n': 172, 'cci_threshold': 290, 'en_rsi': True, 'rsi_n': 71, 'rsi_lower': 18, 'rsi_upper': 58, 'en_stochastic': True, 'stochastic_n': 98, 'stochastic_d': 28, 'stochastic_lower': 8, 'stochastic_upper': 91, 'en_mfi': True, 'mfi_n': 8, 'mfi_lower': 11, 'mfi_upper': 70, 'en_bollinger': False, 'bollinger_n': 155, 'bollinger_k': 1.0, 'en_adx': False, 'adx_n': 48, 'adx_threshold': 47, 'en_structure_trend': False, 'structure_trend_swing_l': 9, 'en_order_block': False, 'order_block_swing_l': 17, 'en_fvg': True, 'fvg_lookback': 7, 'en_ifvg': False, 'en_breaker': False, 'breaker_swing_l': 18, 'en_cisd': True, 'k': 3, 'en_cap_bars': True, 'cap_1min': 1003}.
[I 2026-07-13 16:31:58,376] Trial 4494 finished with values: [838.8590766604409, -2252.868383180555, 71.65] and parameters: {'sl_soft': 0.07787542705544737, 'sl_hard_delta': 0.00457699733972642, 'tp': 0.04490461800882547, 'gate_pct': 99.12973389262724, 'dd_limit': 6.844711394584541, 'cooldown': 2, 'flip': True, 'en_ema_trend': False, 'ema_trend_fast': 270, 'ema_trend_slow': 260, 'en_sma_trend': False, 'sma_trend_fast': 44, 'sma_trend_slow': 319, 'en_macd': True, 'macd_fast': 64, 'macd_slow': 188, 'macd_signal': 73, 'en_vwap': False, 'en_keltner': False, 'keltner_n': 135, 'keltner_m': 0.5, 'en_obv': True, 'obv_slope': 129, 'en_cci': True, 'cci_n': 54, 'cci_threshold': 145, 'en_rsi': True, 'rsi_n': 73, 'rsi_lower': 31, 'rsi_upper': 58, 'en_stochastic': True, 'stochastic_n': 82, 'stochastic_d': 17, 'stochastic_lower': 8, 'stochastic_upper': 75, 'en_mfi': False, 'mfi_n': 8, 'mfi_lower': 27, 'mfi_upper': 57, 'en_bollinger': True, 'bollinger_n': 83, 'bollinger_k': 0.9, 'en_adx': False, 'adx_n': 48, 'adx_threshold': 49, 'en_structure_trend': False, 'structure_trend_swing_l': 1, 'en_order_block': False, 'order_block_swing_l': 4, 'en_fvg': False, 'fvg_lookback': 40, 'en_ifvg': False, 'en_breaker': True, 'breaker_swing_l': 19, 'en_cisd': True, 'k': 3, 'en_cap_bars': True, 'cap_1min': 59}.
[I 2026-07-13 16:32:04,239] Trial 4495 finished with values: [49.36177670287202, -1878.8667770462553, 66.35] and parameters: {'sl_soft': 0.08345559528832464, 'sl_hard_delta': 0.00457699733972642, 'tp': 0.03810555008976396, 'gate_pct': 97.66578486655469, 'dd_limit': 3.021375135532224, 'cooldown': 6, 'flip': True, 'en_ema_trend': False, 'ema_trend_fast': 342, 'ema_trend_slow': 294, 'en_sma_trend': False, 'sma_trend_fast': 198, 'sma_trend_slow': 319, 'en_macd': False, 'macd_fast': 64, 'macd_slow': 53, 'macd_signal': 73, 'en_vwap': False, 'en_keltner': True, 'keltner_n': 43, 'keltner_m': 2.1, 'en_obv': True, 'obv_slope': 129, 'en_cci': True, 'cci_n': 134, 'cci_threshold': 145, 'en_rsi': True, 'rsi_n': 73, 'rsi_lower': 31, 'rsi_upper': 94, 'en_stochastic': True, 'stochastic_n': 98, 'stochastic_d': 6, 'stochastic_lower': 4, 'stochastic_upper': 91, 'en_mfi': False, 'mfi_n': 97, 'mfi_lower': 3, 'mfi_upper': 70, 'en_bollinger': True, 'bollinger_n': 169, 'bollinger_k': 4.2, 'en_adx': False, 'adx_n': 22, 'adx_threshold': 49, 'en_structure_trend': True, 'structure_trend_swing_l': 1, 'en_order_block': False, 'order_block_swing_l': 4, 'en_fvg': True, 'fvg_lookback': 9, 'en_ifvg': False, 'en_breaker': False, 'breaker_swing_l': 19, 'en_cisd': True, 'k': 2, 'en_cap_bars': True, 'cap_1min': 1353}.
[I 2026-07-13 16:32:04,784] Trial 4496 pruned. 
[I 2026-07-13 16:32:05,167] Trial 4497 finished with values: [1182.9568539748084, -1053.852783980531, 82.1] and parameters: {'sl_soft': 0.09561626693152817, 'sl_hard_delta': 0.00457699733972642, 'tp': 0.04490461800882547, 'gate_pct': 97.66578486655469, 'dd_limit': 6.844711394584541, 'cooldown': 6, 'flip': True, 'en_ema_trend': True, 'ema_trend_fast': 270, 'ema_trend_slow': 294, 'en_sma_trend': False, 'sma_trend_fast': 198, 'sma_trend_slow': 325, 'en_macd': True, 'macd_fast': 64, 'macd_slow': 3, 'macd_signal': 61, 'en_vwap': False, 'en_keltner': False, 'keltner_n': 82, 'keltner_m': 0.5, 'en_obv': True, 'obv_slope': 129, 'en_cci': True, 'cci_n': 2, 'cci_threshold': 140, 'en_rsi': True, 'rsi_n': 73, 'rsi_lower': 26, 'rsi_upper': 58, 'en_stochastic': True, 'stochastic_n': 82, 'stochastic_d': 28, 'stochastic_lower': 4, 'stochastic_upper': 75, 'en_mfi': False, 'mfi_n': 97, 'mfi_lower': 38, 'mfi_upper': 57, 'en_bollinger': True, 'bollinger_n': 169, 'bollinger_k': 1.0, 'en_adx': False, 'adx_n': 22, 'adx_threshold': 49, 'en_structure_trend': False, 'structure_trend_swing_l': 7, 'en_order_block': False, 'order_block_swing_l': 4, 'en_fvg': False, 'fvg_lookback': 19, 'en_ifvg': False, 'en_breaker': False, 'breaker_swing_l': 18, 'en_cisd': True, 'k': 3, 'en_cap_bars': False, 'cap_1min': 1243}.
[I 2026-07-13 16:32:05,680] Trial 4498 finished with values: [-279.3828534077925, -9331.911828704964, 62.65] and parameters: {'sl_soft': 0.02949052716025995, 'sl_hard_delta': 0.10879162926439315, 'tp': 0.04490461800882547, 'gate_pct': 97.66578486655469, 'dd_limit': 3.021375135532224, 'cooldown': 2, 'flip': True, 'en_ema_trend': False, 'ema_trend_fast': 270, 'ema_trend_slow': 294, 'en_sma_trend': False, 'sma_trend_fast': 198, 'sma_trend_slow': 325, 'en_macd': True, 'macd_fast': 2, 'macd_slow': 3, 'macd_signal': 61, 'en_vwap': False, 'en_keltner': True, 'keltner_n': 135, 'keltner_m': 1.1, 'en_obv': True, 'obv_slope': 92, 'en_cci': True, 'cci_n': 134, 'cci_threshold': 145, 'en_rsi': True, 'rsi_n': 7, 'rsi_lower': 31, 'rsi_upper': 94, 'en_stochastic': False, 'stochastic_n': 82, 'stochastic_d': 43, 'stochastic_lower': 4, 'stochastic_upper': 91, 'en_mfi': False, 'mfi_n': 19, 'mfi_lower': 11, 'mfi_upper': 70, 'en_bollinger': True, 'bollinger_n': 155, 'bollinger_k': 4.2, 'en_adx': False, 'adx_n': 22, 'adx_threshold': 49, 'en_structure_trend': False, 'structure_trend_swing_l': 12, 'en_order_block': False, 'order_block_swing_l': 16, 'en_fvg': True, 'fvg_lookback': 19, 'en_ifvg': False, 'en_breaker': False, 'breaker_swing_l': 20, 'en_cisd': True, 'k': 3, 'en_cap_bars': False, 'cap_1min': 878}.
[I 2026-07-13 16:32:06,410] Trial 4499 finished with values: [260.40262746858997, -2105.2796314298657, 75.3] and parameters: {'sl_soft': 0.06423559890121558, 'sl_hard_delta': 0.17424252774383417, 'tp': 0.03810555008976396, 'gate_pct': 97.66578486655469, 'dd_limit': 3.021375135532224, 'cooldown': 6, 'flip': True, 'en_ema_trend': False, 'ema_trend_fast': 342, 'ema_trend_slow': 391, 'en_sma_trend': False, 'sma_trend_fast': 198, 'sma_trend_slow': 319, 'en_macd': True, 'macd_fast': 2, 'macd_slow': 53, 'macd_signal': 73, 'en_vwap': False, 'en_keltner': True, 'keltner_n': 135, 'keltner_m': 2.1, 'en_obv': True, 'obv_slope': 92, 'en_cci': True, 'cci_n': 134, 'cci_threshold': 145, 'en_rsi': True, 'rsi_n': 95, 'rsi_lower': 31, 'rsi_upper': 94, 'en_stochastic': True, 'stochastic_n': 98, 'stochastic_d': 28, 'stochastic_lower': 22, 'stochastic_upper': 91, 'en_mfi': False, 'mfi_n': 97, 'mfi_lower': 38, 'mfi_upper': 70, 'en_bollinger': False, 'bollinger_n': 155, 'bollinger_k': 4.2, 'en_adx': False, 'adx_n': 22, 'adx_threshold': 49, 'en_structure_trend': False, 'structure_trend_swing_l': 12, 'en_order_block': True, 'order_block_swing_l': 20, 'en_fvg': True, 'fvg_lookback': 9, 'en_ifvg': False, 'en_breaker': True, 'breaker_swing_l': 20, 'en_cisd': True, 'k': 3, 'en_cap_bars': False, 'cap_1min': 1353}.
[I 2026-07-13 16:32:07,077] Trial 4500 finished with values: [1806.3103410765714, -8879.389139963117, 38.25] and parameters: {'sl_soft': 0.06423559890121558, 'sl_hard_delta': 0.17424252774383417, 'tp': 0.18978054300184755, 'gate_pct': 99.55888908721671, 'dd_limit': 6.844711394584541, 'cooldown': 2, 'flip': True, 'en_ema_trend': True, 'ema_trend_fast': 342, 'ema_trend_slow': 397, 'en_sma_trend': False, 'sma_trend_fast': 198, 'sma_trend_slow': 319, 'en_macd': True, 'macd_fast': 2, 'macd_slow': 123, 'macd_signal': 73, 'en_vwap': False, 'en_keltner': True, 'keltner_n': 173, 'keltner_m': 2.1, 'en_obv': True, 'obv_slope': 129, 'en_cci': True, 'cci_n': 134, 'cci_threshold': 145, 'en_rsi': True, 'rsi_n': 95, 'rsi_lower': 31, 'rsi_upper': 58, 'en_stochastic': True, 'stochastic_n': 98, 'stochastic_d': 43, 'stochastic_lower': 21, 'stochastic_upper': 97, 'en_mfi': False, 'mfi_n': 97, 'mfi_lower': 11, 'mfi_upper': 53, 'en_bollinger': True, 'bollinger_n': 31, 'bollinger_k': 4.2, 'en_adx': False, 'adx_n': 22, 'adx_threshold': 47, 'en_structure_trend': False, 'structure_trend_swing_l': 12, 'en_order_block': False, 'order_block_swing_l': 20, 'en_fvg': False, 'fvg_lookback': 32, 'en_ifvg': False, 'en_breaker': False, 'breaker_swing_l': 19, 'en_cisd': True, 'k': 2, 'en_cap_bars': False, 'cap_1min': 1243}.
[I 2026-07-13 16:32:08,913] Trial 4501 pruned. 
[I 2026-07-13 16:32:09,318] Trial 4502 finished with values: [128.1266142585837, -9176.045089049718, 69.9] and parameters: {'sl_soft': 0.06423559890121558, 'sl_hard_delta': 0.04269284514679842, 'tp': 0.03810555008976396, 'gate_pct': 97.66578486655469, 'dd_limit': 5.319419455229414, 'cooldown': 0, 'flip': True, 'en_ema_trend': False, 'ema_trend_fast': 114, 'ema_trend_slow': 397, 'en_sma_trend': False, 'sma_trend_fast': 198, 'sma_trend_slow': 319, 'en_macd': True, 'macd_fast': 2, 'macd_slow': 123, 'macd_signal': 19, 'en_vwap': False, 'en_keltner': True, 'keltner_n': 135, 'keltner_m': 3.0, 'en_obv': True, 'obv_slope': 146, 'en_cci': True, 'cci_n': 54, 'cci_threshold': 145, 'en_rsi': False, 'rsi_n': 95, 'rsi_lower': 18, 'rsi_upper': 75, 'en_stochastic': True, 'stochastic_n': 62, 'stochastic_d': 49, 'stochastic_lower': 21, 'stochastic_upper': 91, 'en_mfi': False, 'mfi_n': 97, 'mfi_lower': 11, 'mfi_upper': 51, 'en_bollinger': True, 'bollinger_n': 16, 'bollinger_k': 4.2, 'en_adx': False, 'adx_n': 11, 'adx_threshold': 51, 'en_structure_trend': False, 'structure_trend_swing_l': 12, 'en_order_block': False, 'order_block_swing_l': 20, 'en_fvg': True, 'fvg_lookback': 7, 'en_ifvg': False, 'en_breaker': True, 'breaker_swing_l': 20, 'en_cisd': True, 'k': 3, 'en_cap_bars': False, 'cap_1min': 59}.
[I 2026-07-13 16:32:09,823] Trial 4503 finished with values: [-895.9773824768646, -4008.8521343754737, 62.25] and parameters: {'sl_soft': 0.02949052716025995, 'sl_hard_delta': 0.10879162926439315, 'tp': 0.04490461800882547, 'gate_pct': 99.55888908721671, 'dd_limit': 2.4528084273798805, 'cooldown': 4, 'flip': True, 'en_ema_trend': True, 'ema_trend_fast': 323, 'ema_trend_slow': 294, 'en_sma_trend': False, 'sma_trend_fast': 198, 'sma_trend_slow': 319, 'en_macd': False, 'macd_fast': 64, 'macd_slow': 3, 'macd_signal': 61, 'en_vwap': False, 'en_keltner': False, 'keltner_n': 170, 'keltner_m': 1.1, 'en_obv': True, 'obv_slope': 129, 'en_cci': True, 'cci_n': 134, 'cci_threshold': 145, 'en_rsi': False, 'rsi_n': 7, 'rsi_lower': 31, 'rsi_upper': 58, 'en_stochastic': True, 'stochastic_n': 6, 'stochastic_d': 43, 'stochastic_lower': 4, 'stochastic_upper': 87, 'en_mfi': False, 'mfi_n': 25, 'mfi_lower': 38, 'mfi_upper': 70, 'en_bollinger': True, 'bollinger_n': 31, 'bollinger_k': 4.2, 'en_adx': False, 'adx_n': 22, 'adx_threshold': 49, 'en_structure_trend': False, 'structure_trend_swing_l': 7, 'en_order_block': False, 'order_block_swing_l': 4, 'en_fvg': False, 'fvg_lookback': 19, 'en_ifvg': False, 'en_breaker': False, 'breaker_swing_l': 19, 'en_cisd': True, 'k': 2, 'en_cap_bars': True, 'cap_1min': 1077}.
[I 2026-07-13 16:32:10,274] Trial 4504 finished with values: [1040.8509236799368, -1201.8924299130176, 37.25] and parameters: {'sl_soft': 0.035486083657367995, 'sl_hard_delta': 0.00457699733972642, 'tp': 0.11965293792891196, 'gate_pct': 97.87184393359011, 'dd_limit': 5.319419455229414, 'cooldown': 2, 'flip': True, 'en_ema_trend': False, 'ema_trend_fast': 114, 'ema_trend_slow': 260, 'en_sma_trend': False, 'sma_trend_fast': 44, 'sma_trend_slow': 117, 'en_macd': True, 'macd_fast': 2, 'macd_slow': 188, 'macd_signal': 19, 'en_vwap': False, 'en_keltner': False, 'keltner_n': 99, 'keltner_m': 3.0, 'en_obv': True, 'obv_slope': 146, 'en_cci': True, 'cci_n': 54, 'cci_threshold': 280, 'en_rsi': False, 'rsi_n': 56, 'rsi_lower': 18, 'rsi_upper': 75, 'en_stochastic': False, 'stochastic_n': 62, 'stochastic_d': 28, 'stochastic_lower': 21, 'stochastic_upper': 91, 'en_mfi': True, 'mfi_n': 97, 'mfi_lower': 16, 'mfi_upper': 51, 'en_bollinger': True, 'bollinger_n': 23, 'bollinger_k': 2.4000000000000004, 'en_adx': False, 'adx_n': 11, 'adx_threshold': 48, 'en_structure_trend': False, 'structure_trend_swing_l': 9, 'en_order_block': False, 'order_block_swing_l': 20, 'en_fvg': False, 'fvg_lookback': 7, 'en_ifvg': False, 'en_breaker': True, 'breaker_swing_l': 20, 'en_cisd': True, 'k': 4, 'en_cap_bars': False, 'cap_1min': 59}.
[I 2026-07-13 16:32:10,727] Trial 4505 pruned. 
[I 2026-07-13 16:32:12,541] Trial 4506 finished with values: [-1140.1484471745587, -7968.310567895791, 68.44999999999999] and parameters: {'sl_soft': 0.06423559890121558, 'sl_hard_delta': 0.17424252774383417, 'tp': 0.04490461800882547, 'gate_pct': 97.66578486655469, 'dd_limit': 3.021375135532224, 'cooldown': 0, 'flip': True, 'en_ema_trend': False, 'ema_trend_fast': 270, 'ema_trend_slow': 397, 'en_sma_trend': False, 'sma_trend_fast': 44, 'sma_trend_slow': 319, 'en_macd': True, 'macd_fast': 57, 'macd_slow': 123, 'macd_signal': 61, 'en_vwap': False, 'en_keltner': False, 'keltner_n': 170, 'keltner_m': 2.1, 'en_obv': True, 'obv_slope': 156, 'en_cci': True, 'cci_n': 134, 'cci_threshold': 145, 'en_rsi': False, 'rsi_n': 95, 'rsi_lower': 18, 'rsi_upper': 94, 'en_stochastic': False, 'stochastic_n': 98, 'stochastic_d': 43, 'stochastic_lower': 21, 'stochastic_upper': 91, 'en_mfi': True, 'mfi_n': 19, 'mfi_lower': 11, 'mfi_upper': 70, 'en_bollinger': False, 'bollinger_n': 169, 'bollinger_k': 4.2, 'en_adx': False, 'adx_n': 22, 'adx_threshold': 47, 'en_structure_trend': False, 'structure_trend_swing_l': 7, 'en_order_block': False, 'order_block_swing_l': 20, 'en_fvg': True, 'fvg_lookback': 19, 'en_ifvg': False, 'en_breaker': False, 'breaker_swing_l': 18, 'en_cisd': True, 'k': 3, 'en_cap_bars': False, 'cap_1min': 59}.
[I 2026-07-13 16:32:12,995] Trial 4507 finished with values: [383.2044284573755, -2206.6902671415537, 78.9] and parameters: {'sl_soft': 0.07187739744976807, 'sl_hard_delta': 0.10879162926439315, 'tp': 0.04490461800882547, 'gate_pct': 99.12973389262724, 'dd_limit': 2.4528084273798805, 'cooldown': 6, 'flip': True, 'en_ema_trend': False, 'ema_trend_fast': 270, 'ema_trend_slow': 391, 'en_sma_trend': False, 'sma_trend_fast': 198, 'sma_trend_slow': 319, 'en_macd': False, 'macd_fast': 64, 'macd_slow': 53, 'macd_signal': 73, 'en_vwap': False, 'en_keltner': False, 'keltner_n': 43, 'keltner_m': 0.5, 'en_obv': True, 'obv_slope': 49, 'en_cci': True, 'cci_n': 134, 'cci_threshold': 140, 'en_rsi': True, 'rsi_n': 73, 'rsi_lower': 26, 'rsi_upper': 58, 'en_stochastic': True, 'stochastic_n': 82, 'stochastic_d': 6, 'stochastic_lower': 22, 'stochastic_upper': 75, 'en_mfi': False, 'mfi_n': 27, 'mfi_lower': 38, 'mfi_upper': 57, 'en_bollinger': True, 'bollinger_n': 83, 'bollinger_k': 0.9, 'en_adx': False, 'adx_n': 22, 'adx_threshold': 49, 'en_structure_trend': True, 'structure_trend_swing_l': 1, 'en_order_block': True, 'order_block_swing_l': 10, 'en_fvg': False, 'fvg_lookback': 9, 'en_ifvg': False, 'en_breaker': False, 'breaker_swing_l': 19, 'en_cisd': True, 'k': 2, 'en_cap_bars': False, 'cap_1min': 1353}.
