[I 2026-07-13 15:28:16,772] Trial 2293 pruned. 
[I 2026-07-13 15:28:17,613] Trial 2294 pruned. 
[I 2026-07-13 15:28:19,879] Trial 2295 pruned. 
[I 2026-07-13 15:28:20,954] Trial 2296 pruned. 
[I 2026-07-13 15:28:21,205] Trial 2297 pruned. 
[I 2026-07-13 15:28:22,415] Trial 2298 pruned. 
[I 2026-07-13 15:28:23,995] Trial 2299 pruned. 
[I 2026-07-13 15:28:24,231] Trial 2300 pruned. 
[I 2026-07-13 15:28:25,122] Trial 2301 pruned. 
[I 2026-07-13 15:28:26,153] Trial 2302 pruned. 
[I 2026-07-13 15:28:28,896] Trial 2303 pruned. 
[I 2026-07-13 15:28:29,308] Trial 2304 pruned. 
[I 2026-07-13 15:28:30,414] Trial 2305 pruned. 
[I 2026-07-13 15:28:30,912] Trial 2306 pruned. 
[I 2026-07-13 15:28:32,115] Trial 2307 pruned. 
[I 2026-07-13 15:28:33,501] Trial 2308 pruned. 
[I 2026-07-13 15:28:35,051] Trial 2309 pruned. 
[I 2026-07-13 15:28:37,379] Trial 2310 pruned. 
[I 2026-07-13 15:28:38,560] Trial 2311 pruned. 
[I 2026-07-13 15:28:40,168] Trial 2312 pruned. 
[I 2026-07-13 15:28:41,885] Trial 2313 pruned. 
[I 2026-07-13 15:28:42,200] Trial 2314 pruned. 
[I 2026-07-13 15:28:43,066] Trial 2315 pruned. 
[I 2026-07-13 15:28:44,275] Trial 2316 pruned. 
[I 2026-07-13 15:28:46,067] Trial 2317 pruned. 
[I 2026-07-13 15:28:48,253] Trial 2318 pruned. 
[I 2026-07-13 15:28:49,716] Trial 2319 pruned. 
[I 2026-07-13 15:28:49,847] Trial 2320 pruned. 
[I 2026-07-13 15:28:50,180] Trial 2321 pruned. 
[I 2026-07-13 15:28:51,226] Trial 2322 pruned. 
[I 2026-07-13 15:28:52,301] Trial 2323 pruned. 
[I 2026-07-13 15:28:55,647] Trial 2324 finished with values: [-1537.121019881198, -7579.171517901741, 54.55] and parameters: {'sl_soft': 0.09235276795485203, 'sl_hard_delta': 0.11297586392107586, 'tp': 0.08511555082848177, 'gate_pct': 95.72859018663851, 'dd_limit': 3.2180873254465436, 'cooldown': 6, 'flip': False, 'en_ema_trend': False, 'ema_trend_fast': 193, 'ema_trend_slow': 393, 'en_sma_trend': True, 'sma_trend_fast': 321, 'sma_trend_slow': 377, 'en_macd': True, 'macd_fast': 97, 'macd_slow': 74, 'macd_signal': 78, 'en_vwap': False, 'en_keltner': True, 'keltner_n': 131, 'keltner_m': 0.5, 'en_obv': False, 'obv_slope': 100, 'en_cci': False, 'cci_n': 34, 'cci_threshold': 85, 'en_rsi': False, 'rsi_n': 97, 'rsi_lower': 34, 'rsi_upper': 99, 'en_stochastic': False, 'stochastic_n': 40, 'stochastic_d': 5, 'stochastic_lower': 13, 'stochastic_upper': 58, 'en_mfi': True, 'mfi_n': 22, 'mfi_lower': 24, 'mfi_upper': 97, 'en_bollinger': False, 'bollinger_n': 165, 'bollinger_k': 1.3, 'en_adx': False, 'adx_n': 52, 'adx_threshold': 44, 'en_structure_trend': False, 'structure_trend_swing_l': 7, 'en_order_block': True, 'order_block_swing_l': 4, 'en_fvg': True, 'fvg_lookback': 4, 'en_ifvg': False, 'en_breaker': False, 'breaker_swing_l': 12, 'en_cisd': False, 'k': 2, 'en_cap_bars': True, 'cap_1min': 1343}.
[I 2026-07-13 15:28:56,594] Trial 2325 pruned. 
[I 2026-07-13 15:28:58,150] Trial 2326 pruned. 
[I 2026-07-13 15:28:59,906] Trial 2327 pruned. 
[I 2026-07-13 15:29:02,564] Trial 2328 pruned. 
[I 2026-07-13 15:29:03,611] Trial 2329 pruned. 
[I 2026-07-13 15:29:04,739] Trial 2330 pruned. 
[I 2026-07-13 15:29:06,006] Trial 2331 pruned. 
[I 2026-07-13 15:29:07,390] Trial 2332 pruned. 
[I 2026-07-13 15:29:08,244] Trial 2333 pruned. 
[I 2026-07-13 15:29:10,514] Trial 2334 pruned. 
[I 2026-07-13 15:29:10,774] Trial 2335 pruned. 
[I 2026-07-13 15:29:13,454] Trial 2336 pruned. 
[I 2026-07-13 15:29:14,256] Trial 2337 pruned. 
[I 2026-07-13 15:29:15,254] Trial 2338 pruned. 
[I 2026-07-13 15:29:16,856] Trial 2339 pruned. 
[I 2026-07-13 15:29:17,360] Trial 2340 pruned. 
[I 2026-07-13 15:29:18,511] Trial 2341 pruned. 
[I 2026-07-13 15:29:20,575] Trial 2342 pruned. 
[I 2026-07-13 15:29:21,118] Trial 2343 pruned. 
[I 2026-07-13 15:29:22,201] Trial 2344 pruned. 
[I 2026-07-13 15:29:22,791] Trial 2345 pruned. 
[I 2026-07-13 15:29:24,473] Trial 2346 pruned. 
[I 2026-07-13 15:29:27,540] Trial 2347 pruned. 
[I 2026-07-13 15:29:29,628] Trial 2348 pruned. 
[I 2026-07-13 15:29:30,892] Trial 2349 pruned. 
[I 2026-07-13 15:29:32,786] Trial 2350 pruned. 
[I 2026-07-13 15:29:34,978] Trial 2351 pruned. 
[I 2026-07-13 15:29:36,300] Trial 2352 pruned. 
[I 2026-07-13 15:29:37,354] Trial 2353 pruned. 
[I 2026-07-13 15:29:37,943] Trial 2354 pruned. 
[I 2026-07-13 15:29:39,300] Trial 2355 pruned. 
[I 2026-07-13 15:29:40,091] Trial 2356 pruned. 
[I 2026-07-13 15:29:41,548] Trial 2357 pruned. 
[I 2026-07-13 15:29:42,663] Trial 2358 pruned. 
[I 2026-07-13 15:29:43,883] Trial 2359 pruned. 
[I 2026-07-13 15:29:44,043] Trial 2360 pruned. 
[I 2026-07-13 15:29:44,664] Trial 2361 pruned. 
[I 2026-07-13 15:29:45,458] Trial 2362 pruned. 
[I 2026-07-13 15:29:49,208] Trial 2363 pruned. 
[I 2026-07-13 15:29:49,686] Trial 2364 pruned. 
[I 2026-07-13 15:29:50,525] Trial 2365 pruned. 
[I 2026-07-13 15:29:51,136] Trial 2366 pruned. 
[I 2026-07-13 15:29:52,131] Trial 2367 pruned. 
[I 2026-07-13 15:29:52,791] Trial 2368 pruned. 
[I 2026-07-13 15:29:53,593] Trial 2369 pruned. 
[I 2026-07-13 15:29:54,301] Trial 2370 pruned. 
[I 2026-07-13 15:29:55,192] Trial 2371 pruned. 
[I 2026-07-13 15:29:56,403] Trial 2372 pruned. 
[I 2026-07-13 15:29:57,783] Trial 2373 pruned. 
[I 2026-07-13 15:29:59,836] Trial 2374 pruned. 
[I 2026-07-13 15:30:00,815] Trial 2375 pruned. 
[I 2026-07-13 15:30:02,128] Trial 2376 pruned. 
[I 2026-07-13 15:30:03,251] Trial 2377 pruned. 
[I 2026-07-13 15:30:04,202] Trial 2378 pruned. 
[I 2026-07-13 15:30:04,640] Trial 2379 pruned. 
[I 2026-07-13 15:30:05,163] Trial 2380 pruned. 
[I 2026-07-13 15:30:07,003] Trial 2381 pruned. 
[I 2026-07-13 15:30:08,162] Trial 2382 pruned. 
[I 2026-07-13 15:30:09,320] Trial 2383 pruned. 
[I 2026-07-13 15:30:10,245] Trial 2384 pruned. 
[I 2026-07-13 15:30:11,059] Trial 2385 pruned. 
[I 2026-07-13 15:30:12,962] Trial 2386 pruned. 
[I 2026-07-13 15:30:14,006] Trial 2387 pruned. 
[I 2026-07-13 15:30:15,876] Trial 2388 pruned. 
[I 2026-07-13 15:30:16,963] Trial 2389 pruned. 
[I 2026-07-13 15:30:18,052] Trial 2390 pruned. 
[I 2026-07-13 15:30:18,649] Trial 2391 pruned. 
[I 2026-07-13 15:30:19,701] Trial 2392 pruned. 
[I 2026-07-13 15:30:21,737] Trial 2393 pruned. 
[I 2026-07-13 15:30:22,754] Trial 2394 pruned. 
[I 2026-07-13 15:30:23,787] Trial 2395 pruned. 
[I 2026-07-13 15:30:26,780] Trial 2396 pruned. 
[I 2026-07-13 15:30:27,135] Trial 2397 pruned. 
[I 2026-07-13 15:30:27,950] Trial 2398 pruned. 
[I 2026-07-13 15:30:29,679] Trial 2399 pruned. 
[I 2026-07-13 15:30:29,870] Trial 2400 pruned. 
[I 2026-07-13 15:30:30,259] Trial 2401 pruned. 
[I 2026-07-13 15:30:31,576] Trial 2402 pruned. 
[I 2026-07-13 15:30:33,838] Trial 2403 pruned. 
[I 2026-07-13 15:30:35,064] Trial 2404 pruned. 
[I 2026-07-13 15:30:35,410] Trial 2405 pruned. 
[I 2026-07-13 15:30:36,255] Trial 2406 pruned. 
[I 2026-07-13 15:30:39,643] Trial 2407 pruned. 
[I 2026-07-13 15:30:41,146] Trial 2408 pruned. 
[I 2026-07-13 15:30:41,623] Trial 2409 pruned. 
[I 2026-07-13 15:30:44,346] Trial 2410 pruned. 
[I 2026-07-13 15:30:45,723] Trial 2411 pruned. 
[I 2026-07-13 15:30:47,261] Trial 2412 pruned. 
[I 2026-07-13 15:30:49,323] Trial 2413 pruned. 
[I 2026-07-13 15:30:51,084] Trial 2414 pruned. 
[I 2026-07-13 15:30:52,563] Trial 2415 pruned. 
[I 2026-07-13 15:30:53,546] Trial 2416 pruned. 
[I 2026-07-13 15:30:55,123] Trial 2417 pruned. 
[I 2026-07-13 15:30:56,184] Trial 2418 pruned. 
[I 2026-07-13 15:30:57,257] Trial 2419 pruned. 
[I 2026-07-13 15:30:59,043] Trial 2420 pruned. 
[I 2026-07-13 15:31:00,790] Trial 2421 pruned. 
[I 2026-07-13 15:31:01,931] Trial 2422 pruned. 
[I 2026-07-13 15:31:02,837] Trial 2423 pruned. 
[I 2026-07-13 15:31:03,262] Trial 2424 pruned. 
[I 2026-07-13 15:31:03,629] Trial 2425 pruned. 
[I 2026-07-13 15:31:04,732] Trial 2426 pruned. 
[I 2026-07-13 15:31:06,535] Trial 2427 pruned. 
[I 2026-07-13 15:31:07,395] Trial 2428 pruned. 
[I 2026-07-13 15:31:08,437] Trial 2429 pruned. 
[I 2026-07-13 15:31:09,046] Trial 2430 pruned. 
[I 2026-07-13 15:31:09,934] Trial 2431 pruned. 
[I 2026-07-13 15:31:10,994] Trial 2432 pruned. 
[I 2026-07-13 15:31:12,121] Trial 2433 pruned. 
[I 2026-07-13 15:31:14,860] Trial 2434 pruned. 
[I 2026-07-13 15:31:15,258] Trial 2435 pruned. 
[I 2026-07-13 15:31:16,372] Trial 2436 pruned. 
[I 2026-07-13 15:31:17,579] Trial 2437 pruned. 
[I 2026-07-13 15:31:18,131] Trial 2438 pruned. 
[I 2026-07-13 15:31:18,639] Trial 2439 pruned. 
[I 2026-07-13 15:31:18,785] Trial 2440 pruned. 
[I 2026-07-13 15:31:20,200] Trial 2441 pruned. 
[I 2026-07-13 15:31:22,436] Trial 2442 pruned. 
[I 2026-07-13 15:31:23,560] Trial 2443 pruned. 
[I 2026-07-13 15:31:25,020] Trial 2444 pruned. 
[I 2026-07-13 15:31:29,876] Trial 2445 finished with values: [77.97155377248873, -14917.316251131815, 32.1] and parameters: {'sl_soft': 0.02702658802288505, 'sl_hard_delta': 0.12107856874009126, 'tp': 0.17731420964535002, 'gate_pct': 95.15790739353048, 'dd_limit': 3.177401405918999, 'cooldown': 2, 'flip': False, 'en_ema_trend': True, 'ema_trend_fast': 126, 'ema_trend_slow': 112, 'en_sma_trend': False, 'sma_trend_fast': 134, 'sma_trend_slow': 94, 'en_macd': True, 'macd_fast': 16, 'macd_slow': 168, 'macd_signal': 43, 'en_vwap': True, 'en_keltner': True, 'keltner_n': 177, 'keltner_m': 2.3, 'en_obv': False, 'obv_slope': 99, 'en_cci': True, 'cci_n': 20, 'cci_threshold': 65, 'en_rsi': True, 'rsi_n': 97, 'rsi_lower': 31, 'rsi_upper': 71, 'en_stochastic': False, 'stochastic_n': 41, 'stochastic_d': 40, 'stochastic_lower': 12, 'stochastic_upper': 79, 'en_mfi': False, 'mfi_n': 52, 'mfi_lower': 2, 'mfi_upper': 79, 'en_bollinger': False, 'bollinger_n': 143, 'bollinger_k': 2.6, 'en_adx': False, 'adx_n': 77, 'adx_threshold': 44, 'en_structure_trend': True, 'structure_trend_swing_l': 3, 'en_order_block': True, 'order_block_swing_l': 16, 'en_fvg': False, 'fvg_lookback': 17, 'en_ifvg': False, 'en_breaker': True, 'breaker_swing_l': 14, 'en_cisd': True, 'k': 4, 'en_cap_bars': False, 'cap_1min': 535}.
[I 2026-07-13 15:31:31,125] Trial 2446 pruned. 
[I 2026-07-13 15:31:35,660] Trial 2447 finished with values: [-1290.7123753242724, -15193.630352272721, 21.85] and parameters: {'sl_soft': 0.028881128668712973, 'sl_hard_delta': 0.16805834987911447, 'tp': 0.17296438123378804, 'gate_pct': 92.04638185231262, 'dd_limit': 1.2256325546234672, 'cooldown': 2, 'flip': False, 'en_ema_trend': False, 'ema_trend_fast': 35, 'ema_trend_slow': 320, 'en_sma_trend': True, 'sma_trend_fast': 50, 'sma_trend_slow': 302, 'en_macd': True, 'macd_fast': 5, 'macd_slow': 72, 'macd_signal': 27, 'en_vwap': True, 'en_keltner': True, 'keltner_n': 49, 'keltner_m': 2.0, 'en_obv': False, 'obv_slope': 2, 'en_cci': True, 'cci_n': 21, 'cci_threshold': 20, 'en_rsi': True, 'rsi_n': 40, 'rsi_lower': 16, 'rsi_upper': 73, 'en_stochastic': False, 'stochastic_n': 77, 'stochastic_d': 38, 'stochastic_lower': 18, 'stochastic_upper': 74, 'en_mfi': False, 'mfi_n': 13, 'mfi_lower': 5, 'mfi_upper': 72, 'en_bollinger': False, 'bollinger_n': 149, 'bollinger_k': 3.8000000000000003, 'en_adx': False, 'adx_n': 42, 'adx_threshold': 20, 'en_structure_trend': False, 'structure_trend_swing_l': 1, 'en_order_block': False, 'order_block_swing_l': 16, 'en_fvg': True, 'fvg_lookback': 2, 'en_ifvg': True, 'en_breaker': True, 'breaker_swing_l': 3, 'en_cisd': False, 'k': 1, 'en_cap_bars': True, 'cap_1min': 1271}.
[I 2026-07-13 15:31:37,782] Trial 2448 pruned. 
[I 2026-07-13 15:31:38,888] Trial 2449 pruned. 
[I 2026-07-13 15:31:40,355] Trial 2450 pruned. 
[I 2026-07-13 15:31:41,806] Trial 2451 pruned. 
[I 2026-07-13 15:31:42,641] Trial 2452 pruned. 
[I 2026-07-13 15:31:44,316] Trial 2453 pruned. 
[I 2026-07-13 15:31:45,083] Trial 2454 pruned. 
[I 2026-07-13 15:31:45,941] Trial 2455 pruned. 
[I 2026-07-13 15:31:46,411] Trial 2456 pruned. 
[I 2026-07-13 15:31:47,261] Trial 2457 pruned. 
[I 2026-07-13 15:31:47,762] Trial 2458 pruned. 
[I 2026-07-13 15:31:47,970] Trial 2459 pruned. 
[I 2026-07-13 15:31:48,387] Trial 2460 pruned. 
[I 2026-07-13 15:31:49,367] Trial 2461 pruned. 
[I 2026-07-13 15:31:50,613] Trial 2462 pruned. 
[I 2026-07-13 15:31:51,733] Trial 2463 pruned. 
[I 2026-07-13 15:31:52,473] Trial 2464 pruned. 
[I 2026-07-13 15:31:53,318] Trial 2465 pruned. 
[I 2026-07-13 15:31:54,346] Trial 2466 pruned. 
[I 2026-07-13 15:31:55,553] Trial 2467 pruned. 
[I 2026-07-13 15:31:56,487] Trial 2468 pruned. 
[I 2026-07-13 15:31:57,292] Trial 2469 pruned. 
[I 2026-07-13 15:31:58,808] Trial 2470 pruned. 
[I 2026-07-13 15:32:00,121] Trial 2471 pruned. 
[I 2026-07-13 15:32:01,980] Trial 2472 pruned. 
[I 2026-07-13 15:32:03,107] Trial 2473 pruned. 
[I 2026-07-13 15:32:04,504] Trial 2474 pruned. 
[I 2026-07-13 15:32:05,296] Trial 2475 pruned. 
[I 2026-07-13 15:32:05,679] Trial 2476 pruned. 
[I 2026-07-13 15:32:05,962] Trial 2477 pruned. 
[I 2026-07-13 15:32:07,263] Trial 2478 pruned. 
[I 2026-07-13 15:32:08,348] Trial 2479 pruned. 
[I 2026-07-13 15:32:08,449] Trial 2480 pruned. 
[I 2026-07-13 15:32:10,249] Trial 2481 pruned. 
[I 2026-07-13 15:32:11,457] Trial 2482 pruned. 
[I 2026-07-13 15:32:12,572] Trial 2483 pruned. 
[I 2026-07-13 15:32:13,523] Trial 2484 pruned. 
[I 2026-07-13 15:32:14,387] Trial 2485 pruned. 
[I 2026-07-13 15:32:15,564] Trial 2486 pruned. 
[I 2026-07-13 15:32:17,356] Trial 2487 pruned. 
[I 2026-07-13 15:32:18,123] Trial 2488 pruned. 
[I 2026-07-13 15:32:18,742] Trial 2489 pruned. 
[I 2026-07-13 15:32:19,237] Trial 2490 pruned. 
[I 2026-07-13 15:32:22,582] Trial 2491 pruned. 
[I 2026-07-13 15:32:24,398] Trial 2492 pruned. 
[I 2026-07-13 15:32:25,211] Trial 2493 pruned. 
[I 2026-07-13 15:32:25,390] Trial 2494 pruned. 
[I 2026-07-13 15:32:26,586] Trial 2495 pruned. 
[I 2026-07-13 15:32:28,477] Trial 2496 pruned. 
[I 2026-07-13 15:32:28,926] Trial 2497 pruned. 
[I 2026-07-13 15:32:30,383] Trial 2498 pruned. 
[I 2026-07-13 15:32:32,376] Trial 2499 pruned. 
[I 2026-07-13 15:32:35,402] Trial 2500 finished with values: [-247.91186213262137, -10618.350164635829, 44.05] and parameters: {'sl_soft': 0.07927973085450382, 'sl_hard_delta': 0.11129798161398162, 'tp': 0.11965293792891196, 'gate_pct': 98.14251198602311, 'dd_limit': 5.319419455229414, 'cooldown': 3, 'flip': False, 'en_ema_trend': True, 'ema_trend_fast': 79, 'ema_trend_slow': 214, 'en_sma_trend': True, 'sma_trend_fast': 108, 'sma_trend_slow': 117, 'en_macd': True, 'macd_fast': 68, 'macd_slow': 188, 'macd_signal': 50, 'en_vwap': False, 'en_keltner': False, 'keltner_n': 42, 'keltner_m': 4.6000000000000005, 'en_obv': False, 'obv_slope': 198, 'en_cci': False, 'cci_n': 55, 'cci_threshold': 135, 'en_rsi': False, 'rsi_n': 58, 'rsi_lower': 26, 'rsi_upper': 75, 'en_stochastic': False, 'stochastic_n': 62, 'stochastic_d': 41, 'stochastic_lower': 22, 'stochastic_upper': 81, 'en_mfi': True, 'mfi_n': 98, 'mfi_lower': 16, 'mfi_upper': 57, 'en_bollinger': True, 'bollinger_n': 23, 'bollinger_k': 3.2, 'en_adx': False, 'adx_n': 39, 'adx_threshold': 48, 'en_structure_trend': True, 'structure_trend_swing_l': 13, 'en_order_block': False, 'order_block_swing_l': 13, 'en_fvg': True, 'fvg_lookback': 29, 'en_ifvg': False, 'en_breaker': False, 'breaker_swing_l': 18, 'en_cisd': False, 'k': 4, 'en_cap_bars': False, 'cap_1min': 1016}.
[I 2026-07-13 15:32:37,696] Trial 2501 pruned. 
[I 2026-07-13 15:32:38,881] Trial 2502 pruned. 
[I 2026-07-13 15:32:39,859] Trial 2503 pruned. 
[I 2026-07-13 15:32:40,201] Trial 2504 pruned. 
[I 2026-07-13 15:32:41,577] Trial 2505 pruned. 
[I 2026-07-13 15:32:43,565] Trial 2506 pruned. 
[I 2026-07-13 15:32:47,114] Trial 2507 finished with values: [-2398.7639239614473, -18882.31047985503, 46.95] and parameters: {'sl_soft': 0.09792743962960662, 'sl_hard_delta': 0.1722146952459272, 'tp': 0.14064560126730688, 'gate_pct': 92.92228939811399, 'dd_limit': 4.232733835199441, 'cooldown': 0, 'flip': False, 'en_ema_trend': False, 'ema_trend_fast': 315, 'ema_trend_slow': 159, 'en_sma_trend': False, 'sma_trend_fast': 68, 'sma_trend_slow': 326, 'en_macd': True, 'macd_fast': 35, 'macd_slow': 30, 'macd_signal': 98, 'en_vwap': False, 'en_keltner': True, 'keltner_n': 165, 'keltner_m': 1.3, 'en_obv': True, 'obv_slope': 179, 'en_cci': False, 'cci_n': 152, 'cci_threshold': 260, 'en_rsi': True, 'rsi_n': 66, 'rsi_lower': 35, 'rsi_upper': 54, 'en_stochastic': False, 'stochastic_n': 19, 'stochastic_d': 22, 'stochastic_lower': 7, 'stochastic_upper': 85, 'en_mfi': True, 'mfi_n': 48, 'mfi_lower': 36, 'mfi_upper': 86, 'en_bollinger': False, 'bollinger_n': 109, 'bollinger_k': 2.5, 'en_adx': False, 'adx_n': 63, 'adx_threshold': 55, 'en_structure_trend': False, 'structure_trend_swing_l': 11, 'en_order_block': False, 'order_block_swing_l': 9, 'en_fvg': False, 'fvg_lookback': 16, 'en_ifvg': True, 'en_breaker': False, 'breaker_swing_l': 10, 'en_cisd': False, 'k': 1, 'en_cap_bars': True, 'cap_1min': 327}.
[I 2026-07-13 15:32:48,292] Trial 2508 pruned. 
[I 2026-07-13 15:32:50,688] Trial 2509 pruned. 
[I 2026-07-13 15:32:51,108] Trial 2510 pruned. 
[I 2026-07-13 15:32:52,195] Trial 2511 pruned. 
[I 2026-07-13 15:32:53,445] Trial 2512 pruned. 
[I 2026-07-13 15:32:53,873] Trial 2513 pruned. 
[I 2026-07-13 15:32:55,039] Trial 2514 pruned. 
[I 2026-07-13 15:32:55,596] Trial 2515 pruned. 
[I 2026-07-13 15:32:56,566] Trial 2516 pruned. 
[I 2026-07-13 15:32:57,557] Trial 2517 pruned. 
[I 2026-07-13 15:32:59,135] Trial 2518 pruned. 
[I 2026-07-13 15:33:00,723] Trial 2519 pruned. 
[I 2026-07-13 15:33:00,863] Trial 2520 pruned. 
[I 2026-07-13 15:33:01,205] Trial 2521 pruned. 
[I 2026-07-13 15:33:02,570] Trial 2522 pruned. 
[I 2026-07-13 15:33:03,549] Trial 2523 pruned. 
[I 2026-07-13 15:33:04,505] Trial 2524 pruned. 
[I 2026-07-13 15:33:05,464] Trial 2525 pruned. 
[I 2026-07-13 15:33:06,291] Trial 2526 pruned. 
[I 2026-07-13 15:33:06,791] Trial 2527 pruned. 
[I 2026-07-13 15:33:09,785] Trial 2528 pruned. 
[I 2026-07-13 15:33:10,665] Trial 2529 pruned. 
[I 2026-07-13 15:33:12,007] Trial 2530 pruned. 
[I 2026-07-13 15:33:12,875] Trial 2531 pruned. 
[I 2026-07-13 15:33:13,418] Trial 2532 pruned. 
[I 2026-07-13 15:33:14,572] Trial 2533 pruned. 
[I 2026-07-13 15:33:17,978] Trial 2534 pruned. 
[I 2026-07-13 15:33:19,753] Trial 2535 pruned. 
[I 2026-07-13 15:33:20,757] Trial 2536 pruned. 
[I 2026-07-13 15:33:21,752] Trial 2537 pruned. 
[I 2026-07-13 15:33:29,947] Trial 2538 finished with values: [-3335.869039830789, -10136.2783747588, 33.95] and parameters: {'sl_soft': 0.06943556259637333, 'sl_hard_delta': 0.16533605553887765, 'tp': 0.14503837553339838, 'gate_pct': 97.24094450079814, 'dd_limit': 8.159364296050743, 'cooldown': 3, 'flip': False, 'en_ema_trend': False, 'ema_trend_fast': 319, 'ema_trend_slow': 319, 'en_sma_trend': False, 'sma_trend_fast': 136, 'sma_trend_slow': 175, 'en_macd': True, 'macd_fast': 66, 'macd_slow': 11, 'macd_signal': 57, 'en_vwap': True, 'en_keltner': True, 'keltner_n': 169, 'keltner_m': 2.2, 'en_obv': True, 'obv_slope': 152, 'en_cci': False, 'cci_n': 147, 'cci_threshold': 210, 'en_rsi': False, 'rsi_n': 31, 'rsi_lower': 5, 'rsi_upper': 86, 'en_stochastic': True, 'stochastic_n': 15, 'stochastic_d': 49, 'stochastic_lower': 7, 'stochastic_upper': 83, 'en_mfi': False, 'mfi_n': 88, 'mfi_lower': 14, 'mfi_upper': 96, 'en_bollinger': True, 'bollinger_n': 5, 'bollinger_k': 3.5, 'en_adx': False, 'adx_n': 97, 'adx_threshold': 7, 'en_structure_trend': False, 'structure_trend_swing_l': 5, 'en_order_block': True, 'order_block_swing_l': 15, 'en_fvg': False, 'fvg_lookback': 47, 'en_ifvg': False, 'en_breaker': True, 'breaker_swing_l': 11, 'en_cisd': True, 'k': 3, 'en_cap_bars': False, 'cap_1min': 1370}.
[I 2026-07-13 15:33:31,663] Trial 2539 pruned. 
[I 2026-07-13 15:33:32,725] Trial 2540 pruned. 
[I 2026-07-13 15:33:35,276] Trial 2541 pruned. 
[I 2026-07-13 15:33:35,950] Trial 2542 pruned. 
[I 2026-07-13 15:33:36,358] Trial 2543 pruned. 
[I 2026-07-13 15:33:37,618] Trial 2544 pruned. 
[I 2026-07-13 15:33:38,604] Trial 2545 pruned. 
[I 2026-07-13 15:33:39,607] Trial 2546 pruned. 
[I 2026-07-13 15:33:40,012] Trial 2547 pruned. 
[I 2026-07-13 15:33:40,548] Trial 2548 pruned. 
[I 2026-07-13 15:33:41,450] Trial 2549 pruned. 
[I 2026-07-13 15:33:42,215] Trial 2550 pruned. 
[I 2026-07-13 15:33:43,256] Trial 2551 pruned. 
[I 2026-07-13 15:33:45,105] Trial 2552 pruned. 
[I 2026-07-13 15:33:47,295] Trial 2553 pruned. 
[I 2026-07-13 15:33:48,957] Trial 2554 pruned. 
[I 2026-07-13 15:33:49,562] Trial 2555 pruned. 
[I 2026-07-13 15:33:51,945] Trial 2556 pruned. 
[I 2026-07-13 15:33:53,116] Trial 2557 pruned. 
[I 2026-07-13 15:33:55,525] Trial 2558 pruned. 
[I 2026-07-13 15:33:56,179] Trial 2559 pruned. 
[I 2026-07-13 15:33:56,381] Trial 2560 pruned. 
[I 2026-07-13 15:33:57,863] Trial 2561 pruned. 
[I 2026-07-13 15:33:59,092] Trial 2562 pruned. 
[I 2026-07-13 15:33:59,375] Trial 2563 pruned. 
[I 2026-07-13 15:33:59,974] Trial 2564 pruned. 
[I 2026-07-13 15:34:01,381] Trial 2565 pruned. 
[I 2026-07-13 15:34:03,123] Trial 2566 pruned. 
[I 2026-07-13 15:34:03,366] Trial 2567 pruned. 
[I 2026-07-13 15:34:04,258] Trial 2568 pruned. 
[I 2026-07-13 15:34:05,131] Trial 2569 pruned. 
[I 2026-07-13 15:34:06,883] Trial 2570 pruned. 
[I 2026-07-13 15:34:07,686] Trial 2571 pruned. 
[I 2026-07-13 15:34:09,344] Trial 2572 pruned. 
[I 2026-07-13 15:34:11,588] Trial 2573 pruned. 
[I 2026-07-13 15:34:12,165] Trial 2574 pruned. 
[I 2026-07-13 15:34:13,439] Trial 2575 pruned. 
[I 2026-07-13 15:34:14,498] Trial 2576 pruned. 
[I 2026-07-13 15:34:14,846] Trial 2577 pruned. 
[I 2026-07-13 15:34:15,181] Trial 2578 pruned. 
[I 2026-07-13 15:34:15,640] Trial 2579 pruned. 
[I 2026-07-13 15:34:17,046] Trial 2580 pruned. 
[I 2026-07-13 15:34:18,624] Trial 2581 pruned. 
[I 2026-07-13 15:34:19,372] Trial 2582 pruned. 
[I 2026-07-13 15:34:20,405] Trial 2583 pruned. 
[I 2026-07-13 15:34:21,348] Trial 2584 pruned. 
[I 2026-07-13 15:34:22,029] Trial 2585 pruned. 
[I 2026-07-13 15:34:23,307] Trial 2586 pruned. 
[I 2026-07-13 15:34:23,773] Trial 2587 pruned. 
[I 2026-07-13 15:34:26,388] Trial 2588 pruned. 
[I 2026-07-13 15:34:27,988] Trial 2589 pruned. 
[I 2026-07-13 15:34:28,367] Trial 2590 pruned. 
[I 2026-07-13 15:34:29,804] Trial 2591 pruned. 
[I 2026-07-13 15:34:30,924] Trial 2592 pruned. 
