[I 2026-07-13 16:01:05,878] Trial 3273 finished with values: [-467.79913100841964, -3140.4662235764035, 47.849999999999994] and parameters: {'sl_soft': 0.06296004248070106, 'sl_hard_delta': 0.0155516131087132, 'tp': 0.08485800408712069, 'gate_pct': 98.93711402329589, 'dd_limit': 0.23735305616742414, 'cooldown': 8, 'flip': True, 'en_ema_trend': True, 'ema_trend_fast': 103, 'ema_trend_slow': 250, 'en_sma_trend': False, 'sma_trend_fast': 372, 'sma_trend_slow': 141, 'en_macd': True, 'macd_fast': 70, 'macd_slow': 42, 'macd_signal': 40, 'en_vwap': True, 'en_keltner': True, 'keltner_n': 139, 'keltner_m': 0.5, 'en_obv': True, 'obv_slope': 13, 'en_cci': False, 'cci_n': 106, 'cci_threshold': 25, 'en_rsi': False, 'rsi_n': 96, 'rsi_lower': 12, 'rsi_upper': 77, 'en_stochastic': False, 'stochastic_n': 97, 'stochastic_d': 39, 'stochastic_lower': 7, 'stochastic_upper': 61, 'en_mfi': True, 'mfi_n': 77, 'mfi_lower': 8, 'mfi_upper': 76, 'en_bollinger': False, 'bollinger_n': 128, 'bollinger_k': 3.1, 'en_adx': False, 'adx_n': 48, 'adx_threshold': 50, 'en_structure_trend': True, 'structure_trend_swing_l': 1, 'en_order_block': False, 'order_block_swing_l': 12, 'en_fvg': False, 'fvg_lookback': 2, 'en_ifvg': True, 'en_breaker': True, 'breaker_swing_l': 9, 'en_cisd': True, 'k': 1, 'en_cap_bars': False, 'cap_1min': 839}.
[I 2026-07-13 16:01:06,350] Trial 3274 finished with values: [-222.37050554224427, -1177.6748338412444, 57.8] and parameters: {'sl_soft': 0.06296004248070106, 'sl_hard_delta': 0.0155516131087132, 'tp': 0.04939294172156869, 'gate_pct': 98.93711402329589, 'dd_limit': 9.066216783758431, 'cooldown': 8, 'flip': True, 'en_ema_trend': True, 'ema_trend_fast': 351, 'ema_trend_slow': 367, 'en_sma_trend': False, 'sma_trend_fast': 372, 'sma_trend_slow': 356, 'en_macd': True, 'macd_fast': 70, 'macd_slow': 133, 'macd_signal': 40, 'en_vwap': False, 'en_keltner': False, 'keltner_n': 139, 'keltner_m': 0.5, 'en_obv': True, 'obv_slope': 13, 'en_cci': False, 'cci_n': 106, 'cci_threshold': 25, 'en_rsi': False, 'rsi_n': 96, 'rsi_lower': 12, 'rsi_upper': 77, 'en_stochastic': False, 'stochastic_n': 97, 'stochastic_d': 39, 'stochastic_lower': 17, 'stochastic_upper': 91, 'en_mfi': True, 'mfi_n': 77, 'mfi_lower': 47, 'mfi_upper': 76, 'en_bollinger': True, 'bollinger_n': 56, 'bollinger_k': 3.1, 'en_adx': False, 'adx_n': 36, 'adx_threshold': 10, 'en_structure_trend': True, 'structure_trend_swing_l': 13, 'en_order_block': False, 'order_block_swing_l': 12, 'en_fvg': False, 'fvg_lookback': 40, 'en_ifvg': True, 'en_breaker': True, 'breaker_swing_l': 9, 'en_cisd': True, 'k': 3, 'en_cap_bars': False, 'cap_1min': 963}.
[I 2026-07-13 16:01:06,804] Trial 3275 finished with values: [19.66656409296172, -2517.152071392275, 43.75] and parameters: {'sl_soft': 0.04963847535152836, 'sl_hard_delta': 0.03174292770939944, 'tp': 0.08485800408712069, 'gate_pct': 98.93711402329589, 'dd_limit': 0.23735305616742414, 'cooldown': 8, 'flip': True, 'en_ema_trend': True, 'ema_trend_fast': 103, 'ema_trend_slow': 250, 'en_sma_trend': True, 'sma_trend_fast': 375, 'sma_trend_slow': 141, 'en_macd': True, 'macd_fast': 60, 'macd_slow': 42, 'macd_signal': 27, 'en_vwap': True, 'en_keltner': False, 'keltner_n': 139, 'keltner_m': 2.5, 'en_obv': True, 'obv_slope': 14, 'en_cci': False, 'cci_n': 106, 'cci_threshold': 25, 'en_rsi': False, 'rsi_n': 96, 'rsi_lower': 15, 'rsi_upper': 77, 'en_stochastic': False, 'stochastic_n': 97, 'stochastic_d': 39, 'stochastic_lower': 7, 'stochastic_upper': 61, 'en_mfi': True, 'mfi_n': 29, 'mfi_lower': 8, 'mfi_upper': 76, 'en_bollinger': False, 'bollinger_n': 149, 'bollinger_k': 3.1, 'en_adx': False, 'adx_n': 36, 'adx_threshold': 50, 'en_structure_trend': True, 'structure_trend_swing_l': 1, 'en_order_block': True, 'order_block_swing_l': 5, 'en_fvg': False, 'fvg_lookback': 2, 'en_ifvg': True, 'en_breaker': True, 'breaker_swing_l': 9, 'en_cisd': True, 'k': 1, 'en_cap_bars': False, 'cap_1min': 393}.
[I 2026-07-13 16:01:07,866] Trial 3276 finished with values: [-385.5809691701139, -1695.7210459139558, 42.75] and parameters: {'sl_soft': 0.04963847535152836, 'sl_hard_delta': 0.03174292770939944, 'tp': 0.08485800408712069, 'gate_pct': 98.93711402329589, 'dd_limit': 0.23735305616742414, 'cooldown': 8, 'flip': True, 'en_ema_trend': True, 'ema_trend_fast': 103, 'ema_trend_slow': 250, 'en_sma_trend': True, 'sma_trend_fast': 375, 'sma_trend_slow': 141, 'en_macd': True, 'macd_fast': 60, 'macd_slow': 42, 'macd_signal': 27, 'en_vwap': True, 'en_keltner': False, 'keltner_n': 139, 'keltner_m': 2.5, 'en_obv': True, 'obv_slope': 14, 'en_cci': False, 'cci_n': 106, 'cci_threshold': 25, 'en_rsi': False, 'rsi_n': 77, 'rsi_lower': 14, 'rsi_upper': 77, 'en_stochastic': False, 'stochastic_n': 97, 'stochastic_d': 39, 'stochastic_lower': 7, 'stochastic_upper': 61, 'en_mfi': True, 'mfi_n': 7, 'mfi_lower': 8, 'mfi_upper': 76, 'en_bollinger': False, 'bollinger_n': 149, 'bollinger_k': 3.1, 'en_adx': False, 'adx_n': 36, 'adx_threshold': 50, 'en_structure_trend': True, 'structure_trend_swing_l': 1, 'en_order_block': True, 'order_block_swing_l': 5, 'en_fvg': False, 'fvg_lookback': 2, 'en_ifvg': True, 'en_breaker': True, 'breaker_swing_l': 9, 'en_cisd': True, 'k': 1, 'en_cap_bars': False, 'cap_1min': 393}.
[I 2026-07-13 16:01:08,741] Trial 3277 finished with values: [1375.8272935642779, -1641.1845946720405, 52.15] and parameters: {'sl_soft': 0.03390445607748107, 'sl_hard_delta': 0.03174292770939944, 'tp': 0.07673838374250289, 'gate_pct': 98.93711402329589, 'dd_limit': 4.273175383953869, 'cooldown': 9, 'flip': True, 'en_ema_trend': True, 'ema_trend_fast': 192, 'ema_trend_slow': 250, 'en_sma_trend': True, 'sma_trend_fast': 375, 'sma_trend_slow': 141, 'en_macd': True, 'macd_fast': 51, 'macd_slow': 42, 'macd_signal': 36, 'en_vwap': True, 'en_keltner': True, 'keltner_n': 180, 'keltner_m': 2.5, 'en_obv': True, 'obv_slope': 14, 'en_cci': False, 'cci_n': 106, 'cci_threshold': 25, 'en_rsi': False, 'rsi_n': 61, 'rsi_lower': 15, 'rsi_upper': 77, 'en_stochastic': False, 'stochastic_n': 97, 'stochastic_d': 29, 'stochastic_lower': 7, 'stochastic_upper': 61, 'en_mfi': False, 'mfi_n': 38, 'mfi_lower': 8, 'mfi_upper': 76, 'en_bollinger': False, 'bollinger_n': 63, 'bollinger_k': 3.1, 'en_adx': False, 'adx_n': 36, 'adx_threshold': 50, 'en_structure_trend': True, 'structure_trend_swing_l': 1, 'en_order_block': True, 'order_block_swing_l': 14, 'en_fvg': False, 'fvg_lookback': 2, 'en_ifvg': True, 'en_breaker': True, 'breaker_swing_l': 9, 'en_cisd': True, 'k': 1, 'en_cap_bars': False, 'cap_1min': 839}.
[I 2026-07-13 16:01:15,178] Trial 3278 finished with values: [6156.992722303601, -3754.2221481189517, 48.8] and parameters: {'sl_soft': 0.052196885259142164, 'sl_hard_delta': 0.010346872380968307, 'tp': 0.08485800408712069, 'gate_pct': 99.47218267450155, 'dd_limit': 3.021375135532224, 'cooldown': 0, 'flip': True, 'en_ema_trend': True, 'ema_trend_fast': 279, 'ema_trend_slow': 367, 'en_sma_trend': True, 'sma_trend_fast': 392, 'sma_trend_slow': 319, 'en_macd': False, 'macd_fast': 60, 'macd_slow': 133, 'macd_signal': 40, 'en_vwap': False, 'en_keltner': False, 'keltner_n': 139, 'keltner_m': 0.5, 'en_obv': False, 'obv_slope': 63, 'en_cci': True, 'cci_n': 116, 'cci_threshold': 200, 'en_rsi': False, 'rsi_n': 34, 'rsi_lower': 12, 'rsi_upper': 98, 'en_stochastic': True, 'stochastic_n': 92, 'stochastic_d': 38, 'stochastic_lower': 1, 'stochastic_upper': 66, 'en_mfi': True, 'mfi_n': 9, 'mfi_lower': 8, 'mfi_upper': 54, 'en_bollinger': True, 'bollinger_n': 149, 'bollinger_k': 3.1, 'en_adx': False, 'adx_n': 16, 'adx_threshold': 12, 'en_structure_trend': True, 'structure_trend_swing_l': 1, 'en_order_block': True, 'order_block_swing_l': 12, 'en_fvg': False, 'fvg_lookback': 11, 'en_ifvg': False, 'en_breaker': True, 'breaker_swing_l': 9, 'en_cisd': False, 'k': 1, 'en_cap_bars': True, 'cap_1min': 483}.
[I 2026-07-13 16:01:15,594] Trial 3279 finished with values: [-222.37050554224427, -1177.6748338412444, 57.8] and parameters: {'sl_soft': 0.06296004248070106, 'sl_hard_delta': 0.0155516131087132, 'tp': 0.04939294172156869, 'gate_pct': 98.93711402329589, 'dd_limit': 9.066216783758431, 'cooldown': 8, 'flip': True, 'en_ema_trend': True, 'ema_trend_fast': 351, 'ema_trend_slow': 367, 'en_sma_trend': False, 'sma_trend_fast': 372, 'sma_trend_slow': 356, 'en_macd': True, 'macd_fast': 70, 'macd_slow': 133, 'macd_signal': 40, 'en_vwap': False, 'en_keltner': False, 'keltner_n': 139, 'keltner_m': 0.5, 'en_obv': True, 'obv_slope': 13, 'en_cci': False, 'cci_n': 106, 'cci_threshold': 25, 'en_rsi': False, 'rsi_n': 96, 'rsi_lower': 12, 'rsi_upper': 77, 'en_stochastic': False, 'stochastic_n': 97, 'stochastic_d': 39, 'stochastic_lower': 17, 'stochastic_upper': 91, 'en_mfi': True, 'mfi_n': 77, 'mfi_lower': 47, 'mfi_upper': 76, 'en_bollinger': True, 'bollinger_n': 56, 'bollinger_k': 3.1, 'en_adx': False, 'adx_n': 36, 'adx_threshold': 10, 'en_structure_trend': True, 'structure_trend_swing_l': 13, 'en_order_block': False, 'order_block_swing_l': 12, 'en_fvg': False, 'fvg_lookback': 40, 'en_ifvg': True, 'en_breaker': True, 'breaker_swing_l': 9, 'en_cisd': True, 'k': 3, 'en_cap_bars': False, 'cap_1min': 963}.
[I 2026-07-13 16:01:16,344] Trial 3280 finished with values: [-245.09639299564515, -4199.70508822864, 46.45] and parameters: {'sl_soft': 0.06296004248070106, 'sl_hard_delta': 0.027238725907773563, 'tp': 0.08485800408712069, 'gate_pct': 98.93711402329589, 'dd_limit': 8.747350770951359, 'cooldown': 8, 'flip': True, 'en_ema_trend': True, 'ema_trend_fast': 351, 'ema_trend_slow': 367, 'en_sma_trend': True, 'sma_trend_fast': 392, 'sma_trend_slow': 356, 'en_macd': True, 'macd_fast': 22, 'macd_slow': 10, 'macd_signal': 40, 'en_vwap': False, 'en_keltner': False, 'keltner_n': 144, 'keltner_m': 2.5, 'en_obv': True, 'obv_slope': 14, 'en_cci': False, 'cci_n': 106, 'cci_threshold': 180, 'en_rsi': False, 'rsi_n': 96, 'rsi_lower': 12, 'rsi_upper': 77, 'en_stochastic': False, 'stochastic_n': 97, 'stochastic_d': 43, 'stochastic_lower': 7, 'stochastic_upper': 61, 'en_mfi': False, 'mfi_n': 9, 'mfi_lower': 30, 'mfi_upper': 62, 'en_bollinger': True, 'bollinger_n': 128, 'bollinger_k': 1.1, 'en_adx': False, 'adx_n': 42, 'adx_threshold': 12, 'en_structure_trend': False, 'structure_trend_swing_l': 1, 'en_order_block': True, 'order_block_swing_l': 16, 'en_fvg': False, 'fvg_lookback': 2, 'en_ifvg': True, 'en_breaker': True, 'breaker_swing_l': 9, 'en_cisd': False, 'k': 1, 'en_cap_bars': True, 'cap_1min': 1239}.
[I 2026-07-13 16:01:21,419] Trial 3281 finished with values: [363.514575006203, -970.1309317298978, 46.65] and parameters: {'sl_soft': 0.050276826705740144, 'sl_hard_delta': 0.010346872380968307, 'tp': 0.08485800408712069, 'gate_pct': 97.66167568722003, 'dd_limit': 9.066216783758431, 'cooldown': 8, 'flip': False, 'en_ema_trend': True, 'ema_trend_fast': 351, 'ema_trend_slow': 125, 'en_sma_trend': False, 'sma_trend_fast': 392, 'sma_trend_slow': 319, 'en_macd': False, 'macd_fast': 93, 'macd_slow': 133, 'macd_signal': 27, 'en_vwap': False, 'en_keltner': False, 'keltner_n': 39, 'keltner_m': 2.5, 'en_obv': True, 'obv_slope': 14, 'en_cci': False, 'cci_n': 106, 'cci_threshold': 200, 'en_rsi': False, 'rsi_n': 34, 'rsi_lower': 46, 'rsi_upper': 98, 'en_stochastic': True, 'stochastic_n': 83, 'stochastic_d': 38, 'stochastic_lower': 22, 'stochastic_upper': 66, 'en_mfi': False, 'mfi_n': 77, 'mfi_lower': 8, 'mfi_upper': 54, 'en_bollinger': True, 'bollinger_n': 149, 'bollinger_k': 3.8000000000000003, 'en_adx': False, 'adx_n': 42, 'adx_threshold': 41, 'en_structure_trend': True, 'structure_trend_swing_l': 13, 'en_order_block': False, 'order_block_swing_l': 12, 'en_fvg': False, 'fvg_lookback': 35, 'en_ifvg': False, 'en_breaker': True, 'breaker_swing_l': 9, 'en_cisd': False, 'k': 3, 'en_cap_bars': True, 'cap_1min': 1109}.
[I 2026-07-13 16:01:21,928] Trial 3282 finished with values: [70.30640901398044, -1094.620519593832, 35.35] and parameters: {'sl_soft': 0.022988098270288884, 'sl_hard_delta': 0.03174292770939944, 'tp': 0.08485800408712069, 'gate_pct': 98.93711402329589, 'dd_limit': 1.4726436036009025, 'cooldown': 8, 'flip': True, 'en_ema_trend': True, 'ema_trend_fast': 351, 'ema_trend_slow': 250, 'en_sma_trend': True, 'sma_trend_fast': 372, 'sma_trend_slow': 319, 'en_macd': True, 'macd_fast': 60, 'macd_slow': 18, 'macd_signal': 40, 'en_vwap': False, 'en_keltner': False, 'keltner_n': 61, 'keltner_m': 2.5, 'en_obv': True, 'obv_slope': 14, 'en_cci': False, 'cci_n': 10, 'cci_threshold': 25, 'en_rsi': False, 'rsi_n': 71, 'rsi_lower': 12, 'rsi_upper': 83, 'en_stochastic': False, 'stochastic_n': 97, 'stochastic_d': 4, 'stochastic_lower': 7, 'stochastic_upper': 91, 'en_mfi': True, 'mfi_n': 29, 'mfi_lower': 30, 'mfi_upper': 76, 'en_bollinger': True, 'bollinger_n': 149, 'bollinger_k': 3.1, 'en_adx': False, 'adx_n': 16, 'adx_threshold': 12, 'en_structure_trend': True, 'structure_trend_swing_l': 13, 'en_order_block': True, 'order_block_swing_l': 16, 'en_fvg': False, 'fvg_lookback': 11, 'en_ifvg': True, 'en_breaker': True, 'breaker_swing_l': 9, 'en_cisd': False, 'k': 1, 'en_cap_bars': False, 'cap_1min': 963}.
[I 2026-07-13 16:01:22,422] Trial 3283 finished with values: [24.19084126421103, -2229.417325021359, 38.1] and parameters: {'sl_soft': 0.022988098270288884, 'sl_hard_delta': 0.03174292770939944, 'tp': 0.08485800408712069, 'gate_pct': 98.93711402329589, 'dd_limit': 0.23735305616742414, 'cooldown': 8, 'flip': True, 'en_ema_trend': True, 'ema_trend_fast': 351, 'ema_trend_slow': 250, 'en_sma_trend': True, 'sma_trend_fast': 375, 'sma_trend_slow': 319, 'en_macd': True, 'macd_fast': 60, 'macd_slow': 42, 'macd_signal': 40, 'en_vwap': False, 'en_keltner': False, 'keltner_n': 61, 'keltner_m': 2.5, 'en_obv': True, 'obv_slope': 14, 'en_cci': False, 'cci_n': 106, 'cci_threshold': 25, 'en_rsi': False, 'rsi_n': 34, 'rsi_lower': 12, 'rsi_upper': 77, 'en_stochastic': False, 'stochastic_n': 97, 'stochastic_d': 43, 'stochastic_lower': 17, 'stochastic_upper': 61, 'en_mfi': False, 'mfi_n': 77, 'mfi_lower': 8, 'mfi_upper': 78, 'en_bollinger': False, 'bollinger_n': 56, 'bollinger_k': 3.1, 'en_adx': False, 'adx_n': 36, 'adx_threshold': 12, 'en_structure_trend': True, 'structure_trend_swing_l': 13, 'en_order_block': False, 'order_block_swing_l': 16, 'en_fvg': False, 'fvg_lookback': 2, 'en_ifvg': True, 'en_breaker': True, 'breaker_swing_l': 9, 'en_cisd': False, 'k': 1, 'en_cap_bars': True, 'cap_1min': 963}.
[I 2026-07-13 16:01:23,035] Trial 3284 finished with values: [220.23131998675888, -3406.2469076056345, 38.150000000000006] and parameters: {'sl_soft': 0.022988098270288884, 'sl_hard_delta': 0.03174292770939944, 'tp': 0.08485800408712069, 'gate_pct': 98.93711402329589, 'dd_limit': 8.747350770951359, 'cooldown': 8, 'flip': True, 'en_ema_trend': True, 'ema_trend_fast': 103, 'ema_trend_slow': 250, 'en_sma_trend': True, 'sma_trend_fast': 375, 'sma_trend_slow': 356, 'en_macd': True, 'macd_fast': 60, 'macd_slow': 42, 'macd_signal': 27, 'en_vwap': True, 'en_keltner': False, 'keltner_n': 139, 'keltner_m': 2.5, 'en_obv': True, 'obv_slope': 13, 'en_cci': False, 'cci_n': 106, 'cci_threshold': 25, 'en_rsi': False, 'rsi_n': 34, 'rsi_lower': 12, 'rsi_upper': 77, 'en_stochastic': False, 'stochastic_n': 83, 'stochastic_d': 22, 'stochastic_lower': 7, 'stochastic_upper': 61, 'en_mfi': False, 'mfi_n': 72, 'mfi_lower': 8, 'mfi_upper': 78, 'en_bollinger': True, 'bollinger_n': 56, 'bollinger_k': 3.1, 'en_adx': False, 'adx_n': 48, 'adx_threshold': 10, 'en_structure_trend': True, 'structure_trend_swing_l': 1, 'en_order_block': False, 'order_block_swing_l': 16, 'en_fvg': False, 'fvg_lookback': 2, 'en_ifvg': True, 'en_breaker': True, 'breaker_swing_l': 9, 'en_cisd': False, 'k': 1, 'en_cap_bars': False, 'cap_1min': 963}.
[I 2026-07-13 16:01:23,570] Trial 3285 finished with values: [1831.5602212888214, -9737.39002361697, 39.650000000000006] and parameters: {'sl_soft': 0.022988098270288884, 'sl_hard_delta': 0.06382907164527017, 'tp': 0.08485800408712069, 'gate_pct': 98.93711402329589, 'dd_limit': 1.4726436036009025, 'cooldown': 0, 'flip': True, 'en_ema_trend': True, 'ema_trend_fast': 84, 'ema_trend_slow': 367, 'en_sma_trend': False, 'sma_trend_fast': 392, 'sma_trend_slow': 319, 'en_macd': True, 'macd_fast': 60, 'macd_slow': 10, 'macd_signal': 40, 'en_vwap': False, 'en_keltner': False, 'keltner_n': 139, 'keltner_m': 2.5, 'en_obv': True, 'obv_slope': 63, 'en_cci': False, 'cci_n': 106, 'cci_threshold': 180, 'en_rsi': False, 'rsi_n': 34, 'rsi_lower': 9, 'rsi_upper': 77, 'en_stochastic': False, 'stochastic_n': 97, 'stochastic_d': 4, 'stochastic_lower': 22, 'stochastic_upper': 61, 'en_mfi': False, 'mfi_n': 9, 'mfi_lower': 30, 'mfi_upper': 62, 'en_bollinger': False, 'bollinger_n': 149, 'bollinger_k': 1.1, 'en_adx': False, 'adx_n': 16, 'adx_threshold': 12, 'en_structure_trend': False, 'structure_trend_swing_l': 13, 'en_order_block': True, 'order_block_swing_l': 16, 'en_fvg': False, 'fvg_lookback': 2, 'en_ifvg': True, 'en_breaker': True, 'breaker_swing_l': 9, 'en_cisd': False, 'k': 3, 'en_cap_bars': True, 'cap_1min': 1239}.
[I 2026-07-13 16:01:24,298] Trial 3286 finished with values: [2244.6709708772514, -2462.8961690861215, 40.05] and parameters: {'sl_soft': 0.022988098270288884, 'sl_hard_delta': 0.03174292770939944, 'tp': 0.08485800408712069, 'gate_pct': 98.93711402329589, 'dd_limit': 9.066216783758431, 'cooldown': 0, 'flip': True, 'en_ema_trend': True, 'ema_trend_fast': 330, 'ema_trend_slow': 367, 'en_sma_trend': False, 'sma_trend_fast': 137, 'sma_trend_slow': 12, 'en_macd': True, 'macd_fast': 60, 'macd_slow': 18, 'macd_signal': 40, 'en_vwap': False, 'en_keltner': False, 'keltner_n': 139, 'keltner_m': 2.5, 'en_obv': True, 'obv_slope': 14, 'en_cci': False, 'cci_n': 62, 'cci_threshold': 155, 'en_rsi': False, 'rsi_n': 34, 'rsi_lower': 4, 'rsi_upper': 93, 'en_stochastic': False, 'stochastic_n': 97, 'stochastic_d': 43, 'stochastic_lower': 25, 'stochastic_upper': 61, 'en_mfi': False, 'mfi_n': 29, 'mfi_lower': 8, 'mfi_upper': 76, 'en_bollinger': False, 'bollinger_n': 56, 'bollinger_k': 4.8, 'en_adx': False, 'adx_n': 16, 'adx_threshold': 50, 'en_structure_trend': True, 'structure_trend_swing_l': 13, 'en_order_block': True, 'order_block_swing_l': 3, 'en_fvg': True, 'fvg_lookback': 11, 'en_ifvg': True, 'en_breaker': True, 'breaker_swing_l': 9, 'en_cisd': False, 'k': 3, 'en_cap_bars': True, 'cap_1min': 963}.
[I 2026-07-13 16:01:24,678] Trial 3287 pruned. 
[I 2026-07-13 16:01:25,274] Trial 3288 finished with values: [-23.349088031423605, -6299.302318968678, 60.349999999999994] and parameters: {'sl_soft': 0.06296004248070106, 'sl_hard_delta': 0.0155516131087132, 'tp': 0.04939294172156869, 'gate_pct': 98.93711402329589, 'dd_limit': 8.747350770951359, 'cooldown': 8, 'flip': True, 'en_ema_trend': True, 'ema_trend_fast': 351, 'ema_trend_slow': 367, 'en_sma_trend': False, 'sma_trend_fast': 372, 'sma_trend_slow': 356, 'en_macd': True, 'macd_fast': 70, 'macd_slow': 133, 'macd_signal': 40, 'en_vwap': False, 'en_keltner': True, 'keltner_n': 139, 'keltner_m': 0.5, 'en_obv': True, 'obv_slope': 13, 'en_cci': False, 'cci_n': 26, 'cci_threshold': 25, 'en_rsi': False, 'rsi_n': 96, 'rsi_lower': 12, 'rsi_upper': 77, 'en_stochastic': False, 'stochastic_n': 97, 'stochastic_d': 39, 'stochastic_lower': 17, 'stochastic_upper': 61, 'en_mfi': False, 'mfi_n': 77, 'mfi_lower': 47, 'mfi_upper': 76, 'en_bollinger': True, 'bollinger_n': 128, 'bollinger_k': 3.1, 'en_adx': False, 'adx_n': 48, 'adx_threshold': 10, 'en_structure_trend': True, 'structure_trend_swing_l': 1, 'en_order_block': False, 'order_block_swing_l': 5, 'en_fvg': False, 'fvg_lookback': 40, 'en_ifvg': True, 'en_breaker': False, 'breaker_swing_l': 9, 'en_cisd': True, 'k': 3, 'en_cap_bars': False, 'cap_1min': 839}.
[I 2026-07-13 16:01:26,150] Trial 3289 finished with values: [363.3528244014882, -3614.4030613683135, 59.150000000000006] and parameters: {'sl_soft': 0.04963847535152836, 'sl_hard_delta': 0.0155516131087132, 'tp': 0.04939294172156869, 'gate_pct': 98.93711402329589, 'dd_limit': 9.632256504648003, 'cooldown': 8, 'flip': True, 'en_ema_trend': True, 'ema_trend_fast': 103, 'ema_trend_slow': 250, 'en_sma_trend': True, 'sma_trend_fast': 375, 'sma_trend_slow': 359, 'en_macd': True, 'macd_fast': 70, 'macd_slow': 42, 'macd_signal': 40, 'en_vwap': True, 'en_keltner': False, 'keltner_n': 139, 'keltner_m': 0.5, 'en_obv': True, 'obv_slope': 14, 'en_cci': False, 'cci_n': 106, 'cci_threshold': 25, 'en_rsi': False, 'rsi_n': 96, 'rsi_lower': 12, 'rsi_upper': 77, 'en_stochastic': False, 'stochastic_n': 97, 'stochastic_d': 43, 'stochastic_lower': 7, 'stochastic_upper': 61, 'en_mfi': False, 'mfi_n': 29, 'mfi_lower': 8, 'mfi_upper': 76, 'en_bollinger': False, 'bollinger_n': 149, 'bollinger_k': 3.1, 'en_adx': False, 'adx_n': 48, 'adx_threshold': 10, 'en_structure_trend': True, 'structure_trend_swing_l': 1, 'en_order_block': False, 'order_block_swing_l': 5, 'en_fvg': False, 'fvg_lookback': 2, 'en_ifvg': True, 'en_breaker': True, 'breaker_swing_l': 9, 'en_cisd': True, 'k': 1, 'en_cap_bars': False, 'cap_1min': 839}.
