[I 2026-07-13 15:51:20,879] Trial 3195 finished with values: [-610.2080152021649, -1650.1045425541606, 48.35] and parameters: {'sl_soft': 0.06439762276669186, 'sl_hard_delta': 0.010442170043487192, 'tp': 0.04417805554007266, 'gate_pct': 99.60506126830711, 'dd_limit': 3.021375135532224, 'cooldown': 0, 'flip': False, 'en_ema_trend': False, 'ema_trend_fast': 278, 'ema_trend_slow': 25, 'en_sma_trend': True, 'sma_trend_fast': 265, 'sma_trend_slow': 268, 'en_macd': True, 'macd_fast': 18, 'macd_slow': 91, 'macd_signal': 98, 'en_vwap': False, 'en_keltner': False, 'keltner_n': 153, 'keltner_m': 2.8000000000000003, 'en_obv': False, 'obv_slope': 92, 'en_cci': True, 'cci_n': 172, 'cci_threshold': 290, 'en_rsi': True, 'rsi_n': 71, 'rsi_lower': 18, 'rsi_upper': 94, 'en_stochastic': True, 'stochastic_n': 98, 'stochastic_d': 22, 'stochastic_lower': 21, 'stochastic_upper': 78, 'en_mfi': True, 'mfi_n': 97, 'mfi_lower': 36, 'mfi_upper': 51, 'en_bollinger': False, 'bollinger_n': 69, 'bollinger_k': 1.0, 'en_adx': False, 'adx_n': 12, 'adx_threshold': 17, 'en_structure_trend': False, 'structure_trend_swing_l': 15, 'en_order_block': False, 'order_block_swing_l': 20, 'en_fvg': True, 'fvg_lookback': 24, 'en_ifvg': True, 'en_breaker': False, 'breaker_swing_l': 16, 'en_cisd': False, 'k': 3, 'en_cap_bars': True, 'cap_1min': 1243}.
[I 2026-07-13 15:51:22,696] Trial 3196 finished with values: [934.52092870999, -3261.5179742610676, 39.2] and parameters: {'sl_soft': 0.03867303262411816, 'sl_hard_delta': 0.15334514402254495, 'tp': 0.16937546754390323, 'gate_pct': 99.52194572971088, 'dd_limit': 7.364744278329123, 'cooldown': 2, 'flip': True, 'en_ema_trend': False, 'ema_trend_fast': 23, 'ema_trend_slow': 133, 'en_sma_trend': False, 'sma_trend_fast': 331, 'sma_trend_slow': 16, 'en_macd': True, 'macd_fast': 38, 'macd_slow': 88, 'macd_signal': 59, 'en_vwap': True, 'en_keltner': False, 'keltner_n': 43, 'keltner_m': 0.5, 'en_obv': False, 'obv_slope': 19, 'en_cci': False, 'cci_n': 78, 'cci_threshold': 265, 'en_rsi': False, 'rsi_n': 91, 'rsi_lower': 38, 'rsi_upper': 58, 'en_stochastic': False, 'stochastic_n': 55, 'stochastic_d': 48, 'stochastic_lower': 1, 'stochastic_upper': 80, 'en_mfi': False, 'mfi_n': 84, 'mfi_lower': 23, 'mfi_upper': 57, 'en_bollinger': True, 'bollinger_n': 139, 'bollinger_k': 0.7, 'en_adx': False, 'adx_n': 98, 'adx_threshold': 27, 'en_structure_trend': True, 'structure_trend_swing_l': 1, 'en_order_block': False, 'order_block_swing_l': 18, 'en_fvg': False, 'fvg_lookback': 32, 'en_ifvg': False, 'en_breaker': True, 'breaker_swing_l': 17, 'en_cisd': True, 'k': 1, 'en_cap_bars': False, 'cap_1min': 495}.
[I 2026-07-13 15:51:23,472] Trial 3197 pruned. 
[I 2026-07-13 15:51:24,551] Trial 3198 finished with values: [-1205.1444487796734, -22887.147821533803, 53.7] and parameters: {'sl_soft': 0.028881128668712973, 'sl_hard_delta': 0.16805834987911447, 'tp': 0.04417805554007266, 'gate_pct': 96.82972780322679, 'dd_limit': 1.2256325546234672, 'cooldown': 0, 'flip': False, 'en_ema_trend': False, 'ema_trend_fast': 24, 'ema_trend_slow': 320, 'en_sma_trend': True, 'sma_trend_fast': 50, 'sma_trend_slow': 302, 'en_macd': False, 'macd_fast': 18, 'macd_slow': 114, 'macd_signal': 61, 'en_vwap': True, 'en_keltner': False, 'keltner_n': 153, 'keltner_m': 2.1, 'en_obv': False, 'obv_slope': 129, 'en_cci': True, 'cci_n': 187, 'cci_threshold': 20, 'en_rsi': False, 'rsi_n': 40, 'rsi_lower': 24, 'rsi_upper': 88, 'en_stochastic': False, 'stochastic_n': 78, 'stochastic_d': 14, 'stochastic_lower': 4, 'stochastic_upper': 74, 'en_mfi': False, 'mfi_n': 14, 'mfi_lower': 11, 'mfi_upper': 70, 'en_bollinger': False, 'bollinger_n': 134, 'bollinger_k': 4.7, 'en_adx': False, 'adx_n': 42, 'adx_threshold': 17, 'en_structure_trend': False, 'structure_trend_swing_l': 12, 'en_order_block': False, 'order_block_swing_l': 4, 'en_fvg': True, 'fvg_lookback': 45, 'en_ifvg': False, 'en_breaker': False, 'breaker_swing_l': 2, 'en_cisd': False, 'k': 1, 'en_cap_bars': True, 'cap_1min': 797}.
[I 2026-07-13 15:51:25,029] Trial 3199 finished with values: [-1065.769728614505, -9039.744382968704, 66.1] and parameters: {'sl_soft': 0.06943556259637333, 'sl_hard_delta': 0.16533605553887765, 'tp': 0.039853304850098636, 'gate_pct': 97.24094450079814, 'dd_limit': 8.159364296050743, 'cooldown': 3, 'flip': False, 'en_ema_trend': False, 'ema_trend_fast': 319, 'ema_trend_slow': 319, 'en_sma_trend': False, 'sma_trend_fast': 136, 'sma_trend_slow': 175, 'en_macd': True, 'macd_fast': 66, 'macd_slow': 11, 'macd_signal': 57, 'en_vwap': True, 'en_keltner': True, 'keltner_n': 169, 'keltner_m': 2.2, 'en_obv': True, 'obv_slope': 152, 'en_cci': False, 'cci_n': 147, 'cci_threshold': 210, 'en_rsi': False, 'rsi_n': 31, 'rsi_lower': 5, 'rsi_upper': 86, 'en_stochastic': True, 'stochastic_n': 15, 'stochastic_d': 49, 'stochastic_lower': 7, 'stochastic_upper': 83, 'en_mfi': False, 'mfi_n': 88, 'mfi_lower': 14, 'mfi_upper': 96, 'en_bollinger': True, 'bollinger_n': 5, 'bollinger_k': 3.5, 'en_adx': False, 'adx_n': 97, 'adx_threshold': 7, 'en_structure_trend': False, 'structure_trend_swing_l': 5, 'en_order_block': True, 'order_block_swing_l': 15, 'en_fvg': False, 'fvg_lookback': 47, 'en_ifvg': False, 'en_breaker': True, 'breaker_swing_l': 11, 'en_cisd': True, 'k': 3, 'en_cap_bars': False, 'cap_1min': 1370}.
[I 2026-07-13 15:51:25,963] Trial 3200 pruned. 
[I 2026-07-13 15:51:26,250] Trial 3201 finished with values: [-647.6034726479795, -4782.860234315009, 48.650000000000006] and parameters: {'sl_soft': 0.028881128668712973, 'sl_hard_delta': 0.16805834987911447, 'tp': 0.04417805554007266, 'gate_pct': 92.04638185231262, 'dd_limit': 1.2256325546234672, 'cooldown': 0, 'flip': False, 'en_ema_trend': False, 'ema_trend_fast': 97, 'ema_trend_slow': 320, 'en_sma_trend': True, 'sma_trend_fast': 50, 'sma_trend_slow': 302, 'en_macd': True, 'macd_fast': 18, 'macd_slow': 91, 'macd_signal': 98, 'en_vwap': True, 'en_keltner': False, 'keltner_n': 153, 'keltner_m': 2.8000000000000003, 'en_obv': False, 'obv_slope': 135, 'en_cci': False, 'cci_n': 21, 'cci_threshold': 20, 'en_rsi': True, 'rsi_n': 40, 'rsi_lower': 24, 'rsi_upper': 73, 'en_stochastic': True, 'stochastic_n': 77, 'stochastic_d': 22, 'stochastic_lower': 18, 'stochastic_upper': 74, 'en_mfi': False, 'mfi_n': 13, 'mfi_lower': 27, 'mfi_upper': 51, 'en_bollinger': False, 'bollinger_n': 69, 'bollinger_k': 4.7, 'en_adx': False, 'adx_n': 42, 'adx_threshold': 17, 'en_structure_trend': False, 'structure_trend_swing_l': 15, 'en_order_block': False, 'order_block_swing_l': 20, 'en_fvg': True, 'fvg_lookback': 2, 'en_ifvg': True, 'en_breaker': True, 'breaker_swing_l': 3, 'en_cisd': False, 'k': 1, 'en_cap_bars': True, 'cap_1min': 1271}.
[I 2026-07-13 15:51:26,993] Trial 3202 pruned. 
[I 2026-07-13 15:51:27,306] Trial 3203 finished with values: [-3335.869039830789, -10136.2783747588, 33.95] and parameters: {'sl_soft': 0.06943556259637333, 'sl_hard_delta': 0.16533605553887765, 'tp': 0.14503837553339838, 'gate_pct': 97.24094450079814, 'dd_limit': 4.031242787299947, 'cooldown': 3, 'flip': False, 'en_ema_trend': False, 'ema_trend_fast': 319, 'ema_trend_slow': 319, 'en_sma_trend': False, 'sma_trend_fast': 136, 'sma_trend_slow': 203, 'en_macd': True, 'macd_fast': 66, 'macd_slow': 11, 'macd_signal': 57, 'en_vwap': True, 'en_keltner': True, 'keltner_n': 169, 'keltner_m': 2.2, 'en_obv': True, 'obv_slope': 152, 'en_cci': False, 'cci_n': 147, 'cci_threshold': 210, 'en_rsi': False, 'rsi_n': 31, 'rsi_lower': 5, 'rsi_upper': 86, 'en_stochastic': True, 'stochastic_n': 15, 'stochastic_d': 49, 'stochastic_lower': 7, 'stochastic_upper': 83, 'en_mfi': False, 'mfi_n': 88, 'mfi_lower': 14, 'mfi_upper': 96, 'en_bollinger': True, 'bollinger_n': 5, 'bollinger_k': 3.5, 'en_adx': False, 'adx_n': 97, 'adx_threshold': 7, 'en_structure_trend': False, 'structure_trend_swing_l': 5, 'en_order_block': True, 'order_block_swing_l': 15, 'en_fvg': False, 'fvg_lookback': 47, 'en_ifvg': False, 'en_breaker': True, 'breaker_swing_l': 11, 'en_cisd': True, 'k': 3, 'en_cap_bars': False, 'cap_1min': 1370}.
[I 2026-07-13 15:51:30,033] Trial 3204 finished with values: [1972.2726892564435, -12305.020766617603, 40.75] and parameters: {'sl_soft': 0.07922784441362493, 'sl_hard_delta': 0.10879162926439315, 'tp': 0.16369789677360067, 'gate_pct': 93.79805140335328, 'dd_limit': 0.5242871576912017, 'cooldown': 1, 'flip': True, 'en_ema_trend': False, 'ema_trend_fast': 66, 'ema_trend_slow': 75, 'en_sma_trend': False, 'sma_trend_fast': 198, 'sma_trend_slow': 325, 'en_macd': True, 'macd_fast': 75, 'macd_slow': 3, 'macd_signal': 73, 'en_vwap': False, 'en_keltner': False, 'keltner_n': 173, 'keltner_m': 2.1, 'en_obv': True, 'obv_slope': 19, 'en_cci': True, 'cci_n': 134, 'cci_threshold': 265, 'en_rsi': True, 'rsi_n': 73, 'rsi_lower': 15, 'rsi_upper': 58, 'en_stochastic': False, 'stochastic_n': 82, 'stochastic_d': 48, 'stochastic_lower': 21, 'stochastic_upper': 78, 'en_mfi': False, 'mfi_n': 72, 'mfi_lower': 23, 'mfi_upper': 80, 'en_bollinger': False, 'bollinger_n': 31, 'bollinger_k': 4.2, 'en_adx': False, 'adx_n': 98, 'adx_threshold': 27, 'en_structure_trend': False, 'structure_trend_swing_l': 20, 'en_order_block': False, 'order_block_swing_l': 13, 'en_fvg': False, 'fvg_lookback': 19, 'en_ifvg': False, 'en_breaker': False, 'breaker_swing_l': 18, 'en_cisd': True, 'k': 2, 'en_cap_bars': False, 'cap_1min': 693}.
[I 2026-07-13 15:51:30,888] Trial 3205 pruned. 
[I 2026-07-13 15:51:31,314] Trial 3206 finished with values: [-1266.3137305887594, -9785.361201902771, 41.05] and parameters: {'sl_soft': 0.05484387412909691, 'sl_hard_delta': 0.03015108663934192, 'tp': 0.11856093579904992, 'gate_pct': 96.03464624110227, 'dd_limit': 5.937758572987326, 'cooldown': 2, 'flip': False, 'en_ema_trend': True, 'ema_trend_fast': 113, 'ema_trend_slow': 3, 'en_sma_trend': False, 'sma_trend_fast': 81, 'sma_trend_slow': 356, 'en_macd': False, 'macd_fast': 70, 'macd_slow': 125, 'macd_signal': 6, 'en_vwap': True, 'en_keltner': True, 'keltner_n': 33, 'keltner_m': 2.3, 'en_obv': True, 'obv_slope': 13, 'en_cci': False, 'cci_n': 2, 'cci_threshold': 130, 'en_rsi': False, 'rsi_n': 96, 'rsi_lower': 1, 'rsi_upper': 78, 'en_stochastic': False, 'stochastic_n': 89, 'stochastic_d': 25, 'stochastic_lower': 26, 'stochastic_upper': 72, 'en_mfi': False, 'mfi_n': 14, 'mfi_lower': 47, 'mfi_upper': 79, 'en_bollinger': True, 'bollinger_n': 2, 'bollinger_k': 3.8000000000000003, 'en_adx': False, 'adx_n': 48, 'adx_threshold': 13, 'en_structure_trend': False, 'structure_trend_swing_l': 1, 'en_order_block': False, 'order_block_swing_l': 5, 'en_fvg': True, 'fvg_lookback': 22, 'en_ifvg': True, 'en_breaker': False, 'breaker_swing_l': 3, 'en_cisd': False, 'k': 4, 'en_cap_bars': True, 'cap_1min': 839}.
[I 2026-07-13 15:51:33,952] Trial 3207 pruned. 
[I 2026-07-13 15:51:37,070] Trial 3208 finished with values: [1553.386576364116, -12524.930159111054, 44.3] and parameters: {'sl_soft': 0.06439762276669186, 'sl_hard_delta': 0.02804193502789015, 'tp': 0.11965293792891196, 'gate_pct': 99.60506126830711, 'dd_limit': 0.7627381108845042, 'cooldown': 0, 'flip': False, 'en_ema_trend': False, 'ema_trend_fast': 197, 'ema_trend_slow': 304, 'en_sma_trend': True, 'sma_trend_fast': 108, 'sma_trend_slow': 117, 'en_macd': True, 'macd_fast': 80, 'macd_slow': 161, 'macd_signal': 18, 'en_vwap': False, 'en_keltner': True, 'keltner_n': 123, 'keltner_m': 0.7, 'en_obv': True, 'obv_slope': 198, 'en_cci': True, 'cci_n': 54, 'cci_threshold': 135, 'en_rsi': False, 'rsi_n': 100, 'rsi_lower': 1, 'rsi_upper': 81, 'en_stochastic': False, 'stochastic_n': 62, 'stochastic_d': 2, 'stochastic_lower': 40, 'stochastic_upper': 57, 'en_mfi': True, 'mfi_n': 11, 'mfi_lower': 16, 'mfi_upper': 51, 'en_bollinger': True, 'bollinger_n': 23, 'bollinger_k': 2.7, 'en_adx': False, 'adx_n': 11, 'adx_threshold': 48, 'en_structure_trend': True, 'structure_trend_swing_l': 15, 'en_order_block': True, 'order_block_swing_l': 20, 'en_fvg': True, 'fvg_lookback': 24, 'en_ifvg': False, 'en_breaker': False, 'breaker_swing_l': 13, 'en_cisd': False, 'k': 3, 'en_cap_bars': False, 'cap_1min': 59}.
[I 2026-07-13 15:51:39,743] Trial 3209 pruned. 
[I 2026-07-13 15:51:40,628] Trial 3210 pruned. 
[I 2026-07-13 15:51:42,510] Trial 3211 pruned. 
[I 2026-07-13 15:51:43,442] Trial 3212 pruned. 
[I 2026-07-13 15:51:45,524] Trial 3213 pruned. 
[I 2026-07-13 15:51:46,862] Trial 3214 finished with values: [-2598.7648348725925, -23511.967558660275, 65.05] and parameters: {'sl_soft': 0.13648397518861563, 'sl_hard_delta': 0.12271149882589488, 'tp': 0.07738154772393774, 'gate_pct': 97.87184393359011, 'dd_limit': 0.6062953539401272, 'cooldown': 1, 'flip': False, 'en_ema_trend': False, 'ema_trend_fast': 77, 'ema_trend_slow': 377, 'en_sma_trend': False, 'sma_trend_fast': 44, 'sma_trend_slow': 290, 'en_macd': True, 'macd_fast': 70, 'macd_slow': 72, 'macd_signal': 19, 'en_vwap': True, 'en_keltner': True, 'keltner_n': 24, 'keltner_m': 3.0, 'en_obv': True, 'obv_slope': 61, 'en_cci': False, 'cci_n': 142, 'cci_threshold': 265, 'en_rsi': True, 'rsi_n': 93, 'rsi_lower': 30, 'rsi_upper': 66, 'en_stochastic': False, 'stochastic_n': 95, 'stochastic_d': 28, 'stochastic_lower': 42, 'stochastic_upper': 91, 'en_mfi': False, 'mfi_n': 51, 'mfi_lower': 22, 'mfi_upper': 73, 'en_bollinger': False, 'bollinger_n': 149, 'bollinger_k': 2.8000000000000003, 'en_adx': False, 'adx_n': 98, 'adx_threshold': 24, 'en_structure_trend': True, 'structure_trend_swing_l': 17, 'en_order_block': False, 'order_block_swing_l': 18, 'en_fvg': True, 'fvg_lookback': 7, 'en_ifvg': False, 'en_breaker': True, 'breaker_swing_l': 20, 'en_cisd': False, 'k': 4, 'en_cap_bars': False, 'cap_1min': 1250}.
[I 2026-07-13 15:51:48,139] Trial 3215 pruned. 
[I 2026-07-13 15:51:52,064] Trial 3216 pruned. 
[I 2026-07-13 15:51:52,396] Trial 3217 finished with values: [1235.9313423227115, -1144.3254532552771, 51.9] and parameters: {'sl_soft': 0.0245266268294413, 'sl_hard_delta': 0.13131898566558653, 'tp': 0.08282613433900768, 'gate_pct': 96.82972780322679, 'dd_limit': 9.029015189980312, 'cooldown': 7, 'flip': True, 'en_ema_trend': False, 'ema_trend_fast': 24, 'ema_trend_slow': 397, 'en_sma_trend': True, 'sma_trend_fast': 198, 'sma_trend_slow': 57, 'en_macd': False, 'macd_fast': 53, 'macd_slow': 114, 'macd_signal': 61, 'en_vwap': False, 'en_keltner': True, 'keltner_n': 135, 'keltner_m': 2.1, 'en_obv': True, 'obv_slope': 129, 'en_cci': True, 'cci_n': 134, 'cci_threshold': 250, 'en_rsi': False, 'rsi_n': 95, 'rsi_lower': 45, 'rsi_upper': 88, 'en_stochastic': False, 'stochastic_n': 78, 'stochastic_d': 14, 'stochastic_lower': 4, 'stochastic_upper': 78, 'en_mfi': True, 'mfi_n': 14, 'mfi_lower': 11, 'mfi_upper': 70, 'en_bollinger': True, 'bollinger_n': 134, 'bollinger_k': 4.2, 'en_adx': False, 'adx_n': 22, 'adx_threshold': 38, 'en_structure_trend': False, 'structure_trend_swing_l': 12, 'en_order_block': False, 'order_block_swing_l': 4, 'en_fvg': True, 'fvg_lookback': 45, 'en_ifvg': False, 'en_breaker': False, 'breaker_swing_l': 2, 'en_cisd': True, 'k': 1, 'en_cap_bars': True, 'cap_1min': 797}.
[I 2026-07-13 15:51:53,415] Trial 3218 finished with values: [-840.6133114024781, -2881.2453245610213, 35.15] and parameters: {'sl_soft': 0.044871321643129375, 'sl_hard_delta': 0.15275742664380385, 'tp': 0.16937546754390323, 'gate_pct': 99.86430067299344, 'dd_limit': 5.5935434980177225, 'cooldown': 5, 'flip': False, 'en_ema_trend': False, 'ema_trend_fast': 195, 'ema_trend_slow': 294, 'en_sma_trend': False, 'sma_trend_fast': 105, 'sma_trend_slow': 325, 'en_macd': False, 'macd_fast': 75, 'macd_slow': 53, 'macd_signal': 13, 'en_vwap': True, 'en_keltner': False, 'keltner_n': 43, 'keltner_m': 0.7, 'en_obv': True, 'obv_slope': 19, 'en_cci': False, 'cci_n': 142, 'cci_threshold': 25, 'en_rsi': True, 'rsi_n': 7, 'rsi_lower': 9, 'rsi_upper': 58, 'en_stochastic': False, 'stochastic_n': 6, 'stochastic_d': 5, 'stochastic_lower': 21, 'stochastic_upper': 80, 'en_mfi': False, 'mfi_n': 19, 'mfi_lower': 23, 'mfi_upper': 71, 'en_bollinger': False, 'bollinger_n': 31, 'bollinger_k': 0.7, 'en_adx': False, 'adx_n': 39, 'adx_threshold': 30, 'en_structure_trend': False, 'structure_trend_swing_l': 6, 'en_order_block': True, 'order_block_swing_l': 13, 'en_fvg': True, 'fvg_lookback': 40, 'en_ifvg': False, 'en_breaker': True, 'breaker_swing_l': 17, 'en_cisd': True, 'k': 4, 'en_cap_bars': True, 'cap_1min': 374}.
[I 2026-07-13 15:51:55,095] Trial 3219 pruned. 
[I 2026-07-13 15:51:59,734] Trial 3220 finished with values: [40.638261318139996, -1985.6160081141638, 69.05000000000001] and parameters: {'sl_soft': 0.08345559528832464, 'sl_hard_delta': 0.10879162926439315, 'tp': 0.04490461800882547, 'gate_pct': 99.12973389262724, 'dd_limit': 4.116108339342792, 'cooldown': 2, 'flip': True, 'en_ema_trend': False, 'ema_trend_fast': 270, 'ema_trend_slow': 391, 'en_sma_trend': False, 'sma_trend_fast': 165, 'sma_trend_slow': 232, 'en_macd': False, 'macd_fast': 4, 'macd_slow': 126, 'macd_signal': 73, 'en_vwap': False, 'en_keltner': False, 'keltner_n': 173, 'keltner_m': 4.5, 'en_obv': False, 'obv_slope': 106, 'en_cci': True, 'cci_n': 84, 'cci_threshold': 45, 'en_rsi': False, 'rsi_n': 60, 'rsi_lower': 20, 'rsi_upper': 77, 'en_stochastic': True, 'stochastic_n': 79, 'stochastic_d': 16, 'stochastic_lower': 37, 'stochastic_upper': 75, 'en_mfi': False, 'mfi_n': 27, 'mfi_lower': 38, 'mfi_upper': 53, 'en_bollinger': True, 'bollinger_n': 83, 'bollinger_k': 0.9, 'en_adx': False, 'adx_n': 92, 'adx_threshold': 25, 'en_structure_trend': False, 'structure_trend_swing_l': 20, 'en_order_block': True, 'order_block_swing_l': 10, 'en_fvg': False, 'fvg_lookback': 9, 'en_ifvg': False, 'en_breaker': False, 'breaker_swing_l': 19, 'en_cisd': True, 'k': 2, 'en_cap_bars': False, 'cap_1min': 1339}.
[I 2026-07-13 15:52:08,100] Trial 3221 finished with values: [-1554.521517350196, -3104.5449695376706, 58.099999999999994] and parameters: {'sl_soft': 0.12251964557263084, 'sl_hard_delta': 0.044576992423203524, 'tp': 0.07738154772393774, 'gate_pct': 99.60506126830711, 'dd_limit': 6.5154853630492955, 'cooldown': 5, 'flip': False, 'en_ema_trend': True, 'ema_trend_fast': 97, 'ema_trend_slow': 294, 'en_sma_trend': True, 'sma_trend_fast': 265, 'sma_trend_slow': 200, 'en_macd': True, 'macd_fast': 70, 'macd_slow': 127, 'macd_signal': 45, 'en_vwap': True, 'en_keltner': False, 'keltner_n': 79, 'keltner_m': 1.2000000000000002, 'en_obv': True, 'obv_slope': 92, 'en_cci': False, 'cci_n': 142, 'cci_threshold': 250, 'en_rsi': True, 'rsi_n': 56, 'rsi_lower': 9, 'rsi_upper': 90, 'en_stochastic': True, 'stochastic_n': 87, 'stochastic_d': 49, 'stochastic_lower': 21, 'stochastic_upper': 78, 'en_mfi': False, 'mfi_n': 19, 'mfi_lower': 43, 'mfi_upper': 90, 'en_bollinger': False, 'bollinger_n': 69, 'bollinger_k': 1.7000000000000002, 'en_adx': False, 'adx_n': 11, 'adx_threshold': 24, 'en_structure_trend': False, 'structure_trend_swing_l': 17, 'en_order_block': False, 'order_block_swing_l': 20, 'en_fvg': True, 'fvg_lookback': 7, 'en_ifvg': False, 'en_breaker': False, 'breaker_swing_l': 13, 'en_cisd': False, 'k': 1, 'en_cap_bars': False, 'cap_1min': 59}.
[I 2026-07-13 15:52:08,533] Trial 3222 finished with values: [128.1320131584884, -5054.7790658613685, 45.0] and parameters: {'sl_soft': 0.07922784441362493, 'sl_hard_delta': 0.15275742664380385, 'tp': 0.16937546754390323, 'gate_pct': 99.55888908721671, 'dd_limit': 5.5935434980177225, 'cooldown': 6, 'flip': False, 'en_ema_trend': True, 'ema_trend_fast': 80, 'ema_trend_slow': 75, 'en_sma_trend': False, 'sma_trend_fast': 105, 'sma_trend_slow': 293, 'en_macd': False, 'macd_fast': 75, 'macd_slow': 53, 'macd_signal': 3, 'en_vwap': False, 'en_keltner': False, 'keltner_n': 43, 'keltner_m': 0.7, 'en_obv': True, 'obv_slope': 19, 'en_cci': False, 'cci_n': 7, 'cci_threshold': 25, 'en_rsi': True, 'rsi_n': 73, 'rsi_lower': 29, 'rsi_upper': 58, 'en_stochastic': True, 'stochastic_n': 6, 'stochastic_d': 48, 'stochastic_lower': 31, 'stochastic_upper': 80, 'en_mfi': False, 'mfi_n': 72, 'mfi_lower': 23, 'mfi_upper': 56, 'en_bollinger': False, 'bollinger_n': 31, 'bollinger_k': 0.7, 'en_adx': False, 'adx_n': 39, 'adx_threshold': 30, 'en_structure_trend': True, 'structure_trend_swing_l': 6, 'en_order_block': True, 'order_block_swing_l': 13, 'en_fvg': False, 'fvg_lookback': 32, 'en_ifvg': False, 'en_breaker': False, 'breaker_swing_l': 17, 'en_cisd': True, 'k': 4, 'en_cap_bars': False, 'cap_1min': 345}.
[I 2026-07-13 15:52:10,760] Trial 3223 finished with values: [-1323.1919603523147, -8767.589947586639, 47.9] and parameters: {'sl_soft': 0.06439762276669186, 'sl_hard_delta': 0.16209355299609657, 'tp': 0.07738154772393774, 'gate_pct': 97.87184393359011, 'dd_limit': 0.6062953539401272, 'cooldown': 5, 'flip': False, 'en_ema_trend': True, 'ema_trend_fast': 195, 'ema_trend_slow': 377, 'en_sma_trend': True, 'sma_trend_fast': 108, 'sma_trend_slow': 200, 'en_macd': True, 'macd_fast': 18, 'macd_slow': 72, 'macd_signal': 98, 'en_vwap': True, 'en_keltner': False, 'keltner_n': 24, 'keltner_m': 1.3, 'en_obv': True, 'obv_slope': 61, 'en_cci': True, 'cci_n': 55, 'cci_threshold': 250, 'en_rsi': True, 'rsi_n': 93, 'rsi_lower': 30, 'rsi_upper': 75, 'en_stochastic': False, 'stochastic_n': 95, 'stochastic_d': 49, 'stochastic_lower': 21, 'stochastic_upper': 81, 'en_mfi': False, 'mfi_n': 19, 'mfi_lower': 22, 'mfi_upper': 73, 'en_bollinger': True, 'bollinger_n': 23, 'bollinger_k': 3.2, 'en_adx': False, 'adx_n': 50, 'adx_threshold': 24, 'en_structure_trend': False, 'structure_trend_swing_l': 19, 'en_order_block': True, 'order_block_swing_l': 20, 'en_fvg': True, 'fvg_lookback': 24, 'en_ifvg': False, 'en_breaker': True, 'breaker_swing_l': 13, 'en_cisd': False, 'k': 4, 'en_cap_bars': False, 'cap_1min': 1250}.
[I 2026-07-13 15:52:11,612] Trial 3224 pruned. 
