[I 2026-07-13 15:27:18,259] Trial 2080 finished with values: [-1675.7949688661533, -4683.242150706666, 74.55] and parameters: {'sl_soft': 0.04308365257269808, 'sl_hard_delta': 0.09144206065769385, 'tp': 0.02181739149035469, 'gate_pct': 99.4732844060646, 'dd_limit': 4.17581929961137, 'cooldown': 3, 'flip': False, 'en_ema_trend': False, 'ema_trend_fast': 149, 'ema_trend_slow': 84, 'en_sma_trend': True, 'sma_trend_fast': 182, 'sma_trend_slow': 309, 'en_macd': True, 'macd_fast': 6, 'macd_slow': 157, 'macd_signal': 6, 'en_vwap': True, 'en_keltner': False, 'keltner_n': 102, 'keltner_m': 4.2, 'en_obv': True, 'obv_slope': 161, 'en_cci': False, 'cci_n': 38, 'cci_threshold': 245, 'en_rsi': False, 'rsi_n': 25, 'rsi_lower': 4, 'rsi_upper': 72, 'en_stochastic': False, 'stochastic_n': 72, 'stochastic_d': 27, 'stochastic_lower': 49, 'stochastic_upper': 75, 'en_mfi': True, 'mfi_n': 54, 'mfi_lower': 49, 'mfi_upper': 78, 'en_bollinger': True, 'bollinger_n': 171, 'bollinger_k': 4.7, 'en_adx': False, 'adx_n': 78, 'adx_threshold': 40, 'en_structure_trend': True, 'structure_trend_swing_l': 13, 'en_order_block': True, 'order_block_swing_l': 18, 'en_fvg': True, 'fvg_lookback': 47, 'en_ifvg': False, 'en_breaker': False, 'breaker_swing_l': 10, 'en_cisd': True, 'k': 4, 'en_cap_bars': True, 'cap_1min': 436}.
[I 2026-07-13 15:27:18,778] Trial 2081 pruned. 
[I 2026-07-13 15:27:20,935] Trial 2082 pruned. 
[I 2026-07-13 15:27:23,881] Trial 2083 pruned. 
[I 2026-07-13 15:27:24,983] Trial 2084 pruned. 
[I 2026-07-13 15:27:26,699] Trial 2085 pruned. 
[I 2026-07-13 15:27:27,801] Trial 2086 pruned. 
[I 2026-07-13 15:27:29,782] Trial 2087 pruned. 
[I 2026-07-13 15:27:30,669] Trial 2088 pruned. 
[I 2026-07-13 15:27:31,025] Trial 2089 pruned. 
[I 2026-07-13 15:27:32,412] Trial 2090 pruned. 
[I 2026-07-13 15:27:33,526] Trial 2091 pruned. 
[I 2026-07-13 15:27:34,887] Trial 2092 pruned. 
[I 2026-07-13 15:27:35,830] Trial 2093 pruned. 
[I 2026-07-13 15:27:36,695] Trial 2094 pruned. 
[I 2026-07-13 15:27:37,319] Trial 2095 pruned. 
[I 2026-07-13 15:27:39,337] Trial 2096 pruned. 
[I 2026-07-13 15:27:40,532] Trial 2097 pruned. 
[I 2026-07-13 15:27:41,917] Trial 2098 pruned. 
[I 2026-07-13 15:27:43,869] Trial 2099 pruned. 
[I 2026-07-13 15:27:44,437] Trial 2100 pruned. 
[I 2026-07-13 15:27:45,699] Trial 2101 pruned. 
[I 2026-07-13 15:27:47,000] Trial 2102 pruned. 
[I 2026-07-13 15:27:49,347] Trial 2103 pruned. 
[I 2026-07-13 15:27:51,311] Trial 2104 pruned. 
[I 2026-07-13 15:27:52,190] Trial 2105 pruned. 
[I 2026-07-13 15:27:54,487] Trial 2106 pruned. 
[I 2026-07-13 15:27:54,754] Trial 2107 pruned. 
[I 2026-07-13 15:27:55,964] Trial 2108 pruned. 
[I 2026-07-13 15:27:57,088] Trial 2109 pruned. 
[I 2026-07-13 15:27:57,799] Trial 2110 pruned. 
[I 2026-07-13 15:27:58,691] Trial 2111 pruned. 
[I 2026-07-13 15:27:59,712] Trial 2112 pruned. 
[I 2026-07-13 15:28:00,855] Trial 2113 pruned. 
[I 2026-07-13 15:28:02,781] Trial 2114 pruned. 
[I 2026-07-13 15:28:04,275] Trial 2115 pruned. 
[I 2026-07-13 15:28:05,901] Trial 2116 pruned. 
[I 2026-07-13 15:28:07,174] Trial 2117 pruned. 
[I 2026-07-13 15:28:08,114] Trial 2118 pruned. 
[I 2026-07-13 15:28:09,346] Trial 2119 pruned. 
[I 2026-07-13 15:28:09,546] Trial 2120 pruned. 
[I 2026-07-13 15:28:11,159] Trial 2121 pruned. 
[I 2026-07-13 15:28:12,386] Trial 2122 pruned. 
[I 2026-07-13 15:28:13,220] Trial 2123 pruned. 
[I 2026-07-13 15:28:13,976] Trial 2124 pruned. 
[I 2026-07-13 15:28:15,319] Trial 2125 pruned. 
[I 2026-07-13 15:28:16,506] Trial 2126 pruned. 
[I 2026-07-13 15:28:17,670] Trial 2127 pruned. 
[I 2026-07-13 15:28:18,108] Trial 2128 pruned. 
[I 2026-07-13 15:28:18,687] Trial 2129 pruned. 
[I 2026-07-13 15:28:19,204] Trial 2130 pruned. 
[I 2026-07-13 15:28:20,885] Trial 2131 pruned. 
[I 2026-07-13 15:28:22,523] Trial 2132 pruned. 
[I 2026-07-13 15:28:23,701] Trial 2133 pruned. 
[I 2026-07-13 15:28:25,467] Trial 2134 pruned. 
[I 2026-07-13 15:28:27,151] Trial 2135 pruned. 
[I 2026-07-13 15:28:28,554] Trial 2136 pruned. 
[I 2026-07-13 15:28:30,155] Trial 2137 pruned. 
[I 2026-07-13 15:28:31,119] Trial 2138 pruned. 
[I 2026-07-13 15:28:32,660] Trial 2139 pruned. 
[I 2026-07-13 15:28:34,019] Trial 2140 pruned. 
[I 2026-07-13 15:28:35,650] Trial 2141 pruned. 
[I 2026-07-13 15:28:38,124] Trial 2142 pruned. 
[I 2026-07-13 15:28:39,297] Trial 2143 pruned. 
[I 2026-07-13 15:28:40,534] Trial 2144 pruned. 
[I 2026-07-13 15:28:40,931] Trial 2145 pruned. 
[I 2026-07-13 15:28:41,983] Trial 2146 pruned. 
[I 2026-07-13 15:28:42,869] Trial 2147 pruned. 
[I 2026-07-13 15:28:43,949] Trial 2148 pruned. 
[I 2026-07-13 15:28:46,080] Trial 2149 pruned. 
[I 2026-07-13 15:28:48,326] Trial 2150 pruned. 
[I 2026-07-13 15:28:49,515] Trial 2151 pruned. 
[I 2026-07-13 15:28:49,970] Trial 2152 pruned. 
[I 2026-07-13 15:28:50,751] Trial 2153 pruned. 
[I 2026-07-13 15:28:51,787] Trial 2154 pruned. 
[I 2026-07-13 15:28:52,232] Trial 2155 pruned. 
[I 2026-07-13 15:28:53,209] Trial 2156 pruned. 
[I 2026-07-13 15:28:54,656] Trial 2157 pruned. 
[I 2026-07-13 15:28:56,089] Trial 2158 pruned. 
[I 2026-07-13 15:28:57,892] Trial 2159 pruned. 
[I 2026-07-13 15:28:58,069] Trial 2160 pruned. 
[I 2026-07-13 15:28:58,932] Trial 2161 pruned. 
[I 2026-07-13 15:28:59,328] Trial 2162 pruned. 
[I 2026-07-13 15:29:00,973] Trial 2163 pruned. 
[I 2026-07-13 15:29:02,916] Trial 2164 pruned. 
[I 2026-07-13 15:29:03,786] Trial 2165 pruned. 
[I 2026-07-13 15:29:05,930] Trial 2166 pruned. 
[I 2026-07-13 15:29:07,893] Trial 2167 pruned. 
[I 2026-07-13 15:29:08,193] Trial 2168 pruned. 
[I 2026-07-13 15:29:09,408] Trial 2169 pruned. 
[I 2026-07-13 15:29:11,276] Trial 2170 pruned. 
[I 2026-07-13 15:29:12,882] Trial 2171 pruned. 
[I 2026-07-13 15:29:13,801] Trial 2172 pruned. 
[I 2026-07-13 15:29:14,873] Trial 2173 pruned. 
[I 2026-07-13 15:29:15,468] Trial 2174 pruned. 
[I 2026-07-13 15:29:16,283] Trial 2175 pruned. 
[I 2026-07-13 15:29:17,303] Trial 2176 pruned. 
[I 2026-07-13 15:29:19,132] Trial 2177 pruned. 
[I 2026-07-13 15:29:19,849] Trial 2178 pruned. 
[I 2026-07-13 15:29:21,193] Trial 2179 pruned. 
[I 2026-07-13 15:29:22,388] Trial 2180 pruned. 
[I 2026-07-13 15:29:22,789] Trial 2181 pruned. 
[I 2026-07-13 15:29:26,210] Trial 2182 pruned. 
[I 2026-07-13 15:29:27,281] Trial 2183 pruned. 
[I 2026-07-13 15:29:28,708] Trial 2184 pruned. 
[I 2026-07-13 15:29:28,911] Trial 2185 pruned. 
[I 2026-07-13 15:29:29,983] Trial 2186 pruned. 
[I 2026-07-13 15:29:31,209] Trial 2187 pruned. 
[I 2026-07-13 15:29:31,848] Trial 2188 pruned. 
[I 2026-07-13 15:29:32,810] Trial 2189 pruned. 
[I 2026-07-13 15:29:35,853] Trial 2190 pruned. 
[I 2026-07-13 15:29:36,410] Trial 2191 pruned. 
[I 2026-07-13 15:29:36,757] Trial 2192 pruned. 
[I 2026-07-13 15:29:37,836] Trial 2193 pruned. 
[I 2026-07-13 15:29:39,001] Trial 2194 pruned. 
[I 2026-07-13 15:29:40,327] Trial 2195 pruned. 
[I 2026-07-13 15:29:40,736] Trial 2196 pruned. 
[I 2026-07-13 15:29:42,047] Trial 2197 pruned. 
[I 2026-07-13 15:29:45,163] Trial 2198 pruned. 
[I 2026-07-13 15:29:45,522] Trial 2199 pruned. 
[I 2026-07-13 15:29:45,687] Trial 2200 pruned. 
[I 2026-07-13 15:29:46,379] Trial 2201 pruned. 
[I 2026-07-13 15:29:47,395] Trial 2202 pruned. 
[I 2026-07-13 15:29:48,293] Trial 2203 pruned. 
[I 2026-07-13 15:29:49,340] Trial 2204 pruned. 
[I 2026-07-13 15:29:53,944] Trial 2205 finished with values: [-1848.7385352084116, -14429.696039414588, 44.9] and parameters: {'sl_soft': 0.0703467376308225, 'sl_hard_delta': 0.015427943386826029, 'tp': 0.09125268084127318, 'gate_pct': 96.65475725098474, 'dd_limit': 5.052448726200229, 'cooldown': 0, 'flip': False, 'en_ema_trend': True, 'ema_trend_fast': 193, 'ema_trend_slow': 236, 'en_sma_trend': True, 'sma_trend_fast': 70, 'sma_trend_slow': 191, 'en_macd': True, 'macd_fast': 11, 'macd_slow': 74, 'macd_signal': 60, 'en_vwap': True, 'en_keltner': True, 'keltner_n': 122, 'keltner_m': 1.9000000000000001, 'en_obv': False, 'obv_slope': 19, 'en_cci': True, 'cci_n': 107, 'cci_threshold': 205, 'en_rsi': False, 'rsi_n': 40, 'rsi_lower': 32, 'rsi_upper': 79, 'en_stochastic': False, 'stochastic_n': 70, 'stochastic_d': 46, 'stochastic_lower': 26, 'stochastic_upper': 78, 'en_mfi': True, 'mfi_n': 95, 'mfi_lower': 36, 'mfi_upper': 87, 'en_bollinger': False, 'bollinger_n': 48, 'bollinger_k': 0.9, 'en_adx': False, 'adx_n': 44, 'adx_threshold': 9, 'en_structure_trend': True, 'structure_trend_swing_l': 20, 'en_order_block': False, 'order_block_swing_l': 4, 'en_fvg': False, 'fvg_lookback': 49, 'en_ifvg': True, 'en_breaker': False, 'breaker_swing_l': 16, 'en_cisd': True, 'k': 3, 'en_cap_bars': True, 'cap_1min': 1399}.
[I 2026-07-13 15:29:54,997] Trial 2206 pruned. 
[I 2026-07-13 15:29:56,829] Trial 2207 pruned. 
[I 2026-07-13 15:29:57,687] Trial 2208 pruned. 
[I 2026-07-13 15:29:58,928] Trial 2209 pruned. 
[I 2026-07-13 15:30:00,781] Trial 2210 pruned. 
[I 2026-07-13 15:30:01,864] Trial 2211 pruned. 
[I 2026-07-13 15:30:03,100] Trial 2212 pruned. 
[I 2026-07-13 15:30:04,326] Trial 2213 pruned. 
[I 2026-07-13 15:30:05,912] Trial 2214 pruned. 
[I 2026-07-13 15:30:07,087] Trial 2215 pruned. 
[I 2026-07-13 15:30:08,395] Trial 2216 pruned. 
[I 2026-07-13 15:30:11,314] Trial 2217 pruned. 
[I 2026-07-13 15:30:12,474] Trial 2218 pruned. 
[I 2026-07-13 15:30:14,323] Trial 2219 pruned. 
[I 2026-07-13 15:30:15,724] Trial 2220 pruned. 
[I 2026-07-13 15:30:16,069] Trial 2221 pruned. 
[I 2026-07-13 15:30:16,530] Trial 2222 pruned. 
[I 2026-07-13 15:30:17,488] Trial 2223 pruned. 
[I 2026-07-13 15:30:19,242] Trial 2224 pruned. 
[I 2026-07-13 15:30:20,639] Trial 2225 pruned. 
[I 2026-07-13 15:30:21,438] Trial 2226 pruned. 
[I 2026-07-13 15:30:22,262] Trial 2227 pruned. 
[I 2026-07-13 15:30:22,646] Trial 2228 pruned. 
[I 2026-07-13 15:30:23,667] Trial 2229 pruned. 
[I 2026-07-13 15:30:24,592] Trial 2230 pruned. 
[I 2026-07-13 15:30:26,371] Trial 2231 pruned. 
[I 2026-07-13 15:30:27,587] Trial 2232 pruned. 
[I 2026-07-13 15:30:27,873] Trial 2233 pruned. 
[I 2026-07-13 15:30:28,398] Trial 2234 pruned. 
[I 2026-07-13 15:30:29,613] Trial 2235 pruned. 
[I 2026-07-13 15:30:30,723] Trial 2236 pruned. 
[I 2026-07-13 15:30:31,495] Trial 2237 pruned. 
[I 2026-07-13 15:30:32,459] Trial 2238 pruned. 
[I 2026-07-13 15:30:34,925] Trial 2239 pruned. 
[I 2026-07-13 15:30:35,139] Trial 2240 pruned. 
[I 2026-07-13 15:30:36,403] Trial 2241 pruned. 
[I 2026-07-13 15:30:37,088] Trial 2242 pruned. 
[I 2026-07-13 15:30:38,847] Trial 2243 pruned. 
[I 2026-07-13 15:30:39,276] Trial 2244 pruned. 
[I 2026-07-13 15:30:40,233] Trial 2245 pruned. 
[I 2026-07-13 15:30:40,499] Trial 2246 pruned. 
[I 2026-07-13 15:30:44,321] Trial 2247 pruned. 
[I 2026-07-13 15:30:45,581] Trial 2248 pruned. 
[I 2026-07-13 15:30:46,585] Trial 2249 pruned. 
[I 2026-07-13 15:30:47,490] Trial 2250 pruned. 
[I 2026-07-13 15:30:48,636] Trial 2251 pruned. 
[I 2026-07-13 15:30:50,041] Trial 2252 pruned. 
[I 2026-07-13 15:30:51,229] Trial 2253 pruned. 
[I 2026-07-13 15:30:52,066] Trial 2254 pruned. 
[I 2026-07-13 15:30:53,532] Trial 2255 pruned. 
[I 2026-07-13 15:30:55,468] Trial 2256 pruned. 
[I 2026-07-13 15:30:57,318] Trial 2257 pruned. 
[I 2026-07-13 15:30:58,621] Trial 2258 pruned. 
[I 2026-07-13 15:31:00,232] Trial 2259 pruned. 
[I 2026-07-13 15:31:00,603] Trial 2260 pruned. 
[I 2026-07-13 15:31:01,560] Trial 2261 pruned. 
[I 2026-07-13 15:31:02,921] Trial 2262 pruned. 
[I 2026-07-13 15:31:03,910] Trial 2263 pruned. 
[I 2026-07-13 15:31:04,174] Trial 2264 pruned. 
[I 2026-07-13 15:31:05,058] Trial 2265 pruned. 
[I 2026-07-13 15:31:07,101] Trial 2266 pruned. 
[I 2026-07-13 15:31:08,284] Trial 2267 pruned. 
[I 2026-07-13 15:31:08,626] Trial 2268 pruned. 
[I 2026-07-13 15:31:09,656] Trial 2269 pruned. 
[I 2026-07-13 15:31:11,652] Trial 2270 pruned. 
[I 2026-07-13 15:31:12,474] Trial 2271 pruned. 
[I 2026-07-13 15:31:12,914] Trial 2272 pruned. 
[I 2026-07-13 15:31:13,735] Trial 2273 pruned. 
[I 2026-07-13 15:31:17,509] Trial 2274 pruned. 
[I 2026-07-13 15:31:19,235] Trial 2275 pruned. 
[I 2026-07-13 15:31:22,040] Trial 2276 pruned. 
[I 2026-07-13 15:31:23,390] Trial 2277 pruned. 
[I 2026-07-13 15:31:24,606] Trial 2278 pruned. 
[I 2026-07-13 15:31:27,510] Trial 2279 pruned. 
[I 2026-07-13 15:31:27,666] Trial 2280 pruned. 
[I 2026-07-13 15:31:35,859] Trial 2281 finished with values: [147.65166248860595, -4370.702556707117, 34.15] and parameters: {'sl_soft': 0.030297225161902704, 'sl_hard_delta': 0.022404048487151013, 'tp': 0.095095836312556, 'gate_pct': 96.38141772653853, 'dd_limit': 0.8067001316129313, 'cooldown': 0, 'flip': False, 'en_ema_trend': False, 'ema_trend_fast': 249, 'ema_trend_slow': 247, 'en_sma_trend': False, 'sma_trend_fast': 304, 'sma_trend_slow': 73, 'en_macd': True, 'macd_fast': 25, 'macd_slow': 89, 'macd_signal': 31, 'en_vwap': True, 'en_keltner': True, 'keltner_n': 61, 'keltner_m': 2.8000000000000003, 'en_obv': True, 'obv_slope': 58, 'en_cci': False, 'cci_n': 36, 'cci_threshold': 100, 'en_rsi': True, 'rsi_n': 17, 'rsi_lower': 40, 'rsi_upper': 52, 'en_stochastic': True, 'stochastic_n': 36, 'stochastic_d': 37, 'stochastic_lower': 28, 'stochastic_upper': 72, 'en_mfi': False, 'mfi_n': 36, 'mfi_lower': 41, 'mfi_upper': 86, 'en_bollinger': False, 'bollinger_n': 82, 'bollinger_k': 3.6, 'en_adx': False, 'adx_n': 99, 'adx_threshold': 44, 'en_structure_trend': True, 'structure_trend_swing_l': 10, 'en_order_block': False, 'order_block_swing_l': 20, 'en_fvg': True, 'fvg_lookback': 21, 'en_ifvg': False, 'en_breaker': False, 'breaker_swing_l': 16, 'en_cisd': True, 'k': 2, 'en_cap_bars': False, 'cap_1min': 557}.
[I 2026-07-13 15:31:36,812] Trial 2282 pruned. 
[I 2026-07-13 15:31:37,408] Trial 2283 pruned. 
[I 2026-07-13 15:31:38,536] Trial 2284 pruned. 
[I 2026-07-13 15:31:39,284] Trial 2285 pruned. 
[I 2026-07-13 15:31:40,350] Trial 2286 pruned. 
[I 2026-07-13 15:31:42,043] Trial 2287 pruned. 
[I 2026-07-13 15:31:43,212] Trial 2288 pruned. 
[I 2026-07-13 15:31:44,572] Trial 2289 pruned. 
[I 2026-07-13 15:31:46,181] Trial 2290 pruned. 
[I 2026-07-13 15:31:47,386] Trial 2291 pruned. 
[I 2026-07-13 15:31:49,526] Trial 2292 pruned. 
[I 2026-07-13 15:31:52,702] Trial 2293 pruned. 
[I 2026-07-13 15:31:53,337] Trial 2294 pruned. 
[I 2026-07-13 15:31:55,072] Trial 2295 pruned. 
[I 2026-07-13 15:31:56,395] Trial 2296 pruned. 
[I 2026-07-13 15:31:56,627] Trial 2297 pruned. 
[I 2026-07-13 15:31:58,272] Trial 2298 pruned. 
[I 2026-07-13 15:32:00,195] Trial 2299 pruned. 
[I 2026-07-13 15:32:01,748] Trial 2300 pruned. 
[I 2026-07-13 15:32:02,728] Trial 2301 pruned. 
[I 2026-07-13 15:32:03,818] Trial 2302 pruned. 
[I 2026-07-13 15:32:05,019] Trial 2303 pruned. 
[I 2026-07-13 15:32:05,528] Trial 2304 pruned. 
[I 2026-07-13 15:32:06,812] Trial 2305 pruned. 
[I 2026-07-13 15:32:07,324] Trial 2306 pruned. 
[I 2026-07-13 15:32:08,862] Trial 2307 pruned. 
[I 2026-07-13 15:32:10,199] Trial 2308 pruned. 
[I 2026-07-13 15:32:11,737] Trial 2309 pruned. 
[I 2026-07-13 15:32:14,278] Trial 2310 pruned. 
[I 2026-07-13 15:32:15,786] Trial 2311 pruned. 
[I 2026-07-13 15:32:16,657] Trial 2312 pruned. 
[I 2026-07-13 15:32:18,428] Trial 2313 pruned. 
[I 2026-07-13 15:32:18,794] Trial 2314 pruned. 
[I 2026-07-13 15:32:19,709] Trial 2315 pruned. 
[I 2026-07-13 15:32:20,875] Trial 2316 pruned. 
[I 2026-07-13 15:32:22,398] Trial 2317 pruned. 
[I 2026-07-13 15:32:25,085] Trial 2318 pruned. 
[I 2026-07-13 15:32:26,755] Trial 2319 pruned. 
[I 2026-07-13 15:32:26,940] Trial 2320 pruned. 
[I 2026-07-13 15:32:27,463] Trial 2321 pruned. 
[I 2026-07-13 15:32:28,653] Trial 2322 pruned. 
[I 2026-07-13 15:32:29,157] Trial 2323 pruned. 
[I 2026-07-13 15:32:32,421] Trial 2324 finished with values: [-274.68659608262055, -2553.555874545168, 66.95] and parameters: {'sl_soft': 0.04792375555022396, 'sl_hard_delta': 0.0582717613908707, 'tp': 0.04133656517073042, 'gate_pct': 95.72859018663851, 'dd_limit': 3.2180873254465436, 'cooldown': 15, 'flip': False, 'en_ema_trend': False, 'ema_trend_fast': 193, 'ema_trend_slow': 393, 'en_sma_trend': True, 'sma_trend_fast': 321, 'sma_trend_slow': 377, 'en_macd': True, 'macd_fast': 97, 'macd_slow': 74, 'macd_signal': 78, 'en_vwap': False, 'en_keltner': True, 'keltner_n': 131, 'keltner_m': 0.5, 'en_obv': False, 'obv_slope': 100, 'en_cci': False, 'cci_n': 34, 'cci_threshold': 85, 'en_rsi': False, 'rsi_n': 97, 'rsi_lower': 34, 'rsi_upper': 99, 'en_stochastic': False, 'stochastic_n': 40, 'stochastic_d': 5, 'stochastic_lower': 13, 'stochastic_upper': 58, 'en_mfi': True, 'mfi_n': 22, 'mfi_lower': 24, 'mfi_upper': 97, 'en_bollinger': False, 'bollinger_n': 165, 'bollinger_k': 1.3, 'en_adx': False, 'adx_n': 52, 'adx_threshold': 44, 'en_structure_trend': False, 'structure_trend_swing_l': 7, 'en_order_block': True, 'order_block_swing_l': 4, 'en_fvg': True, 'fvg_lookback': 4, 'en_ifvg': False, 'en_breaker': False, 'breaker_swing_l': 12, 'en_cisd': False, 'k': 2, 'en_cap_bars': True, 'cap_1min': 1343}.
[I 2026-07-13 15:32:33,166] Trial 2325 pruned. 
[I 2026-07-13 15:32:34,381] Trial 2326 pruned. 
[I 2026-07-13 15:32:36,426] Trial 2327 pruned. 
[I 2026-07-13 15:32:39,336] Trial 2328 pruned. 
[I 2026-07-13 15:32:40,233] Trial 2329 pruned. 
[I 2026-07-13 15:32:41,450] Trial 2330 pruned. 
[I 2026-07-13 15:32:43,282] Trial 2331 pruned. 
[I 2026-07-13 15:32:45,010] Trial 2332 pruned. 
[I 2026-07-13 15:32:45,916] Trial 2333 pruned. 
[I 2026-07-13 15:32:47,269] Trial 2334 pruned. 
[I 2026-07-13 15:32:47,627] Trial 2335 pruned. 
[I 2026-07-13 15:32:49,868] Trial 2336 pruned. 
[I 2026-07-13 15:32:50,711] Trial 2337 pruned. 
[I 2026-07-13 15:32:52,007] Trial 2338 pruned. 
[I 2026-07-13 15:32:53,744] Trial 2339 pruned. 
[I 2026-07-13 15:32:54,333] Trial 2340 pruned. 
[I 2026-07-13 15:32:56,261] Trial 2341 pruned. 
[I 2026-07-13 15:32:58,302] Trial 2342 pruned. 
[I 2026-07-13 15:32:59,522] Trial 2343 pruned. 
[I 2026-07-13 15:33:00,611] Trial 2344 pruned. 
[I 2026-07-13 15:33:01,018] Trial 2345 pruned. 
[I 2026-07-13 15:33:03,008] Trial 2346 pruned. 
[I 2026-07-13 15:33:04,927] Trial 2347 pruned. 
[I 2026-07-13 15:33:05,815] Trial 2348 pruned. 
[I 2026-07-13 15:33:06,634] Trial 2349 pruned. 
[I 2026-07-13 15:33:08,355] Trial 2350 pruned. 
[I 2026-07-13 15:33:11,198] Trial 2351 pruned. 
[I 2026-07-13 15:33:12,170] Trial 2352 pruned. 
[I 2026-07-13 15:33:13,420] Trial 2353 pruned. 
[I 2026-07-13 15:33:14,185] Trial 2354 pruned. 
[I 2026-07-13 15:33:15,200] Trial 2355 pruned. 
[I 2026-07-13 15:33:16,204] Trial 2356 pruned. 
[I 2026-07-13 15:33:18,634] Trial 2357 pruned. 
[I 2026-07-13 15:33:19,700] Trial 2358 pruned. 
[I 2026-07-13 15:33:20,629] Trial 2359 pruned. 
[I 2026-07-13 15:33:22,622] Trial 2360 pruned. 
[I 2026-07-13 15:33:23,296] Trial 2361 pruned. 
[I 2026-07-13 15:33:23,956] Trial 2362 pruned. 
[I 2026-07-13 15:33:28,152] Trial 2363 pruned. 
[I 2026-07-13 15:33:29,789] Trial 2364 pruned. 
[I 2026-07-13 15:33:30,362] Trial 2365 pruned. 
[I 2026-07-13 15:33:31,169] Trial 2366 pruned. 
[I 2026-07-13 15:33:32,169] Trial 2367 pruned. 
[I 2026-07-13 15:33:32,786] Trial 2368 pruned. 
[I 2026-07-13 15:33:33,621] Trial 2369 pruned. 
[I 2026-07-13 15:33:34,254] Trial 2370 pruned. 
[I 2026-07-13 15:33:35,453] Trial 2371 pruned. 
[I 2026-07-13 15:33:36,525] Trial 2372 pruned. 
[I 2026-07-13 15:33:38,486] Trial 2373 pruned. 
[I 2026-07-13 15:33:39,931] Trial 2374 pruned. 
[I 2026-07-13 15:33:41,176] Trial 2375 pruned. 
[I 2026-07-13 15:33:42,860] Trial 2376 pruned. 
[I 2026-07-13 15:33:44,384] Trial 2377 pruned. 
[I 2026-07-13 15:33:45,807] Trial 2378 pruned. 
[I 2026-07-13 15:33:46,163] Trial 2379 pruned. 
[I 2026-07-13 15:33:46,764] Trial 2380 pruned. 
[I 2026-07-13 15:33:48,864] Trial 2381 pruned. 
[I 2026-07-13 15:33:49,779] Trial 2382 pruned. 
[I 2026-07-13 15:33:50,772] Trial 2383 pruned. 
[I 2026-07-13 15:33:51,723] Trial 2384 pruned. 
[I 2026-07-13 15:33:52,442] Trial 2385 pruned. 
[I 2026-07-13 15:33:54,754] Trial 2386 pruned. 
[I 2026-07-13 15:33:55,858] Trial 2387 pruned. 
[I 2026-07-13 15:33:57,734] Trial 2388 pruned. 
[I 2026-07-13 15:33:58,678] Trial 2389 pruned. 
[I 2026-07-13 15:33:59,657] Trial 2390 pruned. 
[I 2026-07-13 15:34:00,188] Trial 2391 pruned. 
[I 2026-07-13 15:34:01,254] Trial 2392 pruned. 
[I 2026-07-13 15:34:03,051] Trial 2393 pruned. 
[I 2026-07-13 15:34:03,871] Trial 2394 pruned. 
[I 2026-07-13 15:34:04,928] Trial 2395 pruned. 
[I 2026-07-13 15:34:07,594] Trial 2396 pruned. 
[I 2026-07-13 15:34:07,998] Trial 2397 pruned. 
[I 2026-07-13 15:34:08,653] Trial 2398 pruned. 
[I 2026-07-13 15:34:10,350] Trial 2399 pruned. 
[I 2026-07-13 15:34:18,074] Trial 2400 finished with values: [-220.95111432596678, -3268.7380087034508, 38.099999999999994] and parameters: {'sl_soft': 0.03390445607748107, 'sl_hard_delta': 0.0499062921079193, 'tp': 0.07673838374250289, 'gate_pct': 95.82664355457476, 'dd_limit': 4.273175383953869, 'cooldown': 9, 'flip': False, 'en_ema_trend': True, 'ema_trend_fast': 192, 'ema_trend_slow': 290, 'en_sma_trend': False, 'sma_trend_fast': 8, 'sma_trend_slow': 116, 'en_macd': True, 'macd_fast': 51, 'macd_slow': 10, 'macd_signal': 36, 'en_vwap': True, 'en_keltner': True, 'keltner_n': 180, 'keltner_m': 0.7, 'en_obv': True, 'obv_slope': 24, 'en_cci': False, 'cci_n': 182, 'cci_threshold': 200, 'en_rsi': False, 'rsi_n': 22, 'rsi_lower': 3, 'rsi_upper': 77, 'en_stochastic': True, 'stochastic_n': 45, 'stochastic_d': 29, 'stochastic_lower': 23, 'stochastic_upper': 84, 'en_mfi': False, 'mfi_n': 38, 'mfi_lower': 6, 'mfi_upper': 52, 'en_bollinger': False, 'bollinger_n': 63, 'bollinger_k': 1.1, 'en_adx': False, 'adx_n': 22, 'adx_threshold': 27, 'en_structure_trend': False, 'structure_trend_swing_l': 4, 'en_order_block': True, 'order_block_swing_l': 14, 'en_fvg': True, 'fvg_lookback': 40, 'en_ifvg': True, 'en_breaker': True, 'breaker_swing_l': 5, 'en_cisd': True, 'k': 3, 'en_cap_bars': True, 'cap_1min': 908}.
[I 2026-07-13 15:34:18,336] Trial 2401 pruned. 
[I 2026-07-13 15:34:19,160] Trial 2402 pruned. 
[I 2026-07-13 15:34:21,571] Trial 2403 pruned. 
[I 2026-07-13 15:34:22,080] Trial 2404 pruned. 
[I 2026-07-13 15:34:22,463] Trial 2405 pruned. 
