[I 2026-07-13 16:05:16,809] Trial 3523 finished with values: [-1281.9346331036386, -8753.876825062362, 53.75] and parameters: {'sl_soft': 0.08426256158971988, 'sl_hard_delta': 0.17424252774383417, 'tp': 0.07601884556321419, 'gate_pct': 97.66578486655469, 'dd_limit': 5.328714371677049, 'cooldown': 5, 'flip': False, 'en_ema_trend': True, 'ema_trend_fast': 301, 'ema_trend_slow': 395, 'en_sma_trend': False, 'sma_trend_fast': 165, 'sma_trend_slow': 154, 'en_macd': False, 'macd_fast': 64, 'macd_slow': 107, 'macd_signal': 67, 'en_vwap': False, 'en_keltner': True, 'keltner_n': 56, 'keltner_m': 2.1, 'en_obv': True, 'obv_slope': 173, 'en_cci': False, 'cci_n': 120, 'cci_threshold': 45, 'en_rsi': True, 'rsi_n': 33, 'rsi_lower': 20, 'rsi_upper': 58, 'en_stochastic': True, 'stochastic_n': 45, 'stochastic_d': 43, 'stochastic_lower': 4, 'stochastic_upper': 97, 'en_mfi': False, 'mfi_n': 9, 'mfi_lower': 11, 'mfi_upper': 72, 'en_bollinger': False, 'bollinger_n': 139, 'bollinger_k': 1.1, 'en_adx': False, 'adx_n': 68, 'adx_threshold': 47, 'en_structure_trend': False, 'structure_trend_swing_l': 2, 'en_order_block': False, 'order_block_swing_l': 5, 'en_fvg': False, 'fvg_lookback': 33, 'en_ifvg': True, 'en_breaker': False, 'breaker_swing_l': 18, 'en_cisd': False, 'k': 4, 'en_cap_bars': True, 'cap_1min': 1317}.
[I 2026-07-13 16:05:17,957] Trial 3524 finished with values: [-4031.5415507139287, -19181.897540372072, 72.69999999999999] and parameters: {'sl_soft': 0.06439762276669186, 'sl_hard_delta': 0.16209355299609657, 'tp': 0.03810555008976396, 'gate_pct': 99.60506126830711, 'dd_limit': 5.319419455229414, 'cooldown': 0, 'flip': True, 'en_ema_trend': True, 'ema_trend_fast': 97, 'ema_trend_slow': 260, 'en_sma_trend': False, 'sma_trend_fast': 108, 'sma_trend_slow': 117, 'en_macd': True, 'macd_fast': 18, 'macd_slow': 188, 'macd_signal': 98, 'en_vwap': False, 'en_keltner': True, 'keltner_n': 99, 'keltner_m': 0.7, 'en_obv': True, 'obv_slope': 198, 'en_cci': True, 'cci_n': 55, 'cci_threshold': 280, 'en_rsi': False, 'rsi_n': 15, 'rsi_lower': 28, 'rsi_upper': 94, 'en_stochastic': False, 'stochastic_n': 62, 'stochastic_d': 28, 'stochastic_lower': 8, 'stochastic_upper': 81, 'en_mfi': False, 'mfi_n': 97, 'mfi_lower': 16, 'mfi_upper': 51, 'en_bollinger': False, 'bollinger_n': 149, 'bollinger_k': 2.4000000000000004, 'en_adx': False, 'adx_n': 11, 'adx_threshold': 17, 'en_structure_trend': False, 'structure_trend_swing_l': 15, 'en_order_block': False, 'order_block_swing_l': 20, 'en_fvg': True, 'fvg_lookback': 24, 'en_ifvg': True, 'en_breaker': False, 'breaker_swing_l': 20, 'en_cisd': False, 'k': 4, 'en_cap_bars': False, 'cap_1min': 59}.
[I 2026-07-13 16:05:19,454] Trial 3525 finished with values: [-1931.4830212606714, -11090.864944256751, 33.75] and parameters: {'sl_soft': 0.07787542705544737, 'sl_hard_delta': 0.04269284514679842, 'tp': 0.17919529691137454, 'gate_pct': 97.66578486655469, 'dd_limit': 2.4528084273798805, 'cooldown': 2, 'flip': False, 'en_ema_trend': False, 'ema_trend_fast': 77, 'ema_trend_slow': 397, 'en_sma_trend': False, 'sma_trend_fast': 360, 'sma_trend_slow': 35, 'en_macd': False, 'macd_fast': 2, 'macd_slow': 133, 'macd_signal': 34, 'en_vwap': True, 'en_keltner': True, 'keltner_n': 135, 'keltner_m': 0.5, 'en_obv': True, 'obv_slope': 13, 'en_cci': True, 'cci_n': 54, 'cci_threshold': 145, 'en_rsi': False, 'rsi_n': 96, 'rsi_lower': 39, 'rsi_upper': 54, 'en_stochastic': False, 'stochastic_n': 82, 'stochastic_d': 43, 'stochastic_lower': 4, 'stochastic_upper': 78, 'en_mfi': False, 'mfi_n': 76, 'mfi_lower': 11, 'mfi_upper': 70, 'en_bollinger': False, 'bollinger_n': 169, 'bollinger_k': 4.2, 'en_adx': False, 'adx_n': 48, 'adx_threshold': 39, 'en_structure_trend': False, 'structure_trend_swing_l': 9, 'en_order_block': False, 'order_block_swing_l': 5, 'en_fvg': True, 'fvg_lookback': 24, 'en_ifvg': False, 'en_breaker': True, 'breaker_swing_l': 3, 'en_cisd': False, 'k': 5, 'en_cap_bars': True, 'cap_1min': 839}.
[I 2026-07-13 16:05:21,853] Trial 3526 pruned. 
[I 2026-07-13 16:05:22,183] Trial 3527 finished with values: [322.85390519865234, -961.2361227635802, 75.0] and parameters: {'sl_soft': 0.08345559528832464, 'sl_hard_delta': 0.10879162926439315, 'tp': 0.04490461800882547, 'gate_pct': 99.12973389262724, 'dd_limit': 2.4528084273798805, 'cooldown': 2, 'flip': True, 'en_ema_trend': False, 'ema_trend_fast': 270, 'ema_trend_slow': 391, 'en_sma_trend': False, 'sma_trend_fast': 198, 'sma_trend_slow': 319, 'en_macd': False, 'macd_fast': 57, 'macd_slow': 3, 'macd_signal': 73, 'en_vwap': False, 'en_keltner': False, 'keltner_n': 173, 'keltner_m': 4.5, 'en_obv': False, 'obv_slope': 129, 'en_cci': True, 'cci_n': 134, 'cci_threshold': 140, 'en_rsi': False, 'rsi_n': 60, 'rsi_lower': 31, 'rsi_upper': 58, 'en_stochastic': True, 'stochastic_n': 82, 'stochastic_d': 6, 'stochastic_lower': 37, 'stochastic_upper': 75, 'en_mfi': False, 'mfi_n': 27, 'mfi_lower': 38, 'mfi_upper': 53, 'en_bollinger': True, 'bollinger_n': 83, 'bollinger_k': 0.9, 'en_adx': False, 'adx_n': 22, 'adx_threshold': 25, 'en_structure_trend': False, 'structure_trend_swing_l': 20, 'en_order_block': True, 'order_block_swing_l': 3, 'en_fvg': False, 'fvg_lookback': 9, 'en_ifvg': False, 'en_breaker': False, 'breaker_swing_l': 19, 'en_cisd': True, 'k': 2, 'en_cap_bars': False, 'cap_1min': 1353}.
[I 2026-07-13 16:05:29,353] Trial 3528 finished with values: [-1990.6538648682745, -4376.616234245531, 39.7] and parameters: {'sl_soft': 0.12251964557263084, 'sl_hard_delta': 0.037096762797135426, 'tp': 0.1436367493169176, 'gate_pct': 94.32553955536301, 'dd_limit': 8.683310596224244, 'cooldown': 2, 'flip': False, 'en_ema_trend': True, 'ema_trend_fast': 386, 'ema_trend_slow': 100, 'en_sma_trend': True, 'sma_trend_fast': 81, 'sma_trend_slow': 336, 'en_macd': True, 'macd_fast': 55, 'macd_slow': 63, 'macd_signal': 6, 'en_vwap': True, 'en_keltner': True, 'keltner_n': 56, 'keltner_m': 2.3, 'en_obv': True, 'obv_slope': 51, 'en_cci': False, 'cci_n': 118, 'cci_threshold': 130, 'en_rsi': False, 'rsi_n': 14, 'rsi_lower': 1, 'rsi_upper': 52, 'en_stochastic': True, 'stochastic_n': 89, 'stochastic_d': 25, 'stochastic_lower': 15, 'stochastic_upper': 66, 'en_mfi': False, 'mfi_n': 14, 'mfi_lower': 19, 'mfi_upper': 78, 'en_bollinger': False, 'bollinger_n': 2, 'bollinger_k': 3.8000000000000003, 'en_adx': False, 'adx_n': 48, 'adx_threshold': 29, 'en_structure_trend': False, 'structure_trend_swing_l': 18, 'en_order_block': False, 'order_block_swing_l': 5, 'en_fvg': True, 'fvg_lookback': 22, 'en_ifvg': True, 'en_breaker': False, 'breaker_swing_l': 2, 'en_cisd': False, 'k': 4, 'en_cap_bars': False, 'cap_1min': 542}.
[I 2026-07-13 16:05:29,872] Trial 3529 finished with values: [-754.3891399630099, -4748.812797556211, 31.549999999999997] and parameters: {'sl_soft': 0.02949052716025995, 'sl_hard_delta': 0.17424252774383417, 'tp': 0.18978054300184755, 'gate_pct': 97.66578486655469, 'dd_limit': 2.4528084273798805, 'cooldown': 5, 'flip': True, 'en_ema_trend': False, 'ema_trend_fast': 342, 'ema_trend_slow': 397, 'en_sma_trend': False, 'sma_trend_fast': 198, 'sma_trend_slow': 325, 'en_macd': False, 'macd_fast': 64, 'macd_slow': 3, 'macd_signal': 61, 'en_vwap': True, 'en_keltner': True, 'keltner_n': 135, 'keltner_m': 2.1, 'en_obv': True, 'obv_slope': 129, 'en_cci': True, 'cci_n': 134, 'cci_threshold': 145, 'en_rsi': False, 'rsi_n': 95, 'rsi_lower': 31, 'rsi_upper': 65, 'en_stochastic': False, 'stochastic_n': 82, 'stochastic_d': 17, 'stochastic_lower': 4, 'stochastic_upper': 78, 'en_mfi': True, 'mfi_n': 19, 'mfi_lower': 11, 'mfi_upper': 70, 'en_bollinger': True, 'bollinger_n': 103, 'bollinger_k': 4.2, 'en_adx': False, 'adx_n': 22, 'adx_threshold': 47, 'en_structure_trend': False, 'structure_trend_swing_l': 12, 'en_order_block': True, 'order_block_swing_l': 4, 'en_fvg': False, 'fvg_lookback': 32, 'en_ifvg': False, 'en_breaker': True, 'breaker_swing_l': 18, 'en_cisd': True, 'k': 3, 'en_cap_bars': True, 'cap_1min': 878}.
[I 2026-07-13 16:05:30,420] Trial 3530 finished with values: [-757.4937524862871, -4540.274409484297, 22.049999999999997] and parameters: {'sl_soft': 0.02949052716025995, 'sl_hard_delta': 0.17424252774383417, 'tp': 0.16937546754390323, 'gate_pct': 97.66578486655469, 'dd_limit': 2.4528084273798805, 'cooldown': 2, 'flip': True, 'en_ema_trend': False, 'ema_trend_fast': 77, 'ema_trend_slow': 397, 'en_sma_trend': False, 'sma_trend_fast': 198, 'sma_trend_slow': 325, 'en_macd': False, 'macd_fast': 75, 'macd_slow': 3, 'macd_signal': 61, 'en_vwap': False, 'en_keltner': False, 'keltner_n': 43, 'keltner_m': 2.1, 'en_obv': True, 'obv_slope': 19, 'en_cci': True, 'cci_n': 51, 'cci_threshold': 145, 'en_rsi': False, 'rsi_n': 95, 'rsi_lower': 15, 'rsi_upper': 58, 'en_stochastic': False, 'stochastic_n': 82, 'stochastic_d': 48, 'stochastic_lower': 4, 'stochastic_upper': 78, 'en_mfi': False, 'mfi_n': 72, 'mfi_lower': 23, 'mfi_upper': 80, 'en_bollinger': False, 'bollinger_n': 31, 'bollinger_k': 0.7, 'en_adx': False, 'adx_n': 22, 'adx_threshold': 47, 'en_structure_trend': False, 'structure_trend_swing_l': 6, 'en_order_block': False, 'order_block_swing_l': 13, 'en_fvg': False, 'fvg_lookback': 19, 'en_ifvg': False, 'en_breaker': False, 'breaker_swing_l': 18, 'en_cisd': True, 'k': 4, 'en_cap_bars': False, 'cap_1min': 878}.
[I 2026-07-13 16:05:31,514] Trial 3531 pruned. 
[I 2026-07-13 16:05:39,225] Trial 3532 finished with values: [-1480.2046914485877, -4176.735310355469, 34.849999999999994] and parameters: {'sl_soft': 0.06439762276669186, 'sl_hard_delta': 0.14143713653322113, 'tp': 0.11965293792891196, 'gate_pct': 99.57581637257637, 'dd_limit': 5.319419455229414, 'cooldown': 1, 'flip': False, 'en_ema_trend': True, 'ema_trend_fast': 301, 'ema_trend_slow': 214, 'en_sma_trend': False, 'sma_trend_fast': 165, 'sma_trend_slow': 117, 'en_macd': False, 'macd_fast': 18, 'macd_slow': 188, 'macd_signal': 98, 'en_vwap': False, 'en_keltner': True, 'keltner_n': 76, 'keltner_m': 0.7, 'en_obv': True, 'obv_slope': 173, 'en_cci': False, 'cci_n': 55, 'cci_threshold': 135, 'en_rsi': False, 'rsi_n': 33, 'rsi_lower': 49, 'rsi_upper': 75, 'en_stochastic': True, 'stochastic_n': 62, 'stochastic_d': 13, 'stochastic_lower': 21, 'stochastic_upper': 82, 'en_mfi': True, 'mfi_n': 56, 'mfi_lower': 13, 'mfi_upper': 51, 'en_bollinger': True, 'bollinger_n': 100, 'bollinger_k': 4.5, 'en_adx': False, 'adx_n': 68, 'adx_threshold': 10, 'en_structure_trend': False, 'structure_trend_swing_l': 15, 'en_order_block': False, 'order_block_swing_l': 20, 'en_fvg': True, 'fvg_lookback': 33, 'en_ifvg': True, 'en_breaker': False, 'breaker_swing_l': 11, 'en_cisd': False, 'k': 4, 'en_cap_bars': False, 'cap_1min': 59}.
[I 2026-07-13 16:05:40,774] Trial 3533 finished with values: [2368.204146380038, -2736.262508145728, 44.4] and parameters: {'sl_soft': 0.035486083657367995, 'sl_hard_delta': 0.04269284514679842, 'tp': 0.11965293792891196, 'gate_pct': 97.87184393359011, 'dd_limit': 5.319419455229414, 'cooldown': 2, 'flip': True, 'en_ema_trend': False, 'ema_trend_fast': 114, 'ema_trend_slow': 260, 'en_sma_trend': False, 'sma_trend_fast': 44, 'sma_trend_slow': 117, 'en_macd': True, 'macd_fast': 2, 'macd_slow': 188, 'macd_signal': 19, 'en_vwap': False, 'en_keltner': False, 'keltner_n': 99, 'keltner_m': 3.0, 'en_obv': True, 'obv_slope': 146, 'en_cci': True, 'cci_n': 54, 'cci_threshold': 135, 'en_rsi': False, 'rsi_n': 56, 'rsi_lower': 18, 'rsi_upper': 75, 'en_stochastic': False, 'stochastic_n': 62, 'stochastic_d': 49, 'stochastic_lower': 21, 'stochastic_upper': 91, 'en_mfi': True, 'mfi_n': 97, 'mfi_lower': 16, 'mfi_upper': 51, 'en_bollinger': True, 'bollinger_n': 23, 'bollinger_k': 2.4000000000000004, 'en_adx': False, 'adx_n': 11, 'adx_threshold': 48, 'en_structure_trend': False, 'structure_trend_swing_l': 9, 'en_order_block': False, 'order_block_swing_l': 20, 'en_fvg': True, 'fvg_lookback': 7, 'en_ifvg': False, 'en_breaker': True, 'breaker_swing_l': 20, 'en_cisd': False, 'k': 4, 'en_cap_bars': False, 'cap_1min': 59}.
[I 2026-07-13 16:05:44,511] Trial 3534 pruned. 
[I 2026-07-13 16:05:47,500] Trial 3535 finished with values: [-2191.748876500111, -16877.880726869287, 26.9] and parameters: {'sl_soft': 0.035486083657367995, 'sl_hard_delta': 0.17424252774383417, 'tp': 0.17919529691137454, 'gate_pct': 96.54380504120698, 'dd_limit': 2.3419576250818945, 'cooldown': 2, 'flip': True, 'en_ema_trend': False, 'ema_trend_fast': 77, 'ema_trend_slow': 294, 'en_sma_trend': False, 'sma_trend_fast': 105, 'sma_trend_slow': 351, 'en_macd': True, 'macd_fast': 2, 'macd_slow': 93, 'macd_signal': 34, 'en_vwap': True, 'en_keltner': True, 'keltner_n': 164, 'keltner_m': 3.0, 'en_obv': True, 'obv_slope': 146, 'en_cci': True, 'cci_n': 54, 'cci_threshold': 300, 'en_rsi': False, 'rsi_n': 95, 'rsi_lower': 39, 'rsi_upper': 54, 'en_stochastic': False, 'stochastic_n': 62, 'stochastic_d': 14, 'stochastic_lower': 4, 'stochastic_upper': 97, 'en_mfi': False, 'mfi_n': 76, 'mfi_lower': 11, 'mfi_upper': 54, 'en_bollinger': False, 'bollinger_n': 149, 'bollinger_k': 2.4000000000000004, 'en_adx': False, 'adx_n': 98, 'adx_threshold': 39, 'en_structure_trend': False, 'structure_trend_swing_l': 9, 'en_order_block': False, 'order_block_swing_l': 4, 'en_fvg': True, 'fvg_lookback': 24, 'en_ifvg': False, 'en_breaker': False, 'breaker_swing_l': 18, 'en_cisd': False, 'k': 5, 'en_cap_bars': False, 'cap_1min': 1250}.
[I 2026-07-13 16:05:49,777] Trial 3536 pruned. 
[I 2026-07-13 16:05:51,155] Trial 3537 finished with values: [-428.77629033002404, -3134.2005802568447, 41.45] and parameters: {'sl_soft': 0.07787542705544737, 'sl_hard_delta': 0.17424252774383417, 'tp': 0.16369789677360067, 'gate_pct': 97.66578486655469, 'dd_limit': 2.4528084273798805, 'cooldown': 2, 'flip': True, 'en_ema_trend': False, 'ema_trend_fast': 113, 'ema_trend_slow': 397, 'en_sma_trend': False, 'sma_trend_fast': 198, 'sma_trend_slow': 319, 'en_macd': False, 'macd_fast': 70, 'macd_slow': 3, 'macd_signal': 61, 'en_vwap': False, 'en_keltner': True, 'keltner_n': 135, 'keltner_m': 2.1, 'en_obv': True, 'obv_slope': 13, 'en_cci': True, 'cci_n': 197, 'cci_threshold': 145, 'en_rsi': False, 'rsi_n': 95, 'rsi_lower': 1, 'rsi_upper': 58, 'en_stochastic': False, 'stochastic_n': 23, 'stochastic_d': 43, 'stochastic_lower': 4, 'stochastic_upper': 78, 'en_mfi': True, 'mfi_n': 8, 'mfi_lower': 11, 'mfi_upper': 70, 'en_bollinger': True, 'bollinger_n': 169, 'bollinger_k': 1.1, 'en_adx': False, 'adx_n': 48, 'adx_threshold': 47, 'en_structure_trend': False, 'structure_trend_swing_l': 12, 'en_order_block': False, 'order_block_swing_l': 4, 'en_fvg': False, 'fvg_lookback': 40, 'en_ifvg': False, 'en_breaker': False, 'breaker_swing_l': 18, 'en_cisd': True, 'k': 3, 'en_cap_bars': True, 'cap_1min': 878}.
[I 2026-07-13 16:05:52,661] Trial 3538 finished with values: [2200.1883859477175, -6967.913981913796, 42.2] and parameters: {'sl_soft': 0.07922784441362493, 'sl_hard_delta': 0.17424252774383417, 'tp': 0.22764934612355112, 'gate_pct': 99.55888908721671, 'dd_limit': 2.4528084273798805, 'cooldown': 6, 'flip': True, 'en_ema_trend': True, 'ema_trend_fast': 323, 'ema_trend_slow': 294, 'en_sma_trend': False, 'sma_trend_fast': 198, 'sma_trend_slow': 325, 'en_macd': False, 'macd_fast': 64, 'macd_slow': 53, 'macd_signal': 3, 'en_vwap': False, 'en_keltner': False, 'keltner_n': 135, 'keltner_m': 0.7, 'en_obv': True, 'obv_slope': 19, 'en_cci': True, 'cci_n': 134, 'cci_threshold': 245, 'en_rsi': False, 'rsi_n': 73, 'rsi_lower': 9, 'rsi_upper': 58, 'en_stochastic': False, 'stochastic_n': 6, 'stochastic_d': 17, 'stochastic_lower': 21, 'stochastic_upper': 97, 'en_mfi': False, 'mfi_n': 8, 'mfi_lower': 23, 'mfi_upper': 70, 'en_bollinger': False, 'bollinger_n': 31, 'bollinger_k': 1.1, 'en_adx': False, 'adx_n': 39, 'adx_threshold': 47, 'en_structure_trend': True, 'structure_trend_swing_l': 12, 'en_order_block': False, 'order_block_swing_l': 4, 'en_fvg': False, 'fvg_lookback': 19, 'en_ifvg': False, 'en_breaker': False, 'breaker_swing_l': 14, 'en_cisd': True, 'k': 1, 'en_cap_bars': True, 'cap_1min': 1239}.
[I 2026-07-13 16:05:53,573] Trial 3539 pruned. 
[I 2026-07-13 16:05:53,872] Trial 3540 pruned. 
[I 2026-07-13 16:05:54,408] Trial 3541 finished with values: [2598.864793274328, -7903.833758742778, 40.25] and parameters: {'sl_soft': 0.09561626693152817, 'sl_hard_delta': 0.00457699733972642, 'tp': 0.16369789677360067, 'gate_pct': 99.12973389262724, 'dd_limit': 6.844711394584541, 'cooldown': 2, 'flip': True, 'en_ema_trend': False, 'ema_trend_fast': 342, 'ema_trend_slow': 391, 'en_sma_trend': False, 'sma_trend_fast': 198, 'sma_trend_slow': 319, 'en_macd': False, 'macd_fast': 10, 'macd_slow': 3, 'macd_signal': 61, 'en_vwap': False, 'en_keltner': True, 'keltner_n': 135, 'keltner_m': 0.5, 'en_obv': True, 'obv_slope': 129, 'en_cci': True, 'cci_n': 2, 'cci_threshold': 145, 'en_rsi': True, 'rsi_n': 95, 'rsi_lower': 31, 'rsi_upper': 58, 'en_stochastic': False, 'stochastic_n': 82, 'stochastic_d': 17, 'stochastic_lower': 4, 'stochastic_upper': 78, 'en_mfi': False, 'mfi_n': 27, 'mfi_lower': 38, 'mfi_upper': 70, 'en_bollinger': True, 'bollinger_n': 155, 'bollinger_k': 4.2, 'en_adx': False, 'adx_n': 22, 'adx_threshold': 49, 'en_structure_trend': False, 'structure_trend_swing_l': 1, 'en_order_block': False, 'order_block_swing_l': 4, 'en_fvg': False, 'fvg_lookback': 19, 'en_ifvg': False, 'en_breaker': False, 'breaker_swing_l': 19, 'en_cisd': True, 'k': 2, 'en_cap_bars': True, 'cap_1min': 839}.
[I 2026-07-13 16:05:55,002] Trial 3542 finished with values: [-222.87470178827814, -8684.310487184917, 35.0] and parameters: {'sl_soft': 0.02949052716025995, 'sl_hard_delta': 0.17424252774383417, 'tp': 0.16369789677360067, 'gate_pct': 97.66578486655469, 'dd_limit': 8.683310596224244, 'cooldown': 2, 'flip': False, 'en_ema_trend': True, 'ema_trend_fast': 386, 'ema_trend_slow': 284, 'en_sma_trend': False, 'sma_trend_fast': 198, 'sma_trend_slow': 336, 'en_macd': False, 'macd_fast': 10, 'macd_slow': 63, 'macd_signal': 48, 'en_vwap': False, 'en_keltner': True, 'keltner_n': 135, 'keltner_m': 2.1, 'en_obv': True, 'obv_slope': 129, 'en_cci': False, 'cci_n': 118, 'cci_threshold': 145, 'en_rsi': False, 'rsi_n': 77, 'rsi_lower': 31, 'rsi_upper': 68, 'en_stochastic': False, 'stochastic_n': 87, 'stochastic_d': 28, 'stochastic_lower': 4, 'stochastic_upper': 66, 'en_mfi': False, 'mfi_n': 14, 'mfi_lower': 11, 'mfi_upper': 70, 'en_bollinger': True, 'bollinger_n': 2, 'bollinger_k': 4.2, 'en_adx': False, 'adx_n': 22, 'adx_threshold': 29, 'en_structure_trend': False, 'structure_trend_swing_l': 12, 'en_order_block': False, 'order_block_swing_l': 4, 'en_fvg': False, 'fvg_lookback': 22, 'en_ifvg': False, 'en_breaker': False, 'breaker_swing_l': 2, 'en_cisd': False, 'k': 3, 'en_cap_bars': False, 'cap_1min': 878}.
[I 2026-07-13 16:05:56,331] Trial 3543 finished with values: [346.4326107497585, -16469.79735142519, 66.94999999999999] and parameters: {'sl_soft': 0.03867303262411816, 'sl_hard_delta': 0.17424252774383417, 'tp': 0.03810555008976396, 'gate_pct': 97.87184393359011, 'dd_limit': 2.4528084273798805, 'cooldown': 0, 'flip': True, 'en_ema_trend': False, 'ema_trend_fast': 323, 'ema_trend_slow': 294, 'en_sma_trend': False, 'sma_trend_fast': 44, 'sma_trend_slow': 351, 'en_macd': False, 'macd_fast': 64, 'macd_slow': 123, 'macd_signal': 19, 'en_vwap': False, 'en_keltner': True, 'keltner_n': 153, 'keltner_m': 2.1, 'en_obv': True, 'obv_slope': 92, 'en_cci': True, 'cci_n': 172, 'cci_threshold': 290, 'en_rsi': True, 'rsi_n': 71, 'rsi_lower': 31, 'rsi_upper': 58, 'en_stochastic': True, 'stochastic_n': 45, 'stochastic_d': 43, 'stochastic_lower': 4, 'stochastic_upper': 97, 'en_mfi': False, 'mfi_n': 9, 'mfi_lower': 11, 'mfi_upper': 57, 'en_bollinger': False, 'bollinger_n': 139, 'bollinger_k': 1.0, 'en_adx': False, 'adx_n': 12, 'adx_threshold': 17, 'en_structure_trend': False, 'structure_trend_swing_l': 7, 'en_order_block': False, 'order_block_swing_l': 4, 'en_fvg': False, 'fvg_lookback': 7, 'en_ifvg': True, 'en_breaker': False, 'breaker_swing_l': 18, 'en_cisd': True, 'k': 3, 'en_cap_bars': True, 'cap_1min': 1243}.
[I 2026-07-13 16:05:58,721] Trial 3544 pruned. 
[I 2026-07-13 16:05:59,717] Trial 3545 finished with values: [578.5349645154093, -8178.58125728087, 48.2] and parameters: {'sl_soft': 0.12251964557263084, 'sl_hard_delta': 0.00457699733972642, 'tp': 0.1436367493169176, 'gate_pct': 96.03464624110227, 'dd_limit': 6.844711394584541, 'cooldown': 6, 'flip': False, 'en_ema_trend': True, 'ema_trend_fast': 113, 'ema_trend_slow': 284, 'en_sma_trend': False, 'sma_trend_fast': 175, 'sma_trend_slow': 325, 'en_macd': True, 'macd_fast': 19, 'macd_slow': 63, 'macd_signal': 48, 'en_vwap': True, 'en_keltner': False, 'keltner_n': 56, 'keltner_m': 0.5, 'en_obv': True, 'obv_slope': 51, 'en_cci': False, 'cci_n': 2, 'cci_threshold': 130, 'en_rsi': False, 'rsi_n': 73, 'rsi_lower': 26, 'rsi_upper': 68, 'en_stochastic': False, 'stochastic_n': 6, 'stochastic_d': 43, 'stochastic_lower': 17, 'stochastic_upper': 66, 'en_mfi': False, 'mfi_n': 60, 'mfi_lower': 47, 'mfi_upper': 57, 'en_bollinger': False, 'bollinger_n': 31, 'bollinger_k': 3.8000000000000003, 'en_adx': False, 'adx_n': 48, 'adx_threshold': 29, 'en_structure_trend': False, 'structure_trend_swing_l': 1, 'en_order_block': False, 'order_block_swing_l': 5, 'en_fvg': False, 'fvg_lookback': 32, 'en_ifvg': False, 'en_breaker': False, 'breaker_swing_l': 2, 'en_cisd': False, 'k': 1, 'en_cap_bars': False, 'cap_1min': 542}.
