[I 2026-07-13 15:41:52,424] Trial 2925 finished with values: [1713.8854114745964, -6994.461490751009, 38.1] and parameters: {'sl_soft': 0.08896676338705692, 'sl_hard_delta': 0.019990606376386538, 'tp': 0.23899988594989036, 'gate_pct': 98.19812780594039, 'dd_limit': 8.695879980087707, 'cooldown': 2, 'flip': False, 'en_ema_trend': False, 'ema_trend_fast': 277, 'ema_trend_slow': 178, 'en_sma_trend': True, 'sma_trend_fast': 274, 'sma_trend_slow': 94, 'en_macd': False, 'macd_fast': 51, 'macd_slow': 59, 'macd_signal': 43, 'en_vwap': False, 'en_keltner': True, 'keltner_n': 173, 'keltner_m': 3.8000000000000003, 'en_obv': False, 'obv_slope': 125, 'en_cci': True, 'cci_n': 108, 'cci_threshold': 130, 'en_rsi': False, 'rsi_n': 42, 'rsi_lower': 38, 'rsi_upper': 57, 'en_stochastic': True, 'stochastic_n': 44, 'stochastic_d': 45, 'stochastic_lower': 13, 'stochastic_upper': 93, 'en_mfi': True, 'mfi_n': 42, 'mfi_lower': 28, 'mfi_upper': 83, 'en_bollinger': False, 'bollinger_n': 192, 'bollinger_k': 1.6, 'en_adx': True, 'adx_n': 96, 'adx_threshold': 9, 'en_structure_trend': False, 'structure_trend_swing_l': 3, 'en_order_block': False, 'order_block_swing_l': 19, 'en_fvg': False, 'fvg_lookback': 33, 'en_ifvg': False, 'en_breaker': True, 'breaker_swing_l': 7, 'en_cisd': False, 'k': 1, 'en_cap_bars': True, 'cap_1min': 213}.
[I 2026-07-13 15:41:53,410] Trial 2926 pruned. 
[I 2026-07-13 15:41:54,459] Trial 2927 pruned. 
[I 2026-07-13 15:41:57,148] Trial 2928 pruned. 
[I 2026-07-13 15:42:00,922] Trial 2929 pruned. 
[I 2026-07-13 15:42:02,420] Trial 2930 pruned. 
[I 2026-07-13 15:42:02,826] Trial 2931 pruned. 
[I 2026-07-13 15:42:04,070] Trial 2932 pruned. 
[I 2026-07-13 15:42:06,802] Trial 2933 pruned. 
[I 2026-07-13 15:42:07,740] Trial 2934 pruned. 
[I 2026-07-13 15:42:08,247] Trial 2935 pruned. 
[I 2026-07-13 15:42:08,692] Trial 2936 pruned. 
[I 2026-07-13 15:42:09,798] Trial 2937 pruned. 
[I 2026-07-13 15:42:11,649] Trial 2938 pruned. 
[I 2026-07-13 15:42:12,813] Trial 2939 pruned. 
[I 2026-07-13 15:42:14,066] Trial 2940 pruned. 
[I 2026-07-13 15:42:16,883] Trial 2941 pruned. 
[I 2026-07-13 15:42:17,265] Trial 2942 pruned. 
[I 2026-07-13 15:42:18,275] Trial 2943 pruned. 
[I 2026-07-13 15:42:19,216] Trial 2944 pruned. 
[I 2026-07-13 15:42:20,449] Trial 2945 pruned. 
[I 2026-07-13 15:42:21,381] Trial 2946 pruned. 
[I 2026-07-13 15:42:25,084] Trial 2947 pruned. 
[I 2026-07-13 15:42:26,351] Trial 2948 pruned. 
[I 2026-07-13 15:42:27,278] Trial 2949 pruned. 
[I 2026-07-13 15:42:28,716] Trial 2950 pruned. 
[I 2026-07-13 15:42:29,206] Trial 2951 pruned. 
[I 2026-07-13 15:42:29,989] Trial 2952 pruned. 
[I 2026-07-13 15:42:31,353] Trial 2953 pruned. 
[I 2026-07-13 15:42:31,582] Trial 2954 pruned. 
[I 2026-07-13 15:42:33,196] Trial 2955 pruned. 
[I 2026-07-13 15:42:34,108] Trial 2956 pruned. 
[I 2026-07-13 15:42:34,588] Trial 2957 pruned. 
[I 2026-07-13 15:42:38,071] Trial 2958 pruned. 
[I 2026-07-13 15:42:38,920] Trial 2959 pruned. 
[I 2026-07-13 15:42:39,145] Trial 2960 pruned. 
[I 2026-07-13 15:42:44,015] Trial 2961 finished with values: [509.5903905821143, -14344.375219424433, 38.35] and parameters: {'sl_soft': 0.11408162340074823, 'sl_hard_delta': 0.09641350688987868, 'tp': 0.24014782075290925, 'gate_pct': 95.9102431258569, 'dd_limit': 0.7901269238090842, 'cooldown': 1, 'flip': True, 'en_ema_trend': True, 'ema_trend_fast': 157, 'ema_trend_slow': 157, 'en_sma_trend': True, 'sma_trend_fast': 331, 'sma_trend_slow': 213, 'en_macd': True, 'macd_fast': 57, 'macd_slow': 156, 'macd_signal': 23, 'en_vwap': False, 'en_keltner': True, 'keltner_n': 110, 'keltner_m': 1.0, 'en_obv': False, 'obv_slope': 146, 'en_cci': True, 'cci_n': 4, 'cci_threshold': 190, 'en_rsi': True, 'rsi_n': 53, 'rsi_lower': 44, 'rsi_upper': 88, 'en_stochastic': False, 'stochastic_n': 49, 'stochastic_d': 34, 'stochastic_lower': 31, 'stochastic_upper': 99, 'en_mfi': False, 'mfi_n': 68, 'mfi_lower': 15, 'mfi_upper': 85, 'en_bollinger': False, 'bollinger_n': 114, 'bollinger_k': 3.3000000000000003, 'en_adx': False, 'adx_n': 17, 'adx_threshold': 42, 'en_structure_trend': False, 'structure_trend_swing_l': 19, 'en_order_block': True, 'order_block_swing_l': 11, 'en_fvg': False, 'fvg_lookback': 22, 'en_ifvg': True, 'en_breaker': True, 'breaker_swing_l': 6, 'en_cisd': True, 'k': 3, 'en_cap_bars': False, 'cap_1min': 600}.
[I 2026-07-13 15:42:44,984] Trial 2962 pruned. 
[I 2026-07-13 15:42:46,886] Trial 2963 pruned. 
[I 2026-07-13 15:42:47,890] Trial 2964 pruned. 
[I 2026-07-13 15:42:49,271] Trial 2965 pruned. 
[I 2026-07-13 15:42:50,162] Trial 2966 pruned. 
[I 2026-07-13 15:42:51,128] Trial 2967 pruned. 
[I 2026-07-13 15:42:52,658] Trial 2968 pruned. 
[I 2026-07-13 15:42:53,541] Trial 2969 pruned. 
[I 2026-07-13 15:42:54,638] Trial 2970 pruned. 
[I 2026-07-13 15:42:55,637] Trial 2971 pruned. 
[I 2026-07-13 15:42:56,684] Trial 2972 pruned. 
[I 2026-07-13 15:42:57,536] Trial 2973 pruned. 
[I 2026-07-13 15:42:58,078] Trial 2974 pruned. 
[I 2026-07-13 15:42:58,691] Trial 2975 pruned. 
[I 2026-07-13 15:42:59,917] Trial 2976 pruned. 
[I 2026-07-13 15:43:02,129] Trial 2977 pruned. 
[I 2026-07-13 15:43:03,226] Trial 2978 pruned. 
[I 2026-07-13 15:43:04,886] Trial 2979 pruned. 
[I 2026-07-13 15:43:05,811] Trial 2980 pruned. 
[I 2026-07-13 15:43:07,477] Trial 2981 pruned. 
[I 2026-07-13 15:43:08,286] Trial 2982 pruned. 
[I 2026-07-13 15:43:09,040] Trial 2983 pruned. 
[I 2026-07-13 15:43:09,620] Trial 2984 pruned. 
[I 2026-07-13 15:43:11,326] Trial 2985 pruned. 
[I 2026-07-13 15:43:12,400] Trial 2986 pruned. 
[I 2026-07-13 15:43:13,555] Trial 2987 pruned. 
[I 2026-07-13 15:43:13,888] Trial 2988 pruned. 
[I 2026-07-13 15:43:15,212] Trial 2989 pruned. 
[I 2026-07-13 15:43:16,935] Trial 2990 pruned. 
[I 2026-07-13 15:43:18,740] Trial 2991 pruned. 
[I 2026-07-13 15:43:22,393] Trial 2992 finished with values: [-606.2341991973063, -17070.56302076808, 40.3] and parameters: {'sl_soft': 0.12686859823690344, 'sl_hard_delta': 0.021854065662955, 'tp': 0.1746086046364101, 'gate_pct': 96.1200905209727, 'dd_limit': 7.263643020862046, 'cooldown': 2, 'flip': False, 'en_ema_trend': False, 'ema_trend_fast': 116, 'ema_trend_slow': 21, 'en_sma_trend': True, 'sma_trend_fast': 153, 'sma_trend_slow': 322, 'en_macd': True, 'macd_fast': 36, 'macd_slow': 118, 'macd_signal': 12, 'en_vwap': True, 'en_keltner': True, 'keltner_n': 64, 'keltner_m': 4.4, 'en_obv': True, 'obv_slope': 96, 'en_cci': False, 'cci_n': 116, 'cci_threshold': 115, 'en_rsi': False, 'rsi_n': 57, 'rsi_lower': 15, 'rsi_upper': 60, 'en_stochastic': False, 'stochastic_n': 29, 'stochastic_d': 44, 'stochastic_lower': 7, 'stochastic_upper': 63, 'en_mfi': False, 'mfi_n': 8, 'mfi_lower': 40, 'mfi_upper': 94, 'en_bollinger': True, 'bollinger_n': 33, 'bollinger_k': 2.4000000000000004, 'en_adx': False, 'adx_n': 55, 'adx_threshold': 8, 'en_structure_trend': True, 'structure_trend_swing_l': 13, 'en_order_block': False, 'order_block_swing_l': 10, 'en_fvg': False, 'fvg_lookback': 48, 'en_ifvg': False, 'en_breaker': True, 'breaker_swing_l': 9, 'en_cisd': True, 'k': 2, 'en_cap_bars': True, 'cap_1min': 143}.
[I 2026-07-13 15:43:23,786] Trial 2993 pruned. 
[I 2026-07-13 15:43:24,687] Trial 2994 pruned. 
[I 2026-07-13 15:43:25,881] Trial 2995 pruned. 
[I 2026-07-13 15:43:28,061] Trial 2996 pruned. 
[I 2026-07-13 15:43:29,250] Trial 2997 pruned. 
[I 2026-07-13 15:43:30,562] Trial 2998 pruned. 
[I 2026-07-13 15:43:31,189] Trial 2999 pruned. 
[I 2026-07-13 15:43:31,394] Trial 3000 pruned. 
[I 2026-07-13 15:43:32,450] Trial 3001 pruned. 
[I 2026-07-13 15:43:35,119] Trial 3002 pruned. 
[I 2026-07-13 15:43:35,618] Trial 3003 pruned. 
[I 2026-07-13 15:43:37,270] Trial 3004 pruned. 
[I 2026-07-13 15:43:40,231] Trial 3005 finished with values: [-2798.2723372132227, -30986.111907986266, 44.55] and parameters: {'sl_soft': 0.12141988704752826, 'sl_hard_delta': 0.0779895484816964, 'tp': 0.13632730523742687, 'gate_pct': 94.04749196649728, 'dd_limit': 2.2378945291746732, 'cooldown': 2, 'flip': False, 'en_ema_trend': True, 'ema_trend_fast': 30, 'ema_trend_slow': 255, 'en_sma_trend': True, 'sma_trend_fast': 118, 'sma_trend_slow': 137, 'en_macd': False, 'macd_fast': 10, 'macd_slow': 12, 'macd_signal': 52, 'en_vwap': True, 'en_keltner': False, 'keltner_n': 9, 'keltner_m': 0.5, 'en_obv': True, 'obv_slope': 155, 'en_cci': False, 'cci_n': 18, 'cci_threshold': 180, 'en_rsi': True, 'rsi_n': 84, 'rsi_lower': 34, 'rsi_upper': 87, 'en_stochastic': False, 'stochastic_n': 61, 'stochastic_d': 50, 'stochastic_lower': 33, 'stochastic_upper': 60, 'en_mfi': True, 'mfi_n': 99, 'mfi_lower': 15, 'mfi_upper': 63, 'en_bollinger': True, 'bollinger_n': 142, 'bollinger_k': 5.0, 'en_adx': False, 'adx_n': 56, 'adx_threshold': 12, 'en_structure_trend': False, 'structure_trend_swing_l': 7, 'en_order_block': True, 'order_block_swing_l': 18, 'en_fvg': False, 'fvg_lookback': 44, 'en_ifvg': False, 'en_breaker': True, 'breaker_swing_l': 11, 'en_cisd': False, 'k': 4, 'en_cap_bars': False, 'cap_1min': 461}.
[I 2026-07-13 15:43:42,110] Trial 3006 pruned. 
[I 2026-07-13 15:43:43,418] Trial 3007 pruned. 
[I 2026-07-13 15:43:45,065] Trial 3008 pruned. 
[I 2026-07-13 15:43:46,577] Trial 3009 pruned. 
[I 2026-07-13 15:43:46,908] Trial 3010 pruned. 
[I 2026-07-13 15:43:49,266] Trial 3011 finished with values: [2865.429121190673, -7159.029326279338, 36.4] and parameters: {'sl_soft': 0.05039055847964153, 'sl_hard_delta': 0.18068643238254392, 'tp': 0.21482803995865327, 'gate_pct': 96.6342350251747, 'dd_limit': 7.573309416194954, 'cooldown': 0, 'flip': True, 'en_ema_trend': False, 'ema_trend_fast': 283, 'ema_trend_slow': 184, 'en_sma_trend': True, 'sma_trend_fast': 304, 'sma_trend_slow': 187, 'en_macd': False, 'macd_fast': 81, 'macd_slow': 157, 'macd_signal': 76, 'en_vwap': False, 'en_keltner': True, 'keltner_n': 33, 'keltner_m': 1.9000000000000001, 'en_obv': True, 'obv_slope': 92, 'en_cci': False, 'cci_n': 156, 'cci_threshold': 80, 'en_rsi': False, 'rsi_n': 81, 'rsi_lower': 3, 'rsi_upper': 61, 'en_stochastic': False, 'stochastic_n': 81, 'stochastic_d': 42, 'stochastic_lower': 4, 'stochastic_upper': 93, 'en_mfi': True, 'mfi_n': 78, 'mfi_lower': 12, 'mfi_upper': 80, 'en_bollinger': False, 'bollinger_n': 30, 'bollinger_k': 4.5, 'en_adx': False, 'adx_n': 19, 'adx_threshold': 36, 'en_structure_trend': True, 'structure_trend_swing_l': 13, 'en_order_block': False, 'order_block_swing_l': 1, 'en_fvg': True, 'fvg_lookback': 48, 'en_ifvg': True, 'en_breaker': True, 'breaker_swing_l': 15, 'en_cisd': True, 'k': 1, 'en_cap_bars': False, 'cap_1min': 1201}.
[I 2026-07-13 15:43:50,796] Trial 3012 pruned. 
[I 2026-07-13 15:43:52,424] Trial 3013 pruned. 
[I 2026-07-13 15:43:52,783] Trial 3014 pruned. 
[I 2026-07-13 15:43:53,354] Trial 3015 pruned. 
[I 2026-07-13 15:43:53,938] Trial 3016 pruned. 
[I 2026-07-13 15:43:55,000] Trial 3017 pruned. 
[I 2026-07-13 15:43:58,007] Trial 3018 pruned. 
[I 2026-07-13 15:43:58,407] Trial 3019 pruned. 
[I 2026-07-13 15:43:58,919] Trial 3020 pruned. 
[I 2026-07-13 15:44:00,207] Trial 3021 pruned. 
[I 2026-07-13 15:44:01,626] Trial 3022 pruned. 
[I 2026-07-13 15:44:02,956] Trial 3023 pruned. 
[I 2026-07-13 15:44:04,762] Trial 3024 pruned. 
[I 2026-07-13 15:44:05,074] Trial 3025 pruned. 
[I 2026-07-13 15:44:06,567] Trial 3026 pruned. 
[I 2026-07-13 15:44:06,959] Trial 3027 pruned. 
[I 2026-07-13 15:44:07,962] Trial 3028 pruned. 
[I 2026-07-13 15:44:08,305] Trial 3029 pruned. 
[I 2026-07-13 15:44:09,839] Trial 3030 pruned. 
[I 2026-07-13 15:44:11,069] Trial 3031 pruned. 
[I 2026-07-13 15:44:11,557] Trial 3032 pruned. 
[I 2026-07-13 15:44:15,670] Trial 3033 finished with values: [-727.0500689478783, -5440.736244516841, 72.05000000000001] and parameters: {'sl_soft': 0.06439762276669186, 'sl_hard_delta': 0.16209355299609657, 'tp': 0.04417805554007266, 'gate_pct': 99.60506126830711, 'dd_limit': 6.5154853630492955, 'cooldown': 0, 'flip': True, 'en_ema_trend': True, 'ema_trend_fast': 97, 'ema_trend_slow': 212, 'en_sma_trend': True, 'sma_trend_fast': 265, 'sma_trend_slow': 50, 'en_macd': True, 'macd_fast': 18, 'macd_slow': 127, 'macd_signal': 98, 'en_vwap': False, 'en_keltner': False, 'keltner_n': 79, 'keltner_m': 0.7, 'en_obv': True, 'obv_slope': 92, 'en_cci': True, 'cci_n': 172, 'cci_threshold': 290, 'en_rsi': True, 'rsi_n': 56, 'rsi_lower': 28, 'rsi_upper': 90, 'en_stochastic': False, 'stochastic_n': 98, 'stochastic_d': 49, 'stochastic_lower': 21, 'stochastic_upper': 78, 'en_mfi': True, 'mfi_n': 97, 'mfi_lower': 27, 'mfi_upper': 51, 'en_bollinger': False, 'bollinger_n': 69, 'bollinger_k': 1.7000000000000002, 'en_adx': False, 'adx_n': 11, 'adx_threshold': 17, 'en_structure_trend': False, 'structure_trend_swing_l': 15, 'en_order_block': False, 'order_block_swing_l': 20, 'en_fvg': True, 'fvg_lookback': 24, 'en_ifvg': True, 'en_breaker': False, 'breaker_swing_l': 13, 'en_cisd': False, 'k': 4, 'en_cap_bars': False, 'cap_1min': 59}.
[I 2026-07-13 15:44:18,695] Trial 3034 pruned. 
[I 2026-07-13 15:44:19,872] Trial 3035 pruned. 
[I 2026-07-13 15:44:20,120] Trial 3036 pruned. 
[I 2026-07-13 15:44:20,357] Trial 3037 finished with values: [-7199.168695588371, -21673.869219678534, 40.5] and parameters: {'sl_soft': 0.13502876610824927, 'sl_hard_delta': 0.029911318811193324, 'tp': 0.18587215468198473, 'gate_pct': 96.65475725098474, 'dd_limit': 5.052448726200229, 'cooldown': 0, 'flip': False, 'en_ema_trend': True, 'ema_trend_fast': 193, 'ema_trend_slow': 236, 'en_sma_trend': True, 'sma_trend_fast': 70, 'sma_trend_slow': 191, 'en_macd': True, 'macd_fast': 11, 'macd_slow': 74, 'macd_signal': 60, 'en_vwap': True, 'en_keltner': True, 'keltner_n': 122, 'keltner_m': 1.9000000000000001, 'en_obv': False, 'obv_slope': 19, 'en_cci': True, 'cci_n': 107, 'cci_threshold': 205, 'en_rsi': False, 'rsi_n': 40, 'rsi_lower': 32, 'rsi_upper': 79, 'en_stochastic': False, 'stochastic_n': 70, 'stochastic_d': 46, 'stochastic_lower': 26, 'stochastic_upper': 78, 'en_mfi': True, 'mfi_n': 95, 'mfi_lower': 36, 'mfi_upper': 87, 'en_bollinger': False, 'bollinger_n': 48, 'bollinger_k': 0.9, 'en_adx': False, 'adx_n': 44, 'adx_threshold': 9, 'en_structure_trend': True, 'structure_trend_swing_l': 20, 'en_order_block': False, 'order_block_swing_l': 4, 'en_fvg': False, 'fvg_lookback': 49, 'en_ifvg': True, 'en_breaker': False, 'breaker_swing_l': 16, 'en_cisd': True, 'k': 3, 'en_cap_bars': True, 'cap_1min': 1399}.
[I 2026-07-13 15:44:22,091] Trial 3038 pruned. 
[I 2026-07-13 15:44:26,964] Trial 3039 finished with values: [1958.3971555205783, -12784.145758618875, 29.35] and parameters: {'sl_soft': 0.028881128668712973, 'sl_hard_delta': 0.16805834987911447, 'tp': 0.17296438123378804, 'gate_pct': 97.00844078669539, 'dd_limit': 1.2256325546234672, 'cooldown': 2, 'flip': False, 'en_ema_trend': True, 'ema_trend_fast': 35, 'ema_trend_slow': 320, 'en_sma_trend': True, 'sma_trend_fast': 331, 'sma_trend_slow': 379, 'en_macd': True, 'macd_fast': 5, 'macd_slow': 72, 'macd_signal': 45, 'en_vwap': True, 'en_keltner': True, 'keltner_n': 60, 'keltner_m': 2.0, 'en_obv': False, 'obv_slope': 2, 'en_cci': True, 'cci_n': 78, 'cci_threshold': 50, 'en_rsi': True, 'rsi_n': 40, 'rsi_lower': 5, 'rsi_upper': 74, 'en_stochastic': False, 'stochastic_n': 27, 'stochastic_d': 6, 'stochastic_lower': 27, 'stochastic_upper': 94, 'en_mfi': False, 'mfi_n': 13, 'mfi_lower': 42, 'mfi_upper': 69, 'en_bollinger': True, 'bollinger_n': 172, 'bollinger_k': 3.8000000000000003, 'en_adx': False, 'adx_n': 35, 'adx_threshold': 20, 'en_structure_trend': False, 'structure_trend_swing_l': 1, 'en_order_block': False, 'order_block_swing_l': 18, 'en_fvg': False, 'fvg_lookback': 2, 'en_ifvg': True, 'en_breaker': False, 'breaker_swing_l': 3, 'en_cisd': False, 'k': 1, 'en_cap_bars': True, 'cap_1min': 1271}.
[I 2026-07-13 15:44:28,144] Trial 3040 finished with values: [1365.3573222437917, -5942.52168167351, 29.35] and parameters: {'sl_soft': 0.035486083657367995, 'sl_hard_delta': 0.02804193502789015, 'tp': 0.17919529691137454, 'gate_pct': 97.28704165170988, 'dd_limit': 8.683310596224244, 'cooldown': 7, 'flip': True, 'en_ema_trend': True, 'ema_trend_fast': 386, 'ema_trend_slow': 304, 'en_sma_trend': False, 'sma_trend_fast': 360, 'sma_trend_slow': 280, 'en_macd': True, 'macd_fast': 80, 'macd_slow': 161, 'macd_signal': 18, 'en_vwap': False, 'en_keltner': True, 'keltner_n': 56, 'keltner_m': 1.4, 'en_obv': True, 'obv_slope': 25, 'en_cci': False, 'cci_n': 54, 'cci_threshold': 205, 'en_rsi': False, 'rsi_n': 100, 'rsi_lower': 14, 'rsi_upper': 68, 'en_stochastic': False, 'stochastic_n': 87, 'stochastic_d': 28, 'stochastic_lower': 40, 'stochastic_upper': 57, 'en_mfi': False, 'mfi_n': 11, 'mfi_lower': 22, 'mfi_upper': 54, 'en_bollinger': False, 'bollinger_n': 78, 'bollinger_k': 2.7, 'en_adx': False, 'adx_n': 48, 'adx_threshold': 29, 'en_structure_trend': False, 'structure_trend_swing_l': 19, 'en_order_block': True, 'order_block_swing_l': 13, 'en_fvg': False, 'fvg_lookback': 24, 'en_ifvg': True, 'en_breaker': True, 'breaker_swing_l': 19, 'en_cisd': False, 'k': 3, 'en_cap_bars': False, 'cap_1min': 542}.
[I 2026-07-13 15:44:34,541] Trial 3041 finished with values: [-686.8623583774358, -2024.3035066050654, 52.25] and parameters: {'sl_soft': 0.06439762276669186, 'sl_hard_delta': 0.010442170043487192, 'tp': 0.04417805554007266, 'gate_pct': 99.60506126830711, 'dd_limit': 3.021375135532224, 'cooldown': 0, 'flip': False, 'en_ema_trend': False, 'ema_trend_fast': 97, 'ema_trend_slow': 125, 'en_sma_trend': True, 'sma_trend_fast': 265, 'sma_trend_slow': 268, 'en_macd': True, 'macd_fast': 18, 'macd_slow': 91, 'macd_signal': 98, 'en_vwap': False, 'en_keltner': False, 'keltner_n': 153, 'keltner_m': 2.8000000000000003, 'en_obv': False, 'obv_slope': 92, 'en_cci': True, 'cci_n': 172, 'cci_threshold': 290, 'en_rsi': True, 'rsi_n': 71, 'rsi_lower': 18, 'rsi_upper': 94, 'en_stochastic': True, 'stochastic_n': 98, 'stochastic_d': 22, 'stochastic_lower': 21, 'stochastic_upper': 78, 'en_mfi': True, 'mfi_n': 97, 'mfi_lower': 27, 'mfi_upper': 51, 'en_bollinger': False, 'bollinger_n': 69, 'bollinger_k': 1.0, 'en_adx': False, 'adx_n': 12, 'adx_threshold': 17, 'en_structure_trend': False, 'structure_trend_swing_l': 15, 'en_order_block': False, 'order_block_swing_l': 20, 'en_fvg': True, 'fvg_lookback': 24, 'en_ifvg': True, 'en_breaker': False, 'breaker_swing_l': 16, 'en_cisd': False, 'k': 4, 'en_cap_bars': True, 'cap_1min': 1243}.
[I 2026-07-13 15:44:36,365] Trial 3042 finished with values: [-1604.4579672039913, -6291.498492340252, 33.65] and parameters: {'sl_soft': 0.035486083657367995, 'sl_hard_delta': 0.02804193502789015, 'tp': 0.08282613433900768, 'gate_pct': 96.82972780322679, 'dd_limit': 0.7627381108845042, 'cooldown': 7, 'flip': True, 'en_ema_trend': False, 'ema_trend_fast': 24, 'ema_trend_slow': 397, 'en_sma_trend': True, 'sma_trend_fast': 360, 'sma_trend_slow': 35, 'en_macd': False, 'macd_fast': 80, 'macd_slow': 114, 'macd_signal': 18, 'en_vwap': True, 'en_keltner': True, 'keltner_n': 123, 'keltner_m': 2.1, 'en_obv': True, 'obv_slope': 25, 'en_cci': True, 'cci_n': 54, 'cci_threshold': 300, 'en_rsi': False, 'rsi_n': 100, 'rsi_lower': 1, 'rsi_upper': 88, 'en_stochastic': False, 'stochastic_n': 62, 'stochastic_d': 14, 'stochastic_lower': 40, 'stochastic_upper': 78, 'en_mfi': False, 'mfi_n': 14, 'mfi_lower': 44, 'mfi_upper': 54, 'en_bollinger': False, 'bollinger_n': 134, 'bollinger_k': 4.2, 'en_adx': False, 'adx_n': 35, 'adx_threshold': 35, 'en_structure_trend': True, 'structure_trend_swing_l': 12, 'en_order_block': False, 'order_block_swing_l': 13, 'en_fvg': False, 'fvg_lookback': 24, 'en_ifvg': False, 'en_breaker': False, 'breaker_swing_l': 8, 'en_cisd': False, 'k': 3, 'en_cap_bars': False, 'cap_1min': 591}.
[I 2026-07-13 15:44:38,420] Trial 3043 pruned. 
[I 2026-07-13 15:44:46,943] Trial 3044 finished with values: [3181.3014298290377, -10154.406348624863, 47.85] and parameters: {'sl_soft': 0.07922784441362493, 'sl_hard_delta': 0.12303958310023494, 'tp': 0.16937546754390323, 'gate_pct': 93.79805140335328, 'dd_limit': 0.5242871576912017, 'cooldown': 1, 'flip': True, 'en_ema_trend': False, 'ema_trend_fast': 77, 'ema_trend_slow': 75, 'en_sma_trend': False, 'sma_trend_fast': 289, 'sma_trend_slow': 325, 'en_macd': True, 'macd_fast': 75, 'macd_slow': 132, 'macd_signal': 59, 'en_vwap': True, 'en_keltner': False, 'keltner_n': 43, 'keltner_m': 3.0, 'en_obv': True, 'obv_slope': 19, 'en_cci': False, 'cci_n': 51, 'cci_threshold': 265, 'en_rsi': True, 'rsi_n': 73, 'rsi_lower': 15, 'rsi_upper': 58, 'en_stochastic': True, 'stochastic_n': 6, 'stochastic_d': 48, 'stochastic_lower': 21, 'stochastic_upper': 80, 'en_mfi': False, 'mfi_n': 72, 'mfi_lower': 23, 'mfi_upper': 80, 'en_bollinger': False, 'bollinger_n': 31, 'bollinger_k': 0.7, 'en_adx': False, 'adx_n': 98, 'adx_threshold': 27, 'en_structure_trend': False, 'structure_trend_swing_l': 6, 'en_order_block': False, 'order_block_swing_l': 13, 'en_fvg': False, 'fvg_lookback': 32, 'en_ifvg': False, 'en_breaker': False, 'breaker_swing_l': 17, 'en_cisd': True, 'k': 4, 'en_cap_bars': False, 'cap_1min': 693}.
[I 2026-07-13 15:44:47,677] Trial 3045 pruned. 
[I 2026-07-13 15:44:48,363] Trial 3046 pruned. 
