[I 2026-07-13 16:15:49,888] Trial 3840 finished with values: [137.9793292915288, -4621.261470570488, 64.2] and parameters: {'sl_soft': 0.02949052716025995, 'sl_hard_delta': 0.10879162926439315, 'tp': 0.04490461800882547, 'gate_pct': 97.66578486655469, 'dd_limit': 2.4528084273798805, 'cooldown': 6, 'flip': True, 'en_ema_trend': False, 'ema_trend_fast': 270, 'ema_trend_slow': 294, 'en_sma_trend': False, 'sma_trend_fast': 198, 'sma_trend_slow': 325, 'en_macd': False, 'macd_fast': 64, 'macd_slow': 3, 'macd_signal': 73, 'en_vwap': False, 'en_keltner': True, 'keltner_n': 135, 'keltner_m': 0.5, 'en_obv': True, 'obv_slope': 129, 'en_cci': True, 'cci_n': 197, 'cci_threshold': 145, 'en_rsi': False, 'rsi_n': 73, 'rsi_lower': 31, 'rsi_upper': 58, 'en_stochastic': False, 'stochastic_n': 82, 'stochastic_d': 43, 'stochastic_lower': 22, 'stochastic_upper': 53, 'en_mfi': True, 'mfi_n': 19, 'mfi_lower': 11, 'mfi_upper': 70, 'en_bollinger': True, 'bollinger_n': 169, 'bollinger_k': 4.2, 'en_adx': False, 'adx_n': 22, 'adx_threshold': 49, 'en_structure_trend': False, 'structure_trend_swing_l': 1, 'en_order_block': False, 'order_block_swing_l': 16, 'en_fvg': False, 'fvg_lookback': 19, 'en_ifvg': False, 'en_breaker': False, 'breaker_swing_l': 14, 'en_cisd': True, 'k': 3, 'en_cap_bars': True, 'cap_1min': 839}.
[I 2026-07-13 16:15:50,118] Trial 3841 pruned. 
[I 2026-07-13 16:15:51,556] Trial 3842 pruned. 
[I 2026-07-13 16:15:57,995] Trial 3843 finished with values: [999.6047545707224, -3526.2016132002927, 79.35] and parameters: {'sl_soft': 0.09561626693152817, 'sl_hard_delta': 0.17424252774383417, 'tp': 0.04490461800882547, 'gate_pct': 97.87184393359011, 'dd_limit': 2.4528084273798805, 'cooldown': 0, 'flip': True, 'en_ema_trend': False, 'ema_trend_fast': 270, 'ema_trend_slow': 391, 'en_sma_trend': False, 'sma_trend_fast': 198, 'sma_trend_slow': 319, 'en_macd': False, 'macd_fast': 10, 'macd_slow': 3, 'macd_signal': 61, 'en_vwap': False, 'en_keltner': True, 'keltner_n': 153, 'keltner_m': 2.1, 'en_obv': True, 'obv_slope': 129, 'en_cci': True, 'cci_n': 134, 'cci_threshold': 290, 'en_rsi': False, 'rsi_n': 71, 'rsi_lower': 31, 'rsi_upper': 58, 'en_stochastic': True, 'stochastic_n': 82, 'stochastic_d': 28, 'stochastic_lower': 21, 'stochastic_upper': 91, 'en_mfi': True, 'mfi_n': 27, 'mfi_lower': 11, 'mfi_upper': 70, 'en_bollinger': False, 'bollinger_n': 169, 'bollinger_k': 1.0, 'en_adx': False, 'adx_n': 22, 'adx_threshold': 49, 'en_structure_trend': False, 'structure_trend_swing_l': 4, 'en_order_block': False, 'order_block_swing_l': 4, 'en_fvg': True, 'fvg_lookback': 19, 'en_ifvg': False, 'en_breaker': False, 'breaker_swing_l': 15, 'en_cisd': True, 'k': 3, 'en_cap_bars': True, 'cap_1min': 878}.
[I 2026-07-13 16:15:58,360] Trial 3844 finished with values: [-996.3338915485132, -4592.440385484335, 57.7] and parameters: {'sl_soft': 0.035486083657367995, 'sl_hard_delta': 0.04269284514679842, 'tp': 0.04490461800882547, 'gate_pct': 97.87184393359011, 'dd_limit': 2.4528084273798805, 'cooldown': 2, 'flip': True, 'en_ema_trend': False, 'ema_trend_fast': 114, 'ema_trend_slow': 294, 'en_sma_trend': False, 'sma_trend_fast': 198, 'sma_trend_slow': 325, 'en_macd': False, 'macd_fast': 2, 'macd_slow': 188, 'macd_signal': 61, 'en_vwap': False, 'en_keltner': True, 'keltner_n': 99, 'keltner_m': 2.1, 'en_obv': True, 'obv_slope': 129, 'en_cci': True, 'cci_n': 134, 'cci_threshold': 145, 'en_rsi': False, 'rsi_n': 56, 'rsi_lower': 18, 'rsi_upper': 58, 'en_stochastic': False, 'stochastic_n': 82, 'stochastic_d': 43, 'stochastic_lower': 4, 'stochastic_upper': 87, 'en_mfi': True, 'mfi_n': 19, 'mfi_lower': 11, 'mfi_upper': 70, 'en_bollinger': True, 'bollinger_n': 23, 'bollinger_k': 4.2, 'en_adx': False, 'adx_n': 11, 'adx_threshold': 49, 'en_structure_trend': False, 'structure_trend_swing_l': 9, 'en_order_block': False, 'order_block_swing_l': 20, 'en_fvg': True, 'fvg_lookback': 19, 'en_ifvg': False, 'en_breaker': True, 'breaker_swing_l': 20, 'en_cisd': False, 'k': 4, 'en_cap_bars': False, 'cap_1min': 59}.
[I 2026-07-13 16:16:04,421] Trial 3845 finished with values: [6592.576483821801, -5775.000000000076, 48.3] and parameters: {'sl_soft': 0.07787542705544737, 'sl_hard_delta': 0.17424252774383417, 'tp': 0.16369789677360067, 'gate_pct': 97.87184393359011, 'dd_limit': 2.4528084273798805, 'cooldown': 2, 'flip': True, 'en_ema_trend': False, 'ema_trend_fast': 114, 'ema_trend_slow': 260, 'en_sma_trend': False, 'sma_trend_fast': 44, 'sma_trend_slow': 319, 'en_macd': True, 'macd_fast': 2, 'macd_slow': 188, 'macd_signal': 61, 'en_vwap': False, 'en_keltner': True, 'keltner_n': 135, 'keltner_m': 3.0, 'en_obv': True, 'obv_slope': 13, 'en_cci': True, 'cci_n': 54, 'cci_threshold': 145, 'en_rsi': False, 'rsi_n': 96, 'rsi_lower': 31, 'rsi_upper': 94, 'en_stochastic': True, 'stochastic_n': 82, 'stochastic_d': 28, 'stochastic_lower': 8, 'stochastic_upper': 91, 'en_mfi': False, 'mfi_n': 8, 'mfi_lower': 27, 'mfi_upper': 57, 'en_bollinger': True, 'bollinger_n': 155, 'bollinger_k': 4.2, 'en_adx': False, 'adx_n': 48, 'adx_threshold': 47, 'en_structure_trend': False, 'structure_trend_swing_l': 9, 'en_order_block': False, 'order_block_swing_l': 4, 'en_fvg': False, 'fvg_lookback': 40, 'en_ifvg': False, 'en_breaker': True, 'breaker_swing_l': 20, 'en_cisd': True, 'k': 3, 'en_cap_bars': True, 'cap_1min': 59}.
[I 2026-07-13 16:16:04,993] Trial 3846 finished with values: [2085.8742827395104, -4602.055582361934, 48.45] and parameters: {'sl_soft': 0.07922784441362493, 'sl_hard_delta': 0.17424252774383417, 'tp': 0.18978054300184755, 'gate_pct': 99.86430067299344, 'dd_limit': 2.4528084273798805, 'cooldown': 5, 'flip': True, 'en_ema_trend': False, 'ema_trend_fast': 195, 'ema_trend_slow': 294, 'en_sma_trend': False, 'sma_trend_fast': 198, 'sma_trend_slow': 46, 'en_macd': False, 'macd_fast': 64, 'macd_slow': 3, 'macd_signal': 3, 'en_vwap': True, 'en_keltner': True, 'keltner_n': 135, 'keltner_m': 2.1, 'en_obv': True, 'obv_slope': 129, 'en_cci': True, 'cci_n': 134, 'cci_threshold': 145, 'en_rsi': True, 'rsi_n': 7, 'rsi_lower': 9, 'rsi_upper': 58, 'en_stochastic': False, 'stochastic_n': 45, 'stochastic_d': 43, 'stochastic_lower': 4, 'stochastic_upper': 86, 'en_mfi': True, 'mfi_n': 19, 'mfi_lower': 11, 'mfi_upper': 70, 'en_bollinger': False, 'bollinger_n': 103, 'bollinger_k': 4.2, 'en_adx': False, 'adx_n': 22, 'adx_threshold': 49, 'en_structure_trend': False, 'structure_trend_swing_l': 7, 'en_order_block': True, 'order_block_swing_l': 4, 'en_fvg': False, 'fvg_lookback': 32, 'en_ifvg': False, 'en_breaker': True, 'breaker_swing_l': 14, 'en_cisd': True, 'k': 3, 'en_cap_bars': True, 'cap_1min': 878}.
[I 2026-07-13 16:16:05,276] Trial 3847 pruned. 
[I 2026-07-13 16:16:07,589] Trial 3848 finished with values: [-775.239807108843, -11613.673101824279, 75.1] and parameters: {'sl_soft': 0.06423559890121558, 'sl_hard_delta': 0.17424252774383417, 'tp': 0.03810555008976396, 'gate_pct': 97.66578486655469, 'dd_limit': 3.021375135532224, 'cooldown': 0, 'flip': True, 'en_ema_trend': False, 'ema_trend_fast': 114, 'ema_trend_slow': 260, 'en_sma_trend': False, 'sma_trend_fast': 198, 'sma_trend_slow': 117, 'en_macd': True, 'macd_fast': 2, 'macd_slow': 123, 'macd_signal': 19, 'en_vwap': False, 'en_keltner': True, 'keltner_n': 135, 'keltner_m': 3.0, 'en_obv': True, 'obv_slope': 92, 'en_cci': True, 'cci_n': 54, 'cci_threshold': 145, 'en_rsi': True, 'rsi_n': 56, 'rsi_lower': 18, 'rsi_upper': 94, 'en_stochastic': False, 'stochastic_n': 62, 'stochastic_d': 49, 'stochastic_lower': 21, 'stochastic_upper': 91, 'en_mfi': True, 'mfi_n': 97, 'mfi_lower': 16, 'mfi_upper': 70, 'en_bollinger': False, 'bollinger_n': 23, 'bollinger_k': 4.2, 'en_adx': False, 'adx_n': 22, 'adx_threshold': 47, 'en_structure_trend': False, 'structure_trend_swing_l': 12, 'en_order_block': False, 'order_block_swing_l': 20, 'en_fvg': True, 'fvg_lookback': 7, 'en_ifvg': False, 'en_breaker': True, 'breaker_swing_l': 20, 'en_cisd': True, 'k': 3, 'en_cap_bars': False, 'cap_1min': 59}.
[I 2026-07-13 16:16:08,105] Trial 3849 finished with values: [-1497.65009378438, -10658.295728585013, 38.5] and parameters: {'sl_soft': 0.07787542705544737, 'sl_hard_delta': 0.03015108663934192, 'tp': 0.16369789677360067, 'gate_pct': 97.66578486655469, 'dd_limit': 2.4528084273798805, 'cooldown': 2, 'flip': True, 'en_ema_trend': True, 'ema_trend_fast': 113, 'ema_trend_slow': 397, 'en_sma_trend': False, 'sma_trend_fast': 198, 'sma_trend_slow': 356, 'en_macd': False, 'macd_fast': 70, 'macd_slow': 133, 'macd_signal': 61, 'en_vwap': False, 'en_keltner': False, 'keltner_n': 135, 'keltner_m': 0.5, 'en_obv': True, 'obv_slope': 13, 'en_cci': True, 'cci_n': 197, 'cci_threshold': 145, 'en_rsi': False, 'rsi_n': 96, 'rsi_lower': 1, 'rsi_upper': 58, 'en_stochastic': False, 'stochastic_n': 82, 'stochastic_d': 43, 'stochastic_lower': 4, 'stochastic_upper': 78, 'en_mfi': False, 'mfi_n': 8, 'mfi_lower': 11, 'mfi_upper': 70, 'en_bollinger': False, 'bollinger_n': 169, 'bollinger_k': 4.2, 'en_adx': False, 'adx_n': 48, 'adx_threshold': 47, 'en_structure_trend': True, 'structure_trend_swing_l': 1, 'en_order_block': False, 'order_block_swing_l': 5, 'en_fvg': False, 'fvg_lookback': 40, 'en_ifvg': False, 'en_breaker': False, 'breaker_swing_l': 3, 'en_cisd': True, 'k': 3, 'en_cap_bars': True, 'cap_1min': 839}.
[I 2026-07-13 16:16:08,711] Trial 3850 finished with values: [2532.681645141927, -4543.733405519212, 43.099999999999994] and parameters: {'sl_soft': 0.03867303262411816, 'sl_hard_delta': 0.17424252774383417, 'tp': 0.16369789677360067, 'gate_pct': 97.66578486655469, 'dd_limit': 2.4528084273798805, 'cooldown': 5, 'flip': True, 'en_ema_trend': True, 'ema_trend_fast': 323, 'ema_trend_slow': 397, 'en_sma_trend': True, 'sma_trend_fast': 198, 'sma_trend_slow': 351, 'en_macd': False, 'macd_fast': 64, 'macd_slow': 133, 'macd_signal': 38, 'en_vwap': False, 'en_keltner': False, 'keltner_n': 135, 'keltner_m': 2.1, 'en_obv': True, 'obv_slope': 194, 'en_cci': True, 'cci_n': 197, 'cci_threshold': 145, 'en_rsi': True, 'rsi_n': 95, 'rsi_lower': 31, 'rsi_upper': 58, 'en_stochastic': False, 'stochastic_n': 45, 'stochastic_d': 43, 'stochastic_lower': 4, 'stochastic_upper': 78, 'en_mfi': False, 'mfi_n': 8, 'mfi_lower': 11, 'mfi_upper': 57, 'en_bollinger': False, 'bollinger_n': 169, 'bollinger_k': 4.2, 'en_adx': False, 'adx_n': 48, 'adx_threshold': 47, 'en_structure_trend': False, 'structure_trend_swing_l': 1, 'en_order_block': False, 'order_block_swing_l': 5, 'en_fvg': False, 'fvg_lookback': 40, 'en_ifvg': False, 'en_breaker': False, 'breaker_swing_l': 3, 'en_cisd': True, 'k': 3, 'en_cap_bars': True, 'cap_1min': 839}.
[I 2026-07-13 16:16:09,005] Trial 3851 pruned. 
[I 2026-07-13 16:16:10,731] Trial 3852 finished with values: [2322.565282603844, -14000.72395806541, 66.2] and parameters: {'sl_soft': 0.06423559890121558, 'sl_hard_delta': 0.00457699733972642, 'tp': 0.04490461800882547, 'gate_pct': 97.66578486655469, 'dd_limit': 3.021375135532224, 'cooldown': 0, 'flip': True, 'en_ema_trend': True, 'ema_trend_fast': 342, 'ema_trend_slow': 391, 'en_sma_trend': False, 'sma_trend_fast': 198, 'sma_trend_slow': 356, 'en_macd': False, 'macd_fast': 64, 'macd_slow': 133, 'macd_signal': 73, 'en_vwap': False, 'en_keltner': True, 'keltner_n': 135, 'keltner_m': 0.5, 'en_obv': True, 'obv_slope': 92, 'en_cci': True, 'cci_n': 134, 'cci_threshold': 140, 'en_rsi': True, 'rsi_n': 95, 'rsi_lower': 31, 'rsi_upper': 58, 'en_stochastic': False, 'stochastic_n': 82, 'stochastic_d': 28, 'stochastic_lower': 21, 'stochastic_upper': 75, 'en_mfi': False, 'mfi_n': 27, 'mfi_lower': 11, 'mfi_upper': 57, 'en_bollinger': False, 'bollinger_n': 155, 'bollinger_k': 4.2, 'en_adx': False, 'adx_n': 22, 'adx_threshold': 49, 'en_structure_trend': False, 'structure_trend_swing_l': 1, 'en_order_block': False, 'order_block_swing_l': 4, 'en_fvg': False, 'fvg_lookback': 7, 'en_ifvg': False, 'en_breaker': True, 'breaker_swing_l': 3, 'en_cisd': True, 'k': 3, 'en_cap_bars': False, 'cap_1min': 1243}.
[I 2026-07-13 16:16:10,987] Trial 3853 finished with values: [476.218908286192, -5523.766818366659, 47.150000000000006] and parameters: {'sl_soft': 0.07922784441362493, 'sl_hard_delta': 0.17424252774383417, 'tp': 0.16369789677360067, 'gate_pct': 99.86430067299344, 'dd_limit': 2.4528084273798805, 'cooldown': 2, 'flip': True, 'en_ema_trend': False, 'ema_trend_fast': 342, 'ema_trend_slow': 294, 'en_sma_trend': False, 'sma_trend_fast': 198, 'sma_trend_slow': 319, 'en_macd': True, 'macd_fast': 10, 'macd_slow': 28, 'macd_signal': 3, 'en_vwap': True, 'en_keltner': True, 'keltner_n': 135, 'keltner_m': 2.1, 'en_obv': True, 'obv_slope': 129, 'en_cci': True, 'cci_n': 134, 'cci_threshold': 280, 'en_rsi': True, 'rsi_n': 7, 'rsi_lower': 31, 'rsi_upper': 58, 'en_stochastic': False, 'stochastic_n': 45, 'stochastic_d': 43, 'stochastic_lower': 21, 'stochastic_upper': 86, 'en_mfi': True, 'mfi_n': 8, 'mfi_lower': 23, 'mfi_upper': 71, 'en_bollinger': False, 'bollinger_n': 103, 'bollinger_k': 1.1, 'en_adx': False, 'adx_n': 47, 'adx_threshold': 47, 'en_structure_trend': False, 'structure_trend_swing_l': 7, 'en_order_block': False, 'order_block_swing_l': 4, 'en_fvg': False, 'fvg_lookback': 19, 'en_ifvg': False, 'en_breaker': False, 'breaker_swing_l': 14, 'en_cisd': True, 'k': 3, 'en_cap_bars': True, 'cap_1min': 878}.
[I 2026-07-13 16:16:11,899] Trial 3854 finished with values: [-375.3081682878264, -3070.1648815360018, 65.15] and parameters: {'sl_soft': 0.035486083657367995, 'sl_hard_delta': 0.04269284514679842, 'tp': 0.04490461800882547, 'gate_pct': 97.66578486655469, 'dd_limit': 2.4528084273798805, 'cooldown': 2, 'flip': True, 'en_ema_trend': False, 'ema_trend_fast': 114, 'ema_trend_slow': 260, 'en_sma_trend': False, 'sma_trend_fast': 44, 'sma_trend_slow': 319, 'en_macd': True, 'macd_fast': 2, 'macd_slow': 3, 'macd_signal': 19, 'en_vwap': False, 'en_keltner': False, 'keltner_n': 99, 'keltner_m': 3.0, 'en_obv': True, 'obv_slope': 146, 'en_cci': True, 'cci_n': 134, 'cci_threshold': 135, 'en_rsi': False, 'rsi_n': 95, 'rsi_lower': 31, 'rsi_upper': 58, 'en_stochastic': False, 'stochastic_n': 82, 'stochastic_d': 49, 'stochastic_lower': 21, 'stochastic_upper': 75, 'en_mfi': True, 'mfi_n': 97, 'mfi_lower': 16, 'mfi_upper': 57, 'en_bollinger': True, 'bollinger_n': 155, 'bollinger_k': 2.4000000000000004, 'en_adx': False, 'adx_n': 22, 'adx_threshold': 49, 'en_structure_trend': False, 'structure_trend_swing_l': 1, 'en_order_block': False, 'order_block_swing_l': 4, 'en_fvg': True, 'fvg_lookback': 19, 'en_ifvg': False, 'en_breaker': False, 'breaker_swing_l': 18, 'en_cisd': False, 'k': 4, 'en_cap_bars': True, 'cap_1min': 59}.
[I 2026-07-13 16:16:12,377] Trial 3855 finished with values: [476.218908286192, -5523.766818366659, 47.150000000000006] and parameters: {'sl_soft': 0.07922784441362493, 'sl_hard_delta': 0.17424252774383417, 'tp': 0.16369789677360067, 'gate_pct': 99.86430067299344, 'dd_limit': 2.4528084273798805, 'cooldown': 2, 'flip': True, 'en_ema_trend': False, 'ema_trend_fast': 342, 'ema_trend_slow': 294, 'en_sma_trend': False, 'sma_trend_fast': 198, 'sma_trend_slow': 319, 'en_macd': True, 'macd_fast': 10, 'macd_slow': 28, 'macd_signal': 3, 'en_vwap': True, 'en_keltner': True, 'keltner_n': 135, 'keltner_m': 2.1, 'en_obv': True, 'obv_slope': 129, 'en_cci': True, 'cci_n': 134, 'cci_threshold': 280, 'en_rsi': True, 'rsi_n': 7, 'rsi_lower': 31, 'rsi_upper': 58, 'en_stochastic': False, 'stochastic_n': 45, 'stochastic_d': 43, 'stochastic_lower': 21, 'stochastic_upper': 86, 'en_mfi': True, 'mfi_n': 8, 'mfi_lower': 23, 'mfi_upper': 71, 'en_bollinger': False, 'bollinger_n': 103, 'bollinger_k': 1.1, 'en_adx': False, 'adx_n': 47, 'adx_threshold': 47, 'en_structure_trend': False, 'structure_trend_swing_l': 7, 'en_order_block': False, 'order_block_swing_l': 4, 'en_fvg': False, 'fvg_lookback': 19, 'en_ifvg': False, 'en_breaker': False, 'breaker_swing_l': 14, 'en_cisd': True, 'k': 3, 'en_cap_bars': True, 'cap_1min': 878}.
[I 2026-07-13 16:16:13,338] Trial 3856 pruned. 
[I 2026-07-13 16:16:13,722] Trial 3857 finished with values: [-2995.9838602682426, -5847.557791853433, 35.4] and parameters: {'sl_soft': 0.07922784441362493, 'sl_hard_delta': 0.17424252774383417, 'tp': 0.11965293792891196, 'gate_pct': 99.55888908721671, 'dd_limit': 9.676340123529869, 'cooldown': 6, 'flip': True, 'en_ema_trend': False, 'ema_trend_fast': 323, 'ema_trend_slow': 294, 'en_sma_trend': False, 'sma_trend_fast': 177, 'sma_trend_slow': 117, 'en_macd': True, 'macd_fast': 64, 'macd_slow': 53, 'macd_signal': 19, 'en_vwap': True, 'en_keltner': False, 'keltner_n': 56, 'keltner_m': 3.0, 'en_obv': False, 'obv_slope': 72, 'en_cci': True, 'cci_n': 7, 'cci_threshold': 145, 'en_rsi': True, 'rsi_n': 95, 'rsi_lower': 31, 'rsi_upper': 75, 'en_stochastic': True, 'stochastic_n': 62, 'stochastic_d': 43, 'stochastic_lower': 21, 'stochastic_upper': 97, 'en_mfi': False, 'mfi_n': 9, 'mfi_lower': 11, 'mfi_upper': 57, 'en_bollinger': False, 'bollinger_n': 31, 'bollinger_k': 1.1, 'en_adx': False, 'adx_n': 11, 'adx_threshold': 47, 'en_structure_trend': True, 'structure_trend_swing_l': 7, 'en_order_block': False, 'order_block_swing_l': 20, 'en_fvg': False, 'fvg_lookback': 32, 'en_ifvg': False, 'en_breaker': False, 'breaker_swing_l': 20, 'en_cisd': True, 'k': 4, 'en_cap_bars': False, 'cap_1min': 878}.
[I 2026-07-13 16:16:15,561] Trial 3858 finished with values: [694.5653071188041, -2209.949333560992, 73.05] and parameters: {'sl_soft': 0.09561626693152817, 'sl_hard_delta': 0.00457699733972642, 'tp': 0.05493660677968804, 'gate_pct': 96.03464624110227, 'dd_limit': 6.844711394584541, 'cooldown': 6, 'flip': True, 'en_ema_trend': True, 'ema_trend_fast': 113, 'ema_trend_slow': 21, 'en_sma_trend': False, 'sma_trend_fast': 175, 'sma_trend_slow': 325, 'en_macd': True, 'macd_fast': 64, 'macd_slow': 53, 'macd_signal': 59, 'en_vwap': False, 'en_keltner': False, 'keltner_n': 43, 'keltner_m': 0.5, 'en_obv': True, 'obv_slope': 169, 'en_cci': True, 'cci_n': 2, 'cci_threshold': 255, 'en_rsi': True, 'rsi_n': 9, 'rsi_lower': 26, 'rsi_upper': 65, 'en_stochastic': False, 'stochastic_n': 6, 'stochastic_d': 43, 'stochastic_lower': 22, 'stochastic_upper': 97, 'en_mfi': False, 'mfi_n': 60, 'mfi_lower': 12, 'mfi_upper': 57, 'en_bollinger': False, 'bollinger_n': 31, 'bollinger_k': 1.1, 'en_adx': False, 'adx_n': 48, 'adx_threshold': 49, 'en_structure_trend': True, 'structure_trend_swing_l': 1, 'en_order_block': False, 'order_block_swing_l': 4, 'en_fvg': False, 'fvg_lookback': 32, 'en_ifvg': False, 'en_breaker': False, 'breaker_swing_l': 14, 'en_cisd': True, 'k': 1, 'en_cap_bars': False, 'cap_1min': 839}.
[I 2026-07-13 16:16:15,818] Trial 3859 pruned. 
[I 2026-07-13 16:16:16,150] Trial 3860 finished with values: [-319.60219837870335, -4563.413791208503, 33.3] and parameters: {'sl_soft': 0.07922784441362493, 'sl_hard_delta': 0.04269284514679842, 'tp': 0.18978054300184755, 'gate_pct': 97.87184393359011, 'dd_limit': 7.364744278329123, 'cooldown': 6, 'flip': True, 'en_ema_trend': False, 'ema_trend_fast': 114, 'ema_trend_slow': 294, 'en_sma_trend': False, 'sma_trend_fast': 44, 'sma_trend_slow': 123, 'en_macd': True, 'macd_fast': 64, 'macd_slow': 3, 'macd_signal': 45, 'en_vwap': False, 'en_keltner': False, 'keltner_n': 99, 'keltner_m': 0.7, 'en_obv': True, 'obv_slope': 19, 'en_cci': True, 'cci_n': 54, 'cci_threshold': 135, 'en_rsi': False, 'rsi_n': 56, 'rsi_lower': 5, 'rsi_upper': 74, 'en_stochastic': False, 'stochastic_n': 62, 'stochastic_d': 49, 'stochastic_lower': 21, 'stochastic_upper': 91, 'en_mfi': True, 'mfi_n': 60, 'mfi_lower': 23, 'mfi_upper': 70, 'en_bollinger': True, 'bollinger_n': 23, 'bollinger_k': 2.4000000000000004, 'en_adx': False, 'adx_n': 11, 'adx_threshold': 48, 'en_structure_trend': False, 'structure_trend_swing_l': 9, 'en_order_block': True, 'order_block_swing_l': 4, 'en_fvg': False, 'fvg_lookback': 32, 'en_ifvg': False, 'en_breaker': False, 'breaker_swing_l': 20, 'en_cisd': True, 'k': 3, 'en_cap_bars': True, 'cap_1min': 495}.
[I 2026-07-13 16:16:22,741] Trial 3861 finished with values: [-1706.8824153989049, -4564.3956407686655, 8.3] and parameters: {'sl_soft': 0.035486083657367995, 'sl_hard_delta': 0.00457699733972642, 'tp': 0.16369789677360067, 'gate_pct': 97.66578486655469, 'dd_limit': 3.021375135532224, 'cooldown': 2, 'flip': True, 'en_ema_trend': False, 'ema_trend_fast': 270, 'ema_trend_slow': 260, 'en_sma_trend': False, 'sma_trend_fast': 198, 'sma_trend_slow': 325, 'en_macd': True, 'macd_fast': 64, 'macd_slow': 3, 'macd_signal': 19, 'en_vwap': False, 'en_keltner': True, 'keltner_n': 99, 'keltner_m': 2.1, 'en_obv': True, 'obv_slope': 129, 'en_cci': True, 'cci_n': 134, 'cci_threshold': 280, 'en_rsi': False, 'rsi_n': 7, 'rsi_lower': 18, 'rsi_upper': 58, 'en_stochastic': True, 'stochastic_n': 82, 'stochastic_d': 28, 'stochastic_lower': 4, 'stochastic_upper': 87, 'en_mfi': True, 'mfi_n': 19, 'mfi_lower': 11, 'mfi_upper': 70, 'en_bollinger': False, 'bollinger_n': 149, 'bollinger_k': 4.2, 'en_adx': False, 'adx_n': 53, 'adx_threshold': 17, 'en_structure_trend': False, 'structure_trend_swing_l': 1, 'en_order_block': False, 'order_block_swing_l': 20, 'en_fvg': False, 'fvg_lookback': 19, 'en_ifvg': False, 'en_breaker': False, 'breaker_swing_l': 19, 'en_cisd': True, 'k': 5, 'en_cap_bars': False, 'cap_1min': 878}.
