[I 2026-07-13 15:56:00,033] Trial 3037 finished with values: [-285.4937663600409, -2775.198654812811, 60.2] and parameters: {'sl_soft': 0.060501146701018055, 'sl_hard_delta': 0.0582717613908707, 'tp': 0.04939294172156869, 'gate_pct': 98.93711402329589, 'dd_limit': 8.747350770951359, 'cooldown': 6, 'flip': True, 'en_ema_trend': False, 'ema_trend_fast': 351, 'ema_trend_slow': 176, 'en_sma_trend': True, 'sma_trend_fast': 382, 'sma_trend_slow': 356, 'en_macd': True, 'macd_fast': 5, 'macd_slow': 32, 'macd_signal': 27, 'en_vwap': False, 'en_keltner': True, 'keltner_n': 22, 'keltner_m': 0.5, 'en_obv': True, 'obv_slope': 69, 'en_cci': True, 'cci_n': 106, 'cci_threshold': 155, 'en_rsi': False, 'rsi_n': 78, 'rsi_lower': 12, 'rsi_upper': 53, 'en_stochastic': False, 'stochastic_n': 40, 'stochastic_d': 43, 'stochastic_lower': 22, 'stochastic_upper': 79, 'en_mfi': False, 'mfi_n': 95, 'mfi_lower': 47, 'mfi_upper': 97, 'en_bollinger': True, 'bollinger_n': 149, 'bollinger_k': 1.1, 'en_adx': False, 'adx_n': 42, 'adx_threshold': 44, 'en_structure_trend': True, 'structure_trend_swing_l': 1, 'en_order_block': True, 'order_block_swing_l': 19, 'en_fvg': True, 'fvg_lookback': 40, 'en_ifvg': True, 'en_breaker': False, 'breaker_swing_l': 9, 'en_cisd': True, 'k': 2, 'en_cap_bars': True, 'cap_1min': 686}.
[I 2026-07-13 15:56:02,551] Trial 3038 pruned. 
[I 2026-07-13 15:56:07,946] Trial 3039 finished with values: [-305.1474346466243, -1354.969967357107, 36.65] and parameters: {'sl_soft': 0.052196885259142164, 'sl_hard_delta': 0.0155516131087132, 'tp': 0.08485800408712069, 'gate_pct': 96.38141772653853, 'dd_limit': 9.066216783758431, 'cooldown': 8, 'flip': True, 'en_ema_trend': True, 'ema_trend_fast': 351, 'ema_trend_slow': 367, 'en_sma_trend': True, 'sma_trend_fast': 392, 'sma_trend_slow': 324, 'en_macd': False, 'macd_fast': 70, 'macd_slow': 133, 'macd_signal': 31, 'en_vwap': False, 'en_keltner': False, 'keltner_n': 139, 'keltner_m': 2.8000000000000003, 'en_obv': True, 'obv_slope': 14, 'en_cci': False, 'cci_n': 106, 'cci_threshold': 200, 'en_rsi': False, 'rsi_n': 71, 'rsi_lower': 12, 'rsi_upper': 77, 'en_stochastic': True, 'stochastic_n': 97, 'stochastic_d': 38, 'stochastic_lower': 7, 'stochastic_upper': 61, 'en_mfi': False, 'mfi_n': 77, 'mfi_lower': 11, 'mfi_upper': 76, 'en_bollinger': True, 'bollinger_n': 149, 'bollinger_k': 4.5, 'en_adx': False, 'adx_n': 16, 'adx_threshold': 12, 'en_structure_trend': False, 'structure_trend_swing_l': 13, 'en_order_block': False, 'order_block_swing_l': 12, 'en_fvg': True, 'fvg_lookback': 2, 'en_ifvg': True, 'en_breaker': False, 'breaker_swing_l': 1, 'en_cisd': True, 'k': 3, 'en_cap_bars': True, 'cap_1min': 1145}.
[I 2026-07-13 15:56:09,243] Trial 3040 pruned. 
[I 2026-07-13 15:56:09,539] Trial 3041 pruned. 
[I 2026-07-13 15:56:16,922] Trial 3042 finished with values: [-1072.3528620269817, -2445.66998300904, 38.849999999999994] and parameters: {'sl_soft': 0.07182888328655446, 'sl_hard_delta': 0.0499062921079193, 'tp': 0.10760117879267023, 'gate_pct': 99.47218267450155, 'dd_limit': 9.066216783758431, 'cooldown': 5, 'flip': False, 'en_ema_trend': False, 'ema_trend_fast': 84, 'ema_trend_slow': 290, 'en_sma_trend': True, 'sma_trend_fast': 13, 'sma_trend_slow': 116, 'en_macd': False, 'macd_fast': 51, 'macd_slow': 133, 'macd_signal': 82, 'en_vwap': True, 'en_keltner': False, 'keltner_n': 180, 'keltner_m': 0.5, 'en_obv': True, 'obv_slope': 24, 'en_cci': False, 'cci_n': 106, 'cci_threshold': 300, 'en_rsi': True, 'rsi_n': 96, 'rsi_lower': 15, 'rsi_upper': 65, 'en_stochastic': True, 'stochastic_n': 97, 'stochastic_d': 38, 'stochastic_lower': 17, 'stochastic_upper': 97, 'en_mfi': True, 'mfi_n': 76, 'mfi_lower': 6, 'mfi_upper': 76, 'en_bollinger': True, 'bollinger_n': 63, 'bollinger_k': 1.1, 'en_adx': False, 'adx_n': 42, 'adx_threshold': 27, 'en_structure_trend': False, 'structure_trend_swing_l': 1, 'en_order_block': False, 'order_block_swing_l': 12, 'en_fvg': True, 'fvg_lookback': 40, 'en_ifvg': False, 'en_breaker': True, 'breaker_swing_l': 9, 'en_cisd': False, 'k': 3, 'en_cap_bars': True, 'cap_1min': 483}.
[I 2026-07-13 15:56:18,369] Trial 3043 pruned. 
[I 2026-07-13 15:56:18,644] Trial 3044 finished with values: [581.2812625195285, -2032.929382524067, 60.95] and parameters: {'sl_soft': 0.022988098270288884, 'sl_hard_delta': 0.027238725907773563, 'tp': 0.034955013712711674, 'gate_pct': 99.3861717774851, 'dd_limit': 1.4726436036009025, 'cooldown': 0, 'flip': True, 'en_ema_trend': False, 'ema_trend_fast': 351, 'ema_trend_slow': 367, 'en_sma_trend': True, 'sma_trend_fast': 375, 'sma_trend_slow': 141, 'en_macd': True, 'macd_fast': 5, 'macd_slow': 42, 'macd_signal': 27, 'en_vwap': False, 'en_keltner': True, 'keltner_n': 139, 'keltner_m': 1.2000000000000002, 'en_obv': False, 'obv_slope': 14, 'en_cci': False, 'cci_n': 10, 'cci_threshold': 155, 'en_rsi': False, 'rsi_n': 71, 'rsi_lower': 12, 'rsi_upper': 77, 'en_stochastic': False, 'stochastic_n': 97, 'stochastic_d': 4, 'stochastic_lower': 7, 'stochastic_upper': 89, 'en_mfi': False, 'mfi_n': 42, 'mfi_lower': 13, 'mfi_upper': 78, 'en_bollinger': True, 'bollinger_n': 44, 'bollinger_k': 1.1, 'en_adx': False, 'adx_n': 70, 'adx_threshold': 12, 'en_structure_trend': False, 'structure_trend_swing_l': 13, 'en_order_block': True, 'order_block_swing_l': 16, 'en_fvg': False, 'fvg_lookback': 2, 'en_ifvg': False, 'en_breaker': True, 'breaker_swing_l': 9, 'en_cisd': False, 'k': 3, 'en_cap_bars': True, 'cap_1min': 963}.
[I 2026-07-13 15:56:19,156] Trial 3045 finished with values: [-271.25552159320796, -9190.51662549123, 67.65] and parameters: {'sl_soft': 0.052196885259142164, 'sl_hard_delta': 0.0582717613908707, 'tp': 0.04121537520691777, 'gate_pct': 99.47218267450155, 'dd_limit': 9.066216783758431, 'cooldown': 6, 'flip': True, 'en_ema_trend': False, 'ema_trend_fast': 84, 'ema_trend_slow': 250, 'en_sma_trend': True, 'sma_trend_fast': 372, 'sma_trend_slow': 141, 'en_macd': True, 'macd_fast': 60, 'macd_slow': 74, 'macd_signal': 40, 'en_vwap': True, 'en_keltner': False, 'keltner_n': 61, 'keltner_m': 2.0, 'en_obv': True, 'obv_slope': 191, 'en_cci': True, 'cci_n': 6, 'cci_threshold': 200, 'en_rsi': False, 'rsi_n': 34, 'rsi_lower': 15, 'rsi_upper': 98, 'en_stochastic': False, 'stochastic_n': 40, 'stochastic_d': 41, 'stochastic_lower': 23, 'stochastic_upper': 66, 'en_mfi': False, 'mfi_n': 77, 'mfi_lower': 5, 'mfi_upper': 79, 'en_bollinger': True, 'bollinger_n': 165, 'bollinger_k': 3.1, 'en_adx': False, 'adx_n': 36, 'adx_threshold': 20, 'en_structure_trend': True, 'structure_trend_swing_l': 1, 'en_order_block': True, 'order_block_swing_l': 12, 'en_fvg': False, 'fvg_lookback': 2, 'en_ifvg': True, 'en_breaker': True, 'breaker_swing_l': 7, 'en_cisd': True, 'k': 1, 'en_cap_bars': False, 'cap_1min': 963}.
[I 2026-07-13 15:56:21,069] Trial 3046 pruned. 
[I 2026-07-13 15:56:21,979] Trial 3047 finished with values: [475.2856210066624, -2508.602789660941, 56.75] and parameters: {'sl_soft': 0.04963847535152836, 'sl_hard_delta': 0.0155516131087132, 'tp': 0.04939294172156869, 'gate_pct': 98.93711402329589, 'dd_limit': 8.747350770951359, 'cooldown': 8, 'flip': True, 'en_ema_trend': True, 'ema_trend_fast': 103, 'ema_trend_slow': 367, 'en_sma_trend': True, 'sma_trend_fast': 375, 'sma_trend_slow': 141, 'en_macd': True, 'macd_fast': 70, 'macd_slow': 42, 'macd_signal': 40, 'en_vwap': True, 'en_keltner': False, 'keltner_n': 139, 'keltner_m': 0.5, 'en_obv': True, 'obv_slope': 13, 'en_cci': False, 'cci_n': 106, 'cci_threshold': 25, 'en_rsi': False, 'rsi_n': 96, 'rsi_lower': 12, 'rsi_upper': 77, 'en_stochastic': False, 'stochastic_n': 97, 'stochastic_d': 43, 'stochastic_lower': 7, 'stochastic_upper': 61, 'en_mfi': False, 'mfi_n': 95, 'mfi_lower': 8, 'mfi_upper': 76, 'en_bollinger': True, 'bollinger_n': 128, 'bollinger_k': 3.1, 'en_adx': False, 'adx_n': 48, 'adx_threshold': 10, 'en_structure_trend': True, 'structure_trend_swing_l': 1, 'en_order_block': False, 'order_block_swing_l': 5, 'en_fvg': False, 'fvg_lookback': 2, 'en_ifvg': True, 'en_breaker': True, 'breaker_swing_l': 9, 'en_cisd': True, 'k': 3, 'en_cap_bars': False, 'cap_1min': 839}.
[I 2026-07-13 15:56:23,697] Trial 3048 finished with values: [-282.6964746993714, -3255.432316492169, 54.35] and parameters: {'sl_soft': 0.06296004248070106, 'sl_hard_delta': 0.06087460308907818, 'tp': 0.07393035676685698, 'gate_pct': 98.93711402329589, 'dd_limit': 8.747350770951359, 'cooldown': 8, 'flip': True, 'en_ema_trend': True, 'ema_trend_fast': 279, 'ema_trend_slow': 367, 'en_sma_trend': False, 'sma_trend_fast': 372, 'sma_trend_slow': 356, 'en_macd': True, 'macd_fast': 70, 'macd_slow': 18, 'macd_signal': 75, 'en_vwap': False, 'en_keltner': False, 'keltner_n': 139, 'keltner_m': 0.5, 'en_obv': True, 'obv_slope': 14, 'en_cci': True, 'cci_n': 106, 'cci_threshold': 155, 'en_rsi': False, 'rsi_n': 96, 'rsi_lower': 39, 'rsi_upper': 77, 'en_stochastic': False, 'stochastic_n': 97, 'stochastic_d': 43, 'stochastic_lower': 2, 'stochastic_upper': 91, 'en_mfi': True, 'mfi_n': 95, 'mfi_lower': 47, 'mfi_upper': 98, 'en_bollinger': True, 'bollinger_n': 128, 'bollinger_k': 3.1, 'en_adx': False, 'adx_n': 48, 'adx_threshold': 10, 'en_structure_trend': True, 'structure_trend_swing_l': 1, 'en_order_block': False, 'order_block_swing_l': 5, 'en_fvg': False, 'fvg_lookback': 40, 'en_ifvg': True, 'en_breaker': True, 'breaker_swing_l': 9, 'en_cisd': True, 'k': 3, 'en_cap_bars': False, 'cap_1min': 1243}.
[I 2026-07-13 15:56:24,014] Trial 3049 finished with values: [367.5388503173946, -2237.951754575356, 45.75] and parameters: {'sl_soft': 0.04963847535152836, 'sl_hard_delta': 0.0155516131087132, 'tp': 0.07393035676685698, 'gate_pct': 99.47218267450155, 'dd_limit': 9.066216783758431, 'cooldown': 8, 'flip': True, 'en_ema_trend': False, 'ema_trend_fast': 351, 'ema_trend_slow': 367, 'en_sma_trend': False, 'sma_trend_fast': 392, 'sma_trend_slow': 290, 'en_macd': True, 'macd_fast': 70, 'macd_slow': 133, 'macd_signal': 31, 'en_vwap': False, 'en_keltner': False, 'keltner_n': 39, 'keltner_m': 0.5, 'en_obv': True, 'obv_slope': 58, 'en_cci': False, 'cci_n': 106, 'cci_threshold': 200, 'en_rsi': False, 'rsi_n': 96, 'rsi_lower': 15, 'rsi_upper': 98, 'en_stochastic': False, 'stochastic_n': 97, 'stochastic_d': 37, 'stochastic_lower': 17, 'stochastic_upper': 61, 'en_mfi': False, 'mfi_n': 36, 'mfi_lower': 5, 'mfi_upper': 79, 'en_bollinger': True, 'bollinger_n': 7, 'bollinger_k': 1.0, 'en_adx': False, 'adx_n': 42, 'adx_threshold': 10, 'en_structure_trend': True, 'structure_trend_swing_l': 1, 'en_order_block': False, 'order_block_swing_l': 12, 'en_fvg': False, 'fvg_lookback': 40, 'en_ifvg': True, 'en_breaker': False, 'breaker_swing_l': 9, 'en_cisd': True, 'k': 2, 'en_cap_bars': True, 'cap_1min': 839}.
[I 2026-07-13 15:56:24,751] Trial 3050 finished with values: [-1392.5580870657934, -3951.0534297600225, 42.6] and parameters: {'sl_soft': 0.022988098270288884, 'sl_hard_delta': 0.06382907164527017, 'tp': 0.08485800408712069, 'gate_pct': 98.93711402329589, 'dd_limit': 1.4726436036009025, 'cooldown': 0, 'flip': True, 'en_ema_trend': True, 'ema_trend_fast': 84, 'ema_trend_slow': 250, 'en_sma_trend': True, 'sma_trend_fast': 392, 'sma_trend_slow': 319, 'en_macd': True, 'macd_fast': 60, 'macd_slow': 42, 'macd_signal': 40, 'en_vwap': False, 'en_keltner': False, 'keltner_n': 66, 'keltner_m': 5.0, 'en_obv': False, 'obv_slope': 135, 'en_cci': False, 'cci_n': 10, 'cci_threshold': 25, 'en_rsi': False, 'rsi_n': 71, 'rsi_lower': 12, 'rsi_upper': 93, 'en_stochastic': False, 'stochastic_n': 97, 'stochastic_d': 4, 'stochastic_lower': 7, 'stochastic_upper': 61, 'en_mfi': True, 'mfi_n': 29, 'mfi_lower': 8, 'mfi_upper': 96, 'en_bollinger': True, 'bollinger_n': 149, 'bollinger_k': 4.8, 'en_adx': False, 'adx_n': 28, 'adx_threshold': 12, 'en_structure_trend': True, 'structure_trend_swing_l': 13, 'en_order_block': True, 'order_block_swing_l': 8, 'en_fvg': True, 'fvg_lookback': 11, 'en_ifvg': True, 'en_breaker': True, 'breaker_swing_l': 12, 'en_cisd': False, 'k': 1, 'en_cap_bars': True, 'cap_1min': 742}.
[I 2026-07-13 15:56:27,058] Trial 3051 finished with values: [-129.59156055535118, -2686.149711597707, 44.5] and parameters: {'sl_soft': 0.04963847535152836, 'sl_hard_delta': 0.027238725907773563, 'tp': 0.11027886271765928, 'gate_pct': 99.3861717774851, 'dd_limit': 0.23735305616742414, 'cooldown': 8, 'flip': True, 'en_ema_trend': False, 'ema_trend_fast': 93, 'ema_trend_slow': 176, 'en_sma_trend': True, 'sma_trend_fast': 177, 'sma_trend_slow': 351, 'en_macd': True, 'macd_fast': 60, 'macd_slow': 93, 'macd_signal': 38, 'en_vwap': True, 'en_keltner': True, 'keltner_n': 22, 'keltner_m': 2.5, 'en_obv': True, 'obv_slope': 69, 'en_cci': False, 'cci_n': 106, 'cci_threshold': 180, 'en_rsi': False, 'rsi_n': 78, 'rsi_lower': 13, 'rsi_upper': 63, 'en_stochastic': False, 'stochastic_n': 97, 'stochastic_d': 39, 'stochastic_lower': 38, 'stochastic_upper': 72, 'en_mfi': True, 'mfi_n': 29, 'mfi_lower': 46, 'mfi_upper': 76, 'en_bollinger': False, 'bollinger_n': 189, 'bollinger_k': 1.1, 'en_adx': False, 'adx_n': 36, 'adx_threshold': 26, 'en_structure_trend': True, 'structure_trend_swing_l': 2, 'en_order_block': True, 'order_block_swing_l': 4, 'en_fvg': False, 'fvg_lookback': 40, 'en_ifvg': True, 'en_breaker': True, 'breaker_swing_l': 14, 'en_cisd': False, 'k': 2, 'en_cap_bars': True, 'cap_1min': 839}.
[I 2026-07-13 15:56:27,545] Trial 3052 finished with values: [-54.14381948469324, -3655.753058421564, 55.849999999999994] and parameters: {'sl_soft': 0.052196885259142164, 'sl_hard_delta': 0.0155516131087132, 'tp': 0.04939294172156869, 'gate_pct': 99.47218267450155, 'dd_limit': 0.23735305616742414, 'cooldown': 14, 'flip': True, 'en_ema_trend': False, 'ema_trend_fast': 351, 'ema_trend_slow': 367, 'en_sma_trend': True, 'sma_trend_fast': 50, 'sma_trend_slow': 141, 'en_macd': False, 'macd_fast': 5, 'macd_slow': 133, 'macd_signal': 27, 'en_vwap': True, 'en_keltner': False, 'keltner_n': 19, 'keltner_m': 2.0, 'en_obv': True, 'obv_slope': 2, 'en_cci': True, 'cci_n': 6, 'cci_threshold': 200, 'en_rsi': False, 'rsi_n': 96, 'rsi_lower': 15, 'rsi_upper': 98, 'en_stochastic': False, 'stochastic_n': 97, 'stochastic_d': 38, 'stochastic_lower': 23, 'stochastic_upper': 66, 'en_mfi': False, 'mfi_n': 77, 'mfi_lower': 5, 'mfi_upper': 79, 'en_bollinger': True, 'bollinger_n': 149, 'bollinger_k': 3.8000000000000003, 'en_adx': False, 'adx_n': 42, 'adx_threshold': 10, 'en_structure_trend': True, 'structure_trend_swing_l': 1, 'en_order_block': False, 'order_block_swing_l': 16, 'en_fvg': False, 'fvg_lookback': 40, 'en_ifvg': True, 'en_breaker': True, 'breaker_swing_l': 9, 'en_cisd': False, 'k': 1, 'en_cap_bars': True, 'cap_1min': 483}.
[I 2026-07-13 15:56:29,540] Trial 3053 finished with values: [-898.7294829740833, -3249.267396219049, 53.35] and parameters: {'sl_soft': 0.04963847535152836, 'sl_hard_delta': 0.027238725907773563, 'tp': 0.034955013712711674, 'gate_pct': 99.3861717774851, 'dd_limit': 1.4726436036009025, 'cooldown': 13, 'flip': True, 'en_ema_trend': True, 'ema_trend_fast': 351, 'ema_trend_slow': 367, 'en_sma_trend': True, 'sma_trend_fast': 105, 'sma_trend_slow': 324, 'en_macd': True, 'macd_fast': 60, 'macd_slow': 133, 'macd_signal': 31, 'en_vwap': True, 'en_keltner': True, 'keltner_n': 139, 'keltner_m': 2.8000000000000003, 'en_obv': False, 'obv_slope': 69, 'en_cci': True, 'cci_n': 106, 'cci_threshold': 125, 'en_rsi': False, 'rsi_n': 34, 'rsi_lower': 12, 'rsi_upper': 77, 'en_stochastic': False, 'stochastic_n': 97, 'stochastic_d': 21, 'stochastic_lower': 28, 'stochastic_upper': 61, 'en_mfi': False, 'mfi_n': 42, 'mfi_lower': 40, 'mfi_upper': 79, 'en_bollinger': True, 'bollinger_n': 7, 'bollinger_k': 1.1, 'en_adx': False, 'adx_n': 48, 'adx_threshold': 30, 'en_structure_trend': False, 'structure_trend_swing_l': 13, 'en_order_block': True, 'order_block_swing_l': 20, 'en_fvg': True, 'fvg_lookback': 40, 'en_ifvg': False, 'en_breaker': False, 'breaker_swing_l': 1, 'en_cisd': True, 'k': 3, 'en_cap_bars': True, 'cap_1min': 839}.
[I 2026-07-13 15:56:29,735] Trial 3054 pruned. 
[I 2026-07-13 15:56:30,328] Trial 3055 finished with values: [1684.3714145507781, -4653.842756885281, 70.85] and parameters: {'sl_soft': 0.04963847535152836, 'sl_hard_delta': 0.03174292770939944, 'tp': 0.04939294172156869, 'gate_pct': 98.93711402329589, 'dd_limit': 8.747350770951359, 'cooldown': 8, 'flip': True, 'en_ema_trend': True, 'ema_trend_fast': 351, 'ema_trend_slow': 367, 'en_sma_trend': False, 'sma_trend_fast': 372, 'sma_trend_slow': 12, 'en_macd': True, 'macd_fast': 70, 'macd_slow': 133, 'macd_signal': 40, 'en_vwap': False, 'en_keltner': False, 'keltner_n': 61, 'keltner_m': 5.0, 'en_obv': True, 'obv_slope': 191, 'en_cci': False, 'cci_n': 10, 'cci_threshold': 25, 'en_rsi': False, 'rsi_n': 34, 'rsi_lower': 12, 'rsi_upper': 77, 'en_stochastic': False, 'stochastic_n': 97, 'stochastic_d': 43, 'stochastic_lower': 22, 'stochastic_upper': 61, 'en_mfi': False, 'mfi_n': 95, 'mfi_lower': 47, 'mfi_upper': 76, 'en_bollinger': True, 'bollinger_n': 56, 'bollinger_k': 3.1, 'en_adx': False, 'adx_n': 36, 'adx_threshold': 10, 'en_structure_trend': True, 'structure_trend_swing_l': 1, 'en_order_block': True, 'order_block_swing_l': 5, 'en_fvg': False, 'fvg_lookback': 40, 'en_ifvg': True, 'en_breaker': True, 'breaker_swing_l': 9, 'en_cisd': True, 'k': 3, 'en_cap_bars': False, 'cap_1min': 963}.
[I 2026-07-13 15:56:31,150] Trial 3056 finished with values: [406.61178710458046, -1833.9455706298581, 55.900000000000006] and parameters: {'sl_soft': 0.06296004248070106, 'sl_hard_delta': 0.06382907164527017, 'tp': 0.08485800408712069, 'gate_pct': 98.93711402329589, 'dd_limit': 1.4726436036009025, 'cooldown': 8, 'flip': True, 'en_ema_trend': True, 'ema_trend_fast': 84, 'ema_trend_slow': 250, 'en_sma_trend': False, 'sma_trend_fast': 372, 'sma_trend_slow': 319, 'en_macd': True, 'macd_fast': 60, 'macd_slow': 18, 'macd_signal': 40, 'en_vwap': False, 'en_keltner': False, 'keltner_n': 139, 'keltner_m': 5.0, 'en_obv': True, 'obv_slope': 191, 'en_cci': False, 'cci_n': 10, 'cci_threshold': 155, 'en_rsi': False, 'rsi_n': 71, 'rsi_lower': 12, 'rsi_upper': 77, 'en_stochastic': False, 'stochastic_n': 97, 'stochastic_d': 39, 'stochastic_lower': 7, 'stochastic_upper': 61, 'en_mfi': True, 'mfi_n': 77, 'mfi_lower': 8, 'mfi_upper': 76, 'en_bollinger': True, 'bollinger_n': 56, 'bollinger_k': 3.1, 'en_adx': False, 'adx_n': 16, 'adx_threshold': 50, 'en_structure_trend': True, 'structure_trend_swing_l': 13, 'en_order_block': True, 'order_block_swing_l': 12, 'en_fvg': False, 'fvg_lookback': 11, 'en_ifvg': True, 'en_breaker': True, 'breaker_swing_l': 9, 'en_cisd': False, 'k': 3, 'en_cap_bars': False, 'cap_1min': 963}.
[I 2026-07-13 15:56:32,213] Trial 3057 pruned. 
[I 2026-07-13 15:56:32,903] Trial 3058 pruned. 
[I 2026-07-13 15:56:33,053] Trial 3059 pruned. 
[I 2026-07-13 15:56:34,716] Trial 3060 finished with values: [361.38436202973526, -3703.396302589397, 58.25] and parameters: {'sl_soft': 0.04963847535152836, 'sl_hard_delta': 0.0155516131087132, 'tp': 0.04939294172156869, 'gate_pct': 98.93711402329589, 'dd_limit': 8.747350770951359, 'cooldown': 8, 'flip': True, 'en_ema_trend': False, 'ema_trend_fast': 351, 'ema_trend_slow': 367, 'en_sma_trend': False, 'sma_trend_fast': 392, 'sma_trend_slow': 356, 'en_macd': True, 'macd_fast': 70, 'macd_slow': 133, 'macd_signal': 57, 'en_vwap': False, 'en_keltner': False, 'keltner_n': 139, 'keltner_m': 0.5, 'en_obv': True, 'obv_slope': 13, 'en_cci': False, 'cci_n': 106, 'cci_threshold': 155, 'en_rsi': False, 'rsi_n': 96, 'rsi_lower': 12, 'rsi_upper': 77, 'en_stochastic': False, 'stochastic_n': 97, 'stochastic_d': 43, 'stochastic_lower': 22, 'stochastic_upper': 91, 'en_mfi': False, 'mfi_n': 95, 'mfi_lower': 47, 'mfi_upper': 79, 'en_bollinger': True, 'bollinger_n': 128, 'bollinger_k': 3.1, 'en_adx': False, 'adx_n': 48, 'adx_threshold': 10, 'en_structure_trend': True, 'structure_trend_swing_l': 1, 'en_order_block': False, 'order_block_swing_l': 5, 'en_fvg': False, 'fvg_lookback': 40, 'en_ifvg': True, 'en_breaker': False, 'breaker_swing_l': 9, 'en_cisd': True, 'k': 3, 'en_cap_bars': False, 'cap_1min': 839}.
[I 2026-07-13 15:56:36,580] Trial 3061 finished with values: [552.2121928534141, -1533.3316076192816, 62.35] and parameters: {'sl_soft': 0.050276826705740144, 'sl_hard_delta': 0.03174292770939944, 'tp': 0.04939294172156869, 'gate_pct': 98.93711402329589, 'dd_limit': 9.066216783758431, 'cooldown': 8, 'flip': True, 'en_ema_trend': True, 'ema_trend_fast': 351, 'ema_trend_slow': 367, 'en_sma_trend': False, 'sma_trend_fast': 392, 'sma_trend_slow': 356, 'en_macd': False, 'macd_fast': 5, 'macd_slow': 32, 'macd_signal': 98, 'en_vwap': False, 'en_keltner': True, 'keltner_n': 176, 'keltner_m': 5.0, 'en_obv': True, 'obv_slope': 13, 'en_cci': False, 'cci_n': 106, 'cci_threshold': 30, 'en_rsi': False, 'rsi_n': 96, 'rsi_lower': 46, 'rsi_upper': 98, 'en_stochastic': False, 'stochastic_n': 83, 'stochastic_d': 43, 'stochastic_lower': 22, 'stochastic_upper': 91, 'en_mfi': False, 'mfi_n': 19, 'mfi_lower': 47, 'mfi_upper': 81, 'en_bollinger': True, 'bollinger_n': 149, 'bollinger_k': 3.1, 'en_adx': False, 'adx_n': 42, 'adx_threshold': 41, 'en_structure_trend': True, 'structure_trend_swing_l': 13, 'en_order_block': False, 'order_block_swing_l': 5, 'en_fvg': False, 'fvg_lookback': 40, 'en_ifvg': True, 'en_breaker': True, 'breaker_swing_l': 9, 'en_cisd': True, 'k': 1, 'en_cap_bars': True, 'cap_1min': 1109}.
