[I 2026-07-13 15:57:26,741] Trial 3346 finished with values: [171.80067062771084, -3355.0779422417063, 51.5] and parameters: {'sl_soft': 0.0245266268294413, 'sl_hard_delta': 0.13131898566558653, 'tp': 0.08282613433900768, 'gate_pct': 94.32553955536301, 'dd_limit': 8.683310596224244, 'cooldown': 2, 'flip': False, 'en_ema_trend': False, 'ema_trend_fast': 24, 'ema_trend_slow': 397, 'en_sma_trend': True, 'sma_trend_fast': 265, 'sma_trend_slow': 57, 'en_macd': False, 'macd_fast': 19, 'macd_slow': 63, 'macd_signal': 48, 'en_vwap': False, 'en_keltner': True, 'keltner_n': 56, 'keltner_m': 2.1, 'en_obv': True, 'obv_slope': 129, 'en_cci': False, 'cci_n': 118, 'cci_threshold': 250, 'en_rsi': False, 'rsi_n': 95, 'rsi_lower': 45, 'rsi_upper': 88, 'en_stochastic': False, 'stochastic_n': 87, 'stochastic_d': 14, 'stochastic_lower': 15, 'stochastic_upper': 66, 'en_mfi': False, 'mfi_n': 14, 'mfi_lower': 22, 'mfi_upper': 70, 'en_bollinger': True, 'bollinger_n': 134, 'bollinger_k': 4.2, 'en_adx': False, 'adx_n': 48, 'adx_threshold': 38, 'en_structure_trend': False, 'structure_trend_swing_l': 12, 'en_order_block': False, 'order_block_swing_l': 4, 'en_fvg': True, 'fvg_lookback': 22, 'en_ifvg': True, 'en_breaker': False, 'breaker_swing_l': 2, 'en_cisd': True, 'k': 4, 'en_cap_bars': True, 'cap_1min': 797}.
[I 2026-07-13 15:57:27,293] Trial 3347 pruned. 
[I 2026-07-13 15:57:28,423] Trial 3348 pruned. 
[I 2026-07-13 15:57:31,515] Trial 3349 finished with values: [-467.0101130924035, -7535.8049297255975, 34.849999999999994] and parameters: {'sl_soft': 0.07922784441362493, 'sl_hard_delta': 0.04269284514679842, 'tp': 0.16937546754390323, 'gate_pct': 99.55888908721671, 'dd_limit': 0.5242871576912017, 'cooldown': 2, 'flip': False, 'en_ema_trend': True, 'ema_trend_fast': 80, 'ema_trend_slow': 75, 'en_sma_trend': False, 'sma_trend_fast': 105, 'sma_trend_slow': 325, 'en_macd': True, 'macd_fast': 2, 'macd_slow': 53, 'macd_signal': 34, 'en_vwap': False, 'en_keltner': True, 'keltner_n': 99, 'keltner_m': 0.7, 'en_obv': True, 'obv_slope': 146, 'en_cci': False, 'cci_n': 7, 'cci_threshold': 25, 'en_rsi': False, 'rsi_n': 73, 'rsi_lower': 39, 'rsi_upper': 54, 'en_stochastic': True, 'stochastic_n': 6, 'stochastic_d': 48, 'stochastic_lower': 31, 'stochastic_upper': 80, 'en_mfi': False, 'mfi_n': 72, 'mfi_lower': 27, 'mfi_upper': 54, 'en_bollinger': False, 'bollinger_n': 149, 'bollinger_k': 2.4000000000000004, 'en_adx': False, 'adx_n': 39, 'adx_threshold': 39, 'en_structure_trend': True, 'structure_trend_swing_l': 6, 'en_order_block': False, 'order_block_swing_l': 18, 'en_fvg': False, 'fvg_lookback': 24, 'en_ifvg': False, 'en_breaker': True, 'breaker_swing_l': 12, 'en_cisd': False, 'k': 5, 'en_cap_bars': False, 'cap_1min': 345}.
[I 2026-07-13 15:57:37,679] Trial 3350 finished with values: [3017.962587487179, -7735.421036832623, 51.9] and parameters: {'sl_soft': 0.09561626693152817, 'sl_hard_delta': 0.12303958310023494, 'tp': 0.16937546754390323, 'gate_pct': 96.03464624110227, 'dd_limit': 0.5242871576912017, 'cooldown': 1, 'flip': True, 'en_ema_trend': False, 'ema_trend_fast': 113, 'ema_trend_slow': 75, 'en_sma_trend': False, 'sma_trend_fast': 175, 'sma_trend_slow': 325, 'en_macd': False, 'macd_fast': 75, 'macd_slow': 132, 'macd_signal': 59, 'en_vwap': False, 'en_keltner': False, 'keltner_n': 22, 'keltner_m': 0.5, 'en_obv': True, 'obv_slope': 13, 'en_cci': True, 'cci_n': 51, 'cci_threshold': 265, 'en_rsi': True, 'rsi_n': 96, 'rsi_lower': 1, 'rsi_upper': 73, 'en_stochastic': True, 'stochastic_n': 6, 'stochastic_d': 43, 'stochastic_lower': 22, 'stochastic_upper': 80, 'en_mfi': False, 'mfi_n': 72, 'mfi_lower': 47, 'mfi_upper': 79, 'en_bollinger': False, 'bollinger_n': 128, 'bollinger_k': 0.5, 'en_adx': False, 'adx_n': 48, 'adx_threshold': 10, 'en_structure_trend': False, 'structure_trend_swing_l': 6, 'en_order_block': False, 'order_block_swing_l': 13, 'en_fvg': False, 'fvg_lookback': 32, 'en_ifvg': False, 'en_breaker': False, 'breaker_swing_l': 3, 'en_cisd': True, 'k': 2, 'en_cap_bars': True, 'cap_1min': 839}.
[I 2026-07-13 15:57:38,063] Trial 3351 finished with values: [431.6770827526995, -6568.145666297908, 76.4] and parameters: {'sl_soft': 0.11629038337087952, 'sl_hard_delta': 0.16805834987911447, 'tp': 0.04417805554007266, 'gate_pct': 97.87184393359011, 'dd_limit': 6.844711394584541, 'cooldown': 5, 'flip': False, 'en_ema_trend': False, 'ema_trend_fast': 195, 'ema_trend_slow': 294, 'en_sma_trend': True, 'sma_trend_fast': 50, 'sma_trend_slow': 200, 'en_macd': True, 'macd_fast': 18, 'macd_slow': 72, 'macd_signal': 45, 'en_vwap': True, 'en_keltner': False, 'keltner_n': 153, 'keltner_m': 2.8000000000000003, 'en_obv': False, 'obv_slope': 2, 'en_cci': True, 'cci_n': 142, 'cci_threshold': 115, 'en_rsi': True, 'rsi_n': 40, 'rsi_lower': 9, 'rsi_upper': 73, 'en_stochastic': True, 'stochastic_n': 77, 'stochastic_d': 28, 'stochastic_lower': 18, 'stochastic_upper': 74, 'en_mfi': False, 'mfi_n': 19, 'mfi_lower': 27, 'mfi_upper': 71, 'en_bollinger': False, 'bollinger_n': 69, 'bollinger_k': 4.2, 'en_adx': False, 'adx_n': 50, 'adx_threshold': 24, 'en_structure_trend': False, 'structure_trend_swing_l': 17, 'en_order_block': True, 'order_block_swing_l': 11, 'en_fvg': True, 'fvg_lookback': 7, 'en_ifvg': False, 'en_breaker': True, 'breaker_swing_l': 14, 'en_cisd': False, 'k': 2, 'en_cap_bars': True, 'cap_1min': 1250}.
[I 2026-07-13 15:57:39,524] Trial 3352 pruned. 
[I 2026-07-13 15:57:40,199] Trial 3353 finished with values: [204.1001071755844, -1789.2640568364727, 65.85] and parameters: {'sl_soft': 0.09561626693152817, 'sl_hard_delta': 0.010442170043487192, 'tp': 0.05493660677968804, 'gate_pct': 99.60506126830711, 'dd_limit': 8.747350770951359, 'cooldown': 5, 'flip': True, 'en_ema_trend': True, 'ema_trend_fast': 323, 'ema_trend_slow': 294, 'en_sma_trend': False, 'sma_trend_fast': 105, 'sma_trend_slow': 356, 'en_macd': False, 'macd_fast': 18, 'macd_slow': 133, 'macd_signal': 3, 'en_vwap': False, 'en_keltner': False, 'keltner_n': 43, 'keltner_m': 2.8000000000000003, 'en_obv': True, 'obv_slope': 19, 'en_cci': True, 'cci_n': 7, 'cci_threshold': 255, 'en_rsi': True, 'rsi_n': 96, 'rsi_lower': 1, 'rsi_upper': 78, 'en_stochastic': True, 'stochastic_n': 46, 'stochastic_d': 43, 'stochastic_lower': 21, 'stochastic_upper': 97, 'en_mfi': False, 'mfi_n': 11, 'mfi_lower': 47, 'mfi_upper': 79, 'en_bollinger': False, 'bollinger_n': 128, 'bollinger_k': 1.0, 'en_adx': False, 'adx_n': 39, 'adx_threshold': 49, 'en_structure_trend': True, 'structure_trend_swing_l': 4, 'en_order_block': False, 'order_block_swing_l': 5, 'en_fvg': True, 'fvg_lookback': 24, 'en_ifvg': True, 'en_breaker': False, 'breaker_swing_l': 3, 'en_cisd': False, 'k': 4, 'en_cap_bars': True, 'cap_1min': 1243}.
[I 2026-07-13 15:57:42,094] Trial 3354 pruned. 
[I 2026-07-13 15:57:44,672] Trial 3355 finished with values: [3322.3419440222397, -41946.917725603176, 72.95] and parameters: {'sl_soft': 0.06423559890121558, 'sl_hard_delta': 0.04269284514679842, 'tp': 0.03810555008976396, 'gate_pct': 99.55888908721671, 'dd_limit': 0.5242871576912017, 'cooldown': 1, 'flip': True, 'en_ema_trend': False, 'ema_trend_fast': 323, 'ema_trend_slow': 294, 'en_sma_trend': False, 'sma_trend_fast': 105, 'sma_trend_slow': 325, 'en_macd': True, 'macd_fast': 64, 'macd_slow': 53, 'macd_signal': 19, 'en_vwap': True, 'en_keltner': False, 'keltner_n': 24, 'keltner_m': 0.7, 'en_obv': True, 'obv_slope': 93, 'en_cci': True, 'cci_n': 142, 'cci_threshold': 145, 'en_rsi': True, 'rsi_n': 66, 'rsi_lower': 30, 'rsi_upper': 58, 'en_stochastic': False, 'stochastic_n': 6, 'stochastic_d': 43, 'stochastic_lower': 21, 'stochastic_upper': 97, 'en_mfi': False, 'mfi_n': 60, 'mfi_lower': 27, 'mfi_upper': 80, 'en_bollinger': False, 'bollinger_n': 31, 'bollinger_k': 2.4000000000000004, 'en_adx': False, 'adx_n': 39, 'adx_threshold': 27, 'en_structure_trend': False, 'structure_trend_swing_l': 4, 'en_order_block': False, 'order_block_swing_l': 4, 'en_fvg': False, 'fvg_lookback': 7, 'en_ifvg': False, 'en_breaker': False, 'breaker_swing_l': 14, 'en_cisd': False, 'k': 1, 'en_cap_bars': False, 'cap_1min': 1250}.
[I 2026-07-13 15:57:46,028] Trial 3356 pruned. 
[I 2026-07-13 15:57:47,737] Trial 3357 finished with values: [-323.0417749024458, -15110.314138359194, 36.55] and parameters: {'sl_soft': 0.06439762276669186, 'sl_hard_delta': 0.17424252774383417, 'tp': 0.18978054300184755, 'gate_pct': 99.60506126830711, 'dd_limit': 2.4528084273798805, 'cooldown': 2, 'flip': True, 'en_ema_trend': False, 'ema_trend_fast': 342, 'ema_trend_slow': 397, 'en_sma_trend': True, 'sma_trend_fast': 198, 'sma_trend_slow': 325, 'en_macd': False, 'macd_fast': 10, 'macd_slow': 91, 'macd_signal': 3, 'en_vwap': True, 'en_keltner': False, 'keltner_n': 43, 'keltner_m': 2.1, 'en_obv': True, 'obv_slope': 19, 'en_cci': True, 'cci_n': 134, 'cci_threshold': 145, 'en_rsi': True, 'rsi_n': 95, 'rsi_lower': 31, 'rsi_upper': 94, 'en_stochastic': False, 'stochastic_n': 82, 'stochastic_d': 22, 'stochastic_lower': 21, 'stochastic_upper': 78, 'en_mfi': False, 'mfi_n': 97, 'mfi_lower': 27, 'mfi_upper': 51, 'en_bollinger': False, 'bollinger_n': 69, 'bollinger_k': 4.2, 'en_adx': False, 'adx_n': 22, 'adx_threshold': 47, 'en_structure_trend': False, 'structure_trend_swing_l': 12, 'en_order_block': False, 'order_block_swing_l': 4, 'en_fvg': False, 'fvg_lookback': 24, 'en_ifvg': False, 'en_breaker': False, 'breaker_swing_l': 18, 'en_cisd': True, 'k': 3, 'en_cap_bars': True, 'cap_1min': 1243}.
[I 2026-07-13 15:57:48,962] Trial 3358 finished with values: [335.78680505232944, -1934.9165763647136, 56.8] and parameters: {'sl_soft': 0.02543330775735223, 'sl_hard_delta': 0.16805834987911447, 'tp': 0.04417805554007266, 'gate_pct': 99.86430067299344, 'dd_limit': 6.844711394584541, 'cooldown': 5, 'flip': True, 'en_ema_trend': False, 'ema_trend_fast': 195, 'ema_trend_slow': 294, 'en_sma_trend': False, 'sma_trend_fast': 204, 'sma_trend_slow': 200, 'en_macd': True, 'macd_fast': 18, 'macd_slow': 72, 'macd_signal': 45, 'en_vwap': True, 'en_keltner': False, 'keltner_n': 153, 'keltner_m': 2.8000000000000003, 'en_obv': True, 'obv_slope': 69, 'en_cci': True, 'cci_n': 142, 'cci_threshold': 280, 'en_rsi': True, 'rsi_n': 7, 'rsi_lower': 9, 'rsi_upper': 73, 'en_stochastic': True, 'stochastic_n': 77, 'stochastic_d': 28, 'stochastic_lower': 18, 'stochastic_upper': 74, 'en_mfi': False, 'mfi_n': 19, 'mfi_lower': 27, 'mfi_upper': 71, 'en_bollinger': False, 'bollinger_n': 103, 'bollinger_k': 1.8, 'en_adx': False, 'adx_n': 50, 'adx_threshold': 24, 'en_structure_trend': False, 'structure_trend_swing_l': 17, 'en_order_block': True, 'order_block_swing_l': 11, 'en_fvg': True, 'fvg_lookback': 40, 'en_ifvg': False, 'en_breaker': True, 'breaker_swing_l': 14, 'en_cisd': False, 'k': 2, 'en_cap_bars': True, 'cap_1min': 374}.
[I 2026-07-13 15:57:56,805] Trial 3359 finished with values: [-570.4187068058527, -7868.426133078117, 42.5] and parameters: {'sl_soft': 0.07922784441362493, 'sl_hard_delta': 0.12303958310023494, 'tp': 0.11965293792891196, 'gate_pct': 93.79805140335328, 'dd_limit': 5.319419455229414, 'cooldown': 0, 'flip': True, 'en_ema_trend': True, 'ema_trend_fast': 77, 'ema_trend_slow': 75, 'en_sma_trend': True, 'sma_trend_fast': 289, 'sma_trend_slow': 117, 'en_macd': True, 'macd_fast': 75, 'macd_slow': 132, 'macd_signal': 98, 'en_vwap': True, 'en_keltner': False, 'keltner_n': 43, 'keltner_m': 3.0, 'en_obv': True, 'obv_slope': 19, 'en_cci': False, 'cci_n': 55, 'cci_threshold': 265, 'en_rsi': True, 'rsi_n': 73, 'rsi_lower': 28, 'rsi_upper': 75, 'en_stochastic': True, 'stochastic_n': 62, 'stochastic_d': 49, 'stochastic_lower': 21, 'stochastic_upper': 80, 'en_mfi': False, 'mfi_n': 72, 'mfi_lower': 23, 'mfi_upper': 80, 'en_bollinger': True, 'bollinger_n': 31, 'bollinger_k': 3.2, 'en_adx': False, 'adx_n': 98, 'adx_threshold': 48, 'en_structure_trend': False, 'structure_trend_swing_l': 6, 'en_order_block': False, 'order_block_swing_l': 13, 'en_fvg': False, 'fvg_lookback': 24, 'en_ifvg': False, 'en_breaker': False, 'breaker_swing_l': 17, 'en_cisd': False, 'k': 4, 'en_cap_bars': False, 'cap_1min': 59}.
[I 2026-07-13 15:57:59,849] Trial 3360 finished with values: [-1212.6741071610422, -4759.995411642175, 37.95] and parameters: {'sl_soft': 0.035486083657367995, 'sl_hard_delta': 0.037096762797135426, 'tp': 0.07738154772393774, 'gate_pct': 99.43810192295578, 'dd_limit': 1.2256325546234672, 'cooldown': 2, 'flip': False, 'en_ema_trend': False, 'ema_trend_fast': 77, 'ema_trend_slow': 136, 'en_sma_trend': True, 'sma_trend_fast': 44, 'sma_trend_slow': 336, 'en_macd': True, 'macd_fast': 2, 'macd_slow': 125, 'macd_signal': 45, 'en_vwap': True, 'en_keltner': True, 'keltner_n': 99, 'keltner_m': 3.0, 'en_obv': True, 'obv_slope': 69, 'en_cci': True, 'cci_n': 54, 'cci_threshold': 300, 'en_rsi': True, 'rsi_n': 15, 'rsi_lower': 39, 'rsi_upper': 52, 'en_stochastic': False, 'stochastic_n': 62, 'stochastic_d': 7, 'stochastic_lower': 18, 'stochastic_upper': 97, 'en_mfi': False, 'mfi_n': 76, 'mfi_lower': 19, 'mfi_upper': 54, 'en_bollinger': False, 'bollinger_n': 189, 'bollinger_k': 3.8000000000000003, 'en_adx': False, 'adx_n': 98, 'adx_threshold': 13, 'en_structure_trend': False, 'structure_trend_swing_l': 9, 'en_order_block': False, 'order_block_swing_l': 18, 'en_fvg': True, 'fvg_lookback': 2, 'en_ifvg': False, 'en_breaker': True, 'breaker_swing_l': 14, 'en_cisd': False, 'k': 2, 'en_cap_bars': True, 'cap_1min': 1250}.
[I 2026-07-13 15:58:05,690] Trial 3361 finished with values: [-489.87724576157643, -2860.2670173237143, 66.95] and parameters: {'sl_soft': 0.09561626693152817, 'sl_hard_delta': 0.14143713653322113, 'tp': 0.05493660677968804, 'gate_pct': 99.57581637257637, 'dd_limit': 8.747350770951359, 'cooldown': 1, 'flip': True, 'en_ema_trend': True, 'ema_trend_fast': 301, 'ema_trend_slow': 395, 'en_sma_trend': False, 'sma_trend_fast': 175, 'sma_trend_slow': 154, 'en_macd': False, 'macd_fast': 97, 'macd_slow': 133, 'macd_signal': 21, 'en_vwap': False, 'en_keltner': False, 'keltner_n': 22, 'keltner_m': 0.5, 'en_obv': True, 'obv_slope': 173, 'en_cci': False, 'cci_n': 2, 'cci_threshold': 255, 'en_rsi': True, 'rsi_n': 96, 'rsi_lower': 20, 'rsi_upper': 63, 'en_stochastic': True, 'stochastic_n': 90, 'stochastic_d': 43, 'stochastic_lower': 21, 'stochastic_upper': 82, 'en_mfi': False, 'mfi_n': 11, 'mfi_lower': 13, 'mfi_upper': 72, 'en_bollinger': False, 'bollinger_n': 100, 'bollinger_k': 4.5, 'en_adx': False, 'adx_n': 48, 'adx_threshold': 10, 'en_structure_trend': True, 'structure_trend_swing_l': 2, 'en_order_block': False, 'order_block_swing_l': 5, 'en_fvg': True, 'fvg_lookback': 40, 'en_ifvg': True, 'en_breaker': False, 'breaker_swing_l': 3, 'en_cisd': True, 'k': 4, 'en_cap_bars': True, 'cap_1min': 839}.
[I 2026-07-13 15:58:06,037] Trial 3362 pruned. 
[I 2026-07-13 15:58:07,414] Trial 3363 finished with values: [-2267.558371607431, -6226.729222095103, 45.7] and parameters: {'sl_soft': 0.07488558607740736, 'sl_hard_delta': 0.04269284514679842, 'tp': 0.11856093579904992, 'gate_pct': 96.03464624110227, 'dd_limit': 3.021375135532224, 'cooldown': 2, 'flip': True, 'en_ema_trend': True, 'ema_trend_fast': 113, 'ema_trend_slow': 377, 'en_sma_trend': False, 'sma_trend_fast': 175, 'sma_trend_slow': 325, 'en_macd': True, 'macd_fast': 64, 'macd_slow': 53, 'macd_signal': 59, 'en_vwap': True, 'en_keltner': False, 'keltner_n': 123, 'keltner_m': 0.5, 'en_obv': False, 'obv_slope': 92, 'en_cci': True, 'cci_n': 2, 'cci_threshold': 130, 'en_rsi': False, 'rsi_n': 73, 'rsi_lower': 18, 'rsi_upper': 94, 'en_stochastic': False, 'stochastic_n': 6, 'stochastic_d': 25, 'stochastic_lower': 22, 'stochastic_upper': 66, 'en_mfi': False, 'mfi_n': 98, 'mfi_lower': 47, 'mfi_upper': 57, 'en_bollinger': False, 'bollinger_n': 133, 'bollinger_k': 1.0, 'en_adx': False, 'adx_n': 48, 'adx_threshold': 49, 'en_structure_trend': False, 'structure_trend_swing_l': 1, 'en_order_block': False, 'order_block_swing_l': 4, 'en_fvg': True, 'fvg_lookback': 7, 'en_ifvg': False, 'en_breaker': True, 'breaker_swing_l': 14, 'en_cisd': False, 'k': 1, 'en_cap_bars': True, 'cap_1min': 839}.
[I 2026-07-13 15:58:08,219] Trial 3364 pruned. 
[I 2026-07-13 15:58:08,531] Trial 3365 finished with values: [-1307.8021346449025, -4800.556335938496, 61.900000000000006] and parameters: {'sl_soft': 0.09561626693152817, 'sl_hard_delta': 0.03015108663934192, 'tp': 0.05493660677968804, 'gate_pct': 96.03464624110227, 'dd_limit': 8.747350770951359, 'cooldown': 2, 'flip': True, 'en_ema_trend': True, 'ema_trend_fast': 113, 'ema_trend_slow': 3, 'en_sma_trend': False, 'sma_trend_fast': 331, 'sma_trend_slow': 356, 'en_macd': False, 'macd_fast': 38, 'macd_slow': 88, 'macd_signal': 21, 'en_vwap': False, 'en_keltner': False, 'keltner_n': 60, 'keltner_m': 0.8, 'en_obv': False, 'obv_slope': 13, 'en_cci': True, 'cci_n': 78, 'cci_threshold': 50, 'en_rsi': True, 'rsi_n': 96, 'rsi_lower': 1, 'rsi_upper': 78, 'en_stochastic': False, 'stochastic_n': 27, 'stochastic_d': 43, 'stochastic_lower': 22, 'stochastic_upper': 72, 'en_mfi': False, 'mfi_n': 11, 'mfi_lower': 47, 'mfi_upper': 79, 'en_bollinger': False, 'bollinger_n': 172, 'bollinger_k': 0.5, 'en_adx': False, 'adx_n': 48, 'adx_threshold': 42, 'en_structure_trend': False, 'structure_trend_swing_l': 1, 'en_order_block': True, 'order_block_swing_l': 5, 'en_fvg': True, 'fvg_lookback': 40, 'en_ifvg': True, 'en_breaker': False, 'breaker_swing_l': 3, 'en_cisd': True, 'k': 2, 'en_cap_bars': True, 'cap_1min': 839}.
[I 2026-07-13 15:58:14,002] Trial 3366 finished with values: [259.8769952428271, -961.2361227635802, 77.5] and parameters: {'sl_soft': 0.08345559528832464, 'sl_hard_delta': 0.10879162926439315, 'tp': 0.04490461800882547, 'gate_pct': 99.12973389262724, 'dd_limit': 2.4528084273798805, 'cooldown': 2, 'flip': True, 'en_ema_trend': False, 'ema_trend_fast': 270, 'ema_trend_slow': 391, 'en_sma_trend': False, 'sma_trend_fast': 198, 'sma_trend_slow': 319, 'en_macd': False, 'macd_fast': 10, 'macd_slow': 3, 'macd_signal': 73, 'en_vwap': False, 'en_keltner': False, 'keltner_n': 173, 'keltner_m': 2.1, 'en_obv': False, 'obv_slope': 129, 'en_cci': True, 'cci_n': 134, 'cci_threshold': 140, 'en_rsi': False, 'rsi_n': 95, 'rsi_lower': 31, 'rsi_upper': 58, 'en_stochastic': True, 'stochastic_n': 82, 'stochastic_d': 17, 'stochastic_lower': 4, 'stochastic_upper': 75, 'en_mfi': False, 'mfi_n': 27, 'mfi_lower': 38, 'mfi_upper': 70, 'en_bollinger': True, 'bollinger_n': 83, 'bollinger_k': 0.9, 'en_adx': False, 'adx_n': 22, 'adx_threshold': 47, 'en_structure_trend': False, 'structure_trend_swing_l': 20, 'en_order_block': False, 'order_block_swing_l': 10, 'en_fvg': False, 'fvg_lookback': 19, 'en_ifvg': False, 'en_breaker': False, 'breaker_swing_l': 19, 'en_cisd': True, 'k': 2, 'en_cap_bars': True, 'cap_1min': 1353}.
[I 2026-07-13 15:58:18,142] Trial 3367 finished with values: [-2000.324669201329, -17924.724379917054, 32.5] and parameters: {'sl_soft': 0.06423559890121558, 'sl_hard_delta': 0.04269284514679842, 'tp': 0.18978054300184755, 'gate_pct': 99.86430067299344, 'dd_limit': 2.3419576250818945, 'cooldown': 1, 'flip': True, 'en_ema_trend': False, 'ema_trend_fast': 77, 'ema_trend_slow': 294, 'en_sma_trend': False, 'sma_trend_fast': 105, 'sma_trend_slow': 290, 'en_macd': True, 'macd_fast': 64, 'macd_slow': 28, 'macd_signal': 19, 'en_vwap': True, 'en_keltner': True, 'keltner_n': 24, 'keltner_m': 0.7, 'en_obv': True, 'obv_slope': 93, 'en_cci': True, 'cci_n': 142, 'cci_threshold': 280, 'en_rsi': True, 'rsi_n': 7, 'rsi_lower': 30, 'rsi_upper': 61, 'en_stochastic': False, 'stochastic_n': 6, 'stochastic_d': 43, 'stochastic_lower': 21, 'stochastic_upper': 91, 'en_mfi': False, 'mfi_n': 51, 'mfi_lower': 27, 'mfi_upper': 71, 'en_bollinger': False, 'bollinger_n': 149, 'bollinger_k': 1.1, 'en_adx': False, 'adx_n': 98, 'adx_threshold': 27, 'en_structure_trend': False, 'structure_trend_swing_l': 4, 'en_order_block': False, 'order_block_swing_l': 4, 'en_fvg': True, 'fvg_lookback': 32, 'en_ifvg': False, 'en_breaker': True, 'breaker_swing_l': 14, 'en_cisd': True, 'k': 4, 'en_cap_bars': False, 'cap_1min': 1250}.
[I 2026-07-13 15:58:25,070] Trial 3368 finished with values: [727.2063976797937, -2249.9999999999436, 57.35] and parameters: {'sl_soft': 0.07922784441362493, 'sl_hard_delta': 0.15275742664380385, 'tp': 0.11856093579904992, 'gate_pct': 99.55888908721671, 'dd_limit': 5.5935434980177225, 'cooldown': 6, 'flip': False, 'en_ema_trend': True, 'ema_trend_fast': 213, 'ema_trend_slow': 100, 'en_sma_trend': False, 'sma_trend_fast': 105, 'sma_trend_slow': 293, 'en_macd': False, 'macd_fast': 55, 'macd_slow': 125, 'macd_signal': 3, 'en_vwap': False, 'en_keltner': True, 'keltner_n': 43, 'keltner_m': 2.3, 'en_obv': True, 'obv_slope': 19, 'en_cci': False, 'cci_n': 172, 'cci_threshold': 130, 'en_rsi': False, 'rsi_n': 73, 'rsi_lower': 49, 'rsi_upper': 58, 'en_stochastic': True, 'stochastic_n': 6, 'stochastic_d': 25, 'stochastic_lower': 26, 'stochastic_upper': 80, 'en_mfi': False, 'mfi_n': 72, 'mfi_lower': 19, 'mfi_upper': 56, 'en_bollinger': True, 'bollinger_n': 2, 'bollinger_k': 3.8000000000000003, 'en_adx': False, 'adx_n': 39, 'adx_threshold': 30, 'en_structure_trend': True, 'structure_trend_swing_l': 6, 'en_order_block': True, 'order_block_swing_l': 13, 'en_fvg': True, 'fvg_lookback': 32, 'en_ifvg': True, 'en_breaker': False, 'breaker_swing_l': 17, 'en_cisd': False, 'k': 4, 'en_cap_bars': True, 'cap_1min': 345}.
