[I 2026-07-13 13:42:47,352] Trial 540 pruned. 
[I 2026-07-13 13:42:48,190] Trial 541 pruned. 
[I 2026-07-13 13:42:49,072] Trial 542 pruned. 
[I 2026-07-13 13:42:50,007] Trial 543 pruned. 
[I 2026-07-13 13:42:51,554] Trial 544 pruned. 
[I 2026-07-13 13:42:52,298] Trial 545 pruned. 
[I 2026-07-13 13:42:52,950] Trial 546 pruned. 
[I 2026-07-13 13:42:55,052] Trial 547 pruned. 
[I 2026-07-13 13:42:55,514] Trial 548 pruned. 
[I 2026-07-13 13:42:57,551] Trial 549 pruned. 
[I 2026-07-13 13:42:57,844] Trial 550 pruned. 
[I 2026-07-13 13:42:58,690] Trial 551 pruned. 
[I 2026-07-13 13:42:58,782] Trial 552 pruned. 
[I 2026-07-13 13:42:59,924] Trial 553 pruned. 
[I 2026-07-13 13:43:00,760] Trial 554 pruned. 
[I 2026-07-13 13:43:01,289] Trial 555 pruned. 
[I 2026-07-13 13:43:02,458] Trial 556 pruned. 
[I 2026-07-13 13:43:03,144] Trial 557 pruned. 
[I 2026-07-13 13:43:03,840] Trial 558 pruned. 
[I 2026-07-13 13:43:04,707] Trial 559 pruned. 
[I 2026-07-13 13:43:04,779] Trial 560 pruned. 
[I 2026-07-13 13:43:05,127] Trial 561 pruned. 
[I 2026-07-13 13:43:05,909] Trial 562 pruned. 
[I 2026-07-13 13:43:08,076] Trial 563 pruned. 
[I 2026-07-13 13:43:08,903] Trial 564 pruned. 
[I 2026-07-13 13:43:09,307] Trial 565 pruned. 
[I 2026-07-13 13:43:09,723] Trial 566 pruned. 
[I 2026-07-13 13:43:09,859] Trial 567 pruned. 
[I 2026-07-13 13:43:10,166] Trial 568 pruned. 
[I 2026-07-13 13:43:10,851] Trial 569 pruned. 
[I 2026-07-13 13:43:11,905] Trial 570 pruned. 
[I 2026-07-13 13:43:12,380] Trial 571 pruned. 
[I 2026-07-13 13:43:13,022] Trial 572 pruned. 
[I 2026-07-13 13:43:13,354] Trial 573 pruned. 
[I 2026-07-13 13:43:15,007] Trial 574 pruned. 
[I 2026-07-13 13:43:15,613] Trial 575 pruned. 
[I 2026-07-13 13:43:16,172] Trial 576 pruned. 
[I 2026-07-13 13:43:16,700] Trial 577 pruned. 
[I 2026-07-13 13:43:17,812] Trial 578 pruned. 
[I 2026-07-13 13:43:18,673] Trial 579 pruned. 
[I 2026-07-13 13:43:19,479] Trial 580 pruned. 
[I 2026-07-13 13:43:20,722] Trial 581 pruned. 
[I 2026-07-13 13:43:21,108] Trial 582 pruned. 
[I 2026-07-13 13:43:22,516] Trial 583 pruned. 
[I 2026-07-13 13:43:23,582] Trial 584 pruned. 
[I 2026-07-13 13:43:25,108] Trial 585 pruned. 
[I 2026-07-13 13:43:25,950] Trial 586 pruned. 
[I 2026-07-13 13:43:26,616] Trial 587 pruned. 
[I 2026-07-13 13:43:26,853] Trial 588 pruned. 
[I 2026-07-13 13:43:28,229] Trial 589 pruned. 
[I 2026-07-13 13:43:29,983] Trial 590 pruned. 
[I 2026-07-13 13:43:30,440] Trial 591 pruned. 
[I 2026-07-13 13:43:31,145] Trial 592 pruned. 
[I 2026-07-13 13:43:32,030] Trial 593 pruned. 
[I 2026-07-13 13:43:32,799] Trial 594 pruned. 
[I 2026-07-13 13:43:33,652] Trial 595 pruned. 
[I 2026-07-13 13:43:33,939] Trial 596 pruned. 
[I 2026-07-13 13:43:34,059] Trial 597 pruned. 
[I 2026-07-13 13:43:34,358] Trial 598 pruned. 
[I 2026-07-13 13:43:36,151] Trial 599 pruned. 
[I 2026-07-13 13:43:36,252] Trial 600 pruned. 
[I 2026-07-13 13:43:36,648] Trial 601 pruned. 
[I 2026-07-13 13:43:36,749] Trial 602 pruned. 
[I 2026-07-13 13:43:37,525] Trial 603 pruned. 
[I 2026-07-13 13:43:37,844] Trial 604 pruned. 
[I 2026-07-13 13:43:38,236] Trial 605 pruned. 
[I 2026-07-13 13:43:38,531] Trial 606 pruned. 
[I 2026-07-13 13:43:39,027] Trial 607 pruned. 
[I 2026-07-13 13:43:39,830] Trial 608 pruned. 
[I 2026-07-13 13:43:40,111] Trial 609 pruned. 
[I 2026-07-13 13:43:41,040] Trial 610 pruned. 
[I 2026-07-13 13:43:42,144] Trial 611 pruned. 
[I 2026-07-13 13:43:42,659] Trial 612 pruned. 
[I 2026-07-13 13:43:42,865] Trial 613 pruned. 
[I 2026-07-13 13:43:43,106] Trial 614 pruned. 
[I 2026-07-13 13:43:43,602] Trial 615 pruned. 
[I 2026-07-13 13:43:44,053] Trial 616 pruned. 
[I 2026-07-13 13:43:44,259] Trial 617 pruned. 
[I 2026-07-13 13:43:44,468] Trial 618 pruned. 
[I 2026-07-13 13:43:45,212] Trial 619 pruned. 
[I 2026-07-13 13:43:45,849] Trial 620 pruned. 
[I 2026-07-13 13:43:46,346] Trial 621 pruned. 
[I 2026-07-13 13:43:47,462] Trial 622 pruned. 
[I 2026-07-13 13:43:48,386] Trial 623 pruned. 
[I 2026-07-13 13:43:48,597] Trial 624 pruned. 
[I 2026-07-13 13:43:49,271] Trial 625 pruned. 
[I 2026-07-13 13:43:50,420] Trial 626 pruned. 
[I 2026-07-13 13:43:51,221] Trial 627 pruned. 
[I 2026-07-13 13:43:51,719] Trial 628 pruned. 
[I 2026-07-13 13:43:52,532] Trial 629 pruned. 
[I 2026-07-13 13:43:52,781] Trial 630 pruned. 
[I 2026-07-13 13:43:53,647] Trial 631 pruned. 
[I 2026-07-13 13:43:53,908] Trial 632 pruned. 
[I 2026-07-13 13:43:54,901] Trial 633 pruned. 
[I 2026-07-13 13:43:55,156] Trial 634 pruned. 
[I 2026-07-13 13:43:55,454] Trial 635 pruned. 
[I 2026-07-13 13:43:55,677] Trial 636 pruned. 
[I 2026-07-13 13:43:56,251] Trial 637 pruned. 
[I 2026-07-13 13:43:56,774] Trial 638 pruned. 
[I 2026-07-13 13:43:56,868] Trial 639 pruned. 
[I 2026-07-13 13:43:56,941] Trial 640 pruned. 
[I 2026-07-13 13:43:57,583] Trial 641 pruned. 
[I 2026-07-13 13:43:58,506] Trial 642 pruned. 
[I 2026-07-13 13:43:58,943] Trial 643 pruned. 
[I 2026-07-13 13:43:59,669] Trial 644 pruned. 
[I 2026-07-13 13:44:00,877] Trial 645 pruned. 
[I 2026-07-13 13:44:02,147] Trial 646 pruned. 
[I 2026-07-13 13:44:04,517] Trial 647 finished with values: [2646.2352087954423, -2974.9999999999586, 45.25] and parameters: {'sl_soft': 0.09577715710936688, 'sl_hard_delta': 0.25884354015921396, 'tp': 0.3112134405025989, 'gate_pct': 97.00844078669539, 'dd_limit': 7.364744278329123, 'cooldown': 1, 'flip': True, 'en_ema_trend': True, 'ema_trend_fast': 23, 'ema_trend_slow': 133, 'en_sma_trend': True, 'sma_trend_fast': 331, 'sma_trend_slow': 379, 'en_macd': True, 'macd_fast': 38, 'macd_slow': 88, 'macd_signal': 45, 'en_vwap': True, 'en_keltner': False, 'keltner_n': 60, 'keltner_m': 0.8, 'en_obv': False, 'obv_slope': 162, 'en_cci': True, 'cci_n': 78, 'cci_threshold': 50, 'en_rsi': False, 'rsi_n': 74, 'rsi_lower': 5, 'rsi_upper': 74, 'en_stochastic': False, 'stochastic_n': 27, 'stochastic_d': 6, 'stochastic_lower': 27, 'stochastic_upper': 94, 'en_mfi': False, 'mfi_n': 28, 'mfi_lower': 42, 'mfi_upper': 69, 'en_bollinger': True, 'bollinger_n': 172, 'bollinger_k': 0.5, 'en_adx': False, 'adx_n': 35, 'adx_threshold': 42, 'en_structure_trend': False, 'structure_trend_swing_l': 1, 'en_order_block': True, 'order_block_swing_l': 18, 'en_fvg': False, 'fvg_lookback': 50, 'en_ifvg': False, 'en_breaker': False, 'breaker_swing_l': 13, 'en_cisd': True, 'k': 1, 'en_cap_bars': False, 'cap_1min': 495}.
[I 2026-07-13 13:44:05,047] Trial 648 pruned. 
[I 2026-07-13 13:44:05,661] Trial 649 pruned. 
[I 2026-07-13 13:44:06,285] Trial 650 pruned. 
[I 2026-07-13 13:44:06,545] Trial 651 pruned. 
[I 2026-07-13 13:44:07,203] Trial 652 pruned. 
[I 2026-07-13 13:44:07,533] Trial 653 pruned. 
[I 2026-07-13 13:44:08,303] Trial 654 pruned. 
[I 2026-07-13 13:44:08,810] Trial 655 pruned. 
[I 2026-07-13 13:44:09,453] Trial 656 pruned. 
[I 2026-07-13 13:44:11,549] Trial 657 pruned. 
[I 2026-07-13 13:44:12,817] Trial 658 pruned. 
[I 2026-07-13 13:44:13,703] Trial 659 pruned. 
[I 2026-07-13 13:44:14,573] Trial 660 pruned. 
[I 2026-07-13 13:44:15,272] Trial 661 pruned. 
[I 2026-07-13 13:44:15,670] Trial 662 pruned. 
[I 2026-07-13 13:44:16,981] Trial 663 pruned. 
[I 2026-07-13 13:44:18,428] Trial 664 finished with values: [-1424.0181420970548, -4539.795286633143, 57.15] and parameters: {'sl_soft': 0.17206195609493832, 'sl_hard_delta': 0.08745500491365152, 'tp': 0.10689343807482166, 'gate_pct': 98.93711402329589, 'dd_limit': 9.066216783758431, 'cooldown': 2, 'flip': True, 'en_ema_trend': True, 'ema_trend_fast': 351, 'ema_trend_slow': 367, 'en_sma_trend': False, 'sma_trend_fast': 372, 'sma_trend_slow': 12, 'en_macd': True, 'macd_fast': 60, 'macd_slow': 18, 'macd_signal': 40, 'en_vwap': False, 'en_keltner': False, 'keltner_n': 61, 'keltner_m': 5.0, 'en_obv': True, 'obv_slope': 191, 'en_cci': False, 'cci_n': 10, 'cci_threshold': 25, 'en_rsi': False, 'rsi_n': 34, 'rsi_lower': 12, 'rsi_upper': 77, 'en_stochastic': False, 'stochastic_n': 97, 'stochastic_d': 39, 'stochastic_lower': 17, 'stochastic_upper': 91, 'en_mfi': True, 'mfi_n': 77, 'mfi_lower': 8, 'mfi_upper': 76, 'en_bollinger': True, 'bollinger_n': 56, 'bollinger_k': 3.1, 'en_adx': False, 'adx_n': 36, 'adx_threshold': 50, 'en_structure_trend': True, 'structure_trend_swing_l': 13, 'en_order_block': True, 'order_block_swing_l': 12, 'en_fvg': False, 'fvg_lookback': 11, 'en_ifvg': True, 'en_breaker': True, 'breaker_swing_l': 9, 'en_cisd': True, 'k': 3, 'en_cap_bars': False, 'cap_1min': 963}.
[I 2026-07-13 13:44:18,872] Trial 665 pruned. 
[I 2026-07-13 13:44:19,865] Trial 666 pruned. 
[I 2026-07-13 13:44:20,692] Trial 667 pruned. 
[I 2026-07-13 13:44:21,352] Trial 668 pruned. 
[I 2026-07-13 13:44:21,917] Trial 669 pruned. 
[I 2026-07-13 13:44:23,063] Trial 670 pruned. 
[I 2026-07-13 13:44:23,739] Trial 671 pruned. 
[I 2026-07-13 13:44:24,518] Trial 672 pruned. 
[I 2026-07-13 13:44:33,605] Trial 673 finished with values: [413.0645226118194, -4254.1693419412495, 41.9] and parameters: {'sl_soft': 0.07392862437810954, 'sl_hard_delta': 0.23148830981602003, 'tp': 0.18146082986353468, 'gate_pct': 97.47084145131518, 'dd_limit': 1.1085214524927745, 'cooldown': 2, 'flip': True, 'en_ema_trend': False, 'ema_trend_fast': 127, 'ema_trend_slow': 26, 'en_sma_trend': True, 'sma_trend_fast': 371, 'sma_trend_slow': 343, 'en_macd': True, 'macd_fast': 34, 'macd_slow': 173, 'macd_signal': 58, 'en_vwap': True, 'en_keltner': True, 'keltner_n': 32, 'keltner_m': 4.300000000000001, 'en_obv': False, 'obv_slope': 152, 'en_cci': True, 'cci_n': 29, 'cci_threshold': 285, 'en_rsi': False, 'rsi_n': 62, 'rsi_lower': 30, 'rsi_upper': 59, 'en_stochastic': True, 'stochastic_n': 87, 'stochastic_d': 17, 'stochastic_lower': 28, 'stochastic_upper': 83, 'en_mfi': False, 'mfi_n': 34, 'mfi_lower': 23, 'mfi_upper': 89, 'en_bollinger': True, 'bollinger_n': 78, 'bollinger_k': 1.5, 'en_adx': True, 'adx_n': 34, 'adx_threshold': 5, 'en_structure_trend': False, 'structure_trend_swing_l': 11, 'en_order_block': False, 'order_block_swing_l': 6, 'en_fvg': True, 'fvg_lookback': 34, 'en_ifvg': False, 'en_breaker': True, 'breaker_swing_l': 9, 'en_cisd': False, 'k': 2, 'en_cap_bars': True, 'cap_1min': 694}.
[I 2026-07-13 13:44:38,332] Trial 674 finished with values: [432.3416424976226, -8820.627203487347, 40.95] and parameters: {'sl_soft': 0.11263213710707615, 'sl_hard_delta': 0.2170763431254055, 'tp': 0.21465610949984357, 'gate_pct': 99.55888908721671, 'dd_limit': 5.5935434980177225, 'cooldown': 4, 'flip': False, 'en_ema_trend': True, 'ema_trend_fast': 80, 'ema_trend_slow': 75, 'en_sma_trend': False, 'sma_trend_fast': 105, 'sma_trend_slow': 325, 'en_macd': False, 'macd_fast': 75, 'macd_slow': 53, 'macd_signal': 3, 'en_vwap': False, 'en_keltner': False, 'keltner_n': 43, 'keltner_m': 0.7, 'en_obv': True, 'obv_slope': 19, 'en_cci': False, 'cci_n': 7, 'cci_threshold': 25, 'en_rsi': True, 'rsi_n': 73, 'rsi_lower': 29, 'rsi_upper': 58, 'en_stochastic': True, 'stochastic_n': 6, 'stochastic_d': 48, 'stochastic_lower': 31, 'stochastic_upper': 80, 'en_mfi': False, 'mfi_n': 72, 'mfi_lower': 23, 'mfi_upper': 56, 'en_bollinger': False, 'bollinger_n': 31, 'bollinger_k': 0.7, 'en_adx': False, 'adx_n': 39, 'adx_threshold': 30, 'en_structure_trend': True, 'structure_trend_swing_l': 6, 'en_order_block': True, 'order_block_swing_l': 13, 'en_fvg': False, 'fvg_lookback': 32, 'en_ifvg': False, 'en_breaker': False, 'breaker_swing_l': 17, 'en_cisd': True, 'k': 4, 'en_cap_bars': False, 'cap_1min': 345}.
[I 2026-07-13 13:44:39,062] Trial 675 pruned. 
[I 2026-07-13 13:44:39,728] Trial 676 pruned. 
[I 2026-07-13 13:44:40,628] Trial 677 pruned. 
[I 2026-07-13 13:44:41,065] Trial 678 pruned. 
[I 2026-07-13 13:44:41,292] Trial 679 pruned. 
[I 2026-07-13 13:44:41,400] Trial 680 pruned. 
[I 2026-07-13 13:44:42,434] Trial 681 pruned. 
[I 2026-07-13 13:44:43,300] Trial 682 pruned. 
[I 2026-07-13 13:44:44,073] Trial 683 pruned. 
[I 2026-07-13 13:44:44,761] Trial 684 pruned. 
[I 2026-07-13 13:44:45,683] Trial 685 pruned. 
[I 2026-07-13 13:44:46,739] Trial 686 pruned. 
[I 2026-07-13 13:44:47,574] Trial 687 pruned. 
[I 2026-07-13 13:44:49,457] Trial 688 pruned. 
[I 2026-07-13 13:44:51,617] Trial 689 pruned. 
[I 2026-07-13 13:44:52,069] Trial 690 pruned. 
[I 2026-07-13 13:44:52,601] Trial 691 pruned. 
[I 2026-07-13 13:44:53,155] Trial 692 pruned. 
[I 2026-07-13 13:44:53,752] Trial 693 pruned. 
[I 2026-07-13 13:44:54,074] Trial 694 pruned. 
[I 2026-07-13 13:44:55,174] Trial 695 pruned. 
[I 2026-07-13 13:44:55,604] Trial 696 pruned. 
[I 2026-07-13 13:44:55,947] Trial 697 pruned. 
[I 2026-07-13 13:44:57,278] Trial 698 pruned. 
[I 2026-07-13 13:44:58,215] Trial 699 pruned. 
[I 2026-07-13 13:44:58,858] Trial 700 pruned. 
[I 2026-07-13 13:44:59,350] Trial 701 pruned. 
[I 2026-07-13 13:45:00,638] Trial 702 pruned. 
[I 2026-07-13 13:45:01,389] Trial 703 pruned. 
[I 2026-07-13 13:45:01,905] Trial 704 pruned. 
[I 2026-07-13 13:45:02,204] Trial 705 pruned. 
[I 2026-07-13 13:45:03,795] Trial 706 pruned. 
[I 2026-07-13 13:45:04,522] Trial 707 pruned. 
[I 2026-07-13 13:45:05,024] Trial 708 pruned. 
[I 2026-07-13 13:45:07,550] Trial 709 pruned. 
[I 2026-07-13 13:45:08,296] Trial 710 pruned. 
[I 2026-07-13 13:45:08,869] Trial 711 pruned. 
[I 2026-07-13 13:45:11,099] Trial 712 pruned. 
[I 2026-07-13 13:45:11,690] Trial 713 pruned. 
[I 2026-07-13 13:45:12,897] Trial 714 pruned. 
[I 2026-07-13 13:45:14,038] Trial 715 pruned. 
[I 2026-07-13 13:45:15,071] Trial 716 pruned. 
[I 2026-07-13 13:45:15,454] Trial 717 pruned. 
[I 2026-07-13 13:45:17,251] Trial 718 pruned. 
[I 2026-07-13 13:45:18,348] Trial 719 pruned. 
[I 2026-07-13 13:45:18,474] Trial 720 pruned. 
[I 2026-07-13 13:45:19,229] Trial 721 pruned. 
[I 2026-07-13 13:45:20,942] Trial 722 pruned. 
[I 2026-07-13 13:45:21,181] Trial 723 pruned. 
[I 2026-07-13 13:45:22,277] Trial 724 pruned. 
[I 2026-07-13 13:45:22,745] Trial 725 pruned. 
[I 2026-07-13 13:45:23,959] Trial 726 pruned. 
[I 2026-07-13 13:45:24,775] Trial 727 pruned. 
[I 2026-07-13 13:45:26,555] Trial 728 pruned. 
[I 2026-07-13 13:45:26,777] Trial 729 pruned. 
[I 2026-07-13 13:45:27,701] Trial 730 pruned. 
[I 2026-07-13 13:45:28,445] Trial 731 pruned. 
[I 2026-07-13 13:45:29,438] Trial 732 pruned. 
[I 2026-07-13 13:45:30,411] Trial 733 pruned. 
[I 2026-07-13 13:45:30,749] Trial 734 pruned. 
[I 2026-07-13 13:45:31,945] Trial 735 pruned. 
[I 2026-07-13 13:45:34,594] Trial 736 pruned. 
[I 2026-07-13 13:45:36,074] Trial 737 pruned. 
[I 2026-07-13 13:45:39,057] Trial 738 pruned. 
[I 2026-07-13 13:45:40,452] Trial 739 pruned. 
[I 2026-07-13 13:45:41,081] Trial 740 pruned. 
[I 2026-07-13 13:45:42,158] Trial 741 pruned. 
[I 2026-07-13 13:45:43,008] Trial 742 pruned. 
[I 2026-07-13 13:45:43,742] Trial 743 pruned. 
[I 2026-07-13 13:45:46,807] Trial 744 pruned. 
[I 2026-07-13 13:45:47,012] Trial 745 pruned. 
[I 2026-07-13 13:45:47,971] Trial 746 pruned. 
[I 2026-07-13 13:45:49,160] Trial 747 pruned. 
[I 2026-07-13 13:45:50,724] Trial 748 pruned. 
[I 2026-07-13 13:45:51,501] Trial 749 pruned. 
[I 2026-07-13 13:45:51,901] Trial 750 pruned. 
[I 2026-07-13 13:45:52,750] Trial 751 pruned. 
[I 2026-07-13 13:45:54,689] Trial 752 pruned. 
[I 2026-07-13 13:45:57,528] Trial 753 pruned. 
[I 2026-07-13 13:45:59,334] Trial 754 pruned. 
[I 2026-07-13 13:46:00,206] Trial 755 pruned. 
[I 2026-07-13 13:46:00,889] Trial 756 pruned. 
[I 2026-07-13 13:46:02,693] Trial 757 pruned. 
[I 2026-07-13 13:46:04,372] Trial 758 pruned. 
[I 2026-07-13 13:46:05,150] Trial 759 pruned. 
[I 2026-07-13 13:46:05,457] Trial 760 pruned. 
[I 2026-07-13 13:46:06,589] Trial 761 pruned. 
[I 2026-07-13 13:46:07,571] Trial 762 pruned. 
[I 2026-07-13 13:46:08,675] Trial 763 pruned. 
[I 2026-07-13 13:46:09,661] Trial 764 pruned. 
[I 2026-07-13 13:46:11,311] Trial 765 pruned. 
[I 2026-07-13 13:46:12,205] Trial 766 pruned. 
[I 2026-07-13 13:46:13,053] Trial 767 pruned. 
[I 2026-07-13 13:46:13,943] Trial 768 pruned. 
[I 2026-07-13 13:46:15,045] Trial 769 pruned. 
[I 2026-07-13 13:46:15,961] Trial 770 pruned. 
[I 2026-07-13 13:46:17,871] Trial 771 pruned. 
[I 2026-07-13 13:46:18,755] Trial 772 pruned. 
[I 2026-07-13 13:46:20,117] Trial 773 pruned. 
[I 2026-07-13 13:46:21,520] Trial 774 pruned. 
[I 2026-07-13 13:46:25,166] Trial 775 pruned. 
[I 2026-07-13 13:46:26,130] Trial 776 pruned. 
[I 2026-07-13 13:46:27,065] Trial 777 pruned. 
[I 2026-07-13 13:46:28,538] Trial 778 pruned. 
[I 2026-07-13 13:46:29,491] Trial 779 pruned. 
[I 2026-07-13 13:46:30,991] Trial 780 pruned. 
[I 2026-07-13 13:46:32,623] Trial 781 pruned. 
[I 2026-07-13 13:46:33,842] Trial 782 pruned. 
[I 2026-07-13 13:46:35,806] Trial 783 pruned. 
[I 2026-07-13 13:46:36,323] Trial 784 pruned. 
[I 2026-07-13 13:46:37,461] Trial 785 pruned. 
[I 2026-07-13 13:46:38,317] Trial 786 pruned. 
[I 2026-07-13 13:46:40,682] Trial 787 pruned. 
[I 2026-07-13 13:46:41,521] Trial 788 pruned. 
[I 2026-07-13 13:46:42,388] Trial 789 pruned. 
[I 2026-07-13 13:46:43,911] Trial 790 pruned. 
[I 2026-07-13 13:46:46,711] Trial 791 pruned. 
[I 2026-07-13 13:46:47,863] Trial 792 pruned. 
[I 2026-07-13 13:46:48,632] Trial 793 pruned. 
[I 2026-07-13 13:46:50,342] Trial 794 pruned. 
[I 2026-07-13 13:46:51,022] Trial 795 pruned. 
[I 2026-07-13 13:46:52,163] Trial 796 pruned. 
[I 2026-07-13 13:46:52,575] Trial 797 pruned. 
[I 2026-07-13 13:46:53,590] Trial 798 pruned. 
[I 2026-07-13 13:46:55,212] Trial 799 pruned. 
[I 2026-07-13 13:46:55,342] Trial 800 pruned. 
[I 2026-07-13 13:46:56,626] Trial 801 pruned. 
[I 2026-07-13 13:46:57,051] Trial 802 pruned. 
[I 2026-07-13 13:46:58,194] Trial 803 pruned. 
[I 2026-07-13 13:46:59,414] Trial 804 pruned. 
[I 2026-07-13 13:47:01,068] Trial 805 pruned. 
[I 2026-07-13 13:47:02,028] Trial 806 pruned. 
[I 2026-07-13 13:47:02,456] Trial 807 pruned. 
[I 2026-07-13 13:47:03,498] Trial 808 pruned. 
[I 2026-07-13 13:47:08,298] Trial 809 pruned. 
[I 2026-07-13 13:47:13,173] Trial 810 pruned. 
[I 2026-07-13 13:47:13,845] Trial 811 pruned. 
[I 2026-07-13 13:47:14,134] Trial 812 pruned. 
[I 2026-07-13 13:47:14,742] Trial 813 pruned. 
[I 2026-07-13 13:47:16,664] Trial 814 pruned. 
[I 2026-07-13 13:47:17,548] Trial 815 pruned. 
[I 2026-07-13 13:47:18,107] Trial 816 pruned. 
[I 2026-07-13 13:47:18,504] Trial 817 pruned. 
[I 2026-07-13 13:47:19,586] Trial 818 pruned. 
[I 2026-07-13 13:47:20,962] Trial 819 pruned. 
[I 2026-07-13 13:47:22,191] Trial 820 pruned. 
[I 2026-07-13 13:47:23,722] Trial 821 pruned. 
[I 2026-07-13 13:47:25,062] Trial 822 pruned. 
[I 2026-07-13 13:47:26,764] Trial 823 pruned. 
[I 2026-07-13 13:47:27,434] Trial 824 pruned. 
[I 2026-07-13 13:47:29,566] Trial 825 pruned. 
[I 2026-07-13 13:47:31,900] Trial 826 pruned. 
[I 2026-07-13 13:47:33,223] Trial 827 pruned. 
[I 2026-07-13 13:47:34,126] Trial 828 pruned. 
[I 2026-07-13 13:47:35,505] Trial 829 pruned. 
[I 2026-07-13 13:47:36,549] Trial 830 pruned. 
[I 2026-07-13 13:47:37,283] Trial 831 pruned. 
[I 2026-07-13 13:47:38,161] Trial 832 pruned. 
[I 2026-07-13 13:47:39,089] Trial 833 pruned. 
[I 2026-07-13 13:47:40,778] Trial 834 pruned. 
[I 2026-07-13 13:47:41,071] Trial 835 pruned. 
[I 2026-07-13 13:47:44,082] Trial 836 pruned. 
[I 2026-07-13 13:47:45,462] Trial 837 pruned. 
[I 2026-07-13 13:47:48,536] Trial 838 pruned. 
[I 2026-07-13 13:47:49,653] Trial 839 pruned. 
[I 2026-07-13 13:47:49,905] Trial 840 pruned. 
[I 2026-07-13 13:47:51,465] Trial 841 pruned. 
[I 2026-07-13 13:47:52,586] Trial 842 pruned. 
[I 2026-07-13 13:48:01,499] Trial 843 finished with values: [-848.0974388794489, -3635.8563577139344, 46.5] and parameters: {'sl_soft': 0.16539914172418438, 'sl_hard_delta': 0.0750454693377435, 'tp': 0.1830541872143402, 'gate_pct': 99.3861717774851, 'dd_limit': 6.844711394584541, 'cooldown': 4, 'flip': True, 'en_ema_trend': False, 'ema_trend_fast': 261, 'ema_trend_slow': 294, 'en_sma_trend': True, 'sma_trend_fast': 177, 'sma_trend_slow': 351, 'en_macd': True, 'macd_fast': 61, 'macd_slow': 93, 'macd_signal': 38, 'en_vwap': True, 'en_keltner': False, 'keltner_n': 22, 'keltner_m': 1.2000000000000002, 'en_obv': True, 'obv_slope': 69, 'en_cci': True, 'cci_n': 112, 'cci_threshold': 180, 'en_rsi': True, 'rsi_n': 78, 'rsi_lower': 9, 'rsi_upper': 63, 'en_stochastic': True, 'stochastic_n': 45, 'stochastic_d': 43, 'stochastic_lower': 21, 'stochastic_upper': 97, 'en_mfi': False, 'mfi_n': 9, 'mfi_lower': 43, 'mfi_upper': 62, 'en_bollinger': False, 'bollinger_n': 189, 'bollinger_k': 1.1, 'en_adx': False, 'adx_n': 37, 'adx_threshold': 26, 'en_structure_trend': False, 'structure_trend_swing_l': 7, 'en_order_block': True, 'order_block_swing_l': 4, 'en_fvg': False, 'fvg_lookback': 37, 'en_ifvg': True, 'en_breaker': False, 'breaker_swing_l': 14, 'en_cisd': False, 'k': 2, 'en_cap_bars': True, 'cap_1min': 1239}.
[I 2026-07-13 13:48:02,240] Trial 844 pruned. 
[I 2026-07-13 13:48:03,482] Trial 845 pruned. 
[I 2026-07-13 13:48:04,932] Trial 846 pruned. 
[I 2026-07-13 13:48:06,321] Trial 847 pruned. 
[I 2026-07-13 13:48:08,354] Trial 848 pruned. 
[I 2026-07-13 13:48:08,931] Trial 849 pruned. 
[I 2026-07-13 13:48:10,912] Trial 850 pruned. 
[I 2026-07-13 13:48:12,271] Trial 851 pruned. 
[I 2026-07-13 13:48:13,474] Trial 852 pruned. 
[I 2026-07-13 13:48:15,023] Trial 853 pruned. 
[I 2026-07-13 13:48:16,593] Trial 854 pruned. 
[I 2026-07-13 13:48:17,926] Trial 855 pruned. 
[I 2026-07-13 13:48:18,808] Trial 856 pruned. 
[I 2026-07-13 13:48:19,420] Trial 857 pruned. 
[I 2026-07-13 13:48:20,907] Trial 858 pruned. 
[I 2026-07-13 13:48:21,450] Trial 859 pruned. 
[I 2026-07-13 13:48:21,875] Trial 860 pruned. 
[I 2026-07-13 13:48:23,104] Trial 861 pruned. 
[I 2026-07-13 13:48:24,050] Trial 862 pruned. 
[I 2026-07-13 13:48:25,973] Trial 863 pruned. 
[I 2026-07-13 13:48:26,848] Trial 864 pruned. 
[I 2026-07-13 13:48:28,749] Trial 865 pruned. 
[I 2026-07-13 13:48:30,431] Trial 866 pruned. 
[I 2026-07-13 13:48:31,766] Trial 867 pruned. 
[I 2026-07-13 13:48:32,411] Trial 868 pruned. 
[I 2026-07-13 13:48:33,375] Trial 869 pruned. 
[I 2026-07-13 13:48:34,554] Trial 870 pruned. 
[I 2026-07-13 13:48:34,941] Trial 871 pruned. 
[I 2026-07-13 13:48:36,134] Trial 872 pruned. 
[I 2026-07-13 13:48:37,084] Trial 873 pruned. 
