[I 2026-07-13 13:57:11,248] Trial 1282 pruned. 
[I 2026-07-13 13:57:12,631] Trial 1283 pruned. 
[I 2026-07-13 13:57:13,109] Trial 1284 pruned. 
[I 2026-07-13 13:57:15,447] Trial 1285 pruned. 
[I 2026-07-13 13:57:16,398] Trial 1286 pruned. 
[I 2026-07-13 13:57:17,816] Trial 1287 pruned. 
[I 2026-07-13 13:57:18,605] Trial 1288 pruned. 
[I 2026-07-13 13:57:20,063] Trial 1289 pruned. 
[I 2026-07-13 13:57:21,438] Trial 1290 pruned. 
[I 2026-07-13 13:57:23,216] Trial 1291 pruned. 
[I 2026-07-13 13:57:24,694] Trial 1292 pruned. 
[I 2026-07-13 13:57:25,599] Trial 1293 pruned. 
[I 2026-07-13 13:57:27,357] Trial 1294 pruned. 
[I 2026-07-13 13:57:27,756] Trial 1295 pruned. 
[I 2026-07-13 13:57:28,288] Trial 1296 pruned. 
[I 2026-07-13 13:57:30,307] Trial 1297 pruned. 
[I 2026-07-13 13:57:30,858] Trial 1298 pruned. 
[I 2026-07-13 13:57:32,839] Trial 1299 pruned. 
[I 2026-07-13 13:57:33,724] Trial 1300 pruned. 
[I 2026-07-13 13:57:34,820] Trial 1301 pruned. 
[I 2026-07-13 13:57:42,201] Trial 1302 finished with values: [227.81683947908255, -2961.091580260451, 75.25] and parameters: {'sl_soft': 0.11865130784393677, 'sl_hard_delta': 0.12120312994638278, 'tp': 0.05592722798263433, 'gate_pct': 99.16215050807807, 'dd_limit': 0.4513858738163641, 'cooldown': 2, 'flip': True, 'en_ema_trend': True, 'ema_trend_fast': 270, 'ema_trend_slow': 391, 'en_sma_trend': False, 'sma_trend_fast': 120, 'sma_trend_slow': 232, 'en_macd': False, 'macd_fast': 4, 'macd_slow': 126, 'macd_signal': 50, 'en_vwap': False, 'en_keltner': False, 'keltner_n': 59, 'keltner_m': 1.5, 'en_obv': False, 'obv_slope': 38, 'en_cci': True, 'cci_n': 84, 'cci_threshold': 45, 'en_rsi': True, 'rsi_n': 41, 'rsi_lower': 20, 'rsi_upper': 95, 'en_stochastic': True, 'stochastic_n': 88, 'stochastic_d': 16, 'stochastic_lower': 27, 'stochastic_upper': 68, 'en_mfi': False, 'mfi_n': 6, 'mfi_lower': 38, 'mfi_upper': 51, 'en_bollinger': False, 'bollinger_n': 54, 'bollinger_k': 1.7000000000000002, 'en_adx': False, 'adx_n': 30, 'adx_threshold': 51, 'en_structure_trend': True, 'structure_trend_swing_l': 9, 'en_order_block': True, 'order_block_swing_l': 7, 'en_fvg': False, 'fvg_lookback': 9, 'en_ifvg': False, 'en_breaker': True, 'breaker_swing_l': 19, 'en_cisd': True, 'k': 2, 'en_cap_bars': False, 'cap_1min': 1339}.
[I 2026-07-13 13:57:42,713] Trial 1303 pruned. 
[I 2026-07-13 13:57:44,554] Trial 1304 pruned. 
[I 2026-07-13 13:57:46,426] Trial 1305 pruned. 
[I 2026-07-13 13:57:47,323] Trial 1306 pruned. 
[I 2026-07-13 13:57:49,480] Trial 1307 pruned. 
[I 2026-07-13 13:57:50,079] Trial 1308 pruned. 
[I 2026-07-13 13:57:51,105] Trial 1309 pruned. 
[I 2026-07-13 13:57:55,006] Trial 1310 pruned. 
[I 2026-07-13 13:57:55,956] Trial 1311 pruned. 
[I 2026-07-13 13:57:57,224] Trial 1312 pruned. 
[I 2026-07-13 13:57:57,462] Trial 1313 pruned. 
[I 2026-07-13 13:57:58,124] Trial 1314 pruned. 
[I 2026-07-13 13:57:58,800] Trial 1315 pruned. 
[I 2026-07-13 13:57:59,799] Trial 1316 pruned. 
[I 2026-07-13 13:58:01,308] Trial 1317 pruned. 
[I 2026-07-13 13:58:02,453] Trial 1318 pruned. 
[I 2026-07-13 13:58:03,667] Trial 1319 pruned. 
[I 2026-07-13 13:58:03,911] Trial 1320 pruned. 
[I 2026-07-13 13:58:04,073] Trial 1321 pruned. 
[I 2026-07-13 13:58:05,762] Trial 1322 pruned. 
[I 2026-07-13 13:58:06,157] Trial 1323 pruned. 
[I 2026-07-13 13:58:07,646] Trial 1324 pruned. 
[I 2026-07-13 13:58:10,211] Trial 1325 pruned. 
[I 2026-07-13 13:58:11,462] Trial 1326 pruned. 
[I 2026-07-13 13:58:12,045] Trial 1327 pruned. 
[I 2026-07-13 13:58:13,186] Trial 1328 pruned. 
[I 2026-07-13 13:58:14,440] Trial 1329 pruned. 
[I 2026-07-13 13:58:15,282] Trial 1330 pruned. 
[I 2026-07-13 13:58:16,938] Trial 1331 pruned. 
[I 2026-07-13 13:58:18,021] Trial 1332 pruned. 
[I 2026-07-13 13:58:19,106] Trial 1333 pruned. 
[I 2026-07-13 13:58:20,738] Trial 1334 pruned. 
[I 2026-07-13 13:58:21,620] Trial 1335 pruned. 
[I 2026-07-13 13:58:22,725] Trial 1336 pruned. 
[I 2026-07-13 13:58:23,863] Trial 1337 pruned. 
[I 2026-07-13 13:58:29,087] Trial 1338 pruned. 
[I 2026-07-13 13:58:29,485] Trial 1339 pruned. 
[I 2026-07-13 13:58:30,394] Trial 1340 pruned. 
[I 2026-07-13 13:58:31,586] Trial 1341 pruned. 
[I 2026-07-13 13:58:31,782] Trial 1342 pruned. 
[I 2026-07-13 13:58:32,261] Trial 1343 pruned. 
[I 2026-07-13 13:58:33,253] Trial 1344 pruned. 
[I 2026-07-13 13:58:34,572] Trial 1345 pruned. 
[I 2026-07-13 13:58:36,126] Trial 1346 pruned. 
[I 2026-07-13 13:58:36,989] Trial 1347 pruned. 
[I 2026-07-13 13:58:39,158] Trial 1348 pruned. 
[I 2026-07-13 13:58:39,710] Trial 1349 pruned. 
[I 2026-07-13 13:58:41,075] Trial 1350 pruned. 
[I 2026-07-13 13:58:44,554] Trial 1351 pruned. 
[I 2026-07-13 13:58:45,566] Trial 1352 pruned. 
[I 2026-07-13 13:58:48,473] Trial 1353 pruned. 
[I 2026-07-13 13:58:49,806] Trial 1354 pruned. 
[I 2026-07-13 13:58:51,053] Trial 1355 pruned. 
[I 2026-07-13 13:58:51,622] Trial 1356 pruned. 
[I 2026-07-13 13:58:53,084] Trial 1357 pruned. 
[I 2026-07-13 13:58:53,852] Trial 1358 pruned. 
[I 2026-07-13 13:58:55,004] Trial 1359 pruned. 
[I 2026-07-13 13:58:55,232] Trial 1360 pruned. 
[I 2026-07-13 13:58:56,562] Trial 1361 pruned. 
[I 2026-07-13 13:59:00,281] Trial 1362 finished with values: [398.2171779820654, -2399.9999999999845, 47.65] and parameters: {'sl_soft': 0.03475243749569609, 'sl_hard_delta': 0.18661119015635982, 'tp': 0.10428585889910524, 'gate_pct': 96.82972780322679, 'dd_limit': 9.029015189980312, 'cooldown': 5, 'flip': True, 'en_ema_trend': False, 'ema_trend_fast': 24, 'ema_trend_slow': 397, 'en_sma_trend': True, 'sma_trend_fast': 198, 'sma_trend_slow': 57, 'en_macd': False, 'macd_fast': 53, 'macd_slow': 114, 'macd_signal': 61, 'en_vwap': False, 'en_keltner': True, 'keltner_n': 135, 'keltner_m': 2.1, 'en_obv': True, 'obv_slope': 129, 'en_cci': True, 'cci_n': 134, 'cci_threshold': 250, 'en_rsi': False, 'rsi_n': 95, 'rsi_lower': 31, 'rsi_upper': 88, 'en_stochastic': False, 'stochastic_n': 78, 'stochastic_d': 14, 'stochastic_lower': 4, 'stochastic_upper': 78, 'en_mfi': True, 'mfi_n': 14, 'mfi_lower': 11, 'mfi_upper': 70, 'en_bollinger': True, 'bollinger_n': 134, 'bollinger_k': 4.2, 'en_adx': False, 'adx_n': 22, 'adx_threshold': 38, 'en_structure_trend': False, 'structure_trend_swing_l': 12, 'en_order_block': False, 'order_block_swing_l': 4, 'en_fvg': True, 'fvg_lookback': 45, 'en_ifvg': False, 'en_breaker': False, 'breaker_swing_l': 2, 'en_cisd': True, 'k': 1, 'en_cap_bars': True, 'cap_1min': 797}.
[I 2026-07-13 13:59:01,278] Trial 1363 pruned. 
[I 2026-07-13 13:59:01,590] Trial 1364 pruned. 
[I 2026-07-13 13:59:03,024] Trial 1365 pruned. 
[I 2026-07-13 13:59:04,108] Trial 1366 pruned. 
[I 2026-07-13 13:59:04,827] Trial 1367 pruned. 
[I 2026-07-13 13:59:06,048] Trial 1368 pruned. 
[I 2026-07-13 13:59:07,451] Trial 1369 pruned. 
[I 2026-07-13 13:59:08,014] Trial 1370 pruned. 
[I 2026-07-13 13:59:09,478] Trial 1371 pruned. 
[I 2026-07-13 13:59:10,888] Trial 1372 pruned. 
[I 2026-07-13 13:59:14,157] Trial 1373 pruned. 
[I 2026-07-13 13:59:14,399] Trial 1374 pruned. 
[I 2026-07-13 13:59:16,217] Trial 1375 pruned. 
[I 2026-07-13 13:59:17,818] Trial 1376 pruned. 
[I 2026-07-13 13:59:18,533] Trial 1377 pruned. 
[I 2026-07-13 13:59:18,796] Trial 1378 pruned. 
[I 2026-07-13 13:59:19,550] Trial 1379 pruned. 
[I 2026-07-13 13:59:20,215] Trial 1380 pruned. 
[I 2026-07-13 13:59:21,232] Trial 1381 pruned. 
[I 2026-07-13 13:59:21,552] Trial 1382 pruned. 
[I 2026-07-13 13:59:22,634] Trial 1383 pruned. 
[I 2026-07-13 13:59:23,749] Trial 1384 pruned. 
[I 2026-07-13 13:59:24,855] Trial 1385 pruned. 
[I 2026-07-13 13:59:25,745] Trial 1386 pruned. 
[I 2026-07-13 13:59:29,645] Trial 1387 pruned. 
[I 2026-07-13 13:59:29,895] Trial 1388 pruned. 
[I 2026-07-13 13:59:30,264] Trial 1389 pruned. 
[I 2026-07-13 13:59:31,521] Trial 1390 pruned. 
[I 2026-07-13 13:59:32,032] Trial 1391 pruned. 
[I 2026-07-13 13:59:33,026] Trial 1392 pruned. 
[I 2026-07-13 13:59:34,137] Trial 1393 pruned. 
[I 2026-07-13 13:59:34,833] Trial 1394 pruned. 
[I 2026-07-13 13:59:35,923] Trial 1395 pruned. 
[I 2026-07-13 13:59:37,493] Trial 1396 pruned. 
[I 2026-07-13 13:59:38,525] Trial 1397 pruned. 
[I 2026-07-13 13:59:39,973] Trial 1398 pruned. 
[I 2026-07-13 13:59:41,939] Trial 1399 pruned. 
[I 2026-07-13 13:59:42,150] Trial 1400 pruned. 
[I 2026-07-13 13:59:43,270] Trial 1401 pruned. 
[I 2026-07-13 13:59:45,106] Trial 1402 pruned. 
[I 2026-07-13 13:59:45,493] Trial 1403 pruned. 
[I 2026-07-13 13:59:46,059] Trial 1404 pruned. 
[I 2026-07-13 13:59:47,365] Trial 1405 pruned. 
[I 2026-07-13 13:59:48,490] Trial 1406 pruned. 
[I 2026-07-13 13:59:50,126] Trial 1407 pruned. 
[I 2026-07-13 13:59:51,440] Trial 1408 pruned. 
[I 2026-07-13 13:59:52,419] Trial 1409 pruned. 
[I 2026-07-13 13:59:53,360] Trial 1410 pruned. 
[I 2026-07-13 13:59:54,408] Trial 1411 pruned. 
[I 2026-07-13 13:59:55,500] Trial 1412 pruned. 
[I 2026-07-13 13:59:58,419] Trial 1413 pruned. 
[I 2026-07-13 13:59:58,984] Trial 1414 pruned. 
[I 2026-07-13 14:00:00,806] Trial 1415 pruned. 
[I 2026-07-13 14:00:01,319] Trial 1416 pruned. 
[I 2026-07-13 14:00:01,713] Trial 1417 pruned. 
[I 2026-07-13 14:00:02,483] Trial 1418 pruned. 
[I 2026-07-13 14:00:03,092] Trial 1419 pruned. 
[I 2026-07-13 14:00:03,503] Trial 1420 pruned. 
[I 2026-07-13 14:00:05,542] Trial 1421 pruned. 
[I 2026-07-13 14:00:06,810] Trial 1422 pruned. 
[I 2026-07-13 14:00:07,141] Trial 1423 pruned. 
[I 2026-07-13 14:00:07,701] Trial 1424 pruned. 
[I 2026-07-13 14:00:08,384] Trial 1425 pruned. 
[I 2026-07-13 14:00:08,745] Trial 1426 pruned. 
[I 2026-07-13 14:00:10,748] Trial 1427 pruned. 
[I 2026-07-13 14:00:11,305] Trial 1428 pruned. 
[I 2026-07-13 14:00:12,426] Trial 1429 pruned. 
[I 2026-07-13 14:00:15,736] Trial 1430 pruned. 
[I 2026-07-13 14:00:17,189] Trial 1431 pruned. 
[I 2026-07-13 14:00:17,444] Trial 1432 pruned. 
[I 2026-07-13 14:00:18,671] Trial 1433 pruned. 
[I 2026-07-13 14:00:20,059] Trial 1434 pruned. 
[I 2026-07-13 14:00:21,729] Trial 1435 pruned. 
[I 2026-07-13 14:00:22,924] Trial 1436 pruned. 
[I 2026-07-13 14:00:24,106] Trial 1437 pruned. 
[I 2026-07-13 14:00:24,803] Trial 1438 pruned. 
[I 2026-07-13 14:00:25,404] Trial 1439 pruned. 
[I 2026-07-13 14:00:25,571] Trial 1440 pruned. 
[I 2026-07-13 14:00:27,117] Trial 1441 pruned. 
[I 2026-07-13 14:00:28,117] Trial 1442 pruned. 
[I 2026-07-13 14:00:29,027] Trial 1443 pruned. 
[I 2026-07-13 14:00:31,658] Trial 1444 pruned. 
[I 2026-07-13 14:00:32,977] Trial 1445 pruned. 
[I 2026-07-13 14:00:34,014] Trial 1446 pruned. 
[I 2026-07-13 14:00:37,432] Trial 1447 pruned. 
[I 2026-07-13 14:00:39,224] Trial 1448 pruned. 
[I 2026-07-13 14:00:43,137] Trial 1449 pruned. 
[I 2026-07-13 14:00:45,536] Trial 1450 pruned. 
[I 2026-07-13 14:00:46,586] Trial 1451 pruned. 
[I 2026-07-13 14:00:47,696] Trial 1452 pruned. 
[I 2026-07-13 14:00:48,989] Trial 1453 pruned. 
[I 2026-07-13 14:00:50,452] Trial 1454 pruned. 
[I 2026-07-13 14:00:51,991] Trial 1455 pruned. 
[I 2026-07-13 14:00:54,135] Trial 1456 pruned. 
[I 2026-07-13 14:00:54,983] Trial 1457 pruned. 
[I 2026-07-13 14:00:56,453] Trial 1458 pruned. 
[I 2026-07-13 14:00:56,839] Trial 1459 pruned. 
[I 2026-07-13 14:00:57,880] Trial 1460 pruned. 
[I 2026-07-13 14:00:58,813] Trial 1461 pruned. 
[I 2026-07-13 14:01:01,293] Trial 1462 pruned. 
[I 2026-07-13 14:01:01,711] Trial 1463 pruned. 
[I 2026-07-13 14:01:03,968] Trial 1464 pruned. 
[I 2026-07-13 14:01:07,261] Trial 1465 pruned. 
[I 2026-07-13 14:01:07,807] Trial 1466 pruned. 
[I 2026-07-13 14:01:09,313] Trial 1467 pruned. 
[I 2026-07-13 14:01:10,310] Trial 1468 pruned. 
[I 2026-07-13 14:01:10,694] Trial 1469 pruned. 
[I 2026-07-13 14:01:12,244] Trial 1470 pruned. 
[I 2026-07-13 14:01:14,043] Trial 1471 pruned. 
[I 2026-07-13 14:01:15,434] Trial 1472 pruned. 
[I 2026-07-13 14:01:15,920] Trial 1473 pruned. 
[I 2026-07-13 14:01:17,353] Trial 1474 pruned. 
[I 2026-07-13 14:01:18,322] Trial 1475 pruned. 
[I 2026-07-13 14:01:19,382] Trial 1476 pruned. 
[I 2026-07-13 14:01:20,083] Trial 1477 pruned. 
[I 2026-07-13 14:01:21,097] Trial 1478 pruned. 
[I 2026-07-13 14:01:22,624] Trial 1479 pruned. 
[I 2026-07-13 14:01:22,787] Trial 1480 pruned. 
[I 2026-07-13 14:01:24,429] Trial 1481 pruned. 
[I 2026-07-13 14:01:26,127] Trial 1482 pruned. 
[I 2026-07-13 14:01:27,740] Trial 1483 pruned. 
[I 2026-07-13 14:01:28,274] Trial 1484 pruned. 
[I 2026-07-13 14:01:41,546] Trial 1485 finished with values: [1347.7739859550477, -2615.4463724012094, 81.65] and parameters: {'sl_soft': 0.1898035853191572, 'sl_hard_delta': 0.07174105192096222, 'tp': 0.0804038736872963, 'gate_pct': 98.48047888249093, 'dd_limit': 1.8093410380953228, 'cooldown': 5, 'flip': True, 'en_ema_trend': True, 'ema_trend_fast': 83, 'ema_trend_slow': 2, 'en_sma_trend': True, 'sma_trend_fast': 320, 'sma_trend_slow': 262, 'en_macd': True, 'macd_fast': 98, 'macd_slow': 150, 'macd_signal': 4, 'en_vwap': False, 'en_keltner': False, 'keltner_n': 171, 'keltner_m': 2.7, 'en_obv': False, 'obv_slope': 122, 'en_cci': False, 'cci_n': 107, 'cci_threshold': 160, 'en_rsi': True, 'rsi_n': 95, 'rsi_lower': 10, 'rsi_upper': 63, 'en_stochastic': True, 'stochastic_n': 36, 'stochastic_d': 29, 'stochastic_lower': 3, 'stochastic_upper': 67, 'en_mfi': False, 'mfi_n': 93, 'mfi_lower': 31, 'mfi_upper': 74, 'en_bollinger': True, 'bollinger_n': 90, 'bollinger_k': 4.5, 'en_adx': True, 'adx_n': 56, 'adx_threshold': 11, 'en_structure_trend': False, 'structure_trend_swing_l': 20, 'en_order_block': False, 'order_block_swing_l': 4, 'en_fvg': False, 'fvg_lookback': 44, 'en_ifvg': True, 'en_breaker': True, 'breaker_swing_l': 11, 'en_cisd': False, 'k': 2, 'en_cap_bars': False, 'cap_1min': 884}.
[I 2026-07-13 14:01:42,606] Trial 1486 pruned. 
[I 2026-07-13 14:01:43,663] Trial 1487 pruned. 
[I 2026-07-13 14:01:44,595] Trial 1488 pruned. 
[I 2026-07-13 14:01:45,432] Trial 1489 pruned. 
[I 2026-07-13 14:01:46,287] Trial 1490 pruned. 
[I 2026-07-13 14:01:46,996] Trial 1491 pruned. 
[I 2026-07-13 14:01:55,877] Trial 1492 finished with values: [-535.4220589546088, -6646.666125432645, 41.45] and parameters: {'sl_soft': 0.04241947489359136, 'sl_hard_delta': 0.15369551862511335, 'tp': 0.11002112483137713, 'gate_pct': 99.2091305706916, 'dd_limit': 6.921955355235141, 'cooldown': 1, 'flip': True, 'en_ema_trend': False, 'ema_trend_fast': 399, 'ema_trend_slow': 381, 'en_sma_trend': False, 'sma_trend_fast': 288, 'sma_trend_slow': 48, 'en_macd': True, 'macd_fast': 54, 'macd_slow': 158, 'macd_signal': 58, 'en_vwap': True, 'en_keltner': True, 'keltner_n': 200, 'keltner_m': 4.7, 'en_obv': True, 'obv_slope': 153, 'en_cci': False, 'cci_n': 125, 'cci_threshold': 25, 'en_rsi': False, 'rsi_n': 85, 'rsi_lower': 30, 'rsi_upper': 62, 'en_stochastic': True, 'stochastic_n': 17, 'stochastic_d': 26, 'stochastic_lower': 36, 'stochastic_upper': 94, 'en_mfi': True, 'mfi_n': 16, 'mfi_lower': 49, 'mfi_upper': 93, 'en_bollinger': True, 'bollinger_n': 12, 'bollinger_k': 3.3000000000000003, 'en_adx': False, 'adx_n': 2, 'adx_threshold': 57, 'en_structure_trend': False, 'structure_trend_swing_l': 6, 'en_order_block': False, 'order_block_swing_l': 10, 'en_fvg': True, 'fvg_lookback': 47, 'en_ifvg': True, 'en_breaker': False, 'breaker_swing_l': 3, 'en_cisd': False, 'k': 4, 'en_cap_bars': True, 'cap_1min': 540}.
[I 2026-07-13 14:01:56,739] Trial 1493 pruned. 
[I 2026-07-13 14:01:57,790] Trial 1494 pruned. 
[I 2026-07-13 14:01:58,989] Trial 1495 pruned. 
[I 2026-07-13 14:02:00,209] Trial 1496 pruned. 
[I 2026-07-13 14:02:00,547] Trial 1497 pruned. 
[I 2026-07-13 14:02:01,622] Trial 1498 pruned. 
[I 2026-07-13 14:02:01,815] Trial 1499 pruned. 
[I 2026-07-13 14:02:02,409] Trial 1500 pruned. 
[I 2026-07-13 14:02:03,298] Trial 1501 pruned. 
[I 2026-07-13 14:02:03,660] Trial 1502 pruned. 
[I 2026-07-13 14:02:04,676] Trial 1503 pruned. 
[I 2026-07-13 14:02:05,268] Trial 1504 pruned. 
[I 2026-07-13 14:02:06,626] Trial 1505 pruned. 
[I 2026-07-13 14:02:07,523] Trial 1506 pruned. 
[I 2026-07-13 14:02:08,480] Trial 1507 pruned. 
[I 2026-07-13 14:02:11,411] Trial 1508 pruned. 
[I 2026-07-13 14:02:11,778] Trial 1509 pruned. 
[I 2026-07-13 14:02:12,378] Trial 1510 pruned. 
[I 2026-07-13 14:02:13,551] Trial 1511 pruned. 
[I 2026-07-13 14:02:16,789] Trial 1512 pruned. 
[I 2026-07-13 14:02:17,757] Trial 1513 pruned. 
[I 2026-07-13 14:02:18,027] Trial 1514 pruned. 
[I 2026-07-13 14:02:18,940] Trial 1515 pruned. 
[I 2026-07-13 14:02:19,834] Trial 1516 pruned. 
[I 2026-07-13 14:02:20,207] Trial 1517 pruned. 
[I 2026-07-13 14:02:21,696] Trial 1518 pruned. 
[I 2026-07-13 14:02:22,413] Trial 1519 pruned. 
[I 2026-07-13 14:02:22,567] Trial 1520 pruned. 
[I 2026-07-13 14:02:23,441] Trial 1521 pruned. 
[I 2026-07-13 14:02:24,400] Trial 1522 pruned. 
[I 2026-07-13 14:02:25,271] Trial 1523 pruned. 
[I 2026-07-13 14:02:27,904] Trial 1524 pruned. 
[I 2026-07-13 14:02:28,450] Trial 1525 pruned. 
[I 2026-07-13 14:02:29,453] Trial 1526 pruned. 
[I 2026-07-13 14:02:30,281] Trial 1527 pruned. 
[I 2026-07-13 14:02:33,077] Trial 1528 pruned. 
[I 2026-07-13 14:02:34,069] Trial 1529 pruned. 
[I 2026-07-13 14:02:34,727] Trial 1530 pruned. 
[I 2026-07-13 14:02:35,763] Trial 1531 pruned. 
[I 2026-07-13 14:02:36,889] Trial 1532 pruned. 
[I 2026-07-13 14:02:38,062] Trial 1533 pruned. 
[I 2026-07-13 14:02:39,582] Trial 1534 pruned. 
[I 2026-07-13 14:02:40,584] Trial 1535 pruned. 
[I 2026-07-13 14:02:41,653] Trial 1536 pruned. 
[I 2026-07-13 14:02:43,742] Trial 1537 pruned. 
[I 2026-07-13 14:02:44,438] Trial 1538 pruned. 
[I 2026-07-13 14:02:44,924] Trial 1539 pruned. 
[I 2026-07-13 14:02:45,439] Trial 1540 pruned. 
[I 2026-07-13 14:02:47,148] Trial 1541 pruned. 
[I 2026-07-13 14:02:50,034] Trial 1542 pruned. 
[I 2026-07-13 14:02:50,735] Trial 1543 pruned. 
[I 2026-07-13 14:02:52,414] Trial 1544 pruned. 
[I 2026-07-13 14:02:53,545] Trial 1545 pruned. 
[I 2026-07-13 14:02:55,067] Trial 1546 pruned. 
[I 2026-07-13 14:02:56,135] Trial 1547 pruned. 
[I 2026-07-13 14:02:56,445] Trial 1548 pruned. 
[I 2026-07-13 14:02:57,499] Trial 1549 pruned. 
[I 2026-07-13 14:02:58,842] Trial 1550 pruned. 
[I 2026-07-13 14:02:59,915] Trial 1551 pruned. 
[I 2026-07-13 14:03:00,794] Trial 1552 pruned. 
[I 2026-07-13 14:03:02,645] Trial 1553 pruned. 
[I 2026-07-13 14:03:02,923] Trial 1554 pruned. 
[I 2026-07-13 14:03:03,491] Trial 1555 pruned. 
[I 2026-07-13 14:03:04,707] Trial 1556 pruned. 
[I 2026-07-13 14:03:05,822] Trial 1557 pruned. 
[I 2026-07-13 14:03:07,653] Trial 1558 pruned. 
[I 2026-07-13 14:03:09,595] Trial 1559 pruned. 
[I 2026-07-13 14:03:09,837] Trial 1560 pruned. 
[I 2026-07-13 14:03:10,246] Trial 1561 pruned. 
[I 2026-07-13 14:03:12,336] Trial 1562 pruned. 
[I 2026-07-13 14:03:12,734] Trial 1563 pruned. 
[I 2026-07-13 14:03:13,964] Trial 1564 pruned. 
[I 2026-07-13 14:03:14,295] Trial 1565 pruned. 
[I 2026-07-13 14:03:15,820] Trial 1566 pruned. 
[I 2026-07-13 14:03:17,533] Trial 1567 pruned. 
[I 2026-07-13 14:03:18,829] Trial 1568 pruned. 
[I 2026-07-13 14:03:19,378] Trial 1569 pruned. 
[I 2026-07-13 14:03:20,724] Trial 1570 pruned. 
[I 2026-07-13 14:03:21,816] Trial 1571 pruned. 
[I 2026-07-13 14:03:22,746] Trial 1572 pruned. 
[I 2026-07-13 14:03:24,199] Trial 1573 pruned. 
[I 2026-07-13 14:03:24,708] Trial 1574 pruned. 
[I 2026-07-13 14:03:26,975] Trial 1575 pruned. 
[I 2026-07-13 14:03:30,024] Trial 1576 pruned. 
[I 2026-07-13 14:03:31,741] Trial 1577 pruned. 
[I 2026-07-13 14:03:33,594] Trial 1578 pruned. 
[I 2026-07-13 14:03:34,457] Trial 1579 pruned. 
[I 2026-07-13 14:03:35,788] Trial 1580 pruned. 
[I 2026-07-13 14:03:37,193] Trial 1581 pruned. 
[I 2026-07-13 14:03:37,442] Trial 1582 pruned. 
[I 2026-07-13 14:03:38,458] Trial 1583 pruned. 
[I 2026-07-13 14:03:39,644] Trial 1584 pruned. 
[I 2026-07-13 14:03:40,376] Trial 1585 pruned. 
[I 2026-07-13 14:03:42,078] Trial 1586 pruned. 
[I 2026-07-13 14:03:44,670] Trial 1587 pruned. 
[I 2026-07-13 14:03:45,434] Trial 1588 pruned. 
[I 2026-07-13 14:03:45,877] Trial 1589 pruned. 
[I 2026-07-13 14:03:46,792] Trial 1590 pruned. 
[I 2026-07-13 14:03:49,472] Trial 1591 pruned. 
[I 2026-07-13 14:03:50,728] Trial 1592 pruned. 
[I 2026-07-13 14:03:51,824] Trial 1593 pruned. 
[I 2026-07-13 14:03:52,068] Trial 1594 pruned. 
[I 2026-07-13 14:03:54,136] Trial 1595 pruned. 
[I 2026-07-13 14:03:55,422] Trial 1596 pruned. 
[I 2026-07-13 14:03:58,942] Trial 1597 pruned. 
[I 2026-07-13 14:04:01,394] Trial 1598 pruned. 
[I 2026-07-13 14:04:03,007] Trial 1599 pruned. 
[I 2026-07-13 14:04:03,239] Trial 1600 pruned. 
[I 2026-07-13 14:04:04,682] Trial 1601 pruned. 
[I 2026-07-13 14:04:05,746] Trial 1602 pruned. 
[I 2026-07-13 14:04:06,351] Trial 1603 pruned. 
[I 2026-07-13 14:04:07,610] Trial 1604 pruned. 
[I 2026-07-13 14:04:10,534] Trial 1605 pruned. 
[I 2026-07-13 14:04:11,775] Trial 1606 pruned. 
[I 2026-07-13 14:04:13,042] Trial 1607 pruned. 
[I 2026-07-13 14:04:14,109] Trial 1608 pruned. 
[I 2026-07-13 14:04:15,450] Trial 1609 pruned. 
[I 2026-07-13 14:04:15,964] Trial 1610 pruned. 
[I 2026-07-13 14:04:17,731] Trial 1611 pruned. 
[I 2026-07-13 14:04:18,444] Trial 1612 pruned. 
[I 2026-07-13 14:04:19,620] Trial 1613 pruned. 
[I 2026-07-13 14:04:20,678] Trial 1614 pruned. 
[I 2026-07-13 14:04:21,849] Trial 1615 pruned. 
[I 2026-07-13 14:04:23,500] Trial 1616 pruned. 
[I 2026-07-13 14:04:25,546] Trial 1617 pruned. 
[I 2026-07-13 14:04:26,539] Trial 1618 pruned. 
[I 2026-07-13 14:04:27,215] Trial 1619 pruned. 
[I 2026-07-13 14:04:28,069] Trial 1620 pruned. 
[I 2026-07-13 14:04:30,224] Trial 1621 pruned. 
[I 2026-07-13 14:04:31,451] Trial 1622 pruned. 
[I 2026-07-13 14:04:33,239] Trial 1623 pruned. 
[I 2026-07-13 14:04:35,414] Trial 1624 pruned. 
[I 2026-07-13 14:04:38,555] Trial 1625 pruned. 
[I 2026-07-13 14:04:39,233] Trial 1626 pruned. 
[I 2026-07-13 14:04:40,531] Trial 1627 pruned. 
[I 2026-07-13 14:04:41,209] Trial 1628 pruned. 
[I 2026-07-13 14:04:42,412] Trial 1629 pruned. 
[I 2026-07-13 14:04:46,226] Trial 1630 pruned. 
[I 2026-07-13 14:04:46,528] Trial 1631 pruned. 
[I 2026-07-13 14:04:47,432] Trial 1632 pruned. 
[I 2026-07-13 14:04:48,024] Trial 1633 pruned. 
[I 2026-07-13 14:04:49,368] Trial 1634 pruned. 
