[I 2026-07-13 14:45:51,631] Trial 3490 finished with values: [2150.2464476282585, -4702.112736881503, 77.0] and parameters: {'sl_soft': 0.1955008004678873, 'sl_hard_delta': 0.014838873219692326, 'tp': 0.0804038736872963, 'gate_pct': 98.67302380660169, 'dd_limit': 1.8093410380953228, 'cooldown': 1, 'flip': True, 'en_ema_trend': False, 'ema_trend_fast': 83, 'ema_trend_slow': 2, 'en_sma_trend': True, 'sma_trend_fast': 320, 'sma_trend_slow': 262, 'en_macd': True, 'macd_fast': 98, 'macd_slow': 91, 'macd_signal': 65, 'en_vwap': False, 'en_keltner': True, 'keltner_n': 171, 'keltner_m': 2.8000000000000003, 'en_obv': False, 'obv_slope': 122, 'en_cci': False, 'cci_n': 100, 'cci_threshold': 125, 'en_rsi': True, 'rsi_n': 95, 'rsi_lower': 10, 'rsi_upper': 94, 'en_stochastic': True, 'stochastic_n': 36, 'stochastic_d': 29, 'stochastic_lower': 14, 'stochastic_upper': 67, 'en_mfi': False, 'mfi_n': 62, 'mfi_lower': 31, 'mfi_upper': 74, 'en_bollinger': True, 'bollinger_n': 7, 'bollinger_k': 4.5, 'en_adx': True, 'adx_n': 12, 'adx_threshold': 17, 'en_structure_trend': False, 'structure_trend_swing_l': 3, 'en_order_block': True, 'order_block_swing_l': 3, 'en_fvg': False, 'fvg_lookback': 44, 'en_ifvg': True, 'en_breaker': True, 'breaker_swing_l': 16, 'en_cisd': False, 'k': 1, 'en_cap_bars': False, 'cap_1min': 1243}.
[I 2026-07-13 14:45:52,065] Trial 3491 finished with values: [1874.0145943358377, -4720.986441568373, 45.650000000000006] and parameters: {'sl_soft': 0.12174654867177476, 'sl_hard_delta': 0.014350358172465482, 'tp': 0.18428956232433139, 'gate_pct': 99.05474859810846, 'dd_limit': 6.765861714329133, 'cooldown': 4, 'flip': False, 'en_ema_trend': True, 'ema_trend_fast': 39, 'ema_trend_slow': 45, 'en_sma_trend': True, 'sma_trend_fast': 136, 'sma_trend_slow': 311, 'en_macd': True, 'macd_fast': 43, 'macd_slow': 123, 'macd_signal': 71, 'en_vwap': True, 'en_keltner': True, 'keltner_n': 56, 'keltner_m': 4.8, 'en_obv': False, 'obv_slope': 64, 'en_cci': True, 'cci_n': 115, 'cci_threshold': 60, 'en_rsi': False, 'rsi_n': 53, 'rsi_lower': 12, 'rsi_upper': 98, 'en_stochastic': False, 'stochastic_n': 66, 'stochastic_d': 10, 'stochastic_lower': 19, 'stochastic_upper': 86, 'en_mfi': False, 'mfi_n': 33, 'mfi_lower': 28, 'mfi_upper': 83, 'en_bollinger': True, 'bollinger_n': 188, 'bollinger_k': 4.0, 'en_adx': False, 'adx_n': 72, 'adx_threshold': 54, 'en_structure_trend': True, 'structure_trend_swing_l': 18, 'en_order_block': True, 'order_block_swing_l': 13, 'en_fvg': False, 'fvg_lookback': 21, 'en_ifvg': False, 'en_breaker': False, 'breaker_swing_l': 14, 'en_cisd': False, 'k': 2, 'en_cap_bars': True, 'cap_1min': 1261}.
[I 2026-07-13 14:45:56,765] Trial 3492 finished with values: [806.821363186874, -2594.441964106765, 49.85] and parameters: {'sl_soft': 0.09951309834345903, 'sl_hard_delta': 0.16147157280469934, 'tp': 0.12154047473748539, 'gate_pct': 98.72479828405353, 'dd_limit': 8.444088585034967, 'cooldown': 1, 'flip': True, 'en_ema_trend': True, 'ema_trend_fast': 286, 'ema_trend_slow': 391, 'en_sma_trend': True, 'sma_trend_fast': 225, 'sma_trend_slow': 333, 'en_macd': True, 'macd_fast': 10, 'macd_slow': 51, 'macd_signal': 55, 'en_vwap': False, 'en_keltner': False, 'keltner_n': 146, 'keltner_m': 2.3, 'en_obv': False, 'obv_slope': 105, 'en_cci': True, 'cci_n': 82, 'cci_threshold': 160, 'en_rsi': True, 'rsi_n': 17, 'rsi_lower': 8, 'rsi_upper': 59, 'en_stochastic': False, 'stochastic_n': 71, 'stochastic_d': 5, 'stochastic_lower': 11, 'stochastic_upper': 62, 'en_mfi': False, 'mfi_n': 94, 'mfi_lower': 43, 'mfi_upper': 84, 'en_bollinger': True, 'bollinger_n': 200, 'bollinger_k': 1.9000000000000001, 'en_adx': False, 'adx_n': 2, 'adx_threshold': 55, 'en_structure_trend': True, 'structure_trend_swing_l': 16, 'en_order_block': True, 'order_block_swing_l': 19, 'en_fvg': True, 'fvg_lookback': 20, 'en_ifvg': False, 'en_breaker': False, 'breaker_swing_l': 7, 'en_cisd': True, 'k': 1, 'en_cap_bars': False, 'cap_1min': 1023}.
[I 2026-07-13 14:45:59,016] Trial 3493 pruned. 
[I 2026-07-13 14:46:01,214] Trial 3494 pruned. 
[I 2026-07-13 14:46:10,668] Trial 3495 finished with values: [2841.4083978276844, -9181.62275131376, 37.85] and parameters: {'sl_soft': 0.03831170427958211, 'sl_hard_delta': 0.17205901873591917, 'tp': 0.19110422394207255, 'gate_pct': 98.67302380660169, 'dd_limit': 3.021375135532224, 'cooldown': 1, 'flip': False, 'en_ema_trend': True, 'ema_trend_fast': 279, 'ema_trend_slow': 125, 'en_sma_trend': True, 'sma_trend_fast': 334, 'sma_trend_slow': 94, 'en_macd': True, 'macd_fast': 16, 'macd_slow': 168, 'macd_signal': 43, 'en_vwap': True, 'en_keltner': True, 'keltner_n': 153, 'keltner_m': 2.2, 'en_obv': False, 'obv_slope': 99, 'en_cci': True, 'cci_n': 20, 'cci_threshold': 125, 'en_rsi': True, 'rsi_n': 97, 'rsi_lower': 18, 'rsi_upper': 71, 'en_stochastic': True, 'stochastic_n': 41, 'stochastic_d': 40, 'stochastic_lower': 12, 'stochastic_upper': 79, 'en_mfi': False, 'mfi_n': 52, 'mfi_lower': 2, 'mfi_upper': 79, 'en_bollinger': False, 'bollinger_n': 7, 'bollinger_k': 1.0, 'en_adx': False, 'adx_n': 12, 'adx_threshold': 17, 'en_structure_trend': False, 'structure_trend_swing_l': 3, 'en_order_block': True, 'order_block_swing_l': 3, 'en_fvg': True, 'fvg_lookback': 18, 'en_ifvg': False, 'en_breaker': True, 'breaker_swing_l': 16, 'en_cisd': False, 'k': 1, 'en_cap_bars': True, 'cap_1min': 1243}.
[I 2026-07-13 14:46:11,045] Trial 3496 pruned. 
[I 2026-07-13 14:46:17,660] Trial 3497 finished with values: [-2681.3657441850946, -14412.75976113421, 71.45] and parameters: {'sl_soft': 0.12649771666247087, 'sl_hard_delta': 0.20897874235595695, 'tp': 0.05633603863240028, 'gate_pct': 98.19812780594039, 'dd_limit': 2.3419576250818945, 'cooldown': 1, 'flip': True, 'en_ema_trend': True, 'ema_trend_fast': 277, 'ema_trend_slow': 178, 'en_sma_trend': True, 'sma_trend_fast': 204, 'sma_trend_slow': 385, 'en_macd': True, 'macd_fast': 51, 'macd_slow': 59, 'macd_signal': 43, 'en_vwap': False, 'en_keltner': True, 'keltner_n': 173, 'keltner_m': 3.8000000000000003, 'en_obv': False, 'obv_slope': 125, 'en_cci': True, 'cci_n': 115, 'cci_threshold': 130, 'en_rsi': False, 'rsi_n': 7, 'rsi_lower': 38, 'rsi_upper': 70, 'en_stochastic': False, 'stochastic_n': 44, 'stochastic_d': 5, 'stochastic_lower': 13, 'stochastic_upper': 93, 'en_mfi': False, 'mfi_n': 42, 'mfi_lower': 28, 'mfi_upper': 87, 'en_bollinger': False, 'bollinger_n': 192, 'bollinger_k': 1.6, 'en_adx': True, 'adx_n': 47, 'adx_threshold': 9, 'en_structure_trend': False, 'structure_trend_swing_l': 3, 'en_order_block': True, 'order_block_swing_l': 19, 'en_fvg': False, 'fvg_lookback': 33, 'en_ifvg': True, 'en_breaker': True, 'breaker_swing_l': 7, 'en_cisd': False, 'k': 1, 'en_cap_bars': True, 'cap_1min': 374}.
[I 2026-07-13 14:46:21,684] Trial 3498 finished with values: [-2411.578884386164, -8563.707028659948, 45.15] and parameters: {'sl_soft': 0.09951309834345903, 'sl_hard_delta': 0.148996039178461, 'tp': 0.12154047473748539, 'gate_pct': 98.11348314618391, 'dd_limit': 8.444088585034967, 'cooldown': 1, 'flip': True, 'en_ema_trend': True, 'ema_trend_fast': 81, 'ema_trend_slow': 153, 'en_sma_trend': True, 'sma_trend_fast': 382, 'sma_trend_slow': 333, 'en_macd': True, 'macd_fast': 19, 'macd_slow': 51, 'macd_signal': 71, 'en_vwap': False, 'en_keltner': False, 'keltner_n': 182, 'keltner_m': 2.3, 'en_obv': False, 'obv_slope': 9, 'en_cci': False, 'cci_n': 67, 'cci_threshold': 160, 'en_rsi': True, 'rsi_n': 17, 'rsi_lower': 8, 'rsi_upper': 87, 'en_stochastic': False, 'stochastic_n': 19, 'stochastic_d': 5, 'stochastic_lower': 2, 'stochastic_upper': 79, 'en_mfi': True, 'mfi_n': 94, 'mfi_lower': 43, 'mfi_upper': 66, 'en_bollinger': True, 'bollinger_n': 200, 'bollinger_k': 3.7, 'en_adx': False, 'adx_n': 53, 'adx_threshold': 43, 'en_structure_trend': True, 'structure_trend_swing_l': 3, 'en_order_block': False, 'order_block_swing_l': 17, 'en_fvg': False, 'fvg_lookback': 48, 'en_ifvg': False, 'en_breaker': True, 'breaker_swing_l': 11, 'en_cisd': True, 'k': 1, 'en_cap_bars': False, 'cap_1min': 686}.
[I 2026-07-13 14:46:22,052] Trial 3499 finished with values: [1897.6079169067898, -6365.06321861404, 49.349999999999994] and parameters: {'sl_soft': 0.058218586321253915, 'sl_hard_delta': 0.234009729604921, 'tp': 0.1402887976259075, 'gate_pct': 98.80229380351075, 'dd_limit': 7.351713918926211, 'cooldown': 0, 'flip': True, 'en_ema_trend': True, 'ema_trend_fast': 176, 'ema_trend_slow': 231, 'en_sma_trend': True, 'sma_trend_fast': 166, 'sma_trend_slow': 28, 'en_macd': False, 'macd_fast': 64, 'macd_slow': 170, 'macd_signal': 37, 'en_vwap': True, 'en_keltner': False, 'keltner_n': 13, 'keltner_m': 4.8, 'en_obv': True, 'obv_slope': 76, 'en_cci': True, 'cci_n': 8, 'cci_threshold': 170, 'en_rsi': False, 'rsi_n': 21, 'rsi_lower': 43, 'rsi_upper': 74, 'en_stochastic': True, 'stochastic_n': 31, 'stochastic_d': 29, 'stochastic_lower': 9, 'stochastic_upper': 87, 'en_mfi': False, 'mfi_n': 44, 'mfi_lower': 26, 'mfi_upper': 65, 'en_bollinger': True, 'bollinger_n': 142, 'bollinger_k': 4.1, 'en_adx': False, 'adx_n': 8, 'adx_threshold': 55, 'en_structure_trend': True, 'structure_trend_swing_l': 19, 'en_order_block': True, 'order_block_swing_l': 4, 'en_fvg': False, 'fvg_lookback': 30, 'en_ifvg': True, 'en_breaker': False, 'breaker_swing_l': 20, 'en_cisd': True, 'k': 2, 'en_cap_bars': True, 'cap_1min': 1189}.
[I 2026-07-13 14:46:23,036] Trial 3500 pruned. 
[I 2026-07-13 14:46:26,097] Trial 3501 pruned. 
[I 2026-07-13 14:46:28,618] Trial 3502 pruned. 
[I 2026-07-13 14:46:33,227] Trial 3503 pruned. 
[I 2026-07-13 14:46:34,495] Trial 3504 finished with values: [-2117.799989254541, -38592.52792547686, 61.5] and parameters: {'sl_soft': 0.11263213710707615, 'sl_hard_delta': 0.2170763431254055, 'tp': 0.09132296619741134, 'gate_pct': 99.82453052031805, 'dd_limit': 5.5935434980177225, 'cooldown': 1, 'flip': False, 'en_ema_trend': True, 'ema_trend_fast': 231, 'ema_trend_slow': 75, 'en_sma_trend': False, 'sma_trend_fast': 105, 'sma_trend_slow': 79, 'en_macd': False, 'macd_fast': 75, 'macd_slow': 53, 'macd_signal': 2, 'en_vwap': True, 'en_keltner': False, 'keltner_n': 43, 'keltner_m': 0.7, 'en_obv': True, 'obv_slope': 19, 'en_cci': True, 'cci_n': 135, 'cci_threshold': 40, 'en_rsi': False, 'rsi_n': 73, 'rsi_lower': 23, 'rsi_upper': 97, 'en_stochastic': False, 'stochastic_n': 94, 'stochastic_d': 48, 'stochastic_lower': 16, 'stochastic_upper': 80, 'en_mfi': False, 'mfi_n': 72, 'mfi_lower': 19, 'mfi_upper': 56, 'en_bollinger': False, 'bollinger_n': 147, 'bollinger_k': 0.7, 'en_adx': False, 'adx_n': 35, 'adx_threshold': 12, 'en_structure_trend': True, 'structure_trend_swing_l': 6, 'en_order_block': True, 'order_block_swing_l': 13, 'en_fvg': False, 'fvg_lookback': 32, 'en_ifvg': False, 'en_breaker': False, 'breaker_swing_l': 11, 'en_cisd': False, 'k': 2, 'en_cap_bars': False, 'cap_1min': 345}.
[I 2026-07-13 14:46:37,087] Trial 3505 finished with values: [-608.5626242540256, -4449.999999999967, 24.75] and parameters: {'sl_soft': 0.041819685424319256, 'sl_hard_delta': 0.2476078025833433, 'tp': 0.20741590457257697, 'gate_pct': 97.66578486655469, 'dd_limit': 2.4528084273798805, 'cooldown': 2, 'flip': True, 'en_ema_trend': False, 'ema_trend_fast': 342, 'ema_trend_slow': 397, 'en_sma_trend': False, 'sma_trend_fast': 198, 'sma_trend_slow': 319, 'en_macd': False, 'macd_fast': 10, 'macd_slow': 3, 'macd_signal': 61, 'en_vwap': False, 'en_keltner': True, 'keltner_n': 135, 'keltner_m': 2.1, 'en_obv': True, 'obv_slope': 129, 'en_cci': True, 'cci_n': 134, 'cci_threshold': 145, 'en_rsi': False, 'rsi_n': 95, 'rsi_lower': 31, 'rsi_upper': 58, 'en_stochastic': False, 'stochastic_n': 82, 'stochastic_d': 17, 'stochastic_lower': 4, 'stochastic_upper': 78, 'en_mfi': True, 'mfi_n': 8, 'mfi_lower': 11, 'mfi_upper': 70, 'en_bollinger': True, 'bollinger_n': 155, 'bollinger_k': 4.2, 'en_adx': False, 'adx_n': 22, 'adx_threshold': 47, 'en_structure_trend': False, 'structure_trend_swing_l': 12, 'en_order_block': False, 'order_block_swing_l': 4, 'en_fvg': False, 'fvg_lookback': 19, 'en_ifvg': False, 'en_breaker': False, 'breaker_swing_l': 11, 'en_cisd': True, 'k': 3, 'en_cap_bars': True, 'cap_1min': 878}.
[I 2026-07-13 14:46:40,180] Trial 3506 finished with values: [861.2497320128656, -4791.68095647914, 49.15] and parameters: {'sl_soft': 0.06917576547684445, 'sl_hard_delta': 0.01242174930966288, 'tp': 0.1072053900187098, 'gate_pct': 98.58299891691806, 'dd_limit': 3.2180873254465436, 'cooldown': 1, 'flip': False, 'en_ema_trend': True, 'ema_trend_fast': 278, 'ema_trend_slow': 2, 'en_sma_trend': False, 'sma_trend_fast': 136, 'sma_trend_slow': 377, 'en_macd': True, 'macd_fast': 20, 'macd_slow': 74, 'macd_signal': 74, 'en_vwap': False, 'en_keltner': False, 'keltner_n': 131, 'keltner_m': 0.5, 'en_obv': False, 'obv_slope': 18, 'en_cci': True, 'cci_n': 34, 'cci_threshold': 85, 'en_rsi': True, 'rsi_n': 95, 'rsi_lower': 34, 'rsi_upper': 64, 'en_stochastic': False, 'stochastic_n': 78, 'stochastic_d': 32, 'stochastic_lower': 20, 'stochastic_upper': 58, 'en_mfi': True, 'mfi_n': 22, 'mfi_lower': 45, 'mfi_upper': 97, 'en_bollinger': False, 'bollinger_n': 165, 'bollinger_k': 1.3, 'en_adx': False, 'adx_n': 59, 'adx_threshold': 44, 'en_structure_trend': True, 'structure_trend_swing_l': 20, 'en_order_block': True, 'order_block_swing_l': 6, 'en_fvg': True, 'fvg_lookback': 26, 'en_ifvg': True, 'en_breaker': False, 'breaker_swing_l': 12, 'en_cisd': False, 'k': 2, 'en_cap_bars': True, 'cap_1min': 1343}.
[I 2026-07-13 14:46:51,646] Trial 3507 finished with values: [-930.6105814822085, -9535.391701364693, 49.45] and parameters: {'sl_soft': 0.11980020901880456, 'sl_hard_delta': 0.23148830981602003, 'tp': 0.18146082986353468, 'gate_pct': 97.47084145131518, 'dd_limit': 1.1085214524927745, 'cooldown': 1, 'flip': True, 'en_ema_trend': True, 'ema_trend_fast': 127, 'ema_trend_slow': 395, 'en_sma_trend': True, 'sma_trend_fast': 165, 'sma_trend_slow': 154, 'en_macd': True, 'macd_fast': 89, 'macd_slow': 173, 'macd_signal': 58, 'en_vwap': True, 'en_keltner': True, 'keltner_n': 32, 'keltner_m': 4.300000000000001, 'en_obv': True, 'obv_slope': 152, 'en_cci': True, 'cci_n': 29, 'cci_threshold': 285, 'en_rsi': False, 'rsi_n': 62, 'rsi_lower': 20, 'rsi_upper': 63, 'en_stochastic': True, 'stochastic_n': 90, 'stochastic_d': 13, 'stochastic_lower': 21, 'stochastic_upper': 83, 'en_mfi': False, 'mfi_n': 56, 'mfi_lower': 23, 'mfi_upper': 89, 'en_bollinger': True, 'bollinger_n': 78, 'bollinger_k': 4.5, 'en_adx': True, 'adx_n': 68, 'adx_threshold': 5, 'en_structure_trend': False, 'structure_trend_swing_l': 11, 'en_order_block': False, 'order_block_swing_l': 5, 'en_fvg': True, 'fvg_lookback': 33, 'en_ifvg': False, 'en_breaker': False, 'breaker_swing_l': 9, 'en_cisd': False, 'k': 2, 'en_cap_bars': True, 'cap_1min': 1317}.
[I 2026-07-13 14:46:52,000] Trial 3508 finished with values: [-20.862378857007286, -5655.673042689314, 55.75] and parameters: {'sl_soft': 0.11980020901880456, 'sl_hard_delta': 0.20098961507352478, 'tp': 0.09560500440520342, 'gate_pct': 99.57581637257637, 'dd_limit': 5.328714371677049, 'cooldown': 1, 'flip': False, 'en_ema_trend': True, 'ema_trend_fast': 301, 'ema_trend_slow': 395, 'en_sma_trend': False, 'sma_trend_fast': 165, 'sma_trend_slow': 154, 'en_macd': False, 'macd_fast': 89, 'macd_slow': 107, 'macd_signal': 67, 'en_vwap': False, 'en_keltner': True, 'keltner_n': 76, 'keltner_m': 4.5, 'en_obv': True, 'obv_slope': 173, 'en_cci': False, 'cci_n': 120, 'cci_threshold': 45, 'en_rsi': False, 'rsi_n': 33, 'rsi_lower': 20, 'rsi_upper': 63, 'en_stochastic': True, 'stochastic_n': 90, 'stochastic_d': 13, 'stochastic_lower': 21, 'stochastic_upper': 82, 'en_mfi': False, 'mfi_n': 56, 'mfi_lower': 13, 'mfi_upper': 72, 'en_bollinger': True, 'bollinger_n': 100, 'bollinger_k': 4.5, 'en_adx': True, 'adx_n': 68, 'adx_threshold': 10, 'en_structure_trend': False, 'structure_trend_swing_l': 2, 'en_order_block': False, 'order_block_swing_l': 5, 'en_fvg': True, 'fvg_lookback': 33, 'en_ifvg': True, 'en_breaker': False, 'breaker_swing_l': 11, 'en_cisd': False, 'k': 4, 'en_cap_bars': True, 'cap_1min': 1317}.
[I 2026-07-13 14:46:52,479] Trial 3509 finished with values: [829.7783300201538, -10191.072622976168, 34.1] and parameters: {'sl_soft': 0.041819685424319256, 'sl_hard_delta': 0.2476078025833433, 'tp': 0.20741590457257697, 'gate_pct': 97.66578486655469, 'dd_limit': 2.4528084273798805, 'cooldown': 2, 'flip': False, 'en_ema_trend': True, 'ema_trend_fast': 342, 'ema_trend_slow': 182, 'en_sma_trend': False, 'sma_trend_fast': 313, 'sma_trend_slow': 319, 'en_macd': False, 'macd_fast': 10, 'macd_slow': 3, 'macd_signal': 52, 'en_vwap': False, 'en_keltner': True, 'keltner_n': 48, 'keltner_m': 3.1, 'en_obv': True, 'obv_slope': 179, 'en_cci': True, 'cci_n': 166, 'cci_threshold': 145, 'en_rsi': False, 'rsi_n': 72, 'rsi_lower': 47, 'rsi_upper': 58, 'en_stochastic': False, 'stochastic_n': 82, 'stochastic_d': 17, 'stochastic_lower': 32, 'stochastic_upper': 98, 'en_mfi': True, 'mfi_n': 8, 'mfi_lower': 29, 'mfi_upper': 80, 'en_bollinger': True, 'bollinger_n': 155, 'bollinger_k': 2.0, 'en_adx': False, 'adx_n': 91, 'adx_threshold': 47, 'en_structure_trend': False, 'structure_trend_swing_l': 11, 'en_order_block': True, 'order_block_swing_l': 16, 'en_fvg': False, 'fvg_lookback': 19, 'en_ifvg': True, 'en_breaker': False, 'breaker_swing_l': 10, 'en_cisd': True, 'k': 3, 'en_cap_bars': True, 'cap_1min': 878}.
[I 2026-07-13 14:46:52,961] Trial 3510 pruned. 
[I 2026-07-13 14:46:55,669] Trial 3511 finished with values: [5876.030429954629, -36280.506706016466, 59.55] and parameters: {'sl_soft': 0.1727021639078877, 'sl_hard_delta': 0.2303434700470846, 'tp': 0.1725121227053462, 'gate_pct': 94.04749196649728, 'dd_limit': 2.2378945291746732, 'cooldown': 0, 'flip': False, 'en_ema_trend': True, 'ema_trend_fast': 127, 'ema_trend_slow': 212, 'en_sma_trend': True, 'sma_trend_fast': 118, 'sma_trend_slow': 50, 'en_macd': False, 'macd_fast': 10, 'macd_slow': 127, 'macd_signal': 98, 'en_vwap': True, 'en_keltner': False, 'keltner_n': 9, 'keltner_m': 0.7, 'en_obv': True, 'obv_slope': 155, 'en_cci': False, 'cci_n': 172, 'cci_threshold': 180, 'en_rsi': True, 'rsi_n': 56, 'rsi_lower': 28, 'rsi_upper': 87, 'en_stochastic': False, 'stochastic_n': 61, 'stochastic_d': 49, 'stochastic_lower': 33, 'stochastic_upper': 78, 'en_mfi': True, 'mfi_n': 97, 'mfi_lower': 27, 'mfi_upper': 63, 'en_bollinger': False, 'bollinger_n': 142, 'bollinger_k': 1.7000000000000002, 'en_adx': False, 'adx_n': 56, 'adx_threshold': 12, 'en_structure_trend': False, 'structure_trend_swing_l': 7, 'en_order_block': False, 'order_block_swing_l': 18, 'en_fvg': False, 'fvg_lookback': 24, 'en_ifvg': False, 'en_breaker': True, 'breaker_swing_l': 11, 'en_cisd': False, 'k': 4, 'en_cap_bars': False, 'cap_1min': 461}.
[I 2026-07-13 14:47:07,285] Trial 3512 finished with values: [2251.254481119034, -9693.503922655254, 33.8] and parameters: {'sl_soft': 0.07392862437810954, 'sl_hard_delta': 0.04250555831064314, 'tp': 0.2356931692447365, 'gate_pct': 96.65475725098474, 'dd_limit': 1.1085214524927745, 'cooldown': 0, 'flip': True, 'en_ema_trend': False, 'ema_trend_fast': 193, 'ema_trend_slow': 26, 'en_sma_trend': True, 'sma_trend_fast': 70, 'sma_trend_slow': 191, 'en_macd': True, 'macd_fast': 11, 'macd_slow': 74, 'macd_signal': 60, 'en_vwap': True, 'en_keltner': True, 'keltner_n': 122, 'keltner_m': 4.300000000000001, 'en_obv': False, 'obv_slope': 152, 'en_cci': True, 'cci_n': 107, 'cci_threshold': 205, 'en_rsi': False, 'rsi_n': 62, 'rsi_lower': 30, 'rsi_upper': 59, 'en_stochastic': True, 'stochastic_n': 87, 'stochastic_d': 46, 'stochastic_lower': 28, 'stochastic_upper': 83, 'en_mfi': False, 'mfi_n': 95, 'mfi_lower': 23, 'mfi_upper': 61, 'en_bollinger': True, 'bollinger_n': 78, 'bollinger_k': 2.1, 'en_adx': True, 'adx_n': 44, 'adx_threshold': 9, 'en_structure_trend': False, 'structure_trend_swing_l': 20, 'en_order_block': False, 'order_block_swing_l': 4, 'en_fvg': False, 'fvg_lookback': 49, 'en_ifvg': True, 'en_breaker': False, 'breaker_swing_l': 9, 'en_cisd': False, 'k': 2, 'en_cap_bars': True, 'cap_1min': 1399}.
[I 2026-07-13 14:47:12,938] Trial 3513 finished with values: [-3943.721746497905, -14359.869293954689, 32.2] and parameters: {'sl_soft': 0.12649771666247087, 'sl_hard_delta': 0.028407703798022977, 'tp': 0.30344321187078127, 'gate_pct': 98.19812780594039, 'dd_limit': 8.695879980087707, 'cooldown': 1, 'flip': False, 'en_ema_trend': False, 'ema_trend_fast': 315, 'ema_trend_slow': 178, 'en_sma_trend': False, 'sma_trend_fast': 274, 'sma_trend_slow': 232, 'en_macd': False, 'macd_fast': 51, 'macd_slow': 126, 'macd_signal': 50, 'en_vwap': False, 'en_keltner': False, 'keltner_n': 59, 'keltner_m': 1.5, 'en_obv': False, 'obv_slope': 38, 'en_cci': True, 'cci_n': 108, 'cci_threshold': 130, 'en_rsi': False, 'rsi_n': 42, 'rsi_lower': 20, 'rsi_upper': 95, 'en_stochastic': True, 'stochastic_n': 44, 'stochastic_d': 16, 'stochastic_lower': 13, 'stochastic_upper': 68, 'en_mfi': False, 'mfi_n': 6, 'mfi_lower': 38, 'mfi_upper': 83, 'en_bollinger': False, 'bollinger_n': 54, 'bollinger_k': 1.6, 'en_adx': False, 'adx_n': 96, 'adx_threshold': 9, 'en_structure_trend': True, 'structure_trend_swing_l': 3, 'en_order_block': False, 'order_block_swing_l': 19, 'en_fvg': False, 'fvg_lookback': 9, 'en_ifvg': False, 'en_breaker': True, 'breaker_swing_l': 19, 'en_cisd': False, 'k': 2, 'en_cap_bars': False, 'cap_1min': 213}.
[I 2026-07-13 14:47:13,370] Trial 3514 pruned. 
[I 2026-07-13 14:47:15,187] Trial 3515 pruned. 
