── OPTIMIZER PLAN [2h] shared SL/TP · sampler=nsga3 ──
   dimensions: base 5c+2cat+3i = 10  |  indicators 18 on/off + 30 params  |  split 0  →  TOTAL 58 dims
   trials/dim 100  →  RECOMMENDED 5,800 trials  (∝ dimensions; grows if you add more)
[2h] loading inputs (SI, pv=5000) ...
[2h] 4624 decision bars; cooldown cap 5; bounds sl_soft[0.033465660851799466, 0.1988253968253968] sl_hard[0.0433085022787993, 0.26575671852899574] tp[0.04133993399339934, 0.3149709256639949]; indicators on 1-MINUTE frame
/home/dev/Mulham/wsg-i/Parametric-Indicators/optimize/optimizer.py:261: ExperimentalWarning: NSGAIIISampler is experimental (supported from v3.2.0). The interface can change in the future.
  return optuna.samplers.NSGAIIISampler(seed=seed, constraints_func=constraints_func)
[2h] sampler = nsga3 → NSGAIIISampler  objective=<function run.<locals>.objective at 0x729faee6b920>  dd_pnl_cap=0.25
[I 2026-07-13 13:30:39,618] A new study created in RDB with name: eod1_2h_SI
[I 2026-07-13 13:30:40,055] Trial 0 pruned. 
[I 2026-07-13 13:30:41,673] Trial 1 pruned. 
[I 2026-07-13 13:30:45,798] Trial 2 pruned. 
[I 2026-07-13 13:30:48,165] Trial 3 pruned. 
[I 2026-07-13 13:30:49,305] Trial 4 pruned. 
[I 2026-07-13 13:30:49,856] Trial 5 pruned. 
[I 2026-07-13 13:30:50,867] Trial 6 pruned. 
[I 2026-07-13 13:30:52,109] Trial 7 pruned. 
[I 2026-07-13 13:30:53,109] Trial 8 pruned. 
[I 2026-07-13 13:30:54,628] Trial 9 pruned. 
[I 2026-07-13 13:30:56,870] Trial 10 pruned. 
[I 2026-07-13 13:30:58,921] Trial 11 pruned. 
[I 2026-07-13 13:31:01,616] Trial 12 pruned. 
[I 2026-07-13 13:31:02,728] Trial 13 pruned. 
[I 2026-07-13 13:31:03,181] Trial 14 pruned. 
[I 2026-07-13 13:31:03,795] Trial 15 pruned. 
[I 2026-07-13 13:31:05,443] Trial 16 pruned. 
[I 2026-07-13 13:31:06,614] Trial 17 pruned. 
[I 2026-07-13 13:31:07,422] Trial 18 pruned. 
[I 2026-07-13 13:31:08,008] Trial 19 pruned. 
[I 2026-07-13 13:31:09,288] Trial 20 pruned. 
[I 2026-07-13 13:31:10,744] Trial 21 pruned. 
[I 2026-07-13 13:31:11,534] Trial 22 pruned. 
[I 2026-07-13 13:31:13,996] Trial 23 pruned. 
[I 2026-07-13 13:31:15,986] Trial 24 pruned. 
[I 2026-07-13 13:31:17,678] Trial 25 pruned. 
[I 2026-07-13 13:31:18,545] Trial 26 pruned. 
[I 2026-07-13 13:31:19,194] Trial 27 pruned. 
[I 2026-07-13 13:31:21,000] Trial 28 pruned. 
[I 2026-07-13 13:31:22,109] Trial 29 pruned. 
[I 2026-07-13 13:31:24,519] Trial 30 pruned. 
[I 2026-07-13 13:31:25,078] Trial 31 pruned. 
[I 2026-07-13 13:31:26,032] Trial 32 pruned. 
[I 2026-07-13 13:31:26,516] Trial 33 pruned. 
[I 2026-07-13 13:31:28,315] Trial 34 pruned. 
[I 2026-07-13 13:31:29,714] Trial 35 pruned. 
[I 2026-07-13 13:31:31,344] Trial 36 pruned. 
[I 2026-07-13 13:31:31,903] Trial 37 pruned. 
[I 2026-07-13 13:31:32,120] Trial 38 pruned. 
[I 2026-07-13 13:31:32,596] Trial 39 pruned. 
[I 2026-07-13 13:31:32,740] Trial 40 pruned. 
[I 2026-07-13 13:31:34,665] Trial 41 pruned. 
[I 2026-07-13 13:31:35,985] Trial 42 pruned. 
[I 2026-07-13 13:31:37,068] Trial 43 pruned. 
[I 2026-07-13 13:31:38,131] Trial 44 pruned. 
[I 2026-07-13 13:31:38,668] Trial 45 pruned. 
[I 2026-07-13 13:31:38,872] Trial 46 pruned. 
[I 2026-07-13 13:31:40,338] Trial 47 pruned. 
[I 2026-07-13 13:31:41,115] Trial 48 pruned. 
[I 2026-07-13 13:31:41,687] Trial 49 pruned. 
[I 2026-07-13 13:31:43,803] Trial 50 pruned. 
[I 2026-07-13 13:31:44,894] Trial 51 pruned. 
[I 2026-07-13 13:31:46,729] Trial 52 pruned. 
[I 2026-07-13 13:31:47,912] Trial 53 pruned. 
[I 2026-07-13 13:31:49,182] Trial 54 pruned. 
[I 2026-07-13 13:31:50,853] Trial 55 pruned. 
[I 2026-07-13 13:31:51,645] Trial 56 pruned. 
[I 2026-07-13 13:31:53,168] Trial 57 pruned. 
[I 2026-07-13 13:31:53,353] Trial 58 pruned. 
[I 2026-07-13 13:31:54,266] Trial 59 pruned. 
[I 2026-07-13 13:31:54,688] Trial 60 pruned. 
[I 2026-07-13 13:31:56,382] Trial 61 pruned. 
[I 2026-07-13 13:31:58,285] Trial 62 pruned. 
[I 2026-07-13 13:31:59,440] Trial 63 pruned. 
[I 2026-07-13 13:32:01,916] Trial 64 pruned. 
[I 2026-07-13 13:32:03,974] Trial 65 pruned. 
[I 2026-07-13 13:32:05,747] Trial 66 pruned. 
[I 2026-07-13 13:32:07,185] Trial 67 pruned. 
[I 2026-07-13 13:32:08,722] Trial 68 pruned. 
[I 2026-07-13 13:32:09,691] Trial 69 pruned. 
[I 2026-07-13 13:32:12,271] Trial 70 pruned. 
[I 2026-07-13 13:32:13,713] Trial 71 pruned. 
[I 2026-07-13 13:32:14,657] Trial 72 pruned. 
[I 2026-07-13 13:32:15,107] Trial 73 pruned. 
[I 2026-07-13 13:32:16,471] Trial 74 pruned. 
[I 2026-07-13 13:32:18,636] Trial 75 pruned. 
[I 2026-07-13 13:32:20,094] Trial 76 pruned. 
[I 2026-07-13 13:32:22,385] Trial 77 pruned. 
[I 2026-07-13 13:32:22,748] Trial 78 pruned. 
[I 2026-07-13 13:32:24,982] Trial 79 pruned. 
[I 2026-07-13 13:32:25,523] Trial 80 pruned. 
[I 2026-07-13 13:32:26,558] Trial 81 pruned. 
[I 2026-07-13 13:32:28,246] Trial 82 pruned. 
[I 2026-07-13 13:32:28,742] Trial 83 pruned. 
[I 2026-07-13 13:32:29,072] Trial 84 pruned. 
[I 2026-07-13 13:32:30,251] Trial 85 pruned. 
[I 2026-07-13 13:32:30,373] Trial 86 pruned. 
[I 2026-07-13 13:32:32,003] Trial 87 pruned. 
[I 2026-07-13 13:32:33,721] Trial 88 pruned. 
[I 2026-07-13 13:32:34,726] Trial 89 pruned. 
[I 2026-07-13 13:32:35,864] Trial 90 pruned. 
[I 2026-07-13 13:32:37,026] Trial 91 pruned. 
[I 2026-07-13 13:32:37,613] Trial 92 pruned. 
[I 2026-07-13 13:32:39,862] Trial 93 pruned. 
[I 2026-07-13 13:32:40,917] Trial 94 pruned. 
[I 2026-07-13 13:32:42,858] Trial 95 pruned. 
[I 2026-07-13 13:32:43,952] Trial 96 pruned. 
[I 2026-07-13 13:32:46,430] Trial 97 pruned. 
[I 2026-07-13 13:32:48,150] Trial 98 pruned. 
[I 2026-07-13 13:32:49,723] Trial 99 pruned. 
[I 2026-07-13 13:32:50,990] Trial 100 pruned. 
[I 2026-07-13 13:32:52,165] Trial 101 pruned. 
[I 2026-07-13 13:32:53,651] Trial 102 pruned. 
[I 2026-07-13 13:32:54,681] Trial 103 pruned. 
[I 2026-07-13 13:32:56,805] Trial 104 pruned. 
[I 2026-07-13 13:32:57,707] Trial 105 pruned. 
[I 2026-07-13 13:32:58,713] Trial 106 pruned. 
[I 2026-07-13 13:32:59,520] Trial 107 pruned. 
[I 2026-07-13 13:33:00,340] Trial 108 pruned. 
[I 2026-07-13 13:33:01,659] Trial 109 pruned. 
[I 2026-07-13 13:33:03,357] Trial 110 pruned. 
[I 2026-07-13 13:33:05,166] Trial 111 pruned. 
[I 2026-07-13 13:33:05,930] Trial 112 pruned. 
[I 2026-07-13 13:33:06,386] Trial 113 pruned. 
[I 2026-07-13 13:33:06,645] Trial 114 pruned. 
[I 2026-07-13 13:33:07,499] Trial 115 pruned. 
[I 2026-07-13 13:33:08,099] Trial 116 pruned. 
[I 2026-07-13 13:33:08,625] Trial 117 pruned. 
[I 2026-07-13 13:33:09,648] Trial 118 pruned. 
[I 2026-07-13 13:33:12,867] Trial 119 pruned. 
[I 2026-07-13 13:33:13,035] Trial 120 pruned. 
[I 2026-07-13 13:33:13,729] Trial 121 pruned. 
[I 2026-07-13 13:33:15,606] Trial 122 pruned. 
[I 2026-07-13 13:33:16,700] Trial 123 pruned. 
[I 2026-07-13 13:33:18,273] Trial 124 pruned. 
[I 2026-07-13 13:33:20,474] Trial 125 pruned. 
[I 2026-07-13 13:33:20,976] Trial 126 pruned. 
[I 2026-07-13 13:33:22,442] Trial 127 pruned. 
[I 2026-07-13 13:33:22,634] Trial 128 pruned. 
[I 2026-07-13 13:33:28,834] Trial 129 finished with values: [6058.86383836504, -29061.275052435572, 48.8] and parameters: {'sl_soft': 0.1824136290020738, 'sl_hard_delta': 0.19447880435211193, 'tp': 0.3050162210629736, 'gate_pct': 99.4309621818079, 'dd_limit': 0.2043192187719212, 'cooldown': 0, 'flip': False, 'en_ema_trend': True, 'ema_trend_fast': 279, 'ema_trend_slow': 279, 'en_sma_trend': False, 'sma_trend_fast': 108, 'sma_trend_slow': 306, 'en_macd': False, 'macd_fast': 59, 'macd_slow': 126, 'macd_signal': 39, 'en_vwap': False, 'en_keltner': True, 'keltner_n': 186, 'keltner_m': 1.2000000000000002, 'en_obv': False, 'obv_slope': 119, 'en_cci': False, 'cci_n': 160, 'cci_threshold': 30, 'en_rsi': True, 'rsi_n': 77, 'rsi_lower': 43, 'rsi_upper': 85, 'en_stochastic': False, 'stochastic_n': 88, 'stochastic_d': 41, 'stochastic_lower': 2, 'stochastic_upper': 91, 'en_mfi': True, 'mfi_n': 54, 'mfi_lower': 38, 'mfi_upper': 72, 'en_bollinger': True, 'bollinger_n': 138, 'bollinger_k': 4.1, 'en_adx': False, 'adx_n': 46, 'adx_threshold': 28, 'en_structure_trend': True, 'structure_trend_swing_l': 6, 'en_order_block': False, 'order_block_swing_l': 9, 'en_fvg': True, 'fvg_lookback': 3, 'en_ifvg': False, 'en_breaker': True, 'breaker_swing_l': 20, 'en_cisd': False, 'k': 4, 'en_cap_bars': False, 'cap_1min': 311}.
[I 2026-07-13 13:33:31,524] Trial 130 pruned. 
[I 2026-07-13 13:33:32,821] Trial 131 pruned. 
[I 2026-07-13 13:33:35,027] Trial 132 pruned. 
[I 2026-07-13 13:33:35,466] Trial 133 pruned. 
[I 2026-07-13 13:33:35,975] Trial 134 pruned. 
[I 2026-07-13 13:33:37,615] Trial 135 pruned. 
[I 2026-07-13 13:33:41,046] Trial 136 pruned. 
[I 2026-07-13 13:33:42,171] Trial 137 pruned. 
[I 2026-07-13 13:33:42,638] Trial 138 pruned. 
[I 2026-07-13 13:33:44,651] Trial 139 pruned. 
[I 2026-07-13 13:33:46,341] Trial 140 pruned. 
[I 2026-07-13 13:33:46,998] Trial 141 pruned. 
[I 2026-07-13 13:33:47,924] Trial 142 pruned. 
[I 2026-07-13 13:33:52,120] Trial 143 pruned. 
[I 2026-07-13 13:33:53,353] Trial 144 pruned. 
[I 2026-07-13 13:33:54,571] Trial 145 pruned. 
[I 2026-07-13 13:33:55,022] Trial 146 pruned. 
[I 2026-07-13 13:33:58,172] Trial 147 pruned. 
[I 2026-07-13 13:33:59,546] Trial 148 pruned. 
[I 2026-07-13 13:34:02,139] Trial 149 finished with values: [533.5675066013404, -5875.229829899097, 61.150000000000006] and parameters: {'sl_soft': 0.17915567208827723, 'sl_hard_delta': 0.05495502926754396, 'tp': 0.1285025135997562, 'gate_pct': 97.52011350142476, 'dd_limit': 1.1732784235221638, 'cooldown': 1, 'flip': True, 'en_ema_trend': False, 'ema_trend_fast': 269, 'ema_trend_slow': 192, 'en_sma_trend': True, 'sma_trend_fast': 232, 'sma_trend_slow': 138, 'en_macd': False, 'macd_fast': 98, 'macd_slow': 21, 'macd_signal': 24, 'en_vwap': False, 'en_keltner': True, 'keltner_n': 160, 'keltner_m': 3.9000000000000004, 'en_obv': True, 'obv_slope': 107, 'en_cci': False, 'cci_n': 23, 'cci_threshold': 105, 'en_rsi': False, 'rsi_n': 9, 'rsi_lower': 29, 'rsi_upper': 90, 'en_stochastic': False, 'stochastic_n': 67, 'stochastic_d': 3, 'stochastic_lower': 28, 'stochastic_upper': 91, 'en_mfi': True, 'mfi_n': 41, 'mfi_lower': 8, 'mfi_upper': 88, 'en_bollinger': True, 'bollinger_n': 9, 'bollinger_k': 0.5, 'en_adx': False, 'adx_n': 32, 'adx_threshold': 11, 'en_structure_trend': True, 'structure_trend_swing_l': 19, 'en_order_block': True, 'order_block_swing_l': 7, 'en_fvg': False, 'fvg_lookback': 34, 'en_ifvg': True, 'en_breaker': False, 'breaker_swing_l': 1, 'en_cisd': False, 'k': 4, 'en_cap_bars': True, 'cap_1min': 689}.
[I 2026-07-13 13:34:02,896] Trial 150 pruned. 
[I 2026-07-13 13:34:04,709] Trial 151 pruned. 
[I 2026-07-13 13:34:06,589] Trial 152 pruned. 
[I 2026-07-13 13:34:07,751] Trial 153 pruned. 
[I 2026-07-13 13:34:09,417] Trial 154 pruned. 
[I 2026-07-13 13:34:10,207] Trial 155 pruned. 
[I 2026-07-13 13:34:11,309] Trial 156 pruned. 
[I 2026-07-13 13:34:11,793] Trial 157 pruned. 
[I 2026-07-13 13:34:12,143] Trial 158 pruned. 
[I 2026-07-13 13:34:13,692] Trial 159 pruned. 
[I 2026-07-13 13:34:13,798] Trial 160 pruned. 
[I 2026-07-13 13:34:14,807] Trial 161 pruned. 
[I 2026-07-13 13:34:14,979] Trial 162 pruned. 
[I 2026-07-13 13:34:15,752] Trial 163 pruned. 
[I 2026-07-13 13:34:16,210] Trial 164 pruned. 
[I 2026-07-13 13:34:17,200] Trial 165 pruned. 
[I 2026-07-13 13:34:18,193] Trial 166 pruned. 
[I 2026-07-13 13:34:20,284] Trial 167 pruned. 
[I 2026-07-13 13:34:21,240] Trial 168 pruned. 
[I 2026-07-13 13:34:21,852] Trial 169 pruned. 
[I 2026-07-13 13:34:22,323] Trial 170 pruned. 
[I 2026-07-13 13:34:23,168] Trial 171 pruned. 
[I 2026-07-13 13:34:24,189] Trial 172 pruned. 
[I 2026-07-13 13:34:25,467] Trial 173 pruned. 
[I 2026-07-13 13:34:26,496] Trial 174 pruned. 
[I 2026-07-13 13:34:27,797] Trial 175 pruned. 
[I 2026-07-13 13:34:28,787] Trial 176 pruned. 
[I 2026-07-13 13:34:30,086] Trial 177 pruned. 
[I 2026-07-13 13:34:31,393] Trial 178 pruned. 
[I 2026-07-13 13:34:32,944] Trial 179 pruned. 
[I 2026-07-13 13:34:36,522] Trial 180 finished with values: [-1941.2263321674318, -8856.2945769948, 50.400000000000006] and parameters: {'sl_soft': 0.19287687995728484, 'sl_hard_delta': 0.148996039178461, 'tp': 0.21923396447553584, 'gate_pct': 98.72479828405353, 'dd_limit': 9.628020027635628, 'cooldown': 2, 'flip': True, 'en_ema_trend': True, 'ema_trend_fast': 81, 'ema_trend_slow': 391, 'en_sma_trend': True, 'sma_trend_fast': 382, 'sma_trend_slow': 115, 'en_macd': True, 'macd_fast': 10, 'macd_slow': 23, 'macd_signal': 71, 'en_vwap': False, 'en_keltner': False, 'keltner_n': 146, 'keltner_m': 2.3, 'en_obv': False, 'obv_slope': 105, 'en_cci': True, 'cci_n': 67, 'cci_threshold': 30, 'en_rsi': False, 'rsi_n': 71, 'rsi_lower': 8, 'rsi_upper': 59, 'en_stochastic': False, 'stochastic_n': 71, 'stochastic_d': 41, 'stochastic_lower': 2, 'stochastic_upper': 79, 'en_mfi': False, 'mfi_n': 94, 'mfi_lower': 43, 'mfi_upper': 66, 'en_bollinger': True, 'bollinger_n': 37, 'bollinger_k': 3.7, 'en_adx': False, 'adx_n': 53, 'adx_threshold': 43, 'en_structure_trend': True, 'structure_trend_swing_l': 16, 'en_order_block': False, 'order_block_swing_l': 19, 'en_fvg': True, 'fvg_lookback': 20, 'en_ifvg': False, 'en_breaker': True, 'breaker_swing_l': 7, 'en_cisd': True, 'k': 5, 'en_cap_bars': True, 'cap_1min': 686}.
[I 2026-07-13 13:34:37,487] Trial 181 pruned. 
[I 2026-07-13 13:34:39,215] Trial 182 pruned. 
[I 2026-07-13 13:34:40,103] Trial 183 pruned. 
[I 2026-07-13 13:34:41,029] Trial 184 pruned. 
[I 2026-07-13 13:34:42,947] Trial 185 pruned. 
[I 2026-07-13 13:34:46,743] Trial 186 pruned. 
[I 2026-07-13 13:34:48,775] Trial 187 pruned. 
[I 2026-07-13 13:34:49,716] Trial 188 pruned. 
[I 2026-07-13 13:34:50,565] Trial 189 pruned. 
[I 2026-07-13 13:34:51,699] Trial 190 pruned. 
[I 2026-07-13 13:34:53,299] Trial 191 pruned. 
[I 2026-07-13 13:34:54,619] Trial 192 pruned. 
[I 2026-07-13 13:34:54,935] Trial 193 pruned. 
[I 2026-07-13 13:34:56,709] Trial 194 pruned. 
[I 2026-07-13 13:34:58,001] Trial 195 pruned. 
[I 2026-07-13 13:34:59,099] Trial 196 pruned. 
[I 2026-07-13 13:35:01,303] Trial 197 pruned. 
[I 2026-07-13 13:35:02,236] Trial 198 pruned. 
[I 2026-07-13 13:35:06,968] Trial 199 pruned. 
[I 2026-07-13 13:35:07,110] Trial 200 pruned. 
[I 2026-07-13 13:35:08,654] Trial 201 pruned. 
[I 2026-07-13 13:35:09,643] Trial 202 pruned. 
[I 2026-07-13 13:35:11,229] Trial 203 pruned. 
[I 2026-07-13 13:35:13,289] Trial 204 pruned. 
[I 2026-07-13 13:35:14,504] Trial 205 pruned. 
[I 2026-07-13 13:35:15,530] Trial 206 pruned. 
[I 2026-07-13 13:35:16,569] Trial 207 pruned. 
[I 2026-07-13 13:35:18,082] Trial 208 pruned. 
[I 2026-07-13 13:35:18,697] Trial 209 pruned. 
[I 2026-07-13 13:35:23,114] Trial 210 finished with values: [-4557.426542462705, -13618.694861228912, 57.6] and parameters: {'sl_soft': 0.09128724519110351, 'sl_hard_delta': 0.17484572335296544, 'tp': 0.04725685696658342, 'gate_pct': 93.79805140335328, 'dd_limit': 0.5242871576912017, 'cooldown': 1, 'flip': True, 'en_ema_trend': False, 'ema_trend_fast': 77, 'ema_trend_slow': 100, 'en_sma_trend': False, 'sma_trend_fast': 289, 'sma_trend_slow': 290, 'en_macd': True, 'macd_fast': 2, 'macd_slow': 132, 'macd_signal': 19, 'en_vwap': True, 'en_keltner': True, 'keltner_n': 72, 'keltner_m': 3.0, 'en_obv': True, 'obv_slope': 93, 'en_cci': False, 'cci_n': 51, 'cci_threshold': 265, 'en_rsi': False, 'rsi_n': 66, 'rsi_lower': 15, 'rsi_upper': 54, 'en_stochastic': False, 'stochastic_n': 6, 'stochastic_d': 20, 'stochastic_lower': 21, 'stochastic_upper': 69, 'en_mfi': False, 'mfi_n': 51, 'mfi_lower': 27, 'mfi_upper': 80, 'en_bollinger': False, 'bollinger_n': 86, 'bollinger_k': 2.4000000000000004, 'en_adx': False, 'adx_n': 98, 'adx_threshold': 27, 'en_structure_trend': False, 'structure_trend_swing_l': 4, 'en_order_block': False, 'order_block_swing_l': 18, 'en_fvg': True, 'fvg_lookback': 14, 'en_ifvg': False, 'en_breaker': False, 'breaker_swing_l': 20, 'en_cisd': False, 'k': 4, 'en_cap_bars': True, 'cap_1min': 693}.
[I 2026-07-13 13:35:24,639] Trial 211 pruned. 
[I 2026-07-13 13:35:24,994] Trial 212 pruned. 
[I 2026-07-13 13:35:26,812] Trial 213 pruned. 
[I 2026-07-13 13:35:29,225] Trial 214 pruned. 
[I 2026-07-13 13:35:29,934] Trial 215 pruned. 
[I 2026-07-13 13:35:30,535] Trial 216 pruned. 
[I 2026-07-13 13:35:31,121] Trial 217 pruned. 
[I 2026-07-13 13:35:35,324] Trial 218 pruned. 
[I 2026-07-13 13:35:36,471] Trial 219 pruned. 
[I 2026-07-13 13:35:36,905] Trial 220 pruned. 
[I 2026-07-13 13:35:38,088] Trial 221 pruned. 
[I 2026-07-13 13:35:40,661] Trial 222 pruned. 
[I 2026-07-13 13:35:41,572] Trial 223 pruned. 
[I 2026-07-13 13:35:42,049] Trial 224 pruned. 
[I 2026-07-13 13:35:44,760] Trial 225 pruned. 
[I 2026-07-13 13:35:45,212] Trial 226 pruned. 
[I 2026-07-13 13:35:46,920] Trial 227 pruned. 
[I 2026-07-13 13:35:48,311] Trial 228 pruned. 
[I 2026-07-13 13:35:49,839] Trial 229 pruned. 
[I 2026-07-13 13:35:50,647] Trial 230 pruned. 
[I 2026-07-13 13:35:51,961] Trial 231 pruned. 
[I 2026-07-13 13:35:53,119] Trial 232 pruned. 
[I 2026-07-13 13:35:54,216] Trial 233 pruned. 
[I 2026-07-13 13:35:54,720] Trial 234 pruned. 
[I 2026-07-13 13:35:55,816] Trial 235 pruned. 
[I 2026-07-13 13:35:56,625] Trial 236 pruned. 
[I 2026-07-13 13:35:57,863] Trial 237 pruned. 
[I 2026-07-13 13:35:59,061] Trial 238 pruned. 
[I 2026-07-13 13:36:00,693] Trial 239 pruned. 
[I 2026-07-13 13:36:00,808] Trial 240 pruned. 
[I 2026-07-13 13:36:03,012] Trial 241 pruned. 
[I 2026-07-13 13:36:04,277] Trial 242 pruned. 
[I 2026-07-13 13:36:05,075] Trial 243 pruned. 
[I 2026-07-13 13:36:07,026] Trial 244 pruned. 
[I 2026-07-13 13:36:07,674] Trial 245 pruned. 
[I 2026-07-13 13:36:10,415] Trial 246 pruned. 
[I 2026-07-13 13:36:12,215] Trial 247 pruned. 
[I 2026-07-13 13:36:12,999] Trial 248 pruned. 
[I 2026-07-13 13:36:14,021] Trial 249 pruned. 
[I 2026-07-13 13:36:16,189] Trial 250 pruned. 
[I 2026-07-13 13:36:18,226] Trial 251 pruned. 
[I 2026-07-13 13:36:18,640] Trial 252 pruned. 
[I 2026-07-13 13:36:19,159] Trial 253 pruned. 
[I 2026-07-13 13:36:20,131] Trial 254 pruned. 
[I 2026-07-13 13:36:20,896] Trial 255 pruned. 
[I 2026-07-13 13:36:21,320] Trial 256 pruned. 
[I 2026-07-13 13:36:22,315] Trial 257 pruned. 
[I 2026-07-13 13:36:26,656] Trial 258 pruned. 
[I 2026-07-13 13:36:26,994] Trial 259 pruned. 
[I 2026-07-13 13:36:27,790] Trial 260 pruned. 
[I 2026-07-13 13:36:30,075] Trial 261 pruned. 
[I 2026-07-13 13:36:31,482] Trial 262 pruned. 
[I 2026-07-13 13:36:33,070] Trial 263 pruned. 
[I 2026-07-13 13:36:33,567] Trial 264 pruned. 
[I 2026-07-13 13:36:34,561] Trial 265 pruned. 
[I 2026-07-13 13:36:34,921] Trial 266 pruned. 
[I 2026-07-13 13:36:36,332] Trial 267 pruned. 
[I 2026-07-13 13:36:38,372] Trial 268 pruned. 
[I 2026-07-13 13:36:39,917] Trial 269 pruned. 
[I 2026-07-13 13:36:42,098] Trial 270 finished with values: [1301.6617996566106, -9764.10737742519, 61.25] and parameters: {'sl_soft': 0.1790260279200085, 'sl_hard_delta': 0.00876098418566521, 'tp': 0.18097325261219258, 'gate_pct': 94.70821660915905, 'dd_limit': 9.049701546507107, 'cooldown': 0, 'flip': False, 'en_ema_trend': True, 'ema_trend_fast': 99, 'ema_trend_slow': 64, 'en_sma_trend': False, 'sma_trend_fast': 345, 'sma_trend_slow': 290, 'en_macd': False, 'macd_fast': 56, 'macd_slow': 200, 'macd_signal': 82, 'en_vwap': True, 'en_keltner': False, 'keltner_n': 93, 'keltner_m': 3.3000000000000003, 'en_obv': False, 'obv_slope': 162, 'en_cci': True, 'cci_n': 51, 'cci_threshold': 155, 'en_rsi': False, 'rsi_n': 5, 'rsi_lower': 32, 'rsi_upper': 89, 'en_stochastic': False, 'stochastic_n': 50, 'stochastic_d': 11, 'stochastic_lower': 2, 'stochastic_upper': 93, 'en_mfi': False, 'mfi_n': 43, 'mfi_lower': 19, 'mfi_upper': 67, 'en_bollinger': False, 'bollinger_n': 155, 'bollinger_k': 0.5, 'en_adx': False, 'adx_n': 7, 'adx_threshold': 57, 'en_structure_trend': False, 'structure_trend_swing_l': 1, 'en_order_block': True, 'order_block_swing_l': 1, 'en_fvg': True, 'fvg_lookback': 26, 'en_ifvg': True, 'en_breaker': True, 'breaker_swing_l': 1, 'en_cisd': False, 'k': 4, 'en_cap_bars': True, 'cap_1min': 655}.
[I 2026-07-13 13:36:42,928] Trial 271 pruned. 
[I 2026-07-13 13:36:47,196] Trial 272 pruned. 
[I 2026-07-13 13:36:48,373] Trial 273 pruned. 
[I 2026-07-13 13:36:49,998] Trial 274 pruned. 
[I 2026-07-13 13:36:51,127] Trial 275 pruned. 
[I 2026-07-13 13:36:52,937] Trial 276 pruned. 
[I 2026-07-13 13:36:54,190] Trial 277 pruned. 
[I 2026-07-13 13:36:55,145] Trial 278 pruned. 
[I 2026-07-13 13:36:55,980] Trial 279 pruned. 
[I 2026-07-13 13:36:56,120] Trial 280 pruned. 
[I 2026-07-13 13:36:57,062] Trial 281 pruned. 
[I 2026-07-13 13:36:58,037] Trial 282 pruned. 
[I 2026-07-13 13:36:59,557] Trial 283 pruned. 
[I 2026-07-13 13:37:00,772] Trial 284 pruned. 
[I 2026-07-13 13:37:01,991] Trial 285 pruned. 
[I 2026-07-13 13:37:03,569] Trial 286 pruned. 
[I 2026-07-13 13:37:05,143] Trial 287 pruned. 
