[I 2026-07-13 15:37:41,893] Trial 1570 finished with values: [-277.30247888831275, -849.8810621436803, 47.8] and parameters: {'sl_soft': 0.012820739421266155, 'sl_hard_delta': 0.02484677677105232, 'tp': 0.021680684266425956, 'gate_pct': 99.95605949198794, 'dd_limit': 1.4726436036009025, 'cooldown': 13, 'flip': True, 'en_ema_trend': False, 'ema_trend_fast': 27, 'ema_trend_slow': 14, 'en_sma_trend': False, 'sma_trend_fast': 392, 'sma_trend_slow': 319, 'en_macd': True, 'macd_fast': 91, 'macd_slow': 42, 'macd_signal': 26, 'en_vwap': True, 'en_keltner': False, 'keltner_n': 139, 'keltner_m': 2.5, 'en_obv': True, 'obv_slope': 14, 'en_cci': True, 'cci_n': 106, 'cci_threshold': 155, 'en_rsi': False, 'rsi_n': 81, 'rsi_lower': 13, 'rsi_upper': 95, 'en_stochastic': False, 'stochastic_n': 88, 'stochastic_d': 46, 'stochastic_lower': 7, 'stochastic_upper': 61, 'en_mfi': False, 'mfi_n': 93, 'mfi_lower': 30, 'mfi_upper': 96, 'en_bollinger': False, 'bollinger_n': 44, 'bollinger_k': 3.7, 'en_adx': False, 'adx_n': 16, 'adx_threshold': 12, 'en_structure_trend': False, 'structure_trend_swing_l': 6, 'en_order_block': True, 'order_block_swing_l': 3, 'en_fvg': False, 'fvg_lookback': 9, 'en_ifvg': False, 'en_breaker': True, 'breaker_swing_l': 16, 'en_cisd': False, 'k': 4, 'en_cap_bars': False, 'cap_1min': 368}.
[I 2026-07-13 15:37:46,981] Trial 1571 finished with values: [392.4725249951955, -834.6041619176958, 32.55] and parameters: {'sl_soft': 0.014509835179219626, 'sl_hard_delta': 0.0021822480591295163, 'tp': 0.04310350832060598, 'gate_pct': 91.49650994027499, 'dd_limit': 0.7899894121384478, 'cooldown': 7, 'flip': True, 'en_ema_trend': True, 'ema_trend_fast': 270, 'ema_trend_slow': 362, 'en_sma_trend': True, 'sma_trend_fast': 187, 'sma_trend_slow': 50, 'en_macd': False, 'macd_fast': 82, 'macd_slow': 127, 'macd_signal': 83, 'en_vwap': True, 'en_keltner': True, 'keltner_n': 59, 'keltner_m': 4.8, 'en_obv': False, 'obv_slope': 82, 'en_cci': False, 'cci_n': 118, 'cci_threshold': 75, 'en_rsi': False, 'rsi_n': 75, 'rsi_lower': 16, 'rsi_upper': 89, 'en_stochastic': True, 'stochastic_n': 17, 'stochastic_d': 16, 'stochastic_lower': 20, 'stochastic_upper': 91, 'en_mfi': False, 'mfi_n': 65, 'mfi_lower': 46, 'mfi_upper': 58, 'en_bollinger': False, 'bollinger_n': 54, 'bollinger_k': 2.3, 'en_adx': False, 'adx_n': 41, 'adx_threshold': 40, 'en_structure_trend': True, 'structure_trend_swing_l': 9, 'en_order_block': True, 'order_block_swing_l': 10, 'en_fvg': False, 'fvg_lookback': 23, 'en_ifvg': False, 'en_breaker': True, 'breaker_swing_l': 3, 'en_cisd': True, 'k': 2, 'en_cap_bars': True, 'cap_1min': 61}.
[I 2026-07-13 15:37:47,667] Trial 1572 pruned. 
[I 2026-07-13 15:37:48,021] Trial 1573 pruned. 
[I 2026-07-13 15:37:50,048] Trial 1574 pruned. 
[I 2026-07-13 15:37:51,652] Trial 1575 finished with values: [-491.3952141716038, -1598.8882745796213, 41.4] and parameters: {'sl_soft': 0.014509835179219626, 'sl_hard_delta': 0.0021822480591295163, 'tp': 0.01219055325535965, 'gate_pct': 99.16215050807807, 'dd_limit': 7.499780143767761, 'cooldown': 15, 'flip': False, 'en_ema_trend': True, 'ema_trend_fast': 107, 'ema_trend_slow': 362, 'en_sma_trend': True, 'sma_trend_fast': 268, 'sma_trend_slow': 29, 'en_macd': False, 'macd_fast': 41, 'macd_slow': 127, 'macd_signal': 70, 'en_vwap': True, 'en_keltner': True, 'keltner_n': 59, 'keltner_m': 1.5, 'en_obv': False, 'obv_slope': 82, 'en_cci': False, 'cci_n': 118, 'cci_threshold': 250, 'en_rsi': True, 'rsi_n': 75, 'rsi_lower': 43, 'rsi_upper': 65, 'en_stochastic': False, 'stochastic_n': 17, 'stochastic_d': 7, 'stochastic_lower': 27, 'stochastic_upper': 91, 'en_mfi': False, 'mfi_n': 6, 'mfi_lower': 46, 'mfi_upper': 51, 'en_bollinger': False, 'bollinger_n': 54, 'bollinger_k': 2.3, 'en_adx': False, 'adx_n': 41, 'adx_threshold': 43, 'en_structure_trend': True, 'structure_trend_swing_l': 9, 'en_order_block': True, 'order_block_swing_l': 7, 'en_fvg': False, 'fvg_lookback': 9, 'en_ifvg': False, 'en_breaker': True, 'breaker_swing_l': 3, 'en_cisd': False, 'k': 4, 'en_cap_bars': False, 'cap_1min': 61}.
[I 2026-07-13 15:37:52,095] Trial 1576 pruned. 
[I 2026-07-13 15:37:52,906] Trial 1577 pruned. 
[I 2026-07-13 15:38:00,167] Trial 1578 finished with values: [-95.01513860287858, -547.6561243042966, 51.150000000000006] and parameters: {'sl_soft': 0.023138233233501303, 'sl_hard_delta': 0.0021822480591295163, 'tp': 0.023258156370033756, 'gate_pct': 99.52194572971088, 'dd_limit': 8.990165933787594, 'cooldown': 15, 'flip': True, 'en_ema_trend': False, 'ema_trend_fast': 205, 'ema_trend_slow': 362, 'en_sma_trend': True, 'sma_trend_fast': 222, 'sma_trend_slow': 222, 'en_macd': True, 'macd_fast': 82, 'macd_slow': 127, 'macd_signal': 83, 'en_vwap': True, 'en_keltner': False, 'keltner_n': 17, 'keltner_m': 0.5, 'en_obv': False, 'obv_slope': 53, 'en_cci': False, 'cci_n': 32, 'cci_threshold': 250, 'en_rsi': True, 'rsi_n': 68, 'rsi_lower': 43, 'rsi_upper': 89, 'en_stochastic': True, 'stochastic_n': 7, 'stochastic_d': 27, 'stochastic_lower': 37, 'stochastic_upper': 93, 'en_mfi': False, 'mfi_n': 39, 'mfi_lower': 27, 'mfi_upper': 84, 'en_bollinger': False, 'bollinger_n': 16, 'bollinger_k': 2.3, 'en_adx': False, 'adx_n': 41, 'adx_threshold': 40, 'en_structure_trend': False, 'structure_trend_swing_l': 9, 'en_order_block': True, 'order_block_swing_l': 18, 'en_fvg': False, 'fvg_lookback': 23, 'en_ifvg': True, 'en_breaker': True, 'breaker_swing_l': 3, 'en_cisd': True, 'k': 5, 'en_cap_bars': True, 'cap_1min': 1032}.
[I 2026-07-13 15:38:07,683] Trial 1579 finished with values: [-74.53955505948073, -642.9340762645097, 62.5] and parameters: {'sl_soft': 0.02102744692810867, 'sl_hard_delta': 0.02183482482285977, 'tp': 0.02345922914622859, 'gate_pct': 95.031393846183, 'dd_limit': 2.6546638252533143, 'cooldown': 9, 'flip': False, 'en_ema_trend': True, 'ema_trend_fast': 390, 'ema_trend_slow': 362, 'en_sma_trend': True, 'sma_trend_fast': 22, 'sma_trend_slow': 100, 'en_macd': False, 'macd_fast': 82, 'macd_slow': 168, 'macd_signal': 83, 'en_vwap': True, 'en_keltner': False, 'keltner_n': 59, 'keltner_m': 4.8, 'en_obv': False, 'obv_slope': 85, 'en_cci': True, 'cci_n': 118, 'cci_threshold': 135, 'en_rsi': False, 'rsi_n': 92, 'rsi_lower': 16, 'rsi_upper': 89, 'en_stochastic': True, 'stochastic_n': 79, 'stochastic_d': 16, 'stochastic_lower': 24, 'stochastic_upper': 79, 'en_mfi': True, 'mfi_n': 65, 'mfi_lower': 29, 'mfi_upper': 83, 'en_bollinger': True, 'bollinger_n': 54, 'bollinger_k': 2.3, 'en_adx': False, 'adx_n': 13, 'adx_threshold': 40, 'en_structure_trend': True, 'structure_trend_swing_l': 5, 'en_order_block': True, 'order_block_swing_l': 1, 'en_fvg': False, 'fvg_lookback': 23, 'en_ifvg': False, 'en_breaker': True, 'breaker_swing_l': 17, 'en_cisd': True, 'k': 2, 'en_cap_bars': True, 'cap_1min': 61}.
[I 2026-07-13 15:38:09,307] Trial 1580 finished with values: [-571.0059643649856, -2472.7478842930136, 54.3] and parameters: {'sl_soft': 0.012509702096079985, 'sl_hard_delta': 0.025651948465618055, 'tp': 0.015844540937381565, 'gate_pct': 91.95603456271488, 'dd_limit': 0.7899894121384478, 'cooldown': 6, 'flip': False, 'en_ema_trend': True, 'ema_trend_fast': 91, 'ema_trend_slow': 176, 'en_sma_trend': False, 'sma_trend_fast': 105, 'sma_trend_slow': 242, 'en_macd': False, 'macd_fast': 23, 'macd_slow': 164, 'macd_signal': 24, 'en_vwap': False, 'en_keltner': False, 'keltner_n': 67, 'keltner_m': 4.0, 'en_obv': True, 'obv_slope': 158, 'en_cci': False, 'cci_n': 128, 'cci_threshold': 65, 'en_rsi': False, 'rsi_n': 57, 'rsi_lower': 11, 'rsi_upper': 68, 'en_stochastic': True, 'stochastic_n': 26, 'stochastic_d': 21, 'stochastic_lower': 15, 'stochastic_upper': 72, 'en_mfi': False, 'mfi_n': 42, 'mfi_lower': 13, 'mfi_upper': 99, 'en_bollinger': True, 'bollinger_n': 15, 'bollinger_k': 2.7, 'en_adx': False, 'adx_n': 70, 'adx_threshold': 20, 'en_structure_trend': False, 'structure_trend_swing_l': 11, 'en_order_block': True, 'order_block_swing_l': 16, 'en_fvg': False, 'fvg_lookback': 38, 'en_ifvg': False, 'en_breaker': True, 'breaker_swing_l': 8, 'en_cisd': False, 'k': 2, 'en_cap_bars': True, 'cap_1min': 1013}.
[I 2026-07-13 15:38:10,025] Trial 1581 finished with values: [-622.7289449676298, -1829.7913310777137, 51.55] and parameters: {'sl_soft': 0.01239372502010468, 'sl_hard_delta': 0.032283188215272624, 'tp': 0.023258156370033756, 'gate_pct': 99.52194572971088, 'dd_limit': 3.8524500851165895, 'cooldown': 20, 'flip': True, 'en_ema_trend': True, 'ema_trend_fast': 323, 'ema_trend_slow': 136, 'en_sma_trend': True, 'sma_trend_fast': 222, 'sma_trend_slow': 16, 'en_macd': False, 'macd_fast': 64, 'macd_slow': 11, 'macd_signal': 18, 'en_vwap': True, 'en_keltner': False, 'keltner_n': 56, 'keltner_m': 0.5, 'en_obv': True, 'obv_slope': 72, 'en_cci': False, 'cci_n': 7, 'cci_threshold': 145, 'en_rsi': False, 'rsi_n': 91, 'rsi_lower': 36, 'rsi_upper': 89, 'en_stochastic': False, 'stochastic_n': 55, 'stochastic_d': 2, 'stochastic_lower': 1, 'stochastic_upper': 89, 'en_mfi': False, 'mfi_n': 84, 'mfi_lower': 35, 'mfi_upper': 57, 'en_bollinger': False, 'bollinger_n': 139, 'bollinger_k': 1.4, 'en_adx': False, 'adx_n': 32, 'adx_threshold': 49, 'en_structure_trend': True, 'structure_trend_swing_l': 3, 'en_order_block': False, 'order_block_swing_l': 4, 'en_fvg': False, 'fvg_lookback': 32, 'en_ifvg': True, 'en_breaker': True, 'breaker_swing_l': 15, 'en_cisd': False, 'k': 1, 'en_cap_bars': True, 'cap_1min': 753}.
[I 2026-07-13 15:38:13,071] Trial 1582 finished with values: [367.64296903148954, -737.4107434786126, 31.2] and parameters: {'sl_soft': 0.014509835179219626, 'sl_hard_delta': 0.0021822480591295163, 'tp': 0.04310350832060598, 'gate_pct': 99.95605949198794, 'dd_limit': 0.7899894121384478, 'cooldown': 20, 'flip': True, 'en_ema_trend': False, 'ema_trend_fast': 107, 'ema_trend_slow': 14, 'en_sma_trend': True, 'sma_trend_fast': 392, 'sma_trend_slow': 319, 'en_macd': True, 'macd_fast': 91, 'macd_slow': 127, 'macd_signal': 26, 'en_vwap': True, 'en_keltner': True, 'keltner_n': 139, 'keltner_m': 2.5, 'en_obv': True, 'obv_slope': 14, 'en_cci': True, 'cci_n': 118, 'cci_threshold': 155, 'en_rsi': False, 'rsi_n': 75, 'rsi_lower': 43, 'rsi_upper': 89, 'en_stochastic': False, 'stochastic_n': 17, 'stochastic_d': 27, 'stochastic_lower': 20, 'stochastic_upper': 91, 'en_mfi': False, 'mfi_n': 93, 'mfi_lower': 46, 'mfi_upper': 58, 'en_bollinger': False, 'bollinger_n': 54, 'bollinger_k': 3.7, 'en_adx': False, 'adx_n': 41, 'adx_threshold': 12, 'en_structure_trend': True, 'structure_trend_swing_l': 6, 'en_order_block': True, 'order_block_swing_l': 3, 'en_fvg': False, 'fvg_lookback': 40, 'en_ifvg': False, 'en_breaker': True, 'breaker_swing_l': 3, 'en_cisd': False, 'k': 2, 'en_cap_bars': True, 'cap_1min': 368}.
[I 2026-07-13 15:38:18,656] Trial 1583 finished with values: [-284.27368634401876, -497.2890558903487, 26.8] and parameters: {'sl_soft': 0.017046875320780322, 'sl_hard_delta': 0.0048086454618810155, 'tp': 0.031675313517909046, 'gate_pct': 99.43003533124055, 'dd_limit': 7.499780143767761, 'cooldown': 8, 'flip': True, 'en_ema_trend': True, 'ema_trend_fast': 383, 'ema_trend_slow': 334, 'en_sma_trend': False, 'sma_trend_fast': 396, 'sma_trend_slow': 29, 'en_macd': False, 'macd_fast': 62, 'macd_slow': 167, 'macd_signal': 53, 'en_vwap': False, 'en_keltner': False, 'keltner_n': 136, 'keltner_m': 0.9, 'en_obv': True, 'obv_slope': 177, 'en_cci': True, 'cci_n': 128, 'cci_threshold': 45, 'en_rsi': False, 'rsi_n': 6, 'rsi_lower': 34, 'rsi_upper': 55, 'en_stochastic': True, 'stochastic_n': 66, 'stochastic_d': 15, 'stochastic_lower': 40, 'stochastic_upper': 72, 'en_mfi': True, 'mfi_n': 45, 'mfi_lower': 13, 'mfi_upper': 73, 'en_bollinger': True, 'bollinger_n': 127, 'bollinger_k': 2.7, 'en_adx': False, 'adx_n': 35, 'adx_threshold': 5, 'en_structure_trend': False, 'structure_trend_swing_l': 1, 'en_order_block': False, 'order_block_swing_l': 12, 'en_fvg': False, 'fvg_lookback': 40, 'en_ifvg': False, 'en_breaker': True, 'breaker_swing_l': 6, 'en_cisd': False, 'k': 4, 'en_cap_bars': False, 'cap_1min': 995}.
[I 2026-07-13 15:38:21,079] Trial 1584 pruned. 
[I 2026-07-13 15:38:21,773] Trial 1585 pruned. 
[I 2026-07-13 15:38:23,221] Trial 1586 finished with values: [-402.8988321806537, -2270.9900209255084, 48.9] and parameters: {'sl_soft': 0.02075319889461138, 'sl_hard_delta': 0.00793963460816193, 'tp': 0.01870337876170232, 'gate_pct': 88.44397898231887, 'dd_limit': 0.5820363533127576, 'cooldown': 5, 'flip': False, 'en_ema_trend': True, 'ema_trend_fast': 339, 'ema_trend_slow': 367, 'en_sma_trend': False, 'sma_trend_fast': 210, 'sma_trend_slow': 12, 'en_macd': False, 'macd_fast': 60, 'macd_slow': 150, 'macd_signal': 57, 'en_vwap': False, 'en_keltner': True, 'keltner_n': 61, 'keltner_m': 1.3, 'en_obv': True, 'obv_slope': 36, 'en_cci': True, 'cci_n': 135, 'cci_threshold': 25, 'en_rsi': True, 'rsi_n': 27, 'rsi_lower': 20, 'rsi_upper': 94, 'en_stochastic': False, 'stochastic_n': 75, 'stochastic_d': 35, 'stochastic_lower': 33, 'stochastic_upper': 74, 'en_mfi': True, 'mfi_n': 87, 'mfi_lower': 1, 'mfi_upper': 80, 'en_bollinger': True, 'bollinger_n': 176, 'bollinger_k': 3.8000000000000003, 'en_adx': False, 'adx_n': 40, 'adx_threshold': 7, 'en_structure_trend': True, 'structure_trend_swing_l': 5, 'en_order_block': False, 'order_block_swing_l': 12, 'en_fvg': False, 'fvg_lookback': 4, 'en_ifvg': True, 'en_breaker': True, 'breaker_swing_l': 18, 'en_cisd': True, 'k': 2, 'en_cap_bars': False, 'cap_1min': 963}.
[I 2026-07-13 15:38:28,024] Trial 1587 finished with values: [-147.95409715874897, -1514.5050150508155, 47.2] and parameters: {'sl_soft': 0.012449898143873723, 'sl_hard_delta': 0.00793963460816193, 'tp': 0.018803392344604333, 'gate_pct': 98.93711402329589, 'dd_limit': 9.066216783758431, 'cooldown': 15, 'flip': True, 'en_ema_trend': True, 'ema_trend_fast': 339, 'ema_trend_slow': 218, 'en_sma_trend': False, 'sma_trend_fast': 331, 'sma_trend_slow': 12, 'en_macd': True, 'macd_fast': 60, 'macd_slow': 88, 'macd_signal': 57, 'en_vwap': False, 'en_keltner': True, 'keltner_n': 61, 'keltner_m': 5.0, 'en_obv': True, 'obv_slope': 36, 'en_cci': True, 'cci_n': 135, 'cci_threshold': 135, 'en_rsi': True, 'rsi_n': 34, 'rsi_lower': 12, 'rsi_upper': 77, 'en_stochastic': False, 'stochastic_n': 75, 'stochastic_d': 35, 'stochastic_lower': 17, 'stochastic_upper': 91, 'en_mfi': False, 'mfi_n': 87, 'mfi_lower': 1, 'mfi_upper': 80, 'en_bollinger': True, 'bollinger_n': 56, 'bollinger_k': 3.8000000000000003, 'en_adx': False, 'adx_n': 35, 'adx_threshold': 50, 'en_structure_trend': True, 'structure_trend_swing_l': 13, 'en_order_block': True, 'order_block_swing_l': 18, 'en_fvg': True, 'fvg_lookback': 39, 'en_ifvg': False, 'en_breaker': True, 'breaker_swing_l': 11, 'en_cisd': True, 'k': 3, 'en_cap_bars': False, 'cap_1min': 1109}.
[I 2026-07-13 15:38:35,140] Trial 1588 finished with values: [-402.0749609946073, -814.0672085620082, 49.099999999999994] and parameters: {'sl_soft': 0.012449898143873723, 'sl_hard_delta': 0.00793963460816193, 'tp': 0.015284923526676798, 'gate_pct': 82.44068600536416, 'dd_limit': 3.6765110954600555, 'cooldown': 5, 'flip': False, 'en_ema_trend': True, 'ema_trend_fast': 57, 'ema_trend_slow': 91, 'en_sma_trend': False, 'sma_trend_fast': 167, 'sma_trend_slow': 242, 'en_macd': False, 'macd_fast': 48, 'macd_slow': 96, 'macd_signal': 57, 'en_vwap': False, 'en_keltner': True, 'keltner_n': 70, 'keltner_m': 1.3, 'en_obv': False, 'obv_slope': 158, 'en_cci': True, 'cci_n': 135, 'cci_threshold': 230, 'en_rsi': True, 'rsi_n': 59, 'rsi_lower': 20, 'rsi_upper': 94, 'en_stochastic': False, 'stochastic_n': 71, 'stochastic_d': 47, 'stochastic_lower': 33, 'stochastic_upper': 74, 'en_mfi': True, 'mfi_n': 66, 'mfi_lower': 22, 'mfi_upper': 80, 'en_bollinger': True, 'bollinger_n': 85, 'bollinger_k': 3.8000000000000003, 'en_adx': True, 'adx_n': 26, 'adx_threshold': 7, 'en_structure_trend': False, 'structure_trend_swing_l': 12, 'en_order_block': True, 'order_block_swing_l': 9, 'en_fvg': True, 'fvg_lookback': 38, 'en_ifvg': False, 'en_breaker': True, 'breaker_swing_l': 18, 'en_cisd': False, 'k': 2, 'en_cap_bars': False, 'cap_1min': 1109}.
[I 2026-07-13 15:38:36,971] Trial 1589 finished with values: [1546.0090406381964, -2076.1510322092395, 54.55] and parameters: {'sl_soft': 0.023138233233501303, 'sl_hard_delta': 0.0027263521951513352, 'tp': 0.03784160265645054, 'gate_pct': 95.95343074681206, 'dd_limit': 6.998800575439505, 'cooldown': 7, 'flip': True, 'en_ema_trend': False, 'ema_trend_fast': 205, 'ema_trend_slow': 187, 'en_sma_trend': True, 'sma_trend_fast': 391, 'sma_trend_slow': 19, 'en_macd': True, 'macd_fast': 82, 'macd_slow': 127, 'macd_signal': 23, 'en_vwap': False, 'en_keltner': False, 'keltner_n': 17, 'keltner_m': 4.8, 'en_obv': False, 'obv_slope': 192, 'en_cci': True, 'cci_n': 32, 'cci_threshold': 250, 'en_rsi': False, 'rsi_n': 42, 'rsi_lower': 18, 'rsi_upper': 68, 'en_stochastic': False, 'stochastic_n': 7, 'stochastic_d': 27, 'stochastic_lower': 9, 'stochastic_upper': 51, 'en_mfi': False, 'mfi_n': 39, 'mfi_lower': 32, 'mfi_upper': 84, 'en_bollinger': False, 'bollinger_n': 112, 'bollinger_k': 2.2, 'en_adx': False, 'adx_n': 85, 'adx_threshold': 40, 'en_structure_trend': False, 'structure_trend_swing_l': 20, 'en_order_block': True, 'order_block_swing_l': 18, 'en_fvg': True, 'fvg_lookback': 40, 'en_ifvg': True, 'en_breaker': False, 'breaker_swing_l': 11, 'en_cisd': False, 'k': 2, 'en_cap_bars': True, 'cap_1min': 1032}.
[I 2026-07-13 15:38:37,549] Trial 1590 pruned. 
[I 2026-07-13 15:38:38,386] Trial 1591 pruned. 
[I 2026-07-13 15:38:39,294] Trial 1592 pruned. 
[I 2026-07-13 15:38:40,397] Trial 1593 pruned. 
[I 2026-07-13 15:38:42,113] Trial 1594 finished with values: [1126.8636045657665, -3772.333274127245, 46.150000000000006] and parameters: {'sl_soft': 0.015396926007329708, 'sl_hard_delta': 0.022726861108552536, 'tp': 0.044694053584836385, 'gate_pct': 82.44068600536416, 'dd_limit': 3.6765110954600555, 'cooldown': 0, 'flip': True, 'en_ema_trend': True, 'ema_trend_fast': 33, 'ema_trend_slow': 109, 'en_sma_trend': False, 'sma_trend_fast': 125, 'sma_trend_slow': 19, 'en_macd': False, 'macd_fast': 68, 'macd_slow': 191, 'macd_signal': 23, 'en_vwap': True, 'en_keltner': False, 'keltner_n': 87, 'keltner_m': 5.0, 'en_obv': True, 'obv_slope': 58, 'en_cci': False, 'cci_n': 108, 'cci_threshold': 230, 'en_rsi': False, 'rsi_n': 34, 'rsi_lower': 18, 'rsi_upper': 58, 'en_stochastic': False, 'stochastic_n': 13, 'stochastic_d': 33, 'stochastic_lower': 17, 'stochastic_upper': 51, 'en_mfi': False, 'mfi_n': 66, 'mfi_lower': 13, 'mfi_upper': 99, 'en_bollinger': True, 'bollinger_n': 173, 'bollinger_k': 4.2, 'en_adx': False, 'adx_n': 3, 'adx_threshold': 26, 'en_structure_trend': False, 'structure_trend_swing_l': 5, 'en_order_block': False, 'order_block_swing_l': 18, 'en_fvg': False, 'fvg_lookback': 19, 'en_ifvg': True, 'en_breaker': True, 'breaker_swing_l': 18, 'en_cisd': True, 'k': 3, 'en_cap_bars': False, 'cap_1min': 963}.
[I 2026-07-13 15:38:42,527] Trial 1595 pruned. 
[I 2026-07-13 15:38:43,103] Trial 1596 finished with values: [-444.2593494919578, -1323.7352655725942, 57.8] and parameters: {'sl_soft': 0.026342400384516372, 'sl_hard_delta': 0.012956297024244669, 'tp': 0.018803392344604333, 'gate_pct': 98.93711402329589, 'dd_limit': 9.066216783758431, 'cooldown': 15, 'flip': True, 'en_ema_trend': True, 'ema_trend_fast': 351, 'ema_trend_slow': 367, 'en_sma_trend': False, 'sma_trend_fast': 372, 'sma_trend_slow': 12, 'en_macd': True, 'macd_fast': 60, 'macd_slow': 18, 'macd_signal': 40, 'en_vwap': False, 'en_keltner': False, 'keltner_n': 61, 'keltner_m': 5.0, 'en_obv': True, 'obv_slope': 191, 'en_cci': False, 'cci_n': 10, 'cci_threshold': 25, 'en_rsi': False, 'rsi_n': 34, 'rsi_lower': 12, 'rsi_upper': 77, 'en_stochastic': False, 'stochastic_n': 97, 'stochastic_d': 39, 'stochastic_lower': 17, 'stochastic_upper': 91, 'en_mfi': True, 'mfi_n': 77, 'mfi_lower': 8, 'mfi_upper': 76, 'en_bollinger': True, 'bollinger_n': 56, 'bollinger_k': 3.1, 'en_adx': False, 'adx_n': 36, 'adx_threshold': 50, 'en_structure_trend': True, 'structure_trend_swing_l': 13, 'en_order_block': True, 'order_block_swing_l': 12, 'en_fvg': False, 'fvg_lookback': 40, 'en_ifvg': True, 'en_breaker': True, 'breaker_swing_l': 9, 'en_cisd': True, 'k': 2, 'en_cap_bars': False, 'cap_1min': 963}.
[I 2026-07-13 15:38:43,847] Trial 1597 pruned. 
[I 2026-07-13 15:38:51,200] Trial 1598 finished with values: [85.051251775905, -1104.021258150212, 48.75] and parameters: {'sl_soft': 0.023138233233501303, 'sl_hard_delta': 0.0027263521951513352, 'tp': 0.03784160265645054, 'gate_pct': 97.17867644536658, 'dd_limit': 2.802293197200579, 'cooldown': 15, 'flip': False, 'en_ema_trend': True, 'ema_trend_fast': 102, 'ema_trend_slow': 298, 'en_sma_trend': True, 'sma_trend_fast': 89, 'sma_trend_slow': 100, 'en_macd': False, 'macd_fast': 64, 'macd_slow': 127, 'macd_signal': 83, 'en_vwap': False, 'en_keltner': False, 'keltner_n': 52, 'keltner_m': 4.8, 'en_obv': True, 'obv_slope': 85, 'en_cci': False, 'cci_n': 77, 'cci_threshold': 75, 'en_rsi': False, 'rsi_n': 68, 'rsi_lower': 16, 'rsi_upper': 58, 'en_stochastic': True, 'stochastic_n': 63, 'stochastic_d': 32, 'stochastic_lower': 9, 'stochastic_upper': 89, 'en_mfi': True, 'mfi_n': 39, 'mfi_lower': 27, 'mfi_upper': 84, 'en_bollinger': False, 'bollinger_n': 14, 'bollinger_k': 2.2, 'en_adx': False, 'adx_n': 41, 'adx_threshold': 40, 'en_structure_trend': True, 'structure_trend_swing_l': 20, 'en_order_block': False, 'order_block_swing_l': 4, 'en_fvg': False, 'fvg_lookback': 23, 'en_ifvg': True, 'en_breaker': False, 'breaker_swing_l': 17, 'en_cisd': True, 'k': 1, 'en_cap_bars': True, 'cap_1min': 753}.
