[I 2026-07-13 15:34:24,895] Trial 1496 finished with values: [16.42160184367441, -2655.919761110539, 50.35] and parameters: {'sl_soft': 0.015396926007329708, 'sl_hard_delta': 0.01974966680532401, 'tp': 0.03279738638812957, 'gate_pct': 88.44397898231887, 'dd_limit': 7.950087265986371, 'cooldown': 5, 'flip': True, 'en_ema_trend': True, 'ema_trend_fast': 339, 'ema_trend_slow': 348, 'en_sma_trend': True, 'sma_trend_fast': 210, 'sma_trend_slow': 338, 'en_macd': False, 'macd_fast': 29, 'macd_slow': 150, 'macd_signal': 23, 'en_vwap': False, 'en_keltner': True, 'keltner_n': 87, 'keltner_m': 1.2000000000000002, 'en_obv': False, 'obv_slope': 36, 'en_cci': True, 'cci_n': 135, 'cci_threshold': 135, 'en_rsi': True, 'rsi_n': 27, 'rsi_lower': 18, 'rsi_upper': 74, 'en_stochastic': False, 'stochastic_n': 13, 'stochastic_d': 35, 'stochastic_lower': 16, 'stochastic_upper': 76, 'en_mfi': False, 'mfi_n': 6, 'mfi_lower': 7, 'mfi_upper': 96, 'en_bollinger': True, 'bollinger_n': 112, 'bollinger_k': 3.8000000000000003, 'en_adx': False, 'adx_n': 79, 'adx_threshold': 49, 'en_structure_trend': False, 'structure_trend_swing_l': 5, 'en_order_block': False, 'order_block_swing_l': 9, 'en_fvg': False, 'fvg_lookback': 21, 'en_ifvg': False, 'en_breaker': False, 'breaker_swing_l': 11, 'en_cisd': False, 'k': 2, 'en_cap_bars': False, 'cap_1min': 1109}.
[I 2026-07-13 15:34:27,195] Trial 1497 finished with values: [-356.90612436333424, -2333.9585733677377, 51.65] and parameters: {'sl_soft': 0.02449367366774731, 'sl_hard_delta': 0.012956297024244669, 'tp': 0.018803392344604333, 'gate_pct': 91.49650994027499, 'dd_limit': 8.990165933787594, 'cooldown': 15, 'flip': False, 'en_ema_trend': True, 'ema_trend_fast': 351, 'ema_trend_slow': 362, 'en_sma_trend': False, 'sma_trend_fast': 22, 'sma_trend_slow': 100, 'en_macd': False, 'macd_fast': 60, 'macd_slow': 88, 'macd_signal': 83, 'en_vwap': True, 'en_keltner': False, 'keltner_n': 61, 'keltner_m': 5.0, 'en_obv': True, 'obv_slope': 85, 'en_cci': False, 'cci_n': 118, 'cci_threshold': 25, 'en_rsi': False, 'rsi_n': 79, 'rsi_lower': 16, 'rsi_upper': 77, 'en_stochastic': False, 'stochastic_n': 17, 'stochastic_d': 16, 'stochastic_lower': 37, 'stochastic_upper': 91, 'en_mfi': True, 'mfi_n': 77, 'mfi_lower': 27, 'mfi_upper': 84, 'en_bollinger': False, 'bollinger_n': 56, 'bollinger_k': 2.3, 'en_adx': False, 'adx_n': 35, 'adx_threshold': 40, 'en_structure_trend': True, 'structure_trend_swing_l': 13, 'en_order_block': True, 'order_block_swing_l': 18, 'en_fvg': False, 'fvg_lookback': 47, 'en_ifvg': False, 'en_breaker': True, 'breaker_swing_l': 17, 'en_cisd': True, 'k': 2, 'en_cap_bars': True, 'cap_1min': 963}.
[I 2026-07-13 15:34:28,469] Trial 1498 pruned. 
[I 2026-07-13 15:34:31,483] Trial 1499 finished with values: [-78.27170961427043, -818.1177436880915, 48.45] and parameters: {'sl_soft': 0.012449898143873723, 'sl_hard_delta': 0.003069903022346389, 'tp': 0.01104713204540288, 'gate_pct': 85.18598170405104, 'dd_limit': 0.5820363533127576, 'cooldown': 11, 'flip': False, 'en_ema_trend': True, 'ema_trend_fast': 339, 'ema_trend_slow': 218, 'en_sma_trend': False, 'sma_trend_fast': 265, 'sma_trend_slow': 185, 'en_macd': False, 'macd_fast': 49, 'macd_slow': 150, 'macd_signal': 60, 'en_vwap': True, 'en_keltner': True, 'keltner_n': 70, 'keltner_m': 1.3, 'en_obv': False, 'obv_slope': 68, 'en_cci': True, 'cci_n': 141, 'cci_threshold': 160, 'en_rsi': True, 'rsi_n': 27, 'rsi_lower': 24, 'rsi_upper': 65, 'en_stochastic': False, 'stochastic_n': 86, 'stochastic_d': 35, 'stochastic_lower': 4, 'stochastic_upper': 76, 'en_mfi': True, 'mfi_n': 46, 'mfi_lower': 28, 'mfi_upper': 80, 'en_bollinger': True, 'bollinger_n': 176, 'bollinger_k': 3.8000000000000003, 'en_adx': False, 'adx_n': 26, 'adx_threshold': 49, 'en_structure_trend': True, 'structure_trend_swing_l': 20, 'en_order_block': False, 'order_block_swing_l': 9, 'en_fvg': True, 'fvg_lookback': 41, 'en_ifvg': False, 'en_breaker': False, 'breaker_swing_l': 11, 'en_cisd': False, 'k': 2, 'en_cap_bars': False, 'cap_1min': 898}.
[I 2026-07-13 15:34:35,852] Trial 1500 finished with values: [359.5434656605612, -1092.3831129699668, 29.1] and parameters: {'sl_soft': 0.014509835179219626, 'sl_hard_delta': 0.0021822480591295163, 'tp': 0.04310350832060598, 'gate_pct': 91.49650994027499, 'dd_limit': 0.7899894121384478, 'cooldown': 7, 'flip': True, 'en_ema_trend': True, 'ema_trend_fast': 107, 'ema_trend_slow': 362, 'en_sma_trend': True, 'sma_trend_fast': 187, 'sma_trend_slow': 50, 'en_macd': True, 'macd_fast': 99, 'macd_slow': 127, 'macd_signal': 83, 'en_vwap': True, 'en_keltner': True, 'keltner_n': 59, 'keltner_m': 4.8, 'en_obv': False, 'obv_slope': 82, 'en_cci': False, 'cci_n': 118, 'cci_threshold': 250, 'en_rsi': False, 'rsi_n': 75, 'rsi_lower': 43, 'rsi_upper': 89, 'en_stochastic': False, 'stochastic_n': 17, 'stochastic_d': 27, 'stochastic_lower': 20, 'stochastic_upper': 91, 'en_mfi': False, 'mfi_n': 65, 'mfi_lower': 46, 'mfi_upper': 58, 'en_bollinger': False, 'bollinger_n': 54, 'bollinger_k': 2.3, 'en_adx': False, 'adx_n': 41, 'adx_threshold': 40, 'en_structure_trend': True, 'structure_trend_swing_l': 14, 'en_order_block': True, 'order_block_swing_l': 10, 'en_fvg': False, 'fvg_lookback': 40, 'en_ifvg': False, 'en_breaker': True, 'breaker_swing_l': 3, 'en_cisd': True, 'k': 2, 'en_cap_bars': True, 'cap_1min': 61}.
[I 2026-07-13 15:34:38,484] Trial 1501 finished with values: [404.70397189899643, -1050.3524051187085, 55.95] and parameters: {'sl_soft': 0.02677897443228098, 'sl_hard_delta': 0.01606309735146959, 'tp': 0.04099097483938532, 'gate_pct': 86.0615358098054, 'dd_limit': 0.15273745375618156, 'cooldown': 6, 'flip': False, 'en_ema_trend': False, 'ema_trend_fast': 290, 'ema_trend_slow': 394, 'en_sma_trend': False, 'sma_trend_fast': 135, 'sma_trend_slow': 319, 'en_macd': False, 'macd_fast': 24, 'macd_slow': 167, 'macd_signal': 24, 'en_vwap': False, 'en_keltner': False, 'keltner_n': 105, 'keltner_m': 0.9, 'en_obv': False, 'obv_slope': 177, 'en_cci': True, 'cci_n': 128, 'cci_threshold': 70, 'en_rsi': True, 'rsi_n': 6, 'rsi_lower': 38, 'rsi_upper': 81, 'en_stochastic': False, 'stochastic_n': 86, 'stochastic_d': 14, 'stochastic_lower': 40, 'stochastic_upper': 52, 'en_mfi': True, 'mfi_n': 45, 'mfi_lower': 13, 'mfi_upper': 94, 'en_bollinger': True, 'bollinger_n': 127, 'bollinger_k': 2.7, 'en_adx': False, 'adx_n': 35, 'adx_threshold': 20, 'en_structure_trend': True, 'structure_trend_swing_l': 17, 'en_order_block': False, 'order_block_swing_l': 12, 'en_fvg': False, 'fvg_lookback': 38, 'en_ifvg': False, 'en_breaker': False, 'breaker_swing_l': 5, 'en_cisd': False, 'k': 1, 'en_cap_bars': False, 'cap_1min': 1387}.
[I 2026-07-13 15:34:40,916] Trial 1502 finished with values: [-734.1855292051314, -2459.025090435316, 44.55] and parameters: {'sl_soft': 0.012449898143873723, 'sl_hard_delta': 0.00793963460816193, 'tp': 0.01104713204540288, 'gate_pct': 95.95343074681206, 'dd_limit': 0.7899894121384478, 'cooldown': 7, 'flip': True, 'en_ema_trend': True, 'ema_trend_fast': 205, 'ema_trend_slow': 218, 'en_sma_trend': False, 'sma_trend_fast': 210, 'sma_trend_slow': 50, 'en_macd': True, 'macd_fast': 60, 'macd_slow': 85, 'macd_signal': 83, 'en_vwap': True, 'en_keltner': True, 'keltner_n': 70, 'keltner_m': 1.3, 'en_obv': False, 'obv_slope': 36, 'en_cci': True, 'cci_n': 32, 'cci_threshold': 250, 'en_rsi': True, 'rsi_n': 75, 'rsi_lower': 43, 'rsi_upper': 68, 'en_stochastic': False, 'stochastic_n': 75, 'stochastic_d': 27, 'stochastic_lower': 20, 'stochastic_upper': 72, 'en_mfi': False, 'mfi_n': 87, 'mfi_lower': 1, 'mfi_upper': 80, 'en_bollinger': True, 'bollinger_n': 176, 'bollinger_k': 1.7000000000000002, 'en_adx': False, 'adx_n': 26, 'adx_threshold': 8, 'en_structure_trend': False, 'structure_trend_swing_l': 14, 'en_order_block': False, 'order_block_swing_l': 9, 'en_fvg': True, 'fvg_lookback': 40, 'en_ifvg': False, 'en_breaker': True, 'breaker_swing_l': 11, 'en_cisd': False, 'k': 5, 'en_cap_bars': False, 'cap_1min': 249}.
[I 2026-07-13 15:34:44,122] Trial 1503 finished with values: [-1124.8164183239774, -3412.681442410246, 25.549999999999997] and parameters: {'sl_soft': 0.01023406377730282, 'sl_hard_delta': 0.005903565269029506, 'tp': 0.035245255052063384, 'gate_pct': 97.28704165170988, 'dd_limit': 3.6482276224843235, 'cooldown': 7, 'flip': False, 'en_ema_trend': False, 'ema_trend_fast': 286, 'ema_trend_slow': 304, 'en_sma_trend': False, 'sma_trend_fast': 125, 'sma_trend_slow': 50, 'en_macd': False, 'macd_fast': 68, 'macd_slow': 189, 'macd_signal': 18, 'en_vwap': True, 'en_keltner': True, 'keltner_n': 151, 'keltner_m': 3.3000000000000003, 'en_obv': False, 'obv_slope': 25, 'en_cci': False, 'cci_n': 98, 'cci_threshold': 280, 'en_rsi': True, 'rsi_n': 94, 'rsi_lower': 11, 'rsi_upper': 70, 'en_stochastic': False, 'stochastic_n': 30, 'stochastic_d': 33, 'stochastic_lower': 40, 'stochastic_upper': 72, 'en_mfi': False, 'mfi_n': 11, 'mfi_lower': 41, 'mfi_upper': 55, 'en_bollinger': True, 'bollinger_n': 173, 'bollinger_k': 2.7, 'en_adx': False, 'adx_n': 35, 'adx_threshold': 26, 'en_structure_trend': False, 'structure_trend_swing_l': 9, 'en_order_block': False, 'order_block_swing_l': 6, 'en_fvg': True, 'fvg_lookback': 34, 'en_ifvg': False, 'en_breaker': False, 'breaker_swing_l': 7, 'en_cisd': True, 'k': 3, 'en_cap_bars': False, 'cap_1min': 1363}.
[I 2026-07-13 15:34:51,362] Trial 1504 finished with values: [84.75873522328925, -1766.078542121079, 46.900000000000006] and parameters: {'sl_soft': 0.02449367366774731, 'sl_hard_delta': 0.012510442083255932, 'tp': 0.044694053584836385, 'gate_pct': 91.28320752104035, 'dd_limit': 8.990165933787594, 'cooldown': 4, 'flip': False, 'en_ema_trend': True, 'ema_trend_fast': 286, 'ema_trend_slow': 362, 'en_sma_trend': False, 'sma_trend_fast': 125, 'sma_trend_slow': 394, 'en_macd': False, 'macd_fast': 68, 'macd_slow': 127, 'macd_signal': 83, 'en_vwap': True, 'en_keltner': True, 'keltner_n': 59, 'keltner_m': 1.1, 'en_obv': True, 'obv_slope': 58, 'en_cci': False, 'cci_n': 98, 'cci_threshold': 280, 'en_rsi': True, 'rsi_n': 93, 'rsi_lower': 16, 'rsi_upper': 89, 'en_stochastic': True, 'stochastic_n': 17, 'stochastic_d': 33, 'stochastic_lower': 37, 'stochastic_upper': 76, 'en_mfi': False, 'mfi_n': 65, 'mfi_lower': 41, 'mfi_upper': 84, 'en_bollinger': True, 'bollinger_n': 54, 'bollinger_k': 4.2, 'en_adx': False, 'adx_n': 41, 'adx_threshold': 26, 'en_structure_trend': False, 'structure_trend_swing_l': 5, 'en_order_block': True, 'order_block_swing_l': 6, 'en_fvg': False, 'fvg_lookback': 23, 'en_ifvg': True, 'en_breaker': True, 'breaker_swing_l': 17, 'en_cisd': True, 'k': 2, 'en_cap_bars': True, 'cap_1min': 61}.
[I 2026-07-13 15:34:52,056] Trial 1505 pruned. 
[I 2026-07-13 15:34:55,902] Trial 1506 finished with values: [-573.1933151474066, -1178.6653245086143, 48.7] and parameters: {'sl_soft': 0.026342400384516372, 'sl_hard_delta': 0.0048086454618810155, 'tp': 0.018803392344604333, 'gate_pct': 99.43003533124055, 'dd_limit': 9.066216783758431, 'cooldown': 8, 'flip': True, 'en_ema_trend': True, 'ema_trend_fast': 391, 'ema_trend_slow': 367, 'en_sma_trend': False, 'sma_trend_fast': 396, 'sma_trend_slow': 205, 'en_macd': True, 'macd_fast': 60, 'macd_slow': 18, 'macd_signal': 53, 'en_vwap': False, 'en_keltner': False, 'keltner_n': 136, 'keltner_m': 5.0, 'en_obv': True, 'obv_slope': 191, 'en_cci': True, 'cci_n': 169, 'cci_threshold': 25, 'en_rsi': False, 'rsi_n': 41, 'rsi_lower': 12, 'rsi_upper': 77, 'en_stochastic': False, 'stochastic_n': 66, 'stochastic_d': 15, 'stochastic_lower': 47, 'stochastic_upper': 91, 'en_mfi': True, 'mfi_n': 77, 'mfi_lower': 19, 'mfi_upper': 73, 'en_bollinger': True, 'bollinger_n': 86, 'bollinger_k': 1.1, 'en_adx': False, 'adx_n': 36, 'adx_threshold': 5, 'en_structure_trend': False, 'structure_trend_swing_l': 13, 'en_order_block': True, 'order_block_swing_l': 12, 'en_fvg': False, 'fvg_lookback': 11, 'en_ifvg': True, 'en_breaker': True, 'breaker_swing_l': 9, 'en_cisd': True, 'k': 3, 'en_cap_bars': False, 'cap_1min': 995}.
[I 2026-07-13 15:34:56,616] Trial 1507 pruned. 
[I 2026-07-13 15:34:57,419] Trial 1508 pruned. 
[I 2026-07-13 15:35:03,816] Trial 1509 finished with values: [317.99800965780275, -3886.2374142869526, 67.75] and parameters: {'sl_soft': 0.01239372502010468, 'sl_hard_delta': 0.032283188215272624, 'tp': 0.023258156370033756, 'gate_pct': 99.52194572971088, 'dd_limit': 3.021375135532224, 'cooldown': 10, 'flip': True, 'en_ema_trend': False, 'ema_trend_fast': 279, 'ema_trend_slow': 294, 'en_sma_trend': True, 'sma_trend_fast': 222, 'sma_trend_slow': 268, 'en_macd': True, 'macd_fast': 42, 'macd_slow': 3, 'macd_signal': 18, 'en_vwap': True, 'en_keltner': True, 'keltner_n': 153, 'keltner_m': 2.8000000000000003, 'en_obv': True, 'obv_slope': 165, 'en_cci': True, 'cci_n': 100, 'cci_threshold': 125, 'en_rsi': True, 'rsi_n': 71, 'rsi_lower': 18, 'rsi_upper': 94, 'en_stochastic': True, 'stochastic_n': 52, 'stochastic_d': 2, 'stochastic_lower': 14, 'stochastic_upper': 97, 'en_mfi': False, 'mfi_n': 62, 'mfi_lower': 12, 'mfi_upper': 97, 'en_bollinger': False, 'bollinger_n': 81, 'bollinger_k': 1.0, 'en_adx': False, 'adx_n': 12, 'adx_threshold': 17, 'en_structure_trend': True, 'structure_trend_swing_l': 3, 'en_order_block': True, 'order_block_swing_l': 3, 'en_fvg': False, 'fvg_lookback': 37, 'en_ifvg': True, 'en_breaker': False, 'breaker_swing_l': 15, 'en_cisd': False, 'k': 1, 'en_cap_bars': True, 'cap_1min': 1243}.
[I 2026-07-13 15:35:11,402] Trial 1510 finished with values: [-121.1346988433526, -1092.9594773897834, 60.0] and parameters: {'sl_soft': 0.01023406377730282, 'sl_hard_delta': 0.032283188215272624, 'tp': 0.023258156370033756, 'gate_pct': 91.28320752104035, 'dd_limit': 3.6482276224843235, 'cooldown': 4, 'flip': True, 'en_ema_trend': True, 'ema_trend_fast': 323, 'ema_trend_slow': 294, 'en_sma_trend': True, 'sma_trend_fast': 222, 'sma_trend_slow': 58, 'en_macd': False, 'macd_fast': 68, 'macd_slow': 3, 'macd_signal': 23, 'en_vwap': True, 'en_keltner': True, 'keltner_n': 151, 'keltner_m': 2.3, 'en_obv': True, 'obv_slope': 58, 'en_cci': True, 'cci_n': 98, 'cci_threshold': 180, 'en_rsi': True, 'rsi_n': 93, 'rsi_lower': 11, 'rsi_upper': 60, 'en_stochastic': True, 'stochastic_n': 30, 'stochastic_d': 2, 'stochastic_lower': 40, 'stochastic_upper': 97, 'en_mfi': False, 'mfi_n': 17, 'mfi_lower': 41, 'mfi_upper': 82, 'en_bollinger': False, 'bollinger_n': 173, 'bollinger_k': 4.2, 'en_adx': False, 'adx_n': 32, 'adx_threshold': 26, 'en_structure_trend': True, 'structure_trend_swing_l': 5, 'en_order_block': True, 'order_block_swing_l': 6, 'en_fvg': False, 'fvg_lookback': 19, 'en_ifvg': True, 'en_breaker': True, 'breaker_swing_l': 15, 'en_cisd': False, 'k': 2, 'en_cap_bars': False, 'cap_1min': 1239}.
[I 2026-07-13 15:35:12,006] Trial 1511 pruned. 
[I 2026-07-13 15:35:12,618] Trial 1512 pruned. 
[I 2026-07-13 15:35:18,253] Trial 1513 finished with values: [-255.11264305205117, -1714.1421576573277, 59.8] and parameters: {'sl_soft': 0.01998398987844476, 'sl_hard_delta': 0.017956019251315968, 'tp': 0.01219055325535965, 'gate_pct': 99.16215050807807, 'dd_limit': 7.499780143767761, 'cooldown': 15, 'flip': False, 'en_ema_trend': False, 'ema_trend_fast': 282, 'ema_trend_slow': 334, 'en_sma_trend': True, 'sma_trend_fast': 268, 'sma_trend_slow': 29, 'en_macd': False, 'macd_fast': 4, 'macd_slow': 167, 'macd_signal': 70, 'en_vwap': False, 'en_keltner': True, 'keltner_n': 48, 'keltner_m': 1.5, 'en_obv': False, 'obv_slope': 68, 'en_cci': True, 'cci_n': 128, 'cci_threshold': 160, 'en_rsi': True, 'rsi_n': 41, 'rsi_lower': 20, 'rsi_upper': 65, 'en_stochastic': True, 'stochastic_n': 86, 'stochastic_d': 7, 'stochastic_lower': 27, 'stochastic_upper': 68, 'en_mfi': False, 'mfi_n': 6, 'mfi_lower': 28, 'mfi_upper': 51, 'en_bollinger': True, 'bollinger_n': 127, 'bollinger_k': 3.4000000000000004, 'en_adx': False, 'adx_n': 90, 'adx_threshold': 43, 'en_structure_trend': True, 'structure_trend_swing_l': 9, 'en_order_block': False, 'order_block_swing_l': 7, 'en_fvg': False, 'fvg_lookback': 9, 'en_ifvg': False, 'en_breaker': True, 'breaker_swing_l': 16, 'en_cisd': False, 'k': 4, 'en_cap_bars': False, 'cap_1min': 1339}.
[I 2026-07-13 15:35:21,654] Trial 1514 finished with values: [-318.92421230704576, -4852.047100339337, 60.25] and parameters: {'sl_soft': 0.02102744692810867, 'sl_hard_delta': 0.003069903022346389, 'tp': 0.01219055325535965, 'gate_pct': 95.031393846183, 'dd_limit': 1.7439494970493132, 'cooldown': 9, 'flip': True, 'en_ema_trend': True, 'ema_trend_fast': 390, 'ema_trend_slow': 273, 'en_sma_trend': True, 'sma_trend_fast': 265, 'sma_trend_slow': 322, 'en_macd': False, 'macd_fast': 32, 'macd_slow': 56, 'macd_signal': 70, 'en_vwap': True, 'en_keltner': True, 'keltner_n': 48, 'keltner_m': 4.0, 'en_obv': False, 'obv_slope': 68, 'en_cci': True, 'cci_n': 108, 'cci_threshold': 160, 'en_rsi': False, 'rsi_n': 92, 'rsi_lower': 6, 'rsi_upper': 66, 'en_stochastic': False, 'stochastic_n': 64, 'stochastic_d': 47, 'stochastic_lower': 44, 'stochastic_upper': 68, 'en_mfi': True, 'mfi_n': 38, 'mfi_lower': 28, 'mfi_upper': 85, 'en_bollinger': False, 'bollinger_n': 11, 'bollinger_k': 0.8, 'en_adx': False, 'adx_n': 13, 'adx_threshold': 43, 'en_structure_trend': False, 'structure_trend_swing_l': 5, 'en_order_block': False, 'order_block_swing_l': 1, 'en_fvg': True, 'fvg_lookback': 33, 'en_ifvg': False, 'en_breaker': True, 'breaker_swing_l': 18, 'en_cisd': False, 'k': 2, 'en_cap_bars': False, 'cap_1min': 351}.
[I 2026-07-13 15:35:22,264] Trial 1515 finished with values: [-28.827961199127117, -290.59517180147765, 69.7] and parameters: {'sl_soft': 0.028493661686441754, 'sl_hard_delta': 0.003069903022346389, 'tp': 0.01219055325535965, 'gate_pct': 85.18598170405104, 'dd_limit': 1.7439494970493132, 'cooldown': 29, 'flip': False, 'en_ema_trend': False, 'ema_trend_fast': 384, 'ema_trend_slow': 150, 'en_sma_trend': True, 'sma_trend_fast': 265, 'sma_trend_slow': 365, 'en_macd': False, 'macd_fast': 49, 'macd_slow': 56, 'macd_signal': 70, 'en_vwap': True, 'en_keltner': True, 'keltner_n': 48, 'keltner_m': 4.6000000000000005, 'en_obv': True, 'obv_slope': 68, 'en_cci': True, 'cci_n': 141, 'cci_threshold': 160, 'en_rsi': True, 'rsi_n': 13, 'rsi_lower': 6, 'rsi_upper': 65, 'en_stochastic': False, 'stochastic_n': 64, 'stochastic_d': 38, 'stochastic_lower': 44, 'stochastic_upper': 68, 'en_mfi': True, 'mfi_n': 66, 'mfi_lower': 28, 'mfi_upper': 85, 'en_bollinger': False, 'bollinger_n': 141, 'bollinger_k': 3.4000000000000004, 'en_adx': False, 'adx_n': 90, 'adx_threshold': 43, 'en_structure_trend': False, 'structure_trend_swing_l': 14, 'en_order_block': False, 'order_block_swing_l': 10, 'en_fvg': True, 'fvg_lookback': 41, 'en_ifvg': False, 'en_breaker': True, 'breaker_swing_l': 16, 'en_cisd': False, 'k': 4, 'en_cap_bars': False, 'cap_1min': 898}.
[I 2026-07-13 15:35:23,172] Trial 1516 pruned. 
[I 2026-07-13 15:35:30,196] Trial 1517 finished with values: [-297.6480146870841, -1127.1632814940701, 43.65] and parameters: {'sl_soft': 0.01998398987844476, 'sl_hard_delta': 0.0027263521951513352, 'tp': 0.01219055325535965, 'gate_pct': 99.16215050807807, 'dd_limit': 2.802293197200579, 'cooldown': 15, 'flip': False, 'en_ema_trend': False, 'ema_trend_fast': 282, 'ema_trend_slow': 334, 'en_sma_trend': True, 'sma_trend_fast': 89, 'sma_trend_slow': 222, 'en_macd': False, 'macd_fast': 82, 'macd_slow': 167, 'macd_signal': 83, 'en_vwap': False, 'en_keltner': True, 'keltner_n': 48, 'keltner_m': 4.8, 'en_obv': True, 'obv_slope': 68, 'en_cci': False, 'cci_n': 128, 'cci_threshold': 75, 'en_rsi': False, 'rsi_n': 68, 'rsi_lower': 39, 'rsi_upper': 58, 'en_stochastic': True, 'stochastic_n': 97, 'stochastic_d': 31, 'stochastic_lower': 27, 'stochastic_upper': 68, 'en_mfi': False, 'mfi_n': 39, 'mfi_lower': 27, 'mfi_upper': 84, 'en_bollinger': True, 'bollinger_n': 127, 'bollinger_k': 2.2, 'en_adx': False, 'adx_n': 85, 'adx_threshold': 43, 'en_structure_trend': True, 'structure_trend_swing_l': 20, 'en_order_block': True, 'order_block_swing_l': 7, 'en_fvg': True, 'fvg_lookback': 9, 'en_ifvg': False, 'en_breaker': False, 'breaker_swing_l': 16, 'en_cisd': True, 'k': 4, 'en_cap_bars': False, 'cap_1min': 1032}.
[I 2026-07-13 15:35:30,930] Trial 1518 finished with values: [248.90896941021978, -1425.6482151593273, 36.3] and parameters: {'sl_soft': 0.014509835179219626, 'sl_hard_delta': 0.00610414585932106, 'tp': 0.044694053584836385, 'gate_pct': 95.95343074681206, 'dd_limit': 0.7899894121384478, 'cooldown': 4, 'flip': False, 'en_ema_trend': False, 'ema_trend_fast': 286, 'ema_trend_slow': 304, 'en_sma_trend': True, 'sma_trend_fast': 125, 'sma_trend_slow': 394, 'en_macd': False, 'macd_fast': 60, 'macd_slow': 85, 'macd_signal': 23, 'en_vwap': True, 'en_keltner': True, 'keltner_n': 151, 'keltner_m': 4.0, 'en_obv': True, 'obv_slope': 58, 'en_cci': False, 'cci_n': 98, 'cci_threshold': 280, 'en_rsi': True, 'rsi_n': 75, 'rsi_lower': 43, 'rsi_upper': 68, 'en_stochastic': False, 'stochastic_n': 46, 'stochastic_d': 27, 'stochastic_lower': 20, 'stochastic_upper': 76, 'en_mfi': False, 'mfi_n': 7, 'mfi_lower': 46, 'mfi_upper': 58, 'en_bollinger': True, 'bollinger_n': 40, 'bollinger_k': 1.7000000000000002, 'en_adx': False, 'adx_n': 3, 'adx_threshold': 26, 'en_structure_trend': False, 'structure_trend_swing_l': 5, 'en_order_block': False, 'order_block_swing_l': 6, 'en_fvg': True, 'fvg_lookback': 40, 'en_ifvg': False, 'en_breaker': True, 'breaker_swing_l': 3, 'en_cisd': False, 'k': 5, 'en_cap_bars': True, 'cap_1min': 249}.
