[I 2026-07-13 15:27:39,433] Trial 1343 finished with values: [-789.1584557709131, -1145.0080832726428, 52.7] and parameters: {'sl_soft': 0.02449367366774731, 'sl_hard_delta': 0.01621542066297969, 'tp': 0.020063237332449173, 'gate_pct': 91.49650994027499, 'dd_limit': 0.6268932004087474, 'cooldown': 10, 'flip': True, 'en_ema_trend': True, 'ema_trend_fast': 186, 'ema_trend_slow': 362, 'en_sma_trend': True, 'sma_trend_fast': 196, 'sma_trend_slow': 58, 'en_macd': False, 'macd_fast': 34, 'macd_slow': 171, 'macd_signal': 90, 'en_vwap': True, 'en_keltner': True, 'keltner_n': 146, 'keltner_m': 1.2000000000000002, 'en_obv': False, 'obv_slope': 85, 'en_cci': False, 'cci_n': 10, 'cci_threshold': 75, 'en_rsi': False, 'rsi_n': 83, 'rsi_lower': 24, 'rsi_upper': 79, 'en_stochastic': True, 'stochastic_n': 17, 'stochastic_d': 1, 'stochastic_lower': 37, 'stochastic_upper': 91, 'en_mfi': False, 'mfi_n': 65, 'mfi_lower': 6, 'mfi_upper': 90, 'en_bollinger': True, 'bollinger_n': 150, 'bollinger_k': 2.5, 'en_adx': False, 'adx_n': 96, 'adx_threshold': 16, 'en_structure_trend': True, 'structure_trend_swing_l': 8, 'en_order_block': True, 'order_block_swing_l': 17, 'en_fvg': False, 'fvg_lookback': 23, 'en_ifvg': False, 'en_breaker': False, 'breaker_swing_l': 17, 'en_cisd': True, 'k': 2, 'en_cap_bars': False, 'cap_1min': 6}.
[I 2026-07-13 15:27:41,495] Trial 1344 finished with values: [-368.4051860865445, -3490.6897215979543, 67.0] and parameters: {'sl_soft': 0.014880543410353069, 'sl_hard_delta': 0.03711888935185244, 'tp': 0.010216756023625758, 'gate_pct': 95.96044176507574, 'dd_limit': 1.1909280435258565, 'cooldown': 33, 'flip': False, 'en_ema_trend': False, 'ema_trend_fast': 263, 'ema_trend_slow': 162, 'en_sma_trend': True, 'sma_trend_fast': 329, 'sma_trend_slow': 390, 'en_macd': False, 'macd_fast': 29, 'macd_slow': 88, 'macd_signal': 70, 'en_vwap': True, 'en_keltner': False, 'keltner_n': 188, 'keltner_m': 4.6000000000000005, 'en_obv': True, 'obv_slope': 144, 'en_cci': True, 'cci_n': 87, 'cci_threshold': 60, 'en_rsi': False, 'rsi_n': 41, 'rsi_lower': 6, 'rsi_upper': 96, 'en_stochastic': False, 'stochastic_n': 46, 'stochastic_d': 50, 'stochastic_lower': 44, 'stochastic_upper': 68, 'en_mfi': False, 'mfi_n': 66, 'mfi_lower': 8, 'mfi_upper': 85, 'en_bollinger': True, 'bollinger_n': 63, 'bollinger_k': 2.7, 'en_adx': False, 'adx_n': 90, 'adx_threshold': 43, 'en_structure_trend': False, 'structure_trend_swing_l': 11, 'en_order_block': False, 'order_block_swing_l': 6, 'en_fvg': False, 'fvg_lookback': 13, 'en_ifvg': False, 'en_breaker': False, 'breaker_swing_l': 15, 'en_cisd': True, 'k': 2, 'en_cap_bars': False, 'cap_1min': 241}.
[I 2026-07-13 15:27:41,924] Trial 1345 finished with values: [-175.79006171962064, -1653.6480719161873, 53.55] and parameters: {'sl_soft': 0.02102744692810867, 'sl_hard_delta': 0.02183482482285977, 'tp': 0.02345922914622859, 'gate_pct': 95.031393846183, 'dd_limit': 2.6546638252533143, 'cooldown': 9, 'flip': True, 'en_ema_trend': True, 'ema_trend_fast': 390, 'ema_trend_slow': 273, 'en_sma_trend': True, 'sma_trend_fast': 148, 'sma_trend_slow': 83, 'en_macd': False, 'macd_fast': 32, 'macd_slow': 168, 'macd_signal': 42, 'en_vwap': True, 'en_keltner': False, 'keltner_n': 42, 'keltner_m': 4.0, 'en_obv': False, 'obv_slope': 3, 'en_cci': True, 'cci_n': 108, 'cci_threshold': 135, 'en_rsi': False, 'rsi_n': 92, 'rsi_lower': 46, 'rsi_upper': 66, 'en_stochastic': False, 'stochastic_n': 79, 'stochastic_d': 49, 'stochastic_lower': 24, 'stochastic_upper': 79, 'en_mfi': True, 'mfi_n': 38, 'mfi_lower': 29, 'mfi_upper': 83, 'en_bollinger': True, 'bollinger_n': 11, 'bollinger_k': 0.8, 'en_adx': False, 'adx_n': 13, 'adx_threshold': 41, 'en_structure_trend': False, 'structure_trend_swing_l': 5, 'en_order_block': False, 'order_block_swing_l': 1, 'en_fvg': True, 'fvg_lookback': 33, 'en_ifvg': False, 'en_breaker': True, 'breaker_swing_l': 18, 'en_cisd': False, 'k': 2, 'en_cap_bars': False, 'cap_1min': 351}.
[I 2026-07-13 15:27:48,281] Trial 1346 finished with values: [-94.98581067150624, -737.0018865252348, 74.15] and parameters: {'sl_soft': 0.029015068155932293, 'sl_hard_delta': 0.025651948465618055, 'tp': 0.01660067255960589, 'gate_pct': 91.95603456271488, 'dd_limit': 0.7899894121384478, 'cooldown': 6, 'flip': True, 'en_ema_trend': True, 'ema_trend_fast': 93, 'ema_trend_slow': 176, 'en_sma_trend': True, 'sma_trend_fast': 105, 'sma_trend_slow': 164, 'en_macd': False, 'macd_fast': 60, 'macd_slow': 164, 'macd_signal': 60, 'en_vwap': False, 'en_keltner': False, 'keltner_n': 67, 'keltner_m': 4.0, 'en_obv': True, 'obv_slope': 104, 'en_cci': False, 'cci_n': 97, 'cci_threshold': 250, 'en_rsi': False, 'rsi_n': 75, 'rsi_lower': 24, 'rsi_upper': 68, 'en_stochastic': True, 'stochastic_n': 26, 'stochastic_d': 21, 'stochastic_lower': 15, 'stochastic_upper': 72, 'en_mfi': False, 'mfi_n': 42, 'mfi_lower': 46, 'mfi_upper': 59, 'en_bollinger': True, 'bollinger_n': 15, 'bollinger_k': 1.7000000000000002, 'en_adx': False, 'adx_n': 70, 'adx_threshold': 20, 'en_structure_trend': True, 'structure_trend_swing_l': 1, 'en_order_block': True, 'order_block_swing_l': 16, 'en_fvg': True, 'fvg_lookback': 37, 'en_ifvg': False, 'en_breaker': True, 'breaker_swing_l': 8, 'en_cisd': False, 'k': 5, 'en_cap_bars': True, 'cap_1min': 249}.
[I 2026-07-13 15:27:50,056] Trial 1347 finished with values: [-3063.609079845015, -13123.085913330213, 42.2] and parameters: {'sl_soft': 0.027574742397270605, 'sl_hard_delta': 0.028811674718831396, 'tp': 0.045884923832193454, 'gate_pct': 99.4309621818079, 'dd_limit': 0.2043192187719212, 'cooldown': 6, 'flip': False, 'en_ema_trend': True, 'ema_trend_fast': 397, 'ema_trend_slow': 279, 'en_sma_trend': False, 'sma_trend_fast': 108, 'sma_trend_slow': 306, 'en_macd': False, 'macd_fast': 5, 'macd_slow': 126, 'macd_signal': 39, 'en_vwap': True, 'en_keltner': True, 'keltner_n': 186, 'keltner_m': 2.8000000000000003, 'en_obv': True, 'obv_slope': 105, 'en_cci': False, 'cci_n': 160, 'cci_threshold': 30, 'en_rsi': False, 'rsi_n': 29, 'rsi_lower': 13, 'rsi_upper': 85, 'en_stochastic': False, 'stochastic_n': 66, 'stochastic_d': 41, 'stochastic_lower': 2, 'stochastic_upper': 94, 'en_mfi': True, 'mfi_n': 68, 'mfi_lower': 13, 'mfi_upper': 90, 'en_bollinger': False, 'bollinger_n': 94, 'bollinger_k': 4.1, 'en_adx': False, 'adx_n': 46, 'adx_threshold': 28, 'en_structure_trend': False, 'structure_trend_swing_l': 6, 'en_order_block': False, 'order_block_swing_l': 9, 'en_fvg': True, 'fvg_lookback': 25, 'en_ifvg': False, 'en_breaker': True, 'breaker_swing_l': 20, 'en_cisd': False, 'k': 4, 'en_cap_bars': False, 'cap_1min': 1062}.
[I 2026-07-13 15:27:52,685] Trial 1348 pruned. 
[I 2026-07-13 15:28:01,572] Trial 1349 finished with values: [-255.4768171415134, -1058.800182595263, 36.45] and parameters: {'sl_soft': 0.01998398987844476, 'sl_hard_delta': 0.017956019251315968, 'tp': 0.03401493735707513, 'gate_pct': 99.16215050807807, 'dd_limit': 7.499780143767761, 'cooldown': 15, 'flip': True, 'en_ema_trend': True, 'ema_trend_fast': 282, 'ema_trend_slow': 334, 'en_sma_trend': False, 'sma_trend_fast': 268, 'sma_trend_slow': 29, 'en_macd': False, 'macd_fast': 4, 'macd_slow': 167, 'macd_signal': 50, 'en_vwap': False, 'en_keltner': False, 'keltner_n': 59, 'keltner_m': 1.5, 'en_obv': False, 'obv_slope': 177, 'en_cci': True, 'cci_n': 128, 'cci_threshold': 45, 'en_rsi': True, 'rsi_n': 41, 'rsi_lower': 20, 'rsi_upper': 55, 'en_stochastic': True, 'stochastic_n': 86, 'stochastic_d': 16, 'stochastic_lower': 27, 'stochastic_upper': 72, 'en_mfi': False, 'mfi_n': 6, 'mfi_lower': 13, 'mfi_upper': 51, 'en_bollinger': True, 'bollinger_n': 127, 'bollinger_k': 2.7, 'en_adx': False, 'adx_n': 30, 'adx_threshold': 20, 'en_structure_trend': True, 'structure_trend_swing_l': 9, 'en_order_block': False, 'order_block_swing_l': 7, 'en_fvg': False, 'fvg_lookback': 9, 'en_ifvg': False, 'en_breaker': True, 'breaker_swing_l': 19, 'en_cisd': False, 'k': 4, 'en_cap_bars': False, 'cap_1min': 1339}.
[I 2026-07-13 15:28:02,709] Trial 1350 pruned. 
[I 2026-07-13 15:28:04,968] Trial 1351 pruned. 
[I 2026-07-13 15:28:07,577] Trial 1352 finished with values: [-3643.8771468037244, -8281.300376194431, 49.8] and parameters: {'sl_soft': 0.028967569564445815, 'sl_hard_delta': 0.01974966680532401, 'tp': 0.04012762247167773, 'gate_pct': 86.42595282114276, 'dd_limit': 8.885841469620775, 'cooldown': 0, 'flip': False, 'en_ema_trend': True, 'ema_trend_fast': 22, 'ema_trend_slow': 350, 'en_sma_trend': True, 'sma_trend_fast': 367, 'sma_trend_slow': 365, 'en_macd': True, 'macd_fast': 29, 'macd_slow': 127, 'macd_signal': 23, 'en_vwap': True, 'en_keltner': False, 'keltner_n': 185, 'keltner_m': 4.6000000000000005, 'en_obv': True, 'obv_slope': 87, 'en_cci': True, 'cci_n': 87, 'cci_threshold': 120, 'en_rsi': False, 'rsi_n': 42, 'rsi_lower': 6, 'rsi_upper': 74, 'en_stochastic': False, 'stochastic_n': 13, 'stochastic_d': 41, 'stochastic_lower': 36, 'stochastic_upper': 68, 'en_mfi': True, 'mfi_n': 66, 'mfi_lower': 32, 'mfi_upper': 85, 'en_bollinger': True, 'bollinger_n': 141, 'bollinger_k': 2.7, 'en_adx': False, 'adx_n': 79, 'adx_threshold': 43, 'en_structure_trend': False, 'structure_trend_swing_l': 11, 'en_order_block': False, 'order_block_swing_l': 11, 'en_fvg': False, 'fvg_lookback': 21, 'en_ifvg': True, 'en_breaker': True, 'breaker_swing_l': 16, 'en_cisd': False, 'k': 2, 'en_cap_bars': True, 'cap_1min': 241}.
[I 2026-07-13 15:28:10,179] Trial 1353 finished with values: [-62.87300691868225, -1876.5377989102915, 54.35] and parameters: {'sl_soft': 0.02660501535036107, 'sl_hard_delta': 0.036998245871933615, 'tp': 0.04310350832060598, 'gate_pct': 95.95343074681206, 'dd_limit': 0.7899894121384478, 'cooldown': 26, 'flip': True, 'en_ema_trend': True, 'ema_trend_fast': 93, 'ema_trend_slow': 284, 'en_sma_trend': True, 'sma_trend_fast': 265, 'sma_trend_slow': 280, 'en_macd': True, 'macd_fast': 19, 'macd_slow': 85, 'macd_signal': 83, 'en_vwap': True, 'en_keltner': True, 'keltner_n': 17, 'keltner_m': 4.0, 'en_obv': True, 'obv_slope': 110, 'en_cci': False, 'cci_n': 98, 'cci_threshold': 250, 'en_rsi': False, 'rsi_n': 75, 'rsi_lower': 1, 'rsi_upper': 68, 'en_stochastic': False, 'stochastic_n': 87, 'stochastic_d': 28, 'stochastic_lower': 15, 'stochastic_upper': 72, 'en_mfi': False, 'mfi_n': 83, 'mfi_lower': 46, 'mfi_upper': 59, 'en_bollinger': False, 'bollinger_n': 40, 'bollinger_k': 3.4000000000000004, 'en_adx': False, 'adx_n': 48, 'adx_threshold': 53, 'en_structure_trend': False, 'structure_trend_swing_l': 2, 'en_order_block': False, 'order_block_swing_l': 13, 'en_fvg': True, 'fvg_lookback': 31, 'en_ifvg': False, 'en_breaker': False, 'breaker_swing_l': 8, 'en_cisd': False, 'k': 5, 'en_cap_bars': True, 'cap_1min': 542}.
[I 2026-07-13 15:28:10,702] Trial 1354 finished with values: [-1072.8870730117453, -5510.879734665366, 55.25] and parameters: {'sl_soft': 0.01909532132445682, 'sl_hard_delta': 0.02936233482338662, 'tp': 0.015844540937381565, 'gate_pct': 80.24193898753819, 'dd_limit': 5.27785894061816, 'cooldown': 2, 'flip': False, 'en_ema_trend': False, 'ema_trend_fast': 91, 'ema_trend_slow': 109, 'en_sma_trend': True, 'sma_trend_fast': 139, 'sma_trend_slow': 109, 'en_macd': False, 'macd_fast': 6, 'macd_slow': 105, 'macd_signal': 87, 'en_vwap': True, 'en_keltner': True, 'keltner_n': 190, 'keltner_m': 4.7, 'en_obv': True, 'obv_slope': 53, 'en_cci': False, 'cci_n': 102, 'cci_threshold': 65, 'en_rsi': True, 'rsi_n': 73, 'rsi_lower': 11, 'rsi_upper': 69, 'en_stochastic': False, 'stochastic_n': 84, 'stochastic_d': 47, 'stochastic_lower': 2, 'stochastic_upper': 91, 'en_mfi': False, 'mfi_n': 61, 'mfi_lower': 13, 'mfi_upper': 78, 'en_bollinger': False, 'bollinger_n': 161, 'bollinger_k': 1.0, 'en_adx': False, 'adx_n': 19, 'adx_threshold': 55, 'en_structure_trend': False, 'structure_trend_swing_l': 19, 'en_order_block': False, 'order_block_swing_l': 10, 'en_fvg': False, 'fvg_lookback': 28, 'en_ifvg': True, 'en_breaker': True, 'breaker_swing_l': 3, 'en_cisd': True, 'k': 2, 'en_cap_bars': True, 'cap_1min': 1333}.
[I 2026-07-13 15:28:11,254] Trial 1355 finished with values: [-277.30247888831275, -849.8810621436803, 47.8] and parameters: {'sl_soft': 0.012820739421266155, 'sl_hard_delta': 0.02484677677105232, 'tp': 0.021680684266425956, 'gate_pct': 99.95605949198794, 'dd_limit': 1.4726436036009025, 'cooldown': 13, 'flip': True, 'en_ema_trend': False, 'ema_trend_fast': 27, 'ema_trend_slow': 14, 'en_sma_trend': False, 'sma_trend_fast': 392, 'sma_trend_slow': 319, 'en_macd': True, 'macd_fast': 91, 'macd_slow': 42, 'macd_signal': 26, 'en_vwap': True, 'en_keltner': False, 'keltner_n': 139, 'keltner_m': 2.5, 'en_obv': True, 'obv_slope': 14, 'en_cci': True, 'cci_n': 106, 'cci_threshold': 155, 'en_rsi': False, 'rsi_n': 81, 'rsi_lower': 13, 'rsi_upper': 95, 'en_stochastic': False, 'stochastic_n': 88, 'stochastic_d': 46, 'stochastic_lower': 7, 'stochastic_upper': 61, 'en_mfi': False, 'mfi_n': 93, 'mfi_lower': 30, 'mfi_upper': 96, 'en_bollinger': False, 'bollinger_n': 44, 'bollinger_k': 3.7, 'en_adx': False, 'adx_n': 16, 'adx_threshold': 12, 'en_structure_trend': False, 'structure_trend_swing_l': 6, 'en_order_block': True, 'order_block_swing_l': 3, 'en_fvg': False, 'fvg_lookback': 9, 'en_ifvg': False, 'en_breaker': True, 'breaker_swing_l': 16, 'en_cisd': False, 'k': 4, 'en_cap_bars': False, 'cap_1min': 368}.
[I 2026-07-13 15:28:13,139] Trial 1356 pruned. 
[I 2026-07-13 15:28:13,697] Trial 1357 pruned. 
[I 2026-07-13 15:28:15,803] Trial 1358 finished with values: [-352.5452405815521, -1472.8834246476197, 41.65] and parameters: {'sl_soft': 0.01023406377730282, 'sl_hard_delta': 0.012956297024244669, 'tp': 0.018803392344604333, 'gate_pct': 98.93711402329589, 'dd_limit': 3.6482276224843235, 'cooldown': 15, 'flip': False, 'en_ema_trend': True, 'ema_trend_fast': 351, 'ema_trend_slow': 304, 'en_sma_trend': False, 'sma_trend_fast': 372, 'sma_trend_slow': 12, 'en_macd': True, 'macd_fast': 60, 'macd_slow': 18, 'macd_signal': 40, 'en_vwap': True, 'en_keltner': False, 'keltner_n': 61, 'keltner_m': 1.1, 'en_obv': True, 'obv_slope': 58, 'en_cci': False, 'cci_n': 10, 'cci_threshold': 25, 'en_rsi': True, 'rsi_n': 93, 'rsi_lower': 11, 'rsi_upper': 60, 'en_stochastic': False, 'stochastic_n': 30, 'stochastic_d': 39, 'stochastic_lower': 40, 'stochastic_upper': 76, 'en_mfi': False, 'mfi_n': 77, 'mfi_lower': 41, 'mfi_upper': 62, 'en_bollinger': True, 'bollinger_n': 173, 'bollinger_k': 2.7, 'en_adx': False, 'adx_n': 36, 'adx_threshold': 50, 'en_structure_trend': True, 'structure_trend_swing_l': 13, 'en_order_block': False, 'order_block_swing_l': 12, 'en_fvg': False, 'fvg_lookback': 11, 'en_ifvg': True, 'en_breaker': True, 'breaker_swing_l': 7, 'en_cisd': True, 'k': 2, 'en_cap_bars': True, 'cap_1min': 963}.
[I 2026-07-13 15:28:17,997] Trial 1359 pruned. 
[I 2026-07-13 15:28:24,731] Trial 1360 finished with values: [-356.6315692535227, -1053.785946004808, 41.65] and parameters: {'sl_soft': 0.01465986089441771, 'sl_hard_delta': 0.03429456441718815, 'tp': 0.03401493735707513, 'gate_pct': 97.47084145131518, 'dd_limit': 1.1085214524927745, 'cooldown': 6, 'flip': True, 'en_ema_trend': False, 'ema_trend_fast': 127, 'ema_trend_slow': 334, 'en_sma_trend': True, 'sma_trend_fast': 371, 'sma_trend_slow': 343, 'en_macd': False, 'macd_fast': 88, 'macd_slow': 173, 'macd_signal': 24, 'en_vwap': True, 'en_keltner': False, 'keltner_n': 32, 'keltner_m': 4.300000000000001, 'en_obv': True, 'obv_slope': 177, 'en_cci': True, 'cci_n': 128, 'cci_threshold': 45, 'en_rsi': False, 'rsi_n': 6, 'rsi_lower': 38, 'rsi_upper': 59, 'en_stochastic': True, 'stochastic_n': 86, 'stochastic_d': 14, 'stochastic_lower': 40, 'stochastic_upper': 83, 'en_mfi': True, 'mfi_n': 45, 'mfi_lower': 23, 'mfi_upper': 89, 'en_bollinger': True, 'bollinger_n': 78, 'bollinger_k': 1.5, 'en_adx': False, 'adx_n': 34, 'adx_threshold': 5, 'en_structure_trend': False, 'structure_trend_swing_l': 17, 'en_order_block': False, 'order_block_swing_l': 6, 'en_fvg': True, 'fvg_lookback': 34, 'en_ifvg': False, 'en_breaker': True, 'breaker_swing_l': 15, 'en_cisd': False, 'k': 2, 'en_cap_bars': True, 'cap_1min': 85}.
[I 2026-07-13 15:28:28,217] Trial 1361 finished with values: [-507.1504413771777, -1763.519382521963, 60.1] and parameters: {'sl_soft': 0.01239372502010468, 'sl_hard_delta': 0.032283188215272624, 'tp': 0.015284923526676798, 'gate_pct': 99.52194572971088, 'dd_limit': 3.6765110954600555, 'cooldown': 30, 'flip': False, 'en_ema_trend': True, 'ema_trend_fast': 323, 'ema_trend_slow': 136, 'en_sma_trend': True, 'sma_trend_fast': 167, 'sma_trend_slow': 16, 'en_macd': False, 'macd_fast': 48, 'macd_slow': 11, 'macd_signal': 18, 'en_vwap': False, 'en_keltner': True, 'keltner_n': 43, 'keltner_m': 0.5, 'en_obv': True, 'obv_slope': 72, 'en_cci': True, 'cci_n': 7, 'cci_threshold': 230, 'en_rsi': True, 'rsi_n': 91, 'rsi_lower': 36, 'rsi_upper': 89, 'en_stochastic': False, 'stochastic_n': 71, 'stochastic_d': 2, 'stochastic_lower': 33, 'stochastic_upper': 74, 'en_mfi': False, 'mfi_n': 84, 'mfi_lower': 22, 'mfi_upper': 71, 'en_bollinger': False, 'bollinger_n': 139, 'bollinger_k': 4.300000000000001, 'en_adx': True, 'adx_n': 40, 'adx_threshold': 7, 'en_structure_trend': False, 'structure_trend_swing_l': 12, 'en_order_block': True, 'order_block_swing_l': 3, 'en_fvg': False, 'fvg_lookback': 38, 'en_ifvg': False, 'en_breaker': False, 'breaker_swing_l': 18, 'en_cisd': True, 'k': 1, 'en_cap_bars': True, 'cap_1min': 753}.
[I 2026-07-13 15:28:30,894] Trial 1362 finished with values: [-2415.419760129112, -5796.018665829053, 56.35] and parameters: {'sl_soft': 0.017046875320780322, 'sl_hard_delta': 0.02484677677105232, 'tp': 0.021680684266425956, 'gate_pct': 99.95605949198794, 'dd_limit': 1.4726436036009025, 'cooldown': 8, 'flip': True, 'en_ema_trend': True, 'ema_trend_fast': 27, 'ema_trend_slow': 14, 'en_sma_trend': True, 'sma_trend_fast': 396, 'sma_trend_slow': 319, 'en_macd': True, 'macd_fast': 62, 'macd_slow': 118, 'macd_signal': 53, 'en_vwap': False, 'en_keltner': False, 'keltner_n': 136, 'keltner_m': 2.5, 'en_obv': True, 'obv_slope': 14, 'en_cci': True, 'cci_n': 169, 'cci_threshold': 110, 'en_rsi': True, 'rsi_n': 41, 'rsi_lower': 34, 'rsi_upper': 74, 'en_stochastic': False, 'stochastic_n': 66, 'stochastic_d': 15, 'stochastic_lower': 7, 'stochastic_upper': 73, 'en_mfi': True, 'mfi_n': 79, 'mfi_lower': 30, 'mfi_upper': 96, 'en_bollinger': True, 'bollinger_n': 44, 'bollinger_k': 3.7, 'en_adx': False, 'adx_n': 93, 'adx_threshold': 12, 'en_structure_trend': False, 'structure_trend_swing_l': 1, 'en_order_block': False, 'order_block_swing_l': 16, 'en_fvg': False, 'fvg_lookback': 40, 'en_ifvg': False, 'en_breaker': True, 'breaker_swing_l': 6, 'en_cisd': True, 'k': 4, 'en_cap_bars': False, 'cap_1min': 368}.
[I 2026-07-13 15:28:32,603] Trial 1363 pruned. 
[I 2026-07-13 15:28:34,204] Trial 1364 pruned. 
[I 2026-07-13 15:28:35,547] Trial 1365 pruned. 
[I 2026-07-13 15:28:43,775] Trial 1366 finished with values: [-1.7061920831373811, -1900.1577586642782, 72.25] and parameters: {'sl_soft': 0.020120763827833787, 'sl_hard_delta': 0.029776239270151817, 'tp': 0.017260369037246447, 'gate_pct': 99.57581637257637, 'dd_limit': 3.021375135532224, 'cooldown': 10, 'flip': False, 'en_ema_trend': False, 'ema_trend_fast': 279, 'ema_trend_slow': 395, 'en_sma_trend': False, 'sma_trend_fast': 334, 'sma_trend_slow': 154, 'en_macd': True, 'macd_fast': 89, 'macd_slow': 95, 'macd_signal': 67, 'en_vwap': True, 'en_keltner': True, 'keltner_n': 76, 'keltner_m': 4.5, 'en_obv': False, 'obv_slope': 173, 'en_cci': True, 'cci_n': 120, 'cci_threshold': 255, 'en_rsi': True, 'rsi_n': 71, 'rsi_lower': 18, 'rsi_upper': 63, 'en_stochastic': True, 'stochastic_n': 52, 'stochastic_d': 13, 'stochastic_lower': 21, 'stochastic_upper': 82, 'en_mfi': False, 'mfi_n': 56, 'mfi_lower': 13, 'mfi_upper': 97, 'en_bollinger': True, 'bollinger_n': 100, 'bollinger_k': 4.5, 'en_adx': False, 'adx_n': 12, 'adx_threshold': 10, 'en_structure_trend': False, 'structure_trend_swing_l': 3, 'en_order_block': True, 'order_block_swing_l': 5, 'en_fvg': True, 'fvg_lookback': 18, 'en_ifvg': True, 'en_breaker': False, 'breaker_swing_l': 11, 'en_cisd': False, 'k': 4, 'en_cap_bars': True, 'cap_1min': 1243}.
[I 2026-07-13 15:28:47,671] Trial 1367 finished with values: [-234.88312186909593, -3858.2667539124604, 57.8] and parameters: {'sl_soft': 0.015424929700676927, 'sl_hard_delta': 0.02183482482285977, 'tp': 0.02345922914622859, 'gate_pct': 96.87387275432529, 'dd_limit': 6.787950662357963, 'cooldown': 0, 'flip': True, 'en_ema_trend': True, 'ema_trend_fast': 390, 'ema_trend_slow': 273, 'en_sma_trend': False, 'sma_trend_fast': 148, 'sma_trend_slow': 80, 'en_macd': True, 'macd_fast': 32, 'macd_slow': 168, 'macd_signal': 94, 'en_vwap': True, 'en_keltner': False, 'keltner_n': 176, 'keltner_m': 4.0, 'en_obv': False, 'obv_slope': 120, 'en_cci': True, 'cci_n': 180, 'cci_threshold': 135, 'en_rsi': True, 'rsi_n': 92, 'rsi_lower': 3, 'rsi_upper': 66, 'en_stochastic': False, 'stochastic_n': 79, 'stochastic_d': 27, 'stochastic_lower': 45, 'stochastic_upper': 86, 'en_mfi': True, 'mfi_n': 38, 'mfi_lower': 47, 'mfi_upper': 98, 'en_bollinger': False, 'bollinger_n': 125, 'bollinger_k': 0.8, 'en_adx': False, 'adx_n': 13, 'adx_threshold': 41, 'en_structure_trend': False, 'structure_trend_swing_l': 10, 'en_order_block': True, 'order_block_swing_l': 2, 'en_fvg': True, 'fvg_lookback': 49, 'en_ifvg': False, 'en_breaker': True, 'breaker_swing_l': 18, 'en_cisd': False, 'k': 5, 'en_cap_bars': False, 'cap_1min': 351}.
