[I 2026-07-13 15:32:14,055] Trial 1442 finished with values: [-233.95567092302727, -3553.296965747671, 36.65] and parameters: {'sl_soft': 0.01998398987844476, 'sl_hard_delta': 0.012510442083255932, 'tp': 0.044694053584836385, 'gate_pct': 97.17867644536658, 'dd_limit': 3.6482276224843235, 'cooldown': 15, 'flip': False, 'en_ema_trend': False, 'ema_trend_fast': 286, 'ema_trend_slow': 304, 'en_sma_trend': False, 'sma_trend_fast': 120, 'sma_trend_slow': 394, 'en_macd': False, 'macd_fast': 68, 'macd_slow': 189, 'macd_signal': 23, 'en_vwap': True, 'en_keltner': True, 'keltner_n': 59, 'keltner_m': 1.1, 'en_obv': False, 'obv_slope': 58, 'en_cci': False, 'cci_n': 98, 'cci_threshold': 75, 'en_rsi': True, 'rsi_n': 68, 'rsi_lower': 20, 'rsi_upper': 95, 'en_stochastic': False, 'stochastic_n': 97, 'stochastic_d': 16, 'stochastic_lower': 40, 'stochastic_upper': 68, 'en_mfi': False, 'mfi_n': 17, 'mfi_lower': 27, 'mfi_upper': 84, 'en_bollinger': True, 'bollinger_n': 173, 'bollinger_k': 4.2, 'en_adx': False, 'adx_n': 3, 'adx_threshold': 26, 'en_structure_trend': False, 'structure_trend_swing_l': 9, 'en_order_block': False, 'order_block_swing_l': 10, 'en_fvg': False, 'fvg_lookback': 19, 'en_ifvg': True, 'en_breaker': True, 'breaker_swing_l': 7, 'en_cisd': True, 'k': 2, 'en_cap_bars': True, 'cap_1min': 1339}.
[I 2026-07-13 15:32:15,038] Trial 1443 pruned. 
[I 2026-07-13 15:32:16,195] Trial 1444 pruned. 
[I 2026-07-13 15:32:19,009] Trial 1445 pruned. 
[I 2026-07-13 15:32:20,320] Trial 1446 pruned. 
[I 2026-07-13 15:32:21,022] Trial 1447 pruned. 
[I 2026-07-13 15:32:21,232] Trial 1448 pruned. 
[I 2026-07-13 15:32:21,650] Trial 1449 finished with values: [-422.9270471472546, -1075.1279471946873, 49.400000000000006] and parameters: {'sl_soft': 0.02075319889461138, 'sl_hard_delta': 0.022726861108552536, 'tp': 0.015284923526676798, 'gate_pct': 98.93711402329589, 'dd_limit': 3.6765110954600555, 'cooldown': 30, 'flip': False, 'en_ema_trend': True, 'ema_trend_fast': 57, 'ema_trend_slow': 367, 'en_sma_trend': True, 'sma_trend_fast': 167, 'sma_trend_slow': 12, 'en_macd': False, 'macd_fast': 60, 'macd_slow': 96, 'macd_signal': 40, 'en_vwap': False, 'en_keltner': True, 'keltner_n': 61, 'keltner_m': 0.9, 'en_obv': True, 'obv_slope': 191, 'en_cci': True, 'cci_n': 89, 'cci_threshold': 25, 'en_rsi': False, 'rsi_n': 34, 'rsi_lower': 20, 'rsi_upper': 77, 'en_stochastic': False, 'stochastic_n': 71, 'stochastic_d': 4, 'stochastic_lower': 33, 'stochastic_upper': 74, 'en_mfi': True, 'mfi_n': 66, 'mfi_lower': 8, 'mfi_upper': 71, 'en_bollinger': True, 'bollinger_n': 56, 'bollinger_k': 4.300000000000001, 'en_adx': False, 'adx_n': 9, 'adx_threshold': 7, 'en_structure_trend': True, 'structure_trend_swing_l': 13, 'en_order_block': True, 'order_block_swing_l': 12, 'en_fvg': False, 'fvg_lookback': 11, 'en_ifvg': True, 'en_breaker': True, 'breaker_swing_l': 18, 'en_cisd': True, 'k': 2, 'en_cap_bars': False, 'cap_1min': 963}.
[I 2026-07-13 15:32:25,441] Trial 1450 finished with values: [-287.53781334851067, -3263.3368855540793, 52.9] and parameters: {'sl_soft': 0.012449898143873723, 'sl_hard_delta': 0.00793963460816193, 'tp': 0.015284923526676798, 'gate_pct': 88.44397898231887, 'dd_limit': 3.6765110954600555, 'cooldown': 5, 'flip': False, 'en_ema_trend': True, 'ema_trend_fast': 57, 'ema_trend_slow': 91, 'en_sma_trend': True, 'sma_trend_fast': 210, 'sma_trend_slow': 185, 'en_macd': False, 'macd_fast': 100, 'macd_slow': 96, 'macd_signal': 57, 'en_vwap': False, 'en_keltner': True, 'keltner_n': 43, 'keltner_m': 3.6, 'en_obv': True, 'obv_slope': 158, 'en_cci': True, 'cci_n': 89, 'cci_threshold': 230, 'en_rsi': True, 'rsi_n': 59, 'rsi_lower': 20, 'rsi_upper': 90, 'en_stochastic': False, 'stochastic_n': 75, 'stochastic_d': 4, 'stochastic_lower': 16, 'stochastic_upper': 76, 'en_mfi': True, 'mfi_n': 87, 'mfi_lower': 22, 'mfi_upper': 71, 'en_bollinger': True, 'bollinger_n': 85, 'bollinger_k': 3.8000000000000003, 'en_adx': False, 'adx_n': 26, 'adx_threshold': 7, 'en_structure_trend': False, 'structure_trend_swing_l': 5, 'en_order_block': True, 'order_block_swing_l': 18, 'en_fvg': True, 'fvg_lookback': 39, 'en_ifvg': False, 'en_breaker': False, 'breaker_swing_l': 18, 'en_cisd': True, 'k': 2, 'en_cap_bars': True, 'cap_1min': 1013}.
[I 2026-07-13 15:32:31,552] Trial 1451 finished with values: [626.0295898473879, -1148.9787598643989, 46.2] and parameters: {'sl_soft': 0.01729086981430308, 'sl_hard_delta': 0.00610414585932106, 'tp': 0.03401493735707513, 'gate_pct': 96.7516051221724, 'dd_limit': 8.959003028808816, 'cooldown': 6, 'flip': True, 'en_ema_trend': False, 'ema_trend_fast': 282, 'ema_trend_slow': 187, 'en_sma_trend': True, 'sma_trend_fast': 360, 'sma_trend_slow': 29, 'en_macd': True, 'macd_fast': 54, 'macd_slow': 89, 'macd_signal': 91, 'en_vwap': True, 'en_keltner': False, 'keltner_n': 46, 'keltner_m': 0.9, 'en_obv': False, 'obv_slope': 177, 'en_cci': False, 'cci_n': 128, 'cci_threshold': 190, 'en_rsi': False, 'rsi_n': 94, 'rsi_lower': 38, 'rsi_upper': 55, 'en_stochastic': True, 'stochastic_n': 46, 'stochastic_d': 14, 'stochastic_lower': 40, 'stochastic_upper': 72, 'en_mfi': True, 'mfi_n': 45, 'mfi_lower': 12, 'mfi_upper': 73, 'en_bollinger': True, 'bollinger_n': 15, 'bollinger_k': 2.7, 'en_adx': False, 'adx_n': 35, 'adx_threshold': 8, 'en_structure_trend': False, 'structure_trend_swing_l': 14, 'en_order_block': False, 'order_block_swing_l': 12, 'en_fvg': False, 'fvg_lookback': 38, 'en_ifvg': False, 'en_breaker': False, 'breaker_swing_l': 3, 'en_cisd': False, 'k': 1, 'en_cap_bars': True, 'cap_1min': 85}.
[I 2026-07-13 15:32:37,295] Trial 1452 finished with values: [-802.9895714103221, -10931.425029780892, 47.15] and parameters: {'sl_soft': 0.015424929700676927, 'sl_hard_delta': 0.029725556735688736, 'tp': 0.04099097483938532, 'gate_pct': 96.87387275432529, 'dd_limit': 0.15273745375618156, 'cooldown': 0, 'flip': False, 'en_ema_trend': True, 'ema_trend_fast': 290, 'ema_trend_slow': 378, 'en_sma_trend': False, 'sma_trend_fast': 135, 'sma_trend_slow': 319, 'en_macd': True, 'macd_fast': 24, 'macd_slow': 136, 'macd_signal': 38, 'en_vwap': False, 'en_keltner': False, 'keltner_n': 176, 'keltner_m': 2.1, 'en_obv': False, 'obv_slope': 120, 'en_cci': False, 'cci_n': 180, 'cci_threshold': 260, 'en_rsi': True, 'rsi_n': 13, 'rsi_lower': 3, 'rsi_upper': 86, 'en_stochastic': False, 'stochastic_n': 96, 'stochastic_d': 27, 'stochastic_lower': 45, 'stochastic_upper': 52, 'en_mfi': True, 'mfi_n': 15, 'mfi_lower': 47, 'mfi_upper': 98, 'en_bollinger': False, 'bollinger_n': 115, 'bollinger_k': 0.9, 'en_adx': True, 'adx_n': 7, 'adx_threshold': 19, 'en_structure_trend': True, 'structure_trend_swing_l': 19, 'en_order_block': True, 'order_block_swing_l': 8, 'en_fvg': False, 'fvg_lookback': 48, 'en_ifvg': False, 'en_breaker': False, 'breaker_swing_l': 18, 'en_cisd': True, 'k': 1, 'en_cap_bars': False, 'cap_1min': 713}.
[I 2026-07-13 15:32:37,809] Trial 1453 finished with values: [96.00374077901807, -3503.8282846949187, 49.95] and parameters: {'sl_soft': 0.015396926007329708, 'sl_hard_delta': 0.01974966680532401, 'tp': 0.03279738638812957, 'gate_pct': 88.42317797990142, 'dd_limit': 7.950087265986371, 'cooldown': 0, 'flip': True, 'en_ema_trend': False, 'ema_trend_fast': 22, 'ema_trend_slow': 350, 'en_sma_trend': True, 'sma_trend_fast': 347, 'sma_trend_slow': 51, 'en_macd': True, 'macd_fast': 29, 'macd_slow': 88, 'macd_signal': 19, 'en_vwap': True, 'en_keltner': False, 'keltner_n': 20, 'keltner_m': 1.2000000000000002, 'en_obv': True, 'obv_slope': 87, 'en_cci': True, 'cci_n': 116, 'cci_threshold': 25, 'en_rsi': False, 'rsi_n': 42, 'rsi_lower': 13, 'rsi_upper': 68, 'en_stochastic': False, 'stochastic_n': 66, 'stochastic_d': 21, 'stochastic_lower': 43, 'stochastic_upper': 94, 'en_mfi': True, 'mfi_n': 6, 'mfi_lower': 13, 'mfi_upper': 90, 'en_bollinger': False, 'bollinger_n': 94, 'bollinger_k': 0.9, 'en_adx': False, 'adx_n': 12, 'adx_threshold': 25, 'en_structure_trend': False, 'structure_trend_swing_l': 1, 'en_order_block': False, 'order_block_swing_l': 13, 'en_fvg': True, 'fvg_lookback': 21, 'en_ifvg': True, 'en_breaker': False, 'breaker_swing_l': 11, 'en_cisd': False, 'k': 1, 'en_cap_bars': True, 'cap_1min': 6}.
[I 2026-07-13 15:32:40,529] Trial 1454 finished with values: [-418.6508090244523, -1556.8510829170636, 33.3] and parameters: {'sl_soft': 0.01998398987844476, 'sl_hard_delta': 0.017956019251315968, 'tp': 0.03401493735707513, 'gate_pct': 99.3861717774851, 'dd_limit': 7.499780143767761, 'cooldown': 24, 'flip': True, 'en_ema_trend': True, 'ema_trend_fast': 282, 'ema_trend_slow': 294, 'en_sma_trend': False, 'sma_trend_fast': 268, 'sma_trend_slow': 29, 'en_macd': False, 'macd_fast': 4, 'macd_slow': 3, 'macd_signal': 44, 'en_vwap': True, 'en_keltner': False, 'keltner_n': 22, 'keltner_m': 1.2000000000000002, 'en_obv': False, 'obv_slope': 69, 'en_cci': True, 'cci_n': 120, 'cci_threshold': 45, 'en_rsi': True, 'rsi_n': 41, 'rsi_lower': 22, 'rsi_upper': 55, 'en_stochastic': True, 'stochastic_n': 77, 'stochastic_d': 1, 'stochastic_lower': 21, 'stochastic_upper': 97, 'en_mfi': False, 'mfi_n': 9, 'mfi_lower': 13, 'mfi_upper': 90, 'en_bollinger': True, 'bollinger_n': 127, 'bollinger_k': 2.7, 'en_adx': False, 'adx_n': 96, 'adx_threshold': 26, 'en_structure_trend': True, 'structure_trend_swing_l': 9, 'en_order_block': True, 'order_block_swing_l': 4, 'en_fvg': False, 'fvg_lookback': 37, 'en_ifvg': False, 'en_breaker': False, 'breaker_swing_l': 6, 'en_cisd': False, 'k': 1, 'en_cap_bars': False, 'cap_1min': 1239}.
[I 2026-07-13 15:32:42,181] Trial 1455 finished with values: [-680.9473237491125, -2040.821376382737, 60.650000000000006] and parameters: {'sl_soft': 0.017743335662099798, 'sl_hard_delta': 0.029725556735688736, 'tp': 0.02345922914622859, 'gate_pct': 95.031393846183, 'dd_limit': 3.8524500851165895, 'cooldown': 9, 'flip': True, 'en_ema_trend': True, 'ema_trend_fast': 60, 'ema_trend_slow': 273, 'en_sma_trend': True, 'sma_trend_fast': 222, 'sma_trend_slow': 80, 'en_macd': False, 'macd_fast': 32, 'macd_slow': 168, 'macd_signal': 42, 'en_vwap': True, 'en_keltner': False, 'keltner_n': 56, 'keltner_m': 0.5, 'en_obv': False, 'obv_slope': 72, 'en_cci': False, 'cci_n': 180, 'cci_threshold': 145, 'en_rsi': False, 'rsi_n': 92, 'rsi_lower': 3, 'rsi_upper': 86, 'en_stochastic': False, 'stochastic_n': 79, 'stochastic_d': 49, 'stochastic_lower': 1, 'stochastic_upper': 89, 'en_mfi': True, 'mfi_n': 84, 'mfi_lower': 29, 'mfi_upper': 83, 'en_bollinger': False, 'bollinger_n': 139, 'bollinger_k': 1.4, 'en_adx': False, 'adx_n': 32, 'adx_threshold': 49, 'en_structure_trend': False, 'structure_trend_swing_l': 5, 'en_order_block': False, 'order_block_swing_l': 1, 'en_fvg': False, 'fvg_lookback': 33, 'en_ifvg': True, 'en_breaker': True, 'breaker_swing_l': 18, 'en_cisd': False, 'k': 2, 'en_cap_bars': False, 'cap_1min': 753}.
[I 2026-07-13 15:32:46,191] Trial 1456 finished with values: [-186.9709785008666, -1261.897086349535, 25.95] and parameters: {'sl_soft': 0.01023406377730282, 'sl_hard_delta': 0.00610414585932106, 'tp': 0.04310350832060598, 'gate_pct': 91.28320752104035, 'dd_limit': 3.6482276224843235, 'cooldown': 4, 'flip': False, 'en_ema_trend': True, 'ema_trend_fast': 93, 'ema_trend_slow': 176, 'en_sma_trend': True, 'sma_trend_fast': 360, 'sma_trend_slow': 394, 'en_macd': True, 'macd_fast': 71, 'macd_slow': 85, 'macd_signal': 91, 'en_vwap': True, 'en_keltner': True, 'keltner_n': 163, 'keltner_m': 4.0, 'en_obv': True, 'obv_slope': 58, 'en_cci': False, 'cci_n': 98, 'cci_threshold': 280, 'en_rsi': True, 'rsi_n': 93, 'rsi_lower': 43, 'rsi_upper': 68, 'en_stochastic': False, 'stochastic_n': 30, 'stochastic_d': 27, 'stochastic_lower': 40, 'stochastic_upper': 72, 'en_mfi': True, 'mfi_n': 17, 'mfi_lower': 12, 'mfi_upper': 58, 'en_bollinger': True, 'bollinger_n': 173, 'bollinger_k': 4.2, 'en_adx': False, 'adx_n': 3, 'adx_threshold': 8, 'en_structure_trend': False, 'structure_trend_swing_l': 5, 'en_order_block': False, 'order_block_swing_l': 6, 'en_fvg': False, 'fvg_lookback': 19, 'en_ifvg': False, 'en_breaker': True, 'breaker_swing_l': 3, 'en_cisd': True, 'k': 1, 'en_cap_bars': True, 'cap_1min': 456}.
[I 2026-07-13 15:32:46,434] Trial 1457 pruned. 
[I 2026-07-13 15:32:48,482] Trial 1458 pruned. 
[I 2026-07-13 15:32:48,991] Trial 1459 pruned. 
[I 2026-07-13 15:32:50,099] Trial 1460 finished with values: [-18.95896269479286, -1294.908647980293, 50.55] and parameters: {'sl_soft': 0.02075319889461138, 'sl_hard_delta': 0.02983865645256265, 'tp': 0.04099097483938532, 'gate_pct': 86.0615358098054, 'dd_limit': 3.8524500851165895, 'cooldown': 20, 'flip': True, 'en_ema_trend': True, 'ema_trend_fast': 323, 'ema_trend_slow': 136, 'en_sma_trend': True, 'sma_trend_fast': 222, 'sma_trend_slow': 242, 'en_macd': False, 'macd_fast': 64, 'macd_slow': 11, 'macd_signal': 18, 'en_vwap': True, 'en_keltner': True, 'keltner_n': 43, 'keltner_m': 2.1, 'en_obv': True, 'obv_slope': 158, 'en_cci': False, 'cci_n': 7, 'cci_threshold': 145, 'en_rsi': False, 'rsi_n': 59, 'rsi_lower': 30, 'rsi_upper': 89, 'en_stochastic': False, 'stochastic_n': 97, 'stochastic_d': 4, 'stochastic_lower': 21, 'stochastic_upper': 53, 'en_mfi': False, 'mfi_n': 44, 'mfi_lower': 22, 'mfi_upper': 94, 'en_bollinger': False, 'bollinger_n': 85, 'bollinger_k': 1.4, 'en_adx': True, 'adx_n': 40, 'adx_threshold': 7, 'en_structure_trend': False, 'structure_trend_swing_l': 3, 'en_order_block': False, 'order_block_swing_l': 4, 'en_fvg': False, 'fvg_lookback': 48, 'en_ifvg': False, 'en_breaker': False, 'breaker_swing_l': 5, 'en_cisd': False, 'k': 1, 'en_cap_bars': True, 'cap_1min': 753}.
[I 2026-07-13 15:32:53,391] Trial 1461 finished with values: [-1402.4889097883174, -5780.311919978516, 53.150000000000006] and parameters: {'sl_soft': 0.012449898143873723, 'sl_hard_delta': 0.025651948465618055, 'tp': 0.01660067255960589, 'gate_pct': 88.44397898231887, 'dd_limit': 0.5820363533127576, 'cooldown': 5, 'flip': False, 'en_ema_trend': False, 'ema_trend_fast': 164, 'ema_trend_slow': 5, 'en_sma_trend': False, 'sma_trend_fast': 210, 'sma_trend_slow': 185, 'en_macd': False, 'macd_fast': 100, 'macd_slow': 164, 'macd_signal': 60, 'en_vwap': False, 'en_keltner': True, 'keltner_n': 67, 'keltner_m': 1.3, 'en_obv': True, 'obv_slope': 104, 'en_cci': True, 'cci_n': 135, 'cci_threshold': 155, 'en_rsi': True, 'rsi_n': 40, 'rsi_lower': 24, 'rsi_upper': 64, 'en_stochastic': False, 'stochastic_n': 86, 'stochastic_d': 35, 'stochastic_lower': 16, 'stochastic_upper': 76, 'en_mfi': False, 'mfi_n': 42, 'mfi_lower': 1, 'mfi_upper': 78, 'en_bollinger': True, 'bollinger_n': 15, 'bollinger_k': 3.8000000000000003, 'en_adx': False, 'adx_n': 70, 'adx_threshold': 49, 'en_structure_trend': False, 'structure_trend_swing_l': 5, 'en_order_block': False, 'order_block_swing_l': 9, 'en_fvg': True, 'fvg_lookback': 39, 'en_ifvg': False, 'en_breaker': True, 'breaker_swing_l': 11, 'en_cisd': False, 'k': 3, 'en_cap_bars': False, 'cap_1min': 887}.
[I 2026-07-13 15:32:53,895] Trial 1462 pruned. 
[I 2026-07-13 15:32:58,347] Trial 1463 finished with values: [-328.68169540115844, -2256.442388620597, 60.8] and parameters: {'sl_soft': 0.016801614678568503, 'sl_hard_delta': 0.022726861108552536, 'tp': 0.020063237332449173, 'gate_pct': 99.3861717774851, 'dd_limit': 3.6765110954600555, 'cooldown': 24, 'flip': False, 'en_ema_trend': True, 'ema_trend_fast': 91, 'ema_trend_slow': 294, 'en_sma_trend': False, 'sma_trend_fast': 196, 'sma_trend_slow': 58, 'en_macd': False, 'macd_fast': 6, 'macd_slow': 96, 'macd_signal': 44, 'en_vwap': True, 'en_keltner': True, 'keltner_n': 22, 'keltner_m': 0.9, 'en_obv': True, 'obv_slope': 69, 'en_cci': True, 'cci_n': 10, 'cci_threshold': 180, 'en_rsi': True, 'rsi_n': 83, 'rsi_lower': 22, 'rsi_upper': 69, 'en_stochastic': False, 'stochastic_n': 77, 'stochastic_d': 1, 'stochastic_lower': 21, 'stochastic_upper': 97, 'en_mfi': False, 'mfi_n': 9, 'mfi_lower': 13, 'mfi_upper': 90, 'en_bollinger': True, 'bollinger_n': 85, 'bollinger_k': 4.300000000000001, 'en_adx': False, 'adx_n': 40, 'adx_threshold': 26, 'en_structure_trend': False, 'structure_trend_swing_l': 7, 'en_order_block': True, 'order_block_swing_l': 18, 'en_fvg': False, 'fvg_lookback': 37, 'en_ifvg': True, 'en_breaker': True, 'breaker_swing_l': 18, 'en_cisd': False, 'k': 1, 'en_cap_bars': True, 'cap_1min': 1013}.
[I 2026-07-13 15:32:59,746] Trial 1464 finished with values: [-0.8660074356470204, -2470.681664742642, 48.9] and parameters: {'sl_soft': 0.015396926007329708, 'sl_hard_delta': 0.01974966680532401, 'tp': 0.03279738638812957, 'gate_pct': 86.42595282114276, 'dd_limit': 7.950087265986371, 'cooldown': 0, 'flip': True, 'en_ema_trend': True, 'ema_trend_fast': 126, 'ema_trend_slow': 348, 'en_sma_trend': True, 'sma_trend_fast': 367, 'sma_trend_slow': 338, 'en_macd': True, 'macd_fast': 29, 'macd_slow': 88, 'macd_signal': 23, 'en_vwap': True, 'en_keltner': False, 'keltner_n': 87, 'keltner_m': 1.2000000000000002, 'en_obv': False, 'obv_slope': 87, 'en_cci': True, 'cci_n': 59, 'cci_threshold': 75, 'en_rsi': False, 'rsi_n': 42, 'rsi_lower': 18, 'rsi_upper': 74, 'en_stochastic': True, 'stochastic_n': 13, 'stochastic_d': 41, 'stochastic_lower': 36, 'stochastic_upper': 51, 'en_mfi': False, 'mfi_n': 6, 'mfi_lower': 7, 'mfi_upper': 96, 'en_bollinger': False, 'bollinger_n': 112, 'bollinger_k': 0.9, 'en_adx': False, 'adx_n': 79, 'adx_threshold': 25, 'en_structure_trend': False, 'structure_trend_swing_l': 11, 'en_order_block': False, 'order_block_swing_l': 11, 'en_fvg': False, 'fvg_lookback': 21, 'en_ifvg': True, 'en_breaker': False, 'breaker_swing_l': 11, 'en_cisd': False, 'k': 1, 'en_cap_bars': True, 'cap_1min': 6}.
[I 2026-07-13 15:33:09,295] Trial 1465 finished with values: [-255.11264305205117, -1714.1421576573277, 59.8] and parameters: {'sl_soft': 0.01998398987844476, 'sl_hard_delta': 0.017956019251315968, 'tp': 0.01219055325535965, 'gate_pct': 99.16215050807807, 'dd_limit': 7.499780143767761, 'cooldown': 15, 'flip': False, 'en_ema_trend': False, 'ema_trend_fast': 282, 'ema_trend_slow': 334, 'en_sma_trend': True, 'sma_trend_fast': 268, 'sma_trend_slow': 29, 'en_macd': False, 'macd_fast': 4, 'macd_slow': 167, 'macd_signal': 70, 'en_vwap': False, 'en_keltner': True, 'keltner_n': 48, 'keltner_m': 1.5, 'en_obv': False, 'obv_slope': 68, 'en_cci': True, 'cci_n': 128, 'cci_threshold': 160, 'en_rsi': True, 'rsi_n': 41, 'rsi_lower': 20, 'rsi_upper': 65, 'en_stochastic': True, 'stochastic_n': 86, 'stochastic_d': 31, 'stochastic_lower': 27, 'stochastic_upper': 68, 'en_mfi': False, 'mfi_n': 6, 'mfi_lower': 28, 'mfi_upper': 51, 'en_bollinger': True, 'bollinger_n': 127, 'bollinger_k': 3.4000000000000004, 'en_adx': False, 'adx_n': 90, 'adx_threshold': 43, 'en_structure_trend': True, 'structure_trend_swing_l': 9, 'en_order_block': False, 'order_block_swing_l': 7, 'en_fvg': False, 'fvg_lookback': 9, 'en_ifvg': False, 'en_breaker': True, 'breaker_swing_l': 16, 'en_cisd': False, 'k': 4, 'en_cap_bars': False, 'cap_1min': 1339}.
[I 2026-07-13 15:33:17,621] Trial 1466 finished with values: [-2618.025564235209, -15840.950259490468, 45.25] and parameters: {'sl_soft': 0.01998398987844476, 'sl_hard_delta': 0.01974966680532401, 'tp': 0.03401493735707513, 'gate_pct': 94.32553955536301, 'dd_limit': 7.499780143767761, 'cooldown': 0, 'flip': False, 'en_ema_trend': True, 'ema_trend_fast': 282, 'ema_trend_slow': 350, 'en_sma_trend': False, 'sma_trend_fast': 265, 'sma_trend_slow': 29, 'en_macd': True, 'macd_fast': 19, 'macd_slow': 80, 'macd_signal': 23, 'en_vwap': False, 'en_keltner': True, 'keltner_n': 59, 'keltner_m': 1.5, 'en_obv': True, 'obv_slope': 29, 'en_cci': True, 'cci_n': 128, 'cci_threshold': 205, 'en_rsi': False, 'rsi_n': 41, 'rsi_lower': 20, 'rsi_upper': 55, 'en_stochastic': True, 'stochastic_n': 87, 'stochastic_d': 16, 'stochastic_lower': 27, 'stochastic_upper': 72, 'en_mfi': False, 'mfi_n': 83, 'mfi_lower': 22, 'mfi_upper': 90, 'en_bollinger': True, 'bollinger_n': 127, 'bollinger_k': 3.4000000000000004, 'en_adx': False, 'adx_n': 79, 'adx_threshold': 20, 'en_structure_trend': False, 'structure_trend_swing_l': 9, 'en_order_block': True, 'order_block_swing_l': 7, 'en_fvg': False, 'fvg_lookback': 31, 'en_ifvg': True, 'en_breaker': False, 'breaker_swing_l': 19, 'en_cisd': False, 'k': 1, 'en_cap_bars': True, 'cap_1min': 542}.
[I 2026-07-13 15:33:19,574] Trial 1467 pruned. 
[I 2026-07-13 15:33:20,054] Trial 1468 finished with values: [-371.65021862193726, -1023.85111866937, 49.400000000000006] and parameters: {'sl_soft': 0.02075319889461138, 'sl_hard_delta': 0.022726861108552536, 'tp': 0.01870337876170232, 'gate_pct': 98.93711402329589, 'dd_limit': 3.6765110954600555, 'cooldown': 30, 'flip': False, 'en_ema_trend': True, 'ema_trend_fast': 57, 'ema_trend_slow': 367, 'en_sma_trend': True, 'sma_trend_fast': 167, 'sma_trend_slow': 12, 'en_macd': False, 'macd_fast': 60, 'macd_slow': 96, 'macd_signal': 40, 'en_vwap': False, 'en_keltner': True, 'keltner_n': 61, 'keltner_m': 0.9, 'en_obv': True, 'obv_slope': 191, 'en_cci': True, 'cci_n': 89, 'cci_threshold': 25, 'en_rsi': False, 'rsi_n': 34, 'rsi_lower': 20, 'rsi_upper': 77, 'en_stochastic': False, 'stochastic_n': 71, 'stochastic_d': 4, 'stochastic_lower': 33, 'stochastic_upper': 74, 'en_mfi': True, 'mfi_n': 66, 'mfi_lower': 8, 'mfi_upper': 71, 'en_bollinger': True, 'bollinger_n': 56, 'bollinger_k': 4.300000000000001, 'en_adx': False, 'adx_n': 40, 'adx_threshold': 7, 'en_structure_trend': True, 'structure_trend_swing_l': 13, 'en_order_block': True, 'order_block_swing_l': 12, 'en_fvg': False, 'fvg_lookback': 11, 'en_ifvg': True, 'en_breaker': True, 'breaker_swing_l': 18, 'en_cisd': True, 'k': 2, 'en_cap_bars': False, 'cap_1min': 963}.
[I 2026-07-13 15:33:22,230] Trial 1469 pruned. 
[I 2026-07-13 15:33:22,612] Trial 1470 pruned. 
[I 2026-07-13 15:33:23,717] Trial 1471 pruned. 
