[I 2026-07-13 15:44:46,247] Trial 1758 finished with values: [-107.88279261582551, -1595.251482030662, 36.65] and parameters: {'sl_soft': 0.023138233233501303, 'sl_hard_delta': 0.0027263521951513352, 'tp': 0.04310350832060598, 'gate_pct': 97.17867644536658, 'dd_limit': 2.802293197200579, 'cooldown': 4, 'flip': False, 'en_ema_trend': False, 'ema_trend_fast': 339, 'ema_trend_slow': 298, 'en_sma_trend': True, 'sma_trend_fast': 89, 'sma_trend_slow': 185, 'en_macd': False, 'macd_fast': 82, 'macd_slow': 85, 'macd_signal': 83, 'en_vwap': False, 'en_keltner': False, 'keltner_n': 52, 'keltner_m': 4.0, 'en_obv': True, 'obv_slope': 85, 'en_cci': False, 'cci_n': 77, 'cci_threshold': 75, 'en_rsi': True, 'rsi_n': 68, 'rsi_lower': 39, 'rsi_upper': 95, 'en_stochastic': True, 'stochastic_n': 99, 'stochastic_d': 32, 'stochastic_lower': 37, 'stochastic_upper': 93, 'en_mfi': False, 'mfi_n': 39, 'mfi_lower': 1, 'mfi_upper': 80, 'en_bollinger': True, 'bollinger_n': 173, 'bollinger_k': 2.3, 'en_adx': False, 'adx_n': 3, 'adx_threshold': 40, 'en_structure_trend': True, 'structure_trend_swing_l': 5, 'en_order_block': True, 'order_block_swing_l': 9, 'en_fvg': True, 'fvg_lookback': 46, 'en_ifvg': False, 'en_breaker': True, 'breaker_swing_l': 17, 'en_cisd': True, 'k': 2, 'en_cap_bars': True, 'cap_1min': 1109}.
[I 2026-07-13 15:44:48,873] Trial 1759 pruned. 
[I 2026-07-13 15:44:50,536] Trial 1760 finished with values: [866.9402332950149, -3241.970578859679, 34.05] and parameters: {'sl_soft': 0.014509835179219626, 'sl_hard_delta': 0.00610414585932106, 'tp': 0.04310350832060598, 'gate_pct': 95.95343074681206, 'dd_limit': 1.7439494970493132, 'cooldown': 7, 'flip': True, 'en_ema_trend': False, 'ema_trend_fast': 93, 'ema_trend_slow': 187, 'en_sma_trend': True, 'sma_trend_fast': 187, 'sma_trend_slow': 50, 'en_macd': True, 'macd_fast': 60, 'macd_slow': 56, 'macd_signal': 83, 'en_vwap': True, 'en_keltner': True, 'keltner_n': 17, 'keltner_m': 4.0, 'en_obv': True, 'obv_slope': 68, 'en_cci': False, 'cci_n': 32, 'cci_threshold': 250, 'en_rsi': True, 'rsi_n': 75, 'rsi_lower': 43, 'rsi_upper': 65, 'en_stochastic': False, 'stochastic_n': 46, 'stochastic_d': 27, 'stochastic_lower': 38, 'stochastic_upper': 72, 'en_mfi': False, 'mfi_n': 7, 'mfi_lower': 46, 'mfi_upper': 59, 'en_bollinger': False, 'bollinger_n': 40, 'bollinger_k': 1.7000000000000002, 'en_adx': False, 'adx_n': 90, 'adx_threshold': 8, 'en_structure_trend': False, 'structure_trend_swing_l': 14, 'en_order_block': False, 'order_block_swing_l': 10, 'en_fvg': True, 'fvg_lookback': 41, 'en_ifvg': False, 'en_breaker': True, 'breaker_swing_l': 16, 'en_cisd': False, 'k': 5, 'en_cap_bars': True, 'cap_1min': 898}.
[I 2026-07-13 15:44:51,503] Trial 1761 finished with values: [587.0016735214987, -3531.853625581004, 30.65] and parameters: {'sl_soft': 0.014509835179219626, 'sl_hard_delta': 0.0027263521951513352, 'tp': 0.04310350832060598, 'gate_pct': 95.031393846183, 'dd_limit': 0.7899894121384478, 'cooldown': 7, 'flip': True, 'en_ema_trend': False, 'ema_trend_fast': 102, 'ema_trend_slow': 176, 'en_sma_trend': True, 'sma_trend_fast': 89, 'sma_trend_slow': 164, 'en_macd': True, 'macd_fast': 32, 'macd_slow': 127, 'macd_signal': 83, 'en_vwap': True, 'en_keltner': True, 'keltner_n': 17, 'keltner_m': 4.8, 'en_obv': True, 'obv_slope': 110, 'en_cci': False, 'cci_n': 98, 'cci_threshold': 75, 'en_rsi': False, 'rsi_n': 75, 'rsi_lower': 13, 'rsi_upper': 68, 'en_stochastic': False, 'stochastic_n': 26, 'stochastic_d': 27, 'stochastic_lower': 38, 'stochastic_upper': 72, 'en_mfi': False, 'mfi_n': 59, 'mfi_lower': 46, 'mfi_upper': 59, 'en_bollinger': False, 'bollinger_n': 71, 'bollinger_k': 4.7, 'en_adx': False, 'adx_n': 24, 'adx_threshold': 53, 'en_structure_trend': False, 'structure_trend_swing_l': 2, 'en_order_block': False, 'order_block_swing_l': 2, 'en_fvg': True, 'fvg_lookback': 40, 'en_ifvg': False, 'en_breaker': True, 'breaker_swing_l': 8, 'en_cisd': False, 'k': 1, 'en_cap_bars': True, 'cap_1min': 249}.
[I 2026-07-13 15:44:51,830] Trial 1762 pruned. 
[I 2026-07-13 15:44:54,320] Trial 1763 finished with values: [1758.4002746326098, -4169.18292865958, 59.8] and parameters: {'sl_soft': 0.02449367366774731, 'sl_hard_delta': 0.020015892548318943, 'tp': 0.03784160265645054, 'gate_pct': 86.42595282114276, 'dd_limit': 0.7899894121384478, 'cooldown': 0, 'flip': True, 'en_ema_trend': True, 'ema_trend_fast': 270, 'ema_trend_slow': 350, 'en_sma_trend': True, 'sma_trend_fast': 89, 'sma_trend_slow': 394, 'en_macd': False, 'macd_fast': 88, 'macd_slow': 167, 'macd_signal': 91, 'en_vwap': True, 'en_keltner': False, 'keltner_n': 59, 'keltner_m': 4.0, 'en_obv': True, 'obv_slope': 177, 'en_cci': False, 'cci_n': 118, 'cci_threshold': 250, 'en_rsi': True, 'rsi_n': 30, 'rsi_lower': 16, 'rsi_upper': 74, 'en_stochastic': False, 'stochastic_n': 13, 'stochastic_d': 27, 'stochastic_lower': 40, 'stochastic_upper': 72, 'en_mfi': False, 'mfi_n': 45, 'mfi_lower': 13, 'mfi_upper': 73, 'en_bollinger': False, 'bollinger_n': 54, 'bollinger_k': 3.8000000000000003, 'en_adx': False, 'adx_n': 35, 'adx_threshold': 8, 'en_structure_trend': False, 'structure_trend_swing_l': 5, 'en_order_block': True, 'order_block_swing_l': 4, 'en_fvg': True, 'fvg_lookback': 40, 'en_ifvg': True, 'en_breaker': True, 'breaker_swing_l': 3, 'en_cisd': False, 'k': 2, 'en_cap_bars': True, 'cap_1min': 85}.
[I 2026-07-13 15:44:56,995] Trial 1764 finished with values: [-897.0775984998979, -1536.1602568520634, 60.65] and parameters: {'sl_soft': 0.012449898143873723, 'sl_hard_delta': 0.036998245871933615, 'tp': 0.01104713204540288, 'gate_pct': 95.95343074681206, 'dd_limit': 0.5820363533127576, 'cooldown': 20, 'flip': True, 'en_ema_trend': True, 'ema_trend_fast': 339, 'ema_trend_slow': 218, 'en_sma_trend': False, 'sma_trend_fast': 210, 'sma_trend_slow': 185, 'en_macd': False, 'macd_fast': 100, 'macd_slow': 85, 'macd_signal': 83, 'en_vwap': True, 'en_keltner': True, 'keltner_n': 17, 'keltner_m': 1.3, 'en_obv': False, 'obv_slope': 36, 'en_cci': False, 'cci_n': 98, 'cci_threshold': 250, 'en_rsi': False, 'rsi_n': 27, 'rsi_lower': 13, 'rsi_upper': 94, 'en_stochastic': False, 'stochastic_n': 26, 'stochastic_d': 27, 'stochastic_lower': 38, 'stochastic_upper': 76, 'en_mfi': False, 'mfi_n': 87, 'mfi_lower': 1, 'mfi_upper': 80, 'en_bollinger': True, 'bollinger_n': 176, 'bollinger_k': 1.7000000000000002, 'en_adx': False, 'adx_n': 24, 'adx_threshold': 53, 'en_structure_trend': True, 'structure_trend_swing_l': 2, 'en_order_block': False, 'order_block_swing_l': 19, 'en_fvg': True, 'fvg_lookback': 39, 'en_ifvg': False, 'en_breaker': True, 'breaker_swing_l': 11, 'en_cisd': False, 'k': 2, 'en_cap_bars': False, 'cap_1min': 1109}.
[I 2026-07-13 15:44:58,994] Trial 1765 pruned. 
[I 2026-07-13 15:45:00,098] Trial 1766 pruned. 
[I 2026-07-13 15:45:02,604] Trial 1767 finished with values: [-6.8496063106416045, -1880.5186091839232, 40.349999999999994] and parameters: {'sl_soft': 0.015396926007329708, 'sl_hard_delta': 0.00610414585932106, 'tp': 0.03279738638812957, 'gate_pct': 86.42595282114276, 'dd_limit': 8.990165933787594, 'cooldown': 4, 'flip': False, 'en_ema_trend': True, 'ema_trend_fast': 360, 'ema_trend_slow': 176, 'en_sma_trend': True, 'sma_trend_fast': 360, 'sma_trend_slow': 19, 'en_macd': False, 'macd_fast': 29, 'macd_slow': 191, 'macd_signal': 43, 'en_vwap': True, 'en_keltner': True, 'keltner_n': 59, 'keltner_m': 4.0, 'en_obv': False, 'obv_slope': 192, 'en_cci': True, 'cci_n': 118, 'cci_threshold': 275, 'en_rsi': False, 'rsi_n': 93, 'rsi_lower': 16, 'rsi_upper': 68, 'en_stochastic': False, 'stochastic_n': 30, 'stochastic_d': 27, 'stochastic_lower': 40, 'stochastic_upper': 51, 'en_mfi': False, 'mfi_n': 72, 'mfi_lower': 32, 'mfi_upper': 58, 'en_bollinger': False, 'bollinger_n': 54, 'bollinger_k': 4.8, 'en_adx': False, 'adx_n': 3, 'adx_threshold': 29, 'en_structure_trend': False, 'structure_trend_swing_l': 5, 'en_order_block': True, 'order_block_swing_l': 4, 'en_fvg': False, 'fvg_lookback': 40, 'en_ifvg': False, 'en_breaker': True, 'breaker_swing_l': 17, 'en_cisd': True, 'k': 2, 'en_cap_bars': True, 'cap_1min': 61}.
[I 2026-07-13 15:45:02,979] Trial 1768 pruned. 
[I 2026-07-13 15:45:03,686] Trial 1769 finished with values: [-132.61027023968808, -555.1549881455742, 34.3] and parameters: {'sl_soft': 0.01239372502010468, 'sl_hard_delta': 0.0021822480591295163, 'tp': 0.023258156370033756, 'gate_pct': 99.52194572971088, 'dd_limit': 8.990165933787594, 'cooldown': 15, 'flip': False, 'en_ema_trend': True, 'ema_trend_fast': 323, 'ema_trend_slow': 362, 'en_sma_trend': True, 'sma_trend_fast': 22, 'sma_trend_slow': 100, 'en_macd': False, 'macd_fast': 82, 'macd_slow': 127, 'macd_signal': 83, 'en_vwap': True, 'en_keltner': False, 'keltner_n': 59, 'keltner_m': 0.5, 'en_obv': True, 'obv_slope': 85, 'en_cci': False, 'cci_n': 118, 'cci_threshold': 145, 'en_rsi': False, 'rsi_n': 79, 'rsi_lower': 16, 'rsi_upper': 89, 'en_stochastic': True, 'stochastic_n': 55, 'stochastic_d': 16, 'stochastic_lower': 37, 'stochastic_upper': 89, 'en_mfi': True, 'mfi_n': 65, 'mfi_lower': 27, 'mfi_upper': 84, 'en_bollinger': False, 'bollinger_n': 54, 'bollinger_k': 2.3, 'en_adx': False, 'adx_n': 41, 'adx_threshold': 40, 'en_structure_trend': True, 'structure_trend_swing_l': 9, 'en_order_block': False, 'order_block_swing_l': 10, 'en_fvg': False, 'fvg_lookback': 23, 'en_ifvg': False, 'en_breaker': True, 'breaker_swing_l': 17, 'en_cisd': True, 'k': 2, 'en_cap_bars': True, 'cap_1min': 61}.
[I 2026-07-13 15:45:04,296] Trial 1770 finished with values: [644.9816085081039, -727.0578196784072, 48.15] and parameters: {'sl_soft': 0.012449898143873723, 'sl_hard_delta': 0.00793963460816193, 'tp': 0.03279738638812957, 'gate_pct': 95.95343074681206, 'dd_limit': 0.5820363533127576, 'cooldown': 5, 'flip': True, 'en_ema_trend': False, 'ema_trend_fast': 205, 'ema_trend_slow': 218, 'en_sma_trend': False, 'sma_trend_fast': 89, 'sma_trend_slow': 19, 'en_macd': True, 'macd_fast': 82, 'macd_slow': 127, 'macd_signal': 83, 'en_vwap': False, 'en_keltner': True, 'keltner_n': 70, 'keltner_m': 1.3, 'en_obv': False, 'obv_slope': 36, 'en_cci': False, 'cci_n': 135, 'cci_threshold': 55, 'en_rsi': True, 'rsi_n': 27, 'rsi_lower': 18, 'rsi_upper': 74, 'en_stochastic': False, 'stochastic_n': 75, 'stochastic_d': 27, 'stochastic_lower': 16, 'stochastic_upper': 72, 'en_mfi': False, 'mfi_n': 7, 'mfi_lower': 46, 'mfi_upper': 63, 'en_bollinger': True, 'bollinger_n': 176, 'bollinger_k': 3.8000000000000003, 'en_adx': False, 'adx_n': 26, 'adx_threshold': 8, 'en_structure_trend': True, 'structure_trend_swing_l': 5, 'en_order_block': False, 'order_block_swing_l': 4, 'en_fvg': True, 'fvg_lookback': 40, 'en_ifvg': True, 'en_breaker': True, 'breaker_swing_l': 1, 'en_cisd': False, 'k': 2, 'en_cap_bars': False, 'cap_1min': 249}.
[I 2026-07-13 15:45:04,767] Trial 1771 finished with values: [772.7613490460961, -2591.0406389777304, 62.55] and parameters: {'sl_soft': 0.02578091656329544, 'sl_hard_delta': 0.020015892548318943, 'tp': 0.03401493735707513, 'gate_pct': 86.42595282114276, 'dd_limit': 0.7899894121384478, 'cooldown': 0, 'flip': True, 'en_ema_trend': False, 'ema_trend_fast': 282, 'ema_trend_slow': 350, 'en_sma_trend': True, 'sma_trend_fast': 89, 'sma_trend_slow': 19, 'en_macd': False, 'macd_fast': 88, 'macd_slow': 167, 'macd_signal': 24, 'en_vwap': False, 'en_keltner': False, 'keltner_n': 87, 'keltner_m': 1.2000000000000002, 'en_obv': True, 'obv_slope': 177, 'en_cci': True, 'cci_n': 128, 'cci_threshold': 250, 'en_rsi': True, 'rsi_n': 42, 'rsi_lower': 38, 'rsi_upper': 74, 'en_stochastic': True, 'stochastic_n': 13, 'stochastic_d': 27, 'stochastic_lower': 36, 'stochastic_upper': 93, 'en_mfi': False, 'mfi_n': 45, 'mfi_lower': 13, 'mfi_upper': 73, 'en_bollinger': False, 'bollinger_n': 127, 'bollinger_k': 3.8000000000000003, 'en_adx': False, 'adx_n': 35, 'adx_threshold': 20, 'en_structure_trend': False, 'structure_trend_swing_l': 20, 'en_order_block': True, 'order_block_swing_l': 4, 'en_fvg': False, 'fvg_lookback': 40, 'en_ifvg': True, 'en_breaker': False, 'breaker_swing_l': 3, 'en_cisd': False, 'k': 4, 'en_cap_bars': True, 'cap_1min': 85}.
[I 2026-07-13 15:45:06,541] Trial 1772 pruned. 
[I 2026-07-13 15:45:10,296] Trial 1773 pruned. 
[I 2026-07-13 15:45:11,938] Trial 1774 finished with values: [-688.0423122234447, -9821.35023812297, 64.95] and parameters: {'sl_soft': 0.02449367366774731, 'sl_hard_delta': 0.00793963460816193, 'tp': 0.01104713204540288, 'gate_pct': 91.49650994027499, 'dd_limit': 8.990165933787594, 'cooldown': 5, 'flip': False, 'en_ema_trend': True, 'ema_trend_fast': 270, 'ema_trend_slow': 176, 'en_sma_trend': True, 'sma_trend_fast': 210, 'sma_trend_slow': 185, 'en_macd': False, 'macd_fast': 100, 'macd_slow': 150, 'macd_signal': 91, 'en_vwap': False, 'en_keltner': True, 'keltner_n': 70, 'keltner_m': 1.3, 'en_obv': False, 'obv_slope': 85, 'en_cci': True, 'cci_n': 135, 'cci_threshold': 135, 'en_rsi': False, 'rsi_n': 93, 'rsi_lower': 34, 'rsi_upper': 94, 'en_stochastic': False, 'stochastic_n': 30, 'stochastic_d': 27, 'stochastic_lower': 16, 'stochastic_upper': 76, 'en_mfi': True, 'mfi_n': 45, 'mfi_lower': 27, 'mfi_upper': 80, 'en_bollinger': True, 'bollinger_n': 54, 'bollinger_k': 3.8000000000000003, 'en_adx': False, 'adx_n': 3, 'adx_threshold': 8, 'en_structure_trend': False, 'structure_trend_swing_l': 5, 'en_order_block': True, 'order_block_swing_l': 10, 'en_fvg': False, 'fvg_lookback': 39, 'en_ifvg': False, 'en_breaker': True, 'breaker_swing_l': 11, 'en_cisd': True, 'k': 2, 'en_cap_bars': True, 'cap_1min': 1109}.
[I 2026-07-13 15:45:13,911] Trial 1775 finished with values: [-1912.2540444399228, -6178.247686017676, 45.400000000000006] and parameters: {'sl_soft': 0.014509835179219626, 'sl_hard_delta': 0.036998245871933615, 'tp': 0.04310350832060598, 'gate_pct': 95.95343074681206, 'dd_limit': 0.7899894121384478, 'cooldown': 4, 'flip': False, 'en_ema_trend': True, 'ema_trend_fast': 93, 'ema_trend_slow': 176, 'en_sma_trend': True, 'sma_trend_fast': 360, 'sma_trend_slow': 394, 'en_macd': True, 'macd_fast': 71, 'macd_slow': 85, 'macd_signal': 83, 'en_vwap': True, 'en_keltner': True, 'keltner_n': 17, 'keltner_m': 4.0, 'en_obv': True, 'obv_slope': 110, 'en_cci': False, 'cci_n': 98, 'cci_threshold': 250, 'en_rsi': False, 'rsi_n': 75, 'rsi_lower': 13, 'rsi_upper': 68, 'en_stochastic': False, 'stochastic_n': 26, 'stochastic_d': 27, 'stochastic_lower': 40, 'stochastic_upper': 72, 'en_mfi': False, 'mfi_n': 59, 'mfi_lower': 46, 'mfi_upper': 59, 'en_bollinger': False, 'bollinger_n': 40, 'bollinger_k': 4.2, 'en_adx': False, 'adx_n': 3, 'adx_threshold': 53, 'en_structure_trend': True, 'structure_trend_swing_l': 2, 'en_order_block': False, 'order_block_swing_l': 6, 'en_fvg': False, 'fvg_lookback': 40, 'en_ifvg': False, 'en_breaker': True, 'breaker_swing_l': 3, 'en_cisd': False, 'k': 5, 'en_cap_bars': True, 'cap_1min': 249}.
[I 2026-07-13 15:45:15,819] Trial 1776 finished with values: [-248.2817668761328, -2205.594757160973, 50.55] and parameters: {'sl_soft': 0.012820739421266155, 'sl_hard_delta': 0.02484677677105232, 'tp': 0.035245255052063384, 'gate_pct': 97.28704165170988, 'dd_limit': 0.7899894121384478, 'cooldown': 7, 'flip': True, 'en_ema_trend': False, 'ema_trend_fast': 205, 'ema_trend_slow': 187, 'en_sma_trend': False, 'sma_trend_fast': 360, 'sma_trend_slow': 222, 'en_macd': True, 'macd_fast': 91, 'macd_slow': 42, 'macd_signal': 18, 'en_vwap': True, 'en_keltner': True, 'keltner_n': 123, 'keltner_m': 2.5, 'en_obv': True, 'obv_slope': 14, 'en_cci': False, 'cci_n': 54, 'cci_threshold': 300, 'en_rsi': True, 'rsi_n': 68, 'rsi_lower': 43, 'rsi_upper': 81, 'en_stochastic': False, 'stochastic_n': 62, 'stochastic_d': 40, 'stochastic_lower': 9, 'stochastic_upper': 93, 'en_mfi': False, 'mfi_n': 39, 'mfi_lower': 46, 'mfi_upper': 90, 'en_bollinger': False, 'bollinger_n': 44, 'bollinger_k': 2.2, 'en_adx': False, 'adx_n': 16, 'adx_threshold': 40, 'en_structure_trend': True, 'structure_trend_swing_l': 6, 'en_order_block': True, 'order_block_swing_l': 18, 'en_fvg': False, 'fvg_lookback': 9, 'en_ifvg': True, 'en_breaker': False, 'breaker_swing_l': 8, 'en_cisd': False, 'k': 5, 'en_cap_bars': False, 'cap_1min': 368}.
[I 2026-07-13 15:45:18,276] Trial 1777 finished with values: [-710.2238472552533, -8143.524607996521, 47.849999999999994] and parameters: {'sl_soft': 0.014509835179219626, 'sl_hard_delta': 0.01974966680532401, 'tp': 0.03279738638812957, 'gate_pct': 95.95343074681206, 'dd_limit': 7.07611730346386, 'cooldown': 0, 'flip': True, 'en_ema_trend': False, 'ema_trend_fast': 360, 'ema_trend_slow': 6, 'en_sma_trend': True, 'sma_trend_fast': 89, 'sma_trend_slow': 19, 'en_macd': False, 'macd_fast': 55, 'macd_slow': 191, 'macd_signal': 23, 'en_vwap': False, 'en_keltner': False, 'keltner_n': 87, 'keltner_m': 1.2000000000000002, 'en_obv': False, 'obv_slope': 82, 'en_cci': True, 'cci_n': 108, 'cci_threshold': 250, 'en_rsi': True, 'rsi_n': 26, 'rsi_lower': 18, 'rsi_upper': 74, 'en_stochastic': False, 'stochastic_n': 13, 'stochastic_d': 27, 'stochastic_lower': 36, 'stochastic_upper': 72, 'en_mfi': False, 'mfi_n': 72, 'mfi_lower': 32, 'mfi_upper': 84, 'en_bollinger': False, 'bollinger_n': 112, 'bollinger_k': 4.8, 'en_adx': False, 'adx_n': 24, 'adx_threshold': 29, 'en_structure_trend': False, 'structure_trend_swing_l': 20, 'en_order_block': False, 'order_block_swing_l': 4, 'en_fvg': True, 'fvg_lookback': 40, 'en_ifvg': True, 'en_breaker': False, 'breaker_swing_l': 1, 'en_cisd': False, 'k': 2, 'en_cap_bars': True, 'cap_1min': 77}.
[I 2026-07-13 15:45:20,450] Trial 1778 finished with values: [1413.851805508095, -2921.847997578764, 51.75] and parameters: {'sl_soft': 0.023138233233501303, 'sl_hard_delta': 0.00793963460816193, 'tp': 0.03279738638812957, 'gate_pct': 86.42595282114276, 'dd_limit': 0.7899894121384478, 'cooldown': 0, 'flip': True, 'en_ema_trend': False, 'ema_trend_fast': 339, 'ema_trend_slow': 218, 'en_sma_trend': True, 'sma_trend_fast': 210, 'sma_trend_slow': 19, 'en_macd': True, 'macd_fast': 100, 'macd_slow': 127, 'macd_signal': 83, 'en_vwap': False, 'en_keltner': False, 'keltner_n': 70, 'keltner_m': 1.2000000000000002, 'en_obv': False, 'obv_slope': 36, 'en_cci': True, 'cci_n': 32, 'cci_threshold': 135, 'en_rsi': True, 'rsi_n': 27, 'rsi_lower': 34, 'rsi_upper': 94, 'en_stochastic': False, 'stochastic_n': 75, 'stochastic_d': 35, 'stochastic_lower': 16, 'stochastic_upper': 93, 'en_mfi': True, 'mfi_n': 87, 'mfi_lower': 1, 'mfi_upper': 80, 'en_bollinger': True, 'bollinger_n': 24, 'bollinger_k': 3.8000000000000003, 'en_adx': False, 'adx_n': 79, 'adx_threshold': 29, 'en_structure_trend': False, 'structure_trend_swing_l': 20, 'en_order_block': True, 'order_block_swing_l': 9, 'en_fvg': True, 'fvg_lookback': 39, 'en_ifvg': False, 'en_breaker': False, 'breaker_swing_l': 11, 'en_cisd': False, 'k': 2, 'en_cap_bars': False, 'cap_1min': 1109}.
[I 2026-07-13 15:45:20,852] Trial 1779 pruned. 
[I 2026-07-13 15:45:22,932] Trial 1780 finished with values: [-3750.321757680198, -28318.885994289707, 47.150000000000006] and parameters: {'sl_soft': 0.02449367366774731, 'sl_hard_delta': 0.01974966680532401, 'tp': 0.03784160265645054, 'gate_pct': 91.49650994027499, 'dd_limit': 6.998800575439505, 'cooldown': 0, 'flip': False, 'en_ema_trend': False, 'ema_trend_fast': 270, 'ema_trend_slow': 362, 'en_sma_trend': True, 'sma_trend_fast': 22, 'sma_trend_slow': 100, 'en_macd': True, 'macd_fast': 29, 'macd_slow': 191, 'macd_signal': 83, 'en_vwap': False, 'en_keltner': False, 'keltner_n': 59, 'keltner_m': 4.8, 'en_obv': True, 'obv_slope': 192, 'en_cci': False, 'cci_n': 118, 'cci_threshold': 275, 'en_rsi': False, 'rsi_n': 79, 'rsi_lower': 16, 'rsi_upper': 89, 'en_stochastic': False, 'stochastic_n': 13, 'stochastic_d': 16, 'stochastic_lower': 37, 'stochastic_upper': 51, 'en_mfi': True, 'mfi_n': 72, 'mfi_lower': 27, 'mfi_upper': 85, 'en_bollinger': False, 'bollinger_n': 112, 'bollinger_k': 2.3, 'en_adx': False, 'adx_n': 41, 'adx_threshold': 29, 'en_structure_trend': False, 'structure_trend_swing_l': 7, 'en_order_block': True, 'order_block_swing_l': 4, 'en_fvg': False, 'fvg_lookback': 14, 'en_ifvg': False, 'en_breaker': False, 'breaker_swing_l': 17, 'en_cisd': False, 'k': 2, 'en_cap_bars': True, 'cap_1min': 61}.
[I 2026-07-13 15:45:28,300] Trial 1781 finished with values: [86.5961372241664, -1195.3568073353085, 29.65] and parameters: {'sl_soft': 0.014509835179219626, 'sl_hard_delta': 0.0021822480591295163, 'tp': 0.044694053584836385, 'gate_pct': 91.28320752104035, 'dd_limit': 0.7899894121384478, 'cooldown': 0, 'flip': True, 'en_ema_trend': True, 'ema_trend_fast': 286, 'ema_trend_slow': 362, 'en_sma_trend': True, 'sma_trend_fast': 125, 'sma_trend_slow': 19, 'en_macd': False, 'macd_fast': 68, 'macd_slow': 57, 'macd_signal': 83, 'en_vwap': True, 'en_keltner': False, 'keltner_n': 17, 'keltner_m': 1.1, 'en_obv': False, 'obv_slope': 82, 'en_cci': True, 'cci_n': 118, 'cci_threshold': 75, 'en_rsi': False, 'rsi_n': 75, 'rsi_lower': 11, 'rsi_upper': 60, 'en_stochastic': True, 'stochastic_n': 17, 'stochastic_d': 16, 'stochastic_lower': 20, 'stochastic_upper': 51, 'en_mfi': False, 'mfi_n': 17, 'mfi_lower': 41, 'mfi_upper': 58, 'en_bollinger': False, 'bollinger_n': 54, 'bollinger_k': 2.3, 'en_adx': False, 'adx_n': 3, 'adx_threshold': 26, 'en_structure_trend': True, 'structure_trend_swing_l': 9, 'en_order_block': True, 'order_block_swing_l': 6, 'en_fvg': False, 'fvg_lookback': 23, 'en_ifvg': True, 'en_breaker': True, 'breaker_swing_l': 3, 'en_cisd': True, 'k': 2, 'en_cap_bars': True, 'cap_1min': 1363}.
