[I 2026-07-13 15:04:01,190] Trial 400 pruned. 
[I 2026-07-13 15:04:02,367] Trial 401 pruned. 
[I 2026-07-13 15:04:05,347] Trial 402 pruned. 
[I 2026-07-13 15:04:06,846] Trial 403 pruned. 
[I 2026-07-13 15:04:08,494] Trial 404 pruned. 
[I 2026-07-13 15:04:10,329] Trial 405 pruned. 
[I 2026-07-13 15:04:10,658] Trial 406 pruned. 
[I 2026-07-13 15:04:13,241] Trial 407 pruned. 
[I 2026-07-13 15:04:19,705] Trial 408 finished with values: [163.3744934214043, -950.6234972955951, 76.75] and parameters: {'sl_soft': 0.029015068155932293, 'sl_hard_delta': 0.025651948465618055, 'tp': 0.01660067255960589, 'gate_pct': 91.95603456271488, 'dd_limit': 2.9038661535142056, 'cooldown': 6, 'flip': True, 'en_ema_trend': False, 'ema_trend_fast': 164, 'ema_trend_slow': 5, 'en_sma_trend': False, 'sma_trend_fast': 105, 'sma_trend_slow': 267, 'en_macd': False, 'macd_fast': 28, 'macd_slow': 164, 'macd_signal': 60, 'en_vwap': False, 'en_keltner': False, 'keltner_n': 67, 'keltner_m': 2.0, 'en_obv': True, 'obv_slope': 104, 'en_cci': True, 'cci_n': 97, 'cci_threshold': 155, 'en_rsi': True, 'rsi_n': 40, 'rsi_lower': 24, 'rsi_upper': 64, 'en_stochastic': True, 'stochastic_n': 86, 'stochastic_d': 21, 'stochastic_lower': 15, 'stochastic_upper': 89, 'en_mfi': False, 'mfi_n': 42, 'mfi_lower': 40, 'mfi_upper': 78, 'en_bollinger': True, 'bollinger_n': 15, 'bollinger_k': 1.6, 'en_adx': False, 'adx_n': 70, 'adx_threshold': 20, 'en_structure_trend': False, 'structure_trend_swing_l': 1, 'en_order_block': False, 'order_block_swing_l': 16, 'en_fvg': True, 'fvg_lookback': 37, 'en_ifvg': False, 'en_breaker': True, 'breaker_swing_l': 7, 'en_cisd': False, 'k': 3, 'en_cap_bars': True, 'cap_1min': 887}.
[I 2026-07-13 15:04:20,366] Trial 409 pruned. 
[I 2026-07-13 15:04:20,965] Trial 410 pruned. 
[I 2026-07-13 15:04:21,607] Trial 411 pruned. 
[I 2026-07-13 15:04:21,954] Trial 412 pruned. 
[I 2026-07-13 15:04:22,356] Trial 413 pruned. 
[I 2026-07-13 15:04:23,340] Trial 414 pruned. 
[I 2026-07-13 15:04:25,741] Trial 415 pruned. 
[I 2026-07-13 15:04:26,582] Trial 416 pruned. 
[I 2026-07-13 15:04:35,959] Trial 417 finished with values: [143.28433223463222, -364.55106474903687, 76.94999999999999] and parameters: {'sl_soft': 0.02075319889461138, 'sl_hard_delta': 0.022726861108552536, 'tp': 0.015284923526676798, 'gate_pct': 82.44068600536416, 'dd_limit': 3.6765110954600555, 'cooldown': 30, 'flip': False, 'en_ema_trend': True, 'ema_trend_fast': 57, 'ema_trend_slow': 91, 'en_sma_trend': True, 'sma_trend_fast': 167, 'sma_trend_slow': 242, 'en_macd': False, 'macd_fast': 48, 'macd_slow': 96, 'macd_signal': 30, 'en_vwap': False, 'en_keltner': True, 'keltner_n': 43, 'keltner_m': 0.9, 'en_obv': True, 'obv_slope': 158, 'en_cci': True, 'cci_n': 89, 'cci_threshold': 230, 'en_rsi': True, 'rsi_n': 59, 'rsi_lower': 20, 'rsi_upper': 69, 'en_stochastic': False, 'stochastic_n': 71, 'stochastic_d': 4, 'stochastic_lower': 33, 'stochastic_upper': 74, 'en_mfi': False, 'mfi_n': 66, 'mfi_lower': 22, 'mfi_upper': 71, 'en_bollinger': True, 'bollinger_n': 85, 'bollinger_k': 4.300000000000001, 'en_adx': True, 'adx_n': 40, 'adx_threshold': 7, 'en_structure_trend': False, 'structure_trend_swing_l': 12, 'en_order_block': True, 'order_block_swing_l': 18, 'en_fvg': False, 'fvg_lookback': 38, 'en_ifvg': False, 'en_breaker': False, 'breaker_swing_l': 18, 'en_cisd': True, 'k': 2, 'en_cap_bars': True, 'cap_1min': 1013}.
[I 2026-07-13 15:04:36,096] Trial 418 pruned. 
[I 2026-07-13 15:04:36,685] Trial 419 pruned. 
[I 2026-07-13 15:04:37,251] Trial 420 pruned. 
[I 2026-07-13 15:04:37,558] Trial 421 pruned. 
[I 2026-07-13 15:04:38,484] Trial 422 pruned. 
[I 2026-07-13 15:04:39,698] Trial 423 pruned. 
[I 2026-07-13 15:04:40,298] Trial 424 pruned. 
[I 2026-07-13 15:04:40,985] Trial 425 pruned. 
[I 2026-07-13 15:04:42,674] Trial 426 pruned. 
[I 2026-07-13 15:04:43,526] Trial 427 pruned. 
[I 2026-07-13 15:04:44,026] Trial 428 pruned. 
[I 2026-07-13 15:04:44,371] Trial 429 pruned. 
[I 2026-07-13 15:04:45,453] Trial 430 pruned. 
[I 2026-07-13 15:04:46,321] Trial 431 pruned. 
[I 2026-07-13 15:04:47,122] Trial 432 pruned. 
[I 2026-07-13 15:04:53,343] Trial 433 finished with values: [70.42996699690107, -437.11041565327236, 44.2] and parameters: {'sl_soft': 0.017046875320780322, 'sl_hard_delta': 0.0048086454618810155, 'tp': 0.031675313517909046, 'gate_pct': 99.43003533124055, 'dd_limit': 6.790710943832704, 'cooldown': 8, 'flip': True, 'en_ema_trend': True, 'ema_trend_fast': 383, 'ema_trend_slow': 211, 'en_sma_trend': True, 'sma_trend_fast': 396, 'sma_trend_slow': 205, 'en_macd': True, 'macd_fast': 62, 'macd_slow': 118, 'macd_signal': 53, 'en_vwap': False, 'en_keltner': False, 'keltner_n': 136, 'keltner_m': 4.4, 'en_obv': True, 'obv_slope': 40, 'en_cci': True, 'cci_n': 169, 'cci_threshold': 110, 'en_rsi': True, 'rsi_n': 41, 'rsi_lower': 34, 'rsi_upper': 74, 'en_stochastic': True, 'stochastic_n': 66, 'stochastic_d': 15, 'stochastic_lower': 47, 'stochastic_upper': 73, 'en_mfi': True, 'mfi_n': 79, 'mfi_lower': 19, 'mfi_upper': 73, 'en_bollinger': True, 'bollinger_n': 86, 'bollinger_k': 1.1, 'en_adx': False, 'adx_n': 93, 'adx_threshold': 5, 'en_structure_trend': False, 'structure_trend_swing_l': 1, 'en_order_block': False, 'order_block_swing_l': 16, 'en_fvg': False, 'fvg_lookback': 40, 'en_ifvg': True, 'en_breaker': True, 'breaker_swing_l': 6, 'en_cisd': True, 'k': 2, 'en_cap_bars': False, 'cap_1min': 995}.
[I 2026-07-13 15:04:55,405] Trial 434 pruned. 
[I 2026-07-13 15:04:56,495] Trial 435 pruned. 
[I 2026-07-13 15:04:58,131] Trial 436 pruned. 
[I 2026-07-13 15:04:59,663] Trial 437 pruned. 
[I 2026-07-13 15:05:00,993] Trial 438 pruned. 
[I 2026-07-13 15:05:03,751] Trial 439 finished with values: [-781.3590002896119, -2751.506671038156, 53.1] and parameters: {'sl_soft': 0.013444282480954037, 'sl_hard_delta': 0.03095981368236399, 'tp': 0.01189266867981292, 'gate_pct': 99.86430067299344, 'dd_limit': 2.3419576250818945, 'cooldown': 33, 'flip': True, 'en_ema_trend': True, 'ema_trend_fast': 4, 'ema_trend_slow': 134, 'en_sma_trend': False, 'sma_trend_fast': 204, 'sma_trend_slow': 385, 'en_macd': True, 'macd_fast': 76, 'macd_slow': 28, 'macd_signal': 13, 'en_vwap': True, 'en_keltner': False, 'keltner_n': 95, 'keltner_m': 2.8000000000000003, 'en_obv': True, 'obv_slope': 140, 'en_cci': False, 'cci_n': 115, 'cci_threshold': 280, 'en_rsi': False, 'rsi_n': 7, 'rsi_lower': 34, 'rsi_upper': 70, 'en_stochastic': False, 'stochastic_n': 41, 'stochastic_d': 5, 'stochastic_lower': 43, 'stochastic_upper': 86, 'en_mfi': False, 'mfi_n': 25, 'mfi_lower': 23, 'mfi_upper': 87, 'en_bollinger': False, 'bollinger_n': 103, 'bollinger_k': 1.8, 'en_adx': False, 'adx_n': 47, 'adx_threshold': 25, 'en_structure_trend': True, 'structure_trend_swing_l': 5, 'en_order_block': True, 'order_block_swing_l': 7, 'en_fvg': True, 'fvg_lookback': 40, 'en_ifvg': False, 'en_breaker': True, 'breaker_swing_l': 20, 'en_cisd': True, 'k': 4, 'en_cap_bars': True, 'cap_1min': 374}.
[I 2026-07-13 15:05:03,943] Trial 440 pruned. 
[I 2026-07-13 15:05:05,465] Trial 441 pruned. 
[I 2026-07-13 15:05:06,112] Trial 442 pruned. 
[I 2026-07-13 15:05:07,610] Trial 443 pruned. 
[I 2026-07-13 15:05:08,370] Trial 444 pruned. 
[I 2026-07-13 15:05:09,510] Trial 445 pruned. 
[I 2026-07-13 15:05:10,160] Trial 446 pruned. 
[I 2026-07-13 15:05:11,458] Trial 447 pruned. 
[I 2026-07-13 15:05:13,611] Trial 448 pruned. 
[I 2026-07-13 15:05:14,284] Trial 449 pruned. 
[I 2026-07-13 15:05:14,791] Trial 450 pruned. 
[I 2026-07-13 15:05:17,418] Trial 451 pruned. 
[I 2026-07-13 15:05:18,267] Trial 452 pruned. 
[I 2026-07-13 15:05:19,726] Trial 453 pruned. 
[I 2026-07-13 15:05:20,744] Trial 454 pruned. 
[I 2026-07-13 15:05:22,279] Trial 455 pruned. 
[I 2026-07-13 15:05:22,944] Trial 456 pruned. 
[I 2026-07-13 15:05:24,357] Trial 457 pruned. 
[I 2026-07-13 15:05:24,939] Trial 458 pruned. 
[I 2026-07-13 15:05:26,610] Trial 459 pruned. 
[I 2026-07-13 15:05:27,687] Trial 460 pruned. 
[I 2026-07-13 15:05:29,208] Trial 461 pruned. 
[I 2026-07-13 15:05:32,554] Trial 462 pruned. 
[I 2026-07-13 15:05:33,300] Trial 463 pruned. 
[I 2026-07-13 15:05:34,793] Trial 464 pruned. 
[I 2026-07-13 15:05:36,186] Trial 465 pruned. 
[I 2026-07-13 15:05:37,799] Trial 466 pruned. 
[I 2026-07-13 15:05:39,038] Trial 467 pruned. 
[I 2026-07-13 15:05:40,048] Trial 468 pruned. 
[I 2026-07-13 15:05:41,615] Trial 469 pruned. 
[I 2026-07-13 15:05:43,289] Trial 470 pruned. 
[I 2026-07-13 15:05:44,766] Trial 471 pruned. 
[I 2026-07-13 15:05:45,862] Trial 472 pruned. 
[I 2026-07-13 15:05:47,348] Trial 473 pruned. 
[I 2026-07-13 15:05:50,981] Trial 474 pruned. 
[I 2026-07-13 15:05:52,401] Trial 475 pruned. 
[I 2026-07-13 15:05:53,883] Trial 476 pruned. 
[I 2026-07-13 15:05:57,791] Trial 477 pruned. 
[I 2026-07-13 15:05:59,094] Trial 478 pruned. 
[I 2026-07-13 15:05:59,840] Trial 479 pruned. 
[I 2026-07-13 15:06:00,161] Trial 480 pruned. 
[I 2026-07-13 15:06:03,711] Trial 481 pruned. 
[I 2026-07-13 15:06:04,740] Trial 482 pruned. 
[I 2026-07-13 15:06:07,194] Trial 483 pruned. 
[I 2026-07-13 15:06:10,262] Trial 484 pruned. 
[I 2026-07-13 15:06:12,732] Trial 485 pruned. 
[I 2026-07-13 15:06:13,942] Trial 486 pruned. 
[I 2026-07-13 15:06:15,145] Trial 487 pruned. 
[I 2026-07-13 15:06:16,905] Trial 488 pruned. 
[I 2026-07-13 15:06:19,245] Trial 489 pruned. 
[I 2026-07-13 15:06:20,416] Trial 490 pruned. 
[I 2026-07-13 15:06:21,821] Trial 491 pruned. 
[I 2026-07-13 15:06:23,703] Trial 492 pruned. 
[I 2026-07-13 15:06:25,423] Trial 493 pruned. 
[I 2026-07-13 15:06:26,910] Trial 494 pruned. 
[I 2026-07-13 15:06:28,460] Trial 495 pruned. 
[I 2026-07-13 15:06:29,631] Trial 496 pruned. 
[I 2026-07-13 15:06:30,469] Trial 497 pruned. 
[I 2026-07-13 15:06:32,749] Trial 498 pruned. 
[I 2026-07-13 15:06:34,573] Trial 499 pruned. 
[I 2026-07-13 15:06:35,666] Trial 500 pruned. 
[I 2026-07-13 15:06:37,500] Trial 501 pruned. 
[I 2026-07-13 15:06:39,003] Trial 502 pruned. 
[I 2026-07-13 15:06:40,136] Trial 503 pruned. 
[I 2026-07-13 15:06:45,845] Trial 504 finished with values: [-19.105509730401593, -716.0524767204635, 40.0] and parameters: {'sl_soft': 0.023138233233501303, 'sl_hard_delta': 0.0027263521951513352, 'tp': 0.03784160265645054, 'gate_pct': 97.17867644536658, 'dd_limit': 2.802293197200579, 'cooldown': 15, 'flip': False, 'en_ema_trend': False, 'ema_trend_fast': 102, 'ema_trend_slow': 298, 'en_sma_trend': True, 'sma_trend_fast': 89, 'sma_trend_slow': 222, 'en_macd': False, 'macd_fast': 82, 'macd_slow': 127, 'macd_signal': 83, 'en_vwap': False, 'en_keltner': False, 'keltner_n': 52, 'keltner_m': 4.8, 'en_obv': True, 'obv_slope': 53, 'en_cci': False, 'cci_n': 77, 'cci_threshold': 75, 'en_rsi': False, 'rsi_n': 68, 'rsi_lower': 39, 'rsi_upper': 58, 'en_stochastic': True, 'stochastic_n': 97, 'stochastic_d': 32, 'stochastic_lower': 9, 'stochastic_upper': 93, 'en_mfi': False, 'mfi_n': 39, 'mfi_lower': 27, 'mfi_upper': 84, 'en_bollinger': False, 'bollinger_n': 14, 'bollinger_k': 2.2, 'en_adx': False, 'adx_n': 85, 'adx_threshold': 40, 'en_structure_trend': True, 'structure_trend_swing_l': 20, 'en_order_block': True, 'order_block_swing_l': 10, 'en_fvg': True, 'fvg_lookback': 46, 'en_ifvg': True, 'en_breaker': False, 'breaker_swing_l': 16, 'en_cisd': True, 'k': 5, 'en_cap_bars': True, 'cap_1min': 1032}.
[I 2026-07-13 15:06:46,769] Trial 505 pruned. 
[I 2026-07-13 15:06:47,740] Trial 506 pruned. 
[I 2026-07-13 15:06:48,387] Trial 507 pruned. 
[I 2026-07-13 15:06:49,770] Trial 508 pruned. 
[I 2026-07-13 15:06:51,216] Trial 509 pruned. 
[I 2026-07-13 15:06:52,341] Trial 510 pruned. 
[I 2026-07-13 15:06:53,230] Trial 511 pruned. 
[I 2026-07-13 15:06:54,471] Trial 512 pruned. 
[I 2026-07-13 15:06:55,510] Trial 513 pruned. 
[I 2026-07-13 15:06:57,454] Trial 514 pruned. 
[I 2026-07-13 15:06:59,547] Trial 515 pruned. 
[I 2026-07-13 15:07:00,947] Trial 516 pruned. 
[I 2026-07-13 15:07:05,701] Trial 517 finished with values: [442.0861378592634, -1717.292582192691, 64.2] and parameters: {'sl_soft': 0.02660501535036107, 'sl_hard_delta': 0.009384629983832321, 'tp': 0.02904697611358007, 'gate_pct': 94.32553955536301, 'dd_limit': 8.683310596224244, 'cooldown': 26, 'flip': False, 'en_ema_trend': True, 'ema_trend_fast': 386, 'ema_trend_slow': 284, 'en_sma_trend': False, 'sma_trend_fast': 265, 'sma_trend_slow': 280, 'en_macd': True, 'macd_fast': 19, 'macd_slow': 80, 'macd_signal': 48, 'en_vwap': False, 'en_keltner': True, 'keltner_n': 56, 'keltner_m': 1.4, 'en_obv': True, 'obv_slope': 29, 'en_cci': False, 'cci_n': 118, 'cci_threshold': 205, 'en_rsi': False, 'rsi_n': 77, 'rsi_lower': 1, 'rsi_upper': 68, 'en_stochastic': False, 'stochastic_n': 87, 'stochastic_d': 28, 'stochastic_lower': 15, 'stochastic_upper': 81, 'en_mfi': False, 'mfi_n': 83, 'mfi_lower': 22, 'mfi_upper': 90, 'en_bollinger': False, 'bollinger_n': 78, 'bollinger_k': 3.4000000000000004, 'en_adx': False, 'adx_n': 48, 'adx_threshold': 29, 'en_structure_trend': False, 'structure_trend_swing_l': 19, 'en_order_block': True, 'order_block_swing_l': 13, 'en_fvg': True, 'fvg_lookback': 31, 'en_ifvg': True, 'en_breaker': False, 'breaker_swing_l': 2, 'en_cisd': False, 'k': 1, 'en_cap_bars': False, 'cap_1min': 542}.
[I 2026-07-13 15:07:06,805] Trial 518 pruned. 
[I 2026-07-13 15:07:07,593] Trial 519 pruned. 
[I 2026-07-13 15:07:07,849] Trial 520 pruned. 
[I 2026-07-13 15:07:09,255] Trial 521 pruned. 
[I 2026-07-13 15:07:11,670] Trial 522 pruned. 
[I 2026-07-13 15:07:13,818] Trial 523 pruned. 
[I 2026-07-13 15:07:14,580] Trial 524 pruned. 
[I 2026-07-13 15:07:15,136] Trial 525 pruned. 
[I 2026-07-13 15:07:16,512] Trial 526 pruned. 
[I 2026-07-13 15:07:17,461] Trial 527 pruned. 
[I 2026-07-13 15:07:18,458] Trial 528 pruned. 
[I 2026-07-13 15:07:19,657] Trial 529 pruned. 
[I 2026-07-13 15:07:20,258] Trial 530 pruned. 
[I 2026-07-13 15:07:21,436] Trial 531 pruned. 
[I 2026-07-13 15:07:23,027] Trial 532 pruned. 
[I 2026-07-13 15:07:23,857] Trial 533 pruned. 
[I 2026-07-13 15:07:25,092] Trial 534 pruned. 
[I 2026-07-13 15:07:26,121] Trial 535 pruned. 
[I 2026-07-13 15:07:28,282] Trial 536 finished with values: [-277.30247888831275, -849.8810621436803, 47.8] and parameters: {'sl_soft': 0.012820739421266155, 'sl_hard_delta': 0.02484677677105232, 'tp': 0.021680684266425956, 'gate_pct': 99.95605949198794, 'dd_limit': 1.4726436036009025, 'cooldown': 13, 'flip': True, 'en_ema_trend': False, 'ema_trend_fast': 27, 'ema_trend_slow': 14, 'en_sma_trend': False, 'sma_trend_fast': 392, 'sma_trend_slow': 319, 'en_macd': True, 'macd_fast': 91, 'macd_slow': 42, 'macd_signal': 26, 'en_vwap': True, 'en_keltner': False, 'keltner_n': 139, 'keltner_m': 2.5, 'en_obv': True, 'obv_slope': 14, 'en_cci': True, 'cci_n': 106, 'cci_threshold': 155, 'en_rsi': False, 'rsi_n': 81, 'rsi_lower': 13, 'rsi_upper': 95, 'en_stochastic': False, 'stochastic_n': 88, 'stochastic_d': 46, 'stochastic_lower': 7, 'stochastic_upper': 61, 'en_mfi': False, 'mfi_n': 93, 'mfi_lower': 30, 'mfi_upper': 96, 'en_bollinger': False, 'bollinger_n': 44, 'bollinger_k': 3.7, 'en_adx': False, 'adx_n': 16, 'adx_threshold': 12, 'en_structure_trend': False, 'structure_trend_swing_l': 6, 'en_order_block': True, 'order_block_swing_l': 3, 'en_fvg': False, 'fvg_lookback': 9, 'en_ifvg': False, 'en_breaker': True, 'breaker_swing_l': 16, 'en_cisd': False, 'k': 4, 'en_cap_bars': False, 'cap_1min': 368}.
[I 2026-07-13 15:07:29,401] Trial 537 pruned. 
[I 2026-07-13 15:07:30,763] Trial 538 pruned. 
[I 2026-07-13 15:07:31,378] Trial 539 pruned. 
[I 2026-07-13 15:07:31,888] Trial 540 pruned. 
[I 2026-07-13 15:07:33,637] Trial 541 pruned. 
[I 2026-07-13 15:07:35,038] Trial 542 pruned. 
[I 2026-07-13 15:07:37,017] Trial 543 pruned. 
[I 2026-07-13 15:07:47,890] Trial 544 finished with values: [394.93228009353834, -6317.683322415058, 55.15] and parameters: {'sl_soft': 0.02176932917942869, 'sl_hard_delta': 0.015407838677892577, 'tp': 0.03132953048328833, 'gate_pct': 91.7747058341661, 'dd_limit': 3.3374720541419105, 'cooldown': 2, 'flip': False, 'en_ema_trend': True, 'ema_trend_fast': 357, 'ema_trend_slow': 293, 'en_sma_trend': False, 'sma_trend_fast': 315, 'sma_trend_slow': 221, 'en_macd': False, 'macd_fast': 79, 'macd_slow': 118, 'macd_signal': 25, 'en_vwap': True, 'en_keltner': True, 'keltner_n': 127, 'keltner_m': 4.7, 'en_obv': False, 'obv_slope': 62, 'en_cci': True, 'cci_n': 199, 'cci_threshold': 290, 'en_rsi': False, 'rsi_n': 90, 'rsi_lower': 37, 'rsi_upper': 58, 'en_stochastic': True, 'stochastic_n': 20, 'stochastic_d': 14, 'stochastic_lower': 32, 'stochastic_upper': 81, 'en_mfi': False, 'mfi_n': 62, 'mfi_lower': 21, 'mfi_upper': 91, 'en_bollinger': True, 'bollinger_n': 88, 'bollinger_k': 3.2, 'en_adx': False, 'adx_n': 39, 'adx_threshold': 38, 'en_structure_trend': False, 'structure_trend_swing_l': 3, 'en_order_block': False, 'order_block_swing_l': 2, 'en_fvg': True, 'fvg_lookback': 30, 'en_ifvg': False, 'en_breaker': False, 'breaker_swing_l': 14, 'en_cisd': True, 'k': 3, 'en_cap_bars': False, 'cap_1min': 661}.
[I 2026-07-13 15:07:49,672] Trial 545 pruned. 
[I 2026-07-13 15:07:50,862] Trial 546 pruned. 
[I 2026-07-13 15:07:55,906] Trial 547 pruned. 
[I 2026-07-13 15:07:56,693] Trial 548 pruned. 
[I 2026-07-13 15:08:00,787] Trial 549 pruned. 
[I 2026-07-13 15:08:01,524] Trial 550 pruned. 
[I 2026-07-13 15:08:03,592] Trial 551 pruned. 
[I 2026-07-13 15:08:03,972] Trial 552 pruned. 
[I 2026-07-13 15:08:05,900] Trial 553 pruned. 
[I 2026-07-13 15:08:08,428] Trial 554 pruned. 
[I 2026-07-13 15:08:10,159] Trial 555 pruned. 
[I 2026-07-13 15:08:11,792] Trial 556 pruned. 
[I 2026-07-13 15:08:12,923] Trial 557 pruned. 
[I 2026-07-13 15:08:14,319] Trial 558 pruned. 
[I 2026-07-13 15:08:15,845] Trial 559 pruned. 
[I 2026-07-13 15:08:16,087] Trial 560 pruned. 
[I 2026-07-13 15:08:16,609] Trial 561 pruned. 
[I 2026-07-13 15:08:18,266] Trial 562 pruned. 
[I 2026-07-13 15:08:20,115] Trial 563 pruned. 
[I 2026-07-13 15:08:22,040] Trial 564 pruned. 
[I 2026-07-13 15:08:23,343] Trial 565 pruned. 
[I 2026-07-13 15:08:23,753] Trial 566 pruned. 
[I 2026-07-13 15:08:24,582] Trial 567 pruned. 
[I 2026-07-13 15:08:25,135] Trial 568 pruned. 
[I 2026-07-13 15:08:26,307] Trial 569 pruned. 
[I 2026-07-13 15:08:28,464] Trial 570 pruned. 
[I 2026-07-13 15:08:29,452] Trial 571 pruned. 
[I 2026-07-13 15:08:30,721] Trial 572 pruned. 
[I 2026-07-13 15:08:32,159] Trial 573 pruned. 
[I 2026-07-13 15:08:33,420] Trial 574 pruned. 
[I 2026-07-13 15:08:34,484] Trial 575 pruned. 
[I 2026-07-13 15:08:36,714] Trial 576 pruned. 
[I 2026-07-13 15:08:37,725] Trial 577 pruned. 
[I 2026-07-13 15:08:39,399] Trial 578 pruned. 
[I 2026-07-13 15:08:41,136] Trial 579 pruned. 
[I 2026-07-13 15:08:42,667] Trial 580 pruned. 
[I 2026-07-13 15:08:46,498] Trial 581 pruned. 
[I 2026-07-13 15:08:47,016] Trial 582 pruned. 
[I 2026-07-13 15:08:49,206] Trial 583 pruned. 
[I 2026-07-13 15:08:50,934] Trial 584 pruned. 
[I 2026-07-13 15:09:00,093] Trial 585 finished with values: [286.7710365893395, -437.67620255934503, 61.150000000000006] and parameters: {'sl_soft': 0.02677897443228098, 'sl_hard_delta': 0.01606309735146959, 'tp': 0.04099097483938532, 'gate_pct': 86.0615358098054, 'dd_limit': 0.15273745375618156, 'cooldown': 11, 'flip': False, 'en_ema_trend': False, 'ema_trend_fast': 290, 'ema_trend_slow': 394, 'en_sma_trend': True, 'sma_trend_fast': 135, 'sma_trend_slow': 319, 'en_macd': True, 'macd_fast': 24, 'macd_slow': 136, 'macd_signal': 38, 'en_vwap': False, 'en_keltner': False, 'keltner_n': 105, 'keltner_m': 2.1, 'en_obv': False, 'obv_slope': 193, 'en_cci': False, 'cci_n': 106, 'cci_threshold': 70, 'en_rsi': True, 'rsi_n': 92, 'rsi_lower': 21, 'rsi_upper': 81, 'en_stochastic': False, 'stochastic_n': 97, 'stochastic_d': 46, 'stochastic_lower': 21, 'stochastic_upper': 52, 'en_mfi': True, 'mfi_n': 44, 'mfi_lower': 9, 'mfi_upper': 94, 'en_bollinger': True, 'bollinger_n': 115, 'bollinger_k': 2.6, 'en_adx': True, 'adx_n': 30, 'adx_threshold': 19, 'en_structure_trend': True, 'structure_trend_swing_l': 19, 'en_order_block': False, 'order_block_swing_l': 8, 'en_fvg': False, 'fvg_lookback': 48, 'en_ifvg': False, 'en_breaker': False, 'breaker_swing_l': 5, 'en_cisd': True, 'k': 1, 'en_cap_bars': False, 'cap_1min': 1387}.
[I 2026-07-13 15:09:01,150] Trial 586 pruned. 
[I 2026-07-13 15:09:01,885] Trial 587 pruned. 
[I 2026-07-13 15:09:02,388] Trial 588 pruned. 
[I 2026-07-13 15:09:04,032] Trial 589 pruned. 
[I 2026-07-13 15:09:06,307] Trial 590 pruned. 
[I 2026-07-13 15:09:08,437] Trial 591 finished with values: [-175.79006171962064, -1653.6480719161873, 53.55] and parameters: {'sl_soft': 0.02102744692810867, 'sl_hard_delta': 0.02183482482285977, 'tp': 0.02345922914622859, 'gate_pct': 95.031393846183, 'dd_limit': 2.6546638252533143, 'cooldown': 9, 'flip': True, 'en_ema_trend': True, 'ema_trend_fast': 390, 'ema_trend_slow': 273, 'en_sma_trend': True, 'sma_trend_fast': 148, 'sma_trend_slow': 83, 'en_macd': False, 'macd_fast': 32, 'macd_slow': 168, 'macd_signal': 42, 'en_vwap': True, 'en_keltner': False, 'keltner_n': 42, 'keltner_m': 4.0, 'en_obv': False, 'obv_slope': 3, 'en_cci': True, 'cci_n': 108, 'cci_threshold': 135, 'en_rsi': False, 'rsi_n': 92, 'rsi_lower': 46, 'rsi_upper': 66, 'en_stochastic': False, 'stochastic_n': 79, 'stochastic_d': 49, 'stochastic_lower': 24, 'stochastic_upper': 79, 'en_mfi': True, 'mfi_n': 38, 'mfi_lower': 29, 'mfi_upper': 83, 'en_bollinger': True, 'bollinger_n': 11, 'bollinger_k': 0.8, 'en_adx': False, 'adx_n': 13, 'adx_threshold': 41, 'en_structure_trend': False, 'structure_trend_swing_l': 5, 'en_order_block': False, 'order_block_swing_l': 1, 'en_fvg': True, 'fvg_lookback': 33, 'en_ifvg': False, 'en_breaker': True, 'breaker_swing_l': 18, 'en_cisd': False, 'k': 2, 'en_cap_bars': False, 'cap_1min': 351}.
[I 2026-07-13 15:09:09,540] Trial 592 pruned. 
[I 2026-07-13 15:09:11,907] Trial 593 pruned. 
[I 2026-07-13 15:09:13,300] Trial 594 pruned. 
[I 2026-07-13 15:09:14,416] Trial 595 pruned. 
[I 2026-07-13 15:09:14,942] Trial 596 pruned. 
[I 2026-07-13 15:09:15,813] Trial 597 pruned. 
