[I 2026-07-13 15:35:38,244] Trial 1519 finished with values: [-381.9081255231893, -1293.2292714324944, 26.85] and parameters: {'sl_soft': 0.023138233233501303, 'sl_hard_delta': 0.0027263521951513352, 'tp': 0.03784160265645054, 'gate_pct': 95.95343074681206, 'dd_limit': 0.7899894121384478, 'cooldown': 7, 'flip': True, 'en_ema_trend': False, 'ema_trend_fast': 205, 'ema_trend_slow': 187, 'en_sma_trend': True, 'sma_trend_fast': 89, 'sma_trend_slow': 222, 'en_macd': True, 'macd_fast': 82, 'macd_slow': 127, 'macd_signal': 83, 'en_vwap': False, 'en_keltner': False, 'keltner_n': 17, 'keltner_m': 4.8, 'en_obv': False, 'obv_slope': 53, 'en_cci': False, 'cci_n': 32, 'cci_threshold': 250, 'en_rsi': True, 'rsi_n': 68, 'rsi_lower': 43, 'rsi_upper': 68, 'en_stochastic': True, 'stochastic_n': 7, 'stochastic_d': 27, 'stochastic_lower': 9, 'stochastic_upper': 93, 'en_mfi': False, 'mfi_n': 39, 'mfi_lower': 46, 'mfi_upper': 84, 'en_bollinger': True, 'bollinger_n': 40, 'bollinger_k': 2.2, 'en_adx': False, 'adx_n': 85, 'adx_threshold': 40, 'en_structure_trend': False, 'structure_trend_swing_l': 20, 'en_order_block': True, 'order_block_swing_l': 18, 'en_fvg': True, 'fvg_lookback': 40, 'en_ifvg': True, 'en_breaker': False, 'breaker_swing_l': 3, 'en_cisd': True, 'k': 5, 'en_cap_bars': True, 'cap_1min': 1032}.
[I 2026-07-13 15:35:39,800] Trial 1520 finished with values: [-419.1305343914564, -2280.7007329966204, 49.15] and parameters: {'sl_soft': 0.012449898143873723, 'sl_hard_delta': 0.00793963460816193, 'tp': 0.01104713204540288, 'gate_pct': 88.44397898231887, 'dd_limit': 0.5820363533127576, 'cooldown': 5, 'flip': False, 'en_ema_trend': False, 'ema_trend_fast': 339, 'ema_trend_slow': 218, 'en_sma_trend': False, 'sma_trend_fast': 268, 'sma_trend_slow': 29, 'en_macd': False, 'macd_fast': 4, 'macd_slow': 150, 'macd_signal': 70, 'en_vwap': False, 'en_keltner': True, 'keltner_n': 48, 'keltner_m': 1.5, 'en_obv': False, 'obv_slope': 68, 'en_cci': True, 'cci_n': 135, 'cci_threshold': 135, 'en_rsi': True, 'rsi_n': 41, 'rsi_lower': 34, 'rsi_upper': 94, 'en_stochastic': False, 'stochastic_n': 75, 'stochastic_d': 31, 'stochastic_lower': 27, 'stochastic_upper': 68, 'en_mfi': False, 'mfi_n': 87, 'mfi_lower': 28, 'mfi_upper': 51, 'en_bollinger': True, 'bollinger_n': 176, 'bollinger_k': 3.8000000000000003, 'en_adx': False, 'adx_n': 90, 'adx_threshold': 43, 'en_structure_trend': True, 'structure_trend_swing_l': 5, 'en_order_block': False, 'order_block_swing_l': 9, 'en_fvg': True, 'fvg_lookback': 39, 'en_ifvg': False, 'en_breaker': True, 'breaker_swing_l': 11, 'en_cisd': False, 'k': 4, 'en_cap_bars': False, 'cap_1min': 1109}.
[I 2026-07-13 15:35:42,329] Trial 1521 finished with values: [1582.8818042374414, -1285.0041460298557, 53.15] and parameters: {'sl_soft': 0.029015068155932293, 'sl_hard_delta': 0.00610414585932106, 'tp': 0.04310350832060598, 'gate_pct': 91.28320752104035, 'dd_limit': 0.7899894121384478, 'cooldown': 6, 'flip': True, 'en_ema_trend': True, 'ema_trend_fast': 93, 'ema_trend_slow': 176, 'en_sma_trend': True, 'sma_trend_fast': 360, 'sma_trend_slow': 394, 'en_macd': False, 'macd_fast': 60, 'macd_slow': 164, 'macd_signal': 60, 'en_vwap': True, 'en_keltner': True, 'keltner_n': 67, 'keltner_m': 4.0, 'en_obv': True, 'obv_slope': 58, 'en_cci': False, 'cci_n': 98, 'cci_threshold': 280, 'en_rsi': False, 'rsi_n': 75, 'rsi_lower': 43, 'rsi_upper': 68, 'en_stochastic': False, 'stochastic_n': 26, 'stochastic_d': 27, 'stochastic_lower': 15, 'stochastic_upper': 72, 'en_mfi': False, 'mfi_n': 17, 'mfi_lower': 46, 'mfi_upper': 59, 'en_bollinger': True, 'bollinger_n': 173, 'bollinger_k': 4.2, 'en_adx': False, 'adx_n': 3, 'adx_threshold': 8, 'en_structure_trend': False, 'structure_trend_swing_l': 14, 'en_order_block': False, 'order_block_swing_l': 16, 'en_fvg': True, 'fvg_lookback': 37, 'en_ifvg': False, 'en_breaker': True, 'breaker_swing_l': 8, 'en_cisd': True, 'k': 5, 'en_cap_bars': True, 'cap_1min': 249}.
[I 2026-07-13 15:35:43,146] Trial 1522 pruned. 
[I 2026-07-13 15:35:45,487] Trial 1523 finished with values: [-262.4418442795395, -1211.445334604484, 70.25] and parameters: {'sl_soft': 0.028493661686441754, 'sl_hard_delta': 0.00793963460816193, 'tp': 0.01219055325535965, 'gate_pct': 81.09339936003602, 'dd_limit': 0.5820363533127576, 'cooldown': 5, 'flip': False, 'en_ema_trend': False, 'ema_trend_fast': 384, 'ema_trend_slow': 218, 'en_sma_trend': False, 'sma_trend_fast': 210, 'sma_trend_slow': 185, 'en_macd': False, 'macd_fast': 49, 'macd_slow': 56, 'macd_signal': 57, 'en_vwap': False, 'en_keltner': True, 'keltner_n': 48, 'keltner_m': 4.6000000000000005, 'en_obv': True, 'obv_slope': 68, 'en_cci': True, 'cci_n': 135, 'cci_threshold': 160, 'en_rsi': True, 'rsi_n': 13, 'rsi_lower': 6, 'rsi_upper': 65, 'en_stochastic': False, 'stochastic_n': 64, 'stochastic_d': 35, 'stochastic_lower': 44, 'stochastic_upper': 76, 'en_mfi': True, 'mfi_n': 66, 'mfi_lower': 1, 'mfi_upper': 80, 'en_bollinger': False, 'bollinger_n': 176, 'bollinger_k': 3.4000000000000004, 'en_adx': False, 'adx_n': 26, 'adx_threshold': 49, 'en_structure_trend': False, 'structure_trend_swing_l': 20, 'en_order_block': False, 'order_block_swing_l': 9, 'en_fvg': True, 'fvg_lookback': 41, 'en_ifvg': False, 'en_breaker': True, 'breaker_swing_l': 16, 'en_cisd': False, 'k': 2, 'en_cap_bars': False, 'cap_1min': 1109}.
[I 2026-07-13 15:35:49,476] Trial 1524 finished with values: [-318.7032475282691, -6207.943250734964, 45.75] and parameters: {'sl_soft': 0.012820739421266155, 'sl_hard_delta': 0.020015892548318943, 'tp': 0.03401493735707513, 'gate_pct': 96.7516051221724, 'dd_limit': 1.4726436036009025, 'cooldown': 6, 'flip': True, 'en_ema_trend': False, 'ema_trend_fast': 282, 'ema_trend_slow': 334, 'en_sma_trend': False, 'sma_trend_fast': 360, 'sma_trend_slow': 319, 'en_macd': True, 'macd_fast': 88, 'macd_slow': 167, 'macd_signal': 18, 'en_vwap': True, 'en_keltner': True, 'keltner_n': 123, 'keltner_m': 0.9, 'en_obv': True, 'obv_slope': 14, 'en_cci': True, 'cci_n': 54, 'cci_threshold': 45, 'en_rsi': False, 'rsi_n': 6, 'rsi_lower': 1, 'rsi_upper': 55, 'en_stochastic': False, 'stochastic_n': 62, 'stochastic_d': 14, 'stochastic_lower': 40, 'stochastic_upper': 72, 'en_mfi': True, 'mfi_n': 45, 'mfi_lower': 13, 'mfi_upper': 73, 'en_bollinger': False, 'bollinger_n': 159, 'bollinger_k': 2.7, 'en_adx': False, 'adx_n': 16, 'adx_threshold': 20, 'en_structure_trend': False, 'structure_trend_swing_l': 17, 'en_order_block': True, 'order_block_swing_l': 12, 'en_fvg': False, 'fvg_lookback': 9, 'en_ifvg': False, 'en_breaker': True, 'breaker_swing_l': 15, 'en_cisd': False, 'k': 3, 'en_cap_bars': True, 'cap_1min': 368}.
[I 2026-07-13 15:35:52,867] Trial 1525 finished with values: [-477.956519124696, -2797.5027191618196, 45.849999999999994] and parameters: {'sl_soft': 0.028493661686441754, 'sl_hard_delta': 0.03711888935185244, 'tp': 0.04310350832060598, 'gate_pct': 86.19964173782641, 'dd_limit': 0.5820363533127576, 'cooldown': 4, 'flip': False, 'en_ema_trend': False, 'ema_trend_fast': 339, 'ema_trend_slow': 267, 'en_sma_trend': True, 'sma_trend_fast': 360, 'sma_trend_slow': 394, 'en_macd': False, 'macd_fast': 100, 'macd_slow': 85, 'macd_signal': 91, 'en_vwap': False, 'en_keltner': False, 'keltner_n': 163, 'keltner_m': 4.0, 'en_obv': True, 'obv_slope': 58, 'en_cci': True, 'cci_n': 98, 'cci_threshold': 175, 'en_rsi': True, 'rsi_n': 73, 'rsi_lower': 43, 'rsi_upper': 68, 'en_stochastic': False, 'stochastic_n': 30, 'stochastic_d': 35, 'stochastic_lower': 40, 'stochastic_upper': 68, 'en_mfi': True, 'mfi_n': 17, 'mfi_lower': 12, 'mfi_upper': 85, 'en_bollinger': True, 'bollinger_n': 173, 'bollinger_k': 3.8000000000000003, 'en_adx': False, 'adx_n': 90, 'adx_threshold': 8, 'en_structure_trend': False, 'structure_trend_swing_l': 14, 'en_order_block': False, 'order_block_swing_l': 9, 'en_fvg': False, 'fvg_lookback': 39, 'en_ifvg': False, 'en_breaker': True, 'breaker_swing_l': 3, 'en_cisd': False, 'k': 2, 'en_cap_bars': True, 'cap_1min': 456}.
[I 2026-07-13 15:35:56,430] Trial 1526 finished with values: [-391.177059495309, -2286.3856678284833, 75.6] and parameters: {'sl_soft': 0.028493661686441754, 'sl_hard_delta': 0.03711888935185244, 'tp': 0.01104713204540288, 'gate_pct': 86.19964173782641, 'dd_limit': 0.5820363533127576, 'cooldown': 13, 'flip': True, 'en_ema_trend': False, 'ema_trend_fast': 27, 'ema_trend_slow': 14, 'en_sma_trend': False, 'sma_trend_fast': 329, 'sma_trend_slow': 390, 'en_macd': True, 'macd_fast': 91, 'macd_slow': 127, 'macd_signal': 26, 'en_vwap': False, 'en_keltner': False, 'keltner_n': 26, 'keltner_m': 2.5, 'en_obv': True, 'obv_slope': 14, 'en_cci': True, 'cci_n': 106, 'cci_threshold': 175, 'en_rsi': True, 'rsi_n': 81, 'rsi_lower': 13, 'rsi_upper': 95, 'en_stochastic': False, 'stochastic_n': 88, 'stochastic_d': 46, 'stochastic_lower': 7, 'stochastic_upper': 61, 'en_mfi': False, 'mfi_n': 66, 'mfi_lower': 8, 'mfi_upper': 96, 'en_bollinger': False, 'bollinger_n': 44, 'bollinger_k': 3.7, 'en_adx': False, 'adx_n': 16, 'adx_threshold': 43, 'en_structure_trend': False, 'structure_trend_swing_l': 14, 'en_order_block': True, 'order_block_swing_l': 3, 'en_fvg': False, 'fvg_lookback': 39, 'en_ifvg': False, 'en_breaker': True, 'breaker_swing_l': 16, 'en_cisd': False, 'k': 2, 'en_cap_bars': False, 'cap_1min': 241}.
[I 2026-07-13 15:35:58,148] Trial 1527 finished with values: [-159.10129051810884, -884.3412671841122, 60.75] and parameters: {'sl_soft': 0.01239372502010468, 'sl_hard_delta': 0.032283188215272624, 'tp': 0.023258156370033756, 'gate_pct': 98.93711402329589, 'dd_limit': 9.066216783758431, 'cooldown': 20, 'flip': True, 'en_ema_trend': True, 'ema_trend_fast': 323, 'ema_trend_slow': 294, 'en_sma_trend': True, 'sma_trend_fast': 372, 'sma_trend_slow': 12, 'en_macd': False, 'macd_fast': 42, 'macd_slow': 18, 'macd_signal': 18, 'en_vwap': False, 'en_keltner': True, 'keltner_n': 56, 'keltner_m': 2.3, 'en_obv': True, 'obv_slope': 191, 'en_cci': False, 'cci_n': 10, 'cci_threshold': 25, 'en_rsi': True, 'rsi_n': 34, 'rsi_lower': 12, 'rsi_upper': 89, 'en_stochastic': False, 'stochastic_n': 77, 'stochastic_d': 2, 'stochastic_lower': 17, 'stochastic_upper': 97, 'en_mfi': False, 'mfi_n': 9, 'mfi_lower': 8, 'mfi_upper': 57, 'en_bollinger': False, 'bollinger_n': 56, 'bollinger_k': 1.4, 'en_adx': False, 'adx_n': 32, 'adx_threshold': 26, 'en_structure_trend': True, 'structure_trend_swing_l': 13, 'en_order_block': True, 'order_block_swing_l': 12, 'en_fvg': False, 'fvg_lookback': 26, 'en_ifvg': True, 'en_breaker': True, 'breaker_swing_l': 15, 'en_cisd': True, 'k': 1, 'en_cap_bars': False, 'cap_1min': 1239}.
[I 2026-07-13 15:35:58,498] Trial 1528 pruned. 
[I 2026-07-13 15:35:59,687] Trial 1529 pruned. 
[I 2026-07-13 15:36:00,634] Trial 1530 pruned. 
[I 2026-07-13 15:36:06,949] Trial 1531 finished with values: [-59.73040484352765, -291.5194615846417, 37.05] and parameters: {'sl_soft': 0.01239372502010468, 'sl_hard_delta': 0.0021822480591295163, 'tp': 0.023258156370033756, 'gate_pct': 99.52194572971088, 'dd_limit': 8.990165933787594, 'cooldown': 15, 'flip': False, 'en_ema_trend': True, 'ema_trend_fast': 323, 'ema_trend_slow': 362, 'en_sma_trend': True, 'sma_trend_fast': 222, 'sma_trend_slow': 100, 'en_macd': False, 'macd_fast': 64, 'macd_slow': 11, 'macd_signal': 83, 'en_vwap': True, 'en_keltner': False, 'keltner_n': 56, 'keltner_m': 0.5, 'en_obv': True, 'obv_slope': 85, 'en_cci': False, 'cci_n': 118, 'cci_threshold': 145, 'en_rsi': False, 'rsi_n': 79, 'rsi_lower': 16, 'rsi_upper': 89, 'en_stochastic': True, 'stochastic_n': 55, 'stochastic_d': 16, 'stochastic_lower': 37, 'stochastic_upper': 89, 'en_mfi': True, 'mfi_n': 65, 'mfi_lower': 27, 'mfi_upper': 84, 'en_bollinger': False, 'bollinger_n': 139, 'bollinger_k': 2.3, 'en_adx': False, 'adx_n': 41, 'adx_threshold': 40, 'en_structure_trend': True, 'structure_trend_swing_l': 9, 'en_order_block': False, 'order_block_swing_l': 4, 'en_fvg': False, 'fvg_lookback': 23, 'en_ifvg': True, 'en_breaker': True, 'breaker_swing_l': 17, 'en_cisd': True, 'k': 1, 'en_cap_bars': True, 'cap_1min': 753}.
[I 2026-07-13 15:36:08,380] Trial 1532 finished with values: [547.7683173830883, -1107.845912021439, 60.65] and parameters: {'sl_soft': 0.02075319889461138, 'sl_hard_delta': 0.02983865645256265, 'tp': 0.04099097483938532, 'gate_pct': 86.0615358098054, 'dd_limit': 0.15273745375618156, 'cooldown': 30, 'flip': False, 'en_ema_trend': True, 'ema_trend_fast': 290, 'ema_trend_slow': 368, 'en_sma_trend': True, 'sma_trend_fast': 135, 'sma_trend_slow': 242, 'en_macd': False, 'macd_fast': 48, 'macd_slow': 136, 'macd_signal': 38, 'en_vwap': False, 'en_keltner': True, 'keltner_n': 43, 'keltner_m': 2.1, 'en_obv': False, 'obv_slope': 158, 'en_cci': True, 'cci_n': 106, 'cci_threshold': 230, 'en_rsi': True, 'rsi_n': 59, 'rsi_lower': 21, 'rsi_upper': 69, 'en_stochastic': False, 'stochastic_n': 97, 'stochastic_d': 4, 'stochastic_lower': 21, 'stochastic_upper': 52, 'en_mfi': False, 'mfi_n': 44, 'mfi_lower': 22, 'mfi_upper': 91, 'en_bollinger': True, 'bollinger_n': 85, 'bollinger_k': 2.6, 'en_adx': True, 'adx_n': 40, 'adx_threshold': 7, 'en_structure_trend': False, 'structure_trend_swing_l': 19, 'en_order_block': False, 'order_block_swing_l': 8, 'en_fvg': False, 'fvg_lookback': 48, 'en_ifvg': False, 'en_breaker': False, 'breaker_swing_l': 5, 'en_cisd': True, 'k': 1, 'en_cap_bars': False, 'cap_1min': 1013}.
[I 2026-07-13 15:36:14,721] Trial 1533 finished with values: [529.8532391606159, -584.5505460107603, 39.35] and parameters: {'sl_soft': 0.01239372502010468, 'sl_hard_delta': 0.0021983515881025665, 'tp': 0.029010656879945286, 'gate_pct': 94.32553955536301, 'dd_limit': 8.683310596224244, 'cooldown': 0, 'flip': True, 'en_ema_trend': False, 'ema_trend_fast': 279, 'ema_trend_slow': 125, 'en_sma_trend': False, 'sma_trend_fast': 265, 'sma_trend_slow': 338, 'en_macd': True, 'macd_fast': 19, 'macd_slow': 80, 'macd_signal': 23, 'en_vwap': True, 'en_keltner': False, 'keltner_n': 56, 'keltner_m': 1.2000000000000002, 'en_obv': False, 'obv_slope': 72, 'en_cci': True, 'cci_n': 100, 'cci_threshold': 145, 'en_rsi': True, 'rsi_n': 77, 'rsi_lower': 1, 'rsi_upper': 94, 'en_stochastic': True, 'stochastic_n': 55, 'stochastic_d': 22, 'stochastic_lower': 14, 'stochastic_upper': 51, 'en_mfi': False, 'mfi_n': 84, 'mfi_lower': 22, 'mfi_upper': 90, 'en_bollinger': False, 'bollinger_n': 7, 'bollinger_k': 3.4000000000000004, 'en_adx': False, 'adx_n': 15, 'adx_threshold': 29, 'en_structure_trend': False, 'structure_trend_swing_l': 3, 'en_order_block': True, 'order_block_swing_l': 2, 'en_fvg': False, 'fvg_lookback': 26, 'en_ifvg': True, 'en_breaker': True, 'breaker_swing_l': 2, 'en_cisd': False, 'k': 1, 'en_cap_bars': True, 'cap_1min': 1243}.
[I 2026-07-13 15:36:18,157] Trial 1534 finished with values: [154.91220406255835, -664.6386811064885, 69.15] and parameters: {'sl_soft': 0.012807659801940798, 'sl_hard_delta': 0.022726861108552536, 'tp': 0.018803392344604333, 'gate_pct': 82.44068600536416, 'dd_limit': 3.6765110954600555, 'cooldown': 15, 'flip': False, 'en_ema_trend': True, 'ema_trend_fast': 91, 'ema_trend_slow': 109, 'en_sma_trend': False, 'sma_trend_fast': 331, 'sma_trend_slow': 12, 'en_macd': False, 'macd_fast': 6, 'macd_slow': 88, 'macd_signal': 40, 'en_vwap': True, 'en_keltner': True, 'keltner_n': 43, 'keltner_m': 5.0, 'en_obv': True, 'obv_slope': 158, 'en_cci': False, 'cci_n': 78, 'cci_threshold': 230, 'en_rsi': True, 'rsi_n': 34, 'rsi_lower': 11, 'rsi_upper': 77, 'en_stochastic': False, 'stochastic_n': 97, 'stochastic_d': 6, 'stochastic_lower': 17, 'stochastic_upper': 91, 'en_mfi': False, 'mfi_n': 66, 'mfi_lower': 13, 'mfi_upper': 99, 'en_bollinger': True, 'bollinger_n': 85, 'bollinger_k': 4.300000000000001, 'en_adx': False, 'adx_n': 35, 'adx_threshold': 7, 'en_structure_trend': False, 'structure_trend_swing_l': 19, 'en_order_block': True, 'order_block_swing_l': 18, 'en_fvg': False, 'fvg_lookback': 28, 'en_ifvg': True, 'en_breaker': True, 'breaker_swing_l': 18, 'en_cisd': True, 'k': 3, 'en_cap_bars': False, 'cap_1min': 963}.
[I 2026-07-13 15:36:19,231] Trial 1535 finished with values: [-564.725234728236, -1187.126780840444, 48.7] and parameters: {'sl_soft': 0.01239372502010468, 'sl_hard_delta': 0.02484677677105232, 'tp': 0.023258156370033756, 'gate_pct': 99.95605949198794, 'dd_limit': 1.4726436036009025, 'cooldown': 20, 'flip': True, 'en_ema_trend': True, 'ema_trend_fast': 323, 'ema_trend_slow': 136, 'en_sma_trend': True, 'sma_trend_fast': 222, 'sma_trend_slow': 16, 'en_macd': True, 'macd_fast': 64, 'macd_slow': 11, 'macd_signal': 18, 'en_vwap': True, 'en_keltner': False, 'keltner_n': 56, 'keltner_m': 2.5, 'en_obv': True, 'obv_slope': 72, 'en_cci': False, 'cci_n': 7, 'cci_threshold': 155, 'en_rsi': False, 'rsi_n': 81, 'rsi_lower': 13, 'rsi_upper': 78, 'en_stochastic': False, 'stochastic_n': 55, 'stochastic_d': 2, 'stochastic_lower': 7, 'stochastic_upper': 89, 'en_mfi': False, 'mfi_n': 84, 'mfi_lower': 30, 'mfi_upper': 57, 'en_bollinger': False, 'bollinger_n': 139, 'bollinger_k': 1.4, 'en_adx': False, 'adx_n': 32, 'adx_threshold': 12, 'en_structure_trend': True, 'structure_trend_swing_l': 3, 'en_order_block': False, 'order_block_swing_l': 4, 'en_fvg': False, 'fvg_lookback': 32, 'en_ifvg': True, 'en_breaker': True, 'breaker_swing_l': 16, 'en_cisd': False, 'k': 4, 'en_cap_bars': True, 'cap_1min': 368}.
[I 2026-07-13 15:36:22,498] Trial 1536 finished with values: [397.00751000513173, -902.5454307210268, 43.599999999999994] and parameters: {'sl_soft': 0.02075319889461138, 'sl_hard_delta': 0.00610414585932106, 'tp': 0.04310350832060598, 'gate_pct': 83.1421703566676, 'dd_limit': 3.6482276224843235, 'cooldown': 4, 'flip': False, 'en_ema_trend': True, 'ema_trend_fast': 93, 'ema_trend_slow': 176, 'en_sma_trend': True, 'sma_trend_fast': 360, 'sma_trend_slow': 394, 'en_macd': True, 'macd_fast': 60, 'macd_slow': 96, 'macd_signal': 91, 'en_vwap': True, 'en_keltner': True, 'keltner_n': 61, 'keltner_m': 0.9, 'en_obv': True, 'obv_slope': 58, 'en_cci': False, 'cci_n': 98, 'cci_threshold': 280, 'en_rsi': True, 'rsi_n': 34, 'rsi_lower': 20, 'rsi_upper': 68, 'en_stochastic': False, 'stochastic_n': 71, 'stochastic_d': 27, 'stochastic_lower': 40, 'stochastic_upper': 74, 'en_mfi': True, 'mfi_n': 66, 'mfi_lower': 12, 'mfi_upper': 71, 'en_bollinger': True, 'bollinger_n': 173, 'bollinger_k': 4.2, 'en_adx': False, 'adx_n': 40, 'adx_threshold': 8, 'en_structure_trend': True, 'structure_trend_swing_l': 13, 'en_order_block': False, 'order_block_swing_l': 12, 'en_fvg': False, 'fvg_lookback': 11, 'en_ifvg': False, 'en_breaker': True, 'breaker_swing_l': 16, 'en_cisd': True, 'k': 1, 'en_cap_bars': False, 'cap_1min': 963}.
[I 2026-07-13 15:36:26,551] Trial 1537 finished with values: [-334.0120381851541, -1260.1549360494246, 46.650000000000006] and parameters: {'sl_soft': 0.01239372502010468, 'sl_hard_delta': 0.003069903022346389, 'tp': 0.01219055325535965, 'gate_pct': 98.67302380660169, 'dd_limit': 1.7439494970493132, 'cooldown': 20, 'flip': False, 'en_ema_trend': False, 'ema_trend_fast': 384, 'ema_trend_slow': 150, 'en_sma_trend': True, 'sma_trend_fast': 334, 'sma_trend_slow': 268, 'en_macd': False, 'macd_fast': 80, 'macd_slow': 7, 'macd_signal': 70, 'en_vwap': True, 'en_keltner': True, 'keltner_n': 25, 'keltner_m': 2.8000000000000003, 'en_obv': False, 'obv_slope': 72, 'en_cci': True, 'cci_n': 100, 'cci_threshold': 160, 'en_rsi': True, 'rsi_n': 71, 'rsi_lower': 3, 'rsi_upper': 65, 'en_stochastic': False, 'stochastic_n': 64, 'stochastic_d': 31, 'stochastic_lower': 44, 'stochastic_upper': 68, 'en_mfi': True, 'mfi_n': 66, 'mfi_lower': 28, 'mfi_upper': 85, 'en_bollinger': False, 'bollinger_n': 7, 'bollinger_k': 1.0, 'en_adx': False, 'adx_n': 90, 'adx_threshold': 43, 'en_structure_trend': False, 'structure_trend_swing_l': 14, 'en_order_block': True, 'order_block_swing_l': 2, 'en_fvg': False, 'fvg_lookback': 41, 'en_ifvg': False, 'en_breaker': True, 'breaker_swing_l': 16, 'en_cisd': True, 'k': 1, 'en_cap_bars': True, 'cap_1min': 1243}.
[I 2026-07-13 15:36:29,541] Trial 1538 finished with values: [-669.5059833588601, -2872.3248321217193, 47.8] and parameters: {'sl_soft': 0.01023406377730282, 'sl_hard_delta': 0.017956019251315968, 'tp': 0.01219055325535965, 'gate_pct': 99.16215050807807, 'dd_limit': 3.6482276224843235, 'cooldown': 15, 'flip': False, 'en_ema_trend': True, 'ema_trend_fast': 282, 'ema_trend_slow': 304, 'en_sma_trend': True, 'sma_trend_fast': 268, 'sma_trend_slow': 29, 'en_macd': False, 'macd_fast': 68, 'macd_slow': 57, 'macd_signal': 23, 'en_vwap': True, 'en_keltner': True, 'keltner_n': 151, 'keltner_m': 1.1, 'en_obv': False, 'obv_slope': 68, 'en_cci': False, 'cci_n': 128, 'cci_threshold': 160, 'en_rsi': True, 'rsi_n': 41, 'rsi_lower': 11, 'rsi_upper': 60, 'en_stochastic': False, 'stochastic_n': 30, 'stochastic_d': 33, 'stochastic_lower': 27, 'stochastic_upper': 76, 'en_mfi': False, 'mfi_n': 6, 'mfi_lower': 41, 'mfi_upper': 82, 'en_bollinger': True, 'bollinger_n': 124, 'bollinger_k': 3.4000000000000004, 'en_adx': False, 'adx_n': 90, 'adx_threshold': 40, 'en_structure_trend': False, 'structure_trend_swing_l': 9, 'en_order_block': False, 'order_block_swing_l': 6, 'en_fvg': False, 'fvg_lookback': 9, 'en_ifvg': True, 'en_breaker': True, 'breaker_swing_l': 7, 'en_cisd': True, 'k': 4, 'en_cap_bars': False, 'cap_1min': 1363}.
[I 2026-07-13 15:36:31,377] Trial 1539 pruned. 
