[I 2026-07-13 14:27:38,007] Trial 2703 pruned. 
[I 2026-07-13 14:27:39,562] Trial 2704 pruned. 
[I 2026-07-13 14:27:40,087] Trial 2705 pruned. 
[I 2026-07-13 14:27:41,052] Trial 2706 pruned. 
[I 2026-07-13 14:27:41,704] Trial 2707 pruned. 
[I 2026-07-13 14:27:42,704] Trial 2708 pruned. 
[I 2026-07-13 14:27:44,483] Trial 2709 pruned. 
[I 2026-07-13 14:27:45,425] Trial 2710 pruned. 
[I 2026-07-13 14:27:46,803] Trial 2711 pruned. 
[I 2026-07-13 14:27:48,747] Trial 2712 pruned. 
[I 2026-07-13 14:27:52,093] Trial 2713 pruned. 
[I 2026-07-13 14:27:52,711] Trial 2714 pruned. 
[I 2026-07-13 14:27:54,722] Trial 2715 pruned. 
[I 2026-07-13 14:27:56,375] Trial 2716 pruned. 
[I 2026-07-13 14:27:57,434] Trial 2717 pruned. 
[I 2026-07-13 14:27:58,138] Trial 2718 pruned. 
[I 2026-07-13 14:27:59,373] Trial 2719 pruned. 
[I 2026-07-13 14:27:59,665] Trial 2720 pruned. 
[I 2026-07-13 14:28:00,564] Trial 2721 pruned. 
[I 2026-07-13 14:28:01,288] Trial 2722 pruned. 
[I 2026-07-13 14:28:01,953] Trial 2723 pruned. 
[I 2026-07-13 14:28:02,943] Trial 2724 pruned. 
[I 2026-07-13 14:28:04,812] Trial 2725 pruned. 
[I 2026-07-13 14:28:05,346] Trial 2726 pruned. 
[I 2026-07-13 14:28:06,682] Trial 2727 pruned. 
[I 2026-07-13 14:28:09,351] Trial 2728 pruned. 
[I 2026-07-13 14:28:11,772] Trial 2729 pruned. 
[I 2026-07-13 14:28:12,866] Trial 2730 pruned. 
[I 2026-07-13 14:28:13,833] Trial 2731 pruned. 
[I 2026-07-13 14:28:15,159] Trial 2732 pruned. 
[I 2026-07-13 14:28:17,343] Trial 2733 pruned. 
[I 2026-07-13 14:28:19,919] Trial 2734 pruned. 
[I 2026-07-13 14:28:20,943] Trial 2735 pruned. 
[I 2026-07-13 14:28:21,907] Trial 2736 pruned. 
[I 2026-07-13 14:28:27,529] Trial 2737 finished with values: [79.11248082809357, -6449.999999999996, 47.8] and parameters: {'sl_soft': 0.12121596005270902, 'sl_hard_delta': 0.1545986310599271, 'tp': 0.1968494435923639, 'gate_pct': 99.12973389262724, 'dd_limit': 4.116108339342792, 'cooldown': 1, 'flip': True, 'en_ema_trend': False, 'ema_trend_fast': 66, 'ema_trend_slow': 165, 'en_sma_trend': False, 'sma_trend_fast': 165, 'sma_trend_slow': 218, 'en_macd': False, 'macd_fast': 57, 'macd_slow': 51, 'macd_signal': 73, 'en_vwap': True, 'en_keltner': False, 'keltner_n': 173, 'keltner_m': 4.5, 'en_obv': True, 'obv_slope': 106, 'en_cci': False, 'cci_n': 60, 'cci_threshold': 140, 'en_rsi': False, 'rsi_n': 60, 'rsi_lower': 29, 'rsi_upper': 77, 'en_stochastic': True, 'stochastic_n': 79, 'stochastic_d': 6, 'stochastic_lower': 37, 'stochastic_upper': 75, 'en_mfi': False, 'mfi_n': 27, 'mfi_lower': 19, 'mfi_upper': 53, 'en_bollinger': True, 'bollinger_n': 83, 'bollinger_k': 0.9, 'en_adx': False, 'adx_n': 92, 'adx_threshold': 25, 'en_structure_trend': False, 'structure_trend_swing_l': 20, 'en_order_block': False, 'order_block_swing_l': 10, 'en_fvg': True, 'fvg_lookback': 23, 'en_ifvg': False, 'en_breaker': False, 'breaker_swing_l': 18, 'en_cisd': False, 'k': 2, 'en_cap_bars': True, 'cap_1min': 1353}.
[I 2026-07-13 14:28:29,047] Trial 2738 pruned. 
[I 2026-07-13 14:28:30,677] Trial 2739 pruned. 
[I 2026-07-13 14:28:32,317] Trial 2740 pruned. 
[I 2026-07-13 14:28:33,266] Trial 2741 pruned. 
[I 2026-07-13 14:28:33,849] Trial 2742 pruned. 
[I 2026-07-13 14:28:35,702] Trial 2743 pruned. 
[I 2026-07-13 14:28:39,105] Trial 2744 pruned. 
[I 2026-07-13 14:28:39,569] Trial 2745 pruned. 
[I 2026-07-13 14:28:40,536] Trial 2746 pruned. 
[I 2026-07-13 14:28:41,132] Trial 2747 pruned. 
[I 2026-07-13 14:28:42,590] Trial 2748 pruned. 
[I 2026-07-13 14:28:42,810] Trial 2749 pruned. 
[I 2026-07-13 14:28:43,790] Trial 2750 pruned. 
[I 2026-07-13 14:28:44,338] Trial 2751 pruned. 
[I 2026-07-13 14:28:46,020] Trial 2752 pruned. 
[I 2026-07-13 14:28:46,408] Trial 2753 pruned. 
[I 2026-07-13 14:28:47,460] Trial 2754 pruned. 
[I 2026-07-13 14:28:48,911] Trial 2755 pruned. 
[I 2026-07-13 14:28:49,438] Trial 2756 pruned. 
[I 2026-07-13 14:28:49,741] Trial 2757 pruned. 
[I 2026-07-13 14:28:50,697] Trial 2758 pruned. 
[I 2026-07-13 14:28:51,759] Trial 2759 pruned. 
[I 2026-07-13 14:28:51,917] Trial 2760 pruned. 
[I 2026-07-13 14:28:53,190] Trial 2761 pruned. 
[I 2026-07-13 14:28:53,742] Trial 2762 pruned. 
[I 2026-07-13 14:28:54,393] Trial 2763 pruned. 
[I 2026-07-13 14:28:54,961] Trial 2764 pruned. 
[I 2026-07-13 14:28:55,853] Trial 2765 pruned. 
[I 2026-07-13 14:28:58,133] Trial 2766 pruned. 
[I 2026-07-13 14:28:58,960] Trial 2767 pruned. 
[I 2026-07-13 14:29:00,019] Trial 2768 pruned. 
[I 2026-07-13 14:29:03,345] Trial 2769 pruned. 
[I 2026-07-13 14:29:03,717] Trial 2770 pruned. 
[I 2026-07-13 14:29:06,513] Trial 2771 pruned. 
[I 2026-07-13 14:29:07,273] Trial 2772 pruned. 
[I 2026-07-13 14:29:08,349] Trial 2773 pruned. 
[I 2026-07-13 14:29:09,424] Trial 2774 pruned. 
[I 2026-07-13 14:29:10,431] Trial 2775 pruned. 
[I 2026-07-13 14:29:12,443] Trial 2776 pruned. 
[I 2026-07-13 14:29:13,320] Trial 2777 pruned. 
[I 2026-07-13 14:29:13,941] Trial 2778 pruned. 
[I 2026-07-13 14:29:14,739] Trial 2779 pruned. 
[I 2026-07-13 14:29:16,274] Trial 2780 pruned. 
[I 2026-07-13 14:29:17,550] Trial 2781 pruned. 
[I 2026-07-13 14:29:18,828] Trial 2782 pruned. 
[I 2026-07-13 14:29:19,973] Trial 2783 pruned. 
[I 2026-07-13 14:29:21,278] Trial 2784 pruned. 
[I 2026-07-13 14:29:22,273] Trial 2785 pruned. 
[I 2026-07-13 14:29:23,120] Trial 2786 pruned. 
[I 2026-07-13 14:29:24,310] Trial 2787 pruned. 
[I 2026-07-13 14:29:25,236] Trial 2788 pruned. 
[I 2026-07-13 14:29:26,048] Trial 2789 pruned. 
[I 2026-07-13 14:29:27,528] Trial 2790 pruned. 
[I 2026-07-13 14:29:28,115] Trial 2791 pruned. 
[I 2026-07-13 14:29:29,616] Trial 2792 pruned. 
[I 2026-07-13 14:29:30,391] Trial 2793 pruned. 
[I 2026-07-13 14:29:31,416] Trial 2794 pruned. 
[I 2026-07-13 14:29:32,246] Trial 2795 pruned. 
[I 2026-07-13 14:29:33,479] Trial 2796 pruned. 
[I 2026-07-13 14:29:34,970] Trial 2797 pruned. 
[I 2026-07-13 14:29:35,617] Trial 2798 pruned. 
[I 2026-07-13 14:29:36,568] Trial 2799 pruned. 
[I 2026-07-13 14:29:36,826] Trial 2800 pruned. 
[I 2026-07-13 14:29:37,628] Trial 2801 pruned. 
[I 2026-07-13 14:29:38,350] Trial 2802 pruned. 
[I 2026-07-13 14:29:39,432] Trial 2803 pruned. 
[I 2026-07-13 14:29:40,962] Trial 2804 pruned. 
[I 2026-07-13 14:29:42,046] Trial 2805 pruned. 
[I 2026-07-13 14:29:42,800] Trial 2806 pruned. 
[I 2026-07-13 14:29:44,337] Trial 2807 pruned. 
[I 2026-07-13 14:29:45,483] Trial 2808 pruned. 
[I 2026-07-13 14:29:45,790] Trial 2809 pruned. 
[I 2026-07-13 14:29:47,020] Trial 2810 pruned. 
[I 2026-07-13 14:29:47,844] Trial 2811 pruned. 
[I 2026-07-13 14:29:49,040] Trial 2812 pruned. 
[I 2026-07-13 14:29:51,336] Trial 2813 pruned. 
[I 2026-07-13 14:29:52,507] Trial 2814 pruned. 
[I 2026-07-13 14:29:53,476] Trial 2815 pruned. 
[I 2026-07-13 14:29:54,391] Trial 2816 pruned. 
[I 2026-07-13 14:29:55,436] Trial 2817 pruned. 
[I 2026-07-13 14:29:58,395] Trial 2818 pruned. 
[I 2026-07-13 14:29:59,427] Trial 2819 pruned. 
[I 2026-07-13 14:30:00,345] Trial 2820 pruned. 
[I 2026-07-13 14:30:03,529] Trial 2821 pruned. 
[I 2026-07-13 14:30:04,375] Trial 2822 pruned. 
[I 2026-07-13 14:30:06,282] Trial 2823 pruned. 
[I 2026-07-13 14:30:06,790] Trial 2824 pruned. 
[I 2026-07-13 14:30:07,389] Trial 2825 pruned. 
[I 2026-07-13 14:30:08,567] Trial 2826 pruned. 
[I 2026-07-13 14:30:12,706] Trial 2827 pruned. 
[I 2026-07-13 14:30:13,826] Trial 2828 pruned. 
[I 2026-07-13 14:30:14,744] Trial 2829 pruned. 
[I 2026-07-13 14:30:15,591] Trial 2830 pruned. 
[I 2026-07-13 14:30:17,021] Trial 2831 pruned. 
[I 2026-07-13 14:30:18,976] Trial 2832 pruned. 
[I 2026-07-13 14:30:19,925] Trial 2833 pruned. 
[I 2026-07-13 14:30:21,388] Trial 2834 pruned. 
[I 2026-07-13 14:30:23,798] Trial 2835 pruned. 
[I 2026-07-13 14:30:24,292] Trial 2836 pruned. 
[I 2026-07-13 14:30:25,688] Trial 2837 pruned. 
[I 2026-07-13 14:30:26,182] Trial 2838 pruned. 
[I 2026-07-13 14:30:27,250] Trial 2839 pruned. 
[I 2026-07-13 14:30:27,445] Trial 2840 pruned. 
[I 2026-07-13 14:30:27,878] Trial 2841 pruned. 
[I 2026-07-13 14:30:30,143] Trial 2842 pruned. 
[I 2026-07-13 14:30:30,516] Trial 2843 pruned. 
[I 2026-07-13 14:30:31,257] Trial 2844 pruned. 
[I 2026-07-13 14:30:31,874] Trial 2845 pruned. 
[I 2026-07-13 14:30:32,742] Trial 2846 pruned. 
[I 2026-07-13 14:30:33,271] Trial 2847 pruned. 
[I 2026-07-13 14:30:34,738] Trial 2848 pruned. 
[I 2026-07-13 14:30:35,565] Trial 2849 pruned. 
[I 2026-07-13 14:30:37,027] Trial 2850 pruned. 
[I 2026-07-13 14:30:38,222] Trial 2851 pruned. 
[I 2026-07-13 14:30:39,215] Trial 2852 pruned. 
[I 2026-07-13 14:30:40,480] Trial 2853 pruned. 
[I 2026-07-13 14:30:42,697] Trial 2854 pruned. 
[I 2026-07-13 14:30:43,612] Trial 2855 pruned. 
[I 2026-07-13 14:30:44,745] Trial 2856 pruned. 
[I 2026-07-13 14:30:45,990] Trial 2857 pruned. 
[I 2026-07-13 14:30:47,239] Trial 2858 pruned. 
[I 2026-07-13 14:30:48,248] Trial 2859 pruned. 
[I 2026-07-13 14:30:48,924] Trial 2860 pruned. 
[I 2026-07-13 14:30:50,013] Trial 2861 pruned. 
[I 2026-07-13 14:30:51,090] Trial 2862 pruned. 
[I 2026-07-13 14:30:52,427] Trial 2863 pruned. 
[I 2026-07-13 14:30:54,280] Trial 2864 pruned. 
[I 2026-07-13 14:30:54,597] Trial 2865 pruned. 
[I 2026-07-13 14:30:56,192] Trial 2866 pruned. 
[I 2026-07-13 14:30:57,135] Trial 2867 pruned. 
[I 2026-07-13 14:30:57,901] Trial 2868 pruned. 
[I 2026-07-13 14:30:58,371] Trial 2869 pruned. 
[I 2026-07-13 14:30:59,517] Trial 2870 pruned. 
[I 2026-07-13 14:31:00,076] Trial 2871 pruned. 
[I 2026-07-13 14:31:01,303] Trial 2872 pruned. 
[I 2026-07-13 14:31:02,805] Trial 2873 pruned. 
[I 2026-07-13 14:31:03,714] Trial 2874 pruned. 
[I 2026-07-13 14:31:05,404] Trial 2875 pruned. 
[I 2026-07-13 14:31:06,037] Trial 2876 pruned. 
[I 2026-07-13 14:31:06,944] Trial 2877 pruned. 
[I 2026-07-13 14:31:07,654] Trial 2878 pruned. 
[I 2026-07-13 14:31:08,867] Trial 2879 pruned. 
[I 2026-07-13 14:31:09,195] Trial 2880 pruned. 
[I 2026-07-13 14:31:10,240] Trial 2881 pruned. 
[I 2026-07-13 14:31:11,361] Trial 2882 pruned. 
[I 2026-07-13 14:31:12,116] Trial 2883 pruned. 
[I 2026-07-13 14:31:12,800] Trial 2884 pruned. 
[I 2026-07-13 14:31:15,935] Trial 2885 pruned. 
[I 2026-07-13 14:31:16,989] Trial 2886 pruned. 
[I 2026-07-13 14:31:17,487] Trial 2887 pruned. 
[I 2026-07-13 14:31:19,333] Trial 2888 pruned. 
[I 2026-07-13 14:31:20,500] Trial 2889 pruned. 
[I 2026-07-13 14:31:21,848] Trial 2890 pruned. 
[I 2026-07-13 14:31:22,681] Trial 2891 pruned. 
[I 2026-07-13 14:31:23,885] Trial 2892 pruned. 
[I 2026-07-13 14:31:25,848] Trial 2893 pruned. 
[I 2026-07-13 14:31:26,466] Trial 2894 pruned. 
[I 2026-07-13 14:31:27,709] Trial 2895 pruned. 
[I 2026-07-13 14:31:31,679] Trial 2896 pruned. 
[I 2026-07-13 14:31:32,416] Trial 2897 pruned. 
[I 2026-07-13 14:31:33,968] Trial 2898 pruned. 
[I 2026-07-13 14:31:34,678] Trial 2899 pruned. 
[I 2026-07-13 14:31:35,270] Trial 2900 pruned. 
[I 2026-07-13 14:31:36,735] Trial 2901 pruned. 
[I 2026-07-13 14:31:37,630] Trial 2902 pruned. 
[I 2026-07-13 14:31:39,687] Trial 2903 pruned. 
[I 2026-07-13 14:31:41,160] Trial 2904 pruned. 
[I 2026-07-13 14:31:43,082] Trial 2905 pruned. 
[I 2026-07-13 14:31:44,000] Trial 2906 pruned. 
[I 2026-07-13 14:31:45,454] Trial 2907 pruned. 
[I 2026-07-13 14:31:47,420] Trial 2908 pruned. 
[I 2026-07-13 14:31:50,057] Trial 2909 pruned. 
[I 2026-07-13 14:31:50,584] Trial 2910 pruned. 
[I 2026-07-13 14:31:53,249] Trial 2911 pruned. 
[I 2026-07-13 14:31:54,400] Trial 2912 pruned. 
[I 2026-07-13 14:31:55,412] Trial 2913 pruned. 
[I 2026-07-13 14:31:56,472] Trial 2914 pruned. 
[I 2026-07-13 14:31:58,905] Trial 2915 pruned. 
[I 2026-07-13 14:31:59,752] Trial 2916 pruned. 
[I 2026-07-13 14:32:02,695] Trial 2917 pruned. 
[I 2026-07-13 14:32:03,761] Trial 2918 pruned. 
[I 2026-07-13 14:32:09,522] Trial 2919 finished with values: [-3332.048539750438, -17825.143357775498, 42.25] and parameters: {'sl_soft': 0.09178234349692868, 'sl_hard_delta': 0.25034197358096105, 'tp': 0.199776588117138, 'gate_pct': 98.514712353421, 'dd_limit': 4.91628186162365, 'cooldown': 1, 'flip': True, 'en_ema_trend': True, 'ema_trend_fast': 290, 'ema_trend_slow': 19, 'en_sma_trend': False, 'sma_trend_fast': 314, 'sma_trend_slow': 228, 'en_macd': True, 'macd_fast': 78, 'macd_slow': 106, 'macd_signal': 22, 'en_vwap': True, 'en_keltner': True, 'keltner_n': 44, 'keltner_m': 1.3, 'en_obv': False, 'obv_slope': 21, 'en_cci': False, 'cci_n': 21, 'cci_threshold': 200, 'en_rsi': True, 'rsi_n': 36, 'rsi_lower': 10, 'rsi_upper': 70, 'en_stochastic': False, 'stochastic_n': 61, 'stochastic_d': 45, 'stochastic_lower': 19, 'stochastic_upper': 54, 'en_mfi': True, 'mfi_n': 29, 'mfi_lower': 19, 'mfi_upper': 84, 'en_bollinger': False, 'bollinger_n': 33, 'bollinger_k': 4.4, 'en_adx': False, 'adx_n': 26, 'adx_threshold': 40, 'en_structure_trend': False, 'structure_trend_swing_l': 17, 'en_order_block': False, 'order_block_swing_l': 15, 'en_fvg': True, 'fvg_lookback': 32, 'en_ifvg': False, 'en_breaker': False, 'breaker_swing_l': 15, 'en_cisd': False, 'k': 3, 'en_cap_bars': False, 'cap_1min': 404}.
[I 2026-07-13 14:32:09,690] Trial 2920 pruned. 
[I 2026-07-13 14:32:12,723] Trial 2921 pruned. 
[I 2026-07-13 14:32:13,892] Trial 2922 pruned. 
[I 2026-07-13 14:32:14,854] Trial 2923 pruned. 
[I 2026-07-13 14:32:16,402] Trial 2924 pruned. 
[I 2026-07-13 14:32:27,834] Trial 2925 finished with values: [3635.971508026685, -13522.138798847569, 42.4] and parameters: {'sl_soft': 0.12649771666247087, 'sl_hard_delta': 0.028407703798022977, 'tp': 0.30344321187078127, 'gate_pct': 98.19812780594039, 'dd_limit': 8.695879980087707, 'cooldown': 1, 'flip': False, 'en_ema_trend': False, 'ema_trend_fast': 277, 'ema_trend_slow': 178, 'en_sma_trend': True, 'sma_trend_fast': 274, 'sma_trend_slow': 94, 'en_macd': False, 'macd_fast': 51, 'macd_slow': 59, 'macd_signal': 43, 'en_vwap': False, 'en_keltner': True, 'keltner_n': 173, 'keltner_m': 3.8000000000000003, 'en_obv': False, 'obv_slope': 125, 'en_cci': True, 'cci_n': 108, 'cci_threshold': 130, 'en_rsi': False, 'rsi_n': 42, 'rsi_lower': 38, 'rsi_upper': 57, 'en_stochastic': True, 'stochastic_n': 44, 'stochastic_d': 45, 'stochastic_lower': 13, 'stochastic_upper': 93, 'en_mfi': True, 'mfi_n': 42, 'mfi_lower': 28, 'mfi_upper': 83, 'en_bollinger': False, 'bollinger_n': 192, 'bollinger_k': 1.6, 'en_adx': True, 'adx_n': 96, 'adx_threshold': 9, 'en_structure_trend': False, 'structure_trend_swing_l': 3, 'en_order_block': False, 'order_block_swing_l': 19, 'en_fvg': False, 'fvg_lookback': 33, 'en_ifvg': False, 'en_breaker': True, 'breaker_swing_l': 7, 'en_cisd': False, 'k': 1, 'en_cap_bars': True, 'cap_1min': 213}.
[I 2026-07-13 14:32:30,210] Trial 2926 pruned. 
[I 2026-07-13 14:32:31,640] Trial 2927 pruned. 
[I 2026-07-13 14:32:34,542] Trial 2928 pruned. 
[I 2026-07-13 14:32:38,206] Trial 2929 pruned. 
[I 2026-07-13 14:32:39,494] Trial 2930 pruned. 
[I 2026-07-13 14:32:40,094] Trial 2931 pruned. 
[I 2026-07-13 14:32:41,317] Trial 2932 pruned. 
[I 2026-07-13 14:32:44,448] Trial 2933 pruned. 
[I 2026-07-13 14:32:45,597] Trial 2934 pruned. 
[I 2026-07-13 14:32:46,230] Trial 2935 pruned. 
[I 2026-07-13 14:32:46,701] Trial 2936 pruned. 
[I 2026-07-13 14:32:48,175] Trial 2937 pruned. 
[I 2026-07-13 14:32:50,040] Trial 2938 pruned. 
[I 2026-07-13 14:32:51,313] Trial 2939 pruned. 
[I 2026-07-13 14:32:52,288] Trial 2940 pruned. 
[I 2026-07-13 14:32:54,597] Trial 2941 pruned. 
[I 2026-07-13 14:32:55,129] Trial 2942 pruned. 
[I 2026-07-13 14:32:55,578] Trial 2943 pruned. 
[I 2026-07-13 14:32:56,769] Trial 2944 pruned. 
[I 2026-07-13 14:32:57,869] Trial 2945 pruned. 
[I 2026-07-13 14:32:58,857] Trial 2946 pruned. 
[I 2026-07-13 14:33:02,450] Trial 2947 pruned. 
[I 2026-07-13 14:33:03,987] Trial 2948 pruned. 
[I 2026-07-13 14:33:04,351] Trial 2949 pruned. 
[I 2026-07-13 14:33:05,642] Trial 2950 pruned. 
[I 2026-07-13 14:33:06,127] Trial 2951 pruned. 
[I 2026-07-13 14:33:06,996] Trial 2952 pruned. 
[I 2026-07-13 14:33:08,585] Trial 2953 pruned. 
[I 2026-07-13 14:33:08,956] Trial 2954 pruned. 
[I 2026-07-13 14:33:10,517] Trial 2955 pruned. 
[I 2026-07-13 14:33:12,162] Trial 2956 pruned. 
[I 2026-07-13 14:33:12,781] Trial 2957 pruned. 
[I 2026-07-13 14:33:15,017] Trial 2958 pruned. 
[I 2026-07-13 14:33:16,029] Trial 2959 pruned. 
[I 2026-07-13 14:33:16,280] Trial 2960 pruned. 
[I 2026-07-13 14:33:20,389] Trial 2961 finished with values: [-2784.993015431744, -11131.578354952084, 34.849999999999994] and parameters: {'sl_soft': 0.16225446651247205, 'sl_hard_delta': 0.1370086676856171, 'tp': 0.30490709203242927, 'gate_pct': 95.9102431258569, 'dd_limit': 0.7901269238090842, 'cooldown': 0, 'flip': True, 'en_ema_trend': True, 'ema_trend_fast': 157, 'ema_trend_slow': 157, 'en_sma_trend': True, 'sma_trend_fast': 331, 'sma_trend_slow': 213, 'en_macd': True, 'macd_fast': 57, 'macd_slow': 156, 'macd_signal': 23, 'en_vwap': False, 'en_keltner': True, 'keltner_n': 110, 'keltner_m': 1.0, 'en_obv': False, 'obv_slope': 146, 'en_cci': True, 'cci_n': 4, 'cci_threshold': 190, 'en_rsi': True, 'rsi_n': 53, 'rsi_lower': 44, 'rsi_upper': 88, 'en_stochastic': False, 'stochastic_n': 49, 'stochastic_d': 34, 'stochastic_lower': 31, 'stochastic_upper': 99, 'en_mfi': False, 'mfi_n': 68, 'mfi_lower': 15, 'mfi_upper': 85, 'en_bollinger': False, 'bollinger_n': 114, 'bollinger_k': 3.3000000000000003, 'en_adx': False, 'adx_n': 17, 'adx_threshold': 42, 'en_structure_trend': False, 'structure_trend_swing_l': 19, 'en_order_block': True, 'order_block_swing_l': 11, 'en_fvg': False, 'fvg_lookback': 22, 'en_ifvg': True, 'en_breaker': True, 'breaker_swing_l': 6, 'en_cisd': True, 'k': 3, 'en_cap_bars': False, 'cap_1min': 600}.
[I 2026-07-13 14:33:21,312] Trial 2962 pruned. 
[I 2026-07-13 14:33:23,267] Trial 2963 pruned. 
[I 2026-07-13 14:33:24,194] Trial 2964 pruned. 
[I 2026-07-13 14:33:25,985] Trial 2965 pruned. 
[I 2026-07-13 14:33:26,940] Trial 2966 pruned. 
[I 2026-07-13 14:33:28,191] Trial 2967 pruned. 
[I 2026-07-13 14:33:29,633] Trial 2968 pruned. 
[I 2026-07-13 14:33:30,856] Trial 2969 pruned. 
[I 2026-07-13 14:33:31,785] Trial 2970 pruned. 
[I 2026-07-13 14:33:32,267] Trial 2971 pruned. 
[I 2026-07-13 14:33:33,291] Trial 2972 pruned. 
[I 2026-07-13 14:33:34,386] Trial 2973 pruned. 
[I 2026-07-13 14:33:35,053] Trial 2974 pruned. 
[I 2026-07-13 14:33:35,575] Trial 2975 pruned. 
[I 2026-07-13 14:33:37,177] Trial 2976 pruned. 
[I 2026-07-13 14:33:39,541] Trial 2977 pruned. 
[I 2026-07-13 14:33:40,546] Trial 2978 pruned. 
[I 2026-07-13 14:33:42,366] Trial 2979 pruned. 
[I 2026-07-13 14:33:43,054] Trial 2980 pruned. 
[I 2026-07-13 14:33:44,927] Trial 2981 pruned. 
[I 2026-07-13 14:33:45,627] Trial 2982 pruned. 
[I 2026-07-13 14:33:46,758] Trial 2983 pruned. 
[I 2026-07-13 14:33:47,367] Trial 2984 pruned. 
[I 2026-07-13 14:33:49,324] Trial 2985 pruned. 
[I 2026-07-13 14:33:50,617] Trial 2986 pruned. 
[I 2026-07-13 14:33:51,525] Trial 2987 pruned. 
[I 2026-07-13 14:33:51,861] Trial 2988 pruned. 
[I 2026-07-13 14:33:53,070] Trial 2989 pruned. 
[I 2026-07-13 14:33:54,589] Trial 2990 pruned. 
[I 2026-07-13 14:33:56,078] Trial 2991 pruned. 
[I 2026-07-13 14:33:58,954] Trial 2992 finished with values: [-1608.1043731207424, -28609.966471392083, 44.349999999999994] and parameters: {'sl_soft': 0.18045965102496422, 'sl_hard_delta': 0.031055777521041317, 'tp': 0.22132955955359085, 'gate_pct': 96.1200905209727, 'dd_limit': 7.263643020862046, 'cooldown': 1, 'flip': False, 'en_ema_trend': False, 'ema_trend_fast': 116, 'ema_trend_slow': 21, 'en_sma_trend': True, 'sma_trend_fast': 153, 'sma_trend_slow': 322, 'en_macd': True, 'macd_fast': 36, 'macd_slow': 118, 'macd_signal': 12, 'en_vwap': True, 'en_keltner': True, 'keltner_n': 64, 'keltner_m': 4.4, 'en_obv': True, 'obv_slope': 96, 'en_cci': False, 'cci_n': 116, 'cci_threshold': 115, 'en_rsi': False, 'rsi_n': 57, 'rsi_lower': 15, 'rsi_upper': 60, 'en_stochastic': False, 'stochastic_n': 29, 'stochastic_d': 44, 'stochastic_lower': 7, 'stochastic_upper': 63, 'en_mfi': False, 'mfi_n': 8, 'mfi_lower': 40, 'mfi_upper': 94, 'en_bollinger': True, 'bollinger_n': 33, 'bollinger_k': 2.4000000000000004, 'en_adx': False, 'adx_n': 55, 'adx_threshold': 8, 'en_structure_trend': True, 'structure_trend_swing_l': 13, 'en_order_block': False, 'order_block_swing_l': 10, 'en_fvg': False, 'fvg_lookback': 48, 'en_ifvg': False, 'en_breaker': True, 'breaker_swing_l': 9, 'en_cisd': True, 'k': 2, 'en_cap_bars': True, 'cap_1min': 143}.
[I 2026-07-13 14:34:00,044] Trial 2993 pruned. 
[I 2026-07-13 14:34:00,986] Trial 2994 pruned. 
[I 2026-07-13 14:34:01,987] Trial 2995 pruned. 
[I 2026-07-13 14:34:04,701] Trial 2996 pruned. 
[I 2026-07-13 14:34:05,889] Trial 2997 pruned. 
[I 2026-07-13 14:34:07,025] Trial 2998 pruned. 
[I 2026-07-13 14:34:07,969] Trial 2999 pruned. 
[I 2026-07-13 14:34:08,216] Trial 3000 pruned. 
[I 2026-07-13 14:34:09,516] Trial 3001 pruned. 
[I 2026-07-13 14:34:12,703] Trial 3002 pruned. 
[I 2026-07-13 14:34:14,016] Trial 3003 pruned. 
[I 2026-07-13 14:34:15,203] Trial 3004 pruned. 
