[I 2026-07-13 14:12:31,430] Trial 1988 pruned. 
[I 2026-07-13 14:12:32,163] Trial 1989 pruned. 
[I 2026-07-13 14:12:33,084] Trial 1990 pruned. 
[I 2026-07-13 14:12:34,751] Trial 1991 pruned. 
[I 2026-07-13 14:12:36,349] Trial 1992 pruned. 
[I 2026-07-13 14:12:37,543] Trial 1993 pruned. 
[I 2026-07-13 14:12:38,246] Trial 1994 pruned. 
[I 2026-07-13 14:12:39,333] Trial 1995 pruned. 
[I 2026-07-13 14:12:39,806] Trial 1996 pruned. 
[I 2026-07-13 14:12:40,073] Trial 1997 pruned. 
[I 2026-07-13 14:12:41,002] Trial 1998 pruned. 
[I 2026-07-13 14:12:41,637] Trial 1999 pruned. 
[I 2026-07-13 14:12:41,883] Trial 2000 pruned. 
[I 2026-07-13 14:12:42,353] Trial 2001 pruned. 
[I 2026-07-13 14:12:42,808] Trial 2002 pruned. 
[I 2026-07-13 14:12:44,005] Trial 2003 pruned. 
[I 2026-07-13 14:12:45,676] Trial 2004 pruned. 
[I 2026-07-13 14:12:46,870] Trial 2005 pruned. 
[I 2026-07-13 14:12:47,528] Trial 2006 pruned. 
[I 2026-07-13 14:12:49,954] Trial 2007 pruned. 
[I 2026-07-13 14:12:51,862] Trial 2008 pruned. 
[I 2026-07-13 14:12:53,169] Trial 2009 pruned. 
[I 2026-07-13 14:12:54,896] Trial 2010 pruned. 
[I 2026-07-13 14:12:55,870] Trial 2011 pruned. 
[I 2026-07-13 14:12:56,514] Trial 2012 pruned. 
[I 2026-07-13 14:12:57,990] Trial 2013 pruned. 
[I 2026-07-13 14:12:58,574] Trial 2014 pruned. 
[I 2026-07-13 14:13:00,340] Trial 2015 pruned. 
[I 2026-07-13 14:13:01,501] Trial 2016 pruned. 
[I 2026-07-13 14:13:03,235] Trial 2017 pruned. 
[I 2026-07-13 14:13:06,285] Trial 2018 pruned. 
[I 2026-07-13 14:13:08,013] Trial 2019 pruned. 
[I 2026-07-13 14:13:08,418] Trial 2020 pruned. 
[I 2026-07-13 14:13:09,524] Trial 2021 pruned. 
[I 2026-07-13 14:13:10,091] Trial 2022 pruned. 
[I 2026-07-13 14:13:12,476] Trial 2023 pruned. 
[I 2026-07-13 14:13:14,214] Trial 2024 pruned. 
[I 2026-07-13 14:13:15,180] Trial 2025 pruned. 
[I 2026-07-13 14:13:16,340] Trial 2026 pruned. 
[I 2026-07-13 14:13:23,044] Trial 2027 finished with values: [1897.6079169067898, -6365.06321861404, 49.349999999999994] and parameters: {'sl_soft': 0.058218586321253915, 'sl_hard_delta': 0.234009729604921, 'tp': 0.1402887976259075, 'gate_pct': 98.80229380351075, 'dd_limit': 7.351713918926211, 'cooldown': 0, 'flip': True, 'en_ema_trend': True, 'ema_trend_fast': 176, 'ema_trend_slow': 231, 'en_sma_trend': True, 'sma_trend_fast': 166, 'sma_trend_slow': 28, 'en_macd': False, 'macd_fast': 64, 'macd_slow': 170, 'macd_signal': 37, 'en_vwap': True, 'en_keltner': False, 'keltner_n': 13, 'keltner_m': 4.8, 'en_obv': True, 'obv_slope': 76, 'en_cci': True, 'cci_n': 8, 'cci_threshold': 170, 'en_rsi': False, 'rsi_n': 21, 'rsi_lower': 43, 'rsi_upper': 74, 'en_stochastic': True, 'stochastic_n': 31, 'stochastic_d': 29, 'stochastic_lower': 9, 'stochastic_upper': 87, 'en_mfi': False, 'mfi_n': 44, 'mfi_lower': 26, 'mfi_upper': 65, 'en_bollinger': True, 'bollinger_n': 142, 'bollinger_k': 4.1, 'en_adx': False, 'adx_n': 8, 'adx_threshold': 55, 'en_structure_trend': True, 'structure_trend_swing_l': 19, 'en_order_block': True, 'order_block_swing_l': 4, 'en_fvg': False, 'fvg_lookback': 30, 'en_ifvg': True, 'en_breaker': False, 'breaker_swing_l': 20, 'en_cisd': True, 'k': 2, 'en_cap_bars': True, 'cap_1min': 1189}.
[I 2026-07-13 14:13:23,465] Trial 2028 pruned. 
[I 2026-07-13 14:13:24,113] Trial 2029 pruned. 
[I 2026-07-13 14:13:25,416] Trial 2030 pruned. 
[I 2026-07-13 14:13:27,526] Trial 2031 pruned. 
[I 2026-07-13 14:13:28,729] Trial 2032 pruned. 
[I 2026-07-13 14:13:29,761] Trial 2033 pruned. 
[I 2026-07-13 14:13:31,409] Trial 2034 pruned. 
[I 2026-07-13 14:13:31,942] Trial 2035 pruned. 
[I 2026-07-13 14:13:32,995] Trial 2036 pruned. 
[I 2026-07-13 14:13:34,455] Trial 2037 pruned. 
[I 2026-07-13 14:13:35,783] Trial 2038 pruned. 
[I 2026-07-13 14:13:36,730] Trial 2039 pruned. 
[I 2026-07-13 14:13:37,004] Trial 2040 pruned. 
[I 2026-07-13 14:13:38,061] Trial 2041 pruned. 
[I 2026-07-13 14:13:39,918] Trial 2042 pruned. 
[I 2026-07-13 14:13:41,030] Trial 2043 pruned. 
[I 2026-07-13 14:13:41,383] Trial 2044 pruned. 
[I 2026-07-13 14:13:43,278] Trial 2045 pruned. 
[I 2026-07-13 14:13:44,570] Trial 2046 pruned. 
[I 2026-07-13 14:13:46,327] Trial 2047 pruned. 
[I 2026-07-13 14:13:47,405] Trial 2048 pruned. 
[I 2026-07-13 14:13:48,226] Trial 2049 pruned. 
[I 2026-07-13 14:13:48,844] Trial 2050 pruned. 
[I 2026-07-13 14:13:50,347] Trial 2051 pruned. 
[I 2026-07-13 14:13:51,708] Trial 2052 pruned. 
[I 2026-07-13 14:13:52,671] Trial 2053 pruned. 
[I 2026-07-13 14:13:54,195] Trial 2054 pruned. 
[I 2026-07-13 14:13:57,159] Trial 2055 pruned. 
[I 2026-07-13 14:13:57,462] Trial 2056 pruned. 
[I 2026-07-13 14:13:59,358] Trial 2057 pruned. 
[I 2026-07-13 14:14:00,314] Trial 2058 pruned. 
[I 2026-07-13 14:14:01,858] Trial 2059 pruned. 
[I 2026-07-13 14:14:03,259] Trial 2060 pruned. 
[I 2026-07-13 14:14:04,149] Trial 2061 pruned. 
[I 2026-07-13 14:14:05,829] Trial 2062 pruned. 
[I 2026-07-13 14:14:06,642] Trial 2063 pruned. 
[I 2026-07-13 14:14:07,127] Trial 2064 pruned. 
[I 2026-07-13 14:14:08,820] Trial 2065 pruned. 
[I 2026-07-13 14:14:09,989] Trial 2066 pruned. 
[I 2026-07-13 14:14:11,292] Trial 2067 pruned. 
[I 2026-07-13 14:14:11,846] Trial 2068 pruned. 
[I 2026-07-13 14:14:12,312] Trial 2069 pruned. 
[I 2026-07-13 14:14:13,577] Trial 2070 pruned. 
[I 2026-07-13 14:14:15,782] Trial 2071 pruned. 
[I 2026-07-13 14:14:16,332] Trial 2072 pruned. 
[I 2026-07-13 14:14:17,343] Trial 2073 pruned. 
[I 2026-07-13 14:14:18,436] Trial 2074 pruned. 
[I 2026-07-13 14:14:19,275] Trial 2075 pruned. 
[I 2026-07-13 14:14:20,489] Trial 2076 pruned. 
[I 2026-07-13 14:14:22,066] Trial 2077 pruned. 
[I 2026-07-13 14:14:23,496] Trial 2078 pruned. 
[I 2026-07-13 14:14:25,263] Trial 2079 pruned. 
[I 2026-07-13 14:14:25,633] Trial 2080 finished with values: [-71.72497892216973, -13608.472517242582, 70.7] and parameters: {'sl_soft': 0.11820335118293027, 'sl_hard_delta': 0.25193220793446264, 'tp': 0.056961591100705575, 'gate_pct': 99.4732844060646, 'dd_limit': 4.17581929961137, 'cooldown': 0, 'flip': False, 'en_ema_trend': False, 'ema_trend_fast': 149, 'ema_trend_slow': 84, 'en_sma_trend': True, 'sma_trend_fast': 182, 'sma_trend_slow': 309, 'en_macd': True, 'macd_fast': 6, 'macd_slow': 157, 'macd_signal': 6, 'en_vwap': True, 'en_keltner': False, 'keltner_n': 102, 'keltner_m': 4.2, 'en_obv': True, 'obv_slope': 161, 'en_cci': False, 'cci_n': 38, 'cci_threshold': 245, 'en_rsi': False, 'rsi_n': 25, 'rsi_lower': 4, 'rsi_upper': 72, 'en_stochastic': False, 'stochastic_n': 72, 'stochastic_d': 27, 'stochastic_lower': 49, 'stochastic_upper': 75, 'en_mfi': True, 'mfi_n': 54, 'mfi_lower': 49, 'mfi_upper': 78, 'en_bollinger': True, 'bollinger_n': 171, 'bollinger_k': 4.7, 'en_adx': False, 'adx_n': 78, 'adx_threshold': 40, 'en_structure_trend': True, 'structure_trend_swing_l': 13, 'en_order_block': True, 'order_block_swing_l': 18, 'en_fvg': True, 'fvg_lookback': 47, 'en_ifvg': False, 'en_breaker': False, 'breaker_swing_l': 10, 'en_cisd': True, 'k': 4, 'en_cap_bars': True, 'cap_1min': 436}.
[I 2026-07-13 14:14:26,096] Trial 2081 pruned. 
[I 2026-07-13 14:14:28,104] Trial 2082 pruned. 
[I 2026-07-13 14:14:31,002] Trial 2083 pruned. 
[I 2026-07-13 14:14:33,198] Trial 2084 pruned. 
[I 2026-07-13 14:14:34,663] Trial 2085 pruned. 
[I 2026-07-13 14:14:35,935] Trial 2086 pruned. 
[I 2026-07-13 14:14:38,055] Trial 2087 pruned. 
[I 2026-07-13 14:14:39,003] Trial 2088 pruned. 
[I 2026-07-13 14:14:39,451] Trial 2089 pruned. 
[I 2026-07-13 14:14:44,203] Trial 2090 finished with values: [-1328.144755870113, -6354.864086466527, 58.7] and parameters: {'sl_soft': 0.19414934024435104, 'sl_hard_delta': 0.17437949833153482, 'tp': 0.0973427622064931, 'gate_pct': 97.87184393359011, 'dd_limit': 0.6062953539401272, 'cooldown': 4, 'flip': False, 'en_ema_trend': True, 'ema_trend_fast': 195, 'ema_trend_slow': 377, 'en_sma_trend': True, 'sma_trend_fast': 44, 'sma_trend_slow': 200, 'en_macd': True, 'macd_fast': 70, 'macd_slow': 72, 'macd_signal': 45, 'en_vwap': True, 'en_keltner': True, 'keltner_n': 24, 'keltner_m': 1.3, 'en_obv': True, 'obv_slope': 61, 'en_cci': True, 'cci_n': 142, 'cci_threshold': 250, 'en_rsi': True, 'rsi_n': 93, 'rsi_lower': 30, 'rsi_upper': 66, 'en_stochastic': False, 'stochastic_n': 95, 'stochastic_d': 28, 'stochastic_lower': 42, 'stochastic_upper': 91, 'en_mfi': False, 'mfi_n': 19, 'mfi_lower': 22, 'mfi_upper': 73, 'en_bollinger': False, 'bollinger_n': 149, 'bollinger_k': 2.8000000000000003, 'en_adx': False, 'adx_n': 50, 'adx_threshold': 24, 'en_structure_trend': True, 'structure_trend_swing_l': 17, 'en_order_block': True, 'order_block_swing_l': 11, 'en_fvg': True, 'fvg_lookback': 7, 'en_ifvg': False, 'en_breaker': True, 'breaker_swing_l': 6, 'en_cisd': False, 'k': 4, 'en_cap_bars': False, 'cap_1min': 1250}.
[I 2026-07-13 14:14:45,430] Trial 2091 pruned. 
[I 2026-07-13 14:14:46,478] Trial 2092 pruned. 
[I 2026-07-13 14:14:47,472] Trial 2093 pruned. 
[I 2026-07-13 14:14:48,533] Trial 2094 pruned. 
[I 2026-07-13 14:14:49,090] Trial 2095 pruned. 
[I 2026-07-13 14:14:50,849] Trial 2096 pruned. 
[I 2026-07-13 14:14:52,310] Trial 2097 pruned. 
[I 2026-07-13 14:14:53,466] Trial 2098 pruned. 
[I 2026-07-13 14:14:54,378] Trial 2099 pruned. 
[I 2026-07-13 14:14:55,095] Trial 2100 pruned. 
[I 2026-07-13 14:14:55,869] Trial 2101 pruned. 
[I 2026-07-13 14:14:56,896] Trial 2102 pruned. 
[I 2026-07-13 14:14:59,226] Trial 2103 pruned. 
[I 2026-07-13 14:15:01,113] Trial 2104 pruned. 
[I 2026-07-13 14:15:02,207] Trial 2105 pruned. 
[I 2026-07-13 14:15:03,293] Trial 2106 pruned. 
[I 2026-07-13 14:15:03,595] Trial 2107 pruned. 
[I 2026-07-13 14:15:06,271] Trial 2108 pruned. 
[I 2026-07-13 14:15:09,348] Trial 2109 pruned. 
[I 2026-07-13 14:15:09,847] Trial 2110 pruned. 
[I 2026-07-13 14:15:10,773] Trial 2111 pruned. 
[I 2026-07-13 14:15:12,048] Trial 2112 pruned. 
[I 2026-07-13 14:15:12,928] Trial 2113 pruned. 
[I 2026-07-13 14:15:14,262] Trial 2114 pruned. 
[I 2026-07-13 14:15:16,100] Trial 2115 pruned. 
[I 2026-07-13 14:15:18,131] Trial 2116 pruned. 
[I 2026-07-13 14:15:19,776] Trial 2117 pruned. 
[I 2026-07-13 14:15:21,344] Trial 2118 pruned. 
[I 2026-07-13 14:15:22,534] Trial 2119 pruned. 
[I 2026-07-13 14:15:22,830] Trial 2120 pruned. 
[I 2026-07-13 14:15:24,290] Trial 2121 pruned. 
[I 2026-07-13 14:15:25,739] Trial 2122 pruned. 
[I 2026-07-13 14:15:27,288] Trial 2123 pruned. 
[I 2026-07-13 14:15:28,201] Trial 2124 pruned. 
[I 2026-07-13 14:15:29,656] Trial 2125 pruned. 
[I 2026-07-13 14:15:30,783] Trial 2126 pruned. 
[I 2026-07-13 14:15:31,711] Trial 2127 pruned. 
[I 2026-07-13 14:15:32,161] Trial 2128 pruned. 
[I 2026-07-13 14:15:32,863] Trial 2129 pruned. 
[I 2026-07-13 14:15:33,380] Trial 2130 pruned. 
[I 2026-07-13 14:15:34,684] Trial 2131 pruned. 
[I 2026-07-13 14:15:36,322] Trial 2132 pruned. 
[I 2026-07-13 14:15:37,762] Trial 2133 pruned. 
[I 2026-07-13 14:15:39,592] Trial 2134 pruned. 
[I 2026-07-13 14:15:40,622] Trial 2135 pruned. 
[I 2026-07-13 14:15:41,412] Trial 2136 pruned. 
[I 2026-07-13 14:15:44,200] Trial 2137 pruned. 
[I 2026-07-13 14:15:45,051] Trial 2138 pruned. 
[I 2026-07-13 14:15:46,051] Trial 2139 pruned. 
[I 2026-07-13 14:15:47,203] Trial 2140 pruned. 
[I 2026-07-13 14:15:48,988] Trial 2141 pruned. 
[I 2026-07-13 14:15:51,416] Trial 2142 pruned. 
[I 2026-07-13 14:15:52,291] Trial 2143 pruned. 
[I 2026-07-13 14:15:53,015] Trial 2144 pruned. 
[I 2026-07-13 14:15:53,315] Trial 2145 pruned. 
[I 2026-07-13 14:15:54,310] Trial 2146 pruned. 
[I 2026-07-13 14:15:55,255] Trial 2147 pruned. 
[I 2026-07-13 14:15:56,324] Trial 2148 pruned. 
[I 2026-07-13 14:15:59,185] Trial 2149 pruned. 
[I 2026-07-13 14:16:00,838] Trial 2150 pruned. 
[I 2026-07-13 14:16:02,086] Trial 2151 pruned. 
[I 2026-07-13 14:16:02,698] Trial 2152 pruned. 
[I 2026-07-13 14:16:03,928] Trial 2153 pruned. 
[I 2026-07-13 14:16:05,077] Trial 2154 pruned. 
[I 2026-07-13 14:16:05,564] Trial 2155 pruned. 
[I 2026-07-13 14:16:06,791] Trial 2156 pruned. 
[I 2026-07-13 14:16:08,325] Trial 2157 pruned. 
[I 2026-07-13 14:16:09,514] Trial 2158 pruned. 
[I 2026-07-13 14:16:11,079] Trial 2159 pruned. 
[I 2026-07-13 14:16:11,277] Trial 2160 pruned. 
[I 2026-07-13 14:16:12,263] Trial 2161 pruned. 
[I 2026-07-13 14:16:12,708] Trial 2162 pruned. 
[I 2026-07-13 14:16:14,202] Trial 2163 pruned. 
[I 2026-07-13 14:16:15,268] Trial 2164 pruned. 
[I 2026-07-13 14:16:16,263] Trial 2165 pruned. 
[I 2026-07-13 14:16:17,532] Trial 2166 pruned. 
[I 2026-07-13 14:16:18,819] Trial 2167 pruned. 
[I 2026-07-13 14:16:19,261] Trial 2168 pruned. 
[I 2026-07-13 14:16:20,515] Trial 2169 pruned. 
[I 2026-07-13 14:16:21,839] Trial 2170 pruned. 
[I 2026-07-13 14:16:23,622] Trial 2171 pruned. 
[I 2026-07-13 14:16:24,855] Trial 2172 pruned. 
[I 2026-07-13 14:16:26,227] Trial 2173 pruned. 
[I 2026-07-13 14:16:26,784] Trial 2174 pruned. 
[I 2026-07-13 14:16:27,872] Trial 2175 pruned. 
[I 2026-07-13 14:16:28,844] Trial 2176 pruned. 
[I 2026-07-13 14:16:30,002] Trial 2177 pruned. 
[I 2026-07-13 14:16:30,529] Trial 2178 pruned. 
[I 2026-07-13 14:16:31,721] Trial 2179 pruned. 
[I 2026-07-13 14:16:33,002] Trial 2180 pruned. 
[I 2026-07-13 14:16:33,498] Trial 2181 pruned. 
[I 2026-07-13 14:16:35,413] Trial 2182 pruned. 
[I 2026-07-13 14:16:36,488] Trial 2183 pruned. 
[I 2026-07-13 14:16:37,762] Trial 2184 pruned. 
[I 2026-07-13 14:16:38,045] Trial 2185 pruned. 
[I 2026-07-13 14:16:39,212] Trial 2186 pruned. 
[I 2026-07-13 14:16:39,775] Trial 2187 pruned. 
[I 2026-07-13 14:16:40,526] Trial 2188 pruned. 
[I 2026-07-13 14:16:41,356] Trial 2189 pruned. 
[I 2026-07-13 14:16:42,833] Trial 2190 pruned. 
[I 2026-07-13 14:16:44,443] Trial 2191 pruned. 
[I 2026-07-13 14:16:44,858] Trial 2192 pruned. 
[I 2026-07-13 14:16:45,820] Trial 2193 pruned. 
[I 2026-07-13 14:16:47,082] Trial 2194 pruned. 
[I 2026-07-13 14:16:48,242] Trial 2195 pruned. 
[I 2026-07-13 14:16:48,803] Trial 2196 pruned. 
[I 2026-07-13 14:16:49,597] Trial 2197 pruned. 
[I 2026-07-13 14:16:52,980] Trial 2198 pruned. 
[I 2026-07-13 14:16:53,442] Trial 2199 pruned. 
[I 2026-07-13 14:16:53,604] Trial 2200 pruned. 
[I 2026-07-13 14:16:54,482] Trial 2201 pruned. 
[I 2026-07-13 14:16:55,781] Trial 2202 pruned. 
[I 2026-07-13 14:16:57,594] Trial 2203 pruned. 
[I 2026-07-13 14:16:58,743] Trial 2204 pruned. 
[I 2026-07-13 14:17:04,848] Trial 2205 finished with values: [1982.5815757985952, -18437.558247985136, 51.849999999999994] and parameters: {'sl_soft': 0.19207751714688032, 'sl_hard_delta': 0.04250555831064314, 'tp': 0.2356931692447365, 'gate_pct': 96.65475725098474, 'dd_limit': 5.052448726200229, 'cooldown': 0, 'flip': False, 'en_ema_trend': True, 'ema_trend_fast': 193, 'ema_trend_slow': 236, 'en_sma_trend': True, 'sma_trend_fast': 70, 'sma_trend_slow': 191, 'en_macd': True, 'macd_fast': 11, 'macd_slow': 74, 'macd_signal': 60, 'en_vwap': True, 'en_keltner': True, 'keltner_n': 122, 'keltner_m': 1.9000000000000001, 'en_obv': False, 'obv_slope': 19, 'en_cci': True, 'cci_n': 107, 'cci_threshold': 205, 'en_rsi': False, 'rsi_n': 40, 'rsi_lower': 32, 'rsi_upper': 79, 'en_stochastic': False, 'stochastic_n': 70, 'stochastic_d': 46, 'stochastic_lower': 26, 'stochastic_upper': 78, 'en_mfi': True, 'mfi_n': 95, 'mfi_lower': 36, 'mfi_upper': 87, 'en_bollinger': False, 'bollinger_n': 48, 'bollinger_k': 0.9, 'en_adx': False, 'adx_n': 44, 'adx_threshold': 9, 'en_structure_trend': True, 'structure_trend_swing_l': 20, 'en_order_block': False, 'order_block_swing_l': 4, 'en_fvg': False, 'fvg_lookback': 49, 'en_ifvg': True, 'en_breaker': False, 'breaker_swing_l': 16, 'en_cisd': True, 'k': 3, 'en_cap_bars': True, 'cap_1min': 1399}.
[I 2026-07-13 14:17:06,529] Trial 2206 pruned. 
[I 2026-07-13 14:17:08,072] Trial 2207 pruned. 
[I 2026-07-13 14:17:09,871] Trial 2208 pruned. 
[I 2026-07-13 14:17:10,979] Trial 2209 pruned. 
[I 2026-07-13 14:17:16,366] Trial 2210 pruned. 
[I 2026-07-13 14:17:17,407] Trial 2211 pruned. 
[I 2026-07-13 14:17:18,592] Trial 2212 pruned. 
[I 2026-07-13 14:17:20,868] Trial 2213 pruned. 
[I 2026-07-13 14:17:22,375] Trial 2214 pruned. 
[I 2026-07-13 14:17:23,116] Trial 2215 pruned. 
[I 2026-07-13 14:17:24,154] Trial 2216 pruned. 
[I 2026-07-13 14:17:26,708] Trial 2217 pruned. 
[I 2026-07-13 14:17:27,301] Trial 2218 pruned. 
[I 2026-07-13 14:17:29,020] Trial 2219 pruned. 
[I 2026-07-13 14:17:30,441] Trial 2220 pruned. 
[I 2026-07-13 14:17:30,749] Trial 2221 pruned. 
[I 2026-07-13 14:17:31,554] Trial 2222 pruned. 
[I 2026-07-13 14:17:33,957] Trial 2223 pruned. 
[I 2026-07-13 14:17:35,653] Trial 2224 pruned. 
[I 2026-07-13 14:17:36,685] Trial 2225 pruned. 
[I 2026-07-13 14:17:37,538] Trial 2226 pruned. 
[I 2026-07-13 14:17:38,614] Trial 2227 pruned. 
[I 2026-07-13 14:17:39,144] Trial 2228 pruned. 
[I 2026-07-13 14:17:40,878] Trial 2229 pruned. 
[I 2026-07-13 14:17:41,965] Trial 2230 pruned. 
[I 2026-07-13 14:17:44,264] Trial 2231 pruned. 
[I 2026-07-13 14:17:45,649] Trial 2232 pruned. 
[I 2026-07-13 14:17:45,965] Trial 2233 pruned. 
[I 2026-07-13 14:17:46,615] Trial 2234 pruned. 
[I 2026-07-13 14:17:47,335] Trial 2235 pruned. 
[I 2026-07-13 14:17:48,720] Trial 2236 pruned. 
[I 2026-07-13 14:17:50,409] Trial 2237 pruned. 
[I 2026-07-13 14:17:51,459] Trial 2238 pruned. 
[I 2026-07-13 14:17:53,218] Trial 2239 pruned. 
[I 2026-07-13 14:17:53,451] Trial 2240 pruned. 
[I 2026-07-13 14:17:54,664] Trial 2241 pruned. 
[I 2026-07-13 14:17:55,184] Trial 2242 pruned. 
[I 2026-07-13 14:17:57,002] Trial 2243 pruned. 
[I 2026-07-13 14:17:57,581] Trial 2244 pruned. 
[I 2026-07-13 14:17:58,758] Trial 2245 pruned. 
[I 2026-07-13 14:17:59,142] Trial 2246 pruned. 
[I 2026-07-13 14:18:02,040] Trial 2247 pruned. 
[I 2026-07-13 14:18:04,391] Trial 2248 pruned. 
[I 2026-07-13 14:18:05,346] Trial 2249 pruned. 
[I 2026-07-13 14:18:06,597] Trial 2250 pruned. 
[I 2026-07-13 14:18:07,597] Trial 2251 pruned. 
[I 2026-07-13 14:18:09,309] Trial 2252 pruned. 
[I 2026-07-13 14:18:10,705] Trial 2253 pruned. 
[I 2026-07-13 14:18:11,471] Trial 2254 pruned. 
[I 2026-07-13 14:18:12,884] Trial 2255 pruned. 
[I 2026-07-13 14:18:13,902] Trial 2256 pruned. 
[I 2026-07-13 14:18:15,369] Trial 2257 pruned. 
[I 2026-07-13 14:18:16,454] Trial 2258 pruned. 
[I 2026-07-13 14:18:17,507] Trial 2259 pruned. 
[I 2026-07-13 14:18:17,967] Trial 2260 pruned. 
[I 2026-07-13 14:18:19,139] Trial 2261 pruned. 
[I 2026-07-13 14:18:19,953] Trial 2262 pruned. 
[I 2026-07-13 14:18:21,260] Trial 2263 pruned. 
[I 2026-07-13 14:18:22,637] Trial 2264 pruned. 
[I 2026-07-13 14:18:23,786] Trial 2265 pruned. 
[I 2026-07-13 14:18:25,756] Trial 2266 pruned. 
[I 2026-07-13 14:18:26,336] Trial 2267 pruned. 
[I 2026-07-13 14:18:26,634] Trial 2268 pruned. 
[I 2026-07-13 14:18:27,684] Trial 2269 pruned. 
[I 2026-07-13 14:18:28,822] Trial 2270 pruned. 
[I 2026-07-13 14:18:29,895] Trial 2271 pruned. 
[I 2026-07-13 14:18:30,652] Trial 2272 pruned. 
[I 2026-07-13 14:18:31,493] Trial 2273 pruned. 
[I 2026-07-13 14:18:34,483] Trial 2274 pruned. 
[I 2026-07-13 14:18:36,021] Trial 2275 pruned. 
[I 2026-07-13 14:18:38,809] Trial 2276 pruned. 
[I 2026-07-13 14:18:40,357] Trial 2277 pruned. 
[I 2026-07-13 14:18:41,013] Trial 2278 pruned. 
[I 2026-07-13 14:18:42,255] Trial 2279 pruned. 
[I 2026-07-13 14:18:42,603] Trial 2280 pruned. 
[I 2026-07-13 14:18:45,686] Trial 2281 pruned. 
[I 2026-07-13 14:18:46,116] Trial 2282 pruned. 
[I 2026-07-13 14:18:46,605] Trial 2283 pruned. 
[I 2026-07-13 14:18:47,786] Trial 2284 pruned. 
[I 2026-07-13 14:18:48,644] Trial 2285 pruned. 
[I 2026-07-13 14:18:49,561] Trial 2286 pruned. 
[I 2026-07-13 14:18:51,132] Trial 2287 pruned. 
[I 2026-07-13 14:18:52,218] Trial 2288 pruned. 
[I 2026-07-13 14:18:53,688] Trial 2289 pruned. 
[I 2026-07-13 14:18:55,456] Trial 2290 pruned. 
[I 2026-07-13 14:18:56,202] Trial 2291 pruned. 
[I 2026-07-13 14:19:00,266] Trial 2292 pruned. 
[I 2026-07-13 14:19:04,324] Trial 2293 pruned. 
[I 2026-07-13 14:19:04,909] Trial 2294 pruned. 
[I 2026-07-13 14:19:07,334] Trial 2295 pruned. 
[I 2026-07-13 14:19:08,714] Trial 2296 pruned. 
[I 2026-07-13 14:19:08,960] Trial 2297 pruned. 
[I 2026-07-13 14:19:10,156] Trial 2298 pruned. 
[I 2026-07-13 14:19:12,340] Trial 2299 pruned. 
[I 2026-07-13 14:19:12,561] Trial 2300 pruned. 
[I 2026-07-13 14:19:13,535] Trial 2301 pruned. 
[I 2026-07-13 14:19:14,670] Trial 2302 pruned. 
[I 2026-07-13 14:19:16,595] Trial 2303 pruned. 
[I 2026-07-13 14:19:17,151] Trial 2304 pruned. 
[I 2026-07-13 14:19:17,986] Trial 2305 pruned. 
[I 2026-07-13 14:19:18,335] Trial 2306 pruned. 
[I 2026-07-13 14:19:19,325] Trial 2307 pruned. 
[I 2026-07-13 14:19:20,534] Trial 2308 pruned. 
[I 2026-07-13 14:19:21,639] Trial 2309 pruned. 
[I 2026-07-13 14:19:23,265] Trial 2310 pruned. 
[I 2026-07-13 14:19:25,238] Trial 2311 pruned. 
[I 2026-07-13 14:19:26,358] Trial 2312 pruned. 
[I 2026-07-13 14:19:28,089] Trial 2313 pruned. 
[I 2026-07-13 14:19:28,507] Trial 2314 pruned. 
[I 2026-07-13 14:19:29,493] Trial 2315 pruned. 
[I 2026-07-13 14:19:30,632] Trial 2316 pruned. 
[I 2026-07-13 14:19:32,400] Trial 2317 pruned. 
[I 2026-07-13 14:19:36,368] Trial 2318 pruned. 
[I 2026-07-13 14:19:37,696] Trial 2319 pruned. 
[I 2026-07-13 14:19:37,918] Trial 2320 pruned. 
[I 2026-07-13 14:19:38,351] Trial 2321 pruned. 
[I 2026-07-13 14:19:39,618] Trial 2322 pruned. 
[I 2026-07-13 14:19:40,699] Trial 2323 pruned. 
