[I 2026-07-13 15:07:20,455] Trial 4869 finished with values: [8941.697996719833, -2238.7509348596523, 68.8] and parameters: {'sl_soft': 0.1790260279200085, 'sl_hard_delta': 0.039849065565949165, 'tp': 0.14985592681603982, 'gate_pct': 99.43810192295578, 'dd_limit': 0.7627381108845042, 'cooldown': 1, 'flip': False, 'en_ema_trend': False, 'ema_trend_fast': 157, 'ema_trend_slow': 157, 'en_sma_trend': True, 'sma_trend_fast': 81, 'sma_trend_slow': 35, 'en_macd': False, 'macd_fast': 10, 'macd_slow': 41, 'macd_signal': 52, 'en_vwap': False, 'en_keltner': True, 'keltner_n': 123, 'keltner_m': 1.0, 'en_obv': True, 'obv_slope': 69, 'en_cci': True, 'cci_n': 166, 'cci_threshold': 130, 'en_rsi': False, 'rsi_n': 6, 'rsi_lower': 1, 'rsi_upper': 57, 'en_stochastic': False, 'stochastic_n': 62, 'stochastic_d': 34, 'stochastic_lower': 20, 'stochastic_upper': 66, 'en_mfi': False, 'mfi_n': 8, 'mfi_lower': 29, 'mfi_upper': 91, 'en_bollinger': True, 'bollinger_n': 2, 'bollinger_k': 2.0, 'en_adx': False, 'adx_n': 35, 'adx_threshold': 13, 'en_structure_trend': False, 'structure_trend_swing_l': 1, 'en_order_block': True, 'order_block_swing_l': 5, 'en_fvg': False, 'fvg_lookback': 35, 'en_ifvg': True, 'en_breaker': True, 'breaker_swing_l': 7, 'en_cisd': True, 'k': 4, 'en_cap_bars': True, 'cap_1min': 457}.
[I 2026-07-13 15:07:20,814] Trial 4870 finished with values: [15115.796172613333, -5854.986308621832, 54.05] and parameters: {'sl_soft': 0.17078528780478208, 'sl_hard_delta': 0.039849065565949165, 'tp': 0.30344321187078127, 'gate_pct': 99.43810192295578, 'dd_limit': 0.7627381108845042, 'cooldown': 1, 'flip': False, 'en_ema_trend': False, 'ema_trend_fast': 157, 'ema_trend_slow': 157, 'en_sma_trend': False, 'sma_trend_fast': 360, 'sma_trend_slow': 35, 'en_macd': False, 'macd_fast': 10, 'macd_slow': 169, 'macd_signal': 52, 'en_vwap': False, 'en_keltner': True, 'keltner_n': 107, 'keltner_m': 3.8000000000000003, 'en_obv': True, 'obv_slope': 162, 'en_cci': True, 'cci_n': 166, 'cci_threshold': 130, 'en_rsi': False, 'rsi_n': 100, 'rsi_lower': 48, 'rsi_upper': 57, 'en_stochastic': False, 'stochastic_n': 62, 'stochastic_d': 34, 'stochastic_lower': 40, 'stochastic_upper': 66, 'en_mfi': False, 'mfi_n': 42, 'mfi_lower': 29, 'mfi_upper': 83, 'en_bollinger': True, 'bollinger_n': 2, 'bollinger_k': 1.6, 'en_adx': False, 'adx_n': 17, 'adx_threshold': 9, 'en_structure_trend': False, 'structure_trend_swing_l': 9, 'en_order_block': True, 'order_block_swing_l': 5, 'en_fvg': False, 'fvg_lookback': 22, 'en_ifvg': True, 'en_breaker': True, 'breaker_swing_l': 7, 'en_cisd': True, 'k': 4, 'en_cap_bars': True, 'cap_1min': 457}.
[I 2026-07-13 15:07:21,256] Trial 4871 finished with values: [18005.880648784256, -6392.106496236352, 54.55] and parameters: {'sl_soft': 0.1790260279200085, 'sl_hard_delta': 0.039849065565949165, 'tp': 0.30344321187078127, 'gate_pct': 98.58299891691806, 'dd_limit': 9.049701546507107, 'cooldown': 0, 'flip': False, 'en_ema_trend': False, 'ema_trend_fast': 157, 'ema_trend_slow': 157, 'en_sma_trend': True, 'sma_trend_fast': 313, 'sma_trend_slow': 319, 'en_macd': False, 'macd_fast': 11, 'macd_slow': 125, 'macd_signal': 52, 'en_vwap': False, 'en_keltner': True, 'keltner_n': 131, 'keltner_m': 3.1, 'en_obv': True, 'obv_slope': 153, 'en_cci': True, 'cci_n': 166, 'cci_threshold': 130, 'en_rsi': False, 'rsi_n': 72, 'rsi_lower': 47, 'rsi_upper': 87, 'en_stochastic': False, 'stochastic_n': 62, 'stochastic_d': 17, 'stochastic_lower': 13, 'stochastic_upper': 98, 'en_mfi': False, 'mfi_n': 42, 'mfi_lower': 28, 'mfi_upper': 80, 'en_bollinger': True, 'bollinger_n': 7, 'bollinger_k': 3.8000000000000003, 'en_adx': False, 'adx_n': 91, 'adx_threshold': 47, 'en_structure_trend': False, 'structure_trend_swing_l': 9, 'en_order_block': False, 'order_block_swing_l': 3, 'en_fvg': False, 'fvg_lookback': 22, 'en_ifvg': True, 'en_breaker': True, 'breaker_swing_l': 7, 'en_cisd': True, 'k': 4, 'en_cap_bars': True, 'cap_1min': 457}.
[I 2026-07-13 15:07:21,629] Trial 4872 finished with values: [10002.292781428925, -4334.215888783747, 35.95] and parameters: {'sl_soft': 0.05035573196257478, 'sl_hard_delta': 0.039849065565949165, 'tp': 0.30344321187078127, 'gate_pct': 99.43810192295578, 'dd_limit': 0.7627381108845042, 'cooldown': 1, 'flip': False, 'en_ema_trend': False, 'ema_trend_fast': 197, 'ema_trend_slow': 157, 'en_sma_trend': True, 'sma_trend_fast': 309, 'sma_trend_slow': 35, 'en_macd': False, 'macd_fast': 80, 'macd_slow': 41, 'macd_signal': 52, 'en_vwap': False, 'en_keltner': True, 'keltner_n': 123, 'keltner_m': 1.0, 'en_obv': True, 'obv_slope': 179, 'en_cci': True, 'cci_n': 166, 'cci_threshold': 130, 'en_rsi': False, 'rsi_n': 57, 'rsi_lower': 1, 'rsi_upper': 58, 'en_stochastic': False, 'stochastic_n': 81, 'stochastic_d': 34, 'stochastic_lower': 20, 'stochastic_upper': 66, 'en_mfi': False, 'mfi_n': 42, 'mfi_lower': 29, 'mfi_upper': 80, 'en_bollinger': True, 'bollinger_n': 2, 'bollinger_k': 3.9000000000000004, 'en_adx': False, 'adx_n': 35, 'adx_threshold': 52, 'en_structure_trend': False, 'structure_trend_swing_l': 9, 'en_order_block': False, 'order_block_swing_l': 13, 'en_fvg': False, 'fvg_lookback': 35, 'en_ifvg': True, 'en_breaker': True, 'breaker_swing_l': 7, 'en_cisd': True, 'k': 4, 'en_cap_bars': False, 'cap_1min': 457}.
[I 2026-07-13 15:07:21,888] Trial 4873 finished with values: [6576.815110788771, -4198.318068988627, 68.2] and parameters: {'sl_soft': 0.1790260279200085, 'sl_hard_delta': 0.039849065565949165, 'tp': 0.14985592681603982, 'gate_pct': 96.65475725098474, 'dd_limit': 0.7627381108845042, 'cooldown': 0, 'flip': False, 'en_ema_trend': False, 'ema_trend_fast': 362, 'ema_trend_slow': 157, 'en_sma_trend': False, 'sma_trend_fast': 360, 'sma_trend_slow': 379, 'en_macd': False, 'macd_fast': 10, 'macd_slow': 200, 'macd_signal': 52, 'en_vwap': False, 'en_keltner': True, 'keltner_n': 123, 'keltner_m': 1.0, 'en_obv': True, 'obv_slope': 153, 'en_cci': True, 'cci_n': 166, 'cci_threshold': 130, 'en_rsi': False, 'rsi_n': 100, 'rsi_lower': 1, 'rsi_upper': 57, 'en_stochastic': False, 'stochastic_n': 82, 'stochastic_d': 34, 'stochastic_lower': 20, 'stochastic_upper': 66, 'en_mfi': False, 'mfi_n': 8, 'mfi_lower': 28, 'mfi_upper': 83, 'en_bollinger': True, 'bollinger_n': 2, 'bollinger_k': 3.8000000000000003, 'en_adx': False, 'adx_n': 35, 'adx_threshold': 9, 'en_structure_trend': False, 'structure_trend_swing_l': 1, 'en_order_block': True, 'order_block_swing_l': 5, 'en_fvg': False, 'fvg_lookback': 5, 'en_ifvg': True, 'en_breaker': True, 'breaker_swing_l': 1, 'en_cisd': True, 'k': 4, 'en_cap_bars': True, 'cap_1min': 933}.
[I 2026-07-13 15:07:22,169] Trial 4874 finished with values: [6005.707925953699, -3444.3754674297725, 70.05] and parameters: {'sl_soft': 0.1790260279200085, 'sl_hard_delta': 0.039849065565949165, 'tp': 0.14985592681603982, 'gate_pct': 99.43810192295578, 'dd_limit': 0.7627381108845042, 'cooldown': 1, 'flip': False, 'en_ema_trend': False, 'ema_trend_fast': 157, 'ema_trend_slow': 236, 'en_sma_trend': False, 'sma_trend_fast': 360, 'sma_trend_slow': 35, 'en_macd': False, 'macd_fast': 10, 'macd_slow': 41, 'macd_signal': 69, 'en_vwap': False, 'en_keltner': True, 'keltner_n': 123, 'keltner_m': 1.0, 'en_obv': True, 'obv_slope': 69, 'en_cci': True, 'cci_n': 166, 'cci_threshold': 130, 'en_rsi': False, 'rsi_n': 5, 'rsi_lower': 1, 'rsi_upper': 57, 'en_stochastic': False, 'stochastic_n': 62, 'stochastic_d': 34, 'stochastic_lower': 20, 'stochastic_upper': 66, 'en_mfi': False, 'mfi_n': 8, 'mfi_lower': 9, 'mfi_upper': 83, 'en_bollinger': True, 'bollinger_n': 192, 'bollinger_k': 4.1, 'en_adx': False, 'adx_n': 17, 'adx_threshold': 9, 'en_structure_trend': False, 'structure_trend_swing_l': 9, 'en_order_block': True, 'order_block_swing_l': 5, 'en_fvg': False, 'fvg_lookback': 7, 'en_ifvg': True, 'en_breaker': True, 'breaker_swing_l': 1, 'en_cisd': True, 'k': 4, 'en_cap_bars': False, 'cap_1min': 655}.
[I 2026-07-13 15:07:22,352] Trial 4875 finished with values: [9783.836504508106, -11306.841800165306, 65.1] and parameters: {'sl_soft': 0.1790260279200085, 'sl_hard_delta': 0.17437949833153482, 'tp': 0.30344321187078127, 'gate_pct': 96.65475725098474, 'dd_limit': 5.937758572987326, 'cooldown': 0, 'flip': False, 'en_ema_trend': False, 'ema_trend_fast': 362, 'ema_trend_slow': 157, 'en_sma_trend': True, 'sma_trend_fast': 360, 'sma_trend_slow': 35, 'en_macd': False, 'macd_fast': 57, 'macd_slow': 200, 'macd_signal': 52, 'en_vwap': False, 'en_keltner': True, 'keltner_n': 123, 'keltner_m': 1.0, 'en_obv': True, 'obv_slope': 153, 'en_cci': True, 'cci_n': 166, 'cci_threshold': 145, 'en_rsi': False, 'rsi_n': 5, 'rsi_lower': 1, 'rsi_upper': 58, 'en_stochastic': False, 'stochastic_n': 62, 'stochastic_d': 44, 'stochastic_lower': 20, 'stochastic_upper': 66, 'en_mfi': False, 'mfi_n': 8, 'mfi_lower': 28, 'mfi_upper': 80, 'en_bollinger': False, 'bollinger_n': 7, 'bollinger_k': 3.8000000000000003, 'en_adx': False, 'adx_n': 91, 'adx_threshold': 35, 'en_structure_trend': False, 'structure_trend_swing_l': 9, 'en_order_block': True, 'order_block_swing_l': 16, 'en_fvg': False, 'fvg_lookback': 22, 'en_ifvg': True, 'en_breaker': True, 'breaker_swing_l': 1, 'en_cisd': True, 'k': 4, 'en_cap_bars': False, 'cap_1min': 457}.
[I 2026-07-13 15:07:22,627] Trial 4876 finished with values: [7276.577249379005, -4027.251910646612, 57.25] and parameters: {'sl_soft': 0.16151352996638565, 'sl_hard_delta': 0.039849065565949165, 'tp': 0.20775560253675568, 'gate_pct': 99.43810192295578, 'dd_limit': 0.7627381108845042, 'cooldown': 1, 'flip': False, 'en_ema_trend': False, 'ema_trend_fast': 197, 'ema_trend_slow': 236, 'en_sma_trend': True, 'sma_trend_fast': 360, 'sma_trend_slow': 35, 'en_macd': False, 'macd_fast': 11, 'macd_slow': 41, 'macd_signal': 52, 'en_vwap': False, 'en_keltner': True, 'keltner_n': 123, 'keltner_m': 3.8000000000000003, 'en_obv': True, 'obv_slope': 153, 'en_cci': True, 'cci_n': 166, 'cci_threshold': 130, 'en_rsi': False, 'rsi_n': 68, 'rsi_lower': 26, 'rsi_upper': 57, 'en_stochastic': False, 'stochastic_n': 62, 'stochastic_d': 45, 'stochastic_lower': 20, 'stochastic_upper': 66, 'en_mfi': False, 'mfi_n': 42, 'mfi_lower': 28, 'mfi_upper': 73, 'en_bollinger': True, 'bollinger_n': 2, 'bollinger_k': 1.6, 'en_adx': False, 'adx_n': 50, 'adx_threshold': 13, 'en_structure_trend': False, 'structure_trend_swing_l': 9, 'en_order_block': True, 'order_block_swing_l': 5, 'en_fvg': False, 'fvg_lookback': 22, 'en_ifvg': True, 'en_breaker': True, 'breaker_swing_l': 7, 'en_cisd': True, 'k': 4, 'en_cap_bars': False, 'cap_1min': 457}.
[I 2026-07-13 15:07:22,989] Trial 4877 finished with values: [4729.427403683779, -9771.029545978821, 34.75] and parameters: {'sl_soft': 0.05035573196257478, 'sl_hard_delta': 0.26116735127176594, 'tp': 0.30344321187078127, 'gate_pct': 99.43810192295578, 'dd_limit': 2.876614030293819, 'cooldown': 0, 'flip': False, 'en_ema_trend': False, 'ema_trend_fast': 157, 'ema_trend_slow': 157, 'en_sma_trend': True, 'sma_trend_fast': 309, 'sma_trend_slow': 379, 'en_macd': False, 'macd_fast': 10, 'macd_slow': 200, 'macd_signal': 52, 'en_vwap': False, 'en_keltner': False, 'keltner_n': 123, 'keltner_m': 1.0, 'en_obv': True, 'obv_slope': 179, 'en_cci': True, 'cci_n': 166, 'cci_threshold': 130, 'en_rsi': False, 'rsi_n': 100, 'rsi_lower': 1, 'rsi_upper': 57, 'en_stochastic': False, 'stochastic_n': 62, 'stochastic_d': 34, 'stochastic_lower': 20, 'stochastic_upper': 66, 'en_mfi': False, 'mfi_n': 14, 'mfi_lower': 29, 'mfi_upper': 68, 'en_bollinger': True, 'bollinger_n': 2, 'bollinger_k': 1.6, 'en_adx': False, 'adx_n': 35, 'adx_threshold': 9, 'en_structure_trend': True, 'structure_trend_swing_l': 4, 'en_order_block': True, 'order_block_swing_l': 5, 'en_fvg': False, 'fvg_lookback': 35, 'en_ifvg': True, 'en_breaker': True, 'breaker_swing_l': 7, 'en_cisd': True, 'k': 4, 'en_cap_bars': False, 'cap_1min': 457}.
[I 2026-07-13 15:07:23,202] Trial 4878 pruned. 
[I 2026-07-13 15:07:23,548] Trial 4879 finished with values: [10050.956698576758, -3157.167913498495, 36.5] and parameters: {'sl_soft': 0.05035573196257478, 'sl_hard_delta': 0.039849065565949165, 'tp': 0.30344321187078127, 'gate_pct': 99.43810192295578, 'dd_limit': 9.785001953569427, 'cooldown': 0, 'flip': False, 'en_ema_trend': False, 'ema_trend_fast': 157, 'ema_trend_slow': 157, 'en_sma_trend': False, 'sma_trend_fast': 360, 'sma_trend_slow': 35, 'en_macd': False, 'macd_fast': 11, 'macd_slow': 41, 'macd_signal': 52, 'en_vwap': True, 'en_keltner': False, 'keltner_n': 107, 'keltner_m': 3.8000000000000003, 'en_obv': True, 'obv_slope': 69, 'en_cci': True, 'cci_n': 7, 'cci_threshold': 130, 'en_rsi': False, 'rsi_n': 34, 'rsi_lower': 1, 'rsi_upper': 58, 'en_stochastic': False, 'stochastic_n': 62, 'stochastic_d': 34, 'stochastic_lower': 9, 'stochastic_upper': 57, 'en_mfi': False, 'mfi_n': 14, 'mfi_lower': 29, 'mfi_upper': 80, 'en_bollinger': True, 'bollinger_n': 2, 'bollinger_k': 1.6, 'en_adx': False, 'adx_n': 17, 'adx_threshold': 35, 'en_structure_trend': True, 'structure_trend_swing_l': 9, 'en_order_block': True, 'order_block_swing_l': 5, 'en_fvg': False, 'fvg_lookback': 22, 'en_ifvg': True, 'en_breaker': True, 'breaker_swing_l': 7, 'en_cisd': True, 'k': 4, 'en_cap_bars': False, 'cap_1min': 457}.
[I 2026-07-13 15:07:23,921] Trial 4880 finished with values: [1127.9720265911662, -4997.352302941139, 39.3] and parameters: {'sl_soft': 0.05035573196257478, 'sl_hard_delta': 0.17437949833153482, 'tp': 0.30344321187078127, 'gate_pct': 99.43810192295578, 'dd_limit': 0.7627381108845042, 'cooldown': 0, 'flip': False, 'en_ema_trend': False, 'ema_trend_fast': 157, 'ema_trend_slow': 182, 'en_sma_trend': False, 'sma_trend_fast': 81, 'sma_trend_slow': 379, 'en_macd': False, 'macd_fast': 10, 'macd_slow': 125, 'macd_signal': 52, 'en_vwap': False, 'en_keltner': True, 'keltner_n': 123, 'keltner_m': 1.3, 'en_obv': False, 'obv_slope': 162, 'en_cci': True, 'cci_n': 172, 'cci_threshold': 130, 'en_rsi': False, 'rsi_n': 5, 'rsi_lower': 47, 'rsi_upper': 57, 'en_stochastic': False, 'stochastic_n': 62, 'stochastic_d': 34, 'stochastic_lower': 31, 'stochastic_upper': 66, 'en_mfi': False, 'mfi_n': 14, 'mfi_lower': 29, 'mfi_upper': 73, 'en_bollinger': True, 'bollinger_n': 192, 'bollinger_k': 4.1, 'en_adx': False, 'adx_n': 50, 'adx_threshold': 35, 'en_structure_trend': False, 'structure_trend_swing_l': 12, 'en_order_block': True, 'order_block_swing_l': 5, 'en_fvg': False, 'fvg_lookback': 7, 'en_ifvg': True, 'en_breaker': False, 'breaker_swing_l': 7, 'en_cisd': True, 'k': 4, 'en_cap_bars': True, 'cap_1min': 457}.
[I 2026-07-13 15:07:24,196] Trial 4881 pruned. 
[I 2026-07-13 15:07:24,751] Trial 4882 finished with values: [13907.769727152903, -4934.215888783405, 33.1] and parameters: {'sl_soft': 0.05035573196257478, 'sl_hard_delta': 0.039849065565949165, 'tp': 0.30344321187078127, 'gate_pct': 99.43810192295578, 'dd_limit': 5.937758572987326, 'cooldown': 0, 'flip': False, 'en_ema_trend': False, 'ema_trend_fast': 157, 'ema_trend_slow': 157, 'en_sma_trend': False, 'sma_trend_fast': 360, 'sma_trend_slow': 35, 'en_macd': False, 'macd_fast': 80, 'macd_slow': 200, 'macd_signal': 43, 'en_vwap': True, 'en_keltner': True, 'keltner_n': 123, 'keltner_m': 3.5, 'en_obv': True, 'obv_slope': 69, 'en_cci': True, 'cci_n': 166, 'cci_threshold': 130, 'en_rsi': False, 'rsi_n': 100, 'rsi_lower': 26, 'rsi_upper': 58, 'en_stochastic': False, 'stochastic_n': 81, 'stochastic_d': 11, 'stochastic_lower': 31, 'stochastic_upper': 66, 'en_mfi': False, 'mfi_n': 21, 'mfi_lower': 29, 'mfi_upper': 80, 'en_bollinger': True, 'bollinger_n': 2, 'bollinger_k': 3.9000000000000004, 'en_adx': False, 'adx_n': 62, 'adx_threshold': 9, 'en_structure_trend': False, 'structure_trend_swing_l': 9, 'en_order_block': True, 'order_block_swing_l': 13, 'en_fvg': False, 'fvg_lookback': 22, 'en_ifvg': True, 'en_breaker': True, 'breaker_swing_l': 7, 'en_cisd': True, 'k': 4, 'en_cap_bars': False, 'cap_1min': 457}.
[I 2026-07-13 15:07:25,084] Trial 4883 finished with values: [6951.3891584248995, -4510.239876426422, 41.45] and parameters: {'sl_soft': 0.05035573196257478, 'sl_hard_delta': 0.039849065565949165, 'tp': 0.30344321187078127, 'gate_pct': 98.58299891691806, 'dd_limit': 5.937758572987326, 'cooldown': 0, 'flip': False, 'en_ema_trend': False, 'ema_trend_fast': 157, 'ema_trend_slow': 157, 'en_sma_trend': False, 'sma_trend_fast': 91, 'sma_trend_slow': 35, 'en_macd': False, 'macd_fast': 11, 'macd_slow': 3, 'macd_signal': 52, 'en_vwap': True, 'en_keltner': False, 'keltner_n': 107, 'keltner_m': 3.8000000000000003, 'en_obv': True, 'obv_slope': 162, 'en_cci': True, 'cci_n': 166, 'cci_threshold': 130, 'en_rsi': False, 'rsi_n': 34, 'rsi_lower': 26, 'rsi_upper': 87, 'en_stochastic': False, 'stochastic_n': 62, 'stochastic_d': 34, 'stochastic_lower': 9, 'stochastic_upper': 98, 'en_mfi': False, 'mfi_n': 14, 'mfi_lower': 29, 'mfi_upper': 68, 'en_bollinger': True, 'bollinger_n': 2, 'bollinger_k': 3.8000000000000003, 'en_adx': False, 'adx_n': 35, 'adx_threshold': 9, 'en_structure_trend': False, 'structure_trend_swing_l': 9, 'en_order_block': True, 'order_block_swing_l': 5, 'en_fvg': False, 'fvg_lookback': 35, 'en_ifvg': True, 'en_breaker': False, 'breaker_swing_l': 7, 'en_cisd': True, 'k': 4, 'en_cap_bars': False, 'cap_1min': 457}.
[I 2026-07-13 15:07:25,628] Trial 4884 finished with values: [6064.316726587062, -4947.597703068851, 68.85] and parameters: {'sl_soft': 0.1790260279200085, 'sl_hard_delta': 0.039849065565949165, 'tp': 0.14985592681603982, 'gate_pct': 99.43810192295578, 'dd_limit': 0.7627381108845042, 'cooldown': 1, 'flip': False, 'en_ema_trend': False, 'ema_trend_fast': 362, 'ema_trend_slow': 157, 'en_sma_trend': False, 'sma_trend_fast': 81, 'sma_trend_slow': 35, 'en_macd': False, 'macd_fast': 70, 'macd_slow': 125, 'macd_signal': 52, 'en_vwap': False, 'en_keltner': True, 'keltner_n': 123, 'keltner_m': 1.0, 'en_obv': True, 'obv_slope': 153, 'en_cci': True, 'cci_n': 166, 'cci_threshold': 145, 'en_rsi': False, 'rsi_n': 5, 'rsi_lower': 1, 'rsi_upper': 57, 'en_stochastic': False, 'stochastic_n': 70, 'stochastic_d': 17, 'stochastic_lower': 20, 'stochastic_upper': 66, 'en_mfi': False, 'mfi_n': 14, 'mfi_lower': 22, 'mfi_upper': 83, 'en_bollinger': True, 'bollinger_n': 2, 'bollinger_k': 4.1, 'en_adx': False, 'adx_n': 17, 'adx_threshold': 9, 'en_structure_trend': False, 'structure_trend_swing_l': 1, 'en_order_block': True, 'order_block_swing_l': 5, 'en_fvg': False, 'fvg_lookback': 35, 'en_ifvg': True, 'en_breaker': True, 'breaker_swing_l': 1, 'en_cisd': True, 'k': 4, 'en_cap_bars': True, 'cap_1min': 457}.
[I 2026-07-13 15:07:26,130] Trial 4885 finished with values: [13983.26951316907, -5530.474784277643, 52.4] and parameters: {'sl_soft': 0.16151352996638565, 'sl_hard_delta': 0.039849065565949165, 'tp': 0.30344321187078127, 'gate_pct': 99.43810192295578, 'dd_limit': 9.049701546507107, 'cooldown': 0, 'flip': False, 'en_ema_trend': False, 'ema_trend_fast': 197, 'ema_trend_slow': 182, 'en_sma_trend': False, 'sma_trend_fast': 91, 'sma_trend_slow': 319, 'en_macd': False, 'macd_fast': 11, 'macd_slow': 3, 'macd_signal': 52, 'en_vwap': False, 'en_keltner': True, 'keltner_n': 123, 'keltner_m': 3.1, 'en_obv': True, 'obv_slope': 162, 'en_cci': True, 'cci_n': 166, 'cci_threshold': 130, 'en_rsi': False, 'rsi_n': 100, 'rsi_lower': 26, 'rsi_upper': 53, 'en_stochastic': False, 'stochastic_n': 92, 'stochastic_d': 34, 'stochastic_lower': 31, 'stochastic_upper': 98, 'en_mfi': False, 'mfi_n': 14, 'mfi_lower': 29, 'mfi_upper': 68, 'en_bollinger': True, 'bollinger_n': 2, 'bollinger_k': 4.1, 'en_adx': False, 'adx_n': 50, 'adx_threshold': 9, 'en_structure_trend': False, 'structure_trend_swing_l': 18, 'en_order_block': True, 'order_block_swing_l': 5, 'en_fvg': False, 'fvg_lookback': 22, 'en_ifvg': True, 'en_breaker': True, 'breaker_swing_l': 7, 'en_cisd': True, 'k': 4, 'en_cap_bars': False, 'cap_1min': 695}.
[I 2026-07-13 15:07:26,459] Trial 4886 finished with values: [9414.992680040708, -3883.1919011411037, 37.5] and parameters: {'sl_soft': 0.05035573196257478, 'sl_hard_delta': 0.039849065565949165, 'tp': 0.30344321187078127, 'gate_pct': 99.43810192295578, 'dd_limit': 5.937758572987326, 'cooldown': 0, 'flip': False, 'en_ema_trend': False, 'ema_trend_fast': 157, 'ema_trend_slow': 182, 'en_sma_trend': False, 'sma_trend_fast': 360, 'sma_trend_slow': 35, 'en_macd': False, 'macd_fast': 10, 'macd_slow': 200, 'macd_signal': 52, 'en_vwap': False, 'en_keltner': True, 'keltner_n': 123, 'keltner_m': 1.0, 'en_obv': True, 'obv_slope': 162, 'en_cci': True, 'cci_n': 166, 'cci_threshold': 130, 'en_rsi': False, 'rsi_n': 34, 'rsi_lower': 1, 'rsi_upper': 57, 'en_stochastic': False, 'stochastic_n': 62, 'stochastic_d': 17, 'stochastic_lower': 20, 'stochastic_upper': 66, 'en_mfi': False, 'mfi_n': 14, 'mfi_lower': 29, 'mfi_upper': 83, 'en_bollinger': True, 'bollinger_n': 2, 'bollinger_k': 1.6, 'en_adx': False, 'adx_n': 17, 'adx_threshold': 9, 'en_structure_trend': False, 'structure_trend_swing_l': 4, 'en_order_block': True, 'order_block_swing_l': 5, 'en_fvg': False, 'fvg_lookback': 35, 'en_ifvg': True, 'en_breaker': True, 'breaker_swing_l': 7, 'en_cisd': True, 'k': 4, 'en_cap_bars': True, 'cap_1min': 457}.
