[I 2026-07-13 15:13:43,366] Trial 769 pruned. 
[I 2026-07-13 15:13:45,022] Trial 770 pruned. 
[I 2026-07-13 15:13:47,629] Trial 771 pruned. 
[I 2026-07-13 15:13:48,414] Trial 772 pruned. 
[I 2026-07-13 15:13:49,322] Trial 773 pruned. 
[I 2026-07-13 15:13:50,495] Trial 774 pruned. 
[I 2026-07-13 15:13:52,033] Trial 775 pruned. 
[I 2026-07-13 15:13:52,981] Trial 776 pruned. 
[I 2026-07-13 15:13:54,152] Trial 777 pruned. 
[I 2026-07-13 15:13:55,441] Trial 778 pruned. 
[I 2026-07-13 15:13:56,939] Trial 779 pruned. 
[I 2026-07-13 15:13:58,627] Trial 780 pruned. 
[I 2026-07-13 15:14:00,942] Trial 781 pruned. 
[I 2026-07-13 15:14:02,351] Trial 782 pruned. 
[I 2026-07-13 15:14:04,444] Trial 783 pruned. 
[I 2026-07-13 15:14:04,925] Trial 784 pruned. 
[I 2026-07-13 15:14:06,201] Trial 785 pruned. 
[I 2026-07-13 15:14:06,979] Trial 786 pruned. 
[I 2026-07-13 15:14:08,745] Trial 787 pruned. 
[I 2026-07-13 15:14:09,824] Trial 788 pruned. 
[I 2026-07-13 15:14:10,573] Trial 789 pruned. 
[I 2026-07-13 15:14:11,974] Trial 790 pruned. 
[I 2026-07-13 15:14:14,600] Trial 791 pruned. 
[I 2026-07-13 15:14:17,171] Trial 792 pruned. 
[I 2026-07-13 15:14:18,387] Trial 793 pruned. 
[I 2026-07-13 15:14:19,816] Trial 794 pruned. 
[I 2026-07-13 15:14:20,639] Trial 795 pruned. 
[I 2026-07-13 15:14:21,550] Trial 796 pruned. 
[I 2026-07-13 15:14:21,942] Trial 797 pruned. 
[I 2026-07-13 15:14:22,965] Trial 798 pruned. 
[I 2026-07-13 15:14:24,790] Trial 799 pruned. 
[I 2026-07-13 15:14:25,132] Trial 800 pruned. 
[I 2026-07-13 15:14:26,696] Trial 801 pruned. 
[I 2026-07-13 15:14:27,190] Trial 802 pruned. 
[I 2026-07-13 15:14:28,198] Trial 803 pruned. 
[I 2026-07-13 15:14:29,045] Trial 804 pruned. 
[I 2026-07-13 15:14:30,650] Trial 805 pruned. 
[I 2026-07-13 15:14:31,838] Trial 806 pruned. 
[I 2026-07-13 15:14:33,278] Trial 807 pruned. 
[I 2026-07-13 15:14:36,149] Trial 808 pruned. 
[I 2026-07-13 15:14:40,737] Trial 809 pruned. 
[I 2026-07-13 15:14:45,176] Trial 810 pruned. 
[I 2026-07-13 15:14:45,730] Trial 811 pruned. 
[I 2026-07-13 15:14:46,873] Trial 812 pruned. 
[I 2026-07-13 15:14:47,584] Trial 813 pruned. 
[I 2026-07-13 15:14:49,799] Trial 814 pruned. 
[I 2026-07-13 15:14:51,257] Trial 815 pruned. 
[I 2026-07-13 15:14:52,086] Trial 816 pruned. 
[I 2026-07-13 15:14:53,063] Trial 817 pruned. 
[I 2026-07-13 15:14:53,885] Trial 818 pruned. 
[I 2026-07-13 15:14:55,007] Trial 819 pruned. 
[I 2026-07-13 15:14:56,058] Trial 820 pruned. 
[I 2026-07-13 15:14:57,236] Trial 821 pruned. 
[I 2026-07-13 15:14:58,363] Trial 822 pruned. 
[I 2026-07-13 15:14:59,429] Trial 823 pruned. 
[I 2026-07-13 15:15:01,265] Trial 824 pruned. 
[I 2026-07-13 15:15:02,962] Trial 825 pruned. 
[I 2026-07-13 15:15:04,403] Trial 826 pruned. 
[I 2026-07-13 15:15:05,620] Trial 827 pruned. 
[I 2026-07-13 15:15:07,504] Trial 828 pruned. 
[I 2026-07-13 15:15:08,669] Trial 829 pruned. 
[I 2026-07-13 15:15:10,021] Trial 830 pruned. 
[I 2026-07-13 15:15:10,728] Trial 831 pruned. 
[I 2026-07-13 15:15:11,713] Trial 832 pruned. 
[I 2026-07-13 15:15:12,886] Trial 833 pruned. 
[I 2026-07-13 15:15:15,012] Trial 834 pruned. 
[I 2026-07-13 15:15:15,282] Trial 835 pruned. 
[I 2026-07-13 15:15:16,504] Trial 836 pruned. 
[I 2026-07-13 15:15:18,763] Trial 837 pruned. 
[I 2026-07-13 15:15:21,707] Trial 838 pruned. 
[I 2026-07-13 15:15:22,065] Trial 839 pruned. 
[I 2026-07-13 15:15:22,250] Trial 840 pruned. 
[I 2026-07-13 15:15:24,051] Trial 841 pruned. 
[I 2026-07-13 15:15:26,030] Trial 842 pruned. 
[I 2026-07-13 15:15:34,371] Trial 843 finished with values: [-225.5613953454727, -1137.2776704524058, 52.25] and parameters: {'sl_soft': 0.025549208197521857, 'sl_hard_delta': 0.011117847309295333, 'tp': 0.029213854457200393, 'gate_pct': 99.3861717774851, 'dd_limit': 6.844711394584541, 'cooldown': 24, 'flip': True, 'en_ema_trend': False, 'ema_trend_fast': 261, 'ema_trend_slow': 294, 'en_sma_trend': True, 'sma_trend_fast': 177, 'sma_trend_slow': 351, 'en_macd': True, 'macd_fast': 61, 'macd_slow': 93, 'macd_signal': 38, 'en_vwap': True, 'en_keltner': False, 'keltner_n': 22, 'keltner_m': 1.2000000000000002, 'en_obv': True, 'obv_slope': 69, 'en_cci': True, 'cci_n': 112, 'cci_threshold': 180, 'en_rsi': True, 'rsi_n': 78, 'rsi_lower': 9, 'rsi_upper': 63, 'en_stochastic': True, 'stochastic_n': 45, 'stochastic_d': 43, 'stochastic_lower': 21, 'stochastic_upper': 97, 'en_mfi': False, 'mfi_n': 9, 'mfi_lower': 43, 'mfi_upper': 62, 'en_bollinger': False, 'bollinger_n': 189, 'bollinger_k': 1.1, 'en_adx': False, 'adx_n': 37, 'adx_threshold': 26, 'en_structure_trend': False, 'structure_trend_swing_l': 7, 'en_order_block': True, 'order_block_swing_l': 4, 'en_fvg': False, 'fvg_lookback': 37, 'en_ifvg': True, 'en_breaker': False, 'breaker_swing_l': 14, 'en_cisd': False, 'k': 2, 'en_cap_bars': True, 'cap_1min': 1239}.
[I 2026-07-13 15:15:35,177] Trial 844 pruned. 
[I 2026-07-13 15:15:36,408] Trial 845 pruned. 
[I 2026-07-13 15:15:38,838] Trial 846 pruned. 
[I 2026-07-13 15:15:39,549] Trial 847 pruned. 
[I 2026-07-13 15:15:41,438] Trial 848 pruned. 
[I 2026-07-13 15:15:42,034] Trial 849 pruned. 
[I 2026-07-13 15:15:44,747] Trial 850 pruned. 
[I 2026-07-13 15:15:46,171] Trial 851 pruned. 
[I 2026-07-13 15:15:47,485] Trial 852 pruned. 
[I 2026-07-13 15:15:48,876] Trial 853 pruned. 
[I 2026-07-13 15:15:50,282] Trial 854 pruned. 
[I 2026-07-13 15:15:50,944] Trial 855 pruned. 
[I 2026-07-13 15:15:51,906] Trial 856 pruned. 
[I 2026-07-13 15:15:52,403] Trial 857 pruned. 
[I 2026-07-13 15:15:54,380] Trial 858 pruned. 
[I 2026-07-13 15:15:55,021] Trial 859 pruned. 
[I 2026-07-13 15:15:56,174] Trial 860 pruned. 
[I 2026-07-13 15:15:57,667] Trial 861 pruned. 
[I 2026-07-13 15:15:58,980] Trial 862 pruned. 
[I 2026-07-13 15:16:01,200] Trial 863 pruned. 
[I 2026-07-13 15:16:02,256] Trial 864 pruned. 
[I 2026-07-13 15:16:03,970] Trial 865 pruned. 
[I 2026-07-13 15:16:06,414] Trial 866 pruned. 
[I 2026-07-13 15:16:07,536] Trial 867 pruned. 
[I 2026-07-13 15:16:08,137] Trial 868 pruned. 
[I 2026-07-13 15:16:09,347] Trial 869 pruned. 
[I 2026-07-13 15:16:10,542] Trial 870 pruned. 
[I 2026-07-13 15:16:11,215] Trial 871 pruned. 
[I 2026-07-13 15:16:12,654] Trial 872 pruned. 
[I 2026-07-13 15:16:13,654] Trial 873 pruned. 
[I 2026-07-13 15:16:14,868] Trial 874 pruned. 
[I 2026-07-13 15:16:15,423] Trial 875 pruned. 
[I 2026-07-13 15:16:15,877] Trial 876 pruned. 
[I 2026-07-13 15:16:17,008] Trial 877 pruned. 
[I 2026-07-13 15:16:17,661] Trial 878 pruned. 
[I 2026-07-13 15:16:18,219] Trial 879 pruned. 
[I 2026-07-13 15:16:18,473] Trial 880 pruned. 
[I 2026-07-13 15:16:19,586] Trial 881 pruned. 
[I 2026-07-13 15:16:21,483] Trial 882 pruned. 
[I 2026-07-13 15:16:23,362] Trial 883 pruned. 
[I 2026-07-13 15:16:24,880] Trial 884 pruned. 
[I 2026-07-13 15:16:26,957] Trial 885 pruned. 
[I 2026-07-13 15:16:27,616] Trial 886 pruned. 
[I 2026-07-13 15:16:28,384] Trial 887 pruned. 
[I 2026-07-13 15:16:28,838] Trial 888 pruned. 
[I 2026-07-13 15:16:30,432] Trial 889 pruned. 
[I 2026-07-13 15:16:32,425] Trial 890 pruned. 
[I 2026-07-13 15:16:33,717] Trial 891 pruned. 
[I 2026-07-13 15:16:34,860] Trial 892 pruned. 
[I 2026-07-13 15:16:35,915] Trial 893 pruned. 
[I 2026-07-13 15:16:37,218] Trial 894 pruned. 
[I 2026-07-13 15:16:38,286] Trial 895 pruned. 
[I 2026-07-13 15:16:42,289] Trial 896 finished with values: [341.02192170406556, -1935.7536387303746, 60.85] and parameters: {'sl_soft': 0.015424929700676927, 'sl_hard_delta': 0.029725556735688736, 'tp': 0.029010656879945286, 'gate_pct': 96.87387275432529, 'dd_limit': 6.787950662357963, 'cooldown': 0, 'flip': True, 'en_ema_trend': True, 'ema_trend_fast': 60, 'ema_trend_slow': 378, 'en_sma_trend': False, 'sma_trend_fast': 27, 'sma_trend_slow': 80, 'en_macd': True, 'macd_fast': 80, 'macd_slow': 7, 'macd_signal': 94, 'en_vwap': True, 'en_keltner': False, 'keltner_n': 176, 'keltner_m': 4.0, 'en_obv': False, 'obv_slope': 120, 'en_cci': False, 'cci_n': 180, 'cci_threshold': 260, 'en_rsi': True, 'rsi_n': 13, 'rsi_lower': 3, 'rsi_upper': 86, 'en_stochastic': False, 'stochastic_n': 96, 'stochastic_d': 27, 'stochastic_lower': 45, 'stochastic_upper': 97, 'en_mfi': True, 'mfi_n': 15, 'mfi_lower': 47, 'mfi_upper': 98, 'en_bollinger': False, 'bollinger_n': 125, 'bollinger_k': 0.9, 'en_adx': False, 'adx_n': 7, 'adx_threshold': 25, 'en_structure_trend': False, 'structure_trend_swing_l': 10, 'en_order_block': True, 'order_block_swing_l': 2, 'en_fvg': True, 'fvg_lookback': 49, 'en_ifvg': True, 'en_breaker': True, 'breaker_swing_l': 18, 'en_cisd': False, 'k': 5, 'en_cap_bars': False, 'cap_1min': 713}.
[I 2026-07-13 15:16:43,838] Trial 897 pruned. 
[I 2026-07-13 15:16:45,863] Trial 898 pruned. 
[I 2026-07-13 15:16:47,374] Trial 899 pruned. 
[I 2026-07-13 15:16:48,650] Trial 900 pruned. 
[I 2026-07-13 15:16:49,853] Trial 901 pruned. 
[I 2026-07-13 15:16:50,381] Trial 902 pruned. 
[I 2026-07-13 15:16:50,826] Trial 903 pruned. 
[I 2026-07-13 15:16:51,871] Trial 904 pruned. 
[I 2026-07-13 15:16:53,079] Trial 905 pruned. 
[I 2026-07-13 15:16:54,488] Trial 906 pruned. 
[I 2026-07-13 15:16:56,983] Trial 907 finished with values: [-384.737822430008, -1357.300786723315, 27.0] and parameters: {'sl_soft': 0.014622618965034473, 'sl_hard_delta': 0.008508769063799191, 'tp': 0.024354687829087944, 'gate_pct': 96.54380504120698, 'dd_limit': 4.125389121894992, 'cooldown': 10, 'flip': False, 'en_ema_trend': False, 'ema_trend_fast': 393, 'ema_trend_slow': 260, 'en_sma_trend': False, 'sma_trend_fast': 13, 'sma_trend_slow': 311, 'en_macd': True, 'macd_fast': 85, 'macd_slow': 106, 'macd_signal': 34, 'en_vwap': True, 'en_keltner': False, 'keltner_n': 99, 'keltner_m': 2.4000000000000004, 'en_obv': False, 'obv_slope': 146, 'en_cci': True, 'cci_n': 33, 'cci_threshold': 180, 'en_rsi': False, 'rsi_n': 15, 'rsi_lower': 39, 'rsi_upper': 65, 'en_stochastic': False, 'stochastic_n': 2, 'stochastic_d': 7, 'stochastic_lower': 8, 'stochastic_upper': 91, 'en_mfi': True, 'mfi_n': 76, 'mfi_lower': 33, 'mfi_upper': 83, 'en_bollinger': False, 'bollinger_n': 46, 'bollinger_k': 0.7, 'en_adx': False, 'adx_n': 63, 'adx_threshold': 39, 'en_structure_trend': True, 'structure_trend_swing_l': 14, 'en_order_block': False, 'order_block_swing_l': 19, 'en_fvg': True, 'fvg_lookback': 18, 'en_ifvg': True, 'en_breaker': False, 'breaker_swing_l': 11, 'en_cisd': False, 'k': 5, 'en_cap_bars': False, 'cap_1min': 715}.
[I 2026-07-13 15:16:57,383] Trial 908 pruned. 
[I 2026-07-13 15:16:59,292] Trial 909 pruned. 
[I 2026-07-13 15:16:59,821] Trial 910 pruned. 
[I 2026-07-13 15:17:00,103] Trial 911 pruned. 
[I 2026-07-13 15:17:01,301] Trial 912 pruned. 
[I 2026-07-13 15:17:02,726] Trial 913 pruned. 
[I 2026-07-13 15:17:04,346] Trial 914 pruned. 
[I 2026-07-13 15:17:05,616] Trial 915 pruned. 
[I 2026-07-13 15:17:06,627] Trial 916 pruned. 
[I 2026-07-13 15:17:07,494] Trial 917 pruned. 
[I 2026-07-13 15:17:09,498] Trial 918 pruned. 
[I 2026-07-13 15:17:10,329] Trial 919 pruned. 
[I 2026-07-13 15:17:10,549] Trial 920 pruned. 
[I 2026-07-13 15:17:12,723] Trial 921 pruned. 
[I 2026-07-13 15:17:13,849] Trial 922 pruned. 
[I 2026-07-13 15:17:15,124] Trial 923 pruned. 
[I 2026-07-13 15:17:17,394] Trial 924 pruned. 
[I 2026-07-13 15:17:18,024] Trial 925 pruned. 
[I 2026-07-13 15:17:18,292] Trial 926 pruned. 
[I 2026-07-13 15:17:18,872] Trial 927 pruned. 
[I 2026-07-13 15:17:19,905] Trial 928 pruned. 
[I 2026-07-13 15:17:20,100] Trial 929 pruned. 
[I 2026-07-13 15:17:21,642] Trial 930 pruned. 
[I 2026-07-13 15:17:23,428] Trial 931 pruned. 
[I 2026-07-13 15:17:24,916] Trial 932 pruned. 
[I 2026-07-13 15:17:26,057] Trial 933 pruned. 
[I 2026-07-13 15:17:27,062] Trial 934 pruned. 
[I 2026-07-13 15:17:28,013] Trial 935 pruned. 
[I 2026-07-13 15:17:29,182] Trial 936 pruned. 
[I 2026-07-13 15:17:30,123] Trial 937 pruned. 
[I 2026-07-13 15:17:31,229] Trial 938 pruned. 
[I 2026-07-13 15:17:32,478] Trial 939 pruned. 
[I 2026-07-13 15:17:33,807] Trial 940 pruned. 
[I 2026-07-13 15:17:34,857] Trial 941 pruned. 
[I 2026-07-13 15:17:36,002] Trial 942 pruned. 
[I 2026-07-13 15:17:39,111] Trial 943 pruned. 
[I 2026-07-13 15:17:40,089] Trial 944 pruned. 
[I 2026-07-13 15:17:41,846] Trial 945 pruned. 
[I 2026-07-13 15:17:43,710] Trial 946 pruned. 
[I 2026-07-13 15:17:45,549] Trial 947 pruned. 
[I 2026-07-13 15:17:46,417] Trial 948 pruned. 
[I 2026-07-13 15:17:47,873] Trial 949 pruned. 
[I 2026-07-13 15:17:49,117] Trial 950 pruned. 
[I 2026-07-13 15:17:49,705] Trial 951 pruned. 
[I 2026-07-13 15:17:55,007] Trial 952 pruned. 
[I 2026-07-13 15:17:56,120] Trial 953 pruned. 
[I 2026-07-13 15:17:57,224] Trial 954 pruned. 
[I 2026-07-13 15:17:58,332] Trial 955 pruned. 
[I 2026-07-13 15:17:59,545] Trial 956 pruned. 
[I 2026-07-13 15:18:01,228] Trial 957 pruned. 
[I 2026-07-13 15:18:02,222] Trial 958 pruned. 
[I 2026-07-13 15:18:02,851] Trial 959 pruned. 
[I 2026-07-13 15:18:03,094] Trial 960 pruned. 
[I 2026-07-13 15:18:03,561] Trial 961 pruned. 
[I 2026-07-13 15:18:05,239] Trial 962 pruned. 
[I 2026-07-13 15:18:07,112] Trial 963 pruned. 
[I 2026-07-13 15:18:07,776] Trial 964 pruned. 
[I 2026-07-13 15:18:08,676] Trial 965 pruned. 
[I 2026-07-13 15:18:09,461] Trial 966 pruned. 
[I 2026-07-13 15:18:10,923] Trial 967 pruned. 
[I 2026-07-13 15:18:11,969] Trial 968 pruned. 
[I 2026-07-13 15:18:13,015] Trial 969 pruned. 
[I 2026-07-13 15:18:14,381] Trial 970 pruned. 
[I 2026-07-13 15:18:14,946] Trial 971 pruned. 
[I 2026-07-13 15:18:16,156] Trial 972 pruned. 
[I 2026-07-13 15:18:17,607] Trial 973 pruned. 
[I 2026-07-13 15:18:18,585] Trial 974 pruned. 
[I 2026-07-13 15:18:20,525] Trial 975 pruned. 
[I 2026-07-13 15:18:22,052] Trial 976 pruned. 
[I 2026-07-13 15:18:22,441] Trial 977 pruned. 
[I 2026-07-13 15:18:23,257] Trial 978 pruned. 
[I 2026-07-13 15:18:28,448] Trial 979 finished with values: [-637.5151006879244, -4407.274891126355, 46.349999999999994] and parameters: {'sl_soft': 0.02571151622183178, 'sl_hard_delta': 0.014127798619720097, 'tp': 0.04053119805039683, 'gate_pct': 69.70349664957303, 'dd_limit': 9.349916091585929, 'cooldown': 1, 'flip': True, 'en_ema_trend': True, 'ema_trend_fast': 168, 'ema_trend_slow': 275, 'en_sma_trend': True, 'sma_trend_fast': 378, 'sma_trend_slow': 104, 'en_macd': True, 'macd_fast': 84, 'macd_slow': 176, 'macd_signal': 90, 'en_vwap': True, 'en_keltner': True, 'keltner_n': 58, 'keltner_m': 0.9, 'en_obv': True, 'obv_slope': 98, 'en_cci': False, 'cci_n': 102, 'cci_threshold': 130, 'en_rsi': True, 'rsi_n': 71, 'rsi_lower': 45, 'rsi_upper': 79, 'en_stochastic': False, 'stochastic_n': 80, 'stochastic_d': 20, 'stochastic_lower': 47, 'stochastic_upper': 93, 'en_mfi': False, 'mfi_n': 71, 'mfi_lower': 5, 'mfi_upper': 86, 'en_bollinger': False, 'bollinger_n': 169, 'bollinger_k': 2.9000000000000004, 'en_adx': False, 'adx_n': 87, 'adx_threshold': 50, 'en_structure_trend': False, 'structure_trend_swing_l': 14, 'en_order_block': False, 'order_block_swing_l': 13, 'en_fvg': False, 'fvg_lookback': 37, 'en_ifvg': False, 'en_breaker': False, 'breaker_swing_l': 16, 'en_cisd': False, 'k': 1, 'en_cap_bars': False, 'cap_1min': 173}.
[I 2026-07-13 15:18:28,938] Trial 980 pruned. 
[I 2026-07-13 15:18:30,398] Trial 981 pruned. 
[I 2026-07-13 15:18:31,518] Trial 982 pruned. 
[I 2026-07-13 15:18:33,084] Trial 983 pruned. 
[I 2026-07-13 15:18:36,163] Trial 984 pruned. 
[I 2026-07-13 15:18:36,699] Trial 985 pruned. 
[I 2026-07-13 15:18:37,918] Trial 986 pruned. 
[I 2026-07-13 15:18:40,586] Trial 987 pruned. 
[I 2026-07-13 15:18:42,112] Trial 988 pruned. 
[I 2026-07-13 15:18:42,947] Trial 989 pruned. 
[I 2026-07-13 15:18:45,047] Trial 990 pruned. 
[I 2026-07-13 15:18:45,421] Trial 991 pruned. 
[I 2026-07-13 15:18:47,295] Trial 992 pruned. 
[I 2026-07-13 15:18:48,810] Trial 993 pruned. 
[I 2026-07-13 15:18:49,976] Trial 994 pruned. 
[I 2026-07-13 15:18:50,400] Trial 995 pruned. 
[I 2026-07-13 15:18:51,392] Trial 996 pruned. 
[I 2026-07-13 15:18:53,530] Trial 997 pruned. 
[I 2026-07-13 15:18:55,066] Trial 998 pruned. 
[I 2026-07-13 15:18:55,862] Trial 999 pruned. 
[I 2026-07-13 15:18:56,141] Trial 1000 pruned. 
[I 2026-07-13 15:18:56,875] Trial 1001 pruned. 
[I 2026-07-13 15:19:00,206] Trial 1002 pruned. 
[I 2026-07-13 15:19:01,107] Trial 1003 pruned. 
[I 2026-07-13 15:19:02,005] Trial 1004 pruned. 
[I 2026-07-13 15:19:02,933] Trial 1005 pruned. 
[I 2026-07-13 15:19:04,562] Trial 1006 pruned. 
[I 2026-07-13 15:19:05,009] Trial 1007 pruned. 
[I 2026-07-13 15:19:06,285] Trial 1008 pruned. 
[I 2026-07-13 15:19:09,479] Trial 1009 pruned. 
[I 2026-07-13 15:19:10,499] Trial 1010 pruned. 
[I 2026-07-13 15:19:10,980] Trial 1011 pruned. 
[I 2026-07-13 15:19:12,222] Trial 1012 pruned. 
[I 2026-07-13 15:19:12,915] Trial 1013 pruned. 
[I 2026-07-13 15:19:14,200] Trial 1014 pruned. 
[I 2026-07-13 15:19:15,366] Trial 1015 pruned. 
[I 2026-07-13 15:19:17,433] Trial 1016 pruned. 
[I 2026-07-13 15:19:19,044] Trial 1017 pruned. 
[I 2026-07-13 15:19:20,201] Trial 1018 pruned. 
[I 2026-07-13 15:19:20,510] Trial 1019 pruned. 
[I 2026-07-13 15:19:21,585] Trial 1020 pruned. 
[I 2026-07-13 15:19:23,049] Trial 1021 pruned. 
[I 2026-07-13 15:19:24,913] Trial 1022 pruned. 
[I 2026-07-13 15:19:25,698] Trial 1023 pruned. 
[I 2026-07-13 15:19:27,377] Trial 1024 pruned. 
[I 2026-07-13 15:19:29,281] Trial 1025 pruned. 
[I 2026-07-13 15:19:30,218] Trial 1026 pruned. 
[I 2026-07-13 15:19:31,910] Trial 1027 pruned. 
[I 2026-07-13 15:19:32,832] Trial 1028 pruned. 
[I 2026-07-13 15:19:34,088] Trial 1029 pruned. 
[I 2026-07-13 15:19:34,601] Trial 1030 pruned. 
[I 2026-07-13 15:19:35,849] Trial 1031 pruned. 
[I 2026-07-13 15:19:38,890] Trial 1032 pruned. 
[I 2026-07-13 15:19:41,564] Trial 1033 pruned. 
[I 2026-07-13 15:19:42,892] Trial 1034 pruned. 
[I 2026-07-13 15:19:43,771] Trial 1035 pruned. 
[I 2026-07-13 15:19:44,359] Trial 1036 pruned. 
[I 2026-07-13 15:19:46,207] Trial 1037 pruned. 
[I 2026-07-13 15:19:46,550] Trial 1038 pruned. 
[I 2026-07-13 15:19:47,471] Trial 1039 pruned. 
[I 2026-07-13 15:19:47,665] Trial 1040 pruned. 
[I 2026-07-13 15:19:49,224] Trial 1041 pruned. 
[I 2026-07-13 15:19:49,964] Trial 1042 pruned. 
[I 2026-07-13 15:19:51,137] Trial 1043 pruned. 
[I 2026-07-13 15:19:54,008] Trial 1044 pruned. 
[I 2026-07-13 15:19:55,673] Trial 1045 pruned. 
[I 2026-07-13 15:19:56,886] Trial 1046 pruned. 
[I 2026-07-13 15:19:57,757] Trial 1047 pruned. 
[I 2026-07-13 15:19:58,942] Trial 1048 pruned. 
[I 2026-07-13 15:20:00,270] Trial 1049 pruned. 
[I 2026-07-13 15:20:02,035] Trial 1050 pruned. 
[I 2026-07-13 15:20:02,577] Trial 1051 pruned. 
[I 2026-07-13 15:20:04,332] Trial 1052 pruned. 
[I 2026-07-13 15:20:07,315] Trial 1053 pruned. 
[I 2026-07-13 15:20:07,693] Trial 1054 pruned. 
[I 2026-07-13 15:20:08,768] Trial 1055 pruned. 
[I 2026-07-13 15:20:09,601] Trial 1056 pruned. 
[I 2026-07-13 15:20:10,660] Trial 1057 pruned. 
[I 2026-07-13 15:20:14,682] Trial 1058 finished with values: [-1442.005008942253, -17307.22931961304, 55.75] and parameters: {'sl_soft': 0.016491586055880376, 'sl_hard_delta': 0.021592265196922412, 'tp': 0.021615971192345748, 'gate_pct': 98.88498594560426, 'dd_limit': 8.680487348400282, 'cooldown': 0, 'flip': False, 'en_ema_trend': False, 'ema_trend_fast': 7, 'ema_trend_slow': 85, 'en_sma_trend': True, 'sma_trend_fast': 310, 'sma_trend_slow': 298, 'en_macd': False, 'macd_fast': 72, 'macd_slow': 182, 'macd_signal': 18, 'en_vwap': True, 'en_keltner': True, 'keltner_n': 153, 'keltner_m': 2.3, 'en_obv': True, 'obv_slope': 107, 'en_cci': True, 'cci_n': 107, 'cci_threshold': 245, 'en_rsi': True, 'rsi_n': 66, 'rsi_lower': 16, 'rsi_upper': 53, 'en_stochastic': False, 'stochastic_n': 44, 'stochastic_d': 43, 'stochastic_lower': 16, 'stochastic_upper': 90, 'en_mfi': True, 'mfi_n': 28, 'mfi_lower': 23, 'mfi_upper': 77, 'en_bollinger': True, 'bollinger_n': 136, 'bollinger_k': 2.8000000000000003, 'en_adx': False, 'adx_n': 98, 'adx_threshold': 28, 'en_structure_trend': False, 'structure_trend_swing_l': 8, 'en_order_block': False, 'order_block_swing_l': 9, 'en_fvg': True, 'fvg_lookback': 5, 'en_ifvg': True, 'en_breaker': True, 'breaker_swing_l': 8, 'en_cisd': False, 'k': 3, 'en_cap_bars': False, 'cap_1min': 1245}.
[I 2026-07-13 15:20:16,309] Trial 1059 pruned. 
[I 2026-07-13 15:20:16,592] Trial 1060 pruned. 
[I 2026-07-13 15:20:18,718] Trial 1061 pruned. 
[I 2026-07-13 15:20:19,267] Trial 1062 pruned. 
[I 2026-07-13 15:20:20,398] Trial 1063 pruned. 
[I 2026-07-13 15:20:22,004] Trial 1064 pruned. 
[I 2026-07-13 15:20:24,254] Trial 1065 pruned. 
[I 2026-07-13 15:20:26,037] Trial 1066 pruned. 
[I 2026-07-13 15:20:27,402] Trial 1067 pruned. 
[I 2026-07-13 15:20:28,740] Trial 1068 pruned. 
[I 2026-07-13 15:20:29,559] Trial 1069 pruned. 
[I 2026-07-13 15:20:30,217] Trial 1070 pruned. 
[I 2026-07-13 15:20:31,540] Trial 1071 pruned. 
[I 2026-07-13 15:20:32,710] Trial 1072 pruned. 
[I 2026-07-13 15:20:34,712] Trial 1073 pruned. 
[I 2026-07-13 15:20:35,726] Trial 1074 pruned. 
[I 2026-07-13 15:20:36,562] Trial 1075 pruned. 
[I 2026-07-13 15:20:42,147] Trial 1076 pruned. 
[I 2026-07-13 15:20:43,221] Trial 1077 pruned. 
