[I 2026-07-13 14:56:39,066] Trial 3816 finished with values: [6977.204515256011, -5453.442606007927, 34.25] and parameters: {'sl_soft': 0.05035573196257478, 'sl_hard_delta': 0.039849065565949165, 'tp': 0.22717864419781153, 'gate_pct': 99.43810192295578, 'dd_limit': 0.7627381108845042, 'cooldown': 0, 'flip': False, 'en_ema_trend': False, 'ema_trend_fast': 197, 'ema_trend_slow': 157, 'en_sma_trend': True, 'sma_trend_fast': 360, 'sma_trend_slow': 35, 'en_macd': False, 'macd_fast': 10, 'macd_slow': 41, 'macd_signal': 52, 'en_vwap': False, 'en_keltner': True, 'keltner_n': 123, 'keltner_m': 3.5, 'en_obv': True, 'obv_slope': 69, 'en_cci': True, 'cci_n': 166, 'cci_threshold': 130, 'en_rsi': False, 'rsi_n': 100, 'rsi_lower': 1, 'rsi_upper': 87, 'en_stochastic': False, 'stochastic_n': 62, 'stochastic_d': 34, 'stochastic_lower': 40, 'stochastic_upper': 57, 'en_mfi': False, 'mfi_n': 14, 'mfi_lower': 29, 'mfi_upper': 68, 'en_bollinger': True, 'bollinger_n': 2, 'bollinger_k': 1.6, 'en_adx': False, 'adx_n': 17, 'adx_threshold': 35, 'en_structure_trend': True, 'structure_trend_swing_l': 9, 'en_order_block': False, 'order_block_swing_l': 5, 'en_fvg': False, 'fvg_lookback': 35, 'en_ifvg': True, 'en_breaker': True, 'breaker_swing_l': 7, 'en_cisd': True, 'k': 4, 'en_cap_bars': False, 'cap_1min': 457}.
[I 2026-07-13 14:56:45,011] Trial 3817 finished with values: [2323.608271746877, -5863.311839354352, 35.95] and parameters: {'sl_soft': 0.05035573196257478, 'sl_hard_delta': 0.039849065565949165, 'tp': 0.20741590457257697, 'gate_pct': 99.43810192295578, 'dd_limit': 5.937758572987326, 'cooldown': 0, 'flip': False, 'en_ema_trend': False, 'ema_trend_fast': 213, 'ema_trend_slow': 304, 'en_sma_trend': True, 'sma_trend_fast': 81, 'sma_trend_slow': 336, 'en_macd': False, 'macd_fast': 20, 'macd_slow': 74, 'macd_signal': 89, 'en_vwap': False, 'en_keltner': True, 'keltner_n': 33, 'keltner_m': 1.0, 'en_obv': True, 'obv_slope': 26, 'en_cci': True, 'cci_n': 172, 'cci_threshold': 130, 'en_rsi': False, 'rsi_n': 14, 'rsi_lower': 49, 'rsi_upper': 52, 'en_stochastic': True, 'stochastic_n': 89, 'stochastic_d': 34, 'stochastic_lower': 20, 'stochastic_upper': 99, 'en_mfi': False, 'mfi_n': 14, 'mfi_lower': 29, 'mfi_upper': 80, 'en_bollinger': False, 'bollinger_n': 115, 'bollinger_k': 3.8000000000000003, 'en_adx': False, 'adx_n': 17, 'adx_threshold': 13, 'en_structure_trend': True, 'structure_trend_swing_l': 2, 'en_order_block': False, 'order_block_swing_l': 5, 'en_fvg': False, 'fvg_lookback': 22, 'en_ifvg': True, 'en_breaker': True, 'breaker_swing_l': 12, 'en_cisd': False, 'k': 4, 'en_cap_bars': False, 'cap_1min': 457}.
[I 2026-07-13 14:56:46,699] Trial 3818 finished with values: [-27.4770507173277, -13924.362585058387, 47.7] and parameters: {'sl_soft': 0.19207751714688032, 'sl_hard_delta': 0.04250555831064314, 'tp': 0.2356931692447365, 'gate_pct': 96.65475725098474, 'dd_limit': 5.937758572987326, 'cooldown': 2, 'flip': False, 'en_ema_trend': False, 'ema_trend_fast': 213, 'ema_trend_slow': 182, 'en_sma_trend': True, 'sma_trend_fast': 240, 'sma_trend_slow': 336, 'en_macd': True, 'macd_fast': 11, 'macd_slow': 3, 'macd_signal': 52, 'en_vwap': True, 'en_keltner': True, 'keltner_n': 122, 'keltner_m': 3.1, 'en_obv': True, 'obv_slope': 26, 'en_cci': True, 'cci_n': 172, 'cci_threshold': 145, 'en_rsi': False, 'rsi_n': 72, 'rsi_lower': 32, 'rsi_upper': 79, 'en_stochastic': False, 'stochastic_n': 82, 'stochastic_d': 17, 'stochastic_lower': 20, 'stochastic_upper': 66, 'en_mfi': False, 'mfi_n': 8, 'mfi_lower': 29, 'mfi_upper': 80, 'en_bollinger': False, 'bollinger_n': 155, 'bollinger_k': 2.8000000000000003, 'en_adx': False, 'adx_n': 50, 'adx_threshold': 47, 'en_structure_trend': False, 'structure_trend_swing_l': 11, 'en_order_block': True, 'order_block_swing_l': 11, 'en_fvg': True, 'fvg_lookback': 32, 'en_ifvg': True, 'en_breaker': False, 'breaker_swing_l': 10, 'en_cisd': True, 'k': 4, 'en_cap_bars': True, 'cap_1min': 1399}.
[I 2026-07-13 14:56:48,360] Trial 3819 finished with values: [618.8642374155684, -15221.33849760536, 47.8] and parameters: {'sl_soft': 0.1790260279200085, 'sl_hard_delta': 0.234009729604921, 'tp': 0.30344321187078127, 'gate_pct': 94.70821660915905, 'dd_limit': 8.695879980087707, 'cooldown': 0, 'flip': False, 'en_ema_trend': True, 'ema_trend_fast': 99, 'ema_trend_slow': 64, 'en_sma_trend': False, 'sma_trend_fast': 304, 'sma_trend_slow': 187, 'en_macd': True, 'macd_fast': 20, 'macd_slow': 200, 'macd_signal': 74, 'en_vwap': True, 'en_keltner': True, 'keltner_n': 131, 'keltner_m': 3.8000000000000003, 'en_obv': False, 'obv_slope': 179, 'en_cci': False, 'cci_n': 156, 'cci_threshold': 155, 'en_rsi': False, 'rsi_n': 5, 'rsi_lower': 3, 'rsi_upper': 64, 'en_stochastic': False, 'stochastic_n': 81, 'stochastic_d': 17, 'stochastic_lower': 20, 'stochastic_upper': 93, 'en_mfi': True, 'mfi_n': 8, 'mfi_lower': 28, 'mfi_upper': 83, 'en_bollinger': False, 'bollinger_n': 30, 'bollinger_k': 4.1, 'en_adx': False, 'adx_n': 8, 'adx_threshold': 9, 'en_structure_trend': True, 'structure_trend_swing_l': 3, 'en_order_block': True, 'order_block_swing_l': 6, 'en_fvg': False, 'fvg_lookback': 30, 'en_ifvg': True, 'en_breaker': True, 'breaker_swing_l': 20, 'en_cisd': False, 'k': 1, 'en_cap_bars': True, 'cap_1min': 655}.
[I 2026-07-13 14:56:48,710] Trial 3820 finished with values: [606.6307098961945, -29700.70846792902, 57.400000000000006] and parameters: {'sl_soft': 0.1790260279200085, 'sl_hard_delta': 0.234009729604921, 'tp': 0.18097325261219258, 'gate_pct': 94.70821660915905, 'dd_limit': 7.364744278329123, 'cooldown': 0, 'flip': False, 'en_ema_trend': True, 'ema_trend_fast': 99, 'ema_trend_slow': 64, 'en_sma_trend': True, 'sma_trend_fast': 331, 'sma_trend_slow': 200, 'en_macd': True, 'macd_fast': 38, 'macd_slow': 200, 'macd_signal': 60, 'en_vwap': True, 'en_keltner': False, 'keltner_n': 93, 'keltner_m': 3.3000000000000003, 'en_obv': False, 'obv_slope': 162, 'en_cci': True, 'cci_n': 142, 'cci_threshold': 155, 'en_rsi': False, 'rsi_n': 74, 'rsi_lower': 32, 'rsi_upper': 79, 'en_stochastic': False, 'stochastic_n': 70, 'stochastic_d': 11, 'stochastic_lower': 2, 'stochastic_upper': 93, 'en_mfi': False, 'mfi_n': 43, 'mfi_lower': 19, 'mfi_upper': 67, 'en_bollinger': False, 'bollinger_n': 155, 'bollinger_k': 0.5, 'en_adx': False, 'adx_n': 7, 'adx_threshold': 9, 'en_structure_trend': False, 'structure_trend_swing_l': 1, 'en_order_block': True, 'order_block_swing_l': 1, 'en_fvg': True, 'fvg_lookback': 26, 'en_ifvg': True, 'en_breaker': False, 'breaker_swing_l': 1, 'en_cisd': False, 'k': 1, 'en_cap_bars': True, 'cap_1min': 655}.
[I 2026-07-13 14:56:49,068] Trial 3821 finished with values: [4655.2415958139645, -6816.843834173411, 29.25] and parameters: {'sl_soft': 0.041819685424319256, 'sl_hard_delta': 0.039849065565949165, 'tp': 0.27261856423057984, 'gate_pct': 97.66578486655469, 'dd_limit': 0.7627381108845042, 'cooldown': 1, 'flip': True, 'en_ema_trend': False, 'ema_trend_fast': 197, 'ema_trend_slow': 182, 'en_sma_trend': False, 'sma_trend_fast': 360, 'sma_trend_slow': 35, 'en_macd': True, 'macd_fast': 80, 'macd_slow': 41, 'macd_signal': 18, 'en_vwap': True, 'en_keltner': True, 'keltner_n': 123, 'keltner_m': 3.5, 'en_obv': True, 'obv_slope': 179, 'en_cci': False, 'cci_n': 156, 'cci_threshold': 300, 'en_rsi': False, 'rsi_n': 81, 'rsi_lower': 2, 'rsi_upper': 58, 'en_stochastic': False, 'stochastic_n': 62, 'stochastic_d': 2, 'stochastic_lower': 32, 'stochastic_upper': 57, 'en_mfi': True, 'mfi_n': 8, 'mfi_lower': 12, 'mfi_upper': 80, 'en_bollinger': True, 'bollinger_n': 30, 'bollinger_k': 2.0, 'en_adx': False, 'adx_n': 91, 'adx_threshold': 35, 'en_structure_trend': False, 'structure_trend_swing_l': 2, 'en_order_block': False, 'order_block_swing_l': 1, 'en_fvg': False, 'fvg_lookback': 35, 'en_ifvg': True, 'en_breaker': False, 'breaker_swing_l': 10, 'en_cisd': True, 'k': 3, 'en_cap_bars': True, 'cap_1min': 1201}.
[I 2026-07-13 14:56:49,266] Trial 3822 pruned. 
[I 2026-07-13 14:56:49,622] Trial 3823 finished with values: [-1573.4380348104971, -2309.19132223839, 55.8] and parameters: {'sl_soft': 0.06917576547684445, 'sl_hard_delta': 0.01242174930966288, 'tp': 0.05080829715665928, 'gate_pct': 98.58299891691806, 'dd_limit': 3.2180873254465436, 'cooldown': 1, 'flip': False, 'en_ema_trend': True, 'ema_trend_fast': 279, 'ema_trend_slow': 182, 'en_sma_trend': True, 'sma_trend_fast': 136, 'sma_trend_slow': 67, 'en_macd': False, 'macd_fast': 18, 'macd_slow': 74, 'macd_signal': 65, 'en_vwap': False, 'en_keltner': True, 'keltner_n': 131, 'keltner_m': 2.8000000000000003, 'en_obv': False, 'obv_slope': 179, 'en_cci': True, 'cci_n': 100, 'cci_threshold': 85, 'en_rsi': True, 'rsi_n': 71, 'rsi_lower': 47, 'rsi_upper': 58, 'en_stochastic': False, 'stochastic_n': 82, 'stochastic_d': 17, 'stochastic_lower': 14, 'stochastic_upper': 98, 'en_mfi': True, 'mfi_n': 22, 'mfi_lower': 45, 'mfi_upper': 97, 'en_bollinger': False, 'bollinger_n': 7, 'bollinger_k': 2.0, 'en_adx': False, 'adx_n': 91, 'adx_threshold': 44, 'en_structure_trend': False, 'structure_trend_swing_l': 20, 'en_order_block': True, 'order_block_swing_l': 3, 'en_fvg': False, 'fvg_lookback': 26, 'en_ifvg': True, 'en_breaker': True, 'breaker_swing_l': 12, 'en_cisd': False, 'k': 2, 'en_cap_bars': True, 'cap_1min': 1343}.
[I 2026-07-13 14:56:50,356] Trial 3824 finished with values: [3638.8386264816836, -7432.2185044594835, 36.55] and parameters: {'sl_soft': 0.05035573196257478, 'sl_hard_delta': 0.039849065565949165, 'tp': 0.20741590457257697, 'gate_pct': 94.62373247947275, 'dd_limit': 0.7627381108845042, 'cooldown': 0, 'flip': False, 'en_ema_trend': False, 'ema_trend_fast': 197, 'ema_trend_slow': 157, 'en_sma_trend': True, 'sma_trend_fast': 360, 'sma_trend_slow': 35, 'en_macd': False, 'macd_fast': 10, 'macd_slow': 3, 'macd_signal': 52, 'en_vwap': False, 'en_keltner': True, 'keltner_n': 123, 'keltner_m': 3.5, 'en_obv': True, 'obv_slope': 179, 'en_cci': True, 'cci_n': 166, 'cci_threshold': 300, 'en_rsi': False, 'rsi_n': 100, 'rsi_lower': 1, 'rsi_upper': 58, 'en_stochastic': False, 'stochastic_n': 62, 'stochastic_d': 34, 'stochastic_lower': 40, 'stochastic_upper': 98, 'en_mfi': False, 'mfi_n': 33, 'mfi_lower': 29, 'mfi_upper': 68, 'en_bollinger': True, 'bollinger_n': 2, 'bollinger_k': 2.7, 'en_adx': False, 'adx_n': 35, 'adx_threshold': 13, 'en_structure_trend': True, 'structure_trend_swing_l': 9, 'en_order_block': True, 'order_block_swing_l': 13, 'en_fvg': False, 'fvg_lookback': 35, 'en_ifvg': True, 'en_breaker': True, 'breaker_swing_l': 6, 'en_cisd': True, 'k': 3, 'en_cap_bars': True, 'cap_1min': 508}.
[I 2026-07-13 14:56:53,211] Trial 3825 finished with values: [-602.9481496956461, -13715.443174338734, 23.1] and parameters: {'sl_soft': 0.041819685424319256, 'sl_hard_delta': 0.052716452395929286, 'tp': 0.22717864419781153, 'gate_pct': 94.70821660915905, 'dd_limit': 0.7627381108845042, 'cooldown': 0, 'flip': False, 'en_ema_trend': False, 'ema_trend_fast': 213, 'ema_trend_slow': 304, 'en_sma_trend': True, 'sma_trend_fast': 360, 'sma_trend_slow': 35, 'en_macd': False, 'macd_fast': 64, 'macd_slow': 41, 'macd_signal': 18, 'en_vwap': True, 'en_keltner': True, 'keltner_n': 123, 'keltner_m': 3.8000000000000003, 'en_obv': True, 'obv_slope': 26, 'en_cci': True, 'cci_n': 172, 'cci_threshold': 155, 'en_rsi': False, 'rsi_n': 100, 'rsi_lower': 2, 'rsi_upper': 57, 'en_stochastic': False, 'stochastic_n': 62, 'stochastic_d': 17, 'stochastic_lower': 13, 'stochastic_upper': 57, 'en_mfi': True, 'mfi_n': 8, 'mfi_lower': 28, 'mfi_upper': 68, 'en_bollinger': True, 'bollinger_n': 192, 'bollinger_k': 2.7, 'en_adx': False, 'adx_n': 8, 'adx_threshold': 9, 'en_structure_trend': False, 'structure_trend_swing_l': 11, 'en_order_block': True, 'order_block_swing_l': 16, 'en_fvg': False, 'fvg_lookback': 35, 'en_ifvg': False, 'en_breaker': True, 'breaker_swing_l': 10, 'en_cisd': True, 'k': 3, 'en_cap_bars': True, 'cap_1min': 508}.
[I 2026-07-13 14:56:53,853] Trial 3826 finished with values: [1131.888836191823, -10488.700651166526, 65.25] and parameters: {'sl_soft': 0.1790260279200085, 'sl_hard_delta': 0.052716452395929286, 'tp': 0.14985592681603982, 'gate_pct': 94.70821660915905, 'dd_limit': 9.049701546507107, 'cooldown': 1, 'flip': False, 'en_ema_trend': False, 'ema_trend_fast': 218, 'ema_trend_slow': 64, 'en_sma_trend': True, 'sma_trend_fast': 345, 'sma_trend_slow': 290, 'en_macd': False, 'macd_fast': 56, 'macd_slow': 200, 'macd_signal': 6, 'en_vwap': True, 'en_keltner': True, 'keltner_n': 93, 'keltner_m': 3.3000000000000003, 'en_obv': False, 'obv_slope': 162, 'en_cci': True, 'cci_n': 51, 'cci_threshold': 130, 'en_rsi': False, 'rsi_n': 5, 'rsi_lower': 32, 'rsi_upper': 89, 'en_stochastic': False, 'stochastic_n': 50, 'stochastic_d': 11, 'stochastic_lower': 20, 'stochastic_upper': 93, 'en_mfi': False, 'mfi_n': 43, 'mfi_lower': 32, 'mfi_upper': 67, 'en_bollinger': False, 'bollinger_n': 155, 'bollinger_k': 3.8000000000000003, 'en_adx': False, 'adx_n': 7, 'adx_threshold': 57, 'en_structure_trend': False, 'structure_trend_swing_l': 18, 'en_order_block': True, 'order_block_swing_l': 1, 'en_fvg': False, 'fvg_lookback': 26, 'en_ifvg': True, 'en_breaker': True, 'breaker_swing_l': 1, 'en_cisd': False, 'k': 4, 'en_cap_bars': True, 'cap_1min': 655}.
[I 2026-07-13 14:56:54,158] Trial 3827 finished with values: [1301.6617996566106, -9627.83218755554, 60.0] and parameters: {'sl_soft': 0.1790260279200085, 'sl_hard_delta': 0.00876098418566521, 'tp': 0.18097325261219258, 'gate_pct': 94.70821660915905, 'dd_limit': 0.7627381108845042, 'cooldown': 1, 'flip': False, 'en_ema_trend': False, 'ema_trend_fast': 197, 'ema_trend_slow': 304, 'en_sma_trend': False, 'sma_trend_fast': 250, 'sma_trend_slow': 290, 'en_macd': False, 'macd_fast': 56, 'macd_slow': 200, 'macd_signal': 82, 'en_vwap': True, 'en_keltner': False, 'keltner_n': 93, 'keltner_m': 3.3000000000000003, 'en_obv': False, 'obv_slope': 162, 'en_cci': True, 'cci_n': 51, 'cci_threshold': 300, 'en_rsi': False, 'rsi_n': 5, 'rsi_lower': 32, 'rsi_upper': 89, 'en_stochastic': False, 'stochastic_n': 50, 'stochastic_d': 2, 'stochastic_lower': 40, 'stochastic_upper': 93, 'en_mfi': False, 'mfi_n': 43, 'mfi_lower': 44, 'mfi_upper': 67, 'en_bollinger': False, 'bollinger_n': 155, 'bollinger_k': 0.5, 'en_adx': False, 'adx_n': 35, 'adx_threshold': 57, 'en_structure_trend': False, 'structure_trend_swing_l': 1, 'en_order_block': True, 'order_block_swing_l': 1, 'en_fvg': True, 'fvg_lookback': 26, 'en_ifvg': True, 'en_breaker': True, 'breaker_swing_l': 1, 'en_cisd': False, 'k': 4, 'en_cap_bars': True, 'cap_1min': 508}.
[I 2026-07-13 14:56:55,686] Trial 3828 finished with values: [1707.1009590031847, -15193.371472711617, 64.8] and parameters: {'sl_soft': 0.19207751714688032, 'sl_hard_delta': 0.052716452395929286, 'tp': 0.14985592681603982, 'gate_pct': 96.65475725098474, 'dd_limit': 5.937758572987326, 'cooldown': 0, 'flip': False, 'en_ema_trend': False, 'ema_trend_fast': 169, 'ema_trend_slow': 182, 'en_sma_trend': True, 'sma_trend_fast': 81, 'sma_trend_slow': 336, 'en_macd': True, 'macd_fast': 81, 'macd_slow': 3, 'macd_signal': 52, 'en_vwap': True, 'en_keltner': True, 'keltner_n': 122, 'keltner_m': 3.1, 'en_obv': True, 'obv_slope': 26, 'en_cci': True, 'cci_n': 172, 'cci_threshold': 145, 'en_rsi': False, 'rsi_n': 81, 'rsi_lower': 32, 'rsi_upper': 58, 'en_stochastic': False, 'stochastic_n': 82, 'stochastic_d': 17, 'stochastic_lower': 20, 'stochastic_upper': 66, 'en_mfi': False, 'mfi_n': 8, 'mfi_lower': 38, 'mfi_upper': 80, 'en_bollinger': False, 'bollinger_n': 155, 'bollinger_k': 3.8000000000000003, 'en_adx': False, 'adx_n': 50, 'adx_threshold': 47, 'en_structure_trend': False, 'structure_trend_swing_l': 18, 'en_order_block': True, 'order_block_swing_l': 16, 'en_fvg': True, 'fvg_lookback': 32, 'en_ifvg': True, 'en_breaker': False, 'breaker_swing_l': 10, 'en_cisd': True, 'k': 4, 'en_cap_bars': True, 'cap_1min': 1399}.
[I 2026-07-13 14:57:01,317] Trial 3829 finished with values: [19.295185500442244, -9091.887211861405, 58.25] and parameters: {'sl_soft': 0.17491634964497305, 'sl_hard_delta': 0.02259573315906837, 'tp': 0.14985592681603982, 'gate_pct': 97.66578486655469, 'dd_limit': 7.573309416194954, 'cooldown': 0, 'flip': False, 'en_ema_trend': False, 'ema_trend_fast': 157, 'ema_trend_slow': 157, 'en_sma_trend': True, 'sma_trend_fast': 313, 'sma_trend_slow': 336, 'en_macd': False, 'macd_fast': 81, 'macd_slow': 3, 'macd_signal': 6, 'en_vwap': False, 'en_keltner': True, 'keltner_n': 123, 'keltner_m': 3.1, 'en_obv': True, 'obv_slope': 179, 'en_cci': True, 'cci_n': 166, 'cci_threshold': 145, 'en_rsi': False, 'rsi_n': 81, 'rsi_lower': 1, 'rsi_upper': 58, 'en_stochastic': True, 'stochastic_n': 62, 'stochastic_d': 34, 'stochastic_lower': 20, 'stochastic_upper': 98, 'en_mfi': False, 'mfi_n': 14, 'mfi_lower': 29, 'mfi_upper': 80, 'en_bollinger': True, 'bollinger_n': 2, 'bollinger_k': 2.0, 'en_adx': False, 'adx_n': 39, 'adx_threshold': 13, 'en_structure_trend': True, 'structure_trend_swing_l': 9, 'en_order_block': False, 'order_block_swing_l': 5, 'en_fvg': True, 'fvg_lookback': 22, 'en_ifvg': True, 'en_breaker': False, 'breaker_swing_l': 8, 'en_cisd': True, 'k': 4, 'en_cap_bars': False, 'cap_1min': 457}.
[I 2026-07-13 14:57:01,788] Trial 3830 finished with values: [-1526.280351082301, -3157.167913498498, 24.55] and parameters: {'sl_soft': 0.05035573196257478, 'sl_hard_delta': 0.039849065565949165, 'tp': 0.22717864419781153, 'gate_pct': 99.43810192295578, 'dd_limit': 0.7627381108845042, 'cooldown': 5, 'flip': False, 'en_ema_trend': False, 'ema_trend_fast': 197, 'ema_trend_slow': 157, 'en_sma_trend': False, 'sma_trend_fast': 360, 'sma_trend_slow': 35, 'en_macd': False, 'macd_fast': 10, 'macd_slow': 41, 'macd_signal': 18, 'en_vwap': True, 'en_keltner': True, 'keltner_n': 123, 'keltner_m': 3.5, 'en_obv': True, 'obv_slope': 25, 'en_cci': False, 'cci_n': 54, 'cci_threshold': 300, 'en_rsi': False, 'rsi_n': 100, 'rsi_lower': 1, 'rsi_upper': 87, 'en_stochastic': False, 'stochastic_n': 62, 'stochastic_d': 2, 'stochastic_lower': 40, 'stochastic_upper': 57, 'en_mfi': False, 'mfi_n': 14, 'mfi_lower': 44, 'mfi_upper': 68, 'en_bollinger': True, 'bollinger_n': 2, 'bollinger_k': 2.7, 'en_adx': False, 'adx_n': 35, 'adx_threshold': 35, 'en_structure_trend': True, 'structure_trend_swing_l': 9, 'en_order_block': True, 'order_block_swing_l': 5, 'en_fvg': False, 'fvg_lookback': 24, 'en_ifvg': False, 'en_breaker': True, 'breaker_swing_l': 7, 'en_cisd': False, 'k': 4, 'en_cap_bars': False, 'cap_1min': 591}.
[I 2026-07-13 14:57:02,499] Trial 3831 finished with values: [920.0195905412834, -3796.900431378702, 29.299999999999997] and parameters: {'sl_soft': 0.041819685424319256, 'sl_hard_delta': 0.01242174930966288, 'tp': 0.20741590457257697, 'gate_pct': 98.58299891691806, 'dd_limit': 3.2180873254465436, 'cooldown': 2, 'flip': False, 'en_ema_trend': False, 'ema_trend_fast': 213, 'ema_trend_slow': 182, 'en_sma_trend': True, 'sma_trend_fast': 313, 'sma_trend_slow': 336, 'en_macd': False, 'macd_fast': 55, 'macd_slow': 3, 'macd_signal': 52, 'en_vwap': False, 'en_keltner': True, 'keltner_n': 123, 'keltner_m': 3.1, 'en_obv': False, 'obv_slope': 179, 'en_cci': True, 'cci_n': 100, 'cci_threshold': 225, 'en_rsi': True, 'rsi_n': 72, 'rsi_lower': 47, 'rsi_upper': 58, 'en_stochastic': False, 'stochastic_n': 62, 'stochastic_d': 17, 'stochastic_lower': 20, 'stochastic_upper': 98, 'en_mfi': False, 'mfi_n': 14, 'mfi_lower': 45, 'mfi_upper': 80, 'en_bollinger': True, 'bollinger_n': 155, 'bollinger_k': 2.0, 'en_adx': False, 'adx_n': 91, 'adx_threshold': 47, 'en_structure_trend': False, 'structure_trend_swing_l': 11, 'en_order_block': True, 'order_block_swing_l': 3, 'en_fvg': True, 'fvg_lookback': 26, 'en_ifvg': True, 'en_breaker': False, 'breaker_swing_l': 12, 'en_cisd': True, 'k': 3, 'en_cap_bars': True, 'cap_1min': 1343}.
[I 2026-07-13 14:57:02,886] Trial 3832 finished with values: [-507.3011928426753, -4299.721677532347, 23.2] and parameters: {'sl_soft': 0.03475243749569609, 'sl_hard_delta': 0.2476078025833433, 'tp': 0.20741590457257697, 'gate_pct': 97.66578486655469, 'dd_limit': 0.7627381108845042, 'cooldown': 2, 'flip': True, 'en_ema_trend': False, 'ema_trend_fast': 342, 'ema_trend_slow': 182, 'en_sma_trend': True, 'sma_trend_fast': 198, 'sma_trend_slow': 319, 'en_macd': True, 'macd_fast': 10, 'macd_slow': 114, 'macd_signal': 61, 'en_vwap': True, 'en_keltner': True, 'keltner_n': 135, 'keltner_m': 3.1, 'en_obv': True, 'obv_slope': 179, 'en_cci': True, 'cci_n': 134, 'cci_threshold': 145, 'en_rsi': False, 'rsi_n': 95, 'rsi_lower': 31, 'rsi_upper': 88, 'en_stochastic': False, 'stochastic_n': 78, 'stochastic_d': 2, 'stochastic_lower': 40, 'stochastic_upper': 78, 'en_mfi': True, 'mfi_n': 8, 'mfi_lower': 29, 'mfi_upper': 80, 'en_bollinger': True, 'bollinger_n': 155, 'bollinger_k': 2.0, 'en_adx': False, 'adx_n': 91, 'adx_threshold': 47, 'en_structure_trend': False, 'structure_trend_swing_l': 12, 'en_order_block': False, 'order_block_swing_l': 16, 'en_fvg': False, 'fvg_lookback': 19, 'en_ifvg': True, 'en_breaker': False, 'breaker_swing_l': 8, 'en_cisd': True, 'k': 3, 'en_cap_bars': True, 'cap_1min': 591}.
[I 2026-07-13 14:57:03,121] Trial 3833 pruned. 
