[I 2026-07-13 14:54:52,709] Trial 3729 finished with values: [-993.2210602563354, -3516.892245066784, 18.75] and parameters: {'sl_soft': 0.041819685424319256, 'sl_hard_delta': 0.052716452395929286, 'tp': 0.20741590457257697, 'gate_pct': 97.66578486655469, 'dd_limit': 5.937758572987326, 'cooldown': 2, 'flip': False, 'en_ema_trend': False, 'ema_trend_fast': 213, 'ema_trend_slow': 182, 'en_sma_trend': True, 'sma_trend_fast': 313, 'sma_trend_slow': 336, 'en_macd': False, 'macd_fast': 25, 'macd_slow': 3, 'macd_signal': 32, 'en_vwap': True, 'en_keltner': True, 'keltner_n': 33, 'keltner_m': 3.1, 'en_obv': True, 'obv_slope': 26, 'en_cci': True, 'cci_n': 172, 'cci_threshold': 130, 'en_rsi': True, 'rsi_n': 72, 'rsi_lower': 47, 'rsi_upper': 58, 'en_stochastic': False, 'stochastic_n': 82, 'stochastic_d': 17, 'stochastic_lower': 20, 'stochastic_upper': 66, 'en_mfi': False, 'mfi_n': 14, 'mfi_lower': 29, 'mfi_upper': 78, 'en_bollinger': True, 'bollinger_n': 155, 'bollinger_k': 3.8000000000000003, 'en_adx': False, 'adx_n': 5, 'adx_threshold': 47, 'en_structure_trend': False, 'structure_trend_swing_l': 18, 'en_order_block': True, 'order_block_swing_l': 16, 'en_fvg': True, 'fvg_lookback': 22, 'en_ifvg': True, 'en_breaker': False, 'breaker_swing_l': 10, 'en_cisd': True, 'k': 4, 'en_cap_bars': True, 'cap_1min': 878}.
[I 2026-07-13 14:54:53,043] Trial 3730 finished with values: [-621.4413387312411, -3432.167913498248, 27.450000000000003] and parameters: {'sl_soft': 0.05035573196257478, 'sl_hard_delta': 0.039849065565949165, 'tp': 0.20741590457257697, 'gate_pct': 99.43810192295578, 'dd_limit': 2.4528084273798805, 'cooldown': 5, 'flip': False, 'en_ema_trend': False, 'ema_trend_fast': 342, 'ema_trend_slow': 157, 'en_sma_trend': True, 'sma_trend_fast': 198, 'sma_trend_slow': 319, 'en_macd': False, 'macd_fast': 10, 'macd_slow': 114, 'macd_signal': 52, 'en_vwap': False, 'en_keltner': True, 'keltner_n': 135, 'keltner_m': 1.0, 'en_obv': True, 'obv_slope': 179, 'en_cci': True, 'cci_n': 134, 'cci_threshold': 250, 'en_rsi': False, 'rsi_n': 14, 'rsi_lower': 1, 'rsi_upper': 58, 'en_stochastic': False, 'stochastic_n': 62, 'stochastic_d': 34, 'stochastic_lower': 32, 'stochastic_upper': 99, 'en_mfi': False, 'mfi_n': 14, 'mfi_lower': 29, 'mfi_upper': 80, 'en_bollinger': True, 'bollinger_n': 2, 'bollinger_k': 2.0, 'en_adx': False, 'adx_n': 22, 'adx_threshold': 13, 'en_structure_trend': False, 'structure_trend_swing_l': 12, 'en_order_block': True, 'order_block_swing_l': 5, 'en_fvg': True, 'fvg_lookback': 45, 'en_ifvg': True, 'en_breaker': True, 'breaker_swing_l': 2, 'en_cisd': True, 'k': 4, 'en_cap_bars': True, 'cap_1min': 878}.
[I 2026-07-13 14:54:54,598] Trial 3731 finished with values: [-490.4576832874064, -4083.704139315143, 28.25] and parameters: {'sl_soft': 0.05035573196257478, 'sl_hard_delta': 0.039849065565949165, 'tp': 0.22717864419781153, 'gate_pct': 97.66578486655469, 'dd_limit': 0.7627381108845042, 'cooldown': 1, 'flip': True, 'en_ema_trend': False, 'ema_trend_fast': 200, 'ema_trend_slow': 304, 'en_sma_trend': False, 'sma_trend_fast': 360, 'sma_trend_slow': 187, 'en_macd': True, 'macd_fast': 81, 'macd_slow': 41, 'macd_signal': 76, 'en_vwap': False, 'en_keltner': True, 'keltner_n': 48, 'keltner_m': 3.5, 'en_obv': True, 'obv_slope': 179, 'en_cci': False, 'cci_n': 156, 'cci_threshold': 145, 'en_rsi': False, 'rsi_n': 81, 'rsi_lower': 3, 'rsi_upper': 87, 'en_stochastic': False, 'stochastic_n': 81, 'stochastic_d': 17, 'stochastic_lower': 32, 'stochastic_upper': 57, 'en_mfi': True, 'mfi_n': 8, 'mfi_lower': 44, 'mfi_upper': 68, 'en_bollinger': False, 'bollinger_n': 30, 'bollinger_k': 2.0, 'en_adx': False, 'adx_n': 91, 'adx_threshold': 36, 'en_structure_trend': False, 'structure_trend_swing_l': 2, 'en_order_block': False, 'order_block_swing_l': 1, 'en_fvg': False, 'fvg_lookback': 15, 'en_ifvg': True, 'en_breaker': True, 'breaker_swing_l': 10, 'en_cisd': True, 'k': 3, 'en_cap_bars': True, 'cap_1min': 508}.
[I 2026-07-13 14:54:57,104] Trial 3732 finished with values: [-354.1751259648863, -20632.41384958438, 28.299999999999997] and parameters: {'sl_soft': 0.041819685424319256, 'sl_hard_delta': 0.2567649302278256, 'tp': 0.27261856423057984, 'gate_pct': 98.58299891691806, 'dd_limit': 3.2180873254465436, 'cooldown': 0, 'flip': False, 'en_ema_trend': True, 'ema_trend_fast': 283, 'ema_trend_slow': 182, 'en_sma_trend': False, 'sma_trend_fast': 136, 'sma_trend_slow': 377, 'en_macd': True, 'macd_fast': 20, 'macd_slow': 74, 'macd_signal': 76, 'en_vwap': False, 'en_keltner': False, 'keltner_n': 48, 'keltner_m': 3.1, 'en_obv': True, 'obv_slope': 18, 'en_cci': False, 'cci_n': 34, 'cci_threshold': 85, 'en_rsi': True, 'rsi_n': 81, 'rsi_lower': 34, 'rsi_upper': 64, 'en_stochastic': False, 'stochastic_n': 78, 'stochastic_d': 32, 'stochastic_lower': 32, 'stochastic_upper': 98, 'en_mfi': True, 'mfi_n': 22, 'mfi_lower': 12, 'mfi_upper': 97, 'en_bollinger': True, 'bollinger_n': 30, 'bollinger_k': 2.0, 'en_adx': False, 'adx_n': 59, 'adx_threshold': 44, 'en_structure_trend': True, 'structure_trend_swing_l': 13, 'en_order_block': True, 'order_block_swing_l': 6, 'en_fvg': False, 'fvg_lookback': 15, 'en_ifvg': True, 'en_breaker': False, 'breaker_swing_l': 10, 'en_cisd': True, 'k': 3, 'en_cap_bars': True, 'cap_1min': 1343}.
[I 2026-07-13 14:54:57,836] Trial 3733 finished with values: [-5.403372753498729, -8393.432266272997, 30.8] and parameters: {'sl_soft': 0.05035573196257478, 'sl_hard_delta': 0.039849065565949165, 'tp': 0.22717864419781153, 'gate_pct': 97.28704165170988, 'dd_limit': 0.23735305616742414, 'cooldown': 1, 'flip': False, 'en_ema_trend': False, 'ema_trend_fast': 206, 'ema_trend_slow': 304, 'en_sma_trend': False, 'sma_trend_fast': 32, 'sma_trend_slow': 35, 'en_macd': False, 'macd_fast': 80, 'macd_slow': 144, 'macd_signal': 74, 'en_vwap': True, 'en_keltner': True, 'keltner_n': 123, 'keltner_m': 3.5, 'en_obv': False, 'obv_slope': 25, 'en_cci': True, 'cci_n': 172, 'cci_threshold': 130, 'en_rsi': False, 'rsi_n': 14, 'rsi_lower': 25, 'rsi_upper': 81, 'en_stochastic': False, 'stochastic_n': 89, 'stochastic_d': 32, 'stochastic_lower': 40, 'stochastic_upper': 57, 'en_mfi': True, 'mfi_n': 14, 'mfi_lower': 44, 'mfi_upper': 79, 'en_bollinger': False, 'bollinger_n': 197, 'bollinger_k': 2.7, 'en_adx': False, 'adx_n': 64, 'adx_threshold': 13, 'en_structure_trend': True, 'structure_trend_swing_l': 2, 'en_order_block': False, 'order_block_swing_l': 5, 'en_fvg': False, 'fvg_lookback': 35, 'en_ifvg': False, 'en_breaker': False, 'breaker_swing_l': 8, 'en_cisd': False, 'k': 4, 'en_cap_bars': True, 'cap_1min': 483}.
[I 2026-07-13 14:54:58,176] Trial 3734 finished with values: [421.2756331271365, -2439.9378696627136, 44.2] and parameters: {'sl_soft': 0.06917576547684445, 'sl_hard_delta': 0.01242174930966288, 'tp': 0.1072053900187098, 'gate_pct': 97.66578486655469, 'dd_limit': 0.7627381108845042, 'cooldown': 1, 'flip': True, 'en_ema_trend': False, 'ema_trend_fast': 342, 'ema_trend_slow': 182, 'en_sma_trend': True, 'sma_trend_fast': 198, 'sma_trend_slow': 377, 'en_macd': True, 'macd_fast': 10, 'macd_slow': 74, 'macd_signal': 74, 'en_vwap': False, 'en_keltner': True, 'keltner_n': 131, 'keltner_m': 3.1, 'en_obv': False, 'obv_slope': 179, 'en_cci': True, 'cci_n': 134, 'cci_threshold': 85, 'en_rsi': True, 'rsi_n': 95, 'rsi_lower': 31, 'rsi_upper': 88, 'en_stochastic': False, 'stochastic_n': 78, 'stochastic_d': 2, 'stochastic_lower': 40, 'stochastic_upper': 58, 'en_mfi': True, 'mfi_n': 22, 'mfi_lower': 29, 'mfi_upper': 80, 'en_bollinger': False, 'bollinger_n': 165, 'bollinger_k': 1.3, 'en_adx': False, 'adx_n': 91, 'adx_threshold': 44, 'en_structure_trend': True, 'structure_trend_swing_l': 20, 'en_order_block': False, 'order_block_swing_l': 6, 'en_fvg': True, 'fvg_lookback': 37, 'en_ifvg': True, 'en_breaker': False, 'breaker_swing_l': 12, 'en_cisd': True, 'k': 3, 'en_cap_bars': True, 'cap_1min': 591}.
[I 2026-07-13 14:55:03,335] Trial 3735 finished with values: [693.8768896818368, -2000.7203659198326, 62.35] and parameters: {'sl_soft': 0.17491634964497305, 'sl_hard_delta': 0.2567649302278256, 'tp': 0.14985592681603982, 'gate_pct': 97.66578486655469, 'dd_limit': 7.573309416194954, 'cooldown': 0, 'flip': False, 'en_ema_trend': False, 'ema_trend_fast': 169, 'ema_trend_slow': 100, 'en_sma_trend': True, 'sma_trend_fast': 81, 'sma_trend_slow': 336, 'en_macd': False, 'macd_fast': 81, 'macd_slow': 125, 'macd_signal': 6, 'en_vwap': False, 'en_keltner': True, 'keltner_n': 33, 'keltner_m': 3.1, 'en_obv': True, 'obv_slope': 179, 'en_cci': False, 'cci_n': 172, 'cci_threshold': 130, 'en_rsi': False, 'rsi_n': 81, 'rsi_lower': 3, 'rsi_upper': 52, 'en_stochastic': True, 'stochastic_n': 81, 'stochastic_d': 17, 'stochastic_lower': 20, 'stochastic_upper': 66, 'en_mfi': False, 'mfi_n': 8, 'mfi_lower': 38, 'mfi_upper': 78, 'en_bollinger': True, 'bollinger_n': 2, 'bollinger_k': 2.0, 'en_adx': False, 'adx_n': 39, 'adx_threshold': 13, 'en_structure_trend': True, 'structure_trend_swing_l': 18, 'en_order_block': False, 'order_block_swing_l': 5, 'en_fvg': True, 'fvg_lookback': 22, 'en_ifvg': True, 'en_breaker': False, 'breaker_swing_l': 7, 'en_cisd': False, 'k': 4, 'en_cap_bars': True, 'cap_1min': 1201}.
[I 2026-07-13 14:55:03,626] Trial 3736 finished with values: [874.874815506955, -11983.403386483682, 42.6] and parameters: {'sl_soft': 0.10644993879788506, 'sl_hard_delta': 0.039849065565949165, 'tp': 0.20741590457257697, 'gate_pct': 99.43810192295578, 'dd_limit': 5.937758572987326, 'cooldown': 0, 'flip': False, 'en_ema_trend': False, 'ema_trend_fast': 157, 'ema_trend_slow': 157, 'en_sma_trend': True, 'sma_trend_fast': 81, 'sma_trend_slow': 213, 'en_macd': False, 'macd_fast': 55, 'macd_slow': 125, 'macd_signal': 52, 'en_vwap': False, 'en_keltner': True, 'keltner_n': 33, 'keltner_m': 1.0, 'en_obv': True, 'obv_slope': 26, 'en_cci': True, 'cci_n': 4, 'cci_threshold': 130, 'en_rsi': False, 'rsi_n': 14, 'rsi_lower': 1, 'rsi_upper': 58, 'en_stochastic': False, 'stochastic_n': 89, 'stochastic_d': 34, 'stochastic_lower': 31, 'stochastic_upper': 99, 'en_mfi': False, 'mfi_n': 14, 'mfi_lower': 29, 'mfi_upper': 78, 'en_bollinger': True, 'bollinger_n': 2, 'bollinger_k': 3.8000000000000003, 'en_adx': False, 'adx_n': 17, 'adx_threshold': 13, 'en_structure_trend': True, 'structure_trend_swing_l': 18, 'en_order_block': True, 'order_block_swing_l': 5, 'en_fvg': False, 'fvg_lookback': 22, 'en_ifvg': True, 'en_breaker': True, 'breaker_swing_l': 7, 'en_cisd': True, 'k': 4, 'en_cap_bars': False, 'cap_1min': 457}.
[I 2026-07-13 14:55:03,887] Trial 3737 finished with values: [-243.64664512336174, -13457.569248316293, 44.45] and parameters: {'sl_soft': 0.10644993879788506, 'sl_hard_delta': 0.039849065565949165, 'tp': 0.14985592681603982, 'gate_pct': 99.43810192295578, 'dd_limit': 5.937758572987326, 'cooldown': 1, 'flip': False, 'en_ema_trend': False, 'ema_trend_fast': 157, 'ema_trend_slow': 100, 'en_sma_trend': True, 'sma_trend_fast': 81, 'sma_trend_slow': 319, 'en_macd': False, 'macd_fast': 55, 'macd_slow': 125, 'macd_signal': 52, 'en_vwap': False, 'en_keltner': True, 'keltner_n': 33, 'keltner_m': 1.0, 'en_obv': True, 'obv_slope': 179, 'en_cci': True, 'cci_n': 172, 'cci_threshold': 145, 'en_rsi': False, 'rsi_n': 72, 'rsi_lower': 1, 'rsi_upper': 58, 'en_stochastic': False, 'stochastic_n': 89, 'stochastic_d': 25, 'stochastic_lower': 20, 'stochastic_upper': 98, 'en_mfi': False, 'mfi_n': 14, 'mfi_lower': 19, 'mfi_upper': 80, 'en_bollinger': True, 'bollinger_n': 2, 'bollinger_k': 2.0, 'en_adx': False, 'adx_n': 17, 'adx_threshold': 13, 'en_structure_trend': True, 'structure_trend_swing_l': 18, 'en_order_block': False, 'order_block_swing_l': 5, 'en_fvg': True, 'fvg_lookback': 22, 'en_ifvg': True, 'en_breaker': True, 'breaker_swing_l': 17, 'en_cisd': True, 'k': 4, 'en_cap_bars': False, 'cap_1min': 457}.
[I 2026-07-13 14:55:04,603] Trial 3738 pruned. 
[I 2026-07-13 14:55:06,177] Trial 3739 finished with values: [574.8063779532225, -8902.080806728987, 55.7] and parameters: {'sl_soft': 0.06917576547684445, 'sl_hard_delta': 0.2476078025833433, 'tp': 0.09923899719717001, 'gate_pct': 98.67302380660169, 'dd_limit': 2.4528084273798805, 'cooldown': 0, 'flip': False, 'en_ema_trend': False, 'ema_trend_fast': 278, 'ema_trend_slow': 182, 'en_sma_trend': False, 'sma_trend_fast': 304, 'sma_trend_slow': 187, 'en_macd': True, 'macd_fast': 18, 'macd_slow': 3, 'macd_signal': 65, 'en_vwap': False, 'en_keltner': True, 'keltner_n': 48, 'keltner_m': 2.8000000000000003, 'en_obv': False, 'obv_slope': 179, 'en_cci': True, 'cci_n': 100, 'cci_threshold': 125, 'en_rsi': True, 'rsi_n': 95, 'rsi_lower': 3, 'rsi_upper': 64, 'en_stochastic': False, 'stochastic_n': 82, 'stochastic_d': 17, 'stochastic_lower': 14, 'stochastic_upper': 98, 'en_mfi': True, 'mfi_n': 8, 'mfi_lower': 29, 'mfi_upper': 80, 'en_bollinger': False, 'bollinger_n': 7, 'bollinger_k': 1.3, 'en_adx': False, 'adx_n': 91, 'adx_threshold': 47, 'en_structure_trend': False, 'structure_trend_swing_l': 20, 'en_order_block': True, 'order_block_swing_l': 6, 'en_fvg': False, 'fvg_lookback': 15, 'en_ifvg': True, 'en_breaker': True, 'breaker_swing_l': 10, 'en_cisd': False, 'k': 3, 'en_cap_bars': True, 'cap_1min': 1243}.
[I 2026-07-13 14:55:10,196] Trial 3740 finished with values: [-705.8921996257436, -3933.8382994387193, 42.45] and parameters: {'sl_soft': 0.03475243749569609, 'sl_hard_delta': 0.2567649302278256, 'tp': 0.1072053900187098, 'gate_pct': 98.58299891691806, 'dd_limit': 3.2180873254465436, 'cooldown': 0, 'flip': False, 'en_ema_trend': False, 'ema_trend_fast': 24, 'ema_trend_slow': 397, 'en_sma_trend': False, 'sma_trend_fast': 198, 'sma_trend_slow': 187, 'en_macd': True, 'macd_fast': 20, 'macd_slow': 3, 'macd_signal': 61, 'en_vwap': False, 'en_keltner': True, 'keltner_n': 48, 'keltner_m': 0.5, 'en_obv': False, 'obv_slope': 129, 'en_cci': False, 'cci_n': 134, 'cci_threshold': 180, 'en_rsi': True, 'rsi_n': 95, 'rsi_lower': 3, 'rsi_upper': 64, 'en_stochastic': False, 'stochastic_n': 61, 'stochastic_d': 17, 'stochastic_lower': 33, 'stochastic_upper': 62, 'en_mfi': True, 'mfi_n': 14, 'mfi_lower': 45, 'mfi_upper': 70, 'en_bollinger': True, 'bollinger_n': 30, 'bollinger_k': 5.0, 'en_adx': False, 'adx_n': 91, 'adx_threshold': 12, 'en_structure_trend': True, 'structure_trend_swing_l': 12, 'en_order_block': True, 'order_block_swing_l': 4, 'en_fvg': False, 'fvg_lookback': 44, 'en_ifvg': True, 'en_breaker': False, 'breaker_swing_l': 11, 'en_cisd': True, 'k': 1, 'en_cap_bars': False, 'cap_1min': 1343}.
[I 2026-07-13 14:55:10,684] Trial 3741 finished with values: [691.3980735396567, -7928.8411631074505, 39.9] and parameters: {'sl_soft': 0.05035573196257478, 'sl_hard_delta': 0.039849065565949165, 'tp': 0.14985592681603982, 'gate_pct': 94.62373247947275, 'dd_limit': 0.7627381108845042, 'cooldown': 1, 'flip': False, 'en_ema_trend': False, 'ema_trend_fast': 197, 'ema_trend_slow': 304, 'en_sma_trend': False, 'sma_trend_fast': 81, 'sma_trend_slow': 35, 'en_macd': True, 'macd_fast': 55, 'macd_slow': 41, 'macd_signal': 6, 'en_vwap': True, 'en_keltner': True, 'keltner_n': 123, 'keltner_m': 3.5, 'en_obv': True, 'obv_slope': 50, 'en_cci': False, 'cci_n': 172, 'cci_threshold': 300, 'en_rsi': False, 'rsi_n': 14, 'rsi_lower': 49, 'rsi_upper': 87, 'en_stochastic': False, 'stochastic_n': 62, 'stochastic_d': 2, 'stochastic_lower': 40, 'stochastic_upper': 57, 'en_mfi': False, 'mfi_n': 14, 'mfi_lower': 15, 'mfi_upper': 68, 'en_bollinger': False, 'bollinger_n': 115, 'bollinger_k': 2.7, 'en_adx': False, 'adx_n': 35, 'adx_threshold': 35, 'en_structure_trend': False, 'structure_trend_swing_l': 2, 'en_order_block': False, 'order_block_swing_l': 13, 'en_fvg': True, 'fvg_lookback': 35, 'en_ifvg': False, 'en_breaker': True, 'breaker_swing_l': 6, 'en_cisd': True, 'k': 2, 'en_cap_bars': True, 'cap_1min': 508}.
[I 2026-07-13 14:55:10,971] Trial 3742 pruned. 
[I 2026-07-13 14:55:11,751] Trial 3743 pruned. 
[I 2026-07-13 14:55:13,484] Trial 3744 pruned. 
[I 2026-07-13 14:55:16,064] Trial 3745 finished with values: [2684.2922614050303, -10399.6863376793, 35.4] and parameters: {'sl_soft': 0.06917576547684445, 'sl_hard_delta': 0.01242174930966288, 'tp': 0.20741590457257697, 'gate_pct': 98.58299891691806, 'dd_limit': 3.2180873254465436, 'cooldown': 0, 'flip': False, 'en_ema_trend': True, 'ema_trend_fast': 157, 'ema_trend_slow': 157, 'en_sma_trend': True, 'sma_trend_fast': 313, 'sma_trend_slow': 319, 'en_macd': False, 'macd_fast': 18, 'macd_slow': 3, 'macd_signal': 52, 'en_vwap': False, 'en_keltner': True, 'keltner_n': 123, 'keltner_m': 2.8000000000000003, 'en_obv': True, 'obv_slope': 179, 'en_cci': True, 'cci_n': 100, 'cci_threshold': 145, 'en_rsi': False, 'rsi_n': 72, 'rsi_lower': 1, 'rsi_upper': 58, 'en_stochastic': False, 'stochastic_n': 62, 'stochastic_d': 34, 'stochastic_lower': 14, 'stochastic_upper': 98, 'en_mfi': False, 'mfi_n': 14, 'mfi_lower': 45, 'mfi_upper': 80, 'en_bollinger': True, 'bollinger_n': 7, 'bollinger_k': 2.0, 'en_adx': False, 'adx_n': 91, 'adx_threshold': 44, 'en_structure_trend': False, 'structure_trend_swing_l': 9, 'en_order_block': True, 'order_block_swing_l': 3, 'en_fvg': False, 'fvg_lookback': 26, 'en_ifvg': True, 'en_breaker': False, 'breaker_swing_l': 12, 'en_cisd': True, 'k': 2, 'en_cap_bars': False, 'cap_1min': 1343}.
[I 2026-07-13 14:55:16,332] Trial 3746 finished with values: [-19.630807214419292, -3340.992440064916, 29.15] and parameters: {'sl_soft': 0.05035573196257478, 'sl_hard_delta': 0.039849065565949165, 'tp': 0.20741590457257697, 'gate_pct': 97.28704165170988, 'dd_limit': 0.7627381108845042, 'cooldown': 2, 'flip': False, 'en_ema_trend': False, 'ema_trend_fast': 342, 'ema_trend_slow': 182, 'en_sma_trend': False, 'sma_trend_fast': 113, 'sma_trend_slow': 319, 'en_macd': True, 'macd_fast': 10, 'macd_slow': 3, 'macd_signal': 52, 'en_vwap': True, 'en_keltner': True, 'keltner_n': 123, 'keltner_m': 3.5, 'en_obv': True, 'obv_slope': 179, 'en_cci': True, 'cci_n': 166, 'cci_threshold': 145, 'en_rsi': False, 'rsi_n': 72, 'rsi_lower': 1, 'rsi_upper': 58, 'en_stochastic': False, 'stochastic_n': 62, 'stochastic_d': 2, 'stochastic_lower': 40, 'stochastic_upper': 98, 'en_mfi': False, 'mfi_n': 8, 'mfi_lower': 29, 'mfi_upper': 80, 'en_bollinger': True, 'bollinger_n': 155, 'bollinger_k': 2.0, 'en_adx': False, 'adx_n': 91, 'adx_threshold': 47, 'en_structure_trend': True, 'structure_trend_swing_l': 9, 'en_order_block': True, 'order_block_swing_l': 16, 'en_fvg': False, 'fvg_lookback': 19, 'en_ifvg': True, 'en_breaker': True, 'breaker_swing_l': 8, 'en_cisd': False, 'k': 3, 'en_cap_bars': False, 'cap_1min': 591}.
[I 2026-07-13 14:55:16,614] Trial 3747 finished with values: [-725.0270539054601, -4421.888165392928, 41.15] and parameters: {'sl_soft': 0.06917576547684445, 'sl_hard_delta': 0.01242174930966288, 'tp': 0.1072053900187098, 'gate_pct': 98.58299891691806, 'dd_limit': 3.2180873254465436, 'cooldown': 1, 'flip': False, 'en_ema_trend': True, 'ema_trend_fast': 279, 'ema_trend_slow': 182, 'en_sma_trend': True, 'sma_trend_fast': 32, 'sma_trend_slow': 67, 'en_macd': False, 'macd_fast': 18, 'macd_slow': 74, 'macd_signal': 65, 'en_vwap': False, 'en_keltner': True, 'keltner_n': 131, 'keltner_m': 2.8000000000000003, 'en_obv': False, 'obv_slope': 179, 'en_cci': True, 'cci_n': 100, 'cci_threshold': 85, 'en_rsi': True, 'rsi_n': 71, 'rsi_lower': 47, 'rsi_upper': 58, 'en_stochastic': False, 'stochastic_n': 82, 'stochastic_d': 17, 'stochastic_lower': 14, 'stochastic_upper': 98, 'en_mfi': True, 'mfi_n': 22, 'mfi_lower': 45, 'mfi_upper': 97, 'en_bollinger': False, 'bollinger_n': 7, 'bollinger_k': 2.0, 'en_adx': False, 'adx_n': 91, 'adx_threshold': 44, 'en_structure_trend': False, 'structure_trend_swing_l': 20, 'en_order_block': True, 'order_block_swing_l': 3, 'en_fvg': False, 'fvg_lookback': 26, 'en_ifvg': True, 'en_breaker': True, 'breaker_swing_l': 12, 'en_cisd': False, 'k': 2, 'en_cap_bars': True, 'cap_1min': 1343}.
[I 2026-07-13 14:55:17,278] Trial 3748 finished with values: [-2004.576052605237, -10431.884223465175, 45.95] and parameters: {'sl_soft': 0.10644993879788506, 'sl_hard_delta': 0.039849065565949165, 'tp': 0.14985592681603982, 'gate_pct': 94.62373247947275, 'dd_limit': 5.937758572987326, 'cooldown': 1, 'flip': False, 'en_ema_trend': False, 'ema_trend_fast': 197, 'ema_trend_slow': 304, 'en_sma_trend': True, 'sma_trend_fast': 360, 'sma_trend_slow': 336, 'en_macd': False, 'macd_fast': 80, 'macd_slow': 125, 'macd_signal': 18, 'en_vwap': True, 'en_keltner': True, 'keltner_n': 123, 'keltner_m': 3.5, 'en_obv': True, 'obv_slope': 69, 'en_cci': False, 'cci_n': 104, 'cci_threshold': 130, 'en_rsi': False, 'rsi_n': 14, 'rsi_lower': 49, 'rsi_upper': 52, 'en_stochastic': False, 'stochastic_n': 89, 'stochastic_d': 25, 'stochastic_lower': 40, 'stochastic_upper': 57, 'en_mfi': True, 'mfi_n': 14, 'mfi_lower': 19, 'mfi_upper': 78, 'en_bollinger': True, 'bollinger_n': 2, 'bollinger_k': 2.7, 'en_adx': False, 'adx_n': 35, 'adx_threshold': 35, 'en_structure_trend': False, 'structure_trend_swing_l': 16, 'en_order_block': False, 'order_block_swing_l': 5, 'en_fvg': False, 'fvg_lookback': 35, 'en_ifvg': True, 'en_breaker': False, 'breaker_swing_l': 7, 'en_cisd': True, 'k': 3, 'en_cap_bars': True, 'cap_1min': 508}.
