[I 2026-07-13 14:56:19,459] Trial 3790 finished with values: [815.972775413928, -21589.389297045534, 60.650000000000006] and parameters: {'sl_soft': 0.1790260279200085, 'sl_hard_delta': 0.052716452395929286, 'tp': 0.14985592681603982, 'gate_pct': 94.62373247947275, 'dd_limit': 0.7627381108845042, 'cooldown': 1, 'flip': False, 'en_ema_trend': False, 'ema_trend_fast': 218, 'ema_trend_slow': 64, 'en_sma_trend': False, 'sma_trend_fast': 360, 'sma_trend_slow': 336, 'en_macd': False, 'macd_fast': 56, 'macd_slow': 41, 'macd_signal': 18, 'en_vwap': True, 'en_keltner': True, 'keltner_n': 145, 'keltner_m': 3.5, 'en_obv': True, 'obv_slope': 26, 'en_cci': True, 'cci_n': 104, 'cci_threshold': 130, 'en_rsi': False, 'rsi_n': 100, 'rsi_lower': 32, 'rsi_upper': 89, 'en_stochastic': False, 'stochastic_n': 62, 'stochastic_d': 11, 'stochastic_lower': 40, 'stochastic_upper': 93, 'en_mfi': False, 'mfi_n': 33, 'mfi_lower': 44, 'mfi_upper': 67, 'en_bollinger': True, 'bollinger_n': 155, 'bollinger_k': 2.7, 'en_adx': False, 'adx_n': 35, 'adx_threshold': 35, 'en_structure_trend': False, 'structure_trend_swing_l': 18, 'en_order_block': False, 'order_block_swing_l': 5, 'en_fvg': False, 'fvg_lookback': 35, 'en_ifvg': False, 'en_breaker': False, 'breaker_swing_l': 6, 'en_cisd': False, 'k': 3, 'en_cap_bars': True, 'cap_1min': 655}.
[I 2026-07-13 14:56:19,687] Trial 3791 finished with values: [3587.7284748310963, -13185.258200835757, 50.900000000000006] and parameters: {'sl_soft': 0.1790260279200085, 'sl_hard_delta': 0.234009729604921, 'tp': 0.30344321187078127, 'gate_pct': 94.70821660915905, 'dd_limit': 7.364744278329123, 'cooldown': 0, 'flip': False, 'en_ema_trend': True, 'ema_trend_fast': 99, 'ema_trend_slow': 64, 'en_sma_trend': False, 'sma_trend_fast': 331, 'sma_trend_slow': 379, 'en_macd': True, 'macd_fast': 38, 'macd_slow': 200, 'macd_signal': 43, 'en_vwap': True, 'en_keltner': False, 'keltner_n': 60, 'keltner_m': 3.8000000000000003, 'en_obv': False, 'obv_slope': 162, 'en_cci': True, 'cci_n': 8, 'cci_threshold': 50, 'en_rsi': False, 'rsi_n': 74, 'rsi_lower': 43, 'rsi_upper': 57, 'en_stochastic': False, 'stochastic_n': 27, 'stochastic_d': 11, 'stochastic_lower': 27, 'stochastic_upper': 94, 'en_mfi': False, 'mfi_n': 42, 'mfi_lower': 28, 'mfi_upper': 83, 'en_bollinger': False, 'bollinger_n': 172, 'bollinger_k': 4.1, 'en_adx': False, 'adx_n': 35, 'adx_threshold': 42, 'en_structure_trend': False, 'structure_trend_swing_l': 1, 'en_order_block': True, 'order_block_swing_l': 4, 'en_fvg': False, 'fvg_lookback': 30, 'en_ifvg': True, 'en_breaker': False, 'breaker_swing_l': 13, 'en_cisd': True, 'k': 1, 'en_cap_bars': True, 'cap_1min': 655}.
[I 2026-07-13 14:56:21,016] Trial 3792 finished with values: [1825.7156007484991, -3766.919149719285, 53.8] and parameters: {'sl_soft': 0.05035573196257478, 'sl_hard_delta': 0.2567649302278256, 'tp': 0.1072053900187098, 'gate_pct': 98.58299891691806, 'dd_limit': 3.2180873254465436, 'cooldown': 0, 'flip': False, 'en_ema_trend': True, 'ema_trend_fast': 157, 'ema_trend_slow': 157, 'en_sma_trend': False, 'sma_trend_fast': 304, 'sma_trend_slow': 187, 'en_macd': True, 'macd_fast': 10, 'macd_slow': 3, 'macd_signal': 74, 'en_vwap': False, 'en_keltner': True, 'keltner_n': 123, 'keltner_m': 1.0, 'en_obv': False, 'obv_slope': 179, 'en_cci': True, 'cci_n': 166, 'cci_threshold': 130, 'en_rsi': True, 'rsi_n': 72, 'rsi_lower': 1, 'rsi_upper': 58, 'en_stochastic': False, 'stochastic_n': 81, 'stochastic_d': 17, 'stochastic_lower': 31, 'stochastic_upper': 99, 'en_mfi': True, 'mfi_n': 8, 'mfi_lower': 45, 'mfi_upper': 80, 'en_bollinger': False, 'bollinger_n': 2, 'bollinger_k': 1.3, 'en_adx': False, 'adx_n': 91, 'adx_threshold': 13, 'en_structure_trend': True, 'structure_trend_swing_l': 20, 'en_order_block': True, 'order_block_swing_l': 6, 'en_fvg': False, 'fvg_lookback': 22, 'en_ifvg': True, 'en_breaker': False, 'breaker_swing_l': 12, 'en_cisd': False, 'k': 3, 'en_cap_bars': True, 'cap_1min': 1343}.
[I 2026-07-13 14:56:21,913] Trial 3793 pruned. 
[I 2026-07-13 14:56:24,224] Trial 3794 pruned. 
[I 2026-07-13 14:56:24,498] Trial 3795 finished with values: [396.86097893177634, -7885.082138537774, 27.849999999999998] and parameters: {'sl_soft': 0.05035573196257478, 'sl_hard_delta': 0.039849065565949165, 'tp': 0.20741590457257697, 'gate_pct': 99.43810192295578, 'dd_limit': 5.937758572987326, 'cooldown': 0, 'flip': True, 'en_ema_trend': False, 'ema_trend_fast': 157, 'ema_trend_slow': 157, 'en_sma_trend': False, 'sma_trend_fast': 81, 'sma_trend_slow': 319, 'en_macd': False, 'macd_fast': 55, 'macd_slow': 41, 'macd_signal': 6, 'en_vwap': True, 'en_keltner': True, 'keltner_n': 123, 'keltner_m': 2.3, 'en_obv': True, 'obv_slope': 50, 'en_cci': False, 'cci_n': 166, 'cci_threshold': 300, 'en_rsi': False, 'rsi_n': 72, 'rsi_lower': 1, 'rsi_upper': 58, 'en_stochastic': False, 'stochastic_n': 62, 'stochastic_d': 34, 'stochastic_lower': 20, 'stochastic_upper': 99, 'en_mfi': False, 'mfi_n': 14, 'mfi_lower': 29, 'mfi_upper': 80, 'en_bollinger': False, 'bollinger_n': 2, 'bollinger_k': 2.7, 'en_adx': False, 'adx_n': 17, 'adx_threshold': 25, 'en_structure_trend': True, 'structure_trend_swing_l': 9, 'en_order_block': False, 'order_block_swing_l': 13, 'en_fvg': True, 'fvg_lookback': 27, 'en_ifvg': True, 'en_breaker': True, 'breaker_swing_l': 7, 'en_cisd': True, 'k': 3, 'en_cap_bars': False, 'cap_1min': 457}.
[I 2026-07-13 14:56:25,161] Trial 3796 pruned. 
[I 2026-07-13 14:56:25,406] Trial 3797 pruned. 
[I 2026-07-13 14:56:26,072] Trial 3798 finished with values: [70.4507278927303, -3369.8860674342513, 41.6] and parameters: {'sl_soft': 0.06917576547684445, 'sl_hard_delta': 0.01242174930966288, 'tp': 0.1072053900187098, 'gate_pct': 98.58299891691806, 'dd_limit': 3.2180873254465436, 'cooldown': 1, 'flip': False, 'en_ema_trend': True, 'ema_trend_fast': 279, 'ema_trend_slow': 182, 'en_sma_trend': True, 'sma_trend_fast': 304, 'sma_trend_slow': 67, 'en_macd': False, 'macd_fast': 18, 'macd_slow': 74, 'macd_signal': 65, 'en_vwap': False, 'en_keltner': True, 'keltner_n': 131, 'keltner_m': 2.8000000000000003, 'en_obv': True, 'obv_slope': 179, 'en_cci': False, 'cci_n': 100, 'cci_threshold': 85, 'en_rsi': False, 'rsi_n': 71, 'rsi_lower': 3, 'rsi_upper': 58, 'en_stochastic': False, 'stochastic_n': 81, 'stochastic_d': 17, 'stochastic_lower': 14, 'stochastic_upper': 98, 'en_mfi': True, 'mfi_n': 22, 'mfi_lower': 45, 'mfi_upper': 53, 'en_bollinger': False, 'bollinger_n': 30, 'bollinger_k': 2.0, 'en_adx': False, 'adx_n': 91, 'adx_threshold': 44, 'en_structure_trend': True, 'structure_trend_swing_l': 20, 'en_order_block': True, 'order_block_swing_l': 3, 'en_fvg': False, 'fvg_lookback': 15, 'en_ifvg': True, 'en_breaker': True, 'breaker_swing_l': 10, 'en_cisd': False, 'k': 3, 'en_cap_bars': True, 'cap_1min': 1343}.
[I 2026-07-13 14:56:27,503] Trial 3799 finished with values: [707.4235438803455, -6062.800089885767, 30.95] and parameters: {'sl_soft': 0.05035573196257478, 'sl_hard_delta': 0.039849065565949165, 'tp': 0.22717864419781153, 'gate_pct': 94.62373247947275, 'dd_limit': 5.937758572987326, 'cooldown': 2, 'flip': False, 'en_ema_trend': False, 'ema_trend_fast': 197, 'ema_trend_slow': 304, 'en_sma_trend': False, 'sma_trend_fast': 313, 'sma_trend_slow': 336, 'en_macd': True, 'macd_fast': 80, 'macd_slow': 3, 'macd_signal': 52, 'en_vwap': True, 'en_keltner': True, 'keltner_n': 123, 'keltner_m': 3.1, 'en_obv': True, 'obv_slope': 26, 'en_cci': False, 'cci_n': 172, 'cci_threshold': 300, 'en_rsi': False, 'rsi_n': 100, 'rsi_lower': 47, 'rsi_upper': 87, 'en_stochastic': False, 'stochastic_n': 82, 'stochastic_d': 17, 'stochastic_lower': 40, 'stochastic_upper': 66, 'en_mfi': True, 'mfi_n': 33, 'mfi_lower': 29, 'mfi_upper': 68, 'en_bollinger': False, 'bollinger_n': 115, 'bollinger_k': 2.7, 'en_adx': False, 'adx_n': 5, 'adx_threshold': 35, 'en_structure_trend': False, 'structure_trend_swing_l': 2, 'en_order_block': True, 'order_block_swing_l': 13, 'en_fvg': False, 'fvg_lookback': 22, 'en_ifvg': True, 'en_breaker': False, 'breaker_swing_l': 6, 'en_cisd': True, 'k': 3, 'en_cap_bars': True, 'cap_1min': 508}.
[I 2026-07-13 14:56:29,291] Trial 3800 finished with values: [4205.212138098072, -32965.53624066931, 58.35] and parameters: {'sl_soft': 0.1790260279200085, 'sl_hard_delta': 0.00876098418566521, 'tp': 0.18097325261219258, 'gate_pct': 94.70821660915905, 'dd_limit': 9.049701546507107, 'cooldown': 0, 'flip': False, 'en_ema_trend': True, 'ema_trend_fast': 99, 'ema_trend_slow': 64, 'en_sma_trend': False, 'sma_trend_fast': 345, 'sma_trend_slow': 290, 'en_macd': True, 'macd_fast': 56, 'macd_slow': 200, 'macd_signal': 43, 'en_vwap': True, 'en_keltner': False, 'keltner_n': 93, 'keltner_m': 3.8000000000000003, 'en_obv': False, 'obv_slope': 162, 'en_cci': True, 'cci_n': 8, 'cci_threshold': 155, 'en_rsi': False, 'rsi_n': 5, 'rsi_lower': 43, 'rsi_upper': 89, 'en_stochastic': False, 'stochastic_n': 50, 'stochastic_d': 11, 'stochastic_lower': 27, 'stochastic_upper': 93, 'en_mfi': False, 'mfi_n': 43, 'mfi_lower': 19, 'mfi_upper': 83, 'en_bollinger': False, 'bollinger_n': 155, 'bollinger_k': 0.5, 'en_adx': False, 'adx_n': 7, 'adx_threshold': 42, 'en_structure_trend': False, 'structure_trend_swing_l': 1, 'en_order_block': True, 'order_block_swing_l': 1, 'en_fvg': True, 'fvg_lookback': 26, 'en_ifvg': False, 'en_breaker': True, 'breaker_swing_l': 13, 'en_cisd': True, 'k': 1, 'en_cap_bars': True, 'cap_1min': 655}.
[I 2026-07-13 14:56:29,967] Trial 3801 pruned. 
[I 2026-07-13 14:56:30,505] Trial 3802 pruned. 
[I 2026-07-13 14:56:33,039] Trial 3803 finished with values: [3589.4429465970393, -12862.851193616782, 74.65] and parameters: {'sl_soft': 0.1790260279200085, 'sl_hard_delta': 0.00876098418566521, 'tp': 0.0973427622064931, 'gate_pct': 94.70821660915905, 'dd_limit': 0.6062953539401272, 'cooldown': 0, 'flip': False, 'en_ema_trend': True, 'ema_trend_fast': 99, 'ema_trend_slow': 105, 'en_sma_trend': False, 'sma_trend_fast': 345, 'sma_trend_slow': 200, 'en_macd': False, 'macd_fast': 70, 'macd_slow': 72, 'macd_signal': 82, 'en_vwap': True, 'en_keltner': True, 'keltner_n': 24, 'keltner_m': 1.3, 'en_obv': True, 'obv_slope': 162, 'en_cci': True, 'cci_n': 142, 'cci_threshold': 155, 'en_rsi': True, 'rsi_n': 93, 'rsi_lower': 32, 'rsi_upper': 66, 'en_stochastic': False, 'stochastic_n': 50, 'stochastic_d': 28, 'stochastic_lower': 2, 'stochastic_upper': 91, 'en_mfi': False, 'mfi_n': 43, 'mfi_lower': 22, 'mfi_upper': 67, 'en_bollinger': False, 'bollinger_n': 149, 'bollinger_k': 2.8000000000000003, 'en_adx': False, 'adx_n': 50, 'adx_threshold': 24, 'en_structure_trend': False, 'structure_trend_swing_l': 1, 'en_order_block': True, 'order_block_swing_l': 11, 'en_fvg': True, 'fvg_lookback': 26, 'en_ifvg': False, 'en_breaker': True, 'breaker_swing_l': 1, 'en_cisd': False, 'k': 4, 'en_cap_bars': True, 'cap_1min': 655}.
[I 2026-07-13 14:56:33,731] Trial 3804 finished with values: [380.959038885447, -5991.774232827182, 45.6] and parameters: {'sl_soft': 0.06917576547684445, 'sl_hard_delta': 0.01242174930966288, 'tp': 0.1072053900187098, 'gate_pct': 98.58299891691806, 'dd_limit': 3.2180873254465436, 'cooldown': 1, 'flip': False, 'en_ema_trend': True, 'ema_trend_fast': 157, 'ema_trend_slow': 157, 'en_sma_trend': True, 'sma_trend_fast': 136, 'sma_trend_slow': 67, 'en_macd': False, 'macd_fast': 18, 'macd_slow': 3, 'macd_signal': 52, 'en_vwap': False, 'en_keltner': True, 'keltner_n': 123, 'keltner_m': 2.8000000000000003, 'en_obv': False, 'obv_slope': 179, 'en_cci': True, 'cci_n': 100, 'cci_threshold': 85, 'en_rsi': False, 'rsi_n': 72, 'rsi_lower': 1, 'rsi_upper': 58, 'en_stochastic': False, 'stochastic_n': 62, 'stochastic_d': 17, 'stochastic_lower': 14, 'stochastic_upper': 98, 'en_mfi': True, 'mfi_n': 22, 'mfi_lower': 45, 'mfi_upper': 80, 'en_bollinger': True, 'bollinger_n': 7, 'bollinger_k': 2.0, 'en_adx': False, 'adx_n': 91, 'adx_threshold': 44, 'en_structure_trend': False, 'structure_trend_swing_l': 20, 'en_order_block': True, 'order_block_swing_l': 3, 'en_fvg': False, 'fvg_lookback': 26, 'en_ifvg': True, 'en_breaker': False, 'breaker_swing_l': 12, 'en_cisd': False, 'k': 2, 'en_cap_bars': False, 'cap_1min': 1343}.
[I 2026-07-13 14:56:34,093] Trial 3805 finished with values: [4176.164419442364, -9302.99477539819, 63.95] and parameters: {'sl_soft': 0.1790260279200085, 'sl_hard_delta': 0.052716452395929286, 'tp': 0.14985592681603982, 'gate_pct': 99.43810192295578, 'dd_limit': 9.049701546507107, 'cooldown': 0, 'flip': False, 'en_ema_trend': False, 'ema_trend_fast': 157, 'ema_trend_slow': 157, 'en_sma_trend': True, 'sma_trend_fast': 81, 'sma_trend_slow': 213, 'en_macd': False, 'macd_fast': 56, 'macd_slow': 200, 'macd_signal': 23, 'en_vwap': False, 'en_keltner': True, 'keltner_n': 33, 'keltner_m': 1.0, 'en_obv': True, 'obv_slope': 26, 'en_cci': True, 'cci_n': 172, 'cci_threshold': 130, 'en_rsi': False, 'rsi_n': 5, 'rsi_lower': 49, 'rsi_upper': 88, 'en_stochastic': False, 'stochastic_n': 89, 'stochastic_d': 34, 'stochastic_lower': 20, 'stochastic_upper': 93, 'en_mfi': False, 'mfi_n': 14, 'mfi_lower': 19, 'mfi_upper': 67, 'en_bollinger': True, 'bollinger_n': 155, 'bollinger_k': 3.8000000000000003, 'en_adx': False, 'adx_n': 17, 'adx_threshold': 13, 'en_structure_trend': False, 'structure_trend_swing_l': 18, 'en_order_block': True, 'order_block_swing_l': 5, 'en_fvg': False, 'fvg_lookback': 22, 'en_ifvg': True, 'en_breaker': False, 'breaker_swing_l': 7, 'en_cisd': False, 'k': 4, 'en_cap_bars': False, 'cap_1min': 457}.
[I 2026-07-13 14:56:34,475] Trial 3806 finished with values: [4163.115321309237, -7297.18695688191, 36.0] and parameters: {'sl_soft': 0.05035573196257478, 'sl_hard_delta': 0.039849065565949165, 'tp': 0.20741590457257697, 'gate_pct': 99.43810192295578, 'dd_limit': 5.937758572987326, 'cooldown': 0, 'flip': False, 'en_ema_trend': False, 'ema_trend_fast': 157, 'ema_trend_slow': 157, 'en_sma_trend': True, 'sma_trend_fast': 313, 'sma_trend_slow': 319, 'en_macd': False, 'macd_fast': 10, 'macd_slow': 3, 'macd_signal': 52, 'en_vwap': False, 'en_keltner': True, 'keltner_n': 123, 'keltner_m': 1.0, 'en_obv': True, 'obv_slope': 179, 'en_cci': True, 'cci_n': 166, 'cci_threshold': 145, 'en_rsi': False, 'rsi_n': 72, 'rsi_lower': 1, 'rsi_upper': 58, 'en_stochastic': False, 'stochastic_n': 62, 'stochastic_d': 34, 'stochastic_lower': 41, 'stochastic_upper': 98, 'en_mfi': False, 'mfi_n': 14, 'mfi_lower': 29, 'mfi_upper': 80, 'en_bollinger': True, 'bollinger_n': 2, 'bollinger_k': 2.0, 'en_adx': False, 'adx_n': 17, 'adx_threshold': 13, 'en_structure_trend': True, 'structure_trend_swing_l': 9, 'en_order_block': True, 'order_block_swing_l': 16, 'en_fvg': False, 'fvg_lookback': 22, 'en_ifvg': True, 'en_breaker': True, 'breaker_swing_l': 8, 'en_cisd': True, 'k': 3, 'en_cap_bars': False, 'cap_1min': 457}.
[I 2026-07-13 14:56:35,033] Trial 3807 pruned. 
[I 2026-07-13 14:56:35,724] Trial 3808 finished with values: [1586.0834399725827, -4349.999999999987, 66.1] and parameters: {'sl_soft': 0.1790260279200085, 'sl_hard_delta': 0.17437949833153482, 'tp': 0.14985592681603982, 'gate_pct': 94.70821660915905, 'dd_limit': 0.6062953539401272, 'cooldown': 4, 'flip': False, 'en_ema_trend': True, 'ema_trend_fast': 195, 'ema_trend_slow': 377, 'en_sma_trend': True, 'sma_trend_fast': 81, 'sma_trend_slow': 336, 'en_macd': False, 'macd_fast': 70, 'macd_slow': 200, 'macd_signal': 45, 'en_vwap': True, 'en_keltner': True, 'keltner_n': 24, 'keltner_m': 1.3, 'en_obv': False, 'obv_slope': 61, 'en_cci': True, 'cci_n': 172, 'cci_threshold': 250, 'en_rsi': False, 'rsi_n': 5, 'rsi_lower': 32, 'rsi_upper': 66, 'en_stochastic': False, 'stochastic_n': 95, 'stochastic_d': 28, 'stochastic_lower': 20, 'stochastic_upper': 91, 'en_mfi': False, 'mfi_n': 43, 'mfi_lower': 22, 'mfi_upper': 73, 'en_bollinger': True, 'bollinger_n': 149, 'bollinger_k': 3.8000000000000003, 'en_adx': False, 'adx_n': 50, 'adx_threshold': 24, 'en_structure_trend': False, 'structure_trend_swing_l': 18, 'en_order_block': True, 'order_block_swing_l': 5, 'en_fvg': True, 'fvg_lookback': 7, 'en_ifvg': False, 'en_breaker': True, 'breaker_swing_l': 1, 'en_cisd': False, 'k': 4, 'en_cap_bars': True, 'cap_1min': 655}.
[I 2026-07-13 14:56:35,975] Trial 3809 finished with values: [1845.2090927534828, -9321.485341992677, 55.45] and parameters: {'sl_soft': 0.10644993879788506, 'sl_hard_delta': 0.1370086676856171, 'tp': 0.14985592681603982, 'gate_pct': 97.66578486655469, 'dd_limit': 7.573309416194954, 'cooldown': 0, 'flip': False, 'en_ema_trend': False, 'ema_trend_fast': 169, 'ema_trend_slow': 157, 'en_sma_trend': True, 'sma_trend_fast': 81, 'sma_trend_slow': 336, 'en_macd': False, 'macd_fast': 81, 'macd_slow': 125, 'macd_signal': 23, 'en_vwap': False, 'en_keltner': True, 'keltner_n': 33, 'keltner_m': 1.0, 'en_obv': True, 'obv_slope': 179, 'en_cci': True, 'cci_n': 172, 'cci_threshold': 130, 'en_rsi': False, 'rsi_n': 14, 'rsi_lower': 49, 'rsi_upper': 52, 'en_stochastic': False, 'stochastic_n': 81, 'stochastic_d': 17, 'stochastic_lower': 20, 'stochastic_upper': 83, 'en_mfi': False, 'mfi_n': 14, 'mfi_lower': 38, 'mfi_upper': 78, 'en_bollinger': True, 'bollinger_n': 2, 'bollinger_k': 2.0, 'en_adx': False, 'adx_n': 17, 'adx_threshold': 13, 'en_structure_trend': True, 'structure_trend_swing_l': 18, 'en_order_block': False, 'order_block_swing_l': 5, 'en_fvg': False, 'fvg_lookback': 22, 'en_ifvg': True, 'en_breaker': True, 'breaker_swing_l': 7, 'en_cisd': True, 'k': 4, 'en_cap_bars': False, 'cap_1min': 457}.
[I 2026-07-13 14:56:36,229] Trial 3810 pruned. 
[I 2026-07-13 14:56:36,577] Trial 3811 pruned. 
[I 2026-07-13 14:56:36,852] Trial 3812 finished with values: [999.1590457257438, -2449.999999999903, 31.450000000000003] and parameters: {'sl_soft': 0.03475243749569609, 'sl_hard_delta': 0.2476078025833433, 'tp': 0.20741590457257697, 'gate_pct': 97.66578486655469, 'dd_limit': 2.4528084273798805, 'cooldown': 5, 'flip': True, 'en_ema_trend': False, 'ema_trend_fast': 342, 'ema_trend_slow': 182, 'en_sma_trend': True, 'sma_trend_fast': 198, 'sma_trend_slow': 319, 'en_macd': False, 'macd_fast': 53, 'macd_slow': 114, 'macd_signal': 61, 'en_vwap': False, 'en_keltner': True, 'keltner_n': 135, 'keltner_m': 3.1, 'en_obv': True, 'obv_slope': 179, 'en_cci': True, 'cci_n': 134, 'cci_threshold': 250, 'en_rsi': False, 'rsi_n': 95, 'rsi_lower': 31, 'rsi_upper': 88, 'en_stochastic': False, 'stochastic_n': 78, 'stochastic_d': 14, 'stochastic_lower': 32, 'stochastic_upper': 78, 'en_mfi': True, 'mfi_n': 14, 'mfi_lower': 29, 'mfi_upper': 80, 'en_bollinger': True, 'bollinger_n': 155, 'bollinger_k': 2.0, 'en_adx': False, 'adx_n': 22, 'adx_threshold': 47, 'en_structure_trend': False, 'structure_trend_swing_l': 12, 'en_order_block': False, 'order_block_swing_l': 4, 'en_fvg': True, 'fvg_lookback': 45, 'en_ifvg': True, 'en_breaker': False, 'breaker_swing_l': 2, 'en_cisd': True, 'k': 3, 'en_cap_bars': True, 'cap_1min': 878}.
[I 2026-07-13 14:56:37,262] Trial 3813 finished with values: [499.03841480779715, -3897.0100560750607, 36.55] and parameters: {'sl_soft': 0.041819685424319256, 'sl_hard_delta': 0.052716452395929286, 'tp': 0.14985592681603982, 'gate_pct': 99.43810192295578, 'dd_limit': 5.937758572987326, 'cooldown': 2, 'flip': False, 'en_ema_trend': False, 'ema_trend_fast': 213, 'ema_trend_slow': 182, 'en_sma_trend': True, 'sma_trend_fast': 81, 'sma_trend_slow': 336, 'en_macd': False, 'macd_fast': 55, 'macd_slow': 3, 'macd_signal': 52, 'en_vwap': True, 'en_keltner': True, 'keltner_n': 33, 'keltner_m': 1.0, 'en_obv': True, 'obv_slope': 26, 'en_cci': True, 'cci_n': 172, 'cci_threshold': 130, 'en_rsi': False, 'rsi_n': 14, 'rsi_lower': 47, 'rsi_upper': 88, 'en_stochastic': False, 'stochastic_n': 89, 'stochastic_d': 34, 'stochastic_lower': 20, 'stochastic_upper': 66, 'en_mfi': False, 'mfi_n': 8, 'mfi_lower': 19, 'mfi_upper': 80, 'en_bollinger': True, 'bollinger_n': 155, 'bollinger_k': 3.8000000000000003, 'en_adx': False, 'adx_n': 17, 'adx_threshold': 47, 'en_structure_trend': False, 'structure_trend_swing_l': 11, 'en_order_block': False, 'order_block_swing_l': 5, 'en_fvg': False, 'fvg_lookback': 22, 'en_ifvg': True, 'en_breaker': True, 'breaker_swing_l': 10, 'en_cisd': True, 'k': 3, 'en_cap_bars': True, 'cap_1min': 457}.
[I 2026-07-13 14:56:38,327] Trial 3814 pruned. 
[I 2026-07-13 14:56:38,618] Trial 3815 finished with values: [-507.3011928426753, -4299.721677532347, 23.2] and parameters: {'sl_soft': 0.03475243749569609, 'sl_hard_delta': 0.2476078025833433, 'tp': 0.20741590457257697, 'gate_pct': 97.66578486655469, 'dd_limit': 0.7627381108845042, 'cooldown': 2, 'flip': True, 'en_ema_trend': False, 'ema_trend_fast': 342, 'ema_trend_slow': 182, 'en_sma_trend': True, 'sma_trend_fast': 198, 'sma_trend_slow': 319, 'en_macd': True, 'macd_fast': 10, 'macd_slow': 114, 'macd_signal': 61, 'en_vwap': True, 'en_keltner': True, 'keltner_n': 135, 'keltner_m': 3.1, 'en_obv': True, 'obv_slope': 179, 'en_cci': True, 'cci_n': 134, 'cci_threshold': 145, 'en_rsi': False, 'rsi_n': 95, 'rsi_lower': 31, 'rsi_upper': 88, 'en_stochastic': False, 'stochastic_n': 78, 'stochastic_d': 2, 'stochastic_lower': 40, 'stochastic_upper': 78, 'en_mfi': True, 'mfi_n': 8, 'mfi_lower': 29, 'mfi_upper': 80, 'en_bollinger': True, 'bollinger_n': 155, 'bollinger_k': 2.0, 'en_adx': False, 'adx_n': 91, 'adx_threshold': 47, 'en_structure_trend': False, 'structure_trend_swing_l': 12, 'en_order_block': False, 'order_block_swing_l': 16, 'en_fvg': False, 'fvg_lookback': 19, 'en_ifvg': True, 'en_breaker': False, 'breaker_swing_l': 8, 'en_cisd': True, 'k': 3, 'en_cap_bars': True, 'cap_1min': 591}.
