── OPTIMIZER PLAN [2m] shared SL/TP · sampler=nsga3 ──
   dimensions: base 5c+2cat+3i = 10  |  indicators 18 on/off + 30 params  |  split 0  →  TOTAL 58 dims
   trials/dim 100  →  RECOMMENDED 5,800 trials  (∝ dimensions; grows if you add more)
[2m] loading inputs (SI, pv=5000) ...
[2m] 264460 decision bars; cooldown cap 34; bounds sl_soft[0.009842841426999841, 0.029528524280999526] sl_hard[0.009842841426999841, 0.039371365707999366] tp[0.009842841426999841, 0.047245638849599245]; indicators on 1-MINUTE frame
/home/dev/Mulham/wsg-i/Parametric-Indicators/optimize/optimizer.py:261: ExperimentalWarning: NSGAIIISampler is experimental (supported from v3.2.0). The interface can change in the future.
  return optuna.samplers.NSGAIIISampler(seed=seed, constraints_func=constraints_func)
[2m] sampler = nsga3 → NSGAIIISampler  objective=<function run.<locals>.objective at 0x773ee8313920>  dd_pnl_cap=0.25
[I 2026-07-13 14:53:28,695] A new study created in RDB with name: eod1_2m_SI
[I 2026-07-13 14:53:28,909] Trial 0 pruned. 
[I 2026-07-13 14:53:29,966] Trial 1 pruned. 
[I 2026-07-13 14:53:32,703] Trial 2 pruned. 
[I 2026-07-13 14:53:34,549] Trial 3 pruned. 
[I 2026-07-13 14:53:35,926] Trial 4 pruned. 
[I 2026-07-13 14:53:36,619] Trial 5 pruned. 
[I 2026-07-13 14:53:37,875] Trial 6 pruned. 
[I 2026-07-13 14:53:39,774] Trial 7 pruned. 
[I 2026-07-13 14:53:40,388] Trial 8 pruned. 
[I 2026-07-13 14:53:42,166] Trial 9 pruned. 
[I 2026-07-13 14:53:43,917] Trial 10 pruned. 
[I 2026-07-13 14:53:46,216] Trial 11 pruned. 
[I 2026-07-13 14:53:50,234] Trial 12 pruned. 
[I 2026-07-13 14:53:51,536] Trial 13 pruned. 
[I 2026-07-13 14:53:52,787] Trial 14 pruned. 
[I 2026-07-13 14:53:53,510] Trial 15 pruned. 
[I 2026-07-13 14:53:55,023] Trial 16 pruned. 
[I 2026-07-13 14:53:56,071] Trial 17 pruned. 
[I 2026-07-13 14:53:57,371] Trial 18 pruned. 
[I 2026-07-13 14:53:57,788] Trial 19 pruned. 
[I 2026-07-13 14:54:02,513] Trial 20 finished with values: [59.152415012455634, -2979.172589750192, 56.650000000000006] and parameters: {'sl_soft': 0.02008557064721657, 'sl_hard_delta': 0.032617922435702065, 'tp': 0.028760405371627766, 'gate_pct': 82.4858562385232, 'dd_limit': 2.7741565095727334, 'cooldown': 6, 'flip': False, 'en_ema_trend': True, 'ema_trend_fast': 383, 'ema_trend_slow': 34, 'en_sma_trend': True, 'sma_trend_fast': 91, 'sma_trend_slow': 307, 'en_macd': True, 'macd_fast': 12, 'macd_slow': 18, 'macd_signal': 63, 'en_vwap': False, 'en_keltner': True, 'keltner_n': 39, 'keltner_m': 4.6000000000000005, 'en_obv': True, 'obv_slope': 147, 'en_cci': True, 'cci_n': 59, 'cci_threshold': 105, 'en_rsi': False, 'rsi_n': 88, 'rsi_lower': 13, 'rsi_upper': 88, 'en_stochastic': False, 'stochastic_n': 49, 'stochastic_d': 33, 'stochastic_lower': 42, 'stochastic_upper': 60, 'en_mfi': False, 'mfi_n': 90, 'mfi_lower': 2, 'mfi_upper': 55, 'en_bollinger': False, 'bollinger_n': 85, 'bollinger_k': 1.2000000000000002, 'en_adx': False, 'adx_n': 32, 'adx_threshold': 23, 'en_structure_trend': True, 'structure_trend_swing_l': 17, 'en_order_block': False, 'order_block_swing_l': 12, 'en_fvg': True, 'fvg_lookback': 8, 'en_ifvg': False, 'en_breaker': True, 'breaker_swing_l': 5, 'en_cisd': True, 'k': 4, 'en_cap_bars': False, 'cap_1min': 1298}.
[I 2026-07-13 14:54:04,605] Trial 21 pruned. 
[I 2026-07-13 14:54:05,639] Trial 22 pruned. 
[I 2026-07-13 14:54:08,298] Trial 23 pruned. 
[I 2026-07-13 14:54:10,476] Trial 24 pruned. 
[I 2026-07-13 14:54:12,059] Trial 25 pruned. 
[I 2026-07-13 14:54:13,820] Trial 26 pruned. 
[I 2026-07-13 14:54:15,177] Trial 27 pruned. 
[I 2026-07-13 14:54:17,131] Trial 28 pruned. 
[I 2026-07-13 14:54:18,229] Trial 29 pruned. 
[I 2026-07-13 14:54:19,488] Trial 30 pruned. 
[I 2026-07-13 14:54:20,499] Trial 31 pruned. 
[I 2026-07-13 14:54:21,225] Trial 32 pruned. 
[I 2026-07-13 14:54:21,962] Trial 33 pruned. 
[I 2026-07-13 14:54:25,661] Trial 34 pruned. 
[I 2026-07-13 14:54:26,837] Trial 35 pruned. 
[I 2026-07-13 14:54:28,540] Trial 36 pruned. 
[I 2026-07-13 14:54:29,211] Trial 37 pruned. 
[I 2026-07-13 14:54:30,158] Trial 38 pruned. 
[I 2026-07-13 14:54:30,639] Trial 39 pruned. 
[I 2026-07-13 14:54:30,927] Trial 40 pruned. 
[I 2026-07-13 14:54:32,456] Trial 41 pruned. 
[I 2026-07-13 14:54:33,491] Trial 42 pruned. 
[I 2026-07-13 14:54:34,754] Trial 43 pruned. 
[I 2026-07-13 14:54:36,066] Trial 44 pruned. 
[I 2026-07-13 14:54:36,790] Trial 45 pruned. 
[I 2026-07-13 14:54:37,294] Trial 46 pruned. 
[I 2026-07-13 14:54:38,996] Trial 47 pruned. 
[I 2026-07-13 14:54:39,807] Trial 48 pruned. 
[I 2026-07-13 14:54:40,302] Trial 49 pruned. 
[I 2026-07-13 14:54:41,746] Trial 50 pruned. 
[I 2026-07-13 14:54:42,555] Trial 51 pruned. 
[I 2026-07-13 14:54:44,606] Trial 52 pruned. 
[I 2026-07-13 14:54:46,589] Trial 53 pruned. 
[I 2026-07-13 14:54:47,650] Trial 54 pruned. 
[I 2026-07-13 14:54:49,154] Trial 55 pruned. 
[I 2026-07-13 14:54:50,117] Trial 56 pruned. 
[I 2026-07-13 14:54:51,553] Trial 57 pruned. 
[I 2026-07-13 14:54:52,170] Trial 58 pruned. 
[I 2026-07-13 14:54:52,968] Trial 59 pruned. 
[I 2026-07-13 14:54:53,309] Trial 60 pruned. 
[I 2026-07-13 14:54:54,710] Trial 61 pruned. 
[I 2026-07-13 14:54:56,345] Trial 62 pruned. 
[I 2026-07-13 14:54:57,593] Trial 63 pruned. 
[I 2026-07-13 14:54:58,750] Trial 64 pruned. 
[I 2026-07-13 14:55:00,692] Trial 65 pruned. 
[I 2026-07-13 14:55:04,092] Trial 66 pruned. 
[I 2026-07-13 14:55:05,186] Trial 67 pruned. 
[I 2026-07-13 14:55:06,222] Trial 68 pruned. 
[I 2026-07-13 14:55:07,293] Trial 69 pruned. 
[I 2026-07-13 14:55:08,926] Trial 70 pruned. 
[I 2026-07-13 14:55:09,608] Trial 71 pruned. 
[I 2026-07-13 14:55:10,852] Trial 72 pruned. 
[I 2026-07-13 14:55:11,750] Trial 73 pruned. 
[I 2026-07-13 14:55:13,142] Trial 74 pruned. 
[I 2026-07-13 14:55:14,948] Trial 75 pruned. 
[I 2026-07-13 14:55:16,562] Trial 76 pruned. 
[I 2026-07-13 14:55:18,007] Trial 77 pruned. 
[I 2026-07-13 14:55:18,417] Trial 78 pruned. 
[I 2026-07-13 14:55:20,277] Trial 79 pruned. 
[I 2026-07-13 14:55:20,488] Trial 80 pruned. 
[I 2026-07-13 14:55:21,778] Trial 81 pruned. 
[I 2026-07-13 14:55:23,110] Trial 82 pruned. 
[I 2026-07-13 14:55:23,880] Trial 83 pruned. 
[I 2026-07-13 14:55:25,152] Trial 84 pruned. 
[I 2026-07-13 14:55:26,597] Trial 85 pruned. 
[I 2026-07-13 14:55:27,026] Trial 86 pruned. 
[I 2026-07-13 14:55:28,759] Trial 87 pruned. 
[I 2026-07-13 14:55:30,810] Trial 88 pruned. 
[I 2026-07-13 14:55:31,959] Trial 89 pruned. 
[I 2026-07-13 14:55:32,538] Trial 90 pruned. 
[I 2026-07-13 14:55:35,494] Trial 91 pruned. 
[I 2026-07-13 14:55:36,258] Trial 92 pruned. 
[I 2026-07-13 14:55:37,940] Trial 93 pruned. 
[I 2026-07-13 14:55:39,459] Trial 94 pruned. 
[I 2026-07-13 14:55:41,561] Trial 95 pruned. 
[I 2026-07-13 14:55:42,498] Trial 96 pruned. 
[I 2026-07-13 14:55:49,876] Trial 97 finished with values: [-30.319718619757907, -1138.3958125539095, 43.8] and parameters: {'sl_soft': 0.012509702096079985, 'sl_hard_delta': 0.020015892548318943, 'tp': 0.03401493735707513, 'gate_pct': 96.7516051221724, 'dd_limit': 7.499780143767761, 'cooldown': 6, 'flip': True, 'en_ema_trend': False, 'ema_trend_fast': 282, 'ema_trend_slow': 334, 'en_sma_trend': False, 'sma_trend_fast': 268, 'sma_trend_slow': 29, 'en_macd': False, 'macd_fast': 88, 'macd_slow': 167, 'macd_signal': 24, 'en_vwap': False, 'en_keltner': False, 'keltner_n': 46, 'keltner_m': 0.9, 'en_obv': True, 'obv_slope': 177, 'en_cci': True, 'cci_n': 128, 'cci_threshold': 45, 'en_rsi': False, 'rsi_n': 6, 'rsi_lower': 38, 'rsi_upper': 55, 'en_stochastic': True, 'stochastic_n': 86, 'stochastic_d': 14, 'stochastic_lower': 40, 'stochastic_upper': 72, 'en_mfi': True, 'mfi_n': 45, 'mfi_lower': 13, 'mfi_upper': 73, 'en_bollinger': True, 'bollinger_n': 127, 'bollinger_k': 2.7, 'en_adx': False, 'adx_n': 35, 'adx_threshold': 20, 'en_structure_trend': False, 'structure_trend_swing_l': 17, 'en_order_block': False, 'order_block_swing_l': 12, 'en_fvg': False, 'fvg_lookback': 38, 'en_ifvg': False, 'en_breaker': True, 'breaker_swing_l': 15, 'en_cisd': False, 'k': 4, 'en_cap_bars': True, 'cap_1min': 85}.
[I 2026-07-13 14:55:51,163] Trial 98 pruned. 
[I 2026-07-13 14:55:52,667] Trial 99 pruned. 
[I 2026-07-13 14:55:53,726] Trial 100 pruned. 
[I 2026-07-13 14:55:54,925] Trial 101 pruned. 
[I 2026-07-13 14:55:56,401] Trial 102 pruned. 
[I 2026-07-13 14:55:57,491] Trial 103 pruned. 
[I 2026-07-13 14:55:58,463] Trial 104 pruned. 
[I 2026-07-13 14:56:00,127] Trial 105 pruned. 
[I 2026-07-13 14:56:01,286] Trial 106 pruned. 
[I 2026-07-13 14:56:03,030] Trial 107 pruned. 
[I 2026-07-13 14:56:04,013] Trial 108 pruned. 
[I 2026-07-13 14:56:05,236] Trial 109 pruned. 
[I 2026-07-13 14:56:07,436] Trial 110 pruned. 
[I 2026-07-13 14:56:09,029] Trial 111 pruned. 
[I 2026-07-13 14:56:10,411] Trial 112 pruned. 
[I 2026-07-13 14:56:11,967] Trial 113 pruned. 
[I 2026-07-13 14:56:12,563] Trial 114 pruned. 
[I 2026-07-13 14:56:13,672] Trial 115 pruned. 
[I 2026-07-13 14:56:14,411] Trial 116 pruned. 
[I 2026-07-13 14:56:15,039] Trial 117 pruned. 
[I 2026-07-13 14:56:15,642] Trial 118 pruned. 
[I 2026-07-13 14:56:17,754] Trial 119 pruned. 
[I 2026-07-13 14:56:18,582] Trial 120 finished with values: [-529.4567222509983, -3129.4213448353858, 67.5] and parameters: {'sl_soft': 0.024184693275939195, 'sl_hard_delta': 0.022774122017444963, 'tp': 0.01246524479521096, 'gate_pct': 80.70603145468111, 'dd_limit': 1.9886925209562976, 'cooldown': 7, 'flip': False, 'en_ema_trend': True, 'ema_trend_fast': 375, 'ema_trend_slow': 53, 'en_sma_trend': False, 'sma_trend_fast': 357, 'sma_trend_slow': 56, 'en_macd': True, 'macd_fast': 57, 'macd_slow': 58, 'macd_signal': 34, 'en_vwap': True, 'en_keltner': False, 'keltner_n': 68, 'keltner_m': 1.2000000000000002, 'en_obv': True, 'obv_slope': 120, 'en_cci': True, 'cci_n': 40, 'cci_threshold': 85, 'en_rsi': False, 'rsi_n': 34, 'rsi_lower': 36, 'rsi_upper': 64, 'en_stochastic': False, 'stochastic_n': 93, 'stochastic_d': 6, 'stochastic_lower': 10, 'stochastic_upper': 73, 'en_mfi': False, 'mfi_n': 67, 'mfi_lower': 17, 'mfi_upper': 51, 'en_bollinger': False, 'bollinger_n': 40, 'bollinger_k': 4.2, 'en_adx': True, 'adx_n': 28, 'adx_threshold': 7, 'en_structure_trend': False, 'structure_trend_swing_l': 1, 'en_order_block': False, 'order_block_swing_l': 8, 'en_fvg': True, 'fvg_lookback': 13, 'en_ifvg': False, 'en_breaker': False, 'breaker_swing_l': 14, 'en_cisd': True, 'k': 2, 'en_cap_bars': True, 'cap_1min': 803}.
[I 2026-07-13 14:56:19,608] Trial 121 pruned. 
[I 2026-07-13 14:56:20,717] Trial 122 pruned. 
[I 2026-07-13 14:56:21,697] Trial 123 pruned. 
[I 2026-07-13 14:56:22,926] Trial 124 pruned. 
[I 2026-07-13 14:56:25,179] Trial 125 pruned. 
[I 2026-07-13 14:56:26,415] Trial 126 pruned. 
[I 2026-07-13 14:56:28,007] Trial 127 pruned. 
[I 2026-07-13 14:56:28,805] Trial 128 pruned. 
[I 2026-07-13 14:56:32,304] Trial 129 finished with values: [464.15659457485594, -4485.105296391719, 54.95] and parameters: {'sl_soft': 0.027574742397270605, 'sl_hard_delta': 0.028811674718831396, 'tp': 0.045884923832193454, 'gate_pct': 99.4309621818079, 'dd_limit': 0.2043192187719212, 'cooldown': 5, 'flip': False, 'en_ema_trend': True, 'ema_trend_fast': 279, 'ema_trend_slow': 279, 'en_sma_trend': False, 'sma_trend_fast': 108, 'sma_trend_slow': 306, 'en_macd': False, 'macd_fast': 59, 'macd_slow': 126, 'macd_signal': 39, 'en_vwap': False, 'en_keltner': True, 'keltner_n': 186, 'keltner_m': 1.2000000000000002, 'en_obv': False, 'obv_slope': 119, 'en_cci': False, 'cci_n': 160, 'cci_threshold': 30, 'en_rsi': True, 'rsi_n': 77, 'rsi_lower': 43, 'rsi_upper': 85, 'en_stochastic': False, 'stochastic_n': 88, 'stochastic_d': 41, 'stochastic_lower': 2, 'stochastic_upper': 91, 'en_mfi': True, 'mfi_n': 54, 'mfi_lower': 38, 'mfi_upper': 72, 'en_bollinger': True, 'bollinger_n': 138, 'bollinger_k': 4.1, 'en_adx': False, 'adx_n': 46, 'adx_threshold': 28, 'en_structure_trend': True, 'structure_trend_swing_l': 6, 'en_order_block': False, 'order_block_swing_l': 9, 'en_fvg': True, 'fvg_lookback': 3, 'en_ifvg': False, 'en_breaker': True, 'breaker_swing_l': 20, 'en_cisd': False, 'k': 4, 'en_cap_bars': False, 'cap_1min': 311}.
[I 2026-07-13 14:56:33,412] Trial 130 pruned. 
[I 2026-07-13 14:56:35,391] Trial 131 pruned. 
[I 2026-07-13 14:56:37,006] Trial 132 pruned. 
[I 2026-07-13 14:56:37,602] Trial 133 pruned. 
[I 2026-07-13 14:56:38,133] Trial 134 pruned. 
[I 2026-07-13 14:56:40,074] Trial 135 pruned. 
[I 2026-07-13 14:56:42,446] Trial 136 pruned. 
[I 2026-07-13 14:56:44,665] Trial 137 pruned. 
[I 2026-07-13 14:56:45,326] Trial 138 pruned. 
[I 2026-07-13 14:56:47,240] Trial 139 pruned. 
[I 2026-07-13 14:56:48,832] Trial 140 pruned. 
[I 2026-07-13 14:56:49,743] Trial 141 pruned. 
[I 2026-07-13 14:56:51,055] Trial 142 pruned. 
[I 2026-07-13 14:56:53,724] Trial 143 pruned. 
[I 2026-07-13 14:56:55,113] Trial 144 pruned. 
[I 2026-07-13 14:56:56,178] Trial 145 pruned. 
[I 2026-07-13 14:56:56,680] Trial 146 pruned. 
[I 2026-07-13 14:56:58,800] Trial 147 pruned. 
[I 2026-07-13 14:57:00,554] Trial 148 pruned. 
[I 2026-07-13 14:57:01,276] Trial 149 pruned. 
[I 2026-07-13 14:57:02,162] Trial 150 pruned. 
[I 2026-07-13 14:57:03,322] Trial 151 pruned. 
[I 2026-07-13 14:57:04,415] Trial 152 pruned. 
[I 2026-07-13 14:57:05,679] Trial 153 pruned. 
[I 2026-07-13 14:57:07,079] Trial 154 pruned. 
[I 2026-07-13 14:57:08,930] Trial 155 pruned. 
[I 2026-07-13 14:57:10,948] Trial 156 pruned. 
[I 2026-07-13 14:57:11,659] Trial 157 pruned. 
[I 2026-07-13 14:57:12,185] Trial 158 pruned. 
[I 2026-07-13 14:57:13,921] Trial 159 pruned. 
[I 2026-07-13 14:57:14,309] Trial 160 pruned. 
[I 2026-07-13 14:57:15,760] Trial 161 pruned. 
[I 2026-07-13 14:57:16,213] Trial 162 pruned. 
[I 2026-07-13 14:57:18,058] Trial 163 pruned. 
[I 2026-07-13 14:57:18,670] Trial 164 pruned. 
[I 2026-07-13 14:57:19,822] Trial 165 pruned. 
[I 2026-07-13 14:57:21,426] Trial 166 pruned. 
[I 2026-07-13 14:57:23,066] Trial 167 pruned. 
[I 2026-07-13 14:57:26,550] Trial 168 pruned. 
[I 2026-07-13 14:57:27,299] Trial 169 pruned. 
[I 2026-07-13 14:57:27,850] Trial 170 pruned. 
[I 2026-07-13 14:57:29,390] Trial 171 pruned. 
[I 2026-07-13 14:57:30,596] Trial 172 pruned. 
[I 2026-07-13 14:57:32,136] Trial 173 pruned. 
[I 2026-07-13 14:57:33,463] Trial 174 pruned. 
[I 2026-07-13 14:57:34,933] Trial 175 pruned. 
[I 2026-07-13 14:57:35,897] Trial 176 pruned. 
[I 2026-07-13 14:57:37,524] Trial 177 pruned. 
[I 2026-07-13 14:57:38,515] Trial 178 pruned. 
[I 2026-07-13 14:57:39,334] Trial 179 pruned. 
[I 2026-07-13 14:57:43,753] Trial 180 finished with values: [-679.1386657048726, -2788.8095340628643, 46.7] and parameters: {'sl_soft': 0.028820367510986197, 'sl_hard_delta': 0.022073487285697923, 'tp': 0.03415929163678829, 'gate_pct': 98.72479828405353, 'dd_limit': 9.628020027635628, 'cooldown': 12, 'flip': True, 'en_ema_trend': True, 'ema_trend_fast': 81, 'ema_trend_slow': 391, 'en_sma_trend': True, 'sma_trend_fast': 382, 'sma_trend_slow': 115, 'en_macd': True, 'macd_fast': 10, 'macd_slow': 23, 'macd_signal': 71, 'en_vwap': False, 'en_keltner': False, 'keltner_n': 146, 'keltner_m': 2.3, 'en_obv': False, 'obv_slope': 105, 'en_cci': True, 'cci_n': 67, 'cci_threshold': 30, 'en_rsi': False, 'rsi_n': 71, 'rsi_lower': 8, 'rsi_upper': 59, 'en_stochastic': False, 'stochastic_n': 71, 'stochastic_d': 41, 'stochastic_lower': 2, 'stochastic_upper': 79, 'en_mfi': False, 'mfi_n': 94, 'mfi_lower': 43, 'mfi_upper': 66, 'en_bollinger': True, 'bollinger_n': 37, 'bollinger_k': 3.7, 'en_adx': False, 'adx_n': 53, 'adx_threshold': 43, 'en_structure_trend': True, 'structure_trend_swing_l': 16, 'en_order_block': False, 'order_block_swing_l': 19, 'en_fvg': True, 'fvg_lookback': 20, 'en_ifvg': False, 'en_breaker': True, 'breaker_swing_l': 7, 'en_cisd': True, 'k': 5, 'en_cap_bars': True, 'cap_1min': 686}.
[I 2026-07-13 14:57:44,894] Trial 181 pruned. 
[I 2026-07-13 14:57:46,947] Trial 182 pruned. 
[I 2026-07-13 14:57:47,874] Trial 183 pruned. 
[I 2026-07-13 14:57:48,981] Trial 184 pruned. 
[I 2026-07-13 14:57:49,997] Trial 185 pruned. 
[I 2026-07-13 14:57:53,132] Trial 186 pruned. 
[I 2026-07-13 14:57:55,073] Trial 187 pruned. 
[I 2026-07-13 14:57:56,266] Trial 188 pruned. 
[I 2026-07-13 14:57:57,114] Trial 189 pruned. 
[I 2026-07-13 14:57:59,296] Trial 190 pruned. 
[I 2026-07-13 14:58:00,792] Trial 191 pruned. 
[I 2026-07-13 14:58:01,852] Trial 192 pruned. 
[I 2026-07-13 14:58:02,232] Trial 193 pruned. 
[I 2026-07-13 14:58:04,141] Trial 194 pruned. 
[I 2026-07-13 14:58:05,447] Trial 195 pruned. 
[I 2026-07-13 14:58:06,524] Trial 196 pruned. 
[I 2026-07-13 14:58:08,317] Trial 197 pruned. 
[I 2026-07-13 14:58:09,652] Trial 198 pruned. 
[I 2026-07-13 14:58:24,662] Trial 199 finished with values: [-179.80883855132745, -587.7728725069176, 33.3] and parameters: {'sl_soft': 0.01729086981430308, 'sl_hard_delta': 0.00610414585932106, 'tp': 0.03480277544382395, 'gate_pct': 94.5832156131506, 'dd_limit': 8.959003028808816, 'cooldown': 7, 'flip': True, 'en_ema_trend': False, 'ema_trend_fast': 205, 'ema_trend_slow': 187, 'en_sma_trend': True, 'sma_trend_fast': 360, 'sma_trend_slow': 50, 'en_macd': True, 'macd_fast': 54, 'macd_slow': 89, 'macd_signal': 91, 'en_vwap': True, 'en_keltner': False, 'keltner_n': 163, 'keltner_m': 3.3000000000000003, 'en_obv': False, 'obv_slope': 82, 'en_cci': False, 'cci_n': 32, 'cci_threshold': 190, 'en_rsi': True, 'rsi_n': 94, 'rsi_lower': 43, 'rsi_upper': 70, 'en_stochastic': True, 'stochastic_n': 46, 'stochastic_d': 28, 'stochastic_lower': 20, 'stochastic_upper': 72, 'en_mfi': True, 'mfi_n': 7, 'mfi_lower': 12, 'mfi_upper': 58, 'en_bollinger': True, 'bollinger_n': 15, 'bollinger_k': 2.8000000000000003, 'en_adx': True, 'adx_n': 52, 'adx_threshold': 8, 'en_structure_trend': False, 'structure_trend_swing_l': 14, 'en_order_block': False, 'order_block_swing_l': 18, 'en_fvg': False, 'fvg_lookback': 34, 'en_ifvg': False, 'en_breaker': False, 'breaker_swing_l': 3, 'en_cisd': False, 'k': 1, 'en_cap_bars': True, 'cap_1min': 456}.
[I 2026-07-13 14:58:24,863] Trial 200 pruned. 
[I 2026-07-13 14:58:26,963] Trial 201 pruned. 
[I 2026-07-13 14:58:28,536] Trial 202 pruned. 
[I 2026-07-13 14:58:30,115] Trial 203 pruned. 
[I 2026-07-13 14:58:34,576] Trial 204 pruned. 
[I 2026-07-13 14:58:35,485] Trial 205 pruned. 
[I 2026-07-13 14:58:36,881] Trial 206 pruned. 
[I 2026-07-13 14:58:38,150] Trial 207 pruned. 
[I 2026-07-13 14:58:40,010] Trial 208 pruned. 
[I 2026-07-13 14:58:40,985] Trial 209 pruned. 
[I 2026-07-13 14:58:45,540] Trial 210 finished with values: [-848.8695419243265, -10299.039477111473, 68.65] and parameters: {'sl_soft': 0.01672636337215509, 'sl_hard_delta': 0.02590307012636525, 'tp': 0.010651629459305579, 'gate_pct': 93.79805140335328, 'dd_limit': 0.5242871576912017, 'cooldown': 6, 'flip': True, 'en_ema_trend': False, 'ema_trend_fast': 77, 'ema_trend_slow': 100, 'en_sma_trend': False, 'sma_trend_fast': 289, 'sma_trend_slow': 290, 'en_macd': True, 'macd_fast': 2, 'macd_slow': 132, 'macd_signal': 19, 'en_vwap': True, 'en_keltner': True, 'keltner_n': 72, 'keltner_m': 3.0, 'en_obv': True, 'obv_slope': 93, 'en_cci': False, 'cci_n': 51, 'cci_threshold': 265, 'en_rsi': False, 'rsi_n': 66, 'rsi_lower': 15, 'rsi_upper': 54, 'en_stochastic': False, 'stochastic_n': 6, 'stochastic_d': 20, 'stochastic_lower': 21, 'stochastic_upper': 69, 'en_mfi': False, 'mfi_n': 51, 'mfi_lower': 27, 'mfi_upper': 80, 'en_bollinger': False, 'bollinger_n': 86, 'bollinger_k': 2.4000000000000004, 'en_adx': False, 'adx_n': 98, 'adx_threshold': 27, 'en_structure_trend': False, 'structure_trend_swing_l': 4, 'en_order_block': False, 'order_block_swing_l': 18, 'en_fvg': True, 'fvg_lookback': 14, 'en_ifvg': False, 'en_breaker': False, 'breaker_swing_l': 20, 'en_cisd': False, 'k': 4, 'en_cap_bars': True, 'cap_1min': 693}.
[I 2026-07-13 14:58:46,886] Trial 211 pruned. 
[I 2026-07-13 14:58:47,514] Trial 212 pruned. 
[I 2026-07-13 14:58:50,722] Trial 213 pruned. 
[I 2026-07-13 14:58:53,608] Trial 214 pruned. 
[I 2026-07-13 14:58:57,033] Trial 215 finished with values: [-1072.8870730117453, -5510.879734665366, 55.25] and parameters: {'sl_soft': 0.01909532132445682, 'sl_hard_delta': 0.02936233482338662, 'tp': 0.015844540937381565, 'gate_pct': 80.24193898753819, 'dd_limit': 5.27785894061816, 'cooldown': 2, 'flip': False, 'en_ema_trend': False, 'ema_trend_fast': 91, 'ema_trend_slow': 109, 'en_sma_trend': True, 'sma_trend_fast': 139, 'sma_trend_slow': 109, 'en_macd': False, 'macd_fast': 6, 'macd_slow': 105, 'macd_signal': 87, 'en_vwap': True, 'en_keltner': True, 'keltner_n': 190, 'keltner_m': 4.7, 'en_obv': True, 'obv_slope': 53, 'en_cci': False, 'cci_n': 102, 'cci_threshold': 65, 'en_rsi': True, 'rsi_n': 73, 'rsi_lower': 11, 'rsi_upper': 69, 'en_stochastic': False, 'stochastic_n': 84, 'stochastic_d': 47, 'stochastic_lower': 2, 'stochastic_upper': 91, 'en_mfi': False, 'mfi_n': 61, 'mfi_lower': 13, 'mfi_upper': 78, 'en_bollinger': False, 'bollinger_n': 161, 'bollinger_k': 1.0, 'en_adx': False, 'adx_n': 19, 'adx_threshold': 55, 'en_structure_trend': False, 'structure_trend_swing_l': 19, 'en_order_block': False, 'order_block_swing_l': 10, 'en_fvg': False, 'fvg_lookback': 28, 'en_ifvg': True, 'en_breaker': True, 'breaker_swing_l': 3, 'en_cisd': True, 'k': 2, 'en_cap_bars': True, 'cap_1min': 1333}.
[I 2026-07-13 14:58:58,055] Trial 216 pruned. 
[I 2026-07-13 14:58:58,655] Trial 217 pruned. 
[I 2026-07-13 14:59:01,090] Trial 218 pruned. 
[I 2026-07-13 14:59:02,249] Trial 219 pruned. 
[I 2026-07-13 14:59:02,851] Trial 220 pruned. 
[I 2026-07-13 14:59:04,885] Trial 221 pruned. 
[I 2026-07-13 14:59:06,865] Trial 222 pruned. 
[I 2026-07-13 14:59:08,001] Trial 223 pruned. 
[I 2026-07-13 14:59:08,790] Trial 224 pruned. 
[I 2026-07-13 14:59:11,463] Trial 225 pruned. 
[I 2026-07-13 14:59:12,508] Trial 226 pruned. 
[I 2026-07-13 14:59:15,382] Trial 227 pruned. 
[I 2026-07-13 14:59:16,451] Trial 228 pruned. 
[I 2026-07-13 14:59:20,244] Trial 229 pruned. 
[I 2026-07-13 14:59:21,068] Trial 230 pruned. 
