[I 2026-07-13 15:01:55,336] Trial 4217 finished with values: [7682.949212816526, -4934.215888783403, 33.8] and parameters: {'sl_soft': 0.05035573196257478, 'sl_hard_delta': 0.039849065565949165, 'tp': 0.30344321187078127, 'gate_pct': 99.43810192295578, 'dd_limit': 0.7627381108845042, 'cooldown': 0, 'flip': False, 'en_ema_trend': False, 'ema_trend_fast': 197, 'ema_trend_slow': 157, 'en_sma_trend': True, 'sma_trend_fast': 338, 'sma_trend_slow': 35, 'en_macd': False, 'macd_fast': 10, 'macd_slow': 41, 'macd_signal': 52, 'en_vwap': False, 'en_keltner': True, 'keltner_n': 123, 'keltner_m': 3.5, 'en_obv': True, 'obv_slope': 69, 'en_cci': True, 'cci_n': 166, 'cci_threshold': 130, 'en_rsi': False, 'rsi_n': 100, 'rsi_lower': 1, 'rsi_upper': 87, 'en_stochastic': False, 'stochastic_n': 62, 'stochastic_d': 34, 'stochastic_lower': 40, 'stochastic_upper': 57, 'en_mfi': False, 'mfi_n': 14, 'mfi_lower': 29, 'mfi_upper': 68, 'en_bollinger': True, 'bollinger_n': 2, 'bollinger_k': 1.6, 'en_adx': False, 'adx_n': 50, 'adx_threshold': 9, 'en_structure_trend': False, 'structure_trend_swing_l': 9, 'en_order_block': False, 'order_block_swing_l': 11, 'en_fvg': True, 'fvg_lookback': 35, 'en_ifvg': True, 'en_breaker': True, 'breaker_swing_l': 7, 'en_cisd': True, 'k': 4, 'en_cap_bars': True, 'cap_1min': 457}.
[I 2026-07-13 15:01:56,872] Trial 4218 finished with values: [5333.836504508122, -10534.845159771961, 49.900000000000006] and parameters: {'sl_soft': 0.1790260279200085, 'sl_hard_delta': 0.234009729604921, 'tp': 0.30344321187078127, 'gate_pct': 98.58299891691806, 'dd_limit': 5.937758572987326, 'cooldown': 0, 'flip': False, 'en_ema_trend': False, 'ema_trend_fast': 99, 'ema_trend_slow': 157, 'en_sma_trend': False, 'sma_trend_fast': 81, 'sma_trend_slow': 379, 'en_macd': True, 'macd_fast': 10, 'macd_slow': 200, 'macd_signal': 52, 'en_vwap': False, 'en_keltner': False, 'keltner_n': 123, 'keltner_m': 1.0, 'en_obv': True, 'obv_slope': 179, 'en_cci': True, 'cci_n': 166, 'cci_threshold': 50, 'en_rsi': False, 'rsi_n': 74, 'rsi_lower': 18, 'rsi_upper': 80, 'en_stochastic': False, 'stochastic_n': 62, 'stochastic_d': 17, 'stochastic_lower': 31, 'stochastic_upper': 99, 'en_mfi': False, 'mfi_n': 14, 'mfi_lower': 45, 'mfi_upper': 80, 'en_bollinger': True, 'bollinger_n': 2, 'bollinger_k': 4.1, 'en_adx': False, 'adx_n': 35, 'adx_threshold': 9, 'en_structure_trend': False, 'structure_trend_swing_l': 1, 'en_order_block': True, 'order_block_swing_l': 3, 'en_fvg': False, 'fvg_lookback': 30, 'en_ifvg': True, 'en_breaker': True, 'breaker_swing_l': 1, 'en_cisd': True, 'k': 4, 'en_cap_bars': False, 'cap_1min': 655}.
[I 2026-07-13 15:01:57,239] Trial 4219 finished with values: [3069.199157417985, -9736.056684426587, 37.8] and parameters: {'sl_soft': 0.05035573196257478, 'sl_hard_delta': 0.234009729604921, 'tp': 0.22717864419781153, 'gate_pct': 98.58299891691806, 'dd_limit': 0.7627381108845042, 'cooldown': 0, 'flip': False, 'en_ema_trend': False, 'ema_trend_fast': 197, 'ema_trend_slow': 64, 'en_sma_trend': True, 'sma_trend_fast': 81, 'sma_trend_slow': 35, 'en_macd': True, 'macd_fast': 10, 'macd_slow': 200, 'macd_signal': 52, 'en_vwap': True, 'en_keltner': True, 'keltner_n': 123, 'keltner_m': 1.9000000000000001, 'en_obv': True, 'obv_slope': 179, 'en_cci': True, 'cci_n': 172, 'cci_threshold': 130, 'en_rsi': False, 'rsi_n': 74, 'rsi_lower': 43, 'rsi_upper': 87, 'en_stochastic': False, 'stochastic_n': 70, 'stochastic_d': 11, 'stochastic_lower': 26, 'stochastic_upper': 78, 'en_mfi': False, 'mfi_n': 14, 'mfi_lower': 28, 'mfi_upper': 68, 'en_bollinger': False, 'bollinger_n': 2, 'bollinger_k': 2.0, 'en_adx': False, 'adx_n': 17, 'adx_threshold': 13, 'en_structure_trend': True, 'structure_trend_swing_l': 9, 'en_order_block': True, 'order_block_swing_l': 5, 'en_fvg': False, 'fvg_lookback': 35, 'en_ifvg': True, 'en_breaker': True, 'breaker_swing_l': 13, 'en_cisd': True, 'k': 4, 'en_cap_bars': True, 'cap_1min': 655}.
[I 2026-07-13 15:01:57,443] Trial 4220 finished with values: [13047.00560722855, -4758.191901140806, 32.25] and parameters: {'sl_soft': 0.05035573196257478, 'sl_hard_delta': 0.039849065565949165, 'tp': 0.30344321187078127, 'gate_pct': 99.43810192295578, 'dd_limit': 5.937758572987326, 'cooldown': 0, 'flip': False, 'en_ema_trend': False, 'ema_trend_fast': 157, 'ema_trend_slow': 157, 'en_sma_trend': False, 'sma_trend_fast': 360, 'sma_trend_slow': 35, 'en_macd': False, 'macd_fast': 11, 'macd_slow': 3, 'macd_signal': 52, 'en_vwap': True, 'en_keltner': True, 'keltner_n': 123, 'keltner_m': 3.8000000000000003, 'en_obv': True, 'obv_slope': 69, 'en_cci': True, 'cci_n': 166, 'cci_threshold': 130, 'en_rsi': False, 'rsi_n': 100, 'rsi_lower': 1, 'rsi_upper': 57, 'en_stochastic': False, 'stochastic_n': 62, 'stochastic_d': 34, 'stochastic_lower': 9, 'stochastic_upper': 98, 'en_mfi': False, 'mfi_n': 14, 'mfi_lower': 29, 'mfi_upper': 80, 'en_bollinger': True, 'bollinger_n': 2, 'bollinger_k': 1.6, 'en_adx': False, 'adx_n': 62, 'adx_threshold': 52, 'en_structure_trend': False, 'structure_trend_swing_l': 9, 'en_order_block': True, 'order_block_swing_l': 5, 'en_fvg': False, 'fvg_lookback': 22, 'en_ifvg': True, 'en_breaker': True, 'breaker_swing_l': 7, 'en_cisd': True, 'k': 4, 'en_cap_bars': False, 'cap_1min': 457}.
[I 2026-07-13 15:01:57,821] Trial 4221 finished with values: [3914.6077121525364, -11125.955101900192, 62.1] and parameters: {'sl_soft': 0.1790260279200085, 'sl_hard_delta': 0.039849065565949165, 'tp': 0.14985592681603982, 'gate_pct': 99.43810192295578, 'dd_limit': 9.049701546507107, 'cooldown': 1, 'flip': False, 'en_ema_trend': False, 'ema_trend_fast': 157, 'ema_trend_slow': 157, 'en_sma_trend': True, 'sma_trend_fast': 81, 'sma_trend_slow': 379, 'en_macd': False, 'macd_fast': 96, 'macd_slow': 200, 'macd_signal': 52, 'en_vwap': False, 'en_keltner': True, 'keltner_n': 131, 'keltner_m': 1.0, 'en_obv': True, 'obv_slope': 153, 'en_cci': True, 'cci_n': 166, 'cci_threshold': 130, 'en_rsi': False, 'rsi_n': 72, 'rsi_lower': 1, 'rsi_upper': 57, 'en_stochastic': False, 'stochastic_n': 89, 'stochastic_d': 17, 'stochastic_lower': 20, 'stochastic_upper': 66, 'en_mfi': False, 'mfi_n': 14, 'mfi_lower': 29, 'mfi_upper': 83, 'en_bollinger': True, 'bollinger_n': 7, 'bollinger_k': 2.0, 'en_adx': False, 'adx_n': 35, 'adx_threshold': 13, 'en_structure_trend': False, 'structure_trend_swing_l': 18, 'en_order_block': True, 'order_block_swing_l': 3, 'en_fvg': False, 'fvg_lookback': 22, 'en_ifvg': True, 'en_breaker': True, 'breaker_swing_l': 1, 'en_cisd': True, 'k': 3, 'en_cap_bars': True, 'cap_1min': 457}.
[I 2026-07-13 15:01:58,217] Trial 4222 finished with values: [4446.644602531736, -3157.167913498498, 40.25] and parameters: {'sl_soft': 0.05035573196257478, 'sl_hard_delta': 0.039849065565949165, 'tp': 0.22717864419781153, 'gate_pct': 99.43810192295578, 'dd_limit': 0.7627381108845042, 'cooldown': 1, 'flip': False, 'en_ema_trend': False, 'ema_trend_fast': 157, 'ema_trend_slow': 236, 'en_sma_trend': True, 'sma_trend_fast': 360, 'sma_trend_slow': 35, 'en_macd': False, 'macd_fast': 10, 'macd_slow': 41, 'macd_signal': 52, 'en_vwap': False, 'en_keltner': True, 'keltner_n': 123, 'keltner_m': 3.5, 'en_obv': True, 'obv_slope': 69, 'en_cci': True, 'cci_n': 166, 'cci_threshold': 130, 'en_rsi': False, 'rsi_n': 68, 'rsi_lower': 43, 'rsi_upper': 57, 'en_stochastic': False, 'stochastic_n': 62, 'stochastic_d': 11, 'stochastic_lower': 26, 'stochastic_upper': 78, 'en_mfi': True, 'mfi_n': 42, 'mfi_lower': 28, 'mfi_upper': 68, 'en_bollinger': True, 'bollinger_n': 2, 'bollinger_k': 1.6, 'en_adx': False, 'adx_n': 17, 'adx_threshold': 13, 'en_structure_trend': False, 'structure_trend_swing_l': 9, 'en_order_block': False, 'order_block_swing_l': 5, 'en_fvg': False, 'fvg_lookback': 35, 'en_ifvg': True, 'en_breaker': True, 'breaker_swing_l': 7, 'en_cisd': True, 'k': 4, 'en_cap_bars': False, 'cap_1min': 457}.
[I 2026-07-13 15:01:58,561] Trial 4223 finished with values: [5960.2888703632925, -4030.927695931795, 36.05] and parameters: {'sl_soft': 0.05035573196257478, 'sl_hard_delta': 0.039849065565949165, 'tp': 0.30344321187078127, 'gate_pct': 99.43810192295578, 'dd_limit': 9.049701546507107, 'cooldown': 0, 'flip': False, 'en_ema_trend': False, 'ema_trend_fast': 213, 'ema_trend_slow': 236, 'en_sma_trend': True, 'sma_trend_fast': 345, 'sma_trend_slow': 35, 'en_macd': False, 'macd_fast': 56, 'macd_slow': 3, 'macd_signal': 52, 'en_vwap': False, 'en_keltner': True, 'keltner_n': 123, 'keltner_m': 3.8000000000000003, 'en_obv': True, 'obv_slope': 69, 'en_cci': True, 'cci_n': 142, 'cci_threshold': 130, 'en_rsi': False, 'rsi_n': 64, 'rsi_lower': 43, 'rsi_upper': 79, 'en_stochastic': False, 'stochastic_n': 62, 'stochastic_d': 46, 'stochastic_lower': 2, 'stochastic_upper': 54, 'en_mfi': False, 'mfi_n': 43, 'mfi_lower': 19, 'mfi_upper': 68, 'en_bollinger': True, 'bollinger_n': 2, 'bollinger_k': 1.6, 'en_adx': False, 'adx_n': 50, 'adx_threshold': 9, 'en_structure_trend': True, 'structure_trend_swing_l': 9, 'en_order_block': True, 'order_block_swing_l': 11, 'en_fvg': True, 'fvg_lookback': 45, 'en_ifvg': True, 'en_breaker': True, 'breaker_swing_l': 1, 'en_cisd': True, 'k': 4, 'en_cap_bars': True, 'cap_1min': 1343}.
[I 2026-07-13 15:01:58,847] Trial 4224 pruned. 
[I 2026-07-13 15:02:07,426] Trial 4225 finished with values: [1106.206503701825, -6074.038434908431, 57.35] and parameters: {'sl_soft': 0.1790260279200085, 'sl_hard_delta': 0.039849065565949165, 'tp': 0.14985592681603982, 'gate_pct': 98.58299891691806, 'dd_limit': 0.7627381108845042, 'cooldown': 0, 'flip': False, 'en_ema_trend': True, 'ema_trend_fast': 169, 'ema_trend_slow': 157, 'en_sma_trend': True, 'sma_trend_fast': 240, 'sma_trend_slow': 225, 'en_macd': False, 'macd_fast': 56, 'macd_slow': 3, 'macd_signal': 82, 'en_vwap': False, 'en_keltner': True, 'keltner_n': 93, 'keltner_m': 3.1, 'en_obv': False, 'obv_slope': 162, 'en_cci': True, 'cci_n': 51, 'cci_threshold': 155, 'en_rsi': False, 'rsi_n': 5, 'rsi_lower': 47, 'rsi_upper': 58, 'en_stochastic': True, 'stochastic_n': 62, 'stochastic_d': 17, 'stochastic_lower': 20, 'stochastic_upper': 93, 'en_mfi': False, 'mfi_n': 14, 'mfi_lower': 19, 'mfi_upper': 80, 'en_bollinger': False, 'bollinger_n': 7, 'bollinger_k': 3.8000000000000003, 'en_adx': False, 'adx_n': 7, 'adx_threshold': 47, 'en_structure_trend': True, 'structure_trend_swing_l': 1, 'en_order_block': True, 'order_block_swing_l': 11, 'en_fvg': True, 'fvg_lookback': 22, 'en_ifvg': True, 'en_breaker': False, 'breaker_swing_l': 7, 'en_cisd': True, 'k': 4, 'en_cap_bars': True, 'cap_1min': 1343}.
[I 2026-07-13 15:02:07,847] Trial 4226 finished with values: [6836.148985476492, -12510.983121915939, 63.1] and parameters: {'sl_soft': 0.1790260279200085, 'sl_hard_delta': 0.039849065565949165, 'tp': 0.2356931692447365, 'gate_pct': 94.70821660915905, 'dd_limit': 7.364744278329123, 'cooldown': 0, 'flip': False, 'en_ema_trend': True, 'ema_trend_fast': 213, 'ema_trend_slow': 64, 'en_sma_trend': False, 'sma_trend_fast': 240, 'sma_trend_slow': 336, 'en_macd': False, 'macd_fast': 38, 'macd_slow': 125, 'macd_signal': 43, 'en_vwap': True, 'en_keltner': True, 'keltner_n': 123, 'keltner_m': 3.1, 'en_obv': False, 'obv_slope': 179, 'en_cci': True, 'cci_n': 166, 'cci_threshold': 145, 'en_rsi': False, 'rsi_n': 72, 'rsi_lower': 47, 'rsi_upper': 58, 'en_stochastic': False, 'stochastic_n': 62, 'stochastic_d': 17, 'stochastic_lower': 13, 'stochastic_upper': 98, 'en_mfi': False, 'mfi_n': 14, 'mfi_lower': 29, 'mfi_upper': 83, 'en_bollinger': False, 'bollinger_n': 7, 'bollinger_k': 3.8000000000000003, 'en_adx': False, 'adx_n': 91, 'adx_threshold': 47, 'en_structure_trend': False, 'structure_trend_swing_l': 9, 'en_order_block': True, 'order_block_swing_l': 11, 'en_fvg': False, 'fvg_lookback': 22, 'en_ifvg': True, 'en_breaker': True, 'breaker_swing_l': 13, 'en_cisd': True, 'k': 3, 'en_cap_bars': False, 'cap_1min': 655}.
[I 2026-07-13 15:02:08,251] Trial 4227 finished with values: [4938.888139360316, -10307.966481307532, 48.85] and parameters: {'sl_soft': 0.1790260279200085, 'sl_hard_delta': 0.039849065565949165, 'tp': 0.30344321187078127, 'gate_pct': 99.43810192295578, 'dd_limit': 9.049701546507107, 'cooldown': 0, 'flip': False, 'en_ema_trend': False, 'ema_trend_fast': 157, 'ema_trend_slow': 157, 'en_sma_trend': False, 'sma_trend_fast': 81, 'sma_trend_slow': 379, 'en_macd': False, 'macd_fast': 96, 'macd_slow': 200, 'macd_signal': 52, 'en_vwap': False, 'en_keltner': True, 'keltner_n': 123, 'keltner_m': 1.0, 'en_obv': True, 'obv_slope': 69, 'en_cci': True, 'cci_n': 166, 'cci_threshold': 130, 'en_rsi': False, 'rsi_n': 72, 'rsi_lower': 1, 'rsi_upper': 57, 'en_stochastic': False, 'stochastic_n': 89, 'stochastic_d': 17, 'stochastic_lower': 31, 'stochastic_upper': 66, 'en_mfi': False, 'mfi_n': 100, 'mfi_lower': 29, 'mfi_upper': 83, 'en_bollinger': True, 'bollinger_n': 7, 'bollinger_k': 2.0, 'en_adx': False, 'adx_n': 17, 'adx_threshold': 9, 'en_structure_trend': False, 'structure_trend_swing_l': 9, 'en_order_block': True, 'order_block_swing_l': 5, 'en_fvg': False, 'fvg_lookback': 22, 'en_ifvg': True, 'en_breaker': True, 'breaker_swing_l': 1, 'en_cisd': True, 'k': 3, 'en_cap_bars': True, 'cap_1min': 457}.
[I 2026-07-13 15:02:08,606] Trial 4228 finished with values: [2953.754420376579, -5947.974065433002, 73.05] and parameters: {'sl_soft': 0.1790260279200085, 'sl_hard_delta': 0.039849065565949165, 'tp': 0.14985592681603982, 'gate_pct': 94.70821660915905, 'dd_limit': 9.049701546507107, 'cooldown': 0, 'flip': False, 'en_ema_trend': True, 'ema_trend_fast': 169, 'ema_trend_slow': 157, 'en_sma_trend': False, 'sma_trend_fast': 81, 'sma_trend_slow': 379, 'en_macd': False, 'macd_fast': 56, 'macd_slow': 200, 'macd_signal': 52, 'en_vwap': False, 'en_keltner': False, 'keltner_n': 60, 'keltner_m': 3.3000000000000003, 'en_obv': True, 'obv_slope': 153, 'en_cci': True, 'cci_n': 51, 'cci_threshold': 50, 'en_rsi': False, 'rsi_n': 72, 'rsi_lower': 1, 'rsi_upper': 80, 'en_stochastic': False, 'stochastic_n': 89, 'stochastic_d': 17, 'stochastic_lower': 20, 'stochastic_upper': 66, 'en_mfi': False, 'mfi_n': 14, 'mfi_lower': 19, 'mfi_upper': 83, 'en_bollinger': False, 'bollinger_n': 2, 'bollinger_k': 4.1, 'en_adx': False, 'adx_n': 7, 'adx_threshold': 57, 'en_structure_trend': False, 'structure_trend_swing_l': 1, 'en_order_block': True, 'order_block_swing_l': 16, 'en_fvg': True, 'fvg_lookback': 22, 'en_ifvg': True, 'en_breaker': True, 'breaker_swing_l': 1, 'en_cisd': True, 'k': 4, 'en_cap_bars': True, 'cap_1min': 1399}.
[I 2026-07-13 15:02:09,021] Trial 4229 finished with values: [937.9000034594217, -10856.257574639903, 49.85] and parameters: {'sl_soft': 0.1790260279200085, 'sl_hard_delta': 0.039849065565949165, 'tp': 0.22717864419781153, 'gate_pct': 99.43810192295578, 'dd_limit': 0.7627381108845042, 'cooldown': 1, 'flip': False, 'en_ema_trend': False, 'ema_trend_fast': 157, 'ema_trend_slow': 157, 'en_sma_trend': True, 'sma_trend_fast': 360, 'sma_trend_slow': 35, 'en_macd': False, 'macd_fast': 56, 'macd_slow': 41, 'macd_signal': 52, 'en_vwap': False, 'en_keltner': True, 'keltner_n': 93, 'keltner_m': 1.0, 'en_obv': True, 'obv_slope': 61, 'en_cci': True, 'cci_n': 142, 'cci_threshold': 130, 'en_rsi': False, 'rsi_n': 74, 'rsi_lower': 43, 'rsi_upper': 57, 'en_stochastic': False, 'stochastic_n': 70, 'stochastic_d': 34, 'stochastic_lower': 20, 'stochastic_upper': 54, 'en_mfi': False, 'mfi_n': 43, 'mfi_lower': 29, 'mfi_upper': 68, 'en_bollinger': True, 'bollinger_n': 2, 'bollinger_k': 2.0, 'en_adx': False, 'adx_n': 35, 'adx_threshold': 13, 'en_structure_trend': True, 'structure_trend_swing_l': 9, 'en_order_block': True, 'order_block_swing_l': 3, 'en_fvg': False, 'fvg_lookback': 22, 'en_ifvg': True, 'en_breaker': True, 'breaker_swing_l': 7, 'en_cisd': False, 'k': 4, 'en_cap_bars': True, 'cap_1min': 457}.
[I 2026-07-13 15:02:09,418] Trial 4230 finished with values: [4327.3147694704585, -5511.148001461377, 36.35] and parameters: {'sl_soft': 0.041819685424319256, 'sl_hard_delta': 0.039849065565949165, 'tp': 0.20741590457257697, 'gate_pct': 94.70821660915905, 'dd_limit': 7.364744278329123, 'cooldown': 0, 'flip': False, 'en_ema_trend': False, 'ema_trend_fast': 197, 'ema_trend_slow': 64, 'en_sma_trend': False, 'sma_trend_fast': 360, 'sma_trend_slow': 35, 'en_macd': True, 'macd_fast': 10, 'macd_slow': 3, 'macd_signal': 52, 'en_vwap': False, 'en_keltner': False, 'keltner_n': 123, 'keltner_m': 3.5, 'en_obv': False, 'obv_slope': 26, 'en_cci': True, 'cci_n': 142, 'cci_threshold': 50, 'en_rsi': False, 'rsi_n': 72, 'rsi_lower': 1, 'rsi_upper': 87, 'en_stochastic': False, 'stochastic_n': 62, 'stochastic_d': 34, 'stochastic_lower': 13, 'stochastic_upper': 98, 'en_mfi': False, 'mfi_n': 8, 'mfi_lower': 28, 'mfi_upper': 80, 'en_bollinger': True, 'bollinger_n': 2, 'bollinger_k': 4.1, 'en_adx': False, 'adx_n': 35, 'adx_threshold': 9, 'en_structure_trend': True, 'structure_trend_swing_l': 9, 'en_order_block': True, 'order_block_swing_l': 5, 'en_fvg': False, 'fvg_lookback': 35, 'en_ifvg': True, 'en_breaker': True, 'breaker_swing_l': 13, 'en_cisd': True, 'k': 3, 'en_cap_bars': False, 'cap_1min': 655}.
[I 2026-07-13 15:02:09,841] Trial 4231 finished with values: [4786.2687248657385, -2399.9999999999845, 61.25] and parameters: {'sl_soft': 0.1790260279200085, 'sl_hard_delta': 0.17437949833153482, 'tp': 0.30344321187078127, 'gate_pct': 94.70821660915905, 'dd_limit': 0.7627381108845042, 'cooldown': 4, 'flip': False, 'en_ema_trend': True, 'ema_trend_fast': 157, 'ema_trend_slow': 377, 'en_sma_trend': True, 'sma_trend_fast': 81, 'sma_trend_slow': 35, 'en_macd': False, 'macd_fast': 10, 'macd_slow': 125, 'macd_signal': 45, 'en_vwap': False, 'en_keltner': True, 'keltner_n': 123, 'keltner_m': 1.3, 'en_obv': False, 'obv_slope': 61, 'en_cci': True, 'cci_n': 166, 'cci_threshold': 250, 'en_rsi': False, 'rsi_n': 5, 'rsi_lower': 32, 'rsi_upper': 57, 'en_stochastic': False, 'stochastic_n': 84, 'stochastic_d': 17, 'stochastic_lower': 20, 'stochastic_upper': 91, 'en_mfi': False, 'mfi_n': 14, 'mfi_lower': 22, 'mfi_upper': 83, 'en_bollinger': True, 'bollinger_n': 192, 'bollinger_k': 4.1, 'en_adx': False, 'adx_n': 50, 'adx_threshold': 9, 'en_structure_trend': False, 'structure_trend_swing_l': 9, 'en_order_block': True, 'order_block_swing_l': 5, 'en_fvg': True, 'fvg_lookback': 7, 'en_ifvg': True, 'en_breaker': True, 'breaker_swing_l': 1, 'en_cisd': True, 'k': 4, 'en_cap_bars': True, 'cap_1min': 655}.
[I 2026-07-13 15:02:11,227] Trial 4232 finished with values: [6467.968588537082, -9046.827307837617, 39.1] and parameters: {'sl_soft': 0.05035573196257478, 'sl_hard_delta': 0.234009729604921, 'tp': 0.30344321187078127, 'gate_pct': 98.58299891691806, 'dd_limit': 5.937758572987326, 'cooldown': 0, 'flip': False, 'en_ema_trend': False, 'ema_trend_fast': 157, 'ema_trend_slow': 157, 'en_sma_trend': True, 'sma_trend_fast': 313, 'sma_trend_slow': 319, 'en_macd': True, 'macd_fast': 10, 'macd_slow': 69, 'macd_signal': 52, 'en_vwap': False, 'en_keltner': False, 'keltner_n': 123, 'keltner_m': 3.8000000000000003, 'en_obv': True, 'obv_slope': 162, 'en_cci': True, 'cci_n': 166, 'cci_threshold': 130, 'en_rsi': False, 'rsi_n': 5, 'rsi_lower': 43, 'rsi_upper': 58, 'en_stochastic': False, 'stochastic_n': 62, 'stochastic_d': 11, 'stochastic_lower': 31, 'stochastic_upper': 93, 'en_mfi': False, 'mfi_n': 42, 'mfi_lower': 45, 'mfi_upper': 80, 'en_bollinger': True, 'bollinger_n': 192, 'bollinger_k': 3.8000000000000003, 'en_adx': False, 'adx_n': 17, 'adx_threshold': 9, 'en_structure_trend': True, 'structure_trend_swing_l': 9, 'en_order_block': True, 'order_block_swing_l': 5, 'en_fvg': False, 'fvg_lookback': 22, 'en_ifvg': True, 'en_breaker': True, 'breaker_swing_l': 20, 'en_cisd': True, 'k': 4, 'en_cap_bars': False, 'cap_1min': 1343}.
[I 2026-07-13 15:02:11,476] Trial 4233 pruned. 
[I 2026-07-13 15:02:11,856] Trial 4234 finished with values: [6902.612048346802, -10359.212856067334, 56.55] and parameters: {'sl_soft': 0.19207751714688032, 'sl_hard_delta': 0.039849065565949165, 'tp': 0.22717864419781153, 'gate_pct': 99.43810192295578, 'dd_limit': 0.7627381108845042, 'cooldown': 0, 'flip': False, 'en_ema_trend': False, 'ema_trend_fast': 157, 'ema_trend_slow': 236, 'en_sma_trend': True, 'sma_trend_fast': 313, 'sma_trend_slow': 319, 'en_macd': True, 'macd_fast': 11, 'macd_slow': 3, 'macd_signal': 52, 'en_vwap': False, 'en_keltner': True, 'keltner_n': 131, 'keltner_m': 1.0, 'en_obv': True, 'obv_slope': 153, 'en_cci': True, 'cci_n': 166, 'cci_threshold': 130, 'en_rsi': False, 'rsi_n': 5, 'rsi_lower': 43, 'rsi_upper': 58, 'en_stochastic': False, 'stochastic_n': 62, 'stochastic_d': 17, 'stochastic_lower': 38, 'stochastic_upper': 66, 'en_mfi': False, 'mfi_n': 42, 'mfi_lower': 28, 'mfi_upper': 80, 'en_bollinger': True, 'bollinger_n': 2, 'bollinger_k': 3.8000000000000003, 'en_adx': False, 'adx_n': 17, 'adx_threshold': 13, 'en_structure_trend': False, 'structure_trend_swing_l': 9, 'en_order_block': False, 'order_block_swing_l': 3, 'en_fvg': False, 'fvg_lookback': 22, 'en_ifvg': True, 'en_breaker': True, 'breaker_swing_l': 1, 'en_cisd': True, 'k': 4, 'en_cap_bars': False, 'cap_1min': 457}.
