[I 2026-07-13 13:37:19,631] Trial 288 finished with values: [-1163.3187389842715, -13521.04977864038, 44.8] and parameters: {'sl_soft': 0.1955008004678873, 'sl_hard_delta': 0.014838873219692326, 'tp': 0.19110422394207255, 'gate_pct': 98.67302380660169, 'dd_limit': 3.021375135532224, 'cooldown': 1, 'flip': False, 'en_ema_trend': False, 'ema_trend_fast': 279, 'ema_trend_slow': 125, 'en_sma_trend': True, 'sma_trend_fast': 334, 'sma_trend_slow': 268, 'en_macd': True, 'macd_fast': 18, 'macd_slow': 91, 'macd_signal': 65, 'en_vwap': True, 'en_keltner': True, 'keltner_n': 153, 'keltner_m': 2.8000000000000003, 'en_obv': False, 'obv_slope': 165, 'en_cci': True, 'cci_n': 100, 'cci_threshold': 125, 'en_rsi': True, 'rsi_n': 71, 'rsi_lower': 18, 'rsi_upper': 94, 'en_stochastic': True, 'stochastic_n': 52, 'stochastic_d': 22, 'stochastic_lower': 14, 'stochastic_upper': 93, 'en_mfi': True, 'mfi_n': 62, 'mfi_lower': 25, 'mfi_upper': 97, 'en_bollinger': False, 'bollinger_n': 7, 'bollinger_k': 1.0, 'en_adx': False, 'adx_n': 12, 'adx_threshold': 17, 'en_structure_trend': False, 'structure_trend_swing_l': 3, 'en_order_block': True, 'order_block_swing_l': 3, 'en_fvg': True, 'fvg_lookback': 18, 'en_ifvg': True, 'en_breaker': True, 'breaker_swing_l': 16, 'en_cisd': False, 'k': 1, 'en_cap_bars': True, 'cap_1min': 1243}.
[I 2026-07-13 13:37:22,097] Trial 289 pruned. 
[I 2026-07-13 13:37:22,907] Trial 290 pruned. 
[I 2026-07-13 13:37:23,849] Trial 291 pruned. 
[I 2026-07-13 13:37:24,861] Trial 292 pruned. 
[I 2026-07-13 13:37:25,626] Trial 293 pruned. 
[I 2026-07-13 13:37:31,953] Trial 294 pruned. 
[I 2026-07-13 13:37:36,276] Trial 295 pruned. 
[I 2026-07-13 13:37:37,083] Trial 296 pruned. 
[I 2026-07-13 13:37:38,598] Trial 297 pruned. 
[I 2026-07-13 13:37:39,653] Trial 298 pruned. 
[I 2026-07-13 13:37:40,081] Trial 299 pruned. 
[I 2026-07-13 13:37:41,024] Trial 300 pruned. 
[I 2026-07-13 13:37:43,864] Trial 301 pruned. 
[I 2026-07-13 13:37:44,826] Trial 302 pruned. 
[I 2026-07-13 13:37:45,564] Trial 303 pruned. 
[I 2026-07-13 13:37:47,614] Trial 304 pruned. 
[I 2026-07-13 13:37:50,326] Trial 305 pruned. 
[I 2026-07-13 13:37:52,717] Trial 306 pruned. 
[I 2026-07-13 13:37:54,270] Trial 307 pruned. 
[I 2026-07-13 13:37:55,206] Trial 308 pruned. 
[I 2026-07-13 13:37:58,768] Trial 309 finished with values: [-1029.1667481174204, -4059.215888783783, 32.1] and parameters: {'sl_soft': 0.05035573196257478, 'sl_hard_delta': 0.039849065565949165, 'tp': 0.22717864419781153, 'gate_pct': 97.28704165170988, 'dd_limit': 0.7627381108845042, 'cooldown': 5, 'flip': False, 'en_ema_trend': False, 'ema_trend_fast': 197, 'ema_trend_slow': 304, 'en_sma_trend': False, 'sma_trend_fast': 360, 'sma_trend_slow': 35, 'en_macd': True, 'macd_fast': 80, 'macd_slow': 161, 'macd_signal': 18, 'en_vwap': True, 'en_keltner': True, 'keltner_n': 123, 'keltner_m': 3.5, 'en_obv': True, 'obv_slope': 25, 'en_cci': False, 'cci_n': 54, 'cci_threshold': 300, 'en_rsi': False, 'rsi_n': 100, 'rsi_lower': 1, 'rsi_upper': 81, 'en_stochastic': False, 'stochastic_n': 62, 'stochastic_d': 2, 'stochastic_lower': 40, 'stochastic_upper': 57, 'en_mfi': False, 'mfi_n': 11, 'mfi_lower': 44, 'mfi_upper': 54, 'en_bollinger': False, 'bollinger_n': 197, 'bollinger_k': 2.7, 'en_adx': False, 'adx_n': 35, 'adx_threshold': 35, 'en_structure_trend': True, 'structure_trend_swing_l': 9, 'en_order_block': True, 'order_block_swing_l': 13, 'en_fvg': False, 'fvg_lookback': 24, 'en_ifvg': False, 'en_breaker': True, 'breaker_swing_l': 8, 'en_cisd': False, 'k': 3, 'en_cap_bars': False, 'cap_1min': 591}.
[I 2026-07-13 13:38:00,506] Trial 310 pruned. 
[I 2026-07-13 13:38:03,559] Trial 311 pruned. 
[I 2026-07-13 13:38:05,352] Trial 312 pruned. 
[I 2026-07-13 13:38:06,806] Trial 313 pruned. 
[I 2026-07-13 13:38:09,185] Trial 314 pruned. 
[I 2026-07-13 13:38:09,376] Trial 315 pruned. 
[I 2026-07-13 13:38:10,258] Trial 316 pruned. 
[I 2026-07-13 13:38:11,736] Trial 317 pruned. 
[I 2026-07-13 13:38:13,007] Trial 318 pruned. 
[I 2026-07-13 13:38:13,377] Trial 319 pruned. 
[I 2026-07-13 13:38:13,488] Trial 320 pruned. 
[I 2026-07-13 13:38:14,137] Trial 321 pruned. 
[I 2026-07-13 13:38:15,919] Trial 322 pruned. 
[I 2026-07-13 13:38:17,032] Trial 323 pruned. 
[I 2026-07-13 13:38:20,036] Trial 324 pruned. 
[I 2026-07-13 13:38:21,274] Trial 325 pruned. 
[I 2026-07-13 13:38:22,818] Trial 326 pruned. 
[I 2026-07-13 13:38:23,063] Trial 327 pruned. 
[I 2026-07-13 13:38:24,415] Trial 328 pruned. 
[I 2026-07-13 13:38:25,161] Trial 329 pruned. 
[I 2026-07-13 13:38:27,894] Trial 330 pruned. 
[I 2026-07-13 13:38:29,177] Trial 331 pruned. 
[I 2026-07-13 13:38:29,890] Trial 332 pruned. 
[I 2026-07-13 13:38:31,099] Trial 333 pruned. 
[I 2026-07-13 13:38:33,511] Trial 334 pruned. 
[I 2026-07-13 13:38:34,276] Trial 335 pruned. 
[I 2026-07-13 13:38:35,934] Trial 336 pruned. 
[I 2026-07-13 13:38:38,090] Trial 337 pruned. 
[I 2026-07-13 13:38:51,254] Trial 338 finished with values: [-20.862378857007286, -5655.673042689314, 55.75] and parameters: {'sl_soft': 0.11980020901880456, 'sl_hard_delta': 0.20098961507352478, 'tp': 0.09560500440520342, 'gate_pct': 99.57581637257637, 'dd_limit': 5.328714371677049, 'cooldown': 1, 'flip': False, 'en_ema_trend': True, 'ema_trend_fast': 301, 'ema_trend_slow': 395, 'en_sma_trend': False, 'sma_trend_fast': 165, 'sma_trend_slow': 154, 'en_macd': False, 'macd_fast': 89, 'macd_slow': 107, 'macd_signal': 67, 'en_vwap': False, 'en_keltner': True, 'keltner_n': 76, 'keltner_m': 4.5, 'en_obv': True, 'obv_slope': 173, 'en_cci': False, 'cci_n': 120, 'cci_threshold': 45, 'en_rsi': False, 'rsi_n': 33, 'rsi_lower': 20, 'rsi_upper': 63, 'en_stochastic': True, 'stochastic_n': 90, 'stochastic_d': 13, 'stochastic_lower': 21, 'stochastic_upper': 82, 'en_mfi': False, 'mfi_n': 56, 'mfi_lower': 13, 'mfi_upper': 72, 'en_bollinger': True, 'bollinger_n': 100, 'bollinger_k': 4.5, 'en_adx': True, 'adx_n': 68, 'adx_threshold': 10, 'en_structure_trend': False, 'structure_trend_swing_l': 2, 'en_order_block': False, 'order_block_swing_l': 5, 'en_fvg': True, 'fvg_lookback': 33, 'en_ifvg': True, 'en_breaker': False, 'breaker_swing_l': 11, 'en_cisd': False, 'k': 4, 'en_cap_bars': True, 'cap_1min': 1317}.
[I 2026-07-13 13:38:52,168] Trial 339 pruned. 
[I 2026-07-13 13:38:52,621] Trial 340 pruned. 
[I 2026-07-13 13:38:53,047] Trial 341 pruned. 
[I 2026-07-13 13:38:54,560] Trial 342 pruned. 
[I 2026-07-13 13:38:56,045] Trial 343 pruned. 
[I 2026-07-13 13:38:57,471] Trial 344 pruned. 
[I 2026-07-13 13:38:58,181] Trial 345 pruned. 
[I 2026-07-13 13:38:59,141] Trial 346 pruned. 
[I 2026-07-13 13:39:00,986] Trial 347 pruned. 
[I 2026-07-13 13:39:02,392] Trial 348 pruned. 
[I 2026-07-13 13:39:03,308] Trial 349 pruned. 
[I 2026-07-13 13:39:05,084] Trial 350 pruned. 
[I 2026-07-13 13:39:06,199] Trial 351 pruned. 
[I 2026-07-13 13:39:06,775] Trial 352 pruned. 
[I 2026-07-13 13:39:07,699] Trial 353 pruned. 
[I 2026-07-13 13:39:09,157] Trial 354 pruned. 
[I 2026-07-13 13:39:09,917] Trial 355 pruned. 
[I 2026-07-13 13:39:11,008] Trial 356 pruned. 
[I 2026-07-13 13:39:12,881] Trial 357 pruned. 
[I 2026-07-13 13:39:14,231] Trial 358 pruned. 
[I 2026-07-13 13:39:15,272] Trial 359 pruned. 
[I 2026-07-13 13:39:15,450] Trial 360 pruned. 
[I 2026-07-13 13:39:17,012] Trial 361 pruned. 
[I 2026-07-13 13:39:18,435] Trial 362 pruned. 
[I 2026-07-13 13:39:19,474] Trial 363 pruned. 
[I 2026-07-13 13:39:20,425] Trial 364 pruned. 
[I 2026-07-13 13:39:21,389] Trial 365 pruned. 
[I 2026-07-13 13:39:25,996] Trial 366 finished with values: [1092.574979238998, -15783.987861973332, 37.599999999999994] and parameters: {'sl_soft': 0.09037782451985188, 'sl_hard_delta': 0.11318270864879192, 'tp': 0.27777541397148076, 'gate_pct': 99.47218267450155, 'dd_limit': 9.50807718589736, 'cooldown': 1, 'flip': False, 'en_ema_trend': True, 'ema_trend_fast': 84, 'ema_trend_slow': 161, 'en_sma_trend': True, 'sma_trend_fast': 353, 'sma_trend_slow': 141, 'en_macd': True, 'macd_fast': 83, 'macd_slow': 18, 'macd_signal': 82, 'en_vwap': True, 'en_keltner': False, 'keltner_n': 39, 'keltner_m': 2.6, 'en_obv': True, 'obv_slope': 30, 'en_cci': True, 'cci_n': 4, 'cci_threshold': 300, 'en_rsi': True, 'rsi_n': 31, 'rsi_lower': 15, 'rsi_upper': 89, 'en_stochastic': False, 'stochastic_n': 77, 'stochastic_d': 29, 'stochastic_lower': 23, 'stochastic_upper': 97, 'en_mfi': True, 'mfi_n': 62, 'mfi_lower': 1, 'mfi_upper': 64, 'en_bollinger': True, 'bollinger_n': 49, 'bollinger_k': 4.300000000000001, 'en_adx': False, 'adx_n': 41, 'adx_threshold': 38, 'en_structure_trend': False, 'structure_trend_swing_l': 11, 'en_order_block': False, 'order_block_swing_l': 4, 'en_fvg': True, 'fvg_lookback': 50, 'en_ifvg': False, 'en_breaker': False, 'breaker_swing_l': 5, 'en_cisd': True, 'k': 2, 'en_cap_bars': False, 'cap_1min': 1134}.
[I 2026-07-13 13:39:26,738] Trial 367 pruned. 
[I 2026-07-13 13:39:28,018] Trial 368 pruned. 
[I 2026-07-13 13:39:29,504] Trial 369 finished with values: [-1701.9291681174843, -9507.378181817787, 40.2] and parameters: {'sl_soft': 0.054893083033880095, 'sl_hard_delta': 0.21791152045309023, 'tp': 0.13948355383980532, 'gate_pct': 99.52194572971088, 'dd_limit': 3.8524500851165895, 'cooldown': 3, 'flip': True, 'en_ema_trend': True, 'ema_trend_fast': 323, 'ema_trend_slow': 136, 'en_sma_trend': True, 'sma_trend_fast': 222, 'sma_trend_slow': 16, 'en_macd': False, 'macd_fast': 64, 'macd_slow': 11, 'macd_signal': 18, 'en_vwap': True, 'en_keltner': False, 'keltner_n': 56, 'keltner_m': 0.5, 'en_obv': True, 'obv_slope': 72, 'en_cci': False, 'cci_n': 7, 'cci_threshold': 145, 'en_rsi': False, 'rsi_n': 91, 'rsi_lower': 36, 'rsi_upper': 89, 'en_stochastic': False, 'stochastic_n': 55, 'stochastic_d': 2, 'stochastic_lower': 1, 'stochastic_upper': 89, 'en_mfi': False, 'mfi_n': 84, 'mfi_lower': 35, 'mfi_upper': 57, 'en_bollinger': False, 'bollinger_n': 139, 'bollinger_k': 1.4, 'en_adx': False, 'adx_n': 32, 'adx_threshold': 49, 'en_structure_trend': True, 'structure_trend_swing_l': 3, 'en_order_block': False, 'order_block_swing_l': 4, 'en_fvg': False, 'fvg_lookback': 32, 'en_ifvg': True, 'en_breaker': True, 'breaker_swing_l': 15, 'en_cisd': False, 'k': 1, 'en_cap_bars': True, 'cap_1min': 753}.
[I 2026-07-13 13:39:30,067] Trial 370 pruned. 
[I 2026-07-13 13:39:31,637] Trial 371 pruned. 
[I 2026-07-13 13:39:32,219] Trial 372 pruned. 
[I 2026-07-13 13:39:32,940] Trial 373 pruned. 
[I 2026-07-13 13:39:34,367] Trial 374 pruned. 
[I 2026-07-13 13:39:36,083] Trial 375 pruned. 
[I 2026-07-13 13:39:36,744] Trial 376 pruned. 
[I 2026-07-13 13:39:37,618] Trial 377 pruned. 
[I 2026-07-13 13:39:39,177] Trial 378 pruned. 
[I 2026-07-13 13:39:40,258] Trial 379 pruned. 
[I 2026-07-13 13:39:41,342] Trial 380 pruned. 
[I 2026-07-13 13:39:42,133] Trial 381 pruned. 
[I 2026-07-13 13:39:44,396] Trial 382 pruned. 
[I 2026-07-13 13:39:45,977] Trial 383 pruned. 
[I 2026-07-13 13:39:47,105] Trial 384 pruned. 
[I 2026-07-13 13:39:47,526] Trial 385 pruned. 
[I 2026-07-13 13:39:49,088] Trial 386 pruned. 
[I 2026-07-13 13:39:50,077] Trial 387 pruned. 
[I 2026-07-13 13:39:51,763] Trial 388 pruned. 
[I 2026-07-13 13:39:52,937] Trial 389 pruned. 
[I 2026-07-13 13:39:53,660] Trial 390 pruned. 
[I 2026-07-13 13:39:55,815] Trial 391 pruned. 
[I 2026-07-13 13:39:56,619] Trial 392 pruned. 
[I 2026-07-13 13:39:57,916] Trial 393 pruned. 
[I 2026-07-13 13:40:00,069] Trial 394 pruned. 
[I 2026-07-13 13:40:01,257] Trial 395 pruned. 
[I 2026-07-13 13:40:02,196] Trial 396 pruned. 
[I 2026-07-13 13:40:10,890] Trial 397 finished with values: [-967.5672096800267, -4059.411361357732, 60.0] and parameters: {'sl_soft': 0.14289727201071423, 'sl_hard_delta': 0.17595370596055568, 'tp': 0.11811772772846657, 'gate_pct': 97.81683336946006, 'dd_limit': 0.23735305616742414, 'cooldown': 4, 'flip': False, 'en_ema_trend': True, 'ema_trend_fast': 206, 'ema_trend_slow': 250, 'en_sma_trend': False, 'sma_trend_fast': 32, 'sma_trend_slow': 245, 'en_macd': False, 'macd_fast': 81, 'macd_slow': 22, 'macd_signal': 6, 'en_vwap': True, 'en_keltner': True, 'keltner_n': 172, 'keltner_m': 4.7, 'en_obv': False, 'obv_slope': 157, 'en_cci': True, 'cci_n': 6, 'cci_threshold': 295, 'en_rsi': False, 'rsi_n': 68, 'rsi_lower': 25, 'rsi_upper': 72, 'en_stochastic': True, 'stochastic_n': 24, 'stochastic_d': 6, 'stochastic_lower': 16, 'stochastic_upper': 66, 'en_mfi': False, 'mfi_n': 15, 'mfi_lower': 2, 'mfi_upper': 79, 'en_bollinger': True, 'bollinger_n': 122, 'bollinger_k': 3.9000000000000004, 'en_adx': False, 'adx_n': 64, 'adx_threshold': 12, 'en_structure_trend': True, 'structure_trend_swing_l': 13, 'en_order_block': True, 'order_block_swing_l': 15, 'en_fvg': False, 'fvg_lookback': 19, 'en_ifvg': False, 'en_breaker': True, 'breaker_swing_l': 11, 'en_cisd': True, 'k': 2, 'en_cap_bars': True, 'cap_1min': 483}.
[I 2026-07-13 13:40:11,480] Trial 398 pruned. 
[I 2026-07-13 13:40:12,482] Trial 399 pruned. 
[I 2026-07-13 13:40:12,675] Trial 400 pruned. 
[I 2026-07-13 13:40:13,202] Trial 401 pruned. 
[I 2026-07-13 13:40:14,637] Trial 402 pruned. 
[I 2026-07-13 13:40:16,036] Trial 403 pruned. 
[I 2026-07-13 13:40:18,084] Trial 404 pruned. 
[I 2026-07-13 13:40:21,903] Trial 405 pruned. 
[I 2026-07-13 13:40:22,190] Trial 406 pruned. 
[I 2026-07-13 13:40:23,886] Trial 407 pruned. 
[I 2026-07-13 13:40:26,377] Trial 408 pruned. 
[I 2026-07-13 13:40:26,890] Trial 409 pruned. 
[I 2026-07-13 13:40:27,327] Trial 410 pruned. 
[I 2026-07-13 13:40:28,665] Trial 411 pruned. 
[I 2026-07-13 13:40:29,704] Trial 412 pruned. 
[I 2026-07-13 13:40:30,126] Trial 413 pruned. 
[I 2026-07-13 13:40:31,360] Trial 414 pruned. 
[I 2026-07-13 13:40:35,796] Trial 415 pruned. 
[I 2026-07-13 13:40:37,550] Trial 416 pruned. 
[I 2026-07-13 13:40:40,919] Trial 417 pruned. 
[I 2026-07-13 13:40:41,362] Trial 418 pruned. 
[I 2026-07-13 13:40:41,839] Trial 419 pruned. 
[I 2026-07-13 13:40:42,796] Trial 420 pruned. 
[I 2026-07-13 13:40:43,158] Trial 421 pruned. 
[I 2026-07-13 13:40:45,647] Trial 422 pruned. 
[I 2026-07-13 13:40:47,385] Trial 423 pruned. 
[I 2026-07-13 13:40:48,138] Trial 424 pruned. 
[I 2026-07-13 13:40:49,483] Trial 425 pruned. 
[I 2026-07-13 13:40:52,499] Trial 426 pruned. 
[I 2026-07-13 13:40:53,796] Trial 427 pruned. 
[I 2026-07-13 13:40:54,767] Trial 428 pruned. 
[I 2026-07-13 13:40:55,434] Trial 429 pruned. 
[I 2026-07-13 13:40:56,849] Trial 430 pruned. 
[I 2026-07-13 13:40:58,154] Trial 431 pruned. 
[I 2026-07-13 13:41:00,627] Trial 432 pruned. 
[I 2026-07-13 13:41:11,246] Trial 433 finished with values: [-1571.901032445382, -4791.26001890588, 31.75] and parameters: {'sl_soft': 0.0939795455595555, 'sl_hard_delta': 0.03245835686769686, 'tp': 0.20106170350057717, 'gate_pct': 99.43003533124055, 'dd_limit': 6.790710943832704, 'cooldown': 1, 'flip': True, 'en_ema_trend': True, 'ema_trend_fast': 383, 'ema_trend_slow': 211, 'en_sma_trend': True, 'sma_trend_fast': 396, 'sma_trend_slow': 205, 'en_macd': True, 'macd_fast': 62, 'macd_slow': 118, 'macd_signal': 53, 'en_vwap': False, 'en_keltner': False, 'keltner_n': 136, 'keltner_m': 4.4, 'en_obv': True, 'obv_slope': 40, 'en_cci': True, 'cci_n': 169, 'cci_threshold': 110, 'en_rsi': True, 'rsi_n': 41, 'rsi_lower': 34, 'rsi_upper': 74, 'en_stochastic': True, 'stochastic_n': 66, 'stochastic_d': 15, 'stochastic_lower': 47, 'stochastic_upper': 73, 'en_mfi': True, 'mfi_n': 79, 'mfi_lower': 19, 'mfi_upper': 73, 'en_bollinger': True, 'bollinger_n': 86, 'bollinger_k': 1.1, 'en_adx': False, 'adx_n': 93, 'adx_threshold': 5, 'en_structure_trend': False, 'structure_trend_swing_l': 1, 'en_order_block': False, 'order_block_swing_l': 16, 'en_fvg': False, 'fvg_lookback': 40, 'en_ifvg': True, 'en_breaker': True, 'breaker_swing_l': 6, 'en_cisd': True, 'k': 2, 'en_cap_bars': False, 'cap_1min': 995}.
[I 2026-07-13 13:41:12,880] Trial 434 pruned. 
[I 2026-07-13 13:41:14,166] Trial 435 pruned. 
[I 2026-07-13 13:41:15,221] Trial 436 pruned. 
[I 2026-07-13 13:41:17,003] Trial 437 pruned. 
[I 2026-07-13 13:41:18,508] Trial 438 pruned. 
[I 2026-07-13 13:41:20,651] Trial 439 finished with values: [-464.2011061894634, -2598.645689294869, 67.55000000000001] and parameters: {'sl_soft': 0.0637177657050147, 'sl_hard_delta': 0.20897874235595695, 'tp': 0.05633603863240028, 'gate_pct': 99.86430067299344, 'dd_limit': 2.3419576250818945, 'cooldown': 5, 'flip': True, 'en_ema_trend': True, 'ema_trend_fast': 4, 'ema_trend_slow': 134, 'en_sma_trend': False, 'sma_trend_fast': 204, 'sma_trend_slow': 385, 'en_macd': True, 'macd_fast': 76, 'macd_slow': 28, 'macd_signal': 13, 'en_vwap': True, 'en_keltner': False, 'keltner_n': 95, 'keltner_m': 2.8000000000000003, 'en_obv': True, 'obv_slope': 140, 'en_cci': False, 'cci_n': 115, 'cci_threshold': 280, 'en_rsi': False, 'rsi_n': 7, 'rsi_lower': 34, 'rsi_upper': 70, 'en_stochastic': False, 'stochastic_n': 41, 'stochastic_d': 5, 'stochastic_lower': 43, 'stochastic_upper': 86, 'en_mfi': False, 'mfi_n': 25, 'mfi_lower': 23, 'mfi_upper': 87, 'en_bollinger': False, 'bollinger_n': 103, 'bollinger_k': 1.8, 'en_adx': False, 'adx_n': 47, 'adx_threshold': 25, 'en_structure_trend': True, 'structure_trend_swing_l': 5, 'en_order_block': True, 'order_block_swing_l': 7, 'en_fvg': True, 'fvg_lookback': 40, 'en_ifvg': False, 'en_breaker': True, 'breaker_swing_l': 20, 'en_cisd': True, 'k': 4, 'en_cap_bars': True, 'cap_1min': 374}.
[I 2026-07-13 13:41:20,955] Trial 440 pruned. 
[I 2026-07-13 13:41:23,499] Trial 441 pruned. 
[I 2026-07-13 13:41:24,078] Trial 442 pruned. 
[I 2026-07-13 13:41:26,819] Trial 443 pruned. 
[I 2026-07-13 13:41:28,604] Trial 444 pruned. 
[I 2026-07-13 13:41:29,619] Trial 445 pruned. 
[I 2026-07-13 13:41:30,443] Trial 446 pruned. 
[I 2026-07-13 13:41:31,773] Trial 447 pruned. 
[I 2026-07-13 13:41:33,618] Trial 448 pruned. 
[I 2026-07-13 13:41:33,971] Trial 449 pruned. 
[I 2026-07-13 13:41:34,419] Trial 450 pruned. 
[I 2026-07-13 13:41:36,298] Trial 451 pruned. 
[I 2026-07-13 13:41:36,800] Trial 452 pruned. 
[I 2026-07-13 13:41:39,372] Trial 453 pruned. 
[I 2026-07-13 13:41:39,770] Trial 454 pruned. 
[I 2026-07-13 13:41:41,452] Trial 455 pruned. 
[I 2026-07-13 13:41:41,885] Trial 456 pruned. 
[I 2026-07-13 13:41:42,674] Trial 457 pruned. 
[I 2026-07-13 13:41:43,212] Trial 458 pruned. 
[I 2026-07-13 13:41:44,705] Trial 459 pruned. 
[I 2026-07-13 13:41:45,541] Trial 460 pruned. 
[I 2026-07-13 13:41:45,777] Trial 461 pruned. 
[I 2026-07-13 13:41:47,487] Trial 462 pruned. 
[I 2026-07-13 13:41:47,939] Trial 463 pruned. 
[I 2026-07-13 13:41:48,909] Trial 464 pruned. 
[I 2026-07-13 13:41:49,810] Trial 465 pruned. 
[I 2026-07-13 13:41:50,663] Trial 466 pruned. 
[I 2026-07-13 13:41:51,779] Trial 467 pruned. 
[I 2026-07-13 13:41:52,467] Trial 468 pruned. 
[I 2026-07-13 13:41:53,141] Trial 469 pruned. 
[I 2026-07-13 13:41:54,194] Trial 470 pruned. 
[I 2026-07-13 13:41:55,500] Trial 471 pruned. 
[I 2026-07-13 13:41:56,012] Trial 472 pruned. 
[I 2026-07-13 13:41:56,216] Trial 473 pruned. 
[I 2026-07-13 13:41:57,876] Trial 474 pruned. 
[I 2026-07-13 13:41:58,632] Trial 475 pruned. 
[I 2026-07-13 13:41:59,529] Trial 476 pruned. 
[I 2026-07-13 13:42:00,780] Trial 477 pruned. 
[I 2026-07-13 13:42:01,078] Trial 478 pruned. 
[I 2026-07-13 13:42:01,274] Trial 479 pruned. 
[I 2026-07-13 13:42:01,368] Trial 480 pruned. 
[I 2026-07-13 13:42:02,546] Trial 481 pruned. 
[I 2026-07-13 13:42:03,594] Trial 482 pruned. 
[I 2026-07-13 13:42:04,787] Trial 483 pruned. 
[I 2026-07-13 13:42:07,081] Trial 484 pruned. 
[I 2026-07-13 13:42:08,840] Trial 485 pruned. 
[I 2026-07-13 13:42:09,611] Trial 486 pruned. 
[I 2026-07-13 13:42:09,964] Trial 487 pruned. 
[I 2026-07-13 13:42:11,066] Trial 488 pruned. 
[I 2026-07-13 13:42:12,603] Trial 489 pruned. 
[I 2026-07-13 13:42:12,819] Trial 490 pruned. 
[I 2026-07-13 13:42:13,781] Trial 491 pruned. 
[I 2026-07-13 13:42:14,560] Trial 492 pruned. 
[I 2026-07-13 13:42:15,676] Trial 493 pruned. 
[I 2026-07-13 13:42:16,557] Trial 494 pruned. 
[I 2026-07-13 13:42:17,431] Trial 495 pruned. 
[I 2026-07-13 13:42:17,856] Trial 496 pruned. 
[I 2026-07-13 13:42:18,474] Trial 497 pruned. 
[I 2026-07-13 13:42:19,172] Trial 498 pruned. 
[I 2026-07-13 13:42:20,063] Trial 499 pruned. 
[I 2026-07-13 13:42:20,655] Trial 500 pruned. 
[I 2026-07-13 13:42:22,563] Trial 501 pruned. 
[I 2026-07-13 13:42:23,465] Trial 502 pruned. 
[I 2026-07-13 13:42:24,173] Trial 503 pruned. 
[I 2026-07-13 13:42:25,250] Trial 504 pruned. 
[I 2026-07-13 13:42:25,835] Trial 505 pruned. 
[I 2026-07-13 13:42:26,374] Trial 506 pruned. 
[I 2026-07-13 13:42:26,582] Trial 507 pruned. 
[I 2026-07-13 13:42:27,224] Trial 508 pruned. 
[I 2026-07-13 13:42:27,696] Trial 509 pruned. 
[I 2026-07-13 13:42:27,973] Trial 510 pruned. 
[I 2026-07-13 13:42:28,628] Trial 511 pruned. 
[I 2026-07-13 13:42:29,267] Trial 512 pruned. 
[I 2026-07-13 13:42:29,602] Trial 513 pruned. 
[I 2026-07-13 13:42:29,983] Trial 514 pruned. 
[I 2026-07-13 13:42:30,697] Trial 515 pruned. 
[I 2026-07-13 13:42:31,450] Trial 516 pruned. 
[I 2026-07-13 13:42:32,128] Trial 517 pruned. 
[I 2026-07-13 13:42:32,893] Trial 518 pruned. 
[I 2026-07-13 13:42:33,262] Trial 519 pruned. 
[I 2026-07-13 13:42:34,616] Trial 520 pruned. 
[I 2026-07-13 13:42:35,304] Trial 521 pruned. 
[I 2026-07-13 13:42:36,274] Trial 522 pruned. 
[I 2026-07-13 13:42:37,337] Trial 523 pruned. 
[I 2026-07-13 13:42:37,932] Trial 524 pruned. 
[I 2026-07-13 13:42:38,656] Trial 525 pruned. 
[I 2026-07-13 13:42:39,247] Trial 526 pruned. 
[I 2026-07-13 13:42:39,849] Trial 527 pruned. 
[I 2026-07-13 13:42:40,462] Trial 528 pruned. 
[I 2026-07-13 13:42:41,117] Trial 529 pruned. 
[I 2026-07-13 13:42:41,367] Trial 530 pruned. 
[I 2026-07-13 13:42:41,937] Trial 531 pruned. 
[I 2026-07-13 13:42:42,575] Trial 532 pruned. 
[I 2026-07-13 13:42:42,960] Trial 533 pruned. 
[I 2026-07-13 13:42:43,670] Trial 534 pruned. 
[I 2026-07-13 13:42:44,356] Trial 535 pruned. 
[I 2026-07-13 13:42:44,955] Trial 536 pruned. 
[I 2026-07-13 13:42:45,206] Trial 537 pruned. 
[I 2026-07-13 13:42:46,127] Trial 538 pruned. 
[I 2026-07-13 13:42:46,923] Trial 539 pruned. 
