[I 2026-07-13 14:52:04,616] Trial 3636 finished with values: [-4872.317307117838, -24985.96016359431, 32.75] and parameters: {'sl_soft': 0.09577715710936688, 'sl_hard_delta': 0.15369551862511335, 'tp': 0.3112134405025989, 'gate_pct': 98.58299891691806, 'dd_limit': 6.921955355235141, 'cooldown': 1, 'flip': True, 'en_ema_trend': False, 'ema_trend_fast': 197, 'ema_trend_slow': 304, 'en_sma_trend': False, 'sma_trend_fast': 288, 'sma_trend_slow': 35, 'en_macd': True, 'macd_fast': 38, 'macd_slow': 158, 'macd_signal': 74, 'en_vwap': True, 'en_keltner': False, 'keltner_n': 131, 'keltner_m': 3.5, 'en_obv': False, 'obv_slope': 162, 'en_cci': False, 'cci_n': 34, 'cci_threshold': 300, 'en_rsi': False, 'rsi_n': 74, 'rsi_lower': 2, 'rsi_upper': 74, 'en_stochastic': False, 'stochastic_n': 17, 'stochastic_d': 6, 'stochastic_lower': 36, 'stochastic_upper': 94, 'en_mfi': True, 'mfi_n': 33, 'mfi_lower': 42, 'mfi_upper': 93, 'en_bollinger': False, 'bollinger_n': 115, 'bollinger_k': 0.5, 'en_adx': False, 'adx_n': 35, 'adx_threshold': 57, 'en_structure_trend': False, 'structure_trend_swing_l': 1, 'en_order_block': False, 'order_block_swing_l': 13, 'en_fvg': False, 'fvg_lookback': 35, 'en_ifvg': False, 'en_breaker': False, 'breaker_swing_l': 12, 'en_cisd': False, 'k': 2, 'en_cap_bars': False, 'cap_1min': 508}.
[I 2026-07-13 14:52:04,977] Trial 3637 finished with values: [3867.4445341850123, -18759.849145965687, 51.65] and parameters: {'sl_soft': 0.1790260279200085, 'sl_hard_delta': 0.234009729604921, 'tp': 0.30344321187078127, 'gate_pct': 94.70821660915905, 'dd_limit': 8.695879980087707, 'cooldown': 0, 'flip': False, 'en_ema_trend': True, 'ema_trend_fast': 99, 'ema_trend_slow': 64, 'en_sma_trend': False, 'sma_trend_fast': 345, 'sma_trend_slow': 290, 'en_macd': False, 'macd_fast': 64, 'macd_slow': 200, 'macd_signal': 43, 'en_vwap': True, 'en_keltner': False, 'keltner_n': 131, 'keltner_m': 3.8000000000000003, 'en_obv': False, 'obv_slope': 162, 'en_cci': True, 'cci_n': 8, 'cci_threshold': 155, 'en_rsi': False, 'rsi_n': 5, 'rsi_lower': 43, 'rsi_upper': 57, 'en_stochastic': False, 'stochastic_n': 31, 'stochastic_d': 11, 'stochastic_lower': 13, 'stochastic_upper': 93, 'en_mfi': False, 'mfi_n': 42, 'mfi_lower': 28, 'mfi_upper': 83, 'en_bollinger': False, 'bollinger_n': 192, 'bollinger_k': 4.1, 'en_adx': False, 'adx_n': 8, 'adx_threshold': 9, 'en_structure_trend': False, 'structure_trend_swing_l': 3, 'en_order_block': True, 'order_block_swing_l': 4, 'en_fvg': False, 'fvg_lookback': 30, 'en_ifvg': True, 'en_breaker': True, 'breaker_swing_l': 20, 'en_cisd': True, 'k': 1, 'en_cap_bars': True, 'cap_1min': 655}.
[I 2026-07-13 14:52:06,949] Trial 3638 finished with values: [-930.2832631754575, -13007.11979370883, 58.650000000000006] and parameters: {'sl_soft': 0.03475243749569609, 'sl_hard_delta': 0.11082725310556857, 'tp': 0.049230858987614624, 'gate_pct': 94.04749196649728, 'dd_limit': 9.029015189980312, 'cooldown': 1, 'flip': False, 'en_ema_trend': False, 'ema_trend_fast': 24, 'ema_trend_slow': 397, 'en_sma_trend': True, 'sma_trend_fast': 298, 'sma_trend_slow': 368, 'en_macd': False, 'macd_fast': 53, 'macd_slow': 56, 'macd_signal': 61, 'en_vwap': True, 'en_keltner': False, 'keltner_n': 181, 'keltner_m': 3.6, 'en_obv': True, 'obv_slope': 129, 'en_cci': False, 'cci_n': 15, 'cci_threshold': 140, 'en_rsi': True, 'rsi_n': 95, 'rsi_lower': 37, 'rsi_upper': 91, 'en_stochastic': False, 'stochastic_n': 77, 'stochastic_d': 50, 'stochastic_lower': 34, 'stochastic_upper': 96, 'en_mfi': True, 'mfi_n': 100, 'mfi_lower': 15, 'mfi_upper': 70, 'en_bollinger': True, 'bollinger_n': 101, 'bollinger_k': 4.2, 'en_adx': False, 'adx_n': 99, 'adx_threshold': 12, 'en_structure_trend': False, 'structure_trend_swing_l': 20, 'en_order_block': True, 'order_block_swing_l': 4, 'en_fvg': False, 'fvg_lookback': 30, 'en_ifvg': False, 'en_breaker': False, 'breaker_swing_l': 3, 'en_cisd': True, 'k': 1, 'en_cap_bars': False, 'cap_1min': 797}.
[I 2026-07-13 14:52:07,318] Trial 3639 finished with values: [1897.6079169067898, -6365.06321861404, 49.349999999999994] and parameters: {'sl_soft': 0.058218586321253915, 'sl_hard_delta': 0.234009729604921, 'tp': 0.1402887976259075, 'gate_pct': 98.80229380351075, 'dd_limit': 7.351713918926211, 'cooldown': 0, 'flip': True, 'en_ema_trend': True, 'ema_trend_fast': 176, 'ema_trend_slow': 231, 'en_sma_trend': True, 'sma_trend_fast': 166, 'sma_trend_slow': 28, 'en_macd': False, 'macd_fast': 64, 'macd_slow': 170, 'macd_signal': 37, 'en_vwap': True, 'en_keltner': False, 'keltner_n': 13, 'keltner_m': 4.8, 'en_obv': True, 'obv_slope': 76, 'en_cci': True, 'cci_n': 8, 'cci_threshold': 170, 'en_rsi': False, 'rsi_n': 21, 'rsi_lower': 48, 'rsi_upper': 74, 'en_stochastic': True, 'stochastic_n': 31, 'stochastic_d': 29, 'stochastic_lower': 9, 'stochastic_upper': 87, 'en_mfi': False, 'mfi_n': 44, 'mfi_lower': 26, 'mfi_upper': 65, 'en_bollinger': True, 'bollinger_n': 142, 'bollinger_k': 4.1, 'en_adx': False, 'adx_n': 8, 'adx_threshold': 55, 'en_structure_trend': True, 'structure_trend_swing_l': 19, 'en_order_block': True, 'order_block_swing_l': 4, 'en_fvg': False, 'fvg_lookback': 30, 'en_ifvg': True, 'en_breaker': False, 'breaker_swing_l': 20, 'en_cisd': True, 'k': 2, 'en_cap_bars': True, 'cap_1min': 1189}.
[I 2026-07-13 14:52:08,637] Trial 3640 finished with values: [1564.8712846116023, -4957.586838617659, 33.95] and parameters: {'sl_soft': 0.03475243749569609, 'sl_hard_delta': 0.2567649302278256, 'tp': 0.27261856423057984, 'gate_pct': 94.04749196649728, 'dd_limit': 7.573309416194954, 'cooldown': 1, 'flip': True, 'en_ema_trend': False, 'ema_trend_fast': 24, 'ema_trend_slow': 397, 'en_sma_trend': False, 'sma_trend_fast': 304, 'sma_trend_slow': 187, 'en_macd': False, 'macd_fast': 81, 'macd_slow': 3, 'macd_signal': 61, 'en_vwap': False, 'en_keltner': True, 'keltner_n': 48, 'keltner_m': 3.1, 'en_obv': True, 'obv_slope': 179, 'en_cci': False, 'cci_n': 134, 'cci_threshold': 145, 'en_rsi': True, 'rsi_n': 95, 'rsi_lower': 34, 'rsi_upper': 58, 'en_stochastic': False, 'stochastic_n': 81, 'stochastic_d': 50, 'stochastic_lower': 33, 'stochastic_upper': 98, 'en_mfi': True, 'mfi_n': 14, 'mfi_lower': 12, 'mfi_upper': 70, 'en_bollinger': True, 'bollinger_n': 30, 'bollinger_k': 2.0, 'en_adx': False, 'adx_n': 91, 'adx_threshold': 36, 'en_structure_trend': False, 'structure_trend_swing_l': 13, 'en_order_block': True, 'order_block_swing_l': 1, 'en_fvg': False, 'fvg_lookback': 44, 'en_ifvg': False, 'en_breaker': False, 'breaker_swing_l': 10, 'en_cisd': True, 'k': 3, 'en_cap_bars': False, 'cap_1min': 797}.
[I 2026-07-13 14:52:10,112] Trial 3641 finished with values: [2306.6872335102853, -4510.239876426422, 30.200000000000003] and parameters: {'sl_soft': 0.05035573196257478, 'sl_hard_delta': 0.039849065565949165, 'tp': 0.3112134405025989, 'gate_pct': 97.28704165170988, 'dd_limit': 0.23735305616742414, 'cooldown': 4, 'flip': False, 'en_ema_trend': True, 'ema_trend_fast': 197, 'ema_trend_slow': 304, 'en_sma_trend': False, 'sma_trend_fast': 331, 'sma_trend_slow': 35, 'en_macd': False, 'macd_fast': 38, 'macd_slow': 88, 'macd_signal': 45, 'en_vwap': True, 'en_keltner': True, 'keltner_n': 60, 'keltner_m': 3.5, 'en_obv': False, 'obv_slope': 25, 'en_cci': False, 'cci_n': 54, 'cci_threshold': 300, 'en_rsi': False, 'rsi_n': 74, 'rsi_lower': 1, 'rsi_upper': 64, 'en_stochastic': False, 'stochastic_n': 62, 'stochastic_d': 2, 'stochastic_lower': 40, 'stochastic_upper': 57, 'en_mfi': False, 'mfi_n': 11, 'mfi_lower': 44, 'mfi_upper': 69, 'en_bollinger': False, 'bollinger_n': 172, 'bollinger_k': 2.7, 'en_adx': False, 'adx_n': 35, 'adx_threshold': 35, 'en_structure_trend': True, 'structure_trend_swing_l': 1, 'en_order_block': True, 'order_block_swing_l': 13, 'en_fvg': False, 'fvg_lookback': 19, 'en_ifvg': False, 'en_breaker': False, 'breaker_swing_l': 8, 'en_cisd': False, 'k': 1, 'en_cap_bars': False, 'cap_1min': 495}.
[I 2026-07-13 14:52:10,293] Trial 3642 pruned. 
[I 2026-07-13 14:52:13,704] Trial 3643 finished with values: [-300.14406923223555, -12496.25190715058, 32.0] and parameters: {'sl_soft': 0.09577715710936688, 'sl_hard_delta': 0.15369551862511335, 'tp': 0.3112134405025989, 'gate_pct': 97.28704165170988, 'dd_limit': 0.23735305616742414, 'cooldown': 1, 'flip': True, 'en_ema_trend': True, 'ema_trend_fast': 206, 'ema_trend_slow': 133, 'en_sma_trend': True, 'sma_trend_fast': 288, 'sma_trend_slow': 379, 'en_macd': True, 'macd_fast': 38, 'macd_slow': 88, 'macd_signal': 7, 'en_vwap': True, 'en_keltner': True, 'keltner_n': 60, 'keltner_m': 4.7, 'en_obv': False, 'obv_slope': 162, 'en_cci': True, 'cci_n': 125, 'cci_threshold': 25, 'en_rsi': False, 'rsi_n': 74, 'rsi_lower': 30, 'rsi_upper': 64, 'en_stochastic': False, 'stochastic_n': 17, 'stochastic_d': 2, 'stochastic_lower': 27, 'stochastic_upper': 57, 'en_mfi': True, 'mfi_n': 28, 'mfi_lower': 42, 'mfi_upper': 93, 'en_bollinger': True, 'bollinger_n': 172, 'bollinger_k': 2.7, 'en_adx': False, 'adx_n': 35, 'adx_threshold': 57, 'en_structure_trend': True, 'structure_trend_swing_l': 1, 'en_order_block': True, 'order_block_swing_l': 13, 'en_fvg': False, 'fvg_lookback': 50, 'en_ifvg': False, 'en_breaker': False, 'breaker_swing_l': 8, 'en_cisd': True, 'k': 1, 'en_cap_bars': False, 'cap_1min': 495}.
[I 2026-07-13 14:52:14,100] Trial 3644 finished with values: [1347.7739859550477, -2615.4463724012094, 81.65] and parameters: {'sl_soft': 0.1898035853191572, 'sl_hard_delta': 0.07174105192096222, 'tp': 0.0804038736872963, 'gate_pct': 98.48047888249093, 'dd_limit': 1.8093410380953228, 'cooldown': 5, 'flip': True, 'en_ema_trend': True, 'ema_trend_fast': 83, 'ema_trend_slow': 2, 'en_sma_trend': True, 'sma_trend_fast': 320, 'sma_trend_slow': 271, 'en_macd': True, 'macd_fast': 98, 'macd_slow': 150, 'macd_signal': 4, 'en_vwap': False, 'en_keltner': False, 'keltner_n': 171, 'keltner_m': 2.7, 'en_obv': False, 'obv_slope': 122, 'en_cci': False, 'cci_n': 107, 'cci_threshold': 160, 'en_rsi': True, 'rsi_n': 95, 'rsi_lower': 10, 'rsi_upper': 63, 'en_stochastic': True, 'stochastic_n': 36, 'stochastic_d': 29, 'stochastic_lower': 3, 'stochastic_upper': 67, 'en_mfi': False, 'mfi_n': 93, 'mfi_lower': 31, 'mfi_upper': 74, 'en_bollinger': True, 'bollinger_n': 90, 'bollinger_k': 4.5, 'en_adx': True, 'adx_n': 56, 'adx_threshold': 11, 'en_structure_trend': False, 'structure_trend_swing_l': 20, 'en_order_block': False, 'order_block_swing_l': 4, 'en_fvg': False, 'fvg_lookback': 44, 'en_ifvg': True, 'en_breaker': True, 'breaker_swing_l': 11, 'en_cisd': False, 'k': 2, 'en_cap_bars': False, 'cap_1min': 884}.
[I 2026-07-13 14:52:20,013] Trial 3645 finished with values: [-2671.25397444814, -16751.556556872412, 42.3] and parameters: {'sl_soft': 0.1790260279200085, 'sl_hard_delta': 0.00876098418566521, 'tp': 0.19110422394207255, 'gate_pct': 98.67302380660169, 'dd_limit': 2.4528084273798805, 'cooldown': 1, 'flip': False, 'en_ema_trend': False, 'ema_trend_fast': 279, 'ema_trend_slow': 182, 'en_sma_trend': False, 'sma_trend_fast': 345, 'sma_trend_slow': 319, 'en_macd': False, 'macd_fast': 56, 'macd_slow': 3, 'macd_signal': 82, 'en_vwap': False, 'en_keltner': False, 'keltner_n': 48, 'keltner_m': 2.8000000000000003, 'en_obv': False, 'obv_slope': 179, 'en_cci': True, 'cci_n': 51, 'cci_threshold': 125, 'en_rsi': False, 'rsi_n': 71, 'rsi_lower': 47, 'rsi_upper': 89, 'en_stochastic': True, 'stochastic_n': 82, 'stochastic_d': 11, 'stochastic_lower': 2, 'stochastic_upper': 93, 'en_mfi': True, 'mfi_n': 62, 'mfi_lower': 29, 'mfi_upper': 97, 'en_bollinger': False, 'bollinger_n': 155, 'bollinger_k': 0.5, 'en_adx': False, 'adx_n': 91, 'adx_threshold': 47, 'en_structure_trend': False, 'structure_trend_swing_l': 14, 'en_order_block': True, 'order_block_swing_l': 1, 'en_fvg': True, 'fvg_lookback': 26, 'en_ifvg': True, 'en_breaker': False, 'breaker_swing_l': 1, 'en_cisd': False, 'k': 1, 'en_cap_bars': True, 'cap_1min': 1243}.
[I 2026-07-13 14:52:23,478] Trial 3646 finished with values: [6358.660537418575, -27830.197567943716, 70.85] and parameters: {'sl_soft': 0.19207751714688032, 'sl_hard_delta': 0.04250555831064314, 'tp': 0.10428585889910524, 'gate_pct': 96.65475725098474, 'dd_limit': 5.052448726200229, 'cooldown': 0, 'flip': False, 'en_ema_trend': False, 'ema_trend_fast': 24, 'ema_trend_slow': 236, 'en_sma_trend': True, 'sma_trend_fast': 44, 'sma_trend_slow': 200, 'en_macd': False, 'macd_fast': 11, 'macd_slow': 72, 'macd_signal': 60, 'en_vwap': True, 'en_keltner': True, 'keltner_n': 122, 'keltner_m': 0.5, 'en_obv': True, 'obv_slope': 129, 'en_cci': True, 'cci_n': 142, 'cci_threshold': 250, 'en_rsi': True, 'rsi_n': 40, 'rsi_lower': 32, 'rsi_upper': 87, 'en_stochastic': False, 'stochastic_n': 61, 'stochastic_d': 28, 'stochastic_lower': 33, 'stochastic_upper': 78, 'en_mfi': True, 'mfi_n': 95, 'mfi_lower': 22, 'mfi_upper': 70, 'en_bollinger': True, 'bollinger_n': 142, 'bollinger_k': 5.0, 'en_adx': False, 'adx_n': 50, 'adx_threshold': 12, 'en_structure_trend': False, 'structure_trend_swing_l': 20, 'en_order_block': True, 'order_block_swing_l': 11, 'en_fvg': False, 'fvg_lookback': 32, 'en_ifvg': False, 'en_breaker': False, 'breaker_swing_l': 11, 'en_cisd': True, 'k': 4, 'en_cap_bars': True, 'cap_1min': 304}.
[I 2026-07-13 14:52:25,481] Trial 3647 pruned. 
[I 2026-07-13 14:52:28,966] Trial 3648 finished with values: [2778.282975982372, -3980.8921996257495, 60.65] and parameters: {'sl_soft': 0.06917576547684445, 'sl_hard_delta': 0.2567649302278256, 'tp': 0.1072053900187098, 'gate_pct': 98.58299891691806, 'dd_limit': 3.2180873254465436, 'cooldown': 0, 'flip': False, 'en_ema_trend': True, 'ema_trend_fast': 278, 'ema_trend_slow': 182, 'en_sma_trend': False, 'sma_trend_fast': 304, 'sma_trend_slow': 187, 'en_macd': True, 'macd_fast': 20, 'macd_slow': 3, 'macd_signal': 74, 'en_vwap': False, 'en_keltner': True, 'keltner_n': 48, 'keltner_m': 3.1, 'en_obv': False, 'obv_slope': 179, 'en_cci': False, 'cci_n': 156, 'cci_threshold': 85, 'en_rsi': True, 'rsi_n': 95, 'rsi_lower': 3, 'rsi_upper': 64, 'en_stochastic': False, 'stochastic_n': 81, 'stochastic_d': 17, 'stochastic_lower': 20, 'stochastic_upper': 98, 'en_mfi': True, 'mfi_n': 8, 'mfi_lower': 45, 'mfi_upper': 80, 'en_bollinger': False, 'bollinger_n': 30, 'bollinger_k': 1.3, 'en_adx': False, 'adx_n': 91, 'adx_threshold': 44, 'en_structure_trend': True, 'structure_trend_swing_l': 20, 'en_order_block': True, 'order_block_swing_l': 6, 'en_fvg': False, 'fvg_lookback': 15, 'en_ifvg': True, 'en_breaker': False, 'breaker_swing_l': 12, 'en_cisd': False, 'k': 3, 'en_cap_bars': True, 'cap_1min': 1343}.
[I 2026-07-13 14:52:29,190] Trial 3649 finished with values: [2960.1884485290066, -6208.217196621675, 33.45] and parameters: {'sl_soft': 0.05035573196257478, 'sl_hard_delta': 0.039849065565949165, 'tp': 0.20741590457257697, 'gate_pct': 99.43810192295578, 'dd_limit': 5.937758572987326, 'cooldown': 0, 'flip': False, 'en_ema_trend': False, 'ema_trend_fast': 157, 'ema_trend_slow': 157, 'en_sma_trend': True, 'sma_trend_fast': 81, 'sma_trend_slow': 319, 'en_macd': False, 'macd_fast': 10, 'macd_slow': 125, 'macd_signal': 52, 'en_vwap': False, 'en_keltner': True, 'keltner_n': 123, 'keltner_m': 1.0, 'en_obv': True, 'obv_slope': 26, 'en_cci': True, 'cci_n': 4, 'cci_threshold': 130, 'en_rsi': False, 'rsi_n': 14, 'rsi_lower': 1, 'rsi_upper': 58, 'en_stochastic': False, 'stochastic_n': 62, 'stochastic_d': 34, 'stochastic_lower': 31, 'stochastic_upper': 99, 'en_mfi': False, 'mfi_n': 14, 'mfi_lower': 29, 'mfi_upper': 80, 'en_bollinger': True, 'bollinger_n': 2, 'bollinger_k': 3.8000000000000003, 'en_adx': False, 'adx_n': 17, 'adx_threshold': 13, 'en_structure_trend': True, 'structure_trend_swing_l': 18, 'en_order_block': True, 'order_block_swing_l': 5, 'en_fvg': False, 'fvg_lookback': 22, 'en_ifvg': True, 'en_breaker': True, 'breaker_swing_l': 7, 'en_cisd': True, 'k': 4, 'en_cap_bars': False, 'cap_1min': 457}.
[I 2026-07-13 14:52:37,552] Trial 3650 finished with values: [-87.2120741778208, -8552.91552115844, 36.9] and parameters: {'sl_soft': 0.05035573196257478, 'sl_hard_delta': 0.2476078025833433, 'tp': 0.19110422394207255, 'gate_pct': 97.28704165170988, 'dd_limit': 0.23735305616742414, 'cooldown': 1, 'flip': True, 'en_ema_trend': True, 'ema_trend_fast': 279, 'ema_trend_slow': 304, 'en_sma_trend': True, 'sma_trend_fast': 331, 'sma_trend_slow': 379, 'en_macd': False, 'macd_fast': 18, 'macd_slow': 3, 'macd_signal': 45, 'en_vwap': True, 'en_keltner': True, 'keltner_n': 48, 'keltner_m': 2.8000000000000003, 'en_obv': False, 'obv_slope': 162, 'en_cci': True, 'cci_n': 54, 'cci_threshold': 125, 'en_rsi': True, 'rsi_n': 74, 'rsi_lower': 5, 'rsi_upper': 58, 'en_stochastic': True, 'stochastic_n': 24, 'stochastic_d': 2, 'stochastic_lower': 27, 'stochastic_upper': 57, 'en_mfi': False, 'mfi_n': 62, 'mfi_lower': 44, 'mfi_upper': 69, 'en_bollinger': False, 'bollinger_n': 7, 'bollinger_k': 2.7, 'en_adx': False, 'adx_n': 91, 'adx_threshold': 35, 'en_structure_trend': False, 'structure_trend_swing_l': 11, 'en_order_block': True, 'order_block_swing_l': 3, 'en_fvg': False, 'fvg_lookback': 19, 'en_ifvg': False, 'en_breaker': False, 'breaker_swing_l': 8, 'en_cisd': False, 'k': 1, 'en_cap_bars': False, 'cap_1min': 1243}.
[I 2026-07-13 14:52:40,130] Trial 3651 pruned. 
[I 2026-07-13 14:52:40,996] Trial 3652 pruned. 
[I 2026-07-13 14:52:43,142] Trial 3653 finished with values: [3830.207082470531, -8407.633582435708, 28.2] and parameters: {'sl_soft': 0.041819685424319256, 'sl_hard_delta': 0.039849065565949165, 'tp': 0.27261856423057984, 'gate_pct': 97.28704165170988, 'dd_limit': 7.573309416194954, 'cooldown': 1, 'flip': False, 'en_ema_trend': True, 'ema_trend_fast': 186, 'ema_trend_slow': 304, 'en_sma_trend': False, 'sma_trend_fast': 304, 'sma_trend_slow': 187, 'en_macd': False, 'macd_fast': 81, 'macd_slow': 88, 'macd_signal': 67, 'en_vwap': False, 'en_keltner': True, 'keltner_n': 60, 'keltner_m': 0.8, 'en_obv': True, 'obv_slope': 179, 'en_cci': False, 'cci_n': 54, 'cci_threshold': 45, 'en_rsi': False, 'rsi_n': 81, 'rsi_lower': 43, 'rsi_upper': 64, 'en_stochastic': False, 'stochastic_n': 24, 'stochastic_d': 13, 'stochastic_lower': 21, 'stochastic_upper': 57, 'en_mfi': True, 'mfi_n': 11, 'mfi_lower': 12, 'mfi_upper': 72, 'en_bollinger': False, 'bollinger_n': 172, 'bollinger_k': 2.7, 'en_adx': False, 'adx_n': 35, 'adx_threshold': 35, 'en_structure_trend': False, 'structure_trend_swing_l': 13, 'en_order_block': True, 'order_block_swing_l': 13, 'en_fvg': False, 'fvg_lookback': 15, 'en_ifvg': False, 'en_breaker': False, 'breaker_swing_l': 10, 'en_cisd': False, 'k': 1, 'en_cap_bars': True, 'cap_1min': 495}.
[I 2026-07-13 14:52:43,622] Trial 3654 pruned. 
[I 2026-07-13 14:52:43,818] Trial 3655 pruned. 
[I 2026-07-13 14:52:51,070] Trial 3656 finished with values: [1809.8854692445523, -3249.3281061799444, 50.25] and parameters: {'sl_soft': 0.05035573196257478, 'sl_hard_delta': 0.052716452395929286, 'tp': 0.14985592681603982, 'gate_pct': 99.43810192295578, 'dd_limit': 0.7627381108845042, 'cooldown': 1, 'flip': False, 'en_ema_trend': True, 'ema_trend_fast': 342, 'ema_trend_slow': 182, 'en_sma_trend': True, 'sma_trend_fast': 313, 'sma_trend_slow': 336, 'en_macd': True, 'macd_fast': 10, 'macd_slow': 3, 'macd_signal': 67, 'en_vwap': True, 'en_keltner': True, 'keltner_n': 123, 'keltner_m': 4.5, 'en_obv': True, 'obv_slope': 173, 'en_cci': True, 'cci_n': 166, 'cci_threshold': 145, 'en_rsi': False, 'rsi_n': 33, 'rsi_lower': 1, 'rsi_upper': 63, 'en_stochastic': True, 'stochastic_n': 62, 'stochastic_d': 2, 'stochastic_lower': 40, 'stochastic_upper': 82, 'en_mfi': False, 'mfi_n': 14, 'mfi_lower': 29, 'mfi_upper': 97, 'en_bollinger': True, 'bollinger_n': 155, 'bollinger_k': 3.8000000000000003, 'en_adx': False, 'adx_n': 5, 'adx_threshold': 47, 'en_structure_trend': True, 'structure_trend_swing_l': 2, 'en_order_block': False, 'order_block_swing_l': 16, 'en_fvg': False, 'fvg_lookback': 33, 'en_ifvg': True, 'en_breaker': True, 'breaker_swing_l': 8, 'en_cisd': False, 'k': 4, 'en_cap_bars': True, 'cap_1min': 591}.
[I 2026-07-13 14:52:53,143] Trial 3657 finished with values: [170.81127094309397, -7928.657690025175, 40.2] and parameters: {'sl_soft': 0.05035573196257478, 'sl_hard_delta': 0.052716452395929286, 'tp': 0.14985592681603982, 'gate_pct': 99.43810192295578, 'dd_limit': 0.23735305616742414, 'cooldown': 1, 'flip': False, 'en_ema_trend': False, 'ema_trend_fast': 213, 'ema_trend_slow': 304, 'en_sma_trend': True, 'sma_trend_fast': 81, 'sma_trend_slow': 336, 'en_macd': False, 'macd_fast': 55, 'macd_slow': 88, 'macd_signal': 45, 'en_vwap': True, 'en_keltner': True, 'keltner_n': 60, 'keltner_m': 2.3, 'en_obv': False, 'obv_slope': 26, 'en_cci': True, 'cci_n': 172, 'cci_threshold': 130, 'en_rsi': False, 'rsi_n': 14, 'rsi_lower': 5, 'rsi_upper': 64, 'en_stochastic': False, 'stochastic_n': 24, 'stochastic_d': 25, 'stochastic_lower': 27, 'stochastic_upper': 66, 'en_mfi': False, 'mfi_n': 11, 'mfi_lower': 19, 'mfi_upper': 69, 'en_bollinger': True, 'bollinger_n': 172, 'bollinger_k': 3.8000000000000003, 'en_adx': False, 'adx_n': 35, 'adx_threshold': 13, 'en_structure_trend': False, 'structure_trend_swing_l': 18, 'en_order_block': True, 'order_block_swing_l': 5, 'en_fvg': False, 'fvg_lookback': 19, 'en_ifvg': True, 'en_breaker': False, 'breaker_swing_l': 8, 'en_cisd': False, 'k': 4, 'en_cap_bars': True, 'cap_1min': 495}.
