[I 2026-07-13 15:28:50,395] Trial 1368 finished with values: [-486.5211130779379, -1638.5123218981335, 51.849999999999994] and parameters: {'sl_soft': 0.011853564178282618, 'sl_hard_delta': 0.032283188215272624, 'tp': 0.035245255052063384, 'gate_pct': 97.28704165170988, 'dd_limit': 3.8524500851165895, 'cooldown': 20, 'flip': True, 'en_ema_trend': False, 'ema_trend_fast': 197, 'ema_trend_slow': 136, 'en_sma_trend': False, 'sma_trend_fast': 360, 'sma_trend_slow': 14, 'en_macd': True, 'macd_fast': 64, 'macd_slow': 161, 'macd_signal': 18, 'en_vwap': True, 'en_keltner': False, 'keltner_n': 123, 'keltner_m': 3.5, 'en_obv': True, 'obv_slope': 25, 'en_cci': False, 'cci_n': 7, 'cci_threshold': 300, 'en_rsi': False, 'rsi_n': 100, 'rsi_lower': 36, 'rsi_upper': 89, 'en_stochastic': False, 'stochastic_n': 55, 'stochastic_d': 2, 'stochastic_lower': 40, 'stochastic_upper': 89, 'en_mfi': False, 'mfi_n': 11, 'mfi_lower': 35, 'mfi_upper': 57, 'en_bollinger': False, 'bollinger_n': 139, 'bollinger_k': 1.4, 'en_adx': False, 'adx_n': 32, 'adx_threshold': 49, 'en_structure_trend': True, 'structure_trend_swing_l': 3, 'en_order_block': False, 'order_block_swing_l': 4, 'en_fvg': False, 'fvg_lookback': 32, 'en_ifvg': False, 'en_breaker': True, 'breaker_swing_l': 8, 'en_cisd': False, 'k': 1, 'en_cap_bars': True, 'cap_1min': 753}.
[I 2026-07-13 15:28:51,056] Trial 1369 finished with values: [-225.5613953454727, -1137.2776704524058, 52.25] and parameters: {'sl_soft': 0.025549208197521857, 'sl_hard_delta': 0.011117847309295333, 'tp': 0.029213854457200393, 'gate_pct': 99.3861717774851, 'dd_limit': 6.844711394584541, 'cooldown': 24, 'flip': True, 'en_ema_trend': False, 'ema_trend_fast': 261, 'ema_trend_slow': 294, 'en_sma_trend': True, 'sma_trend_fast': 177, 'sma_trend_slow': 351, 'en_macd': True, 'macd_fast': 61, 'macd_slow': 93, 'macd_signal': 38, 'en_vwap': True, 'en_keltner': False, 'keltner_n': 22, 'keltner_m': 1.2000000000000002, 'en_obv': True, 'obv_slope': 69, 'en_cci': True, 'cci_n': 112, 'cci_threshold': 180, 'en_rsi': True, 'rsi_n': 78, 'rsi_lower': 9, 'rsi_upper': 63, 'en_stochastic': True, 'stochastic_n': 45, 'stochastic_d': 43, 'stochastic_lower': 21, 'stochastic_upper': 97, 'en_mfi': False, 'mfi_n': 9, 'mfi_lower': 43, 'mfi_upper': 62, 'en_bollinger': False, 'bollinger_n': 189, 'bollinger_k': 1.1, 'en_adx': False, 'adx_n': 37, 'adx_threshold': 26, 'en_structure_trend': False, 'structure_trend_swing_l': 7, 'en_order_block': True, 'order_block_swing_l': 4, 'en_fvg': False, 'fvg_lookback': 37, 'en_ifvg': True, 'en_breaker': False, 'breaker_swing_l': 14, 'en_cisd': False, 'k': 2, 'en_cap_bars': True, 'cap_1min': 1239}.
[I 2026-07-13 15:28:56,078] Trial 1370 finished with values: [547.7683173830883, -1107.845912021439, 60.65] and parameters: {'sl_soft': 0.02075319889461138, 'sl_hard_delta': 0.02983865645256265, 'tp': 0.04099097483938532, 'gate_pct': 86.0615358098054, 'dd_limit': 0.15273745375618156, 'cooldown': 30, 'flip': False, 'en_ema_trend': True, 'ema_trend_fast': 290, 'ema_trend_slow': 394, 'en_sma_trend': True, 'sma_trend_fast': 135, 'sma_trend_slow': 242, 'en_macd': False, 'macd_fast': 48, 'macd_slow': 136, 'macd_signal': 38, 'en_vwap': False, 'en_keltner': True, 'keltner_n': 43, 'keltner_m': 2.1, 'en_obv': False, 'obv_slope': 158, 'en_cci': True, 'cci_n': 106, 'cci_threshold': 230, 'en_rsi': True, 'rsi_n': 59, 'rsi_lower': 21, 'rsi_upper': 69, 'en_stochastic': False, 'stochastic_n': 97, 'stochastic_d': 4, 'stochastic_lower': 21, 'stochastic_upper': 52, 'en_mfi': False, 'mfi_n': 44, 'mfi_lower': 22, 'mfi_upper': 94, 'en_bollinger': True, 'bollinger_n': 85, 'bollinger_k': 2.6, 'en_adx': True, 'adx_n': 40, 'adx_threshold': 7, 'en_structure_trend': False, 'structure_trend_swing_l': 19, 'en_order_block': False, 'order_block_swing_l': 8, 'en_fvg': False, 'fvg_lookback': 48, 'en_ifvg': False, 'en_breaker': False, 'breaker_swing_l': 5, 'en_cisd': True, 'k': 1, 'en_cap_bars': False, 'cap_1min': 1013}.
[I 2026-07-13 15:29:01,884] Trial 1371 finished with values: [-418.0809282116727, -876.5119059808058, 51.65] and parameters: {'sl_soft': 0.029132739000343633, 'sl_hard_delta': 0.0021822480591295163, 'tp': 0.019692498485507606, 'gate_pct': 98.67302380660169, 'dd_limit': 8.990165933787594, 'cooldown': 10, 'flip': False, 'en_ema_trend': False, 'ema_trend_fast': 376, 'ema_trend_slow': 362, 'en_sma_trend': True, 'sma_trend_fast': 22, 'sma_trend_slow': 268, 'en_macd': False, 'macd_fast': 34, 'macd_slow': 171, 'macd_signal': 65, 'en_vwap': True, 'en_keltner': True, 'keltner_n': 153, 'keltner_m': 2.8000000000000003, 'en_obv': False, 'obv_slope': 85, 'en_cci': True, 'cci_n': 100, 'cci_threshold': 125, 'en_rsi': False, 'rsi_n': 71, 'rsi_lower': 18, 'rsi_upper': 89, 'en_stochastic': True, 'stochastic_n': 17, 'stochastic_d': 8, 'stochastic_lower': 14, 'stochastic_upper': 93, 'en_mfi': True, 'mfi_n': 62, 'mfi_lower': 6, 'mfi_upper': 97, 'en_bollinger': True, 'bollinger_n': 150, 'bollinger_k': 2.5, 'en_adx': False, 'adx_n': 12, 'adx_threshold': 17, 'en_structure_trend': True, 'structure_trend_swing_l': 8, 'en_order_block': True, 'order_block_swing_l': 3, 'en_fvg': True, 'fvg_lookback': 23, 'en_ifvg': False, 'en_breaker': True, 'breaker_swing_l': 17, 'en_cisd': True, 'k': 2, 'en_cap_bars': True, 'cap_1min': 61}.
[I 2026-07-13 15:29:02,268] Trial 1372 finished with values: [-179.80883855132745, -587.7728725069176, 33.3] and parameters: {'sl_soft': 0.01729086981430308, 'sl_hard_delta': 0.00610414585932106, 'tp': 0.03480277544382395, 'gate_pct': 94.5832156131506, 'dd_limit': 8.959003028808816, 'cooldown': 7, 'flip': True, 'en_ema_trend': False, 'ema_trend_fast': 205, 'ema_trend_slow': 187, 'en_sma_trend': True, 'sma_trend_fast': 360, 'sma_trend_slow': 50, 'en_macd': True, 'macd_fast': 54, 'macd_slow': 89, 'macd_signal': 91, 'en_vwap': True, 'en_keltner': False, 'keltner_n': 163, 'keltner_m': 3.3000000000000003, 'en_obv': False, 'obv_slope': 82, 'en_cci': False, 'cci_n': 32, 'cci_threshold': 190, 'en_rsi': True, 'rsi_n': 94, 'rsi_lower': 43, 'rsi_upper': 70, 'en_stochastic': True, 'stochastic_n': 46, 'stochastic_d': 28, 'stochastic_lower': 20, 'stochastic_upper': 72, 'en_mfi': True, 'mfi_n': 7, 'mfi_lower': 12, 'mfi_upper': 58, 'en_bollinger': True, 'bollinger_n': 15, 'bollinger_k': 2.8000000000000003, 'en_adx': True, 'adx_n': 52, 'adx_threshold': 8, 'en_structure_trend': False, 'structure_trend_swing_l': 14, 'en_order_block': False, 'order_block_swing_l': 18, 'en_fvg': False, 'fvg_lookback': 34, 'en_ifvg': False, 'en_breaker': False, 'breaker_swing_l': 3, 'en_cisd': False, 'k': 1, 'en_cap_bars': True, 'cap_1min': 456}.
[I 2026-07-13 15:29:03,073] Trial 1373 finished with values: [38.521071837855914, -1793.2487245485972, 61.150000000000006] and parameters: {'sl_soft': 0.028493661686441754, 'sl_hard_delta': 0.03711888935185244, 'tp': 0.04012762247167773, 'gate_pct': 86.19964173782641, 'dd_limit': 8.885841469620775, 'cooldown': 29, 'flip': False, 'en_ema_trend': False, 'ema_trend_fast': 263, 'ema_trend_slow': 267, 'en_sma_trend': True, 'sma_trend_fast': 329, 'sma_trend_slow': 365, 'en_macd': False, 'macd_fast': 61, 'macd_slow': 127, 'macd_signal': 70, 'en_vwap': True, 'en_keltner': False, 'keltner_n': 185, 'keltner_m': 4.6000000000000005, 'en_obv': True, 'obv_slope': 68, 'en_cci': True, 'cci_n': 87, 'cci_threshold': 120, 'en_rsi': True, 'rsi_n': 73, 'rsi_lower': 6, 'rsi_upper': 75, 'en_stochastic': False, 'stochastic_n': 64, 'stochastic_d': 31, 'stochastic_lower': 44, 'stochastic_upper': 68, 'en_mfi': True, 'mfi_n': 66, 'mfi_lower': 8, 'mfi_upper': 85, 'en_bollinger': True, 'bollinger_n': 141, 'bollinger_k': 2.7, 'en_adx': False, 'adx_n': 90, 'adx_threshold': 43, 'en_structure_trend': False, 'structure_trend_swing_l': 14, 'en_order_block': False, 'order_block_swing_l': 10, 'en_fvg': False, 'fvg_lookback': 38, 'en_ifvg': False, 'en_breaker': True, 'breaker_swing_l': 16, 'en_cisd': False, 'k': 2, 'en_cap_bars': True, 'cap_1min': 241}.
[I 2026-07-13 15:29:04,342] Trial 1374 finished with values: [-65.47090657411658, -763.2456246663821, 81.65] and parameters: {'sl_soft': 0.028493661686441754, 'sl_hard_delta': 0.03711888935185244, 'tp': 0.01104713204540288, 'gate_pct': 86.19964173782641, 'dd_limit': 0.5820363533127576, 'cooldown': 29, 'flip': False, 'en_ema_trend': False, 'ema_trend_fast': 339, 'ema_trend_slow': 267, 'en_sma_trend': False, 'sma_trend_fast': 329, 'sma_trend_slow': 185, 'en_macd': False, 'macd_fast': 100, 'macd_slow': 127, 'macd_signal': 57, 'en_vwap': False, 'en_keltner': False, 'keltner_n': 26, 'keltner_m': 1.3, 'en_obv': True, 'obv_slope': 36, 'en_cci': True, 'cci_n': 87, 'cci_threshold': 175, 'en_rsi': True, 'rsi_n': 73, 'rsi_lower': 6, 'rsi_upper': 75, 'en_stochastic': False, 'stochastic_n': 64, 'stochastic_d': 35, 'stochastic_lower': 16, 'stochastic_upper': 68, 'en_mfi': True, 'mfi_n': 66, 'mfi_lower': 8, 'mfi_upper': 85, 'en_bollinger': True, 'bollinger_n': 176, 'bollinger_k': 3.8000000000000003, 'en_adx': False, 'adx_n': 90, 'adx_threshold': 43, 'en_structure_trend': True, 'structure_trend_swing_l': 14, 'en_order_block': False, 'order_block_swing_l': 9, 'en_fvg': True, 'fvg_lookback': 39, 'en_ifvg': False, 'en_breaker': True, 'breaker_swing_l': 16, 'en_cisd': False, 'k': 2, 'en_cap_bars': False, 'cap_1min': 241}.
[I 2026-07-13 15:29:12,649] Trial 1375 finished with values: [1003.7944293020739, -14945.416296943478, 61.6] and parameters: {'sl_soft': 0.02660501535036107, 'sl_hard_delta': 0.01974966680532401, 'tp': 0.02904697611358007, 'gate_pct': 94.32553955536301, 'dd_limit': 8.683310596224244, 'cooldown': 0, 'flip': False, 'en_ema_trend': True, 'ema_trend_fast': 22, 'ema_trend_slow': 350, 'en_sma_trend': False, 'sma_trend_fast': 265, 'sma_trend_slow': 338, 'en_macd': True, 'macd_fast': 19, 'macd_slow': 80, 'macd_signal': 23, 'en_vwap': True, 'en_keltner': True, 'keltner_n': 56, 'keltner_m': 1.2000000000000002, 'en_obv': True, 'obv_slope': 29, 'en_cci': True, 'cci_n': 59, 'cci_threshold': 205, 'en_rsi': False, 'rsi_n': 77, 'rsi_lower': 1, 'rsi_upper': 74, 'en_stochastic': True, 'stochastic_n': 87, 'stochastic_d': 41, 'stochastic_lower': 36, 'stochastic_upper': 51, 'en_mfi': False, 'mfi_n': 83, 'mfi_lower': 22, 'mfi_upper': 90, 'en_bollinger': False, 'bollinger_n': 78, 'bollinger_k': 3.4000000000000004, 'en_adx': False, 'adx_n': 79, 'adx_threshold': 29, 'en_structure_trend': False, 'structure_trend_swing_l': 19, 'en_order_block': True, 'order_block_swing_l': 13, 'en_fvg': False, 'fvg_lookback': 31, 'en_ifvg': True, 'en_breaker': False, 'breaker_swing_l': 2, 'en_cisd': False, 'k': 1, 'en_cap_bars': True, 'cap_1min': 542}.
[I 2026-07-13 15:29:14,750] Trial 1376 pruned. 
[I 2026-07-13 15:29:15,135] Trial 1377 pruned. 
[I 2026-07-13 15:29:19,665] Trial 1378 finished with values: [-278.0749341582656, -728.1363514429629, 57.25] and parameters: {'sl_soft': 0.028493661686441754, 'sl_hard_delta': 0.003069903022346389, 'tp': 0.01219055325535965, 'gate_pct': 85.18598170405104, 'dd_limit': 1.7439494970493132, 'cooldown': 29, 'flip': False, 'en_ema_trend': False, 'ema_trend_fast': 384, 'ema_trend_slow': 150, 'en_sma_trend': True, 'sma_trend_fast': 265, 'sma_trend_slow': 365, 'en_macd': False, 'macd_fast': 49, 'macd_slow': 56, 'macd_signal': 70, 'en_vwap': True, 'en_keltner': True, 'keltner_n': 48, 'keltner_m': 4.6000000000000005, 'en_obv': True, 'obv_slope': 68, 'en_cci': True, 'cci_n': 141, 'cci_threshold': 160, 'en_rsi': True, 'rsi_n': 13, 'rsi_lower': 6, 'rsi_upper': 65, 'en_stochastic': False, 'stochastic_n': 64, 'stochastic_d': 31, 'stochastic_lower': 44, 'stochastic_upper': 68, 'en_mfi': True, 'mfi_n': 66, 'mfi_lower': 28, 'mfi_upper': 85, 'en_bollinger': False, 'bollinger_n': 141, 'bollinger_k': 3.4000000000000004, 'en_adx': False, 'adx_n': 90, 'adx_threshold': 43, 'en_structure_trend': False, 'structure_trend_swing_l': 14, 'en_order_block': False, 'order_block_swing_l': 10, 'en_fvg': True, 'fvg_lookback': 41, 'en_ifvg': False, 'en_breaker': True, 'breaker_swing_l': 16, 'en_cisd': False, 'k': 5, 'en_cap_bars': False, 'cap_1min': 898}.
[I 2026-07-13 15:29:20,523] Trial 1379 pruned. 
[I 2026-07-13 15:29:22,470] Trial 1380 finished with values: [-225.78804436900413, -781.7892263368265, 40.0] and parameters: {'sl_soft': 0.01239372502010468, 'sl_hard_delta': 0.029725556735688736, 'tp': 0.029010656879945286, 'gate_pct': 96.87387275432529, 'dd_limit': 3.8524500851165895, 'cooldown': 20, 'flip': True, 'en_ema_trend': True, 'ema_trend_fast': 60, 'ema_trend_slow': 378, 'en_sma_trend': True, 'sma_trend_fast': 222, 'sma_trend_slow': 80, 'en_macd': False, 'macd_fast': 80, 'macd_slow': 7, 'macd_signal': 18, 'en_vwap': True, 'en_keltner': False, 'keltner_n': 56, 'keltner_m': 0.5, 'en_obv': False, 'obv_slope': 72, 'en_cci': False, 'cci_n': 180, 'cci_threshold': 145, 'en_rsi': True, 'rsi_n': 91, 'rsi_lower': 3, 'rsi_upper': 86, 'en_stochastic': False, 'stochastic_n': 55, 'stochastic_d': 27, 'stochastic_lower': 1, 'stochastic_upper': 89, 'en_mfi': True, 'mfi_n': 84, 'mfi_lower': 47, 'mfi_upper': 98, 'en_bollinger': False, 'bollinger_n': 139, 'bollinger_k': 1.4, 'en_adx': False, 'adx_n': 32, 'adx_threshold': 49, 'en_structure_trend': True, 'structure_trend_swing_l': 10, 'en_order_block': True, 'order_block_swing_l': 2, 'en_fvg': False, 'fvg_lookback': 32, 'en_ifvg': True, 'en_breaker': True, 'breaker_swing_l': 15, 'en_cisd': False, 'k': 5, 'en_cap_bars': False, 'cap_1min': 753}.
[I 2026-07-13 15:29:25,068] Trial 1381 finished with values: [-957.2533688085196, -3292.7571098605313, 67.85] and parameters: {'sl_soft': 0.01909532132445682, 'sl_hard_delta': 0.012732590230779687, 'tp': 0.010216756023625758, 'gate_pct': 80.24193898753819, 'dd_limit': 1.1909280435258565, 'cooldown': 2, 'flip': False, 'en_ema_trend': False, 'ema_trend_fast': 91, 'ema_trend_slow': 162, 'en_sma_trend': False, 'sma_trend_fast': 189, 'sma_trend_slow': 109, 'en_macd': False, 'macd_fast': 6, 'macd_slow': 88, 'macd_signal': 87, 'en_vwap': True, 'en_keltner': True, 'keltner_n': 190, 'keltner_m': 1.4, 'en_obv': True, 'obv_slope': 53, 'en_cci': True, 'cci_n': 102, 'cci_threshold': 65, 'en_rsi': False, 'rsi_n': 41, 'rsi_lower': 37, 'rsi_upper': 96, 'en_stochastic': True, 'stochastic_n': 46, 'stochastic_d': 50, 'stochastic_lower': 38, 'stochastic_upper': 95, 'en_mfi': False, 'mfi_n': 61, 'mfi_lower': 13, 'mfi_upper': 78, 'en_bollinger': False, 'bollinger_n': 161, 'bollinger_k': 1.0, 'en_adx': False, 'adx_n': 19, 'adx_threshold': 55, 'en_structure_trend': False, 'structure_trend_swing_l': 11, 'en_order_block': False, 'order_block_swing_l': 10, 'en_fvg': False, 'fvg_lookback': 13, 'en_ifvg': True, 'en_breaker': False, 'breaker_swing_l': 3, 'en_cisd': True, 'k': 2, 'en_cap_bars': False, 'cap_1min': 1333}.
[I 2026-07-13 15:29:33,731] Trial 1382 finished with values: [-1790.007124305468, -10795.48573300477, 63.7] and parameters: {'sl_soft': 0.012449898143873723, 'sl_hard_delta': 0.029776239270151817, 'tp': 0.01104713204540288, 'gate_pct': 99.57581637257637, 'dd_limit': 5.328714371677049, 'cooldown': 5, 'flip': False, 'en_ema_trend': True, 'ema_trend_fast': 339, 'ema_trend_slow': 218, 'en_sma_trend': False, 'sma_trend_fast': 165, 'sma_trend_slow': 185, 'en_macd': False, 'macd_fast': 89, 'macd_slow': 150, 'macd_signal': 67, 'en_vwap': False, 'en_keltner': True, 'keltner_n': 76, 'keltner_m': 1.3, 'en_obv': True, 'obv_slope': 173, 'en_cci': True, 'cci_n': 135, 'cci_threshold': 45, 'en_rsi': False, 'rsi_n': 27, 'rsi_lower': 20, 'rsi_upper': 63, 'en_stochastic': False, 'stochastic_n': 90, 'stochastic_d': 13, 'stochastic_lower': 21, 'stochastic_upper': 76, 'en_mfi': True, 'mfi_n': 56, 'mfi_lower': 13, 'mfi_upper': 72, 'en_bollinger': True, 'bollinger_n': 176, 'bollinger_k': 3.8000000000000003, 'en_adx': True, 'adx_n': 26, 'adx_threshold': 10, 'en_structure_trend': True, 'structure_trend_swing_l': 2, 'en_order_block': False, 'order_block_swing_l': 5, 'en_fvg': True, 'fvg_lookback': 33, 'en_ifvg': False, 'en_breaker': False, 'breaker_swing_l': 11, 'en_cisd': True, 'k': 2, 'en_cap_bars': True, 'cap_1min': 1317}.
[I 2026-07-13 15:29:40,202] Trial 1383 finished with values: [610.2599170216649, -2089.160663969061, 63.35] and parameters: {'sl_soft': 0.01998398987844476, 'sl_hard_delta': 0.017956019251315968, 'tp': 0.03784160265645054, 'gate_pct': 97.17867644536658, 'dd_limit': 0.4513858738163641, 'cooldown': 15, 'flip': False, 'en_ema_trend': True, 'ema_trend_fast': 270, 'ema_trend_slow': 298, 'en_sma_trend': False, 'sma_trend_fast': 120, 'sma_trend_slow': 232, 'en_macd': False, 'macd_fast': 82, 'macd_slow': 127, 'macd_signal': 83, 'en_vwap': False, 'en_keltner': False, 'keltner_n': 59, 'keltner_m': 4.8, 'en_obv': True, 'obv_slope': 38, 'en_cci': False, 'cci_n': 77, 'cci_threshold': 75, 'en_rsi': False, 'rsi_n': 68, 'rsi_lower': 20, 'rsi_upper': 95, 'en_stochastic': True, 'stochastic_n': 97, 'stochastic_d': 16, 'stochastic_lower': 27, 'stochastic_upper': 68, 'en_mfi': False, 'mfi_n': 6, 'mfi_lower': 27, 'mfi_upper': 84, 'en_bollinger': False, 'bollinger_n': 54, 'bollinger_k': 2.2, 'en_adx': False, 'adx_n': 30, 'adx_threshold': 40, 'en_structure_trend': True, 'structure_trend_swing_l': 9, 'en_order_block': True, 'order_block_swing_l': 10, 'en_fvg': False, 'fvg_lookback': 46, 'en_ifvg': False, 'en_breaker': True, 'breaker_swing_l': 19, 'en_cisd': True, 'k': 2, 'en_cap_bars': True, 'cap_1min': 1339}.
[I 2026-07-13 15:29:42,740] Trial 1384 pruned. 
[I 2026-07-13 15:29:44,741] Trial 1385 finished with values: [-186.17241490145983, -1613.0862065012507, 58.55] and parameters: {'sl_soft': 0.02102744692810867, 'sl_hard_delta': 0.02183482482285977, 'tp': 0.02345922914622859, 'gate_pct': 96.54380504120698, 'dd_limit': 4.125389121894992, 'cooldown': 9, 'flip': True, 'en_ema_trend': False, 'ema_trend_fast': 390, 'ema_trend_slow': 273, 'en_sma_trend': False, 'sma_trend_fast': 148, 'sma_trend_slow': 311, 'en_macd': True, 'macd_fast': 32, 'macd_slow': 106, 'macd_signal': 42, 'en_vwap': True, 'en_keltner': False, 'keltner_n': 42, 'keltner_m': 2.4000000000000004, 'en_obv': False, 'obv_slope': 3, 'en_cci': True, 'cci_n': 108, 'cci_threshold': 135, 'en_rsi': False, 'rsi_n': 15, 'rsi_lower': 46, 'rsi_upper': 66, 'en_stochastic': False, 'stochastic_n': 2, 'stochastic_d': 49, 'stochastic_lower': 24, 'stochastic_upper': 79, 'en_mfi': True, 'mfi_n': 38, 'mfi_lower': 33, 'mfi_upper': 83, 'en_bollinger': False, 'bollinger_n': 46, 'bollinger_k': 0.8, 'en_adx': False, 'adx_n': 13, 'adx_threshold': 39, 'en_structure_trend': True, 'structure_trend_swing_l': 14, 'en_order_block': False, 'order_block_swing_l': 1, 'en_fvg': True, 'fvg_lookback': 18, 'en_ifvg': True, 'en_breaker': False, 'breaker_swing_l': 18, 'en_cisd': False, 'k': 2, 'en_cap_bars': False, 'cap_1min': 715}.
[I 2026-07-13 15:29:47,402] Trial 1386 finished with values: [252.4424125767588, -495.4634994084728, 72.9] and parameters: {'sl_soft': 0.026342400384516372, 'sl_hard_delta': 0.012956297024244669, 'tp': 0.018803392344604333, 'gate_pct': 98.93711402329589, 'dd_limit': 0.23735305616742414, 'cooldown': 15, 'flip': True, 'en_ema_trend': True, 'ema_trend_fast': 206, 'ema_trend_slow': 250, 'en_sma_trend': False, 'sma_trend_fast': 32, 'sma_trend_slow': 12, 'en_macd': True, 'macd_fast': 60, 'macd_slow': 22, 'macd_signal': 40, 'en_vwap': True, 'en_keltner': False, 'keltner_n': 61, 'keltner_m': 4.7, 'en_obv': True, 'obv_slope': 157, 'en_cci': True, 'cci_n': 10, 'cci_threshold': 295, 'en_rsi': False, 'rsi_n': 34, 'rsi_lower': 25, 'rsi_upper': 72, 'en_stochastic': False, 'stochastic_n': 97, 'stochastic_d': 6, 'stochastic_lower': 16, 'stochastic_upper': 91, 'en_mfi': True, 'mfi_n': 15, 'mfi_lower': 2, 'mfi_upper': 79, 'en_bollinger': True, 'bollinger_n': 56, 'bollinger_k': 3.1, 'en_adx': False, 'adx_n': 64, 'adx_threshold': 50, 'en_structure_trend': True, 'structure_trend_swing_l': 13, 'en_order_block': True, 'order_block_swing_l': 15, 'en_fvg': False, 'fvg_lookback': 11, 'en_ifvg': True, 'en_breaker': True, 'breaker_swing_l': 11, 'en_cisd': True, 'k': 2, 'en_cap_bars': True, 'cap_1min': 963}.
[I 2026-07-13 15:29:58,024] Trial 1387 finished with values: [-386.9285511478005, -1564.072788002626, 59.8] and parameters: {'sl_soft': 0.029132739000343633, 'sl_hard_delta': 0.02484677677105232, 'tp': 0.021680684266425956, 'gate_pct': 99.95605949198794, 'dd_limit': 1.4726436036009025, 'cooldown': 10, 'flip': True, 'en_ema_trend': False, 'ema_trend_fast': 27, 'ema_trend_slow': 14, 'en_sma_trend': True, 'sma_trend_fast': 334, 'sma_trend_slow': 268, 'en_macd': True, 'macd_fast': 91, 'macd_slow': 91, 'macd_signal': 65, 'en_vwap': True, 'en_keltner': True, 'keltner_n': 139, 'keltner_m': 2.8000000000000003, 'en_obv': False, 'obv_slope': 165, 'en_cci': True, 'cci_n': 106, 'cci_threshold': 155, 'en_rsi': True, 'rsi_n': 81, 'rsi_lower': 18, 'rsi_upper': 91, 'en_stochastic': True, 'stochastic_n': 88, 'stochastic_d': 22, 'stochastic_lower': 7, 'stochastic_upper': 61, 'en_mfi': False, 'mfi_n': 62, 'mfi_lower': 30, 'mfi_upper': 97, 'en_bollinger': False, 'bollinger_n': 44, 'bollinger_k': 1.0, 'en_adx': False, 'adx_n': 16, 'adx_threshold': 17, 'en_structure_trend': False, 'structure_trend_swing_l': 3, 'en_order_block': True, 'order_block_swing_l': 3, 'en_fvg': False, 'fvg_lookback': 9, 'en_ifvg': True, 'en_breaker': True, 'breaker_swing_l': 16, 'en_cisd': False, 'k': 4, 'en_cap_bars': True, 'cap_1min': 1243}.
[I 2026-07-13 15:29:58,871] Trial 1388 pruned. 
[I 2026-07-13 15:29:59,794] Trial 1389 pruned. 
