[I 2026-07-13 15:04:42,622] Trial 4518 finished with values: [17559.522019131837, -6245.367480201659, 54.4] and parameters: {'sl_soft': 0.16151352996638565, 'sl_hard_delta': 0.039849065565949165, 'tp': 0.31273233634300385, 'gate_pct': 99.43810192295578, 'dd_limit': 0.7627381108845042, 'cooldown': 0, 'flip': False, 'en_ema_trend': False, 'ema_trend_fast': 197, 'ema_trend_slow': 157, 'en_sma_trend': True, 'sma_trend_fast': 91, 'sma_trend_slow': 35, 'en_macd': False, 'macd_fast': 11, 'macd_slow': 3, 'macd_signal': 52, 'en_vwap': False, 'en_keltner': True, 'keltner_n': 123, 'keltner_m': 1.0, 'en_obv': True, 'obv_slope': 153, 'en_cci': True, 'cci_n': 166, 'cci_threshold': 130, 'en_rsi': False, 'rsi_n': 100, 'rsi_lower': 26, 'rsi_upper': 87, 'en_stochastic': False, 'stochastic_n': 62, 'stochastic_d': 45, 'stochastic_lower': 13, 'stochastic_upper': 98, 'en_mfi': False, 'mfi_n': 42, 'mfi_lower': 28, 'mfi_upper': 73, 'en_bollinger': False, 'bollinger_n': 192, 'bollinger_k': 1.6, 'en_adx': False, 'adx_n': 50, 'adx_threshold': 9, 'en_structure_trend': False, 'structure_trend_swing_l': 9, 'en_order_block': True, 'order_block_swing_l': 5, 'en_fvg': False, 'fvg_lookback': 22, 'en_ifvg': True, 'en_breaker': True, 'breaker_swing_l': 7, 'en_cisd': True, 'k': 4, 'en_cap_bars': True, 'cap_1min': 457}.
[I 2026-07-13 15:04:42,794] Trial 4519 finished with values: [3003.9538576534155, -13648.737224744244, 47.8] and parameters: {'sl_soft': 0.17578075196912057, 'sl_hard_delta': 0.039849065565949165, 'tp': 0.30344321187078127, 'gate_pct': 99.43810192295578, 'dd_limit': 0.7627381108845042, 'cooldown': 0, 'flip': False, 'en_ema_trend': True, 'ema_trend_fast': 169, 'ema_trend_slow': 157, 'en_sma_trend': False, 'sma_trend_fast': 81, 'sma_trend_slow': 379, 'en_macd': False, 'macd_fast': 56, 'macd_slow': 125, 'macd_signal': 52, 'en_vwap': False, 'en_keltner': True, 'keltner_n': 60, 'keltner_m': 3.8000000000000003, 'en_obv': True, 'obv_slope': 153, 'en_cci': True, 'cci_n': 166, 'cci_threshold': 50, 'en_rsi': False, 'rsi_n': 100, 'rsi_lower': 1, 'rsi_upper': 80, 'en_stochastic': False, 'stochastic_n': 62, 'stochastic_d': 17, 'stochastic_lower': 20, 'stochastic_upper': 57, 'en_mfi': False, 'mfi_n': 14, 'mfi_lower': 29, 'mfi_upper': 83, 'en_bollinger': False, 'bollinger_n': 2, 'bollinger_k': 3.8000000000000003, 'en_adx': False, 'adx_n': 83, 'adx_threshold': 57, 'en_structure_trend': False, 'structure_trend_swing_l': 1, 'en_order_block': True, 'order_block_swing_l': 16, 'en_fvg': False, 'fvg_lookback': 22, 'en_ifvg': True, 'en_breaker': False, 'breaker_swing_l': 7, 'en_cisd': True, 'k': 4, 'en_cap_bars': True, 'cap_1min': 461}.
[I 2026-07-13 15:04:42,943] Trial 4520 finished with values: [11968.717414376668, -4961.263864069064, 34.5] and parameters: {'sl_soft': 0.05035573196257478, 'sl_hard_delta': 0.039849065565949165, 'tp': 0.30344321187078127, 'gate_pct': 98.58299891691806, 'dd_limit': 0.7627381108845042, 'cooldown': 0, 'flip': False, 'en_ema_trend': False, 'ema_trend_fast': 99, 'ema_trend_slow': 64, 'en_sma_trend': False, 'sma_trend_fast': 360, 'sma_trend_slow': 319, 'en_macd': False, 'macd_fast': 10, 'macd_slow': 125, 'macd_signal': 43, 'en_vwap': False, 'en_keltner': True, 'keltner_n': 123, 'keltner_m': 2.8000000000000003, 'en_obv': True, 'obv_slope': 162, 'en_cci': True, 'cci_n': 166, 'cci_threshold': 130, 'en_rsi': False, 'rsi_n': 100, 'rsi_lower': 47, 'rsi_upper': 56, 'en_stochastic': False, 'stochastic_n': 62, 'stochastic_d': 34, 'stochastic_lower': 31, 'stochastic_upper': 57, 'en_mfi': False, 'mfi_n': 14, 'mfi_lower': 29, 'mfi_upper': 80, 'en_bollinger': True, 'bollinger_n': 6, 'bollinger_k': 3.8000000000000003, 'en_adx': False, 'adx_n': 35, 'adx_threshold': 8, 'en_structure_trend': True, 'structure_trend_swing_l': 9, 'en_order_block': True, 'order_block_swing_l': 3, 'en_fvg': False, 'fvg_lookback': 30, 'en_ifvg': True, 'en_breaker': True, 'breaker_swing_l': 7, 'en_cisd': True, 'k': 4, 'en_cap_bars': False, 'cap_1min': 461}.
[I 2026-07-13 15:04:43,041] Trial 4521 pruned. 
[I 2026-07-13 15:04:43,207] Trial 4522 finished with values: [7025.734561909064, -16891.728739731174, 75.6] and parameters: {'sl_soft': 0.1790260279200085, 'sl_hard_delta': 0.039849065565949165, 'tp': 0.14985592681603982, 'gate_pct': 94.70821660915905, 'dd_limit': 0.6062953539401272, 'cooldown': 0, 'flip': False, 'en_ema_trend': True, 'ema_trend_fast': 157, 'ema_trend_slow': 377, 'en_sma_trend': True, 'sma_trend_fast': 360, 'sma_trend_slow': 336, 'en_macd': False, 'macd_fast': 80, 'macd_slow': 200, 'macd_signal': 52, 'en_vwap': True, 'en_keltner': True, 'keltner_n': 131, 'keltner_m': 1.3, 'en_obv': False, 'obv_slope': 26, 'en_cci': True, 'cci_n': 172, 'cci_threshold': 250, 'en_rsi': False, 'rsi_n': 72, 'rsi_lower': 47, 'rsi_upper': 79, 'en_stochastic': False, 'stochastic_n': 62, 'stochastic_d': 34, 'stochastic_lower': 9, 'stochastic_upper': 91, 'en_mfi': False, 'mfi_n': 43, 'mfi_lower': 44, 'mfi_upper': 73, 'en_bollinger': True, 'bollinger_n': 149, 'bollinger_k': 3.8000000000000003, 'en_adx': False, 'adx_n': 50, 'adx_threshold': 35, 'en_structure_trend': False, 'structure_trend_swing_l': 18, 'en_order_block': True, 'order_block_swing_l': 11, 'en_fvg': False, 'fvg_lookback': 24, 'en_ifvg': False, 'en_breaker': False, 'breaker_swing_l': 1, 'en_cisd': True, 'k': 4, 'en_cap_bars': True, 'cap_1min': 1399}.
[I 2026-07-13 15:04:43,727] Trial 4523 finished with values: [9298.917467705576, -4722.597703068843, 69.0] and parameters: {'sl_soft': 0.1790260279200085, 'sl_hard_delta': 0.039849065565949165, 'tp': 0.14985592681603982, 'gate_pct': 99.43810192295578, 'dd_limit': 0.7627381108845042, 'cooldown': 0, 'flip': False, 'en_ema_trend': False, 'ema_trend_fast': 157, 'ema_trend_slow': 157, 'en_sma_trend': True, 'sma_trend_fast': 360, 'sma_trend_slow': 336, 'en_macd': False, 'macd_fast': 80, 'macd_slow': 200, 'macd_signal': 52, 'en_vwap': False, 'en_keltner': True, 'keltner_n': 131, 'keltner_m': 1.3, 'en_obv': True, 'obv_slope': 69, 'en_cci': True, 'cci_n': 166, 'cci_threshold': 130, 'en_rsi': False, 'rsi_n': 100, 'rsi_lower': 47, 'rsi_upper': 58, 'en_stochastic': False, 'stochastic_n': 62, 'stochastic_d': 34, 'stochastic_lower': 9, 'stochastic_upper': 66, 'en_mfi': False, 'mfi_n': 42, 'mfi_lower': 29, 'mfi_upper': 73, 'en_bollinger': True, 'bollinger_n': 133, 'bollinger_k': 3.8000000000000003, 'en_adx': False, 'adx_n': 50, 'adx_threshold': 35, 'en_structure_trend': False, 'structure_trend_swing_l': 9, 'en_order_block': False, 'order_block_swing_l': 16, 'en_fvg': False, 'fvg_lookback': 35, 'en_ifvg': True, 'en_breaker': False, 'breaker_swing_l': 1, 'en_cisd': True, 'k': 4, 'en_cap_bars': True, 'cap_1min': 457}.
[I 2026-07-13 15:04:43,877] Trial 4524 pruned. 
[I 2026-07-13 15:04:44,073] Trial 4525 pruned. 
[I 2026-07-13 15:04:44,585] Trial 4526 finished with values: [5092.180395063915, -6448.0768698167885, 66.15] and parameters: {'sl_soft': 0.1790260279200085, 'sl_hard_delta': 0.039849065565949165, 'tp': 0.14985592681603982, 'gate_pct': 94.70821660915905, 'dd_limit': 0.7627381108845042, 'cooldown': 1, 'flip': False, 'en_ema_trend': True, 'ema_trend_fast': 157, 'ema_trend_slow': 236, 'en_sma_trend': True, 'sma_trend_fast': 81, 'sma_trend_slow': 336, 'en_macd': False, 'macd_fast': 10, 'macd_slow': 125, 'macd_signal': 52, 'en_vwap': False, 'en_keltner': True, 'keltner_n': 123, 'keltner_m': 1.3, 'en_obv': False, 'obv_slope': 153, 'en_cci': True, 'cci_n': 172, 'cci_threshold': 130, 'en_rsi': False, 'rsi_n': 100, 'rsi_lower': 47, 'rsi_upper': 79, 'en_stochastic': False, 'stochastic_n': 70, 'stochastic_d': 34, 'stochastic_lower': 20, 'stochastic_upper': 66, 'en_mfi': False, 'mfi_n': 14, 'mfi_lower': 29, 'mfi_upper': 83, 'en_bollinger': True, 'bollinger_n': 2, 'bollinger_k': 1.6, 'en_adx': False, 'adx_n': 35, 'adx_threshold': 9, 'en_structure_trend': False, 'structure_trend_swing_l': 18, 'en_order_block': True, 'order_block_swing_l': 5, 'en_fvg': False, 'fvg_lookback': 7, 'en_ifvg': True, 'en_breaker': True, 'breaker_swing_l': 1, 'en_cisd': True, 'k': 4, 'en_cap_bars': True, 'cap_1min': 457}.
[I 2026-07-13 15:04:44,702] Trial 4527 finished with values: [6856.584548975526, -3608.1919011411374, 38.150000000000006] and parameters: {'sl_soft': 0.05035573196257478, 'sl_hard_delta': 0.039849065565949165, 'tp': 0.30344321187078127, 'gate_pct': 99.43810192295578, 'dd_limit': 5.937758572987326, 'cooldown': 0, 'flip': False, 'en_ema_trend': False, 'ema_trend_fast': 157, 'ema_trend_slow': 157, 'en_sma_trend': True, 'sma_trend_fast': 360, 'sma_trend_slow': 35, 'en_macd': False, 'macd_fast': 11, 'macd_slow': 200, 'macd_signal': 52, 'en_vwap': False, 'en_keltner': True, 'keltner_n': 131, 'keltner_m': 3.5, 'en_obv': True, 'obv_slope': 153, 'en_cci': True, 'cci_n': 7, 'cci_threshold': 130, 'en_rsi': False, 'rsi_n': 34, 'rsi_lower': 1, 'rsi_upper': 58, 'en_stochastic': False, 'stochastic_n': 62, 'stochastic_d': 34, 'stochastic_lower': 9, 'stochastic_upper': 79, 'en_mfi': False, 'mfi_n': 42, 'mfi_lower': 29, 'mfi_upper': 80, 'en_bollinger': True, 'bollinger_n': 2, 'bollinger_k': 1.6, 'en_adx': False, 'adx_n': 17, 'adx_threshold': 35, 'en_structure_trend': False, 'structure_trend_swing_l': 9, 'en_order_block': False, 'order_block_swing_l': 5, 'en_fvg': False, 'fvg_lookback': 22, 'en_ifvg': True, 'en_breaker': True, 'breaker_swing_l': 6, 'en_cisd': True, 'k': 4, 'en_cap_bars': False, 'cap_1min': 457}.
[I 2026-07-13 15:04:44,848] Trial 4528 finished with values: [10597.888817284549, -4334.215888783747, 36.15] and parameters: {'sl_soft': 0.05035573196257478, 'sl_hard_delta': 0.039849065565949165, 'tp': 0.30344321187078127, 'gate_pct': 99.43810192295578, 'dd_limit': 9.049701546507107, 'cooldown': 0, 'flip': False, 'en_ema_trend': False, 'ema_trend_fast': 197, 'ema_trend_slow': 64, 'en_sma_trend': True, 'sma_trend_fast': 313, 'sma_trend_slow': 35, 'en_macd': False, 'macd_fast': 11, 'macd_slow': 200, 'macd_signal': 52, 'en_vwap': False, 'en_keltner': True, 'keltner_n': 131, 'keltner_m': 3.5, 'en_obv': True, 'obv_slope': 153, 'en_cci': True, 'cci_n': 166, 'cci_threshold': 130, 'en_rsi': False, 'rsi_n': 100, 'rsi_lower': 1, 'rsi_upper': 57, 'en_stochastic': False, 'stochastic_n': 62, 'stochastic_d': 34, 'stochastic_lower': 9, 'stochastic_upper': 66, 'en_mfi': False, 'mfi_n': 14, 'mfi_lower': 29, 'mfi_upper': 80, 'en_bollinger': True, 'bollinger_n': 7, 'bollinger_k': 3.8000000000000003, 'en_adx': False, 'adx_n': 62, 'adx_threshold': 47, 'en_structure_trend': False, 'structure_trend_swing_l': 18, 'en_order_block': True, 'order_block_swing_l': 15, 'en_fvg': False, 'fvg_lookback': 22, 'en_ifvg': True, 'en_breaker': True, 'breaker_swing_l': 7, 'en_cisd': True, 'k': 4, 'en_cap_bars': False, 'cap_1min': 457}.
[I 2026-07-13 15:04:45,018] Trial 4529 finished with values: [8501.950146183484, -4646.095780000437, 27.5] and parameters: {'sl_soft': 0.05035573196257478, 'sl_hard_delta': 0.039849065565949165, 'tp': 0.30344321187078127, 'gate_pct': 99.43810192295578, 'dd_limit': 5.937758572987326, 'cooldown': 0, 'flip': False, 'en_ema_trend': True, 'ema_trend_fast': 157, 'ema_trend_slow': 157, 'en_sma_trend': False, 'sma_trend_fast': 81, 'sma_trend_slow': 379, 'en_macd': False, 'macd_fast': 56, 'macd_slow': 3, 'macd_signal': 52, 'en_vwap': True, 'en_keltner': True, 'keltner_n': 123, 'keltner_m': 3.8000000000000003, 'en_obv': True, 'obv_slope': 69, 'en_cci': True, 'cci_n': 166, 'cci_threshold': 50, 'en_rsi': False, 'rsi_n': 72, 'rsi_lower': 1, 'rsi_upper': 80, 'en_stochastic': False, 'stochastic_n': 89, 'stochastic_d': 17, 'stochastic_lower': 20, 'stochastic_upper': 66, 'en_mfi': False, 'mfi_n': 14, 'mfi_lower': 29, 'mfi_upper': 80, 'en_bollinger': False, 'bollinger_n': 2, 'bollinger_k': 4.1, 'en_adx': False, 'adx_n': 7, 'adx_threshold': 57, 'en_structure_trend': False, 'structure_trend_swing_l': 9, 'en_order_block': True, 'order_block_swing_l': 5, 'en_fvg': False, 'fvg_lookback': 22, 'en_ifvg': True, 'en_breaker': True, 'breaker_swing_l': 7, 'en_cisd': True, 'k': 4, 'en_cap_bars': False, 'cap_1min': 457}.
[I 2026-07-13 15:04:45,170] Trial 4530 finished with values: [8711.99149761601, -2714.127799254271, 68.0] and parameters: {'sl_soft': 0.17078528780478208, 'sl_hard_delta': 0.039849065565949165, 'tp': 0.14985592681603982, 'gate_pct': 99.43810192295578, 'dd_limit': 5.937758572987326, 'cooldown': 1, 'flip': False, 'en_ema_trend': False, 'ema_trend_fast': 157, 'ema_trend_slow': 236, 'en_sma_trend': False, 'sma_trend_fast': 360, 'sma_trend_slow': 35, 'en_macd': False, 'macd_fast': 10, 'macd_slow': 200, 'macd_signal': 69, 'en_vwap': False, 'en_keltner': True, 'keltner_n': 123, 'keltner_m': 3.8000000000000003, 'en_obv': True, 'obv_slope': 153, 'en_cci': True, 'cci_n': 166, 'cci_threshold': 130, 'en_rsi': False, 'rsi_n': 100, 'rsi_lower': 48, 'rsi_upper': 57, 'en_stochastic': False, 'stochastic_n': 62, 'stochastic_d': 34, 'stochastic_lower': 20, 'stochastic_upper': 66, 'en_mfi': False, 'mfi_n': 42, 'mfi_lower': 29, 'mfi_upper': 83, 'en_bollinger': True, 'bollinger_n': 2, 'bollinger_k': 1.6, 'en_adx': False, 'adx_n': 17, 'adx_threshold': 33, 'en_structure_trend': False, 'structure_trend_swing_l': 9, 'en_order_block': True, 'order_block_swing_l': 5, 'en_fvg': False, 'fvg_lookback': 22, 'en_ifvg': True, 'en_breaker': True, 'breaker_swing_l': 7, 'en_cisd': True, 'k': 4, 'en_cap_bars': False, 'cap_1min': 457}.
[I 2026-07-13 15:04:45,312] Trial 4531 finished with values: [10336.612703538942, -3883.1919011411037, 38.099999999999994] and parameters: {'sl_soft': 0.05035573196257478, 'sl_hard_delta': 0.039849065565949165, 'tp': 0.30344321187078127, 'gate_pct': 99.43810192295578, 'dd_limit': 0.7627381108845042, 'cooldown': 0, 'flip': False, 'en_ema_trend': False, 'ema_trend_fast': 157, 'ema_trend_slow': 157, 'en_sma_trend': False, 'sma_trend_fast': 360, 'sma_trend_slow': 35, 'en_macd': False, 'macd_fast': 11, 'macd_slow': 41, 'macd_signal': 52, 'en_vwap': True, 'en_keltner': False, 'keltner_n': 123, 'keltner_m': 3.8000000000000003, 'en_obv': True, 'obv_slope': 69, 'en_cci': True, 'cci_n': 166, 'cci_threshold': 130, 'en_rsi': False, 'rsi_n': 34, 'rsi_lower': 1, 'rsi_upper': 57, 'en_stochastic': False, 'stochastic_n': 62, 'stochastic_d': 34, 'stochastic_lower': 9, 'stochastic_upper': 98, 'en_mfi': False, 'mfi_n': 14, 'mfi_lower': 29, 'mfi_upper': 80, 'en_bollinger': True, 'bollinger_n': 2, 'bollinger_k': 1.6, 'en_adx': False, 'adx_n': 62, 'adx_threshold': 13, 'en_structure_trend': False, 'structure_trend_swing_l': 9, 'en_order_block': True, 'order_block_swing_l': 5, 'en_fvg': False, 'fvg_lookback': 22, 'en_ifvg': True, 'en_breaker': True, 'breaker_swing_l': 7, 'en_cisd': True, 'k': 4, 'en_cap_bars': False, 'cap_1min': 457}.
[I 2026-07-13 15:04:46,435] Trial 4532 finished with values: [1347.4107700675365, -9629.589290307555, 59.75] and parameters: {'sl_soft': 0.1790260279200085, 'sl_hard_delta': 0.039849065565949165, 'tp': 0.14985592681603982, 'gate_pct': 94.70821660915905, 'dd_limit': 9.049701546507107, 'cooldown': 0, 'flip': False, 'en_ema_trend': True, 'ema_trend_fast': 169, 'ema_trend_slow': 157, 'en_sma_trend': True, 'sma_trend_fast': 81, 'sma_trend_slow': 336, 'en_macd': False, 'macd_fast': 56, 'macd_slow': 200, 'macd_signal': 52, 'en_vwap': False, 'en_keltner': True, 'keltner_n': 60, 'keltner_m': 1.3, 'en_obv': True, 'obv_slope': 69, 'en_cci': True, 'cci_n': 172, 'cci_threshold': 50, 'en_rsi': False, 'rsi_n': 72, 'rsi_lower': 47, 'rsi_upper': 80, 'en_stochastic': False, 'stochastic_n': 62, 'stochastic_d': 34, 'stochastic_lower': 9, 'stochastic_upper': 66, 'en_mfi': False, 'mfi_n': 14, 'mfi_lower': 29, 'mfi_upper': 73, 'en_bollinger': False, 'bollinger_n': 2, 'bollinger_k': 3.8000000000000003, 'en_adx': False, 'adx_n': 7, 'adx_threshold': 35, 'en_structure_trend': False, 'structure_trend_swing_l': 9, 'en_order_block': False, 'order_block_swing_l': 11, 'en_fvg': False, 'fvg_lookback': 7, 'en_ifvg': True, 'en_breaker': False, 'breaker_swing_l': 1, 'en_cisd': True, 'k': 4, 'en_cap_bars': True, 'cap_1min': 457}.
[I 2026-07-13 15:04:46,628] Trial 4533 finished with values: [9620.807604055815, -3766.6488763340967, 29.55] and parameters: {'sl_soft': 0.05035573196257478, 'sl_hard_delta': 0.01242174930966288, 'tp': 0.30344321187078127, 'gate_pct': 98.58299891691806, 'dd_limit': 5.937758572987326, 'cooldown': 0, 'flip': False, 'en_ema_trend': False, 'ema_trend_fast': 157, 'ema_trend_slow': 157, 'en_sma_trend': False, 'sma_trend_fast': 360, 'sma_trend_slow': 35, 'en_macd': False, 'macd_fast': 11, 'macd_slow': 41, 'macd_signal': 43, 'en_vwap': True, 'en_keltner': True, 'keltner_n': 107, 'keltner_m': 2.8000000000000003, 'en_obv': True, 'obv_slope': 179, 'en_cci': True, 'cci_n': 166, 'cci_threshold': 130, 'en_rsi': False, 'rsi_n': 57, 'rsi_lower': 1, 'rsi_upper': 87, 'en_stochastic': False, 'stochastic_n': 62, 'stochastic_d': 34, 'stochastic_lower': 9, 'stochastic_upper': 98, 'en_mfi': False, 'mfi_n': 14, 'mfi_lower': 29, 'mfi_upper': 80, 'en_bollinger': True, 'bollinger_n': 2, 'bollinger_k': 1.6, 'en_adx': False, 'adx_n': 17, 'adx_threshold': 35, 'en_structure_trend': True, 'structure_trend_swing_l': 9, 'en_order_block': True, 'order_block_swing_l': 5, 'en_fvg': False, 'fvg_lookback': 22, 'en_ifvg': True, 'en_breaker': True, 'breaker_swing_l': 7, 'en_cisd': True, 'k': 4, 'en_cap_bars': False, 'cap_1min': 457}.
[I 2026-07-13 15:04:47,623] Trial 4534 finished with values: [8423.009181923077, -3744.0478047151496, 34.25] and parameters: {'sl_soft': 0.05035573196257478, 'sl_hard_delta': 0.039849065565949165, 'tp': 0.30344321187078127, 'gate_pct': 99.43810192295578, 'dd_limit': 9.049701546507107, 'cooldown': 0, 'flip': False, 'en_ema_trend': False, 'ema_trend_fast': 169, 'ema_trend_slow': 157, 'en_sma_trend': False, 'sma_trend_fast': 338, 'sma_trend_slow': 379, 'en_macd': False, 'macd_fast': 10, 'macd_slow': 200, 'macd_signal': 52, 'en_vwap': False, 'en_keltner': True, 'keltner_n': 60, 'keltner_m': 3.3000000000000003, 'en_obv': True, 'obv_slope': 193, 'en_cci': True, 'cci_n': 166, 'cci_threshold': 130, 'en_rsi': False, 'rsi_n': 100, 'rsi_lower': 47, 'rsi_upper': 80, 'en_stochastic': False, 'stochastic_n': 89, 'stochastic_d': 17, 'stochastic_lower': 20, 'stochastic_upper': 66, 'en_mfi': False, 'mfi_n': 42, 'mfi_lower': 29, 'mfi_upper': 68, 'en_bollinger': False, 'bollinger_n': 2, 'bollinger_k': 4.1, 'en_adx': False, 'adx_n': 7, 'adx_threshold': 9, 'en_structure_trend': False, 'structure_trend_swing_l': 1, 'en_order_block': True, 'order_block_swing_l': 16, 'en_fvg': True, 'fvg_lookback': 22, 'en_ifvg': True, 'en_breaker': True, 'breaker_swing_l': 7, 'en_cisd': True, 'k': 4, 'en_cap_bars': True, 'cap_1min': 1399}.
[I 2026-07-13 15:04:47,761] Trial 4535 finished with values: [15228.296172613336, -5854.986308621832, 54.05] and parameters: {'sl_soft': 0.17078528780478208, 'sl_hard_delta': 0.039849065565949165, 'tp': 0.30344321187078127, 'gate_pct': 99.43810192295578, 'dd_limit': 0.7627381108845042, 'cooldown': 1, 'flip': False, 'en_ema_trend': False, 'ema_trend_fast': 157, 'ema_trend_slow': 157, 'en_sma_trend': False, 'sma_trend_fast': 338, 'sma_trend_slow': 35, 'en_macd': False, 'macd_fast': 10, 'macd_slow': 169, 'macd_signal': 52, 'en_vwap': False, 'en_keltner': True, 'keltner_n': 123, 'keltner_m': 3.5, 'en_obv': True, 'obv_slope': 153, 'en_cci': True, 'cci_n': 166, 'cci_threshold': 130, 'en_rsi': False, 'rsi_n': 100, 'rsi_lower': 47, 'rsi_upper': 87, 'en_stochastic': False, 'stochastic_n': 70, 'stochastic_d': 17, 'stochastic_lower': 40, 'stochastic_upper': 57, 'en_mfi': False, 'mfi_n': 42, 'mfi_lower': 29, 'mfi_upper': 80, 'en_bollinger': True, 'bollinger_n': 2, 'bollinger_k': 1.6, 'en_adx': False, 'adx_n': 35, 'adx_threshold': 9, 'en_structure_trend': False, 'structure_trend_swing_l': 9, 'en_order_block': True, 'order_block_swing_l': 5, 'en_fvg': False, 'fvg_lookback': 35, 'en_ifvg': True, 'en_breaker': True, 'breaker_swing_l': 7, 'en_cisd': True, 'k': 4, 'en_cap_bars': True, 'cap_1min': 457}.
[I 2026-07-13 15:04:47,912] Trial 4536 finished with values: [12513.909571372908, -4170.071792357747, 33.45] and parameters: {'sl_soft': 0.05035573196257478, 'sl_hard_delta': 0.039849065565949165, 'tp': 0.30344321187078127, 'gate_pct': 99.43810192295578, 'dd_limit': 5.937758572987326, 'cooldown': 0, 'flip': False, 'en_ema_trend': False, 'ema_trend_fast': 157, 'ema_trend_slow': 157, 'en_sma_trend': False, 'sma_trend_fast': 360, 'sma_trend_slow': 290, 'en_macd': False, 'macd_fast': 80, 'macd_slow': 200, 'macd_signal': 52, 'en_vwap': True, 'en_keltner': True, 'keltner_n': 123, 'keltner_m': 3.5, 'en_obv': True, 'obv_slope': 69, 'en_cci': True, 'cci_n': 166, 'cci_threshold': 145, 'en_rsi': False, 'rsi_n': 34, 'rsi_lower': 47, 'rsi_upper': 58, 'en_stochastic': False, 'stochastic_n': 81, 'stochastic_d': 11, 'stochastic_lower': 31, 'stochastic_upper': 66, 'en_mfi': False, 'mfi_n': 14, 'mfi_lower': 29, 'mfi_upper': 80, 'en_bollinger': True, 'bollinger_n': 192, 'bollinger_k': 3.8000000000000003, 'en_adx': False, 'adx_n': 17, 'adx_threshold': 9, 'en_structure_trend': False, 'structure_trend_swing_l': 9, 'en_order_block': True, 'order_block_swing_l': 5, 'en_fvg': False, 'fvg_lookback': 22, 'en_ifvg': True, 'en_breaker': True, 'breaker_swing_l': 7, 'en_cisd': True, 'k': 4, 'en_cap_bars': False, 'cap_1min': 457}.
