[I 2026-07-13 14:41:06,514] Trial 3324 finished with values: [2288.958923991427, -10191.530526304345, 53.25] and parameters: {'sl_soft': 0.056850377564309024, 'sl_hard_delta': 0.0308187445303185, 'tp': 0.09132296619741134, 'gate_pct': 99.82453052031805, 'dd_limit': 5.761575140310536, 'cooldown': 1, 'flip': True, 'en_ema_trend': False, 'ema_trend_fast': 231, 'ema_trend_slow': 181, 'en_sma_trend': True, 'sma_trend_fast': 11, 'sma_trend_slow': 79, 'en_macd': False, 'macd_fast': 54, 'macd_slow': 116, 'macd_signal': 2, 'en_vwap': True, 'en_keltner': False, 'keltner_n': 193, 'keltner_m': 4.2, 'en_obv': False, 'obv_slope': 149, 'en_cci': True, 'cci_n': 135, 'cci_threshold': 40, 'en_rsi': False, 'rsi_n': 90, 'rsi_lower': 23, 'rsi_upper': 97, 'en_stochastic': False, 'stochastic_n': 94, 'stochastic_d': 8, 'stochastic_lower': 16, 'stochastic_upper': 71, 'en_mfi': False, 'mfi_n': 88, 'mfi_lower': 19, 'mfi_upper': 89, 'en_bollinger': False, 'bollinger_n': 147, 'bollinger_k': 4.6000000000000005, 'en_adx': True, 'adx_n': 35, 'adx_threshold': 12, 'en_structure_trend': False, 'structure_trend_swing_l': 3, 'en_order_block': True, 'order_block_swing_l': 8, 'en_fvg': True, 'fvg_lookback': 26, 'en_ifvg': False, 'en_breaker': True, 'breaker_swing_l': 11, 'en_cisd': False, 'k': 2, 'en_cap_bars': False, 'cap_1min': 1015}.
[I 2026-07-13 14:41:07,404] Trial 3325 pruned. 
[I 2026-07-13 14:41:08,181] Trial 3326 pruned. 
[I 2026-07-13 14:41:09,520] Trial 3327 pruned. 
[I 2026-07-13 14:41:14,206] Trial 3328 finished with values: [1874.0145943358377, -4720.986441568373, 45.650000000000006] and parameters: {'sl_soft': 0.12174654867177476, 'sl_hard_delta': 0.014350358172465482, 'tp': 0.18428956232433139, 'gate_pct': 99.05474859810846, 'dd_limit': 6.765861714329133, 'cooldown': 4, 'flip': False, 'en_ema_trend': True, 'ema_trend_fast': 39, 'ema_trend_slow': 45, 'en_sma_trend': True, 'sma_trend_fast': 136, 'sma_trend_slow': 311, 'en_macd': True, 'macd_fast': 43, 'macd_slow': 123, 'macd_signal': 71, 'en_vwap': True, 'en_keltner': True, 'keltner_n': 56, 'keltner_m': 4.8, 'en_obv': False, 'obv_slope': 64, 'en_cci': True, 'cci_n': 115, 'cci_threshold': 60, 'en_rsi': False, 'rsi_n': 53, 'rsi_lower': 12, 'rsi_upper': 98, 'en_stochastic': False, 'stochastic_n': 66, 'stochastic_d': 10, 'stochastic_lower': 19, 'stochastic_upper': 86, 'en_mfi': False, 'mfi_n': 33, 'mfi_lower': 28, 'mfi_upper': 83, 'en_bollinger': True, 'bollinger_n': 188, 'bollinger_k': 4.0, 'en_adx': False, 'adx_n': 72, 'adx_threshold': 54, 'en_structure_trend': True, 'structure_trend_swing_l': 18, 'en_order_block': True, 'order_block_swing_l': 13, 'en_fvg': False, 'fvg_lookback': 21, 'en_ifvg': False, 'en_breaker': False, 'breaker_swing_l': 14, 'en_cisd': False, 'k': 2, 'en_cap_bars': True, 'cap_1min': 1261}.
[I 2026-07-13 14:41:17,289] Trial 3329 pruned. 
[I 2026-07-13 14:41:18,533] Trial 3330 pruned. 
[I 2026-07-13 14:41:18,930] Trial 3331 pruned. 
[I 2026-07-13 14:41:22,655] Trial 3332 finished with values: [-1678.3713622314888, -5758.529477196177, 30.099999999999998] and parameters: {'sl_soft': 0.10543632220993396, 'sl_hard_delta': 0.01242174930966288, 'tp': 0.26415355291757747, 'gate_pct': 98.58299891691806, 'dd_limit': 5.196387599591654, 'cooldown': 1, 'flip': True, 'en_ema_trend': True, 'ema_trend_fast': 278, 'ema_trend_slow': 2, 'en_sma_trend': False, 'sma_trend_fast': 136, 'sma_trend_slow': 265, 'en_macd': True, 'macd_fast': 20, 'macd_slow': 36, 'macd_signal': 74, 'en_vwap': True, 'en_keltner': False, 'keltner_n': 146, 'keltner_m': 3.1, 'en_obv': False, 'obv_slope': 18, 'en_cci': True, 'cci_n': 165, 'cci_threshold': 75, 'en_rsi': True, 'rsi_n': 95, 'rsi_lower': 43, 'rsi_upper': 64, 'en_stochastic': False, 'stochastic_n': 78, 'stochastic_d': 32, 'stochastic_lower': 20, 'stochastic_upper': 78, 'en_mfi': False, 'mfi_n': 60, 'mfi_lower': 45, 'mfi_upper': 75, 'en_bollinger': True, 'bollinger_n': 56, 'bollinger_k': 3.3000000000000003, 'en_adx': False, 'adx_n': 59, 'adx_threshold': 5, 'en_structure_trend': True, 'structure_trend_swing_l': 20, 'en_order_block': True, 'order_block_swing_l': 12, 'en_fvg': True, 'fvg_lookback': 26, 'en_ifvg': True, 'en_breaker': False, 'breaker_swing_l': 15, 'en_cisd': False, 'k': 3, 'en_cap_bars': False, 'cap_1min': 1405}.
[I 2026-07-13 14:41:23,263] Trial 3333 pruned. 
[I 2026-07-13 14:41:25,138] Trial 3334 pruned. 
[I 2026-07-13 14:41:27,202] Trial 3335 pruned. 
[I 2026-07-13 14:41:27,918] Trial 3336 pruned. 
[I 2026-07-13 14:41:29,599] Trial 3337 pruned. 
[I 2026-07-13 14:41:33,759] Trial 3338 pruned. 
[I 2026-07-13 14:41:35,006] Trial 3339 pruned. 
[I 2026-07-13 14:41:35,962] Trial 3340 pruned. 
[I 2026-07-13 14:41:37,793] Trial 3341 pruned. 
[I 2026-07-13 14:41:39,508] Trial 3342 pruned. 
[I 2026-07-13 14:41:40,209] Trial 3343 pruned. 
[I 2026-07-13 14:41:41,317] Trial 3344 pruned. 
[I 2026-07-13 14:41:43,797] Trial 3345 pruned. 
[I 2026-07-13 14:41:45,960] Trial 3346 pruned. 
[I 2026-07-13 14:41:47,847] Trial 3347 pruned. 
[I 2026-07-13 14:41:50,674] Trial 3348 pruned. 
[I 2026-07-13 14:41:51,137] Trial 3349 pruned. 
[I 2026-07-13 14:41:52,761] Trial 3350 pruned. 
[I 2026-07-13 14:41:53,444] Trial 3351 pruned. 
[I 2026-07-13 14:41:54,251] Trial 3352 pruned. 
[I 2026-07-13 14:41:55,180] Trial 3353 pruned. 
[I 2026-07-13 14:41:57,496] Trial 3354 pruned. 
[I 2026-07-13 14:41:58,347] Trial 3355 pruned. 
[I 2026-07-13 14:42:00,643] Trial 3356 pruned. 
[I 2026-07-13 14:42:02,177] Trial 3357 pruned. 
[I 2026-07-13 14:42:04,037] Trial 3358 pruned. 
[I 2026-07-13 14:42:05,728] Trial 3359 pruned. 
[I 2026-07-13 14:42:06,042] Trial 3360 pruned. 
[I 2026-07-13 14:42:07,228] Trial 3361 pruned. 
[I 2026-07-13 14:42:07,853] Trial 3362 pruned. 
[I 2026-07-13 14:42:09,239] Trial 3363 pruned. 
[I 2026-07-13 14:42:11,100] Trial 3364 pruned. 
[I 2026-07-13 14:42:12,712] Trial 3365 pruned. 
[I 2026-07-13 14:42:13,738] Trial 3366 pruned. 
[I 2026-07-13 14:42:14,456] Trial 3367 pruned. 
[I 2026-07-13 14:42:15,125] Trial 3368 pruned. 
[I 2026-07-13 14:42:16,413] Trial 3369 pruned. 
[I 2026-07-13 14:42:17,565] Trial 3370 pruned. 
[I 2026-07-13 14:42:19,648] Trial 3371 pruned. 
[I 2026-07-13 14:42:20,730] Trial 3372 pruned. 
[I 2026-07-13 14:42:22,959] Trial 3373 pruned. 
[I 2026-07-13 14:42:25,198] Trial 3374 pruned. 
[I 2026-07-13 14:42:26,930] Trial 3375 pruned. 
[I 2026-07-13 14:42:28,226] Trial 3376 pruned. 
[I 2026-07-13 14:42:29,586] Trial 3377 pruned. 
[I 2026-07-13 14:42:30,080] Trial 3378 pruned. 
[I 2026-07-13 14:42:31,018] Trial 3379 pruned. 
[I 2026-07-13 14:42:31,439] Trial 3380 pruned. 
[I 2026-07-13 14:42:32,539] Trial 3381 pruned. 
[I 2026-07-13 14:42:33,294] Trial 3382 pruned. 
[I 2026-07-13 14:42:34,063] Trial 3383 pruned. 
[I 2026-07-13 14:42:35,142] Trial 3384 pruned. 
[I 2026-07-13 14:42:36,617] Trial 3385 pruned. 
[I 2026-07-13 14:42:37,473] Trial 3386 pruned. 
[I 2026-07-13 14:42:38,454] Trial 3387 pruned. 
[I 2026-07-13 14:42:40,331] Trial 3388 pruned. 
[I 2026-07-13 14:42:41,967] Trial 3389 pruned. 
[I 2026-07-13 14:42:43,672] Trial 3390 pruned. 
[I 2026-07-13 14:42:44,679] Trial 3391 pruned. 
[I 2026-07-13 14:42:45,435] Trial 3392 pruned. 
[I 2026-07-13 14:42:46,648] Trial 3393 pruned. 
[I 2026-07-13 14:42:47,057] Trial 3394 pruned. 
[I 2026-07-13 14:42:48,456] Trial 3395 pruned. 
[I 2026-07-13 14:42:49,523] Trial 3396 pruned. 
[I 2026-07-13 14:42:51,909] Trial 3397 pruned. 
[I 2026-07-13 14:42:53,303] Trial 3398 pruned. 
[I 2026-07-13 14:42:54,741] Trial 3399 pruned. 
[I 2026-07-13 14:42:55,014] Trial 3400 pruned. 
[I 2026-07-13 14:42:55,775] Trial 3401 pruned. 
[I 2026-07-13 14:42:56,945] Trial 3402 pruned. 
[I 2026-07-13 14:42:58,363] Trial 3403 pruned. 
[I 2026-07-13 14:43:00,210] Trial 3404 pruned. 
[I 2026-07-13 14:43:09,190] Trial 3405 finished with values: [2556.0263778528206, -14689.987546874265, 35.3] and parameters: {'sl_soft': 0.038090184332209814, 'sl_hard_delta': 0.23343963879379317, 'tp': 0.15741368503804018, 'gate_pct': 94.62373247947275, 'dd_limit': 2.003515549006079, 'cooldown': 1, 'flip': False, 'en_ema_trend': True, 'ema_trend_fast': 176, 'ema_trend_slow': 318, 'en_sma_trend': False, 'sma_trend_fast': 286, 'sma_trend_slow': 69, 'en_macd': True, 'macd_fast': 93, 'macd_slow': 41, 'macd_signal': 83, 'en_vwap': True, 'en_keltner': True, 'keltner_n': 141, 'keltner_m': 0.6, 'en_obv': False, 'obv_slope': 69, 'en_cci': False, 'cci_n': 104, 'cci_threshold': 250, 'en_rsi': False, 'rsi_n': 85, 'rsi_lower': 2, 'rsi_upper': 87, 'en_stochastic': False, 'stochastic_n': 71, 'stochastic_d': 30, 'stochastic_lower': 12, 'stochastic_upper': 86, 'en_mfi': True, 'mfi_n': 33, 'mfi_lower': 33, 'mfi_upper': 68, 'en_bollinger': True, 'bollinger_n': 115, 'bollinger_k': 3.0, 'en_adx': True, 'adx_n': 100, 'adx_threshold': 6, 'en_structure_trend': False, 'structure_trend_swing_l': 2, 'en_order_block': False, 'order_block_swing_l': 2, 'en_fvg': False, 'fvg_lookback': 35, 'en_ifvg': False, 'en_breaker': True, 'breaker_swing_l': 4, 'en_cisd': True, 'k': 1, 'en_cap_bars': False, 'cap_1min': 508}.
[I 2026-07-13 14:43:10,402] Trial 3406 pruned. 
[I 2026-07-13 14:43:10,831] Trial 3407 pruned. 
[I 2026-07-13 14:43:12,465] Trial 3408 pruned. 
[I 2026-07-13 14:43:13,161] Trial 3409 pruned. 
[I 2026-07-13 14:43:14,211] Trial 3410 pruned. 
[I 2026-07-13 14:43:16,168] Trial 3411 pruned. 
[I 2026-07-13 14:43:18,342] Trial 3412 pruned. 
[I 2026-07-13 14:43:19,511] Trial 3413 pruned. 
[I 2026-07-13 14:43:21,945] Trial 3414 pruned. 
[I 2026-07-13 14:43:23,576] Trial 3415 pruned. 
[I 2026-07-13 14:43:25,599] Trial 3416 pruned. 
[I 2026-07-13 14:43:26,469] Trial 3417 pruned. 
[I 2026-07-13 14:43:27,145] Trial 3418 pruned. 
[I 2026-07-13 14:43:27,673] Trial 3419 pruned. 
[I 2026-07-13 14:43:29,232] Trial 3420 pruned. 
[I 2026-07-13 14:43:30,809] Trial 3421 pruned. 
[I 2026-07-13 14:43:33,952] Trial 3422 pruned. 
[I 2026-07-13 14:43:35,510] Trial 3423 pruned. 
[I 2026-07-13 14:43:36,516] Trial 3424 pruned. 
[I 2026-07-13 14:43:38,500] Trial 3425 pruned. 
[I 2026-07-13 14:43:39,014] Trial 3426 pruned. 
[I 2026-07-13 14:43:39,456] Trial 3427 pruned. 
[I 2026-07-13 14:43:41,101] Trial 3428 pruned. 
[I 2026-07-13 14:43:42,325] Trial 3429 pruned. 
[I 2026-07-13 14:43:43,898] Trial 3430 pruned. 
[I 2026-07-13 14:43:44,998] Trial 3431 pruned. 
[I 2026-07-13 14:43:46,082] Trial 3432 pruned. 
[I 2026-07-13 14:43:46,645] Trial 3433 pruned. 
[I 2026-07-13 14:43:47,992] Trial 3434 pruned. 
[I 2026-07-13 14:43:49,349] Trial 3435 pruned. 
[I 2026-07-13 14:43:50,897] Trial 3436 pruned. 
[I 2026-07-13 14:43:51,505] Trial 3437 pruned. 
[I 2026-07-13 14:43:52,859] Trial 3438 pruned. 
[I 2026-07-13 14:43:53,908] Trial 3439 pruned. 
[I 2026-07-13 14:43:54,122] Trial 3440 pruned. 
[I 2026-07-13 14:43:55,942] Trial 3441 pruned. 
[I 2026-07-13 14:43:56,921] Trial 3442 pruned. 
[I 2026-07-13 14:43:58,258] Trial 3443 pruned. 
[I 2026-07-13 14:43:58,991] Trial 3444 pruned. 
[I 2026-07-13 14:44:00,056] Trial 3445 pruned. 
[I 2026-07-13 14:44:00,600] Trial 3446 pruned. 
[I 2026-07-13 14:44:01,162] Trial 3447 pruned. 
[I 2026-07-13 14:44:02,417] Trial 3448 pruned. 
[I 2026-07-13 14:44:02,676] Trial 3449 pruned. 
[I 2026-07-13 14:44:03,907] Trial 3450 pruned. 
[I 2026-07-13 14:44:05,123] Trial 3451 pruned. 
[I 2026-07-13 14:44:06,190] Trial 3452 pruned. 
[I 2026-07-13 14:44:07,395] Trial 3453 pruned. 
[I 2026-07-13 14:44:08,468] Trial 3454 pruned. 
[I 2026-07-13 14:44:08,820] Trial 3455 pruned. 
[I 2026-07-13 14:44:17,887] Trial 3456 finished with values: [90.72313760460929, -8617.723049163584, 73.55] and parameters: {'sl_soft': 0.12419582303855398, 'sl_hard_delta': 0.10298014041174283, 'tp': 0.049230858987614624, 'gate_pct': 94.49469318363046, 'dd_limit': 8.739785173334672, 'cooldown': 0, 'flip': False, 'en_ema_trend': True, 'ema_trend_fast': 367, 'ema_trend_slow': 232, 'en_sma_trend': False, 'sma_trend_fast': 298, 'sma_trend_slow': 368, 'en_macd': True, 'macd_fast': 71, 'macd_slow': 56, 'macd_signal': 78, 'en_vwap': True, 'en_keltner': False, 'keltner_n': 181, 'keltner_m': 3.6, 'en_obv': True, 'obv_slope': 35, 'en_cci': False, 'cci_n': 15, 'cci_threshold': 140, 'en_rsi': True, 'rsi_n': 68, 'rsi_lower': 37, 'rsi_upper': 91, 'en_stochastic': True, 'stochastic_n': 77, 'stochastic_d': 18, 'stochastic_lower': 34, 'stochastic_upper': 96, 'en_mfi': False, 'mfi_n': 100, 'mfi_lower': 22, 'mfi_upper': 77, 'en_bollinger': False, 'bollinger_n': 101, 'bollinger_k': 4.2, 'en_adx': False, 'adx_n': 99, 'adx_threshold': 20, 'en_structure_trend': False, 'structure_trend_swing_l': 20, 'en_order_block': False, 'order_block_swing_l': 10, 'en_fvg': False, 'fvg_lookback': 30, 'en_ifvg': False, 'en_breaker': False, 'breaker_swing_l': 3, 'en_cisd': True, 'k': 1, 'en_cap_bars': True, 'cap_1min': 247}.
[I 2026-07-13 14:44:20,565] Trial 3457 finished with values: [2036.1974408282977, -12431.375039116909, 42.9] and parameters: {'sl_soft': 0.038090184332209814, 'sl_hard_delta': 0.23343963879379317, 'tp': 0.15741368503804018, 'gate_pct': 94.62373247947275, 'dd_limit': 8.739785173334672, 'cooldown': 1, 'flip': False, 'en_ema_trend': True, 'ema_trend_fast': 367, 'ema_trend_slow': 232, 'en_sma_trend': False, 'sma_trend_fast': 298, 'sma_trend_slow': 69, 'en_macd': True, 'macd_fast': 93, 'macd_slow': 56, 'macd_signal': 78, 'en_vwap': True, 'en_keltner': False, 'keltner_n': 141, 'keltner_m': 3.6, 'en_obv': False, 'obv_slope': 35, 'en_cci': False, 'cci_n': 191, 'cci_threshold': 250, 'en_rsi': True, 'rsi_n': 85, 'rsi_lower': 37, 'rsi_upper': 91, 'en_stochastic': False, 'stochastic_n': 71, 'stochastic_d': 30, 'stochastic_lower': 12, 'stochastic_upper': 96, 'en_mfi': True, 'mfi_n': 100, 'mfi_lower': 21, 'mfi_upper': 77, 'en_bollinger': False, 'bollinger_n': 115, 'bollinger_k': 3.0, 'en_adx': True, 'adx_n': 100, 'adx_threshold': 6, 'en_structure_trend': False, 'structure_trend_swing_l': 20, 'en_order_block': False, 'order_block_swing_l': 2, 'en_fvg': False, 'fvg_lookback': 30, 'en_ifvg': False, 'en_breaker': False, 'breaker_swing_l': 3, 'en_cisd': True, 'k': 1, 'en_cap_bars': True, 'cap_1min': 247}.
[I 2026-07-13 14:44:21,503] Trial 3458 pruned. 
[I 2026-07-13 14:44:24,790] Trial 3459 finished with values: [3420.3351095134403, -24597.722104943317, 50.849999999999994] and parameters: {'sl_soft': 0.12174654867177476, 'sl_hard_delta': 0.014350358172465482, 'tp': 0.18428956232433139, 'gate_pct': 96.6342350251747, 'dd_limit': 6.765861714329133, 'cooldown': 0, 'flip': False, 'en_ema_trend': True, 'ema_trend_fast': 283, 'ema_trend_slow': 45, 'en_sma_trend': True, 'sma_trend_fast': 304, 'sma_trend_slow': 187, 'en_macd': True, 'macd_fast': 43, 'macd_slow': 123, 'macd_signal': 71, 'en_vwap': True, 'en_keltner': True, 'keltner_n': 56, 'keltner_m': 1.9000000000000001, 'en_obv': False, 'obv_slope': 64, 'en_cci': False, 'cci_n': 156, 'cci_threshold': 80, 'en_rsi': False, 'rsi_n': 53, 'rsi_lower': 12, 'rsi_upper': 98, 'en_stochastic': False, 'stochastic_n': 81, 'stochastic_d': 42, 'stochastic_lower': 4, 'stochastic_upper': 86, 'en_mfi': False, 'mfi_n': 78, 'mfi_lower': 12, 'mfi_upper': 83, 'en_bollinger': True, 'bollinger_n': 188, 'bollinger_k': 4.5, 'en_adx': False, 'adx_n': 72, 'adx_threshold': 54, 'en_structure_trend': True, 'structure_trend_swing_l': 13, 'en_order_block': True, 'order_block_swing_l': 13, 'en_fvg': True, 'fvg_lookback': 21, 'en_ifvg': False, 'en_breaker': False, 'breaker_swing_l': 15, 'en_cisd': False, 'k': 1, 'en_cap_bars': False, 'cap_1min': 1201}.
[I 2026-07-13 14:44:25,055] Trial 3460 finished with values: [-1020.7565065650031, -25491.39109765569, 24.25] and parameters: {'sl_soft': 0.03831170427958211, 'sl_hard_delta': 0.17205901873591917, 'tp': 0.2247798264915968, 'gate_pct': 95.15790739353048, 'dd_limit': 3.177401405918999, 'cooldown': 1, 'flip': False, 'en_ema_trend': True, 'ema_trend_fast': 126, 'ema_trend_slow': 112, 'en_sma_trend': False, 'sma_trend_fast': 134, 'sma_trend_slow': 94, 'en_macd': True, 'macd_fast': 16, 'macd_slow': 168, 'macd_signal': 43, 'en_vwap': True, 'en_keltner': True, 'keltner_n': 177, 'keltner_m': 2.3, 'en_obv': False, 'obv_slope': 99, 'en_cci': True, 'cci_n': 20, 'cci_threshold': 65, 'en_rsi': True, 'rsi_n': 97, 'rsi_lower': 31, 'rsi_upper': 71, 'en_stochastic': False, 'stochastic_n': 41, 'stochastic_d': 40, 'stochastic_lower': 12, 'stochastic_upper': 79, 'en_mfi': False, 'mfi_n': 52, 'mfi_lower': 2, 'mfi_upper': 79, 'en_bollinger': False, 'bollinger_n': 143, 'bollinger_k': 2.6, 'en_adx': False, 'adx_n': 77, 'adx_threshold': 44, 'en_structure_trend': True, 'structure_trend_swing_l': 3, 'en_order_block': True, 'order_block_swing_l': 16, 'en_fvg': False, 'fvg_lookback': 17, 'en_ifvg': False, 'en_breaker': True, 'breaker_swing_l': 14, 'en_cisd': True, 'k': 4, 'en_cap_bars': False, 'cap_1min': 535}.
[I 2026-07-13 14:44:28,952] Trial 3461 pruned. 
[I 2026-07-13 14:44:31,515] Trial 3462 finished with values: [-2259.2219278742746, -14333.634272220484, 69.3] and parameters: {'sl_soft': 0.09151792323686637, 'sl_hard_delta': 0.2303434700470846, 'tp': 0.055000694192206434, 'gate_pct': 99.86430067299344, 'dd_limit': 6.5154853630492955, 'cooldown': 0, 'flip': True, 'en_ema_trend': True, 'ema_trend_fast': 97, 'ema_trend_slow': 212, 'en_sma_trend': True, 'sma_trend_fast': 204, 'sma_trend_slow': 385, 'en_macd': True, 'macd_fast': 18, 'macd_slow': 127, 'macd_signal': 13, 'en_vwap': False, 'en_keltner': False, 'keltner_n': 95, 'keltner_m': 0.7, 'en_obv': True, 'obv_slope': 92, 'en_cci': False, 'cci_n': 115, 'cci_threshold': 280, 'en_rsi': True, 'rsi_n': 56, 'rsi_lower': 34, 'rsi_upper': 70, 'en_stochastic': False, 'stochastic_n': 41, 'stochastic_d': 5, 'stochastic_lower': 43, 'stochastic_upper': 86, 'en_mfi': False, 'mfi_n': 97, 'mfi_lower': 23, 'mfi_upper': 87, 'en_bollinger': False, 'bollinger_n': 103, 'bollinger_k': 1.7000000000000002, 'en_adx': False, 'adx_n': 47, 'adx_threshold': 17, 'en_structure_trend': True, 'structure_trend_swing_l': 5, 'en_order_block': False, 'order_block_swing_l': 7, 'en_fvg': True, 'fvg_lookback': 24, 'en_ifvg': True, 'en_breaker': True, 'breaker_swing_l': 13, 'en_cisd': False, 'k': 4, 'en_cap_bars': False, 'cap_1min': 59}.
[I 2026-07-13 14:44:38,670] Trial 3463 finished with values: [-1317.5370594188435, -5775.8463396445595, 45.95] and parameters: {'sl_soft': 0.1955008004678873, 'sl_hard_delta': 0.014838873219692326, 'tp': 0.19110422394207255, 'gate_pct': 98.67302380660169, 'dd_limit': 5.5935434980177225, 'cooldown': 1, 'flip': True, 'en_ema_trend': True, 'ema_trend_fast': 80, 'ema_trend_slow': 125, 'en_sma_trend': True, 'sma_trend_fast': 334, 'sma_trend_slow': 325, 'en_macd': True, 'macd_fast': 18, 'macd_slow': 91, 'macd_signal': 65, 'en_vwap': False, 'en_keltner': False, 'keltner_n': 43, 'keltner_m': 0.7, 'en_obv': True, 'obv_slope': 165, 'en_cci': False, 'cci_n': 100, 'cci_threshold': 25, 'en_rsi': True, 'rsi_n': 71, 'rsi_lower': 49, 'rsi_upper': 58, 'en_stochastic': True, 'stochastic_n': 6, 'stochastic_d': 48, 'stochastic_lower': 14, 'stochastic_upper': 93, 'en_mfi': False, 'mfi_n': 62, 'mfi_lower': 23, 'mfi_upper': 97, 'en_bollinger': False, 'bollinger_n': 31, 'bollinger_k': 1.0, 'en_adx': False, 'adx_n': 39, 'adx_threshold': 30, 'en_structure_trend': True, 'structure_trend_swing_l': 6, 'en_order_block': True, 'order_block_swing_l': 13, 'en_fvg': True, 'fvg_lookback': 18, 'en_ifvg': False, 'en_breaker': True, 'breaker_swing_l': 14, 'en_cisd': False, 'k': 1, 'en_cap_bars': False, 'cap_1min': 345}.
[I 2026-07-13 14:44:39,741] Trial 3464 finished with values: [-193.73955302789636, -22539.02476672279, 67.3] and parameters: {'sl_soft': 0.12419582303855398, 'sl_hard_delta': 0.00876098418566521, 'tp': 0.049230858987614624, 'gate_pct': 94.49469318363046, 'dd_limit': 9.049701546507107, 'cooldown': 0, 'flip': False, 'en_ema_trend': True, 'ema_trend_fast': 367, 'ema_trend_slow': 64, 'en_sma_trend': False, 'sma_trend_fast': 298, 'sma_trend_slow': 290, 'en_macd': False, 'macd_fast': 56, 'macd_slow': 200, 'macd_signal': 78, 'en_vwap': True, 'en_keltner': False, 'keltner_n': 93, 'keltner_m': 3.3000000000000003, 'en_obv': False, 'obv_slope': 35, 'en_cci': True, 'cci_n': 15, 'cci_threshold': 140, 'en_rsi': False, 'rsi_n': 5, 'rsi_lower': 32, 'rsi_upper': 89, 'en_stochastic': False, 'stochastic_n': 77, 'stochastic_d': 11, 'stochastic_lower': 34, 'stochastic_upper': 96, 'en_mfi': False, 'mfi_n': 100, 'mfi_lower': 22, 'mfi_upper': 77, 'en_bollinger': False, 'bollinger_n': 101, 'bollinger_k': 0.5, 'en_adx': False, 'adx_n': 7, 'adx_threshold': 20, 'en_structure_trend': False, 'structure_trend_swing_l': 20, 'en_order_block': False, 'order_block_swing_l': 10, 'en_fvg': False, 'fvg_lookback': 30, 'en_ifvg': False, 'en_breaker': False, 'breaker_swing_l': 1, 'en_cisd': True, 'k': 1, 'en_cap_bars': True, 'cap_1min': 655}.
