[I 2026-07-13 16:09:31,452] Trial 2689 finished with values: [2757.262961396502, -670.70683670572, 44.0] and parameters: {'sl_soft': 0.012449898143873723, 'sl_hard_delta': 0.0027263521951513352, 'tp': 0.03279738638812957, 'gate_pct': 86.42595282114276, 'dd_limit': 0.7899894121384478, 'cooldown': 0, 'flip': True, 'en_ema_trend': False, 'ema_trend_fast': 205, 'ema_trend_slow': 350, 'en_sma_trend': True, 'sma_trend_fast': 89, 'sma_trend_slow': 19, 'en_macd': True, 'macd_fast': 88, 'macd_slow': 127, 'macd_signal': 83, 'en_vwap': True, 'en_keltner': False, 'keltner_n': 87, 'keltner_m': 4.8, 'en_obv': False, 'obv_slope': 177, 'en_cci': True, 'cci_n': 32, 'cci_threshold': 275, 'en_rsi': False, 'rsi_n': 42, 'rsi_lower': 18, 'rsi_upper': 74, 'en_stochastic': True, 'stochastic_n': 13, 'stochastic_d': 49, 'stochastic_lower': 16, 'stochastic_upper': 93, 'en_mfi': False, 'mfi_n': 7, 'mfi_lower': 1, 'mfi_upper': 85, 'en_bollinger': False, 'bollinger_n': 127, 'bollinger_k': 3.4000000000000004, 'en_adx': False, 'adx_n': 79, 'adx_threshold': 40, 'en_structure_trend': False, 'structure_trend_swing_l': 20, 'en_order_block': True, 'order_block_swing_l': 4, 'en_fvg': False, 'fvg_lookback': 40, 'en_ifvg': True, 'en_breaker': True, 'breaker_swing_l': 11, 'en_cisd': False, 'k': 2, 'en_cap_bars': False, 'cap_1min': 77}.
[I 2026-07-13 16:09:31,987] Trial 2690 finished with values: [3668.8808352279525, -886.126163240634, 43.4] and parameters: {'sl_soft': 0.012449898143873723, 'sl_hard_delta': 0.0027263521951513352, 'tp': 0.03279738638812957, 'gate_pct': 86.42595282114276, 'dd_limit': 0.7899894121384478, 'cooldown': 0, 'flip': True, 'en_ema_trend': False, 'ema_trend_fast': 205, 'ema_trend_slow': 350, 'en_sma_trend': True, 'sma_trend_fast': 89, 'sma_trend_slow': 19, 'en_macd': True, 'macd_fast': 100, 'macd_slow': 127, 'macd_signal': 83, 'en_vwap': True, 'en_keltner': True, 'keltner_n': 87, 'keltner_m': 4.8, 'en_obv': False, 'obv_slope': 36, 'en_cci': True, 'cci_n': 32, 'cci_threshold': 275, 'en_rsi': False, 'rsi_n': 42, 'rsi_lower': 18, 'rsi_upper': 68, 'en_stochastic': True, 'stochastic_n': 7, 'stochastic_d': 27, 'stochastic_lower': 16, 'stochastic_upper': 93, 'en_mfi': False, 'mfi_n': 7, 'mfi_lower': 46, 'mfi_upper': 84, 'en_bollinger': False, 'bollinger_n': 127, 'bollinger_k': 4.8, 'en_adx': False, 'adx_n': 79, 'adx_threshold': 40, 'en_structure_trend': False, 'structure_trend_swing_l': 7, 'en_order_block': True, 'order_block_swing_l': 4, 'en_fvg': False, 'fvg_lookback': 40, 'en_ifvg': True, 'en_breaker': False, 'breaker_swing_l': 3, 'en_cisd': False, 'k': 2, 'en_cap_bars': False, 'cap_1min': 77}.
[I 2026-07-13 16:09:33,224] Trial 2691 finished with values: [7690.774818912302, -1939.2229122285835, 37.95] and parameters: {'sl_soft': 0.012449898143873723, 'sl_hard_delta': 0.0027263521951513352, 'tp': 0.03279738638812957, 'gate_pct': 95.95343074681206, 'dd_limit': 0.7899894121384478, 'cooldown': 0, 'flip': True, 'en_ema_trend': False, 'ema_trend_fast': 205, 'ema_trend_slow': 176, 'en_sma_trend': False, 'sma_trend_fast': 187, 'sma_trend_slow': 222, 'en_macd': True, 'macd_fast': 82, 'macd_slow': 127, 'macd_signal': 28, 'en_vwap': True, 'en_keltner': True, 'keltner_n': 87, 'keltner_m': 4.8, 'en_obv': True, 'obv_slope': 177, 'en_cci': True, 'cci_n': 32, 'cci_threshold': 275, 'en_rsi': True, 'rsi_n': 42, 'rsi_lower': 34, 'rsi_upper': 68, 'en_stochastic': False, 'stochastic_n': 7, 'stochastic_d': 27, 'stochastic_lower': 20, 'stochastic_upper': 72, 'en_mfi': False, 'mfi_n': 72, 'mfi_lower': 46, 'mfi_upper': 84, 'en_bollinger': False, 'bollinger_n': 40, 'bollinger_k': 4.8, 'en_adx': False, 'adx_n': 26, 'adx_threshold': 40, 'en_structure_trend': False, 'structure_trend_swing_l': 7, 'en_order_block': True, 'order_block_swing_l': 4, 'en_fvg': False, 'fvg_lookback': 14, 'en_ifvg': False, 'en_breaker': False, 'breaker_swing_l': 3, 'en_cisd': True, 'k': 2, 'en_cap_bars': False, 'cap_1min': 208}.
[I 2026-07-13 16:09:34,022] Trial 2692 finished with values: [5428.746427990968, -871.3670070592284, 39.25] and parameters: {'sl_soft': 0.012449898143873723, 'sl_hard_delta': 0.0027263521951513352, 'tp': 0.03784160265645054, 'gate_pct': 86.42595282114276, 'dd_limit': 0.5820363533127576, 'cooldown': 0, 'flip': True, 'en_ema_trend': False, 'ema_trend_fast': 205, 'ema_trend_slow': 350, 'en_sma_trend': True, 'sma_trend_fast': 89, 'sma_trend_slow': 222, 'en_macd': True, 'macd_fast': 100, 'macd_slow': 85, 'macd_signal': 83, 'en_vwap': True, 'en_keltner': True, 'keltner_n': 87, 'keltner_m': 1.2000000000000002, 'en_obv': False, 'obv_slope': 53, 'en_cci': False, 'cci_n': 32, 'cci_threshold': 275, 'en_rsi': False, 'rsi_n': 42, 'rsi_lower': 18, 'rsi_upper': 68, 'en_stochastic': False, 'stochastic_n': 7, 'stochastic_d': 27, 'stochastic_lower': 16, 'stochastic_upper': 93, 'en_mfi': False, 'mfi_n': 7, 'mfi_lower': 46, 'mfi_upper': 84, 'en_bollinger': False, 'bollinger_n': 127, 'bollinger_k': 3.4000000000000004, 'en_adx': False, 'adx_n': 79, 'adx_threshold': 40, 'en_structure_trend': False, 'structure_trend_swing_l': 7, 'en_order_block': True, 'order_block_swing_l': 4, 'en_fvg': False, 'fvg_lookback': 40, 'en_ifvg': True, 'en_breaker': False, 'breaker_swing_l': 3, 'en_cisd': False, 'k': 2, 'en_cap_bars': True, 'cap_1min': 77}.
[I 2026-07-13 16:09:34,687] Trial 2693 finished with values: [1410.4458731864079, -2567.848070176382, 72.55000000000001] and parameters: {'sl_soft': 0.02578091656329544, 'sl_hard_delta': 0.01974966680532401, 'tp': 0.03279738638812957, 'gate_pct': 86.42595282114276, 'dd_limit': 0.5820363533127576, 'cooldown': 0, 'flip': True, 'en_ema_trend': False, 'ema_trend_fast': 360, 'ema_trend_slow': 187, 'en_sma_trend': False, 'sma_trend_fast': 89, 'sma_trend_slow': 222, 'en_macd': True, 'macd_fast': 88, 'macd_slow': 127, 'macd_signal': 83, 'en_vwap': False, 'en_keltner': False, 'keltner_n': 87, 'keltner_m': 4.8, 'en_obv': False, 'obv_slope': 36, 'en_cci': True, 'cci_n': 32, 'cci_threshold': 275, 'en_rsi': True, 'rsi_n': 68, 'rsi_lower': 18, 'rsi_upper': 74, 'en_stochastic': True, 'stochastic_n': 13, 'stochastic_d': 49, 'stochastic_lower': 20, 'stochastic_upper': 93, 'en_mfi': False, 'mfi_n': 72, 'mfi_lower': 46, 'mfi_upper': 84, 'en_bollinger': False, 'bollinger_n': 127, 'bollinger_k': 4.8, 'en_adx': False, 'adx_n': 26, 'adx_threshold': 40, 'en_structure_trend': False, 'structure_trend_swing_l': 20, 'en_order_block': True, 'order_block_swing_l': 4, 'en_fvg': True, 'fvg_lookback': 40, 'en_ifvg': True, 'en_breaker': True, 'breaker_swing_l': 3, 'en_cisd': True, 'k': 2, 'en_cap_bars': False, 'cap_1min': 249}.
[I 2026-07-13 16:09:35,781] Trial 2694 finished with values: [9057.495353690701, -2094.2333388509796, 37.8] and parameters: {'sl_soft': 0.014509835179219626, 'sl_hard_delta': 0.00610414585932106, 'tp': 0.044694053584836385, 'gate_pct': 86.42595282114276, 'dd_limit': 1.5419053062488821, 'cooldown': 0, 'flip': True, 'en_ema_trend': True, 'ema_trend_fast': 205, 'ema_trend_slow': 210, 'en_sma_trend': True, 'sma_trend_fast': 125, 'sma_trend_slow': 50, 'en_macd': True, 'macd_fast': 60, 'macd_slow': 85, 'macd_signal': 83, 'en_vwap': False, 'en_keltner': True, 'keltner_n': 43, 'keltner_m': 4.0, 'en_obv': False, 'obv_slope': 188, 'en_cci': True, 'cci_n': 32, 'cci_threshold': 250, 'en_rsi': False, 'rsi_n': 42, 'rsi_lower': 43, 'rsi_upper': 68, 'en_stochastic': False, 'stochastic_n': 13, 'stochastic_d': 27, 'stochastic_lower': 20, 'stochastic_upper': 93, 'en_mfi': False, 'mfi_n': 7, 'mfi_lower': 46, 'mfi_upper': 85, 'en_bollinger': False, 'bollinger_n': 55, 'bollinger_k': 4.8, 'en_adx': False, 'adx_n': 26, 'adx_threshold': 53, 'en_structure_trend': False, 'structure_trend_swing_l': 7, 'en_order_block': False, 'order_block_swing_l': 19, 'en_fvg': False, 'fvg_lookback': 40, 'en_ifvg': False, 'en_breaker': False, 'breaker_swing_l': 11, 'en_cisd': True, 'k': 2, 'en_cap_bars': False, 'cap_1min': 77}.
[I 2026-07-13 16:09:36,756] Trial 2695 finished with values: [9012.877948290166, -1722.467213241999, 35.8] and parameters: {'sl_soft': 0.012449898143873723, 'sl_hard_delta': 0.0027263521951513352, 'tp': 0.03784160265645054, 'gate_pct': 95.95343074681206, 'dd_limit': 0.7899894121384478, 'cooldown': 0, 'flip': True, 'en_ema_trend': False, 'ema_trend_fast': 205, 'ema_trend_slow': 176, 'en_sma_trend': False, 'sma_trend_fast': 187, 'sma_trend_slow': 222, 'en_macd': True, 'macd_fast': 82, 'macd_slow': 127, 'macd_signal': 28, 'en_vwap': True, 'en_keltner': False, 'keltner_n': 87, 'keltner_m': 4.8, 'en_obv': True, 'obv_slope': 177, 'en_cci': True, 'cci_n': 32, 'cci_threshold': 275, 'en_rsi': True, 'rsi_n': 42, 'rsi_lower': 34, 'rsi_upper': 68, 'en_stochastic': False, 'stochastic_n': 7, 'stochastic_d': 27, 'stochastic_lower': 20, 'stochastic_upper': 72, 'en_mfi': False, 'mfi_n': 72, 'mfi_lower': 46, 'mfi_upper': 84, 'en_bollinger': False, 'bollinger_n': 40, 'bollinger_k': 4.8, 'en_adx': False, 'adx_n': 26, 'adx_threshold': 53, 'en_structure_trend': False, 'structure_trend_swing_l': 7, 'en_order_block': True, 'order_block_swing_l': 4, 'en_fvg': False, 'fvg_lookback': 14, 'en_ifvg': False, 'en_breaker': False, 'breaker_swing_l': 3, 'en_cisd': True, 'k': 2, 'en_cap_bars': False, 'cap_1min': 178}.
[I 2026-07-13 16:09:37,431] Trial 2696 finished with values: [1409.0572848837544, -1867.8475341663159, 52.900000000000006] and parameters: {'sl_soft': 0.023138233233501303, 'sl_hard_delta': 0.0027263521951513352, 'tp': 0.03279738638812957, 'gate_pct': 86.42595282114276, 'dd_limit': 0.7899894121384478, 'cooldown': 0, 'flip': True, 'en_ema_trend': False, 'ema_trend_fast': 205, 'ema_trend_slow': 308, 'en_sma_trend': True, 'sma_trend_fast': 89, 'sma_trend_slow': 222, 'en_macd': True, 'macd_fast': 82, 'macd_slow': 85, 'macd_signal': 83, 'en_vwap': True, 'en_keltner': False, 'keltner_n': 87, 'keltner_m': 1.2000000000000002, 'en_obv': True, 'obv_slope': 124, 'en_cci': False, 'cci_n': 32, 'cci_threshold': 275, 'en_rsi': False, 'rsi_n': 42, 'rsi_lower': 34, 'rsi_upper': 68, 'en_stochastic': False, 'stochastic_n': 13, 'stochastic_d': 27, 'stochastic_lower': 16, 'stochastic_upper': 72, 'en_mfi': False, 'mfi_n': 7, 'mfi_lower': 46, 'mfi_upper': 84, 'en_bollinger': False, 'bollinger_n': 127, 'bollinger_k': 4.8, 'en_adx': False, 'adx_n': 26, 'adx_threshold': 51, 'en_structure_trend': False, 'structure_trend_swing_l': 7, 'en_order_block': True, 'order_block_swing_l': 4, 'en_fvg': False, 'fvg_lookback': 14, 'en_ifvg': True, 'en_breaker': False, 'breaker_swing_l': 3, 'en_cisd': False, 'k': 4, 'en_cap_bars': True, 'cap_1min': 178}.
[I 2026-07-13 16:09:38,043] Trial 2697 finished with values: [2683.6327318453887, -2133.1581171114026, 49.45] and parameters: {'sl_soft': 0.023138233233501303, 'sl_hard_delta': 0.0027263521951513352, 'tp': 0.03279738638812957, 'gate_pct': 86.42595282114276, 'dd_limit': 0.7899894121384478, 'cooldown': 0, 'flip': True, 'en_ema_trend': False, 'ema_trend_fast': 205, 'ema_trend_slow': 350, 'en_sma_trend': True, 'sma_trend_fast': 89, 'sma_trend_slow': 222, 'en_macd': True, 'macd_fast': 82, 'macd_slow': 191, 'macd_signal': 83, 'en_vwap': False, 'en_keltner': True, 'keltner_n': 87, 'keltner_m': 1.2000000000000002, 'en_obv': False, 'obv_slope': 177, 'en_cci': False, 'cci_n': 32, 'cci_threshold': 275, 'en_rsi': False, 'rsi_n': 42, 'rsi_lower': 18, 'rsi_upper': 74, 'en_stochastic': False, 'stochastic_n': 7, 'stochastic_d': 27, 'stochastic_lower': 36, 'stochastic_upper': 93, 'en_mfi': False, 'mfi_n': 72, 'mfi_lower': 46, 'mfi_upper': 84, 'en_bollinger': False, 'bollinger_n': 127, 'bollinger_k': 3.4000000000000004, 'en_adx': False, 'adx_n': 79, 'adx_threshold': 40, 'en_structure_trend': False, 'structure_trend_swing_l': 7, 'en_order_block': True, 'order_block_swing_l': 4, 'en_fvg': False, 'fvg_lookback': 40, 'en_ifvg': True, 'en_breaker': False, 'breaker_swing_l': 1, 'en_cisd': False, 'k': 2, 'en_cap_bars': False, 'cap_1min': 77}.
[I 2026-07-13 16:09:38,678] Trial 2698 finished with values: [1388.2983366816145, -5206.617080850854, 49.45] and parameters: {'sl_soft': 0.02326153946551154, 'sl_hard_delta': 0.0027263521951513352, 'tp': 0.03279738638812957, 'gate_pct': 95.95343074681206, 'dd_limit': 0.5820363533127576, 'cooldown': 0, 'flip': True, 'en_ema_trend': True, 'ema_trend_fast': 205, 'ema_trend_slow': 350, 'en_sma_trend': True, 'sma_trend_fast': 89, 'sma_trend_slow': 222, 'en_macd': True, 'macd_fast': 100, 'macd_slow': 191, 'macd_signal': 83, 'en_vwap': True, 'en_keltner': True, 'keltner_n': 17, 'keltner_m': 1.2000000000000002, 'en_obv': False, 'obv_slope': 36, 'en_cci': True, 'cci_n': 32, 'cci_threshold': 275, 'en_rsi': False, 'rsi_n': 42, 'rsi_lower': 34, 'rsi_upper': 74, 'en_stochastic': True, 'stochastic_n': 13, 'stochastic_d': 27, 'stochastic_lower': 16, 'stochastic_upper': 93, 'en_mfi': False, 'mfi_n': 7, 'mfi_lower': 46, 'mfi_upper': 84, 'en_bollinger': False, 'bollinger_n': 198, 'bollinger_k': 4.8, 'en_adx': False, 'adx_n': 79, 'adx_threshold': 26, 'en_structure_trend': False, 'structure_trend_swing_l': 7, 'en_order_block': True, 'order_block_swing_l': 4, 'en_fvg': True, 'fvg_lookback': 40, 'en_ifvg': True, 'en_breaker': False, 'breaker_swing_l': 11, 'en_cisd': False, 'k': 2, 'en_cap_bars': False, 'cap_1min': 1363}.
[I 2026-07-13 16:09:39,656] Trial 2699 finished with values: [7111.021250555592, -4733.546744277495, 38.75] and parameters: {'sl_soft': 0.023138233233501303, 'sl_hard_delta': 0.0027263521951513352, 'tp': 0.044694053584836385, 'gate_pct': 95.95343074681206, 'dd_limit': 0.7899894121384478, 'cooldown': 0, 'flip': True, 'en_ema_trend': False, 'ema_trend_fast': 205, 'ema_trend_slow': 176, 'en_sma_trend': True, 'sma_trend_fast': 187, 'sma_trend_slow': 222, 'en_macd': True, 'macd_fast': 82, 'macd_slow': 127, 'macd_signal': 83, 'en_vwap': False, 'en_keltner': False, 'keltner_n': 87, 'keltner_m': 1.2000000000000002, 'en_obv': False, 'obv_slope': 36, 'en_cci': False, 'cci_n': 32, 'cci_threshold': 250, 'en_rsi': False, 'rsi_n': 42, 'rsi_lower': 11, 'rsi_upper': 68, 'en_stochastic': False, 'stochastic_n': 13, 'stochastic_d': 27, 'stochastic_lower': 9, 'stochastic_upper': 93, 'en_mfi': False, 'mfi_n': 72, 'mfi_lower': 46, 'mfi_upper': 84, 'en_bollinger': False, 'bollinger_n': 40, 'bollinger_k': 4.8, 'en_adx': False, 'adx_n': 26, 'adx_threshold': 53, 'en_structure_trend': False, 'structure_trend_swing_l': 7, 'en_order_block': False, 'order_block_swing_l': 4, 'en_fvg': True, 'fvg_lookback': 40, 'en_ifvg': False, 'en_breaker': False, 'breaker_swing_l': 3, 'en_cisd': True, 'k': 2, 'en_cap_bars': True, 'cap_1min': 1363}.
[I 2026-07-13 16:09:40,404] Trial 2700 finished with values: [1823.232108028705, -798.0694018561267, 47.849999999999994] and parameters: {'sl_soft': 0.012449898143873723, 'sl_hard_delta': 0.0027263521951513352, 'tp': 0.03401493735707513, 'gate_pct': 86.42595282114276, 'dd_limit': 0.5820363533127576, 'cooldown': 0, 'flip': True, 'en_ema_trend': False, 'ema_trend_fast': 205, 'ema_trend_slow': 350, 'en_sma_trend': True, 'sma_trend_fast': 89, 'sma_trend_slow': 222, 'en_macd': True, 'macd_fast': 100, 'macd_slow': 191, 'macd_signal': 83, 'en_vwap': True, 'en_keltner': False, 'keltner_n': 17, 'keltner_m': 4.8, 'en_obv': False, 'obv_slope': 36, 'en_cci': False, 'cci_n': 32, 'cci_threshold': 275, 'en_rsi': True, 'rsi_n': 42, 'rsi_lower': 18, 'rsi_upper': 74, 'en_stochastic': True, 'stochastic_n': 11, 'stochastic_d': 27, 'stochastic_lower': 16, 'stochastic_upper': 93, 'en_mfi': False, 'mfi_n': 7, 'mfi_lower': 46, 'mfi_upper': 95, 'en_bollinger': False, 'bollinger_n': 127, 'bollinger_k': 4.8, 'en_adx': False, 'adx_n': 26, 'adx_threshold': 40, 'en_structure_trend': False, 'structure_trend_swing_l': 7, 'en_order_block': True, 'order_block_swing_l': 4, 'en_fvg': True, 'fvg_lookback': 40, 'en_ifvg': True, 'en_breaker': False, 'breaker_swing_l': 3, 'en_cisd': False, 'k': 2, 'en_cap_bars': True, 'cap_1min': 77}.
[I 2026-07-13 16:09:41,287] Trial 2701 finished with values: [6442.46466693547, -2021.5744981794542, 45.0] and parameters: {'sl_soft': 0.023138233233501303, 'sl_hard_delta': 0.0027263521951513352, 'tp': 0.044694053584836385, 'gate_pct': 86.42595282114276, 'dd_limit': 0.5820363533127576, 'cooldown': 0, 'flip': True, 'en_ema_trend': False, 'ema_trend_fast': 205, 'ema_trend_slow': 350, 'en_sma_trend': True, 'sma_trend_fast': 125, 'sma_trend_slow': 222, 'en_macd': True, 'macd_fast': 60, 'macd_slow': 127, 'macd_signal': 83, 'en_vwap': False, 'en_keltner': True, 'keltner_n': 17, 'keltner_m': 1.2000000000000002, 'en_obv': False, 'obv_slope': 36, 'en_cci': False, 'cci_n': 32, 'cci_threshold': 275, 'en_rsi': False, 'rsi_n': 42, 'rsi_lower': 18, 'rsi_upper': 74, 'en_stochastic': False, 'stochastic_n': 13, 'stochastic_d': 23, 'stochastic_lower': 16, 'stochastic_upper': 93, 'en_mfi': False, 'mfi_n': 45, 'mfi_lower': 46, 'mfi_upper': 84, 'en_bollinger': False, 'bollinger_n': 127, 'bollinger_k': 4.8, 'en_adx': False, 'adx_n': 27, 'adx_threshold': 26, 'en_structure_trend': False, 'structure_trend_swing_l': 7, 'en_order_block': True, 'order_block_swing_l': 4, 'en_fvg': False, 'fvg_lookback': 40, 'en_ifvg': True, 'en_breaker': False, 'breaker_swing_l': 3, 'en_cisd': False, 'k': 2, 'en_cap_bars': True, 'cap_1min': 77}.
[I 2026-07-13 16:09:47,572] Trial 2702 finished with values: [1069.9672705566597, -4089.472644831959, 58.05] and parameters: {'sl_soft': 0.02578091656329544, 'sl_hard_delta': 0.01974966680532401, 'tp': 0.03784160265645054, 'gate_pct': 86.42595282114276, 'dd_limit': 0.5820363533127576, 'cooldown': 0, 'flip': True, 'en_ema_trend': False, 'ema_trend_fast': 205, 'ema_trend_slow': 350, 'en_sma_trend': True, 'sma_trend_fast': 89, 'sma_trend_slow': 19, 'en_macd': True, 'macd_fast': 88, 'macd_slow': 127, 'macd_signal': 83, 'en_vwap': True, 'en_keltner': True, 'keltner_n': 87, 'keltner_m': 4.8, 'en_obv': False, 'obv_slope': 159, 'en_cci': False, 'cci_n': 32, 'cci_threshold': 275, 'en_rsi': True, 'rsi_n': 42, 'rsi_lower': 18, 'rsi_upper': 74, 'en_stochastic': True, 'stochastic_n': 7, 'stochastic_d': 27, 'stochastic_lower': 16, 'stochastic_upper': 96, 'en_mfi': False, 'mfi_n': 72, 'mfi_lower': 1, 'mfi_upper': 85, 'en_bollinger': False, 'bollinger_n': 127, 'bollinger_k': 3.4000000000000004, 'en_adx': False, 'adx_n': 79, 'adx_threshold': 40, 'en_structure_trend': False, 'structure_trend_swing_l': 20, 'en_order_block': False, 'order_block_swing_l': 4, 'en_fvg': False, 'fvg_lookback': 40, 'en_ifvg': True, 'en_breaker': False, 'breaker_swing_l': 3, 'en_cisd': True, 'k': 2, 'en_cap_bars': True, 'cap_1min': 77}.
[I 2026-07-13 16:09:48,461] Trial 2703 finished with values: [1828.7536859694596, -5730.4221418613215, 44.25] and parameters: {'sl_soft': 0.02578091656329544, 'sl_hard_delta': 0.0027263521951513352, 'tp': 0.03784160265645054, 'gate_pct': 86.42595282114276, 'dd_limit': 0.7899894121384478, 'cooldown': 0, 'flip': True, 'en_ema_trend': False, 'ema_trend_fast': 360, 'ema_trend_slow': 350, 'en_sma_trend': True, 'sma_trend_fast': 89, 'sma_trend_slow': 222, 'en_macd': True, 'macd_fast': 88, 'macd_slow': 127, 'macd_signal': 83, 'en_vwap': True, 'en_keltner': False, 'keltner_n': 17, 'keltner_m': 4.8, 'en_obv': True, 'obv_slope': 36, 'en_cci': True, 'cci_n': 157, 'cci_threshold': 275, 'en_rsi': False, 'rsi_n': 42, 'rsi_lower': 18, 'rsi_upper': 68, 'en_stochastic': False, 'stochastic_n': 7, 'stochastic_d': 49, 'stochastic_lower': 16, 'stochastic_upper': 93, 'en_mfi': False, 'mfi_n': 72, 'mfi_lower': 46, 'mfi_upper': 85, 'en_bollinger': False, 'bollinger_n': 127, 'bollinger_k': 4.8, 'en_adx': False, 'adx_n': 79, 'adx_threshold': 51, 'en_structure_trend': False, 'structure_trend_swing_l': 20, 'en_order_block': True, 'order_block_swing_l': 4, 'en_fvg': False, 'fvg_lookback': 32, 'en_ifvg': False, 'en_breaker': False, 'breaker_swing_l': 3, 'en_cisd': False, 'k': 2, 'en_cap_bars': True, 'cap_1min': 77}.
[I 2026-07-13 16:09:49,441] Trial 2704 finished with values: [3362.21781097386, -4625.590711738982, 41.95] and parameters: {'sl_soft': 0.023138233233501303, 'sl_hard_delta': 0.00610414585932106, 'tp': 0.044694053584836385, 'gate_pct': 86.42595282114276, 'dd_limit': 1.5419053062488821, 'cooldown': 0, 'flip': True, 'en_ema_trend': True, 'ema_trend_fast': 205, 'ema_trend_slow': 350, 'en_sma_trend': True, 'sma_trend_fast': 187, 'sma_trend_slow': 50, 'en_macd': True, 'macd_fast': 60, 'macd_slow': 85, 'macd_signal': 83, 'en_vwap': True, 'en_keltner': True, 'keltner_n': 87, 'keltner_m': 1.2000000000000002, 'en_obv': False, 'obv_slope': 188, 'en_cci': True, 'cci_n': 32, 'cci_threshold': 250, 'en_rsi': False, 'rsi_n': 42, 'rsi_lower': 18, 'rsi_upper': 68, 'en_stochastic': False, 'stochastic_n': 13, 'stochastic_d': 27, 'stochastic_lower': 20, 'stochastic_upper': 93, 'en_mfi': False, 'mfi_n': 72, 'mfi_lower': 46, 'mfi_upper': 81, 'en_bollinger': False, 'bollinger_n': 55, 'bollinger_k': 4.8, 'en_adx': False, 'adx_n': 26, 'adx_threshold': 53, 'en_structure_trend': False, 'structure_trend_swing_l': 7, 'en_order_block': False, 'order_block_swing_l': 19, 'en_fvg': False, 'fvg_lookback': 40, 'en_ifvg': False, 'en_breaker': False, 'breaker_swing_l': 11, 'en_cisd': False, 'k': 2, 'en_cap_bars': False, 'cap_1min': 77}.
