[I 2026-07-13 14:52:54,659] Trial 3658 finished with values: [4523.069146798811, -9946.019936517348, 56.25] and parameters: {'sl_soft': 0.10644993879788506, 'sl_hard_delta': 0.039849065565949165, 'tp': 0.14985592681603982, 'gate_pct': 94.62373247947275, 'dd_limit': 0.7627381108845042, 'cooldown': 1, 'flip': False, 'en_ema_trend': False, 'ema_trend_fast': 197, 'ema_trend_slow': 304, 'en_sma_trend': False, 'sma_trend_fast': 81, 'sma_trend_slow': 336, 'en_macd': True, 'macd_fast': 55, 'macd_slow': 41, 'macd_signal': 6, 'en_vwap': True, 'en_keltner': True, 'keltner_n': 123, 'keltner_m': 2.3, 'en_obv': True, 'obv_slope': 50, 'en_cci': False, 'cci_n': 172, 'cci_threshold': 300, 'en_rsi': False, 'rsi_n': 14, 'rsi_lower': 49, 'rsi_upper': 87, 'en_stochastic': False, 'stochastic_n': 62, 'stochastic_d': 2, 'stochastic_lower': 20, 'stochastic_upper': 57, 'en_mfi': False, 'mfi_n': 14, 'mfi_lower': 15, 'mfi_upper': 68, 'en_bollinger': False, 'bollinger_n': 2, 'bollinger_k': 2.7, 'en_adx': False, 'adx_n': 35, 'adx_threshold': 35, 'en_structure_trend': False, 'structure_trend_swing_l': 2, 'en_order_block': False, 'order_block_swing_l': 13, 'en_fvg': True, 'fvg_lookback': 35, 'en_ifvg': False, 'en_breaker': True, 'breaker_swing_l': 6, 'en_cisd': True, 'k': 3, 'en_cap_bars': True, 'cap_1min': 508}.
[I 2026-07-13 14:52:57,278] Trial 3659 finished with values: [841.6875968458377, -10317.684882391311, 51.95] and parameters: {'sl_soft': 0.09951309834345903, 'sl_hard_delta': 0.052716452395929286, 'tp': 0.12154047473748539, 'gate_pct': 99.43810192295578, 'dd_limit': 8.444088585034967, 'cooldown': 1, 'flip': False, 'en_ema_trend': False, 'ema_trend_fast': 376, 'ema_trend_slow': 153, 'en_sma_trend': True, 'sma_trend_fast': 81, 'sma_trend_slow': 336, 'en_macd': False, 'macd_fast': 19, 'macd_slow': 51, 'macd_signal': 6, 'en_vwap': True, 'en_keltner': True, 'keltner_n': 33, 'keltner_m': 4.1, 'en_obv': False, 'obv_slope': 9, 'en_cci': False, 'cci_n': 172, 'cci_threshold': 160, 'en_rsi': True, 'rsi_n': 14, 'rsi_lower': 31, 'rsi_upper': 87, 'en_stochastic': False, 'stochastic_n': 89, 'stochastic_d': 25, 'stochastic_lower': 26, 'stochastic_upper': 62, 'en_mfi': False, 'mfi_n': 45, 'mfi_lower': 19, 'mfi_upper': 78, 'en_bollinger': True, 'bollinger_n': 2, 'bollinger_k': 3.8000000000000003, 'en_adx': True, 'adx_n': 2, 'adx_threshold': 13, 'en_structure_trend': True, 'structure_trend_swing_l': 3, 'en_order_block': True, 'order_block_swing_l': 17, 'en_fvg': False, 'fvg_lookback': 48, 'en_ifvg': True, 'en_breaker': False, 'breaker_swing_l': 11, 'en_cisd': True, 'k': 1, 'en_cap_bars': False, 'cap_1min': 457}.
[I 2026-07-13 14:53:04,288] Trial 3660 finished with values: [-204.63132807057235, -6376.399911532003, 55.0] and parameters: {'sl_soft': 0.14289727201071423, 'sl_hard_delta': 0.25884354015921396, 'tp': 0.18146082986353468, 'gate_pct': 97.47084145131518, 'dd_limit': 7.364744278329123, 'cooldown': 1, 'flip': True, 'en_ema_trend': True, 'ema_trend_fast': 279, 'ema_trend_slow': 133, 'en_sma_trend': False, 'sma_trend_fast': 371, 'sma_trend_slow': 245, 'en_macd': True, 'macd_fast': 38, 'macd_slow': 173, 'macd_signal': 6, 'en_vwap': True, 'en_keltner': True, 'keltner_n': 172, 'keltner_m': 4.7, 'en_obv': False, 'obv_slope': 162, 'en_cci': True, 'cci_n': 6, 'cci_threshold': 285, 'en_rsi': False, 'rsi_n': 68, 'rsi_lower': 25, 'rsi_upper': 59, 'en_stochastic': True, 'stochastic_n': 27, 'stochastic_d': 17, 'stochastic_lower': 28, 'stochastic_upper': 83, 'en_mfi': False, 'mfi_n': 34, 'mfi_lower': 42, 'mfi_upper': 89, 'en_bollinger': True, 'bollinger_n': 172, 'bollinger_k': 1.5, 'en_adx': False, 'adx_n': 64, 'adx_threshold': 12, 'en_structure_trend': False, 'structure_trend_swing_l': 1, 'en_order_block': False, 'order_block_swing_l': 6, 'en_fvg': True, 'fvg_lookback': 34, 'en_ifvg': False, 'en_breaker': True, 'breaker_swing_l': 9, 'en_cisd': False, 'k': 2, 'en_cap_bars': True, 'cap_1min': 694}.
[I 2026-07-13 14:53:04,999] Trial 3661 pruned. 
[I 2026-07-13 14:53:11,569] Trial 3662 finished with values: [145.02073715627657, -1804.09595057057, 44.349999999999994] and parameters: {'sl_soft': 0.05035573196257478, 'sl_hard_delta': 0.039849065565949165, 'tp': 0.1072053900187098, 'gate_pct': 98.58299891691806, 'dd_limit': 5.937758572987326, 'cooldown': 1, 'flip': False, 'en_ema_trend': False, 'ema_trend_fast': 213, 'ema_trend_slow': 304, 'en_sma_trend': False, 'sma_trend_fast': 136, 'sma_trend_slow': 336, 'en_macd': False, 'macd_fast': 20, 'macd_slow': 74, 'macd_signal': 74, 'en_vwap': True, 'en_keltner': False, 'keltner_n': 33, 'keltner_m': 2.3, 'en_obv': False, 'obv_slope': 26, 'en_cci': False, 'cci_n': 172, 'cci_threshold': 130, 'en_rsi': False, 'rsi_n': 14, 'rsi_lower': 49, 'rsi_upper': 52, 'en_stochastic': True, 'stochastic_n': 89, 'stochastic_d': 32, 'stochastic_lower': 20, 'stochastic_upper': 57, 'en_mfi': True, 'mfi_n': 14, 'mfi_lower': 44, 'mfi_upper': 78, 'en_bollinger': False, 'bollinger_n': 115, 'bollinger_k': 3.8000000000000003, 'en_adx': False, 'adx_n': 5, 'adx_threshold': 13, 'en_structure_trend': False, 'structure_trend_swing_l': 2, 'en_order_block': False, 'order_block_swing_l': 5, 'en_fvg': False, 'fvg_lookback': 35, 'en_ifvg': False, 'en_breaker': False, 'breaker_swing_l': 12, 'en_cisd': False, 'k': 4, 'en_cap_bars': True, 'cap_1min': 457}.
[I 2026-07-13 14:53:18,201] Trial 3663 finished with values: [-2325.1027355435563, -5452.224839523793, 58.25] and parameters: {'sl_soft': 0.1955008004678873, 'sl_hard_delta': 0.07174105192096222, 'tp': 0.0804038736872963, 'gate_pct': 98.67302380660169, 'dd_limit': 2.4528084273798805, 'cooldown': 1, 'flip': True, 'en_ema_trend': True, 'ema_trend_fast': 83, 'ema_trend_slow': 2, 'en_sma_trend': True, 'sma_trend_fast': 320, 'sma_trend_slow': 262, 'en_macd': True, 'macd_fast': 18, 'macd_slow': 150, 'macd_signal': 65, 'en_vwap': False, 'en_keltner': False, 'keltner_n': 48, 'keltner_m': 2.7, 'en_obv': False, 'obv_slope': 179, 'en_cci': False, 'cci_n': 100, 'cci_threshold': 160, 'en_rsi': True, 'rsi_n': 71, 'rsi_lower': 47, 'rsi_upper': 58, 'en_stochastic': True, 'stochastic_n': 82, 'stochastic_d': 29, 'stochastic_lower': 14, 'stochastic_upper': 67, 'en_mfi': False, 'mfi_n': 62, 'mfi_lower': 29, 'mfi_upper': 97, 'en_bollinger': True, 'bollinger_n': 7, 'bollinger_k': 2.0, 'en_adx': False, 'adx_n': 56, 'adx_threshold': 11, 'en_structure_trend': False, 'structure_trend_swing_l': 11, 'en_order_block': False, 'order_block_swing_l': 3, 'en_fvg': False, 'fvg_lookback': 19, 'en_ifvg': True, 'en_breaker': True, 'breaker_swing_l': 11, 'en_cisd': False, 'k': 1, 'en_cap_bars': True, 'cap_1min': 884}.
[I 2026-07-13 14:53:19,054] Trial 3664 pruned. 
[I 2026-07-13 14:53:20,475] Trial 3665 finished with values: [1040.7993031810743, -3790.037576541074, 24.5] and parameters: {'sl_soft': 0.03475243749569609, 'sl_hard_delta': 0.039849065565949165, 'tp': 0.20741590457257697, 'gate_pct': 97.28704165170988, 'dd_limit': 0.7627381108845042, 'cooldown': 4, 'flip': True, 'en_ema_trend': False, 'ema_trend_fast': 206, 'ema_trend_slow': 182, 'en_sma_trend': False, 'sma_trend_fast': 198, 'sma_trend_slow': 35, 'en_macd': False, 'macd_fast': 80, 'macd_slow': 114, 'macd_signal': 61, 'en_vwap': True, 'en_keltner': True, 'keltner_n': 123, 'keltner_m': 3.1, 'en_obv': True, 'obv_slope': 179, 'en_cci': True, 'cci_n': 134, 'cci_threshold': 145, 'en_rsi': False, 'rsi_n': 68, 'rsi_lower': 25, 'rsi_upper': 81, 'en_stochastic': False, 'stochastic_n': 24, 'stochastic_d': 2, 'stochastic_lower': 40, 'stochastic_upper': 78, 'en_mfi': False, 'mfi_n': 8, 'mfi_lower': 29, 'mfi_upper': 80, 'en_bollinger': True, 'bollinger_n': 155, 'bollinger_k': 2.7, 'en_adx': False, 'adx_n': 64, 'adx_threshold': 35, 'en_structure_trend': True, 'structure_trend_swing_l': 12, 'en_order_block': False, 'order_block_swing_l': 16, 'en_fvg': False, 'fvg_lookback': 19, 'en_ifvg': False, 'en_breaker': False, 'breaker_swing_l': 8, 'en_cisd': True, 'k': 3, 'en_cap_bars': False, 'cap_1min': 483}.
[I 2026-07-13 14:53:20,874] Trial 3666 finished with values: [3409.8055092751074, -15028.694268460578, 34.55] and parameters: {'sl_soft': 0.03831170427958211, 'sl_hard_delta': 0.17205901873591917, 'tp': 0.19110422394207255, 'gate_pct': 98.67302380660169, 'dd_limit': 3.2180873254465436, 'cooldown': 1, 'flip': False, 'en_ema_trend': True, 'ema_trend_fast': 217, 'ema_trend_slow': 393, 'en_sma_trend': True, 'sma_trend_fast': 334, 'sma_trend_slow': 94, 'en_macd': True, 'macd_fast': 97, 'macd_slow': 74, 'macd_signal': 78, 'en_vwap': False, 'en_keltner': True, 'keltner_n': 153, 'keltner_m': 0.5, 'en_obv': False, 'obv_slope': 99, 'en_cci': False, 'cci_n': 34, 'cci_threshold': 125, 'en_rsi': False, 'rsi_n': 97, 'rsi_lower': 18, 'rsi_upper': 99, 'en_stochastic': False, 'stochastic_n': 41, 'stochastic_d': 29, 'stochastic_lower': 47, 'stochastic_upper': 58, 'en_mfi': True, 'mfi_n': 22, 'mfi_lower': 24, 'mfi_upper': 82, 'en_bollinger': False, 'bollinger_n': 7, 'bollinger_k': 1.3, 'en_adx': False, 'adx_n': 52, 'adx_threshold': 44, 'en_structure_trend': False, 'structure_trend_swing_l': 3, 'en_order_block': True, 'order_block_swing_l': 3, 'en_fvg': True, 'fvg_lookback': 18, 'en_ifvg': False, 'en_breaker': True, 'breaker_swing_l': 12, 'en_cisd': False, 'k': 2, 'en_cap_bars': True, 'cap_1min': 1343}.
[I 2026-07-13 14:53:23,437] Trial 3667 finished with values: [509.2583533608772, -3599.5296984817314, 57.6] and parameters: {'sl_soft': 0.14289727201071423, 'sl_hard_delta': 0.1370086676856171, 'tp': 0.14985592681603982, 'gate_pct': 97.81683336946006, 'dd_limit': 5.937758572987326, 'cooldown': 1, 'flip': True, 'en_ema_trend': True, 'ema_trend_fast': 279, 'ema_trend_slow': 133, 'en_sma_trend': True, 'sma_trend_fast': 81, 'sma_trend_slow': 245, 'en_macd': True, 'macd_fast': 38, 'macd_slow': 125, 'macd_signal': 23, 'en_vwap': False, 'en_keltner': True, 'keltner_n': 33, 'keltner_m': 4.7, 'en_obv': False, 'obv_slope': 26, 'en_cci': True, 'cci_n': 6, 'cci_threshold': 130, 'en_rsi': False, 'rsi_n': 68, 'rsi_lower': 49, 'rsi_upper': 74, 'en_stochastic': False, 'stochastic_n': 89, 'stochastic_d': 5, 'stochastic_lower': 31, 'stochastic_upper': 99, 'en_mfi': False, 'mfi_n': 15, 'mfi_lower': 19, 'mfi_upper': 78, 'en_bollinger': True, 'bollinger_n': 172, 'bollinger_k': 0.5, 'en_adx': False, 'adx_n': 64, 'adx_threshold': 13, 'en_structure_trend': False, 'structure_trend_swing_l': 1, 'en_order_block': True, 'order_block_swing_l': 15, 'en_fvg': False, 'fvg_lookback': 50, 'en_ifvg': False, 'en_breaker': True, 'breaker_swing_l': 13, 'en_cisd': True, 'k': 1, 'en_cap_bars': True, 'cap_1min': 495}.
[I 2026-07-13 14:53:23,872] Trial 3668 finished with values: [999.1590457257438, -2449.999999999903, 31.450000000000003] and parameters: {'sl_soft': 0.03475243749569609, 'sl_hard_delta': 0.2476078025833433, 'tp': 0.20741590457257697, 'gate_pct': 97.66578486655469, 'dd_limit': 2.4528084273798805, 'cooldown': 5, 'flip': True, 'en_ema_trend': False, 'ema_trend_fast': 342, 'ema_trend_slow': 182, 'en_sma_trend': True, 'sma_trend_fast': 198, 'sma_trend_slow': 319, 'en_macd': False, 'macd_fast': 53, 'macd_slow': 114, 'macd_signal': 61, 'en_vwap': False, 'en_keltner': True, 'keltner_n': 135, 'keltner_m': 3.1, 'en_obv': True, 'obv_slope': 179, 'en_cci': True, 'cci_n': 134, 'cci_threshold': 250, 'en_rsi': False, 'rsi_n': 95, 'rsi_lower': 31, 'rsi_upper': 88, 'en_stochastic': False, 'stochastic_n': 78, 'stochastic_d': 26, 'stochastic_lower': 32, 'stochastic_upper': 78, 'en_mfi': True, 'mfi_n': 14, 'mfi_lower': 29, 'mfi_upper': 80, 'en_bollinger': True, 'bollinger_n': 155, 'bollinger_k': 2.0, 'en_adx': False, 'adx_n': 22, 'adx_threshold': 47, 'en_structure_trend': False, 'structure_trend_swing_l': 12, 'en_order_block': False, 'order_block_swing_l': 4, 'en_fvg': True, 'fvg_lookback': 45, 'en_ifvg': True, 'en_breaker': False, 'breaker_swing_l': 2, 'en_cisd': True, 'k': 3, 'en_cap_bars': True, 'cap_1min': 878}.
[I 2026-07-13 14:53:24,535] Trial 3669 pruned. 
[I 2026-07-13 14:53:26,347] Trial 3670 finished with values: [-845.8129520726936, -16655.28398753411, 34.599999999999994] and parameters: {'sl_soft': 0.05035573196257478, 'sl_hard_delta': 0.11082725310556857, 'tp': 0.20741590457257697, 'gate_pct': 99.43810192295578, 'dd_limit': 2.2378945291746732, 'cooldown': 1, 'flip': False, 'en_ema_trend': False, 'ema_trend_fast': 157, 'ema_trend_slow': 157, 'en_sma_trend': True, 'sma_trend_fast': 118, 'sma_trend_slow': 137, 'en_macd': False, 'macd_fast': 10, 'macd_slow': 3, 'macd_signal': 52, 'en_vwap': True, 'en_keltner': True, 'keltner_n': 123, 'keltner_m': 0.5, 'en_obv': True, 'obv_slope': 179, 'en_cci': False, 'cci_n': 166, 'cci_threshold': 180, 'en_rsi': True, 'rsi_n': 84, 'rsi_lower': 34, 'rsi_upper': 87, 'en_stochastic': False, 'stochastic_n': 61, 'stochastic_d': 34, 'stochastic_lower': 31, 'stochastic_upper': 98, 'en_mfi': True, 'mfi_n': 99, 'mfi_lower': 15, 'mfi_upper': 63, 'en_bollinger': True, 'bollinger_n': 2, 'bollinger_k': 5.0, 'en_adx': False, 'adx_n': 56, 'adx_threshold': 13, 'en_structure_trend': True, 'structure_trend_swing_l': 7, 'en_order_block': True, 'order_block_swing_l': 16, 'en_fvg': False, 'fvg_lookback': 22, 'en_ifvg': True, 'en_breaker': True, 'breaker_swing_l': 8, 'en_cisd': False, 'k': 3, 'en_cap_bars': False, 'cap_1min': 461}.
[I 2026-07-13 14:53:28,094] Trial 3671 pruned. 
[I 2026-07-13 14:53:33,326] Trial 3672 finished with values: [20.441934712458362, -5142.540869467353, 43.2] and parameters: {'sl_soft': 0.058218586321253915, 'sl_hard_delta': 0.234009729604921, 'tp': 0.1402887976259075, 'gate_pct': 99.57581637257637, 'dd_limit': 7.573309416194954, 'cooldown': 1, 'flip': False, 'en_ema_trend': True, 'ema_trend_fast': 283, 'ema_trend_slow': 182, 'en_sma_trend': False, 'sma_trend_fast': 166, 'sma_trend_slow': 28, 'en_macd': False, 'macd_fast': 64, 'macd_slow': 170, 'macd_signal': 37, 'en_vwap': True, 'en_keltner': False, 'keltner_n': 76, 'keltner_m': 4.8, 'en_obv': True, 'obv_slope': 76, 'en_cci': True, 'cci_n': 120, 'cci_threshold': 45, 'en_rsi': False, 'rsi_n': 21, 'rsi_lower': 43, 'rsi_upper': 63, 'en_stochastic': True, 'stochastic_n': 63, 'stochastic_d': 13, 'stochastic_lower': 9, 'stochastic_upper': 87, 'en_mfi': False, 'mfi_n': 44, 'mfi_lower': 12, 'mfi_upper': 65, 'en_bollinger': True, 'bollinger_n': 30, 'bollinger_k': 4.1, 'en_adx': False, 'adx_n': 8, 'adx_threshold': 55, 'en_structure_trend': True, 'structure_trend_swing_l': 19, 'en_order_block': True, 'order_block_swing_l': 5, 'en_fvg': True, 'fvg_lookback': 15, 'en_ifvg': True, 'en_breaker': False, 'breaker_swing_l': 10, 'en_cisd': True, 'k': 2, 'en_cap_bars': True, 'cap_1min': 1189}.
[I 2026-07-13 14:53:35,839] Trial 3673 pruned. 
[I 2026-07-13 14:53:37,152] Trial 3674 finished with values: [5154.40331548577, -18821.484202898988, 57.75] and parameters: {'sl_soft': 0.19207751714688032, 'sl_hard_delta': 0.039849065565949165, 'tp': 0.22717864419781153, 'gate_pct': 97.28704165170988, 'dd_limit': 5.052448726200229, 'cooldown': 0, 'flip': False, 'en_ema_trend': False, 'ema_trend_fast': 197, 'ema_trend_slow': 236, 'en_sma_trend': False, 'sma_trend_fast': 360, 'sma_trend_slow': 35, 'en_macd': True, 'macd_fast': 11, 'macd_slow': 72, 'macd_signal': 60, 'en_vwap': False, 'en_keltner': True, 'keltner_n': 122, 'keltner_m': 3.5, 'en_obv': True, 'obv_slope': 25, 'en_cci': False, 'cci_n': 54, 'cci_threshold': 300, 'en_rsi': False, 'rsi_n': 40, 'rsi_lower': 1, 'rsi_upper': 81, 'en_stochastic': False, 'stochastic_n': 70, 'stochastic_d': 2, 'stochastic_lower': 26, 'stochastic_upper': 57, 'en_mfi': False, 'mfi_n': 11, 'mfi_lower': 22, 'mfi_upper': 87, 'en_bollinger': False, 'bollinger_n': 197, 'bollinger_k': 2.7, 'en_adx': False, 'adx_n': 35, 'adx_threshold': 35, 'en_structure_trend': True, 'structure_trend_swing_l': 19, 'en_order_block': True, 'order_block_swing_l': 11, 'en_fvg': False, 'fvg_lookback': 32, 'en_ifvg': False, 'en_breaker': True, 'breaker_swing_l': 6, 'en_cisd': False, 'k': 4, 'en_cap_bars': False, 'cap_1min': 1399}.
[I 2026-07-13 14:53:37,580] Trial 3675 finished with values: [1897.6079169067898, -6365.06321861404, 49.349999999999994] and parameters: {'sl_soft': 0.058218586321253915, 'sl_hard_delta': 0.234009729604921, 'tp': 0.1402887976259075, 'gate_pct': 98.80229380351075, 'dd_limit': 7.351713918926211, 'cooldown': 0, 'flip': True, 'en_ema_trend': True, 'ema_trend_fast': 176, 'ema_trend_slow': 231, 'en_sma_trend': True, 'sma_trend_fast': 166, 'sma_trend_slow': 28, 'en_macd': False, 'macd_fast': 64, 'macd_slow': 170, 'macd_signal': 37, 'en_vwap': True, 'en_keltner': False, 'keltner_n': 13, 'keltner_m': 4.8, 'en_obv': True, 'obv_slope': 76, 'en_cci': True, 'cci_n': 8, 'cci_threshold': 170, 'en_rsi': False, 'rsi_n': 21, 'rsi_lower': 43, 'rsi_upper': 74, 'en_stochastic': True, 'stochastic_n': 31, 'stochastic_d': 29, 'stochastic_lower': 9, 'stochastic_upper': 87, 'en_mfi': False, 'mfi_n': 44, 'mfi_lower': 26, 'mfi_upper': 65, 'en_bollinger': True, 'bollinger_n': 10, 'bollinger_k': 4.1, 'en_adx': False, 'adx_n': 8, 'adx_threshold': 55, 'en_structure_trend': True, 'structure_trend_swing_l': 19, 'en_order_block': True, 'order_block_swing_l': 4, 'en_fvg': False, 'fvg_lookback': 30, 'en_ifvg': True, 'en_breaker': False, 'breaker_swing_l': 20, 'en_cisd': True, 'k': 2, 'en_cap_bars': True, 'cap_1min': 1189}.
[I 2026-07-13 14:53:38,725] Trial 3676 pruned. 
[I 2026-07-13 14:53:39,357] Trial 3677 pruned. 
[I 2026-07-13 14:53:41,090] Trial 3678 finished with values: [784.93483957689, -4788.036395967391, 39.0] and parameters: {'sl_soft': 0.06917576547684445, 'sl_hard_delta': 0.01242174930966288, 'tp': 0.14985592681603982, 'gate_pct': 98.58299891691806, 'dd_limit': 3.2180873254465436, 'cooldown': 0, 'flip': False, 'en_ema_trend': True, 'ema_trend_fast': 278, 'ema_trend_slow': 2, 'en_sma_trend': True, 'sma_trend_fast': 81, 'sma_trend_slow': 213, 'en_macd': True, 'macd_fast': 20, 'macd_slow': 125, 'macd_signal': 23, 'en_vwap': False, 'en_keltner': False, 'keltner_n': 33, 'keltner_m': 1.0, 'en_obv': False, 'obv_slope': 26, 'en_cci': True, 'cci_n': 4, 'cci_threshold': 85, 'en_rsi': False, 'rsi_n': 95, 'rsi_lower': 49, 'rsi_upper': 88, 'en_stochastic': False, 'stochastic_n': 89, 'stochastic_d': 32, 'stochastic_lower': 31, 'stochastic_upper': 58, 'en_mfi': True, 'mfi_n': 14, 'mfi_lower': 19, 'mfi_upper': 97, 'en_bollinger': False, 'bollinger_n': 2, 'bollinger_k': 1.3, 'en_adx': False, 'adx_n': 59, 'adx_threshold': 13, 'en_structure_trend': False, 'structure_trend_swing_l': 20, 'en_order_block': False, 'order_block_swing_l': 6, 'en_fvg': False, 'fvg_lookback': 26, 'en_ifvg': True, 'en_breaker': True, 'breaker_swing_l': 7, 'en_cisd': False, 'k': 2, 'en_cap_bars': False, 'cap_1min': 457}.
[I 2026-07-13 14:53:43,241] Trial 3679 finished with values: [-725.0270539054601, -4421.888165392928, 41.15] and parameters: {'sl_soft': 0.06917576547684445, 'sl_hard_delta': 0.01242174930966288, 'tp': 0.1072053900187098, 'gate_pct': 98.58299891691806, 'dd_limit': 3.2180873254465436, 'cooldown': 1, 'flip': False, 'en_ema_trend': True, 'ema_trend_fast': 279, 'ema_trend_slow': 182, 'en_sma_trend': True, 'sma_trend_fast': 136, 'sma_trend_slow': 67, 'en_macd': False, 'macd_fast': 18, 'macd_slow': 74, 'macd_signal': 65, 'en_vwap': False, 'en_keltner': True, 'keltner_n': 131, 'keltner_m': 2.8000000000000003, 'en_obv': False, 'obv_slope': 179, 'en_cci': True, 'cci_n': 100, 'cci_threshold': 85, 'en_rsi': True, 'rsi_n': 71, 'rsi_lower': 47, 'rsi_upper': 58, 'en_stochastic': False, 'stochastic_n': 82, 'stochastic_d': 17, 'stochastic_lower': 14, 'stochastic_upper': 98, 'en_mfi': True, 'mfi_n': 22, 'mfi_lower': 45, 'mfi_upper': 97, 'en_bollinger': False, 'bollinger_n': 7, 'bollinger_k': 2.0, 'en_adx': False, 'adx_n': 91, 'adx_threshold': 44, 'en_structure_trend': False, 'structure_trend_swing_l': 20, 'en_order_block': True, 'order_block_swing_l': 3, 'en_fvg': False, 'fvg_lookback': 26, 'en_ifvg': True, 'en_breaker': True, 'breaker_swing_l': 12, 'en_cisd': False, 'k': 2, 'en_cap_bars': True, 'cap_1min': 1343}.
[I 2026-07-13 14:53:45,680] Trial 3680 finished with values: [-326.261431411368, -10186.801200395194, 24.15] and parameters: {'sl_soft': 0.03475243749569609, 'sl_hard_delta': 0.2476078025833433, 'tp': 0.20741590457257697, 'gate_pct': 98.11348314618391, 'dd_limit': 8.444088585034967, 'cooldown': 2, 'flip': False, 'en_ema_trend': True, 'ema_trend_fast': 342, 'ema_trend_slow': 182, 'en_sma_trend': True, 'sma_trend_fast': 225, 'sma_trend_slow': 333, 'en_macd': True, 'macd_fast': 10, 'macd_slow': 51, 'macd_signal': 61, 'en_vwap': True, 'en_keltner': True, 'keltner_n': 135, 'keltner_m': 3.1, 'en_obv': True, 'obv_slope': 9, 'en_cci': False, 'cci_n': 134, 'cci_threshold': 160, 'en_rsi': False, 'rsi_n': 17, 'rsi_lower': 31, 'rsi_upper': 88, 'en_stochastic': False, 'stochastic_n': 78, 'stochastic_d': 2, 'stochastic_lower': 11, 'stochastic_upper': 78, 'en_mfi': True, 'mfi_n': 8, 'mfi_lower': 24, 'mfi_upper': 80, 'en_bollinger': True, 'bollinger_n': 200, 'bollinger_k': 2.0, 'en_adx': False, 'adx_n': 91, 'adx_threshold': 47, 'en_structure_trend': False, 'structure_trend_swing_l': 3, 'en_order_block': True, 'order_block_swing_l': 17, 'en_fvg': False, 'fvg_lookback': 8, 'en_ifvg': False, 'en_breaker': False, 'breaker_swing_l': 8, 'en_cisd': True, 'k': 3, 'en_cap_bars': False, 'cap_1min': 591}.
