[I 2026-07-13 14:59:26,472] Trial 231 finished with values: [-167.02305949069185, -1243.170150615782, 60.0] and parameters: {'sl_soft': 0.021655700989515334, 'sl_hard_delta': 0.003069903022346389, 'tp': 0.01219055325535965, 'gate_pct': 85.18598170405104, 'dd_limit': 1.7439494970493132, 'cooldown': 11, 'flip': False, 'en_ema_trend': True, 'ema_trend_fast': 384, 'ema_trend_slow': 150, 'en_sma_trend': False, 'sma_trend_fast': 265, 'sma_trend_slow': 383, 'en_macd': False, 'macd_fast': 49, 'macd_slow': 56, 'macd_signal': 60, 'en_vwap': True, 'en_keltner': True, 'keltner_n': 48, 'keltner_m': 3.8000000000000003, 'en_obv': True, 'obv_slope': 68, 'en_cci': True, 'cci_n': 141, 'cci_threshold': 160, 'en_rsi': True, 'rsi_n': 13, 'rsi_lower': 24, 'rsi_upper': 65, 'en_stochastic': False, 'stochastic_n': 86, 'stochastic_d': 11, 'stochastic_lower': 4, 'stochastic_upper': 92, 'en_mfi': True, 'mfi_n': 46, 'mfi_lower': 28, 'mfi_upper': 75, 'en_bollinger': False, 'bollinger_n': 22, 'bollinger_k': 3.4000000000000004, 'en_adx': False, 'adx_n': 68, 'adx_threshold': 33, 'en_structure_trend': False, 'structure_trend_swing_l': 20, 'en_order_block': False, 'order_block_swing_l': 2, 'en_fvg': True, 'fvg_lookback': 41, 'en_ifvg': False, 'en_breaker': False, 'breaker_swing_l': 3, 'en_cisd': False, 'k': 5, 'en_cap_bars': False, 'cap_1min': 898}.
[I 2026-07-13 14:59:27,981] Trial 232 pruned. 
[I 2026-07-13 14:59:29,306] Trial 233 pruned. 
[I 2026-07-13 14:59:29,814] Trial 234 pruned. 
[I 2026-07-13 14:59:31,790] Trial 235 pruned. 
[I 2026-07-13 14:59:32,925] Trial 236 pruned. 
[I 2026-07-13 14:59:34,165] Trial 237 pruned. 
[I 2026-07-13 14:59:35,191] Trial 238 pruned. 
[I 2026-07-13 14:59:36,010] Trial 239 pruned. 
[I 2026-07-13 14:59:36,331] Trial 240 pruned. 
[I 2026-07-13 14:59:37,966] Trial 241 pruned. 
[I 2026-07-13 14:59:39,469] Trial 242 pruned. 
[I 2026-07-13 14:59:40,877] Trial 243 pruned. 
[I 2026-07-13 14:59:42,363] Trial 244 pruned. 
[I 2026-07-13 14:59:43,224] Trial 245 pruned. 
[I 2026-07-13 14:59:44,168] Trial 246 pruned. 
[I 2026-07-13 14:59:46,086] Trial 247 pruned. 
[I 2026-07-13 14:59:47,315] Trial 248 pruned. 
[I 2026-07-13 14:59:48,373] Trial 249 pruned. 
[I 2026-07-13 14:59:49,112] Trial 250 pruned. 
[I 2026-07-13 14:59:50,913] Trial 251 pruned. 
[I 2026-07-13 14:59:51,470] Trial 252 pruned. 
[I 2026-07-13 14:59:52,138] Trial 253 pruned. 
[I 2026-07-13 14:59:53,875] Trial 254 pruned. 
[I 2026-07-13 14:59:54,768] Trial 255 pruned. 
[I 2026-07-13 14:59:55,202] Trial 256 pruned. 
[I 2026-07-13 14:59:56,492] Trial 257 pruned. 
[I 2026-07-13 14:59:59,037] Trial 258 pruned. 
[I 2026-07-13 14:59:59,380] Trial 259 pruned. 
[I 2026-07-13 15:00:00,346] Trial 260 pruned. 
[I 2026-07-13 15:00:01,336] Trial 261 pruned. 
[I 2026-07-13 15:00:02,572] Trial 262 pruned. 
[I 2026-07-13 15:00:04,157] Trial 263 pruned. 
[I 2026-07-13 15:00:04,732] Trial 264 pruned. 
[I 2026-07-13 15:00:05,933] Trial 265 pruned. 
[I 2026-07-13 15:00:06,457] Trial 266 pruned. 
[I 2026-07-13 15:00:07,598] Trial 267 pruned. 
[I 2026-07-13 15:00:09,717] Trial 268 pruned. 
[I 2026-07-13 15:00:10,951] Trial 269 pruned. 
[I 2026-07-13 15:00:13,234] Trial 270 finished with values: [-545.2360265983281, -2721.636362521167, 42.599999999999994] and parameters: {'sl_soft': 0.027171456554167583, 'sl_hard_delta': 0.0012979235830615124, 'tp': 0.02892941015906511, 'gate_pct': 94.70821660915905, 'dd_limit': 9.049701546507107, 'cooldown': 2, 'flip': False, 'en_ema_trend': True, 'ema_trend_fast': 99, 'ema_trend_slow': 64, 'en_sma_trend': False, 'sma_trend_fast': 345, 'sma_trend_slow': 290, 'en_macd': False, 'macd_fast': 56, 'macd_slow': 200, 'macd_signal': 82, 'en_vwap': True, 'en_keltner': False, 'keltner_n': 93, 'keltner_m': 3.3000000000000003, 'en_obv': False, 'obv_slope': 162, 'en_cci': True, 'cci_n': 51, 'cci_threshold': 155, 'en_rsi': False, 'rsi_n': 5, 'rsi_lower': 32, 'rsi_upper': 89, 'en_stochastic': False, 'stochastic_n': 50, 'stochastic_d': 11, 'stochastic_lower': 2, 'stochastic_upper': 93, 'en_mfi': False, 'mfi_n': 43, 'mfi_lower': 19, 'mfi_upper': 67, 'en_bollinger': False, 'bollinger_n': 155, 'bollinger_k': 0.5, 'en_adx': False, 'adx_n': 7, 'adx_threshold': 57, 'en_structure_trend': False, 'structure_trend_swing_l': 1, 'en_order_block': True, 'order_block_swing_l': 1, 'en_fvg': True, 'fvg_lookback': 26, 'en_ifvg': True, 'en_breaker': True, 'breaker_swing_l': 1, 'en_cisd': False, 'k': 4, 'en_cap_bars': True, 'cap_1min': 655}.
[I 2026-07-13 15:00:14,498] Trial 271 pruned. 
[I 2026-07-13 15:00:18,269] Trial 272 pruned. 
[I 2026-07-13 15:00:19,633] Trial 273 pruned. 
[I 2026-07-13 15:00:21,491] Trial 274 pruned. 
[I 2026-07-13 15:00:23,376] Trial 275 pruned. 
[I 2026-07-13 15:00:25,449] Trial 276 pruned. 
[I 2026-07-13 15:00:26,796] Trial 277 pruned. 
[I 2026-07-13 15:00:27,253] Trial 278 pruned. 
[I 2026-07-13 15:00:27,868] Trial 279 pruned. 
[I 2026-07-13 15:00:28,118] Trial 280 pruned. 
[I 2026-07-13 15:00:29,305] Trial 281 pruned. 
[I 2026-07-13 15:00:30,118] Trial 282 pruned. 
[I 2026-07-13 15:00:31,296] Trial 283 pruned. 
[I 2026-07-13 15:00:33,386] Trial 284 pruned. 
[I 2026-07-13 15:00:34,672] Trial 285 pruned. 
[I 2026-07-13 15:00:36,552] Trial 286 pruned. 
[I 2026-07-13 15:00:38,372] Trial 287 pruned. 
[I 2026-07-13 15:00:48,894] Trial 288 finished with values: [-171.90852392236167, -1581.8076004029535, 45.3] and parameters: {'sl_soft': 0.029132739000343633, 'sl_hard_delta': 0.0021983515881025665, 'tp': 0.030314219189768128, 'gate_pct': 98.67302380660169, 'dd_limit': 3.021375135532224, 'cooldown': 10, 'flip': False, 'en_ema_trend': False, 'ema_trend_fast': 279, 'ema_trend_slow': 125, 'en_sma_trend': True, 'sma_trend_fast': 334, 'sma_trend_slow': 268, 'en_macd': True, 'macd_fast': 18, 'macd_slow': 91, 'macd_signal': 65, 'en_vwap': True, 'en_keltner': True, 'keltner_n': 153, 'keltner_m': 2.8000000000000003, 'en_obv': False, 'obv_slope': 165, 'en_cci': True, 'cci_n': 100, 'cci_threshold': 125, 'en_rsi': True, 'rsi_n': 71, 'rsi_lower': 18, 'rsi_upper': 94, 'en_stochastic': True, 'stochastic_n': 52, 'stochastic_d': 22, 'stochastic_lower': 14, 'stochastic_upper': 93, 'en_mfi': True, 'mfi_n': 62, 'mfi_lower': 25, 'mfi_upper': 97, 'en_bollinger': False, 'bollinger_n': 7, 'bollinger_k': 1.0, 'en_adx': False, 'adx_n': 12, 'adx_threshold': 17, 'en_structure_trend': False, 'structure_trend_swing_l': 3, 'en_order_block': True, 'order_block_swing_l': 3, 'en_fvg': True, 'fvg_lookback': 18, 'en_ifvg': True, 'en_breaker': True, 'breaker_swing_l': 16, 'en_cisd': False, 'k': 1, 'en_cap_bars': True, 'cap_1min': 1243}.
[I 2026-07-13 15:00:49,771] Trial 289 pruned. 
[I 2026-07-13 15:00:50,807] Trial 290 pruned. 
[I 2026-07-13 15:00:53,412] Trial 291 pruned. 
[I 2026-07-13 15:00:55,335] Trial 292 pruned. 
[I 2026-07-13 15:00:56,239] Trial 293 pruned. 
[I 2026-07-13 15:01:01,807] Trial 294 pruned. 
[I 2026-07-13 15:01:05,161] Trial 295 pruned. 
[I 2026-07-13 15:01:06,434] Trial 296 pruned. 
[I 2026-07-13 15:01:07,991] Trial 297 pruned. 
[I 2026-07-13 15:01:09,059] Trial 298 pruned. 
[I 2026-07-13 15:01:09,677] Trial 299 pruned. 
[I 2026-07-13 15:01:10,635] Trial 300 pruned. 
[I 2026-07-13 15:01:12,113] Trial 301 pruned. 
[I 2026-07-13 15:01:13,038] Trial 302 pruned. 
[I 2026-07-13 15:01:14,074] Trial 303 pruned. 
[I 2026-07-13 15:01:15,539] Trial 304 pruned. 
[I 2026-07-13 15:01:17,210] Trial 305 pruned. 
[I 2026-07-13 15:01:18,394] Trial 306 pruned. 
[I 2026-07-13 15:01:20,050] Trial 307 pruned. 
[I 2026-07-13 15:01:20,716] Trial 308 pruned. 
[I 2026-07-13 15:01:25,183] Trial 309 finished with values: [-48.427881256714045, -1337.16478540034, 27.85] and parameters: {'sl_soft': 0.011853564178282618, 'sl_hard_delta': 0.005903565269029506, 'tp': 0.035245255052063384, 'gate_pct': 97.28704165170988, 'dd_limit': 0.7627381108845042, 'cooldown': 33, 'flip': False, 'en_ema_trend': False, 'ema_trend_fast': 197, 'ema_trend_slow': 304, 'en_sma_trend': False, 'sma_trend_fast': 360, 'sma_trend_slow': 35, 'en_macd': True, 'macd_fast': 80, 'macd_slow': 161, 'macd_signal': 18, 'en_vwap': True, 'en_keltner': True, 'keltner_n': 123, 'keltner_m': 3.5, 'en_obv': True, 'obv_slope': 25, 'en_cci': False, 'cci_n': 54, 'cci_threshold': 300, 'en_rsi': False, 'rsi_n': 100, 'rsi_lower': 1, 'rsi_upper': 81, 'en_stochastic': False, 'stochastic_n': 62, 'stochastic_d': 2, 'stochastic_lower': 40, 'stochastic_upper': 57, 'en_mfi': False, 'mfi_n': 11, 'mfi_lower': 44, 'mfi_upper': 54, 'en_bollinger': False, 'bollinger_n': 197, 'bollinger_k': 2.7, 'en_adx': False, 'adx_n': 35, 'adx_threshold': 35, 'en_structure_trend': True, 'structure_trend_swing_l': 9, 'en_order_block': True, 'order_block_swing_l': 13, 'en_fvg': False, 'fvg_lookback': 24, 'en_ifvg': False, 'en_breaker': True, 'breaker_swing_l': 8, 'en_cisd': False, 'k': 3, 'en_cap_bars': False, 'cap_1min': 591}.
[I 2026-07-13 15:01:26,647] Trial 310 pruned. 
[I 2026-07-13 15:01:29,258] Trial 311 pruned. 
[I 2026-07-13 15:01:30,664] Trial 312 pruned. 
[I 2026-07-13 15:01:31,903] Trial 313 pruned. 
[I 2026-07-13 15:01:33,486] Trial 314 pruned. 
[I 2026-07-13 15:01:33,768] Trial 315 pruned. 
[I 2026-07-13 15:01:35,221] Trial 316 pruned. 
[I 2026-07-13 15:01:36,548] Trial 317 pruned. 
[I 2026-07-13 15:01:38,365] Trial 318 pruned. 
[I 2026-07-13 15:01:39,309] Trial 319 pruned. 
[I 2026-07-13 15:01:39,696] Trial 320 pruned. 
[I 2026-07-13 15:01:40,719] Trial 321 pruned. 
[I 2026-07-13 15:01:42,214] Trial 322 pruned. 
[I 2026-07-13 15:01:43,270] Trial 323 pruned. 
[I 2026-07-13 15:01:52,523] Trial 324 finished with values: [-283.11766686302417, -1055.4621584707036, 38.099999999999994] and parameters: {'sl_soft': 0.025247199519240766, 'sl_hard_delta': 0.004436831453739982, 'tp': 0.03847730300290668, 'gate_pct': 99.08068803261627, 'dd_limit': 4.640993551634958, 'cooldown': 4, 'flip': False, 'en_ema_trend': True, 'ema_trend_fast': 62, 'ema_trend_slow': 292, 'en_sma_trend': False, 'sma_trend_fast': 389, 'sma_trend_slow': 85, 'en_macd': True, 'macd_fast': 48, 'macd_slow': 60, 'macd_signal': 100, 'en_vwap': True, 'en_keltner': False, 'keltner_n': 178, 'keltner_m': 1.7000000000000002, 'en_obv': True, 'obv_slope': 49, 'en_cci': True, 'cci_n': 83, 'cci_threshold': 135, 'en_rsi': True, 'rsi_n': 100, 'rsi_lower': 45, 'rsi_upper': 96, 'en_stochastic': False, 'stochastic_n': 43, 'stochastic_d': 37, 'stochastic_lower': 31, 'stochastic_upper': 91, 'en_mfi': True, 'mfi_n': 27, 'mfi_lower': 41, 'mfi_upper': 57, 'en_bollinger': False, 'bollinger_n': 189, 'bollinger_k': 4.6000000000000005, 'en_adx': True, 'adx_n': 16, 'adx_threshold': 18, 'en_structure_trend': True, 'structure_trend_swing_l': 15, 'en_order_block': True, 'order_block_swing_l': 9, 'en_fvg': False, 'fvg_lookback': 48, 'en_ifvg': True, 'en_breaker': True, 'breaker_swing_l': 16, 'en_cisd': True, 'k': 2, 'en_cap_bars': False, 'cap_1min': 1070}.
[I 2026-07-13 15:01:53,892] Trial 325 pruned. 
[I 2026-07-13 15:01:54,461] Trial 326 pruned. 
[I 2026-07-13 15:01:55,087] Trial 327 pruned. 
[I 2026-07-13 15:01:56,924] Trial 328 pruned. 
[I 2026-07-13 15:01:58,170] Trial 329 pruned. 
[I 2026-07-13 15:01:59,600] Trial 330 pruned. 
[I 2026-07-13 15:02:01,128] Trial 331 pruned. 
[I 2026-07-13 15:02:02,127] Trial 332 pruned. 
[I 2026-07-13 15:02:03,101] Trial 333 pruned. 
[I 2026-07-13 15:02:06,536] Trial 334 pruned. 
[I 2026-07-13 15:02:07,242] Trial 335 pruned. 
[I 2026-07-13 15:02:08,126] Trial 336 pruned. 
[I 2026-07-13 15:02:08,997] Trial 337 pruned. 
[I 2026-07-13 15:02:22,867] Trial 338 finished with values: [-578.5051579799472, -1718.1335482230509, 47.5] and parameters: {'sl_soft': 0.020120763827833787, 'sl_hard_delta': 0.029776239270151817, 'tp': 0.017260369037246447, 'gate_pct': 99.57581637257637, 'dd_limit': 5.328714371677049, 'cooldown': 6, 'flip': False, 'en_ema_trend': True, 'ema_trend_fast': 301, 'ema_trend_slow': 395, 'en_sma_trend': False, 'sma_trend_fast': 165, 'sma_trend_slow': 154, 'en_macd': False, 'macd_fast': 89, 'macd_slow': 107, 'macd_signal': 67, 'en_vwap': False, 'en_keltner': True, 'keltner_n': 76, 'keltner_m': 4.5, 'en_obv': True, 'obv_slope': 173, 'en_cci': False, 'cci_n': 120, 'cci_threshold': 45, 'en_rsi': False, 'rsi_n': 33, 'rsi_lower': 20, 'rsi_upper': 63, 'en_stochastic': True, 'stochastic_n': 90, 'stochastic_d': 13, 'stochastic_lower': 21, 'stochastic_upper': 82, 'en_mfi': False, 'mfi_n': 56, 'mfi_lower': 13, 'mfi_upper': 72, 'en_bollinger': True, 'bollinger_n': 100, 'bollinger_k': 4.5, 'en_adx': True, 'adx_n': 68, 'adx_threshold': 10, 'en_structure_trend': False, 'structure_trend_swing_l': 2, 'en_order_block': False, 'order_block_swing_l': 5, 'en_fvg': True, 'fvg_lookback': 33, 'en_ifvg': True, 'en_breaker': False, 'breaker_swing_l': 11, 'en_cisd': False, 'k': 4, 'en_cap_bars': True, 'cap_1min': 1317}.
[I 2026-07-13 15:02:24,110] Trial 339 pruned. 
[I 2026-07-13 15:02:24,708] Trial 340 pruned. 
[I 2026-07-13 15:02:25,369] Trial 341 pruned. 
[I 2026-07-13 15:02:26,775] Trial 342 pruned. 
[I 2026-07-13 15:02:27,324] Trial 343 pruned. 
[I 2026-07-13 15:02:27,847] Trial 344 pruned. 
[I 2026-07-13 15:02:28,924] Trial 345 pruned. 
[I 2026-07-13 15:02:30,647] Trial 346 pruned. 
[I 2026-07-13 15:02:32,212] Trial 347 pruned. 
[I 2026-07-13 15:02:36,086] Trial 348 finished with values: [-527.9874073286273, -1374.1265378169846, 52.7] and parameters: {'sl_soft': 0.014509835179219626, 'sl_hard_delta': 0.036998245871933615, 'tp': 0.04310350832060598, 'gate_pct': 95.95343074681206, 'dd_limit': 0.7899894121384478, 'cooldown': 20, 'flip': True, 'en_ema_trend': True, 'ema_trend_fast': 93, 'ema_trend_slow': 176, 'en_sma_trend': True, 'sma_trend_fast': 187, 'sma_trend_slow': 164, 'en_macd': True, 'macd_fast': 60, 'macd_slow': 85, 'macd_signal': 83, 'en_vwap': True, 'en_keltner': True, 'keltner_n': 17, 'keltner_m': 4.0, 'en_obv': True, 'obv_slope': 110, 'en_cci': False, 'cci_n': 98, 'cci_threshold': 250, 'en_rsi': False, 'rsi_n': 75, 'rsi_lower': 13, 'rsi_upper': 68, 'en_stochastic': False, 'stochastic_n': 26, 'stochastic_d': 27, 'stochastic_lower': 38, 'stochastic_upper': 72, 'en_mfi': False, 'mfi_n': 59, 'mfi_lower': 46, 'mfi_upper': 59, 'en_bollinger': False, 'bollinger_n': 40, 'bollinger_k': 1.7000000000000002, 'en_adx': False, 'adx_n': 24, 'adx_threshold': 53, 'en_structure_trend': True, 'structure_trend_swing_l': 2, 'en_order_block': False, 'order_block_swing_l': 19, 'en_fvg': True, 'fvg_lookback': 40, 'en_ifvg': False, 'en_breaker': True, 'breaker_swing_l': 8, 'en_cisd': False, 'k': 5, 'en_cap_bars': True, 'cap_1min': 249}.
[I 2026-07-13 15:02:37,049] Trial 349 pruned. 
[I 2026-07-13 15:02:38,836] Trial 350 pruned. 
[I 2026-07-13 15:02:40,133] Trial 351 pruned. 
[I 2026-07-13 15:02:40,741] Trial 352 pruned. 
[I 2026-07-13 15:02:41,991] Trial 353 pruned. 
[I 2026-07-13 15:02:43,860] Trial 354 pruned. 
[I 2026-07-13 15:02:44,829] Trial 355 pruned. 
[I 2026-07-13 15:02:47,007] Trial 356 pruned. 
[I 2026-07-13 15:02:48,775] Trial 357 pruned. 
[I 2026-07-13 15:02:50,879] Trial 358 pruned. 
[I 2026-07-13 15:02:54,346] Trial 359 pruned. 
[I 2026-07-13 15:02:54,559] Trial 360 pruned. 
[I 2026-07-13 15:02:56,227] Trial 361 pruned. 
[I 2026-07-13 15:02:57,227] Trial 362 pruned. 
[I 2026-07-13 15:02:58,552] Trial 363 pruned. 
[I 2026-07-13 15:02:59,697] Trial 364 pruned. 
[I 2026-07-13 15:03:00,672] Trial 365 pruned. 
[I 2026-07-13 15:03:04,860] Trial 366 finished with values: [-765.4967009121449, -5381.688639693422, 38.75] and parameters: {'sl_soft': 0.016618099006529892, 'sl_hard_delta': 0.01676780868870991, 'tp': 0.04216136027292464, 'gate_pct': 99.47218267450155, 'dd_limit': 9.50807718589736, 'cooldown': 10, 'flip': False, 'en_ema_trend': True, 'ema_trend_fast': 84, 'ema_trend_slow': 161, 'en_sma_trend': True, 'sma_trend_fast': 353, 'sma_trend_slow': 141, 'en_macd': True, 'macd_fast': 83, 'macd_slow': 18, 'macd_signal': 82, 'en_vwap': True, 'en_keltner': False, 'keltner_n': 39, 'keltner_m': 2.6, 'en_obv': True, 'obv_slope': 30, 'en_cci': True, 'cci_n': 4, 'cci_threshold': 300, 'en_rsi': True, 'rsi_n': 31, 'rsi_lower': 15, 'rsi_upper': 89, 'en_stochastic': False, 'stochastic_n': 77, 'stochastic_d': 29, 'stochastic_lower': 23, 'stochastic_upper': 97, 'en_mfi': True, 'mfi_n': 62, 'mfi_lower': 1, 'mfi_upper': 64, 'en_bollinger': True, 'bollinger_n': 49, 'bollinger_k': 4.300000000000001, 'en_adx': False, 'adx_n': 41, 'adx_threshold': 38, 'en_structure_trend': False, 'structure_trend_swing_l': 11, 'en_order_block': False, 'order_block_swing_l': 4, 'en_fvg': True, 'fvg_lookback': 50, 'en_ifvg': False, 'en_breaker': False, 'breaker_swing_l': 5, 'en_cisd': True, 'k': 2, 'en_cap_bars': False, 'cap_1min': 1134}.
[I 2026-07-13 15:03:05,639] Trial 367 pruned. 
[I 2026-07-13 15:03:06,992] Trial 368 pruned. 
[I 2026-07-13 15:03:09,574] Trial 369 finished with values: [-622.7289449676298, -1829.7913310777137, 51.55] and parameters: {'sl_soft': 0.01239372502010468, 'sl_hard_delta': 0.032283188215272624, 'tp': 0.023258156370033756, 'gate_pct': 99.52194572971088, 'dd_limit': 3.8524500851165895, 'cooldown': 20, 'flip': True, 'en_ema_trend': True, 'ema_trend_fast': 323, 'ema_trend_slow': 136, 'en_sma_trend': True, 'sma_trend_fast': 222, 'sma_trend_slow': 16, 'en_macd': False, 'macd_fast': 64, 'macd_slow': 11, 'macd_signal': 18, 'en_vwap': True, 'en_keltner': False, 'keltner_n': 56, 'keltner_m': 0.5, 'en_obv': True, 'obv_slope': 72, 'en_cci': False, 'cci_n': 7, 'cci_threshold': 145, 'en_rsi': False, 'rsi_n': 91, 'rsi_lower': 36, 'rsi_upper': 89, 'en_stochastic': False, 'stochastic_n': 55, 'stochastic_d': 2, 'stochastic_lower': 1, 'stochastic_upper': 89, 'en_mfi': False, 'mfi_n': 84, 'mfi_lower': 35, 'mfi_upper': 57, 'en_bollinger': False, 'bollinger_n': 139, 'bollinger_k': 1.4, 'en_adx': False, 'adx_n': 32, 'adx_threshold': 49, 'en_structure_trend': True, 'structure_trend_swing_l': 3, 'en_order_block': False, 'order_block_swing_l': 4, 'en_fvg': False, 'fvg_lookback': 32, 'en_ifvg': True, 'en_breaker': True, 'breaker_swing_l': 15, 'en_cisd': False, 'k': 1, 'en_cap_bars': True, 'cap_1min': 753}.
[I 2026-07-13 15:03:10,094] Trial 370 pruned. 
[I 2026-07-13 15:03:12,131] Trial 371 pruned. 
[I 2026-07-13 15:03:12,880] Trial 372 pruned. 
[I 2026-07-13 15:03:14,094] Trial 373 pruned. 
[I 2026-07-13 15:03:22,635] Trial 374 finished with values: [-176.53337182812479, -1048.954647103706, 53.55] and parameters: {'sl_soft': 0.016801614678568503, 'sl_hard_delta': 0.01621542066297969, 'tp': 0.020063237332449173, 'gate_pct': 97.63944028945558, 'dd_limit': 0.6268932004087474, 'cooldown': 12, 'flip': True, 'en_ema_trend': True, 'ema_trend_fast': 272, 'ema_trend_slow': 41, 'en_sma_trend': False, 'sma_trend_fast': 196, 'sma_trend_slow': 58, 'en_macd': False, 'macd_fast': 42, 'macd_slow': 3, 'macd_signal': 44, 'en_vwap': True, 'en_keltner': True, 'keltner_n': 123, 'keltner_m': 1.9000000000000001, 'en_obv': True, 'obv_slope': 38, 'en_cci': False, 'cci_n': 10, 'cci_threshold': 255, 'en_rsi': False, 'rsi_n': 83, 'rsi_lower': 22, 'rsi_upper': 79, 'en_stochastic': True, 'stochastic_n': 77, 'stochastic_d': 1, 'stochastic_lower': 33, 'stochastic_upper': 61, 'en_mfi': False, 'mfi_n': 67, 'mfi_lower': 12, 'mfi_upper': 90, 'en_bollinger': True, 'bollinger_n': 81, 'bollinger_k': 2.6, 'en_adx': False, 'adx_n': 96, 'adx_threshold': 50, 'en_structure_trend': False, 'structure_trend_swing_l': 5, 'en_order_block': True, 'order_block_swing_l': 4, 'en_fvg': True, 'fvg_lookback': 16, 'en_ifvg': True, 'en_breaker': False, 'breaker_swing_l': 15, 'en_cisd': False, 'k': 1, 'en_cap_bars': False, 'cap_1min': 6}.
[I 2026-07-13 15:03:24,234] Trial 375 pruned. 
[I 2026-07-13 15:03:24,982] Trial 376 pruned. 
[I 2026-07-13 15:03:25,966] Trial 377 pruned. 
[I 2026-07-13 15:03:27,535] Trial 378 pruned. 
[I 2026-07-13 15:03:28,525] Trial 379 pruned. 
[I 2026-07-13 15:03:30,040] Trial 380 pruned. 
[I 2026-07-13 15:03:30,648] Trial 381 pruned. 
[I 2026-07-13 15:03:31,721] Trial 382 pruned. 
[I 2026-07-13 15:03:33,699] Trial 383 pruned. 
[I 2026-07-13 15:03:35,216] Trial 384 pruned. 
[I 2026-07-13 15:03:35,610] Trial 385 pruned. 
[I 2026-07-13 15:03:37,321] Trial 386 pruned. 
[I 2026-07-13 15:03:38,502] Trial 387 pruned. 
[I 2026-07-13 15:03:40,132] Trial 388 pruned. 
[I 2026-07-13 15:03:41,410] Trial 389 pruned. 
[I 2026-07-13 15:03:42,005] Trial 390 pruned. 
[I 2026-07-13 15:03:43,287] Trial 391 pruned. 
[I 2026-07-13 15:03:44,317] Trial 392 pruned. 
[I 2026-07-13 15:03:45,493] Trial 393 pruned. 
[I 2026-07-13 15:03:47,378] Trial 394 pruned. 
[I 2026-07-13 15:03:48,892] Trial 395 pruned. 
[I 2026-07-13 15:03:49,784] Trial 396 pruned. 
[I 2026-07-13 15:03:58,494] Trial 397 finished with values: [-304.43492586638143, -789.3762988187448, 54.2] and parameters: {'sl_soft': 0.022870414184013504, 'sl_hard_delta': 0.0260672156978601, 'tp': 0.02033764776488673, 'gate_pct': 97.81683336946006, 'dd_limit': 0.23735305616742414, 'cooldown': 27, 'flip': False, 'en_ema_trend': True, 'ema_trend_fast': 206, 'ema_trend_slow': 250, 'en_sma_trend': False, 'sma_trend_fast': 32, 'sma_trend_slow': 245, 'en_macd': False, 'macd_fast': 81, 'macd_slow': 22, 'macd_signal': 6, 'en_vwap': True, 'en_keltner': True, 'keltner_n': 172, 'keltner_m': 4.7, 'en_obv': False, 'obv_slope': 157, 'en_cci': True, 'cci_n': 6, 'cci_threshold': 295, 'en_rsi': False, 'rsi_n': 68, 'rsi_lower': 25, 'rsi_upper': 72, 'en_stochastic': True, 'stochastic_n': 24, 'stochastic_d': 6, 'stochastic_lower': 16, 'stochastic_upper': 66, 'en_mfi': False, 'mfi_n': 15, 'mfi_lower': 2, 'mfi_upper': 79, 'en_bollinger': True, 'bollinger_n': 122, 'bollinger_k': 3.9000000000000004, 'en_adx': False, 'adx_n': 64, 'adx_threshold': 12, 'en_structure_trend': True, 'structure_trend_swing_l': 13, 'en_order_block': True, 'order_block_swing_l': 15, 'en_fvg': False, 'fvg_lookback': 19, 'en_ifvg': False, 'en_breaker': True, 'breaker_swing_l': 11, 'en_cisd': True, 'k': 2, 'en_cap_bars': True, 'cap_1min': 483}.
[I 2026-07-13 15:03:59,855] Trial 398 pruned. 
[I 2026-07-13 15:04:01,017] Trial 399 pruned. 
