[I 2026-07-13 16:15:23,013] Trial 2972 finished with values: [5706.283106634552, -1158.2049595377025, 35.3] and parameters: {'sl_soft': 0.012449898143873723, 'sl_hard_delta': 0.0027263521951513352, 'tp': 0.044694053584836385, 'gate_pct': 86.42595282114276, 'dd_limit': 0.7899894121384478, 'cooldown': 0, 'flip': True, 'en_ema_trend': True, 'ema_trend_fast': 205, 'ema_trend_slow': 350, 'en_sma_trend': False, 'sma_trend_fast': 125, 'sma_trend_slow': 222, 'en_macd': True, 'macd_fast': 82, 'macd_slow': 191, 'macd_signal': 83, 'en_vwap': True, 'en_keltner': True, 'keltner_n': 17, 'keltner_m': 4.8, 'en_obv': False, 'obv_slope': 36, 'en_cci': False, 'cci_n': 32, 'cci_threshold': 275, 'en_rsi': False, 'rsi_n': 42, 'rsi_lower': 18, 'rsi_upper': 74, 'en_stochastic': False, 'stochastic_n': 13, 'stochastic_d': 27, 'stochastic_lower': 36, 'stochastic_upper': 93, 'en_mfi': False, 'mfi_n': 45, 'mfi_lower': 46, 'mfi_upper': 84, 'en_bollinger': False, 'bollinger_n': 127, 'bollinger_k': 4.8, 'en_adx': False, 'adx_n': 79, 'adx_threshold': 26, 'en_structure_trend': False, 'structure_trend_swing_l': 7, 'en_order_block': True, 'order_block_swing_l': 4, 'en_fvg': False, 'fvg_lookback': 40, 'en_ifvg': True, 'en_breaker': False, 'breaker_swing_l': 1, 'en_cisd': False, 'k': 2, 'en_cap_bars': True, 'cap_1min': 77}.
[I 2026-07-13 16:15:23,715] Trial 2973 finished with values: [3484.5721905880296, -1163.906344289243, 49.75] and parameters: {'sl_soft': 0.023138233233501303, 'sl_hard_delta': 0.0027263521951513352, 'tp': 0.044694053584836385, 'gate_pct': 86.42595282114276, 'dd_limit': 0.5820363533127576, 'cooldown': 0, 'flip': True, 'en_ema_trend': True, 'ema_trend_fast': 360, 'ema_trend_slow': 350, 'en_sma_trend': True, 'sma_trend_fast': 89, 'sma_trend_slow': 222, 'en_macd': False, 'macd_fast': 60, 'macd_slow': 191, 'macd_signal': 83, 'en_vwap': True, 'en_keltner': True, 'keltner_n': 17, 'keltner_m': 1.2000000000000002, 'en_obv': False, 'obv_slope': 192, 'en_cci': True, 'cci_n': 32, 'cci_threshold': 275, 'en_rsi': True, 'rsi_n': 42, 'rsi_lower': 18, 'rsi_upper': 74, 'en_stochastic': True, 'stochastic_n': 13, 'stochastic_d': 27, 'stochastic_lower': 16, 'stochastic_upper': 93, 'en_mfi': False, 'mfi_n': 7, 'mfi_lower': 46, 'mfi_upper': 59, 'en_bollinger': False, 'bollinger_n': 112, 'bollinger_k': 4.8, 'en_adx': False, 'adx_n': 27, 'adx_threshold': 26, 'en_structure_trend': False, 'structure_trend_swing_l': 7, 'en_order_block': True, 'order_block_swing_l': 4, 'en_fvg': False, 'fvg_lookback': 14, 'en_ifvg': True, 'en_breaker': False, 'breaker_swing_l': 11, 'en_cisd': False, 'k': 2, 'en_cap_bars': False, 'cap_1min': 77}.
[I 2026-07-13 16:15:29,955] Trial 2974 finished with values: [2628.1911188913305, -1234.2575170139, 51.45] and parameters: {'sl_soft': 0.023138233233501303, 'sl_hard_delta': 0.0027263521951513352, 'tp': 0.044694053584836385, 'gate_pct': 86.42595282114276, 'dd_limit': 0.7899894121384478, 'cooldown': 0, 'flip': True, 'en_ema_trend': True, 'ema_trend_fast': 205, 'ema_trend_slow': 350, 'en_sma_trend': True, 'sma_trend_fast': 89, 'sma_trend_slow': 222, 'en_macd': True, 'macd_fast': 100, 'macd_slow': 127, 'macd_signal': 83, 'en_vwap': True, 'en_keltner': False, 'keltner_n': 17, 'keltner_m': 1.2000000000000002, 'en_obv': False, 'obv_slope': 177, 'en_cci': True, 'cci_n': 177, 'cci_threshold': 275, 'en_rsi': True, 'rsi_n': 42, 'rsi_lower': 18, 'rsi_upper': 74, 'en_stochastic': True, 'stochastic_n': 13, 'stochastic_d': 8, 'stochastic_lower': 16, 'stochastic_upper': 93, 'en_mfi': False, 'mfi_n': 72, 'mfi_lower': 46, 'mfi_upper': 95, 'en_bollinger': False, 'bollinger_n': 198, 'bollinger_k': 4.8, 'en_adx': False, 'adx_n': 26, 'adx_threshold': 40, 'en_structure_trend': False, 'structure_trend_swing_l': 20, 'en_order_block': True, 'order_block_swing_l': 4, 'en_fvg': True, 'fvg_lookback': 40, 'en_ifvg': True, 'en_breaker': False, 'breaker_swing_l': 11, 'en_cisd': False, 'k': 2, 'en_cap_bars': True, 'cap_1min': 77}.
[I 2026-07-13 16:15:30,463] Trial 2975 finished with values: [2522.27926275852, -1558.1600400447817, 57.55] and parameters: {'sl_soft': 0.023138233233501303, 'sl_hard_delta': 0.0027263521951513352, 'tp': 0.038168386710402305, 'gate_pct': 86.42595282114276, 'dd_limit': 0.5820363533127576, 'cooldown': 0, 'flip': True, 'en_ema_trend': False, 'ema_trend_fast': 205, 'ema_trend_slow': 187, 'en_sma_trend': True, 'sma_trend_fast': 89, 'sma_trend_slow': 222, 'en_macd': True, 'macd_fast': 82, 'macd_slow': 127, 'macd_signal': 83, 'en_vwap': False, 'en_keltner': True, 'keltner_n': 87, 'keltner_m': 4.8, 'en_obv': False, 'obv_slope': 124, 'en_cci': False, 'cci_n': 32, 'cci_threshold': 250, 'en_rsi': True, 'rsi_n': 42, 'rsi_lower': 18, 'rsi_upper': 74, 'en_stochastic': True, 'stochastic_n': 11, 'stochastic_d': 27, 'stochastic_lower': 16, 'stochastic_upper': 93, 'en_mfi': False, 'mfi_n': 7, 'mfi_lower': 46, 'mfi_upper': 84, 'en_bollinger': False, 'bollinger_n': 127, 'bollinger_k': 3.4000000000000004, 'en_adx': False, 'adx_n': 79, 'adx_threshold': 8, 'en_structure_trend': False, 'structure_trend_swing_l': 7, 'en_order_block': True, 'order_block_swing_l': 4, 'en_fvg': True, 'fvg_lookback': 40, 'en_ifvg': True, 'en_breaker': False, 'breaker_swing_l': 3, 'en_cisd': True, 'k': 2, 'en_cap_bars': False, 'cap_1min': 77}.
[I 2026-07-13 16:15:31,035] Trial 2976 finished with values: [2783.787657531817, -1353.224188980987, 55.95] and parameters: {'sl_soft': 0.023138233233501303, 'sl_hard_delta': 0.0027263521951513352, 'tp': 0.03279738638812957, 'gate_pct': 86.42595282114276, 'dd_limit': 0.5820363533127576, 'cooldown': 0, 'flip': True, 'en_ema_trend': False, 'ema_trend_fast': 205, 'ema_trend_slow': 187, 'en_sma_trend': False, 'sma_trend_fast': 89, 'sma_trend_slow': 222, 'en_macd': True, 'macd_fast': 82, 'macd_slow': 191, 'macd_signal': 83, 'en_vwap': False, 'en_keltner': True, 'keltner_n': 17, 'keltner_m': 1.2000000000000002, 'en_obv': False, 'obv_slope': 36, 'en_cci': True, 'cci_n': 32, 'cci_threshold': 250, 'en_rsi': False, 'rsi_n': 42, 'rsi_lower': 34, 'rsi_upper': 68, 'en_stochastic': True, 'stochastic_n': 11, 'stochastic_d': 27, 'stochastic_lower': 16, 'stochastic_upper': 93, 'en_mfi': False, 'mfi_n': 45, 'mfi_lower': 46, 'mfi_upper': 84, 'en_bollinger': False, 'bollinger_n': 127, 'bollinger_k': 3.4000000000000004, 'en_adx': False, 'adx_n': 27, 'adx_threshold': 29, 'en_structure_trend': False, 'structure_trend_swing_l': 7, 'en_order_block': True, 'order_block_swing_l': 4, 'en_fvg': False, 'fvg_lookback': 40, 'en_ifvg': True, 'en_breaker': False, 'breaker_swing_l': 11, 'en_cisd': False, 'k': 2, 'en_cap_bars': True, 'cap_1min': 77}.
[I 2026-07-13 16:15:32,082] Trial 2977 finished with values: [8859.630097033247, -1798.3484649371214, 35.650000000000006] and parameters: {'sl_soft': 0.012449898143873723, 'sl_hard_delta': 0.0027263521951513352, 'tp': 0.03784160265645054, 'gate_pct': 95.95343074681206, 'dd_limit': 0.7899894121384478, 'cooldown': 0, 'flip': True, 'en_ema_trend': False, 'ema_trend_fast': 205, 'ema_trend_slow': 176, 'en_sma_trend': False, 'sma_trend_fast': 187, 'sma_trend_slow': 222, 'en_macd': True, 'macd_fast': 82, 'macd_slow': 191, 'macd_signal': 28, 'en_vwap': True, 'en_keltner': True, 'keltner_n': 87, 'keltner_m': 4.8, 'en_obv': True, 'obv_slope': 36, 'en_cci': False, 'cci_n': 32, 'cci_threshold': 275, 'en_rsi': True, 'rsi_n': 42, 'rsi_lower': 18, 'rsi_upper': 74, 'en_stochastic': False, 'stochastic_n': 7, 'stochastic_d': 27, 'stochastic_lower': 20, 'stochastic_upper': 72, 'en_mfi': False, 'mfi_n': 72, 'mfi_lower': 46, 'mfi_upper': 84, 'en_bollinger': False, 'bollinger_n': 40, 'bollinger_k': 4.8, 'en_adx': False, 'adx_n': 79, 'adx_threshold': 53, 'en_structure_trend': False, 'structure_trend_swing_l': 7, 'en_order_block': True, 'order_block_swing_l': 4, 'en_fvg': False, 'fvg_lookback': 40, 'en_ifvg': False, 'en_breaker': False, 'breaker_swing_l': 3, 'en_cisd': False, 'k': 2, 'en_cap_bars': False, 'cap_1min': 178}.
[I 2026-07-13 16:15:32,964] Trial 2978 finished with values: [494.0648932098311, -1650.896671125608, 52.25] and parameters: {'sl_soft': 0.02578091656329544, 'sl_hard_delta': 0.0027263521951513352, 'tp': 0.03279738638812957, 'gate_pct': 86.42595282114276, 'dd_limit': 0.5820363533127576, 'cooldown': 0, 'flip': True, 'en_ema_trend': True, 'ema_trend_fast': 360, 'ema_trend_slow': 350, 'en_sma_trend': False, 'sma_trend_fast': 89, 'sma_trend_slow': 222, 'en_macd': True, 'macd_fast': 88, 'macd_slow': 127, 'macd_signal': 83, 'en_vwap': False, 'en_keltner': False, 'keltner_n': 17, 'keltner_m': 1.2000000000000002, 'en_obv': False, 'obv_slope': 36, 'en_cci': True, 'cci_n': 32, 'cci_threshold': 275, 'en_rsi': False, 'rsi_n': 68, 'rsi_lower': 18, 'rsi_upper': 68, 'en_stochastic': True, 'stochastic_n': 13, 'stochastic_d': 49, 'stochastic_lower': 9, 'stochastic_upper': 93, 'en_mfi': False, 'mfi_n': 45, 'mfi_lower': 46, 'mfi_upper': 85, 'en_bollinger': False, 'bollinger_n': 112, 'bollinger_k': 1.7000000000000002, 'en_adx': False, 'adx_n': 27, 'adx_threshold': 8, 'en_structure_trend': False, 'structure_trend_swing_l': 7, 'en_order_block': True, 'order_block_swing_l': 4, 'en_fvg': True, 'fvg_lookback': 40, 'en_ifvg': True, 'en_breaker': False, 'breaker_swing_l': 11, 'en_cisd': False, 'k': 2, 'en_cap_bars': False, 'cap_1min': 77}.
[I 2026-07-13 16:15:33,433] Trial 2979 finished with values: [3643.5434284383555, -1062.33752373171, 39.0] and parameters: {'sl_soft': 0.012449898143873723, 'sl_hard_delta': 0.0027263521951513352, 'tp': 0.03784160265645054, 'gate_pct': 86.42595282114276, 'dd_limit': 0.5820363533127576, 'cooldown': 0, 'flip': True, 'en_ema_trend': False, 'ema_trend_fast': 205, 'ema_trend_slow': 350, 'en_sma_trend': True, 'sma_trend_fast': 89, 'sma_trend_slow': 222, 'en_macd': False, 'macd_fast': 60, 'macd_slow': 127, 'macd_signal': 83, 'en_vwap': True, 'en_keltner': False, 'keltner_n': 17, 'keltner_m': 1.2000000000000002, 'en_obv': False, 'obv_slope': 36, 'en_cci': True, 'cci_n': 32, 'cci_threshold': 250, 'en_rsi': False, 'rsi_n': 42, 'rsi_lower': 18, 'rsi_upper': 74, 'en_stochastic': False, 'stochastic_n': 13, 'stochastic_d': 19, 'stochastic_lower': 16, 'stochastic_upper': 72, 'en_mfi': False, 'mfi_n': 45, 'mfi_lower': 46, 'mfi_upper': 84, 'en_bollinger': False, 'bollinger_n': 127, 'bollinger_k': 4.8, 'en_adx': False, 'adx_n': 26, 'adx_threshold': 26, 'en_structure_trend': False, 'structure_trend_swing_l': 7, 'en_order_block': True, 'order_block_swing_l': 4, 'en_fvg': True, 'fvg_lookback': 14, 'en_ifvg': False, 'en_breaker': True, 'breaker_swing_l': 3, 'en_cisd': False, 'k': 2, 'en_cap_bars': True, 'cap_1min': 77}.
[I 2026-07-13 16:15:35,004] Trial 2980 finished with values: [1537.3807587980612, -1384.5951944426108, 58.8] and parameters: {'sl_soft': 0.02362086408675569, 'sl_hard_delta': 0.0027263521951513352, 'tp': 0.03279738638812957, 'gate_pct': 86.42595282114276, 'dd_limit': 0.5820363533127576, 'cooldown': 0, 'flip': True, 'en_ema_trend': True, 'ema_trend_fast': 205, 'ema_trend_slow': 298, 'en_sma_trend': False, 'sma_trend_fast': 89, 'sma_trend_slow': 371, 'en_macd': True, 'macd_fast': 82, 'macd_slow': 191, 'macd_signal': 83, 'en_vwap': False, 'en_keltner': True, 'keltner_n': 17, 'keltner_m': 1.2000000000000002, 'en_obv': False, 'obv_slope': 36, 'en_cci': True, 'cci_n': 32, 'cci_threshold': 250, 'en_rsi': True, 'rsi_n': 42, 'rsi_lower': 34, 'rsi_upper': 68, 'en_stochastic': True, 'stochastic_n': 13, 'stochastic_d': 27, 'stochastic_lower': 20, 'stochastic_upper': 93, 'en_mfi': False, 'mfi_n': 7, 'mfi_lower': 46, 'mfi_upper': 84, 'en_bollinger': False, 'bollinger_n': 112, 'bollinger_k': 4.8, 'en_adx': False, 'adx_n': 26, 'adx_threshold': 8, 'en_structure_trend': False, 'structure_trend_swing_l': 7, 'en_order_block': True, 'order_block_swing_l': 4, 'en_fvg': True, 'fvg_lookback': 40, 'en_ifvg': True, 'en_breaker': False, 'breaker_swing_l': 11, 'en_cisd': False, 'k': 2, 'en_cap_bars': False, 'cap_1min': 249}.
[I 2026-07-13 16:15:41,458] Trial 2981 finished with values: [1831.3641730209795, -1750.219948543048, 32.599999999999994] and parameters: {'sl_soft': 0.012449898143873723, 'sl_hard_delta': 0.0027263521951513352, 'tp': 0.03784160265645054, 'gate_pct': 95.95343074681206, 'dd_limit': 0.7899894121384478, 'cooldown': 0, 'flip': True, 'en_ema_trend': False, 'ema_trend_fast': 205, 'ema_trend_slow': 350, 'en_sma_trend': True, 'sma_trend_fast': 89, 'sma_trend_slow': 222, 'en_macd': True, 'macd_fast': 100, 'macd_slow': 127, 'macd_signal': 83, 'en_vwap': False, 'en_keltner': False, 'keltner_n': 87, 'keltner_m': 1.2000000000000002, 'en_obv': False, 'obv_slope': 36, 'en_cci': False, 'cci_n': 32, 'cci_threshold': 275, 'en_rsi': True, 'rsi_n': 42, 'rsi_lower': 18, 'rsi_upper': 68, 'en_stochastic': True, 'stochastic_n': 7, 'stochastic_d': 49, 'stochastic_lower': 20, 'stochastic_upper': 72, 'en_mfi': False, 'mfi_n': 72, 'mfi_lower': 46, 'mfi_upper': 84, 'en_bollinger': False, 'bollinger_n': 127, 'bollinger_k': 4.8, 'en_adx': False, 'adx_n': 26, 'adx_threshold': 29, 'en_structure_trend': False, 'structure_trend_swing_l': 7, 'en_order_block': True, 'order_block_swing_l': 4, 'en_fvg': False, 'fvg_lookback': 40, 'en_ifvg': False, 'en_breaker': False, 'breaker_swing_l': 3, 'en_cisd': False, 'k': 2, 'en_cap_bars': False, 'cap_1min': 77}.
[I 2026-07-13 16:15:44,263] Trial 2982 finished with values: [1054.3697908061133, -1028.1911436485557, 34.55] and parameters: {'sl_soft': 0.012449898143873723, 'sl_hard_delta': 0.0027263521951513352, 'tp': 0.044694053584836385, 'gate_pct': 95.95343074681206, 'dd_limit': 0.7899894121384478, 'cooldown': 0, 'flip': True, 'en_ema_trend': False, 'ema_trend_fast': 205, 'ema_trend_slow': 350, 'en_sma_trend': True, 'sma_trend_fast': 89, 'sma_trend_slow': 242, 'en_macd': True, 'macd_fast': 45, 'macd_slow': 127, 'macd_signal': 28, 'en_vwap': True, 'en_keltner': True, 'keltner_n': 7, 'keltner_m': 1.2000000000000002, 'en_obv': False, 'obv_slope': 177, 'en_cci': False, 'cci_n': 32, 'cci_threshold': 275, 'en_rsi': True, 'rsi_n': 42, 'rsi_lower': 34, 'rsi_upper': 68, 'en_stochastic': True, 'stochastic_n': 13, 'stochastic_d': 27, 'stochastic_lower': 16, 'stochastic_upper': 72, 'en_mfi': False, 'mfi_n': 45, 'mfi_lower': 1, 'mfi_upper': 84, 'en_bollinger': False, 'bollinger_n': 55, 'bollinger_k': 4.8, 'en_adx': False, 'adx_n': 26, 'adx_threshold': 40, 'en_structure_trend': False, 'structure_trend_swing_l': 20, 'en_order_block': True, 'order_block_swing_l': 4, 'en_fvg': True, 'fvg_lookback': 40, 'en_ifvg': True, 'en_breaker': False, 'breaker_swing_l': 11, 'en_cisd': True, 'k': 2, 'en_cap_bars': False, 'cap_1min': 77}.
[I 2026-07-13 16:15:45,240] Trial 2983 finished with values: [4083.1878596124234, -835.6840005574659, 42.65] and parameters: {'sl_soft': 0.012449898143873723, 'sl_hard_delta': 0.0027263521951513352, 'tp': 0.03784160265645054, 'gate_pct': 86.42595282114276, 'dd_limit': 0.5820363533127576, 'cooldown': 0, 'flip': True, 'en_ema_trend': False, 'ema_trend_fast': 205, 'ema_trend_slow': 350, 'en_sma_trend': True, 'sma_trend_fast': 89, 'sma_trend_slow': 222, 'en_macd': True, 'macd_fast': 100, 'macd_slow': 127, 'macd_signal': 83, 'en_vwap': True, 'en_keltner': True, 'keltner_n': 87, 'keltner_m': 4.8, 'en_obv': False, 'obv_slope': 36, 'en_cci': False, 'cci_n': 32, 'cci_threshold': 275, 'en_rsi': False, 'rsi_n': 42, 'rsi_lower': 19, 'rsi_upper': 68, 'en_stochastic': True, 'stochastic_n': 7, 'stochastic_d': 27, 'stochastic_lower': 16, 'stochastic_upper': 93, 'en_mfi': False, 'mfi_n': 7, 'mfi_lower': 1, 'mfi_upper': 84, 'en_bollinger': False, 'bollinger_n': 127, 'bollinger_k': 3.4000000000000004, 'en_adx': False, 'adx_n': 79, 'adx_threshold': 29, 'en_structure_trend': False, 'structure_trend_swing_l': 7, 'en_order_block': True, 'order_block_swing_l': 4, 'en_fvg': False, 'fvg_lookback': 40, 'en_ifvg': True, 'en_breaker': False, 'breaker_swing_l': 3, 'en_cisd': True, 'k': 2, 'en_cap_bars': False, 'cap_1min': 77}.
[I 2026-07-13 16:15:45,922] Trial 2984 finished with values: [841.2692071841652, -2353.143601329606, 49.75] and parameters: {'sl_soft': 0.023138233233501303, 'sl_hard_delta': 0.0027263521951513352, 'tp': 0.03279738638812957, 'gate_pct': 95.95343074681206, 'dd_limit': 0.7899894121384478, 'cooldown': 0, 'flip': True, 'en_ema_trend': False, 'ema_trend_fast': 205, 'ema_trend_slow': 176, 'en_sma_trend': False, 'sma_trend_fast': 89, 'sma_trend_slow': 222, 'en_macd': False, 'macd_fast': 82, 'macd_slow': 127, 'macd_signal': 64, 'en_vwap': True, 'en_keltner': True, 'keltner_n': 87, 'keltner_m': 1.2000000000000002, 'en_obv': True, 'obv_slope': 177, 'en_cci': True, 'cci_n': 32, 'cci_threshold': 275, 'en_rsi': True, 'rsi_n': 42, 'rsi_lower': 34, 'rsi_upper': 68, 'en_stochastic': True, 'stochastic_n': 13, 'stochastic_d': 27, 'stochastic_lower': 20, 'stochastic_upper': 93, 'en_mfi': False, 'mfi_n': 7, 'mfi_lower': 46, 'mfi_upper': 84, 'en_bollinger': False, 'bollinger_n': 40, 'bollinger_k': 4.8, 'en_adx': False, 'adx_n': 26, 'adx_threshold': 8, 'en_structure_trend': False, 'structure_trend_swing_l': 7, 'en_order_block': True, 'order_block_swing_l': 4, 'en_fvg': True, 'fvg_lookback': 40, 'en_ifvg': True, 'en_breaker': False, 'breaker_swing_l': 3, 'en_cisd': False, 'k': 2, 'en_cap_bars': False, 'cap_1min': 249}.
[I 2026-07-13 16:15:46,451] Trial 2985 finished with values: [506.45012534520356, -988.4367358586843, 35.1] and parameters: {'sl_soft': 0.012449898143873723, 'sl_hard_delta': 0.0027263521951513352, 'tp': 0.03784160265645054, 'gate_pct': 86.42595282114276, 'dd_limit': 0.5820363533127576, 'cooldown': 0, 'flip': True, 'en_ema_trend': False, 'ema_trend_fast': 205, 'ema_trend_slow': 350, 'en_sma_trend': True, 'sma_trend_fast': 187, 'sma_trend_slow': 222, 'en_macd': True, 'macd_fast': 100, 'macd_slow': 127, 'macd_signal': 83, 'en_vwap': True, 'en_keltner': True, 'keltner_n': 87, 'keltner_m': 4.8, 'en_obv': True, 'obv_slope': 36, 'en_cci': True, 'cci_n': 32, 'cci_threshold': 275, 'en_rsi': True, 'rsi_n': 42, 'rsi_lower': 34, 'rsi_upper': 68, 'en_stochastic': True, 'stochastic_n': 7, 'stochastic_d': 27, 'stochastic_lower': 16, 'stochastic_upper': 72, 'en_mfi': False, 'mfi_n': 72, 'mfi_lower': 46, 'mfi_upper': 84, 'en_bollinger': False, 'bollinger_n': 127, 'bollinger_k': 4.8, 'en_adx': False, 'adx_n': 79, 'adx_threshold': 53, 'en_structure_trend': False, 'structure_trend_swing_l': 7, 'en_order_block': True, 'order_block_swing_l': 4, 'en_fvg': False, 'fvg_lookback': 40, 'en_ifvg': True, 'en_breaker': False, 'breaker_swing_l': 3, 'en_cisd': False, 'k': 2, 'en_cap_bars': False, 'cap_1min': 178}.
[I 2026-07-13 16:15:47,591] Trial 2986 finished with values: [5086.43498647844, -2537.9732956125017, 45.7] and parameters: {'sl_soft': 0.023138233233501303, 'sl_hard_delta': 0.0027263521951513352, 'tp': 0.03784160265645054, 'gate_pct': 86.42595282114276, 'dd_limit': 0.7899894121384478, 'cooldown': 0, 'flip': True, 'en_ema_trend': False, 'ema_trend_fast': 205, 'ema_trend_slow': 350, 'en_sma_trend': False, 'sma_trend_fast': 125, 'sma_trend_slow': 222, 'en_macd': True, 'macd_fast': 60, 'macd_slow': 127, 'macd_signal': 83, 'en_vwap': True, 'en_keltner': True, 'keltner_n': 17, 'keltner_m': 4.8, 'en_obv': False, 'obv_slope': 36, 'en_cci': True, 'cci_n': 32, 'cci_threshold': 275, 'en_rsi': True, 'rsi_n': 42, 'rsi_lower': 34, 'rsi_upper': 74, 'en_stochastic': False, 'stochastic_n': 13, 'stochastic_d': 27, 'stochastic_lower': 20, 'stochastic_upper': 72, 'en_mfi': False, 'mfi_n': 72, 'mfi_lower': 46, 'mfi_upper': 84, 'en_bollinger': False, 'bollinger_n': 40, 'bollinger_k': 4.8, 'en_adx': False, 'adx_n': 27, 'adx_threshold': 53, 'en_structure_trend': False, 'structure_trend_swing_l': 7, 'en_order_block': True, 'order_block_swing_l': 4, 'en_fvg': False, 'fvg_lookback': 14, 'en_ifvg': False, 'en_breaker': False, 'breaker_swing_l': 3, 'en_cisd': True, 'k': 2, 'en_cap_bars': True, 'cap_1min': 77}.
[I 2026-07-13 16:15:48,848] Trial 2987 finished with values: [8993.660077388608, -1722.467213241999, 35.9] and parameters: {'sl_soft': 0.012449898143873723, 'sl_hard_delta': 0.0027263521951513352, 'tp': 0.03784160265645054, 'gate_pct': 95.95343074681206, 'dd_limit': 0.7899894121384478, 'cooldown': 0, 'flip': True, 'en_ema_trend': True, 'ema_trend_fast': 205, 'ema_trend_slow': 176, 'en_sma_trend': True, 'sma_trend_fast': 187, 'sma_trend_slow': 222, 'en_macd': True, 'macd_fast': 82, 'macd_slow': 127, 'macd_signal': 83, 'en_vwap': True, 'en_keltner': True, 'keltner_n': 17, 'keltner_m': 4.8, 'en_obv': False, 'obv_slope': 177, 'en_cci': True, 'cci_n': 32, 'cci_threshold': 275, 'en_rsi': True, 'rsi_n': 42, 'rsi_lower': 34, 'rsi_upper': 68, 'en_stochastic': False, 'stochastic_n': 7, 'stochastic_d': 49, 'stochastic_lower': 16, 'stochastic_upper': 72, 'en_mfi': False, 'mfi_n': 45, 'mfi_lower': 46, 'mfi_upper': 84, 'en_bollinger': False, 'bollinger_n': 40, 'bollinger_k': 4.8, 'en_adx': False, 'adx_n': 26, 'adx_threshold': 53, 'en_structure_trend': False, 'structure_trend_swing_l': 7, 'en_order_block': True, 'order_block_swing_l': 4, 'en_fvg': False, 'fvg_lookback': 40, 'en_ifvg': False, 'en_breaker': False, 'breaker_swing_l': 11, 'en_cisd': False, 'k': 2, 'en_cap_bars': True, 'cap_1min': 178}.
