[I 2026-07-13 15:48:25,202] Trial 1877 finished with values: [385.4697705055975, -1398.8930148713416, 44.05] and parameters: {'sl_soft': 0.014928926269187476, 'sl_hard_delta': 0.00793963460816193, 'tp': 0.03279738638812957, 'gate_pct': 88.44397898231887, 'dd_limit': 0.5820363533127576, 'cooldown': 5, 'flip': True, 'en_ema_trend': False, 'ema_trend_fast': 360, 'ema_trend_slow': 218, 'en_sma_trend': False, 'sma_trend_fast': 391, 'sma_trend_slow': 19, 'en_macd': True, 'macd_fast': 100, 'macd_slow': 191, 'macd_signal': 57, 'en_vwap': False, 'en_keltner': True, 'keltner_n': 87, 'keltner_m': 1.3, 'en_obv': False, 'obv_slope': 36, 'en_cci': True, 'cci_n': 135, 'cci_threshold': 275, 'en_rsi': False, 'rsi_n': 42, 'rsi_lower': 18, 'rsi_upper': 74, 'en_stochastic': False, 'stochastic_n': 13, 'stochastic_d': 49, 'stochastic_lower': 16, 'stochastic_upper': 76, 'en_mfi': False, 'mfi_n': 87, 'mfi_lower': 1, 'mfi_upper': 85, 'en_bollinger': False, 'bollinger_n': 176, 'bollinger_k': 3.8000000000000003, 'en_adx': False, 'adx_n': 79, 'adx_threshold': 29, 'en_structure_trend': False, 'structure_trend_swing_l': 5, 'en_order_block': False, 'order_block_swing_l': 9, 'en_fvg': False, 'fvg_lookback': 39, 'en_ifvg': True, 'en_breaker': True, 'breaker_swing_l': 11, 'en_cisd': False, 'k': 2, 'en_cap_bars': True, 'cap_1min': 77}.
[I 2026-07-13 15:48:25,667] Trial 1878 finished with values: [-44.906396125200246, -3501.831300380823, 53.85] and parameters: {'sl_soft': 0.023138233233501303, 'sl_hard_delta': 0.01974966680532401, 'tp': 0.03279738638812957, 'gate_pct': 86.42595282114276, 'dd_limit': 0.7899894121384478, 'cooldown': 0, 'flip': True, 'en_ema_trend': True, 'ema_trend_fast': 360, 'ema_trend_slow': 187, 'en_sma_trend': False, 'sma_trend_fast': 89, 'sma_trend_slow': 185, 'en_macd': False, 'macd_fast': 82, 'macd_slow': 127, 'macd_signal': 83, 'en_vwap': False, 'en_keltner': False, 'keltner_n': 70, 'keltner_m': 1.2000000000000002, 'en_obv': False, 'obv_slope': 192, 'en_cci': True, 'cci_n': 135, 'cci_threshold': 275, 'en_rsi': False, 'rsi_n': 68, 'rsi_lower': 18, 'rsi_upper': 74, 'en_stochastic': False, 'stochastic_n': 13, 'stochastic_d': 49, 'stochastic_lower': 9, 'stochastic_upper': 51, 'en_mfi': False, 'mfi_n': 7, 'mfi_lower': 46, 'mfi_upper': 85, 'en_bollinger': False, 'bollinger_n': 112, 'bollinger_k': 3.1, 'en_adx': False, 'adx_n': 79, 'adx_threshold': 40, 'en_structure_trend': False, 'structure_trend_swing_l': 17, 'en_order_block': False, 'order_block_swing_l': 4, 'en_fvg': False, 'fvg_lookback': 40, 'en_ifvg': True, 'en_breaker': True, 'breaker_swing_l': 11, 'en_cisd': True, 'k': 2, 'en_cap_bars': True, 'cap_1min': 77}.
[I 2026-07-13 15:48:26,062] Trial 1879 finished with values: [625.274547039787, -2742.5272713057325, 48.25] and parameters: {'sl_soft': 0.012449898143873723, 'sl_hard_delta': 0.01974966680532401, 'tp': 0.03279738638812957, 'gate_pct': 86.42595282114276, 'dd_limit': 0.5820363533127576, 'cooldown': 0, 'flip': True, 'en_ema_trend': True, 'ema_trend_fast': 360, 'ema_trend_slow': 218, 'en_sma_trend': False, 'sma_trend_fast': 391, 'sma_trend_slow': 185, 'en_macd': False, 'macd_fast': 100, 'macd_slow': 191, 'macd_signal': 45, 'en_vwap': False, 'en_keltner': True, 'keltner_n': 70, 'keltner_m': 1.2000000000000002, 'en_obv': False, 'obv_slope': 36, 'en_cci': True, 'cci_n': 135, 'cci_threshold': 275, 'en_rsi': False, 'rsi_n': 27, 'rsi_lower': 34, 'rsi_upper': 94, 'en_stochastic': False, 'stochastic_n': 13, 'stochastic_d': 35, 'stochastic_lower': 13, 'stochastic_upper': 51, 'en_mfi': False, 'mfi_n': 72, 'mfi_lower': 1, 'mfi_upper': 85, 'en_bollinger': False, 'bollinger_n': 112, 'bollinger_k': 3.8000000000000003, 'en_adx': False, 'adx_n': 26, 'adx_threshold': 29, 'en_structure_trend': True, 'structure_trend_swing_l': 7, 'en_order_block': False, 'order_block_swing_l': 4, 'en_fvg': True, 'fvg_lookback': 39, 'en_ifvg': True, 'en_breaker': True, 'breaker_swing_l': 11, 'en_cisd': False, 'k': 2, 'en_cap_bars': False, 'cap_1min': 77}.
[I 2026-07-13 15:48:26,657] Trial 1880 finished with values: [1547.62315482861, -1654.099191160085, 41.6] and parameters: {'sl_soft': 0.02102744692810867, 'sl_hard_delta': 0.0027263521951513352, 'tp': 0.04310350832060598, 'gate_pct': 86.42595282114276, 'dd_limit': 0.7899894121384478, 'cooldown': 0, 'flip': True, 'en_ema_trend': False, 'ema_trend_fast': 205, 'ema_trend_slow': 187, 'en_sma_trend': True, 'sma_trend_fast': 148, 'sma_trend_slow': 299, 'en_macd': True, 'macd_fast': 32, 'macd_slow': 127, 'macd_signal': 83, 'en_vwap': False, 'en_keltner': True, 'keltner_n': 17, 'keltner_m': 4.8, 'en_obv': False, 'obv_slope': 53, 'en_cci': True, 'cci_n': 108, 'cci_threshold': 250, 'en_rsi': False, 'rsi_n': 92, 'rsi_lower': 18, 'rsi_upper': 66, 'en_stochastic': False, 'stochastic_n': 7, 'stochastic_d': 27, 'stochastic_lower': 9, 'stochastic_upper': 79, 'en_mfi': False, 'mfi_n': 14, 'mfi_lower': 29, 'mfi_upper': 83, 'en_bollinger': False, 'bollinger_n': 40, 'bollinger_k': 1.7000000000000002, 'en_adx': False, 'adx_n': 79, 'adx_threshold': 40, 'en_structure_trend': False, 'structure_trend_swing_l': 14, 'en_order_block': True, 'order_block_swing_l': 4, 'en_fvg': True, 'fvg_lookback': 33, 'en_ifvg': False, 'en_breaker': False, 'breaker_swing_l': 3, 'en_cisd': True, 'k': 5, 'en_cap_bars': True, 'cap_1min': 1032}.
[I 2026-07-13 15:48:27,017] Trial 1881 finished with values: [-276.8787517486793, -1545.9260532239227, 57.55] and parameters: {'sl_soft': 0.012449898143873723, 'sl_hard_delta': 0.00793963460816193, 'tp': 0.01104713204540288, 'gate_pct': 88.44397898231887, 'dd_limit': 0.5820363533127576, 'cooldown': 5, 'flip': False, 'en_ema_trend': True, 'ema_trend_fast': 339, 'ema_trend_slow': 218, 'en_sma_trend': False, 'sma_trend_fast': 210, 'sma_trend_slow': 185, 'en_macd': False, 'macd_fast': 100, 'macd_slow': 150, 'macd_signal': 57, 'en_vwap': False, 'en_keltner': True, 'keltner_n': 70, 'keltner_m': 1.3, 'en_obv': False, 'obv_slope': 36, 'en_cci': True, 'cci_n': 135, 'cci_threshold': 135, 'en_rsi': True, 'rsi_n': 27, 'rsi_lower': 34, 'rsi_upper': 91, 'en_stochastic': False, 'stochastic_n': 75, 'stochastic_d': 35, 'stochastic_lower': 16, 'stochastic_upper': 76, 'en_mfi': True, 'mfi_n': 87, 'mfi_lower': 1, 'mfi_upper': 80, 'en_bollinger': True, 'bollinger_n': 176, 'bollinger_k': 3.8000000000000003, 'en_adx': False, 'adx_n': 26, 'adx_threshold': 49, 'en_structure_trend': True, 'structure_trend_swing_l': 5, 'en_order_block': False, 'order_block_swing_l': 9, 'en_fvg': True, 'fvg_lookback': 39, 'en_ifvg': False, 'en_breaker': True, 'breaker_swing_l': 11, 'en_cisd': False, 'k': 4, 'en_cap_bars': False, 'cap_1min': 868}.
[I 2026-07-13 15:48:32,760] Trial 1882 finished with values: [1688.517757130672, -2421.941357971064, 60.150000000000006] and parameters: {'sl_soft': 0.023138233233501303, 'sl_hard_delta': 0.01974966680532401, 'tp': 0.03784160265645054, 'gate_pct': 86.42595282114276, 'dd_limit': 0.7899894121384478, 'cooldown': 0, 'flip': True, 'en_ema_trend': False, 'ema_trend_fast': 205, 'ema_trend_slow': 350, 'en_sma_trend': True, 'sma_trend_fast': 89, 'sma_trend_slow': 19, 'en_macd': True, 'macd_fast': 82, 'macd_slow': 127, 'macd_signal': 83, 'en_vwap': False, 'en_keltner': False, 'keltner_n': 17, 'keltner_m': 4.8, 'en_obv': False, 'obv_slope': 192, 'en_cci': True, 'cci_n': 32, 'cci_threshold': 250, 'en_rsi': True, 'rsi_n': 68, 'rsi_lower': 18, 'rsi_upper': 68, 'en_stochastic': True, 'stochastic_n': 7, 'stochastic_d': 49, 'stochastic_lower': 9, 'stochastic_upper': 93, 'en_mfi': False, 'mfi_n': 72, 'mfi_lower': 46, 'mfi_upper': 85, 'en_bollinger': False, 'bollinger_n': 112, 'bollinger_k': 3.1, 'en_adx': False, 'adx_n': 79, 'adx_threshold': 40, 'en_structure_trend': False, 'structure_trend_swing_l': 20, 'en_order_block': True, 'order_block_swing_l': 4, 'en_fvg': False, 'fvg_lookback': 40, 'en_ifvg': True, 'en_breaker': True, 'breaker_swing_l': 11, 'en_cisd': True, 'k': 2, 'en_cap_bars': True, 'cap_1min': 1032}.
[I 2026-07-13 15:48:33,228] Trial 1883 finished with values: [801.5781172150758, -1449.4792946422308, 49.7] and parameters: {'sl_soft': 0.023138233233501303, 'sl_hard_delta': 0.0027263521951513352, 'tp': 0.035133335757457, 'gate_pct': 86.42595282114276, 'dd_limit': 0.7899894121384478, 'cooldown': 0, 'flip': True, 'en_ema_trend': False, 'ema_trend_fast': 205, 'ema_trend_slow': 187, 'en_sma_trend': False, 'sma_trend_fast': 89, 'sma_trend_slow': 19, 'en_macd': True, 'macd_fast': 82, 'macd_slow': 127, 'macd_signal': 83, 'en_vwap': False, 'en_keltner': False, 'keltner_n': 70, 'keltner_m': 1.2000000000000002, 'en_obv': False, 'obv_slope': 36, 'en_cci': False, 'cci_n': 135, 'cci_threshold': 250, 'en_rsi': True, 'rsi_n': 68, 'rsi_lower': 18, 'rsi_upper': 68, 'en_stochastic': True, 'stochastic_n': 7, 'stochastic_d': 27, 'stochastic_lower': 9, 'stochastic_upper': 93, 'en_mfi': False, 'mfi_n': 72, 'mfi_lower': 46, 'mfi_upper': 84, 'en_bollinger': False, 'bollinger_n': 40, 'bollinger_k': 3.4000000000000004, 'en_adx': False, 'adx_n': 79, 'adx_threshold': 40, 'en_structure_trend': False, 'structure_trend_swing_l': 20, 'en_order_block': False, 'order_block_swing_l': 4, 'en_fvg': True, 'fvg_lookback': 40, 'en_ifvg': True, 'en_breaker': True, 'breaker_swing_l': 1, 'en_cisd': True, 'k': 2, 'en_cap_bars': True, 'cap_1min': 249}.
[I 2026-07-13 15:48:33,633] Trial 1884 pruned. 
[I 2026-07-13 15:48:33,978] Trial 1885 finished with values: [1618.1816042274195, -1750.635893866459, 47.3] and parameters: {'sl_soft': 0.023138233233501303, 'sl_hard_delta': 0.0027263521951513352, 'tp': 0.03784160265645054, 'gate_pct': 86.42595282114276, 'dd_limit': 0.7899894121384478, 'cooldown': 0, 'flip': True, 'en_ema_trend': False, 'ema_trend_fast': 205, 'ema_trend_slow': 350, 'en_sma_trend': True, 'sma_trend_fast': 89, 'sma_trend_slow': 222, 'en_macd': True, 'macd_fast': 82, 'macd_slow': 127, 'macd_signal': 83, 'en_vwap': False, 'en_keltner': False, 'keltner_n': 17, 'keltner_m': 4.8, 'en_obv': False, 'obv_slope': 53, 'en_cci': True, 'cci_n': 32, 'cci_threshold': 250, 'en_rsi': True, 'rsi_n': 68, 'rsi_lower': 18, 'rsi_upper': 68, 'en_stochastic': True, 'stochastic_n': 7, 'stochastic_d': 27, 'stochastic_lower': 9, 'stochastic_upper': 93, 'en_mfi': False, 'mfi_n': 72, 'mfi_lower': 46, 'mfi_upper': 84, 'en_bollinger': False, 'bollinger_n': 112, 'bollinger_k': 3.4000000000000004, 'en_adx': False, 'adx_n': 79, 'adx_threshold': 40, 'en_structure_trend': False, 'structure_trend_swing_l': 20, 'en_order_block': True, 'order_block_swing_l': 4, 'en_fvg': True, 'fvg_lookback': 40, 'en_ifvg': True, 'en_breaker': False, 'breaker_swing_l': 3, 'en_cisd': True, 'k': 5, 'en_cap_bars': True, 'cap_1min': 1032}.
[I 2026-07-13 15:48:34,231] Trial 1886 pruned. 
[I 2026-07-13 15:48:35,688] Trial 1887 finished with values: [1990.4686847672263, -5689.799682190605, 49.55] and parameters: {'sl_soft': 0.023138233233501303, 'sl_hard_delta': 0.012510442083255932, 'tp': 0.044694053584836385, 'gate_pct': 86.42595282114276, 'dd_limit': 0.7899894121384478, 'cooldown': 0, 'flip': True, 'en_ema_trend': True, 'ema_trend_fast': 91, 'ema_trend_slow': 187, 'en_sma_trend': True, 'sma_trend_fast': 125, 'sma_trend_slow': 19, 'en_macd': True, 'macd_fast': 82, 'macd_slow': 127, 'macd_signal': 83, 'en_vwap': False, 'en_keltner': False, 'keltner_n': 43, 'keltner_m': 1.2000000000000002, 'en_obv': False, 'obv_slope': 192, 'en_cci': False, 'cci_n': 32, 'cci_threshold': 230, 'en_rsi': False, 'rsi_n': 42, 'rsi_lower': 11, 'rsi_upper': 74, 'en_stochastic': False, 'stochastic_n': 13, 'stochastic_d': 28, 'stochastic_lower': 20, 'stochastic_upper': 93, 'en_mfi': False, 'mfi_n': 7, 'mfi_lower': 29, 'mfi_upper': 84, 'en_bollinger': False, 'bollinger_n': 55, 'bollinger_k': 4.8, 'en_adx': False, 'adx_n': 79, 'adx_threshold': 26, 'en_structure_trend': False, 'structure_trend_swing_l': 20, 'en_order_block': False, 'order_block_swing_l': 12, 'en_fvg': False, 'fvg_lookback': 40, 'en_ifvg': True, 'en_breaker': False, 'breaker_swing_l': 3, 'en_cisd': False, 'k': 2, 'en_cap_bars': True, 'cap_1min': 1363}.
[I 2026-07-13 15:48:36,247] Trial 1888 finished with values: [-249.260921635166, -1545.9260532239227, 58.4] and parameters: {'sl_soft': 0.012449898143873723, 'sl_hard_delta': 0.00793963460816193, 'tp': 0.01104713204540288, 'gate_pct': 88.44397898231887, 'dd_limit': 0.5820363533127576, 'cooldown': 5, 'flip': False, 'en_ema_trend': True, 'ema_trend_fast': 339, 'ema_trend_slow': 218, 'en_sma_trend': False, 'sma_trend_fast': 210, 'sma_trend_slow': 185, 'en_macd': False, 'macd_fast': 100, 'macd_slow': 150, 'macd_signal': 57, 'en_vwap': False, 'en_keltner': True, 'keltner_n': 70, 'keltner_m': 1.3, 'en_obv': False, 'obv_slope': 36, 'en_cci': True, 'cci_n': 135, 'cci_threshold': 135, 'en_rsi': True, 'rsi_n': 27, 'rsi_lower': 34, 'rsi_upper': 94, 'en_stochastic': False, 'stochastic_n': 75, 'stochastic_d': 35, 'stochastic_lower': 16, 'stochastic_upper': 76, 'en_mfi': True, 'mfi_n': 87, 'mfi_lower': 1, 'mfi_upper': 80, 'en_bollinger': True, 'bollinger_n': 176, 'bollinger_k': 3.8000000000000003, 'en_adx': False, 'adx_n': 26, 'adx_threshold': 49, 'en_structure_trend': True, 'structure_trend_swing_l': 5, 'en_order_block': False, 'order_block_swing_l': 9, 'en_fvg': True, 'fvg_lookback': 39, 'en_ifvg': False, 'en_breaker': True, 'breaker_swing_l': 11, 'en_cisd': False, 'k': 2, 'en_cap_bars': False, 'cap_1min': 1109}.
[I 2026-07-13 15:48:40,274] Trial 1889 finished with values: [1765.576810816167, -2527.57391300797, 52.4] and parameters: {'sl_soft': 0.014509835179219626, 'sl_hard_delta': 0.036998245871933615, 'tp': 0.04310350832060598, 'gate_pct': 86.42595282114276, 'dd_limit': 3.6765110954600555, 'cooldown': 0, 'flip': True, 'en_ema_trend': True, 'ema_trend_fast': 93, 'ema_trend_slow': 109, 'en_sma_trend': True, 'sma_trend_fast': 89, 'sma_trend_slow': 164, 'en_macd': True, 'macd_fast': 88, 'macd_slow': 85, 'macd_signal': 11, 'en_vwap': True, 'en_keltner': True, 'keltner_n': 43, 'keltner_m': 4.0, 'en_obv': True, 'obv_slope': 192, 'en_cci': False, 'cci_n': 128, 'cci_threshold': 250, 'en_rsi': False, 'rsi_n': 59, 'rsi_lower': 13, 'rsi_upper': 55, 'en_stochastic': False, 'stochastic_n': 26, 'stochastic_d': 27, 'stochastic_lower': 38, 'stochastic_upper': 72, 'en_mfi': False, 'mfi_n': 72, 'mfi_lower': 46, 'mfi_upper': 84, 'en_bollinger': False, 'bollinger_n': 40, 'bollinger_k': 4.8, 'en_adx': False, 'adx_n': 24, 'adx_threshold': 7, 'en_structure_trend': True, 'structure_trend_swing_l': 2, 'en_order_block': True, 'order_block_swing_l': 19, 'en_fvg': False, 'fvg_lookback': 40, 'en_ifvg': False, 'en_breaker': True, 'breaker_swing_l': 8, 'en_cisd': False, 'k': 5, 'en_cap_bars': True, 'cap_1min': 249}.
[I 2026-07-13 15:48:42,495] Trial 1890 finished with values: [2172.87280885337, -2968.0517242355363, 40.9] and parameters: {'sl_soft': 0.023138233233501303, 'sl_hard_delta': 0.0027263521951513352, 'tp': 0.04310350832060598, 'gate_pct': 86.42595282114276, 'dd_limit': 0.7899894121384478, 'cooldown': 0, 'flip': True, 'en_ema_trend': True, 'ema_trend_fast': 360, 'ema_trend_slow': 176, 'en_sma_trend': True, 'sma_trend_fast': 89, 'sma_trend_slow': 19, 'en_macd': True, 'macd_fast': 60, 'macd_slow': 81, 'macd_signal': 83, 'en_vwap': True, 'en_keltner': False, 'keltner_n': 17, 'keltner_m': 4.0, 'en_obv': False, 'obv_slope': 192, 'en_cci': True, 'cci_n': 98, 'cci_threshold': 250, 'en_rsi': False, 'rsi_n': 75, 'rsi_lower': 13, 'rsi_upper': 68, 'en_stochastic': False, 'stochastic_n': 26, 'stochastic_d': 27, 'stochastic_lower': 38, 'stochastic_upper': 93, 'en_mfi': False, 'mfi_n': 59, 'mfi_lower': 46, 'mfi_upper': 59, 'en_bollinger': False, 'bollinger_n': 112, 'bollinger_k': 1.7000000000000002, 'en_adx': False, 'adx_n': 79, 'adx_threshold': 53, 'en_structure_trend': True, 'structure_trend_swing_l': 2, 'en_order_block': False, 'order_block_swing_l': 4, 'en_fvg': True, 'fvg_lookback': 40, 'en_ifvg': False, 'en_breaker': False, 'breaker_swing_l': 8, 'en_cisd': False, 'k': 2, 'en_cap_bars': True, 'cap_1min': 1032}.
[I 2026-07-13 15:48:42,694] Trial 1891 pruned. 
[I 2026-07-13 15:48:43,234] Trial 1892 finished with values: [-2107.116483888873, -12728.382248949165, 52.9] and parameters: {'sl_soft': 0.012449898143873723, 'sl_hard_delta': 0.036998245871933615, 'tp': 0.03279738638812957, 'gate_pct': 95.95343074681206, 'dd_limit': 0.7899894121384478, 'cooldown': 0, 'flip': True, 'en_ema_trend': False, 'ema_trend_fast': 205, 'ema_trend_slow': 187, 'en_sma_trend': False, 'sma_trend_fast': 187, 'sma_trend_slow': 164, 'en_macd': True, 'macd_fast': 60, 'macd_slow': 127, 'macd_signal': 83, 'en_vwap': True, 'en_keltner': True, 'keltner_n': 70, 'keltner_m': 4.0, 'en_obv': True, 'obv_slope': 110, 'en_cci': False, 'cci_n': 135, 'cci_threshold': 250, 'en_rsi': True, 'rsi_n': 75, 'rsi_lower': 13, 'rsi_upper': 74, 'en_stochastic': False, 'stochastic_n': 15, 'stochastic_d': 27, 'stochastic_lower': 38, 'stochastic_upper': 72, 'en_mfi': False, 'mfi_n': 7, 'mfi_lower': 46, 'mfi_upper': 59, 'en_bollinger': False, 'bollinger_n': 40, 'bollinger_k': 1.7000000000000002, 'en_adx': False, 'adx_n': 26, 'adx_threshold': 8, 'en_structure_trend': False, 'structure_trend_swing_l': 20, 'en_order_block': False, 'order_block_swing_l': 4, 'en_fvg': False, 'fvg_lookback': 40, 'en_ifvg': True, 'en_breaker': True, 'breaker_swing_l': 1, 'en_cisd': False, 'k': 1, 'en_cap_bars': True, 'cap_1min': 249}.
[I 2026-07-13 15:48:43,762] Trial 1893 finished with values: [134.96083103415657, -1530.0100293246999, 44.5] and parameters: {'sl_soft': 0.015396926007329708, 'sl_hard_delta': 0.0027263521951513352, 'tp': 0.023956614665222156, 'gate_pct': 86.42595282114276, 'dd_limit': 6.998800575439505, 'cooldown': 0, 'flip': True, 'en_ema_trend': False, 'ema_trend_fast': 360, 'ema_trend_slow': 109, 'en_sma_trend': True, 'sma_trend_fast': 89, 'sma_trend_slow': 242, 'en_macd': True, 'macd_fast': 88, 'macd_slow': 191, 'macd_signal': 11, 'en_vwap': False, 'en_keltner': False, 'keltner_n': 43, 'keltner_m': 1.2000000000000002, 'en_obv': False, 'obv_slope': 192, 'en_cci': False, 'cci_n': 128, 'cci_threshold': 275, 'en_rsi': False, 'rsi_n': 42, 'rsi_lower': 18, 'rsi_upper': 55, 'en_stochastic': False, 'stochastic_n': 71, 'stochastic_d': 27, 'stochastic_lower': 40, 'stochastic_upper': 93, 'en_mfi': False, 'mfi_n': 72, 'mfi_lower': 32, 'mfi_upper': 84, 'en_bollinger': False, 'bollinger_n': 127, 'bollinger_k': 4.8, 'en_adx': False, 'adx_n': 79, 'adx_threshold': 7, 'en_structure_trend': False, 'structure_trend_swing_l': 11, 'en_order_block': True, 'order_block_swing_l': 12, 'en_fvg': False, 'fvg_lookback': 40, 'en_ifvg': True, 'en_breaker': True, 'breaker_swing_l': 15, 'en_cisd': False, 'k': 2, 'en_cap_bars': True, 'cap_1min': 1013}.
[I 2026-07-13 15:48:45,211] Trial 1894 finished with values: [2085.8386720089325, -2780.096043534785, 35.3] and parameters: {'sl_soft': 0.015396926007329708, 'sl_hard_delta': 0.0027263521951513352, 'tp': 0.03784160265645054, 'gate_pct': 95.95343074681206, 'dd_limit': 0.7899894121384478, 'cooldown': 0, 'flip': True, 'en_ema_trend': False, 'ema_trend_fast': 205, 'ema_trend_slow': 109, 'en_sma_trend': True, 'sma_trend_fast': 89, 'sma_trend_slow': 242, 'en_macd': True, 'macd_fast': 88, 'macd_slow': 191, 'macd_signal': 11, 'en_vwap': False, 'en_keltner': False, 'keltner_n': 141, 'keltner_m': 1.2000000000000002, 'en_obv': False, 'obv_slope': 192, 'en_cci': True, 'cci_n': 128, 'cci_threshold': 275, 'en_rsi': True, 'rsi_n': 68, 'rsi_lower': 18, 'rsi_upper': 55, 'en_stochastic': False, 'stochastic_n': 7, 'stochastic_d': 27, 'stochastic_lower': 9, 'stochastic_upper': 51, 'en_mfi': False, 'mfi_n': 72, 'mfi_lower': 32, 'mfi_upper': 84, 'en_bollinger': False, 'bollinger_n': 40, 'bollinger_k': 2.2, 'en_adx': False, 'adx_n': 85, 'adx_threshold': 40, 'en_structure_trend': False, 'structure_trend_swing_l': 7, 'en_order_block': False, 'order_block_swing_l': 12, 'en_fvg': False, 'fvg_lookback': 40, 'en_ifvg': True, 'en_breaker': False, 'breaker_swing_l': 3, 'en_cisd': False, 'k': 2, 'en_cap_bars': True, 'cap_1min': 1032}.
[I 2026-07-13 15:48:45,565] Trial 1895 pruned. 
[I 2026-07-13 15:48:46,148] Trial 1896 finished with values: [-249.260921635166, -1545.9260532239227, 58.4] and parameters: {'sl_soft': 0.012449898143873723, 'sl_hard_delta': 0.00793963460816193, 'tp': 0.01104713204540288, 'gate_pct': 88.44397898231887, 'dd_limit': 0.5820363533127576, 'cooldown': 5, 'flip': False, 'en_ema_trend': True, 'ema_trend_fast': 339, 'ema_trend_slow': 218, 'en_sma_trend': False, 'sma_trend_fast': 210, 'sma_trend_slow': 185, 'en_macd': False, 'macd_fast': 100, 'macd_slow': 150, 'macd_signal': 57, 'en_vwap': False, 'en_keltner': True, 'keltner_n': 70, 'keltner_m': 1.3, 'en_obv': False, 'obv_slope': 36, 'en_cci': True, 'cci_n': 135, 'cci_threshold': 135, 'en_rsi': True, 'rsi_n': 27, 'rsi_lower': 34, 'rsi_upper': 94, 'en_stochastic': False, 'stochastic_n': 75, 'stochastic_d': 35, 'stochastic_lower': 16, 'stochastic_upper': 76, 'en_mfi': True, 'mfi_n': 87, 'mfi_lower': 1, 'mfi_upper': 80, 'en_bollinger': True, 'bollinger_n': 176, 'bollinger_k': 3.8000000000000003, 'en_adx': False, 'adx_n': 26, 'adx_threshold': 49, 'en_structure_trend': True, 'structure_trend_swing_l': 5, 'en_order_block': False, 'order_block_swing_l': 9, 'en_fvg': True, 'fvg_lookback': 39, 'en_ifvg': False, 'en_breaker': True, 'breaker_swing_l': 11, 'en_cisd': False, 'k': 2, 'en_cap_bars': False, 'cap_1min': 1109}.
[I 2026-07-13 15:48:46,295] Trial 1897 pruned. 
