[I 2026-07-13 15:36:31,943] Trial 1540 finished with values: [-306.830995380114, -1473.9768872005498, 41.85] and parameters: {'sl_soft': 0.012820739421266155, 'sl_hard_delta': 0.007477450001688442, 'tp': 0.021680684266425956, 'gate_pct': 98.93711402329589, 'dd_limit': 1.4726436036009025, 'cooldown': 13, 'flip': True, 'en_ema_trend': False, 'ema_trend_fast': 27, 'ema_trend_slow': 367, 'en_sma_trend': False, 'sma_trend_fast': 372, 'sma_trend_slow': 319, 'en_macd': True, 'macd_fast': 91, 'macd_slow': 18, 'macd_signal': 26, 'en_vwap': False, 'en_keltner': False, 'keltner_n': 61, 'keltner_m': 2.5, 'en_obv': True, 'obv_slope': 14, 'en_cci': True, 'cci_n': 10, 'cci_threshold': 155, 'en_rsi': False, 'rsi_n': 81, 'rsi_lower': 12, 'rsi_upper': 95, 'en_stochastic': False, 'stochastic_n': 88, 'stochastic_d': 39, 'stochastic_lower': 17, 'stochastic_upper': 91, 'en_mfi': True, 'mfi_n': 93, 'mfi_lower': 30, 'mfi_upper': 96, 'en_bollinger': False, 'bollinger_n': 56, 'bollinger_k': 3.7, 'en_adx': False, 'adx_n': 16, 'adx_threshold': 12, 'en_structure_trend': False, 'structure_trend_swing_l': 6, 'en_order_block': True, 'order_block_swing_l': 3, 'en_fvg': False, 'fvg_lookback': 11, 'en_ifvg': False, 'en_breaker': True, 'breaker_swing_l': 16, 'en_cisd': False, 'k': 3, 'en_cap_bars': False, 'cap_1min': 963}.
[I 2026-07-13 15:36:32,621] Trial 1541 pruned. 
[I 2026-07-13 15:36:33,797] Trial 1542 finished with values: [2789.189312473256, -3263.986309302281, 40.5] and parameters: {'sl_soft': 0.015396926007329708, 'sl_hard_delta': 0.012510442083255932, 'tp': 0.044694053584836385, 'gate_pct': 88.44397898231887, 'dd_limit': 6.998800575439505, 'cooldown': 0, 'flip': True, 'en_ema_trend': True, 'ema_trend_fast': 339, 'ema_trend_slow': 218, 'en_sma_trend': False, 'sma_trend_fast': 210, 'sma_trend_slow': 19, 'en_macd': True, 'macd_fast': 100, 'macd_slow': 191, 'macd_signal': 57, 'en_vwap': False, 'en_keltner': False, 'keltner_n': 87, 'keltner_m': 1.3, 'en_obv': False, 'obv_slope': 36, 'en_cci': True, 'cci_n': 135, 'cci_threshold': 25, 'en_rsi': False, 'rsi_n': 42, 'rsi_lower': 34, 'rsi_upper': 60, 'en_stochastic': False, 'stochastic_n': 75, 'stochastic_d': 33, 'stochastic_lower': 36, 'stochastic_upper': 76, 'en_mfi': False, 'mfi_n': 87, 'mfi_lower': 1, 'mfi_upper': 85, 'en_bollinger': False, 'bollinger_n': 173, 'bollinger_k': 4.2, 'en_adx': False, 'adx_n': 3, 'adx_threshold': 26, 'en_structure_trend': False, 'structure_trend_swing_l': 5, 'en_order_block': False, 'order_block_swing_l': 6, 'en_fvg': True, 'fvg_lookback': 19, 'en_ifvg': False, 'en_breaker': True, 'breaker_swing_l': 11, 'en_cisd': True, 'k': 2, 'en_cap_bars': False, 'cap_1min': 1109}.
[I 2026-07-13 15:36:35,733] Trial 1543 pruned. 
[I 2026-07-13 15:36:37,449] Trial 1544 finished with values: [-106.58277311959452, -1977.1396278290604, 63.35] and parameters: {'sl_soft': 0.01239372502010468, 'sl_hard_delta': 0.022726861108552536, 'tp': 0.015284923526676798, 'gate_pct': 98.67302380660169, 'dd_limit': 3.6765110954600555, 'cooldown': 20, 'flip': False, 'en_ema_trend': False, 'ema_trend_fast': 57, 'ema_trend_slow': 91, 'en_sma_trend': True, 'sma_trend_fast': 334, 'sma_trend_slow': 242, 'en_macd': False, 'macd_fast': 80, 'macd_slow': 96, 'macd_signal': 65, 'en_vwap': True, 'en_keltner': False, 'keltner_n': 25, 'keltner_m': 0.9, 'en_obv': True, 'obv_slope': 72, 'en_cci': True, 'cci_n': 100, 'cci_threshold': 145, 'en_rsi': True, 'rsi_n': 59, 'rsi_lower': 3, 'rsi_upper': 69, 'en_stochastic': False, 'stochastic_n': 71, 'stochastic_d': 22, 'stochastic_lower': 33, 'stochastic_upper': 74, 'en_mfi': False, 'mfi_n': 84, 'mfi_lower': 25, 'mfi_upper': 98, 'en_bollinger': False, 'bollinger_n': 7, 'bollinger_k': 1.0, 'en_adx': True, 'adx_n': 40, 'adx_threshold': 7, 'en_structure_trend': True, 'structure_trend_swing_l': 3, 'en_order_block': True, 'order_block_swing_l': 2, 'en_fvg': False, 'fvg_lookback': 18, 'en_ifvg': True, 'en_breaker': False, 'breaker_swing_l': 16, 'en_cisd': True, 'k': 2, 'en_cap_bars': True, 'cap_1min': 1243}.
[I 2026-07-13 15:36:45,160] Trial 1545 finished with values: [4.581780726269358, -410.35837475959624, 59.15] and parameters: {'sl_soft': 0.012449898143873723, 'sl_hard_delta': 0.003069903022346389, 'tp': 0.01104713204540288, 'gate_pct': 97.17867644536658, 'dd_limit': 0.5820363533127576, 'cooldown': 11, 'flip': False, 'en_ema_trend': False, 'ema_trend_fast': 339, 'ema_trend_slow': 218, 'en_sma_trend': True, 'sma_trend_fast': 265, 'sma_trend_slow': 185, 'en_macd': False, 'macd_fast': 82, 'macd_slow': 150, 'macd_signal': 60, 'en_vwap': True, 'en_keltner': True, 'keltner_n': 70, 'keltner_m': 4.8, 'en_obv': True, 'obv_slope': 68, 'en_cci': True, 'cci_n': 77, 'cci_threshold': 160, 'en_rsi': False, 'rsi_n': 68, 'rsi_lower': 49, 'rsi_upper': 65, 'en_stochastic': True, 'stochastic_n': 86, 'stochastic_d': 35, 'stochastic_lower': 4, 'stochastic_upper': 93, 'en_mfi': False, 'mfi_n': 46, 'mfi_lower': 28, 'mfi_upper': 80, 'en_bollinger': False, 'bollinger_n': 14, 'bollinger_k': 2.2, 'en_adx': False, 'adx_n': 26, 'adx_threshold': 40, 'en_structure_trend': True, 'structure_trend_swing_l': 20, 'en_order_block': True, 'order_block_swing_l': 9, 'en_fvg': True, 'fvg_lookback': 41, 'en_ifvg': True, 'en_breaker': False, 'breaker_swing_l': 16, 'en_cisd': True, 'k': 2, 'en_cap_bars': True, 'cap_1min': 898}.
[I 2026-07-13 15:36:45,700] Trial 1546 finished with values: [-277.30247888831275, -849.8810621436803, 47.8] and parameters: {'sl_soft': 0.012820739421266155, 'sl_hard_delta': 0.02484677677105232, 'tp': 0.021680684266425956, 'gate_pct': 99.95605949198794, 'dd_limit': 1.4726436036009025, 'cooldown': 13, 'flip': True, 'en_ema_trend': False, 'ema_trend_fast': 27, 'ema_trend_slow': 14, 'en_sma_trend': False, 'sma_trend_fast': 392, 'sma_trend_slow': 319, 'en_macd': True, 'macd_fast': 91, 'macd_slow': 42, 'macd_signal': 26, 'en_vwap': True, 'en_keltner': False, 'keltner_n': 139, 'keltner_m': 2.5, 'en_obv': True, 'obv_slope': 14, 'en_cci': True, 'cci_n': 106, 'cci_threshold': 155, 'en_rsi': False, 'rsi_n': 81, 'rsi_lower': 13, 'rsi_upper': 95, 'en_stochastic': False, 'stochastic_n': 88, 'stochastic_d': 46, 'stochastic_lower': 7, 'stochastic_upper': 61, 'en_mfi': False, 'mfi_n': 93, 'mfi_lower': 30, 'mfi_upper': 96, 'en_bollinger': False, 'bollinger_n': 44, 'bollinger_k': 3.7, 'en_adx': False, 'adx_n': 16, 'adx_threshold': 12, 'en_structure_trend': False, 'structure_trend_swing_l': 6, 'en_order_block': True, 'order_block_swing_l': 3, 'en_fvg': False, 'fvg_lookback': 9, 'en_ifvg': False, 'en_breaker': True, 'breaker_swing_l': 16, 'en_cisd': False, 'k': 4, 'en_cap_bars': False, 'cap_1min': 368}.
[I 2026-07-13 15:36:48,730] Trial 1547 finished with values: [190.9823189230053, -1908.005357606868, 43.35] and parameters: {'sl_soft': 0.02449367366774731, 'sl_hard_delta': 0.0021822480591295163, 'tp': 0.04310350832060598, 'gate_pct': 91.49650994027499, 'dd_limit': 0.7899894121384478, 'cooldown': 15, 'flip': False, 'en_ema_trend': True, 'ema_trend_fast': 93, 'ema_trend_slow': 176, 'en_sma_trend': True, 'sma_trend_fast': 187, 'sma_trend_slow': 164, 'en_macd': False, 'macd_fast': 82, 'macd_slow': 85, 'macd_signal': 83, 'en_vwap': True, 'en_keltner': True, 'keltner_n': 59, 'keltner_m': 4.0, 'en_obv': True, 'obv_slope': 110, 'en_cci': False, 'cci_n': 118, 'cci_threshold': 75, 'en_rsi': False, 'rsi_n': 79, 'rsi_lower': 16, 'rsi_upper': 89, 'en_stochastic': False, 'stochastic_n': 26, 'stochastic_d': 16, 'stochastic_lower': 40, 'stochastic_upper': 72, 'en_mfi': True, 'mfi_n': 59, 'mfi_lower': 27, 'mfi_upper': 59, 'en_bollinger': False, 'bollinger_n': 40, 'bollinger_k': 1.7000000000000002, 'en_adx': False, 'adx_n': 41, 'adx_threshold': 40, 'en_structure_trend': True, 'structure_trend_swing_l': 9, 'en_order_block': False, 'order_block_swing_l': 19, 'en_fvg': False, 'fvg_lookback': 40, 'en_ifvg': False, 'en_breaker': True, 'breaker_swing_l': 8, 'en_cisd': False, 'k': 2, 'en_cap_bars': True, 'cap_1min': 249}.
[I 2026-07-13 15:36:49,733] Trial 1548 pruned. 
[I 2026-07-13 15:36:53,950] Trial 1549 finished with values: [241.8768400629645, -2752.5913717155245, 49.45] and parameters: {'sl_soft': 0.02677897443228098, 'sl_hard_delta': 0.01606309735146959, 'tp': 0.04099097483938532, 'gate_pct': 86.0615358098054, 'dd_limit': 3.6765110954600555, 'cooldown': 11, 'flip': False, 'en_ema_trend': True, 'ema_trend_fast': 91, 'ema_trend_slow': 109, 'en_sma_trend': True, 'sma_trend_fast': 135, 'sma_trend_slow': 319, 'en_macd': True, 'macd_fast': 6, 'macd_slow': 136, 'macd_signal': 30, 'en_vwap': True, 'en_keltner': True, 'keltner_n': 105, 'keltner_m': 2.1, 'en_obv': True, 'obv_slope': 193, 'en_cci': False, 'cci_n': 106, 'cci_threshold': 230, 'en_rsi': True, 'rsi_n': 59, 'rsi_lower': 21, 'rsi_upper': 69, 'en_stochastic': False, 'stochastic_n': 71, 'stochastic_d': 46, 'stochastic_lower': 2, 'stochastic_upper': 91, 'en_mfi': False, 'mfi_n': 16, 'mfi_lower': 13, 'mfi_upper': 94, 'en_bollinger': True, 'bollinger_n': 115, 'bollinger_k': 4.300000000000001, 'en_adx': False, 'adx_n': 30, 'adx_threshold': 19, 'en_structure_trend': False, 'structure_trend_swing_l': 19, 'en_order_block': True, 'order_block_swing_l': 8, 'en_fvg': False, 'fvg_lookback': 28, 'en_ifvg': False, 'en_breaker': False, 'breaker_swing_l': 5, 'en_cisd': True, 'k': 2, 'en_cap_bars': False, 'cap_1min': 1387}.
[I 2026-07-13 15:36:54,573] Trial 1550 pruned. 
[I 2026-07-13 15:36:55,334] Trial 1551 pruned. 
[I 2026-07-13 15:36:56,132] Trial 1552 pruned. 
[I 2026-07-13 15:37:04,678] Trial 1553 finished with values: [-390.9275601672313, -3230.4051927656715, 60.75] and parameters: {'sl_soft': 0.01023406377730282, 'sl_hard_delta': 0.017956019251315968, 'tp': 0.01219055325535965, 'gate_pct': 91.28320752104035, 'dd_limit': 7.499780143767761, 'cooldown': 4, 'flip': False, 'en_ema_trend': True, 'ema_trend_fast': 188, 'ema_trend_slow': 334, 'en_sma_trend': False, 'sma_trend_fast': 268, 'sma_trend_slow': 29, 'en_macd': False, 'macd_fast': 4, 'macd_slow': 167, 'macd_signal': 23, 'en_vwap': True, 'en_keltner': True, 'keltner_n': 151, 'keltner_m': 1.1, 'en_obv': True, 'obv_slope': 68, 'en_cci': True, 'cci_n': 128, 'cci_threshold': 280, 'en_rsi': True, 'rsi_n': 41, 'rsi_lower': 20, 'rsi_upper': 60, 'en_stochastic': True, 'stochastic_n': 30, 'stochastic_d': 33, 'stochastic_lower': 27, 'stochastic_upper': 76, 'en_mfi': False, 'mfi_n': 6, 'mfi_lower': 41, 'mfi_upper': 82, 'en_bollinger': True, 'bollinger_n': 127, 'bollinger_k': 4.2, 'en_adx': False, 'adx_n': 3, 'adx_threshold': 43, 'en_structure_trend': False, 'structure_trend_swing_l': 5, 'en_order_block': False, 'order_block_swing_l': 6, 'en_fvg': False, 'fvg_lookback': 9, 'en_ifvg': False, 'en_breaker': True, 'breaker_swing_l': 7, 'en_cisd': True, 'k': 4, 'en_cap_bars': False, 'cap_1min': 1363}.
[I 2026-07-13 15:37:06,870] Trial 1554 pruned. 
[I 2026-07-13 15:37:08,248] Trial 1555 pruned. 
[I 2026-07-13 15:37:14,582] Trial 1556 finished with values: [-1117.236664027086, -6985.580602942811, 43.5] and parameters: {'sl_soft': 0.012807659801940798, 'sl_hard_delta': 0.012956297024244669, 'tp': 0.018803392344604333, 'gate_pct': 98.93711402329589, 'dd_limit': 9.066216783758431, 'cooldown': 5, 'flip': False, 'en_ema_trend': True, 'ema_trend_fast': 339, 'ema_trend_slow': 367, 'en_sma_trend': False, 'sma_trend_fast': 210, 'sma_trend_slow': 185, 'en_macd': True, 'macd_fast': 60, 'macd_slow': 150, 'macd_signal': 40, 'en_vwap': False, 'en_keltner': True, 'keltner_n': 61, 'keltner_m': 1.3, 'en_obv': True, 'obv_slope': 191, 'en_cci': False, 'cci_n': 135, 'cci_threshold': 135, 'en_rsi': True, 'rsi_n': 34, 'rsi_lower': 34, 'rsi_upper': 94, 'en_stochastic': False, 'stochastic_n': 75, 'stochastic_d': 6, 'stochastic_lower': 17, 'stochastic_upper': 76, 'en_mfi': True, 'mfi_n': 87, 'mfi_lower': 42, 'mfi_upper': 80, 'en_bollinger': True, 'bollinger_n': 56, 'bollinger_k': 3.8000000000000003, 'en_adx': False, 'adx_n': 35, 'adx_threshold': 49, 'en_structure_trend': True, 'structure_trend_swing_l': 5, 'en_order_block': False, 'order_block_swing_l': 18, 'en_fvg': False, 'fvg_lookback': 39, 'en_ifvg': False, 'en_breaker': True, 'breaker_swing_l': 11, 'en_cisd': True, 'k': 3, 'en_cap_bars': False, 'cap_1min': 963}.
[I 2026-07-13 15:37:17,587] Trial 1557 finished with values: [-1180.3120947195112, -11102.403129749733, 63.1] and parameters: {'sl_soft': 0.012449898143873723, 'sl_hard_delta': 0.036998245871933615, 'tp': 0.01104713204540288, 'gate_pct': 95.95343074681206, 'dd_limit': 0.5820363533127576, 'cooldown': 5, 'flip': False, 'en_ema_trend': True, 'ema_trend_fast': 93, 'ema_trend_slow': 218, 'en_sma_trend': True, 'sma_trend_fast': 187, 'sma_trend_slow': 164, 'en_macd': True, 'macd_fast': 60, 'macd_slow': 85, 'macd_signal': 83, 'en_vwap': False, 'en_keltner': True, 'keltner_n': 70, 'keltner_m': 1.3, 'en_obv': False, 'obv_slope': 110, 'en_cci': False, 'cci_n': 135, 'cci_threshold': 250, 'en_rsi': True, 'rsi_n': 75, 'rsi_lower': 13, 'rsi_upper': 94, 'en_stochastic': False, 'stochastic_n': 58, 'stochastic_d': 27, 'stochastic_lower': 38, 'stochastic_upper': 72, 'en_mfi': False, 'mfi_n': 59, 'mfi_lower': 1, 'mfi_upper': 80, 'en_bollinger': True, 'bollinger_n': 176, 'bollinger_k': 3.8000000000000003, 'en_adx': False, 'adx_n': 26, 'adx_threshold': 49, 'en_structure_trend': True, 'structure_trend_swing_l': 2, 'en_order_block': False, 'order_block_swing_l': 19, 'en_fvg': True, 'fvg_lookback': 39, 'en_ifvg': False, 'en_breaker': True, 'breaker_swing_l': 8, 'en_cisd': False, 'k': 2, 'en_cap_bars': False, 'cap_1min': 1109}.
[I 2026-07-13 15:37:20,126] Trial 1558 finished with values: [-356.8456734831039, -7507.453978281306, 64.05] and parameters: {'sl_soft': 0.015396926007329708, 'sl_hard_delta': 0.01974966680532401, 'tp': 0.015844540937381565, 'gate_pct': 82.44068600536416, 'dd_limit': 3.6765110954600555, 'cooldown': 0, 'flip': True, 'en_ema_trend': False, 'ema_trend_fast': 360, 'ema_trend_slow': 109, 'en_sma_trend': True, 'sma_trend_fast': 167, 'sma_trend_slow': 187, 'en_macd': True, 'macd_fast': 29, 'macd_slow': 96, 'macd_signal': 30, 'en_vwap': True, 'en_keltner': False, 'keltner_n': 43, 'keltner_m': 1.2000000000000002, 'en_obv': False, 'obv_slope': 192, 'en_cci': True, 'cci_n': 89, 'cci_threshold': 275, 'en_rsi': False, 'rsi_n': 42, 'rsi_lower': 11, 'rsi_upper': 69, 'en_stochastic': False, 'stochastic_n': 13, 'stochastic_d': 4, 'stochastic_lower': 36, 'stochastic_upper': 91, 'en_mfi': False, 'mfi_n': 66, 'mfi_lower': 32, 'mfi_upper': 85, 'en_bollinger': False, 'bollinger_n': 85, 'bollinger_k': 4.300000000000001, 'en_adx': False, 'adx_n': 40, 'adx_threshold': 29, 'en_structure_trend': False, 'structure_trend_swing_l': 7, 'en_order_block': False, 'order_block_swing_l': 18, 'en_fvg': False, 'fvg_lookback': 28, 'en_ifvg': True, 'en_breaker': True, 'breaker_swing_l': 11, 'en_cisd': False, 'k': 2, 'en_cap_bars': True, 'cap_1min': 77}.
[I 2026-07-13 15:37:22,201] Trial 1559 pruned. 
[I 2026-07-13 15:37:24,138] Trial 1560 finished with values: [2472.9803396732386, -2325.1443251908167, 50.0] and parameters: {'sl_soft': 0.023138233233501303, 'sl_hard_delta': 0.0027263521951513352, 'tp': 0.03279738638812957, 'gate_pct': 86.42595282114276, 'dd_limit': 0.7899894121384478, 'cooldown': 0, 'flip': True, 'en_ema_trend': False, 'ema_trend_fast': 360, 'ema_trend_slow': 350, 'en_sma_trend': True, 'sma_trend_fast': 89, 'sma_trend_slow': 19, 'en_macd': True, 'macd_fast': 82, 'macd_slow': 127, 'macd_signal': 83, 'en_vwap': False, 'en_keltner': False, 'keltner_n': 87, 'keltner_m': 1.2000000000000002, 'en_obv': False, 'obv_slope': 192, 'en_cci': True, 'cci_n': 32, 'cci_threshold': 250, 'en_rsi': True, 'rsi_n': 42, 'rsi_lower': 18, 'rsi_upper': 74, 'en_stochastic': False, 'stochastic_n': 13, 'stochastic_d': 27, 'stochastic_lower': 36, 'stochastic_upper': 93, 'en_mfi': False, 'mfi_n': 72, 'mfi_lower': 46, 'mfi_upper': 84, 'en_bollinger': False, 'bollinger_n': 112, 'bollinger_k': 4.8, 'en_adx': False, 'adx_n': 79, 'adx_threshold': 29, 'en_structure_trend': False, 'structure_trend_swing_l': 20, 'en_order_block': True, 'order_block_swing_l': 4, 'en_fvg': False, 'fvg_lookback': 40, 'en_ifvg': True, 'en_breaker': False, 'breaker_swing_l': 3, 'en_cisd': False, 'k': 2, 'en_cap_bars': True, 'cap_1min': 1032}.
[I 2026-07-13 15:37:26,695] Trial 1561 finished with values: [-343.210432228247, -2356.960082378271, 62.05] and parameters: {'sl_soft': 0.026342400384516372, 'sl_hard_delta': 0.012956297024244669, 'tp': 0.018803392344604333, 'gate_pct': 98.93711402329589, 'dd_limit': 8.683310596224244, 'cooldown': 15, 'flip': True, 'en_ema_trend': True, 'ema_trend_fast': 351, 'ema_trend_slow': 367, 'en_sma_trend': False, 'sma_trend_fast': 372, 'sma_trend_slow': 12, 'en_macd': True, 'macd_fast': 19, 'macd_slow': 18, 'macd_signal': 40, 'en_vwap': True, 'en_keltner': False, 'keltner_n': 56, 'keltner_m': 5.0, 'en_obv': True, 'obv_slope': 191, 'en_cci': True, 'cci_n': 100, 'cci_threshold': 145, 'en_rsi': False, 'rsi_n': 77, 'rsi_lower': 12, 'rsi_upper': 94, 'en_stochastic': False, 'stochastic_n': 97, 'stochastic_d': 22, 'stochastic_lower': 14, 'stochastic_upper': 91, 'en_mfi': False, 'mfi_n': 84, 'mfi_lower': 22, 'mfi_upper': 76, 'en_bollinger': True, 'bollinger_n': 56, 'bollinger_k': 3.4000000000000004, 'en_adx': False, 'adx_n': 36, 'adx_threshold': 50, 'en_structure_trend': False, 'structure_trend_swing_l': 3, 'en_order_block': True, 'order_block_swing_l': 2, 'en_fvg': False, 'fvg_lookback': 11, 'en_ifvg': False, 'en_breaker': True, 'breaker_swing_l': 9, 'en_cisd': False, 'k': 3, 'en_cap_bars': False, 'cap_1min': 1243}.
[I 2026-07-13 15:37:28,600] Trial 1562 finished with values: [1229.919968352302, -1325.3560302568346, 55.0] and parameters: {'sl_soft': 0.012449898143873723, 'sl_hard_delta': 0.024314893131853678, 'tp': 0.04310350832060598, 'gate_pct': 91.28320752104035, 'dd_limit': 3.6482276224843235, 'cooldown': 4, 'flip': True, 'en_ema_trend': True, 'ema_trend_fast': 339, 'ema_trend_slow': 218, 'en_sma_trend': False, 'sma_trend_fast': 210, 'sma_trend_slow': 185, 'en_macd': False, 'macd_fast': 100, 'macd_slow': 85, 'macd_signal': 91, 'en_vwap': True, 'en_keltner': True, 'keltner_n': 163, 'keltner_m': 4.0, 'en_obv': False, 'obv_slope': 36, 'en_cci': True, 'cci_n': 135, 'cci_threshold': 135, 'en_rsi': True, 'rsi_n': 27, 'rsi_lower': 43, 'rsi_upper': 94, 'en_stochastic': False, 'stochastic_n': 75, 'stochastic_d': 27, 'stochastic_lower': 40, 'stochastic_upper': 72, 'en_mfi': True, 'mfi_n': 87, 'mfi_lower': 1, 'mfi_upper': 80, 'en_bollinger': True, 'bollinger_n': 173, 'bollinger_k': 2.8000000000000003, 'en_adx': False, 'adx_n': 3, 'adx_threshold': 49, 'en_structure_trend': True, 'structure_trend_swing_l': 5, 'en_order_block': False, 'order_block_swing_l': 9, 'en_fvg': True, 'fvg_lookback': 39, 'en_ifvg': False, 'en_breaker': True, 'breaker_swing_l': 11, 'en_cisd': False, 'k': 1, 'en_cap_bars': False, 'cap_1min': 1109}.
[I 2026-07-13 15:37:29,980] Trial 1563 pruned. 
[I 2026-07-13 15:37:32,557] Trial 1564 finished with values: [-290.89071720049395, -4517.488036382273, 49.65] and parameters: {'sl_soft': 0.01239372502010468, 'sl_hard_delta': 0.01974966680532401, 'tp': 0.03279738638812957, 'gate_pct': 86.42595282114276, 'dd_limit': 6.844711394584541, 'cooldown': 0, 'flip': True, 'en_ema_trend': True, 'ema_trend_fast': 360, 'ema_trend_slow': 294, 'en_sma_trend': True, 'sma_trend_fast': 222, 'sma_trend_slow': 19, 'en_macd': True, 'macd_fast': 29, 'macd_slow': 191, 'macd_signal': 87, 'en_vwap': True, 'en_keltner': True, 'keltner_n': 56, 'keltner_m': 1.2000000000000002, 'en_obv': True, 'obv_slope': 192, 'en_cci': True, 'cci_n': 10, 'cci_threshold': 275, 'en_rsi': False, 'rsi_n': 42, 'rsi_lower': 18, 'rsi_upper': 89, 'en_stochastic': False, 'stochastic_n': 13, 'stochastic_d': 49, 'stochastic_lower': 36, 'stochastic_upper': 51, 'en_mfi': False, 'mfi_n': 72, 'mfi_lower': 12, 'mfi_upper': 57, 'en_bollinger': False, 'bollinger_n': 81, 'bollinger_k': 4.8, 'en_adx': False, 'adx_n': 32, 'adx_threshold': 26, 'en_structure_trend': True, 'structure_trend_swing_l': 7, 'en_order_block': False, 'order_block_swing_l': 4, 'en_fvg': False, 'fvg_lookback': 40, 'en_ifvg': True, 'en_breaker': False, 'breaker_swing_l': 11, 'en_cisd': False, 'k': 1, 'en_cap_bars': True, 'cap_1min': 77}.
[I 2026-07-13 15:37:33,430] Trial 1565 pruned. 
[I 2026-07-13 15:37:37,123] Trial 1566 finished with values: [-195.1759891601945, -849.1878237308015, 61.45] and parameters: {'sl_soft': 0.028493661686441754, 'sl_hard_delta': 0.00793963460816193, 'tp': 0.01219055325535965, 'gate_pct': 88.44397898231887, 'dd_limit': 1.7439494970493132, 'cooldown': 29, 'flip': False, 'en_ema_trend': True, 'ema_trend_fast': 339, 'ema_trend_slow': 218, 'en_sma_trend': True, 'sma_trend_fast': 210, 'sma_trend_slow': 185, 'en_macd': False, 'macd_fast': 100, 'macd_slow': 150, 'macd_signal': 70, 'en_vwap': True, 'en_keltner': True, 'keltner_n': 48, 'keltner_m': 1.3, 'en_obv': False, 'obv_slope': 36, 'en_cci': True, 'cci_n': 135, 'cci_threshold': 160, 'en_rsi': True, 'rsi_n': 13, 'rsi_lower': 34, 'rsi_upper': 65, 'en_stochastic': False, 'stochastic_n': 64, 'stochastic_d': 38, 'stochastic_lower': 16, 'stochastic_upper': 76, 'en_mfi': True, 'mfi_n': 66, 'mfi_lower': 28, 'mfi_upper': 80, 'en_bollinger': False, 'bollinger_n': 176, 'bollinger_k': 3.4000000000000004, 'en_adx': False, 'adx_n': 90, 'adx_threshold': 49, 'en_structure_trend': False, 'structure_trend_swing_l': 14, 'en_order_block': False, 'order_block_swing_l': 10, 'en_fvg': True, 'fvg_lookback': 41, 'en_ifvg': False, 'en_breaker': True, 'breaker_swing_l': 16, 'en_cisd': False, 'k': 4, 'en_cap_bars': False, 'cap_1min': 898}.
[I 2026-07-13 15:37:38,075] Trial 1567 pruned. 
[I 2026-07-13 15:37:40,770] Trial 1568 pruned. 
[I 2026-07-13 15:37:41,477] Trial 1569 pruned. 
