[I 2026-07-13 15:40:54,019] Trial 1660 finished with values: [1618.1816042274195, -1750.635893866459, 47.3] and parameters: {'sl_soft': 0.023138233233501303, 'sl_hard_delta': 0.0027263521951513352, 'tp': 0.03784160265645054, 'gate_pct': 86.42595282114276, 'dd_limit': 0.7899894121384478, 'cooldown': 0, 'flip': True, 'en_ema_trend': False, 'ema_trend_fast': 205, 'ema_trend_slow': 350, 'en_sma_trend': True, 'sma_trend_fast': 89, 'sma_trend_slow': 222, 'en_macd': True, 'macd_fast': 82, 'macd_slow': 127, 'macd_signal': 83, 'en_vwap': False, 'en_keltner': False, 'keltner_n': 17, 'keltner_m': 4.8, 'en_obv': False, 'obv_slope': 53, 'en_cci': True, 'cci_n': 32, 'cci_threshold': 250, 'en_rsi': True, 'rsi_n': 68, 'rsi_lower': 18, 'rsi_upper': 68, 'en_stochastic': True, 'stochastic_n': 7, 'stochastic_d': 27, 'stochastic_lower': 9, 'stochastic_upper': 93, 'en_mfi': False, 'mfi_n': 72, 'mfi_lower': 46, 'mfi_upper': 84, 'en_bollinger': False, 'bollinger_n': 112, 'bollinger_k': 3.4000000000000004, 'en_adx': False, 'adx_n': 79, 'adx_threshold': 40, 'en_structure_trend': False, 'structure_trend_swing_l': 20, 'en_order_block': True, 'order_block_swing_l': 4, 'en_fvg': True, 'fvg_lookback': 40, 'en_ifvg': True, 'en_breaker': False, 'breaker_swing_l': 3, 'en_cisd': True, 'k': 5, 'en_cap_bars': True, 'cap_1min': 1032}.
[I 2026-07-13 15:40:54,608] Trial 1661 finished with values: [1101.911068666865, -1697.1958735670967, 49.25] and parameters: {'sl_soft': 0.023138233233501303, 'sl_hard_delta': 0.0027263521951513352, 'tp': 0.03279738638812957, 'gate_pct': 86.42595282114276, 'dd_limit': 3.6765110954600555, 'cooldown': 0, 'flip': True, 'en_ema_trend': True, 'ema_trend_fast': 91, 'ema_trend_slow': 109, 'en_sma_trend': True, 'sma_trend_fast': 89, 'sma_trend_slow': 242, 'en_macd': False, 'macd_fast': 88, 'macd_slow': 96, 'macd_signal': 11, 'en_vwap': False, 'en_keltner': False, 'keltner_n': 43, 'keltner_m': 1.2000000000000002, 'en_obv': False, 'obv_slope': 192, 'en_cci': False, 'cci_n': 128, 'cci_threshold': 230, 'en_rsi': False, 'rsi_n': 59, 'rsi_lower': 11, 'rsi_upper': 55, 'en_stochastic': False, 'stochastic_n': 71, 'stochastic_d': 27, 'stochastic_lower': 40, 'stochastic_upper': 93, 'en_mfi': False, 'mfi_n': 72, 'mfi_lower': 46, 'mfi_upper': 84, 'en_bollinger': False, 'bollinger_n': 127, 'bollinger_k': 4.8, 'en_adx': False, 'adx_n': 79, 'adx_threshold': 7, 'en_structure_trend': False, 'structure_trend_swing_l': 11, 'en_order_block': True, 'order_block_swing_l': 12, 'en_fvg': False, 'fvg_lookback': 40, 'en_ifvg': True, 'en_breaker': False, 'breaker_swing_l': 15, 'en_cisd': False, 'k': 2, 'en_cap_bars': True, 'cap_1min': 1013}.
[I 2026-07-13 15:40:55,393] Trial 1662 pruned. 
[I 2026-07-13 15:40:58,104] Trial 1663 finished with values: [-446.6276970105554, -1635.996015494568, 28.0] and parameters: {'sl_soft': 0.01239372502010468, 'sl_hard_delta': 0.0021822480591295163, 'tp': 0.023258156370033756, 'gate_pct': 99.52194572971088, 'dd_limit': 8.990165933787594, 'cooldown': 15, 'flip': False, 'en_ema_trend': True, 'ema_trend_fast': 323, 'ema_trend_slow': 362, 'en_sma_trend': True, 'sma_trend_fast': 125, 'sma_trend_slow': 394, 'en_macd': False, 'macd_fast': 68, 'macd_slow': 11, 'macd_signal': 23, 'en_vwap': True, 'en_keltner': True, 'keltner_n': 56, 'keltner_m': 0.5, 'en_obv': True, 'obv_slope': 58, 'en_cci': False, 'cci_n': 98, 'cci_threshold': 145, 'en_rsi': False, 'rsi_n': 79, 'rsi_lower': 11, 'rsi_upper': 60, 'en_stochastic': False, 'stochastic_n': 30, 'stochastic_d': 33, 'stochastic_lower': 40, 'stochastic_upper': 89, 'en_mfi': False, 'mfi_n': 17, 'mfi_lower': 27, 'mfi_upper': 84, 'en_bollinger': True, 'bollinger_n': 173, 'bollinger_k': 2.3, 'en_adx': False, 'adx_n': 41, 'adx_threshold': 40, 'en_structure_trend': False, 'structure_trend_swing_l': 9, 'en_order_block': False, 'order_block_swing_l': 6, 'en_fvg': True, 'fvg_lookback': 23, 'en_ifvg': True, 'en_breaker': True, 'breaker_swing_l': 17, 'en_cisd': True, 'k': 1, 'en_cap_bars': True, 'cap_1min': 753}.
[I 2026-07-13 15:41:00,935] Trial 1664 finished with values: [-127.97367831844042, -1560.3014999465613, 53.75] and parameters: {'sl_soft': 0.014509835179219626, 'sl_hard_delta': 0.00610414585932106, 'tp': 0.01104713204540288, 'gate_pct': 88.44397898231887, 'dd_limit': 0.7899894121384478, 'cooldown': 5, 'flip': False, 'en_ema_trend': True, 'ema_trend_fast': 205, 'ema_trend_slow': 187, 'en_sma_trend': False, 'sma_trend_fast': 210, 'sma_trend_slow': 50, 'en_macd': False, 'macd_fast': 100, 'macd_slow': 85, 'macd_signal': 83, 'en_vwap': False, 'en_keltner': True, 'keltner_n': 70, 'keltner_m': 4.0, 'en_obv': False, 'obv_slope': 36, 'en_cci': True, 'cci_n': 32, 'cci_threshold': 250, 'en_rsi': True, 'rsi_n': 27, 'rsi_lower': 34, 'rsi_upper': 68, 'en_stochastic': False, 'stochastic_n': 75, 'stochastic_d': 27, 'stochastic_lower': 20, 'stochastic_upper': 72, 'en_mfi': False, 'mfi_n': 87, 'mfi_lower': 1, 'mfi_upper': 80, 'en_bollinger': True, 'bollinger_n': 176, 'bollinger_k': 1.7000000000000002, 'en_adx': False, 'adx_n': 24, 'adx_threshold': 49, 'en_structure_trend': True, 'structure_trend_swing_l': 5, 'en_order_block': False, 'order_block_swing_l': 9, 'en_fvg': True, 'fvg_lookback': 39, 'en_ifvg': False, 'en_breaker': True, 'breaker_swing_l': 11, 'en_cisd': False, 'k': 2, 'en_cap_bars': False, 'cap_1min': 1109}.
[I 2026-07-13 15:41:01,335] Trial 1665 pruned. 
[I 2026-07-13 15:41:04,151] Trial 1666 pruned. 
[I 2026-07-13 15:41:05,069] Trial 1667 pruned. 
[I 2026-07-13 15:41:11,243] Trial 1668 finished with values: [-390.31522310292394, -2308.357882395313, 44.15] and parameters: {'sl_soft': 0.01239372502010468, 'sl_hard_delta': 0.032283188215272624, 'tp': 0.023258156370033756, 'gate_pct': 99.52194572971088, 'dd_limit': 6.844711394584541, 'cooldown': 15, 'flip': False, 'en_ema_trend': True, 'ema_trend_fast': 323, 'ema_trend_slow': 294, 'en_sma_trend': True, 'sma_trend_fast': 222, 'sma_trend_slow': 100, 'en_macd': False, 'macd_fast': 64, 'macd_slow': 11, 'macd_signal': 18, 'en_vwap': True, 'en_keltner': False, 'keltner_n': 56, 'keltner_m': 2.3, 'en_obv': True, 'obv_slope': 69, 'en_cci': False, 'cci_n': 118, 'cci_threshold': 180, 'en_rsi': False, 'rsi_n': 83, 'rsi_lower': 36, 'rsi_upper': 89, 'en_stochastic': True, 'stochastic_n': 77, 'stochastic_d': 16, 'stochastic_lower': 25, 'stochastic_upper': 97, 'en_mfi': False, 'mfi_n': 9, 'mfi_lower': 12, 'mfi_upper': 84, 'en_bollinger': False, 'bollinger_n': 139, 'bollinger_k': 2.3, 'en_adx': False, 'adx_n': 32, 'adx_threshold': 26, 'en_structure_trend': True, 'structure_trend_swing_l': 9, 'en_order_block': True, 'order_block_swing_l': 4, 'en_fvg': False, 'fvg_lookback': 37, 'en_ifvg': True, 'en_breaker': True, 'breaker_swing_l': 17, 'en_cisd': False, 'k': 1, 'en_cap_bars': True, 'cap_1min': 753}.
[I 2026-07-13 15:41:11,798] Trial 1669 pruned. 
[I 2026-07-13 15:41:21,623] Trial 1670 finished with values: [72.15566660718764, -619.8158835079681, 46.75] and parameters: {'sl_soft': 0.01998398987844476, 'sl_hard_delta': 0.0048086454618810155, 'tp': 0.031675313517909046, 'gate_pct': 99.16215050807807, 'dd_limit': 6.790710943832704, 'cooldown': 8, 'flip': True, 'en_ema_trend': False, 'ema_trend_fast': 383, 'ema_trend_slow': 211, 'en_sma_trend': True, 'sma_trend_fast': 396, 'sma_trend_slow': 231, 'en_macd': False, 'macd_fast': 4, 'macd_slow': 118, 'macd_signal': 70, 'en_vwap': False, 'en_keltner': True, 'keltner_n': 48, 'keltner_m': 4.4, 'en_obv': False, 'obv_slope': 68, 'en_cci': True, 'cci_n': 169, 'cci_threshold': 160, 'en_rsi': True, 'rsi_n': 41, 'rsi_lower': 20, 'rsi_upper': 65, 'en_stochastic': True, 'stochastic_n': 66, 'stochastic_d': 7, 'stochastic_lower': 47, 'stochastic_upper': 73, 'en_mfi': False, 'mfi_n': 79, 'mfi_lower': 28, 'mfi_upper': 73, 'en_bollinger': True, 'bollinger_n': 127, 'bollinger_k': 3.4000000000000004, 'en_adx': False, 'adx_n': 90, 'adx_threshold': 5, 'en_structure_trend': False, 'structure_trend_swing_l': 9, 'en_order_block': False, 'order_block_swing_l': 16, 'en_fvg': False, 'fvg_lookback': 40, 'en_ifvg': True, 'en_breaker': True, 'breaker_swing_l': 6, 'en_cisd': False, 'k': 2, 'en_cap_bars': False, 'cap_1min': 1339}.
[I 2026-07-13 15:41:22,209] Trial 1671 pruned. 
[I 2026-07-13 15:41:23,091] Trial 1672 finished with values: [-305.53107376247726, -1239.3752074945041, 42.3] and parameters: {'sl_soft': 0.012807659801940798, 'sl_hard_delta': 0.012956297024244669, 'tp': 0.018803392344604333, 'gate_pct': 98.93711402329589, 'dd_limit': 9.066216783758431, 'cooldown': 15, 'flip': True, 'en_ema_trend': True, 'ema_trend_fast': 351, 'ema_trend_slow': 367, 'en_sma_trend': False, 'sma_trend_fast': 331, 'sma_trend_slow': 12, 'en_macd': True, 'macd_fast': 60, 'macd_slow': 88, 'macd_signal': 40, 'en_vwap': False, 'en_keltner': False, 'keltner_n': 61, 'keltner_m': 5.0, 'en_obv': True, 'obv_slope': 191, 'en_cci': False, 'cci_n': 78, 'cci_threshold': 25, 'en_rsi': False, 'rsi_n': 34, 'rsi_lower': 12, 'rsi_upper': 77, 'en_stochastic': False, 'stochastic_n': 97, 'stochastic_d': 6, 'stochastic_lower': 17, 'stochastic_upper': 91, 'en_mfi': False, 'mfi_n': 77, 'mfi_lower': 42, 'mfi_upper': 76, 'en_bollinger': True, 'bollinger_n': 56, 'bollinger_k': 0.5, 'en_adx': False, 'adx_n': 35, 'adx_threshold': 50, 'en_structure_trend': True, 'structure_trend_swing_l': 13, 'en_order_block': True, 'order_block_swing_l': 18, 'en_fvg': False, 'fvg_lookback': 47, 'en_ifvg': False, 'en_breaker': True, 'breaker_swing_l': 13, 'en_cisd': True, 'k': 3, 'en_cap_bars': False, 'cap_1min': 963}.
[I 2026-07-13 15:41:23,979] Trial 1673 finished with values: [-222.07417403425475, -4486.385031626808, 41.1] and parameters: {'sl_soft': 0.014509835179219626, 'sl_hard_delta': 0.029725556735688736, 'tp': 0.04310350832060598, 'gate_pct': 91.49650994027499, 'dd_limit': 3.8524500851165895, 'cooldown': 7, 'flip': True, 'en_ema_trend': True, 'ema_trend_fast': 60, 'ema_trend_slow': 378, 'en_sma_trend': True, 'sma_trend_fast': 187, 'sma_trend_slow': 80, 'en_macd': False, 'macd_fast': 18, 'macd_slow': 7, 'macd_signal': 18, 'en_vwap': True, 'en_keltner': True, 'keltner_n': 56, 'keltner_m': 0.5, 'en_obv': False, 'obv_slope': 72, 'en_cci': False, 'cci_n': 180, 'cci_threshold': 75, 'en_rsi': False, 'rsi_n': 91, 'rsi_lower': 3, 'rsi_upper': 89, 'en_stochastic': False, 'stochastic_n': 17, 'stochastic_d': 27, 'stochastic_lower': 1, 'stochastic_upper': 89, 'en_mfi': False, 'mfi_n': 84, 'mfi_lower': 47, 'mfi_upper': 98, 'en_bollinger': False, 'bollinger_n': 54, 'bollinger_k': 2.3, 'en_adx': False, 'adx_n': 41, 'adx_threshold': 49, 'en_structure_trend': True, 'structure_trend_swing_l': 9, 'en_order_block': True, 'order_block_swing_l': 10, 'en_fvg': False, 'fvg_lookback': 23, 'en_ifvg': False, 'en_breaker': True, 'breaker_swing_l': 15, 'en_cisd': True, 'k': 2, 'en_cap_bars': False, 'cap_1min': 61}.
[I 2026-07-13 15:41:27,186] Trial 1674 finished with values: [20.604070729373092, -1811.1721858517171, 64.25] and parameters: {'sl_soft': 0.012509702096079985, 'sl_hard_delta': 0.024314893131853678, 'tp': 0.015844540937381565, 'gate_pct': 82.44068600536416, 'dd_limit': 3.6482276224843235, 'cooldown': 4, 'flip': True, 'en_ema_trend': True, 'ema_trend_fast': 91, 'ema_trend_slow': 218, 'en_sma_trend': False, 'sma_trend_fast': 268, 'sma_trend_slow': 242, 'en_macd': False, 'macd_fast': 100, 'macd_slow': 78, 'macd_signal': 91, 'en_vwap': True, 'en_keltner': False, 'keltner_n': 163, 'keltner_m': 4.0, 'en_obv': False, 'obv_slope': 36, 'en_cci': True, 'cci_n': 135, 'cci_threshold': 230, 'en_rsi': True, 'rsi_n': 59, 'rsi_lower': 11, 'rsi_upper': 94, 'en_stochastic': False, 'stochastic_n': 75, 'stochastic_d': 17, 'stochastic_lower': 40, 'stochastic_upper': 72, 'en_mfi': False, 'mfi_n': 66, 'mfi_lower': 13, 'mfi_upper': 99, 'en_bollinger': True, 'bollinger_n': 127, 'bollinger_k': 2.8000000000000003, 'en_adx': False, 'adx_n': 3, 'adx_threshold': 49, 'en_structure_trend': True, 'structure_trend_swing_l': 11, 'en_order_block': False, 'order_block_swing_l': 12, 'en_fvg': False, 'fvg_lookback': 38, 'en_ifvg': True, 'en_breaker': True, 'breaker_swing_l': 11, 'en_cisd': False, 'k': 1, 'en_cap_bars': True, 'cap_1min': 1013}.
[I 2026-07-13 15:41:27,929] Trial 1675 pruned. 
[I 2026-07-13 15:41:28,273] Trial 1676 pruned. 
[I 2026-07-13 15:41:29,128] Trial 1677 pruned. 
[I 2026-07-13 15:41:29,826] Trial 1678 pruned. 
[I 2026-07-13 15:41:32,053] Trial 1679 finished with values: [76.25115896223264, -8523.473105401401, 55.2] and parameters: {'sl_soft': 0.026342400384516372, 'sl_hard_delta': 0.012956297024244669, 'tp': 0.03279738638812957, 'gate_pct': 86.42595282114276, 'dd_limit': 6.998800575439505, 'cooldown': 0, 'flip': True, 'en_ema_trend': False, 'ema_trend_fast': 360, 'ema_trend_slow': 367, 'en_sma_trend': True, 'sma_trend_fast': 391, 'sma_trend_slow': 12, 'en_macd': True, 'macd_fast': 60, 'macd_slow': 183, 'macd_signal': 23, 'en_vwap': False, 'en_keltner': False, 'keltner_n': 61, 'keltner_m': 1.2000000000000002, 'en_obv': True, 'obv_slope': 191, 'en_cci': True, 'cci_n': 10, 'cci_threshold': 275, 'en_rsi': False, 'rsi_n': 34, 'rsi_lower': 12, 'rsi_upper': 74, 'en_stochastic': False, 'stochastic_n': 13, 'stochastic_d': 39, 'stochastic_lower': 36, 'stochastic_upper': 51, 'en_mfi': False, 'mfi_n': 72, 'mfi_lower': 8, 'mfi_upper': 76, 'en_bollinger': False, 'bollinger_n': 56, 'bollinger_k': 3.1, 'en_adx': False, 'adx_n': 79, 'adx_threshold': 50, 'en_structure_trend': True, 'structure_trend_swing_l': 7, 'en_order_block': False, 'order_block_swing_l': 4, 'en_fvg': False, 'fvg_lookback': 11, 'en_ifvg': True, 'en_breaker': True, 'breaker_swing_l': 9, 'en_cisd': False, 'k': 2, 'en_cap_bars': True, 'cap_1min': 77}.
[I 2026-07-13 15:41:34,488] Trial 1680 finished with values: [275.1155007400107, -2455.9389972136364, 46.6] and parameters: {'sl_soft': 0.02449367366774731, 'sl_hard_delta': 0.00610414585932106, 'tp': 0.03784160265645054, 'gate_pct': 91.49650994027499, 'dd_limit': 8.990165933787594, 'cooldown': 4, 'flip': False, 'en_ema_trend': True, 'ema_trend_fast': 270, 'ema_trend_slow': 176, 'en_sma_trend': True, 'sma_trend_fast': 360, 'sma_trend_slow': 394, 'en_macd': False, 'macd_fast': 82, 'macd_slow': 127, 'macd_signal': 91, 'en_vwap': True, 'en_keltner': True, 'keltner_n': 59, 'keltner_m': 4.0, 'en_obv': True, 'obv_slope': 85, 'en_cci': False, 'cci_n': 118, 'cci_threshold': 75, 'en_rsi': False, 'rsi_n': 93, 'rsi_lower': 16, 'rsi_upper': 68, 'en_stochastic': False, 'stochastic_n': 30, 'stochastic_d': 27, 'stochastic_lower': 40, 'stochastic_upper': 72, 'en_mfi': True, 'mfi_n': 17, 'mfi_lower': 27, 'mfi_upper': 58, 'en_bollinger': True, 'bollinger_n': 54, 'bollinger_k': 2.3, 'en_adx': False, 'adx_n': 3, 'adx_threshold': 8, 'en_structure_trend': False, 'structure_trend_swing_l': 5, 'en_order_block': True, 'order_block_swing_l': 10, 'en_fvg': False, 'fvg_lookback': 19, 'en_ifvg': False, 'en_breaker': True, 'breaker_swing_l': 17, 'en_cisd': True, 'k': 2, 'en_cap_bars': True, 'cap_1min': 61}.
[I 2026-07-13 15:41:35,421] Trial 1681 pruned. 
[I 2026-07-13 15:41:36,908] Trial 1682 finished with values: [553.2949075488602, -1310.4308867626103, 48.55] and parameters: {'sl_soft': 0.023138233233501303, 'sl_hard_delta': 0.0027263521951513352, 'tp': 0.03784160265645054, 'gate_pct': 91.28320752104035, 'dd_limit': 3.6482276224843235, 'cooldown': 4, 'flip': False, 'en_ema_trend': True, 'ema_trend_fast': 286, 'ema_trend_slow': 298, 'en_sma_trend': False, 'sma_trend_fast': 125, 'sma_trend_slow': 222, 'en_macd': False, 'macd_fast': 68, 'macd_slow': 127, 'macd_signal': 83, 'en_vwap': False, 'en_keltner': False, 'keltner_n': 151, 'keltner_m': 4.8, 'en_obv': True, 'obv_slope': 53, 'en_cci': False, 'cci_n': 98, 'cci_threshold': 75, 'en_rsi': False, 'rsi_n': 93, 'rsi_lower': 11, 'rsi_upper': 58, 'en_stochastic': False, 'stochastic_n': 30, 'stochastic_d': 33, 'stochastic_lower': 9, 'stochastic_upper': 93, 'en_mfi': False, 'mfi_n': 17, 'mfi_lower': 41, 'mfi_upper': 84, 'en_bollinger': False, 'bollinger_n': 173, 'bollinger_k': 4.2, 'en_adx': False, 'adx_n': 85, 'adx_threshold': 40, 'en_structure_trend': True, 'structure_trend_swing_l': 20, 'en_order_block': False, 'order_block_swing_l': 10, 'en_fvg': True, 'fvg_lookback': 19, 'en_ifvg': True, 'en_breaker': False, 'breaker_swing_l': 7, 'en_cisd': True, 'k': 5, 'en_cap_bars': True, 'cap_1min': 1032}.
[I 2026-07-13 15:41:38,964] Trial 1683 finished with values: [226.97013330192917, -1122.633077297337, 57.1] and parameters: {'sl_soft': 0.015396926007329708, 'sl_hard_delta': 0.01974966680532401, 'tp': 0.03279738638812957, 'gate_pct': 86.42595282114276, 'dd_limit': 0.5820363533127576, 'cooldown': 5, 'flip': True, 'en_ema_trend': True, 'ema_trend_fast': 360, 'ema_trend_slow': 350, 'en_sma_trend': False, 'sma_trend_fast': 391, 'sma_trend_slow': 19, 'en_macd': True, 'macd_fast': 29, 'macd_slow': 191, 'macd_signal': 23, 'en_vwap': False, 'en_keltner': False, 'keltner_n': 70, 'keltner_m': 1.3, 'en_obv': False, 'obv_slope': 192, 'en_cci': True, 'cci_n': 135, 'cci_threshold': 275, 'en_rsi': False, 'rsi_n': 42, 'rsi_lower': 18, 'rsi_upper': 94, 'en_stochastic': False, 'stochastic_n': 75, 'stochastic_d': 35, 'stochastic_lower': 36, 'stochastic_upper': 51, 'en_mfi': True, 'mfi_n': 87, 'mfi_lower': 1, 'mfi_upper': 85, 'en_bollinger': False, 'bollinger_n': 112, 'bollinger_k': 4.8, 'en_adx': False, 'adx_n': 26, 'adx_threshold': 29, 'en_structure_trend': True, 'structure_trend_swing_l': 5, 'en_order_block': False, 'order_block_swing_l': 9, 'en_fvg': False, 'fvg_lookback': 39, 'en_ifvg': True, 'en_breaker': True, 'breaker_swing_l': 11, 'en_cisd': False, 'k': 2, 'en_cap_bars': True, 'cap_1min': 77}.
[I 2026-07-13 15:41:40,876] Trial 1684 finished with values: [279.55283767964187, -2949.69991201413, 55.650000000000006] and parameters: {'sl_soft': 0.02449367366774731, 'sl_hard_delta': 0.01974966680532401, 'tp': 0.03784160265645054, 'gate_pct': 86.42595282114276, 'dd_limit': 8.990165933787594, 'cooldown': 0, 'flip': True, 'en_ema_trend': True, 'ema_trend_fast': 360, 'ema_trend_slow': 362, 'en_sma_trend': True, 'sma_trend_fast': 222, 'sma_trend_slow': 19, 'en_macd': False, 'macd_fast': 29, 'macd_slow': 191, 'macd_signal': 87, 'en_vwap': True, 'en_keltner': False, 'keltner_n': 56, 'keltner_m': 4.8, 'en_obv': True, 'obv_slope': 85, 'en_cci': True, 'cci_n': 10, 'cci_threshold': 275, 'en_rsi': False, 'rsi_n': 42, 'rsi_lower': 16, 'rsi_upper': 89, 'en_stochastic': False, 'stochastic_n': 17, 'stochastic_d': 16, 'stochastic_lower': 37, 'stochastic_upper': 91, 'en_mfi': True, 'mfi_n': 65, 'mfi_lower': 12, 'mfi_upper': 57, 'en_bollinger': False, 'bollinger_n': 81, 'bollinger_k': 4.8, 'en_adx': False, 'adx_n': 32, 'adx_threshold': 40, 'en_structure_trend': True, 'structure_trend_swing_l': 7, 'en_order_block': True, 'order_block_swing_l': 4, 'en_fvg': False, 'fvg_lookback': 40, 'en_ifvg': True, 'en_breaker': False, 'breaker_swing_l': 17, 'en_cisd': True, 'k': 2, 'en_cap_bars': True, 'cap_1min': 77}.
[I 2026-07-13 15:41:41,786] Trial 1685 pruned. 
[I 2026-07-13 15:41:43,273] Trial 1686 finished with values: [-274.8500722027103, -3519.7433178279134, 56.95] and parameters: {'sl_soft': 0.012449898143873723, 'sl_hard_delta': 0.00793963460816193, 'tp': 0.01104713204540288, 'gate_pct': 95.031393846183, 'dd_limit': 0.5820363533127576, 'cooldown': 7, 'flip': False, 'en_ema_trend': False, 'ema_trend_fast': 390, 'ema_trend_slow': 391, 'en_sma_trend': False, 'sma_trend_fast': 148, 'sma_trend_slow': 299, 'en_macd': False, 'macd_fast': 32, 'macd_slow': 150, 'macd_signal': 83, 'en_vwap': False, 'en_keltner': True, 'keltner_n': 70, 'keltner_m': 4.0, 'en_obv': False, 'obv_slope': 36, 'en_cci': True, 'cci_n': 108, 'cci_threshold': 135, 'en_rsi': True, 'rsi_n': 92, 'rsi_lower': 46, 'rsi_upper': 94, 'en_stochastic': False, 'stochastic_n': 75, 'stochastic_d': 35, 'stochastic_lower': 20, 'stochastic_upper': 79, 'en_mfi': False, 'mfi_n': 38, 'mfi_lower': 1, 'mfi_upper': 83, 'en_bollinger': True, 'bollinger_n': 176, 'bollinger_k': 3.8000000000000003, 'en_adx': False, 'adx_n': 26, 'adx_threshold': 41, 'en_structure_trend': True, 'structure_trend_swing_l': 5, 'en_order_block': False, 'order_block_swing_l': 1, 'en_fvg': True, 'fvg_lookback': 39, 'en_ifvg': False, 'en_breaker': True, 'breaker_swing_l': 3, 'en_cisd': False, 'k': 2, 'en_cap_bars': False, 'cap_1min': 1109}.
[I 2026-07-13 15:41:43,533] Trial 1687 pruned. 
[I 2026-07-13 15:41:49,053] Trial 1688 finished with values: [15.613410771653236, -646.6146357162472, 39.65] and parameters: {'sl_soft': 0.023138233233501303, 'sl_hard_delta': 0.0027263521951513352, 'tp': 0.03784160265645054, 'gate_pct': 97.17867644536658, 'dd_limit': 0.7899894121384478, 'cooldown': 7, 'flip': True, 'en_ema_trend': False, 'ema_trend_fast': 205, 'ema_trend_slow': 187, 'en_sma_trend': True, 'sma_trend_fast': 89, 'sma_trend_slow': 222, 'en_macd': True, 'macd_fast': 82, 'macd_slow': 127, 'macd_signal': 83, 'en_vwap': False, 'en_keltner': False, 'keltner_n': 52, 'keltner_m': 4.8, 'en_obv': False, 'obv_slope': 53, 'en_cci': False, 'cci_n': 32, 'cci_threshold': 250, 'en_rsi': False, 'rsi_n': 68, 'rsi_lower': 43, 'rsi_upper': 68, 'en_stochastic': True, 'stochastic_n': 97, 'stochastic_d': 27, 'stochastic_lower': 44, 'stochastic_upper': 93, 'en_mfi': False, 'mfi_n': 39, 'mfi_lower': 27, 'mfi_upper': 84, 'en_bollinger': False, 'bollinger_n': 40, 'bollinger_k': 2.2, 'en_adx': False, 'adx_n': 46, 'adx_threshold': 40, 'en_structure_trend': True, 'structure_trend_swing_l': 20, 'en_order_block': True, 'order_block_swing_l': 18, 'en_fvg': True, 'fvg_lookback': 46, 'en_ifvg': True, 'en_breaker': False, 'breaker_swing_l': 16, 'en_cisd': True, 'k': 5, 'en_cap_bars': True, 'cap_1min': 1032}.
