[I 2026-07-13 15:20:47,723] Trial 1078 finished with values: [148.39899453290784, -1721.737102267511, 38.2] and parameters: {'sl_soft': 0.01023406377730282, 'sl_hard_delta': 0.012510442083255932, 'tp': 0.044694053584836385, 'gate_pct': 91.28320752104035, 'dd_limit': 3.6482276224843235, 'cooldown': 4, 'flip': False, 'en_ema_trend': True, 'ema_trend_fast': 286, 'ema_trend_slow': 304, 'en_sma_trend': False, 'sma_trend_fast': 125, 'sma_trend_slow': 394, 'en_macd': False, 'macd_fast': 68, 'macd_slow': 189, 'macd_signal': 23, 'en_vwap': True, 'en_keltner': True, 'keltner_n': 151, 'keltner_m': 1.1, 'en_obv': True, 'obv_slope': 58, 'en_cci': False, 'cci_n': 98, 'cci_threshold': 280, 'en_rsi': True, 'rsi_n': 93, 'rsi_lower': 11, 'rsi_upper': 60, 'en_stochastic': False, 'stochastic_n': 30, 'stochastic_d': 33, 'stochastic_lower': 40, 'stochastic_upper': 76, 'en_mfi': False, 'mfi_n': 17, 'mfi_lower': 41, 'mfi_upper': 82, 'en_bollinger': True, 'bollinger_n': 173, 'bollinger_k': 4.2, 'en_adx': False, 'adx_n': 3, 'adx_threshold': 26, 'en_structure_trend': False, 'structure_trend_swing_l': 5, 'en_order_block': False, 'order_block_swing_l': 6, 'en_fvg': True, 'fvg_lookback': 19, 'en_ifvg': True, 'en_breaker': True, 'breaker_swing_l': 7, 'en_cisd': True, 'k': 2, 'en_cap_bars': True, 'cap_1min': 1363}.
[I 2026-07-13 15:20:48,723] Trial 1079 pruned. 
[I 2026-07-13 15:20:48,911] Trial 1080 pruned. 
[I 2026-07-13 15:20:50,467] Trial 1081 pruned. 
[I 2026-07-13 15:20:52,463] Trial 1082 pruned. 
[I 2026-07-13 15:20:53,125] Trial 1083 pruned. 
[I 2026-07-13 15:20:55,381] Trial 1084 pruned. 
[I 2026-07-13 15:20:56,235] Trial 1085 pruned. 
[I 2026-07-13 15:20:58,257] Trial 1086 pruned. 
[I 2026-07-13 15:20:59,308] Trial 1087 pruned. 
[I 2026-07-13 15:21:00,499] Trial 1088 pruned. 
[I 2026-07-13 15:21:01,308] Trial 1089 pruned. 
[I 2026-07-13 15:21:02,719] Trial 1090 pruned. 
[I 2026-07-13 15:21:04,113] Trial 1091 pruned. 
[I 2026-07-13 15:21:06,104] Trial 1092 pruned. 
[I 2026-07-13 15:21:07,901] Trial 1093 pruned. 
[I 2026-07-13 15:21:09,383] Trial 1094 pruned. 
[I 2026-07-13 15:21:09,966] Trial 1095 pruned. 
[I 2026-07-13 15:21:10,883] Trial 1096 pruned. 
[I 2026-07-13 15:21:12,896] Trial 1097 pruned. 
[I 2026-07-13 15:21:13,386] Trial 1098 pruned. 
[I 2026-07-13 15:21:14,808] Trial 1099 pruned. 
[I 2026-07-13 15:21:16,255] Trial 1100 pruned. 
[I 2026-07-13 15:21:16,724] Trial 1101 pruned. 
[I 2026-07-13 15:21:18,158] Trial 1102 pruned. 
[I 2026-07-13 15:21:19,222] Trial 1103 pruned. 
[I 2026-07-13 15:21:19,702] Trial 1104 pruned. 
[I 2026-07-13 15:21:20,857] Trial 1105 pruned. 
[I 2026-07-13 15:21:21,879] Trial 1106 pruned. 
[I 2026-07-13 15:21:23,787] Trial 1107 pruned. 
[I 2026-07-13 15:21:24,848] Trial 1108 pruned. 
[I 2026-07-13 15:21:25,945] Trial 1109 pruned. 
[I 2026-07-13 15:21:27,463] Trial 1110 pruned. 
[I 2026-07-13 15:21:28,461] Trial 1111 pruned. 
[I 2026-07-13 15:21:29,939] Trial 1112 pruned. 
[I 2026-07-13 15:21:30,810] Trial 1113 pruned. 
[I 2026-07-13 15:21:31,955] Trial 1114 pruned. 
[I 2026-07-13 15:21:32,484] Trial 1115 pruned. 
[I 2026-07-13 15:21:33,828] Trial 1116 pruned. 
[I 2026-07-13 15:21:34,851] Trial 1117 pruned. 
[I 2026-07-13 15:21:36,076] Trial 1118 pruned. 
[I 2026-07-13 15:21:37,769] Trial 1119 pruned. 
[I 2026-07-13 15:21:37,938] Trial 1120 pruned. 
[I 2026-07-13 15:21:42,457] Trial 1121 finished with values: [-249.260921635166, -1545.9260532239227, 58.4] and parameters: {'sl_soft': 0.012449898143873723, 'sl_hard_delta': 0.00793963460816193, 'tp': 0.01104713204540288, 'gate_pct': 88.44397898231887, 'dd_limit': 0.5820363533127576, 'cooldown': 5, 'flip': False, 'en_ema_trend': True, 'ema_trend_fast': 339, 'ema_trend_slow': 218, 'en_sma_trend': False, 'sma_trend_fast': 210, 'sma_trend_slow': 185, 'en_macd': False, 'macd_fast': 100, 'macd_slow': 150, 'macd_signal': 57, 'en_vwap': False, 'en_keltner': True, 'keltner_n': 70, 'keltner_m': 1.3, 'en_obv': False, 'obv_slope': 36, 'en_cci': True, 'cci_n': 135, 'cci_threshold': 135, 'en_rsi': True, 'rsi_n': 27, 'rsi_lower': 34, 'rsi_upper': 94, 'en_stochastic': False, 'stochastic_n': 75, 'stochastic_d': 35, 'stochastic_lower': 16, 'stochastic_upper': 76, 'en_mfi': True, 'mfi_n': 87, 'mfi_lower': 1, 'mfi_upper': 80, 'en_bollinger': True, 'bollinger_n': 176, 'bollinger_k': 3.8000000000000003, 'en_adx': False, 'adx_n': 26, 'adx_threshold': 49, 'en_structure_trend': True, 'structure_trend_swing_l': 5, 'en_order_block': False, 'order_block_swing_l': 9, 'en_fvg': True, 'fvg_lookback': 39, 'en_ifvg': False, 'en_breaker': True, 'breaker_swing_l': 11, 'en_cisd': False, 'k': 2, 'en_cap_bars': False, 'cap_1min': 1109}.
[I 2026-07-13 15:21:44,105] Trial 1122 pruned. 
[I 2026-07-13 15:21:45,029] Trial 1123 pruned. 
[I 2026-07-13 15:21:47,089] Trial 1124 pruned. 
[I 2026-07-13 15:21:48,517] Trial 1125 pruned. 
[I 2026-07-13 15:21:49,075] Trial 1126 pruned. 
[I 2026-07-13 15:21:49,616] Trial 1127 pruned. 
[I 2026-07-13 15:21:50,005] Trial 1128 pruned. 
[I 2026-07-13 15:21:51,666] Trial 1129 pruned. 
[I 2026-07-13 15:21:53,355] Trial 1130 pruned. 
[I 2026-07-13 15:21:55,470] Trial 1131 pruned. 
[I 2026-07-13 15:21:56,576] Trial 1132 pruned. 
[I 2026-07-13 15:21:57,406] Trial 1133 pruned. 
[I 2026-07-13 15:21:59,865] Trial 1134 pruned. 
[I 2026-07-13 15:22:01,789] Trial 1135 pruned. 
[I 2026-07-13 15:22:02,964] Trial 1136 pruned. 
[I 2026-07-13 15:22:03,668] Trial 1137 pruned. 
[I 2026-07-13 15:22:04,895] Trial 1138 pruned. 
[I 2026-07-13 15:22:05,093] Trial 1139 pruned. 
[I 2026-07-13 15:22:05,796] Trial 1140 pruned. 
[I 2026-07-13 15:22:06,325] Trial 1141 pruned. 
[I 2026-07-13 15:22:07,008] Trial 1142 pruned. 
[I 2026-07-13 15:22:09,404] Trial 1143 finished with values: [38.521071837855914, -1793.2487245485972, 61.150000000000006] and parameters: {'sl_soft': 0.028493661686441754, 'sl_hard_delta': 0.03711888935185244, 'tp': 0.04012762247167773, 'gate_pct': 86.19964173782641, 'dd_limit': 8.885841469620775, 'cooldown': 29, 'flip': False, 'en_ema_trend': False, 'ema_trend_fast': 263, 'ema_trend_slow': 267, 'en_sma_trend': True, 'sma_trend_fast': 329, 'sma_trend_slow': 365, 'en_macd': False, 'macd_fast': 61, 'macd_slow': 127, 'macd_signal': 70, 'en_vwap': True, 'en_keltner': False, 'keltner_n': 185, 'keltner_m': 4.6000000000000005, 'en_obv': True, 'obv_slope': 68, 'en_cci': True, 'cci_n': 87, 'cci_threshold': 120, 'en_rsi': True, 'rsi_n': 73, 'rsi_lower': 6, 'rsi_upper': 75, 'en_stochastic': False, 'stochastic_n': 64, 'stochastic_d': 31, 'stochastic_lower': 44, 'stochastic_upper': 68, 'en_mfi': True, 'mfi_n': 66, 'mfi_lower': 8, 'mfi_upper': 85, 'en_bollinger': True, 'bollinger_n': 141, 'bollinger_k': 2.7, 'en_adx': False, 'adx_n': 90, 'adx_threshold': 43, 'en_structure_trend': False, 'structure_trend_swing_l': 14, 'en_order_block': False, 'order_block_swing_l': 10, 'en_fvg': False, 'fvg_lookback': 38, 'en_ifvg': False, 'en_breaker': True, 'breaker_swing_l': 16, 'en_cisd': False, 'k': 2, 'en_cap_bars': True, 'cap_1min': 241}.
[I 2026-07-13 15:22:11,106] Trial 1144 pruned. 
[I 2026-07-13 15:22:13,392] Trial 1145 pruned. 
[I 2026-07-13 15:22:15,266] Trial 1146 pruned. 
[I 2026-07-13 15:22:16,732] Trial 1147 pruned. 
[I 2026-07-13 15:22:17,971] Trial 1148 pruned. 
[I 2026-07-13 15:22:20,176] Trial 1149 pruned. 
[I 2026-07-13 15:22:21,942] Trial 1150 pruned. 
[I 2026-07-13 15:22:22,938] Trial 1151 pruned. 
[I 2026-07-13 15:22:24,086] Trial 1152 pruned. 
[I 2026-07-13 15:22:25,139] Trial 1153 pruned. 
[I 2026-07-13 15:22:25,379] Trial 1154 pruned. 
[I 2026-07-13 15:22:27,341] Trial 1155 pruned. 
[I 2026-07-13 15:22:28,351] Trial 1156 pruned. 
[I 2026-07-13 15:22:28,668] Trial 1157 pruned. 
[I 2026-07-13 15:22:30,998] Trial 1158 pruned. 
[I 2026-07-13 15:22:31,984] Trial 1159 pruned. 
[I 2026-07-13 15:22:32,243] Trial 1160 pruned. 
[I 2026-07-13 15:22:34,005] Trial 1161 pruned. 
[I 2026-07-13 15:22:35,190] Trial 1162 pruned. 
[I 2026-07-13 15:22:36,679] Trial 1163 pruned. 
[I 2026-07-13 15:22:37,787] Trial 1164 pruned. 
[I 2026-07-13 15:22:38,714] Trial 1165 pruned. 
[I 2026-07-13 15:22:41,949] Trial 1166 pruned. 
[I 2026-07-13 15:22:47,464] Trial 1167 pruned. 
[I 2026-07-13 15:22:48,945] Trial 1168 pruned. 
[I 2026-07-13 15:22:49,544] Trial 1169 pruned. 
[I 2026-07-13 15:22:50,695] Trial 1170 pruned. 
[I 2026-07-13 15:22:52,095] Trial 1171 pruned. 
[I 2026-07-13 15:22:52,986] Trial 1172 pruned. 
[I 2026-07-13 15:22:59,091] Trial 1173 pruned. 
[I 2026-07-13 15:23:00,454] Trial 1174 pruned. 
[I 2026-07-13 15:23:02,758] Trial 1175 pruned. 
[I 2026-07-13 15:23:04,330] Trial 1176 pruned. 
[I 2026-07-13 15:23:08,388] Trial 1177 pruned. 
[I 2026-07-13 15:23:10,215] Trial 1178 pruned. 
[I 2026-07-13 15:23:10,527] Trial 1179 pruned. 
[I 2026-07-13 15:23:11,522] Trial 1180 pruned. 
[I 2026-07-13 15:23:15,583] Trial 1181 pruned. 
[I 2026-07-13 15:23:18,525] Trial 1182 pruned. 
[I 2026-07-13 15:23:18,971] Trial 1183 pruned. 
[I 2026-07-13 15:23:20,222] Trial 1184 pruned. 
[I 2026-07-13 15:23:20,697] Trial 1185 pruned. 
[I 2026-07-13 15:23:21,596] Trial 1186 pruned. 
[I 2026-07-13 15:23:22,546] Trial 1187 pruned. 
[I 2026-07-13 15:23:23,490] Trial 1188 pruned. 
[I 2026-07-13 15:23:24,578] Trial 1189 pruned. 
[I 2026-07-13 15:23:25,779] Trial 1190 pruned. 
[I 2026-07-13 15:23:26,512] Trial 1191 pruned. 
[I 2026-07-13 15:23:27,517] Trial 1192 pruned. 
[I 2026-07-13 15:23:28,577] Trial 1193 pruned. 
[I 2026-07-13 15:23:30,331] Trial 1194 pruned. 
[I 2026-07-13 15:23:32,143] Trial 1195 pruned. 
[I 2026-07-13 15:23:32,919] Trial 1196 pruned. 
[I 2026-07-13 15:23:34,508] Trial 1197 pruned. 
[I 2026-07-13 15:23:35,672] Trial 1198 pruned. 
[I 2026-07-13 15:23:36,920] Trial 1199 pruned. 
[I 2026-07-13 15:23:37,089] Trial 1200 pruned. 
[I 2026-07-13 15:23:37,750] Trial 1201 pruned. 
[I 2026-07-13 15:23:38,647] Trial 1202 pruned. 
[I 2026-07-13 15:23:40,005] Trial 1203 pruned. 
[I 2026-07-13 15:23:40,521] Trial 1204 pruned. 
[I 2026-07-13 15:23:41,840] Trial 1205 pruned. 
[I 2026-07-13 15:23:43,545] Trial 1206 pruned. 
[I 2026-07-13 15:23:44,876] Trial 1207 pruned. 
[I 2026-07-13 15:23:46,973] Trial 1208 pruned. 
[I 2026-07-13 15:23:48,624] Trial 1209 pruned. 
[I 2026-07-13 15:23:50,564] Trial 1210 pruned. 
[I 2026-07-13 15:23:51,784] Trial 1211 pruned. 
[I 2026-07-13 15:23:53,216] Trial 1212 pruned. 
[I 2026-07-13 15:23:54,716] Trial 1213 pruned. 
[I 2026-07-13 15:23:56,043] Trial 1214 pruned. 
[I 2026-07-13 15:23:57,654] Trial 1215 pruned. 
[I 2026-07-13 15:23:58,414] Trial 1216 pruned. 
[I 2026-07-13 15:24:00,344] Trial 1217 pruned. 
[I 2026-07-13 15:24:01,343] Trial 1218 pruned. 
[I 2026-07-13 15:24:02,608] Trial 1219 pruned. 
[I 2026-07-13 15:24:04,122] Trial 1220 pruned. 
[I 2026-07-13 15:24:05,075] Trial 1221 pruned. 
[I 2026-07-13 15:24:05,509] Trial 1222 pruned. 
[I 2026-07-13 15:24:06,583] Trial 1223 pruned. 
[I 2026-07-13 15:24:07,880] Trial 1224 pruned. 
[I 2026-07-13 15:24:09,659] Trial 1225 pruned. 
[I 2026-07-13 15:24:10,781] Trial 1226 pruned. 
[I 2026-07-13 15:24:12,205] Trial 1227 pruned. 
[I 2026-07-13 15:24:13,903] Trial 1228 pruned. 
[I 2026-07-13 15:24:15,017] Trial 1229 pruned. 
[I 2026-07-13 15:24:15,817] Trial 1230 pruned. 
[I 2026-07-13 15:24:17,344] Trial 1231 pruned. 
[I 2026-07-13 15:24:18,298] Trial 1232 pruned. 
[I 2026-07-13 15:24:19,108] Trial 1233 pruned. 
[I 2026-07-13 15:24:21,106] Trial 1234 pruned. 
[I 2026-07-13 15:24:24,933] Trial 1235 pruned. 
[I 2026-07-13 15:24:26,137] Trial 1236 pruned. 
[I 2026-07-13 15:24:27,011] Trial 1237 pruned. 
[I 2026-07-13 15:24:27,964] Trial 1238 pruned. 
[I 2026-07-13 15:24:28,390] Trial 1239 pruned. 
[I 2026-07-13 15:24:28,606] Trial 1240 pruned. 
[I 2026-07-13 15:24:29,968] Trial 1241 pruned. 
[I 2026-07-13 15:24:30,781] Trial 1242 pruned. 
[I 2026-07-13 15:24:31,371] Trial 1243 pruned. 
[I 2026-07-13 15:24:32,471] Trial 1244 pruned. 
[I 2026-07-13 15:24:33,372] Trial 1245 pruned. 
[I 2026-07-13 15:24:34,151] Trial 1246 pruned. 
[I 2026-07-13 15:24:35,111] Trial 1247 pruned. 
[I 2026-07-13 15:24:35,793] Trial 1248 pruned. 
[I 2026-07-13 15:24:36,381] Trial 1249 pruned. 
[I 2026-07-13 15:24:36,661] Trial 1250 pruned. 
[I 2026-07-13 15:24:37,124] Trial 1251 pruned. 
[I 2026-07-13 15:24:38,543] Trial 1252 pruned. 
[I 2026-07-13 15:24:39,497] Trial 1253 pruned. 
[I 2026-07-13 15:24:40,110] Trial 1254 pruned. 
[I 2026-07-13 15:24:41,480] Trial 1255 pruned. 
[I 2026-07-13 15:24:43,248] Trial 1256 pruned. 
[I 2026-07-13 15:24:45,240] Trial 1257 pruned. 
[I 2026-07-13 15:24:46,602] Trial 1258 pruned. 
[I 2026-07-13 15:24:47,550] Trial 1259 pruned. 
[I 2026-07-13 15:24:48,930] Trial 1260 pruned. 
[I 2026-07-13 15:24:50,518] Trial 1261 pruned. 
[I 2026-07-13 15:24:51,790] Trial 1262 pruned. 
[I 2026-07-13 15:24:53,283] Trial 1263 pruned. 
[I 2026-07-13 15:24:53,573] Trial 1264 pruned. 
[I 2026-07-13 15:24:54,406] Trial 1265 pruned. 
[I 2026-07-13 15:24:55,520] Trial 1266 pruned. 
[I 2026-07-13 15:24:58,434] Trial 1267 pruned. 
[I 2026-07-13 15:24:59,332] Trial 1268 pruned. 
[I 2026-07-13 15:25:01,271] Trial 1269 pruned. 
[I 2026-07-13 15:25:02,469] Trial 1270 pruned. 
[I 2026-07-13 15:25:02,826] Trial 1271 pruned. 
[I 2026-07-13 15:25:03,321] Trial 1272 pruned. 
[I 2026-07-13 15:25:10,395] Trial 1273 finished with values: [-110.77585512104804, -862.6111531879133, 73.25] and parameters: {'sl_soft': 0.021810085384446468, 'sl_hard_delta': 0.021320472274953664, 'tp': 0.012541875799365151, 'gate_pct': 66.05598482608661, 'dd_limit': 9.649974800668184, 'cooldown': 4, 'flip': False, 'en_ema_trend': True, 'ema_trend_fast': 100, 'ema_trend_slow': 203, 'en_sma_trend': True, 'sma_trend_fast': 268, 'sma_trend_slow': 324, 'en_macd': True, 'macd_fast': 71, 'macd_slow': 133, 'macd_signal': 86, 'en_vwap': True, 'en_keltner': False, 'keltner_n': 85, 'keltner_m': 1.4, 'en_obv': True, 'obv_slope': 117, 'en_cci': False, 'cci_n': 149, 'cci_threshold': 100, 'en_rsi': False, 'rsi_n': 32, 'rsi_lower': 25, 'rsi_upper': 58, 'en_stochastic': True, 'stochastic_n': 24, 'stochastic_d': 8, 'stochastic_lower': 5, 'stochastic_upper': 58, 'en_mfi': False, 'mfi_n': 73, 'mfi_lower': 45, 'mfi_upper': 69, 'en_bollinger': True, 'bollinger_n': 35, 'bollinger_k': 1.1, 'en_adx': False, 'adx_n': 53, 'adx_threshold': 41, 'en_structure_trend': False, 'structure_trend_swing_l': 5, 'en_order_block': True, 'order_block_swing_l': 2, 'en_fvg': False, 'fvg_lookback': 34, 'en_ifvg': False, 'en_breaker': True, 'breaker_swing_l': 7, 'en_cisd': True, 'k': 1, 'en_cap_bars': True, 'cap_1min': 627}.
[I 2026-07-13 15:25:11,585] Trial 1274 pruned. 
[I 2026-07-13 15:25:12,145] Trial 1275 pruned. 
[I 2026-07-13 15:25:12,786] Trial 1276 pruned. 
[I 2026-07-13 15:25:14,579] Trial 1277 pruned. 
[I 2026-07-13 15:25:16,068] Trial 1278 pruned. 
[I 2026-07-13 15:25:17,150] Trial 1279 pruned. 
[I 2026-07-13 15:25:17,419] Trial 1280 pruned. 
[I 2026-07-13 15:25:18,384] Trial 1281 pruned. 
[I 2026-07-13 15:25:19,856] Trial 1282 pruned. 
[I 2026-07-13 15:25:21,858] Trial 1283 pruned. 
[I 2026-07-13 15:25:23,129] Trial 1284 pruned. 
[I 2026-07-13 15:25:25,968] Trial 1285 pruned. 
[I 2026-07-13 15:25:27,158] Trial 1286 pruned. 
[I 2026-07-13 15:25:28,714] Trial 1287 pruned. 
[I 2026-07-13 15:25:30,200] Trial 1288 pruned. 
[I 2026-07-13 15:25:31,670] Trial 1289 pruned. 
[I 2026-07-13 15:25:33,220] Trial 1290 pruned. 
[I 2026-07-13 15:25:35,071] Trial 1291 pruned. 
[I 2026-07-13 15:25:36,021] Trial 1292 pruned. 
[I 2026-07-13 15:25:37,709] Trial 1293 pruned. 
[I 2026-07-13 15:25:40,638] Trial 1294 pruned. 
[I 2026-07-13 15:25:41,034] Trial 1295 pruned. 
[I 2026-07-13 15:25:41,600] Trial 1296 pruned. 
[I 2026-07-13 15:25:43,442] Trial 1297 pruned. 
[I 2026-07-13 15:25:44,065] Trial 1298 pruned. 
[I 2026-07-13 15:25:45,447] Trial 1299 pruned. 
[I 2026-07-13 15:25:46,868] Trial 1300 pruned. 
[I 2026-07-13 15:25:48,611] Trial 1301 pruned. 
[I 2026-07-13 15:25:56,829] Trial 1302 finished with values: [-125.22058366899458, -379.4000912975548, 72.1] and parameters: {'sl_soft': 0.01998398987844476, 'sl_hard_delta': 0.017956019251315968, 'tp': 0.01183678808739887, 'gate_pct': 99.16215050807807, 'dd_limit': 0.4513858738163641, 'cooldown': 15, 'flip': True, 'en_ema_trend': True, 'ema_trend_fast': 270, 'ema_trend_slow': 391, 'en_sma_trend': False, 'sma_trend_fast': 120, 'sma_trend_slow': 232, 'en_macd': False, 'macd_fast': 4, 'macd_slow': 126, 'macd_signal': 50, 'en_vwap': False, 'en_keltner': False, 'keltner_n': 59, 'keltner_m': 1.5, 'en_obv': False, 'obv_slope': 38, 'en_cci': True, 'cci_n': 84, 'cci_threshold': 45, 'en_rsi': True, 'rsi_n': 41, 'rsi_lower': 20, 'rsi_upper': 95, 'en_stochastic': True, 'stochastic_n': 88, 'stochastic_d': 16, 'stochastic_lower': 27, 'stochastic_upper': 68, 'en_mfi': False, 'mfi_n': 6, 'mfi_lower': 38, 'mfi_upper': 51, 'en_bollinger': False, 'bollinger_n': 54, 'bollinger_k': 1.7000000000000002, 'en_adx': False, 'adx_n': 30, 'adx_threshold': 51, 'en_structure_trend': True, 'structure_trend_swing_l': 9, 'en_order_block': True, 'order_block_swing_l': 7, 'en_fvg': False, 'fvg_lookback': 9, 'en_ifvg': False, 'en_breaker': True, 'breaker_swing_l': 19, 'en_cisd': True, 'k': 2, 'en_cap_bars': False, 'cap_1min': 1339}.
[I 2026-07-13 15:25:58,035] Trial 1303 pruned. 
[I 2026-07-13 15:26:01,222] Trial 1304 pruned. 
[I 2026-07-13 15:26:03,619] Trial 1305 finished with values: [-261.177847779237, -1032.0940143593305, 47.25] and parameters: {'sl_soft': 0.012449898143873723, 'sl_hard_delta': 0.00793963460816193, 'tp': 0.01104713204540288, 'gate_pct': 96.87387275432529, 'dd_limit': 0.5820363533127576, 'cooldown': 0, 'flip': False, 'en_ema_trend': True, 'ema_trend_fast': 60, 'ema_trend_slow': 218, 'en_sma_trend': False, 'sma_trend_fast': 27, 'sma_trend_slow': 80, 'en_macd': False, 'macd_fast': 100, 'macd_slow': 150, 'macd_signal': 57, 'en_vwap': False, 'en_keltner': False, 'keltner_n': 70, 'keltner_m': 4.0, 'en_obv': False, 'obv_slope': 36, 'en_cci': False, 'cci_n': 180, 'cci_threshold': 260, 'en_rsi': True, 'rsi_n': 27, 'rsi_lower': 34, 'rsi_upper': 94, 'en_stochastic': False, 'stochastic_n': 96, 'stochastic_d': 27, 'stochastic_lower': 45, 'stochastic_upper': 76, 'en_mfi': True, 'mfi_n': 15, 'mfi_lower': 47, 'mfi_upper': 80, 'en_bollinger': True, 'bollinger_n': 176, 'bollinger_k': 0.9, 'en_adx': False, 'adx_n': 26, 'adx_threshold': 49, 'en_structure_trend': True, 'structure_trend_swing_l': 10, 'en_order_block': False, 'order_block_swing_l': 9, 'en_fvg': True, 'fvg_lookback': 39, 'en_ifvg': False, 'en_breaker': True, 'breaker_swing_l': 18, 'en_cisd': False, 'k': 5, 'en_cap_bars': False, 'cap_1min': 713}.
[I 2026-07-13 15:26:04,091] Trial 1306 finished with values: [-820.6488079406605, -2774.6947028299455, 40.150000000000006] and parameters: {'sl_soft': 0.011998380036411276, 'sl_hard_delta': 0.02708187816222719, 'tp': 0.04185334247550349, 'gate_pct': 79.76528290610023, 'dd_limit': 1.9549593836557686, 'cooldown': 2, 'flip': True, 'en_ema_trend': True, 'ema_trend_fast': 166, 'ema_trend_slow': 37, 'en_sma_trend': False, 'sma_trend_fast': 37, 'sma_trend_slow': 352, 'en_macd': True, 'macd_fast': 72, 'macd_slow': 45, 'macd_signal': 20, 'en_vwap': False, 'en_keltner': False, 'keltner_n': 62, 'keltner_m': 2.1, 'en_obv': False, 'obv_slope': 54, 'en_cci': True, 'cci_n': 132, 'cci_threshold': 270, 'en_rsi': False, 'rsi_n': 41, 'rsi_lower': 33, 'rsi_upper': 55, 'en_stochastic': False, 'stochastic_n': 48, 'stochastic_d': 44, 'stochastic_lower': 7, 'stochastic_upper': 85, 'en_mfi': False, 'mfi_n': 71, 'mfi_lower': 7, 'mfi_upper': 73, 'en_bollinger': False, 'bollinger_n': 153, 'bollinger_k': 4.5, 'en_adx': False, 'adx_n': 86, 'adx_threshold': 10, 'en_structure_trend': False, 'structure_trend_swing_l': 8, 'en_order_block': False, 'order_block_swing_l': 3, 'en_fvg': False, 'fvg_lookback': 46, 'en_ifvg': True, 'en_breaker': True, 'breaker_swing_l': 6, 'en_cisd': True, 'k': 1, 'en_cap_bars': True, 'cap_1min': 685}.
[I 2026-07-13 15:26:04,936] Trial 1307 pruned. 
[I 2026-07-13 15:26:07,761] Trial 1308 finished with values: [96.00374077901807, -3503.8282846949187, 49.95] and parameters: {'sl_soft': 0.015396926007329708, 'sl_hard_delta': 0.01974966680532401, 'tp': 0.03279738638812957, 'gate_pct': 88.42317797990142, 'dd_limit': 7.950087265986371, 'cooldown': 0, 'flip': True, 'en_ema_trend': False, 'ema_trend_fast': 22, 'ema_trend_slow': 350, 'en_sma_trend': True, 'sma_trend_fast': 347, 'sma_trend_slow': 51, 'en_macd': True, 'macd_fast': 29, 'macd_slow': 88, 'macd_signal': 19, 'en_vwap': True, 'en_keltner': False, 'keltner_n': 20, 'keltner_m': 1.2000000000000002, 'en_obv': True, 'obv_slope': 87, 'en_cci': True, 'cci_n': 116, 'cci_threshold': 25, 'en_rsi': False, 'rsi_n': 42, 'rsi_lower': 13, 'rsi_upper': 68, 'en_stochastic': False, 'stochastic_n': 66, 'stochastic_d': 21, 'stochastic_lower': 43, 'stochastic_upper': 94, 'en_mfi': True, 'mfi_n': 6, 'mfi_lower': 13, 'mfi_upper': 90, 'en_bollinger': False, 'bollinger_n': 94, 'bollinger_k': 0.9, 'en_adx': False, 'adx_n': 12, 'adx_threshold': 25, 'en_structure_trend': False, 'structure_trend_swing_l': 1, 'en_order_block': False, 'order_block_swing_l': 13, 'en_fvg': True, 'fvg_lookback': 21, 'en_ifvg': True, 'en_breaker': False, 'breaker_swing_l': 11, 'en_cisd': False, 'k': 1, 'en_cap_bars': True, 'cap_1min': 6}.
[I 2026-07-13 15:26:08,748] Trial 1309 pruned. 
