[I 2026-07-13 14:34:18,179] Trial 3005 finished with values: [6124.681029407259, -34947.35002314392, 57.75] and parameters: {'sl_soft': 0.1727021639078877, 'sl_hard_delta': 0.11082725310556857, 'tp': 0.1725121227053462, 'gate_pct': 94.04749196649728, 'dd_limit': 2.2378945291746732, 'cooldown': 1, 'flip': False, 'en_ema_trend': True, 'ema_trend_fast': 30, 'ema_trend_slow': 255, 'en_sma_trend': True, 'sma_trend_fast': 118, 'sma_trend_slow': 137, 'en_macd': False, 'macd_fast': 10, 'macd_slow': 12, 'macd_signal': 52, 'en_vwap': True, 'en_keltner': False, 'keltner_n': 9, 'keltner_m': 0.5, 'en_obv': True, 'obv_slope': 155, 'en_cci': False, 'cci_n': 18, 'cci_threshold': 180, 'en_rsi': True, 'rsi_n': 84, 'rsi_lower': 34, 'rsi_upper': 87, 'en_stochastic': False, 'stochastic_n': 61, 'stochastic_d': 50, 'stochastic_lower': 33, 'stochastic_upper': 60, 'en_mfi': True, 'mfi_n': 99, 'mfi_lower': 15, 'mfi_upper': 63, 'en_bollinger': True, 'bollinger_n': 142, 'bollinger_k': 5.0, 'en_adx': False, 'adx_n': 56, 'adx_threshold': 12, 'en_structure_trend': False, 'structure_trend_swing_l': 7, 'en_order_block': True, 'order_block_swing_l': 18, 'en_fvg': False, 'fvg_lookback': 44, 'en_ifvg': False, 'en_breaker': True, 'breaker_swing_l': 11, 'en_cisd': False, 'k': 4, 'en_cap_bars': False, 'cap_1min': 461}.
[I 2026-07-13 14:34:20,107] Trial 3006 pruned. 
[I 2026-07-13 14:34:21,151] Trial 3007 pruned. 
[I 2026-07-13 14:34:22,261] Trial 3008 pruned. 
[I 2026-07-13 14:34:23,586] Trial 3009 pruned. 
[I 2026-07-13 14:34:23,999] Trial 3010 pruned. 
[I 2026-07-13 14:34:26,368] Trial 3011 finished with values: [277.3712846115209, -6183.405924458399, 32.95] and parameters: {'sl_soft': 0.07157566221801506, 'sl_hard_delta': 0.2567649302278256, 'tp': 0.27261856423057984, 'gate_pct': 96.6342350251747, 'dd_limit': 7.573309416194954, 'cooldown': 0, 'flip': True, 'en_ema_trend': False, 'ema_trend_fast': 283, 'ema_trend_slow': 184, 'en_sma_trend': True, 'sma_trend_fast': 304, 'sma_trend_slow': 187, 'en_macd': False, 'macd_fast': 81, 'macd_slow': 157, 'macd_signal': 76, 'en_vwap': False, 'en_keltner': True, 'keltner_n': 33, 'keltner_m': 1.9000000000000001, 'en_obv': True, 'obv_slope': 92, 'en_cci': False, 'cci_n': 156, 'cci_threshold': 80, 'en_rsi': False, 'rsi_n': 81, 'rsi_lower': 3, 'rsi_upper': 61, 'en_stochastic': False, 'stochastic_n': 81, 'stochastic_d': 42, 'stochastic_lower': 4, 'stochastic_upper': 93, 'en_mfi': True, 'mfi_n': 78, 'mfi_lower': 12, 'mfi_upper': 80, 'en_bollinger': False, 'bollinger_n': 30, 'bollinger_k': 4.5, 'en_adx': False, 'adx_n': 19, 'adx_threshold': 36, 'en_structure_trend': True, 'structure_trend_swing_l': 13, 'en_order_block': False, 'order_block_swing_l': 1, 'en_fvg': True, 'fvg_lookback': 48, 'en_ifvg': True, 'en_breaker': True, 'breaker_swing_l': 15, 'en_cisd': True, 'k': 1, 'en_cap_bars': False, 'cap_1min': 1201}.
[I 2026-07-13 14:34:28,014] Trial 3012 pruned. 
[I 2026-07-13 14:34:29,562] Trial 3013 pruned. 
[I 2026-07-13 14:34:30,080] Trial 3014 pruned. 
[I 2026-07-13 14:34:30,503] Trial 3015 pruned. 
[I 2026-07-13 14:34:30,982] Trial 3016 pruned. 
[I 2026-07-13 14:34:32,172] Trial 3017 pruned. 
[I 2026-07-13 14:34:35,448] Trial 3018 pruned. 
[I 2026-07-13 14:34:36,033] Trial 3019 pruned. 
[I 2026-07-13 14:34:37,071] Trial 3020 pruned. 
[I 2026-07-13 14:34:37,946] Trial 3021 pruned. 
[I 2026-07-13 14:34:39,206] Trial 3022 pruned. 
[I 2026-07-13 14:34:40,473] Trial 3023 pruned. 
[I 2026-07-13 14:34:42,633] Trial 3024 pruned. 
[I 2026-07-13 14:34:43,174] Trial 3025 pruned. 
[I 2026-07-13 14:34:44,842] Trial 3026 pruned. 
[I 2026-07-13 14:34:45,215] Trial 3027 pruned. 
[I 2026-07-13 14:34:46,380] Trial 3028 pruned. 
[I 2026-07-13 14:34:46,934] Trial 3029 pruned. 
[I 2026-07-13 14:34:47,784] Trial 3030 pruned. 
[I 2026-07-13 14:34:48,801] Trial 3031 pruned. 
[I 2026-07-13 14:34:49,295] Trial 3032 pruned. 
[I 2026-07-13 14:34:53,340] Trial 3033 finished with values: [-1573.1945258681005, -4524.954877506426, 67.15] and parameters: {'sl_soft': 0.09151792323686637, 'sl_hard_delta': 0.2303434700470846, 'tp': 0.055000694192206434, 'gate_pct': 99.60506126830711, 'dd_limit': 6.5154853630492955, 'cooldown': 0, 'flip': True, 'en_ema_trend': True, 'ema_trend_fast': 97, 'ema_trend_slow': 212, 'en_sma_trend': True, 'sma_trend_fast': 265, 'sma_trend_slow': 50, 'en_macd': True, 'macd_fast': 18, 'macd_slow': 127, 'macd_signal': 98, 'en_vwap': False, 'en_keltner': False, 'keltner_n': 79, 'keltner_m': 0.7, 'en_obv': True, 'obv_slope': 92, 'en_cci': True, 'cci_n': 172, 'cci_threshold': 290, 'en_rsi': True, 'rsi_n': 56, 'rsi_lower': 28, 'rsi_upper': 90, 'en_stochastic': False, 'stochastic_n': 98, 'stochastic_d': 49, 'stochastic_lower': 21, 'stochastic_upper': 78, 'en_mfi': True, 'mfi_n': 97, 'mfi_lower': 27, 'mfi_upper': 51, 'en_bollinger': False, 'bollinger_n': 69, 'bollinger_k': 1.7000000000000002, 'en_adx': False, 'adx_n': 11, 'adx_threshold': 17, 'en_structure_trend': False, 'structure_trend_swing_l': 15, 'en_order_block': False, 'order_block_swing_l': 20, 'en_fvg': True, 'fvg_lookback': 24, 'en_ifvg': True, 'en_breaker': False, 'breaker_swing_l': 13, 'en_cisd': False, 'k': 4, 'en_cap_bars': False, 'cap_1min': 59}.
[I 2026-07-13 14:34:53,864] Trial 3034 pruned. 
[I 2026-07-13 14:34:54,503] Trial 3035 pruned. 
[I 2026-07-13 14:34:55,692] Trial 3036 pruned. 
[I 2026-07-13 14:34:58,569] Trial 3037 pruned. 
[I 2026-07-13 14:35:00,023] Trial 3038 pruned. 
[I 2026-07-13 14:35:00,391] Trial 3039 pruned. 
[I 2026-07-13 14:35:00,606] Trial 3040 pruned. 
[I 2026-07-13 14:35:01,710] Trial 3041 pruned. 
[I 2026-07-13 14:35:04,353] Trial 3042 pruned. 
[I 2026-07-13 14:35:05,415] Trial 3043 pruned. 
[I 2026-07-13 14:35:05,987] Trial 3044 pruned. 
[I 2026-07-13 14:35:07,497] Trial 3045 pruned. 
[I 2026-07-13 14:35:08,398] Trial 3046 pruned. 
[I 2026-07-13 14:35:09,531] Trial 3047 pruned. 
[I 2026-07-13 14:35:10,631] Trial 3048 pruned. 
[I 2026-07-13 14:35:11,644] Trial 3049 pruned. 
[I 2026-07-13 14:35:13,253] Trial 3050 pruned. 
[I 2026-07-13 14:35:14,256] Trial 3051 pruned. 
[I 2026-07-13 14:35:15,849] Trial 3052 pruned. 
[I 2026-07-13 14:35:17,868] Trial 3053 pruned. 
[I 2026-07-13 14:35:19,831] Trial 3054 pruned. 
[I 2026-07-13 14:35:22,157] Trial 3055 pruned. 
[I 2026-07-13 14:35:23,224] Trial 3056 pruned. 
[I 2026-07-13 14:35:24,688] Trial 3057 pruned. 
[I 2026-07-13 14:35:25,814] Trial 3058 pruned. 
[I 2026-07-13 14:35:26,962] Trial 3059 pruned. 
[I 2026-07-13 14:35:27,394] Trial 3060 pruned. 
[I 2026-07-13 14:35:28,573] Trial 3061 pruned. 
[I 2026-07-13 14:35:29,725] Trial 3062 pruned. 
[I 2026-07-13 14:35:30,900] Trial 3063 pruned. 
[I 2026-07-13 14:35:31,896] Trial 3064 pruned. 
[I 2026-07-13 14:35:33,101] Trial 3065 pruned. 
[I 2026-07-13 14:35:34,695] Trial 3066 pruned. 
[I 2026-07-13 14:35:35,148] Trial 3067 pruned. 
[I 2026-07-13 14:35:36,405] Trial 3068 pruned. 
[I 2026-07-13 14:35:37,485] Trial 3069 pruned. 
[I 2026-07-13 14:35:39,789] Trial 3070 pruned. 
[I 2026-07-13 14:35:41,908] Trial 3071 pruned. 
[I 2026-07-13 14:35:42,446] Trial 3072 pruned. 
[I 2026-07-13 14:35:42,975] Trial 3073 pruned. 
[I 2026-07-13 14:35:44,426] Trial 3074 pruned. 
[I 2026-07-13 14:35:46,073] Trial 3075 pruned. 
[I 2026-07-13 14:35:48,097] Trial 3076 pruned. 
[I 2026-07-13 14:35:49,187] Trial 3077 pruned. 
[I 2026-07-13 14:35:49,413] Trial 3078 pruned. 
[I 2026-07-13 14:35:50,443] Trial 3079 pruned. 
[I 2026-07-13 14:35:50,770] Trial 3080 pruned. 
[I 2026-07-13 14:35:52,785] Trial 3081 pruned. 
[I 2026-07-13 14:35:53,899] Trial 3082 pruned. 
[I 2026-07-13 14:35:55,814] Trial 3083 pruned. 
[I 2026-07-13 14:35:57,108] Trial 3084 pruned. 
[I 2026-07-13 14:35:58,753] Trial 3085 pruned. 
[I 2026-07-13 14:35:59,798] Trial 3086 pruned. 
[I 2026-07-13 14:36:00,674] Trial 3087 pruned. 
[I 2026-07-13 14:36:01,707] Trial 3088 pruned. 
[I 2026-07-13 14:36:02,767] Trial 3089 pruned. 
[I 2026-07-13 14:36:03,843] Trial 3090 pruned. 
[I 2026-07-13 14:36:04,424] Trial 3091 pruned. 
[I 2026-07-13 14:36:04,754] Trial 3092 pruned. 
[I 2026-07-13 14:36:06,851] Trial 3093 pruned. 
[I 2026-07-13 14:36:07,476] Trial 3094 pruned. 
[I 2026-07-13 14:36:09,129] Trial 3095 pruned. 
[I 2026-07-13 14:36:09,731] Trial 3096 pruned. 
[I 2026-07-13 14:36:10,804] Trial 3097 pruned. 
[I 2026-07-13 14:36:11,644] Trial 3098 pruned. 
[I 2026-07-13 14:36:11,978] Trial 3099 pruned. 
[I 2026-07-13 14:36:12,774] Trial 3100 pruned. 
[I 2026-07-13 14:36:13,262] Trial 3101 pruned. 
[I 2026-07-13 14:36:13,772] Trial 3102 pruned. 
[I 2026-07-13 14:36:15,725] Trial 3103 pruned. 
[I 2026-07-13 14:36:17,033] Trial 3104 pruned. 
[I 2026-07-13 14:36:17,366] Trial 3105 pruned. 
[I 2026-07-13 14:36:18,597] Trial 3106 pruned. 
[I 2026-07-13 14:36:19,789] Trial 3107 pruned. 
[I 2026-07-13 14:36:20,549] Trial 3108 pruned. 
[I 2026-07-13 14:36:21,442] Trial 3109 pruned. 
[I 2026-07-13 14:36:22,128] Trial 3110 pruned. 
[I 2026-07-13 14:36:23,548] Trial 3111 pruned. 
[I 2026-07-13 14:36:24,665] Trial 3112 pruned. 
[I 2026-07-13 14:36:25,892] Trial 3113 pruned. 
[I 2026-07-13 14:36:27,008] Trial 3114 pruned. 
[I 2026-07-13 14:36:28,146] Trial 3115 pruned. 
[I 2026-07-13 14:36:28,882] Trial 3116 pruned. 
[I 2026-07-13 14:36:30,547] Trial 3117 pruned. 
[I 2026-07-13 14:36:31,129] Trial 3118 pruned. 
[I 2026-07-13 14:36:32,279] Trial 3119 pruned. 
[I 2026-07-13 14:36:32,509] Trial 3120 pruned. 
[I 2026-07-13 14:36:33,492] Trial 3121 pruned. 
[I 2026-07-13 14:36:34,682] Trial 3122 pruned. 
[I 2026-07-13 14:36:35,635] Trial 3123 pruned. 
[I 2026-07-13 14:36:36,623] Trial 3124 pruned. 
[I 2026-07-13 14:36:37,947] Trial 3125 pruned. 
[I 2026-07-13 14:36:38,862] Trial 3126 pruned. 
[I 2026-07-13 14:36:39,994] Trial 3127 pruned. 
[I 2026-07-13 14:36:42,428] Trial 3128 pruned. 
[I 2026-07-13 14:36:43,038] Trial 3129 pruned. 
[I 2026-07-13 14:36:43,904] Trial 3130 pruned. 
[I 2026-07-13 14:36:44,648] Trial 3131 pruned. 
[I 2026-07-13 14:36:46,059] Trial 3132 pruned. 
[I 2026-07-13 14:36:46,971] Trial 3133 pruned. 
[I 2026-07-13 14:36:48,803] Trial 3134 pruned. 
[I 2026-07-13 14:36:49,910] Trial 3135 pruned. 
[I 2026-07-13 14:36:51,288] Trial 3136 pruned. 
[I 2026-07-13 14:36:52,513] Trial 3137 pruned. 
[I 2026-07-13 14:36:53,814] Trial 3138 pruned. 
[I 2026-07-13 14:36:55,359] Trial 3139 pruned. 
[I 2026-07-13 14:36:57,044] Trial 3140 pruned. 
[I 2026-07-13 14:36:58,725] Trial 3141 pruned. 
[I 2026-07-13 14:36:59,863] Trial 3142 pruned. 
[I 2026-07-13 14:37:00,899] Trial 3143 pruned. 
[I 2026-07-13 14:37:01,513] Trial 3144 pruned. 
[I 2026-07-13 14:37:02,786] Trial 3145 pruned. 
[I 2026-07-13 14:37:04,507] Trial 3146 pruned. 
[I 2026-07-13 14:37:05,080] Trial 3147 pruned. 
[I 2026-07-13 14:37:07,388] Trial 3148 pruned. 
[I 2026-07-13 14:37:07,964] Trial 3149 pruned. 
[I 2026-07-13 14:37:08,877] Trial 3150 pruned. 
[I 2026-07-13 14:37:09,594] Trial 3151 pruned. 
[I 2026-07-13 14:37:19,028] Trial 3152 finished with values: [3701.5857958781776, -11829.409276508402, 57.3] and parameters: {'sl_soft': 0.09951309834345903, 'sl_hard_delta': 0.16147157280469934, 'tp': 0.12154047473748539, 'gate_pct': 98.11348314618391, 'dd_limit': 8.444088585034967, 'cooldown': 1, 'flip': False, 'en_ema_trend': True, 'ema_trend_fast': 286, 'ema_trend_slow': 153, 'en_sma_trend': True, 'sma_trend_fast': 225, 'sma_trend_slow': 333, 'en_macd': True, 'macd_fast': 19, 'macd_slow': 51, 'macd_signal': 85, 'en_vwap': True, 'en_keltner': False, 'keltner_n': 182, 'keltner_m': 4.1, 'en_obv': False, 'obv_slope': 9, 'en_cci': False, 'cci_n': 82, 'cci_threshold': 160, 'en_rsi': True, 'rsi_n': 17, 'rsi_lower': 31, 'rsi_upper': 87, 'en_stochastic': False, 'stochastic_n': 19, 'stochastic_d': 5, 'stochastic_lower': 11, 'stochastic_upper': 62, 'en_mfi': True, 'mfi_n': 45, 'mfi_lower': 24, 'mfi_upper': 84, 'en_bollinger': False, 'bollinger_n': 200, 'bollinger_k': 1.9000000000000001, 'en_adx': True, 'adx_n': 2, 'adx_threshold': 55, 'en_structure_trend': False, 'structure_trend_swing_l': 3, 'en_order_block': True, 'order_block_swing_l': 17, 'en_fvg': False, 'fvg_lookback': 48, 'en_ifvg': False, 'en_breaker': False, 'breaker_swing_l': 11, 'en_cisd': True, 'k': 1, 'en_cap_bars': False, 'cap_1min': 1023}.
[I 2026-07-13 14:37:20,201] Trial 3153 pruned. 
[I 2026-07-13 14:37:22,192] Trial 3154 pruned. 
[I 2026-07-13 14:37:23,640] Trial 3155 pruned. 
[I 2026-07-13 14:37:24,931] Trial 3156 pruned. 
[I 2026-07-13 14:37:27,148] Trial 3157 pruned. 
[I 2026-07-13 14:37:28,359] Trial 3158 pruned. 
[I 2026-07-13 14:37:29,629] Trial 3159 pruned. 
[I 2026-07-13 14:37:29,959] Trial 3160 pruned. 
[I 2026-07-13 14:37:30,923] Trial 3161 pruned. 
[I 2026-07-13 14:37:31,331] Trial 3162 pruned. 
[I 2026-07-13 14:37:32,691] Trial 3163 pruned. 
[I 2026-07-13 14:37:34,255] Trial 3164 pruned. 
[I 2026-07-13 14:37:35,556] Trial 3165 pruned. 
[I 2026-07-13 14:37:38,331] Trial 3166 pruned. 
[I 2026-07-13 14:37:39,297] Trial 3167 pruned. 
[I 2026-07-13 14:37:40,841] Trial 3168 pruned. 
[I 2026-07-13 14:37:41,753] Trial 3169 pruned. 
[I 2026-07-13 14:37:42,356] Trial 3170 pruned. 
[I 2026-07-13 14:37:44,063] Trial 3171 pruned. 
[I 2026-07-13 14:37:45,902] Trial 3172 pruned. 
[I 2026-07-13 14:37:46,862] Trial 3173 pruned. 
[I 2026-07-13 14:37:48,981] Trial 3174 pruned. 
[I 2026-07-13 14:37:50,774] Trial 3175 pruned. 
[I 2026-07-13 14:37:51,727] Trial 3176 pruned. 
[I 2026-07-13 14:37:52,830] Trial 3177 pruned. 
[I 2026-07-13 14:37:53,553] Trial 3178 pruned. 
[I 2026-07-13 14:37:54,045] Trial 3179 pruned. 
[I 2026-07-13 14:37:54,337] Trial 3180 pruned. 
[I 2026-07-13 14:37:55,577] Trial 3181 pruned. 
[I 2026-07-13 14:37:56,618] Trial 3182 pruned. 
[I 2026-07-13 14:37:57,917] Trial 3183 pruned. 
[I 2026-07-13 14:37:58,941] Trial 3184 pruned. 
[I 2026-07-13 14:37:59,965] Trial 3185 pruned. 
[I 2026-07-13 14:38:01,046] Trial 3186 pruned. 
[I 2026-07-13 14:38:02,766] Trial 3187 pruned. 
[I 2026-07-13 14:38:03,829] Trial 3188 pruned. 
[I 2026-07-13 14:38:04,664] Trial 3189 pruned. 
[I 2026-07-13 14:38:05,092] Trial 3190 pruned. 
[I 2026-07-13 14:38:06,023] Trial 3191 pruned. 
[I 2026-07-13 14:38:07,108] Trial 3192 pruned. 
[I 2026-07-13 14:38:07,786] Trial 3193 pruned. 
[I 2026-07-13 14:38:10,356] Trial 3194 pruned. 
[I 2026-07-13 14:38:11,661] Trial 3195 pruned. 
[I 2026-07-13 14:38:12,454] Trial 3196 pruned. 
[I 2026-07-13 14:38:16,115] Trial 3197 finished with values: [327.6140810314132, -12193.341437276573, 74.35] and parameters: {'sl_soft': 0.10563199232207829, 'sl_hard_delta': 0.25261279896851124, 'tp': 0.050403042160839795, 'gate_pct': 99.80126570295228, 'dd_limit': 3.764472083874483, 'cooldown': 3, 'flip': False, 'en_ema_trend': True, 'ema_trend_fast': 367, 'ema_trend_slow': 100, 'en_sma_trend': True, 'sma_trend_fast': 372, 'sma_trend_slow': 283, 'en_macd': True, 'macd_fast': 12, 'macd_slow': 43, 'macd_signal': 76, 'en_vwap': True, 'en_keltner': False, 'keltner_n': 89, 'keltner_m': 2.8000000000000003, 'en_obv': True, 'obv_slope': 52, 'en_cci': True, 'cci_n': 92, 'cci_threshold': 35, 'en_rsi': False, 'rsi_n': 75, 'rsi_lower': 30, 'rsi_upper': 76, 'en_stochastic': False, 'stochastic_n': 8, 'stochastic_d': 31, 'stochastic_lower': 10, 'stochastic_upper': 89, 'en_mfi': True, 'mfi_n': 56, 'mfi_lower': 45, 'mfi_upper': 84, 'en_bollinger': False, 'bollinger_n': 120, 'bollinger_k': 1.2000000000000002, 'en_adx': False, 'adx_n': 20, 'adx_threshold': 27, 'en_structure_trend': False, 'structure_trend_swing_l': 1, 'en_order_block': False, 'order_block_swing_l': 19, 'en_fvg': True, 'fvg_lookback': 19, 'en_ifvg': True, 'en_breaker': True, 'breaker_swing_l': 19, 'en_cisd': True, 'k': 1, 'en_cap_bars': True, 'cap_1min': 852}.
[I 2026-07-13 14:38:17,113] Trial 3198 pruned. 
[I 2026-07-13 14:38:17,593] Trial 3199 pruned. 
[I 2026-07-13 14:38:17,851] Trial 3200 pruned. 
[I 2026-07-13 14:38:21,097] Trial 3201 pruned. 
[I 2026-07-13 14:38:21,650] Trial 3202 pruned. 
[I 2026-07-13 14:38:22,629] Trial 3203 pruned. 
[I 2026-07-13 14:38:24,698] Trial 3204 pruned. 
[I 2026-07-13 14:38:25,218] Trial 3205 pruned. 
[I 2026-07-13 14:38:26,444] Trial 3206 pruned. 
[I 2026-07-13 14:38:29,511] Trial 3207 pruned. 
[I 2026-07-13 14:38:33,415] Trial 3208 pruned. 
[I 2026-07-13 14:38:36,045] Trial 3209 pruned. 
[I 2026-07-13 14:38:38,421] Trial 3210 pruned. 
[I 2026-07-13 14:38:40,263] Trial 3211 pruned. 
[I 2026-07-13 14:38:41,138] Trial 3212 pruned. 
[I 2026-07-13 14:38:41,452] Trial 3213 pruned. 
[I 2026-07-13 14:38:46,250] Trial 3214 pruned. 
[I 2026-07-13 14:38:46,756] Trial 3215 pruned. 
[I 2026-07-13 14:38:48,164] Trial 3216 pruned. 
[I 2026-07-13 14:38:49,594] Trial 3217 pruned. 
[I 2026-07-13 14:38:50,700] Trial 3218 pruned. 
[I 2026-07-13 14:38:51,740] Trial 3219 pruned. 
[I 2026-07-13 14:38:52,430] Trial 3220 pruned. 
[I 2026-07-13 14:38:53,878] Trial 3221 pruned. 
[I 2026-07-13 14:38:55,035] Trial 3222 pruned. 
[I 2026-07-13 14:38:55,609] Trial 3223 pruned. 
[I 2026-07-13 14:38:57,665] Trial 3224 pruned. 
[I 2026-07-13 14:38:58,468] Trial 3225 pruned. 
[I 2026-07-13 14:38:59,850] Trial 3226 pruned. 
[I 2026-07-13 14:39:00,708] Trial 3227 pruned. 
[I 2026-07-13 14:39:01,973] Trial 3228 pruned. 
[I 2026-07-13 14:39:04,873] Trial 3229 pruned. 
[I 2026-07-13 14:39:06,730] Trial 3230 pruned. 
[I 2026-07-13 14:39:07,150] Trial 3231 pruned. 
[I 2026-07-13 14:39:07,829] Trial 3232 pruned. 
[I 2026-07-13 14:39:09,813] Trial 3233 pruned. 
[I 2026-07-13 14:39:11,385] Trial 3234 pruned. 
[I 2026-07-13 14:39:12,619] Trial 3235 pruned. 
[I 2026-07-13 14:39:14,673] Trial 3236 pruned. 
[I 2026-07-13 14:39:15,597] Trial 3237 pruned. 
[I 2026-07-13 14:39:17,131] Trial 3238 pruned. 
[I 2026-07-13 14:39:20,733] Trial 3239 pruned. 
[I 2026-07-13 14:39:20,973] Trial 3240 pruned. 
[I 2026-07-13 14:39:22,206] Trial 3241 pruned. 
[I 2026-07-13 14:39:22,534] Trial 3242 pruned. 
[I 2026-07-13 14:39:23,506] Trial 3243 pruned. 
[I 2026-07-13 14:39:24,590] Trial 3244 pruned. 
[I 2026-07-13 14:39:25,768] Trial 3245 pruned. 
[I 2026-07-13 14:39:26,833] Trial 3246 pruned. 
[I 2026-07-13 14:39:28,191] Trial 3247 pruned. 
[I 2026-07-13 14:39:29,086] Trial 3248 pruned. 
[I 2026-07-13 14:39:30,876] Trial 3249 pruned. 
[I 2026-07-13 14:39:31,564] Trial 3250 pruned. 
[I 2026-07-13 14:39:32,633] Trial 3251 pruned. 
[I 2026-07-13 14:39:34,138] Trial 3252 pruned. 
[I 2026-07-13 14:39:35,455] Trial 3253 pruned. 
[I 2026-07-13 14:39:36,560] Trial 3254 pruned. 
[I 2026-07-13 14:39:39,648] Trial 3255 pruned. 
[I 2026-07-13 14:39:40,949] Trial 3256 pruned. 
[I 2026-07-13 14:39:42,203] Trial 3257 pruned. 
[I 2026-07-13 14:39:43,238] Trial 3258 pruned. 
[I 2026-07-13 14:39:44,552] Trial 3259 pruned. 
[I 2026-07-13 14:39:45,164] Trial 3260 pruned. 
[I 2026-07-13 14:39:46,327] Trial 3261 pruned. 
[I 2026-07-13 14:39:48,138] Trial 3262 pruned. 
[I 2026-07-13 14:39:49,130] Trial 3263 pruned. 
[I 2026-07-13 14:39:50,609] Trial 3264 pruned. 
[I 2026-07-13 14:39:51,348] Trial 3265 pruned. 
[I 2026-07-13 14:39:52,090] Trial 3266 pruned. 
[I 2026-07-13 14:39:53,448] Trial 3267 pruned. 
[I 2026-07-13 14:39:54,642] Trial 3268 pruned. 
[I 2026-07-13 14:39:56,081] Trial 3269 pruned. 
[I 2026-07-13 14:39:57,332] Trial 3270 pruned. 
[I 2026-07-13 14:39:57,903] Trial 3271 pruned. 
[I 2026-07-13 14:39:58,432] Trial 3272 pruned. 
[I 2026-07-13 14:39:59,639] Trial 3273 pruned. 
[I 2026-07-13 14:40:01,719] Trial 3274 pruned. 
[I 2026-07-13 14:40:03,547] Trial 3275 pruned. 
[I 2026-07-13 14:40:04,305] Trial 3276 pruned. 
[I 2026-07-13 14:40:05,984] Trial 3277 pruned. 
[I 2026-07-13 14:40:08,348] Trial 3278 pruned. 
[I 2026-07-13 14:40:09,513] Trial 3279 pruned. 
[I 2026-07-13 14:40:09,762] Trial 3280 pruned. 
[I 2026-07-13 14:40:10,052] Trial 3281 pruned. 
[I 2026-07-13 14:40:11,613] Trial 3282 pruned. 
[I 2026-07-13 14:40:12,474] Trial 3283 pruned. 
[I 2026-07-13 14:40:13,834] Trial 3284 pruned. 
[I 2026-07-13 14:40:15,770] Trial 3285 pruned. 
[I 2026-07-13 14:40:16,866] Trial 3286 pruned. 
[I 2026-07-13 14:40:18,770] Trial 3287 pruned. 
[I 2026-07-13 14:40:19,702] Trial 3288 pruned. 
[I 2026-07-13 14:40:20,143] Trial 3289 pruned. 
[I 2026-07-13 14:40:21,133] Trial 3290 pruned. 
[I 2026-07-13 14:40:21,877] Trial 3291 pruned. 
[I 2026-07-13 14:40:22,186] Trial 3292 pruned. 
[I 2026-07-13 14:40:23,358] Trial 3293 pruned. 
[I 2026-07-13 14:40:24,017] Trial 3294 pruned. 
[I 2026-07-13 14:40:24,905] Trial 3295 pruned. 
[I 2026-07-13 14:40:26,024] Trial 3296 pruned. 
[I 2026-07-13 14:40:27,333] Trial 3297 pruned. 
[I 2026-07-13 14:40:28,364] Trial 3298 pruned. 
[I 2026-07-13 14:40:29,878] Trial 3299 pruned. 
[I 2026-07-13 14:40:31,800] Trial 3300 pruned. 
[I 2026-07-13 14:40:32,941] Trial 3301 pruned. 
[I 2026-07-13 14:40:34,804] Trial 3302 pruned. 
[I 2026-07-13 14:40:36,064] Trial 3303 pruned. 
[I 2026-07-13 14:40:37,524] Trial 3304 pruned. 
[I 2026-07-13 14:40:38,396] Trial 3305 pruned. 
[I 2026-07-13 14:40:40,492] Trial 3306 pruned. 
[I 2026-07-13 14:40:42,467] Trial 3307 pruned. 
[I 2026-07-13 14:40:43,510] Trial 3308 pruned. 
[I 2026-07-13 14:40:44,860] Trial 3309 pruned. 
[I 2026-07-13 14:40:45,744] Trial 3310 pruned. 
[I 2026-07-13 14:40:46,391] Trial 3311 pruned. 
[I 2026-07-13 14:40:46,949] Trial 3312 pruned. 
[I 2026-07-13 14:40:48,374] Trial 3313 pruned. 
[I 2026-07-13 14:40:49,388] Trial 3314 pruned. 
[I 2026-07-13 14:40:49,853] Trial 3315 pruned. 
[I 2026-07-13 14:40:51,223] Trial 3316 pruned. 
[I 2026-07-13 14:40:52,185] Trial 3317 pruned. 
[I 2026-07-13 14:40:53,650] Trial 3318 pruned. 
[I 2026-07-13 14:40:54,116] Trial 3319 pruned. 
[I 2026-07-13 14:40:55,604] Trial 3320 pruned. 
[I 2026-07-13 14:40:56,795] Trial 3321 pruned. 
[I 2026-07-13 14:40:58,178] Trial 3322 pruned. 
[I 2026-07-13 14:40:59,501] Trial 3323 pruned. 
