[I 2026-07-13 14:49:23,137] Trial 3567 finished with values: [1222.3659520165593, -8360.010665190097, 44.55] and parameters: {'sl_soft': 0.09577715710936688, 'sl_hard_delta': 0.25884354015921396, 'tp': 0.27261856423057984, 'gate_pct': 97.00844078669539, 'dd_limit': 7.364744278329123, 'cooldown': 0, 'flip': True, 'en_ema_trend': True, 'ema_trend_fast': 23, 'ema_trend_slow': 133, 'en_sma_trend': False, 'sma_trend_fast': 304, 'sma_trend_slow': 187, 'en_macd': True, 'macd_fast': 81, 'macd_slow': 3, 'macd_signal': 76, 'en_vwap': True, 'en_keltner': False, 'keltner_n': 48, 'keltner_m': 0.8, 'en_obv': True, 'obv_slope': 162, 'en_cci': True, 'cci_n': 120, 'cci_threshold': 50, 'en_rsi': False, 'rsi_n': 74, 'rsi_lower': 3, 'rsi_upper': 74, 'en_stochastic': False, 'stochastic_n': 27, 'stochastic_d': 6, 'stochastic_lower': 27, 'stochastic_upper': 98, 'en_mfi': False, 'mfi_n': 28, 'mfi_lower': 42, 'mfi_upper': 80, 'en_bollinger': True, 'bollinger_n': 172, 'bollinger_k': 2.0, 'en_adx': False, 'adx_n': 91, 'adx_threshold': 36, 'en_structure_trend': True, 'structure_trend_swing_l': 13, 'en_order_block': True, 'order_block_swing_l': 1, 'en_fvg': False, 'fvg_lookback': 15, 'en_ifvg': True, 'en_breaker': False, 'breaker_swing_l': 13, 'en_cisd': True, 'k': 3, 'en_cap_bars': True, 'cap_1min': 495}.
[I 2026-07-13 14:49:25,766] Trial 3568 finished with values: [-2370.3610923354645, -6969.380586786116, 38.95] and parameters: {'sl_soft': 0.11865130784393677, 'sl_hard_delta': 0.12120312994638278, 'tp': 0.22717864419781153, 'gate_pct': 97.28704165170988, 'dd_limit': 0.23735305616742414, 'cooldown': 4, 'flip': True, 'en_ema_trend': True, 'ema_trend_fast': 270, 'ema_trend_slow': 304, 'en_sma_trend': False, 'sma_trend_fast': 120, 'sma_trend_slow': 232, 'en_macd': False, 'macd_fast': 80, 'macd_slow': 126, 'macd_signal': 18, 'en_vwap': True, 'en_keltner': True, 'keltner_n': 59, 'keltner_m': 1.5, 'en_obv': False, 'obv_slope': 25, 'en_cci': True, 'cci_n': 54, 'cci_threshold': 45, 'en_rsi': False, 'rsi_n': 68, 'rsi_lower': 25, 'rsi_upper': 81, 'en_stochastic': False, 'stochastic_n': 24, 'stochastic_d': 2, 'stochastic_lower': 40, 'stochastic_upper': 68, 'en_mfi': False, 'mfi_n': 11, 'mfi_lower': 38, 'mfi_upper': 51, 'en_bollinger': False, 'bollinger_n': 54, 'bollinger_k': 1.7000000000000002, 'en_adx': False, 'adx_n': 30, 'adx_threshold': 51, 'en_structure_trend': True, 'structure_trend_swing_l': 9, 'en_order_block': True, 'order_block_swing_l': 13, 'en_fvg': False, 'fvg_lookback': 9, 'en_ifvg': False, 'en_breaker': True, 'breaker_swing_l': 8, 'en_cisd': True, 'k': 2, 'en_cap_bars': False, 'cap_1min': 483}.
[I 2026-07-13 14:49:28,474] Trial 3569 finished with values: [1294.495662289919, -16260.482132416311, 33.3] and parameters: {'sl_soft': 0.03831170427958211, 'sl_hard_delta': 0.17205901873591917, 'tp': 0.2247798264915968, 'gate_pct': 95.15790739353048, 'dd_limit': 3.2180873254465436, 'cooldown': 1, 'flip': False, 'en_ema_trend': True, 'ema_trend_fast': 126, 'ema_trend_slow': 2, 'en_sma_trend': False, 'sma_trend_fast': 134, 'sma_trend_slow': 377, 'en_macd': True, 'macd_fast': 20, 'macd_slow': 168, 'macd_signal': 74, 'en_vwap': False, 'en_keltner': False, 'keltner_n': 177, 'keltner_m': 0.5, 'en_obv': False, 'obv_slope': 18, 'en_cci': True, 'cci_n': 34, 'cci_threshold': 65, 'en_rsi': True, 'rsi_n': 97, 'rsi_lower': 31, 'rsi_upper': 71, 'en_stochastic': False, 'stochastic_n': 78, 'stochastic_d': 40, 'stochastic_lower': 20, 'stochastic_upper': 58, 'en_mfi': True, 'mfi_n': 52, 'mfi_lower': 2, 'mfi_upper': 79, 'en_bollinger': False, 'bollinger_n': 165, 'bollinger_k': 1.3, 'en_adx': False, 'adx_n': 77, 'adx_threshold': 44, 'en_structure_trend': True, 'structure_trend_swing_l': 3, 'en_order_block': True, 'order_block_swing_l': 6, 'en_fvg': False, 'fvg_lookback': 17, 'en_ifvg': True, 'en_breaker': False, 'breaker_swing_l': 12, 'en_cisd': False, 'k': 4, 'en_cap_bars': True, 'cap_1min': 1343}.
[I 2026-07-13 14:49:30,874] Trial 3570 finished with values: [234.78775329897937, -7288.383852979123, 54.3] and parameters: {'sl_soft': 0.06917576547684445, 'sl_hard_delta': 0.20098961507352478, 'tp': 0.09560500440520342, 'gate_pct': 98.58299891691806, 'dd_limit': 3.2180873254465436, 'cooldown': 1, 'flip': False, 'en_ema_trend': True, 'ema_trend_fast': 278, 'ema_trend_slow': 2, 'en_sma_trend': False, 'sma_trend_fast': 153, 'sma_trend_slow': 154, 'en_macd': True, 'macd_fast': 89, 'macd_slow': 74, 'macd_signal': 74, 'en_vwap': False, 'en_keltner': True, 'keltner_n': 131, 'keltner_m': 0.5, 'en_obv': False, 'obv_slope': 18, 'en_cci': True, 'cci_n': 120, 'cci_threshold': 45, 'en_rsi': True, 'rsi_n': 95, 'rsi_lower': 34, 'rsi_upper': 63, 'en_stochastic': False, 'stochastic_n': 90, 'stochastic_d': 32, 'stochastic_lower': 21, 'stochastic_upper': 73, 'en_mfi': False, 'mfi_n': 56, 'mfi_lower': 45, 'mfi_upper': 72, 'en_bollinger': True, 'bollinger_n': 100, 'bollinger_k': 4.5, 'en_adx': False, 'adx_n': 59, 'adx_threshold': 10, 'en_structure_trend': True, 'structure_trend_swing_l': 20, 'en_order_block': True, 'order_block_swing_l': 5, 'en_fvg': True, 'fvg_lookback': 26, 'en_ifvg': True, 'en_breaker': False, 'breaker_swing_l': 11, 'en_cisd': False, 'k': 5, 'en_cap_bars': True, 'cap_1min': 1343}.
[I 2026-07-13 14:49:33,218] Trial 3571 finished with values: [2731.8006950046934, -8324.574502779782, 60.6] and parameters: {'sl_soft': 0.11865130784393677, 'sl_hard_delta': 0.12120312994638278, 'tp': 0.22717864419781153, 'gate_pct': 99.16215050807807, 'dd_limit': 0.4513858738163641, 'cooldown': 1, 'flip': False, 'en_ema_trend': False, 'ema_trend_fast': 270, 'ema_trend_slow': 304, 'en_sma_trend': True, 'sma_trend_fast': 360, 'sma_trend_slow': 35, 'en_macd': False, 'macd_fast': 80, 'macd_slow': 126, 'macd_signal': 18, 'en_vwap': True, 'en_keltner': True, 'keltner_n': 123, 'keltner_m': 1.5, 'en_obv': False, 'obv_slope': 69, 'en_cci': False, 'cci_n': 104, 'cci_threshold': 300, 'en_rsi': False, 'rsi_n': 100, 'rsi_lower': 20, 'rsi_upper': 95, 'en_stochastic': False, 'stochastic_n': 62, 'stochastic_d': 16, 'stochastic_lower': 27, 'stochastic_upper': 57, 'en_mfi': True, 'mfi_n': 6, 'mfi_lower': 38, 'mfi_upper': 68, 'en_bollinger': False, 'bollinger_n': 54, 'bollinger_k': 1.7000000000000002, 'en_adx': False, 'adx_n': 30, 'adx_threshold': 35, 'en_structure_trend': False, 'structure_trend_swing_l': 2, 'en_order_block': False, 'order_block_swing_l': 7, 'en_fvg': False, 'fvg_lookback': 35, 'en_ifvg': False, 'en_breaker': True, 'breaker_swing_l': 6, 'en_cisd': True, 'k': 4, 'en_cap_bars': True, 'cap_1min': 262}.
[I 2026-07-13 14:49:33,687] Trial 3572 pruned. 
[I 2026-07-13 14:49:34,019] Trial 3573 finished with values: [-20.862378857007286, -5655.673042689314, 55.75] and parameters: {'sl_soft': 0.11980020901880456, 'sl_hard_delta': 0.20098961507352478, 'tp': 0.09560500440520342, 'gate_pct': 99.57581637257637, 'dd_limit': 5.328714371677049, 'cooldown': 1, 'flip': False, 'en_ema_trend': True, 'ema_trend_fast': 301, 'ema_trend_slow': 395, 'en_sma_trend': False, 'sma_trend_fast': 165, 'sma_trend_slow': 154, 'en_macd': False, 'macd_fast': 89, 'macd_slow': 107, 'macd_signal': 67, 'en_vwap': False, 'en_keltner': True, 'keltner_n': 76, 'keltner_m': 4.5, 'en_obv': True, 'obv_slope': 173, 'en_cci': False, 'cci_n': 120, 'cci_threshold': 45, 'en_rsi': False, 'rsi_n': 33, 'rsi_lower': 20, 'rsi_upper': 63, 'en_stochastic': True, 'stochastic_n': 90, 'stochastic_d': 13, 'stochastic_lower': 21, 'stochastic_upper': 82, 'en_mfi': False, 'mfi_n': 56, 'mfi_lower': 13, 'mfi_upper': 72, 'en_bollinger': True, 'bollinger_n': 100, 'bollinger_k': 4.5, 'en_adx': True, 'adx_n': 68, 'adx_threshold': 10, 'en_structure_trend': False, 'structure_trend_swing_l': 2, 'en_order_block': False, 'order_block_swing_l': 5, 'en_fvg': True, 'fvg_lookback': 33, 'en_ifvg': True, 'en_breaker': False, 'breaker_swing_l': 11, 'en_cisd': False, 'k': 4, 'en_cap_bars': True, 'cap_1min': 1317}.
[I 2026-07-13 14:49:39,829] Trial 3574 finished with values: [-1025.5792362409725, -5793.102400408934, 37.85] and parameters: {'sl_soft': 0.12174654867177476, 'sl_hard_delta': 0.014350358172465482, 'tp': 0.18428956232433139, 'gate_pct': 99.05474859810846, 'dd_limit': 6.765861714329133, 'cooldown': 4, 'flip': False, 'en_ema_trend': True, 'ema_trend_fast': 39, 'ema_trend_slow': 45, 'en_sma_trend': True, 'sma_trend_fast': 136, 'sma_trend_slow': 311, 'en_macd': True, 'macd_fast': 43, 'macd_slow': 123, 'macd_signal': 71, 'en_vwap': False, 'en_keltner': True, 'keltner_n': 56, 'keltner_m': 4.8, 'en_obv': False, 'obv_slope': 64, 'en_cci': True, 'cci_n': 115, 'cci_threshold': 60, 'en_rsi': False, 'rsi_n': 53, 'rsi_lower': 48, 'rsi_upper': 98, 'en_stochastic': True, 'stochastic_n': 14, 'stochastic_d': 10, 'stochastic_lower': 19, 'stochastic_upper': 86, 'en_mfi': False, 'mfi_n': 33, 'mfi_lower': 28, 'mfi_upper': 83, 'en_bollinger': True, 'bollinger_n': 188, 'bollinger_k': 4.0, 'en_adx': False, 'adx_n': 72, 'adx_threshold': 54, 'en_structure_trend': True, 'structure_trend_swing_l': 18, 'en_order_block': True, 'order_block_swing_l': 3, 'en_fvg': False, 'fvg_lookback': 21, 'en_ifvg': False, 'en_breaker': False, 'breaker_swing_l': 14, 'en_cisd': False, 'k': 2, 'en_cap_bars': True, 'cap_1min': 1261}.
[I 2026-07-13 14:49:42,455] Trial 3575 pruned. 
[I 2026-07-13 14:49:42,703] Trial 3576 pruned. 
[I 2026-07-13 14:49:44,537] Trial 3577 pruned. 
[I 2026-07-13 14:49:53,001] Trial 3578 finished with values: [-3355.223216359846, -10726.159117770705, 60.45] and parameters: {'sl_soft': 0.19414934024435104, 'sl_hard_delta': 0.17437949833153482, 'tp': 0.0973427622064931, 'gate_pct': 99.57581637257637, 'dd_limit': 5.328714371677049, 'cooldown': 1, 'flip': False, 'en_ema_trend': True, 'ema_trend_fast': 195, 'ema_trend_slow': 377, 'en_sma_trend': False, 'sma_trend_fast': 165, 'sma_trend_slow': 200, 'en_macd': True, 'macd_fast': 96, 'macd_slow': 72, 'macd_signal': 67, 'en_vwap': True, 'en_keltner': True, 'keltner_n': 76, 'keltner_m': 4.5, 'en_obv': True, 'obv_slope': 61, 'en_cci': True, 'cci_n': 120, 'cci_threshold': 250, 'en_rsi': True, 'rsi_n': 33, 'rsi_lower': 20, 'rsi_upper': 63, 'en_stochastic': True, 'stochastic_n': 90, 'stochastic_d': 28, 'stochastic_lower': 21, 'stochastic_upper': 91, 'en_mfi': False, 'mfi_n': 56, 'mfi_lower': 22, 'mfi_upper': 72, 'en_bollinger': True, 'bollinger_n': 100, 'bollinger_k': 2.8000000000000003, 'en_adx': False, 'adx_n': 68, 'adx_threshold': 24, 'en_structure_trend': True, 'structure_trend_swing_l': 2, 'en_order_block': False, 'order_block_swing_l': 11, 'en_fvg': True, 'fvg_lookback': 7, 'en_ifvg': False, 'en_breaker': True, 'breaker_swing_l': 6, 'en_cisd': False, 'k': 4, 'en_cap_bars': True, 'cap_1min': 1317}.
[I 2026-07-13 14:49:55,167] Trial 3579 finished with values: [1437.3331468899594, -16019.955296329139, 47.7] and parameters: {'sl_soft': 0.19207751714688032, 'sl_hard_delta': 0.04250555831064314, 'tp': 0.27261856423057984, 'gate_pct': 96.65475725098474, 'dd_limit': 1.0018749445771906, 'cooldown': 0, 'flip': True, 'en_ema_trend': True, 'ema_trend_fast': 193, 'ema_trend_slow': 236, 'en_sma_trend': True, 'sma_trend_fast': 44, 'sma_trend_slow': 200, 'en_macd': False, 'macd_fast': 81, 'macd_slow': 3, 'macd_signal': 60, 'en_vwap': False, 'en_keltner': True, 'keltner_n': 48, 'keltner_m': 1.9000000000000001, 'en_obv': True, 'obv_slope': 179, 'en_cci': False, 'cci_n': 142, 'cci_threshold': 250, 'en_rsi': False, 'rsi_n': 40, 'rsi_lower': 3, 'rsi_upper': 58, 'en_stochastic': False, 'stochastic_n': 81, 'stochastic_d': 3, 'stochastic_lower': 26, 'stochastic_upper': 98, 'en_mfi': False, 'mfi_n': 8, 'mfi_lower': 12, 'mfi_upper': 80, 'en_bollinger': True, 'bollinger_n': 30, 'bollinger_k': 2.8000000000000003, 'en_adx': False, 'adx_n': 50, 'adx_threshold': 36, 'en_structure_trend': True, 'structure_trend_swing_l': 13, 'en_order_block': True, 'order_block_swing_l': 11, 'en_fvg': False, 'fvg_lookback': 32, 'en_ifvg': False, 'en_breaker': True, 'breaker_swing_l': 10, 'en_cisd': True, 'k': 3, 'en_cap_bars': True, 'cap_1min': 1399}.
[I 2026-07-13 14:49:55,672] Trial 3580 pruned. 
[I 2026-07-13 14:49:56,409] Trial 3581 pruned. 
[I 2026-07-13 14:50:02,343] Trial 3582 finished with values: [-985.2669475273503, -9801.241793209312, 24.05] and parameters: {'sl_soft': 0.058218586321253915, 'sl_hard_delta': 0.234009729604921, 'tp': 0.22717864419781153, 'gate_pct': 98.80229380351075, 'dd_limit': 7.351713918926211, 'cooldown': 3, 'flip': False, 'en_ema_trend': False, 'ema_trend_fast': 176, 'ema_trend_slow': 231, 'en_sma_trend': True, 'sma_trend_fast': 360, 'sma_trend_slow': 28, 'en_macd': False, 'macd_fast': 80, 'macd_slow': 161, 'macd_signal': 37, 'en_vwap': True, 'en_keltner': True, 'keltner_n': 123, 'keltner_m': 3.5, 'en_obv': True, 'obv_slope': 76, 'en_cci': True, 'cci_n': 54, 'cci_threshold': 300, 'en_rsi': False, 'rsi_n': 21, 'rsi_lower': 43, 'rsi_upper': 81, 'en_stochastic': True, 'stochastic_n': 31, 'stochastic_d': 2, 'stochastic_lower': 40, 'stochastic_upper': 87, 'en_mfi': False, 'mfi_n': 44, 'mfi_lower': 44, 'mfi_upper': 65, 'en_bollinger': False, 'bollinger_n': 197, 'bollinger_k': 2.7, 'en_adx': False, 'adx_n': 8, 'adx_threshold': 35, 'en_structure_trend': True, 'structure_trend_swing_l': 19, 'en_order_block': True, 'order_block_swing_l': 13, 'en_fvg': False, 'fvg_lookback': 30, 'en_ifvg': False, 'en_breaker': False, 'breaker_swing_l': 20, 'en_cisd': False, 'k': 3, 'en_cap_bars': False, 'cap_1min': 591}.
[I 2026-07-13 14:50:03,252] Trial 3583 finished with values: [369.6490032119647, -6530.621442499048, 61.35] and parameters: {'sl_soft': 0.09951309834345903, 'sl_hard_delta': 0.18661119015635982, 'tp': 0.10428585889910524, 'gate_pct': 96.82972780322679, 'dd_limit': 9.029015189980312, 'cooldown': 5, 'flip': True, 'en_ema_trend': True, 'ema_trend_fast': 286, 'ema_trend_slow': 153, 'en_sma_trend': True, 'sma_trend_fast': 225, 'sma_trend_slow': 57, 'en_macd': False, 'macd_fast': 17, 'macd_slow': 51, 'macd_signal': 61, 'en_vwap': False, 'en_keltner': True, 'keltner_n': 135, 'keltner_m': 2.1, 'en_obv': True, 'obv_slope': 129, 'en_cci': True, 'cci_n': 82, 'cci_threshold': 250, 'en_rsi': False, 'rsi_n': 95, 'rsi_lower': 31, 'rsi_upper': 88, 'en_stochastic': False, 'stochastic_n': 78, 'stochastic_d': 5, 'stochastic_lower': 11, 'stochastic_upper': 78, 'en_mfi': True, 'mfi_n': 14, 'mfi_lower': 11, 'mfi_upper': 70, 'en_bollinger': False, 'bollinger_n': 200, 'bollinger_k': 1.9000000000000001, 'en_adx': False, 'adx_n': 22, 'adx_threshold': 55, 'en_structure_trend': False, 'structure_trend_swing_l': 3, 'en_order_block': False, 'order_block_swing_l': 17, 'en_fvg': False, 'fvg_lookback': 45, 'en_ifvg': False, 'en_breaker': False, 'breaker_swing_l': 2, 'en_cisd': True, 'k': 1, 'en_cap_bars': True, 'cap_1min': 1023}.
[I 2026-07-13 14:50:06,618] Trial 3584 finished with values: [5074.206227409839, -26707.69725465527, 59.7] and parameters: {'sl_soft': 0.1727021639078877, 'sl_hard_delta': 0.10298014041174283, 'tp': 0.1725121227053462, 'gate_pct': 94.49469318363046, 'dd_limit': 8.739785173334672, 'cooldown': 1, 'flip': False, 'en_ema_trend': True, 'ema_trend_fast': 30, 'ema_trend_slow': 232, 'en_sma_trend': False, 'sma_trend_fast': 118, 'sma_trend_slow': 137, 'en_macd': True, 'macd_fast': 71, 'macd_slow': 12, 'macd_signal': 78, 'en_vwap': True, 'en_keltner': False, 'keltner_n': 181, 'keltner_m': 0.5, 'en_obv': True, 'obv_slope': 155, 'en_cci': False, 'cci_n': 18, 'cci_threshold': 140, 'en_rsi': True, 'rsi_n': 68, 'rsi_lower': 34, 'rsi_upper': 87, 'en_stochastic': False, 'stochastic_n': 77, 'stochastic_d': 50, 'stochastic_lower': 34, 'stochastic_upper': 60, 'en_mfi': False, 'mfi_n': 99, 'mfi_lower': 22, 'mfi_upper': 77, 'en_bollinger': False, 'bollinger_n': 142, 'bollinger_k': 4.2, 'en_adx': False, 'adx_n': 56, 'adx_threshold': 12, 'en_structure_trend': False, 'structure_trend_swing_l': 20, 'en_order_block': False, 'order_block_swing_l': 18, 'en_fvg': False, 'fvg_lookback': 44, 'en_ifvg': False, 'en_breaker': True, 'breaker_swing_l': 3, 'en_cisd': True, 'k': 1, 'en_cap_bars': False, 'cap_1min': 461}.
[I 2026-07-13 14:50:07,023] Trial 3585 finished with values: [-637.1419841086014, -5894.02507007076, 67.3] and parameters: {'sl_soft': 0.1955008004678873, 'sl_hard_delta': 0.2476078025833433, 'tp': 0.09923899719717001, 'gate_pct': 98.67302380660169, 'dd_limit': 2.4528084273798805, 'cooldown': 1, 'flip': False, 'en_ema_trend': False, 'ema_trend_fast': 279, 'ema_trend_slow': 182, 'en_sma_trend': True, 'sma_trend_fast': 334, 'sma_trend_slow': 319, 'en_macd': False, 'macd_fast': 18, 'macd_slow': 3, 'macd_signal': 65, 'en_vwap': False, 'en_keltner': True, 'keltner_n': 48, 'keltner_m': 2.8000000000000003, 'en_obv': False, 'obv_slope': 179, 'en_cci': True, 'cci_n': 100, 'cci_threshold': 125, 'en_rsi': True, 'rsi_n': 71, 'rsi_lower': 47, 'rsi_upper': 58, 'en_stochastic': True, 'stochastic_n': 82, 'stochastic_d': 17, 'stochastic_lower': 14, 'stochastic_upper': 98, 'en_mfi': True, 'mfi_n': 62, 'mfi_lower': 29, 'mfi_upper': 97, 'en_bollinger': False, 'bollinger_n': 7, 'bollinger_k': 2.0, 'en_adx': False, 'adx_n': 91, 'adx_threshold': 47, 'en_structure_trend': False, 'structure_trend_swing_l': 11, 'en_order_block': True, 'order_block_swing_l': 3, 'en_fvg': False, 'fvg_lookback': 19, 'en_ifvg': True, 'en_breaker': True, 'breaker_swing_l': 10, 'en_cisd': False, 'k': 1, 'en_cap_bars': True, 'cap_1min': 1243}.
[I 2026-07-13 14:50:09,606] Trial 3586 finished with values: [1483.917695187893, -11331.443808384342, 30.2] and parameters: {'sl_soft': 0.041819685424319256, 'sl_hard_delta': 0.20098961507352478, 'tp': 0.27261856423057984, 'gate_pct': 99.57581637257637, 'dd_limit': 7.573309416194954, 'cooldown': 1, 'flip': False, 'en_ema_trend': True, 'ema_trend_fast': 283, 'ema_trend_slow': 182, 'en_sma_trend': False, 'sma_trend_fast': 304, 'sma_trend_slow': 187, 'en_macd': False, 'macd_fast': 81, 'macd_slow': 107, 'macd_signal': 67, 'en_vwap': False, 'en_keltner': True, 'keltner_n': 76, 'keltner_m': 3.1, 'en_obv': True, 'obv_slope': 179, 'en_cci': False, 'cci_n': 120, 'cci_threshold': 45, 'en_rsi': False, 'rsi_n': 81, 'rsi_lower': 43, 'rsi_upper': 63, 'en_stochastic': False, 'stochastic_n': 81, 'stochastic_d': 13, 'stochastic_lower': 21, 'stochastic_upper': 82, 'en_mfi': True, 'mfi_n': 56, 'mfi_lower': 12, 'mfi_upper': 72, 'en_bollinger': True, 'bollinger_n': 30, 'bollinger_k': 4.5, 'en_adx': False, 'adx_n': 68, 'adx_threshold': 36, 'en_structure_trend': True, 'structure_trend_swing_l': 13, 'en_order_block': True, 'order_block_swing_l': 5, 'en_fvg': True, 'fvg_lookback': 15, 'en_ifvg': True, 'en_breaker': False, 'breaker_swing_l': 10, 'en_cisd': True, 'k': 3, 'en_cap_bars': True, 'cap_1min': 1201}.
[I 2026-07-13 14:50:10,013] Trial 3587 finished with values: [1187.221237615433, -7294.411328446913, 46.7] and parameters: {'sl_soft': 0.05035573196257478, 'sl_hard_delta': 0.039849065565949165, 'tp': 0.1072053900187098, 'gate_pct': 98.58299891691806, 'dd_limit': 3.2180873254465436, 'cooldown': 1, 'flip': False, 'en_ema_trend': False, 'ema_trend_fast': 197, 'ema_trend_slow': 304, 'en_sma_trend': False, 'sma_trend_fast': 136, 'sma_trend_slow': 35, 'en_macd': True, 'macd_fast': 20, 'macd_slow': 74, 'macd_signal': 74, 'en_vwap': True, 'en_keltner': False, 'keltner_n': 131, 'keltner_m': 3.5, 'en_obv': False, 'obv_slope': 18, 'en_cci': False, 'cci_n': 34, 'cci_threshold': 300, 'en_rsi': False, 'rsi_n': 95, 'rsi_lower': 2, 'rsi_upper': 87, 'en_stochastic': False, 'stochastic_n': 78, 'stochastic_d': 32, 'stochastic_lower': 20, 'stochastic_upper': 57, 'en_mfi': True, 'mfi_n': 33, 'mfi_lower': 44, 'mfi_upper': 68, 'en_bollinger': False, 'bollinger_n': 115, 'bollinger_k': 2.7, 'en_adx': False, 'adx_n': 35, 'adx_threshold': 35, 'en_structure_trend': False, 'structure_trend_swing_l': 2, 'en_order_block': False, 'order_block_swing_l': 13, 'en_fvg': False, 'fvg_lookback': 35, 'en_ifvg': False, 'en_breaker': False, 'breaker_swing_l': 12, 'en_cisd': False, 'k': 2, 'en_cap_bars': True, 'cap_1min': 508}.
[I 2026-07-13 14:50:11,443] Trial 3588 finished with values: [4095.1807166754033, -26395.30569020248, 58.35] and parameters: {'sl_soft': 0.19207751714688032, 'sl_hard_delta': 0.04250555831064314, 'tp': 0.14985592681603982, 'gate_pct': 99.43810192295578, 'dd_limit': 5.052448726200229, 'cooldown': 0, 'flip': False, 'en_ema_trend': False, 'ema_trend_fast': 193, 'ema_trend_slow': 236, 'en_sma_trend': True, 'sma_trend_fast': 81, 'sma_trend_slow': 200, 'en_macd': True, 'macd_fast': 55, 'macd_slow': 125, 'macd_signal': 23, 'en_vwap': True, 'en_keltner': True, 'keltner_n': 33, 'keltner_m': 1.0, 'en_obv': True, 'obv_slope': 61, 'en_cci': True, 'cci_n': 4, 'cci_threshold': 130, 'en_rsi': False, 'rsi_n': 40, 'rsi_lower': 32, 'rsi_upper': 88, 'en_stochastic': False, 'stochastic_n': 70, 'stochastic_d': 34, 'stochastic_lower': 31, 'stochastic_upper': 99, 'en_mfi': False, 'mfi_n': 95, 'mfi_lower': 19, 'mfi_upper': 78, 'en_bollinger': False, 'bollinger_n': 2, 'bollinger_k': 3.8000000000000003, 'en_adx': False, 'adx_n': 17, 'adx_threshold': 9, 'en_structure_trend': True, 'structure_trend_swing_l': 18, 'en_order_block': False, 'order_block_swing_l': 5, 'en_fvg': False, 'fvg_lookback': 32, 'en_ifvg': False, 'en_breaker': True, 'breaker_swing_l': 7, 'en_cisd': True, 'k': 4, 'en_cap_bars': False, 'cap_1min': 1399}.
