[I 2026-07-13 15:59:53,433] Trial 2273 finished with values: [4453.80914833409, -3003.0008025425304, 39.45] and parameters: {'sl_soft': 0.014509835179219626, 'sl_hard_delta': 0.00610414585932106, 'tp': 0.03784160265645054, 'gate_pct': 95.95343074681206, 'dd_limit': 0.7899894121384478, 'cooldown': 0, 'flip': True, 'en_ema_trend': False, 'ema_trend_fast': 205, 'ema_trend_slow': 176, 'en_sma_trend': True, 'sma_trend_fast': 89, 'sma_trend_slow': 222, 'en_macd': True, 'macd_fast': 29, 'macd_slow': 85, 'macd_signal': 83, 'en_vwap': False, 'en_keltner': False, 'keltner_n': 70, 'keltner_m': 1.2000000000000002, 'en_obv': False, 'obv_slope': 82, 'en_cci': True, 'cci_n': 32, 'cci_threshold': 275, 'en_rsi': True, 'rsi_n': 42, 'rsi_lower': 34, 'rsi_upper': 68, 'en_stochastic': False, 'stochastic_n': 15, 'stochastic_d': 49, 'stochastic_lower': 20, 'stochastic_upper': 72, 'en_mfi': False, 'mfi_n': 72, 'mfi_lower': 46, 'mfi_upper': 84, 'en_bollinger': False, 'bollinger_n': 40, 'bollinger_k': 4.8, 'en_adx': False, 'adx_n': 24, 'adx_threshold': 29, 'en_structure_trend': False, 'structure_trend_swing_l': 7, 'en_order_block': False, 'order_block_swing_l': 19, 'en_fvg': False, 'fvg_lookback': 40, 'en_ifvg': False, 'en_breaker': True, 'breaker_swing_l': 1, 'en_cisd': False, 'k': 2, 'en_cap_bars': False, 'cap_1min': 77}.
[I 2026-07-13 15:59:54,016] Trial 2274 finished with values: [5589.452503659162, -2426.7830668848874, 38.65] and parameters: {'sl_soft': 0.014509835179219626, 'sl_hard_delta': 0.00610414585932106, 'tp': 0.044694053584836385, 'gate_pct': 95.95343074681206, 'dd_limit': 0.7899894121384478, 'cooldown': 0, 'flip': True, 'en_ema_trend': False, 'ema_trend_fast': 205, 'ema_trend_slow': 210, 'en_sma_trend': True, 'sma_trend_fast': 187, 'sma_trend_slow': 222, 'en_macd': True, 'macd_fast': 82, 'macd_slow': 85, 'macd_signal': 83, 'en_vwap': False, 'en_keltner': False, 'keltner_n': 165, 'keltner_m': 4.8, 'en_obv': False, 'obv_slope': 53, 'en_cci': False, 'cci_n': 32, 'cci_threshold': 275, 'en_rsi': False, 'rsi_n': 42, 'rsi_lower': 43, 'rsi_upper': 68, 'en_stochastic': False, 'stochastic_n': 46, 'stochastic_d': 49, 'stochastic_lower': 20, 'stochastic_upper': 72, 'en_mfi': False, 'mfi_n': 72, 'mfi_lower': 46, 'mfi_upper': 84, 'en_bollinger': False, 'bollinger_n': 40, 'bollinger_k': 4.8, 'en_adx': False, 'adx_n': 24, 'adx_threshold': 53, 'en_structure_trend': False, 'structure_trend_swing_l': 7, 'en_order_block': False, 'order_block_swing_l': 19, 'en_fvg': False, 'fvg_lookback': 14, 'en_ifvg': False, 'en_breaker': True, 'breaker_swing_l': 3, 'en_cisd': False, 'k': 2, 'en_cap_bars': False, 'cap_1min': 77}.
[I 2026-07-13 15:59:54,477] Trial 2275 pruned. 
[I 2026-07-13 15:59:55,323] Trial 2276 finished with values: [2779.224608655166, -7094.059621316609, 43.6] and parameters: {'sl_soft': 0.023138233233501303, 'sl_hard_delta': 0.0027263521951513352, 'tp': 0.03784160265645054, 'gate_pct': 95.95343074681206, 'dd_limit': 0.7899894121384478, 'cooldown': 0, 'flip': True, 'en_ema_trend': False, 'ema_trend_fast': 282, 'ema_trend_slow': 350, 'en_sma_trend': True, 'sma_trend_fast': 187, 'sma_trend_slow': 222, 'en_macd': True, 'macd_fast': 88, 'macd_slow': 191, 'macd_signal': 83, 'en_vwap': False, 'en_keltner': False, 'keltner_n': 87, 'keltner_m': 4.8, 'en_obv': False, 'obv_slope': 53, 'en_cci': False, 'cci_n': 32, 'cci_threshold': 275, 'en_rsi': True, 'rsi_n': 42, 'rsi_lower': 18, 'rsi_upper': 68, 'en_stochastic': False, 'stochastic_n': 11, 'stochastic_d': 49, 'stochastic_lower': 9, 'stochastic_upper': 93, 'en_mfi': False, 'mfi_n': 7, 'mfi_lower': 46, 'mfi_upper': 84, 'en_bollinger': False, 'bollinger_n': 112, 'bollinger_k': 2.6, 'en_adx': False, 'adx_n': 79, 'adx_threshold': 40, 'en_structure_trend': False, 'structure_trend_swing_l': 7, 'en_order_block': True, 'order_block_swing_l': 16, 'en_fvg': False, 'fvg_lookback': 14, 'en_ifvg': False, 'en_breaker': True, 'breaker_swing_l': 11, 'en_cisd': False, 'k': 2, 'en_cap_bars': True, 'cap_1min': 77}.
[I 2026-07-13 16:00:03,766] Trial 2277 finished with values: [-67.83054696413166, -3269.0695361407024, 44.0] and parameters: {'sl_soft': 0.023138233233501303, 'sl_hard_delta': 0.0027263521951513352, 'tp': 0.03279738638812957, 'gate_pct': 95.95343074681206, 'dd_limit': 2.8011969974907576, 'cooldown': 0, 'flip': True, 'en_ema_trend': False, 'ema_trend_fast': 360, 'ema_trend_slow': 187, 'en_sma_trend': True, 'sma_trend_fast': 89, 'sma_trend_slow': 19, 'en_macd': False, 'macd_fast': 82, 'macd_slow': 167, 'macd_signal': 83, 'en_vwap': False, 'en_keltner': True, 'keltner_n': 87, 'keltner_m': 1.2000000000000002, 'en_obv': False, 'obv_slope': 192, 'en_cci': True, 'cci_n': 32, 'cci_threshold': 250, 'en_rsi': True, 'rsi_n': 42, 'rsi_lower': 18, 'rsi_upper': 74, 'en_stochastic': False, 'stochastic_n': 13, 'stochastic_d': 27, 'stochastic_lower': 20, 'stochastic_upper': 72, 'en_mfi': False, 'mfi_n': 7, 'mfi_lower': 46, 'mfi_upper': 84, 'en_bollinger': False, 'bollinger_n': 127, 'bollinger_k': 4.8, 'en_adx': True, 'adx_n': 24, 'adx_threshold': 8, 'en_structure_trend': False, 'structure_trend_swing_l': 20, 'en_order_block': False, 'order_block_swing_l': 4, 'en_fvg': False, 'fvg_lookback': 14, 'en_ifvg': True, 'en_breaker': True, 'breaker_swing_l': 3, 'en_cisd': False, 'k': 4, 'en_cap_bars': True, 'cap_1min': 249}.
[I 2026-07-13 16:00:09,711] Trial 2278 finished with values: [1936.3522662562004, -3223.732077792609, 50.15] and parameters: {'sl_soft': 0.023138233233501303, 'sl_hard_delta': 0.0027263521951513352, 'tp': 0.03279738638812957, 'gate_pct': 95.2126419525881, 'dd_limit': 0.7899894121384478, 'cooldown': 0, 'flip': True, 'en_ema_trend': False, 'ema_trend_fast': 205, 'ema_trend_slow': 187, 'en_sma_trend': True, 'sma_trend_fast': 89, 'sma_trend_slow': 192, 'en_macd': True, 'macd_fast': 39, 'macd_slow': 191, 'macd_signal': 83, 'en_vwap': False, 'en_keltner': False, 'keltner_n': 70, 'keltner_m': 1.2000000000000002, 'en_obv': False, 'obv_slope': 36, 'en_cci': True, 'cci_n': 32, 'cci_threshold': 250, 'en_rsi': False, 'rsi_n': 42, 'rsi_lower': 34, 'rsi_upper': 60, 'en_stochastic': True, 'stochastic_n': 13, 'stochastic_d': 5, 'stochastic_lower': 20, 'stochastic_upper': 93, 'en_mfi': False, 'mfi_n': 7, 'mfi_lower': 46, 'mfi_upper': 84, 'en_bollinger': False, 'bollinger_n': 40, 'bollinger_k': 4.8, 'en_adx': False, 'adx_n': 3, 'adx_threshold': 8, 'en_structure_trend': False, 'structure_trend_swing_l': 7, 'en_order_block': True, 'order_block_swing_l': 4, 'en_fvg': False, 'fvg_lookback': 40, 'en_ifvg': True, 'en_breaker': False, 'breaker_swing_l': 1, 'en_cisd': False, 'k': 2, 'en_cap_bars': True, 'cap_1min': 178}.
[I 2026-07-13 16:00:10,381] Trial 2279 finished with values: [2942.9798707718473, -3707.507868273651, 46.900000000000006] and parameters: {'sl_soft': 0.023138233233501303, 'sl_hard_delta': 0.0027263521951513352, 'tp': 0.03401493735707513, 'gate_pct': 86.42595282114276, 'dd_limit': 1.5419053062488821, 'cooldown': 0, 'flip': True, 'en_ema_trend': False, 'ema_trend_fast': 282, 'ema_trend_slow': 187, 'en_sma_trend': True, 'sma_trend_fast': 187, 'sma_trend_slow': 50, 'en_macd': True, 'macd_fast': 88, 'macd_slow': 191, 'macd_signal': 83, 'en_vwap': False, 'en_keltner': False, 'keltner_n': 87, 'keltner_m': 1.2000000000000002, 'en_obv': False, 'obv_slope': 53, 'en_cci': False, 'cci_n': 32, 'cci_threshold': 275, 'en_rsi': True, 'rsi_n': 42, 'rsi_lower': 34, 'rsi_upper': 68, 'en_stochastic': False, 'stochastic_n': 46, 'stochastic_d': 27, 'stochastic_lower': 16, 'stochastic_upper': 72, 'en_mfi': False, 'mfi_n': 7, 'mfi_lower': 46, 'mfi_upper': 85, 'en_bollinger': False, 'bollinger_n': 112, 'bollinger_k': 4.8, 'en_adx': False, 'adx_n': 26, 'adx_threshold': 53, 'en_structure_trend': False, 'structure_trend_swing_l': 7, 'en_order_block': True, 'order_block_swing_l': 4, 'en_fvg': False, 'fvg_lookback': 14, 'en_ifvg': False, 'en_breaker': True, 'breaker_swing_l': 11, 'en_cisd': False, 'k': 2, 'en_cap_bars': False, 'cap_1min': 77}.
[I 2026-07-13 16:00:10,942] Trial 2280 finished with values: [2226.6668535722542, -1997.1704613095628, 51.65] and parameters: {'sl_soft': 0.023138233233501303, 'sl_hard_delta': 0.0027263521951513352, 'tp': 0.03279738638812957, 'gate_pct': 86.42595282114276, 'dd_limit': 0.5820363533127576, 'cooldown': 0, 'flip': True, 'en_ema_trend': True, 'ema_trend_fast': 205, 'ema_trend_slow': 350, 'en_sma_trend': True, 'sma_trend_fast': 89, 'sma_trend_slow': 222, 'en_macd': True, 'macd_fast': 82, 'macd_slow': 127, 'macd_signal': 83, 'en_vwap': False, 'en_keltner': True, 'keltner_n': 17, 'keltner_m': 1.2000000000000002, 'en_obv': False, 'obv_slope': 36, 'en_cci': True, 'cci_n': 32, 'cci_threshold': 250, 'en_rsi': False, 'rsi_n': 42, 'rsi_lower': 34, 'rsi_upper': 74, 'en_stochastic': False, 'stochastic_n': 15, 'stochastic_d': 27, 'stochastic_lower': 16, 'stochastic_upper': 93, 'en_mfi': False, 'mfi_n': 7, 'mfi_lower': 46, 'mfi_upper': 84, 'en_bollinger': False, 'bollinger_n': 112, 'bollinger_k': 4.8, 'en_adx': False, 'adx_n': 26, 'adx_threshold': 40, 'en_structure_trend': False, 'structure_trend_swing_l': 7, 'en_order_block': True, 'order_block_swing_l': 4, 'en_fvg': True, 'fvg_lookback': 14, 'en_ifvg': True, 'en_breaker': False, 'breaker_swing_l': 11, 'en_cisd': False, 'k': 2, 'en_cap_bars': True, 'cap_1min': 77}.
[I 2026-07-13 16:00:11,871] Trial 2281 finished with values: [5245.924639978749, -2281.388710408909, 37.45] and parameters: {'sl_soft': 0.012449898143873723, 'sl_hard_delta': 0.0027263521951513352, 'tp': 0.03784160265645054, 'gate_pct': 95.95343074681206, 'dd_limit': 0.7899894121384478, 'cooldown': 0, 'flip': True, 'en_ema_trend': False, 'ema_trend_fast': 205, 'ema_trend_slow': 350, 'en_sma_trend': True, 'sma_trend_fast': 89, 'sma_trend_slow': 222, 'en_macd': True, 'macd_fast': 88, 'macd_slow': 191, 'macd_signal': 83, 'en_vwap': False, 'en_keltner': False, 'keltner_n': 87, 'keltner_m': 1.2000000000000002, 'en_obv': False, 'obv_slope': 36, 'en_cci': True, 'cci_n': 32, 'cci_threshold': 250, 'en_rsi': False, 'rsi_n': 42, 'rsi_lower': 18, 'rsi_upper': 68, 'en_stochastic': False, 'stochastic_n': 13, 'stochastic_d': 27, 'stochastic_lower': 16, 'stochastic_upper': 93, 'en_mfi': False, 'mfi_n': 72, 'mfi_lower': 46, 'mfi_upper': 84, 'en_bollinger': False, 'bollinger_n': 112, 'bollinger_k': 2.6, 'en_adx': False, 'adx_n': 26, 'adx_threshold': 40, 'en_structure_trend': False, 'structure_trend_swing_l': 20, 'en_order_block': True, 'order_block_swing_l': 4, 'en_fvg': False, 'fvg_lookback': 40, 'en_ifvg': True, 'en_breaker': False, 'breaker_swing_l': 11, 'en_cisd': False, 'k': 2, 'en_cap_bars': False, 'cap_1min': 77}.
[I 2026-07-13 16:00:15,760] Trial 2282 finished with values: [1125.1843458175335, -1517.503624010601, 42.7] and parameters: {'sl_soft': 0.014509835179219626, 'sl_hard_delta': 0.00610414585932106, 'tp': 0.03279738638812957, 'gate_pct': 95.95343074681206, 'dd_limit': 1.5419053062488821, 'cooldown': 0, 'flip': True, 'en_ema_trend': False, 'ema_trend_fast': 205, 'ema_trend_slow': 187, 'en_sma_trend': True, 'sma_trend_fast': 89, 'sma_trend_slow': 50, 'en_macd': True, 'macd_fast': 82, 'macd_slow': 167, 'macd_signal': 83, 'en_vwap': False, 'en_keltner': True, 'keltner_n': 26, 'keltner_m': 1.2000000000000002, 'en_obv': False, 'obv_slope': 82, 'en_cci': False, 'cci_n': 128, 'cci_threshold': 250, 'en_rsi': True, 'rsi_n': 42, 'rsi_lower': 43, 'rsi_upper': 68, 'en_stochastic': True, 'stochastic_n': 46, 'stochastic_d': 27, 'stochastic_lower': 20, 'stochastic_upper': 72, 'en_mfi': False, 'mfi_n': 7, 'mfi_lower': 46, 'mfi_upper': 85, 'en_bollinger': False, 'bollinger_n': 127, 'bollinger_k': 4.8, 'en_adx': False, 'adx_n': 24, 'adx_threshold': 8, 'en_structure_trend': False, 'structure_trend_swing_l': 7, 'en_order_block': False, 'order_block_swing_l': 19, 'en_fvg': False, 'fvg_lookback': 14, 'en_ifvg': False, 'en_breaker': True, 'breaker_swing_l': 11, 'en_cisd': False, 'k': 4, 'en_cap_bars': True, 'cap_1min': 249}.
[I 2026-07-13 16:00:16,311] Trial 2283 finished with values: [795.7617941047342, -2080.9352423584887, 31.700000000000003] and parameters: {'sl_soft': 0.014509835179219626, 'sl_hard_delta': 0.0027263521951513352, 'tp': 0.03784160265645054, 'gate_pct': 86.42595282114276, 'dd_limit': 0.7899894121384478, 'cooldown': 0, 'flip': True, 'en_ema_trend': False, 'ema_trend_fast': 205, 'ema_trend_slow': 350, 'en_sma_trend': True, 'sma_trend_fast': 89, 'sma_trend_slow': 50, 'en_macd': True, 'macd_fast': 29, 'macd_slow': 127, 'macd_signal': 24, 'en_vwap': False, 'en_keltner': False, 'keltner_n': 17, 'keltner_m': 4.8, 'en_obv': False, 'obv_slope': 36, 'en_cci': False, 'cci_n': 32, 'cci_threshold': 275, 'en_rsi': False, 'rsi_n': 42, 'rsi_lower': 42, 'rsi_upper': 68, 'en_stochastic': False, 'stochastic_n': 46, 'stochastic_d': 49, 'stochastic_lower': 20, 'stochastic_upper': 93, 'en_mfi': False, 'mfi_n': 72, 'mfi_lower': 46, 'mfi_upper': 85, 'en_bollinger': False, 'bollinger_n': 40, 'bollinger_k': 4.8, 'en_adx': False, 'adx_n': 26, 'adx_threshold': 40, 'en_structure_trend': False, 'structure_trend_swing_l': 20, 'en_order_block': False, 'order_block_swing_l': 19, 'en_fvg': False, 'fvg_lookback': 14, 'en_ifvg': False, 'en_breaker': False, 'breaker_swing_l': 3, 'en_cisd': False, 'k': 5, 'en_cap_bars': True, 'cap_1min': 77}.
[I 2026-07-13 16:00:22,398] Trial 2284 finished with values: [70.82547222545077, -2849.1007624224076, 44.05] and parameters: {'sl_soft': 0.023138233233501303, 'sl_hard_delta': 0.0027263521951513352, 'tp': 0.03279738638812957, 'gate_pct': 95.95343074681206, 'dd_limit': 0.7899894121384478, 'cooldown': 0, 'flip': True, 'en_ema_trend': False, 'ema_trend_fast': 205, 'ema_trend_slow': 176, 'en_sma_trend': True, 'sma_trend_fast': 89, 'sma_trend_slow': 222, 'en_macd': True, 'macd_fast': 82, 'macd_slow': 85, 'macd_signal': 83, 'en_vwap': False, 'en_keltner': False, 'keltner_n': 70, 'keltner_m': 4.8, 'en_obv': False, 'obv_slope': 192, 'en_cci': True, 'cci_n': 32, 'cci_threshold': 250, 'en_rsi': True, 'rsi_n': 42, 'rsi_lower': 34, 'rsi_upper': 68, 'en_stochastic': True, 'stochastic_n': 15, 'stochastic_d': 49, 'stochastic_lower': 20, 'stochastic_upper': 72, 'en_mfi': False, 'mfi_n': 7, 'mfi_lower': 7, 'mfi_upper': 84, 'en_bollinger': False, 'bollinger_n': 198, 'bollinger_k': 4.8, 'en_adx': False, 'adx_n': 79, 'adx_threshold': 53, 'en_structure_trend': False, 'structure_trend_swing_l': 7, 'en_order_block': False, 'order_block_swing_l': 4, 'en_fvg': False, 'fvg_lookback': 40, 'en_ifvg': True, 'en_breaker': True, 'breaker_swing_l': 11, 'en_cisd': False, 'k': 2, 'en_cap_bars': False, 'cap_1min': 249}.
[I 2026-07-13 16:00:23,420] Trial 2285 finished with values: [1620.4453802068383, -608.0402454720274, 44.8] and parameters: {'sl_soft': 0.012449898143873723, 'sl_hard_delta': 0.0027263521951513352, 'tp': 0.03784160265645054, 'gate_pct': 86.42595282114276, 'dd_limit': 0.5820363533127576, 'cooldown': 0, 'flip': True, 'en_ema_trend': True, 'ema_trend_fast': 205, 'ema_trend_slow': 350, 'en_sma_trend': True, 'sma_trend_fast': 89, 'sma_trend_slow': 222, 'en_macd': True, 'macd_fast': 82, 'macd_slow': 191, 'macd_signal': 83, 'en_vwap': True, 'en_keltner': True, 'keltner_n': 87, 'keltner_m': 1.2000000000000002, 'en_obv': False, 'obv_slope': 36, 'en_cci': True, 'cci_n': 27, 'cci_threshold': 250, 'en_rsi': True, 'rsi_n': 42, 'rsi_lower': 34, 'rsi_upper': 74, 'en_stochastic': True, 'stochastic_n': 15, 'stochastic_d': 27, 'stochastic_lower': 16, 'stochastic_upper': 93, 'en_mfi': False, 'mfi_n': 7, 'mfi_lower': 46, 'mfi_upper': 84, 'en_bollinger': False, 'bollinger_n': 112, 'bollinger_k': 4.8, 'en_adx': False, 'adx_n': 26, 'adx_threshold': 40, 'en_structure_trend': False, 'structure_trend_swing_l': 7, 'en_order_block': True, 'order_block_swing_l': 4, 'en_fvg': True, 'fvg_lookback': 14, 'en_ifvg': True, 'en_breaker': False, 'breaker_swing_l': 11, 'en_cisd': False, 'k': 4, 'en_cap_bars': True, 'cap_1min': 77}.
[I 2026-07-13 16:00:24,074] Trial 2286 finished with values: [1718.303685631568, -4946.638334085908, 49.599999999999994] and parameters: {'sl_soft': 0.023138233233501303, 'sl_hard_delta': 0.01974966680532401, 'tp': 0.044694053584836385, 'gate_pct': 86.42595282114276, 'dd_limit': 0.7899894121384478, 'cooldown': 0, 'flip': True, 'en_ema_trend': False, 'ema_trend_fast': 205, 'ema_trend_slow': 350, 'en_sma_trend': True, 'sma_trend_fast': 89, 'sma_trend_slow': 50, 'en_macd': True, 'macd_fast': 60, 'macd_slow': 85, 'macd_signal': 83, 'en_vwap': False, 'en_keltner': False, 'keltner_n': 17, 'keltner_m': 4.8, 'en_obv': False, 'obv_slope': 188, 'en_cci': True, 'cci_n': 157, 'cci_threshold': 275, 'en_rsi': True, 'rsi_n': 68, 'rsi_lower': 18, 'rsi_upper': 68, 'en_stochastic': False, 'stochastic_n': 13, 'stochastic_d': 27, 'stochastic_lower': 20, 'stochastic_upper': 93, 'en_mfi': False, 'mfi_n': 7, 'mfi_lower': 46, 'mfi_upper': 85, 'en_bollinger': False, 'bollinger_n': 112, 'bollinger_k': 3.1, 'en_adx': False, 'adx_n': 79, 'adx_threshold': 53, 'en_structure_trend': False, 'structure_trend_swing_l': 20, 'en_order_block': True, 'order_block_swing_l': 4, 'en_fvg': False, 'fvg_lookback': 40, 'en_ifvg': True, 'en_breaker': True, 'breaker_swing_l': 11, 'en_cisd': True, 'k': 2, 'en_cap_bars': True, 'cap_1min': 77}.
[I 2026-07-13 16:00:25,104] Trial 2287 finished with values: [1908.9948072096518, -1377.9632738776127, 36.3] and parameters: {'sl_soft': 0.012449898143873723, 'sl_hard_delta': 0.0027263521951513352, 'tp': 0.03784160265645054, 'gate_pct': 86.42595282114276, 'dd_limit': 0.5820363533127576, 'cooldown': 0, 'flip': True, 'en_ema_trend': False, 'ema_trend_fast': 205, 'ema_trend_slow': 176, 'en_sma_trend': True, 'sma_trend_fast': 294, 'sma_trend_slow': 19, 'en_macd': True, 'macd_fast': 82, 'macd_slow': 85, 'macd_signal': 83, 'en_vwap': False, 'en_keltner': False, 'keltner_n': 17, 'keltner_m': 4.8, 'en_obv': True, 'obv_slope': 36, 'en_cci': False, 'cci_n': 32, 'cci_threshold': 250, 'en_rsi': False, 'rsi_n': 42, 'rsi_lower': 18, 'rsi_upper': 68, 'en_stochastic': True, 'stochastic_n': 13, 'stochastic_d': 49, 'stochastic_lower': 16, 'stochastic_upper': 72, 'en_mfi': False, 'mfi_n': 72, 'mfi_lower': 46, 'mfi_upper': 85, 'en_bollinger': False, 'bollinger_n': 40, 'bollinger_k': 3.7, 'en_adx': False, 'adx_n': 79, 'adx_threshold': 53, 'en_structure_trend': False, 'structure_trend_swing_l': 7, 'en_order_block': False, 'order_block_swing_l': 4, 'en_fvg': True, 'fvg_lookback': 40, 'en_ifvg': False, 'en_breaker': False, 'breaker_swing_l': 3, 'en_cisd': False, 'k': 2, 'en_cap_bars': False, 'cap_1min': 1032}.
[I 2026-07-13 16:00:25,510] Trial 2288 finished with values: [539.5911698269983, -418.61422451948016, 40.4] and parameters: {'sl_soft': 0.012449898143873723, 'sl_hard_delta': 0.0027263521951513352, 'tp': 0.03279738638812957, 'gate_pct': 86.42595282114276, 'dd_limit': 0.5820363533127576, 'cooldown': 0, 'flip': True, 'en_ema_trend': False, 'ema_trend_fast': 360, 'ema_trend_slow': 350, 'en_sma_trend': True, 'sma_trend_fast': 89, 'sma_trend_slow': 222, 'en_macd': True, 'macd_fast': 29, 'macd_slow': 127, 'macd_signal': 83, 'en_vwap': False, 'en_keltner': True, 'keltner_n': 17, 'keltner_m': 1.2000000000000002, 'en_obv': False, 'obv_slope': 36, 'en_cci': True, 'cci_n': 157, 'cci_threshold': 275, 'en_rsi': False, 'rsi_n': 94, 'rsi_lower': 42, 'rsi_upper': 89, 'en_stochastic': True, 'stochastic_n': 26, 'stochastic_d': 27, 'stochastic_lower': 9, 'stochastic_upper': 93, 'en_mfi': False, 'mfi_n': 45, 'mfi_lower': 46, 'mfi_upper': 85, 'en_bollinger': False, 'bollinger_n': 112, 'bollinger_k': 3.1, 'en_adx': False, 'adx_n': 26, 'adx_threshold': 40, 'en_structure_trend': False, 'structure_trend_swing_l': 7, 'en_order_block': True, 'order_block_swing_l': 4, 'en_fvg': False, 'fvg_lookback': 14, 'en_ifvg': True, 'en_breaker': False, 'breaker_swing_l': 3, 'en_cisd': False, 'k': 5, 'en_cap_bars': True, 'cap_1min': 77}.
[I 2026-07-13 16:00:26,246] Trial 2289 finished with values: [1978.6839221501918, -5390.197127696995, 45.7] and parameters: {'sl_soft': 0.023138233233501303, 'sl_hard_delta': 0.0027263521951513352, 'tp': 0.03279738638812957, 'gate_pct': 95.95343074681206, 'dd_limit': 0.7899894121384478, 'cooldown': 0, 'flip': True, 'en_ema_trend': True, 'ema_trend_fast': 205, 'ema_trend_slow': 176, 'en_sma_trend': False, 'sma_trend_fast': 187, 'sma_trend_slow': 222, 'en_macd': True, 'macd_fast': 82, 'macd_slow': 191, 'macd_signal': 83, 'en_vwap': False, 'en_keltner': True, 'keltner_n': 87, 'keltner_m': 4.8, 'en_obv': True, 'obv_slope': 53, 'en_cci': False, 'cci_n': 32, 'cci_threshold': 275, 'en_rsi': True, 'rsi_n': 42, 'rsi_lower': 34, 'rsi_upper': 68, 'en_stochastic': False, 'stochastic_n': 7, 'stochastic_d': 49, 'stochastic_lower': 20, 'stochastic_upper': 72, 'en_mfi': False, 'mfi_n': 7, 'mfi_lower': 46, 'mfi_upper': 84, 'en_bollinger': False, 'bollinger_n': 40, 'bollinger_k': 4.8, 'en_adx': False, 'adx_n': 79, 'adx_threshold': 40, 'en_structure_trend': False, 'structure_trend_swing_l': 7, 'en_order_block': True, 'order_block_swing_l': 4, 'en_fvg': False, 'fvg_lookback': 14, 'en_ifvg': False, 'en_breaker': False, 'breaker_swing_l': 10, 'en_cisd': True, 'k': 2, 'en_cap_bars': False, 'cap_1min': 77}.
