[I 2026-07-13 15:05:16,574] Trial 4590 finished with values: [3743.7579058938295, -2188.750934859627, 71.65] and parameters: {'sl_soft': 0.1790260279200085, 'sl_hard_delta': 0.039849065565949165, 'tp': 0.14985592681603982, 'gate_pct': 99.43810192295578, 'dd_limit': 0.7627381108845042, 'cooldown': 1, 'flip': False, 'en_ema_trend': False, 'ema_trend_fast': 362, 'ema_trend_slow': 157, 'en_sma_trend': False, 'sma_trend_fast': 81, 'sma_trend_slow': 379, 'en_macd': False, 'macd_fast': 10, 'macd_slow': 200, 'macd_signal': 52, 'en_vwap': False, 'en_keltner': True, 'keltner_n': 123, 'keltner_m': 1.0, 'en_obv': False, 'obv_slope': 153, 'en_cci': True, 'cci_n': 166, 'cci_threshold': 130, 'en_rsi': False, 'rsi_n': 5, 'rsi_lower': 1, 'rsi_upper': 57, 'en_stochastic': False, 'stochastic_n': 82, 'stochastic_d': 34, 'stochastic_lower': 20, 'stochastic_upper': 66, 'en_mfi': False, 'mfi_n': 8, 'mfi_lower': 29, 'mfi_upper': 83, 'en_bollinger': True, 'bollinger_n': 2, 'bollinger_k': 4.1, 'en_adx': False, 'adx_n': 50, 'adx_threshold': 9, 'en_structure_trend': False, 'structure_trend_swing_l': 9, 'en_order_block': True, 'order_block_swing_l': 5, 'en_fvg': False, 'fvg_lookback': 35, 'en_ifvg': True, 'en_breaker': True, 'breaker_swing_l': 1, 'en_cisd': True, 'k': 4, 'en_cap_bars': True, 'cap_1min': 457}.
[I 2026-07-13 15:05:16,951] Trial 4591 finished with values: [3738.9177419868424, -13088.079783863483, 46.3] and parameters: {'sl_soft': 0.1790260279200085, 'sl_hard_delta': 0.039849065565949165, 'tp': 0.30344321187078127, 'gate_pct': 99.43810192295578, 'dd_limit': 0.7627381108845042, 'cooldown': 0, 'flip': False, 'en_ema_trend': False, 'ema_trend_fast': 99, 'ema_trend_slow': 157, 'en_sma_trend': True, 'sma_trend_fast': 360, 'sma_trend_slow': 35, 'en_macd': False, 'macd_fast': 70, 'macd_slow': 200, 'macd_signal': 52, 'en_vwap': False, 'en_keltner': True, 'keltner_n': 123, 'keltner_m': 1.0, 'en_obv': True, 'obv_slope': 61, 'en_cci': True, 'cci_n': 172, 'cci_threshold': 145, 'en_rsi': False, 'rsi_n': 57, 'rsi_lower': 26, 'rsi_upper': 57, 'en_stochastic': False, 'stochastic_n': 70, 'stochastic_d': 34, 'stochastic_lower': 20, 'stochastic_upper': 66, 'en_mfi': False, 'mfi_n': 42, 'mfi_lower': 29, 'mfi_upper': 80, 'en_bollinger': False, 'bollinger_n': 2, 'bollinger_k': 1.6, 'en_adx': False, 'adx_n': 50, 'adx_threshold': 52, 'en_structure_trend': False, 'structure_trend_swing_l': 18, 'en_order_block': True, 'order_block_swing_l': 3, 'en_fvg': True, 'fvg_lookback': 35, 'en_ifvg': True, 'en_breaker': True, 'breaker_swing_l': 7, 'en_cisd': True, 'k': 4, 'en_cap_bars': True, 'cap_1min': 457}.
[I 2026-07-13 15:05:17,250] Trial 4592 finished with values: [6534.696092521844, -3869.4606638672726, 62.3] and parameters: {'sl_soft': 0.17078528780478208, 'sl_hard_delta': 0.039849065565949165, 'tp': 0.14985592681603982, 'gate_pct': 99.43810192295578, 'dd_limit': 0.7627381108845042, 'cooldown': 0, 'flip': False, 'en_ema_trend': False, 'ema_trend_fast': 157, 'ema_trend_slow': 157, 'en_sma_trend': False, 'sma_trend_fast': 360, 'sma_trend_slow': 35, 'en_macd': True, 'macd_fast': 11, 'macd_slow': 41, 'macd_signal': 52, 'en_vwap': False, 'en_keltner': True, 'keltner_n': 123, 'keltner_m': 1.0, 'en_obv': True, 'obv_slope': 153, 'en_cci': True, 'cci_n': 166, 'cci_threshold': 130, 'en_rsi': False, 'rsi_n': 34, 'rsi_lower': 48, 'rsi_upper': 58, 'en_stochastic': False, 'stochastic_n': 62, 'stochastic_d': 34, 'stochastic_lower': 20, 'stochastic_upper': 66, 'en_mfi': False, 'mfi_n': 42, 'mfi_lower': 29, 'mfi_upper': 83, 'en_bollinger': True, 'bollinger_n': 2, 'bollinger_k': 1.6, 'en_adx': False, 'adx_n': 17, 'adx_threshold': 13, 'en_structure_trend': False, 'structure_trend_swing_l': 9, 'en_order_block': True, 'order_block_swing_l': 5, 'en_fvg': False, 'fvg_lookback': 22, 'en_ifvg': True, 'en_breaker': True, 'breaker_swing_l': 7, 'en_cisd': True, 'k': 4, 'en_cap_bars': False, 'cap_1min': 457}.
[I 2026-07-13 15:05:17,503] Trial 4593 finished with values: [12140.109471593218, -6143.412212654766, 51.95] and parameters: {'sl_soft': 0.1790260279200085, 'sl_hard_delta': 0.039849065565949165, 'tp': 0.30344321187078127, 'gate_pct': 99.43810192295578, 'dd_limit': 0.7627381108845042, 'cooldown': 0, 'flip': False, 'en_ema_trend': False, 'ema_trend_fast': 157, 'ema_trend_slow': 157, 'en_sma_trend': False, 'sma_trend_fast': 338, 'sma_trend_slow': 35, 'en_macd': False, 'macd_fast': 11, 'macd_slow': 169, 'macd_signal': 52, 'en_vwap': True, 'en_keltner': False, 'keltner_n': 107, 'keltner_m': 1.0, 'en_obv': True, 'obv_slope': 69, 'en_cci': True, 'cci_n': 166, 'cci_threshold': 130, 'en_rsi': False, 'rsi_n': 100, 'rsi_lower': 1, 'rsi_upper': 58, 'en_stochastic': False, 'stochastic_n': 70, 'stochastic_d': 34, 'stochastic_lower': 40, 'stochastic_upper': 98, 'en_mfi': False, 'mfi_n': 42, 'mfi_lower': 29, 'mfi_upper': 68, 'en_bollinger': True, 'bollinger_n': 2, 'bollinger_k': 1.6, 'en_adx': False, 'adx_n': 17, 'adx_threshold': 13, 'en_structure_trend': False, 'structure_trend_swing_l': 9, 'en_order_block': True, 'order_block_swing_l': 5, 'en_fvg': False, 'fvg_lookback': 35, 'en_ifvg': True, 'en_breaker': True, 'breaker_swing_l': 7, 'en_cisd': True, 'k': 4, 'en_cap_bars': False, 'cap_1min': 457}.
[I 2026-07-13 15:05:17,864] Trial 4594 finished with values: [4933.532854900307, -5283.955085322774, 72.25] and parameters: {'sl_soft': 0.17078528780478208, 'sl_hard_delta': 0.17437949833153482, 'tp': 0.14985592681603982, 'gate_pct': 96.65475725098474, 'dd_limit': 0.7627381108845042, 'cooldown': 0, 'flip': False, 'en_ema_trend': False, 'ema_trend_fast': 157, 'ema_trend_slow': 182, 'en_sma_trend': True, 'sma_trend_fast': 338, 'sma_trend_slow': 35, 'en_macd': False, 'macd_fast': 70, 'macd_slow': 200, 'macd_signal': 52, 'en_vwap': False, 'en_keltner': True, 'keltner_n': 122, 'keltner_m': 3.5, 'en_obv': True, 'obv_slope': 61, 'en_cci': True, 'cci_n': 166, 'cci_threshold': 145, 'en_rsi': False, 'rsi_n': 81, 'rsi_lower': 47, 'rsi_upper': 87, 'en_stochastic': False, 'stochastic_n': 70, 'stochastic_d': 17, 'stochastic_lower': 40, 'stochastic_upper': 66, 'en_mfi': False, 'mfi_n': 8, 'mfi_lower': 28, 'mfi_upper': 80, 'en_bollinger': True, 'bollinger_n': 2, 'bollinger_k': 1.6, 'en_adx': False, 'adx_n': 50, 'adx_threshold': 9, 'en_structure_trend': True, 'structure_trend_swing_l': 18, 'en_order_block': True, 'order_block_swing_l': 5, 'en_fvg': False, 'fvg_lookback': 35, 'en_ifvg': True, 'en_breaker': True, 'breaker_swing_l': 7, 'en_cisd': True, 'k': 4, 'en_cap_bars': True, 'cap_1min': 457}.
[I 2026-07-13 15:05:18,387] Trial 4595 finished with values: [4434.265889002607, -4994.1536828098515, 62.45] and parameters: {'sl_soft': 0.1790260279200085, 'sl_hard_delta': 0.01242174930966288, 'tp': 0.14985592681603982, 'gate_pct': 98.58299891691806, 'dd_limit': 5.937758572987326, 'cooldown': 0, 'flip': False, 'en_ema_trend': False, 'ema_trend_fast': 99, 'ema_trend_slow': 157, 'en_sma_trend': False, 'sma_trend_fast': 360, 'sma_trend_slow': 379, 'en_macd': False, 'macd_fast': 10, 'macd_slow': 3, 'macd_signal': 43, 'en_vwap': False, 'en_keltner': True, 'keltner_n': 123, 'keltner_m': 2.8000000000000003, 'en_obv': True, 'obv_slope': 179, 'en_cci': True, 'cci_n': 166, 'cci_threshold': 130, 'en_rsi': False, 'rsi_n': 100, 'rsi_lower': 1, 'rsi_upper': 87, 'en_stochastic': False, 'stochastic_n': 62, 'stochastic_d': 34, 'stochastic_lower': 20, 'stochastic_upper': 66, 'en_mfi': False, 'mfi_n': 8, 'mfi_lower': 29, 'mfi_upper': 80, 'en_bollinger': True, 'bollinger_n': 6, 'bollinger_k': 2.0, 'en_adx': False, 'adx_n': 35, 'adx_threshold': 9, 'en_structure_trend': False, 'structure_trend_swing_l': 9, 'en_order_block': True, 'order_block_swing_l': 3, 'en_fvg': False, 'fvg_lookback': 35, 'en_ifvg': True, 'en_breaker': True, 'breaker_swing_l': 7, 'en_cisd': True, 'k': 4, 'en_cap_bars': True, 'cap_1min': 457}.
[I 2026-07-13 15:05:18,757] Trial 4596 finished with values: [1502.4453756991816, -2271.159298904877, 60.7] and parameters: {'sl_soft': 0.16151352996638565, 'sl_hard_delta': 0.039849065565949165, 'tp': 0.14985592681603982, 'gate_pct': 99.43810192295578, 'dd_limit': 0.7627381108845042, 'cooldown': 0, 'flip': False, 'en_ema_trend': False, 'ema_trend_fast': 197, 'ema_trend_slow': 157, 'en_sma_trend': False, 'sma_trend_fast': 91, 'sma_trend_slow': 35, 'en_macd': False, 'macd_fast': 11, 'macd_slow': 3, 'macd_signal': 52, 'en_vwap': True, 'en_keltner': False, 'keltner_n': 123, 'keltner_m': 1.0, 'en_obv': False, 'obv_slope': 69, 'en_cci': True, 'cci_n': 166, 'cci_threshold': 130, 'en_rsi': False, 'rsi_n': 68, 'rsi_lower': 1, 'rsi_upper': 57, 'en_stochastic': False, 'stochastic_n': 62, 'stochastic_d': 34, 'stochastic_lower': 9, 'stochastic_upper': 98, 'en_mfi': False, 'mfi_n': 42, 'mfi_lower': 29, 'mfi_upper': 80, 'en_bollinger': True, 'bollinger_n': 2, 'bollinger_k': 1.6, 'en_adx': False, 'adx_n': 50, 'adx_threshold': 9, 'en_structure_trend': False, 'structure_trend_swing_l': 3, 'en_order_block': True, 'order_block_swing_l': 5, 'en_fvg': False, 'fvg_lookback': 35, 'en_ifvg': True, 'en_breaker': True, 'breaker_swing_l': 7, 'en_cisd': True, 'k': 4, 'en_cap_bars': False, 'cap_1min': 457}.
[I 2026-07-13 15:05:19,009] Trial 4597 finished with values: [3849.501422251861, -4528.222235638992, 72.45] and parameters: {'sl_soft': 0.1790260279200085, 'sl_hard_delta': 0.039849065565949165, 'tp': 0.14985592681603982, 'gate_pct': 99.43810192295578, 'dd_limit': 0.7627381108845042, 'cooldown': 0, 'flip': False, 'en_ema_trend': True, 'ema_trend_fast': 157, 'ema_trend_slow': 157, 'en_sma_trend': True, 'sma_trend_fast': 360, 'sma_trend_slow': 336, 'en_macd': False, 'macd_fast': 80, 'macd_slow': 200, 'macd_signal': 52, 'en_vwap': False, 'en_keltner': True, 'keltner_n': 131, 'keltner_m': 1.3, 'en_obv': False, 'obv_slope': 69, 'en_cci': True, 'cci_n': 172, 'cci_threshold': 130, 'en_rsi': False, 'rsi_n': 100, 'rsi_lower': 47, 'rsi_upper': 57, 'en_stochastic': False, 'stochastic_n': 62, 'stochastic_d': 34, 'stochastic_lower': 9, 'stochastic_upper': 66, 'en_mfi': False, 'mfi_n': 43, 'mfi_lower': 29, 'mfi_upper': 80, 'en_bollinger': True, 'bollinger_n': 149, 'bollinger_k': 3.8000000000000003, 'en_adx': False, 'adx_n': 50, 'adx_threshold': 35, 'en_structure_trend': False, 'structure_trend_swing_l': 9, 'en_order_block': True, 'order_block_swing_l': 11, 'en_fvg': False, 'fvg_lookback': 7, 'en_ifvg': True, 'en_breaker': False, 'breaker_swing_l': 1, 'en_cisd': True, 'k': 4, 'en_cap_bars': True, 'cap_1min': 457}.
[I 2026-07-13 15:05:19,254] Trial 4598 finished with values: [4188.846311769137, -2013.6259553233772, 57.15] and parameters: {'sl_soft': 0.16151352996638565, 'sl_hard_delta': 0.039849065565949165, 'tp': 0.30344321187078127, 'gate_pct': 99.43810192295578, 'dd_limit': 0.7627381108845042, 'cooldown': 0, 'flip': False, 'en_ema_trend': False, 'ema_trend_fast': 197, 'ema_trend_slow': 182, 'en_sma_trend': False, 'sma_trend_fast': 91, 'sma_trend_slow': 35, 'en_macd': False, 'macd_fast': 11, 'macd_slow': 3, 'macd_signal': 52, 'en_vwap': False, 'en_keltner': False, 'keltner_n': 123, 'keltner_m': 1.0, 'en_obv': True, 'obv_slope': 162, 'en_cci': True, 'cci_n': 166, 'cci_threshold': 130, 'en_rsi': False, 'rsi_n': 100, 'rsi_lower': 26, 'rsi_upper': 87, 'en_stochastic': False, 'stochastic_n': 92, 'stochastic_d': 34, 'stochastic_lower': 13, 'stochastic_upper': 57, 'en_mfi': False, 'mfi_n': 42, 'mfi_lower': 29, 'mfi_upper': 68, 'en_bollinger': True, 'bollinger_n': 2, 'bollinger_k': 1.6, 'en_adx': False, 'adx_n': 50, 'adx_threshold': 9, 'en_structure_trend': False, 'structure_trend_swing_l': 18, 'en_order_block': True, 'order_block_swing_l': 5, 'en_fvg': False, 'fvg_lookback': 35, 'en_ifvg': True, 'en_breaker': True, 'breaker_swing_l': 7, 'en_cisd': True, 'k': 4, 'en_cap_bars': True, 'cap_1min': 695}.
[I 2026-07-13 15:05:19,549] Trial 4599 finished with values: [3526.9490636811797, -2706.143925855853, 40.85] and parameters: {'sl_soft': 0.05035573196257478, 'sl_hard_delta': 0.039849065565949165, 'tp': 0.31273233634300385, 'gate_pct': 99.43810192295578, 'dd_limit': 0.7627381108845042, 'cooldown': 0, 'flip': False, 'en_ema_trend': False, 'ema_trend_fast': 157, 'ema_trend_slow': 182, 'en_sma_trend': True, 'sma_trend_fast': 313, 'sma_trend_slow': 35, 'en_macd': False, 'macd_fast': 10, 'macd_slow': 3, 'macd_signal': 52, 'en_vwap': False, 'en_keltner': False, 'keltner_n': 123, 'keltner_m': 3.8000000000000003, 'en_obv': True, 'obv_slope': 153, 'en_cci': True, 'cci_n': 166, 'cci_threshold': 130, 'en_rsi': False, 'rsi_n': 64, 'rsi_lower': 47, 'rsi_upper': 79, 'en_stochastic': False, 'stochastic_n': 62, 'stochastic_d': 11, 'stochastic_lower': 9, 'stochastic_upper': 57, 'en_mfi': False, 'mfi_n': 14, 'mfi_lower': 29, 'mfi_upper': 80, 'en_bollinger': True, 'bollinger_n': 2, 'bollinger_k': 4.1, 'en_adx': False, 'adx_n': 62, 'adx_threshold': 47, 'en_structure_trend': False, 'structure_trend_swing_l': 9, 'en_order_block': True, 'order_block_swing_l': 5, 'en_fvg': False, 'fvg_lookback': 45, 'en_ifvg': True, 'en_breaker': True, 'breaker_swing_l': 7, 'en_cisd': True, 'k': 4, 'en_cap_bars': True, 'cap_1min': 457}.
[I 2026-07-13 15:05:19,858] Trial 4600 finished with values: [5328.2234838199265, -5585.287500048751, 64.35] and parameters: {'sl_soft': 0.1790260279200085, 'sl_hard_delta': 0.039849065565949165, 'tp': 0.14985592681603982, 'gate_pct': 99.43810192295578, 'dd_limit': 9.049701546507107, 'cooldown': 0, 'flip': False, 'en_ema_trend': False, 'ema_trend_fast': 157, 'ema_trend_slow': 157, 'en_sma_trend': True, 'sma_trend_fast': 81, 'sma_trend_slow': 379, 'en_macd': False, 'macd_fast': 56, 'macd_slow': 200, 'macd_signal': 52, 'en_vwap': False, 'en_keltner': True, 'keltner_n': 123, 'keltner_m': 3.3000000000000003, 'en_obv': True, 'obv_slope': 153, 'en_cci': True, 'cci_n': 51, 'cci_threshold': 50, 'en_rsi': False, 'rsi_n': 72, 'rsi_lower': 1, 'rsi_upper': 80, 'en_stochastic': False, 'stochastic_n': 62, 'stochastic_d': 11, 'stochastic_lower': 20, 'stochastic_upper': 66, 'en_mfi': False, 'mfi_n': 14, 'mfi_lower': 19, 'mfi_upper': 68, 'en_bollinger': False, 'bollinger_n': 2, 'bollinger_k': 4.1, 'en_adx': False, 'adx_n': 7, 'adx_threshold': 57, 'en_structure_trend': False, 'structure_trend_swing_l': 1, 'en_order_block': True, 'order_block_swing_l': 5, 'en_fvg': False, 'fvg_lookback': 35, 'en_ifvg': True, 'en_breaker': True, 'breaker_swing_l': 7, 'en_cisd': True, 'k': 4, 'en_cap_bars': False, 'cap_1min': 457}.
[I 2026-07-13 15:05:20,158] Trial 4601 finished with values: [6852.41487712263, -11921.929851609399, 73.35] and parameters: {'sl_soft': 0.1790260279200085, 'sl_hard_delta': 0.17437949833153482, 'tp': 0.14985592681603982, 'gate_pct': 96.65475725098474, 'dd_limit': 0.7627381108845042, 'cooldown': 0, 'flip': False, 'en_ema_trend': False, 'ema_trend_fast': 195, 'ema_trend_slow': 182, 'en_sma_trend': True, 'sma_trend_fast': 360, 'sma_trend_slow': 35, 'en_macd': False, 'macd_fast': 70, 'macd_slow': 200, 'macd_signal': 52, 'en_vwap': True, 'en_keltner': True, 'keltner_n': 122, 'keltner_m': 3.1, 'en_obv': True, 'obv_slope': 61, 'en_cci': True, 'cci_n': 172, 'cci_threshold': 145, 'en_rsi': False, 'rsi_n': 81, 'rsi_lower': 32, 'rsi_upper': 87, 'en_stochastic': False, 'stochastic_n': 70, 'stochastic_d': 17, 'stochastic_lower': 26, 'stochastic_upper': 66, 'en_mfi': False, 'mfi_n': 8, 'mfi_lower': 28, 'mfi_upper': 80, 'en_bollinger': False, 'bollinger_n': 155, 'bollinger_k': 1.6, 'en_adx': False, 'adx_n': 50, 'adx_threshold': 47, 'en_structure_trend': True, 'structure_trend_swing_l': 18, 'en_order_block': True, 'order_block_swing_l': 16, 'en_fvg': True, 'fvg_lookback': 35, 'en_ifvg': False, 'en_breaker': True, 'breaker_swing_l': 1, 'en_cisd': True, 'k': 1, 'en_cap_bars': True, 'cap_1min': 655}.
[I 2026-07-13 15:05:21,238] Trial 4602 finished with values: [134.244469772735, -3794.0478047151064, 23.15] and parameters: {'sl_soft': 0.05035573196257478, 'sl_hard_delta': 0.039849065565949165, 'tp': 0.30344321187078127, 'gate_pct': 99.43810192295578, 'dd_limit': 0.7627381108845042, 'cooldown': 0, 'flip': False, 'en_ema_trend': False, 'ema_trend_fast': 197, 'ema_trend_slow': 157, 'en_sma_trend': True, 'sma_trend_fast': 338, 'sma_trend_slow': 336, 'en_macd': False, 'macd_fast': 10, 'macd_slow': 200, 'macd_signal': 52, 'en_vwap': False, 'en_keltner': True, 'keltner_n': 131, 'keltner_m': 3.5, 'en_obv': True, 'obv_slope': 193, 'en_cci': True, 'cci_n': 166, 'cci_threshold': 130, 'en_rsi': False, 'rsi_n': 100, 'rsi_lower': 47, 'rsi_upper': 58, 'en_stochastic': False, 'stochastic_n': 70, 'stochastic_d': 34, 'stochastic_lower': 9, 'stochastic_upper': 57, 'en_mfi': False, 'mfi_n': 42, 'mfi_lower': 29, 'mfi_upper': 68, 'en_bollinger': True, 'bollinger_n': 133, 'bollinger_k': 1.6, 'en_adx': False, 'adx_n': 50, 'adx_threshold': 35, 'en_structure_trend': False, 'structure_trend_swing_l': 9, 'en_order_block': False, 'order_block_swing_l': 16, 'en_fvg': False, 'fvg_lookback': 35, 'en_ifvg': True, 'en_breaker': True, 'breaker_swing_l': 7, 'en_cisd': True, 'k': 4, 'en_cap_bars': True, 'cap_1min': 457}.
[I 2026-07-13 15:05:21,735] Trial 4603 finished with values: [6168.930547480721, -8640.408730761923, 33.85] and parameters: {'sl_soft': 0.05035573196257478, 'sl_hard_delta': 0.17437949833153482, 'tp': 0.30344321187078127, 'gate_pct': 99.43810192295578, 'dd_limit': 0.7627381108845042, 'cooldown': 0, 'flip': False, 'en_ema_trend': False, 'ema_trend_fast': 195, 'ema_trend_slow': 182, 'en_sma_trend': True, 'sma_trend_fast': 91, 'sma_trend_slow': 35, 'en_macd': False, 'macd_fast': 10, 'macd_slow': 200, 'macd_signal': 52, 'en_vwap': False, 'en_keltner': True, 'keltner_n': 122, 'keltner_m': 3.5, 'en_obv': True, 'obv_slope': 162, 'en_cci': True, 'cci_n': 166, 'cci_threshold': 130, 'en_rsi': False, 'rsi_n': 81, 'rsi_lower': 47, 'rsi_upper': 58, 'en_stochastic': False, 'stochastic_n': 62, 'stochastic_d': 34, 'stochastic_lower': 26, 'stochastic_upper': 66, 'en_mfi': False, 'mfi_n': 8, 'mfi_lower': 28, 'mfi_upper': 99, 'en_bollinger': True, 'bollinger_n': 155, 'bollinger_k': 3.8000000000000003, 'en_adx': False, 'adx_n': 50, 'adx_threshold': 35, 'en_structure_trend': False, 'structure_trend_swing_l': 9, 'en_order_block': True, 'order_block_swing_l': 16, 'en_fvg': True, 'fvg_lookback': 35, 'en_ifvg': False, 'en_breaker': True, 'breaker_swing_l': 1, 'en_cisd': True, 'k': 4, 'en_cap_bars': True, 'cap_1min': 655}.
[I 2026-07-13 15:05:22,217] Trial 4604 finished with values: [14871.704145083571, -6392.106496236352, 56.9] and parameters: {'sl_soft': 0.1790260279200085, 'sl_hard_delta': 0.039849065565949165, 'tp': 0.30344321187078127, 'gate_pct': 98.58299891691806, 'dd_limit': 9.049701546507107, 'cooldown': 0, 'flip': False, 'en_ema_trend': False, 'ema_trend_fast': 157, 'ema_trend_slow': 157, 'en_sma_trend': True, 'sma_trend_fast': 313, 'sma_trend_slow': 319, 'en_macd': False, 'macd_fast': 10, 'macd_slow': 169, 'macd_signal': 52, 'en_vwap': False, 'en_keltner': True, 'keltner_n': 131, 'keltner_m': 1.9000000000000001, 'en_obv': True, 'obv_slope': 153, 'en_cci': True, 'cci_n': 166, 'cci_threshold': 130, 'en_rsi': False, 'rsi_n': 72, 'rsi_lower': 47, 'rsi_upper': 87, 'en_stochastic': False, 'stochastic_n': 62, 'stochastic_d': 11, 'stochastic_lower': 13, 'stochastic_upper': 98, 'en_mfi': False, 'mfi_n': 42, 'mfi_lower': 28, 'mfi_upper': 80, 'en_bollinger': True, 'bollinger_n': 2, 'bollinger_k': 1.6, 'en_adx': False, 'adx_n': 91, 'adx_threshold': 47, 'en_structure_trend': False, 'structure_trend_swing_l': 9, 'en_order_block': True, 'order_block_swing_l': 5, 'en_fvg': False, 'fvg_lookback': 35, 'en_ifvg': True, 'en_breaker': True, 'breaker_swing_l': 7, 'en_cisd': True, 'k': 4, 'en_cap_bars': True, 'cap_1min': 457}.
[I 2026-07-13 15:05:22,565] Trial 4605 finished with values: [8192.418362639644, -2389.4713007793916, 68.8] and parameters: {'sl_soft': 0.1790260279200085, 'sl_hard_delta': 0.039849065565949165, 'tp': 0.14985592681603982, 'gate_pct': 99.43810192295578, 'dd_limit': 0.7627381108845042, 'cooldown': 1, 'flip': False, 'en_ema_trend': False, 'ema_trend_fast': 157, 'ema_trend_slow': 236, 'en_sma_trend': True, 'sma_trend_fast': 360, 'sma_trend_slow': 35, 'en_macd': False, 'macd_fast': 10, 'macd_slow': 41, 'macd_signal': 69, 'en_vwap': False, 'en_keltner': True, 'keltner_n': 123, 'keltner_m': 3.8000000000000003, 'en_obv': True, 'obv_slope': 69, 'en_cci': True, 'cci_n': 166, 'cci_threshold': 130, 'en_rsi': False, 'rsi_n': 68, 'rsi_lower': 1, 'rsi_upper': 57, 'en_stochastic': False, 'stochastic_n': 62, 'stochastic_d': 34, 'stochastic_lower': 20, 'stochastic_upper': 66, 'en_mfi': False, 'mfi_n': 42, 'mfi_lower': 29, 'mfi_upper': 83, 'en_bollinger': True, 'bollinger_n': 2, 'bollinger_k': 1.6, 'en_adx': False, 'adx_n': 17, 'adx_threshold': 13, 'en_structure_trend': False, 'structure_trend_swing_l': 9, 'en_order_block': True, 'order_block_swing_l': 5, 'en_fvg': False, 'fvg_lookback': 35, 'en_ifvg': True, 'en_breaker': True, 'breaker_swing_l': 7, 'en_cisd': True, 'k': 4, 'en_cap_bars': False, 'cap_1min': 457}.
