[I 2026-07-13 13:48:38,127] Trial 874 pruned. 
[I 2026-07-13 13:48:39,071] Trial 875 pruned. 
[I 2026-07-13 13:48:39,208] Trial 876 pruned. 
[I 2026-07-13 13:48:40,204] Trial 877 pruned. 
[I 2026-07-13 13:48:41,458] Trial 878 pruned. 
[I 2026-07-13 13:48:41,867] Trial 879 pruned. 
[I 2026-07-13 13:48:42,001] Trial 880 pruned. 
[I 2026-07-13 13:48:43,519] Trial 881 pruned. 
[I 2026-07-13 13:48:45,503] Trial 882 pruned. 
[I 2026-07-13 13:48:48,111] Trial 883 pruned. 
[I 2026-07-13 13:48:49,473] Trial 884 pruned. 
[I 2026-07-13 13:48:51,277] Trial 885 pruned. 
[I 2026-07-13 13:48:52,712] Trial 886 pruned. 
[I 2026-07-13 13:48:53,217] Trial 887 pruned. 
[I 2026-07-13 13:48:53,703] Trial 888 pruned. 
[I 2026-07-13 13:48:54,791] Trial 889 pruned. 
[I 2026-07-13 13:48:56,779] Trial 890 pruned. 
[I 2026-07-13 13:48:57,809] Trial 891 pruned. 
[I 2026-07-13 13:48:58,861] Trial 892 pruned. 
[I 2026-07-13 13:48:59,639] Trial 893 pruned. 
[I 2026-07-13 13:49:00,547] Trial 894 pruned. 
[I 2026-07-13 13:49:01,756] Trial 895 pruned. 
[I 2026-07-13 13:49:02,861] Trial 896 pruned. 
[I 2026-07-13 13:49:04,312] Trial 897 pruned. 
[I 2026-07-13 13:49:05,991] Trial 898 pruned. 
[I 2026-07-13 13:49:07,770] Trial 899 pruned. 
[I 2026-07-13 13:49:08,796] Trial 900 pruned. 
[I 2026-07-13 13:49:09,842] Trial 901 pruned. 
[I 2026-07-13 13:49:10,234] Trial 902 pruned. 
[I 2026-07-13 13:49:10,484] Trial 903 pruned. 
[I 2026-07-13 13:49:12,424] Trial 904 pruned. 
[I 2026-07-13 13:49:13,071] Trial 905 pruned. 
[I 2026-07-13 13:49:13,897] Trial 906 pruned. 
[I 2026-07-13 13:49:16,148] Trial 907 finished with values: [-781.7222453973648, -7829.720977917135, 44.8] and parameters: {'sl_soft': 0.07361579217129036, 'sl_hard_delta': 0.05743419118064455, 'tp': 0.14750554714551753, 'gate_pct': 96.54380504120698, 'dd_limit': 4.125389121894992, 'cooldown': 1, 'flip': False, 'en_ema_trend': False, 'ema_trend_fast': 393, 'ema_trend_slow': 260, 'en_sma_trend': False, 'sma_trend_fast': 13, 'sma_trend_slow': 311, 'en_macd': True, 'macd_fast': 85, 'macd_slow': 106, 'macd_signal': 34, 'en_vwap': True, 'en_keltner': False, 'keltner_n': 99, 'keltner_m': 2.4000000000000004, 'en_obv': False, 'obv_slope': 146, 'en_cci': True, 'cci_n': 33, 'cci_threshold': 180, 'en_rsi': False, 'rsi_n': 15, 'rsi_lower': 39, 'rsi_upper': 65, 'en_stochastic': False, 'stochastic_n': 2, 'stochastic_d': 7, 'stochastic_lower': 8, 'stochastic_upper': 91, 'en_mfi': True, 'mfi_n': 76, 'mfi_lower': 33, 'mfi_upper': 83, 'en_bollinger': False, 'bollinger_n': 46, 'bollinger_k': 0.7, 'en_adx': False, 'adx_n': 63, 'adx_threshold': 39, 'en_structure_trend': True, 'structure_trend_swing_l': 14, 'en_order_block': False, 'order_block_swing_l': 19, 'en_fvg': True, 'fvg_lookback': 18, 'en_ifvg': True, 'en_breaker': False, 'breaker_swing_l': 11, 'en_cisd': False, 'k': 5, 'en_cap_bars': False, 'cap_1min': 715}.
[I 2026-07-13 13:49:17,014] Trial 908 pruned. 
[I 2026-07-13 13:49:19,694] Trial 909 pruned. 
[I 2026-07-13 13:49:20,432] Trial 910 pruned. 
[I 2026-07-13 13:49:20,614] Trial 911 pruned. 
[I 2026-07-13 13:49:21,798] Trial 912 pruned. 
[I 2026-07-13 13:49:23,081] Trial 913 pruned. 
[I 2026-07-13 13:49:24,552] Trial 914 pruned. 
[I 2026-07-13 13:49:25,622] Trial 915 pruned. 
[I 2026-07-13 13:49:26,566] Trial 916 pruned. 
[I 2026-07-13 13:49:26,996] Trial 917 pruned. 
[I 2026-07-13 13:49:28,869] Trial 918 pruned. 
[I 2026-07-13 13:49:29,330] Trial 919 pruned. 
[I 2026-07-13 13:49:29,591] Trial 920 pruned. 
[I 2026-07-13 13:49:31,083] Trial 921 pruned. 
[I 2026-07-13 13:49:32,065] Trial 922 pruned. 
[I 2026-07-13 13:49:33,395] Trial 923 pruned. 
[I 2026-07-13 13:49:35,290] Trial 924 pruned. 
[I 2026-07-13 13:49:36,094] Trial 925 pruned. 
[I 2026-07-13 13:49:36,462] Trial 926 pruned. 
[I 2026-07-13 13:49:36,940] Trial 927 pruned. 
[I 2026-07-13 13:49:38,905] Trial 928 pruned. 
[I 2026-07-13 13:49:39,061] Trial 929 pruned. 
[I 2026-07-13 13:49:40,210] Trial 930 pruned. 
[I 2026-07-13 13:49:41,119] Trial 931 pruned. 
[I 2026-07-13 13:49:44,373] Trial 932 pruned. 
[I 2026-07-13 13:49:45,038] Trial 933 pruned. 
[I 2026-07-13 13:49:45,850] Trial 934 pruned. 
[I 2026-07-13 13:49:48,533] Trial 935 pruned. 
[I 2026-07-13 13:49:50,268] Trial 936 pruned. 
[I 2026-07-13 13:49:50,675] Trial 937 pruned. 
[I 2026-07-13 13:49:51,666] Trial 938 pruned. 
[I 2026-07-13 13:49:53,909] Trial 939 pruned. 
[I 2026-07-13 13:49:54,511] Trial 940 pruned. 
[I 2026-07-13 13:49:55,003] Trial 941 pruned. 
[I 2026-07-13 13:49:55,492] Trial 942 pruned. 
[I 2026-07-13 13:49:58,578] Trial 943 pruned. 
[I 2026-07-13 13:49:59,380] Trial 944 pruned. 
[I 2026-07-13 13:50:01,045] Trial 945 pruned. 
[I 2026-07-13 13:50:02,625] Trial 946 pruned. 
[I 2026-07-13 13:50:05,323] Trial 947 pruned. 
[I 2026-07-13 13:50:06,222] Trial 948 pruned. 
[I 2026-07-13 13:50:08,068] Trial 949 pruned. 
[I 2026-07-13 13:50:09,217] Trial 950 pruned. 
[I 2026-07-13 13:50:09,929] Trial 951 pruned. 
[I 2026-07-13 13:50:11,743] Trial 952 pruned. 
[I 2026-07-13 13:50:13,725] Trial 953 pruned. 
[I 2026-07-13 13:50:15,031] Trial 954 pruned. 
[I 2026-07-13 13:50:16,374] Trial 955 pruned. 
[I 2026-07-13 13:50:17,418] Trial 956 pruned. 
[I 2026-07-13 13:50:18,590] Trial 957 pruned. 
[I 2026-07-13 13:50:19,480] Trial 958 pruned. 
[I 2026-07-13 13:50:20,454] Trial 959 pruned. 
[I 2026-07-13 13:50:20,701] Trial 960 pruned. 
[I 2026-07-13 13:50:21,228] Trial 961 pruned. 
[I 2026-07-13 13:50:23,240] Trial 962 pruned. 
[I 2026-07-13 13:50:24,329] Trial 963 pruned. 
[I 2026-07-13 13:50:25,333] Trial 964 pruned. 
[I 2026-07-13 13:50:26,131] Trial 965 pruned. 
[I 2026-07-13 13:50:26,710] Trial 966 pruned. 
[I 2026-07-13 13:50:28,550] Trial 967 pruned. 
[I 2026-07-13 13:50:29,865] Trial 968 pruned. 
[I 2026-07-13 13:50:30,838] Trial 969 pruned. 
[I 2026-07-13 13:50:31,755] Trial 970 pruned. 
[I 2026-07-13 13:50:32,354] Trial 971 pruned. 
[I 2026-07-13 13:50:33,302] Trial 972 pruned. 
[I 2026-07-13 13:50:34,447] Trial 973 pruned. 
[I 2026-07-13 13:50:36,034] Trial 974 pruned. 
[I 2026-07-13 13:50:37,089] Trial 975 pruned. 
[I 2026-07-13 13:50:38,528] Trial 976 pruned. 
[I 2026-07-13 13:50:38,932] Trial 977 pruned. 
[I 2026-07-13 13:50:40,050] Trial 978 pruned. 
[I 2026-07-13 13:50:41,819] Trial 979 pruned. 
[I 2026-07-13 13:50:42,310] Trial 980 pruned. 
[I 2026-07-13 13:50:42,970] Trial 981 pruned. 
[I 2026-07-13 13:50:44,424] Trial 982 pruned. 
[I 2026-07-13 13:50:45,382] Trial 983 pruned. 
[I 2026-07-13 13:50:48,685] Trial 984 pruned. 
[I 2026-07-13 13:50:49,117] Trial 985 pruned. 
[I 2026-07-13 13:50:50,490] Trial 986 pruned. 
[I 2026-07-13 13:50:52,358] Trial 987 pruned. 
[I 2026-07-13 13:50:53,990] Trial 988 pruned. 
[I 2026-07-13 13:50:55,114] Trial 989 pruned. 
[I 2026-07-13 13:50:57,076] Trial 990 pruned. 
[I 2026-07-13 13:50:57,451] Trial 991 pruned. 
[I 2026-07-13 13:50:58,459] Trial 992 pruned. 
[I 2026-07-13 13:50:59,475] Trial 993 pruned. 
[I 2026-07-13 13:51:01,374] Trial 994 pruned. 
[I 2026-07-13 13:51:01,817] Trial 995 pruned. 
[I 2026-07-13 13:51:02,545] Trial 996 pruned. 
[I 2026-07-13 13:51:03,625] Trial 997 pruned. 
[I 2026-07-13 13:51:05,127] Trial 998 pruned. 
[I 2026-07-13 13:51:05,661] Trial 999 pruned. 
[I 2026-07-13 13:51:05,791] Trial 1000 pruned. 
[I 2026-07-13 13:51:06,177] Trial 1001 pruned. 
[I 2026-07-13 13:51:08,077] Trial 1002 pruned. 
[I 2026-07-13 13:51:08,786] Trial 1003 pruned. 
[I 2026-07-13 13:51:09,581] Trial 1004 pruned. 
[I 2026-07-13 13:51:10,120] Trial 1005 pruned. 
[I 2026-07-13 13:51:11,055] Trial 1006 pruned. 
[I 2026-07-13 13:51:11,422] Trial 1007 pruned. 
[I 2026-07-13 13:51:12,489] Trial 1008 pruned. 
[I 2026-07-13 13:51:15,372] Trial 1009 pruned. 
[I 2026-07-13 13:51:15,881] Trial 1010 pruned. 
[I 2026-07-13 13:51:16,327] Trial 1011 pruned. 
[I 2026-07-13 13:51:17,654] Trial 1012 pruned. 
[I 2026-07-13 13:51:18,286] Trial 1013 pruned. 
[I 2026-07-13 13:51:19,324] Trial 1014 pruned. 
[I 2026-07-13 13:51:20,677] Trial 1015 pruned. 
[I 2026-07-13 13:51:23,331] Trial 1016 pruned. 
[I 2026-07-13 13:51:24,745] Trial 1017 pruned. 
[I 2026-07-13 13:51:25,205] Trial 1018 pruned. 
[I 2026-07-13 13:51:25,614] Trial 1019 pruned. 
[I 2026-07-13 13:51:26,542] Trial 1020 pruned. 
[I 2026-07-13 13:51:27,942] Trial 1021 pruned. 
[I 2026-07-13 13:51:29,622] Trial 1022 pruned. 
[I 2026-07-13 13:51:30,369] Trial 1023 pruned. 
[I 2026-07-13 13:51:31,365] Trial 1024 pruned. 
[I 2026-07-13 13:51:33,328] Trial 1025 pruned. 
[I 2026-07-13 13:51:34,299] Trial 1026 pruned. 
[I 2026-07-13 13:51:36,053] Trial 1027 pruned. 
[I 2026-07-13 13:51:37,272] Trial 1028 pruned. 
[I 2026-07-13 13:51:37,565] Trial 1029 pruned. 
[I 2026-07-13 13:51:38,016] Trial 1030 pruned. 
[I 2026-07-13 13:51:39,217] Trial 1031 pruned. 
[I 2026-07-13 13:51:41,589] Trial 1032 pruned. 
[I 2026-07-13 13:51:43,750] Trial 1033 pruned. 
[I 2026-07-13 13:51:45,479] Trial 1034 pruned. 
[I 2026-07-13 13:51:46,748] Trial 1035 pruned. 
[I 2026-07-13 13:51:47,479] Trial 1036 pruned. 
[I 2026-07-13 13:51:48,999] Trial 1037 pruned. 
[I 2026-07-13 13:51:49,279] Trial 1038 pruned. 
[I 2026-07-13 13:51:50,543] Trial 1039 pruned. 
[I 2026-07-13 13:51:50,680] Trial 1040 pruned. 
[I 2026-07-13 13:51:51,987] Trial 1041 pruned. 
[I 2026-07-13 13:51:55,111] Trial 1042 pruned. 
[I 2026-07-13 13:51:56,300] Trial 1043 pruned. 
[I 2026-07-13 13:51:57,779] Trial 1044 pruned. 
[I 2026-07-13 13:51:59,565] Trial 1045 pruned. 
[I 2026-07-13 13:52:01,840] Trial 1046 pruned. 
[I 2026-07-13 13:52:02,743] Trial 1047 pruned. 
[I 2026-07-13 13:52:03,897] Trial 1048 pruned. 
[I 2026-07-13 13:52:05,051] Trial 1049 pruned. 
[I 2026-07-13 13:52:06,665] Trial 1050 pruned. 
[I 2026-07-13 13:52:07,108] Trial 1051 pruned. 
[I 2026-07-13 13:52:08,395] Trial 1052 pruned. 
[I 2026-07-13 13:52:12,064] Trial 1053 pruned. 
[I 2026-07-13 13:52:12,766] Trial 1054 pruned. 
[I 2026-07-13 13:52:14,183] Trial 1055 pruned. 
[I 2026-07-13 13:52:15,133] Trial 1056 pruned. 
[I 2026-07-13 13:52:15,659] Trial 1057 pruned. 
[I 2026-07-13 13:52:19,031] Trial 1058 finished with values: [-2763.421073007421, -8366.043913143774, 38.9] and parameters: {'sl_soft': 0.08931511573439593, 'sl_hard_delta': 0.14574779007922628, 'tp': 0.12746967280303514, 'gate_pct': 98.88498594560426, 'dd_limit': 8.680487348400282, 'cooldown': 0, 'flip': False, 'en_ema_trend': False, 'ema_trend_fast': 7, 'ema_trend_slow': 85, 'en_sma_trend': True, 'sma_trend_fast': 310, 'sma_trend_slow': 298, 'en_macd': False, 'macd_fast': 72, 'macd_slow': 182, 'macd_signal': 18, 'en_vwap': True, 'en_keltner': True, 'keltner_n': 153, 'keltner_m': 2.3, 'en_obv': True, 'obv_slope': 107, 'en_cci': True, 'cci_n': 107, 'cci_threshold': 245, 'en_rsi': True, 'rsi_n': 66, 'rsi_lower': 16, 'rsi_upper': 53, 'en_stochastic': False, 'stochastic_n': 44, 'stochastic_d': 43, 'stochastic_lower': 16, 'stochastic_upper': 90, 'en_mfi': True, 'mfi_n': 28, 'mfi_lower': 23, 'mfi_upper': 77, 'en_bollinger': True, 'bollinger_n': 136, 'bollinger_k': 2.8000000000000003, 'en_adx': False, 'adx_n': 98, 'adx_threshold': 28, 'en_structure_trend': False, 'structure_trend_swing_l': 8, 'en_order_block': False, 'order_block_swing_l': 9, 'en_fvg': True, 'fvg_lookback': 5, 'en_ifvg': True, 'en_breaker': True, 'breaker_swing_l': 8, 'en_cisd': False, 'k': 3, 'en_cap_bars': False, 'cap_1min': 1245}.
[I 2026-07-13 13:52:20,164] Trial 1059 pruned. 
[I 2026-07-13 13:52:20,569] Trial 1060 pruned. 
[I 2026-07-13 13:52:23,071] Trial 1061 pruned. 
[I 2026-07-13 13:52:23,537] Trial 1062 pruned. 
[I 2026-07-13 13:52:27,627] Trial 1063 pruned. 
[I 2026-07-13 13:52:29,660] Trial 1064 pruned. 
[I 2026-07-13 13:52:32,257] Trial 1065 pruned. 
[I 2026-07-13 13:52:33,132] Trial 1066 pruned. 
[I 2026-07-13 13:52:34,440] Trial 1067 pruned. 
[I 2026-07-13 13:52:35,652] Trial 1068 pruned. 
[I 2026-07-13 13:52:36,646] Trial 1069 pruned. 
[I 2026-07-13 13:52:37,208] Trial 1070 pruned. 
[I 2026-07-13 13:52:38,233] Trial 1071 pruned. 
[I 2026-07-13 13:52:39,544] Trial 1072 pruned. 
[I 2026-07-13 13:52:40,992] Trial 1073 pruned. 
[I 2026-07-13 13:52:42,004] Trial 1074 pruned. 
[I 2026-07-13 13:52:43,129] Trial 1075 pruned. 
[I 2026-07-13 13:52:46,376] Trial 1076 pruned. 
[I 2026-07-13 13:52:47,663] Trial 1077 pruned. 
[I 2026-07-13 13:52:49,668] Trial 1078 pruned. 
[I 2026-07-13 13:52:51,341] Trial 1079 pruned. 
[I 2026-07-13 13:52:51,586] Trial 1080 pruned. 
[I 2026-07-13 13:52:53,086] Trial 1081 pruned. 
[I 2026-07-13 13:52:54,659] Trial 1082 pruned. 
[I 2026-07-13 13:52:55,248] Trial 1083 pruned. 
[I 2026-07-13 13:52:56,850] Trial 1084 pruned. 
[I 2026-07-13 13:52:57,816] Trial 1085 pruned. 
[I 2026-07-13 13:53:01,859] Trial 1086 pruned. 
[I 2026-07-13 13:53:05,797] Trial 1087 pruned. 
[I 2026-07-13 13:53:07,154] Trial 1088 pruned. 
[I 2026-07-13 13:53:08,179] Trial 1089 pruned. 
[I 2026-07-13 13:53:09,160] Trial 1090 pruned. 
[I 2026-07-13 13:53:10,551] Trial 1091 pruned. 
[I 2026-07-13 13:53:11,505] Trial 1092 pruned. 
[I 2026-07-13 13:53:13,464] Trial 1093 pruned. 
[I 2026-07-13 13:53:13,796] Trial 1094 pruned. 
[I 2026-07-13 13:53:14,393] Trial 1095 pruned. 
[I 2026-07-13 13:53:15,439] Trial 1096 pruned. 
[I 2026-07-13 13:53:17,939] Trial 1097 pruned. 
[I 2026-07-13 13:53:18,515] Trial 1098 pruned. 
[I 2026-07-13 13:53:19,896] Trial 1099 pruned. 
[I 2026-07-13 13:53:21,119] Trial 1100 pruned. 
[I 2026-07-13 13:53:21,570] Trial 1101 pruned. 
[I 2026-07-13 13:53:22,757] Trial 1102 pruned. 
[I 2026-07-13 13:53:23,658] Trial 1103 pruned. 
[I 2026-07-13 13:53:24,000] Trial 1104 pruned. 
[I 2026-07-13 13:53:26,145] Trial 1105 pruned. 
[I 2026-07-13 13:53:27,438] Trial 1106 pruned. 
[I 2026-07-13 13:53:29,340] Trial 1107 pruned. 
[I 2026-07-13 13:53:30,224] Trial 1108 pruned. 
[I 2026-07-13 13:53:33,067] Trial 1109 pruned. 
[I 2026-07-13 13:53:34,753] Trial 1110 pruned. 
[I 2026-07-13 13:53:35,611] Trial 1111 pruned. 
[I 2026-07-13 13:53:37,527] Trial 1112 pruned. 
[I 2026-07-13 13:53:38,542] Trial 1113 pruned. 
[I 2026-07-13 13:53:39,391] Trial 1114 pruned. 
[I 2026-07-13 13:53:40,047] Trial 1115 pruned. 
[I 2026-07-13 13:53:41,260] Trial 1116 pruned. 
[I 2026-07-13 13:53:42,037] Trial 1117 pruned. 
[I 2026-07-13 13:53:43,160] Trial 1118 pruned. 
[I 2026-07-13 13:53:44,685] Trial 1119 pruned. 
[I 2026-07-13 13:53:44,869] Trial 1120 pruned. 
[I 2026-07-13 13:53:46,811] Trial 1121 pruned. 
[I 2026-07-13 13:53:48,103] Trial 1122 pruned. 
[I 2026-07-13 13:53:48,732] Trial 1123 pruned. 
[I 2026-07-13 13:53:50,323] Trial 1124 pruned. 
[I 2026-07-13 13:53:51,423] Trial 1125 pruned. 
[I 2026-07-13 13:53:52,400] Trial 1126 pruned. 
[I 2026-07-13 13:53:52,778] Trial 1127 pruned. 
[I 2026-07-13 13:53:53,363] Trial 1128 pruned. 
[I 2026-07-13 13:53:54,352] Trial 1129 pruned. 
[I 2026-07-13 13:53:55,421] Trial 1130 pruned. 
[I 2026-07-13 13:53:57,704] Trial 1131 pruned. 
[I 2026-07-13 13:53:58,567] Trial 1132 pruned. 
[I 2026-07-13 13:53:59,331] Trial 1133 pruned. 
[I 2026-07-13 13:54:01,510] Trial 1134 pruned. 
[I 2026-07-13 13:54:02,499] Trial 1135 pruned. 
[I 2026-07-13 13:54:03,754] Trial 1136 pruned. 
[I 2026-07-13 13:54:04,166] Trial 1137 pruned. 
[I 2026-07-13 13:54:05,178] Trial 1138 pruned. 
[I 2026-07-13 13:54:05,358] Trial 1139 pruned. 
[I 2026-07-13 13:54:08,665] Trial 1140 pruned. 
[I 2026-07-13 13:54:10,267] Trial 1141 pruned. 
[I 2026-07-13 13:54:11,644] Trial 1142 pruned. 
[I 2026-07-13 13:54:12,599] Trial 1143 pruned. 
[I 2026-07-13 13:54:13,977] Trial 1144 pruned. 
[I 2026-07-13 13:54:16,958] Trial 1145 pruned. 
[I 2026-07-13 13:54:19,940] Trial 1146 pruned. 
[I 2026-07-13 13:54:21,685] Trial 1147 pruned. 
[I 2026-07-13 13:54:22,156] Trial 1148 pruned. 
[I 2026-07-13 13:54:24,099] Trial 1149 pruned. 
[I 2026-07-13 13:54:27,224] Trial 1150 pruned. 
[I 2026-07-13 13:54:28,058] Trial 1151 pruned. 
[I 2026-07-13 13:54:29,255] Trial 1152 pruned. 
[I 2026-07-13 13:54:29,649] Trial 1153 pruned. 
[I 2026-07-13 13:54:29,786] Trial 1154 pruned. 
[I 2026-07-13 13:54:31,094] Trial 1155 pruned. 
[I 2026-07-13 13:54:32,607] Trial 1156 pruned. 
[I 2026-07-13 13:54:32,916] Trial 1157 pruned. 
[I 2026-07-13 13:54:34,151] Trial 1158 pruned. 
[I 2026-07-13 13:54:35,508] Trial 1159 pruned. 
[I 2026-07-13 13:54:35,705] Trial 1160 pruned. 
[I 2026-07-13 13:54:37,040] Trial 1161 pruned. 
[I 2026-07-13 13:54:38,290] Trial 1162 pruned. 
[I 2026-07-13 13:54:40,275] Trial 1163 pruned. 
[I 2026-07-13 13:54:40,987] Trial 1164 pruned. 
[I 2026-07-13 13:54:41,965] Trial 1165 pruned. 
[I 2026-07-13 13:54:43,895] Trial 1166 pruned. 
[I 2026-07-13 13:54:45,039] Trial 1167 pruned. 
[I 2026-07-13 13:54:47,527] Trial 1168 pruned. 
[I 2026-07-13 13:54:48,191] Trial 1169 pruned. 
[I 2026-07-13 13:54:50,135] Trial 1170 pruned. 
[I 2026-07-13 13:54:51,493] Trial 1171 pruned. 
[I 2026-07-13 13:54:52,644] Trial 1172 pruned. 
[I 2026-07-13 13:54:53,700] Trial 1173 pruned. 
[I 2026-07-13 13:54:55,131] Trial 1174 pruned. 
[I 2026-07-13 13:54:56,829] Trial 1175 pruned. 
[I 2026-07-13 13:54:57,630] Trial 1176 pruned. 
[I 2026-07-13 13:55:01,330] Trial 1177 pruned. 
[I 2026-07-13 13:55:02,962] Trial 1178 pruned. 
[I 2026-07-13 13:55:03,514] Trial 1179 pruned. 
[I 2026-07-13 13:55:04,217] Trial 1180 pruned. 
[I 2026-07-13 13:55:06,816] Trial 1181 pruned. 
[I 2026-07-13 13:55:10,109] Trial 1182 pruned. 
[I 2026-07-13 13:55:10,620] Trial 1183 pruned. 
[I 2026-07-13 13:55:11,251] Trial 1184 pruned. 
[I 2026-07-13 13:55:11,578] Trial 1185 pruned. 
[I 2026-07-13 13:55:12,582] Trial 1186 pruned. 
[I 2026-07-13 13:55:12,953] Trial 1187 pruned. 
[I 2026-07-13 13:55:14,026] Trial 1188 pruned. 
[I 2026-07-13 13:55:15,445] Trial 1189 pruned. 
[I 2026-07-13 13:55:16,868] Trial 1190 pruned. 
[I 2026-07-13 13:55:18,255] Trial 1191 pruned. 
[I 2026-07-13 13:55:19,386] Trial 1192 pruned. 
[I 2026-07-13 13:55:20,330] Trial 1193 pruned. 
[I 2026-07-13 13:55:21,964] Trial 1194 pruned. 
[I 2026-07-13 13:55:23,825] Trial 1195 pruned. 
[I 2026-07-13 13:55:24,672] Trial 1196 pruned. 
[I 2026-07-13 13:55:26,816] Trial 1197 pruned. 
[I 2026-07-13 13:55:27,641] Trial 1198 pruned. 
[I 2026-07-13 13:55:30,823] Trial 1199 pruned. 
[I 2026-07-13 13:55:30,968] Trial 1200 pruned. 
[I 2026-07-13 13:55:31,605] Trial 1201 pruned. 
[I 2026-07-13 13:55:33,009] Trial 1202 pruned. 
[I 2026-07-13 13:55:34,059] Trial 1203 pruned. 
[I 2026-07-13 13:55:34,751] Trial 1204 pruned. 
[I 2026-07-13 13:55:36,168] Trial 1205 pruned. 
[I 2026-07-13 13:55:37,684] Trial 1206 pruned. 
[I 2026-07-13 13:55:38,790] Trial 1207 pruned. 
[I 2026-07-13 13:55:40,187] Trial 1208 pruned. 
[I 2026-07-13 13:55:42,867] Trial 1209 pruned. 
[I 2026-07-13 13:55:45,327] Trial 1210 pruned. 
[I 2026-07-13 13:55:45,973] Trial 1211 pruned. 
[I 2026-07-13 13:55:47,738] Trial 1212 pruned. 
[I 2026-07-13 13:55:49,563] Trial 1213 pruned. 
[I 2026-07-13 13:55:50,631] Trial 1214 pruned. 
[I 2026-07-13 13:55:51,994] Trial 1215 pruned. 
[I 2026-07-13 13:55:52,963] Trial 1216 pruned. 
[I 2026-07-13 13:55:54,215] Trial 1217 pruned. 
[I 2026-07-13 13:55:55,353] Trial 1218 pruned. 
[I 2026-07-13 13:55:56,852] Trial 1219 pruned. 
[I 2026-07-13 13:55:58,700] Trial 1220 pruned. 
[I 2026-07-13 13:56:00,171] Trial 1221 pruned. 
[I 2026-07-13 13:56:00,643] Trial 1222 pruned. 
[I 2026-07-13 13:56:03,352] Trial 1223 pruned. 
[I 2026-07-13 13:56:04,354] Trial 1224 pruned. 
[I 2026-07-13 13:56:05,644] Trial 1225 pruned. 
[I 2026-07-13 13:56:07,028] Trial 1226 pruned. 
[I 2026-07-13 13:56:08,081] Trial 1227 pruned. 
[I 2026-07-13 13:56:09,011] Trial 1228 pruned. 
[I 2026-07-13 13:56:10,150] Trial 1229 pruned. 
[I 2026-07-13 13:56:11,167] Trial 1230 pruned. 
[I 2026-07-13 13:56:12,662] Trial 1231 pruned. 
[I 2026-07-13 13:56:14,055] Trial 1232 pruned. 
[I 2026-07-13 13:56:14,576] Trial 1233 pruned. 
[I 2026-07-13 13:56:16,592] Trial 1234 pruned. 
[I 2026-07-13 13:56:18,659] Trial 1235 pruned. 
[I 2026-07-13 13:56:19,522] Trial 1236 pruned. 
[I 2026-07-13 13:56:21,096] Trial 1237 pruned. 
[I 2026-07-13 13:56:21,966] Trial 1238 pruned. 
[I 2026-07-13 13:56:22,800] Trial 1239 pruned. 
[I 2026-07-13 13:56:22,926] Trial 1240 pruned. 
[I 2026-07-13 13:56:23,922] Trial 1241 pruned. 
[I 2026-07-13 13:56:25,289] Trial 1242 pruned. 
[I 2026-07-13 13:56:25,696] Trial 1243 pruned. 
[I 2026-07-13 13:56:28,099] Trial 1244 pruned. 
[I 2026-07-13 13:56:28,655] Trial 1245 pruned. 
[I 2026-07-13 13:56:29,446] Trial 1246 pruned. 
[I 2026-07-13 13:56:30,089] Trial 1247 pruned. 
[I 2026-07-13 13:56:30,632] Trial 1248 pruned. 
[I 2026-07-13 13:56:32,380] Trial 1249 pruned. 
[I 2026-07-13 13:56:32,685] Trial 1250 pruned. 
[I 2026-07-13 13:56:33,210] Trial 1251 pruned. 
[I 2026-07-13 13:56:34,667] Trial 1252 pruned. 
[I 2026-07-13 13:56:35,642] Trial 1253 pruned. 
[I 2026-07-13 13:56:36,305] Trial 1254 pruned. 
[I 2026-07-13 13:56:37,482] Trial 1255 pruned. 
[I 2026-07-13 13:56:38,484] Trial 1256 pruned. 
[I 2026-07-13 13:56:39,845] Trial 1257 pruned. 
[I 2026-07-13 13:56:40,889] Trial 1258 pruned. 
[I 2026-07-13 13:56:43,109] Trial 1259 pruned. 
[I 2026-07-13 13:56:44,432] Trial 1260 pruned. 
[I 2026-07-13 13:56:47,038] Trial 1261 pruned. 
[I 2026-07-13 13:56:48,213] Trial 1262 pruned. 
[I 2026-07-13 13:56:49,120] Trial 1263 pruned. 
[I 2026-07-13 13:56:49,362] Trial 1264 pruned. 
[I 2026-07-13 13:56:50,513] Trial 1265 pruned. 
[I 2026-07-13 13:56:51,472] Trial 1266 pruned. 
[I 2026-07-13 13:56:53,668] Trial 1267 pruned. 
[I 2026-07-13 13:56:53,967] Trial 1268 pruned. 
[I 2026-07-13 13:56:55,596] Trial 1269 pruned. 
[I 2026-07-13 13:56:56,879] Trial 1270 pruned. 
[I 2026-07-13 13:56:57,175] Trial 1271 pruned. 
[I 2026-07-13 13:56:57,661] Trial 1272 pruned. 
[I 2026-07-13 13:57:00,190] Trial 1273 pruned. 
[I 2026-07-13 13:57:01,360] Trial 1274 pruned. 
[I 2026-07-13 13:57:02,043] Trial 1275 pruned. 
[I 2026-07-13 13:57:02,627] Trial 1276 pruned. 
[I 2026-07-13 13:57:04,336] Trial 1277 pruned. 
[I 2026-07-13 13:57:04,884] Trial 1278 pruned. 
[I 2026-07-13 13:57:07,175] Trial 1279 pruned. 
[I 2026-07-13 13:57:07,369] Trial 1280 pruned. 
[I 2026-07-13 13:57:08,696] Trial 1281 pruned. 
