[I 2026-07-13 14:58:01,327] Trial 3877 finished with values: [5583.012415477189, -10336.493337833766, 51.15] and parameters: {'sl_soft': 0.1790260279200085, 'sl_hard_delta': 0.234009729604921, 'tp': 0.30344321187078127, 'gate_pct': 94.70821660915905, 'dd_limit': 5.937758572987326, 'cooldown': 0, 'flip': False, 'en_ema_trend': False, 'ema_trend_fast': 99, 'ema_trend_slow': 64, 'en_sma_trend': False, 'sma_trend_fast': 81, 'sma_trend_slow': 379, 'en_macd': True, 'macd_fast': 80, 'macd_slow': 125, 'macd_signal': 43, 'en_vwap': True, 'en_keltner': False, 'keltner_n': 123, 'keltner_m': 3.8000000000000003, 'en_obv': True, 'obv_slope': 26, 'en_cci': True, 'cci_n': 166, 'cci_threshold': 50, 'en_rsi': False, 'rsi_n': 74, 'rsi_lower': 1, 'rsi_upper': 66, 'en_stochastic': False, 'stochastic_n': 62, 'stochastic_d': 34, 'stochastic_lower': 31, 'stochastic_upper': 99, 'en_mfi': False, 'mfi_n': 42, 'mfi_lower': 29, 'mfi_upper': 83, 'en_bollinger': True, 'bollinger_n': 172, 'bollinger_k': 4.1, 'en_adx': False, 'adx_n': 35, 'adx_threshold': 13, 'en_structure_trend': True, 'structure_trend_swing_l': 1, 'en_order_block': True, 'order_block_swing_l': 4, 'en_fvg': False, 'fvg_lookback': 30, 'en_ifvg': True, 'en_breaker': False, 'breaker_swing_l': 13, 'en_cisd': True, 'k': 1, 'en_cap_bars': True, 'cap_1min': 655}.
[I 2026-07-13 14:58:01,567] Trial 3878 pruned. 
[I 2026-07-13 14:58:02,519] Trial 3879 finished with values: [1728.1945513228438, -14831.38674189377, 53.55] and parameters: {'sl_soft': 0.1790260279200085, 'sl_hard_delta': 0.2567649302278256, 'tp': 0.18097325261219258, 'gate_pct': 94.70821660915905, 'dd_limit': 7.573309416194954, 'cooldown': 0, 'flip': False, 'en_ema_trend': True, 'ema_trend_fast': 169, 'ema_trend_slow': 64, 'en_sma_trend': False, 'sma_trend_fast': 81, 'sma_trend_slow': 290, 'en_macd': False, 'macd_fast': 81, 'macd_slow': 200, 'macd_signal': 52, 'en_vwap': True, 'en_keltner': True, 'keltner_n': 93, 'keltner_m': 1.0, 'en_obv': True, 'obv_slope': 162, 'en_cci': False, 'cci_n': 51, 'cci_threshold': 130, 'en_rsi': False, 'rsi_n': 5, 'rsi_lower': 32, 'rsi_upper': 89, 'en_stochastic': False, 'stochastic_n': 62, 'stochastic_d': 34, 'stochastic_lower': 20, 'stochastic_upper': 93, 'en_mfi': False, 'mfi_n': 14, 'mfi_lower': 29, 'mfi_upper': 78, 'en_bollinger': False, 'bollinger_n': 155, 'bollinger_k': 3.8000000000000003, 'en_adx': False, 'adx_n': 17, 'adx_threshold': 23, 'en_structure_trend': False, 'structure_trend_swing_l': 1, 'en_order_block': False, 'order_block_swing_l': 5, 'en_fvg': True, 'fvg_lookback': 22, 'en_ifvg': True, 'en_breaker': True, 'breaker_swing_l': 1, 'en_cisd': False, 'k': 4, 'en_cap_bars': True, 'cap_1min': 457}.
[I 2026-07-13 14:58:04,122] Trial 3880 finished with values: [2148.4711729633677, -21531.215589265674, 54.349999999999994] and parameters: {'sl_soft': 0.1790260279200085, 'sl_hard_delta': 0.234009729604921, 'tp': 0.20741590457257697, 'gate_pct': 94.70821660915905, 'dd_limit': 3.2180873254465436, 'cooldown': 0, 'flip': False, 'en_ema_trend': True, 'ema_trend_fast': 99, 'ema_trend_slow': 64, 'en_sma_trend': True, 'sma_trend_fast': 331, 'sma_trend_slow': 319, 'en_macd': True, 'macd_fast': 18, 'macd_slow': 3, 'macd_signal': 43, 'en_vwap': False, 'en_keltner': False, 'keltner_n': 123, 'keltner_m': 2.8000000000000003, 'en_obv': False, 'obv_slope': 162, 'en_cci': True, 'cci_n': 100, 'cci_threshold': 50, 'en_rsi': False, 'rsi_n': 74, 'rsi_lower': 43, 'rsi_upper': 58, 'en_stochastic': False, 'stochastic_n': 62, 'stochastic_d': 11, 'stochastic_lower': 27, 'stochastic_upper': 94, 'en_mfi': False, 'mfi_n': 42, 'mfi_lower': 28, 'mfi_upper': 80, 'en_bollinger': True, 'bollinger_n': 7, 'bollinger_k': 4.1, 'en_adx': False, 'adx_n': 35, 'adx_threshold': 44, 'en_structure_trend': False, 'structure_trend_swing_l': 9, 'en_order_block': True, 'order_block_swing_l': 4, 'en_fvg': False, 'fvg_lookback': 26, 'en_ifvg': True, 'en_breaker': False, 'breaker_swing_l': 12, 'en_cisd': True, 'k': 2, 'en_cap_bars': True, 'cap_1min': 1343}.
[I 2026-07-13 14:58:05,976] Trial 3881 finished with values: [1890.5964214716237, -15704.114663061966, 50.7] and parameters: {'sl_soft': 0.17491634964497305, 'sl_hard_delta': 0.2567649302278256, 'tp': 0.20741590457257697, 'gate_pct': 97.66578486655469, 'dd_limit': 7.573309416194954, 'cooldown': 0, 'flip': False, 'en_ema_trend': False, 'ema_trend_fast': 267, 'ema_trend_slow': 157, 'en_sma_trend': True, 'sma_trend_fast': 81, 'sma_trend_slow': 319, 'en_macd': True, 'macd_fast': 81, 'macd_slow': 41, 'macd_signal': 18, 'en_vwap': True, 'en_keltner': True, 'keltner_n': 123, 'keltner_m': 3.5, 'en_obv': True, 'obv_slope': 26, 'en_cci': False, 'cci_n': 166, 'cci_threshold': 130, 'en_rsi': False, 'rsi_n': 81, 'rsi_lower': 2, 'rsi_upper': 58, 'en_stochastic': False, 'stochastic_n': 62, 'stochastic_d': 34, 'stochastic_lower': 20, 'stochastic_upper': 57, 'en_mfi': True, 'mfi_n': 14, 'mfi_lower': 29, 'mfi_upper': 68, 'en_bollinger': True, 'bollinger_n': 2, 'bollinger_k': 2.7, 'en_adx': False, 'adx_n': 17, 'adx_threshold': 13, 'en_structure_trend': True, 'structure_trend_swing_l': 2, 'en_order_block': False, 'order_block_swing_l': 13, 'en_fvg': False, 'fvg_lookback': 35, 'en_ifvg': False, 'en_breaker': True, 'breaker_swing_l': 6, 'en_cisd': True, 'k': 4, 'en_cap_bars': True, 'cap_1min': 457}.
[I 2026-07-13 14:58:06,157] Trial 3882 pruned. 
[I 2026-07-13 14:58:07,315] Trial 3883 pruned. 
[I 2026-07-13 14:58:07,615] Trial 3884 finished with values: [3701.0974808138144, -9894.026976131861, 52.8] and parameters: {'sl_soft': 0.1790260279200085, 'sl_hard_delta': 0.052716452395929286, 'tp': 0.2356931692447365, 'gate_pct': 94.70821660915905, 'dd_limit': 7.364744278329123, 'cooldown': 0, 'flip': False, 'en_ema_trend': False, 'ema_trend_fast': 99, 'ema_trend_slow': 64, 'en_sma_trend': True, 'sma_trend_fast': 331, 'sma_trend_slow': 200, 'en_macd': False, 'macd_fast': 38, 'macd_slow': 200, 'macd_signal': 43, 'en_vwap': True, 'en_keltner': True, 'keltner_n': 131, 'keltner_m': 3.8000000000000003, 'en_obv': True, 'obv_slope': 160, 'en_cci': True, 'cci_n': 172, 'cci_threshold': 50, 'en_rsi': False, 'rsi_n': 74, 'rsi_lower': 47, 'rsi_upper': 57, 'en_stochastic': False, 'stochastic_n': 70, 'stochastic_d': 11, 'stochastic_lower': 26, 'stochastic_upper': 78, 'en_mfi': False, 'mfi_n': 9, 'mfi_lower': 28, 'mfi_upper': 83, 'en_bollinger': False, 'bollinger_n': 192, 'bollinger_k': 3.8000000000000003, 'en_adx': False, 'adx_n': 8, 'adx_threshold': 9, 'en_structure_trend': False, 'structure_trend_swing_l': 1, 'en_order_block': True, 'order_block_swing_l': 4, 'en_fvg': False, 'fvg_lookback': 32, 'en_ifvg': True, 'en_breaker': True, 'breaker_swing_l': 10, 'en_cisd': True, 'k': 1, 'en_cap_bars': True, 'cap_1min': 878}.
[I 2026-07-13 14:58:08,872] Trial 3885 finished with values: [1265.6444746454015, -8848.427274487916, 30.95] and parameters: {'sl_soft': 0.041819685424319256, 'sl_hard_delta': 0.039849065565949165, 'tp': 0.22717864419781153, 'gate_pct': 94.62373247947275, 'dd_limit': 5.937758572987326, 'cooldown': 2, 'flip': False, 'en_ema_trend': True, 'ema_trend_fast': 283, 'ema_trend_slow': 182, 'en_sma_trend': False, 'sma_trend_fast': 136, 'sma_trend_slow': 336, 'en_macd': True, 'macd_fast': 18, 'macd_slow': 3, 'macd_signal': 52, 'en_vwap': True, 'en_keltner': True, 'keltner_n': 131, 'keltner_m': 3.1, 'en_obv': True, 'obv_slope': 179, 'en_cci': False, 'cci_n': 172, 'cci_threshold': 155, 'en_rsi': False, 'rsi_n': 71, 'rsi_lower': 47, 'rsi_upper': 58, 'en_stochastic': False, 'stochastic_n': 82, 'stochastic_d': 17, 'stochastic_lower': 40, 'stochastic_upper': 66, 'en_mfi': True, 'mfi_n': 33, 'mfi_lower': 29, 'mfi_upper': 68, 'en_bollinger': False, 'bollinger_n': 7, 'bollinger_k': 2.7, 'en_adx': False, 'adx_n': 91, 'adx_threshold': 36, 'en_structure_trend': False, 'structure_trend_swing_l': 14, 'en_order_block': True, 'order_block_swing_l': 13, 'en_fvg': False, 'fvg_lookback': 22, 'en_ifvg': True, 'en_breaker': False, 'breaker_swing_l': 6, 'en_cisd': True, 'k': 3, 'en_cap_bars': True, 'cap_1min': 1201}.
[I 2026-07-13 14:58:09,168] Trial 3886 finished with values: [4105.857559083161, -11066.754934067725, 30.2] and parameters: {'sl_soft': 0.05035573196257478, 'sl_hard_delta': 0.039849065565949165, 'tp': 0.22717864419781153, 'gate_pct': 94.62373247947275, 'dd_limit': 5.937758572987326, 'cooldown': 0, 'flip': False, 'en_ema_trend': False, 'ema_trend_fast': 197, 'ema_trend_slow': 304, 'en_sma_trend': True, 'sma_trend_fast': 360, 'sma_trend_slow': 35, 'en_macd': True, 'macd_fast': 80, 'macd_slow': 41, 'macd_signal': 18, 'en_vwap': True, 'en_keltner': True, 'keltner_n': 123, 'keltner_m': 3.5, 'en_obv': True, 'obv_slope': 69, 'en_cci': False, 'cci_n': 104, 'cci_threshold': 300, 'en_rsi': False, 'rsi_n': 72, 'rsi_lower': 1, 'rsi_upper': 77, 'en_stochastic': False, 'stochastic_n': 62, 'stochastic_d': 2, 'stochastic_lower': 41, 'stochastic_upper': 57, 'en_mfi': False, 'mfi_n': 33, 'mfi_lower': 44, 'mfi_upper': 80, 'en_bollinger': True, 'bollinger_n': 2, 'bollinger_k': 1.6, 'en_adx': False, 'adx_n': 17, 'adx_threshold': 35, 'en_structure_trend': True, 'structure_trend_swing_l': 9, 'en_order_block': False, 'order_block_swing_l': 13, 'en_fvg': False, 'fvg_lookback': 22, 'en_ifvg': False, 'en_breaker': True, 'breaker_swing_l': 7, 'en_cisd': False, 'k': 3, 'en_cap_bars': False, 'cap_1min': 508}.
[I 2026-07-13 14:58:10,354] Trial 3887 finished with values: [1018.8768896816209, -13345.079907455642, 63.3] and parameters: {'sl_soft': 0.1790260279200085, 'sl_hard_delta': 0.234009729604921, 'tp': 0.14985592681603982, 'gate_pct': 94.70821660915905, 'dd_limit': 7.364744278329123, 'cooldown': 0, 'flip': False, 'en_ema_trend': True, 'ema_trend_fast': 99, 'ema_trend_slow': 236, 'en_sma_trend': True, 'sma_trend_fast': 345, 'sma_trend_slow': 200, 'en_macd': True, 'macd_fast': 38, 'macd_slow': 200, 'macd_signal': 60, 'en_vwap': True, 'en_keltner': True, 'keltner_n': 93, 'keltner_m': 3.3000000000000003, 'en_obv': False, 'obv_slope': 61, 'en_cci': True, 'cci_n': 26, 'cci_threshold': 130, 'en_rsi': False, 'rsi_n': 74, 'rsi_lower': 43, 'rsi_upper': 79, 'en_stochastic': False, 'stochastic_n': 70, 'stochastic_d': 11, 'stochastic_lower': 26, 'stochastic_upper': 93, 'en_mfi': True, 'mfi_n': 43, 'mfi_lower': 28, 'mfi_upper': 87, 'en_bollinger': False, 'bollinger_n': 155, 'bollinger_k': 3.8000000000000003, 'en_adx': False, 'adx_n': 7, 'adx_threshold': 57, 'en_structure_trend': False, 'structure_trend_swing_l': 1, 'en_order_block': True, 'order_block_swing_l': 2, 'en_fvg': False, 'fvg_lookback': 26, 'en_ifvg': True, 'en_breaker': True, 'breaker_swing_l': 1, 'en_cisd': True, 'k': 1, 'en_cap_bars': True, 'cap_1min': 655}.
[I 2026-07-13 14:58:11,031] Trial 3888 pruned. 
[I 2026-07-13 14:58:11,468] Trial 3889 finished with values: [1969.170588778919, -6231.168016541205, 52.8] and parameters: {'sl_soft': 0.1790260279200085, 'sl_hard_delta': 0.039849065565949165, 'tp': 0.24451299872301407, 'gate_pct': 99.43810192295578, 'dd_limit': 0.7627381108845042, 'cooldown': 0, 'flip': False, 'en_ema_trend': False, 'ema_trend_fast': 99, 'ema_trend_slow': 157, 'en_sma_trend': True, 'sma_trend_fast': 360, 'sma_trend_slow': 35, 'en_macd': False, 'macd_fast': 18, 'macd_slow': 41, 'macd_signal': 52, 'en_vwap': False, 'en_keltner': False, 'keltner_n': 123, 'keltner_m': 3.5, 'en_obv': True, 'obv_slope': 69, 'en_cci': True, 'cci_n': 166, 'cci_threshold': 50, 'en_rsi': False, 'rsi_n': 100, 'rsi_lower': 1, 'rsi_upper': 87, 'en_stochastic': False, 'stochastic_n': 62, 'stochastic_d': 11, 'stochastic_lower': 27, 'stochastic_upper': 94, 'en_mfi': False, 'mfi_n': 14, 'mfi_lower': 28, 'mfi_upper': 80, 'en_bollinger': True, 'bollinger_n': 2, 'bollinger_k': 4.1, 'en_adx': False, 'adx_n': 35, 'adx_threshold': 35, 'en_structure_trend': False, 'structure_trend_swing_l': 9, 'en_order_block': True, 'order_block_swing_l': 4, 'en_fvg': False, 'fvg_lookback': 35, 'en_ifvg': True, 'en_breaker': False, 'breaker_swing_l': 12, 'en_cisd': True, 'k': 4, 'en_cap_bars': False, 'cap_1min': 457}.
[I 2026-07-13 14:58:11,884] Trial 3890 finished with values: [3186.9043858002137, -11871.338497605459, 52.15] and parameters: {'sl_soft': 0.1790260279200085, 'sl_hard_delta': 0.234009729604921, 'tp': 0.30344321187078127, 'gate_pct': 94.70821660915905, 'dd_limit': 7.364744278329123, 'cooldown': 0, 'flip': False, 'en_ema_trend': True, 'ema_trend_fast': 99, 'ema_trend_slow': 64, 'en_sma_trend': False, 'sma_trend_fast': 331, 'sma_trend_slow': 379, 'en_macd': True, 'macd_fast': 38, 'macd_slow': 200, 'macd_signal': 43, 'en_vwap': True, 'en_keltner': False, 'keltner_n': 60, 'keltner_m': 3.8000000000000003, 'en_obv': False, 'obv_slope': 162, 'en_cci': True, 'cci_n': 8, 'cci_threshold': 50, 'en_rsi': False, 'rsi_n': 74, 'rsi_lower': 43, 'rsi_upper': 57, 'en_stochastic': False, 'stochastic_n': 27, 'stochastic_d': 11, 'stochastic_lower': 27, 'stochastic_upper': 94, 'en_mfi': False, 'mfi_n': 42, 'mfi_lower': 28, 'mfi_upper': 83, 'en_bollinger': False, 'bollinger_n': 40, 'bollinger_k': 4.1, 'en_adx': False, 'adx_n': 35, 'adx_threshold': 42, 'en_structure_trend': True, 'structure_trend_swing_l': 1, 'en_order_block': True, 'order_block_swing_l': 4, 'en_fvg': False, 'fvg_lookback': 30, 'en_ifvg': True, 'en_breaker': False, 'breaker_swing_l': 13, 'en_cisd': True, 'k': 1, 'en_cap_bars': True, 'cap_1min': 655}.
[I 2026-07-13 14:58:12,394] Trial 3891 pruned. 
[I 2026-07-13 14:58:13,732] Trial 3892 finished with values: [5703.656214687349, -8194.188239315137, 51.15] and parameters: {'sl_soft': 0.1790260279200085, 'sl_hard_delta': 0.052716452395929286, 'tp': 0.30344321187078127, 'gate_pct': 94.70821660915905, 'dd_limit': 7.364744278329123, 'cooldown': 0, 'flip': False, 'en_ema_trend': False, 'ema_trend_fast': 99, 'ema_trend_slow': 64, 'en_sma_trend': False, 'sma_trend_fast': 331, 'sma_trend_slow': 379, 'en_macd': True, 'macd_fast': 80, 'macd_slow': 27, 'macd_signal': 43, 'en_vwap': True, 'en_keltner': False, 'keltner_n': 131, 'keltner_m': 3.8000000000000003, 'en_obv': True, 'obv_slope': 26, 'en_cci': True, 'cci_n': 172, 'cci_threshold': 50, 'en_rsi': False, 'rsi_n': 74, 'rsi_lower': 47, 'rsi_upper': 66, 'en_stochastic': False, 'stochastic_n': 82, 'stochastic_d': 17, 'stochastic_lower': 13, 'stochastic_upper': 99, 'en_mfi': False, 'mfi_n': 8, 'mfi_lower': 28, 'mfi_upper': 83, 'en_bollinger': True, 'bollinger_n': 172, 'bollinger_k': 4.1, 'en_adx': False, 'adx_n': 35, 'adx_threshold': 9, 'en_structure_trend': True, 'structure_trend_swing_l': 1, 'en_order_block': True, 'order_block_swing_l': 4, 'en_fvg': False, 'fvg_lookback': 30, 'en_ifvg': True, 'en_breaker': False, 'breaker_swing_l': 13, 'en_cisd': True, 'k': 1, 'en_cap_bars': True, 'cap_1min': 655}.
[I 2026-07-13 14:58:14,462] Trial 3893 finished with values: [2429.5494586970535, -4339.314778718515, 22.049999999999997] and parameters: {'sl_soft': 0.041819685424319256, 'sl_hard_delta': 0.01242174930966288, 'tp': 0.30344321187078127, 'gate_pct': 94.70821660915905, 'dd_limit': 3.2180873254465436, 'cooldown': 1, 'flip': False, 'en_ema_trend': True, 'ema_trend_fast': 279, 'ema_trend_slow': 64, 'en_sma_trend': True, 'sma_trend_fast': 81, 'sma_trend_slow': 187, 'en_macd': False, 'macd_fast': 18, 'macd_slow': 125, 'macd_signal': 43, 'en_vwap': False, 'en_keltner': True, 'keltner_n': 123, 'keltner_m': 3.8000000000000003, 'en_obv': True, 'obv_slope': 179, 'en_cci': False, 'cci_n': 100, 'cci_threshold': 50, 'en_rsi': False, 'rsi_n': 74, 'rsi_lower': 3, 'rsi_upper': 58, 'en_stochastic': False, 'stochastic_n': 62, 'stochastic_d': 34, 'stochastic_lower': 31, 'stochastic_upper': 99, 'en_mfi': True, 'mfi_n': 8, 'mfi_lower': 29, 'mfi_upper': 83, 'en_bollinger': True, 'bollinger_n': 172, 'bollinger_k': 2.0, 'en_adx': False, 'adx_n': 35, 'adx_threshold': 36, 'en_structure_trend': False, 'structure_trend_swing_l': 1, 'en_order_block': True, 'order_block_swing_l': 1, 'en_fvg': False, 'fvg_lookback': 30, 'en_ifvg': True, 'en_breaker': False, 'breaker_swing_l': 10, 'en_cisd': False, 'k': 1, 'en_cap_bars': True, 'cap_1min': 1343}.
[I 2026-07-13 14:58:14,874] Trial 3894 finished with values: [3707.200959192215, -3796.9004313787013, 33.1] and parameters: {'sl_soft': 0.041819685424319256, 'sl_hard_delta': 0.01242174930966288, 'tp': 0.20741590457257697, 'gate_pct': 98.58299891691806, 'dd_limit': 5.937758572987326, 'cooldown': 0, 'flip': False, 'en_ema_trend': False, 'ema_trend_fast': 213, 'ema_trend_slow': 64, 'en_sma_trend': True, 'sma_trend_fast': 313, 'sma_trend_slow': 290, 'en_macd': False, 'macd_fast': 55, 'macd_slow': 200, 'macd_signal': 43, 'en_vwap': False, 'en_keltner': True, 'keltner_n': 131, 'keltner_m': 3.1, 'en_obv': False, 'obv_slope': 26, 'en_cci': True, 'cci_n': 100, 'cci_threshold': 225, 'en_rsi': False, 'rsi_n': 72, 'rsi_lower': 47, 'rsi_upper': 57, 'en_stochastic': False, 'stochastic_n': 82, 'stochastic_d': 17, 'stochastic_lower': 13, 'stochastic_upper': 98, 'en_mfi': False, 'mfi_n': 14, 'mfi_lower': 28, 'mfi_upper': 99, 'en_bollinger': True, 'bollinger_n': 155, 'bollinger_k': 3.8000000000000003, 'en_adx': False, 'adx_n': 91, 'adx_threshold': 47, 'en_structure_trend': False, 'structure_trend_swing_l': 11, 'en_order_block': True, 'order_block_swing_l': 16, 'en_fvg': True, 'fvg_lookback': 22, 'en_ifvg': True, 'en_breaker': False, 'breaker_swing_l': 12, 'en_cisd': True, 'k': 3, 'en_cap_bars': True, 'cap_1min': 1343}.
[I 2026-07-13 14:58:15,381] Trial 3895 pruned. 
[I 2026-07-13 14:58:16,766] Trial 3896 finished with values: [2089.823370693669, -3520.3411838181605, 40.55] and parameters: {'sl_soft': 0.06917576547684445, 'sl_hard_delta': 0.00876098418566521, 'tp': 0.18097325261219258, 'gate_pct': 98.58299891691806, 'dd_limit': 3.2180873254465436, 'cooldown': 0, 'flip': False, 'en_ema_trend': True, 'ema_trend_fast': 157, 'ema_trend_slow': 157, 'en_sma_trend': True, 'sma_trend_fast': 345, 'sma_trend_slow': 67, 'en_macd': False, 'macd_fast': 56, 'macd_slow': 200, 'macd_signal': 82, 'en_vwap': False, 'en_keltner': True, 'keltner_n': 123, 'keltner_m': 2.8000000000000003, 'en_obv': False, 'obv_slope': 179, 'en_cci': True, 'cci_n': 51, 'cci_threshold': 85, 'en_rsi': False, 'rsi_n': 5, 'rsi_lower': 32, 'rsi_upper': 89, 'en_stochastic': False, 'stochastic_n': 62, 'stochastic_d': 40, 'stochastic_lower': 14, 'stochastic_upper': 98, 'en_mfi': True, 'mfi_n': 43, 'mfi_lower': 45, 'mfi_upper': 80, 'en_bollinger': True, 'bollinger_n': 49, 'bollinger_k': 2.0, 'en_adx': False, 'adx_n': 7, 'adx_threshold': 57, 'en_structure_trend': False, 'structure_trend_swing_l': 20, 'en_order_block': True, 'order_block_swing_l': 3, 'en_fvg': False, 'fvg_lookback': 26, 'en_ifvg': True, 'en_breaker': True, 'breaker_swing_l': 1, 'en_cisd': False, 'k': 2, 'en_cap_bars': False, 'cap_1min': 655}.
[I 2026-07-13 14:58:17,358] Trial 3897 pruned. 
[I 2026-07-13 14:58:17,597] Trial 3898 pruned. 
[I 2026-07-13 14:58:17,890] Trial 3899 pruned. 
[I 2026-07-13 14:58:18,282] Trial 3900 finished with values: [4277.347087760645, -4818.061623192947, 36.150000000000006] and parameters: {'sl_soft': 0.05035573196257478, 'sl_hard_delta': 0.039849065565949165, 'tp': 0.22717864419781153, 'gate_pct': 99.43810192295578, 'dd_limit': 0.7627381108845042, 'cooldown': 0, 'flip': False, 'en_ema_trend': False, 'ema_trend_fast': 197, 'ema_trend_slow': 157, 'en_sma_trend': True, 'sma_trend_fast': 360, 'sma_trend_slow': 35, 'en_macd': False, 'macd_fast': 80, 'macd_slow': 41, 'macd_signal': 18, 'en_vwap': True, 'en_keltner': True, 'keltner_n': 123, 'keltner_m': 3.5, 'en_obv': True, 'obv_slope': 69, 'en_cci': True, 'cci_n': 104, 'cci_threshold': 130, 'en_rsi': False, 'rsi_n': 100, 'rsi_lower': 1, 'rsi_upper': 87, 'en_stochastic': False, 'stochastic_n': 62, 'stochastic_d': 2, 'stochastic_lower': 40, 'stochastic_upper': 57, 'en_mfi': False, 'mfi_n': 33, 'mfi_lower': 44, 'mfi_upper': 68, 'en_bollinger': False, 'bollinger_n': 115, 'bollinger_k': 2.7, 'en_adx': False, 'adx_n': 35, 'adx_threshold': 35, 'en_structure_trend': True, 'structure_trend_swing_l': 2, 'en_order_block': False, 'order_block_swing_l': 13, 'en_fvg': False, 'fvg_lookback': 35, 'en_ifvg': True, 'en_breaker': True, 'breaker_swing_l': 6, 'en_cisd': True, 'k': 4, 'en_cap_bars': False, 'cap_1min': 457}.
[I 2026-07-13 14:58:18,893] Trial 3901 pruned. 
[I 2026-07-13 14:58:19,198] Trial 3902 pruned. 
[I 2026-07-13 14:58:20,084] Trial 3903 finished with values: [3256.6991574180192, -9779.249851270608, 62.6] and parameters: {'sl_soft': 0.1790260279200085, 'sl_hard_delta': 0.17437949833153482, 'tp': 0.22717864419781153, 'gate_pct': 94.70821660915905, 'dd_limit': 0.7627381108845042, 'cooldown': 4, 'flip': False, 'en_ema_trend': False, 'ema_trend_fast': 197, 'ema_trend_slow': 304, 'en_sma_trend': True, 'sma_trend_fast': 360, 'sma_trend_slow': 35, 'en_macd': False, 'macd_fast': 63, 'macd_slow': 41, 'macd_signal': 45, 'en_vwap': True, 'en_keltner': True, 'keltner_n': 123, 'keltner_m': 1.3, 'en_obv': True, 'obv_slope': 69, 'en_cci': True, 'cci_n': 172, 'cci_threshold': 300, 'en_rsi': False, 'rsi_n': 5, 'rsi_lower': 32, 'rsi_upper': 66, 'en_stochastic': False, 'stochastic_n': 62, 'stochastic_d': 2, 'stochastic_lower': 40, 'stochastic_upper': 57, 'en_mfi': False, 'mfi_n': 33, 'mfi_lower': 44, 'mfi_upper': 68, 'en_bollinger': True, 'bollinger_n': 149, 'bollinger_k': 3.8000000000000003, 'en_adx': False, 'adx_n': 35, 'adx_threshold': 35, 'en_structure_trend': False, 'structure_trend_swing_l': 18, 'en_order_block': False, 'order_block_swing_l': 13, 'en_fvg': False, 'fvg_lookback': 35, 'en_ifvg': False, 'en_breaker': True, 'breaker_swing_l': 1, 'en_cisd': False, 'k': 3, 'en_cap_bars': True, 'cap_1min': 508}.
