[I 2026-07-13 14:54:25,819] Trial 3710 finished with values: [-4268.6357625844275, -12889.813641353525, 32.2] and parameters: {'sl_soft': 0.1790260279200085, 'sl_hard_delta': 0.234009729604921, 'tp': 0.30344321187078127, 'gate_pct': 97.28704165170988, 'dd_limit': 8.695879980087707, 'cooldown': 5, 'flip': False, 'en_ema_trend': False, 'ema_trend_fast': 99, 'ema_trend_slow': 64, 'en_sma_trend': False, 'sma_trend_fast': 345, 'sma_trend_slow': 290, 'en_macd': False, 'macd_fast': 64, 'macd_slow': 200, 'macd_signal': 18, 'en_vwap': True, 'en_keltner': True, 'keltner_n': 131, 'keltner_m': 3.5, 'en_obv': True, 'obv_slope': 25, 'en_cci': False, 'cci_n': 8, 'cci_threshold': 155, 'en_rsi': False, 'rsi_n': 5, 'rsi_lower': 43, 'rsi_upper': 57, 'en_stochastic': False, 'stochastic_n': 31, 'stochastic_d': 11, 'stochastic_lower': 13, 'stochastic_upper': 93, 'en_mfi': False, 'mfi_n': 42, 'mfi_lower': 44, 'mfi_upper': 54, 'en_bollinger': False, 'bollinger_n': 192, 'bollinger_k': 4.1, 'en_adx': False, 'adx_n': 35, 'adx_threshold': 9, 'en_structure_trend': False, 'structure_trend_swing_l': 3, 'en_order_block': True, 'order_block_swing_l': 4, 'en_fvg': False, 'fvg_lookback': 30, 'en_ifvg': False, 'en_breaker': True, 'breaker_swing_l': 8, 'en_cisd': True, 'k': 1, 'en_cap_bars': True, 'cap_1min': 591}.
[I 2026-07-13 14:54:26,173] Trial 3711 finished with values: [1035.7222394506673, -13990.97192077306, 39.8] and parameters: {'sl_soft': 0.03475243749569609, 'sl_hard_delta': 0.11082725310556857, 'tp': 0.10428585889910524, 'gate_pct': 94.04749196649728, 'dd_limit': 9.029015189980312, 'cooldown': 1, 'flip': False, 'en_ema_trend': False, 'ema_trend_fast': 24, 'ema_trend_slow': 397, 'en_sma_trend': True, 'sma_trend_fast': 198, 'sma_trend_slow': 137, 'en_macd': False, 'macd_fast': 53, 'macd_slow': 12, 'macd_signal': 61, 'en_vwap': False, 'en_keltner': True, 'keltner_n': 9, 'keltner_m': 0.5, 'en_obv': True, 'obv_slope': 129, 'en_cci': True, 'cci_n': 134, 'cci_threshold': 180, 'en_rsi': True, 'rsi_n': 95, 'rsi_lower': 34, 'rsi_upper': 87, 'en_stochastic': False, 'stochastic_n': 81, 'stochastic_d': 50, 'stochastic_lower': 33, 'stochastic_upper': 60, 'en_mfi': True, 'mfi_n': 14, 'mfi_lower': 15, 'mfi_upper': 70, 'en_bollinger': True, 'bollinger_n': 142, 'bollinger_k': 5.0, 'en_adx': False, 'adx_n': 22, 'adx_threshold': 12, 'en_structure_trend': False, 'structure_trend_swing_l': 12, 'en_order_block': True, 'order_block_swing_l': 4, 'en_fvg': False, 'fvg_lookback': 44, 'en_ifvg': False, 'en_breaker': False, 'breaker_swing_l': 11, 'en_cisd': True, 'k': 4, 'en_cap_bars': False, 'cap_1min': 797}.
[I 2026-07-13 14:54:26,613] Trial 3712 finished with values: [6071.796660293814, -27980.784098947664, 58.3] and parameters: {'sl_soft': 0.19207751714688032, 'sl_hard_delta': 0.04250555831064314, 'tp': 0.2356931692447365, 'gate_pct': 96.65475725098474, 'dd_limit': 5.052448726200229, 'cooldown': 0, 'flip': False, 'en_ema_trend': True, 'ema_trend_fast': 193, 'ema_trend_slow': 236, 'en_sma_trend': True, 'sma_trend_fast': 240, 'sma_trend_slow': 200, 'en_macd': True, 'macd_fast': 11, 'macd_slow': 72, 'macd_signal': 60, 'en_vwap': True, 'en_keltner': True, 'keltner_n': 122, 'keltner_m': 1.9000000000000001, 'en_obv': False, 'obv_slope': 61, 'en_cci': True, 'cci_n': 142, 'cci_threshold': 250, 'en_rsi': False, 'rsi_n': 40, 'rsi_lower': 32, 'rsi_upper': 79, 'en_stochastic': False, 'stochastic_n': 70, 'stochastic_d': 28, 'stochastic_lower': 26, 'stochastic_upper': 78, 'en_mfi': False, 'mfi_n': 95, 'mfi_lower': 22, 'mfi_upper': 87, 'en_bollinger': False, 'bollinger_n': 149, 'bollinger_k': 2.8000000000000003, 'en_adx': False, 'adx_n': 50, 'adx_threshold': 9, 'en_structure_trend': True, 'structure_trend_swing_l': 20, 'en_order_block': True, 'order_block_swing_l': 11, 'en_fvg': False, 'fvg_lookback': 32, 'en_ifvg': False, 'en_breaker': True, 'breaker_swing_l': 6, 'en_cisd': True, 'k': 4, 'en_cap_bars': True, 'cap_1min': 1399}.
[I 2026-07-13 14:54:28,317] Trial 3713 pruned. 
[I 2026-07-13 14:54:28,719] Trial 3714 finished with values: [2441.1979920372137, -7115.360303345143, 37.05] and parameters: {'sl_soft': 0.05035573196257478, 'sl_hard_delta': 0.039849065565949165, 'tp': 0.22717864419781153, 'gate_pct': 94.62373247947275, 'dd_limit': 0.7627381108845042, 'cooldown': 1, 'flip': False, 'en_ema_trend': False, 'ema_trend_fast': 197, 'ema_trend_slow': 304, 'en_sma_trend': False, 'sma_trend_fast': 360, 'sma_trend_slow': 35, 'en_macd': True, 'macd_fast': 80, 'macd_slow': 41, 'macd_signal': 18, 'en_vwap': True, 'en_keltner': True, 'keltner_n': 123, 'keltner_m': 3.5, 'en_obv': True, 'obv_slope': 69, 'en_cci': False, 'cci_n': 104, 'cci_threshold': 300, 'en_rsi': False, 'rsi_n': 100, 'rsi_lower': 2, 'rsi_upper': 87, 'en_stochastic': False, 'stochastic_n': 62, 'stochastic_d': 2, 'stochastic_lower': 40, 'stochastic_upper': 57, 'en_mfi': True, 'mfi_n': 33, 'mfi_lower': 44, 'mfi_upper': 68, 'en_bollinger': False, 'bollinger_n': 115, 'bollinger_k': 2.7, 'en_adx': False, 'adx_n': 35, 'adx_threshold': 35, 'en_structure_trend': False, 'structure_trend_swing_l': 2, 'en_order_block': False, 'order_block_swing_l': 13, 'en_fvg': False, 'fvg_lookback': 35, 'en_ifvg': False, 'en_breaker': True, 'breaker_swing_l': 6, 'en_cisd': True, 'k': 3, 'en_cap_bars': True, 'cap_1min': 508}.
[I 2026-07-13 14:54:29,021] Trial 3715 finished with values: [3326.405634617337, -16195.170590064476, 46.349999999999994] and parameters: {'sl_soft': 0.10644993879788506, 'sl_hard_delta': 0.039849065565949165, 'tp': 0.20741590457257697, 'gate_pct': 99.43810192295578, 'dd_limit': 5.937758572987326, 'cooldown': 0, 'flip': False, 'en_ema_trend': False, 'ema_trend_fast': 157, 'ema_trend_slow': 157, 'en_sma_trend': True, 'sma_trend_fast': 81, 'sma_trend_slow': 319, 'en_macd': False, 'macd_fast': 55, 'macd_slow': 3, 'macd_signal': 6, 'en_vwap': True, 'en_keltner': True, 'keltner_n': 123, 'keltner_m': 2.3, 'en_obv': True, 'obv_slope': 179, 'en_cci': True, 'cci_n': 166, 'cci_threshold': 130, 'en_rsi': False, 'rsi_n': 72, 'rsi_lower': 1, 'rsi_upper': 52, 'en_stochastic': False, 'stochastic_n': 62, 'stochastic_d': 25, 'stochastic_lower': 31, 'stochastic_upper': 66, 'en_mfi': False, 'mfi_n': 14, 'mfi_lower': 19, 'mfi_upper': 80, 'en_bollinger': True, 'bollinger_n': 2, 'bollinger_k': 2.0, 'en_adx': False, 'adx_n': 17, 'adx_threshold': 13, 'en_structure_trend': False, 'structure_trend_swing_l': 9, 'en_order_block': False, 'order_block_swing_l': 5, 'en_fvg': True, 'fvg_lookback': 22, 'en_ifvg': True, 'en_breaker': False, 'breaker_swing_l': 7, 'en_cisd': True, 'k': 4, 'en_cap_bars': False, 'cap_1min': 457}.
[I 2026-07-13 14:54:36,488] Trial 3716 finished with values: [2140.028814601714, -6029.827677957874, 57.849999999999994] and parameters: {'sl_soft': 0.10644993879788506, 'sl_hard_delta': 0.039849065565949165, 'tp': 0.1072053900187098, 'gate_pct': 98.58299891691806, 'dd_limit': 5.937758572987326, 'cooldown': 1, 'flip': False, 'en_ema_trend': True, 'ema_trend_fast': 213, 'ema_trend_slow': 304, 'en_sma_trend': True, 'sma_trend_fast': 81, 'sma_trend_slow': 35, 'en_macd': True, 'macd_fast': 20, 'macd_slow': 74, 'macd_signal': 67, 'en_vwap': True, 'en_keltner': False, 'keltner_n': 131, 'keltner_m': 3.5, 'en_obv': False, 'obv_slope': 18, 'en_cci': False, 'cci_n': 34, 'cci_threshold': 300, 'en_rsi': False, 'rsi_n': 95, 'rsi_lower': 49, 'rsi_upper': 63, 'en_stochastic': True, 'stochastic_n': 78, 'stochastic_d': 25, 'stochastic_lower': 20, 'stochastic_upper': 82, 'en_mfi': False, 'mfi_n': 33, 'mfi_lower': 44, 'mfi_upper': 68, 'en_bollinger': False, 'bollinger_n': 2, 'bollinger_k': 2.7, 'en_adx': True, 'adx_n': 5, 'adx_threshold': 7, 'en_structure_trend': False, 'structure_trend_swing_l': 2, 'en_order_block': False, 'order_block_swing_l': 13, 'en_fvg': False, 'fvg_lookback': 35, 'en_ifvg': False, 'en_breaker': False, 'breaker_swing_l': 12, 'en_cisd': False, 'k': 2, 'en_cap_bars': False, 'cap_1min': 508}.
[I 2026-07-13 14:54:37,804] Trial 3717 finished with values: [-1378.751848994205, -7752.024281049082, 45.75] and parameters: {'sl_soft': 0.10644993879788506, 'sl_hard_delta': 0.052716452395929286, 'tp': 0.14985592681603982, 'gate_pct': 99.43810192295578, 'dd_limit': 5.937758572987326, 'cooldown': 1, 'flip': False, 'en_ema_trend': False, 'ema_trend_fast': 213, 'ema_trend_slow': 397, 'en_sma_trend': True, 'sma_trend_fast': 81, 'sma_trend_slow': 137, 'en_macd': False, 'macd_fast': 53, 'macd_slow': 107, 'macd_signal': 67, 'en_vwap': False, 'en_keltner': True, 'keltner_n': 33, 'keltner_m': 4.5, 'en_obv': True, 'obv_slope': 173, 'en_cci': True, 'cci_n': 134, 'cci_threshold': 45, 'en_rsi': False, 'rsi_n': 95, 'rsi_lower': 49, 'rsi_upper': 87, 'en_stochastic': False, 'stochastic_n': 61, 'stochastic_d': 25, 'stochastic_lower': 26, 'stochastic_upper': 60, 'en_mfi': False, 'mfi_n': 14, 'mfi_lower': 13, 'mfi_upper': 72, 'en_bollinger': True, 'bollinger_n': 2, 'bollinger_k': 5.0, 'en_adx': False, 'adx_n': 22, 'adx_threshold': 53, 'en_structure_trend': False, 'structure_trend_swing_l': 2, 'en_order_block': True, 'order_block_swing_l': 5, 'en_fvg': True, 'fvg_lookback': 33, 'en_ifvg': True, 'en_breaker': True, 'breaker_swing_l': 11, 'en_cisd': False, 'k': 4, 'en_cap_bars': True, 'cap_1min': 457}.
[I 2026-07-13 14:54:38,847] Trial 3718 finished with values: [850.3894235343162, -6060.595678149384, 57.099999999999994] and parameters: {'sl_soft': 0.06917576547684445, 'sl_hard_delta': 0.2567649302278256, 'tp': 0.1072053900187098, 'gate_pct': 98.58299891691806, 'dd_limit': 3.2180873254465436, 'cooldown': 0, 'flip': False, 'en_ema_trend': True, 'ema_trend_fast': 278, 'ema_trend_slow': 182, 'en_sma_trend': False, 'sma_trend_fast': 304, 'sma_trend_slow': 187, 'en_macd': True, 'macd_fast': 20, 'macd_slow': 3, 'macd_signal': 74, 'en_vwap': False, 'en_keltner': True, 'keltner_n': 48, 'keltner_m': 3.1, 'en_obv': False, 'obv_slope': 179, 'en_cci': False, 'cci_n': 156, 'cci_threshold': 85, 'en_rsi': True, 'rsi_n': 95, 'rsi_lower': 3, 'rsi_upper': 64, 'en_stochastic': False, 'stochastic_n': 81, 'stochastic_d': 17, 'stochastic_lower': 20, 'stochastic_upper': 98, 'en_mfi': True, 'mfi_n': 8, 'mfi_lower': 16, 'mfi_upper': 80, 'en_bollinger': False, 'bollinger_n': 30, 'bollinger_k': 1.3, 'en_adx': False, 'adx_n': 91, 'adx_threshold': 44, 'en_structure_trend': True, 'structure_trend_swing_l': 20, 'en_order_block': True, 'order_block_swing_l': 6, 'en_fvg': False, 'fvg_lookback': 15, 'en_ifvg': True, 'en_breaker': False, 'breaker_swing_l': 12, 'en_cisd': False, 'k': 3, 'en_cap_bars': True, 'cap_1min': 1343}.
[I 2026-07-13 14:54:39,394] Trial 3719 finished with values: [1461.0294508124598, -7297.56197538361, 51.05] and parameters: {'sl_soft': 0.10644993879788506, 'sl_hard_delta': 0.039849065565949165, 'tp': 0.22717864419781153, 'gate_pct': 97.28704165170988, 'dd_limit': 0.7627381108845042, 'cooldown': 4, 'flip': False, 'en_ema_trend': True, 'ema_trend_fast': 206, 'ema_trend_slow': 304, 'en_sma_trend': True, 'sma_trend_fast': 81, 'sma_trend_slow': 35, 'en_macd': True, 'macd_fast': 55, 'macd_slow': 3, 'macd_signal': 52, 'en_vwap': True, 'en_keltner': True, 'keltner_n': 123, 'keltner_m': 3.5, 'en_obv': True, 'obv_slope': 26, 'en_cci': True, 'cci_n': 54, 'cci_threshold': 25, 'en_rsi': False, 'rsi_n': 68, 'rsi_lower': 49, 'rsi_upper': 81, 'en_stochastic': False, 'stochastic_n': 24, 'stochastic_d': 2, 'stochastic_lower': 40, 'stochastic_upper': 98, 'en_mfi': False, 'mfi_n': 11, 'mfi_lower': 29, 'mfi_upper': 80, 'en_bollinger': False, 'bollinger_n': 197, 'bollinger_k': 3.8000000000000003, 'en_adx': False, 'adx_n': 17, 'adx_threshold': 35, 'en_structure_trend': True, 'structure_trend_swing_l': 9, 'en_order_block': True, 'order_block_swing_l': 16, 'en_fvg': False, 'fvg_lookback': 19, 'en_ifvg': False, 'en_breaker': True, 'breaker_swing_l': 8, 'en_cisd': False, 'k': 3, 'en_cap_bars': False, 'cap_1min': 457}.
[I 2026-07-13 14:54:43,215] Trial 3720 finished with values: [946.2068274602573, -14057.562432209425, 42.75] and parameters: {'sl_soft': 0.10644993879788506, 'sl_hard_delta': 0.039849065565949165, 'tp': 0.20741590457257697, 'gate_pct': 99.43810192295578, 'dd_limit': 5.937758572987326, 'cooldown': 0, 'flip': False, 'en_ema_trend': False, 'ema_trend_fast': 157, 'ema_trend_slow': 157, 'en_sma_trend': True, 'sma_trend_fast': 81, 'sma_trend_slow': 213, 'en_macd': False, 'macd_fast': 10, 'macd_slow': 125, 'macd_signal': 23, 'en_vwap': False, 'en_keltner': True, 'keltner_n': 33, 'keltner_m': 1.0, 'en_obv': True, 'obv_slope': 26, 'en_cci': True, 'cci_n': 4, 'cci_threshold': 130, 'en_rsi': False, 'rsi_n': 14, 'rsi_lower': 1, 'rsi_upper': 58, 'en_stochastic': False, 'stochastic_n': 89, 'stochastic_d': 34, 'stochastic_lower': 31, 'stochastic_upper': 99, 'en_mfi': False, 'mfi_n': 14, 'mfi_lower': 19, 'mfi_upper': 80, 'en_bollinger': True, 'bollinger_n': 2, 'bollinger_k': 3.8000000000000003, 'en_adx': True, 'adx_n': 17, 'adx_threshold': 13, 'en_structure_trend': True, 'structure_trend_swing_l': 18, 'en_order_block': False, 'order_block_swing_l': 5, 'en_fvg': False, 'fvg_lookback': 22, 'en_ifvg': True, 'en_breaker': True, 'breaker_swing_l': 7, 'en_cisd': True, 'k': 4, 'en_cap_bars': False, 'cap_1min': 457}.
[I 2026-07-13 14:54:43,502] Trial 3721 finished with values: [1621.9321187078244, -5441.208679538648, 35.8] and parameters: {'sl_soft': 0.058218586321253915, 'sl_hard_delta': 0.234009729604921, 'tp': 0.30344321187078127, 'gate_pct': 98.19812780594039, 'dd_limit': 8.695879980087707, 'cooldown': 0, 'flip': False, 'en_ema_trend': False, 'ema_trend_fast': 176, 'ema_trend_slow': 178, 'en_sma_trend': True, 'sma_trend_fast': 274, 'sma_trend_slow': 94, 'en_macd': False, 'macd_fast': 64, 'macd_slow': 59, 'macd_signal': 43, 'en_vwap': True, 'en_keltner': True, 'keltner_n': 173, 'keltner_m': 3.8000000000000003, 'en_obv': False, 'obv_slope': 76, 'en_cci': True, 'cci_n': 8, 'cci_threshold': 130, 'en_rsi': False, 'rsi_n': 21, 'rsi_lower': 43, 'rsi_upper': 57, 'en_stochastic': True, 'stochastic_n': 31, 'stochastic_d': 29, 'stochastic_lower': 13, 'stochastic_upper': 87, 'en_mfi': True, 'mfi_n': 42, 'mfi_lower': 28, 'mfi_upper': 83, 'en_bollinger': False, 'bollinger_n': 192, 'bollinger_k': 4.1, 'en_adx': False, 'adx_n': 8, 'adx_threshold': 9, 'en_structure_trend': False, 'structure_trend_swing_l': 3, 'en_order_block': True, 'order_block_swing_l': 4, 'en_fvg': False, 'fvg_lookback': 30, 'en_ifvg': True, 'en_breaker': True, 'breaker_swing_l': 20, 'en_cisd': True, 'k': 1, 'en_cap_bars': True, 'cap_1min': 213}.
[I 2026-07-13 14:54:43,941] Trial 3722 finished with values: [-1328.144755870113, -6354.864086466527, 58.7] and parameters: {'sl_soft': 0.19414934024435104, 'sl_hard_delta': 0.17437949833153482, 'tp': 0.0973427622064931, 'gate_pct': 97.87184393359011, 'dd_limit': 0.6062953539401272, 'cooldown': 4, 'flip': False, 'en_ema_trend': True, 'ema_trend_fast': 195, 'ema_trend_slow': 377, 'en_sma_trend': True, 'sma_trend_fast': 44, 'sma_trend_slow': 200, 'en_macd': True, 'macd_fast': 70, 'macd_slow': 72, 'macd_signal': 45, 'en_vwap': True, 'en_keltner': True, 'keltner_n': 24, 'keltner_m': 1.3, 'en_obv': True, 'obv_slope': 61, 'en_cci': True, 'cci_n': 142, 'cci_threshold': 250, 'en_rsi': True, 'rsi_n': 93, 'rsi_lower': 30, 'rsi_upper': 66, 'en_stochastic': False, 'stochastic_n': 95, 'stochastic_d': 28, 'stochastic_lower': 42, 'stochastic_upper': 91, 'en_mfi': False, 'mfi_n': 19, 'mfi_lower': 22, 'mfi_upper': 73, 'en_bollinger': False, 'bollinger_n': 149, 'bollinger_k': 2.8000000000000003, 'en_adx': False, 'adx_n': 50, 'adx_threshold': 14, 'en_structure_trend': True, 'structure_trend_swing_l': 17, 'en_order_block': True, 'order_block_swing_l': 11, 'en_fvg': True, 'fvg_lookback': 7, 'en_ifvg': False, 'en_breaker': True, 'breaker_swing_l': 6, 'en_cisd': False, 'k': 4, 'en_cap_bars': False, 'cap_1min': 1250}.
[I 2026-07-13 14:54:44,358] Trial 3723 finished with values: [1809.8854692445523, -3249.3281061799444, 50.25] and parameters: {'sl_soft': 0.05035573196257478, 'sl_hard_delta': 0.052716452395929286, 'tp': 0.14985592681603982, 'gate_pct': 99.43810192295578, 'dd_limit': 0.7627381108845042, 'cooldown': 1, 'flip': False, 'en_ema_trend': True, 'ema_trend_fast': 342, 'ema_trend_slow': 182, 'en_sma_trend': True, 'sma_trend_fast': 313, 'sma_trend_slow': 336, 'en_macd': True, 'macd_fast': 10, 'macd_slow': 3, 'macd_signal': 67, 'en_vwap': True, 'en_keltner': True, 'keltner_n': 123, 'keltner_m': 4.5, 'en_obv': True, 'obv_slope': 173, 'en_cci': True, 'cci_n': 166, 'cci_threshold': 145, 'en_rsi': False, 'rsi_n': 33, 'rsi_lower': 1, 'rsi_upper': 63, 'en_stochastic': True, 'stochastic_n': 62, 'stochastic_d': 2, 'stochastic_lower': 40, 'stochastic_upper': 82, 'en_mfi': False, 'mfi_n': 14, 'mfi_lower': 29, 'mfi_upper': 97, 'en_bollinger': True, 'bollinger_n': 155, 'bollinger_k': 3.8000000000000003, 'en_adx': False, 'adx_n': 12, 'adx_threshold': 47, 'en_structure_trend': True, 'structure_trend_swing_l': 2, 'en_order_block': False, 'order_block_swing_l': 16, 'en_fvg': False, 'fvg_lookback': 33, 'en_ifvg': True, 'en_breaker': True, 'breaker_swing_l': 8, 'en_cisd': False, 'k': 4, 'en_cap_bars': True, 'cap_1min': 591}.
[I 2026-07-13 14:54:45,101] Trial 3724 pruned. 
[I 2026-07-13 14:54:47,467] Trial 3725 finished with values: [1568.4097454812118, -8442.923078260803, 31.0] and parameters: {'sl_soft': 0.041819685424319256, 'sl_hard_delta': 0.2567649302278256, 'tp': 0.27261856423057984, 'gate_pct': 97.66578486655469, 'dd_limit': 7.573309416194954, 'cooldown': 0, 'flip': True, 'en_ema_trend': False, 'ema_trend_fast': 283, 'ema_trend_slow': 182, 'en_sma_trend': False, 'sma_trend_fast': 360, 'sma_trend_slow': 187, 'en_macd': False, 'macd_fast': 80, 'macd_slow': 3, 'macd_signal': 18, 'en_vwap': True, 'en_keltner': True, 'keltner_n': 48, 'keltner_m': 3.5, 'en_obv': True, 'obv_slope': 179, 'en_cci': False, 'cci_n': 54, 'cci_threshold': 135, 'en_rsi': False, 'rsi_n': 81, 'rsi_lower': 3, 'rsi_upper': 58, 'en_stochastic': False, 'stochastic_n': 62, 'stochastic_d': 2, 'stochastic_lower': 32, 'stochastic_upper': 98, 'en_mfi': True, 'mfi_n': 11, 'mfi_lower': 44, 'mfi_upper': 80, 'en_bollinger': False, 'bollinger_n': 197, 'bollinger_k': 2.0, 'en_adx': False, 'adx_n': 91, 'adx_threshold': 36, 'en_structure_trend': True, 'structure_trend_swing_l': 9, 'en_order_block': True, 'order_block_swing_l': 1, 'en_fvg': False, 'fvg_lookback': 24, 'en_ifvg': False, 'en_breaker': True, 'breaker_swing_l': 8, 'en_cisd': False, 'k': 3, 'en_cap_bars': True, 'cap_1min': 1201}.
[I 2026-07-13 14:54:49,584] Trial 3726 pruned. 
[I 2026-07-13 14:54:51,041] Trial 3727 finished with values: [-538.2380364542712, -9970.334911666336, 47.45] and parameters: {'sl_soft': 0.10644993879788506, 'sl_hard_delta': 0.039849065565949165, 'tp': 0.14985592681603982, 'gate_pct': 99.43810192295578, 'dd_limit': 0.7627381108845042, 'cooldown': 0, 'flip': False, 'en_ema_trend': False, 'ema_trend_fast': 197, 'ema_trend_slow': 304, 'en_sma_trend': True, 'sma_trend_fast': 360, 'sma_trend_slow': 213, 'en_macd': False, 'macd_fast': 55, 'macd_slow': 125, 'macd_signal': 23, 'en_vwap': False, 'en_keltner': True, 'keltner_n': 177, 'keltner_m': 1.0, 'en_obv': True, 'obv_slope': 25, 'en_cci': True, 'cci_n': 4, 'cci_threshold': 130, 'en_rsi': False, 'rsi_n': 100, 'rsi_lower': 1, 'rsi_upper': 81, 'en_stochastic': False, 'stochastic_n': 62, 'stochastic_d': 34, 'stochastic_lower': 20, 'stochastic_upper': 99, 'en_mfi': False, 'mfi_n': 13, 'mfi_lower': 44, 'mfi_upper': 78, 'en_bollinger': False, 'bollinger_n': 155, 'bollinger_k': 2.7, 'en_adx': False, 'adx_n': 35, 'adx_threshold': 13, 'en_structure_trend': True, 'structure_trend_swing_l': 9, 'en_order_block': True, 'order_block_swing_l': 13, 'en_fvg': False, 'fvg_lookback': 24, 'en_ifvg': True, 'en_breaker': True, 'breaker_swing_l': 8, 'en_cisd': False, 'k': 4, 'en_cap_bars': False, 'cap_1min': 457}.
[I 2026-07-13 14:54:52,472] Trial 3728 finished with values: [3587.7284748310963, -13185.258200835757, 50.900000000000006] and parameters: {'sl_soft': 0.1790260279200085, 'sl_hard_delta': 0.234009729604921, 'tp': 0.30344321187078127, 'gate_pct': 94.70821660915905, 'dd_limit': 7.364744278329123, 'cooldown': 0, 'flip': False, 'en_ema_trend': True, 'ema_trend_fast': 99, 'ema_trend_slow': 64, 'en_sma_trend': False, 'sma_trend_fast': 331, 'sma_trend_slow': 379, 'en_macd': True, 'macd_fast': 38, 'macd_slow': 200, 'macd_signal': 43, 'en_vwap': True, 'en_keltner': False, 'keltner_n': 60, 'keltner_m': 3.8000000000000003, 'en_obv': False, 'obv_slope': 162, 'en_cci': True, 'cci_n': 8, 'cci_threshold': 50, 'en_rsi': False, 'rsi_n': 74, 'rsi_lower': 43, 'rsi_upper': 57, 'en_stochastic': False, 'stochastic_n': 27, 'stochastic_d': 11, 'stochastic_lower': 27, 'stochastic_upper': 94, 'en_mfi': False, 'mfi_n': 42, 'mfi_lower': 28, 'mfi_upper': 83, 'en_bollinger': False, 'bollinger_n': 172, 'bollinger_k': 4.1, 'en_adx': False, 'adx_n': 35, 'adx_threshold': 42, 'en_structure_trend': False, 'structure_trend_swing_l': 1, 'en_order_block': True, 'order_block_swing_l': 4, 'en_fvg': False, 'fvg_lookback': 30, 'en_ifvg': True, 'en_breaker': False, 'breaker_swing_l': 13, 'en_cisd': True, 'k': 1, 'en_cap_bars': True, 'cap_1min': 655}.
