[I 2026-07-13 14:48:09,155] Trial 3539 finished with values: [-993.2210602563354, -5157.615001471675, 16.7] and parameters: {'sl_soft': 0.041819685424319256, 'sl_hard_delta': 0.052716452395929286, 'tp': 0.20741590457257697, 'gate_pct': 97.66578486655469, 'dd_limit': 5.937758572987326, 'cooldown': 2, 'flip': False, 'en_ema_trend': False, 'ema_trend_fast': 213, 'ema_trend_slow': 182, 'en_sma_trend': True, 'sma_trend_fast': 313, 'sma_trend_slow': 336, 'en_macd': False, 'macd_fast': 55, 'macd_slow': 3, 'macd_signal': 52, 'en_vwap': True, 'en_keltner': True, 'keltner_n': 33, 'keltner_m': 3.1, 'en_obv': True, 'obv_slope': 26, 'en_cci': True, 'cci_n': 172, 'cci_threshold': 145, 'en_rsi': True, 'rsi_n': 72, 'rsi_lower': 47, 'rsi_upper': 58, 'en_stochastic': False, 'stochastic_n': 82, 'stochastic_d': 17, 'stochastic_lower': 20, 'stochastic_upper': 66, 'en_mfi': False, 'mfi_n': 8, 'mfi_lower': 29, 'mfi_upper': 80, 'en_bollinger': True, 'bollinger_n': 155, 'bollinger_k': 3.8000000000000003, 'en_adx': False, 'adx_n': 5, 'adx_threshold': 47, 'en_structure_trend': False, 'structure_trend_swing_l': 11, 'en_order_block': True, 'order_block_swing_l': 16, 'en_fvg': True, 'fvg_lookback': 22, 'en_ifvg': True, 'en_breaker': False, 'breaker_swing_l': 10, 'en_cisd': True, 'k': 3, 'en_cap_bars': True, 'cap_1min': 878}.
[I 2026-07-13 14:48:21,566] Trial 3540 finished with values: [143.23773159855295, -4884.76855571605, 48.8] and parameters: {'sl_soft': 0.10644993879788506, 'sl_hard_delta': 0.052716452395929286, 'tp': 0.14985592681603982, 'gate_pct': 99.43810192295578, 'dd_limit': 5.937758572987326, 'cooldown': 1, 'flip': False, 'en_ema_trend': True, 'ema_trend_fast': 213, 'ema_trend_slow': 395, 'en_sma_trend': True, 'sma_trend_fast': 81, 'sma_trend_slow': 336, 'en_macd': True, 'macd_fast': 89, 'macd_slow': 107, 'macd_signal': 67, 'en_vwap': True, 'en_keltner': True, 'keltner_n': 33, 'keltner_m': 4.5, 'en_obv': True, 'obv_slope': 173, 'en_cci': False, 'cci_n': 120, 'cci_threshold': 45, 'en_rsi': False, 'rsi_n': 33, 'rsi_lower': 49, 'rsi_upper': 63, 'en_stochastic': True, 'stochastic_n': 90, 'stochastic_d': 25, 'stochastic_lower': 26, 'stochastic_upper': 82, 'en_mfi': False, 'mfi_n': 14, 'mfi_lower': 13, 'mfi_upper': 72, 'en_bollinger': True, 'bollinger_n': 2, 'bollinger_k': 3.8000000000000003, 'en_adx': True, 'adx_n': 5, 'adx_threshold': 7, 'en_structure_trend': False, 'structure_trend_swing_l': 2, 'en_order_block': False, 'order_block_swing_l': 5, 'en_fvg': True, 'fvg_lookback': 33, 'en_ifvg': True, 'en_breaker': True, 'breaker_swing_l': 11, 'en_cisd': False, 'k': 4, 'en_cap_bars': True, 'cap_1min': 457}.
[I 2026-07-13 14:48:23,336] Trial 3541 finished with values: [-722.3088509084087, -8390.157311243982, 33.75] and parameters: {'sl_soft': 0.041819685424319256, 'sl_hard_delta': 0.2476078025833433, 'tp': 0.11158235137666062, 'gate_pct': 97.66578486655469, 'dd_limit': 9.049701546507107, 'cooldown': 0, 'flip': False, 'en_ema_trend': True, 'ema_trend_fast': 342, 'ema_trend_slow': 182, 'en_sma_trend': False, 'sma_trend_fast': 345, 'sma_trend_slow': 290, 'en_macd': False, 'macd_fast': 10, 'macd_slow': 200, 'macd_signal': 82, 'en_vwap': True, 'en_keltner': True, 'keltner_n': 48, 'keltner_m': 3.3000000000000003, 'en_obv': False, 'obv_slope': 179, 'en_cci': True, 'cci_n': 166, 'cci_threshold': 145, 'en_rsi': False, 'rsi_n': 5, 'rsi_lower': 47, 'rsi_upper': 89, 'en_stochastic': False, 'stochastic_n': 82, 'stochastic_d': 17, 'stochastic_lower': 32, 'stochastic_upper': 93, 'en_mfi': True, 'mfi_n': 8, 'mfi_lower': 19, 'mfi_upper': 80, 'en_bollinger': True, 'bollinger_n': 155, 'bollinger_k': 2.0, 'en_adx': False, 'adx_n': 7, 'adx_threshold': 57, 'en_structure_trend': False, 'structure_trend_swing_l': 11, 'en_order_block': True, 'order_block_swing_l': 1, 'en_fvg': True, 'fvg_lookback': 26, 'en_ifvg': True, 'en_breaker': False, 'breaker_swing_l': 1, 'en_cisd': False, 'k': 4, 'en_cap_bars': True, 'cap_1min': 878}.
[I 2026-07-13 14:48:24,705] Trial 3542 pruned. 
[I 2026-07-13 14:48:32,019] Trial 3543 finished with values: [-2515.713141612306, -9727.039094590647, 57.400000000000006] and parameters: {'sl_soft': 0.058218586321253915, 'sl_hard_delta': 0.10298014041174283, 'tp': 0.049230858987614624, 'gate_pct': 94.49469318363046, 'dd_limit': 8.739785173334672, 'cooldown': 0, 'flip': True, 'en_ema_trend': True, 'ema_trend_fast': 176, 'ema_trend_slow': 232, 'en_sma_trend': False, 'sma_trend_fast': 166, 'sma_trend_slow': 28, 'en_macd': False, 'macd_fast': 71, 'macd_slow': 170, 'macd_signal': 78, 'en_vwap': True, 'en_keltner': False, 'keltner_n': 13, 'keltner_m': 3.6, 'en_obv': True, 'obv_slope': 35, 'en_cci': False, 'cci_n': 15, 'cci_threshold': 170, 'en_rsi': True, 'rsi_n': 21, 'rsi_lower': 37, 'rsi_upper': 74, 'en_stochastic': True, 'stochastic_n': 77, 'stochastic_d': 18, 'stochastic_lower': 9, 'stochastic_upper': 96, 'en_mfi': False, 'mfi_n': 100, 'mfi_lower': 26, 'mfi_upper': 65, 'en_bollinger': False, 'bollinger_n': 142, 'bollinger_k': 3.3000000000000003, 'en_adx': False, 'adx_n': 8, 'adx_threshold': 55, 'en_structure_trend': False, 'structure_trend_swing_l': 19, 'en_order_block': False, 'order_block_swing_l': 4, 'en_fvg': False, 'fvg_lookback': 30, 'en_ifvg': False, 'en_breaker': False, 'breaker_swing_l': 20, 'en_cisd': True, 'k': 1, 'en_cap_bars': True, 'cap_1min': 247}.
[I 2026-07-13 14:48:34,840] Trial 3544 pruned. 
[I 2026-07-13 14:48:37,713] Trial 3545 pruned. 
[I 2026-07-13 14:48:39,620] Trial 3546 pruned. 
[I 2026-07-13 14:48:40,715] Trial 3547 finished with values: [-686.4025200340336, -40578.38227973763, 48.35] and parameters: {'sl_soft': 0.1727021639078877, 'sl_hard_delta': 0.11082725310556857, 'tp': 0.20741590457257697, 'gate_pct': 97.28704165170988, 'dd_limit': 2.2378945291746732, 'cooldown': 1, 'flip': False, 'en_ema_trend': True, 'ema_trend_fast': 30, 'ema_trend_slow': 255, 'en_sma_trend': False, 'sma_trend_fast': 313, 'sma_trend_slow': 137, 'en_macd': True, 'macd_fast': 10, 'macd_slow': 3, 'macd_signal': 52, 'en_vwap': True, 'en_keltner': True, 'keltner_n': 123, 'keltner_m': 3.5, 'en_obv': True, 'obv_slope': 179, 'en_cci': False, 'cci_n': 166, 'cci_threshold': 145, 'en_rsi': False, 'rsi_n': 72, 'rsi_lower': 1, 'rsi_upper': 58, 'en_stochastic': False, 'stochastic_n': 62, 'stochastic_d': 50, 'stochastic_lower': 3, 'stochastic_upper': 98, 'en_mfi': False, 'mfi_n': 99, 'mfi_lower': 15, 'mfi_upper': 63, 'en_bollinger': True, 'bollinger_n': 142, 'bollinger_k': 2.0, 'en_adx': False, 'adx_n': 56, 'adx_threshold': 12, 'en_structure_trend': True, 'structure_trend_swing_l': 7, 'en_order_block': True, 'order_block_swing_l': 18, 'en_fvg': False, 'fvg_lookback': 19, 'en_ifvg': False, 'en_breaker': True, 'breaker_swing_l': 11, 'en_cisd': False, 'k': 4, 'en_cap_bars': False, 'cap_1min': 461}.
[I 2026-07-13 14:48:48,366] Trial 3548 finished with values: [1714.087638378654, -16675.746310270166, 51.0] and parameters: {'sl_soft': 0.12649771666247087, 'sl_hard_delta': 0.028407703798022977, 'tp': 0.15741368503804018, 'gate_pct': 98.19812780594039, 'dd_limit': 8.695879980087707, 'cooldown': 1, 'flip': False, 'en_ema_trend': False, 'ema_trend_fast': 176, 'ema_trend_slow': 318, 'en_sma_trend': True, 'sma_trend_fast': 286, 'sma_trend_slow': 69, 'en_macd': True, 'macd_fast': 93, 'macd_slow': 59, 'macd_signal': 43, 'en_vwap': False, 'en_keltner': True, 'keltner_n': 141, 'keltner_m': 3.8000000000000003, 'en_obv': False, 'obv_slope': 69, 'en_cci': True, 'cci_n': 108, 'cci_threshold': 250, 'en_rsi': False, 'rsi_n': 85, 'rsi_lower': 38, 'rsi_upper': 87, 'en_stochastic': False, 'stochastic_n': 71, 'stochastic_d': 30, 'stochastic_lower': 12, 'stochastic_upper': 86, 'en_mfi': True, 'mfi_n': 42, 'mfi_lower': 28, 'mfi_upper': 68, 'en_bollinger': False, 'bollinger_n': 192, 'bollinger_k': 1.6, 'en_adx': True, 'adx_n': 54, 'adx_threshold': 6, 'en_structure_trend': False, 'structure_trend_swing_l': 3, 'en_order_block': False, 'order_block_swing_l': 19, 'en_fvg': False, 'fvg_lookback': 33, 'en_ifvg': False, 'en_breaker': True, 'breaker_swing_l': 4, 'en_cisd': False, 'k': 1, 'en_cap_bars': True, 'cap_1min': 508}.
[I 2026-07-13 14:48:52,537] Trial 3549 finished with values: [1402.0429429198168, -16054.044123908603, 41.150000000000006] and parameters: {'sl_soft': 0.09951309834345903, 'sl_hard_delta': 0.04250555831064314, 'tp': 0.2356931692447365, 'gate_pct': 96.65475725098474, 'dd_limit': 5.052448726200229, 'cooldown': 1, 'flip': False, 'en_ema_trend': True, 'ema_trend_fast': 286, 'ema_trend_slow': 153, 'en_sma_trend': True, 'sma_trend_fast': 70, 'sma_trend_slow': 191, 'en_macd': True, 'macd_fast': 19, 'macd_slow': 74, 'macd_signal': 60, 'en_vwap': True, 'en_keltner': True, 'keltner_n': 182, 'keltner_m': 4.1, 'en_obv': False, 'obv_slope': 19, 'en_cci': True, 'cci_n': 107, 'cci_threshold': 160, 'en_rsi': True, 'rsi_n': 17, 'rsi_lower': 32, 'rsi_upper': 79, 'en_stochastic': False, 'stochastic_n': 70, 'stochastic_d': 46, 'stochastic_lower': 26, 'stochastic_upper': 62, 'en_mfi': True, 'mfi_n': 95, 'mfi_lower': 36, 'mfi_upper': 84, 'en_bollinger': False, 'bollinger_n': 200, 'bollinger_k': 0.9, 'en_adx': False, 'adx_n': 44, 'adx_threshold': 9, 'en_structure_trend': False, 'structure_trend_swing_l': 3, 'en_order_block': True, 'order_block_swing_l': 4, 'en_fvg': False, 'fvg_lookback': 49, 'en_ifvg': False, 'en_breaker': False, 'breaker_swing_l': 11, 'en_cisd': True, 'k': 3, 'en_cap_bars': False, 'cap_1min': 1399}.
[I 2026-07-13 14:48:53,020] Trial 3550 pruned. 
[I 2026-07-13 14:48:54,037] Trial 3551 finished with values: [-1660.0851228773206, -10301.714170953459, 50.099999999999994] and parameters: {'sl_soft': 0.10644993879788506, 'sl_hard_delta': 0.2476078025833433, 'tp': 0.14985592681603982, 'gate_pct': 99.43810192295578, 'dd_limit': 2.4528084273798805, 'cooldown': 1, 'flip': False, 'en_ema_trend': False, 'ema_trend_fast': 213, 'ema_trend_slow': 182, 'en_sma_trend': False, 'sma_trend_fast': 313, 'sma_trend_slow': 319, 'en_macd': False, 'macd_fast': 10, 'macd_slow': 125, 'macd_signal': 52, 'en_vwap': False, 'en_keltner': True, 'keltner_n': 48, 'keltner_m': 3.1, 'en_obv': True, 'obv_slope': 179, 'en_cci': False, 'cci_n': 172, 'cci_threshold': 130, 'en_rsi': False, 'rsi_n': 14, 'rsi_lower': 47, 'rsi_upper': 52, 'en_stochastic': False, 'stochastic_n': 89, 'stochastic_d': 25, 'stochastic_lower': 20, 'stochastic_upper': 98, 'en_mfi': True, 'mfi_n': 8, 'mfi_lower': 29, 'mfi_upper': 59, 'en_bollinger': True, 'bollinger_n': 155, 'bollinger_k': 2.0, 'en_adx': False, 'adx_n': 5, 'adx_threshold': 47, 'en_structure_trend': False, 'structure_trend_swing_l': 11, 'en_order_block': True, 'order_block_swing_l': 5, 'en_fvg': False, 'fvg_lookback': 19, 'en_ifvg': True, 'en_breaker': False, 'breaker_swing_l': 10, 'en_cisd': False, 'k': 3, 'en_cap_bars': True, 'cap_1min': 457}.
[I 2026-07-13 14:48:54,556] Trial 3552 pruned. 
[I 2026-07-13 14:48:56,132] Trial 3553 finished with values: [-1056.352458217873, -19563.49713428466, 41.599999999999994] and parameters: {'sl_soft': 0.09577715710936688, 'sl_hard_delta': 0.15369551862511335, 'tp': 0.2356931692447365, 'gate_pct': 96.65475725098474, 'dd_limit': 6.921955355235141, 'cooldown': 1, 'flip': False, 'en_ema_trend': False, 'ema_trend_fast': 193, 'ema_trend_slow': 133, 'en_sma_trend': True, 'sma_trend_fast': 288, 'sma_trend_slow': 200, 'en_macd': True, 'macd_fast': 11, 'macd_slow': 72, 'macd_signal': 60, 'en_vwap': True, 'en_keltner': False, 'keltner_n': 122, 'keltner_m': 1.9000000000000001, 'en_obv': False, 'obv_slope': 162, 'en_cci': True, 'cci_n': 125, 'cci_threshold': 35, 'en_rsi': False, 'rsi_n': 40, 'rsi_lower': 30, 'rsi_upper': 74, 'en_stochastic': False, 'stochastic_n': 70, 'stochastic_d': 28, 'stochastic_lower': 26, 'stochastic_upper': 78, 'en_mfi': True, 'mfi_n': 95, 'mfi_lower': 42, 'mfi_upper': 87, 'en_bollinger': False, 'bollinger_n': 149, 'bollinger_k': 2.8000000000000003, 'en_adx': False, 'adx_n': 2, 'adx_threshold': 57, 'en_structure_trend': True, 'structure_trend_swing_l': 1, 'en_order_block': True, 'order_block_swing_l': 18, 'en_fvg': False, 'fvg_lookback': 32, 'en_ifvg': False, 'en_breaker': True, 'breaker_swing_l': 13, 'en_cisd': True, 'k': 4, 'en_cap_bars': False, 'cap_1min': 540}.
[I 2026-07-13 14:48:56,586] Trial 3554 finished with values: [3635.971508026685, -13522.138798847569, 42.4] and parameters: {'sl_soft': 0.12649771666247087, 'sl_hard_delta': 0.028407703798022977, 'tp': 0.30344321187078127, 'gate_pct': 98.19812780594039, 'dd_limit': 8.695879980087707, 'cooldown': 1, 'flip': False, 'en_ema_trend': False, 'ema_trend_fast': 277, 'ema_trend_slow': 178, 'en_sma_trend': True, 'sma_trend_fast': 274, 'sma_trend_slow': 351, 'en_macd': False, 'macd_fast': 51, 'macd_slow': 59, 'macd_signal': 43, 'en_vwap': False, 'en_keltner': True, 'keltner_n': 173, 'keltner_m': 3.8000000000000003, 'en_obv': False, 'obv_slope': 125, 'en_cci': True, 'cci_n': 108, 'cci_threshold': 130, 'en_rsi': False, 'rsi_n': 42, 'rsi_lower': 38, 'rsi_upper': 57, 'en_stochastic': True, 'stochastic_n': 44, 'stochastic_d': 45, 'stochastic_lower': 13, 'stochastic_upper': 93, 'en_mfi': True, 'mfi_n': 42, 'mfi_lower': 28, 'mfi_upper': 83, 'en_bollinger': False, 'bollinger_n': 192, 'bollinger_k': 1.6, 'en_adx': True, 'adx_n': 96, 'adx_threshold': 9, 'en_structure_trend': False, 'structure_trend_swing_l': 3, 'en_order_block': False, 'order_block_swing_l': 19, 'en_fvg': False, 'fvg_lookback': 33, 'en_ifvg': False, 'en_breaker': True, 'breaker_swing_l': 7, 'en_cisd': False, 'k': 1, 'en_cap_bars': True, 'cap_1min': 213}.
[I 2026-07-13 14:48:57,043] Trial 3555 finished with values: [-610.2483517504456, -11342.228089445713, 52.4] and parameters: {'sl_soft': 0.10644993879788506, 'sl_hard_delta': 0.1370086676856171, 'tp': 0.14985592681603982, 'gate_pct': 99.43810192295578, 'dd_limit': 5.937758572987326, 'cooldown': 1, 'flip': False, 'en_ema_trend': False, 'ema_trend_fast': 213, 'ema_trend_slow': 157, 'en_sma_trend': True, 'sma_trend_fast': 81, 'sma_trend_slow': 336, 'en_macd': False, 'macd_fast': 55, 'macd_slow': 125, 'macd_signal': 23, 'en_vwap': True, 'en_keltner': True, 'keltner_n': 33, 'keltner_m': 2.3, 'en_obv': True, 'obv_slope': 26, 'en_cci': False, 'cci_n': 172, 'cci_threshold': 130, 'en_rsi': False, 'rsi_n': 14, 'rsi_lower': 49, 'rsi_upper': 52, 'en_stochastic': False, 'stochastic_n': 89, 'stochastic_d': 25, 'stochastic_lower': 31, 'stochastic_upper': 99, 'en_mfi': False, 'mfi_n': 14, 'mfi_lower': 19, 'mfi_upper': 78, 'en_bollinger': True, 'bollinger_n': 2, 'bollinger_k': 3.8000000000000003, 'en_adx': False, 'adx_n': 17, 'adx_threshold': 13, 'en_structure_trend': False, 'structure_trend_swing_l': 18, 'en_order_block': False, 'order_block_swing_l': 5, 'en_fvg': False, 'fvg_lookback': 22, 'en_ifvg': True, 'en_breaker': False, 'breaker_swing_l': 7, 'en_cisd': False, 'k': 4, 'en_cap_bars': False, 'cap_1min': 457}.
[I 2026-07-13 14:48:57,443] Trial 3556 pruned. 
[I 2026-07-13 14:49:05,021] Trial 3557 finished with values: [-406.9601568511058, -6275.93981273904, 48.6] and parameters: {'sl_soft': 0.09951309834345903, 'sl_hard_delta': 0.052716452395929286, 'tp': 0.12154047473748539, 'gate_pct': 99.43810192295578, 'dd_limit': 5.937758572987326, 'cooldown': 1, 'flip': True, 'en_ema_trend': True, 'ema_trend_fast': 286, 'ema_trend_slow': 391, 'en_sma_trend': True, 'sma_trend_fast': 81, 'sma_trend_slow': 333, 'en_macd': True, 'macd_fast': 10, 'macd_slow': 51, 'macd_signal': 6, 'en_vwap': False, 'en_keltner': True, 'keltner_n': 146, 'keltner_m': 2.3, 'en_obv': False, 'obv_slope': 26, 'en_cci': True, 'cci_n': 82, 'cci_threshold': 160, 'en_rsi': False, 'rsi_n': 17, 'rsi_lower': 49, 'rsi_upper': 52, 'en_stochastic': False, 'stochastic_n': 89, 'stochastic_d': 5, 'stochastic_lower': 26, 'stochastic_upper': 66, 'en_mfi': False, 'mfi_n': 14, 'mfi_lower': 19, 'mfi_upper': 84, 'en_bollinger': True, 'bollinger_n': 2, 'bollinger_k': 3.8000000000000003, 'en_adx': True, 'adx_n': 2, 'adx_threshold': 13, 'en_structure_trend': True, 'structure_trend_swing_l': 18, 'en_order_block': False, 'order_block_swing_l': 19, 'en_fvg': True, 'fvg_lookback': 22, 'en_ifvg': True, 'en_breaker': False, 'breaker_swing_l': 7, 'en_cisd': True, 'k': 1, 'en_cap_bars': False, 'cap_1min': 1023}.
[I 2026-07-13 14:49:05,553] Trial 3558 pruned. 
[I 2026-07-13 14:49:08,204] Trial 3559 finished with values: [-2060.5641515203833, -5498.988512016145, 47.75] and parameters: {'sl_soft': 0.1790260279200085, 'sl_hard_delta': 0.18661119015635982, 'tp': 0.18097325261219258, 'gate_pct': 96.82972780322679, 'dd_limit': 9.049701546507107, 'cooldown': 0, 'flip': True, 'en_ema_trend': True, 'ema_trend_fast': 24, 'ema_trend_slow': 64, 'en_sma_trend': False, 'sma_trend_fast': 198, 'sma_trend_slow': 57, 'en_macd': False, 'macd_fast': 53, 'macd_slow': 114, 'macd_signal': 82, 'en_vwap': False, 'en_keltner': True, 'keltner_n': 93, 'keltner_m': 3.3000000000000003, 'en_obv': False, 'obv_slope': 162, 'en_cci': True, 'cci_n': 51, 'cci_threshold': 250, 'en_rsi': False, 'rsi_n': 5, 'rsi_lower': 31, 'rsi_upper': 89, 'en_stochastic': False, 'stochastic_n': 50, 'stochastic_d': 14, 'stochastic_lower': 2, 'stochastic_upper': 93, 'en_mfi': True, 'mfi_n': 14, 'mfi_lower': 11, 'mfi_upper': 70, 'en_bollinger': False, 'bollinger_n': 134, 'bollinger_k': 4.2, 'en_adx': False, 'adx_n': 22, 'adx_threshold': 38, 'en_structure_trend': False, 'structure_trend_swing_l': 1, 'en_order_block': False, 'order_block_swing_l': 1, 'en_fvg': True, 'fvg_lookback': 26, 'en_ifvg': True, 'en_breaker': False, 'breaker_swing_l': 2, 'en_cisd': False, 'k': 1, 'en_cap_bars': True, 'cap_1min': 655}.
[I 2026-07-13 14:49:08,777] Trial 3560 pruned. 
[I 2026-07-13 14:49:11,188] Trial 3561 finished with values: [5484.828871942629, -6683.19190114083, 33.3] and parameters: {'sl_soft': 0.05035573196257478, 'sl_hard_delta': 0.039849065565949165, 'tp': 0.3112134405025989, 'gate_pct': 97.28704165170988, 'dd_limit': 0.23735305616742414, 'cooldown': 4, 'flip': True, 'en_ema_trend': True, 'ema_trend_fast': 206, 'ema_trend_slow': 304, 'en_sma_trend': True, 'sma_trend_fast': 331, 'sma_trend_slow': 379, 'en_macd': False, 'macd_fast': 38, 'macd_slow': 88, 'macd_signal': 45, 'en_vwap': True, 'en_keltner': True, 'keltner_n': 60, 'keltner_m': 0.8, 'en_obv': False, 'obv_slope': 162, 'en_cci': True, 'cci_n': 54, 'cci_threshold': 50, 'en_rsi': False, 'rsi_n': 74, 'rsi_lower': 5, 'rsi_upper': 64, 'en_stochastic': False, 'stochastic_n': 24, 'stochastic_d': 2, 'stochastic_lower': 27, 'stochastic_upper': 57, 'en_mfi': False, 'mfi_n': 11, 'mfi_lower': 44, 'mfi_upper': 69, 'en_bollinger': False, 'bollinger_n': 172, 'bollinger_k': 2.7, 'en_adx': False, 'adx_n': 35, 'adx_threshold': 35, 'en_structure_trend': False, 'structure_trend_swing_l': 1, 'en_order_block': True, 'order_block_swing_l': 13, 'en_fvg': False, 'fvg_lookback': 19, 'en_ifvg': False, 'en_breaker': False, 'breaker_swing_l': 8, 'en_cisd': False, 'k': 1, 'en_cap_bars': False, 'cap_1min': 495}.
[I 2026-07-13 14:49:12,661] Trial 3562 finished with values: [-507.3011928426753, -4299.721677532347, 23.2] and parameters: {'sl_soft': 0.03475243749569609, 'sl_hard_delta': 0.2476078025833433, 'tp': 0.20741590457257697, 'gate_pct': 97.66578486655469, 'dd_limit': 0.7627381108845042, 'cooldown': 2, 'flip': True, 'en_ema_trend': False, 'ema_trend_fast': 342, 'ema_trend_slow': 182, 'en_sma_trend': True, 'sma_trend_fast': 198, 'sma_trend_slow': 319, 'en_macd': True, 'macd_fast': 10, 'macd_slow': 114, 'macd_signal': 61, 'en_vwap': True, 'en_keltner': True, 'keltner_n': 135, 'keltner_m': 3.1, 'en_obv': True, 'obv_slope': 179, 'en_cci': True, 'cci_n': 134, 'cci_threshold': 145, 'en_rsi': False, 'rsi_n': 95, 'rsi_lower': 31, 'rsi_upper': 88, 'en_stochastic': False, 'stochastic_n': 78, 'stochastic_d': 2, 'stochastic_lower': 40, 'stochastic_upper': 78, 'en_mfi': True, 'mfi_n': 8, 'mfi_lower': 29, 'mfi_upper': 80, 'en_bollinger': True, 'bollinger_n': 155, 'bollinger_k': 2.0, 'en_adx': False, 'adx_n': 91, 'adx_threshold': 47, 'en_structure_trend': False, 'structure_trend_swing_l': 12, 'en_order_block': False, 'order_block_swing_l': 16, 'en_fvg': False, 'fvg_lookback': 19, 'en_ifvg': True, 'en_breaker': False, 'breaker_swing_l': 8, 'en_cisd': True, 'k': 3, 'en_cap_bars': True, 'cap_1min': 591}.
[I 2026-07-13 14:49:14,990] Trial 3563 pruned. 
[I 2026-07-13 14:49:19,206] Trial 3564 finished with values: [-908.5626242540907, -10680.117338000056, 32.25] and parameters: {'sl_soft': 0.06917576547684445, 'sl_hard_delta': 0.2476078025833433, 'tp': 0.20741590457257697, 'gate_pct': 98.58299891691806, 'dd_limit': 2.4528084273798805, 'cooldown': 2, 'flip': False, 'en_ema_trend': True, 'ema_trend_fast': 342, 'ema_trend_slow': 2, 'en_sma_trend': False, 'sma_trend_fast': 136, 'sma_trend_slow': 377, 'en_macd': True, 'macd_fast': 10, 'macd_slow': 3, 'macd_signal': 52, 'en_vwap': False, 'en_keltner': True, 'keltner_n': 97, 'keltner_m': 0.5, 'en_obv': False, 'obv_slope': 18, 'en_cci': True, 'cci_n': 166, 'cci_threshold': 85, 'en_rsi': False, 'rsi_n': 72, 'rsi_lower': 34, 'rsi_upper': 64, 'en_stochastic': False, 'stochastic_n': 78, 'stochastic_d': 32, 'stochastic_lower': 32, 'stochastic_upper': 58, 'en_mfi': True, 'mfi_n': 22, 'mfi_lower': 29, 'mfi_upper': 80, 'en_bollinger': True, 'bollinger_n': 165, 'bollinger_k': 2.0, 'en_adx': False, 'adx_n': 59, 'adx_threshold': 47, 'en_structure_trend': False, 'structure_trend_swing_l': 20, 'en_order_block': True, 'order_block_swing_l': 16, 'en_fvg': False, 'fvg_lookback': 26, 'en_ifvg': True, 'en_breaker': False, 'breaker_swing_l': 12, 'en_cisd': True, 'k': 2, 'en_cap_bars': True, 'cap_1min': 1343}.
[I 2026-07-13 14:49:20,218] Trial 3565 pruned. 
[I 2026-07-13 14:49:20,793] Trial 3566 pruned. 
