[I 2026-07-13 15:33:24,361] Trial 1472 finished with values: [-175.79006171962064, -1653.6480719161873, 53.55] and parameters: {'sl_soft': 0.02102744692810867, 'sl_hard_delta': 0.02183482482285977, 'tp': 0.02345922914622859, 'gate_pct': 95.031393846183, 'dd_limit': 2.2956066343190273, 'cooldown': 9, 'flip': True, 'en_ema_trend': True, 'ema_trend_fast': 390, 'ema_trend_slow': 273, 'en_sma_trend': True, 'sma_trend_fast': 148, 'sma_trend_slow': 322, 'en_macd': False, 'macd_fast': 32, 'macd_slow': 168, 'macd_signal': 42, 'en_vwap': True, 'en_keltner': False, 'keltner_n': 42, 'keltner_m': 4.0, 'en_obv': False, 'obv_slope': 3, 'en_cci': True, 'cci_n': 108, 'cci_threshold': 135, 'en_rsi': False, 'rsi_n': 92, 'rsi_lower': 46, 'rsi_upper': 66, 'en_stochastic': False, 'stochastic_n': 79, 'stochastic_d': 49, 'stochastic_lower': 24, 'stochastic_upper': 79, 'en_mfi': True, 'mfi_n': 38, 'mfi_lower': 29, 'mfi_upper': 83, 'en_bollinger': True, 'bollinger_n': 11, 'bollinger_k': 0.8, 'en_adx': False, 'adx_n': 13, 'adx_threshold': 41, 'en_structure_trend': False, 'structure_trend_swing_l': 5, 'en_order_block': False, 'order_block_swing_l': 1, 'en_fvg': True, 'fvg_lookback': 33, 'en_ifvg': False, 'en_breaker': True, 'breaker_swing_l': 18, 'en_cisd': False, 'k': 2, 'en_cap_bars': False, 'cap_1min': 351}.
[I 2026-07-13 15:33:25,354] Trial 1473 pruned. 
[I 2026-07-13 15:33:26,435] Trial 1474 pruned. 
[I 2026-07-13 15:33:33,152] Trial 1475 finished with values: [-340.7577978742004, -7764.055330132036, 52.2] and parameters: {'sl_soft': 0.01998398987844476, 'sl_hard_delta': 0.017956019251315968, 'tp': 0.03279738638812957, 'gate_pct': 99.16215050807807, 'dd_limit': 6.998800575439505, 'cooldown': 0, 'flip': True, 'en_ema_trend': False, 'ema_trend_fast': 282, 'ema_trend_slow': 334, 'en_sma_trend': True, 'sma_trend_fast': 391, 'sma_trend_slow': 29, 'en_macd': True, 'macd_fast': 4, 'macd_slow': 191, 'macd_signal': 23, 'en_vwap': False, 'en_keltner': False, 'keltner_n': 87, 'keltner_m': 1.2000000000000002, 'en_obv': False, 'obv_slope': 68, 'en_cci': True, 'cci_n': 128, 'cci_threshold': 275, 'en_rsi': False, 'rsi_n': 41, 'rsi_lower': 20, 'rsi_upper': 65, 'en_stochastic': True, 'stochastic_n': 13, 'stochastic_d': 49, 'stochastic_lower': 36, 'stochastic_upper': 68, 'en_mfi': False, 'mfi_n': 72, 'mfi_lower': 28, 'mfi_upper': 51, 'en_bollinger': False, 'bollinger_n': 112, 'bollinger_k': 4.8, 'en_adx': False, 'adx_n': 90, 'adx_threshold': 29, 'en_structure_trend': False, 'structure_trend_swing_l': 9, 'en_order_block': False, 'order_block_swing_l': 7, 'en_fvg': False, 'fvg_lookback': 40, 'en_ifvg': False, 'en_breaker': True, 'breaker_swing_l': 16, 'en_cisd': False, 'k': 2, 'en_cap_bars': True, 'cap_1min': 1339}.
[I 2026-07-13 15:33:43,194] Trial 1476 finished with values: [-64.4787397608404, -722.0210624730328, 63.1] and parameters: {'sl_soft': 0.023138233233501303, 'sl_hard_delta': 0.0027263521951513352, 'tp': 0.01104713204540288, 'gate_pct': 88.44397898231887, 'dd_limit': 0.5820363533127576, 'cooldown': 5, 'flip': False, 'en_ema_trend': True, 'ema_trend_fast': 102, 'ema_trend_slow': 218, 'en_sma_trend': True, 'sma_trend_fast': 210, 'sma_trend_slow': 222, 'en_macd': False, 'macd_fast': 82, 'macd_slow': 127, 'macd_signal': 83, 'en_vwap': False, 'en_keltner': True, 'keltner_n': 70, 'keltner_m': 4.0, 'en_obv': True, 'obv_slope': 53, 'en_cci': False, 'cci_n': 77, 'cci_threshold': 135, 'en_rsi': True, 'rsi_n': 27, 'rsi_lower': 34, 'rsi_upper': 58, 'en_stochastic': True, 'stochastic_n': 75, 'stochastic_d': 32, 'stochastic_lower': 9, 'stochastic_upper': 76, 'en_mfi': True, 'mfi_n': 87, 'mfi_lower': 1, 'mfi_upper': 84, 'en_bollinger': True, 'bollinger_n': 176, 'bollinger_k': 2.2, 'en_adx': False, 'adx_n': 26, 'adx_threshold': 49, 'en_structure_trend': True, 'structure_trend_swing_l': 5, 'en_order_block': False, 'order_block_swing_l': 10, 'en_fvg': True, 'fvg_lookback': 39, 'en_ifvg': False, 'en_breaker': False, 'breaker_swing_l': 16, 'en_cisd': False, 'k': 5, 'en_cap_bars': False, 'cap_1min': 1109}.
[I 2026-07-13 15:33:46,199] Trial 1477 finished with values: [-440.8742895916973, -2489.211076422037, 42.900000000000006] and parameters: {'sl_soft': 0.012820739421266155, 'sl_hard_delta': 0.00793963460816193, 'tp': 0.021680684266425956, 'gate_pct': 99.95605949198794, 'dd_limit': 0.5820363533127576, 'cooldown': 13, 'flip': True, 'en_ema_trend': True, 'ema_trend_fast': 339, 'ema_trend_slow': 218, 'en_sma_trend': False, 'sma_trend_fast': 392, 'sma_trend_slow': 319, 'en_macd': False, 'macd_fast': 100, 'macd_slow': 150, 'macd_signal': 57, 'en_vwap': True, 'en_keltner': True, 'keltner_n': 70, 'keltner_m': 2.5, 'en_obv': True, 'obv_slope': 14, 'en_cci': True, 'cci_n': 135, 'cci_threshold': 155, 'en_rsi': True, 'rsi_n': 27, 'rsi_lower': 34, 'rsi_upper': 94, 'en_stochastic': False, 'stochastic_n': 75, 'stochastic_d': 35, 'stochastic_lower': 16, 'stochastic_upper': 76, 'en_mfi': False, 'mfi_n': 87, 'mfi_lower': 30, 'mfi_upper': 96, 'en_bollinger': False, 'bollinger_n': 44, 'bollinger_k': 3.8000000000000003, 'en_adx': False, 'adx_n': 16, 'adx_threshold': 12, 'en_structure_trend': True, 'structure_trend_swing_l': 6, 'en_order_block': False, 'order_block_swing_l': 3, 'en_fvg': False, 'fvg_lookback': 39, 'en_ifvg': False, 'en_breaker': True, 'breaker_swing_l': 16, 'en_cisd': False, 'k': 2, 'en_cap_bars': False, 'cap_1min': 368}.
[I 2026-07-13 15:33:47,216] Trial 1478 pruned. 
[I 2026-07-13 15:33:48,629] Trial 1479 finished with values: [-155.61857358793685, -2130.504250962559, 47.650000000000006] and parameters: {'sl_soft': 0.015396926007329708, 'sl_hard_delta': 0.01974966680532401, 'tp': 0.03279738638812957, 'gate_pct': 86.42595282114276, 'dd_limit': 6.998800575439505, 'cooldown': 0, 'flip': True, 'en_ema_trend': True, 'ema_trend_fast': 360, 'ema_trend_slow': 350, 'en_sma_trend': True, 'sma_trend_fast': 367, 'sma_trend_slow': 338, 'en_macd': True, 'macd_fast': 29, 'macd_slow': 88, 'macd_signal': 23, 'en_vwap': False, 'en_keltner': False, 'keltner_n': 87, 'keltner_m': 1.2000000000000002, 'en_obv': False, 'obv_slope': 87, 'en_cci': True, 'cci_n': 108, 'cci_threshold': 75, 'en_rsi': False, 'rsi_n': 42, 'rsi_lower': 18, 'rsi_upper': 74, 'en_stochastic': True, 'stochastic_n': 13, 'stochastic_d': 41, 'stochastic_lower': 36, 'stochastic_upper': 51, 'en_mfi': False, 'mfi_n': 6, 'mfi_lower': 32, 'mfi_upper': 96, 'en_bollinger': False, 'bollinger_n': 112, 'bollinger_k': 0.9, 'en_adx': False, 'adx_n': 79, 'adx_threshold': 29, 'en_structure_trend': False, 'structure_trend_swing_l': 7, 'en_order_block': False, 'order_block_swing_l': 11, 'en_fvg': False, 'fvg_lookback': 40, 'en_ifvg': True, 'en_breaker': True, 'breaker_swing_l': 11, 'en_cisd': False, 'k': 1, 'en_cap_bars': True, 'cap_1min': 77}.
[I 2026-07-13 15:33:50,647] Trial 1480 finished with values: [-200.4402560000251, -1923.977497400315, 45.849999999999994] and parameters: {'sl_soft': 0.02102744692810867, 'sl_hard_delta': 0.02183482482285977, 'tp': 0.04310350832060598, 'gate_pct': 95.031393846183, 'dd_limit': 0.7899894121384478, 'cooldown': 7, 'flip': True, 'en_ema_trend': False, 'ema_trend_fast': 390, 'ema_trend_slow': 187, 'en_sma_trend': True, 'sma_trend_fast': 148, 'sma_trend_slow': 299, 'en_macd': True, 'macd_fast': 32, 'macd_slow': 85, 'macd_signal': 83, 'en_vwap': True, 'en_keltner': True, 'keltner_n': 42, 'keltner_m': 4.0, 'en_obv': False, 'obv_slope': 3, 'en_cci': True, 'cci_n': 108, 'cci_threshold': 135, 'en_rsi': False, 'rsi_n': 92, 'rsi_lower': 46, 'rsi_upper': 66, 'en_stochastic': False, 'stochastic_n': 79, 'stochastic_d': 27, 'stochastic_lower': 20, 'stochastic_upper': 79, 'en_mfi': False, 'mfi_n': 38, 'mfi_lower': 29, 'mfi_upper': 83, 'en_bollinger': True, 'bollinger_n': 40, 'bollinger_k': 1.7000000000000002, 'en_adx': False, 'adx_n': 24, 'adx_threshold': 41, 'en_structure_trend': False, 'structure_trend_swing_l': 14, 'en_order_block': False, 'order_block_swing_l': 1, 'en_fvg': True, 'fvg_lookback': 33, 'en_ifvg': False, 'en_breaker': True, 'breaker_swing_l': 3, 'en_cisd': False, 'k': 5, 'en_cap_bars': True, 'cap_1min': 249}.
[I 2026-07-13 15:33:51,642] Trial 1481 finished with values: [-167.02305949069185, -1243.170150615782, 60.0] and parameters: {'sl_soft': 0.021655700989515334, 'sl_hard_delta': 0.003069903022346389, 'tp': 0.01219055325535965, 'gate_pct': 85.18598170405104, 'dd_limit': 1.7439494970493132, 'cooldown': 11, 'flip': False, 'en_ema_trend': True, 'ema_trend_fast': 384, 'ema_trend_slow': 150, 'en_sma_trend': False, 'sma_trend_fast': 265, 'sma_trend_slow': 383, 'en_macd': False, 'macd_fast': 49, 'macd_slow': 56, 'macd_signal': 60, 'en_vwap': True, 'en_keltner': True, 'keltner_n': 48, 'keltner_m': 3.8000000000000003, 'en_obv': True, 'obv_slope': 68, 'en_cci': True, 'cci_n': 141, 'cci_threshold': 160, 'en_rsi': True, 'rsi_n': 13, 'rsi_lower': 24, 'rsi_upper': 65, 'en_stochastic': False, 'stochastic_n': 86, 'stochastic_d': 11, 'stochastic_lower': 4, 'stochastic_upper': 92, 'en_mfi': True, 'mfi_n': 46, 'mfi_lower': 28, 'mfi_upper': 75, 'en_bollinger': True, 'bollinger_n': 22, 'bollinger_k': 3.4000000000000004, 'en_adx': False, 'adx_n': 68, 'adx_threshold': 58, 'en_structure_trend': False, 'structure_trend_swing_l': 20, 'en_order_block': False, 'order_block_swing_l': 2, 'en_fvg': True, 'fvg_lookback': 41, 'en_ifvg': False, 'en_breaker': False, 'breaker_swing_l': 3, 'en_cisd': False, 'k': 5, 'en_cap_bars': False, 'cap_1min': 898}.
[I 2026-07-13 15:33:56,124] Trial 1482 finished with values: [-645.9367855222986, -1730.5105827087525, 30.9] and parameters: {'sl_soft': 0.01729086981430308, 'sl_hard_delta': 0.005903565269029506, 'tp': 0.035245255052063384, 'gate_pct': 97.28704165170988, 'dd_limit': 0.5820363533127576, 'cooldown': 7, 'flip': True, 'en_ema_trend': False, 'ema_trend_fast': 339, 'ema_trend_slow': 218, 'en_sma_trend': False, 'sma_trend_fast': 210, 'sma_trend_slow': 185, 'en_macd': False, 'macd_fast': 100, 'macd_slow': 161, 'macd_signal': 18, 'en_vwap': True, 'en_keltner': True, 'keltner_n': 70, 'keltner_m': 3.3000000000000003, 'en_obv': False, 'obv_slope': 36, 'en_cci': True, 'cci_n': 135, 'cci_threshold': 190, 'en_rsi': True, 'rsi_n': 27, 'rsi_lower': 34, 'rsi_upper': 70, 'en_stochastic': False, 'stochastic_n': 62, 'stochastic_d': 2, 'stochastic_lower': 16, 'stochastic_upper': 76, 'en_mfi': True, 'mfi_n': 87, 'mfi_lower': 12, 'mfi_upper': 58, 'en_bollinger': True, 'bollinger_n': 15, 'bollinger_k': 3.8000000000000003, 'en_adx': False, 'adx_n': 26, 'adx_threshold': 49, 'en_structure_trend': True, 'structure_trend_swing_l': 9, 'en_order_block': False, 'order_block_swing_l': 9, 'en_fvg': False, 'fvg_lookback': 34, 'en_ifvg': False, 'en_breaker': False, 'breaker_swing_l': 11, 'en_cisd': False, 'k': 2, 'en_cap_bars': False, 'cap_1min': 456}.
[I 2026-07-13 15:34:01,298] Trial 1483 finished with values: [-191.1098424795199, -658.3979860941724, 45.2] and parameters: {'sl_soft': 0.012449898143873723, 'sl_hard_delta': 0.00793963460816193, 'tp': 0.01104713204540288, 'gate_pct': 99.52194572971088, 'dd_limit': 0.5820363533127576, 'cooldown': 20, 'flip': False, 'en_ema_trend': True, 'ema_trend_fast': 323, 'ema_trend_slow': 294, 'en_sma_trend': True, 'sma_trend_fast': 210, 'sma_trend_slow': 58, 'en_macd': False, 'macd_fast': 100, 'macd_slow': 150, 'macd_signal': 18, 'en_vwap': True, 'en_keltner': True, 'keltner_n': 56, 'keltner_m': 2.3, 'en_obv': True, 'obv_slope': 36, 'en_cci': True, 'cci_n': 10, 'cci_threshold': 180, 'en_rsi': True, 'rsi_n': 27, 'rsi_lower': 36, 'rsi_upper': 94, 'en_stochastic': True, 'stochastic_n': 75, 'stochastic_d': 35, 'stochastic_lower': 16, 'stochastic_upper': 76, 'en_mfi': False, 'mfi_n': 9, 'mfi_lower': 1, 'mfi_upper': 80, 'en_bollinger': False, 'bollinger_n': 81, 'bollinger_k': 3.8000000000000003, 'en_adx': False, 'adx_n': 32, 'adx_threshold': 49, 'en_structure_trend': True, 'structure_trend_swing_l': 5, 'en_order_block': True, 'order_block_swing_l': 4, 'en_fvg': True, 'fvg_lookback': 37, 'en_ifvg': False, 'en_breaker': False, 'breaker_swing_l': 15, 'en_cisd': False, 'k': 1, 'en_cap_bars': False, 'cap_1min': 1239}.
[I 2026-07-13 15:34:05,425] Trial 1484 pruned. 
[I 2026-07-13 15:34:06,087] Trial 1485 finished with values: [-181.90559755732136, -6396.586091941591, 61.95] and parameters: {'sl_soft': 0.015396926007329708, 'sl_hard_delta': 0.01974966680532401, 'tp': 0.018803392344604333, 'gate_pct': 86.42595282114276, 'dd_limit': 6.998800575439505, 'cooldown': 0, 'flip': True, 'en_ema_trend': False, 'ema_trend_fast': 360, 'ema_trend_slow': 350, 'en_sma_trend': True, 'sma_trend_fast': 331, 'sma_trend_slow': 12, 'en_macd': True, 'macd_fast': 29, 'macd_slow': 88, 'macd_signal': 23, 'en_vwap': False, 'en_keltner': False, 'keltner_n': 61, 'keltner_m': 5.0, 'en_obv': True, 'obv_slope': 192, 'en_cci': False, 'cci_n': 78, 'cci_threshold': 25, 'en_rsi': False, 'rsi_n': 42, 'rsi_lower': 12, 'rsi_upper': 77, 'en_stochastic': False, 'stochastic_n': 97, 'stochastic_d': 49, 'stochastic_lower': 17, 'stochastic_upper': 91, 'en_mfi': False, 'mfi_n': 77, 'mfi_lower': 32, 'mfi_upper': 85, 'en_bollinger': False, 'bollinger_n': 56, 'bollinger_k': 0.5, 'en_adx': False, 'adx_n': 35, 'adx_threshold': 29, 'en_structure_trend': True, 'structure_trend_swing_l': 13, 'en_order_block': False, 'order_block_swing_l': 4, 'en_fvg': False, 'fvg_lookback': 47, 'en_ifvg': True, 'en_breaker': True, 'breaker_swing_l': 13, 'en_cisd': False, 'k': 3, 'en_cap_bars': True, 'cap_1min': 77}.
[I 2026-07-13 15:34:06,401] Trial 1486 finished with values: [-19.105509730401593, -716.0524767204635, 40.0] and parameters: {'sl_soft': 0.023138233233501303, 'sl_hard_delta': 0.0027263521951513352, 'tp': 0.03784160265645054, 'gate_pct': 97.17867644536658, 'dd_limit': 2.802293197200579, 'cooldown': 15, 'flip': False, 'en_ema_trend': False, 'ema_trend_fast': 102, 'ema_trend_slow': 298, 'en_sma_trend': True, 'sma_trend_fast': 89, 'sma_trend_slow': 222, 'en_macd': False, 'macd_fast': 82, 'macd_slow': 127, 'macd_signal': 83, 'en_vwap': False, 'en_keltner': False, 'keltner_n': 52, 'keltner_m': 4.8, 'en_obv': True, 'obv_slope': 53, 'en_cci': False, 'cci_n': 77, 'cci_threshold': 75, 'en_rsi': False, 'rsi_n': 68, 'rsi_lower': 49, 'rsi_upper': 58, 'en_stochastic': True, 'stochastic_n': 97, 'stochastic_d': 32, 'stochastic_lower': 9, 'stochastic_upper': 93, 'en_mfi': False, 'mfi_n': 39, 'mfi_lower': 27, 'mfi_upper': 84, 'en_bollinger': False, 'bollinger_n': 14, 'bollinger_k': 2.2, 'en_adx': False, 'adx_n': 85, 'adx_threshold': 40, 'en_structure_trend': True, 'structure_trend_swing_l': 20, 'en_order_block': True, 'order_block_swing_l': 10, 'en_fvg': True, 'fvg_lookback': 46, 'en_ifvg': True, 'en_breaker': False, 'breaker_swing_l': 16, 'en_cisd': True, 'k': 5, 'en_cap_bars': True, 'cap_1min': 1032}.
[I 2026-07-13 15:34:07,181] Trial 1487 pruned. 
[I 2026-07-13 15:34:07,883] Trial 1488 pruned. 
[I 2026-07-13 15:34:08,215] Trial 1489 pruned. 
[I 2026-07-13 15:34:11,166] Trial 1490 finished with values: [-500.84208456873114, -4429.789112087679, 53.3] and parameters: {'sl_soft': 0.012449898143873723, 'sl_hard_delta': 0.00793963460816193, 'tp': 0.01104713204540288, 'gate_pct': 91.49650994027499, 'dd_limit': 8.990165933787594, 'cooldown': 5, 'flip': False, 'en_ema_trend': True, 'ema_trend_fast': 270, 'ema_trend_slow': 218, 'en_sma_trend': True, 'sma_trend_fast': 210, 'sma_trend_slow': 185, 'en_macd': False, 'macd_fast': 100, 'macd_slow': 127, 'macd_signal': 57, 'en_vwap': False, 'en_keltner': False, 'keltner_n': 59, 'keltner_m': 1.3, 'en_obv': True, 'obv_slope': 85, 'en_cci': True, 'cci_n': 135, 'cci_threshold': 135, 'en_rsi': True, 'rsi_n': 79, 'rsi_lower': 34, 'rsi_upper': 89, 'en_stochastic': False, 'stochastic_n': 75, 'stochastic_d': 16, 'stochastic_lower': 37, 'stochastic_upper': 91, 'en_mfi': True, 'mfi_n': 87, 'mfi_lower': 1, 'mfi_upper': 80, 'en_bollinger': True, 'bollinger_n': 54, 'bollinger_k': 2.3, 'en_adx': False, 'adx_n': 41, 'adx_threshold': 49, 'en_structure_trend': False, 'structure_trend_swing_l': 5, 'en_order_block': True, 'order_block_swing_l': 10, 'en_fvg': False, 'fvg_lookback': 39, 'en_ifvg': False, 'en_breaker': True, 'breaker_swing_l': 17, 'en_cisd': False, 'k': 2, 'en_cap_bars': True, 'cap_1min': 61}.
[I 2026-07-13 15:34:11,669] Trial 1491 finished with values: [-176.53337182812479, -1048.954647103706, 53.55] and parameters: {'sl_soft': 0.016801614678568503, 'sl_hard_delta': 0.01621542066297969, 'tp': 0.020063237332449173, 'gate_pct': 97.63944028945558, 'dd_limit': 0.6268932004087474, 'cooldown': 12, 'flip': True, 'en_ema_trend': True, 'ema_trend_fast': 272, 'ema_trend_slow': 41, 'en_sma_trend': False, 'sma_trend_fast': 196, 'sma_trend_slow': 292, 'en_macd': False, 'macd_fast': 42, 'macd_slow': 3, 'macd_signal': 44, 'en_vwap': True, 'en_keltner': True, 'keltner_n': 123, 'keltner_m': 1.9000000000000001, 'en_obv': True, 'obv_slope': 38, 'en_cci': False, 'cci_n': 10, 'cci_threshold': 255, 'en_rsi': False, 'rsi_n': 83, 'rsi_lower': 22, 'rsi_upper': 79, 'en_stochastic': True, 'stochastic_n': 77, 'stochastic_d': 1, 'stochastic_lower': 33, 'stochastic_upper': 61, 'en_mfi': False, 'mfi_n': 67, 'mfi_lower': 12, 'mfi_upper': 90, 'en_bollinger': True, 'bollinger_n': 81, 'bollinger_k': 2.6, 'en_adx': False, 'adx_n': 96, 'adx_threshold': 50, 'en_structure_trend': False, 'structure_trend_swing_l': 5, 'en_order_block': True, 'order_block_swing_l': 4, 'en_fvg': True, 'fvg_lookback': 16, 'en_ifvg': True, 'en_breaker': False, 'breaker_swing_l': 15, 'en_cisd': False, 'k': 1, 'en_cap_bars': False, 'cap_1min': 6}.
[I 2026-07-13 15:34:12,845] Trial 1492 finished with values: [79.28291594495818, -266.8105370701923, 63.05] and parameters: {'sl_soft': 0.012509702096079985, 'sl_hard_delta': 0.020015892548318943, 'tp': 0.015844540937381565, 'gate_pct': 82.44068600536416, 'dd_limit': 3.6765110954600555, 'cooldown': 30, 'flip': False, 'en_ema_trend': True, 'ema_trend_fast': 91, 'ema_trend_slow': 109, 'en_sma_trend': False, 'sma_trend_fast': 268, 'sma_trend_slow': 242, 'en_macd': False, 'macd_fast': 88, 'macd_slow': 96, 'macd_signal': 24, 'en_vwap': True, 'en_keltner': False, 'keltner_n': 43, 'keltner_m': 0.9, 'en_obv': True, 'obv_slope': 158, 'en_cci': True, 'cci_n': 128, 'cci_threshold': 230, 'en_rsi': False, 'rsi_n': 59, 'rsi_lower': 11, 'rsi_upper': 55, 'en_stochastic': False, 'stochastic_n': 71, 'stochastic_d': 14, 'stochastic_lower': 40, 'stochastic_upper': 72, 'en_mfi': False, 'mfi_n': 66, 'mfi_lower': 13, 'mfi_upper': 99, 'en_bollinger': True, 'bollinger_n': 127, 'bollinger_k': 2.7, 'en_adx': False, 'adx_n': 40, 'adx_threshold': 7, 'en_structure_trend': False, 'structure_trend_swing_l': 11, 'en_order_block': True, 'order_block_swing_l': 12, 'en_fvg': False, 'fvg_lookback': 38, 'en_ifvg': True, 'en_breaker': False, 'breaker_swing_l': 15, 'en_cisd': False, 'k': 2, 'en_cap_bars': True, 'cap_1min': 1013}.
[I 2026-07-13 15:34:14,892] Trial 1493 pruned. 
[I 2026-07-13 15:34:17,034] Trial 1494 finished with values: [70.81434939104625, -1186.9188039420565, 39.7] and parameters: {'sl_soft': 0.02075319889461138, 'sl_hard_delta': 0.0021822480591295163, 'tp': 0.03784160265645054, 'gate_pct': 82.44068600536416, 'dd_limit': 8.990165933787594, 'cooldown': 15, 'flip': False, 'en_ema_trend': True, 'ema_trend_fast': 57, 'ema_trend_slow': 91, 'en_sma_trend': True, 'sma_trend_fast': 22, 'sma_trend_slow': 100, 'en_macd': False, 'macd_fast': 48, 'macd_slow': 127, 'macd_signal': 30, 'en_vwap': False, 'en_keltner': True, 'keltner_n': 43, 'keltner_m': 0.9, 'en_obv': True, 'obv_slope': 158, 'en_cci': False, 'cci_n': 118, 'cci_threshold': 230, 'en_rsi': False, 'rsi_n': 79, 'rsi_lower': 20, 'rsi_upper': 89, 'en_stochastic': False, 'stochastic_n': 71, 'stochastic_d': 4, 'stochastic_lower': 37, 'stochastic_upper': 91, 'en_mfi': True, 'mfi_n': 66, 'mfi_lower': 27, 'mfi_upper': 71, 'en_bollinger': True, 'bollinger_n': 54, 'bollinger_k': 4.300000000000001, 'en_adx': False, 'adx_n': 41, 'adx_threshold': 7, 'en_structure_trend': False, 'structure_trend_swing_l': 9, 'en_order_block': True, 'order_block_swing_l': 18, 'en_fvg': False, 'fvg_lookback': 38, 'en_ifvg': False, 'en_breaker': False, 'breaker_swing_l': 17, 'en_cisd': True, 'k': 2, 'en_cap_bars': True, 'cap_1min': 1013}.
[I 2026-07-13 15:34:20,152] Trial 1495 finished with values: [-1286.036472744385, -13731.211452829628, 69.19999999999999] and parameters: {'sl_soft': 0.028493661686441754, 'sl_hard_delta': 0.01974966680532401, 'tp': 0.01104713204540288, 'gate_pct': 86.19964173782641, 'dd_limit': 0.5820363533127576, 'cooldown': 0, 'flip': False, 'en_ema_trend': False, 'ema_trend_fast': 339, 'ema_trend_slow': 350, 'en_sma_trend': False, 'sma_trend_fast': 391, 'sma_trend_slow': 19, 'en_macd': False, 'macd_fast': 100, 'macd_slow': 191, 'macd_signal': 57, 'en_vwap': False, 'en_keltner': False, 'keltner_n': 87, 'keltner_m': 1.2000000000000002, 'en_obv': True, 'obv_slope': 192, 'en_cci': True, 'cci_n': 108, 'cci_threshold': 175, 'en_rsi': True, 'rsi_n': 73, 'rsi_lower': 18, 'rsi_upper': 75, 'en_stochastic': False, 'stochastic_n': 13, 'stochastic_d': 49, 'stochastic_lower': 16, 'stochastic_upper': 51, 'en_mfi': True, 'mfi_n': 72, 'mfi_lower': 8, 'mfi_upper': 85, 'en_bollinger': True, 'bollinger_n': 112, 'bollinger_k': 3.8000000000000003, 'en_adx': False, 'adx_n': 79, 'adx_threshold': 43, 'en_structure_trend': False, 'structure_trend_swing_l': 14, 'en_order_block': False, 'order_block_swing_l': 9, 'en_fvg': False, 'fvg_lookback': 40, 'en_ifvg': True, 'en_breaker': True, 'breaker_swing_l': 16, 'en_cisd': False, 'k': 3, 'en_cap_bars': True, 'cap_1min': 241}.
