[I 2026-07-13 14:44:42,423] Trial 3465 finished with values: [-4396.585422958222, -10811.275132269493, 33.7] and parameters: {'sl_soft': 0.09151792323686637, 'sl_hard_delta': 0.2303434700470846, 'tp': 0.3112134405025989, 'gate_pct': 97.00844078669539, 'dd_limit': 6.5154853630492955, 'cooldown': 0, 'flip': True, 'en_ema_trend': True, 'ema_trend_fast': 23, 'ema_trend_slow': 133, 'en_sma_trend': True, 'sma_trend_fast': 265, 'sma_trend_slow': 50, 'en_macd': True, 'macd_fast': 18, 'macd_slow': 88, 'macd_signal': 98, 'en_vwap': False, 'en_keltner': False, 'keltner_n': 79, 'keltner_m': 0.8, 'en_obv': False, 'obv_slope': 92, 'en_cci': True, 'cci_n': 172, 'cci_threshold': 290, 'en_rsi': True, 'rsi_n': 56, 'rsi_lower': 28, 'rsi_upper': 74, 'en_stochastic': False, 'stochastic_n': 98, 'stochastic_d': 6, 'stochastic_lower': 21, 'stochastic_upper': 94, 'en_mfi': True, 'mfi_n': 28, 'mfi_lower': 27, 'mfi_upper': 51, 'en_bollinger': False, 'bollinger_n': 172, 'bollinger_k': 0.5, 'en_adx': False, 'adx_n': 11, 'adx_threshold': 17, 'en_structure_trend': False, 'structure_trend_swing_l': 1, 'en_order_block': True, 'order_block_swing_l': 20, 'en_fvg': True, 'fvg_lookback': 24, 'en_ifvg': False, 'en_breaker': False, 'breaker_swing_l': 13, 'en_cisd': False, 'k': 4, 'en_cap_bars': False, 'cap_1min': 59}.
[I 2026-07-13 14:44:43,779] Trial 3466 finished with values: [-19.630807214419292, -3340.992440064916, 29.15] and parameters: {'sl_soft': 0.05035573196257478, 'sl_hard_delta': 0.039849065565949165, 'tp': 0.20741590457257697, 'gate_pct': 97.28704165170988, 'dd_limit': 0.7627381108845042, 'cooldown': 2, 'flip': False, 'en_ema_trend': False, 'ema_trend_fast': 342, 'ema_trend_slow': 182, 'en_sma_trend': False, 'sma_trend_fast': 313, 'sma_trend_slow': 319, 'en_macd': True, 'macd_fast': 10, 'macd_slow': 3, 'macd_signal': 52, 'en_vwap': True, 'en_keltner': True, 'keltner_n': 123, 'keltner_m': 3.5, 'en_obv': True, 'obv_slope': 179, 'en_cci': True, 'cci_n': 166, 'cci_threshold': 145, 'en_rsi': False, 'rsi_n': 72, 'rsi_lower': 1, 'rsi_upper': 58, 'en_stochastic': False, 'stochastic_n': 62, 'stochastic_d': 2, 'stochastic_lower': 40, 'stochastic_upper': 98, 'en_mfi': False, 'mfi_n': 8, 'mfi_lower': 29, 'mfi_upper': 80, 'en_bollinger': True, 'bollinger_n': 155, 'bollinger_k': 2.0, 'en_adx': False, 'adx_n': 91, 'adx_threshold': 47, 'en_structure_trend': True, 'structure_trend_swing_l': 9, 'en_order_block': True, 'order_block_swing_l': 16, 'en_fvg': False, 'fvg_lookback': 19, 'en_ifvg': True, 'en_breaker': True, 'breaker_swing_l': 8, 'en_cisd': False, 'k': 3, 'en_cap_bars': False, 'cap_1min': 591}.
[I 2026-07-13 14:44:46,327] Trial 3467 finished with values: [1918.2016075389542, -4116.296176159366, 43.8] and parameters: {'sl_soft': 0.09577715710936688, 'sl_hard_delta': 0.15369551862511335, 'tp': 0.3112134405025989, 'gate_pct': 99.2091305706916, 'dd_limit': 6.921955355235141, 'cooldown': 1, 'flip': True, 'en_ema_trend': False, 'ema_trend_fast': 399, 'ema_trend_slow': 133, 'en_sma_trend': True, 'sma_trend_fast': 288, 'sma_trend_slow': 379, 'en_macd': True, 'macd_fast': 38, 'macd_slow': 158, 'macd_signal': 7, 'en_vwap': True, 'en_keltner': False, 'keltner_n': 60, 'keltner_m': 4.7, 'en_obv': True, 'obv_slope': 162, 'en_cci': True, 'cci_n': 125, 'cci_threshold': 25, 'en_rsi': False, 'rsi_n': 74, 'rsi_lower': 30, 'rsi_upper': 74, 'en_stochastic': False, 'stochastic_n': 17, 'stochastic_d': 6, 'stochastic_lower': 36, 'stochastic_upper': 94, 'en_mfi': True, 'mfi_n': 28, 'mfi_lower': 42, 'mfi_upper': 93, 'en_bollinger': True, 'bollinger_n': 172, 'bollinger_k': 0.5, 'en_adx': False, 'adx_n': 2, 'adx_threshold': 57, 'en_structure_trend': False, 'structure_trend_swing_l': 1, 'en_order_block': False, 'order_block_swing_l': 18, 'en_fvg': False, 'fvg_lookback': 50, 'en_ifvg': False, 'en_breaker': False, 'breaker_swing_l': 13, 'en_cisd': True, 'k': 1, 'en_cap_bars': False, 'cap_1min': 540}.
[I 2026-07-13 14:44:47,087] Trial 3468 pruned. 
[I 2026-07-13 14:44:49,394] Trial 3469 finished with values: [-1055.286022931963, -5169.941042348685, 59.9] and parameters: {'sl_soft': 0.09151792323686637, 'sl_hard_delta': 0.014838873219692326, 'tp': 0.055000694192206434, 'gate_pct': 99.60506126830711, 'dd_limit': 3.021375135532224, 'cooldown': 0, 'flip': True, 'en_ema_trend': False, 'ema_trend_fast': 279, 'ema_trend_slow': 212, 'en_sma_trend': True, 'sma_trend_fast': 265, 'sma_trend_slow': 268, 'en_macd': True, 'macd_fast': 18, 'macd_slow': 189, 'macd_signal': 98, 'en_vwap': True, 'en_keltner': False, 'keltner_n': 153, 'keltner_m': 2.8000000000000003, 'en_obv': True, 'obv_slope': 165, 'en_cci': True, 'cci_n': 100, 'cci_threshold': 125, 'en_rsi': True, 'rsi_n': 71, 'rsi_lower': 28, 'rsi_upper': 90, 'en_stochastic': False, 'stochastic_n': 52, 'stochastic_d': 49, 'stochastic_lower': 14, 'stochastic_upper': 78, 'en_mfi': True, 'mfi_n': 97, 'mfi_lower': 27, 'mfi_upper': 51, 'en_bollinger': False, 'bollinger_n': 7, 'bollinger_k': 1.7000000000000002, 'en_adx': False, 'adx_n': 11, 'adx_threshold': 17, 'en_structure_trend': False, 'structure_trend_swing_l': 3, 'en_order_block': False, 'order_block_swing_l': 3, 'en_fvg': True, 'fvg_lookback': 18, 'en_ifvg': True, 'en_breaker': True, 'breaker_swing_l': 16, 'en_cisd': False, 'k': 1, 'en_cap_bars': True, 'cap_1min': 1243}.
[I 2026-07-13 14:44:49,885] Trial 3470 finished with values: [169.4794178719219, -12172.173869260268, 46.15] and parameters: {'sl_soft': 0.12174654867177476, 'sl_hard_delta': 0.014350358172465482, 'tp': 0.18428956232433139, 'gate_pct': 99.05474859810846, 'dd_limit': 6.765861714329133, 'cooldown': 4, 'flip': False, 'en_ema_trend': True, 'ema_trend_fast': 39, 'ema_trend_slow': 45, 'en_sma_trend': True, 'sma_trend_fast': 136, 'sma_trend_slow': 311, 'en_macd': True, 'macd_fast': 43, 'macd_slow': 123, 'macd_signal': 71, 'en_vwap': False, 'en_keltner': True, 'keltner_n': 56, 'keltner_m': 4.8, 'en_obv': False, 'obv_slope': 64, 'en_cci': True, 'cci_n': 115, 'cci_threshold': 60, 'en_rsi': False, 'rsi_n': 53, 'rsi_lower': 12, 'rsi_upper': 98, 'en_stochastic': False, 'stochastic_n': 66, 'stochastic_d': 10, 'stochastic_lower': 19, 'stochastic_upper': 86, 'en_mfi': False, 'mfi_n': 33, 'mfi_lower': 28, 'mfi_upper': 83, 'en_bollinger': True, 'bollinger_n': 188, 'bollinger_k': 4.0, 'en_adx': False, 'adx_n': 72, 'adx_threshold': 54, 'en_structure_trend': True, 'structure_trend_swing_l': 18, 'en_order_block': True, 'order_block_swing_l': 3, 'en_fvg': False, 'fvg_lookback': 21, 'en_ifvg': False, 'en_breaker': False, 'breaker_swing_l': 14, 'en_cisd': False, 'k': 2, 'en_cap_bars': True, 'cap_1min': 1261}.
[I 2026-07-13 14:45:00,103] Trial 3471 finished with values: [-362.8099226068399, -10713.24733931096, 54.35] and parameters: {'sl_soft': 0.1955008004678873, 'sl_hard_delta': 0.2476078025833433, 'tp': 0.19110422394207255, 'gate_pct': 98.67302380660169, 'dd_limit': 2.4528084273798805, 'cooldown': 1, 'flip': False, 'en_ema_trend': False, 'ema_trend_fast': 279, 'ema_trend_slow': 182, 'en_sma_trend': True, 'sma_trend_fast': 334, 'sma_trend_slow': 319, 'en_macd': False, 'macd_fast': 18, 'macd_slow': 3, 'macd_signal': 65, 'en_vwap': False, 'en_keltner': True, 'keltner_n': 48, 'keltner_m': 2.8000000000000003, 'en_obv': False, 'obv_slope': 179, 'en_cci': True, 'cci_n': 100, 'cci_threshold': 125, 'en_rsi': True, 'rsi_n': 71, 'rsi_lower': 47, 'rsi_upper': 58, 'en_stochastic': True, 'stochastic_n': 82, 'stochastic_d': 17, 'stochastic_lower': 14, 'stochastic_upper': 98, 'en_mfi': True, 'mfi_n': 62, 'mfi_lower': 29, 'mfi_upper': 97, 'en_bollinger': False, 'bollinger_n': 7, 'bollinger_k': 2.0, 'en_adx': False, 'adx_n': 91, 'adx_threshold': 47, 'en_structure_trend': False, 'structure_trend_swing_l': 11, 'en_order_block': True, 'order_block_swing_l': 3, 'en_fvg': False, 'fvg_lookback': 19, 'en_ifvg': True, 'en_breaker': True, 'breaker_swing_l': 10, 'en_cisd': False, 'k': 1, 'en_cap_bars': True, 'cap_1min': 1243}.
[I 2026-07-13 14:45:00,343] Trial 3472 pruned. 
[I 2026-07-13 14:45:00,711] Trial 3473 finished with values: [-3080.496355551112, -10327.271436047311, 38.599999999999994] and parameters: {'sl_soft': 0.14661985206139194, 'sl_hard_delta': 0.02850668921287187, 'tp': 0.2287776902720733, 'gate_pct': 99.87519113241727, 'dd_limit': 9.028715067859354, 'cooldown': 0, 'flip': True, 'en_ema_trend': True, 'ema_trend_fast': 8, 'ema_trend_slow': 55, 'en_sma_trend': True, 'sma_trend_fast': 61, 'sma_trend_slow': 324, 'en_macd': False, 'macd_fast': 93, 'macd_slow': 49, 'macd_signal': 75, 'en_vwap': True, 'en_keltner': True, 'keltner_n': 124, 'keltner_m': 4.8, 'en_obv': True, 'obv_slope': 167, 'en_cci': True, 'cci_n': 11, 'cci_threshold': 80, 'en_rsi': False, 'rsi_n': 62, 'rsi_lower': 40, 'rsi_upper': 93, 'en_stochastic': False, 'stochastic_n': 91, 'stochastic_d': 9, 'stochastic_lower': 1, 'stochastic_upper': 91, 'en_mfi': True, 'mfi_n': 46, 'mfi_lower': 11, 'mfi_upper': 54, 'en_bollinger': True, 'bollinger_n': 192, 'bollinger_k': 4.1, 'en_adx': False, 'adx_n': 16, 'adx_threshold': 14, 'en_structure_trend': True, 'structure_trend_swing_l': 13, 'en_order_block': True, 'order_block_swing_l': 16, 'en_fvg': True, 'fvg_lookback': 29, 'en_ifvg': False, 'en_breaker': True, 'breaker_swing_l': 3, 'en_cisd': False, 'k': 5, 'en_cap_bars': False, 'cap_1min': 220}.
[I 2026-07-13 14:45:01,893] Trial 3474 pruned. 
[I 2026-07-13 14:45:02,869] Trial 3475 finished with values: [6862.41320109147, -38667.085982937875, 56.75] and parameters: {'sl_soft': 0.16539914172418438, 'sl_hard_delta': 0.0750454693377435, 'tp': 0.1830541872143402, 'gate_pct': 94.04749196649728, 'dd_limit': 2.2378945291746732, 'cooldown': 1, 'flip': False, 'en_ema_trend': False, 'ema_trend_fast': 261, 'ema_trend_slow': 255, 'en_sma_trend': True, 'sma_trend_fast': 177, 'sma_trend_slow': 351, 'en_macd': True, 'macd_fast': 61, 'macd_slow': 93, 'macd_signal': 38, 'en_vwap': True, 'en_keltner': False, 'keltner_n': 9, 'keltner_m': 0.5, 'en_obv': True, 'obv_slope': 155, 'en_cci': False, 'cci_n': 112, 'cci_threshold': 180, 'en_rsi': True, 'rsi_n': 78, 'rsi_lower': 9, 'rsi_upper': 63, 'en_stochastic': False, 'stochastic_n': 45, 'stochastic_d': 43, 'stochastic_lower': 33, 'stochastic_upper': 60, 'en_mfi': False, 'mfi_n': 99, 'mfi_lower': 43, 'mfi_upper': 62, 'en_bollinger': True, 'bollinger_n': 189, 'bollinger_k': 5.0, 'en_adx': False, 'adx_n': 37, 'adx_threshold': 12, 'en_structure_trend': False, 'structure_trend_swing_l': 7, 'en_order_block': True, 'order_block_swing_l': 18, 'en_fvg': False, 'fvg_lookback': 44, 'en_ifvg': False, 'en_breaker': True, 'breaker_swing_l': 11, 'en_cisd': False, 'k': 2, 'en_cap_bars': False, 'cap_1min': 461}.
[I 2026-07-13 14:45:05,090] Trial 3476 pruned. 
[I 2026-07-13 14:45:10,781] Trial 3477 finished with values: [3.297658715997045, -3500.720365919854, 50.15] and parameters: {'sl_soft': 0.10644993879788506, 'sl_hard_delta': 0.052716452395929286, 'tp': 0.14985592681603982, 'gate_pct': 99.43810192295578, 'dd_limit': 5.937758572987326, 'cooldown': 1, 'flip': False, 'en_ema_trend': False, 'ema_trend_fast': 213, 'ema_trend_slow': 100, 'en_sma_trend': True, 'sma_trend_fast': 81, 'sma_trend_slow': 336, 'en_macd': False, 'macd_fast': 55, 'macd_slow': 125, 'macd_signal': 6, 'en_vwap': True, 'en_keltner': True, 'keltner_n': 33, 'keltner_m': 2.3, 'en_obv': True, 'obv_slope': 26, 'en_cci': False, 'cci_n': 172, 'cci_threshold': 130, 'en_rsi': False, 'rsi_n': 14, 'rsi_lower': 49, 'rsi_upper': 52, 'en_stochastic': True, 'stochastic_n': 89, 'stochastic_d': 25, 'stochastic_lower': 20, 'stochastic_upper': 66, 'en_mfi': False, 'mfi_n': 14, 'mfi_lower': 19, 'mfi_upper': 78, 'en_bollinger': True, 'bollinger_n': 2, 'bollinger_k': 3.8000000000000003, 'en_adx': False, 'adx_n': 5, 'adx_threshold': 13, 'en_structure_trend': False, 'structure_trend_swing_l': 18, 'en_order_block': False, 'order_block_swing_l': 5, 'en_fvg': True, 'fvg_lookback': 22, 'en_ifvg': True, 'en_breaker': False, 'breaker_swing_l': 7, 'en_cisd': False, 'k': 4, 'en_cap_bars': True, 'cap_1min': 457}.
[I 2026-07-13 14:45:13,222] Trial 3478 pruned. 
[I 2026-07-13 14:45:17,363] Trial 3479 finished with values: [-768.5547714811308, -18220.44644781691, 31.85] and parameters: {'sl_soft': 0.03831170427958211, 'sl_hard_delta': 0.17205901873591917, 'tp': 0.2247798264915968, 'gate_pct': 97.52011350142476, 'dd_limit': 3.177401405918999, 'cooldown': 1, 'flip': False, 'en_ema_trend': False, 'ema_trend_fast': 269, 'ema_trend_slow': 112, 'en_sma_trend': True, 'sma_trend_fast': 232, 'sma_trend_slow': 138, 'en_macd': True, 'macd_fast': 16, 'macd_slow': 21, 'macd_signal': 43, 'en_vwap': False, 'en_keltner': True, 'keltner_n': 160, 'keltner_m': 2.3, 'en_obv': True, 'obv_slope': 99, 'en_cci': True, 'cci_n': 20, 'cci_threshold': 105, 'en_rsi': True, 'rsi_n': 97, 'rsi_lower': 29, 'rsi_upper': 90, 'en_stochastic': False, 'stochastic_n': 67, 'stochastic_d': 40, 'stochastic_lower': 28, 'stochastic_upper': 79, 'en_mfi': False, 'mfi_n': 41, 'mfi_lower': 2, 'mfi_upper': 79, 'en_bollinger': False, 'bollinger_n': 143, 'bollinger_k': 2.6, 'en_adx': False, 'adx_n': 77, 'adx_threshold': 11, 'en_structure_trend': True, 'structure_trend_swing_l': 3, 'en_order_block': True, 'order_block_swing_l': 16, 'en_fvg': False, 'fvg_lookback': 34, 'en_ifvg': True, 'en_breaker': False, 'breaker_swing_l': 14, 'en_cisd': False, 'k': 4, 'en_cap_bars': False, 'cap_1min': 535}.
[I 2026-07-13 14:45:19,028] Trial 3480 finished with values: [2441.1979920372137, -7115.360303345143, 37.05] and parameters: {'sl_soft': 0.05035573196257478, 'sl_hard_delta': 0.039849065565949165, 'tp': 0.22717864419781153, 'gate_pct': 94.62373247947275, 'dd_limit': 0.7627381108845042, 'cooldown': 1, 'flip': False, 'en_ema_trend': False, 'ema_trend_fast': 197, 'ema_trend_slow': 304, 'en_sma_trend': False, 'sma_trend_fast': 360, 'sma_trend_slow': 35, 'en_macd': True, 'macd_fast': 80, 'macd_slow': 41, 'macd_signal': 18, 'en_vwap': True, 'en_keltner': True, 'keltner_n': 123, 'keltner_m': 3.5, 'en_obv': True, 'obv_slope': 69, 'en_cci': False, 'cci_n': 104, 'cci_threshold': 300, 'en_rsi': False, 'rsi_n': 100, 'rsi_lower': 2, 'rsi_upper': 87, 'en_stochastic': False, 'stochastic_n': 62, 'stochastic_d': 2, 'stochastic_lower': 40, 'stochastic_upper': 57, 'en_mfi': True, 'mfi_n': 33, 'mfi_lower': 44, 'mfi_upper': 68, 'en_bollinger': False, 'bollinger_n': 115, 'bollinger_k': 2.7, 'en_adx': False, 'adx_n': 35, 'adx_threshold': 35, 'en_structure_trend': False, 'structure_trend_swing_l': 2, 'en_order_block': False, 'order_block_swing_l': 13, 'en_fvg': False, 'fvg_lookback': 35, 'en_ifvg': False, 'en_breaker': True, 'breaker_swing_l': 6, 'en_cisd': True, 'k': 3, 'en_cap_bars': True, 'cap_1min': 508}.
[I 2026-07-13 14:45:19,621] Trial 3481 pruned. 
[I 2026-07-13 14:45:27,185] Trial 3482 finished with values: [-290.6534936643636, -6900.000000000048, 53.1] and parameters: {'sl_soft': 0.1955008004678873, 'sl_hard_delta': 0.12120312994638278, 'tp': 0.19110422394207255, 'gate_pct': 98.67302380660169, 'dd_limit': 0.4513858738163641, 'cooldown': 2, 'flip': True, 'en_ema_trend': True, 'ema_trend_fast': 279, 'ema_trend_slow': 391, 'en_sma_trend': True, 'sma_trend_fast': 334, 'sma_trend_slow': 232, 'en_macd': False, 'macd_fast': 4, 'macd_slow': 126, 'macd_signal': 50, 'en_vwap': True, 'en_keltner': False, 'keltner_n': 59, 'keltner_m': 1.5, 'en_obv': False, 'obv_slope': 38, 'en_cci': True, 'cci_n': 100, 'cci_threshold': 125, 'en_rsi': True, 'rsi_n': 41, 'rsi_lower': 40, 'rsi_upper': 95, 'en_stochastic': True, 'stochastic_n': 52, 'stochastic_d': 22, 'stochastic_lower': 27, 'stochastic_upper': 68, 'en_mfi': False, 'mfi_n': 6, 'mfi_lower': 38, 'mfi_upper': 51, 'en_bollinger': False, 'bollinger_n': 54, 'bollinger_k': 1.0, 'en_adx': False, 'adx_n': 30, 'adx_threshold': 17, 'en_structure_trend': False, 'structure_trend_swing_l': 3, 'en_order_block': True, 'order_block_swing_l': 3, 'en_fvg': False, 'fvg_lookback': 9, 'en_ifvg': False, 'en_breaker': True, 'breaker_swing_l': 19, 'en_cisd': True, 'k': 1, 'en_cap_bars': True, 'cap_1min': 1243}.
[I 2026-07-13 14:45:30,850] Trial 3483 finished with values: [1035.7222394506673, -13990.97192077306, 39.8] and parameters: {'sl_soft': 0.03475243749569609, 'sl_hard_delta': 0.11082725310556857, 'tp': 0.10428585889910524, 'gate_pct': 94.04749196649728, 'dd_limit': 9.029015189980312, 'cooldown': 1, 'flip': False, 'en_ema_trend': False, 'ema_trend_fast': 24, 'ema_trend_slow': 397, 'en_sma_trend': True, 'sma_trend_fast': 198, 'sma_trend_slow': 137, 'en_macd': False, 'macd_fast': 53, 'macd_slow': 12, 'macd_signal': 61, 'en_vwap': False, 'en_keltner': True, 'keltner_n': 9, 'keltner_m': 0.5, 'en_obv': True, 'obv_slope': 129, 'en_cci': True, 'cci_n': 134, 'cci_threshold': 180, 'en_rsi': True, 'rsi_n': 95, 'rsi_lower': 34, 'rsi_upper': 87, 'en_stochastic': False, 'stochastic_n': 61, 'stochastic_d': 50, 'stochastic_lower': 33, 'stochastic_upper': 60, 'en_mfi': True, 'mfi_n': 14, 'mfi_lower': 15, 'mfi_upper': 70, 'en_bollinger': True, 'bollinger_n': 142, 'bollinger_k': 5.0, 'en_adx': False, 'adx_n': 22, 'adx_threshold': 12, 'en_structure_trend': False, 'structure_trend_swing_l': 12, 'en_order_block': True, 'order_block_swing_l': 4, 'en_fvg': False, 'fvg_lookback': 44, 'en_ifvg': False, 'en_breaker': False, 'breaker_swing_l': 11, 'en_cisd': True, 'k': 4, 'en_cap_bars': False, 'cap_1min': 797}.
[I 2026-07-13 14:45:31,244] Trial 3484 pruned. 
[I 2026-07-13 14:45:31,874] Trial 3485 pruned. 
[I 2026-07-13 14:45:33,388] Trial 3486 finished with values: [3970.824874035124, -3435.8461565214784, 45.3] and parameters: {'sl_soft': 0.041819685424319256, 'sl_hard_delta': 0.2567649302278256, 'tp': 0.27261856423057984, 'gate_pct': 97.66578486655469, 'dd_limit': 7.573309416194954, 'cooldown': 0, 'flip': True, 'en_ema_trend': True, 'ema_trend_fast': 283, 'ema_trend_slow': 182, 'en_sma_trend': False, 'sma_trend_fast': 304, 'sma_trend_slow': 187, 'en_macd': False, 'macd_fast': 81, 'macd_slow': 3, 'macd_signal': 76, 'en_vwap': False, 'en_keltner': True, 'keltner_n': 48, 'keltner_m': 3.1, 'en_obv': True, 'obv_slope': 179, 'en_cci': False, 'cci_n': 156, 'cci_threshold': 145, 'en_rsi': False, 'rsi_n': 81, 'rsi_lower': 3, 'rsi_upper': 58, 'en_stochastic': False, 'stochastic_n': 81, 'stochastic_d': 17, 'stochastic_lower': 32, 'stochastic_upper': 98, 'en_mfi': True, 'mfi_n': 8, 'mfi_lower': 12, 'mfi_upper': 80, 'en_bollinger': True, 'bollinger_n': 30, 'bollinger_k': 2.0, 'en_adx': False, 'adx_n': 91, 'adx_threshold': 36, 'en_structure_trend': True, 'structure_trend_swing_l': 13, 'en_order_block': True, 'order_block_swing_l': 1, 'en_fvg': False, 'fvg_lookback': 15, 'en_ifvg': True, 'en_breaker': False, 'breaker_swing_l': 10, 'en_cisd': True, 'k': 3, 'en_cap_bars': True, 'cap_1min': 1201}.
[I 2026-07-13 14:45:34,812] Trial 3487 finished with values: [5482.563737181981, -29159.249945171367, 57.85] and parameters: {'sl_soft': 0.19207751714688032, 'sl_hard_delta': 0.04250555831064314, 'tp': 0.2356931692447365, 'gate_pct': 96.65475725098474, 'dd_limit': 5.052448726200229, 'cooldown': 0, 'flip': False, 'en_ema_trend': True, 'ema_trend_fast': 193, 'ema_trend_slow': 236, 'en_sma_trend': True, 'sma_trend_fast': 44, 'sma_trend_slow': 200, 'en_macd': True, 'macd_fast': 11, 'macd_slow': 72, 'macd_signal': 60, 'en_vwap': True, 'en_keltner': True, 'keltner_n': 122, 'keltner_m': 1.9000000000000001, 'en_obv': False, 'obv_slope': 61, 'en_cci': True, 'cci_n': 142, 'cci_threshold': 250, 'en_rsi': False, 'rsi_n': 40, 'rsi_lower': 32, 'rsi_upper': 79, 'en_stochastic': False, 'stochastic_n': 70, 'stochastic_d': 28, 'stochastic_lower': 26, 'stochastic_upper': 78, 'en_mfi': False, 'mfi_n': 95, 'mfi_lower': 22, 'mfi_upper': 87, 'en_bollinger': False, 'bollinger_n': 149, 'bollinger_k': 2.8000000000000003, 'en_adx': False, 'adx_n': 50, 'adx_threshold': 9, 'en_structure_trend': True, 'structure_trend_swing_l': 20, 'en_order_block': True, 'order_block_swing_l': 11, 'en_fvg': False, 'fvg_lookback': 32, 'en_ifvg': False, 'en_breaker': True, 'breaker_swing_l': 6, 'en_cisd': True, 'k': 4, 'en_cap_bars': True, 'cap_1min': 1399}.
[I 2026-07-13 14:45:36,735] Trial 3488 finished with values: [-1509.9007616803733, -8488.489606666008, 37.7] and parameters: {'sl_soft': 0.0939795455595555, 'sl_hard_delta': 0.03245835686769686, 'tp': 0.20106170350057717, 'gate_pct': 99.43003533124055, 'dd_limit': 0.7627381108845042, 'cooldown': 1, 'flip': True, 'en_ema_trend': False, 'ema_trend_fast': 197, 'ema_trend_slow': 211, 'en_sma_trend': True, 'sma_trend_fast': 360, 'sma_trend_slow': 35, 'en_macd': True, 'macd_fast': 62, 'macd_slow': 162, 'macd_signal': 53, 'en_vwap': True, 'en_keltner': False, 'keltner_n': 136, 'keltner_m': 4.4, 'en_obv': True, 'obv_slope': 25, 'en_cci': False, 'cci_n': 54, 'cci_threshold': 300, 'en_rsi': True, 'rsi_n': 41, 'rsi_lower': 34, 'rsi_upper': 74, 'en_stochastic': False, 'stochastic_n': 66, 'stochastic_d': 2, 'stochastic_lower': 47, 'stochastic_upper': 73, 'en_mfi': True, 'mfi_n': 34, 'mfi_lower': 19, 'mfi_upper': 54, 'en_bollinger': True, 'bollinger_n': 86, 'bollinger_k': 2.7, 'en_adx': False, 'adx_n': 93, 'adx_threshold': 35, 'en_structure_trend': True, 'structure_trend_swing_l': 9, 'en_order_block': True, 'order_block_swing_l': 13, 'en_fvg': False, 'fvg_lookback': 24, 'en_ifvg': False, 'en_breaker': True, 'breaker_swing_l': 6, 'en_cisd': True, 'k': 3, 'en_cap_bars': False, 'cap_1min': 591}.
[I 2026-07-13 14:45:38,242] Trial 3489 pruned. 
