[I 2026-07-13 15:26:14,542] Trial 1310 finished with values: [-3.10303243541199, -1575.2754336337202, 66.25] and parameters: {'sl_soft': 0.01998398987844476, 'sl_hard_delta': 0.0027263521951513352, 'tp': 0.01183678808739887, 'gate_pct': 99.16215050807807, 'dd_limit': 2.802293197200579, 'cooldown': 15, 'flip': False, 'en_ema_trend': False, 'ema_trend_fast': 270, 'ema_trend_slow': 298, 'en_sma_trend': False, 'sma_trend_fast': 120, 'sma_trend_slow': 222, 'en_macd': False, 'macd_fast': 82, 'macd_slow': 127, 'macd_signal': 50, 'en_vwap': False, 'en_keltner': False, 'keltner_n': 52, 'keltner_m': 4.8, 'en_obv': True, 'obv_slope': 38, 'en_cci': False, 'cci_n': 84, 'cci_threshold': 45, 'en_rsi': False, 'rsi_n': 68, 'rsi_lower': 39, 'rsi_upper': 58, 'en_stochastic': True, 'stochastic_n': 88, 'stochastic_d': 32, 'stochastic_lower': 27, 'stochastic_upper': 68, 'en_mfi': False, 'mfi_n': 6, 'mfi_lower': 38, 'mfi_upper': 51, 'en_bollinger': False, 'bollinger_n': 54, 'bollinger_k': 2.2, 'en_adx': False, 'adx_n': 85, 'adx_threshold': 51, 'en_structure_trend': True, 'structure_trend_swing_l': 9, 'en_order_block': True, 'order_block_swing_l': 7, 'en_fvg': False, 'fvg_lookback': 9, 'en_ifvg': False, 'en_breaker': True, 'breaker_swing_l': 16, 'en_cisd': True, 'k': 2, 'en_cap_bars': True, 'cap_1min': 1032}.
[I 2026-07-13 15:26:24,669] Trial 1311 finished with values: [160.21969620346965, -855.6907788434387, 36.349999999999994] and parameters: {'sl_soft': 0.01729086981430308, 'sl_hard_delta': 0.00610414585932106, 'tp': 0.04310350832060598, 'gate_pct': 95.95343074681206, 'dd_limit': 8.959003028808816, 'cooldown': 7, 'flip': True, 'en_ema_trend': True, 'ema_trend_fast': 93, 'ema_trend_slow': 176, 'en_sma_trend': True, 'sma_trend_fast': 360, 'sma_trend_slow': 50, 'en_macd': True, 'macd_fast': 54, 'macd_slow': 85, 'macd_signal': 91, 'en_vwap': True, 'en_keltner': True, 'keltner_n': 163, 'keltner_m': 4.0, 'en_obv': True, 'obv_slope': 82, 'en_cci': False, 'cci_n': 32, 'cci_threshold': 190, 'en_rsi': True, 'rsi_n': 94, 'rsi_lower': 43, 'rsi_upper': 68, 'en_stochastic': True, 'stochastic_n': 46, 'stochastic_d': 27, 'stochastic_lower': 20, 'stochastic_upper': 72, 'en_mfi': True, 'mfi_n': 59, 'mfi_lower': 12, 'mfi_upper': 58, 'en_bollinger': True, 'bollinger_n': 40, 'bollinger_k': 1.7000000000000002, 'en_adx': False, 'adx_n': 52, 'adx_threshold': 8, 'en_structure_trend': False, 'structure_trend_swing_l': 2, 'en_order_block': False, 'order_block_swing_l': 18, 'en_fvg': False, 'fvg_lookback': 34, 'en_ifvg': False, 'en_breaker': True, 'breaker_swing_l': 3, 'en_cisd': False, 'k': 1, 'en_cap_bars': True, 'cap_1min': 456}.
[I 2026-07-13 15:26:26,723] Trial 1312 finished with values: [-1147.2019183440452, -1889.6766050720262, 58.75] and parameters: {'sl_soft': 0.01239372502010468, 'sl_hard_delta': 0.032283188215272624, 'tp': 0.021680684266425956, 'gate_pct': 99.52194572971088, 'dd_limit': 3.8524500851165895, 'cooldown': 13, 'flip': True, 'en_ema_trend': True, 'ema_trend_fast': 27, 'ema_trend_slow': 14, 'en_sma_trend': False, 'sma_trend_fast': 392, 'sma_trend_slow': 319, 'en_macd': False, 'macd_fast': 91, 'macd_slow': 42, 'macd_signal': 26, 'en_vwap': True, 'en_keltner': False, 'keltner_n': 56, 'keltner_m': 0.5, 'en_obv': True, 'obv_slope': 14, 'en_cci': True, 'cci_n': 106, 'cci_threshold': 155, 'en_rsi': False, 'rsi_n': 81, 'rsi_lower': 36, 'rsi_upper': 95, 'en_stochastic': False, 'stochastic_n': 55, 'stochastic_d': 2, 'stochastic_lower': 1, 'stochastic_upper': 61, 'en_mfi': False, 'mfi_n': 93, 'mfi_lower': 30, 'mfi_upper': 96, 'en_bollinger': False, 'bollinger_n': 44, 'bollinger_k': 3.7, 'en_adx': False, 'adx_n': 16, 'adx_threshold': 12, 'en_structure_trend': True, 'structure_trend_swing_l': 3, 'en_order_block': False, 'order_block_swing_l': 3, 'en_fvg': False, 'fvg_lookback': 9, 'en_ifvg': False, 'en_breaker': True, 'breaker_swing_l': 15, 'en_cisd': False, 'k': 1, 'en_cap_bars': True, 'cap_1min': 753}.
[I 2026-07-13 15:26:28,782] Trial 1313 pruned. 
[I 2026-07-13 15:26:29,669] Trial 1314 pruned. 
[I 2026-07-13 15:26:33,290] Trial 1315 finished with values: [-280.56746438400285, -1116.359529842157, 41.45] and parameters: {'sl_soft': 0.014622618965034473, 'sl_hard_delta': 0.012510442083255932, 'tp': 0.024354687829087944, 'gate_pct': 96.54380504120698, 'dd_limit': 3.6482276224843235, 'cooldown': 10, 'flip': False, 'en_ema_trend': True, 'ema_trend_fast': 286, 'ema_trend_slow': 260, 'en_sma_trend': False, 'sma_trend_fast': 13, 'sma_trend_slow': 394, 'en_macd': True, 'macd_fast': 68, 'macd_slow': 78, 'macd_signal': 34, 'en_vwap': True, 'en_keltner': False, 'keltner_n': 151, 'keltner_m': 1.1, 'en_obv': False, 'obv_slope': 58, 'en_cci': True, 'cci_n': 98, 'cci_threshold': 280, 'en_rsi': True, 'rsi_n': 93, 'rsi_lower': 39, 'rsi_upper': 65, 'en_stochastic': False, 'stochastic_n': 30, 'stochastic_d': 7, 'stochastic_lower': 40, 'stochastic_upper': 91, 'en_mfi': False, 'mfi_n': 76, 'mfi_lower': 33, 'mfi_upper': 83, 'en_bollinger': False, 'bollinger_n': 173, 'bollinger_k': 0.7, 'en_adx': False, 'adx_n': 63, 'adx_threshold': 26, 'en_structure_trend': True, 'structure_trend_swing_l': 5, 'en_order_block': False, 'order_block_swing_l': 6, 'en_fvg': True, 'fvg_lookback': 19, 'en_ifvg': True, 'en_breaker': True, 'breaker_swing_l': 7, 'en_cisd': False, 'k': 2, 'en_cap_bars': True, 'cap_1min': 1363}.
[I 2026-07-13 15:26:35,549] Trial 1316 pruned. 
[I 2026-07-13 15:26:43,878] Trial 1317 finished with values: [-705.792034980508, -1136.1477773687056, 44.3] and parameters: {'sl_soft': 0.01729086981430308, 'sl_hard_delta': 0.02484677677105232, 'tp': 0.03480277544382395, 'gate_pct': 94.5832156131506, 'dd_limit': 1.4726436036009025, 'cooldown': 7, 'flip': True, 'en_ema_trend': False, 'ema_trend_fast': 205, 'ema_trend_slow': 14, 'en_sma_trend': True, 'sma_trend_fast': 360, 'sma_trend_slow': 319, 'en_macd': True, 'macd_fast': 54, 'macd_slow': 42, 'macd_signal': 91, 'en_vwap': True, 'en_keltner': False, 'keltner_n': 139, 'keltner_m': 3.3000000000000003, 'en_obv': False, 'obv_slope': 14, 'en_cci': True, 'cci_n': 32, 'cci_threshold': 190, 'en_rsi': True, 'rsi_n': 94, 'rsi_lower': 13, 'rsi_upper': 95, 'en_stochastic': True, 'stochastic_n': 88, 'stochastic_d': 46, 'stochastic_lower': 20, 'stochastic_upper': 61, 'en_mfi': False, 'mfi_n': 7, 'mfi_lower': 30, 'mfi_upper': 58, 'en_bollinger': True, 'bollinger_n': 15, 'bollinger_k': 3.7, 'en_adx': True, 'adx_n': 16, 'adx_threshold': 12, 'en_structure_trend': False, 'structure_trend_swing_l': 6, 'en_order_block': True, 'order_block_swing_l': 18, 'en_fvg': False, 'fvg_lookback': 9, 'en_ifvg': False, 'en_breaker': False, 'breaker_swing_l': 16, 'en_cisd': False, 'k': 1, 'en_cap_bars': False, 'cap_1min': 456}.
[I 2026-07-13 15:26:45,395] Trial 1318 pruned. 
[I 2026-07-13 15:26:46,319] Trial 1319 finished with values: [442.0861378592634, -1717.292582192691, 64.2] and parameters: {'sl_soft': 0.02660501535036107, 'sl_hard_delta': 0.009384629983832321, 'tp': 0.02904697611358007, 'gate_pct': 94.32553955536301, 'dd_limit': 8.683310596224244, 'cooldown': 26, 'flip': False, 'en_ema_trend': True, 'ema_trend_fast': 386, 'ema_trend_slow': 284, 'en_sma_trend': False, 'sma_trend_fast': 265, 'sma_trend_slow': 280, 'en_macd': True, 'macd_fast': 19, 'macd_slow': 80, 'macd_signal': 48, 'en_vwap': False, 'en_keltner': True, 'keltner_n': 56, 'keltner_m': 1.4, 'en_obv': True, 'obv_slope': 29, 'en_cci': False, 'cci_n': 118, 'cci_threshold': 205, 'en_rsi': False, 'rsi_n': 77, 'rsi_lower': 1, 'rsi_upper': 68, 'en_stochastic': False, 'stochastic_n': 87, 'stochastic_d': 28, 'stochastic_lower': 15, 'stochastic_upper': 81, 'en_mfi': False, 'mfi_n': 83, 'mfi_lower': 22, 'mfi_upper': 90, 'en_bollinger': False, 'bollinger_n': 78, 'bollinger_k': 3.4000000000000004, 'en_adx': False, 'adx_n': 48, 'adx_threshold': 29, 'en_structure_trend': False, 'structure_trend_swing_l': 19, 'en_order_block': True, 'order_block_swing_l': 13, 'en_fvg': True, 'fvg_lookback': 31, 'en_ifvg': True, 'en_breaker': False, 'breaker_swing_l': 2, 'en_cisd': False, 'k': 1, 'en_cap_bars': False, 'cap_1min': 542}.
[I 2026-07-13 15:26:48,787] Trial 1320 finished with values: [51.60187107522418, -355.57789534472306, 73.2] and parameters: {'sl_soft': 0.02075319889461138, 'sl_hard_delta': 0.022726861108552536, 'tp': 0.015844540937381565, 'gate_pct': 82.44068600536416, 'dd_limit': 3.6765110954600555, 'cooldown': 30, 'flip': False, 'en_ema_trend': True, 'ema_trend_fast': 91, 'ema_trend_slow': 109, 'en_sma_trend': True, 'sma_trend_fast': 167, 'sma_trend_slow': 242, 'en_macd': False, 'macd_fast': 6, 'macd_slow': 96, 'macd_signal': 30, 'en_vwap': True, 'en_keltner': True, 'keltner_n': 43, 'keltner_m': 0.9, 'en_obv': True, 'obv_slope': 158, 'en_cci': False, 'cci_n': 89, 'cci_threshold': 230, 'en_rsi': True, 'rsi_n': 59, 'rsi_lower': 11, 'rsi_upper': 69, 'en_stochastic': False, 'stochastic_n': 71, 'stochastic_d': 4, 'stochastic_lower': 2, 'stochastic_upper': 91, 'en_mfi': False, 'mfi_n': 66, 'mfi_lower': 13, 'mfi_upper': 99, 'en_bollinger': True, 'bollinger_n': 85, 'bollinger_k': 4.300000000000001, 'en_adx': False, 'adx_n': 40, 'adx_threshold': 7, 'en_structure_trend': False, 'structure_trend_swing_l': 19, 'en_order_block': True, 'order_block_swing_l': 18, 'en_fvg': False, 'fvg_lookback': 28, 'en_ifvg': True, 'en_breaker': True, 'breaker_swing_l': 18, 'en_cisd': True, 'k': 2, 'en_cap_bars': True, 'cap_1min': 1013}.
[I 2026-07-13 15:26:56,787] Trial 1321 finished with values: [-218.99078347420442, -1514.9883837981547, 52.8] and parameters: {'sl_soft': 0.016801614678568503, 'sl_hard_delta': 0.01621542066297969, 'tp': 0.020063237332449173, 'gate_pct': 99.3861717774851, 'dd_limit': 6.844711394584541, 'cooldown': 24, 'flip': True, 'en_ema_trend': True, 'ema_trend_fast': 272, 'ema_trend_slow': 294, 'en_sma_trend': False, 'sma_trend_fast': 196, 'sma_trend_slow': 58, 'en_macd': False, 'macd_fast': 42, 'macd_slow': 3, 'macd_signal': 44, 'en_vwap': True, 'en_keltner': True, 'keltner_n': 22, 'keltner_m': 1.2000000000000002, 'en_obv': True, 'obv_slope': 69, 'en_cci': True, 'cci_n': 10, 'cci_threshold': 180, 'en_rsi': True, 'rsi_n': 83, 'rsi_lower': 22, 'rsi_upper': 79, 'en_stochastic': True, 'stochastic_n': 77, 'stochastic_d': 1, 'stochastic_lower': 21, 'stochastic_upper': 97, 'en_mfi': False, 'mfi_n': 9, 'mfi_lower': 12, 'mfi_upper': 90, 'en_bollinger': False, 'bollinger_n': 81, 'bollinger_k': 1.1, 'en_adx': False, 'adx_n': 96, 'adx_threshold': 26, 'en_structure_trend': False, 'structure_trend_swing_l': 7, 'en_order_block': True, 'order_block_swing_l': 4, 'en_fvg': False, 'fvg_lookback': 37, 'en_ifvg': True, 'en_breaker': False, 'breaker_swing_l': 14, 'en_cisd': False, 'k': 1, 'en_cap_bars': True, 'cap_1min': 1239}.
[I 2026-07-13 15:26:59,977] Trial 1322 finished with values: [-1001.0221849424815, -5992.2041386157725, 62.95] and parameters: {'sl_soft': 0.02102744692810867, 'sl_hard_delta': 0.02183482482285977, 'tp': 0.015284923526676798, 'gate_pct': 95.031393846183, 'dd_limit': 2.6546638252533143, 'cooldown': 9, 'flip': True, 'en_ema_trend': True, 'ema_trend_fast': 390, 'ema_trend_slow': 91, 'en_sma_trend': True, 'sma_trend_fast': 167, 'sma_trend_slow': 83, 'en_macd': False, 'macd_fast': 48, 'macd_slow': 168, 'macd_signal': 42, 'en_vwap': False, 'en_keltner': True, 'keltner_n': 42, 'keltner_m': 4.0, 'en_obv': True, 'obv_slope': 158, 'en_cci': True, 'cci_n': 89, 'cci_threshold': 230, 'en_rsi': True, 'rsi_n': 59, 'rsi_lower': 46, 'rsi_upper': 66, 'en_stochastic': False, 'stochastic_n': 79, 'stochastic_d': 49, 'stochastic_lower': 24, 'stochastic_upper': 74, 'en_mfi': False, 'mfi_n': 38, 'mfi_lower': 29, 'mfi_upper': 71, 'en_bollinger': True, 'bollinger_n': 85, 'bollinger_k': 4.300000000000001, 'en_adx': False, 'adx_n': 40, 'adx_threshold': 7, 'en_structure_trend': False, 'structure_trend_swing_l': 12, 'en_order_block': False, 'order_block_swing_l': 1, 'en_fvg': True, 'fvg_lookback': 33, 'en_ifvg': False, 'en_breaker': False, 'breaker_swing_l': 18, 'en_cisd': True, 'k': 2, 'en_cap_bars': True, 'cap_1min': 351}.
[I 2026-07-13 15:27:00,534] Trial 1323 finished with values: [394.93228009353834, -6317.683322415058, 55.15] and parameters: {'sl_soft': 0.02176932917942869, 'sl_hard_delta': 0.015407838677892577, 'tp': 0.03132953048328833, 'gate_pct': 91.7747058341661, 'dd_limit': 3.3374720541419105, 'cooldown': 2, 'flip': False, 'en_ema_trend': True, 'ema_trend_fast': 357, 'ema_trend_slow': 293, 'en_sma_trend': False, 'sma_trend_fast': 315, 'sma_trend_slow': 221, 'en_macd': False, 'macd_fast': 79, 'macd_slow': 118, 'macd_signal': 25, 'en_vwap': True, 'en_keltner': True, 'keltner_n': 127, 'keltner_m': 4.7, 'en_obv': False, 'obv_slope': 62, 'en_cci': True, 'cci_n': 199, 'cci_threshold': 290, 'en_rsi': False, 'rsi_n': 90, 'rsi_lower': 37, 'rsi_upper': 58, 'en_stochastic': True, 'stochastic_n': 20, 'stochastic_d': 14, 'stochastic_lower': 32, 'stochastic_upper': 81, 'en_mfi': False, 'mfi_n': 62, 'mfi_lower': 21, 'mfi_upper': 91, 'en_bollinger': True, 'bollinger_n': 88, 'bollinger_k': 3.2, 'en_adx': False, 'adx_n': 39, 'adx_threshold': 38, 'en_structure_trend': False, 'structure_trend_swing_l': 3, 'en_order_block': False, 'order_block_swing_l': 2, 'en_fvg': True, 'fvg_lookback': 30, 'en_ifvg': False, 'en_breaker': False, 'breaker_swing_l': 14, 'en_cisd': True, 'k': 3, 'en_cap_bars': False, 'cap_1min': 661}.
[I 2026-07-13 15:27:01,703] Trial 1324 pruned. 
[I 2026-07-13 15:27:04,821] Trial 1325 pruned. 
[I 2026-07-13 15:27:07,943] Trial 1326 pruned. 
[I 2026-07-13 15:27:08,632] Trial 1327 pruned. 
[I 2026-07-13 15:27:11,214] Trial 1328 pruned. 
[I 2026-07-13 15:27:11,940] Trial 1329 pruned. 
[I 2026-07-13 15:27:13,207] Trial 1330 pruned. 
[I 2026-07-13 15:27:14,138] Trial 1331 pruned. 
[I 2026-07-13 15:27:16,836] Trial 1332 finished with values: [-5428.921151535029, -12263.474735235697, 50.349999999999994] and parameters: {'sl_soft': 0.012820739421266155, 'sl_hard_delta': 0.029725556735688736, 'tp': 0.029010656879945286, 'gate_pct': 99.95605949198794, 'dd_limit': 6.787950662357963, 'cooldown': 0, 'flip': True, 'en_ema_trend': False, 'ema_trend_fast': 60, 'ema_trend_slow': 14, 'en_sma_trend': False, 'sma_trend_fast': 27, 'sma_trend_slow': 80, 'en_macd': True, 'macd_fast': 80, 'macd_slow': 42, 'macd_signal': 94, 'en_vwap': True, 'en_keltner': False, 'keltner_n': 139, 'keltner_m': 2.5, 'en_obv': True, 'obv_slope': 14, 'en_cci': False, 'cci_n': 180, 'cci_threshold': 155, 'en_rsi': True, 'rsi_n': 13, 'rsi_lower': 3, 'rsi_upper': 95, 'en_stochastic': False, 'stochastic_n': 96, 'stochastic_d': 46, 'stochastic_lower': 7, 'stochastic_upper': 61, 'en_mfi': False, 'mfi_n': 93, 'mfi_lower': 47, 'mfi_upper': 98, 'en_bollinger': False, 'bollinger_n': 125, 'bollinger_k': 3.7, 'en_adx': False, 'adx_n': 16, 'adx_threshold': 25, 'en_structure_trend': False, 'structure_trend_swing_l': 10, 'en_order_block': True, 'order_block_swing_l': 2, 'en_fvg': False, 'fvg_lookback': 3, 'en_ifvg': False, 'en_breaker': True, 'breaker_swing_l': 16, 'en_cisd': False, 'k': 4, 'en_cap_bars': False, 'cap_1min': 713}.
[I 2026-07-13 15:27:18,382] Trial 1333 finished with values: [68.63827092969288, -589.4804611314441, 70.0] and parameters: {'sl_soft': 0.026342400384516372, 'sl_hard_delta': 0.012956297024244669, 'tp': 0.018803392344604333, 'gate_pct': 98.93711402329589, 'dd_limit': 9.066216783758431, 'cooldown': 15, 'flip': True, 'en_ema_trend': True, 'ema_trend_fast': 351, 'ema_trend_slow': 367, 'en_sma_trend': False, 'sma_trend_fast': 331, 'sma_trend_slow': 379, 'en_macd': True, 'macd_fast': 60, 'macd_slow': 88, 'macd_signal': 40, 'en_vwap': True, 'en_keltner': False, 'keltner_n': 61, 'keltner_m': 5.0, 'en_obv': True, 'obv_slope': 162, 'en_cci': True, 'cci_n': 78, 'cci_threshold': 50, 'en_rsi': False, 'rsi_n': 34, 'rsi_lower': 12, 'rsi_upper': 77, 'en_stochastic': False, 'stochastic_n': 97, 'stochastic_d': 6, 'stochastic_lower': 17, 'stochastic_upper': 91, 'en_mfi': False, 'mfi_n': 77, 'mfi_lower': 42, 'mfi_upper': 76, 'en_bollinger': True, 'bollinger_n': 172, 'bollinger_k': 0.5, 'en_adx': False, 'adx_n': 35, 'adx_threshold': 50, 'en_structure_trend': True, 'structure_trend_swing_l': 13, 'en_order_block': True, 'order_block_swing_l': 18, 'en_fvg': False, 'fvg_lookback': 47, 'en_ifvg': False, 'en_breaker': False, 'breaker_swing_l': 13, 'en_cisd': True, 'k': 1, 'en_cap_bars': False, 'cap_1min': 963}.
[I 2026-07-13 15:27:20,536] Trial 1334 finished with values: [430.68164101791575, -2728.361407377165, 51.05] and parameters: {'sl_soft': 0.015396926007329708, 'sl_hard_delta': 0.01974966680532401, 'tp': 0.03279738638812957, 'gate_pct': 86.42595282114276, 'dd_limit': 6.998800575439505, 'cooldown': 0, 'flip': True, 'en_ema_trend': False, 'ema_trend_fast': 360, 'ema_trend_slow': 350, 'en_sma_trend': True, 'sma_trend_fast': 391, 'sma_trend_slow': 19, 'en_macd': True, 'macd_fast': 29, 'macd_slow': 191, 'macd_signal': 23, 'en_vwap': False, 'en_keltner': False, 'keltner_n': 87, 'keltner_m': 1.2000000000000002, 'en_obv': False, 'obv_slope': 192, 'en_cci': True, 'cci_n': 108, 'cci_threshold': 275, 'en_rsi': False, 'rsi_n': 42, 'rsi_lower': 18, 'rsi_upper': 74, 'en_stochastic': False, 'stochastic_n': 13, 'stochastic_d': 49, 'stochastic_lower': 36, 'stochastic_upper': 51, 'en_mfi': False, 'mfi_n': 72, 'mfi_lower': 32, 'mfi_upper': 85, 'en_bollinger': False, 'bollinger_n': 112, 'bollinger_k': 4.8, 'en_adx': False, 'adx_n': 79, 'adx_threshold': 29, 'en_structure_trend': False, 'structure_trend_swing_l': 7, 'en_order_block': False, 'order_block_swing_l': 4, 'en_fvg': False, 'fvg_lookback': 40, 'en_ifvg': True, 'en_breaker': True, 'breaker_swing_l': 11, 'en_cisd': False, 'k': 2, 'en_cap_bars': True, 'cap_1min': 77}.
[I 2026-07-13 15:27:21,144] Trial 1335 pruned. 
[I 2026-07-13 15:27:23,018] Trial 1336 pruned. 
[I 2026-07-13 15:27:23,539] Trial 1337 finished with values: [-249.260921635166, -1545.9260532239227, 58.4] and parameters: {'sl_soft': 0.012449898143873723, 'sl_hard_delta': 0.00793963460816193, 'tp': 0.01104713204540288, 'gate_pct': 88.44397898231887, 'dd_limit': 0.5820363533127576, 'cooldown': 5, 'flip': False, 'en_ema_trend': True, 'ema_trend_fast': 339, 'ema_trend_slow': 218, 'en_sma_trend': False, 'sma_trend_fast': 210, 'sma_trend_slow': 185, 'en_macd': False, 'macd_fast': 100, 'macd_slow': 150, 'macd_signal': 57, 'en_vwap': False, 'en_keltner': True, 'keltner_n': 70, 'keltner_m': 1.3, 'en_obv': False, 'obv_slope': 36, 'en_cci': True, 'cci_n': 135, 'cci_threshold': 135, 'en_rsi': True, 'rsi_n': 27, 'rsi_lower': 34, 'rsi_upper': 94, 'en_stochastic': False, 'stochastic_n': 75, 'stochastic_d': 35, 'stochastic_lower': 16, 'stochastic_upper': 76, 'en_mfi': True, 'mfi_n': 87, 'mfi_lower': 1, 'mfi_upper': 80, 'en_bollinger': True, 'bollinger_n': 176, 'bollinger_k': 3.8000000000000003, 'en_adx': False, 'adx_n': 26, 'adx_threshold': 49, 'en_structure_trend': True, 'structure_trend_swing_l': 5, 'en_order_block': False, 'order_block_swing_l': 9, 'en_fvg': True, 'fvg_lookback': 39, 'en_ifvg': False, 'en_breaker': True, 'breaker_swing_l': 11, 'en_cisd': False, 'k': 2, 'en_cap_bars': False, 'cap_1min': 1109}.
[I 2026-07-13 15:27:24,188] Trial 1338 pruned. 
[I 2026-07-13 15:27:25,815] Trial 1339 pruned. 
[I 2026-07-13 15:27:26,860] Trial 1340 pruned. 
[I 2026-07-13 15:27:29,094] Trial 1341 finished with values: [93.30589472765993, -1378.7466338183663, 53.25] and parameters: {'sl_soft': 0.016869541313896508, 'sl_hard_delta': 0.03771566628240392, 'tp': 0.04310350832060598, 'gate_pct': 95.95343074681206, 'dd_limit': 0.7899894121384478, 'cooldown': 20, 'flip': False, 'en_ema_trend': False, 'ema_trend_fast': 93, 'ema_trend_slow': 176, 'en_sma_trend': True, 'sma_trend_fast': 187, 'sma_trend_slow': 51, 'en_macd': True, 'macd_fast': 5, 'macd_slow': 123, 'macd_signal': 19, 'en_vwap': True, 'en_keltner': True, 'keltner_n': 17, 'keltner_m': 0.5, 'en_obv': True, 'obv_slope': 105, 'en_cci': False, 'cci_n': 116, 'cci_threshold': 250, 'en_rsi': False, 'rsi_n': 29, 'rsi_lower': 13, 'rsi_upper': 68, 'en_stochastic': False, 'stochastic_n': 66, 'stochastic_d': 21, 'stochastic_lower': 43, 'stochastic_upper': 94, 'en_mfi': True, 'mfi_n': 68, 'mfi_lower': 13, 'mfi_upper': 90, 'en_bollinger': False, 'bollinger_n': 40, 'bollinger_k': 1.7000000000000002, 'en_adx': False, 'adx_n': 24, 'adx_threshold': 53, 'en_structure_trend': True, 'structure_trend_swing_l': 1, 'en_order_block': False, 'order_block_swing_l': 19, 'en_fvg': True, 'fvg_lookback': 40, 'en_ifvg': True, 'en_breaker': False, 'breaker_swing_l': 8, 'en_cisd': False, 'k': 5, 'en_cap_bars': True, 'cap_1min': 249}.
[I 2026-07-13 15:27:33,114] Trial 1342 finished with values: [-422.9270471472546, -1075.1279471946873, 49.400000000000006] and parameters: {'sl_soft': 0.02075319889461138, 'sl_hard_delta': 0.022726861108552536, 'tp': 0.015284923526676798, 'gate_pct': 98.93711402329589, 'dd_limit': 3.6765110954600555, 'cooldown': 30, 'flip': False, 'en_ema_trend': True, 'ema_trend_fast': 57, 'ema_trend_slow': 367, 'en_sma_trend': True, 'sma_trend_fast': 167, 'sma_trend_slow': 12, 'en_macd': False, 'macd_fast': 60, 'macd_slow': 96, 'macd_signal': 40, 'en_vwap': False, 'en_keltner': True, 'keltner_n': 61, 'keltner_m': 0.9, 'en_obv': True, 'obv_slope': 191, 'en_cci': True, 'cci_n': 89, 'cci_threshold': 25, 'en_rsi': False, 'rsi_n': 34, 'rsi_lower': 20, 'rsi_upper': 77, 'en_stochastic': False, 'stochastic_n': 71, 'stochastic_d': 4, 'stochastic_lower': 33, 'stochastic_upper': 74, 'en_mfi': True, 'mfi_n': 66, 'mfi_lower': 8, 'mfi_upper': 71, 'en_bollinger': True, 'bollinger_n': 56, 'bollinger_k': 4.300000000000001, 'en_adx': False, 'adx_n': 40, 'adx_threshold': 7, 'en_structure_trend': True, 'structure_trend_swing_l': 13, 'en_order_block': True, 'order_block_swing_l': 12, 'en_fvg': False, 'fvg_lookback': 11, 'en_ifvg': True, 'en_breaker': True, 'breaker_swing_l': 18, 'en_cisd': True, 'k': 2, 'en_cap_bars': False, 'cap_1min': 963}.
