[I 2026-07-13 15:53:03,495] Trial 2016 finished with values: [1433.037250850209, -2205.990411679615, 65.80000000000001] and parameters: {'sl_soft': 0.023138233233501303, 'sl_hard_delta': 0.01974966680532401, 'tp': 0.03279738638812957, 'gate_pct': 86.42595282114276, 'dd_limit': 0.7899894121384478, 'cooldown': 0, 'flip': True, 'en_ema_trend': False, 'ema_trend_fast': 360, 'ema_trend_slow': 350, 'en_sma_trend': True, 'sma_trend_fast': 89, 'sma_trend_slow': 19, 'en_macd': True, 'macd_fast': 39, 'macd_slow': 127, 'macd_signal': 83, 'en_vwap': False, 'en_keltner': False, 'keltner_n': 70, 'keltner_m': 1.8, 'en_obv': False, 'obv_slope': 192, 'en_cci': True, 'cci_n': 32, 'cci_threshold': 250, 'en_rsi': True, 'rsi_n': 68, 'rsi_lower': 18, 'rsi_upper': 74, 'en_stochastic': True, 'stochastic_n': 15, 'stochastic_d': 49, 'stochastic_lower': 9, 'stochastic_upper': 93, 'en_mfi': False, 'mfi_n': 72, 'mfi_lower': 46, 'mfi_upper': 84, 'en_bollinger': False, 'bollinger_n': 112, 'bollinger_k': 3.4000000000000004, 'en_adx': False, 'adx_n': 79, 'adx_threshold': 40, 'en_structure_trend': False, 'structure_trend_swing_l': 20, 'en_order_block': True, 'order_block_swing_l': 4, 'en_fvg': False, 'fvg_lookback': 40, 'en_ifvg': True, 'en_breaker': True, 'breaker_swing_l': 1, 'en_cisd': True, 'k': 2, 'en_cap_bars': True, 'cap_1min': 178}.
[I 2026-07-13 15:53:09,008] Trial 2017 finished with values: [612.5715192959899, -3941.781789456948, 50.1] and parameters: {'sl_soft': 0.014509835179219626, 'sl_hard_delta': 0.036998245871933615, 'tp': 0.04310350832060598, 'gate_pct': 95.95343074681206, 'dd_limit': 0.7899894121384478, 'cooldown': 0, 'flip': True, 'en_ema_trend': False, 'ema_trend_fast': 205, 'ema_trend_slow': 176, 'en_sma_trend': True, 'sma_trend_fast': 187, 'sma_trend_slow': 222, 'en_macd': True, 'macd_fast': 82, 'macd_slow': 85, 'macd_signal': 83, 'en_vwap': False, 'en_keltner': True, 'keltner_n': 17, 'keltner_m': 4.0, 'en_obv': False, 'obv_slope': 110, 'en_cci': False, 'cci_n': 98, 'cci_threshold': 250, 'en_rsi': True, 'rsi_n': 75, 'rsi_lower': 18, 'rsi_upper': 68, 'en_stochastic': True, 'stochastic_n': 26, 'stochastic_d': 27, 'stochastic_lower': 9, 'stochastic_upper': 93, 'en_mfi': False, 'mfi_n': 59, 'mfi_lower': 46, 'mfi_upper': 59, 'en_bollinger': False, 'bollinger_n': 112, 'bollinger_k': 3.4000000000000004, 'en_adx': False, 'adx_n': 79, 'adx_threshold': 53, 'en_structure_trend': False, 'structure_trend_swing_l': 2, 'en_order_block': True, 'order_block_swing_l': 19, 'en_fvg': False, 'fvg_lookback': 40, 'en_ifvg': True, 'en_breaker': False, 'breaker_swing_l': 8, 'en_cisd': False, 'k': 5, 'en_cap_bars': True, 'cap_1min': 1074}.
[I 2026-07-13 15:53:09,689] Trial 2018 finished with values: [4156.650069356721, -1671.9222176855092, 39.55] and parameters: {'sl_soft': 0.012449898143873723, 'sl_hard_delta': 0.0027263521951513352, 'tp': 0.03279738638812957, 'gate_pct': 95.95343074681206, 'dd_limit': 0.7899894121384478, 'cooldown': 0, 'flip': True, 'en_ema_trend': False, 'ema_trend_fast': 360, 'ema_trend_slow': 350, 'en_sma_trend': True, 'sma_trend_fast': 89, 'sma_trend_slow': 19, 'en_macd': True, 'macd_fast': 82, 'macd_slow': 127, 'macd_signal': 83, 'en_vwap': False, 'en_keltner': False, 'keltner_n': 70, 'keltner_m': 1.8, 'en_obv': False, 'obv_slope': 192, 'en_cci': True, 'cci_n': 135, 'cci_threshold': 250, 'en_rsi': True, 'rsi_n': 42, 'rsi_lower': 18, 'rsi_upper': 74, 'en_stochastic': False, 'stochastic_n': 15, 'stochastic_d': 27, 'stochastic_lower': 36, 'stochastic_upper': 93, 'en_mfi': False, 'mfi_n': 72, 'mfi_lower': 46, 'mfi_upper': 84, 'en_bollinger': False, 'bollinger_n': 198, 'bollinger_k': 4.8, 'en_adx': False, 'adx_n': 79, 'adx_threshold': 29, 'en_structure_trend': False, 'structure_trend_swing_l': 20, 'en_order_block': True, 'order_block_swing_l': 4, 'en_fvg': False, 'fvg_lookback': 40, 'en_ifvg': True, 'en_breaker': False, 'breaker_swing_l': 1, 'en_cisd': False, 'k': 2, 'en_cap_bars': True, 'cap_1min': 178}.
[I 2026-07-13 15:53:10,296] Trial 2019 finished with values: [1333.7397016374018, -1718.1307467346585, 53.1] and parameters: {'sl_soft': 0.012449898143873723, 'sl_hard_delta': 0.01974966680532401, 'tp': 0.03279738638812957, 'gate_pct': 86.42595282114276, 'dd_limit': 0.7899894121384478, 'cooldown': 0, 'flip': True, 'en_ema_trend': False, 'ema_trend_fast': 205, 'ema_trend_slow': 350, 'en_sma_trend': True, 'sma_trend_fast': 89, 'sma_trend_slow': 222, 'en_macd': True, 'macd_fast': 82, 'macd_slow': 127, 'macd_signal': 83, 'en_vwap': False, 'en_keltner': True, 'keltner_n': 17, 'keltner_m': 4.8, 'en_obv': False, 'obv_slope': 36, 'en_cci': True, 'cci_n': 32, 'cci_threshold': 250, 'en_rsi': True, 'rsi_n': 42, 'rsi_lower': 18, 'rsi_upper': 68, 'en_stochastic': True, 'stochastic_n': 13, 'stochastic_d': 49, 'stochastic_lower': 9, 'stochastic_upper': 93, 'en_mfi': False, 'mfi_n': 72, 'mfi_lower': 46, 'mfi_upper': 84, 'en_bollinger': False, 'bollinger_n': 112, 'bollinger_k': 4.8, 'en_adx': False, 'adx_n': 26, 'adx_threshold': 40, 'en_structure_trend': False, 'structure_trend_swing_l': 7, 'en_order_block': True, 'order_block_swing_l': 4, 'en_fvg': False, 'fvg_lookback': 40, 'en_ifvg': True, 'en_breaker': True, 'breaker_swing_l': 3, 'en_cisd': True, 'k': 2, 'en_cap_bars': True, 'cap_1min': 178}.
[I 2026-07-13 15:53:10,882] Trial 2020 finished with values: [628.9455151741486, -735.1858032173908, 55.45] and parameters: {'sl_soft': 0.023138233233501303, 'sl_hard_delta': 0.0027263521951513352, 'tp': 0.03401493735707513, 'gate_pct': 86.42595282114276, 'dd_limit': 0.7899894121384478, 'cooldown': 0, 'flip': True, 'en_ema_trend': False, 'ema_trend_fast': 282, 'ema_trend_slow': 350, 'en_sma_trend': True, 'sma_trend_fast': 89, 'sma_trend_slow': 19, 'en_macd': True, 'macd_fast': 29, 'macd_slow': 127, 'macd_signal': 83, 'en_vwap': False, 'en_keltner': False, 'keltner_n': 17, 'keltner_m': 4.8, 'en_obv': False, 'obv_slope': 192, 'en_cci': False, 'cci_n': 157, 'cci_threshold': 275, 'en_rsi': True, 'rsi_n': 68, 'rsi_lower': 18, 'rsi_upper': 68, 'en_stochastic': True, 'stochastic_n': 11, 'stochastic_d': 27, 'stochastic_lower': 9, 'stochastic_upper': 93, 'en_mfi': False, 'mfi_n': 72, 'mfi_lower': 46, 'mfi_upper': 85, 'en_bollinger': False, 'bollinger_n': 112, 'bollinger_k': 3.1, 'en_adx': False, 'adx_n': 35, 'adx_threshold': 40, 'en_structure_trend': False, 'structure_trend_swing_l': 20, 'en_order_block': True, 'order_block_swing_l': 4, 'en_fvg': False, 'fvg_lookback': 14, 'en_ifvg': True, 'en_breaker': True, 'breaker_swing_l': 11, 'en_cisd': True, 'k': 5, 'en_cap_bars': True, 'cap_1min': 77}.
[I 2026-07-13 15:53:16,234] Trial 2021 finished with values: [111.1381368162335, -1034.6436526880964, 42.2] and parameters: {'sl_soft': 0.012449898143873723, 'sl_hard_delta': 0.012510442083255932, 'tp': 0.03279738638812957, 'gate_pct': 86.42595282114276, 'dd_limit': 0.5820363533127576, 'cooldown': 0, 'flip': True, 'en_ema_trend': False, 'ema_trend_fast': 205, 'ema_trend_slow': 350, 'en_sma_trend': False, 'sma_trend_fast': 89, 'sma_trend_slow': 242, 'en_macd': True, 'macd_fast': 82, 'macd_slow': 127, 'macd_signal': 83, 'en_vwap': False, 'en_keltner': False, 'keltner_n': 70, 'keltner_m': 1.2000000000000002, 'en_obv': False, 'obv_slope': 36, 'en_cci': False, 'cci_n': 32, 'cci_threshold': 250, 'en_rsi': True, 'rsi_n': 42, 'rsi_lower': 18, 'rsi_upper': 60, 'en_stochastic': True, 'stochastic_n': 13, 'stochastic_d': 49, 'stochastic_lower': 16, 'stochastic_upper': 72, 'en_mfi': False, 'mfi_n': 17, 'mfi_lower': 10, 'mfi_upper': 63, 'en_bollinger': False, 'bollinger_n': 40, 'bollinger_k': 3.1, 'en_adx': False, 'adx_n': 26, 'adx_threshold': 8, 'en_structure_trend': False, 'structure_trend_swing_l': 20, 'en_order_block': True, 'order_block_swing_l': 12, 'en_fvg': False, 'fvg_lookback': 25, 'en_ifvg': True, 'en_breaker': True, 'breaker_swing_l': 11, 'en_cisd': False, 'k': 2, 'en_cap_bars': True, 'cap_1min': 249}.
[I 2026-07-13 15:53:16,589] Trial 2022 pruned. 
[I 2026-07-13 15:53:17,264] Trial 2023 finished with values: [4313.143477171159, -2080.8466940475364, 38.55] and parameters: {'sl_soft': 0.012449898143873723, 'sl_hard_delta': 0.0027263521951513352, 'tp': 0.03279738638812957, 'gate_pct': 95.95343074681206, 'dd_limit': 0.5820363533127576, 'cooldown': 0, 'flip': True, 'en_ema_trend': True, 'ema_trend_fast': 205, 'ema_trend_slow': 187, 'en_sma_trend': False, 'sma_trend_fast': 89, 'sma_trend_slow': 19, 'en_macd': False, 'macd_fast': 82, 'macd_slow': 191, 'macd_signal': 83, 'en_vwap': False, 'en_keltner': True, 'keltner_n': 70, 'keltner_m': 1.2000000000000002, 'en_obv': False, 'obv_slope': 36, 'en_cci': True, 'cci_n': 135, 'cci_threshold': 250, 'en_rsi': True, 'rsi_n': 42, 'rsi_lower': 34, 'rsi_upper': 74, 'en_stochastic': False, 'stochastic_n': 15, 'stochastic_d': 27, 'stochastic_lower': 16, 'stochastic_upper': 72, 'en_mfi': False, 'mfi_n': 7, 'mfi_lower': 46, 'mfi_upper': 85, 'en_bollinger': False, 'bollinger_n': 40, 'bollinger_k': 3.4000000000000004, 'en_adx': False, 'adx_n': 26, 'adx_threshold': 8, 'en_structure_trend': False, 'structure_trend_swing_l': 7, 'en_order_block': False, 'order_block_swing_l': 4, 'en_fvg': False, 'fvg_lookback': 40, 'en_ifvg': True, 'en_breaker': True, 'breaker_swing_l': 11, 'en_cisd': False, 'k': 2, 'en_cap_bars': True, 'cap_1min': 249}.
[I 2026-07-13 15:53:17,839] Trial 2024 finished with values: [713.6784905984861, -905.2604900027461, 50.85] and parameters: {'sl_soft': 0.023138233233501303, 'sl_hard_delta': 0.0027263521951513352, 'tp': 0.03784160265645054, 'gate_pct': 86.42595282114276, 'dd_limit': 0.7899894121384478, 'cooldown': 0, 'flip': True, 'en_ema_trend': False, 'ema_trend_fast': 205, 'ema_trend_slow': 187, 'en_sma_trend': True, 'sma_trend_fast': 89, 'sma_trend_slow': 222, 'en_macd': False, 'macd_fast': 82, 'macd_slow': 127, 'macd_signal': 83, 'en_vwap': False, 'en_keltner': False, 'keltner_n': 17, 'keltner_m': 1.2000000000000002, 'en_obv': False, 'obv_slope': 53, 'en_cci': True, 'cci_n': 128, 'cci_threshold': 250, 'en_rsi': True, 'rsi_n': 68, 'rsi_lower': 18, 'rsi_upper': 68, 'en_stochastic': True, 'stochastic_n': 13, 'stochastic_d': 27, 'stochastic_lower': 20, 'stochastic_upper': 93, 'en_mfi': False, 'mfi_n': 7, 'mfi_lower': 46, 'mfi_upper': 84, 'en_bollinger': False, 'bollinger_n': 112, 'bollinger_k': 4.8, 'en_adx': False, 'adx_n': 79, 'adx_threshold': 40, 'en_structure_trend': False, 'structure_trend_swing_l': 20, 'en_order_block': False, 'order_block_swing_l': 4, 'en_fvg': True, 'fvg_lookback': 40, 'en_ifvg': True, 'en_breaker': False, 'breaker_swing_l': 3, 'en_cisd': False, 'k': 5, 'en_cap_bars': True, 'cap_1min': 1032}.
[I 2026-07-13 15:53:18,542] Trial 2025 finished with values: [3568.712328226855, -1480.9517482512938, 40.15] and parameters: {'sl_soft': 0.012449898143873723, 'sl_hard_delta': 0.0027263521951513352, 'tp': 0.03279738638812957, 'gate_pct': 95.95343074681206, 'dd_limit': 0.7899894121384478, 'cooldown': 0, 'flip': True, 'en_ema_trend': False, 'ema_trend_fast': 360, 'ema_trend_slow': 304, 'en_sma_trend': True, 'sma_trend_fast': 89, 'sma_trend_slow': 19, 'en_macd': True, 'macd_fast': 68, 'macd_slow': 127, 'macd_signal': 83, 'en_vwap': False, 'en_keltner': False, 'keltner_n': 70, 'keltner_m': 1.8, 'en_obv': False, 'obv_slope': 192, 'en_cci': True, 'cci_n': 32, 'cci_threshold': 250, 'en_rsi': True, 'rsi_n': 42, 'rsi_lower': 18, 'rsi_upper': 74, 'en_stochastic': False, 'stochastic_n': 13, 'stochastic_d': 27, 'stochastic_lower': 36, 'stochastic_upper': 51, 'en_mfi': False, 'mfi_n': 7, 'mfi_lower': 41, 'mfi_upper': 84, 'en_bollinger': False, 'bollinger_n': 198, 'bollinger_k': 4.8, 'en_adx': False, 'adx_n': 3, 'adx_threshold': 8, 'en_structure_trend': False, 'structure_trend_swing_l': 20, 'en_order_block': True, 'order_block_swing_l': 4, 'en_fvg': False, 'fvg_lookback': 40, 'en_ifvg': True, 'en_breaker': True, 'breaker_swing_l': 3, 'en_cisd': True, 'k': 2, 'en_cap_bars': True, 'cap_1min': 1363}.
[I 2026-07-13 15:53:19,074] Trial 2026 finished with values: [2256.787529734901, -4525.224687051188, 47.6] and parameters: {'sl_soft': 0.023138233233501303, 'sl_hard_delta': 0.012510442083255932, 'tp': 0.044694053584836385, 'gate_pct': 86.42595282114276, 'dd_limit': 0.5820363533127576, 'cooldown': 0, 'flip': True, 'en_ema_trend': False, 'ema_trend_fast': 205, 'ema_trend_slow': 350, 'en_sma_trend': False, 'sma_trend_fast': 125, 'sma_trend_slow': 242, 'en_macd': False, 'macd_fast': 82, 'macd_slow': 127, 'macd_signal': 83, 'en_vwap': True, 'en_keltner': True, 'keltner_n': 43, 'keltner_m': 1.2000000000000002, 'en_obv': False, 'obv_slope': 192, 'en_cci': False, 'cci_n': 32, 'cci_threshold': 25, 'en_rsi': True, 'rsi_n': 68, 'rsi_lower': 11, 'rsi_upper': 74, 'en_stochastic': False, 'stochastic_n': 13, 'stochastic_d': 49, 'stochastic_lower': 9, 'stochastic_upper': 93, 'en_mfi': False, 'mfi_n': 17, 'mfi_lower': 46, 'mfi_upper': 85, 'en_bollinger': False, 'bollinger_n': 112, 'bollinger_k': 3.1, 'en_adx': False, 'adx_n': 24, 'adx_threshold': 26, 'en_structure_trend': False, 'structure_trend_swing_l': 20, 'en_order_block': True, 'order_block_swing_l': 4, 'en_fvg': False, 'fvg_lookback': 40, 'en_ifvg': True, 'en_breaker': False, 'breaker_swing_l': 11, 'en_cisd': True, 'k': 2, 'en_cap_bars': True, 'cap_1min': 1363}.
[I 2026-07-13 15:53:21,051] Trial 2027 finished with values: [-1471.272246756072, -10558.8920471963, 52.8] and parameters: {'sl_soft': 0.014509835179219626, 'sl_hard_delta': 0.01974966680532401, 'tp': 0.023956614665222156, 'gate_pct': 95.95343074681206, 'dd_limit': 0.7899894121384478, 'cooldown': 0, 'flip': True, 'en_ema_trend': False, 'ema_trend_fast': 360, 'ema_trend_slow': 176, 'en_sma_trend': True, 'sma_trend_fast': 187, 'sma_trend_slow': 50, 'en_macd': True, 'macd_fast': 88, 'macd_slow': 85, 'macd_signal': 11, 'en_vwap': False, 'en_keltner': True, 'keltner_n': 141, 'keltner_m': 4.0, 'en_obv': False, 'obv_slope': 82, 'en_cci': True, 'cci_n': 128, 'cci_threshold': 275, 'en_rsi': True, 'rsi_n': 42, 'rsi_lower': 18, 'rsi_upper': 55, 'en_stochastic': False, 'stochastic_n': 13, 'stochastic_d': 27, 'stochastic_lower': 20, 'stochastic_upper': 51, 'en_mfi': False, 'mfi_n': 7, 'mfi_lower': 46, 'mfi_upper': 85, 'en_bollinger': False, 'bollinger_n': 127, 'bollinger_k': 1.7000000000000002, 'en_adx': False, 'adx_n': 24, 'adx_threshold': 53, 'en_structure_trend': False, 'structure_trend_swing_l': 7, 'en_order_block': False, 'order_block_swing_l': 19, 'en_fvg': False, 'fvg_lookback': 14, 'en_ifvg': True, 'en_breaker': True, 'breaker_swing_l': 3, 'en_cisd': False, 'k': 2, 'en_cap_bars': True, 'cap_1min': 249}.
[I 2026-07-13 15:53:27,476] Trial 2028 finished with values: [1963.375511313181, -1649.9712313187586, 52.8] and parameters: {'sl_soft': 0.023138233233501303, 'sl_hard_delta': 0.0027263521951513352, 'tp': 0.03784160265645054, 'gate_pct': 86.42595282114276, 'dd_limit': 0.7899894121384478, 'cooldown': 0, 'flip': True, 'en_ema_trend': False, 'ema_trend_fast': 205, 'ema_trend_slow': 350, 'en_sma_trend': True, 'sma_trend_fast': 89, 'sma_trend_slow': 222, 'en_macd': True, 'macd_fast': 82, 'macd_slow': 127, 'macd_signal': 83, 'en_vwap': False, 'en_keltner': False, 'keltner_n': 17, 'keltner_m': 4.8, 'en_obv': False, 'obv_slope': 82, 'en_cci': True, 'cci_n': 32, 'cci_threshold': 250, 'en_rsi': True, 'rsi_n': 42, 'rsi_lower': 18, 'rsi_upper': 74, 'en_stochastic': True, 'stochastic_n': 7, 'stochastic_d': 27, 'stochastic_lower': 16, 'stochastic_upper': 93, 'en_mfi': False, 'mfi_n': 7, 'mfi_lower': 46, 'mfi_upper': 84, 'en_bollinger': False, 'bollinger_n': 127, 'bollinger_k': 4.8, 'en_adx': False, 'adx_n': 24, 'adx_threshold': 8, 'en_structure_trend': False, 'structure_trend_swing_l': 7, 'en_order_block': True, 'order_block_swing_l': 4, 'en_fvg': True, 'fvg_lookback': 40, 'en_ifvg': True, 'en_breaker': False, 'breaker_swing_l': 3, 'en_cisd': True, 'k': 4, 'en_cap_bars': False, 'cap_1min': 77}.
[I 2026-07-13 15:53:28,005] Trial 2029 finished with values: [1472.982285244804, -6591.160962025144, 59.95] and parameters: {'sl_soft': 0.023138233233501303, 'sl_hard_delta': 0.01974966680532401, 'tp': 0.03279738638812957, 'gate_pct': 86.42595282114276, 'dd_limit': 0.5820363533127576, 'cooldown': 0, 'flip': True, 'en_ema_trend': True, 'ema_trend_fast': 360, 'ema_trend_slow': 350, 'en_sma_trend': False, 'sma_trend_fast': 89, 'sma_trend_slow': 185, 'en_macd': True, 'macd_fast': 100, 'macd_slow': 127, 'macd_signal': 83, 'en_vwap': False, 'en_keltner': True, 'keltner_n': 87, 'keltner_m': 1.2000000000000002, 'en_obv': False, 'obv_slope': 192, 'en_cci': True, 'cci_n': 32, 'cci_threshold': 275, 'en_rsi': False, 'rsi_n': 42, 'rsi_lower': 18, 'rsi_upper': 74, 'en_stochastic': False, 'stochastic_n': 13, 'stochastic_d': 49, 'stochastic_lower': 36, 'stochastic_upper': 93, 'en_mfi': False, 'mfi_n': 72, 'mfi_lower': 1, 'mfi_upper': 84, 'en_bollinger': False, 'bollinger_n': 112, 'bollinger_k': 4.8, 'en_adx': False, 'adx_n': 79, 'adx_threshold': 29, 'en_structure_trend': False, 'structure_trend_swing_l': 7, 'en_order_block': True, 'order_block_swing_l': 4, 'en_fvg': False, 'fvg_lookback': 40, 'en_ifvg': True, 'en_breaker': True, 'breaker_swing_l': 3, 'en_cisd': False, 'k': 2, 'en_cap_bars': True, 'cap_1min': 1032}.
[I 2026-07-13 15:53:28,398] Trial 2030 finished with values: [1305.7113197083931, -2227.1480260307894, 45.75] and parameters: {'sl_soft': 0.023138233233501303, 'sl_hard_delta': 0.0027263521951513352, 'tp': 0.03784160265645054, 'gate_pct': 86.42595282114276, 'dd_limit': 0.7899894121384478, 'cooldown': 0, 'flip': True, 'en_ema_trend': False, 'ema_trend_fast': 205, 'ema_trend_slow': 350, 'en_sma_trend': True, 'sma_trend_fast': 89, 'sma_trend_slow': 222, 'en_macd': True, 'macd_fast': 82, 'macd_slow': 127, 'macd_signal': 83, 'en_vwap': False, 'en_keltner': False, 'keltner_n': 17, 'keltner_m': 4.8, 'en_obv': False, 'obv_slope': 53, 'en_cci': True, 'cci_n': 32, 'cci_threshold': 250, 'en_rsi': True, 'rsi_n': 68, 'rsi_lower': 18, 'rsi_upper': 68, 'en_stochastic': True, 'stochastic_n': 7, 'stochastic_d': 27, 'stochastic_lower': 9, 'stochastic_upper': 93, 'en_mfi': False, 'mfi_n': 72, 'mfi_lower': 46, 'mfi_upper': 84, 'en_bollinger': False, 'bollinger_n': 112, 'bollinger_k': 3.4000000000000004, 'en_adx': False, 'adx_n': 79, 'adx_threshold': 40, 'en_structure_trend': False, 'structure_trend_swing_l': 20, 'en_order_block': True, 'order_block_swing_l': 4, 'en_fvg': True, 'fvg_lookback': 40, 'en_ifvg': True, 'en_breaker': False, 'breaker_swing_l': 3, 'en_cisd': True, 'k': 3, 'en_cap_bars': True, 'cap_1min': 1032}.
[I 2026-07-13 15:53:30,407] Trial 2031 pruned. 
[I 2026-07-13 15:53:30,632] Trial 2032 pruned. 
[I 2026-07-13 15:53:33,031] Trial 2033 pruned. 
[I 2026-07-13 15:53:36,933] Trial 2034 finished with values: [743.7871993048796, -905.2604900027461, 47.849999999999994] and parameters: {'sl_soft': 0.023138233233501303, 'sl_hard_delta': 0.0027263521951513352, 'tp': 0.03784160265645054, 'gate_pct': 86.42595282114276, 'dd_limit': 0.7899894121384478, 'cooldown': 0, 'flip': True, 'en_ema_trend': False, 'ema_trend_fast': 205, 'ema_trend_slow': 350, 'en_sma_trend': True, 'sma_trend_fast': 187, 'sma_trend_slow': 222, 'en_macd': True, 'macd_fast': 60, 'macd_slow': 127, 'macd_signal': 83, 'en_vwap': False, 'en_keltner': False, 'keltner_n': 53, 'keltner_m': 4.0, 'en_obv': False, 'obv_slope': 82, 'en_cci': True, 'cci_n': 32, 'cci_threshold': 250, 'en_rsi': True, 'rsi_n': 75, 'rsi_lower': 18, 'rsi_upper': 68, 'en_stochastic': True, 'stochastic_n': 46, 'stochastic_d': 27, 'stochastic_lower': 20, 'stochastic_upper': 93, 'en_mfi': False, 'mfi_n': 72, 'mfi_lower': 46, 'mfi_upper': 59, 'en_bollinger': False, 'bollinger_n': 40, 'bollinger_k': 3.4000000000000004, 'en_adx': False, 'adx_n': 24, 'adx_threshold': 40, 'en_structure_trend': False, 'structure_trend_swing_l': 20, 'en_order_block': False, 'order_block_swing_l': 19, 'en_fvg': True, 'fvg_lookback': 40, 'en_ifvg': False, 'en_breaker': False, 'breaker_swing_l': 3, 'en_cisd': False, 'k': 5, 'en_cap_bars': True, 'cap_1min': 249}.
[I 2026-07-13 15:53:37,498] Trial 2035 finished with values: [2097.5053784333218, -2978.4236895656586, 52.7] and parameters: {'sl_soft': 0.023138233233501303, 'sl_hard_delta': 0.0027263521951513352, 'tp': 0.03279738638812957, 'gate_pct': 86.42595282114276, 'dd_limit': 3.6765110954600555, 'cooldown': 0, 'flip': True, 'en_ema_trend': False, 'ema_trend_fast': 91, 'ema_trend_slow': 350, 'en_sma_trend': True, 'sma_trend_fast': 125, 'sma_trend_slow': 242, 'en_macd': True, 'macd_fast': 82, 'macd_slow': 150, 'macd_signal': 83, 'en_vwap': False, 'en_keltner': False, 'keltner_n': 17, 'keltner_m': 4.8, 'en_obv': False, 'obv_slope': 192, 'en_cci': True, 'cci_n': 32, 'cci_threshold': 230, 'en_rsi': False, 'rsi_n': 75, 'rsi_lower': 11, 'rsi_upper': 74, 'en_stochastic': False, 'stochastic_n': 71, 'stochastic_d': 28, 'stochastic_lower': 9, 'stochastic_upper': 93, 'en_mfi': False, 'mfi_n': 17, 'mfi_lower': 1, 'mfi_upper': 84, 'en_bollinger': False, 'bollinger_n': 176, 'bollinger_k': 4.8, 'en_adx': False, 'adx_n': 26, 'adx_threshold': 7, 'en_structure_trend': False, 'structure_trend_swing_l': 20, 'en_order_block': True, 'order_block_swing_l': 9, 'en_fvg': False, 'fvg_lookback': 39, 'en_ifvg': True, 'en_breaker': True, 'breaker_swing_l': 3, 'en_cisd': True, 'k': 2, 'en_cap_bars': True, 'cap_1min': 1109}.
