[I 2026-07-13 16:08:48,000] Trial 2656 finished with values: [1700.0072531116928, -1414.1896971106148, 44.95] and parameters: {'sl_soft': 0.017230184982709684, 'sl_hard_delta': 0.0027263521951513352, 'tp': 0.03279738638812957, 'gate_pct': 86.42595282114276, 'dd_limit': 0.5820363533127576, 'cooldown': 0, 'flip': True, 'en_ema_trend': True, 'ema_trend_fast': 205, 'ema_trend_slow': 350, 'en_sma_trend': False, 'sma_trend_fast': 89, 'sma_trend_slow': 222, 'en_macd': True, 'macd_fast': 100, 'macd_slow': 191, 'macd_signal': 83, 'en_vwap': True, 'en_keltner': True, 'keltner_n': 87, 'keltner_m': 4.8, 'en_obv': False, 'obv_slope': 53, 'en_cci': True, 'cci_n': 32, 'cci_threshold': 275, 'en_rsi': False, 'rsi_n': 42, 'rsi_lower': 34, 'rsi_upper': 68, 'en_stochastic': False, 'stochastic_n': 7, 'stochastic_d': 27, 'stochastic_lower': 16, 'stochastic_upper': 93, 'en_mfi': False, 'mfi_n': 7, 'mfi_lower': 46, 'mfi_upper': 84, 'en_bollinger': False, 'bollinger_n': 127, 'bollinger_k': 3.4000000000000004, 'en_adx': False, 'adx_n': 79, 'adx_threshold': 40, 'en_structure_trend': False, 'structure_trend_swing_l': 7, 'en_order_block': True, 'order_block_swing_l': 4, 'en_fvg': True, 'fvg_lookback': 14, 'en_ifvg': True, 'en_breaker': False, 'breaker_swing_l': 3, 'en_cisd': False, 'k': 2, 'en_cap_bars': False, 'cap_1min': 77}.
[I 2026-07-13 16:08:48,813] Trial 2657 finished with values: [4618.276179909788, -952.9716897887247, 38.3] and parameters: {'sl_soft': 0.012449898143873723, 'sl_hard_delta': 0.0027263521951513352, 'tp': 0.03784160265645054, 'gate_pct': 86.42595282114276, 'dd_limit': 0.7899894121384478, 'cooldown': 0, 'flip': True, 'en_ema_trend': True, 'ema_trend_fast': 205, 'ema_trend_slow': 350, 'en_sma_trend': False, 'sma_trend_fast': 89, 'sma_trend_slow': 222, 'en_macd': True, 'macd_fast': 100, 'macd_slow': 127, 'macd_signal': 83, 'en_vwap': True, 'en_keltner': True, 'keltner_n': 87, 'keltner_m': 4.8, 'en_obv': False, 'obv_slope': 177, 'en_cci': True, 'cci_n': 32, 'cci_threshold': 250, 'en_rsi': False, 'rsi_n': 42, 'rsi_lower': 18, 'rsi_upper': 74, 'en_stochastic': False, 'stochastic_n': 7, 'stochastic_d': 27, 'stochastic_lower': 16, 'stochastic_upper': 93, 'en_mfi': False, 'mfi_n': 7, 'mfi_lower': 1, 'mfi_upper': 84, 'en_bollinger': False, 'bollinger_n': 127, 'bollinger_k': 3.4000000000000004, 'en_adx': False, 'adx_n': 79, 'adx_threshold': 40, 'en_structure_trend': False, 'structure_trend_swing_l': 7, 'en_order_block': True, 'order_block_swing_l': 4, 'en_fvg': False, 'fvg_lookback': 40, 'en_ifvg': True, 'en_breaker': False, 'breaker_swing_l': 3, 'en_cisd': False, 'k': 2, 'en_cap_bars': False, 'cap_1min': 77}.
[I 2026-07-13 16:08:49,543] Trial 2658 finished with values: [3653.7816011368204, -1100.882245750834, 39.55] and parameters: {'sl_soft': 0.012449898143873723, 'sl_hard_delta': 0.0027263521951513352, 'tp': 0.03784160265645054, 'gate_pct': 86.42595282114276, 'dd_limit': 0.7899894121384478, 'cooldown': 0, 'flip': True, 'en_ema_trend': True, 'ema_trend_fast': 205, 'ema_trend_slow': 350, 'en_sma_trend': False, 'sma_trend_fast': 89, 'sma_trend_slow': 222, 'en_macd': True, 'macd_fast': 82, 'macd_slow': 191, 'macd_signal': 28, 'en_vwap': True, 'en_keltner': False, 'keltner_n': 87, 'keltner_m': 4.8, 'en_obv': False, 'obv_slope': 177, 'en_cci': True, 'cci_n': 32, 'cci_threshold': 275, 'en_rsi': True, 'rsi_n': 42, 'rsi_lower': 34, 'rsi_upper': 68, 'en_stochastic': False, 'stochastic_n': 7, 'stochastic_d': 27, 'stochastic_lower': 36, 'stochastic_upper': 72, 'en_mfi': False, 'mfi_n': 72, 'mfi_lower': 46, 'mfi_upper': 84, 'en_bollinger': False, 'bollinger_n': 127, 'bollinger_k': 4.8, 'en_adx': False, 'adx_n': 79, 'adx_threshold': 40, 'en_structure_trend': False, 'structure_trend_swing_l': 7, 'en_order_block': True, 'order_block_swing_l': 4, 'en_fvg': False, 'fvg_lookback': 14, 'en_ifvg': True, 'en_breaker': False, 'breaker_swing_l': 3, 'en_cisd': True, 'k': 2, 'en_cap_bars': False, 'cap_1min': 77}.
[I 2026-07-13 16:08:50,713] Trial 2659 finished with values: [8430.228046513352, -1593.5062855975711, 35.75] and parameters: {'sl_soft': 0.012449898143873723, 'sl_hard_delta': 0.0027263521951513352, 'tp': 0.03784160265645054, 'gate_pct': 95.95343074681206, 'dd_limit': 0.7899894121384478, 'cooldown': 0, 'flip': True, 'en_ema_trend': False, 'ema_trend_fast': 205, 'ema_trend_slow': 176, 'en_sma_trend': True, 'sma_trend_fast': 187, 'sma_trend_slow': 222, 'en_macd': True, 'macd_fast': 82, 'macd_slow': 127, 'macd_signal': 83, 'en_vwap': False, 'en_keltner': False, 'keltner_n': 87, 'keltner_m': 1.2000000000000002, 'en_obv': False, 'obv_slope': 177, 'en_cci': False, 'cci_n': 32, 'cci_threshold': 250, 'en_rsi': True, 'rsi_n': 42, 'rsi_lower': 18, 'rsi_upper': 68, 'en_stochastic': False, 'stochastic_n': 13, 'stochastic_d': 49, 'stochastic_lower': 11, 'stochastic_upper': 72, 'en_mfi': False, 'mfi_n': 72, 'mfi_lower': 46, 'mfi_upper': 84, 'en_bollinger': False, 'bollinger_n': 40, 'bollinger_k': 4.8, 'en_adx': False, 'adx_n': 26, 'adx_threshold': 53, 'en_structure_trend': False, 'structure_trend_swing_l': 7, 'en_order_block': False, 'order_block_swing_l': 4, 'en_fvg': True, 'fvg_lookback': 14, 'en_ifvg': False, 'en_breaker': False, 'breaker_swing_l': 3, 'en_cisd': False, 'k': 2, 'en_cap_bars': True, 'cap_1min': 178}.
[I 2026-07-13 16:08:51,309] Trial 2660 finished with values: [6078.292053561985, -2044.333334791576, 45.099999999999994] and parameters: {'sl_soft': 0.023138233233501303, 'sl_hard_delta': 0.0027263521951513352, 'tp': 0.044694053584836385, 'gate_pct': 86.42595282114276, 'dd_limit': 0.7899894121384478, 'cooldown': 0, 'flip': True, 'en_ema_trend': True, 'ema_trend_fast': 205, 'ema_trend_slow': 350, 'en_sma_trend': True, 'sma_trend_fast': 125, 'sma_trend_slow': 242, 'en_macd': True, 'macd_fast': 60, 'macd_slow': 127, 'macd_signal': 83, 'en_vwap': False, 'en_keltner': True, 'keltner_n': 17, 'keltner_m': 1.2000000000000002, 'en_obv': False, 'obv_slope': 36, 'en_cci': False, 'cci_n': 32, 'cci_threshold': 275, 'en_rsi': False, 'rsi_n': 42, 'rsi_lower': 18, 'rsi_upper': 74, 'en_stochastic': False, 'stochastic_n': 13, 'stochastic_d': 23, 'stochastic_lower': 16, 'stochastic_upper': 93, 'en_mfi': False, 'mfi_n': 45, 'mfi_lower': 46, 'mfi_upper': 84, 'en_bollinger': False, 'bollinger_n': 112, 'bollinger_k': 4.8, 'en_adx': False, 'adx_n': 27, 'adx_threshold': 26, 'en_structure_trend': False, 'structure_trend_swing_l': 7, 'en_order_block': True, 'order_block_swing_l': 4, 'en_fvg': False, 'fvg_lookback': 40, 'en_ifvg': True, 'en_breaker': False, 'breaker_swing_l': 11, 'en_cisd': False, 'k': 2, 'en_cap_bars': True, 'cap_1min': 77}.
[I 2026-07-13 16:08:53,236] Trial 2661 finished with values: [3279.712637956358, -759.8027488623434, 38.8] and parameters: {'sl_soft': 0.012449898143873723, 'sl_hard_delta': 0.0027263521951513352, 'tp': 0.03784160265645054, 'gate_pct': 86.42595282114276, 'dd_limit': 0.5820363533127576, 'cooldown': 0, 'flip': True, 'en_ema_trend': False, 'ema_trend_fast': 205, 'ema_trend_slow': 187, 'en_sma_trend': True, 'sma_trend_fast': 89, 'sma_trend_slow': 222, 'en_macd': True, 'macd_fast': 100, 'macd_slow': 191, 'macd_signal': 83, 'en_vwap': False, 'en_keltner': True, 'keltner_n': 171, 'keltner_m': 4.8, 'en_obv': False, 'obv_slope': 36, 'en_cci': False, 'cci_n': 32, 'cci_threshold': 250, 'en_rsi': False, 'rsi_n': 42, 'rsi_lower': 18, 'rsi_upper': 68, 'en_stochastic': True, 'stochastic_n': 26, 'stochastic_d': 27, 'stochastic_lower': 16, 'stochastic_upper': 93, 'en_mfi': False, 'mfi_n': 7, 'mfi_lower': 1, 'mfi_upper': 84, 'en_bollinger': False, 'bollinger_n': 112, 'bollinger_k': 3.4000000000000004, 'en_adx': False, 'adx_n': 57, 'adx_threshold': 29, 'en_structure_trend': False, 'structure_trend_swing_l': 7, 'en_order_block': True, 'order_block_swing_l': 4, 'en_fvg': False, 'fvg_lookback': 14, 'en_ifvg': True, 'en_breaker': False, 'breaker_swing_l': 11, 'en_cisd': False, 'k': 2, 'en_cap_bars': False, 'cap_1min': 77}.
[I 2026-07-13 16:08:53,711] Trial 2662 finished with values: [2536.6470706363125, -607.05001356098, 45.4] and parameters: {'sl_soft': 0.012449898143873723, 'sl_hard_delta': 0.0027263521951513352, 'tp': 0.03401493735707513, 'gate_pct': 86.42595282114276, 'dd_limit': 0.5820363533127576, 'cooldown': 0, 'flip': True, 'en_ema_trend': False, 'ema_trend_fast': 205, 'ema_trend_slow': 350, 'en_sma_trend': True, 'sma_trend_fast': 89, 'sma_trend_slow': 222, 'en_macd': True, 'macd_fast': 82, 'macd_slow': 127, 'macd_signal': 83, 'en_vwap': True, 'en_keltner': True, 'keltner_n': 87, 'keltner_m': 4.8, 'en_obv': False, 'obv_slope': 36, 'en_cci': False, 'cci_n': 32, 'cci_threshold': 275, 'en_rsi': False, 'rsi_n': 42, 'rsi_lower': 18, 'rsi_upper': 74, 'en_stochastic': True, 'stochastic_n': 13, 'stochastic_d': 27, 'stochastic_lower': 16, 'stochastic_upper': 93, 'en_mfi': False, 'mfi_n': 7, 'mfi_lower': 46, 'mfi_upper': 51, 'en_bollinger': False, 'bollinger_n': 127, 'bollinger_k': 3.4000000000000004, 'en_adx': False, 'adx_n': 26, 'adx_threshold': 29, 'en_structure_trend': False, 'structure_trend_swing_l': 20, 'en_order_block': True, 'order_block_swing_l': 4, 'en_fvg': True, 'fvg_lookback': 40, 'en_ifvg': True, 'en_breaker': False, 'breaker_swing_l': 1, 'en_cisd': False, 'k': 2, 'en_cap_bars': True, 'cap_1min': 77}.
[I 2026-07-13 16:08:54,151] Trial 2663 finished with values: [1522.5769900934336, -1846.9310058530655, 60.2] and parameters: {'sl_soft': 0.023138233233501303, 'sl_hard_delta': 0.013950883973462502, 'tp': 0.03784160265645054, 'gate_pct': 86.42595282114276, 'dd_limit': 0.5820363533127576, 'cooldown': 0, 'flip': True, 'en_ema_trend': True, 'ema_trend_fast': 205, 'ema_trend_slow': 350, 'en_sma_trend': False, 'sma_trend_fast': 89, 'sma_trend_slow': 222, 'en_macd': True, 'macd_fast': 82, 'macd_slow': 127, 'macd_signal': 83, 'en_vwap': True, 'en_keltner': True, 'keltner_n': 17, 'keltner_m': 4.8, 'en_obv': True, 'obv_slope': 36, 'en_cci': True, 'cci_n': 32, 'cci_threshold': 275, 'en_rsi': True, 'rsi_n': 42, 'rsi_lower': 34, 'rsi_upper': 74, 'en_stochastic': True, 'stochastic_n': 13, 'stochastic_d': 27, 'stochastic_lower': 16, 'stochastic_upper': 93, 'en_mfi': False, 'mfi_n': 7, 'mfi_lower': 46, 'mfi_upper': 84, 'en_bollinger': False, 'bollinger_n': 112, 'bollinger_k': 4.8, 'en_adx': False, 'adx_n': 26, 'adx_threshold': 40, 'en_structure_trend': False, 'structure_trend_swing_l': 20, 'en_order_block': True, 'order_block_swing_l': 4, 'en_fvg': True, 'fvg_lookback': 40, 'en_ifvg': True, 'en_breaker': False, 'breaker_swing_l': 3, 'en_cisd': False, 'k': 2, 'en_cap_bars': False, 'cap_1min': 178}.
[I 2026-07-13 16:08:54,745] Trial 2664 finished with values: [2511.668651986696, -682.9312652561025, 43.05] and parameters: {'sl_soft': 0.012449898143873723, 'sl_hard_delta': 0.0027263521951513352, 'tp': 0.03279738638812957, 'gate_pct': 86.42595282114276, 'dd_limit': 0.7899894121384478, 'cooldown': 0, 'flip': True, 'en_ema_trend': True, 'ema_trend_fast': 205, 'ema_trend_slow': 350, 'en_sma_trend': True, 'sma_trend_fast': 125, 'sma_trend_slow': 242, 'en_macd': True, 'macd_fast': 82, 'macd_slow': 127, 'macd_signal': 83, 'en_vwap': False, 'en_keltner': True, 'keltner_n': 87, 'keltner_m': 1.2000000000000002, 'en_obv': False, 'obv_slope': 124, 'en_cci': True, 'cci_n': 32, 'cci_threshold': 275, 'en_rsi': False, 'rsi_n': 42, 'rsi_lower': 34, 'rsi_upper': 60, 'en_stochastic': False, 'stochastic_n': 13, 'stochastic_d': 27, 'stochastic_lower': 16, 'stochastic_upper': 93, 'en_mfi': False, 'mfi_n': 7, 'mfi_lower': 46, 'mfi_upper': 84, 'en_bollinger': False, 'bollinger_n': 112, 'bollinger_k': 4.8, 'en_adx': False, 'adx_n': 27, 'adx_threshold': 8, 'en_structure_trend': False, 'structure_trend_swing_l': 1, 'en_order_block': True, 'order_block_swing_l': 4, 'en_fvg': True, 'fvg_lookback': 40, 'en_ifvg': True, 'en_breaker': False, 'breaker_swing_l': 11, 'en_cisd': True, 'k': 4, 'en_cap_bars': True, 'cap_1min': 249}.
[I 2026-07-13 16:08:55,309] Trial 2665 finished with values: [265.9907886666879, -2265.359045491521, 45.25] and parameters: {'sl_soft': 0.023138233233501303, 'sl_hard_delta': 0.0027263521951513352, 'tp': 0.03784160265645054, 'gate_pct': 95.95343074681206, 'dd_limit': 0.5820363533127576, 'cooldown': 0, 'flip': True, 'en_ema_trend': False, 'ema_trend_fast': 205, 'ema_trend_slow': 176, 'en_sma_trend': True, 'sma_trend_fast': 187, 'sma_trend_slow': 222, 'en_macd': True, 'macd_fast': 82, 'macd_slow': 127, 'macd_signal': 83, 'en_vwap': False, 'en_keltner': True, 'keltner_n': 87, 'keltner_m': 1.2000000000000002, 'en_obv': False, 'obv_slope': 177, 'en_cci': False, 'cci_n': 32, 'cci_threshold': 250, 'en_rsi': True, 'rsi_n': 42, 'rsi_lower': 34, 'rsi_upper': 74, 'en_stochastic': True, 'stochastic_n': 13, 'stochastic_d': 27, 'stochastic_lower': 16, 'stochastic_upper': 72, 'en_mfi': False, 'mfi_n': 7, 'mfi_lower': 46, 'mfi_upper': 84, 'en_bollinger': False, 'bollinger_n': 112, 'bollinger_k': 4.8, 'en_adx': False, 'adx_n': 26, 'adx_threshold': 53, 'en_structure_trend': False, 'structure_trend_swing_l': 7, 'en_order_block': True, 'order_block_swing_l': 4, 'en_fvg': True, 'fvg_lookback': 40, 'en_ifvg': True, 'en_breaker': False, 'breaker_swing_l': 1, 'en_cisd': False, 'k': 2, 'en_cap_bars': True, 'cap_1min': 249}.
[I 2026-07-13 16:08:55,853] Trial 2666 finished with values: [2125.8368399747415, -3077.1759493960362, 69.6] and parameters: {'sl_soft': 0.02578091656329544, 'sl_hard_delta': 0.01974966680532401, 'tp': 0.03279738638812957, 'gate_pct': 86.42595282114276, 'dd_limit': 0.5820363533127576, 'cooldown': 0, 'flip': True, 'en_ema_trend': False, 'ema_trend_fast': 282, 'ema_trend_slow': 350, 'en_sma_trend': True, 'sma_trend_fast': 89, 'sma_trend_slow': 19, 'en_macd': True, 'macd_fast': 88, 'macd_slow': 127, 'macd_signal': 83, 'en_vwap': False, 'en_keltner': False, 'keltner_n': 17, 'keltner_m': 4.8, 'en_obv': False, 'obv_slope': 192, 'en_cci': False, 'cci_n': 32, 'cci_threshold': 250, 'en_rsi': True, 'rsi_n': 68, 'rsi_lower': 18, 'rsi_upper': 74, 'en_stochastic': True, 'stochastic_n': 13, 'stochastic_d': 49, 'stochastic_lower': 16, 'stochastic_upper': 93, 'en_mfi': False, 'mfi_n': 7, 'mfi_lower': 46, 'mfi_upper': 59, 'en_bollinger': False, 'bollinger_n': 127, 'bollinger_k': 4.8, 'en_adx': False, 'adx_n': 79, 'adx_threshold': 26, 'en_structure_trend': False, 'structure_trend_swing_l': 7, 'en_order_block': True, 'order_block_swing_l': 4, 'en_fvg': False, 'fvg_lookback': 14, 'en_ifvg': True, 'en_breaker': True, 'breaker_swing_l': 3, 'en_cisd': True, 'k': 2, 'en_cap_bars': False, 'cap_1min': 77}.
[I 2026-07-13 16:08:56,527] Trial 2667 finished with values: [3251.6990053027685, -973.3505917910545, 43.099999999999994] and parameters: {'sl_soft': 0.012449898143873723, 'sl_hard_delta': 0.0027263521951513352, 'tp': 0.03279738638812957, 'gate_pct': 86.42595282114276, 'dd_limit': 0.7899894121384478, 'cooldown': 0, 'flip': True, 'en_ema_trend': True, 'ema_trend_fast': 205, 'ema_trend_slow': 350, 'en_sma_trend': False, 'sma_trend_fast': 125, 'sma_trend_slow': 242, 'en_macd': True, 'macd_fast': 60, 'macd_slow': 191, 'macd_signal': 83, 'en_vwap': False, 'en_keltner': True, 'keltner_n': 17, 'keltner_m': 1.2000000000000002, 'en_obv': False, 'obv_slope': 36, 'en_cci': False, 'cci_n': 32, 'cci_threshold': 275, 'en_rsi': False, 'rsi_n': 42, 'rsi_lower': 34, 'rsi_upper': 74, 'en_stochastic': False, 'stochastic_n': 13, 'stochastic_d': 49, 'stochastic_lower': 16, 'stochastic_upper': 93, 'en_mfi': False, 'mfi_n': 45, 'mfi_lower': 46, 'mfi_upper': 84, 'en_bollinger': False, 'bollinger_n': 55, 'bollinger_k': 4.8, 'en_adx': False, 'adx_n': 27, 'adx_threshold': 26, 'en_structure_trend': False, 'structure_trend_swing_l': 7, 'en_order_block': True, 'order_block_swing_l': 4, 'en_fvg': True, 'fvg_lookback': 14, 'en_ifvg': True, 'en_breaker': False, 'breaker_swing_l': 3, 'en_cisd': True, 'k': 2, 'en_cap_bars': False, 'cap_1min': 77}.
[I 2026-07-13 16:08:57,147] Trial 2668 finished with values: [1281.918001917681, -1468.9273047782337, 46.650000000000006] and parameters: {'sl_soft': 0.012449898143873723, 'sl_hard_delta': 0.01974966680532401, 'tp': 0.03784160265645054, 'gate_pct': 86.42595282114276, 'dd_limit': 0.7899894121384478, 'cooldown': 0, 'flip': True, 'en_ema_trend': True, 'ema_trend_fast': 205, 'ema_trend_slow': 350, 'en_sma_trend': True, 'sma_trend_fast': 89, 'sma_trend_slow': 222, 'en_macd': True, 'macd_fast': 88, 'macd_slow': 127, 'macd_signal': 83, 'en_vwap': True, 'en_keltner': True, 'keltner_n': 17, 'keltner_m': 4.8, 'en_obv': False, 'obv_slope': 177, 'en_cci': True, 'cci_n': 157, 'cci_threshold': 275, 'en_rsi': False, 'rsi_n': 68, 'rsi_lower': 18, 'rsi_upper': 68, 'en_stochastic': True, 'stochastic_n': 13, 'stochastic_d': 49, 'stochastic_lower': 36, 'stochastic_upper': 93, 'en_mfi': False, 'mfi_n': 72, 'mfi_lower': 46, 'mfi_upper': 95, 'en_bollinger': False, 'bollinger_n': 112, 'bollinger_k': 1.7000000000000002, 'en_adx': False, 'adx_n': 79, 'adx_threshold': 40, 'en_structure_trend': False, 'structure_trend_swing_l': 7, 'en_order_block': True, 'order_block_swing_l': 4, 'en_fvg': False, 'fvg_lookback': 40, 'en_ifvg': True, 'en_breaker': False, 'breaker_swing_l': 1, 'en_cisd': False, 'k': 2, 'en_cap_bars': True, 'cap_1min': 178}.
[I 2026-07-13 16:08:57,703] Trial 2669 finished with values: [2203.766989158228, -607.05001356098, 41.849999999999994] and parameters: {'sl_soft': 0.012449898143873723, 'sl_hard_delta': 0.0027263521951513352, 'tp': 0.03784160265645054, 'gate_pct': 86.42595282114276, 'dd_limit': 0.5820363533127576, 'cooldown': 0, 'flip': True, 'en_ema_trend': False, 'ema_trend_fast': 205, 'ema_trend_slow': 350, 'en_sma_trend': True, 'sma_trend_fast': 89, 'sma_trend_slow': 222, 'en_macd': True, 'macd_fast': 100, 'macd_slow': 127, 'macd_signal': 83, 'en_vwap': False, 'en_keltner': False, 'keltner_n': 87, 'keltner_m': 4.8, 'en_obv': False, 'obv_slope': 36, 'en_cci': True, 'cci_n': 32, 'cci_threshold': 275, 'en_rsi': True, 'rsi_n': 42, 'rsi_lower': 18, 'rsi_upper': 74, 'en_stochastic': True, 'stochastic_n': 11, 'stochastic_d': 27, 'stochastic_lower': 16, 'stochastic_upper': 93, 'en_mfi': False, 'mfi_n': 7, 'mfi_lower': 1, 'mfi_upper': 95, 'en_bollinger': False, 'bollinger_n': 127, 'bollinger_k': 3.4000000000000004, 'en_adx': False, 'adx_n': 26, 'adx_threshold': 40, 'en_structure_trend': False, 'structure_trend_swing_l': 12, 'en_order_block': True, 'order_block_swing_l': 4, 'en_fvg': False, 'fvg_lookback': 40, 'en_ifvg': True, 'en_breaker': False, 'breaker_swing_l': 11, 'en_cisd': False, 'k': 2, 'en_cap_bars': False, 'cap_1min': 77}.
[I 2026-07-13 16:08:58,505] Trial 2670 finished with values: [7055.418771099564, -2017.2896773425487, 36.8] and parameters: {'sl_soft': 0.012449898143873723, 'sl_hard_delta': 0.0027263521951513352, 'tp': 0.03784160265645054, 'gate_pct': 95.95343074681206, 'dd_limit': 0.7899894121384478, 'cooldown': 0, 'flip': True, 'en_ema_trend': True, 'ema_trend_fast': 205, 'ema_trend_slow': 350, 'en_sma_trend': True, 'sma_trend_fast': 187, 'sma_trend_slow': 222, 'en_macd': True, 'macd_fast': 100, 'macd_slow': 127, 'macd_signal': 83, 'en_vwap': True, 'en_keltner': True, 'keltner_n': 87, 'keltner_m': 1.2000000000000002, 'en_obv': False, 'obv_slope': 36, 'en_cci': False, 'cci_n': 32, 'cci_threshold': 275, 'en_rsi': False, 'rsi_n': 42, 'rsi_lower': 18, 'rsi_upper': 68, 'en_stochastic': False, 'stochastic_n': 7, 'stochastic_d': 27, 'stochastic_lower': 16, 'stochastic_upper': 93, 'en_mfi': False, 'mfi_n': 7, 'mfi_lower': 46, 'mfi_upper': 84, 'en_bollinger': False, 'bollinger_n': 127, 'bollinger_k': 3.4000000000000004, 'en_adx': False, 'adx_n': 79, 'adx_threshold': 29, 'en_structure_trend': False, 'structure_trend_swing_l': 7, 'en_order_block': True, 'order_block_swing_l': 4, 'en_fvg': False, 'fvg_lookback': 14, 'en_ifvg': True, 'en_breaker': False, 'breaker_swing_l': 3, 'en_cisd': True, 'k': 2, 'en_cap_bars': True, 'cap_1min': 77}.
[I 2026-07-13 16:08:59,156] Trial 2671 finished with values: [4580.335554062227, -865.6351601130687, 38.5] and parameters: {'sl_soft': 0.012449898143873723, 'sl_hard_delta': 0.0027263521951513352, 'tp': 0.03784160265645054, 'gate_pct': 86.42595282114276, 'dd_limit': 0.7899894121384478, 'cooldown': 0, 'flip': True, 'en_ema_trend': True, 'ema_trend_fast': 205, 'ema_trend_slow': 350, 'en_sma_trend': True, 'sma_trend_fast': 89, 'sma_trend_slow': 222, 'en_macd': True, 'macd_fast': 100, 'macd_slow': 191, 'macd_signal': 83, 'en_vwap': True, 'en_keltner': True, 'keltner_n': 87, 'keltner_m': 4.8, 'en_obv': False, 'obv_slope': 36, 'en_cci': False, 'cci_n': 32, 'cci_threshold': 250, 'en_rsi': False, 'rsi_n': 42, 'rsi_lower': 18, 'rsi_upper': 74, 'en_stochastic': False, 'stochastic_n': 11, 'stochastic_d': 27, 'stochastic_lower': 36, 'stochastic_upper': 93, 'en_mfi': False, 'mfi_n': 7, 'mfi_lower': 46, 'mfi_upper': 84, 'en_bollinger': False, 'bollinger_n': 127, 'bollinger_k': 3.4000000000000004, 'en_adx': False, 'adx_n': 79, 'adx_threshold': 29, 'en_structure_trend': False, 'structure_trend_swing_l': 20, 'en_order_block': True, 'order_block_swing_l': 4, 'en_fvg': False, 'fvg_lookback': 40, 'en_ifvg': True, 'en_breaker': False, 'breaker_swing_l': 11, 'en_cisd': False, 'k': 2, 'en_cap_bars': False, 'cap_1min': 77}.
