[I 2026-07-13 15:41:56,409] Trial 1689 finished with values: [-1503.546097411075, -11828.36380675015, 49.45] and parameters: {'sl_soft': 0.01239372502010468, 'sl_hard_delta': 0.01974966680532401, 'tp': 0.023258156370033756, 'gate_pct': 99.52194572971088, 'dd_limit': 8.990165933787594, 'cooldown': 0, 'flip': False, 'en_ema_trend': True, 'ema_trend_fast': 323, 'ema_trend_slow': 362, 'en_sma_trend': True, 'sma_trend_fast': 191, 'sma_trend_slow': 100, 'en_macd': True, 'macd_fast': 29, 'macd_slow': 11, 'macd_signal': 87, 'en_vwap': True, 'en_keltner': False, 'keltner_n': 56, 'keltner_m': 0.5, 'en_obv': True, 'obv_slope': 85, 'en_cci': False, 'cci_n': 118, 'cci_threshold': 275, 'en_rsi': False, 'rsi_n': 79, 'rsi_lower': 16, 'rsi_upper': 89, 'en_stochastic': True, 'stochastic_n': 13, 'stochastic_d': 49, 'stochastic_lower': 37, 'stochastic_upper': 89, 'en_mfi': True, 'mfi_n': 65, 'mfi_lower': 12, 'mfi_upper': 84, 'en_bollinger': False, 'bollinger_n': 139, 'bollinger_k': 2.3, 'en_adx': False, 'adx_n': 41, 'adx_threshold': 40, 'en_structure_trend': True, 'structure_trend_swing_l': 7, 'en_order_block': False, 'order_block_swing_l': 4, 'en_fvg': False, 'fvg_lookback': 40, 'en_ifvg': True, 'en_breaker': False, 'breaker_swing_l': 17, 'en_cisd': False, 'k': 1, 'en_cap_bars': True, 'cap_1min': 77}.
[I 2026-07-13 15:41:57,535] Trial 1690 pruned. 
[I 2026-07-13 15:41:58,505] Trial 1691 pruned. 
[I 2026-07-13 15:41:59,293] Trial 1692 finished with values: [430.68164101791575, -2728.361407377165, 51.05] and parameters: {'sl_soft': 0.015396926007329708, 'sl_hard_delta': 0.01974966680532401, 'tp': 0.03279738638812957, 'gate_pct': 86.42595282114276, 'dd_limit': 6.998800575439505, 'cooldown': 0, 'flip': True, 'en_ema_trend': False, 'ema_trend_fast': 360, 'ema_trend_slow': 350, 'en_sma_trend': True, 'sma_trend_fast': 391, 'sma_trend_slow': 19, 'en_macd': True, 'macd_fast': 29, 'macd_slow': 191, 'macd_signal': 23, 'en_vwap': False, 'en_keltner': False, 'keltner_n': 87, 'keltner_m': 1.2000000000000002, 'en_obv': False, 'obv_slope': 192, 'en_cci': True, 'cci_n': 108, 'cci_threshold': 275, 'en_rsi': False, 'rsi_n': 42, 'rsi_lower': 18, 'rsi_upper': 74, 'en_stochastic': False, 'stochastic_n': 13, 'stochastic_d': 49, 'stochastic_lower': 36, 'stochastic_upper': 51, 'en_mfi': False, 'mfi_n': 72, 'mfi_lower': 32, 'mfi_upper': 85, 'en_bollinger': False, 'bollinger_n': 112, 'bollinger_k': 4.8, 'en_adx': False, 'adx_n': 79, 'adx_threshold': 29, 'en_structure_trend': False, 'structure_trend_swing_l': 7, 'en_order_block': False, 'order_block_swing_l': 4, 'en_fvg': False, 'fvg_lookback': 14, 'en_ifvg': True, 'en_breaker': True, 'breaker_swing_l': 11, 'en_cisd': False, 'k': 2, 'en_cap_bars': True, 'cap_1min': 77}.
[I 2026-07-13 15:41:59,964] Trial 1693 pruned. 
[I 2026-07-13 15:42:01,711] Trial 1694 finished with values: [-46.784106694293115, -1660.8746331238676, 70.30000000000001] and parameters: {'sl_soft': 0.028493661686441754, 'sl_hard_delta': 0.003069903022346389, 'tp': 0.01219055325535965, 'gate_pct': 95.95343074681206, 'dd_limit': 1.7439494970493132, 'cooldown': 29, 'flip': True, 'en_ema_trend': False, 'ema_trend_fast': 93, 'ema_trend_slow': 150, 'en_sma_trend': True, 'sma_trend_fast': 187, 'sma_trend_slow': 365, 'en_macd': False, 'macd_fast': 60, 'macd_slow': 56, 'macd_signal': 83, 'en_vwap': True, 'en_keltner': True, 'keltner_n': 17, 'keltner_m': 4.0, 'en_obv': True, 'obv_slope': 68, 'en_cci': False, 'cci_n': 141, 'cci_threshold': 250, 'en_rsi': True, 'rsi_n': 75, 'rsi_lower': 13, 'rsi_upper': 65, 'en_stochastic': False, 'stochastic_n': 26, 'stochastic_d': 27, 'stochastic_lower': 38, 'stochastic_upper': 68, 'en_mfi': False, 'mfi_n': 59, 'mfi_lower': 46, 'mfi_upper': 59, 'en_bollinger': False, 'bollinger_n': 40, 'bollinger_k': 1.7000000000000002, 'en_adx': False, 'adx_n': 90, 'adx_threshold': 43, 'en_structure_trend': False, 'structure_trend_swing_l': 2, 'en_order_block': False, 'order_block_swing_l': 10, 'en_fvg': True, 'fvg_lookback': 41, 'en_ifvg': False, 'en_breaker': True, 'breaker_swing_l': 16, 'en_cisd': False, 'k': 5, 'en_cap_bars': True, 'cap_1min': 898}.
[I 2026-07-13 15:42:08,958] Trial 1695 finished with values: [318.9633409602343, -1022.4668352122635, 44.55] and parameters: {'sl_soft': 0.012509702096079985, 'sl_hard_delta': 0.00793963460816193, 'tp': 0.03401493735707513, 'gate_pct': 96.7516051221724, 'dd_limit': 0.5820363533127576, 'cooldown': 5, 'flip': False, 'en_ema_trend': False, 'ema_trend_fast': 339, 'ema_trend_slow': 218, 'en_sma_trend': False, 'sma_trend_fast': 210, 'sma_trend_slow': 185, 'en_macd': False, 'macd_fast': 100, 'macd_slow': 150, 'macd_signal': 57, 'en_vwap': False, 'en_keltner': True, 'keltner_n': 46, 'keltner_m': 1.3, 'en_obv': True, 'obv_slope': 36, 'en_cci': True, 'cci_n': 135, 'cci_threshold': 45, 'en_rsi': False, 'rsi_n': 6, 'rsi_lower': 34, 'rsi_upper': 90, 'en_stochastic': True, 'stochastic_n': 86, 'stochastic_d': 35, 'stochastic_lower': 16, 'stochastic_upper': 72, 'en_mfi': True, 'mfi_n': 45, 'mfi_lower': 1, 'mfi_upper': 73, 'en_bollinger': True, 'bollinger_n': 176, 'bollinger_k': 3.8000000000000003, 'en_adx': False, 'adx_n': 26, 'adx_threshold': 49, 'en_structure_trend': True, 'structure_trend_swing_l': 5, 'en_order_block': False, 'order_block_swing_l': 12, 'en_fvg': False, 'fvg_lookback': 38, 'en_ifvg': False, 'en_breaker': True, 'breaker_swing_l': 11, 'en_cisd': False, 'k': 2, 'en_cap_bars': True, 'cap_1min': 85}.
[I 2026-07-13 15:42:10,820] Trial 1696 pruned. 
[I 2026-07-13 15:42:11,182] Trial 1697 pruned. 
[I 2026-07-13 15:42:15,245] Trial 1698 finished with values: [1677.2735264770413, -1649.1184830834977, 52.9] and parameters: {'sl_soft': 0.014509835179219626, 'sl_hard_delta': 0.00610414585932106, 'tp': 0.04310350832060598, 'gate_pct': 95.95343074681206, 'dd_limit': 0.7899894121384478, 'cooldown': 4, 'flip': True, 'en_ema_trend': True, 'ema_trend_fast': 205, 'ema_trend_slow': 218, 'en_sma_trend': True, 'sma_trend_fast': 210, 'sma_trend_slow': 185, 'en_macd': True, 'macd_fast': 100, 'macd_slow': 85, 'macd_signal': 83, 'en_vwap': True, 'en_keltner': True, 'keltner_n': 17, 'keltner_m': 4.0, 'en_obv': False, 'obv_slope': 82, 'en_cci': False, 'cci_n': 135, 'cci_threshold': 135, 'en_rsi': True, 'rsi_n': 27, 'rsi_lower': 43, 'rsi_upper': 68, 'en_stochastic': False, 'stochastic_n': 46, 'stochastic_d': 27, 'stochastic_lower': 20, 'stochastic_upper': 72, 'en_mfi': True, 'mfi_n': 7, 'mfi_lower': 46, 'mfi_upper': 80, 'en_bollinger': True, 'bollinger_n': 40, 'bollinger_k': 2.8000000000000003, 'en_adx': False, 'adx_n': 24, 'adx_threshold': 49, 'en_structure_trend': True, 'structure_trend_swing_l': 14, 'en_order_block': False, 'order_block_swing_l': 18, 'en_fvg': True, 'fvg_lookback': 39, 'en_ifvg': False, 'en_breaker': True, 'breaker_swing_l': 11, 'en_cisd': False, 'k': 5, 'en_cap_bars': False, 'cap_1min': 1109}.
[I 2026-07-13 15:42:17,978] Trial 1699 finished with values: [-128.99465264371898, -7995.886316767652, 59.6] and parameters: {'sl_soft': 0.01239372502010468, 'sl_hard_delta': 0.01974966680532401, 'tp': 0.018803392344604333, 'gate_pct': 86.42595282114276, 'dd_limit': 9.066216783758431, 'cooldown': 0, 'flip': True, 'en_ema_trend': True, 'ema_trend_fast': 162, 'ema_trend_slow': 367, 'en_sma_trend': False, 'sma_trend_fast': 331, 'sma_trend_slow': 12, 'en_macd': True, 'macd_fast': 29, 'macd_slow': 88, 'macd_signal': 40, 'en_vwap': False, 'en_keltner': False, 'keltner_n': 61, 'keltner_m': 5.0, 'en_obv': True, 'obv_slope': 191, 'en_cci': False, 'cci_n': 10, 'cci_threshold': 275, 'en_rsi': False, 'rsi_n': 42, 'rsi_lower': 12, 'rsi_upper': 77, 'en_stochastic': False, 'stochastic_n': 13, 'stochastic_d': 49, 'stochastic_lower': 17, 'stochastic_upper': 91, 'en_mfi': False, 'mfi_n': 77, 'mfi_lower': 12, 'mfi_upper': 57, 'en_bollinger': True, 'bollinger_n': 56, 'bollinger_k': 4.8, 'en_adx': False, 'adx_n': 32, 'adx_threshold': 26, 'en_structure_trend': True, 'structure_trend_swing_l': 13, 'en_order_block': False, 'order_block_swing_l': 4, 'en_fvg': False, 'fvg_lookback': 47, 'en_ifvg': True, 'en_breaker': False, 'breaker_swing_l': 13, 'en_cisd': False, 'k': 3, 'en_cap_bars': True, 'cap_1min': 77}.
[I 2026-07-13 15:42:18,478] Trial 1700 finished with values: [265.9407411998237, -3853.235384492508, 51.25] and parameters: {'sl_soft': 0.015396926007329708, 'sl_hard_delta': 0.01974966680532401, 'tp': 0.03279738638812957, 'gate_pct': 86.42595282114276, 'dd_limit': 6.998800575439505, 'cooldown': 0, 'flip': True, 'en_ema_trend': False, 'ema_trend_fast': 360, 'ema_trend_slow': 350, 'en_sma_trend': True, 'sma_trend_fast': 391, 'sma_trend_slow': 19, 'en_macd': True, 'macd_fast': 29, 'macd_slow': 191, 'macd_signal': 23, 'en_vwap': False, 'en_keltner': False, 'keltner_n': 87, 'keltner_m': 1.2000000000000002, 'en_obv': False, 'obv_slope': 192, 'en_cci': True, 'cci_n': 108, 'cci_threshold': 275, 'en_rsi': False, 'rsi_n': 42, 'rsi_lower': 18, 'rsi_upper': 74, 'en_stochastic': False, 'stochastic_n': 13, 'stochastic_d': 49, 'stochastic_lower': 36, 'stochastic_upper': 51, 'en_mfi': False, 'mfi_n': 72, 'mfi_lower': 32, 'mfi_upper': 85, 'en_bollinger': False, 'bollinger_n': 112, 'bollinger_k': 4.8, 'en_adx': False, 'adx_n': 79, 'adx_threshold': 29, 'en_structure_trend': False, 'structure_trend_swing_l': 7, 'en_order_block': False, 'order_block_swing_l': 4, 'en_fvg': False, 'fvg_lookback': 40, 'en_ifvg': True, 'en_breaker': True, 'breaker_swing_l': 19, 'en_cisd': False, 'k': 2, 'en_cap_bars': True, 'cap_1min': 77}.
[I 2026-07-13 15:42:28,268] Trial 1701 finished with values: [250.2386998601125, -1008.1453915008609, 30.95] and parameters: {'sl_soft': 0.01023406377730282, 'sl_hard_delta': 0.0048086454618810155, 'tp': 0.04310350832060598, 'gate_pct': 99.43003533124055, 'dd_limit': 3.6482276224843235, 'cooldown': 4, 'flip': False, 'en_ema_trend': True, 'ema_trend_fast': 93, 'ema_trend_slow': 211, 'en_sma_trend': True, 'sma_trend_fast': 396, 'sma_trend_slow': 394, 'en_macd': True, 'macd_fast': 71, 'macd_slow': 118, 'macd_signal': 53, 'en_vwap': False, 'en_keltner': True, 'keltner_n': 163, 'keltner_m': 4.4, 'en_obv': True, 'obv_slope': 58, 'en_cci': True, 'cci_n': 169, 'cci_threshold': 280, 'en_rsi': True, 'rsi_n': 93, 'rsi_lower': 43, 'rsi_upper': 68, 'en_stochastic': True, 'stochastic_n': 66, 'stochastic_d': 27, 'stochastic_lower': 47, 'stochastic_upper': 73, 'en_mfi': True, 'mfi_n': 79, 'mfi_lower': 19, 'mfi_upper': 58, 'en_bollinger': True, 'bollinger_n': 86, 'bollinger_k': 4.2, 'en_adx': False, 'adx_n': 93, 'adx_threshold': 8, 'en_structure_trend': False, 'structure_trend_swing_l': 5, 'en_order_block': False, 'order_block_swing_l': 6, 'en_fvg': False, 'fvg_lookback': 40, 'en_ifvg': False, 'en_breaker': True, 'breaker_swing_l': 3, 'en_cisd': True, 'k': 2, 'en_cap_bars': True, 'cap_1min': 995}.
[I 2026-07-13 15:42:38,902] Trial 1702 finished with values: [-730.6358021630288, -2167.5313305645, 37.1] and parameters: {'sl_soft': 0.023138233233501303, 'sl_hard_delta': 0.00610414585932106, 'tp': 0.03784160265645054, 'gate_pct': 97.17867644536658, 'dd_limit': 2.802293197200579, 'cooldown': 4, 'flip': False, 'en_ema_trend': True, 'ema_trend_fast': 93, 'ema_trend_slow': 298, 'en_sma_trend': True, 'sma_trend_fast': 89, 'sma_trend_slow': 394, 'en_macd': True, 'macd_fast': 64, 'macd_slow': 127, 'macd_signal': 83, 'en_vwap': True, 'en_keltner': True, 'keltner_n': 52, 'keltner_m': 4.0, 'en_obv': True, 'obv_slope': 85, 'en_cci': False, 'cci_n': 77, 'cci_threshold': 75, 'en_rsi': False, 'rsi_n': 68, 'rsi_lower': 16, 'rsi_upper': 58, 'en_stochastic': True, 'stochastic_n': 30, 'stochastic_d': 32, 'stochastic_lower': 9, 'stochastic_upper': 89, 'en_mfi': True, 'mfi_n': 17, 'mfi_lower': 12, 'mfi_upper': 84, 'en_bollinger': False, 'bollinger_n': 14, 'bollinger_k': 2.2, 'en_adx': False, 'adx_n': 3, 'adx_threshold': 8, 'en_structure_trend': False, 'structure_trend_swing_l': 5, 'en_order_block': False, 'order_block_swing_l': 6, 'en_fvg': False, 'fvg_lookback': 19, 'en_ifvg': True, 'en_breaker': True, 'breaker_swing_l': 17, 'en_cisd': True, 'k': 1, 'en_cap_bars': True, 'cap_1min': 456}.
[I 2026-07-13 15:42:45,103] Trial 1703 finished with values: [-41.49922906728776, -622.0278128505186, 60.4] and parameters: {'sl_soft': 0.012509702096079985, 'sl_hard_delta': 0.025651948465618055, 'tp': 0.01660067255960589, 'gate_pct': 96.7516051221724, 'dd_limit': 0.7899894121384478, 'cooldown': 6, 'flip': True, 'en_ema_trend': True, 'ema_trend_fast': 282, 'ema_trend_slow': 334, 'en_sma_trend': False, 'sma_trend_fast': 268, 'sma_trend_slow': 164, 'en_macd': False, 'macd_fast': 88, 'macd_slow': 164, 'macd_signal': 24, 'en_vwap': False, 'en_keltner': False, 'keltner_n': 67, 'keltner_m': 0.9, 'en_obv': True, 'obv_slope': 104, 'en_cci': True, 'cci_n': 128, 'cci_threshold': 45, 'en_rsi': False, 'rsi_n': 75, 'rsi_lower': 38, 'rsi_upper': 68, 'en_stochastic': True, 'stochastic_n': 26, 'stochastic_d': 14, 'stochastic_lower': 40, 'stochastic_upper': 72, 'en_mfi': True, 'mfi_n': 45, 'mfi_lower': 46, 'mfi_upper': 73, 'en_bollinger': True, 'bollinger_n': 127, 'bollinger_k': 2.7, 'en_adx': False, 'adx_n': 70, 'adx_threshold': 20, 'en_structure_trend': False, 'structure_trend_swing_l': 17, 'en_order_block': False, 'order_block_swing_l': 12, 'en_fvg': False, 'fvg_lookback': 38, 'en_ifvg': False, 'en_breaker': True, 'breaker_swing_l': 15, 'en_cisd': False, 'k': 4, 'en_cap_bars': True, 'cap_1min': 85}.
[I 2026-07-13 15:42:45,856] Trial 1704 finished with values: [2745.343147797569, -2385.5098881605118, 37.45] and parameters: {'sl_soft': 0.014509835179219626, 'sl_hard_delta': 0.0027263521951513352, 'tp': 0.03279738638812957, 'gate_pct': 95.95343074681206, 'dd_limit': 0.7899894121384478, 'cooldown': 0, 'flip': True, 'en_ema_trend': False, 'ema_trend_fast': 205, 'ema_trend_slow': 187, 'en_sma_trend': True, 'sma_trend_fast': 89, 'sma_trend_slow': 19, 'en_macd': True, 'macd_fast': 82, 'macd_slow': 127, 'macd_signal': 83, 'en_vwap': False, 'en_keltner': True, 'keltner_n': 87, 'keltner_m': 1.2000000000000002, 'en_obv': False, 'obv_slope': 82, 'en_cci': False, 'cci_n': 32, 'cci_threshold': 250, 'en_rsi': True, 'rsi_n': 42, 'rsi_lower': 18, 'rsi_upper': 74, 'en_stochastic': False, 'stochastic_n': 13, 'stochastic_d': 27, 'stochastic_lower': 20, 'stochastic_upper': 72, 'en_mfi': False, 'mfi_n': 7, 'mfi_lower': 46, 'mfi_upper': 84, 'en_bollinger': False, 'bollinger_n': 40, 'bollinger_k': 4.8, 'en_adx': False, 'adx_n': 24, 'adx_threshold': 8, 'en_structure_trend': False, 'structure_trend_swing_l': 20, 'en_order_block': False, 'order_block_swing_l': 4, 'en_fvg': False, 'fvg_lookback': 40, 'en_ifvg': True, 'en_breaker': False, 'breaker_swing_l': 1, 'en_cisd': False, 'k': 2, 'en_cap_bars': True, 'cap_1min': 249}.
[I 2026-07-13 15:42:46,909] Trial 1705 pruned. 
[I 2026-07-13 15:42:50,588] Trial 1706 finished with values: [-763.352339135004, -1887.5629367512656, 53.0] and parameters: {'sl_soft': 0.02102744692810867, 'sl_hard_delta': 0.017956019251315968, 'tp': 0.01219055325535965, 'gate_pct': 99.16215050807807, 'dd_limit': 0.7899894121384478, 'cooldown': 15, 'flip': True, 'en_ema_trend': False, 'ema_trend_fast': 390, 'ema_trend_slow': 187, 'en_sma_trend': True, 'sma_trend_fast': 268, 'sma_trend_slow': 29, 'en_macd': True, 'macd_fast': 4, 'macd_slow': 85, 'macd_signal': 83, 'en_vwap': True, 'en_keltner': True, 'keltner_n': 42, 'keltner_m': 1.5, 'en_obv': False, 'obv_slope': 68, 'en_cci': True, 'cci_n': 128, 'cci_threshold': 135, 'en_rsi': False, 'rsi_n': 92, 'rsi_lower': 20, 'rsi_upper': 66, 'en_stochastic': False, 'stochastic_n': 86, 'stochastic_d': 27, 'stochastic_lower': 20, 'stochastic_upper': 79, 'en_mfi': False, 'mfi_n': 18, 'mfi_lower': 29, 'mfi_upper': 51, 'en_bollinger': True, 'bollinger_n': 127, 'bollinger_k': 3.4000000000000004, 'en_adx': False, 'adx_n': 24, 'adx_threshold': 43, 'en_structure_trend': True, 'structure_trend_swing_l': 14, 'en_order_block': False, 'order_block_swing_l': 1, 'en_fvg': True, 'fvg_lookback': 33, 'en_ifvg': False, 'en_breaker': True, 'breaker_swing_l': 16, 'en_cisd': False, 'k': 5, 'en_cap_bars': False, 'cap_1min': 1339}.
[I 2026-07-13 15:42:51,255] Trial 1707 finished with values: [-19.084597011982396, -1028.3852160335982, 33.75] and parameters: {'sl_soft': 0.01239372502010468, 'sl_hard_delta': 0.0021983515881025665, 'tp': 0.029010656879945286, 'gate_pct': 94.32553955536301, 'dd_limit': 8.683310596224244, 'cooldown': 0, 'flip': True, 'en_ema_trend': False, 'ema_trend_fast': 279, 'ema_trend_slow': 125, 'en_sma_trend': True, 'sma_trend_fast': 265, 'sma_trend_slow': 338, 'en_macd': True, 'macd_fast': 19, 'macd_slow': 80, 'macd_signal': 23, 'en_vwap': True, 'en_keltner': False, 'keltner_n': 56, 'keltner_m': 1.2000000000000002, 'en_obv': False, 'obv_slope': 72, 'en_cci': True, 'cci_n': 100, 'cci_threshold': 145, 'en_rsi': True, 'rsi_n': 77, 'rsi_lower': 1, 'rsi_upper': 94, 'en_stochastic': True, 'stochastic_n': 55, 'stochastic_d': 22, 'stochastic_lower': 14, 'stochastic_upper': 51, 'en_mfi': False, 'mfi_n': 84, 'mfi_lower': 22, 'mfi_upper': 90, 'en_bollinger': False, 'bollinger_n': 7, 'bollinger_k': 3.4000000000000004, 'en_adx': False, 'adx_n': 15, 'adx_threshold': 29, 'en_structure_trend': False, 'structure_trend_swing_l': 3, 'en_order_block': True, 'order_block_swing_l': 2, 'en_fvg': False, 'fvg_lookback': 26, 'en_ifvg': True, 'en_breaker': True, 'breaker_swing_l': 19, 'en_cisd': False, 'k': 1, 'en_cap_bars': True, 'cap_1min': 1243}.
[I 2026-07-13 15:42:55,221] Trial 1708 finished with values: [2332.669021412189, -2888.3567316490394, 40.45] and parameters: {'sl_soft': 0.023138233233501303, 'sl_hard_delta': 0.0027263521951513352, 'tp': 0.04310350832060598, 'gate_pct': 95.95343074681206, 'dd_limit': 0.7899894121384478, 'cooldown': 0, 'flip': True, 'en_ema_trend': False, 'ema_trend_fast': 205, 'ema_trend_slow': 350, 'en_sma_trend': True, 'sma_trend_fast': 89, 'sma_trend_slow': 50, 'en_macd': True, 'macd_fast': 82, 'macd_slow': 85, 'macd_signal': 83, 'en_vwap': False, 'en_keltner': True, 'keltner_n': 87, 'keltner_m': 4.0, 'en_obv': False, 'obv_slope': 192, 'en_cci': False, 'cci_n': 121, 'cci_threshold': 250, 'en_rsi': True, 'rsi_n': 75, 'rsi_lower': 18, 'rsi_upper': 74, 'en_stochastic': False, 'stochastic_n': 46, 'stochastic_d': 27, 'stochastic_lower': 36, 'stochastic_upper': 93, 'en_mfi': False, 'mfi_n': 57, 'mfi_lower': 46, 'mfi_upper': 58, 'en_bollinger': False, 'bollinger_n': 40, 'bollinger_k': 1.7000000000000002, 'en_adx': False, 'adx_n': 79, 'adx_threshold': 8, 'en_structure_trend': False, 'structure_trend_swing_l': 14, 'en_order_block': True, 'order_block_swing_l': 18, 'en_fvg': False, 'fvg_lookback': 40, 'en_ifvg': True, 'en_breaker': False, 'breaker_swing_l': 3, 'en_cisd': False, 'k': 2, 'en_cap_bars': True, 'cap_1min': 1032}.
[I 2026-07-13 15:42:57,051] Trial 1709 finished with values: [84.04458228028489, -1580.5958448878243, 64.2] and parameters: {'sl_soft': 0.014509835179219626, 'sl_hard_delta': 0.020015892548318943, 'tp': 0.019992332814453544, 'gate_pct': 91.49650994027499, 'dd_limit': 0.7899894121384478, 'cooldown': 7, 'flip': True, 'en_ema_trend': True, 'ema_trend_fast': 270, 'ema_trend_slow': 109, 'en_sma_trend': False, 'sma_trend_fast': 268, 'sma_trend_slow': 50, 'en_macd': False, 'macd_fast': 88, 'macd_slow': 127, 'macd_signal': 24, 'en_vwap': True, 'en_keltner': False, 'keltner_n': 59, 'keltner_m': 0.9, 'en_obv': True, 'obv_slope': 82, 'en_cci': True, 'cci_n': 118, 'cci_threshold': 230, 'en_rsi': False, 'rsi_n': 59, 'rsi_lower': 16, 'rsi_upper': 89, 'en_stochastic': False, 'stochastic_n': 17, 'stochastic_d': 14, 'stochastic_lower': 1, 'stochastic_upper': 72, 'en_mfi': False, 'mfi_n': 66, 'mfi_lower': 46, 'mfi_upper': 99, 'en_bollinger': True, 'bollinger_n': 54, 'bollinger_k': 2.7, 'en_adx': False, 'adx_n': 40, 'adx_threshold': 40, 'en_structure_trend': True, 'structure_trend_swing_l': 11, 'en_order_block': True, 'order_block_swing_l': 10, 'en_fvg': False, 'fvg_lookback': 23, 'en_ifvg': True, 'en_breaker': True, 'breaker_swing_l': 15, 'en_cisd': False, 'k': 2, 'en_cap_bars': True, 'cap_1min': 61}.
[I 2026-07-13 15:42:59,593] Trial 1710 finished with values: [-840.4274484559517, -3009.7868284736496, 35.4] and parameters: {'sl_soft': 0.02102744692810867, 'sl_hard_delta': 0.02183482482285977, 'tp': 0.031675313517909046, 'gate_pct': 99.43003533124055, 'dd_limit': 6.790710943832704, 'cooldown': 8, 'flip': True, 'en_ema_trend': True, 'ema_trend_fast': 383, 'ema_trend_slow': 211, 'en_sma_trend': True, 'sma_trend_fast': 396, 'sma_trend_slow': 83, 'en_macd': True, 'macd_fast': 62, 'macd_slow': 118, 'macd_signal': 42, 'en_vwap': False, 'en_keltner': False, 'keltner_n': 136, 'keltner_m': 4.0, 'en_obv': False, 'obv_slope': 3, 'en_cci': True, 'cci_n': 108, 'cci_threshold': 110, 'en_rsi': False, 'rsi_n': 92, 'rsi_lower': 34, 'rsi_upper': 74, 'en_stochastic': False, 'stochastic_n': 79, 'stochastic_d': 15, 'stochastic_lower': 47, 'stochastic_upper': 73, 'en_mfi': True, 'mfi_n': 38, 'mfi_lower': 19, 'mfi_upper': 83, 'en_bollinger': True, 'bollinger_n': 86, 'bollinger_k': 1.1, 'en_adx': False, 'adx_n': 93, 'adx_threshold': 41, 'en_structure_trend': False, 'structure_trend_swing_l': 5, 'en_order_block': False, 'order_block_swing_l': 1, 'en_fvg': True, 'fvg_lookback': 40, 'en_ifvg': True, 'en_breaker': True, 'breaker_swing_l': 18, 'en_cisd': False, 'k': 2, 'en_cap_bars': False, 'cap_1min': 351}.
[I 2026-07-13 15:43:00,423] Trial 1711 pruned. 
