[I 2026-07-13 14:19:44,243] Trial 2324 finished with values: [-1109.975138239622, -4559.1197898708915, 60.599999999999994] and parameters: {'sl_soft': 0.13131846892848426, 'sl_hard_delta': 0.16054464872994992, 'tp': 0.1072053900187098, 'gate_pct': 95.72859018663851, 'dd_limit': 3.2180873254465436, 'cooldown': 4, 'flip': False, 'en_ema_trend': False, 'ema_trend_fast': 193, 'ema_trend_slow': 393, 'en_sma_trend': True, 'sma_trend_fast': 321, 'sma_trend_slow': 377, 'en_macd': True, 'macd_fast': 97, 'macd_slow': 74, 'macd_signal': 78, 'en_vwap': False, 'en_keltner': True, 'keltner_n': 131, 'keltner_m': 0.5, 'en_obv': False, 'obv_slope': 100, 'en_cci': False, 'cci_n': 34, 'cci_threshold': 85, 'en_rsi': False, 'rsi_n': 97, 'rsi_lower': 34, 'rsi_upper': 99, 'en_stochastic': False, 'stochastic_n': 40, 'stochastic_d': 5, 'stochastic_lower': 13, 'stochastic_upper': 58, 'en_mfi': True, 'mfi_n': 22, 'mfi_lower': 24, 'mfi_upper': 97, 'en_bollinger': False, 'bollinger_n': 165, 'bollinger_k': 1.3, 'en_adx': False, 'adx_n': 52, 'adx_threshold': 44, 'en_structure_trend': False, 'structure_trend_swing_l': 7, 'en_order_block': True, 'order_block_swing_l': 4, 'en_fvg': True, 'fvg_lookback': 4, 'en_ifvg': False, 'en_breaker': False, 'breaker_swing_l': 12, 'en_cisd': False, 'k': 2, 'en_cap_bars': True, 'cap_1min': 1343}.
[I 2026-07-13 14:19:44,973] Trial 2325 pruned. 
[I 2026-07-13 14:19:46,451] Trial 2326 pruned. 
[I 2026-07-13 14:19:48,140] Trial 2327 pruned. 
[I 2026-07-13 14:19:51,148] Trial 2328 pruned. 
[I 2026-07-13 14:19:51,960] Trial 2329 pruned. 
[I 2026-07-13 14:19:53,348] Trial 2330 pruned. 
[I 2026-07-13 14:19:54,992] Trial 2331 pruned. 
[I 2026-07-13 14:19:56,141] Trial 2332 pruned. 
[I 2026-07-13 14:19:56,929] Trial 2333 pruned. 
[I 2026-07-13 14:19:58,383] Trial 2334 pruned. 
[I 2026-07-13 14:19:58,666] Trial 2335 pruned. 
[I 2026-07-13 14:20:01,246] Trial 2336 pruned. 
[I 2026-07-13 14:20:01,865] Trial 2337 pruned. 
[I 2026-07-13 14:20:02,913] Trial 2338 pruned. 
[I 2026-07-13 14:20:04,878] Trial 2339 pruned. 
[I 2026-07-13 14:20:05,383] Trial 2340 pruned. 
[I 2026-07-13 14:20:06,307] Trial 2341 pruned. 
[I 2026-07-13 14:20:08,255] Trial 2342 pruned. 
[I 2026-07-13 14:20:09,245] Trial 2343 pruned. 
[I 2026-07-13 14:20:10,450] Trial 2344 pruned. 
[I 2026-07-13 14:20:10,970] Trial 2345 pruned. 
[I 2026-07-13 14:20:12,656] Trial 2346 pruned. 
[I 2026-07-13 14:20:16,920] Trial 2347 pruned. 
[I 2026-07-13 14:20:18,021] Trial 2348 pruned. 
[I 2026-07-13 14:20:18,930] Trial 2349 pruned. 
[I 2026-07-13 14:20:21,389] Trial 2350 pruned. 
[I 2026-07-13 14:20:24,511] Trial 2351 pruned. 
[I 2026-07-13 14:20:25,753] Trial 2352 pruned. 
[I 2026-07-13 14:20:27,016] Trial 2353 pruned. 
[I 2026-07-13 14:20:27,767] Trial 2354 pruned. 
[I 2026-07-13 14:20:29,065] Trial 2355 pruned. 
[I 2026-07-13 14:20:29,934] Trial 2356 pruned. 
[I 2026-07-13 14:20:31,760] Trial 2357 pruned. 
[I 2026-07-13 14:20:33,089] Trial 2358 pruned. 
[I 2026-07-13 14:20:34,492] Trial 2359 pruned. 
[I 2026-07-13 14:20:34,700] Trial 2360 pruned. 
[I 2026-07-13 14:20:35,869] Trial 2361 pruned. 
[I 2026-07-13 14:20:36,466] Trial 2362 pruned. 
[I 2026-07-13 14:20:39,894] Trial 2363 pruned. 
[I 2026-07-13 14:20:40,503] Trial 2364 pruned. 
[I 2026-07-13 14:20:41,287] Trial 2365 pruned. 
[I 2026-07-13 14:20:41,975] Trial 2366 pruned. 
[I 2026-07-13 14:20:43,083] Trial 2367 pruned. 
[I 2026-07-13 14:20:43,746] Trial 2368 pruned. 
[I 2026-07-13 14:20:44,907] Trial 2369 pruned. 
[I 2026-07-13 14:20:45,655] Trial 2370 pruned. 
[I 2026-07-13 14:20:46,817] Trial 2371 pruned. 
[I 2026-07-13 14:20:48,235] Trial 2372 pruned. 
[I 2026-07-13 14:20:50,355] Trial 2373 pruned. 
[I 2026-07-13 14:20:52,275] Trial 2374 pruned. 
[I 2026-07-13 14:20:53,147] Trial 2375 pruned. 
[I 2026-07-13 14:20:54,290] Trial 2376 pruned. 
[I 2026-07-13 14:20:55,440] Trial 2377 pruned. 
[I 2026-07-13 14:20:56,572] Trial 2378 pruned. 
[I 2026-07-13 14:20:56,868] Trial 2379 pruned. 
[I 2026-07-13 14:20:57,463] Trial 2380 pruned. 
[I 2026-07-13 14:20:59,245] Trial 2381 pruned. 
[I 2026-07-13 14:21:00,209] Trial 2382 pruned. 
[I 2026-07-13 14:21:01,157] Trial 2383 pruned. 
[I 2026-07-13 14:21:02,073] Trial 2384 pruned. 
[I 2026-07-13 14:21:02,993] Trial 2385 pruned. 
[I 2026-07-13 14:21:04,438] Trial 2386 pruned. 
[I 2026-07-13 14:21:06,543] Trial 2387 pruned. 
[I 2026-07-13 14:21:08,265] Trial 2388 pruned. 
[I 2026-07-13 14:21:09,657] Trial 2389 pruned. 
[I 2026-07-13 14:21:10,823] Trial 2390 pruned. 
[I 2026-07-13 14:21:11,820] Trial 2391 pruned. 
[I 2026-07-13 14:21:12,765] Trial 2392 pruned. 
[I 2026-07-13 14:21:15,599] Trial 2393 pruned. 
[I 2026-07-13 14:21:16,808] Trial 2394 pruned. 
[I 2026-07-13 14:21:17,871] Trial 2395 pruned. 
[I 2026-07-13 14:21:21,623] Trial 2396 pruned. 
[I 2026-07-13 14:21:21,993] Trial 2397 pruned. 
[I 2026-07-13 14:21:22,726] Trial 2398 pruned. 
[I 2026-07-13 14:21:24,475] Trial 2399 pruned. 
[I 2026-07-13 14:21:24,833] Trial 2400 pruned. 
[I 2026-07-13 14:21:25,197] Trial 2401 pruned. 
[I 2026-07-13 14:21:26,344] Trial 2402 pruned. 
[I 2026-07-13 14:21:28,658] Trial 2403 pruned. 
[I 2026-07-13 14:21:29,746] Trial 2404 pruned. 
[I 2026-07-13 14:21:30,198] Trial 2405 pruned. 
[I 2026-07-13 14:21:31,417] Trial 2406 pruned. 
[I 2026-07-13 14:21:33,259] Trial 2407 pruned. 
[I 2026-07-13 14:21:35,100] Trial 2408 pruned. 
[I 2026-07-13 14:21:36,168] Trial 2409 pruned. 
[I 2026-07-13 14:21:39,285] Trial 2410 pruned. 
[I 2026-07-13 14:21:41,495] Trial 2411 pruned. 
[I 2026-07-13 14:21:42,341] Trial 2412 pruned. 
[I 2026-07-13 14:21:44,035] Trial 2413 pruned. 
[I 2026-07-13 14:21:45,527] Trial 2414 pruned. 
[I 2026-07-13 14:21:47,079] Trial 2415 pruned. 
[I 2026-07-13 14:21:48,241] Trial 2416 pruned. 
[I 2026-07-13 14:21:49,627] Trial 2417 pruned. 
[I 2026-07-13 14:21:50,528] Trial 2418 pruned. 
[I 2026-07-13 14:21:51,859] Trial 2419 pruned. 
[I 2026-07-13 14:21:53,399] Trial 2420 pruned. 
[I 2026-07-13 14:21:55,190] Trial 2421 pruned. 
[I 2026-07-13 14:21:56,457] Trial 2422 pruned. 
[I 2026-07-13 14:21:57,344] Trial 2423 pruned. 
[I 2026-07-13 14:21:57,822] Trial 2424 pruned. 
[I 2026-07-13 14:21:58,239] Trial 2425 pruned. 
[I 2026-07-13 14:21:59,979] Trial 2426 pruned. 
[I 2026-07-13 14:22:01,694] Trial 2427 pruned. 
[I 2026-07-13 14:22:02,378] Trial 2428 pruned. 
[I 2026-07-13 14:22:03,422] Trial 2429 pruned. 
[I 2026-07-13 14:22:04,116] Trial 2430 pruned. 
[I 2026-07-13 14:22:05,075] Trial 2431 pruned. 
[I 2026-07-13 14:22:06,445] Trial 2432 pruned. 
[I 2026-07-13 14:22:07,370] Trial 2433 pruned. 
[I 2026-07-13 14:22:10,919] Trial 2434 pruned. 
[I 2026-07-13 14:22:11,492] Trial 2435 pruned. 
[I 2026-07-13 14:22:12,583] Trial 2436 pruned. 
[I 2026-07-13 14:22:14,767] Trial 2437 pruned. 
[I 2026-07-13 14:22:15,180] Trial 2438 pruned. 
[I 2026-07-13 14:22:15,696] Trial 2439 pruned. 
[I 2026-07-13 14:22:15,909] Trial 2440 pruned. 
[I 2026-07-13 14:22:17,289] Trial 2441 pruned. 
[I 2026-07-13 14:22:18,745] Trial 2442 pruned. 
[I 2026-07-13 14:22:19,984] Trial 2443 pruned. 
[I 2026-07-13 14:22:21,858] Trial 2444 pruned. 
[I 2026-07-13 14:22:26,909] Trial 2445 finished with values: [-1020.7565065650031, -25491.39109765569, 24.25] and parameters: {'sl_soft': 0.03831170427958211, 'sl_hard_delta': 0.17205901873591917, 'tp': 0.2247798264915968, 'gate_pct': 95.15790739353048, 'dd_limit': 3.177401405918999, 'cooldown': 1, 'flip': False, 'en_ema_trend': True, 'ema_trend_fast': 126, 'ema_trend_slow': 112, 'en_sma_trend': False, 'sma_trend_fast': 134, 'sma_trend_slow': 94, 'en_macd': True, 'macd_fast': 16, 'macd_slow': 168, 'macd_signal': 43, 'en_vwap': True, 'en_keltner': True, 'keltner_n': 177, 'keltner_m': 2.3, 'en_obv': False, 'obv_slope': 99, 'en_cci': True, 'cci_n': 20, 'cci_threshold': 65, 'en_rsi': True, 'rsi_n': 97, 'rsi_lower': 31, 'rsi_upper': 71, 'en_stochastic': False, 'stochastic_n': 41, 'stochastic_d': 40, 'stochastic_lower': 12, 'stochastic_upper': 79, 'en_mfi': False, 'mfi_n': 52, 'mfi_lower': 2, 'mfi_upper': 79, 'en_bollinger': False, 'bollinger_n': 143, 'bollinger_k': 2.6, 'en_adx': False, 'adx_n': 77, 'adx_threshold': 44, 'en_structure_trend': True, 'structure_trend_swing_l': 3, 'en_order_block': True, 'order_block_swing_l': 16, 'en_fvg': False, 'fvg_lookback': 17, 'en_ifvg': False, 'en_breaker': True, 'breaker_swing_l': 14, 'en_cisd': True, 'k': 4, 'en_cap_bars': False, 'cap_1min': 535}.
[I 2026-07-13 14:22:28,255] Trial 2446 pruned. 
[I 2026-07-13 14:22:29,663] Trial 2447 pruned. 
[I 2026-07-13 14:22:31,233] Trial 2448 pruned. 
[I 2026-07-13 14:22:32,386] Trial 2449 pruned. 
[I 2026-07-13 14:22:33,904] Trial 2450 pruned. 
[I 2026-07-13 14:22:35,512] Trial 2451 pruned. 
[I 2026-07-13 14:22:36,351] Trial 2452 pruned. 
[I 2026-07-13 14:22:37,909] Trial 2453 pruned. 
[I 2026-07-13 14:22:38,811] Trial 2454 pruned. 
[I 2026-07-13 14:22:39,535] Trial 2455 pruned. 
[I 2026-07-13 14:22:39,989] Trial 2456 pruned. 
[I 2026-07-13 14:22:40,891] Trial 2457 pruned. 
[I 2026-07-13 14:22:41,611] Trial 2458 pruned. 
[I 2026-07-13 14:22:41,801] Trial 2459 pruned. 
[I 2026-07-13 14:22:42,199] Trial 2460 pruned. 
[I 2026-07-13 14:22:43,563] Trial 2461 pruned. 
[I 2026-07-13 14:22:44,760] Trial 2462 pruned. 
[I 2026-07-13 14:22:46,077] Trial 2463 pruned. 
[I 2026-07-13 14:22:47,008] Trial 2464 pruned. 
[I 2026-07-13 14:22:48,332] Trial 2465 pruned. 
[I 2026-07-13 14:22:49,266] Trial 2466 pruned. 
[I 2026-07-13 14:22:50,062] Trial 2467 pruned. 
[I 2026-07-13 14:22:50,801] Trial 2468 pruned. 
[I 2026-07-13 14:22:52,085] Trial 2469 pruned. 
[I 2026-07-13 14:22:53,600] Trial 2470 pruned. 
[I 2026-07-13 14:22:54,809] Trial 2471 pruned. 
[I 2026-07-13 14:22:56,370] Trial 2472 pruned. 
[I 2026-07-13 14:22:57,490] Trial 2473 pruned. 
[I 2026-07-13 14:22:58,887] Trial 2474 pruned. 
[I 2026-07-13 14:22:59,578] Trial 2475 pruned. 
[I 2026-07-13 14:23:00,119] Trial 2476 pruned. 
[I 2026-07-13 14:23:00,480] Trial 2477 pruned. 
[I 2026-07-13 14:23:01,917] Trial 2478 pruned. 
[I 2026-07-13 14:23:03,113] Trial 2479 pruned. 
[I 2026-07-13 14:23:03,324] Trial 2480 pruned. 
[I 2026-07-13 14:23:06,426] Trial 2481 pruned. 
[I 2026-07-13 14:23:07,776] Trial 2482 pruned. 
[I 2026-07-13 14:23:09,018] Trial 2483 pruned. 
[I 2026-07-13 14:23:10,011] Trial 2484 pruned. 
[I 2026-07-13 14:23:11,006] Trial 2485 pruned. 
[I 2026-07-13 14:23:12,007] Trial 2486 pruned. 
[I 2026-07-13 14:23:13,577] Trial 2487 pruned. 
[I 2026-07-13 14:23:14,395] Trial 2488 pruned. 
[I 2026-07-13 14:23:15,459] Trial 2489 pruned. 
[I 2026-07-13 14:23:16,129] Trial 2490 pruned. 
[I 2026-07-13 14:23:19,816] Trial 2491 pruned. 
[I 2026-07-13 14:23:21,315] Trial 2492 pruned. 
[I 2026-07-13 14:23:22,274] Trial 2493 pruned. 
[I 2026-07-13 14:23:22,602] Trial 2494 pruned. 
[I 2026-07-13 14:23:23,525] Trial 2495 pruned. 
[I 2026-07-13 14:23:24,746] Trial 2496 pruned. 
[I 2026-07-13 14:23:25,185] Trial 2497 pruned. 
[I 2026-07-13 14:23:26,518] Trial 2498 pruned. 
[I 2026-07-13 14:23:28,981] Trial 2499 pruned. 
[I 2026-07-13 14:23:30,015] Trial 2500 pruned. 
[I 2026-07-13 14:23:32,318] Trial 2501 pruned. 
[I 2026-07-13 14:23:33,661] Trial 2502 pruned. 
[I 2026-07-13 14:23:34,761] Trial 2503 pruned. 
[I 2026-07-13 14:23:35,194] Trial 2504 pruned. 
[I 2026-07-13 14:23:36,480] Trial 2505 pruned. 
[I 2026-07-13 14:23:38,584] Trial 2506 pruned. 
[I 2026-07-13 14:23:39,716] Trial 2507 pruned. 
[I 2026-07-13 14:23:41,068] Trial 2508 pruned. 
[I 2026-07-13 14:23:44,360] Trial 2509 pruned. 
[I 2026-07-13 14:23:45,920] Trial 2510 pruned. 
[I 2026-07-13 14:23:46,989] Trial 2511 pruned. 
[I 2026-07-13 14:23:48,541] Trial 2512 pruned. 
[I 2026-07-13 14:23:49,024] Trial 2513 pruned. 
[I 2026-07-13 14:23:50,163] Trial 2514 pruned. 
[I 2026-07-13 14:23:50,885] Trial 2515 pruned. 
[I 2026-07-13 14:23:52,070] Trial 2516 pruned. 
[I 2026-07-13 14:23:53,198] Trial 2517 pruned. 
[I 2026-07-13 14:23:54,218] Trial 2518 pruned. 
[I 2026-07-13 14:23:55,562] Trial 2519 pruned. 
[I 2026-07-13 14:23:55,734] Trial 2520 pruned. 
[I 2026-07-13 14:23:56,241] Trial 2521 pruned. 
[I 2026-07-13 14:23:57,225] Trial 2522 pruned. 
[I 2026-07-13 14:23:58,346] Trial 2523 pruned. 
[I 2026-07-13 14:23:59,304] Trial 2524 pruned. 
[I 2026-07-13 14:24:00,536] Trial 2525 pruned. 
[I 2026-07-13 14:24:01,501] Trial 2526 pruned. 
[I 2026-07-13 14:24:02,060] Trial 2527 pruned. 
[I 2026-07-13 14:24:05,193] Trial 2528 pruned. 
[I 2026-07-13 14:24:06,220] Trial 2529 pruned. 
[I 2026-07-13 14:24:07,121] Trial 2530 pruned. 
[I 2026-07-13 14:24:07,615] Trial 2531 pruned. 
[I 2026-07-13 14:24:08,440] Trial 2532 pruned. 
[I 2026-07-13 14:24:09,662] Trial 2533 pruned. 
[I 2026-07-13 14:24:12,911] Trial 2534 pruned. 
[I 2026-07-13 14:24:14,746] Trial 2535 pruned. 
[I 2026-07-13 14:24:15,549] Trial 2536 pruned. 
[I 2026-07-13 14:24:16,512] Trial 2537 pruned. 
[I 2026-07-13 14:24:24,774] Trial 2538 finished with values: [-392.6705886155262, -16608.177580267093, 41.5] and parameters: {'sl_soft': 0.09869058333336203, 'sl_hard_delta': 0.2349512368184051, 'tp': 0.18362073528461262, 'gate_pct': 97.24094450079814, 'dd_limit': 8.159364296050743, 'cooldown': 2, 'flip': False, 'en_ema_trend': False, 'ema_trend_fast': 319, 'ema_trend_slow': 319, 'en_sma_trend': False, 'sma_trend_fast': 136, 'sma_trend_slow': 175, 'en_macd': True, 'macd_fast': 66, 'macd_slow': 11, 'macd_signal': 57, 'en_vwap': True, 'en_keltner': True, 'keltner_n': 169, 'keltner_m': 2.2, 'en_obv': True, 'obv_slope': 152, 'en_cci': False, 'cci_n': 147, 'cci_threshold': 210, 'en_rsi': False, 'rsi_n': 31, 'rsi_lower': 5, 'rsi_upper': 86, 'en_stochastic': True, 'stochastic_n': 15, 'stochastic_d': 49, 'stochastic_lower': 7, 'stochastic_upper': 83, 'en_mfi': False, 'mfi_n': 88, 'mfi_lower': 14, 'mfi_upper': 96, 'en_bollinger': True, 'bollinger_n': 5, 'bollinger_k': 3.5, 'en_adx': False, 'adx_n': 97, 'adx_threshold': 7, 'en_structure_trend': False, 'structure_trend_swing_l': 5, 'en_order_block': True, 'order_block_swing_l': 15, 'en_fvg': False, 'fvg_lookback': 47, 'en_ifvg': False, 'en_breaker': True, 'breaker_swing_l': 11, 'en_cisd': True, 'k': 3, 'en_cap_bars': False, 'cap_1min': 1370}.
[I 2026-07-13 14:24:25,977] Trial 2539 pruned. 
[I 2026-07-13 14:24:27,347] Trial 2540 pruned. 
[I 2026-07-13 14:24:29,945] Trial 2541 pruned. 
[I 2026-07-13 14:24:30,633] Trial 2542 pruned. 
[I 2026-07-13 14:24:31,214] Trial 2543 pruned. 
[I 2026-07-13 14:24:32,381] Trial 2544 pruned. 
[I 2026-07-13 14:24:33,633] Trial 2545 pruned. 
[I 2026-07-13 14:24:34,848] Trial 2546 pruned. 
[I 2026-07-13 14:24:35,359] Trial 2547 pruned. 
[I 2026-07-13 14:24:35,766] Trial 2548 pruned. 
[I 2026-07-13 14:24:36,801] Trial 2549 pruned. 
[I 2026-07-13 14:24:37,615] Trial 2550 pruned. 
[I 2026-07-13 14:24:38,608] Trial 2551 pruned. 
[I 2026-07-13 14:24:40,237] Trial 2552 pruned. 
[I 2026-07-13 14:24:42,805] Trial 2553 pruned. 
[I 2026-07-13 14:24:44,380] Trial 2554 pruned. 
[I 2026-07-13 14:24:44,915] Trial 2555 pruned. 
[I 2026-07-13 14:24:47,781] Trial 2556 pruned. 
[I 2026-07-13 14:24:48,839] Trial 2557 pruned. 
[I 2026-07-13 14:24:50,576] Trial 2558 pruned. 
[I 2026-07-13 14:24:51,595] Trial 2559 pruned. 
[I 2026-07-13 14:24:51,967] Trial 2560 pruned. 
[I 2026-07-13 14:24:53,318] Trial 2561 pruned. 
[I 2026-07-13 14:24:54,322] Trial 2562 pruned. 
[I 2026-07-13 14:24:54,834] Trial 2563 pruned. 
[I 2026-07-13 14:24:55,559] Trial 2564 pruned. 
[I 2026-07-13 14:24:57,473] Trial 2565 pruned. 
[I 2026-07-13 14:24:59,262] Trial 2566 pruned. 
[I 2026-07-13 14:24:59,629] Trial 2567 pruned. 
[I 2026-07-13 14:25:00,797] Trial 2568 pruned. 
[I 2026-07-13 14:25:01,866] Trial 2569 pruned. 
[I 2026-07-13 14:25:02,817] Trial 2570 pruned. 
[I 2026-07-13 14:25:03,728] Trial 2571 pruned. 
[I 2026-07-13 14:25:05,250] Trial 2572 pruned. 
[I 2026-07-13 14:25:06,528] Trial 2573 pruned. 
[I 2026-07-13 14:25:07,350] Trial 2574 pruned. 
[I 2026-07-13 14:25:08,400] Trial 2575 pruned. 
[I 2026-07-13 14:25:09,484] Trial 2576 pruned. 
[I 2026-07-13 14:25:10,197] Trial 2577 pruned. 
[I 2026-07-13 14:25:10,584] Trial 2578 pruned. 
[I 2026-07-13 14:25:11,189] Trial 2579 pruned. 
[I 2026-07-13 14:25:13,026] Trial 2580 pruned. 
[I 2026-07-13 14:25:14,640] Trial 2581 pruned. 
[I 2026-07-13 14:25:15,548] Trial 2582 pruned. 
[I 2026-07-13 14:25:16,729] Trial 2583 pruned. 
[I 2026-07-13 14:25:17,749] Trial 2584 pruned. 
[I 2026-07-13 14:25:18,803] Trial 2585 pruned. 
[I 2026-07-13 14:25:20,311] Trial 2586 pruned. 
[I 2026-07-13 14:25:20,896] Trial 2587 pruned. 
[I 2026-07-13 14:25:23,898] Trial 2588 pruned. 
[I 2026-07-13 14:25:25,074] Trial 2589 pruned. 
[I 2026-07-13 14:25:25,729] Trial 2590 pruned. 
[I 2026-07-13 14:25:26,313] Trial 2591 pruned. 
[I 2026-07-13 14:25:27,484] Trial 2592 pruned. 
[I 2026-07-13 14:25:28,703] Trial 2593 pruned. 
[I 2026-07-13 14:25:30,176] Trial 2594 pruned. 
[I 2026-07-13 14:25:30,740] Trial 2595 pruned. 
[I 2026-07-13 14:25:31,313] Trial 2596 pruned. 
[I 2026-07-13 14:25:32,736] Trial 2597 pruned. 
[I 2026-07-13 14:25:34,184] Trial 2598 pruned. 
[I 2026-07-13 14:25:34,882] Trial 2599 pruned. 
[I 2026-07-13 14:25:35,276] Trial 2600 pruned. 
[I 2026-07-13 14:25:36,972] Trial 2601 pruned. 
[I 2026-07-13 14:25:38,628] Trial 2602 pruned. 
[I 2026-07-13 14:25:40,711] Trial 2603 pruned. 
[I 2026-07-13 14:25:41,855] Trial 2604 pruned. 
[I 2026-07-13 14:25:42,396] Trial 2605 pruned. 
[I 2026-07-13 14:25:43,262] Trial 2606 pruned. 
[I 2026-07-13 14:25:44,368] Trial 2607 pruned. 
[I 2026-07-13 14:25:44,752] Trial 2608 pruned. 
[I 2026-07-13 14:25:45,184] Trial 2609 pruned. 
[I 2026-07-13 14:25:48,046] Trial 2610 pruned. 
[I 2026-07-13 14:25:49,129] Trial 2611 pruned. 
[I 2026-07-13 14:25:50,284] Trial 2612 pruned. 
[I 2026-07-13 14:25:51,346] Trial 2613 pruned. 
[I 2026-07-13 14:25:51,875] Trial 2614 pruned. 
[I 2026-07-13 14:25:52,467] Trial 2615 pruned. 
[I 2026-07-13 14:25:53,402] Trial 2616 pruned. 
[I 2026-07-13 14:25:54,617] Trial 2617 pruned. 
[I 2026-07-13 14:25:55,319] Trial 2618 pruned. 
[I 2026-07-13 14:25:57,205] Trial 2619 pruned. 
[I 2026-07-13 14:25:58,315] Trial 2620 pruned. 
[I 2026-07-13 14:25:59,423] Trial 2621 pruned. 
[I 2026-07-13 14:26:00,780] Trial 2622 pruned. 
[I 2026-07-13 14:26:01,818] Trial 2623 pruned. 
[I 2026-07-13 14:26:02,689] Trial 2624 pruned. 
[I 2026-07-13 14:26:03,557] Trial 2625 pruned. 
[I 2026-07-13 14:26:04,460] Trial 2626 pruned. 
[I 2026-07-13 14:26:05,612] Trial 2627 pruned. 
[I 2026-07-13 14:26:06,476] Trial 2628 pruned. 
[I 2026-07-13 14:26:07,449] Trial 2629 pruned. 
[I 2026-07-13 14:26:08,624] Trial 2630 pruned. 
[I 2026-07-13 14:26:10,437] Trial 2631 pruned. 
[I 2026-07-13 14:26:11,256] Trial 2632 pruned. 
[I 2026-07-13 14:26:12,341] Trial 2633 pruned. 
[I 2026-07-13 14:26:13,312] Trial 2634 pruned. 
[I 2026-07-13 14:26:14,462] Trial 2635 pruned. 
[I 2026-07-13 14:26:16,478] Trial 2636 pruned. 
[I 2026-07-13 14:26:17,347] Trial 2637 pruned. 
[I 2026-07-13 14:26:18,411] Trial 2638 pruned. 
[I 2026-07-13 14:26:18,954] Trial 2639 pruned. 
[I 2026-07-13 14:26:19,177] Trial 2640 pruned. 
[I 2026-07-13 14:26:20,243] Trial 2641 pruned. 
[I 2026-07-13 14:26:21,282] Trial 2642 pruned. 
[I 2026-07-13 14:26:22,537] Trial 2643 pruned. 
[I 2026-07-13 14:26:23,483] Trial 2644 pruned. 
[I 2026-07-13 14:26:24,975] Trial 2645 pruned. 
[I 2026-07-13 14:26:28,680] Trial 2646 pruned. 
[I 2026-07-13 14:26:29,610] Trial 2647 pruned. 
[I 2026-07-13 14:26:30,785] Trial 2648 pruned. 
[I 2026-07-13 14:26:31,328] Trial 2649 pruned. 
[I 2026-07-13 14:26:32,425] Trial 2650 pruned. 
[I 2026-07-13 14:26:33,514] Trial 2651 pruned. 
[I 2026-07-13 14:26:34,236] Trial 2652 pruned. 
[I 2026-07-13 14:26:35,810] Trial 2653 pruned. 
[I 2026-07-13 14:26:37,566] Trial 2654 pruned. 
[I 2026-07-13 14:26:39,759] Trial 2655 pruned. 
[I 2026-07-13 14:26:40,905] Trial 2656 pruned. 
[I 2026-07-13 14:26:42,444] Trial 2657 pruned. 
[I 2026-07-13 14:26:43,648] Trial 2658 pruned. 
[I 2026-07-13 14:26:44,642] Trial 2659 pruned. 
[I 2026-07-13 14:26:45,669] Trial 2660 pruned. 
[I 2026-07-13 14:26:46,252] Trial 2661 pruned. 
[I 2026-07-13 14:26:47,176] Trial 2662 pruned. 
[I 2026-07-13 14:26:49,603] Trial 2663 pruned. 
[I 2026-07-13 14:26:51,488] Trial 2664 pruned. 
[I 2026-07-13 14:26:52,058] Trial 2665 pruned. 
[I 2026-07-13 14:26:52,531] Trial 2666 pruned. 
[I 2026-07-13 14:26:53,016] Trial 2667 pruned. 
[I 2026-07-13 14:26:53,533] Trial 2668 pruned. 
[I 2026-07-13 14:26:55,101] Trial 2669 pruned. 
[I 2026-07-13 14:26:55,910] Trial 2670 pruned. 
[I 2026-07-13 14:26:56,385] Trial 2671 pruned. 
[I 2026-07-13 14:26:57,508] Trial 2672 pruned. 
[I 2026-07-13 14:26:58,141] Trial 2673 pruned. 
[I 2026-07-13 14:26:59,179] Trial 2674 pruned. 
[I 2026-07-13 14:27:00,875] Trial 2675 pruned. 
[I 2026-07-13 14:27:02,503] Trial 2676 pruned. 
[I 2026-07-13 14:27:03,085] Trial 2677 pruned. 
[I 2026-07-13 14:27:04,501] Trial 2678 pruned. 
[I 2026-07-13 14:27:05,833] Trial 2679 pruned. 
[I 2026-07-13 14:27:06,173] Trial 2680 pruned. 
[I 2026-07-13 14:27:07,262] Trial 2681 pruned. 
[I 2026-07-13 14:27:08,373] Trial 2682 pruned. 
[I 2026-07-13 14:27:08,794] Trial 2683 pruned. 
[I 2026-07-13 14:27:09,861] Trial 2684 pruned. 
[I 2026-07-13 14:27:10,364] Trial 2685 pruned. 
[I 2026-07-13 14:27:13,060] Trial 2686 pruned. 
[I 2026-07-13 14:27:14,310] Trial 2687 pruned. 
[I 2026-07-13 14:27:15,354] Trial 2688 pruned. 
[I 2026-07-13 14:27:16,441] Trial 2689 pruned. 
[I 2026-07-13 14:27:19,692] Trial 2690 pruned. 
[I 2026-07-13 14:27:20,758] Trial 2691 pruned. 
[I 2026-07-13 14:27:22,116] Trial 2692 pruned. 
[I 2026-07-13 14:27:22,941] Trial 2693 pruned. 
[I 2026-07-13 14:27:23,892] Trial 2694 pruned. 
[I 2026-07-13 14:27:25,332] Trial 2695 pruned. 
[I 2026-07-13 14:27:27,643] Trial 2696 pruned. 
[I 2026-07-13 14:27:28,675] Trial 2697 pruned. 
[I 2026-07-13 14:27:29,105] Trial 2698 pruned. 
[I 2026-07-13 14:27:32,027] Trial 2699 pruned. 
[I 2026-07-13 14:27:33,312] Trial 2700 pruned. 
[I 2026-07-13 14:27:36,076] Trial 2701 pruned. 
[I 2026-07-13 14:27:36,614] Trial 2702 pruned. 
