[I 2026-07-13 15:31:13,607] Trial 1418 finished with values: [-75.56282808813819, -364.8019152052484, 29.700000000000003] and parameters: {'sl_soft': 0.01239372502010468, 'sl_hard_delta': 0.0021983515881025665, 'tp': 0.029010656879945286, 'gate_pct': 98.67302380660169, 'dd_limit': 3.021375135532224, 'cooldown': 20, 'flip': True, 'en_ema_trend': False, 'ema_trend_fast': 279, 'ema_trend_slow': 125, 'en_sma_trend': True, 'sma_trend_fast': 334, 'sma_trend_slow': 268, 'en_macd': False, 'macd_fast': 80, 'macd_slow': 7, 'macd_signal': 65, 'en_vwap': True, 'en_keltner': False, 'keltner_n': 25, 'keltner_m': 2.8000000000000003, 'en_obv': False, 'obv_slope': 72, 'en_cci': True, 'cci_n': 100, 'cci_threshold': 145, 'en_rsi': True, 'rsi_n': 71, 'rsi_lower': 3, 'rsi_upper': 94, 'en_stochastic': False, 'stochastic_n': 55, 'stochastic_d': 22, 'stochastic_lower': 14, 'stochastic_upper': 93, 'en_mfi': True, 'mfi_n': 84, 'mfi_lower': 25, 'mfi_upper': 98, 'en_bollinger': False, 'bollinger_n': 7, 'bollinger_k': 1.0, 'en_adx': False, 'adx_n': 32, 'adx_threshold': 17, 'en_structure_trend': True, 'structure_trend_swing_l': 3, 'en_order_block': True, 'order_block_swing_l': 2, 'en_fvg': False, 'fvg_lookback': 18, 'en_ifvg': True, 'en_breaker': True, 'breaker_swing_l': 16, 'en_cisd': True, 'k': 1, 'en_cap_bars': True, 'cap_1min': 1243}.
[I 2026-07-13 15:31:13,990] Trial 1419 pruned. 
[I 2026-07-13 15:31:14,489] Trial 1420 finished with values: [341.02192170406556, -1935.7536387303746, 60.85] and parameters: {'sl_soft': 0.015424929700676927, 'sl_hard_delta': 0.029725556735688736, 'tp': 0.029010656879945286, 'gate_pct': 96.87387275432529, 'dd_limit': 6.787950662357963, 'cooldown': 0, 'flip': True, 'en_ema_trend': True, 'ema_trend_fast': 60, 'ema_trend_slow': 378, 'en_sma_trend': False, 'sma_trend_fast': 27, 'sma_trend_slow': 80, 'en_macd': True, 'macd_fast': 80, 'macd_slow': 7, 'macd_signal': 94, 'en_vwap': True, 'en_keltner': False, 'keltner_n': 176, 'keltner_m': 4.0, 'en_obv': False, 'obv_slope': 120, 'en_cci': False, 'cci_n': 180, 'cci_threshold': 260, 'en_rsi': True, 'rsi_n': 13, 'rsi_lower': 3, 'rsi_upper': 86, 'en_stochastic': False, 'stochastic_n': 96, 'stochastic_d': 27, 'stochastic_lower': 45, 'stochastic_upper': 97, 'en_mfi': True, 'mfi_n': 15, 'mfi_lower': 47, 'mfi_upper': 98, 'en_bollinger': False, 'bollinger_n': 125, 'bollinger_k': 0.9, 'en_adx': False, 'adx_n': 7, 'adx_threshold': 25, 'en_structure_trend': False, 'structure_trend_swing_l': 10, 'en_order_block': True, 'order_block_swing_l': 2, 'en_fvg': True, 'fvg_lookback': 49, 'en_ifvg': True, 'en_breaker': True, 'breaker_swing_l': 18, 'en_cisd': False, 'k': 5, 'en_cap_bars': False, 'cap_1min': 713}.
[I 2026-07-13 15:31:20,794] Trial 1421 finished with values: [324.58922058474116, -800.2776518063115, 50.0] and parameters: {'sl_soft': 0.02449367366774731, 'sl_hard_delta': 0.0021822480591295163, 'tp': 0.03784160265645054, 'gate_pct': 91.49650994027499, 'dd_limit': 8.990165933787594, 'cooldown': 15, 'flip': False, 'en_ema_trend': True, 'ema_trend_fast': 270, 'ema_trend_slow': 362, 'en_sma_trend': True, 'sma_trend_fast': 22, 'sma_trend_slow': 100, 'en_macd': False, 'macd_fast': 82, 'macd_slow': 127, 'macd_signal': 83, 'en_vwap': True, 'en_keltner': False, 'keltner_n': 59, 'keltner_m': 4.8, 'en_obv': True, 'obv_slope': 85, 'en_cci': False, 'cci_n': 118, 'cci_threshold': 75, 'en_rsi': False, 'rsi_n': 79, 'rsi_lower': 16, 'rsi_upper': 89, 'en_stochastic': True, 'stochastic_n': 17, 'stochastic_d': 16, 'stochastic_lower': 37, 'stochastic_upper': 91, 'en_mfi': True, 'mfi_n': 65, 'mfi_lower': 27, 'mfi_upper': 84, 'en_bollinger': False, 'bollinger_n': 54, 'bollinger_k': 2.3, 'en_adx': False, 'adx_n': 41, 'adx_threshold': 40, 'en_structure_trend': True, 'structure_trend_swing_l': 9, 'en_order_block': True, 'order_block_swing_l': 10, 'en_fvg': False, 'fvg_lookback': 23, 'en_ifvg': False, 'en_breaker': True, 'breaker_swing_l': 17, 'en_cisd': True, 'k': 2, 'en_cap_bars': True, 'cap_1min': 61}.
[I 2026-07-13 15:31:24,782] Trial 1422 finished with values: [-247.25086863044868, -990.9269988169101, 64.85] and parameters: {'sl_soft': 0.026342400384516372, 'sl_hard_delta': 0.012956297024244669, 'tp': 0.018803392344604333, 'gate_pct': 98.93711402329589, 'dd_limit': 3.6765110954600555, 'cooldown': 15, 'flip': False, 'en_ema_trend': True, 'ema_trend_fast': 91, 'ema_trend_slow': 109, 'en_sma_trend': True, 'sma_trend_fast': 246, 'sma_trend_slow': 123, 'en_macd': True, 'macd_fast': 60, 'macd_slow': 96, 'macd_signal': 30, 'en_vwap': True, 'en_keltner': False, 'keltner_n': 61, 'keltner_m': 5.0, 'en_obv': True, 'obv_slope': 191, 'en_cci': False, 'cci_n': 10, 'cci_threshold': 230, 'en_rsi': True, 'rsi_n': 59, 'rsi_lower': 11, 'rsi_upper': 77, 'en_stochastic': False, 'stochastic_n': 97, 'stochastic_d': 4, 'stochastic_lower': 17, 'stochastic_upper': 91, 'en_mfi': True, 'mfi_n': 66, 'mfi_lower': 13, 'mfi_upper': 99, 'en_bollinger': True, 'bollinger_n': 85, 'bollinger_k': 3.1, 'en_adx': False, 'adx_n': 36, 'adx_threshold': 7, 'en_structure_trend': True, 'structure_trend_swing_l': 19, 'en_order_block': True, 'order_block_swing_l': 18, 'en_fvg': False, 'fvg_lookback': 11, 'en_ifvg': True, 'en_breaker': True, 'breaker_swing_l': 9, 'en_cisd': True, 'k': 3, 'en_cap_bars': True, 'cap_1min': 1013}.
[I 2026-07-13 15:31:26,144] Trial 1423 pruned. 
[I 2026-07-13 15:31:28,497] Trial 1424 finished with values: [-476.29583280725643, -823.7618561782512, 64.65] and parameters: {'sl_soft': 0.026342400384516372, 'sl_hard_delta': 0.025651948465618055, 'tp': 0.01660067255960589, 'gate_pct': 98.93711402329589, 'dd_limit': 0.7899894121384478, 'cooldown': 15, 'flip': True, 'en_ema_trend': True, 'ema_trend_fast': 351, 'ema_trend_slow': 176, 'en_sma_trend': True, 'sma_trend_fast': 105, 'sma_trend_slow': 164, 'en_macd': True, 'macd_fast': 60, 'macd_slow': 18, 'macd_signal': 40, 'en_vwap': False, 'en_keltner': False, 'keltner_n': 67, 'keltner_m': 4.0, 'en_obv': True, 'obv_slope': 191, 'en_cci': False, 'cci_n': 97, 'cci_threshold': 25, 'en_rsi': False, 'rsi_n': 75, 'rsi_lower': 12, 'rsi_upper': 77, 'en_stochastic': False, 'stochastic_n': 97, 'stochastic_d': 39, 'stochastic_lower': 17, 'stochastic_upper': 72, 'en_mfi': True, 'mfi_n': 77, 'mfi_lower': 46, 'mfi_upper': 76, 'en_bollinger': True, 'bollinger_n': 15, 'bollinger_k': 3.1, 'en_adx': False, 'adx_n': 70, 'adx_threshold': 50, 'en_structure_trend': True, 'structure_trend_swing_l': 1, 'en_order_block': True, 'order_block_swing_l': 12, 'en_fvg': True, 'fvg_lookback': 11, 'en_ifvg': False, 'en_breaker': True, 'breaker_swing_l': 8, 'en_cisd': True, 'k': 3, 'en_cap_bars': False, 'cap_1min': 963}.
[I 2026-07-13 15:31:32,318] Trial 1425 finished with values: [-494.45342617644883, -840.4616295477397, 29.299999999999997] and parameters: {'sl_soft': 0.012820739421266155, 'sl_hard_delta': 0.02484677677105232, 'tp': 0.035245255052063384, 'gate_pct': 97.28704165170988, 'dd_limit': 1.4726436036009025, 'cooldown': 33, 'flip': True, 'en_ema_trend': False, 'ema_trend_fast': 197, 'ema_trend_slow': 304, 'en_sma_trend': False, 'sma_trend_fast': 360, 'sma_trend_slow': 319, 'en_macd': True, 'macd_fast': 91, 'macd_slow': 42, 'macd_signal': 18, 'en_vwap': True, 'en_keltner': True, 'keltner_n': 123, 'keltner_m': 2.5, 'en_obv': True, 'obv_slope': 14, 'en_cci': False, 'cci_n': 54, 'cci_threshold': 300, 'en_rsi': False, 'rsi_n': 81, 'rsi_lower': 1, 'rsi_upper': 81, 'en_stochastic': False, 'stochastic_n': 62, 'stochastic_d': 46, 'stochastic_lower': 7, 'stochastic_upper': 57, 'en_mfi': False, 'mfi_n': 11, 'mfi_lower': 30, 'mfi_upper': 96, 'en_bollinger': False, 'bollinger_n': 44, 'bollinger_k': 2.7, 'en_adx': False, 'adx_n': 16, 'adx_threshold': 12, 'en_structure_trend': True, 'structure_trend_swing_l': 6, 'en_order_block': True, 'order_block_swing_l': 3, 'en_fvg': False, 'fvg_lookback': 9, 'en_ifvg': False, 'en_breaker': True, 'breaker_swing_l': 8, 'en_cisd': False, 'k': 3, 'en_cap_bars': False, 'cap_1min': 368}.
[I 2026-07-13 15:31:33,128] Trial 1426 finished with values: [-1232.5535040443824, -4291.9866408539065, 44.25] and parameters: {'sl_soft': 0.01726087669575787, 'sl_hard_delta': 0.038347191134698366, 'tp': 0.04673202576998396, 'gate_pct': 97.00844078669539, 'dd_limit': 7.364744278329123, 'cooldown': 9, 'flip': True, 'en_ema_trend': True, 'ema_trend_fast': 23, 'ema_trend_slow': 133, 'en_sma_trend': True, 'sma_trend_fast': 331, 'sma_trend_slow': 379, 'en_macd': True, 'macd_fast': 38, 'macd_slow': 88, 'macd_signal': 45, 'en_vwap': True, 'en_keltner': False, 'keltner_n': 60, 'keltner_m': 2.5, 'en_obv': False, 'obv_slope': 162, 'en_cci': True, 'cci_n': 78, 'cci_threshold': 50, 'en_rsi': False, 'rsi_n': 74, 'rsi_lower': 5, 'rsi_upper': 74, 'en_stochastic': False, 'stochastic_n': 27, 'stochastic_d': 6, 'stochastic_lower': 27, 'stochastic_upper': 94, 'en_mfi': False, 'mfi_n': 28, 'mfi_lower': 42, 'mfi_upper': 69, 'en_bollinger': True, 'bollinger_n': 172, 'bollinger_k': 0.5, 'en_adx': False, 'adx_n': 35, 'adx_threshold': 42, 'en_structure_trend': False, 'structure_trend_swing_l': 1, 'en_order_block': True, 'order_block_swing_l': 18, 'en_fvg': False, 'fvg_lookback': 50, 'en_ifvg': False, 'en_breaker': False, 'breaker_swing_l': 13, 'en_cisd': True, 'k': 1, 'en_cap_bars': False, 'cap_1min': 495}.
[I 2026-07-13 15:31:33,502] Trial 1427 pruned. 
[I 2026-07-13 15:31:37,048] Trial 1428 finished with values: [2623.920904258661, -3040.4238594766794, 44.5] and parameters: {'sl_soft': 0.015396926007329708, 'sl_hard_delta': 0.012510442083255932, 'tp': 0.044694053584836385, 'gate_pct': 86.42595282114276, 'dd_limit': 6.998800575439505, 'cooldown': 0, 'flip': True, 'en_ema_trend': True, 'ema_trend_fast': 360, 'ema_trend_slow': 350, 'en_sma_trend': False, 'sma_trend_fast': 125, 'sma_trend_slow': 19, 'en_macd': True, 'macd_fast': 68, 'macd_slow': 191, 'macd_signal': 23, 'en_vwap': True, 'en_keltner': False, 'keltner_n': 87, 'keltner_m': 1.1, 'en_obv': False, 'obv_slope': 58, 'en_cci': True, 'cci_n': 108, 'cci_threshold': 25, 'en_rsi': False, 'rsi_n': 42, 'rsi_lower': 18, 'rsi_upper': 60, 'en_stochastic': False, 'stochastic_n': 13, 'stochastic_d': 33, 'stochastic_lower': 36, 'stochastic_upper': 51, 'en_mfi': False, 'mfi_n': 17, 'mfi_lower': 41, 'mfi_upper': 85, 'en_bollinger': False, 'bollinger_n': 173, 'bollinger_k': 4.2, 'en_adx': False, 'adx_n': 3, 'adx_threshold': 26, 'en_structure_trend': False, 'structure_trend_swing_l': 5, 'en_order_block': False, 'order_block_swing_l': 6, 'en_fvg': False, 'fvg_lookback': 19, 'en_ifvg': True, 'en_breaker': True, 'breaker_swing_l': 7, 'en_cisd': True, 'k': 2, 'en_cap_bars': True, 'cap_1min': 77}.
[I 2026-07-13 15:31:37,663] Trial 1429 pruned. 
[I 2026-07-13 15:31:38,824] Trial 1430 finished with values: [-305.53107376247726, -1239.3752074945041, 42.3] and parameters: {'sl_soft': 0.012807659801940798, 'sl_hard_delta': 0.012956297024244669, 'tp': 0.018803392344604333, 'gate_pct': 98.93711402329589, 'dd_limit': 9.066216783758431, 'cooldown': 15, 'flip': True, 'en_ema_trend': True, 'ema_trend_fast': 351, 'ema_trend_slow': 367, 'en_sma_trend': False, 'sma_trend_fast': 331, 'sma_trend_slow': 12, 'en_macd': True, 'macd_fast': 60, 'macd_slow': 88, 'macd_signal': 40, 'en_vwap': False, 'en_keltner': False, 'keltner_n': 61, 'keltner_m': 5.0, 'en_obv': True, 'obv_slope': 191, 'en_cci': False, 'cci_n': 78, 'cci_threshold': 25, 'en_rsi': False, 'rsi_n': 34, 'rsi_lower': 12, 'rsi_upper': 77, 'en_stochastic': False, 'stochastic_n': 97, 'stochastic_d': 6, 'stochastic_lower': 17, 'stochastic_upper': 91, 'en_mfi': False, 'mfi_n': 77, 'mfi_lower': 42, 'mfi_upper': 76, 'en_bollinger': True, 'bollinger_n': 56, 'bollinger_k': 0.5, 'en_adx': False, 'adx_n': 35, 'adx_threshold': 50, 'en_structure_trend': True, 'structure_trend_swing_l': 13, 'en_order_block': True, 'order_block_swing_l': 18, 'en_fvg': False, 'fvg_lookback': 47, 'en_ifvg': False, 'en_breaker': True, 'breaker_swing_l': 13, 'en_cisd': True, 'k': 3, 'en_cap_bars': False, 'cap_1min': 963}.
[I 2026-07-13 15:31:41,939] Trial 1431 finished with values: [-385.4905047405666, -4375.190495937069, 34.6] and parameters: {'sl_soft': 0.01729086981430308, 'sl_hard_delta': 0.005903565269029506, 'tp': 0.035245255052063384, 'gate_pct': 97.28704165170988, 'dd_limit': 0.7627381108845042, 'cooldown': 7, 'flip': True, 'en_ema_trend': False, 'ema_trend_fast': 205, 'ema_trend_slow': 187, 'en_sma_trend': False, 'sma_trend_fast': 360, 'sma_trend_slow': 50, 'en_macd': True, 'macd_fast': 54, 'macd_slow': 161, 'macd_signal': 18, 'en_vwap': True, 'en_keltner': False, 'keltner_n': 123, 'keltner_m': 3.3000000000000003, 'en_obv': False, 'obv_slope': 25, 'en_cci': False, 'cci_n': 32, 'cci_threshold': 190, 'en_rsi': True, 'rsi_n': 94, 'rsi_lower': 1, 'rsi_upper': 70, 'en_stochastic': False, 'stochastic_n': 62, 'stochastic_d': 2, 'stochastic_lower': 20, 'stochastic_upper': 72, 'en_mfi': True, 'mfi_n': 11, 'mfi_lower': 12, 'mfi_upper': 58, 'en_bollinger': True, 'bollinger_n': 15, 'bollinger_k': 2.7, 'en_adx': False, 'adx_n': 35, 'adx_threshold': 35, 'en_structure_trend': True, 'structure_trend_swing_l': 9, 'en_order_block': False, 'order_block_swing_l': 18, 'en_fvg': False, 'fvg_lookback': 34, 'en_ifvg': False, 'en_breaker': False, 'breaker_swing_l': 3, 'en_cisd': False, 'k': 3, 'en_cap_bars': False, 'cap_1min': 456}.
[I 2026-07-13 15:31:43,797] Trial 1432 finished with values: [-110.25793499907633, -1185.74753796441, 38.95] and parameters: {'sl_soft': 0.015396926007329708, 'sl_hard_delta': 0.00793963460816193, 'tp': 0.03279738638812957, 'gate_pct': 88.44397898231887, 'dd_limit': 0.5820363533127576, 'cooldown': 5, 'flip': True, 'en_ema_trend': False, 'ema_trend_fast': 339, 'ema_trend_slow': 350, 'en_sma_trend': False, 'sma_trend_fast': 391, 'sma_trend_slow': 19, 'en_macd': True, 'macd_fast': 100, 'macd_slow': 191, 'macd_signal': 57, 'en_vwap': False, 'en_keltner': True, 'keltner_n': 70, 'keltner_m': 1.3, 'en_obv': False, 'obv_slope': 192, 'en_cci': True, 'cci_n': 135, 'cci_threshold': 135, 'en_rsi': False, 'rsi_n': 27, 'rsi_lower': 18, 'rsi_upper': 94, 'en_stochastic': False, 'stochastic_n': 75, 'stochastic_d': 49, 'stochastic_lower': 36, 'stochastic_upper': 51, 'en_mfi': False, 'mfi_n': 72, 'mfi_lower': 1, 'mfi_upper': 81, 'en_bollinger': False, 'bollinger_n': 176, 'bollinger_k': 3.8000000000000003, 'en_adx': False, 'adx_n': 26, 'adx_threshold': 29, 'en_structure_trend': True, 'structure_trend_swing_l': 7, 'en_order_block': False, 'order_block_swing_l': 9, 'en_fvg': False, 'fvg_lookback': 40, 'en_ifvg': False, 'en_breaker': True, 'breaker_swing_l': 11, 'en_cisd': False, 'k': 2, 'en_cap_bars': False, 'cap_1min': 1109}.
[I 2026-07-13 15:31:45,506] Trial 1433 pruned. 
[I 2026-07-13 15:31:47,025] Trial 1434 finished with values: [-81.35747835520846, -3591.8379445314868, 61.45] and parameters: {'sl_soft': 0.02449367366774731, 'sl_hard_delta': 0.01621542066297969, 'tp': 0.019692498485507606, 'gate_pct': 91.49650994027499, 'dd_limit': 0.6268932004087474, 'cooldown': 12, 'flip': False, 'en_ema_trend': False, 'ema_trend_fast': 186, 'ema_trend_slow': 362, 'en_sma_trend': False, 'sma_trend_fast': 196, 'sma_trend_slow': 100, 'en_macd': False, 'macd_fast': 34, 'macd_slow': 3, 'macd_signal': 44, 'en_vwap': True, 'en_keltner': True, 'keltner_n': 123, 'keltner_m': 1.9000000000000001, 'en_obv': False, 'obv_slope': 38, 'en_cci': False, 'cci_n': 118, 'cci_threshold': 75, 'en_rsi': False, 'rsi_n': 79, 'rsi_lower': 22, 'rsi_upper': 78, 'en_stochastic': False, 'stochastic_n': 77, 'stochastic_d': 1, 'stochastic_lower': 37, 'stochastic_upper': 91, 'en_mfi': True, 'mfi_n': 65, 'mfi_lower': 12, 'mfi_upper': 90, 'en_bollinger': True, 'bollinger_n': 150, 'bollinger_k': 2.6, 'en_adx': False, 'adx_n': 96, 'adx_threshold': 16, 'en_structure_trend': False, 'structure_trend_swing_l': 5, 'en_order_block': True, 'order_block_swing_l': 4, 'en_fvg': False, 'fvg_lookback': 23, 'en_ifvg': True, 'en_breaker': True, 'breaker_swing_l': 15, 'en_cisd': False, 'k': 1, 'en_cap_bars': False, 'cap_1min': 61}.
[I 2026-07-13 15:31:49,201] Trial 1435 finished with values: [-564.725234728236, -1187.126780840444, 48.7] and parameters: {'sl_soft': 0.01239372502010468, 'sl_hard_delta': 0.02484677677105232, 'tp': 0.023258156370033756, 'gate_pct': 99.95605949198794, 'dd_limit': 1.4726436036009025, 'cooldown': 20, 'flip': True, 'en_ema_trend': True, 'ema_trend_fast': 323, 'ema_trend_slow': 136, 'en_sma_trend': True, 'sma_trend_fast': 222, 'sma_trend_slow': 16, 'en_macd': True, 'macd_fast': 64, 'macd_slow': 11, 'macd_signal': 18, 'en_vwap': True, 'en_keltner': False, 'keltner_n': 56, 'keltner_m': 2.5, 'en_obv': True, 'obv_slope': 72, 'en_cci': False, 'cci_n': 7, 'cci_threshold': 155, 'en_rsi': False, 'rsi_n': 81, 'rsi_lower': 13, 'rsi_upper': 95, 'en_stochastic': False, 'stochastic_n': 55, 'stochastic_d': 2, 'stochastic_lower': 7, 'stochastic_upper': 89, 'en_mfi': False, 'mfi_n': 84, 'mfi_lower': 30, 'mfi_upper': 57, 'en_bollinger': False, 'bollinger_n': 139, 'bollinger_k': 1.4, 'en_adx': False, 'adx_n': 32, 'adx_threshold': 12, 'en_structure_trend': True, 'structure_trend_swing_l': 3, 'en_order_block': False, 'order_block_swing_l': 4, 'en_fvg': False, 'fvg_lookback': 32, 'en_ifvg': True, 'en_breaker': True, 'breaker_swing_l': 16, 'en_cisd': False, 'k': 4, 'en_cap_bars': True, 'cap_1min': 368}.
[I 2026-07-13 15:31:51,631] Trial 1436 pruned. 
[I 2026-07-13 15:31:57,288] Trial 1437 finished with values: [-1697.6790421763792, -4390.160313477767, 50.25] and parameters: {'sl_soft': 0.01998398987844476, 'sl_hard_delta': 0.017956019251315968, 'tp': 0.021680684266425956, 'gate_pct': 99.95605949198794, 'dd_limit': 0.4513858738163641, 'cooldown': 13, 'flip': False, 'en_ema_trend': False, 'ema_trend_fast': 27, 'ema_trend_slow': 14, 'en_sma_trend': False, 'sma_trend_fast': 120, 'sma_trend_slow': 232, 'en_macd': False, 'macd_fast': 91, 'macd_slow': 42, 'macd_signal': 83, 'en_vwap': False, 'en_keltner': False, 'keltner_n': 59, 'keltner_m': 2.5, 'en_obv': True, 'obv_slope': 14, 'en_cci': True, 'cci_n': 77, 'cci_threshold': 155, 'en_rsi': False, 'rsi_n': 68, 'rsi_lower': 13, 'rsi_upper': 95, 'en_stochastic': True, 'stochastic_n': 88, 'stochastic_d': 16, 'stochastic_lower': 27, 'stochastic_upper': 61, 'en_mfi': False, 'mfi_n': 6, 'mfi_lower': 27, 'mfi_upper': 84, 'en_bollinger': False, 'bollinger_n': 44, 'bollinger_k': 2.2, 'en_adx': False, 'adx_n': 30, 'adx_threshold': 12, 'en_structure_trend': False, 'structure_trend_swing_l': 6, 'en_order_block': True, 'order_block_swing_l': 10, 'en_fvg': False, 'fvg_lookback': 46, 'en_ifvg': False, 'en_breaker': True, 'breaker_swing_l': 19, 'en_cisd': True, 'k': 2, 'en_cap_bars': True, 'cap_1min': 1339}.
[I 2026-07-13 15:31:59,065] Trial 1438 pruned. 
[I 2026-07-13 15:32:00,671] Trial 1439 finished with values: [510.72507919679214, -712.1116051311205, 38.35] and parameters: {'sl_soft': 0.014509835179219626, 'sl_hard_delta': 0.00610414585932106, 'tp': 0.04310350832060598, 'gate_pct': 95.95343074681206, 'dd_limit': 0.7899894121384478, 'cooldown': 7, 'flip': True, 'en_ema_trend': False, 'ema_trend_fast': 205, 'ema_trend_slow': 187, 'en_sma_trend': True, 'sma_trend_fast': 187, 'sma_trend_slow': 50, 'en_macd': True, 'macd_fast': 60, 'macd_slow': 85, 'macd_signal': 83, 'en_vwap': True, 'en_keltner': True, 'keltner_n': 17, 'keltner_m': 4.0, 'en_obv': False, 'obv_slope': 82, 'en_cci': False, 'cci_n': 32, 'cci_threshold': 250, 'en_rsi': True, 'rsi_n': 75, 'rsi_lower': 43, 'rsi_upper': 68, 'en_stochastic': False, 'stochastic_n': 46, 'stochastic_d': 27, 'stochastic_lower': 20, 'stochastic_upper': 72, 'en_mfi': False, 'mfi_n': 7, 'mfi_lower': 46, 'mfi_upper': 58, 'en_bollinger': True, 'bollinger_n': 40, 'bollinger_k': 1.7000000000000002, 'en_adx': False, 'adx_n': 24, 'adx_threshold': 8, 'en_structure_trend': False, 'structure_trend_swing_l': 14, 'en_order_block': False, 'order_block_swing_l': 18, 'en_fvg': True, 'fvg_lookback': 40, 'en_ifvg': False, 'en_breaker': True, 'breaker_swing_l': 3, 'en_cisd': False, 'k': 5, 'en_cap_bars': True, 'cap_1min': 249}.
[I 2026-07-13 15:32:02,404] Trial 1440 pruned. 
[I 2026-07-13 15:32:11,109] Trial 1441 finished with values: [-30.874335892701055, -777.2474828573905, 58.85] and parameters: {'sl_soft': 0.01239372502010468, 'sl_hard_delta': 0.032283188215272624, 'tp': 0.023258156370033756, 'gate_pct': 99.52194572971088, 'dd_limit': 6.844711394584541, 'cooldown': 20, 'flip': True, 'en_ema_trend': True, 'ema_trend_fast': 323, 'ema_trend_slow': 294, 'en_sma_trend': True, 'sma_trend_fast': 222, 'sma_trend_slow': 58, 'en_macd': False, 'macd_fast': 42, 'macd_slow': 3, 'macd_signal': 18, 'en_vwap': True, 'en_keltner': True, 'keltner_n': 56, 'keltner_m': 2.3, 'en_obv': True, 'obv_slope': 69, 'en_cci': True, 'cci_n': 10, 'cci_threshold': 180, 'en_rsi': True, 'rsi_n': 83, 'rsi_lower': 36, 'rsi_upper': 89, 'en_stochastic': True, 'stochastic_n': 77, 'stochastic_d': 2, 'stochastic_lower': 1, 'stochastic_upper': 97, 'en_mfi': False, 'mfi_n': 9, 'mfi_lower': 12, 'mfi_upper': 57, 'en_bollinger': False, 'bollinger_n': 81, 'bollinger_k': 1.4, 'en_adx': False, 'adx_n': 32, 'adx_threshold': 26, 'en_structure_trend': True, 'structure_trend_swing_l': 3, 'en_order_block': True, 'order_block_swing_l': 4, 'en_fvg': False, 'fvg_lookback': 37, 'en_ifvg': True, 'en_breaker': False, 'breaker_swing_l': 15, 'en_cisd': False, 'k': 1, 'en_cap_bars': True, 'cap_1min': 1239}.
