[I 2026-07-13 15:56:54,445] Trial 2147 finished with values: [2757.704738583531, -2737.6373508056417, 68.25] and parameters: {'sl_soft': 0.02578091656329544, 'sl_hard_delta': 0.01974966680532401, 'tp': 0.03279738638812957, 'gate_pct': 86.42595282114276, 'dd_limit': 0.7899894121384478, 'cooldown': 0, 'flip': True, 'en_ema_trend': False, 'ema_trend_fast': 360, 'ema_trend_slow': 350, 'en_sma_trend': True, 'sma_trend_fast': 89, 'sma_trend_slow': 19, 'en_macd': True, 'macd_fast': 88, 'macd_slow': 127, 'macd_signal': 83, 'en_vwap': False, 'en_keltner': False, 'keltner_n': 17, 'keltner_m': 4.8, 'en_obv': False, 'obv_slope': 177, 'en_cci': True, 'cci_n': 157, 'cci_threshold': 275, 'en_rsi': False, 'rsi_n': 68, 'rsi_lower': 18, 'rsi_upper': 68, 'en_stochastic': True, 'stochastic_n': 13, 'stochastic_d': 49, 'stochastic_lower': 9, 'stochastic_upper': 93, 'en_mfi': False, 'mfi_n': 72, 'mfi_lower': 46, 'mfi_upper': 85, 'en_bollinger': False, 'bollinger_n': 127, 'bollinger_k': 1.7000000000000002, 'en_adx': False, 'adx_n': 79, 'adx_threshold': 40, 'en_structure_trend': False, 'structure_trend_swing_l': 20, 'en_order_block': True, 'order_block_swing_l': 4, 'en_fvg': False, 'fvg_lookback': 40, 'en_ifvg': True, 'en_breaker': True, 'breaker_swing_l': 11, 'en_cisd': False, 'k': 2, 'en_cap_bars': True, 'cap_1min': 77}.
[I 2026-07-13 15:56:54,674] Trial 2148 pruned. 
[I 2026-07-13 15:56:55,318] Trial 2149 finished with values: [1933.0973143842552, -1420.7696989643619, 42.45] and parameters: {'sl_soft': 0.014509835179219626, 'sl_hard_delta': 0.0027263521951513352, 'tp': 0.03279738638812957, 'gate_pct': 86.42595282114276, 'dd_limit': 1.5419053062488821, 'cooldown': 0, 'flip': True, 'en_ema_trend': False, 'ema_trend_fast': 205, 'ema_trend_slow': 350, 'en_sma_trend': False, 'sma_trend_fast': 89, 'sma_trend_slow': 19, 'en_macd': True, 'macd_fast': 39, 'macd_slow': 191, 'macd_signal': 83, 'en_vwap': False, 'en_keltner': False, 'keltner_n': 70, 'keltner_m': 0.5, 'en_obv': False, 'obv_slope': 36, 'en_cci': True, 'cci_n': 32, 'cci_threshold': 250, 'en_rsi': True, 'rsi_n': 42, 'rsi_lower': 34, 'rsi_upper': 74, 'en_stochastic': False, 'stochastic_n': 15, 'stochastic_d': 27, 'stochastic_lower': 10, 'stochastic_upper': 72, 'en_mfi': False, 'mfi_n': 7, 'mfi_lower': 46, 'mfi_upper': 84, 'en_bollinger': False, 'bollinger_n': 40, 'bollinger_k': 3.4000000000000004, 'en_adx': False, 'adx_n': 26, 'adx_threshold': 8, 'en_structure_trend': False, 'structure_trend_swing_l': 7, 'en_order_block': True, 'order_block_swing_l': 4, 'en_fvg': False, 'fvg_lookback': 14, 'en_ifvg': True, 'en_breaker': True, 'breaker_swing_l': 11, 'en_cisd': False, 'k': 2, 'en_cap_bars': True, 'cap_1min': 77}.
[I 2026-07-13 15:56:56,115] Trial 2150 finished with values: [3717.603478679514, -1099.8920138397157, 40.3] and parameters: {'sl_soft': 0.012449898143873723, 'sl_hard_delta': 0.0027263521951513352, 'tp': 0.03784160265645054, 'gate_pct': 86.42595282114276, 'dd_limit': 0.7899894121384478, 'cooldown': 0, 'flip': True, 'en_ema_trend': True, 'ema_trend_fast': 205, 'ema_trend_slow': 350, 'en_sma_trend': True, 'sma_trend_fast': 89, 'sma_trend_slow': 222, 'en_macd': True, 'macd_fast': 82, 'macd_slow': 127, 'macd_signal': 83, 'en_vwap': False, 'en_keltner': False, 'keltner_n': 17, 'keltner_m': 4.8, 'en_obv': False, 'obv_slope': 53, 'en_cci': True, 'cci_n': 32, 'cci_threshold': 250, 'en_rsi': False, 'rsi_n': 42, 'rsi_lower': 34, 'rsi_upper': 68, 'en_stochastic': False, 'stochastic_n': 13, 'stochastic_d': 27, 'stochastic_lower': 9, 'stochastic_upper': 93, 'en_mfi': False, 'mfi_n': 72, 'mfi_lower': 1, 'mfi_upper': 84, 'en_bollinger': False, 'bollinger_n': 176, 'bollinger_k': 4.8, 'en_adx': False, 'adx_n': 26, 'adx_threshold': 40, 'en_structure_trend': False, 'structure_trend_swing_l': 20, 'en_order_block': True, 'order_block_swing_l': 4, 'en_fvg': True, 'fvg_lookback': 40, 'en_ifvg': True, 'en_breaker': False, 'breaker_swing_l': 3, 'en_cisd': True, 'k': 2, 'en_cap_bars': True, 'cap_1min': 1032}.
[I 2026-07-13 15:57:03,347] Trial 2151 finished with values: [915.8416719407824, -1248.4078252207098, 37.1] and parameters: {'sl_soft': 0.014509835179219626, 'sl_hard_delta': 0.0027263521951513352, 'tp': 0.03279738638812957, 'gate_pct': 95.95343074681206, 'dd_limit': 0.7899894121384478, 'cooldown': 0, 'flip': True, 'en_ema_trend': False, 'ema_trend_fast': 205, 'ema_trend_slow': 350, 'en_sma_trend': True, 'sma_trend_fast': 89, 'sma_trend_slow': 50, 'en_macd': True, 'macd_fast': 88, 'macd_slow': 85, 'macd_signal': 83, 'en_vwap': False, 'en_keltner': False, 'keltner_n': 87, 'keltner_m': 4.8, 'en_obv': False, 'obv_slope': 82, 'en_cci': True, 'cci_n': 184, 'cci_threshold': 250, 'en_rsi': True, 'rsi_n': 68, 'rsi_lower': 34, 'rsi_upper': 68, 'en_stochastic': True, 'stochastic_n': 11, 'stochastic_d': 49, 'stochastic_lower': 16, 'stochastic_upper': 72, 'en_mfi': False, 'mfi_n': 72, 'mfi_lower': 46, 'mfi_upper': 85, 'en_bollinger': False, 'bollinger_n': 112, 'bollinger_k': 4.8, 'en_adx': False, 'adx_n': 79, 'adx_threshold': 8, 'en_structure_trend': False, 'structure_trend_swing_l': 7, 'en_order_block': False, 'order_block_swing_l': 4, 'en_fvg': False, 'fvg_lookback': 40, 'en_ifvg': True, 'en_breaker': True, 'breaker_swing_l': 11, 'en_cisd': True, 'k': 2, 'en_cap_bars': True, 'cap_1min': 77}.
[I 2026-07-13 15:57:04,169] Trial 2152 finished with values: [4934.9193123187415, -3037.551223959664, 32.1] and parameters: {'sl_soft': 0.014509835179219626, 'sl_hard_delta': 0.0027263521951513352, 'tp': 0.04310350832060598, 'gate_pct': 95.95343074681206, 'dd_limit': 0.7899894121384478, 'cooldown': 0, 'flip': True, 'en_ema_trend': False, 'ema_trend_fast': 93, 'ema_trend_slow': 176, 'en_sma_trend': True, 'sma_trend_fast': 187, 'sma_trend_slow': 222, 'en_macd': True, 'macd_fast': 60, 'macd_slow': 85, 'macd_signal': 83, 'en_vwap': False, 'en_keltner': False, 'keltner_n': 87, 'keltner_m': 4.8, 'en_obv': True, 'obv_slope': 53, 'en_cci': False, 'cci_n': 98, 'cci_threshold': 275, 'en_rsi': False, 'rsi_n': 75, 'rsi_lower': 18, 'rsi_upper': 68, 'en_stochastic': False, 'stochastic_n': 26, 'stochastic_d': 27, 'stochastic_lower': 20, 'stochastic_upper': 92, 'en_mfi': False, 'mfi_n': 59, 'mfi_lower': 46, 'mfi_upper': 59, 'en_bollinger': False, 'bollinger_n': 40, 'bollinger_k': 1.7000000000000002, 'en_adx': False, 'adx_n': 24, 'adx_threshold': 53, 'en_structure_trend': False, 'structure_trend_swing_l': 7, 'en_order_block': False, 'order_block_swing_l': 4, 'en_fvg': False, 'fvg_lookback': 14, 'en_ifvg': False, 'en_breaker': True, 'breaker_swing_l': 8, 'en_cisd': False, 'k': 2, 'en_cap_bars': True, 'cap_1min': 77}.
[I 2026-07-13 15:57:04,857] Trial 2153 finished with values: [4705.541446237582, -1963.2227959156278, 37.45] and parameters: {'sl_soft': 0.012449898143873723, 'sl_hard_delta': 0.0027263521951513352, 'tp': 0.03279738638812957, 'gate_pct': 95.95343074681206, 'dd_limit': 0.7899894121384478, 'cooldown': 0, 'flip': True, 'en_ema_trend': True, 'ema_trend_fast': 360, 'ema_trend_slow': 350, 'en_sma_trend': True, 'sma_trend_fast': 89, 'sma_trend_slow': 19, 'en_macd': True, 'macd_fast': 60, 'macd_slow': 127, 'macd_signal': 83, 'en_vwap': True, 'en_keltner': True, 'keltner_n': 70, 'keltner_m': 1.8, 'en_obv': False, 'obv_slope': 36, 'en_cci': False, 'cci_n': 32, 'cci_threshold': 250, 'en_rsi': True, 'rsi_n': 42, 'rsi_lower': 18, 'rsi_upper': 74, 'en_stochastic': False, 'stochastic_n': 26, 'stochastic_d': 27, 'stochastic_lower': 16, 'stochastic_upper': 93, 'en_mfi': False, 'mfi_n': 7, 'mfi_lower': 46, 'mfi_upper': 59, 'en_bollinger': False, 'bollinger_n': 112, 'bollinger_k': 3.4000000000000004, 'en_adx': False, 'adx_n': 27, 'adx_threshold': 16, 'en_structure_trend': False, 'structure_trend_swing_l': 6, 'en_order_block': False, 'order_block_swing_l': 4, 'en_fvg': False, 'fvg_lookback': 40, 'en_ifvg': True, 'en_breaker': False, 'breaker_swing_l': 1, 'en_cisd': False, 'k': 2, 'en_cap_bars': True, 'cap_1min': 77}.
[I 2026-07-13 15:57:10,498] Trial 2154 finished with values: [1878.0653800744844, -1163.906344289245, 52.8] and parameters: {'sl_soft': 0.023138233233501303, 'sl_hard_delta': 0.0027263521951513352, 'tp': 0.03784160265645054, 'gate_pct': 86.42595282114276, 'dd_limit': 0.5820363533127576, 'cooldown': 0, 'flip': True, 'en_ema_trend': False, 'ema_trend_fast': 205, 'ema_trend_slow': 187, 'en_sma_trend': True, 'sma_trend_fast': 89, 'sma_trend_slow': 19, 'en_macd': False, 'macd_fast': 82, 'macd_slow': 127, 'macd_signal': 83, 'en_vwap': False, 'en_keltner': False, 'keltner_n': 70, 'keltner_m': 1.2000000000000002, 'en_obv': False, 'obv_slope': 36, 'en_cci': True, 'cci_n': 32, 'cci_threshold': 275, 'en_rsi': False, 'rsi_n': 42, 'rsi_lower': 18, 'rsi_upper': 74, 'en_stochastic': True, 'stochastic_n': 13, 'stochastic_d': 19, 'stochastic_lower': 9, 'stochastic_upper': 93, 'en_mfi': False, 'mfi_n': 7, 'mfi_lower': 46, 'mfi_upper': 84, 'en_bollinger': False, 'bollinger_n': 112, 'bollinger_k': 3.1, 'en_adx': False, 'adx_n': 26, 'adx_threshold': 40, 'en_structure_trend': False, 'structure_trend_swing_l': 20, 'en_order_block': True, 'order_block_swing_l': 4, 'en_fvg': True, 'fvg_lookback': 40, 'en_ifvg': True, 'en_breaker': True, 'breaker_swing_l': 11, 'en_cisd': True, 'k': 2, 'en_cap_bars': True, 'cap_1min': 77}.
[I 2026-07-13 15:57:11,493] Trial 2155 finished with values: [2472.9803396732386, -2325.1443251908167, 50.0] and parameters: {'sl_soft': 0.023138233233501303, 'sl_hard_delta': 0.0027263521951513352, 'tp': 0.03279738638812957, 'gate_pct': 86.42595282114276, 'dd_limit': 0.7899894121384478, 'cooldown': 0, 'flip': True, 'en_ema_trend': False, 'ema_trend_fast': 360, 'ema_trend_slow': 350, 'en_sma_trend': True, 'sma_trend_fast': 89, 'sma_trend_slow': 19, 'en_macd': True, 'macd_fast': 82, 'macd_slow': 127, 'macd_signal': 83, 'en_vwap': False, 'en_keltner': False, 'keltner_n': 87, 'keltner_m': 1.8, 'en_obv': False, 'obv_slope': 192, 'en_cci': True, 'cci_n': 10, 'cci_threshold': 250, 'en_rsi': True, 'rsi_n': 42, 'rsi_lower': 18, 'rsi_upper': 74, 'en_stochastic': False, 'stochastic_n': 15, 'stochastic_d': 27, 'stochastic_lower': 36, 'stochastic_upper': 93, 'en_mfi': False, 'mfi_n': 72, 'mfi_lower': 46, 'mfi_upper': 84, 'en_bollinger': False, 'bollinger_n': 198, 'bollinger_k': 4.8, 'en_adx': False, 'adx_n': 79, 'adx_threshold': 29, 'en_structure_trend': False, 'structure_trend_swing_l': 20, 'en_order_block': True, 'order_block_swing_l': 4, 'en_fvg': False, 'fvg_lookback': 40, 'en_ifvg': True, 'en_breaker': False, 'breaker_swing_l': 3, 'en_cisd': False, 'k': 2, 'en_cap_bars': True, 'cap_1min': 1032}.
[I 2026-07-13 15:57:11,990] Trial 2156 finished with values: [2715.9064034612074, -1380.6216394554167, 41.0] and parameters: {'sl_soft': 0.012449898143873723, 'sl_hard_delta': 0.0027263521951513352, 'tp': 0.03279738638812957, 'gate_pct': 86.42595282114276, 'dd_limit': 0.7899894121384478, 'cooldown': 0, 'flip': True, 'en_ema_trend': True, 'ema_trend_fast': 205, 'ema_trend_slow': 350, 'en_sma_trend': False, 'sma_trend_fast': 89, 'sma_trend_slow': 19, 'en_macd': True, 'macd_fast': 29, 'macd_slow': 127, 'macd_signal': 83, 'en_vwap': False, 'en_keltner': True, 'keltner_n': 70, 'keltner_m': 4.8, 'en_obv': False, 'obv_slope': 36, 'en_cci': True, 'cci_n': 135, 'cci_threshold': 250, 'en_rsi': True, 'rsi_n': 68, 'rsi_lower': 18, 'rsi_upper': 68, 'en_stochastic': False, 'stochastic_n': 13, 'stochastic_d': 27, 'stochastic_lower': 16, 'stochastic_upper': 93, 'en_mfi': False, 'mfi_n': 72, 'mfi_lower': 46, 'mfi_upper': 85, 'en_bollinger': False, 'bollinger_n': 112, 'bollinger_k': 3.4000000000000004, 'en_adx': False, 'adx_n': 79, 'adx_threshold': 40, 'en_structure_trend': False, 'structure_trend_swing_l': 20, 'en_order_block': True, 'order_block_swing_l': 4, 'en_fvg': False, 'fvg_lookback': 14, 'en_ifvg': True, 'en_breaker': True, 'breaker_swing_l': 11, 'en_cisd': False, 'k': 2, 'en_cap_bars': True, 'cap_1min': 77}.
[I 2026-07-13 15:57:12,827] Trial 2157 finished with values: [2165.826363310667, -759.8027488623419, 40.2] and parameters: {'sl_soft': 0.012449898143873723, 'sl_hard_delta': 0.0027263521951513352, 'tp': 0.03784160265645054, 'gate_pct': 86.42595282114276, 'dd_limit': 0.7899894121384478, 'cooldown': 0, 'flip': True, 'en_ema_trend': False, 'ema_trend_fast': 205, 'ema_trend_slow': 350, 'en_sma_trend': True, 'sma_trend_fast': 89, 'sma_trend_slow': 222, 'en_macd': True, 'macd_fast': 39, 'macd_slow': 127, 'macd_signal': 83, 'en_vwap': False, 'en_keltner': True, 'keltner_n': 17, 'keltner_m': 4.8, 'en_obv': False, 'obv_slope': 36, 'en_cci': True, 'cci_n': 32, 'cci_threshold': 250, 'en_rsi': True, 'rsi_n': 42, 'rsi_lower': 18, 'rsi_upper': 74, 'en_stochastic': True, 'stochastic_n': 15, 'stochastic_d': 27, 'stochastic_lower': 36, 'stochastic_upper': 93, 'en_mfi': False, 'mfi_n': 7, 'mfi_lower': 46, 'mfi_upper': 84, 'en_bollinger': False, 'bollinger_n': 112, 'bollinger_k': 4.8, 'en_adx': False, 'adx_n': 26, 'adx_threshold': 29, 'en_structure_trend': False, 'structure_trend_swing_l': 7, 'en_order_block': True, 'order_block_swing_l': 4, 'en_fvg': False, 'fvg_lookback': 40, 'en_ifvg': True, 'en_breaker': False, 'breaker_swing_l': 1, 'en_cisd': True, 'k': 2, 'en_cap_bars': False, 'cap_1min': 178}.
[I 2026-07-13 15:57:13,060] Trial 2158 pruned. 
[I 2026-07-13 15:57:18,832] Trial 2159 finished with values: [1122.243505536051, -689.4474949749001, 40.15] and parameters: {'sl_soft': 0.014509835179219626, 'sl_hard_delta': 0.0027263521951513352, 'tp': 0.03279738638812957, 'gate_pct': 86.42595282114276, 'dd_limit': 0.7899894121384478, 'cooldown': 0, 'flip': True, 'en_ema_trend': False, 'ema_trend_fast': 205, 'ema_trend_slow': 350, 'en_sma_trend': True, 'sma_trend_fast': 89, 'sma_trend_slow': 19, 'en_macd': False, 'macd_fast': 82, 'macd_slow': 127, 'macd_signal': 83, 'en_vwap': False, 'en_keltner': True, 'keltner_n': 70, 'keltner_m': 1.2000000000000002, 'en_obv': False, 'obv_slope': 192, 'en_cci': True, 'cci_n': 128, 'cci_threshold': 250, 'en_rsi': True, 'rsi_n': 42, 'rsi_lower': 38, 'rsi_upper': 68, 'en_stochastic': True, 'stochastic_n': 13, 'stochastic_d': 27, 'stochastic_lower': 36, 'stochastic_upper': 72, 'en_mfi': False, 'mfi_n': 7, 'mfi_lower': 46, 'mfi_upper': 85, 'en_bollinger': False, 'bollinger_n': 127, 'bollinger_k': 4.8, 'en_adx': False, 'adx_n': 79, 'adx_threshold': 29, 'en_structure_trend': False, 'structure_trend_swing_l': 20, 'en_order_block': True, 'order_block_swing_l': 4, 'en_fvg': False, 'fvg_lookback': 40, 'en_ifvg': True, 'en_breaker': False, 'breaker_swing_l': 3, 'en_cisd': False, 'k': 2, 'en_cap_bars': True, 'cap_1min': 178}.
[I 2026-07-13 15:57:19,412] Trial 2160 finished with values: [-527.9874073286273, -1374.1265378169846, 52.7] and parameters: {'sl_soft': 0.014509835179219626, 'sl_hard_delta': 0.036998245871933615, 'tp': 0.04310350832060598, 'gate_pct': 95.95343074681206, 'dd_limit': 0.7899894121384478, 'cooldown': 20, 'flip': True, 'en_ema_trend': True, 'ema_trend_fast': 93, 'ema_trend_slow': 176, 'en_sma_trend': True, 'sma_trend_fast': 187, 'sma_trend_slow': 164, 'en_macd': True, 'macd_fast': 60, 'macd_slow': 85, 'macd_signal': 83, 'en_vwap': True, 'en_keltner': True, 'keltner_n': 17, 'keltner_m': 4.0, 'en_obv': True, 'obv_slope': 110, 'en_cci': False, 'cci_n': 98, 'cci_threshold': 250, 'en_rsi': False, 'rsi_n': 75, 'rsi_lower': 13, 'rsi_upper': 68, 'en_stochastic': False, 'stochastic_n': 26, 'stochastic_d': 48, 'stochastic_lower': 38, 'stochastic_upper': 92, 'en_mfi': False, 'mfi_n': 59, 'mfi_lower': 46, 'mfi_upper': 59, 'en_bollinger': False, 'bollinger_n': 40, 'bollinger_k': 1.7000000000000002, 'en_adx': False, 'adx_n': 24, 'adx_threshold': 53, 'en_structure_trend': True, 'structure_trend_swing_l': 2, 'en_order_block': False, 'order_block_swing_l': 19, 'en_fvg': True, 'fvg_lookback': 40, 'en_ifvg': False, 'en_breaker': True, 'breaker_swing_l': 8, 'en_cisd': False, 'k': 5, 'en_cap_bars': False, 'cap_1min': 249}.
[I 2026-07-13 15:57:19,633] Trial 2161 pruned. 
[I 2026-07-13 15:57:19,895] Trial 2162 pruned. 
[I 2026-07-13 15:57:20,227] Trial 2163 pruned. 
[I 2026-07-13 15:57:20,882] Trial 2164 finished with values: [2185.6650284953894, -1309.2270921373483, 54.75] and parameters: {'sl_soft': 0.023138233233501303, 'sl_hard_delta': 0.0027263521951513352, 'tp': 0.03279738638812957, 'gate_pct': 86.42595282114276, 'dd_limit': 0.7899894121384478, 'cooldown': 0, 'flip': True, 'en_ema_trend': False, 'ema_trend_fast': 205, 'ema_trend_slow': 187, 'en_sma_trend': False, 'sma_trend_fast': 89, 'sma_trend_slow': 307, 'en_macd': True, 'macd_fast': 82, 'macd_slow': 191, 'macd_signal': 83, 'en_vwap': False, 'en_keltner': False, 'keltner_n': 70, 'keltner_m': 1.2000000000000002, 'en_obv': False, 'obv_slope': 36, 'en_cci': True, 'cci_n': 32, 'cci_threshold': 250, 'en_rsi': True, 'rsi_n': 42, 'rsi_lower': 34, 'rsi_upper': 74, 'en_stochastic': True, 'stochastic_n': 15, 'stochastic_d': 27, 'stochastic_lower': 20, 'stochastic_upper': 93, 'en_mfi': False, 'mfi_n': 7, 'mfi_lower': 46, 'mfi_upper': 84, 'en_bollinger': False, 'bollinger_n': 40, 'bollinger_k': 4.8, 'en_adx': False, 'adx_n': 26, 'adx_threshold': 8, 'en_structure_trend': False, 'structure_trend_swing_l': 7, 'en_order_block': True, 'order_block_swing_l': 4, 'en_fvg': False, 'fvg_lookback': 40, 'en_ifvg': True, 'en_breaker': False, 'breaker_swing_l': 11, 'en_cisd': False, 'k': 2, 'en_cap_bars': True, 'cap_1min': 249}.
[I 2026-07-13 15:57:25,099] Trial 2165 finished with values: [2525.51963492916, -834.6937686463475, 42.45] and parameters: {'sl_soft': 0.012449898143873723, 'sl_hard_delta': 0.0027263521951513352, 'tp': 0.03784160265645054, 'gate_pct': 86.42595282114276, 'dd_limit': 0.5820363533127576, 'cooldown': 0, 'flip': True, 'en_ema_trend': True, 'ema_trend_fast': 360, 'ema_trend_slow': 350, 'en_sma_trend': True, 'sma_trend_fast': 89, 'sma_trend_slow': 19, 'en_macd': False, 'macd_fast': 82, 'macd_slow': 127, 'macd_signal': 83, 'en_vwap': False, 'en_keltner': True, 'keltner_n': 17, 'keltner_m': 1.2000000000000002, 'en_obv': False, 'obv_slope': 192, 'en_cci': True, 'cci_n': 157, 'cci_threshold': 275, 'en_rsi': False, 'rsi_n': 94, 'rsi_lower': 34, 'rsi_upper': 68, 'en_stochastic': True, 'stochastic_n': 13, 'stochastic_d': 49, 'stochastic_lower': 16, 'stochastic_upper': 93, 'en_mfi': False, 'mfi_n': 7, 'mfi_lower': 46, 'mfi_upper': 84, 'en_bollinger': False, 'bollinger_n': 112, 'bollinger_k': 3.1, 'en_adx': False, 'adx_n': 79, 'adx_threshold': 40, 'en_structure_trend': False, 'structure_trend_swing_l': 7, 'en_order_block': True, 'order_block_swing_l': 4, 'en_fvg': True, 'fvg_lookback': 40, 'en_ifvg': True, 'en_breaker': False, 'breaker_swing_l': 11, 'en_cisd': True, 'k': 2, 'en_cap_bars': False, 'cap_1min': 77}.
[I 2026-07-13 15:57:25,665] Trial 2166 finished with values: [2285.676159020618, -4238.609965697871, 65.4] and parameters: {'sl_soft': 0.02578091656329544, 'sl_hard_delta': 0.01974966680532401, 'tp': 0.03279738638812957, 'gate_pct': 86.42595282114276, 'dd_limit': 0.7899894121384478, 'cooldown': 0, 'flip': True, 'en_ema_trend': True, 'ema_trend_fast': 205, 'ema_trend_slow': 350, 'en_sma_trend': True, 'sma_trend_fast': 89, 'sma_trend_slow': 19, 'en_macd': True, 'macd_fast': 82, 'macd_slow': 191, 'macd_signal': 83, 'en_vwap': True, 'en_keltner': False, 'keltner_n': 17, 'keltner_m': 4.8, 'en_obv': False, 'obv_slope': 177, 'en_cci': True, 'cci_n': 32, 'cci_threshold': 275, 'en_rsi': False, 'rsi_n': 42, 'rsi_lower': 18, 'rsi_upper': 74, 'en_stochastic': True, 'stochastic_n': 13, 'stochastic_d': 49, 'stochastic_lower': 9, 'stochastic_upper': 93, 'en_mfi': False, 'mfi_n': 7, 'mfi_lower': 46, 'mfi_upper': 84, 'en_bollinger': False, 'bollinger_n': 127, 'bollinger_k': 3.4000000000000004, 'en_adx': False, 'adx_n': 79, 'adx_threshold': 40, 'en_structure_trend': False, 'structure_trend_swing_l': 20, 'en_order_block': True, 'order_block_swing_l': 4, 'en_fvg': False, 'fvg_lookback': 40, 'en_ifvg': True, 'en_breaker': False, 'breaker_swing_l': 11, 'en_cisd': True, 'k': 2, 'en_cap_bars': False, 'cap_1min': 77}.
[I 2026-07-13 15:57:26,416] Trial 2167 finished with values: [2816.4767022595424, -2852.1720453684156, 52.35] and parameters: {'sl_soft': 0.023138233233501303, 'sl_hard_delta': 0.0027263521951513352, 'tp': 0.03401493735707513, 'gate_pct': 86.42595282114276, 'dd_limit': 0.5820363533127576, 'cooldown': 0, 'flip': True, 'en_ema_trend': False, 'ema_trend_fast': 282, 'ema_trend_slow': 350, 'en_sma_trend': False, 'sma_trend_fast': 89, 'sma_trend_slow': 222, 'en_macd': True, 'macd_fast': 88, 'macd_slow': 191, 'macd_signal': 83, 'en_vwap': False, 'en_keltner': False, 'keltner_n': 87, 'keltner_m': 4.8, 'en_obv': False, 'obv_slope': 53, 'en_cci': True, 'cci_n': 32, 'cci_threshold': 275, 'en_rsi': True, 'rsi_n': 42, 'rsi_lower': 34, 'rsi_upper': 68, 'en_stochastic': False, 'stochastic_n': 11, 'stochastic_d': 27, 'stochastic_lower': 9, 'stochastic_upper': 93, 'en_mfi': False, 'mfi_n': 7, 'mfi_lower': 1, 'mfi_upper': 83, 'en_bollinger': False, 'bollinger_n': 112, 'bollinger_k': 2.6, 'en_adx': False, 'adx_n': 35, 'adx_threshold': 40, 'en_structure_trend': False, 'structure_trend_swing_l': 20, 'en_order_block': True, 'order_block_swing_l': 4, 'en_fvg': False, 'fvg_lookback': 14, 'en_ifvg': True, 'en_breaker': True, 'breaker_swing_l': 11, 'en_cisd': True, 'k': 2, 'en_cap_bars': False, 'cap_1min': 77}.
