[I 2026-07-13 15:09:16,959] Trial 598 pruned. 
[I 2026-07-13 15:09:18,688] Trial 599 pruned. 
[I 2026-07-13 15:09:18,959] Trial 600 pruned. 
[I 2026-07-13 15:09:19,628] Trial 601 pruned. 
[I 2026-07-13 15:09:20,039] Trial 602 pruned. 
[I 2026-07-13 15:09:20,965] Trial 603 pruned. 
[I 2026-07-13 15:09:21,529] Trial 604 pruned. 
[I 2026-07-13 15:09:22,456] Trial 605 pruned. 
[I 2026-07-13 15:09:23,133] Trial 606 pruned. 
[I 2026-07-13 15:09:24,075] Trial 607 pruned. 
[I 2026-07-13 15:09:29,014] Trial 608 finished with values: [-553.7910651495005, -7108.192534031261, 47.3] and parameters: {'sl_soft': 0.02540575100595492, 'sl_hard_delta': 0.03131346705461979, 'tp': 0.045463755159174286, 'gate_pct': 82.90127298823644, 'dd_limit': 6.998800575439505, 'cooldown': 0, 'flip': False, 'en_ema_trend': False, 'ema_trend_fast': 360, 'ema_trend_slow': 278, 'en_sma_trend': False, 'sma_trend_fast': 391, 'sma_trend_slow': 19, 'en_macd': True, 'macd_fast': 61, 'macd_slow': 25, 'macd_signal': 9, 'en_vwap': False, 'en_keltner': True, 'keltner_n': 104, 'keltner_m': 4.9, 'en_obv': False, 'obv_slope': 192, 'en_cci': True, 'cci_n': 108, 'cci_threshold': 275, 'en_rsi': False, 'rsi_n': 87, 'rsi_lower': 32, 'rsi_upper': 80, 'en_stochastic': False, 'stochastic_n': 81, 'stochastic_d': 49, 'stochastic_lower': 6, 'stochastic_upper': 61, 'en_mfi': True, 'mfi_n': 78, 'mfi_lower': 36, 'mfi_upper': 85, 'en_bollinger': True, 'bollinger_n': 158, 'bollinger_k': 4.8, 'en_adx': False, 'adx_n': 75, 'adx_threshold': 29, 'en_structure_trend': False, 'structure_trend_swing_l': 7, 'en_order_block': False, 'order_block_swing_l': 4, 'en_fvg': False, 'fvg_lookback': 40, 'en_ifvg': True, 'en_breaker': True, 'breaker_swing_l': 1, 'en_cisd': False, 'k': 2, 'en_cap_bars': False, 'cap_1min': 77}.
[I 2026-07-13 15:09:29,697] Trial 609 pruned. 
[I 2026-07-13 15:09:31,717] Trial 610 pruned. 
[I 2026-07-13 15:09:32,658] Trial 611 pruned. 
[I 2026-07-13 15:09:34,491] Trial 612 pruned. 
[I 2026-07-13 15:09:34,878] Trial 613 pruned. 
[I 2026-07-13 15:09:35,360] Trial 614 pruned. 
[I 2026-07-13 15:09:36,919] Trial 615 pruned. 
[I 2026-07-13 15:09:38,113] Trial 616 pruned. 
[I 2026-07-13 15:09:38,568] Trial 617 pruned. 
[I 2026-07-13 15:09:39,623] Trial 618 pruned. 
[I 2026-07-13 15:09:40,547] Trial 619 pruned. 
[I 2026-07-13 15:09:41,472] Trial 620 pruned. 
[I 2026-07-13 15:09:42,627] Trial 621 pruned. 
[I 2026-07-13 15:09:46,201] Trial 622 pruned. 
[I 2026-07-13 15:09:47,175] Trial 623 pruned. 
[I 2026-07-13 15:09:47,933] Trial 624 pruned. 
[I 2026-07-13 15:09:49,228] Trial 625 pruned. 
[I 2026-07-13 15:09:51,382] Trial 626 pruned. 
[I 2026-07-13 15:09:52,789] Trial 627 pruned. 
[I 2026-07-13 15:09:53,840] Trial 628 pruned. 
[I 2026-07-13 15:09:56,175] Trial 629 pruned. 
[I 2026-07-13 15:09:56,740] Trial 630 pruned. 
[I 2026-07-13 15:09:57,723] Trial 631 pruned. 
[I 2026-07-13 15:09:58,315] Trial 632 pruned. 
[I 2026-07-13 15:10:00,042] Trial 633 pruned. 
[I 2026-07-13 15:10:01,442] Trial 634 pruned. 
[I 2026-07-13 15:10:02,106] Trial 635 pruned. 
[I 2026-07-13 15:10:02,479] Trial 636 pruned. 
[I 2026-07-13 15:10:04,953] Trial 637 pruned. 
[I 2026-07-13 15:10:06,206] Trial 638 pruned. 
[I 2026-07-13 15:10:06,551] Trial 639 pruned. 
[I 2026-07-13 15:10:06,716] Trial 640 pruned. 
[I 2026-07-13 15:10:07,657] Trial 641 pruned. 
[I 2026-07-13 15:10:09,183] Trial 642 pruned. 
[I 2026-07-13 15:10:09,858] Trial 643 pruned. 
[I 2026-07-13 15:10:11,054] Trial 644 pruned. 
[I 2026-07-13 15:10:12,120] Trial 645 pruned. 
[I 2026-07-13 15:10:13,651] Trial 646 pruned. 
[I 2026-07-13 15:10:17,183] Trial 647 finished with values: [-1232.5535040443824, -4291.9866408539065, 44.25] and parameters: {'sl_soft': 0.01726087669575787, 'sl_hard_delta': 0.038347191134698366, 'tp': 0.04673202576998396, 'gate_pct': 97.00844078669539, 'dd_limit': 7.364744278329123, 'cooldown': 9, 'flip': True, 'en_ema_trend': True, 'ema_trend_fast': 23, 'ema_trend_slow': 133, 'en_sma_trend': True, 'sma_trend_fast': 331, 'sma_trend_slow': 379, 'en_macd': True, 'macd_fast': 38, 'macd_slow': 88, 'macd_signal': 45, 'en_vwap': True, 'en_keltner': False, 'keltner_n': 60, 'keltner_m': 0.8, 'en_obv': False, 'obv_slope': 162, 'en_cci': True, 'cci_n': 78, 'cci_threshold': 50, 'en_rsi': False, 'rsi_n': 74, 'rsi_lower': 5, 'rsi_upper': 74, 'en_stochastic': False, 'stochastic_n': 27, 'stochastic_d': 6, 'stochastic_lower': 27, 'stochastic_upper': 94, 'en_mfi': False, 'mfi_n': 28, 'mfi_lower': 42, 'mfi_upper': 69, 'en_bollinger': True, 'bollinger_n': 172, 'bollinger_k': 0.5, 'en_adx': False, 'adx_n': 35, 'adx_threshold': 42, 'en_structure_trend': False, 'structure_trend_swing_l': 1, 'en_order_block': True, 'order_block_swing_l': 18, 'en_fvg': False, 'fvg_lookback': 50, 'en_ifvg': False, 'en_breaker': False, 'breaker_swing_l': 13, 'en_cisd': True, 'k': 1, 'en_cap_bars': False, 'cap_1min': 495}.
[I 2026-07-13 15:10:18,310] Trial 648 pruned. 
[I 2026-07-13 15:10:19,618] Trial 649 pruned. 
[I 2026-07-13 15:10:21,172] Trial 650 pruned. 
[I 2026-07-13 15:10:21,594] Trial 651 pruned. 
[I 2026-07-13 15:10:22,594] Trial 652 pruned. 
[I 2026-07-13 15:10:23,167] Trial 653 pruned. 
[I 2026-07-13 15:10:24,998] Trial 654 pruned. 
[I 2026-07-13 15:10:25,948] Trial 655 pruned. 
[I 2026-07-13 15:10:26,963] Trial 656 pruned. 
[I 2026-07-13 15:10:28,175] Trial 657 pruned. 
[I 2026-07-13 15:10:31,408] Trial 658 pruned. 
[I 2026-07-13 15:10:32,433] Trial 659 pruned. 
[I 2026-07-13 15:10:34,197] Trial 660 pruned. 
[I 2026-07-13 15:10:35,688] Trial 661 pruned. 
[I 2026-07-13 15:10:36,413] Trial 662 pruned. 
[I 2026-07-13 15:10:38,218] Trial 663 pruned. 
[I 2026-07-13 15:10:41,378] Trial 664 finished with values: [-350.2423877688443, -1084.9439605398102, 55.0] and parameters: {'sl_soft': 0.026342400384516372, 'sl_hard_delta': 0.012956297024244669, 'tp': 0.018803392344604333, 'gate_pct': 98.93711402329589, 'dd_limit': 9.066216783758431, 'cooldown': 15, 'flip': True, 'en_ema_trend': True, 'ema_trend_fast': 351, 'ema_trend_slow': 367, 'en_sma_trend': False, 'sma_trend_fast': 372, 'sma_trend_slow': 12, 'en_macd': True, 'macd_fast': 60, 'macd_slow': 18, 'macd_signal': 40, 'en_vwap': False, 'en_keltner': False, 'keltner_n': 61, 'keltner_m': 5.0, 'en_obv': True, 'obv_slope': 191, 'en_cci': False, 'cci_n': 10, 'cci_threshold': 25, 'en_rsi': False, 'rsi_n': 34, 'rsi_lower': 12, 'rsi_upper': 77, 'en_stochastic': False, 'stochastic_n': 97, 'stochastic_d': 39, 'stochastic_lower': 17, 'stochastic_upper': 91, 'en_mfi': True, 'mfi_n': 77, 'mfi_lower': 8, 'mfi_upper': 76, 'en_bollinger': True, 'bollinger_n': 56, 'bollinger_k': 3.1, 'en_adx': False, 'adx_n': 36, 'adx_threshold': 50, 'en_structure_trend': True, 'structure_trend_swing_l': 13, 'en_order_block': True, 'order_block_swing_l': 12, 'en_fvg': False, 'fvg_lookback': 11, 'en_ifvg': True, 'en_breaker': True, 'breaker_swing_l': 9, 'en_cisd': True, 'k': 3, 'en_cap_bars': False, 'cap_1min': 963}.
[I 2026-07-13 15:10:42,408] Trial 665 pruned. 
[I 2026-07-13 15:10:43,850] Trial 666 pruned. 
[I 2026-07-13 15:10:44,836] Trial 667 pruned. 
[I 2026-07-13 15:10:45,821] Trial 668 pruned. 
[I 2026-07-13 15:10:47,067] Trial 669 pruned. 
[I 2026-07-13 15:10:48,698] Trial 670 pruned. 
[I 2026-07-13 15:10:49,463] Trial 671 pruned. 
[I 2026-07-13 15:10:50,837] Trial 672 pruned. 
[I 2026-07-13 15:11:05,230] Trial 673 finished with values: [-219.14212961794632, -1651.2728241663403, 58.65] and parameters: {'sl_soft': 0.01465986089441771, 'sl_hard_delta': 0.03429456441718815, 'tp': 0.028996057409248564, 'gate_pct': 97.47084145131518, 'dd_limit': 1.1085214524927745, 'cooldown': 13, 'flip': True, 'en_ema_trend': False, 'ema_trend_fast': 127, 'ema_trend_slow': 26, 'en_sma_trend': True, 'sma_trend_fast': 371, 'sma_trend_slow': 343, 'en_macd': True, 'macd_fast': 34, 'macd_slow': 173, 'macd_signal': 58, 'en_vwap': True, 'en_keltner': True, 'keltner_n': 32, 'keltner_m': 4.300000000000001, 'en_obv': False, 'obv_slope': 152, 'en_cci': True, 'cci_n': 29, 'cci_threshold': 285, 'en_rsi': False, 'rsi_n': 62, 'rsi_lower': 30, 'rsi_upper': 59, 'en_stochastic': True, 'stochastic_n': 87, 'stochastic_d': 17, 'stochastic_lower': 28, 'stochastic_upper': 83, 'en_mfi': False, 'mfi_n': 34, 'mfi_lower': 23, 'mfi_upper': 89, 'en_bollinger': True, 'bollinger_n': 78, 'bollinger_k': 1.5, 'en_adx': True, 'adx_n': 34, 'adx_threshold': 5, 'en_structure_trend': False, 'structure_trend_swing_l': 11, 'en_order_block': False, 'order_block_swing_l': 6, 'en_fvg': True, 'fvg_lookback': 34, 'en_ifvg': False, 'en_breaker': True, 'breaker_swing_l': 9, 'en_cisd': False, 'k': 2, 'en_cap_bars': True, 'cap_1min': 694}.
[I 2026-07-13 15:11:06,866] Trial 674 pruned. 
[I 2026-07-13 15:11:10,096] Trial 675 finished with values: [-820.6488079406605, -2774.6947028299455, 40.150000000000006] and parameters: {'sl_soft': 0.011998380036411276, 'sl_hard_delta': 0.02708187816222719, 'tp': 0.04185334247550349, 'gate_pct': 79.76528290610023, 'dd_limit': 1.9549593836557686, 'cooldown': 2, 'flip': True, 'en_ema_trend': True, 'ema_trend_fast': 166, 'ema_trend_slow': 37, 'en_sma_trend': False, 'sma_trend_fast': 37, 'sma_trend_slow': 352, 'en_macd': True, 'macd_fast': 72, 'macd_slow': 45, 'macd_signal': 20, 'en_vwap': False, 'en_keltner': False, 'keltner_n': 62, 'keltner_m': 2.1, 'en_obv': False, 'obv_slope': 54, 'en_cci': True, 'cci_n': 132, 'cci_threshold': 270, 'en_rsi': False, 'rsi_n': 41, 'rsi_lower': 33, 'rsi_upper': 55, 'en_stochastic': False, 'stochastic_n': 48, 'stochastic_d': 44, 'stochastic_lower': 7, 'stochastic_upper': 85, 'en_mfi': False, 'mfi_n': 71, 'mfi_lower': 7, 'mfi_upper': 73, 'en_bollinger': False, 'bollinger_n': 153, 'bollinger_k': 4.5, 'en_adx': False, 'adx_n': 86, 'adx_threshold': 10, 'en_structure_trend': False, 'structure_trend_swing_l': 8, 'en_order_block': False, 'order_block_swing_l': 3, 'en_fvg': False, 'fvg_lookback': 46, 'en_ifvg': True, 'en_breaker': True, 'breaker_swing_l': 6, 'en_cisd': True, 'k': 1, 'en_cap_bars': True, 'cap_1min': 685}.
[I 2026-07-13 15:11:12,268] Trial 676 pruned. 
[I 2026-07-13 15:11:13,692] Trial 677 pruned. 
[I 2026-07-13 15:11:14,924] Trial 678 pruned. 
[I 2026-07-13 15:11:16,172] Trial 679 pruned. 
[I 2026-07-13 15:11:16,442] Trial 680 pruned. 
[I 2026-07-13 15:11:18,118] Trial 681 pruned. 
[I 2026-07-13 15:11:19,019] Trial 682 pruned. 
[I 2026-07-13 15:11:20,476] Trial 683 pruned. 
[I 2026-07-13 15:11:21,930] Trial 684 pruned. 
[I 2026-07-13 15:11:23,073] Trial 685 pruned. 
[I 2026-07-13 15:11:25,043] Trial 686 pruned. 
[I 2026-07-13 15:11:26,224] Trial 687 pruned. 
[I 2026-07-13 15:11:27,931] Trial 688 pruned. 
[I 2026-07-13 15:11:31,104] Trial 689 pruned. 
[I 2026-07-13 15:11:32,026] Trial 690 pruned. 
[I 2026-07-13 15:11:33,044] Trial 691 pruned. 
[I 2026-07-13 15:11:34,359] Trial 692 pruned. 
[I 2026-07-13 15:11:35,949] Trial 693 pruned. 
[I 2026-07-13 15:11:36,590] Trial 694 pruned. 
[I 2026-07-13 15:11:38,315] Trial 695 pruned. 
[I 2026-07-13 15:11:39,023] Trial 696 pruned. 
[I 2026-07-13 15:11:39,602] Trial 697 pruned. 
[I 2026-07-13 15:11:40,715] Trial 698 pruned. 
[I 2026-07-13 15:11:42,634] Trial 699 pruned. 
[I 2026-07-13 15:11:43,871] Trial 700 pruned. 
[I 2026-07-13 15:11:45,082] Trial 701 pruned. 
[I 2026-07-13 15:11:46,783] Trial 702 pruned. 
[I 2026-07-13 15:11:47,850] Trial 703 pruned. 
[I 2026-07-13 15:11:48,568] Trial 704 pruned. 
[I 2026-07-13 15:11:49,192] Trial 705 pruned. 
[I 2026-07-13 15:11:57,649] Trial 706 finished with values: [-116.4010934948756, -1386.183445729116, 65.7] and parameters: {'sl_soft': 0.014880543410353069, 'sl_hard_delta': 0.012732590230779687, 'tp': 0.010216756023625758, 'gate_pct': 95.96044176507574, 'dd_limit': 1.1909280435258565, 'cooldown': 33, 'flip': False, 'en_ema_trend': False, 'ema_trend_fast': 196, 'ema_trend_slow': 162, 'en_sma_trend': False, 'sma_trend_fast': 189, 'sma_trend_slow': 390, 'en_macd': False, 'macd_fast': 29, 'macd_slow': 88, 'macd_signal': 77, 'en_vwap': True, 'en_keltner': True, 'keltner_n': 188, 'keltner_m': 1.4, 'en_obv': True, 'obv_slope': 144, 'en_cci': True, 'cci_n': 139, 'cci_threshold': 60, 'en_rsi': False, 'rsi_n': 41, 'rsi_lower': 37, 'rsi_upper': 96, 'en_stochastic': True, 'stochastic_n': 46, 'stochastic_d': 50, 'stochastic_lower': 38, 'stochastic_upper': 95, 'en_mfi': False, 'mfi_n': 88, 'mfi_lower': 2, 'mfi_upper': 67, 'en_bollinger': False, 'bollinger_n': 63, 'bollinger_k': 1.9000000000000001, 'en_adx': False, 'adx_n': 95, 'adx_threshold': 32, 'en_structure_trend': False, 'structure_trend_swing_l': 11, 'en_order_block': False, 'order_block_swing_l': 6, 'en_fvg': False, 'fvg_lookback': 13, 'en_ifvg': False, 'en_breaker': False, 'breaker_swing_l': 15, 'en_cisd': True, 'k': 2, 'en_cap_bars': False, 'cap_1min': 21}.
[I 2026-07-13 15:11:58,728] Trial 707 pruned. 
[I 2026-07-13 15:11:59,617] Trial 708 pruned. 
[I 2026-07-13 15:12:02,709] Trial 709 pruned. 
[I 2026-07-13 15:12:03,649] Trial 710 pruned. 
[I 2026-07-13 15:12:04,710] Trial 711 pruned. 
[I 2026-07-13 15:12:08,349] Trial 712 pruned. 
[I 2026-07-13 15:12:09,344] Trial 713 pruned. 
[I 2026-07-13 15:12:11,456] Trial 714 pruned. 
[I 2026-07-13 15:12:12,534] Trial 715 pruned. 
[I 2026-07-13 15:12:17,084] Trial 716 finished with values: [-1234.5976110227853, -2783.025403984958, 52.0] and parameters: {'sl_soft': 0.016869541313896508, 'sl_hard_delta': 0.03771566628240392, 'tp': 0.024118886108903777, 'gate_pct': 88.42317797990142, 'dd_limit': 3.745445424508321, 'cooldown': 6, 'flip': False, 'en_ema_trend': False, 'ema_trend_fast': 397, 'ema_trend_slow': 362, 'en_sma_trend': False, 'sma_trend_fast': 347, 'sma_trend_slow': 51, 'en_macd': True, 'macd_fast': 5, 'macd_slow': 123, 'macd_signal': 19, 'en_vwap': True, 'en_keltner': True, 'keltner_n': 20, 'keltner_m': 2.8000000000000003, 'en_obv': True, 'obv_slope': 105, 'en_cci': True, 'cci_n': 116, 'cci_threshold': 25, 'en_rsi': False, 'rsi_n': 29, 'rsi_lower': 13, 'rsi_upper': 68, 'en_stochastic': False, 'stochastic_n': 66, 'stochastic_d': 21, 'stochastic_lower': 43, 'stochastic_upper': 94, 'en_mfi': True, 'mfi_n': 68, 'mfi_lower': 13, 'mfi_upper': 90, 'en_bollinger': False, 'bollinger_n': 94, 'bollinger_k': 3.2, 'en_adx': False, 'adx_n': 12, 'adx_threshold': 48, 'en_structure_trend': False, 'structure_trend_swing_l': 1, 'en_order_block': False, 'order_block_swing_l': 13, 'en_fvg': True, 'fvg_lookback': 25, 'en_ifvg': True, 'en_breaker': False, 'breaker_swing_l': 11, 'en_cisd': False, 'k': 4, 'en_cap_bars': False, 'cap_1min': 1062}.
[I 2026-07-13 15:12:18,218] Trial 717 pruned. 
[I 2026-07-13 15:12:20,108] Trial 718 pruned. 
[I 2026-07-13 15:12:21,549] Trial 719 pruned. 
[I 2026-07-13 15:12:21,853] Trial 720 pruned. 
[I 2026-07-13 15:12:22,885] Trial 721 pruned. 
[I 2026-07-13 15:12:24,488] Trial 722 pruned. 
[I 2026-07-13 15:12:24,862] Trial 723 pruned. 
[I 2026-07-13 15:12:26,316] Trial 724 pruned. 
[I 2026-07-13 15:12:27,444] Trial 725 pruned. 
[I 2026-07-13 15:12:29,396] Trial 726 pruned. 
[I 2026-07-13 15:12:30,644] Trial 727 pruned. 
[I 2026-07-13 15:12:32,374] Trial 728 pruned. 
[I 2026-07-13 15:12:32,906] Trial 729 pruned. 
[I 2026-07-13 15:12:34,773] Trial 730 pruned. 
[I 2026-07-13 15:12:35,824] Trial 731 pruned. 
[I 2026-07-13 15:12:38,050] Trial 732 pruned. 
[I 2026-07-13 15:12:39,218] Trial 733 pruned. 
[I 2026-07-13 15:12:39,705] Trial 734 pruned. 
[I 2026-07-13 15:12:40,978] Trial 735 pruned. 
[I 2026-07-13 15:12:49,486] Trial 736 finished with values: [-0.8660074356470204, -2470.681664742642, 48.9] and parameters: {'sl_soft': 0.015396926007329708, 'sl_hard_delta': 0.01974966680532401, 'tp': 0.03279738638812957, 'gate_pct': 86.42595282114276, 'dd_limit': 7.950087265986371, 'cooldown': 0, 'flip': True, 'en_ema_trend': True, 'ema_trend_fast': 22, 'ema_trend_slow': 350, 'en_sma_trend': True, 'sma_trend_fast': 367, 'sma_trend_slow': 338, 'en_macd': True, 'macd_fast': 29, 'macd_slow': 88, 'macd_signal': 23, 'en_vwap': True, 'en_keltner': False, 'keltner_n': 87, 'keltner_m': 1.2000000000000002, 'en_obv': False, 'obv_slope': 87, 'en_cci': True, 'cci_n': 59, 'cci_threshold': 75, 'en_rsi': False, 'rsi_n': 42, 'rsi_lower': 18, 'rsi_upper': 74, 'en_stochastic': True, 'stochastic_n': 13, 'stochastic_d': 41, 'stochastic_lower': 36, 'stochastic_upper': 51, 'en_mfi': False, 'mfi_n': 6, 'mfi_lower': 32, 'mfi_upper': 96, 'en_bollinger': False, 'bollinger_n': 112, 'bollinger_k': 0.9, 'en_adx': False, 'adx_n': 79, 'adx_threshold': 25, 'en_structure_trend': False, 'structure_trend_swing_l': 11, 'en_order_block': False, 'order_block_swing_l': 11, 'en_fvg': False, 'fvg_lookback': 21, 'en_ifvg': True, 'en_breaker': False, 'breaker_swing_l': 11, 'en_cisd': False, 'k': 1, 'en_cap_bars': True, 'cap_1min': 6}.
[I 2026-07-13 15:12:50,540] Trial 737 pruned. 
[I 2026-07-13 15:12:52,501] Trial 738 pruned. 
[I 2026-07-13 15:12:54,496] Trial 739 pruned. 
[I 2026-07-13 15:12:55,396] Trial 740 pruned. 
[I 2026-07-13 15:12:56,735] Trial 741 pruned. 
[I 2026-07-13 15:12:57,889] Trial 742 pruned. 
[I 2026-07-13 15:12:58,965] Trial 743 pruned. 
[I 2026-07-13 15:13:01,309] Trial 744 pruned. 
[I 2026-07-13 15:13:01,597] Trial 745 pruned. 
[I 2026-07-13 15:13:10,795] Trial 746 finished with values: [117.65746815175504, -1949.7264656808966, 56.65] and parameters: {'sl_soft': 0.02449367366774731, 'sl_hard_delta': 0.0021822480591295163, 'tp': 0.019692498485507606, 'gate_pct': 91.49650994027499, 'dd_limit': 8.990165933787594, 'cooldown': 10, 'flip': False, 'en_ema_trend': False, 'ema_trend_fast': 186, 'ema_trend_slow': 362, 'en_sma_trend': True, 'sma_trend_fast': 22, 'sma_trend_slow': 100, 'en_macd': False, 'macd_fast': 34, 'macd_slow': 171, 'macd_signal': 90, 'en_vwap': True, 'en_keltner': True, 'keltner_n': 146, 'keltner_m': 1.2000000000000002, 'en_obv': False, 'obv_slope': 85, 'en_cci': False, 'cci_n': 118, 'cci_threshold': 75, 'en_rsi': False, 'rsi_n': 79, 'rsi_lower': 24, 'rsi_upper': 89, 'en_stochastic': False, 'stochastic_n': 17, 'stochastic_d': 8, 'stochastic_lower': 37, 'stochastic_upper': 91, 'en_mfi': True, 'mfi_n': 65, 'mfi_lower': 6, 'mfi_upper': 71, 'en_bollinger': True, 'bollinger_n': 150, 'bollinger_k': 2.5, 'en_adx': False, 'adx_n': 41, 'adx_threshold': 16, 'en_structure_trend': True, 'structure_trend_swing_l': 8, 'en_order_block': True, 'order_block_swing_l': 17, 'en_fvg': False, 'fvg_lookback': 23, 'en_ifvg': False, 'en_breaker': True, 'breaker_swing_l': 17, 'en_cisd': True, 'k': 2, 'en_cap_bars': False, 'cap_1min': 61}.
[I 2026-07-13 15:13:12,020] Trial 747 pruned. 
[I 2026-07-13 15:13:13,351] Trial 748 pruned. 
[I 2026-07-13 15:13:14,322] Trial 749 pruned. 
[I 2026-07-13 15:13:14,664] Trial 750 pruned. 
[I 2026-07-13 15:13:15,407] Trial 751 pruned. 
[I 2026-07-13 15:13:19,333] Trial 752 pruned. 
[I 2026-07-13 15:13:20,834] Trial 753 pruned. 
[I 2026-07-13 15:13:22,986] Trial 754 pruned. 
[I 2026-07-13 15:13:24,063] Trial 755 pruned. 
[I 2026-07-13 15:13:25,345] Trial 756 pruned. 
[I 2026-07-13 15:13:26,433] Trial 757 pruned. 
[I 2026-07-13 15:13:29,152] Trial 758 finished with values: [-43.123067913359876, -4813.066445746161, 57.9] and parameters: {'sl_soft': 0.020970719490040014, 'sl_hard_delta': 0.031011509548974334, 'tp': 0.029492095771343048, 'gate_pct': 88.56558945005355, 'dd_limit': 8.379964466559938, 'cooldown': 0, 'flip': True, 'en_ema_trend': False, 'ema_trend_fast': 163, 'ema_trend_slow': 30, 'en_sma_trend': False, 'sma_trend_fast': 216, 'sma_trend_slow': 36, 'en_macd': False, 'macd_fast': 77, 'macd_slow': 4, 'macd_signal': 33, 'en_vwap': False, 'en_keltner': False, 'keltner_n': 89, 'keltner_m': 2.5, 'en_obv': True, 'obv_slope': 132, 'en_cci': False, 'cci_n': 102, 'cci_threshold': 155, 'en_rsi': True, 'rsi_n': 3, 'rsi_lower': 16, 'rsi_upper': 79, 'en_stochastic': False, 'stochastic_n': 86, 'stochastic_d': 13, 'stochastic_lower': 14, 'stochastic_upper': 75, 'en_mfi': True, 'mfi_n': 57, 'mfi_lower': 10, 'mfi_upper': 54, 'en_bollinger': True, 'bollinger_n': 92, 'bollinger_k': 1.4, 'en_adx': False, 'adx_n': 72, 'adx_threshold': 56, 'en_structure_trend': False, 'structure_trend_swing_l': 3, 'en_order_block': True, 'order_block_swing_l': 5, 'en_fvg': True, 'fvg_lookback': 12, 'en_ifvg': False, 'en_breaker': True, 'breaker_swing_l': 20, 'en_cisd': True, 'k': 4, 'en_cap_bars': False, 'cap_1min': 40}.
[I 2026-07-13 15:13:29,885] Trial 759 pruned. 
[I 2026-07-13 15:13:30,055] Trial 760 pruned. 
[I 2026-07-13 15:13:31,047] Trial 761 pruned. 
[I 2026-07-13 15:13:35,149] Trial 762 finished with values: [-2438.7715134716004, -27304.418710706603, 58.5] and parameters: {'sl_soft': 0.012995092550468514, 'sl_hard_delta': 0.02605268230419191, 'tp': 0.018928225464165636, 'gate_pct': 91.11428864458729, 'dd_limit': 9.740009427199718, 'cooldown': 1, 'flip': True, 'en_ema_trend': True, 'ema_trend_fast': 330, 'ema_trend_slow': 18, 'en_sma_trend': False, 'sma_trend_fast': 137, 'sma_trend_slow': 51, 'en_macd': True, 'macd_fast': 27, 'macd_slow': 16, 'macd_signal': 24, 'en_vwap': True, 'en_keltner': False, 'keltner_n': 66, 'keltner_m': 0.5, 'en_obv': False, 'obv_slope': 20, 'en_cci': True, 'cci_n': 181, 'cci_threshold': 205, 'en_rsi': False, 'rsi_n': 24, 'rsi_lower': 4, 'rsi_upper': 93, 'en_stochastic': False, 'stochastic_n': 36, 'stochastic_d': 4, 'stochastic_lower': 25, 'stochastic_upper': 63, 'en_mfi': True, 'mfi_n': 29, 'mfi_lower': 13, 'mfi_upper': 55, 'en_bollinger': False, 'bollinger_n': 144, 'bollinger_k': 4.8, 'en_adx': False, 'adx_n': 28, 'adx_threshold': 17, 'en_structure_trend': False, 'structure_trend_swing_l': 10, 'en_order_block': False, 'order_block_swing_l': 8, 'en_fvg': False, 'fvg_lookback': 27, 'en_ifvg': False, 'en_breaker': True, 'breaker_swing_l': 12, 'en_cisd': False, 'k': 2, 'en_cap_bars': False, 'cap_1min': 634}.
[I 2026-07-13 15:13:36,146] Trial 763 pruned. 
[I 2026-07-13 15:13:37,388] Trial 764 pruned. 
[I 2026-07-13 15:13:38,834] Trial 765 pruned. 
[I 2026-07-13 15:13:40,212] Trial 766 pruned. 
[I 2026-07-13 15:13:41,262] Trial 767 pruned. 
[I 2026-07-13 15:13:42,298] Trial 768 pruned. 
