[I 2026-07-13 14:04:50,456] Trial 1635 pruned. 
[I 2026-07-13 14:04:51,648] Trial 1636 pruned. 
[I 2026-07-13 14:04:53,729] Trial 1637 pruned. 
[I 2026-07-13 14:04:53,996] Trial 1638 pruned. 
[I 2026-07-13 14:04:55,148] Trial 1639 pruned. 
[I 2026-07-13 14:04:55,391] Trial 1640 pruned. 
[I 2026-07-13 14:04:56,799] Trial 1641 pruned. 
[I 2026-07-13 14:04:57,047] Trial 1642 pruned. 
[I 2026-07-13 14:04:59,014] Trial 1643 pruned. 
[I 2026-07-13 14:05:01,290] Trial 1644 pruned. 
[I 2026-07-13 14:05:01,707] Trial 1645 pruned. 
[I 2026-07-13 14:05:02,514] Trial 1646 pruned. 
[I 2026-07-13 14:05:03,947] Trial 1647 pruned. 
[I 2026-07-13 14:05:04,843] Trial 1648 pruned. 
[I 2026-07-13 14:05:06,011] Trial 1649 pruned. 
[I 2026-07-13 14:05:11,179] Trial 1650 finished with values: [-3080.496355551112, -10327.271436047311, 38.599999999999994] and parameters: {'sl_soft': 0.14661985206139194, 'sl_hard_delta': 0.02850668921287187, 'tp': 0.2287776902720733, 'gate_pct': 99.87519113241727, 'dd_limit': 9.028715067859354, 'cooldown': 0, 'flip': True, 'en_ema_trend': True, 'ema_trend_fast': 8, 'ema_trend_slow': 55, 'en_sma_trend': True, 'sma_trend_fast': 61, 'sma_trend_slow': 324, 'en_macd': False, 'macd_fast': 93, 'macd_slow': 49, 'macd_signal': 75, 'en_vwap': True, 'en_keltner': True, 'keltner_n': 124, 'keltner_m': 4.8, 'en_obv': True, 'obv_slope': 167, 'en_cci': True, 'cci_n': 11, 'cci_threshold': 80, 'en_rsi': False, 'rsi_n': 62, 'rsi_lower': 40, 'rsi_upper': 93, 'en_stochastic': False, 'stochastic_n': 91, 'stochastic_d': 9, 'stochastic_lower': 1, 'stochastic_upper': 91, 'en_mfi': True, 'mfi_n': 46, 'mfi_lower': 11, 'mfi_upper': 54, 'en_bollinger': True, 'bollinger_n': 192, 'bollinger_k': 4.1, 'en_adx': False, 'adx_n': 16, 'adx_threshold': 14, 'en_structure_trend': True, 'structure_trend_swing_l': 13, 'en_order_block': True, 'order_block_swing_l': 16, 'en_fvg': True, 'fvg_lookback': 29, 'en_ifvg': False, 'en_breaker': True, 'breaker_swing_l': 3, 'en_cisd': False, 'k': 5, 'en_cap_bars': False, 'cap_1min': 220}.
[I 2026-07-13 14:05:12,321] Trial 1651 pruned. 
[I 2026-07-13 14:05:14,241] Trial 1652 pruned. 
[I 2026-07-13 14:05:15,221] Trial 1653 pruned. 
[I 2026-07-13 14:05:15,700] Trial 1654 pruned. 
[I 2026-07-13 14:05:17,729] Trial 1655 pruned. 
[I 2026-07-13 14:05:18,206] Trial 1656 pruned. 
[I 2026-07-13 14:05:19,264] Trial 1657 pruned. 
[I 2026-07-13 14:05:20,262] Trial 1658 pruned. 
[I 2026-07-13 14:05:21,446] Trial 1659 pruned. 
[I 2026-07-13 14:05:22,745] Trial 1660 pruned. 
[I 2026-07-13 14:05:24,300] Trial 1661 pruned. 
[I 2026-07-13 14:05:25,285] Trial 1662 pruned. 
[I 2026-07-13 14:05:26,383] Trial 1663 pruned. 
[I 2026-07-13 14:05:27,884] Trial 1664 pruned. 
[I 2026-07-13 14:05:28,202] Trial 1665 pruned. 
[I 2026-07-13 14:05:28,971] Trial 1666 pruned. 
[I 2026-07-13 14:05:30,370] Trial 1667 pruned. 
[I 2026-07-13 14:05:30,741] Trial 1668 pruned. 
[I 2026-07-13 14:05:31,108] Trial 1669 pruned. 
[I 2026-07-13 14:05:35,304] Trial 1670 finished with values: [829.7783300201538, -10191.072622976168, 34.1] and parameters: {'sl_soft': 0.041819685424319256, 'sl_hard_delta': 0.2476078025833433, 'tp': 0.20741590457257697, 'gate_pct': 97.66578486655469, 'dd_limit': 2.4528084273798805, 'cooldown': 2, 'flip': False, 'en_ema_trend': True, 'ema_trend_fast': 342, 'ema_trend_slow': 182, 'en_sma_trend': False, 'sma_trend_fast': 313, 'sma_trend_slow': 319, 'en_macd': False, 'macd_fast': 10, 'macd_slow': 3, 'macd_signal': 52, 'en_vwap': False, 'en_keltner': True, 'keltner_n': 48, 'keltner_m': 3.1, 'en_obv': True, 'obv_slope': 179, 'en_cci': True, 'cci_n': 166, 'cci_threshold': 145, 'en_rsi': False, 'rsi_n': 72, 'rsi_lower': 47, 'rsi_upper': 58, 'en_stochastic': False, 'stochastic_n': 82, 'stochastic_d': 17, 'stochastic_lower': 32, 'stochastic_upper': 98, 'en_mfi': True, 'mfi_n': 8, 'mfi_lower': 29, 'mfi_upper': 80, 'en_bollinger': True, 'bollinger_n': 155, 'bollinger_k': 2.0, 'en_adx': False, 'adx_n': 91, 'adx_threshold': 47, 'en_structure_trend': False, 'structure_trend_swing_l': 11, 'en_order_block': True, 'order_block_swing_l': 16, 'en_fvg': False, 'fvg_lookback': 19, 'en_ifvg': True, 'en_breaker': False, 'breaker_swing_l': 10, 'en_cisd': True, 'k': 3, 'en_cap_bars': True, 'cap_1min': 878}.
[I 2026-07-13 14:05:36,293] Trial 1671 pruned. 
[I 2026-07-13 14:05:37,247] Trial 1672 pruned. 
[I 2026-07-13 14:05:38,511] Trial 1673 pruned. 
[I 2026-07-13 14:05:40,315] Trial 1674 pruned. 
[I 2026-07-13 14:05:42,682] Trial 1675 pruned. 
[I 2026-07-13 14:05:44,447] Trial 1676 pruned. 
[I 2026-07-13 14:05:46,265] Trial 1677 pruned. 
[I 2026-07-13 14:05:47,313] Trial 1678 pruned. 
[I 2026-07-13 14:05:48,935] Trial 1679 pruned. 
[I 2026-07-13 14:05:49,093] Trial 1680 pruned. 
[I 2026-07-13 14:05:51,293] Trial 1681 pruned. 
[I 2026-07-13 14:05:52,809] Trial 1682 pruned. 
[I 2026-07-13 14:05:54,058] Trial 1683 pruned. 
[I 2026-07-13 14:05:55,240] Trial 1684 pruned. 
[I 2026-07-13 14:05:56,706] Trial 1685 pruned. 
[I 2026-07-13 14:05:57,982] Trial 1686 pruned. 
[I 2026-07-13 14:05:59,039] Trial 1687 pruned. 
[I 2026-07-13 14:06:00,473] Trial 1688 pruned. 
[I 2026-07-13 14:06:01,968] Trial 1689 pruned. 
[I 2026-07-13 14:06:03,104] Trial 1690 pruned. 
[I 2026-07-13 14:06:03,570] Trial 1691 pruned. 
[I 2026-07-13 14:06:04,451] Trial 1692 pruned. 
[I 2026-07-13 14:06:05,817] Trial 1693 pruned. 
[I 2026-07-13 14:06:08,506] Trial 1694 pruned. 
[I 2026-07-13 14:06:09,692] Trial 1695 pruned. 
[I 2026-07-13 14:06:10,869] Trial 1696 pruned. 
[I 2026-07-13 14:06:12,788] Trial 1697 pruned. 
[I 2026-07-13 14:06:14,919] Trial 1698 pruned. 
[I 2026-07-13 14:06:16,737] Trial 1699 pruned. 
[I 2026-07-13 14:06:18,382] Trial 1700 pruned. 
[I 2026-07-13 14:06:20,841] Trial 1701 pruned. 
[I 2026-07-13 14:06:21,447] Trial 1702 pruned. 
[I 2026-07-13 14:06:22,084] Trial 1703 pruned. 
[I 2026-07-13 14:06:23,191] Trial 1704 pruned. 
[I 2026-07-13 14:06:36,048] Trial 1705 finished with values: [-324.7898364352153, -2341.66391193817, 48.35] and parameters: {'sl_soft': 0.10644993879788506, 'sl_hard_delta': 0.052716452395929286, 'tp': 0.14985592681603982, 'gate_pct': 99.43810192295578, 'dd_limit': 5.937758572987326, 'cooldown': 1, 'flip': False, 'en_ema_trend': False, 'ema_trend_fast': 213, 'ema_trend_slow': 100, 'en_sma_trend': True, 'sma_trend_fast': 81, 'sma_trend_slow': 336, 'en_macd': False, 'macd_fast': 55, 'macd_slow': 125, 'macd_signal': 6, 'en_vwap': True, 'en_keltner': True, 'keltner_n': 33, 'keltner_m': 2.3, 'en_obv': True, 'obv_slope': 26, 'en_cci': False, 'cci_n': 172, 'cci_threshold': 130, 'en_rsi': False, 'rsi_n': 14, 'rsi_lower': 49, 'rsi_upper': 52, 'en_stochastic': True, 'stochastic_n': 89, 'stochastic_d': 25, 'stochastic_lower': 26, 'stochastic_upper': 66, 'en_mfi': False, 'mfi_n': 14, 'mfi_lower': 19, 'mfi_upper': 78, 'en_bollinger': True, 'bollinger_n': 2, 'bollinger_k': 3.8000000000000003, 'en_adx': True, 'adx_n': 5, 'adx_threshold': 13, 'en_structure_trend': False, 'structure_trend_swing_l': 18, 'en_order_block': False, 'order_block_swing_l': 5, 'en_fvg': True, 'fvg_lookback': 22, 'en_ifvg': True, 'en_breaker': False, 'breaker_swing_l': 7, 'en_cisd': False, 'k': 4, 'en_cap_bars': True, 'cap_1min': 457}.
[I 2026-07-13 14:06:36,842] Trial 1706 pruned. 
[I 2026-07-13 14:06:38,721] Trial 1707 pruned. 
[I 2026-07-13 14:06:39,984] Trial 1708 pruned. 
[I 2026-07-13 14:06:40,968] Trial 1709 pruned. 
[I 2026-07-13 14:06:41,589] Trial 1710 pruned. 
[I 2026-07-13 14:06:42,893] Trial 1711 pruned. 
[I 2026-07-13 14:06:44,344] Trial 1712 pruned. 
[I 2026-07-13 14:06:44,821] Trial 1713 pruned. 
[I 2026-07-13 14:06:45,628] Trial 1714 pruned. 
[I 2026-07-13 14:06:46,113] Trial 1715 pruned. 
[I 2026-07-13 14:06:48,530] Trial 1716 pruned. 
[I 2026-07-13 14:06:50,128] Trial 1717 pruned. 
[I 2026-07-13 14:06:51,120] Trial 1718 pruned. 
[I 2026-07-13 14:06:51,758] Trial 1719 pruned. 
[I 2026-07-13 14:06:51,922] Trial 1720 pruned. 
[I 2026-07-13 14:06:53,720] Trial 1721 pruned. 
[I 2026-07-13 14:06:54,045] Trial 1722 pruned. 
[I 2026-07-13 14:06:55,196] Trial 1723 pruned. 
[I 2026-07-13 14:06:57,063] Trial 1724 pruned. 
[I 2026-07-13 14:06:58,689] Trial 1725 pruned. 
[I 2026-07-13 14:06:59,639] Trial 1726 pruned. 
[I 2026-07-13 14:07:00,142] Trial 1727 pruned. 
[I 2026-07-13 14:07:01,508] Trial 1728 pruned. 
[I 2026-07-13 14:07:03,131] Trial 1729 pruned. 
[I 2026-07-13 14:07:04,521] Trial 1730 pruned. 
[I 2026-07-13 14:07:06,751] Trial 1731 pruned. 
[I 2026-07-13 14:07:11,082] Trial 1732 pruned. 
[I 2026-07-13 14:07:12,379] Trial 1733 pruned. 
[I 2026-07-13 14:07:13,580] Trial 1734 pruned. 
[I 2026-07-13 14:07:15,174] Trial 1735 pruned. 
[I 2026-07-13 14:07:16,925] Trial 1736 pruned. 
[I 2026-07-13 14:07:17,182] Trial 1737 pruned. 
[I 2026-07-13 14:07:19,141] Trial 1738 pruned. 
[I 2026-07-13 14:07:21,812] Trial 1739 pruned. 
[I 2026-07-13 14:07:22,922] Trial 1740 pruned. 
[I 2026-07-13 14:07:23,526] Trial 1741 pruned. 
[I 2026-07-13 14:07:26,562] Trial 1742 pruned. 
[I 2026-07-13 14:07:27,552] Trial 1743 pruned. 
[I 2026-07-13 14:07:29,082] Trial 1744 pruned. 
[I 2026-07-13 14:07:30,061] Trial 1745 pruned. 
[I 2026-07-13 14:07:31,581] Trial 1746 pruned. 
[I 2026-07-13 14:07:32,946] Trial 1747 pruned. 
[I 2026-07-13 14:07:33,093] Trial 1748 pruned. 
[I 2026-07-13 14:07:34,133] Trial 1749 pruned. 
[I 2026-07-13 14:07:35,800] Trial 1750 pruned. 
[I 2026-07-13 14:07:37,772] Trial 1751 pruned. 
[I 2026-07-13 14:07:39,518] Trial 1752 pruned. 
[I 2026-07-13 14:07:40,039] Trial 1753 pruned. 
[I 2026-07-13 14:07:40,708] Trial 1754 pruned. 
[I 2026-07-13 14:07:41,727] Trial 1755 pruned. 
[I 2026-07-13 14:07:43,152] Trial 1756 pruned. 
[I 2026-07-13 14:07:44,195] Trial 1757 pruned. 
[I 2026-07-13 14:07:45,124] Trial 1758 pruned. 
[I 2026-07-13 14:07:46,642] Trial 1759 pruned. 
[I 2026-07-13 14:07:46,862] Trial 1760 pruned. 
[I 2026-07-13 14:07:47,302] Trial 1761 pruned. 
[I 2026-07-13 14:07:47,814] Trial 1762 pruned. 
[I 2026-07-13 14:07:48,177] Trial 1763 pruned. 
[I 2026-07-13 14:07:49,922] Trial 1764 pruned. 
[I 2026-07-13 14:07:50,821] Trial 1765 pruned. 
[I 2026-07-13 14:07:51,770] Trial 1766 pruned. 
[I 2026-07-13 14:07:52,395] Trial 1767 pruned. 
[I 2026-07-13 14:07:52,895] Trial 1768 pruned. 
[I 2026-07-13 14:07:54,832] Trial 1769 pruned. 
[I 2026-07-13 14:07:56,004] Trial 1770 pruned. 
[I 2026-07-13 14:07:57,629] Trial 1771 pruned. 
[I 2026-07-13 14:07:58,772] Trial 1772 pruned. 
[I 2026-07-13 14:07:59,406] Trial 1773 pruned. 
[I 2026-07-13 14:08:00,631] Trial 1774 pruned. 
[I 2026-07-13 14:08:02,537] Trial 1775 pruned. 
[I 2026-07-13 14:08:03,806] Trial 1776 pruned. 
[I 2026-07-13 14:08:04,891] Trial 1777 pruned. 
[I 2026-07-13 14:08:06,301] Trial 1778 pruned. 
[I 2026-07-13 14:08:07,168] Trial 1779 pruned. 
[I 2026-07-13 14:08:08,514] Trial 1780 pruned. 
[I 2026-07-13 14:08:10,707] Trial 1781 pruned. 
[I 2026-07-13 14:08:11,894] Trial 1782 pruned. 
[I 2026-07-13 14:08:13,100] Trial 1783 pruned. 
[I 2026-07-13 14:08:14,126] Trial 1784 pruned. 
[I 2026-07-13 14:08:15,286] Trial 1785 pruned. 
[I 2026-07-13 14:08:17,461] Trial 1786 pruned. 
[I 2026-07-13 14:08:19,293] Trial 1787 pruned. 
[I 2026-07-13 14:08:20,094] Trial 1788 pruned. 
[I 2026-07-13 14:08:21,675] Trial 1789 pruned. 
[I 2026-07-13 14:08:23,143] Trial 1790 pruned. 
[I 2026-07-13 14:08:24,778] Trial 1791 pruned. 
[I 2026-07-13 14:08:26,558] Trial 1792 pruned. 
[I 2026-07-13 14:08:26,971] Trial 1793 pruned. 
[I 2026-07-13 14:08:30,027] Trial 1794 pruned. 
[I 2026-07-13 14:08:30,733] Trial 1795 pruned. 
[I 2026-07-13 14:08:31,641] Trial 1796 pruned. 
[I 2026-07-13 14:08:33,525] Trial 1797 pruned. 
[I 2026-07-13 14:08:33,964] Trial 1798 pruned. 
[I 2026-07-13 14:08:34,542] Trial 1799 pruned. 
[I 2026-07-13 14:08:34,833] Trial 1800 pruned. 
[I 2026-07-13 14:08:35,308] Trial 1801 pruned. 
[I 2026-07-13 14:08:37,080] Trial 1802 pruned. 
[I 2026-07-13 14:08:37,893] Trial 1803 pruned. 
[I 2026-07-13 14:08:39,350] Trial 1804 pruned. 
[I 2026-07-13 14:08:40,588] Trial 1805 pruned. 
[I 2026-07-13 14:08:41,039] Trial 1806 pruned. 
[I 2026-07-13 14:08:42,203] Trial 1807 pruned. 
[I 2026-07-13 14:08:42,817] Trial 1808 pruned. 
[I 2026-07-13 14:08:43,901] Trial 1809 pruned. 
[I 2026-07-13 14:08:45,783] Trial 1810 pruned. 
[I 2026-07-13 14:08:46,772] Trial 1811 pruned. 
[I 2026-07-13 14:08:48,287] Trial 1812 pruned. 
[I 2026-07-13 14:08:50,824] Trial 1813 pruned. 
[I 2026-07-13 14:08:52,257] Trial 1814 pruned. 
[I 2026-07-13 14:08:53,480] Trial 1815 pruned. 
[I 2026-07-13 14:08:54,041] Trial 1816 pruned. 
[I 2026-07-13 14:08:55,893] Trial 1817 pruned. 
[I 2026-07-13 14:08:56,222] Trial 1818 pruned. 
[I 2026-07-13 14:08:56,612] Trial 1819 pruned. 
[I 2026-07-13 14:08:57,667] Trial 1820 pruned. 
[I 2026-07-13 14:08:59,621] Trial 1821 pruned. 
[I 2026-07-13 14:09:01,307] Trial 1822 pruned. 
[I 2026-07-13 14:09:02,074] Trial 1823 pruned. 
[I 2026-07-13 14:09:02,592] Trial 1824 pruned. 
[I 2026-07-13 14:09:04,109] Trial 1825 pruned. 
[I 2026-07-13 14:09:05,272] Trial 1826 pruned. 
[I 2026-07-13 14:09:06,608] Trial 1827 pruned. 
[I 2026-07-13 14:09:07,080] Trial 1828 pruned. 
[I 2026-07-13 14:09:08,855] Trial 1829 pruned. 
[I 2026-07-13 14:09:10,749] Trial 1830 pruned. 
[I 2026-07-13 14:09:11,798] Trial 1831 pruned. 
[I 2026-07-13 14:09:12,781] Trial 1832 pruned. 
[I 2026-07-13 14:09:13,809] Trial 1833 pruned. 
[I 2026-07-13 14:09:14,814] Trial 1834 pruned. 
[I 2026-07-13 14:09:15,022] Trial 1835 pruned. 
[I 2026-07-13 14:09:15,907] Trial 1836 pruned. 
[I 2026-07-13 14:09:17,078] Trial 1837 pruned. 
[I 2026-07-13 14:09:18,192] Trial 1838 pruned. 
[I 2026-07-13 14:09:18,774] Trial 1839 pruned. 
[I 2026-07-13 14:09:18,919] Trial 1840 pruned. 
[I 2026-07-13 14:09:20,422] Trial 1841 pruned. 
[I 2026-07-13 14:09:23,145] Trial 1842 pruned. 
[I 2026-07-13 14:09:24,741] Trial 1843 pruned. 
[I 2026-07-13 14:09:25,190] Trial 1844 pruned. 
[I 2026-07-13 14:09:26,199] Trial 1845 pruned. 
[I 2026-07-13 14:09:27,280] Trial 1846 pruned. 
[I 2026-07-13 14:09:28,131] Trial 1847 pruned. 
[I 2026-07-13 14:09:30,332] Trial 1848 pruned. 
[I 2026-07-13 14:09:32,663] Trial 1849 pruned. 
[I 2026-07-13 14:09:33,361] Trial 1850 pruned. 
[I 2026-07-13 14:09:34,023] Trial 1851 pruned. 
[I 2026-07-13 14:09:34,299] Trial 1852 pruned. 
[I 2026-07-13 14:09:36,125] Trial 1853 pruned. 
[I 2026-07-13 14:09:37,222] Trial 1854 pruned. 
[I 2026-07-13 14:09:39,063] Trial 1855 pruned. 
[I 2026-07-13 14:09:39,662] Trial 1856 pruned. 
[I 2026-07-13 14:09:43,050] Trial 1857 pruned. 
[I 2026-07-13 14:09:44,614] Trial 1858 pruned. 
[I 2026-07-13 14:09:45,745] Trial 1859 pruned. 
[I 2026-07-13 14:09:49,049] Trial 1860 pruned. 
[I 2026-07-13 14:09:49,800] Trial 1861 pruned. 
[I 2026-07-13 14:09:51,004] Trial 1862 pruned. 
[I 2026-07-13 14:09:51,964] Trial 1863 pruned. 
[I 2026-07-13 14:09:52,992] Trial 1864 pruned. 
[I 2026-07-13 14:09:54,030] Trial 1865 pruned. 
[I 2026-07-13 14:09:55,987] Trial 1866 pruned. 
[I 2026-07-13 14:09:56,547] Trial 1867 pruned. 
[I 2026-07-13 14:09:58,175] Trial 1868 pruned. 
[I 2026-07-13 14:09:59,443] Trial 1869 pruned. 
[I 2026-07-13 14:10:01,136] Trial 1870 pruned. 
[I 2026-07-13 14:10:02,632] Trial 1871 pruned. 
[I 2026-07-13 14:10:04,055] Trial 1872 pruned. 
[I 2026-07-13 14:10:04,961] Trial 1873 pruned. 
[I 2026-07-13 14:10:06,042] Trial 1874 pruned. 
[I 2026-07-13 14:10:07,684] Trial 1875 pruned. 
[I 2026-07-13 14:10:08,650] Trial 1876 pruned. 
[I 2026-07-13 14:10:10,784] Trial 1877 pruned. 
[I 2026-07-13 14:10:11,569] Trial 1878 pruned. 
[I 2026-07-13 14:10:12,316] Trial 1879 pruned. 
[I 2026-07-13 14:10:12,467] Trial 1880 pruned. 
[I 2026-07-13 14:10:13,127] Trial 1881 pruned. 
[I 2026-07-13 14:10:15,173] Trial 1882 pruned. 
[I 2026-07-13 14:10:16,734] Trial 1883 pruned. 
[I 2026-07-13 14:10:17,773] Trial 1884 pruned. 
[I 2026-07-13 14:10:18,557] Trial 1885 pruned. 
[I 2026-07-13 14:10:20,191] Trial 1886 pruned. 
[I 2026-07-13 14:10:21,640] Trial 1887 pruned. 
[I 2026-07-13 14:10:22,830] Trial 1888 pruned. 
[I 2026-07-13 14:10:23,889] Trial 1889 pruned. 
[I 2026-07-13 14:10:25,370] Trial 1890 pruned. 
[I 2026-07-13 14:10:27,220] Trial 1891 pruned. 
[I 2026-07-13 14:10:27,786] Trial 1892 pruned. 
[I 2026-07-13 14:10:29,164] Trial 1893 pruned. 
[I 2026-07-13 14:10:34,313] Trial 1894 pruned. 
[I 2026-07-13 14:10:34,785] Trial 1895 pruned. 
[I 2026-07-13 14:10:35,751] Trial 1896 pruned. 
[I 2026-07-13 14:10:36,699] Trial 1897 pruned. 
[I 2026-07-13 14:10:38,092] Trial 1898 pruned. 
[I 2026-07-13 14:10:39,014] Trial 1899 pruned. 
[I 2026-07-13 14:10:40,096] Trial 1900 pruned. 
[I 2026-07-13 14:10:41,215] Trial 1901 pruned. 
[I 2026-07-13 14:10:42,346] Trial 1902 pruned. 
[I 2026-07-13 14:10:43,426] Trial 1903 pruned. 
[I 2026-07-13 14:10:44,489] Trial 1904 pruned. 
[I 2026-07-13 14:10:45,203] Trial 1905 pruned. 
[I 2026-07-13 14:10:48,820] Trial 1906 finished with values: [2037.0041365601744, -18388.166728360775, 68.35] and parameters: {'sl_soft': 0.16708768853884706, 'sl_hard_delta': 0.1820476972404636, 'tp': 0.10613719013211548, 'gate_pct': 94.97650230819906, 'dd_limit': 4.1596678535630165, 'cooldown': 2, 'flip': False, 'en_ema_trend': False, 'ema_trend_fast': 149, 'ema_trend_slow': 161, 'en_sma_trend': False, 'sma_trend_fast': 397, 'sma_trend_slow': 22, 'en_macd': True, 'macd_fast': 11, 'macd_slow': 132, 'macd_signal': 89, 'en_vwap': True, 'en_keltner': True, 'keltner_n': 126, 'keltner_m': 4.1, 'en_obv': True, 'obv_slope': 184, 'en_cci': True, 'cci_n': 56, 'cci_threshold': 50, 'en_rsi': False, 'rsi_n': 74, 'rsi_lower': 46, 'rsi_upper': 90, 'en_stochastic': False, 'stochastic_n': 86, 'stochastic_d': 5, 'stochastic_lower': 40, 'stochastic_upper': 96, 'en_mfi': False, 'mfi_n': 58, 'mfi_lower': 3, 'mfi_upper': 99, 'en_bollinger': False, 'bollinger_n': 99, 'bollinger_k': 4.5, 'en_adx': False, 'adx_n': 59, 'adx_threshold': 18, 'en_structure_trend': False, 'structure_trend_swing_l': 9, 'en_order_block': True, 'order_block_swing_l': 20, 'en_fvg': True, 'fvg_lookback': 34, 'en_ifvg': False, 'en_breaker': False, 'breaker_swing_l': 6, 'en_cisd': True, 'k': 4, 'en_cap_bars': False, 'cap_1min': 577}.
[I 2026-07-13 14:10:49,783] Trial 1907 pruned. 
[I 2026-07-13 14:10:50,249] Trial 1908 pruned. 
[I 2026-07-13 14:10:51,033] Trial 1909 pruned. 
[I 2026-07-13 14:10:52,207] Trial 1910 pruned. 
[I 2026-07-13 14:10:53,168] Trial 1911 pruned. 
[I 2026-07-13 14:10:53,855] Trial 1912 pruned. 
[I 2026-07-13 14:10:54,152] Trial 1913 pruned. 
[I 2026-07-13 14:10:56,033] Trial 1914 pruned. 
[I 2026-07-13 14:10:57,180] Trial 1915 pruned. 
[I 2026-07-13 14:10:57,632] Trial 1916 pruned. 
[I 2026-07-13 14:10:59,405] Trial 1917 pruned. 
[I 2026-07-13 14:11:00,890] Trial 1918 pruned. 
[I 2026-07-13 14:11:02,015] Trial 1919 pruned. 
[I 2026-07-13 14:11:02,200] Trial 1920 pruned. 
[I 2026-07-13 14:11:03,953] Trial 1921 pruned. 
[I 2026-07-13 14:11:04,387] Trial 1922 pruned. 
[I 2026-07-13 14:11:05,318] Trial 1923 pruned. 
[I 2026-07-13 14:11:07,004] Trial 1924 pruned. 
[I 2026-07-13 14:11:08,114] Trial 1925 pruned. 
[I 2026-07-13 14:11:09,095] Trial 1926 pruned. 
[I 2026-07-13 14:11:12,217] Trial 1927 pruned. 
[I 2026-07-13 14:11:13,948] Trial 1928 pruned. 
[I 2026-07-13 14:11:14,981] Trial 1929 pruned. 
[I 2026-07-13 14:11:16,268] Trial 1930 pruned. 
[I 2026-07-13 14:11:18,243] Trial 1931 pruned. 
[I 2026-07-13 14:11:19,763] Trial 1932 pruned. 
[I 2026-07-13 14:11:22,468] Trial 1933 pruned. 
[I 2026-07-13 14:11:24,057] Trial 1934 pruned. 
[I 2026-07-13 14:11:25,599] Trial 1935 pruned. 
[I 2026-07-13 14:11:26,398] Trial 1936 pruned. 
[I 2026-07-13 14:11:27,307] Trial 1937 pruned. 
[I 2026-07-13 14:11:27,542] Trial 1938 pruned. 
[I 2026-07-13 14:11:27,906] Trial 1939 pruned. 
[I 2026-07-13 14:11:28,641] Trial 1940 pruned. 
[I 2026-07-13 14:11:29,238] Trial 1941 pruned. 
[I 2026-07-13 14:11:30,316] Trial 1942 pruned. 
[I 2026-07-13 14:11:34,085] Trial 1943 pruned. 
[I 2026-07-13 14:11:35,487] Trial 1944 pruned. 
[I 2026-07-13 14:11:36,536] Trial 1945 pruned. 
[I 2026-07-13 14:11:37,807] Trial 1946 pruned. 
[I 2026-07-13 14:11:38,685] Trial 1947 pruned. 
[I 2026-07-13 14:11:39,394] Trial 1948 pruned. 
[I 2026-07-13 14:11:40,672] Trial 1949 pruned. 
[I 2026-07-13 14:11:41,346] Trial 1950 pruned. 
[I 2026-07-13 14:11:42,284] Trial 1951 pruned. 
[I 2026-07-13 14:11:43,072] Trial 1952 pruned. 
[I 2026-07-13 14:11:44,498] Trial 1953 pruned. 
[I 2026-07-13 14:11:47,690] Trial 1954 pruned. 
[I 2026-07-13 14:11:48,143] Trial 1955 pruned. 
[I 2026-07-13 14:11:49,498] Trial 1956 pruned. 
[I 2026-07-13 14:11:51,075] Trial 1957 pruned. 
[I 2026-07-13 14:11:52,734] Trial 1958 pruned. 
[I 2026-07-13 14:11:53,733] Trial 1959 pruned. 
[I 2026-07-13 14:11:54,076] Trial 1960 pruned. 
[I 2026-07-13 14:11:55,337] Trial 1961 pruned. 
[I 2026-07-13 14:11:57,765] Trial 1962 pruned. 
[I 2026-07-13 14:11:58,353] Trial 1963 pruned. 
[I 2026-07-13 14:11:58,936] Trial 1964 pruned. 
[I 2026-07-13 14:12:00,369] Trial 1965 pruned. 
[I 2026-07-13 14:12:01,004] Trial 1966 pruned. 
[I 2026-07-13 14:12:01,898] Trial 1967 pruned. 
[I 2026-07-13 14:12:02,394] Trial 1968 pruned. 
[I 2026-07-13 14:12:03,287] Trial 1969 pruned. 
[I 2026-07-13 14:12:04,978] Trial 1970 pruned. 
[I 2026-07-13 14:12:07,096] Trial 1971 pruned. 
[I 2026-07-13 14:12:08,186] Trial 1972 pruned. 
[I 2026-07-13 14:12:09,076] Trial 1973 pruned. 
[I 2026-07-13 14:12:11,187] Trial 1974 pruned. 
[I 2026-07-13 14:12:12,861] Trial 1975 pruned. 
[I 2026-07-13 14:12:14,363] Trial 1976 pruned. 
[I 2026-07-13 14:12:15,445] Trial 1977 pruned. 
[I 2026-07-13 14:12:16,445] Trial 1978 pruned. 
[I 2026-07-13 14:12:17,991] Trial 1979 pruned. 
[I 2026-07-13 14:12:19,126] Trial 1980 pruned. 
[I 2026-07-13 14:12:20,299] Trial 1981 pruned. 
[I 2026-07-13 14:12:21,914] Trial 1982 pruned. 
[I 2026-07-13 14:12:23,164] Trial 1983 pruned. 
[I 2026-07-13 14:12:24,389] Trial 1984 pruned. 
[I 2026-07-13 14:12:25,500] Trial 1985 pruned. 
[I 2026-07-13 14:12:27,282] Trial 1986 pruned. 
[I 2026-07-13 14:12:30,135] Trial 1987 pruned. 
