[I 2026-07-13 15:01:45,942] Trial 4199 finished with values: [9556.121549091044, -7667.407789924919, 32.45] and parameters: {'sl_soft': 0.05035573196257478, 'sl_hard_delta': 0.039849065565949165, 'tp': 0.30344321187078127, 'gate_pct': 99.43810192295578, 'dd_limit': 0.7627381108845042, 'cooldown': 0, 'flip': False, 'en_ema_trend': False, 'ema_trend_fast': 157, 'ema_trend_slow': 157, 'en_sma_trend': True, 'sma_trend_fast': 360, 'sma_trend_slow': 319, 'en_macd': False, 'macd_fast': 10, 'macd_slow': 41, 'macd_signal': 43, 'en_vwap': False, 'en_keltner': True, 'keltner_n': 107, 'keltner_m': 3.5, 'en_obv': True, 'obv_slope': 69, 'en_cci': True, 'cci_n': 166, 'cci_threshold': 130, 'en_rsi': False, 'rsi_n': 72, 'rsi_lower': 1, 'rsi_upper': 58, 'en_stochastic': False, 'stochastic_n': 62, 'stochastic_d': 34, 'stochastic_lower': 31, 'stochastic_upper': 57, 'en_mfi': False, 'mfi_n': 14, 'mfi_lower': 44, 'mfi_upper': 80, 'en_bollinger': True, 'bollinger_n': 2, 'bollinger_k': 1.6, 'en_adx': False, 'adx_n': 17, 'adx_threshold': 35, 'en_structure_trend': True, 'structure_trend_swing_l': 9, 'en_order_block': False, 'order_block_swing_l': 5, 'en_fvg': False, 'fvg_lookback': 37, 'en_ifvg': True, 'en_breaker': False, 'breaker_swing_l': 6, 'en_cisd': True, 'k': 4, 'en_cap_bars': False, 'cap_1min': 457}.
[I 2026-07-13 15:01:46,290] Trial 4200 finished with values: [6278.368319747933, -11796.463564759777, 62.25] and parameters: {'sl_soft': 0.1790260279200085, 'sl_hard_delta': 0.08150321221989049, 'tp': 0.2356931692447365, 'gate_pct': 94.70821660915905, 'dd_limit': 7.364744278329123, 'cooldown': 0, 'flip': False, 'en_ema_trend': True, 'ema_trend_fast': 213, 'ema_trend_slow': 64, 'en_sma_trend': False, 'sma_trend_fast': 240, 'sma_trend_slow': 336, 'en_macd': False, 'macd_fast': 38, 'macd_slow': 125, 'macd_signal': 43, 'en_vwap': True, 'en_keltner': True, 'keltner_n': 131, 'keltner_m': 3.1, 'en_obv': False, 'obv_slope': 179, 'en_cci': True, 'cci_n': 172, 'cci_threshold': 145, 'en_rsi': False, 'rsi_n': 72, 'rsi_lower': 47, 'rsi_upper': 58, 'en_stochastic': False, 'stochastic_n': 26, 'stochastic_d': 17, 'stochastic_lower': 13, 'stochastic_upper': 66, 'en_mfi': False, 'mfi_n': 8, 'mfi_lower': 29, 'mfi_upper': 83, 'en_bollinger': False, 'bollinger_n': 7, 'bollinger_k': 4.1, 'en_adx': False, 'adx_n': 35, 'adx_threshold': 10, 'en_structure_trend': False, 'structure_trend_swing_l': 9, 'en_order_block': True, 'order_block_swing_l': 11, 'en_fvg': False, 'fvg_lookback': 22, 'en_ifvg': True, 'en_breaker': True, 'breaker_swing_l': 13, 'en_cisd': True, 'k': 3, 'en_cap_bars': True, 'cap_1min': 655}.
[I 2026-07-13 15:01:46,686] Trial 4201 finished with values: [3304.956297978377, -16034.157652678194, 65.30000000000001] and parameters: {'sl_soft': 0.19207751714688032, 'sl_hard_delta': 0.039849065565949165, 'tp': 0.14985592681603982, 'gate_pct': 99.43810192295578, 'dd_limit': 0.7627381108845042, 'cooldown': 1, 'flip': False, 'en_ema_trend': False, 'ema_trend_fast': 157, 'ema_trend_slow': 157, 'en_sma_trend': True, 'sma_trend_fast': 360, 'sma_trend_slow': 336, 'en_macd': False, 'macd_fast': 10, 'macd_slow': 41, 'macd_signal': 52, 'en_vwap': True, 'en_keltner': True, 'keltner_n': 122, 'keltner_m': 1.0, 'en_obv': True, 'obv_slope': 26, 'en_cci': True, 'cci_n': 166, 'cci_threshold': 130, 'en_rsi': False, 'rsi_n': 100, 'rsi_lower': 1, 'rsi_upper': 57, 'en_stochastic': False, 'stochastic_n': 62, 'stochastic_d': 34, 'stochastic_lower': 20, 'stochastic_upper': 66, 'en_mfi': False, 'mfi_n': 14, 'mfi_lower': 29, 'mfi_upper': 80, 'en_bollinger': False, 'bollinger_n': 2, 'bollinger_k': 2.0, 'en_adx': False, 'adx_n': 35, 'adx_threshold': 47, 'en_structure_trend': True, 'structure_trend_swing_l': 9, 'en_order_block': True, 'order_block_swing_l': 3, 'en_fvg': True, 'fvg_lookback': 22, 'en_ifvg': True, 'en_breaker': False, 'breaker_swing_l': 7, 'en_cisd': True, 'k': 4, 'en_cap_bars': True, 'cap_1min': 457}.
[I 2026-07-13 15:01:47,155] Trial 4202 finished with values: [6924.777598263921, -5596.877337149024, 53.6] and parameters: {'sl_soft': 0.1790260279200085, 'sl_hard_delta': 0.039849065565949165, 'tp': 0.22717864419781153, 'gate_pct': 99.43810192295578, 'dd_limit': 0.7627381108845042, 'cooldown': 1, 'flip': False, 'en_ema_trend': False, 'ema_trend_fast': 157, 'ema_trend_slow': 236, 'en_sma_trend': True, 'sma_trend_fast': 360, 'sma_trend_slow': 35, 'en_macd': False, 'macd_fast': 96, 'macd_slow': 200, 'macd_signal': 52, 'en_vwap': False, 'en_keltner': True, 'keltner_n': 123, 'keltner_m': 1.9000000000000001, 'en_obv': True, 'obv_slope': 69, 'en_cci': True, 'cci_n': 166, 'cci_threshold': 130, 'en_rsi': False, 'rsi_n': 100, 'rsi_lower': 1, 'rsi_upper': 57, 'en_stochastic': False, 'stochastic_n': 70, 'stochastic_d': 17, 'stochastic_lower': 26, 'stochastic_upper': 66, 'en_mfi': False, 'mfi_n': 42, 'mfi_lower': 29, 'mfi_upper': 83, 'en_bollinger': True, 'bollinger_n': 7, 'bollinger_k': 2.0, 'en_adx': False, 'adx_n': 35, 'adx_threshold': 13, 'en_structure_trend': False, 'structure_trend_swing_l': 18, 'en_order_block': True, 'order_block_swing_l': 5, 'en_fvg': False, 'fvg_lookback': 35, 'en_ifvg': True, 'en_breaker': True, 'breaker_swing_l': 1, 'en_cisd': True, 'k': 4, 'en_cap_bars': True, 'cap_1min': 457}.
[I 2026-07-13 15:01:47,614] Trial 4203 finished with values: [7582.303461608193, -7331.765228630901, 48.8] and parameters: {'sl_soft': 0.19207751714688032, 'sl_hard_delta': 0.039849065565949165, 'tp': 0.30344321187078127, 'gate_pct': 99.43810192295578, 'dd_limit': 7.364744278329123, 'cooldown': 0, 'flip': False, 'en_ema_trend': False, 'ema_trend_fast': 157, 'ema_trend_slow': 157, 'en_sma_trend': True, 'sma_trend_fast': 81, 'sma_trend_slow': 379, 'en_macd': True, 'macd_fast': 38, 'macd_slow': 125, 'macd_signal': 52, 'en_vwap': True, 'en_keltner': False, 'keltner_n': 60, 'keltner_m': 1.0, 'en_obv': True, 'obv_slope': 26, 'en_cci': True, 'cci_n': 166, 'cci_threshold': 145, 'en_rsi': False, 'rsi_n': 72, 'rsi_lower': 47, 'rsi_upper': 79, 'en_stochastic': False, 'stochastic_n': 62, 'stochastic_d': 34, 'stochastic_lower': 31, 'stochastic_upper': 66, 'en_mfi': False, 'mfi_n': 14, 'mfi_lower': 44, 'mfi_upper': 83, 'en_bollinger': False, 'bollinger_n': 21, 'bollinger_k': 4.1, 'en_adx': False, 'adx_n': 50, 'adx_threshold': 13, 'en_structure_trend': True, 'structure_trend_swing_l': 1, 'en_order_block': True, 'order_block_swing_l': 4, 'en_fvg': False, 'fvg_lookback': 22, 'en_ifvg': True, 'en_breaker': True, 'breaker_swing_l': 6, 'en_cisd': True, 'k': 4, 'en_cap_bars': True, 'cap_1min': 1399}.
[I 2026-07-13 15:01:48,146] Trial 4204 finished with values: [2821.0379874410482, -8490.44269812609, 67.35] and parameters: {'sl_soft': 0.1790260279200085, 'sl_hard_delta': 0.234009729604921, 'tp': 0.14985592681603982, 'gate_pct': 94.70821660915905, 'dd_limit': 9.049701546507107, 'cooldown': 0, 'flip': False, 'en_ema_trend': False, 'ema_trend_fast': 157, 'ema_trend_slow': 157, 'en_sma_trend': True, 'sma_trend_fast': 345, 'sma_trend_slow': 290, 'en_macd': False, 'macd_fast': 56, 'macd_slow': 179, 'macd_signal': 82, 'en_vwap': False, 'en_keltner': True, 'keltner_n': 131, 'keltner_m': 3.8000000000000003, 'en_obv': True, 'obv_slope': 153, 'en_cci': True, 'cci_n': 51, 'cci_threshold': 130, 'en_rsi': False, 'rsi_n': 5, 'rsi_lower': 32, 'rsi_upper': 57, 'en_stochastic': False, 'stochastic_n': 62, 'stochastic_d': 11, 'stochastic_lower': 2, 'stochastic_upper': 93, 'en_mfi': True, 'mfi_n': 42, 'mfi_lower': 19, 'mfi_upper': 67, 'en_bollinger': False, 'bollinger_n': 155, 'bollinger_k': 4.1, 'en_adx': False, 'adx_n': 7, 'adx_threshold': 9, 'en_structure_trend': False, 'structure_trend_swing_l': 18, 'en_order_block': True, 'order_block_swing_l': 3, 'en_fvg': True, 'fvg_lookback': 22, 'en_ifvg': True, 'en_breaker': True, 'breaker_swing_l': 1, 'en_cisd': False, 'k': 4, 'en_cap_bars': True, 'cap_1min': 457}.
[I 2026-07-13 15:01:48,453] Trial 4205 finished with values: [292.0319207133204, -5077.36225559384, 44.5] and parameters: {'sl_soft': 0.05035573196257478, 'sl_hard_delta': 0.234009729604921, 'tp': 0.18097325261219258, 'gate_pct': 94.70821660915905, 'dd_limit': 5.937758572987326, 'cooldown': 0, 'flip': False, 'en_ema_trend': True, 'ema_trend_fast': 99, 'ema_trend_slow': 64, 'en_sma_trend': False, 'sma_trend_fast': 345, 'sma_trend_slow': 290, 'en_macd': False, 'macd_fast': 10, 'macd_slow': 125, 'macd_signal': 82, 'en_vwap': True, 'en_keltner': False, 'keltner_n': 93, 'keltner_m': 3.8000000000000003, 'en_obv': False, 'obv_slope': 162, 'en_cci': True, 'cci_n': 51, 'cci_threshold': 155, 'en_rsi': False, 'rsi_n': 5, 'rsi_lower': 32, 'rsi_upper': 57, 'en_stochastic': False, 'stochastic_n': 50, 'stochastic_d': 11, 'stochastic_lower': 31, 'stochastic_upper': 93, 'en_mfi': False, 'mfi_n': 43, 'mfi_lower': 19, 'mfi_upper': 67, 'en_bollinger': False, 'bollinger_n': 155, 'bollinger_k': 0.5, 'en_adx': False, 'adx_n': 17, 'adx_threshold': 57, 'en_structure_trend': True, 'structure_trend_swing_l': 1, 'en_order_block': True, 'order_block_swing_l': 5, 'en_fvg': True, 'fvg_lookback': 22, 'en_ifvg': True, 'en_breaker': True, 'breaker_swing_l': 1, 'en_cisd': False, 'k': 4, 'en_cap_bars': True, 'cap_1min': 655}.
[I 2026-07-13 15:01:48,827] Trial 4206 finished with values: [5144.113129964277, -4610.239876426477, 39.65] and parameters: {'sl_soft': 0.05035573196257478, 'sl_hard_delta': 0.039849065565949165, 'tp': 0.30344321187078127, 'gate_pct': 96.65475725098474, 'dd_limit': 0.7627381108845042, 'cooldown': 1, 'flip': False, 'en_ema_trend': False, 'ema_trend_fast': 213, 'ema_trend_slow': 157, 'en_sma_trend': True, 'sma_trend_fast': 338, 'sma_trend_slow': 336, 'en_macd': False, 'macd_fast': 11, 'macd_slow': 3, 'macd_signal': 52, 'en_vwap': False, 'en_keltner': True, 'keltner_n': 123, 'keltner_m': 1.0, 'en_obv': True, 'obv_slope': 69, 'en_cci': True, 'cci_n': 166, 'cci_threshold': 130, 'en_rsi': False, 'rsi_n': 64, 'rsi_lower': 47, 'rsi_upper': 79, 'en_stochastic': False, 'stochastic_n': 62, 'stochastic_d': 39, 'stochastic_lower': 20, 'stochastic_upper': 93, 'en_mfi': False, 'mfi_n': 14, 'mfi_lower': 29, 'mfi_upper': 83, 'en_bollinger': True, 'bollinger_n': 2, 'bollinger_k': 4.1, 'en_adx': False, 'adx_n': 50, 'adx_threshold': 9, 'en_structure_trend': False, 'structure_trend_swing_l': 9, 'en_order_block': True, 'order_block_swing_l': 11, 'en_fvg': True, 'fvg_lookback': 45, 'en_ifvg': True, 'en_breaker': True, 'breaker_swing_l': 10, 'en_cisd': True, 'k': 4, 'en_cap_bars': True, 'cap_1min': 1343}.
[I 2026-07-13 15:01:49,120] Trial 4207 finished with values: [1097.298993462363, -5041.635533584738, 35.6] and parameters: {'sl_soft': 0.05035573196257478, 'sl_hard_delta': 0.01242174930966288, 'tp': 0.20741590457257697, 'gate_pct': 94.70821660915905, 'dd_limit': 9.70800964389231, 'cooldown': 0, 'flip': False, 'en_ema_trend': False, 'ema_trend_fast': 197, 'ema_trend_slow': 64, 'en_sma_trend': True, 'sma_trend_fast': 81, 'sma_trend_slow': 336, 'en_macd': False, 'macd_fast': 10, 'macd_slow': 3, 'macd_signal': 52, 'en_vwap': False, 'en_keltner': True, 'keltner_n': 123, 'keltner_m': 2.8000000000000003, 'en_obv': True, 'obv_slope': 26, 'en_cci': True, 'cci_n': 172, 'cci_threshold': 130, 'en_rsi': False, 'rsi_n': 74, 'rsi_lower': 17, 'rsi_upper': 87, 'en_stochastic': False, 'stochastic_n': 62, 'stochastic_d': 11, 'stochastic_lower': 13, 'stochastic_upper': 99, 'en_mfi': False, 'mfi_n': 8, 'mfi_lower': 45, 'mfi_upper': 80, 'en_bollinger': True, 'bollinger_n': 7, 'bollinger_k': 4.1, 'en_adx': False, 'adx_n': 35, 'adx_threshold': 47, 'en_structure_trend': True, 'structure_trend_swing_l': 1, 'en_order_block': True, 'order_block_swing_l': 3, 'en_fvg': False, 'fvg_lookback': 22, 'en_ifvg': True, 'en_breaker': False, 'breaker_swing_l': 13, 'en_cisd': True, 'k': 3, 'en_cap_bars': False, 'cap_1min': 655}.
[I 2026-07-13 15:01:49,571] Trial 4208 finished with values: [6437.23707855079, -4377.501869719254, 55.95] and parameters: {'sl_soft': 0.1790260279200085, 'sl_hard_delta': 0.039849065565949165, 'tp': 0.2356931692447365, 'gate_pct': 98.58299891691806, 'dd_limit': 0.7627381108845042, 'cooldown': 0, 'flip': False, 'en_ema_trend': True, 'ema_trend_fast': 213, 'ema_trend_slow': 157, 'en_sma_trend': True, 'sma_trend_fast': 240, 'sma_trend_slow': 336, 'en_macd': False, 'macd_fast': 11, 'macd_slow': 200, 'macd_signal': 52, 'en_vwap': True, 'en_keltner': True, 'keltner_n': 123, 'keltner_m': 1.3, 'en_obv': False, 'obv_slope': 26, 'en_cci': True, 'cci_n': 166, 'cci_threshold': 145, 'en_rsi': False, 'rsi_n': 72, 'rsi_lower': 47, 'rsi_upper': 58, 'en_stochastic': False, 'stochastic_n': 62, 'stochastic_d': 17, 'stochastic_lower': 20, 'stochastic_upper': 70, 'en_mfi': False, 'mfi_n': 43, 'mfi_lower': 44, 'mfi_upper': 73, 'en_bollinger': False, 'bollinger_n': 7, 'bollinger_k': 3.8000000000000003, 'en_adx': False, 'adx_n': 50, 'adx_threshold': 47, 'en_structure_trend': False, 'structure_trend_swing_l': 18, 'en_order_block': True, 'order_block_swing_l': 11, 'en_fvg': False, 'fvg_lookback': 22, 'en_ifvg': True, 'en_breaker': True, 'breaker_swing_l': 7, 'en_cisd': True, 'k': 5, 'en_cap_bars': False, 'cap_1min': 1399}.
[I 2026-07-13 15:01:49,963] Trial 4209 finished with values: [2273.0190810196045, -3600.7203659197985, 41.45] and parameters: {'sl_soft': 0.05035573196257478, 'sl_hard_delta': 0.039849065565949165, 'tp': 0.14985592681603982, 'gate_pct': 99.43810192295578, 'dd_limit': 5.937758572987326, 'cooldown': 0, 'flip': False, 'en_ema_trend': False, 'ema_trend_fast': 157, 'ema_trend_slow': 157, 'en_sma_trend': True, 'sma_trend_fast': 360, 'sma_trend_slow': 35, 'en_macd': False, 'macd_fast': 10, 'macd_slow': 3, 'macd_signal': 52, 'en_vwap': False, 'en_keltner': True, 'keltner_n': 123, 'keltner_m': 3.8000000000000003, 'en_obv': True, 'obv_slope': 179, 'en_cci': True, 'cci_n': 166, 'cci_threshold': 130, 'en_rsi': False, 'rsi_n': 100, 'rsi_lower': 1, 'rsi_upper': 58, 'en_stochastic': False, 'stochastic_n': 62, 'stochastic_d': 34, 'stochastic_lower': 20, 'stochastic_upper': 66, 'en_mfi': False, 'mfi_n': 14, 'mfi_lower': 29, 'mfi_upper': 83, 'en_bollinger': True, 'bollinger_n': 2, 'bollinger_k': 1.6, 'en_adx': False, 'adx_n': 17, 'adx_threshold': 9, 'en_structure_trend': False, 'structure_trend_swing_l': 9, 'en_order_block': False, 'order_block_swing_l': 3, 'en_fvg': False, 'fvg_lookback': 22, 'en_ifvg': True, 'en_breaker': True, 'breaker_swing_l': 7, 'en_cisd': False, 'k': 4, 'en_cap_bars': False, 'cap_1min': 457}.
[I 2026-07-13 15:01:50,435] Trial 4210 finished with values: [3930.57534610648, -8387.650257671594, 57.45] and parameters: {'sl_soft': 0.18859258196164042, 'sl_hard_delta': 0.039849065565949165, 'tp': 0.30344321187078127, 'gate_pct': 96.65475725098474, 'dd_limit': 0.7627381108845042, 'cooldown': 1, 'flip': False, 'en_ema_trend': False, 'ema_trend_fast': 213, 'ema_trend_slow': 157, 'en_sma_trend': False, 'sma_trend_fast': 338, 'sma_trend_slow': 336, 'en_macd': False, 'macd_fast': 11, 'macd_slow': 3, 'macd_signal': 52, 'en_vwap': False, 'en_keltner': True, 'keltner_n': 123, 'keltner_m': 1.0, 'en_obv': True, 'obv_slope': 69, 'en_cci': True, 'cci_n': 166, 'cci_threshold': 130, 'en_rsi': False, 'rsi_n': 64, 'rsi_lower': 47, 'rsi_upper': 79, 'en_stochastic': False, 'stochastic_n': 62, 'stochastic_d': 39, 'stochastic_lower': 20, 'stochastic_upper': 93, 'en_mfi': False, 'mfi_n': 14, 'mfi_lower': 29, 'mfi_upper': 83, 'en_bollinger': True, 'bollinger_n': 2, 'bollinger_k': 4.1, 'en_adx': False, 'adx_n': 50, 'adx_threshold': 9, 'en_structure_trend': False, 'structure_trend_swing_l': 9, 'en_order_block': True, 'order_block_swing_l': 11, 'en_fvg': True, 'fvg_lookback': 45, 'en_ifvg': True, 'en_breaker': True, 'breaker_swing_l': 10, 'en_cisd': True, 'k': 4, 'en_cap_bars': True, 'cap_1min': 1343}.
[I 2026-07-13 15:01:50,877] Trial 4211 finished with values: [7381.070069993715, -11726.411028890518, 62.25] and parameters: {'sl_soft': 0.1790260279200085, 'sl_hard_delta': 0.052716452395929286, 'tp': 0.2356931692447365, 'gate_pct': 94.70821660915905, 'dd_limit': 7.364744278329123, 'cooldown': 0, 'flip': False, 'en_ema_trend': True, 'ema_trend_fast': 213, 'ema_trend_slow': 64, 'en_sma_trend': False, 'sma_trend_fast': 240, 'sma_trend_slow': 336, 'en_macd': False, 'macd_fast': 38, 'macd_slow': 125, 'macd_signal': 43, 'en_vwap': True, 'en_keltner': True, 'keltner_n': 131, 'keltner_m': 3.1, 'en_obv': False, 'obv_slope': 179, 'en_cci': True, 'cci_n': 172, 'cci_threshold': 145, 'en_rsi': False, 'rsi_n': 72, 'rsi_lower': 47, 'rsi_upper': 58, 'en_stochastic': False, 'stochastic_n': 62, 'stochastic_d': 17, 'stochastic_lower': 13, 'stochastic_upper': 66, 'en_mfi': False, 'mfi_n': 8, 'mfi_lower': 29, 'mfi_upper': 83, 'en_bollinger': False, 'bollinger_n': 7, 'bollinger_k': 4.1, 'en_adx': False, 'adx_n': 35, 'adx_threshold': 47, 'en_structure_trend': False, 'structure_trend_swing_l': 9, 'en_order_block': True, 'order_block_swing_l': 11, 'en_fvg': False, 'fvg_lookback': 22, 'en_ifvg': True, 'en_breaker': True, 'breaker_swing_l': 13, 'en_cisd': True, 'k': 3, 'en_cap_bars': True, 'cap_1min': 655}.
[I 2026-07-13 15:01:51,228] Trial 4212 finished with values: [4642.661954190926, -6314.335826996995, 35.349999999999994] and parameters: {'sl_soft': 0.05035573196257478, 'sl_hard_delta': 0.039849065565949165, 'tp': 0.22717864419781153, 'gate_pct': 99.43810192295578, 'dd_limit': 5.937758572987326, 'cooldown': 0, 'flip': False, 'en_ema_trend': False, 'ema_trend_fast': 197, 'ema_trend_slow': 236, 'en_sma_trend': True, 'sma_trend_fast': 360, 'sma_trend_slow': 35, 'en_macd': False, 'macd_fast': 10, 'macd_slow': 200, 'macd_signal': 52, 'en_vwap': True, 'en_keltner': True, 'keltner_n': 123, 'keltner_m': 1.9000000000000001, 'en_obv': True, 'obv_slope': 69, 'en_cci': True, 'cci_n': 166, 'cci_threshold': 130, 'en_rsi': False, 'rsi_n': 100, 'rsi_lower': 43, 'rsi_upper': 87, 'en_stochastic': False, 'stochastic_n': 70, 'stochastic_d': 48, 'stochastic_lower': 31, 'stochastic_upper': 78, 'en_mfi': False, 'mfi_n': 42, 'mfi_lower': 29, 'mfi_upper': 68, 'en_bollinger': True, 'bollinger_n': 2, 'bollinger_k': 1.6, 'en_adx': False, 'adx_n': 17, 'adx_threshold': 58, 'en_structure_trend': True, 'structure_trend_swing_l': 9, 'en_order_block': True, 'order_block_swing_l': 5, 'en_fvg': False, 'fvg_lookback': 35, 'en_ifvg': True, 'en_breaker': True, 'breaker_swing_l': 13, 'en_cisd': True, 'k': 4, 'en_cap_bars': False, 'cap_1min': 457}.
[I 2026-07-13 15:01:52,595] Trial 4213 finished with values: [1815.6537600521008, -9271.476743177018, 61.8] and parameters: {'sl_soft': 0.19207751714688032, 'sl_hard_delta': 0.052716452395929286, 'tp': 0.14985592681603982, 'gate_pct': 96.65475725098474, 'dd_limit': 5.937758572987326, 'cooldown': 0, 'flip': False, 'en_ema_trend': False, 'ema_trend_fast': 169, 'ema_trend_slow': 64, 'en_sma_trend': True, 'sma_trend_fast': 81, 'sma_trend_slow': 35, 'en_macd': True, 'macd_fast': 81, 'macd_slow': 3, 'macd_signal': 43, 'en_vwap': True, 'en_keltner': True, 'keltner_n': 123, 'keltner_m': 3.1, 'en_obv': True, 'obv_slope': 179, 'en_cci': True, 'cci_n': 172, 'cci_threshold': 130, 'en_rsi': False, 'rsi_n': 74, 'rsi_lower': 32, 'rsi_upper': 57, 'en_stochastic': False, 'stochastic_n': 82, 'stochastic_d': 11, 'stochastic_lower': 20, 'stochastic_upper': 66, 'en_mfi': False, 'mfi_n': 14, 'mfi_lower': 38, 'mfi_upper': 80, 'en_bollinger': False, 'bollinger_n': 155, 'bollinger_k': 2.0, 'en_adx': False, 'adx_n': 17, 'adx_threshold': 47, 'en_structure_trend': True, 'structure_trend_swing_l': 9, 'en_order_block': True, 'order_block_swing_l': 5, 'en_fvg': False, 'fvg_lookback': 30, 'en_ifvg': True, 'en_breaker': True, 'breaker_swing_l': 10, 'en_cisd': True, 'k': 4, 'en_cap_bars': True, 'cap_1min': 655}.
[I 2026-07-13 15:01:52,877] Trial 4214 pruned. 
[I 2026-07-13 15:01:53,192] Trial 4215 pruned. 
[I 2026-07-13 15:01:54,907] Trial 4216 finished with values: [5586.888182709903, -5412.287851711711, 37.599999999999994] and parameters: {'sl_soft': 0.05035573196257478, 'sl_hard_delta': 0.039849065565949165, 'tp': 0.22717864419781153, 'gate_pct': 99.43810192295578, 'dd_limit': 0.7627381108845042, 'cooldown': 0, 'flip': False, 'en_ema_trend': True, 'ema_trend_fast': 197, 'ema_trend_slow': 64, 'en_sma_trend': True, 'sma_trend_fast': 360, 'sma_trend_slow': 35, 'en_macd': True, 'macd_fast': 10, 'macd_slow': 41, 'macd_signal': 52, 'en_vwap': False, 'en_keltner': True, 'keltner_n': 123, 'keltner_m': 0.7, 'en_obv': True, 'obv_slope': 69, 'en_cci': True, 'cci_n': 166, 'cci_threshold': 130, 'en_rsi': False, 'rsi_n': 100, 'rsi_lower': 1, 'rsi_upper': 87, 'en_stochastic': False, 'stochastic_n': 82, 'stochastic_d': 34, 'stochastic_lower': 13, 'stochastic_upper': 66, 'en_mfi': False, 'mfi_n': 8, 'mfi_lower': 29, 'mfi_upper': 68, 'en_bollinger': True, 'bollinger_n': 2, 'bollinger_k': 1.6, 'en_adx': False, 'adx_n': 17, 'adx_threshold': 35, 'en_structure_trend': False, 'structure_trend_swing_l': 1, 'en_order_block': True, 'order_block_swing_l': 5, 'en_fvg': False, 'fvg_lookback': 35, 'en_ifvg': True, 'en_breaker': True, 'breaker_swing_l': 13, 'en_cisd': True, 'k': 3, 'en_cap_bars': False, 'cap_1min': 457}.
