[I 2026-07-13 14:58:18,589] Trial 3888 finished with values: [3430.383058110084, -9776.554117993399, 45.0] and parameters: {'sl_soft': 0.17299259093013, 'sl_hard_delta': 0.14809162487386876, 'tp': 0.3322153223243982, 'gate_pct': 96.58875153575434, 'dd_limit': 0.8350241645118831, 'cooldown': 0, 'flip': False, 'en_ema_trend': False, 'ema_trend_fast': 126, 'ema_trend_slow': 304, 'en_sma_trend': False, 'sma_trend_fast': 360, 'sma_trend_slow': 35, 'en_macd': True, 'macd_fast': 52, 'macd_slow': 134, 'macd_signal': 43, 'en_vwap': True, 'en_keltner': True, 'keltner_n': 123, 'keltner_m': 1.3, 'en_obv': True, 'obv_slope': 99, 'en_cci': False, 'cci_n': 20, 'cci_threshold': 65, 'en_rsi': False, 'rsi_n': 16, 'rsi_lower': 12, 'rsi_upper': 76, 'en_stochastic': False, 'stochastic_n': 54, 'stochastic_d': 30, 'stochastic_lower': 24, 'stochastic_upper': 57, 'en_mfi': False, 'mfi_n': 35, 'mfi_lower': 24, 'mfi_upper': 70, 'en_bollinger': False, 'bollinger_n': 195, 'bollinger_k': 3.8000000000000003, 'en_adx': False, 'adx_n': 35, 'adx_threshold': 35, 'en_structure_trend': True, 'structure_trend_swing_l': 3, 'en_order_block': True, 'order_block_swing_l': 16, 'en_fvg': True, 'fvg_lookback': 5, 'en_ifvg': False, 'en_breaker': True, 'breaker_swing_l': 1, 'en_cisd': False, 'k': 1, 'en_cap_bars': False, 'cap_1min': 219}.
[I 2026-07-13 14:58:19,044] Trial 3889 pruned. 
[I 2026-07-13 14:58:20,986] Trial 3890 finished with values: [3891.9624355403744, -13165.21260873757, 73.35] and parameters: {'sl_soft': 0.29212654101002455, 'sl_hard_delta': 0.22514957031411884, 'tp': 0.15809231644429605, 'gate_pct': 98.72479828405353, 'dd_limit': 4.1596678535630165, 'cooldown': 1, 'flip': False, 'en_ema_trend': False, 'ema_trend_fast': 149, 'ema_trend_slow': 161, 'en_sma_trend': True, 'sma_trend_fast': 268, 'sma_trend_slow': 290, 'en_macd': True, 'macd_fast': 6, 'macd_slow': 23, 'macd_signal': 6, 'en_vwap': True, 'en_keltner': False, 'keltner_n': 102, 'keltner_m': 3.1, 'en_obv': True, 'obv_slope': 161, 'en_cci': True, 'cci_n': 67, 'cci_threshold': 30, 'en_rsi': False, 'rsi_n': 25, 'rsi_lower': 46, 'rsi_upper': 59, 'en_stochastic': False, 'stochastic_n': 86, 'stochastic_d': 2, 'stochastic_lower': 20, 'stochastic_upper': 75, 'en_mfi': True, 'mfi_n': 94, 'mfi_lower': 33, 'mfi_upper': 78, 'en_bollinger': False, 'bollinger_n': 37, 'bollinger_k': 4.5, 'en_adx': False, 'adx_n': 59, 'adx_threshold': 5, 'en_structure_trend': False, 'structure_trend_swing_l': 16, 'en_order_block': False, 'order_block_swing_l': 19, 'en_fvg': True, 'fvg_lookback': 34, 'en_ifvg': False, 'en_breaker': False, 'breaker_swing_l': 7, 'en_cisd': False, 'k': 4, 'en_cap_bars': False, 'cap_1min': 686}.
[I 2026-07-13 14:58:22,976] Trial 3891 pruned. 
[I 2026-07-13 14:58:23,366] Trial 3892 finished with values: [-259.3193814882257, -3312.045625926885, 69.05000000000001] and parameters: {'sl_soft': 0.16996140481300154, 'sl_hard_delta': 0.3817260073301948, 'tp': 0.07629543740731591, 'gate_pct': 98.14251198602311, 'dd_limit': 3.764472083874483, 'cooldown': 1, 'flip': False, 'en_ema_trend': True, 'ema_trend_fast': 79, 'ema_trend_slow': 100, 'en_sma_trend': True, 'sma_trend_fast': 372, 'sma_trend_slow': 283, 'en_macd': True, 'macd_fast': 68, 'macd_slow': 43, 'macd_signal': 76, 'en_vwap': True, 'en_keltner': False, 'keltner_n': 42, 'keltner_m': 4.7, 'en_obv': True, 'obv_slope': 198, 'en_cci': True, 'cci_n': 55, 'cci_threshold': 135, 'en_rsi': False, 'rsi_n': 58, 'rsi_lower': 30, 'rsi_upper': 76, 'en_stochastic': False, 'stochastic_n': 8, 'stochastic_d': 31, 'stochastic_lower': 10, 'stochastic_upper': 89, 'en_mfi': True, 'mfi_n': 56, 'mfi_lower': 16, 'mfi_upper': 57, 'en_bollinger': False, 'bollinger_n': 166, 'bollinger_k': 1.2000000000000002, 'en_adx': False, 'adx_n': 20, 'adx_threshold': 48, 'en_structure_trend': False, 'structure_trend_swing_l': 1, 'en_order_block': False, 'order_block_swing_l': 19, 'en_fvg': True, 'fvg_lookback': 29, 'en_ifvg': True, 'en_breaker': True, 'breaker_swing_l': 19, 'en_cisd': True, 'k': 4, 'en_cap_bars': True, 'cap_1min': 852}.
[I 2026-07-13 14:58:24,407] Trial 3893 pruned. 
[I 2026-07-13 14:58:25,508] Trial 3894 pruned. 
[I 2026-07-13 14:58:27,711] Trial 3895 finished with values: [3814.6545244329573, -8238.153671114076, 63.1] and parameters: {'sl_soft': 0.15918195032780505, 'sl_hard_delta': 0.38069755865652133, 'tp': 0.15809231644429605, 'gate_pct': 99.4732844060646, 'dd_limit': 4.17581929961137, 'cooldown': 1, 'flip': False, 'en_ema_trend': False, 'ema_trend_fast': 149, 'ema_trend_slow': 84, 'en_sma_trend': True, 'sma_trend_fast': 397, 'sma_trend_slow': 22, 'en_macd': True, 'macd_fast': 6, 'macd_slow': 23, 'macd_signal': 71, 'en_vwap': True, 'en_keltner': False, 'keltner_n': 126, 'keltner_m': 1.3, 'en_obv': True, 'obv_slope': 61, 'en_cci': False, 'cci_n': 86, 'cci_threshold': 145, 'en_rsi': False, 'rsi_n': 25, 'rsi_lower': 46, 'rsi_upper': 66, 'en_stochastic': False, 'stochastic_n': 95, 'stochastic_d': 31, 'stochastic_lower': 42, 'stochastic_upper': 89, 'en_mfi': True, 'mfi_n': 19, 'mfi_lower': 22, 'mfi_upper': 78, 'en_bollinger': True, 'bollinger_n': 149, 'bollinger_k': 4.0, 'en_adx': False, 'adx_n': 78, 'adx_threshold': 43, 'en_structure_trend': False, 'structure_trend_swing_l': 13, 'en_order_block': True, 'order_block_swing_l': 18, 'en_fvg': True, 'fvg_lookback': 19, 'en_ifvg': False, 'en_breaker': False, 'breaker_swing_l': 6, 'en_cisd': True, 'k': 4, 'en_cap_bars': False, 'cap_1min': 1250}.
[I 2026-07-13 14:58:28,068] Trial 3896 pruned. 
[I 2026-07-13 14:58:29,161] Trial 3897 pruned. 
[I 2026-07-13 14:58:32,005] Trial 3898 finished with values: [-2322.2104355839874, -14611.607326101535, 69.55] and parameters: {'sl_soft': 0.16862822067814248, 'sl_hard_delta': 0.38069755865652133, 'tp': 0.0859209336931621, 'gate_pct': 97.69004509735414, 'dd_limit': 4.17581929961137, 'cooldown': 1, 'flip': True, 'en_ema_trend': False, 'ema_trend_fast': 318, 'ema_trend_slow': 84, 'en_sma_trend': True, 'sma_trend_fast': 313, 'sma_trend_slow': 233, 'en_macd': True, 'macd_fast': 65, 'macd_slow': 157, 'macd_signal': 42, 'en_vwap': True, 'en_keltner': True, 'keltner_n': 197, 'keltner_m': 3.6, 'en_obv': False, 'obv_slope': 30, 'en_cci': True, 'cci_n': 192, 'cci_threshold': 120, 'en_rsi': False, 'rsi_n': 25, 'rsi_lower': 4, 'rsi_upper': 76, 'en_stochastic': False, 'stochastic_n': 54, 'stochastic_d': 40, 'stochastic_lower': 24, 'stochastic_upper': 67, 'en_mfi': False, 'mfi_n': 28, 'mfi_lower': 33, 'mfi_upper': 78, 'en_bollinger': True, 'bollinger_n': 195, 'bollinger_k': 2.7, 'en_adx': False, 'adx_n': 78, 'adx_threshold': 40, 'en_structure_trend': True, 'structure_trend_swing_l': 14, 'en_order_block': True, 'order_block_swing_l': 18, 'en_fvg': False, 'fvg_lookback': 26, 'en_ifvg': False, 'en_breaker': False, 'breaker_swing_l': 1, 'en_cisd': False, 'k': 1, 'en_cap_bars': True, 'cap_1min': 833}.
[I 2026-07-13 14:58:33,389] Trial 3899 pruned. 
[I 2026-07-13 14:58:34,970] Trial 3900 finished with values: [4167.727810409102, -38396.16826277437, 38.25] and parameters: {'sl_soft': 0.12406282734192264, 'sl_hard_delta': 0.2600002949787223, 'tp': 0.3322153223243982, 'gate_pct': 95.4952585196385, 'dd_limit': 6.7928516530416, 'cooldown': 0, 'flip': False, 'en_ema_trend': False, 'ema_trend_fast': 318, 'ema_trend_slow': 112, 'en_sma_trend': True, 'sma_trend_fast': 134, 'sma_trend_slow': 233, 'en_macd': True, 'macd_fast': 16, 'macd_slow': 168, 'macd_signal': 43, 'en_vwap': True, 'en_keltner': True, 'keltner_n': 177, 'keltner_m': 2.3, 'en_obv': False, 'obv_slope': 160, 'en_cci': True, 'cci_n': 13, 'cci_threshold': 120, 'en_rsi': True, 'rsi_n': 53, 'rsi_lower': 31, 'rsi_upper': 71, 'en_stochastic': False, 'stochastic_n': 54, 'stochastic_d': 27, 'stochastic_lower': 12, 'stochastic_upper': 67, 'en_mfi': False, 'mfi_n': 52, 'mfi_lower': 2, 'mfi_upper': 88, 'en_bollinger': False, 'bollinger_n': 143, 'bollinger_k': 4.1, 'en_adx': False, 'adx_n': 77, 'adx_threshold': 44, 'en_structure_trend': False, 'structure_trend_swing_l': 4, 'en_order_block': True, 'order_block_swing_l': 16, 'en_fvg': False, 'fvg_lookback': 17, 'en_ifvg': False, 'en_breaker': True, 'breaker_swing_l': 14, 'en_cisd': False, 'k': 4, 'en_cap_bars': True, 'cap_1min': 833}.
[I 2026-07-13 14:58:37,827] Trial 3901 finished with values: [692.8830581100344, -28909.794872068425, 25.75] and parameters: {'sl_soft': 0.05659865426304895, 'sl_hard_delta': 0.26350679747876377, 'tp': 0.3322153223243982, 'gate_pct': 95.15790739353048, 'dd_limit': 0.6062953539401272, 'cooldown': 1, 'flip': False, 'en_ema_trend': True, 'ema_trend_fast': 126, 'ema_trend_slow': 377, 'en_sma_trend': False, 'sma_trend_fast': 134, 'sma_trend_slow': 22, 'en_macd': True, 'macd_fast': 16, 'macd_slow': 168, 'macd_signal': 71, 'en_vwap': True, 'en_keltner': True, 'keltner_n': 177, 'keltner_m': 2.3, 'en_obv': False, 'obv_slope': 61, 'en_cci': True, 'cci_n': 86, 'cci_threshold': 65, 'en_rsi': False, 'rsi_n': 93, 'rsi_lower': 46, 'rsi_upper': 71, 'en_stochastic': False, 'stochastic_n': 41, 'stochastic_d': 28, 'stochastic_lower': 42, 'stochastic_upper': 79, 'en_mfi': False, 'mfi_n': 19, 'mfi_lower': 44, 'mfi_upper': 99, 'en_bollinger': False, 'bollinger_n': 143, 'bollinger_k': 4.5, 'en_adx': False, 'adx_n': 53, 'adx_threshold': 43, 'en_structure_trend': True, 'structure_trend_swing_l': 16, 'en_order_block': True, 'order_block_swing_l': 16, 'en_fvg': False, 'fvg_lookback': 34, 'en_ifvg': False, 'en_breaker': True, 'breaker_swing_l': 6, 'en_cisd': False, 'k': 4, 'en_cap_bars': False, 'cap_1min': 535}.
[I 2026-07-13 14:58:38,796] Trial 3902 finished with values: [2676.000568879289, -9322.706819092018, 76.19999999999999] and parameters: {'sl_soft': 0.29406552811412545, 'sl_hard_delta': 0.26350679747876377, 'tp': 0.15809231644429605, 'gate_pct': 97.87184393359011, 'dd_limit': 0.6062953539401272, 'cooldown': 1, 'flip': False, 'en_ema_trend': True, 'ema_trend_fast': 195, 'ema_trend_slow': 11, 'en_sma_trend': True, 'sma_trend_fast': 397, 'sma_trend_slow': 22, 'en_macd': True, 'macd_fast': 11, 'macd_slow': 23, 'macd_signal': 71, 'en_vwap': True, 'en_keltner': True, 'keltner_n': 126, 'keltner_m': 1.3, 'en_obv': True, 'obv_slope': 61, 'en_cci': True, 'cci_n': 86, 'cci_threshold': 250, 'en_rsi': False, 'rsi_n': 93, 'rsi_lower': 46, 'rsi_upper': 66, 'en_stochastic': False, 'stochastic_n': 95, 'stochastic_d': 28, 'stochastic_lower': 42, 'stochastic_upper': 96, 'en_mfi': False, 'mfi_n': 19, 'mfi_lower': 22, 'mfi_upper': 91, 'en_bollinger': False, 'bollinger_n': 149, 'bollinger_k': 4.5, 'en_adx': False, 'adx_n': 53, 'adx_threshold': 43, 'en_structure_trend': False, 'structure_trend_swing_l': 16, 'en_order_block': True, 'order_block_swing_l': 19, 'en_fvg': True, 'fvg_lookback': 34, 'en_ifvg': False, 'en_breaker': False, 'breaker_swing_l': 6, 'en_cisd': False, 'k': 5, 'en_cap_bars': False, 'cap_1min': 1250}.
[I 2026-07-13 14:58:40,381] Trial 3903 finished with values: [-3721.775440104376, -9288.189391416994, 44.3] and parameters: {'sl_soft': 0.29406552811412545, 'sl_hard_delta': 0.018770643401268352, 'tp': 0.3322153223243982, 'gate_pct': 99.4732844060646, 'dd_limit': 3.177401405918999, 'cooldown': 0, 'flip': False, 'en_ema_trend': False, 'ema_trend_fast': 126, 'ema_trend_slow': 304, 'en_sma_trend': False, 'sma_trend_fast': 182, 'sma_trend_slow': 94, 'en_macd': True, 'macd_fast': 16, 'macd_slow': 168, 'macd_signal': 98, 'en_vwap': True, 'en_keltner': True, 'keltner_n': 177, 'keltner_m': 1.4, 'en_obv': True, 'obv_slope': 18, 'en_cci': True, 'cci_n': 165, 'cci_threshold': 65, 'en_rsi': False, 'rsi_n': 25, 'rsi_lower': 31, 'rsi_upper': 64, 'en_stochastic': False, 'stochastic_n': 95, 'stochastic_d': 28, 'stochastic_lower': 42, 'stochastic_upper': 78, 'en_mfi': True, 'mfi_n': 11, 'mfi_lower': 31, 'mfi_upper': 79, 'en_bollinger': False, 'bollinger_n': 56, 'bollinger_k': 2.6, 'en_adx': False, 'adx_n': 88, 'adx_threshold': 40, 'en_structure_trend': True, 'structure_trend_swing_l': 9, 'en_order_block': True, 'order_block_swing_l': 11, 'en_fvg': True, 'fvg_lookback': 25, 'en_ifvg': False, 'en_breaker': True, 'breaker_swing_l': 10, 'en_cisd': True, 'k': 4, 'en_cap_bars': False, 'cap_1min': 591}.
[I 2026-07-13 14:58:41,174] Trial 3904 pruned. 
[I 2026-07-13 14:58:41,826] Trial 3905 pruned. 
[I 2026-07-13 14:58:42,719] Trial 3906 finished with values: [2660.5389866577943, -8641.372176533081, 75.3] and parameters: {'sl_soft': 0.29212654101002455, 'sl_hard_delta': 0.22514957031411884, 'tp': 0.15809231644429605, 'gate_pct': 96.86893093764884, 'dd_limit': 4.1596678535630165, 'cooldown': 1, 'flip': False, 'en_ema_trend': False, 'ema_trend_fast': 149, 'ema_trend_slow': 161, 'en_sma_trend': True, 'sma_trend_fast': 397, 'sma_trend_slow': 22, 'en_macd': True, 'macd_fast': 6, 'macd_slow': 23, 'macd_signal': 71, 'en_vwap': True, 'en_keltner': False, 'keltner_n': 102, 'keltner_m': 3.1, 'en_obv': True, 'obv_slope': 184, 'en_cci': True, 'cci_n': 56, 'cci_threshold': 50, 'en_rsi': False, 'rsi_n': 25, 'rsi_lower': 46, 'rsi_upper': 59, 'en_stochastic': False, 'stochastic_n': 86, 'stochastic_d': 5, 'stochastic_lower': 40, 'stochastic_upper': 75, 'en_mfi': True, 'mfi_n': 94, 'mfi_lower': 3, 'mfi_upper': 78, 'en_bollinger': False, 'bollinger_n': 99, 'bollinger_k': 4.5, 'en_adx': False, 'adx_n': 59, 'adx_threshold': 18, 'en_structure_trend': False, 'structure_trend_swing_l': 16, 'en_order_block': True, 'order_block_swing_l': 19, 'en_fvg': True, 'fvg_lookback': 34, 'en_ifvg': False, 'en_breaker': False, 'breaker_swing_l': 3, 'en_cisd': False, 'k': 5, 'en_cap_bars': False, 'cap_1min': 686}.
[I 2026-07-13 14:58:43,287] Trial 3907 finished with values: [-433.7078818670115, -3668.492528844779, 72.55000000000001] and parameters: {'sl_soft': 0.17299259093013, 'sl_hard_delta': 0.34807457696003896, 'tp': 0.08304307060442956, 'gate_pct': 98.21870877115913, 'dd_limit': 6.5154853630492955, 'cooldown': 0, 'flip': True, 'en_ema_trend': True, 'ema_trend_fast': 97, 'ema_trend_slow': 212, 'en_sma_trend': True, 'sma_trend_fast': 265, 'sma_trend_slow': 157, 'en_macd': True, 'macd_fast': 18, 'macd_slow': 127, 'macd_signal': 98, 'en_vwap': False, 'en_keltner': False, 'keltner_n': 48, 'keltner_m': 0.7, 'en_obv': True, 'obv_slope': 92, 'en_cci': False, 'cci_n': 107, 'cci_threshold': 290, 'en_rsi': True, 'rsi_n': 16, 'rsi_lower': 28, 'rsi_upper': 90, 'en_stochastic': False, 'stochastic_n': 98, 'stochastic_d': 49, 'stochastic_lower': 21, 'stochastic_upper': 78, 'en_mfi': True, 'mfi_n': 97, 'mfi_lower': 27, 'mfi_upper': 51, 'en_bollinger': False, 'bollinger_n': 69, 'bollinger_k': 1.7000000000000002, 'en_adx': False, 'adx_n': 11, 'adx_threshold': 17, 'en_structure_trend': False, 'structure_trend_swing_l': 15, 'en_order_block': True, 'order_block_swing_l': 20, 'en_fvg': True, 'fvg_lookback': 24, 'en_ifvg': True, 'en_breaker': False, 'breaker_swing_l': 13, 'en_cisd': True, 'k': 4, 'en_cap_bars': True, 'cap_1min': 219}.
[I 2026-07-13 14:58:45,786] Trial 3908 pruned. 
[I 2026-07-13 14:58:48,543] Trial 3909 pruned. 
[I 2026-07-13 14:58:48,757] Trial 3910 finished with values: [-461.59125185369044, -4474.091251853878, 68.45] and parameters: {'sl_soft': 0.16996140481300154, 'sl_hard_delta': 0.3817260073301948, 'tp': 0.07629543740731591, 'gate_pct': 99.4732844060646, 'dd_limit': 3.764472083874483, 'cooldown': 1, 'flip': False, 'en_ema_trend': True, 'ema_trend_fast': 149, 'ema_trend_slow': 84, 'en_sma_trend': True, 'sma_trend_fast': 372, 'sma_trend_slow': 309, 'en_macd': True, 'macd_fast': 6, 'macd_slow': 43, 'macd_signal': 6, 'en_vwap': True, 'en_keltner': False, 'keltner_n': 42, 'keltner_m': 4.2, 'en_obv': True, 'obv_slope': 161, 'en_cci': False, 'cci_n': 55, 'cci_threshold': 245, 'en_rsi': False, 'rsi_n': 25, 'rsi_lower': 4, 'rsi_upper': 76, 'en_stochastic': False, 'stochastic_n': 72, 'stochastic_d': 31, 'stochastic_lower': 49, 'stochastic_upper': 80, 'en_mfi': True, 'mfi_n': 54, 'mfi_lower': 49, 'mfi_upper': 57, 'en_bollinger': False, 'bollinger_n': 171, 'bollinger_k': 4.7, 'en_adx': False, 'adx_n': 78, 'adx_threshold': 40, 'en_structure_trend': True, 'structure_trend_swing_l': 1, 'en_order_block': True, 'order_block_swing_l': 18, 'en_fvg': True, 'fvg_lookback': 47, 'en_ifvg': False, 'en_breaker': False, 'breaker_swing_l': 10, 'en_cisd': True, 'k': 4, 'en_cap_bars': True, 'cap_1min': 436}.
[I 2026-07-13 14:58:50,740] Trial 3911 pruned. 
[I 2026-07-13 14:58:53,250] Trial 3912 finished with values: [411.39979464402285, -4072.239400825381, 72.05000000000001] and parameters: {'sl_soft': 0.13767479743605357, 'sl_hard_delta': 0.34807457696003896, 'tp': 0.08304307060442956, 'gate_pct': 99.4732844060646, 'dd_limit': 6.5154853630492955, 'cooldown': 0, 'flip': True, 'en_ema_trend': True, 'ema_trend_fast': 149, 'ema_trend_slow': 84, 'en_sma_trend': False, 'sma_trend_fast': 265, 'sma_trend_slow': 50, 'en_macd': True, 'macd_fast': 6, 'macd_slow': 127, 'macd_signal': 6, 'en_vwap': False, 'en_keltner': False, 'keltner_n': 79, 'keltner_m': 1.3, 'en_obv': True, 'obv_slope': 161, 'en_cci': False, 'cci_n': 38, 'cci_threshold': 290, 'en_rsi': True, 'rsi_n': 56, 'rsi_lower': 47, 'rsi_upper': 90, 'en_stochastic': False, 'stochastic_n': 72, 'stochastic_d': 49, 'stochastic_lower': 21, 'stochastic_upper': 89, 'en_mfi': True, 'mfi_n': 35, 'mfi_lower': 49, 'mfi_upper': 51, 'en_bollinger': False, 'bollinger_n': 69, 'bollinger_k': 1.7000000000000002, 'en_adx': False, 'adx_n': 11, 'adx_threshold': 17, 'en_structure_trend': False, 'structure_trend_swing_l': 15, 'en_order_block': False, 'order_block_swing_l': 20, 'en_fvg': True, 'fvg_lookback': 24, 'en_ifvg': False, 'en_breaker': False, 'breaker_swing_l': 13, 'en_cisd': False, 'k': 4, 'en_cap_bars': True, 'cap_1min': 436}.
[I 2026-07-13 14:58:55,948] Trial 3913 pruned. 
[I 2026-07-13 14:58:58,595] Trial 3914 finished with values: [1537.5135719626878, -9914.965708427952, 71.05] and parameters: {'sl_soft': 0.25282872551526225, 'sl_hard_delta': 0.26350679747876377, 'tp': 0.14518538625129632, 'gate_pct': 94.97650230819906, 'dd_limit': 4.17581929961137, 'cooldown': 1, 'flip': False, 'en_ema_trend': True, 'ema_trend_fast': 195, 'ema_trend_slow': 212, 'en_sma_trend': True, 'sma_trend_fast': 397, 'sma_trend_slow': 309, 'en_macd': True, 'macd_fast': 11, 'macd_slow': 72, 'macd_signal': 71, 'en_vwap': True, 'en_keltner': True, 'keltner_n': 126, 'keltner_m': 0.7, 'en_obv': True, 'obv_slope': 184, 'en_cci': False, 'cci_n': 56, 'cci_threshold': 50, 'en_rsi': False, 'rsi_n': 93, 'rsi_lower': 46, 'rsi_upper': 66, 'en_stochastic': False, 'stochastic_n': 95, 'stochastic_d': 5, 'stochastic_lower': 42, 'stochastic_upper': 89, 'en_mfi': True, 'mfi_n': 58, 'mfi_lower': 3, 'mfi_upper': 99, 'en_bollinger': False, 'bollinger_n': 99, 'bollinger_k': 4.5, 'en_adx': False, 'adx_n': 20, 'adx_threshold': 40, 'en_structure_trend': False, 'structure_trend_swing_l': 9, 'en_order_block': False, 'order_block_swing_l': 19, 'en_fvg': True, 'fvg_lookback': 34, 'en_ifvg': False, 'en_breaker': True, 'breaker_swing_l': 7, 'en_cisd': True, 'k': 4, 'en_cap_bars': False, 'cap_1min': 577}.
[I 2026-07-13 14:59:00,784] Trial 3915 pruned. 
[I 2026-07-13 14:59:01,321] Trial 3916 finished with values: [3590.4423882069023, -6528.50008772603, 80.5] and parameters: {'sl_soft': 0.29212654101002455, 'sl_hard_delta': 0.14809162487386876, 'tp': 0.0859209336931621, 'gate_pct': 99.4732844060646, 'dd_limit': 4.1596678535630165, 'cooldown': 1, 'flip': False, 'en_ema_trend': False, 'ema_trend_fast': 29, 'ema_trend_slow': 161, 'en_sma_trend': True, 'sma_trend_fast': 322, 'sma_trend_slow': 233, 'en_macd': True, 'macd_fast': 6, 'macd_slow': 134, 'macd_signal': 6, 'en_vwap': True, 'en_keltner': False, 'keltner_n': 102, 'keltner_m': 4.2, 'en_obv': True, 'obv_slope': 161, 'en_cci': True, 'cci_n': 67, 'cci_threshold': 30, 'en_rsi': False, 'rsi_n': 25, 'rsi_lower': 4, 'rsi_upper': 72, 'en_stochastic': False, 'stochastic_n': 54, 'stochastic_d': 30, 'stochastic_lower': 20, 'stochastic_upper': 74, 'en_mfi': False, 'mfi_n': 94, 'mfi_lower': 33, 'mfi_upper': 78, 'en_bollinger': True, 'bollinger_n': 37, 'bollinger_k': 4.5, 'en_adx': False, 'adx_n': 78, 'adx_threshold': 5, 'en_structure_trend': False, 'structure_trend_swing_l': 1, 'en_order_block': True, 'order_block_swing_l': 12, 'en_fvg': True, 'fvg_lookback': 47, 'en_ifvg': False, 'en_breaker': True, 'breaker_swing_l': 1, 'en_cisd': False, 'k': 4, 'en_cap_bars': True, 'cap_1min': 436}.
[I 2026-07-13 14:59:01,595] Trial 3917 finished with values: [1015.0040145436449, -8309.938280643084, 73.55000000000001] and parameters: {'sl_soft': 0.29406552811412545, 'sl_hard_delta': 0.26350679747876377, 'tp': 0.14518538625129632, 'gate_pct': 97.87184393359011, 'dd_limit': 0.6062953539401272, 'cooldown': 1, 'flip': False, 'en_ema_trend': True, 'ema_trend_fast': 195, 'ema_trend_slow': 377, 'en_sma_trend': True, 'sma_trend_fast': 397, 'sma_trend_slow': 22, 'en_macd': True, 'macd_fast': 11, 'macd_slow': 23, 'macd_signal': 71, 'en_vwap': True, 'en_keltner': True, 'keltner_n': 126, 'keltner_m': 1.3, 'en_obv': True, 'obv_slope': 61, 'en_cci': True, 'cci_n': 86, 'cci_threshold': 250, 'en_rsi': False, 'rsi_n': 93, 'rsi_lower': 46, 'rsi_upper': 66, 'en_stochastic': False, 'stochastic_n': 95, 'stochastic_d': 28, 'stochastic_lower': 42, 'stochastic_upper': 91, 'en_mfi': False, 'mfi_n': 19, 'mfi_lower': 22, 'mfi_upper': 99, 'en_bollinger': False, 'bollinger_n': 149, 'bollinger_k': 4.5, 'en_adx': False, 'adx_n': 53, 'adx_threshold': 43, 'en_structure_trend': False, 'structure_trend_swing_l': 17, 'en_order_block': True, 'order_block_swing_l': 19, 'en_fvg': True, 'fvg_lookback': 34, 'en_ifvg': False, 'en_breaker': True, 'breaker_swing_l': 6, 'en_cisd': False, 'k': 5, 'en_cap_bars': False, 'cap_1min': 1250}.
[I 2026-07-13 14:59:03,131] Trial 3918 pruned. 
