── OPTIMIZER PLAN [4h] shared SL/TP · sampler=nsga3 ──
   dimensions: base 5c+2cat+3i = 10  |  indicators 18 on/off + 30 params  |  split 0  →  TOTAL 58 dims
   trials/dim 100  →  RECOMMENDED 5,800 trials  (∝ dimensions; grows if you add more)
[4h] loading inputs (SI, pv=5000) ...
[4h] 2318 decision bars; cooldown cap 2; bounds sl_soft[0.04921420713499921, 0.30119094766619514] sl_hard[0.06693132170359893, 0.40158793022159356] tp[0.06299418513279899, 0.46458211535439253]; indicators on 1-MINUTE frame
/home/dev/Mulham/wsg-i/Parametric-Indicators/optimize/optimizer.py:261: ExperimentalWarning: NSGAIIISampler is experimental (supported from v3.2.0). The interface can change in the future.
  return optuna.samplers.NSGAIIISampler(seed=seed, constraints_func=constraints_func)
[4h] sampler = nsga3 → NSGAIIISampler  objective=<function run.<locals>.objective at 0x73487117b920>  dd_pnl_cap=0.25
[I 2026-07-13 13:30:38,491] A new study created in RDB with name: eod1_4h_SI
[I 2026-07-13 13:30:38,963] Trial 0 pruned. 
[I 2026-07-13 13:30:40,402] Trial 1 pruned. 
[I 2026-07-13 13:30:43,445] Trial 2 pruned. 
[I 2026-07-13 13:30:45,406] Trial 3 pruned. 
[I 2026-07-13 13:30:46,908] Trial 4 pruned. 
[I 2026-07-13 13:30:47,377] Trial 5 pruned. 
[I 2026-07-13 13:30:48,631] Trial 6 pruned. 
[I 2026-07-13 13:30:49,753] Trial 7 pruned. 
[I 2026-07-13 13:30:50,534] Trial 8 pruned. 
[I 2026-07-13 13:30:52,546] Trial 9 pruned. 
[I 2026-07-13 13:30:54,036] Trial 10 pruned. 
[I 2026-07-13 13:30:55,769] Trial 11 pruned. 
[I 2026-07-13 13:30:57,342] Trial 12 pruned. 
[I 2026-07-13 13:30:58,751] Trial 13 pruned. 
[I 2026-07-13 13:30:59,564] Trial 14 pruned. 
[I 2026-07-13 13:31:00,126] Trial 15 pruned. 
[I 2026-07-13 13:31:01,716] Trial 16 pruned. 
[I 2026-07-13 13:31:02,618] Trial 17 pruned. 
[I 2026-07-13 13:31:03,650] Trial 18 pruned. 
[I 2026-07-13 13:31:04,216] Trial 19 pruned. 
[I 2026-07-13 13:31:05,633] Trial 20 pruned. 
[I 2026-07-13 13:31:07,646] Trial 21 pruned. 
[I 2026-07-13 13:31:08,508] Trial 22 pruned. 
[I 2026-07-13 13:31:12,093] Trial 23 pruned. 
[I 2026-07-13 13:31:14,334] Trial 24 pruned. 
[I 2026-07-13 13:31:15,976] Trial 25 pruned. 
[I 2026-07-13 13:31:16,906] Trial 26 pruned. 
[I 2026-07-13 13:31:17,701] Trial 27 pruned. 
[I 2026-07-13 13:31:19,578] Trial 28 pruned. 
[I 2026-07-13 13:31:21,291] Trial 29 pruned. 
[I 2026-07-13 13:31:23,100] Trial 30 pruned. 
[I 2026-07-13 13:31:23,616] Trial 31 pruned. 
[I 2026-07-13 13:31:24,423] Trial 32 pruned. 
[I 2026-07-13 13:31:25,081] Trial 33 pruned. 
[I 2026-07-13 13:31:27,652] Trial 34 pruned. 
[I 2026-07-13 13:31:28,828] Trial 35 pruned. 
[I 2026-07-13 13:31:30,594] Trial 36 pruned. 
[I 2026-07-13 13:31:31,284] Trial 37 pruned. 
[I 2026-07-13 13:31:31,792] Trial 38 pruned. 
[I 2026-07-13 13:31:32,249] Trial 39 pruned. 
[I 2026-07-13 13:31:32,356] Trial 40 pruned. 
[I 2026-07-13 13:31:34,696] Trial 41 pruned. 
[I 2026-07-13 13:31:35,603] Trial 42 pruned. 
[I 2026-07-13 13:31:36,804] Trial 43 pruned. 
[I 2026-07-13 13:31:38,263] Trial 44 pruned. 
[I 2026-07-13 13:31:38,816] Trial 45 pruned. 
[I 2026-07-13 13:31:39,006] Trial 46 pruned. 
[I 2026-07-13 13:31:40,421] Trial 47 pruned. 
[I 2026-07-13 13:31:41,310] Trial 48 pruned. 
[I 2026-07-13 13:31:41,867] Trial 49 pruned. 
[I 2026-07-13 13:31:45,348] Trial 50 pruned. 
[I 2026-07-13 13:31:46,950] Trial 51 pruned. 
[I 2026-07-13 13:31:48,608] Trial 52 pruned. 
[I 2026-07-13 13:31:49,535] Trial 53 pruned. 
[I 2026-07-13 13:31:51,230] Trial 54 pruned. 
[I 2026-07-13 13:31:52,116] Trial 55 pruned. 
[I 2026-07-13 13:31:53,047] Trial 56 pruned. 
[I 2026-07-13 13:31:54,323] Trial 57 pruned. 
[I 2026-07-13 13:31:54,497] Trial 58 pruned. 
[I 2026-07-13 13:31:55,403] Trial 59 pruned. 
[I 2026-07-13 13:31:55,940] Trial 60 pruned. 
[I 2026-07-13 13:31:57,427] Trial 61 pruned. 
[I 2026-07-13 13:31:58,407] Trial 62 pruned. 
[I 2026-07-13 13:31:59,703] Trial 63 pruned. 
[I 2026-07-13 13:32:01,338] Trial 64 pruned. 
[I 2026-07-13 13:32:03,095] Trial 65 pruned. 
[I 2026-07-13 13:32:05,560] Trial 66 pruned. 
[I 2026-07-13 13:32:06,767] Trial 67 pruned. 
[I 2026-07-13 13:32:08,133] Trial 68 pruned. 
[I 2026-07-13 13:32:09,508] Trial 69 pruned. 
[I 2026-07-13 13:32:11,183] Trial 70 pruned. 
[I 2026-07-13 13:32:12,752] Trial 71 pruned. 
[I 2026-07-13 13:32:14,463] Trial 72 pruned. 
[I 2026-07-13 13:32:14,831] Trial 73 pruned. 
[I 2026-07-13 13:32:16,157] Trial 74 pruned. 
[I 2026-07-13 13:32:19,072] Trial 75 pruned. 
[I 2026-07-13 13:32:20,668] Trial 76 pruned. 
[I 2026-07-13 13:32:22,300] Trial 77 pruned. 
[I 2026-07-13 13:32:22,595] Trial 78 pruned. 
[I 2026-07-13 13:32:24,155] Trial 79 pruned. 
[I 2026-07-13 13:32:24,278] Trial 80 pruned. 
[I 2026-07-13 13:32:25,276] Trial 81 pruned. 
[I 2026-07-13 13:32:28,944] Trial 82 pruned. 
[I 2026-07-13 13:32:29,361] Trial 83 pruned. 
[I 2026-07-13 13:32:29,635] Trial 84 pruned. 
[I 2026-07-13 13:32:30,650] Trial 85 pruned. 
[I 2026-07-13 13:32:30,864] Trial 86 pruned. 
[I 2026-07-13 13:32:32,579] Trial 87 pruned. 
[I 2026-07-13 13:32:33,983] Trial 88 pruned. 
[I 2026-07-13 13:32:35,018] Trial 89 pruned. 
[I 2026-07-13 13:32:35,746] Trial 90 pruned. 
[I 2026-07-13 13:32:36,580] Trial 91 pruned. 
[I 2026-07-13 13:32:37,225] Trial 92 pruned. 
[I 2026-07-13 13:32:38,407] Trial 93 pruned. 
[I 2026-07-13 13:32:39,734] Trial 94 pruned. 
[I 2026-07-13 13:32:41,729] Trial 95 pruned. 
[I 2026-07-13 13:32:42,484] Trial 96 pruned. 
[I 2026-07-13 13:32:45,034] Trial 97 pruned. 
[I 2026-07-13 13:32:46,552] Trial 98 pruned. 
[I 2026-07-13 13:32:47,963] Trial 99 pruned. 
[I 2026-07-13 13:32:49,502] Trial 100 pruned. 
[I 2026-07-13 13:32:50,812] Trial 101 pruned. 
[I 2026-07-13 13:32:52,444] Trial 102 pruned. 
[I 2026-07-13 13:32:53,552] Trial 103 pruned. 
[I 2026-07-13 13:32:54,570] Trial 104 pruned. 
[I 2026-07-13 13:32:55,704] Trial 105 pruned. 
[I 2026-07-13 13:32:56,842] Trial 106 pruned. 
[I 2026-07-13 13:32:57,715] Trial 107 pruned. 
[I 2026-07-13 13:32:58,621] Trial 108 pruned. 
[I 2026-07-13 13:32:59,607] Trial 109 pruned. 
[I 2026-07-13 13:33:01,503] Trial 110 pruned. 
[I 2026-07-13 13:33:03,003] Trial 111 pruned. 
[I 2026-07-13 13:33:03,921] Trial 112 pruned. 
[I 2026-07-13 13:33:04,379] Trial 113 pruned. 
[I 2026-07-13 13:33:04,714] Trial 114 pruned. 
[I 2026-07-13 13:33:05,729] Trial 115 pruned. 
[I 2026-07-13 13:33:06,120] Trial 116 pruned. 
[I 2026-07-13 13:33:06,644] Trial 117 pruned. 
[I 2026-07-13 13:33:07,079] Trial 118 pruned. 
[I 2026-07-13 13:33:11,339] Trial 119 pruned. 
[I 2026-07-13 13:33:11,489] Trial 120 pruned. 
[I 2026-07-13 13:33:12,293] Trial 121 pruned. 
[I 2026-07-13 13:33:14,969] Trial 122 pruned. 
[I 2026-07-13 13:33:15,825] Trial 123 pruned. 
[I 2026-07-13 13:33:16,918] Trial 124 pruned. 
[I 2026-07-13 13:33:20,244] Trial 125 pruned. 
[I 2026-07-13 13:33:20,911] Trial 126 pruned. 
[I 2026-07-13 13:33:22,227] Trial 127 pruned. 
[I 2026-07-13 13:33:22,549] Trial 128 pruned. 
[I 2026-07-13 13:33:27,721] Trial 129 finished with values: [-5800.830008132446, -35278.200558428754, 35.599999999999994] and parameters: {'sl_soft': 0.2761825395544649, 'sl_hard_delta': 0.29387908213208025, 'tp': 0.44997233306224615, 'gate_pct': 99.4309621818079, 'dd_limit': 0.2043192187719212, 'cooldown': 0, 'flip': False, 'en_ema_trend': True, 'ema_trend_fast': 279, 'ema_trend_slow': 279, 'en_sma_trend': False, 'sma_trend_fast': 108, 'sma_trend_slow': 306, 'en_macd': False, 'macd_fast': 59, 'macd_slow': 126, 'macd_signal': 39, 'en_vwap': False, 'en_keltner': True, 'keltner_n': 186, 'keltner_m': 1.2000000000000002, 'en_obv': False, 'obv_slope': 119, 'en_cci': False, 'cci_n': 160, 'cci_threshold': 30, 'en_rsi': True, 'rsi_n': 77, 'rsi_lower': 43, 'rsi_upper': 85, 'en_stochastic': False, 'stochastic_n': 88, 'stochastic_d': 41, 'stochastic_lower': 2, 'stochastic_upper': 91, 'en_mfi': True, 'mfi_n': 54, 'mfi_lower': 38, 'mfi_upper': 72, 'en_bollinger': True, 'bollinger_n': 138, 'bollinger_k': 4.1, 'en_adx': False, 'adx_n': 46, 'adx_threshold': 28, 'en_structure_trend': True, 'structure_trend_swing_l': 6, 'en_order_block': False, 'order_block_swing_l': 9, 'en_fvg': True, 'fvg_lookback': 3, 'en_ifvg': False, 'en_breaker': True, 'breaker_swing_l': 20, 'en_cisd': False, 'k': 4, 'en_cap_bars': False, 'cap_1min': 311}.
[I 2026-07-13 13:33:32,153] Trial 130 pruned. 
[I 2026-07-13 13:33:33,827] Trial 131 pruned. 
[I 2026-07-13 13:33:35,845] Trial 132 pruned. 
[I 2026-07-13 13:33:36,278] Trial 133 pruned. 
[I 2026-07-13 13:33:36,922] Trial 134 pruned. 
[I 2026-07-13 13:33:38,772] Trial 135 pruned. 
[I 2026-07-13 13:33:42,979] Trial 136 pruned. 
[I 2026-07-13 13:33:44,061] Trial 137 pruned. 
[I 2026-07-13 13:33:44,734] Trial 138 pruned. 
[I 2026-07-13 13:33:46,569] Trial 139 pruned. 
[I 2026-07-13 13:33:48,676] Trial 140 pruned. 
[I 2026-07-13 13:33:49,719] Trial 141 pruned. 
[I 2026-07-13 13:33:51,813] Trial 142 pruned. 
[I 2026-07-13 13:33:55,464] Trial 143 pruned. 
[I 2026-07-13 13:33:57,653] Trial 144 pruned. 
[I 2026-07-13 13:33:58,664] Trial 145 pruned. 
[I 2026-07-13 13:33:59,199] Trial 146 pruned. 
[I 2026-07-13 13:34:01,543] Trial 147 pruned. 
[I 2026-07-13 13:34:02,566] Trial 148 pruned. 
[I 2026-07-13 13:34:03,474] Trial 149 pruned. 
[I 2026-07-13 13:34:04,725] Trial 150 pruned. 
[I 2026-07-13 13:34:05,695] Trial 151 pruned. 
[I 2026-07-13 13:34:07,124] Trial 152 pruned. 
[I 2026-07-13 13:34:08,032] Trial 153 pruned. 
[I 2026-07-13 13:34:09,553] Trial 154 pruned. 
[I 2026-07-13 13:34:11,039] Trial 155 pruned. 
[I 2026-07-13 13:34:12,410] Trial 156 pruned. 
[I 2026-07-13 13:34:12,956] Trial 157 pruned. 
[I 2026-07-13 13:34:13,386] Trial 158 pruned. 
[I 2026-07-13 13:34:15,140] Trial 159 pruned. 
[I 2026-07-13 13:34:15,255] Trial 160 pruned. 
[I 2026-07-13 13:34:17,496] Trial 161 pruned. 
[I 2026-07-13 13:34:17,781] Trial 162 pruned. 
[I 2026-07-13 13:34:18,960] Trial 163 pruned. 
[I 2026-07-13 13:34:19,542] Trial 164 pruned. 
[I 2026-07-13 13:34:20,573] Trial 165 pruned. 
[I 2026-07-13 13:34:21,857] Trial 166 pruned. 
[I 2026-07-13 13:34:23,370] Trial 167 pruned. 
[I 2026-07-13 13:34:24,211] Trial 168 pruned. 
[I 2026-07-13 13:34:24,948] Trial 169 pruned. 
[I 2026-07-13 13:34:25,379] Trial 170 pruned. 
[I 2026-07-13 13:34:26,103] Trial 171 pruned. 
[I 2026-07-13 13:34:27,215] Trial 172 pruned. 
[I 2026-07-13 13:34:28,814] Trial 173 pruned. 
[I 2026-07-13 13:34:29,732] Trial 174 pruned. 
[I 2026-07-13 13:34:31,778] Trial 175 pruned. 
[I 2026-07-13 13:34:32,731] Trial 176 pruned. 
[I 2026-07-13 13:34:33,953] Trial 177 pruned. 
[I 2026-07-13 13:34:34,958] Trial 178 pruned. 
[I 2026-07-13 13:34:35,760] Trial 179 pruned. 
[I 2026-07-13 13:34:38,120] Trial 180 finished with values: [1281.1134008000372, -13442.578963247735, 50.5] and parameters: {'sl_soft': 0.29212654101002455, 'sl_hard_delta': 0.22514957031411884, 'tp': 0.3240760715957907, 'gate_pct': 98.72479828405353, 'dd_limit': 9.628020027635628, 'cooldown': 1, 'flip': True, 'en_ema_trend': True, 'ema_trend_fast': 81, 'ema_trend_slow': 391, 'en_sma_trend': True, 'sma_trend_fast': 382, 'sma_trend_slow': 115, 'en_macd': True, 'macd_fast': 10, 'macd_slow': 23, 'macd_signal': 71, 'en_vwap': False, 'en_keltner': False, 'keltner_n': 146, 'keltner_m': 2.3, 'en_obv': False, 'obv_slope': 105, 'en_cci': True, 'cci_n': 67, 'cci_threshold': 30, 'en_rsi': False, 'rsi_n': 71, 'rsi_lower': 8, 'rsi_upper': 59, 'en_stochastic': False, 'stochastic_n': 71, 'stochastic_d': 41, 'stochastic_lower': 2, 'stochastic_upper': 79, 'en_mfi': False, 'mfi_n': 94, 'mfi_lower': 43, 'mfi_upper': 66, 'en_bollinger': True, 'bollinger_n': 37, 'bollinger_k': 3.7, 'en_adx': False, 'adx_n': 53, 'adx_threshold': 43, 'en_structure_trend': True, 'structure_trend_swing_l': 16, 'en_order_block': False, 'order_block_swing_l': 19, 'en_fvg': True, 'fvg_lookback': 20, 'en_ifvg': False, 'en_breaker': True, 'breaker_swing_l': 7, 'en_cisd': True, 'k': 5, 'en_cap_bars': True, 'cap_1min': 686}.
[I 2026-07-13 13:34:39,147] Trial 181 pruned. 
[I 2026-07-13 13:34:40,851] Trial 182 pruned. 
[I 2026-07-13 13:34:41,682] Trial 183 pruned. 
[I 2026-07-13 13:34:42,633] Trial 184 pruned. 
[I 2026-07-13 13:34:44,102] Trial 185 pruned. 
[I 2026-07-13 13:34:45,202] Trial 186 pruned. 
[I 2026-07-13 13:34:48,420] Trial 187 pruned. 
[I 2026-07-13 13:34:49,307] Trial 188 pruned. 
[I 2026-07-13 13:34:49,966] Trial 189 pruned. 
[I 2026-07-13 13:34:50,965] Trial 190 pruned. 
[I 2026-07-13 13:34:52,854] Trial 191 pruned. 
[I 2026-07-13 13:34:54,507] Trial 192 pruned. 
[I 2026-07-13 13:34:54,947] Trial 193 pruned. 
[I 2026-07-13 13:34:56,420] Trial 194 pruned. 
[I 2026-07-13 13:35:00,235] Trial 195 pruned. 
[I 2026-07-13 13:35:01,135] Trial 196 pruned. 
[I 2026-07-13 13:35:03,330] Trial 197 pruned. 
[I 2026-07-13 13:35:04,206] Trial 198 pruned. 
[I 2026-07-13 13:35:09,272] Trial 199 pruned. 
[I 2026-07-13 13:35:09,386] Trial 200 pruned. 
[I 2026-07-13 13:35:11,361] Trial 201 pruned. 
[I 2026-07-13 13:35:12,295] Trial 202 pruned. 
[I 2026-07-13 13:35:14,058] Trial 203 pruned. 
[I 2026-07-13 13:35:15,780] Trial 204 pruned. 
[I 2026-07-13 13:35:17,669] Trial 205 pruned. 
[I 2026-07-13 13:35:18,664] Trial 206 pruned. 
[I 2026-07-13 13:35:19,991] Trial 207 pruned. 
[I 2026-07-13 13:35:21,293] Trial 208 pruned. 
[I 2026-07-13 13:35:21,817] Trial 209 pruned. 
[I 2026-07-13 13:35:25,629] Trial 210 finished with values: [-3427.202597757175, -13206.65170870295, 69.35] and parameters: {'sl_soft': 0.13732328803298635, 'sl_hard_delta': 0.26421131528892555, 'tp': 0.07167801453229218, 'gate_pct': 93.79805140335328, 'dd_limit': 0.5242871576912017, 'cooldown': 0, 'flip': True, 'en_ema_trend': False, 'ema_trend_fast': 77, 'ema_trend_slow': 100, 'en_sma_trend': False, 'sma_trend_fast': 289, 'sma_trend_slow': 290, 'en_macd': True, 'macd_fast': 2, 'macd_slow': 132, 'macd_signal': 19, 'en_vwap': True, 'en_keltner': True, 'keltner_n': 72, 'keltner_m': 3.0, 'en_obv': True, 'obv_slope': 93, 'en_cci': False, 'cci_n': 51, 'cci_threshold': 265, 'en_rsi': False, 'rsi_n': 66, 'rsi_lower': 15, 'rsi_upper': 54, 'en_stochastic': False, 'stochastic_n': 6, 'stochastic_d': 20, 'stochastic_lower': 21, 'stochastic_upper': 69, 'en_mfi': False, 'mfi_n': 51, 'mfi_lower': 27, 'mfi_upper': 80, 'en_bollinger': False, 'bollinger_n': 86, 'bollinger_k': 2.4000000000000004, 'en_adx': False, 'adx_n': 98, 'adx_threshold': 27, 'en_structure_trend': False, 'structure_trend_swing_l': 4, 'en_order_block': False, 'order_block_swing_l': 18, 'en_fvg': True, 'fvg_lookback': 14, 'en_ifvg': False, 'en_breaker': False, 'breaker_swing_l': 20, 'en_cisd': False, 'k': 4, 'en_cap_bars': True, 'cap_1min': 693}.
[I 2026-07-13 13:35:26,946] Trial 211 pruned. 
[I 2026-07-13 13:35:27,236] Trial 212 pruned. 
[I 2026-07-13 13:35:29,431] Trial 213 pruned. 
[I 2026-07-13 13:35:31,353] Trial 214 pruned. 
[I 2026-07-13 13:35:32,027] Trial 215 pruned. 
[I 2026-07-13 13:35:32,515] Trial 216 pruned. 
[I 2026-07-13 13:35:32,969] Trial 217 pruned. 
[I 2026-07-13 13:35:35,773] Trial 218 pruned. 
[I 2026-07-13 13:35:36,701] Trial 219 pruned. 
[I 2026-07-13 13:35:37,170] Trial 220 pruned. 
[I 2026-07-13 13:35:38,252] Trial 221 pruned. 
[I 2026-07-13 13:35:39,472] Trial 222 pruned. 
[I 2026-07-13 13:35:40,686] Trial 223 pruned. 
[I 2026-07-13 13:35:41,208] Trial 224 pruned. 
[I 2026-07-13 13:35:44,096] Trial 225 pruned. 
[I 2026-07-13 13:35:44,498] Trial 226 pruned. 
[I 2026-07-13 13:35:45,477] Trial 227 pruned. 
[I 2026-07-13 13:35:46,622] Trial 228 pruned. 
[I 2026-07-13 13:35:48,201] Trial 229 pruned. 
[I 2026-07-13 13:35:49,058] Trial 230 pruned. 
[I 2026-07-13 13:35:50,348] Trial 231 pruned. 
[I 2026-07-13 13:35:51,428] Trial 232 pruned. 
[I 2026-07-13 13:35:52,894] Trial 233 pruned. 
[I 2026-07-13 13:35:53,434] Trial 234 pruned. 
[I 2026-07-13 13:35:54,704] Trial 235 pruned. 
[I 2026-07-13 13:35:55,824] Trial 236 pruned. 
[I 2026-07-13 13:35:56,948] Trial 237 pruned. 
[I 2026-07-13 13:35:58,205] Trial 238 pruned. 
[I 2026-07-13 13:35:59,657] Trial 239 pruned. 
[I 2026-07-13 13:35:59,814] Trial 240 pruned. 
[I 2026-07-13 13:36:01,556] Trial 241 pruned. 
[I 2026-07-13 13:36:02,817] Trial 242 pruned. 
[I 2026-07-13 13:36:04,215] Trial 243 pruned. 
[I 2026-07-13 13:36:05,642] Trial 244 pruned. 
[I 2026-07-13 13:36:06,198] Trial 245 pruned. 
[I 2026-07-13 13:36:07,937] Trial 246 pruned. 
[I 2026-07-13 13:36:09,923] Trial 247 pruned. 
[I 2026-07-13 13:36:10,447] Trial 248 pruned. 
[I 2026-07-13 13:36:11,496] Trial 249 pruned. 
[I 2026-07-13 13:36:13,206] Trial 250 pruned. 
[I 2026-07-13 13:36:15,179] Trial 251 pruned. 
[I 2026-07-13 13:36:16,200] Trial 252 pruned. 
[I 2026-07-13 13:36:17,609] Trial 253 pruned. 
[I 2026-07-13 13:36:18,878] Trial 254 pruned. 
[I 2026-07-13 13:36:19,842] Trial 255 pruned. 
[I 2026-07-13 13:36:20,056] Trial 256 pruned. 
[I 2026-07-13 13:36:20,841] Trial 257 pruned. 
[I 2026-07-13 13:36:24,886] Trial 258 pruned. 
[I 2026-07-13 13:36:25,182] Trial 259 pruned. 
[I 2026-07-13 13:36:25,779] Trial 260 pruned. 
[I 2026-07-13 13:36:27,422] Trial 261 pruned. 
[I 2026-07-13 13:36:28,707] Trial 262 pruned. 
[I 2026-07-13 13:36:30,566] Trial 263 pruned. 
[I 2026-07-13 13:36:31,364] Trial 264 pruned. 
[I 2026-07-13 13:36:32,131] Trial 265 pruned. 
[I 2026-07-13 13:36:32,339] Trial 266 pruned. 
[I 2026-07-13 13:36:33,843] Trial 267 pruned. 
[I 2026-07-13 13:36:35,721] Trial 268 pruned. 
[I 2026-07-13 13:36:37,075] Trial 269 pruned. 
[I 2026-07-13 13:36:37,699] Trial 270 pruned. 
[I 2026-07-13 13:36:38,827] Trial 271 pruned. 
[I 2026-07-13 13:36:43,326] Trial 272 pruned. 
[I 2026-07-13 13:36:44,189] Trial 273 pruned. 
[I 2026-07-13 13:36:45,500] Trial 274 pruned. 
[I 2026-07-13 13:36:46,623] Trial 275 pruned. 
[I 2026-07-13 13:36:48,421] Trial 276 pruned. 
[I 2026-07-13 13:36:49,551] Trial 277 pruned. 
[I 2026-07-13 13:36:50,172] Trial 278 pruned. 
[I 2026-07-13 13:36:50,886] Trial 279 pruned. 
[I 2026-07-13 13:36:51,018] Trial 280 pruned. 
[I 2026-07-13 13:36:51,588] Trial 281 pruned. 
[I 2026-07-13 13:36:52,532] Trial 282 pruned. 
[I 2026-07-13 13:36:53,559] Trial 283 pruned. 
[I 2026-07-13 13:36:55,109] Trial 284 pruned. 
[I 2026-07-13 13:36:56,513] Trial 285 pruned. 
[I 2026-07-13 13:36:58,407] Trial 286 pruned. 
[I 2026-07-13 13:36:59,753] Trial 287 pruned. 
[I 2026-07-13 13:37:13,474] Trial 288 finished with values: [-2675.2998755982744, -10092.781664527414, 49.05] and parameters: {'sl_soft': 0.2961248960737997, 'sl_hard_delta': 0.02242318619864618, 'tp': 0.28279213584883744, 'gate_pct': 98.67302380660169, 'dd_limit': 3.021375135532224, 'cooldown': 0, 'flip': False, 'en_ema_trend': False, 'ema_trend_fast': 279, 'ema_trend_slow': 125, 'en_sma_trend': True, 'sma_trend_fast': 334, 'sma_trend_slow': 268, 'en_macd': True, 'macd_fast': 18, 'macd_slow': 91, 'macd_signal': 65, 'en_vwap': True, 'en_keltner': True, 'keltner_n': 153, 'keltner_m': 2.8000000000000003, 'en_obv': False, 'obv_slope': 165, 'en_cci': True, 'cci_n': 100, 'cci_threshold': 125, 'en_rsi': True, 'rsi_n': 71, 'rsi_lower': 18, 'rsi_upper': 94, 'en_stochastic': True, 'stochastic_n': 52, 'stochastic_d': 22, 'stochastic_lower': 14, 'stochastic_upper': 93, 'en_mfi': True, 'mfi_n': 62, 'mfi_lower': 25, 'mfi_upper': 97, 'en_bollinger': False, 'bollinger_n': 7, 'bollinger_k': 1.0, 'en_adx': False, 'adx_n': 12, 'adx_threshold': 17, 'en_structure_trend': False, 'structure_trend_swing_l': 3, 'en_order_block': True, 'order_block_swing_l': 3, 'en_fvg': True, 'fvg_lookback': 18, 'en_ifvg': True, 'en_breaker': True, 'breaker_swing_l': 16, 'en_cisd': False, 'k': 1, 'en_cap_bars': True, 'cap_1min': 1243}.
[I 2026-07-13 13:37:14,396] Trial 289 pruned. 
[I 2026-07-13 13:37:15,269] Trial 290 pruned. 
[I 2026-07-13 13:37:16,416] Trial 291 pruned. 
[I 2026-07-13 13:37:17,351] Trial 292 pruned. 
[I 2026-07-13 13:37:18,011] Trial 293 pruned. 
[I 2026-07-13 13:37:22,884] Trial 294 pruned. 
[I 2026-07-13 13:37:25,507] Trial 295 pruned. 
[I 2026-07-13 13:37:26,353] Trial 296 pruned. 
[I 2026-07-13 13:37:27,200] Trial 297 pruned. 
[I 2026-07-13 13:37:28,059] Trial 298 pruned. 
[I 2026-07-13 13:37:28,870] Trial 299 pruned. 
[I 2026-07-13 13:37:29,578] Trial 300 pruned. 
[I 2026-07-13 13:37:30,907] Trial 301 pruned. 
[I 2026-07-13 13:37:32,099] Trial 302 pruned. 
[I 2026-07-13 13:37:33,192] Trial 303 pruned. 
[I 2026-07-13 13:37:35,814] Trial 304 pruned. 
[I 2026-07-13 13:37:38,005] Trial 305 pruned. 
[I 2026-07-13 13:37:40,167] Trial 306 pruned. 
[I 2026-07-13 13:37:42,514] Trial 307 pruned. 
[I 2026-07-13 13:37:43,962] Trial 308 pruned. 
[I 2026-07-13 13:37:47,572] Trial 309 finished with values: [1601.1205879764377, -12465.250580519867, 29.0] and parameters: {'sl_soft': 0.07495145835141874, 'sl_hard_delta': 0.060216365744100955, 'tp': 0.33573588931769177, 'gate_pct': 97.28704165170988, 'dd_limit': 0.7627381108845042, 'cooldown': 2, 'flip': False, 'en_ema_trend': False, 'ema_trend_fast': 197, 'ema_trend_slow': 304, 'en_sma_trend': False, 'sma_trend_fast': 360, 'sma_trend_slow': 35, 'en_macd': True, 'macd_fast': 80, 'macd_slow': 161, 'macd_signal': 18, 'en_vwap': True, 'en_keltner': True, 'keltner_n': 123, 'keltner_m': 3.5, 'en_obv': True, 'obv_slope': 25, 'en_cci': False, 'cci_n': 54, 'cci_threshold': 300, 'en_rsi': False, 'rsi_n': 100, 'rsi_lower': 1, 'rsi_upper': 81, 'en_stochastic': False, 'stochastic_n': 62, 'stochastic_d': 2, 'stochastic_lower': 40, 'stochastic_upper': 57, 'en_mfi': False, 'mfi_n': 11, 'mfi_lower': 44, 'mfi_upper': 54, 'en_bollinger': False, 'bollinger_n': 197, 'bollinger_k': 2.7, 'en_adx': False, 'adx_n': 35, 'adx_threshold': 35, 'en_structure_trend': True, 'structure_trend_swing_l': 9, 'en_order_block': True, 'order_block_swing_l': 13, 'en_fvg': False, 'fvg_lookback': 24, 'en_ifvg': False, 'en_breaker': True, 'breaker_swing_l': 8, 'en_cisd': False, 'k': 3, 'en_cap_bars': False, 'cap_1min': 591}.
[I 2026-07-13 13:37:49,106] Trial 310 pruned. 
[I 2026-07-13 13:37:51,379] Trial 311 pruned. 
[I 2026-07-13 13:37:52,478] Trial 312 pruned. 
[I 2026-07-13 13:37:53,824] Trial 313 pruned. 
