[I 2026-07-13 14:55:41,017] Trial 3819 finished with values: [-1489.6062274011606, -9192.913732245386, 79.6] and parameters: {'sl_soft': 0.29406552811412545, 'sl_hard_delta': 0.37829453785567446, 'tp': 0.08440287559182014, 'gate_pct': 99.16215050807807, 'dd_limit': 0.6062953539401272, 'cooldown': 2, 'flip': False, 'en_ema_trend': True, 'ema_trend_fast': 270, 'ema_trend_slow': 377, 'en_sma_trend': False, 'sma_trend_fast': 120, 'sma_trend_slow': 200, 'en_macd': True, 'macd_fast': 78, 'macd_slow': 106, 'macd_signal': 22, 'en_vwap': True, 'en_keltner': True, 'keltner_n': 59, 'keltner_m': 4.8, 'en_obv': True, 'obv_slope': 61, 'en_cci': True, 'cci_n': 21, 'cci_threshold': 45, 'en_rsi': True, 'rsi_n': 93, 'rsi_lower': 30, 'rsi_upper': 70, 'en_stochastic': False, 'stochastic_n': 61, 'stochastic_d': 45, 'stochastic_lower': 42, 'stochastic_upper': 54, 'en_mfi': True, 'mfi_n': 29, 'mfi_lower': 22, 'mfi_upper': 84, 'en_bollinger': False, 'bollinger_n': 54, 'bollinger_k': 1.7000000000000002, 'en_adx': False, 'adx_n': 30, 'adx_threshold': 24, 'en_structure_trend': True, 'structure_trend_swing_l': 17, 'en_order_block': False, 'order_block_swing_l': 11, 'en_fvg': True, 'fvg_lookback': 9, 'en_ifvg': False, 'en_breaker': True, 'breaker_swing_l': 19, 'en_cisd': True, 'k': 4, 'en_cap_bars': False, 'cap_1min': 1250}.
[I 2026-07-13 14:55:44,507] Trial 3820 finished with values: [-473.1325655243345, -32244.119327507062, 62.45] and parameters: {'sl_soft': 0.29406552811412545, 'sl_hard_delta': 0.26350679747876377, 'tp': 0.14518538625129632, 'gate_pct': 97.87184393359011, 'dd_limit': 3.177401405918999, 'cooldown': 2, 'flip': False, 'en_ema_trend': True, 'ema_trend_fast': 363, 'ema_trend_slow': 112, 'en_sma_trend': True, 'sma_trend_fast': 44, 'sma_trend_slow': 200, 'en_macd': True, 'macd_fast': 16, 'macd_slow': 168, 'macd_signal': 43, 'en_vwap': True, 'en_keltner': True, 'keltner_n': 24, 'keltner_m': 2.3, 'en_obv': False, 'obv_slope': 61, 'en_cci': True, 'cci_n': 20, 'cci_threshold': 250, 'en_rsi': True, 'rsi_n': 93, 'rsi_lower': 30, 'rsi_upper': 71, 'en_stochastic': False, 'stochastic_n': 95, 'stochastic_d': 40, 'stochastic_lower': 25, 'stochastic_upper': 79, 'en_mfi': False, 'mfi_n': 52, 'mfi_lower': 2, 'mfi_upper': 56, 'en_bollinger': False, 'bollinger_n': 149, 'bollinger_k': 2.6, 'en_adx': False, 'adx_n': 77, 'adx_threshold': 44, 'en_structure_trend': True, 'structure_trend_swing_l': 17, 'en_order_block': True, 'order_block_swing_l': 11, 'en_fvg': False, 'fvg_lookback': 7, 'en_ifvg': False, 'en_breaker': True, 'breaker_swing_l': 14, 'en_cisd': False, 'k': 4, 'en_cap_bars': False, 'cap_1min': 535}.
[I 2026-07-13 14:55:44,959] Trial 3821 finished with values: [746.0171610644288, -11742.090247036716, 41.75] and parameters: {'sl_soft': 0.12406282734192264, 'sl_hard_delta': 0.008770405026788016, 'tp': 0.2431031899526056, 'gate_pct': 95.4952585196385, 'dd_limit': 6.7928516530416, 'cooldown': 1, 'flip': False, 'en_ema_trend': False, 'ema_trend_fast': 318, 'ema_trend_slow': 152, 'en_sma_trend': True, 'sma_trend_fast': 313, 'sma_trend_slow': 233, 'en_macd': False, 'macd_fast': 12, 'macd_slow': 114, 'macd_signal': 16, 'en_vwap': False, 'en_keltner': True, 'keltner_n': 66, 'keltner_m': 0.7, 'en_obv': False, 'obv_slope': 128, 'en_cci': True, 'cci_n': 13, 'cci_threshold': 120, 'en_rsi': True, 'rsi_n': 53, 'rsi_lower': 29, 'rsi_upper': 76, 'en_stochastic': False, 'stochastic_n': 54, 'stochastic_d': 5, 'stochastic_lower': 16, 'stochastic_upper': 67, 'en_mfi': False, 'mfi_n': 20, 'mfi_lower': 24, 'mfi_upper': 88, 'en_bollinger': True, 'bollinger_n': 195, 'bollinger_k': 4.1, 'en_adx': False, 'adx_n': 76, 'adx_threshold': 41, 'en_structure_trend': False, 'structure_trend_swing_l': 4, 'en_order_block': True, 'order_block_swing_l': 18, 'en_fvg': False, 'fvg_lookback': 26, 'en_ifvg': False, 'en_breaker': True, 'breaker_swing_l': 8, 'en_cisd': False, 'k': 3, 'en_cap_bars': True, 'cap_1min': 833}.
[I 2026-07-13 14:55:45,853] Trial 3822 pruned. 
[I 2026-07-13 14:55:52,596] Trial 3823 finished with values: [-2419.4942282698935, -10774.01463191528, 29.8] and parameters: {'sl_soft': 0.17299259093013, 'sl_hard_delta': 0.10840870068056514, 'tp': 0.39000122297835543, 'gate_pct': 98.21870877115913, 'dd_limit': 0.8350241645118831, 'cooldown': 2, 'flip': False, 'en_ema_trend': True, 'ema_trend_fast': 83, 'ema_trend_slow': 2, 'en_sma_trend': False, 'sma_trend_fast': 322, 'sma_trend_slow': 262, 'en_macd': True, 'macd_fast': 12, 'macd_slow': 150, 'macd_signal': 42, 'en_vwap': False, 'en_keltner': False, 'keltner_n': 26, 'keltner_m': 3.6, 'en_obv': True, 'obv_slope': 18, 'en_cci': True, 'cci_n': 165, 'cci_threshold': 160, 'en_rsi': False, 'rsi_n': 27, 'rsi_lower': 10, 'rsi_upper': 76, 'en_stochastic': True, 'stochastic_n': 78, 'stochastic_d': 29, 'stochastic_lower': 7, 'stochastic_upper': 57, 'en_mfi': False, 'mfi_n': 28, 'mfi_lower': 5, 'mfi_upper': 70, 'en_bollinger': False, 'bollinger_n': 90, 'bollinger_k': 3.8000000000000003, 'en_adx': False, 'adx_n': 56, 'adx_threshold': 11, 'en_structure_trend': False, 'structure_trend_swing_l': 1, 'en_order_block': False, 'order_block_swing_l': 13, 'en_fvg': False, 'fvg_lookback': 24, 'en_ifvg': True, 'en_breaker': True, 'breaker_swing_l': 11, 'en_cisd': False, 'k': 1, 'en_cap_bars': True, 'cap_1min': 591}.
[I 2026-07-13 14:55:53,340] Trial 3824 finished with values: [-461.59125185369044, -4474.091251853878, 68.45] and parameters: {'sl_soft': 0.16996140481300154, 'sl_hard_delta': 0.3817260073301948, 'tp': 0.07629543740731591, 'gate_pct': 99.4732844060646, 'dd_limit': 3.764472083874483, 'cooldown': 1, 'flip': False, 'en_ema_trend': True, 'ema_trend_fast': 149, 'ema_trend_slow': 84, 'en_sma_trend': True, 'sma_trend_fast': 372, 'sma_trend_slow': 309, 'en_macd': True, 'macd_fast': 6, 'macd_slow': 43, 'macd_signal': 6, 'en_vwap': True, 'en_keltner': False, 'keltner_n': 42, 'keltner_m': 4.2, 'en_obv': True, 'obv_slope': 161, 'en_cci': False, 'cci_n': 55, 'cci_threshold': 245, 'en_rsi': False, 'rsi_n': 25, 'rsi_lower': 4, 'rsi_upper': 76, 'en_stochastic': False, 'stochastic_n': 72, 'stochastic_d': 31, 'stochastic_lower': 49, 'stochastic_upper': 80, 'en_mfi': True, 'mfi_n': 54, 'mfi_lower': 49, 'mfi_upper': 57, 'en_bollinger': False, 'bollinger_n': 171, 'bollinger_k': 4.7, 'en_adx': False, 'adx_n': 78, 'adx_threshold': 40, 'en_structure_trend': True, 'structure_trend_swing_l': 1, 'en_order_block': True, 'order_block_swing_l': 18, 'en_fvg': True, 'fvg_lookback': 47, 'en_ifvg': False, 'en_breaker': False, 'breaker_swing_l': 10, 'en_cisd': True, 'k': 4, 'en_cap_bars': True, 'cap_1min': 436}.
[I 2026-07-13 14:55:53,547] Trial 3825 pruned. 
[I 2026-07-13 14:55:56,499] Trial 3826 pruned. 
[I 2026-07-13 14:55:59,048] Trial 3827 finished with values: [1851.6542399933298, -3364.7274487154973, 62.6] and parameters: {'sl_soft': 0.17299259093013, 'sl_hard_delta': 0.26350679747876377, 'tp': 0.15809231644429605, 'gate_pct': 98.21870877115913, 'dd_limit': 0.6062953539401272, 'cooldown': 2, 'flip': False, 'en_ema_trend': True, 'ema_trend_fast': 38, 'ema_trend_slow': 377, 'en_sma_trend': False, 'sma_trend_fast': 322, 'sma_trend_slow': 157, 'en_macd': True, 'macd_fast': 11, 'macd_slow': 134, 'macd_signal': 21, 'en_vwap': False, 'en_keltner': False, 'keltner_n': 102, 'keltner_m': 1.3, 'en_obv': True, 'obv_slope': 82, 'en_cci': True, 'cci_n': 107, 'cci_threshold': 220, 'en_rsi': False, 'rsi_n': 93, 'rsi_lower': 46, 'rsi_upper': 65, 'en_stochastic': False, 'stochastic_n': 53, 'stochastic_d': 30, 'stochastic_lower': 7, 'stochastic_upper': 74, 'en_mfi': True, 'mfi_n': 19, 'mfi_lower': 22, 'mfi_upper': 70, 'en_bollinger': False, 'bollinger_n': 120, 'bollinger_k': 4.5, 'en_adx': False, 'adx_n': 85, 'adx_threshold': 43, 'en_structure_trend': False, 'structure_trend_swing_l': 1, 'en_order_block': False, 'order_block_swing_l': 19, 'en_fvg': True, 'fvg_lookback': 34, 'en_ifvg': False, 'en_breaker': False, 'breaker_swing_l': 8, 'en_cisd': False, 'k': 4, 'en_cap_bars': False, 'cap_1min': 219}.
[I 2026-07-13 14:55:59,679] Trial 3828 pruned. 
[I 2026-07-13 14:56:07,613] Trial 3829 finished with values: [-1489.88152791853, -13567.43501598544, 42.35] and parameters: {'sl_soft': 0.17299259093013, 'sl_hard_delta': 0.26350679747876377, 'tp': 0.30673158080295904, 'gate_pct': 98.21870877115913, 'dd_limit': 0.6062953539401272, 'cooldown': 1, 'flip': False, 'en_ema_trend': False, 'ema_trend_fast': 195, 'ema_trend_slow': 60, 'en_sma_trend': False, 'sma_trend_fast': 313, 'sma_trend_slow': 157, 'en_macd': True, 'macd_fast': 10, 'macd_slow': 72, 'macd_signal': 57, 'en_vwap': False, 'en_keltner': True, 'keltner_n': 24, 'keltner_m': 1.3, 'en_obv': True, 'obv_slope': 61, 'en_cci': True, 'cci_n': 107, 'cci_threshold': 250, 'en_rsi': True, 'rsi_n': 93, 'rsi_lower': 47, 'rsi_upper': 66, 'en_stochastic': True, 'stochastic_n': 95, 'stochastic_d': 28, 'stochastic_lower': 42, 'stochastic_upper': 98, 'en_mfi': False, 'mfi_n': 35, 'mfi_lower': 22, 'mfi_upper': 80, 'en_bollinger': False, 'bollinger_n': 120, 'bollinger_k': 2.0, 'en_adx': False, 'adx_n': 91, 'adx_threshold': 24, 'en_structure_trend': False, 'structure_trend_swing_l': 17, 'en_order_block': True, 'order_block_swing_l': 11, 'en_fvg': True, 'fvg_lookback': 19, 'en_ifvg': False, 'en_breaker': True, 'breaker_swing_l': 10, 'en_cisd': False, 'k': 4, 'en_cap_bars': False, 'cap_1min': 1250}.
[I 2026-07-13 14:56:12,598] Trial 3830 finished with values: [1397.2327781931613, -27271.576313196703, 60.35] and parameters: {'sl_soft': 0.16996140481300154, 'sl_hard_delta': 0.3817260073301948, 'tp': 0.14518538625129632, 'gate_pct': 97.87184393359011, 'dd_limit': 3.764472083874483, 'cooldown': 1, 'flip': False, 'en_ema_trend': True, 'ema_trend_fast': 79, 'ema_trend_slow': 100, 'en_sma_trend': True, 'sma_trend_fast': 247, 'sma_trend_slow': 200, 'en_macd': True, 'macd_fast': 68, 'macd_slow': 72, 'macd_signal': 76, 'en_vwap': False, 'en_keltner': True, 'keltner_n': 42, 'keltner_m': 4.7, 'en_obv': True, 'obv_slope': 198, 'en_cci': True, 'cci_n': 142, 'cci_threshold': 135, 'en_rsi': True, 'rsi_n': 58, 'rsi_lower': 30, 'rsi_upper': 76, 'en_stochastic': False, 'stochastic_n': 8, 'stochastic_d': 31, 'stochastic_lower': 10, 'stochastic_upper': 91, 'en_mfi': False, 'mfi_n': 56, 'mfi_lower': 16, 'mfi_upper': 73, 'en_bollinger': False, 'bollinger_n': 149, 'bollinger_k': 2.8000000000000003, 'en_adx': False, 'adx_n': 50, 'adx_threshold': 24, 'en_structure_trend': True, 'structure_trend_swing_l': 17, 'en_order_block': True, 'order_block_swing_l': 19, 'en_fvg': True, 'fvg_lookback': 7, 'en_ifvg': False, 'en_breaker': True, 'breaker_swing_l': 6, 'en_cisd': False, 'k': 4, 'en_cap_bars': True, 'cap_1min': 1250}.
[I 2026-07-13 14:56:15,550] Trial 3831 pruned. 
[I 2026-07-13 14:56:16,016] Trial 3832 finished with values: [1084.6578055484101, -3029.659690743962, 75.55] and parameters: {'sl_soft': 0.15918195032780505, 'sl_hard_delta': 0.3817260073301948, 'tp': 0.07629543740731591, 'gate_pct': 99.80126570295228, 'dd_limit': 3.764472083874483, 'cooldown': 1, 'flip': False, 'en_ema_trend': True, 'ema_trend_fast': 367, 'ema_trend_slow': 100, 'en_sma_trend': True, 'sma_trend_fast': 372, 'sma_trend_slow': 283, 'en_macd': True, 'macd_fast': 12, 'macd_slow': 43, 'macd_signal': 76, 'en_vwap': True, 'en_keltner': False, 'keltner_n': 89, 'keltner_m': 2.8000000000000003, 'en_obv': True, 'obv_slope': 52, 'en_cci': True, 'cci_n': 92, 'cci_threshold': 35, 'en_rsi': False, 'rsi_n': 75, 'rsi_lower': 30, 'rsi_upper': 76, 'en_stochastic': False, 'stochastic_n': 8, 'stochastic_d': 31, 'stochastic_lower': 10, 'stochastic_upper': 89, 'en_mfi': True, 'mfi_n': 56, 'mfi_lower': 45, 'mfi_upper': 84, 'en_bollinger': False, 'bollinger_n': 120, 'bollinger_k': 1.2000000000000002, 'en_adx': False, 'adx_n': 20, 'adx_threshold': 27, 'en_structure_trend': False, 'structure_trend_swing_l': 1, 'en_order_block': False, 'order_block_swing_l': 19, 'en_fvg': True, 'fvg_lookback': 19, 'en_ifvg': True, 'en_breaker': True, 'breaker_swing_l': 19, 'en_cisd': True, 'k': 4, 'en_cap_bars': True, 'cap_1min': 852}.
[I 2026-07-13 14:56:19,001] Trial 3833 finished with values: [1843.5075257896292, -12222.759598480943, 45.6] and parameters: {'sl_soft': 0.29406552811412545, 'sl_hard_delta': 0.018770643401268352, 'tp': 0.3322153223243982, 'gate_pct': 98.58299891691806, 'dd_limit': 3.177401405918999, 'cooldown': 2, 'flip': False, 'en_ema_trend': False, 'ema_trend_fast': 126, 'ema_trend_slow': 304, 'en_sma_trend': False, 'sma_trend_fast': 360, 'sma_trend_slow': 310, 'en_macd': True, 'macd_fast': 80, 'macd_slow': 145, 'macd_signal': 45, 'en_vwap': True, 'en_keltner': True, 'keltner_n': 123, 'keltner_m': 3.1, 'en_obv': True, 'obv_slope': 18, 'en_cci': True, 'cci_n': 165, 'cci_threshold': 65, 'en_rsi': False, 'rsi_n': 97, 'rsi_lower': 43, 'rsi_upper': 64, 'en_stochastic': False, 'stochastic_n': 95, 'stochastic_d': 28, 'stochastic_lower': 42, 'stochastic_upper': 57, 'en_mfi': False, 'mfi_n': 11, 'mfi_lower': 22, 'mfi_upper': 54, 'en_bollinger': False, 'bollinger_n': 56, 'bollinger_k': 2.7, 'en_adx': False, 'adx_n': 59, 'adx_threshold': 24, 'en_structure_trend': True, 'structure_trend_swing_l': 9, 'en_order_block': True, 'order_block_swing_l': 11, 'en_fvg': True, 'fvg_lookback': 24, 'en_ifvg': False, 'en_breaker': True, 'breaker_swing_l': 8, 'en_cisd': False, 'k': 4, 'en_cap_bars': False, 'cap_1min': 591}.
[I 2026-07-13 14:56:29,346] Trial 3834 finished with values: [1710.68418702891, -4752.184254025096, 54.45] and parameters: {'sl_soft': 0.17299259093013, 'sl_hard_delta': 0.14809162487386876, 'tp': 0.30673158080295904, 'gate_pct': 98.21870877115913, 'dd_limit': 6.5154853630492955, 'cooldown': 0, 'flip': False, 'en_ema_trend': True, 'ema_trend_fast': 97, 'ema_trend_slow': 212, 'en_sma_trend': False, 'sma_trend_fast': 265, 'sma_trend_slow': 157, 'en_macd': True, 'macd_fast': 18, 'macd_slow': 127, 'macd_signal': 21, 'en_vwap': False, 'en_keltner': True, 'keltner_n': 48, 'keltner_m': 0.7, 'en_obv': True, 'obv_slope': 92, 'en_cci': False, 'cci_n': 107, 'cci_threshold': 290, 'en_rsi': True, 'rsi_n': 16, 'rsi_lower': 28, 'rsi_upper': 90, 'en_stochastic': True, 'stochastic_n': 82, 'stochastic_d': 30, 'stochastic_lower': 21, 'stochastic_upper': 98, 'en_mfi': True, 'mfi_n': 35, 'mfi_lower': 27, 'mfi_upper': 80, 'en_bollinger': False, 'bollinger_n': 69, 'bollinger_k': 1.7000000000000002, 'en_adx': False, 'adx_n': 91, 'adx_threshold': 17, 'en_structure_trend': False, 'structure_trend_swing_l': 15, 'en_order_block': True, 'order_block_swing_l': 20, 'en_fvg': True, 'fvg_lookback': 24, 'en_ifvg': True, 'en_breaker': False, 'breaker_swing_l': 10, 'en_cisd': True, 'k': 4, 'en_cap_bars': True, 'cap_1min': 219}.
[I 2026-07-13 14:56:29,919] Trial 3835 pruned. 
[I 2026-07-13 14:56:31,123] Trial 3836 pruned. 
[I 2026-07-13 14:56:33,883] Trial 3837 finished with values: [-153.45215071091593, -9279.19943800774, 39.4] and parameters: {'sl_soft': 0.17299259093013, 'sl_hard_delta': 0.14809162487386876, 'tp': 0.2431031899526056, 'gate_pct': 98.21870877115913, 'dd_limit': 0.8350241645118831, 'cooldown': 0, 'flip': False, 'en_ema_trend': True, 'ema_trend_fast': 38, 'ema_trend_slow': 152, 'en_sma_trend': True, 'sma_trend_fast': 313, 'sma_trend_slow': 50, 'en_macd': True, 'macd_fast': 12, 'macd_slow': 134, 'macd_signal': 16, 'en_vwap': False, 'en_keltner': True, 'keltner_n': 79, 'keltner_m': 1.3, 'en_obv': False, 'obv_slope': 128, 'en_cci': True, 'cci_n': 13, 'cci_threshold': 45, 'en_rsi': True, 'rsi_n': 56, 'rsi_lower': 47, 'rsi_upper': 76, 'en_stochastic': False, 'stochastic_n': 54, 'stochastic_d': 5, 'stochastic_lower': 16, 'stochastic_upper': 78, 'en_mfi': True, 'mfi_n': 35, 'mfi_lower': 5, 'mfi_upper': 51, 'en_bollinger': False, 'bollinger_n': 195, 'bollinger_k': 3.8000000000000003, 'en_adx': False, 'adx_n': 76, 'adx_threshold': 17, 'en_structure_trend': False, 'structure_trend_swing_l': 15, 'en_order_block': False, 'order_block_swing_l': 12, 'en_fvg': False, 'fvg_lookback': 24, 'en_ifvg': False, 'en_breaker': False, 'breaker_swing_l': 8, 'en_cisd': False, 'k': 3, 'en_cap_bars': False, 'cap_1min': 833}.
[I 2026-07-13 14:56:34,667] Trial 3838 finished with values: [4482.925543112035, -4532.551946563359, 78.94999999999999] and parameters: {'sl_soft': 0.17833830668719855, 'sl_hard_delta': 0.14809162487386876, 'tp': 0.0859209336931621, 'gate_pct': 99.4732844060646, 'dd_limit': 0.8350241645118831, 'cooldown': 1, 'flip': False, 'en_ema_trend': False, 'ema_trend_fast': 149, 'ema_trend_slow': 60, 'en_sma_trend': True, 'sma_trend_fast': 322, 'sma_trend_slow': 233, 'en_macd': True, 'macd_fast': 52, 'macd_slow': 134, 'macd_signal': 42, 'en_vwap': False, 'en_keltner': False, 'keltner_n': 26, 'keltner_m': 4.2, 'en_obv': True, 'obv_slope': 161, 'en_cci': True, 'cci_n': 38, 'cci_threshold': 120, 'en_rsi': True, 'rsi_n': 25, 'rsi_lower': 4, 'rsi_upper': 72, 'en_stochastic': False, 'stochastic_n': 54, 'stochastic_d': 30, 'stochastic_lower': 49, 'stochastic_upper': 74, 'en_mfi': False, 'mfi_n': 54, 'mfi_lower': 24, 'mfi_upper': 70, 'en_bollinger': True, 'bollinger_n': 171, 'bollinger_k': 3.8000000000000003, 'en_adx': False, 'adx_n': 78, 'adx_threshold': 41, 'en_structure_trend': False, 'structure_trend_swing_l': 1, 'en_order_block': True, 'order_block_swing_l': 12, 'en_fvg': True, 'fvg_lookback': 47, 'en_ifvg': False, 'en_breaker': True, 'breaker_swing_l': 1, 'en_cisd': True, 'k': 1, 'en_cap_bars': True, 'cap_1min': 436}.
[I 2026-07-13 14:56:37,304] Trial 3839 pruned. 
[I 2026-07-13 14:56:38,505] Trial 3840 finished with values: [5168.770062208149, -10915.505772819219, 72.4] and parameters: {'sl_soft': 0.29406552811412545, 'sl_hard_delta': 0.26350679747876377, 'tp': 0.15809231644429605, 'gate_pct': 97.87184393359011, 'dd_limit': 0.6062953539401272, 'cooldown': 1, 'flip': False, 'en_ema_trend': True, 'ema_trend_fast': 302, 'ema_trend_slow': 377, 'en_sma_trend': True, 'sma_trend_fast': 397, 'sma_trend_slow': 22, 'en_macd': True, 'macd_fast': 11, 'macd_slow': 23, 'macd_signal': 71, 'en_vwap': True, 'en_keltner': True, 'keltner_n': 126, 'keltner_m': 1.3, 'en_obv': True, 'obv_slope': 61, 'en_cci': True, 'cci_n': 86, 'cci_threshold': 250, 'en_rsi': False, 'rsi_n': 93, 'rsi_lower': 46, 'rsi_upper': 66, 'en_stochastic': False, 'stochastic_n': 95, 'stochastic_d': 28, 'stochastic_lower': 42, 'stochastic_upper': 96, 'en_mfi': False, 'mfi_n': 19, 'mfi_lower': 22, 'mfi_upper': 99, 'en_bollinger': False, 'bollinger_n': 149, 'bollinger_k': 4.5, 'en_adx': False, 'adx_n': 53, 'adx_threshold': 43, 'en_structure_trend': False, 'structure_trend_swing_l': 16, 'en_order_block': True, 'order_block_swing_l': 19, 'en_fvg': True, 'fvg_lookback': 34, 'en_ifvg': False, 'en_breaker': False, 'breaker_swing_l': 6, 'en_cisd': False, 'k': 5, 'en_cap_bars': False, 'cap_1min': 1250}.
[I 2026-07-13 14:56:44,915] Trial 3841 finished with values: [-1478.5651714741377, -7241.65761869159, 67.5] and parameters: {'sl_soft': 0.29406552811412545, 'sl_hard_delta': 0.26350679747876377, 'tp': 0.14518538625129632, 'gate_pct': 99.4732844060646, 'dd_limit': 4.17581929961137, 'cooldown': 0, 'flip': False, 'en_ema_trend': True, 'ema_trend_fast': 195, 'ema_trend_slow': 212, 'en_sma_trend': True, 'sma_trend_fast': 44, 'sma_trend_slow': 309, 'en_macd': True, 'macd_fast': 6, 'macd_slow': 72, 'macd_signal': 98, 'en_vwap': True, 'en_keltner': True, 'keltner_n': 102, 'keltner_m': 0.7, 'en_obv': True, 'obv_slope': 61, 'en_cci': False, 'cci_n': 92, 'cci_threshold': 245, 'en_rsi': True, 'rsi_n': 93, 'rsi_lower': 4, 'rsi_upper': 66, 'en_stochastic': False, 'stochastic_n': 95, 'stochastic_d': 28, 'stochastic_lower': 42, 'stochastic_upper': 89, 'en_mfi': True, 'mfi_n': 54, 'mfi_lower': 22, 'mfi_upper': 73, 'en_bollinger': False, 'bollinger_n': 171, 'bollinger_k': 2.8000000000000003, 'en_adx': False, 'adx_n': 20, 'adx_threshold': 40, 'en_structure_trend': False, 'structure_trend_swing_l': 1, 'en_order_block': False, 'order_block_swing_l': 18, 'en_fvg': True, 'fvg_lookback': 47, 'en_ifvg': False, 'en_breaker': True, 'breaker_swing_l': 6, 'en_cisd': True, 'k': 4, 'en_cap_bars': False, 'cap_1min': 1250}.
[I 2026-07-13 14:56:46,237] Trial 3842 finished with values: [-1133.2323072458905, -15233.661501598519, 66.85] and parameters: {'sl_soft': 0.17833830668719855, 'sl_hard_delta': 0.26350679747876377, 'tp': 0.0859209336931621, 'gate_pct': 97.69004509735414, 'dd_limit': 0.6062953539401272, 'cooldown': 1, 'flip': False, 'en_ema_trend': True, 'ema_trend_fast': 76, 'ema_trend_slow': 377, 'en_sma_trend': True, 'sma_trend_fast': 397, 'sma_trend_slow': 22, 'en_macd': True, 'macd_fast': 11, 'macd_slow': 23, 'macd_signal': 71, 'en_vwap': True, 'en_keltner': True, 'keltner_n': 126, 'keltner_m': 1.3, 'en_obv': True, 'obv_slope': 61, 'en_cci': True, 'cci_n': 86, 'cci_threshold': 120, 'en_rsi': False, 'rsi_n': 25, 'rsi_lower': 46, 'rsi_upper': 66, 'en_stochastic': False, 'stochastic_n': 29, 'stochastic_d': 40, 'stochastic_lower': 42, 'stochastic_upper': 75, 'en_mfi': False, 'mfi_n': 28, 'mfi_lower': 22, 'mfi_upper': 99, 'en_bollinger': True, 'bollinger_n': 149, 'bollinger_k': 2.7, 'en_adx': False, 'adx_n': 78, 'adx_threshold': 43, 'en_structure_trend': False, 'structure_trend_swing_l': 16, 'en_order_block': True, 'order_block_swing_l': 18, 'en_fvg': False, 'fvg_lookback': 34, 'en_ifvg': False, 'en_breaker': False, 'breaker_swing_l': 11, 'en_cisd': False, 'k': 5, 'en_cap_bars': False, 'cap_1min': 481}.
