[I 2026-07-13 13:52:10,088] Trial 1058 finished with values: [558.5115639726014, -10003.56930598787, 46.9] and parameters: {'sl_soft': 0.13431813838467005, 'sl_hard_delta': 0.2202411050086086, 'tp': 0.18940042050809186, 'gate_pct': 98.88498594560426, 'dd_limit': 8.680487348400282, 'cooldown': 0, 'flip': False, 'en_ema_trend': False, 'ema_trend_fast': 7, 'ema_trend_slow': 85, 'en_sma_trend': True, 'sma_trend_fast': 310, 'sma_trend_slow': 298, 'en_macd': False, 'macd_fast': 72, 'macd_slow': 182, 'macd_signal': 18, 'en_vwap': True, 'en_keltner': True, 'keltner_n': 153, 'keltner_m': 2.3, 'en_obv': True, 'obv_slope': 107, 'en_cci': True, 'cci_n': 107, 'cci_threshold': 245, 'en_rsi': True, 'rsi_n': 66, 'rsi_lower': 16, 'rsi_upper': 53, 'en_stochastic': False, 'stochastic_n': 44, 'stochastic_d': 43, 'stochastic_lower': 16, 'stochastic_upper': 90, 'en_mfi': True, 'mfi_n': 28, 'mfi_lower': 23, 'mfi_upper': 77, 'en_bollinger': True, 'bollinger_n': 136, 'bollinger_k': 2.8000000000000003, 'en_adx': False, 'adx_n': 98, 'adx_threshold': 28, 'en_structure_trend': False, 'structure_trend_swing_l': 8, 'en_order_block': False, 'order_block_swing_l': 9, 'en_fvg': True, 'fvg_lookback': 5, 'en_ifvg': True, 'en_breaker': True, 'breaker_swing_l': 8, 'en_cisd': False, 'k': 3, 'en_cap_bars': False, 'cap_1min': 1245}.
[I 2026-07-13 13:52:11,439] Trial 1059 pruned. 
[I 2026-07-13 13:52:11,699] Trial 1060 pruned. 
[I 2026-07-13 13:52:13,721] Trial 1061 pruned. 
[I 2026-07-13 13:52:14,377] Trial 1062 pruned. 
[I 2026-07-13 13:52:17,871] Trial 1063 pruned. 
[I 2026-07-13 13:52:19,950] Trial 1064 pruned. 
[I 2026-07-13 13:52:21,886] Trial 1065 pruned. 
[I 2026-07-13 13:52:23,440] Trial 1066 pruned. 
[I 2026-07-13 13:52:24,799] Trial 1067 pruned. 
[I 2026-07-13 13:52:25,577] Trial 1068 pruned. 
[I 2026-07-13 13:52:26,442] Trial 1069 pruned. 
[I 2026-07-13 13:52:26,993] Trial 1070 pruned. 
[I 2026-07-13 13:52:28,030] Trial 1071 pruned. 
[I 2026-07-13 13:52:29,582] Trial 1072 pruned. 
[I 2026-07-13 13:52:31,294] Trial 1073 pruned. 
[I 2026-07-13 13:52:32,994] Trial 1074 pruned. 
[I 2026-07-13 13:52:34,055] Trial 1075 pruned. 
[I 2026-07-13 13:52:38,779] Trial 1076 pruned. 
[I 2026-07-13 13:52:40,373] Trial 1077 pruned. 
[I 2026-07-13 13:52:41,708] Trial 1078 pruned. 
[I 2026-07-13 13:52:42,854] Trial 1079 pruned. 
[I 2026-07-13 13:52:43,217] Trial 1080 pruned. 
[I 2026-07-13 13:52:45,024] Trial 1081 pruned. 
[I 2026-07-13 13:52:46,615] Trial 1082 pruned. 
[I 2026-07-13 13:52:47,321] Trial 1083 pruned. 
[I 2026-07-13 13:52:49,286] Trial 1084 pruned. 
[I 2026-07-13 13:52:50,158] Trial 1085 pruned. 
[I 2026-07-13 13:52:52,064] Trial 1086 pruned. 
[I 2026-07-13 13:52:53,672] Trial 1087 pruned. 
[I 2026-07-13 13:52:54,337] Trial 1088 pruned. 
[I 2026-07-13 13:52:55,211] Trial 1089 pruned. 
[I 2026-07-13 13:52:57,322] Trial 1090 pruned. 
[I 2026-07-13 13:52:58,830] Trial 1091 pruned. 
[I 2026-07-13 13:53:01,378] Trial 1092 pruned. 
[I 2026-07-13 13:53:03,299] Trial 1093 pruned. 
[I 2026-07-13 13:53:03,754] Trial 1094 pruned. 
[I 2026-07-13 13:53:04,205] Trial 1095 pruned. 
[I 2026-07-13 13:53:04,781] Trial 1096 pruned. 
[I 2026-07-13 13:53:06,247] Trial 1097 pruned. 
[I 2026-07-13 13:53:06,740] Trial 1098 pruned. 
[I 2026-07-13 13:53:08,006] Trial 1099 pruned. 
[I 2026-07-13 13:53:08,839] Trial 1100 pruned. 
[I 2026-07-13 13:53:09,221] Trial 1101 pruned. 
[I 2026-07-13 13:53:10,512] Trial 1102 pruned. 
[I 2026-07-13 13:53:11,560] Trial 1103 pruned. 
[I 2026-07-13 13:53:12,218] Trial 1104 pruned. 
[I 2026-07-13 13:53:14,110] Trial 1105 pruned. 
[I 2026-07-13 13:53:14,920] Trial 1106 pruned. 
[I 2026-07-13 13:53:16,830] Trial 1107 pruned. 
[I 2026-07-13 13:53:17,774] Trial 1108 pruned. 
[I 2026-07-13 13:53:25,987] Trial 1109 finished with values: [-1628.0455155109767, -4924.999999999962, 43.2] and parameters: {'sl_soft': 0.1825369287635301, 'sl_hard_delta': 0.07476760027168673, 'tp': 0.2317825634835397, 'gate_pct': 98.53979262246727, 'dd_limit': 2.9227482783465675, 'cooldown': 1, 'flip': True, 'en_ema_trend': True, 'ema_trend_fast': 318, 'ema_trend_slow': 270, 'en_sma_trend': True, 'sma_trend_fast': 74, 'sma_trend_slow': 12, 'en_macd': False, 'macd_fast': 60, 'macd_slow': 55, 'macd_signal': 34, 'en_vwap': True, 'en_keltner': True, 'keltner_n': 27, 'keltner_m': 1.8, 'en_obv': True, 'obv_slope': 92, 'en_cci': False, 'cci_n': 152, 'cci_threshold': 180, 'en_rsi': True, 'rsi_n': 26, 'rsi_lower': 39, 'rsi_upper': 88, 'en_stochastic': True, 'stochastic_n': 12, 'stochastic_d': 10, 'stochastic_lower': 30, 'stochastic_upper': 84, 'en_mfi': False, 'mfi_n': 59, 'mfi_lower': 46, 'mfi_upper': 81, 'en_bollinger': False, 'bollinger_n': 68, 'bollinger_k': 3.5, 'en_adx': False, 'adx_n': 81, 'adx_threshold': 32, 'en_structure_trend': False, 'structure_trend_swing_l': 6, 'en_order_block': True, 'order_block_swing_l': 7, 'en_fvg': True, 'fvg_lookback': 25, 'en_ifvg': True, 'en_breaker': False, 'breaker_swing_l': 9, 'en_cisd': False, 'k': 3, 'en_cap_bars': True, 'cap_1min': 1007}.
[I 2026-07-13 13:53:27,877] Trial 1110 pruned. 
[I 2026-07-13 13:53:28,832] Trial 1111 pruned. 
[I 2026-07-13 13:53:30,615] Trial 1112 pruned. 
[I 2026-07-13 13:53:32,043] Trial 1113 pruned. 
[I 2026-07-13 13:53:32,926] Trial 1114 pruned. 
[I 2026-07-13 13:53:33,471] Trial 1115 pruned. 
[I 2026-07-13 13:53:34,456] Trial 1116 pruned. 
[I 2026-07-13 13:53:35,203] Trial 1117 pruned. 
[I 2026-07-13 13:53:36,502] Trial 1118 pruned. 
[I 2026-07-13 13:53:37,850] Trial 1119 pruned. 
[I 2026-07-13 13:53:38,125] Trial 1120 pruned. 
[I 2026-07-13 13:53:40,139] Trial 1121 pruned. 
[I 2026-07-13 13:53:41,891] Trial 1122 pruned. 
[I 2026-07-13 13:53:42,469] Trial 1123 pruned. 
[I 2026-07-13 13:53:43,659] Trial 1124 pruned. 
[I 2026-07-13 13:53:44,984] Trial 1125 pruned. 
[I 2026-07-13 13:53:47,279] Trial 1126 pruned. 
[I 2026-07-13 13:53:48,375] Trial 1127 pruned. 
[I 2026-07-13 13:53:48,865] Trial 1128 pruned. 
[I 2026-07-13 13:53:49,798] Trial 1129 pruned. 
[I 2026-07-13 13:53:51,145] Trial 1130 pruned. 
[I 2026-07-13 13:53:52,400] Trial 1131 pruned. 
[I 2026-07-13 13:53:53,076] Trial 1132 pruned. 
[I 2026-07-13 13:53:54,169] Trial 1133 pruned. 
[I 2026-07-13 13:53:56,084] Trial 1134 pruned. 
[I 2026-07-13 13:53:57,815] Trial 1135 pruned. 
[I 2026-07-13 13:53:58,894] Trial 1136 pruned. 
[I 2026-07-13 13:53:59,319] Trial 1137 pruned. 
[I 2026-07-13 13:54:01,350] Trial 1138 pruned. 
[I 2026-07-13 13:54:01,609] Trial 1139 pruned. 
[I 2026-07-13 13:54:03,937] Trial 1140 pruned. 
[I 2026-07-13 13:54:04,854] Trial 1141 pruned. 
[I 2026-07-13 13:54:05,831] Trial 1142 pruned. 
[I 2026-07-13 13:54:06,538] Trial 1143 pruned. 
[I 2026-07-13 13:54:08,452] Trial 1144 pruned. 
[I 2026-07-13 13:54:11,615] Trial 1145 pruned. 
[I 2026-07-13 13:54:14,186] Trial 1146 pruned. 
[I 2026-07-13 13:54:15,590] Trial 1147 pruned. 
[I 2026-07-13 13:54:16,075] Trial 1148 pruned. 
[I 2026-07-13 13:54:18,143] Trial 1149 pruned. 
[I 2026-07-13 13:54:20,938] Trial 1150 pruned. 
[I 2026-07-13 13:54:21,694] Trial 1151 pruned. 
[I 2026-07-13 13:54:24,077] Trial 1152 pruned. 
[I 2026-07-13 13:54:24,626] Trial 1153 pruned. 
[I 2026-07-13 13:54:24,818] Trial 1154 pruned. 
[I 2026-07-13 13:54:26,329] Trial 1155 pruned. 
[I 2026-07-13 13:54:27,761] Trial 1156 pruned. 
[I 2026-07-13 13:54:28,096] Trial 1157 pruned. 
[I 2026-07-13 13:54:29,197] Trial 1158 pruned. 
[I 2026-07-13 13:54:30,450] Trial 1159 pruned. 
[I 2026-07-13 13:54:30,646] Trial 1160 pruned. 
[I 2026-07-13 13:54:32,146] Trial 1161 pruned. 
[I 2026-07-13 13:54:34,533] Trial 1162 pruned. 
[I 2026-07-13 13:54:36,449] Trial 1163 pruned. 
[I 2026-07-13 13:54:37,425] Trial 1164 pruned. 
[I 2026-07-13 13:54:38,489] Trial 1165 pruned. 
[I 2026-07-13 13:54:40,710] Trial 1166 pruned. 
[I 2026-07-13 13:54:42,199] Trial 1167 pruned. 
[I 2026-07-13 13:54:44,401] Trial 1168 pruned. 
[I 2026-07-13 13:54:45,129] Trial 1169 pruned. 
[I 2026-07-13 13:54:46,939] Trial 1170 pruned. 
[I 2026-07-13 13:54:48,387] Trial 1171 pruned. 
[I 2026-07-13 13:54:49,527] Trial 1172 pruned. 
[I 2026-07-13 13:54:50,494] Trial 1173 pruned. 
[I 2026-07-13 13:54:51,644] Trial 1174 pruned. 
[I 2026-07-13 13:54:53,014] Trial 1175 pruned. 
[I 2026-07-13 13:54:53,892] Trial 1176 pruned. 
[I 2026-07-13 13:54:57,253] Trial 1177 pruned. 
[I 2026-07-13 13:54:59,421] Trial 1178 pruned. 
[I 2026-07-13 13:54:59,783] Trial 1179 pruned. 
[I 2026-07-13 13:55:00,783] Trial 1180 pruned. 
[I 2026-07-13 13:55:02,626] Trial 1181 pruned. 
[I 2026-07-13 13:55:06,001] Trial 1182 pruned. 
[I 2026-07-13 13:55:06,366] Trial 1183 pruned. 
[I 2026-07-13 13:55:07,326] Trial 1184 pruned. 
[I 2026-07-13 13:55:07,689] Trial 1185 pruned. 
[I 2026-07-13 13:55:08,717] Trial 1186 pruned. 
[I 2026-07-13 13:55:08,967] Trial 1187 pruned. 
[I 2026-07-13 13:55:11,068] Trial 1188 pruned. 
[I 2026-07-13 13:55:12,185] Trial 1189 pruned. 
[I 2026-07-13 13:55:13,444] Trial 1190 pruned. 
[I 2026-07-13 13:55:14,613] Trial 1191 pruned. 
[I 2026-07-13 13:55:15,432] Trial 1192 pruned. 
[I 2026-07-13 13:55:16,499] Trial 1193 pruned. 
[I 2026-07-13 13:55:18,474] Trial 1194 pruned. 
[I 2026-07-13 13:55:20,035] Trial 1195 pruned. 
[I 2026-07-13 13:55:20,965] Trial 1196 pruned. 
[I 2026-07-13 13:55:22,827] Trial 1197 pruned. 
[I 2026-07-13 13:55:23,854] Trial 1198 pruned. 
[I 2026-07-13 13:55:25,652] Trial 1199 pruned. 
[I 2026-07-13 13:55:25,799] Trial 1200 pruned. 
[I 2026-07-13 13:55:26,204] Trial 1201 pruned. 
[I 2026-07-13 13:55:27,219] Trial 1202 pruned. 
[I 2026-07-13 13:55:28,086] Trial 1203 pruned. 
[I 2026-07-13 13:55:29,191] Trial 1204 pruned. 
[I 2026-07-13 13:55:30,415] Trial 1205 pruned. 
[I 2026-07-13 13:55:31,734] Trial 1206 pruned. 
[I 2026-07-13 13:55:32,986] Trial 1207 pruned. 
[I 2026-07-13 13:55:34,761] Trial 1208 pruned. 
[I 2026-07-13 13:55:36,109] Trial 1209 pruned. 
[I 2026-07-13 13:55:38,077] Trial 1210 pruned. 
[I 2026-07-13 13:55:38,734] Trial 1211 pruned. 
[I 2026-07-13 13:55:39,832] Trial 1212 pruned. 
[I 2026-07-13 13:55:41,316] Trial 1213 pruned. 
[I 2026-07-13 13:55:42,349] Trial 1214 pruned. 
[I 2026-07-13 13:55:44,055] Trial 1215 pruned. 
[I 2026-07-13 13:55:44,718] Trial 1216 pruned. 
[I 2026-07-13 13:55:46,463] Trial 1217 pruned. 
[I 2026-07-13 13:55:47,125] Trial 1218 pruned. 
[I 2026-07-13 13:55:48,396] Trial 1219 pruned. 
[I 2026-07-13 13:55:49,933] Trial 1220 pruned. 
[I 2026-07-13 13:55:51,072] Trial 1221 pruned. 
[I 2026-07-13 13:55:51,662] Trial 1222 pruned. 
[I 2026-07-13 13:55:54,260] Trial 1223 pruned. 
[I 2026-07-13 13:55:55,251] Trial 1224 pruned. 
[I 2026-07-13 13:55:56,178] Trial 1225 pruned. 
[I 2026-07-13 13:55:57,191] Trial 1226 pruned. 
[I 2026-07-13 13:55:58,569] Trial 1227 pruned. 
[I 2026-07-13 13:55:59,496] Trial 1228 pruned. 
[I 2026-07-13 13:56:00,552] Trial 1229 pruned. 
[I 2026-07-13 13:56:01,553] Trial 1230 pruned. 
[I 2026-07-13 13:56:02,713] Trial 1231 pruned. 
[I 2026-07-13 13:56:03,960] Trial 1232 pruned. 
[I 2026-07-13 13:56:04,437] Trial 1233 pruned. 
[I 2026-07-13 13:56:06,566] Trial 1234 pruned. 
[I 2026-07-13 13:56:07,735] Trial 1235 pruned. 
[I 2026-07-13 13:56:09,129] Trial 1236 pruned. 
[I 2026-07-13 13:56:09,976] Trial 1237 pruned. 
[I 2026-07-13 13:56:10,875] Trial 1238 pruned. 
[I 2026-07-13 13:56:11,647] Trial 1239 pruned. 
[I 2026-07-13 13:56:11,933] Trial 1240 pruned. 
[I 2026-07-13 13:56:12,783] Trial 1241 pruned. 
[I 2026-07-13 13:56:15,288] Trial 1242 pruned. 
[I 2026-07-13 13:56:15,676] Trial 1243 pruned. 
[I 2026-07-13 13:56:18,246] Trial 1244 pruned. 
[I 2026-07-13 13:56:18,755] Trial 1245 pruned. 
[I 2026-07-13 13:56:19,343] Trial 1246 pruned. 
[I 2026-07-13 13:56:19,844] Trial 1247 pruned. 
[I 2026-07-13 13:56:20,404] Trial 1248 pruned. 
[I 2026-07-13 13:56:21,841] Trial 1249 pruned. 
[I 2026-07-13 13:56:22,128] Trial 1250 pruned. 
[I 2026-07-13 13:56:22,834] Trial 1251 pruned. 
[I 2026-07-13 13:56:24,425] Trial 1252 pruned. 
[I 2026-07-13 13:56:25,598] Trial 1253 pruned. 
[I 2026-07-13 13:56:26,375] Trial 1254 pruned. 
[I 2026-07-13 13:56:27,429] Trial 1255 pruned. 
[I 2026-07-13 13:56:28,464] Trial 1256 pruned. 
[I 2026-07-13 13:56:28,711] Trial 1257 pruned. 
[I 2026-07-13 13:56:29,649] Trial 1258 pruned. 
[I 2026-07-13 13:56:32,053] Trial 1259 pruned. 
[I 2026-07-13 13:56:32,585] Trial 1260 pruned. 
[I 2026-07-13 13:56:34,469] Trial 1261 pruned. 
[I 2026-07-13 13:56:35,625] Trial 1262 pruned. 
[I 2026-07-13 13:56:36,687] Trial 1263 pruned. 
[I 2026-07-13 13:56:36,915] Trial 1264 pruned. 
[I 2026-07-13 13:56:37,834] Trial 1265 pruned. 
[I 2026-07-13 13:56:39,205] Trial 1266 pruned. 
[I 2026-07-13 13:56:41,028] Trial 1267 pruned. 
[I 2026-07-13 13:56:41,537] Trial 1268 pruned. 
[I 2026-07-13 13:56:43,386] Trial 1269 pruned. 
[I 2026-07-13 13:56:43,804] Trial 1270 pruned. 
[I 2026-07-13 13:56:44,136] Trial 1271 pruned. 
[I 2026-07-13 13:56:44,755] Trial 1272 pruned. 
[I 2026-07-13 13:56:47,758] Trial 1273 pruned. 
[I 2026-07-13 13:56:48,250] Trial 1274 pruned. 
[I 2026-07-13 13:56:48,994] Trial 1275 pruned. 
[I 2026-07-13 13:56:49,437] Trial 1276 pruned. 
[I 2026-07-13 13:56:50,593] Trial 1277 pruned. 
[I 2026-07-13 13:56:51,288] Trial 1278 pruned. 
[I 2026-07-13 13:56:53,498] Trial 1279 pruned. 
[I 2026-07-13 13:56:53,746] Trial 1280 pruned. 
[I 2026-07-13 13:56:54,742] Trial 1281 pruned. 
[I 2026-07-13 13:56:56,749] Trial 1282 pruned. 
[I 2026-07-13 13:56:58,252] Trial 1283 pruned. 
[I 2026-07-13 13:56:58,859] Trial 1284 pruned. 
[I 2026-07-13 13:57:01,273] Trial 1285 pruned. 
[I 2026-07-13 13:57:02,182] Trial 1286 pruned. 
[I 2026-07-13 13:57:04,030] Trial 1287 pruned. 
[I 2026-07-13 13:57:04,952] Trial 1288 pruned. 
[I 2026-07-13 13:57:07,237] Trial 1289 pruned. 
[I 2026-07-13 13:57:10,992] Trial 1290 pruned. 
[I 2026-07-13 13:57:13,540] Trial 1291 pruned. 
[I 2026-07-13 13:57:14,387] Trial 1292 pruned. 
[I 2026-07-13 13:57:15,252] Trial 1293 pruned. 
[I 2026-07-13 13:57:16,927] Trial 1294 pruned. 
[I 2026-07-13 13:57:17,294] Trial 1295 pruned. 
[I 2026-07-13 13:57:17,754] Trial 1296 pruned. 
[I 2026-07-13 13:57:19,830] Trial 1297 pruned. 
[I 2026-07-13 13:57:20,406] Trial 1298 pruned. 
[I 2026-07-13 13:57:22,220] Trial 1299 pruned. 
[I 2026-07-13 13:57:23,177] Trial 1300 pruned. 
[I 2026-07-13 13:57:24,134] Trial 1301 pruned. 
[I 2026-07-13 13:57:31,065] Trial 1302 finished with values: [1223.129401631873, -2608.9568661227604, 81.1] and parameters: {'sl_soft': 0.17902090731349415, 'sl_hard_delta': 0.18315139636342287, 'tp': 0.08440287559182014, 'gate_pct': 99.16215050807807, 'dd_limit': 0.4513858738163641, 'cooldown': 1, 'flip': True, 'en_ema_trend': True, 'ema_trend_fast': 270, 'ema_trend_slow': 391, 'en_sma_trend': False, 'sma_trend_fast': 120, 'sma_trend_slow': 232, 'en_macd': False, 'macd_fast': 4, 'macd_slow': 126, 'macd_signal': 50, 'en_vwap': False, 'en_keltner': False, 'keltner_n': 59, 'keltner_m': 1.5, 'en_obv': False, 'obv_slope': 38, 'en_cci': True, 'cci_n': 84, 'cci_threshold': 45, 'en_rsi': True, 'rsi_n': 41, 'rsi_lower': 20, 'rsi_upper': 95, 'en_stochastic': True, 'stochastic_n': 88, 'stochastic_d': 16, 'stochastic_lower': 27, 'stochastic_upper': 68, 'en_mfi': False, 'mfi_n': 6, 'mfi_lower': 38, 'mfi_upper': 51, 'en_bollinger': False, 'bollinger_n': 54, 'bollinger_k': 1.7000000000000002, 'en_adx': False, 'adx_n': 30, 'adx_threshold': 51, 'en_structure_trend': True, 'structure_trend_swing_l': 9, 'en_order_block': True, 'order_block_swing_l': 7, 'en_fvg': False, 'fvg_lookback': 9, 'en_ifvg': False, 'en_breaker': True, 'breaker_swing_l': 19, 'en_cisd': True, 'k': 2, 'en_cap_bars': False, 'cap_1min': 1339}.
[I 2026-07-13 13:57:31,634] Trial 1303 pruned. 
[I 2026-07-13 13:57:33,946] Trial 1304 pruned. 
[I 2026-07-13 13:57:35,698] Trial 1305 pruned. 
[I 2026-07-13 13:57:37,206] Trial 1306 pruned. 
[I 2026-07-13 13:57:39,418] Trial 1307 pruned. 
[I 2026-07-13 13:57:39,902] Trial 1308 pruned. 
[I 2026-07-13 13:57:40,863] Trial 1309 pruned. 
[I 2026-07-13 13:57:44,693] Trial 1310 pruned. 
[I 2026-07-13 13:57:46,249] Trial 1311 pruned. 
[I 2026-07-13 13:57:47,744] Trial 1312 pruned. 
[I 2026-07-13 13:57:48,226] Trial 1313 pruned. 
[I 2026-07-13 13:57:48,747] Trial 1314 pruned. 
[I 2026-07-13 13:57:49,138] Trial 1315 pruned. 
[I 2026-07-13 13:57:51,428] Trial 1316 pruned. 
[I 2026-07-13 13:57:52,546] Trial 1317 pruned. 
[I 2026-07-13 13:57:53,531] Trial 1318 pruned. 
[I 2026-07-13 13:57:53,999] Trial 1319 pruned. 
[I 2026-07-13 13:57:54,113] Trial 1320 pruned. 
[I 2026-07-13 13:57:54,250] Trial 1321 pruned. 
[I 2026-07-13 13:57:56,384] Trial 1322 pruned. 
[I 2026-07-13 13:57:56,805] Trial 1323 pruned. 
[I 2026-07-13 13:57:58,552] Trial 1324 pruned. 
[I 2026-07-13 13:58:01,433] Trial 1325 pruned. 
[I 2026-07-13 13:58:03,262] Trial 1326 pruned. 
[I 2026-07-13 13:58:03,799] Trial 1327 pruned. 
[I 2026-07-13 13:58:05,051] Trial 1328 pruned. 
[I 2026-07-13 13:58:06,725] Trial 1329 pruned. 
[I 2026-07-13 13:58:09,135] Trial 1330 pruned. 
[I 2026-07-13 13:58:11,557] Trial 1331 pruned. 
[I 2026-07-13 13:58:12,550] Trial 1332 pruned. 
[I 2026-07-13 13:58:14,340] Trial 1333 pruned. 
[I 2026-07-13 13:58:15,680] Trial 1334 pruned. 
[I 2026-07-13 13:58:16,566] Trial 1335 pruned. 
[I 2026-07-13 13:58:17,755] Trial 1336 pruned. 
[I 2026-07-13 13:58:19,674] Trial 1337 pruned. 
[I 2026-07-13 13:58:24,023] Trial 1338 pruned. 
[I 2026-07-13 13:58:24,336] Trial 1339 pruned. 
[I 2026-07-13 13:58:25,632] Trial 1340 pruned. 
[I 2026-07-13 13:58:26,937] Trial 1341 pruned. 
[I 2026-07-13 13:58:27,114] Trial 1342 pruned. 
[I 2026-07-13 13:58:27,610] Trial 1343 pruned. 
[I 2026-07-13 13:58:28,160] Trial 1344 pruned. 
[I 2026-07-13 13:58:29,529] Trial 1345 pruned. 
[I 2026-07-13 13:58:31,129] Trial 1346 pruned. 
[I 2026-07-13 13:58:31,655] Trial 1347 pruned. 
[I 2026-07-13 13:58:34,100] Trial 1348 pruned. 
[I 2026-07-13 13:58:34,586] Trial 1349 pruned. 
[I 2026-07-13 13:58:35,947] Trial 1350 pruned. 
[I 2026-07-13 13:58:38,171] Trial 1351 pruned. 
[I 2026-07-13 13:58:39,740] Trial 1352 pruned. 
[I 2026-07-13 13:58:42,811] Trial 1353 pruned. 
[I 2026-07-13 13:58:43,998] Trial 1354 pruned. 
[I 2026-07-13 13:58:45,649] Trial 1355 pruned. 
[I 2026-07-13 13:58:46,170] Trial 1356 pruned. 
[I 2026-07-13 13:58:47,946] Trial 1357 pruned. 
[I 2026-07-13 13:58:48,765] Trial 1358 pruned. 
[I 2026-07-13 13:58:49,695] Trial 1359 pruned. 
[I 2026-07-13 13:58:50,047] Trial 1360 pruned. 
[I 2026-07-13 13:58:51,259] Trial 1361 pruned. 
[I 2026-07-13 13:58:54,567] Trial 1362 finished with values: [-228.61223312533605, -6897.4787881438715, 41.6] and parameters: {'sl_soft': 0.05117500963998454, 'sl_hard_delta': 0.2819902429029437, 'tp': 0.1553752547785832, 'gate_pct': 96.82972780322679, 'dd_limit': 9.029015189980312, 'cooldown': 2, 'flip': True, 'en_ema_trend': False, 'ema_trend_fast': 24, 'ema_trend_slow': 397, 'en_sma_trend': True, 'sma_trend_fast': 198, 'sma_trend_slow': 57, 'en_macd': False, 'macd_fast': 53, 'macd_slow': 114, 'macd_signal': 61, 'en_vwap': False, 'en_keltner': True, 'keltner_n': 135, 'keltner_m': 2.1, 'en_obv': True, 'obv_slope': 129, 'en_cci': True, 'cci_n': 134, 'cci_threshold': 250, 'en_rsi': False, 'rsi_n': 95, 'rsi_lower': 31, 'rsi_upper': 88, 'en_stochastic': False, 'stochastic_n': 78, 'stochastic_d': 14, 'stochastic_lower': 4, 'stochastic_upper': 78, 'en_mfi': True, 'mfi_n': 14, 'mfi_lower': 11, 'mfi_upper': 70, 'en_bollinger': True, 'bollinger_n': 134, 'bollinger_k': 4.2, 'en_adx': False, 'adx_n': 22, 'adx_threshold': 38, 'en_structure_trend': False, 'structure_trend_swing_l': 12, 'en_order_block': False, 'order_block_swing_l': 4, 'en_fvg': True, 'fvg_lookback': 45, 'en_ifvg': False, 'en_breaker': False, 'breaker_swing_l': 2, 'en_cisd': True, 'k': 1, 'en_cap_bars': True, 'cap_1min': 797}.
[I 2026-07-13 13:58:55,577] Trial 1363 pruned. 
[I 2026-07-13 13:58:56,040] Trial 1364 pruned. 
[I 2026-07-13 13:58:57,094] Trial 1365 pruned. 
[I 2026-07-13 13:58:58,330] Trial 1366 pruned. 
[I 2026-07-13 13:58:59,161] Trial 1367 pruned. 
[I 2026-07-13 13:59:00,498] Trial 1368 pruned. 
[I 2026-07-13 13:59:02,001] Trial 1369 pruned. 
[I 2026-07-13 13:59:02,454] Trial 1370 pruned. 
[I 2026-07-13 13:59:04,059] Trial 1371 pruned. 
[I 2026-07-13 13:59:04,760] Trial 1372 pruned. 
[I 2026-07-13 13:59:08,684] Trial 1373 pruned. 
[I 2026-07-13 13:59:08,878] Trial 1374 pruned. 
[I 2026-07-13 13:59:11,046] Trial 1375 pruned. 
[I 2026-07-13 13:59:12,312] Trial 1376 pruned. 
[I 2026-07-13 13:59:13,093] Trial 1377 pruned. 
[I 2026-07-13 13:59:13,262] Trial 1378 pruned. 
[I 2026-07-13 13:59:14,135] Trial 1379 pruned. 
[I 2026-07-13 13:59:14,979] Trial 1380 pruned. 
[I 2026-07-13 13:59:15,793] Trial 1381 pruned. 
[I 2026-07-13 13:59:16,148] Trial 1382 pruned. 
[I 2026-07-13 13:59:17,112] Trial 1383 pruned. 
[I 2026-07-13 13:59:17,928] Trial 1384 pruned. 
[I 2026-07-13 13:59:18,755] Trial 1385 pruned. 
[I 2026-07-13 13:59:19,783] Trial 1386 pruned. 
[I 2026-07-13 13:59:23,973] Trial 1387 pruned. 
[I 2026-07-13 13:59:24,233] Trial 1388 pruned. 
[I 2026-07-13 13:59:24,532] Trial 1389 pruned. 
[I 2026-07-13 13:59:25,259] Trial 1390 pruned. 
[I 2026-07-13 13:59:25,776] Trial 1391 pruned. 
[I 2026-07-13 13:59:26,852] Trial 1392 pruned. 
[I 2026-07-13 13:59:27,797] Trial 1393 pruned. 
[I 2026-07-13 13:59:28,458] Trial 1394 pruned. 
[I 2026-07-13 13:59:29,804] Trial 1395 pruned. 
[I 2026-07-13 13:59:30,829] Trial 1396 pruned. 
[I 2026-07-13 13:59:31,765] Trial 1397 pruned. 
[I 2026-07-13 13:59:32,839] Trial 1398 pruned. 
[I 2026-07-13 13:59:36,236] Trial 1399 pruned. 
[I 2026-07-13 13:59:36,822] Trial 1400 pruned. 
[I 2026-07-13 13:59:37,787] Trial 1401 pruned. 
[I 2026-07-13 13:59:39,176] Trial 1402 pruned. 
[I 2026-07-13 13:59:39,596] Trial 1403 pruned. 
[I 2026-07-13 13:59:40,105] Trial 1404 pruned. 
[I 2026-07-13 13:59:41,200] Trial 1405 pruned. 
[I 2026-07-13 13:59:42,251] Trial 1406 pruned. 
[I 2026-07-13 13:59:44,798] Trial 1407 pruned. 
[I 2026-07-13 13:59:46,687] Trial 1408 pruned. 
[I 2026-07-13 13:59:48,047] Trial 1409 pruned. 
[I 2026-07-13 13:59:50,026] Trial 1410 pruned. 
