[I 2026-07-13 14:59:03,518] Trial 3919 finished with values: [8749.35005064733, -8539.461013342094, 74.69999999999999] and parameters: {'sl_soft': 0.29406552811412545, 'sl_hard_delta': 0.22514957031411884, 'tp': 0.15809231644429605, 'gate_pct': 98.58299891691806, 'dd_limit': 3.177401405918999, 'cooldown': 1, 'flip': False, 'en_ema_trend': False, 'ema_trend_fast': 126, 'ema_trend_slow': 161, 'en_sma_trend': False, 'sma_trend_fast': 360, 'sma_trend_slow': 310, 'en_macd': True, 'macd_fast': 80, 'macd_slow': 145, 'macd_signal': 45, 'en_vwap': True, 'en_keltner': True, 'keltner_n': 126, 'keltner_m': 2.3, 'en_obv': True, 'obv_slope': 184, 'en_cci': True, 'cci_n': 56, 'cci_threshold': 50, 'en_rsi': False, 'rsi_n': 74, 'rsi_lower': 43, 'rsi_upper': 64, 'en_stochastic': False, 'stochastic_n': 95, 'stochastic_d': 28, 'stochastic_lower': 42, 'stochastic_upper': 57, 'en_mfi': False, 'mfi_n': 10, 'mfi_lower': 3, 'mfi_upper': 54, 'en_bollinger': False, 'bollinger_n': 56, 'bollinger_k': 4.5, 'en_adx': False, 'adx_n': 59, 'adx_threshold': 24, 'en_structure_trend': False, 'structure_trend_swing_l': 9, 'en_order_block': True, 'order_block_swing_l': 11, 'en_fvg': True, 'fvg_lookback': 34, 'en_ifvg': False, 'en_breaker': False, 'breaker_swing_l': 7, 'en_cisd': True, 'k': 5, 'en_cap_bars': False, 'cap_1min': 591}.
[I 2026-07-13 14:59:04,024] Trial 3920 pruned. 
[I 2026-07-13 14:59:05,016] Trial 3921 pruned. 
[I 2026-07-13 14:59:07,425] Trial 3922 finished with values: [-171.29227497397528, -5766.263237059874, 55.0] and parameters: {'sl_soft': 0.17299259093013, 'sl_hard_delta': 0.14809162487386876, 'tp': 0.14518538625129632, 'gate_pct': 97.87184393359011, 'dd_limit': 0.6062953539401272, 'cooldown': 2, 'flip': False, 'en_ema_trend': False, 'ema_trend_fast': 195, 'ema_trend_slow': 60, 'en_sma_trend': False, 'sma_trend_fast': 44, 'sma_trend_slow': 200, 'en_macd': True, 'macd_fast': 70, 'macd_slow': 134, 'macd_signal': 45, 'en_vwap': False, 'en_keltner': False, 'keltner_n': 24, 'keltner_m': 1.3, 'en_obv': True, 'obv_slope': 61, 'en_cci': True, 'cci_n': 107, 'cci_threshold': 250, 'en_rsi': True, 'rsi_n': 93, 'rsi_lower': 47, 'rsi_upper': 65, 'en_stochastic': False, 'stochastic_n': 53, 'stochastic_d': 30, 'stochastic_lower': 7, 'stochastic_upper': 91, 'en_mfi': False, 'mfi_n': 19, 'mfi_lower': 5, 'mfi_upper': 70, 'en_bollinger': False, 'bollinger_n': 120, 'bollinger_k': 2.8000000000000003, 'en_adx': False, 'adx_n': 50, 'adx_threshold': 42, 'en_structure_trend': True, 'structure_trend_swing_l': 1, 'en_order_block': False, 'order_block_swing_l': 11, 'en_fvg': True, 'fvg_lookback': 7, 'en_ifvg': False, 'en_breaker': True, 'breaker_swing_l': 8, 'en_cisd': False, 'k': 4, 'en_cap_bars': False, 'cap_1min': 1250}.
[I 2026-07-13 14:59:15,751] Trial 3923 finished with values: [769.8859351829235, -3187.045625926998, 77.35] and parameters: {'sl_soft': 0.17299259093013, 'sl_hard_delta': 0.22147623907688235, 'tp': 0.07629543740731591, 'gate_pct': 98.21870877115913, 'dd_limit': 2.4528084273798805, 'cooldown': 1, 'flip': False, 'en_ema_trend': True, 'ema_trend_fast': 38, 'ema_trend_slow': 60, 'en_sma_trend': False, 'sma_trend_fast': 322, 'sma_trend_slow': 157, 'en_macd': True, 'macd_fast': 12, 'macd_slow': 134, 'macd_signal': 21, 'en_vwap': True, 'en_keltner': False, 'keltner_n': 26, 'keltner_m': 3.6, 'en_obv': True, 'obv_slope': 197, 'en_cci': True, 'cci_n': 107, 'cci_threshold': 30, 'en_rsi': False, 'rsi_n': 27, 'rsi_lower': 47, 'rsi_upper': 76, 'en_stochastic': True, 'stochastic_n': 8, 'stochastic_d': 30, 'stochastic_lower': 7, 'stochastic_upper': 74, 'en_mfi': True, 'mfi_n': 35, 'mfi_lower': 5, 'mfi_upper': 80, 'en_bollinger': False, 'bollinger_n': 120, 'bollinger_k': 2.0, 'en_adx': False, 'adx_n': 91, 'adx_threshold': 47, 'en_structure_trend': False, 'structure_trend_swing_l': 11, 'en_order_block': True, 'order_block_swing_l': 8, 'en_fvg': True, 'fvg_lookback': 19, 'en_ifvg': True, 'en_breaker': True, 'breaker_swing_l': 10, 'en_cisd': True, 'k': 4, 'en_cap_bars': True, 'cap_1min': 219}.
[I 2026-07-13 14:59:17,561] Trial 3924 finished with values: [4323.5392710974265, -10903.615253335809, 64.9] and parameters: {'sl_soft': 0.17833830668719855, 'sl_hard_delta': 0.38069755865652133, 'tp': 0.15809231644429605, 'gate_pct': 99.4732844060646, 'dd_limit': 4.17581929961137, 'cooldown': 0, 'flip': False, 'en_ema_trend': False, 'ema_trend_fast': 149, 'ema_trend_slow': 84, 'en_sma_trend': True, 'sma_trend_fast': 397, 'sma_trend_slow': 309, 'en_macd': True, 'macd_fast': 6, 'macd_slow': 157, 'macd_signal': 89, 'en_vwap': True, 'en_keltner': False, 'keltner_n': 126, 'keltner_m': 4.2, 'en_obv': True, 'obv_slope': 161, 'en_cci': True, 'cci_n': 38, 'cci_threshold': 245, 'en_rsi': False, 'rsi_n': 74, 'rsi_lower': 4, 'rsi_upper': 72, 'en_stochastic': False, 'stochastic_n': 86, 'stochastic_d': 5, 'stochastic_lower': 40, 'stochastic_upper': 96, 'en_mfi': True, 'mfi_n': 58, 'mfi_lower': 3, 'mfi_upper': 99, 'en_bollinger': False, 'bollinger_n': 99, 'bollinger_k': 4.7, 'en_adx': False, 'adx_n': 59, 'adx_threshold': 18, 'en_structure_trend': False, 'structure_trend_swing_l': 9, 'en_order_block': True, 'order_block_swing_l': 20, 'en_fvg': True, 'fvg_lookback': 34, 'en_ifvg': False, 'en_breaker': False, 'breaker_swing_l': 6, 'en_cisd': True, 'k': 4, 'en_cap_bars': True, 'cap_1min': 436}.
[I 2026-07-13 14:59:18,587] Trial 3925 finished with values: [4355.769777768524, -10903.615253335807, 67.65] and parameters: {'sl_soft': 0.17833830668719855, 'sl_hard_delta': 0.38069755865652133, 'tp': 0.15809231644429605, 'gate_pct': 94.97650230819906, 'dd_limit': 4.1596678535630165, 'cooldown': 1, 'flip': False, 'en_ema_trend': False, 'ema_trend_fast': 76, 'ema_trend_slow': 84, 'en_sma_trend': False, 'sma_trend_fast': 268, 'sma_trend_slow': 290, 'en_macd': True, 'macd_fast': 6, 'macd_slow': 157, 'macd_signal': 89, 'en_vwap': True, 'en_keltner': True, 'keltner_n': 102, 'keltner_m': 3.6, 'en_obv': True, 'obv_slope': 161, 'en_cci': True, 'cci_n': 56, 'cci_threshold': 120, 'en_rsi': False, 'rsi_n': 74, 'rsi_lower': 46, 'rsi_upper': 72, 'en_stochastic': False, 'stochastic_n': 86, 'stochastic_d': 40, 'stochastic_lower': 40, 'stochastic_upper': 75, 'en_mfi': True, 'mfi_n': 58, 'mfi_lower': 3, 'mfi_upper': 78, 'en_bollinger': True, 'bollinger_n': 171, 'bollinger_k': 2.7, 'en_adx': False, 'adx_n': 59, 'adx_threshold': 18, 'en_structure_trend': False, 'structure_trend_swing_l': 9, 'en_order_block': True, 'order_block_swing_l': 18, 'en_fvg': True, 'fvg_lookback': 47, 'en_ifvg': False, 'en_breaker': False, 'breaker_swing_l': 11, 'en_cisd': True, 'k': 4, 'en_cap_bars': True, 'cap_1min': 577}.
[I 2026-07-13 14:59:20,990] Trial 3926 pruned. 
[I 2026-07-13 14:59:22,351] Trial 3927 finished with values: [-3473.379411505881, -9552.190783687565, 65.45] and parameters: {'sl_soft': 0.17299259093013, 'sl_hard_delta': 0.14809162487386876, 'tp': 0.08304307060442956, 'gate_pct': 99.4732844060646, 'dd_limit': 0.8350241645118831, 'cooldown': 0, 'flip': True, 'en_ema_trend': False, 'ema_trend_fast': 38, 'ema_trend_slow': 212, 'en_sma_trend': True, 'sma_trend_fast': 265, 'sma_trend_slow': 50, 'en_macd': True, 'macd_fast': 18, 'macd_slow': 134, 'macd_signal': 6, 'en_vwap': True, 'en_keltner': False, 'keltner_n': 79, 'keltner_m': 4.2, 'en_obv': True, 'obv_slope': 161, 'en_cci': False, 'cci_n': 172, 'cci_threshold': 290, 'en_rsi': True, 'rsi_n': 56, 'rsi_lower': 47, 'rsi_upper': 65, 'en_stochastic': False, 'stochastic_n': 98, 'stochastic_d': 30, 'stochastic_lower': 7, 'stochastic_upper': 78, 'en_mfi': True, 'mfi_n': 35, 'mfi_lower': 49, 'mfi_upper': 78, 'en_bollinger': False, 'bollinger_n': 120, 'bollinger_k': 3.8000000000000003, 'en_adx': False, 'adx_n': 78, 'adx_threshold': 17, 'en_structure_trend': False, 'structure_trend_swing_l': 15, 'en_order_block': True, 'order_block_swing_l': 12, 'en_fvg': True, 'fvg_lookback': 24, 'en_ifvg': False, 'en_breaker': False, 'breaker_swing_l': 10, 'en_cisd': False, 'k': 2, 'en_cap_bars': False, 'cap_1min': 436}.
[I 2026-07-13 14:59:22,679] Trial 3928 finished with values: [956.4885187954352, -15771.900121276405, 67.55000000000001] and parameters: {'sl_soft': 0.29406552811412545, 'sl_hard_delta': 0.26350679747876377, 'tp': 0.14518538625129632, 'gate_pct': 97.87184393359011, 'dd_limit': 0.6062953539401272, 'cooldown': 2, 'flip': False, 'en_ema_trend': True, 'ema_trend_fast': 195, 'ema_trend_slow': 377, 'en_sma_trend': True, 'sma_trend_fast': 44, 'sma_trend_slow': 200, 'en_macd': True, 'macd_fast': 70, 'macd_slow': 72, 'macd_signal': 45, 'en_vwap': True, 'en_keltner': True, 'keltner_n': 24, 'keltner_m': 1.3, 'en_obv': True, 'obv_slope': 61, 'en_cci': True, 'cci_n': 142, 'cci_threshold': 250, 'en_rsi': True, 'rsi_n': 93, 'rsi_lower': 30, 'rsi_upper': 66, 'en_stochastic': False, 'stochastic_n': 82, 'stochastic_d': 28, 'stochastic_lower': 42, 'stochastic_upper': 91, 'en_mfi': False, 'mfi_n': 19, 'mfi_lower': 22, 'mfi_upper': 73, 'en_bollinger': False, 'bollinger_n': 149, 'bollinger_k': 2.8000000000000003, 'en_adx': False, 'adx_n': 50, 'adx_threshold': 24, 'en_structure_trend': True, 'structure_trend_swing_l': 17, 'en_order_block': True, 'order_block_swing_l': 11, 'en_fvg': True, 'fvg_lookback': 7, 'en_ifvg': False, 'en_breaker': True, 'breaker_swing_l': 6, 'en_cisd': False, 'k': 4, 'en_cap_bars': False, 'cap_1min': 1250}.
[I 2026-07-13 14:59:23,044] Trial 3929 finished with values: [-726.3127083313849, -13389.564497645417, 51.3] and parameters: {'sl_soft': 0.20552241210016875, 'sl_hard_delta': 0.16099270163194943, 'tp': 0.18594749166674562, 'gate_pct': 98.21415170406553, 'dd_limit': 2.195466302790515, 'cooldown': 2, 'flip': False, 'en_ema_trend': True, 'ema_trend_fast': 63, 'ema_trend_slow': 123, 'en_sma_trend': True, 'sma_trend_fast': 164, 'sma_trend_slow': 71, 'en_macd': True, 'macd_fast': 29, 'macd_slow': 18, 'macd_signal': 47, 'en_vwap': True, 'en_keltner': False, 'keltner_n': 39, 'keltner_m': 4.7, 'en_obv': False, 'obv_slope': 26, 'en_cci': True, 'cci_n': 4, 'cci_threshold': 255, 'en_rsi': True, 'rsi_n': 45, 'rsi_lower': 15, 'rsi_upper': 89, 'en_stochastic': False, 'stochastic_n': 47, 'stochastic_d': 11, 'stochastic_lower': 23, 'stochastic_upper': 97, 'en_mfi': False, 'mfi_n': 4, 'mfi_lower': 1, 'mfi_upper': 64, 'en_bollinger': False, 'bollinger_n': 158, 'bollinger_k': 4.2, 'en_adx': False, 'adx_n': 51, 'adx_threshold': 38, 'en_structure_trend': True, 'structure_trend_swing_l': 11, 'en_order_block': False, 'order_block_swing_l': 6, 'en_fvg': True, 'fvg_lookback': 50, 'en_ifvg': True, 'en_breaker': False, 'breaker_swing_l': 7, 'en_cisd': False, 'k': 1, 'en_cap_bars': False, 'cap_1min': 1134}.
[I 2026-07-13 14:59:25,216] Trial 3930 finished with values: [-4486.795324502745, -7082.6311167563135, 68.05] and parameters: {'sl_soft': 0.17299259093013, 'sl_hard_delta': 0.34807457696003896, 'tp': 0.08304307060442956, 'gate_pct': 99.60506126830711, 'dd_limit': 0.8350241645118831, 'cooldown': 2, 'flip': True, 'en_ema_trend': True, 'ema_trend_fast': 38, 'ema_trend_slow': 212, 'en_sma_trend': False, 'sma_trend_fast': 265, 'sma_trend_slow': 50, 'en_macd': True, 'macd_fast': 18, 'macd_slow': 134, 'macd_signal': 98, 'en_vwap': False, 'en_keltner': False, 'keltner_n': 79, 'keltner_m': 1.3, 'en_obv': True, 'obv_slope': 92, 'en_cci': True, 'cci_n': 172, 'cci_threshold': 290, 'en_rsi': True, 'rsi_n': 56, 'rsi_lower': 28, 'rsi_upper': 65, 'en_stochastic': False, 'stochastic_n': 98, 'stochastic_d': 49, 'stochastic_lower': 7, 'stochastic_upper': 78, 'en_mfi': True, 'mfi_n': 97, 'mfi_lower': 5, 'mfi_upper': 51, 'en_bollinger': False, 'bollinger_n': 69, 'bollinger_k': 1.7000000000000002, 'en_adx': False, 'adx_n': 85, 'adx_threshold': 17, 'en_structure_trend': False, 'structure_trend_swing_l': 15, 'en_order_block': False, 'order_block_swing_l': 12, 'en_fvg': True, 'fvg_lookback': 24, 'en_ifvg': False, 'en_breaker': False, 'breaker_swing_l': 13, 'en_cisd': False, 'k': 4, 'en_cap_bars': False, 'cap_1min': 59}.
[I 2026-07-13 14:59:26,194] Trial 3931 pruned. 
[I 2026-07-13 14:59:27,876] Trial 3932 finished with values: [1935.6597094496838, -9539.262723596665, 77.0] and parameters: {'sl_soft': 0.29212654101002455, 'sl_hard_delta': 0.26350679747876377, 'tp': 0.14518538625129632, 'gate_pct': 98.72479828405353, 'dd_limit': 3.177401405918999, 'cooldown': 2, 'flip': False, 'en_ema_trend': True, 'ema_trend_fast': 363, 'ema_trend_slow': 112, 'en_sma_trend': True, 'sma_trend_fast': 397, 'sma_trend_slow': 200, 'en_macd': True, 'macd_fast': 11, 'macd_slow': 168, 'macd_signal': 71, 'en_vwap': True, 'en_keltner': True, 'keltner_n': 24, 'keltner_m': 2.3, 'en_obv': False, 'obv_slope': 61, 'en_cci': True, 'cci_n': 20, 'cci_threshold': 30, 'en_rsi': False, 'rsi_n': 93, 'rsi_lower': 30, 'rsi_upper': 59, 'en_stochastic': False, 'stochastic_n': 95, 'stochastic_d': 5, 'stochastic_lower': 25, 'stochastic_upper': 96, 'en_mfi': False, 'mfi_n': 94, 'mfi_lower': 3, 'mfi_upper': 56, 'en_bollinger': False, 'bollinger_n': 149, 'bollinger_k': 2.6, 'en_adx': False, 'adx_n': 77, 'adx_threshold': 44, 'en_structure_trend': False, 'structure_trend_swing_l': 17, 'en_order_block': False, 'order_block_swing_l': 19, 'en_fvg': True, 'fvg_lookback': 7, 'en_ifvg': False, 'en_breaker': False, 'breaker_swing_l': 7, 'en_cisd': False, 'k': 5, 'en_cap_bars': False, 'cap_1min': 535}.
[I 2026-07-13 14:59:28,578] Trial 3933 pruned. 
[I 2026-07-13 14:59:28,972] Trial 3934 pruned. 
[I 2026-07-13 14:59:29,696] Trial 3935 finished with values: [2116.6149174330153, -5799.999999999984, 35.35] and parameters: {'sl_soft': 0.05659865426304895, 'sl_hard_delta': 0.2600002949787223, 'tp': 0.3322153223243982, 'gate_pct': 99.60506126830711, 'dd_limit': 6.5154853630492955, 'cooldown': 0, 'flip': False, 'en_ema_trend': True, 'ema_trend_fast': 97, 'ema_trend_slow': 112, 'en_sma_trend': True, 'sma_trend_fast': 134, 'sma_trend_slow': 157, 'en_macd': True, 'macd_fast': 62, 'macd_slow': 168, 'macd_signal': 43, 'en_vwap': True, 'en_keltner': True, 'keltner_n': 79, 'keltner_m': 2.3, 'en_obv': False, 'obv_slope': 99, 'en_cci': True, 'cci_n': 107, 'cci_threshold': 290, 'en_rsi': True, 'rsi_n': 97, 'rsi_lower': 28, 'rsi_upper': 71, 'en_stochastic': True, 'stochastic_n': 41, 'stochastic_d': 30, 'stochastic_lower': 12, 'stochastic_upper': 79, 'en_mfi': True, 'mfi_n': 35, 'mfi_lower': 16, 'mfi_upper': 80, 'en_bollinger': False, 'bollinger_n': 120, 'bollinger_k': 2.0, 'en_adx': False, 'adx_n': 11, 'adx_threshold': 17, 'en_structure_trend': True, 'structure_trend_swing_l': 3, 'en_order_block': False, 'order_block_swing_l': 8, 'en_fvg': True, 'fvg_lookback': 17, 'en_ifvg': False, 'en_breaker': False, 'breaker_swing_l': 6, 'en_cisd': True, 'k': 4, 'en_cap_bars': True, 'cap_1min': 59}.
[I 2026-07-13 14:59:37,415] Trial 3936 finished with values: [2872.3853155437064, -18000.801548468535, 58.1] and parameters: {'sl_soft': 0.17299259093013, 'sl_hard_delta': 0.22514957031411884, 'tp': 0.15809231644429605, 'gate_pct': 98.72479828405353, 'dd_limit': 6.5154853630492955, 'cooldown': 1, 'flip': False, 'en_ema_trend': True, 'ema_trend_fast': 149, 'ema_trend_slow': 161, 'en_sma_trend': False, 'sma_trend_fast': 265, 'sma_trend_slow': 22, 'en_macd': True, 'macd_fast': 18, 'macd_slow': 127, 'macd_signal': 21, 'en_vwap': True, 'en_keltner': True, 'keltner_n': 48, 'keltner_m': 2.3, 'en_obv': True, 'obv_slope': 92, 'en_cci': False, 'cci_n': 67, 'cci_threshold': 30, 'en_rsi': True, 'rsi_n': 74, 'rsi_lower': 28, 'rsi_upper': 59, 'en_stochastic': True, 'stochastic_n': 86, 'stochastic_d': 5, 'stochastic_lower': 2, 'stochastic_upper': 98, 'en_mfi': False, 'mfi_n': 94, 'mfi_lower': 27, 'mfi_upper': 80, 'en_bollinger': False, 'bollinger_n': 37, 'bollinger_k': 1.7000000000000002, 'en_adx': False, 'adx_n': 91, 'adx_threshold': 43, 'en_structure_trend': False, 'structure_trend_swing_l': 15, 'en_order_block': True, 'order_block_swing_l': 20, 'en_fvg': True, 'fvg_lookback': 24, 'en_ifvg': False, 'en_breaker': False, 'breaker_swing_l': 10, 'en_cisd': True, 'k': 5, 'en_cap_bars': True, 'cap_1min': 219}.
[I 2026-07-13 14:59:38,389] Trial 3937 pruned. 
[I 2026-07-13 14:59:38,670] Trial 3938 finished with values: [213.40874814633537, -3533.48102781581, 75.7] and parameters: {'sl_soft': 0.17299259093013, 'sl_hard_delta': 0.22147623907688235, 'tp': 0.07629543740731591, 'gate_pct': 98.21870877115913, 'dd_limit': 0.8350241645118831, 'cooldown': 2, 'flip': False, 'en_ema_trend': True, 'ema_trend_fast': 38, 'ema_trend_slow': 190, 'en_sma_trend': False, 'sma_trend_fast': 322, 'sma_trend_slow': 157, 'en_macd': True, 'macd_fast': 12, 'macd_slow': 124, 'macd_signal': 42, 'en_vwap': True, 'en_keltner': False, 'keltner_n': 26, 'keltner_m': 3.6, 'en_obv': True, 'obv_slope': 197, 'en_cci': True, 'cci_n': 107, 'cci_threshold': 220, 'en_rsi': False, 'rsi_n': 27, 'rsi_lower': 1, 'rsi_upper': 76, 'en_stochastic': True, 'stochastic_n': 8, 'stochastic_d': 40, 'stochastic_lower': 7, 'stochastic_upper': 74, 'en_mfi': True, 'mfi_n': 28, 'mfi_lower': 5, 'mfi_upper': 70, 'en_bollinger': False, 'bollinger_n': 120, 'bollinger_k': 3.8000000000000003, 'en_adx': False, 'adx_n': 20, 'adx_threshold': 27, 'en_structure_trend': False, 'structure_trend_swing_l': 1, 'en_order_block': False, 'order_block_swing_l': 12, 'en_fvg': True, 'fvg_lookback': 5, 'en_ifvg': True, 'en_breaker': True, 'breaker_swing_l': 19, 'en_cisd': True, 'k': 1, 'en_cap_bars': True, 'cap_1min': 219}.
[I 2026-07-13 14:59:39,011] Trial 3939 finished with values: [-23.034641478840854, -13704.195257134303, 64.8] and parameters: {'sl_soft': 0.17833830668719855, 'sl_hard_delta': 0.38069755865652133, 'tp': 0.0859209336931621, 'gate_pct': 97.69004509735414, 'dd_limit': 4.17581929961137, 'cooldown': 1, 'flip': False, 'en_ema_trend': False, 'ema_trend_fast': 76, 'ema_trend_slow': 84, 'en_sma_trend': False, 'sma_trend_fast': 268, 'sma_trend_slow': 290, 'en_macd': True, 'macd_fast': 6, 'macd_slow': 157, 'macd_signal': 6, 'en_vwap': True, 'en_keltner': True, 'keltner_n': 102, 'keltner_m': 3.6, 'en_obv': True, 'obv_slope': 161, 'en_cci': True, 'cci_n': 172, 'cci_threshold': 120, 'en_rsi': False, 'rsi_n': 25, 'rsi_lower': 4, 'rsi_upper': 72, 'en_stochastic': False, 'stochastic_n': 29, 'stochastic_d': 40, 'stochastic_lower': 30, 'stochastic_upper': 75, 'en_mfi': True, 'mfi_n': 28, 'mfi_lower': 33, 'mfi_upper': 78, 'en_bollinger': True, 'bollinger_n': 171, 'bollinger_k': 2.7, 'en_adx': False, 'adx_n': 78, 'adx_threshold': 39, 'en_structure_trend': True, 'structure_trend_swing_l': 14, 'en_order_block': True, 'order_block_swing_l': 18, 'en_fvg': False, 'fvg_lookback': 47, 'en_ifvg': False, 'en_breaker': False, 'breaker_swing_l': 11, 'en_cisd': True, 'k': 4, 'en_cap_bars': True, 'cap_1min': 481}.
[I 2026-07-13 14:59:39,476] Trial 3940 finished with values: [4225.346897765192, -17272.165429441466, 69.0] and parameters: {'sl_soft': 0.25282872551526225, 'sl_hard_delta': 0.22514957031411884, 'tp': 0.15809231644429605, 'gate_pct': 94.97650230819906, 'dd_limit': 4.1596678535630165, 'cooldown': 1, 'flip': False, 'en_ema_trend': True, 'ema_trend_fast': 149, 'ema_trend_slow': 161, 'en_sma_trend': False, 'sma_trend_fast': 397, 'sma_trend_slow': 22, 'en_macd': True, 'macd_fast': 11, 'macd_slow': 132, 'macd_signal': 71, 'en_vwap': True, 'en_keltner': True, 'keltner_n': 126, 'keltner_m': 2.3, 'en_obv': True, 'obv_slope': 184, 'en_cci': True, 'cci_n': 56, 'cci_threshold': 50, 'en_rsi': False, 'rsi_n': 74, 'rsi_lower': 46, 'rsi_upper': 59, 'en_stochastic': False, 'stochastic_n': 86, 'stochastic_d': 5, 'stochastic_lower': 40, 'stochastic_upper': 96, 'en_mfi': False, 'mfi_n': 58, 'mfi_lower': 3, 'mfi_upper': 99, 'en_bollinger': False, 'bollinger_n': 99, 'bollinger_k': 4.5, 'en_adx': False, 'adx_n': 5, 'adx_threshold': 18, 'en_structure_trend': False, 'structure_trend_swing_l': 9, 'en_order_block': True, 'order_block_swing_l': 19, 'en_fvg': True, 'fvg_lookback': 34, 'en_ifvg': False, 'en_breaker': False, 'breaker_swing_l': 7, 'en_cisd': True, 'k': 5, 'en_cap_bars': False, 'cap_1min': 577}.
[I 2026-07-13 14:59:41,762] Trial 3941 finished with values: [-485.63256552434063, -15853.510034542911, 66.15] and parameters: {'sl_soft': 0.25282872551526225, 'sl_hard_delta': 0.26350679747876377, 'tp': 0.14518538625129632, 'gate_pct': 97.87184393359011, 'dd_limit': 4.1596678535630165, 'cooldown': 1, 'flip': False, 'en_ema_trend': True, 'ema_trend_fast': 195, 'ema_trend_slow': 161, 'en_sma_trend': True, 'sma_trend_fast': 397, 'sma_trend_slow': 22, 'en_macd': True, 'macd_fast': 11, 'macd_slow': 72, 'macd_signal': 89, 'en_vwap': True, 'en_keltner': True, 'keltner_n': 126, 'keltner_m': 4.1, 'en_obv': True, 'obv_slope': 184, 'en_cci': True, 'cci_n': 142, 'cci_threshold': 250, 'en_rsi': False, 'rsi_n': 93, 'rsi_lower': 30, 'rsi_upper': 90, 'en_stochastic': False, 'stochastic_n': 86, 'stochastic_d': 5, 'stochastic_lower': 42, 'stochastic_upper': 96, 'en_mfi': False, 'mfi_n': 58, 'mfi_lower': 22, 'mfi_upper': 73, 'en_bollinger': False, 'bollinger_n': 149, 'bollinger_k': 2.8000000000000003, 'en_adx': False, 'adx_n': 57, 'adx_threshold': 24, 'en_structure_trend': False, 'structure_trend_swing_l': 9, 'en_order_block': True, 'order_block_swing_l': 11, 'en_fvg': True, 'fvg_lookback': 34, 'en_ifvg': False, 'en_breaker': True, 'breaker_swing_l': 6, 'en_cisd': False, 'k': 4, 'en_cap_bars': False, 'cap_1min': 1250}.
