[I 2026-07-13 14:50:28,622] Trial 3675 finished with values: [-23.034641478840854, -13704.195257134303, 64.8] and parameters: {'sl_soft': 0.17833830668719855, 'sl_hard_delta': 0.38069755865652133, 'tp': 0.0859209336931621, 'gate_pct': 97.69004509735414, 'dd_limit': 4.17581929961137, 'cooldown': 1, 'flip': False, 'en_ema_trend': False, 'ema_trend_fast': 76, 'ema_trend_slow': 84, 'en_sma_trend': False, 'sma_trend_fast': 268, 'sma_trend_slow': 290, 'en_macd': True, 'macd_fast': 6, 'macd_slow': 157, 'macd_signal': 6, 'en_vwap': True, 'en_keltner': True, 'keltner_n': 102, 'keltner_m': 3.6, 'en_obv': True, 'obv_slope': 161, 'en_cci': True, 'cci_n': 172, 'cci_threshold': 120, 'en_rsi': False, 'rsi_n': 25, 'rsi_lower': 4, 'rsi_upper': 72, 'en_stochastic': False, 'stochastic_n': 29, 'stochastic_d': 40, 'stochastic_lower': 30, 'stochastic_upper': 75, 'en_mfi': True, 'mfi_n': 28, 'mfi_lower': 33, 'mfi_upper': 78, 'en_bollinger': True, 'bollinger_n': 171, 'bollinger_k': 2.7, 'en_adx': False, 'adx_n': 78, 'adx_threshold': 40, 'en_structure_trend': True, 'structure_trend_swing_l': 14, 'en_order_block': True, 'order_block_swing_l': 18, 'en_fvg': False, 'fvg_lookback': 47, 'en_ifvg': False, 'en_breaker': False, 'breaker_swing_l': 11, 'en_cisd': True, 'k': 4, 'en_cap_bars': True, 'cap_1min': 481}.
[I 2026-07-13 14:50:28,962] Trial 3676 finished with values: [-250.30369929265203, -14700.665979802101, 38.2] and parameters: {'sl_soft': 0.1380777235466247, 'sl_hard_delta': 0.37829453785567446, 'tp': 0.2955199221201565, 'gate_pct': 98.514712353421, 'dd_limit': 4.91628186162365, 'cooldown': 0, 'flip': True, 'en_ema_trend': True, 'ema_trend_fast': 290, 'ema_trend_slow': 19, 'en_sma_trend': False, 'sma_trend_fast': 314, 'sma_trend_slow': 228, 'en_macd': True, 'macd_fast': 78, 'macd_slow': 106, 'macd_signal': 22, 'en_vwap': True, 'en_keltner': True, 'keltner_n': 44, 'keltner_m': 1.3, 'en_obv': False, 'obv_slope': 21, 'en_cci': False, 'cci_n': 21, 'cci_threshold': 200, 'en_rsi': True, 'rsi_n': 36, 'rsi_lower': 10, 'rsi_upper': 70, 'en_stochastic': False, 'stochastic_n': 61, 'stochastic_d': 45, 'stochastic_lower': 19, 'stochastic_upper': 54, 'en_mfi': True, 'mfi_n': 29, 'mfi_lower': 19, 'mfi_upper': 84, 'en_bollinger': False, 'bollinger_n': 33, 'bollinger_k': 4.4, 'en_adx': False, 'adx_n': 26, 'adx_threshold': 40, 'en_structure_trend': False, 'structure_trend_swing_l': 17, 'en_order_block': False, 'order_block_swing_l': 15, 'en_fvg': True, 'fvg_lookback': 32, 'en_ifvg': False, 'en_breaker': False, 'breaker_swing_l': 15, 'en_cisd': False, 'k': 3, 'en_cap_bars': False, 'cap_1min': 404}.
[I 2026-07-13 14:50:31,183] Trial 3677 pruned. 
[I 2026-07-13 14:50:32,277] Trial 3678 finished with values: [-3701.9210311815514, -10008.146589075293, 43.35] and parameters: {'sl_soft': 0.08484806117310902, 'sl_hard_delta': 0.046570547290259064, 'tp': 0.1363505777199821, 'gate_pct': 98.88498594560426, 'dd_limit': 5.761575140310536, 'cooldown': 0, 'flip': True, 'en_ema_trend': False, 'ema_trend_fast': 231, 'ema_trend_slow': 181, 'en_sma_trend': True, 'sma_trend_fast': 310, 'sma_trend_slow': 298, 'en_macd': False, 'macd_fast': 54, 'macd_slow': 116, 'macd_signal': 18, 'en_vwap': True, 'en_keltner': False, 'keltner_n': 153, 'keltner_m': 4.2, 'en_obv': True, 'obv_slope': 149, 'en_cci': True, 'cci_n': 107, 'cci_threshold': 245, 'en_rsi': False, 'rsi_n': 90, 'rsi_lower': 16, 'rsi_upper': 53, 'en_stochastic': False, 'stochastic_n': 44, 'stochastic_d': 43, 'stochastic_lower': 16, 'stochastic_upper': 90, 'en_mfi': True, 'mfi_n': 88, 'mfi_lower': 23, 'mfi_upper': 77, 'en_bollinger': True, 'bollinger_n': 136, 'bollinger_k': 4.6000000000000005, 'en_adx': False, 'adx_n': 98, 'adx_threshold': 12, 'en_structure_trend': False, 'structure_trend_swing_l': 8, 'en_order_block': True, 'order_block_swing_l': 9, 'en_fvg': True, 'fvg_lookback': 26, 'en_ifvg': False, 'en_breaker': True, 'breaker_swing_l': 11, 'en_cisd': False, 'k': 2, 'en_cap_bars': False, 'cap_1min': 1015}.
[I 2026-07-13 14:50:35,250] Trial 3679 finished with values: [-2068.4066904403853, -10235.14215274033, 61.45] and parameters: {'sl_soft': 0.16862822067814248, 'sl_hard_delta': 0.32898260416420594, 'tp': 0.0723159330955925, 'gate_pct': 96.58875153575434, 'dd_limit': 9.029015189980312, 'cooldown': 1, 'flip': False, 'en_ema_trend': False, 'ema_trend_fast': 24, 'ema_trend_slow': 162, 'en_sma_trend': True, 'sma_trend_fast': 313, 'sma_trend_slow': 57, 'en_macd': True, 'macd_fast': 65, 'macd_slow': 114, 'macd_signal': 42, 'en_vwap': False, 'en_keltner': True, 'keltner_n': 135, 'keltner_m': 2.1, 'en_obv': True, 'obv_slope': 30, 'en_cci': True, 'cci_n': 192, 'cci_threshold': 250, 'en_rsi': True, 'rsi_n': 78, 'rsi_lower': 5, 'rsi_upper': 88, 'en_stochastic': False, 'stochastic_n': 78, 'stochastic_d': 14, 'stochastic_lower': 24, 'stochastic_upper': 67, 'en_mfi': True, 'mfi_n': 82, 'mfi_lower': 11, 'mfi_upper': 88, 'en_bollinger': True, 'bollinger_n': 134, 'bollinger_k': 1.1, 'en_adx': False, 'adx_n': 22, 'adx_threshold': 38, 'en_structure_trend': False, 'structure_trend_swing_l': 12, 'en_order_block': False, 'order_block_swing_l': 4, 'en_fvg': False, 'fvg_lookback': 26, 'en_ifvg': False, 'en_breaker': True, 'breaker_swing_l': 19, 'en_cisd': False, 'k': 1, 'en_cap_bars': True, 'cap_1min': 797}.
[I 2026-07-13 14:50:36,196] Trial 3680 pruned. 
[I 2026-07-13 14:50:36,865] Trial 3681 pruned. 
[I 2026-07-13 14:50:39,055] Trial 3682 pruned. 
[I 2026-07-13 14:50:41,962] Trial 3683 pruned. 
[I 2026-07-13 14:50:42,200] Trial 3684 pruned. 
[I 2026-07-13 14:50:42,608] Trial 3685 pruned. 
[I 2026-07-13 14:50:42,942] Trial 3686 finished with values: [-1428.6800059075051, -11302.50159843964, 65.25] and parameters: {'sl_soft': 0.1874696923719585, 'sl_hard_delta': 0.15561443439996694, 'tp': 0.07457511102358977, 'gate_pct': 94.49469318363046, 'dd_limit': 8.739785173334672, 'cooldown': 0, 'flip': False, 'en_ema_trend': True, 'ema_trend_fast': 367, 'ema_trend_slow': 232, 'en_sma_trend': False, 'sma_trend_fast': 298, 'sma_trend_slow': 368, 'en_macd': True, 'macd_fast': 71, 'macd_slow': 56, 'macd_signal': 78, 'en_vwap': False, 'en_keltner': False, 'keltner_n': 181, 'keltner_m': 3.6, 'en_obv': True, 'obv_slope': 35, 'en_cci': False, 'cci_n': 15, 'cci_threshold': 140, 'en_rsi': True, 'rsi_n': 68, 'rsi_lower': 37, 'rsi_upper': 91, 'en_stochastic': True, 'stochastic_n': 77, 'stochastic_d': 18, 'stochastic_lower': 34, 'stochastic_upper': 96, 'en_mfi': False, 'mfi_n': 100, 'mfi_lower': 22, 'mfi_upper': 77, 'en_bollinger': False, 'bollinger_n': 101, 'bollinger_k': 4.2, 'en_adx': False, 'adx_n': 99, 'adx_threshold': 20, 'en_structure_trend': False, 'structure_trend_swing_l': 20, 'en_order_block': False, 'order_block_swing_l': 5, 'en_fvg': False, 'fvg_lookback': 30, 'en_ifvg': False, 'en_breaker': False, 'breaker_swing_l': 3, 'en_cisd': True, 'k': 1, 'en_cap_bars': True, 'cap_1min': 247}.
[I 2026-07-13 14:50:46,577] Trial 3687 finished with values: [-7157.326968156956, -20689.304889187166, 30.6] and parameters: {'sl_soft': 0.13593750415298386, 'sl_hard_delta': 0.26350679747876377, 'tp': 0.40999301905746527, 'gate_pct': 99.47218267450155, 'dd_limit': 0.6062953539401272, 'cooldown': 0, 'flip': False, 'en_ema_trend': True, 'ema_trend_fast': 84, 'ema_trend_slow': 377, 'en_sma_trend': True, 'sma_trend_fast': 353, 'sma_trend_slow': 200, 'en_macd': True, 'macd_fast': 83, 'macd_slow': 72, 'macd_signal': 82, 'en_vwap': True, 'en_keltner': False, 'keltner_n': 24, 'keltner_m': 2.6, 'en_obv': True, 'obv_slope': 61, 'en_cci': True, 'cci_n': 4, 'cci_threshold': 300, 'en_rsi': True, 'rsi_n': 31, 'rsi_lower': 30, 'rsi_upper': 66, 'en_stochastic': False, 'stochastic_n': 95, 'stochastic_d': 28, 'stochastic_lower': 23, 'stochastic_upper': 91, 'en_mfi': False, 'mfi_n': 62, 'mfi_lower': 22, 'mfi_upper': 64, 'en_bollinger': True, 'bollinger_n': 49, 'bollinger_k': 2.8000000000000003, 'en_adx': False, 'adx_n': 50, 'adx_threshold': 24, 'en_structure_trend': True, 'structure_trend_swing_l': 17, 'en_order_block': True, 'order_block_swing_l': 4, 'en_fvg': True, 'fvg_lookback': 7, 'en_ifvg': False, 'en_breaker': False, 'breaker_swing_l': 6, 'en_cisd': True, 'k': 2, 'en_cap_bars': False, 'cap_1min': 1134}.
[I 2026-07-13 14:50:48,516] Trial 3688 finished with values: [1760.9213639210354, -23902.956764793693, 25.85] and parameters: {'sl_soft': 0.05659865426304895, 'sl_hard_delta': 0.2600002949787223, 'tp': 0.3322153223243982, 'gate_pct': 95.15790739353048, 'dd_limit': 3.177401405918999, 'cooldown': 0, 'flip': False, 'en_ema_trend': True, 'ema_trend_fast': 126, 'ema_trend_slow': 304, 'en_sma_trend': False, 'sma_trend_fast': 360, 'sma_trend_slow': 35, 'en_macd': True, 'macd_fast': 80, 'macd_slow': 161, 'macd_signal': 43, 'en_vwap': True, 'en_keltner': True, 'keltner_n': 123, 'keltner_m': 3.5, 'en_obv': True, 'obv_slope': 99, 'en_cci': False, 'cci_n': 20, 'cci_threshold': 65, 'en_rsi': False, 'rsi_n': 97, 'rsi_lower': 1, 'rsi_upper': 81, 'en_stochastic': False, 'stochastic_n': 41, 'stochastic_d': 2, 'stochastic_lower': 40, 'stochastic_upper': 57, 'en_mfi': False, 'mfi_n': 11, 'mfi_lower': 2, 'mfi_upper': 54, 'en_bollinger': False, 'bollinger_n': 143, 'bollinger_k': 2.7, 'en_adx': False, 'adx_n': 35, 'adx_threshold': 35, 'en_structure_trend': True, 'structure_trend_swing_l': 3, 'en_order_block': True, 'order_block_swing_l': 16, 'en_fvg': False, 'fvg_lookback': 24, 'en_ifvg': False, 'en_breaker': True, 'breaker_swing_l': 8, 'en_cisd': True, 'k': 3, 'en_cap_bars': False, 'cap_1min': 591}.
[I 2026-07-13 14:50:48,731] Trial 3689 finished with values: [1665.7793639186202, -5236.185994602564, 74.15] and parameters: {'sl_soft': 0.17833830668719855, 'sl_hard_delta': 0.38069755865652133, 'tp': 0.0859209336931621, 'gate_pct': 99.4732844060646, 'dd_limit': 4.17581929961137, 'cooldown': 0, 'flip': False, 'en_ema_trend': False, 'ema_trend_fast': 149, 'ema_trend_slow': 84, 'en_sma_trend': True, 'sma_trend_fast': 182, 'sma_trend_slow': 309, 'en_macd': True, 'macd_fast': 6, 'macd_slow': 157, 'macd_signal': 6, 'en_vwap': True, 'en_keltner': False, 'keltner_n': 102, 'keltner_m': 4.2, 'en_obv': True, 'obv_slope': 161, 'en_cci': False, 'cci_n': 38, 'cci_threshold': 245, 'en_rsi': False, 'rsi_n': 25, 'rsi_lower': 4, 'rsi_upper': 72, 'en_stochastic': False, 'stochastic_n': 72, 'stochastic_d': 27, 'stochastic_lower': 49, 'stochastic_upper': 75, 'en_mfi': True, 'mfi_n': 54, 'mfi_lower': 49, 'mfi_upper': 78, 'en_bollinger': True, 'bollinger_n': 171, 'bollinger_k': 4.7, 'en_adx': False, 'adx_n': 78, 'adx_threshold': 40, 'en_structure_trend': True, 'structure_trend_swing_l': 13, 'en_order_block': True, 'order_block_swing_l': 18, 'en_fvg': True, 'fvg_lookback': 47, 'en_ifvg': False, 'en_breaker': False, 'breaker_swing_l': 10, 'en_cisd': True, 'k': 4, 'en_cap_bars': True, 'cap_1min': 436}.
[I 2026-07-13 14:50:51,169] Trial 3690 pruned. 
[I 2026-07-13 14:50:52,563] Trial 3691 finished with values: [-3279.0394367069093, -9970.239873111062, 70.2] and parameters: {'sl_soft': 0.28744342537097295, 'sl_hard_delta': 0.10840870068056514, 'tp': 0.1203254347554967, 'gate_pct': 99.80126570295228, 'dd_limit': 3.764472083874483, 'cooldown': 1, 'flip': False, 'en_ema_trend': True, 'ema_trend_fast': 83, 'ema_trend_slow': 100, 'en_sma_trend': True, 'sma_trend_fast': 320, 'sma_trend_slow': 262, 'en_macd': True, 'macd_fast': 98, 'macd_slow': 150, 'macd_signal': 4, 'en_vwap': False, 'en_keltner': False, 'keltner_n': 89, 'keltner_m': 2.8000000000000003, 'en_obv': True, 'obv_slope': 52, 'en_cci': True, 'cci_n': 107, 'cci_threshold': 35, 'en_rsi': False, 'rsi_n': 95, 'rsi_lower': 10, 'rsi_upper': 63, 'en_stochastic': False, 'stochastic_n': 36, 'stochastic_d': 29, 'stochastic_lower': 10, 'stochastic_upper': 89, 'en_mfi': False, 'mfi_n': 56, 'mfi_lower': 31, 'mfi_upper': 74, 'en_bollinger': False, 'bollinger_n': 90, 'bollinger_k': 1.2000000000000002, 'en_adx': False, 'adx_n': 56, 'adx_threshold': 27, 'en_structure_trend': False, 'structure_trend_swing_l': 1, 'en_order_block': False, 'order_block_swing_l': 19, 'en_fvg': True, 'fvg_lookback': 19, 'en_ifvg': True, 'en_breaker': True, 'breaker_swing_l': 19, 'en_cisd': False, 'k': 2, 'en_cap_bars': True, 'cap_1min': 852}.
[I 2026-07-13 14:50:54,797] Trial 3692 finished with values: [-1109.2206360814139, -12853.53216403145, 68.55] and parameters: {'sl_soft': 0.16996140481300154, 'sl_hard_delta': 0.23899777104476055, 'tp': 0.0859209336931621, 'gate_pct': 98.14251198602311, 'dd_limit': 5.319419455229414, 'cooldown': 1, 'flip': False, 'en_ema_trend': True, 'ema_trend_fast': 79, 'ema_trend_slow': 84, 'en_sma_trend': True, 'sma_trend_fast': 182, 'sma_trend_slow': 117, 'en_macd': True, 'macd_fast': 6, 'macd_slow': 188, 'macd_signal': 50, 'en_vwap': True, 'en_keltner': False, 'keltner_n': 42, 'keltner_m': 4.6000000000000005, 'en_obv': True, 'obv_slope': 161, 'en_cci': False, 'cci_n': 38, 'cci_threshold': 245, 'en_rsi': False, 'rsi_n': 25, 'rsi_lower': 26, 'rsi_upper': 75, 'en_stochastic': False, 'stochastic_n': 62, 'stochastic_d': 41, 'stochastic_lower': 22, 'stochastic_upper': 75, 'en_mfi': True, 'mfi_n': 98, 'mfi_lower': 16, 'mfi_upper': 78, 'en_bollinger': True, 'bollinger_n': 171, 'bollinger_k': 4.7, 'en_adx': False, 'adx_n': 78, 'adx_threshold': 40, 'en_structure_trend': True, 'structure_trend_swing_l': 13, 'en_order_block': False, 'order_block_swing_l': 13, 'en_fvg': True, 'fvg_lookback': 29, 'en_ifvg': False, 'en_breaker': False, 'breaker_swing_l': 18, 'en_cisd': True, 'k': 4, 'en_cap_bars': True, 'cap_1min': 1016}.
[I 2026-07-13 14:50:55,083] Trial 3693 finished with values: [4259.431250315728, -7393.255261316153, 40.75] and parameters: {'sl_soft': 0.17938821132339003, 'sl_hard_delta': 0.02773398661249211, 'tp': 0.3646363833550231, 'gate_pct': 97.13251208528087, 'dd_limit': 8.388581421404096, 'cooldown': 1, 'flip': False, 'en_ema_trend': False, 'ema_trend_fast': 229, 'ema_trend_slow': 333, 'en_sma_trend': True, 'sma_trend_fast': 228, 'sma_trend_slow': 151, 'en_macd': False, 'macd_fast': 17, 'macd_slow': 188, 'macd_signal': 17, 'en_vwap': True, 'en_keltner': True, 'keltner_n': 2, 'keltner_m': 1.2000000000000002, 'en_obv': True, 'obv_slope': 63, 'en_cci': True, 'cci_n': 51, 'cci_threshold': 90, 'en_rsi': True, 'rsi_n': 38, 'rsi_lower': 9, 'rsi_upper': 72, 'en_stochastic': False, 'stochastic_n': 83, 'stochastic_d': 18, 'stochastic_lower': 37, 'stochastic_upper': 61, 'en_mfi': False, 'mfi_n': 17, 'mfi_lower': 3, 'mfi_upper': 68, 'en_bollinger': True, 'bollinger_n': 34, 'bollinger_k': 4.9, 'en_adx': False, 'adx_n': 51, 'adx_threshold': 11, 'en_structure_trend': False, 'structure_trend_swing_l': 15, 'en_order_block': False, 'order_block_swing_l': 14, 'en_fvg': True, 'fvg_lookback': 25, 'en_ifvg': False, 'en_breaker': True, 'breaker_swing_l': 13, 'en_cisd': True, 'k': 2, 'en_cap_bars': True, 'cap_1min': 390}.
[I 2026-07-13 14:50:58,245] Trial 3694 pruned. 
[I 2026-07-13 14:51:05,820] Trial 3695 finished with values: [2137.0395485399545, -9583.48948519408, 57.3] and parameters: {'sl_soft': 0.250255701797681, 'sl_hard_delta': 0.1134020425548124, 'tp': 0.2709776934570576, 'gate_pct': 98.72479828405353, 'dd_limit': 6.844711394584541, 'cooldown': 2, 'flip': True, 'en_ema_trend': True, 'ema_trend_fast': 81, 'ema_trend_slow': 294, 'en_sma_trend': True, 'sma_trend_fast': 382, 'sma_trend_slow': 115, 'en_macd': True, 'macd_fast': 61, 'macd_slow': 23, 'macd_signal': 38, 'en_vwap': False, 'en_keltner': False, 'keltner_n': 146, 'keltner_m': 1.2000000000000002, 'en_obv': False, 'obv_slope': 69, 'en_cci': True, 'cci_n': 112, 'cci_threshold': 30, 'en_rsi': True, 'rsi_n': 78, 'rsi_lower': 8, 'rsi_upper': 59, 'en_stochastic': True, 'stochastic_n': 71, 'stochastic_d': 43, 'stochastic_lower': 2, 'stochastic_upper': 97, 'en_mfi': False, 'mfi_n': 94, 'mfi_lower': 43, 'mfi_upper': 62, 'en_bollinger': False, 'bollinger_n': 189, 'bollinger_k': 1.1, 'en_adx': False, 'adx_n': 37, 'adx_threshold': 43, 'en_structure_trend': False, 'structure_trend_swing_l': 7, 'en_order_block': False, 'order_block_swing_l': 4, 'en_fvg': False, 'fvg_lookback': 20, 'en_ifvg': False, 'en_breaker': True, 'breaker_swing_l': 14, 'en_cisd': True, 'k': 2, 'en_cap_bars': True, 'cap_1min': 1239}.
[I 2026-07-13 14:51:06,911] Trial 3696 finished with values: [776.5720541969229, -12123.29485971537, 41.95] and parameters: {'sl_soft': 0.05117500963998454, 'sl_hard_delta': 0.2819902429029437, 'tp': 0.1553752547785832, 'gate_pct': 95.4952585196385, 'dd_limit': 9.029015189980312, 'cooldown': 2, 'flip': False, 'en_ema_trend': False, 'ema_trend_fast': 24, 'ema_trend_slow': 397, 'en_sma_trend': True, 'sma_trend_fast': 198, 'sma_trend_slow': 57, 'en_macd': False, 'macd_fast': 53, 'macd_slow': 91, 'macd_signal': 61, 'en_vwap': False, 'en_keltner': True, 'keltner_n': 135, 'keltner_m': 2.1, 'en_obv': True, 'obv_slope': 160, 'en_cci': True, 'cci_n': 13, 'cci_threshold': 250, 'en_rsi': False, 'rsi_n': 95, 'rsi_lower': 29, 'rsi_upper': 99, 'en_stochastic': False, 'stochastic_n': 78, 'stochastic_d': 14, 'stochastic_lower': 4, 'stochastic_upper': 78, 'en_mfi': False, 'mfi_n': 20, 'mfi_lower': 11, 'mfi_upper': 84, 'en_bollinger': True, 'bollinger_n': 194, 'bollinger_k': 4.2, 'en_adx': False, 'adx_n': 22, 'adx_threshold': 38, 'en_structure_trend': True, 'structure_trend_swing_l': 4, 'en_order_block': False, 'order_block_swing_l': 4, 'en_fvg': False, 'fvg_lookback': 37, 'en_ifvg': False, 'en_breaker': False, 'breaker_swing_l': 11, 'en_cisd': False, 'k': 1, 'en_cap_bars': False, 'cap_1min': 99}.
[I 2026-07-13 14:51:08,001] Trial 3697 pruned. 
[I 2026-07-13 14:51:09,003] Trial 3698 pruned. 
[I 2026-07-13 14:51:10,322] Trial 3699 finished with values: [1183.0222575581024, -9071.435995830441, 42.5] and parameters: {'sl_soft': 0.08693295070750123, 'sl_hard_delta': 0.3817260073301948, 'tp': 0.20821410010424984, 'gate_pct': 99.80126570295228, 'dd_limit': 7.351713918926211, 'cooldown': 1, 'flip': False, 'en_ema_trend': True, 'ema_trend_fast': 176, 'ema_trend_slow': 231, 'en_sma_trend': True, 'sma_trend_fast': 166, 'sma_trend_slow': 283, 'en_macd': True, 'macd_fast': 64, 'macd_slow': 43, 'macd_signal': 37, 'en_vwap': True, 'en_keltner': False, 'keltner_n': 89, 'keltner_m': 2.8000000000000003, 'en_obv': True, 'obv_slope': 76, 'en_cci': True, 'cci_n': 8, 'cci_threshold': 35, 'en_rsi': False, 'rsi_n': 21, 'rsi_lower': 30, 'rsi_upper': 76, 'en_stochastic': False, 'stochastic_n': 8, 'stochastic_d': 31, 'stochastic_lower': 10, 'stochastic_upper': 89, 'en_mfi': False, 'mfi_n': 44, 'mfi_lower': 45, 'mfi_upper': 65, 'en_bollinger': False, 'bollinger_n': 120, 'bollinger_k': 1.2000000000000002, 'en_adx': False, 'adx_n': 8, 'adx_threshold': 27, 'en_structure_trend': False, 'structure_trend_swing_l': 19, 'en_order_block': False, 'order_block_swing_l': 4, 'en_fvg': True, 'fvg_lookback': 19, 'en_ifvg': True, 'en_breaker': False, 'breaker_swing_l': 19, 'en_cisd': True, 'k': 1, 'en_cap_bars': True, 'cap_1min': 1189}.
[I 2026-07-13 14:51:13,050] Trial 3700 finished with values: [746.0171610644288, -11742.090247036716, 41.75] and parameters: {'sl_soft': 0.12406282734192264, 'sl_hard_delta': 0.008770405026788016, 'tp': 0.2431031899526056, 'gate_pct': 95.4952585196385, 'dd_limit': 6.7928516530416, 'cooldown': 1, 'flip': False, 'en_ema_trend': False, 'ema_trend_fast': 318, 'ema_trend_slow': 152, 'en_sma_trend': True, 'sma_trend_fast': 313, 'sma_trend_slow': 233, 'en_macd': False, 'macd_fast': 12, 'macd_slow': 114, 'macd_signal': 16, 'en_vwap': False, 'en_keltner': True, 'keltner_n': 66, 'keltner_m': 0.7, 'en_obv': False, 'obv_slope': 160, 'en_cci': True, 'cci_n': 13, 'cci_threshold': 120, 'en_rsi': True, 'rsi_n': 53, 'rsi_lower': 29, 'rsi_upper': 76, 'en_stochastic': False, 'stochastic_n': 54, 'stochastic_d': 5, 'stochastic_lower': 16, 'stochastic_upper': 67, 'en_mfi': False, 'mfi_n': 20, 'mfi_lower': 24, 'mfi_upper': 88, 'en_bollinger': True, 'bollinger_n': 195, 'bollinger_k': 4.1, 'en_adx': False, 'adx_n': 76, 'adx_threshold': 41, 'en_structure_trend': False, 'structure_trend_swing_l': 4, 'en_order_block': True, 'order_block_swing_l': 18, 'en_fvg': False, 'fvg_lookback': 26, 'en_ifvg': False, 'en_breaker': True, 'breaker_swing_l': 8, 'en_cisd': False, 'k': 3, 'en_cap_bars': True, 'cap_1min': 833}.
[I 2026-07-13 14:51:14,631] Trial 3701 pruned. 
[I 2026-07-13 14:51:16,916] Trial 3702 finished with values: [825.9770296856848, -17698.445557530573, 76.85] and parameters: {'sl_soft': 0.29406552811412545, 'sl_hard_delta': 0.38069755865652133, 'tp': 0.0859209336931621, 'gate_pct': 97.87184393359011, 'dd_limit': 4.17581929961137, 'cooldown': 0, 'flip': False, 'en_ema_trend': True, 'ema_trend_fast': 149, 'ema_trend_slow': 377, 'en_sma_trend': True, 'sma_trend_fast': 182, 'sma_trend_slow': 309, 'en_macd': True, 'macd_fast': 6, 'macd_slow': 72, 'macd_signal': 6, 'en_vwap': True, 'en_keltner': False, 'keltner_n': 24, 'keltner_m': 1.3, 'en_obv': True, 'obv_slope': 61, 'en_cci': False, 'cci_n': 38, 'cci_threshold': 250, 'en_rsi': False, 'rsi_n': 25, 'rsi_lower': 4, 'rsi_upper': 66, 'en_stochastic': False, 'stochastic_n': 72, 'stochastic_d': 28, 'stochastic_lower': 42, 'stochastic_upper': 91, 'en_mfi': False, 'mfi_n': 19, 'mfi_lower': 49, 'mfi_upper': 78, 'en_bollinger': False, 'bollinger_n': 171, 'bollinger_k': 2.8000000000000003, 'en_adx': False, 'adx_n': 50, 'adx_threshold': 40, 'en_structure_trend': True, 'structure_trend_swing_l': 13, 'en_order_block': True, 'order_block_swing_l': 18, 'en_fvg': True, 'fvg_lookback': 7, 'en_ifvg': False, 'en_breaker': True, 'breaker_swing_l': 6, 'en_cisd': False, 'k': 4, 'en_cap_bars': False, 'cap_1min': 436}.
