[I 2026-07-13 14:54:48,295] Trial 3791 finished with values: [1397.0953148972658, -10516.443608812337, 56.8] and parameters: {'sl_soft': 0.250255701797681, 'sl_hard_delta': 0.1134020425548124, 'tp': 0.2709776934570576, 'gate_pct': 98.72479828405353, 'dd_limit': 6.844711394584541, 'cooldown': 2, 'flip': True, 'en_ema_trend': True, 'ema_trend_fast': 81, 'ema_trend_slow': 294, 'en_sma_trend': True, 'sma_trend_fast': 382, 'sma_trend_slow': 115, 'en_macd': True, 'macd_fast': 61, 'macd_slow': 23, 'macd_signal': 38, 'en_vwap': False, 'en_keltner': False, 'keltner_n': 146, 'keltner_m': 1.2000000000000002, 'en_obv': False, 'obv_slope': 69, 'en_cci': True, 'cci_n': 112, 'cci_threshold': 30, 'en_rsi': True, 'rsi_n': 78, 'rsi_lower': 26, 'rsi_upper': 59, 'en_stochastic': False, 'stochastic_n': 82, 'stochastic_d': 43, 'stochastic_lower': 2, 'stochastic_upper': 97, 'en_mfi': False, 'mfi_n': 94, 'mfi_lower': 43, 'mfi_upper': 62, 'en_bollinger': False, 'bollinger_n': 189, 'bollinger_k': 1.1, 'en_adx': False, 'adx_n': 37, 'adx_threshold': 43, 'en_structure_trend': False, 'structure_trend_swing_l': 7, 'en_order_block': False, 'order_block_swing_l': 4, 'en_fvg': False, 'fvg_lookback': 20, 'en_ifvg': False, 'en_breaker': True, 'breaker_swing_l': 14, 'en_cisd': True, 'k': 2, 'en_cap_bars': True, 'cap_1min': 1239}.
[I 2026-07-13 14:54:50,888] Trial 3792 finished with values: [204.26769275411868, -4176.976657671005, 70.4] and parameters: {'sl_soft': 0.15918195032780505, 'sl_hard_delta': 0.38069755865652133, 'tp': 0.0859209336931621, 'gate_pct': 99.4732844060646, 'dd_limit': 4.17581929961137, 'cooldown': 1, 'flip': False, 'en_ema_trend': False, 'ema_trend_fast': 149, 'ema_trend_slow': 84, 'en_sma_trend': True, 'sma_trend_fast': 372, 'sma_trend_slow': 309, 'en_macd': True, 'macd_fast': 6, 'macd_slow': 43, 'macd_signal': 6, 'en_vwap': True, 'en_keltner': False, 'keltner_n': 89, 'keltner_m': 4.2, 'en_obv': True, 'obv_slope': 161, 'en_cci': False, 'cci_n': 38, 'cci_threshold': 145, 'en_rsi': False, 'rsi_n': 25, 'rsi_lower': 4, 'rsi_upper': 76, 'en_stochastic': False, 'stochastic_n': 72, 'stochastic_d': 31, 'stochastic_lower': 49, 'stochastic_upper': 89, 'en_mfi': True, 'mfi_n': 54, 'mfi_lower': 49, 'mfi_upper': 78, 'en_bollinger': True, 'bollinger_n': 171, 'bollinger_k': 4.0, 'en_adx': False, 'adx_n': 78, 'adx_threshold': 40, 'en_structure_trend': True, 'structure_trend_swing_l': 13, 'en_order_block': True, 'order_block_swing_l': 18, 'en_fvg': True, 'fvg_lookback': 19, 'en_ifvg': False, 'en_breaker': True, 'breaker_swing_l': 10, 'en_cisd': True, 'k': 4, 'en_cap_bars': True, 'cap_1min': 436}.
[I 2026-07-13 14:54:51,777] Trial 3793 pruned. 
[I 2026-07-13 14:54:52,845] Trial 3794 pruned. 
[I 2026-07-13 14:54:58,570] Trial 3795 finished with values: [-1339.340290550304, -15288.673149594342, 63.75] and parameters: {'sl_soft': 0.29406552811412545, 'sl_hard_delta': 0.26350679747876377, 'tp': 0.14518538625129632, 'gate_pct': 99.3861717774851, 'dd_limit': 6.844711394584541, 'cooldown': 2, 'flip': False, 'en_ema_trend': True, 'ema_trend_fast': 195, 'ema_trend_slow': 377, 'en_sma_trend': True, 'sma_trend_fast': 177, 'sma_trend_slow': 200, 'en_macd': True, 'macd_fast': 33, 'macd_slow': 72, 'macd_signal': 38, 'en_vwap': True, 'en_keltner': False, 'keltner_n': 22, 'keltner_m': 1.2000000000000002, 'en_obv': True, 'obv_slope': 61, 'en_cci': True, 'cci_n': 112, 'cci_threshold': 250, 'en_rsi': True, 'rsi_n': 78, 'rsi_lower': 9, 'rsi_upper': 63, 'en_stochastic': True, 'stochastic_n': 45, 'stochastic_d': 28, 'stochastic_lower': 21, 'stochastic_upper': 91, 'en_mfi': False, 'mfi_n': 9, 'mfi_lower': 22, 'mfi_upper': 62, 'en_bollinger': False, 'bollinger_n': 189, 'bollinger_k': 2.8000000000000003, 'en_adx': False, 'adx_n': 37, 'adx_threshold': 24, 'en_structure_trend': True, 'structure_trend_swing_l': 7, 'en_order_block': True, 'order_block_swing_l': 11, 'en_fvg': False, 'fvg_lookback': 7, 'en_ifvg': False, 'en_breaker': True, 'breaker_swing_l': 6, 'en_cisd': False, 'k': 4, 'en_cap_bars': True, 'cap_1min': 1239}.
[I 2026-07-13 14:55:02,936] Trial 3796 finished with values: [-1579.6016726101493, -10738.42033452202, 70.65] and parameters: {'sl_soft': 0.29406552811412545, 'sl_hard_delta': 0.26350679747876377, 'tp': 0.0723159330955925, 'gate_pct': 97.87184393359011, 'dd_limit': 2.148868534229736, 'cooldown': 2, 'flip': True, 'en_ema_trend': True, 'ema_trend_fast': 195, 'ema_trend_slow': 377, 'en_sma_trend': True, 'sma_trend_fast': 44, 'sma_trend_slow': 200, 'en_macd': True, 'macd_fast': 65, 'macd_slow': 114, 'macd_signal': 45, 'en_vwap': False, 'en_keltner': True, 'keltner_n': 197, 'keltner_m': 1.3, 'en_obv': False, 'obv_slope': 30, 'en_cci': True, 'cci_n': 142, 'cci_threshold': 250, 'en_rsi': True, 'rsi_n': 93, 'rsi_lower': 12, 'rsi_upper': 76, 'en_stochastic': False, 'stochastic_n': 54, 'stochastic_d': 31, 'stochastic_lower': 42, 'stochastic_upper': 67, 'en_mfi': False, 'mfi_n': 82, 'mfi_lower': 24, 'mfi_upper': 88, 'en_bollinger': True, 'bollinger_n': 195, 'bollinger_k': 2.8000000000000003, 'en_adx': False, 'adx_n': 50, 'adx_threshold': 41, 'en_structure_trend': True, 'structure_trend_swing_l': 6, 'en_order_block': True, 'order_block_swing_l': 11, 'en_fvg': True, 'fvg_lookback': 7, 'en_ifvg': False, 'en_breaker': True, 'breaker_swing_l': 1, 'en_cisd': False, 'k': 1, 'en_cap_bars': False, 'cap_1min': 1250}.
[I 2026-07-13 14:55:04,510] Trial 3797 finished with values: [1104.593369315996, -16266.723492993264, 77.35] and parameters: {'sl_soft': 0.29406552811412545, 'sl_hard_delta': 0.38069755865652133, 'tp': 0.0859209336931621, 'gate_pct': 97.87184393359011, 'dd_limit': 4.17581929961137, 'cooldown': 0, 'flip': False, 'en_ema_trend': True, 'ema_trend_fast': 76, 'ema_trend_slow': 377, 'en_sma_trend': True, 'sma_trend_fast': 268, 'sma_trend_slow': 309, 'en_macd': True, 'macd_fast': 6, 'macd_slow': 157, 'macd_signal': 6, 'en_vwap': True, 'en_keltner': False, 'keltner_n': 24, 'keltner_m': 3.6, 'en_obv': True, 'obv_slope': 61, 'en_cci': True, 'cci_n': 38, 'cci_threshold': 250, 'en_rsi': False, 'rsi_n': 25, 'rsi_lower': 4, 'rsi_upper': 72, 'en_stochastic': False, 'stochastic_n': 72, 'stochastic_d': 40, 'stochastic_lower': 42, 'stochastic_upper': 75, 'en_mfi': False, 'mfi_n': 19, 'mfi_lower': 33, 'mfi_upper': 94, 'en_bollinger': False, 'bollinger_n': 171, 'bollinger_k': 2.8000000000000003, 'en_adx': False, 'adx_n': 78, 'adx_threshold': 40, 'en_structure_trend': True, 'structure_trend_swing_l': 14, 'en_order_block': True, 'order_block_swing_l': 18, 'en_fvg': True, 'fvg_lookback': 7, 'en_ifvg': False, 'en_breaker': False, 'breaker_swing_l': 11, 'en_cisd': True, 'k': 4, 'en_cap_bars': False, 'cap_1min': 436}.
[I 2026-07-13 14:55:06,405] Trial 3798 finished with values: [871.9416294627712, -4369.7295611914915, 70.7] and parameters: {'sl_soft': 0.29406552811412545, 'sl_hard_delta': 0.16099270163194943, 'tp': 0.14518538625129632, 'gate_pct': 97.87184393359011, 'dd_limit': 2.195466302790515, 'cooldown': 2, 'flip': False, 'en_ema_trend': True, 'ema_trend_fast': 195, 'ema_trend_slow': 123, 'en_sma_trend': False, 'sma_trend_fast': 353, 'sma_trend_slow': 200, 'en_macd': True, 'macd_fast': 70, 'macd_slow': 72, 'macd_signal': 47, 'en_vwap': True, 'en_keltner': False, 'keltner_n': 39, 'keltner_m': 4.7, 'en_obv': True, 'obv_slope': 61, 'en_cci': True, 'cci_n': 4, 'cci_threshold': 250, 'en_rsi': True, 'rsi_n': 45, 'rsi_lower': 15, 'rsi_upper': 89, 'en_stochastic': False, 'stochastic_n': 95, 'stochastic_d': 28, 'stochastic_lower': 42, 'stochastic_upper': 91, 'en_mfi': False, 'mfi_n': 19, 'mfi_lower': 1, 'mfi_upper': 73, 'en_bollinger': False, 'bollinger_n': 158, 'bollinger_k': 4.2, 'en_adx': False, 'adx_n': 51, 'adx_threshold': 24, 'en_structure_trend': True, 'structure_trend_swing_l': 17, 'en_order_block': True, 'order_block_swing_l': 6, 'en_fvg': True, 'fvg_lookback': 50, 'en_ifvg': True, 'en_breaker': True, 'breaker_swing_l': 6, 'en_cisd': False, 'k': 4, 'en_cap_bars': False, 'cap_1min': 1134}.
[I 2026-07-13 14:55:11,572] Trial 3799 finished with values: [-1621.7557406022465, -5667.5420222863695, 41.95] and parameters: {'sl_soft': 0.08693295070750123, 'sl_hard_delta': 0.3536147025141028, 'tp': 0.14518538625129632, 'gate_pct': 98.80229380351075, 'dd_limit': 7.351713918926211, 'cooldown': 2, 'flip': False, 'en_ema_trend': True, 'ema_trend_fast': 176, 'ema_trend_slow': 231, 'en_sma_trend': True, 'sma_trend_fast': 44, 'sma_trend_slow': 28, 'en_macd': False, 'macd_fast': 70, 'macd_slow': 72, 'macd_signal': 37, 'en_vwap': True, 'en_keltner': True, 'keltner_n': 24, 'keltner_m': 1.3, 'en_obv': True, 'obv_slope': 76, 'en_cci': True, 'cci_n': 142, 'cci_threshold': 250, 'en_rsi': False, 'rsi_n': 21, 'rsi_lower': 43, 'rsi_upper': 66, 'en_stochastic': True, 'stochastic_n': 31, 'stochastic_d': 28, 'stochastic_lower': 42, 'stochastic_upper': 87, 'en_mfi': False, 'mfi_n': 44, 'mfi_lower': 22, 'mfi_upper': 65, 'en_bollinger': False, 'bollinger_n': 149, 'bollinger_k': 2.8000000000000003, 'en_adx': False, 'adx_n': 8, 'adx_threshold': 24, 'en_structure_trend': True, 'structure_trend_swing_l': 19, 'en_order_block': True, 'order_block_swing_l': 11, 'en_fvg': False, 'fvg_lookback': 30, 'en_ifvg': False, 'en_breaker': False, 'breaker_swing_l': 20, 'en_cisd': False, 'k': 4, 'en_cap_bars': False, 'cap_1min': 1250}.
[I 2026-07-13 14:55:13,495] Trial 3800 finished with values: [1235.7893988226817, -4915.235951781298, 72.75] and parameters: {'sl_soft': 0.15918195032780505, 'sl_hard_delta': 0.34807457696003896, 'tp': 0.0859209336931621, 'gate_pct': 99.4732844060646, 'dd_limit': 4.17581929961137, 'cooldown': 0, 'flip': False, 'en_ema_trend': True, 'ema_trend_fast': 367, 'ema_trend_slow': 100, 'en_sma_trend': True, 'sma_trend_fast': 372, 'sma_trend_slow': 50, 'en_macd': True, 'macd_fast': 39, 'macd_slow': 43, 'macd_signal': 98, 'en_vwap': False, 'en_keltner': False, 'keltner_n': 102, 'keltner_m': 0.7, 'en_obv': True, 'obv_slope': 161, 'en_cci': True, 'cci_n': 92, 'cci_threshold': 245, 'en_rsi': False, 'rsi_n': 25, 'rsi_lower': 4, 'rsi_upper': 90, 'en_stochastic': False, 'stochastic_n': 72, 'stochastic_d': 31, 'stochastic_lower': 10, 'stochastic_upper': 78, 'en_mfi': True, 'mfi_n': 54, 'mfi_lower': 49, 'mfi_upper': 78, 'en_bollinger': False, 'bollinger_n': 120, 'bollinger_k': 1.2000000000000002, 'en_adx': False, 'adx_n': 11, 'adx_threshold': 27, 'en_structure_trend': False, 'structure_trend_swing_l': 1, 'en_order_block': True, 'order_block_swing_l': 19, 'en_fvg': True, 'fvg_lookback': 47, 'en_ifvg': False, 'en_breaker': False, 'breaker_swing_l': 10, 'en_cisd': True, 'k': 1, 'en_cap_bars': False, 'cap_1min': 852}.
[I 2026-07-13 14:55:15,114] Trial 3801 pruned. 
[I 2026-07-13 14:55:15,395] Trial 3802 finished with values: [1479.6518373790584, -8618.63112347422, 36.25] and parameters: {'sl_soft': 0.08693295070750123, 'sl_hard_delta': 0.3817260073301948, 'tp': 0.2734748639228072, 'gate_pct': 99.80126570295228, 'dd_limit': 7.351713918926211, 'cooldown': 1, 'flip': False, 'en_ema_trend': True, 'ema_trend_fast': 176, 'ema_trend_slow': 231, 'en_sma_trend': True, 'sma_trend_fast': 166, 'sma_trend_slow': 283, 'en_macd': True, 'macd_fast': 64, 'macd_slow': 43, 'macd_signal': 37, 'en_vwap': True, 'en_keltner': False, 'keltner_n': 89, 'keltner_m': 2.8000000000000003, 'en_obv': True, 'obv_slope': 76, 'en_cci': True, 'cci_n': 8, 'cci_threshold': 35, 'en_rsi': False, 'rsi_n': 21, 'rsi_lower': 30, 'rsi_upper': 76, 'en_stochastic': False, 'stochastic_n': 8, 'stochastic_d': 31, 'stochastic_lower': 10, 'stochastic_upper': 89, 'en_mfi': False, 'mfi_n': 44, 'mfi_lower': 45, 'mfi_upper': 65, 'en_bollinger': False, 'bollinger_n': 120, 'bollinger_k': 1.2000000000000002, 'en_adx': False, 'adx_n': 8, 'adx_threshold': 27, 'en_structure_trend': False, 'structure_trend_swing_l': 19, 'en_order_block': False, 'order_block_swing_l': 4, 'en_fvg': True, 'fvg_lookback': 19, 'en_ifvg': True, 'en_breaker': False, 'breaker_swing_l': 19, 'en_cisd': True, 'k': 1, 'en_cap_bars': True, 'cap_1min': 1189}.
[I 2026-07-13 14:55:16,255] Trial 3803 pruned. 
[I 2026-07-13 14:55:17,414] Trial 3804 pruned. 
[I 2026-07-13 14:55:18,257] Trial 3805 pruned. 
[I 2026-07-13 14:55:19,734] Trial 3806 pruned. 
[I 2026-07-13 14:55:21,847] Trial 3807 finished with values: [-548.5440142642697, -23344.772401533795, 66.7] and parameters: {'sl_soft': 0.16862822067814248, 'sl_hard_delta': 0.2685056686218194, 'tp': 0.0723159330955925, 'gate_pct': 96.58875153575434, 'dd_limit': 5.539485164098047, 'cooldown': 1, 'flip': False, 'en_ema_trend': False, 'ema_trend_fast': 318, 'ema_trend_slow': 162, 'en_sma_trend': False, 'sma_trend_fast': 134, 'sma_trend_slow': 94, 'en_macd': True, 'macd_fast': 16, 'macd_slow': 168, 'macd_signal': 42, 'en_vwap': True, 'en_keltner': True, 'keltner_n': 197, 'keltner_m': 0.7, 'en_obv': False, 'obv_slope': 99, 'en_cci': True, 'cci_n': 20, 'cci_threshold': 65, 'en_rsi': True, 'rsi_n': 78, 'rsi_lower': 31, 'rsi_upper': 71, 'en_stochastic': False, 'stochastic_n': 54, 'stochastic_d': 5, 'stochastic_lower': 12, 'stochastic_upper': 79, 'en_mfi': False, 'mfi_n': 52, 'mfi_lower': 24, 'mfi_upper': 88, 'en_bollinger': False, 'bollinger_n': 143, 'bollinger_k': 2.6, 'en_adx': False, 'adx_n': 30, 'adx_threshold': 44, 'en_structure_trend': True, 'structure_trend_swing_l': 6, 'en_order_block': True, 'order_block_swing_l': 18, 'en_fvg': False, 'fvg_lookback': 17, 'en_ifvg': False, 'en_breaker': True, 'breaker_swing_l': 1, 'en_cisd': False, 'k': 1, 'en_cap_bars': False, 'cap_1min': 833}.
[I 2026-07-13 14:55:22,214] Trial 3808 finished with values: [1189.4803943247468, -4393.052543817219, 21.1] and parameters: {'sl_soft': 0.07495145835141874, 'sl_hard_delta': 0.018770643401268352, 'tp': 0.39000122297835543, 'gate_pct': 98.58299891691806, 'dd_limit': 5.196387599591654, 'cooldown': 2, 'flip': False, 'en_ema_trend': False, 'ema_trend_fast': 197, 'ema_trend_slow': 2, 'en_sma_trend': False, 'sma_trend_fast': 360, 'sma_trend_slow': 265, 'en_macd': True, 'macd_fast': 20, 'macd_slow': 36, 'macd_signal': 18, 'en_vwap': True, 'en_keltner': True, 'keltner_n': 146, 'keltner_m': 3.1, 'en_obv': True, 'obv_slope': 18, 'en_cci': False, 'cci_n': 165, 'cci_threshold': 75, 'en_rsi': False, 'rsi_n': 100, 'rsi_lower': 43, 'rsi_upper': 64, 'en_stochastic': False, 'stochastic_n': 78, 'stochastic_d': 2, 'stochastic_lower': 20, 'stochastic_upper': 57, 'en_mfi': False, 'mfi_n': 11, 'mfi_lower': 45, 'mfi_upper': 75, 'en_bollinger': False, 'bollinger_n': 56, 'bollinger_k': 3.3000000000000003, 'en_adx': False, 'adx_n': 59, 'adx_threshold': 5, 'en_structure_trend': True, 'structure_trend_swing_l': 9, 'en_order_block': True, 'order_block_swing_l': 13, 'en_fvg': True, 'fvg_lookback': 24, 'en_ifvg': True, 'en_breaker': False, 'breaker_swing_l': 8, 'en_cisd': False, 'k': 3, 'en_cap_bars': False, 'cap_1min': 591}.
[I 2026-07-13 14:55:24,329] Trial 3809 finished with values: [-291.7789919039037, -2072.371989205237, 67.95] and parameters: {'sl_soft': 0.17833830668719855, 'sl_hard_delta': 0.38069755865652133, 'tp': 0.0859209336931621, 'gate_pct': 98.58299891691806, 'dd_limit': 5.196387599591654, 'cooldown': 2, 'flip': False, 'en_ema_trend': False, 'ema_trend_fast': 197, 'ema_trend_slow': 2, 'en_sma_trend': False, 'sma_trend_fast': 268, 'sma_trend_slow': 290, 'en_macd': True, 'macd_fast': 6, 'macd_slow': 157, 'macd_signal': 6, 'en_vwap': True, 'en_keltner': True, 'keltner_n': 102, 'keltner_m': 3.1, 'en_obv': True, 'obv_slope': 161, 'en_cci': True, 'cci_n': 172, 'cci_threshold': 120, 'en_rsi': False, 'rsi_n': 25, 'rsi_lower': 4, 'rsi_upper': 72, 'en_stochastic': False, 'stochastic_n': 29, 'stochastic_d': 2, 'stochastic_lower': 20, 'stochastic_upper': 75, 'en_mfi': True, 'mfi_n': 11, 'mfi_lower': 33, 'mfi_upper': 78, 'en_bollinger': False, 'bollinger_n': 56, 'bollinger_k': 2.7, 'en_adx': False, 'adx_n': 59, 'adx_threshold': 5, 'en_structure_trend': True, 'structure_trend_swing_l': 14, 'en_order_block': True, 'order_block_swing_l': 18, 'en_fvg': True, 'fvg_lookback': 24, 'en_ifvg': True, 'en_breaker': False, 'breaker_swing_l': 11, 'en_cisd': False, 'k': 4, 'en_cap_bars': True, 'cap_1min': 591}.
[I 2026-07-13 14:55:27,000] Trial 3810 pruned. 
[I 2026-07-13 14:55:29,468] Trial 3811 finished with values: [619.3064464880571, -19474.404722065803, 26.7] and parameters: {'sl_soft': 0.05659865426304895, 'sl_hard_delta': 0.2600002949787223, 'tp': 0.3322153223243982, 'gate_pct': 96.58875153575434, 'dd_limit': 3.177401405918999, 'cooldown': 0, 'flip': False, 'en_ema_trend': False, 'ema_trend_fast': 126, 'ema_trend_slow': 162, 'en_sma_trend': False, 'sma_trend_fast': 360, 'sma_trend_slow': 233, 'en_macd': True, 'macd_fast': 65, 'macd_slow': 114, 'macd_signal': 42, 'en_vwap': False, 'en_keltner': True, 'keltner_n': 123, 'keltner_m': 0.7, 'en_obv': False, 'obv_slope': 30, 'en_cci': True, 'cci_n': 20, 'cci_threshold': 65, 'en_rsi': False, 'rsi_n': 97, 'rsi_lower': 1, 'rsi_upper': 76, 'en_stochastic': False, 'stochastic_n': 54, 'stochastic_d': 2, 'stochastic_lower': 24, 'stochastic_upper': 67, 'en_mfi': True, 'mfi_n': 82, 'mfi_lower': 2, 'mfi_upper': 88, 'en_bollinger': False, 'bollinger_n': 195, 'bollinger_k': 1.1, 'en_adx': False, 'adx_n': 30, 'adx_threshold': 41, 'en_structure_trend': True, 'structure_trend_swing_l': 6, 'en_order_block': True, 'order_block_swing_l': 16, 'en_fvg': False, 'fvg_lookback': 26, 'en_ifvg': False, 'en_breaker': True, 'breaker_swing_l': 8, 'en_cisd': False, 'k': 1, 'en_cap_bars': True, 'cap_1min': 833}.
[I 2026-07-13 14:55:31,282] Trial 3812 finished with values: [-2165.342194451192, -12000.900843264326, 66.7] and parameters: {'sl_soft': 0.15918195032780505, 'sl_hard_delta': 0.3817260073301948, 'tp': 0.07629543740731591, 'gate_pct': 98.21870877115913, 'dd_limit': 0.8350241645118831, 'cooldown': 1, 'flip': False, 'en_ema_trend': False, 'ema_trend_fast': 367, 'ema_trend_slow': 60, 'en_sma_trend': False, 'sma_trend_fast': 372, 'sma_trend_slow': 157, 'en_macd': True, 'macd_fast': 12, 'macd_slow': 43, 'macd_signal': 21, 'en_vwap': False, 'en_keltner': False, 'keltner_n': 26, 'keltner_m': 1.3, 'en_obv': True, 'obv_slope': 82, 'en_cci': True, 'cci_n': 92, 'cci_threshold': 275, 'en_rsi': False, 'rsi_n': 16, 'rsi_lower': 30, 'rsi_upper': 65, 'en_stochastic': False, 'stochastic_n': 8, 'stochastic_d': 31, 'stochastic_lower': 7, 'stochastic_upper': 74, 'en_mfi': True, 'mfi_n': 56, 'mfi_lower': 45, 'mfi_upper': 84, 'en_bollinger': False, 'bollinger_n': 120, 'bollinger_k': 1.2000000000000002, 'en_adx': False, 'adx_n': 20, 'adx_threshold': 42, 'en_structure_trend': False, 'structure_trend_swing_l': 1, 'en_order_block': False, 'order_block_swing_l': 19, 'en_fvg': True, 'fvg_lookback': 5, 'en_ifvg': False, 'en_breaker': True, 'breaker_swing_l': 8, 'en_cisd': False, 'k': 1, 'en_cap_bars': True, 'cap_1min': 852}.
[I 2026-07-13 14:55:33,137] Trial 3813 pruned. 
[I 2026-07-13 14:55:34,028] Trial 3814 pruned. 
[I 2026-07-13 14:55:35,652] Trial 3815 finished with values: [-820.1451788515434, -2536.942488163554, 63.35] and parameters: {'sl_soft': 0.17833830668719855, 'sl_hard_delta': 0.18315139636342287, 'tp': 0.08440287559182014, 'gate_pct': 99.4732844060646, 'dd_limit': 0.4513858738163641, 'cooldown': 1, 'flip': False, 'en_ema_trend': False, 'ema_trend_fast': 149, 'ema_trend_slow': 391, 'en_sma_trend': False, 'sma_trend_fast': 120, 'sma_trend_slow': 309, 'en_macd': True, 'macd_fast': 4, 'macd_slow': 157, 'macd_signal': 50, 'en_vwap': False, 'en_keltner': False, 'keltner_n': 59, 'keltner_m': 4.2, 'en_obv': False, 'obv_slope': 161, 'en_cci': True, 'cci_n': 84, 'cci_threshold': 245, 'en_rsi': True, 'rsi_n': 41, 'rsi_lower': 20, 'rsi_upper': 95, 'en_stochastic': True, 'stochastic_n': 88, 'stochastic_d': 16, 'stochastic_lower': 27, 'stochastic_upper': 68, 'en_mfi': False, 'mfi_n': 6, 'mfi_lower': 38, 'mfi_upper': 51, 'en_bollinger': True, 'bollinger_n': 54, 'bollinger_k': 4.7, 'en_adx': False, 'adx_n': 78, 'adx_threshold': 40, 'en_structure_trend': True, 'structure_trend_swing_l': 13, 'en_order_block': True, 'order_block_swing_l': 18, 'en_fvg': True, 'fvg_lookback': 47, 'en_ifvg': False, 'en_breaker': True, 'breaker_swing_l': 10, 'en_cisd': True, 'k': 4, 'en_cap_bars': False, 'cap_1min': 1339}.
[I 2026-07-13 14:55:36,371] Trial 3816 finished with values: [1382.8840323843929, -25262.907036371755, 66.4] and parameters: {'sl_soft': 0.17833830668719855, 'sl_hard_delta': 0.22514957031411884, 'tp': 0.0859209336931621, 'gate_pct': 97.69004509735414, 'dd_limit': 4.1596678535630165, 'cooldown': 1, 'flip': False, 'en_ema_trend': True, 'ema_trend_fast': 149, 'ema_trend_slow': 84, 'en_sma_trend': True, 'sma_trend_fast': 268, 'sma_trend_slow': 290, 'en_macd': True, 'macd_fast': 11, 'macd_slow': 23, 'macd_signal': 71, 'en_vwap': True, 'en_keltner': True, 'keltner_n': 102, 'keltner_m': 3.6, 'en_obv': True, 'obv_slope': 161, 'en_cci': True, 'cci_n': 172, 'cci_threshold': 120, 'en_rsi': False, 'rsi_n': 25, 'rsi_lower': 4, 'rsi_upper': 72, 'en_stochastic': False, 'stochastic_n': 29, 'stochastic_d': 40, 'stochastic_lower': 30, 'stochastic_upper': 96, 'en_mfi': True, 'mfi_n': 94, 'mfi_lower': 3, 'mfi_upper': 99, 'en_bollinger': False, 'bollinger_n': 171, 'bollinger_k': 4.5, 'en_adx': False, 'adx_n': 78, 'adx_threshold': 25, 'en_structure_trend': True, 'structure_trend_swing_l': 16, 'en_order_block': True, 'order_block_swing_l': 18, 'en_fvg': False, 'fvg_lookback': 47, 'en_ifvg': False, 'en_breaker': False, 'breaker_swing_l': 11, 'en_cisd': True, 'k': 5, 'en_cap_bars': False, 'cap_1min': 686}.
[I 2026-07-13 14:55:37,243] Trial 3817 pruned. 
[I 2026-07-13 14:55:37,780] Trial 3818 pruned. 
