[I 2026-07-13 15:10:37,382] Trial 4843 finished with values: [5148.0389866578225, -3399.9999999999636, 78.6] and parameters: {'sl_soft': 0.29406552811412545, 'sl_hard_delta': 0.26350679747876377, 'tp': 0.15809231644429605, 'gate_pct': 98.58299891691806, 'dd_limit': 4.1596678535630165, 'cooldown': 1, 'flip': False, 'en_ema_trend': False, 'ema_trend_fast': 149, 'ema_trend_slow': 377, 'en_sma_trend': False, 'sma_trend_fast': 397, 'sma_trend_slow': 22, 'en_macd': False, 'macd_fast': 11, 'macd_slow': 23, 'macd_signal': 71, 'en_vwap': True, 'en_keltner': True, 'keltner_n': 126, 'keltner_m': 2.3, 'en_obv': True, 'obv_slope': 61, 'en_cci': False, 'cci_n': 86, 'cci_threshold': 50, 'en_rsi': False, 'rsi_n': 93, 'rsi_lower': 46, 'rsi_upper': 90, 'en_stochastic': False, 'stochastic_n': 86, 'stochastic_d': 5, 'stochastic_lower': 42, 'stochastic_upper': 98, 'en_mfi': False, 'mfi_n': 10, 'mfi_lower': 3, 'mfi_upper': 99, 'en_bollinger': False, 'bollinger_n': 56, 'bollinger_k': 4.5, 'en_adx': False, 'adx_n': 59, 'adx_threshold': 43, 'en_structure_trend': False, 'structure_trend_swing_l': 17, 'en_order_block': True, 'order_block_swing_l': 19, 'en_fvg': True, 'fvg_lookback': 34, 'en_ifvg': False, 'en_breaker': True, 'breaker_swing_l': 2, 'en_cisd': True, 'k': 5, 'en_cap_bars': False, 'cap_1min': 1250}.
[I 2026-07-13 15:10:37,757] Trial 4844 finished with values: [7946.540045821368, -7869.394909335629, 73.5] and parameters: {'sl_soft': 0.29406552811412545, 'sl_hard_delta': 0.26350679747876377, 'tp': 0.18794754780847972, 'gate_pct': 98.72479828405353, 'dd_limit': 4.1596678535630165, 'cooldown': 1, 'flip': False, 'en_ema_trend': False, 'ema_trend_fast': 302, 'ema_trend_slow': 161, 'en_sma_trend': False, 'sma_trend_fast': 10, 'sma_trend_slow': 22, 'en_macd': True, 'macd_fast': 11, 'macd_slow': 145, 'macd_signal': 71, 'en_vwap': True, 'en_keltner': True, 'keltner_n': 46, 'keltner_m': 2.3, 'en_obv': True, 'obv_slope': 61, 'en_cci': True, 'cci_n': 56, 'cci_threshold': 140, 'en_rsi': False, 'rsi_n': 25, 'rsi_lower': 46, 'rsi_upper': 66, 'en_stochastic': False, 'stochastic_n': 95, 'stochastic_d': 5, 'stochastic_lower': 42, 'stochastic_upper': 57, 'en_mfi': False, 'mfi_n': 35, 'mfi_lower': 45, 'mfi_upper': 99, 'en_bollinger': False, 'bollinger_n': 33, 'bollinger_k': 4.5, 'en_adx': False, 'adx_n': 59, 'adx_threshold': 40, 'en_structure_trend': False, 'structure_trend_swing_l': 9, 'en_order_block': True, 'order_block_swing_l': 19, 'en_fvg': True, 'fvg_lookback': 3, 'en_ifvg': False, 'en_breaker': True, 'breaker_swing_l': 19, 'en_cisd': True, 'k': 5, 'en_cap_bars': False, 'cap_1min': 1250}.
[I 2026-07-13 15:10:38,016] Trial 4845 finished with values: [7893.995951086143, -8563.923388377967, 58.349999999999994] and parameters: {'sl_soft': 0.29406552811412545, 'sl_hard_delta': 0.26350679747876377, 'tp': 0.3322153223243982, 'gate_pct': 98.58299891691806, 'dd_limit': 4.1596678535630165, 'cooldown': 1, 'flip': False, 'en_ema_trend': False, 'ema_trend_fast': 302, 'ema_trend_slow': 161, 'en_sma_trend': True, 'sma_trend_fast': 10, 'sma_trend_slow': 22, 'en_macd': True, 'macd_fast': 11, 'macd_slow': 23, 'macd_signal': 71, 'en_vwap': False, 'en_keltner': True, 'keltner_n': 37, 'keltner_m': 2.3, 'en_obv': True, 'obv_slope': 184, 'en_cci': True, 'cci_n': 56, 'cci_threshold': 50, 'en_rsi': False, 'rsi_n': 25, 'rsi_lower': 43, 'rsi_upper': 66, 'en_stochastic': False, 'stochastic_n': 95, 'stochastic_d': 5, 'stochastic_lower': 42, 'stochastic_upper': 57, 'en_mfi': False, 'mfi_n': 58, 'mfi_lower': 3, 'mfi_upper': 99, 'en_bollinger': False, 'bollinger_n': 56, 'bollinger_k': 4.5, 'en_adx': False, 'adx_n': 53, 'adx_threshold': 18, 'en_structure_trend': False, 'structure_trend_swing_l': 16, 'en_order_block': True, 'order_block_swing_l': 19, 'en_fvg': True, 'fvg_lookback': 34, 'en_ifvg': False, 'en_breaker': False, 'breaker_swing_l': 13, 'en_cisd': True, 'k': 5, 'en_cap_bars': False, 'cap_1min': 577}.
[I 2026-07-13 15:10:38,221] Trial 4846 pruned. 
[I 2026-07-13 15:10:40,322] Trial 4847 finished with values: [11148.84976620768, -6353.615253335649, 77.85] and parameters: {'sl_soft': 0.29406552811412545, 'sl_hard_delta': 0.22514957031411884, 'tp': 0.15809231644429605, 'gate_pct': 98.72479828405353, 'dd_limit': 0.6062953539401272, 'cooldown': 1, 'flip': False, 'en_ema_trend': False, 'ema_trend_fast': 195, 'ema_trend_slow': 161, 'en_sma_trend': True, 'sma_trend_fast': 360, 'sma_trend_slow': 22, 'en_macd': False, 'macd_fast': 11, 'macd_slow': 23, 'macd_signal': 71, 'en_vwap': True, 'en_keltner': True, 'keltner_n': 46, 'keltner_m': 3.5, 'en_obv': True, 'obv_slope': 61, 'en_cci': True, 'cci_n': 20, 'cci_threshold': 50, 'en_rsi': False, 'rsi_n': 25, 'rsi_lower': 43, 'rsi_upper': 66, 'en_stochastic': False, 'stochastic_n': 46, 'stochastic_d': 28, 'stochastic_lower': 45, 'stochastic_upper': 91, 'en_mfi': False, 'mfi_n': 58, 'mfi_lower': 45, 'mfi_upper': 99, 'en_bollinger': False, 'bollinger_n': 99, 'bollinger_k': 1.0, 'en_adx': False, 'adx_n': 59, 'adx_threshold': 40, 'en_structure_trend': False, 'structure_trend_swing_l': 16, 'en_order_block': True, 'order_block_swing_l': 19, 'en_fvg': True, 'fvg_lookback': 34, 'en_ifvg': False, 'en_breaker': True, 'breaker_swing_l': 13, 'en_cisd': True, 'k': 5, 'en_cap_bars': False, 'cap_1min': 577}.
[I 2026-07-13 15:10:40,628] Trial 4848 finished with values: [10371.027275429245, -5540.658230928415, 80.19999999999999] and parameters: {'sl_soft': 0.29406552811412545, 'sl_hard_delta': 0.2600002949787223, 'tp': 0.17236809387650676, 'gate_pct': 98.72479828405353, 'dd_limit': 3.177401405918999, 'cooldown': 1, 'flip': False, 'en_ema_trend': False, 'ema_trend_fast': 302, 'ema_trend_slow': 161, 'en_sma_trend': False, 'sma_trend_fast': 266, 'sma_trend_slow': 22, 'en_macd': False, 'macd_fast': 11, 'macd_slow': 23, 'macd_signal': 71, 'en_vwap': True, 'en_keltner': True, 'keltner_n': 126, 'keltner_m': 0.9, 'en_obv': True, 'obv_slope': 61, 'en_cci': True, 'cci_n': 20, 'cci_threshold': 50, 'en_rsi': False, 'rsi_n': 93, 'rsi_lower': 46, 'rsi_upper': 66, 'en_stochastic': False, 'stochastic_n': 86, 'stochastic_d': 28, 'stochastic_lower': 42, 'stochastic_upper': 57, 'en_mfi': False, 'mfi_n': 11, 'mfi_lower': 3, 'mfi_upper': 99, 'en_bollinger': False, 'bollinger_n': 150, 'bollinger_k': 4.5, 'en_adx': False, 'adx_n': 59, 'adx_threshold': 43, 'en_structure_trend': False, 'structure_trend_swing_l': 16, 'en_order_block': True, 'order_block_swing_l': 19, 'en_fvg': True, 'fvg_lookback': 2, 'en_ifvg': False, 'en_breaker': True, 'breaker_swing_l': 19, 'en_cisd': True, 'k': 5, 'en_cap_bars': False, 'cap_1min': 1250}.
[I 2026-07-13 15:10:40,923] Trial 4849 finished with values: [-2833.3844622247993, -11456.369107421413, 66.95] and parameters: {'sl_soft': 0.29406552811412545, 'sl_hard_delta': 0.26350679747876377, 'tp': 0.15809231644429605, 'gate_pct': 97.87184393359011, 'dd_limit': 4.1596678535630165, 'cooldown': 1, 'flip': True, 'en_ema_trend': False, 'ema_trend_fast': 302, 'ema_trend_slow': 377, 'en_sma_trend': False, 'sma_trend_fast': 397, 'sma_trend_slow': 22, 'en_macd': False, 'macd_fast': 11, 'macd_slow': 23, 'macd_signal': 18, 'en_vwap': True, 'en_keltner': True, 'keltner_n': 126, 'keltner_m': 2.3, 'en_obv': True, 'obv_slope': 61, 'en_cci': True, 'cci_n': 86, 'cci_threshold': 290, 'en_rsi': False, 'rsi_n': 93, 'rsi_lower': 46, 'rsi_upper': 59, 'en_stochastic': False, 'stochastic_n': 95, 'stochastic_d': 5, 'stochastic_lower': 40, 'stochastic_upper': 57, 'en_mfi': False, 'mfi_n': 10, 'mfi_lower': 3, 'mfi_upper': 99, 'en_bollinger': False, 'bollinger_n': 149, 'bollinger_k': 4.5, 'en_adx': False, 'adx_n': 53, 'adx_threshold': 43, 'en_structure_trend': False, 'structure_trend_swing_l': 15, 'en_order_block': True, 'order_block_swing_l': 19, 'en_fvg': True, 'fvg_lookback': 34, 'en_ifvg': False, 'en_breaker': True, 'breaker_swing_l': 19, 'en_cisd': True, 'k': 5, 'en_cap_bars': False, 'cap_1min': 1250}.
[I 2026-07-13 15:10:41,255] Trial 4850 finished with values: [6965.986038119886, -6574.381689632039, 64.3] and parameters: {'sl_soft': 0.29406552811412545, 'sl_hard_delta': 0.2600002949787223, 'tp': 0.2625581006353281, 'gate_pct': 98.58299891691806, 'dd_limit': 0.6062953539401272, 'cooldown': 1, 'flip': False, 'en_ema_trend': False, 'ema_trend_fast': 149, 'ema_trend_slow': 11, 'en_sma_trend': True, 'sma_trend_fast': 360, 'sma_trend_slow': 22, 'en_macd': False, 'macd_fast': 70, 'macd_slow': 23, 'macd_signal': 21, 'en_vwap': True, 'en_keltner': True, 'keltner_n': 115, 'keltner_m': 0.9, 'en_obv': True, 'obv_slope': 61, 'en_cci': True, 'cci_n': 56, 'cci_threshold': 50, 'en_rsi': False, 'rsi_n': 40, 'rsi_lower': 43, 'rsi_upper': 72, 'en_stochastic': False, 'stochastic_n': 86, 'stochastic_d': 28, 'stochastic_lower': 42, 'stochastic_upper': 57, 'en_mfi': False, 'mfi_n': 12, 'mfi_lower': 3, 'mfi_upper': 99, 'en_bollinger': False, 'bollinger_n': 37, 'bollinger_k': 3.2, 'en_adx': False, 'adx_n': 53, 'adx_threshold': 43, 'en_structure_trend': False, 'structure_trend_swing_l': 15, 'en_order_block': True, 'order_block_swing_l': 19, 'en_fvg': True, 'fvg_lookback': 2, 'en_ifvg': False, 'en_breaker': True, 'breaker_swing_l': 13, 'en_cisd': True, 'k': 5, 'en_cap_bars': False, 'cap_1min': 1250}.
[I 2026-07-13 15:10:41,767] Trial 4851 pruned. 
[I 2026-07-13 15:10:42,125] Trial 4852 pruned. 
[I 2026-07-13 15:10:44,094] Trial 4853 finished with values: [4113.000284439625, -4609.5384177784745, 80.15] and parameters: {'sl_soft': 0.29406552811412545, 'sl_hard_delta': 0.22514957031411884, 'tp': 0.15809231644429605, 'gate_pct': 98.58299891691806, 'dd_limit': 3.177401405918999, 'cooldown': 1, 'flip': False, 'en_ema_trend': False, 'ema_trend_fast': 195, 'ema_trend_slow': 161, 'en_sma_trend': False, 'sma_trend_fast': 397, 'sma_trend_slow': 22, 'en_macd': True, 'macd_fast': 80, 'macd_slow': 23, 'macd_signal': 45, 'en_vwap': True, 'en_keltner': True, 'keltner_n': 115, 'keltner_m': 0.8, 'en_obv': True, 'obv_slope': 184, 'en_cci': True, 'cci_n': 56, 'cci_threshold': 205, 'en_rsi': False, 'rsi_n': 93, 'rsi_lower': 43, 'rsi_upper': 72, 'en_stochastic': False, 'stochastic_n': 86, 'stochastic_d': 5, 'stochastic_lower': 40, 'stochastic_upper': 91, 'en_mfi': False, 'mfi_n': 10, 'mfi_lower': 3, 'mfi_upper': 99, 'en_bollinger': False, 'bollinger_n': 37, 'bollinger_k': 4.5, 'en_adx': False, 'adx_n': 53, 'adx_threshold': 43, 'en_structure_trend': False, 'structure_trend_swing_l': 16, 'en_order_block': True, 'order_block_swing_l': 19, 'en_fvg': False, 'fvg_lookback': 34, 'en_ifvg': False, 'en_breaker': True, 'breaker_swing_l': 19, 'en_cisd': True, 'k': 5, 'en_cap_bars': False, 'cap_1min': 591}.
[I 2026-07-13 15:10:44,452] Trial 4854 finished with values: [13312.034256897095, -6802.846776756049, 61.8] and parameters: {'sl_soft': 0.29406552811412545, 'sl_hard_delta': 0.26350679747876377, 'tp': 0.3322153223243982, 'gate_pct': 98.58299891691806, 'dd_limit': 4.1596678535630165, 'cooldown': 1, 'flip': False, 'en_ema_trend': False, 'ema_trend_fast': 149, 'ema_trend_slow': 161, 'en_sma_trend': True, 'sma_trend_fast': 10, 'sma_trend_slow': 22, 'en_macd': True, 'macd_fast': 11, 'macd_slow': 23, 'macd_signal': 71, 'en_vwap': True, 'en_keltner': True, 'keltner_n': 46, 'keltner_m': 0.9, 'en_obv': True, 'obv_slope': 61, 'en_cci': False, 'cci_n': 86, 'cci_threshold': 50, 'en_rsi': False, 'rsi_n': 93, 'rsi_lower': 46, 'rsi_upper': 91, 'en_stochastic': False, 'stochastic_n': 95, 'stochastic_d': 46, 'stochastic_lower': 42, 'stochastic_upper': 98, 'en_mfi': False, 'mfi_n': 58, 'mfi_lower': 45, 'mfi_upper': 99, 'en_bollinger': False, 'bollinger_n': 33, 'bollinger_k': 2.3, 'en_adx': False, 'adx_n': 59, 'adx_threshold': 43, 'en_structure_trend': False, 'structure_trend_swing_l': 16, 'en_order_block': True, 'order_block_swing_l': 19, 'en_fvg': True, 'fvg_lookback': 34, 'en_ifvg': False, 'en_breaker': True, 'breaker_swing_l': 13, 'en_cisd': True, 'k': 5, 'en_cap_bars': False, 'cap_1min': 1250}.
[I 2026-07-13 15:10:45,325] Trial 4855 pruned. 
[I 2026-07-13 15:10:45,731] Trial 4856 finished with values: [7809.231644429601, -7343.076266677928, 76.2] and parameters: {'sl_soft': 0.29406552811412545, 'sl_hard_delta': 0.26350679747876377, 'tp': 0.15809231644429605, 'gate_pct': 98.72479828405353, 'dd_limit': 3.177401405918999, 'cooldown': 1, 'flip': False, 'en_ema_trend': False, 'ema_trend_fast': 195, 'ema_trend_slow': 161, 'en_sma_trend': False, 'sma_trend_fast': 397, 'sma_trend_slow': 22, 'en_macd': True, 'macd_fast': 11, 'macd_slow': 145, 'macd_signal': 71, 'en_vwap': True, 'en_keltner': True, 'keltner_n': 46, 'keltner_m': 0.9, 'en_obv': True, 'obv_slope': 61, 'en_cci': True, 'cci_n': 86, 'cci_threshold': 50, 'en_rsi': False, 'rsi_n': 74, 'rsi_lower': 35, 'rsi_upper': 66, 'en_stochastic': False, 'stochastic_n': 46, 'stochastic_d': 28, 'stochastic_lower': 42, 'stochastic_upper': 83, 'en_mfi': False, 'mfi_n': 58, 'mfi_lower': 5, 'mfi_upper': 99, 'en_bollinger': False, 'bollinger_n': 149, 'bollinger_k': 1.0, 'en_adx': False, 'adx_n': 53, 'adx_threshold': 43, 'en_structure_trend': False, 'structure_trend_swing_l': 17, 'en_order_block': True, 'order_block_swing_l': 19, 'en_fvg': True, 'fvg_lookback': 34, 'en_ifvg': False, 'en_breaker': True, 'breaker_swing_l': 10, 'en_cisd': False, 'k': 5, 'en_cap_bars': True, 'cap_1min': 577}.
[I 2026-07-13 15:10:47,502] Trial 4857 finished with values: [2908.87001646519, -4962.861627964372, 73.2] and parameters: {'sl_soft': 0.29406552811412545, 'sl_hard_delta': 0.26350679747876377, 'tp': 0.15809231644429605, 'gate_pct': 98.72479828405353, 'dd_limit': 3.177401405918999, 'cooldown': 1, 'flip': False, 'en_ema_trend': False, 'ema_trend_fast': 195, 'ema_trend_slow': 377, 'en_sma_trend': False, 'sma_trend_fast': 397, 'sma_trend_slow': 22, 'en_macd': True, 'macd_fast': 11, 'macd_slow': 23, 'macd_signal': 58, 'en_vwap': True, 'en_keltner': True, 'keltner_n': 115, 'keltner_m': 1.3, 'en_obv': False, 'obv_slope': 161, 'en_cci': True, 'cci_n': 56, 'cci_threshold': 250, 'en_rsi': False, 'rsi_n': 10, 'rsi_lower': 43, 'rsi_upper': 72, 'en_stochastic': False, 'stochastic_n': 95, 'stochastic_d': 28, 'stochastic_lower': 42, 'stochastic_upper': 57, 'en_mfi': False, 'mfi_n': 35, 'mfi_lower': 3, 'mfi_upper': 99, 'en_bollinger': False, 'bollinger_n': 99, 'bollinger_k': 0.6, 'en_adx': False, 'adx_n': 5, 'adx_threshold': 40, 'en_structure_trend': False, 'structure_trend_swing_l': 16, 'en_order_block': True, 'order_block_swing_l': 19, 'en_fvg': True, 'fvg_lookback': 34, 'en_ifvg': False, 'en_breaker': True, 'breaker_swing_l': 10, 'en_cisd': True, 'k': 5, 'en_cap_bars': False, 'cap_1min': 1250}.
[I 2026-07-13 15:10:47,727] Trial 4858 finished with values: [6941.9624355403885, -8769.076835557145, 74.05] and parameters: {'sl_soft': 0.29406552811412545, 'sl_hard_delta': 0.26350679747876377, 'tp': 0.15809231644429605, 'gate_pct': 98.72479828405353, 'dd_limit': 3.177401405918999, 'cooldown': 1, 'flip': False, 'en_ema_trend': False, 'ema_trend_fast': 149, 'ema_trend_slow': 161, 'en_sma_trend': True, 'sma_trend_fast': 10, 'sma_trend_slow': 65, 'en_macd': False, 'macd_fast': 11, 'macd_slow': 23, 'macd_signal': 18, 'en_vwap': True, 'en_keltner': True, 'keltner_n': 46, 'keltner_m': 2.3, 'en_obv': True, 'obv_slope': 61, 'en_cci': False, 'cci_n': 20, 'cci_threshold': 290, 'en_rsi': False, 'rsi_n': 93, 'rsi_lower': 46, 'rsi_upper': 59, 'en_stochastic': False, 'stochastic_n': 86, 'stochastic_d': 5, 'stochastic_lower': 42, 'stochastic_upper': 96, 'en_mfi': False, 'mfi_n': 58, 'mfi_lower': 45, 'mfi_upper': 99, 'en_bollinger': False, 'bollinger_n': 149, 'bollinger_k': 4.5, 'en_adx': False, 'adx_n': 53, 'adx_threshold': 40, 'en_structure_trend': False, 'structure_trend_swing_l': 17, 'en_order_block': True, 'order_block_swing_l': 19, 'en_fvg': True, 'fvg_lookback': 34, 'en_ifvg': False, 'en_breaker': True, 'breaker_swing_l': 13, 'en_cisd': True, 'k': 5, 'en_cap_bars': True, 'cap_1min': 577}.
[I 2026-07-13 15:10:47,987] Trial 4859 finished with values: [3731.4234488825978, -4206.921252147921, 78.19999999999999] and parameters: {'sl_soft': 0.29406552811412545, 'sl_hard_delta': 0.22514957031411884, 'tp': 0.15809231644429605, 'gate_pct': 98.72479828405353, 'dd_limit': 0.6062953539401272, 'cooldown': 1, 'flip': False, 'en_ema_trend': False, 'ema_trend_fast': 302, 'ema_trend_slow': 11, 'en_sma_trend': False, 'sma_trend_fast': 154, 'sma_trend_slow': 22, 'en_macd': False, 'macd_fast': 11, 'macd_slow': 145, 'macd_signal': 18, 'en_vwap': True, 'en_keltner': True, 'keltner_n': 126, 'keltner_m': 1.3, 'en_obv': True, 'obv_slope': 161, 'en_cci': True, 'cci_n': 86, 'cci_threshold': 290, 'en_rsi': False, 'rsi_n': 93, 'rsi_lower': 46, 'rsi_upper': 72, 'en_stochastic': False, 'stochastic_n': 86, 'stochastic_d': 5, 'stochastic_lower': 42, 'stochastic_upper': 91, 'en_mfi': False, 'mfi_n': 35, 'mfi_lower': 3, 'mfi_upper': 99, 'en_bollinger': False, 'bollinger_n': 33, 'bollinger_k': 4.5, 'en_adx': False, 'adx_n': 53, 'adx_threshold': 43, 'en_structure_trend': False, 'structure_trend_swing_l': 15, 'en_order_block': True, 'order_block_swing_l': 19, 'en_fvg': True, 'fvg_lookback': 3, 'en_ifvg': False, 'en_breaker': False, 'breaker_swing_l': 16, 'en_cisd': True, 'k': 5, 'en_cap_bars': False, 'cap_1min': 1250}.
[I 2026-07-13 15:10:48,294] Trial 4860 finished with values: [7548.49538171884, -8619.959715625495, 78.5] and parameters: {'sl_soft': 0.29406552811412545, 'sl_hard_delta': 0.26350679747876377, 'tp': 0.18794754780847972, 'gate_pct': 98.58299891691806, 'dd_limit': 4.1596678535630165, 'cooldown': 1, 'flip': False, 'en_ema_trend': False, 'ema_trend_fast': 195, 'ema_trend_slow': 377, 'en_sma_trend': False, 'sma_trend_fast': 397, 'sma_trend_slow': 22, 'en_macd': True, 'macd_fast': 11, 'macd_slow': 145, 'macd_signal': 18, 'en_vwap': True, 'en_keltner': True, 'keltner_n': 126, 'keltner_m': 2.3, 'en_obv': True, 'obv_slope': 161, 'en_cci': True, 'cci_n': 56, 'cci_threshold': 250, 'en_rsi': False, 'rsi_n': 93, 'rsi_lower': 46, 'rsi_upper': 66, 'en_stochastic': False, 'stochastic_n': 95, 'stochastic_d': 28, 'stochastic_lower': 42, 'stochastic_upper': 91, 'en_mfi': False, 'mfi_n': 12, 'mfi_lower': 5, 'mfi_upper': 99, 'en_bollinger': False, 'bollinger_n': 37, 'bollinger_k': 4.5, 'en_adx': False, 'adx_n': 53, 'adx_threshold': 18, 'en_structure_trend': False, 'structure_trend_swing_l': 16, 'en_order_block': True, 'order_block_swing_l': 19, 'en_fvg': True, 'fvg_lookback': 3, 'en_ifvg': False, 'en_breaker': True, 'breaker_swing_l': 10, 'en_cisd': False, 'k': 5, 'en_cap_bars': False, 'cap_1min': 1120}.
[I 2026-07-13 15:10:48,610] Trial 4861 finished with values: [12396.05197587746, -5596.835826703453, 72.65] and parameters: {'sl_soft': 0.29406552811412545, 'sl_hard_delta': 0.22514957031411884, 'tp': 0.18794754780847972, 'gate_pct': 98.58299891691806, 'dd_limit': 3.177401405918999, 'cooldown': 1, 'flip': False, 'en_ema_trend': False, 'ema_trend_fast': 302, 'ema_trend_slow': 161, 'en_sma_trend': False, 'sma_trend_fast': 397, 'sma_trend_slow': 310, 'en_macd': True, 'macd_fast': 11, 'macd_slow': 23, 'macd_signal': 71, 'en_vwap': True, 'en_keltner': True, 'keltner_n': 37, 'keltner_m': 1.3, 'en_obv': True, 'obv_slope': 184, 'en_cci': True, 'cci_n': 56, 'cci_threshold': 50, 'en_rsi': False, 'rsi_n': 93, 'rsi_lower': 43, 'rsi_upper': 66, 'en_stochastic': False, 'stochastic_n': 95, 'stochastic_d': 28, 'stochastic_lower': 20, 'stochastic_upper': 57, 'en_mfi': False, 'mfi_n': 10, 'mfi_lower': 3, 'mfi_upper': 99, 'en_bollinger': False, 'bollinger_n': 56, 'bollinger_k': 4.5, 'en_adx': False, 'adx_n': 53, 'adx_threshold': 18, 'en_structure_trend': False, 'structure_trend_swing_l': 16, 'en_order_block': True, 'order_block_swing_l': 19, 'en_fvg': True, 'fvg_lookback': 34, 'en_ifvg': False, 'en_breaker': False, 'breaker_swing_l': 2, 'en_cisd': True, 'k': 5, 'en_cap_bars': False, 'cap_1min': 577}.
[I 2026-07-13 15:10:49,221] Trial 4862 finished with values: [5040.308195547069, -4771.075492141179, 85.55] and parameters: {'sl_soft': 0.29406552811412545, 'sl_hard_delta': 0.22514957031411884, 'tp': 0.15809231644429605, 'gate_pct': 97.87184393359011, 'dd_limit': 3.177401405918999, 'cooldown': 1, 'flip': False, 'en_ema_trend': False, 'ema_trend_fast': 261, 'ema_trend_slow': 161, 'en_sma_trend': False, 'sma_trend_fast': 397, 'sma_trend_slow': 65, 'en_macd': False, 'macd_fast': 11, 'macd_slow': 23, 'macd_signal': 18, 'en_vwap': True, 'en_keltner': True, 'keltner_n': 115, 'keltner_m': 2.3, 'en_obv': True, 'obv_slope': 61, 'en_cci': True, 'cci_n': 86, 'cci_threshold': 290, 'en_rsi': False, 'rsi_n': 93, 'rsi_lower': 43, 'rsi_upper': 54, 'en_stochastic': False, 'stochastic_n': 86, 'stochastic_d': 28, 'stochastic_lower': 40, 'stochastic_upper': 57, 'en_mfi': False, 'mfi_n': 10, 'mfi_lower': 3, 'mfi_upper': 99, 'en_bollinger': False, 'bollinger_n': 99, 'bollinger_k': 4.5, 'en_adx': False, 'adx_n': 59, 'adx_threshold': 43, 'en_structure_trend': False, 'structure_trend_swing_l': 15, 'en_order_block': True, 'order_block_swing_l': 19, 'en_fvg': True, 'fvg_lookback': 34, 'en_ifvg': False, 'en_breaker': True, 'breaker_swing_l': 13, 'en_cisd': True, 'k': 5, 'en_cap_bars': False, 'cap_1min': 1250}.
