[I 2026-07-13 15:06:57,309] Trial 4443 finished with values: [10071.842727842117, -9069.616941890214, 58.5] and parameters: {'sl_soft': 0.29406552811412545, 'sl_hard_delta': 0.26350679747876377, 'tp': 0.3322153223243982, 'gate_pct': 97.87184393359011, 'dd_limit': 4.1596678535630165, 'cooldown': 1, 'flip': False, 'en_ema_trend': True, 'ema_trend_fast': 195, 'ema_trend_slow': 161, 'en_sma_trend': True, 'sma_trend_fast': 360, 'sma_trend_slow': 22, 'en_macd': True, 'macd_fast': 11, 'macd_slow': 132, 'macd_signal': 18, 'en_vwap': True, 'en_keltner': True, 'keltner_n': 126, 'keltner_m': 3.5, 'en_obv': True, 'obv_slope': 184, 'en_cci': False, 'cci_n': 56, 'cci_threshold': 50, 'en_rsi': False, 'rsi_n': 93, 'rsi_lower': 31, 'rsi_upper': 66, 'en_stochastic': False, 'stochastic_n': 55, 'stochastic_d': 5, 'stochastic_lower': 42, 'stochastic_upper': 57, 'en_mfi': False, 'mfi_n': 58, 'mfi_lower': 45, 'mfi_upper': 99, 'en_bollinger': False, 'bollinger_n': 99, 'bollinger_k': 4.5, 'en_adx': False, 'adx_n': 53, 'adx_threshold': 43, 'en_structure_trend': False, 'structure_trend_swing_l': 9, 'en_order_block': True, 'order_block_swing_l': 19, 'en_fvg': True, 'fvg_lookback': 34, 'en_ifvg': False, 'en_breaker': True, 'breaker_swing_l': 10, 'en_cisd': True, 'k': 5, 'en_cap_bars': False, 'cap_1min': 577}.
[I 2026-07-13 15:06:57,597] Trial 4444 pruned. 
[I 2026-07-13 15:06:58,135] Trial 4445 finished with values: [8786.287844509032, -5265.713293249523, 75.35] and parameters: {'sl_soft': 0.29406552811412545, 'sl_hard_delta': 0.2600002949787223, 'tp': 0.15809231644429605, 'gate_pct': 98.72479828405353, 'dd_limit': 3.177401405918999, 'cooldown': 1, 'flip': False, 'en_ema_trend': False, 'ema_trend_fast': 302, 'ema_trend_slow': 161, 'en_sma_trend': False, 'sma_trend_fast': 397, 'sma_trend_slow': 22, 'en_macd': True, 'macd_fast': 11, 'macd_slow': 145, 'macd_signal': 18, 'en_vwap': True, 'en_keltner': True, 'keltner_n': 126, 'keltner_m': 1.3, 'en_obv': True, 'obv_slope': 184, 'en_cci': True, 'cci_n': 86, 'cci_threshold': 50, 'en_rsi': False, 'rsi_n': 74, 'rsi_lower': 35, 'rsi_upper': 90, 'en_stochastic': False, 'stochastic_n': 86, 'stochastic_d': 28, 'stochastic_lower': 2, 'stochastic_upper': 57, 'en_mfi': False, 'mfi_n': 10, 'mfi_lower': 3, 'mfi_upper': 99, 'en_bollinger': False, 'bollinger_n': 37, 'bollinger_k': 4.5, 'en_adx': False, 'adx_n': 59, 'adx_threshold': 43, 'en_structure_trend': False, 'structure_trend_swing_l': 9, 'en_order_block': True, 'order_block_swing_l': 20, 'en_fvg': True, 'fvg_lookback': 34, 'en_ifvg': False, 'en_breaker': True, 'breaker_swing_l': 6, 'en_cisd': True, 'k': 5, 'en_cap_bars': False, 'cap_1min': 591}.
[I 2026-07-13 15:06:59,705] Trial 4446 finished with values: [5084.85015347599, -8241.45966992653, 77.80000000000001] and parameters: {'sl_soft': 0.29406552811412545, 'sl_hard_delta': 0.22514957031411884, 'tp': 0.15809231644429605, 'gate_pct': 98.72479828405353, 'dd_limit': 0.6062953539401272, 'cooldown': 1, 'flip': False, 'en_ema_trend': False, 'ema_trend_fast': 195, 'ema_trend_slow': 377, 'en_sma_trend': False, 'sma_trend_fast': 397, 'sma_trend_slow': 65, 'en_macd': True, 'macd_fast': 11, 'macd_slow': 21, 'macd_signal': 71, 'en_vwap': True, 'en_keltner': True, 'keltner_n': 126, 'keltner_m': 3.5, 'en_obv': True, 'obv_slope': 161, 'en_cci': True, 'cci_n': 86, 'cci_threshold': 160, 'en_rsi': False, 'rsi_n': 93, 'rsi_lower': 46, 'rsi_upper': 66, 'en_stochastic': False, 'stochastic_n': 95, 'stochastic_d': 28, 'stochastic_lower': 31, 'stochastic_upper': 83, 'en_mfi': False, 'mfi_n': 35, 'mfi_lower': 5, 'mfi_upper': 99, 'en_bollinger': False, 'bollinger_n': 149, 'bollinger_k': 4.5, 'en_adx': False, 'adx_n': 53, 'adx_threshold': 43, 'en_structure_trend': False, 'structure_trend_swing_l': 17, 'en_order_block': True, 'order_block_swing_l': 19, 'en_fvg': True, 'fvg_lookback': 34, 'en_ifvg': False, 'en_breaker': True, 'breaker_swing_l': 6, 'en_cisd': False, 'k': 5, 'en_cap_bars': False, 'cap_1min': 1250}.
[I 2026-07-13 15:07:00,454] Trial 4447 finished with values: [5211.831598686592, -7448.707387971257, 76.7] and parameters: {'sl_soft': 0.29406552811412545, 'sl_hard_delta': 0.26350679747876377, 'tp': 0.15809231644429605, 'gate_pct': 97.87184393359011, 'dd_limit': 0.6062953539401272, 'cooldown': 1, 'flip': False, 'en_ema_trend': False, 'ema_trend_fast': 302, 'ema_trend_slow': 161, 'en_sma_trend': True, 'sma_trend_fast': 397, 'sma_trend_slow': 22, 'en_macd': False, 'macd_fast': 11, 'macd_slow': 145, 'macd_signal': 18, 'en_vwap': True, 'en_keltner': True, 'keltner_n': 115, 'keltner_m': 2.3, 'en_obv': True, 'obv_slope': 61, 'en_cci': True, 'cci_n': 86, 'cci_threshold': 130, 'en_rsi': False, 'rsi_n': 93, 'rsi_lower': 35, 'rsi_upper': 72, 'en_stochastic': False, 'stochastic_n': 86, 'stochastic_d': 28, 'stochastic_lower': 40, 'stochastic_upper': 57, 'en_mfi': False, 'mfi_n': 12, 'mfi_lower': 3, 'mfi_upper': 99, 'en_bollinger': False, 'bollinger_n': 149, 'bollinger_k': 4.5, 'en_adx': False, 'adx_n': 53, 'adx_threshold': 43, 'en_structure_trend': False, 'structure_trend_swing_l': 15, 'en_order_block': True, 'order_block_swing_l': 19, 'en_fvg': True, 'fvg_lookback': 34, 'en_ifvg': False, 'en_breaker': True, 'breaker_swing_l': 19, 'en_cisd': True, 'k': 5, 'en_cap_bars': False, 'cap_1min': 577}.
[I 2026-07-13 15:07:00,763] Trial 4448 finished with values: [5533.231075550375, -5784.538417778471, 90.0] and parameters: {'sl_soft': 0.29406552811412545, 'sl_hard_delta': 0.26350679747876377, 'tp': 0.15809231644429605, 'gate_pct': 97.87184393359011, 'dd_limit': 3.177401405918999, 'cooldown': 1, 'flip': False, 'en_ema_trend': False, 'ema_trend_fast': 302, 'ema_trend_slow': 161, 'en_sma_trend': False, 'sma_trend_fast': 397, 'sma_trend_slow': 65, 'en_macd': False, 'macd_fast': 11, 'macd_slow': 23, 'macd_signal': 18, 'en_vwap': True, 'en_keltner': True, 'keltner_n': 115, 'keltner_m': 2.3, 'en_obv': True, 'obv_slope': 61, 'en_cci': True, 'cci_n': 86, 'cci_threshold': 290, 'en_rsi': False, 'rsi_n': 93, 'rsi_lower': 43, 'rsi_upper': 59, 'en_stochastic': False, 'stochastic_n': 86, 'stochastic_d': 28, 'stochastic_lower': 40, 'stochastic_upper': 57, 'en_mfi': False, 'mfi_n': 10, 'mfi_lower': 3, 'mfi_upper': 99, 'en_bollinger': False, 'bollinger_n': 149, 'bollinger_k': 1.0, 'en_adx': False, 'adx_n': 53, 'adx_threshold': 43, 'en_structure_trend': False, 'structure_trend_swing_l': 15, 'en_order_block': True, 'order_block_swing_l': 19, 'en_fvg': True, 'fvg_lookback': 34, 'en_ifvg': False, 'en_breaker': True, 'breaker_swing_l': 19, 'en_cisd': True, 'k': 5, 'en_cap_bars': False, 'cap_1min': 577}.
[I 2026-07-13 15:07:01,408] Trial 4449 finished with values: [5792.616106654477, -4869.076835556997, 75.05] and parameters: {'sl_soft': 0.29406552811412545, 'sl_hard_delta': 0.22514957031411884, 'tp': 0.15809231644429605, 'gate_pct': 98.72479828405353, 'dd_limit': 3.177401405918999, 'cooldown': 1, 'flip': False, 'en_ema_trend': False, 'ema_trend_fast': 302, 'ema_trend_slow': 161, 'en_sma_trend': False, 'sma_trend_fast': 397, 'sma_trend_slow': 310, 'en_macd': True, 'macd_fast': 80, 'macd_slow': 23, 'macd_signal': 71, 'en_vwap': True, 'en_keltner': True, 'keltner_n': 37, 'keltner_m': 2.3, 'en_obv': True, 'obv_slope': 184, 'en_cci': True, 'cci_n': 86, 'cci_threshold': 205, 'en_rsi': False, 'rsi_n': 74, 'rsi_lower': 43, 'rsi_upper': 59, 'en_stochastic': False, 'stochastic_n': 86, 'stochastic_d': 28, 'stochastic_lower': 2, 'stochastic_upper': 96, 'en_mfi': False, 'mfi_n': 10, 'mfi_lower': 3, 'mfi_upper': 99, 'en_bollinger': False, 'bollinger_n': 37, 'bollinger_k': 1.0, 'en_adx': False, 'adx_n': 53, 'adx_threshold': 5, 'en_structure_trend': False, 'structure_trend_swing_l': 16, 'en_order_block': True, 'order_block_swing_l': 19, 'en_fvg': True, 'fvg_lookback': 34, 'en_ifvg': False, 'en_breaker': False, 'breaker_swing_l': 13, 'en_cisd': True, 'k': 5, 'en_cap_bars': False, 'cap_1min': 591}.
[I 2026-07-13 15:07:01,770] Trial 4450 finished with values: [6719.080557318442, -7922.692088892662, 74.6] and parameters: {'sl_soft': 0.29406552811412545, 'sl_hard_delta': 0.22514957031411884, 'tp': 0.15809231644429605, 'gate_pct': 98.58299891691806, 'dd_limit': 3.177401405918999, 'cooldown': 1, 'flip': False, 'en_ema_trend': False, 'ema_trend_fast': 195, 'ema_trend_slow': 161, 'en_sma_trend': False, 'sma_trend_fast': 397, 'sma_trend_slow': 22, 'en_macd': True, 'macd_fast': 11, 'macd_slow': 145, 'macd_signal': 71, 'en_vwap': True, 'en_keltner': True, 'keltner_n': 37, 'keltner_m': 0.9, 'en_obv': False, 'obv_slope': 184, 'en_cci': True, 'cci_n': 67, 'cci_threshold': 50, 'en_rsi': False, 'rsi_n': 74, 'rsi_lower': 6, 'rsi_upper': 66, 'en_stochastic': False, 'stochastic_n': 55, 'stochastic_d': 28, 'stochastic_lower': 42, 'stochastic_upper': 57, 'en_mfi': False, 'mfi_n': 10, 'mfi_lower': 3, 'mfi_upper': 99, 'en_bollinger': False, 'bollinger_n': 37, 'bollinger_k': 4.5, 'en_adx': False, 'adx_n': 59, 'adx_threshold': 24, 'en_structure_trend': False, 'structure_trend_swing_l': 17, 'en_order_block': True, 'order_block_swing_l': 19, 'en_fvg': True, 'fvg_lookback': 34, 'en_ifvg': False, 'en_breaker': False, 'breaker_swing_l': 13, 'en_cisd': False, 'k': 5, 'en_cap_bars': False, 'cap_1min': 591}.
[I 2026-07-13 15:07:02,108] Trial 4451 finished with values: [9050.15834902299, -4944.076835557034, 74.7] and parameters: {'sl_soft': 0.29406552811412545, 'sl_hard_delta': 0.22514957031411884, 'tp': 0.15809231644429605, 'gate_pct': 98.72479828405353, 'dd_limit': 3.177401405918999, 'cooldown': 1, 'flip': False, 'en_ema_trend': False, 'ema_trend_fast': 149, 'ema_trend_slow': 161, 'en_sma_trend': False, 'sma_trend_fast': 397, 'sma_trend_slow': 22, 'en_macd': True, 'macd_fast': 11, 'macd_slow': 147, 'macd_signal': 71, 'en_vwap': True, 'en_keltner': True, 'keltner_n': 37, 'keltner_m': 1.3, 'en_obv': False, 'obv_slope': 184, 'en_cci': True, 'cci_n': 56, 'cci_threshold': 50, 'en_rsi': False, 'rsi_n': 10, 'rsi_lower': 43, 'rsi_upper': 59, 'en_stochastic': False, 'stochastic_n': 86, 'stochastic_d': 5, 'stochastic_lower': 42, 'stochastic_upper': 57, 'en_mfi': False, 'mfi_n': 10, 'mfi_lower': 3, 'mfi_upper': 99, 'en_bollinger': False, 'bollinger_n': 171, 'bollinger_k': 4.5, 'en_adx': False, 'adx_n': 5, 'adx_threshold': 43, 'en_structure_trend': False, 'structure_trend_swing_l': 16, 'en_order_block': True, 'order_block_swing_l': 19, 'en_fvg': True, 'fvg_lookback': 34, 'en_ifvg': False, 'en_breaker': True, 'breaker_swing_l': 6, 'en_cisd': True, 'k': 4, 'en_cap_bars': False, 'cap_1min': 577}.
[I 2026-07-13 15:07:02,390] Trial 4452 finished with values: [7025.4559662947395, -10815.671217614019, 58.2] and parameters: {'sl_soft': 0.29406552811412545, 'sl_hard_delta': 0.26350679747876377, 'tp': 0.29371502911878195, 'gate_pct': 97.87184393359011, 'dd_limit': 0.6062953539401272, 'cooldown': 1, 'flip': False, 'en_ema_trend': True, 'ema_trend_fast': 195, 'ema_trend_slow': 377, 'en_sma_trend': True, 'sma_trend_fast': 397, 'sma_trend_slow': 22, 'en_macd': True, 'macd_fast': 11, 'macd_slow': 132, 'macd_signal': 18, 'en_vwap': True, 'en_keltner': True, 'keltner_n': 126, 'keltner_m': 3.5, 'en_obv': True, 'obv_slope': 61, 'en_cci': True, 'cci_n': 56, 'cci_threshold': 250, 'en_rsi': False, 'rsi_n': 10, 'rsi_lower': 46, 'rsi_upper': 66, 'en_stochastic': False, 'stochastic_n': 55, 'stochastic_d': 22, 'stochastic_lower': 42, 'stochastic_upper': 57, 'en_mfi': False, 'mfi_n': 58, 'mfi_lower': 45, 'mfi_upper': 99, 'en_bollinger': False, 'bollinger_n': 33, 'bollinger_k': 4.5, 'en_adx': False, 'adx_n': 53, 'adx_threshold': 43, 'en_structure_trend': False, 'structure_trend_swing_l': 16, 'en_order_block': True, 'order_block_swing_l': 19, 'en_fvg': True, 'fvg_lookback': 10, 'en_ifvg': False, 'en_breaker': True, 'breaker_swing_l': 10, 'en_cisd': True, 'k': 5, 'en_cap_bars': False, 'cap_1min': 1089}.
[I 2026-07-13 15:07:02,729] Trial 4453 finished with values: [6164.725785952143, -8597.463718645813, 55.45] and parameters: {'sl_soft': 0.29406552811412545, 'sl_hard_delta': 0.22514957031411884, 'tp': 0.3322153223243982, 'gate_pct': 98.58299891691806, 'dd_limit': 4.1596678535630165, 'cooldown': 1, 'flip': False, 'en_ema_trend': True, 'ema_trend_fast': 302, 'ema_trend_slow': 377, 'en_sma_trend': False, 'sma_trend_fast': 397, 'sma_trend_slow': 22, 'en_macd': False, 'macd_fast': 11, 'macd_slow': 145, 'macd_signal': 71, 'en_vwap': True, 'en_keltner': True, 'keltner_n': 126, 'keltner_m': 2.3, 'en_obv': True, 'obv_slope': 161, 'en_cci': True, 'cci_n': 86, 'cci_threshold': 140, 'en_rsi': False, 'rsi_n': 74, 'rsi_lower': 46, 'rsi_upper': 90, 'en_stochastic': False, 'stochastic_n': 95, 'stochastic_d': 5, 'stochastic_lower': 40, 'stochastic_upper': 57, 'en_mfi': False, 'mfi_n': 35, 'mfi_lower': 49, 'mfi_upper': 99, 'en_bollinger': False, 'bollinger_n': 56, 'bollinger_k': 4.5, 'en_adx': False, 'adx_n': 53, 'adx_threshold': 43, 'en_structure_trend': False, 'structure_trend_swing_l': 16, 'en_order_block': True, 'order_block_swing_l': 19, 'en_fvg': True, 'fvg_lookback': 34, 'en_ifvg': False, 'en_breaker': False, 'breaker_swing_l': 7, 'en_cisd': True, 'k': 5, 'en_cap_bars': False, 'cap_1min': 577}.
[I 2026-07-13 15:07:03,066] Trial 4454 finished with values: [9386.349766207686, -6139.151758819216, 76.75] and parameters: {'sl_soft': 0.29406552811412545, 'sl_hard_delta': 0.22514957031411884, 'tp': 0.15809231644429605, 'gate_pct': 98.72479828405353, 'dd_limit': 0.6062953539401272, 'cooldown': 1, 'flip': False, 'en_ema_trend': False, 'ema_trend_fast': 195, 'ema_trend_slow': 377, 'en_sma_trend': True, 'sma_trend_fast': 360, 'sma_trend_slow': 65, 'en_macd': True, 'macd_fast': 11, 'macd_slow': 23, 'macd_signal': 71, 'en_vwap': True, 'en_keltner': True, 'keltner_n': 126, 'keltner_m': 3.5, 'en_obv': True, 'obv_slope': 161, 'en_cci': True, 'cci_n': 86, 'cci_threshold': 160, 'en_rsi': False, 'rsi_n': 93, 'rsi_lower': 46, 'rsi_upper': 66, 'en_stochastic': False, 'stochastic_n': 86, 'stochastic_d': 28, 'stochastic_lower': 40, 'stochastic_upper': 91, 'en_mfi': False, 'mfi_n': 35, 'mfi_lower': 3, 'mfi_upper': 57, 'en_bollinger': True, 'bollinger_n': 149, 'bollinger_k': 4.5, 'en_adx': False, 'adx_n': 53, 'adx_threshold': 43, 'en_structure_trend': False, 'structure_trend_swing_l': 17, 'en_order_block': True, 'order_block_swing_l': 19, 'en_fvg': True, 'fvg_lookback': 24, 'en_ifvg': False, 'en_breaker': False, 'breaker_swing_l': 7, 'en_cisd': True, 'k': 5, 'en_cap_bars': False, 'cap_1min': 1250}.
[I 2026-07-13 15:07:03,472] Trial 4455 finished with values: [8318.11639109407, -6446.382265490271, 74.85] and parameters: {'sl_soft': 0.29406552811412545, 'sl_hard_delta': 0.22514957031411884, 'tp': 0.15809231644429605, 'gate_pct': 98.72479828405353, 'dd_limit': 3.177401405918999, 'cooldown': 1, 'flip': False, 'en_ema_trend': False, 'ema_trend_fast': 302, 'ema_trend_slow': 161, 'en_sma_trend': False, 'sma_trend_fast': 397, 'sma_trend_slow': 310, 'en_macd': True, 'macd_fast': 11, 'macd_slow': 23, 'macd_signal': 71, 'en_vwap': True, 'en_keltner': True, 'keltner_n': 37, 'keltner_m': 2.3, 'en_obv': True, 'obv_slope': 184, 'en_cci': True, 'cci_n': 67, 'cci_threshold': 50, 'en_rsi': False, 'rsi_n': 74, 'rsi_lower': 43, 'rsi_upper': 59, 'en_stochastic': False, 'stochastic_n': 86, 'stochastic_d': 28, 'stochastic_lower': 40, 'stochastic_upper': 96, 'en_mfi': False, 'mfi_n': 10, 'mfi_lower': 3, 'mfi_upper': 99, 'en_bollinger': False, 'bollinger_n': 149, 'bollinger_k': 4.5, 'en_adx': False, 'adx_n': 53, 'adx_threshold': 18, 'en_structure_trend': False, 'structure_trend_swing_l': 16, 'en_order_block': True, 'order_block_swing_l': 19, 'en_fvg': True, 'fvg_lookback': 34, 'en_ifvg': False, 'en_breaker': False, 'breaker_swing_l': 19, 'en_cisd': True, 'k': 5, 'en_cap_bars': False, 'cap_1min': 591}.
[I 2026-07-13 15:07:03,762] Trial 4456 finished with values: [7924.178212012159, -6148.7073879712325, 76.8] and parameters: {'sl_soft': 0.29406552811412545, 'sl_hard_delta': 0.26350679747876377, 'tp': 0.15809231644429605, 'gate_pct': 97.87184393359011, 'dd_limit': 0.6062953539401272, 'cooldown': 1, 'flip': False, 'en_ema_trend': False, 'ema_trend_fast': 149, 'ema_trend_slow': 161, 'en_sma_trend': True, 'sma_trend_fast': 360, 'sma_trend_slow': 65, 'en_macd': True, 'macd_fast': 11, 'macd_slow': 145, 'macd_signal': 45, 'en_vwap': True, 'en_keltner': True, 'keltner_n': 47, 'keltner_m': 3.6, 'en_obv': True, 'obv_slope': 61, 'en_cci': True, 'cci_n': 56, 'cci_threshold': 250, 'en_rsi': False, 'rsi_n': 93, 'rsi_lower': 35, 'rsi_upper': 72, 'en_stochastic': False, 'stochastic_n': 86, 'stochastic_d': 28, 'stochastic_lower': 40, 'stochastic_upper': 91, 'en_mfi': False, 'mfi_n': 12, 'mfi_lower': 3, 'mfi_upper': 76, 'en_bollinger': False, 'bollinger_n': 37, 'bollinger_k': 4.5, 'en_adx': False, 'adx_n': 53, 'adx_threshold': 43, 'en_structure_trend': False, 'structure_trend_swing_l': 15, 'en_order_block': True, 'order_block_swing_l': 19, 'en_fvg': True, 'fvg_lookback': 34, 'en_ifvg': False, 'en_breaker': False, 'breaker_swing_l': 15, 'en_cisd': True, 'k': 5, 'en_cap_bars': False, 'cap_1min': 577}.
[I 2026-07-13 15:07:04,083] Trial 4457 finished with values: [7217.148228245166, -8893.294698371861, 76.6] and parameters: {'sl_soft': 0.29406552811412545, 'sl_hard_delta': 0.22514957031411884, 'tp': 0.14518538625129632, 'gate_pct': 98.58299891691806, 'dd_limit': 4.1596678535630165, 'cooldown': 1, 'flip': False, 'en_ema_trend': False, 'ema_trend_fast': 149, 'ema_trend_slow': 161, 'en_sma_trend': True, 'sma_trend_fast': 397, 'sma_trend_slow': 310, 'en_macd': True, 'macd_fast': 11, 'macd_slow': 23, 'macd_signal': 71, 'en_vwap': True, 'en_keltner': True, 'keltner_n': 126, 'keltner_m': 1.3, 'en_obv': True, 'obv_slope': 61, 'en_cci': False, 'cci_n': 56, 'cci_threshold': 50, 'en_rsi': False, 'rsi_n': 25, 'rsi_lower': 46, 'rsi_upper': 59, 'en_stochastic': False, 'stochastic_n': 86, 'stochastic_d': 5, 'stochastic_lower': 2, 'stochastic_upper': 96, 'en_mfi': False, 'mfi_n': 19, 'mfi_lower': 45, 'mfi_upper': 99, 'en_bollinger': False, 'bollinger_n': 33, 'bollinger_k': 4.5, 'en_adx': False, 'adx_n': 53, 'adx_threshold': 18, 'en_structure_trend': False, 'structure_trend_swing_l': 16, 'en_order_block': True, 'order_block_swing_l': 19, 'en_fvg': True, 'fvg_lookback': 34, 'en_ifvg': False, 'en_breaker': True, 'breaker_swing_l': 2, 'en_cisd': True, 'k': 5, 'en_cap_bars': False, 'cap_1min': 1250}.
[I 2026-07-13 15:07:04,461] Trial 4458 finished with values: [8734.6967668015, -5956.9212521480395, 76.44999999999999] and parameters: {'sl_soft': 0.29406552811412545, 'sl_hard_delta': 0.22514957031411884, 'tp': 0.15809231644429605, 'gate_pct': 98.58299891691806, 'dd_limit': 3.177401405918999, 'cooldown': 1, 'flip': False, 'en_ema_trend': False, 'ema_trend_fast': 195, 'ema_trend_slow': 377, 'en_sma_trend': False, 'sma_trend_fast': 360, 'sma_trend_slow': 310, 'en_macd': True, 'macd_fast': 11, 'macd_slow': 145, 'macd_signal': 45, 'en_vwap': True, 'en_keltner': True, 'keltner_n': 126, 'keltner_m': 3.6, 'en_obv': True, 'obv_slope': 61, 'en_cci': True, 'cci_n': 20, 'cci_threshold': 50, 'en_rsi': False, 'rsi_n': 93, 'rsi_lower': 46, 'rsi_upper': 59, 'en_stochastic': False, 'stochastic_n': 86, 'stochastic_d': 28, 'stochastic_lower': 40, 'stochastic_upper': 57, 'en_mfi': False, 'mfi_n': 35, 'mfi_lower': 5, 'mfi_upper': 76, 'en_bollinger': False, 'bollinger_n': 26, 'bollinger_k': 4.5, 'en_adx': False, 'adx_n': 53, 'adx_threshold': 24, 'en_structure_trend': False, 'structure_trend_swing_l': 17, 'en_order_block': True, 'order_block_swing_l': 19, 'en_fvg': True, 'fvg_lookback': 34, 'en_ifvg': False, 'en_breaker': False, 'breaker_swing_l': 7, 'en_cisd': True, 'k': 5, 'en_cap_bars': False, 'cap_1min': 577}.
[I 2026-07-13 15:07:04,981] Trial 4459 finished with values: [9988.45764527509, -8705.693553512148, 58.349999999999994] and parameters: {'sl_soft': 0.29406552811412545, 'sl_hard_delta': 0.26350679747876377, 'tp': 0.3322153223243982, 'gate_pct': 98.58299891691806, 'dd_limit': 9.250113646206513, 'cooldown': 1, 'flip': False, 'en_ema_trend': True, 'ema_trend_fast': 195, 'ema_trend_slow': 161, 'en_sma_trend': False, 'sma_trend_fast': 397, 'sma_trend_slow': 22, 'en_macd': True, 'macd_fast': 11, 'macd_slow': 145, 'macd_signal': 71, 'en_vwap': True, 'en_keltner': True, 'keltner_n': 126, 'keltner_m': 3.6, 'en_obv': True, 'obv_slope': 61, 'en_cci': True, 'cci_n': 86, 'cci_threshold': 250, 'en_rsi': False, 'rsi_n': 74, 'rsi_lower': 35, 'rsi_upper': 90, 'en_stochastic': False, 'stochastic_n': 95, 'stochastic_d': 28, 'stochastic_lower': 42, 'stochastic_upper': 57, 'en_mfi': False, 'mfi_n': 58, 'mfi_lower': 49, 'mfi_upper': 99, 'en_bollinger': False, 'bollinger_n': 56, 'bollinger_k': 4.5, 'en_adx': False, 'adx_n': 58, 'adx_threshold': 43, 'en_structure_trend': False, 'structure_trend_swing_l': 16, 'en_order_block': True, 'order_block_swing_l': 19, 'en_fvg': True, 'fvg_lookback': 34, 'en_ifvg': False, 'en_breaker': False, 'breaker_swing_l': 7, 'en_cisd': True, 'k': 5, 'en_cap_bars': False, 'cap_1min': 577}.
[I 2026-07-13 15:07:05,337] Trial 4460 pruned. 
[I 2026-07-13 15:07:05,647] Trial 4461 pruned. 
