[I 2026-07-13 14:57:35,755] Trial 3863 finished with values: [1158.9182244167155, -14725.319683945763, 34.7] and parameters: {'sl_soft': 0.17833830668719855, 'sl_hard_delta': 0.018770643401268352, 'tp': 0.39000122297835543, 'gate_pct': 99.4732844060646, 'dd_limit': 5.196387599591654, 'cooldown': 0, 'flip': False, 'en_ema_trend': False, 'ema_trend_fast': 197, 'ema_trend_slow': 2, 'en_sma_trend': False, 'sma_trend_fast': 182, 'sma_trend_slow': 309, 'en_macd': True, 'macd_fast': 20, 'macd_slow': 36, 'macd_signal': 18, 'en_vwap': True, 'en_keltner': True, 'keltner_n': 146, 'keltner_m': 3.1, 'en_obv': True, 'obv_slope': 18, 'en_cci': False, 'cci_n': 165, 'cci_threshold': 75, 'en_rsi': False, 'rsi_n': 100, 'rsi_lower': 4, 'rsi_upper': 72, 'en_stochastic': False, 'stochastic_n': 72, 'stochastic_d': 27, 'stochastic_lower': 20, 'stochastic_upper': 75, 'en_mfi': False, 'mfi_n': 54, 'mfi_lower': 49, 'mfi_upper': 78, 'en_bollinger': False, 'bollinger_n': 171, 'bollinger_k': 4.7, 'en_adx': False, 'adx_n': 78, 'adx_threshold': 5, 'en_structure_trend': True, 'structure_trend_swing_l': 13, 'en_order_block': True, 'order_block_swing_l': 18, 'en_fvg': False, 'fvg_lookback': 24, 'en_ifvg': False, 'en_breaker': False, 'breaker_swing_l': 8, 'en_cisd': True, 'k': 4, 'en_cap_bars': False, 'cap_1min': 591}.
[I 2026-07-13 14:57:38,880] Trial 3864 finished with values: [-1287.8619563685593, -6454.96983042115, 31.45] and parameters: {'sl_soft': 0.17299259093013, 'sl_hard_delta': 0.22147623907688235, 'tp': 0.2734748639228072, 'gate_pct': 98.21870877115913, 'dd_limit': 0.8350241645118831, 'cooldown': 2, 'flip': False, 'en_ema_trend': True, 'ema_trend_fast': 38, 'ema_trend_slow': 231, 'en_sma_trend': True, 'sma_trend_fast': 166, 'sma_trend_slow': 283, 'en_macd': True, 'macd_fast': 12, 'macd_slow': 124, 'macd_signal': 37, 'en_vwap': True, 'en_keltner': False, 'keltner_n': 26, 'keltner_m': 3.6, 'en_obv': True, 'obv_slope': 76, 'en_cci': True, 'cci_n': 107, 'cci_threshold': 35, 'en_rsi': False, 'rsi_n': 27, 'rsi_lower': 1, 'rsi_upper': 76, 'en_stochastic': False, 'stochastic_n': 8, 'stochastic_d': 40, 'stochastic_lower': 7, 'stochastic_upper': 74, 'en_mfi': True, 'mfi_n': 44, 'mfi_lower': 45, 'mfi_upper': 70, 'en_bollinger': False, 'bollinger_n': 120, 'bollinger_k': 3.8000000000000003, 'en_adx': False, 'adx_n': 20, 'adx_threshold': 27, 'en_structure_trend': False, 'structure_trend_swing_l': 19, 'en_order_block': False, 'order_block_swing_l': 12, 'en_fvg': True, 'fvg_lookback': 19, 'en_ifvg': True, 'en_breaker': True, 'breaker_swing_l': 19, 'en_cisd': True, 'k': 1, 'en_cap_bars': True, 'cap_1min': 219}.
[I 2026-07-13 14:57:40,380] Trial 3865 pruned. 
[I 2026-07-13 14:57:40,983] Trial 3866 pruned. 
[I 2026-07-13 14:57:41,206] Trial 3867 finished with values: [317.90514943061504, -3268.9423416541895, 71.05] and parameters: {'sl_soft': 0.16862822067814248, 'sl_hard_delta': 0.32898260416420594, 'tp': 0.0723159330955925, 'gate_pct': 96.58875153575434, 'dd_limit': 5.539485164098047, 'cooldown': 1, 'flip': True, 'en_ema_trend': False, 'ema_trend_fast': 318, 'ema_trend_slow': 162, 'en_sma_trend': True, 'sma_trend_fast': 313, 'sma_trend_slow': 233, 'en_macd': True, 'macd_fast': 65, 'macd_slow': 114, 'macd_signal': 42, 'en_vwap': False, 'en_keltner': True, 'keltner_n': 197, 'keltner_m': 0.7, 'en_obv': False, 'obv_slope': 30, 'en_cci': True, 'cci_n': 192, 'cci_threshold': 120, 'en_rsi': True, 'rsi_n': 78, 'rsi_lower': 12, 'rsi_upper': 76, 'en_stochastic': False, 'stochastic_n': 54, 'stochastic_d': 5, 'stochastic_lower': 24, 'stochastic_upper': 67, 'en_mfi': False, 'mfi_n': 82, 'mfi_lower': 24, 'mfi_upper': 88, 'en_bollinger': True, 'bollinger_n': 195, 'bollinger_k': 1.1, 'en_adx': False, 'adx_n': 30, 'adx_threshold': 41, 'en_structure_trend': True, 'structure_trend_swing_l': 6, 'en_order_block': True, 'order_block_swing_l': 18, 'en_fvg': False, 'fvg_lookback': 26, 'en_ifvg': False, 'en_breaker': True, 'breaker_swing_l': 1, 'en_cisd': False, 'k': 1, 'en_cap_bars': True, 'cap_1min': 833}.
[I 2026-07-13 14:57:44,446] Trial 3868 pruned. 
[I 2026-07-13 14:57:45,921] Trial 3869 finished with values: [2128.605040480469, -6603.953315341897, 80.15] and parameters: {'sl_soft': 0.29212654101002455, 'sl_hard_delta': 0.22514957031411884, 'tp': 0.0859209336931621, 'gate_pct': 99.4732844060646, 'dd_limit': 4.1596678535630165, 'cooldown': 1, 'flip': False, 'en_ema_trend': True, 'ema_trend_fast': 149, 'ema_trend_slow': 161, 'en_sma_trend': True, 'sma_trend_fast': 182, 'sma_trend_slow': 22, 'en_macd': True, 'macd_fast': 11, 'macd_slow': 23, 'macd_signal': 6, 'en_vwap': True, 'en_keltner': False, 'keltner_n': 126, 'keltner_m': 4.2, 'en_obv': True, 'obv_slope': 184, 'en_cci': True, 'cci_n': 38, 'cci_threshold': 245, 'en_rsi': False, 'rsi_n': 74, 'rsi_lower': 46, 'rsi_upper': 59, 'en_stochastic': False, 'stochastic_n': 72, 'stochastic_d': 5, 'stochastic_lower': 49, 'stochastic_upper': 75, 'en_mfi': False, 'mfi_n': 54, 'mfi_lower': 3, 'mfi_upper': 78, 'en_bollinger': False, 'bollinger_n': 171, 'bollinger_k': 4.5, 'en_adx': False, 'adx_n': 53, 'adx_threshold': 55, 'en_structure_trend': True, 'structure_trend_swing_l': 13, 'en_order_block': True, 'order_block_swing_l': 18, 'en_fvg': True, 'fvg_lookback': 34, 'en_ifvg': False, 'en_breaker': False, 'breaker_swing_l': 7, 'en_cisd': True, 'k': 5, 'en_cap_bars': True, 'cap_1min': 436}.
[I 2026-07-13 14:57:48,378] Trial 3870 pruned. 
[I 2026-07-13 14:57:50,569] Trial 3871 finished with values: [2621.697132255268, -5344.076835556991, 72.85] and parameters: {'sl_soft': 0.29212654101002455, 'sl_hard_delta': 0.22514957031411884, 'tp': 0.15809231644429605, 'gate_pct': 98.21870877115913, 'dd_limit': 4.1596678535630165, 'cooldown': 1, 'flip': False, 'en_ema_trend': True, 'ema_trend_fast': 38, 'ema_trend_slow': 161, 'en_sma_trend': True, 'sma_trend_fast': 313, 'sma_trend_slow': 157, 'en_macd': True, 'macd_fast': 10, 'macd_slow': 134, 'macd_signal': 21, 'en_vwap': False, 'en_keltner': False, 'keltner_n': 48, 'keltner_m': 2.3, 'en_obv': True, 'obv_slope': 82, 'en_cci': True, 'cci_n': 107, 'cci_threshold': 30, 'en_rsi': False, 'rsi_n': 74, 'rsi_lower': 46, 'rsi_upper': 59, 'en_stochastic': False, 'stochastic_n': 82, 'stochastic_d': 30, 'stochastic_lower': 2, 'stochastic_upper': 96, 'en_mfi': True, 'mfi_n': 35, 'mfi_lower': 3, 'mfi_upper': 80, 'en_bollinger': False, 'bollinger_n': 37, 'bollinger_k': 4.5, 'en_adx': False, 'adx_n': 91, 'adx_threshold': 47, 'en_structure_trend': False, 'structure_trend_swing_l': 16, 'en_order_block': True, 'order_block_swing_l': 8, 'en_fvg': True, 'fvg_lookback': 34, 'en_ifvg': True, 'en_breaker': False, 'breaker_swing_l': 10, 'en_cisd': True, 'k': 5, 'en_cap_bars': True, 'cap_1min': 686}.
[I 2026-07-13 14:57:51,963] Trial 3872 finished with values: [1351.2681406770707, -13376.22578988011, 51.45] and parameters: {'sl_soft': 0.17299259093013, 'sl_hard_delta': 0.1616446205413609, 'tp': 0.3322153223243982, 'gate_pct': 98.21870877115913, 'dd_limit': 0.8350241645118831, 'cooldown': 2, 'flip': False, 'en_ema_trend': False, 'ema_trend_fast': 126, 'ema_trend_slow': 112, 'en_sma_trend': False, 'sma_trend_fast': 322, 'sma_trend_slow': 157, 'en_macd': True, 'macd_fast': 52, 'macd_slow': 168, 'macd_signal': 43, 'en_vwap': False, 'en_keltner': False, 'keltner_n': 26, 'keltner_m': 1.3, 'en_obv': False, 'obv_slope': 82, 'en_cci': True, 'cci_n': 107, 'cci_threshold': 65, 'en_rsi': False, 'rsi_n': 16, 'rsi_lower': 47, 'rsi_upper': 71, 'en_stochastic': False, 'stochastic_n': 53, 'stochastic_d': 40, 'stochastic_lower': 12, 'stochastic_upper': 74, 'en_mfi': False, 'mfi_n': 35, 'mfi_lower': 2, 'mfi_upper': 79, 'en_bollinger': False, 'bollinger_n': 120, 'bollinger_k': 2.6, 'en_adx': False, 'adx_n': 85, 'adx_threshold': 44, 'en_structure_trend': True, 'structure_trend_swing_l': 3, 'en_order_block': False, 'order_block_swing_l': 12, 'en_fvg': True, 'fvg_lookback': 17, 'en_ifvg': False, 'en_breaker': True, 'breaker_swing_l': 14, 'en_cisd': False, 'k': 4, 'en_cap_bars': True, 'cap_1min': 535}.
[I 2026-07-13 14:57:55,796] Trial 3873 finished with values: [-5547.283533872685, -15429.627266765245, 78.95] and parameters: {'sl_soft': 0.29406552811412545, 'sl_hard_delta': 0.37829453785567446, 'tp': 0.0859209336931621, 'gate_pct': 97.87184393359011, 'dd_limit': 0.4513858738163641, 'cooldown': 1, 'flip': True, 'en_ema_trend': True, 'ema_trend_fast': 149, 'ema_trend_slow': 377, 'en_sma_trend': False, 'sma_trend_fast': 120, 'sma_trend_slow': 228, 'en_macd': True, 'macd_fast': 78, 'macd_slow': 72, 'macd_signal': 22, 'en_vwap': True, 'en_keltner': True, 'keltner_n': 24, 'keltner_m': 4.8, 'en_obv': False, 'obv_slope': 21, 'en_cci': False, 'cci_n': 38, 'cci_threshold': 45, 'en_rsi': False, 'rsi_n': 25, 'rsi_lower': 4, 'rsi_upper': 70, 'en_stochastic': False, 'stochastic_n': 72, 'stochastic_d': 45, 'stochastic_lower': 42, 'stochastic_upper': 91, 'en_mfi': False, 'mfi_n': 19, 'mfi_lower': 5, 'mfi_upper': 84, 'en_bollinger': False, 'bollinger_n': 54, 'bollinger_k': 1.7000000000000002, 'en_adx': False, 'adx_n': 50, 'adx_threshold': 51, 'en_structure_trend': True, 'structure_trend_swing_l': 17, 'en_order_block': True, 'order_block_swing_l': 18, 'en_fvg': False, 'fvg_lookback': 7, 'en_ifvg': False, 'en_breaker': False, 'breaker_swing_l': 19, 'en_cisd': True, 'k': 2, 'en_cap_bars': False, 'cap_1min': 1339}.
[I 2026-07-13 14:57:58,063] Trial 3874 finished with values: [921.7693125649441, -24562.746218337918, 67.85] and parameters: {'sl_soft': 0.29406552811412545, 'sl_hard_delta': 0.26350679747876377, 'tp': 0.14518538625129632, 'gate_pct': 97.87184393359011, 'dd_limit': 0.6062953539401272, 'cooldown': 2, 'flip': False, 'en_ema_trend': True, 'ema_trend_fast': 195, 'ema_trend_slow': 377, 'en_sma_trend': True, 'sma_trend_fast': 182, 'sma_trend_slow': 309, 'en_macd': True, 'macd_fast': 70, 'macd_slow': 72, 'macd_signal': 6, 'en_vwap': True, 'en_keltner': True, 'keltner_n': 24, 'keltner_m': 1.3, 'en_obv': True, 'obv_slope': 61, 'en_cci': True, 'cci_n': 38, 'cci_threshold': 250, 'en_rsi': True, 'rsi_n': 25, 'rsi_lower': 30, 'rsi_upper': 66, 'en_stochastic': False, 'stochastic_n': 72, 'stochastic_d': 28, 'stochastic_lower': 42, 'stochastic_upper': 91, 'en_mfi': False, 'mfi_n': 19, 'mfi_lower': 49, 'mfi_upper': 78, 'en_bollinger': False, 'bollinger_n': 171, 'bollinger_k': 2.8000000000000003, 'en_adx': False, 'adx_n': 50, 'adx_threshold': 40, 'en_structure_trend': True, 'structure_trend_swing_l': 17, 'en_order_block': True, 'order_block_swing_l': 11, 'en_fvg': False, 'fvg_lookback': 7, 'en_ifvg': False, 'en_breaker': True, 'breaker_swing_l': 6, 'en_cisd': False, 'k': 4, 'en_cap_bars': False, 'cap_1min': 436}.
[I 2026-07-13 14:57:59,487] Trial 3875 finished with values: [455.26949332886727, -19642.492180378566, 62.5] and parameters: {'sl_soft': 0.29406552811412545, 'sl_hard_delta': 0.26350679747876377, 'tp': 0.15809231644429605, 'gate_pct': 97.87184393359011, 'dd_limit': 0.6062953539401272, 'cooldown': 2, 'flip': False, 'en_ema_trend': True, 'ema_trend_fast': 195, 'ema_trend_slow': 377, 'en_sma_trend': True, 'sma_trend_fast': 44, 'sma_trend_slow': 22, 'en_macd': True, 'macd_fast': 11, 'macd_slow': 72, 'macd_signal': 71, 'en_vwap': True, 'en_keltner': True, 'keltner_n': 24, 'keltner_m': 1.3, 'en_obv': True, 'obv_slope': 61, 'en_cci': True, 'cci_n': 142, 'cci_threshold': 250, 'en_rsi': False, 'rsi_n': 93, 'rsi_lower': 46, 'rsi_upper': 66, 'en_stochastic': False, 'stochastic_n': 95, 'stochastic_d': 28, 'stochastic_lower': 42, 'stochastic_upper': 91, 'en_mfi': False, 'mfi_n': 19, 'mfi_lower': 22, 'mfi_upper': 99, 'en_bollinger': False, 'bollinger_n': 149, 'bollinger_k': 2.8000000000000003, 'en_adx': False, 'adx_n': 53, 'adx_threshold': 24, 'en_structure_trend': True, 'structure_trend_swing_l': 17, 'en_order_block': True, 'order_block_swing_l': 11, 'en_fvg': True, 'fvg_lookback': 7, 'en_ifvg': False, 'en_breaker': True, 'breaker_swing_l': 6, 'en_cisd': False, 'k': 5, 'en_cap_bars': False, 'cap_1min': 1250}.
[I 2026-07-13 14:58:03,083] Trial 3876 finished with values: [-1475.5123490793312, -4023.182503707226, 66.15] and parameters: {'sl_soft': 0.16996140481300154, 'sl_hard_delta': 0.3817260073301948, 'tp': 0.07629543740731591, 'gate_pct': 98.72479828405353, 'dd_limit': 4.1596678535630165, 'cooldown': 1, 'flip': False, 'en_ema_trend': True, 'ema_trend_fast': 79, 'ema_trend_slow': 100, 'en_sma_trend': True, 'sma_trend_fast': 372, 'sma_trend_slow': 283, 'en_macd': True, 'macd_fast': 11, 'macd_slow': 43, 'macd_signal': 76, 'en_vwap': False, 'en_keltner': True, 'keltner_n': 126, 'keltner_m': 4.7, 'en_obv': True, 'obv_slope': 184, 'en_cci': True, 'cci_n': 67, 'cci_threshold': 30, 'en_rsi': False, 'rsi_n': 58, 'rsi_lower': 46, 'rsi_upper': 59, 'en_stochastic': False, 'stochastic_n': 86, 'stochastic_d': 31, 'stochastic_lower': 10, 'stochastic_upper': 89, 'en_mfi': True, 'mfi_n': 56, 'mfi_lower': 16, 'mfi_upper': 99, 'en_bollinger': False, 'bollinger_n': 23, 'bollinger_k': 4.5, 'en_adx': False, 'adx_n': 53, 'adx_threshold': 48, 'en_structure_trend': False, 'structure_trend_swing_l': 16, 'en_order_block': False, 'order_block_swing_l': 19, 'en_fvg': True, 'fvg_lookback': 34, 'en_ifvg': True, 'en_breaker': False, 'breaker_swing_l': 7, 'en_cisd': True, 'k': 5, 'en_cap_bars': False, 'cap_1min': 852}.
[I 2026-07-13 14:58:04,069] Trial 3877 pruned. 
[I 2026-07-13 14:58:06,960] Trial 3878 finished with values: [4225.346897765192, -17272.165429441466, 69.0] and parameters: {'sl_soft': 0.25282872551526225, 'sl_hard_delta': 0.22514957031411884, 'tp': 0.15809231644429605, 'gate_pct': 94.97650230819906, 'dd_limit': 4.1596678535630165, 'cooldown': 1, 'flip': False, 'en_ema_trend': True, 'ema_trend_fast': 149, 'ema_trend_slow': 161, 'en_sma_trend': False, 'sma_trend_fast': 397, 'sma_trend_slow': 22, 'en_macd': True, 'macd_fast': 11, 'macd_slow': 132, 'macd_signal': 71, 'en_vwap': True, 'en_keltner': True, 'keltner_n': 126, 'keltner_m': 2.3, 'en_obv': True, 'obv_slope': 184, 'en_cci': True, 'cci_n': 56, 'cci_threshold': 50, 'en_rsi': False, 'rsi_n': 74, 'rsi_lower': 46, 'rsi_upper': 59, 'en_stochastic': False, 'stochastic_n': 86, 'stochastic_d': 5, 'stochastic_lower': 40, 'stochastic_upper': 96, 'en_mfi': False, 'mfi_n': 58, 'mfi_lower': 3, 'mfi_upper': 99, 'en_bollinger': False, 'bollinger_n': 99, 'bollinger_k': 4.5, 'en_adx': False, 'adx_n': 53, 'adx_threshold': 18, 'en_structure_trend': False, 'structure_trend_swing_l': 9, 'en_order_block': True, 'order_block_swing_l': 19, 'en_fvg': True, 'fvg_lookback': 34, 'en_ifvg': False, 'en_breaker': False, 'breaker_swing_l': 7, 'en_cisd': True, 'k': 5, 'en_cap_bars': False, 'cap_1min': 577}.
[I 2026-07-13 14:58:08,512] Trial 3879 finished with values: [-162.48777021646197, -7849.987770216559, 27.25] and parameters: {'sl_soft': 0.07495145835141874, 'sl_hard_delta': 0.38069755865652133, 'tp': 0.39000122297835543, 'gate_pct': 98.58299891691806, 'dd_limit': 4.17581929961137, 'cooldown': 2, 'flip': False, 'en_ema_trend': False, 'ema_trend_fast': 76, 'ema_trend_slow': 84, 'en_sma_trend': False, 'sma_trend_fast': 268, 'sma_trend_slow': 265, 'en_macd': True, 'macd_fast': 6, 'macd_slow': 36, 'macd_signal': 6, 'en_vwap': True, 'en_keltner': True, 'keltner_n': 102, 'keltner_m': 3.6, 'en_obv': True, 'obv_slope': 18, 'en_cci': False, 'cci_n': 165, 'cci_threshold': 75, 'en_rsi': False, 'rsi_n': 25, 'rsi_lower': 43, 'rsi_upper': 72, 'en_stochastic': False, 'stochastic_n': 29, 'stochastic_d': 2, 'stochastic_lower': 30, 'stochastic_upper': 75, 'en_mfi': False, 'mfi_n': 11, 'mfi_lower': 45, 'mfi_upper': 75, 'en_bollinger': True, 'bollinger_n': 56, 'bollinger_k': 2.7, 'en_adx': False, 'adx_n': 59, 'adx_threshold': 40, 'en_structure_trend': True, 'structure_trend_swing_l': 9, 'en_order_block': True, 'order_block_swing_l': 13, 'en_fvg': False, 'fvg_lookback': 24, 'en_ifvg': True, 'en_breaker': False, 'breaker_swing_l': 8, 'en_cisd': True, 'k': 3, 'en_cap_bars': False, 'cap_1min': 591}.
[I 2026-07-13 14:58:10,616] Trial 3880 pruned. 
[I 2026-07-13 14:58:11,117] Trial 3881 pruned. 
[I 2026-07-13 14:58:11,683] Trial 3882 pruned. 
[I 2026-07-13 14:58:11,967] Trial 3883 finished with values: [-291.7789919039037, -2072.371989205237, 67.95] and parameters: {'sl_soft': 0.17833830668719855, 'sl_hard_delta': 0.38069755865652133, 'tp': 0.0859209336931621, 'gate_pct': 98.58299891691806, 'dd_limit': 5.196387599591654, 'cooldown': 2, 'flip': False, 'en_ema_trend': False, 'ema_trend_fast': 197, 'ema_trend_slow': 2, 'en_sma_trend': False, 'sma_trend_fast': 268, 'sma_trend_slow': 290, 'en_macd': True, 'macd_fast': 6, 'macd_slow': 157, 'macd_signal': 6, 'en_vwap': True, 'en_keltner': True, 'keltner_n': 102, 'keltner_m': 3.1, 'en_obv': True, 'obv_slope': 161, 'en_cci': True, 'cci_n': 172, 'cci_threshold': 120, 'en_rsi': False, 'rsi_n': 25, 'rsi_lower': 4, 'rsi_upper': 72, 'en_stochastic': False, 'stochastic_n': 29, 'stochastic_d': 3, 'stochastic_lower': 20, 'stochastic_upper': 75, 'en_mfi': True, 'mfi_n': 11, 'mfi_lower': 33, 'mfi_upper': 78, 'en_bollinger': False, 'bollinger_n': 56, 'bollinger_k': 2.7, 'en_adx': False, 'adx_n': 59, 'adx_threshold': 5, 'en_structure_trend': True, 'structure_trend_swing_l': 14, 'en_order_block': True, 'order_block_swing_l': 18, 'en_fvg': True, 'fvg_lookback': 24, 'en_ifvg': True, 'en_breaker': False, 'breaker_swing_l': 11, 'en_cisd': False, 'k': 4, 'en_cap_bars': True, 'cap_1min': 591}.
[I 2026-07-13 14:58:14,526] Trial 3884 finished with values: [1704.2343433192104, -8296.649214695151, 30.0] and parameters: {'sl_soft': 0.12406282734192264, 'sl_hard_delta': 0.018770643401268352, 'tp': 0.39000122297835543, 'gate_pct': 95.4952585196385, 'dd_limit': 5.196387599591654, 'cooldown': 1, 'flip': False, 'en_ema_trend': False, 'ema_trend_fast': 318, 'ema_trend_slow': 152, 'en_sma_trend': False, 'sma_trend_fast': 360, 'sma_trend_slow': 233, 'en_macd': False, 'macd_fast': 12, 'macd_slow': 36, 'macd_signal': 18, 'en_vwap': True, 'en_keltner': True, 'keltner_n': 146, 'keltner_m': 0.7, 'en_obv': False, 'obv_slope': 18, 'en_cci': True, 'cci_n': 13, 'cci_threshold': 75, 'en_rsi': True, 'rsi_n': 53, 'rsi_lower': 43, 'rsi_upper': 76, 'en_stochastic': False, 'stochastic_n': 78, 'stochastic_d': 17, 'stochastic_lower': 20, 'stochastic_upper': 57, 'en_mfi': False, 'mfi_n': 20, 'mfi_lower': 45, 'mfi_upper': 75, 'en_bollinger': False, 'bollinger_n': 195, 'bollinger_k': 4.1, 'en_adx': False, 'adx_n': 76, 'adx_threshold': 5, 'en_structure_trend': False, 'structure_trend_swing_l': 4, 'en_order_block': True, 'order_block_swing_l': 18, 'en_fvg': True, 'fvg_lookback': 26, 'en_ifvg': False, 'en_breaker': False, 'breaker_swing_l': 8, 'en_cisd': False, 'k': 3, 'en_cap_bars': True, 'cap_1min': 833}.
[I 2026-07-13 14:58:14,937] Trial 3885 finished with values: [1189.4803943247468, -4393.052543817219, 21.1] and parameters: {'sl_soft': 0.07495145835141874, 'sl_hard_delta': 0.018770643401268352, 'tp': 0.39000122297835543, 'gate_pct': 98.58299891691806, 'dd_limit': 5.196387599591654, 'cooldown': 2, 'flip': False, 'en_ema_trend': False, 'ema_trend_fast': 197, 'ema_trend_slow': 2, 'en_sma_trend': False, 'sma_trend_fast': 360, 'sma_trend_slow': 265, 'en_macd': True, 'macd_fast': 20, 'macd_slow': 36, 'macd_signal': 18, 'en_vwap': True, 'en_keltner': True, 'keltner_n': 146, 'keltner_m': 3.1, 'en_obv': True, 'obv_slope': 18, 'en_cci': False, 'cci_n': 165, 'cci_threshold': 75, 'en_rsi': False, 'rsi_n': 100, 'rsi_lower': 43, 'rsi_upper': 64, 'en_stochastic': False, 'stochastic_n': 78, 'stochastic_d': 39, 'stochastic_lower': 20, 'stochastic_upper': 57, 'en_mfi': False, 'mfi_n': 11, 'mfi_lower': 45, 'mfi_upper': 75, 'en_bollinger': False, 'bollinger_n': 56, 'bollinger_k': 3.3000000000000003, 'en_adx': False, 'adx_n': 59, 'adx_threshold': 5, 'en_structure_trend': True, 'structure_trend_swing_l': 9, 'en_order_block': True, 'order_block_swing_l': 13, 'en_fvg': True, 'fvg_lookback': 24, 'en_ifvg': True, 'en_breaker': False, 'breaker_swing_l': 8, 'en_cisd': False, 'k': 1, 'en_cap_bars': False, 'cap_1min': 591}.
[I 2026-07-13 14:58:15,201] Trial 3886 pruned. 
[I 2026-07-13 14:58:15,883] Trial 3887 finished with values: [-222.04631264326474, -5866.0326048605775, 64.6] and parameters: {'sl_soft': 0.17833830668719855, 'sl_hard_delta': 0.38069755865652133, 'tp': 0.0859209336931621, 'gate_pct': 98.58299891691806, 'dd_limit': 4.17581929961137, 'cooldown': 1, 'flip': False, 'en_ema_trend': False, 'ema_trend_fast': 197, 'ema_trend_slow': 2, 'en_sma_trend': False, 'sma_trend_fast': 268, 'sma_trend_slow': 290, 'en_macd': True, 'macd_fast': 6, 'macd_slow': 157, 'macd_signal': 6, 'en_vwap': True, 'en_keltner': True, 'keltner_n': 102, 'keltner_m': 3.6, 'en_obv': True, 'obv_slope': 161, 'en_cci': True, 'cci_n': 172, 'cci_threshold': 120, 'en_rsi': False, 'rsi_n': 25, 'rsi_lower': 4, 'rsi_upper': 72, 'en_stochastic': False, 'stochastic_n': 29, 'stochastic_d': 2, 'stochastic_lower': 20, 'stochastic_upper': 75, 'en_mfi': True, 'mfi_n': 28, 'mfi_lower': 33, 'mfi_upper': 78, 'en_bollinger': False, 'bollinger_n': 56, 'bollinger_k': 2.7, 'en_adx': False, 'adx_n': 78, 'adx_threshold': 5, 'en_structure_trend': True, 'structure_trend_swing_l': 14, 'en_order_block': True, 'order_block_swing_l': 18, 'en_fvg': False, 'fvg_lookback': 24, 'en_ifvg': True, 'en_breaker': False, 'breaker_swing_l': 11, 'en_cisd': True, 'k': 4, 'en_cap_bars': True, 'cap_1min': 481}.
