[I 2026-07-13 13:44:22,764] Trial 673 finished with values: [2490.981023555161, -4438.607590577952, 51.5] and parameters: {'sl_soft': 0.11087205631794791, 'sl_hard_delta': 0.34980455705531915, 'tp': 0.2686392409422063, 'gate_pct': 97.47084145131518, 'dd_limit': 1.1085214524927745, 'cooldown': 1, 'flip': True, 'en_ema_trend': False, 'ema_trend_fast': 127, 'ema_trend_slow': 26, 'en_sma_trend': True, 'sma_trend_fast': 371, 'sma_trend_slow': 343, 'en_macd': True, 'macd_fast': 34, 'macd_slow': 173, 'macd_signal': 58, 'en_vwap': True, 'en_keltner': True, 'keltner_n': 32, 'keltner_m': 4.300000000000001, 'en_obv': False, 'obv_slope': 152, 'en_cci': True, 'cci_n': 29, 'cci_threshold': 285, 'en_rsi': False, 'rsi_n': 62, 'rsi_lower': 30, 'rsi_upper': 59, 'en_stochastic': True, 'stochastic_n': 87, 'stochastic_d': 17, 'stochastic_lower': 28, 'stochastic_upper': 83, 'en_mfi': False, 'mfi_n': 34, 'mfi_lower': 23, 'mfi_upper': 89, 'en_bollinger': True, 'bollinger_n': 78, 'bollinger_k': 1.5, 'en_adx': True, 'adx_n': 34, 'adx_threshold': 5, 'en_structure_trend': False, 'structure_trend_swing_l': 11, 'en_order_block': False, 'order_block_swing_l': 6, 'en_fvg': True, 'fvg_lookback': 34, 'en_ifvg': False, 'en_breaker': True, 'breaker_swing_l': 9, 'en_cisd': False, 'k': 2, 'en_cap_bars': True, 'cap_1min': 694}.
[I 2026-07-13 13:44:24,617] Trial 674 pruned. 
[I 2026-07-13 13:44:25,209] Trial 675 pruned. 
[I 2026-07-13 13:44:25,811] Trial 676 pruned. 
[I 2026-07-13 13:44:26,395] Trial 677 pruned. 
[I 2026-07-13 13:44:27,248] Trial 678 pruned. 
[I 2026-07-13 13:44:27,466] Trial 679 pruned. 
[I 2026-07-13 13:44:27,549] Trial 680 pruned. 
[I 2026-07-13 13:44:28,577] Trial 681 pruned. 
[I 2026-07-13 13:44:29,256] Trial 682 pruned. 
[I 2026-07-13 13:44:29,798] Trial 683 pruned. 
[I 2026-07-13 13:44:30,752] Trial 684 pruned. 
[I 2026-07-13 13:44:31,373] Trial 685 pruned. 
[I 2026-07-13 13:44:32,381] Trial 686 pruned. 
[I 2026-07-13 13:44:33,043] Trial 687 pruned. 
[I 2026-07-13 13:44:34,930] Trial 688 pruned. 
[I 2026-07-13 13:44:36,619] Trial 689 pruned. 
[I 2026-07-13 13:44:37,188] Trial 690 pruned. 
[I 2026-07-13 13:44:38,945] Trial 691 pruned. 
[I 2026-07-13 13:44:39,739] Trial 692 pruned. 
[I 2026-07-13 13:44:40,446] Trial 693 pruned. 
[I 2026-07-13 13:44:40,736] Trial 694 pruned. 
[I 2026-07-13 13:44:41,756] Trial 695 pruned. 
[I 2026-07-13 13:44:42,098] Trial 696 pruned. 
[I 2026-07-13 13:44:42,329] Trial 697 pruned. 
[I 2026-07-13 13:44:43,823] Trial 698 pruned. 
[I 2026-07-13 13:44:45,255] Trial 699 pruned. 
[I 2026-07-13 13:44:45,994] Trial 700 pruned. 
[I 2026-07-13 13:44:46,242] Trial 701 pruned. 
[I 2026-07-13 13:44:47,640] Trial 702 pruned. 
[I 2026-07-13 13:44:48,302] Trial 703 pruned. 
[I 2026-07-13 13:44:48,863] Trial 704 pruned. 
[I 2026-07-13 13:44:49,113] Trial 705 pruned. 
[I 2026-07-13 13:44:50,641] Trial 706 pruned. 
[I 2026-07-13 13:44:51,398] Trial 707 pruned. 
[I 2026-07-13 13:44:52,282] Trial 708 pruned. 
[I 2026-07-13 13:44:54,319] Trial 709 pruned. 
[I 2026-07-13 13:44:54,824] Trial 710 pruned. 
[I 2026-07-13 13:44:55,352] Trial 711 pruned. 
[I 2026-07-13 13:44:57,081] Trial 712 pruned. 
[I 2026-07-13 13:44:57,575] Trial 713 pruned. 
[I 2026-07-13 13:44:58,499] Trial 714 pruned. 
[I 2026-07-13 13:44:59,882] Trial 715 pruned. 
[I 2026-07-13 13:45:00,705] Trial 716 pruned. 
[I 2026-07-13 13:45:01,086] Trial 717 pruned. 
[I 2026-07-13 13:45:02,128] Trial 718 pruned. 
[I 2026-07-13 13:45:02,787] Trial 719 pruned. 
[I 2026-07-13 13:45:02,875] Trial 720 pruned. 
[I 2026-07-13 13:45:03,400] Trial 721 pruned. 
[I 2026-07-13 13:45:04,254] Trial 722 pruned. 
[I 2026-07-13 13:45:04,439] Trial 723 pruned. 
[I 2026-07-13 13:45:05,113] Trial 724 pruned. 
[I 2026-07-13 13:45:05,518] Trial 725 pruned. 
[I 2026-07-13 13:45:06,663] Trial 726 pruned. 
[I 2026-07-13 13:45:07,295] Trial 727 pruned. 
[I 2026-07-13 13:45:08,341] Trial 728 pruned. 
[I 2026-07-13 13:45:08,574] Trial 729 pruned. 
[I 2026-07-13 13:45:09,397] Trial 730 pruned. 
[I 2026-07-13 13:45:10,242] Trial 731 pruned. 
[I 2026-07-13 13:45:11,475] Trial 732 pruned. 
[I 2026-07-13 13:45:12,040] Trial 733 pruned. 
[I 2026-07-13 13:45:12,304] Trial 734 pruned. 
[I 2026-07-13 13:45:12,950] Trial 735 pruned. 
[I 2026-07-13 13:45:14,542] Trial 736 pruned. 
[I 2026-07-13 13:45:15,164] Trial 737 pruned. 
[I 2026-07-13 13:45:16,380] Trial 738 pruned. 
[I 2026-07-13 13:45:17,574] Trial 739 pruned. 
[I 2026-07-13 13:45:18,216] Trial 740 pruned. 
[I 2026-07-13 13:45:20,405] Trial 741 pruned. 
[I 2026-07-13 13:45:21,432] Trial 742 pruned. 
[I 2026-07-13 13:45:21,941] Trial 743 pruned. 
[I 2026-07-13 13:45:24,699] Trial 744 pruned. 
[I 2026-07-13 13:45:25,009] Trial 745 pruned. 
[I 2026-07-13 13:45:26,069] Trial 746 pruned. 
[I 2026-07-13 13:45:26,805] Trial 747 pruned. 
[I 2026-07-13 13:45:28,586] Trial 748 pruned. 
[I 2026-07-13 13:45:29,312] Trial 749 pruned. 
[I 2026-07-13 13:45:29,568] Trial 750 pruned. 
[I 2026-07-13 13:45:30,819] Trial 751 pruned. 
[I 2026-07-13 13:45:32,486] Trial 752 pruned. 
[I 2026-07-13 13:45:34,540] Trial 753 pruned. 
[I 2026-07-13 13:45:36,064] Trial 754 pruned. 
[I 2026-07-13 13:45:36,980] Trial 755 pruned. 
[I 2026-07-13 13:45:37,738] Trial 756 pruned. 
[I 2026-07-13 13:45:39,353] Trial 757 pruned. 
[I 2026-07-13 13:45:39,770] Trial 758 pruned. 
[I 2026-07-13 13:45:40,249] Trial 759 pruned. 
[I 2026-07-13 13:45:40,465] Trial 760 pruned. 
[I 2026-07-13 13:45:41,627] Trial 761 pruned. 
[I 2026-07-13 13:45:43,365] Trial 762 pruned. 
[I 2026-07-13 13:45:45,677] Trial 763 pruned. 
[I 2026-07-13 13:45:47,366] Trial 764 pruned. 
[I 2026-07-13 13:45:48,344] Trial 765 pruned. 
[I 2026-07-13 13:45:49,526] Trial 766 pruned. 
[I 2026-07-13 13:45:50,699] Trial 767 pruned. 
[I 2026-07-13 13:45:51,650] Trial 768 pruned. 
[I 2026-07-13 13:45:52,641] Trial 769 pruned. 
[I 2026-07-13 13:45:53,446] Trial 770 pruned. 
[I 2026-07-13 13:45:55,414] Trial 771 pruned. 
[I 2026-07-13 13:45:56,139] Trial 772 pruned. 
[I 2026-07-13 13:45:56,919] Trial 773 pruned. 
[I 2026-07-13 13:45:57,894] Trial 774 pruned. 
[I 2026-07-13 13:45:59,540] Trial 775 pruned. 
[I 2026-07-13 13:46:00,476] Trial 776 pruned. 
[I 2026-07-13 13:46:01,543] Trial 777 pruned. 
[I 2026-07-13 13:46:02,550] Trial 778 pruned. 
[I 2026-07-13 13:46:04,003] Trial 779 pruned. 
[I 2026-07-13 13:46:05,315] Trial 780 pruned. 
[I 2026-07-13 13:46:07,845] Trial 781 pruned. 
[I 2026-07-13 13:46:09,044] Trial 782 pruned. 
[I 2026-07-13 13:46:10,926] Trial 783 pruned. 
[I 2026-07-13 13:46:11,486] Trial 784 pruned. 
[I 2026-07-13 13:46:12,465] Trial 785 pruned. 
[I 2026-07-13 13:46:13,212] Trial 786 pruned. 
[I 2026-07-13 13:46:15,119] Trial 787 pruned. 
[I 2026-07-13 13:46:16,008] Trial 788 pruned. 
[I 2026-07-13 13:46:16,786] Trial 789 pruned. 
[I 2026-07-13 13:46:18,264] Trial 790 pruned. 
[I 2026-07-13 13:46:20,024] Trial 791 pruned. 
[I 2026-07-13 13:46:22,333] Trial 792 pruned. 
[I 2026-07-13 13:46:23,184] Trial 793 pruned. 
[I 2026-07-13 13:46:24,690] Trial 794 pruned. 
[I 2026-07-13 13:46:25,431] Trial 795 pruned. 
[I 2026-07-13 13:46:26,767] Trial 796 pruned. 
[I 2026-07-13 13:46:28,753] Trial 797 pruned. 
[I 2026-07-13 13:46:29,842] Trial 798 pruned. 
[I 2026-07-13 13:46:30,748] Trial 799 pruned. 
[I 2026-07-13 13:46:30,938] Trial 800 pruned. 
[I 2026-07-13 13:46:31,932] Trial 801 pruned. 
[I 2026-07-13 13:46:32,287] Trial 802 pruned. 
[I 2026-07-13 13:46:33,118] Trial 803 pruned. 
[I 2026-07-13 13:46:34,596] Trial 804 pruned. 
[I 2026-07-13 13:46:37,119] Trial 805 pruned. 
[I 2026-07-13 13:46:38,222] Trial 806 pruned. 
[I 2026-07-13 13:46:38,666] Trial 807 pruned. 
[I 2026-07-13 13:46:40,917] Trial 808 pruned. 
[I 2026-07-13 13:46:46,923] Trial 809 pruned. 
[I 2026-07-13 13:46:51,443] Trial 810 pruned. 
[I 2026-07-13 13:46:51,770] Trial 811 pruned. 
[I 2026-07-13 13:46:52,487] Trial 812 pruned. 
[I 2026-07-13 13:46:53,098] Trial 813 pruned. 
[I 2026-07-13 13:46:54,490] Trial 814 pruned. 
[I 2026-07-13 13:46:56,227] Trial 815 pruned. 
[I 2026-07-13 13:46:56,708] Trial 816 pruned. 
[I 2026-07-13 13:46:57,324] Trial 817 pruned. 
[I 2026-07-13 13:46:58,720] Trial 818 pruned. 
[I 2026-07-13 13:46:59,886] Trial 819 pruned. 
[I 2026-07-13 13:47:00,863] Trial 820 pruned. 
[I 2026-07-13 13:47:01,580] Trial 821 pruned. 
[I 2026-07-13 13:47:02,408] Trial 822 pruned. 
[I 2026-07-13 13:47:03,678] Trial 823 pruned. 
[I 2026-07-13 13:47:04,920] Trial 824 pruned. 
[I 2026-07-13 13:47:06,065] Trial 825 pruned. 
[I 2026-07-13 13:47:08,198] Trial 826 pruned. 
[I 2026-07-13 13:47:10,071] Trial 827 pruned. 
[I 2026-07-13 13:47:11,309] Trial 828 pruned. 
[I 2026-07-13 13:47:12,500] Trial 829 pruned. 
[I 2026-07-13 13:47:13,530] Trial 830 pruned. 
[I 2026-07-13 13:47:14,073] Trial 831 pruned. 
[I 2026-07-13 13:47:15,300] Trial 832 pruned. 
[I 2026-07-13 13:47:16,091] Trial 833 pruned. 
[I 2026-07-13 13:47:17,813] Trial 834 pruned. 
[I 2026-07-13 13:47:18,246] Trial 835 pruned. 
[I 2026-07-13 13:47:20,057] Trial 836 pruned. 
[I 2026-07-13 13:47:21,600] Trial 837 pruned. 
[I 2026-07-13 13:47:24,498] Trial 838 pruned. 
[I 2026-07-13 13:47:25,725] Trial 839 pruned. 
[I 2026-07-13 13:47:25,913] Trial 840 pruned. 
[I 2026-07-13 13:47:27,850] Trial 841 pruned. 
[I 2026-07-13 13:47:29,161] Trial 842 pruned. 
[I 2026-07-13 13:47:41,453] Trial 843 finished with values: [2949.283018751065, -10771.88973967125, 54.35] and parameters: {'sl_soft': 0.250255701797681, 'sl_hard_delta': 0.1134020425548124, 'tp': 0.2709776934570576, 'gate_pct': 99.3861717774851, 'dd_limit': 6.844711394584541, 'cooldown': 2, 'flip': True, 'en_ema_trend': False, 'ema_trend_fast': 261, 'ema_trend_slow': 294, 'en_sma_trend': True, 'sma_trend_fast': 177, 'sma_trend_slow': 351, 'en_macd': True, 'macd_fast': 61, 'macd_slow': 93, 'macd_signal': 38, 'en_vwap': True, 'en_keltner': False, 'keltner_n': 22, 'keltner_m': 1.2000000000000002, 'en_obv': True, 'obv_slope': 69, 'en_cci': True, 'cci_n': 112, 'cci_threshold': 180, 'en_rsi': True, 'rsi_n': 78, 'rsi_lower': 9, 'rsi_upper': 63, 'en_stochastic': True, 'stochastic_n': 45, 'stochastic_d': 43, 'stochastic_lower': 21, 'stochastic_upper': 97, 'en_mfi': False, 'mfi_n': 9, 'mfi_lower': 43, 'mfi_upper': 62, 'en_bollinger': False, 'bollinger_n': 189, 'bollinger_k': 1.1, 'en_adx': False, 'adx_n': 37, 'adx_threshold': 26, 'en_structure_trend': False, 'structure_trend_swing_l': 7, 'en_order_block': True, 'order_block_swing_l': 4, 'en_fvg': False, 'fvg_lookback': 37, 'en_ifvg': True, 'en_breaker': False, 'breaker_swing_l': 14, 'en_cisd': False, 'k': 2, 'en_cap_bars': True, 'cap_1min': 1239}.
[I 2026-07-13 13:47:42,354] Trial 844 pruned. 
[I 2026-07-13 13:47:43,508] Trial 845 pruned. 
[I 2026-07-13 13:47:45,043] Trial 846 pruned. 
[I 2026-07-13 13:47:45,964] Trial 847 pruned. 
[I 2026-07-13 13:47:47,607] Trial 848 pruned. 
[I 2026-07-13 13:47:48,081] Trial 849 pruned. 
[I 2026-07-13 13:47:50,443] Trial 850 pruned. 
[I 2026-07-13 13:47:51,331] Trial 851 pruned. 
[I 2026-07-13 13:47:52,628] Trial 852 pruned. 
[I 2026-07-13 13:47:54,117] Trial 853 pruned. 
[I 2026-07-13 13:47:55,224] Trial 854 pruned. 
[I 2026-07-13 13:47:56,718] Trial 855 pruned. 
[I 2026-07-13 13:47:58,269] Trial 856 pruned. 
[I 2026-07-13 13:47:59,048] Trial 857 pruned. 
[I 2026-07-13 13:48:00,624] Trial 858 pruned. 
[I 2026-07-13 13:48:01,401] Trial 859 pruned. 
[I 2026-07-13 13:48:01,828] Trial 860 pruned. 
[I 2026-07-13 13:48:02,837] Trial 861 pruned. 
[I 2026-07-13 13:48:04,296] Trial 862 pruned. 
[I 2026-07-13 13:48:06,343] Trial 863 pruned. 
[I 2026-07-13 13:48:08,123] Trial 864 pruned. 
[I 2026-07-13 13:48:09,688] Trial 865 pruned. 
[I 2026-07-13 13:48:11,305] Trial 866 pruned. 
[I 2026-07-13 13:48:12,487] Trial 867 pruned. 
[I 2026-07-13 13:48:12,998] Trial 868 pruned. 
[I 2026-07-13 13:48:14,185] Trial 869 pruned. 
[I 2026-07-13 13:48:15,541] Trial 870 pruned. 
[I 2026-07-13 13:48:16,493] Trial 871 pruned. 
[I 2026-07-13 13:48:18,412] Trial 872 pruned. 
[I 2026-07-13 13:48:19,496] Trial 873 pruned. 
[I 2026-07-13 13:48:20,996] Trial 874 pruned. 
[I 2026-07-13 13:48:21,743] Trial 875 pruned. 
[I 2026-07-13 13:48:22,059] Trial 876 pruned. 
[I 2026-07-13 13:48:23,068] Trial 877 pruned. 
[I 2026-07-13 13:48:24,675] Trial 878 pruned. 
[I 2026-07-13 13:48:25,136] Trial 879 pruned. 
[I 2026-07-13 13:48:25,324] Trial 880 pruned. 
[I 2026-07-13 13:48:26,247] Trial 881 pruned. 
[I 2026-07-13 13:48:28,504] Trial 882 pruned. 
[I 2026-07-13 13:48:31,306] Trial 883 pruned. 
[I 2026-07-13 13:48:32,642] Trial 884 pruned. 
[I 2026-07-13 13:48:34,329] Trial 885 pruned. 
[I 2026-07-13 13:48:35,639] Trial 886 pruned. 
[I 2026-07-13 13:48:35,869] Trial 887 pruned. 
[I 2026-07-13 13:48:36,414] Trial 888 pruned. 
[I 2026-07-13 13:48:37,620] Trial 889 pruned. 
[I 2026-07-13 13:48:39,611] Trial 890 pruned. 
[I 2026-07-13 13:48:40,601] Trial 891 pruned. 
[I 2026-07-13 13:48:41,876] Trial 892 pruned. 
[I 2026-07-13 13:48:42,844] Trial 893 pruned. 
[I 2026-07-13 13:48:43,579] Trial 894 pruned. 
[I 2026-07-13 13:48:44,787] Trial 895 pruned. 
[I 2026-07-13 13:48:45,866] Trial 896 pruned. 
[I 2026-07-13 13:48:47,984] Trial 897 pruned. 
[I 2026-07-13 13:48:49,647] Trial 898 pruned. 
[I 2026-07-13 13:48:51,067] Trial 899 pruned. 
[I 2026-07-13 13:48:52,446] Trial 900 pruned. 
[I 2026-07-13 13:48:53,604] Trial 901 pruned. 
[I 2026-07-13 13:48:54,158] Trial 902 pruned. 
[I 2026-07-13 13:48:54,515] Trial 903 pruned. 
[I 2026-07-13 13:48:56,630] Trial 904 pruned. 
[I 2026-07-13 13:48:57,264] Trial 905 pruned. 
[I 2026-07-13 13:48:57,943] Trial 906 pruned. 
[I 2026-07-13 13:48:58,594] Trial 907 pruned. 
[I 2026-07-13 13:48:58,924] Trial 908 pruned. 
[I 2026-07-13 13:49:01,439] Trial 909 pruned. 
[I 2026-07-13 13:49:02,327] Trial 910 pruned. 
[I 2026-07-13 13:49:02,492] Trial 911 pruned. 
[I 2026-07-13 13:49:03,280] Trial 912 pruned. 
[I 2026-07-13 13:49:04,406] Trial 913 pruned. 
[I 2026-07-13 13:49:06,161] Trial 914 pruned. 
[I 2026-07-13 13:49:07,743] Trial 915 pruned. 
[I 2026-07-13 13:49:08,626] Trial 916 pruned. 
[I 2026-07-13 13:49:09,063] Trial 917 pruned. 
[I 2026-07-13 13:49:11,567] Trial 918 pruned. 
[I 2026-07-13 13:49:11,868] Trial 919 pruned. 
[I 2026-07-13 13:49:12,017] Trial 920 pruned. 
[I 2026-07-13 13:49:13,331] Trial 921 pruned. 
[I 2026-07-13 13:49:14,531] Trial 922 pruned. 
[I 2026-07-13 13:49:15,728] Trial 923 pruned. 
[I 2026-07-13 13:49:18,633] Trial 924 pruned. 
[I 2026-07-13 13:49:19,221] Trial 925 pruned. 
[I 2026-07-13 13:49:19,588] Trial 926 pruned. 
[I 2026-07-13 13:49:19,986] Trial 927 pruned. 
[I 2026-07-13 13:49:22,781] Trial 928 pruned. 
[I 2026-07-13 13:49:22,924] Trial 929 pruned. 
[I 2026-07-13 13:49:24,020] Trial 930 pruned. 
[I 2026-07-13 13:49:24,801] Trial 931 pruned. 
[I 2026-07-13 13:49:27,968] Trial 932 pruned. 
[I 2026-07-13 13:49:28,634] Trial 933 pruned. 
[I 2026-07-13 13:49:29,726] Trial 934 pruned. 
[I 2026-07-13 13:49:31,417] Trial 935 pruned. 
[I 2026-07-13 13:49:32,613] Trial 936 pruned. 
[I 2026-07-13 13:49:33,196] Trial 937 pruned. 
[I 2026-07-13 13:49:34,405] Trial 938 pruned. 
[I 2026-07-13 13:49:37,097] Trial 939 pruned. 
[I 2026-07-13 13:49:37,603] Trial 940 pruned. 
[I 2026-07-13 13:49:37,945] Trial 941 pruned. 
[I 2026-07-13 13:49:38,411] Trial 942 pruned. 
[I 2026-07-13 13:49:41,154] Trial 943 pruned. 
[I 2026-07-13 13:49:42,279] Trial 944 pruned. 
[I 2026-07-13 13:49:43,862] Trial 945 pruned. 
[I 2026-07-13 13:49:45,222] Trial 946 pruned. 
[I 2026-07-13 13:49:46,752] Trial 947 pruned. 
[I 2026-07-13 13:49:47,975] Trial 948 pruned. 
[I 2026-07-13 13:49:51,515] Trial 949 pruned. 
[I 2026-07-13 13:49:52,574] Trial 950 pruned. 
[I 2026-07-13 13:49:52,935] Trial 951 pruned. 
[I 2026-07-13 13:49:54,545] Trial 952 pruned. 
[I 2026-07-13 13:49:55,884] Trial 953 pruned. 
[I 2026-07-13 13:49:57,522] Trial 954 pruned. 
[I 2026-07-13 13:49:58,869] Trial 955 pruned. 
[I 2026-07-13 13:49:59,952] Trial 956 pruned. 
[I 2026-07-13 13:50:01,458] Trial 957 pruned. 
[I 2026-07-13 13:50:02,557] Trial 958 pruned. 
[I 2026-07-13 13:50:03,350] Trial 959 pruned. 
[I 2026-07-13 13:50:03,538] Trial 960 pruned. 
[I 2026-07-13 13:50:04,006] Trial 961 pruned. 
[I 2026-07-13 13:50:06,101] Trial 962 pruned. 
[I 2026-07-13 13:50:07,414] Trial 963 pruned. 
[I 2026-07-13 13:50:08,079] Trial 964 pruned. 
[I 2026-07-13 13:50:08,897] Trial 965 pruned. 
[I 2026-07-13 13:50:09,514] Trial 966 pruned. 
[I 2026-07-13 13:50:12,194] Trial 967 pruned. 
[I 2026-07-13 13:50:12,796] Trial 968 pruned. 
[I 2026-07-13 13:50:14,222] Trial 969 pruned. 
[I 2026-07-13 13:50:15,348] Trial 970 pruned. 
[I 2026-07-13 13:50:15,824] Trial 971 pruned. 
[I 2026-07-13 13:50:17,027] Trial 972 pruned. 
[I 2026-07-13 13:50:17,978] Trial 973 pruned. 
[I 2026-07-13 13:50:19,151] Trial 974 pruned. 
[I 2026-07-13 13:50:21,352] Trial 975 pruned. 
[I 2026-07-13 13:50:22,478] Trial 976 pruned. 
[I 2026-07-13 13:50:22,814] Trial 977 pruned. 
[I 2026-07-13 13:50:23,690] Trial 978 pruned. 
[I 2026-07-13 13:50:25,271] Trial 979 pruned. 
[I 2026-07-13 13:50:25,676] Trial 980 pruned. 
[I 2026-07-13 13:50:26,176] Trial 981 pruned. 
[I 2026-07-13 13:50:27,169] Trial 982 pruned. 
[I 2026-07-13 13:50:28,183] Trial 983 pruned. 
[I 2026-07-13 13:50:31,257] Trial 984 pruned. 
[I 2026-07-13 13:50:31,761] Trial 985 pruned. 
[I 2026-07-13 13:50:32,891] Trial 986 pruned. 
[I 2026-07-13 13:50:34,040] Trial 987 pruned. 
[I 2026-07-13 13:50:35,606] Trial 988 pruned. 
[I 2026-07-13 13:50:36,508] Trial 989 pruned. 
[I 2026-07-13 13:50:38,473] Trial 990 pruned. 
[I 2026-07-13 13:50:38,970] Trial 991 pruned. 
[I 2026-07-13 13:50:39,876] Trial 992 pruned. 
[I 2026-07-13 13:50:40,749] Trial 993 pruned. 
[I 2026-07-13 13:50:43,044] Trial 994 pruned. 
[I 2026-07-13 13:50:43,380] Trial 995 pruned. 
[I 2026-07-13 13:50:43,699] Trial 996 pruned. 
[I 2026-07-13 13:50:44,846] Trial 997 pruned. 
[I 2026-07-13 13:50:46,169] Trial 998 pruned. 
[I 2026-07-13 13:50:46,887] Trial 999 pruned. 
[I 2026-07-13 13:50:47,016] Trial 1000 pruned. 
[I 2026-07-13 13:50:47,485] Trial 1001 pruned. 
[I 2026-07-13 13:50:48,792] Trial 1002 pruned. 
[I 2026-07-13 13:50:49,948] Trial 1003 pruned. 
[I 2026-07-13 13:50:51,142] Trial 1004 pruned. 
[I 2026-07-13 13:50:51,796] Trial 1005 pruned. 
[I 2026-07-13 13:50:53,037] Trial 1006 pruned. 
[I 2026-07-13 13:50:53,274] Trial 1007 pruned. 
[I 2026-07-13 13:50:54,240] Trial 1008 pruned. 
[I 2026-07-13 13:50:55,887] Trial 1009 pruned. 
[I 2026-07-13 13:50:56,360] Trial 1010 pruned. 
[I 2026-07-13 13:50:56,738] Trial 1011 pruned. 
[I 2026-07-13 13:50:57,564] Trial 1012 pruned. 
[I 2026-07-13 13:50:58,932] Trial 1013 pruned. 
[I 2026-07-13 13:51:00,238] Trial 1014 pruned. 
[I 2026-07-13 13:51:01,083] Trial 1015 pruned. 
[I 2026-07-13 13:51:09,284] Trial 1016 finished with values: [1284.7176900590007, -13396.649835491557, 46.9] and parameters: {'sl_soft': 0.1986971158986062, 'sl_hard_delta': 0.3069396366564281, 'tp': 0.4193887076023572, 'gate_pct': 98.34265914110968, 'dd_limit': 5.851157727915591, 'cooldown': 1, 'flip': False, 'en_ema_trend': False, 'ema_trend_fast': 220, 'ema_trend_slow': 150, 'en_sma_trend': False, 'sma_trend_fast': 131, 'sma_trend_slow': 302, 'en_macd': True, 'macd_fast': 26, 'macd_slow': 41, 'macd_signal': 47, 'en_vwap': True, 'en_keltner': True, 'keltner_n': 72, 'keltner_m': 0.7, 'en_obv': False, 'obv_slope': 25, 'en_cci': False, 'cci_n': 34, 'cci_threshold': 75, 'en_rsi': True, 'rsi_n': 82, 'rsi_lower': 27, 'rsi_upper': 92, 'en_stochastic': False, 'stochastic_n': 5, 'stochastic_d': 23, 'stochastic_lower': 26, 'stochastic_upper': 83, 'en_mfi': False, 'mfi_n': 43, 'mfi_lower': 47, 'mfi_upper': 69, 'en_bollinger': False, 'bollinger_n': 126, 'bollinger_k': 4.2, 'en_adx': True, 'adx_n': 44, 'adx_threshold': 17, 'en_structure_trend': False, 'structure_trend_swing_l': 19, 'en_order_block': True, 'order_block_swing_l': 11, 'en_fvg': False, 'fvg_lookback': 8, 'en_ifvg': True, 'en_breaker': False, 'breaker_swing_l': 9, 'en_cisd': True, 'k': 1, 'en_cap_bars': True, 'cap_1min': 1414}.
[I 2026-07-13 13:51:11,624] Trial 1017 pruned. 
[I 2026-07-13 13:51:12,080] Trial 1018 pruned. 
[I 2026-07-13 13:51:12,436] Trial 1019 pruned. 
[I 2026-07-13 13:51:13,368] Trial 1020 pruned. 
[I 2026-07-13 13:51:15,456] Trial 1021 pruned. 
[I 2026-07-13 13:51:17,767] Trial 1022 pruned. 
[I 2026-07-13 13:51:18,429] Trial 1023 pruned. 
[I 2026-07-13 13:51:19,687] Trial 1024 pruned. 
[I 2026-07-13 13:51:21,847] Trial 1025 pruned. 
[I 2026-07-13 13:51:23,106] Trial 1026 pruned. 
[I 2026-07-13 13:51:24,935] Trial 1027 pruned. 
[I 2026-07-13 13:51:26,267] Trial 1028 pruned. 
[I 2026-07-13 13:51:26,950] Trial 1029 pruned. 
[I 2026-07-13 13:51:27,534] Trial 1030 pruned. 
[I 2026-07-13 13:51:28,226] Trial 1031 pruned. 
[I 2026-07-13 13:51:30,731] Trial 1032 pruned. 
[I 2026-07-13 13:51:33,431] Trial 1033 pruned. 
[I 2026-07-13 13:51:35,553] Trial 1034 pruned. 
[I 2026-07-13 13:51:36,704] Trial 1035 pruned. 
[I 2026-07-13 13:51:37,856] Trial 1036 pruned. 
[I 2026-07-13 13:51:39,173] Trial 1037 pruned. 
[I 2026-07-13 13:51:39,632] Trial 1038 pruned. 
[I 2026-07-13 13:51:41,132] Trial 1039 pruned. 
[I 2026-07-13 13:51:41,503] Trial 1040 pruned. 
[I 2026-07-13 13:51:42,809] Trial 1041 pruned. 
[I 2026-07-13 13:51:45,487] Trial 1042 pruned. 
[I 2026-07-13 13:51:46,407] Trial 1043 pruned. 
[I 2026-07-13 13:51:47,702] Trial 1044 pruned. 
[I 2026-07-13 13:51:49,436] Trial 1045 pruned. 
[I 2026-07-13 13:51:53,027] Trial 1046 pruned. 
[I 2026-07-13 13:51:54,219] Trial 1047 pruned. 
[I 2026-07-13 13:51:55,344] Trial 1048 pruned. 
[I 2026-07-13 13:51:56,904] Trial 1049 pruned. 
[I 2026-07-13 13:51:58,462] Trial 1050 pruned. 
[I 2026-07-13 13:51:58,872] Trial 1051 pruned. 
[I 2026-07-13 13:52:00,033] Trial 1052 pruned. 
[I 2026-07-13 13:52:02,658] Trial 1053 pruned. 
[I 2026-07-13 13:52:03,302] Trial 1054 pruned. 
[I 2026-07-13 13:52:04,474] Trial 1055 pruned. 
[I 2026-07-13 13:52:05,279] Trial 1056 pruned. 
[I 2026-07-13 13:52:05,926] Trial 1057 pruned. 
