[I 2026-07-13 14:15:12,694] Trial 2090 finished with values: [956.4885187954352, -15771.900121276405, 67.55000000000001] and parameters: {'sl_soft': 0.29406552811412545, 'sl_hard_delta': 0.26350679747876377, 'tp': 0.14518538625129632, 'gate_pct': 97.87184393359011, 'dd_limit': 0.6062953539401272, 'cooldown': 2, 'flip': False, 'en_ema_trend': True, 'ema_trend_fast': 195, 'ema_trend_slow': 377, 'en_sma_trend': True, 'sma_trend_fast': 44, 'sma_trend_slow': 200, 'en_macd': True, 'macd_fast': 70, 'macd_slow': 72, 'macd_signal': 45, 'en_vwap': True, 'en_keltner': True, 'keltner_n': 24, 'keltner_m': 1.3, 'en_obv': True, 'obv_slope': 61, 'en_cci': True, 'cci_n': 142, 'cci_threshold': 250, 'en_rsi': True, 'rsi_n': 93, 'rsi_lower': 30, 'rsi_upper': 66, 'en_stochastic': False, 'stochastic_n': 95, 'stochastic_d': 28, 'stochastic_lower': 42, 'stochastic_upper': 91, 'en_mfi': False, 'mfi_n': 19, 'mfi_lower': 22, 'mfi_upper': 73, 'en_bollinger': False, 'bollinger_n': 149, 'bollinger_k': 2.8000000000000003, 'en_adx': False, 'adx_n': 50, 'adx_threshold': 24, 'en_structure_trend': True, 'structure_trend_swing_l': 17, 'en_order_block': True, 'order_block_swing_l': 11, 'en_fvg': True, 'fvg_lookback': 7, 'en_ifvg': False, 'en_breaker': True, 'breaker_swing_l': 6, 'en_cisd': False, 'k': 4, 'en_cap_bars': False, 'cap_1min': 1250}.
[I 2026-07-13 14:15:13,631] Trial 2091 pruned. 
[I 2026-07-13 14:15:14,955] Trial 2092 pruned. 
[I 2026-07-13 14:15:16,327] Trial 2093 pruned. 
[I 2026-07-13 14:15:17,520] Trial 2094 pruned. 
[I 2026-07-13 14:15:18,291] Trial 2095 pruned. 
[I 2026-07-13 14:15:20,883] Trial 2096 pruned. 
[I 2026-07-13 14:15:21,976] Trial 2097 pruned. 
[I 2026-07-13 14:15:23,005] Trial 2098 pruned. 
[I 2026-07-13 14:15:23,945] Trial 2099 pruned. 
[I 2026-07-13 14:15:24,677] Trial 2100 pruned. 
[I 2026-07-13 14:15:25,637] Trial 2101 pruned. 
[I 2026-07-13 14:15:26,807] Trial 2102 pruned. 
[I 2026-07-13 14:15:30,286] Trial 2103 pruned. 
[I 2026-07-13 14:15:31,964] Trial 2104 pruned. 
[I 2026-07-13 14:15:32,798] Trial 2105 pruned. 
[I 2026-07-13 14:15:33,820] Trial 2106 pruned. 
[I 2026-07-13 14:15:33,976] Trial 2107 pruned. 
[I 2026-07-13 14:15:37,138] Trial 2108 pruned. 
[I 2026-07-13 14:15:40,532] Trial 2109 pruned. 
[I 2026-07-13 14:15:41,642] Trial 2110 pruned. 
[I 2026-07-13 14:15:42,619] Trial 2111 pruned. 
[I 2026-07-13 14:15:44,018] Trial 2112 pruned. 
[I 2026-07-13 14:15:45,270] Trial 2113 pruned. 
[I 2026-07-13 14:15:46,614] Trial 2114 pruned. 
[I 2026-07-13 14:15:48,434] Trial 2115 pruned. 
[I 2026-07-13 14:15:50,200] Trial 2116 pruned. 
[I 2026-07-13 14:15:51,719] Trial 2117 pruned. 
[I 2026-07-13 14:15:54,116] Trial 2118 pruned. 
[I 2026-07-13 14:15:54,933] Trial 2119 pruned. 
[I 2026-07-13 14:15:55,122] Trial 2120 pruned. 
[I 2026-07-13 14:15:56,938] Trial 2121 pruned. 
[I 2026-07-13 14:15:58,164] Trial 2122 pruned. 
[I 2026-07-13 14:15:59,309] Trial 2123 pruned. 
[I 2026-07-13 14:16:00,598] Trial 2124 pruned. 
[I 2026-07-13 14:16:02,088] Trial 2125 pruned. 
[I 2026-07-13 14:16:03,531] Trial 2126 pruned. 
[I 2026-07-13 14:16:04,625] Trial 2127 pruned. 
[I 2026-07-13 14:16:05,126] Trial 2128 pruned. 
[I 2026-07-13 14:16:05,704] Trial 2129 pruned. 
[I 2026-07-13 14:16:06,199] Trial 2130 pruned. 
[I 2026-07-13 14:16:07,678] Trial 2131 pruned. 
[I 2026-07-13 14:16:09,427] Trial 2132 pruned. 
[I 2026-07-13 14:16:10,514] Trial 2133 pruned. 
[I 2026-07-13 14:16:12,575] Trial 2134 pruned. 
[I 2026-07-13 14:16:13,619] Trial 2135 pruned. 
[I 2026-07-13 14:16:14,682] Trial 2136 pruned. 
[I 2026-07-13 14:16:17,295] Trial 2137 pruned. 
[I 2026-07-13 14:16:18,531] Trial 2138 pruned. 
[I 2026-07-13 14:16:19,924] Trial 2139 pruned. 
[I 2026-07-13 14:16:20,887] Trial 2140 pruned. 
[I 2026-07-13 14:16:22,719] Trial 2141 pruned. 
[I 2026-07-13 14:16:25,973] Trial 2142 pruned. 
[I 2026-07-13 14:16:26,858] Trial 2143 pruned. 
[I 2026-07-13 14:16:27,206] Trial 2144 pruned. 
[I 2026-07-13 14:16:27,406] Trial 2145 pruned. 
[I 2026-07-13 14:16:28,578] Trial 2146 pruned. 
[I 2026-07-13 14:16:29,526] Trial 2147 pruned. 
[I 2026-07-13 14:16:30,837] Trial 2148 pruned. 
[I 2026-07-13 14:16:33,462] Trial 2149 pruned. 
[I 2026-07-13 14:16:35,238] Trial 2150 pruned. 
[I 2026-07-13 14:16:36,337] Trial 2151 pruned. 
[I 2026-07-13 14:16:37,310] Trial 2152 pruned. 
[I 2026-07-13 14:16:38,390] Trial 2153 pruned. 
[I 2026-07-13 14:16:39,687] Trial 2154 pruned. 
[I 2026-07-13 14:16:40,880] Trial 2155 pruned. 
[I 2026-07-13 14:16:42,030] Trial 2156 pruned. 
[I 2026-07-13 14:16:43,589] Trial 2157 pruned. 
[I 2026-07-13 14:16:44,984] Trial 2158 pruned. 
[I 2026-07-13 14:16:46,909] Trial 2159 pruned. 
[I 2026-07-13 14:16:47,129] Trial 2160 pruned. 
[I 2026-07-13 14:16:48,272] Trial 2161 pruned. 
[I 2026-07-13 14:16:49,033] Trial 2162 pruned. 
[I 2026-07-13 14:16:51,155] Trial 2163 pruned. 
[I 2026-07-13 14:16:52,677] Trial 2164 pruned. 
[I 2026-07-13 14:16:53,552] Trial 2165 pruned. 
[I 2026-07-13 14:16:54,595] Trial 2166 pruned. 
[I 2026-07-13 14:16:55,471] Trial 2167 pruned. 
[I 2026-07-13 14:16:55,796] Trial 2168 pruned. 
[I 2026-07-13 14:16:57,046] Trial 2169 pruned. 
[I 2026-07-13 14:16:58,673] Trial 2170 pruned. 
[I 2026-07-13 14:17:00,736] Trial 2171 pruned. 
[I 2026-07-13 14:17:02,266] Trial 2172 pruned. 
[I 2026-07-13 14:17:03,367] Trial 2173 pruned. 
[I 2026-07-13 14:17:04,422] Trial 2174 pruned. 
[I 2026-07-13 14:17:05,570] Trial 2175 pruned. 
[I 2026-07-13 14:17:06,555] Trial 2176 pruned. 
[I 2026-07-13 14:17:07,866] Trial 2177 pruned. 
[I 2026-07-13 14:17:08,393] Trial 2178 pruned. 
[I 2026-07-13 14:17:09,243] Trial 2179 pruned. 
[I 2026-07-13 14:17:10,366] Trial 2180 pruned. 
[I 2026-07-13 14:17:10,832] Trial 2181 pruned. 
[I 2026-07-13 14:17:12,476] Trial 2182 pruned. 
[I 2026-07-13 14:17:15,236] Trial 2183 pruned. 
[I 2026-07-13 14:17:16,767] Trial 2184 pruned. 
[I 2026-07-13 14:17:17,037] Trial 2185 pruned. 
[I 2026-07-13 14:17:17,991] Trial 2186 pruned. 
[I 2026-07-13 14:17:18,504] Trial 2187 pruned. 
[I 2026-07-13 14:17:19,383] Trial 2188 pruned. 
[I 2026-07-13 14:17:20,401] Trial 2189 pruned. 
[I 2026-07-13 14:17:26,691] Trial 2190 finished with values: [6208.380354511877, -8720.357052923686, 45.4] and parameters: {'sl_soft': 0.17938821132339003, 'sl_hard_delta': 0.02773398661249211, 'tp': 0.3646363833550231, 'gate_pct': 97.13251208528087, 'dd_limit': 8.388581421404096, 'cooldown': 1, 'flip': False, 'en_ema_trend': False, 'ema_trend_fast': 229, 'ema_trend_slow': 333, 'en_sma_trend': True, 'sma_trend_fast': 228, 'sma_trend_slow': 151, 'en_macd': False, 'macd_fast': 17, 'macd_slow': 188, 'macd_signal': 17, 'en_vwap': True, 'en_keltner': True, 'keltner_n': 2, 'keltner_m': 1.2000000000000002, 'en_obv': True, 'obv_slope': 63, 'en_cci': True, 'cci_n': 51, 'cci_threshold': 90, 'en_rsi': True, 'rsi_n': 38, 'rsi_lower': 9, 'rsi_upper': 72, 'en_stochastic': False, 'stochastic_n': 83, 'stochastic_d': 18, 'stochastic_lower': 33, 'stochastic_upper': 61, 'en_mfi': False, 'mfi_n': 17, 'mfi_lower': 3, 'mfi_upper': 68, 'en_bollinger': True, 'bollinger_n': 34, 'bollinger_k': 4.9, 'en_adx': True, 'adx_n': 51, 'adx_threshold': 11, 'en_structure_trend': False, 'structure_trend_swing_l': 15, 'en_order_block': False, 'order_block_swing_l': 14, 'en_fvg': True, 'fvg_lookback': 25, 'en_ifvg': False, 'en_breaker': True, 'breaker_swing_l': 13, 'en_cisd': True, 'k': 2, 'en_cap_bars': True, 'cap_1min': 390}.
[I 2026-07-13 14:17:27,190] Trial 2191 pruned. 
[I 2026-07-13 14:17:27,625] Trial 2192 pruned. 
[I 2026-07-13 14:17:28,864] Trial 2193 pruned. 
[I 2026-07-13 14:17:29,768] Trial 2194 pruned. 
[I 2026-07-13 14:17:31,178] Trial 2195 pruned. 
[I 2026-07-13 14:17:31,659] Trial 2196 pruned. 
[I 2026-07-13 14:17:32,549] Trial 2197 pruned. 
[I 2026-07-13 14:17:35,632] Trial 2198 pruned. 
[I 2026-07-13 14:17:36,158] Trial 2199 pruned. 
[I 2026-07-13 14:17:36,367] Trial 2200 pruned. 
[I 2026-07-13 14:17:37,134] Trial 2201 pruned. 
[I 2026-07-13 14:17:38,205] Trial 2202 pruned. 
[I 2026-07-13 14:17:39,378] Trial 2203 pruned. 
[I 2026-07-13 14:17:41,096] Trial 2204 pruned. 
[I 2026-07-13 14:17:42,735] Trial 2205 pruned. 
[I 2026-07-13 14:17:44,086] Trial 2206 pruned. 
[I 2026-07-13 14:17:45,426] Trial 2207 pruned. 
[I 2026-07-13 14:17:46,602] Trial 2208 pruned. 
[I 2026-07-13 14:17:47,583] Trial 2209 pruned. 
[I 2026-07-13 14:17:51,048] Trial 2210 pruned. 
[I 2026-07-13 14:17:53,017] Trial 2211 pruned. 
[I 2026-07-13 14:17:54,248] Trial 2212 pruned. 
[I 2026-07-13 14:17:57,535] Trial 2213 pruned. 
[I 2026-07-13 14:17:59,179] Trial 2214 pruned. 
[I 2026-07-13 14:17:59,771] Trial 2215 pruned. 
[I 2026-07-13 14:18:00,869] Trial 2216 pruned. 
[I 2026-07-13 14:18:04,091] Trial 2217 pruned. 
[I 2026-07-13 14:18:04,659] Trial 2218 pruned. 
[I 2026-07-13 14:18:06,261] Trial 2219 pruned. 
[I 2026-07-13 14:18:07,924] Trial 2220 pruned. 
[I 2026-07-13 14:18:08,247] Trial 2221 pruned. 
[I 2026-07-13 14:18:09,064] Trial 2222 pruned. 
[I 2026-07-13 14:18:11,312] Trial 2223 pruned. 
[I 2026-07-13 14:18:13,118] Trial 2224 pruned. 
[I 2026-07-13 14:18:14,191] Trial 2225 pruned. 
[I 2026-07-13 14:18:14,998] Trial 2226 pruned. 
[I 2026-07-13 14:18:16,130] Trial 2227 pruned. 
[I 2026-07-13 14:18:16,415] Trial 2228 pruned. 
[I 2026-07-13 14:18:17,583] Trial 2229 pruned. 
[I 2026-07-13 14:18:18,828] Trial 2230 pruned. 
[I 2026-07-13 14:18:20,725] Trial 2231 pruned. 
[I 2026-07-13 14:18:22,285] Trial 2232 pruned. 
[I 2026-07-13 14:18:22,590] Trial 2233 pruned. 
[I 2026-07-13 14:18:23,233] Trial 2234 pruned. 
[I 2026-07-13 14:18:23,893] Trial 2235 pruned. 
[I 2026-07-13 14:18:25,401] Trial 2236 pruned. 
[I 2026-07-13 14:18:26,351] Trial 2237 pruned. 
[I 2026-07-13 14:18:27,725] Trial 2238 pruned. 
[I 2026-07-13 14:18:29,642] Trial 2239 pruned. 
[I 2026-07-13 14:18:29,899] Trial 2240 pruned. 
[I 2026-07-13 14:18:31,062] Trial 2241 pruned. 
[I 2026-07-13 14:18:31,760] Trial 2242 pruned. 
[I 2026-07-13 14:18:33,508] Trial 2243 pruned. 
[I 2026-07-13 14:18:33,898] Trial 2244 pruned. 
[I 2026-07-13 14:18:35,114] Trial 2245 pruned. 
[I 2026-07-13 14:18:35,389] Trial 2246 pruned. 
[I 2026-07-13 14:18:39,363] Trial 2247 pruned. 
[I 2026-07-13 14:18:42,539] Trial 2248 pruned. 
[I 2026-07-13 14:18:44,619] Trial 2249 pruned. 
[I 2026-07-13 14:18:45,864] Trial 2250 pruned. 
[I 2026-07-13 14:18:47,069] Trial 2251 pruned. 
[I 2026-07-13 14:18:48,630] Trial 2252 pruned. 
[I 2026-07-13 14:18:49,782] Trial 2253 pruned. 
[I 2026-07-13 14:18:50,584] Trial 2254 pruned. 
[I 2026-07-13 14:18:51,765] Trial 2255 pruned. 
[I 2026-07-13 14:18:53,068] Trial 2256 pruned. 
[I 2026-07-13 14:18:54,328] Trial 2257 pruned. 
[I 2026-07-13 14:18:55,640] Trial 2258 pruned. 
[I 2026-07-13 14:18:56,590] Trial 2259 pruned. 
[I 2026-07-13 14:18:56,918] Trial 2260 pruned. 
[I 2026-07-13 14:18:57,841] Trial 2261 pruned. 
[I 2026-07-13 14:18:58,678] Trial 2262 pruned. 
[I 2026-07-13 14:19:00,008] Trial 2263 pruned. 
[I 2026-07-13 14:19:01,148] Trial 2264 pruned. 
[I 2026-07-13 14:19:01,992] Trial 2265 pruned. 
[I 2026-07-13 14:19:03,319] Trial 2266 pruned. 
[I 2026-07-13 14:19:04,289] Trial 2267 pruned. 
[I 2026-07-13 14:19:04,599] Trial 2268 pruned. 
[I 2026-07-13 14:19:05,948] Trial 2269 pruned. 
[I 2026-07-13 14:19:07,349] Trial 2270 pruned. 
[I 2026-07-13 14:19:08,477] Trial 2271 pruned. 
[I 2026-07-13 14:19:09,089] Trial 2272 pruned. 
[I 2026-07-13 14:19:10,344] Trial 2273 pruned. 
[I 2026-07-13 14:19:11,976] Trial 2274 pruned. 
[I 2026-07-13 14:19:14,029] Trial 2275 pruned. 
[I 2026-07-13 14:19:15,915] Trial 2276 pruned. 
[I 2026-07-13 14:19:17,441] Trial 2277 pruned. 
[I 2026-07-13 14:19:17,995] Trial 2278 pruned. 
[I 2026-07-13 14:19:20,089] Trial 2279 pruned. 
[I 2026-07-13 14:19:20,276] Trial 2280 pruned. 
[I 2026-07-13 14:19:21,528] Trial 2281 pruned. 
[I 2026-07-13 14:19:22,094] Trial 2282 pruned. 
[I 2026-07-13 14:19:23,307] Trial 2283 pruned. 
[I 2026-07-13 14:19:24,538] Trial 2284 pruned. 
[I 2026-07-13 14:19:25,484] Trial 2285 pruned. 
[I 2026-07-13 14:19:27,362] Trial 2286 pruned. 
[I 2026-07-13 14:19:29,420] Trial 2287 pruned. 
[I 2026-07-13 14:19:30,395] Trial 2288 pruned. 
[I 2026-07-13 14:19:31,848] Trial 2289 pruned. 
[I 2026-07-13 14:19:34,150] Trial 2290 pruned. 
[I 2026-07-13 14:19:34,761] Trial 2291 pruned. 
[I 2026-07-13 14:19:38,881] Trial 2292 pruned. 
[I 2026-07-13 14:19:42,422] Trial 2293 pruned. 
[I 2026-07-13 14:19:43,111] Trial 2294 pruned. 
[I 2026-07-13 14:19:44,953] Trial 2295 pruned. 
[I 2026-07-13 14:19:46,289] Trial 2296 pruned. 
[I 2026-07-13 14:19:46,644] Trial 2297 pruned. 
[I 2026-07-13 14:19:47,707] Trial 2298 pruned. 
[I 2026-07-13 14:19:49,379] Trial 2299 pruned. 
[I 2026-07-13 14:19:49,677] Trial 2300 pruned. 
[I 2026-07-13 14:19:50,837] Trial 2301 pruned. 
[I 2026-07-13 14:19:51,831] Trial 2302 pruned. 
[I 2026-07-13 14:19:55,157] Trial 2303 pruned. 
[I 2026-07-13 14:19:56,054] Trial 2304 pruned. 
[I 2026-07-13 14:19:56,950] Trial 2305 pruned. 
[I 2026-07-13 14:19:57,602] Trial 2306 pruned. 
[I 2026-07-13 14:19:58,730] Trial 2307 pruned. 
[I 2026-07-13 14:19:59,889] Trial 2308 pruned. 
[I 2026-07-13 14:20:02,611] Trial 2309 pruned. 
[I 2026-07-13 14:20:03,847] Trial 2310 pruned. 
[I 2026-07-13 14:20:04,980] Trial 2311 pruned. 
[I 2026-07-13 14:20:06,508] Trial 2312 pruned. 
[I 2026-07-13 14:20:07,806] Trial 2313 pruned. 
[I 2026-07-13 14:20:08,283] Trial 2314 pruned. 
[I 2026-07-13 14:20:09,173] Trial 2315 pruned. 
[I 2026-07-13 14:20:10,844] Trial 2316 pruned. 
[I 2026-07-13 14:20:12,685] Trial 2317 pruned. 
[I 2026-07-13 14:20:14,411] Trial 2318 pruned. 
[I 2026-07-13 14:20:15,716] Trial 2319 pruned. 
[I 2026-07-13 14:20:15,857] Trial 2320 pruned. 
[I 2026-07-13 14:20:16,189] Trial 2321 pruned. 
[I 2026-07-13 14:20:17,730] Trial 2322 pruned. 
[I 2026-07-13 14:20:18,625] Trial 2323 pruned. 
[I 2026-07-13 14:20:19,950] Trial 2324 pruned. 
[I 2026-07-13 14:20:20,913] Trial 2325 pruned. 
[I 2026-07-13 14:20:22,107] Trial 2326 pruned. 
[I 2026-07-13 14:20:23,820] Trial 2327 pruned. 
[I 2026-07-13 14:20:26,725] Trial 2328 pruned. 
[I 2026-07-13 14:20:29,759] Trial 2329 pruned. 
[I 2026-07-13 14:20:30,952] Trial 2330 pruned. 
[I 2026-07-13 14:20:32,270] Trial 2331 pruned. 
[I 2026-07-13 14:20:33,455] Trial 2332 pruned. 
[I 2026-07-13 14:20:34,664] Trial 2333 pruned. 
[I 2026-07-13 14:20:36,074] Trial 2334 pruned. 
[I 2026-07-13 14:20:36,423] Trial 2335 pruned. 
[I 2026-07-13 14:20:39,165] Trial 2336 pruned. 
[I 2026-07-13 14:20:39,776] Trial 2337 pruned. 
[I 2026-07-13 14:20:40,843] Trial 2338 pruned. 
[I 2026-07-13 14:20:43,296] Trial 2339 pruned. 
[I 2026-07-13 14:20:43,813] Trial 2340 pruned. 
[I 2026-07-13 14:20:44,958] Trial 2341 pruned. 
[I 2026-07-13 14:20:47,195] Trial 2342 pruned. 
[I 2026-07-13 14:20:47,754] Trial 2343 pruned. 
[I 2026-07-13 14:20:48,794] Trial 2344 pruned. 
[I 2026-07-13 14:20:49,407] Trial 2345 pruned. 
[I 2026-07-13 14:20:51,122] Trial 2346 pruned. 
[I 2026-07-13 14:20:54,675] Trial 2347 pruned. 
[I 2026-07-13 14:20:55,446] Trial 2348 pruned. 
[I 2026-07-13 14:20:56,542] Trial 2349 pruned. 
[I 2026-07-13 14:20:58,502] Trial 2350 pruned. 
[I 2026-07-13 14:21:00,554] Trial 2351 pruned. 
[I 2026-07-13 14:21:01,511] Trial 2352 pruned. 
[I 2026-07-13 14:21:02,550] Trial 2353 pruned. 
[I 2026-07-13 14:21:03,246] Trial 2354 pruned. 
[I 2026-07-13 14:21:04,407] Trial 2355 pruned. 
[I 2026-07-13 14:21:05,991] Trial 2356 pruned. 
[I 2026-07-13 14:21:07,611] Trial 2357 pruned. 
[I 2026-07-13 14:21:08,900] Trial 2358 pruned. 
[I 2026-07-13 14:21:10,094] Trial 2359 pruned. 
[I 2026-07-13 14:21:10,269] Trial 2360 pruned. 
[I 2026-07-13 14:21:11,640] Trial 2361 pruned. 
[I 2026-07-13 14:21:12,540] Trial 2362 pruned. 
[I 2026-07-13 14:21:15,594] Trial 2363 pruned. 
[I 2026-07-13 14:21:16,310] Trial 2364 pruned. 
[I 2026-07-13 14:21:17,305] Trial 2365 pruned. 
[I 2026-07-13 14:21:17,891] Trial 2366 pruned. 
[I 2026-07-13 14:21:19,078] Trial 2367 pruned. 
[I 2026-07-13 14:21:19,678] Trial 2368 pruned. 
[I 2026-07-13 14:21:20,485] Trial 2369 pruned. 
[I 2026-07-13 14:21:21,190] Trial 2370 pruned. 
[I 2026-07-13 14:21:22,442] Trial 2371 pruned. 
[I 2026-07-13 14:21:23,920] Trial 2372 pruned. 
[I 2026-07-13 14:21:26,367] Trial 2373 pruned. 
[I 2026-07-13 14:21:28,063] Trial 2374 pruned. 
[I 2026-07-13 14:21:29,304] Trial 2375 pruned. 
[I 2026-07-13 14:21:30,572] Trial 2376 pruned. 
[I 2026-07-13 14:21:32,179] Trial 2377 pruned. 
[I 2026-07-13 14:21:33,327] Trial 2378 pruned. 
[I 2026-07-13 14:21:33,736] Trial 2379 pruned. 
[I 2026-07-13 14:21:34,294] Trial 2380 pruned. 
[I 2026-07-13 14:21:36,318] Trial 2381 pruned. 
[I 2026-07-13 14:21:37,661] Trial 2382 pruned. 
[I 2026-07-13 14:21:38,778] Trial 2383 pruned. 
[I 2026-07-13 14:21:39,595] Trial 2384 pruned. 
[I 2026-07-13 14:21:40,340] Trial 2385 pruned. 
[I 2026-07-13 14:21:41,977] Trial 2386 pruned. 
[I 2026-07-13 14:21:43,006] Trial 2387 pruned. 
[I 2026-07-13 14:21:44,314] Trial 2388 pruned. 
[I 2026-07-13 14:21:45,369] Trial 2389 pruned. 
[I 2026-07-13 14:21:46,588] Trial 2390 pruned. 
[I 2026-07-13 14:21:47,464] Trial 2391 pruned. 
[I 2026-07-13 14:21:48,530] Trial 2392 pruned. 
[I 2026-07-13 14:21:51,585] Trial 2393 pruned. 
[I 2026-07-13 14:21:52,667] Trial 2394 pruned. 
[I 2026-07-13 14:21:53,948] Trial 2395 pruned. 
[I 2026-07-13 14:21:56,694] Trial 2396 pruned. 
[I 2026-07-13 14:21:57,114] Trial 2397 pruned. 
[I 2026-07-13 14:21:58,251] Trial 2398 pruned. 
[I 2026-07-13 14:21:59,889] Trial 2399 pruned. 
[I 2026-07-13 14:22:00,122] Trial 2400 pruned. 
[I 2026-07-13 14:22:00,605] Trial 2401 pruned. 
[I 2026-07-13 14:22:02,502] Trial 2402 pruned. 
[I 2026-07-13 14:22:04,691] Trial 2403 pruned. 
[I 2026-07-13 14:22:05,751] Trial 2404 pruned. 
[I 2026-07-13 14:22:06,155] Trial 2405 pruned. 
[I 2026-07-13 14:22:06,528] Trial 2406 pruned. 
[I 2026-07-13 14:22:09,372] Trial 2407 pruned. 
[I 2026-07-13 14:22:11,180] Trial 2408 pruned. 
[I 2026-07-13 14:22:11,954] Trial 2409 pruned. 
[I 2026-07-13 14:22:14,926] Trial 2410 pruned. 
[I 2026-07-13 14:22:16,917] Trial 2411 pruned. 
[I 2026-07-13 14:22:18,008] Trial 2412 pruned. 
[I 2026-07-13 14:22:19,846] Trial 2413 pruned. 
[I 2026-07-13 14:22:21,872] Trial 2414 pruned. 
[I 2026-07-13 14:22:23,935] Trial 2415 pruned. 
[I 2026-07-13 14:22:24,967] Trial 2416 pruned. 
[I 2026-07-13 14:22:26,184] Trial 2417 pruned. 
[I 2026-07-13 14:22:27,141] Trial 2418 pruned. 
[I 2026-07-13 14:22:28,533] Trial 2419 pruned. 
[I 2026-07-13 14:22:31,127] Trial 2420 pruned. 
[I 2026-07-13 14:22:32,870] Trial 2421 pruned. 
[I 2026-07-13 14:22:34,018] Trial 2422 pruned. 
[I 2026-07-13 14:22:35,139] Trial 2423 pruned. 
[I 2026-07-13 14:22:35,718] Trial 2424 pruned. 
[I 2026-07-13 14:22:36,201] Trial 2425 pruned. 
[I 2026-07-13 14:22:37,390] Trial 2426 pruned. 
[I 2026-07-13 14:22:38,787] Trial 2427 pruned. 
[I 2026-07-13 14:22:39,573] Trial 2428 pruned. 
[I 2026-07-13 14:22:40,680] Trial 2429 pruned. 
[I 2026-07-13 14:22:41,484] Trial 2430 pruned. 
[I 2026-07-13 14:22:42,471] Trial 2431 pruned. 
[I 2026-07-13 14:22:43,534] Trial 2432 pruned. 
[I 2026-07-13 14:22:44,797] Trial 2433 pruned. 
[I 2026-07-13 14:22:47,669] Trial 2434 pruned. 
[I 2026-07-13 14:22:48,354] Trial 2435 pruned. 
[I 2026-07-13 14:22:49,389] Trial 2436 pruned. 
[I 2026-07-13 14:22:50,587] Trial 2437 pruned. 
[I 2026-07-13 14:22:50,964] Trial 2438 pruned. 
[I 2026-07-13 14:22:51,507] Trial 2439 pruned. 
[I 2026-07-13 14:22:51,676] Trial 2440 pruned. 
[I 2026-07-13 14:22:53,177] Trial 2441 pruned. 
[I 2026-07-13 14:22:55,114] Trial 2442 pruned. 
[I 2026-07-13 14:22:56,548] Trial 2443 pruned. 
[I 2026-07-13 14:22:58,045] Trial 2444 pruned. 
[I 2026-07-13 14:23:02,747] Trial 2445 finished with values: [1687.344752299041, -15473.749149969652, 27.4] and parameters: {'sl_soft': 0.05659865426304895, 'sl_hard_delta': 0.2600002949787223, 'tp': 0.3322153223243982, 'gate_pct': 95.15790739353048, 'dd_limit': 3.177401405918999, 'cooldown': 0, 'flip': False, 'en_ema_trend': True, 'ema_trend_fast': 126, 'ema_trend_slow': 112, 'en_sma_trend': False, 'sma_trend_fast': 134, 'sma_trend_slow': 94, 'en_macd': True, 'macd_fast': 16, 'macd_slow': 168, 'macd_signal': 43, 'en_vwap': True, 'en_keltner': True, 'keltner_n': 177, 'keltner_m': 2.3, 'en_obv': False, 'obv_slope': 99, 'en_cci': True, 'cci_n': 20, 'cci_threshold': 65, 'en_rsi': True, 'rsi_n': 97, 'rsi_lower': 31, 'rsi_upper': 71, 'en_stochastic': False, 'stochastic_n': 41, 'stochastic_d': 40, 'stochastic_lower': 12, 'stochastic_upper': 79, 'en_mfi': False, 'mfi_n': 52, 'mfi_lower': 2, 'mfi_upper': 79, 'en_bollinger': False, 'bollinger_n': 143, 'bollinger_k': 2.6, 'en_adx': False, 'adx_n': 77, 'adx_threshold': 44, 'en_structure_trend': True, 'structure_trend_swing_l': 3, 'en_order_block': True, 'order_block_swing_l': 16, 'en_fvg': False, 'fvg_lookback': 17, 'en_ifvg': False, 'en_breaker': True, 'breaker_swing_l': 14, 'en_cisd': True, 'k': 4, 'en_cap_bars': False, 'cap_1min': 535}.
[I 2026-07-13 14:23:04,177] Trial 2446 pruned. 
[I 2026-07-13 14:23:05,665] Trial 2447 pruned. 
[I 2026-07-13 14:23:07,326] Trial 2448 pruned. 
[I 2026-07-13 14:23:08,466] Trial 2449 pruned. 
[I 2026-07-13 14:23:10,508] Trial 2450 pruned. 
[I 2026-07-13 14:23:12,269] Trial 2451 pruned. 
[I 2026-07-13 14:23:13,322] Trial 2452 pruned. 
[I 2026-07-13 14:23:15,384] Trial 2453 pruned. 
[I 2026-07-13 14:23:16,476] Trial 2454 pruned. 
[I 2026-07-13 14:23:17,594] Trial 2455 pruned. 
[I 2026-07-13 14:23:18,192] Trial 2456 pruned. 
[I 2026-07-13 14:23:19,043] Trial 2457 pruned. 
[I 2026-07-13 14:23:20,155] Trial 2458 pruned. 
[I 2026-07-13 14:23:20,286] Trial 2459 pruned. 
[I 2026-07-13 14:23:20,584] Trial 2460 pruned. 
[I 2026-07-13 14:23:21,664] Trial 2461 pruned. 
[I 2026-07-13 14:23:23,398] Trial 2462 pruned. 
[I 2026-07-13 14:23:24,339] Trial 2463 pruned. 
[I 2026-07-13 14:23:25,263] Trial 2464 pruned. 
[I 2026-07-13 14:23:26,417] Trial 2465 pruned. 
[I 2026-07-13 14:23:27,411] Trial 2466 pruned. 
[I 2026-07-13 14:23:28,339] Trial 2467 pruned. 
[I 2026-07-13 14:23:29,317] Trial 2468 pruned. 
