[I 2026-07-13 13:37:55,492] Trial 314 pruned. 
[I 2026-07-13 13:37:55,849] Trial 315 pruned. 
[I 2026-07-13 13:37:58,184] Trial 316 pruned. 
[I 2026-07-13 13:37:59,446] Trial 317 pruned. 
[I 2026-07-13 13:38:00,980] Trial 318 pruned. 
[I 2026-07-13 13:38:01,439] Trial 319 pruned. 
[I 2026-07-13 13:38:01,609] Trial 320 pruned. 
[I 2026-07-13 13:38:02,558] Trial 321 pruned. 
[I 2026-07-13 13:38:04,124] Trial 322 pruned. 
[I 2026-07-13 13:38:05,336] Trial 323 pruned. 
[I 2026-07-13 13:38:08,816] Trial 324 pruned. 
[I 2026-07-13 13:38:10,463] Trial 325 pruned. 
[I 2026-07-13 13:38:10,969] Trial 326 pruned. 
[I 2026-07-13 13:38:11,828] Trial 327 pruned. 
[I 2026-07-13 13:38:13,663] Trial 328 pruned. 
[I 2026-07-13 13:38:15,081] Trial 329 pruned. 
[I 2026-07-13 13:38:17,234] Trial 330 pruned. 
[I 2026-07-13 13:38:20,150] Trial 331 pruned. 
[I 2026-07-13 13:38:21,274] Trial 332 pruned. 
[I 2026-07-13 13:38:22,205] Trial 333 pruned. 
[I 2026-07-13 13:38:26,056] Trial 334 pruned. 
[I 2026-07-13 13:38:26,691] Trial 335 pruned. 
[I 2026-07-13 13:38:28,554] Trial 336 pruned. 
[I 2026-07-13 13:38:29,413] Trial 337 pruned. 
[I 2026-07-13 13:38:33,873] Trial 338 pruned. 
[I 2026-07-13 13:38:35,002] Trial 339 pruned. 
[I 2026-07-13 13:38:35,456] Trial 340 pruned. 
[I 2026-07-13 13:38:35,815] Trial 341 pruned. 
[I 2026-07-13 13:38:37,987] Trial 342 pruned. 
[I 2026-07-13 13:38:39,326] Trial 343 pruned. 
[I 2026-07-13 13:38:40,294] Trial 344 pruned. 
[I 2026-07-13 13:38:41,251] Trial 345 pruned. 
[I 2026-07-13 13:38:41,744] Trial 346 pruned. 
[I 2026-07-13 13:38:43,569] Trial 347 pruned. 
[I 2026-07-13 13:38:45,260] Trial 348 pruned. 
[I 2026-07-13 13:38:46,768] Trial 349 pruned. 
[I 2026-07-13 13:38:48,767] Trial 350 pruned. 
[I 2026-07-13 13:38:49,828] Trial 351 pruned. 
[I 2026-07-13 13:38:50,364] Trial 352 pruned. 
[I 2026-07-13 13:38:51,250] Trial 353 pruned. 
[I 2026-07-13 13:38:53,583] Trial 354 pruned. 
[I 2026-07-13 13:38:54,199] Trial 355 pruned. 
[I 2026-07-13 13:38:55,411] Trial 356 pruned. 
[I 2026-07-13 13:38:56,904] Trial 357 pruned. 
[I 2026-07-13 13:38:57,938] Trial 358 pruned. 
[I 2026-07-13 13:38:59,464] Trial 359 pruned. 
[I 2026-07-13 13:38:59,645] Trial 360 pruned. 
[I 2026-07-13 13:39:00,667] Trial 361 pruned. 
[I 2026-07-13 13:39:01,554] Trial 362 pruned. 
[I 2026-07-13 13:39:02,721] Trial 363 pruned. 
[I 2026-07-13 13:39:04,676] Trial 364 pruned. 
[I 2026-07-13 13:39:05,730] Trial 365 pruned. 
[I 2026-07-13 13:39:10,672] Trial 366 finished with values: [5802.252831915206, -8484.915573314389, 38.85] and parameters: {'sl_soft': 0.13593750415298386, 'sl_hard_delta': 0.1710316486248411, 'tp': 0.40999301905746527, 'gate_pct': 99.47218267450155, 'dd_limit': 9.50807718589736, 'cooldown': 0, 'flip': False, 'en_ema_trend': True, 'ema_trend_fast': 84, 'ema_trend_slow': 161, 'en_sma_trend': True, 'sma_trend_fast': 353, 'sma_trend_slow': 141, 'en_macd': True, 'macd_fast': 83, 'macd_slow': 18, 'macd_signal': 82, 'en_vwap': True, 'en_keltner': False, 'keltner_n': 39, 'keltner_m': 2.6, 'en_obv': True, 'obv_slope': 30, 'en_cci': True, 'cci_n': 4, 'cci_threshold': 300, 'en_rsi': True, 'rsi_n': 31, 'rsi_lower': 15, 'rsi_upper': 89, 'en_stochastic': False, 'stochastic_n': 77, 'stochastic_d': 29, 'stochastic_lower': 23, 'stochastic_upper': 97, 'en_mfi': True, 'mfi_n': 62, 'mfi_lower': 1, 'mfi_upper': 64, 'en_bollinger': True, 'bollinger_n': 49, 'bollinger_k': 4.300000000000001, 'en_adx': False, 'adx_n': 41, 'adx_threshold': 38, 'en_structure_trend': False, 'structure_trend_swing_l': 11, 'en_order_block': False, 'order_block_swing_l': 4, 'en_fvg': True, 'fvg_lookback': 50, 'en_ifvg': False, 'en_breaker': False, 'breaker_swing_l': 5, 'en_cisd': True, 'k': 2, 'en_cap_bars': False, 'cap_1min': 1134}.
[I 2026-07-13 13:39:11,266] Trial 367 pruned. 
[I 2026-07-13 13:39:14,214] Trial 368 pruned. 
[I 2026-07-13 13:39:15,785] Trial 369 finished with values: [-150.72330923070172, -10059.117609085533, 40.05] and parameters: {'sl_soft': 0.08186551712674112, 'sl_hard_delta': 0.3292885197957808, 'tp': 0.20703230346853152, 'gate_pct': 99.52194572971088, 'dd_limit': 3.8524500851165895, 'cooldown': 1, 'flip': True, 'en_ema_trend': True, 'ema_trend_fast': 323, 'ema_trend_slow': 136, 'en_sma_trend': True, 'sma_trend_fast': 222, 'sma_trend_slow': 16, 'en_macd': False, 'macd_fast': 64, 'macd_slow': 11, 'macd_signal': 18, 'en_vwap': True, 'en_keltner': False, 'keltner_n': 56, 'keltner_m': 0.5, 'en_obv': True, 'obv_slope': 72, 'en_cci': False, 'cci_n': 7, 'cci_threshold': 145, 'en_rsi': False, 'rsi_n': 91, 'rsi_lower': 36, 'rsi_upper': 89, 'en_stochastic': False, 'stochastic_n': 55, 'stochastic_d': 2, 'stochastic_lower': 1, 'stochastic_upper': 89, 'en_mfi': False, 'mfi_n': 84, 'mfi_lower': 35, 'mfi_upper': 57, 'en_bollinger': False, 'bollinger_n': 139, 'bollinger_k': 1.4, 'en_adx': False, 'adx_n': 32, 'adx_threshold': 49, 'en_structure_trend': True, 'structure_trend_swing_l': 3, 'en_order_block': False, 'order_block_swing_l': 4, 'en_fvg': False, 'fvg_lookback': 32, 'en_ifvg': True, 'en_breaker': True, 'breaker_swing_l': 15, 'en_cisd': False, 'k': 1, 'en_cap_bars': True, 'cap_1min': 753}.
[I 2026-07-13 13:39:16,367] Trial 370 pruned. 
[I 2026-07-13 13:39:18,014] Trial 371 pruned. 
[I 2026-07-13 13:39:18,632] Trial 372 pruned. 
[I 2026-07-13 13:39:19,290] Trial 373 pruned. 
[I 2026-07-13 13:39:21,169] Trial 374 pruned. 
[I 2026-07-13 13:39:22,525] Trial 375 pruned. 
[I 2026-07-13 13:39:23,338] Trial 376 pruned. 
[I 2026-07-13 13:39:24,480] Trial 377 pruned. 
[I 2026-07-13 13:39:25,983] Trial 378 pruned. 
[I 2026-07-13 13:39:27,418] Trial 379 pruned. 
[I 2026-07-13 13:39:28,566] Trial 380 pruned. 
[I 2026-07-13 13:39:29,890] Trial 381 pruned. 
[I 2026-07-13 13:39:32,469] Trial 382 pruned. 
[I 2026-07-13 13:39:34,096] Trial 383 pruned. 
[I 2026-07-13 13:39:35,268] Trial 384 pruned. 
[I 2026-07-13 13:39:35,705] Trial 385 pruned. 
[I 2026-07-13 13:39:37,209] Trial 386 pruned. 
[I 2026-07-13 13:39:38,632] Trial 387 pruned. 
[I 2026-07-13 13:39:40,804] Trial 388 pruned. 
[I 2026-07-13 13:39:41,910] Trial 389 pruned. 
[I 2026-07-13 13:39:42,570] Trial 390 pruned. 
[I 2026-07-13 13:39:45,467] Trial 391 pruned. 
[I 2026-07-13 13:39:46,375] Trial 392 pruned. 
[I 2026-07-13 13:39:47,282] Trial 393 pruned. 
[I 2026-07-13 13:39:49,197] Trial 394 pruned. 
[I 2026-07-13 13:39:50,233] Trial 395 pruned. 
[I 2026-07-13 13:39:50,965] Trial 396 pruned. 
[I 2026-07-13 13:39:54,199] Trial 397 pruned. 
[I 2026-07-13 13:39:54,773] Trial 398 pruned. 
[I 2026-07-13 13:39:55,793] Trial 399 pruned. 
[I 2026-07-13 13:39:56,000] Trial 400 pruned. 
[I 2026-07-13 13:39:56,502] Trial 401 pruned. 
[I 2026-07-13 13:39:58,072] Trial 402 pruned. 
[I 2026-07-13 13:39:59,259] Trial 403 pruned. 
[I 2026-07-13 13:40:01,292] Trial 404 pruned. 
[I 2026-07-13 13:40:02,783] Trial 405 pruned. 
[I 2026-07-13 13:40:03,048] Trial 406 pruned. 
[I 2026-07-13 13:40:05,035] Trial 407 pruned. 
[I 2026-07-13 13:40:08,128] Trial 408 pruned. 
[I 2026-07-13 13:40:08,538] Trial 409 pruned. 
[I 2026-07-13 13:40:08,815] Trial 410 pruned. 
[I 2026-07-13 13:40:10,122] Trial 411 pruned. 
[I 2026-07-13 13:40:11,371] Trial 412 pruned. 
[I 2026-07-13 13:40:12,035] Trial 413 pruned. 
[I 2026-07-13 13:40:12,878] Trial 414 pruned. 
[I 2026-07-13 13:40:17,968] Trial 415 pruned. 
[I 2026-07-13 13:40:19,589] Trial 416 pruned. 
[I 2026-07-13 13:40:24,006] Trial 417 pruned. 
[I 2026-07-13 13:40:24,341] Trial 418 pruned. 
[I 2026-07-13 13:40:24,873] Trial 419 pruned. 
[I 2026-07-13 13:40:25,754] Trial 420 pruned. 
[I 2026-07-13 13:40:26,164] Trial 421 pruned. 
[I 2026-07-13 13:40:29,255] Trial 422 pruned. 
[I 2026-07-13 13:40:31,302] Trial 423 pruned. 
[I 2026-07-13 13:40:32,067] Trial 424 pruned. 
[I 2026-07-13 13:40:33,046] Trial 425 pruned. 
[I 2026-07-13 13:40:35,242] Trial 426 pruned. 
[I 2026-07-13 13:40:37,398] Trial 427 pruned. 
[I 2026-07-13 13:40:38,202] Trial 428 pruned. 
[I 2026-07-13 13:40:38,694] Trial 429 pruned. 
[I 2026-07-13 13:40:39,140] Trial 430 pruned. 
[I 2026-07-13 13:40:40,134] Trial 431 pruned. 
[I 2026-07-13 13:40:42,621] Trial 432 pruned. 
[I 2026-07-13 13:40:45,607] Trial 433 pruned. 
[I 2026-07-13 13:40:46,740] Trial 434 pruned. 
[I 2026-07-13 13:40:48,150] Trial 435 pruned. 
[I 2026-07-13 13:40:48,949] Trial 436 pruned. 
[I 2026-07-13 13:40:50,710] Trial 437 pruned. 
[I 2026-07-13 13:40:51,851] Trial 438 pruned. 
[I 2026-07-13 13:40:54,764] Trial 439 finished with values: [-3052.606904274935, -10366.355597980357, 57.400000000000006] and parameters: {'sl_soft': 0.09531265262561292, 'sl_hard_delta': 0.3157900995601127, 'tp': 0.08500285668931837, 'gate_pct': 99.86430067299344, 'dd_limit': 2.3419576250818945, 'cooldown': 2, 'flip': True, 'en_ema_trend': True, 'ema_trend_fast': 4, 'ema_trend_slow': 134, 'en_sma_trend': False, 'sma_trend_fast': 204, 'sma_trend_slow': 385, 'en_macd': True, 'macd_fast': 76, 'macd_slow': 28, 'macd_signal': 13, 'en_vwap': True, 'en_keltner': False, 'keltner_n': 95, 'keltner_m': 2.8000000000000003, 'en_obv': True, 'obv_slope': 140, 'en_cci': False, 'cci_n': 115, 'cci_threshold': 280, 'en_rsi': False, 'rsi_n': 7, 'rsi_lower': 34, 'rsi_upper': 70, 'en_stochastic': False, 'stochastic_n': 41, 'stochastic_d': 5, 'stochastic_lower': 43, 'stochastic_upper': 86, 'en_mfi': False, 'mfi_n': 25, 'mfi_lower': 23, 'mfi_upper': 87, 'en_bollinger': False, 'bollinger_n': 103, 'bollinger_k': 1.8, 'en_adx': False, 'adx_n': 47, 'adx_threshold': 25, 'en_structure_trend': True, 'structure_trend_swing_l': 5, 'en_order_block': True, 'order_block_swing_l': 7, 'en_fvg': True, 'fvg_lookback': 40, 'en_ifvg': False, 'en_breaker': True, 'breaker_swing_l': 20, 'en_cisd': True, 'k': 4, 'en_cap_bars': True, 'cap_1min': 374}.
[I 2026-07-13 13:40:55,026] Trial 440 pruned. 
[I 2026-07-13 13:40:56,580] Trial 441 pruned. 
[I 2026-07-13 13:40:57,714] Trial 442 pruned. 
[I 2026-07-13 13:41:01,451] Trial 443 pruned. 
[I 2026-07-13 13:41:03,186] Trial 444 pruned. 
[I 2026-07-13 13:41:04,826] Trial 445 pruned. 
[I 2026-07-13 13:41:06,263] Trial 446 pruned. 
[I 2026-07-13 13:41:07,548] Trial 447 pruned. 
[I 2026-07-13 13:41:08,588] Trial 448 pruned. 
[I 2026-07-13 13:41:09,055] Trial 449 pruned. 
[I 2026-07-13 13:41:09,410] Trial 450 pruned. 
[I 2026-07-13 13:41:13,029] Trial 451 pruned. 
[I 2026-07-13 13:41:13,424] Trial 452 pruned. 
[I 2026-07-13 13:41:14,222] Trial 453 pruned. 
[I 2026-07-13 13:41:14,852] Trial 454 pruned. 
[I 2026-07-13 13:41:16,430] Trial 455 pruned. 
[I 2026-07-13 13:41:16,993] Trial 456 pruned. 
[I 2026-07-13 13:41:18,096] Trial 457 pruned. 
[I 2026-07-13 13:41:18,821] Trial 458 pruned. 
[I 2026-07-13 13:41:20,369] Trial 459 pruned. 
[I 2026-07-13 13:41:21,797] Trial 460 pruned. 
[I 2026-07-13 13:41:22,173] Trial 461 pruned. 
[I 2026-07-13 13:41:25,247] Trial 462 pruned. 
[I 2026-07-13 13:41:25,905] Trial 463 pruned. 
[I 2026-07-13 13:41:27,122] Trial 464 pruned. 
[I 2026-07-13 13:41:28,804] Trial 465 pruned. 
[I 2026-07-13 13:41:30,342] Trial 466 pruned. 
[I 2026-07-13 13:41:34,464] Trial 467 pruned. 
[I 2026-07-13 13:41:35,430] Trial 468 pruned. 
[I 2026-07-13 13:41:36,292] Trial 469 pruned. 
[I 2026-07-13 13:41:37,545] Trial 470 pruned. 
[I 2026-07-13 13:41:39,238] Trial 471 pruned. 
[I 2026-07-13 13:41:40,152] Trial 472 pruned. 
[I 2026-07-13 13:41:40,606] Trial 473 pruned. 
[I 2026-07-13 13:41:41,697] Trial 474 pruned. 
[I 2026-07-13 13:41:42,864] Trial 475 pruned. 
[I 2026-07-13 13:41:44,260] Trial 476 pruned. 
[I 2026-07-13 13:41:46,695] Trial 477 pruned. 
[I 2026-07-13 13:41:47,000] Trial 478 pruned. 
[I 2026-07-13 13:41:47,318] Trial 479 pruned. 
[I 2026-07-13 13:41:47,407] Trial 480 pruned. 
[I 2026-07-13 13:41:48,528] Trial 481 pruned. 
[I 2026-07-13 13:41:49,444] Trial 482 pruned. 
[I 2026-07-13 13:41:50,774] Trial 483 pruned. 
[I 2026-07-13 13:41:52,511] Trial 484 pruned. 
[I 2026-07-13 13:41:54,649] Trial 485 pruned. 
[I 2026-07-13 13:41:55,466] Trial 486 pruned. 
[I 2026-07-13 13:41:55,939] Trial 487 pruned. 
[I 2026-07-13 13:41:56,757] Trial 488 pruned. 
[I 2026-07-13 13:41:58,110] Trial 489 pruned. 
[I 2026-07-13 13:41:58,314] Trial 490 pruned. 
[I 2026-07-13 13:41:59,251] Trial 491 pruned. 
[I 2026-07-13 13:41:59,983] Trial 492 pruned. 
[I 2026-07-13 13:42:01,043] Trial 493 pruned. 
[I 2026-07-13 13:42:01,557] Trial 494 pruned. 
[I 2026-07-13 13:42:02,328] Trial 495 pruned. 
[I 2026-07-13 13:42:02,572] Trial 496 pruned. 
[I 2026-07-13 13:42:03,160] Trial 497 pruned. 
[I 2026-07-13 13:42:03,823] Trial 498 pruned. 
[I 2026-07-13 13:42:04,683] Trial 499 pruned. 
[I 2026-07-13 13:42:05,488] Trial 500 pruned. 
[I 2026-07-13 13:42:07,674] Trial 501 pruned. 
[I 2026-07-13 13:42:08,119] Trial 502 pruned. 
[I 2026-07-13 13:42:08,824] Trial 503 pruned. 
[I 2026-07-13 13:42:09,790] Trial 504 pruned. 
[I 2026-07-13 13:42:10,403] Trial 505 pruned. 
[I 2026-07-13 13:42:11,127] Trial 506 pruned. 
[I 2026-07-13 13:42:11,367] Trial 507 pruned. 
[I 2026-07-13 13:42:12,480] Trial 508 pruned. 
[I 2026-07-13 13:42:12,952] Trial 509 pruned. 
[I 2026-07-13 13:42:13,153] Trial 510 pruned. 
[I 2026-07-13 13:42:13,758] Trial 511 pruned. 
[I 2026-07-13 13:42:14,432] Trial 512 pruned. 
[I 2026-07-13 13:42:14,631] Trial 513 pruned. 
[I 2026-07-13 13:42:14,927] Trial 514 pruned. 
[I 2026-07-13 13:42:15,798] Trial 515 pruned. 
[I 2026-07-13 13:42:16,465] Trial 516 pruned. 
[I 2026-07-13 13:42:17,484] Trial 517 pruned. 
[I 2026-07-13 13:42:18,137] Trial 518 pruned. 
[I 2026-07-13 13:42:18,833] Trial 519 pruned. 
[I 2026-07-13 13:42:19,047] Trial 520 pruned. 
[I 2026-07-13 13:42:19,804] Trial 521 pruned. 
[I 2026-07-13 13:42:20,839] Trial 522 pruned. 
[I 2026-07-13 13:42:21,757] Trial 523 pruned. 
[I 2026-07-13 13:42:22,850] Trial 524 pruned. 
[I 2026-07-13 13:42:23,577] Trial 525 pruned. 
[I 2026-07-13 13:42:24,155] Trial 526 pruned. 
[I 2026-07-13 13:42:24,753] Trial 527 pruned. 
[I 2026-07-13 13:42:25,425] Trial 528 pruned. 
[I 2026-07-13 13:42:26,029] Trial 529 pruned. 
[I 2026-07-13 13:42:26,482] Trial 530 pruned. 
[I 2026-07-13 13:42:27,057] Trial 531 pruned. 
[I 2026-07-13 13:42:28,014] Trial 532 pruned. 
[I 2026-07-13 13:42:28,373] Trial 533 pruned. 
[I 2026-07-13 13:42:29,191] Trial 534 pruned. 
[I 2026-07-13 13:42:29,888] Trial 535 pruned. 
[I 2026-07-13 13:42:30,439] Trial 536 pruned. 
[I 2026-07-13 13:42:30,660] Trial 537 pruned. 
[I 2026-07-13 13:42:31,502] Trial 538 pruned. 
[I 2026-07-13 13:42:32,713] Trial 539 pruned. 
[I 2026-07-13 13:42:33,131] Trial 540 pruned. 
[I 2026-07-13 13:42:34,311] Trial 541 pruned. 
[I 2026-07-13 13:42:35,514] Trial 542 pruned. 
[I 2026-07-13 13:42:36,662] Trial 543 pruned. 
[I 2026-07-13 13:42:38,952] Trial 544 pruned. 
[I 2026-07-13 13:42:39,777] Trial 545 pruned. 
[I 2026-07-13 13:42:40,428] Trial 546 pruned. 
[I 2026-07-13 13:42:43,223] Trial 547 pruned. 
[I 2026-07-13 13:42:43,668] Trial 548 pruned. 
[I 2026-07-13 13:42:45,363] Trial 549 pruned. 
[I 2026-07-13 13:42:46,527] Trial 550 pruned. 
[I 2026-07-13 13:42:47,856] Trial 551 pruned. 
[I 2026-07-13 13:42:47,973] Trial 552 pruned. 
[I 2026-07-13 13:42:48,908] Trial 553 pruned. 
[I 2026-07-13 13:42:50,503] Trial 554 pruned. 
[I 2026-07-13 13:42:50,978] Trial 555 pruned. 
[I 2026-07-13 13:42:51,872] Trial 556 pruned. 
[I 2026-07-13 13:42:52,379] Trial 557 pruned. 
[I 2026-07-13 13:42:53,344] Trial 558 pruned. 
[I 2026-07-13 13:42:54,502] Trial 559 pruned. 
[I 2026-07-13 13:42:54,574] Trial 560 pruned. 
[I 2026-07-13 13:42:54,907] Trial 561 pruned. 
[I 2026-07-13 13:42:55,522] Trial 562 pruned. 
[I 2026-07-13 13:42:56,904] Trial 563 pruned. 
[I 2026-07-13 13:42:57,671] Trial 564 pruned. 
[I 2026-07-13 13:42:58,059] Trial 565 pruned. 
[I 2026-07-13 13:42:58,551] Trial 566 pruned. 
[I 2026-07-13 13:42:58,754] Trial 567 pruned. 
[I 2026-07-13 13:42:59,043] Trial 568 pruned. 
[I 2026-07-13 13:42:59,629] Trial 569 pruned. 
[I 2026-07-13 13:43:00,665] Trial 570 pruned. 
[I 2026-07-13 13:43:01,209] Trial 571 pruned. 
[I 2026-07-13 13:43:01,737] Trial 572 pruned. 
[I 2026-07-13 13:43:02,153] Trial 573 pruned. 
[I 2026-07-13 13:43:03,156] Trial 574 pruned. 
[I 2026-07-13 13:43:03,713] Trial 575 pruned. 
[I 2026-07-13 13:43:04,556] Trial 576 pruned. 
[I 2026-07-13 13:43:05,036] Trial 577 pruned. 
[I 2026-07-13 13:43:06,291] Trial 578 pruned. 
[I 2026-07-13 13:43:07,051] Trial 579 pruned. 
[I 2026-07-13 13:43:08,345] Trial 580 pruned. 
[I 2026-07-13 13:43:09,078] Trial 581 pruned. 
[I 2026-07-13 13:43:09,492] Trial 582 pruned. 
[I 2026-07-13 13:43:10,667] Trial 583 pruned. 
[I 2026-07-13 13:43:11,516] Trial 584 pruned. 
[I 2026-07-13 13:43:13,825] Trial 585 pruned. 
[I 2026-07-13 13:43:14,481] Trial 586 pruned. 
[I 2026-07-13 13:43:15,255] Trial 587 pruned. 
[I 2026-07-13 13:43:15,533] Trial 588 pruned. 
[I 2026-07-13 13:43:16,952] Trial 589 pruned. 
[I 2026-07-13 13:43:18,177] Trial 590 pruned. 
[I 2026-07-13 13:43:18,646] Trial 591 pruned. 
[I 2026-07-13 13:43:19,340] Trial 592 pruned. 
[I 2026-07-13 13:43:20,222] Trial 593 pruned. 
[I 2026-07-13 13:43:21,069] Trial 594 pruned. 
[I 2026-07-13 13:43:22,051] Trial 595 pruned. 
[I 2026-07-13 13:43:22,294] Trial 596 pruned. 
[I 2026-07-13 13:43:22,417] Trial 597 pruned. 
[I 2026-07-13 13:43:22,742] Trial 598 pruned. 
[I 2026-07-13 13:43:23,967] Trial 599 pruned. 
[I 2026-07-13 13:43:24,121] Trial 600 pruned. 
[I 2026-07-13 13:43:24,669] Trial 601 pruned. 
[I 2026-07-13 13:43:24,753] Trial 602 pruned. 
[I 2026-07-13 13:43:25,314] Trial 603 pruned. 
[I 2026-07-13 13:43:25,479] Trial 604 pruned. 
[I 2026-07-13 13:43:25,674] Trial 605 pruned. 
[I 2026-07-13 13:43:25,994] Trial 606 pruned. 
[I 2026-07-13 13:43:26,487] Trial 607 pruned. 
[I 2026-07-13 13:43:27,327] Trial 608 pruned. 
[I 2026-07-13 13:43:27,650] Trial 609 pruned. 
[I 2026-07-13 13:43:28,890] Trial 610 pruned. 
[I 2026-07-13 13:43:29,389] Trial 611 pruned. 
[I 2026-07-13 13:43:29,927] Trial 612 pruned. 
[I 2026-07-13 13:43:30,155] Trial 613 pruned. 
[I 2026-07-13 13:43:30,327] Trial 614 pruned. 
[I 2026-07-13 13:43:31,058] Trial 615 pruned. 
[I 2026-07-13 13:43:31,630] Trial 616 pruned. 
[I 2026-07-13 13:43:31,805] Trial 617 pruned. 
[I 2026-07-13 13:43:32,201] Trial 618 pruned. 
[I 2026-07-13 13:43:33,071] Trial 619 pruned. 
[I 2026-07-13 13:43:33,638] Trial 620 pruned. 
[I 2026-07-13 13:43:33,940] Trial 621 pruned. 
[I 2026-07-13 13:43:35,458] Trial 622 pruned. 
[I 2026-07-13 13:43:36,153] Trial 623 pruned. 
[I 2026-07-13 13:43:36,303] Trial 624 pruned. 
[I 2026-07-13 13:43:36,961] Trial 625 pruned. 
[I 2026-07-13 13:43:37,835] Trial 626 pruned. 
[I 2026-07-13 13:43:38,383] Trial 627 pruned. 
[I 2026-07-13 13:43:38,920] Trial 628 pruned. 
[I 2026-07-13 13:43:39,900] Trial 629 pruned. 
[I 2026-07-13 13:43:40,127] Trial 630 pruned. 
[I 2026-07-13 13:43:40,916] Trial 631 pruned. 
[I 2026-07-13 13:43:41,275] Trial 632 pruned. 
[I 2026-07-13 13:43:42,118] Trial 633 pruned. 
[I 2026-07-13 13:43:42,411] Trial 634 pruned. 
[I 2026-07-13 13:43:42,908] Trial 635 pruned. 
[I 2026-07-13 13:43:43,087] Trial 636 pruned. 
[I 2026-07-13 13:43:44,049] Trial 637 pruned. 
[I 2026-07-13 13:43:44,607] Trial 638 pruned. 
[I 2026-07-13 13:43:44,762] Trial 639 pruned. 
[I 2026-07-13 13:43:44,850] Trial 640 pruned. 
[I 2026-07-13 13:43:45,476] Trial 641 pruned. 
[I 2026-07-13 13:43:46,356] Trial 642 pruned. 
[I 2026-07-13 13:43:46,703] Trial 643 pruned. 
[I 2026-07-13 13:43:47,282] Trial 644 pruned. 
[I 2026-07-13 13:43:48,977] Trial 645 pruned. 
[I 2026-07-13 13:43:50,101] Trial 646 pruned. 
[I 2026-07-13 13:43:50,936] Trial 647 pruned. 
[I 2026-07-13 13:43:51,573] Trial 648 pruned. 
[I 2026-07-13 13:43:52,495] Trial 649 pruned. 
[I 2026-07-13 13:43:53,316] Trial 650 pruned. 
[I 2026-07-13 13:43:53,701] Trial 651 pruned. 
[I 2026-07-13 13:43:54,283] Trial 652 pruned. 
[I 2026-07-13 13:43:54,586] Trial 653 pruned. 
[I 2026-07-13 13:43:55,241] Trial 654 pruned. 
[I 2026-07-13 13:43:55,748] Trial 655 pruned. 
[I 2026-07-13 13:43:56,500] Trial 656 pruned. 
[I 2026-07-13 13:43:58,397] Trial 657 pruned. 
[I 2026-07-13 13:43:59,632] Trial 658 pruned. 
[I 2026-07-13 13:44:00,301] Trial 659 pruned. 
[I 2026-07-13 13:44:01,477] Trial 660 pruned. 
[I 2026-07-13 13:44:02,181] Trial 661 pruned. 
[I 2026-07-13 13:44:02,596] Trial 662 pruned. 
[I 2026-07-13 13:44:03,508] Trial 663 pruned. 
[I 2026-07-13 13:44:07,242] Trial 664 finished with values: [-1362.113568021996, -11754.368299306394, 67.1] and parameters: {'sl_soft': 0.2604085617912108, 'sl_hard_delta': 0.13215422964729565, 'tp': 0.15920220551128933, 'gate_pct': 98.93711402329589, 'dd_limit': 9.066216783758431, 'cooldown': 1, 'flip': True, 'en_ema_trend': True, 'ema_trend_fast': 351, 'ema_trend_slow': 367, 'en_sma_trend': False, 'sma_trend_fast': 372, 'sma_trend_slow': 12, 'en_macd': True, 'macd_fast': 60, 'macd_slow': 18, 'macd_signal': 40, 'en_vwap': False, 'en_keltner': False, 'keltner_n': 61, 'keltner_m': 5.0, 'en_obv': True, 'obv_slope': 191, 'en_cci': False, 'cci_n': 10, 'cci_threshold': 25, 'en_rsi': False, 'rsi_n': 34, 'rsi_lower': 12, 'rsi_upper': 77, 'en_stochastic': False, 'stochastic_n': 97, 'stochastic_d': 39, 'stochastic_lower': 17, 'stochastic_upper': 91, 'en_mfi': True, 'mfi_n': 77, 'mfi_lower': 8, 'mfi_upper': 76, 'en_bollinger': True, 'bollinger_n': 56, 'bollinger_k': 3.1, 'en_adx': False, 'adx_n': 36, 'adx_threshold': 50, 'en_structure_trend': True, 'structure_trend_swing_l': 13, 'en_order_block': True, 'order_block_swing_l': 12, 'en_fvg': False, 'fvg_lookback': 11, 'en_ifvg': True, 'en_breaker': True, 'breaker_swing_l': 9, 'en_cisd': True, 'k': 3, 'en_cap_bars': False, 'cap_1min': 963}.
[I 2026-07-13 13:44:08,540] Trial 665 pruned. 
[I 2026-07-13 13:44:09,011] Trial 666 pruned. 
[I 2026-07-13 13:44:09,735] Trial 667 pruned. 
[I 2026-07-13 13:44:10,304] Trial 668 pruned. 
[I 2026-07-13 13:44:10,861] Trial 669 pruned. 
[I 2026-07-13 13:44:11,868] Trial 670 pruned. 
[I 2026-07-13 13:44:12,411] Trial 671 pruned. 
[I 2026-07-13 13:44:13,037] Trial 672 pruned. 
