[I 2026-07-13 15:00:23,838] Trial 3963 finished with values: [1665.7793639186202, -5236.185994602564, 74.15] and parameters: {'sl_soft': 0.17833830668719855, 'sl_hard_delta': 0.38069755865652133, 'tp': 0.0859209336931621, 'gate_pct': 99.4732844060646, 'dd_limit': 4.17581929961137, 'cooldown': 0, 'flip': False, 'en_ema_trend': False, 'ema_trend_fast': 149, 'ema_trend_slow': 84, 'en_sma_trend': True, 'sma_trend_fast': 364, 'sma_trend_slow': 309, 'en_macd': True, 'macd_fast': 6, 'macd_slow': 157, 'macd_signal': 6, 'en_vwap': True, 'en_keltner': False, 'keltner_n': 102, 'keltner_m': 4.2, 'en_obv': True, 'obv_slope': 161, 'en_cci': False, 'cci_n': 38, 'cci_threshold': 245, 'en_rsi': False, 'rsi_n': 25, 'rsi_lower': 4, 'rsi_upper': 72, 'en_stochastic': False, 'stochastic_n': 72, 'stochastic_d': 27, 'stochastic_lower': 49, 'stochastic_upper': 75, 'en_mfi': True, 'mfi_n': 54, 'mfi_lower': 49, 'mfi_upper': 78, 'en_bollinger': True, 'bollinger_n': 171, 'bollinger_k': 4.7, 'en_adx': False, 'adx_n': 78, 'adx_threshold': 40, 'en_structure_trend': True, 'structure_trend_swing_l': 13, 'en_order_block': True, 'order_block_swing_l': 18, 'en_fvg': True, 'fvg_lookback': 47, 'en_ifvg': False, 'en_breaker': False, 'breaker_swing_l': 10, 'en_cisd': True, 'k': 4, 'en_cap_bars': True, 'cap_1min': 436}.
[I 2026-07-13 15:00:24,277] Trial 3964 finished with values: [-68.58078796994988, -3055.568438890433, 69.05000000000001] and parameters: {'sl_soft': 0.16996140481300154, 'sl_hard_delta': 0.3817260073301948, 'tp': 0.07629543740731591, 'gate_pct': 98.14251198602311, 'dd_limit': 3.764472083874483, 'cooldown': 1, 'flip': False, 'en_ema_trend': True, 'ema_trend_fast': 79, 'ema_trend_slow': 100, 'en_sma_trend': True, 'sma_trend_fast': 270, 'sma_trend_slow': 283, 'en_macd': True, 'macd_fast': 68, 'macd_slow': 43, 'macd_signal': 76, 'en_vwap': True, 'en_keltner': False, 'keltner_n': 42, 'keltner_m': 4.7, 'en_obv': True, 'obv_slope': 198, 'en_cci': True, 'cci_n': 55, 'cci_threshold': 135, 'en_rsi': False, 'rsi_n': 58, 'rsi_lower': 30, 'rsi_upper': 76, 'en_stochastic': False, 'stochastic_n': 8, 'stochastic_d': 31, 'stochastic_lower': 10, 'stochastic_upper': 89, 'en_mfi': True, 'mfi_n': 56, 'mfi_lower': 16, 'mfi_upper': 57, 'en_bollinger': False, 'bollinger_n': 166, 'bollinger_k': 1.2000000000000002, 'en_adx': False, 'adx_n': 20, 'adx_threshold': 48, 'en_structure_trend': False, 'structure_trend_swing_l': 1, 'en_order_block': False, 'order_block_swing_l': 19, 'en_fvg': True, 'fvg_lookback': 29, 'en_ifvg': True, 'en_breaker': True, 'breaker_swing_l': 19, 'en_cisd': True, 'k': 4, 'en_cap_bars': True, 'cap_1min': 852}.
[I 2026-07-13 15:00:30,522] Trial 3965 finished with values: [79.61582221478056, -10013.1536711141, 67.35] and parameters: {'sl_soft': 0.29212654101002455, 'sl_hard_delta': 0.3817260073301948, 'tp': 0.15809231644429605, 'gate_pct': 98.14251198602311, 'dd_limit': 4.1596678535630165, 'cooldown': 1, 'flip': False, 'en_ema_trend': True, 'ema_trend_fast': 79, 'ema_trend_slow': 2, 'en_sma_trend': True, 'sma_trend_fast': 372, 'sma_trend_slow': 22, 'en_macd': True, 'macd_fast': 98, 'macd_slow': 23, 'macd_signal': 76, 'en_vwap': True, 'en_keltner': False, 'keltner_n': 42, 'keltner_m': 2.7, 'en_obv': False, 'obv_slope': 198, 'en_cci': True, 'cci_n': 55, 'cci_threshold': 30, 'en_rsi': False, 'rsi_n': 74, 'rsi_lower': 46, 'rsi_upper': 59, 'en_stochastic': True, 'stochastic_n': 86, 'stochastic_d': 5, 'stochastic_lower': 3, 'stochastic_upper': 67, 'en_mfi': True, 'mfi_n': 94, 'mfi_lower': 3, 'mfi_upper': 99, 'en_bollinger': False, 'bollinger_n': 37, 'bollinger_k': 4.5, 'en_adx': False, 'adx_n': 20, 'adx_threshold': 11, 'en_structure_trend': False, 'structure_trend_swing_l': 15, 'en_order_block': False, 'order_block_swing_l': 19, 'en_fvg': True, 'fvg_lookback': 44, 'en_ifvg': False, 'en_breaker': False, 'breaker_swing_l': 7, 'en_cisd': False, 'k': 4, 'en_cap_bars': False, 'cap_1min': 852}.
[I 2026-07-13 15:00:33,515] Trial 3966 finished with values: [2105.2560215895965, -5003.953315342073, 75.85] and parameters: {'sl_soft': 0.17833830668719855, 'sl_hard_delta': 0.26350679747876377, 'tp': 0.0859209336931621, 'gate_pct': 97.87184393359011, 'dd_limit': 4.17581929961137, 'cooldown': 1, 'flip': False, 'en_ema_trend': True, 'ema_trend_fast': 195, 'ema_trend_slow': 84, 'en_sma_trend': True, 'sma_trend_fast': 397, 'sma_trend_slow': 309, 'en_macd': True, 'macd_fast': 6, 'macd_slow': 157, 'macd_signal': 71, 'en_vwap': True, 'en_keltner': False, 'keltner_n': 102, 'keltner_m': 4.2, 'en_obv': True, 'obv_slope': 161, 'en_cci': False, 'cci_n': 86, 'cci_threshold': 245, 'en_rsi': False, 'rsi_n': 93, 'rsi_lower': 46, 'rsi_upper': 72, 'en_stochastic': False, 'stochastic_n': 57, 'stochastic_d': 28, 'stochastic_lower': 42, 'stochastic_upper': 96, 'en_mfi': True, 'mfi_n': 19, 'mfi_lower': 22, 'mfi_upper': 99, 'en_bollinger': True, 'bollinger_n': 149, 'bollinger_k': 4.5, 'en_adx': False, 'adx_n': 78, 'adx_threshold': 43, 'en_structure_trend': True, 'structure_trend_swing_l': 13, 'en_order_block': True, 'order_block_swing_l': 19, 'en_fvg': True, 'fvg_lookback': 47, 'en_ifvg': False, 'en_breaker': False, 'breaker_swing_l': 10, 'en_cisd': True, 'k': 5, 'en_cap_bars': False, 'cap_1min': 436}.
[I 2026-07-13 15:00:36,655] Trial 3967 finished with values: [1716.6932426318297, -6374.999999999993, 45.0] and parameters: {'sl_soft': 0.17833830668719855, 'sl_hard_delta': 0.2600002949787223, 'tp': 0.39000122297835543, 'gate_pct': 98.58299891691806, 'dd_limit': 5.196387599591654, 'cooldown': 0, 'flip': False, 'en_ema_trend': False, 'ema_trend_fast': 97, 'ema_trend_slow': 2, 'en_sma_trend': False, 'sma_trend_fast': 182, 'sma_trend_slow': 265, 'en_macd': True, 'macd_fast': 16, 'macd_slow': 168, 'macd_signal': 18, 'en_vwap': True, 'en_keltner': True, 'keltner_n': 177, 'keltner_m': 3.1, 'en_obv': True, 'obv_slope': 18, 'en_cci': False, 'cci_n': 20, 'cci_threshold': 65, 'en_rsi': False, 'rsi_n': 25, 'rsi_lower': 31, 'rsi_upper': 90, 'en_stochastic': False, 'stochastic_n': 72, 'stochastic_d': 2, 'stochastic_lower': 20, 'stochastic_upper': 78, 'en_mfi': True, 'mfi_n': 11, 'mfi_lower': 45, 'mfi_upper': 79, 'en_bollinger': False, 'bollinger_n': 171, 'bollinger_k': 2.6, 'en_adx': False, 'adx_n': 59, 'adx_threshold': 40, 'en_structure_trend': True, 'structure_trend_swing_l': 13, 'en_order_block': True, 'order_block_swing_l': 13, 'en_fvg': True, 'fvg_lookback': 24, 'en_ifvg': True, 'en_breaker': False, 'breaker_swing_l': 10, 'en_cisd': False, 'k': 3, 'en_cap_bars': False, 'cap_1min': 436}.
[I 2026-07-13 15:00:37,181] Trial 3968 pruned. 
[I 2026-07-13 15:00:38,496] Trial 3969 finished with values: [1006.28257620512, -7388.672956503193, 22.9] and parameters: {'sl_soft': 0.05659865426304895, 'sl_hard_delta': 0.14809162487386876, 'tp': 0.3322153223243982, 'gate_pct': 95.15790739353048, 'dd_limit': 3.177401405918999, 'cooldown': 0, 'flip': True, 'en_ema_trend': True, 'ema_trend_fast': 126, 'ema_trend_slow': 304, 'en_sma_trend': False, 'sma_trend_fast': 265, 'sma_trend_slow': 50, 'en_macd': True, 'macd_fast': 18, 'macd_slow': 161, 'macd_signal': 98, 'en_vwap': False, 'en_keltner': False, 'keltner_n': 123, 'keltner_m': 3.5, 'en_obv': True, 'obv_slope': 92, 'en_cci': False, 'cci_n': 20, 'cci_threshold': 290, 'en_rsi': False, 'rsi_n': 56, 'rsi_lower': 47, 'rsi_upper': 65, 'en_stochastic': False, 'stochastic_n': 41, 'stochastic_d': 2, 'stochastic_lower': 7, 'stochastic_upper': 57, 'en_mfi': False, 'mfi_n': 35, 'mfi_lower': 5, 'mfi_upper': 51, 'en_bollinger': False, 'bollinger_n': 120, 'bollinger_k': 3.8000000000000003, 'en_adx': False, 'adx_n': 35, 'adx_threshold': 17, 'en_structure_trend': True, 'structure_trend_swing_l': 3, 'en_order_block': True, 'order_block_swing_l': 12, 'en_fvg': False, 'fvg_lookback': 24, 'en_ifvg': False, 'en_breaker': True, 'breaker_swing_l': 13, 'en_cisd': False, 'k': 3, 'en_cap_bars': False, 'cap_1min': 591}.
[I 2026-07-13 15:00:43,032] Trial 3970 finished with values: [1960.5309375029738, -12225.704245288365, 58.55] and parameters: {'sl_soft': 0.20552241210016875, 'sl_hard_delta': 0.16099270163194943, 'tp': 0.18594749166674562, 'gate_pct': 97.69004509735414, 'dd_limit': 4.17581929961137, 'cooldown': 1, 'flip': False, 'en_ema_trend': False, 'ema_trend_fast': 76, 'ema_trend_slow': 123, 'en_sma_trend': False, 'sma_trend_fast': 353, 'sma_trend_slow': 71, 'en_macd': True, 'macd_fast': 29, 'macd_slow': 157, 'macd_signal': 47, 'en_vwap': True, 'en_keltner': True, 'keltner_n': 102, 'keltner_m': 4.7, 'en_obv': True, 'obv_slope': 161, 'en_cci': True, 'cci_n': 111, 'cci_threshold': 120, 'en_rsi': True, 'rsi_n': 25, 'rsi_lower': 15, 'rsi_upper': 72, 'en_stochastic': False, 'stochastic_n': 29, 'stochastic_d': 11, 'stochastic_lower': 23, 'stochastic_upper': 75, 'en_mfi': True, 'mfi_n': 28, 'mfi_lower': 33, 'mfi_upper': 78, 'en_bollinger': True, 'bollinger_n': 171, 'bollinger_k': 4.2, 'en_adx': False, 'adx_n': 78, 'adx_threshold': 38, 'en_structure_trend': True, 'structure_trend_swing_l': 11, 'en_order_block': False, 'order_block_swing_l': 6, 'en_fvg': True, 'fvg_lookback': 50, 'en_ifvg': False, 'en_breaker': False, 'breaker_swing_l': 11, 'en_cisd': False, 'k': 4, 'en_cap_bars': True, 'cap_1min': 481}.
[I 2026-07-13 15:00:43,798] Trial 3971 finished with values: [-375.6626522735652, -4806.581326136837, 64.95] and parameters: {'sl_soft': 0.17833830668719855, 'sl_hard_delta': 0.38069755865652133, 'tp': 0.0859209336931621, 'gate_pct': 99.4732844060646, 'dd_limit': 4.17581929961137, 'cooldown': 0, 'flip': False, 'en_ema_trend': False, 'ema_trend_fast': 85, 'ema_trend_slow': 84, 'en_sma_trend': True, 'sma_trend_fast': 182, 'sma_trend_slow': 309, 'en_macd': True, 'macd_fast': 6, 'macd_slow': 157, 'macd_signal': 6, 'en_vwap': True, 'en_keltner': False, 'keltner_n': 102, 'keltner_m': 4.2, 'en_obv': True, 'obv_slope': 161, 'en_cci': False, 'cci_n': 38, 'cci_threshold': 245, 'en_rsi': False, 'rsi_n': 24, 'rsi_lower': 4, 'rsi_upper': 72, 'en_stochastic': False, 'stochastic_n': 72, 'stochastic_d': 27, 'stochastic_lower': 49, 'stochastic_upper': 75, 'en_mfi': True, 'mfi_n': 54, 'mfi_lower': 49, 'mfi_upper': 57, 'en_bollinger': True, 'bollinger_n': 122, 'bollinger_k': 4.7, 'en_adx': False, 'adx_n': 78, 'adx_threshold': 40, 'en_structure_trend': True, 'structure_trend_swing_l': 13, 'en_order_block': False, 'order_block_swing_l': 18, 'en_fvg': True, 'fvg_lookback': 47, 'en_ifvg': False, 'en_breaker': True, 'breaker_swing_l': 10, 'en_cisd': True, 'k': 4, 'en_cap_bars': True, 'cap_1min': 436}.
[I 2026-07-13 15:00:51,606] Trial 3972 finished with values: [2856.6563350151773, -5961.380556620739, 78.65] and parameters: {'sl_soft': 0.29212654101002455, 'sl_hard_delta': 0.22514957031411884, 'tp': 0.15809231644429605, 'gate_pct': 98.21870877115913, 'dd_limit': 0.8350241645118831, 'cooldown': 1, 'flip': False, 'en_ema_trend': True, 'ema_trend_fast': 38, 'ema_trend_slow': 190, 'en_sma_trend': False, 'sma_trend_fast': 322, 'sma_trend_slow': 157, 'en_macd': True, 'macd_fast': 12, 'macd_slow': 23, 'macd_signal': 71, 'en_vwap': True, 'en_keltner': False, 'keltner_n': 102, 'keltner_m': 3.1, 'en_obv': True, 'obv_slope': 197, 'en_cci': True, 'cci_n': 107, 'cci_threshold': 50, 'en_rsi': False, 'rsi_n': 27, 'rsi_lower': 46, 'rsi_upper': 76, 'en_stochastic': True, 'stochastic_n': 8, 'stochastic_d': 5, 'stochastic_lower': 7, 'stochastic_upper': 74, 'en_mfi': True, 'mfi_n': 28, 'mfi_lower': 5, 'mfi_upper': 78, 'en_bollinger': False, 'bollinger_n': 120, 'bollinger_k': 4.5, 'en_adx': False, 'adx_n': 20, 'adx_threshold': 27, 'en_structure_trend': False, 'structure_trend_swing_l': 1, 'en_order_block': True, 'order_block_swing_l': 19, 'en_fvg': True, 'fvg_lookback': 5, 'en_ifvg': True, 'en_breaker': False, 'breaker_swing_l': 19, 'en_cisd': True, 'k': 5, 'en_cap_bars': False, 'cap_1min': 219}.
[I 2026-07-13 15:00:53,198] Trial 3973 finished with values: [-1304.1349168576496, -15691.680778546095, 38.05] and parameters: {'sl_soft': 0.17833830668719855, 'sl_hard_delta': 0.2600002949787223, 'tp': 0.39000122297835543, 'gate_pct': 98.21870877115913, 'dd_limit': 5.196387599591654, 'cooldown': 0, 'flip': True, 'en_ema_trend': True, 'ema_trend_fast': 38, 'ema_trend_slow': 2, 'en_sma_trend': False, 'sma_trend_fast': 265, 'sma_trend_slow': 50, 'en_macd': True, 'macd_fast': 16, 'macd_slow': 168, 'macd_signal': 98, 'en_vwap': False, 'en_keltner': True, 'keltner_n': 177, 'keltner_m': 3.1, 'en_obv': True, 'obv_slope': 92, 'en_cci': False, 'cci_n': 20, 'cci_threshold': 290, 'en_rsi': False, 'rsi_n': 25, 'rsi_lower': 47, 'rsi_upper': 90, 'en_stochastic': False, 'stochastic_n': 98, 'stochastic_d': 2, 'stochastic_lower': 20, 'stochastic_upper': 78, 'en_mfi': True, 'mfi_n': 11, 'mfi_lower': 5, 'mfi_upper': 79, 'en_bollinger': False, 'bollinger_n': 120, 'bollinger_k': 2.6, 'en_adx': False, 'adx_n': 85, 'adx_threshold': 17, 'en_structure_trend': False, 'structure_trend_swing_l': 13, 'en_order_block': True, 'order_block_swing_l': 13, 'en_fvg': True, 'fvg_lookback': 24, 'en_ifvg': True, 'en_breaker': False, 'breaker_swing_l': 13, 'en_cisd': False, 'k': 3, 'en_cap_bars': False, 'cap_1min': 436}.
[I 2026-07-13 15:00:56,915] Trial 3974 finished with values: [751.2681406770487, -11532.338666150612, 27.6] and parameters: {'sl_soft': 0.05659865426304895, 'sl_hard_delta': 0.22514957031411884, 'tp': 0.3322153223243982, 'gate_pct': 95.15790739353048, 'dd_limit': 3.177401405918999, 'cooldown': 0, 'flip': False, 'en_ema_trend': True, 'ema_trend_fast': 149, 'ema_trend_slow': 112, 'en_sma_trend': False, 'sma_trend_fast': 397, 'sma_trend_slow': 22, 'en_macd': True, 'macd_fast': 16, 'macd_slow': 168, 'macd_signal': 71, 'en_vwap': True, 'en_keltner': True, 'keltner_n': 102, 'keltner_m': 2.3, 'en_obv': True, 'obv_slope': 184, 'en_cci': True, 'cci_n': 20, 'cci_threshold': 65, 'en_rsi': True, 'rsi_n': 97, 'rsi_lower': 46, 'rsi_upper': 71, 'en_stochastic': False, 'stochastic_n': 86, 'stochastic_d': 40, 'stochastic_lower': 12, 'stochastic_upper': 79, 'en_mfi': False, 'mfi_n': 94, 'mfi_lower': 2, 'mfi_upper': 79, 'en_bollinger': False, 'bollinger_n': 143, 'bollinger_k': 4.5, 'en_adx': False, 'adx_n': 59, 'adx_threshold': 44, 'en_structure_trend': False, 'structure_trend_swing_l': 16, 'en_order_block': True, 'order_block_swing_l': 16, 'en_fvg': True, 'fvg_lookback': 34, 'en_ifvg': False, 'en_breaker': False, 'breaker_swing_l': 14, 'en_cisd': False, 'k': 5, 'en_cap_bars': False, 'cap_1min': 686}.
[I 2026-07-13 15:00:58,358] Trial 3975 finished with values: [4974.192942211495, -10903.615253335807, 67.5] and parameters: {'sl_soft': 0.17833830668719855, 'sl_hard_delta': 0.26350679747876377, 'tp': 0.15809231644429605, 'gate_pct': 94.97650230819906, 'dd_limit': 4.1596678535630165, 'cooldown': 1, 'flip': False, 'en_ema_trend': False, 'ema_trend_fast': 195, 'ema_trend_slow': 84, 'en_sma_trend': True, 'sma_trend_fast': 397, 'sma_trend_slow': 309, 'en_macd': True, 'macd_fast': 6, 'macd_slow': 72, 'macd_signal': 89, 'en_vwap': True, 'en_keltner': True, 'keltner_n': 126, 'keltner_m': 3.6, 'en_obv': True, 'obv_slope': 161, 'en_cci': True, 'cci_n': 56, 'cci_threshold': 120, 'en_rsi': False, 'rsi_n': 93, 'rsi_lower': 46, 'rsi_upper': 72, 'en_stochastic': False, 'stochastic_n': 86, 'stochastic_d': 40, 'stochastic_lower': 40, 'stochastic_upper': 89, 'en_mfi': True, 'mfi_n': 58, 'mfi_lower': 3, 'mfi_upper': 99, 'en_bollinger': False, 'bollinger_n': 99, 'bollinger_k': 4.5, 'en_adx': False, 'adx_n': 20, 'adx_threshold': 40, 'en_structure_trend': False, 'structure_trend_swing_l': 9, 'en_order_block': True, 'order_block_swing_l': 19, 'en_fvg': True, 'fvg_lookback': 47, 'en_ifvg': False, 'en_breaker': False, 'breaker_swing_l': 7, 'en_cisd': True, 'k': 4, 'en_cap_bars': False, 'cap_1min': 577}.
[I 2026-07-13 15:00:59,242] Trial 3976 finished with values: [96.88503110405486, -11324.910025432337, 71.6] and parameters: {'sl_soft': 0.29212654101002455, 'sl_hard_delta': 0.22514957031411884, 'tp': 0.15809231644429605, 'gate_pct': 96.86893093764884, 'dd_limit': 3.177401405918999, 'cooldown': 1, 'flip': False, 'en_ema_trend': False, 'ema_trend_fast': 126, 'ema_trend_slow': 161, 'en_sma_trend': False, 'sma_trend_fast': 397, 'sma_trend_slow': 22, 'en_macd': True, 'macd_fast': 80, 'macd_slow': 23, 'macd_signal': 71, 'en_vwap': True, 'en_keltner': True, 'keltner_n': 102, 'keltner_m': 2.3, 'en_obv': True, 'obv_slope': 184, 'en_cci': True, 'cci_n': 56, 'cci_threshold': 50, 'en_rsi': False, 'rsi_n': 74, 'rsi_lower': 46, 'rsi_upper': 64, 'en_stochastic': False, 'stochastic_n': 95, 'stochastic_d': 28, 'stochastic_lower': 40, 'stochastic_upper': 57, 'en_mfi': True, 'mfi_n': 94, 'mfi_lower': 3, 'mfi_upper': 54, 'en_bollinger': False, 'bollinger_n': 56, 'bollinger_k': 4.5, 'en_adx': False, 'adx_n': 59, 'adx_threshold': 24, 'en_structure_trend': False, 'structure_trend_swing_l': 16, 'en_order_block': True, 'order_block_swing_l': 19, 'en_fvg': True, 'fvg_lookback': 34, 'en_ifvg': False, 'en_breaker': False, 'breaker_swing_l': 3, 'en_cisd': False, 'k': 5, 'en_cap_bars': False, 'cap_1min': 591}.
[I 2026-07-13 15:00:59,601] Trial 3977 finished with values: [3402.7861002481595, -7711.569015935424, 73.55000000000001] and parameters: {'sl_soft': 0.29406552811412545, 'sl_hard_delta': 0.26350679747876377, 'tp': 0.15809231644429605, 'gate_pct': 97.87184393359011, 'dd_limit': 0.6062953539401272, 'cooldown': 1, 'flip': False, 'en_ema_trend': True, 'ema_trend_fast': 195, 'ema_trend_slow': 377, 'en_sma_trend': True, 'sma_trend_fast': 397, 'sma_trend_slow': 22, 'en_macd': True, 'macd_fast': 11, 'macd_slow': 23, 'macd_signal': 71, 'en_vwap': True, 'en_keltner': True, 'keltner_n': 126, 'keltner_m': 1.3, 'en_obv': True, 'obv_slope': 61, 'en_cci': True, 'cci_n': 86, 'cci_threshold': 250, 'en_rsi': False, 'rsi_n': 93, 'rsi_lower': 46, 'rsi_upper': 66, 'en_stochastic': False, 'stochastic_n': 95, 'stochastic_d': 28, 'stochastic_lower': 42, 'stochastic_upper': 96, 'en_mfi': False, 'mfi_n': 19, 'mfi_lower': 22, 'mfi_upper': 99, 'en_bollinger': False, 'bollinger_n': 149, 'bollinger_k': 4.5, 'en_adx': False, 'adx_n': 53, 'adx_threshold': 43, 'en_structure_trend': False, 'structure_trend_swing_l': 17, 'en_order_block': True, 'order_block_swing_l': 19, 'en_fvg': True, 'fvg_lookback': 34, 'en_ifvg': False, 'en_breaker': True, 'breaker_swing_l': 6, 'en_cisd': False, 'k': 5, 'en_cap_bars': False, 'cap_1min': 1250}.
[I 2026-07-13 15:01:01,508] Trial 3978 finished with values: [-291.65761869153414, -25047.82705253285, 64.6] and parameters: {'sl_soft': 0.29406552811412545, 'sl_hard_delta': 0.26350679747876377, 'tp': 0.14518538625129632, 'gate_pct': 97.87184393359011, 'dd_limit': 3.177401405918999, 'cooldown': 2, 'flip': False, 'en_ema_trend': True, 'ema_trend_fast': 363, 'ema_trend_slow': 377, 'en_sma_trend': True, 'sma_trend_fast': 44, 'sma_trend_slow': 200, 'en_macd': True, 'macd_fast': 16, 'macd_slow': 168, 'macd_signal': 43, 'en_vwap': True, 'en_keltner': True, 'keltner_n': 126, 'keltner_m': 1.3, 'en_obv': True, 'obv_slope': 61, 'en_cci': True, 'cci_n': 20, 'cci_threshold': 250, 'en_rsi': True, 'rsi_n': 93, 'rsi_lower': 46, 'rsi_upper': 71, 'en_stochastic': False, 'stochastic_n': 95, 'stochastic_d': 40, 'stochastic_lower': 25, 'stochastic_upper': 79, 'en_mfi': False, 'mfi_n': 52, 'mfi_lower': 2, 'mfi_upper': 56, 'en_bollinger': False, 'bollinger_n': 149, 'bollinger_k': 2.6, 'en_adx': False, 'adx_n': 53, 'adx_threshold': 43, 'en_structure_trend': False, 'structure_trend_swing_l': 17, 'en_order_block': True, 'order_block_swing_l': 19, 'en_fvg': False, 'fvg_lookback': 34, 'en_ifvg': False, 'en_breaker': True, 'breaker_swing_l': 14, 'en_cisd': False, 'k': 5, 'en_cap_bars': False, 'cap_1min': 1250}.
[I 2026-07-13 15:01:01,736] Trial 3979 finished with values: [2401.5008533189257, -7489.461013342124, 72.25] and parameters: {'sl_soft': 0.29406552811412545, 'sl_hard_delta': 0.26350679747876377, 'tp': 0.15809231644429605, 'gate_pct': 97.87184393359011, 'dd_limit': 0.6062953539401272, 'cooldown': 1, 'flip': False, 'en_ema_trend': False, 'ema_trend_fast': 195, 'ema_trend_slow': 377, 'en_sma_trend': False, 'sma_trend_fast': 397, 'sma_trend_slow': 310, 'en_macd': True, 'macd_fast': 80, 'macd_slow': 23, 'macd_signal': 71, 'en_vwap': True, 'en_keltner': True, 'keltner_n': 126, 'keltner_m': 1.3, 'en_obv': True, 'obv_slope': 61, 'en_cci': True, 'cci_n': 56, 'cci_threshold': 50, 'en_rsi': False, 'rsi_n': 93, 'rsi_lower': 43, 'rsi_upper': 64, 'en_stochastic': False, 'stochastic_n': 95, 'stochastic_d': 28, 'stochastic_lower': 42, 'stochastic_upper': 96, 'en_mfi': False, 'mfi_n': 10, 'mfi_lower': 22, 'mfi_upper': 54, 'en_bollinger': False, 'bollinger_n': 56, 'bollinger_k': 4.5, 'en_adx': False, 'adx_n': 53, 'adx_threshold': 24, 'en_structure_trend': False, 'structure_trend_swing_l': 16, 'en_order_block': True, 'order_block_swing_l': 11, 'en_fvg': True, 'fvg_lookback': 34, 'en_ifvg': False, 'en_breaker': False, 'breaker_swing_l': 7, 'en_cisd': True, 'k': 5, 'en_cap_bars': False, 'cap_1min': 1250}.
