[I 2026-07-13 14:52:07,450] Trial 3727 finished with values: [320.5123320367243, -2783.8593859138427, 73.19999999999999] and parameters: {'sl_soft': 0.15918195032780505, 'sl_hard_delta': 0.22147623907688235, 'tp': 0.07629543740731591, 'gate_pct': 99.80126570295228, 'dd_limit': 3.764472083874483, 'cooldown': 1, 'flip': False, 'en_ema_trend': True, 'ema_trend_fast': 380, 'ema_trend_slow': 190, 'en_sma_trend': True, 'sma_trend_fast': 372, 'sma_trend_slow': 290, 'en_macd': True, 'macd_fast': 12, 'macd_slow': 124, 'macd_signal': 42, 'en_vwap': True, 'en_keltner': False, 'keltner_n': 89, 'keltner_m': 3.6, 'en_obv': True, 'obv_slope': 52, 'en_cci': True, 'cci_n': 172, 'cci_threshold': 35, 'en_rsi': True, 'rsi_n': 27, 'rsi_lower': 1, 'rsi_upper': 76, 'en_stochastic': False, 'stochastic_n': 8, 'stochastic_d': 40, 'stochastic_lower': 10, 'stochastic_upper': 56, 'en_mfi': True, 'mfi_n': 28, 'mfi_lower': 33, 'mfi_upper': 84, 'en_bollinger': False, 'bollinger_n': 120, 'bollinger_k': 2.7, 'en_adx': False, 'adx_n': 20, 'adx_threshold': 27, 'en_structure_trend': False, 'structure_trend_swing_l': 1, 'en_order_block': True, 'order_block_swing_l': 19, 'en_fvg': True, 'fvg_lookback': 28, 'en_ifvg': True, 'en_breaker': True, 'breaker_swing_l': 19, 'en_cisd': True, 'k': 1, 'en_cap_bars': True, 'cap_1min': 852}.
[I 2026-07-13 14:52:08,650] Trial 3728 finished with values: [-3726.0412398135422, -13194.400774883483, 41.65] and parameters: {'sl_soft': 0.16862822067814248, 'sl_hard_delta': 0.23361570915722318, 'tp': 0.2912239690046607, 'gate_pct': 99.12973389262724, 'dd_limit': 5.539485164098047, 'cooldown': 0, 'flip': True, 'en_ema_trend': False, 'ema_trend_fast': 66, 'ema_trend_slow': 162, 'en_sma_trend': False, 'sma_trend_fast': 165, 'sma_trend_slow': 218, 'en_macd': False, 'macd_fast': 57, 'macd_slow': 51, 'macd_signal': 73, 'en_vwap': False, 'en_keltner': False, 'keltner_n': 173, 'keltner_m': 0.7, 'en_obv': False, 'obv_slope': 30, 'en_cci': True, 'cci_n': 60, 'cci_threshold': 140, 'en_rsi': True, 'rsi_n': 78, 'rsi_lower': 12, 'rsi_upper': 76, 'en_stochastic': False, 'stochastic_n': 54, 'stochastic_d': 6, 'stochastic_lower': 24, 'stochastic_upper': 67, 'en_mfi': False, 'mfi_n': 27, 'mfi_lower': 24, 'mfi_upper': 80, 'en_bollinger': True, 'bollinger_n': 195, 'bollinger_k': 3.2, 'en_adx': False, 'adx_n': 92, 'adx_threshold': 25, 'en_structure_trend': True, 'structure_trend_swing_l': 20, 'en_order_block': True, 'order_block_swing_l': 10, 'en_fvg': True, 'fvg_lookback': 23, 'en_ifvg': False, 'en_breaker': False, 'breaker_swing_l': 1, 'en_cisd': False, 'k': 1, 'en_cap_bars': True, 'cap_1min': 1353}.
[I 2026-07-13 14:52:09,579] Trial 3729 pruned. 
[I 2026-07-13 14:52:11,354] Trial 3730 finished with values: [371.3492346934719, -3777.970900194774, 72.55000000000001] and parameters: {'sl_soft': 0.20552241210016875, 'sl_hard_delta': 0.16099270163194943, 'tp': 0.0859209336931621, 'gate_pct': 98.21415170406553, 'dd_limit': 2.195466302790515, 'cooldown': 0, 'flip': False, 'en_ema_trend': False, 'ema_trend_fast': 63, 'ema_trend_slow': 84, 'en_sma_trend': True, 'sma_trend_fast': 378, 'sma_trend_slow': 71, 'en_macd': True, 'macd_fast': 6, 'macd_slow': 71, 'macd_signal': 6, 'en_vwap': False, 'en_keltner': False, 'keltner_n': 122, 'keltner_m': 4.7, 'en_obv': True, 'obv_slope': 161, 'en_cci': False, 'cci_n': 38, 'cci_threshold': 245, 'en_rsi': False, 'rsi_n': 25, 'rsi_lower': 4, 'rsi_upper': 52, 'en_stochastic': False, 'stochastic_n': 72, 'stochastic_d': 27, 'stochastic_lower': 49, 'stochastic_upper': 79, 'en_mfi': True, 'mfi_n': 54, 'mfi_lower': 22, 'mfi_upper': 64, 'en_bollinger': True, 'bollinger_n': 158, 'bollinger_k': 4.2, 'en_adx': False, 'adx_n': 51, 'adx_threshold': 48, 'en_structure_trend': True, 'structure_trend_swing_l': 13, 'en_order_block': False, 'order_block_swing_l': 6, 'en_fvg': False, 'fvg_lookback': 3, 'en_ifvg': True, 'en_breaker': True, 'breaker_swing_l': 10, 'en_cisd': True, 'k': 1, 'en_cap_bars': False, 'cap_1min': 436}.
[I 2026-07-13 14:52:20,243] Trial 3731 finished with values: [-1052.223683487785, -6946.921146016116, 46.3] and parameters: {'sl_soft': 0.17299259093013, 'sl_hard_delta': 0.14809162487386876, 'tp': 0.30673158080295904, 'gate_pct': 98.21870877115913, 'dd_limit': 2.4528084273798805, 'cooldown': 1, 'flip': False, 'en_ema_trend': False, 'ema_trend_fast': 38, 'ema_trend_slow': 60, 'en_sma_trend': False, 'sma_trend_fast': 313, 'sma_trend_slow': 157, 'en_macd': True, 'macd_fast': 10, 'macd_slow': 134, 'macd_signal': 21, 'en_vwap': False, 'en_keltner': True, 'keltner_n': 48, 'keltner_m': 1.3, 'en_obv': True, 'obv_slope': 82, 'en_cci': True, 'cci_n': 107, 'cci_threshold': 145, 'en_rsi': False, 'rsi_n': 16, 'rsi_lower': 47, 'rsi_upper': 65, 'en_stochastic': True, 'stochastic_n': 82, 'stochastic_d': 30, 'stochastic_lower': 32, 'stochastic_upper': 98, 'en_mfi': True, 'mfi_n': 35, 'mfi_lower': 29, 'mfi_upper': 80, 'en_bollinger': False, 'bollinger_n': 120, 'bollinger_k': 2.0, 'en_adx': False, 'adx_n': 91, 'adx_threshold': 47, 'en_structure_trend': False, 'structure_trend_swing_l': 11, 'en_order_block': True, 'order_block_swing_l': 8, 'en_fvg': True, 'fvg_lookback': 19, 'en_ifvg': True, 'en_breaker': False, 'breaker_swing_l': 10, 'en_cisd': True, 'k': 4, 'en_cap_bars': True, 'cap_1min': 219}.
[I 2026-07-13 14:52:21,694] Trial 3732 finished with values: [202.61671164487177, -3938.1626522735755, 71.9] and parameters: {'sl_soft': 0.15918195032780505, 'sl_hard_delta': 0.38069755865652133, 'tp': 0.0859209336931621, 'gate_pct': 99.4732844060646, 'dd_limit': 4.17581929961137, 'cooldown': 1, 'flip': False, 'en_ema_trend': True, 'ema_trend_fast': 149, 'ema_trend_slow': 84, 'en_sma_trend': True, 'sma_trend_fast': 372, 'sma_trend_slow': 309, 'en_macd': True, 'macd_fast': 12, 'macd_slow': 43, 'macd_signal': 76, 'en_vwap': True, 'en_keltner': False, 'keltner_n': 89, 'keltner_m': 4.2, 'en_obv': True, 'obv_slope': 161, 'en_cci': False, 'cci_n': 92, 'cci_threshold': 35, 'en_rsi': False, 'rsi_n': 75, 'rsi_lower': 30, 'rsi_upper': 76, 'en_stochastic': False, 'stochastic_n': 8, 'stochastic_d': 31, 'stochastic_lower': 49, 'stochastic_upper': 89, 'en_mfi': True, 'mfi_n': 56, 'mfi_lower': 49, 'mfi_upper': 78, 'en_bollinger': False, 'bollinger_n': 171, 'bollinger_k': 4.7, 'en_adx': False, 'adx_n': 20, 'adx_threshold': 40, 'en_structure_trend': False, 'structure_trend_swing_l': 1, 'en_order_block': False, 'order_block_swing_l': 19, 'en_fvg': True, 'fvg_lookback': 19, 'en_ifvg': False, 'en_breaker': True, 'breaker_swing_l': 19, 'en_cisd': True, 'k': 4, 'en_cap_bars': True, 'cap_1min': 436}.
[I 2026-07-13 14:52:24,655] Trial 3733 finished with values: [-726.3127083313849, -13389.564497645417, 51.3] and parameters: {'sl_soft': 0.20552241210016875, 'sl_hard_delta': 0.16099270163194943, 'tp': 0.18594749166674562, 'gate_pct': 98.21415170406553, 'dd_limit': 2.195466302790515, 'cooldown': 2, 'flip': False, 'en_ema_trend': True, 'ema_trend_fast': 63, 'ema_trend_slow': 123, 'en_sma_trend': True, 'sma_trend_fast': 353, 'sma_trend_slow': 71, 'en_macd': True, 'macd_fast': 29, 'macd_slow': 18, 'macd_signal': 47, 'en_vwap': True, 'en_keltner': False, 'keltner_n': 39, 'keltner_m': 4.7, 'en_obv': True, 'obv_slope': 26, 'en_cci': True, 'cci_n': 4, 'cci_threshold': 255, 'en_rsi': True, 'rsi_n': 45, 'rsi_lower': 15, 'rsi_upper': 89, 'en_stochastic': False, 'stochastic_n': 47, 'stochastic_d': 11, 'stochastic_lower': 23, 'stochastic_upper': 97, 'en_mfi': False, 'mfi_n': 4, 'mfi_lower': 1, 'mfi_upper': 64, 'en_bollinger': False, 'bollinger_n': 158, 'bollinger_k': 4.2, 'en_adx': False, 'adx_n': 51, 'adx_threshold': 38, 'en_structure_trend': True, 'structure_trend_swing_l': 11, 'en_order_block': False, 'order_block_swing_l': 6, 'en_fvg': True, 'fvg_lookback': 50, 'en_ifvg': True, 'en_breaker': False, 'breaker_swing_l': 7, 'en_cisd': False, 'k': 1, 'en_cap_bars': False, 'cap_1min': 1134}.
[I 2026-07-13 14:52:29,448] Trial 3734 finished with values: [-680.5022796082135, -8805.38393463745, 48.5] and parameters: {'sl_soft': 0.05276341739671145, 'sl_hard_delta': 0.3536147025141028, 'tp': 0.1101399544078348, 'gate_pct': 97.69004509735414, 'dd_limit': 7.351713918926211, 'cooldown': 0, 'flip': True, 'en_ema_trend': True, 'ema_trend_fast': 76, 'ema_trend_slow': 231, 'en_sma_trend': True, 'sma_trend_fast': 166, 'sma_trend_slow': 28, 'en_macd': True, 'macd_fast': 3, 'macd_slow': 124, 'macd_signal': 37, 'en_vwap': True, 'en_keltner': True, 'keltner_n': 113, 'keltner_m': 4.8, 'en_obv': True, 'obv_slope': 62, 'en_cci': True, 'cci_n': 172, 'cci_threshold': 120, 'en_rsi': True, 'rsi_n': 21, 'rsi_lower': 1, 'rsi_upper': 80, 'en_stochastic': False, 'stochastic_n': 29, 'stochastic_d': 29, 'stochastic_lower': 30, 'stochastic_upper': 87, 'en_mfi': False, 'mfi_n': 44, 'mfi_lower': 33, 'mfi_upper': 97, 'en_bollinger': False, 'bollinger_n': 142, 'bollinger_k': 2.7, 'en_adx': False, 'adx_n': 8, 'adx_threshold': 19, 'en_structure_trend': True, 'structure_trend_swing_l': 14, 'en_order_block': True, 'order_block_swing_l': 12, 'en_fvg': False, 'fvg_lookback': 28, 'en_ifvg': True, 'en_breaker': False, 'breaker_swing_l': 11, 'en_cisd': True, 'k': 4, 'en_cap_bars': True, 'cap_1min': 1189}.
[I 2026-07-13 14:52:33,962] Trial 3735 finished with values: [-450.0579750065016, -3312.045625926885, 69.05000000000001] and parameters: {'sl_soft': 0.16996140481300154, 'sl_hard_delta': 0.3817260073301948, 'tp': 0.07629543740731591, 'gate_pct': 98.14251198602311, 'dd_limit': 3.764472083874483, 'cooldown': 1, 'flip': False, 'en_ema_trend': True, 'ema_trend_fast': 79, 'ema_trend_slow': 100, 'en_sma_trend': True, 'sma_trend_fast': 372, 'sma_trend_slow': 283, 'en_macd': True, 'macd_fast': 68, 'macd_slow': 43, 'macd_signal': 76, 'en_vwap': False, 'en_keltner': False, 'keltner_n': 42, 'keltner_m': 4.7, 'en_obv': True, 'obv_slope': 198, 'en_cci': True, 'cci_n': 55, 'cci_threshold': 135, 'en_rsi': False, 'rsi_n': 58, 'rsi_lower': 30, 'rsi_upper': 76, 'en_stochastic': False, 'stochastic_n': 8, 'stochastic_d': 31, 'stochastic_lower': 10, 'stochastic_upper': 89, 'en_mfi': True, 'mfi_n': 56, 'mfi_lower': 16, 'mfi_upper': 57, 'en_bollinger': False, 'bollinger_n': 23, 'bollinger_k': 1.2000000000000002, 'en_adx': False, 'adx_n': 20, 'adx_threshold': 48, 'en_structure_trend': False, 'structure_trend_swing_l': 1, 'en_order_block': False, 'order_block_swing_l': 19, 'en_fvg': True, 'fvg_lookback': 29, 'en_ifvg': True, 'en_breaker': True, 'breaker_swing_l': 19, 'en_cisd': True, 'k': 4, 'en_cap_bars': True, 'cap_1min': 852}.
[I 2026-07-13 14:52:36,529] Trial 3736 pruned. 
[I 2026-07-13 14:52:39,808] Trial 3737 finished with values: [641.4644137264247, -28850.413673905983, 30.95] and parameters: {'sl_soft': 0.05276341739671145, 'sl_hard_delta': 0.23899777104476055, 'tp': 0.22429881379088112, 'gate_pct': 97.69004509735414, 'dd_limit': 9.693174467861043, 'cooldown': 1, 'flip': False, 'en_ema_trend': True, 'ema_trend_fast': 79, 'ema_trend_slow': 214, 'en_sma_trend': False, 'sma_trend_fast': 108, 'sma_trend_slow': 290, 'en_macd': True, 'macd_fast': 68, 'macd_slow': 188, 'macd_signal': 42, 'en_vwap': True, 'en_keltner': False, 'keltner_n': 113, 'keltner_m': 3.6, 'en_obv': False, 'obv_slope': 62, 'en_cci': False, 'cci_n': 172, 'cci_threshold': 135, 'en_rsi': True, 'rsi_n': 58, 'rsi_lower': 1, 'rsi_upper': 75, 'en_stochastic': False, 'stochastic_n': 62, 'stochastic_d': 40, 'stochastic_lower': 30, 'stochastic_upper': 98, 'en_mfi': True, 'mfi_n': 98, 'mfi_lower': 33, 'mfi_upper': 97, 'en_bollinger': False, 'bollinger_n': 187, 'bollinger_k': 3.2, 'en_adx': False, 'adx_n': 39, 'adx_threshold': 48, 'en_structure_trend': True, 'structure_trend_swing_l': 14, 'en_order_block': True, 'order_block_swing_l': 12, 'en_fvg': False, 'fvg_lookback': 28, 'en_ifvg': False, 'en_breaker': True, 'breaker_swing_l': 18, 'en_cisd': False, 'k': 4, 'en_cap_bars': False, 'cap_1min': 1016}.
[I 2026-07-13 14:52:42,641] Trial 3738 finished with values: [-907.0284797699201, -12165.88807112753, 42.65] and parameters: {'sl_soft': 0.1986971158986062, 'sl_hard_delta': 0.14809162487386876, 'tp': 0.4193887076023572, 'gate_pct': 98.34265914110968, 'dd_limit': 0.8350241645118831, 'cooldown': 2, 'flip': False, 'en_ema_trend': False, 'ema_trend_fast': 220, 'ema_trend_slow': 60, 'en_sma_trend': False, 'sma_trend_fast': 131, 'sma_trend_slow': 287, 'en_macd': True, 'macd_fast': 52, 'macd_slow': 41, 'macd_signal': 47, 'en_vwap': True, 'en_keltner': False, 'keltner_n': 72, 'keltner_m': 0.7, 'en_obv': True, 'obv_slope': 25, 'en_cci': True, 'cci_n': 107, 'cci_threshold': 75, 'en_rsi': True, 'rsi_n': 82, 'rsi_lower': 47, 'rsi_upper': 65, 'en_stochastic': False, 'stochastic_n': 53, 'stochastic_d': 23, 'stochastic_lower': 26, 'stochastic_upper': 74, 'en_mfi': False, 'mfi_n': 43, 'mfi_lower': 5, 'mfi_upper': 70, 'en_bollinger': False, 'bollinger_n': 120, 'bollinger_k': 3.8000000000000003, 'en_adx': False, 'adx_n': 85, 'adx_threshold': 42, 'en_structure_trend': False, 'structure_trend_swing_l': 1, 'en_order_block': False, 'order_block_swing_l': 12, 'en_fvg': True, 'fvg_lookback': 5, 'en_ifvg': True, 'en_breaker': False, 'breaker_swing_l': 9, 'en_cisd': False, 'k': 4, 'en_cap_bars': True, 'cap_1min': 219}.
[I 2026-07-13 14:52:42,855] Trial 3739 finished with values: [1084.6578055484101, -3029.659690743962, 75.55] and parameters: {'sl_soft': 0.15918195032780505, 'sl_hard_delta': 0.3817260073301948, 'tp': 0.07629543740731591, 'gate_pct': 99.80126570295228, 'dd_limit': 3.764472083874483, 'cooldown': 1, 'flip': False, 'en_ema_trend': True, 'ema_trend_fast': 367, 'ema_trend_slow': 100, 'en_sma_trend': True, 'sma_trend_fast': 372, 'sma_trend_slow': 283, 'en_macd': True, 'macd_fast': 12, 'macd_slow': 43, 'macd_signal': 76, 'en_vwap': True, 'en_keltner': False, 'keltner_n': 89, 'keltner_m': 2.8000000000000003, 'en_obv': True, 'obv_slope': 52, 'en_cci': True, 'cci_n': 92, 'cci_threshold': 35, 'en_rsi': False, 'rsi_n': 75, 'rsi_lower': 30, 'rsi_upper': 76, 'en_stochastic': False, 'stochastic_n': 8, 'stochastic_d': 31, 'stochastic_lower': 10, 'stochastic_upper': 89, 'en_mfi': True, 'mfi_n': 56, 'mfi_lower': 45, 'mfi_upper': 84, 'en_bollinger': False, 'bollinger_n': 120, 'bollinger_k': 1.2000000000000002, 'en_adx': False, 'adx_n': 20, 'adx_threshold': 27, 'en_structure_trend': False, 'structure_trend_swing_l': 1, 'en_order_block': False, 'order_block_swing_l': 19, 'en_fvg': True, 'fvg_lookback': 19, 'en_ifvg': True, 'en_breaker': True, 'breaker_swing_l': 19, 'en_cisd': True, 'k': 1, 'en_cap_bars': True, 'cap_1min': 852}.
[I 2026-07-13 14:52:43,890] Trial 3740 pruned. 
[I 2026-07-13 14:52:50,091] Trial 3741 finished with values: [-1029.7645379289838, -20775.49385517351, 46.15] and parameters: {'sl_soft': 0.250255701797681, 'sl_hard_delta': 0.16747229358174806, 'tp': 0.2555058865517714, 'gate_pct': 99.3861717774851, 'dd_limit': 2.2378945291746732, 'cooldown': 0, 'flip': False, 'en_ema_trend': True, 'ema_trend_fast': 393, 'ema_trend_slow': 255, 'en_sma_trend': True, 'sma_trend_fast': 118, 'sma_trend_slow': 351, 'en_macd': False, 'macd_fast': 10, 'macd_slow': 12, 'macd_signal': 38, 'en_vwap': True, 'en_keltner': False, 'keltner_n': 22, 'keltner_m': 1.2000000000000002, 'en_obv': True, 'obv_slope': 155, 'en_cci': True, 'cci_n': 112, 'cci_threshold': 180, 'en_rsi': False, 'rsi_n': 78, 'rsi_lower': 9, 'rsi_upper': 87, 'en_stochastic': True, 'stochastic_n': 61, 'stochastic_d': 50, 'stochastic_lower': 21, 'stochastic_upper': 97, 'en_mfi': True, 'mfi_n': 9, 'mfi_lower': 15, 'mfi_upper': 62, 'en_bollinger': True, 'bollinger_n': 142, 'bollinger_k': 5.0, 'en_adx': False, 'adx_n': 37, 'adx_threshold': 26, 'en_structure_trend': False, 'structure_trend_swing_l': 7, 'en_order_block': True, 'order_block_swing_l': 4, 'en_fvg': False, 'fvg_lookback': 44, 'en_ifvg': False, 'en_breaker': True, 'breaker_swing_l': 11, 'en_cisd': False, 'k': 4, 'en_cap_bars': True, 'cap_1min': 461}.
[I 2026-07-13 14:52:50,359] Trial 3742 finished with values: [5802.252831915206, -8484.915573314389, 38.85] and parameters: {'sl_soft': 0.13593750415298386, 'sl_hard_delta': 0.1710316486248411, 'tp': 0.40999301905746527, 'gate_pct': 99.47218267450155, 'dd_limit': 9.50807718589736, 'cooldown': 0, 'flip': False, 'en_ema_trend': True, 'ema_trend_fast': 84, 'ema_trend_slow': 161, 'en_sma_trend': True, 'sma_trend_fast': 353, 'sma_trend_slow': 141, 'en_macd': True, 'macd_fast': 83, 'macd_slow': 18, 'macd_signal': 82, 'en_vwap': True, 'en_keltner': False, 'keltner_n': 39, 'keltner_m': 2.6, 'en_obv': True, 'obv_slope': 30, 'en_cci': True, 'cci_n': 4, 'cci_threshold': 300, 'en_rsi': True, 'rsi_n': 31, 'rsi_lower': 15, 'rsi_upper': 89, 'en_stochastic': False, 'stochastic_n': 77, 'stochastic_d': 29, 'stochastic_lower': 23, 'stochastic_upper': 97, 'en_mfi': True, 'mfi_n': 62, 'mfi_lower': 1, 'mfi_upper': 64, 'en_bollinger': True, 'bollinger_n': 49, 'bollinger_k': 4.300000000000001, 'en_adx': False, 'adx_n': 41, 'adx_threshold': 38, 'en_structure_trend': False, 'structure_trend_swing_l': 11, 'en_order_block': False, 'order_block_swing_l': 4, 'en_fvg': True, 'fvg_lookback': 50, 'en_ifvg': False, 'en_breaker': False, 'breaker_swing_l': 5, 'en_cisd': True, 'k': 2, 'en_cap_bars': False, 'cap_1min': 1134}.
[I 2026-07-13 14:52:50,731] Trial 3743 finished with values: [364.4352567238584, -2186.1340444907282, 73.2] and parameters: {'sl_soft': 0.0878919570222958, 'sl_hard_delta': 0.19753168876145452, 'tp': 0.0668102413346753, 'gate_pct': 99.69323193425575, 'dd_limit': 9.614899803236822, 'cooldown': 2, 'flip': True, 'en_ema_trend': False, 'ema_trend_fast': 16, 'ema_trend_slow': 247, 'en_sma_trend': True, 'sma_trend_fast': 216, 'sma_trend_slow': 158, 'en_macd': True, 'macd_fast': 77, 'macd_slow': 128, 'macd_signal': 55, 'en_vwap': True, 'en_keltner': False, 'keltner_n': 113, 'keltner_m': 4.0, 'en_obv': False, 'obv_slope': 72, 'en_cci': True, 'cci_n': 48, 'cci_threshold': 130, 'en_rsi': True, 'rsi_n': 45, 'rsi_lower': 29, 'rsi_upper': 57, 'en_stochastic': False, 'stochastic_n': 27, 'stochastic_d': 29, 'stochastic_lower': 19, 'stochastic_upper': 92, 'en_mfi': False, 'mfi_n': 91, 'mfi_lower': 42, 'mfi_upper': 61, 'en_bollinger': False, 'bollinger_n': 132, 'bollinger_k': 4.6000000000000005, 'en_adx': False, 'adx_n': 20, 'adx_threshold': 7, 'en_structure_trend': False, 'structure_trend_swing_l': 18, 'en_order_block': False, 'order_block_swing_l': 9, 'en_fvg': True, 'fvg_lookback': 15, 'en_ifvg': True, 'en_breaker': False, 'breaker_swing_l': 15, 'en_cisd': False, 'k': 4, 'en_cap_bars': True, 'cap_1min': 934}.
[I 2026-07-13 14:52:51,530] Trial 3744 pruned. 
[I 2026-07-13 14:52:53,839] Trial 3745 finished with values: [2136.1746954528016, -6032.906630684031, 77.05] and parameters: {'sl_soft': 0.17833830668719855, 'sl_hard_delta': 0.34807457696003896, 'tp': 0.0859209336931621, 'gate_pct': 99.4732844060646, 'dd_limit': 4.17581929961137, 'cooldown': 0, 'flip': False, 'en_ema_trend': False, 'ema_trend_fast': 97, 'ema_trend_slow': 212, 'en_sma_trend': True, 'sma_trend_fast': 182, 'sma_trend_slow': 50, 'en_macd': True, 'macd_fast': 6, 'macd_slow': 157, 'macd_signal': 98, 'en_vwap': False, 'en_keltner': False, 'keltner_n': 102, 'keltner_m': 0.7, 'en_obv': True, 'obv_slope': 161, 'en_cci': True, 'cci_n': 172, 'cci_threshold': 245, 'en_rsi': False, 'rsi_n': 25, 'rsi_lower': 4, 'rsi_upper': 90, 'en_stochastic': False, 'stochastic_n': 72, 'stochastic_d': 49, 'stochastic_lower': 21, 'stochastic_upper': 78, 'en_mfi': True, 'mfi_n': 54, 'mfi_lower': 49, 'mfi_upper': 78, 'en_bollinger': True, 'bollinger_n': 171, 'bollinger_k': 4.7, 'en_adx': False, 'adx_n': 11, 'adx_threshold': 40, 'en_structure_trend': True, 'structure_trend_swing_l': 13, 'en_order_block': True, 'order_block_swing_l': 18, 'en_fvg': True, 'fvg_lookback': 47, 'en_ifvg': False, 'en_breaker': False, 'breaker_swing_l': 10, 'en_cisd': False, 'k': 4, 'en_cap_bars': False, 'cap_1min': 436}.
[I 2026-07-13 14:52:54,176] Trial 3746 pruned. 
[I 2026-07-13 14:52:57,344] Trial 3747 finished with values: [1189.4803943247468, -4393.052543817219, 21.1] and parameters: {'sl_soft': 0.07495145835141874, 'sl_hard_delta': 0.018770643401268352, 'tp': 0.39000122297835543, 'gate_pct': 98.58299891691806, 'dd_limit': 5.196387599591654, 'cooldown': 2, 'flip': False, 'en_ema_trend': False, 'ema_trend_fast': 197, 'ema_trend_slow': 2, 'en_sma_trend': False, 'sma_trend_fast': 360, 'sma_trend_slow': 265, 'en_macd': True, 'macd_fast': 20, 'macd_slow': 36, 'macd_signal': 18, 'en_vwap': True, 'en_keltner': True, 'keltner_n': 146, 'keltner_m': 3.1, 'en_obv': True, 'obv_slope': 18, 'en_cci': False, 'cci_n': 165, 'cci_threshold': 75, 'en_rsi': False, 'rsi_n': 100, 'rsi_lower': 43, 'rsi_upper': 64, 'en_stochastic': False, 'stochastic_n': 78, 'stochastic_d': 2, 'stochastic_lower': 20, 'stochastic_upper': 57, 'en_mfi': False, 'mfi_n': 11, 'mfi_lower': 45, 'mfi_upper': 75, 'en_bollinger': False, 'bollinger_n': 56, 'bollinger_k': 3.3000000000000003, 'en_adx': False, 'adx_n': 59, 'adx_threshold': 5, 'en_structure_trend': True, 'structure_trend_swing_l': 9, 'en_order_block': True, 'order_block_swing_l': 13, 'en_fvg': True, 'fvg_lookback': 24, 'en_ifvg': True, 'en_breaker': False, 'breaker_swing_l': 8, 'en_cisd': False, 'k': 3, 'en_cap_bars': False, 'cap_1min': 591}.
