[I 2026-07-13 15:11:19,345] Trial 4936 finished with values: [10985.61086851907, -6802.84677675605, 58.55] and parameters: {'sl_soft': 0.29406552811412545, 'sl_hard_delta': 0.26350679747876377, 'tp': 0.3322153223243982, 'gate_pct': 98.58299891691806, 'dd_limit': 4.1596678535630165, 'cooldown': 1, 'flip': False, 'en_ema_trend': False, 'ema_trend_fast': 149, 'ema_trend_slow': 161, 'en_sma_trend': True, 'sma_trend_fast': 10, 'sma_trend_slow': 22, 'en_macd': True, 'macd_fast': 11, 'macd_slow': 23, 'macd_signal': 71, 'en_vwap': True, 'en_keltner': True, 'keltner_n': 46, 'keltner_m': 0.9, 'en_obv': True, 'obv_slope': 171, 'en_cci': False, 'cci_n': 86, 'cci_threshold': 50, 'en_rsi': False, 'rsi_n': 93, 'rsi_lower': 46, 'rsi_upper': 91, 'en_stochastic': False, 'stochastic_n': 95, 'stochastic_d': 5, 'stochastic_lower': 42, 'stochastic_upper': 98, 'en_mfi': False, 'mfi_n': 51, 'mfi_lower': 22, 'mfi_upper': 99, 'en_bollinger': False, 'bollinger_n': 33, 'bollinger_k': 2.3, 'en_adx': False, 'adx_n': 59, 'adx_threshold': 43, 'en_structure_trend': False, 'structure_trend_swing_l': 16, 'en_order_block': True, 'order_block_swing_l': 19, 'en_fvg': True, 'fvg_lookback': 34, 'en_ifvg': False, 'en_breaker': True, 'breaker_swing_l': 13, 'en_cisd': True, 'k': 5, 'en_cap_bars': False, 'cap_1min': 1250}.
[I 2026-07-13 15:11:19,589] Trial 4937 finished with values: [4524.99059349451, -4771.075492141179, 75.0] and parameters: {'sl_soft': 0.29406552811412545, 'sl_hard_delta': 0.22514957031411884, 'tp': 0.18794754780847972, 'gate_pct': 98.58299891691806, 'dd_limit': 4.1596678535630165, 'cooldown': 1, 'flip': False, 'en_ema_trend': False, 'ema_trend_fast': 222, 'ema_trend_slow': 161, 'en_sma_trend': False, 'sma_trend_fast': 10, 'sma_trend_slow': 22, 'en_macd': False, 'macd_fast': 11, 'macd_slow': 23, 'macd_signal': 85, 'en_vwap': True, 'en_keltner': True, 'keltner_n': 46, 'keltner_m': 2.3, 'en_obv': True, 'obv_slope': 161, 'en_cci': False, 'cci_n': 86, 'cci_threshold': 140, 'en_rsi': False, 'rsi_n': 93, 'rsi_lower': 46, 'rsi_upper': 66, 'en_stochastic': False, 'stochastic_n': 95, 'stochastic_d': 5, 'stochastic_lower': 42, 'stochastic_upper': 57, 'en_mfi': False, 'mfi_n': 58, 'mfi_lower': 3, 'mfi_upper': 99, 'en_bollinger': False, 'bollinger_n': 37, 'bollinger_k': 4.5, 'en_adx': False, 'adx_n': 59, 'adx_threshold': 43, 'en_structure_trend': False, 'structure_trend_swing_l': 16, 'en_order_block': True, 'order_block_swing_l': 19, 'en_fvg': True, 'fvg_lookback': 3, 'en_ifvg': False, 'en_breaker': True, 'breaker_swing_l': 13, 'en_cisd': True, 'k': 5, 'en_cap_bars': False, 'cap_1min': 1250}.
[I 2026-07-13 15:11:19,817] Trial 4938 finished with values: [6711.692942211495, -5740.1523276983135, 73.25] and parameters: {'sl_soft': 0.29406552811412545, 'sl_hard_delta': 0.22514957031411884, 'tp': 0.15809231644429605, 'gate_pct': 98.72479828405353, 'dd_limit': 3.177401405918999, 'cooldown': 1, 'flip': False, 'en_ema_trend': False, 'ema_trend_fast': 302, 'ema_trend_slow': 161, 'en_sma_trend': False, 'sma_trend_fast': 397, 'sma_trend_slow': 22, 'en_macd': False, 'macd_fast': 11, 'macd_slow': 145, 'macd_signal': 71, 'en_vwap': True, 'en_keltner': True, 'keltner_n': 126, 'keltner_m': 0.9, 'en_obv': True, 'obv_slope': 61, 'en_cci': True, 'cci_n': 86, 'cci_threshold': 30, 'en_rsi': False, 'rsi_n': 93, 'rsi_lower': 43, 'rsi_upper': 66, 'en_stochastic': False, 'stochastic_n': 95, 'stochastic_d': 28, 'stochastic_lower': 40, 'stochastic_upper': 57, 'en_mfi': False, 'mfi_n': 10, 'mfi_lower': 3, 'mfi_upper': 99, 'en_bollinger': False, 'bollinger_n': 124, 'bollinger_k': 4.5, 'en_adx': False, 'adx_n': 59, 'adx_threshold': 43, 'en_structure_trend': False, 'structure_trend_swing_l': 16, 'en_order_block': True, 'order_block_swing_l': 19, 'en_fvg': True, 'fvg_lookback': 2, 'en_ifvg': False, 'en_breaker': True, 'breaker_swing_l': 19, 'en_cisd': True, 'k': 5, 'en_cap_bars': False, 'cap_1min': 1250}.
[I 2026-07-13 15:11:20,053] Trial 4939 pruned. 
[I 2026-07-13 15:11:20,350] Trial 4940 finished with values: [3751.5008533189766, -7574.072236430284, 70.0] and parameters: {'sl_soft': 0.29406552811412545, 'sl_hard_delta': 0.22514957031411884, 'tp': 0.15809231644429605, 'gate_pct': 98.72479828405353, 'dd_limit': 3.177401405918999, 'cooldown': 1, 'flip': False, 'en_ema_trend': True, 'ema_trend_fast': 149, 'ema_trend_slow': 161, 'en_sma_trend': False, 'sma_trend_fast': 397, 'sma_trend_slow': 65, 'en_macd': False, 'macd_fast': 11, 'macd_slow': 147, 'macd_signal': 18, 'en_vwap': True, 'en_keltner': True, 'keltner_n': 126, 'keltner_m': 1.3, 'en_obv': True, 'obv_slope': 61, 'en_cci': True, 'cci_n': 56, 'cci_threshold': 250, 'en_rsi': False, 'rsi_n': 10, 'rsi_lower': 35, 'rsi_upper': 59, 'en_stochastic': False, 'stochastic_n': 86, 'stochastic_d': 16, 'stochastic_lower': 42, 'stochastic_upper': 57, 'en_mfi': False, 'mfi_n': 10, 'mfi_lower': 3, 'mfi_upper': 99, 'en_bollinger': False, 'bollinger_n': 56, 'bollinger_k': 4.5, 'en_adx': False, 'adx_n': 53, 'adx_threshold': 57, 'en_structure_trend': False, 'structure_trend_swing_l': 16, 'en_order_block': True, 'order_block_swing_l': 19, 'en_fvg': True, 'fvg_lookback': 3, 'en_ifvg': False, 'en_breaker': False, 'breaker_swing_l': 2, 'en_cisd': True, 'k': 5, 'en_cap_bars': False, 'cap_1min': 577}.
[I 2026-07-13 15:11:20,730] Trial 4941 finished with values: [10388.041563720504, -4149.435193710219, 80.19999999999999] and parameters: {'sl_soft': 0.29406552811412545, 'sl_hard_delta': 0.26350679747876377, 'tp': 0.18794754780847972, 'gate_pct': 98.58299891691806, 'dd_limit': 4.1596678535630165, 'cooldown': 1, 'flip': False, 'en_ema_trend': False, 'ema_trend_fast': 149, 'ema_trend_slow': 11, 'en_sma_trend': False, 'sma_trend_fast': 397, 'sma_trend_slow': 13, 'en_macd': True, 'macd_fast': 11, 'macd_slow': 23, 'macd_signal': 71, 'en_vwap': True, 'en_keltner': True, 'keltner_n': 37, 'keltner_m': 2.3, 'en_obv': True, 'obv_slope': 184, 'en_cci': True, 'cci_n': 86, 'cci_threshold': 250, 'en_rsi': False, 'rsi_n': 93, 'rsi_lower': 46, 'rsi_upper': 91, 'en_stochastic': False, 'stochastic_n': 95, 'stochastic_d': 5, 'stochastic_lower': 42, 'stochastic_upper': 98, 'en_mfi': False, 'mfi_n': 58, 'mfi_lower': 45, 'mfi_upper': 99, 'en_bollinger': False, 'bollinger_n': 33, 'bollinger_k': 2.3, 'en_adx': False, 'adx_n': 59, 'adx_threshold': 18, 'en_structure_trend': False, 'structure_trend_swing_l': 16, 'en_order_block': True, 'order_block_swing_l': 19, 'en_fvg': True, 'fvg_lookback': 3, 'en_ifvg': False, 'en_breaker': True, 'breaker_swing_l': 13, 'en_cisd': True, 'k': 5, 'en_cap_bars': False, 'cap_1min': 1250}.
[I 2026-07-13 15:11:22,888] Trial 4942 finished with values: [7189.501137758629, -11230.353808342812, 70.55] and parameters: {'sl_soft': 0.29406552811412545, 'sl_hard_delta': 0.26350679747876377, 'tp': 0.15809231644429605, 'gate_pct': 98.72479828405353, 'dd_limit': 3.177401405918999, 'cooldown': 1, 'flip': False, 'en_ema_trend': False, 'ema_trend_fast': 195, 'ema_trend_slow': 34, 'en_sma_trend': False, 'sma_trend_fast': 397, 'sma_trend_slow': 22, 'en_macd': True, 'macd_fast': 25, 'macd_slow': 23, 'macd_signal': 18, 'en_vwap': True, 'en_keltner': True, 'keltner_n': 126, 'keltner_m': 0.9, 'en_obv': True, 'obv_slope': 61, 'en_cci': True, 'cci_n': 20, 'cci_threshold': 250, 'en_rsi': True, 'rsi_n': 74, 'rsi_lower': 43, 'rsi_upper': 72, 'en_stochastic': False, 'stochastic_n': 86, 'stochastic_d': 5, 'stochastic_lower': 42, 'stochastic_upper': 89, 'en_mfi': False, 'mfi_n': 10, 'mfi_lower': 3, 'mfi_upper': 99, 'en_bollinger': False, 'bollinger_n': 99, 'bollinger_k': 4.5, 'en_adx': False, 'adx_n': 53, 'adx_threshold': 43, 'en_structure_trend': False, 'structure_trend_swing_l': 15, 'en_order_block': True, 'order_block_swing_l': 19, 'en_fvg': True, 'fvg_lookback': 3, 'en_ifvg': False, 'en_breaker': False, 'breaker_swing_l': 7, 'en_cisd': True, 'k': 5, 'en_cap_bars': False, 'cap_1min': 1250}.
[I 2026-07-13 15:11:23,240] Trial 4943 finished with values: [5040.308195547069, -4962.861627964372, 85.55] and parameters: {'sl_soft': 0.29406552811412545, 'sl_hard_delta': 0.26350679747876377, 'tp': 0.15809231644429605, 'gate_pct': 97.87184393359011, 'dd_limit': 3.177401405918999, 'cooldown': 1, 'flip': False, 'en_ema_trend': False, 'ema_trend_fast': 149, 'ema_trend_slow': 161, 'en_sma_trend': False, 'sma_trend_fast': 397, 'sma_trend_slow': 22, 'en_macd': False, 'macd_fast': 11, 'macd_slow': 23, 'macd_signal': 71, 'en_vwap': True, 'en_keltner': True, 'keltner_n': 46, 'keltner_m': 2.3, 'en_obv': True, 'obv_slope': 61, 'en_cci': False, 'cci_n': 20, 'cci_threshold': 290, 'en_rsi': False, 'rsi_n': 93, 'rsi_lower': 46, 'rsi_upper': 54, 'en_stochastic': False, 'stochastic_n': 86, 'stochastic_d': 5, 'stochastic_lower': 40, 'stochastic_upper': 96, 'en_mfi': False, 'mfi_n': 10, 'mfi_lower': 3, 'mfi_upper': 99, 'en_bollinger': False, 'bollinger_n': 99, 'bollinger_k': 4.5, 'en_adx': False, 'adx_n': 59, 'adx_threshold': 43, 'en_structure_trend': False, 'structure_trend_swing_l': 15, 'en_order_block': True, 'order_block_swing_l': 19, 'en_fvg': True, 'fvg_lookback': 34, 'en_ifvg': False, 'en_breaker': True, 'breaker_swing_l': 13, 'en_cisd': True, 'k': 5, 'en_cap_bars': False, 'cap_1min': 577}.
[I 2026-07-13 15:11:23,731] Trial 4944 finished with values: [11857.434716603697, -6536.573565745839, 73.0] and parameters: {'sl_soft': 0.29406552811412545, 'sl_hard_delta': 0.26350679747876377, 'tp': 0.18794754780847972, 'gate_pct': 98.58299891691806, 'dd_limit': 3.177401405918999, 'cooldown': 1, 'flip': False, 'en_ema_trend': False, 'ema_trend_fast': 302, 'ema_trend_slow': 161, 'en_sma_trend': False, 'sma_trend_fast': 397, 'sma_trend_slow': 22, 'en_macd': True, 'macd_fast': 11, 'macd_slow': 23, 'macd_signal': 71, 'en_vwap': True, 'en_keltner': True, 'keltner_n': 37, 'keltner_m': 1.3, 'en_obv': True, 'obv_slope': 61, 'en_cci': True, 'cci_n': 56, 'cci_threshold': 50, 'en_rsi': False, 'rsi_n': 93, 'rsi_lower': 46, 'rsi_upper': 72, 'en_stochastic': False, 'stochastic_n': 46, 'stochastic_d': 28, 'stochastic_lower': 42, 'stochastic_upper': 57, 'en_mfi': False, 'mfi_n': 10, 'mfi_lower': 45, 'mfi_upper': 99, 'en_bollinger': False, 'bollinger_n': 56, 'bollinger_k': 4.5, 'en_adx': False, 'adx_n': 59, 'adx_threshold': 18, 'en_structure_trend': False, 'structure_trend_swing_l': 2, 'en_order_block': True, 'order_block_swing_l': 19, 'en_fvg': True, 'fvg_lookback': 34, 'en_ifvg': False, 'en_breaker': False, 'breaker_swing_l': 13, 'en_cisd': True, 'k': 5, 'en_cap_bars': False, 'cap_1min': 1250}.
[I 2026-07-13 15:11:24,114] Trial 4945 finished with values: [9270.410433241774, -4695.52452191518, 77.05] and parameters: {'sl_soft': 0.29406552811412545, 'sl_hard_delta': 0.26350679747876377, 'tp': 0.18794754780847972, 'gate_pct': 98.72479828405353, 'dd_limit': 4.1596678535630165, 'cooldown': 1, 'flip': False, 'en_ema_trend': False, 'ema_trend_fast': 302, 'ema_trend_slow': 377, 'en_sma_trend': False, 'sma_trend_fast': 397, 'sma_trend_slow': 22, 'en_macd': True, 'macd_fast': 11, 'macd_slow': 23, 'macd_signal': 18, 'en_vwap': True, 'en_keltner': True, 'keltner_n': 37, 'keltner_m': 1.3, 'en_obv': True, 'obv_slope': 61, 'en_cci': True, 'cci_n': 56, 'cci_threshold': 250, 'en_rsi': False, 'rsi_n': 93, 'rsi_lower': 46, 'rsi_upper': 66, 'en_stochastic': False, 'stochastic_n': 95, 'stochastic_d': 5, 'stochastic_lower': 42, 'stochastic_upper': 57, 'en_mfi': False, 'mfi_n': 10, 'mfi_lower': 3, 'mfi_upper': 99, 'en_bollinger': False, 'bollinger_n': 149, 'bollinger_k': 4.5, 'en_adx': False, 'adx_n': 18, 'adx_threshold': 43, 'en_structure_trend': False, 'structure_trend_swing_l': 16, 'en_order_block': True, 'order_block_swing_l': 19, 'en_fvg': True, 'fvg_lookback': 3, 'en_ifvg': False, 'en_breaker': True, 'breaker_swing_l': 19, 'en_cisd': True, 'k': 5, 'en_cap_bars': False, 'cap_1min': 577}.
[I 2026-07-13 15:11:24,398] Trial 4946 finished with values: [-5935.999146681113, -26306.091794470904, 61.0] and parameters: {'sl_soft': 0.29406552811412545, 'sl_hard_delta': 0.26350679747876377, 'tp': 0.15809231644429605, 'gate_pct': 98.72479828405353, 'dd_limit': 3.177401405918999, 'cooldown': 1, 'flip': True, 'en_ema_trend': False, 'ema_trend_fast': 149, 'ema_trend_slow': 161, 'en_sma_trend': True, 'sma_trend_fast': 10, 'sma_trend_slow': 22, 'en_macd': True, 'macd_fast': 11, 'macd_slow': 23, 'macd_signal': 71, 'en_vwap': True, 'en_keltner': True, 'keltner_n': 46, 'keltner_m': 0.9, 'en_obv': True, 'obv_slope': 61, 'en_cci': False, 'cci_n': 20, 'cci_threshold': 50, 'en_rsi': False, 'rsi_n': 25, 'rsi_lower': 46, 'rsi_upper': 72, 'en_stochastic': False, 'stochastic_n': 46, 'stochastic_d': 5, 'stochastic_lower': 42, 'stochastic_upper': 96, 'en_mfi': False, 'mfi_n': 58, 'mfi_lower': 45, 'mfi_upper': 99, 'en_bollinger': False, 'bollinger_n': 99, 'bollinger_k': 4.5, 'en_adx': False, 'adx_n': 59, 'adx_threshold': 40, 'en_structure_trend': False, 'structure_trend_swing_l': 9, 'en_order_block': True, 'order_block_swing_l': 19, 'en_fvg': True, 'fvg_lookback': 34, 'en_ifvg': False, 'en_breaker': True, 'breaker_swing_l': 13, 'en_cisd': True, 'k': 5, 'en_cap_bars': True, 'cap_1min': 577}.
[I 2026-07-13 15:11:24,776] Trial 4947 finished with values: [6581.4013535836575, -7183.245805749794, 78.55] and parameters: {'sl_soft': 0.29406552811412545, 'sl_hard_delta': 0.26350679747876377, 'tp': 0.15809231644429605, 'gate_pct': 98.58299891691806, 'dd_limit': 3.177401405918999, 'cooldown': 1, 'flip': False, 'en_ema_trend': False, 'ema_trend_fast': 302, 'ema_trend_slow': 377, 'en_sma_trend': True, 'sma_trend_fast': 397, 'sma_trend_slow': 22, 'en_macd': True, 'macd_fast': 11, 'macd_slow': 23, 'macd_signal': 18, 'en_vwap': True, 'en_keltner': True, 'keltner_n': 126, 'keltner_m': 2.3, 'en_obv': True, 'obv_slope': 61, 'en_cci': True, 'cci_n': 67, 'cci_threshold': 250, 'en_rsi': False, 'rsi_n': 10, 'rsi_lower': 35, 'rsi_upper': 59, 'en_stochastic': False, 'stochastic_n': 95, 'stochastic_d': 28, 'stochastic_lower': 42, 'stochastic_upper': 83, 'en_mfi': False, 'mfi_n': 19, 'mfi_lower': 45, 'mfi_upper': 99, 'en_bollinger': False, 'bollinger_n': 33, 'bollinger_k': 4.5, 'en_adx': False, 'adx_n': 53, 'adx_threshold': 40, 'en_structure_trend': False, 'structure_trend_swing_l': 16, 'en_order_block': True, 'order_block_swing_l': 19, 'en_fvg': True, 'fvg_lookback': 34, 'en_ifvg': False, 'en_breaker': True, 'breaker_swing_l': 10, 'en_cisd': False, 'k': 5, 'en_cap_bars': True, 'cap_1min': 577}.
[I 2026-07-13 15:11:25,039] Trial 4948 finished with values: [13312.034256897095, -6802.846776756049, 61.8] and parameters: {'sl_soft': 0.29406552811412545, 'sl_hard_delta': 0.26350679747876377, 'tp': 0.3322153223243982, 'gate_pct': 98.58299891691806, 'dd_limit': 1.741298081599102, 'cooldown': 1, 'flip': False, 'en_ema_trend': False, 'ema_trend_fast': 149, 'ema_trend_slow': 161, 'en_sma_trend': True, 'sma_trend_fast': 10, 'sma_trend_slow': 22, 'en_macd': True, 'macd_fast': 11, 'macd_slow': 23, 'macd_signal': 71, 'en_vwap': True, 'en_keltner': True, 'keltner_n': 46, 'keltner_m': 0.9, 'en_obv': True, 'obv_slope': 61, 'en_cci': False, 'cci_n': 86, 'cci_threshold': 50, 'en_rsi': False, 'rsi_n': 93, 'rsi_lower': 46, 'rsi_upper': 91, 'en_stochastic': False, 'stochastic_n': 95, 'stochastic_d': 46, 'stochastic_lower': 42, 'stochastic_upper': 98, 'en_mfi': False, 'mfi_n': 58, 'mfi_lower': 45, 'mfi_upper': 99, 'en_bollinger': False, 'bollinger_n': 33, 'bollinger_k': 2.3, 'en_adx': False, 'adx_n': 59, 'adx_threshold': 43, 'en_structure_trend': False, 'structure_trend_swing_l': 16, 'en_order_block': True, 'order_block_swing_l': 19, 'en_fvg': True, 'fvg_lookback': 34, 'en_ifvg': False, 'en_breaker': True, 'breaker_swing_l': 13, 'en_cisd': True, 'k': 5, 'en_cap_bars': False, 'cap_1min': 1250}.
[I 2026-07-13 15:11:25,322] Trial 4949 finished with values: [2498.6926577718546, -6128.305998812493, 79.2] and parameters: {'sl_soft': 0.29406552811412545, 'sl_hard_delta': 0.22514957031411884, 'tp': 0.15809231644429605, 'gate_pct': 98.58299891691806, 'dd_limit': 9.250113646206513, 'cooldown': 1, 'flip': False, 'en_ema_trend': False, 'ema_trend_fast': 195, 'ema_trend_slow': 161, 'en_sma_trend': False, 'sma_trend_fast': 397, 'sma_trend_slow': 22, 'en_macd': True, 'macd_fast': 11, 'macd_slow': 23, 'macd_signal': 45, 'en_vwap': False, 'en_keltner': True, 'keltner_n': 37, 'keltner_m': 0.8, 'en_obv': True, 'obv_slope': 61, 'en_cci': False, 'cci_n': 56, 'cci_threshold': 250, 'en_rsi': False, 'rsi_n': 74, 'rsi_lower': 35, 'rsi_upper': 59, 'en_stochastic': False, 'stochastic_n': 86, 'stochastic_d': 28, 'stochastic_lower': 2, 'stochastic_upper': 91, 'en_mfi': False, 'mfi_n': 10, 'mfi_lower': 5, 'mfi_upper': 99, 'en_bollinger': False, 'bollinger_n': 37, 'bollinger_k': 4.5, 'en_adx': False, 'adx_n': 53, 'adx_threshold': 18, 'en_structure_trend': False, 'structure_trend_swing_l': 16, 'en_order_block': True, 'order_block_swing_l': 19, 'en_fvg': True, 'fvg_lookback': 34, 'en_ifvg': False, 'en_breaker': False, 'breaker_swing_l': 2, 'en_cisd': True, 'k': 5, 'en_cap_bars': True, 'cap_1min': 577}.
[I 2026-07-13 15:11:25,458] Trial 4950 pruned. 
[I 2026-07-13 15:11:27,245] Trial 4951 finished with values: [7860.670278033303, -6602.322641306775, 83.55] and parameters: {'sl_soft': 0.29406552811412545, 'sl_hard_delta': 0.26350679747876377, 'tp': 0.15809231644429605, 'gate_pct': 98.58299891691806, 'dd_limit': 4.1596678535630165, 'cooldown': 1, 'flip': False, 'en_ema_trend': False, 'ema_trend_fast': 302, 'ema_trend_slow': 161, 'en_sma_trend': True, 'sma_trend_fast': 397, 'sma_trend_slow': 22, 'en_macd': True, 'macd_fast': 11, 'macd_slow': 145, 'macd_signal': 18, 'en_vwap': True, 'en_keltner': True, 'keltner_n': 46, 'keltner_m': 3.6, 'en_obv': True, 'obv_slope': 61, 'en_cci': True, 'cci_n': 56, 'cci_threshold': 250, 'en_rsi': False, 'rsi_n': 74, 'rsi_lower': 46, 'rsi_upper': 66, 'en_stochastic': False, 'stochastic_n': 46, 'stochastic_d': 28, 'stochastic_lower': 40, 'stochastic_upper': 91, 'en_mfi': False, 'mfi_n': 12, 'mfi_lower': 45, 'mfi_upper': 99, 'en_bollinger': False, 'bollinger_n': 37, 'bollinger_k': 4.5, 'en_adx': False, 'adx_n': 53, 'adx_threshold': 43, 'en_structure_trend': False, 'structure_trend_swing_l': 16, 'en_order_block': True, 'order_block_swing_l': 19, 'en_fvg': True, 'fvg_lookback': 3, 'en_ifvg': False, 'en_breaker': True, 'breaker_swing_l': 13, 'en_cisd': False, 'k': 5, 'en_cap_bars': True, 'cap_1min': 826}.
[I 2026-07-13 15:11:27,565] Trial 4952 finished with values: [6342.9266017647205, -6835.536505483617, 76.55] and parameters: {'sl_soft': 0.29406552811412545, 'sl_hard_delta': 0.22514957031411884, 'tp': 0.15809231644429605, 'gate_pct': 98.58299891691806, 'dd_limit': 4.1596678535630165, 'cooldown': 1, 'flip': False, 'en_ema_trend': False, 'ema_trend_fast': 302, 'ema_trend_slow': 377, 'en_sma_trend': False, 'sma_trend_fast': 397, 'sma_trend_slow': 22, 'en_macd': True, 'macd_fast': 11, 'macd_slow': 23, 'macd_signal': 71, 'en_vwap': True, 'en_keltner': True, 'keltner_n': 126, 'keltner_m': 2.3, 'en_obv': True, 'obv_slope': 61, 'en_cci': True, 'cci_n': 86, 'cci_threshold': 140, 'en_rsi': False, 'rsi_n': 74, 'rsi_lower': 46, 'rsi_upper': 72, 'en_stochastic': False, 'stochastic_n': 86, 'stochastic_d': 28, 'stochastic_lower': 40, 'stochastic_upper': 89, 'en_mfi': False, 'mfi_n': 58, 'mfi_lower': 3, 'mfi_upper': 99, 'en_bollinger': False, 'bollinger_n': 149, 'bollinger_k': 4.5, 'en_adx': False, 'adx_n': 58, 'adx_threshold': 54, 'en_structure_trend': False, 'structure_trend_swing_l': 16, 'en_order_block': True, 'order_block_swing_l': 19, 'en_fvg': True, 'fvg_lookback': 34, 'en_ifvg': False, 'en_breaker': False, 'breaker_swing_l': 19, 'en_cisd': True, 'k': 5, 'en_cap_bars': False, 'cap_1min': 1250}.
[I 2026-07-13 15:11:27,884] Trial 4953 finished with values: [7866.962435540401, -8084.217782083629, 73.45] and parameters: {'sl_soft': 0.23669193006250272, 'sl_hard_delta': 0.26350679747876377, 'tp': 0.15809231644429605, 'gate_pct': 98.72479828405353, 'dd_limit': 3.177401405918999, 'cooldown': 1, 'flip': False, 'en_ema_trend': False, 'ema_trend_fast': 149, 'ema_trend_slow': 161, 'en_sma_trend': True, 'sma_trend_fast': 10, 'sma_trend_slow': 22, 'en_macd': True, 'macd_fast': 11, 'macd_slow': 23, 'macd_signal': 71, 'en_vwap': True, 'en_keltner': True, 'keltner_n': 46, 'keltner_m': 0.9, 'en_obv': True, 'obv_slope': 61, 'en_cci': False, 'cci_n': 20, 'cci_threshold': 50, 'en_rsi': False, 'rsi_n': 25, 'rsi_lower': 46, 'rsi_upper': 72, 'en_stochastic': False, 'stochastic_n': 46, 'stochastic_d': 5, 'stochastic_lower': 42, 'stochastic_upper': 96, 'en_mfi': False, 'mfi_n': 58, 'mfi_lower': 45, 'mfi_upper': 99, 'en_bollinger': False, 'bollinger_n': 99, 'bollinger_k': 4.5, 'en_adx': False, 'adx_n': 59, 'adx_threshold': 40, 'en_structure_trend': False, 'structure_trend_swing_l': 2, 'en_order_block': True, 'order_block_swing_l': 19, 'en_fvg': True, 'fvg_lookback': 34, 'en_ifvg': False, 'en_breaker': True, 'breaker_swing_l': 13, 'en_cisd': True, 'k': 5, 'en_cap_bars': True, 'cap_1min': 577}.
