[I 2026-07-13 14:37:33,498] Trial 3096 pruned. 
[I 2026-07-13 14:37:34,420] Trial 3097 pruned. 
[I 2026-07-13 14:37:35,593] Trial 3098 pruned. 
[I 2026-07-13 14:37:35,969] Trial 3099 pruned. 
[I 2026-07-13 14:37:36,646] Trial 3100 pruned. 
[I 2026-07-13 14:37:37,246] Trial 3101 pruned. 
[I 2026-07-13 14:37:37,875] Trial 3102 pruned. 
[I 2026-07-13 14:37:40,355] Trial 3103 pruned. 
[I 2026-07-13 14:37:41,891] Trial 3104 pruned. 
[I 2026-07-13 14:37:42,406] Trial 3105 pruned. 
[I 2026-07-13 14:37:44,197] Trial 3106 pruned. 
[I 2026-07-13 14:37:44,784] Trial 3107 pruned. 
[I 2026-07-13 14:37:45,717] Trial 3108 pruned. 
[I 2026-07-13 14:37:46,534] Trial 3109 pruned. 
[I 2026-07-13 14:37:47,414] Trial 3110 pruned. 
[I 2026-07-13 14:37:48,504] Trial 3111 pruned. 
[I 2026-07-13 14:37:49,085] Trial 3112 pruned. 
[I 2026-07-13 14:37:49,559] Trial 3113 pruned. 
[I 2026-07-13 14:37:50,751] Trial 3114 pruned. 
[I 2026-07-13 14:37:52,267] Trial 3115 pruned. 
[I 2026-07-13 14:37:52,737] Trial 3116 pruned. 
[I 2026-07-13 14:37:54,374] Trial 3117 pruned. 
[I 2026-07-13 14:37:54,964] Trial 3118 pruned. 
[I 2026-07-13 14:37:56,096] Trial 3119 pruned. 
[I 2026-07-13 14:37:56,608] Trial 3120 pruned. 
[I 2026-07-13 14:37:57,635] Trial 3121 pruned. 
[I 2026-07-13 14:37:58,713] Trial 3122 pruned. 
[I 2026-07-13 14:37:59,677] Trial 3123 pruned. 
[I 2026-07-13 14:38:00,710] Trial 3124 pruned. 
[I 2026-07-13 14:38:02,012] Trial 3125 pruned. 
[I 2026-07-13 14:38:03,377] Trial 3126 pruned. 
[I 2026-07-13 14:38:04,185] Trial 3127 pruned. 
[I 2026-07-13 14:38:06,817] Trial 3128 pruned. 
[I 2026-07-13 14:38:07,359] Trial 3129 pruned. 
[I 2026-07-13 14:38:08,296] Trial 3130 pruned. 
[I 2026-07-13 14:38:08,922] Trial 3131 pruned. 
[I 2026-07-13 14:38:10,043] Trial 3132 pruned. 
[I 2026-07-13 14:38:10,925] Trial 3133 pruned. 
[I 2026-07-13 14:38:12,804] Trial 3134 pruned. 
[I 2026-07-13 14:38:13,924] Trial 3135 pruned. 
[I 2026-07-13 14:38:15,268] Trial 3136 pruned. 
[I 2026-07-13 14:38:16,263] Trial 3137 pruned. 
[I 2026-07-13 14:38:17,573] Trial 3138 pruned. 
[I 2026-07-13 14:38:18,607] Trial 3139 pruned. 
[I 2026-07-13 14:38:20,637] Trial 3140 pruned. 
[I 2026-07-13 14:38:22,409] Trial 3141 pruned. 
[I 2026-07-13 14:38:23,650] Trial 3142 pruned. 
[I 2026-07-13 14:38:24,730] Trial 3143 pruned. 
[I 2026-07-13 14:38:25,207] Trial 3144 pruned. 
[I 2026-07-13 14:38:26,332] Trial 3145 pruned. 
[I 2026-07-13 14:38:28,192] Trial 3146 pruned. 
[I 2026-07-13 14:38:28,808] Trial 3147 pruned. 
[I 2026-07-13 14:38:31,347] Trial 3148 pruned. 
[I 2026-07-13 14:38:32,113] Trial 3149 pruned. 
[I 2026-07-13 14:38:32,988] Trial 3150 pruned. 
[I 2026-07-13 14:38:33,474] Trial 3151 pruned. 
[I 2026-07-13 14:38:41,332] Trial 3152 finished with values: [-1106.064086069142, -7829.948103421493, 50.6] and parameters: {'sl_soft': 0.14985792140800427, 'sl_hard_delta': 0.24400148779376787, 'tp': 0.18069857586512675, 'gate_pct': 98.11348314618391, 'dd_limit': 8.444088585034967, 'cooldown': 0, 'flip': False, 'en_ema_trend': True, 'ema_trend_fast': 286, 'ema_trend_slow': 153, 'en_sma_trend': True, 'sma_trend_fast': 225, 'sma_trend_slow': 333, 'en_macd': True, 'macd_fast': 19, 'macd_slow': 51, 'macd_signal': 85, 'en_vwap': True, 'en_keltner': False, 'keltner_n': 182, 'keltner_m': 4.1, 'en_obv': False, 'obv_slope': 9, 'en_cci': False, 'cci_n': 82, 'cci_threshold': 160, 'en_rsi': True, 'rsi_n': 17, 'rsi_lower': 31, 'rsi_upper': 87, 'en_stochastic': False, 'stochastic_n': 19, 'stochastic_d': 5, 'stochastic_lower': 11, 'stochastic_upper': 62, 'en_mfi': True, 'mfi_n': 45, 'mfi_lower': 24, 'mfi_upper': 84, 'en_bollinger': False, 'bollinger_n': 200, 'bollinger_k': 1.9000000000000001, 'en_adx': True, 'adx_n': 2, 'adx_threshold': 55, 'en_structure_trend': False, 'structure_trend_swing_l': 3, 'en_order_block': True, 'order_block_swing_l': 17, 'en_fvg': False, 'fvg_lookback': 48, 'en_ifvg': False, 'en_breaker': False, 'breaker_swing_l': 11, 'en_cisd': True, 'k': 1, 'en_cap_bars': False, 'cap_1min': 1023}.
[I 2026-07-13 14:38:42,441] Trial 3153 pruned. 
[I 2026-07-13 14:38:44,419] Trial 3154 pruned. 
[I 2026-07-13 14:38:46,059] Trial 3155 pruned. 
[I 2026-07-13 14:38:47,269] Trial 3156 pruned. 
[I 2026-07-13 14:38:48,327] Trial 3157 pruned. 
[I 2026-07-13 14:38:49,163] Trial 3158 pruned. 
[I 2026-07-13 14:38:50,502] Trial 3159 pruned. 
[I 2026-07-13 14:38:50,815] Trial 3160 pruned. 
[I 2026-07-13 14:38:51,946] Trial 3161 pruned. 
[I 2026-07-13 14:38:52,456] Trial 3162 pruned. 
[I 2026-07-13 14:38:53,534] Trial 3163 pruned. 
[I 2026-07-13 14:38:54,571] Trial 3164 pruned. 
[I 2026-07-13 14:38:56,571] Trial 3165 pruned. 
[I 2026-07-13 14:39:00,201] Trial 3166 pruned. 
[I 2026-07-13 14:39:01,129] Trial 3167 pruned. 
[I 2026-07-13 14:39:02,575] Trial 3168 pruned. 
[I 2026-07-13 14:39:03,146] Trial 3169 pruned. 
[I 2026-07-13 14:39:03,920] Trial 3170 pruned. 
[I 2026-07-13 14:39:05,539] Trial 3171 pruned. 
[I 2026-07-13 14:39:07,256] Trial 3172 pruned. 
[I 2026-07-13 14:39:08,340] Trial 3173 pruned. 
[I 2026-07-13 14:39:11,639] Trial 3174 pruned. 
[I 2026-07-13 14:39:13,104] Trial 3175 pruned. 
[I 2026-07-13 14:39:13,934] Trial 3176 pruned. 
[I 2026-07-13 14:39:15,344] Trial 3177 pruned. 
[I 2026-07-13 14:39:15,994] Trial 3178 pruned. 
[I 2026-07-13 14:39:16,795] Trial 3179 pruned. 
[I 2026-07-13 14:39:17,218] Trial 3180 pruned. 
[I 2026-07-13 14:39:18,236] Trial 3181 pruned. 
[I 2026-07-13 14:39:18,599] Trial 3182 pruned. 
[I 2026-07-13 14:39:20,343] Trial 3183 pruned. 
[I 2026-07-13 14:39:21,210] Trial 3184 pruned. 
[I 2026-07-13 14:39:23,075] Trial 3185 pruned. 
[I 2026-07-13 14:39:24,023] Trial 3186 pruned. 
[I 2026-07-13 14:39:25,878] Trial 3187 pruned. 
[I 2026-07-13 14:39:27,044] Trial 3188 pruned. 
[I 2026-07-13 14:39:27,963] Trial 3189 pruned. 
[I 2026-07-13 14:39:28,548] Trial 3190 pruned. 
[I 2026-07-13 14:39:29,872] Trial 3191 pruned. 
[I 2026-07-13 14:39:30,960] Trial 3192 pruned. 
[I 2026-07-13 14:39:31,735] Trial 3193 pruned. 
[I 2026-07-13 14:39:34,172] Trial 3194 pruned. 
[I 2026-07-13 14:39:35,626] Trial 3195 pruned. 
[I 2026-07-13 14:39:36,446] Trial 3196 pruned. 
[I 2026-07-13 14:39:39,432] Trial 3197 finished with values: [1084.6578055484101, -3029.659690743962, 75.55] and parameters: {'sl_soft': 0.15918195032780505, 'sl_hard_delta': 0.3817260073301948, 'tp': 0.07629543740731591, 'gate_pct': 99.80126570295228, 'dd_limit': 3.764472083874483, 'cooldown': 1, 'flip': False, 'en_ema_trend': True, 'ema_trend_fast': 367, 'ema_trend_slow': 100, 'en_sma_trend': True, 'sma_trend_fast': 372, 'sma_trend_slow': 283, 'en_macd': True, 'macd_fast': 12, 'macd_slow': 43, 'macd_signal': 76, 'en_vwap': True, 'en_keltner': False, 'keltner_n': 89, 'keltner_m': 2.8000000000000003, 'en_obv': True, 'obv_slope': 52, 'en_cci': True, 'cci_n': 92, 'cci_threshold': 35, 'en_rsi': False, 'rsi_n': 75, 'rsi_lower': 30, 'rsi_upper': 76, 'en_stochastic': False, 'stochastic_n': 8, 'stochastic_d': 31, 'stochastic_lower': 10, 'stochastic_upper': 89, 'en_mfi': True, 'mfi_n': 56, 'mfi_lower': 45, 'mfi_upper': 84, 'en_bollinger': False, 'bollinger_n': 120, 'bollinger_k': 1.2000000000000002, 'en_adx': False, 'adx_n': 20, 'adx_threshold': 27, 'en_structure_trend': False, 'structure_trend_swing_l': 1, 'en_order_block': False, 'order_block_swing_l': 19, 'en_fvg': True, 'fvg_lookback': 19, 'en_ifvg': True, 'en_breaker': True, 'breaker_swing_l': 19, 'en_cisd': True, 'k': 1, 'en_cap_bars': True, 'cap_1min': 852}.
[I 2026-07-13 14:39:41,296] Trial 3198 pruned. 
[I 2026-07-13 14:39:41,757] Trial 3199 pruned. 
[I 2026-07-13 14:39:41,980] Trial 3200 pruned. 
[I 2026-07-13 14:39:45,467] Trial 3201 pruned. 
[I 2026-07-13 14:39:46,095] Trial 3202 pruned. 
[I 2026-07-13 14:39:47,425] Trial 3203 pruned. 
[I 2026-07-13 14:39:49,347] Trial 3204 pruned. 
[I 2026-07-13 14:39:49,948] Trial 3205 pruned. 
[I 2026-07-13 14:39:51,499] Trial 3206 pruned. 
[I 2026-07-13 14:39:56,320] Trial 3207 pruned. 
[I 2026-07-13 14:40:00,019] Trial 3208 pruned. 
[I 2026-07-13 14:40:01,975] Trial 3209 pruned. 
[I 2026-07-13 14:40:09,736] Trial 3210 finished with values: [287.198982102481, -2168.399194211048, 47.5] and parameters: {'sl_soft': 0.05276341739671145, 'sl_hard_delta': 0.22147623907688235, 'tp': 0.1101399544078348, 'gate_pct': 97.69004509735414, 'dd_limit': 9.693174467861043, 'cooldown': 1, 'flip': False, 'en_ema_trend': True, 'ema_trend_fast': 76, 'ema_trend_slow': 190, 'en_sma_trend': False, 'sma_trend_fast': 268, 'sma_trend_slow': 290, 'en_macd': True, 'macd_fast': 97, 'macd_slow': 124, 'macd_signal': 42, 'en_vwap': True, 'en_keltner': True, 'keltner_n': 113, 'keltner_m': 3.6, 'en_obv': True, 'obv_slope': 62, 'en_cci': True, 'cci_n': 172, 'cci_threshold': 120, 'en_rsi': True, 'rsi_n': 27, 'rsi_lower': 1, 'rsi_upper': 80, 'en_stochastic': False, 'stochastic_n': 29, 'stochastic_d': 40, 'stochastic_lower': 30, 'stochastic_upper': 56, 'en_mfi': True, 'mfi_n': 28, 'mfi_lower': 33, 'mfi_upper': 97, 'en_bollinger': False, 'bollinger_n': 187, 'bollinger_k': 2.7, 'en_adx': False, 'adx_n': 11, 'adx_threshold': 19, 'en_structure_trend': True, 'structure_trend_swing_l': 14, 'en_order_block': True, 'order_block_swing_l': 12, 'en_fvg': False, 'fvg_lookback': 28, 'en_ifvg': True, 'en_breaker': True, 'breaker_swing_l': 11, 'en_cisd': True, 'k': 4, 'en_cap_bars': True, 'cap_1min': 481}.
[I 2026-07-13 14:40:11,744] Trial 3211 pruned. 
[I 2026-07-13 14:40:12,657] Trial 3212 pruned. 
[I 2026-07-13 14:40:12,979] Trial 3213 pruned. 
[I 2026-07-13 14:40:16,932] Trial 3214 pruned. 
[I 2026-07-13 14:40:17,342] Trial 3215 pruned. 
[I 2026-07-13 14:40:18,509] Trial 3216 pruned. 
[I 2026-07-13 14:40:19,851] Trial 3217 pruned. 
[I 2026-07-13 14:40:20,858] Trial 3218 pruned. 
[I 2026-07-13 14:40:21,650] Trial 3219 pruned. 
[I 2026-07-13 14:40:22,197] Trial 3220 pruned. 
[I 2026-07-13 14:40:23,934] Trial 3221 pruned. 
[I 2026-07-13 14:40:25,016] Trial 3222 pruned. 
[I 2026-07-13 14:40:25,873] Trial 3223 pruned. 
[I 2026-07-13 14:40:27,635] Trial 3224 pruned. 
[I 2026-07-13 14:40:28,016] Trial 3225 pruned. 
[I 2026-07-13 14:40:29,455] Trial 3226 pruned. 
[I 2026-07-13 14:40:29,865] Trial 3227 pruned. 
[I 2026-07-13 14:40:30,948] Trial 3228 pruned. 
[I 2026-07-13 14:40:32,266] Trial 3229 pruned. 
[I 2026-07-13 14:40:34,107] Trial 3230 pruned. 
[I 2026-07-13 14:40:34,674] Trial 3231 pruned. 
[I 2026-07-13 14:40:35,141] Trial 3232 pruned. 
[I 2026-07-13 14:40:37,132] Trial 3233 pruned. 
[I 2026-07-13 14:40:38,957] Trial 3234 pruned. 
[I 2026-07-13 14:40:40,203] Trial 3235 pruned. 
[I 2026-07-13 14:40:41,813] Trial 3236 pruned. 
[I 2026-07-13 14:40:42,923] Trial 3237 pruned. 
[I 2026-07-13 14:40:44,164] Trial 3238 pruned. 
[I 2026-07-13 14:40:48,012] Trial 3239 pruned. 
[I 2026-07-13 14:40:48,265] Trial 3240 pruned. 
[I 2026-07-13 14:40:50,652] Trial 3241 pruned. 
[I 2026-07-13 14:40:50,919] Trial 3242 pruned. 
[I 2026-07-13 14:40:51,655] Trial 3243 pruned. 
[I 2026-07-13 14:40:52,512] Trial 3244 pruned. 
[I 2026-07-13 14:40:54,064] Trial 3245 pruned. 
[I 2026-07-13 14:40:55,134] Trial 3246 pruned. 
[I 2026-07-13 14:40:56,296] Trial 3247 pruned. 
[I 2026-07-13 14:40:58,315] Trial 3248 pruned. 
[I 2026-07-13 14:40:59,750] Trial 3249 pruned. 
[I 2026-07-13 14:41:00,309] Trial 3250 pruned. 
[I 2026-07-13 14:41:01,723] Trial 3251 pruned. 
[I 2026-07-13 14:41:02,854] Trial 3252 pruned. 
[I 2026-07-13 14:41:04,151] Trial 3253 pruned. 
[I 2026-07-13 14:41:04,997] Trial 3254 pruned. 
[I 2026-07-13 14:41:06,584] Trial 3255 pruned. 
[I 2026-07-13 14:41:07,939] Trial 3256 pruned. 
[I 2026-07-13 14:41:09,077] Trial 3257 pruned. 
[I 2026-07-13 14:41:09,938] Trial 3258 pruned. 
[I 2026-07-13 14:41:11,066] Trial 3259 pruned. 
[I 2026-07-13 14:41:11,398] Trial 3260 pruned. 
[I 2026-07-13 14:41:12,113] Trial 3261 pruned. 
[I 2026-07-13 14:41:13,192] Trial 3262 pruned. 
[I 2026-07-13 14:41:13,981] Trial 3263 pruned. 
[I 2026-07-13 14:41:15,041] Trial 3264 pruned. 
[I 2026-07-13 14:41:15,981] Trial 3265 pruned. 
[I 2026-07-13 14:41:16,644] Trial 3266 pruned. 
[I 2026-07-13 14:41:17,916] Trial 3267 pruned. 
[I 2026-07-13 14:41:19,012] Trial 3268 pruned. 
[I 2026-07-13 14:41:20,485] Trial 3269 pruned. 
[I 2026-07-13 14:41:21,443] Trial 3270 pruned. 
[I 2026-07-13 14:41:21,894] Trial 3271 pruned. 
[I 2026-07-13 14:41:22,773] Trial 3272 pruned. 
[I 2026-07-13 14:41:23,904] Trial 3273 pruned. 
[I 2026-07-13 14:41:25,105] Trial 3274 pruned. 
[I 2026-07-13 14:41:26,438] Trial 3275 pruned. 
[I 2026-07-13 14:41:27,533] Trial 3276 pruned. 
[I 2026-07-13 14:41:28,687] Trial 3277 pruned. 
[I 2026-07-13 14:41:30,004] Trial 3278 pruned. 
[I 2026-07-13 14:41:31,310] Trial 3279 pruned. 
[I 2026-07-13 14:41:31,557] Trial 3280 pruned. 
[I 2026-07-13 14:41:31,905] Trial 3281 pruned. 
[I 2026-07-13 14:41:33,064] Trial 3282 pruned. 
[I 2026-07-13 14:41:34,571] Trial 3283 pruned. 
[I 2026-07-13 14:41:35,858] Trial 3284 pruned. 
[I 2026-07-13 14:41:37,628] Trial 3285 pruned. 
[I 2026-07-13 14:41:38,009] Trial 3286 pruned. 
[I 2026-07-13 14:41:38,925] Trial 3287 pruned. 
[I 2026-07-13 14:41:39,894] Trial 3288 pruned. 
[I 2026-07-13 14:41:40,450] Trial 3289 pruned. 
[I 2026-07-13 14:41:41,364] Trial 3290 pruned. 
[I 2026-07-13 14:41:42,085] Trial 3291 pruned. 
[I 2026-07-13 14:41:42,370] Trial 3292 pruned. 
[I 2026-07-13 14:41:43,382] Trial 3293 pruned. 
[I 2026-07-13 14:41:44,418] Trial 3294 pruned. 
[I 2026-07-13 14:41:45,496] Trial 3295 pruned. 
[I 2026-07-13 14:41:46,642] Trial 3296 pruned. 
[I 2026-07-13 14:41:48,666] Trial 3297 pruned. 
[I 2026-07-13 14:41:49,761] Trial 3298 pruned. 
[I 2026-07-13 14:41:51,016] Trial 3299 pruned. 
[I 2026-07-13 14:41:52,464] Trial 3300 pruned. 
[I 2026-07-13 14:41:53,350] Trial 3301 pruned. 
[I 2026-07-13 14:41:54,960] Trial 3302 pruned. 
[I 2026-07-13 14:41:57,132] Trial 3303 pruned. 
[I 2026-07-13 14:41:58,776] Trial 3304 pruned. 
[I 2026-07-13 14:41:59,504] Trial 3305 pruned. 
[I 2026-07-13 14:42:01,605] Trial 3306 pruned. 
[I 2026-07-13 14:42:03,433] Trial 3307 pruned. 
[I 2026-07-13 14:42:04,839] Trial 3308 pruned. 
[I 2026-07-13 14:42:05,639] Trial 3309 pruned. 
[I 2026-07-13 14:42:06,681] Trial 3310 pruned. 
[I 2026-07-13 14:42:07,472] Trial 3311 pruned. 
[I 2026-07-13 14:42:07,918] Trial 3312 pruned. 
[I 2026-07-13 14:42:09,624] Trial 3313 pruned. 
[I 2026-07-13 14:42:10,606] Trial 3314 pruned. 
[I 2026-07-13 14:42:11,455] Trial 3315 pruned. 
[I 2026-07-13 14:42:12,591] Trial 3316 pruned. 
[I 2026-07-13 14:42:13,543] Trial 3317 pruned. 
[I 2026-07-13 14:42:15,065] Trial 3318 pruned. 
[I 2026-07-13 14:42:15,693] Trial 3319 pruned. 
[I 2026-07-13 14:42:15,927] Trial 3320 pruned. 
[I 2026-07-13 14:42:16,695] Trial 3321 pruned. 
[I 2026-07-13 14:42:18,906] Trial 3322 pruned. 
[I 2026-07-13 14:42:20,100] Trial 3323 pruned. 
[I 2026-07-13 14:42:26,162] Trial 3324 finished with values: [-1748.0324974535051, -8393.280197007796, 45.5] and parameters: {'sl_soft': 0.08484806117310902, 'sl_hard_delta': 0.046570547290259064, 'tp': 0.1363505777199821, 'gate_pct': 99.82453052031805, 'dd_limit': 5.761575140310536, 'cooldown': 0, 'flip': True, 'en_ema_trend': False, 'ema_trend_fast': 231, 'ema_trend_slow': 181, 'en_sma_trend': True, 'sma_trend_fast': 11, 'sma_trend_slow': 79, 'en_macd': False, 'macd_fast': 54, 'macd_slow': 116, 'macd_signal': 2, 'en_vwap': True, 'en_keltner': False, 'keltner_n': 193, 'keltner_m': 4.2, 'en_obv': False, 'obv_slope': 149, 'en_cci': True, 'cci_n': 135, 'cci_threshold': 40, 'en_rsi': False, 'rsi_n': 90, 'rsi_lower': 23, 'rsi_upper': 97, 'en_stochastic': False, 'stochastic_n': 94, 'stochastic_d': 8, 'stochastic_lower': 16, 'stochastic_upper': 71, 'en_mfi': False, 'mfi_n': 88, 'mfi_lower': 19, 'mfi_upper': 89, 'en_bollinger': False, 'bollinger_n': 147, 'bollinger_k': 4.6000000000000005, 'en_adx': True, 'adx_n': 35, 'adx_threshold': 12, 'en_structure_trend': False, 'structure_trend_swing_l': 3, 'en_order_block': True, 'order_block_swing_l': 8, 'en_fvg': True, 'fvg_lookback': 26, 'en_ifvg': False, 'en_breaker': True, 'breaker_swing_l': 11, 'en_cisd': False, 'k': 2, 'en_cap_bars': False, 'cap_1min': 1015}.
[I 2026-07-13 14:42:26,943] Trial 3325 pruned. 
[I 2026-07-13 14:42:27,645] Trial 3326 pruned. 
[I 2026-07-13 14:42:29,144] Trial 3327 pruned. 
[I 2026-07-13 14:42:34,494] Trial 3328 finished with values: [2560.519469720679, -28814.968708057542, 41.099999999999994] and parameters: {'sl_soft': 0.18373746476543776, 'sl_hard_delta': 0.02168498568283673, 'tp': 0.27279076196380725, 'gate_pct': 99.05474859810846, 'dd_limit': 6.765861714329133, 'cooldown': 2, 'flip': False, 'en_ema_trend': True, 'ema_trend_fast': 39, 'ema_trend_slow': 45, 'en_sma_trend': True, 'sma_trend_fast': 136, 'sma_trend_slow': 311, 'en_macd': True, 'macd_fast': 43, 'macd_slow': 123, 'macd_signal': 71, 'en_vwap': True, 'en_keltner': True, 'keltner_n': 56, 'keltner_m': 4.8, 'en_obv': False, 'obv_slope': 64, 'en_cci': True, 'cci_n': 115, 'cci_threshold': 60, 'en_rsi': False, 'rsi_n': 53, 'rsi_lower': 12, 'rsi_upper': 98, 'en_stochastic': False, 'stochastic_n': 66, 'stochastic_d': 10, 'stochastic_lower': 19, 'stochastic_upper': 86, 'en_mfi': False, 'mfi_n': 33, 'mfi_lower': 28, 'mfi_upper': 83, 'en_bollinger': True, 'bollinger_n': 188, 'bollinger_k': 4.0, 'en_adx': False, 'adx_n': 72, 'adx_threshold': 54, 'en_structure_trend': True, 'structure_trend_swing_l': 18, 'en_order_block': True, 'order_block_swing_l': 13, 'en_fvg': False, 'fvg_lookback': 21, 'en_ifvg': False, 'en_breaker': False, 'breaker_swing_l': 14, 'en_cisd': False, 'k': 2, 'en_cap_bars': True, 'cap_1min': 1261}.
[I 2026-07-13 14:42:36,902] Trial 3329 pruned. 
[I 2026-07-13 14:42:38,282] Trial 3330 pruned. 
[I 2026-07-13 14:42:38,850] Trial 3331 pruned. 
[I 2026-07-13 14:42:42,453] Trial 3332 finished with values: [-1687.0258283453768, -8192.905041203247, 30.15] and parameters: {'sl_soft': 0.15888378634739464, 'sl_hard_delta': 0.018770643401268352, 'tp': 0.39000122297835543, 'gate_pct': 98.58299891691806, 'dd_limit': 5.196387599591654, 'cooldown': 0, 'flip': True, 'en_ema_trend': True, 'ema_trend_fast': 278, 'ema_trend_slow': 2, 'en_sma_trend': False, 'sma_trend_fast': 136, 'sma_trend_slow': 265, 'en_macd': True, 'macd_fast': 20, 'macd_slow': 36, 'macd_signal': 74, 'en_vwap': True, 'en_keltner': False, 'keltner_n': 146, 'keltner_m': 3.1, 'en_obv': False, 'obv_slope': 18, 'en_cci': True, 'cci_n': 165, 'cci_threshold': 75, 'en_rsi': True, 'rsi_n': 95, 'rsi_lower': 43, 'rsi_upper': 64, 'en_stochastic': False, 'stochastic_n': 78, 'stochastic_d': 32, 'stochastic_lower': 20, 'stochastic_upper': 78, 'en_mfi': False, 'mfi_n': 60, 'mfi_lower': 45, 'mfi_upper': 75, 'en_bollinger': True, 'bollinger_n': 56, 'bollinger_k': 3.3000000000000003, 'en_adx': False, 'adx_n': 59, 'adx_threshold': 5, 'en_structure_trend': True, 'structure_trend_swing_l': 20, 'en_order_block': True, 'order_block_swing_l': 12, 'en_fvg': True, 'fvg_lookback': 26, 'en_ifvg': True, 'en_breaker': False, 'breaker_swing_l': 15, 'en_cisd': False, 'k': 3, 'en_cap_bars': False, 'cap_1min': 1405}.
[I 2026-07-13 14:42:42,986] Trial 3333 pruned. 
[I 2026-07-13 14:42:45,069] Trial 3334 pruned. 
[I 2026-07-13 14:42:48,472] Trial 3335 pruned. 
[I 2026-07-13 14:42:49,140] Trial 3336 pruned. 
[I 2026-07-13 14:42:51,153] Trial 3337 pruned. 
[I 2026-07-13 14:42:55,096] Trial 3338 pruned. 
[I 2026-07-13 14:42:55,969] Trial 3339 pruned. 
[I 2026-07-13 14:42:56,958] Trial 3340 pruned. 
[I 2026-07-13 14:42:58,410] Trial 3341 pruned. 
[I 2026-07-13 14:42:59,821] Trial 3342 pruned. 
[I 2026-07-13 14:43:00,807] Trial 3343 pruned. 
[I 2026-07-13 14:43:02,758] Trial 3344 pruned. 
[I 2026-07-13 14:43:05,850] Trial 3345 pruned. 
[I 2026-07-13 14:43:07,883] Trial 3346 pruned. 
[I 2026-07-13 14:43:10,296] Trial 3347 pruned. 
[I 2026-07-13 14:43:13,655] Trial 3348 pruned. 
[I 2026-07-13 14:43:14,076] Trial 3349 pruned. 
[I 2026-07-13 14:43:16,295] Trial 3350 pruned. 
[I 2026-07-13 14:43:17,116] Trial 3351 pruned. 
[I 2026-07-13 14:43:17,914] Trial 3352 pruned. 
[I 2026-07-13 14:43:19,003] Trial 3353 pruned. 
[I 2026-07-13 14:43:22,255] Trial 3354 pruned. 
[I 2026-07-13 14:43:22,903] Trial 3355 pruned. 
[I 2026-07-13 14:43:25,418] Trial 3356 pruned. 
[I 2026-07-13 14:43:27,580] Trial 3357 pruned. 
[I 2026-07-13 14:43:29,529] Trial 3358 pruned. 
[I 2026-07-13 14:43:31,814] Trial 3359 pruned. 
[I 2026-07-13 14:43:31,990] Trial 3360 pruned. 
[I 2026-07-13 14:43:32,597] Trial 3361 pruned. 
[I 2026-07-13 14:43:33,033] Trial 3362 pruned. 
[I 2026-07-13 14:43:33,860] Trial 3363 pruned. 
[I 2026-07-13 14:43:40,456] Trial 3364 finished with values: [317.90514943061504, -3268.9423416541895, 71.05] and parameters: {'sl_soft': 0.16862822067814248, 'sl_hard_delta': 0.32898260416420594, 'tp': 0.0723159330955925, 'gate_pct': 96.58875153575434, 'dd_limit': 5.539485164098047, 'cooldown': 1, 'flip': True, 'en_ema_trend': False, 'ema_trend_fast': 318, 'ema_trend_slow': 162, 'en_sma_trend': True, 'sma_trend_fast': 313, 'sma_trend_slow': 233, 'en_macd': True, 'macd_fast': 65, 'macd_slow': 114, 'macd_signal': 42, 'en_vwap': False, 'en_keltner': True, 'keltner_n': 197, 'keltner_m': 0.7, 'en_obv': False, 'obv_slope': 30, 'en_cci': True, 'cci_n': 192, 'cci_threshold': 120, 'en_rsi': True, 'rsi_n': 78, 'rsi_lower': 12, 'rsi_upper': 76, 'en_stochastic': False, 'stochastic_n': 54, 'stochastic_d': 5, 'stochastic_lower': 24, 'stochastic_upper': 67, 'en_mfi': False, 'mfi_n': 82, 'mfi_lower': 24, 'mfi_upper': 88, 'en_bollinger': True, 'bollinger_n': 195, 'bollinger_k': 1.1, 'en_adx': False, 'adx_n': 30, 'adx_threshold': 41, 'en_structure_trend': True, 'structure_trend_swing_l': 6, 'en_order_block': True, 'order_block_swing_l': 18, 'en_fvg': False, 'fvg_lookback': 26, 'en_ifvg': False, 'en_breaker': True, 'breaker_swing_l': 1, 'en_cisd': False, 'k': 1, 'en_cap_bars': True, 'cap_1min': 833}.
[I 2026-07-13 14:43:42,273] Trial 3365 pruned. 
[I 2026-07-13 14:43:43,238] Trial 3366 pruned. 
[I 2026-07-13 14:43:43,809] Trial 3367 pruned. 
[I 2026-07-13 14:43:44,723] Trial 3368 pruned. 
