[I 2026-07-13 14:59:45,911] Trial 3942 finished with values: [3967.530055625217, -8545.432049405403, 48.65] and parameters: {'sl_soft': 0.17299259093013, 'sl_hard_delta': 0.14809162487386876, 'tp': 0.31247296164763494, 'gate_pct': 98.21870877115913, 'dd_limit': 0.8350241645118831, 'cooldown': 2, 'flip': False, 'en_ema_trend': False, 'ema_trend_fast': 38, 'ema_trend_slow': 60, 'en_sma_trend': False, 'sma_trend_fast': 397, 'sma_trend_slow': 157, 'en_macd': True, 'macd_fast': 11, 'macd_slow': 134, 'macd_signal': 89, 'en_vwap': True, 'en_keltner': True, 'keltner_n': 26, 'keltner_m': 4.1, 'en_obv': True, 'obv_slope': 82, 'en_cci': True, 'cci_n': 56, 'cci_threshold': 25, 'en_rsi': False, 'rsi_n': 16, 'rsi_lower': 47, 'rsi_upper': 65, 'en_stochastic': False, 'stochastic_n': 86, 'stochastic_d': 5, 'stochastic_lower': 7, 'stochastic_upper': 74, 'en_mfi': True, 'mfi_n': 58, 'mfi_lower': 3, 'mfi_upper': 70, 'en_bollinger': False, 'bollinger_n': 99, 'bollinger_k': 3.8000000000000003, 'en_adx': False, 'adx_n': 85, 'adx_threshold': 42, 'en_structure_trend': False, 'structure_trend_swing_l': 9, 'en_order_block': True, 'order_block_swing_l': 12, 'en_fvg': True, 'fvg_lookback': 34, 'en_ifvg': False, 'en_breaker': False, 'breaker_swing_l': 6, 'en_cisd': True, 'k': 4, 'en_cap_bars': True, 'cap_1min': 219}.
[I 2026-07-13 14:59:47,793] Trial 3943 finished with values: [921.0466846580268, -18432.162335400477, 72.2] and parameters: {'sl_soft': 0.17833830668719855, 'sl_hard_delta': 0.2600002949787223, 'tp': 0.0859209336931621, 'gate_pct': 98.58299891691806, 'dd_limit': 5.196387599591654, 'cooldown': 2, 'flip': False, 'en_ema_trend': False, 'ema_trend_fast': 126, 'ema_trend_slow': 304, 'en_sma_trend': False, 'sma_trend_fast': 268, 'sma_trend_slow': 290, 'en_macd': True, 'macd_fast': 80, 'macd_slow': 157, 'macd_signal': 6, 'en_vwap': True, 'en_keltner': True, 'keltner_n': 123, 'keltner_m': 3.1, 'en_obv': True, 'obv_slope': 99, 'en_cci': True, 'cci_n': 20, 'cci_threshold': 120, 'en_rsi': False, 'rsi_n': 97, 'rsi_lower': 4, 'rsi_upper': 72, 'en_stochastic': False, 'stochastic_n': 41, 'stochastic_d': 2, 'stochastic_lower': 40, 'stochastic_upper': 75, 'en_mfi': True, 'mfi_n': 11, 'mfi_lower': 2, 'mfi_upper': 78, 'en_bollinger': False, 'bollinger_n': 143, 'bollinger_k': 2.7, 'en_adx': False, 'adx_n': 59, 'adx_threshold': 5, 'en_structure_trend': True, 'structure_trend_swing_l': 3, 'en_order_block': True, 'order_block_swing_l': 16, 'en_fvg': False, 'fvg_lookback': 24, 'en_ifvg': False, 'en_breaker': False, 'breaker_swing_l': 11, 'en_cisd': False, 'k': 3, 'en_cap_bars': False, 'cap_1min': 591}.
[I 2026-07-13 14:59:49,016] Trial 3944 finished with values: [419.07002698700074, -3582.955528729457, 72.95] and parameters: {'sl_soft': 0.15918195032780505, 'sl_hard_delta': 0.38069755865652133, 'tp': 0.0859209336931621, 'gate_pct': 99.4732844060646, 'dd_limit': 4.17581929961137, 'cooldown': 0, 'flip': True, 'en_ema_trend': True, 'ema_trend_fast': 149, 'ema_trend_slow': 84, 'en_sma_trend': True, 'sma_trend_fast': 265, 'sma_trend_slow': 309, 'en_macd': True, 'macd_fast': 6, 'macd_slow': 43, 'macd_signal': 98, 'en_vwap': False, 'en_keltner': False, 'keltner_n': 15, 'keltner_m': 0.7, 'en_obv': True, 'obv_slope': 161, 'en_cci': False, 'cci_n': 92, 'cci_threshold': 245, 'en_rsi': False, 'rsi_n': 56, 'rsi_lower': 47, 'rsi_upper': 65, 'en_stochastic': False, 'stochastic_n': 72, 'stochastic_d': 31, 'stochastic_lower': 1, 'stochastic_upper': 89, 'en_mfi': True, 'mfi_n': 13, 'mfi_lower': 49, 'mfi_upper': 78, 'en_bollinger': True, 'bollinger_n': 162, 'bollinger_k': 3.8000000000000003, 'en_adx': False, 'adx_n': 78, 'adx_threshold': 40, 'en_structure_trend': True, 'structure_trend_swing_l': 15, 'en_order_block': False, 'order_block_swing_l': 12, 'en_fvg': True, 'fvg_lookback': 19, 'en_ifvg': False, 'en_breaker': False, 'breaker_swing_l': 13, 'en_cisd': True, 'k': 3, 'en_cap_bars': True, 'cap_1min': 436}.
[I 2026-07-13 14:59:51,362] Trial 3945 finished with values: [758.5466846579968, -4569.743978410443, 72.25] and parameters: {'sl_soft': 0.17833830668719855, 'sl_hard_delta': 0.38069755865652133, 'tp': 0.0859209336931621, 'gate_pct': 99.4732844060646, 'dd_limit': 4.1596678535630165, 'cooldown': 0, 'flip': False, 'en_ema_trend': False, 'ema_trend_fast': 149, 'ema_trend_slow': 84, 'en_sma_trend': True, 'sma_trend_fast': 397, 'sma_trend_slow': 22, 'en_macd': True, 'macd_fast': 11, 'macd_slow': 157, 'macd_signal': 6, 'en_vwap': True, 'en_keltner': False, 'keltner_n': 126, 'keltner_m': 4.2, 'en_obv': True, 'obv_slope': 184, 'en_cci': False, 'cci_n': 38, 'cci_threshold': 50, 'en_rsi': False, 'rsi_n': 74, 'rsi_lower': 4, 'rsi_upper': 72, 'en_stochastic': False, 'stochastic_n': 86, 'stochastic_d': 27, 'stochastic_lower': 40, 'stochastic_upper': 96, 'en_mfi': True, 'mfi_n': 54, 'mfi_lower': 49, 'mfi_upper': 78, 'en_bollinger': True, 'bollinger_n': 99, 'bollinger_k': 4.7, 'en_adx': False, 'adx_n': 59, 'adx_threshold': 18, 'en_structure_trend': True, 'structure_trend_swing_l': 9, 'en_order_block': True, 'order_block_swing_l': 18, 'en_fvg': True, 'fvg_lookback': 47, 'en_ifvg': False, 'en_breaker': False, 'breaker_swing_l': 6, 'en_cisd': True, 'k': 4, 'en_cap_bars': True, 'cap_1min': 436}.
[I 2026-07-13 14:59:53,683] Trial 3946 finished with values: [5173.038986657818, -11921.414207062933, 71.0] and parameters: {'sl_soft': 0.29406552811412545, 'sl_hard_delta': 0.26350679747876377, 'tp': 0.15809231644429605, 'gate_pct': 94.97650230819906, 'dd_limit': 4.1596678535630165, 'cooldown': 1, 'flip': False, 'en_ema_trend': True, 'ema_trend_fast': 149, 'ema_trend_slow': 161, 'en_sma_trend': True, 'sma_trend_fast': 397, 'sma_trend_slow': 22, 'en_macd': True, 'macd_fast': 81, 'macd_slow': 132, 'macd_signal': 47, 'en_vwap': True, 'en_keltner': True, 'keltner_n': 126, 'keltner_m': 2.3, 'en_obv': True, 'obv_slope': 184, 'en_cci': True, 'cci_n': 56, 'cci_threshold': 250, 'en_rsi': True, 'rsi_n': 93, 'rsi_lower': 46, 'rsi_upper': 66, 'en_stochastic': False, 'stochastic_n': 86, 'stochastic_d': 5, 'stochastic_lower': 40, 'stochastic_upper': 96, 'en_mfi': False, 'mfi_n': 19, 'mfi_lower': 3, 'mfi_upper': 99, 'en_bollinger': False, 'bollinger_n': 99, 'bollinger_k': 4.5, 'en_adx': False, 'adx_n': 53, 'adx_threshold': 18, 'en_structure_trend': False, 'structure_trend_swing_l': 16, 'en_order_block': True, 'order_block_swing_l': 19, 'en_fvg': True, 'fvg_lookback': 34, 'en_ifvg': False, 'en_breaker': False, 'breaker_swing_l': 6, 'en_cisd': True, 'k': 5, 'en_cap_bars': False, 'cap_1min': 577}.
[I 2026-07-13 14:59:55,523] Trial 3947 finished with values: [1963.8027062475949, -10280.085213373448, 72.55000000000001] and parameters: {'sl_soft': 0.17833830668719855, 'sl_hard_delta': 0.38069755865652133, 'tp': 0.0859209336931621, 'gate_pct': 98.58299891691806, 'dd_limit': 0.8350241645118831, 'cooldown': 0, 'flip': False, 'en_ema_trend': False, 'ema_trend_fast': 38, 'ema_trend_slow': 2, 'en_sma_trend': False, 'sma_trend_fast': 265, 'sma_trend_slow': 290, 'en_macd': True, 'macd_fast': 6, 'macd_slow': 134, 'macd_signal': 6, 'en_vwap': True, 'en_keltner': True, 'keltner_n': 79, 'keltner_m': 3.1, 'en_obv': True, 'obv_slope': 92, 'en_cci': True, 'cci_n': 172, 'cci_threshold': 290, 'en_rsi': False, 'rsi_n': 25, 'rsi_lower': 4, 'rsi_upper': 72, 'en_stochastic': False, 'stochastic_n': 29, 'stochastic_d': 3, 'stochastic_lower': 7, 'stochastic_upper': 75, 'en_mfi': True, 'mfi_n': 35, 'mfi_lower': 5, 'mfi_upper': 78, 'en_bollinger': False, 'bollinger_n': 56, 'bollinger_k': 3.8000000000000003, 'en_adx': False, 'adx_n': 85, 'adx_threshold': 5, 'en_structure_trend': False, 'structure_trend_swing_l': 15, 'en_order_block': True, 'order_block_swing_l': 18, 'en_fvg': True, 'fvg_lookback': 24, 'en_ifvg': False, 'en_breaker': False, 'breaker_swing_l': 13, 'en_cisd': False, 'k': 4, 'en_cap_bars': False, 'cap_1min': 1008}.
[I 2026-07-13 14:59:59,798] Trial 3948 finished with values: [516.4420161922046, -7292.767320739487, 70.2] and parameters: {'sl_soft': 0.17833830668719855, 'sl_hard_delta': 0.38069755865652133, 'tp': 0.0859209336931621, 'gate_pct': 97.87184393359011, 'dd_limit': 5.196387599591654, 'cooldown': 2, 'flip': False, 'en_ema_trend': False, 'ema_trend_fast': 351, 'ema_trend_slow': 2, 'en_sma_trend': True, 'sma_trend_fast': 268, 'sma_trend_slow': 200, 'en_macd': True, 'macd_fast': 70, 'macd_slow': 157, 'macd_signal': 45, 'en_vwap': True, 'en_keltner': True, 'keltner_n': 24, 'keltner_m': 3.1, 'en_obv': True, 'obv_slope': 61, 'en_cci': True, 'cci_n': 142, 'cci_threshold': 250, 'en_rsi': True, 'rsi_n': 93, 'rsi_lower': 30, 'rsi_upper': 72, 'en_stochastic': False, 'stochastic_n': 95, 'stochastic_d': 28, 'stochastic_lower': 42, 'stochastic_upper': 75, 'en_mfi': False, 'mfi_n': 19, 'mfi_lower': 33, 'mfi_upper': 78, 'en_bollinger': False, 'bollinger_n': 149, 'bollinger_k': 2.8000000000000003, 'en_adx': False, 'adx_n': 50, 'adx_threshold': 24, 'en_structure_trend': True, 'structure_trend_swing_l': 14, 'en_order_block': True, 'order_block_swing_l': 11, 'en_fvg': True, 'fvg_lookback': 7, 'en_ifvg': False, 'en_breaker': False, 'breaker_swing_l': 6, 'en_cisd': False, 'k': 4, 'en_cap_bars': True, 'cap_1min': 591}.
[I 2026-07-13 15:00:00,635] Trial 3949 pruned. 
[I 2026-07-13 15:00:00,945] Trial 3950 pruned. 
[I 2026-07-13 15:00:01,308] Trial 3951 finished with values: [-461.59125185369044, -4474.091251853878, 68.45] and parameters: {'sl_soft': 0.16996140481300154, 'sl_hard_delta': 0.3817260073301948, 'tp': 0.07629543740731591, 'gate_pct': 99.4732844060646, 'dd_limit': 3.764472083874483, 'cooldown': 1, 'flip': False, 'en_ema_trend': True, 'ema_trend_fast': 149, 'ema_trend_slow': 84, 'en_sma_trend': True, 'sma_trend_fast': 372, 'sma_trend_slow': 309, 'en_macd': True, 'macd_fast': 6, 'macd_slow': 43, 'macd_signal': 6, 'en_vwap': True, 'en_keltner': False, 'keltner_n': 42, 'keltner_m': 4.2, 'en_obv': True, 'obv_slope': 161, 'en_cci': False, 'cci_n': 55, 'cci_threshold': 245, 'en_rsi': False, 'rsi_n': 25, 'rsi_lower': 4, 'rsi_upper': 76, 'en_stochastic': False, 'stochastic_n': 72, 'stochastic_d': 31, 'stochastic_lower': 49, 'stochastic_upper': 80, 'en_mfi': True, 'mfi_n': 54, 'mfi_lower': 49, 'mfi_upper': 57, 'en_bollinger': False, 'bollinger_n': 171, 'bollinger_k': 4.7, 'en_adx': False, 'adx_n': 78, 'adx_threshold': 40, 'en_structure_trend': True, 'structure_trend_swing_l': 1, 'en_order_block': True, 'order_block_swing_l': 18, 'en_fvg': True, 'fvg_lookback': 47, 'en_ifvg': False, 'en_breaker': False, 'breaker_swing_l': 10, 'en_cisd': True, 'k': 4, 'en_cap_bars': True, 'cap_1min': 436}.
[I 2026-07-13 15:00:05,460] Trial 3952 finished with values: [-2181.2362408488007, -8397.692088892583, 64.6] and parameters: {'sl_soft': 0.2832032935238323, 'sl_hard_delta': 0.26350679747876377, 'tp': 0.15809231644429605, 'gate_pct': 97.87184393359011, 'dd_limit': 3.177401405918999, 'cooldown': 2, 'flip': False, 'en_ema_trend': True, 'ema_trend_fast': 282, 'ema_trend_slow': 161, 'en_sma_trend': True, 'sma_trend_fast': 397, 'sma_trend_slow': 22, 'en_macd': True, 'macd_fast': 80, 'macd_slow': 23, 'macd_signal': 71, 'en_vwap': True, 'en_keltner': True, 'keltner_n': 126, 'keltner_m': 3.5, 'en_obv': True, 'obv_slope': 61, 'en_cci': True, 'cci_n': 67, 'cci_threshold': 30, 'en_rsi': False, 'rsi_n': 97, 'rsi_lower': 1, 'rsi_upper': 59, 'en_stochastic': False, 'stochastic_n': 95, 'stochastic_d': 28, 'stochastic_lower': 2, 'stochastic_upper': 96, 'en_mfi': False, 'mfi_n': 19, 'mfi_lower': 46, 'mfi_upper': 99, 'en_bollinger': False, 'bollinger_n': 37, 'bollinger_k': 2.7, 'en_adx': False, 'adx_n': 62, 'adx_threshold': 43, 'en_structure_trend': True, 'structure_trend_swing_l': 16, 'en_order_block': False, 'order_block_swing_l': 19, 'en_fvg': True, 'fvg_lookback': 34, 'en_ifvg': False, 'en_breaker': True, 'breaker_swing_l': 7, 'en_cisd': True, 'k': 5, 'en_cap_bars': False, 'cap_1min': 591}.
[I 2026-07-13 15:00:08,062] Trial 3953 finished with values: [418.08169815149995, -8963.303390674184, 80.0] and parameters: {'sl_soft': 0.29406552811412545, 'sl_hard_delta': 0.38069755865652133, 'tp': 0.0859209336931621, 'gate_pct': 97.69004509735414, 'dd_limit': 0.6062953539401272, 'cooldown': 1, 'flip': False, 'en_ema_trend': True, 'ema_trend_fast': 195, 'ema_trend_slow': 84, 'en_sma_trend': False, 'sma_trend_fast': 268, 'sma_trend_slow': 22, 'en_macd': True, 'macd_fast': 11, 'macd_slow': 23, 'macd_signal': 6, 'en_vwap': True, 'en_keltner': True, 'keltner_n': 126, 'keltner_m': 3.6, 'en_obv': True, 'obv_slope': 161, 'en_cci': True, 'cci_n': 93, 'cci_threshold': 120, 'en_rsi': False, 'rsi_n': 93, 'rsi_lower': 4, 'rsi_upper': 72, 'en_stochastic': False, 'stochastic_n': 95, 'stochastic_d': 40, 'stochastic_lower': 42, 'stochastic_upper': 75, 'en_mfi': False, 'mfi_n': 19, 'mfi_lower': 33, 'mfi_upper': 99, 'en_bollinger': False, 'bollinger_n': 171, 'bollinger_k': 4.5, 'en_adx': False, 'adx_n': 78, 'adx_threshold': 40, 'en_structure_trend': True, 'structure_trend_swing_l': 16, 'en_order_block': True, 'order_block_swing_l': 18, 'en_fvg': True, 'fvg_lookback': 34, 'en_ifvg': False, 'en_breaker': False, 'breaker_swing_l': 11, 'en_cisd': False, 'k': 5, 'en_cap_bars': False, 'cap_1min': 1250}.
[I 2026-07-13 15:00:11,582] Trial 3954 finished with values: [130.15949763033677, -35140.670573803116, 38.4] and parameters: {'sl_soft': 0.12406282734192264, 'sl_hard_delta': 0.26350679747876377, 'tp': 0.2431031899526056, 'gate_pct': 97.87184393359011, 'dd_limit': 3.177401405918999, 'cooldown': 1, 'flip': False, 'en_ema_trend': True, 'ema_trend_fast': 363, 'ema_trend_slow': 152, 'en_sma_trend': True, 'sma_trend_fast': 313, 'sma_trend_slow': 200, 'en_macd': True, 'macd_fast': 12, 'macd_slow': 114, 'macd_signal': 43, 'en_vwap': True, 'en_keltner': True, 'keltner_n': 66, 'keltner_m': 2.3, 'en_obv': False, 'obv_slope': 61, 'en_cci': True, 'cci_n': 13, 'cci_threshold': 250, 'en_rsi': True, 'rsi_n': 93, 'rsi_lower': 30, 'rsi_upper': 71, 'en_stochastic': False, 'stochastic_n': 54, 'stochastic_d': 5, 'stochastic_lower': 16, 'stochastic_upper': 79, 'en_mfi': False, 'mfi_n': 20, 'mfi_lower': 24, 'mfi_upper': 56, 'en_bollinger': True, 'bollinger_n': 195, 'bollinger_k': 2.6, 'en_adx': False, 'adx_n': 77, 'adx_threshold': 41, 'en_structure_trend': True, 'structure_trend_swing_l': 4, 'en_order_block': True, 'order_block_swing_l': 18, 'en_fvg': False, 'fvg_lookback': 26, 'en_ifvg': False, 'en_breaker': True, 'breaker_swing_l': 3, 'en_cisd': False, 'k': 3, 'en_cap_bars': False, 'cap_1min': 833}.
[I 2026-07-13 15:00:12,103] Trial 3955 pruned. 
[I 2026-07-13 15:00:15,543] Trial 3956 finished with values: [-826.6509811090827, -3981.581326136805, 51.9] and parameters: {'sl_soft': 0.05659865426304895, 'sl_hard_delta': 0.38069755865652133, 'tp': 0.0859209336931621, 'gate_pct': 99.4732844060646, 'dd_limit': 4.17581929961137, 'cooldown': 0, 'flip': False, 'en_ema_trend': False, 'ema_trend_fast': 126, 'ema_trend_slow': 84, 'en_sma_trend': False, 'sma_trend_fast': 360, 'sma_trend_slow': 35, 'en_macd': True, 'macd_fast': 6, 'macd_slow': 161, 'macd_signal': 6, 'en_vwap': True, 'en_keltner': True, 'keltner_n': 123, 'keltner_m': 4.2, 'en_obv': True, 'obv_slope': 161, 'en_cci': True, 'cci_n': 38, 'cci_threshold': 245, 'en_rsi': False, 'rsi_n': 97, 'rsi_lower': 1, 'rsi_upper': 81, 'en_stochastic': False, 'stochastic_n': 72, 'stochastic_d': 2, 'stochastic_lower': 49, 'stochastic_upper': 57, 'en_mfi': True, 'mfi_n': 11, 'mfi_lower': 49, 'mfi_upper': 54, 'en_bollinger': False, 'bollinger_n': 171, 'bollinger_k': 2.7, 'en_adx': False, 'adx_n': 78, 'adx_threshold': 40, 'en_structure_trend': False, 'structure_trend_swing_l': 3, 'en_order_block': True, 'order_block_swing_l': 16, 'en_fvg': True, 'fvg_lookback': 24, 'en_ifvg': False, 'en_breaker': False, 'breaker_swing_l': 10, 'en_cisd': True, 'k': 3, 'en_cap_bars': False, 'cap_1min': 436}.
[I 2026-07-13 15:00:17,742] Trial 3957 pruned. 
[I 2026-07-13 15:00:18,207] Trial 3958 finished with values: [-59.546312643270426, -8322.371989205167, 77.5] and parameters: {'sl_soft': 0.29212654101002455, 'sl_hard_delta': 0.38069755865652133, 'tp': 0.0859209336931621, 'gate_pct': 98.58299891691806, 'dd_limit': 4.1596678535630165, 'cooldown': 2, 'flip': False, 'en_ema_trend': False, 'ema_trend_fast': 197, 'ema_trend_slow': 161, 'en_sma_trend': True, 'sma_trend_fast': 268, 'sma_trend_slow': 22, 'en_macd': True, 'macd_fast': 6, 'macd_slow': 23, 'macd_signal': 6, 'en_vwap': True, 'en_keltner': False, 'keltner_n': 102, 'keltner_m': 2.3, 'en_obv': True, 'obv_slope': 161, 'en_cci': True, 'cci_n': 172, 'cci_threshold': 30, 'en_rsi': False, 'rsi_n': 25, 'rsi_lower': 4, 'rsi_upper': 59, 'en_stochastic': False, 'stochastic_n': 86, 'stochastic_d': 5, 'stochastic_lower': 2, 'stochastic_upper': 75, 'en_mfi': True, 'mfi_n': 11, 'mfi_lower': 33, 'mfi_upper': 78, 'en_bollinger': False, 'bollinger_n': 37, 'bollinger_k': 2.7, 'en_adx': False, 'adx_n': 53, 'adx_threshold': 5, 'en_structure_trend': False, 'structure_trend_swing_l': 16, 'en_order_block': True, 'order_block_swing_l': 19, 'en_fvg': True, 'fvg_lookback': 34, 'en_ifvg': False, 'en_breaker': False, 'breaker_swing_l': 7, 'en_cisd': False, 'k': 1, 'en_cap_bars': True, 'cap_1min': 686}.
[I 2026-07-13 15:00:19,583] Trial 3959 pruned. 
[I 2026-07-13 15:00:20,804] Trial 3960 finished with values: [554.9303450276889, -2925.000000000004, 72.05000000000001] and parameters: {'sl_soft': 0.17833830668719855, 'sl_hard_delta': 0.38069755865652133, 'tp': 0.0859209336931621, 'gate_pct': 98.58299891691806, 'dd_limit': 5.196387599591654, 'cooldown': 2, 'flip': False, 'en_ema_trend': False, 'ema_trend_fast': 197, 'ema_trend_slow': 60, 'en_sma_trend': False, 'sma_trend_fast': 313, 'sma_trend_slow': 290, 'en_macd': True, 'macd_fast': 18, 'macd_slow': 157, 'macd_signal': 6, 'en_vwap': True, 'en_keltner': True, 'keltner_n': 79, 'keltner_m': 3.1, 'en_obv': True, 'obv_slope': 161, 'en_cci': True, 'cci_n': 197, 'cci_threshold': 290, 'en_rsi': True, 'rsi_n': 25, 'rsi_lower': 28, 'rsi_upper': 72, 'en_stochastic': False, 'stochastic_n': 98, 'stochastic_d': 3, 'stochastic_lower': 32, 'stochastic_upper': 98, 'en_mfi': True, 'mfi_n': 11, 'mfi_lower': 27, 'mfi_upper': 78, 'en_bollinger': False, 'bollinger_n': 56, 'bollinger_k': 2.0, 'en_adx': False, 'adx_n': 59, 'adx_threshold': 17, 'en_structure_trend': False, 'structure_trend_swing_l': 13, 'en_order_block': False, 'order_block_swing_l': 8, 'en_fvg': True, 'fvg_lookback': 24, 'en_ifvg': True, 'en_breaker': False, 'breaker_swing_l': 11, 'en_cisd': True, 'k': 4, 'en_cap_bars': True, 'cap_1min': 591}.
[I 2026-07-13 15:00:21,196] Trial 3961 finished with values: [3426.0005688792817, -9380.644321959508, 76.19999999999999] and parameters: {'sl_soft': 0.29406552811412545, 'sl_hard_delta': 0.2750942980522561, 'tp': 0.15809231644429605, 'gate_pct': 97.87184393359011, 'dd_limit': 0.6062953539401272, 'cooldown': 1, 'flip': False, 'en_ema_trend': False, 'ema_trend_fast': 302, 'ema_trend_slow': 161, 'en_sma_trend': True, 'sma_trend_fast': 397, 'sma_trend_slow': 22, 'en_macd': True, 'macd_fast': 11, 'macd_slow': 23, 'macd_signal': 71, 'en_vwap': True, 'en_keltner': True, 'keltner_n': 126, 'keltner_m': 1.3, 'en_obv': True, 'obv_slope': 61, 'en_cci': True, 'cci_n': 56, 'cci_threshold': 250, 'en_rsi': False, 'rsi_n': 93, 'rsi_lower': 46, 'rsi_upper': 90, 'en_stochastic': False, 'stochastic_n': 86, 'stochastic_d': 5, 'stochastic_lower': 40, 'stochastic_upper': 96, 'en_mfi': False, 'mfi_n': 19, 'mfi_lower': 3, 'mfi_upper': 99, 'en_bollinger': False, 'bollinger_n': 99, 'bollinger_k': 4.5, 'en_adx': False, 'adx_n': 53, 'adx_threshold': 43, 'en_structure_trend': False, 'structure_trend_swing_l': 9, 'en_order_block': True, 'order_block_swing_l': 20, 'en_fvg': True, 'fvg_lookback': 34, 'en_ifvg': False, 'en_breaker': False, 'breaker_swing_l': 19, 'en_cisd': False, 'k': 5, 'en_cap_bars': False, 'cap_1min': 1250}.
[I 2026-07-13 15:00:23,612] Trial 3962 finished with values: [-53.230687435057916, -13816.752298099287, 61.25] and parameters: {'sl_soft': 0.16996140481300154, 'sl_hard_delta': 0.3817260073301948, 'tp': 0.14518538625129632, 'gate_pct': 98.14251198602311, 'dd_limit': 3.764472083874483, 'cooldown': 2, 'flip': False, 'en_ema_trend': True, 'ema_trend_fast': 363, 'ema_trend_slow': 112, 'en_sma_trend': True, 'sma_trend_fast': 44, 'sma_trend_slow': 200, 'en_macd': True, 'macd_fast': 68, 'macd_slow': 168, 'macd_signal': 43, 'en_vwap': True, 'en_keltner': False, 'keltner_n': 24, 'keltner_m': 4.7, 'en_obv': False, 'obv_slope': 198, 'en_cci': True, 'cci_n': 55, 'cci_threshold': 250, 'en_rsi': True, 'rsi_n': 93, 'rsi_lower': 30, 'rsi_upper': 76, 'en_stochastic': False, 'stochastic_n': 95, 'stochastic_d': 40, 'stochastic_lower': 10, 'stochastic_upper': 79, 'en_mfi': False, 'mfi_n': 52, 'mfi_lower': 16, 'mfi_upper': 56, 'en_bollinger': False, 'bollinger_n': 166, 'bollinger_k': 2.6, 'en_adx': False, 'adx_n': 20, 'adx_threshold': 48, 'en_structure_trend': False, 'structure_trend_swing_l': 17, 'en_order_block': True, 'order_block_swing_l': 19, 'en_fvg': True, 'fvg_lookback': 29, 'en_ifvg': False, 'en_breaker': True, 'breaker_swing_l': 19, 'en_cisd': False, 'k': 4, 'en_cap_bars': False, 'cap_1min': 852}.
