[I 2026-07-13 14:30:45,002] Trial 2796 pruned. 
[I 2026-07-13 14:30:46,950] Trial 2797 pruned. 
[I 2026-07-13 14:30:47,464] Trial 2798 pruned. 
[I 2026-07-13 14:30:48,533] Trial 2799 pruned. 
[I 2026-07-13 14:30:48,788] Trial 2800 pruned. 
[I 2026-07-13 14:30:49,714] Trial 2801 pruned. 
[I 2026-07-13 14:30:50,254] Trial 2802 pruned. 
[I 2026-07-13 14:30:51,362] Trial 2803 pruned. 
[I 2026-07-13 14:30:53,435] Trial 2804 pruned. 
[I 2026-07-13 14:30:54,530] Trial 2805 pruned. 
[I 2026-07-13 14:30:55,345] Trial 2806 pruned. 
[I 2026-07-13 14:30:56,672] Trial 2807 pruned. 
[I 2026-07-13 14:30:57,762] Trial 2808 pruned. 
[I 2026-07-13 14:30:58,145] Trial 2809 pruned. 
[I 2026-07-13 14:31:02,014] Trial 2810 pruned. 
[I 2026-07-13 14:31:03,008] Trial 2811 pruned. 
[I 2026-07-13 14:31:03,819] Trial 2812 pruned. 
[I 2026-07-13 14:31:05,933] Trial 2813 pruned. 
[I 2026-07-13 14:31:06,959] Trial 2814 pruned. 
[I 2026-07-13 14:31:08,203] Trial 2815 pruned. 
[I 2026-07-13 14:31:08,968] Trial 2816 pruned. 
[I 2026-07-13 14:31:09,448] Trial 2817 pruned. 
[I 2026-07-13 14:31:11,373] Trial 2818 pruned. 
[I 2026-07-13 14:31:12,748] Trial 2819 pruned. 
[I 2026-07-13 14:31:13,656] Trial 2820 pruned. 
[I 2026-07-13 14:31:15,963] Trial 2821 pruned. 
[I 2026-07-13 14:31:17,269] Trial 2822 pruned. 
[I 2026-07-13 14:31:19,368] Trial 2823 pruned. 
[I 2026-07-13 14:31:20,338] Trial 2824 pruned. 
[I 2026-07-13 14:31:21,072] Trial 2825 pruned. 
[I 2026-07-13 14:31:22,428] Trial 2826 pruned. 
[I 2026-07-13 14:31:26,640] Trial 2827 pruned. 
[I 2026-07-13 14:31:27,846] Trial 2828 pruned. 
[I 2026-07-13 14:31:28,699] Trial 2829 pruned. 
[I 2026-07-13 14:31:29,971] Trial 2830 pruned. 
[I 2026-07-13 14:31:31,627] Trial 2831 pruned. 
[I 2026-07-13 14:31:33,942] Trial 2832 pruned. 
[I 2026-07-13 14:31:34,838] Trial 2833 pruned. 
[I 2026-07-13 14:31:35,784] Trial 2834 pruned. 
[I 2026-07-13 14:31:38,610] Trial 2835 pruned. 
[I 2026-07-13 14:31:39,137] Trial 2836 pruned. 
[I 2026-07-13 14:31:40,551] Trial 2837 pruned. 
[I 2026-07-13 14:31:40,959] Trial 2838 pruned. 
[I 2026-07-13 14:31:41,969] Trial 2839 pruned. 
[I 2026-07-13 14:31:42,193] Trial 2840 pruned. 
[I 2026-07-13 14:31:42,557] Trial 2841 pruned. 
[I 2026-07-13 14:31:44,393] Trial 2842 pruned. 
[I 2026-07-13 14:31:45,016] Trial 2843 pruned. 
[I 2026-07-13 14:31:46,962] Trial 2844 pruned. 
[I 2026-07-13 14:31:47,738] Trial 2845 pruned. 
[I 2026-07-13 14:31:48,397] Trial 2846 pruned. 
[I 2026-07-13 14:31:49,057] Trial 2847 pruned. 
[I 2026-07-13 14:31:50,253] Trial 2848 pruned. 
[I 2026-07-13 14:31:51,233] Trial 2849 pruned. 
[I 2026-07-13 14:31:52,572] Trial 2850 pruned. 
[I 2026-07-13 14:31:53,902] Trial 2851 pruned. 
[I 2026-07-13 14:31:54,765] Trial 2852 pruned. 
[I 2026-07-13 14:31:56,104] Trial 2853 pruned. 
[I 2026-07-13 14:31:57,883] Trial 2854 pruned. 
[I 2026-07-13 14:31:58,374] Trial 2855 pruned. 
[I 2026-07-13 14:31:59,722] Trial 2856 pruned. 
[I 2026-07-13 14:32:01,034] Trial 2857 pruned. 
[I 2026-07-13 14:32:02,332] Trial 2858 pruned. 
[I 2026-07-13 14:32:03,537] Trial 2859 pruned. 
[I 2026-07-13 14:32:04,164] Trial 2860 pruned. 
[I 2026-07-13 14:32:05,004] Trial 2861 pruned. 
[I 2026-07-13 14:32:05,918] Trial 2862 pruned. 
[I 2026-07-13 14:32:07,045] Trial 2863 pruned. 
[I 2026-07-13 14:32:08,977] Trial 2864 pruned. 
[I 2026-07-13 14:32:09,334] Trial 2865 pruned. 
[I 2026-07-13 14:32:10,493] Trial 2866 pruned. 
[I 2026-07-13 14:32:11,432] Trial 2867 pruned. 
[I 2026-07-13 14:32:12,176] Trial 2868 pruned. 
[I 2026-07-13 14:32:13,785] Trial 2869 pruned. 
[I 2026-07-13 14:32:14,896] Trial 2870 pruned. 
[I 2026-07-13 14:32:15,415] Trial 2871 pruned. 
[I 2026-07-13 14:32:16,922] Trial 2872 pruned. 
[I 2026-07-13 14:32:18,091] Trial 2873 pruned. 
[I 2026-07-13 14:32:19,220] Trial 2874 pruned. 
[I 2026-07-13 14:32:21,850] Trial 2875 pruned. 
[I 2026-07-13 14:32:22,583] Trial 2876 pruned. 
[I 2026-07-13 14:32:23,449] Trial 2877 pruned. 
[I 2026-07-13 14:32:24,261] Trial 2878 pruned. 
[I 2026-07-13 14:32:25,369] Trial 2879 pruned. 
[I 2026-07-13 14:32:25,600] Trial 2880 pruned. 
[I 2026-07-13 14:32:26,989] Trial 2881 pruned. 
[I 2026-07-13 14:32:27,958] Trial 2882 pruned. 
[I 2026-07-13 14:32:28,674] Trial 2883 pruned. 
[I 2026-07-13 14:32:29,197] Trial 2884 pruned. 
[I 2026-07-13 14:32:30,528] Trial 2885 pruned. 
[I 2026-07-13 14:32:31,662] Trial 2886 pruned. 
[I 2026-07-13 14:32:32,175] Trial 2887 pruned. 
[I 2026-07-13 14:32:34,440] Trial 2888 pruned. 
[I 2026-07-13 14:32:36,470] Trial 2889 pruned. 
[I 2026-07-13 14:32:37,401] Trial 2890 pruned. 
[I 2026-07-13 14:32:38,038] Trial 2891 pruned. 
[I 2026-07-13 14:32:39,613] Trial 2892 pruned. 
[I 2026-07-13 14:32:41,343] Trial 2893 pruned. 
[I 2026-07-13 14:32:42,701] Trial 2894 pruned. 
[I 2026-07-13 14:32:43,646] Trial 2895 pruned. 
[I 2026-07-13 14:32:47,737] Trial 2896 pruned. 
[I 2026-07-13 14:32:49,180] Trial 2897 pruned. 
[I 2026-07-13 14:32:51,461] Trial 2898 pruned. 
[I 2026-07-13 14:32:52,192] Trial 2899 pruned. 
[I 2026-07-13 14:32:53,490] Trial 2900 pruned. 
[I 2026-07-13 14:32:54,436] Trial 2901 pruned. 
[I 2026-07-13 14:32:55,228] Trial 2902 pruned. 
[I 2026-07-13 14:32:57,667] Trial 2903 pruned. 
[I 2026-07-13 14:32:58,647] Trial 2904 pruned. 
[I 2026-07-13 14:33:00,225] Trial 2905 pruned. 
[I 2026-07-13 14:33:00,967] Trial 2906 pruned. 
[I 2026-07-13 14:33:02,448] Trial 2907 pruned. 
[I 2026-07-13 14:33:04,254] Trial 2908 pruned. 
[I 2026-07-13 14:33:07,224] Trial 2909 pruned. 
[I 2026-07-13 14:33:07,787] Trial 2910 pruned. 
[I 2026-07-13 14:33:10,874] Trial 2911 pruned. 
[I 2026-07-13 14:33:12,353] Trial 2912 pruned. 
[I 2026-07-13 14:33:13,310] Trial 2913 pruned. 
[I 2026-07-13 14:33:14,929] Trial 2914 pruned. 
[I 2026-07-13 14:33:17,195] Trial 2915 pruned. 
[I 2026-07-13 14:33:19,393] Trial 2916 pruned. 
[I 2026-07-13 14:33:21,809] Trial 2917 pruned. 
[I 2026-07-13 14:33:23,412] Trial 2918 pruned. 
[I 2026-07-13 14:33:28,174] Trial 2919 finished with values: [-250.30369929265203, -14700.665979802101, 38.2] and parameters: {'sl_soft': 0.1380777235466247, 'sl_hard_delta': 0.37829453785567446, 'tp': 0.2955199221201565, 'gate_pct': 98.514712353421, 'dd_limit': 4.91628186162365, 'cooldown': 0, 'flip': True, 'en_ema_trend': True, 'ema_trend_fast': 290, 'ema_trend_slow': 19, 'en_sma_trend': False, 'sma_trend_fast': 314, 'sma_trend_slow': 228, 'en_macd': True, 'macd_fast': 78, 'macd_slow': 106, 'macd_signal': 22, 'en_vwap': True, 'en_keltner': True, 'keltner_n': 44, 'keltner_m': 1.3, 'en_obv': False, 'obv_slope': 21, 'en_cci': False, 'cci_n': 21, 'cci_threshold': 200, 'en_rsi': True, 'rsi_n': 36, 'rsi_lower': 10, 'rsi_upper': 70, 'en_stochastic': False, 'stochastic_n': 61, 'stochastic_d': 45, 'stochastic_lower': 19, 'stochastic_upper': 54, 'en_mfi': True, 'mfi_n': 29, 'mfi_lower': 19, 'mfi_upper': 84, 'en_bollinger': False, 'bollinger_n': 33, 'bollinger_k': 4.4, 'en_adx': False, 'adx_n': 26, 'adx_threshold': 40, 'en_structure_trend': False, 'structure_trend_swing_l': 17, 'en_order_block': False, 'order_block_swing_l': 15, 'en_fvg': True, 'fvg_lookback': 32, 'en_ifvg': False, 'en_breaker': False, 'breaker_swing_l': 15, 'en_cisd': False, 'k': 3, 'en_cap_bars': False, 'cap_1min': 404}.
[I 2026-07-13 14:33:28,363] Trial 2920 pruned. 
[I 2026-07-13 14:33:31,698] Trial 2921 pruned. 
[I 2026-07-13 14:33:32,730] Trial 2922 pruned. 
[I 2026-07-13 14:33:34,061] Trial 2923 pruned. 
[I 2026-07-13 14:33:35,590] Trial 2924 pruned. 
[I 2026-07-13 14:33:47,047] Trial 2925 finished with values: [-314.3003951276512, -14362.72128295926, 35.4] and parameters: {'sl_soft': 0.19097733979887946, 'sl_hard_delta': 0.04292719685034583, 'tp': 0.4476637440319783, 'gate_pct': 98.19812780594039, 'dd_limit': 8.695879980087707, 'cooldown': 0, 'flip': False, 'en_ema_trend': False, 'ema_trend_fast': 277, 'ema_trend_slow': 178, 'en_sma_trend': True, 'sma_trend_fast': 274, 'sma_trend_slow': 94, 'en_macd': False, 'macd_fast': 51, 'macd_slow': 59, 'macd_signal': 43, 'en_vwap': False, 'en_keltner': True, 'keltner_n': 173, 'keltner_m': 3.8000000000000003, 'en_obv': False, 'obv_slope': 125, 'en_cci': True, 'cci_n': 108, 'cci_threshold': 130, 'en_rsi': False, 'rsi_n': 42, 'rsi_lower': 38, 'rsi_upper': 57, 'en_stochastic': True, 'stochastic_n': 44, 'stochastic_d': 45, 'stochastic_lower': 13, 'stochastic_upper': 93, 'en_mfi': True, 'mfi_n': 42, 'mfi_lower': 28, 'mfi_upper': 83, 'en_bollinger': False, 'bollinger_n': 192, 'bollinger_k': 1.6, 'en_adx': True, 'adx_n': 96, 'adx_threshold': 9, 'en_structure_trend': False, 'structure_trend_swing_l': 3, 'en_order_block': False, 'order_block_swing_l': 19, 'en_fvg': False, 'fvg_lookback': 33, 'en_ifvg': False, 'en_breaker': True, 'breaker_swing_l': 7, 'en_cisd': False, 'k': 1, 'en_cap_bars': True, 'cap_1min': 213}.
[I 2026-07-13 14:33:50,393] Trial 2926 pruned. 
[I 2026-07-13 14:33:51,994] Trial 2927 pruned. 
[I 2026-07-13 14:33:55,258] Trial 2928 pruned. 
[I 2026-07-13 14:33:59,284] Trial 2929 pruned. 
[I 2026-07-13 14:34:00,288] Trial 2930 pruned. 
[I 2026-07-13 14:34:00,611] Trial 2931 pruned. 
[I 2026-07-13 14:34:02,558] Trial 2932 pruned. 
[I 2026-07-13 14:34:05,477] Trial 2933 pruned. 
[I 2026-07-13 14:34:06,532] Trial 2934 pruned. 
[I 2026-07-13 14:34:07,221] Trial 2935 pruned. 
[I 2026-07-13 14:34:07,759] Trial 2936 pruned. 
[I 2026-07-13 14:34:09,368] Trial 2937 pruned. 
[I 2026-07-13 14:34:11,281] Trial 2938 pruned. 
[I 2026-07-13 14:34:12,373] Trial 2939 pruned. 
[I 2026-07-13 14:34:13,486] Trial 2940 pruned. 
[I 2026-07-13 14:34:15,528] Trial 2941 pruned. 
[I 2026-07-13 14:34:15,897] Trial 2942 pruned. 
[I 2026-07-13 14:34:16,339] Trial 2943 pruned. 
[I 2026-07-13 14:34:17,504] Trial 2944 pruned. 
[I 2026-07-13 14:34:18,540] Trial 2945 pruned. 
[I 2026-07-13 14:34:19,786] Trial 2946 pruned. 
[I 2026-07-13 14:34:22,741] Trial 2947 pruned. 
[I 2026-07-13 14:34:24,291] Trial 2948 pruned. 
[I 2026-07-13 14:34:24,682] Trial 2949 pruned. 
[I 2026-07-13 14:34:25,397] Trial 2950 pruned. 
[I 2026-07-13 14:34:25,928] Trial 2951 pruned. 
[I 2026-07-13 14:34:26,673] Trial 2952 pruned. 
[I 2026-07-13 14:34:28,251] Trial 2953 pruned. 
[I 2026-07-13 14:34:28,671] Trial 2954 pruned. 
[I 2026-07-13 14:34:30,327] Trial 2955 pruned. 
[I 2026-07-13 14:34:32,035] Trial 2956 pruned. 
[I 2026-07-13 14:34:32,469] Trial 2957 pruned. 
[I 2026-07-13 14:34:34,860] Trial 2958 pruned. 
[I 2026-07-13 14:34:35,742] Trial 2959 pruned. 
[I 2026-07-13 14:34:36,347] Trial 2960 pruned. 
[I 2026-07-13 14:34:41,323] Trial 2961 finished with values: [302.96517868890805, -13228.747908777334, 42.45] and parameters: {'sl_soft': 0.24546381576078602, 'sl_hard_delta': 0.2070353200582658, 'tp': 0.44981217247065586, 'gate_pct': 95.9102431258569, 'dd_limit': 0.7901269238090842, 'cooldown': 0, 'flip': True, 'en_ema_trend': True, 'ema_trend_fast': 157, 'ema_trend_slow': 157, 'en_sma_trend': True, 'sma_trend_fast': 331, 'sma_trend_slow': 213, 'en_macd': True, 'macd_fast': 57, 'macd_slow': 156, 'macd_signal': 23, 'en_vwap': False, 'en_keltner': True, 'keltner_n': 110, 'keltner_m': 1.0, 'en_obv': False, 'obv_slope': 146, 'en_cci': True, 'cci_n': 4, 'cci_threshold': 190, 'en_rsi': True, 'rsi_n': 53, 'rsi_lower': 44, 'rsi_upper': 88, 'en_stochastic': False, 'stochastic_n': 49, 'stochastic_d': 34, 'stochastic_lower': 31, 'stochastic_upper': 99, 'en_mfi': False, 'mfi_n': 68, 'mfi_lower': 15, 'mfi_upper': 85, 'en_bollinger': False, 'bollinger_n': 114, 'bollinger_k': 3.3000000000000003, 'en_adx': False, 'adx_n': 17, 'adx_threshold': 42, 'en_structure_trend': False, 'structure_trend_swing_l': 19, 'en_order_block': True, 'order_block_swing_l': 11, 'en_fvg': False, 'fvg_lookback': 22, 'en_ifvg': True, 'en_breaker': True, 'breaker_swing_l': 6, 'en_cisd': True, 'k': 3, 'en_cap_bars': False, 'cap_1min': 600}.
[I 2026-07-13 14:34:42,387] Trial 2962 pruned. 
[I 2026-07-13 14:34:44,367] Trial 2963 pruned. 
[I 2026-07-13 14:34:45,848] Trial 2964 pruned. 
[I 2026-07-13 14:34:47,451] Trial 2965 pruned. 
[I 2026-07-13 14:34:48,214] Trial 2966 pruned. 
[I 2026-07-13 14:34:49,087] Trial 2967 pruned. 
[I 2026-07-13 14:34:50,656] Trial 2968 pruned. 
[I 2026-07-13 14:34:51,841] Trial 2969 pruned. 
[I 2026-07-13 14:34:52,950] Trial 2970 pruned. 
[I 2026-07-13 14:34:54,063] Trial 2971 pruned. 
[I 2026-07-13 14:34:55,134] Trial 2972 pruned. 
[I 2026-07-13 14:34:56,711] Trial 2973 pruned. 
[I 2026-07-13 14:34:57,539] Trial 2974 pruned. 
[I 2026-07-13 14:34:57,960] Trial 2975 pruned. 
[I 2026-07-13 14:34:59,433] Trial 2976 pruned. 
[I 2026-07-13 14:35:01,796] Trial 2977 pruned. 
[I 2026-07-13 14:35:02,845] Trial 2978 pruned. 
[I 2026-07-13 14:35:04,528] Trial 2979 pruned. 
[I 2026-07-13 14:35:05,445] Trial 2980 pruned. 
[I 2026-07-13 14:35:06,636] Trial 2981 pruned. 
[I 2026-07-13 14:35:07,576] Trial 2982 pruned. 
[I 2026-07-13 14:35:08,710] Trial 2983 pruned. 
[I 2026-07-13 14:35:09,430] Trial 2984 pruned. 
[I 2026-07-13 14:35:11,076] Trial 2985 pruned. 
[I 2026-07-13 14:35:11,922] Trial 2986 pruned. 
[I 2026-07-13 14:35:13,352] Trial 2987 pruned. 
[I 2026-07-13 14:35:13,760] Trial 2988 pruned. 
[I 2026-07-13 14:35:14,988] Trial 2989 pruned. 
[I 2026-07-13 14:35:16,506] Trial 2990 pruned. 
[I 2026-07-13 14:35:18,020] Trial 2991 pruned. 
[I 2026-07-13 14:35:20,580] Trial 2992 finished with values: [2116.025727436953, -31047.936961221912, 55.7] and parameters: {'sl_soft': 0.2732050493036312, 'sl_hard_delta': 0.04692873047624021, 'tp': 0.3271516212067491, 'gate_pct': 96.1200905209727, 'dd_limit': 7.263643020862046, 'cooldown': 0, 'flip': False, 'en_ema_trend': False, 'ema_trend_fast': 116, 'ema_trend_slow': 21, 'en_sma_trend': True, 'sma_trend_fast': 153, 'sma_trend_slow': 322, 'en_macd': True, 'macd_fast': 36, 'macd_slow': 118, 'macd_signal': 12, 'en_vwap': True, 'en_keltner': True, 'keltner_n': 64, 'keltner_m': 4.4, 'en_obv': True, 'obv_slope': 96, 'en_cci': False, 'cci_n': 116, 'cci_threshold': 115, 'en_rsi': False, 'rsi_n': 57, 'rsi_lower': 15, 'rsi_upper': 60, 'en_stochastic': False, 'stochastic_n': 29, 'stochastic_d': 44, 'stochastic_lower': 7, 'stochastic_upper': 63, 'en_mfi': False, 'mfi_n': 8, 'mfi_lower': 40, 'mfi_upper': 94, 'en_bollinger': True, 'bollinger_n': 33, 'bollinger_k': 2.4000000000000004, 'en_adx': False, 'adx_n': 55, 'adx_threshold': 8, 'en_structure_trend': True, 'structure_trend_swing_l': 13, 'en_order_block': False, 'order_block_swing_l': 10, 'en_fvg': False, 'fvg_lookback': 48, 'en_ifvg': False, 'en_breaker': True, 'breaker_swing_l': 9, 'en_cisd': True, 'k': 2, 'en_cap_bars': True, 'cap_1min': 143}.
[I 2026-07-13 14:35:21,861] Trial 2993 pruned. 
[I 2026-07-13 14:35:23,265] Trial 2994 pruned. 
[I 2026-07-13 14:35:25,274] Trial 2995 pruned. 
[I 2026-07-13 14:35:28,123] Trial 2996 pruned. 
[I 2026-07-13 14:35:29,433] Trial 2997 pruned. 
[I 2026-07-13 14:35:30,766] Trial 2998 pruned. 
[I 2026-07-13 14:35:31,772] Trial 2999 pruned. 
[I 2026-07-13 14:35:32,006] Trial 3000 pruned. 
[I 2026-07-13 14:35:33,024] Trial 3001 pruned. 
[I 2026-07-13 14:35:35,929] Trial 3002 pruned. 
[I 2026-07-13 14:35:39,028] Trial 3003 pruned. 
[I 2026-07-13 14:35:40,548] Trial 3004 pruned. 
[I 2026-07-13 14:35:43,291] Trial 3005 finished with values: [655.3531931064238, -47776.35969741081, 55.0] and parameters: {'sl_soft': 0.26138411655380034, 'sl_hard_delta': 0.16747229358174806, 'tp': 0.2555058865517714, 'gate_pct': 94.04749196649728, 'dd_limit': 2.2378945291746732, 'cooldown': 0, 'flip': False, 'en_ema_trend': True, 'ema_trend_fast': 30, 'ema_trend_slow': 255, 'en_sma_trend': True, 'sma_trend_fast': 118, 'sma_trend_slow': 137, 'en_macd': False, 'macd_fast': 10, 'macd_slow': 12, 'macd_signal': 52, 'en_vwap': True, 'en_keltner': False, 'keltner_n': 9, 'keltner_m': 0.5, 'en_obv': True, 'obv_slope': 155, 'en_cci': False, 'cci_n': 18, 'cci_threshold': 180, 'en_rsi': True, 'rsi_n': 84, 'rsi_lower': 34, 'rsi_upper': 87, 'en_stochastic': False, 'stochastic_n': 61, 'stochastic_d': 50, 'stochastic_lower': 33, 'stochastic_upper': 60, 'en_mfi': True, 'mfi_n': 99, 'mfi_lower': 15, 'mfi_upper': 63, 'en_bollinger': True, 'bollinger_n': 142, 'bollinger_k': 5.0, 'en_adx': False, 'adx_n': 56, 'adx_threshold': 12, 'en_structure_trend': False, 'structure_trend_swing_l': 7, 'en_order_block': True, 'order_block_swing_l': 18, 'en_fvg': False, 'fvg_lookback': 44, 'en_ifvg': False, 'en_breaker': True, 'breaker_swing_l': 11, 'en_cisd': False, 'k': 4, 'en_cap_bars': False, 'cap_1min': 461}.
[I 2026-07-13 14:35:44,822] Trial 3006 pruned. 
[I 2026-07-13 14:35:45,995] Trial 3007 pruned. 
[I 2026-07-13 14:35:47,196] Trial 3008 pruned. 
[I 2026-07-13 14:35:49,004] Trial 3009 pruned. 
[I 2026-07-13 14:35:49,496] Trial 3010 pruned. 
[I 2026-07-13 14:35:50,462] Trial 3011 pruned. 
[I 2026-07-13 14:35:52,668] Trial 3012 pruned. 
[I 2026-07-13 14:35:53,804] Trial 3013 pruned. 
[I 2026-07-13 14:35:54,270] Trial 3014 pruned. 
[I 2026-07-13 14:35:54,983] Trial 3015 pruned. 
[I 2026-07-13 14:35:55,786] Trial 3016 pruned. 
[I 2026-07-13 14:35:57,122] Trial 3017 pruned. 
[I 2026-07-13 14:36:00,034] Trial 3018 pruned. 
[I 2026-07-13 14:36:00,346] Trial 3019 pruned. 
[I 2026-07-13 14:36:01,095] Trial 3020 pruned. 
[I 2026-07-13 14:36:02,826] Trial 3021 pruned. 
[I 2026-07-13 14:36:04,748] Trial 3022 pruned. 
[I 2026-07-13 14:36:05,743] Trial 3023 pruned. 
[I 2026-07-13 14:36:07,261] Trial 3024 pruned. 
[I 2026-07-13 14:36:07,617] Trial 3025 pruned. 
[I 2026-07-13 14:36:09,299] Trial 3026 pruned. 
[I 2026-07-13 14:36:09,824] Trial 3027 pruned. 
[I 2026-07-13 14:36:10,887] Trial 3028 pruned. 
[I 2026-07-13 14:36:11,307] Trial 3029 pruned. 
[I 2026-07-13 14:36:12,121] Trial 3030 pruned. 
[I 2026-07-13 14:36:13,192] Trial 3031 pruned. 
[I 2026-07-13 14:36:13,703] Trial 3032 pruned. 
[I 2026-07-13 14:36:18,524] Trial 3033 finished with values: [610.2995892880967, -2134.784646977792, 75.44999999999999] and parameters: {'sl_soft': 0.13767479743605357, 'sl_hard_delta': 0.34807457696003896, 'tp': 0.08304307060442956, 'gate_pct': 99.60506126830711, 'dd_limit': 6.5154853630492955, 'cooldown': 0, 'flip': True, 'en_ema_trend': True, 'ema_trend_fast': 97, 'ema_trend_slow': 212, 'en_sma_trend': True, 'sma_trend_fast': 265, 'sma_trend_slow': 50, 'en_macd': True, 'macd_fast': 18, 'macd_slow': 127, 'macd_signal': 98, 'en_vwap': False, 'en_keltner': False, 'keltner_n': 79, 'keltner_m': 0.7, 'en_obv': True, 'obv_slope': 92, 'en_cci': True, 'cci_n': 172, 'cci_threshold': 290, 'en_rsi': True, 'rsi_n': 56, 'rsi_lower': 28, 'rsi_upper': 90, 'en_stochastic': False, 'stochastic_n': 98, 'stochastic_d': 49, 'stochastic_lower': 21, 'stochastic_upper': 78, 'en_mfi': True, 'mfi_n': 97, 'mfi_lower': 27, 'mfi_upper': 51, 'en_bollinger': False, 'bollinger_n': 69, 'bollinger_k': 1.7000000000000002, 'en_adx': False, 'adx_n': 11, 'adx_threshold': 17, 'en_structure_trend': False, 'structure_trend_swing_l': 15, 'en_order_block': False, 'order_block_swing_l': 20, 'en_fvg': True, 'fvg_lookback': 24, 'en_ifvg': True, 'en_breaker': False, 'breaker_swing_l': 13, 'en_cisd': False, 'k': 4, 'en_cap_bars': False, 'cap_1min': 59}.
[I 2026-07-13 14:36:19,130] Trial 3034 pruned. 
[I 2026-07-13 14:36:20,210] Trial 3035 pruned. 
[I 2026-07-13 14:36:21,068] Trial 3036 pruned. 
[I 2026-07-13 14:36:23,791] Trial 3037 pruned. 
[I 2026-07-13 14:36:24,921] Trial 3038 pruned. 
[I 2026-07-13 14:36:25,309] Trial 3039 pruned. 
[I 2026-07-13 14:36:25,574] Trial 3040 pruned. 
[I 2026-07-13 14:36:27,238] Trial 3041 pruned. 
[I 2026-07-13 14:36:29,828] Trial 3042 pruned. 
[I 2026-07-13 14:36:31,184] Trial 3043 pruned. 
[I 2026-07-13 14:36:31,636] Trial 3044 pruned. 
[I 2026-07-13 14:36:33,382] Trial 3045 pruned. 
[I 2026-07-13 14:36:34,464] Trial 3046 pruned. 
[I 2026-07-13 14:36:35,566] Trial 3047 pruned. 
[I 2026-07-13 14:36:36,397] Trial 3048 pruned. 
[I 2026-07-13 14:36:37,643] Trial 3049 pruned. 
[I 2026-07-13 14:36:39,183] Trial 3050 pruned. 
[I 2026-07-13 14:36:40,083] Trial 3051 pruned. 
[I 2026-07-13 14:36:42,184] Trial 3052 pruned. 
[I 2026-07-13 14:36:43,931] Trial 3053 pruned. 
[I 2026-07-13 14:36:45,794] Trial 3054 pruned. 
[I 2026-07-13 14:36:48,082] Trial 3055 pruned. 
[I 2026-07-13 14:36:49,206] Trial 3056 pruned. 
[I 2026-07-13 14:36:50,352] Trial 3057 pruned. 
[I 2026-07-13 14:36:51,621] Trial 3058 pruned. 
[I 2026-07-13 14:36:52,714] Trial 3059 pruned. 
[I 2026-07-13 14:36:53,675] Trial 3060 pruned. 
[I 2026-07-13 14:36:54,968] Trial 3061 pruned. 
[I 2026-07-13 14:36:56,255] Trial 3062 pruned. 
[I 2026-07-13 14:36:57,419] Trial 3063 pruned. 
[I 2026-07-13 14:36:58,566] Trial 3064 pruned. 
[I 2026-07-13 14:36:59,779] Trial 3065 pruned. 
[I 2026-07-13 14:37:00,706] Trial 3066 pruned. 
[I 2026-07-13 14:37:01,099] Trial 3067 pruned. 
[I 2026-07-13 14:37:02,040] Trial 3068 pruned. 
[I 2026-07-13 14:37:03,185] Trial 3069 pruned. 
[I 2026-07-13 14:37:04,807] Trial 3070 pruned. 
[I 2026-07-13 14:37:06,238] Trial 3071 pruned. 
[I 2026-07-13 14:37:06,738] Trial 3072 pruned. 
[I 2026-07-13 14:37:07,812] Trial 3073 pruned. 
[I 2026-07-13 14:37:08,865] Trial 3074 pruned. 
[I 2026-07-13 14:37:11,180] Trial 3075 pruned. 
[I 2026-07-13 14:37:12,778] Trial 3076 pruned. 
[I 2026-07-13 14:37:13,995] Trial 3077 pruned. 
[I 2026-07-13 14:37:14,335] Trial 3078 pruned. 
[I 2026-07-13 14:37:15,326] Trial 3079 pruned. 
[I 2026-07-13 14:37:15,561] Trial 3080 pruned. 
[I 2026-07-13 14:37:18,014] Trial 3081 pruned. 
[I 2026-07-13 14:37:18,920] Trial 3082 pruned. 
[I 2026-07-13 14:37:20,660] Trial 3083 pruned. 
[I 2026-07-13 14:37:21,675] Trial 3084 pruned. 
[I 2026-07-13 14:37:23,170] Trial 3085 pruned. 
[I 2026-07-13 14:37:24,141] Trial 3086 pruned. 
[I 2026-07-13 14:37:24,620] Trial 3087 pruned. 
[I 2026-07-13 14:37:25,467] Trial 3088 pruned. 
[I 2026-07-13 14:37:26,413] Trial 3089 pruned. 
[I 2026-07-13 14:37:28,012] Trial 3090 pruned. 
[I 2026-07-13 14:37:28,630] Trial 3091 pruned. 
[I 2026-07-13 14:37:28,911] Trial 3092 pruned. 
[I 2026-07-13 14:37:30,998] Trial 3093 pruned. 
[I 2026-07-13 14:37:31,548] Trial 3094 pruned. 
[I 2026-07-13 14:37:32,888] Trial 3095 pruned. 
