[I 2026-07-13 13:59:52,092] Trial 1411 pruned. 
[I 2026-07-13 13:59:52,934] Trial 1412 pruned. 
[I 2026-07-13 14:00:00,508] Trial 1413 finished with values: [3918.1416370718302, -5930.421079020043, 49.7] and parameters: {'sl_soft': 0.17299259093013, 'sl_hard_delta': 0.14809162487386876, 'tp': 0.31247296164763494, 'gate_pct': 98.21870877115913, 'dd_limit': 0.8350241645118831, 'cooldown': 2, 'flip': False, 'en_ema_trend': False, 'ema_trend_fast': 38, 'ema_trend_slow': 60, 'en_sma_trend': False, 'sma_trend_fast': 322, 'sma_trend_slow': 157, 'en_macd': True, 'macd_fast': 52, 'macd_slow': 134, 'macd_signal': 21, 'en_vwap': False, 'en_keltner': False, 'keltner_n': 26, 'keltner_m': 1.3, 'en_obv': True, 'obv_slope': 82, 'en_cci': True, 'cci_n': 107, 'cci_threshold': 220, 'en_rsi': False, 'rsi_n': 16, 'rsi_lower': 47, 'rsi_upper': 65, 'en_stochastic': True, 'stochastic_n': 53, 'stochastic_d': 30, 'stochastic_lower': 7, 'stochastic_upper': 74, 'en_mfi': True, 'mfi_n': 35, 'mfi_lower': 5, 'mfi_upper': 70, 'en_bollinger': False, 'bollinger_n': 120, 'bollinger_k': 3.8000000000000003, 'en_adx': False, 'adx_n': 85, 'adx_threshold': 42, 'en_structure_trend': False, 'structure_trend_swing_l': 1, 'en_order_block': False, 'order_block_swing_l': 12, 'en_fvg': True, 'fvg_lookback': 5, 'en_ifvg': False, 'en_breaker': True, 'breaker_swing_l': 8, 'en_cisd': False, 'k': 4, 'en_cap_bars': True, 'cap_1min': 219}.
[I 2026-07-13 14:00:00,885] Trial 1414 pruned. 
[I 2026-07-13 14:00:02,984] Trial 1415 pruned. 
[I 2026-07-13 14:00:03,403] Trial 1416 pruned. 
[I 2026-07-13 14:00:03,766] Trial 1417 pruned. 
[I 2026-07-13 14:00:04,363] Trial 1418 pruned. 
[I 2026-07-13 14:00:04,960] Trial 1419 pruned. 
[I 2026-07-13 14:00:05,429] Trial 1420 pruned. 
[I 2026-07-13 14:00:07,030] Trial 1421 pruned. 
[I 2026-07-13 14:00:08,735] Trial 1422 pruned. 
[I 2026-07-13 14:00:09,023] Trial 1423 pruned. 
[I 2026-07-13 14:00:09,640] Trial 1424 pruned. 
[I 2026-07-13 14:00:10,945] Trial 1425 pruned. 
[I 2026-07-13 14:00:11,236] Trial 1426 pruned. 
[I 2026-07-13 14:00:12,310] Trial 1427 pruned. 
[I 2026-07-13 14:00:13,263] Trial 1428 pruned. 
[I 2026-07-13 14:00:14,490] Trial 1429 pruned. 
[I 2026-07-13 14:00:16,497] Trial 1430 pruned. 
[I 2026-07-13 14:00:17,870] Trial 1431 pruned. 
[I 2026-07-13 14:00:18,181] Trial 1432 pruned. 
[I 2026-07-13 14:00:19,570] Trial 1433 pruned. 
[I 2026-07-13 14:00:20,939] Trial 1434 pruned. 
[I 2026-07-13 14:00:22,668] Trial 1435 pruned. 
[I 2026-07-13 14:00:23,710] Trial 1436 pruned. 
[I 2026-07-13 14:00:24,864] Trial 1437 pruned. 
[I 2026-07-13 14:00:25,411] Trial 1438 pruned. 
[I 2026-07-13 14:00:26,225] Trial 1439 pruned. 
[I 2026-07-13 14:00:26,468] Trial 1440 pruned. 
[I 2026-07-13 14:00:27,318] Trial 1441 pruned. 
[I 2026-07-13 14:00:28,231] Trial 1442 pruned. 
[I 2026-07-13 14:00:29,139] Trial 1443 pruned. 
[I 2026-07-13 14:00:31,110] Trial 1444 pruned. 
[I 2026-07-13 14:00:32,318] Trial 1445 pruned. 
[I 2026-07-13 14:00:33,532] Trial 1446 pruned. 
[I 2026-07-13 14:00:36,537] Trial 1447 pruned. 
[I 2026-07-13 14:00:38,445] Trial 1448 pruned. 
[I 2026-07-13 14:00:40,913] Trial 1449 pruned. 
[I 2026-07-13 14:00:43,538] Trial 1450 pruned. 
[I 2026-07-13 14:00:44,258] Trial 1451 pruned. 
[I 2026-07-13 14:00:45,348] Trial 1452 pruned. 
[I 2026-07-13 14:00:47,279] Trial 1453 pruned. 
[I 2026-07-13 14:00:48,160] Trial 1454 pruned. 
[I 2026-07-13 14:00:49,324] Trial 1455 pruned. 
[I 2026-07-13 14:00:52,274] Trial 1456 pruned. 
[I 2026-07-13 14:00:53,249] Trial 1457 pruned. 
[I 2026-07-13 14:00:54,683] Trial 1458 pruned. 
[I 2026-07-13 14:00:55,123] Trial 1459 pruned. 
[I 2026-07-13 14:00:56,753] Trial 1460 pruned. 
[I 2026-07-13 14:00:57,738] Trial 1461 pruned. 
[I 2026-07-13 14:00:59,841] Trial 1462 pruned. 
[I 2026-07-13 14:01:00,608] Trial 1463 pruned. 
[I 2026-07-13 14:01:02,541] Trial 1464 pruned. 
[I 2026-07-13 14:01:06,027] Trial 1465 pruned. 
[I 2026-07-13 14:01:06,711] Trial 1466 pruned. 
[I 2026-07-13 14:01:07,682] Trial 1467 pruned. 
[I 2026-07-13 14:01:09,028] Trial 1468 pruned. 
[I 2026-07-13 14:01:09,381] Trial 1469 pruned. 
[I 2026-07-13 14:01:10,436] Trial 1470 pruned. 
[I 2026-07-13 14:01:12,798] Trial 1471 pruned. 
[I 2026-07-13 14:01:14,007] Trial 1472 pruned. 
[I 2026-07-13 14:01:14,676] Trial 1473 pruned. 
[I 2026-07-13 14:01:16,599] Trial 1474 pruned. 
[I 2026-07-13 14:01:17,645] Trial 1475 pruned. 
[I 2026-07-13 14:01:19,850] Trial 1476 pruned. 
[I 2026-07-13 14:01:20,760] Trial 1477 pruned. 
[I 2026-07-13 14:01:21,611] Trial 1478 pruned. 
[I 2026-07-13 14:01:23,207] Trial 1479 pruned. 
[I 2026-07-13 14:01:23,375] Trial 1480 pruned. 
[I 2026-07-13 14:01:25,270] Trial 1481 pruned. 
[I 2026-07-13 14:01:27,090] Trial 1482 pruned. 
[I 2026-07-13 14:01:28,709] Trial 1483 pruned. 
[I 2026-07-13 14:01:29,169] Trial 1484 pruned. 
[I 2026-07-13 14:01:42,267] Trial 1485 finished with values: [-2644.8829792206216, -5199.379108925299, 59.7] and parameters: {'sl_soft': 0.28744342537097295, 'sl_hard_delta': 0.10840870068056514, 'tp': 0.1203254347554967, 'gate_pct': 98.48047888249093, 'dd_limit': 1.8093410380953228, 'cooldown': 2, 'flip': True, 'en_ema_trend': True, 'ema_trend_fast': 83, 'ema_trend_slow': 2, 'en_sma_trend': True, 'sma_trend_fast': 320, 'sma_trend_slow': 262, 'en_macd': True, 'macd_fast': 98, 'macd_slow': 150, 'macd_signal': 4, 'en_vwap': False, 'en_keltner': False, 'keltner_n': 171, 'keltner_m': 2.7, 'en_obv': False, 'obv_slope': 122, 'en_cci': False, 'cci_n': 107, 'cci_threshold': 160, 'en_rsi': True, 'rsi_n': 95, 'rsi_lower': 10, 'rsi_upper': 63, 'en_stochastic': True, 'stochastic_n': 36, 'stochastic_d': 29, 'stochastic_lower': 3, 'stochastic_upper': 67, 'en_mfi': False, 'mfi_n': 93, 'mfi_lower': 31, 'mfi_upper': 74, 'en_bollinger': True, 'bollinger_n': 90, 'bollinger_k': 4.5, 'en_adx': True, 'adx_n': 56, 'adx_threshold': 11, 'en_structure_trend': False, 'structure_trend_swing_l': 20, 'en_order_block': False, 'order_block_swing_l': 4, 'en_fvg': False, 'fvg_lookback': 44, 'en_ifvg': True, 'en_breaker': True, 'breaker_swing_l': 11, 'en_cisd': False, 'k': 2, 'en_cap_bars': False, 'cap_1min': 884}.
[I 2026-07-13 14:01:43,609] Trial 1486 pruned. 
[I 2026-07-13 14:01:44,903] Trial 1487 pruned. 
[I 2026-07-13 14:01:46,306] Trial 1488 pruned. 
[I 2026-07-13 14:01:47,179] Trial 1489 pruned. 
[I 2026-07-13 14:01:48,410] Trial 1490 pruned. 
[I 2026-07-13 14:01:49,343] Trial 1491 pruned. 
[I 2026-07-13 14:01:58,674] Trial 1492 finished with values: [1132.343180736903, -4194.7496085296625, 45.6] and parameters: {'sl_soft': 0.06285811424630114, 'sl_hard_delta': 0.23225100592239348, 'tp': 0.163792479600047, 'gate_pct': 99.2091305706916, 'dd_limit': 6.921955355235141, 'cooldown': 0, 'flip': True, 'en_ema_trend': False, 'ema_trend_fast': 399, 'ema_trend_slow': 381, 'en_sma_trend': False, 'sma_trend_fast': 288, 'sma_trend_slow': 48, 'en_macd': True, 'macd_fast': 54, 'macd_slow': 158, 'macd_signal': 58, 'en_vwap': True, 'en_keltner': True, 'keltner_n': 200, 'keltner_m': 4.7, 'en_obv': True, 'obv_slope': 153, 'en_cci': False, 'cci_n': 125, 'cci_threshold': 25, 'en_rsi': False, 'rsi_n': 85, 'rsi_lower': 30, 'rsi_upper': 62, 'en_stochastic': True, 'stochastic_n': 17, 'stochastic_d': 26, 'stochastic_lower': 36, 'stochastic_upper': 94, 'en_mfi': True, 'mfi_n': 16, 'mfi_lower': 49, 'mfi_upper': 93, 'en_bollinger': True, 'bollinger_n': 12, 'bollinger_k': 3.3000000000000003, 'en_adx': False, 'adx_n': 2, 'adx_threshold': 57, 'en_structure_trend': False, 'structure_trend_swing_l': 6, 'en_order_block': False, 'order_block_swing_l': 10, 'en_fvg': True, 'fvg_lookback': 47, 'en_ifvg': True, 'en_breaker': False, 'breaker_swing_l': 3, 'en_cisd': False, 'k': 4, 'en_cap_bars': True, 'cap_1min': 540}.
[I 2026-07-13 14:01:59,713] Trial 1493 pruned. 
[I 2026-07-13 14:02:00,746] Trial 1494 pruned. 
[I 2026-07-13 14:02:01,763] Trial 1495 pruned. 
[I 2026-07-13 14:02:02,781] Trial 1496 pruned. 
[I 2026-07-13 14:02:03,124] Trial 1497 pruned. 
[I 2026-07-13 14:02:04,432] Trial 1498 pruned. 
[I 2026-07-13 14:02:04,662] Trial 1499 pruned. 
[I 2026-07-13 14:02:05,100] Trial 1500 pruned. 
[I 2026-07-13 14:02:06,201] Trial 1501 pruned. 
[I 2026-07-13 14:02:06,724] Trial 1502 pruned. 
[I 2026-07-13 14:02:07,425] Trial 1503 pruned. 
[I 2026-07-13 14:02:08,411] Trial 1504 pruned. 
[I 2026-07-13 14:02:09,262] Trial 1505 pruned. 
[I 2026-07-13 14:02:10,338] Trial 1506 pruned. 
[I 2026-07-13 14:02:13,508] Trial 1507 pruned. 
[I 2026-07-13 14:02:16,695] Trial 1508 pruned. 
[I 2026-07-13 14:02:17,351] Trial 1509 pruned. 
[I 2026-07-13 14:02:18,088] Trial 1510 pruned. 
[I 2026-07-13 14:02:19,947] Trial 1511 pruned. 
[I 2026-07-13 14:02:22,492] Trial 1512 pruned. 
[I 2026-07-13 14:02:23,304] Trial 1513 pruned. 
[I 2026-07-13 14:02:23,568] Trial 1514 pruned. 
[I 2026-07-13 14:02:23,818] Trial 1515 pruned. 
[I 2026-07-13 14:02:25,211] Trial 1516 pruned. 
[I 2026-07-13 14:02:25,448] Trial 1517 pruned. 
[I 2026-07-13 14:02:26,617] Trial 1518 pruned. 
[I 2026-07-13 14:02:27,326] Trial 1519 pruned. 
[I 2026-07-13 14:02:27,519] Trial 1520 pruned. 
[I 2026-07-13 14:02:28,438] Trial 1521 pruned. 
[I 2026-07-13 14:02:29,858] Trial 1522 pruned. 
[I 2026-07-13 14:02:30,998] Trial 1523 pruned. 
[I 2026-07-13 14:02:33,064] Trial 1524 pruned. 
[I 2026-07-13 14:02:33,557] Trial 1525 pruned. 
[I 2026-07-13 14:02:34,852] Trial 1526 pruned. 
[I 2026-07-13 14:02:35,544] Trial 1527 pruned. 
[I 2026-07-13 14:02:37,719] Trial 1528 pruned. 
[I 2026-07-13 14:02:38,985] Trial 1529 pruned. 
[I 2026-07-13 14:02:39,692] Trial 1530 pruned. 
[I 2026-07-13 14:02:41,005] Trial 1531 pruned. 
[I 2026-07-13 14:02:42,398] Trial 1532 pruned. 
[I 2026-07-13 14:02:44,228] Trial 1533 pruned. 
[I 2026-07-13 14:02:46,518] Trial 1534 pruned. 
[I 2026-07-13 14:02:47,564] Trial 1535 pruned. 
[I 2026-07-13 14:02:48,471] Trial 1536 pruned. 
[I 2026-07-13 14:02:49,006] Trial 1537 pruned. 
[I 2026-07-13 14:02:49,408] Trial 1538 pruned. 
[I 2026-07-13 14:02:50,001] Trial 1539 pruned. 
[I 2026-07-13 14:02:50,527] Trial 1540 pruned. 
[I 2026-07-13 14:02:52,179] Trial 1541 pruned. 
[I 2026-07-13 14:02:54,823] Trial 1542 pruned. 
[I 2026-07-13 14:02:55,374] Trial 1543 pruned. 
[I 2026-07-13 14:02:56,907] Trial 1544 pruned. 
[I 2026-07-13 14:02:58,077] Trial 1545 pruned. 
[I 2026-07-13 14:02:59,981] Trial 1546 pruned. 
[I 2026-07-13 14:03:00,759] Trial 1547 pruned. 
[I 2026-07-13 14:03:01,126] Trial 1548 pruned. 
[I 2026-07-13 14:03:02,346] Trial 1549 pruned. 
[I 2026-07-13 14:03:03,849] Trial 1550 pruned. 
[I 2026-07-13 14:03:04,895] Trial 1551 pruned. 
[I 2026-07-13 14:03:05,924] Trial 1552 pruned. 
[I 2026-07-13 14:03:08,667] Trial 1553 pruned. 
[I 2026-07-13 14:03:08,967] Trial 1554 pruned. 
[I 2026-07-13 14:03:09,650] Trial 1555 pruned. 
[I 2026-07-13 14:03:10,713] Trial 1556 pruned. 
[I 2026-07-13 14:03:12,127] Trial 1557 pruned. 
[I 2026-07-13 14:03:14,097] Trial 1558 pruned. 
[I 2026-07-13 14:03:15,795] Trial 1559 pruned. 
[I 2026-07-13 14:03:15,977] Trial 1560 pruned. 
[I 2026-07-13 14:03:16,337] Trial 1561 pruned. 
[I 2026-07-13 14:03:19,677] Trial 1562 pruned. 
[I 2026-07-13 14:03:20,207] Trial 1563 pruned. 
[I 2026-07-13 14:03:21,883] Trial 1564 pruned. 
[I 2026-07-13 14:03:22,226] Trial 1565 pruned. 
[I 2026-07-13 14:03:24,186] Trial 1566 pruned. 
[I 2026-07-13 14:03:25,584] Trial 1567 pruned. 
[I 2026-07-13 14:03:25,962] Trial 1568 pruned. 
[I 2026-07-13 14:03:26,570] Trial 1569 pruned. 
[I 2026-07-13 14:03:27,545] Trial 1570 pruned. 
[I 2026-07-13 14:03:28,556] Trial 1571 pruned. 
[I 2026-07-13 14:03:29,493] Trial 1572 pruned. 
[I 2026-07-13 14:03:31,364] Trial 1573 pruned. 
[I 2026-07-13 14:03:31,706] Trial 1574 pruned. 
[I 2026-07-13 14:03:34,362] Trial 1575 pruned. 
[I 2026-07-13 14:03:36,032] Trial 1576 pruned. 
[I 2026-07-13 14:03:37,530] Trial 1577 pruned. 
[I 2026-07-13 14:03:39,308] Trial 1578 pruned. 
[I 2026-07-13 14:03:40,272] Trial 1579 pruned. 
[I 2026-07-13 14:03:42,844] Trial 1580 pruned. 
[I 2026-07-13 14:03:44,124] Trial 1581 pruned. 
[I 2026-07-13 14:03:44,440] Trial 1582 pruned. 
[I 2026-07-13 14:03:45,413] Trial 1583 pruned. 
[I 2026-07-13 14:03:46,671] Trial 1584 pruned. 
[I 2026-07-13 14:03:47,640] Trial 1585 pruned. 
[I 2026-07-13 14:03:49,266] Trial 1586 pruned. 
[I 2026-07-13 14:03:49,663] Trial 1587 pruned. 
[I 2026-07-13 14:03:51,886] Trial 1588 pruned. 
[I 2026-07-13 14:03:52,447] Trial 1589 pruned. 
[I 2026-07-13 14:03:53,217] Trial 1590 pruned. 
[I 2026-07-13 14:03:55,584] Trial 1591 pruned. 
[I 2026-07-13 14:03:56,648] Trial 1592 pruned. 
[I 2026-07-13 14:03:57,491] Trial 1593 pruned. 
[I 2026-07-13 14:03:58,079] Trial 1594 pruned. 
[I 2026-07-13 14:04:00,943] Trial 1595 pruned. 
[I 2026-07-13 14:04:02,119] Trial 1596 pruned. 
[I 2026-07-13 14:04:06,232] Trial 1597 pruned. 
[I 2026-07-13 14:04:09,020] Trial 1598 pruned. 
[I 2026-07-13 14:04:10,535] Trial 1599 pruned. 
[I 2026-07-13 14:04:10,719] Trial 1600 pruned. 
[I 2026-07-13 14:04:12,404] Trial 1601 pruned. 
[I 2026-07-13 14:04:13,568] Trial 1602 pruned. 
[I 2026-07-13 14:04:14,433] Trial 1603 pruned. 
[I 2026-07-13 14:04:15,533] Trial 1604 pruned. 
[I 2026-07-13 14:04:18,122] Trial 1605 pruned. 
[I 2026-07-13 14:04:19,453] Trial 1606 pruned. 
[I 2026-07-13 14:04:20,711] Trial 1607 pruned. 
[I 2026-07-13 14:04:21,832] Trial 1608 pruned. 
[I 2026-07-13 14:04:22,838] Trial 1609 pruned. 
[I 2026-07-13 14:04:23,474] Trial 1610 pruned. 
[I 2026-07-13 14:04:25,486] Trial 1611 pruned. 
[I 2026-07-13 14:04:26,695] Trial 1612 pruned. 
[I 2026-07-13 14:04:27,792] Trial 1613 pruned. 
[I 2026-07-13 14:04:28,940] Trial 1614 pruned. 
[I 2026-07-13 14:04:30,650] Trial 1615 pruned. 
[I 2026-07-13 14:04:32,611] Trial 1616 pruned. 
[I 2026-07-13 14:04:34,286] Trial 1617 pruned. 
[I 2026-07-13 14:04:35,690] Trial 1618 pruned. 
[I 2026-07-13 14:04:36,237] Trial 1619 pruned. 
[I 2026-07-13 14:04:36,980] Trial 1620 pruned. 
[I 2026-07-13 14:04:40,431] Trial 1621 pruned. 
[I 2026-07-13 14:04:41,785] Trial 1622 pruned. 
[I 2026-07-13 14:04:44,361] Trial 1623 pruned. 
[I 2026-07-13 14:04:47,385] Trial 1624 pruned. 
[I 2026-07-13 14:04:49,660] Trial 1625 pruned. 
[I 2026-07-13 14:04:50,922] Trial 1626 pruned. 
[I 2026-07-13 14:04:53,215] Trial 1627 pruned. 
[I 2026-07-13 14:04:53,726] Trial 1628 pruned. 
[I 2026-07-13 14:04:55,631] Trial 1629 pruned. 
[I 2026-07-13 14:04:56,810] Trial 1630 pruned. 
[I 2026-07-13 14:04:57,071] Trial 1631 pruned. 
[I 2026-07-13 14:04:57,914] Trial 1632 pruned. 
[I 2026-07-13 14:04:58,585] Trial 1633 pruned. 
[I 2026-07-13 14:05:00,089] Trial 1634 pruned. 
[I 2026-07-13 14:05:00,947] Trial 1635 pruned. 
[I 2026-07-13 14:05:01,991] Trial 1636 pruned. 
[I 2026-07-13 14:05:03,354] Trial 1637 pruned. 
[I 2026-07-13 14:05:03,551] Trial 1638 pruned. 
[I 2026-07-13 14:05:04,684] Trial 1639 pruned. 
[I 2026-07-13 14:05:04,852] Trial 1640 pruned. 
[I 2026-07-13 14:05:06,097] Trial 1641 pruned. 
[I 2026-07-13 14:05:06,344] Trial 1642 pruned. 
[I 2026-07-13 14:05:08,245] Trial 1643 pruned. 
[I 2026-07-13 14:05:09,899] Trial 1644 pruned. 
[I 2026-07-13 14:05:10,268] Trial 1645 pruned. 
[I 2026-07-13 14:05:11,555] Trial 1646 pruned. 
[I 2026-07-13 14:05:13,157] Trial 1647 pruned. 
[I 2026-07-13 14:05:13,783] Trial 1648 pruned. 
[I 2026-07-13 14:05:15,415] Trial 1649 pruned. 
[I 2026-07-13 14:05:20,767] Trial 1650 finished with values: [1244.9918860110997, -5884.2476584354135, 51.65] and parameters: {'sl_soft': 0.22163964135914013, 'sl_hard_delta': 0.043076774810561935, 'tp': 0.33808269075042124, 'gate_pct': 99.87519113241727, 'dd_limit': 9.028715067859354, 'cooldown': 0, 'flip': True, 'en_ema_trend': True, 'ema_trend_fast': 8, 'ema_trend_slow': 55, 'en_sma_trend': True, 'sma_trend_fast': 61, 'sma_trend_slow': 324, 'en_macd': False, 'macd_fast': 93, 'macd_slow': 49, 'macd_signal': 75, 'en_vwap': True, 'en_keltner': True, 'keltner_n': 124, 'keltner_m': 4.8, 'en_obv': True, 'obv_slope': 167, 'en_cci': True, 'cci_n': 11, 'cci_threshold': 80, 'en_rsi': False, 'rsi_n': 62, 'rsi_lower': 40, 'rsi_upper': 93, 'en_stochastic': False, 'stochastic_n': 91, 'stochastic_d': 9, 'stochastic_lower': 1, 'stochastic_upper': 91, 'en_mfi': True, 'mfi_n': 46, 'mfi_lower': 11, 'mfi_upper': 54, 'en_bollinger': True, 'bollinger_n': 192, 'bollinger_k': 4.1, 'en_adx': False, 'adx_n': 16, 'adx_threshold': 14, 'en_structure_trend': True, 'structure_trend_swing_l': 13, 'en_order_block': True, 'order_block_swing_l': 16, 'en_fvg': True, 'fvg_lookback': 29, 'en_ifvg': False, 'en_breaker': True, 'breaker_swing_l': 3, 'en_cisd': False, 'k': 5, 'en_cap_bars': False, 'cap_1min': 220}.
[I 2026-07-13 14:05:21,866] Trial 1651 pruned. 
[I 2026-07-13 14:05:23,536] Trial 1652 pruned. 
[I 2026-07-13 14:05:24,681] Trial 1653 pruned. 
[I 2026-07-13 14:05:25,140] Trial 1654 pruned. 
[I 2026-07-13 14:05:28,719] Trial 1655 pruned. 
[I 2026-07-13 14:05:29,221] Trial 1656 pruned. 
[I 2026-07-13 14:05:30,370] Trial 1657 pruned. 
[I 2026-07-13 14:05:31,185] Trial 1658 pruned. 
[I 2026-07-13 14:05:32,238] Trial 1659 pruned. 
[I 2026-07-13 14:05:33,709] Trial 1660 pruned. 
[I 2026-07-13 14:05:34,928] Trial 1661 pruned. 
[I 2026-07-13 14:05:35,887] Trial 1662 pruned. 
[I 2026-07-13 14:05:37,132] Trial 1663 pruned. 
[I 2026-07-13 14:05:38,670] Trial 1664 pruned. 
[I 2026-07-13 14:05:39,160] Trial 1665 pruned. 
[I 2026-07-13 14:05:40,253] Trial 1666 pruned. 
[I 2026-07-13 14:05:41,425] Trial 1667 pruned. 
[I 2026-07-13 14:05:41,761] Trial 1668 pruned. 
[I 2026-07-13 14:05:42,270] Trial 1669 pruned. 
[I 2026-07-13 14:05:46,674] Trial 1670 finished with values: [-561.0394319333525, -7974.999999999994, 24.200000000000003] and parameters: {'sl_soft': 0.06194414934074365, 'sl_hard_delta': 0.3741629016814966, 'tp': 0.30673158080295904, 'gate_pct': 97.66578486655469, 'dd_limit': 2.4528084273798805, 'cooldown': 1, 'flip': False, 'en_ema_trend': True, 'ema_trend_fast': 342, 'ema_trend_slow': 182, 'en_sma_trend': False, 'sma_trend_fast': 313, 'sma_trend_slow': 319, 'en_macd': False, 'macd_fast': 10, 'macd_slow': 3, 'macd_signal': 52, 'en_vwap': False, 'en_keltner': True, 'keltner_n': 48, 'keltner_m': 3.1, 'en_obv': True, 'obv_slope': 179, 'en_cci': True, 'cci_n': 166, 'cci_threshold': 145, 'en_rsi': False, 'rsi_n': 72, 'rsi_lower': 47, 'rsi_upper': 58, 'en_stochastic': False, 'stochastic_n': 82, 'stochastic_d': 17, 'stochastic_lower': 32, 'stochastic_upper': 98, 'en_mfi': True, 'mfi_n': 8, 'mfi_lower': 29, 'mfi_upper': 80, 'en_bollinger': True, 'bollinger_n': 155, 'bollinger_k': 2.0, 'en_adx': False, 'adx_n': 91, 'adx_threshold': 47, 'en_structure_trend': False, 'structure_trend_swing_l': 11, 'en_order_block': True, 'order_block_swing_l': 16, 'en_fvg': False, 'fvg_lookback': 19, 'en_ifvg': True, 'en_breaker': False, 'breaker_swing_l': 10, 'en_cisd': True, 'k': 3, 'en_cap_bars': True, 'cap_1min': 878}.
[I 2026-07-13 14:05:47,498] Trial 1671 pruned. 
[I 2026-07-13 14:05:48,532] Trial 1672 pruned. 
[I 2026-07-13 14:05:49,900] Trial 1673 pruned. 
[I 2026-07-13 14:05:51,022] Trial 1674 pruned. 
[I 2026-07-13 14:05:54,307] Trial 1675 pruned. 
[I 2026-07-13 14:05:56,243] Trial 1676 pruned. 
[I 2026-07-13 14:05:58,503] Trial 1677 pruned. 
[I 2026-07-13 14:05:59,234] Trial 1678 pruned. 
[I 2026-07-13 14:06:00,710] Trial 1679 pruned. 
[I 2026-07-13 14:06:01,198] Trial 1680 pruned. 
[I 2026-07-13 14:06:03,860] Trial 1681 pruned. 
[I 2026-07-13 14:06:05,409] Trial 1682 pruned. 
[I 2026-07-13 14:06:06,597] Trial 1683 pruned. 
[I 2026-07-13 14:06:07,923] Trial 1684 pruned. 
[I 2026-07-13 14:06:09,986] Trial 1685 pruned. 
[I 2026-07-13 14:06:11,096] Trial 1686 pruned. 
[I 2026-07-13 14:06:12,333] Trial 1687 pruned. 
[I 2026-07-13 14:06:14,065] Trial 1688 pruned. 
[I 2026-07-13 14:06:15,407] Trial 1689 pruned. 
[I 2026-07-13 14:06:16,773] Trial 1690 pruned. 
[I 2026-07-13 14:06:17,249] Trial 1691 pruned. 
[I 2026-07-13 14:06:18,494] Trial 1692 pruned. 
[I 2026-07-13 14:06:19,465] Trial 1693 pruned. 
[I 2026-07-13 14:06:21,391] Trial 1694 pruned. 
[I 2026-07-13 14:06:22,406] Trial 1695 pruned. 
[I 2026-07-13 14:06:23,453] Trial 1696 pruned. 
[I 2026-07-13 14:06:26,173] Trial 1697 pruned. 
[I 2026-07-13 14:06:27,661] Trial 1698 pruned. 
[I 2026-07-13 14:06:29,453] Trial 1699 pruned. 
[I 2026-07-13 14:06:30,969] Trial 1700 pruned. 
[I 2026-07-13 14:06:33,781] Trial 1701 pruned. 
[I 2026-07-13 14:06:34,218] Trial 1702 pruned. 
[I 2026-07-13 14:06:34,889] Trial 1703 pruned. 
[I 2026-07-13 14:06:35,549] Trial 1704 pruned. 
[I 2026-07-13 14:06:48,938] Trial 1705 finished with values: [-880.5643806268828, -5507.117714077268, 42.5] and parameters: {'sl_soft': 0.16042834495760583, 'sl_hard_delta': 0.0796604169538487, 'tp': 0.2222550666854512, 'gate_pct': 99.43810192295578, 'dd_limit': 5.937758572987326, 'cooldown': 0, 'flip': False, 'en_ema_trend': False, 'ema_trend_fast': 213, 'ema_trend_slow': 100, 'en_sma_trend': True, 'sma_trend_fast': 81, 'sma_trend_slow': 336, 'en_macd': False, 'macd_fast': 55, 'macd_slow': 125, 'macd_signal': 6, 'en_vwap': True, 'en_keltner': True, 'keltner_n': 33, 'keltner_m': 2.3, 'en_obv': True, 'obv_slope': 26, 'en_cci': False, 'cci_n': 172, 'cci_threshold': 130, 'en_rsi': False, 'rsi_n': 14, 'rsi_lower': 49, 'rsi_upper': 52, 'en_stochastic': True, 'stochastic_n': 89, 'stochastic_d': 25, 'stochastic_lower': 26, 'stochastic_upper': 66, 'en_mfi': False, 'mfi_n': 14, 'mfi_lower': 19, 'mfi_upper': 78, 'en_bollinger': True, 'bollinger_n': 2, 'bollinger_k': 3.8000000000000003, 'en_adx': True, 'adx_n': 5, 'adx_threshold': 13, 'en_structure_trend': False, 'structure_trend_swing_l': 18, 'en_order_block': False, 'order_block_swing_l': 5, 'en_fvg': True, 'fvg_lookback': 22, 'en_ifvg': True, 'en_breaker': False, 'breaker_swing_l': 7, 'en_cisd': False, 'k': 4, 'en_cap_bars': True, 'cap_1min': 457}.
[I 2026-07-13 14:06:49,905] Trial 1706 pruned. 
[I 2026-07-13 14:06:52,448] Trial 1707 pruned. 
[I 2026-07-13 14:06:53,493] Trial 1708 pruned. 
[I 2026-07-13 14:06:54,697] Trial 1709 pruned. 
[I 2026-07-13 14:06:55,355] Trial 1710 pruned. 
