[I 2026-07-13 14:06:58,435] Trial 1711 pruned. 
[I 2026-07-13 14:06:59,731] Trial 1712 pruned. 
[I 2026-07-13 14:07:01,401] Trial 1713 pruned. 
[I 2026-07-13 14:07:02,530] Trial 1714 pruned. 
[I 2026-07-13 14:07:03,174] Trial 1715 pruned. 
[I 2026-07-13 14:07:05,627] Trial 1716 pruned. 
[I 2026-07-13 14:07:09,046] Trial 1717 pruned. 
[I 2026-07-13 14:07:09,810] Trial 1718 pruned. 
[I 2026-07-13 14:07:10,264] Trial 1719 pruned. 
[I 2026-07-13 14:07:10,452] Trial 1720 pruned. 
[I 2026-07-13 14:07:12,153] Trial 1721 pruned. 
[I 2026-07-13 14:07:12,512] Trial 1722 pruned. 
[I 2026-07-13 14:07:14,294] Trial 1723 pruned. 
[I 2026-07-13 14:07:16,149] Trial 1724 pruned. 
[I 2026-07-13 14:07:17,412] Trial 1725 pruned. 
[I 2026-07-13 14:07:18,093] Trial 1726 pruned. 
[I 2026-07-13 14:07:19,094] Trial 1727 pruned. 
[I 2026-07-13 14:07:20,475] Trial 1728 pruned. 
[I 2026-07-13 14:07:22,330] Trial 1729 pruned. 
[I 2026-07-13 14:07:23,614] Trial 1730 pruned. 
[I 2026-07-13 14:07:25,344] Trial 1731 pruned. 
[I 2026-07-13 14:07:29,167] Trial 1732 pruned. 
[I 2026-07-13 14:07:30,267] Trial 1733 pruned. 
[I 2026-07-13 14:07:31,194] Trial 1734 pruned. 
[I 2026-07-13 14:07:32,831] Trial 1735 pruned. 
[I 2026-07-13 14:07:34,821] Trial 1736 pruned. 
[I 2026-07-13 14:07:35,157] Trial 1737 pruned. 
[I 2026-07-13 14:07:37,177] Trial 1738 pruned. 
[I 2026-07-13 14:07:39,260] Trial 1739 pruned. 
[I 2026-07-13 14:07:40,052] Trial 1740 pruned. 
[I 2026-07-13 14:07:40,311] Trial 1741 pruned. 
[I 2026-07-13 14:07:43,745] Trial 1742 pruned. 
[I 2026-07-13 14:07:45,096] Trial 1743 pruned. 
[I 2026-07-13 14:07:46,030] Trial 1744 pruned. 
[I 2026-07-13 14:07:47,059] Trial 1745 pruned. 
[I 2026-07-13 14:07:48,471] Trial 1746 pruned. 
[I 2026-07-13 14:07:49,430] Trial 1747 pruned. 
[I 2026-07-13 14:07:49,867] Trial 1748 pruned. 
[I 2026-07-13 14:07:50,661] Trial 1749 pruned. 
[I 2026-07-13 14:07:51,697] Trial 1750 pruned. 
[I 2026-07-13 14:07:53,484] Trial 1751 pruned. 
[I 2026-07-13 14:07:54,672] Trial 1752 pruned. 
[I 2026-07-13 14:07:55,335] Trial 1753 pruned. 
[I 2026-07-13 14:07:55,942] Trial 1754 pruned. 
[I 2026-07-13 14:07:57,193] Trial 1755 pruned. 
[I 2026-07-13 14:07:58,580] Trial 1756 pruned. 
[I 2026-07-13 14:07:59,421] Trial 1757 pruned. 
[I 2026-07-13 14:08:01,374] Trial 1758 pruned. 
[I 2026-07-13 14:08:02,673] Trial 1759 pruned. 
[I 2026-07-13 14:08:02,841] Trial 1760 pruned. 
[I 2026-07-13 14:08:03,325] Trial 1761 pruned. 
[I 2026-07-13 14:08:04,093] Trial 1762 pruned. 
[I 2026-07-13 14:08:04,541] Trial 1763 pruned. 
[I 2026-07-13 14:08:06,848] Trial 1764 pruned. 
[I 2026-07-13 14:08:07,687] Trial 1765 pruned. 
[I 2026-07-13 14:08:08,737] Trial 1766 pruned. 
[I 2026-07-13 14:08:09,213] Trial 1767 pruned. 
[I 2026-07-13 14:08:09,761] Trial 1768 pruned. 
[I 2026-07-13 14:08:11,571] Trial 1769 pruned. 
[I 2026-07-13 14:08:12,971] Trial 1770 pruned. 
[I 2026-07-13 14:08:14,291] Trial 1771 pruned. 
[I 2026-07-13 14:08:15,629] Trial 1772 pruned. 
[I 2026-07-13 14:08:16,398] Trial 1773 pruned. 
[I 2026-07-13 14:08:17,422] Trial 1774 pruned. 
[I 2026-07-13 14:08:19,051] Trial 1775 pruned. 
[I 2026-07-13 14:08:20,108] Trial 1776 pruned. 
[I 2026-07-13 14:08:21,022] Trial 1777 pruned. 
[I 2026-07-13 14:08:22,119] Trial 1778 pruned. 
[I 2026-07-13 14:08:23,639] Trial 1779 pruned. 
[I 2026-07-13 14:08:24,687] Trial 1780 pruned. 
[I 2026-07-13 14:08:27,115] Trial 1781 pruned. 
[I 2026-07-13 14:08:28,297] Trial 1782 pruned. 
[I 2026-07-13 14:08:29,566] Trial 1783 pruned. 
[I 2026-07-13 14:08:30,475] Trial 1784 pruned. 
[I 2026-07-13 14:08:31,592] Trial 1785 pruned. 
[I 2026-07-13 14:08:33,598] Trial 1786 pruned. 
[I 2026-07-13 14:08:36,061] Trial 1787 pruned. 
[I 2026-07-13 14:08:36,822] Trial 1788 pruned. 
[I 2026-07-13 14:08:42,205] Trial 1789 pruned. 
[I 2026-07-13 14:08:43,729] Trial 1790 pruned. 
[I 2026-07-13 14:08:45,471] Trial 1791 pruned. 
[I 2026-07-13 14:08:46,490] Trial 1792 pruned. 
[I 2026-07-13 14:08:47,192] Trial 1793 pruned. 
[I 2026-07-13 14:08:51,263] Trial 1794 pruned. 
[I 2026-07-13 14:08:52,179] Trial 1795 pruned. 
[I 2026-07-13 14:08:53,577] Trial 1796 pruned. 
[I 2026-07-13 14:08:55,535] Trial 1797 pruned. 
[I 2026-07-13 14:08:56,020] Trial 1798 pruned. 
[I 2026-07-13 14:08:56,775] Trial 1799 pruned. 
[I 2026-07-13 14:08:57,003] Trial 1800 pruned. 
[I 2026-07-13 14:08:57,406] Trial 1801 pruned. 
[I 2026-07-13 14:08:59,014] Trial 1802 pruned. 
[I 2026-07-13 14:09:00,750] Trial 1803 pruned. 
[I 2026-07-13 14:09:01,849] Trial 1804 pruned. 
[I 2026-07-13 14:09:03,204] Trial 1805 pruned. 
[I 2026-07-13 14:09:03,529] Trial 1806 pruned. 
[I 2026-07-13 14:09:04,465] Trial 1807 pruned. 
[I 2026-07-13 14:09:05,157] Trial 1808 pruned. 
[I 2026-07-13 14:09:06,424] Trial 1809 pruned. 
[I 2026-07-13 14:09:07,998] Trial 1810 pruned. 
[I 2026-07-13 14:09:08,754] Trial 1811 pruned. 
[I 2026-07-13 14:09:09,864] Trial 1812 pruned. 
[I 2026-07-13 14:09:11,520] Trial 1813 pruned. 
[I 2026-07-13 14:09:12,259] Trial 1814 pruned. 
[I 2026-07-13 14:09:13,191] Trial 1815 pruned. 
[I 2026-07-13 14:09:13,816] Trial 1816 pruned. 
[I 2026-07-13 14:09:15,833] Trial 1817 pruned. 
[I 2026-07-13 14:09:16,182] Trial 1818 pruned. 
[I 2026-07-13 14:09:16,776] Trial 1819 pruned. 
[I 2026-07-13 14:09:17,917] Trial 1820 pruned. 
[I 2026-07-13 14:09:19,839] Trial 1821 pruned. 
[I 2026-07-13 14:09:21,010] Trial 1822 pruned. 
[I 2026-07-13 14:09:21,567] Trial 1823 pruned. 
[I 2026-07-13 14:09:22,128] Trial 1824 pruned. 
[I 2026-07-13 14:09:23,824] Trial 1825 pruned. 
[I 2026-07-13 14:09:25,001] Trial 1826 pruned. 
[I 2026-07-13 14:09:25,516] Trial 1827 pruned. 
[I 2026-07-13 14:09:26,082] Trial 1828 pruned. 
[I 2026-07-13 14:09:27,863] Trial 1829 pruned. 
[I 2026-07-13 14:09:29,523] Trial 1830 pruned. 
[I 2026-07-13 14:09:30,830] Trial 1831 pruned. 
[I 2026-07-13 14:09:31,785] Trial 1832 pruned. 
[I 2026-07-13 14:09:33,053] Trial 1833 pruned. 
[I 2026-07-13 14:09:33,632] Trial 1834 pruned. 
[I 2026-07-13 14:09:33,810] Trial 1835 pruned. 
[I 2026-07-13 14:09:34,680] Trial 1836 pruned. 
[I 2026-07-13 14:09:37,381] Trial 1837 pruned. 
[I 2026-07-13 14:09:38,482] Trial 1838 pruned. 
[I 2026-07-13 14:09:39,081] Trial 1839 pruned. 
[I 2026-07-13 14:09:39,296] Trial 1840 pruned. 
[I 2026-07-13 14:09:40,640] Trial 1841 pruned. 
[I 2026-07-13 14:09:42,158] Trial 1842 pruned. 
[I 2026-07-13 14:09:43,711] Trial 1843 pruned. 
[I 2026-07-13 14:09:44,319] Trial 1844 pruned. 
[I 2026-07-13 14:09:45,395] Trial 1845 pruned. 
[I 2026-07-13 14:09:47,630] Trial 1846 pruned. 
[I 2026-07-13 14:09:48,732] Trial 1847 pruned. 
[I 2026-07-13 14:09:50,696] Trial 1848 pruned. 
[I 2026-07-13 14:09:53,121] Trial 1849 pruned. 
[I 2026-07-13 14:09:53,995] Trial 1850 pruned. 
[I 2026-07-13 14:09:54,424] Trial 1851 pruned. 
[I 2026-07-13 14:09:54,617] Trial 1852 pruned. 
[I 2026-07-13 14:09:56,215] Trial 1853 pruned. 
[I 2026-07-13 14:09:57,116] Trial 1854 pruned. 
[I 2026-07-13 14:09:58,721] Trial 1855 pruned. 
[I 2026-07-13 14:09:59,273] Trial 1856 pruned. 
[I 2026-07-13 14:10:01,798] Trial 1857 pruned. 
[I 2026-07-13 14:10:03,791] Trial 1858 pruned. 
[I 2026-07-13 14:10:04,925] Trial 1859 pruned. 
[I 2026-07-13 14:10:10,132] Trial 1860 pruned. 
[I 2026-07-13 14:10:11,056] Trial 1861 pruned. 
[I 2026-07-13 14:10:12,042] Trial 1862 pruned. 
[I 2026-07-13 14:10:12,912] Trial 1863 pruned. 
[I 2026-07-13 14:10:13,542] Trial 1864 pruned. 
[I 2026-07-13 14:10:14,472] Trial 1865 pruned. 
[I 2026-07-13 14:10:16,327] Trial 1866 pruned. 
[I 2026-07-13 14:10:16,836] Trial 1867 pruned. 
[I 2026-07-13 14:10:18,752] Trial 1868 pruned. 
[I 2026-07-13 14:10:19,842] Trial 1869 pruned. 
[I 2026-07-13 14:10:21,042] Trial 1870 pruned. 
[I 2026-07-13 14:10:22,358] Trial 1871 pruned. 
[I 2026-07-13 14:10:23,434] Trial 1872 pruned. 
[I 2026-07-13 14:10:24,517] Trial 1873 pruned. 
[I 2026-07-13 14:10:25,735] Trial 1874 pruned. 
[I 2026-07-13 14:10:26,514] Trial 1875 pruned. 
[I 2026-07-13 14:10:27,418] Trial 1876 pruned. 
[I 2026-07-13 14:10:29,874] Trial 1877 pruned. 
[I 2026-07-13 14:10:30,627] Trial 1878 pruned. 
[I 2026-07-13 14:10:31,987] Trial 1879 pruned. 
[I 2026-07-13 14:10:32,181] Trial 1880 pruned. 
[I 2026-07-13 14:10:33,045] Trial 1881 pruned. 
[I 2026-07-13 14:10:35,373] Trial 1882 pruned. 
[I 2026-07-13 14:10:36,596] Trial 1883 pruned. 
[I 2026-07-13 14:10:37,543] Trial 1884 pruned. 
[I 2026-07-13 14:10:38,864] Trial 1885 pruned. 
[I 2026-07-13 14:10:40,698] Trial 1886 pruned. 
[I 2026-07-13 14:10:42,142] Trial 1887 pruned. 
[I 2026-07-13 14:10:43,267] Trial 1888 pruned. 
[I 2026-07-13 14:10:44,551] Trial 1889 pruned. 
[I 2026-07-13 14:10:46,089] Trial 1890 pruned. 
[I 2026-07-13 14:10:47,054] Trial 1891 pruned. 
[I 2026-07-13 14:10:47,832] Trial 1892 pruned. 
[I 2026-07-13 14:10:48,985] Trial 1893 pruned. 
[I 2026-07-13 14:10:53,469] Trial 1894 pruned. 
[I 2026-07-13 14:10:54,036] Trial 1895 pruned. 
[I 2026-07-13 14:10:55,221] Trial 1896 pruned. 
[I 2026-07-13 14:10:57,076] Trial 1897 pruned. 
[I 2026-07-13 14:10:58,087] Trial 1898 pruned. 
[I 2026-07-13 14:10:59,124] Trial 1899 pruned. 
[I 2026-07-13 14:11:00,481] Trial 1900 pruned. 
[I 2026-07-13 14:11:02,379] Trial 1901 pruned. 
[I 2026-07-13 14:11:03,846] Trial 1902 pruned. 
[I 2026-07-13 14:11:04,838] Trial 1903 pruned. 
[I 2026-07-13 14:11:05,991] Trial 1904 pruned. 
[I 2026-07-13 14:11:08,133] Trial 1905 pruned. 
[I 2026-07-13 14:11:11,665] Trial 1906 finished with values: [4225.346897765192, -16981.15112460135, 69.0] and parameters: {'sl_soft': 0.25282872551526225, 'sl_hard_delta': 0.2750942980522561, 'tp': 0.15809231644429605, 'gate_pct': 94.97650230819906, 'dd_limit': 4.1596678535630165, 'cooldown': 1, 'flip': False, 'en_ema_trend': False, 'ema_trend_fast': 149, 'ema_trend_slow': 161, 'en_sma_trend': False, 'sma_trend_fast': 397, 'sma_trend_slow': 22, 'en_macd': True, 'macd_fast': 11, 'macd_slow': 132, 'macd_signal': 89, 'en_vwap': True, 'en_keltner': True, 'keltner_n': 126, 'keltner_m': 4.1, 'en_obv': True, 'obv_slope': 184, 'en_cci': True, 'cci_n': 56, 'cci_threshold': 50, 'en_rsi': False, 'rsi_n': 74, 'rsi_lower': 46, 'rsi_upper': 90, 'en_stochastic': False, 'stochastic_n': 86, 'stochastic_d': 5, 'stochastic_lower': 40, 'stochastic_upper': 96, 'en_mfi': False, 'mfi_n': 58, 'mfi_lower': 3, 'mfi_upper': 99, 'en_bollinger': False, 'bollinger_n': 99, 'bollinger_k': 4.5, 'en_adx': False, 'adx_n': 59, 'adx_threshold': 18, 'en_structure_trend': False, 'structure_trend_swing_l': 9, 'en_order_block': True, 'order_block_swing_l': 20, 'en_fvg': True, 'fvg_lookback': 34, 'en_ifvg': False, 'en_breaker': False, 'breaker_swing_l': 6, 'en_cisd': True, 'k': 4, 'en_cap_bars': False, 'cap_1min': 577}.
[I 2026-07-13 14:11:13,385] Trial 1907 pruned. 
[I 2026-07-13 14:11:13,752] Trial 1908 pruned. 
[I 2026-07-13 14:11:14,415] Trial 1909 pruned. 
[I 2026-07-13 14:11:15,495] Trial 1910 pruned. 
[I 2026-07-13 14:11:16,659] Trial 1911 pruned. 
[I 2026-07-13 14:11:17,445] Trial 1912 pruned. 
[I 2026-07-13 14:11:17,706] Trial 1913 pruned. 
[I 2026-07-13 14:11:20,005] Trial 1914 pruned. 
[I 2026-07-13 14:11:20,983] Trial 1915 pruned. 
[I 2026-07-13 14:11:21,665] Trial 1916 pruned. 
[I 2026-07-13 14:11:23,336] Trial 1917 pruned. 
[I 2026-07-13 14:11:25,492] Trial 1918 pruned. 
[I 2026-07-13 14:11:26,505] Trial 1919 pruned. 
[I 2026-07-13 14:11:26,728] Trial 1920 pruned. 
[I 2026-07-13 14:11:28,283] Trial 1921 pruned. 
[I 2026-07-13 14:11:28,704] Trial 1922 pruned. 
[I 2026-07-13 14:11:29,408] Trial 1923 pruned. 
[I 2026-07-13 14:11:31,094] Trial 1924 pruned. 
[I 2026-07-13 14:11:31,427] Trial 1925 pruned. 
[I 2026-07-13 14:11:32,112] Trial 1926 pruned. 
[I 2026-07-13 14:11:35,400] Trial 1927 pruned. 
[I 2026-07-13 14:11:36,706] Trial 1928 pruned. 
[I 2026-07-13 14:11:37,522] Trial 1929 pruned. 
[I 2026-07-13 14:11:38,631] Trial 1930 pruned. 
[I 2026-07-13 14:11:40,829] Trial 1931 pruned. 
[I 2026-07-13 14:11:42,969] Trial 1932 pruned. 
[I 2026-07-13 14:11:44,593] Trial 1933 pruned. 
[I 2026-07-13 14:11:46,748] Trial 1934 pruned. 
[I 2026-07-13 14:11:48,080] Trial 1935 pruned. 
[I 2026-07-13 14:11:48,997] Trial 1936 pruned. 
[I 2026-07-13 14:11:49,753] Trial 1937 pruned. 
[I 2026-07-13 14:11:49,952] Trial 1938 pruned. 
[I 2026-07-13 14:11:50,317] Trial 1939 pruned. 
[I 2026-07-13 14:11:50,966] Trial 1940 pruned. 
[I 2026-07-13 14:11:51,469] Trial 1941 pruned. 
[I 2026-07-13 14:11:51,955] Trial 1942 pruned. 
[I 2026-07-13 14:11:54,530] Trial 1943 pruned. 
[I 2026-07-13 14:11:55,942] Trial 1944 pruned. 
[I 2026-07-13 14:11:57,076] Trial 1945 pruned. 
[I 2026-07-13 14:11:58,513] Trial 1946 pruned. 
[I 2026-07-13 14:11:59,484] Trial 1947 pruned. 
[I 2026-07-13 14:12:00,392] Trial 1948 pruned. 
[I 2026-07-13 14:12:01,612] Trial 1949 pruned. 
[I 2026-07-13 14:12:02,221] Trial 1950 pruned. 
[I 2026-07-13 14:12:03,148] Trial 1951 pruned. 
[I 2026-07-13 14:12:03,809] Trial 1952 pruned. 
[I 2026-07-13 14:12:05,151] Trial 1953 pruned. 
[I 2026-07-13 14:12:08,497] Trial 1954 pruned. 
[I 2026-07-13 14:12:08,771] Trial 1955 pruned. 
[I 2026-07-13 14:12:10,516] Trial 1956 pruned. 
[I 2026-07-13 14:12:11,658] Trial 1957 pruned. 
[I 2026-07-13 14:12:13,362] Trial 1958 pruned. 
[I 2026-07-13 14:12:14,099] Trial 1959 pruned. 
[I 2026-07-13 14:12:14,272] Trial 1960 pruned. 
[I 2026-07-13 14:12:15,547] Trial 1961 pruned. 
[I 2026-07-13 14:12:17,994] Trial 1962 pruned. 
[I 2026-07-13 14:12:18,938] Trial 1963 pruned. 
[I 2026-07-13 14:12:19,477] Trial 1964 pruned. 
[I 2026-07-13 14:12:21,345] Trial 1965 pruned. 
[I 2026-07-13 14:12:22,156] Trial 1966 pruned. 
[I 2026-07-13 14:12:22,895] Trial 1967 pruned. 
[I 2026-07-13 14:12:23,317] Trial 1968 pruned. 
[I 2026-07-13 14:12:24,196] Trial 1969 pruned. 
[I 2026-07-13 14:12:25,237] Trial 1970 pruned. 
[I 2026-07-13 14:12:28,106] Trial 1971 pruned. 
[I 2026-07-13 14:12:29,374] Trial 1972 pruned. 
[I 2026-07-13 14:12:30,114] Trial 1973 pruned. 
[I 2026-07-13 14:12:32,683] Trial 1974 pruned. 
[I 2026-07-13 14:12:33,920] Trial 1975 pruned. 
[I 2026-07-13 14:12:35,605] Trial 1976 pruned. 
[I 2026-07-13 14:12:37,664] Trial 1977 pruned. 
[I 2026-07-13 14:12:39,744] Trial 1978 pruned. 
[I 2026-07-13 14:12:40,944] Trial 1979 pruned. 
[I 2026-07-13 14:12:42,284] Trial 1980 pruned. 
[I 2026-07-13 14:12:42,672] Trial 1981 pruned. 
[I 2026-07-13 14:12:45,139] Trial 1982 pruned. 
[I 2026-07-13 14:12:46,154] Trial 1983 pruned. 
[I 2026-07-13 14:12:47,792] Trial 1984 pruned. 
[I 2026-07-13 14:12:49,104] Trial 1985 pruned. 
[I 2026-07-13 14:12:50,600] Trial 1986 pruned. 
[I 2026-07-13 14:12:53,516] Trial 1987 pruned. 
[I 2026-07-13 14:12:55,311] Trial 1988 pruned. 
[I 2026-07-13 14:12:55,706] Trial 1989 pruned. 
[I 2026-07-13 14:12:56,752] Trial 1990 pruned. 
[I 2026-07-13 14:12:58,203] Trial 1991 pruned. 
[I 2026-07-13 14:12:59,731] Trial 1992 pruned. 
[I 2026-07-13 14:13:01,081] Trial 1993 pruned. 
[I 2026-07-13 14:13:02,006] Trial 1994 pruned. 
[I 2026-07-13 14:13:03,029] Trial 1995 pruned. 
[I 2026-07-13 14:13:03,473] Trial 1996 pruned. 
[I 2026-07-13 14:13:03,829] Trial 1997 pruned. 
[I 2026-07-13 14:13:04,795] Trial 1998 pruned. 
[I 2026-07-13 14:13:05,578] Trial 1999 pruned. 
[I 2026-07-13 14:13:05,826] Trial 2000 pruned. 
[I 2026-07-13 14:13:06,265] Trial 2001 pruned. 
[I 2026-07-13 14:13:06,739] Trial 2002 pruned. 
[I 2026-07-13 14:13:07,838] Trial 2003 pruned. 
[I 2026-07-13 14:13:09,827] Trial 2004 pruned. 
[I 2026-07-13 14:13:10,654] Trial 2005 pruned. 
[I 2026-07-13 14:13:11,485] Trial 2006 pruned. 
[I 2026-07-13 14:13:12,627] Trial 2007 pruned. 
[I 2026-07-13 14:13:14,060] Trial 2008 pruned. 
[I 2026-07-13 14:13:16,043] Trial 2009 pruned. 
[I 2026-07-13 14:13:19,488] Trial 2010 pruned. 
[I 2026-07-13 14:13:20,504] Trial 2011 pruned. 
[I 2026-07-13 14:13:20,992] Trial 2012 pruned. 
[I 2026-07-13 14:13:22,410] Trial 2013 pruned. 
[I 2026-07-13 14:13:22,902] Trial 2014 pruned. 
[I 2026-07-13 14:13:25,108] Trial 2015 pruned. 
[I 2026-07-13 14:13:26,436] Trial 2016 pruned. 
[I 2026-07-13 14:13:28,291] Trial 2017 pruned. 
[I 2026-07-13 14:13:32,567] Trial 2018 pruned. 
[I 2026-07-13 14:13:33,655] Trial 2019 pruned. 
[I 2026-07-13 14:13:34,098] Trial 2020 pruned. 
[I 2026-07-13 14:13:35,261] Trial 2021 pruned. 
[I 2026-07-13 14:13:36,028] Trial 2022 pruned. 
[I 2026-07-13 14:13:37,068] Trial 2023 pruned. 
[I 2026-07-13 14:13:38,833] Trial 2024 pruned. 
[I 2026-07-13 14:13:39,909] Trial 2025 pruned. 
[I 2026-07-13 14:13:40,860] Trial 2026 pruned. 
[I 2026-07-13 14:13:48,146] Trial 2027 finished with values: [-509.4108796659036, -8514.406031694789, 45.6] and parameters: {'sl_soft': 0.08693295070750123, 'sl_hard_delta': 0.3536147025141028, 'tp': 0.20821410010424984, 'gate_pct': 98.80229380351075, 'dd_limit': 7.351713918926211, 'cooldown': 0, 'flip': True, 'en_ema_trend': True, 'ema_trend_fast': 176, 'ema_trend_slow': 231, 'en_sma_trend': True, 'sma_trend_fast': 166, 'sma_trend_slow': 28, 'en_macd': False, 'macd_fast': 64, 'macd_slow': 170, 'macd_signal': 37, 'en_vwap': True, 'en_keltner': False, 'keltner_n': 13, 'keltner_m': 4.8, 'en_obv': True, 'obv_slope': 76, 'en_cci': True, 'cci_n': 8, 'cci_threshold': 170, 'en_rsi': False, 'rsi_n': 21, 'rsi_lower': 43, 'rsi_upper': 74, 'en_stochastic': True, 'stochastic_n': 31, 'stochastic_d': 29, 'stochastic_lower': 9, 'stochastic_upper': 87, 'en_mfi': False, 'mfi_n': 44, 'mfi_lower': 26, 'mfi_upper': 65, 'en_bollinger': True, 'bollinger_n': 142, 'bollinger_k': 4.1, 'en_adx': False, 'adx_n': 8, 'adx_threshold': 55, 'en_structure_trend': True, 'structure_trend_swing_l': 19, 'en_order_block': True, 'order_block_swing_l': 4, 'en_fvg': False, 'fvg_lookback': 30, 'en_ifvg': True, 'en_breaker': False, 'breaker_swing_l': 20, 'en_cisd': True, 'k': 2, 'en_cap_bars': True, 'cap_1min': 1189}.
[I 2026-07-13 14:13:49,054] Trial 2028 pruned. 
[I 2026-07-13 14:13:49,772] Trial 2029 pruned. 
[I 2026-07-13 14:13:51,421] Trial 2030 pruned. 
[I 2026-07-13 14:13:53,588] Trial 2031 pruned. 
[I 2026-07-13 14:13:54,782] Trial 2032 pruned. 
[I 2026-07-13 14:13:55,798] Trial 2033 pruned. 
[I 2026-07-13 14:13:57,227] Trial 2034 pruned. 
[I 2026-07-13 14:13:57,708] Trial 2035 pruned. 
[I 2026-07-13 14:13:58,816] Trial 2036 pruned. 
[I 2026-07-13 14:13:59,887] Trial 2037 pruned. 
[I 2026-07-13 14:14:01,001] Trial 2038 pruned. 
[I 2026-07-13 14:14:02,161] Trial 2039 pruned. 
[I 2026-07-13 14:14:02,444] Trial 2040 pruned. 
[I 2026-07-13 14:14:03,502] Trial 2041 pruned. 
[I 2026-07-13 14:14:05,094] Trial 2042 pruned. 
[I 2026-07-13 14:14:06,249] Trial 2043 pruned. 
[I 2026-07-13 14:14:06,642] Trial 2044 pruned. 
[I 2026-07-13 14:14:09,520] Trial 2045 pruned. 
[I 2026-07-13 14:14:10,795] Trial 2046 pruned. 
[I 2026-07-13 14:14:12,420] Trial 2047 pruned. 
[I 2026-07-13 14:14:13,676] Trial 2048 pruned. 
[I 2026-07-13 14:14:14,917] Trial 2049 pruned. 
[I 2026-07-13 14:14:15,495] Trial 2050 pruned. 
[I 2026-07-13 14:14:16,988] Trial 2051 pruned. 
[I 2026-07-13 14:14:18,544] Trial 2052 pruned. 
[I 2026-07-13 14:14:19,819] Trial 2053 pruned. 
[I 2026-07-13 14:14:22,033] Trial 2054 pruned. 
[I 2026-07-13 14:14:24,763] Trial 2055 pruned. 
[I 2026-07-13 14:14:25,053] Trial 2056 pruned. 
[I 2026-07-13 14:14:27,121] Trial 2057 pruned. 
[I 2026-07-13 14:14:28,184] Trial 2058 pruned. 
[I 2026-07-13 14:14:30,256] Trial 2059 pruned. 
[I 2026-07-13 14:14:31,530] Trial 2060 pruned. 
[I 2026-07-13 14:14:33,358] Trial 2061 pruned. 
[I 2026-07-13 14:14:35,103] Trial 2062 pruned. 
[I 2026-07-13 14:14:36,184] Trial 2063 pruned. 
[I 2026-07-13 14:14:37,050] Trial 2064 pruned. 
[I 2026-07-13 14:14:38,511] Trial 2065 pruned. 
[I 2026-07-13 14:14:39,475] Trial 2066 pruned. 
[I 2026-07-13 14:14:41,318] Trial 2067 pruned. 
[I 2026-07-13 14:14:42,136] Trial 2068 pruned. 
[I 2026-07-13 14:14:42,824] Trial 2069 pruned. 
[I 2026-07-13 14:14:43,736] Trial 2070 pruned. 
[I 2026-07-13 14:14:46,182] Trial 2071 pruned. 
[I 2026-07-13 14:14:46,648] Trial 2072 pruned. 
[I 2026-07-13 14:14:47,491] Trial 2073 pruned. 
[I 2026-07-13 14:14:48,516] Trial 2074 pruned. 
[I 2026-07-13 14:14:49,522] Trial 2075 pruned. 
[I 2026-07-13 14:14:50,319] Trial 2076 pruned. 
[I 2026-07-13 14:14:51,694] Trial 2077 pruned. 
[I 2026-07-13 14:14:53,846] Trial 2078 pruned. 
[I 2026-07-13 14:14:55,509] Trial 2079 pruned. 
[I 2026-07-13 14:14:55,822] Trial 2080 finished with values: [1665.7793639186202, -5236.185994602564, 74.15] and parameters: {'sl_soft': 0.17833830668719855, 'sl_hard_delta': 0.38069755865652133, 'tp': 0.0859209336931621, 'gate_pct': 99.4732844060646, 'dd_limit': 4.17581929961137, 'cooldown': 0, 'flip': False, 'en_ema_trend': False, 'ema_trend_fast': 149, 'ema_trend_slow': 84, 'en_sma_trend': True, 'sma_trend_fast': 182, 'sma_trend_slow': 309, 'en_macd': True, 'macd_fast': 6, 'macd_slow': 157, 'macd_signal': 6, 'en_vwap': True, 'en_keltner': False, 'keltner_n': 102, 'keltner_m': 4.2, 'en_obv': True, 'obv_slope': 161, 'en_cci': False, 'cci_n': 38, 'cci_threshold': 245, 'en_rsi': False, 'rsi_n': 25, 'rsi_lower': 4, 'rsi_upper': 72, 'en_stochastic': False, 'stochastic_n': 72, 'stochastic_d': 27, 'stochastic_lower': 49, 'stochastic_upper': 75, 'en_mfi': True, 'mfi_n': 54, 'mfi_lower': 49, 'mfi_upper': 78, 'en_bollinger': True, 'bollinger_n': 171, 'bollinger_k': 4.7, 'en_adx': False, 'adx_n': 78, 'adx_threshold': 40, 'en_structure_trend': True, 'structure_trend_swing_l': 13, 'en_order_block': True, 'order_block_swing_l': 18, 'en_fvg': True, 'fvg_lookback': 47, 'en_ifvg': False, 'en_breaker': False, 'breaker_swing_l': 10, 'en_cisd': True, 'k': 4, 'en_cap_bars': True, 'cap_1min': 436}.
[I 2026-07-13 14:14:56,336] Trial 2081 pruned. 
[I 2026-07-13 14:14:58,172] Trial 2082 pruned. 
[I 2026-07-13 14:15:01,170] Trial 2083 pruned. 
[I 2026-07-13 14:15:02,516] Trial 2084 pruned. 
[I 2026-07-13 14:15:04,278] Trial 2085 pruned. 
[I 2026-07-13 14:15:05,287] Trial 2086 pruned. 
[I 2026-07-13 14:15:06,795] Trial 2087 pruned. 
[I 2026-07-13 14:15:07,604] Trial 2088 pruned. 
[I 2026-07-13 14:15:08,018] Trial 2089 pruned. 
