[I 2026-07-13 14:23:30,646] Trial 2469 pruned. 
[I 2026-07-13 14:23:32,386] Trial 2470 pruned. 
[I 2026-07-13 14:23:34,546] Trial 2471 pruned. 
[I 2026-07-13 14:23:36,304] Trial 2472 pruned. 
[I 2026-07-13 14:23:37,442] Trial 2473 pruned. 
[I 2026-07-13 14:23:38,686] Trial 2474 pruned. 
[I 2026-07-13 14:23:39,746] Trial 2475 pruned. 
[I 2026-07-13 14:23:40,125] Trial 2476 pruned. 
[I 2026-07-13 14:23:40,381] Trial 2477 pruned. 
[I 2026-07-13 14:23:41,657] Trial 2478 pruned. 
[I 2026-07-13 14:23:42,859] Trial 2479 pruned. 
[I 2026-07-13 14:23:43,169] Trial 2480 pruned. 
[I 2026-07-13 14:23:46,853] Trial 2481 pruned. 
[I 2026-07-13 14:23:47,920] Trial 2482 pruned. 
[I 2026-07-13 14:23:50,083] Trial 2483 pruned. 
[I 2026-07-13 14:23:51,091] Trial 2484 pruned. 
[I 2026-07-13 14:23:52,119] Trial 2485 pruned. 
[I 2026-07-13 14:23:53,217] Trial 2486 pruned. 
[I 2026-07-13 14:23:55,469] Trial 2487 pruned. 
[I 2026-07-13 14:23:56,356] Trial 2488 pruned. 
[I 2026-07-13 14:23:57,186] Trial 2489 pruned. 
[I 2026-07-13 14:23:57,764] Trial 2490 pruned. 
[I 2026-07-13 14:24:03,281] Trial 2491 pruned. 
[I 2026-07-13 14:24:04,838] Trial 2492 pruned. 
[I 2026-07-13 14:24:06,194] Trial 2493 pruned. 
[I 2026-07-13 14:24:06,364] Trial 2494 pruned. 
[I 2026-07-13 14:24:07,646] Trial 2495 pruned. 
[I 2026-07-13 14:24:09,029] Trial 2496 pruned. 
[I 2026-07-13 14:24:09,495] Trial 2497 pruned. 
[I 2026-07-13 14:24:10,832] Trial 2498 pruned. 
[I 2026-07-13 14:24:13,171] Trial 2499 pruned. 
[I 2026-07-13 14:24:16,019] Trial 2500 finished with values: [1809.4525516352353, -16601.56836212802, 52.05] and parameters: {'sl_soft': 0.16996140481300154, 'sl_hard_delta': 0.23899777104476055, 'tp': 0.22429881379088112, 'gate_pct': 98.14251198602311, 'dd_limit': 5.319419455229414, 'cooldown': 1, 'flip': False, 'en_ema_trend': True, 'ema_trend_fast': 79, 'ema_trend_slow': 214, 'en_sma_trend': True, 'sma_trend_fast': 108, 'sma_trend_slow': 117, 'en_macd': True, 'macd_fast': 68, 'macd_slow': 188, 'macd_signal': 50, 'en_vwap': False, 'en_keltner': False, 'keltner_n': 42, 'keltner_m': 4.6000000000000005, 'en_obv': False, 'obv_slope': 198, 'en_cci': False, 'cci_n': 55, 'cci_threshold': 135, 'en_rsi': False, 'rsi_n': 58, 'rsi_lower': 26, 'rsi_upper': 75, 'en_stochastic': False, 'stochastic_n': 62, 'stochastic_d': 41, 'stochastic_lower': 22, 'stochastic_upper': 81, 'en_mfi': True, 'mfi_n': 98, 'mfi_lower': 16, 'mfi_upper': 57, 'en_bollinger': True, 'bollinger_n': 23, 'bollinger_k': 3.2, 'en_adx': False, 'adx_n': 39, 'adx_threshold': 48, 'en_structure_trend': True, 'structure_trend_swing_l': 13, 'en_order_block': False, 'order_block_swing_l': 13, 'en_fvg': True, 'fvg_lookback': 29, 'en_ifvg': False, 'en_breaker': False, 'breaker_swing_l': 18, 'en_cisd': False, 'k': 4, 'en_cap_bars': False, 'cap_1min': 1016}.
[I 2026-07-13 14:24:18,108] Trial 2501 pruned. 
[I 2026-07-13 14:24:19,271] Trial 2502 pruned. 
[I 2026-07-13 14:24:20,251] Trial 2503 pruned. 
[I 2026-07-13 14:24:20,751] Trial 2504 pruned. 
[I 2026-07-13 14:24:22,492] Trial 2505 pruned. 
[I 2026-07-13 14:24:24,703] Trial 2506 pruned. 
[I 2026-07-13 14:24:25,763] Trial 2507 pruned. 
[I 2026-07-13 14:24:27,118] Trial 2508 pruned. 
[I 2026-07-13 14:24:29,317] Trial 2509 pruned. 
[I 2026-07-13 14:24:31,025] Trial 2510 pruned. 
[I 2026-07-13 14:24:32,252] Trial 2511 pruned. 
[I 2026-07-13 14:24:33,872] Trial 2512 pruned. 
[I 2026-07-13 14:24:34,374] Trial 2513 pruned. 
[I 2026-07-13 14:24:35,571] Trial 2514 pruned. 
[I 2026-07-13 14:24:36,263] Trial 2515 pruned. 
[I 2026-07-13 14:24:37,364] Trial 2516 pruned. 
[I 2026-07-13 14:24:38,671] Trial 2517 pruned. 
[I 2026-07-13 14:24:40,157] Trial 2518 pruned. 
[I 2026-07-13 14:24:42,025] Trial 2519 pruned. 
[I 2026-07-13 14:24:42,230] Trial 2520 pruned. 
[I 2026-07-13 14:24:42,650] Trial 2521 pruned. 
[I 2026-07-13 14:24:43,868] Trial 2522 pruned. 
[I 2026-07-13 14:24:45,029] Trial 2523 pruned. 
[I 2026-07-13 14:24:46,366] Trial 2524 pruned. 
[I 2026-07-13 14:24:47,709] Trial 2525 pruned. 
[I 2026-07-13 14:24:48,958] Trial 2526 pruned. 
[I 2026-07-13 14:24:49,603] Trial 2527 pruned. 
[I 2026-07-13 14:24:52,708] Trial 2528 pruned. 
[I 2026-07-13 14:24:53,580] Trial 2529 pruned. 
[I 2026-07-13 14:24:54,663] Trial 2530 pruned. 
[I 2026-07-13 14:24:55,334] Trial 2531 pruned. 
[I 2026-07-13 14:24:56,085] Trial 2532 pruned. 
[I 2026-07-13 14:24:57,241] Trial 2533 pruned. 
[I 2026-07-13 14:25:06,356] Trial 2534 finished with values: [-1162.5350736938249, -10508.356715796019, 35.8] and parameters: {'sl_soft': 0.21287619680609998, 'sl_hard_delta': 0.25436144238534364, 'tp': 0.4041643284204108, 'gate_pct': 96.35286059642787, 'dd_limit': 4.291118661870416, 'cooldown': 0, 'flip': True, 'en_ema_trend': True, 'ema_trend_fast': 165, 'ema_trend_slow': 61, 'en_sma_trend': False, 'sma_trend_fast': 300, 'sma_trend_slow': 269, 'en_macd': True, 'macd_fast': 41, 'macd_slow': 64, 'macd_signal': 51, 'en_vwap': True, 'en_keltner': True, 'keltner_n': 16, 'keltner_m': 3.1, 'en_obv': True, 'obv_slope': 38, 'en_cci': False, 'cci_n': 111, 'cci_threshold': 270, 'en_rsi': True, 'rsi_n': 27, 'rsi_lower': 43, 'rsi_upper': 63, 'en_stochastic': True, 'stochastic_n': 12, 'stochastic_d': 4, 'stochastic_lower': 19, 'stochastic_upper': 94, 'en_mfi': False, 'mfi_n': 86, 'mfi_lower': 2, 'mfi_upper': 72, 'en_bollinger': False, 'bollinger_n': 131, 'bollinger_k': 4.1, 'en_adx': False, 'adx_n': 68, 'adx_threshold': 59, 'en_structure_trend': True, 'structure_trend_swing_l': 15, 'en_order_block': True, 'order_block_swing_l': 19, 'en_fvg': False, 'fvg_lookback': 30, 'en_ifvg': False, 'en_breaker': True, 'breaker_swing_l': 3, 'en_cisd': False, 'k': 3, 'en_cap_bars': False, 'cap_1min': 51}.
[I 2026-07-13 14:25:07,872] Trial 2535 pruned. 
[I 2026-07-13 14:25:09,518] Trial 2536 pruned. 
[I 2026-07-13 14:25:10,664] Trial 2537 pruned. 
[I 2026-07-13 14:25:18,689] Trial 2538 finished with values: [-3771.7935832408857, -20025.731841414432, 35.4] and parameters: {'sl_soft': 0.14860456520214216, 'sl_hard_delta': 0.35503742452558995, 'tp': 0.2718091740781768, 'gate_pct': 97.24094450079814, 'dd_limit': 8.159364296050743, 'cooldown': 1, 'flip': False, 'en_ema_trend': False, 'ema_trend_fast': 319, 'ema_trend_slow': 319, 'en_sma_trend': False, 'sma_trend_fast': 136, 'sma_trend_slow': 175, 'en_macd': True, 'macd_fast': 66, 'macd_slow': 11, 'macd_signal': 57, 'en_vwap': True, 'en_keltner': True, 'keltner_n': 169, 'keltner_m': 2.2, 'en_obv': True, 'obv_slope': 152, 'en_cci': False, 'cci_n': 147, 'cci_threshold': 210, 'en_rsi': False, 'rsi_n': 31, 'rsi_lower': 5, 'rsi_upper': 86, 'en_stochastic': True, 'stochastic_n': 15, 'stochastic_d': 49, 'stochastic_lower': 7, 'stochastic_upper': 83, 'en_mfi': False, 'mfi_n': 88, 'mfi_lower': 14, 'mfi_upper': 96, 'en_bollinger': True, 'bollinger_n': 5, 'bollinger_k': 3.5, 'en_adx': False, 'adx_n': 97, 'adx_threshold': 7, 'en_structure_trend': False, 'structure_trend_swing_l': 5, 'en_order_block': True, 'order_block_swing_l': 15, 'en_fvg': False, 'fvg_lookback': 47, 'en_ifvg': False, 'en_breaker': True, 'breaker_swing_l': 11, 'en_cisd': True, 'k': 3, 'en_cap_bars': False, 'cap_1min': 1370}.
[I 2026-07-13 14:25:20,235] Trial 2539 pruned. 
[I 2026-07-13 14:25:21,709] Trial 2540 pruned. 
[I 2026-07-13 14:25:24,294] Trial 2541 pruned. 
[I 2026-07-13 14:25:24,917] Trial 2542 pruned. 
[I 2026-07-13 14:25:25,973] Trial 2543 pruned. 
[I 2026-07-13 14:25:26,998] Trial 2544 pruned. 
[I 2026-07-13 14:25:28,275] Trial 2545 pruned. 
[I 2026-07-13 14:25:29,696] Trial 2546 pruned. 
[I 2026-07-13 14:25:30,099] Trial 2547 pruned. 
[I 2026-07-13 14:25:30,564] Trial 2548 pruned. 
[I 2026-07-13 14:25:31,633] Trial 2549 pruned. 
[I 2026-07-13 14:25:32,695] Trial 2550 pruned. 
[I 2026-07-13 14:25:34,330] Trial 2551 pruned. 
[I 2026-07-13 14:25:36,053] Trial 2552 pruned. 
[I 2026-07-13 14:25:38,635] Trial 2553 pruned. 
[I 2026-07-13 14:25:40,451] Trial 2554 pruned. 
[I 2026-07-13 14:25:41,006] Trial 2555 pruned. 
[I 2026-07-13 14:25:44,327] Trial 2556 pruned. 
[I 2026-07-13 14:25:45,408] Trial 2557 pruned. 
[I 2026-07-13 14:25:46,665] Trial 2558 pruned. 
[I 2026-07-13 14:25:47,681] Trial 2559 pruned. 
[I 2026-07-13 14:25:47,905] Trial 2560 pruned. 
[I 2026-07-13 14:25:49,143] Trial 2561 pruned. 
[I 2026-07-13 14:25:51,440] Trial 2562 pruned. 
[I 2026-07-13 14:25:52,020] Trial 2563 pruned. 
[I 2026-07-13 14:25:53,174] Trial 2564 pruned. 
[I 2026-07-13 14:25:54,674] Trial 2565 pruned. 
[I 2026-07-13 14:25:55,830] Trial 2566 pruned. 
[I 2026-07-13 14:25:56,169] Trial 2567 pruned. 
[I 2026-07-13 14:25:57,259] Trial 2568 pruned. 
[I 2026-07-13 14:25:58,761] Trial 2569 pruned. 
[I 2026-07-13 14:26:00,505] Trial 2570 pruned. 
[I 2026-07-13 14:26:01,425] Trial 2571 pruned. 
[I 2026-07-13 14:26:03,017] Trial 2572 pruned. 
[I 2026-07-13 14:26:04,797] Trial 2573 pruned. 
[I 2026-07-13 14:26:05,643] Trial 2574 pruned. 
[I 2026-07-13 14:26:06,953] Trial 2575 pruned. 
[I 2026-07-13 14:26:08,039] Trial 2576 pruned. 
[I 2026-07-13 14:26:08,533] Trial 2577 pruned. 
[I 2026-07-13 14:26:08,939] Trial 2578 pruned. 
[I 2026-07-13 14:26:09,606] Trial 2579 pruned. 
[I 2026-07-13 14:26:11,443] Trial 2580 pruned. 
[I 2026-07-13 14:26:13,386] Trial 2581 pruned. 
[I 2026-07-13 14:26:14,313] Trial 2582 pruned. 
[I 2026-07-13 14:26:15,472] Trial 2583 pruned. 
[I 2026-07-13 14:26:16,595] Trial 2584 pruned. 
[I 2026-07-13 14:26:18,356] Trial 2585 pruned. 
[I 2026-07-13 14:26:19,500] Trial 2586 pruned. 
[I 2026-07-13 14:26:20,054] Trial 2587 pruned. 
[I 2026-07-13 14:26:22,827] Trial 2588 pruned. 
[I 2026-07-13 14:26:23,937] Trial 2589 pruned. 
[I 2026-07-13 14:26:24,418] Trial 2590 pruned. 
[I 2026-07-13 14:26:24,798] Trial 2591 pruned. 
[I 2026-07-13 14:26:25,803] Trial 2592 pruned. 
[I 2026-07-13 14:26:27,817] Trial 2593 pruned. 
[I 2026-07-13 14:26:28,744] Trial 2594 pruned. 
[I 2026-07-13 14:26:29,215] Trial 2595 pruned. 
[I 2026-07-13 14:26:29,871] Trial 2596 pruned. 
[I 2026-07-13 14:26:30,860] Trial 2597 pruned. 
[I 2026-07-13 14:26:32,517] Trial 2598 pruned. 
[I 2026-07-13 14:26:32,974] Trial 2599 pruned. 
[I 2026-07-13 14:26:33,324] Trial 2600 pruned. 
[I 2026-07-13 14:26:35,217] Trial 2601 pruned. 
[I 2026-07-13 14:26:36,964] Trial 2602 pruned. 
[I 2026-07-13 14:26:38,996] Trial 2603 pruned. 
[I 2026-07-13 14:26:40,157] Trial 2604 pruned. 
[I 2026-07-13 14:26:41,053] Trial 2605 pruned. 
[I 2026-07-13 14:26:41,873] Trial 2606 pruned. 
[I 2026-07-13 14:26:42,671] Trial 2607 pruned. 
[I 2026-07-13 14:26:42,993] Trial 2608 pruned. 
[I 2026-07-13 14:26:43,587] Trial 2609 pruned. 
[I 2026-07-13 14:26:46,609] Trial 2610 pruned. 
[I 2026-07-13 14:26:47,988] Trial 2611 pruned. 
[I 2026-07-13 14:26:49,162] Trial 2612 pruned. 
[I 2026-07-13 14:26:50,596] Trial 2613 pruned. 
[I 2026-07-13 14:26:51,093] Trial 2614 pruned. 
[I 2026-07-13 14:26:52,032] Trial 2615 pruned. 
[I 2026-07-13 14:26:53,897] Trial 2616 pruned. 
[I 2026-07-13 14:26:55,244] Trial 2617 pruned. 
[I 2026-07-13 14:26:55,854] Trial 2618 pruned. 
[I 2026-07-13 14:26:57,411] Trial 2619 pruned. 
[I 2026-07-13 14:26:58,664] Trial 2620 pruned. 
[I 2026-07-13 14:26:59,721] Trial 2621 pruned. 
[I 2026-07-13 14:27:00,869] Trial 2622 pruned. 
[I 2026-07-13 14:27:01,944] Trial 2623 pruned. 
[I 2026-07-13 14:27:02,863] Trial 2624 pruned. 
[I 2026-07-13 14:27:03,838] Trial 2625 pruned. 
[I 2026-07-13 14:27:04,820] Trial 2626 pruned. 
[I 2026-07-13 14:27:05,850] Trial 2627 pruned. 
[I 2026-07-13 14:27:07,400] Trial 2628 pruned. 
[I 2026-07-13 14:27:08,431] Trial 2629 pruned. 
[I 2026-07-13 14:27:09,588] Trial 2630 pruned. 
[I 2026-07-13 14:27:11,310] Trial 2631 pruned. 
[I 2026-07-13 14:27:12,442] Trial 2632 pruned. 
[I 2026-07-13 14:27:13,474] Trial 2633 pruned. 
[I 2026-07-13 14:27:14,512] Trial 2634 pruned. 
[I 2026-07-13 14:27:15,658] Trial 2635 pruned. 
[I 2026-07-13 14:27:17,897] Trial 2636 pruned. 
[I 2026-07-13 14:27:20,590] Trial 2637 pruned. 
[I 2026-07-13 14:27:21,761] Trial 2638 pruned. 
[I 2026-07-13 14:27:22,807] Trial 2639 pruned. 
[I 2026-07-13 14:27:23,160] Trial 2640 pruned. 
[I 2026-07-13 14:27:24,173] Trial 2641 pruned. 
[I 2026-07-13 14:27:24,947] Trial 2642 pruned. 
[I 2026-07-13 14:27:26,322] Trial 2643 pruned. 
[I 2026-07-13 14:27:27,299] Trial 2644 pruned. 
[I 2026-07-13 14:27:28,535] Trial 2645 pruned. 
[I 2026-07-13 14:27:31,836] Trial 2646 pruned. 
[I 2026-07-13 14:27:32,892] Trial 2647 pruned. 
[I 2026-07-13 14:27:33,886] Trial 2648 pruned. 
[I 2026-07-13 14:27:34,910] Trial 2649 pruned. 
[I 2026-07-13 14:27:35,751] Trial 2650 pruned. 
[I 2026-07-13 14:27:36,851] Trial 2651 pruned. 
[I 2026-07-13 14:27:37,722] Trial 2652 pruned. 
[I 2026-07-13 14:27:38,977] Trial 2653 pruned. 
[I 2026-07-13 14:27:39,544] Trial 2654 pruned. 
[I 2026-07-13 14:27:40,419] Trial 2655 pruned. 
[I 2026-07-13 14:27:41,355] Trial 2656 pruned. 
[I 2026-07-13 14:27:42,706] Trial 2657 pruned. 
[I 2026-07-13 14:27:43,820] Trial 2658 pruned. 
[I 2026-07-13 14:27:44,812] Trial 2659 pruned. 
[I 2026-07-13 14:27:45,764] Trial 2660 pruned. 
[I 2026-07-13 14:27:46,286] Trial 2661 pruned. 
[I 2026-07-13 14:27:47,173] Trial 2662 pruned. 
[I 2026-07-13 14:27:49,620] Trial 2663 pruned. 
[I 2026-07-13 14:27:51,439] Trial 2664 pruned. 
[I 2026-07-13 14:27:51,916] Trial 2665 pruned. 
[I 2026-07-13 14:27:52,392] Trial 2666 pruned. 
[I 2026-07-13 14:27:53,046] Trial 2667 pruned. 
[I 2026-07-13 14:27:53,345] Trial 2668 pruned. 
[I 2026-07-13 14:27:54,628] Trial 2669 pruned. 
[I 2026-07-13 14:27:55,458] Trial 2670 pruned. 
[I 2026-07-13 14:27:55,956] Trial 2671 pruned. 
[I 2026-07-13 14:27:56,950] Trial 2672 pruned. 
[I 2026-07-13 14:27:57,780] Trial 2673 pruned. 
[I 2026-07-13 14:27:58,458] Trial 2674 pruned. 
[I 2026-07-13 14:28:00,810] Trial 2675 pruned. 
[I 2026-07-13 14:28:02,503] Trial 2676 pruned. 
[I 2026-07-13 14:28:03,058] Trial 2677 pruned. 
[I 2026-07-13 14:28:04,558] Trial 2678 pruned. 
[I 2026-07-13 14:28:05,867] Trial 2679 pruned. 
[I 2026-07-13 14:28:06,121] Trial 2680 pruned. 
[I 2026-07-13 14:28:07,005] Trial 2681 pruned. 
[I 2026-07-13 14:28:08,239] Trial 2682 pruned. 
[I 2026-07-13 14:28:08,627] Trial 2683 pruned. 
[I 2026-07-13 14:28:10,330] Trial 2684 pruned. 
[I 2026-07-13 14:28:10,798] Trial 2685 pruned. 
[I 2026-07-13 14:28:13,241] Trial 2686 pruned. 
[I 2026-07-13 14:28:14,195] Trial 2687 pruned. 
[I 2026-07-13 14:28:15,665] Trial 2688 pruned. 
[I 2026-07-13 14:28:16,780] Trial 2689 pruned. 
[I 2026-07-13 14:28:19,988] Trial 2690 pruned. 
[I 2026-07-13 14:28:21,256] Trial 2691 pruned. 
[I 2026-07-13 14:28:23,047] Trial 2692 pruned. 
[I 2026-07-13 14:28:23,471] Trial 2693 pruned. 
[I 2026-07-13 14:28:24,678] Trial 2694 pruned. 
[I 2026-07-13 14:28:25,896] Trial 2695 pruned. 
[I 2026-07-13 14:28:27,711] Trial 2696 pruned. 
[I 2026-07-13 14:28:28,824] Trial 2697 pruned. 
[I 2026-07-13 14:28:29,209] Trial 2698 pruned. 
[I 2026-07-13 14:28:32,527] Trial 2699 pruned. 
[I 2026-07-13 14:28:34,682] Trial 2700 pruned. 
[I 2026-07-13 14:28:37,188] Trial 2701 pruned. 
[I 2026-07-13 14:28:37,722] Trial 2702 pruned. 
[I 2026-07-13 14:28:39,487] Trial 2703 pruned. 
[I 2026-07-13 14:28:41,099] Trial 2704 pruned. 
[I 2026-07-13 14:28:41,802] Trial 2705 pruned. 
[I 2026-07-13 14:28:42,699] Trial 2706 pruned. 
[I 2026-07-13 14:28:43,305] Trial 2707 pruned. 
[I 2026-07-13 14:28:43,838] Trial 2708 pruned. 
[I 2026-07-13 14:28:45,459] Trial 2709 pruned. 
[I 2026-07-13 14:28:47,294] Trial 2710 pruned. 
[I 2026-07-13 14:28:48,718] Trial 2711 pruned. 
[I 2026-07-13 14:28:50,394] Trial 2712 pruned. 
[I 2026-07-13 14:28:52,346] Trial 2713 pruned. 
[I 2026-07-13 14:28:53,341] Trial 2714 pruned. 
[I 2026-07-13 14:28:55,165] Trial 2715 pruned. 
[I 2026-07-13 14:28:56,353] Trial 2716 pruned. 
[I 2026-07-13 14:28:57,697] Trial 2717 pruned. 
[I 2026-07-13 14:28:58,560] Trial 2718 pruned. 
[I 2026-07-13 14:28:59,675] Trial 2719 pruned. 
[I 2026-07-13 14:28:59,906] Trial 2720 pruned. 
[I 2026-07-13 14:29:00,842] Trial 2721 pruned. 
[I 2026-07-13 14:29:01,643] Trial 2722 pruned. 
[I 2026-07-13 14:29:03,691] Trial 2723 pruned. 
[I 2026-07-13 14:29:05,140] Trial 2724 pruned. 
[I 2026-07-13 14:29:06,635] Trial 2725 pruned. 
[I 2026-07-13 14:29:07,000] Trial 2726 pruned. 
[I 2026-07-13 14:29:08,446] Trial 2727 pruned. 
[I 2026-07-13 14:29:10,959] Trial 2728 pruned. 
[I 2026-07-13 14:29:13,015] Trial 2729 pruned. 
[I 2026-07-13 14:29:14,020] Trial 2730 pruned. 
[I 2026-07-13 14:29:15,081] Trial 2731 pruned. 
[I 2026-07-13 14:29:16,005] Trial 2732 pruned. 
[I 2026-07-13 14:29:19,020] Trial 2733 pruned. 
[I 2026-07-13 14:29:20,851] Trial 2734 pruned. 
[I 2026-07-13 14:29:22,098] Trial 2735 pruned. 
[I 2026-07-13 14:29:23,086] Trial 2736 pruned. 
[I 2026-07-13 14:29:29,667] Trial 2737 finished with values: [4636.719070139872, -3524.9999999999554, 63.85] and parameters: {'sl_soft': 0.18292894877448046, 'sl_hard_delta': 0.23361570915722318, 'tp': 0.2912239690046607, 'gate_pct': 99.12973389262724, 'dd_limit': 4.116108339342792, 'cooldown': 0, 'flip': True, 'en_ema_trend': False, 'ema_trend_fast': 66, 'ema_trend_slow': 165, 'en_sma_trend': False, 'sma_trend_fast': 165, 'sma_trend_slow': 218, 'en_macd': False, 'macd_fast': 57, 'macd_slow': 51, 'macd_signal': 73, 'en_vwap': True, 'en_keltner': False, 'keltner_n': 173, 'keltner_m': 4.5, 'en_obv': True, 'obv_slope': 106, 'en_cci': False, 'cci_n': 60, 'cci_threshold': 140, 'en_rsi': False, 'rsi_n': 60, 'rsi_lower': 29, 'rsi_upper': 77, 'en_stochastic': True, 'stochastic_n': 79, 'stochastic_d': 6, 'stochastic_lower': 37, 'stochastic_upper': 75, 'en_mfi': False, 'mfi_n': 27, 'mfi_lower': 19, 'mfi_upper': 53, 'en_bollinger': True, 'bollinger_n': 83, 'bollinger_k': 0.9, 'en_adx': False, 'adx_n': 92, 'adx_threshold': 25, 'en_structure_trend': False, 'structure_trend_swing_l': 20, 'en_order_block': False, 'order_block_swing_l': 10, 'en_fvg': True, 'fvg_lookback': 23, 'en_ifvg': False, 'en_breaker': False, 'breaker_swing_l': 18, 'en_cisd': False, 'k': 2, 'en_cap_bars': True, 'cap_1min': 1353}.
[I 2026-07-13 14:29:31,188] Trial 2738 pruned. 
[I 2026-07-13 14:29:34,745] Trial 2739 pruned. 
[I 2026-07-13 14:29:35,894] Trial 2740 pruned. 
[I 2026-07-13 14:29:37,461] Trial 2741 pruned. 
[I 2026-07-13 14:29:37,868] Trial 2742 pruned. 
[I 2026-07-13 14:29:39,992] Trial 2743 pruned. 
[I 2026-07-13 14:29:45,531] Trial 2744 pruned. 
[I 2026-07-13 14:29:45,873] Trial 2745 pruned. 
[I 2026-07-13 14:29:46,537] Trial 2746 pruned. 
[I 2026-07-13 14:29:47,115] Trial 2747 pruned. 
[I 2026-07-13 14:29:48,476] Trial 2748 pruned. 
[I 2026-07-13 14:29:48,691] Trial 2749 pruned. 
[I 2026-07-13 14:29:49,760] Trial 2750 pruned. 
[I 2026-07-13 14:29:50,646] Trial 2751 pruned. 
[I 2026-07-13 14:29:52,275] Trial 2752 pruned. 
[I 2026-07-13 14:29:52,658] Trial 2753 pruned. 
[I 2026-07-13 14:29:53,727] Trial 2754 pruned. 
[I 2026-07-13 14:29:55,350] Trial 2755 pruned. 
[I 2026-07-13 14:29:55,733] Trial 2756 pruned. 
[I 2026-07-13 14:29:55,967] Trial 2757 pruned. 
[I 2026-07-13 14:29:56,896] Trial 2758 pruned. 
[I 2026-07-13 14:29:58,738] Trial 2759 pruned. 
[I 2026-07-13 14:29:59,044] Trial 2760 pruned. 
[I 2026-07-13 14:30:00,460] Trial 2761 pruned. 
[I 2026-07-13 14:30:01,149] Trial 2762 pruned. 
[I 2026-07-13 14:30:02,959] Trial 2763 finished with values: [527.485987682574, -5074.999999999932, 55.55] and parameters: {'sl_soft': 0.20552241210016875, 'sl_hard_delta': 0.16099270163194943, 'tp': 0.18594749166674562, 'gate_pct': 98.21415170406553, 'dd_limit': 2.195466302790515, 'cooldown': 2, 'flip': True, 'en_ema_trend': True, 'ema_trend_fast': 63, 'ema_trend_slow': 123, 'en_sma_trend': True, 'sma_trend_fast': 378, 'sma_trend_slow': 71, 'en_macd': False, 'macd_fast': 29, 'macd_slow': 71, 'macd_signal': 47, 'en_vwap': False, 'en_keltner': False, 'keltner_n': 122, 'keltner_m': 4.7, 'en_obv': False, 'obv_slope': 26, 'en_cci': False, 'cci_n': 133, 'cci_threshold': 255, 'en_rsi': True, 'rsi_n': 45, 'rsi_lower': 29, 'rsi_upper': 52, 'en_stochastic': False, 'stochastic_n': 47, 'stochastic_d': 11, 'stochastic_lower': 23, 'stochastic_upper': 79, 'en_mfi': False, 'mfi_n': 4, 'mfi_lower': 22, 'mfi_upper': 64, 'en_bollinger': False, 'bollinger_n': 158, 'bollinger_k': 4.2, 'en_adx': False, 'adx_n': 51, 'adx_threshold': 48, 'en_structure_trend': True, 'structure_trend_swing_l': 13, 'en_order_block': False, 'order_block_swing_l': 6, 'en_fvg': False, 'fvg_lookback': 3, 'en_ifvg': True, 'en_breaker': True, 'breaker_swing_l': 7, 'en_cisd': False, 'k': 1, 'en_cap_bars': False, 'cap_1min': 1001}.
[I 2026-07-13 14:30:03,444] Trial 2764 pruned. 
[I 2026-07-13 14:30:04,722] Trial 2765 pruned. 
[I 2026-07-13 14:30:05,866] Trial 2766 pruned. 
[I 2026-07-13 14:30:07,092] Trial 2767 pruned. 
[I 2026-07-13 14:30:08,321] Trial 2768 pruned. 
[I 2026-07-13 14:30:11,460] Trial 2769 pruned. 
[I 2026-07-13 14:30:11,986] Trial 2770 pruned. 
[I 2026-07-13 14:30:15,575] Trial 2771 pruned. 
[I 2026-07-13 14:30:17,102] Trial 2772 pruned. 
[I 2026-07-13 14:30:18,124] Trial 2773 pruned. 
[I 2026-07-13 14:30:19,352] Trial 2774 pruned. 
[I 2026-07-13 14:30:20,426] Trial 2775 pruned. 
[I 2026-07-13 14:30:21,911] Trial 2776 pruned. 
[I 2026-07-13 14:30:22,864] Trial 2777 pruned. 
[I 2026-07-13 14:30:23,332] Trial 2778 pruned. 
[I 2026-07-13 14:30:23,851] Trial 2779 pruned. 
[I 2026-07-13 14:30:25,918] Trial 2780 pruned. 
[I 2026-07-13 14:30:27,021] Trial 2781 pruned. 
[I 2026-07-13 14:30:28,045] Trial 2782 pruned. 
[I 2026-07-13 14:30:29,354] Trial 2783 pruned. 
[I 2026-07-13 14:30:31,289] Trial 2784 pruned. 
[I 2026-07-13 14:30:32,325] Trial 2785 pruned. 
[I 2026-07-13 14:30:33,500] Trial 2786 pruned. 
[I 2026-07-13 14:30:34,956] Trial 2787 pruned. 
[I 2026-07-13 14:30:36,207] Trial 2788 pruned. 
[I 2026-07-13 14:30:36,765] Trial 2789 pruned. 
[I 2026-07-13 14:30:37,999] Trial 2790 pruned. 
[I 2026-07-13 14:30:38,534] Trial 2791 pruned. 
[I 2026-07-13 14:30:40,676] Trial 2792 pruned. 
[I 2026-07-13 14:30:41,969] Trial 2793 pruned. 
[I 2026-07-13 14:30:42,682] Trial 2794 pruned. 
[I 2026-07-13 14:30:43,479] Trial 2795 pruned. 
