[I 2026-07-13 14:51:18,085] Trial 3703 finished with values: [-180.70460696035911, -19239.884374495447, 44.45] and parameters: {'sl_soft': 0.18292894877448046, 'sl_hard_delta': 0.23361570915722318, 'tp': 0.2912239690046607, 'gate_pct': 99.12973389262724, 'dd_limit': 4.116108339342792, 'cooldown': 0, 'flip': True, 'en_ema_trend': True, 'ema_trend_fast': 66, 'ema_trend_slow': 165, 'en_sma_trend': False, 'sma_trend_fast': 136, 'sma_trend_slow': 265, 'en_macd': False, 'macd_fast': 57, 'macd_slow': 36, 'macd_signal': 73, 'en_vwap': True, 'en_keltner': False, 'keltner_n': 173, 'keltner_m': 4.5, 'en_obv': True, 'obv_slope': 18, 'en_cci': True, 'cci_n': 165, 'cci_threshold': 75, 'en_rsi': False, 'rsi_n': 60, 'rsi_lower': 29, 'rsi_upper': 77, 'en_stochastic': False, 'stochastic_n': 79, 'stochastic_d': 32, 'stochastic_lower': 37, 'stochastic_upper': 75, 'en_mfi': False, 'mfi_n': 27, 'mfi_lower': 45, 'mfi_upper': 53, 'en_bollinger': True, 'bollinger_n': 56, 'bollinger_k': 3.3000000000000003, 'en_adx': False, 'adx_n': 59, 'adx_threshold': 25, 'en_structure_trend': False, 'structure_trend_swing_l': 20, 'en_order_block': True, 'order_block_swing_l': 12, 'en_fvg': True, 'fvg_lookback': 46, 'en_ifvg': True, 'en_breaker': False, 'breaker_swing_l': 15, 'en_cisd': False, 'k': 3, 'en_cap_bars': True, 'cap_1min': 1353}.
[I 2026-07-13 14:51:24,422] Trial 3704 finished with values: [1685.285544626151, -14255.81922145646, 42.95] and parameters: {'sl_soft': 0.1986971158986062, 'sl_hard_delta': 0.3069396366564281, 'tp': 0.4193887076023572, 'gate_pct': 98.34265914110968, 'dd_limit': 8.159364296050743, 'cooldown': 1, 'flip': False, 'en_ema_trend': False, 'ema_trend_fast': 319, 'ema_trend_slow': 150, 'en_sma_trend': False, 'sma_trend_fast': 136, 'sma_trend_slow': 175, 'en_macd': True, 'macd_fast': 26, 'macd_slow': 20, 'macd_signal': 47, 'en_vwap': True, 'en_keltner': True, 'keltner_n': 72, 'keltner_m': 0.7, 'en_obv': False, 'obv_slope': 152, 'en_cci': False, 'cci_n': 147, 'cci_threshold': 210, 'en_rsi': True, 'rsi_n': 82, 'rsi_lower': 27, 'rsi_upper': 92, 'en_stochastic': True, 'stochastic_n': 5, 'stochastic_d': 49, 'stochastic_lower': 26, 'stochastic_upper': 83, 'en_mfi': False, 'mfi_n': 11, 'mfi_lower': 47, 'mfi_upper': 96, 'en_bollinger': False, 'bollinger_n': 126, 'bollinger_k': 3.5, 'en_adx': False, 'adx_n': 44, 'adx_threshold': 7, 'en_structure_trend': False, 'structure_trend_swing_l': 5, 'en_order_block': True, 'order_block_swing_l': 15, 'en_fvg': False, 'fvg_lookback': 47, 'en_ifvg': False, 'en_breaker': True, 'breaker_swing_l': 9, 'en_cisd': True, 'k': 3, 'en_cap_bars': True, 'cap_1min': 1370}.
[I 2026-07-13 14:51:25,191] Trial 3705 pruned. 
[I 2026-07-13 14:51:27,486] Trial 3706 finished with values: [3021.077973315585, -10427.148912191202, 72.0] and parameters: {'sl_soft': 0.29212654101002455, 'sl_hard_delta': 0.22514957031411884, 'tp': 0.15809231644429605, 'gate_pct': 98.72479828405353, 'dd_limit': 4.1596678535630165, 'cooldown': 1, 'flip': False, 'en_ema_trend': True, 'ema_trend_fast': 149, 'ema_trend_slow': 161, 'en_sma_trend': True, 'sma_trend_fast': 397, 'sma_trend_slow': 22, 'en_macd': True, 'macd_fast': 11, 'macd_slow': 23, 'macd_signal': 71, 'en_vwap': True, 'en_keltner': False, 'keltner_n': 126, 'keltner_m': 2.3, 'en_obv': True, 'obv_slope': 184, 'en_cci': True, 'cci_n': 67, 'cci_threshold': 30, 'en_rsi': False, 'rsi_n': 74, 'rsi_lower': 46, 'rsi_upper': 59, 'en_stochastic': False, 'stochastic_n': 86, 'stochastic_d': 5, 'stochastic_lower': 2, 'stochastic_upper': 96, 'en_mfi': False, 'mfi_n': 94, 'mfi_lower': 3, 'mfi_upper': 99, 'en_bollinger': False, 'bollinger_n': 37, 'bollinger_k': 4.5, 'en_adx': False, 'adx_n': 53, 'adx_threshold': 43, 'en_structure_trend': False, 'structure_trend_swing_l': 16, 'en_order_block': False, 'order_block_swing_l': 19, 'en_fvg': True, 'fvg_lookback': 34, 'en_ifvg': False, 'en_breaker': False, 'breaker_swing_l': 7, 'en_cisd': True, 'k': 5, 'en_cap_bars': False, 'cap_1min': 686}.
[I 2026-07-13 14:51:27,961] Trial 3707 finished with values: [-1428.6800059075051, -11302.50159843964, 65.25] and parameters: {'sl_soft': 0.1874696923719585, 'sl_hard_delta': 0.15561443439996694, 'tp': 0.07457511102358977, 'gate_pct': 94.49469318363046, 'dd_limit': 8.739785173334672, 'cooldown': 0, 'flip': False, 'en_ema_trend': True, 'ema_trend_fast': 367, 'ema_trend_slow': 232, 'en_sma_trend': False, 'sma_trend_fast': 298, 'sma_trend_slow': 368, 'en_macd': True, 'macd_fast': 71, 'macd_slow': 56, 'macd_signal': 78, 'en_vwap': True, 'en_keltner': False, 'keltner_n': 181, 'keltner_m': 3.6, 'en_obv': True, 'obv_slope': 35, 'en_cci': False, 'cci_n': 15, 'cci_threshold': 140, 'en_rsi': True, 'rsi_n': 68, 'rsi_lower': 37, 'rsi_upper': 91, 'en_stochastic': True, 'stochastic_n': 77, 'stochastic_d': 18, 'stochastic_lower': 34, 'stochastic_upper': 96, 'en_mfi': False, 'mfi_n': 100, 'mfi_lower': 22, 'mfi_upper': 77, 'en_bollinger': False, 'bollinger_n': 101, 'bollinger_k': 4.2, 'en_adx': False, 'adx_n': 99, 'adx_threshold': 20, 'en_structure_trend': False, 'structure_trend_swing_l': 20, 'en_order_block': False, 'order_block_swing_l': 10, 'en_fvg': False, 'fvg_lookback': 30, 'en_ifvg': False, 'en_breaker': False, 'breaker_swing_l': 3, 'en_cisd': True, 'k': 1, 'en_cap_bars': True, 'cap_1min': 247}.
[I 2026-07-13 14:51:28,638] Trial 3708 pruned. 
[I 2026-07-13 14:51:29,158] Trial 3709 pruned. 
[I 2026-07-13 14:51:29,947] Trial 3710 pruned. 
[I 2026-07-13 14:51:38,073] Trial 3711 finished with values: [-460.44967714316, -2859.846929052381, 76.1] and parameters: {'sl_soft': 0.1380777235466247, 'sl_hard_delta': 0.37829453785567446, 'tp': 0.08440287559182014, 'gate_pct': 99.16215050807807, 'dd_limit': 0.4513858738163641, 'cooldown': 1, 'flip': True, 'en_ema_trend': True, 'ema_trend_fast': 270, 'ema_trend_slow': 391, 'en_sma_trend': False, 'sma_trend_fast': 120, 'sma_trend_slow': 228, 'en_macd': True, 'macd_fast': 78, 'macd_slow': 106, 'macd_signal': 22, 'en_vwap': True, 'en_keltner': True, 'keltner_n': 59, 'keltner_m': 4.8, 'en_obv': False, 'obv_slope': 21, 'en_cci': True, 'cci_n': 21, 'cci_threshold': 45, 'en_rsi': True, 'rsi_n': 36, 'rsi_lower': 20, 'rsi_upper': 70, 'en_stochastic': True, 'stochastic_n': 61, 'stochastic_d': 45, 'stochastic_lower': 19, 'stochastic_upper': 54, 'en_mfi': True, 'mfi_n': 29, 'mfi_lower': 19, 'mfi_upper': 84, 'en_bollinger': False, 'bollinger_n': 54, 'bollinger_k': 1.7000000000000002, 'en_adx': False, 'adx_n': 30, 'adx_threshold': 51, 'en_structure_trend': True, 'structure_trend_swing_l': 17, 'en_order_block': False, 'order_block_swing_l': 7, 'en_fvg': False, 'fvg_lookback': 9, 'en_ifvg': False, 'en_breaker': False, 'breaker_swing_l': 19, 'en_cisd': True, 'k': 2, 'en_cap_bars': False, 'cap_1min': 1339}.
[I 2026-07-13 14:51:40,930] Trial 3712 finished with values: [-4615.685451299084, -32458.288278404478, 39.35] and parameters: {'sl_soft': 0.1986971158986062, 'sl_hard_delta': 0.3069396366564281, 'tp': 0.4193887076023572, 'gate_pct': 99.12973389262724, 'dd_limit': 5.851157727915591, 'cooldown': 1, 'flip': False, 'en_ema_trend': False, 'ema_trend_fast': 220, 'ema_trend_slow': 165, 'en_sma_trend': False, 'sma_trend_fast': 131, 'sma_trend_slow': 218, 'en_macd': True, 'macd_fast': 57, 'macd_slow': 41, 'macd_signal': 73, 'en_vwap': True, 'en_keltner': True, 'keltner_n': 173, 'keltner_m': 0.7, 'en_obv': False, 'obv_slope': 106, 'en_cci': False, 'cci_n': 34, 'cci_threshold': 140, 'en_rsi': False, 'rsi_n': 60, 'rsi_lower': 27, 'rsi_upper': 77, 'en_stochastic': False, 'stochastic_n': 5, 'stochastic_d': 23, 'stochastic_lower': 26, 'stochastic_upper': 83, 'en_mfi': False, 'mfi_n': 43, 'mfi_lower': 19, 'mfi_upper': 69, 'en_bollinger': True, 'bollinger_n': 83, 'bollinger_k': 4.2, 'en_adx': False, 'adx_n': 44, 'adx_threshold': 17, 'en_structure_trend': False, 'structure_trend_swing_l': 20, 'en_order_block': False, 'order_block_swing_l': 10, 'en_fvg': False, 'fvg_lookback': 23, 'en_ifvg': False, 'en_breaker': False, 'breaker_swing_l': 9, 'en_cisd': True, 'k': 1, 'en_cap_bars': True, 'cap_1min': 1353}.
[I 2026-07-13 14:51:43,883] Trial 3713 pruned. 
[I 2026-07-13 14:51:45,772] Trial 3714 finished with values: [-3297.8178688755656, -8939.95909293482, 48.8] and parameters: {'sl_soft': 0.08484806117310902, 'sl_hard_delta': 0.19753168876145452, 'tp': 0.1363505777199821, 'gate_pct': 99.82453052031805, 'dd_limit': 5.761575140310536, 'cooldown': 0, 'flip': True, 'en_ema_trend': False, 'ema_trend_fast': 16, 'ema_trend_slow': 181, 'en_sma_trend': True, 'sma_trend_fast': 216, 'sma_trend_slow': 79, 'en_macd': True, 'macd_fast': 54, 'macd_slow': 116, 'macd_signal': 55, 'en_vwap': True, 'en_keltner': False, 'keltner_n': 193, 'keltner_m': 4.0, 'en_obv': False, 'obv_slope': 149, 'en_cci': True, 'cci_n': 48, 'cci_threshold': 40, 'en_rsi': False, 'rsi_n': 90, 'rsi_lower': 29, 'rsi_upper': 97, 'en_stochastic': False, 'stochastic_n': 94, 'stochastic_d': 8, 'stochastic_lower': 19, 'stochastic_upper': 92, 'en_mfi': False, 'mfi_n': 91, 'mfi_lower': 42, 'mfi_upper': 61, 'en_bollinger': False, 'bollinger_n': 147, 'bollinger_k': 4.6000000000000005, 'en_adx': False, 'adx_n': 20, 'adx_threshold': 7, 'en_structure_trend': False, 'structure_trend_swing_l': 3, 'en_order_block': False, 'order_block_swing_l': 8, 'en_fvg': True, 'fvg_lookback': 26, 'en_ifvg': False, 'en_breaker': True, 'breaker_swing_l': 11, 'en_cisd': False, 'k': 2, 'en_cap_bars': False, 'cap_1min': 934}.
[I 2026-07-13 14:51:46,136] Trial 3715 finished with values: [1809.4525516352353, -16601.56836212802, 52.05] and parameters: {'sl_soft': 0.16996140481300154, 'sl_hard_delta': 0.23899777104476055, 'tp': 0.22429881379088112, 'gate_pct': 98.14251198602311, 'dd_limit': 5.319419455229414, 'cooldown': 1, 'flip': False, 'en_ema_trend': True, 'ema_trend_fast': 79, 'ema_trend_slow': 214, 'en_sma_trend': True, 'sma_trend_fast': 108, 'sma_trend_slow': 117, 'en_macd': True, 'macd_fast': 68, 'macd_slow': 188, 'macd_signal': 50, 'en_vwap': False, 'en_keltner': False, 'keltner_n': 42, 'keltner_m': 4.6000000000000005, 'en_obv': False, 'obv_slope': 198, 'en_cci': False, 'cci_n': 55, 'cci_threshold': 135, 'en_rsi': False, 'rsi_n': 58, 'rsi_lower': 26, 'rsi_upper': 75, 'en_stochastic': False, 'stochastic_n': 62, 'stochastic_d': 41, 'stochastic_lower': 22, 'stochastic_upper': 81, 'en_mfi': True, 'mfi_n': 98, 'mfi_lower': 16, 'mfi_upper': 57, 'en_bollinger': True, 'bollinger_n': 23, 'bollinger_k': 3.2, 'en_adx': False, 'adx_n': 39, 'adx_threshold': 48, 'en_structure_trend': True, 'structure_trend_swing_l': 13, 'en_order_block': False, 'order_block_swing_l': 13, 'en_fvg': True, 'fvg_lookback': 29, 'en_ifvg': False, 'en_breaker': False, 'breaker_swing_l': 18, 'en_cisd': False, 'k': 4, 'en_cap_bars': False, 'cap_1min': 1016}.
[I 2026-07-13 14:51:47,672] Trial 3716 pruned. 
[I 2026-07-13 14:51:54,850] Trial 3717 finished with values: [-1196.159071072529, -7793.543644865443, 24.35] and parameters: {'sl_soft': 0.07495145835141874, 'sl_hard_delta': 0.060216365744100955, 'tp': 0.33573588931769177, 'gate_pct': 97.28704165170988, 'dd_limit': 0.7627381108845042, 'cooldown': 0, 'flip': False, 'en_ema_trend': False, 'ema_trend_fast': 279, 'ema_trend_slow': 304, 'en_sma_trend': True, 'sma_trend_fast': 360, 'sma_trend_slow': 35, 'en_macd': True, 'macd_fast': 18, 'macd_slow': 161, 'macd_signal': 18, 'en_vwap': True, 'en_keltner': True, 'keltner_n': 123, 'keltner_m': 2.8000000000000003, 'en_obv': False, 'obv_slope': 165, 'en_cci': False, 'cci_n': 54, 'cci_threshold': 300, 'en_rsi': True, 'rsi_n': 71, 'rsi_lower': 18, 'rsi_upper': 81, 'en_stochastic': True, 'stochastic_n': 52, 'stochastic_d': 2, 'stochastic_lower': 40, 'stochastic_upper': 93, 'en_mfi': False, 'mfi_n': 62, 'mfi_lower': 25, 'mfi_upper': 97, 'en_bollinger': True, 'bollinger_n': 7, 'bollinger_k': 2.7, 'en_adx': False, 'adx_n': 35, 'adx_threshold': 35, 'en_structure_trend': False, 'structure_trend_swing_l': 9, 'en_order_block': True, 'order_block_swing_l': 13, 'en_fvg': True, 'fvg_lookback': 18, 'en_ifvg': False, 'en_breaker': True, 'breaker_swing_l': 8, 'en_cisd': False, 'k': 3, 'en_cap_bars': True, 'cap_1min': 1243}.
[I 2026-07-13 14:51:55,650] Trial 3718 finished with values: [-241.69115409359028, -16221.834551121223, 61.05] and parameters: {'sl_soft': 0.25282872551526225, 'sl_hard_delta': 0.043076774810561935, 'tp': 0.15809231644429605, 'gate_pct': 99.87519113241727, 'dd_limit': 4.1596678535630165, 'cooldown': 1, 'flip': True, 'en_ema_trend': False, 'ema_trend_fast': 149, 'ema_trend_slow': 55, 'en_sma_trend': False, 'sma_trend_fast': 397, 'sma_trend_slow': 324, 'en_macd': False, 'macd_fast': 93, 'macd_slow': 132, 'macd_signal': 89, 'en_vwap': True, 'en_keltner': True, 'keltner_n': 126, 'keltner_m': 4.1, 'en_obv': True, 'obv_slope': 184, 'en_cci': True, 'cci_n': 11, 'cci_threshold': 80, 'en_rsi': False, 'rsi_n': 62, 'rsi_lower': 46, 'rsi_upper': 90, 'en_stochastic': False, 'stochastic_n': 91, 'stochastic_d': 9, 'stochastic_lower': 40, 'stochastic_upper': 96, 'en_mfi': False, 'mfi_n': 58, 'mfi_lower': 11, 'mfi_upper': 54, 'en_bollinger': True, 'bollinger_n': 99, 'bollinger_k': 4.1, 'en_adx': False, 'adx_n': 16, 'adx_threshold': 18, 'en_structure_trend': False, 'structure_trend_swing_l': 13, 'en_order_block': True, 'order_block_swing_l': 16, 'en_fvg': True, 'fvg_lookback': 29, 'en_ifvg': False, 'en_breaker': True, 'breaker_swing_l': 6, 'en_cisd': False, 'k': 4, 'en_cap_bars': False, 'cap_1min': 577}.
[I 2026-07-13 14:51:56,279] Trial 3719 pruned. 
[I 2026-07-13 14:51:58,233] Trial 3720 finished with values: [1352.6441458646054, -6806.386102758908, 75.4] and parameters: {'sl_soft': 0.17299259093013, 'sl_hard_delta': 0.14809162487386876, 'tp': 0.0723159330955925, 'gate_pct': 96.58875153575434, 'dd_limit': 0.8350241645118831, 'cooldown': 1, 'flip': False, 'en_ema_trend': False, 'ema_trend_fast': 318, 'ema_trend_slow': 60, 'en_sma_trend': False, 'sma_trend_fast': 322, 'sma_trend_slow': 233, 'en_macd': True, 'macd_fast': 52, 'macd_slow': 134, 'macd_signal': 42, 'en_vwap': False, 'en_keltner': False, 'keltner_n': 26, 'keltner_m': 1.3, 'en_obv': True, 'obv_slope': 82, 'en_cci': True, 'cci_n': 192, 'cci_threshold': 120, 'en_rsi': True, 'rsi_n': 16, 'rsi_lower': 12, 'rsi_upper': 76, 'en_stochastic': False, 'stochastic_n': 54, 'stochastic_d': 30, 'stochastic_lower': 24, 'stochastic_upper': 74, 'en_mfi': False, 'mfi_n': 35, 'mfi_lower': 24, 'mfi_upper': 70, 'en_bollinger': True, 'bollinger_n': 195, 'bollinger_k': 3.8000000000000003, 'en_adx': False, 'adx_n': 30, 'adx_threshold': 41, 'en_structure_trend': False, 'structure_trend_swing_l': 1, 'en_order_block': True, 'order_block_swing_l': 12, 'en_fvg': True, 'fvg_lookback': 5, 'en_ifvg': False, 'en_breaker': True, 'breaker_swing_l': 1, 'en_cisd': False, 'k': 1, 'en_cap_bars': True, 'cap_1min': 219}.
[I 2026-07-13 14:51:59,533] Trial 3721 finished with values: [-1820.406630683955, -6851.76065285539, 72.94999999999999] and parameters: {'sl_soft': 0.17833830668719855, 'sl_hard_delta': 0.38069755865652133, 'tp': 0.0859209336931621, 'gate_pct': 99.4732844060646, 'dd_limit': 4.17581929961137, 'cooldown': 0, 'flip': True, 'en_ema_trend': False, 'ema_trend_fast': 149, 'ema_trend_slow': 247, 'en_sma_trend': True, 'sma_trend_fast': 216, 'sma_trend_slow': 309, 'en_macd': True, 'macd_fast': 6, 'macd_slow': 157, 'macd_signal': 55, 'en_vwap': True, 'en_keltner': False, 'keltner_n': 113, 'keltner_m': 4.0, 'en_obv': True, 'obv_slope': 72, 'en_cci': False, 'cci_n': 48, 'cci_threshold': 245, 'en_rsi': True, 'rsi_n': 45, 'rsi_lower': 29, 'rsi_upper': 72, 'en_stochastic': False, 'stochastic_n': 72, 'stochastic_d': 27, 'stochastic_lower': 19, 'stochastic_upper': 92, 'en_mfi': False, 'mfi_n': 54, 'mfi_lower': 42, 'mfi_upper': 61, 'en_bollinger': False, 'bollinger_n': 171, 'bollinger_k': 4.6000000000000005, 'en_adx': False, 'adx_n': 20, 'adx_threshold': 40, 'en_structure_trend': True, 'structure_trend_swing_l': 18, 'en_order_block': False, 'order_block_swing_l': 9, 'en_fvg': True, 'fvg_lookback': 47, 'en_ifvg': True, 'en_breaker': False, 'breaker_swing_l': 1, 'en_cisd': False, 'k': 4, 'en_cap_bars': True, 'cap_1min': 436}.
[I 2026-07-13 14:52:00,857] Trial 3722 finished with values: [61.367636167624596, -4574.999999999961, 59.0] and parameters: {'sl_soft': 0.18686589308353144, 'sl_hard_delta': 0.19753168876145452, 'tp': 0.18594749166674562, 'gate_pct': 99.69323193425575, 'dd_limit': 2.195466302790515, 'cooldown': 2, 'flip': True, 'en_ema_trend': False, 'ema_trend_fast': 16, 'ema_trend_slow': 247, 'en_sma_trend': True, 'sma_trend_fast': 216, 'sma_trend_slow': 71, 'en_macd': True, 'macd_fast': 77, 'macd_slow': 71, 'macd_signal': 55, 'en_vwap': False, 'en_keltner': False, 'keltner_n': 122, 'keltner_m': 4.7, 'en_obv': False, 'obv_slope': 72, 'en_cci': True, 'cci_n': 133, 'cci_threshold': 255, 'en_rsi': True, 'rsi_n': 45, 'rsi_lower': 29, 'rsi_upper': 57, 'en_stochastic': False, 'stochastic_n': 27, 'stochastic_d': 29, 'stochastic_lower': 19, 'stochastic_upper': 79, 'en_mfi': False, 'mfi_n': 4, 'mfi_lower': 42, 'mfi_upper': 64, 'en_bollinger': False, 'bollinger_n': 158, 'bollinger_k': 4.2, 'en_adx': False, 'adx_n': 20, 'adx_threshold': 48, 'en_structure_trend': False, 'structure_trend_swing_l': 18, 'en_order_block': False, 'order_block_swing_l': 10, 'en_fvg': True, 'fvg_lookback': 15, 'en_ifvg': True, 'en_breaker': True, 'breaker_swing_l': 7, 'en_cisd': False, 'k': 1, 'en_cap_bars': False, 'cap_1min': 1001}.
[I 2026-07-13 14:52:01,732] Trial 3723 finished with values: [-6212.126410433906, -10650.755574695335, 69.6] and parameters: {'sl_soft': 0.17833830668719855, 'sl_hard_delta': 0.18315139636342287, 'tp': 0.08440287559182014, 'gate_pct': 99.16215050807807, 'dd_limit': 0.4513858738163641, 'cooldown': 0, 'flip': True, 'en_ema_trend': False, 'ema_trend_fast': 270, 'ema_trend_slow': 84, 'en_sma_trend': False, 'sma_trend_fast': 182, 'sma_trend_slow': 309, 'en_macd': False, 'macd_fast': 6, 'macd_slow': 126, 'macd_signal': 50, 'en_vwap': False, 'en_keltner': False, 'keltner_n': 59, 'keltner_m': 1.5, 'en_obv': True, 'obv_slope': 38, 'en_cci': True, 'cci_n': 84, 'cci_threshold': 45, 'en_rsi': True, 'rsi_n': 41, 'rsi_lower': 4, 'rsi_upper': 72, 'en_stochastic': False, 'stochastic_n': 72, 'stochastic_d': 27, 'stochastic_lower': 49, 'stochastic_upper': 68, 'en_mfi': False, 'mfi_n': 54, 'mfi_lower': 38, 'mfi_upper': 51, 'en_bollinger': False, 'bollinger_n': 54, 'bollinger_k': 4.7, 'en_adx': False, 'adx_n': 78, 'adx_threshold': 51, 'en_structure_trend': True, 'structure_trend_swing_l': 9, 'en_order_block': True, 'order_block_swing_l': 18, 'en_fvg': False, 'fvg_lookback': 47, 'en_ifvg': False, 'en_breaker': False, 'breaker_swing_l': 19, 'en_cisd': True, 'k': 2, 'en_cap_bars': False, 'cap_1min': 436}.
[I 2026-07-13 14:52:02,007] Trial 3724 finished with values: [-3052.606904274935, -10366.355597980357, 57.400000000000006] and parameters: {'sl_soft': 0.09531265262561292, 'sl_hard_delta': 0.3157900995601127, 'tp': 0.08500285668931837, 'gate_pct': 99.86430067299344, 'dd_limit': 2.3419576250818945, 'cooldown': 2, 'flip': True, 'en_ema_trend': True, 'ema_trend_fast': 4, 'ema_trend_slow': 134, 'en_sma_trend': False, 'sma_trend_fast': 204, 'sma_trend_slow': 385, 'en_macd': True, 'macd_fast': 76, 'macd_slow': 28, 'macd_signal': 13, 'en_vwap': True, 'en_keltner': False, 'keltner_n': 95, 'keltner_m': 2.8000000000000003, 'en_obv': True, 'obv_slope': 140, 'en_cci': False, 'cci_n': 115, 'cci_threshold': 280, 'en_rsi': False, 'rsi_n': 7, 'rsi_lower': 34, 'rsi_upper': 70, 'en_stochastic': False, 'stochastic_n': 41, 'stochastic_d': 5, 'stochastic_lower': 43, 'stochastic_upper': 86, 'en_mfi': False, 'mfi_n': 25, 'mfi_lower': 23, 'mfi_upper': 87, 'en_bollinger': False, 'bollinger_n': 103, 'bollinger_k': 1.8, 'en_adx': False, 'adx_n': 47, 'adx_threshold': 25, 'en_structure_trend': True, 'structure_trend_swing_l': 5, 'en_order_block': True, 'order_block_swing_l': 7, 'en_fvg': True, 'fvg_lookback': 40, 'en_ifvg': False, 'en_breaker': True, 'breaker_swing_l': 20, 'en_cisd': True, 'k': 4, 'en_cap_bars': True, 'cap_1min': 374}.
[I 2026-07-13 14:52:02,312] Trial 3725 finished with values: [956.4885187954352, -15771.900121276405, 67.55000000000001] and parameters: {'sl_soft': 0.29406552811412545, 'sl_hard_delta': 0.26350679747876377, 'tp': 0.14518538625129632, 'gate_pct': 97.87184393359011, 'dd_limit': 0.6062953539401272, 'cooldown': 2, 'flip': False, 'en_ema_trend': True, 'ema_trend_fast': 195, 'ema_trend_slow': 377, 'en_sma_trend': True, 'sma_trend_fast': 44, 'sma_trend_slow': 200, 'en_macd': True, 'macd_fast': 70, 'macd_slow': 72, 'macd_signal': 45, 'en_vwap': True, 'en_keltner': True, 'keltner_n': 24, 'keltner_m': 1.3, 'en_obv': True, 'obv_slope': 61, 'en_cci': True, 'cci_n': 142, 'cci_threshold': 250, 'en_rsi': True, 'rsi_n': 93, 'rsi_lower': 30, 'rsi_upper': 66, 'en_stochastic': False, 'stochastic_n': 95, 'stochastic_d': 28, 'stochastic_lower': 42, 'stochastic_upper': 91, 'en_mfi': False, 'mfi_n': 19, 'mfi_lower': 22, 'mfi_upper': 73, 'en_bollinger': False, 'bollinger_n': 149, 'bollinger_k': 2.8000000000000003, 'en_adx': False, 'adx_n': 50, 'adx_threshold': 24, 'en_structure_trend': True, 'structure_trend_swing_l': 17, 'en_order_block': True, 'order_block_swing_l': 11, 'en_fvg': True, 'fvg_lookback': 7, 'en_ifvg': False, 'en_breaker': True, 'breaker_swing_l': 6, 'en_cisd': False, 'k': 4, 'en_cap_bars': False, 'cap_1min': 1250}.
[I 2026-07-13 14:52:04,049] Trial 3726 pruned. 
