[I 2026-07-13 14:43:45,849] Trial 3369 pruned. 
[I 2026-07-13 14:43:46,973] Trial 3370 pruned. 
[I 2026-07-13 14:43:48,408] Trial 3371 pruned. 
[I 2026-07-13 14:43:49,307] Trial 3372 pruned. 
[I 2026-07-13 14:43:51,304] Trial 3373 pruned. 
[I 2026-07-13 14:43:53,870] Trial 3374 pruned. 
[I 2026-07-13 14:43:55,444] Trial 3375 pruned. 
[I 2026-07-13 14:43:56,543] Trial 3376 pruned. 
[I 2026-07-13 14:43:57,871] Trial 3377 pruned. 
[I 2026-07-13 14:43:58,386] Trial 3378 pruned. 
[I 2026-07-13 14:43:59,250] Trial 3379 pruned. 
[I 2026-07-13 14:43:59,752] Trial 3380 pruned. 
[I 2026-07-13 14:44:01,038] Trial 3381 pruned. 
[I 2026-07-13 14:44:02,071] Trial 3382 pruned. 
[I 2026-07-13 14:44:02,796] Trial 3383 pruned. 
[I 2026-07-13 14:44:03,849] Trial 3384 pruned. 
[I 2026-07-13 14:44:05,602] Trial 3385 pruned. 
[I 2026-07-13 14:44:06,545] Trial 3386 pruned. 
[I 2026-07-13 14:44:08,020] Trial 3387 pruned. 
[I 2026-07-13 14:44:10,837] Trial 3388 pruned. 
[I 2026-07-13 14:44:12,994] Trial 3389 pruned. 
[I 2026-07-13 14:44:14,038] Trial 3390 pruned. 
[I 2026-07-13 14:44:14,932] Trial 3391 pruned. 
[I 2026-07-13 14:44:15,396] Trial 3392 pruned. 
[I 2026-07-13 14:44:16,550] Trial 3393 pruned. 
[I 2026-07-13 14:44:16,913] Trial 3394 pruned. 
[I 2026-07-13 14:44:19,116] Trial 3395 pruned. 
[I 2026-07-13 14:44:19,971] Trial 3396 pruned. 
[I 2026-07-13 14:44:21,156] Trial 3397 pruned. 
[I 2026-07-13 14:44:22,603] Trial 3398 pruned. 
[I 2026-07-13 14:44:24,212] Trial 3399 pruned. 
[I 2026-07-13 14:44:24,408] Trial 3400 pruned. 
[I 2026-07-13 14:44:25,257] Trial 3401 pruned. 
[I 2026-07-13 14:44:26,388] Trial 3402 pruned. 
[I 2026-07-13 14:44:27,728] Trial 3403 pruned. 
[I 2026-07-13 14:44:29,096] Trial 3404 pruned. 
[I 2026-07-13 14:44:32,491] Trial 3405 pruned. 
[I 2026-07-13 14:44:34,186] Trial 3406 pruned. 
[I 2026-07-13 14:44:34,688] Trial 3407 pruned. 
[I 2026-07-13 14:44:36,379] Trial 3408 pruned. 
[I 2026-07-13 14:44:37,230] Trial 3409 pruned. 
[I 2026-07-13 14:44:38,564] Trial 3410 pruned. 
[I 2026-07-13 14:44:40,426] Trial 3411 pruned. 
[I 2026-07-13 14:44:42,285] Trial 3412 pruned. 
[I 2026-07-13 14:44:42,948] Trial 3413 pruned. 
[I 2026-07-13 14:44:45,325] Trial 3414 pruned. 
[I 2026-07-13 14:44:46,671] Trial 3415 pruned. 
[I 2026-07-13 14:44:49,674] Trial 3416 pruned. 
[I 2026-07-13 14:44:50,940] Trial 3417 pruned. 
[I 2026-07-13 14:44:51,705] Trial 3418 pruned. 
[I 2026-07-13 14:44:52,243] Trial 3419 pruned. 
[I 2026-07-13 14:44:53,952] Trial 3420 pruned. 
[I 2026-07-13 14:44:57,251] Trial 3421 pruned. 
[I 2026-07-13 14:44:59,303] Trial 3422 pruned. 
[I 2026-07-13 14:45:00,517] Trial 3423 pruned. 
[I 2026-07-13 14:45:01,499] Trial 3424 pruned. 
[I 2026-07-13 14:45:02,677] Trial 3425 pruned. 
[I 2026-07-13 14:45:03,128] Trial 3426 pruned. 
[I 2026-07-13 14:45:03,845] Trial 3427 pruned. 
[I 2026-07-13 14:45:05,661] Trial 3428 pruned. 
[I 2026-07-13 14:45:07,318] Trial 3429 pruned. 
[I 2026-07-13 14:45:08,783] Trial 3430 pruned. 
[I 2026-07-13 14:45:10,546] Trial 3431 pruned. 
[I 2026-07-13 14:45:14,824] Trial 3432 pruned. 
[I 2026-07-13 14:45:15,316] Trial 3433 pruned. 
[I 2026-07-13 14:45:17,177] Trial 3434 pruned. 
[I 2026-07-13 14:45:18,991] Trial 3435 pruned. 
[I 2026-07-13 14:45:20,642] Trial 3436 pruned. 
[I 2026-07-13 14:45:21,227] Trial 3437 pruned. 
[I 2026-07-13 14:45:22,102] Trial 3438 pruned. 
[I 2026-07-13 14:45:23,870] Trial 3439 pruned. 
[I 2026-07-13 14:45:24,063] Trial 3440 pruned. 
[I 2026-07-13 14:45:25,580] Trial 3441 pruned. 
[I 2026-07-13 14:45:26,548] Trial 3442 pruned. 
[I 2026-07-13 14:45:28,372] Trial 3443 pruned. 
[I 2026-07-13 14:45:29,561] Trial 3444 pruned. 
[I 2026-07-13 14:45:31,256] Trial 3445 pruned. 
[I 2026-07-13 14:45:31,706] Trial 3446 pruned. 
[I 2026-07-13 14:45:32,257] Trial 3447 pruned. 
[I 2026-07-13 14:45:33,273] Trial 3448 pruned. 
[I 2026-07-13 14:45:33,773] Trial 3449 pruned. 
[I 2026-07-13 14:45:35,364] Trial 3450 pruned. 
[I 2026-07-13 14:45:36,236] Trial 3451 pruned. 
[I 2026-07-13 14:45:37,378] Trial 3452 pruned. 
[I 2026-07-13 14:45:38,408] Trial 3453 pruned. 
[I 2026-07-13 14:45:39,807] Trial 3454 pruned. 
[I 2026-07-13 14:45:40,185] Trial 3455 pruned. 
[I 2026-07-13 14:45:48,619] Trial 3456 finished with values: [-1428.6800059075051, -11302.50159843964, 65.25] and parameters: {'sl_soft': 0.1874696923719585, 'sl_hard_delta': 0.15561443439996694, 'tp': 0.07457511102358977, 'gate_pct': 94.49469318363046, 'dd_limit': 8.739785173334672, 'cooldown': 0, 'flip': False, 'en_ema_trend': True, 'ema_trend_fast': 367, 'ema_trend_slow': 232, 'en_sma_trend': False, 'sma_trend_fast': 298, 'sma_trend_slow': 368, 'en_macd': True, 'macd_fast': 71, 'macd_slow': 56, 'macd_signal': 78, 'en_vwap': True, 'en_keltner': False, 'keltner_n': 181, 'keltner_m': 3.6, 'en_obv': True, 'obv_slope': 35, 'en_cci': False, 'cci_n': 15, 'cci_threshold': 140, 'en_rsi': True, 'rsi_n': 68, 'rsi_lower': 37, 'rsi_upper': 91, 'en_stochastic': True, 'stochastic_n': 77, 'stochastic_d': 18, 'stochastic_lower': 34, 'stochastic_upper': 96, 'en_mfi': False, 'mfi_n': 100, 'mfi_lower': 22, 'mfi_upper': 77, 'en_bollinger': False, 'bollinger_n': 101, 'bollinger_k': 4.2, 'en_adx': False, 'adx_n': 99, 'adx_threshold': 20, 'en_structure_trend': False, 'structure_trend_swing_l': 20, 'en_order_block': False, 'order_block_swing_l': 10, 'en_fvg': False, 'fvg_lookback': 30, 'en_ifvg': False, 'en_breaker': False, 'breaker_swing_l': 3, 'en_cisd': True, 'k': 1, 'en_cap_bars': True, 'cap_1min': 247}.
[I 2026-07-13 14:45:50,499] Trial 3457 pruned. 
[I 2026-07-13 14:45:51,704] Trial 3458 pruned. 
[I 2026-07-13 14:45:52,179] Trial 3459 pruned. 
[I 2026-07-13 14:45:53,399] Trial 3460 pruned. 
[I 2026-07-13 14:45:55,291] Trial 3461 pruned. 
[I 2026-07-13 14:45:56,254] Trial 3462 pruned. 
[I 2026-07-13 14:45:58,438] Trial 3463 pruned. 
[I 2026-07-13 14:45:59,621] Trial 3464 pruned. 
[I 2026-07-13 14:46:00,321] Trial 3465 pruned. 
[I 2026-07-13 14:46:02,056] Trial 3466 pruned. 
[I 2026-07-13 14:46:03,382] Trial 3467 pruned. 
[I 2026-07-13 14:46:04,566] Trial 3468 pruned. 
[I 2026-07-13 14:46:05,029] Trial 3469 pruned. 
[I 2026-07-13 14:46:06,070] Trial 3470 pruned. 
[I 2026-07-13 14:46:07,425] Trial 3471 pruned. 
[I 2026-07-13 14:46:08,448] Trial 3472 pruned. 
[I 2026-07-13 14:46:09,476] Trial 3473 pruned. 
[I 2026-07-13 14:46:11,345] Trial 3474 pruned. 
[I 2026-07-13 14:46:12,479] Trial 3475 pruned. 
[I 2026-07-13 14:46:13,168] Trial 3476 pruned. 
[I 2026-07-13 14:46:14,331] Trial 3477 pruned. 
[I 2026-07-13 14:46:15,219] Trial 3478 pruned. 
[I 2026-07-13 14:46:17,662] Trial 3479 finished with values: [364.4352567238584, -2186.1340444907282, 73.2] and parameters: {'sl_soft': 0.0878919570222958, 'sl_hard_delta': 0.19753168876145452, 'tp': 0.0668102413346753, 'gate_pct': 99.69323193425575, 'dd_limit': 9.614899803236822, 'cooldown': 2, 'flip': True, 'en_ema_trend': False, 'ema_trend_fast': 16, 'ema_trend_slow': 247, 'en_sma_trend': True, 'sma_trend_fast': 216, 'sma_trend_slow': 158, 'en_macd': True, 'macd_fast': 77, 'macd_slow': 128, 'macd_signal': 55, 'en_vwap': True, 'en_keltner': False, 'keltner_n': 113, 'keltner_m': 4.0, 'en_obv': False, 'obv_slope': 72, 'en_cci': True, 'cci_n': 48, 'cci_threshold': 130, 'en_rsi': True, 'rsi_n': 45, 'rsi_lower': 29, 'rsi_upper': 57, 'en_stochastic': False, 'stochastic_n': 27, 'stochastic_d': 29, 'stochastic_lower': 19, 'stochastic_upper': 92, 'en_mfi': False, 'mfi_n': 91, 'mfi_lower': 42, 'mfi_upper': 61, 'en_bollinger': False, 'bollinger_n': 132, 'bollinger_k': 4.6000000000000005, 'en_adx': False, 'adx_n': 20, 'adx_threshold': 7, 'en_structure_trend': False, 'structure_trend_swing_l': 18, 'en_order_block': False, 'order_block_swing_l': 9, 'en_fvg': True, 'fvg_lookback': 15, 'en_ifvg': True, 'en_breaker': False, 'breaker_swing_l': 15, 'en_cisd': False, 'k': 4, 'en_cap_bars': True, 'cap_1min': 934}.
[I 2026-07-13 14:46:17,890] Trial 3480 pruned. 
[I 2026-07-13 14:46:18,219] Trial 3481 pruned. 
[I 2026-07-13 14:46:19,248] Trial 3482 pruned. 
[I 2026-07-13 14:46:20,740] Trial 3483 pruned. 
[I 2026-07-13 14:46:21,933] Trial 3484 pruned. 
[I 2026-07-13 14:46:22,936] Trial 3485 pruned. 
[I 2026-07-13 14:46:23,928] Trial 3486 pruned. 
[I 2026-07-13 14:46:25,854] Trial 3487 pruned. 
[I 2026-07-13 14:46:26,815] Trial 3488 pruned. 
[I 2026-07-13 14:46:27,442] Trial 3489 pruned. 
[I 2026-07-13 14:46:29,233] Trial 3490 pruned. 
[I 2026-07-13 14:46:30,203] Trial 3491 pruned. 
[I 2026-07-13 14:46:30,896] Trial 3492 pruned. 
[I 2026-07-13 14:46:31,890] Trial 3493 pruned. 
[I 2026-07-13 14:46:33,347] Trial 3494 pruned. 
[I 2026-07-13 14:46:34,240] Trial 3495 pruned. 
[I 2026-07-13 14:46:37,228] Trial 3496 pruned. 
[I 2026-07-13 14:46:40,294] Trial 3497 pruned. 
[I 2026-07-13 14:46:41,405] Trial 3498 pruned. 
[I 2026-07-13 14:46:42,063] Trial 3499 pruned. 
[I 2026-07-13 14:46:43,163] Trial 3500 pruned. 
[I 2026-07-13 14:46:44,335] Trial 3501 pruned. 
[I 2026-07-13 14:46:45,160] Trial 3502 pruned. 
[I 2026-07-13 14:46:45,652] Trial 3503 pruned. 
[I 2026-07-13 14:46:46,929] Trial 3504 pruned. 
[I 2026-07-13 14:46:48,005] Trial 3505 pruned. 
[I 2026-07-13 14:46:48,661] Trial 3506 pruned. 
[I 2026-07-13 14:46:50,699] Trial 3507 pruned. 
[I 2026-07-13 14:46:52,802] Trial 3508 pruned. 
[I 2026-07-13 14:46:55,272] Trial 3509 pruned. 
[I 2026-07-13 14:46:55,726] Trial 3510 pruned. 
[I 2026-07-13 14:46:56,653] Trial 3511 pruned. 
[I 2026-07-13 14:46:58,338] Trial 3512 pruned. 
[I 2026-07-13 14:46:59,565] Trial 3513 pruned. 
[I 2026-07-13 14:47:00,598] Trial 3514 pruned. 
[I 2026-07-13 14:47:01,596] Trial 3515 pruned. 
[I 2026-07-13 14:47:01,948] Trial 3516 pruned. 
[I 2026-07-13 14:47:02,950] Trial 3517 pruned. 
[I 2026-07-13 14:47:03,410] Trial 3518 pruned. 
[I 2026-07-13 14:47:04,581] Trial 3519 pruned. 
[I 2026-07-13 14:47:04,880] Trial 3520 pruned. 
[I 2026-07-13 14:47:05,625] Trial 3521 pruned. 
[I 2026-07-13 14:47:07,033] Trial 3522 pruned. 
[I 2026-07-13 14:47:08,320] Trial 3523 pruned. 
[I 2026-07-13 14:47:09,499] Trial 3524 pruned. 
[I 2026-07-13 14:47:11,116] Trial 3525 pruned. 
[I 2026-07-13 14:47:13,514] Trial 3526 pruned. 
[I 2026-07-13 14:47:14,142] Trial 3527 pruned. 
[I 2026-07-13 14:47:16,046] Trial 3528 pruned. 
[I 2026-07-13 14:47:16,437] Trial 3529 pruned. 
[I 2026-07-13 14:47:16,926] Trial 3530 pruned. 
[I 2026-07-13 14:47:17,403] Trial 3531 pruned. 
[I 2026-07-13 14:47:20,417] Trial 3532 pruned. 
[I 2026-07-13 14:47:22,189] Trial 3533 pruned. 
[I 2026-07-13 14:47:23,388] Trial 3534 pruned. 
[I 2026-07-13 14:47:25,550] Trial 3535 pruned. 
[I 2026-07-13 14:47:27,307] Trial 3536 pruned. 
[I 2026-07-13 14:47:27,918] Trial 3537 pruned. 
[I 2026-07-13 14:47:29,084] Trial 3538 pruned. 
[I 2026-07-13 14:47:30,022] Trial 3539 pruned. 
[I 2026-07-13 14:47:31,222] Trial 3540 pruned. 
[I 2026-07-13 14:47:34,764] Trial 3541 pruned. 
[I 2026-07-13 14:47:36,590] Trial 3542 pruned. 
[I 2026-07-13 14:47:36,957] Trial 3543 pruned. 
[I 2026-07-13 14:47:40,007] Trial 3544 pruned. 
[I 2026-07-13 14:47:41,464] Trial 3545 pruned. 
[I 2026-07-13 14:47:42,326] Trial 3546 pruned. 
[I 2026-07-13 14:47:42,840] Trial 3547 pruned. 
[I 2026-07-13 14:47:44,719] Trial 3548 pruned. 
[I 2026-07-13 14:47:46,216] Trial 3549 pruned. 
[I 2026-07-13 14:47:47,205] Trial 3550 pruned. 
[I 2026-07-13 14:47:48,066] Trial 3551 pruned. 
[I 2026-07-13 14:47:49,548] Trial 3552 pruned. 
[I 2026-07-13 14:47:50,933] Trial 3553 pruned. 
[I 2026-07-13 14:47:53,383] Trial 3554 pruned. 
[I 2026-07-13 14:47:54,561] Trial 3555 pruned. 
[I 2026-07-13 14:47:54,973] Trial 3556 pruned. 
[I 2026-07-13 14:47:56,420] Trial 3557 pruned. 
[I 2026-07-13 14:47:57,648] Trial 3558 pruned. 
[I 2026-07-13 14:47:59,010] Trial 3559 pruned. 
[I 2026-07-13 14:47:59,365] Trial 3560 pruned. 
[I 2026-07-13 14:48:00,044] Trial 3561 pruned. 
[I 2026-07-13 14:48:01,297] Trial 3562 pruned. 
[I 2026-07-13 14:48:02,323] Trial 3563 pruned. 
[I 2026-07-13 14:48:03,491] Trial 3564 pruned. 
[I 2026-07-13 14:48:03,886] Trial 3565 pruned. 
[I 2026-07-13 14:48:04,869] Trial 3566 pruned. 
[I 2026-07-13 14:48:06,302] Trial 3567 pruned. 
[I 2026-07-13 14:48:07,816] Trial 3568 pruned. 
[I 2026-07-13 14:48:08,599] Trial 3569 pruned. 
[I 2026-07-13 14:48:10,886] Trial 3570 pruned. 
[I 2026-07-13 14:48:11,813] Trial 3571 pruned. 
[I 2026-07-13 14:48:13,462] Trial 3572 pruned. 
[I 2026-07-13 14:48:14,498] Trial 3573 pruned. 
[I 2026-07-13 14:48:16,524] Trial 3574 pruned. 
[I 2026-07-13 14:48:18,908] Trial 3575 pruned. 
[I 2026-07-13 14:48:19,415] Trial 3576 pruned. 
[I 2026-07-13 14:48:21,287] Trial 3577 pruned. 
[I 2026-07-13 14:48:22,374] Trial 3578 pruned. 
[I 2026-07-13 14:48:23,542] Trial 3579 pruned. 
[I 2026-07-13 14:48:24,699] Trial 3580 pruned. 
[I 2026-07-13 14:48:26,620] Trial 3581 pruned. 
[I 2026-07-13 14:48:27,344] Trial 3582 pruned. 
[I 2026-07-13 14:48:28,135] Trial 3583 pruned. 
[I 2026-07-13 14:48:29,372] Trial 3584 pruned. 
[I 2026-07-13 14:48:30,033] Trial 3585 pruned. 
[I 2026-07-13 14:48:31,281] Trial 3586 pruned. 
[I 2026-07-13 14:48:32,013] Trial 3587 pruned. 
[I 2026-07-13 14:48:33,527] Trial 3588 pruned. 
[I 2026-07-13 14:48:34,012] Trial 3589 pruned. 
[I 2026-07-13 14:48:35,099] Trial 3590 pruned. 
[I 2026-07-13 14:48:36,594] Trial 3591 pruned. 
[I 2026-07-13 14:48:37,744] Trial 3592 pruned. 
[I 2026-07-13 14:48:39,485] Trial 3593 pruned. 
[I 2026-07-13 14:48:40,496] Trial 3594 pruned. 
[I 2026-07-13 14:48:41,819] Trial 3595 pruned. 
[I 2026-07-13 14:48:43,633] Trial 3596 pruned. 
[I 2026-07-13 14:48:44,503] Trial 3597 pruned. 
[I 2026-07-13 14:48:46,498] Trial 3598 pruned. 
[I 2026-07-13 14:48:51,160] Trial 3599 finished with values: [31.49247918521769, -16078.268421571183, 39.599999999999994] and parameters: {'sl_soft': 0.12406282734192264, 'sl_hard_delta': 0.008770405026788016, 'tp': 0.2431031899526056, 'gate_pct': 95.4952585196385, 'dd_limit': 6.7928516530416, 'cooldown': 2, 'flip': False, 'en_ema_trend': True, 'ema_trend_fast': 138, 'ema_trend_slow': 152, 'en_sma_trend': True, 'sma_trend_fast': 122, 'sma_trend_slow': 94, 'en_macd': False, 'macd_fast': 12, 'macd_slow': 91, 'macd_signal': 16, 'en_vwap': False, 'en_keltner': True, 'keltner_n': 66, 'keltner_m': 5.0, 'en_obv': True, 'obv_slope': 160, 'en_cci': True, 'cci_n': 13, 'cci_threshold': 215, 'en_rsi': True, 'rsi_n': 53, 'rsi_lower': 29, 'rsi_upper': 99, 'en_stochastic': False, 'stochastic_n': 14, 'stochastic_d': 42, 'stochastic_lower': 16, 'stochastic_upper': 86, 'en_mfi': False, 'mfi_n': 20, 'mfi_lower': 24, 'mfi_upper': 84, 'en_bollinger': True, 'bollinger_n': 194, 'bollinger_k': 4.1, 'en_adx': False, 'adx_n': 76, 'adx_threshold': 26, 'en_structure_trend': True, 'structure_trend_swing_l': 4, 'en_order_block': True, 'order_block_swing_l': 13, 'en_fvg': False, 'fvg_lookback': 37, 'en_ifvg': False, 'en_breaker': False, 'breaker_swing_l': 8, 'en_cisd': False, 'k': 3, 'en_cap_bars': False, 'cap_1min': 99}.
[I 2026-07-13 14:48:51,315] Trial 3600 pruned. 
[I 2026-07-13 14:48:52,119] Trial 3601 pruned. 
[I 2026-07-13 14:48:53,545] Trial 3602 pruned. 
[I 2026-07-13 14:48:54,003] Trial 3603 pruned. 
[I 2026-07-13 14:48:56,935] Trial 3604 pruned. 
[I 2026-07-13 14:48:59,478] Trial 3605 pruned. 
[I 2026-07-13 14:49:00,550] Trial 3606 pruned. 
[I 2026-07-13 14:49:01,748] Trial 3607 pruned. 
[I 2026-07-13 14:49:02,949] Trial 3608 pruned. 
[I 2026-07-13 14:49:04,330] Trial 3609 pruned. 
[I 2026-07-13 14:49:05,284] Trial 3610 pruned. 
[I 2026-07-13 14:49:05,852] Trial 3611 pruned. 
[I 2026-07-13 14:49:06,325] Trial 3612 pruned. 
[I 2026-07-13 14:49:06,859] Trial 3613 pruned. 
[I 2026-07-13 14:49:07,879] Trial 3614 pruned. 
[I 2026-07-13 14:49:08,566] Trial 3615 pruned. 
[I 2026-07-13 14:49:10,254] Trial 3616 pruned. 
[I 2026-07-13 14:49:10,866] Trial 3617 pruned. 
[I 2026-07-13 14:49:12,612] Trial 3618 pruned. 
[I 2026-07-13 14:49:13,055] Trial 3619 pruned. 
[I 2026-07-13 14:49:14,178] Trial 3620 pruned. 
[I 2026-07-13 14:49:15,649] Trial 3621 pruned. 
[I 2026-07-13 14:49:16,501] Trial 3622 pruned. 
[I 2026-07-13 14:49:18,879] Trial 3623 pruned. 
[I 2026-07-13 14:49:23,301] Trial 3624 pruned. 
[I 2026-07-13 14:49:23,967] Trial 3625 pruned. 
[I 2026-07-13 14:49:25,867] Trial 3626 pruned. 
[I 2026-07-13 14:49:26,987] Trial 3627 pruned. 
[I 2026-07-13 14:49:27,596] Trial 3628 pruned. 
[I 2026-07-13 14:49:28,900] Trial 3629 pruned. 
[I 2026-07-13 14:49:29,804] Trial 3630 pruned. 
[I 2026-07-13 14:49:30,473] Trial 3631 pruned. 
[I 2026-07-13 14:49:31,566] Trial 3632 pruned. 
[I 2026-07-13 14:49:35,137] Trial 3633 pruned. 
[I 2026-07-13 14:49:36,505] Trial 3634 pruned. 
[I 2026-07-13 14:49:37,541] Trial 3635 pruned. 
[I 2026-07-13 14:49:38,145] Trial 3636 pruned. 
[I 2026-07-13 14:49:39,022] Trial 3637 pruned. 
[I 2026-07-13 14:49:39,836] Trial 3638 pruned. 
[I 2026-07-13 14:49:40,506] Trial 3639 pruned. 
[I 2026-07-13 14:49:40,789] Trial 3640 pruned. 
[I 2026-07-13 14:49:42,590] Trial 3641 pruned. 
[I 2026-07-13 14:49:44,506] Trial 3642 pruned. 
[I 2026-07-13 14:49:45,937] Trial 3643 pruned. 
[I 2026-07-13 14:49:47,043] Trial 3644 pruned. 
[I 2026-07-13 14:49:47,690] Trial 3645 pruned. 
[I 2026-07-13 14:49:48,713] Trial 3646 pruned. 
[I 2026-07-13 14:49:49,626] Trial 3647 pruned. 
[I 2026-07-13 14:49:51,699] Trial 3648 pruned. 
[I 2026-07-13 14:49:52,277] Trial 3649 pruned. 
[I 2026-07-13 14:49:54,347] Trial 3650 pruned. 
[I 2026-07-13 14:49:54,834] Trial 3651 pruned. 
[I 2026-07-13 14:49:56,153] Trial 3652 pruned. 
[I 2026-07-13 14:49:57,939] Trial 3653 pruned. 
[I 2026-07-13 14:49:58,936] Trial 3654 pruned. 
[I 2026-07-13 14:50:00,459] Trial 3655 pruned. 
[I 2026-07-13 14:50:01,767] Trial 3656 pruned. 
[I 2026-07-13 14:50:02,354] Trial 3657 pruned. 
[I 2026-07-13 14:50:04,070] Trial 3658 pruned. 
[I 2026-07-13 14:50:05,480] Trial 3659 pruned. 
[I 2026-07-13 14:50:06,398] Trial 3660 pruned. 
[I 2026-07-13 14:50:07,533] Trial 3661 pruned. 
[I 2026-07-13 14:50:08,480] Trial 3662 pruned. 
[I 2026-07-13 14:50:09,423] Trial 3663 pruned. 
[I 2026-07-13 14:50:10,540] Trial 3664 pruned. 
[I 2026-07-13 14:50:11,569] Trial 3665 pruned. 
[I 2026-07-13 14:50:12,674] Trial 3666 pruned. 
[I 2026-07-13 14:50:13,348] Trial 3667 pruned. 
[I 2026-07-13 14:50:14,560] Trial 3668 pruned. 
[I 2026-07-13 14:50:15,548] Trial 3669 pruned. 
[I 2026-07-13 14:50:16,321] Trial 3670 pruned. 
[I 2026-07-13 14:50:16,971] Trial 3671 pruned. 
[I 2026-07-13 14:50:20,134] Trial 3672 finished with values: [66.54936106826898, -4091.0366776019914, 55.0] and parameters: {'sl_soft': 0.06296823147477545, 'sl_hard_delta': 0.13021773798276434, 'tp': 0.10101049452027269, 'gate_pct': 99.61891044222611, 'dd_limit': 9.545433413303892, 'cooldown': 1, 'flip': True, 'en_ema_trend': False, 'ema_trend_fast': 70, 'ema_trend_slow': 375, 'en_sma_trend': True, 'sma_trend_fast': 173, 'sma_trend_slow': 85, 'en_macd': True, 'macd_fast': 51, 'macd_slow': 38, 'macd_signal': 86, 'en_vwap': False, 'en_keltner': False, 'keltner_n': 78, 'keltner_m': 2.2, 'en_obv': False, 'obv_slope': 191, 'en_cci': False, 'cci_n': 174, 'cci_threshold': 270, 'en_rsi': True, 'rsi_n': 99, 'rsi_lower': 37, 'rsi_upper': 53, 'en_stochastic': False, 'stochastic_n': 93, 'stochastic_d': 32, 'stochastic_lower': 36, 'stochastic_upper': 79, 'en_mfi': True, 'mfi_n': 85, 'mfi_lower': 23, 'mfi_upper': 66, 'en_bollinger': True, 'bollinger_n': 125, 'bollinger_k': 2.5, 'en_adx': False, 'adx_n': 69, 'adx_threshold': 49, 'en_structure_trend': False, 'structure_trend_swing_l': 2, 'en_order_block': False, 'order_block_swing_l': 11, 'en_fvg': True, 'fvg_lookback': 31, 'en_ifvg': False, 'en_breaker': False, 'breaker_swing_l': 19, 'en_cisd': True, 'k': 3, 'en_cap_bars': False, 'cap_1min': 1365}.
[I 2026-07-13 14:50:24,699] Trial 3673 finished with values: [2452.44068954408, -27785.27841388466, 49.8] and parameters: {'sl_soft': 0.16996140481300154, 'sl_hard_delta': 0.23899777104476055, 'tp': 0.22429881379088112, 'gate_pct': 98.14251198602311, 'dd_limit': 9.693174467861043, 'cooldown': 1, 'flip': False, 'en_ema_trend': True, 'ema_trend_fast': 76, 'ema_trend_slow': 190, 'en_sma_trend': True, 'sma_trend_fast': 268, 'sma_trend_slow': 117, 'en_macd': True, 'macd_fast': 68, 'macd_slow': 124, 'macd_signal': 42, 'en_vwap': False, 'en_keltner': True, 'keltner_n': 42, 'keltner_m': 3.6, 'en_obv': False, 'obv_slope': 62, 'en_cci': False, 'cci_n': 2, 'cci_threshold': 135, 'en_rsi': True, 'rsi_n': 58, 'rsi_lower': 1, 'rsi_upper': 80, 'en_stochastic': False, 'stochastic_n': 62, 'stochastic_d': 41, 'stochastic_lower': 22, 'stochastic_upper': 56, 'en_mfi': True, 'mfi_n': 28, 'mfi_lower': 48, 'mfi_upper': 97, 'en_bollinger': False, 'bollinger_n': 23, 'bollinger_k': 3.2, 'en_adx': False, 'adx_n': 39, 'adx_threshold': 48, 'en_structure_trend': True, 'structure_trend_swing_l': 14, 'en_order_block': True, 'order_block_swing_l': 13, 'en_fvg': False, 'fvg_lookback': 28, 'en_ifvg': False, 'en_breaker': True, 'breaker_swing_l': 11, 'en_cisd': False, 'k': 4, 'en_cap_bars': True, 'cap_1min': 481}.
[I 2026-07-13 14:50:25,623] Trial 3674 pruned. 
