[I 2026-07-13 14:56:54,728] Trial 3843 finished with values: [-770.9320655563267, -4333.437060715966, 75.3] and parameters: {'sl_soft': 0.16996140481300154, 'sl_hard_delta': 0.3817260073301948, 'tp': 0.1203254347554967, 'gate_pct': 98.14251198602311, 'dd_limit': 1.8093410380953228, 'cooldown': 1, 'flip': True, 'en_ema_trend': True, 'ema_trend_fast': 79, 'ema_trend_slow': 2, 'en_sma_trend': True, 'sma_trend_fast': 372, 'sma_trend_slow': 283, 'en_macd': True, 'macd_fast': 98, 'macd_slow': 150, 'macd_signal': 76, 'en_vwap': False, 'en_keltner': False, 'keltner_n': 42, 'keltner_m': 2.7, 'en_obv': False, 'obv_slope': 198, 'en_cci': False, 'cci_n': 55, 'cci_threshold': 135, 'en_rsi': False, 'rsi_n': 58, 'rsi_lower': 10, 'rsi_upper': 63, 'en_stochastic': True, 'stochastic_n': 8, 'stochastic_d': 31, 'stochastic_lower': 3, 'stochastic_upper': 67, 'en_mfi': True, 'mfi_n': 93, 'mfi_lower': 31, 'mfi_upper': 57, 'en_bollinger': True, 'bollinger_n': 23, 'bollinger_k': 4.5, 'en_adx': False, 'adx_n': 20, 'adx_threshold': 11, 'en_structure_trend': False, 'structure_trend_swing_l': 1, 'en_order_block': False, 'order_block_swing_l': 19, 'en_fvg': True, 'fvg_lookback': 44, 'en_ifvg': True, 'en_breaker': True, 'breaker_swing_l': 11, 'en_cisd': False, 'k': 4, 'en_cap_bars': True, 'cap_1min': 852}.
[I 2026-07-13 14:56:54,987] Trial 3844 finished with values: [1235.7893988226817, -4915.235951781298, 72.75] and parameters: {'sl_soft': 0.15918195032780505, 'sl_hard_delta': 0.34807457696003896, 'tp': 0.0859209336931621, 'gate_pct': 99.4732844060646, 'dd_limit': 4.17581929961137, 'cooldown': 0, 'flip': False, 'en_ema_trend': True, 'ema_trend_fast': 367, 'ema_trend_slow': 100, 'en_sma_trend': True, 'sma_trend_fast': 372, 'sma_trend_slow': 50, 'en_macd': True, 'macd_fast': 39, 'macd_slow': 43, 'macd_signal': 98, 'en_vwap': False, 'en_keltner': False, 'keltner_n': 102, 'keltner_m': 0.7, 'en_obv': True, 'obv_slope': 161, 'en_cci': True, 'cci_n': 92, 'cci_threshold': 245, 'en_rsi': False, 'rsi_n': 25, 'rsi_lower': 4, 'rsi_upper': 90, 'en_stochastic': False, 'stochastic_n': 72, 'stochastic_d': 31, 'stochastic_lower': 10, 'stochastic_upper': 78, 'en_mfi': True, 'mfi_n': 54, 'mfi_lower': 49, 'mfi_upper': 78, 'en_bollinger': False, 'bollinger_n': 120, 'bollinger_k': 1.2000000000000002, 'en_adx': False, 'adx_n': 11, 'adx_threshold': 27, 'en_structure_trend': False, 'structure_trend_swing_l': 1, 'en_order_block': True, 'order_block_swing_l': 19, 'en_fvg': True, 'fvg_lookback': 47, 'en_ifvg': False, 'en_breaker': False, 'breaker_swing_l': 10, 'en_cisd': True, 'k': 1, 'en_cap_bars': False, 'cap_1min': 852}.
[I 2026-07-13 14:56:57,388] Trial 3845 finished with values: [1512.488700850181, -7225.673951423559, 80.3] and parameters: {'sl_soft': 0.29406552811412545, 'sl_hard_delta': 0.38069755865652133, 'tp': 0.0859209336931621, 'gate_pct': 97.87184393359011, 'dd_limit': 4.17581929961137, 'cooldown': 0, 'flip': False, 'en_ema_trend': True, 'ema_trend_fast': 318, 'ema_trend_slow': 152, 'en_sma_trend': True, 'sma_trend_fast': 182, 'sma_trend_slow': 309, 'en_macd': True, 'macd_fast': 12, 'macd_slow': 72, 'macd_signal': 6, 'en_vwap': True, 'en_keltner': True, 'keltner_n': 66, 'keltner_m': 0.7, 'en_obv': False, 'obv_slope': 61, 'en_cci': False, 'cci_n': 38, 'cci_threshold': 120, 'en_rsi': False, 'rsi_n': 53, 'rsi_lower': 29, 'rsi_upper': 66, 'en_stochastic': False, 'stochastic_n': 54, 'stochastic_d': 5, 'stochastic_lower': 16, 'stochastic_upper': 67, 'en_mfi': False, 'mfi_n': 20, 'mfi_lower': 24, 'mfi_upper': 88, 'en_bollinger': False, 'bollinger_n': 195, 'bollinger_k': 2.8000000000000003, 'en_adx': False, 'adx_n': 50, 'adx_threshold': 40, 'en_structure_trend': False, 'structure_trend_swing_l': 13, 'en_order_block': True, 'order_block_swing_l': 18, 'en_fvg': True, 'fvg_lookback': 26, 'en_ifvg': False, 'en_breaker': True, 'breaker_swing_l': 6, 'en_cisd': False, 'k': 4, 'en_cap_bars': True, 'cap_1min': 436}.
[I 2026-07-13 14:57:00,056] Trial 3846 finished with values: [434.227637689446, -5769.530785858306, 68.45] and parameters: {'sl_soft': 0.17299259093013, 'sl_hard_delta': 0.14809162487386876, 'tp': 0.08304307060442956, 'gate_pct': 98.72479828405353, 'dd_limit': 0.8350241645118831, 'cooldown': 2, 'flip': True, 'en_ema_trend': True, 'ema_trend_fast': 63, 'ema_trend_slow': 123, 'en_sma_trend': False, 'sma_trend_fast': 265, 'sma_trend_slow': 50, 'en_macd': True, 'macd_fast': 11, 'macd_slow': 134, 'macd_signal': 98, 'en_vwap': True, 'en_keltner': False, 'keltner_n': 79, 'keltner_m': 1.3, 'en_obv': True, 'obv_slope': 92, 'en_cci': True, 'cci_n': 172, 'cci_threshold': 30, 'en_rsi': True, 'rsi_n': 56, 'rsi_lower': 46, 'rsi_upper': 65, 'en_stochastic': False, 'stochastic_n': 47, 'stochastic_d': 11, 'stochastic_lower': 7, 'stochastic_upper': 78, 'en_mfi': False, 'mfi_n': 35, 'mfi_lower': 5, 'mfi_upper': 51, 'en_bollinger': False, 'bollinger_n': 37, 'bollinger_k': 3.8000000000000003, 'en_adx': False, 'adx_n': 2, 'adx_threshold': 17, 'en_structure_trend': False, 'structure_trend_swing_l': 15, 'en_order_block': False, 'order_block_swing_l': 12, 'en_fvg': True, 'fvg_lookback': 24, 'en_ifvg': True, 'en_breaker': False, 'breaker_swing_l': 13, 'en_cisd': True, 'k': 5, 'en_cap_bars': False, 'cap_1min': 1134}.
[I 2026-07-13 14:57:00,875] Trial 3847 pruned. 
[I 2026-07-13 14:57:03,065] Trial 3848 pruned. 
[I 2026-07-13 14:57:03,387] Trial 3849 finished with values: [-3806.5594985845933, -15588.026209531265, 31.6] and parameters: {'sl_soft': 0.15918195032780505, 'sl_hard_delta': 0.005960370386043589, 'tp': 0.3322153223243982, 'gate_pct': 97.87184393359011, 'dd_limit': 3.177401405918999, 'cooldown': 1, 'flip': False, 'en_ema_trend': False, 'ema_trend_fast': 126, 'ema_trend_slow': 84, 'en_sma_trend': False, 'sma_trend_fast': 372, 'sma_trend_slow': 200, 'en_macd': True, 'macd_fast': 80, 'macd_slow': 159, 'macd_signal': 45, 'en_vwap': True, 'en_keltner': False, 'keltner_n': 89, 'keltner_m': 4.2, 'en_obv': True, 'obv_slope': 61, 'en_cci': False, 'cci_n': 38, 'cci_threshold': 65, 'en_rsi': False, 'rsi_n': 97, 'rsi_lower': 1, 'rsi_upper': 81, 'en_stochastic': False, 'stochastic_n': 72, 'stochastic_d': 28, 'stochastic_lower': 49, 'stochastic_upper': 57, 'en_mfi': False, 'mfi_n': 19, 'mfi_lower': 22, 'mfi_upper': 54, 'en_bollinger': False, 'bollinger_n': 143, 'bollinger_k': 4.0, 'en_adx': False, 'adx_n': 78, 'adx_threshold': 40, 'en_structure_trend': True, 'structure_trend_swing_l': 17, 'en_order_block': True, 'order_block_swing_l': 11, 'en_fvg': True, 'fvg_lookback': 19, 'en_ifvg': False, 'en_breaker': True, 'breaker_swing_l': 8, 'en_cisd': False, 'k': 4, 'en_cap_bars': True, 'cap_1min': 436}.
[I 2026-07-13 14:57:05,292] Trial 3850 finished with values: [1511.3997946440527, -3284.182191899489, 81.75] and parameters: {'sl_soft': 0.15918195032780505, 'sl_hard_delta': 0.38069755865652133, 'tp': 0.08304307060442956, 'gate_pct': 99.4732844060646, 'dd_limit': 4.17581929961137, 'cooldown': 1, 'flip': True, 'en_ema_trend': True, 'ema_trend_fast': 149, 'ema_trend_slow': 84, 'en_sma_trend': False, 'sma_trend_fast': 265, 'sma_trend_slow': 309, 'en_macd': True, 'macd_fast': 6, 'macd_slow': 134, 'macd_signal': 6, 'en_vwap': False, 'en_keltner': False, 'keltner_n': 89, 'keltner_m': 1.3, 'en_obv': True, 'obv_slope': 161, 'en_cci': False, 'cci_n': 38, 'cci_threshold': 290, 'en_rsi': True, 'rsi_n': 56, 'rsi_lower': 47, 'rsi_upper': 65, 'en_stochastic': False, 'stochastic_n': 72, 'stochastic_d': 31, 'stochastic_lower': 7, 'stochastic_upper': 89, 'en_mfi': True, 'mfi_n': 35, 'mfi_lower': 49, 'mfi_upper': 51, 'en_bollinger': True, 'bollinger_n': 171, 'bollinger_k': 3.8000000000000003, 'en_adx': False, 'adx_n': 78, 'adx_threshold': 17, 'en_structure_trend': True, 'structure_trend_swing_l': 15, 'en_order_block': False, 'order_block_swing_l': 12, 'en_fvg': True, 'fvg_lookback': 19, 'en_ifvg': False, 'en_breaker': False, 'breaker_swing_l': 13, 'en_cisd': True, 'k': 1, 'en_cap_bars': True, 'cap_1min': 436}.
[I 2026-07-13 14:57:05,542] Trial 3851 finished with values: [1665.7793639186202, -5236.185994602564, 74.15] and parameters: {'sl_soft': 0.17833830668719855, 'sl_hard_delta': 0.38069755865652133, 'tp': 0.0859209336931621, 'gate_pct': 99.4732844060646, 'dd_limit': 4.17581929961137, 'cooldown': 0, 'flip': False, 'en_ema_trend': False, 'ema_trend_fast': 149, 'ema_trend_slow': 84, 'en_sma_trend': True, 'sma_trend_fast': 182, 'sma_trend_slow': 309, 'en_macd': True, 'macd_fast': 6, 'macd_slow': 157, 'macd_signal': 6, 'en_vwap': True, 'en_keltner': False, 'keltner_n': 102, 'keltner_m': 4.2, 'en_obv': True, 'obv_slope': 161, 'en_cci': False, 'cci_n': 38, 'cci_threshold': 245, 'en_rsi': False, 'rsi_n': 25, 'rsi_lower': 4, 'rsi_upper': 72, 'en_stochastic': False, 'stochastic_n': 72, 'stochastic_d': 27, 'stochastic_lower': 49, 'stochastic_upper': 75, 'en_mfi': True, 'mfi_n': 54, 'mfi_lower': 49, 'mfi_upper': 78, 'en_bollinger': True, 'bollinger_n': 171, 'bollinger_k': 4.7, 'en_adx': False, 'adx_n': 78, 'adx_threshold': 40, 'en_structure_trend': True, 'structure_trend_swing_l': 13, 'en_order_block': True, 'order_block_swing_l': 18, 'en_fvg': True, 'fvg_lookback': 47, 'en_ifvg': False, 'en_breaker': False, 'breaker_swing_l': 10, 'en_cisd': True, 'k': 4, 'en_cap_bars': True, 'cap_1min': 436}.
[I 2026-07-13 14:57:07,538] Trial 3852 finished with values: [5598.114794210593, -11655.502721543875, 61.25] and parameters: {'sl_soft': 0.29212654101002455, 'sl_hard_delta': 0.3817260073301948, 'tp': 0.2734748639228072, 'gate_pct': 98.72479828405353, 'dd_limit': 4.1596678535630165, 'cooldown': 1, 'flip': False, 'en_ema_trend': True, 'ema_trend_fast': 149, 'ema_trend_slow': 161, 'en_sma_trend': True, 'sma_trend_fast': 166, 'sma_trend_slow': 283, 'en_macd': True, 'macd_fast': 64, 'macd_slow': 23, 'macd_signal': 37, 'en_vwap': True, 'en_keltner': False, 'keltner_n': 126, 'keltner_m': 2.8000000000000003, 'en_obv': True, 'obv_slope': 184, 'en_cci': True, 'cci_n': 67, 'cci_threshold': 35, 'en_rsi': False, 'rsi_n': 21, 'rsi_lower': 30, 'rsi_upper': 76, 'en_stochastic': False, 'stochastic_n': 8, 'stochastic_d': 31, 'stochastic_lower': 10, 'stochastic_upper': 89, 'en_mfi': False, 'mfi_n': 44, 'mfi_lower': 45, 'mfi_upper': 99, 'en_bollinger': False, 'bollinger_n': 37, 'bollinger_k': 4.5, 'en_adx': False, 'adx_n': 8, 'adx_threshold': 43, 'en_structure_trend': False, 'structure_trend_swing_l': 16, 'en_order_block': False, 'order_block_swing_l': 4, 'en_fvg': True, 'fvg_lookback': 34, 'en_ifvg': True, 'en_breaker': False, 'breaker_swing_l': 7, 'en_cisd': True, 'k': 5, 'en_cap_bars': False, 'cap_1min': 686}.
[I 2026-07-13 14:57:08,993] Trial 3853 pruned. 
[I 2026-07-13 14:57:11,252] Trial 3854 finished with values: [1841.5893666585246, -16058.965667650467, 73.5] and parameters: {'sl_soft': 0.17299259093013, 'sl_hard_delta': 0.26350679747876377, 'tp': 0.07629543740731591, 'gate_pct': 98.21870877115913, 'dd_limit': 3.177401405918999, 'cooldown': 2, 'flip': False, 'en_ema_trend': True, 'ema_trend_fast': 38, 'ema_trend_slow': 190, 'en_sma_trend': False, 'sma_trend_fast': 44, 'sma_trend_slow': 200, 'en_macd': True, 'macd_fast': 16, 'macd_slow': 124, 'macd_signal': 43, 'en_vwap': True, 'en_keltner': True, 'keltner_n': 24, 'keltner_m': 2.3, 'en_obv': True, 'obv_slope': 197, 'en_cci': True, 'cci_n': 107, 'cci_threshold': 250, 'en_rsi': True, 'rsi_n': 27, 'rsi_lower': 30, 'rsi_upper': 71, 'en_stochastic': False, 'stochastic_n': 8, 'stochastic_d': 40, 'stochastic_lower': 25, 'stochastic_upper': 74, 'en_mfi': False, 'mfi_n': 28, 'mfi_lower': 5, 'mfi_upper': 56, 'en_bollinger': False, 'bollinger_n': 120, 'bollinger_k': 3.8000000000000003, 'en_adx': False, 'adx_n': 77, 'adx_threshold': 44, 'en_structure_trend': False, 'structure_trend_swing_l': 1, 'en_order_block': True, 'order_block_swing_l': 11, 'en_fvg': False, 'fvg_lookback': 5, 'en_ifvg': False, 'en_breaker': True, 'breaker_swing_l': 14, 'en_cisd': False, 'k': 4, 'en_cap_bars': False, 'cap_1min': 219}.
[I 2026-07-13 14:57:14,166] Trial 3855 pruned. 
[I 2026-07-13 14:57:18,661] Trial 3856 finished with values: [640.1280107948359, -5202.459749770369, 77.80000000000001] and parameters: {'sl_soft': 0.17833830668719855, 'sl_hard_delta': 0.34807457696003896, 'tp': 0.0859209336931621, 'gate_pct': 99.60506126830711, 'dd_limit': 5.196387599591654, 'cooldown': 2, 'flip': True, 'en_ema_trend': False, 'ema_trend_fast': 197, 'ema_trend_slow': 2, 'en_sma_trend': False, 'sma_trend_fast': 268, 'sma_trend_slow': 290, 'en_macd': True, 'macd_fast': 18, 'macd_slow': 157, 'macd_signal': 6, 'en_vwap': True, 'en_keltner': True, 'keltner_n': 79, 'keltner_m': 0.7, 'en_obv': True, 'obv_slope': 92, 'en_cci': True, 'cci_n': 172, 'cci_threshold': 120, 'en_rsi': True, 'rsi_n': 25, 'rsi_lower': 28, 'rsi_upper': 72, 'en_stochastic': False, 'stochastic_n': 29, 'stochastic_d': 49, 'stochastic_lower': 20, 'stochastic_upper': 78, 'en_mfi': True, 'mfi_n': 11, 'mfi_lower': 27, 'mfi_upper': 78, 'en_bollinger': False, 'bollinger_n': 69, 'bollinger_k': 2.7, 'en_adx': False, 'adx_n': 59, 'adx_threshold': 5, 'en_structure_trend': False, 'structure_trend_swing_l': 14, 'en_order_block': True, 'order_block_swing_l': 18, 'en_fvg': True, 'fvg_lookback': 24, 'en_ifvg': True, 'en_breaker': False, 'breaker_swing_l': 11, 'en_cisd': False, 'k': 1, 'en_cap_bars': True, 'cap_1min': 591}.
[I 2026-07-13 14:57:21,676] Trial 3857 finished with values: [5668.917860189442, -8813.92338837795, 48.1] and parameters: {'sl_soft': 0.17833830668719855, 'sl_hard_delta': 0.2600002949787223, 'tp': 0.3322153223243982, 'gate_pct': 99.4732844060646, 'dd_limit': 3.177401405918999, 'cooldown': 0, 'flip': False, 'en_ema_trend': False, 'ema_trend_fast': 97, 'ema_trend_slow': 212, 'en_sma_trend': False, 'sma_trend_fast': 182, 'sma_trend_slow': 94, 'en_macd': True, 'macd_fast': 16, 'macd_slow': 168, 'macd_signal': 98, 'en_vwap': True, 'en_keltner': False, 'keltner_n': 177, 'keltner_m': 1.4, 'en_obv': True, 'obv_slope': 161, 'en_cci': True, 'cci_n': 20, 'cci_threshold': 65, 'en_rsi': True, 'rsi_n': 25, 'rsi_lower': 31, 'rsi_upper': 90, 'en_stochastic': False, 'stochastic_n': 72, 'stochastic_d': 49, 'stochastic_lower': 21, 'stochastic_upper': 78, 'en_mfi': True, 'mfi_n': 54, 'mfi_lower': 31, 'mfi_upper': 79, 'en_bollinger': False, 'bollinger_n': 171, 'bollinger_k': 2.6, 'en_adx': False, 'adx_n': 77, 'adx_threshold': 40, 'en_structure_trend': True, 'structure_trend_swing_l': 13, 'en_order_block': True, 'order_block_swing_l': 18, 'en_fvg': True, 'fvg_lookback': 17, 'en_ifvg': False, 'en_breaker': True, 'breaker_swing_l': 10, 'en_cisd': True, 'k': 4, 'en_cap_bars': False, 'cap_1min': 436}.
[I 2026-07-13 14:57:22,123] Trial 3858 finished with values: [1084.6578055484101, -3029.659690743962, 75.55] and parameters: {'sl_soft': 0.15918195032780505, 'sl_hard_delta': 0.3817260073301948, 'tp': 0.07629543740731591, 'gate_pct': 99.80126570295228, 'dd_limit': 3.764472083874483, 'cooldown': 1, 'flip': False, 'en_ema_trend': True, 'ema_trend_fast': 367, 'ema_trend_slow': 100, 'en_sma_trend': True, 'sma_trend_fast': 372, 'sma_trend_slow': 283, 'en_macd': True, 'macd_fast': 12, 'macd_slow': 43, 'macd_signal': 76, 'en_vwap': True, 'en_keltner': False, 'keltner_n': 89, 'keltner_m': 2.8000000000000003, 'en_obv': True, 'obv_slope': 52, 'en_cci': True, 'cci_n': 92, 'cci_threshold': 35, 'en_rsi': False, 'rsi_n': 75, 'rsi_lower': 30, 'rsi_upper': 76, 'en_stochastic': False, 'stochastic_n': 8, 'stochastic_d': 31, 'stochastic_lower': 10, 'stochastic_upper': 89, 'en_mfi': True, 'mfi_n': 56, 'mfi_lower': 45, 'mfi_upper': 84, 'en_bollinger': False, 'bollinger_n': 120, 'bollinger_k': 1.2000000000000002, 'en_adx': False, 'adx_n': 20, 'adx_threshold': 27, 'en_structure_trend': False, 'structure_trend_swing_l': 9, 'en_order_block': False, 'order_block_swing_l': 19, 'en_fvg': True, 'fvg_lookback': 19, 'en_ifvg': True, 'en_breaker': True, 'breaker_swing_l': 19, 'en_cisd': True, 'k': 1, 'en_cap_bars': True, 'cap_1min': 852}.
[I 2026-07-13 14:57:23,509] Trial 3859 finished with values: [1900.428442738189, -6849.999999999953, 30.65] and parameters: {'sl_soft': 0.05659865426304895, 'sl_hard_delta': 0.14809162487386876, 'tp': 0.30673158080295904, 'gate_pct': 95.15790739353048, 'dd_limit': 3.177401405918999, 'cooldown': 1, 'flip': False, 'en_ema_trend': True, 'ema_trend_fast': 126, 'ema_trend_slow': 60, 'en_sma_trend': False, 'sma_trend_fast': 313, 'sma_trend_slow': 35, 'en_macd': True, 'macd_fast': 10, 'macd_slow': 134, 'macd_signal': 21, 'en_vwap': False, 'en_keltner': True, 'keltner_n': 123, 'keltner_m': 3.5, 'en_obv': True, 'obv_slope': 82, 'en_cci': True, 'cci_n': 107, 'cci_threshold': 65, 'en_rsi': False, 'rsi_n': 97, 'rsi_lower': 1, 'rsi_upper': 65, 'en_stochastic': False, 'stochastic_n': 41, 'stochastic_d': 2, 'stochastic_lower': 32, 'stochastic_upper': 57, 'en_mfi': False, 'mfi_n': 11, 'mfi_lower': 26, 'mfi_upper': 80, 'en_bollinger': False, 'bollinger_n': 143, 'bollinger_k': 2.0, 'en_adx': False, 'adx_n': 91, 'adx_threshold': 35, 'en_structure_trend': True, 'structure_trend_swing_l': 11, 'en_order_block': True, 'order_block_swing_l': 16, 'en_fvg': True, 'fvg_lookback': 24, 'en_ifvg': False, 'en_breaker': False, 'breaker_swing_l': 10, 'en_cisd': True, 'k': 3, 'en_cap_bars': False, 'cap_1min': 219}.
[I 2026-07-13 14:57:24,864] Trial 3860 finished with values: [-76.9575267455208, -6644.4089239344, 74.9] and parameters: {'sl_soft': 0.17299259093013, 'sl_hard_delta': 0.14809162487386876, 'tp': 0.0723159330955925, 'gate_pct': 98.72479828405353, 'dd_limit': 4.1596678535630165, 'cooldown': 1, 'flip': False, 'en_ema_trend': False, 'ema_trend_fast': 318, 'ema_trend_slow': 60, 'en_sma_trend': False, 'sma_trend_fast': 322, 'sma_trend_slow': 233, 'en_macd': True, 'macd_fast': 11, 'macd_slow': 134, 'macd_signal': 42, 'en_vwap': True, 'en_keltner': False, 'keltner_n': 126, 'keltner_m': 2.3, 'en_obv': True, 'obv_slope': 184, 'en_cci': True, 'cci_n': 67, 'cci_threshold': 30, 'en_rsi': False, 'rsi_n': 16, 'rsi_lower': 46, 'rsi_upper': 76, 'en_stochastic': False, 'stochastic_n': 54, 'stochastic_d': 5, 'stochastic_lower': 2, 'stochastic_upper': 74, 'en_mfi': False, 'mfi_n': 94, 'mfi_lower': 24, 'mfi_upper': 70, 'en_bollinger': False, 'bollinger_n': 37, 'bollinger_k': 4.5, 'en_adx': False, 'adx_n': 30, 'adx_threshold': 41, 'en_structure_trend': False, 'structure_trend_swing_l': 16, 'en_order_block': True, 'order_block_swing_l': 19, 'en_fvg': True, 'fvg_lookback': 45, 'en_ifvg': False, 'en_breaker': True, 'breaker_swing_l': 7, 'en_cisd': False, 'k': 1, 'en_cap_bars': True, 'cap_1min': 219}.
[I 2026-07-13 14:57:34,879] Trial 3861 finished with values: [2116.6149174330153, -5799.999999999984, 35.35] and parameters: {'sl_soft': 0.05659865426304895, 'sl_hard_delta': 0.2600002949787223, 'tp': 0.3322153223243982, 'gate_pct': 99.60506126830711, 'dd_limit': 6.5154853630492955, 'cooldown': 0, 'flip': False, 'en_ema_trend': True, 'ema_trend_fast': 97, 'ema_trend_slow': 112, 'en_sma_trend': True, 'sma_trend_fast': 134, 'sma_trend_slow': 157, 'en_macd': True, 'macd_fast': 62, 'macd_slow': 168, 'macd_signal': 43, 'en_vwap': True, 'en_keltner': True, 'keltner_n': 79, 'keltner_m': 2.3, 'en_obv': False, 'obv_slope': 99, 'en_cci': True, 'cci_n': 107, 'cci_threshold': 290, 'en_rsi': True, 'rsi_n': 97, 'rsi_lower': 28, 'rsi_upper': 71, 'en_stochastic': True, 'stochastic_n': 41, 'stochastic_d': 30, 'stochastic_lower': 12, 'stochastic_upper': 79, 'en_mfi': True, 'mfi_n': 35, 'mfi_lower': 2, 'mfi_upper': 80, 'en_bollinger': False, 'bollinger_n': 120, 'bollinger_k': 2.0, 'en_adx': False, 'adx_n': 11, 'adx_threshold': 17, 'en_structure_trend': True, 'structure_trend_swing_l': 3, 'en_order_block': False, 'order_block_swing_l': 8, 'en_fvg': True, 'fvg_lookback': 17, 'en_ifvg': False, 'en_breaker': False, 'breaker_swing_l': 6, 'en_cisd': True, 'k': 4, 'en_cap_bars': True, 'cap_1min': 59}.
[I 2026-07-13 14:57:35,419] Trial 3862 finished with values: [684.8606900554089, -7051.97665767102, 67.55000000000001] and parameters: {'sl_soft': 0.17833830668719855, 'sl_hard_delta': 0.38069755865652133, 'tp': 0.0859209336931621, 'gate_pct': 97.69004509735414, 'dd_limit': 4.17581929961137, 'cooldown': 1, 'flip': False, 'en_ema_trend': False, 'ema_trend_fast': 76, 'ema_trend_slow': 84, 'en_sma_trend': False, 'sma_trend_fast': 268, 'sma_trend_slow': 290, 'en_macd': True, 'macd_fast': 6, 'macd_slow': 157, 'macd_signal': 6, 'en_vwap': True, 'en_keltner': True, 'keltner_n': 102, 'keltner_m': 3.6, 'en_obv': True, 'obv_slope': 161, 'en_cci': True, 'cci_n': 93, 'cci_threshold': 120, 'en_rsi': False, 'rsi_n': 25, 'rsi_lower': 4, 'rsi_upper': 72, 'en_stochastic': False, 'stochastic_n': 29, 'stochastic_d': 40, 'stochastic_lower': 30, 'stochastic_upper': 75, 'en_mfi': True, 'mfi_n': 28, 'mfi_lower': 33, 'mfi_upper': 78, 'en_bollinger': True, 'bollinger_n': 171, 'bollinger_k': 2.7, 'en_adx': False, 'adx_n': 78, 'adx_threshold': 40, 'en_structure_trend': True, 'structure_trend_swing_l': 14, 'en_order_block': True, 'order_block_swing_l': 18, 'en_fvg': True, 'fvg_lookback': 47, 'en_ifvg': False, 'en_breaker': False, 'breaker_swing_l': 11, 'en_cisd': True, 'k': 4, 'en_cap_bars': True, 'cap_1min': 481}.
