[I 2026-07-13 14:53:36,466] Trial 3771 finished with values: [527.485987682574, -5074.999999999932, 55.55] and parameters: {'sl_soft': 0.20552241210016875, 'sl_hard_delta': 0.16099270163194943, 'tp': 0.18594749166674562, 'gate_pct': 98.21415170406553, 'dd_limit': 2.195466302790515, 'cooldown': 2, 'flip': True, 'en_ema_trend': True, 'ema_trend_fast': 63, 'ema_trend_slow': 123, 'en_sma_trend': True, 'sma_trend_fast': 378, 'sma_trend_slow': 338, 'en_macd': False, 'macd_fast': 29, 'macd_slow': 71, 'macd_signal': 47, 'en_vwap': False, 'en_keltner': False, 'keltner_n': 122, 'keltner_m': 4.7, 'en_obv': False, 'obv_slope': 26, 'en_cci': False, 'cci_n': 133, 'cci_threshold': 255, 'en_rsi': True, 'rsi_n': 45, 'rsi_lower': 29, 'rsi_upper': 52, 'en_stochastic': False, 'stochastic_n': 47, 'stochastic_d': 11, 'stochastic_lower': 23, 'stochastic_upper': 79, 'en_mfi': False, 'mfi_n': 4, 'mfi_lower': 22, 'mfi_upper': 64, 'en_bollinger': False, 'bollinger_n': 158, 'bollinger_k': 4.2, 'en_adx': False, 'adx_n': 51, 'adx_threshold': 48, 'en_structure_trend': True, 'structure_trend_swing_l': 13, 'en_order_block': False, 'order_block_swing_l': 6, 'en_fvg': False, 'fvg_lookback': 3, 'en_ifvg': True, 'en_breaker': True, 'breaker_swing_l': 7, 'en_cisd': False, 'k': 1, 'en_cap_bars': False, 'cap_1min': 1001}.
[I 2026-07-13 14:53:37,679] Trial 3772 pruned. 
[I 2026-07-13 14:53:40,342] Trial 3773 finished with values: [-3340.736617297661, -8371.245104960746, 60.2] and parameters: {'sl_soft': 0.15918195032780505, 'sl_hard_delta': 0.3817260073301948, 'tp': 0.07629543740731591, 'gate_pct': 99.80126570295228, 'dd_limit': 7.351713918926211, 'cooldown': 1, 'flip': True, 'en_ema_trend': True, 'ema_trend_fast': 76, 'ema_trend_slow': 100, 'en_sma_trend': True, 'sma_trend_fast': 166, 'sma_trend_slow': 28, 'en_macd': True, 'macd_fast': 3, 'macd_slow': 43, 'macd_signal': 76, 'en_vwap': True, 'en_keltner': False, 'keltner_n': 113, 'keltner_m': 2.8000000000000003, 'en_obv': True, 'obv_slope': 62, 'en_cci': True, 'cci_n': 172, 'cci_threshold': 35, 'en_rsi': True, 'rsi_n': 21, 'rsi_lower': 30, 'rsi_upper': 80, 'en_stochastic': False, 'stochastic_n': 29, 'stochastic_d': 31, 'stochastic_lower': 10, 'stochastic_upper': 89, 'en_mfi': True, 'mfi_n': 56, 'mfi_lower': 45, 'mfi_upper': 84, 'en_bollinger': False, 'bollinger_n': 120, 'bollinger_k': 1.2000000000000002, 'en_adx': False, 'adx_n': 20, 'adx_threshold': 27, 'en_structure_trend': True, 'structure_trend_swing_l': 1, 'en_order_block': True, 'order_block_swing_l': 19, 'en_fvg': True, 'fvg_lookback': 19, 'en_ifvg': True, 'en_breaker': False, 'breaker_swing_l': 19, 'en_cisd': True, 'k': 4, 'en_cap_bars': True, 'cap_1min': 852}.
[I 2026-07-13 14:53:41,068] Trial 3774 pruned. 
[I 2026-07-13 14:53:43,331] Trial 3775 finished with values: [2680.383058110021, -16604.63179309858, 55.0] and parameters: {'sl_soft': 0.29406552811412545, 'sl_hard_delta': 0.26350679747876377, 'tp': 0.3322153223243982, 'gate_pct': 97.87184393359011, 'dd_limit': 3.177401405918999, 'cooldown': 2, 'flip': False, 'en_ema_trend': True, 'ema_trend_fast': 126, 'ema_trend_slow': 304, 'en_sma_trend': False, 'sma_trend_fast': 360, 'sma_trend_slow': 200, 'en_macd': True, 'macd_fast': 80, 'macd_slow': 159, 'macd_signal': 45, 'en_vwap': True, 'en_keltner': True, 'keltner_n': 123, 'keltner_m': 3.5, 'en_obv': True, 'obv_slope': 61, 'en_cci': True, 'cci_n': 142, 'cci_threshold': 65, 'en_rsi': False, 'rsi_n': 97, 'rsi_lower': 1, 'rsi_upper': 81, 'en_stochastic': False, 'stochastic_n': 95, 'stochastic_d': 28, 'stochastic_lower': 42, 'stochastic_upper': 57, 'en_mfi': False, 'mfi_n': 19, 'mfi_lower': 22, 'mfi_upper': 54, 'en_bollinger': False, 'bollinger_n': 143, 'bollinger_k': 2.7, 'en_adx': False, 'adx_n': 50, 'adx_threshold': 24, 'en_structure_trend': True, 'structure_trend_swing_l': 17, 'en_order_block': True, 'order_block_swing_l': 11, 'en_fvg': True, 'fvg_lookback': 24, 'en_ifvg': False, 'en_breaker': True, 'breaker_swing_l': 8, 'en_cisd': False, 'k': 4, 'en_cap_bars': False, 'cap_1min': 591}.
[I 2026-07-13 14:53:50,297] Trial 3776 finished with values: [-83.97951623241133, -3400.402385479637, 32.05] and parameters: {'sl_soft': 0.07495145835141874, 'sl_hard_delta': 0.10840870068056514, 'tp': 0.39000122297835543, 'gate_pct': 98.48047888249093, 'dd_limit': 5.196387599591654, 'cooldown': 2, 'flip': True, 'en_ema_trend': False, 'ema_trend_fast': 83, 'ema_trend_slow': 2, 'en_sma_trend': False, 'sma_trend_fast': 320, 'sma_trend_slow': 262, 'en_macd': True, 'macd_fast': 98, 'macd_slow': 150, 'macd_signal': 18, 'en_vwap': False, 'en_keltner': False, 'keltner_n': 146, 'keltner_m': 3.1, 'en_obv': True, 'obv_slope': 18, 'en_cci': False, 'cci_n': 165, 'cci_threshold': 160, 'en_rsi': True, 'rsi_n': 100, 'rsi_lower': 10, 'rsi_upper': 64, 'en_stochastic': True, 'stochastic_n': 78, 'stochastic_d': 29, 'stochastic_lower': 20, 'stochastic_upper': 57, 'en_mfi': False, 'mfi_n': 93, 'mfi_lower': 31, 'mfi_upper': 74, 'en_bollinger': False, 'bollinger_n': 90, 'bollinger_k': 4.5, 'en_adx': False, 'adx_n': 56, 'adx_threshold': 11, 'en_structure_trend': False, 'structure_trend_swing_l': 9, 'en_order_block': False, 'order_block_swing_l': 13, 'en_fvg': False, 'fvg_lookback': 24, 'en_ifvg': True, 'en_breaker': True, 'breaker_swing_l': 11, 'en_cisd': False, 'k': 2, 'en_cap_bars': False, 'cap_1min': 591}.
[I 2026-07-13 14:53:53,376] Trial 3777 pruned. 
[I 2026-07-13 14:53:55,286] Trial 3778 finished with values: [5297.491842106155, -30434.05846145801, 51.05] and parameters: {'sl_soft': 0.29406552811412545, 'sl_hard_delta': 0.26350679747876377, 'tp': 0.4193887076023572, 'gate_pct': 97.87184393359011, 'dd_limit': 0.6062953539401272, 'cooldown': 2, 'flip': False, 'en_ema_trend': True, 'ema_trend_fast': 195, 'ema_trend_slow': 377, 'en_sma_trend': False, 'sma_trend_fast': 131, 'sma_trend_slow': 302, 'en_macd': True, 'macd_fast': 26, 'macd_slow': 41, 'macd_signal': 47, 'en_vwap': True, 'en_keltner': True, 'keltner_n': 72, 'keltner_m': 0.7, 'en_obv': False, 'obv_slope': 25, 'en_cci': True, 'cci_n': 142, 'cci_threshold': 75, 'en_rsi': True, 'rsi_n': 82, 'rsi_lower': 27, 'rsi_upper': 93, 'en_stochastic': False, 'stochastic_n': 95, 'stochastic_d': 28, 'stochastic_lower': 26, 'stochastic_upper': 91, 'en_mfi': False, 'mfi_n': 19, 'mfi_lower': 22, 'mfi_upper': 69, 'en_bollinger': False, 'bollinger_n': 126, 'bollinger_k': 2.8000000000000003, 'en_adx': False, 'adx_n': 44, 'adx_threshold': 24, 'en_structure_trend': False, 'structure_trend_swing_l': 19, 'en_order_block': True, 'order_block_swing_l': 11, 'en_fvg': False, 'fvg_lookback': 7, 'en_ifvg': False, 'en_breaker': False, 'breaker_swing_l': 6, 'en_cisd': False, 'k': 1, 'en_cap_bars': False, 'cap_1min': 1414}.
[I 2026-07-13 14:53:59,514] Trial 3779 finished with values: [-3923.6948527866034, -7514.767917924487, 67.65] and parameters: {'sl_soft': 0.15918195032780505, 'sl_hard_delta': 0.3817260073301948, 'tp': 0.07629543740731591, 'gate_pct': 99.80126570295228, 'dd_limit': 4.17581929961137, 'cooldown': 1, 'flip': False, 'en_ema_trend': True, 'ema_trend_fast': 76, 'ema_trend_slow': 84, 'en_sma_trend': True, 'sma_trend_fast': 372, 'sma_trend_slow': 290, 'en_macd': True, 'macd_fast': 6, 'macd_slow': 43, 'macd_signal': 76, 'en_vwap': True, 'en_keltner': True, 'keltner_n': 89, 'keltner_m': 2.8000000000000003, 'en_obv': True, 'obv_slope': 161, 'en_cci': True, 'cci_n': 92, 'cci_threshold': 120, 'en_rsi': False, 'rsi_n': 75, 'rsi_lower': 30, 'rsi_upper': 76, 'en_stochastic': False, 'stochastic_n': 8, 'stochastic_d': 40, 'stochastic_lower': 30, 'stochastic_upper': 89, 'en_mfi': True, 'mfi_n': 28, 'mfi_lower': 45, 'mfi_upper': 78, 'en_bollinger': True, 'bollinger_n': 120, 'bollinger_k': 2.7, 'en_adx': False, 'adx_n': 78, 'adx_threshold': 40, 'en_structure_trend': False, 'structure_trend_swing_l': 1, 'en_order_block': False, 'order_block_swing_l': 18, 'en_fvg': False, 'fvg_lookback': 47, 'en_ifvg': False, 'en_breaker': True, 'breaker_swing_l': 11, 'en_cisd': True, 'k': 4, 'en_cap_bars': True, 'cap_1min': 481}.
[I 2026-07-13 14:54:03,126] Trial 3780 finished with values: [-1884.8092334699918, -7774.777964570207, 50.85] and parameters: {'sl_soft': 0.20552241210016875, 'sl_hard_delta': 0.16099270163194943, 'tp': 0.2431031899526056, 'gate_pct': 98.21415170406553, 'dd_limit': 6.7928516530416, 'cooldown': 2, 'flip': False, 'en_ema_trend': False, 'ema_trend_fast': 63, 'ema_trend_slow': 123, 'en_sma_trend': True, 'sma_trend_fast': 353, 'sma_trend_slow': 233, 'en_macd': True, 'macd_fast': 12, 'macd_slow': 18, 'macd_signal': 16, 'en_vwap': False, 'en_keltner': True, 'keltner_n': 39, 'keltner_m': 0.7, 'en_obv': True, 'obv_slope': 160, 'en_cci': True, 'cci_n': 13, 'cci_threshold': 120, 'en_rsi': True, 'rsi_n': 45, 'rsi_lower': 29, 'rsi_upper': 76, 'en_stochastic': False, 'stochastic_n': 47, 'stochastic_d': 5, 'stochastic_lower': 23, 'stochastic_upper': 97, 'en_mfi': False, 'mfi_n': 20, 'mfi_lower': 1, 'mfi_upper': 64, 'en_bollinger': False, 'bollinger_n': 195, 'bollinger_k': 4.2, 'en_adx': False, 'adx_n': 51, 'adx_threshold': 41, 'en_structure_trend': True, 'structure_trend_swing_l': 4, 'en_order_block': True, 'order_block_swing_l': 6, 'en_fvg': False, 'fvg_lookback': 50, 'en_ifvg': True, 'en_breaker': False, 'breaker_swing_l': 8, 'en_cisd': True, 'k': 1, 'en_cap_bars': False, 'cap_1min': 1134}.
[I 2026-07-13 14:54:10,851] Trial 3781 finished with values: [-197.69208889256277, -11998.91801919208, 53.85] and parameters: {'sl_soft': 0.17299259093013, 'sl_hard_delta': 0.2750942980522561, 'tp': 0.15809231644429605, 'gate_pct': 98.21870877115913, 'dd_limit': 4.1596678535630165, 'cooldown': 1, 'flip': False, 'en_ema_trend': False, 'ema_trend_fast': 149, 'ema_trend_slow': 60, 'en_sma_trend': False, 'sma_trend_fast': 313, 'sma_trend_slow': 157, 'en_macd': True, 'macd_fast': 11, 'macd_slow': 132, 'macd_signal': 89, 'en_vwap': False, 'en_keltner': True, 'keltner_n': 183, 'keltner_m': 1.3, 'en_obv': True, 'obv_slope': 82, 'en_cci': True, 'cci_n': 56, 'cci_threshold': 145, 'en_rsi': False, 'rsi_n': 74, 'rsi_lower': 47, 'rsi_upper': 65, 'en_stochastic': True, 'stochastic_n': 82, 'stochastic_d': 30, 'stochastic_lower': 40, 'stochastic_upper': 98, 'en_mfi': True, 'mfi_n': 35, 'mfi_lower': 3, 'mfi_upper': 99, 'en_bollinger': False, 'bollinger_n': 120, 'bollinger_k': 4.5, 'en_adx': False, 'adx_n': 91, 'adx_threshold': 18, 'en_structure_trend': False, 'structure_trend_swing_l': 11, 'en_order_block': True, 'order_block_swing_l': 20, 'en_fvg': True, 'fvg_lookback': 19, 'en_ifvg': False, 'en_breaker': False, 'breaker_swing_l': 10, 'en_cisd': True, 'k': 4, 'en_cap_bars': True, 'cap_1min': 219}.
[I 2026-07-13 14:54:12,388] Trial 3782 finished with values: [1738.8631222195095, -1987.045625926953, 81.65] and parameters: {'sl_soft': 0.16996140481300154, 'sl_hard_delta': 0.3817260073301948, 'tp': 0.07629543740731591, 'gate_pct': 99.4732844060646, 'dd_limit': 3.764472083874483, 'cooldown': 1, 'flip': False, 'en_ema_trend': True, 'ema_trend_fast': 149, 'ema_trend_slow': 100, 'en_sma_trend': True, 'sma_trend_fast': 372, 'sma_trend_slow': 309, 'en_macd': True, 'macd_fast': 6, 'macd_slow': 43, 'macd_signal': 76, 'en_vwap': True, 'en_keltner': False, 'keltner_n': 42, 'keltner_m': 4.2, 'en_obv': True, 'obv_slope': 198, 'en_cci': True, 'cci_n': 55, 'cci_threshold': 245, 'en_rsi': True, 'rsi_n': 25, 'rsi_lower': 4, 'rsi_upper': 72, 'en_stochastic': False, 'stochastic_n': 8, 'stochastic_d': 31, 'stochastic_lower': 49, 'stochastic_upper': 80, 'en_mfi': True, 'mfi_n': 56, 'mfi_lower': 49, 'mfi_upper': 57, 'en_bollinger': False, 'bollinger_n': 171, 'bollinger_k': 4.7, 'en_adx': False, 'adx_n': 20, 'adx_threshold': 48, 'en_structure_trend': False, 'structure_trend_swing_l': 1, 'en_order_block': True, 'order_block_swing_l': 18, 'en_fvg': True, 'fvg_lookback': 47, 'en_ifvg': False, 'en_breaker': False, 'breaker_swing_l': 10, 'en_cisd': True, 'k': 4, 'en_cap_bars': True, 'cap_1min': 436}.
[I 2026-07-13 14:54:20,020] Trial 3783 finished with values: [-268.5657794729933, -5402.184254025109, 46.45] and parameters: {'sl_soft': 0.17299259093013, 'sl_hard_delta': 0.14809162487386876, 'tp': 0.30673158080295904, 'gate_pct': 99.60506126830711, 'dd_limit': 6.5154853630492955, 'cooldown': 0, 'flip': False, 'en_ema_trend': True, 'ema_trend_fast': 97, 'ema_trend_slow': 60, 'en_sma_trend': True, 'sma_trend_fast': 313, 'sma_trend_slow': 157, 'en_macd': True, 'macd_fast': 18, 'macd_slow': 127, 'macd_signal': 98, 'en_vwap': False, 'en_keltner': True, 'keltner_n': 79, 'keltner_m': 1.3, 'en_obv': True, 'obv_slope': 92, 'en_cci': True, 'cci_n': 107, 'cci_threshold': 290, 'en_rsi': True, 'rsi_n': 56, 'rsi_lower': 28, 'rsi_upper': 90, 'en_stochastic': True, 'stochastic_n': 98, 'stochastic_d': 30, 'stochastic_lower': 32, 'stochastic_upper': 98, 'en_mfi': True, 'mfi_n': 35, 'mfi_lower': 27, 'mfi_upper': 80, 'en_bollinger': False, 'bollinger_n': 120, 'bollinger_k': 2.0, 'en_adx': False, 'adx_n': 11, 'adx_threshold': 17, 'en_structure_trend': False, 'structure_trend_swing_l': 13, 'en_order_block': False, 'order_block_swing_l': 8, 'en_fvg': True, 'fvg_lookback': 24, 'en_ifvg': True, 'en_breaker': False, 'breaker_swing_l': 13, 'en_cisd': True, 'k': 4, 'en_cap_bars': True, 'cap_1min': 59}.
[I 2026-07-13 14:54:22,395] Trial 3784 finished with values: [4651.500853318886, -9661.569015935427, 73.15] and parameters: {'sl_soft': 0.29406552811412545, 'sl_hard_delta': 0.26350679747876377, 'tp': 0.15809231644429605, 'gate_pct': 97.87184393359011, 'dd_limit': 0.6062953539401272, 'cooldown': 1, 'flip': False, 'en_ema_trend': True, 'ema_trend_fast': 195, 'ema_trend_slow': 377, 'en_sma_trend': True, 'sma_trend_fast': 397, 'sma_trend_slow': 22, 'en_macd': True, 'macd_fast': 11, 'macd_slow': 23, 'macd_signal': 71, 'en_vwap': True, 'en_keltner': True, 'keltner_n': 126, 'keltner_m': 1.3, 'en_obv': True, 'obv_slope': 61, 'en_cci': True, 'cci_n': 86, 'cci_threshold': 250, 'en_rsi': False, 'rsi_n': 93, 'rsi_lower': 46, 'rsi_upper': 66, 'en_stochastic': False, 'stochastic_n': 95, 'stochastic_d': 28, 'stochastic_lower': 42, 'stochastic_upper': 96, 'en_mfi': False, 'mfi_n': 19, 'mfi_lower': 22, 'mfi_upper': 99, 'en_bollinger': False, 'bollinger_n': 149, 'bollinger_k': 4.5, 'en_adx': False, 'adx_n': 53, 'adx_threshold': 43, 'en_structure_trend': False, 'structure_trend_swing_l': 16, 'en_order_block': True, 'order_block_swing_l': 19, 'en_fvg': True, 'fvg_lookback': 34, 'en_ifvg': False, 'en_breaker': False, 'breaker_swing_l': 6, 'en_cisd': False, 'k': 5, 'en_cap_bars': False, 'cap_1min': 1250}.
[I 2026-07-13 14:54:25,140] Trial 3785 finished with values: [-1054.7176657499517, -14952.183114322357, 71.1] and parameters: {'sl_soft': 0.17299259093013, 'sl_hard_delta': 0.14809162487386876, 'tp': 0.07629543740731591, 'gate_pct': 98.14251198602311, 'dd_limit': 3.764472083874483, 'cooldown': 1, 'flip': False, 'en_ema_trend': True, 'ema_trend_fast': 38, 'ema_trend_slow': 100, 'en_sma_trend': True, 'sma_trend_fast': 322, 'sma_trend_slow': 157, 'en_macd': True, 'macd_fast': 68, 'macd_slow': 134, 'macd_signal': 76, 'en_vwap': False, 'en_keltner': False, 'keltner_n': 26, 'keltner_m': 1.3, 'en_obv': True, 'obv_slope': 198, 'en_cci': True, 'cci_n': 55, 'cci_threshold': 220, 'en_rsi': False, 'rsi_n': 58, 'rsi_lower': 30, 'rsi_upper': 76, 'en_stochastic': False, 'stochastic_n': 8, 'stochastic_d': 31, 'stochastic_lower': 10, 'stochastic_upper': 74, 'en_mfi': True, 'mfi_n': 56, 'mfi_lower': 5, 'mfi_upper': 70, 'en_bollinger': False, 'bollinger_n': 120, 'bollinger_k': 3.8000000000000003, 'en_adx': False, 'adx_n': 85, 'adx_threshold': 42, 'en_structure_trend': False, 'structure_trend_swing_l': 1, 'en_order_block': False, 'order_block_swing_l': 19, 'en_fvg': True, 'fvg_lookback': 5, 'en_ifvg': False, 'en_breaker': True, 'breaker_swing_l': 19, 'en_cisd': False, 'k': 4, 'en_cap_bars': True, 'cap_1min': 852}.
[I 2026-07-13 14:54:34,215] Trial 3786 finished with values: [-3393.169598177046, -8678.820985283195, 44.2] and parameters: {'sl_soft': 0.2961248960737997, 'sl_hard_delta': 0.02242318619864618, 'tp': 0.28279213584883744, 'gate_pct': 98.67302380660169, 'dd_limit': 2.4528084273798805, 'cooldown': 0, 'flip': False, 'en_ema_trend': False, 'ema_trend_fast': 279, 'ema_trend_slow': 60, 'en_sma_trend': False, 'sma_trend_fast': 334, 'sma_trend_slow': 157, 'en_macd': True, 'macd_fast': 10, 'macd_slow': 91, 'macd_signal': 21, 'en_vwap': False, 'en_keltner': True, 'keltner_n': 153, 'keltner_m': 1.3, 'en_obv': False, 'obv_slope': 82, 'en_cci': True, 'cci_n': 107, 'cci_threshold': 125, 'en_rsi': False, 'rsi_n': 71, 'rsi_lower': 18, 'rsi_upper': 94, 'en_stochastic': True, 'stochastic_n': 82, 'stochastic_d': 22, 'stochastic_lower': 32, 'stochastic_upper': 98, 'en_mfi': True, 'mfi_n': 62, 'mfi_lower': 25, 'mfi_upper': 97, 'en_bollinger': False, 'bollinger_n': 120, 'bollinger_k': 2.0, 'en_adx': False, 'adx_n': 12, 'adx_threshold': 47, 'en_structure_trend': False, 'structure_trend_swing_l': 3, 'en_order_block': True, 'order_block_swing_l': 8, 'en_fvg': True, 'fvg_lookback': 18, 'en_ifvg': True, 'en_breaker': False, 'breaker_swing_l': 10, 'en_cisd': True, 'k': 1, 'en_cap_bars': True, 'cap_1min': 219}.
[I 2026-07-13 14:54:41,279] Trial 3787 finished with values: [-4586.421399490438, -15233.427703110927, 41.55] and parameters: {'sl_soft': 0.17299259093013, 'sl_hard_delta': 0.1134020425548124, 'tp': 0.2709776934570576, 'gate_pct': 98.21870877115913, 'dd_limit': 2.4528084273798805, 'cooldown': 1, 'flip': True, 'en_ema_trend': False, 'ema_trend_fast': 38, 'ema_trend_slow': 60, 'en_sma_trend': False, 'sma_trend_fast': 198, 'sma_trend_slow': 351, 'en_macd': True, 'macd_fast': 61, 'macd_slow': 134, 'macd_signal': 21, 'en_vwap': True, 'en_keltner': False, 'keltner_n': 48, 'keltner_m': 1.3, 'en_obv': True, 'obv_slope': 82, 'en_cci': True, 'cci_n': 112, 'cci_threshold': 180, 'en_rsi': False, 'rsi_n': 16, 'rsi_lower': 47, 'rsi_upper': 63, 'en_stochastic': True, 'stochastic_n': 45, 'stochastic_d': 30, 'stochastic_lower': 21, 'stochastic_upper': 76, 'en_mfi': False, 'mfi_n': 9, 'mfi_lower': 29, 'mfi_upper': 62, 'en_bollinger': False, 'bollinger_n': 189, 'bollinger_k': 1.1, 'en_adx': False, 'adx_n': 91, 'adx_threshold': 26, 'en_structure_trend': False, 'structure_trend_swing_l': 11, 'en_order_block': True, 'order_block_swing_l': 4, 'en_fvg': False, 'fvg_lookback': 19, 'en_ifvg': True, 'en_breaker': False, 'breaker_swing_l': 14, 'en_cisd': False, 'k': 3, 'en_cap_bars': True, 'cap_1min': 219}.
[I 2026-07-13 14:54:44,873] Trial 3788 finished with values: [1323.9094216684146, -2380.4114519955983, 82.85] and parameters: {'sl_soft': 0.17299259093013, 'sl_hard_delta': 0.14809162487386876, 'tp': 0.08304307060442956, 'gate_pct': 98.21870877115913, 'dd_limit': 0.8350241645118831, 'cooldown': 0, 'flip': True, 'en_ema_trend': True, 'ema_trend_fast': 38, 'ema_trend_slow': 212, 'en_sma_trend': False, 'sma_trend_fast': 265, 'sma_trend_slow': 50, 'en_macd': True, 'macd_fast': 18, 'macd_slow': 134, 'macd_signal': 98, 'en_vwap': False, 'en_keltner': False, 'keltner_n': 79, 'keltner_m': 1.3, 'en_obv': True, 'obv_slope': 92, 'en_cci': True, 'cci_n': 172, 'cci_threshold': 290, 'en_rsi': True, 'rsi_n': 56, 'rsi_lower': 47, 'rsi_upper': 65, 'en_stochastic': False, 'stochastic_n': 98, 'stochastic_d': 30, 'stochastic_lower': 7, 'stochastic_upper': 78, 'en_mfi': True, 'mfi_n': 35, 'mfi_lower': 5, 'mfi_upper': 51, 'en_bollinger': False, 'bollinger_n': 120, 'bollinger_k': 3.8000000000000003, 'en_adx': False, 'adx_n': 85, 'adx_threshold': 17, 'en_structure_trend': False, 'structure_trend_swing_l': 15, 'en_order_block': False, 'order_block_swing_l': 12, 'en_fvg': True, 'fvg_lookback': 24, 'en_ifvg': False, 'en_breaker': False, 'breaker_swing_l': 13, 'en_cisd': False, 'k': 1, 'en_cap_bars': False, 'cap_1min': 1008}.
[I 2026-07-13 14:54:46,501] Trial 3789 pruned. 
[I 2026-07-13 14:54:46,875] Trial 3790 finished with values: [202.61671164487177, -3938.1626522735755, 71.9] and parameters: {'sl_soft': 0.15918195032780505, 'sl_hard_delta': 0.38069755865652133, 'tp': 0.0859209336931621, 'gate_pct': 99.4732844060646, 'dd_limit': 4.17581929961137, 'cooldown': 1, 'flip': False, 'en_ema_trend': True, 'ema_trend_fast': 149, 'ema_trend_slow': 84, 'en_sma_trend': True, 'sma_trend_fast': 372, 'sma_trend_slow': 309, 'en_macd': True, 'macd_fast': 12, 'macd_slow': 43, 'macd_signal': 76, 'en_vwap': True, 'en_keltner': False, 'keltner_n': 89, 'keltner_m': 4.2, 'en_obv': True, 'obv_slope': 161, 'en_cci': False, 'cci_n': 92, 'cci_threshold': 35, 'en_rsi': False, 'rsi_n': 75, 'rsi_lower': 30, 'rsi_upper': 76, 'en_stochastic': False, 'stochastic_n': 8, 'stochastic_d': 31, 'stochastic_lower': 49, 'stochastic_upper': 89, 'en_mfi': True, 'mfi_n': 56, 'mfi_lower': 49, 'mfi_upper': 78, 'en_bollinger': False, 'bollinger_n': 171, 'bollinger_k': 4.7, 'en_adx': False, 'adx_n': 20, 'adx_threshold': 40, 'en_structure_trend': False, 'structure_trend_swing_l': 1, 'en_order_block': False, 'order_block_swing_l': 19, 'en_fvg': True, 'fvg_lookback': 19, 'en_ifvg': False, 'en_breaker': True, 'breaker_swing_l': 19, 'en_cisd': True, 'k': 4, 'en_cap_bars': True, 'cap_1min': 436}.
