[I 2026-07-13 15:09:57,475] Trial 4773 finished with values: [7571.731644429603, -7978.6152533356635, 76.05] and parameters: {'sl_soft': 0.29406552811412545, 'sl_hard_delta': 0.26350679747876377, 'tp': 0.15809231644429605, 'gate_pct': 98.58299891691806, 'dd_limit': 4.1596678535630165, 'cooldown': 1, 'flip': False, 'en_ema_trend': False, 'ema_trend_fast': 149, 'ema_trend_slow': 358, 'en_sma_trend': True, 'sma_trend_fast': 10, 'sma_trend_slow': 65, 'en_macd': True, 'macd_fast': 3, 'macd_slow': 23, 'macd_signal': 71, 'en_vwap': True, 'en_keltner': True, 'keltner_n': 46, 'keltner_m': 2.3, 'en_obv': True, 'obv_slope': 61, 'en_cci': False, 'cci_n': 86, 'cci_threshold': 290, 'en_rsi': False, 'rsi_n': 93, 'rsi_lower': 46, 'rsi_upper': 72, 'en_stochastic': False, 'stochastic_n': 86, 'stochastic_d': 5, 'stochastic_lower': 27, 'stochastic_upper': 57, 'en_mfi': False, 'mfi_n': 12, 'mfi_lower': 3, 'mfi_upper': 99, 'en_bollinger': False, 'bollinger_n': 149, 'bollinger_k': 2.3, 'en_adx': False, 'adx_n': 59, 'adx_threshold': 43, 'en_structure_trend': False, 'structure_trend_swing_l': 17, 'en_order_block': True, 'order_block_swing_l': 19, 'en_fvg': True, 'fvg_lookback': 34, 'en_ifvg': False, 'en_breaker': True, 'breaker_swing_l': 13, 'en_cisd': True, 'k': 5, 'en_cap_bars': False, 'cap_1min': 1250}.
[I 2026-07-13 15:09:57,806] Trial 4774 finished with values: [13160.455620818182, -8898.922268897351, 58.1] and parameters: {'sl_soft': 0.29406552811412545, 'sl_hard_delta': 0.22514957031411884, 'tp': 0.3322153223243982, 'gate_pct': 98.58299891691806, 'dd_limit': 3.177401405918999, 'cooldown': 1, 'flip': False, 'en_ema_trend': False, 'ema_trend_fast': 302, 'ema_trend_slow': 161, 'en_sma_trend': True, 'sma_trend_fast': 397, 'sma_trend_slow': 22, 'en_macd': True, 'macd_fast': 11, 'macd_slow': 23, 'macd_signal': 45, 'en_vwap': True, 'en_keltner': True, 'keltner_n': 37, 'keltner_m': 3.5, 'en_obv': True, 'obv_slope': 184, 'en_cci': True, 'cci_n': 56, 'cci_threshold': 50, 'en_rsi': False, 'rsi_n': 74, 'rsi_lower': 43, 'rsi_upper': 66, 'en_stochastic': False, 'stochastic_n': 86, 'stochastic_d': 5, 'stochastic_lower': 2, 'stochastic_upper': 57, 'en_mfi': False, 'mfi_n': 10, 'mfi_lower': 5, 'mfi_upper': 63, 'en_bollinger': True, 'bollinger_n': 37, 'bollinger_k': 4.5, 'en_adx': False, 'adx_n': 59, 'adx_threshold': 50, 'en_structure_trend': False, 'structure_trend_swing_l': 9, 'en_order_block': True, 'order_block_swing_l': 19, 'en_fvg': True, 'fvg_lookback': 34, 'en_ifvg': False, 'en_breaker': False, 'breaker_swing_l': 13, 'en_cisd': False, 'k': 5, 'en_cap_bars': False, 'cap_1min': 1250}.
[I 2026-07-13 15:09:58,222] Trial 4775 finished with values: [6276.000568879247, -7442.784223528282, 84.45] and parameters: {'sl_soft': 0.29406552811412545, 'sl_hard_delta': 0.26350679747876377, 'tp': 0.15809231644429605, 'gate_pct': 98.58299891691806, 'dd_limit': 3.177401405918999, 'cooldown': 1, 'flip': False, 'en_ema_trend': False, 'ema_trend_fast': 302, 'ema_trend_slow': 161, 'en_sma_trend': False, 'sma_trend_fast': 397, 'sma_trend_slow': 65, 'en_macd': True, 'macd_fast': 11, 'macd_slow': 23, 'macd_signal': 18, 'en_vwap': True, 'en_keltner': True, 'keltner_n': 115, 'keltner_m': 3.6, 'en_obv': True, 'obv_slope': 61, 'en_cci': True, 'cci_n': 86, 'cci_threshold': 250, 'en_rsi': False, 'rsi_n': 93, 'rsi_lower': 35, 'rsi_upper': 66, 'en_stochastic': False, 'stochastic_n': 86, 'stochastic_d': 28, 'stochastic_lower': 40, 'stochastic_upper': 91, 'en_mfi': False, 'mfi_n': 12, 'mfi_lower': 5, 'mfi_upper': 64, 'en_bollinger': False, 'bollinger_n': 149, 'bollinger_k': 4.5, 'en_adx': False, 'adx_n': 53, 'adx_threshold': 43, 'en_structure_trend': False, 'structure_trend_swing_l': 16, 'en_order_block': True, 'order_block_swing_l': 19, 'en_fvg': True, 'fvg_lookback': 3, 'en_ifvg': False, 'en_breaker': True, 'breaker_swing_l': 10, 'en_cisd': False, 'k': 5, 'en_cap_bars': False, 'cap_1min': 577}.
[I 2026-07-13 15:09:58,446] Trial 4776 pruned. 
[I 2026-07-13 15:09:58,964] Trial 4777 finished with values: [7863.50056887926, -7498.707387971212, 85.4] and parameters: {'sl_soft': 0.29406552811412545, 'sl_hard_delta': 0.26350679747876377, 'tp': 0.15809231644429605, 'gate_pct': 98.72479828405353, 'dd_limit': 3.177401405918999, 'cooldown': 1, 'flip': False, 'en_ema_trend': False, 'ema_trend_fast': 195, 'ema_trend_slow': 161, 'en_sma_trend': False, 'sma_trend_fast': 397, 'sma_trend_slow': 22, 'en_macd': True, 'macd_fast': 11, 'macd_slow': 23, 'macd_signal': 18, 'en_vwap': True, 'en_keltner': True, 'keltner_n': 115, 'keltner_m': 1.3, 'en_obv': True, 'obv_slope': 61, 'en_cci': True, 'cci_n': 67, 'cci_threshold': 250, 'en_rsi': False, 'rsi_n': 93, 'rsi_lower': 46, 'rsi_upper': 72, 'en_stochastic': False, 'stochastic_n': 95, 'stochastic_d': 5, 'stochastic_lower': 42, 'stochastic_upper': 57, 'en_mfi': False, 'mfi_n': 10, 'mfi_lower': 5, 'mfi_upper': 99, 'en_bollinger': False, 'bollinger_n': 149, 'bollinger_k': 1.0, 'en_adx': False, 'adx_n': 18, 'adx_threshold': 43, 'en_structure_trend': False, 'structure_trend_swing_l': 16, 'en_order_block': True, 'order_block_swing_l': 19, 'en_fvg': True, 'fvg_lookback': 3, 'en_ifvg': False, 'en_breaker': True, 'breaker_swing_l': 19, 'en_cisd': False, 'k': 5, 'en_cap_bars': True, 'cap_1min': 577}.
[I 2026-07-13 15:09:59,392] Trial 4778 finished with values: [10645.0658053045, -4558.089288007783, 76.94999999999999] and parameters: {'sl_soft': 0.29212654101002455, 'sl_hard_delta': 0.26350679747876377, 'tp': 0.15809231644429605, 'gate_pct': 98.58299891691806, 'dd_limit': 4.1596678535630165, 'cooldown': 1, 'flip': False, 'en_ema_trend': False, 'ema_trend_fast': 195, 'ema_trend_slow': 161, 'en_sma_trend': True, 'sma_trend_fast': 360, 'sma_trend_slow': 13, 'en_macd': True, 'macd_fast': 11, 'macd_slow': 23, 'macd_signal': 85, 'en_vwap': True, 'en_keltner': True, 'keltner_n': 37, 'keltner_m': 2.3, 'en_obv': True, 'obv_slope': 184, 'en_cci': True, 'cci_n': 56, 'cci_threshold': 50, 'en_rsi': False, 'rsi_n': 93, 'rsi_lower': 43, 'rsi_upper': 72, 'en_stochastic': False, 'stochastic_n': 86, 'stochastic_d': 28, 'stochastic_lower': 2, 'stochastic_upper': 91, 'en_mfi': False, 'mfi_n': 10, 'mfi_lower': 5, 'mfi_upper': 63, 'en_bollinger': False, 'bollinger_n': 56, 'bollinger_k': 4.5, 'en_adx': False, 'adx_n': 59, 'adx_threshold': 18, 'en_structure_trend': False, 'structure_trend_swing_l': 9, 'en_order_block': True, 'order_block_swing_l': 19, 'en_fvg': True, 'fvg_lookback': 34, 'en_ifvg': False, 'en_breaker': False, 'breaker_swing_l': 19, 'en_cisd': True, 'k': 5, 'en_cap_bars': False, 'cap_1min': 1250}.
[I 2026-07-13 15:09:59,789] Trial 4779 finished with values: [8595.888183986204, -6841.459669926598, 75.44999999999999] and parameters: {'sl_soft': 0.29406552811412545, 'sl_hard_delta': 0.22514957031411884, 'tp': 0.15809231644429605, 'gate_pct': 98.58299891691806, 'dd_limit': 3.177401405918999, 'cooldown': 1, 'flip': False, 'en_ema_trend': False, 'ema_trend_fast': 302, 'ema_trend_slow': 11, 'en_sma_trend': False, 'sma_trend_fast': 397, 'sma_trend_slow': 65, 'en_macd': True, 'macd_fast': 11, 'macd_slow': 23, 'macd_signal': 85, 'en_vwap': True, 'en_keltner': True, 'keltner_n': 37, 'keltner_m': 2.3, 'en_obv': True, 'obv_slope': 184, 'en_cci': True, 'cci_n': 86, 'cci_threshold': 250, 'en_rsi': False, 'rsi_n': 93, 'rsi_lower': 46, 'rsi_upper': 59, 'en_stochastic': False, 'stochastic_n': 95, 'stochastic_d': 28, 'stochastic_lower': 40, 'stochastic_upper': 83, 'en_mfi': False, 'mfi_n': 10, 'mfi_lower': 3, 'mfi_upper': 99, 'en_bollinger': False, 'bollinger_n': 149, 'bollinger_k': 4.5, 'en_adx': False, 'adx_n': 59, 'adx_threshold': 43, 'en_structure_trend': False, 'structure_trend_swing_l': 17, 'en_order_block': True, 'order_block_swing_l': 19, 'en_fvg': True, 'fvg_lookback': 34, 'en_ifvg': False, 'en_breaker': False, 'breaker_swing_l': 19, 'en_cisd': True, 'k': 5, 'en_cap_bars': False, 'cap_1min': 577}.
[I 2026-07-13 15:10:00,210] Trial 4780 finished with values: [8848.30382467813, -4959.697454667875, 78.8] and parameters: {'sl_soft': 0.29406552811412545, 'sl_hard_delta': 0.26350679747876377, 'tp': 0.18794754780847972, 'gate_pct': 98.58299891691806, 'dd_limit': 3.177401405918999, 'cooldown': 1, 'flip': False, 'en_ema_trend': False, 'ema_trend_fast': 302, 'ema_trend_slow': 377, 'en_sma_trend': True, 'sma_trend_fast': 397, 'sma_trend_slow': 13, 'en_macd': True, 'macd_fast': 11, 'macd_slow': 23, 'macd_signal': 71, 'en_vwap': True, 'en_keltner': True, 'keltner_n': 46, 'keltner_m': 2.3, 'en_obv': True, 'obv_slope': 184, 'en_cci': False, 'cci_n': 56, 'cci_threshold': 50, 'en_rsi': False, 'rsi_n': 25, 'rsi_lower': 46, 'rsi_upper': 66, 'en_stochastic': False, 'stochastic_n': 95, 'stochastic_d': 5, 'stochastic_lower': 42, 'stochastic_upper': 83, 'en_mfi': False, 'mfi_n': 58, 'mfi_lower': 3, 'mfi_upper': 76, 'en_bollinger': False, 'bollinger_n': 56, 'bollinger_k': 4.5, 'en_adx': False, 'adx_n': 59, 'adx_threshold': 40, 'en_structure_trend': False, 'structure_trend_swing_l': 16, 'en_order_block': True, 'order_block_swing_l': 19, 'en_fvg': True, 'fvg_lookback': 3, 'en_ifvg': False, 'en_breaker': True, 'breaker_swing_l': 19, 'en_cisd': True, 'k': 5, 'en_cap_bars': True, 'cap_1min': 1250}.
[I 2026-07-13 15:10:00,848] Trial 4781 finished with values: [10152.654808872618, -5734.538417778516, 76.05000000000001] and parameters: {'sl_soft': 0.29406552811412545, 'sl_hard_delta': 0.26350679747876377, 'tp': 0.15809231644429605, 'gate_pct': 98.72479828405353, 'dd_limit': 0.6062953539401272, 'cooldown': 1, 'flip': False, 'en_ema_trend': False, 'ema_trend_fast': 149, 'ema_trend_slow': 161, 'en_sma_trend': True, 'sma_trend_fast': 10, 'sma_trend_slow': 22, 'en_macd': False, 'macd_fast': 11, 'macd_slow': 23, 'macd_signal': 71, 'en_vwap': True, 'en_keltner': True, 'keltner_n': 126, 'keltner_m': 1.3, 'en_obv': True, 'obv_slope': 61, 'en_cci': True, 'cci_n': 56, 'cci_threshold': 50, 'en_rsi': False, 'rsi_n': 25, 'rsi_lower': 43, 'rsi_upper': 66, 'en_stochastic': False, 'stochastic_n': 95, 'stochastic_d': 5, 'stochastic_lower': 42, 'stochastic_upper': 93, 'en_mfi': False, 'mfi_n': 58, 'mfi_lower': 3, 'mfi_upper': 99, 'en_bollinger': False, 'bollinger_n': 33, 'bollinger_k': 4.5, 'en_adx': False, 'adx_n': 59, 'adx_threshold': 40, 'en_structure_trend': False, 'structure_trend_swing_l': 16, 'en_order_block': True, 'order_block_swing_l': 19, 'en_fvg': True, 'fvg_lookback': 34, 'en_ifvg': False, 'en_breaker': True, 'breaker_swing_l': 10, 'en_cisd': True, 'k': 5, 'en_cap_bars': True, 'cap_1min': 577}.
[I 2026-07-13 15:10:01,573] Trial 4782 finished with values: [1801.654239993322, -6378.305998812338, 69.4] and parameters: {'sl_soft': 0.29406552811412545, 'sl_hard_delta': 0.22514957031411884, 'tp': 0.15809231644429605, 'gate_pct': 98.72479828405353, 'dd_limit': 3.177401405918999, 'cooldown': 2, 'flip': False, 'en_ema_trend': False, 'ema_trend_fast': 195, 'ema_trend_slow': 11, 'en_sma_trend': True, 'sma_trend_fast': 360, 'sma_trend_slow': 65, 'en_macd': False, 'macd_fast': 11, 'macd_slow': 23, 'macd_signal': 71, 'en_vwap': True, 'en_keltner': True, 'keltner_n': 115, 'keltner_m': 2.3, 'en_obv': True, 'obv_slope': 44, 'en_cci': True, 'cci_n': 56, 'cci_threshold': 290, 'en_rsi': False, 'rsi_n': 93, 'rsi_lower': 43, 'rsi_upper': 72, 'en_stochastic': False, 'stochastic_n': 86, 'stochastic_d': 28, 'stochastic_lower': 2, 'stochastic_upper': 57, 'en_mfi': True, 'mfi_n': 10, 'mfi_lower': 3, 'mfi_upper': 54, 'en_bollinger': False, 'bollinger_n': 56, 'bollinger_k': 4.5, 'en_adx': False, 'adx_n': 53, 'adx_threshold': 8, 'en_structure_trend': False, 'structure_trend_swing_l': 16, 'en_order_block': True, 'order_block_swing_l': 19, 'en_fvg': True, 'fvg_lookback': 34, 'en_ifvg': False, 'en_breaker': True, 'breaker_swing_l': 2, 'en_cisd': True, 'k': 5, 'en_cap_bars': False, 'cap_1min': 1438}.
[I 2026-07-13 15:10:03,148] Trial 4783 finished with values: [4860.677643133009, -4172.40004574289, 82.3] and parameters: {'sl_soft': 0.29406552811412545, 'sl_hard_delta': 0.26350679747876377, 'tp': 0.15809231644429605, 'gate_pct': 97.87184393359011, 'dd_limit': 3.177401405918999, 'cooldown': 1, 'flip': False, 'en_ema_trend': False, 'ema_trend_fast': 302, 'ema_trend_slow': 11, 'en_sma_trend': True, 'sma_trend_fast': 397, 'sma_trend_slow': 13, 'en_macd': False, 'macd_fast': 11, 'macd_slow': 23, 'macd_signal': 18, 'en_vwap': True, 'en_keltner': True, 'keltner_n': 36, 'keltner_m': 2.3, 'en_obv': True, 'obv_slope': 184, 'en_cci': True, 'cci_n': 56, 'cci_threshold': 290, 'en_rsi': False, 'rsi_n': 93, 'rsi_lower': 46, 'rsi_upper': 72, 'en_stochastic': False, 'stochastic_n': 95, 'stochastic_d': 5, 'stochastic_lower': 40, 'stochastic_upper': 91, 'en_mfi': False, 'mfi_n': 10, 'mfi_lower': 3, 'mfi_upper': 99, 'en_bollinger': False, 'bollinger_n': 56, 'bollinger_k': 4.5, 'en_adx': False, 'adx_n': 53, 'adx_threshold': 43, 'en_structure_trend': False, 'structure_trend_swing_l': 16, 'en_order_block': True, 'order_block_swing_l': 19, 'en_fvg': True, 'fvg_lookback': 3, 'en_ifvg': False, 'en_breaker': False, 'breaker_swing_l': 19, 'en_cisd': True, 'k': 5, 'en_cap_bars': False, 'cap_1min': 1250}.
[I 2026-07-13 15:10:03,514] Trial 4784 finished with values: [5141.117734509848, -5079.613341040603, 76.4] and parameters: {'sl_soft': 0.29406552811412545, 'sl_hard_delta': 0.22514957031411884, 'tp': 0.15809231644429605, 'gate_pct': 98.58299891691806, 'dd_limit': 4.1596678535630165, 'cooldown': 1, 'flip': False, 'en_ema_trend': False, 'ema_trend_fast': 20, 'ema_trend_slow': 161, 'en_sma_trend': True, 'sma_trend_fast': 397, 'sma_trend_slow': 22, 'en_macd': False, 'macd_fast': 80, 'macd_slow': 23, 'macd_signal': 45, 'en_vwap': True, 'en_keltner': True, 'keltner_n': 126, 'keltner_m': 2.3, 'en_obv': True, 'obv_slope': 184, 'en_cci': True, 'cci_n': 86, 'cci_threshold': 205, 'en_rsi': False, 'rsi_n': 93, 'rsi_lower': 43, 'rsi_upper': 72, 'en_stochastic': False, 'stochastic_n': 95, 'stochastic_d': 28, 'stochastic_lower': 40, 'stochastic_upper': 57, 'en_mfi': False, 'mfi_n': 10, 'mfi_lower': 3, 'mfi_upper': 99, 'en_bollinger': False, 'bollinger_n': 37, 'bollinger_k': 4.5, 'en_adx': False, 'adx_n': 53, 'adx_threshold': 43, 'en_structure_trend': False, 'structure_trend_swing_l': 15, 'en_order_block': True, 'order_block_swing_l': 19, 'en_fvg': True, 'fvg_lookback': 34, 'en_ifvg': False, 'en_breaker': False, 'breaker_swing_l': 19, 'en_cisd': True, 'k': 5, 'en_cap_bars': False, 'cap_1min': 591}.
[I 2026-07-13 15:10:04,526] Trial 4785 finished with values: [6093.269777768544, -7459.538417778618, 81.30000000000001] and parameters: {'sl_soft': 0.29406552811412545, 'sl_hard_delta': 0.26350679747876377, 'tp': 0.15809231644429605, 'gate_pct': 98.72479828405353, 'dd_limit': 3.177401405918999, 'cooldown': 1, 'flip': False, 'en_ema_trend': True, 'ema_trend_fast': 302, 'ema_trend_slow': 161, 'en_sma_trend': False, 'sma_trend_fast': 397, 'sma_trend_slow': 22, 'en_macd': False, 'macd_fast': 11, 'macd_slow': 23, 'macd_signal': 71, 'en_vwap': True, 'en_keltner': True, 'keltner_n': 126, 'keltner_m': 2.3, 'en_obv': True, 'obv_slope': 61, 'en_cci': True, 'cci_n': 194, 'cci_threshold': 250, 'en_rsi': False, 'rsi_n': 93, 'rsi_lower': 46, 'rsi_upper': 66, 'en_stochastic': False, 'stochastic_n': 95, 'stochastic_d': 28, 'stochastic_lower': 40, 'stochastic_upper': 57, 'en_mfi': False, 'mfi_n': 10, 'mfi_lower': 3, 'mfi_upper': 99, 'en_bollinger': False, 'bollinger_n': 149, 'bollinger_k': 1.0, 'en_adx': False, 'adx_n': 53, 'adx_threshold': 43, 'en_structure_trend': False, 'structure_trend_swing_l': 15, 'en_order_block': True, 'order_block_swing_l': 19, 'en_fvg': True, 'fvg_lookback': 34, 'en_ifvg': False, 'en_breaker': True, 'breaker_swing_l': 19, 'en_cisd': True, 'k': 5, 'en_cap_bars': True, 'cap_1min': 577}.
[I 2026-07-13 15:10:04,797] Trial 4786 finished with values: [11115.154808872612, -5563.153671114169, 79.19999999999999] and parameters: {'sl_soft': 0.29406552811412545, 'sl_hard_delta': 0.26350679747876377, 'tp': 0.15809231644429605, 'gate_pct': 98.72479828405353, 'dd_limit': 4.1596678535630165, 'cooldown': 1, 'flip': False, 'en_ema_trend': False, 'ema_trend_fast': 302, 'ema_trend_slow': 161, 'en_sma_trend': True, 'sma_trend_fast': 10, 'sma_trend_slow': 22, 'en_macd': True, 'macd_fast': 11, 'macd_slow': 23, 'macd_signal': 71, 'en_vwap': True, 'en_keltner': True, 'keltner_n': 46, 'keltner_m': 2.3, 'en_obv': True, 'obv_slope': 61, 'en_cci': False, 'cci_n': 56, 'cci_threshold': 50, 'en_rsi': False, 'rsi_n': 25, 'rsi_lower': 46, 'rsi_upper': 66, 'en_stochastic': False, 'stochastic_n': 46, 'stochastic_d': 5, 'stochastic_lower': 42, 'stochastic_upper': 96, 'en_mfi': False, 'mfi_n': 58, 'mfi_lower': 45, 'mfi_upper': 99, 'en_bollinger': False, 'bollinger_n': 33, 'bollinger_k': 4.5, 'en_adx': False, 'adx_n': 59, 'adx_threshold': 40, 'en_structure_trend': False, 'structure_trend_swing_l': 9, 'en_order_block': True, 'order_block_swing_l': 19, 'en_fvg': True, 'fvg_lookback': 34, 'en_ifvg': False, 'en_breaker': True, 'breaker_swing_l': 13, 'en_cisd': True, 'k': 5, 'en_cap_bars': True, 'cap_1min': 577}.
[I 2026-07-13 15:10:05,114] Trial 4787 finished with values: [8089.930629005086, -7159.790128806595, 76.30000000000001] and parameters: {'sl_soft': 0.29406552811412545, 'sl_hard_delta': 0.2600002949787223, 'tp': 0.15809231644429605, 'gate_pct': 97.87184393359011, 'dd_limit': 3.177401405918999, 'cooldown': 1, 'flip': False, 'en_ema_trend': False, 'ema_trend_fast': 149, 'ema_trend_slow': 161, 'en_sma_trend': False, 'sma_trend_fast': 397, 'sma_trend_slow': 65, 'en_macd': False, 'macd_fast': 11, 'macd_slow': 23, 'macd_signal': 71, 'en_vwap': True, 'en_keltner': True, 'keltner_n': 115, 'keltner_m': 2.3, 'en_obv': True, 'obv_slope': 161, 'en_cci': True, 'cci_n': 20, 'cci_threshold': 50, 'en_rsi': False, 'rsi_n': 74, 'rsi_lower': 43, 'rsi_upper': 59, 'en_stochastic': False, 'stochastic_n': 86, 'stochastic_d': 28, 'stochastic_lower': 40, 'stochastic_upper': 57, 'en_mfi': False, 'mfi_n': 11, 'mfi_lower': 32, 'mfi_upper': 99, 'en_bollinger': False, 'bollinger_n': 99, 'bollinger_k': 1.0, 'en_adx': False, 'adx_n': 59, 'adx_threshold': 43, 'en_structure_trend': False, 'structure_trend_swing_l': 15, 'en_order_block': True, 'order_block_swing_l': 19, 'en_fvg': True, 'fvg_lookback': 34, 'en_ifvg': False, 'en_breaker': True, 'breaker_swing_l': 19, 'en_cisd': True, 'k': 5, 'en_cap_bars': False, 'cap_1min': 1250}.
[I 2026-07-13 15:10:05,403] Trial 4788 finished with values: [4614.154239993357, -3980.613909919697, 85.15] and parameters: {'sl_soft': 0.29406552811412545, 'sl_hard_delta': 0.22514957031411884, 'tp': 0.15809231644429605, 'gate_pct': 98.58299891691806, 'dd_limit': 0.6062953539401272, 'cooldown': 1, 'flip': False, 'en_ema_trend': False, 'ema_trend_fast': 195, 'ema_trend_slow': 11, 'en_sma_trend': True, 'sma_trend_fast': 360, 'sma_trend_slow': 22, 'en_macd': False, 'macd_fast': 11, 'macd_slow': 23, 'macd_signal': 21, 'en_vwap': True, 'en_keltner': True, 'keltner_n': 115, 'keltner_m': 2.3, 'en_obv': True, 'obv_slope': 61, 'en_cci': True, 'cci_n': 56, 'cci_threshold': 290, 'en_rsi': False, 'rsi_n': 93, 'rsi_lower': 43, 'rsi_upper': 72, 'en_stochastic': False, 'stochastic_n': 86, 'stochastic_d': 28, 'stochastic_lower': 42, 'stochastic_upper': 57, 'en_mfi': False, 'mfi_n': 12, 'mfi_lower': 3, 'mfi_upper': 99, 'en_bollinger': False, 'bollinger_n': 37, 'bollinger_k': 4.5, 'en_adx': False, 'adx_n': 53, 'adx_threshold': 43, 'en_structure_trend': False, 'structure_trend_swing_l': 15, 'en_order_block': True, 'order_block_swing_l': 19, 'en_fvg': True, 'fvg_lookback': 2, 'en_ifvg': False, 'en_breaker': False, 'breaker_swing_l': 19, 'en_cisd': True, 'k': 5, 'en_cap_bars': False, 'cap_1min': 1250}.
[I 2026-07-13 15:10:05,725] Trial 4789 finished with values: [4844.732987845397, -6774.690745476877, 82.65] and parameters: {'sl_soft': 0.29406552811412545, 'sl_hard_delta': 0.22514957031411884, 'tp': 0.15809231644429605, 'gate_pct': 98.72479828405353, 'dd_limit': 0.6062953539401272, 'cooldown': 1, 'flip': False, 'en_ema_trend': False, 'ema_trend_fast': 195, 'ema_trend_slow': 11, 'en_sma_trend': True, 'sma_trend_fast': 397, 'sma_trend_slow': 65, 'en_macd': False, 'macd_fast': 11, 'macd_slow': 23, 'macd_signal': 45, 'en_vwap': True, 'en_keltner': True, 'keltner_n': 126, 'keltner_m': 3.5, 'en_obv': True, 'obv_slope': 61, 'en_cci': True, 'cci_n': 86, 'cci_threshold': 250, 'en_rsi': False, 'rsi_n': 10, 'rsi_lower': 43, 'rsi_upper': 91, 'en_stochastic': False, 'stochastic_n': 95, 'stochastic_d': 5, 'stochastic_lower': 42, 'stochastic_upper': 91, 'en_mfi': False, 'mfi_n': 10, 'mfi_lower': 3, 'mfi_upper': 99, 'en_bollinger': False, 'bollinger_n': 149, 'bollinger_k': 4.5, 'en_adx': False, 'adx_n': 53, 'adx_threshold': 43, 'en_structure_trend': False, 'structure_trend_swing_l': 15, 'en_order_block': True, 'order_block_swing_l': 19, 'en_fvg': True, 'fvg_lookback': 3, 'en_ifvg': False, 'en_breaker': True, 'breaker_swing_l': 7, 'en_cisd': True, 'k': 5, 'en_cap_bars': True, 'cap_1min': 1250}.
