[I 2026-07-13 14:53:00,242] Trial 3748 finished with values: [-559.0908738832214, -3468.3959994654147, 64.0] and parameters: {'sl_soft': 0.0878919570222958, 'sl_hard_delta': 0.3157900995601127, 'tp': 0.08500285668931837, 'gate_pct': 99.86430067299344, 'dd_limit': 2.3419576250818945, 'cooldown': 2, 'flip': True, 'en_ema_trend': False, 'ema_trend_fast': 4, 'ema_trend_slow': 134, 'en_sma_trend': True, 'sma_trend_fast': 204, 'sma_trend_slow': 158, 'en_macd': True, 'macd_fast': 76, 'macd_slow': 28, 'macd_signal': 55, 'en_vwap': True, 'en_keltner': False, 'keltner_n': 95, 'keltner_m': 4.0, 'en_obv': False, 'obv_slope': 140, 'en_cci': True, 'cci_n': 115, 'cci_threshold': 280, 'en_rsi': True, 'rsi_n': 7, 'rsi_lower': 29, 'rsi_upper': 70, 'en_stochastic': False, 'stochastic_n': 27, 'stochastic_d': 29, 'stochastic_lower': 19, 'stochastic_upper': 92, 'en_mfi': False, 'mfi_n': 91, 'mfi_lower': 23, 'mfi_upper': 61, 'en_bollinger': False, 'bollinger_n': 132, 'bollinger_k': 1.8, 'en_adx': False, 'adx_n': 20, 'adx_threshold': 7, 'en_structure_trend': False, 'structure_trend_swing_l': 18, 'en_order_block': True, 'order_block_swing_l': 9, 'en_fvg': True, 'fvg_lookback': 40, 'en_ifvg': False, 'en_breaker': False, 'breaker_swing_l': 15, 'en_cisd': True, 'k': 4, 'en_cap_bars': True, 'cap_1min': 374}.
[I 2026-07-13 14:53:00,719] Trial 3749 finished with values: [-1033.41889583195, -10455.089580977805, 55.0] and parameters: {'sl_soft': 0.20552241210016875, 'sl_hard_delta': 0.16099270163194943, 'tp': 0.18594749166674562, 'gate_pct': 98.21415170406553, 'dd_limit': 9.029015189980312, 'cooldown': 2, 'flip': False, 'en_ema_trend': False, 'ema_trend_fast': 24, 'ema_trend_slow': 397, 'en_sma_trend': True, 'sma_trend_fast': 353, 'sma_trend_slow': 71, 'en_macd': False, 'macd_fast': 29, 'macd_slow': 197, 'macd_signal': 47, 'en_vwap': True, 'en_keltner': True, 'keltner_n': 135, 'keltner_m': 2.1, 'en_obv': True, 'obv_slope': 129, 'en_cci': False, 'cci_n': 134, 'cci_threshold': 255, 'en_rsi': False, 'rsi_n': 45, 'rsi_lower': 31, 'rsi_upper': 88, 'en_stochastic': False, 'stochastic_n': 78, 'stochastic_d': 14, 'stochastic_lower': 23, 'stochastic_upper': 97, 'en_mfi': False, 'mfi_n': 4, 'mfi_lower': 1, 'mfi_upper': 64, 'en_bollinger': True, 'bollinger_n': 134, 'bollinger_k': 4.2, 'en_adx': False, 'adx_n': 22, 'adx_threshold': 38, 'en_structure_trend': True, 'structure_trend_swing_l': 12, 'en_order_block': False, 'order_block_swing_l': 4, 'en_fvg': True, 'fvg_lookback': 45, 'en_ifvg': True, 'en_breaker': False, 'breaker_swing_l': 7, 'en_cisd': False, 'k': 1, 'en_cap_bars': False, 'cap_1min': 1134}.
[I 2026-07-13 14:53:02,710] Trial 3750 finished with values: [-92.82694080763315, -4915.235951781298, 72.05000000000001] and parameters: {'sl_soft': 0.15918195032780505, 'sl_hard_delta': 0.34807457696003896, 'tp': 0.0859209336931621, 'gate_pct': 99.4732844060646, 'dd_limit': 4.17581929961137, 'cooldown': 0, 'flip': False, 'en_ema_trend': True, 'ema_trend_fast': 149, 'ema_trend_slow': 212, 'en_sma_trend': True, 'sma_trend_fast': 372, 'sma_trend_slow': 309, 'en_macd': True, 'macd_fast': 6, 'macd_slow': 43, 'macd_signal': 98, 'en_vwap': False, 'en_keltner': False, 'keltner_n': 102, 'keltner_m': 0.7, 'en_obv': True, 'obv_slope': 161, 'en_cci': False, 'cci_n': 92, 'cci_threshold': 245, 'en_rsi': False, 'rsi_n': 25, 'rsi_lower': 4, 'rsi_upper': 90, 'en_stochastic': False, 'stochastic_n': 8, 'stochastic_d': 31, 'stochastic_lower': 21, 'stochastic_upper': 89, 'en_mfi': True, 'mfi_n': 54, 'mfi_lower': 49, 'mfi_upper': 78, 'en_bollinger': False, 'bollinger_n': 171, 'bollinger_k': 5.0, 'en_adx': False, 'adx_n': 20, 'adx_threshold': 40, 'en_structure_trend': False, 'structure_trend_swing_l': 1, 'en_order_block': False, 'order_block_swing_l': 18, 'en_fvg': True, 'fvg_lookback': 47, 'en_ifvg': False, 'en_breaker': True, 'breaker_swing_l': 19, 'en_cisd': True, 'k': 3, 'en_cap_bars': True, 'cap_1min': 436}.
[I 2026-07-13 14:53:04,309] Trial 3751 finished with values: [2060.038702218172, -7120.128836521076, 66.8] and parameters: {'sl_soft': 0.20552241210016875, 'sl_hard_delta': 0.22514957031411884, 'tp': 0.15809231644429605, 'gate_pct': 98.72479828405353, 'dd_limit': 2.195466302790515, 'cooldown': 2, 'flip': False, 'en_ema_trend': True, 'ema_trend_fast': 63, 'ema_trend_slow': 123, 'en_sma_trend': True, 'sma_trend_fast': 353, 'sma_trend_slow': 71, 'en_macd': True, 'macd_fast': 11, 'macd_slow': 18, 'macd_signal': 71, 'en_vwap': True, 'en_keltner': False, 'keltner_n': 39, 'keltner_m': 2.3, 'en_obv': True, 'obv_slope': 184, 'en_cci': True, 'cci_n': 4, 'cci_threshold': 30, 'en_rsi': False, 'rsi_n': 74, 'rsi_lower': 46, 'rsi_upper': 59, 'en_stochastic': False, 'stochastic_n': 47, 'stochastic_d': 11, 'stochastic_lower': 23, 'stochastic_upper': 96, 'en_mfi': False, 'mfi_n': 4, 'mfi_lower': 3, 'mfi_upper': 64, 'en_bollinger': False, 'bollinger_n': 37, 'bollinger_k': 4.5, 'en_adx': False, 'adx_n': 51, 'adx_threshold': 43, 'en_structure_trend': True, 'structure_trend_swing_l': 16, 'en_order_block': False, 'order_block_swing_l': 6, 'en_fvg': True, 'fvg_lookback': 34, 'en_ifvg': True, 'en_breaker': False, 'breaker_swing_l': 7, 'en_cisd': True, 'k': 5, 'en_cap_bars': False, 'cap_1min': 1134}.
[I 2026-07-13 14:53:05,295] Trial 3752 pruned. 
[I 2026-07-13 14:53:05,931] Trial 3753 finished with values: [-1887.1743234381274, -9551.640135622178, 60.55] and parameters: {'sl_soft': 0.17833830668719855, 'sl_hard_delta': 0.34807457696003896, 'tp': 0.0859209336931621, 'gate_pct': 98.72479828405353, 'dd_limit': 4.17581929961137, 'cooldown': 1, 'flip': True, 'en_ema_trend': False, 'ema_trend_fast': 97, 'ema_trend_slow': 391, 'en_sma_trend': True, 'sma_trend_fast': 182, 'sma_trend_slow': 115, 'en_macd': True, 'macd_fast': 10, 'macd_slow': 23, 'macd_signal': 71, 'en_vwap': False, 'en_keltner': False, 'keltner_n': 102, 'keltner_m': 2.3, 'en_obv': False, 'obv_slope': 161, 'en_cci': True, 'cci_n': 67, 'cci_threshold': 245, 'en_rsi': False, 'rsi_n': 71, 'rsi_lower': 4, 'rsi_upper': 90, 'en_stochastic': False, 'stochastic_n': 72, 'stochastic_d': 41, 'stochastic_lower': 2, 'stochastic_upper': 79, 'en_mfi': False, 'mfi_n': 54, 'mfi_lower': 43, 'mfi_upper': 66, 'en_bollinger': True, 'bollinger_n': 37, 'bollinger_k': 3.7, 'en_adx': False, 'adx_n': 11, 'adx_threshold': 43, 'en_structure_trend': True, 'structure_trend_swing_l': 13, 'en_order_block': False, 'order_block_swing_l': 19, 'en_fvg': True, 'fvg_lookback': 20, 'en_ifvg': False, 'en_breaker': False, 'breaker_swing_l': 7, 'en_cisd': True, 'k': 4, 'en_cap_bars': True, 'cap_1min': 686}.
[I 2026-07-13 14:53:08,567] Trial 3754 finished with values: [-259.1532796390803, -8702.657633672716, 51.75] and parameters: {'sl_soft': 0.20552241210016875, 'sl_hard_delta': 0.16099270163194943, 'tp': 0.20821410010424984, 'gate_pct': 99.80126570295228, 'dd_limit': 2.195466302790515, 'cooldown': 2, 'flip': False, 'en_ema_trend': True, 'ema_trend_fast': 63, 'ema_trend_slow': 231, 'en_sma_trend': True, 'sma_trend_fast': 166, 'sma_trend_slow': 71, 'en_macd': True, 'macd_fast': 29, 'macd_slow': 43, 'macd_signal': 47, 'en_vwap': True, 'en_keltner': False, 'keltner_n': 39, 'keltner_m': 2.8000000000000003, 'en_obv': True, 'obv_slope': 76, 'en_cci': True, 'cci_n': 4, 'cci_threshold': 35, 'en_rsi': False, 'rsi_n': 21, 'rsi_lower': 30, 'rsi_upper': 89, 'en_stochastic': False, 'stochastic_n': 8, 'stochastic_d': 31, 'stochastic_lower': 10, 'stochastic_upper': 89, 'en_mfi': False, 'mfi_n': 4, 'mfi_lower': 45, 'mfi_upper': 65, 'en_bollinger': False, 'bollinger_n': 158, 'bollinger_k': 4.2, 'en_adx': False, 'adx_n': 51, 'adx_threshold': 27, 'en_structure_trend': False, 'structure_trend_swing_l': 19, 'en_order_block': False, 'order_block_swing_l': 6, 'en_fvg': True, 'fvg_lookback': 19, 'en_ifvg': True, 'en_breaker': False, 'breaker_swing_l': 7, 'en_cisd': False, 'k': 1, 'en_cap_bars': True, 'cap_1min': 1189}.
[I 2026-07-13 14:53:09,482] Trial 3755 pruned. 
[I 2026-07-13 14:53:12,296] Trial 3756 finished with values: [487.75287666948657, -11131.804864505284, 40.2] and parameters: {'sl_soft': 0.12406282734192264, 'sl_hard_delta': 0.008770405026788016, 'tp': 0.2431031899526056, 'gate_pct': 97.69004509735414, 'dd_limit': 7.351713918926211, 'cooldown': 1, 'flip': True, 'en_ema_trend': True, 'ema_trend_fast': 76, 'ema_trend_slow': 152, 'en_sma_trend': True, 'sma_trend_fast': 313, 'sma_trend_slow': 233, 'en_macd': False, 'macd_fast': 3, 'macd_slow': 114, 'macd_signal': 37, 'en_vwap': False, 'en_keltner': True, 'keltner_n': 113, 'keltner_m': 4.8, 'en_obv': True, 'obv_slope': 160, 'en_cci': True, 'cci_n': 172, 'cci_threshold': 120, 'en_rsi': True, 'rsi_n': 53, 'rsi_lower': 1, 'rsi_upper': 76, 'en_stochastic': False, 'stochastic_n': 29, 'stochastic_d': 29, 'stochastic_lower': 30, 'stochastic_upper': 67, 'en_mfi': False, 'mfi_n': 44, 'mfi_lower': 33, 'mfi_upper': 88, 'en_bollinger': True, 'bollinger_n': 195, 'bollinger_k': 2.7, 'en_adx': False, 'adx_n': 76, 'adx_threshold': 41, 'en_structure_trend': False, 'structure_trend_swing_l': 4, 'en_order_block': True, 'order_block_swing_l': 12, 'en_fvg': False, 'fvg_lookback': 28, 'en_ifvg': False, 'en_breaker': False, 'breaker_swing_l': 11, 'en_cisd': True, 'k': 3, 'en_cap_bars': True, 'cap_1min': 1189}.
[I 2026-07-13 14:53:18,942] Trial 3757 finished with values: [213.40874814633537, -3533.48102781581, 75.7] and parameters: {'sl_soft': 0.17299259093013, 'sl_hard_delta': 0.22147623907688235, 'tp': 0.07629543740731591, 'gate_pct': 98.21870877115913, 'dd_limit': 0.8350241645118831, 'cooldown': 2, 'flip': False, 'en_ema_trend': True, 'ema_trend_fast': 38, 'ema_trend_slow': 190, 'en_sma_trend': False, 'sma_trend_fast': 322, 'sma_trend_slow': 157, 'en_macd': True, 'macd_fast': 12, 'macd_slow': 124, 'macd_signal': 42, 'en_vwap': True, 'en_keltner': False, 'keltner_n': 26, 'keltner_m': 3.6, 'en_obv': True, 'obv_slope': 197, 'en_cci': True, 'cci_n': 107, 'cci_threshold': 220, 'en_rsi': False, 'rsi_n': 27, 'rsi_lower': 1, 'rsi_upper': 76, 'en_stochastic': True, 'stochastic_n': 8, 'stochastic_d': 40, 'stochastic_lower': 7, 'stochastic_upper': 74, 'en_mfi': True, 'mfi_n': 28, 'mfi_lower': 5, 'mfi_upper': 70, 'en_bollinger': False, 'bollinger_n': 120, 'bollinger_k': 3.8000000000000003, 'en_adx': False, 'adx_n': 20, 'adx_threshold': 27, 'en_structure_trend': False, 'structure_trend_swing_l': 1, 'en_order_block': False, 'order_block_swing_l': 12, 'en_fvg': True, 'fvg_lookback': 5, 'en_ifvg': True, 'en_breaker': True, 'breaker_swing_l': 19, 'en_cisd': True, 'k': 1, 'en_cap_bars': True, 'cap_1min': 219}.
[I 2026-07-13 14:53:22,226] Trial 3758 finished with values: [-440.30589755212907, -7711.325751889997, 62.2] and parameters: {'sl_soft': 0.17902090731349415, 'sl_hard_delta': 0.18315139636342287, 'tp': 0.08440287559182014, 'gate_pct': 99.16215050807807, 'dd_limit': 4.17581929961137, 'cooldown': 1, 'flip': False, 'en_ema_trend': True, 'ema_trend_fast': 270, 'ema_trend_slow': 84, 'en_sma_trend': True, 'sma_trend_fast': 182, 'sma_trend_slow': 309, 'en_macd': True, 'macd_fast': 4, 'macd_slow': 126, 'macd_signal': 6, 'en_vwap': False, 'en_keltner': False, 'keltner_n': 102, 'keltner_m': 1.5, 'en_obv': True, 'obv_slope': 161, 'en_cci': True, 'cci_n': 84, 'cci_threshold': 245, 'en_rsi': False, 'rsi_n': 25, 'rsi_lower': 20, 'rsi_upper': 72, 'en_stochastic': False, 'stochastic_n': 25, 'stochastic_d': 27, 'stochastic_lower': 27, 'stochastic_upper': 68, 'en_mfi': True, 'mfi_n': 54, 'mfi_lower': 15, 'mfi_upper': 51, 'en_bollinger': True, 'bollinger_n': 171, 'bollinger_k': 1.7000000000000002, 'en_adx': False, 'adx_n': 30, 'adx_threshold': 51, 'en_structure_trend': True, 'structure_trend_swing_l': 13, 'en_order_block': True, 'order_block_swing_l': 7, 'en_fvg': False, 'fvg_lookback': 9, 'en_ifvg': False, 'en_breaker': False, 'breaker_swing_l': 10, 'en_cisd': True, 'k': 4, 'en_cap_bars': False, 'cap_1min': 436}.
[I 2026-07-13 14:53:22,553] Trial 3759 finished with values: [287.198982102481, -2168.399194211048, 47.5] and parameters: {'sl_soft': 0.05276341739671145, 'sl_hard_delta': 0.22147623907688235, 'tp': 0.1101399544078348, 'gate_pct': 97.69004509735414, 'dd_limit': 8.809807985853393, 'cooldown': 1, 'flip': False, 'en_ema_trend': True, 'ema_trend_fast': 76, 'ema_trend_slow': 190, 'en_sma_trend': False, 'sma_trend_fast': 268, 'sma_trend_slow': 290, 'en_macd': True, 'macd_fast': 97, 'macd_slow': 124, 'macd_signal': 42, 'en_vwap': True, 'en_keltner': True, 'keltner_n': 113, 'keltner_m': 3.6, 'en_obv': True, 'obv_slope': 62, 'en_cci': True, 'cci_n': 172, 'cci_threshold': 120, 'en_rsi': True, 'rsi_n': 27, 'rsi_lower': 1, 'rsi_upper': 80, 'en_stochastic': False, 'stochastic_n': 29, 'stochastic_d': 40, 'stochastic_lower': 30, 'stochastic_upper': 56, 'en_mfi': True, 'mfi_n': 28, 'mfi_lower': 33, 'mfi_upper': 97, 'en_bollinger': False, 'bollinger_n': 187, 'bollinger_k': 2.7, 'en_adx': False, 'adx_n': 11, 'adx_threshold': 19, 'en_structure_trend': True, 'structure_trend_swing_l': 14, 'en_order_block': True, 'order_block_swing_l': 12, 'en_fvg': False, 'fvg_lookback': 28, 'en_ifvg': True, 'en_breaker': True, 'breaker_swing_l': 11, 'en_cisd': True, 'k': 4, 'en_cap_bars': True, 'cap_1min': 481}.
[I 2026-07-13 14:53:23,027] Trial 3760 finished with values: [-726.3127083313849, -13389.564497645417, 51.3] and parameters: {'sl_soft': 0.20552241210016875, 'sl_hard_delta': 0.16099270163194943, 'tp': 0.18594749166674562, 'gate_pct': 98.21415170406553, 'dd_limit': 2.195466302790515, 'cooldown': 2, 'flip': False, 'en_ema_trend': True, 'ema_trend_fast': 63, 'ema_trend_slow': 123, 'en_sma_trend': True, 'sma_trend_fast': 353, 'sma_trend_slow': 71, 'en_macd': True, 'macd_fast': 29, 'macd_slow': 18, 'macd_signal': 47, 'en_vwap': True, 'en_keltner': False, 'keltner_n': 39, 'keltner_m': 4.7, 'en_obv': True, 'obv_slope': 26, 'en_cci': True, 'cci_n': 4, 'cci_threshold': 140, 'en_rsi': True, 'rsi_n': 45, 'rsi_lower': 15, 'rsi_upper': 89, 'en_stochastic': False, 'stochastic_n': 47, 'stochastic_d': 11, 'stochastic_lower': 23, 'stochastic_upper': 97, 'en_mfi': False, 'mfi_n': 4, 'mfi_lower': 1, 'mfi_upper': 64, 'en_bollinger': False, 'bollinger_n': 158, 'bollinger_k': 4.2, 'en_adx': False, 'adx_n': 51, 'adx_threshold': 38, 'en_structure_trend': True, 'structure_trend_swing_l': 11, 'en_order_block': False, 'order_block_swing_l': 6, 'en_fvg': True, 'fvg_lookback': 50, 'en_ifvg': True, 'en_breaker': False, 'breaker_swing_l': 7, 'en_cisd': False, 'k': 1, 'en_cap_bars': False, 'cap_1min': 1134}.
[I 2026-07-13 14:53:24,375] Trial 3761 finished with values: [-1377.9743972414235, -5797.538161141098, 68.30000000000001] and parameters: {'sl_soft': 0.12459587063508068, 'sl_hard_delta': 0.3817260073301948, 'tp': 0.07629543740731591, 'gate_pct': 99.80126570295228, 'dd_limit': 4.17581929961137, 'cooldown': 0, 'flip': False, 'en_ema_trend': True, 'ema_trend_fast': 367, 'ema_trend_slow': 100, 'en_sma_trend': True, 'sma_trend_fast': 182, 'sma_trend_slow': 309, 'en_macd': True, 'macd_fast': 12, 'macd_slow': 43, 'macd_signal': 6, 'en_vwap': True, 'en_keltner': False, 'keltner_n': 24, 'keltner_m': 1.3, 'en_obv': True, 'obv_slope': 52, 'en_cci': False, 'cci_n': 38, 'cci_threshold': 35, 'en_rsi': False, 'rsi_n': 75, 'rsi_lower': 4, 'rsi_upper': 76, 'en_stochastic': False, 'stochastic_n': 72, 'stochastic_d': 31, 'stochastic_lower': 10, 'stochastic_upper': 89, 'en_mfi': True, 'mfi_n': 56, 'mfi_lower': 45, 'mfi_upper': 78, 'en_bollinger': False, 'bollinger_n': 120, 'bollinger_k': 1.2000000000000002, 'en_adx': False, 'adx_n': 20, 'adx_threshold': 40, 'en_structure_trend': False, 'structure_trend_swing_l': 13, 'en_order_block': True, 'order_block_swing_l': 19, 'en_fvg': True, 'fvg_lookback': 7, 'en_ifvg': True, 'en_breaker': True, 'breaker_swing_l': 19, 'en_cisd': True, 'k': 1, 'en_cap_bars': False, 'cap_1min': 436}.
[I 2026-07-13 14:53:25,417] Trial 3762 pruned. 
[I 2026-07-13 14:53:26,661] Trial 3763 finished with values: [-793.5114812045362, -9925.237663664959, 66.25] and parameters: {'sl_soft': 0.29406552811412545, 'sl_hard_delta': 0.16099270163194943, 'tp': 0.14518538625129632, 'gate_pct': 97.87184393359011, 'dd_limit': 2.195466302790515, 'cooldown': 2, 'flip': False, 'en_ema_trend': True, 'ema_trend_fast': 195, 'ema_trend_slow': 377, 'en_sma_trend': True, 'sma_trend_fast': 44, 'sma_trend_slow': 71, 'en_macd': True, 'macd_fast': 70, 'macd_slow': 72, 'macd_signal': 45, 'en_vwap': True, 'en_keltner': True, 'keltner_n': 24, 'keltner_m': 1.3, 'en_obv': True, 'obv_slope': 61, 'en_cci': True, 'cci_n': 4, 'cci_threshold': 255, 'en_rsi': True, 'rsi_n': 93, 'rsi_lower': 15, 'rsi_upper': 66, 'en_stochastic': False, 'stochastic_n': 47, 'stochastic_d': 28, 'stochastic_lower': 23, 'stochastic_upper': 97, 'en_mfi': False, 'mfi_n': 19, 'mfi_lower': 1, 'mfi_upper': 73, 'en_bollinger': False, 'bollinger_n': 158, 'bollinger_k': 2.8000000000000003, 'en_adx': False, 'adx_n': 51, 'adx_threshold': 38, 'en_structure_trend': True, 'structure_trend_swing_l': 17, 'en_order_block': False, 'order_block_swing_l': 11, 'en_fvg': True, 'fvg_lookback': 26, 'en_ifvg': False, 'en_breaker': True, 'breaker_swing_l': 7, 'en_cisd': False, 'k': 4, 'en_cap_bars': False, 'cap_1min': 1134}.
[I 2026-07-13 14:53:27,208] Trial 3764 pruned. 
[I 2026-07-13 14:53:30,315] Trial 3765 finished with values: [-2188.973388651637, -5839.72535235237, 70.7] and parameters: {'sl_soft': 0.20552241210016875, 'sl_hard_delta': 0.16099270163194943, 'tp': 0.0723159330955925, 'gate_pct': 98.21415170406553, 'dd_limit': 2.195466302790515, 'cooldown': 1, 'flip': True, 'en_ema_trend': True, 'ema_trend_fast': 318, 'ema_trend_slow': 162, 'en_sma_trend': True, 'sma_trend_fast': 313, 'sma_trend_slow': 233, 'en_macd': True, 'macd_fast': 65, 'macd_slow': 71, 'macd_signal': 47, 'en_vwap': False, 'en_keltner': False, 'keltner_n': 197, 'keltner_m': 4.7, 'en_obv': False, 'obv_slope': 30, 'en_cci': False, 'cci_n': 133, 'cci_threshold': 120, 'en_rsi': True, 'rsi_n': 78, 'rsi_lower': 29, 'rsi_upper': 76, 'en_stochastic': False, 'stochastic_n': 54, 'stochastic_d': 5, 'stochastic_lower': 24, 'stochastic_upper': 67, 'en_mfi': False, 'mfi_n': 4, 'mfi_lower': 22, 'mfi_upper': 88, 'en_bollinger': True, 'bollinger_n': 158, 'bollinger_k': 4.2, 'en_adx': False, 'adx_n': 62, 'adx_threshold': 41, 'en_structure_trend': True, 'structure_trend_swing_l': 13, 'en_order_block': True, 'order_block_swing_l': 6, 'en_fvg': False, 'fvg_lookback': 3, 'en_ifvg': True, 'en_breaker': True, 'breaker_swing_l': 1, 'en_cisd': False, 'k': 1, 'en_cap_bars': False, 'cap_1min': 833}.
[I 2026-07-13 14:53:31,047] Trial 3766 pruned. 
[I 2026-07-13 14:53:31,440] Trial 3767 pruned. 
[I 2026-07-13 14:53:32,006] Trial 3768 pruned. 
[I 2026-07-13 14:53:34,333] Trial 3769 finished with values: [1878.661953406038, -5494.371178321165, 60.7] and parameters: {'sl_soft': 0.15918195032780505, 'sl_hard_delta': 0.2819902429029437, 'tp': 0.1553752547785832, 'gate_pct': 99.80126570295228, 'dd_limit': 3.764472083874483, 'cooldown': 2, 'flip': False, 'en_ema_trend': False, 'ema_trend_fast': 367, 'ema_trend_slow': 100, 'en_sma_trend': True, 'sma_trend_fast': 372, 'sma_trend_slow': 57, 'en_macd': True, 'macd_fast': 53, 'macd_slow': 114, 'macd_signal': 61, 'en_vwap': True, 'en_keltner': False, 'keltner_n': 89, 'keltner_m': 2.1, 'en_obv': True, 'obv_slope': 52, 'en_cci': True, 'cci_n': 92, 'cci_threshold': 250, 'en_rsi': False, 'rsi_n': 95, 'rsi_lower': 30, 'rsi_upper': 76, 'en_stochastic': False, 'stochastic_n': 78, 'stochastic_d': 31, 'stochastic_lower': 4, 'stochastic_upper': 89, 'en_mfi': True, 'mfi_n': 56, 'mfi_lower': 11, 'mfi_upper': 84, 'en_bollinger': False, 'bollinger_n': 120, 'bollinger_k': 1.2000000000000002, 'en_adx': False, 'adx_n': 20, 'adx_threshold': 38, 'en_structure_trend': False, 'structure_trend_swing_l': 1, 'en_order_block': False, 'order_block_swing_l': 4, 'en_fvg': True, 'fvg_lookback': 19, 'en_ifvg': False, 'en_breaker': False, 'breaker_swing_l': 2, 'en_cisd': True, 'k': 1, 'en_cap_bars': True, 'cap_1min': 797}.
[I 2026-07-13 14:53:36,111] Trial 3770 finished with values: [352.21302039868624, -5678.19256825004, 76.9] and parameters: {'sl_soft': 0.17902090731349415, 'sl_hard_delta': 0.18315139636342287, 'tp': 0.08440287559182014, 'gate_pct': 99.16215050807807, 'dd_limit': 0.4513858738163641, 'cooldown': 1, 'flip': True, 'en_ema_trend': True, 'ema_trend_fast': 270, 'ema_trend_slow': 391, 'en_sma_trend': False, 'sma_trend_fast': 120, 'sma_trend_slow': 228, 'en_macd': True, 'macd_fast': 78, 'macd_slow': 106, 'macd_signal': 22, 'en_vwap': False, 'en_keltner': False, 'keltner_n': 59, 'keltner_m': 4.8, 'en_obv': False, 'obv_slope': 38, 'en_cci': True, 'cci_n': 84, 'cci_threshold': 300, 'en_rsi': True, 'rsi_n': 36, 'rsi_lower': 20, 'rsi_upper': 95, 'en_stochastic': True, 'stochastic_n': 61, 'stochastic_d': 45, 'stochastic_lower': 19, 'stochastic_upper': 54, 'en_mfi': False, 'mfi_n': 29, 'mfi_lower': 38, 'mfi_upper': 84, 'en_bollinger': False, 'bollinger_n': 54, 'bollinger_k': 1.7000000000000002, 'en_adx': False, 'adx_n': 30, 'adx_threshold': 51, 'en_structure_trend': True, 'structure_trend_swing_l': 9, 'en_order_block': False, 'order_block_swing_l': 7, 'en_fvg': False, 'fvg_lookback': 9, 'en_ifvg': False, 'en_breaker': False, 'breaker_swing_l': 19, 'en_cisd': True, 'k': 2, 'en_cap_bars': False, 'cap_1min': 1339}.
