[I 2026-07-13 15:10:36,498] Trial 927 pruned. 
[I 2026-07-13 15:10:37,965] Trial 928 pruned. 
[I 2026-07-13 15:10:38,164] Trial 929 pruned. 
[I 2026-07-13 15:10:39,850] Trial 930 pruned. 
[I 2026-07-13 15:10:41,242] Trial 931 pruned. 
[I 2026-07-13 15:10:43,138] Trial 932 pruned. 
[I 2026-07-13 15:10:44,472] Trial 933 pruned. 
[I 2026-07-13 15:10:45,290] Trial 934 pruned. 
[I 2026-07-13 15:10:46,785] Trial 935 pruned. 
[I 2026-07-13 15:10:47,750] Trial 936 pruned. 
[I 2026-07-13 15:10:48,801] Trial 937 pruned. 
[I 2026-07-13 15:10:50,577] Trial 938 pruned. 
[I 2026-07-13 15:10:51,739] Trial 939 pruned. 
[I 2026-07-13 15:10:52,551] Trial 940 pruned. 
[I 2026-07-13 15:10:53,567] Trial 941 pruned. 
[I 2026-07-13 15:10:54,522] Trial 942 pruned. 
[I 2026-07-13 15:10:57,337] Trial 943 pruned. 
[I 2026-07-13 15:10:58,508] Trial 944 pruned. 
[I 2026-07-13 15:11:00,220] Trial 945 pruned. 
[I 2026-07-13 15:11:01,586] Trial 946 pruned. 
[I 2026-07-13 15:11:03,364] Trial 947 pruned. 
[I 2026-07-13 15:11:04,626] Trial 948 pruned. 
[I 2026-07-13 15:11:06,363] Trial 949 pruned. 
[I 2026-07-13 15:11:07,366] Trial 950 pruned. 
[I 2026-07-13 15:11:07,844] Trial 951 pruned. 
[I 2026-07-13 15:11:10,942] Trial 952 pruned. 
[I 2026-07-13 15:11:13,547] Trial 953 pruned. 
[I 2026-07-13 15:11:14,701] Trial 954 pruned. 
[I 2026-07-13 15:11:15,904] Trial 955 pruned. 
[I 2026-07-13 15:11:17,362] Trial 956 pruned. 
[I 2026-07-13 15:11:18,885] Trial 957 pruned. 
[I 2026-07-13 15:11:19,954] Trial 958 pruned. 
[I 2026-07-13 15:11:20,681] Trial 959 pruned. 
[I 2026-07-13 15:11:20,908] Trial 960 pruned. 
[I 2026-07-13 15:11:21,701] Trial 961 pruned. 
[I 2026-07-13 15:11:22,864] Trial 962 pruned. 
[I 2026-07-13 15:11:24,751] Trial 963 pruned. 
[I 2026-07-13 15:11:25,482] Trial 964 pruned. 
[I 2026-07-13 15:11:26,755] Trial 965 pruned. 
[I 2026-07-13 15:11:27,609] Trial 966 pruned. 
[I 2026-07-13 15:11:29,232] Trial 967 pruned. 
[I 2026-07-13 15:11:30,402] Trial 968 pruned. 
[I 2026-07-13 15:11:31,539] Trial 969 pruned. 
[I 2026-07-13 15:11:32,707] Trial 970 pruned. 
[I 2026-07-13 15:11:33,369] Trial 971 pruned. 
[I 2026-07-13 15:11:34,303] Trial 972 pruned. 
[I 2026-07-13 15:11:35,381] Trial 973 pruned. 
[I 2026-07-13 15:11:36,612] Trial 974 pruned. 
[I 2026-07-13 15:11:37,788] Trial 975 pruned. 
[I 2026-07-13 15:11:39,388] Trial 976 pruned. 
[I 2026-07-13 15:11:39,779] Trial 977 pruned. 
[I 2026-07-13 15:11:41,066] Trial 978 pruned. 
[I 2026-07-13 15:11:43,385] Trial 979 pruned. 
[I 2026-07-13 15:11:43,946] Trial 980 pruned. 
[I 2026-07-13 15:11:45,266] Trial 981 pruned. 
[I 2026-07-13 15:11:46,353] Trial 982 pruned. 
[I 2026-07-13 15:11:47,862] Trial 983 pruned. 
[I 2026-07-13 15:11:51,394] Trial 984 pruned. 
[I 2026-07-13 15:11:51,779] Trial 985 pruned. 
[I 2026-07-13 15:11:52,846] Trial 986 pruned. 
[I 2026-07-13 15:11:54,141] Trial 987 pruned. 
[I 2026-07-13 15:11:56,054] Trial 988 pruned. 
[I 2026-07-13 15:11:57,135] Trial 989 pruned. 
[I 2026-07-13 15:11:59,625] Trial 990 pruned. 
[I 2026-07-13 15:12:00,120] Trial 991 pruned. 
[I 2026-07-13 15:12:01,588] Trial 992 pruned. 
[I 2026-07-13 15:12:03,969] Trial 993 pruned. 
[I 2026-07-13 15:12:05,024] Trial 994 pruned. 
[I 2026-07-13 15:12:05,399] Trial 995 pruned. 
[I 2026-07-13 15:12:06,489] Trial 996 pruned. 
[I 2026-07-13 15:12:08,242] Trial 997 pruned. 
[I 2026-07-13 15:12:09,485] Trial 998 pruned. 
[I 2026-07-13 15:12:10,174] Trial 999 pruned. 
[I 2026-07-13 15:12:10,479] Trial 1000 pruned. 
[I 2026-07-13 15:12:11,384] Trial 1001 pruned. 
[I 2026-07-13 15:12:14,313] Trial 1002 pruned. 
[I 2026-07-13 15:12:15,295] Trial 1003 pruned. 
[I 2026-07-13 15:12:15,814] Trial 1004 pruned. 
[I 2026-07-13 15:12:16,430] Trial 1005 pruned. 
[I 2026-07-13 15:12:17,645] Trial 1006 pruned. 
[I 2026-07-13 15:12:18,096] Trial 1007 pruned. 
[I 2026-07-13 15:12:19,341] Trial 1008 pruned. 
[I 2026-07-13 15:12:22,964] Trial 1009 pruned. 
[I 2026-07-13 15:12:23,617] Trial 1010 pruned. 
[I 2026-07-13 15:12:24,077] Trial 1011 pruned. 
[I 2026-07-13 15:12:26,862] Trial 1012 pruned. 
[I 2026-07-13 15:12:28,223] Trial 1013 pruned. 
[I 2026-07-13 15:12:29,405] Trial 1014 pruned. 
[I 2026-07-13 15:12:30,342] Trial 1015 pruned. 
[I 2026-07-13 15:12:33,508] Trial 1016 pruned. 
[I 2026-07-13 15:12:35,080] Trial 1017 pruned. 
[I 2026-07-13 15:12:36,196] Trial 1018 pruned. 
[I 2026-07-13 15:12:36,589] Trial 1019 pruned. 
[I 2026-07-13 15:12:37,644] Trial 1020 pruned. 
[I 2026-07-13 15:12:39,234] Trial 1021 pruned. 
[I 2026-07-13 15:12:41,884] Trial 1022 pruned. 
[I 2026-07-13 15:12:42,714] Trial 1023 pruned. 
[I 2026-07-13 15:12:44,663] Trial 1024 pruned. 
[I 2026-07-13 15:12:46,376] Trial 1025 pruned. 
[I 2026-07-13 15:12:47,180] Trial 1026 pruned. 
[I 2026-07-13 15:12:48,829] Trial 1027 pruned. 
[I 2026-07-13 15:12:49,954] Trial 1028 pruned. 
[I 2026-07-13 15:12:50,941] Trial 1029 pruned. 
[I 2026-07-13 15:12:51,375] Trial 1030 pruned. 
[I 2026-07-13 15:12:52,591] Trial 1031 pruned. 
[I 2026-07-13 15:13:02,062] Trial 1032 finished with values: [-880.4153731286668, -3878.005990359271, 42.5] and parameters: {'sl_soft': 0.033675354602707396, 'sl_hard_delta': 0.03312734146039311, 'tp': 0.07052143244673346, 'gate_pct': 91.21620031722058, 'dd_limit': 4.072380669921269, 'cooldown': 3, 'flip': True, 'en_ema_trend': False, 'ema_trend_fast': 94, 'ema_trend_slow': 53, 'en_sma_trend': True, 'sma_trend_fast': 123, 'sma_trend_slow': 326, 'en_macd': True, 'macd_fast': 6, 'macd_slow': 97, 'macd_signal': 38, 'en_vwap': False, 'en_keltner': True, 'keltner_n': 88, 'keltner_m': 1.4, 'en_obv': True, 'obv_slope': 51, 'en_cci': True, 'cci_n': 27, 'cci_threshold': 45, 'en_rsi': True, 'rsi_n': 100, 'rsi_lower': 38, 'rsi_upper': 68, 'en_stochastic': False, 'stochastic_n': 93, 'stochastic_d': 47, 'stochastic_lower': 24, 'stochastic_upper': 89, 'en_mfi': False, 'mfi_n': 17, 'mfi_lower': 47, 'mfi_upper': 68, 'en_bollinger': False, 'bollinger_n': 13, 'bollinger_k': 2.4000000000000004, 'en_adx': True, 'adx_n': 5, 'adx_threshold': 44, 'en_structure_trend': True, 'structure_trend_swing_l': 16, 'en_order_block': False, 'order_block_swing_l': 15, 'en_fvg': False, 'fvg_lookback': 1, 'en_ifvg': False, 'en_breaker': True, 'breaker_swing_l': 17, 'en_cisd': False, 'k': 2, 'en_cap_bars': True, 'cap_1min': 306}.
[I 2026-07-13 15:13:05,090] Trial 1033 pruned. 
[I 2026-07-13 15:13:06,629] Trial 1034 pruned. 
[I 2026-07-13 15:13:07,364] Trial 1035 pruned. 
[I 2026-07-13 15:13:08,118] Trial 1036 pruned. 
[I 2026-07-13 15:13:10,175] Trial 1037 pruned. 
[I 2026-07-13 15:13:10,641] Trial 1038 pruned. 
[I 2026-07-13 15:13:11,753] Trial 1039 pruned. 
[I 2026-07-13 15:13:11,929] Trial 1040 pruned. 
[I 2026-07-13 15:13:13,169] Trial 1041 pruned. 
[I 2026-07-13 15:13:13,934] Trial 1042 pruned. 
[I 2026-07-13 15:13:15,110] Trial 1043 pruned. 
[I 2026-07-13 15:13:16,992] Trial 1044 pruned. 
[I 2026-07-13 15:13:18,823] Trial 1045 pruned. 
[I 2026-07-13 15:13:20,165] Trial 1046 pruned. 
[I 2026-07-13 15:13:21,005] Trial 1047 pruned. 
[I 2026-07-13 15:13:22,245] Trial 1048 pruned. 
[I 2026-07-13 15:13:23,576] Trial 1049 pruned. 
[I 2026-07-13 15:13:25,724] Trial 1050 pruned. 
[I 2026-07-13 15:13:26,053] Trial 1051 pruned. 
[I 2026-07-13 15:13:27,989] Trial 1052 pruned. 
[I 2026-07-13 15:13:30,609] Trial 1053 pruned. 
[I 2026-07-13 15:13:31,215] Trial 1054 pruned. 
[I 2026-07-13 15:13:32,544] Trial 1055 pruned. 
[I 2026-07-13 15:13:33,381] Trial 1056 pruned. 
[I 2026-07-13 15:13:33,867] Trial 1057 pruned. 
[I 2026-07-13 15:13:38,980] Trial 1058 finished with values: [-2083.7973387667753, -11488.141537637248, 51.05] and parameters: {'sl_soft': 0.0218105817589848, 'sl_hard_delta': 0.03238839779538362, 'tp': 0.03029090891417957, 'gate_pct': 98.88498594560426, 'dd_limit': 8.680487348400282, 'cooldown': 0, 'flip': False, 'en_ema_trend': False, 'ema_trend_fast': 7, 'ema_trend_slow': 85, 'en_sma_trend': True, 'sma_trend_fast': 310, 'sma_trend_slow': 298, 'en_macd': False, 'macd_fast': 72, 'macd_slow': 182, 'macd_signal': 18, 'en_vwap': True, 'en_keltner': True, 'keltner_n': 153, 'keltner_m': 2.3, 'en_obv': True, 'obv_slope': 107, 'en_cci': True, 'cci_n': 107, 'cci_threshold': 245, 'en_rsi': True, 'rsi_n': 66, 'rsi_lower': 16, 'rsi_upper': 53, 'en_stochastic': False, 'stochastic_n': 44, 'stochastic_d': 43, 'stochastic_lower': 16, 'stochastic_upper': 90, 'en_mfi': True, 'mfi_n': 28, 'mfi_lower': 23, 'mfi_upper': 77, 'en_bollinger': True, 'bollinger_n': 136, 'bollinger_k': 2.8000000000000003, 'en_adx': False, 'adx_n': 98, 'adx_threshold': 28, 'en_structure_trend': False, 'structure_trend_swing_l': 8, 'en_order_block': False, 'order_block_swing_l': 9, 'en_fvg': True, 'fvg_lookback': 5, 'en_ifvg': True, 'en_breaker': True, 'breaker_swing_l': 8, 'en_cisd': False, 'k': 3, 'en_cap_bars': False, 'cap_1min': 1245}.
[I 2026-07-13 15:13:40,517] Trial 1059 pruned. 
[I 2026-07-13 15:13:40,946] Trial 1060 pruned. 
[I 2026-07-13 15:13:42,655] Trial 1061 pruned. 
[I 2026-07-13 15:13:43,218] Trial 1062 pruned. 
[I 2026-07-13 15:13:45,786] Trial 1063 pruned. 
[I 2026-07-13 15:13:47,311] Trial 1064 pruned. 
[I 2026-07-13 15:13:49,097] Trial 1065 pruned. 
[I 2026-07-13 15:13:51,143] Trial 1066 pruned. 
[I 2026-07-13 15:13:52,135] Trial 1067 pruned. 
[I 2026-07-13 15:13:53,012] Trial 1068 pruned. 
[I 2026-07-13 15:13:53,537] Trial 1069 pruned. 
[I 2026-07-13 15:13:54,268] Trial 1070 pruned. 
[I 2026-07-13 15:13:55,742] Trial 1071 pruned. 
[I 2026-07-13 15:13:57,038] Trial 1072 pruned. 
[I 2026-07-13 15:13:58,685] Trial 1073 pruned. 
[I 2026-07-13 15:13:59,653] Trial 1074 pruned. 
[I 2026-07-13 15:14:00,446] Trial 1075 pruned. 
[I 2026-07-13 15:14:04,145] Trial 1076 pruned. 
[I 2026-07-13 15:14:05,390] Trial 1077 pruned. 
[I 2026-07-13 15:14:09,523] Trial 1078 finished with values: [-311.13143115236494, -2313.1807024012473, 26.55] and parameters: {'sl_soft': 0.010547041657545202, 'sl_hard_delta': 0.018765663124883897, 'tp': 0.07037389412218963, 'gate_pct': 91.28320752104035, 'dd_limit': 3.6482276224843235, 'cooldown': 3, 'flip': False, 'en_ema_trend': True, 'ema_trend_fast': 286, 'ema_trend_slow': 304, 'en_sma_trend': False, 'sma_trend_fast': 125, 'sma_trend_slow': 394, 'en_macd': False, 'macd_fast': 68, 'macd_slow': 189, 'macd_signal': 23, 'en_vwap': True, 'en_keltner': True, 'keltner_n': 151, 'keltner_m': 1.1, 'en_obv': True, 'obv_slope': 58, 'en_cci': False, 'cci_n': 98, 'cci_threshold': 280, 'en_rsi': True, 'rsi_n': 93, 'rsi_lower': 11, 'rsi_upper': 60, 'en_stochastic': False, 'stochastic_n': 30, 'stochastic_d': 33, 'stochastic_lower': 40, 'stochastic_upper': 76, 'en_mfi': False, 'mfi_n': 17, 'mfi_lower': 41, 'mfi_upper': 82, 'en_bollinger': True, 'bollinger_n': 173, 'bollinger_k': 4.2, 'en_adx': False, 'adx_n': 3, 'adx_threshold': 26, 'en_structure_trend': False, 'structure_trend_swing_l': 5, 'en_order_block': False, 'order_block_swing_l': 6, 'en_fvg': True, 'fvg_lookback': 19, 'en_ifvg': True, 'en_breaker': True, 'breaker_swing_l': 7, 'en_cisd': True, 'k': 2, 'en_cap_bars': True, 'cap_1min': 1363}.
[I 2026-07-13 15:14:10,520] Trial 1079 pruned. 
[I 2026-07-13 15:14:10,878] Trial 1080 pruned. 
[I 2026-07-13 15:14:12,092] Trial 1081 pruned. 
[I 2026-07-13 15:14:14,021] Trial 1082 pruned. 
[I 2026-07-13 15:14:15,119] Trial 1083 pruned. 
[I 2026-07-13 15:14:16,514] Trial 1084 pruned. 
[I 2026-07-13 15:14:17,550] Trial 1085 pruned. 
[I 2026-07-13 15:14:19,303] Trial 1086 pruned. 
[I 2026-07-13 15:14:20,458] Trial 1087 pruned. 
[I 2026-07-13 15:14:21,691] Trial 1088 pruned. 
[I 2026-07-13 15:14:22,566] Trial 1089 pruned. 
[I 2026-07-13 15:14:23,440] Trial 1090 pruned. 
[I 2026-07-13 15:14:25,433] Trial 1091 pruned. 
[I 2026-07-13 15:14:26,963] Trial 1092 pruned. 
[I 2026-07-13 15:14:28,367] Trial 1093 pruned. 
[I 2026-07-13 15:14:29,650] Trial 1094 pruned. 
[I 2026-07-13 15:14:29,939] Trial 1095 pruned. 
[I 2026-07-13 15:14:31,052] Trial 1096 pruned. 
[I 2026-07-13 15:14:33,185] Trial 1097 pruned. 
[I 2026-07-13 15:14:33,617] Trial 1098 pruned. 
[I 2026-07-13 15:14:35,163] Trial 1099 pruned. 
[I 2026-07-13 15:14:36,590] Trial 1100 pruned. 
[I 2026-07-13 15:14:37,125] Trial 1101 pruned. 
[I 2026-07-13 15:14:38,581] Trial 1102 pruned. 
[I 2026-07-13 15:14:39,465] Trial 1103 pruned. 
[I 2026-07-13 15:14:39,850] Trial 1104 pruned. 
[I 2026-07-13 15:14:42,016] Trial 1105 pruned. 
[I 2026-07-13 15:14:43,051] Trial 1106 pruned. 
[I 2026-07-13 15:14:44,867] Trial 1107 pruned. 
[I 2026-07-13 15:14:45,843] Trial 1108 pruned. 
[I 2026-07-13 15:14:47,482] Trial 1109 pruned. 
[I 2026-07-13 15:14:49,003] Trial 1110 pruned. 
[I 2026-07-13 15:14:50,054] Trial 1111 pruned. 
[I 2026-07-13 15:14:51,398] Trial 1112 pruned. 
[I 2026-07-13 15:14:52,661] Trial 1113 pruned. 
[I 2026-07-13 15:14:53,628] Trial 1114 pruned. 
[I 2026-07-13 15:14:54,233] Trial 1115 pruned. 
[I 2026-07-13 15:14:55,203] Trial 1116 pruned. 
[I 2026-07-13 15:14:56,417] Trial 1117 pruned. 
[I 2026-07-13 15:14:57,610] Trial 1118 pruned. 
[I 2026-07-13 15:14:59,569] Trial 1119 pruned. 
[I 2026-07-13 15:14:59,793] Trial 1120 pruned. 
[I 2026-07-13 15:15:05,669] Trial 1121 finished with values: [-73.70081953904872, -4180.981071016989, 67.1] and parameters: {'sl_soft': 0.014535543517372828, 'sl_hard_delta': 0.011909451912242896, 'tp': 0.011934504080015645, 'gate_pct': 88.44397898231887, 'dd_limit': 0.5820363533127576, 'cooldown': 4, 'flip': False, 'en_ema_trend': True, 'ema_trend_fast': 339, 'ema_trend_slow': 218, 'en_sma_trend': False, 'sma_trend_fast': 210, 'sma_trend_slow': 185, 'en_macd': False, 'macd_fast': 100, 'macd_slow': 150, 'macd_signal': 57, 'en_vwap': False, 'en_keltner': True, 'keltner_n': 70, 'keltner_m': 1.3, 'en_obv': False, 'obv_slope': 36, 'en_cci': True, 'cci_n': 135, 'cci_threshold': 135, 'en_rsi': True, 'rsi_n': 27, 'rsi_lower': 34, 'rsi_upper': 94, 'en_stochastic': False, 'stochastic_n': 75, 'stochastic_d': 35, 'stochastic_lower': 16, 'stochastic_upper': 76, 'en_mfi': True, 'mfi_n': 87, 'mfi_lower': 1, 'mfi_upper': 80, 'en_bollinger': True, 'bollinger_n': 176, 'bollinger_k': 3.8000000000000003, 'en_adx': False, 'adx_n': 26, 'adx_threshold': 49, 'en_structure_trend': True, 'structure_trend_swing_l': 5, 'en_order_block': False, 'order_block_swing_l': 9, 'en_fvg': True, 'fvg_lookback': 39, 'en_ifvg': False, 'en_breaker': True, 'breaker_swing_l': 11, 'en_cisd': False, 'k': 2, 'en_cap_bars': False, 'cap_1min': 1109}.
[I 2026-07-13 15:15:07,524] Trial 1122 pruned. 
[I 2026-07-13 15:15:08,270] Trial 1123 pruned. 
[I 2026-07-13 15:15:10,611] Trial 1124 pruned. 
[I 2026-07-13 15:15:12,020] Trial 1125 pruned. 
[I 2026-07-13 15:15:12,722] Trial 1126 pruned. 
[I 2026-07-13 15:15:13,328] Trial 1127 pruned. 
[I 2026-07-13 15:15:13,764] Trial 1128 pruned. 
[I 2026-07-13 15:15:15,794] Trial 1129 pruned. 
[I 2026-07-13 15:15:17,203] Trial 1130 pruned. 
[I 2026-07-13 15:15:18,968] Trial 1131 pruned. 
[I 2026-07-13 15:15:20,326] Trial 1132 pruned. 
[I 2026-07-13 15:15:21,075] Trial 1133 pruned. 
[I 2026-07-13 15:15:22,874] Trial 1134 pruned. 
[I 2026-07-13 15:15:23,956] Trial 1135 pruned. 
[I 2026-07-13 15:15:25,415] Trial 1136 pruned. 
[I 2026-07-13 15:15:25,887] Trial 1137 pruned. 
[I 2026-07-13 15:15:27,406] Trial 1138 pruned. 
[I 2026-07-13 15:15:27,637] Trial 1139 pruned. 
[I 2026-07-13 15:15:29,164] Trial 1140 pruned. 
[I 2026-07-13 15:15:30,073] Trial 1141 pruned. 
[I 2026-07-13 15:15:31,108] Trial 1142 pruned. 
[I 2026-07-13 15:15:32,127] Trial 1143 pruned. 
[I 2026-07-13 15:15:33,870] Trial 1144 pruned. 
[I 2026-07-13 15:15:37,146] Trial 1145 pruned. 
[I 2026-07-13 15:15:39,362] Trial 1146 pruned. 
[I 2026-07-13 15:15:40,414] Trial 1147 pruned. 
[I 2026-07-13 15:15:41,595] Trial 1148 pruned. 
[I 2026-07-13 15:15:43,282] Trial 1149 pruned. 
[I 2026-07-13 15:15:44,791] Trial 1150 pruned. 
[I 2026-07-13 15:15:45,698] Trial 1151 pruned. 
[I 2026-07-13 15:15:46,920] Trial 1152 pruned. 
[I 2026-07-13 15:15:48,011] Trial 1153 pruned. 
[I 2026-07-13 15:15:48,217] Trial 1154 pruned. 
[I 2026-07-13 15:15:49,384] Trial 1155 pruned. 
[I 2026-07-13 15:15:50,504] Trial 1156 pruned. 
[I 2026-07-13 15:15:51,007] Trial 1157 pruned. 
[I 2026-07-13 15:15:52,183] Trial 1158 pruned. 
[I 2026-07-13 15:15:53,590] Trial 1159 pruned. 
[I 2026-07-13 15:15:53,846] Trial 1160 pruned. 
[I 2026-07-13 15:15:55,565] Trial 1161 pruned. 
[I 2026-07-13 15:15:56,644] Trial 1162 pruned. 
[I 2026-07-13 15:15:58,338] Trial 1163 pruned. 
[I 2026-07-13 15:15:59,210] Trial 1164 pruned. 
[I 2026-07-13 15:16:01,914] Trial 1165 finished with values: [327.702197181825, -1843.9735699376313, 58.95] and parameters: {'sl_soft': 0.03432736489891091, 'sl_hard_delta': 0.020862445993428028, 'tp': 0.04263786134786264, 'gate_pct': 90.81410949813346, 'dd_limit': 3.915453255051588, 'cooldown': 9, 'flip': True, 'en_ema_trend': True, 'ema_trend_fast': 110, 'ema_trend_slow': 158, 'en_sma_trend': False, 'sma_trend_fast': 257, 'sma_trend_slow': 210, 'en_macd': False, 'macd_fast': 9, 'macd_slow': 146, 'macd_signal': 55, 'en_vwap': True, 'en_keltner': False, 'keltner_n': 152, 'keltner_m': 3.1, 'en_obv': True, 'obv_slope': 46, 'en_cci': False, 'cci_n': 20, 'cci_threshold': 255, 'en_rsi': True, 'rsi_n': 77, 'rsi_lower': 6, 'rsi_upper': 90, 'en_stochastic': False, 'stochastic_n': 16, 'stochastic_d': 5, 'stochastic_lower': 23, 'stochastic_upper': 69, 'en_mfi': True, 'mfi_n': 76, 'mfi_lower': 24, 'mfi_upper': 64, 'en_bollinger': True, 'bollinger_n': 14, 'bollinger_k': 3.9000000000000004, 'en_adx': False, 'adx_n': 90, 'adx_threshold': 45, 'en_structure_trend': False, 'structure_trend_swing_l': 11, 'en_order_block': True, 'order_block_swing_l': 2, 'en_fvg': True, 'fvg_lookback': 10, 'en_ifvg': False, 'en_breaker': False, 'breaker_swing_l': 8, 'en_cisd': True, 'k': 3, 'en_cap_bars': False, 'cap_1min': 1435}.
[I 2026-07-13 15:16:05,472] Trial 1166 pruned. 
[I 2026-07-13 15:16:07,205] Trial 1167 pruned. 
[I 2026-07-13 15:16:08,307] Trial 1168 pruned. 
[I 2026-07-13 15:16:08,860] Trial 1169 pruned. 
[I 2026-07-13 15:16:11,220] Trial 1170 pruned. 
[I 2026-07-13 15:16:12,654] Trial 1171 pruned. 
[I 2026-07-13 15:16:13,798] Trial 1172 pruned. 
[I 2026-07-13 15:16:16,670] Trial 1173 pruned. 
[I 2026-07-13 15:16:17,999] Trial 1174 pruned. 
[I 2026-07-13 15:16:19,995] Trial 1175 pruned. 
[I 2026-07-13 15:16:21,680] Trial 1176 pruned. 
[I 2026-07-13 15:16:25,479] Trial 1177 pruned. 
[I 2026-07-13 15:16:27,133] Trial 1178 pruned. 
[I 2026-07-13 15:16:27,435] Trial 1179 pruned. 
[I 2026-07-13 15:16:28,187] Trial 1180 pruned. 
[I 2026-07-13 15:16:30,260] Trial 1181 pruned. 
[I 2026-07-13 15:16:33,333] Trial 1182 pruned. 
[I 2026-07-13 15:16:33,850] Trial 1183 pruned. 
[I 2026-07-13 15:16:34,767] Trial 1184 pruned. 
[I 2026-07-13 15:16:35,093] Trial 1185 pruned. 
[I 2026-07-13 15:16:36,270] Trial 1186 pruned. 
[I 2026-07-13 15:16:36,717] Trial 1187 pruned. 
[I 2026-07-13 15:16:37,804] Trial 1188 pruned. 
[I 2026-07-13 15:16:39,970] Trial 1189 pruned. 
[I 2026-07-13 15:16:41,105] Trial 1190 pruned. 
[I 2026-07-13 15:16:42,056] Trial 1191 pruned. 
[I 2026-07-13 15:16:42,983] Trial 1192 pruned. 
[I 2026-07-13 15:16:44,271] Trial 1193 pruned. 
[I 2026-07-13 15:16:46,307] Trial 1194 pruned. 
[I 2026-07-13 15:16:47,972] Trial 1195 pruned. 
[I 2026-07-13 15:16:48,854] Trial 1196 pruned. 
[I 2026-07-13 15:16:51,067] Trial 1197 pruned. 
[I 2026-07-13 15:16:52,258] Trial 1198 pruned. 
[I 2026-07-13 15:16:54,250] Trial 1199 pruned. 
[I 2026-07-13 15:16:54,375] Trial 1200 pruned. 
[I 2026-07-13 15:16:54,871] Trial 1201 pruned. 
[I 2026-07-13 15:16:56,105] Trial 1202 pruned. 
[I 2026-07-13 15:16:57,610] Trial 1203 pruned. 
[I 2026-07-13 15:16:58,418] Trial 1204 pruned. 
[I 2026-07-13 15:16:59,842] Trial 1205 pruned. 
[I 2026-07-13 15:17:01,557] Trial 1206 pruned. 
[I 2026-07-13 15:17:03,000] Trial 1207 pruned. 
[I 2026-07-13 15:17:04,522] Trial 1208 pruned. 
[I 2026-07-13 15:17:05,708] Trial 1209 pruned. 
[I 2026-07-13 15:17:07,433] Trial 1210 pruned. 
[I 2026-07-13 15:17:08,698] Trial 1211 pruned. 
[I 2026-07-13 15:17:09,817] Trial 1212 pruned. 
[I 2026-07-13 15:17:11,324] Trial 1213 pruned. 
[I 2026-07-13 15:17:12,438] Trial 1214 pruned. 
[I 2026-07-13 15:17:13,385] Trial 1215 pruned. 
[I 2026-07-13 15:17:14,036] Trial 1216 pruned. 
[I 2026-07-13 15:17:15,518] Trial 1217 pruned. 
[I 2026-07-13 15:17:16,662] Trial 1218 pruned. 
[I 2026-07-13 15:17:18,155] Trial 1219 pruned. 
[I 2026-07-13 15:17:19,865] Trial 1220 pruned. 
[I 2026-07-13 15:17:20,831] Trial 1221 pruned. 
[I 2026-07-13 15:17:21,341] Trial 1222 pruned. 
[I 2026-07-13 15:17:22,131] Trial 1223 pruned. 
[I 2026-07-13 15:17:23,021] Trial 1224 pruned. 
[I 2026-07-13 15:17:24,399] Trial 1225 pruned. 
[I 2026-07-13 15:17:25,302] Trial 1226 pruned. 
[I 2026-07-13 15:17:26,623] Trial 1227 pruned. 
[I 2026-07-13 15:17:28,429] Trial 1228 pruned. 
[I 2026-07-13 15:17:29,382] Trial 1229 pruned. 
[I 2026-07-13 15:17:30,179] Trial 1230 pruned. 
[I 2026-07-13 15:17:31,434] Trial 1231 pruned. 
[I 2026-07-13 15:17:32,455] Trial 1232 pruned. 
[I 2026-07-13 15:17:33,225] Trial 1233 pruned. 
[I 2026-07-13 15:17:36,585] Trial 1234 pruned. 
[I 2026-07-13 15:17:38,348] Trial 1235 pruned. 
[I 2026-07-13 15:17:39,320] Trial 1236 pruned. 
[I 2026-07-13 15:17:40,549] Trial 1237 pruned. 
[I 2026-07-13 15:17:41,506] Trial 1238 pruned. 
[I 2026-07-13 15:17:42,005] Trial 1239 pruned. 
[I 2026-07-13 15:17:42,154] Trial 1240 pruned. 
[I 2026-07-13 15:17:43,547] Trial 1241 pruned. 
[I 2026-07-13 15:17:44,377] Trial 1242 pruned. 
[I 2026-07-13 15:17:44,846] Trial 1243 pruned. 
[I 2026-07-13 15:17:46,616] Trial 1244 pruned. 
[I 2026-07-13 15:17:47,791] Trial 1245 pruned. 
[I 2026-07-13 15:17:48,615] Trial 1246 pruned. 
[I 2026-07-13 15:17:49,477] Trial 1247 pruned. 
[I 2026-07-13 15:17:49,966] Trial 1248 pruned. 
[I 2026-07-13 15:17:50,761] Trial 1249 pruned. 
[I 2026-07-13 15:17:51,107] Trial 1250 pruned. 
[I 2026-07-13 15:17:51,910] Trial 1251 pruned. 
[I 2026-07-13 15:17:53,265] Trial 1252 pruned. 
[I 2026-07-13 15:17:54,291] Trial 1253 pruned. 
