[I 2026-07-13 15:30:31,520] Trial 1766 finished with values: [313.4072679654664, -4653.875037260492, 44.9] and parameters: {'sl_soft': 0.01872684368211435, 'sl_hard_delta': 0.03297931963060293, 'tp': 0.050841682250076105, 'gate_pct': 94.87782605027864, 'dd_limit': 7.953109463330306, 'cooldown': 0, 'flip': True, 'en_ema_trend': False, 'ema_trend_fast': 188, 'ema_trend_slow': 116, 'en_sma_trend': True, 'sma_trend_fast': 145, 'sma_trend_slow': 140, 'en_macd': False, 'macd_fast': 23, 'macd_slow': 140, 'macd_signal': 75, 'en_vwap': False, 'en_keltner': True, 'keltner_n': 32, 'keltner_m': 4.6000000000000005, 'en_obv': False, 'obv_slope': 92, 'en_cci': True, 'cci_n': 177, 'cci_threshold': 245, 'en_rsi': False, 'rsi_n': 17, 'rsi_lower': 8, 'rsi_upper': 63, 'en_stochastic': True, 'stochastic_n': 27, 'stochastic_d': 12, 'stochastic_lower': 1, 'stochastic_upper': 75, 'en_mfi': True, 'mfi_n': 68, 'mfi_lower': 16, 'mfi_upper': 52, 'en_bollinger': False, 'bollinger_n': 72, 'bollinger_k': 4.300000000000001, 'en_adx': False, 'adx_n': 63, 'adx_threshold': 28, 'en_structure_trend': True, 'structure_trend_swing_l': 16, 'en_order_block': True, 'order_block_swing_l': 5, 'en_fvg': True, 'fvg_lookback': 24, 'en_ifvg': False, 'en_breaker': False, 'breaker_swing_l': 20, 'en_cisd': True, 'k': 4, 'en_cap_bars': False, 'cap_1min': 993}.
[I 2026-07-13 15:30:35,175] Trial 1767 finished with values: [-749.8550867740228, -903.23374067804, 13.35] and parameters: {'sl_soft': 0.010118579279263403, 'sl_hard_delta': 0.02515171303306487, 'tp': 0.06597500573834292, 'gate_pct': 96.82972780322679, 'dd_limit': 9.50807718589736, 'cooldown': 27, 'flip': False, 'en_ema_trend': True, 'ema_trend_fast': 24, 'ema_trend_slow': 397, 'en_sma_trend': True, 'sma_trend_fast': 353, 'sma_trend_slow': 141, 'en_macd': True, 'macd_fast': 53, 'macd_slow': 114, 'macd_signal': 61, 'en_vwap': False, 'en_keltner': True, 'keltner_n': 135, 'keltner_m': 2.1, 'en_obv': True, 'obv_slope': 129, 'en_cci': True, 'cci_n': 4, 'cci_threshold': 250, 'en_rsi': True, 'rsi_n': 31, 'rsi_lower': 31, 'rsi_upper': 89, 'en_stochastic': False, 'stochastic_n': 78, 'stochastic_d': 29, 'stochastic_lower': 4, 'stochastic_upper': 78, 'en_mfi': True, 'mfi_n': 14, 'mfi_lower': 11, 'mfi_upper': 64, 'en_bollinger': True, 'bollinger_n': 134, 'bollinger_k': 4.2, 'en_adx': False, 'adx_n': 41, 'adx_threshold': 38, 'en_structure_trend': False, 'structure_trend_swing_l': 12, 'en_order_block': False, 'order_block_swing_l': 4, 'en_fvg': True, 'fvg_lookback': 45, 'en_ifvg': False, 'en_breaker': False, 'breaker_swing_l': 2, 'en_cisd': True, 'k': 1, 'en_cap_bars': True, 'cap_1min': 1134}.
[I 2026-07-13 15:30:38,545] Trial 1768 finished with values: [209.51689053893227, -1922.971020929438, 76.75] and parameters: {'sl_soft': 0.04394141371603765, 'sl_hard_delta': 0.03311023092854689, 'tp': 0.022271566368158947, 'gate_pct': 83.00353395016643, 'dd_limit': 8.294324465484438, 'cooldown': 5, 'flip': True, 'en_ema_trend': True, 'ema_trend_fast': 81, 'ema_trend_slow': 88, 'en_sma_trend': True, 'sma_trend_fast': 382, 'sma_trend_slow': 100, 'en_macd': True, 'macd_fast': 93, 'macd_slow': 23, 'macd_signal': 71, 'en_vwap': False, 'en_keltner': False, 'keltner_n': 7, 'keltner_m': 2.3, 'en_obv': False, 'obv_slope': 183, 'en_cci': False, 'cci_n': 67, 'cci_threshold': 75, 'en_rsi': False, 'rsi_n': 17, 'rsi_lower': 8, 'rsi_upper': 87, 'en_stochastic': False, 'stochastic_n': 19, 'stochastic_d': 20, 'stochastic_lower': 2, 'stochastic_upper': 79, 'en_mfi': True, 'mfi_n': 94, 'mfi_lower': 43, 'mfi_upper': 66, 'en_bollinger': True, 'bollinger_n': 160, 'bollinger_k': 3.7, 'en_adx': False, 'adx_n': 53, 'adx_threshold': 43, 'en_structure_trend': True, 'structure_trend_swing_l': 13, 'en_order_block': False, 'order_block_swing_l': 15, 'en_fvg': False, 'fvg_lookback': 15, 'en_ifvg': False, 'en_breaker': False, 'breaker_swing_l': 11, 'en_cisd': True, 'k': 2, 'en_cap_bars': True, 'cap_1min': 686}.
[I 2026-07-13 15:30:38,987] Trial 1769 finished with values: [-304.99821492870893, -701.5072610879969, 61.25] and parameters: {'sl_soft': 0.033248494775748205, 'sl_hard_delta': 0.01351865596345161, 'tp': 0.019395224610929157, 'gate_pct': 77.9610876299926, 'dd_limit': 8.89689922634271, 'cooldown': 10, 'flip': True, 'en_ema_trend': True, 'ema_trend_fast': 108, 'ema_trend_slow': 19, 'en_sma_trend': True, 'sma_trend_fast': 166, 'sma_trend_slow': 285, 'en_macd': False, 'macd_fast': 76, 'macd_slow': 18, 'macd_signal': 75, 'en_vwap': False, 'en_keltner': True, 'keltner_n': 169, 'keltner_m': 3.8000000000000003, 'en_obv': True, 'obv_slope': 71, 'en_cci': False, 'cci_n': 131, 'cci_threshold': 170, 'en_rsi': True, 'rsi_n': 73, 'rsi_lower': 12, 'rsi_upper': 79, 'en_stochastic': False, 'stochastic_n': 29, 'stochastic_d': 19, 'stochastic_lower': 7, 'stochastic_upper': 62, 'en_mfi': False, 'mfi_n': 13, 'mfi_lower': 19, 'mfi_upper': 79, 'en_bollinger': True, 'bollinger_n': 2, 'bollinger_k': 3.8000000000000003, 'en_adx': False, 'adx_n': 83, 'adx_threshold': 8, 'en_structure_trend': True, 'structure_trend_swing_l': 18, 'en_order_block': True, 'order_block_swing_l': 20, 'en_fvg': True, 'fvg_lookback': 40, 'en_ifvg': False, 'en_breaker': True, 'breaker_swing_l': 20, 'en_cisd': False, 'k': 4, 'en_cap_bars': False, 'cap_1min': 1079}.
[I 2026-07-13 15:30:45,528] Trial 1770 finished with values: [-473.6804895381575, -1134.1928959595293, 24.3] and parameters: {'sl_soft': 0.02324929252414567, 'sl_hard_delta': 0.009156218788981589, 'tp': 0.053194305772010134, 'gate_pct': 94.5832156131506, 'dd_limit': 0.7627381108845042, 'cooldown': 5, 'flip': True, 'en_ema_trend': False, 'ema_trend_fast': 197, 'ema_trend_slow': 304, 'en_sma_trend': False, 'sma_trend_fast': 360, 'sma_trend_slow': 35, 'en_macd': True, 'macd_fast': 80, 'macd_slow': 89, 'macd_signal': 91, 'en_vwap': True, 'en_keltner': False, 'keltner_n': 163, 'keltner_m': 3.5, 'en_obv': True, 'obv_slope': 82, 'en_cci': False, 'cci_n': 32, 'cci_threshold': 300, 'en_rsi': False, 'rsi_n': 100, 'rsi_lower': 43, 'rsi_upper': 81, 'en_stochastic': True, 'stochastic_n': 62, 'stochastic_d': 28, 'stochastic_lower': 20, 'stochastic_upper': 57, 'en_mfi': True, 'mfi_n': 7, 'mfi_lower': 44, 'mfi_upper': 54, 'en_bollinger': True, 'bollinger_n': 15, 'bollinger_k': 2.7, 'en_adx': False, 'adx_n': 52, 'adx_threshold': 8, 'en_structure_trend': True, 'structure_trend_swing_l': 14, 'en_order_block': False, 'order_block_swing_l': 18, 'en_fvg': False, 'fvg_lookback': 34, 'en_ifvg': False, 'en_breaker': False, 'breaker_swing_l': 8, 'en_cisd': False, 'k': 3, 'en_cap_bars': False, 'cap_1min': 591}.
[I 2026-07-13 15:30:48,092] Trial 1771 pruned. 
[I 2026-07-13 15:30:49,907] Trial 1772 finished with values: [1339.948790184379, -5553.467507830697, 44.05] and parameters: {'sl_soft': 0.02319530491076429, 'sl_hard_delta': 0.03727016515657848, 'tp': 0.0739135300227091, 'gate_pct': 99.95605949198794, 'dd_limit': 7.364744278329123, 'cooldown': 8, 'flip': True, 'en_ema_trend': False, 'ema_trend_fast': 23, 'ema_trend_slow': 14, 'en_sma_trend': True, 'sma_trend_fast': 331, 'sma_trend_slow': 319, 'en_macd': True, 'macd_fast': 91, 'macd_slow': 88, 'macd_signal': 45, 'en_vwap': True, 'en_keltner': False, 'keltner_n': 60, 'keltner_m': 0.8, 'en_obv': False, 'obv_slope': 162, 'en_cci': True, 'cci_n': 106, 'cci_threshold': 155, 'en_rsi': False, 'rsi_n': 81, 'rsi_lower': 5, 'rsi_upper': 74, 'en_stochastic': False, 'stochastic_n': 88, 'stochastic_d': 46, 'stochastic_lower': 27, 'stochastic_upper': 94, 'en_mfi': False, 'mfi_n': 28, 'mfi_lower': 30, 'mfi_upper': 96, 'en_bollinger': False, 'bollinger_n': 172, 'bollinger_k': 3.7, 'en_adx': False, 'adx_n': 16, 'adx_threshold': 42, 'en_structure_trend': False, 'structure_trend_swing_l': 6, 'en_order_block': True, 'order_block_swing_l': 3, 'en_fvg': False, 'fvg_lookback': 9, 'en_ifvg': False, 'en_breaker': True, 'breaker_swing_l': 13, 'en_cisd': False, 'k': 1, 'en_cap_bars': False, 'cap_1min': 495}.
[I 2026-07-13 15:30:52,363] Trial 1773 finished with values: [-567.6025702112497, -1353.0531431235815, 29.7] and parameters: {'sl_soft': 0.018446440995462176, 'sl_hard_delta': 0.012763153595698788, 'tp': 0.04263786134786264, 'gate_pct': 96.54380504120698, 'dd_limit': 3.915453255051588, 'cooldown': 8, 'flip': False, 'en_ema_trend': False, 'ema_trend_fast': 110, 'ema_trend_slow': 158, 'en_sma_trend': False, 'sma_trend_fast': 257, 'sma_trend_slow': 210, 'en_macd': True, 'macd_fast': 85, 'macd_slow': 146, 'macd_signal': 34, 'en_vwap': True, 'en_keltner': False, 'keltner_n': 99, 'keltner_m': 2.4000000000000004, 'en_obv': False, 'obv_slope': 46, 'en_cci': True, 'cci_n': 20, 'cci_threshold': 255, 'en_rsi': False, 'rsi_n': 15, 'rsi_lower': 39, 'rsi_upper': 90, 'en_stochastic': False, 'stochastic_n': 16, 'stochastic_d': 7, 'stochastic_lower': 8, 'stochastic_upper': 69, 'en_mfi': True, 'mfi_n': 76, 'mfi_lower': 24, 'mfi_upper': 83, 'en_bollinger': True, 'bollinger_n': 14, 'bollinger_k': 3.9000000000000004, 'en_adx': False, 'adx_n': 63, 'adx_threshold': 45, 'en_structure_trend': True, 'structure_trend_swing_l': 14, 'en_order_block': True, 'order_block_swing_l': 19, 'en_fvg': True, 'fvg_lookback': 18, 'en_ifvg': True, 'en_breaker': False, 'breaker_swing_l': 11, 'en_cisd': True, 'k': 3, 'en_cap_bars': False, 'cap_1min': 715}.
[I 2026-07-13 15:30:54,225] Trial 1774 finished with values: [-1619.5100418420334, -6283.681649183276, 42.75] and parameters: {'sl_soft': 0.038114301613939465, 'sl_hard_delta': 0.016676770963943, 'tp': 0.06466351711838181, 'gate_pct': 90.97354990533721, 'dd_limit': 6.844711394584541, 'cooldown': 2, 'flip': True, 'en_ema_trend': False, 'ema_trend_fast': 101, 'ema_trend_slow': 294, 'en_sma_trend': True, 'sma_trend_fast': 177, 'sma_trend_slow': 192, 'en_macd': True, 'macd_fast': 61, 'macd_slow': 93, 'macd_signal': 25, 'en_vwap': False, 'en_keltner': False, 'keltner_n': 22, 'keltner_m': 1.2000000000000002, 'en_obv': True, 'obv_slope': 69, 'en_cci': False, 'cci_n': 88, 'cci_threshold': 35, 'en_rsi': False, 'rsi_n': 78, 'rsi_lower': 16, 'rsi_upper': 67, 'en_stochastic': False, 'stochastic_n': 87, 'stochastic_d': 43, 'stochastic_lower': 31, 'stochastic_upper': 97, 'en_mfi': False, 'mfi_n': 9, 'mfi_lower': 18, 'mfi_upper': 62, 'en_bollinger': True, 'bollinger_n': 70, 'bollinger_k': 1.1, 'en_adx': False, 'adx_n': 32, 'adx_threshold': 14, 'en_structure_trend': False, 'structure_trend_swing_l': 7, 'en_order_block': True, 'order_block_swing_l': 4, 'en_fvg': False, 'fvg_lookback': 37, 'en_ifvg': True, 'en_breaker': False, 'breaker_swing_l': 6, 'en_cisd': False, 'k': 1, 'en_cap_bars': True, 'cap_1min': 1239}.
[I 2026-07-13 15:30:57,012] Trial 1775 finished with values: [-1921.8486682098408, -9894.603698079292, 29.65] and parameters: {'sl_soft': 0.013722810923940423, 'sl_hard_delta': 0.040622817243340784, 'tp': 0.06544002745861144, 'gate_pct': 79.76528290610023, 'dd_limit': 1.9549593836557686, 'cooldown': 1, 'flip': False, 'en_ema_trend': False, 'ema_trend_fast': 166, 'ema_trend_slow': 172, 'en_sma_trend': False, 'sma_trend_fast': 112, 'sma_trend_slow': 352, 'en_macd': True, 'macd_fast': 72, 'macd_slow': 45, 'macd_signal': 32, 'en_vwap': False, 'en_keltner': True, 'keltner_n': 86, 'keltner_m': 4.1, 'en_obv': False, 'obv_slope': 86, 'en_cci': True, 'cci_n': 124, 'cci_threshold': 270, 'en_rsi': True, 'rsi_n': 100, 'rsi_lower': 26, 'rsi_upper': 55, 'en_stochastic': False, 'stochastic_n': 48, 'stochastic_d': 44, 'stochastic_lower': 7, 'stochastic_upper': 98, 'en_mfi': False, 'mfi_n': 71, 'mfi_lower': 25, 'mfi_upper': 84, 'en_bollinger': False, 'bollinger_n': 153, 'bollinger_k': 2.5, 'en_adx': False, 'adx_n': 23, 'adx_threshold': 10, 'en_structure_trend': False, 'structure_trend_swing_l': 20, 'en_order_block': True, 'order_block_swing_l': 17, 'en_fvg': False, 'fvg_lookback': 46, 'en_ifvg': False, 'en_breaker': True, 'breaker_swing_l': 12, 'en_cisd': True, 'k': 1, 'en_cap_bars': True, 'cap_1min': 685}.
[I 2026-07-13 15:31:00,554] Trial 1776 finished with values: [-875.6029663617148, -3347.767664801183, 58.2] and parameters: {'sl_soft': 0.04365794440530845, 'sl_hard_delta': 0.011909451912242896, 'tp': 0.03504762728325812, 'gate_pct': 88.44397898231887, 'dd_limit': 4.125389121894992, 'cooldown': 4, 'flip': False, 'en_ema_trend': True, 'ema_trend_fast': 339, 'ema_trend_slow': 218, 'en_sma_trend': False, 'sma_trend_fast': 210, 'sma_trend_slow': 311, 'en_macd': False, 'macd_fast': 100, 'macd_slow': 106, 'macd_signal': 57, 'en_vwap': True, 'en_keltner': True, 'keltner_n': 99, 'keltner_m': 2.4000000000000004, 'en_obv': False, 'obv_slope': 36, 'en_cci': True, 'cci_n': 33, 'cci_threshold': 180, 'en_rsi': True, 'rsi_n': 27, 'rsi_lower': 39, 'rsi_upper': 94, 'en_stochastic': False, 'stochastic_n': 75, 'stochastic_d': 35, 'stochastic_lower': 16, 'stochastic_upper': 91, 'en_mfi': True, 'mfi_n': 76, 'mfi_lower': 1, 'mfi_upper': 83, 'en_bollinger': False, 'bollinger_n': 46, 'bollinger_k': 0.7, 'en_adx': False, 'adx_n': 26, 'adx_threshold': 39, 'en_structure_trend': True, 'structure_trend_swing_l': 5, 'en_order_block': False, 'order_block_swing_l': 16, 'en_fvg': True, 'fvg_lookback': 39, 'en_ifvg': False, 'en_breaker': False, 'breaker_swing_l': 11, 'en_cisd': False, 'k': 5, 'en_cap_bars': False, 'cap_1min': 715}.
[I 2026-07-13 15:31:01,662] Trial 1777 finished with values: [421.24244623076737, -2011.0284074682027, 59.35] and parameters: {'sl_soft': 0.013462142379308838, 'sl_hard_delta': 0.03910082354679015, 'tp': 0.028070662961224437, 'gate_pct': 97.81683336946006, 'dd_limit': 0.23735305616742414, 'cooldown': 26, 'flip': False, 'en_ema_trend': False, 'ema_trend_fast': 206, 'ema_trend_slow': 304, 'en_sma_trend': False, 'sma_trend_fast': 360, 'sma_trend_slow': 35, 'en_macd': False, 'macd_fast': 80, 'macd_slow': 22, 'macd_signal': 6, 'en_vwap': True, 'en_keltner': True, 'keltner_n': 172, 'keltner_m': 4.7, 'en_obv': True, 'obv_slope': 157, 'en_cci': True, 'cci_n': 6, 'cci_threshold': 295, 'en_rsi': False, 'rsi_n': 68, 'rsi_lower': 1, 'rsi_upper': 81, 'en_stochastic': False, 'stochastic_n': 62, 'stochastic_d': 2, 'stochastic_lower': 40, 'stochastic_upper': 66, 'en_mfi': False, 'mfi_n': 11, 'mfi_lower': 2, 'mfi_upper': 79, 'en_bollinger': True, 'bollinger_n': 122, 'bollinger_k': 2.7, 'en_adx': False, 'adx_n': 35, 'adx_threshold': 12, 'en_structure_trend': True, 'structure_trend_swing_l': 13, 'en_order_block': True, 'order_block_swing_l': 13, 'en_fvg': False, 'fvg_lookback': 24, 'en_ifvg': False, 'en_breaker': True, 'breaker_swing_l': 11, 'en_cisd': False, 'k': 2, 'en_cap_bars': False, 'cap_1min': 591}.
[I 2026-07-13 15:31:02,281] Trial 1778 finished with values: [-111.60275291524968, -1720.4815863195936, 24.3] and parameters: {'sl_soft': 0.013462142379308838, 'sl_hard_delta': 0.008855347903544258, 'tp': 0.053962822986320734, 'gate_pct': 97.28704165170988, 'dd_limit': 0.7627381108845042, 'cooldown': 26, 'flip': False, 'en_ema_trend': False, 'ema_trend_fast': 197, 'ema_trend_slow': 304, 'en_sma_trend': False, 'sma_trend_fast': 360, 'sma_trend_slow': 35, 'en_macd': True, 'macd_fast': 80, 'macd_slow': 161, 'macd_signal': 18, 'en_vwap': True, 'en_keltner': True, 'keltner_n': 123, 'keltner_m': 3.5, 'en_obv': True, 'obv_slope': 25, 'en_cci': False, 'cci_n': 54, 'cci_threshold': 300, 'en_rsi': False, 'rsi_n': 100, 'rsi_lower': 1, 'rsi_upper': 81, 'en_stochastic': False, 'stochastic_n': 62, 'stochastic_d': 2, 'stochastic_lower': 40, 'stochastic_upper': 57, 'en_mfi': False, 'mfi_n': 11, 'mfi_lower': 44, 'mfi_upper': 54, 'en_bollinger': False, 'bollinger_n': 197, 'bollinger_k': 2.7, 'en_adx': False, 'adx_n': 35, 'adx_threshold': 35, 'en_structure_trend': True, 'structure_trend_swing_l': 9, 'en_order_block': True, 'order_block_swing_l': 13, 'en_fvg': False, 'fvg_lookback': 24, 'en_ifvg': False, 'en_breaker': True, 'breaker_swing_l': 8, 'en_cisd': False, 'k': 3, 'en_cap_bars': False, 'cap_1min': 591}.
[I 2026-07-13 15:31:02,851] Trial 1779 finished with values: [1481.2916927394676, -3431.177570460946, 39.650000000000006] and parameters: {'sl_soft': 0.013722810923940423, 'sl_hard_delta': 0.040622817243340784, 'tp': 0.06544002745861144, 'gate_pct': 79.76528290610023, 'dd_limit': 1.9549593836557686, 'cooldown': 1, 'flip': True, 'en_ema_trend': True, 'ema_trend_fast': 166, 'ema_trend_slow': 37, 'en_sma_trend': False, 'sma_trend_fast': 37, 'sma_trend_slow': 352, 'en_macd': True, 'macd_fast': 72, 'macd_slow': 45, 'macd_signal': 20, 'en_vwap': False, 'en_keltner': False, 'keltner_n': 62, 'keltner_m': 2.1, 'en_obv': False, 'obv_slope': 54, 'en_cci': True, 'cci_n': 132, 'cci_threshold': 270, 'en_rsi': False, 'rsi_n': 41, 'rsi_lower': 33, 'rsi_upper': 55, 'en_stochastic': False, 'stochastic_n': 48, 'stochastic_d': 44, 'stochastic_lower': 7, 'stochastic_upper': 85, 'en_mfi': False, 'mfi_n': 71, 'mfi_lower': 7, 'mfi_upper': 73, 'en_bollinger': False, 'bollinger_n': 153, 'bollinger_k': 4.5, 'en_adx': False, 'adx_n': 86, 'adx_threshold': 10, 'en_structure_trend': False, 'structure_trend_swing_l': 8, 'en_order_block': False, 'order_block_swing_l': 3, 'en_fvg': False, 'fvg_lookback': 46, 'en_ifvg': True, 'en_breaker': True, 'breaker_swing_l': 6, 'en_cisd': True, 'k': 1, 'en_cap_bars': True, 'cap_1min': 685}.
[I 2026-07-13 15:31:06,171] Trial 1780 finished with values: [52.37961061329344, -2284.37324982842, 66.75] and parameters: {'sl_soft': 0.034454793278025315, 'sl_hard_delta': 0.028428697055377993, 'tp': 0.028560602836268517, 'gate_pct': 87.84603704995507, 'dd_limit': 4.667357421566379, 'cooldown': 6, 'flip': True, 'en_ema_trend': True, 'ema_trend_fast': 101, 'ema_trend_slow': 180, 'en_sma_trend': False, 'sma_trend_fast': 270, 'sma_trend_slow': 14, 'en_macd': True, 'macd_fast': 10, 'macd_slow': 196, 'macd_signal': 49, 'en_vwap': False, 'en_keltner': True, 'keltner_n': 189, 'keltner_m': 1.3, 'en_obv': False, 'obv_slope': 22, 'en_cci': True, 'cci_n': 74, 'cci_threshold': 95, 'en_rsi': True, 'rsi_n': 46, 'rsi_lower': 6, 'rsi_upper': 53, 'en_stochastic': False, 'stochastic_n': 39, 'stochastic_d': 50, 'stochastic_lower': 27, 'stochastic_upper': 99, 'en_mfi': False, 'mfi_n': 68, 'mfi_lower': 18, 'mfi_upper': 54, 'en_bollinger': True, 'bollinger_n': 70, 'bollinger_k': 3.5, 'en_adx': False, 'adx_n': 32, 'adx_threshold': 24, 'en_structure_trend': False, 'structure_trend_swing_l': 9, 'en_order_block': True, 'order_block_swing_l': 2, 'en_fvg': True, 'fvg_lookback': 44, 'en_ifvg': False, 'en_breaker': False, 'breaker_swing_l': 16, 'en_cisd': True, 'k': 1, 'en_cap_bars': True, 'cap_1min': 1237}.
[I 2026-07-13 15:31:10,407] Trial 1781 finished with values: [2.3971777201126088, -3786.2758379136717, 66.7] and parameters: {'sl_soft': 0.0395420475505296, 'sl_hard_delta': 0.028428697055377993, 'tp': 0.025405903547049746, 'gate_pct': 98.93711402329589, 'dd_limit': 9.066216783758431, 'cooldown': 6, 'flip': True, 'en_ema_trend': True, 'ema_trend_fast': 159, 'ema_trend_slow': 180, 'en_sma_trend': False, 'sma_trend_fast': 372, 'sma_trend_slow': 14, 'en_macd': True, 'macd_fast': 60, 'macd_slow': 96, 'macd_signal': 49, 'en_vwap': False, 'en_keltner': False, 'keltner_n': 61, 'keltner_m': 1.9000000000000001, 'en_obv': False, 'obv_slope': 191, 'en_cci': False, 'cci_n': 74, 'cci_threshold': 25, 'en_rsi': True, 'rsi_n': 50, 'rsi_lower': 6, 'rsi_upper': 77, 'en_stochastic': False, 'stochastic_n': 97, 'stochastic_d': 50, 'stochastic_lower': 17, 'stochastic_upper': 99, 'en_mfi': True, 'mfi_n': 83, 'mfi_lower': 19, 'mfi_upper': 76, 'en_bollinger': True, 'bollinger_n': 56, 'bollinger_k': 2.1, 'en_adx': False, 'adx_n': 36, 'adx_threshold': 50, 'en_structure_trend': True, 'structure_trend_swing_l': 13, 'en_order_block': True, 'order_block_swing_l': 12, 'en_fvg': False, 'fvg_lookback': 27, 'en_ifvg': True, 'en_breaker': True, 'breaker_swing_l': 9, 'en_cisd': True, 'k': 3, 'en_cap_bars': True, 'cap_1min': 963}.
[I 2026-07-13 15:31:12,283] Trial 1782 finished with values: [-151.50826678139495, -2472.330020695779, 75.85] and parameters: {'sl_soft': 0.034454793278025315, 'sl_hard_delta': 0.031196556357529437, 'tp': 0.014639614258084065, 'gate_pct': 94.87782605027864, 'dd_limit': 4.866210487643857, 'cooldown': 26, 'flip': True, 'en_ema_trend': True, 'ema_trend_fast': 85, 'ema_trend_slow': 19, 'en_sma_trend': True, 'sma_trend_fast': 237, 'sma_trend_slow': 140, 'en_macd': False, 'macd_fast': 23, 'macd_slow': 96, 'macd_signal': 75, 'en_vwap': False, 'en_keltner': False, 'keltner_n': 32, 'keltner_m': 1.3, 'en_obv': False, 'obv_slope': 197, 'en_cci': False, 'cci_n': 140, 'cci_threshold': 245, 'en_rsi': False, 'rsi_n': 46, 'rsi_lower': 16, 'rsi_upper': 67, 'en_stochastic': False, 'stochastic_n': 87, 'stochastic_d': 34, 'stochastic_lower': 31, 'stochastic_upper': 78, 'en_mfi': False, 'mfi_n': 49, 'mfi_lower': 18, 'mfi_upper': 82, 'en_bollinger': True, 'bollinger_n': 70, 'bollinger_k': 1.7000000000000002, 'en_adx': False, 'adx_n': 87, 'adx_threshold': 13, 'en_structure_trend': False, 'structure_trend_swing_l': 16, 'en_order_block': True, 'order_block_swing_l': 5, 'en_fvg': True, 'fvg_lookback': 24, 'en_ifvg': False, 'en_breaker': False, 'breaker_swing_l': 6, 'en_cisd': False, 'k': 1, 'en_cap_bars': True, 'cap_1min': 993}.
