[I 2026-07-13 15:31:15,911] Trial 1783 finished with values: [-124.40062968845919, -1956.0540724823736, 54.55] and parameters: {'sl_soft': 0.03432736489891091, 'sl_hard_delta': 0.020862445993428028, 'tp': 0.04263786134786264, 'gate_pct': 90.81410949813346, 'dd_limit': 3.915453255051588, 'cooldown': 9, 'flip': True, 'en_ema_trend': True, 'ema_trend_fast': 40, 'ema_trend_slow': 158, 'en_sma_trend': True, 'sma_trend_fast': 257, 'sma_trend_slow': 141, 'en_macd': True, 'macd_fast': 9, 'macd_slow': 18, 'macd_signal': 82, 'en_vwap': True, 'en_keltner': False, 'keltner_n': 39, 'keltner_m': 2.6, 'en_obv': True, 'obv_slope': 30, 'en_cci': False, 'cci_n': 20, 'cci_threshold': 255, 'en_rsi': True, 'rsi_n': 77, 'rsi_lower': 15, 'rsi_upper': 89, 'en_stochastic': False, 'stochastic_n': 16, 'stochastic_d': 29, 'stochastic_lower': 23, 'stochastic_upper': 97, 'en_mfi': True, 'mfi_n': 62, 'mfi_lower': 1, 'mfi_upper': 64, 'en_bollinger': True, 'bollinger_n': 49, 'bollinger_k': 3.9000000000000004, 'en_adx': False, 'adx_n': 90, 'adx_threshold': 45, 'en_structure_trend': False, 'structure_trend_swing_l': 11, 'en_order_block': True, 'order_block_swing_l': 2, 'en_fvg': True, 'fvg_lookback': 50, 'en_ifvg': False, 'en_breaker': False, 'breaker_swing_l': 5, 'en_cisd': True, 'k': 2, 'en_cap_bars': False, 'cap_1min': 1435}.
[I 2026-07-13 15:31:16,657] Trial 1784 pruned. 
[I 2026-07-13 15:31:17,369] Trial 1785 pruned. 
[I 2026-07-13 15:31:19,198] Trial 1786 pruned. 
[I 2026-07-13 15:31:25,393] Trial 1787 finished with values: [-1193.3955726988365, -1913.4147589145555, 29.6] and parameters: {'sl_soft': 0.037570685993033495, 'sl_hard_delta': 0.006655247180609973, 'tp': 0.05957637995357488, 'gate_pct': 99.08068803261627, 'dd_limit': 4.640993551634958, 'cooldown': 3, 'flip': False, 'en_ema_trend': True, 'ema_trend_fast': 62, 'ema_trend_slow': 292, 'en_sma_trend': False, 'sma_trend_fast': 165, 'sma_trend_slow': 85, 'en_macd': False, 'macd_fast': 48, 'macd_slow': 107, 'macd_signal': 100, 'en_vwap': False, 'en_keltner': False, 'keltner_n': 76, 'keltner_m': 1.7000000000000002, 'en_obv': True, 'obv_slope': 49, 'en_cci': False, 'cci_n': 120, 'cci_threshold': 135, 'en_rsi': True, 'rsi_n': 100, 'rsi_lower': 20, 'rsi_upper': 63, 'en_stochastic': False, 'stochastic_n': 43, 'stochastic_d': 37, 'stochastic_lower': 21, 'stochastic_upper': 82, 'en_mfi': True, 'mfi_n': 27, 'mfi_lower': 13, 'mfi_upper': 57, 'en_bollinger': False, 'bollinger_n': 189, 'bollinger_k': 4.6000000000000005, 'en_adx': True, 'adx_n': 16, 'adx_threshold': 10, 'en_structure_trend': True, 'structure_trend_swing_l': 2, 'en_order_block': True, 'order_block_swing_l': 9, 'en_fvg': True, 'fvg_lookback': 33, 'en_ifvg': True, 'en_breaker': False, 'breaker_swing_l': 16, 'en_cisd': True, 'k': 2, 'en_cap_bars': False, 'cap_1min': 1317}.
[I 2026-07-13 15:31:26,894] Trial 1788 pruned. 
[I 2026-07-13 15:31:27,992] Trial 1789 pruned. 
[I 2026-07-13 15:31:31,536] Trial 1790 finished with values: [525.8551236705248, -13002.489896311108, 56.4] and parameters: {'sl_soft': 0.014434431894588548, 'sl_hard_delta': 0.048424782322908935, 'tp': 0.03314312527542716, 'gate_pct': 99.52194572971088, 'dd_limit': 7.953109463330306, 'cooldown': 0, 'flip': True, 'en_ema_trend': False, 'ema_trend_fast': 188, 'ema_trend_slow': 136, 'en_sma_trend': True, 'sma_trend_fast': 145, 'sma_trend_slow': 16, 'en_macd': False, 'macd_fast': 64, 'macd_slow': 21, 'macd_signal': 18, 'en_vwap': True, 'en_keltner': True, 'keltner_n': 56, 'keltner_m': 0.5, 'en_obv': False, 'obv_slope': 72, 'en_cci': True, 'cci_n': 7, 'cci_threshold': 205, 'en_rsi': True, 'rsi_n': 80, 'rsi_lower': 8, 'rsi_upper': 89, 'en_stochastic': False, 'stochastic_n': 27, 'stochastic_d': 2, 'stochastic_lower': 1, 'stochastic_upper': 89, 'en_mfi': False, 'mfi_n': 84, 'mfi_lower': 35, 'mfi_upper': 52, 'en_bollinger': False, 'bollinger_n': 139, 'bollinger_k': 1.4, 'en_adx': False, 'adx_n': 63, 'adx_threshold': 49, 'en_structure_trend': True, 'structure_trend_swing_l': 1, 'en_order_block': True, 'order_block_swing_l': 4, 'en_fvg': False, 'fvg_lookback': 33, 'en_ifvg': True, 'en_breaker': True, 'breaker_swing_l': 15, 'en_cisd': False, 'k': 1, 'en_cap_bars': True, 'cap_1min': 532}.
[I 2026-07-13 15:31:37,103] Trial 1791 finished with values: [-421.81413090554895, -1404.3338505921097, 56.7] and parameters: {'sl_soft': 0.03329247238962443, 'sl_hard_delta': 0.01351865596345161, 'tp': 0.019395224610929157, 'gate_pct': 97.81683336946006, 'dd_limit': 0.23735305616742414, 'cooldown': 21, 'flip': False, 'en_ema_trend': True, 'ema_trend_fast': 108, 'ema_trend_slow': 19, 'en_sma_trend': False, 'sma_trend_fast': 166, 'sma_trend_slow': 245, 'en_macd': False, 'macd_fast': 76, 'macd_slow': 18, 'macd_signal': 6, 'en_vwap': True, 'en_keltner': True, 'keltner_n': 172, 'keltner_m': 4.7, 'en_obv': True, 'obv_slope': 157, 'en_cci': False, 'cci_n': 6, 'cci_threshold': 170, 'en_rsi': False, 'rsi_n': 73, 'rsi_lower': 25, 'rsi_upper': 79, 'en_stochastic': True, 'stochastic_n': 29, 'stochastic_d': 6, 'stochastic_lower': 16, 'stochastic_upper': 51, 'en_mfi': False, 'mfi_n': 13, 'mfi_lower': 2, 'mfi_upper': 79, 'en_bollinger': True, 'bollinger_n': 122, 'bollinger_k': 3.8000000000000003, 'en_adx': False, 'adx_n': 83, 'adx_threshold': 8, 'en_structure_trend': True, 'structure_trend_swing_l': 13, 'en_order_block': True, 'order_block_swing_l': 15, 'en_fvg': False, 'fvg_lookback': 19, 'en_ifvg': False, 'en_breaker': True, 'breaker_swing_l': 20, 'en_cisd': False, 'k': 2, 'en_cap_bars': False, 'cap_1min': 1079}.
[I 2026-07-13 15:31:39,818] Trial 1792 pruned. 
[I 2026-07-13 15:31:40,315] Trial 1793 finished with values: [-97.34642470155208, -815.2735677670009, 43.75] and parameters: {'sl_soft': 0.027249176648190113, 'sl_hard_delta': 0.02177818012851011, 'tp': 0.05019970233381155, 'gate_pct': 98.21870877115913, 'dd_limit': 0.8350241645118831, 'cooldown': 26, 'flip': False, 'en_ema_trend': False, 'ema_trend_fast': 38, 'ema_trend_slow': 60, 'en_sma_trend': False, 'sma_trend_fast': 322, 'sma_trend_slow': 157, 'en_macd': True, 'macd_fast': 52, 'macd_slow': 134, 'macd_signal': 21, 'en_vwap': False, 'en_keltner': False, 'keltner_n': 26, 'keltner_m': 1.3, 'en_obv': True, 'obv_slope': 82, 'en_cci': True, 'cci_n': 107, 'cci_threshold': 220, 'en_rsi': False, 'rsi_n': 16, 'rsi_lower': 47, 'rsi_upper': 65, 'en_stochastic': True, 'stochastic_n': 53, 'stochastic_d': 30, 'stochastic_lower': 7, 'stochastic_upper': 74, 'en_mfi': True, 'mfi_n': 35, 'mfi_lower': 5, 'mfi_upper': 70, 'en_bollinger': False, 'bollinger_n': 120, 'bollinger_k': 3.8000000000000003, 'en_adx': False, 'adx_n': 85, 'adx_threshold': 42, 'en_structure_trend': False, 'structure_trend_swing_l': 1, 'en_order_block': False, 'order_block_swing_l': 12, 'en_fvg': True, 'fvg_lookback': 5, 'en_ifvg': False, 'en_breaker': True, 'breaker_swing_l': 8, 'en_cisd': False, 'k': 4, 'en_cap_bars': True, 'cap_1min': 219}.
[I 2026-07-13 15:31:44,601] Trial 1794 finished with values: [-1139.1608580869315, -2636.8733092338916, 33.65] and parameters: {'sl_soft': 0.018513476468352004, 'sl_hard_delta': 0.05200333531282533, 'tp': 0.04397049370928015, 'gate_pct': 88.56558945005355, 'dd_limit': 8.379964466559938, 'cooldown': 10, 'flip': True, 'en_ema_trend': False, 'ema_trend_fast': 163, 'ema_trend_slow': 30, 'en_sma_trend': True, 'sma_trend_fast': 216, 'sma_trend_slow': 343, 'en_macd': True, 'macd_fast': 34, 'macd_slow': 4, 'macd_signal': 33, 'en_vwap': True, 'en_keltner': True, 'keltner_n': 32, 'keltner_m': 2.5, 'en_obv': True, 'obv_slope': 152, 'en_cci': True, 'cci_n': 102, 'cci_threshold': 285, 'en_rsi': True, 'rsi_n': 62, 'rsi_lower': 16, 'rsi_upper': 59, 'en_stochastic': False, 'stochastic_n': 86, 'stochastic_d': 17, 'stochastic_lower': 14, 'stochastic_upper': 75, 'en_mfi': False, 'mfi_n': 57, 'mfi_lower': 23, 'mfi_upper': 54, 'en_bollinger': True, 'bollinger_n': 78, 'bollinger_k': 1.4, 'en_adx': True, 'adx_n': 34, 'adx_threshold': 5, 'en_structure_trend': False, 'structure_trend_swing_l': 3, 'en_order_block': True, 'order_block_swing_l': 5, 'en_fvg': True, 'fvg_lookback': 12, 'en_ifvg': False, 'en_breaker': True, 'breaker_swing_l': 20, 'en_cisd': True, 'k': 4, 'en_cap_bars': False, 'cap_1min': 694}.
[I 2026-07-13 15:31:46,172] Trial 1795 finished with values: [-111.99618541654735, -1889.6650371168284, 41.9] and parameters: {'sl_soft': 0.011632989549682653, 'sl_hard_delta': 0.020862445993428028, 'tp': 0.04263786134786264, 'gate_pct': 97.66578486655469, 'dd_limit': 3.915453255051588, 'cooldown': 9, 'flip': True, 'en_ema_trend': True, 'ema_trend_fast': 32, 'ema_trend_slow': 158, 'en_sma_trend': False, 'sma_trend_fast': 257, 'sma_trend_slow': 319, 'en_macd': False, 'macd_fast': 9, 'macd_slow': 146, 'macd_signal': 52, 'en_vwap': False, 'en_keltner': True, 'keltner_n': 48, 'keltner_m': 3.1, 'en_obv': True, 'obv_slope': 46, 'en_cci': True, 'cci_n': 166, 'cci_threshold': 145, 'en_rsi': False, 'rsi_n': 72, 'rsi_lower': 47, 'rsi_upper': 90, 'en_stochastic': False, 'stochastic_n': 16, 'stochastic_d': 5, 'stochastic_lower': 32, 'stochastic_upper': 98, 'en_mfi': True, 'mfi_n': 8, 'mfi_lower': 24, 'mfi_upper': 80, 'en_bollinger': True, 'bollinger_n': 14, 'bollinger_k': 3.9000000000000004, 'en_adx': False, 'adx_n': 91, 'adx_threshold': 47, 'en_structure_trend': False, 'structure_trend_swing_l': 11, 'en_order_block': True, 'order_block_swing_l': 16, 'en_fvg': False, 'fvg_lookback': 10, 'en_ifvg': False, 'en_breaker': False, 'breaker_swing_l': 8, 'en_cisd': True, 'k': 3, 'en_cap_bars': True, 'cap_1min': 1435}.
[I 2026-07-13 15:31:46,594] Trial 1796 finished with values: [-701.603323804143, -2361.9938751419786, 47.1] and parameters: {'sl_soft': 0.041034348655901776, 'sl_hard_delta': 0.0019468853745922686, 'tp': 0.042993197645850044, 'gate_pct': 94.70821660915905, 'dd_limit': 9.049701546507107, 'cooldown': 1, 'flip': False, 'en_ema_trend': True, 'ema_trend_fast': 99, 'ema_trend_slow': 64, 'en_sma_trend': False, 'sma_trend_fast': 345, 'sma_trend_slow': 290, 'en_macd': False, 'macd_fast': 56, 'macd_slow': 200, 'macd_signal': 82, 'en_vwap': True, 'en_keltner': False, 'keltner_n': 93, 'keltner_m': 3.3000000000000003, 'en_obv': False, 'obv_slope': 162, 'en_cci': True, 'cci_n': 51, 'cci_threshold': 155, 'en_rsi': False, 'rsi_n': 5, 'rsi_lower': 32, 'rsi_upper': 89, 'en_stochastic': False, 'stochastic_n': 50, 'stochastic_d': 11, 'stochastic_lower': 2, 'stochastic_upper': 93, 'en_mfi': False, 'mfi_n': 43, 'mfi_lower': 19, 'mfi_upper': 67, 'en_bollinger': False, 'bollinger_n': 155, 'bollinger_k': 0.5, 'en_adx': False, 'adx_n': 7, 'adx_threshold': 57, 'en_structure_trend': False, 'structure_trend_swing_l': 1, 'en_order_block': True, 'order_block_swing_l': 1, 'en_fvg': True, 'fvg_lookback': 26, 'en_ifvg': True, 'en_breaker': True, 'breaker_swing_l': 1, 'en_cisd': False, 'k': 4, 'en_cap_bars': True, 'cap_1min': 655}.
[I 2026-07-13 15:31:47,048] Trial 1797 finished with values: [-239.50810159254482, -2327.2135839206953, 46.3] and parameters: {'sl_soft': 0.011632989549682653, 'sl_hard_delta': 0.055023956129631846, 'tp': 0.04927094955011397, 'gate_pct': 97.66578486655469, 'dd_limit': 2.4528084273798805, 'cooldown': 9, 'flip': False, 'en_ema_trend': True, 'ema_trend_fast': 342, 'ema_trend_slow': 182, 'en_sma_trend': False, 'sma_trend_fast': 313, 'sma_trend_slow': 319, 'en_macd': False, 'macd_fast': 10, 'macd_slow': 3, 'macd_signal': 52, 'en_vwap': False, 'en_keltner': True, 'keltner_n': 48, 'keltner_m': 3.1, 'en_obv': True, 'obv_slope': 179, 'en_cci': True, 'cci_n': 166, 'cci_threshold': 145, 'en_rsi': False, 'rsi_n': 72, 'rsi_lower': 47, 'rsi_upper': 58, 'en_stochastic': False, 'stochastic_n': 82, 'stochastic_d': 17, 'stochastic_lower': 32, 'stochastic_upper': 98, 'en_mfi': True, 'mfi_n': 8, 'mfi_lower': 29, 'mfi_upper': 80, 'en_bollinger': True, 'bollinger_n': 155, 'bollinger_k': 2.0, 'en_adx': False, 'adx_n': 91, 'adx_threshold': 47, 'en_structure_trend': False, 'structure_trend_swing_l': 11, 'en_order_block': True, 'order_block_swing_l': 16, 'en_fvg': False, 'fvg_lookback': 19, 'en_ifvg': True, 'en_breaker': False, 'breaker_swing_l': 10, 'en_cisd': True, 'k': 3, 'en_cap_bars': True, 'cap_1min': 878}.
[I 2026-07-13 15:31:53,861] Trial 1798 finished with values: [-2815.395567922874, -5159.966117651748, 26.05] and parameters: {'sl_soft': 0.01989060031961859, 'sl_hard_delta': 0.044588335103533105, 'tp': 0.05957637995357488, 'gate_pct': 96.87387275432529, 'dd_limit': 4.640993551634958, 'cooldown': 0, 'flip': False, 'en_ema_trend': True, 'ema_trend_fast': 62, 'ema_trend_slow': 378, 'en_sma_trend': False, 'sma_trend_fast': 27, 'sma_trend_slow': 85, 'en_macd': True, 'macd_fast': 48, 'macd_slow': 7, 'macd_signal': 100, 'en_vwap': True, 'en_keltner': False, 'keltner_n': 38, 'keltner_m': 1.7000000000000002, 'en_obv': False, 'obv_slope': 49, 'en_cci': True, 'cci_n': 180, 'cci_threshold': 50, 'en_rsi': True, 'rsi_n': 13, 'rsi_lower': 3, 'rsi_upper': 86, 'en_stochastic': False, 'stochastic_n': 96, 'stochastic_d': 37, 'stochastic_lower': 31, 'stochastic_upper': 97, 'en_mfi': True, 'mfi_n': 15, 'mfi_lower': 47, 'mfi_upper': 98, 'en_bollinger': False, 'bollinger_n': 189, 'bollinger_k': 4.6000000000000005, 'en_adx': True, 'adx_n': 7, 'adx_threshold': 25, 'en_structure_trend': True, 'structure_trend_swing_l': 10, 'en_order_block': True, 'order_block_swing_l': 9, 'en_fvg': False, 'fvg_lookback': 48, 'en_ifvg': True, 'en_breaker': True, 'breaker_swing_l': 18, 'en_cisd': True, 'k': 5, 'en_cap_bars': False, 'cap_1min': 713}.
[I 2026-07-13 15:31:55,891] Trial 1799 finished with values: [-157.3462534064341, -2745.717578746252, 50.0] and parameters: {'sl_soft': 0.02987302194047215, 'sl_hard_delta': 0.03235044756259683, 'tp': 0.04397049370928015, 'gate_pct': 88.56558945005355, 'dd_limit': 8.379964466559938, 'cooldown': 0, 'flip': True, 'en_ema_trend': False, 'ema_trend_fast': 213, 'ema_trend_slow': 378, 'en_sma_trend': False, 'sma_trend_fast': 216, 'sma_trend_slow': 30, 'en_macd': False, 'macd_fast': 77, 'macd_slow': 4, 'macd_signal': 28, 'en_vwap': True, 'en_keltner': False, 'keltner_n': 89, 'keltner_m': 1.7000000000000002, 'en_obv': True, 'obv_slope': 132, 'en_cci': True, 'cci_n': 180, 'cci_threshold': 155, 'en_rsi': True, 'rsi_n': 3, 'rsi_lower': 16, 'rsi_upper': 88, 'en_stochastic': False, 'stochastic_n': 86, 'stochastic_d': 38, 'stochastic_lower': 25, 'stochastic_upper': 61, 'en_mfi': True, 'mfi_n': 57, 'mfi_lower': 10, 'mfi_upper': 54, 'en_bollinger': True, 'bollinger_n': 92, 'bollinger_k': 1.4, 'en_adx': False, 'adx_n': 14, 'adx_threshold': 56, 'en_structure_trend': False, 'structure_trend_swing_l': 3, 'en_order_block': True, 'order_block_swing_l': 5, 'en_fvg': False, 'fvg_lookback': 12, 'en_ifvg': False, 'en_breaker': False, 'breaker_swing_l': 20, 'en_cisd': True, 'k': 4, 'en_cap_bars': False, 'cap_1min': 40}.
[I 2026-07-13 15:31:56,300] Trial 1800 finished with values: [1783.611781397436, -2778.9189078353616, 54.4] and parameters: {'sl_soft': 0.04400238837817528, 'sl_hard_delta': 0.03311023092854689, 'tp': 0.0739135300227091, 'gate_pct': 97.00844078669539, 'dd_limit': 9.628020027635628, 'cooldown': 10, 'flip': True, 'en_ema_trend': True, 'ema_trend_fast': 23, 'ema_trend_slow': 133, 'en_sma_trend': True, 'sma_trend_fast': 382, 'sma_trend_slow': 115, 'en_macd': True, 'macd_fast': 38, 'macd_slow': 88, 'macd_signal': 45, 'en_vwap': True, 'en_keltner': False, 'keltner_n': 146, 'keltner_m': 0.8, 'en_obv': False, 'obv_slope': 162, 'en_cci': True, 'cci_n': 67, 'cci_threshold': 30, 'en_rsi': False, 'rsi_n': 74, 'rsi_lower': 5, 'rsi_upper': 74, 'en_stochastic': False, 'stochastic_n': 71, 'stochastic_d': 6, 'stochastic_lower': 2, 'stochastic_upper': 94, 'en_mfi': False, 'mfi_n': 28, 'mfi_lower': 43, 'mfi_upper': 69, 'en_bollinger': True, 'bollinger_n': 37, 'bollinger_k': 3.7, 'en_adx': False, 'adx_n': 53, 'adx_threshold': 42, 'en_structure_trend': True, 'structure_trend_swing_l': 1, 'en_order_block': False, 'order_block_swing_l': 18, 'en_fvg': False, 'fvg_lookback': 50, 'en_ifvg': False, 'en_breaker': True, 'breaker_swing_l': 13, 'en_cisd': True, 'k': 5, 'en_cap_bars': False, 'cap_1min': 495}.
[I 2026-07-13 15:31:56,824] Trial 1801 pruned. 
[I 2026-07-13 15:31:58,949] Trial 1802 finished with values: [-41.54330944054152, -1180.4246074161995, 28.55] and parameters: {'sl_soft': 0.020223052950007456, 'sl_hard_delta': 0.006655247180609973, 'tp': 0.05957637995357488, 'gate_pct': 99.08068803261627, 'dd_limit': 4.640993551634958, 'cooldown': 3, 'flip': True, 'en_ema_trend': True, 'ema_trend_fast': 62, 'ema_trend_slow': 292, 'en_sma_trend': True, 'sma_trend_fast': 389, 'sma_trend_slow': 359, 'en_macd': False, 'macd_fast': 48, 'macd_slow': 60, 'macd_signal': 40, 'en_vwap': True, 'en_keltner': False, 'keltner_n': 178, 'keltner_m': 1.8, 'en_obv': True, 'obv_slope': 49, 'en_cci': True, 'cci_n': 83, 'cci_threshold': 135, 'en_rsi': True, 'rsi_n': 100, 'rsi_lower': 32, 'rsi_upper': 96, 'en_stochastic': True, 'stochastic_n': 46, 'stochastic_d': 38, 'stochastic_lower': 39, 'stochastic_upper': 83, 'en_mfi': True, 'mfi_n': 76, 'mfi_lower': 41, 'mfi_upper': 87, 'en_bollinger': False, 'bollinger_n': 72, 'bollinger_k': 4.6000000000000005, 'en_adx': False, 'adx_n': 27, 'adx_threshold': 54, 'en_structure_trend': True, 'structure_trend_swing_l': 20, 'en_order_block': True, 'order_block_swing_l': 12, 'en_fvg': False, 'fvg_lookback': 48, 'en_ifvg': True, 'en_breaker': False, 'breaker_swing_l': 14, 'en_cisd': True, 'k': 2, 'en_cap_bars': False, 'cap_1min': 1070}.
[I 2026-07-13 15:32:00,425] Trial 1803 finished with values: [-247.20860041574255, -936.5370896682634, 52.25] and parameters: {'sl_soft': 0.015203057816679206, 'sl_hard_delta': 0.03910082354679015, 'tp': 0.028070662961224437, 'gate_pct': 99.95605949198794, 'dd_limit': 0.23735305616742414, 'cooldown': 10, 'flip': False, 'en_ema_trend': True, 'ema_trend_fast': 27, 'ema_trend_slow': 14, 'en_sma_trend': False, 'sma_trend_fast': 32, 'sma_trend_slow': 245, 'en_macd': False, 'macd_fast': 91, 'macd_slow': 22, 'macd_signal': 26, 'en_vwap': True, 'en_keltner': False, 'keltner_n': 172, 'keltner_m': 4.7, 'en_obv': True, 'obv_slope': 157, 'en_cci': True, 'cci_n': 6, 'cci_threshold': 295, 'en_rsi': False, 'rsi_n': 81, 'rsi_lower': 13, 'rsi_upper': 95, 'en_stochastic': False, 'stochastic_n': 88, 'stochastic_d': 6, 'stochastic_lower': 16, 'stochastic_upper': 66, 'en_mfi': False, 'mfi_n': 54, 'mfi_lower': 2, 'mfi_upper': 79, 'en_bollinger': False, 'bollinger_n': 122, 'bollinger_k': 3.7, 'en_adx': False, 'adx_n': 64, 'adx_threshold': 12, 'en_structure_trend': False, 'structure_trend_swing_l': 6, 'en_order_block': True, 'order_block_swing_l': 15, 'en_fvg': False, 'fvg_lookback': 9, 'en_ifvg': False, 'en_breaker': True, 'breaker_swing_l': 16, 'en_cisd': True, 'k': 4, 'en_cap_bars': False, 'cap_1min': 368}.
[I 2026-07-13 15:32:00,841] Trial 1804 pruned. 
[I 2026-07-13 15:32:02,957] Trial 1805 finished with values: [882.7180779847234, -3143.8656797381977, 52.7] and parameters: {'sl_soft': 0.03432736489891091, 'sl_hard_delta': 0.055497368807900425, 'tp': 0.06761136813694733, 'gate_pct': 90.81410949813346, 'dd_limit': 0.7899894121384478, 'cooldown': 9, 'flip': True, 'en_ema_trend': True, 'ema_trend_fast': 40, 'ema_trend_slow': 176, 'en_sma_trend': False, 'sma_trend_fast': 389, 'sma_trend_slow': 141, 'en_macd': True, 'macd_fast': 9, 'macd_slow': 60, 'macd_signal': 82, 'en_vwap': True, 'en_keltner': False, 'keltner_n': 39, 'keltner_m': 4.0, 'en_obv': True, 'obv_slope': 30, 'en_cci': False, 'cci_n': 20, 'cci_threshold': 255, 'en_rsi': False, 'rsi_n': 75, 'rsi_lower': 45, 'rsi_upper': 96, 'en_stochastic': False, 'stochastic_n': 43, 'stochastic_d': 27, 'stochastic_lower': 31, 'stochastic_upper': 72, 'en_mfi': False, 'mfi_n': 62, 'mfi_lower': 1, 'mfi_upper': 64, 'en_bollinger': True, 'bollinger_n': 49, 'bollinger_k': 3.9000000000000004, 'en_adx': False, 'adx_n': 90, 'adx_threshold': 45, 'en_structure_trend': False, 'structure_trend_swing_l': 2, 'en_order_block': True, 'order_block_swing_l': 2, 'en_fvg': True, 'fvg_lookback': 48, 'en_ifvg': False, 'en_breaker': True, 'breaker_swing_l': 5, 'en_cisd': True, 'k': 2, 'en_cap_bars': True, 'cap_1min': 1435}.
[I 2026-07-13 15:32:05,510] Trial 1806 pruned. 
[I 2026-07-13 15:32:06,287] Trial 1807 pruned. 
[I 2026-07-13 15:32:06,484] Trial 1808 pruned. 
[I 2026-07-13 15:32:15,632] Trial 1809 finished with values: [-440.5692994895638, -4437.97253954493, 50.849999999999994] and parameters: {'sl_soft': 0.034454793278025315, 'sl_hard_delta': 0.04000671936357235, 'tp': 0.06466351711838181, 'gate_pct': 87.84603704995507, 'dd_limit': 4.667357421566379, 'cooldown': 2, 'flip': True, 'en_ema_trend': True, 'ema_trend_fast': 206, 'ema_trend_slow': 19, 'en_sma_trend': False, 'sma_trend_fast': 262, 'sma_trend_slow': 14, 'en_macd': True, 'macd_fast': 10, 'macd_slow': 196, 'macd_signal': 25, 'en_vwap': False, 'en_keltner': True, 'keltner_n': 172, 'keltner_m': 1.3, 'en_obv': False, 'obv_slope': 197, 'en_cci': True, 'cci_n': 88, 'cci_threshold': 295, 'en_rsi': True, 'rsi_n': 46, 'rsi_lower': 16, 'rsi_upper': 72, 'en_stochastic': True, 'stochastic_n': 39, 'stochastic_d': 6, 'stochastic_lower': 31, 'stochastic_upper': 78, 'en_mfi': False, 'mfi_n': 68, 'mfi_lower': 18, 'mfi_upper': 93, 'en_bollinger': True, 'bollinger_n': 70, 'bollinger_k': 3.5, 'en_adx': False, 'adx_n': 64, 'adx_threshold': 24, 'en_structure_trend': False, 'structure_trend_swing_l': 9, 'en_order_block': True, 'order_block_swing_l': 15, 'en_fvg': True, 'fvg_lookback': 44, 'en_ifvg': False, 'en_breaker': False, 'breaker_swing_l': 15, 'en_cisd': False, 'k': 1, 'en_cap_bars': True, 'cap_1min': 1237}.
