[I 2026-07-13 15:25:08,310] Trial 1580 pruned. 
[I 2026-07-13 15:25:09,501] Trial 1581 pruned. 
[I 2026-07-13 15:25:09,912] Trial 1582 pruned. 
[I 2026-07-13 15:25:10,929] Trial 1583 pruned. 
[I 2026-07-13 15:25:12,187] Trial 1584 pruned. 
[I 2026-07-13 15:25:13,273] Trial 1585 pruned. 
[I 2026-07-13 15:25:14,940] Trial 1586 pruned. 
[I 2026-07-13 15:25:15,995] Trial 1587 pruned. 
[I 2026-07-13 15:25:18,090] Trial 1588 pruned. 
[I 2026-07-13 15:25:18,550] Trial 1589 pruned. 
[I 2026-07-13 15:25:19,844] Trial 1590 pruned. 
[I 2026-07-13 15:25:21,519] Trial 1591 pruned. 
[I 2026-07-13 15:25:24,409] Trial 1592 finished with values: [-301.2060179103494, -2291.2197457521806, 74.4] and parameters: {'sl_soft': 0.04394141371603765, 'sl_hard_delta': 0.054945742252223054, 'tp': 0.022271566368158947, 'gate_pct': 83.00353395016643, 'dd_limit': 8.294324465484438, 'cooldown': 5, 'flip': True, 'en_ema_trend': True, 'ema_trend_fast': 365, 'ema_trend_slow': 88, 'en_sma_trend': True, 'sma_trend_fast': 377, 'sma_trend_slow': 100, 'en_macd': True, 'macd_fast': 93, 'macd_slow': 23, 'macd_signal': 48, 'en_vwap': False, 'en_keltner': False, 'keltner_n': 7, 'keltner_m': 2.4000000000000004, 'en_obv': False, 'obv_slope': 183, 'en_cci': False, 'cci_n': 13, 'cci_threshold': 75, 'en_rsi': False, 'rsi_n': 17, 'rsi_lower': 19, 'rsi_upper': 87, 'en_stochastic': False, 'stochastic_n': 19, 'stochastic_d': 20, 'stochastic_lower': 36, 'stochastic_upper': 77, 'en_mfi': True, 'mfi_n': 93, 'mfi_lower': 45, 'mfi_upper': 74, 'en_bollinger': False, 'bollinger_n': 160, 'bollinger_k': 5.0, 'en_adx': False, 'adx_n': 50, 'adx_threshold': 29, 'en_structure_trend': False, 'structure_trend_swing_l': 13, 'en_order_block': True, 'order_block_swing_l': 15, 'en_fvg': False, 'fvg_lookback': 15, 'en_ifvg': False, 'en_breaker': False, 'breaker_swing_l': 11, 'en_cisd': True, 'k': 2, 'en_cap_bars': True, 'cap_1min': 1069}.
[I 2026-07-13 15:25:26,030] Trial 1593 pruned. 
[I 2026-07-13 15:25:27,039] Trial 1594 pruned. 
[I 2026-07-13 15:25:29,754] Trial 1595 pruned. 
[I 2026-07-13 15:25:30,815] Trial 1596 pruned. 
[I 2026-07-13 15:25:33,075] Trial 1597 pruned. 
[I 2026-07-13 15:25:40,996] Trial 1598 finished with values: [-240.01648858201105, -1650.3128955568513, 39.75] and parameters: {'sl_soft': 0.020223052950007456, 'sl_hard_delta': 0.05548078184580931, 'tp': 0.06208021483176965, 'gate_pct': 92.19089370417204, 'dd_limit': 7.533717473698608, 'cooldown': 3, 'flip': True, 'en_ema_trend': True, 'ema_trend_fast': 148, 'ema_trend_slow': 52, 'en_sma_trend': True, 'sma_trend_fast': 198, 'sma_trend_slow': 359, 'en_macd': False, 'macd_fast': 47, 'macd_slow': 15, 'macd_signal': 40, 'en_vwap': True, 'en_keltner': False, 'keltner_n': 178, 'keltner_m': 1.8, 'en_obv': True, 'obv_slope': 57, 'en_cci': True, 'cci_n': 39, 'cci_threshold': 60, 'en_rsi': True, 'rsi_n': 53, 'rsi_lower': 32, 'rsi_upper': 85, 'en_stochastic': True, 'stochastic_n': 46, 'stochastic_d': 38, 'stochastic_lower': 39, 'stochastic_upper': 83, 'en_mfi': True, 'mfi_n': 76, 'mfi_lower': 47, 'mfi_upper': 87, 'en_bollinger': False, 'bollinger_n': 72, 'bollinger_k': 3.1, 'en_adx': False, 'adx_n': 27, 'adx_threshold': 54, 'en_structure_trend': True, 'structure_trend_swing_l': 20, 'en_order_block': True, 'order_block_swing_l': 12, 'en_fvg': False, 'fvg_lookback': 9, 'en_ifvg': False, 'en_breaker': False, 'breaker_swing_l': 14, 'en_cisd': True, 'k': 3, 'en_cap_bars': False, 'cap_1min': 1396}.
[I 2026-07-13 15:25:42,776] Trial 1599 pruned. 
[I 2026-07-13 15:25:42,973] Trial 1600 pruned. 
[I 2026-07-13 15:25:45,429] Trial 1601 pruned. 
[I 2026-07-13 15:25:46,617] Trial 1602 pruned. 
[I 2026-07-13 15:25:46,882] Trial 1603 pruned. 
[I 2026-07-13 15:25:48,520] Trial 1604 pruned. 
[I 2026-07-13 15:25:49,793] Trial 1605 pruned. 
[I 2026-07-13 15:25:53,835] Trial 1606 finished with values: [586.3761725984778, -8809.103722837188, 52.25] and parameters: {'sl_soft': 0.034454793278025315, 'sl_hard_delta': 0.04000671936357235, 'tp': 0.06466351711838181, 'gate_pct': 90.97354990533721, 'dd_limit': 4.866210487643857, 'cooldown': 2, 'flip': True, 'en_ema_trend': True, 'ema_trend_fast': 101, 'ema_trend_slow': 19, 'en_sma_trend': False, 'sma_trend_fast': 262, 'sma_trend_slow': 192, 'en_macd': True, 'macd_fast': 10, 'macd_slow': 196, 'macd_signal': 25, 'en_vwap': False, 'en_keltner': True, 'keltner_n': 189, 'keltner_m': 1.3, 'en_obv': False, 'obv_slope': 197, 'en_cci': False, 'cci_n': 88, 'cci_threshold': 35, 'en_rsi': False, 'rsi_n': 46, 'rsi_lower': 16, 'rsi_upper': 67, 'en_stochastic': False, 'stochastic_n': 87, 'stochastic_d': 45, 'stochastic_lower': 31, 'stochastic_upper': 78, 'en_mfi': False, 'mfi_n': 68, 'mfi_lower': 18, 'mfi_upper': 93, 'en_bollinger': True, 'bollinger_n': 70, 'bollinger_k': 3.5, 'en_adx': False, 'adx_n': 32, 'adx_threshold': 14, 'en_structure_trend': False, 'structure_trend_swing_l': 10, 'en_order_block': True, 'order_block_swing_l': 15, 'en_fvg': True, 'fvg_lookback': 44, 'en_ifvg': True, 'en_breaker': True, 'breaker_swing_l': 6, 'en_cisd': False, 'k': 1, 'en_cap_bars': True, 'cap_1min': 1237}.
[I 2026-07-13 15:25:55,132] Trial 1607 pruned. 
[I 2026-07-13 15:25:56,065] Trial 1608 pruned. 
[I 2026-07-13 15:25:57,179] Trial 1609 pruned. 
[I 2026-07-13 15:25:57,802] Trial 1610 pruned. 
[I 2026-07-13 15:25:59,613] Trial 1611 pruned. 
[I 2026-07-13 15:26:00,565] Trial 1612 pruned. 
[I 2026-07-13 15:26:01,787] Trial 1613 pruned. 
[I 2026-07-13 15:26:02,794] Trial 1614 pruned. 
[I 2026-07-13 15:26:03,708] Trial 1615 pruned. 
[I 2026-07-13 15:26:05,120] Trial 1616 pruned. 
[I 2026-07-13 15:26:06,716] Trial 1617 pruned. 
[I 2026-07-13 15:26:09,028] Trial 1618 pruned. 
[I 2026-07-13 15:26:10,397] Trial 1619 pruned. 
[I 2026-07-13 15:26:11,230] Trial 1620 pruned. 
[I 2026-07-13 15:26:13,538] Trial 1621 pruned. 
[I 2026-07-13 15:26:15,028] Trial 1622 pruned. 
[I 2026-07-13 15:26:17,238] Trial 1623 pruned. 
[I 2026-07-13 15:26:18,369] Trial 1624 pruned. 
[I 2026-07-13 15:26:20,625] Trial 1625 pruned. 
[I 2026-07-13 15:26:21,560] Trial 1626 pruned. 
[I 2026-07-13 15:26:22,991] Trial 1627 pruned. 
[I 2026-07-13 15:26:23,564] Trial 1628 pruned. 
[I 2026-07-13 15:26:25,608] Trial 1629 pruned. 
[I 2026-07-13 15:26:27,762] Trial 1630 pruned. 
[I 2026-07-13 15:26:28,061] Trial 1631 pruned. 
[I 2026-07-13 15:26:29,586] Trial 1632 pruned. 
[I 2026-07-13 15:26:30,008] Trial 1633 pruned. 
[I 2026-07-13 15:26:31,815] Trial 1634 pruned. 
[I 2026-07-13 15:26:33,244] Trial 1635 pruned. 
[I 2026-07-13 15:26:34,653] Trial 1636 pruned. 
[I 2026-07-13 15:26:36,148] Trial 1637 pruned. 
[I 2026-07-13 15:26:36,370] Trial 1638 pruned. 
[I 2026-07-13 15:26:37,709] Trial 1639 pruned. 
[I 2026-07-13 15:26:37,906] Trial 1640 pruned. 
[I 2026-07-13 15:26:39,375] Trial 1641 pruned. 
[I 2026-07-13 15:26:39,898] Trial 1642 pruned. 
[I 2026-07-13 15:26:41,285] Trial 1643 pruned. 
[I 2026-07-13 15:26:43,311] Trial 1644 pruned. 
[I 2026-07-13 15:26:44,131] Trial 1645 pruned. 
[I 2026-07-13 15:26:44,943] Trial 1646 pruned. 
[I 2026-07-13 15:26:46,700] Trial 1647 pruned. 
[I 2026-07-13 15:26:47,642] Trial 1648 pruned. 
[I 2026-07-13 15:26:48,616] Trial 1649 pruned. 
[I 2026-07-13 15:26:52,734] Trial 1650 finished with values: [-65.06947993875247, -3346.6255594859704, 43.75] and parameters: {'sl_soft': 0.034090168114769656, 'sl_hard_delta': 0.006334819825082638, 'tp': 0.054342452629850505, 'gate_pct': 99.87519113241727, 'dd_limit': 9.028715067859354, 'cooldown': 2, 'flip': True, 'en_ema_trend': True, 'ema_trend_fast': 8, 'ema_trend_slow': 55, 'en_sma_trend': True, 'sma_trend_fast': 61, 'sma_trend_slow': 324, 'en_macd': False, 'macd_fast': 93, 'macd_slow': 49, 'macd_signal': 75, 'en_vwap': True, 'en_keltner': True, 'keltner_n': 124, 'keltner_m': 4.8, 'en_obv': True, 'obv_slope': 167, 'en_cci': True, 'cci_n': 11, 'cci_threshold': 80, 'en_rsi': False, 'rsi_n': 62, 'rsi_lower': 40, 'rsi_upper': 93, 'en_stochastic': False, 'stochastic_n': 91, 'stochastic_d': 9, 'stochastic_lower': 1, 'stochastic_upper': 91, 'en_mfi': True, 'mfi_n': 46, 'mfi_lower': 11, 'mfi_upper': 54, 'en_bollinger': True, 'bollinger_n': 192, 'bollinger_k': 4.1, 'en_adx': False, 'adx_n': 16, 'adx_threshold': 14, 'en_structure_trend': True, 'structure_trend_swing_l': 13, 'en_order_block': True, 'order_block_swing_l': 16, 'en_fvg': True, 'fvg_lookback': 29, 'en_ifvg': False, 'en_breaker': True, 'breaker_swing_l': 3, 'en_cisd': False, 'k': 5, 'en_cap_bars': False, 'cap_1min': 220}.
[I 2026-07-13 15:26:53,919] Trial 1651 pruned. 
[I 2026-07-13 15:26:55,837] Trial 1652 pruned. 
[I 2026-07-13 15:26:56,986] Trial 1653 pruned. 
[I 2026-07-13 15:26:57,308] Trial 1654 pruned. 
[I 2026-07-13 15:26:58,571] Trial 1655 pruned. 
[I 2026-07-13 15:26:59,191] Trial 1656 pruned. 
[I 2026-07-13 15:27:01,243] Trial 1657 pruned. 
[I 2026-07-13 15:27:02,516] Trial 1658 pruned. 
[I 2026-07-13 15:27:03,859] Trial 1659 pruned. 
[I 2026-07-13 15:27:04,976] Trial 1660 pruned. 
[I 2026-07-13 15:27:06,228] Trial 1661 pruned. 
[I 2026-07-13 15:27:07,225] Trial 1662 pruned. 
[I 2026-07-13 15:27:08,719] Trial 1663 pruned. 
[I 2026-07-13 15:27:10,441] Trial 1664 pruned. 
[I 2026-07-13 15:27:10,932] Trial 1665 pruned. 
[I 2026-07-13 15:27:12,393] Trial 1666 pruned. 
[I 2026-07-13 15:27:13,551] Trial 1667 pruned. 
[I 2026-07-13 15:27:14,292] Trial 1668 pruned. 
[I 2026-07-13 15:27:15,456] Trial 1669 pruned. 
[I 2026-07-13 15:27:19,819] Trial 1670 finished with values: [-239.50810159254482, -2327.2135839206953, 46.3] and parameters: {'sl_soft': 0.011632989549682653, 'sl_hard_delta': 0.055023956129631846, 'tp': 0.04927094955011397, 'gate_pct': 97.66578486655469, 'dd_limit': 2.4528084273798805, 'cooldown': 9, 'flip': False, 'en_ema_trend': True, 'ema_trend_fast': 342, 'ema_trend_slow': 182, 'en_sma_trend': False, 'sma_trend_fast': 313, 'sma_trend_slow': 319, 'en_macd': False, 'macd_fast': 10, 'macd_slow': 3, 'macd_signal': 52, 'en_vwap': False, 'en_keltner': True, 'keltner_n': 48, 'keltner_m': 3.1, 'en_obv': True, 'obv_slope': 179, 'en_cci': True, 'cci_n': 166, 'cci_threshold': 145, 'en_rsi': False, 'rsi_n': 72, 'rsi_lower': 47, 'rsi_upper': 58, 'en_stochastic': False, 'stochastic_n': 82, 'stochastic_d': 17, 'stochastic_lower': 32, 'stochastic_upper': 98, 'en_mfi': True, 'mfi_n': 8, 'mfi_lower': 29, 'mfi_upper': 80, 'en_bollinger': True, 'bollinger_n': 155, 'bollinger_k': 2.0, 'en_adx': False, 'adx_n': 91, 'adx_threshold': 47, 'en_structure_trend': False, 'structure_trend_swing_l': 11, 'en_order_block': True, 'order_block_swing_l': 16, 'en_fvg': False, 'fvg_lookback': 19, 'en_ifvg': True, 'en_breaker': False, 'breaker_swing_l': 10, 'en_cisd': True, 'k': 3, 'en_cap_bars': True, 'cap_1min': 878}.
[I 2026-07-13 15:27:21,705] Trial 1671 pruned. 
[I 2026-07-13 15:27:22,697] Trial 1672 pruned. 
[I 2026-07-13 15:27:23,887] Trial 1673 pruned. 
[I 2026-07-13 15:27:24,956] Trial 1674 pruned. 
[I 2026-07-13 15:27:27,053] Trial 1675 pruned. 
[I 2026-07-13 15:27:28,669] Trial 1676 pruned. 
[I 2026-07-13 15:27:30,516] Trial 1677 pruned. 
[I 2026-07-13 15:27:31,661] Trial 1678 pruned. 
[I 2026-07-13 15:27:33,524] Trial 1679 pruned. 
[I 2026-07-13 15:27:33,856] Trial 1680 pruned. 
[I 2026-07-13 15:27:34,915] Trial 1681 pruned. 
[I 2026-07-13 15:27:36,791] Trial 1682 pruned. 
[I 2026-07-13 15:27:37,915] Trial 1683 pruned. 
[I 2026-07-13 15:27:38,879] Trial 1684 pruned. 
[I 2026-07-13 15:27:40,076] Trial 1685 pruned. 
[I 2026-07-13 15:27:41,209] Trial 1686 pruned. 
[I 2026-07-13 15:27:42,696] Trial 1687 pruned. 
[I 2026-07-13 15:27:43,288] Trial 1688 pruned. 
[I 2026-07-13 15:27:44,506] Trial 1689 pruned. 
[I 2026-07-13 15:27:45,789] Trial 1690 pruned. 
[I 2026-07-13 15:27:46,372] Trial 1691 pruned. 
[I 2026-07-13 15:27:47,191] Trial 1692 pruned. 
[I 2026-07-13 15:27:48,341] Trial 1693 pruned. 
[I 2026-07-13 15:27:50,301] Trial 1694 pruned. 
[I 2026-07-13 15:27:51,082] Trial 1695 pruned. 
[I 2026-07-13 15:27:52,376] Trial 1696 pruned. 
[I 2026-07-13 15:27:53,233] Trial 1697 pruned. 
[I 2026-07-13 15:27:54,746] Trial 1698 pruned. 
[I 2026-07-13 15:27:55,778] Trial 1699 pruned. 
[I 2026-07-13 15:27:57,320] Trial 1700 pruned. 
[I 2026-07-13 15:27:59,214] Trial 1701 pruned. 
[I 2026-07-13 15:27:59,639] Trial 1702 pruned. 
[I 2026-07-13 15:28:00,203] Trial 1703 pruned. 
[I 2026-07-13 15:28:00,793] Trial 1704 pruned. 
[I 2026-07-13 15:28:14,259] Trial 1705 finished with values: [-488.8356944794836, -1341.6850281956981, 39.55] and parameters: {'sl_soft': 0.0254823295583039, 'sl_hard_delta': 0.011714767199095397, 'tp': 0.03560563108992888, 'gate_pct': 99.43810192295578, 'dd_limit': 5.937758572987326, 'cooldown': 9, 'flip': False, 'en_ema_trend': False, 'ema_trend_fast': 213, 'ema_trend_slow': 100, 'en_sma_trend': True, 'sma_trend_fast': 81, 'sma_trend_slow': 336, 'en_macd': False, 'macd_fast': 55, 'macd_slow': 125, 'macd_signal': 6, 'en_vwap': True, 'en_keltner': True, 'keltner_n': 33, 'keltner_m': 2.3, 'en_obv': True, 'obv_slope': 26, 'en_cci': False, 'cci_n': 172, 'cci_threshold': 130, 'en_rsi': False, 'rsi_n': 14, 'rsi_lower': 49, 'rsi_upper': 52, 'en_stochastic': True, 'stochastic_n': 89, 'stochastic_d': 25, 'stochastic_lower': 26, 'stochastic_upper': 66, 'en_mfi': False, 'mfi_n': 14, 'mfi_lower': 19, 'mfi_upper': 78, 'en_bollinger': True, 'bollinger_n': 2, 'bollinger_k': 3.8000000000000003, 'en_adx': True, 'adx_n': 5, 'adx_threshold': 13, 'en_structure_trend': False, 'structure_trend_swing_l': 18, 'en_order_block': False, 'order_block_swing_l': 5, 'en_fvg': True, 'fvg_lookback': 22, 'en_ifvg': True, 'en_breaker': False, 'breaker_swing_l': 7, 'en_cisd': False, 'k': 4, 'en_cap_bars': True, 'cap_1min': 457}.
[I 2026-07-13 15:28:15,898] Trial 1706 pruned. 
[I 2026-07-13 15:28:17,954] Trial 1707 pruned. 
[I 2026-07-13 15:28:19,086] Trial 1708 pruned. 
[I 2026-07-13 15:28:20,270] Trial 1709 pruned. 
[I 2026-07-13 15:28:20,783] Trial 1710 pruned. 
[I 2026-07-13 15:28:22,030] Trial 1711 pruned. 
[I 2026-07-13 15:28:23,578] Trial 1712 pruned. 
[I 2026-07-13 15:28:24,845] Trial 1713 pruned. 
[I 2026-07-13 15:28:26,631] Trial 1714 pruned. 
[I 2026-07-13 15:28:27,785] Trial 1715 pruned. 
[I 2026-07-13 15:28:30,267] Trial 1716 pruned. 
[I 2026-07-13 15:28:32,224] Trial 1717 pruned. 
[I 2026-07-13 15:28:33,091] Trial 1718 pruned. 
[I 2026-07-13 15:28:33,441] Trial 1719 pruned. 
[I 2026-07-13 15:28:33,559] Trial 1720 pruned. 
[I 2026-07-13 15:28:35,387] Trial 1721 pruned. 
[I 2026-07-13 15:28:36,240] Trial 1722 pruned. 
[I 2026-07-13 15:28:37,462] Trial 1723 pruned. 
[I 2026-07-13 15:28:39,599] Trial 1724 pruned. 
[I 2026-07-13 15:28:40,958] Trial 1725 pruned. 
[I 2026-07-13 15:28:47,380] Trial 1726 finished with values: [-321.8272863181149, -3050.983127709941, 48.85] and parameters: {'sl_soft': 0.04015891375133001, 'sl_hard_delta': 0.027653530354064593, 'tp': 0.06792781551200776, 'gate_pct': 96.32228971467272, 'dd_limit': 7.808909927427094, 'cooldown': 7, 'flip': True, 'en_ema_trend': True, 'ema_trend_fast': 302, 'ema_trend_slow': 229, 'en_sma_trend': True, 'sma_trend_fast': 270, 'sma_trend_slow': 218, 'en_macd': False, 'macd_fast': 34, 'macd_slow': 33, 'macd_signal': 34, 'en_vwap': True, 'en_keltner': False, 'keltner_n': 69, 'keltner_m': 2.4000000000000004, 'en_obv': True, 'obv_slope': 81, 'en_cci': False, 'cci_n': 172, 'cci_threshold': 290, 'en_rsi': False, 'rsi_n': 83, 'rsi_lower': 25, 'rsi_upper': 80, 'en_stochastic': False, 'stochastic_n': 39, 'stochastic_d': 39, 'stochastic_lower': 15, 'stochastic_upper': 71, 'en_mfi': True, 'mfi_n': 95, 'mfi_lower': 26, 'mfi_upper': 96, 'en_bollinger': True, 'bollinger_n': 80, 'bollinger_k': 3.3000000000000003, 'en_adx': False, 'adx_n': 16, 'adx_threshold': 24, 'en_structure_trend': True, 'structure_trend_swing_l': 14, 'en_order_block': True, 'order_block_swing_l': 10, 'en_fvg': False, 'fvg_lookback': 21, 'en_ifvg': False, 'en_breaker': True, 'breaker_swing_l': 18, 'en_cisd': True, 'k': 5, 'en_cap_bars': False, 'cap_1min': 104}.
[I 2026-07-13 15:28:49,612] Trial 1727 pruned. 
[I 2026-07-13 15:28:50,175] Trial 1728 pruned. 
[I 2026-07-13 15:28:57,830] Trial 1729 finished with values: [-636.3264984837082, -3441.2015622515214, 55.25] and parameters: {'sl_soft': 0.018513476468352004, 'sl_hard_delta': 0.051441846625782224, 'tp': 0.04310895339616867, 'gate_pct': 99.2091305706916, 'dd_limit': 1.1085214524927745, 'cooldown': 8, 'flip': True, 'en_ema_trend': False, 'ema_trend_fast': 399, 'ema_trend_slow': 26, 'en_sma_trend': False, 'sma_trend_fast': 288, 'sma_trend_slow': 48, 'en_macd': True, 'macd_fast': 34, 'macd_slow': 173, 'macd_signal': 58, 'en_vwap': True, 'en_keltner': True, 'keltner_n': 32, 'keltner_m': 4.7, 'en_obv': False, 'obv_slope': 152, 'en_cci': False, 'cci_n': 125, 'cci_threshold': 25, 'en_rsi': False, 'rsi_n': 62, 'rsi_lower': 30, 'rsi_upper': 59, 'en_stochastic': True, 'stochastic_n': 17, 'stochastic_d': 26, 'stochastic_lower': 36, 'stochastic_upper': 83, 'en_mfi': False, 'mfi_n': 16, 'mfi_lower': 49, 'mfi_upper': 89, 'en_bollinger': True, 'bollinger_n': 78, 'bollinger_k': 3.3000000000000003, 'en_adx': False, 'adx_n': 34, 'adx_threshold': 5, 'en_structure_trend': False, 'structure_trend_swing_l': 6, 'en_order_block': False, 'order_block_swing_l': 6, 'en_fvg': True, 'fvg_lookback': 34, 'en_ifvg': False, 'en_breaker': True, 'breaker_swing_l': 3, 'en_cisd': False, 'k': 4, 'en_cap_bars': True, 'cap_1min': 540}.
[I 2026-07-13 15:28:58,373] Trial 1730 finished with values: [-880.4153731286668, -3878.005990359271, 42.5] and parameters: {'sl_soft': 0.033675354602707396, 'sl_hard_delta': 0.03312734146039311, 'tp': 0.07052143244673346, 'gate_pct': 91.21620031722058, 'dd_limit': 4.072380669921269, 'cooldown': 3, 'flip': True, 'en_ema_trend': False, 'ema_trend_fast': 94, 'ema_trend_slow': 53, 'en_sma_trend': True, 'sma_trend_fast': 123, 'sma_trend_slow': 326, 'en_macd': True, 'macd_fast': 6, 'macd_slow': 97, 'macd_signal': 38, 'en_vwap': False, 'en_keltner': True, 'keltner_n': 88, 'keltner_m': 1.4, 'en_obv': True, 'obv_slope': 51, 'en_cci': True, 'cci_n': 27, 'cci_threshold': 45, 'en_rsi': True, 'rsi_n': 100, 'rsi_lower': 38, 'rsi_upper': 68, 'en_stochastic': False, 'stochastic_n': 93, 'stochastic_d': 47, 'stochastic_lower': 24, 'stochastic_upper': 89, 'en_mfi': False, 'mfi_n': 17, 'mfi_lower': 47, 'mfi_upper': 68, 'en_bollinger': False, 'bollinger_n': 13, 'bollinger_k': 2.4000000000000004, 'en_adx': True, 'adx_n': 5, 'adx_threshold': 44, 'en_structure_trend': True, 'structure_trend_swing_l': 16, 'en_order_block': False, 'order_block_swing_l': 15, 'en_fvg': False, 'fvg_lookback': 1, 'en_ifvg': False, 'en_breaker': True, 'breaker_swing_l': 17, 'en_cisd': False, 'k': 2, 'en_cap_bars': True, 'cap_1min': 306}.
[I 2026-07-13 15:28:59,403] Trial 1731 pruned. 
[I 2026-07-13 15:29:04,279] Trial 1732 finished with values: [-21.464906844013512, -3406.3530367613757, 60.05] and parameters: {'sl_soft': 0.019818244244465925, 'sl_hard_delta': 0.028428697055377993, 'tp': 0.028560602836268517, 'gate_pct': 99.47218267450155, 'dd_limit': 4.667357421566379, 'cooldown': 6, 'flip': True, 'en_ema_trend': True, 'ema_trend_fast': 35, 'ema_trend_slow': 180, 'en_sma_trend': False, 'sma_trend_fast': 353, 'sma_trend_slow': 141, 'en_macd': True, 'macd_fast': 39, 'macd_slow': 96, 'macd_signal': 82, 'en_vwap': False, 'en_keltner': True, 'keltner_n': 39, 'keltner_m': 1.9000000000000001, 'en_obv': True, 'obv_slope': 72, 'en_cci': True, 'cci_n': 4, 'cci_threshold': 300, 'en_rsi': True, 'rsi_n': 50, 'rsi_lower': 15, 'rsi_upper': 89, 'en_stochastic': False, 'stochastic_n': 77, 'stochastic_d': 29, 'stochastic_lower': 23, 'stochastic_upper': 97, 'en_mfi': True, 'mfi_n': 83, 'mfi_lower': 1, 'mfi_upper': 64, 'en_bollinger': True, 'bollinger_n': 49, 'bollinger_k': 2.1, 'en_adx': False, 'adx_n': 41, 'adx_threshold': 24, 'en_structure_trend': False, 'structure_trend_swing_l': 11, 'en_order_block': True, 'order_block_swing_l': 4, 'en_fvg': True, 'fvg_lookback': 27, 'en_ifvg': False, 'en_breaker': False, 'breaker_swing_l': 16, 'en_cisd': True, 'k': 1, 'en_cap_bars': True, 'cap_1min': 1254}.
[I 2026-07-13 15:29:10,602] Trial 1733 finished with values: [-538.0442435298783, -4218.025520159969, 53.400000000000006] and parameters: {'sl_soft': 0.034454793278025315, 'sl_hard_delta': 0.04000671936357235, 'tp': 0.06466351711838181, 'gate_pct': 90.97354990533721, 'dd_limit': 0.23735305616742414, 'cooldown': 2, 'flip': True, 'en_ema_trend': True, 'ema_trend_fast': 206, 'ema_trend_slow': 19, 'en_sma_trend': False, 'sma_trend_fast': 262, 'sma_trend_slow': 245, 'en_macd': True, 'macd_fast': 10, 'macd_slow': 196, 'macd_signal': 25, 'en_vwap': True, 'en_keltner': True, 'keltner_n': 172, 'keltner_m': 4.7, 'en_obv': False, 'obv_slope': 197, 'en_cci': True, 'cci_n': 88, 'cci_threshold': 295, 'en_rsi': False, 'rsi_n': 46, 'rsi_lower': 16, 'rsi_upper': 72, 'en_stochastic': True, 'stochastic_n': 24, 'stochastic_d': 6, 'stochastic_lower': 31, 'stochastic_upper': 78, 'en_mfi': False, 'mfi_n': 68, 'mfi_lower': 2, 'mfi_upper': 93, 'en_bollinger': True, 'bollinger_n': 122, 'bollinger_k': 3.5, 'en_adx': False, 'adx_n': 64, 'adx_threshold': 12, 'en_structure_trend': True, 'structure_trend_swing_l': 13, 'en_order_block': True, 'order_block_swing_l': 15, 'en_fvg': True, 'fvg_lookback': 44, 'en_ifvg': False, 'en_breaker': True, 'breaker_swing_l': 15, 'en_cisd': False, 'k': 1, 'en_cap_bars': True, 'cap_1min': 483}.
