[I 2026-07-13 15:51:49,157] Trial 2698 finished with values: [2519.148153460744, -5280.2593402012835, 36.75] and parameters: {'sl_soft': 0.010118579279263403, 'sl_hard_delta': 0.02515171303306487, 'tp': 0.06597500573834292, 'gate_pct': 96.82972780322679, 'dd_limit': 9.50807718589736, 'cooldown': 2, 'flip': True, 'en_ema_trend': True, 'ema_trend_fast': 62, 'ema_trend_slow': 19, 'en_sma_trend': False, 'sma_trend_fast': 389, 'sma_trend_slow': 192, 'en_macd': False, 'macd_fast': 53, 'macd_slow': 88, 'macd_signal': 61, 'en_vwap': False, 'en_keltner': False, 'keltner_n': 178, 'keltner_m': 2.1, 'en_obv': True, 'obv_slope': 49, 'en_cci': True, 'cci_n': 83, 'cci_threshold': 75, 'en_rsi': True, 'rsi_n': 46, 'rsi_lower': 31, 'rsi_upper': 89, 'en_stochastic': False, 'stochastic_n': 71, 'stochastic_d': 6, 'stochastic_lower': 39, 'stochastic_upper': 78, 'en_mfi': True, 'mfi_n': 76, 'mfi_lower': 29, 'mfi_upper': 93, 'en_bollinger': True, 'bollinger_n': 134, 'bollinger_k': 5.0, 'en_adx': False, 'adx_n': 73, 'adx_threshold': 54, 'en_structure_trend': False, 'structure_trend_swing_l': 12, 'en_order_block': True, 'order_block_swing_l': 4, 'en_fvg': False, 'fvg_lookback': 23, 'en_ifvg': False, 'en_breaker': True, 'breaker_swing_l': 2, 'en_cisd': True, 'k': 2, 'en_cap_bars': False, 'cap_1min': 1237}.
[I 2026-07-13 15:51:49,625] Trial 2699 finished with values: [1974.5087960701114, -2602.3642613231245, 34.45] and parameters: {'sl_soft': 0.010118579279263403, 'sl_hard_delta': 0.02515171303306487, 'tp': 0.06597500573834292, 'gate_pct': 96.82972780322679, 'dd_limit': 9.50807718589736, 'cooldown': 2, 'flip': True, 'en_ema_trend': True, 'ema_trend_fast': 24, 'ema_trend_slow': 19, 'en_sma_trend': False, 'sma_trend_fast': 389, 'sma_trend_slow': 192, 'en_macd': False, 'macd_fast': 53, 'macd_slow': 196, 'macd_signal': 61, 'en_vwap': False, 'en_keltner': False, 'keltner_n': 135, 'keltner_m': 2.1, 'en_obv': False, 'obv_slope': 22, 'en_cci': True, 'cci_n': 83, 'cci_threshold': 35, 'en_rsi': False, 'rsi_n': 96, 'rsi_lower': 31, 'rsi_upper': 89, 'en_stochastic': False, 'stochastic_n': 71, 'stochastic_d': 29, 'stochastic_lower': 39, 'stochastic_upper': 78, 'en_mfi': False, 'mfi_n': 28, 'mfi_lower': 11, 'mfi_upper': 93, 'en_bollinger': True, 'bollinger_n': 134, 'bollinger_k': 4.6000000000000005, 'en_adx': False, 'adx_n': 27, 'adx_threshold': 38, 'en_structure_trend': True, 'structure_trend_swing_l': 10, 'en_order_block': True, 'order_block_swing_l': 18, 'en_fvg': False, 'fvg_lookback': 45, 'en_ifvg': False, 'en_breaker': True, 'breaker_swing_l': 14, 'en_cisd': True, 'k': 1, 'en_cap_bars': True, 'cap_1min': 656}.
[I 2026-07-13 15:51:50,257] Trial 2700 finished with values: [2001.836817843347, -4361.645733989124, 44.5] and parameters: {'sl_soft': 0.034454793278025315, 'sl_hard_delta': 0.006655247180609973, 'tp': 0.05957637995357488, 'gate_pct': 90.97354990533721, 'dd_limit': 1.1052485218992387, 'cooldown': 2, 'flip': True, 'en_ema_trend': True, 'ema_trend_fast': 24, 'ema_trend_slow': 397, 'en_sma_trend': False, 'sma_trend_fast': 382, 'sma_trend_slow': 359, 'en_macd': False, 'macd_fast': 10, 'macd_slow': 196, 'macd_signal': 52, 'en_vwap': False, 'en_keltner': False, 'keltner_n': 178, 'keltner_m': 2.1, 'en_obv': False, 'obv_slope': 22, 'en_cci': True, 'cci_n': 166, 'cci_threshold': 135, 'en_rsi': False, 'rsi_n': 100, 'rsi_lower': 31, 'rsi_upper': 96, 'en_stochastic': False, 'stochastic_n': 49, 'stochastic_d': 38, 'stochastic_lower': 39, 'stochastic_upper': 83, 'en_mfi': False, 'mfi_n': 68, 'mfi_lower': 43, 'mfi_upper': 87, 'en_bollinger': True, 'bollinger_n': 122, 'bollinger_k': 4.6000000000000005, 'en_adx': False, 'adx_n': 27, 'adx_threshold': 54, 'en_structure_trend': True, 'structure_trend_swing_l': 10, 'en_order_block': True, 'order_block_swing_l': 18, 'en_fvg': False, 'fvg_lookback': 45, 'en_ifvg': False, 'en_breaker': True, 'breaker_swing_l': 17, 'en_cisd': True, 'k': 1, 'en_cap_bars': True, 'cap_1min': 797}.
[I 2026-07-13 15:51:52,317] Trial 2701 finished with values: [1056.0698734020057, -1619.776759425982, 30.4] and parameters: {'sl_soft': 0.010118579279263403, 'sl_hard_delta': 0.006655247180609973, 'tp': 0.04927094955011397, 'gate_pct': 97.00844078669539, 'dd_limit': 1.1052485218992387, 'cooldown': 3, 'flip': True, 'en_ema_trend': True, 'ema_trend_fast': 305, 'ema_trend_slow': 19, 'en_sma_trend': False, 'sma_trend_fast': 262, 'sma_trend_slow': 359, 'en_macd': True, 'macd_fast': 48, 'macd_slow': 60, 'macd_signal': 52, 'en_vwap': True, 'en_keltner': True, 'keltner_n': 178, 'keltner_m': 1.8, 'en_obv': False, 'obv_slope': 197, 'en_cci': False, 'cci_n': 20, 'cci_threshold': 35, 'en_rsi': False, 'rsi_n': 100, 'rsi_lower': 4, 'rsi_upper': 88, 'en_stochastic': False, 'stochastic_n': 87, 'stochastic_d': 29, 'stochastic_lower': 31, 'stochastic_upper': 83, 'en_mfi': True, 'mfi_n': 68, 'mfi_lower': 18, 'mfi_upper': 93, 'en_bollinger': True, 'bollinger_n': 122, 'bollinger_k': 4.6000000000000005, 'en_adx': False, 'adx_n': 27, 'adx_threshold': 14, 'en_structure_trend': False, 'structure_trend_swing_l': 1, 'en_order_block': True, 'order_block_swing_l': 12, 'en_fvg': False, 'fvg_lookback': 50, 'en_ifvg': True, 'en_breaker': True, 'breaker_swing_l': 14, 'en_cisd': False, 'k': 2, 'en_cap_bars': True, 'cap_1min': 797}.
[I 2026-07-13 15:51:52,784] Trial 2702 finished with values: [437.7542822944313, -4522.190762330598, 52.35] and parameters: {'sl_soft': 0.020223052950007456, 'sl_hard_delta': 0.04000671936357235, 'tp': 0.04927094955011397, 'gate_pct': 97.00844078669539, 'dd_limit': 9.066216783758431, 'cooldown': 3, 'flip': True, 'en_ema_trend': True, 'ema_trend_fast': 23, 'ema_trend_slow': 397, 'en_sma_trend': True, 'sma_trend_fast': 382, 'sma_trend_slow': 359, 'en_macd': True, 'macd_fast': 38, 'macd_slow': 60, 'macd_signal': 40, 'en_vwap': False, 'en_keltner': False, 'keltner_n': 189, 'keltner_m': 1.3, 'en_obv': False, 'obv_slope': 22, 'en_cci': True, 'cci_n': 83, 'cci_threshold': 35, 'en_rsi': False, 'rsi_n': 46, 'rsi_lower': 2, 'rsi_upper': 88, 'en_stochastic': False, 'stochastic_n': 19, 'stochastic_d': 6, 'stochastic_lower': 31, 'stochastic_upper': 78, 'en_mfi': False, 'mfi_n': 68, 'mfi_lower': 18, 'mfi_upper': 87, 'en_bollinger': False, 'bollinger_n': 70, 'bollinger_k': 4.6000000000000005, 'en_adx': False, 'adx_n': 27, 'adx_threshold': 54, 'en_structure_trend': True, 'structure_trend_swing_l': 1, 'en_order_block': True, 'order_block_swing_l': 18, 'en_fvg': True, 'fvg_lookback': 50, 'en_ifvg': True, 'en_breaker': True, 'breaker_swing_l': 13, 'en_cisd': False, 'k': 1, 'en_cap_bars': True, 'cap_1min': 1237}.
[I 2026-07-13 15:51:53,176] Trial 2703 pruned. 
[I 2026-07-13 15:51:55,431] Trial 2704 finished with values: [29.97735022608694, -1742.7033159486884, 60.45] and parameters: {'sl_soft': 0.019818244244465925, 'sl_hard_delta': 0.028428697055377993, 'tp': 0.028560602836268517, 'gate_pct': 90.97354990533721, 'dd_limit': 4.667357421566379, 'cooldown': 6, 'flip': True, 'en_ema_trend': True, 'ema_trend_fast': 101, 'ema_trend_slow': 19, 'en_sma_trend': False, 'sma_trend_fast': 262, 'sma_trend_slow': 14, 'en_macd': True, 'macd_fast': 10, 'macd_slow': 86, 'macd_signal': 25, 'en_vwap': False, 'en_keltner': True, 'keltner_n': 162, 'keltner_m': 1.3, 'en_obv': False, 'obv_slope': 197, 'en_cci': False, 'cci_n': 88, 'cci_threshold': 95, 'en_rsi': True, 'rsi_n': 50, 'rsi_lower': 16, 'rsi_upper': 53, 'en_stochastic': False, 'stochastic_n': 40, 'stochastic_d': 50, 'stochastic_lower': 27, 'stochastic_upper': 69, 'en_mfi': False, 'mfi_n': 68, 'mfi_lower': 18, 'mfi_upper': 54, 'en_bollinger': True, 'bollinger_n': 182, 'bollinger_k': 2.1, 'en_adx': False, 'adx_n': 38, 'adx_threshold': 24, 'en_structure_trend': False, 'structure_trend_swing_l': 10, 'en_order_block': True, 'order_block_swing_l': 2, 'en_fvg': True, 'fvg_lookback': 27, 'en_ifvg': True, 'en_breaker': True, 'breaker_swing_l': 6, 'en_cisd': True, 'k': 1, 'en_cap_bars': True, 'cap_1min': 1237}.
[I 2026-07-13 15:51:55,812] Trial 2705 finished with values: [-93.15818767365874, -2522.5004230840427, 34.4] and parameters: {'sl_soft': 0.010118579279263403, 'sl_hard_delta': 0.006655247180609973, 'tp': 0.03660631371524607, 'gate_pct': 96.82972780322679, 'dd_limit': 1.1052485218992387, 'cooldown': 2, 'flip': True, 'en_ema_trend': True, 'ema_trend_fast': 24, 'ema_trend_slow': 397, 'en_sma_trend': False, 'sma_trend_fast': 382, 'sma_trend_slow': 14, 'en_macd': False, 'macd_fast': 10, 'macd_slow': 196, 'macd_signal': 52, 'en_vwap': False, 'en_keltner': False, 'keltner_n': 178, 'keltner_m': 1.3, 'en_obv': False, 'obv_slope': 22, 'en_cci': True, 'cci_n': 166, 'cci_threshold': 35, 'en_rsi': False, 'rsi_n': 95, 'rsi_lower': 31, 'rsi_upper': 88, 'en_stochastic': False, 'stochastic_n': 71, 'stochastic_d': 6, 'stochastic_lower': 31, 'stochastic_upper': 78, 'en_mfi': False, 'mfi_n': 76, 'mfi_lower': 30, 'mfi_upper': 93, 'en_bollinger': False, 'bollinger_n': 122, 'bollinger_k': 4.6000000000000005, 'en_adx': False, 'adx_n': 27, 'adx_threshold': 38, 'en_structure_trend': True, 'structure_trend_swing_l': 10, 'en_order_block': True, 'order_block_swing_l': 18, 'en_fvg': False, 'fvg_lookback': 45, 'en_ifvg': True, 'en_breaker': True, 'breaker_swing_l': 14, 'en_cisd': False, 'k': 1, 'en_cap_bars': True, 'cap_1min': 656}.
[I 2026-07-13 15:51:56,923] Trial 2706 finished with values: [1137.7512698688893, -2974.2072801522586, 27.9] and parameters: {'sl_soft': 0.010118579279263403, 'sl_hard_delta': 0.006655247180609973, 'tp': 0.04540145494492326, 'gate_pct': 97.00844078669539, 'dd_limit': 4.866210487643857, 'cooldown': 2, 'flip': True, 'en_ema_trend': True, 'ema_trend_fast': 24, 'ema_trend_slow': 397, 'en_sma_trend': True, 'sma_trend_fast': 262, 'sma_trend_slow': 359, 'en_macd': True, 'macd_fast': 48, 'macd_slow': 18, 'macd_signal': 52, 'en_vwap': True, 'en_keltner': True, 'keltner_n': 178, 'keltner_m': 2.1, 'en_obv': True, 'obv_slope': 197, 'en_cci': False, 'cci_n': 166, 'cci_threshold': 135, 'en_rsi': False, 'rsi_n': 100, 'rsi_lower': 31, 'rsi_upper': 96, 'en_stochastic': False, 'stochastic_n': 87, 'stochastic_d': 29, 'stochastic_lower': 31, 'stochastic_upper': 83, 'en_mfi': True, 'mfi_n': 28, 'mfi_lower': 30, 'mfi_upper': 93, 'en_bollinger': True, 'bollinger_n': 72, 'bollinger_k': 4.6000000000000005, 'en_adx': False, 'adx_n': 27, 'adx_threshold': 14, 'en_structure_trend': False, 'structure_trend_swing_l': 10, 'en_order_block': True, 'order_block_swing_l': 12, 'en_fvg': False, 'fvg_lookback': 50, 'en_ifvg': False, 'en_breaker': True, 'breaker_swing_l': 14, 'en_cisd': True, 'k': 2, 'en_cap_bars': True, 'cap_1min': 797}.
[I 2026-07-13 15:51:57,438] Trial 2707 finished with values: [2775.603797783131, -14264.39399451038, 53.65] and parameters: {'sl_soft': 0.020223052950007456, 'sl_hard_delta': 0.04000671936357235, 'tp': 0.04927094955011397, 'gate_pct': 97.00844078669539, 'dd_limit': 9.066216783758431, 'cooldown': 2, 'flip': True, 'en_ema_trend': True, 'ema_trend_fast': 23, 'ema_trend_slow': 397, 'en_sma_trend': True, 'sma_trend_fast': 262, 'sma_trend_slow': 192, 'en_macd': True, 'macd_fast': 10, 'macd_slow': 60, 'macd_signal': 40, 'en_vwap': False, 'en_keltner': False, 'keltner_n': 189, 'keltner_m': 1.5, 'en_obv': True, 'obv_slope': 22, 'en_cci': True, 'cci_n': 88, 'cci_threshold': 95, 'en_rsi': False, 'rsi_n': 46, 'rsi_lower': 31, 'rsi_upper': 88, 'en_stochastic': False, 'stochastic_n': 87, 'stochastic_d': 45, 'stochastic_lower': 17, 'stochastic_upper': 78, 'en_mfi': False, 'mfi_n': 68, 'mfi_lower': 8, 'mfi_upper': 87, 'en_bollinger': True, 'bollinger_n': 122, 'bollinger_k': 4.6000000000000005, 'en_adx': False, 'adx_n': 27, 'adx_threshold': 14, 'en_structure_trend': False, 'structure_trend_swing_l': 10, 'en_order_block': True, 'order_block_swing_l': 18, 'en_fvg': True, 'fvg_lookback': 50, 'en_ifvg': True, 'en_breaker': True, 'breaker_swing_l': 13, 'en_cisd': False, 'k': 1, 'en_cap_bars': True, 'cap_1min': 797}.
[I 2026-07-13 15:51:57,953] Trial 2708 finished with values: [486.6615166469046, -2807.360404155119, 39.3] and parameters: {'sl_soft': 0.010118579279263403, 'sl_hard_delta': 0.02515171303306487, 'tp': 0.05957637995357488, 'gate_pct': 90.97354990533721, 'dd_limit': 9.628020027635628, 'cooldown': 2, 'flip': True, 'en_ema_trend': True, 'ema_trend_fast': 24, 'ema_trend_slow': 292, 'en_sma_trend': True, 'sma_trend_fast': 382, 'sma_trend_slow': 14, 'en_macd': False, 'macd_fast': 10, 'macd_slow': 196, 'macd_signal': 52, 'en_vwap': False, 'en_keltner': False, 'keltner_n': 114, 'keltner_m': 2.1, 'en_obv': True, 'obv_slope': 22, 'en_cci': True, 'cci_n': 166, 'cci_threshold': 35, 'en_rsi': False, 'rsi_n': 100, 'rsi_lower': 31, 'rsi_upper': 96, 'en_stochastic': False, 'stochastic_n': 71, 'stochastic_d': 38, 'stochastic_lower': 31, 'stochastic_upper': 83, 'en_mfi': False, 'mfi_n': 28, 'mfi_lower': 18, 'mfi_upper': 93, 'en_bollinger': True, 'bollinger_n': 70, 'bollinger_k': 4.6000000000000005, 'en_adx': False, 'adx_n': 27, 'adx_threshold': 54, 'en_structure_trend': True, 'structure_trend_swing_l': 13, 'en_order_block': True, 'order_block_swing_l': 12, 'en_fvg': False, 'fvg_lookback': 45, 'en_ifvg': True, 'en_breaker': True, 'breaker_swing_l': 13, 'en_cisd': False, 'k': 3, 'en_cap_bars': True, 'cap_1min': 752}.
[I 2026-07-13 15:51:59,212] Trial 2709 finished with values: [3895.0199599092266, -2095.7945444030215, 27.049999999999997] and parameters: {'sl_soft': 0.010118579279263403, 'sl_hard_delta': 0.006655247180609973, 'tp': 0.06597500573834292, 'gate_pct': 96.82972780322679, 'dd_limit': 9.50807718589736, 'cooldown': 2, 'flip': True, 'en_ema_trend': True, 'ema_trend_fast': 24, 'ema_trend_slow': 397, 'en_sma_trend': True, 'sma_trend_fast': 262, 'sma_trend_slow': 359, 'en_macd': True, 'macd_fast': 10, 'macd_slow': 88, 'macd_signal': 25, 'en_vwap': False, 'en_keltner': True, 'keltner_n': 178, 'keltner_m': 2.1, 'en_obv': True, 'obv_slope': 22, 'en_cci': True, 'cci_n': 88, 'cci_threshold': 40, 'en_rsi': True, 'rsi_n': 46, 'rsi_lower': 31, 'rsi_upper': 89, 'en_stochastic': False, 'stochastic_n': 71, 'stochastic_d': 10, 'stochastic_lower': 39, 'stochastic_upper': 78, 'en_mfi': False, 'mfi_n': 76, 'mfi_lower': 11, 'mfi_upper': 93, 'en_bollinger': False, 'bollinger_n': 134, 'bollinger_k': 5.0, 'en_adx': False, 'adx_n': 67, 'adx_threshold': 54, 'en_structure_trend': False, 'structure_trend_swing_l': 12, 'en_order_block': True, 'order_block_swing_l': 18, 'en_fvg': False, 'fvg_lookback': 23, 'en_ifvg': False, 'en_breaker': True, 'breaker_swing_l': 2, 'en_cisd': True, 'k': 1, 'en_cap_bars': False, 'cap_1min': 1237}.
[I 2026-07-13 15:51:59,640] Trial 2710 finished with values: [1752.685360604804, -1558.2801558100846, 26.55] and parameters: {'sl_soft': 0.010118579279263403, 'sl_hard_delta': 0.006655247180609973, 'tp': 0.06466351711838181, 'gate_pct': 99.08068803261627, 'dd_limit': 4.866210487643857, 'cooldown': 3, 'flip': True, 'en_ema_trend': True, 'ema_trend_fast': 101, 'ema_trend_slow': 19, 'en_sma_trend': True, 'sma_trend_fast': 262, 'sma_trend_slow': 359, 'en_macd': True, 'macd_fast': 48, 'macd_slow': 18, 'macd_signal': 40, 'en_vwap': True, 'en_keltner': True, 'keltner_n': 178, 'keltner_m': 1.8, 'en_obv': True, 'obv_slope': 197, 'en_cci': False, 'cci_n': 20, 'cci_threshold': 35, 'en_rsi': False, 'rsi_n': 100, 'rsi_lower': 4, 'rsi_upper': 96, 'en_stochastic': False, 'stochastic_n': 46, 'stochastic_d': 29, 'stochastic_lower': 31, 'stochastic_upper': 78, 'en_mfi': False, 'mfi_n': 76, 'mfi_lower': 41, 'mfi_upper': 87, 'en_bollinger': False, 'bollinger_n': 72, 'bollinger_k': 4.6000000000000005, 'en_adx': False, 'adx_n': 32, 'adx_threshold': 14, 'en_structure_trend': True, 'structure_trend_swing_l': 10, 'en_order_block': True, 'order_block_swing_l': 12, 'en_fvg': True, 'fvg_lookback': 50, 'en_ifvg': True, 'en_breaker': True, 'breaker_swing_l': 14, 'en_cisd': True, 'k': 1, 'en_cap_bars': False, 'cap_1min': 1237}.
[I 2026-07-13 15:51:59,986] Trial 2711 finished with values: [158.70252221548142, -2320.6473247155654, 34.7] and parameters: {'sl_soft': 0.020223052950007456, 'sl_hard_delta': 0.006655247180609973, 'tp': 0.05957637995357488, 'gate_pct': 90.97354990533721, 'dd_limit': 4.866210487643857, 'cooldown': 2, 'flip': True, 'en_ema_trend': True, 'ema_trend_fast': 24, 'ema_trend_slow': 397, 'en_sma_trend': False, 'sma_trend_fast': 389, 'sma_trend_slow': 14, 'en_macd': False, 'macd_fast': 37, 'macd_slow': 196, 'macd_signal': 25, 'en_vwap': False, 'en_keltner': False, 'keltner_n': 30, 'keltner_m': 1.3, 'en_obv': True, 'obv_slope': 22, 'en_cci': True, 'cci_n': 83, 'cci_threshold': 35, 'en_rsi': True, 'rsi_n': 95, 'rsi_lower': 31, 'rsi_upper': 88, 'en_stochastic': False, 'stochastic_n': 71, 'stochastic_d': 38, 'stochastic_lower': 39, 'stochastic_upper': 78, 'en_mfi': False, 'mfi_n': 76, 'mfi_lower': 18, 'mfi_upper': 93, 'en_bollinger': False, 'bollinger_n': 134, 'bollinger_k': 5.0, 'en_adx': False, 'adx_n': 27, 'adx_threshold': 54, 'en_structure_trend': True, 'structure_trend_swing_l': 13, 'en_order_block': True, 'order_block_swing_l': 15, 'en_fvg': False, 'fvg_lookback': 50, 'en_ifvg': True, 'en_breaker': True, 'breaker_swing_l': 2, 'en_cisd': False, 'k': 2, 'en_cap_bars': False, 'cap_1min': 1237}.
[I 2026-07-13 15:52:01,923] Trial 2712 finished with values: [-714.3609234530861, -7113.33423766653, 46.75] and parameters: {'sl_soft': 0.034454793278025315, 'sl_hard_delta': 0.02515171303306487, 'tp': 0.05957637995357488, 'gate_pct': 90.97354990533721, 'dd_limit': 9.628020027635628, 'cooldown': 2, 'flip': True, 'en_ema_trend': False, 'ema_trend_fast': 101, 'ema_trend_slow': 292, 'en_sma_trend': False, 'sma_trend_fast': 262, 'sma_trend_slow': 359, 'en_macd': False, 'macd_fast': 10, 'macd_slow': 60, 'macd_signal': 40, 'en_vwap': True, 'en_keltner': False, 'keltner_n': 189, 'keltner_m': 1.3, 'en_obv': False, 'obv_slope': 197, 'en_cci': True, 'cci_n': 83, 'cci_threshold': 35, 'en_rsi': True, 'rsi_n': 46, 'rsi_lower': 16, 'rsi_upper': 96, 'en_stochastic': False, 'stochastic_n': 19, 'stochastic_d': 29, 'stochastic_lower': 31, 'stochastic_upper': 78, 'en_mfi': False, 'mfi_n': 68, 'mfi_lower': 18, 'mfi_upper': 93, 'en_bollinger': True, 'bollinger_n': 134, 'bollinger_k': 3.5, 'en_adx': False, 'adx_n': 32, 'adx_threshold': 59, 'en_structure_trend': False, 'structure_trend_swing_l': 20, 'en_order_block': True, 'order_block_swing_l': 15, 'en_fvg': True, 'fvg_lookback': 50, 'en_ifvg': False, 'en_breaker': True, 'breaker_swing_l': 2, 'en_cisd': True, 'k': 2, 'en_cap_bars': False, 'cap_1min': 797}.
[I 2026-07-13 15:52:02,519] Trial 2713 finished with values: [1362.318175353252, -838.6913229937682, 26.3] and parameters: {'sl_soft': 0.010118579279263403, 'sl_hard_delta': 0.006655247180609973, 'tp': 0.06597500573834292, 'gate_pct': 99.08068803261627, 'dd_limit': 7.563013483230891, 'cooldown': 3, 'flip': True, 'en_ema_trend': True, 'ema_trend_fast': 24, 'ema_trend_slow': 19, 'en_sma_trend': True, 'sma_trend_fast': 389, 'sma_trend_slow': 359, 'en_macd': True, 'macd_fast': 10, 'macd_slow': 60, 'macd_signal': 40, 'en_vwap': False, 'en_keltner': True, 'keltner_n': 178, 'keltner_m': 1.3, 'en_obv': False, 'obv_slope': 197, 'en_cci': True, 'cci_n': 88, 'cci_threshold': 35, 'en_rsi': False, 'rsi_n': 46, 'rsi_lower': 31, 'rsi_upper': 89, 'en_stochastic': False, 'stochastic_n': 46, 'stochastic_d': 38, 'stochastic_lower': 4, 'stochastic_upper': 78, 'en_mfi': False, 'mfi_n': 76, 'mfi_lower': 41, 'mfi_upper': 87, 'en_bollinger': False, 'bollinger_n': 70, 'bollinger_k': 5.0, 'en_adx': False, 'adx_n': 67, 'adx_threshold': 54, 'en_structure_trend': True, 'structure_trend_swing_l': 10, 'en_order_block': True, 'order_block_swing_l': 12, 'en_fvg': False, 'fvg_lookback': 48, 'en_ifvg': True, 'en_breaker': False, 'breaker_swing_l': 14, 'en_cisd': False, 'k': 1, 'en_cap_bars': False, 'cap_1min': 1237}.
[I 2026-07-13 15:52:03,638] Trial 2714 finished with values: [4040.2658763441923, -2961.856130273514, 30.95] and parameters: {'sl_soft': 0.010118579279263403, 'sl_hard_delta': 0.006655247180609973, 'tp': 0.04927094955011397, 'gate_pct': 96.82972780322679, 'dd_limit': 9.628020027635628, 'cooldown': 2, 'flip': True, 'en_ema_trend': False, 'ema_trend_fast': 24, 'ema_trend_slow': 292, 'en_sma_trend': False, 'sma_trend_fast': 389, 'sma_trend_slow': 359, 'en_macd': True, 'macd_fast': 48, 'macd_slow': 60, 'macd_signal': 45, 'en_vwap': True, 'en_keltner': False, 'keltner_n': 178, 'keltner_m': 2.1, 'en_obv': True, 'obv_slope': 49, 'en_cci': True, 'cci_n': 83, 'cci_threshold': 35, 'en_rsi': False, 'rsi_n': 100, 'rsi_lower': 31, 'rsi_upper': 88, 'en_stochastic': False, 'stochastic_n': 87, 'stochastic_d': 6, 'stochastic_lower': 39, 'stochastic_upper': 83, 'en_mfi': False, 'mfi_n': 28, 'mfi_lower': 18, 'mfi_upper': 87, 'en_bollinger': True, 'bollinger_n': 134, 'bollinger_k': 4.6000000000000005, 'en_adx': False, 'adx_n': 27, 'adx_threshold': 38, 'en_structure_trend': False, 'structure_trend_swing_l': 10, 'en_order_block': True, 'order_block_swing_l': 15, 'en_fvg': False, 'fvg_lookback': 8, 'en_ifvg': False, 'en_breaker': True, 'breaker_swing_l': 14, 'en_cisd': True, 'k': 1, 'en_cap_bars': False, 'cap_1min': 1237}.
