[I 2026-07-13 15:51:34,320] Trial 2682 finished with values: [102.60441925652344, -4889.343298323109, 51.6] and parameters: {'sl_soft': 0.020223052950007456, 'sl_hard_delta': 0.04000671936357235, 'tp': 0.04927094955011397, 'gate_pct': 97.00844078669539, 'dd_limit': 6.45236639016422, 'cooldown': 2, 'flip': True, 'en_ema_trend': True, 'ema_trend_fast': 23, 'ema_trend_slow': 292, 'en_sma_trend': False, 'sma_trend_fast': 262, 'sma_trend_slow': 192, 'en_macd': True, 'macd_fast': 10, 'macd_slow': 196, 'macd_signal': 40, 'en_vwap': False, 'en_keltner': True, 'keltner_n': 189, 'keltner_m': 1.3, 'en_obv': True, 'obv_slope': 197, 'en_cci': True, 'cci_n': 83, 'cci_threshold': 95, 'en_rsi': False, 'rsi_n': 100, 'rsi_lower': 16, 'rsi_upper': 88, 'en_stochastic': False, 'stochastic_n': 19, 'stochastic_d': 45, 'stochastic_lower': 31, 'stochastic_upper': 78, 'en_mfi': False, 'mfi_n': 28, 'mfi_lower': 18, 'mfi_upper': 87, 'en_bollinger': True, 'bollinger_n': 122, 'bollinger_k': 5.0, 'en_adx': False, 'adx_n': 27, 'adx_threshold': 54, 'en_structure_trend': True, 'structure_trend_swing_l': 10, 'en_order_block': True, 'order_block_swing_l': 15, 'en_fvg': False, 'fvg_lookback': 50, 'en_ifvg': True, 'en_breaker': True, 'breaker_swing_l': 13, 'en_cisd': False, 'k': 1, 'en_cap_bars': True, 'cap_1min': 1237}.
[I 2026-07-13 15:51:34,794] Trial 2683 finished with values: [1073.3230332937358, -6344.031682099432, 39.1] and parameters: {'sl_soft': 0.010118579279263403, 'sl_hard_delta': 0.02515171303306487, 'tp': 0.05957637995357488, 'gate_pct': 96.82972780322679, 'dd_limit': 9.628020027635628, 'cooldown': 2, 'flip': True, 'en_ema_trend': True, 'ema_trend_fast': 24, 'ema_trend_slow': 397, 'en_sma_trend': False, 'sma_trend_fast': 156, 'sma_trend_slow': 14, 'en_macd': False, 'macd_fast': 38, 'macd_slow': 176, 'macd_signal': 25, 'en_vwap': False, 'en_keltner': False, 'keltner_n': 114, 'keltner_m': 1.3, 'en_obv': False, 'obv_slope': 197, 'en_cci': True, 'cci_n': 166, 'cci_threshold': 135, 'en_rsi': False, 'rsi_n': 95, 'rsi_lower': 19, 'rsi_upper': 96, 'en_stochastic': False, 'stochastic_n': 71, 'stochastic_d': 38, 'stochastic_lower': 31, 'stochastic_upper': 78, 'en_mfi': False, 'mfi_n': 76, 'mfi_lower': 18, 'mfi_upper': 93, 'en_bollinger': True, 'bollinger_n': 72, 'bollinger_k': 4.6000000000000005, 'en_adx': False, 'adx_n': 27, 'adx_threshold': 54, 'en_structure_trend': True, 'structure_trend_swing_l': 10, 'en_order_block': True, 'order_block_swing_l': 18, 'en_fvg': False, 'fvg_lookback': 45, 'en_ifvg': True, 'en_breaker': True, 'breaker_swing_l': 13, 'en_cisd': False, 'k': 1, 'en_cap_bars': False, 'cap_1min': 1237}.
[I 2026-07-13 15:51:35,297] Trial 2684 finished with values: [508.6521562133762, -2697.795446278804, 43.5] and parameters: {'sl_soft': 0.034454793278025315, 'sl_hard_delta': 0.006655247180609973, 'tp': 0.06466351711838181, 'gate_pct': 97.00844078669539, 'dd_limit': 4.866210487643857, 'cooldown': 3, 'flip': True, 'en_ema_trend': True, 'ema_trend_fast': 23, 'ema_trend_slow': 19, 'en_sma_trend': True, 'sma_trend_fast': 389, 'sma_trend_slow': 359, 'en_macd': True, 'macd_fast': 10, 'macd_slow': 60, 'macd_signal': 40, 'en_vwap': False, 'en_keltner': False, 'keltner_n': 178, 'keltner_m': 1.3, 'en_obv': False, 'obv_slope': 197, 'en_cci': True, 'cci_n': 83, 'cci_threshold': 35, 'en_rsi': False, 'rsi_n': 100, 'rsi_lower': 2, 'rsi_upper': 96, 'en_stochastic': False, 'stochastic_n': 71, 'stochastic_d': 6, 'stochastic_lower': 31, 'stochastic_upper': 83, 'en_mfi': False, 'mfi_n': 76, 'mfi_lower': 41, 'mfi_upper': 87, 'en_bollinger': False, 'bollinger_n': 70, 'bollinger_k': 4.6000000000000005, 'en_adx': False, 'adx_n': 27, 'adx_threshold': 54, 'en_structure_trend': True, 'structure_trend_swing_l': 1, 'en_order_block': True, 'order_block_swing_l': 18, 'en_fvg': True, 'fvg_lookback': 48, 'en_ifvg': True, 'en_breaker': True, 'breaker_swing_l': 14, 'en_cisd': False, 'k': 1, 'en_cap_bars': False, 'cap_1min': 1237}.
[I 2026-07-13 15:51:35,815] Trial 2685 finished with values: [6045.409903047606, -3356.593765484641, 39.900000000000006] and parameters: {'sl_soft': 0.010118579279263403, 'sl_hard_delta': 0.02515171303306487, 'tp': 0.05957637995357488, 'gate_pct': 96.82972780322679, 'dd_limit': 9.628020027635628, 'cooldown': 2, 'flip': True, 'en_ema_trend': True, 'ema_trend_fast': 24, 'ema_trend_slow': 292, 'en_sma_trend': False, 'sma_trend_fast': 156, 'sma_trend_slow': 192, 'en_macd': False, 'macd_fast': 10, 'macd_slow': 88, 'macd_signal': 52, 'en_vwap': True, 'en_keltner': False, 'keltner_n': 178, 'keltner_m': 2.1, 'en_obv': False, 'obv_slope': 197, 'en_cci': True, 'cci_n': 166, 'cci_threshold': 135, 'en_rsi': False, 'rsi_n': 100, 'rsi_lower': 19, 'rsi_upper': 74, 'en_stochastic': False, 'stochastic_n': 87, 'stochastic_d': 38, 'stochastic_lower': 31, 'stochastic_upper': 83, 'en_mfi': False, 'mfi_n': 28, 'mfi_lower': 18, 'mfi_upper': 87, 'en_bollinger': True, 'bollinger_n': 72, 'bollinger_k': 4.6000000000000005, 'en_adx': False, 'adx_n': 27, 'adx_threshold': 17, 'en_structure_trend': False, 'structure_trend_swing_l': 10, 'en_order_block': True, 'order_block_swing_l': 12, 'en_fvg': False, 'fvg_lookback': 45, 'en_ifvg': False, 'en_breaker': True, 'breaker_swing_l': 14, 'en_cisd': False, 'k': 1, 'en_cap_bars': False, 'cap_1min': 1237}.
[I 2026-07-13 15:51:36,645] Trial 2686 finished with values: [442.87650595391506, -4014.0069514308884, 50.55] and parameters: {'sl_soft': 0.020223052950007456, 'sl_hard_delta': 0.055023956129631846, 'tp': 0.05957637995357488, 'gate_pct': 90.97354990533721, 'dd_limit': 9.628020027635628, 'cooldown': 2, 'flip': True, 'en_ema_trend': False, 'ema_trend_fast': 24, 'ema_trend_slow': 292, 'en_sma_trend': True, 'sma_trend_fast': 262, 'sma_trend_slow': 192, 'en_macd': True, 'macd_fast': 10, 'macd_slow': 88, 'macd_signal': 25, 'en_vwap': True, 'en_keltner': False, 'keltner_n': 172, 'keltner_m': 1.3, 'en_obv': True, 'obv_slope': 22, 'en_cci': False, 'cci_n': 83, 'cci_threshold': 95, 'en_rsi': True, 'rsi_n': 95, 'rsi_lower': 32, 'rsi_upper': 74, 'en_stochastic': False, 'stochastic_n': 19, 'stochastic_d': 29, 'stochastic_lower': 39, 'stochastic_upper': 78, 'en_mfi': True, 'mfi_n': 68, 'mfi_lower': 9, 'mfi_upper': 93, 'en_bollinger': True, 'bollinger_n': 122, 'bollinger_k': 5.0, 'en_adx': False, 'adx_n': 32, 'adx_threshold': 54, 'en_structure_trend': True, 'structure_trend_swing_l': 10, 'en_order_block': True, 'order_block_swing_l': 15, 'en_fvg': False, 'fvg_lookback': 50, 'en_ifvg': False, 'en_breaker': True, 'breaker_swing_l': 2, 'en_cisd': False, 'k': 2, 'en_cap_bars': False, 'cap_1min': 797}.
[I 2026-07-13 15:51:37,165] Trial 2687 finished with values: [-284.92590592582815, -9055.685860588841, 47.3] and parameters: {'sl_soft': 0.010118579279263403, 'sl_hard_delta': 0.055023956129631846, 'tp': 0.04927094955011397, 'gate_pct': 97.00844078669539, 'dd_limit': 4.866210487643857, 'cooldown': 2, 'flip': True, 'en_ema_trend': True, 'ema_trend_fast': 24, 'ema_trend_slow': 397, 'en_sma_trend': True, 'sma_trend_fast': 262, 'sma_trend_slow': 192, 'en_macd': True, 'macd_fast': 10, 'macd_slow': 196, 'macd_signal': 25, 'en_vwap': False, 'en_keltner': False, 'keltner_n': 172, 'keltner_m': 1.3, 'en_obv': True, 'obv_slope': 22, 'en_cci': True, 'cci_n': 166, 'cci_threshold': 95, 'en_rsi': False, 'rsi_n': 95, 'rsi_lower': 31, 'rsi_upper': 88, 'en_stochastic': False, 'stochastic_n': 87, 'stochastic_d': 45, 'stochastic_lower': 17, 'stochastic_upper': 78, 'en_mfi': False, 'mfi_n': 28, 'mfi_lower': 18, 'mfi_upper': 87, 'en_bollinger': True, 'bollinger_n': 122, 'bollinger_k': 4.6000000000000005, 'en_adx': False, 'adx_n': 27, 'adx_threshold': 38, 'en_structure_trend': True, 'structure_trend_swing_l': 10, 'en_order_block': True, 'order_block_swing_l': 15, 'en_fvg': False, 'fvg_lookback': 45, 'en_ifvg': True, 'en_breaker': True, 'breaker_swing_l': 2, 'en_cisd': True, 'k': 1, 'en_cap_bars': True, 'cap_1min': 797}.
[I 2026-07-13 15:51:37,958] Trial 2688 finished with values: [-597.4364921106632, -37458.55765687115, 70.2] and parameters: {'sl_soft': 0.034454793278025315, 'sl_hard_delta': 0.04000671936357235, 'tp': 0.02460043669793581, 'gate_pct': 99.08068803261627, 'dd_limit': 4.866210487643857, 'cooldown': 3, 'flip': True, 'en_ema_trend': True, 'ema_trend_fast': 101, 'ema_trend_slow': 19, 'en_sma_trend': False, 'sma_trend_fast': 262, 'sma_trend_slow': 359, 'en_macd': True, 'macd_fast': 10, 'macd_slow': 60, 'macd_signal': 25, 'en_vwap': True, 'en_keltner': True, 'keltner_n': 189, 'keltner_m': 1.3, 'en_obv': False, 'obv_slope': 33, 'en_cci': False, 'cci_n': 83, 'cci_threshold': 35, 'en_rsi': False, 'rsi_n': 46, 'rsi_lower': 2, 'rsi_upper': 67, 'en_stochastic': False, 'stochastic_n': 87, 'stochastic_d': 38, 'stochastic_lower': 31, 'stochastic_upper': 78, 'en_mfi': False, 'mfi_n': 68, 'mfi_lower': 41, 'mfi_upper': 87, 'en_bollinger': False, 'bollinger_n': 70, 'bollinger_k': 3.5, 'en_adx': False, 'adx_n': 32, 'adx_threshold': 59, 'en_structure_trend': False, 'structure_trend_swing_l': 20, 'en_order_block': True, 'order_block_swing_l': 12, 'en_fvg': False, 'fvg_lookback': 48, 'en_ifvg': False, 'en_breaker': True, 'breaker_swing_l': 14, 'en_cisd': False, 'k': 1, 'en_cap_bars': False, 'cap_1min': 1237}.
[I 2026-07-13 15:51:38,654] Trial 2689 finished with values: [328.5321496043281, -1186.3267957962628, 23.85] and parameters: {'sl_soft': 0.010118579279263403, 'sl_hard_delta': 0.006655247180609973, 'tp': 0.06466351711838181, 'gate_pct': 97.00844078669539, 'dd_limit': 4.866210487643857, 'cooldown': 3, 'flip': True, 'en_ema_trend': True, 'ema_trend_fast': 24, 'ema_trend_slow': 19, 'en_sma_trend': True, 'sma_trend_fast': 262, 'sma_trend_slow': 359, 'en_macd': False, 'macd_fast': 48, 'macd_slow': 18, 'macd_signal': 52, 'en_vwap': True, 'en_keltner': True, 'keltner_n': 30, 'keltner_m': 1.8, 'en_obv': True, 'obv_slope': 22, 'en_cci': False, 'cci_n': 20, 'cci_threshold': 135, 'en_rsi': False, 'rsi_n': 100, 'rsi_lower': 4, 'rsi_upper': 96, 'en_stochastic': False, 'stochastic_n': 87, 'stochastic_d': 29, 'stochastic_lower': 31, 'stochastic_upper': 78, 'en_mfi': True, 'mfi_n': 28, 'mfi_lower': 18, 'mfi_upper': 93, 'en_bollinger': True, 'bollinger_n': 72, 'bollinger_k': 4.6000000000000005, 'en_adx': False, 'adx_n': 27, 'adx_threshold': 14, 'en_structure_trend': True, 'structure_trend_swing_l': 1, 'en_order_block': True, 'order_block_swing_l': 12, 'en_fvg': False, 'fvg_lookback': 50, 'en_ifvg': True, 'en_breaker': True, 'breaker_swing_l': 13, 'en_cisd': True, 'k': 2, 'en_cap_bars': False, 'cap_1min': 797}.
[I 2026-07-13 15:51:39,273] Trial 2690 finished with values: [1692.1698933899333, -2381.944707417249, 22.85] and parameters: {'sl_soft': 0.010118579279263403, 'sl_hard_delta': 0.006655247180609973, 'tp': 0.06597500573834292, 'gate_pct': 97.00844078669539, 'dd_limit': 9.50807718589736, 'cooldown': 2, 'flip': True, 'en_ema_trend': True, 'ema_trend_fast': 24, 'ema_trend_slow': 19, 'en_sma_trend': False, 'sma_trend_fast': 262, 'sma_trend_slow': 14, 'en_macd': True, 'macd_fast': 10, 'macd_slow': 196, 'macd_signal': 25, 'en_vwap': False, 'en_keltner': False, 'keltner_n': 30, 'keltner_m': 2.1, 'en_obv': True, 'obv_slope': 197, 'en_cci': False, 'cci_n': 83, 'cci_threshold': 35, 'en_rsi': True, 'rsi_n': 46, 'rsi_lower': 31, 'rsi_upper': 89, 'en_stochastic': False, 'stochastic_n': 19, 'stochastic_d': 6, 'stochastic_lower': 31, 'stochastic_upper': 83, 'en_mfi': False, 'mfi_n': 76, 'mfi_lower': 11, 'mfi_upper': 93, 'en_bollinger': False, 'bollinger_n': 72, 'bollinger_k': 5.0, 'en_adx': False, 'adx_n': 67, 'adx_threshold': 54, 'en_structure_trend': False, 'structure_trend_swing_l': 12, 'en_order_block': True, 'order_block_swing_l': 12, 'en_fvg': False, 'fvg_lookback': 44, 'en_ifvg': False, 'en_breaker': True, 'breaker_swing_l': 13, 'en_cisd': False, 'k': 1, 'en_cap_bars': True, 'cap_1min': 1237}.
[I 2026-07-13 15:51:39,878] Trial 2691 finished with values: [1285.7763482302785, -2081.143614100688, 29.3] and parameters: {'sl_soft': 0.010118579279263403, 'sl_hard_delta': 0.006655247180609973, 'tp': 0.04927094955011397, 'gate_pct': 96.82972780322679, 'dd_limit': 9.628020027635628, 'cooldown': 2, 'flip': True, 'en_ema_trend': True, 'ema_trend_fast': 24, 'ema_trend_slow': 292, 'en_sma_trend': False, 'sma_trend_fast': 382, 'sma_trend_slow': 359, 'en_macd': False, 'macd_fast': 10, 'macd_slow': 60, 'macd_signal': 40, 'en_vwap': False, 'en_keltner': False, 'keltner_n': 178, 'keltner_m': 1.3, 'en_obv': False, 'obv_slope': 22, 'en_cci': True, 'cci_n': 166, 'cci_threshold': 35, 'en_rsi': False, 'rsi_n': 95, 'rsi_lower': 31, 'rsi_upper': 88, 'en_stochastic': False, 'stochastic_n': 19, 'stochastic_d': 38, 'stochastic_lower': 31, 'stochastic_upper': 83, 'en_mfi': False, 'mfi_n': 28, 'mfi_lower': 18, 'mfi_upper': 93, 'en_bollinger': True, 'bollinger_n': 122, 'bollinger_k': 4.6000000000000005, 'en_adx': False, 'adx_n': 27, 'adx_threshold': 54, 'en_structure_trend': True, 'structure_trend_swing_l': 10, 'en_order_block': True, 'order_block_swing_l': 18, 'en_fvg': False, 'fvg_lookback': 45, 'en_ifvg': False, 'en_breaker': True, 'breaker_swing_l': 6, 'en_cisd': False, 'k': 1, 'en_cap_bars': True, 'cap_1min': 797}.
[I 2026-07-13 15:51:40,780] Trial 2692 finished with values: [1317.7089822168318, -1325.775249089425, 25.75] and parameters: {'sl_soft': 0.010118579279263403, 'sl_hard_delta': 0.006655247180609973, 'tp': 0.06466351711838181, 'gate_pct': 99.08068803261627, 'dd_limit': 4.866210487643857, 'cooldown': 2, 'flip': True, 'en_ema_trend': True, 'ema_trend_fast': 101, 'ema_trend_slow': 158, 'en_sma_trend': True, 'sma_trend_fast': 389, 'sma_trend_slow': 192, 'en_macd': False, 'macd_fast': 10, 'macd_slow': 60, 'macd_signal': 63, 'en_vwap': False, 'en_keltner': True, 'keltner_n': 178, 'keltner_m': 1.3, 'en_obv': True, 'obv_slope': 197, 'en_cci': False, 'cci_n': 83, 'cci_threshold': 135, 'en_rsi': False, 'rsi_n': 100, 'rsi_lower': 16, 'rsi_upper': 96, 'en_stochastic': False, 'stochastic_n': 46, 'stochastic_d': 29, 'stochastic_lower': 23, 'stochastic_upper': 78, 'en_mfi': True, 'mfi_n': 68, 'mfi_lower': 41, 'mfi_upper': 87, 'en_bollinger': True, 'bollinger_n': 72, 'bollinger_k': 4.6000000000000005, 'en_adx': False, 'adx_n': 36, 'adx_threshold': 14, 'en_structure_trend': True, 'structure_trend_swing_l': 1, 'en_order_block': True, 'order_block_swing_l': 12, 'en_fvg': True, 'fvg_lookback': 50, 'en_ifvg': True, 'en_breaker': True, 'breaker_swing_l': 14, 'en_cisd': False, 'k': 1, 'en_cap_bars': False, 'cap_1min': 1237}.
[I 2026-07-13 15:51:41,445] Trial 2693 finished with values: [6045.409903047606, -3356.593765484641, 39.900000000000006] and parameters: {'sl_soft': 0.010118579279263403, 'sl_hard_delta': 0.02515171303306487, 'tp': 0.05957637995357488, 'gate_pct': 96.82972780322679, 'dd_limit': 9.628020027635628, 'cooldown': 2, 'flip': True, 'en_ema_trend': True, 'ema_trend_fast': 24, 'ema_trend_slow': 292, 'en_sma_trend': False, 'sma_trend_fast': 156, 'sma_trend_slow': 192, 'en_macd': False, 'macd_fast': 10, 'macd_slow': 88, 'macd_signal': 52, 'en_vwap': True, 'en_keltner': False, 'keltner_n': 178, 'keltner_m': 2.1, 'en_obv': False, 'obv_slope': 197, 'en_cci': True, 'cci_n': 166, 'cci_threshold': 135, 'en_rsi': False, 'rsi_n': 100, 'rsi_lower': 19, 'rsi_upper': 74, 'en_stochastic': False, 'stochastic_n': 87, 'stochastic_d': 38, 'stochastic_lower': 31, 'stochastic_upper': 83, 'en_mfi': False, 'mfi_n': 28, 'mfi_lower': 18, 'mfi_upper': 87, 'en_bollinger': True, 'bollinger_n': 72, 'bollinger_k': 4.6000000000000005, 'en_adx': False, 'adx_n': 29, 'adx_threshold': 17, 'en_structure_trend': False, 'structure_trend_swing_l': 10, 'en_order_block': True, 'order_block_swing_l': 12, 'en_fvg': False, 'fvg_lookback': 45, 'en_ifvg': False, 'en_breaker': True, 'breaker_swing_l': 14, 'en_cisd': False, 'k': 1, 'en_cap_bars': False, 'cap_1min': 1237}.
[I 2026-07-13 15:51:42,956] Trial 2694 finished with values: [-415.651218772144, -2286.331426083382, 58.8] and parameters: {'sl_soft': 0.019818244244465925, 'sl_hard_delta': 0.02515171303306487, 'tp': 0.028560602836268517, 'gate_pct': 90.97354990533721, 'dd_limit': 9.50807718589736, 'cooldown': 2, 'flip': True, 'en_ema_trend': True, 'ema_trend_fast': 62, 'ema_trend_slow': 19, 'en_sma_trend': False, 'sma_trend_fast': 389, 'sma_trend_slow': 14, 'en_macd': True, 'macd_fast': 53, 'macd_slow': 88, 'macd_signal': 25, 'en_vwap': False, 'en_keltner': False, 'keltner_n': 198, 'keltner_m': 2.1, 'en_obv': False, 'obv_slope': 197, 'en_cci': False, 'cci_n': 12, 'cci_threshold': 95, 'en_rsi': True, 'rsi_n': 46, 'rsi_lower': 36, 'rsi_upper': 89, 'en_stochastic': False, 'stochastic_n': 78, 'stochastic_d': 29, 'stochastic_lower': 27, 'stochastic_upper': 78, 'en_mfi': True, 'mfi_n': 28, 'mfi_lower': 11, 'mfi_upper': 93, 'en_bollinger': True, 'bollinger_n': 182, 'bollinger_k': 2.1, 'en_adx': False, 'adx_n': 38, 'adx_threshold': 54, 'en_structure_trend': False, 'structure_trend_swing_l': 12, 'en_order_block': True, 'order_block_swing_l': 4, 'en_fvg': False, 'fvg_lookback': 27, 'en_ifvg': True, 'en_breaker': True, 'breaker_swing_l': 2, 'en_cisd': True, 'k': 1, 'en_cap_bars': True, 'cap_1min': 1237}.
[I 2026-07-13 15:51:43,824] Trial 2695 finished with values: [973.4478294367575, -6111.271466230901, 39.2] and parameters: {'sl_soft': 0.02811998646369014, 'sl_hard_delta': 0.006655247180609973, 'tp': 0.05957637995357488, 'gate_pct': 90.97354990533721, 'dd_limit': 1.1052485218992387, 'cooldown': 2, 'flip': True, 'en_ema_trend': True, 'ema_trend_fast': 62, 'ema_trend_slow': 292, 'en_sma_trend': False, 'sma_trend_fast': 382, 'sma_trend_slow': 192, 'en_macd': True, 'macd_fast': 38, 'macd_slow': 60, 'macd_signal': 40, 'en_vwap': True, 'en_keltner': False, 'keltner_n': 122, 'keltner_m': 2.1, 'en_obv': False, 'obv_slope': 49, 'en_cci': True, 'cci_n': 83, 'cci_threshold': 35, 'en_rsi': False, 'rsi_n': 100, 'rsi_lower': 31, 'rsi_upper': 88, 'en_stochastic': False, 'stochastic_n': 87, 'stochastic_d': 29, 'stochastic_lower': 31, 'stochastic_upper': 83, 'en_mfi': False, 'mfi_n': 28, 'mfi_lower': 18, 'mfi_upper': 87, 'en_bollinger': True, 'bollinger_n': 122, 'bollinger_k': 4.6000000000000005, 'en_adx': False, 'adx_n': 32, 'adx_threshold': 38, 'en_structure_trend': False, 'structure_trend_swing_l': 10, 'en_order_block': True, 'order_block_swing_l': 15, 'en_fvg': False, 'fvg_lookback': 50, 'en_ifvg': False, 'en_breaker': True, 'breaker_swing_l': 6, 'en_cisd': False, 'k': 1, 'en_cap_bars': False, 'cap_1min': 656}.
[I 2026-07-13 15:51:46,292] Trial 2696 finished with values: [-75.00677531840694, -1031.8248604063028, 60.9] and parameters: {'sl_soft': 0.019818244244465925, 'sl_hard_delta': 0.028428697055377993, 'tp': 0.028560602836268517, 'gate_pct': 90.97354990533721, 'dd_limit': 4.667357421566379, 'cooldown': 6, 'flip': True, 'en_ema_trend': True, 'ema_trend_fast': 101, 'ema_trend_slow': 19, 'en_sma_trend': False, 'sma_trend_fast': 262, 'sma_trend_slow': 14, 'en_macd': True, 'macd_fast': 10, 'macd_slow': 86, 'macd_signal': 25, 'en_vwap': False, 'en_keltner': True, 'keltner_n': 198, 'keltner_m': 4.5, 'en_obv': False, 'obv_slope': 197, 'en_cci': False, 'cci_n': 88, 'cci_threshold': 95, 'en_rsi': True, 'rsi_n': 50, 'rsi_lower': 16, 'rsi_upper': 53, 'en_stochastic': False, 'stochastic_n': 87, 'stochastic_d': 50, 'stochastic_lower': 12, 'stochastic_upper': 78, 'en_mfi': False, 'mfi_n': 68, 'mfi_lower': 18, 'mfi_upper': 54, 'en_bollinger': True, 'bollinger_n': 182, 'bollinger_k': 2.1, 'en_adx': False, 'adx_n': 38, 'adx_threshold': 24, 'en_structure_trend': False, 'structure_trend_swing_l': 10, 'en_order_block': True, 'order_block_swing_l': 2, 'en_fvg': False, 'fvg_lookback': 27, 'en_ifvg': True, 'en_breaker': True, 'breaker_swing_l': 6, 'en_cisd': True, 'k': 1, 'en_cap_bars': True, 'cap_1min': 1237}.
[I 2026-07-13 15:51:48,054] Trial 2697 finished with values: [966.0625922338711, -5648.05435869361, 34.1] and parameters: {'sl_soft': 0.010118579279263403, 'sl_hard_delta': 0.02515171303306487, 'tp': 0.06597500573834292, 'gate_pct': 96.82972780322679, 'dd_limit': 4.866210487643857, 'cooldown': 2, 'flip': True, 'en_ema_trend': True, 'ema_trend_fast': 24, 'ema_trend_slow': 102, 'en_sma_trend': False, 'sma_trend_fast': 262, 'sma_trend_slow': 192, 'en_macd': False, 'macd_fast': 53, 'macd_slow': 18, 'macd_signal': 52, 'en_vwap': False, 'en_keltner': True, 'keltner_n': 131, 'keltner_m': 1.3, 'en_obv': True, 'obv_slope': 22, 'en_cci': False, 'cci_n': 88, 'cci_threshold': 40, 'en_rsi': False, 'rsi_n': 46, 'rsi_lower': 31, 'rsi_upper': 89, 'en_stochastic': False, 'stochastic_n': 71, 'stochastic_d': 6, 'stochastic_lower': 39, 'stochastic_upper': 78, 'en_mfi': False, 'mfi_n': 28, 'mfi_lower': 29, 'mfi_upper': 93, 'en_bollinger': False, 'bollinger_n': 70, 'bollinger_k': 4.6000000000000005, 'en_adx': False, 'adx_n': 27, 'adx_threshold': 54, 'en_structure_trend': False, 'structure_trend_swing_l': 1, 'en_order_block': True, 'order_block_swing_l': 4, 'en_fvg': False, 'fvg_lookback': 23, 'en_ifvg': False, 'en_breaker': True, 'breaker_swing_l': 2, 'en_cisd': True, 'k': 1, 'en_cap_bars': False, 'cap_1min': 1237}.
