[I 2026-07-13 15:34:19,360] Trial 1862 finished with values: [93.23685363682446, -2408.34354805138, 62.85] and parameters: {'sl_soft': 0.019818244244465925, 'sl_hard_delta': 0.028428697055377993, 'tp': 0.022271566368158947, 'gate_pct': 83.00353395016643, 'dd_limit': 4.667357421566379, 'cooldown': 5, 'flip': True, 'en_ema_trend': True, 'ema_trend_fast': 81, 'ema_trend_slow': 180, 'en_sma_trend': True, 'sma_trend_fast': 270, 'sma_trend_slow': 100, 'en_macd': True, 'macd_fast': 39, 'macd_slow': 23, 'macd_signal': 49, 'en_vwap': False, 'en_keltner': True, 'keltner_n': 198, 'keltner_m': 1.9000000000000001, 'en_obv': False, 'obv_slope': 72, 'en_cci': True, 'cci_n': 67, 'cci_threshold': 95, 'en_rsi': False, 'rsi_n': 17, 'rsi_lower': 8, 'rsi_upper': 53, 'en_stochastic': False, 'stochastic_n': 39, 'stochastic_d': 50, 'stochastic_lower': 27, 'stochastic_upper': 99, 'en_mfi': False, 'mfi_n': 83, 'mfi_lower': 43, 'mfi_upper': 54, 'en_bollinger': True, 'bollinger_n': 182, 'bollinger_k': 2.1, 'en_adx': False, 'adx_n': 53, 'adx_threshold': 24, 'en_structure_trend': False, 'structure_trend_swing_l': 9, 'en_order_block': False, 'order_block_swing_l': 15, 'en_fvg': True, 'fvg_lookback': 27, 'en_ifvg': False, 'en_breaker': False, 'breaker_swing_l': 11, 'en_cisd': True, 'k': 2, 'en_cap_bars': True, 'cap_1min': 686}.
[I 2026-07-13 15:34:20,206] Trial 1863 finished with values: [-390.32197571494015, -1909.28116324109, 47.099999999999994] and parameters: {'sl_soft': 0.014434431894588548, 'sl_hard_delta': 0.031196556357529437, 'tp': 0.03314312527542716, 'gate_pct': 99.52194572971088, 'dd_limit': 3.8524500851165895, 'cooldown': 26, 'flip': True, 'en_ema_trend': True, 'ema_trend_fast': 85, 'ema_trend_slow': 19, 'en_sma_trend': True, 'sma_trend_fast': 222, 'sma_trend_slow': 140, 'en_macd': False, 'macd_fast': 64, 'macd_slow': 11, 'macd_signal': 18, 'en_vwap': False, 'en_keltner': False, 'keltner_n': 56, 'keltner_m': 0.5, 'en_obv': False, 'obv_slope': 197, 'en_cci': False, 'cci_n': 140, 'cci_threshold': 145, 'en_rsi': False, 'rsi_n': 91, 'rsi_lower': 16, 'rsi_upper': 89, 'en_stochastic': False, 'stochastic_n': 87, 'stochastic_d': 2, 'stochastic_lower': 31, 'stochastic_upper': 89, 'en_mfi': False, 'mfi_n': 49, 'mfi_lower': 35, 'mfi_upper': 82, 'en_bollinger': True, 'bollinger_n': 139, 'bollinger_k': 1.4, 'en_adx': False, 'adx_n': 32, 'adx_threshold': 13, 'en_structure_trend': False, 'structure_trend_swing_l': 16, 'en_order_block': False, 'order_block_swing_l': 5, 'en_fvg': False, 'fvg_lookback': 32, 'en_ifvg': True, 'en_breaker': True, 'breaker_swing_l': 6, 'en_cisd': False, 'k': 1, 'en_cap_bars': True, 'cap_1min': 753}.
[I 2026-07-13 15:34:23,549] Trial 1864 finished with values: [-706.0136972348552, -2908.62362754023, 35.5] and parameters: {'sl_soft': 0.010118579279263403, 'sl_hard_delta': 0.02515171303306487, 'tp': 0.04263786134786264, 'gate_pct': 96.82972780322679, 'dd_limit': 4.161321008004919, 'cooldown': 9, 'flip': False, 'en_ema_trend': True, 'ema_trend_fast': 110, 'ema_trend_slow': 158, 'en_sma_trend': True, 'sma_trend_fast': 353, 'sma_trend_slow': 210, 'en_macd': True, 'macd_fast': 9, 'macd_slow': 114, 'macd_signal': 55, 'en_vwap': False, 'en_keltner': False, 'keltner_n': 152, 'keltner_m': 3.1, 'en_obv': True, 'obv_slope': 46, 'en_cci': True, 'cci_n': 20, 'cci_threshold': 250, 'en_rsi': True, 'rsi_n': 31, 'rsi_lower': 6, 'rsi_upper': 89, 'en_stochastic': False, 'stochastic_n': 78, 'stochastic_d': 5, 'stochastic_lower': 4, 'stochastic_upper': 69, 'en_mfi': True, 'mfi_n': 76, 'mfi_lower': 24, 'mfi_upper': 64, 'en_bollinger': True, 'bollinger_n': 134, 'bollinger_k': 3.9000000000000004, 'en_adx': False, 'adx_n': 90, 'adx_threshold': 45, 'en_structure_trend': False, 'structure_trend_swing_l': 12, 'en_order_block': True, 'order_block_swing_l': 2, 'en_fvg': True, 'fvg_lookback': 45, 'en_ifvg': False, 'en_breaker': False, 'breaker_swing_l': 2, 'en_cisd': True, 'k': 1, 'en_cap_bars': True, 'cap_1min': 1435}.
[I 2026-07-13 15:34:34,321] Trial 1865 finished with values: [-929.9029509942793, -6900.2793818285545, 54.75] and parameters: {'sl_soft': 0.015203057816679206, 'sl_hard_delta': 0.03727016515657848, 'tp': 0.03040330530600309, 'gate_pct': 99.95605949198794, 'dd_limit': 8.959003028808816, 'cooldown': 10, 'flip': True, 'en_ema_trend': False, 'ema_trend_fast': 27, 'ema_trend_slow': 172, 'en_sma_trend': False, 'sma_trend_fast': 392, 'sma_trend_slow': 50, 'en_macd': True, 'macd_fast': 39, 'macd_slow': 89, 'macd_signal': 26, 'en_vwap': True, 'en_keltner': True, 'keltner_n': 139, 'keltner_m': 1.1, 'en_obv': True, 'obv_slope': 86, 'en_cci': True, 'cci_n': 124, 'cci_threshold': 260, 'en_rsi': True, 'rsi_n': 100, 'rsi_lower': 13, 'rsi_upper': 95, 'en_stochastic': True, 'stochastic_n': 46, 'stochastic_d': 46, 'stochastic_lower': 7, 'stochastic_upper': 98, 'en_mfi': False, 'mfi_n': 7, 'mfi_lower': 12, 'mfi_upper': 96, 'en_bollinger': False, 'bollinger_n': 14, 'bollinger_k': 3.7, 'en_adx': False, 'adx_n': 16, 'adx_threshold': 14, 'en_structure_trend': False, 'structure_trend_swing_l': 6, 'en_order_block': False, 'order_block_swing_l': 18, 'en_fvg': False, 'fvg_lookback': 34, 'en_ifvg': False, 'en_breaker': True, 'breaker_swing_l': 16, 'en_cisd': False, 'k': 4, 'en_cap_bars': False, 'cap_1min': 456}.
[I 2026-07-13 15:34:37,357] Trial 1866 finished with values: [-1408.395865024339, -12098.662608894447, 53.75] and parameters: {'sl_soft': 0.020223052950007456, 'sl_hard_delta': 0.028428697055377993, 'tp': 0.028560602836268517, 'gate_pct': 99.08068803261627, 'dd_limit': 4.667357421566379, 'cooldown': 3, 'flip': True, 'en_ema_trend': False, 'ema_trend_fast': 35, 'ema_trend_slow': 180, 'en_sma_trend': False, 'sma_trend_fast': 389, 'sma_trend_slow': 14, 'en_macd': False, 'macd_fast': 39, 'macd_slow': 96, 'macd_signal': 49, 'en_vwap': False, 'en_keltner': True, 'keltner_n': 178, 'keltner_m': 1.9000000000000001, 'en_obv': True, 'obv_slope': 72, 'en_cci': True, 'cci_n': 74, 'cci_threshold': 135, 'en_rsi': True, 'rsi_n': 100, 'rsi_lower': 32, 'rsi_upper': 96, 'en_stochastic': False, 'stochastic_n': 46, 'stochastic_d': 38, 'stochastic_lower': 27, 'stochastic_upper': 83, 'en_mfi': True, 'mfi_n': 83, 'mfi_lower': 41, 'mfi_upper': 87, 'en_bollinger': True, 'bollinger_n': 182, 'bollinger_k': 2.1, 'en_adx': False, 'adx_n': 38, 'adx_threshold': 24, 'en_structure_trend': False, 'structure_trend_swing_l': 20, 'en_order_block': True, 'order_block_swing_l': 12, 'en_fvg': False, 'fvg_lookback': 27, 'en_ifvg': False, 'en_breaker': False, 'breaker_swing_l': 16, 'en_cisd': True, 'k': 1, 'en_cap_bars': False, 'cap_1min': 1070}.
[I 2026-07-13 15:34:38,089] Trial 1867 pruned. 
[I 2026-07-13 15:34:39,476] Trial 1868 finished with values: [-674.3625849638058, -1023.3238444841675, 32.4] and parameters: {'sl_soft': 0.014434431894588548, 'sl_hard_delta': 0.019434445536367004, 'tp': 0.03314312527542716, 'gate_pct': 99.95605949198794, 'dd_limit': 1.4726436036009025, 'cooldown': 12, 'flip': True, 'en_ema_trend': True, 'ema_trend_fast': 27, 'ema_trend_slow': 14, 'en_sma_trend': False, 'sma_trend_fast': 392, 'sma_trend_slow': 319, 'en_macd': True, 'macd_fast': 64, 'macd_slow': 18, 'macd_signal': 27, 'en_vwap': True, 'en_keltner': False, 'keltner_n': 139, 'keltner_m': 2.5, 'en_obv': True, 'obv_slope': 72, 'en_cci': True, 'cci_n': 10, 'cci_threshold': 155, 'en_rsi': False, 'rsi_n': 91, 'rsi_lower': 13, 'rsi_upper': 89, 'en_stochastic': False, 'stochastic_n': 97, 'stochastic_d': 46, 'stochastic_lower': 17, 'stochastic_upper': 89, 'en_mfi': True, 'mfi_n': 93, 'mfi_lower': 35, 'mfi_upper': 96, 'en_bollinger': True, 'bollinger_n': 44, 'bollinger_k': 1.4, 'en_adx': False, 'adx_n': 36, 'adx_threshold': 50, 'en_structure_trend': True, 'structure_trend_swing_l': 6, 'en_order_block': True, 'order_block_swing_l': 4, 'en_fvg': False, 'fvg_lookback': 32, 'en_ifvg': False, 'en_breaker': True, 'breaker_swing_l': 15, 'en_cisd': False, 'k': 4, 'en_cap_bars': False, 'cap_1min': 963}.
[I 2026-07-13 15:34:48,264] Trial 1869 finished with values: [157.73875865505715, -723.6868960794851, 55.7] and parameters: {'sl_soft': 0.027249176648190113, 'sl_hard_delta': 0.02177818012851011, 'tp': 0.05019970233381155, 'gate_pct': 96.82972780322679, 'dd_limit': 0.8350241645118831, 'cooldown': 26, 'flip': True, 'en_ema_trend': True, 'ema_trend_fast': 342, 'ema_trend_slow': 60, 'en_sma_trend': False, 'sma_trend_fast': 322, 'sma_trend_slow': 157, 'en_macd': False, 'macd_fast': 52, 'macd_slow': 3, 'macd_signal': 21, 'en_vwap': False, 'en_keltner': True, 'keltner_n': 26, 'keltner_m': 2.1, 'en_obv': True, 'obv_slope': 129, 'en_cci': True, 'cci_n': 66, 'cci_threshold': 250, 'en_rsi': False, 'rsi_n': 72, 'rsi_lower': 47, 'rsi_upper': 58, 'en_stochastic': True, 'stochastic_n': 53, 'stochastic_d': 30, 'stochastic_lower': 4, 'stochastic_upper': 74, 'en_mfi': True, 'mfi_n': 35, 'mfi_lower': 5, 'mfi_upper': 80, 'en_bollinger': False, 'bollinger_n': 120, 'bollinger_k': 3.8000000000000003, 'en_adx': False, 'adx_n': 91, 'adx_threshold': 38, 'en_structure_trend': False, 'structure_trend_swing_l': 1, 'en_order_block': False, 'order_block_swing_l': 4, 'en_fvg': True, 'fvg_lookback': 5, 'en_ifvg': False, 'en_breaker': True, 'breaker_swing_l': 8, 'en_cisd': False, 'k': 3, 'en_cap_bars': True, 'cap_1min': 219}.
[I 2026-07-13 15:34:55,668] Trial 1870 finished with values: [-316.19485283949086, -1250.4850001388236, 58.55] and parameters: {'sl_soft': 0.03329247238962443, 'sl_hard_delta': 0.01351865596345161, 'tp': 0.019395224610929157, 'gate_pct': 96.82972780322679, 'dd_limit': 0.23735305616742414, 'cooldown': 21, 'flip': True, 'en_ema_trend': False, 'ema_trend_fast': 108, 'ema_trend_slow': 19, 'en_sma_trend': True, 'sma_trend_fast': 198, 'sma_trend_slow': 57, 'en_macd': False, 'macd_fast': 76, 'macd_slow': 18, 'macd_signal': 61, 'en_vwap': False, 'en_keltner': True, 'keltner_n': 135, 'keltner_m': 4.7, 'en_obv': True, 'obv_slope': 129, 'en_cci': False, 'cci_n': 134, 'cci_threshold': 250, 'en_rsi': False, 'rsi_n': 95, 'rsi_lower': 31, 'rsi_upper': 79, 'en_stochastic': True, 'stochastic_n': 78, 'stochastic_d': 6, 'stochastic_lower': 4, 'stochastic_upper': 51, 'en_mfi': False, 'mfi_n': 14, 'mfi_lower': 2, 'mfi_upper': 79, 'en_bollinger': False, 'bollinger_n': 134, 'bollinger_k': 4.2, 'en_adx': False, 'adx_n': 83, 'adx_threshold': 53, 'en_structure_trend': True, 'structure_trend_swing_l': 13, 'en_order_block': True, 'order_block_swing_l': 4, 'en_fvg': False, 'fvg_lookback': 45, 'en_ifvg': False, 'en_breaker': False, 'breaker_swing_l': 2, 'en_cisd': False, 'k': 1, 'en_cap_bars': True, 'cap_1min': 1079}.
[I 2026-07-13 15:34:56,725] Trial 1871 finished with values: [-239.6228823969793, -2969.8060935137237, 69.7] and parameters: {'sl_soft': 0.018243430180995453, 'sl_hard_delta': 0.055497368807900425, 'tp': 0.019395224610929157, 'gate_pct': 97.81683336946006, 'dd_limit': 0.7899894121384478, 'cooldown': 25, 'flip': True, 'en_ema_trend': True, 'ema_trend_fast': 108, 'ema_trend_slow': 176, 'en_sma_trend': False, 'sma_trend_fast': 166, 'sma_trend_slow': 85, 'en_macd': False, 'macd_fast': 76, 'macd_slow': 18, 'macd_signal': 6, 'en_vwap': True, 'en_keltner': True, 'keltner_n': 172, 'keltner_m': 4.7, 'en_obv': True, 'obv_slope': 157, 'en_cci': False, 'cci_n': 6, 'cci_threshold': 170, 'en_rsi': False, 'rsi_n': 73, 'rsi_lower': 25, 'rsi_upper': 96, 'en_stochastic': False, 'stochastic_n': 29, 'stochastic_d': 27, 'stochastic_lower': 31, 'stochastic_upper': 72, 'en_mfi': False, 'mfi_n': 27, 'mfi_lower': 2, 'mfi_upper': 79, 'en_bollinger': True, 'bollinger_n': 122, 'bollinger_k': 3.8000000000000003, 'en_adx': False, 'adx_n': 83, 'adx_threshold': 8, 'en_structure_trend': True, 'structure_trend_swing_l': 2, 'en_order_block': True, 'order_block_swing_l': 15, 'en_fvg': False, 'fvg_lookback': 48, 'en_ifvg': False, 'en_breaker': True, 'breaker_swing_l': 20, 'en_cisd': True, 'k': 2, 'en_cap_bars': False, 'cap_1min': 1079}.
[I 2026-07-13 15:34:56,915] Trial 1872 pruned. 
[I 2026-07-13 15:34:57,394] Trial 1873 finished with values: [-749.8550867740228, -903.23374067804, 13.35] and parameters: {'sl_soft': 0.010118579279263403, 'sl_hard_delta': 0.02515171303306487, 'tp': 0.06597500573834292, 'gate_pct': 96.82972780322679, 'dd_limit': 9.50807718589736, 'cooldown': 27, 'flip': False, 'en_ema_trend': True, 'ema_trend_fast': 24, 'ema_trend_slow': 397, 'en_sma_trend': True, 'sma_trend_fast': 353, 'sma_trend_slow': 141, 'en_macd': True, 'macd_fast': 53, 'macd_slow': 114, 'macd_signal': 61, 'en_vwap': False, 'en_keltner': True, 'keltner_n': 135, 'keltner_m': 2.1, 'en_obv': True, 'obv_slope': 129, 'en_cci': True, 'cci_n': 4, 'cci_threshold': 250, 'en_rsi': True, 'rsi_n': 31, 'rsi_lower': 31, 'rsi_upper': 89, 'en_stochastic': False, 'stochastic_n': 78, 'stochastic_d': 29, 'stochastic_lower': 4, 'stochastic_upper': 78, 'en_mfi': True, 'mfi_n': 14, 'mfi_lower': 11, 'mfi_upper': 64, 'en_bollinger': True, 'bollinger_n': 134, 'bollinger_k': 4.2, 'en_adx': False, 'adx_n': 67, 'adx_threshold': 38, 'en_structure_trend': False, 'structure_trend_swing_l': 12, 'en_order_block': False, 'order_block_swing_l': 4, 'en_fvg': True, 'fvg_lookback': 45, 'en_ifvg': False, 'en_breaker': False, 'breaker_swing_l': 2, 'en_cisd': True, 'k': 1, 'en_cap_bars': True, 'cap_1min': 1134}.
[I 2026-07-13 15:34:59,558] Trial 1874 pruned. 
[I 2026-07-13 15:35:01,579] Trial 1875 finished with values: [752.9042662636873, -2658.905648306345, 46.2] and parameters: {'sl_soft': 0.019818244244465925, 'sl_hard_delta': 0.028428697055377993, 'tp': 0.05207667600189557, 'gate_pct': 98.72479828405353, 'dd_limit': 4.667357421566379, 'cooldown': 10, 'flip': True, 'en_ema_trend': True, 'ema_trend_fast': 81, 'ema_trend_slow': 136, 'en_sma_trend': True, 'sma_trend_fast': 270, 'sma_trend_slow': 115, 'en_macd': False, 'macd_fast': 39, 'macd_slow': 11, 'macd_signal': 49, 'en_vwap': False, 'en_keltner': False, 'keltner_n': 146, 'keltner_m': 2.3, 'en_obv': True, 'obv_slope': 105, 'en_cci': False, 'cci_n': 67, 'cci_threshold': 95, 'en_rsi': False, 'rsi_n': 50, 'rsi_lower': 8, 'rsi_upper': 59, 'en_stochastic': False, 'stochastic_n': 39, 'stochastic_d': 41, 'stochastic_lower': 2, 'stochastic_upper': 79, 'en_mfi': False, 'mfi_n': 94, 'mfi_lower': 19, 'mfi_upper': 66, 'en_bollinger': True, 'bollinger_n': 139, 'bollinger_k': 3.7, 'en_adx': False, 'adx_n': 53, 'adx_threshold': 24, 'en_structure_trend': False, 'structure_trend_swing_l': 3, 'en_order_block': False, 'order_block_swing_l': 19, 'en_fvg': True, 'fvg_lookback': 20, 'en_ifvg': False, 'en_breaker': True, 'breaker_swing_l': 16, 'en_cisd': True, 'k': 1, 'en_cap_bars': True, 'cap_1min': 686}.
[I 2026-07-13 15:35:02,125] Trial 1876 pruned. 
[I 2026-07-13 15:35:02,545] Trial 1877 finished with values: [-538.0442435298783, -4218.025520159969, 53.400000000000006] and parameters: {'sl_soft': 0.034454793278025315, 'sl_hard_delta': 0.04000671936357235, 'tp': 0.06466351711838181, 'gate_pct': 90.97354990533721, 'dd_limit': 0.23735305616742414, 'cooldown': 2, 'flip': True, 'en_ema_trend': True, 'ema_trend_fast': 206, 'ema_trend_slow': 19, 'en_sma_trend': False, 'sma_trend_fast': 262, 'sma_trend_slow': 245, 'en_macd': True, 'macd_fast': 10, 'macd_slow': 196, 'macd_signal': 25, 'en_vwap': True, 'en_keltner': True, 'keltner_n': 172, 'keltner_m': 4.7, 'en_obv': False, 'obv_slope': 197, 'en_cci': True, 'cci_n': 88, 'cci_threshold': 295, 'en_rsi': False, 'rsi_n': 46, 'rsi_lower': 16, 'rsi_upper': 72, 'en_stochastic': True, 'stochastic_n': 24, 'stochastic_d': 6, 'stochastic_lower': 31, 'stochastic_upper': 78, 'en_mfi': False, 'mfi_n': 68, 'mfi_lower': 2, 'mfi_upper': 93, 'en_bollinger': True, 'bollinger_n': 122, 'bollinger_k': 3.5, 'en_adx': False, 'adx_n': 64, 'adx_threshold': 12, 'en_structure_trend': True, 'structure_trend_swing_l': 13, 'en_order_block': True, 'order_block_swing_l': 15, 'en_fvg': True, 'fvg_lookback': 44, 'en_ifvg': False, 'en_breaker': True, 'breaker_swing_l': 15, 'en_cisd': False, 'k': 1, 'en_cap_bars': True, 'cap_1min': 483}.
[I 2026-07-13 15:35:03,425] Trial 1878 pruned. 
[I 2026-07-13 15:35:10,842] Trial 1879 finished with values: [-345.06281641036185, -2996.0627307320915, 42.3] and parameters: {'sl_soft': 0.027915550253155015, 'sl_hard_delta': 0.02515171303306487, 'tp': 0.05957637995357488, 'gate_pct': 99.08068803261627, 'dd_limit': 9.50807718589736, 'cooldown': 3, 'flip': True, 'en_ema_trend': True, 'ema_trend_fast': 24, 'ema_trend_slow': 292, 'en_sma_trend': True, 'sma_trend_fast': 353, 'sma_trend_slow': 141, 'en_macd': True, 'macd_fast': 48, 'macd_slow': 60, 'macd_signal': 40, 'en_vwap': True, 'en_keltner': False, 'keltner_n': 135, 'keltner_m': 2.1, 'en_obv': True, 'obv_slope': 129, 'en_cci': True, 'cci_n': 4, 'cci_threshold': 250, 'en_rsi': True, 'rsi_n': 100, 'rsi_lower': 31, 'rsi_upper': 89, 'en_stochastic': True, 'stochastic_n': 46, 'stochastic_d': 38, 'stochastic_lower': 4, 'stochastic_upper': 78, 'en_mfi': True, 'mfi_n': 14, 'mfi_lower': 41, 'mfi_upper': 87, 'en_bollinger': True, 'bollinger_n': 134, 'bollinger_k': 4.2, 'en_adx': False, 'adx_n': 41, 'adx_threshold': 38, 'en_structure_trend': True, 'structure_trend_swing_l': 20, 'en_order_block': True, 'order_block_swing_l': 12, 'en_fvg': True, 'fvg_lookback': 48, 'en_ifvg': False, 'en_breaker': False, 'breaker_swing_l': 14, 'en_cisd': True, 'k': 2, 'en_cap_bars': True, 'cap_1min': 1134}.
[I 2026-07-13 15:35:12,529] Trial 1880 pruned. 
[I 2026-07-13 15:35:13,062] Trial 1881 pruned. 
[I 2026-07-13 15:35:13,949] Trial 1882 finished with values: [-298.3169235603533, -3246.2687776844487, 59.6] and parameters: {'sl_soft': 0.020223052950007456, 'sl_hard_delta': 0.04146915336807996, 'tp': 0.024786837987347286, 'gate_pct': 96.82972780322679, 'dd_limit': 7.533717473698608, 'cooldown': 27, 'flip': True, 'en_ema_trend': False, 'ema_trend_fast': 148, 'ema_trend_slow': 397, 'en_sma_trend': True, 'sma_trend_fast': 198, 'sma_trend_slow': 57, 'en_macd': False, 'macd_fast': 53, 'macd_slow': 15, 'macd_signal': 40, 'en_vwap': True, 'en_keltner': False, 'keltner_n': 178, 'keltner_m': 1.8, 'en_obv': True, 'obv_slope': 57, 'en_cci': True, 'cci_n': 39, 'cci_threshold': 60, 'en_rsi': False, 'rsi_n': 53, 'rsi_lower': 31, 'rsi_upper': 85, 'en_stochastic': False, 'stochastic_n': 46, 'stochastic_d': 38, 'stochastic_lower': 4, 'stochastic_upper': 64, 'en_mfi': True, 'mfi_n': 35, 'mfi_lower': 11, 'mfi_upper': 87, 'en_bollinger': True, 'bollinger_n': 134, 'bollinger_k': 4.2, 'en_adx': False, 'adx_n': 22, 'adx_threshold': 38, 'en_structure_trend': True, 'structure_trend_swing_l': 12, 'en_order_block': False, 'order_block_swing_l': 4, 'en_fvg': True, 'fvg_lookback': 45, 'en_ifvg': False, 'en_breaker': False, 'breaker_swing_l': 14, 'en_cisd': True, 'k': 1, 'en_cap_bars': False, 'cap_1min': 797}.
[I 2026-07-13 15:35:15,024] Trial 1883 pruned. 
[I 2026-07-13 15:35:15,305] Trial 1884 pruned. 
[I 2026-07-13 15:35:18,420] Trial 1885 finished with values: [835.0126528495493, -4289.47961282198, 61.65] and parameters: {'sl_soft': 0.019818244244465925, 'sl_hard_delta': 0.03727016515657848, 'tp': 0.03040330530600309, 'gate_pct': 97.00844078669539, 'dd_limit': 4.667357421566379, 'cooldown': 7, 'flip': True, 'en_ema_trend': False, 'ema_trend_fast': 27, 'ema_trend_slow': 14, 'en_sma_trend': False, 'sma_trend_fast': 270, 'sma_trend_slow': 379, 'en_macd': True, 'macd_fast': 39, 'macd_slow': 42, 'macd_signal': 26, 'en_vwap': False, 'en_keltner': False, 'keltner_n': 139, 'keltner_m': 0.8, 'en_obv': True, 'obv_slope': 14, 'en_cci': True, 'cci_n': 74, 'cci_threshold': 155, 'en_rsi': False, 'rsi_n': 81, 'rsi_lower': 13, 'rsi_upper': 95, 'en_stochastic': False, 'stochastic_n': 88, 'stochastic_d': 6, 'stochastic_lower': 27, 'stochastic_upper': 94, 'en_mfi': False, 'mfi_n': 93, 'mfi_lower': 19, 'mfi_upper': 96, 'en_bollinger': False, 'bollinger_n': 44, 'bollinger_k': 0.5, 'en_adx': False, 'adx_n': 16, 'adx_threshold': 42, 'en_structure_trend': False, 'structure_trend_swing_l': 9, 'en_order_block': True, 'order_block_swing_l': 18, 'en_fvg': True, 'fvg_lookback': 50, 'en_ifvg': False, 'en_breaker': False, 'breaker_swing_l': 16, 'en_cisd': True, 'k': 4, 'en_cap_bars': True, 'cap_1min': 368}.
[I 2026-07-13 15:35:18,918] Trial 1886 pruned. 
[I 2026-07-13 15:35:19,822] Trial 1887 pruned. 
[I 2026-07-13 15:35:20,420] Trial 1888 pruned. 
[I 2026-07-13 15:35:28,473] Trial 1889 finished with values: [409.13236693057803, -1701.620456022752, 39.9] and parameters: {'sl_soft': 0.020223052950007456, 'sl_hard_delta': 0.006655247180609973, 'tp': 0.05019970233381155, 'gate_pct': 99.08068803261627, 'dd_limit': 4.640993551634958, 'cooldown': 3, 'flip': False, 'en_ema_trend': False, 'ema_trend_fast': 62, 'ema_trend_slow': 292, 'en_sma_trend': False, 'sma_trend_fast': 389, 'sma_trend_slow': 359, 'en_macd': True, 'macd_fast': 48, 'macd_slow': 60, 'macd_signal': 21, 'en_vwap': True, 'en_keltner': False, 'keltner_n': 26, 'keltner_m': 1.8, 'en_obv': True, 'obv_slope': 82, 'en_cci': True, 'cci_n': 83, 'cci_threshold': 220, 'en_rsi': True, 'rsi_n': 100, 'rsi_lower': 32, 'rsi_upper': 65, 'en_stochastic': True, 'stochastic_n': 46, 'stochastic_d': 30, 'stochastic_lower': 39, 'stochastic_upper': 74, 'en_mfi': True, 'mfi_n': 76, 'mfi_lower': 5, 'mfi_upper': 87, 'en_bollinger': False, 'bollinger_n': 72, 'bollinger_k': 3.8000000000000003, 'en_adx': False, 'adx_n': 85, 'adx_threshold': 42, 'en_structure_trend': True, 'structure_trend_swing_l': 20, 'en_order_block': False, 'order_block_swing_l': 12, 'en_fvg': False, 'fvg_lookback': 48, 'en_ifvg': False, 'en_breaker': False, 'breaker_swing_l': 8, 'en_cisd': True, 'k': 2, 'en_cap_bars': False, 'cap_1min': 1070}.
