[I 2026-07-13 15:32:17,873] Trial 1810 finished with values: [118.77662680399581, -1597.5741077735247, 45.0] and parameters: {'sl_soft': 0.011632989549682653, 'sl_hard_delta': 0.055023956129631846, 'tp': 0.04927094955011397, 'gate_pct': 96.82972780322679, 'dd_limit': 9.066216783758431, 'cooldown': 27, 'flip': True, 'en_ema_trend': True, 'ema_trend_fast': 351, 'ema_trend_slow': 367, 'en_sma_trend': False, 'sma_trend_fast': 372, 'sma_trend_slow': 319, 'en_macd': False, 'macd_fast': 10, 'macd_slow': 18, 'macd_signal': 52, 'en_vwap': False, 'en_keltner': True, 'keltner_n': 135, 'keltner_m': 5.0, 'en_obv': True, 'obv_slope': 191, 'en_cci': False, 'cci_n': 166, 'cci_threshold': 25, 'en_rsi': False, 'rsi_n': 72, 'rsi_lower': 12, 'rsi_upper': 77, 'en_stochastic': False, 'stochastic_n': 82, 'stochastic_d': 39, 'stochastic_lower': 17, 'stochastic_upper': 78, 'en_mfi': True, 'mfi_n': 77, 'mfi_lower': 8, 'mfi_upper': 76, 'en_bollinger': True, 'bollinger_n': 155, 'bollinger_k': 4.2, 'en_adx': False, 'adx_n': 36, 'adx_threshold': 38, 'en_structure_trend': False, 'structure_trend_swing_l': 12, 'en_order_block': True, 'order_block_swing_l': 12, 'en_fvg': False, 'fvg_lookback': 45, 'en_ifvg': False, 'en_breaker': True, 'breaker_swing_l': 9, 'en_cisd': True, 'k': 3, 'en_cap_bars': False, 'cap_1min': 797}.
[I 2026-07-13 15:32:19,975] Trial 1811 pruned. 
[I 2026-07-13 15:32:23,972] Trial 1812 finished with values: [360.906938172949, -1478.306507184044, 30.1] and parameters: {'sl_soft': 0.020223052950007456, 'sl_hard_delta': 0.006655247180609973, 'tp': 0.0739135300227091, 'gate_pct': 97.00844078669539, 'dd_limit': 9.628020027635628, 'cooldown': 3, 'flip': True, 'en_ema_trend': True, 'ema_trend_fast': 23, 'ema_trend_slow': 292, 'en_sma_trend': True, 'sma_trend_fast': 382, 'sma_trend_slow': 359, 'en_macd': False, 'macd_fast': 38, 'macd_slow': 88, 'macd_signal': 45, 'en_vwap': True, 'en_keltner': False, 'keltner_n': 178, 'keltner_m': 1.8, 'en_obv': True, 'obv_slope': 162, 'en_cci': True, 'cci_n': 67, 'cci_threshold': 135, 'en_rsi': True, 'rsi_n': 100, 'rsi_lower': 32, 'rsi_upper': 74, 'en_stochastic': False, 'stochastic_n': 71, 'stochastic_d': 6, 'stochastic_lower': 39, 'stochastic_upper': 83, 'en_mfi': True, 'mfi_n': 28, 'mfi_lower': 43, 'mfi_upper': 87, 'en_bollinger': True, 'bollinger_n': 72, 'bollinger_k': 4.6000000000000005, 'en_adx': False, 'adx_n': 27, 'adx_threshold': 54, 'en_structure_trend': True, 'structure_trend_swing_l': 1, 'en_order_block': True, 'order_block_swing_l': 18, 'en_fvg': False, 'fvg_lookback': 50, 'en_ifvg': True, 'en_breaker': True, 'breaker_swing_l': 13, 'en_cisd': True, 'k': 2, 'en_cap_bars': False, 'cap_1min': 495}.
[I 2026-07-13 15:32:25,005] Trial 1813 pruned. 
[I 2026-07-13 15:32:27,691] Trial 1814 finished with values: [963.1781356143065, -2560.187539849322, 59.55] and parameters: {'sl_soft': 0.02319530491076429, 'sl_hard_delta': 0.019434445536367004, 'tp': 0.03314312527542716, 'gate_pct': 97.00844078669539, 'dd_limit': 7.364744278329123, 'cooldown': 12, 'flip': True, 'en_ema_trend': True, 'ema_trend_fast': 23, 'ema_trend_slow': 136, 'en_sma_trend': True, 'sma_trend_fast': 372, 'sma_trend_slow': 16, 'en_macd': True, 'macd_fast': 64, 'macd_slow': 88, 'macd_signal': 27, 'en_vwap': False, 'en_keltner': False, 'keltner_n': 60, 'keltner_m': 5.0, 'en_obv': True, 'obv_slope': 72, 'en_cci': False, 'cci_n': 10, 'cci_threshold': 25, 'en_rsi': False, 'rsi_n': 74, 'rsi_lower': 12, 'rsi_upper': 89, 'en_stochastic': False, 'stochastic_n': 27, 'stochastic_d': 2, 'stochastic_lower': 3, 'stochastic_upper': 94, 'en_mfi': False, 'mfi_n': 84, 'mfi_lower': 42, 'mfi_upper': 69, 'en_bollinger': True, 'bollinger_n': 3, 'bollinger_k': 1.4, 'en_adx': False, 'adx_n': 35, 'adx_threshold': 50, 'en_structure_trend': False, 'structure_trend_swing_l': 3, 'en_order_block': True, 'order_block_swing_l': 4, 'en_fvg': False, 'fvg_lookback': 50, 'en_ifvg': False, 'en_breaker': False, 'breaker_swing_l': 15, 'en_cisd': False, 'k': 1, 'en_cap_bars': True, 'cap_1min': 495}.
[I 2026-07-13 15:32:30,564] Trial 1815 finished with values: [-248.79048867211043, -3769.5902510201067, 36.65] and parameters: {'sl_soft': 0.02324929252414567, 'sl_hard_delta': 0.012763153595698788, 'tp': 0.053194305772010134, 'gate_pct': 96.54380504120698, 'dd_limit': 3.915453255051588, 'cooldown': 5, 'flip': False, 'en_ema_trend': False, 'ema_trend_fast': 110, 'ema_trend_slow': 158, 'en_sma_trend': False, 'sma_trend_fast': 257, 'sma_trend_slow': 210, 'en_macd': True, 'macd_fast': 87, 'macd_slow': 146, 'macd_signal': 34, 'en_vwap': True, 'en_keltner': False, 'keltner_n': 163, 'keltner_m': 2.4000000000000004, 'en_obv': False, 'obv_slope': 46, 'en_cci': True, 'cci_n': 20, 'cci_threshold': 255, 'en_rsi': False, 'rsi_n': 94, 'rsi_lower': 43, 'rsi_upper': 90, 'en_stochastic': False, 'stochastic_n': 16, 'stochastic_d': 7, 'stochastic_lower': 20, 'stochastic_upper': 69, 'en_mfi': True, 'mfi_n': 76, 'mfi_lower': 12, 'mfi_upper': 83, 'en_bollinger': True, 'bollinger_n': 14, 'bollinger_k': 3.9000000000000004, 'en_adx': False, 'adx_n': 52, 'adx_threshold': 8, 'en_structure_trend': True, 'structure_trend_swing_l': 14, 'en_order_block': False, 'order_block_swing_l': 19, 'en_fvg': False, 'fvg_lookback': 34, 'en_ifvg': True, 'en_breaker': False, 'breaker_swing_l': 3, 'en_cisd': True, 'k': 1, 'en_cap_bars': False, 'cap_1min': 715}.
[I 2026-07-13 15:32:32,037] Trial 1816 pruned. 
[I 2026-07-13 15:32:33,042] Trial 1817 pruned. 
[I 2026-07-13 15:32:34,221] Trial 1818 finished with values: [-888.8612322980903, -4080.242983559151, 57.7] and parameters: {'sl_soft': 0.014434431894588548, 'sl_hard_delta': 0.031196556357529437, 'tp': 0.014639614258084065, 'gate_pct': 94.87782605027864, 'dd_limit': 3.8524500851165895, 'cooldown': 16, 'flip': True, 'en_ema_trend': True, 'ema_trend_fast': 85, 'ema_trend_slow': 19, 'en_sma_trend': True, 'sma_trend_fast': 237, 'sma_trend_slow': 16, 'en_macd': False, 'macd_fast': 64, 'macd_slow': 11, 'macd_signal': 75, 'en_vwap': False, 'en_keltner': False, 'keltner_n': 32, 'keltner_m': 1.3, 'en_obv': True, 'obv_slope': 72, 'en_cci': False, 'cci_n': 140, 'cci_threshold': 245, 'en_rsi': False, 'rsi_n': 46, 'rsi_lower': 16, 'rsi_upper': 67, 'en_stochastic': False, 'stochastic_n': 87, 'stochastic_d': 34, 'stochastic_lower': 31, 'stochastic_upper': 89, 'en_mfi': False, 'mfi_n': 84, 'mfi_lower': 18, 'mfi_upper': 57, 'en_bollinger': False, 'bollinger_n': 139, 'bollinger_k': 1.4, 'en_adx': False, 'adx_n': 32, 'adx_threshold': 13, 'en_structure_trend': False, 'structure_trend_swing_l': 16, 'en_order_block': True, 'order_block_swing_l': 5, 'en_fvg': True, 'fvg_lookback': 24, 'en_ifvg': False, 'en_breaker': False, 'breaker_swing_l': 15, 'en_cisd': False, 'k': 1, 'en_cap_bars': True, 'cap_1min': 753}.
[I 2026-07-13 15:32:36,711] Trial 1819 finished with values: [-547.4727976552174, -1563.1715545600855, 36.65] and parameters: {'sl_soft': 0.018446440995462176, 'sl_hard_delta': 0.02177818012851011, 'tp': 0.03504762728325812, 'gate_pct': 98.21870877115913, 'dd_limit': 0.8350241645118831, 'cooldown': 8, 'flip': False, 'en_ema_trend': False, 'ema_trend_fast': 38, 'ema_trend_slow': 260, 'en_sma_trend': False, 'sma_trend_fast': 322, 'sma_trend_slow': 311, 'en_macd': True, 'macd_fast': 52, 'macd_slow': 106, 'macd_signal': 34, 'en_vwap': False, 'en_keltner': False, 'keltner_n': 99, 'keltner_m': 1.3, 'en_obv': False, 'obv_slope': 82, 'en_cci': True, 'cci_n': 33, 'cci_threshold': 220, 'en_rsi': False, 'rsi_n': 16, 'rsi_lower': 39, 'rsi_upper': 65, 'en_stochastic': False, 'stochastic_n': 2, 'stochastic_d': 30, 'stochastic_lower': 8, 'stochastic_upper': 74, 'en_mfi': True, 'mfi_n': 35, 'mfi_lower': 5, 'mfi_upper': 83, 'en_bollinger': False, 'bollinger_n': 189, 'bollinger_k': 3.8000000000000003, 'en_adx': False, 'adx_n': 63, 'adx_threshold': 39, 'en_structure_trend': False, 'structure_trend_swing_l': 14, 'en_order_block': False, 'order_block_swing_l': 19, 'en_fvg': True, 'fvg_lookback': 18, 'en_ifvg': True, 'en_breaker': True, 'breaker_swing_l': 8, 'en_cisd': False, 'k': 4, 'en_cap_bars': False, 'cap_1min': 219}.
[I 2026-07-13 15:32:36,948] Trial 1820 pruned. 
[I 2026-07-13 15:32:37,336] Trial 1821 pruned. 
[I 2026-07-13 15:32:38,816] Trial 1822 finished with values: [-111.61781712623056, -3263.1104248210368, 55.2] and parameters: {'sl_soft': 0.037570685993033495, 'sl_hard_delta': 0.006655247180609973, 'tp': 0.03314312527542716, 'gate_pct': 98.93711402329589, 'dd_limit': 4.640993551634958, 'cooldown': 3, 'flip': True, 'en_ema_trend': True, 'ema_trend_fast': 351, 'ema_trend_slow': 136, 'en_sma_trend': False, 'sma_trend_fast': 372, 'sma_trend_slow': 85, 'en_macd': True, 'macd_fast': 48, 'macd_slow': 60, 'macd_signal': 100, 'en_vwap': False, 'en_keltner': False, 'keltner_n': 178, 'keltner_m': 1.7000000000000002, 'en_obv': True, 'obv_slope': 72, 'en_cci': True, 'cci_n': 83, 'cci_threshold': 25, 'en_rsi': False, 'rsi_n': 91, 'rsi_lower': 12, 'rsi_upper': 96, 'en_stochastic': False, 'stochastic_n': 97, 'stochastic_d': 2, 'stochastic_lower': 31, 'stochastic_upper': 91, 'en_mfi': True, 'mfi_n': 84, 'mfi_lower': 35, 'mfi_upper': 57, 'en_bollinger': False, 'bollinger_n': 139, 'bollinger_k': 1.4, 'en_adx': False, 'adx_n': 16, 'adx_threshold': 50, 'en_structure_trend': True, 'structure_trend_swing_l': 15, 'en_order_block': True, 'order_block_swing_l': 4, 'en_fvg': False, 'fvg_lookback': 48, 'en_ifvg': True, 'en_breaker': True, 'breaker_swing_l': 16, 'en_cisd': True, 'k': 1, 'en_cap_bars': False, 'cap_1min': 1070}.
[I 2026-07-13 15:32:44,920] Trial 1823 finished with values: [1129.7674917220315, -7550.604580035029, 50.3] and parameters: {'sl_soft': 0.034454793278025315, 'sl_hard_delta': 0.04000671936357235, 'tp': 0.06466351711838181, 'gate_pct': 99.3861717774851, 'dd_limit': 4.866210487643857, 'cooldown': 2, 'flip': True, 'en_ema_trend': False, 'ema_trend_fast': 101, 'ema_trend_slow': 19, 'en_sma_trend': True, 'sma_trend_fast': 262, 'sma_trend_slow': 192, 'en_macd': True, 'macd_fast': 10, 'macd_slow': 196, 'macd_signal': 25, 'en_vwap': False, 'en_keltner': False, 'keltner_n': 22, 'keltner_m': 1.3, 'en_obv': True, 'obv_slope': 197, 'en_cci': False, 'cci_n': 88, 'cci_threshold': 35, 'en_rsi': False, 'rsi_n': 46, 'rsi_lower': 9, 'rsi_upper': 67, 'en_stochastic': True, 'stochastic_n': 87, 'stochastic_d': 45, 'stochastic_lower': 21, 'stochastic_upper': 78, 'en_mfi': False, 'mfi_n': 68, 'mfi_lower': 18, 'mfi_upper': 93, 'en_bollinger': True, 'bollinger_n': 70, 'bollinger_k': 1.1, 'en_adx': False, 'adx_n': 37, 'adx_threshold': 26, 'en_structure_trend': False, 'structure_trend_swing_l': 10, 'en_order_block': True, 'order_block_swing_l': 4, 'en_fvg': False, 'fvg_lookback': 44, 'en_ifvg': True, 'en_breaker': False, 'breaker_swing_l': 6, 'en_cisd': False, 'k': 1, 'en_cap_bars': True, 'cap_1min': 1239}.
[I 2026-07-13 15:32:46,254] Trial 1824 pruned. 
[I 2026-07-13 15:32:48,056] Trial 1825 pruned. 
[I 2026-07-13 15:32:50,081] Trial 1826 finished with values: [225.22863082446779, -2550.8934008698957, 70.75] and parameters: {'sl_soft': 0.0430567193720152, 'sl_hard_delta': 0.031196556357529437, 'tp': 0.03314312527542716, 'gate_pct': 94.87782605027864, 'dd_limit': 4.667357421566379, 'cooldown': 6, 'flip': True, 'en_ema_trend': True, 'ema_trend_fast': 323, 'ema_trend_slow': 116, 'en_sma_trend': True, 'sma_trend_fast': 270, 'sma_trend_slow': 140, 'en_macd': False, 'macd_fast': 39, 'macd_slow': 36, 'macd_signal': 49, 'en_vwap': False, 'en_keltner': False, 'keltner_n': 198, 'keltner_m': 0.5, 'en_obv': True, 'obv_slope': 72, 'en_cci': False, 'cci_n': 74, 'cci_threshold': 245, 'en_rsi': True, 'rsi_n': 50, 'rsi_lower': 6, 'rsi_upper': 89, 'en_stochastic': False, 'stochastic_n': 39, 'stochastic_d': 34, 'stochastic_lower': 32, 'stochastic_upper': 51, 'en_mfi': True, 'mfi_n': 49, 'mfi_lower': 13, 'mfi_upper': 54, 'en_bollinger': False, 'bollinger_n': 139, 'bollinger_k': 3.6, 'en_adx': False, 'adx_n': 87, 'adx_threshold': 24, 'en_structure_trend': True, 'structure_trend_swing_l': 3, 'en_order_block': False, 'order_block_swing_l': 5, 'en_fvg': True, 'fvg_lookback': 24, 'en_ifvg': False, 'en_breaker': False, 'breaker_swing_l': 17, 'en_cisd': True, 'k': 4, 'en_cap_bars': True, 'cap_1min': 1254}.
[I 2026-07-13 15:32:50,501] Trial 1827 finished with values: [182.04440703478042, -5346.0990888973465, 43.25] and parameters: {'sl_soft': 0.019818244244465925, 'sl_hard_delta': 0.05752078670204755, 'tp': 0.0739135300227091, 'gate_pct': 97.00844078669539, 'dd_limit': 4.667357421566379, 'cooldown': 7, 'flip': True, 'en_ema_trend': True, 'ema_trend_fast': 23, 'ema_trend_slow': 180, 'en_sma_trend': False, 'sma_trend_fast': 270, 'sma_trend_slow': 379, 'en_macd': True, 'macd_fast': 39, 'macd_slow': 96, 'macd_signal': 49, 'en_vwap': False, 'en_keltner': False, 'keltner_n': 60, 'keltner_m': 0.8, 'en_obv': False, 'obv_slope': 72, 'en_cci': True, 'cci_n': 74, 'cci_threshold': 50, 'en_rsi': False, 'rsi_n': 50, 'rsi_lower': 6, 'rsi_upper': 74, 'en_stochastic': False, 'stochastic_n': 39, 'stochastic_d': 6, 'stochastic_lower': 27, 'stochastic_upper': 94, 'en_mfi': False, 'mfi_n': 83, 'mfi_lower': 19, 'mfi_upper': 54, 'en_bollinger': True, 'bollinger_n': 182, 'bollinger_k': 0.5, 'en_adx': False, 'adx_n': 35, 'adx_threshold': 42, 'en_structure_trend': False, 'structure_trend_swing_l': 9, 'en_order_block': True, 'order_block_swing_l': 18, 'en_fvg': True, 'fvg_lookback': 50, 'en_ifvg': False, 'en_breaker': False, 'breaker_swing_l': 16, 'en_cisd': True, 'k': 1, 'en_cap_bars': True, 'cap_1min': 495}.
[I 2026-07-13 15:32:53,179] Trial 1828 pruned. 
[I 2026-07-13 15:32:54,970] Trial 1829 finished with values: [-855.4426154305083, -3369.1787007165917, 45.6] and parameters: {'sl_soft': 0.019818244244465925, 'sl_hard_delta': 0.028428697055377993, 'tp': 0.028560602836268517, 'gate_pct': 87.84603704995507, 'dd_limit': 4.667357421566379, 'cooldown': 6, 'flip': True, 'en_ema_trend': True, 'ema_trend_fast': 35, 'ema_trend_slow': 180, 'en_sma_trend': False, 'sma_trend_fast': 270, 'sma_trend_slow': 14, 'en_macd': True, 'macd_fast': 39, 'macd_slow': 86, 'macd_signal': 49, 'en_vwap': False, 'en_keltner': True, 'keltner_n': 198, 'keltner_m': 1.9000000000000001, 'en_obv': False, 'obv_slope': 72, 'en_cci': True, 'cci_n': 74, 'cci_threshold': 95, 'en_rsi': True, 'rsi_n': 50, 'rsi_lower': 6, 'rsi_upper': 53, 'en_stochastic': False, 'stochastic_n': 39, 'stochastic_d': 50, 'stochastic_lower': 27, 'stochastic_upper': 99, 'en_mfi': False, 'mfi_n': 83, 'mfi_lower': 19, 'mfi_upper': 54, 'en_bollinger': True, 'bollinger_n': 182, 'bollinger_k': 2.1, 'en_adx': False, 'adx_n': 38, 'adx_threshold': 24, 'en_structure_trend': False, 'structure_trend_swing_l': 9, 'en_order_block': True, 'order_block_swing_l': 2, 'en_fvg': True, 'fvg_lookback': 27, 'en_ifvg': False, 'en_breaker': False, 'breaker_swing_l': 16, 'en_cisd': True, 'k': 1, 'en_cap_bars': True, 'cap_1min': 1254}.
[I 2026-07-13 15:32:57,497] Trial 1830 pruned. 
[I 2026-07-13 15:32:58,327] Trial 1831 finished with values: [-207.34291673894853, -2167.0010339803275, 69.7] and parameters: {'sl_soft': 0.0395420475505296, 'sl_hard_delta': 0.031196556357529437, 'tp': 0.025405903547049746, 'gate_pct': 94.87782605027864, 'dd_limit': 9.066216783758431, 'cooldown': 12, 'flip': True, 'en_ema_trend': True, 'ema_trend_fast': 351, 'ema_trend_slow': 367, 'en_sma_trend': False, 'sma_trend_fast': 372, 'sma_trend_slow': 12, 'en_macd': False, 'macd_fast': 60, 'macd_slow': 96, 'macd_signal': 40, 'en_vwap': False, 'en_keltner': False, 'keltner_n': 32, 'keltner_m': 5.0, 'en_obv': True, 'obv_slope': 197, 'en_cci': False, 'cci_n': 140, 'cci_threshold': 245, 'en_rsi': False, 'rsi_n': 46, 'rsi_lower': 12, 'rsi_upper': 67, 'en_stochastic': False, 'stochastic_n': 87, 'stochastic_d': 34, 'stochastic_lower': 17, 'stochastic_upper': 78, 'en_mfi': False, 'mfi_n': 49, 'mfi_lower': 8, 'mfi_upper': 76, 'en_bollinger': True, 'bollinger_n': 56, 'bollinger_k': 3.1, 'en_adx': False, 'adx_n': 36, 'adx_threshold': 13, 'en_structure_trend': True, 'structure_trend_swing_l': 13, 'en_order_block': True, 'order_block_swing_l': 12, 'en_fvg': False, 'fvg_lookback': 11, 'en_ifvg': False, 'en_breaker': True, 'breaker_swing_l': 9, 'en_cisd': False, 'k': 3, 'en_cap_bars': False, 'cap_1min': 993}.
[I 2026-07-13 15:33:03,712] Trial 1832 finished with values: [-558.450010047551, -2174.618943045914, 61.35] and parameters: {'sl_soft': 0.034454793278025315, 'sl_hard_delta': 0.028428697055377993, 'tp': 0.028560602836268517, 'gate_pct': 90.97354990533721, 'dd_limit': 0.23735305616742414, 'cooldown': 2, 'flip': True, 'en_ema_trend': True, 'ema_trend_fast': 206, 'ema_trend_slow': 19, 'en_sma_trend': False, 'sma_trend_fast': 262, 'sma_trend_slow': 14, 'en_macd': True, 'macd_fast': 10, 'macd_slow': 196, 'macd_signal': 49, 'en_vwap': True, 'en_keltner': True, 'keltner_n': 172, 'keltner_m': 1.3, 'en_obv': False, 'obv_slope': 22, 'en_cci': True, 'cci_n': 74, 'cci_threshold': 95, 'en_rsi': False, 'rsi_n': 46, 'rsi_lower': 16, 'rsi_upper': 53, 'en_stochastic': True, 'stochastic_n': 39, 'stochastic_d': 50, 'stochastic_lower': 31, 'stochastic_upper': 78, 'en_mfi': False, 'mfi_n': 68, 'mfi_lower': 2, 'mfi_upper': 93, 'en_bollinger': True, 'bollinger_n': 122, 'bollinger_k': 3.5, 'en_adx': False, 'adx_n': 64, 'adx_threshold': 12, 'en_structure_trend': True, 'structure_trend_swing_l': 13, 'en_order_block': True, 'order_block_swing_l': 15, 'en_fvg': True, 'fvg_lookback': 44, 'en_ifvg': False, 'en_breaker': True, 'breaker_swing_l': 15, 'en_cisd': False, 'k': 1, 'en_cap_bars': True, 'cap_1min': 656}.
[I 2026-07-13 15:33:07,654] Trial 1833 finished with values: [-445.461702012917, -4657.772401189034, 59.95] and parameters: {'sl_soft': 0.034454793278025315, 'sl_hard_delta': 0.04000671936357235, 'tp': 0.04263786134786264, 'gate_pct': 90.81410949813346, 'dd_limit': 4.866210487643857, 'cooldown': 2, 'flip': True, 'en_ema_trend': True, 'ema_trend_fast': 101, 'ema_trend_slow': 158, 'en_sma_trend': False, 'sma_trend_fast': 257, 'sma_trend_slow': 192, 'en_macd': True, 'macd_fast': 9, 'macd_slow': 196, 'macd_signal': 55, 'en_vwap': False, 'en_keltner': True, 'keltner_n': 189, 'keltner_m': 1.3, 'en_obv': False, 'obv_slope': 197, 'en_cci': False, 'cci_n': 20, 'cci_threshold': 35, 'en_rsi': True, 'rsi_n': 77, 'rsi_lower': 26, 'rsi_upper': 90, 'en_stochastic': False, 'stochastic_n': 87, 'stochastic_d': 45, 'stochastic_lower': 31, 'stochastic_upper': 69, 'en_mfi': True, 'mfi_n': 68, 'mfi_lower': 24, 'mfi_upper': 93, 'en_bollinger': True, 'bollinger_n': 70, 'bollinger_k': 3.5, 'en_adx': False, 'adx_n': 90, 'adx_threshold': 45, 'en_structure_trend': False, 'structure_trend_swing_l': 10, 'en_order_block': True, 'order_block_swing_l': 15, 'en_fvg': True, 'fvg_lookback': 44, 'en_ifvg': True, 'en_breaker': False, 'breaker_swing_l': 8, 'en_cisd': True, 'k': 1, 'en_cap_bars': True, 'cap_1min': 1237}.
[I 2026-07-13 15:33:10,760] Trial 1834 finished with values: [-619.4816663373003, -1540.4373399196913, 50.95] and parameters: {'sl_soft': 0.010118579279263403, 'sl_hard_delta': 0.03311023092854689, 'tp': 0.019150750409977012, 'gate_pct': 96.82972780322679, 'dd_limit': 9.628020027635628, 'cooldown': 27, 'flip': True, 'en_ema_trend': False, 'ema_trend_fast': 23, 'ema_trend_slow': 133, 'en_sma_trend': True, 'sma_trend_fast': 198, 'sma_trend_slow': 57, 'en_macd': True, 'macd_fast': 38, 'macd_slow': 114, 'macd_signal': 61, 'en_vwap': True, 'en_keltner': True, 'keltner_n': 135, 'keltner_m': 2.1, 'en_obv': True, 'obv_slope': 129, 'en_cci': True, 'cci_n': 134, 'cci_threshold': 30, 'en_rsi': False, 'rsi_n': 95, 'rsi_lower': 5, 'rsi_upper': 88, 'en_stochastic': False, 'stochastic_n': 78, 'stochastic_d': 6, 'stochastic_lower': 2, 'stochastic_upper': 94, 'en_mfi': True, 'mfi_n': 73, 'mfi_lower': 11, 'mfi_upper': 69, 'en_bollinger': True, 'bollinger_n': 134, 'bollinger_k': 3.7, 'en_adx': False, 'adx_n': 22, 'adx_threshold': 42, 'en_structure_trend': False, 'structure_trend_swing_l': 1, 'en_order_block': False, 'order_block_swing_l': 18, 'en_fvg': False, 'fvg_lookback': 50, 'en_ifvg': False, 'en_breaker': True, 'breaker_swing_l': 13, 'en_cisd': True, 'k': 5, 'en_cap_bars': True, 'cap_1min': 495}.
[I 2026-07-13 15:33:13,597] Trial 1835 finished with values: [-706.2899360626317, -3112.761347486778, 46.8] and parameters: {'sl_soft': 0.027249176648190113, 'sl_hard_delta': 0.02177818012851011, 'tp': 0.03040330530600309, 'gate_pct': 98.21870877115913, 'dd_limit': 1.4726436036009025, 'cooldown': 10, 'flip': False, 'en_ema_trend': False, 'ema_trend_fast': 38, 'ema_trend_slow': 60, 'en_sma_trend': False, 'sma_trend_fast': 322, 'sma_trend_slow': 319, 'en_macd': True, 'macd_fast': 91, 'macd_slow': 134, 'macd_signal': 26, 'en_vwap': True, 'en_keltner': False, 'keltner_n': 139, 'keltner_m': 1.3, 'en_obv': True, 'obv_slope': 14, 'en_cci': True, 'cci_n': 106, 'cci_threshold': 220, 'en_rsi': False, 'rsi_n': 16, 'rsi_lower': 13, 'rsi_upper': 65, 'en_stochastic': False, 'stochastic_n': 88, 'stochastic_d': 30, 'stochastic_lower': 7, 'stochastic_upper': 61, 'en_mfi': True, 'mfi_n': 93, 'mfi_lower': 30, 'mfi_upper': 70, 'en_bollinger': False, 'bollinger_n': 44, 'bollinger_k': 3.7, 'en_adx': False, 'adx_n': 16, 'adx_threshold': 17, 'en_structure_trend': False, 'structure_trend_swing_l': 6, 'en_order_block': True, 'order_block_swing_l': 12, 'en_fvg': False, 'fvg_lookback': 9, 'en_ifvg': False, 'en_breaker': True, 'breaker_swing_l': 8, 'en_cisd': False, 'k': 4, 'en_cap_bars': True, 'cap_1min': 368}.
