[I 2026-07-13 15:35:37,323] Trial 1890 finished with values: [-671.380051987267, -1909.77069892341, 37.15] and parameters: {'sl_soft': 0.03432736489891091, 'sl_hard_delta': 0.011714767199095397, 'tp': 0.04263786134786264, 'gate_pct': 99.43810192295578, 'dd_limit': 3.915453255051588, 'cooldown': 9, 'flip': False, 'en_ema_trend': True, 'ema_trend_fast': 40, 'ema_trend_slow': 100, 'en_sma_trend': True, 'sma_trend_fast': 81, 'sma_trend_slow': 141, 'en_macd': False, 'macd_fast': 55, 'macd_slow': 125, 'macd_signal': 6, 'en_vwap': True, 'en_keltner': True, 'keltner_n': 39, 'keltner_m': 2.6, 'en_obv': True, 'obv_slope': 26, 'en_cci': False, 'cci_n': 20, 'cci_threshold': 130, 'en_rsi': False, 'rsi_n': 77, 'rsi_lower': 15, 'rsi_upper': 89, 'en_stochastic': False, 'stochastic_n': 89, 'stochastic_d': 29, 'stochastic_lower': 23, 'stochastic_upper': 97, 'en_mfi': True, 'mfi_n': 14, 'mfi_lower': 19, 'mfi_upper': 78, 'en_bollinger': True, 'bollinger_n': 49, 'bollinger_k': 3.8000000000000003, 'en_adx': True, 'adx_n': 5, 'adx_threshold': 45, 'en_structure_trend': False, 'structure_trend_swing_l': 11, 'en_order_block': False, 'order_block_swing_l': 2, 'en_fvg': True, 'fvg_lookback': 22, 'en_ifvg': True, 'en_breaker': False, 'breaker_swing_l': 5, 'en_cisd': True, 'k': 4, 'en_cap_bars': False, 'cap_1min': 457}.
[I 2026-07-13 15:35:37,822] Trial 1891 finished with values: [-124.40062968845919, -1956.0540724823736, 54.55] and parameters: {'sl_soft': 0.03432736489891091, 'sl_hard_delta': 0.020862445993428028, 'tp': 0.04263786134786264, 'gate_pct': 90.81410949813346, 'dd_limit': 3.915453255051588, 'cooldown': 9, 'flip': True, 'en_ema_trend': True, 'ema_trend_fast': 40, 'ema_trend_slow': 158, 'en_sma_trend': True, 'sma_trend_fast': 257, 'sma_trend_slow': 141, 'en_macd': True, 'macd_fast': 9, 'macd_slow': 18, 'macd_signal': 82, 'en_vwap': True, 'en_keltner': False, 'keltner_n': 39, 'keltner_m': 2.6, 'en_obv': True, 'obv_slope': 30, 'en_cci': False, 'cci_n': 27, 'cci_threshold': 255, 'en_rsi': True, 'rsi_n': 77, 'rsi_lower': 15, 'rsi_upper': 89, 'en_stochastic': False, 'stochastic_n': 16, 'stochastic_d': 29, 'stochastic_lower': 23, 'stochastic_upper': 97, 'en_mfi': True, 'mfi_n': 62, 'mfi_lower': 1, 'mfi_upper': 64, 'en_bollinger': True, 'bollinger_n': 49, 'bollinger_k': 3.9000000000000004, 'en_adx': False, 'adx_n': 90, 'adx_threshold': 45, 'en_structure_trend': False, 'structure_trend_swing_l': 11, 'en_order_block': True, 'order_block_swing_l': 2, 'en_fvg': True, 'fvg_lookback': 50, 'en_ifvg': False, 'en_breaker': False, 'breaker_swing_l': 5, 'en_cisd': True, 'k': 2, 'en_cap_bars': False, 'cap_1min': 1435}.
[I 2026-07-13 15:35:38,209] Trial 1892 finished with values: [1.1842193555366975, -3820.756375085214, 64.6] and parameters: {'sl_soft': 0.020223052950007456, 'sl_hard_delta': 0.006655247180609973, 'tp': 0.014845741028692093, 'gate_pct': 97.00844078669539, 'dd_limit': 9.628020027635628, 'cooldown': 3, 'flip': True, 'en_ema_trend': True, 'ema_trend_fast': 23, 'ema_trend_slow': 292, 'en_sma_trend': True, 'sma_trend_fast': 382, 'sma_trend_slow': 359, 'en_macd': False, 'macd_fast': 38, 'macd_slow': 88, 'macd_signal': 45, 'en_vwap': True, 'en_keltner': False, 'keltner_n': 178, 'keltner_m': 1.8, 'en_obv': True, 'obv_slope': 162, 'en_cci': True, 'cci_n': 67, 'cci_threshold': 135, 'en_rsi': True, 'rsi_n': 100, 'rsi_lower': 32, 'rsi_upper': 74, 'en_stochastic': False, 'stochastic_n': 71, 'stochastic_d': 6, 'stochastic_lower': 39, 'stochastic_upper': 83, 'en_mfi': True, 'mfi_n': 28, 'mfi_lower': 43, 'mfi_upper': 87, 'en_bollinger': True, 'bollinger_n': 72, 'bollinger_k': 4.6000000000000005, 'en_adx': False, 'adx_n': 27, 'adx_threshold': 54, 'en_structure_trend': True, 'structure_trend_swing_l': 1, 'en_order_block': True, 'order_block_swing_l': 18, 'en_fvg': False, 'fvg_lookback': 50, 'en_ifvg': True, 'en_breaker': True, 'breaker_swing_l': 13, 'en_cisd': True, 'k': 2, 'en_cap_bars': False, 'cap_1min': 495}.
[I 2026-07-13 15:35:40,526] Trial 1893 finished with values: [-1513.3275416408942, -5689.222503629025, 43.7] and parameters: {'sl_soft': 0.01872684368211435, 'sl_hard_delta': 0.019434445536367004, 'tp': 0.025405903547049746, 'gate_pct': 89.379488599073, 'dd_limit': 9.066216783758431, 'cooldown': 0, 'flip': True, 'en_ema_trend': True, 'ema_trend_fast': 351, 'ema_trend_slow': 367, 'en_sma_trend': True, 'sma_trend_fast': 145, 'sma_trend_slow': 186, 'en_macd': False, 'macd_fast': 91, 'macd_slow': 140, 'macd_signal': 40, 'en_vwap': False, 'en_keltner': True, 'keltner_n': 77, 'keltner_m': 5.0, 'en_obv': True, 'obv_slope': 126, 'en_cci': False, 'cci_n': 10, 'cci_threshold': 25, 'en_rsi': False, 'rsi_n': 80, 'rsi_lower': 8, 'rsi_upper': 77, 'en_stochastic': False, 'stochastic_n': 27, 'stochastic_d': 39, 'stochastic_lower': 1, 'stochastic_upper': 91, 'en_mfi': True, 'mfi_n': 77, 'mfi_lower': 43, 'mfi_upper': 52, 'en_bollinger': True, 'bollinger_n': 19, 'bollinger_k': 3.1, 'en_adx': False, 'adx_n': 36, 'adx_threshold': 50, 'en_structure_trend': False, 'structure_trend_swing_l': 13, 'en_order_block': True, 'order_block_swing_l': 2, 'en_fvg': True, 'fvg_lookback': 33, 'en_ifvg': True, 'en_breaker': True, 'breaker_swing_l': 20, 'en_cisd': True, 'k': 3, 'en_cap_bars': False, 'cap_1min': 963}.
[I 2026-07-13 15:35:41,608] Trial 1894 finished with values: [277.0906286480294, -7888.906345741019, 54.849999999999994] and parameters: {'sl_soft': 0.02319530491076429, 'sl_hard_delta': 0.019434445536367004, 'tp': 0.03314312527542716, 'gate_pct': 97.00844078669539, 'dd_limit': 7.364744278329123, 'cooldown': 12, 'flip': True, 'en_ema_trend': True, 'ema_trend_fast': 23, 'ema_trend_slow': 136, 'en_sma_trend': True, 'sma_trend_fast': 372, 'sma_trend_slow': 16, 'en_macd': True, 'macd_fast': 64, 'macd_slow': 88, 'macd_signal': 27, 'en_vwap': False, 'en_keltner': False, 'keltner_n': 60, 'keltner_m': 5.0, 'en_obv': True, 'obv_slope': 175, 'en_cci': True, 'cci_n': 10, 'cci_threshold': 25, 'en_rsi': False, 'rsi_n': 74, 'rsi_lower': 12, 'rsi_upper': 89, 'en_stochastic': False, 'stochastic_n': 27, 'stochastic_d': 2, 'stochastic_lower': 3, 'stochastic_upper': 94, 'en_mfi': False, 'mfi_n': 84, 'mfi_lower': 42, 'mfi_upper': 69, 'en_bollinger': True, 'bollinger_n': 3, 'bollinger_k': 1.4, 'en_adx': False, 'adx_n': 35, 'adx_threshold': 50, 'en_structure_trend': False, 'structure_trend_swing_l': 3, 'en_order_block': True, 'order_block_swing_l': 4, 'en_fvg': False, 'fvg_lookback': 50, 'en_ifvg': False, 'en_breaker': False, 'breaker_swing_l': 15, 'en_cisd': False, 'k': 1, 'en_cap_bars': True, 'cap_1min': 495}.
[I 2026-07-13 15:35:42,308] Trial 1895 finished with values: [1783.611781397436, -2778.9189078353616, 54.4] and parameters: {'sl_soft': 0.04400238837817528, 'sl_hard_delta': 0.03311023092854689, 'tp': 0.0739135300227091, 'gate_pct': 97.00844078669539, 'dd_limit': 9.628020027635628, 'cooldown': 10, 'flip': True, 'en_ema_trend': True, 'ema_trend_fast': 23, 'ema_trend_slow': 133, 'en_sma_trend': True, 'sma_trend_fast': 382, 'sma_trend_slow': 115, 'en_macd': True, 'macd_fast': 38, 'macd_slow': 88, 'macd_signal': 45, 'en_vwap': True, 'en_keltner': False, 'keltner_n': 146, 'keltner_m': 0.8, 'en_obv': False, 'obv_slope': 162, 'en_cci': True, 'cci_n': 67, 'cci_threshold': 30, 'en_rsi': False, 'rsi_n': 74, 'rsi_lower': 5, 'rsi_upper': 74, 'en_stochastic': False, 'stochastic_n': 71, 'stochastic_d': 6, 'stochastic_lower': 2, 'stochastic_upper': 94, 'en_mfi': False, 'mfi_n': 28, 'mfi_lower': 43, 'mfi_upper': 69, 'en_bollinger': True, 'bollinger_n': 37, 'bollinger_k': 3.7, 'en_adx': False, 'adx_n': 53, 'adx_threshold': 42, 'en_structure_trend': True, 'structure_trend_swing_l': 1, 'en_order_block': False, 'order_block_swing_l': 18, 'en_fvg': False, 'fvg_lookback': 50, 'en_ifvg': False, 'en_breaker': True, 'breaker_swing_l': 13, 'en_cisd': True, 'k': 5, 'en_cap_bars': False, 'cap_1min': 495}.
[I 2026-07-13 15:35:42,959] Trial 1896 finished with values: [-855.4426154305083, -3369.1787007165917, 45.6] and parameters: {'sl_soft': 0.019818244244465925, 'sl_hard_delta': 0.028428697055377993, 'tp': 0.028560602836268517, 'gate_pct': 87.84603704995507, 'dd_limit': 1.2236835946112885, 'cooldown': 6, 'flip': True, 'en_ema_trend': True, 'ema_trend_fast': 35, 'ema_trend_slow': 180, 'en_sma_trend': False, 'sma_trend_fast': 270, 'sma_trend_slow': 13, 'en_macd': True, 'macd_fast': 39, 'macd_slow': 96, 'macd_signal': 49, 'en_vwap': False, 'en_keltner': True, 'keltner_n': 198, 'keltner_m': 1.9000000000000001, 'en_obv': False, 'obv_slope': 72, 'en_cci': True, 'cci_n': 74, 'cci_threshold': 95, 'en_rsi': True, 'rsi_n': 50, 'rsi_lower': 6, 'rsi_upper': 53, 'en_stochastic': False, 'stochastic_n': 39, 'stochastic_d': 50, 'stochastic_lower': 27, 'stochastic_upper': 99, 'en_mfi': False, 'mfi_n': 83, 'mfi_lower': 19, 'mfi_upper': 54, 'en_bollinger': True, 'bollinger_n': 182, 'bollinger_k': 2.1, 'en_adx': False, 'adx_n': 38, 'adx_threshold': 24, 'en_structure_trend': False, 'structure_trend_swing_l': 9, 'en_order_block': True, 'order_block_swing_l': 2, 'en_fvg': True, 'fvg_lookback': 27, 'en_ifvg': False, 'en_breaker': False, 'breaker_swing_l': 16, 'en_cisd': True, 'k': 1, 'en_cap_bars': True, 'cap_1min': 1254}.
[I 2026-07-13 15:35:44,100] Trial 1897 pruned. 
[I 2026-07-13 15:35:47,470] Trial 1898 finished with values: [203.21357463728873, -626.0072721759258, 57.2] and parameters: {'sl_soft': 0.014434431894588548, 'sl_hard_delta': 0.02515171303306487, 'tp': 0.03314312527542716, 'gate_pct': 98.93711402329589, 'dd_limit': 9.50807718589736, 'cooldown': 27, 'flip': True, 'en_ema_trend': True, 'ema_trend_fast': 351, 'ema_trend_slow': 397, 'en_sma_trend': True, 'sma_trend_fast': 372, 'sma_trend_slow': 16, 'en_macd': True, 'macd_fast': 53, 'macd_slow': 18, 'macd_signal': 27, 'en_vwap': False, 'en_keltner': False, 'keltner_n': 135, 'keltner_m': 5.0, 'en_obv': True, 'obv_slope': 72, 'en_cci': False, 'cci_n': 4, 'cci_threshold': 250, 'en_rsi': False, 'rsi_n': 91, 'rsi_lower': 31, 'rsi_upper': 89, 'en_stochastic': False, 'stochastic_n': 97, 'stochastic_d': 2, 'stochastic_lower': 17, 'stochastic_upper': 78, 'en_mfi': True, 'mfi_n': 84, 'mfi_lower': 11, 'mfi_upper': 64, 'en_bollinger': True, 'bollinger_n': 139, 'bollinger_k': 4.2, 'en_adx': False, 'adx_n': 67, 'adx_threshold': 50, 'en_structure_trend': False, 'structure_trend_swing_l': 12, 'en_order_block': True, 'order_block_swing_l': 4, 'en_fvg': False, 'fvg_lookback': 45, 'en_ifvg': False, 'en_breaker': True, 'breaker_swing_l': 15, 'en_cisd': True, 'k': 1, 'en_cap_bars': True, 'cap_1min': 963}.
[I 2026-07-13 15:35:48,127] Trial 1899 finished with values: [714.763120778805, -2243.8475609541442, 58.0] and parameters: {'sl_soft': 0.010118579279263403, 'sl_hard_delta': 0.02515171303306487, 'tp': 0.03314312527542716, 'gate_pct': 96.82972780322679, 'dd_limit': 4.667357421566379, 'cooldown': 6, 'flip': True, 'en_ema_trend': True, 'ema_trend_fast': 24, 'ema_trend_slow': 397, 'en_sma_trend': True, 'sma_trend_fast': 270, 'sma_trend_slow': 141, 'en_macd': False, 'macd_fast': 53, 'macd_slow': 11, 'macd_signal': 49, 'en_vwap': False, 'en_keltner': False, 'keltner_n': 198, 'keltner_m': 0.5, 'en_obv': True, 'obv_slope': 129, 'en_cci': False, 'cci_n': 4, 'cci_threshold': 95, 'en_rsi': True, 'rsi_n': 31, 'rsi_lower': 31, 'rsi_upper': 89, 'en_stochastic': False, 'stochastic_n': 39, 'stochastic_d': 2, 'stochastic_lower': 27, 'stochastic_upper': 78, 'en_mfi': True, 'mfi_n': 84, 'mfi_lower': 11, 'mfi_upper': 64, 'en_bollinger': True, 'bollinger_n': 139, 'bollinger_k': 1.4, 'en_adx': False, 'adx_n': 67, 'adx_threshold': 24, 'en_structure_trend': False, 'structure_trend_swing_l': 12, 'en_order_block': False, 'order_block_swing_l': 4, 'en_fvg': True, 'fvg_lookback': 27, 'en_ifvg': False, 'en_breaker': True, 'breaker_swing_l': 2, 'en_cisd': True, 'k': 1, 'en_cap_bars': True, 'cap_1min': 1134}.
[I 2026-07-13 15:35:55,986] Trial 1900 finished with values: [-1253.7289405476672, -4541.693111262786, 30.0] and parameters: {'sl_soft': 0.01872684368211435, 'sl_hard_delta': 0.03297931963060293, 'tp': 0.0739135300227091, 'gate_pct': 97.00844078669539, 'dd_limit': 9.628020027635628, 'cooldown': 10, 'flip': True, 'en_ema_trend': True, 'ema_trend_fast': 188, 'ema_trend_slow': 133, 'en_sma_trend': True, 'sma_trend_fast': 382, 'sma_trend_slow': 186, 'en_macd': False, 'macd_fast': 91, 'macd_slow': 140, 'macd_signal': 41, 'en_vwap': True, 'en_keltner': False, 'keltner_n': 146, 'keltner_m': 3.1, 'en_obv': False, 'obv_slope': 126, 'en_cci': True, 'cci_n': 177, 'cci_threshold': 30, 'en_rsi': False, 'rsi_n': 74, 'rsi_lower': 5, 'rsi_upper': 88, 'en_stochastic': True, 'stochastic_n': 71, 'stochastic_d': 12, 'stochastic_lower': 1, 'stochastic_upper': 94, 'en_mfi': False, 'mfi_n': 28, 'mfi_lower': 43, 'mfi_upper': 52, 'en_bollinger': True, 'bollinger_n': 37, 'bollinger_k': 4.300000000000001, 'en_adx': False, 'adx_n': 53, 'adx_threshold': 42, 'en_structure_trend': True, 'structure_trend_swing_l': 1, 'en_order_block': False, 'order_block_swing_l': 2, 'en_fvg': False, 'fvg_lookback': 50, 'en_ifvg': False, 'en_breaker': False, 'breaker_swing_l': 20, 'en_cisd': True, 'k': 4, 'en_cap_bars': False, 'cap_1min': 495}.
[I 2026-07-13 15:35:56,942] Trial 1901 pruned. 
[I 2026-07-13 15:35:58,114] Trial 1902 pruned. 
[I 2026-07-13 15:36:00,677] Trial 1903 pruned. 
[I 2026-07-13 15:36:03,003] Trial 1904 finished with values: [-638.6814163231768, -1364.7274391585283, 51.650000000000006] and parameters: {'sl_soft': 0.011632989549682653, 'sl_hard_delta': 0.055023956129631846, 'tp': 0.025405903547049746, 'gate_pct': 96.82972780322679, 'dd_limit': 9.066216783758431, 'cooldown': 12, 'flip': True, 'en_ema_trend': True, 'ema_trend_fast': 342, 'ema_trend_slow': 367, 'en_sma_trend': False, 'sma_trend_fast': 313, 'sma_trend_slow': 233, 'en_macd': True, 'macd_fast': 10, 'macd_slow': 18, 'macd_signal': 40, 'en_vwap': False, 'en_keltner': False, 'keltner_n': 135, 'keltner_m': 5.0, 'en_obv': True, 'obv_slope': 129, 'en_cci': True, 'cci_n': 166, 'cci_threshold': 250, 'en_rsi': False, 'rsi_n': 72, 'rsi_lower': 47, 'rsi_upper': 58, 'en_stochastic': False, 'stochastic_n': 82, 'stochastic_d': 39, 'stochastic_lower': 17, 'stochastic_upper': 78, 'en_mfi': True, 'mfi_n': 14, 'mfi_lower': 29, 'mfi_upper': 80, 'en_bollinger': True, 'bollinger_n': 56, 'bollinger_k': 3.1, 'en_adx': False, 'adx_n': 36, 'adx_threshold': 38, 'en_structure_trend': True, 'structure_trend_swing_l': 13, 'en_order_block': True, 'order_block_swing_l': 4, 'en_fvg': False, 'fvg_lookback': 45, 'en_ifvg': False, 'en_breaker': False, 'breaker_swing_l': 9, 'en_cisd': True, 'k': 3, 'en_cap_bars': False, 'cap_1min': 963}.
[I 2026-07-13 15:36:03,790] Trial 1905 pruned. 
[I 2026-07-13 15:36:06,480] Trial 1906 finished with values: [-980.4037675246666, -4364.938345802685, 57.3] and parameters: {'sl_soft': 0.034454793278025315, 'sl_hard_delta': 0.04000671936357235, 'tp': 0.04263786134786264, 'gate_pct': 90.81410949813346, 'dd_limit': 4.866210487643857, 'cooldown': 2, 'flip': True, 'en_ema_trend': True, 'ema_trend_fast': 101, 'ema_trend_slow': 19, 'en_sma_trend': False, 'sma_trend_fast': 262, 'sma_trend_slow': 192, 'en_macd': True, 'macd_fast': 10, 'macd_slow': 196, 'macd_signal': 55, 'en_vwap': False, 'en_keltner': True, 'keltner_n': 189, 'keltner_m': 1.3, 'en_obv': False, 'obv_slope': 197, 'en_cci': False, 'cci_n': 88, 'cci_threshold': 35, 'en_rsi': False, 'rsi_n': 46, 'rsi_lower': 16, 'rsi_upper': 90, 'en_stochastic': False, 'stochastic_n': 87, 'stochastic_d': 45, 'stochastic_lower': 31, 'stochastic_upper': 78, 'en_mfi': False, 'mfi_n': 68, 'mfi_lower': 24, 'mfi_upper': 93, 'en_bollinger': True, 'bollinger_n': 70, 'bollinger_k': 3.5, 'en_adx': False, 'adx_n': 32, 'adx_threshold': 14, 'en_structure_trend': False, 'structure_trend_swing_l': 10, 'en_order_block': True, 'order_block_swing_l': 15, 'en_fvg': True, 'fvg_lookback': 44, 'en_ifvg': True, 'en_breaker': False, 'breaker_swing_l': 6, 'en_cisd': False, 'k': 1, 'en_cap_bars': True, 'cap_1min': 1237}.
[I 2026-07-13 15:36:08,489] Trial 1907 finished with values: [-1245.792529632137, -3278.1228753039222, 25.65] and parameters: {'sl_soft': 0.034454793278025315, 'sl_hard_delta': 0.04000671936357235, 'tp': 0.06466351711838181, 'gate_pct': 96.82972780322679, 'dd_limit': 4.866210487643857, 'cooldown': 27, 'flip': True, 'en_ema_trend': False, 'ema_trend_fast': 24, 'ema_trend_slow': 397, 'en_sma_trend': True, 'sma_trend_fast': 262, 'sma_trend_slow': 57, 'en_macd': True, 'macd_fast': 10, 'macd_slow': 196, 'macd_signal': 61, 'en_vwap': False, 'en_keltner': True, 'keltner_n': 135, 'keltner_m': 2.1, 'en_obv': True, 'obv_slope': 197, 'en_cci': True, 'cci_n': 134, 'cci_threshold': 250, 'en_rsi': False, 'rsi_n': 46, 'rsi_lower': 31, 'rsi_upper': 67, 'en_stochastic': False, 'stochastic_n': 87, 'stochastic_d': 45, 'stochastic_lower': 31, 'stochastic_upper': 78, 'en_mfi': True, 'mfi_n': 14, 'mfi_lower': 18, 'mfi_upper': 93, 'en_bollinger': True, 'bollinger_n': 134, 'bollinger_k': 3.5, 'en_adx': False, 'adx_n': 22, 'adx_threshold': 14, 'en_structure_trend': False, 'structure_trend_swing_l': 10, 'en_order_block': False, 'order_block_swing_l': 4, 'en_fvg': True, 'fvg_lookback': 45, 'en_ifvg': True, 'en_breaker': False, 'breaker_swing_l': 2, 'en_cisd': True, 'k': 1, 'en_cap_bars': True, 'cap_1min': 797}.
[I 2026-07-13 15:36:10,567] Trial 1908 finished with values: [-1775.9605767049004, -7775.681900846117, 47.3] and parameters: {'sl_soft': 0.04400238837817528, 'sl_hard_delta': 0.02515171303306487, 'tp': 0.06597500573834292, 'gate_pct': 98.72479828405353, 'dd_limit': 9.50807718589736, 'cooldown': 10, 'flip': True, 'en_ema_trend': True, 'ema_trend_fast': 81, 'ema_trend_slow': 391, 'en_sma_trend': True, 'sma_trend_fast': 382, 'sma_trend_slow': 115, 'en_macd': True, 'macd_fast': 53, 'macd_slow': 23, 'macd_signal': 61, 'en_vwap': False, 'en_keltner': False, 'keltner_n': 169, 'keltner_m': 2.1, 'en_obv': False, 'obv_slope': 105, 'en_cci': True, 'cci_n': 4, 'cci_threshold': 30, 'en_rsi': False, 'rsi_n': 71, 'rsi_lower': 31, 'rsi_upper': 89, 'en_stochastic': False, 'stochastic_n': 78, 'stochastic_d': 41, 'stochastic_lower': 4, 'stochastic_upper': 79, 'en_mfi': False, 'mfi_n': 14, 'mfi_lower': 11, 'mfi_upper': 64, 'en_bollinger': True, 'bollinger_n': 134, 'bollinger_k': 4.2, 'en_adx': False, 'adx_n': 41, 'adx_threshold': 38, 'en_structure_trend': False, 'structure_trend_swing_l': 12, 'en_order_block': False, 'order_block_swing_l': 4, 'en_fvg': True, 'fvg_lookback': 45, 'en_ifvg': False, 'en_breaker': False, 'breaker_swing_l': 2, 'en_cisd': True, 'k': 1, 'en_cap_bars': True, 'cap_1min': 686}.
[I 2026-07-13 15:36:11,158] Trial 1909 pruned. 
[I 2026-07-13 15:36:12,529] Trial 1910 finished with values: [-304.99821492870893, -701.5072610879969, 61.25] and parameters: {'sl_soft': 0.033248494775748205, 'sl_hard_delta': 0.01351865596345161, 'tp': 0.019395224610929157, 'gate_pct': 77.9610876299926, 'dd_limit': 8.89689922634271, 'cooldown': 10, 'flip': True, 'en_ema_trend': True, 'ema_trend_fast': 108, 'ema_trend_slow': 19, 'en_sma_trend': True, 'sma_trend_fast': 166, 'sma_trend_slow': 285, 'en_macd': False, 'macd_fast': 76, 'macd_slow': 18, 'macd_signal': 75, 'en_vwap': False, 'en_keltner': True, 'keltner_n': 169, 'keltner_m': 3.8000000000000003, 'en_obv': True, 'obv_slope': 71, 'en_cci': False, 'cci_n': 131, 'cci_threshold': 170, 'en_rsi': True, 'rsi_n': 73, 'rsi_lower': 10, 'rsi_upper': 79, 'en_stochastic': False, 'stochastic_n': 29, 'stochastic_d': 19, 'stochastic_lower': 7, 'stochastic_upper': 62, 'en_mfi': False, 'mfi_n': 13, 'mfi_lower': 19, 'mfi_upper': 79, 'en_bollinger': True, 'bollinger_n': 2, 'bollinger_k': 3.8000000000000003, 'en_adx': False, 'adx_n': 83, 'adx_threshold': 8, 'en_structure_trend': True, 'structure_trend_swing_l': 18, 'en_order_block': True, 'order_block_swing_l': 20, 'en_fvg': True, 'fvg_lookback': 40, 'en_ifvg': False, 'en_breaker': True, 'breaker_swing_l': 20, 'en_cisd': False, 'k': 4, 'en_cap_bars': False, 'cap_1min': 1079}.
[I 2026-07-13 15:36:14,031] Trial 1911 finished with values: [50.23684481193055, -2158.633991560777, 44.8] and parameters: {'sl_soft': 0.010118579279263403, 'sl_hard_delta': 0.055023956129631846, 'tp': 0.04927094955011397, 'gate_pct': 96.82972780322679, 'dd_limit': 9.029015189980312, 'cooldown': 27, 'flip': True, 'en_ema_trend': False, 'ema_trend_fast': 23, 'ema_trend_slow': 133, 'en_sma_trend': False, 'sma_trend_fast': 313, 'sma_trend_slow': 319, 'en_macd': False, 'macd_fast': 10, 'macd_slow': 3, 'macd_signal': 61, 'en_vwap': True, 'en_keltner': True, 'keltner_n': 135, 'keltner_m': 2.1, 'en_obv': True, 'obv_slope': 129, 'en_cci': True, 'cci_n': 134, 'cci_threshold': 250, 'en_rsi': False, 'rsi_n': 95, 'rsi_lower': 5, 'rsi_upper': 58, 'en_stochastic': False, 'stochastic_n': 82, 'stochastic_d': 6, 'stochastic_lower': 2, 'stochastic_upper': 78, 'en_mfi': True, 'mfi_n': 73, 'mfi_lower': 29, 'mfi_upper': 69, 'en_bollinger': True, 'bollinger_n': 155, 'bollinger_k': 4.2, 'en_adx': False, 'adx_n': 91, 'adx_threshold': 38, 'en_structure_trend': False, 'structure_trend_swing_l': 12, 'en_order_block': False, 'order_block_swing_l': 4, 'en_fvg': False, 'fvg_lookback': 50, 'en_ifvg': False, 'en_breaker': True, 'breaker_swing_l': 2, 'en_cisd': True, 'k': 3, 'en_cap_bars': True, 'cap_1min': 495}.
