[I 2026-07-13 15:37:01,379] Trial 1937 finished with values: [-749.8550867740228, -903.23374067804, 13.35] and parameters: {'sl_soft': 0.010118579279263403, 'sl_hard_delta': 0.02515171303306487, 'tp': 0.06597500573834292, 'gate_pct': 96.82972780322679, 'dd_limit': 9.50807718589736, 'cooldown': 27, 'flip': False, 'en_ema_trend': True, 'ema_trend_fast': 24, 'ema_trend_slow': 397, 'en_sma_trend': True, 'sma_trend_fast': 353, 'sma_trend_slow': 141, 'en_macd': True, 'macd_fast': 53, 'macd_slow': 114, 'macd_signal': 61, 'en_vwap': False, 'en_keltner': True, 'keltner_n': 135, 'keltner_m': 2.1, 'en_obv': True, 'obv_slope': 129, 'en_cci': True, 'cci_n': 4, 'cci_threshold': 250, 'en_rsi': True, 'rsi_n': 31, 'rsi_lower': 31, 'rsi_upper': 89, 'en_stochastic': False, 'stochastic_n': 78, 'stochastic_d': 36, 'stochastic_lower': 4, 'stochastic_upper': 78, 'en_mfi': True, 'mfi_n': 14, 'mfi_lower': 11, 'mfi_upper': 64, 'en_bollinger': True, 'bollinger_n': 134, 'bollinger_k': 4.2, 'en_adx': False, 'adx_n': 67, 'adx_threshold': 38, 'en_structure_trend': False, 'structure_trend_swing_l': 12, 'en_order_block': False, 'order_block_swing_l': 4, 'en_fvg': True, 'fvg_lookback': 45, 'en_ifvg': False, 'en_breaker': False, 'breaker_swing_l': 2, 'en_cisd': True, 'k': 1, 'en_cap_bars': True, 'cap_1min': 1134}.
[I 2026-07-13 15:37:02,088] Trial 1938 pruned. 
[I 2026-07-13 15:37:02,302] Trial 1939 pruned. 
[I 2026-07-13 15:37:03,597] Trial 1940 pruned. 
[I 2026-07-13 15:37:05,740] Trial 1941 finished with values: [-54.80338179506097, -2853.986487669964, 33.05] and parameters: {'sl_soft': 0.010118579279263403, 'sl_hard_delta': 0.020862445993428028, 'tp': 0.06597500573834292, 'gate_pct': 96.82972780322679, 'dd_limit': 3.915453255051588, 'cooldown': 9, 'flip': False, 'en_ema_trend': True, 'ema_trend_fast': 24, 'ema_trend_slow': 397, 'en_sma_trend': True, 'sma_trend_fast': 257, 'sma_trend_slow': 210, 'en_macd': False, 'macd_fast': 9, 'macd_slow': 114, 'macd_signal': 55, 'en_vwap': True, 'en_keltner': True, 'keltner_n': 135, 'keltner_m': 3.1, 'en_obv': True, 'obv_slope': 129, 'en_cci': False, 'cci_n': 4, 'cci_threshold': 255, 'en_rsi': True, 'rsi_n': 77, 'rsi_lower': 6, 'rsi_upper': 90, 'en_stochastic': False, 'stochastic_n': 16, 'stochastic_d': 29, 'stochastic_lower': 4, 'stochastic_upper': 78, 'en_mfi': True, 'mfi_n': 76, 'mfi_lower': 24, 'mfi_upper': 64, 'en_bollinger': True, 'bollinger_n': 134, 'bollinger_k': 3.9000000000000004, 'en_adx': False, 'adx_n': 90, 'adx_threshold': 38, 'en_structure_trend': False, 'structure_trend_swing_l': 11, 'en_order_block': True, 'order_block_swing_l': 4, 'en_fvg': True, 'fvg_lookback': 45, 'en_ifvg': False, 'en_breaker': False, 'breaker_swing_l': 2, 'en_cisd': True, 'k': 1, 'en_cap_bars': True, 'cap_1min': 1435}.
[I 2026-07-13 15:37:08,243] Trial 1942 pruned. 
[I 2026-07-13 15:37:08,930] Trial 1943 pruned. 
[I 2026-07-13 15:37:09,792] Trial 1944 finished with values: [639.5721862347696, -2781.487704120096, 48.15] and parameters: {'sl_soft': 0.034454793278025315, 'sl_hard_delta': 0.04000671936357235, 'tp': 0.06466351711838181, 'gate_pct': 90.97354990533721, 'dd_limit': 4.866210487643857, 'cooldown': 2, 'flip': True, 'en_ema_trend': True, 'ema_trend_fast': 101, 'ema_trend_slow': 19, 'en_sma_trend': False, 'sma_trend_fast': 353, 'sma_trend_slow': 141, 'en_macd': True, 'macd_fast': 53, 'macd_slow': 196, 'macd_signal': 61, 'en_vwap': False, 'en_keltner': True, 'keltner_n': 135, 'keltner_m': 2.1, 'en_obv': False, 'obv_slope': 129, 'en_cci': False, 'cci_n': 88, 'cci_threshold': 35, 'en_rsi': False, 'rsi_n': 31, 'rsi_lower': 16, 'rsi_upper': 67, 'en_stochastic': False, 'stochastic_n': 87, 'stochastic_d': 29, 'stochastic_lower': 4, 'stochastic_upper': 78, 'en_mfi': True, 'mfi_n': 68, 'mfi_lower': 11, 'mfi_upper': 64, 'en_bollinger': True, 'bollinger_n': 70, 'bollinger_k': 3.5, 'en_adx': False, 'adx_n': 67, 'adx_threshold': 38, 'en_structure_trend': False, 'structure_trend_swing_l': 10, 'en_order_block': True, 'order_block_swing_l': 15, 'en_fvg': True, 'fvg_lookback': 44, 'en_ifvg': True, 'en_breaker': False, 'breaker_swing_l': 6, 'en_cisd': True, 'k': 1, 'en_cap_bars': True, 'cap_1min': 1237}.
[I 2026-07-13 15:37:10,057] Trial 1945 pruned. 
[I 2026-07-13 15:37:10,910] Trial 1946 finished with values: [-234.88316867206652, -1072.2026454253353, 66.7] and parameters: {'sl_soft': 0.033248494775748205, 'sl_hard_delta': 0.01351865596345161, 'tp': 0.019395224610929157, 'gate_pct': 77.9610876299926, 'dd_limit': 8.89689922634271, 'cooldown': 10, 'flip': True, 'en_ema_trend': True, 'ema_trend_fast': 108, 'ema_trend_slow': 19, 'en_sma_trend': True, 'sma_trend_fast': 166, 'sma_trend_slow': 285, 'en_macd': False, 'macd_fast': 76, 'macd_slow': 18, 'macd_signal': 75, 'en_vwap': True, 'en_keltner': True, 'keltner_n': 169, 'keltner_m': 3.8000000000000003, 'en_obv': True, 'obv_slope': 71, 'en_cci': False, 'cci_n': 131, 'cci_threshold': 170, 'en_rsi': True, 'rsi_n': 73, 'rsi_lower': 12, 'rsi_upper': 79, 'en_stochastic': False, 'stochastic_n': 29, 'stochastic_d': 19, 'stochastic_lower': 7, 'stochastic_upper': 62, 'en_mfi': False, 'mfi_n': 13, 'mfi_lower': 19, 'mfi_upper': 79, 'en_bollinger': True, 'bollinger_n': 126, 'bollinger_k': 3.8000000000000003, 'en_adx': False, 'adx_n': 83, 'adx_threshold': 8, 'en_structure_trend': True, 'structure_trend_swing_l': 18, 'en_order_block': True, 'order_block_swing_l': 20, 'en_fvg': True, 'fvg_lookback': 40, 'en_ifvg': False, 'en_breaker': True, 'breaker_swing_l': 20, 'en_cisd': False, 'k': 4, 'en_cap_bars': False, 'cap_1min': 1079}.
[I 2026-07-13 15:37:11,255] Trial 1947 pruned. 
[I 2026-07-13 15:37:12,642] Trial 1948 pruned. 
[I 2026-07-13 15:37:14,989] Trial 1949 finished with values: [-1235.8892625348083, -6280.7563536655625, 32.0] and parameters: {'sl_soft': 0.010118579279263403, 'sl_hard_delta': 0.03311023092854689, 'tp': 0.06466351711838181, 'gate_pct': 96.82972780322679, 'dd_limit': 9.628020027635628, 'cooldown': 5, 'flip': True, 'en_ema_trend': False, 'ema_trend_fast': 23, 'ema_trend_slow': 133, 'en_sma_trend': False, 'sma_trend_fast': 262, 'sma_trend_slow': 192, 'en_macd': True, 'macd_fast': 38, 'macd_slow': 23, 'macd_signal': 25, 'en_vwap': True, 'en_keltner': True, 'keltner_n': 189, 'keltner_m': 1.3, 'en_obv': True, 'obv_slope': 197, 'en_cci': True, 'cci_n': 88, 'cci_threshold': 30, 'en_rsi': False, 'rsi_n': 95, 'rsi_lower': 19, 'rsi_upper': 87, 'en_stochastic': False, 'stochastic_n': 19, 'stochastic_d': 6, 'stochastic_lower': 31, 'stochastic_upper': 94, 'en_mfi': True, 'mfi_n': 93, 'mfi_lower': 18, 'mfi_upper': 69, 'en_bollinger': True, 'bollinger_n': 160, 'bollinger_k': 3.7, 'en_adx': False, 'adx_n': 22, 'adx_threshold': 14, 'en_structure_trend': False, 'structure_trend_swing_l': 1, 'en_order_block': True, 'order_block_swing_l': 18, 'en_fvg': False, 'fvg_lookback': 50, 'en_ifvg': False, 'en_breaker': True, 'breaker_swing_l': 11, 'en_cisd': True, 'k': 5, 'en_cap_bars': True, 'cap_1min': 1237}.
[I 2026-07-13 15:37:17,245] Trial 1950 finished with values: [-784.0275720743327, -1916.7574425569712, 24.3] and parameters: {'sl_soft': 0.018243430180995453, 'sl_hard_delta': 0.055497368807900425, 'tp': 0.06761136813694733, 'gate_pct': 99.08068803261627, 'dd_limit': 0.7899894121384478, 'cooldown': 27, 'flip': True, 'en_ema_trend': True, 'ema_trend_fast': 23, 'ema_trend_slow': 133, 'en_sma_trend': True, 'sma_trend_fast': 389, 'sma_trend_slow': 192, 'en_macd': True, 'macd_fast': 38, 'macd_slow': 60, 'macd_signal': 61, 'en_vwap': True, 'en_keltner': True, 'keltner_n': 178, 'keltner_m': 2.1, 'en_obv': True, 'obv_slope': 129, 'en_cci': True, 'cci_n': 134, 'cci_threshold': 135, 'en_rsi': False, 'rsi_n': 95, 'rsi_lower': 5, 'rsi_upper': 88, 'en_stochastic': False, 'stochastic_n': 78, 'stochastic_d': 6, 'stochastic_lower': 2, 'stochastic_upper': 94, 'en_mfi': True, 'mfi_n': 27, 'mfi_lower': 46, 'mfi_upper': 69, 'en_bollinger': True, 'bollinger_n': 134, 'bollinger_k': 3.7, 'en_adx': False, 'adx_n': 22, 'adx_threshold': 18, 'en_structure_trend': False, 'structure_trend_swing_l': 2, 'en_order_block': False, 'order_block_swing_l': 18, 'en_fvg': False, 'fvg_lookback': 48, 'en_ifvg': False, 'en_breaker': True, 'breaker_swing_l': 8, 'en_cisd': True, 'k': 5, 'en_cap_bars': True, 'cap_1min': 249}.
[I 2026-07-13 15:37:17,944] Trial 1951 finished with values: [93.4294312124351, -1370.2555830896656, 60.55] and parameters: {'sl_soft': 0.010118579279263403, 'sl_hard_delta': 0.04146915336807996, 'tp': 0.024786837987347286, 'gate_pct': 96.82972780322679, 'dd_limit': 9.029015189980312, 'cooldown': 27, 'flip': True, 'en_ema_trend': False, 'ema_trend_fast': 24, 'ema_trend_slow': 397, 'en_sma_trend': True, 'sma_trend_fast': 198, 'sma_trend_slow': 57, 'en_macd': False, 'macd_fast': 53, 'macd_slow': 114, 'macd_signal': 61, 'en_vwap': False, 'en_keltner': True, 'keltner_n': 135, 'keltner_m': 2.1, 'en_obv': True, 'obv_slope': 129, 'en_cci': True, 'cci_n': 134, 'cci_threshold': 250, 'en_rsi': False, 'rsi_n': 95, 'rsi_lower': 31, 'rsi_upper': 88, 'en_stochastic': False, 'stochastic_n': 78, 'stochastic_d': 14, 'stochastic_lower': 4, 'stochastic_upper': 78, 'en_mfi': True, 'mfi_n': 14, 'mfi_lower': 11, 'mfi_upper': 70, 'en_bollinger': True, 'bollinger_n': 134, 'bollinger_k': 4.2, 'en_adx': False, 'adx_n': 22, 'adx_threshold': 38, 'en_structure_trend': False, 'structure_trend_swing_l': 12, 'en_order_block': False, 'order_block_swing_l': 4, 'en_fvg': True, 'fvg_lookback': 22, 'en_ifvg': False, 'en_breaker': False, 'breaker_swing_l': 2, 'en_cisd': True, 'k': 1, 'en_cap_bars': False, 'cap_1min': 797}.
[I 2026-07-13 15:37:18,499] Trial 1952 finished with values: [-526.3596989218656, -1966.9320264095804, 66.25] and parameters: {'sl_soft': 0.0430567193720152, 'sl_hard_delta': 0.04146915336807996, 'tp': 0.024786837987347286, 'gate_pct': 96.82972780322679, 'dd_limit': 7.533717473698608, 'cooldown': 27, 'flip': True, 'en_ema_trend': False, 'ema_trend_fast': 85, 'ema_trend_slow': 397, 'en_sma_trend': True, 'sma_trend_fast': 237, 'sma_trend_slow': 140, 'en_macd': False, 'macd_fast': 23, 'macd_slow': 15, 'macd_signal': 75, 'en_vwap': True, 'en_keltner': False, 'keltner_n': 32, 'keltner_m': 1.8, 'en_obv': False, 'obv_slope': 92, 'en_cci': False, 'cci_n': 140, 'cci_threshold': 60, 'en_rsi': False, 'rsi_n': 53, 'rsi_lower': 31, 'rsi_upper': 63, 'en_stochastic': False, 'stochastic_n': 59, 'stochastic_d': 38, 'stochastic_lower': 32, 'stochastic_upper': 51, 'en_mfi': True, 'mfi_n': 35, 'mfi_lower': 11, 'mfi_upper': 87, 'en_bollinger': False, 'bollinger_n': 72, 'bollinger_k': 4.2, 'en_adx': False, 'adx_n': 22, 'adx_threshold': 38, 'en_structure_trend': True, 'structure_trend_swing_l': 12, 'en_order_block': True, 'order_block_swing_l': 5, 'en_fvg': True, 'fvg_lookback': 24, 'en_ifvg': False, 'en_breaker': False, 'breaker_swing_l': 17, 'en_cisd': True, 'k': 4, 'en_cap_bars': False, 'cap_1min': 993}.
[I 2026-07-13 15:37:20,404] Trial 1953 finished with values: [-669.3987488954356, -2880.1789604550263, 47.6] and parameters: {'sl_soft': 0.02319530491076429, 'sl_hard_delta': 0.055497368807900425, 'tp': 0.06761136813694733, 'gate_pct': 97.00844078669539, 'dd_limit': 7.364744278329123, 'cooldown': 9, 'flip': True, 'en_ema_trend': True, 'ema_trend_fast': 40, 'ema_trend_slow': 176, 'en_sma_trend': False, 'sma_trend_fast': 331, 'sma_trend_slow': 141, 'en_macd': True, 'macd_fast': 9, 'macd_slow': 60, 'macd_signal': 45, 'en_vwap': True, 'en_keltner': False, 'keltner_n': 39, 'keltner_m': 4.0, 'en_obv': True, 'obv_slope': 30, 'en_cci': False, 'cci_n': 20, 'cci_threshold': 50, 'en_rsi': False, 'rsi_n': 75, 'rsi_lower': 5, 'rsi_upper': 74, 'en_stochastic': False, 'stochastic_n': 27, 'stochastic_d': 6, 'stochastic_lower': 27, 'stochastic_upper': 94, 'en_mfi': False, 'mfi_n': 28, 'mfi_lower': 1, 'mfi_upper': 69, 'en_bollinger': True, 'bollinger_n': 172, 'bollinger_k': 0.5, 'en_adx': False, 'adx_n': 35, 'adx_threshold': 45, 'en_structure_trend': False, 'structure_trend_swing_l': 1, 'en_order_block': True, 'order_block_swing_l': 18, 'en_fvg': False, 'fvg_lookback': 48, 'en_ifvg': False, 'en_breaker': False, 'breaker_swing_l': 5, 'en_cisd': True, 'k': 2, 'en_cap_bars': False, 'cap_1min': 495}.
[I 2026-07-13 15:37:27,805] Trial 1954 finished with values: [315.2839994607071, -2200.651509807834, 56.55] and parameters: {'sl_soft': 0.038114301613939465, 'sl_hard_delta': 0.03297931963060293, 'tp': 0.050841682250076105, 'gate_pct': 99.3861717774851, 'dd_limit': 6.844711394584541, 'cooldown': 0, 'flip': True, 'en_ema_trend': False, 'ema_trend_fast': 261, 'ema_trend_slow': 53, 'en_sma_trend': True, 'sma_trend_fast': 145, 'sma_trend_slow': 351, 'en_macd': False, 'macd_fast': 91, 'macd_slow': 140, 'macd_signal': 41, 'en_vwap': True, 'en_keltner': False, 'keltner_n': 77, 'keltner_m': 4.6000000000000005, 'en_obv': True, 'obv_slope': 69, 'en_cci': True, 'cci_n': 112, 'cci_threshold': 180, 'en_rsi': True, 'rsi_n': 78, 'rsi_lower': 8, 'rsi_upper': 88, 'en_stochastic': True, 'stochastic_n': 45, 'stochastic_d': 3, 'stochastic_lower': 1, 'stochastic_upper': 97, 'en_mfi': True, 'mfi_n': 68, 'mfi_lower': 43, 'mfi_upper': 62, 'en_bollinger': True, 'bollinger_n': 19, 'bollinger_k': 1.1, 'en_adx': False, 'adx_n': 63, 'adx_threshold': 28, 'en_structure_trend': False, 'structure_trend_swing_l': 7, 'en_order_block': True, 'order_block_swing_l': 2, 'en_fvg': True, 'fvg_lookback': 33, 'en_ifvg': True, 'en_breaker': False, 'breaker_swing_l': 20, 'en_cisd': False, 'k': 4, 'en_cap_bars': True, 'cap_1min': 1239}.
[I 2026-07-13 15:37:30,743] Trial 1955 finished with values: [-271.34529372579766, -1348.3916732183231, 45.35] and parameters: {'sl_soft': 0.019818244244465925, 'sl_hard_delta': 0.006655247180609973, 'tp': 0.028560602836268517, 'gate_pct': 87.84603704995507, 'dd_limit': 9.628020027635628, 'cooldown': 3, 'flip': True, 'en_ema_trend': True, 'ema_trend_fast': 35, 'ema_trend_slow': 292, 'en_sma_trend': False, 'sma_trend_fast': 270, 'sma_trend_slow': 359, 'en_macd': False, 'macd_fast': 39, 'macd_slow': 96, 'macd_signal': 45, 'en_vwap': False, 'en_keltner': True, 'keltner_n': 198, 'keltner_m': 1.9000000000000001, 'en_obv': False, 'obv_slope': 162, 'en_cci': True, 'cci_n': 67, 'cci_threshold': 95, 'en_rsi': True, 'rsi_n': 100, 'rsi_lower': 32, 'rsi_upper': 53, 'en_stochastic': False, 'stochastic_n': 39, 'stochastic_d': 6, 'stochastic_lower': 39, 'stochastic_upper': 99, 'en_mfi': True, 'mfi_n': 28, 'mfi_lower': 17, 'mfi_upper': 87, 'en_bollinger': True, 'bollinger_n': 182, 'bollinger_k': 4.6000000000000005, 'en_adx': False, 'adx_n': 27, 'adx_threshold': 54, 'en_structure_trend': False, 'structure_trend_swing_l': 1, 'en_order_block': True, 'order_block_swing_l': 2, 'en_fvg': True, 'fvg_lookback': 50, 'en_ifvg': False, 'en_breaker': False, 'breaker_swing_l': 13, 'en_cisd': True, 'k': 1, 'en_cap_bars': False, 'cap_1min': 1254}.
[I 2026-07-13 15:37:31,215] Trial 1956 pruned. 
[I 2026-07-13 15:37:32,068] Trial 1957 pruned. 
[I 2026-07-13 15:37:34,637] Trial 1958 finished with values: [-1563.3938298564412, -11543.46173751382, 61.900000000000006] and parameters: {'sl_soft': 0.034454793278025315, 'sl_hard_delta': 0.055023956129631846, 'tp': 0.028560602836268517, 'gate_pct': 96.82972780322679, 'dd_limit': 9.029015189980312, 'cooldown': 2, 'flip': True, 'en_ema_trend': True, 'ema_trend_fast': 342, 'ema_trend_slow': 397, 'en_sma_trend': False, 'sma_trend_fast': 262, 'sma_trend_slow': 14, 'en_macd': False, 'macd_fast': 10, 'macd_slow': 196, 'macd_signal': 49, 'en_vwap': False, 'en_keltner': True, 'keltner_n': 135, 'keltner_m': 1.3, 'en_obv': True, 'obv_slope': 129, 'en_cci': True, 'cci_n': 74, 'cci_threshold': 250, 'en_rsi': False, 'rsi_n': 46, 'rsi_lower': 47, 'rsi_upper': 53, 'en_stochastic': True, 'stochastic_n': 39, 'stochastic_d': 50, 'stochastic_lower': 31, 'stochastic_upper': 78, 'en_mfi': False, 'mfi_n': 14, 'mfi_lower': 29, 'mfi_upper': 80, 'en_bollinger': True, 'bollinger_n': 155, 'bollinger_k': 4.2, 'en_adx': False, 'adx_n': 64, 'adx_threshold': 38, 'en_structure_trend': False, 'structure_trend_swing_l': 12, 'en_order_block': True, 'order_block_swing_l': 4, 'en_fvg': True, 'fvg_lookback': 45, 'en_ifvg': False, 'en_breaker': True, 'breaker_swing_l': 2, 'en_cisd': True, 'k': 1, 'en_cap_bars': True, 'cap_1min': 656}.
[I 2026-07-13 15:37:35,165] Trial 1959 finished with values: [-619.4816663373003, -1540.4373399196913, 50.95] and parameters: {'sl_soft': 0.010118579279263403, 'sl_hard_delta': 0.03311023092854689, 'tp': 0.019150750409977012, 'gate_pct': 96.82972780322679, 'dd_limit': 9.628020027635628, 'cooldown': 27, 'flip': True, 'en_ema_trend': False, 'ema_trend_fast': 23, 'ema_trend_slow': 133, 'en_sma_trend': True, 'sma_trend_fast': 198, 'sma_trend_slow': 57, 'en_macd': True, 'macd_fast': 38, 'macd_slow': 114, 'macd_signal': 61, 'en_vwap': True, 'en_keltner': True, 'keltner_n': 135, 'keltner_m': 2.1, 'en_obv': True, 'obv_slope': 129, 'en_cci': True, 'cci_n': 134, 'cci_threshold': 30, 'en_rsi': False, 'rsi_n': 95, 'rsi_lower': 5, 'rsi_upper': 53, 'en_stochastic': False, 'stochastic_n': 78, 'stochastic_d': 6, 'stochastic_lower': 2, 'stochastic_upper': 94, 'en_mfi': True, 'mfi_n': 73, 'mfi_lower': 11, 'mfi_upper': 69, 'en_bollinger': True, 'bollinger_n': 134, 'bollinger_k': 3.7, 'en_adx': False, 'adx_n': 22, 'adx_threshold': 42, 'en_structure_trend': False, 'structure_trend_swing_l': 1, 'en_order_block': False, 'order_block_swing_l': 18, 'en_fvg': False, 'fvg_lookback': 50, 'en_ifvg': False, 'en_breaker': True, 'breaker_swing_l': 13, 'en_cisd': True, 'k': 5, 'en_cap_bars': True, 'cap_1min': 495}.
[I 2026-07-13 15:37:35,887] Trial 1960 pruned. 
[I 2026-07-13 15:37:37,751] Trial 1961 finished with values: [-216.73775427345277, -3270.9682664209467, 62.25] and parameters: {'sl_soft': 0.03432736489891091, 'sl_hard_delta': 0.03727016515657848, 'tp': 0.03040330530600309, 'gate_pct': 90.81410949813346, 'dd_limit': 1.4726436036009025, 'cooldown': 9, 'flip': True, 'en_ema_trend': True, 'ema_trend_fast': 27, 'ema_trend_slow': 14, 'en_sma_trend': False, 'sma_trend_fast': 389, 'sma_trend_slow': 141, 'en_macd': True, 'macd_fast': 9, 'macd_slow': 60, 'macd_signal': 26, 'en_vwap': True, 'en_keltner': False, 'keltner_n': 39, 'keltner_m': 4.0, 'en_obv': True, 'obv_slope': 30, 'en_cci': False, 'cci_n': 20, 'cci_threshold': 155, 'en_rsi': False, 'rsi_n': 75, 'rsi_lower': 45, 'rsi_upper': 95, 'en_stochastic': False, 'stochastic_n': 88, 'stochastic_d': 46, 'stochastic_lower': 7, 'stochastic_upper': 61, 'en_mfi': False, 'mfi_n': 93, 'mfi_lower': 30, 'mfi_upper': 96, 'en_bollinger': False, 'bollinger_n': 49, 'bollinger_k': 3.9000000000000004, 'en_adx': False, 'adx_n': 16, 'adx_threshold': 12, 'en_structure_trend': False, 'structure_trend_swing_l': 6, 'en_order_block': True, 'order_block_swing_l': 2, 'en_fvg': True, 'fvg_lookback': 9, 'en_ifvg': False, 'en_breaker': True, 'breaker_swing_l': 16, 'en_cisd': True, 'k': 2, 'en_cap_bars': True, 'cap_1min': 1435}.
[I 2026-07-13 15:37:38,739] Trial 1962 pruned. 
[I 2026-07-13 15:37:39,446] Trial 1963 finished with values: [-187.26878917801665, -1471.74422787522, 38.8] and parameters: {'sl_soft': 0.018243430180995453, 'sl_hard_delta': 0.03311023092854689, 'tp': 0.06761136813694733, 'gate_pct': 99.08068803261627, 'dd_limit': 0.7899894121384478, 'cooldown': 10, 'flip': True, 'en_ema_trend': True, 'ema_trend_fast': 62, 'ema_trend_slow': 176, 'en_sma_trend': True, 'sma_trend_fast': 382, 'sma_trend_slow': 85, 'en_macd': True, 'macd_fast': 10, 'macd_slow': 23, 'macd_signal': 71, 'en_vwap': True, 'en_keltner': False, 'keltner_n': 146, 'keltner_m': 2.3, 'en_obv': True, 'obv_slope': 105, 'en_cci': False, 'cci_n': 98, 'cci_threshold': 135, 'en_rsi': False, 'rsi_n': 75, 'rsi_lower': 8, 'rsi_upper': 59, 'en_stochastic': False, 'stochastic_n': 71, 'stochastic_d': 41, 'stochastic_lower': 31, 'stochastic_upper': 72, 'en_mfi': False, 'mfi_n': 27, 'mfi_lower': 43, 'mfi_upper': 59, 'en_bollinger': False, 'bollinger_n': 37, 'bollinger_k': 3.7, 'en_adx': False, 'adx_n': 53, 'adx_threshold': 43, 'en_structure_trend': True, 'structure_trend_swing_l': 2, 'en_order_block': False, 'order_block_swing_l': 19, 'en_fvg': True, 'fvg_lookback': 48, 'en_ifvg': True, 'en_breaker': True, 'breaker_swing_l': 8, 'en_cisd': True, 'k': 5, 'en_cap_bars': True, 'cap_1min': 686}.
[I 2026-07-13 15:37:39,895] Trial 1964 finished with values: [-97.34642470155208, -815.2735677670009, 43.75] and parameters: {'sl_soft': 0.027249176648190113, 'sl_hard_delta': 0.02177818012851011, 'tp': 0.05019970233381155, 'gate_pct': 98.21870877115913, 'dd_limit': 0.8350241645118831, 'cooldown': 26, 'flip': False, 'en_ema_trend': False, 'ema_trend_fast': 38, 'ema_trend_slow': 60, 'en_sma_trend': False, 'sma_trend_fast': 322, 'sma_trend_slow': 157, 'en_macd': True, 'macd_fast': 52, 'macd_slow': 134, 'macd_signal': 21, 'en_vwap': False, 'en_keltner': False, 'keltner_n': 26, 'keltner_m': 1.3, 'en_obv': True, 'obv_slope': 82, 'en_cci': True, 'cci_n': 107, 'cci_threshold': 220, 'en_rsi': False, 'rsi_n': 16, 'rsi_lower': 47, 'rsi_upper': 65, 'en_stochastic': True, 'stochastic_n': 53, 'stochastic_d': 30, 'stochastic_lower': 7, 'stochastic_upper': 74, 'en_mfi': True, 'mfi_n': 35, 'mfi_lower': 5, 'mfi_upper': 70, 'en_bollinger': False, 'bollinger_n': 120, 'bollinger_k': 3.8000000000000003, 'en_adx': False, 'adx_n': 85, 'adx_threshold': 42, 'en_structure_trend': False, 'structure_trend_swing_l': 1, 'en_order_block': False, 'order_block_swing_l': 12, 'en_fvg': True, 'fvg_lookback': 5, 'en_ifvg': False, 'en_breaker': True, 'breaker_swing_l': 8, 'en_cisd': False, 'k': 4, 'en_cap_bars': True, 'cap_1min': 219}.
[I 2026-07-13 15:37:40,751] Trial 1965 pruned. 
