[I 2026-07-13 15:43:55,165] Trial 2221 finished with values: [-794.3702369472129, -5770.911190620893, 41.15] and parameters: {'sl_soft': 0.020223052950007456, 'sl_hard_delta': 0.02515171303306487, 'tp': 0.05957637995357488, 'gate_pct': 99.08068803261627, 'dd_limit': 9.628020027635628, 'cooldown': 2, 'flip': True, 'en_ema_trend': True, 'ema_trend_fast': 62, 'ema_trend_slow': 292, 'en_sma_trend': False, 'sma_trend_fast': 389, 'sma_trend_slow': 192, 'en_macd': False, 'macd_fast': 53, 'macd_slow': 88, 'macd_signal': 45, 'en_vwap': True, 'en_keltner': False, 'keltner_n': 189, 'keltner_m': 1.8, 'en_obv': True, 'obv_slope': 49, 'en_cci': True, 'cci_n': 83, 'cci_threshold': 135, 'en_rsi': True, 'rsi_n': 100, 'rsi_lower': 32, 'rsi_upper': 51, 'en_stochastic': False, 'stochastic_n': 71, 'stochastic_d': 38, 'stochastic_lower': 39, 'stochastic_upper': 83, 'en_mfi': True, 'mfi_n': 28, 'mfi_lower': 18, 'mfi_upper': 87, 'en_bollinger': False, 'bollinger_n': 134, 'bollinger_k': 4.6000000000000005, 'en_adx': False, 'adx_n': 27, 'adx_threshold': 50, 'en_structure_trend': True, 'structure_trend_swing_l': 20, 'en_order_block': True, 'order_block_swing_l': 12, 'en_fvg': False, 'fvg_lookback': 45, 'en_ifvg': False, 'en_breaker': True, 'breaker_swing_l': 13, 'en_cisd': True, 'k': 2, 'en_cap_bars': False, 'cap_1min': 495}.
[I 2026-07-13 15:43:55,753] Trial 2222 finished with values: [-16.462735404232376, -3764.515556946084, 48.55] and parameters: {'sl_soft': 0.020223052950007456, 'sl_hard_delta': 0.006655247180609973, 'tp': 0.024786837987347286, 'gate_pct': 97.00844078669539, 'dd_limit': 9.628020027635628, 'cooldown': 3, 'flip': True, 'en_ema_trend': True, 'ema_trend_fast': 101, 'ema_trend_slow': 292, 'en_sma_trend': True, 'sma_trend_fast': 382, 'sma_trend_slow': 14, 'en_macd': False, 'macd_fast': 10, 'macd_slow': 88, 'macd_signal': 45, 'en_vwap': True, 'en_keltner': True, 'keltner_n': 198, 'keltner_m': 1.8, 'en_obv': True, 'obv_slope': 129, 'en_cci': True, 'cci_n': 88, 'cci_threshold': 135, 'en_rsi': True, 'rsi_n': 100, 'rsi_lower': 16, 'rsi_upper': 53, 'en_stochastic': False, 'stochastic_n': 71, 'stochastic_d': 14, 'stochastic_lower': 39, 'stochastic_upper': 83, 'en_mfi': True, 'mfi_n': 14, 'mfi_lower': 11, 'mfi_upper': 70, 'en_bollinger': False, 'bollinger_n': 182, 'bollinger_k': 4.2, 'en_adx': False, 'adx_n': 27, 'adx_threshold': 54, 'en_structure_trend': False, 'structure_trend_swing_l': 10, 'en_order_block': True, 'order_block_swing_l': 2, 'en_fvg': False, 'fvg_lookback': 50, 'en_ifvg': True, 'en_breaker': False, 'breaker_swing_l': 13, 'en_cisd': True, 'k': 1, 'en_cap_bars': True, 'cap_1min': 495}.
[I 2026-07-13 15:43:56,172] Trial 2223 pruned. 
[I 2026-07-13 15:43:57,628] Trial 2224 finished with values: [-1066.984773181261, -3107.6797964219363, 43.8] and parameters: {'sl_soft': 0.010118579279263403, 'sl_hard_delta': 0.05752078670204755, 'tp': 0.028560602836268517, 'gate_pct': 97.00844078669539, 'dd_limit': 9.628020027635628, 'cooldown': 7, 'flip': True, 'en_ema_trend': True, 'ema_trend_fast': 23, 'ema_trend_slow': 292, 'en_sma_trend': True, 'sma_trend_fast': 331, 'sma_trend_slow': 57, 'en_macd': True, 'macd_fast': 53, 'macd_slow': 196, 'macd_signal': 45, 'en_vwap': False, 'en_keltner': False, 'keltner_n': 60, 'keltner_m': 2.1, 'en_obv': False, 'obv_slope': 162, 'en_cci': True, 'cci_n': 134, 'cci_threshold': 250, 'en_rsi': False, 'rsi_n': 74, 'rsi_lower': 33, 'rsi_upper': 53, 'en_stochastic': False, 'stochastic_n': 78, 'stochastic_d': 6, 'stochastic_lower': 39, 'stochastic_upper': 94, 'en_mfi': True, 'mfi_n': 28, 'mfi_lower': 42, 'mfi_upper': 70, 'en_bollinger': True, 'bollinger_n': 172, 'bollinger_k': 0.5, 'en_adx': False, 'adx_n': 35, 'adx_threshold': 42, 'en_structure_trend': False, 'structure_trend_swing_l': 13, 'en_order_block': True, 'order_block_swing_l': 4, 'en_fvg': False, 'fvg_lookback': 50, 'en_ifvg': False, 'en_breaker': False, 'breaker_swing_l': 13, 'en_cisd': True, 'k': 2, 'en_cap_bars': False, 'cap_1min': 797}.
[I 2026-07-13 15:43:58,702] Trial 2225 finished with values: [699.9790452340093, -1982.9189813363969, 42.4] and parameters: {'sl_soft': 0.010118579279263403, 'sl_hard_delta': 0.02515171303306487, 'tp': 0.04927094955011397, 'gate_pct': 90.97354990533721, 'dd_limit': 9.066216783758431, 'cooldown': 2, 'flip': True, 'en_ema_trend': True, 'ema_trend_fast': 119, 'ema_trend_slow': 19, 'en_sma_trend': False, 'sma_trend_fast': 372, 'sma_trend_slow': 192, 'en_macd': False, 'macd_fast': 10, 'macd_slow': 196, 'macd_signal': 52, 'en_vwap': False, 'en_keltner': False, 'keltner_n': 189, 'keltner_m': 1.3, 'en_obv': True, 'obv_slope': 191, 'en_cci': False, 'cci_n': 4, 'cci_threshold': 95, 'en_rsi': False, 'rsi_n': 95, 'rsi_lower': 16, 'rsi_upper': 88, 'en_stochastic': False, 'stochastic_n': 87, 'stochastic_d': 6, 'stochastic_lower': 17, 'stochastic_upper': 78, 'en_mfi': False, 'mfi_n': 68, 'mfi_lower': 8, 'mfi_upper': 93, 'en_bollinger': True, 'bollinger_n': 122, 'bollinger_k': 4.2, 'en_adx': False, 'adx_n': 27, 'adx_threshold': 38, 'en_structure_trend': True, 'structure_trend_swing_l': 18, 'en_order_block': True, 'order_block_swing_l': 12, 'en_fvg': True, 'fvg_lookback': 45, 'en_ifvg': True, 'en_breaker': True, 'breaker_swing_l': 9, 'en_cisd': False, 'k': 1, 'en_cap_bars': False, 'cap_1min': 797}.
[I 2026-07-13 15:43:59,247] Trial 2226 finished with values: [1725.3103550207172, -2847.543845796636, 33.8] and parameters: {'sl_soft': 0.020223052950007456, 'sl_hard_delta': 0.006655247180609973, 'tp': 0.06466351711838181, 'gate_pct': 97.00844078669539, 'dd_limit': 4.866210487643857, 'cooldown': 2, 'flip': True, 'en_ema_trend': True, 'ema_trend_fast': 24, 'ema_trend_slow': 397, 'en_sma_trend': True, 'sma_trend_fast': 382, 'sma_trend_slow': 359, 'en_macd': True, 'macd_fast': 10, 'macd_slow': 60, 'macd_signal': 25, 'en_vwap': False, 'en_keltner': False, 'keltner_n': 178, 'keltner_m': 1.3, 'en_obv': True, 'obv_slope': 22, 'en_cci': True, 'cci_n': 83, 'cci_threshold': 35, 'en_rsi': False, 'rsi_n': 95, 'rsi_lower': 31, 'rsi_upper': 96, 'en_stochastic': False, 'stochastic_n': 71, 'stochastic_d': 6, 'stochastic_lower': 31, 'stochastic_upper': 78, 'en_mfi': False, 'mfi_n': 76, 'mfi_lower': 8, 'mfi_upper': 93, 'en_bollinger': False, 'bollinger_n': 70, 'bollinger_k': 4.6000000000000005, 'en_adx': False, 'adx_n': 27, 'adx_threshold': 54, 'en_structure_trend': True, 'structure_trend_swing_l': 1, 'en_order_block': True, 'order_block_swing_l': 18, 'en_fvg': False, 'fvg_lookback': 45, 'en_ifvg': True, 'en_breaker': True, 'breaker_swing_l': 14, 'en_cisd': False, 'k': 1, 'en_cap_bars': True, 'cap_1min': 797}.
[I 2026-07-13 15:44:00,996] Trial 2227 finished with values: [320.08788307850364, -4220.124240665377, 33.3] and parameters: {'sl_soft': 0.020223052950007456, 'sl_hard_delta': 0.006655247180609973, 'tp': 0.05957637995357488, 'gate_pct': 99.08068803261627, 'dd_limit': 9.628020027635628, 'cooldown': 3, 'flip': True, 'en_ema_trend': True, 'ema_trend_fast': 62, 'ema_trend_slow': 158, 'en_sma_trend': True, 'sma_trend_fast': 382, 'sma_trend_slow': 359, 'en_macd': False, 'macd_fast': 48, 'macd_slow': 18, 'macd_signal': 45, 'en_vwap': True, 'en_keltner': False, 'keltner_n': 111, 'keltner_m': 1.8, 'en_obv': True, 'obv_slope': 49, 'en_cci': True, 'cci_n': 83, 'cci_threshold': 135, 'en_rsi': True, 'rsi_n': 53, 'rsi_lower': 32, 'rsi_upper': 74, 'en_stochastic': False, 'stochastic_n': 71, 'stochastic_d': 15, 'stochastic_lower': 23, 'stochastic_upper': 97, 'en_mfi': True, 'mfi_n': 28, 'mfi_lower': 1, 'mfi_upper': 87, 'en_bollinger': False, 'bollinger_n': 72, 'bollinger_k': 4.6000000000000005, 'en_adx': False, 'adx_n': 27, 'adx_threshold': 54, 'en_structure_trend': True, 'structure_trend_swing_l': 20, 'en_order_block': False, 'order_block_swing_l': 18, 'en_fvg': False, 'fvg_lookback': 50, 'en_ifvg': True, 'en_breaker': True, 'breaker_swing_l': 5, 'en_cisd': True, 'k': 2, 'en_cap_bars': False, 'cap_1min': 495}.
[I 2026-07-13 15:44:01,479] Trial 2228 finished with values: [308.1847349434063, -2992.6048279810425, 33.45] and parameters: {'sl_soft': 0.020223052950007456, 'sl_hard_delta': 0.006655247180609973, 'tp': 0.05957637995357488, 'gate_pct': 97.00844078669539, 'dd_limit': 9.628020027635628, 'cooldown': 3, 'flip': True, 'en_ema_trend': True, 'ema_trend_fast': 23, 'ema_trend_slow': 292, 'en_sma_trend': True, 'sma_trend_fast': 382, 'sma_trend_slow': 359, 'en_macd': True, 'macd_fast': 48, 'macd_slow': 88, 'macd_signal': 45, 'en_vwap': False, 'en_keltner': False, 'keltner_n': 30, 'keltner_m': 1.8, 'en_obv': True, 'obv_slope': 49, 'en_cci': True, 'cci_n': 83, 'cci_threshold': 135, 'en_rsi': True, 'rsi_n': 100, 'rsi_lower': 32, 'rsi_upper': 74, 'en_stochastic': False, 'stochastic_n': 71, 'stochastic_d': 38, 'stochastic_lower': 39, 'stochastic_upper': 83, 'en_mfi': False, 'mfi_n': 28, 'mfi_lower': 41, 'mfi_upper': 87, 'en_bollinger': True, 'bollinger_n': 70, 'bollinger_k': 4.6000000000000005, 'en_adx': False, 'adx_n': 27, 'adx_threshold': 54, 'en_structure_trend': True, 'structure_trend_swing_l': 20, 'en_order_block': True, 'order_block_swing_l': 12, 'en_fvg': False, 'fvg_lookback': 50, 'en_ifvg': True, 'en_breaker': True, 'breaker_swing_l': 13, 'en_cisd': False, 'k': 2, 'en_cap_bars': False, 'cap_1min': 1237}.
[I 2026-07-13 15:44:02,848] Trial 2229 finished with values: [33.23675974694851, -2465.5227257939323, 48.55] and parameters: {'sl_soft': 0.010118579279263403, 'sl_hard_delta': 0.04146915336807996, 'tp': 0.024786837987347286, 'gate_pct': 90.97354990533721, 'dd_limit': 9.50807718589736, 'cooldown': 9, 'flip': True, 'en_ema_trend': True, 'ema_trend_fast': 101, 'ema_trend_slow': 158, 'en_sma_trend': False, 'sma_trend_fast': 257, 'sma_trend_slow': 57, 'en_macd': True, 'macd_fast': 53, 'macd_slow': 18, 'macd_signal': 61, 'en_vwap': False, 'en_keltner': False, 'keltner_n': 189, 'keltner_m': 2.6, 'en_obv': True, 'obv_slope': 129, 'en_cci': False, 'cci_n': 4, 'cci_threshold': 255, 'en_rsi': False, 'rsi_n': 53, 'rsi_lower': 31, 'rsi_upper': 89, 'en_stochastic': False, 'stochastic_n': 60, 'stochastic_d': 29, 'stochastic_lower': 4, 'stochastic_upper': 78, 'en_mfi': True, 'mfi_n': 68, 'mfi_lower': 11, 'mfi_upper': 93, 'en_bollinger': True, 'bollinger_n': 49, 'bollinger_k': 0.5, 'en_adx': False, 'adx_n': 41, 'adx_threshold': 45, 'en_structure_trend': False, 'structure_trend_swing_l': 11, 'en_order_block': False, 'order_block_swing_l': 2, 'en_fvg': True, 'fvg_lookback': 45, 'en_ifvg': False, 'en_breaker': False, 'breaker_swing_l': 5, 'en_cisd': True, 'k': 2, 'en_cap_bars': False, 'cap_1min': 1435}.
[I 2026-07-13 15:44:04,450] Trial 2230 finished with values: [73.42712381587904, -4314.2282996534295, 49.4] and parameters: {'sl_soft': 0.020223052950007456, 'sl_hard_delta': 0.006655247180609973, 'tp': 0.028523995114829254, 'gate_pct': 97.00844078669539, 'dd_limit': 9.628020027635628, 'cooldown': 3, 'flip': True, 'en_ema_trend': True, 'ema_trend_fast': 23, 'ema_trend_slow': 19, 'en_sma_trend': True, 'sma_trend_fast': 382, 'sma_trend_slow': 359, 'en_macd': False, 'macd_fast': 38, 'macd_slow': 60, 'macd_signal': 40, 'en_vwap': True, 'en_keltner': False, 'keltner_n': 178, 'keltner_m': 1.3, 'en_obv': False, 'obv_slope': 197, 'en_cci': True, 'cci_n': 67, 'cci_threshold': 185, 'en_rsi': True, 'rsi_n': 100, 'rsi_lower': 2, 'rsi_upper': 96, 'en_stochastic': False, 'stochastic_n': 71, 'stochastic_d': 6, 'stochastic_lower': 31, 'stochastic_upper': 83, 'en_mfi': False, 'mfi_n': 28, 'mfi_lower': 43, 'mfi_upper': 87, 'en_bollinger': False, 'bollinger_n': 70, 'bollinger_k': 4.6000000000000005, 'en_adx': False, 'adx_n': 27, 'adx_threshold': 54, 'en_structure_trend': True, 'structure_trend_swing_l': 1, 'en_order_block': True, 'order_block_swing_l': 18, 'en_fvg': False, 'fvg_lookback': 50, 'en_ifvg': True, 'en_breaker': True, 'breaker_swing_l': 14, 'en_cisd': True, 'k': 1, 'en_cap_bars': False, 'cap_1min': 1237}.
[I 2026-07-13 15:44:05,843] Trial 2231 pruned. 
[I 2026-07-13 15:44:07,574] Trial 2232 finished with values: [1361.4851780558904, -4682.101236329787, 49.85] and parameters: {'sl_soft': 0.034454793278025315, 'sl_hard_delta': 0.04000671936357235, 'tp': 0.06597500573834292, 'gate_pct': 90.97354990533721, 'dd_limit': 4.866210487643857, 'cooldown': 2, 'flip': True, 'en_ema_trend': True, 'ema_trend_fast': 101, 'ema_trend_slow': 19, 'en_sma_trend': False, 'sma_trend_fast': 262, 'sma_trend_slow': 192, 'en_macd': True, 'macd_fast': 53, 'macd_slow': 114, 'macd_signal': 61, 'en_vwap': False, 'en_keltner': True, 'keltner_n': 189, 'keltner_m': 1.3, 'en_obv': False, 'obv_slope': 129, 'en_cci': True, 'cci_n': 88, 'cci_threshold': 35, 'en_rsi': True, 'rsi_n': 46, 'rsi_lower': 31, 'rsi_upper': 67, 'en_stochastic': False, 'stochastic_n': 87, 'stochastic_d': 45, 'stochastic_lower': 4, 'stochastic_upper': 78, 'en_mfi': False, 'mfi_n': 68, 'mfi_lower': 11, 'mfi_upper': 93, 'en_bollinger': True, 'bollinger_n': 70, 'bollinger_k': 3.5, 'en_adx': False, 'adx_n': 32, 'adx_threshold': 14, 'en_structure_trend': False, 'structure_trend_swing_l': 12, 'en_order_block': True, 'order_block_swing_l': 4, 'en_fvg': True, 'fvg_lookback': 45, 'en_ifvg': False, 'en_breaker': True, 'breaker_swing_l': 2, 'en_cisd': False, 'k': 1, 'en_cap_bars': True, 'cap_1min': 1237}.
[I 2026-07-13 15:44:08,065] Trial 2233 finished with values: [2236.405105043797, -3023.4152174447004, 33.95] and parameters: {'sl_soft': 0.020223052950007456, 'sl_hard_delta': 0.006655247180609973, 'tp': 0.05957637995357488, 'gate_pct': 97.00844078669539, 'dd_limit': 4.866210487643857, 'cooldown': 3, 'flip': True, 'en_ema_trend': True, 'ema_trend_fast': 23, 'ema_trend_slow': 19, 'en_sma_trend': True, 'sma_trend_fast': 382, 'sma_trend_slow': 359, 'en_macd': False, 'macd_fast': 48, 'macd_slow': 60, 'macd_signal': 40, 'en_vwap': False, 'en_keltner': False, 'keltner_n': 30, 'keltner_m': 1.3, 'en_obv': False, 'obv_slope': 197, 'en_cci': True, 'cci_n': 83, 'cci_threshold': 135, 'en_rsi': False, 'rsi_n': 100, 'rsi_lower': 2, 'rsi_upper': 96, 'en_stochastic': False, 'stochastic_n': 71, 'stochastic_d': 38, 'stochastic_lower': 31, 'stochastic_upper': 83, 'en_mfi': False, 'mfi_n': 76, 'mfi_lower': 43, 'mfi_upper': 87, 'en_bollinger': False, 'bollinger_n': 72, 'bollinger_k': 4.6000000000000005, 'en_adx': False, 'adx_n': 27, 'adx_threshold': 54, 'en_structure_trend': True, 'structure_trend_swing_l': 1, 'en_order_block': True, 'order_block_swing_l': 12, 'en_fvg': False, 'fvg_lookback': 50, 'en_ifvg': False, 'en_breaker': True, 'breaker_swing_l': 14, 'en_cisd': False, 'k': 1, 'en_cap_bars': False, 'cap_1min': 1237}.
[I 2026-07-13 15:44:10,098] Trial 2234 finished with values: [-10.618565894038284, -1969.2119783368157, 29.9] and parameters: {'sl_soft': 0.010118579279263403, 'sl_hard_delta': 0.02515171303306487, 'tp': 0.06466351711838181, 'gate_pct': 90.97354990533721, 'dd_limit': 4.866210487643857, 'cooldown': 8, 'flip': True, 'en_ema_trend': True, 'ema_trend_fast': 23, 'ema_trend_slow': 19, 'en_sma_trend': False, 'sma_trend_fast': 262, 'sma_trend_slow': 359, 'en_macd': True, 'macd_fast': 53, 'macd_slow': 60, 'macd_signal': 40, 'en_vwap': False, 'en_keltner': False, 'keltner_n': 189, 'keltner_m': 1.3, 'en_obv': False, 'obv_slope': 197, 'en_cci': True, 'cci_n': 83, 'cci_threshold': 75, 'en_rsi': False, 'rsi_n': 100, 'rsi_lower': 19, 'rsi_upper': 96, 'en_stochastic': False, 'stochastic_n': 71, 'stochastic_d': 6, 'stochastic_lower': 4, 'stochastic_upper': 83, 'en_mfi': False, 'mfi_n': 76, 'mfi_lower': 18, 'mfi_upper': 93, 'en_bollinger': True, 'bollinger_n': 70, 'bollinger_k': 5.0, 'en_adx': False, 'adx_n': 32, 'adx_threshold': 54, 'en_structure_trend': True, 'structure_trend_swing_l': 13, 'en_order_block': True, 'order_block_swing_l': 15, 'en_fvg': True, 'fvg_lookback': 50, 'en_ifvg': False, 'en_breaker': True, 'breaker_swing_l': 14, 'en_cisd': False, 'k': 1, 'en_cap_bars': False, 'cap_1min': 1237}.
[I 2026-07-13 15:44:11,103] Trial 2235 finished with values: [1310.3283111615488, -4591.183075668185, 49.05] and parameters: {'sl_soft': 0.010118579279263403, 'sl_hard_delta': 0.04000671936357235, 'tp': 0.04927094955011397, 'gate_pct': 96.82972780322679, 'dd_limit': 9.628020027635628, 'cooldown': 2, 'flip': True, 'en_ema_trend': True, 'ema_trend_fast': 24, 'ema_trend_slow': 397, 'en_sma_trend': False, 'sma_trend_fast': 262, 'sma_trend_slow': 192, 'en_macd': True, 'macd_fast': 53, 'macd_slow': 196, 'macd_signal': 52, 'en_vwap': True, 'en_keltner': False, 'keltner_n': 172, 'keltner_m': 2.1, 'en_obv': True, 'obv_slope': 22, 'en_cci': True, 'cci_n': 166, 'cci_threshold': 95, 'en_rsi': False, 'rsi_n': 72, 'rsi_lower': 31, 'rsi_upper': 88, 'en_stochastic': False, 'stochastic_n': 87, 'stochastic_d': 6, 'stochastic_lower': 4, 'stochastic_upper': 78, 'en_mfi': False, 'mfi_n': 68, 'mfi_lower': 18, 'mfi_upper': 93, 'en_bollinger': True, 'bollinger_n': 134, 'bollinger_k': 4.2, 'en_adx': False, 'adx_n': 64, 'adx_threshold': 38, 'en_structure_trend': True, 'structure_trend_swing_l': 10, 'en_order_block': True, 'order_block_swing_l': 18, 'en_fvg': True, 'fvg_lookback': 45, 'en_ifvg': True, 'en_breaker': True, 'breaker_swing_l': 13, 'en_cisd': False, 'k': 1, 'en_cap_bars': False, 'cap_1min': 797}.
[I 2026-07-13 15:44:12,356] Trial 2236 finished with values: [1147.8725799507397, -3409.4090083615924, 36.15] and parameters: {'sl_soft': 0.010118579279263403, 'sl_hard_delta': 0.02515171303306487, 'tp': 0.06466351711838181, 'gate_pct': 96.82972780322679, 'dd_limit': 9.50807718589736, 'cooldown': 2, 'flip': True, 'en_ema_trend': True, 'ema_trend_fast': 101, 'ema_trend_slow': 19, 'en_sma_trend': True, 'sma_trend_fast': 262, 'sma_trend_slow': 192, 'en_macd': True, 'macd_fast': 53, 'macd_slow': 114, 'macd_signal': 61, 'en_vwap': False, 'en_keltner': True, 'keltner_n': 189, 'keltner_m': 1.3, 'en_obv': False, 'obv_slope': 129, 'en_cci': True, 'cci_n': 4, 'cci_threshold': 75, 'en_rsi': True, 'rsi_n': 44, 'rsi_lower': 16, 'rsi_upper': 89, 'en_stochastic': False, 'stochastic_n': 87, 'stochastic_d': 29, 'stochastic_lower': 4, 'stochastic_upper': 78, 'en_mfi': False, 'mfi_n': 68, 'mfi_lower': 11, 'mfi_upper': 93, 'en_bollinger': True, 'bollinger_n': 134, 'bollinger_k': 4.2, 'en_adx': False, 'adx_n': 67, 'adx_threshold': 14, 'en_structure_trend': False, 'structure_trend_swing_l': 12, 'en_order_block': True, 'order_block_swing_l': 4, 'en_fvg': True, 'fvg_lookback': 45, 'en_ifvg': True, 'en_breaker': True, 'breaker_swing_l': 2, 'en_cisd': True, 'k': 1, 'en_cap_bars': True, 'cap_1min': 1237}.
[I 2026-07-13 15:44:12,927] Trial 2237 finished with values: [243.29929541041295, -2944.827057882905, 64.2] and parameters: {'sl_soft': 0.019818244244465925, 'sl_hard_delta': 0.04000671936357235, 'tp': 0.028560602836268517, 'gate_pct': 90.97354990533721, 'dd_limit': 4.866210487643857, 'cooldown': 2, 'flip': True, 'en_ema_trend': True, 'ema_trend_fast': 101, 'ema_trend_slow': 19, 'en_sma_trend': False, 'sma_trend_fast': 262, 'sma_trend_slow': 192, 'en_macd': True, 'macd_fast': 10, 'macd_slow': 86, 'macd_signal': 25, 'en_vwap': False, 'en_keltner': True, 'keltner_n': 198, 'keltner_m': 1.3, 'en_obv': False, 'obv_slope': 197, 'en_cci': False, 'cci_n': 88, 'cci_threshold': 95, 'en_rsi': True, 'rsi_n': 46, 'rsi_lower': 16, 'rsi_upper': 53, 'en_stochastic': False, 'stochastic_n': 87, 'stochastic_d': 45, 'stochastic_lower': 44, 'stochastic_upper': 78, 'en_mfi': False, 'mfi_n': 68, 'mfi_lower': 18, 'mfi_upper': 93, 'en_bollinger': True, 'bollinger_n': 70, 'bollinger_k': 2.1, 'en_adx': False, 'adx_n': 38, 'adx_threshold': 24, 'en_structure_trend': False, 'structure_trend_swing_l': 10, 'en_order_block': True, 'order_block_swing_l': 2, 'en_fvg': True, 'fvg_lookback': 44, 'en_ifvg': True, 'en_breaker': True, 'breaker_swing_l': 6, 'en_cisd': True, 'k': 1, 'en_cap_bars': True, 'cap_1min': 1237}.
[I 2026-07-13 15:44:14,505] Trial 2238 finished with values: [-806.0308955496783, -3760.458526387191, 35.85] and parameters: {'sl_soft': 0.034454793278025315, 'sl_hard_delta': 0.006655247180609973, 'tp': 0.0739135300227091, 'gate_pct': 99.08068803261627, 'dd_limit': 4.866210487643857, 'cooldown': 3, 'flip': True, 'en_ema_trend': True, 'ema_trend_fast': 101, 'ema_trend_slow': 158, 'en_sma_trend': True, 'sma_trend_fast': 382, 'sma_trend_slow': 359, 'en_macd': False, 'macd_fast': 10, 'macd_slow': 60, 'macd_signal': 40, 'en_vwap': False, 'en_keltner': True, 'keltner_n': 178, 'keltner_m': 1.3, 'en_obv': True, 'obv_slope': 197, 'en_cci': False, 'cci_n': 83, 'cci_threshold': 135, 'en_rsi': True, 'rsi_n': 100, 'rsi_lower': 31, 'rsi_upper': 96, 'en_stochastic': False, 'stochastic_n': 46, 'stochastic_d': 29, 'stochastic_lower': 23, 'stochastic_upper': 97, 'en_mfi': False, 'mfi_n': 35, 'mfi_lower': 1, 'mfi_upper': 87, 'en_bollinger': False, 'bollinger_n': 70, 'bollinger_k': 4.6000000000000005, 'en_adx': False, 'adx_n': 27, 'adx_threshold': 54, 'en_structure_trend': True, 'structure_trend_swing_l': 1, 'en_order_block': False, 'order_block_swing_l': 12, 'en_fvg': True, 'fvg_lookback': 48, 'en_ifvg': False, 'en_breaker': False, 'breaker_swing_l': 5, 'en_cisd': True, 'k': 2, 'en_cap_bars': False, 'cap_1min': 1435}.
