[I 2026-07-13 14:59:36,265] Trial 439 finished with values: [-888.0702904327543, -2781.9301862113484, 65.7] and parameters: {'sl_soft': 0.016325435324117392, 'sl_hard_delta': 0.04643972052354599, 'tp': 0.013403067708201506, 'gate_pct': 99.86430067299344, 'dd_limit': 2.3419576250818945, 'cooldown': 26, 'flip': True, 'en_ema_trend': True, 'ema_trend_fast': 4, 'ema_trend_slow': 134, 'en_sma_trend': False, 'sma_trend_fast': 204, 'sma_trend_slow': 385, 'en_macd': True, 'macd_fast': 76, 'macd_slow': 28, 'macd_signal': 13, 'en_vwap': True, 'en_keltner': False, 'keltner_n': 95, 'keltner_m': 2.8000000000000003, 'en_obv': True, 'obv_slope': 140, 'en_cci': False, 'cci_n': 115, 'cci_threshold': 280, 'en_rsi': False, 'rsi_n': 7, 'rsi_lower': 34, 'rsi_upper': 70, 'en_stochastic': False, 'stochastic_n': 41, 'stochastic_d': 5, 'stochastic_lower': 43, 'stochastic_upper': 86, 'en_mfi': False, 'mfi_n': 25, 'mfi_lower': 23, 'mfi_upper': 87, 'en_bollinger': False, 'bollinger_n': 103, 'bollinger_k': 1.8, 'en_adx': False, 'adx_n': 47, 'adx_threshold': 25, 'en_structure_trend': True, 'structure_trend_swing_l': 5, 'en_order_block': True, 'order_block_swing_l': 7, 'en_fvg': True, 'fvg_lookback': 40, 'en_ifvg': False, 'en_breaker': True, 'breaker_swing_l': 20, 'en_cisd': True, 'k': 4, 'en_cap_bars': True, 'cap_1min': 374}.
[I 2026-07-13 14:59:36,506] Trial 440 pruned. 
[I 2026-07-13 14:59:38,056] Trial 441 pruned. 
[I 2026-07-13 14:59:38,760] Trial 442 pruned. 
[I 2026-07-13 14:59:45,057] Trial 443 pruned. 
[I 2026-07-13 14:59:46,512] Trial 444 pruned. 
[I 2026-07-13 14:59:47,599] Trial 445 pruned. 
[I 2026-07-13 14:59:48,917] Trial 446 pruned. 
[I 2026-07-13 14:59:50,131] Trial 447 pruned. 
[I 2026-07-13 14:59:51,356] Trial 448 pruned. 
[I 2026-07-13 14:59:51,946] Trial 449 pruned. 
[I 2026-07-13 14:59:52,355] Trial 450 pruned. 
[I 2026-07-13 14:59:54,463] Trial 451 pruned. 
[I 2026-07-13 14:59:55,488] Trial 452 pruned. 
[I 2026-07-13 14:59:57,297] Trial 453 pruned. 
[I 2026-07-13 14:59:57,843] Trial 454 pruned. 
[I 2026-07-13 14:59:59,682] Trial 455 pruned. 
[I 2026-07-13 15:00:00,016] Trial 456 pruned. 
[I 2026-07-13 15:00:01,138] Trial 457 pruned. 
[I 2026-07-13 15:00:01,775] Trial 458 pruned. 
[I 2026-07-13 15:00:03,330] Trial 459 pruned. 
[I 2026-07-13 15:00:04,485] Trial 460 pruned. 
[I 2026-07-13 15:00:04,872] Trial 461 pruned. 
[I 2026-07-13 15:00:08,054] Trial 462 pruned. 
[I 2026-07-13 15:00:08,696] Trial 463 pruned. 
[I 2026-07-13 15:00:10,168] Trial 464 pruned. 
[I 2026-07-13 15:00:11,558] Trial 465 pruned. 
[I 2026-07-13 15:00:13,122] Trial 466 pruned. 
[I 2026-07-13 15:00:14,361] Trial 467 pruned. 
[I 2026-07-13 15:00:15,305] Trial 468 pruned. 
[I 2026-07-13 15:00:16,886] Trial 469 pruned. 
[I 2026-07-13 15:00:17,959] Trial 470 pruned. 
[I 2026-07-13 15:00:19,532] Trial 471 pruned. 
[I 2026-07-13 15:00:20,410] Trial 472 pruned. 
[I 2026-07-13 15:00:21,410] Trial 473 pruned. 
[I 2026-07-13 15:00:23,828] Trial 474 pruned. 
[I 2026-07-13 15:00:24,459] Trial 475 pruned. 
[I 2026-07-13 15:00:25,384] Trial 476 pruned. 
[I 2026-07-13 15:00:29,768] Trial 477 pruned. 
[I 2026-07-13 15:00:30,661] Trial 478 pruned. 
[I 2026-07-13 15:00:31,041] Trial 479 pruned. 
[I 2026-07-13 15:00:31,281] Trial 480 pruned. 
[I 2026-07-13 15:00:34,172] Trial 481 pruned. 
[I 2026-07-13 15:00:36,553] Trial 482 pruned. 
[I 2026-07-13 15:00:38,872] Trial 483 pruned. 
[I 2026-07-13 15:00:42,529] Trial 484 pruned. 
[I 2026-07-13 15:00:45,230] Trial 485 pruned. 
[I 2026-07-13 15:00:46,425] Trial 486 pruned. 
[I 2026-07-13 15:00:48,157] Trial 487 pruned. 
[I 2026-07-13 15:00:50,558] Trial 488 pruned. 
[I 2026-07-13 15:00:52,348] Trial 489 pruned. 
[I 2026-07-13 15:00:53,259] Trial 490 pruned. 
[I 2026-07-13 15:00:55,061] Trial 491 pruned. 
[I 2026-07-13 15:00:57,488] Trial 492 pruned. 
[I 2026-07-13 15:00:59,430] Trial 493 pruned. 
[I 2026-07-13 15:01:00,822] Trial 494 pruned. 
[I 2026-07-13 15:01:02,187] Trial 495 pruned. 
[I 2026-07-13 15:01:03,178] Trial 496 pruned. 
[I 2026-07-13 15:01:03,939] Trial 497 pruned. 
[I 2026-07-13 15:01:04,851] Trial 498 pruned. 
[I 2026-07-13 15:01:06,122] Trial 499 pruned. 
[I 2026-07-13 15:01:07,483] Trial 500 pruned. 
[I 2026-07-13 15:01:08,865] Trial 501 pruned. 
[I 2026-07-13 15:01:10,044] Trial 502 pruned. 
[I 2026-07-13 15:01:11,355] Trial 503 pruned. 
[I 2026-07-13 15:01:14,047] Trial 504 pruned. 
[I 2026-07-13 15:01:14,820] Trial 505 pruned. 
[I 2026-07-13 15:01:15,747] Trial 506 pruned. 
[I 2026-07-13 15:01:16,188] Trial 507 pruned. 
[I 2026-07-13 15:01:17,637] Trial 508 pruned. 
[I 2026-07-13 15:01:19,539] Trial 509 pruned. 
[I 2026-07-13 15:01:20,820] Trial 510 pruned. 
[I 2026-07-13 15:01:21,881] Trial 511 pruned. 
[I 2026-07-13 15:01:23,023] Trial 512 pruned. 
[I 2026-07-13 15:01:24,241] Trial 513 pruned. 
[I 2026-07-13 15:01:24,824] Trial 514 pruned. 
[I 2026-07-13 15:01:27,104] Trial 515 pruned. 
[I 2026-07-13 15:01:28,677] Trial 516 pruned. 
[I 2026-07-13 15:01:33,746] Trial 517 finished with values: [-18.905732786578284, -2111.095647647616, 56.65] and parameters: {'sl_soft': 0.04001475448905004, 'sl_hard_delta': 0.014076944975748481, 'tp': 0.043197391145797084, 'gate_pct': 94.32553955536301, 'dd_limit': 8.683310596224244, 'cooldown': 21, 'flip': False, 'en_ema_trend': True, 'ema_trend_fast': 386, 'ema_trend_slow': 284, 'en_sma_trend': False, 'sma_trend_fast': 265, 'sma_trend_slow': 280, 'en_macd': True, 'macd_fast': 19, 'macd_slow': 80, 'macd_signal': 48, 'en_vwap': False, 'en_keltner': True, 'keltner_n': 56, 'keltner_m': 1.4, 'en_obv': True, 'obv_slope': 29, 'en_cci': False, 'cci_n': 118, 'cci_threshold': 205, 'en_rsi': False, 'rsi_n': 77, 'rsi_lower': 1, 'rsi_upper': 68, 'en_stochastic': False, 'stochastic_n': 87, 'stochastic_d': 28, 'stochastic_lower': 15, 'stochastic_upper': 81, 'en_mfi': False, 'mfi_n': 83, 'mfi_lower': 22, 'mfi_upper': 90, 'en_bollinger': False, 'bollinger_n': 78, 'bollinger_k': 3.4000000000000004, 'en_adx': False, 'adx_n': 48, 'adx_threshold': 29, 'en_structure_trend': False, 'structure_trend_swing_l': 19, 'en_order_block': True, 'order_block_swing_l': 13, 'en_fvg': True, 'fvg_lookback': 31, 'en_ifvg': True, 'en_breaker': False, 'breaker_swing_l': 2, 'en_cisd': False, 'k': 1, 'en_cap_bars': False, 'cap_1min': 542}.
[I 2026-07-13 15:01:35,000] Trial 518 pruned. 
[I 2026-07-13 15:01:35,609] Trial 519 pruned. 
[I 2026-07-13 15:01:35,890] Trial 520 pruned. 
[I 2026-07-13 15:01:36,908] Trial 521 pruned. 
[I 2026-07-13 15:01:38,603] Trial 522 pruned. 
[I 2026-07-13 15:01:41,427] Trial 523 pruned. 
[I 2026-07-13 15:01:42,306] Trial 524 pruned. 
[I 2026-07-13 15:01:43,512] Trial 525 pruned. 
[I 2026-07-13 15:01:45,013] Trial 526 pruned. 
[I 2026-07-13 15:01:46,227] Trial 527 pruned. 
[I 2026-07-13 15:01:47,509] Trial 528 pruned. 
[I 2026-07-13 15:01:49,795] Trial 529 pruned. 
[I 2026-07-13 15:01:50,331] Trial 530 pruned. 
[I 2026-07-13 15:01:51,439] Trial 531 pruned. 
[I 2026-07-13 15:01:53,201] Trial 532 pruned. 
[I 2026-07-13 15:01:53,954] Trial 533 pruned. 
[I 2026-07-13 15:01:56,375] Trial 534 pruned. 
[I 2026-07-13 15:01:57,184] Trial 535 pruned. 
[I 2026-07-13 15:01:59,093] Trial 536 finished with values: [-261.35744431069696, -1159.8140478015039, 50.0] and parameters: {'sl_soft': 0.015203057816679206, 'sl_hard_delta': 0.03727016515657848, 'tp': 0.03040330530600309, 'gate_pct': 99.95605949198794, 'dd_limit': 1.4726436036009025, 'cooldown': 10, 'flip': True, 'en_ema_trend': False, 'ema_trend_fast': 27, 'ema_trend_slow': 14, 'en_sma_trend': False, 'sma_trend_fast': 392, 'sma_trend_slow': 319, 'en_macd': True, 'macd_fast': 91, 'macd_slow': 42, 'macd_signal': 26, 'en_vwap': True, 'en_keltner': False, 'keltner_n': 139, 'keltner_m': 2.5, 'en_obv': True, 'obv_slope': 14, 'en_cci': True, 'cci_n': 106, 'cci_threshold': 155, 'en_rsi': False, 'rsi_n': 81, 'rsi_lower': 13, 'rsi_upper': 95, 'en_stochastic': False, 'stochastic_n': 88, 'stochastic_d': 46, 'stochastic_lower': 7, 'stochastic_upper': 61, 'en_mfi': False, 'mfi_n': 93, 'mfi_lower': 30, 'mfi_upper': 96, 'en_bollinger': False, 'bollinger_n': 44, 'bollinger_k': 3.7, 'en_adx': False, 'adx_n': 16, 'adx_threshold': 12, 'en_structure_trend': False, 'structure_trend_swing_l': 6, 'en_order_block': True, 'order_block_swing_l': 3, 'en_fvg': False, 'fvg_lookback': 9, 'en_ifvg': False, 'en_breaker': True, 'breaker_swing_l': 16, 'en_cisd': False, 'k': 4, 'en_cap_bars': False, 'cap_1min': 368}.
[I 2026-07-13 15:01:59,953] Trial 537 pruned. 
[I 2026-07-13 15:02:01,696] Trial 538 pruned. 
[I 2026-07-13 15:02:02,998] Trial 539 pruned. 
[I 2026-07-13 15:02:03,360] Trial 540 pruned. 
[I 2026-07-13 15:02:04,833] Trial 541 pruned. 
[I 2026-07-13 15:02:06,032] Trial 542 pruned. 
[I 2026-07-13 15:02:07,725] Trial 543 pruned. 
[I 2026-07-13 15:02:18,082] Trial 544 finished with values: [-534.8018883222137, -3984.951717288503, 46.3] and parameters: {'sl_soft': 0.03131051938137177, 'sl_hard_delta': 0.023111758016838867, 'tp': 0.047161827682658794, 'gate_pct': 91.7747058341661, 'dd_limit': 3.3374720541419105, 'cooldown': 2, 'flip': False, 'en_ema_trend': True, 'ema_trend_fast': 357, 'ema_trend_slow': 293, 'en_sma_trend': False, 'sma_trend_fast': 315, 'sma_trend_slow': 221, 'en_macd': False, 'macd_fast': 79, 'macd_slow': 118, 'macd_signal': 25, 'en_vwap': True, 'en_keltner': True, 'keltner_n': 127, 'keltner_m': 4.7, 'en_obv': False, 'obv_slope': 62, 'en_cci': True, 'cci_n': 199, 'cci_threshold': 290, 'en_rsi': False, 'rsi_n': 90, 'rsi_lower': 37, 'rsi_upper': 58, 'en_stochastic': True, 'stochastic_n': 20, 'stochastic_d': 14, 'stochastic_lower': 32, 'stochastic_upper': 81, 'en_mfi': False, 'mfi_n': 62, 'mfi_lower': 21, 'mfi_upper': 91, 'en_bollinger': True, 'bollinger_n': 88, 'bollinger_k': 3.2, 'en_adx': False, 'adx_n': 39, 'adx_threshold': 38, 'en_structure_trend': False, 'structure_trend_swing_l': 3, 'en_order_block': False, 'order_block_swing_l': 2, 'en_fvg': True, 'fvg_lookback': 30, 'en_ifvg': False, 'en_breaker': False, 'breaker_swing_l': 14, 'en_cisd': True, 'k': 3, 'en_cap_bars': False, 'cap_1min': 661}.
[I 2026-07-13 15:02:19,249] Trial 545 pruned. 
[I 2026-07-13 15:02:20,512] Trial 546 pruned. 
[I 2026-07-13 15:02:22,373] Trial 547 pruned. 
[I 2026-07-13 15:02:23,332] Trial 548 pruned. 
[I 2026-07-13 15:02:26,063] Trial 549 pruned. 
[I 2026-07-13 15:02:26,680] Trial 550 pruned. 
[I 2026-07-13 15:02:27,990] Trial 551 pruned. 
[I 2026-07-13 15:02:28,198] Trial 552 pruned. 
[I 2026-07-13 15:02:29,843] Trial 553 pruned. 
[I 2026-07-13 15:02:31,067] Trial 554 pruned. 
[I 2026-07-13 15:02:32,581] Trial 555 pruned. 
[I 2026-07-13 15:02:33,865] Trial 556 pruned. 
[I 2026-07-13 15:02:34,615] Trial 557 pruned. 
[I 2026-07-13 15:02:35,625] Trial 558 pruned. 
[I 2026-07-13 15:02:37,428] Trial 559 pruned. 
[I 2026-07-13 15:02:37,644] Trial 560 pruned. 
[I 2026-07-13 15:02:38,360] Trial 561 pruned. 
[I 2026-07-13 15:02:39,965] Trial 562 pruned. 
[I 2026-07-13 15:02:41,572] Trial 563 pruned. 
[I 2026-07-13 15:02:43,379] Trial 564 pruned. 
[I 2026-07-13 15:02:45,194] Trial 565 pruned. 
[I 2026-07-13 15:02:45,684] Trial 566 pruned. 
[I 2026-07-13 15:02:46,892] Trial 567 pruned. 
[I 2026-07-13 15:02:47,455] Trial 568 pruned. 
[I 2026-07-13 15:02:48,313] Trial 569 pruned. 
[I 2026-07-13 15:02:49,704] Trial 570 pruned. 
[I 2026-07-13 15:02:50,888] Trial 571 pruned. 
[I 2026-07-13 15:02:52,143] Trial 572 pruned. 
[I 2026-07-13 15:02:53,256] Trial 573 pruned. 
[I 2026-07-13 15:02:54,130] Trial 574 pruned. 
[I 2026-07-13 15:02:55,318] Trial 575 pruned. 
[I 2026-07-13 15:02:58,368] Trial 576 pruned. 
[I 2026-07-13 15:02:59,299] Trial 577 pruned. 
[I 2026-07-13 15:03:00,650] Trial 578 pruned. 
[I 2026-07-13 15:03:02,230] Trial 579 pruned. 
[I 2026-07-13 15:03:03,917] Trial 580 pruned. 
[I 2026-07-13 15:03:08,141] Trial 581 pruned. 
[I 2026-07-13 15:03:08,510] Trial 582 pruned. 
[I 2026-07-13 15:03:10,482] Trial 583 pruned. 
[I 2026-07-13 15:03:12,074] Trial 584 pruned. 
[I 2026-07-13 15:03:14,381] Trial 585 pruned. 
[I 2026-07-13 15:03:15,553] Trial 586 pruned. 
[I 2026-07-13 15:03:16,609] Trial 587 pruned. 
[I 2026-07-13 15:03:17,029] Trial 588 pruned. 
[I 2026-07-13 15:03:19,084] Trial 589 pruned. 
[I 2026-07-13 15:03:21,536] Trial 590 pruned. 
[I 2026-07-13 15:03:22,440] Trial 591 pruned. 
[I 2026-07-13 15:03:23,828] Trial 592 pruned. 
[I 2026-07-13 15:03:28,486] Trial 593 finished with values: [328.2704852568053, -2988.818785288566, 52.25] and parameters: {'sl_soft': 0.01665176695092704, 'sl_hard_delta': 0.0440416506332149, 'tp': 0.04225013430723948, 'gate_pct': 93.63137396191884, 'dd_limit': 1.74671633833673, 'cooldown': 20, 'flip': False, 'en_ema_trend': False, 'ema_trend_fast': 262, 'ema_trend_slow': 172, 'en_sma_trend': False, 'sma_trend_fast': 112, 'sma_trend_slow': 391, 'en_macd': True, 'macd_fast': 39, 'macd_slow': 34, 'macd_signal': 32, 'en_vwap': True, 'en_keltner': True, 'keltner_n': 86, 'keltner_m': 4.1, 'en_obv': False, 'obv_slope': 86, 'en_cci': True, 'cci_n': 124, 'cci_threshold': 260, 'en_rsi': True, 'rsi_n': 100, 'rsi_lower': 26, 'rsi_upper': 62, 'en_stochastic': False, 'stochastic_n': 86, 'stochastic_d': 11, 'stochastic_lower': 7, 'stochastic_upper': 98, 'en_mfi': False, 'mfi_n': 43, 'mfi_lower': 25, 'mfi_upper': 84, 'en_bollinger': False, 'bollinger_n': 14, 'bollinger_k': 2.5, 'en_adx': False, 'adx_n': 23, 'adx_threshold': 14, 'en_structure_trend': False, 'structure_trend_swing_l': 20, 'en_order_block': True, 'order_block_swing_l': 17, 'en_fvg': False, 'fvg_lookback': 49, 'en_ifvg': False, 'en_breaker': True, 'breaker_swing_l': 1, 'en_cisd': True, 'k': 4, 'en_cap_bars': True, 'cap_1min': 779}.
[I 2026-07-13 15:03:30,327] Trial 594 pruned. 
[I 2026-07-13 15:03:31,712] Trial 595 pruned. 
[I 2026-07-13 15:03:32,079] Trial 596 pruned. 
[I 2026-07-13 15:03:32,973] Trial 597 pruned. 
[I 2026-07-13 15:03:33,852] Trial 598 pruned. 
[I 2026-07-13 15:03:36,149] Trial 599 pruned. 
[I 2026-07-13 15:03:36,372] Trial 600 pruned. 
[I 2026-07-13 15:03:36,872] Trial 601 pruned. 
[I 2026-07-13 15:03:37,173] Trial 602 pruned. 
[I 2026-07-13 15:03:38,592] Trial 603 pruned. 
[I 2026-07-13 15:03:39,377] Trial 604 pruned. 
[I 2026-07-13 15:03:40,661] Trial 605 pruned. 
[I 2026-07-13 15:03:41,126] Trial 606 pruned. 
[I 2026-07-13 15:03:41,940] Trial 607 pruned. 
[I 2026-07-13 15:03:43,715] Trial 608 pruned. 
[I 2026-07-13 15:03:44,461] Trial 609 pruned. 
[I 2026-07-13 15:03:45,945] Trial 610 pruned. 
[I 2026-07-13 15:03:46,932] Trial 611 pruned. 
[I 2026-07-13 15:03:48,107] Trial 612 pruned. 
[I 2026-07-13 15:03:48,494] Trial 613 pruned. 
[I 2026-07-13 15:03:48,920] Trial 614 pruned. 
[I 2026-07-13 15:03:49,992] Trial 615 pruned. 
[I 2026-07-13 15:03:50,957] Trial 616 pruned. 
[I 2026-07-13 15:03:51,563] Trial 617 pruned. 
[I 2026-07-13 15:03:52,593] Trial 618 pruned. 
[I 2026-07-13 15:03:54,048] Trial 619 pruned. 
[I 2026-07-13 15:03:55,054] Trial 620 pruned. 
[I 2026-07-13 15:03:55,608] Trial 621 pruned. 
[I 2026-07-13 15:03:58,868] Trial 622 pruned. 
[I 2026-07-13 15:04:00,667] Trial 623 pruned. 
[I 2026-07-13 15:04:01,312] Trial 624 pruned. 
[I 2026-07-13 15:04:02,311] Trial 625 pruned. 
[I 2026-07-13 15:04:03,078] Trial 626 pruned. 
[I 2026-07-13 15:04:04,135] Trial 627 pruned. 
[I 2026-07-13 15:04:04,891] Trial 628 pruned. 
[I 2026-07-13 15:04:06,281] Trial 629 pruned. 
[I 2026-07-13 15:04:06,918] Trial 630 pruned. 
[I 2026-07-13 15:04:07,961] Trial 631 pruned. 
[I 2026-07-13 15:04:08,667] Trial 632 pruned. 
[I 2026-07-13 15:04:10,377] Trial 633 pruned. 
[I 2026-07-13 15:04:11,666] Trial 634 pruned. 
[I 2026-07-13 15:04:12,413] Trial 635 pruned. 
[I 2026-07-13 15:04:12,955] Trial 636 pruned. 
[I 2026-07-13 15:04:14,875] Trial 637 pruned. 
[I 2026-07-13 15:04:16,045] Trial 638 pruned. 
[I 2026-07-13 15:04:16,436] Trial 639 pruned. 
[I 2026-07-13 15:04:16,669] Trial 640 pruned. 
[I 2026-07-13 15:04:17,896] Trial 641 pruned. 
[I 2026-07-13 15:04:18,763] Trial 642 pruned. 
[I 2026-07-13 15:04:19,270] Trial 643 pruned. 
[I 2026-07-13 15:04:20,016] Trial 644 pruned. 
[I 2026-07-13 15:04:20,727] Trial 645 pruned. 
[I 2026-07-13 15:04:21,257] Trial 646 pruned. 
[I 2026-07-13 15:04:23,478] Trial 647 finished with values: [17.0908724947339, -4772.165670052574, 39.8] and parameters: {'sl_soft': 0.02319530491076429, 'sl_hard_delta': 0.05752078670204755, 'tp': 0.0739135300227091, 'gate_pct': 97.00844078669539, 'dd_limit': 7.364744278329123, 'cooldown': 7, 'flip': True, 'en_ema_trend': True, 'ema_trend_fast': 23, 'ema_trend_slow': 133, 'en_sma_trend': True, 'sma_trend_fast': 331, 'sma_trend_slow': 379, 'en_macd': True, 'macd_fast': 38, 'macd_slow': 88, 'macd_signal': 45, 'en_vwap': True, 'en_keltner': False, 'keltner_n': 60, 'keltner_m': 0.8, 'en_obv': False, 'obv_slope': 162, 'en_cci': True, 'cci_n': 78, 'cci_threshold': 50, 'en_rsi': False, 'rsi_n': 74, 'rsi_lower': 5, 'rsi_upper': 74, 'en_stochastic': False, 'stochastic_n': 27, 'stochastic_d': 6, 'stochastic_lower': 27, 'stochastic_upper': 94, 'en_mfi': False, 'mfi_n': 28, 'mfi_lower': 42, 'mfi_upper': 69, 'en_bollinger': True, 'bollinger_n': 172, 'bollinger_k': 0.5, 'en_adx': False, 'adx_n': 35, 'adx_threshold': 42, 'en_structure_trend': False, 'structure_trend_swing_l': 1, 'en_order_block': True, 'order_block_swing_l': 18, 'en_fvg': False, 'fvg_lookback': 50, 'en_ifvg': False, 'en_breaker': False, 'breaker_swing_l': 13, 'en_cisd': True, 'k': 1, 'en_cap_bars': False, 'cap_1min': 495}.
[I 2026-07-13 15:04:24,041] Trial 648 pruned. 
[I 2026-07-13 15:04:24,690] Trial 649 pruned. 
[I 2026-07-13 15:04:26,156] Trial 650 pruned. 
[I 2026-07-13 15:04:26,548] Trial 651 pruned. 
[I 2026-07-13 15:04:27,093] Trial 652 pruned. 
[I 2026-07-13 15:04:27,492] Trial 653 pruned. 
[I 2026-07-13 15:04:28,210] Trial 654 pruned. 
[I 2026-07-13 15:04:28,816] Trial 655 pruned. 
[I 2026-07-13 15:04:29,481] Trial 656 pruned. 
[I 2026-07-13 15:04:30,787] Trial 657 pruned. 
[I 2026-07-13 15:04:31,792] Trial 658 pruned. 
[I 2026-07-13 15:04:32,595] Trial 659 pruned. 
[I 2026-07-13 15:04:33,854] Trial 660 pruned. 
[I 2026-07-13 15:04:34,455] Trial 661 pruned. 
[I 2026-07-13 15:04:34,710] Trial 662 pruned. 
[I 2026-07-13 15:04:35,871] Trial 663 pruned. 
[I 2026-07-13 15:04:37,545] Trial 664 finished with values: [-144.20497427737544, -2481.5300133680294, 69.7] and parameters: {'sl_soft': 0.0395420475505296, 'sl_hard_delta': 0.019434445536367004, 'tp': 0.025405903547049746, 'gate_pct': 98.93711402329589, 'dd_limit': 9.066216783758431, 'cooldown': 12, 'flip': True, 'en_ema_trend': True, 'ema_trend_fast': 351, 'ema_trend_slow': 367, 'en_sma_trend': False, 'sma_trend_fast': 372, 'sma_trend_slow': 12, 'en_macd': True, 'macd_fast': 60, 'macd_slow': 18, 'macd_signal': 40, 'en_vwap': False, 'en_keltner': False, 'keltner_n': 61, 'keltner_m': 5.0, 'en_obv': True, 'obv_slope': 191, 'en_cci': False, 'cci_n': 10, 'cci_threshold': 25, 'en_rsi': False, 'rsi_n': 34, 'rsi_lower': 12, 'rsi_upper': 77, 'en_stochastic': False, 'stochastic_n': 97, 'stochastic_d': 39, 'stochastic_lower': 17, 'stochastic_upper': 91, 'en_mfi': True, 'mfi_n': 77, 'mfi_lower': 8, 'mfi_upper': 76, 'en_bollinger': True, 'bollinger_n': 56, 'bollinger_k': 3.1, 'en_adx': False, 'adx_n': 36, 'adx_threshold': 50, 'en_structure_trend': True, 'structure_trend_swing_l': 13, 'en_order_block': True, 'order_block_swing_l': 12, 'en_fvg': False, 'fvg_lookback': 11, 'en_ifvg': True, 'en_breaker': True, 'breaker_swing_l': 9, 'en_cisd': True, 'k': 3, 'en_cap_bars': False, 'cap_1min': 963}.
[I 2026-07-13 15:04:38,168] Trial 665 pruned. 
[I 2026-07-13 15:04:38,932] Trial 666 pruned. 
[I 2026-07-13 15:04:39,624] Trial 667 pruned. 
[I 2026-07-13 15:04:40,278] Trial 668 pruned. 
[I 2026-07-13 15:04:40,851] Trial 669 pruned. 
[I 2026-07-13 15:04:41,815] Trial 670 pruned. 
[I 2026-07-13 15:04:42,209] Trial 671 pruned. 
[I 2026-07-13 15:04:42,789] Trial 672 pruned. 
[I 2026-07-13 15:04:50,813] Trial 673 finished with values: [-1129.3783949981596, -3131.9697137617914, 50.0] and parameters: {'sl_soft': 0.018513476468352004, 'sl_hard_delta': 0.051441846625782224, 'tp': 0.04310895339616867, 'gate_pct': 97.47084145131518, 'dd_limit': 1.1085214524927745, 'cooldown': 10, 'flip': True, 'en_ema_trend': False, 'ema_trend_fast': 127, 'ema_trend_slow': 26, 'en_sma_trend': True, 'sma_trend_fast': 371, 'sma_trend_slow': 343, 'en_macd': True, 'macd_fast': 34, 'macd_slow': 173, 'macd_signal': 58, 'en_vwap': True, 'en_keltner': True, 'keltner_n': 32, 'keltner_m': 4.300000000000001, 'en_obv': False, 'obv_slope': 152, 'en_cci': True, 'cci_n': 29, 'cci_threshold': 285, 'en_rsi': False, 'rsi_n': 62, 'rsi_lower': 30, 'rsi_upper': 59, 'en_stochastic': True, 'stochastic_n': 87, 'stochastic_d': 17, 'stochastic_lower': 28, 'stochastic_upper': 83, 'en_mfi': False, 'mfi_n': 34, 'mfi_lower': 23, 'mfi_upper': 89, 'en_bollinger': True, 'bollinger_n': 78, 'bollinger_k': 1.5, 'en_adx': True, 'adx_n': 34, 'adx_threshold': 5, 'en_structure_trend': False, 'structure_trend_swing_l': 11, 'en_order_block': False, 'order_block_swing_l': 6, 'en_fvg': True, 'fvg_lookback': 34, 'en_ifvg': False, 'en_breaker': True, 'breaker_swing_l': 9, 'en_cisd': False, 'k': 2, 'en_cap_bars': True, 'cap_1min': 694}.
[I 2026-07-13 15:04:51,422] Trial 674 pruned. 
