[I 2026-07-13 15:59:41,889] Trial 3237 finished with values: [2908.9723645465774, -2314.8800766333015, 25.9] and parameters: {'sl_soft': 0.010118579279263403, 'sl_hard_delta': 0.006655247180609973, 'tp': 0.06597500573834292, 'gate_pct': 99.08068803261627, 'dd_limit': 7.563013483230891, 'cooldown': 2, 'flip': True, 'en_ema_trend': True, 'ema_trend_fast': 23, 'ema_trend_slow': 19, 'en_sma_trend': True, 'sma_trend_fast': 389, 'sma_trend_slow': 192, 'en_macd': True, 'macd_fast': 10, 'macd_slow': 60, 'macd_signal': 40, 'en_vwap': False, 'en_keltner': True, 'keltner_n': 178, 'keltner_m': 1.3, 'en_obv': True, 'obv_slope': 73, 'en_cci': True, 'cci_n': 88, 'cci_threshold': 35, 'en_rsi': False, 'rsi_n': 46, 'rsi_lower': 31, 'rsi_upper': 88, 'en_stochastic': False, 'stochastic_n': 19, 'stochastic_d': 38, 'stochastic_lower': 4, 'stochastic_upper': 78, 'en_mfi': False, 'mfi_n': 68, 'mfi_lower': 18, 'mfi_upper': 66, 'en_bollinger': True, 'bollinger_n': 70, 'bollinger_k': 5.0, 'en_adx': False, 'adx_n': 67, 'adx_threshold': 54, 'en_structure_trend': False, 'structure_trend_swing_l': 10, 'en_order_block': True, 'order_block_swing_l': 12, 'en_fvg': True, 'fvg_lookback': 48, 'en_ifvg': True, 'en_breaker': False, 'breaker_swing_l': 13, 'en_cisd': False, 'k': 1, 'en_cap_bars': True, 'cap_1min': 1237}.
[I 2026-07-13 15:59:42,705] Trial 3238 finished with values: [2775.603797783131, -12968.074189310348, 53.65] and parameters: {'sl_soft': 0.020223052950007456, 'sl_hard_delta': 0.04000671936357235, 'tp': 0.04927094955011397, 'gate_pct': 97.00844078669539, 'dd_limit': 6.45236639016422, 'cooldown': 2, 'flip': True, 'en_ema_trend': True, 'ema_trend_fast': 23, 'ema_trend_slow': 397, 'en_sma_trend': True, 'sma_trend_fast': 224, 'sma_trend_slow': 192, 'en_macd': True, 'macd_fast': 10, 'macd_slow': 84, 'macd_signal': 40, 'en_vwap': False, 'en_keltner': True, 'keltner_n': 189, 'keltner_m': 1.3, 'en_obv': True, 'obv_slope': 22, 'en_cci': True, 'cci_n': 88, 'cci_threshold': 95, 'en_rsi': False, 'rsi_n': 46, 'rsi_lower': 16, 'rsi_upper': 88, 'en_stochastic': False, 'stochastic_n': 19, 'stochastic_d': 45, 'stochastic_lower': 9, 'stochastic_upper': 78, 'en_mfi': False, 'mfi_n': 68, 'mfi_lower': 18, 'mfi_upper': 87, 'en_bollinger': True, 'bollinger_n': 70, 'bollinger_k': 4.6000000000000005, 'en_adx': False, 'adx_n': 27, 'adx_threshold': 14, 'en_structure_trend': False, 'structure_trend_swing_l': 10, 'en_order_block': True, 'order_block_swing_l': 18, 'en_fvg': True, 'fvg_lookback': 50, 'en_ifvg': True, 'en_breaker': True, 'breaker_swing_l': 13, 'en_cisd': False, 'k': 1, 'en_cap_bars': True, 'cap_1min': 1237}.
[I 2026-07-13 15:59:43,479] Trial 3239 finished with values: [998.7363020015755, -6609.907476468703, 51.849999999999994] and parameters: {'sl_soft': 0.020223052950007456, 'sl_hard_delta': 0.04000671936357235, 'tp': 0.04927094955011397, 'gate_pct': 90.97354990533721, 'dd_limit': 9.066216783758431, 'cooldown': 2, 'flip': True, 'en_ema_trend': True, 'ema_trend_fast': 24, 'ema_trend_slow': 19, 'en_sma_trend': True, 'sma_trend_fast': 382, 'sma_trend_slow': 192, 'en_macd': False, 'macd_fast': 10, 'macd_slow': 60, 'macd_signal': 52, 'en_vwap': False, 'en_keltner': False, 'keltner_n': 131, 'keltner_m': 1.3, 'en_obv': True, 'obv_slope': 22, 'en_cci': True, 'cci_n': 88, 'cci_threshold': 95, 'en_rsi': False, 'rsi_n': 100, 'rsi_lower': 31, 'rsi_upper': 67, 'en_stochastic': False, 'stochastic_n': 87, 'stochastic_d': 45, 'stochastic_lower': 31, 'stochastic_upper': 98, 'en_mfi': False, 'mfi_n': 28, 'mfi_lower': 18, 'mfi_upper': 87, 'en_bollinger': False, 'bollinger_n': 70, 'bollinger_k': 4.6000000000000005, 'en_adx': False, 'adx_n': 27, 'adx_threshold': 14, 'en_structure_trend': False, 'structure_trend_swing_l': 10, 'en_order_block': True, 'order_block_swing_l': 12, 'en_fvg': False, 'fvg_lookback': 45, 'en_ifvg': True, 'en_breaker': True, 'breaker_swing_l': 13, 'en_cisd': False, 'k': 1, 'en_cap_bars': False, 'cap_1min': 1237}.
[I 2026-07-13 15:59:43,906] Trial 3240 finished with values: [771.8192110436914, -1770.0518240871334, 37.1] and parameters: {'sl_soft': 0.020223052950007456, 'sl_hard_delta': 0.006655247180609973, 'tp': 0.04927094955011397, 'gate_pct': 97.00844078669539, 'dd_limit': 9.628020027635628, 'cooldown': 2, 'flip': True, 'en_ema_trend': True, 'ema_trend_fast': 23, 'ema_trend_slow': 397, 'en_sma_trend': True, 'sma_trend_fast': 389, 'sma_trend_slow': 359, 'en_macd': True, 'macd_fast': 10, 'macd_slow': 60, 'macd_signal': 40, 'en_vwap': False, 'en_keltner': False, 'keltner_n': 189, 'keltner_m': 3.1, 'en_obv': True, 'obv_slope': 22, 'en_cci': True, 'cci_n': 88, 'cci_threshold': 95, 'en_rsi': False, 'rsi_n': 49, 'rsi_lower': 16, 'rsi_upper': 88, 'en_stochastic': False, 'stochastic_n': 71, 'stochastic_d': 45, 'stochastic_lower': 39, 'stochastic_upper': 83, 'en_mfi': False, 'mfi_n': 28, 'mfi_lower': 18, 'mfi_upper': 87, 'en_bollinger': True, 'bollinger_n': 70, 'bollinger_k': 4.6000000000000005, 'en_adx': False, 'adx_n': 27, 'adx_threshold': 54, 'en_structure_trend': True, 'structure_trend_swing_l': 10, 'en_order_block': True, 'order_block_swing_l': 18, 'en_fvg': False, 'fvg_lookback': 39, 'en_ifvg': True, 'en_breaker': True, 'breaker_swing_l': 14, 'en_cisd': False, 'k': 2, 'en_cap_bars': False, 'cap_1min': 1237}.
[I 2026-07-13 15:59:44,542] Trial 3241 finished with values: [1248.883169599626, -2598.473040200418, 41.400000000000006] and parameters: {'sl_soft': 0.020223052950007456, 'sl_hard_delta': 0.006655247180609973, 'tp': 0.04927094955011397, 'gate_pct': 97.00844078669539, 'dd_limit': 9.066216783758431, 'cooldown': 2, 'flip': True, 'en_ema_trend': False, 'ema_trend_fast': 23, 'ema_trend_slow': 292, 'en_sma_trend': False, 'sma_trend_fast': 262, 'sma_trend_slow': 359, 'en_macd': True, 'macd_fast': 10, 'macd_slow': 60, 'macd_signal': 25, 'en_vwap': True, 'en_keltner': False, 'keltner_n': 30, 'keltner_m': 1.3, 'en_obv': False, 'obv_slope': 22, 'en_cci': True, 'cci_n': 166, 'cci_threshold': 135, 'en_rsi': False, 'rsi_n': 95, 'rsi_lower': 31, 'rsi_upper': 96, 'en_stochastic': False, 'stochastic_n': 71, 'stochastic_d': 38, 'stochastic_lower': 17, 'stochastic_upper': 83, 'en_mfi': False, 'mfi_n': 68, 'mfi_lower': 8, 'mfi_upper': 93, 'en_bollinger': True, 'bollinger_n': 72, 'bollinger_k': 4.6000000000000005, 'en_adx': False, 'adx_n': 27, 'adx_threshold': 38, 'en_structure_trend': True, 'structure_trend_swing_l': 10, 'en_order_block': True, 'order_block_swing_l': 18, 'en_fvg': True, 'fvg_lookback': 45, 'en_ifvg': True, 'en_breaker': True, 'breaker_swing_l': 14, 'en_cisd': False, 'k': 1, 'en_cap_bars': False, 'cap_1min': 797}.
[I 2026-07-13 15:59:45,084] Trial 3242 finished with values: [-50.82158657915059, -6756.607581471879, 37.45] and parameters: {'sl_soft': 0.031394441829516645, 'sl_hard_delta': 0.006655247180609973, 'tp': 0.06597500573834292, 'gate_pct': 99.08068803261627, 'dd_limit': 7.563013483230891, 'cooldown': 3, 'flip': True, 'en_ema_trend': True, 'ema_trend_fast': 24, 'ema_trend_slow': 19, 'en_sma_trend': True, 'sma_trend_fast': 389, 'sma_trend_slow': 359, 'en_macd': True, 'macd_fast': 10, 'macd_slow': 60, 'macd_signal': 40, 'en_vwap': False, 'en_keltner': True, 'keltner_n': 178, 'keltner_m': 1.3, 'en_obv': False, 'obv_slope': 197, 'en_cci': True, 'cci_n': 88, 'cci_threshold': 35, 'en_rsi': False, 'rsi_n': 46, 'rsi_lower': 31, 'rsi_upper': 89, 'en_stochastic': False, 'stochastic_n': 46, 'stochastic_d': 38, 'stochastic_lower': 4, 'stochastic_upper': 78, 'en_mfi': False, 'mfi_n': 76, 'mfi_lower': 41, 'mfi_upper': 87, 'en_bollinger': False, 'bollinger_n': 70, 'bollinger_k': 5.0, 'en_adx': False, 'adx_n': 67, 'adx_threshold': 54, 'en_structure_trend': True, 'structure_trend_swing_l': 10, 'en_order_block': True, 'order_block_swing_l': 12, 'en_fvg': False, 'fvg_lookback': 48, 'en_ifvg': True, 'en_breaker': False, 'breaker_swing_l': 14, 'en_cisd': False, 'k': 1, 'en_cap_bars': False, 'cap_1min': 1237}.
[I 2026-07-13 15:59:45,713] Trial 3243 finished with values: [1561.8996056358906, -1702.7670634203673, 42.05] and parameters: {'sl_soft': 0.020223052950007456, 'sl_hard_delta': 0.006655247180609973, 'tp': 0.04927094955011397, 'gate_pct': 97.00844078669539, 'dd_limit': 9.628020027635628, 'cooldown': 2, 'flip': True, 'en_ema_trend': True, 'ema_trend_fast': 24, 'ema_trend_slow': 292, 'en_sma_trend': False, 'sma_trend_fast': 389, 'sma_trend_slow': 359, 'en_macd': True, 'macd_fast': 10, 'macd_slow': 60, 'macd_signal': 40, 'en_vwap': True, 'en_keltner': False, 'keltner_n': 30, 'keltner_m': 1.3, 'en_obv': False, 'obv_slope': 22, 'en_cci': True, 'cci_n': 83, 'cci_threshold': 135, 'en_rsi': False, 'rsi_n': 46, 'rsi_lower': 31, 'rsi_upper': 96, 'en_stochastic': False, 'stochastic_n': 49, 'stochastic_d': 6, 'stochastic_lower': 39, 'stochastic_upper': 83, 'en_mfi': True, 'mfi_n': 28, 'mfi_lower': 11, 'mfi_upper': 93, 'en_bollinger': False, 'bollinger_n': 72, 'bollinger_k': 4.6000000000000005, 'en_adx': False, 'adx_n': 27, 'adx_threshold': 54, 'en_structure_trend': True, 'structure_trend_swing_l': 1, 'en_order_block': True, 'order_block_swing_l': 18, 'en_fvg': False, 'fvg_lookback': 39, 'en_ifvg': True, 'en_breaker': True, 'breaker_swing_l': 2, 'en_cisd': False, 'k': 2, 'en_cap_bars': False, 'cap_1min': 1237}.
[I 2026-07-13 15:59:46,398] Trial 3244 finished with values: [1606.085471214431, -3657.6805193612927, 43.599999999999994] and parameters: {'sl_soft': 0.020223052950007456, 'sl_hard_delta': 0.02515171303306487, 'tp': 0.05957637995357488, 'gate_pct': 96.82972780322679, 'dd_limit': 9.628020027635628, 'cooldown': 2, 'flip': True, 'en_ema_trend': True, 'ema_trend_fast': 24, 'ema_trend_slow': 292, 'en_sma_trend': False, 'sma_trend_fast': 382, 'sma_trend_slow': 192, 'en_macd': False, 'macd_fast': 53, 'macd_slow': 60, 'macd_signal': 40, 'en_vwap': True, 'en_keltner': False, 'keltner_n': 178, 'keltner_m': 1.3, 'en_obv': False, 'obv_slope': 197, 'en_cci': True, 'cci_n': 166, 'cci_threshold': 135, 'en_rsi': False, 'rsi_n': 100, 'rsi_lower': 19, 'rsi_upper': 74, 'en_stochastic': False, 'stochastic_n': 71, 'stochastic_d': 38, 'stochastic_lower': 31, 'stochastic_upper': 83, 'en_mfi': False, 'mfi_n': 28, 'mfi_lower': 18, 'mfi_upper': 93, 'en_bollinger': True, 'bollinger_n': 72, 'bollinger_k': 4.6000000000000005, 'en_adx': False, 'adx_n': 27, 'adx_threshold': 54, 'en_structure_trend': False, 'structure_trend_swing_l': 20, 'en_order_block': True, 'order_block_swing_l': 12, 'en_fvg': False, 'fvg_lookback': 45, 'en_ifvg': False, 'en_breaker': True, 'breaker_swing_l': 14, 'en_cisd': False, 'k': 2, 'en_cap_bars': False, 'cap_1min': 1237}.
[I 2026-07-13 15:59:47,069] Trial 3245 finished with values: [3909.4687168600108, -5411.066602095221, 40.0] and parameters: {'sl_soft': 0.010118579279263403, 'sl_hard_delta': 0.02515171303306487, 'tp': 0.05957637995357488, 'gate_pct': 96.82972780322679, 'dd_limit': 9.628020027635628, 'cooldown': 2, 'flip': True, 'en_ema_trend': True, 'ema_trend_fast': 24, 'ema_trend_slow': 292, 'en_sma_trend': False, 'sma_trend_fast': 156, 'sma_trend_slow': 192, 'en_macd': False, 'macd_fast': 10, 'macd_slow': 88, 'macd_signal': 61, 'en_vwap': True, 'en_keltner': False, 'keltner_n': 178, 'keltner_m': 2.1, 'en_obv': False, 'obv_slope': 197, 'en_cci': True, 'cci_n': 166, 'cci_threshold': 135, 'en_rsi': False, 'rsi_n': 100, 'rsi_lower': 19, 'rsi_upper': 74, 'en_stochastic': False, 'stochastic_n': 71, 'stochastic_d': 38, 'stochastic_lower': 31, 'stochastic_upper': 78, 'en_mfi': False, 'mfi_n': 76, 'mfi_lower': 29, 'mfi_upper': 93, 'en_bollinger': True, 'bollinger_n': 134, 'bollinger_k': 4.6000000000000005, 'en_adx': False, 'adx_n': 27, 'adx_threshold': 54, 'en_structure_trend': False, 'structure_trend_swing_l': 10, 'en_order_block': True, 'order_block_swing_l': 4, 'en_fvg': False, 'fvg_lookback': 45, 'en_ifvg': False, 'en_breaker': True, 'breaker_swing_l': 2, 'en_cisd': False, 'k': 1, 'en_cap_bars': False, 'cap_1min': 1237}.
[I 2026-07-13 15:59:47,796] Trial 3246 pruned. 
[I 2026-07-13 15:59:48,841] Trial 3247 finished with values: [6545.730686236089, -11628.870271802592, 41.55] and parameters: {'sl_soft': 0.020223052950007456, 'sl_hard_delta': 0.006655247180609973, 'tp': 0.04927094955011397, 'gate_pct': 97.00844078669539, 'dd_limit': 1.1052485218992387, 'cooldown': 2, 'flip': True, 'en_ema_trend': True, 'ema_trend_fast': 23, 'ema_trend_slow': 292, 'en_sma_trend': False, 'sma_trend_fast': 389, 'sma_trend_slow': 192, 'en_macd': True, 'macd_fast': 10, 'macd_slow': 60, 'macd_signal': 40, 'en_vwap': True, 'en_keltner': False, 'keltner_n': 178, 'keltner_m': 1.3, 'en_obv': False, 'obv_slope': 22, 'en_cci': True, 'cci_n': 83, 'cci_threshold': 135, 'en_rsi': False, 'rsi_n': 100, 'rsi_lower': 31, 'rsi_upper': 96, 'en_stochastic': False, 'stochastic_n': 71, 'stochastic_d': 38, 'stochastic_lower': 31, 'stochastic_upper': 83, 'en_mfi': False, 'mfi_n': 28, 'mfi_lower': 11, 'mfi_upper': 87, 'en_bollinger': True, 'bollinger_n': 72, 'bollinger_k': 4.6000000000000005, 'en_adx': False, 'adx_n': 27, 'adx_threshold': 54, 'en_structure_trend': False, 'structure_trend_swing_l': 20, 'en_order_block': False, 'order_block_swing_l': 18, 'en_fvg': False, 'fvg_lookback': 45, 'en_ifvg': False, 'en_breaker': True, 'breaker_swing_l': 14, 'en_cisd': False, 'k': 1, 'en_cap_bars': False, 'cap_1min': 1237}.
[I 2026-07-13 15:59:49,446] Trial 3248 finished with values: [2383.843687719657, -4591.931021021129, 50.7] and parameters: {'sl_soft': 0.034454793278025315, 'sl_hard_delta': 0.006655247180609973, 'tp': 0.04927094955011397, 'gate_pct': 97.00844078669539, 'dd_limit': 9.628020027635628, 'cooldown': 2, 'flip': True, 'en_ema_trend': True, 'ema_trend_fast': 24, 'ema_trend_slow': 19, 'en_sma_trend': False, 'sma_trend_fast': 156, 'sma_trend_slow': 192, 'en_macd': False, 'macd_fast': 10, 'macd_slow': 60, 'macd_signal': 52, 'en_vwap': True, 'en_keltner': False, 'keltner_n': 178, 'keltner_m': 1.3, 'en_obv': False, 'obv_slope': 22, 'en_cci': True, 'cci_n': 166, 'cci_threshold': 135, 'en_rsi': False, 'rsi_n': 100, 'rsi_lower': 19, 'rsi_upper': 96, 'en_stochastic': False, 'stochastic_n': 71, 'stochastic_d': 6, 'stochastic_lower': 17, 'stochastic_upper': 83, 'en_mfi': False, 'mfi_n': 28, 'mfi_lower': 43, 'mfi_upper': 87, 'en_bollinger': True, 'bollinger_n': 122, 'bollinger_k': 4.6000000000000005, 'en_adx': False, 'adx_n': 27, 'adx_threshold': 54, 'en_structure_trend': True, 'structure_trend_swing_l': 20, 'en_order_block': True, 'order_block_swing_l': 18, 'en_fvg': False, 'fvg_lookback': 45, 'en_ifvg': False, 'en_breaker': True, 'breaker_swing_l': 14, 'en_cisd': False, 'k': 1, 'en_cap_bars': False, 'cap_1min': 1237}.
[I 2026-07-13 15:59:50,146] Trial 3249 finished with values: [1147.2478729342406, -8497.97279202761, 58.650000000000006] and parameters: {'sl_soft': 0.034454793278025315, 'sl_hard_delta': 0.04000671936357235, 'tp': 0.04927094955011397, 'gate_pct': 97.00844078669539, 'dd_limit': 9.066216783758431, 'cooldown': 2, 'flip': True, 'en_ema_trend': True, 'ema_trend_fast': 23, 'ema_trend_slow': 397, 'en_sma_trend': True, 'sma_trend_fast': 262, 'sma_trend_slow': 192, 'en_macd': True, 'macd_fast': 10, 'macd_slow': 196, 'macd_signal': 25, 'en_vwap': False, 'en_keltner': False, 'keltner_n': 189, 'keltner_m': 2.7, 'en_obv': True, 'obv_slope': 22, 'en_cci': True, 'cci_n': 88, 'cci_threshold': 95, 'en_rsi': False, 'rsi_n': 46, 'rsi_lower': 31, 'rsi_upper': 88, 'en_stochastic': False, 'stochastic_n': 19, 'stochastic_d': 45, 'stochastic_lower': 31, 'stochastic_upper': 78, 'en_mfi': False, 'mfi_n': 68, 'mfi_lower': 18, 'mfi_upper': 87, 'en_bollinger': True, 'bollinger_n': 122, 'bollinger_k': 4.6000000000000005, 'en_adx': False, 'adx_n': 27, 'adx_threshold': 38, 'en_structure_trend': True, 'structure_trend_swing_l': 10, 'en_order_block': True, 'order_block_swing_l': 18, 'en_fvg': True, 'fvg_lookback': 45, 'en_ifvg': True, 'en_breaker': True, 'breaker_swing_l': 13, 'en_cisd': False, 'k': 1, 'en_cap_bars': True, 'cap_1min': 797}.
[I 2026-07-13 15:59:50,854] Trial 3250 finished with values: [1419.387542406962, -3272.0327295898246, 37.1] and parameters: {'sl_soft': 0.020223052950007456, 'sl_hard_delta': 0.006655247180609973, 'tp': 0.04927094955011397, 'gate_pct': 97.00844078669539, 'dd_limit': 1.1052485218992387, 'cooldown': 2, 'flip': True, 'en_ema_trend': True, 'ema_trend_fast': 24, 'ema_trend_slow': 397, 'en_sma_trend': False, 'sma_trend_fast': 389, 'sma_trend_slow': 192, 'en_macd': True, 'macd_fast': 10, 'macd_slow': 60, 'macd_signal': 40, 'en_vwap': False, 'en_keltner': False, 'keltner_n': 189, 'keltner_m': 1.3, 'en_obv': False, 'obv_slope': 22, 'en_cci': True, 'cci_n': 88, 'cci_threshold': 135, 'en_rsi': False, 'rsi_n': 46, 'rsi_lower': 31, 'rsi_upper': 96, 'en_stochastic': False, 'stochastic_n': 19, 'stochastic_d': 6, 'stochastic_lower': 4, 'stochastic_upper': 83, 'en_mfi': False, 'mfi_n': 76, 'mfi_lower': 18, 'mfi_upper': 66, 'en_bollinger': True, 'bollinger_n': 122, 'bollinger_k': 4.6000000000000005, 'en_adx': False, 'adx_n': 27, 'adx_threshold': 54, 'en_structure_trend': False, 'structure_trend_swing_l': 10, 'en_order_block': True, 'order_block_swing_l': 18, 'en_fvg': False, 'fvg_lookback': 50, 'en_ifvg': True, 'en_breaker': True, 'breaker_swing_l': 13, 'en_cisd': False, 'k': 1, 'en_cap_bars': True, 'cap_1min': 1237}.
[I 2026-07-13 15:59:51,338] Trial 3251 finished with values: [1002.8983199971535, -7008.758614900822, 52.3] and parameters: {'sl_soft': 0.020223052950007456, 'sl_hard_delta': 0.04000671936357235, 'tp': 0.04927094955011397, 'gate_pct': 90.97354990533721, 'dd_limit': 9.066216783758431, 'cooldown': 2, 'flip': True, 'en_ema_trend': True, 'ema_trend_fast': 24, 'ema_trend_slow': 397, 'en_sma_trend': True, 'sma_trend_fast': 389, 'sma_trend_slow': 231, 'en_macd': True, 'macd_fast': 10, 'macd_slow': 60, 'macd_signal': 25, 'en_vwap': False, 'en_keltner': True, 'keltner_n': 189, 'keltner_m': 1.3, 'en_obv': False, 'obv_slope': 22, 'en_cci': True, 'cci_n': 88, 'cci_threshold': 135, 'en_rsi': False, 'rsi_n': 49, 'rsi_lower': 2, 'rsi_upper': 89, 'en_stochastic': False, 'stochastic_n': 19, 'stochastic_d': 45, 'stochastic_lower': 31, 'stochastic_upper': 78, 'en_mfi': False, 'mfi_n': 28, 'mfi_lower': 18, 'mfi_upper': 66, 'en_bollinger': True, 'bollinger_n': 70, 'bollinger_k': 4.6000000000000005, 'en_adx': False, 'adx_n': 27, 'adx_threshold': 38, 'en_structure_trend': False, 'structure_trend_swing_l': 10, 'en_order_block': False, 'order_block_swing_l': 18, 'en_fvg': True, 'fvg_lookback': 39, 'en_ifvg': True, 'en_breaker': True, 'breaker_swing_l': 14, 'en_cisd': False, 'k': 1, 'en_cap_bars': True, 'cap_1min': 1237}.
[I 2026-07-13 15:59:51,830] Trial 3252 finished with values: [-353.9783875695333, -4319.307719243074, 47.45] and parameters: {'sl_soft': 0.034454793278025315, 'sl_hard_delta': 0.04000671936357235, 'tp': 0.05957637995357488, 'gate_pct': 90.97354990533721, 'dd_limit': 4.866210487643857, 'cooldown': 2, 'flip': True, 'en_ema_trend': True, 'ema_trend_fast': 101, 'ema_trend_slow': 292, 'en_sma_trend': True, 'sma_trend_fast': 262, 'sma_trend_slow': 192, 'en_macd': False, 'macd_fast': 53, 'macd_slow': 18, 'macd_signal': 52, 'en_vwap': True, 'en_keltner': False, 'keltner_n': 166, 'keltner_m': 1.3, 'en_obv': True, 'obv_slope': 22, 'en_cci': False, 'cci_n': 83, 'cci_threshold': 135, 'en_rsi': False, 'rsi_n': 100, 'rsi_lower': 31, 'rsi_upper': 67, 'en_stochastic': False, 'stochastic_n': 87, 'stochastic_d': 21, 'stochastic_lower': 31, 'stochastic_upper': 78, 'en_mfi': True, 'mfi_n': 28, 'mfi_lower': 18, 'mfi_upper': 93, 'en_bollinger': False, 'bollinger_n': 134, 'bollinger_k': 4.6000000000000005, 'en_adx': False, 'adx_n': 32, 'adx_threshold': 14, 'en_structure_trend': True, 'structure_trend_swing_l': 20, 'en_order_block': True, 'order_block_swing_l': 15, 'en_fvg': False, 'fvg_lookback': 45, 'en_ifvg': True, 'en_breaker': True, 'breaker_swing_l': 6, 'en_cisd': True, 'k': 1, 'en_cap_bars': False, 'cap_1min': 1237}.
[I 2026-07-13 15:59:52,412] Trial 3253 finished with values: [1679.2263225039858, -1179.7693526964545, 28.0] and parameters: {'sl_soft': 0.010118579279263403, 'sl_hard_delta': 0.006655247180609973, 'tp': 0.06597500573834292, 'gate_pct': 99.08068803261627, 'dd_limit': 7.563013483230891, 'cooldown': 3, 'flip': True, 'en_ema_trend': True, 'ema_trend_fast': 24, 'ema_trend_slow': 19, 'en_sma_trend': True, 'sma_trend_fast': 389, 'sma_trend_slow': 14, 'en_macd': True, 'macd_fast': 10, 'macd_slow': 196, 'macd_signal': 40, 'en_vwap': False, 'en_keltner': False, 'keltner_n': 114, 'keltner_m': 1.3, 'en_obv': False, 'obv_slope': 197, 'en_cci': True, 'cci_n': 83, 'cci_threshold': 35, 'en_rsi': False, 'rsi_n': 95, 'rsi_lower': 31, 'rsi_upper': 96, 'en_stochastic': False, 'stochastic_n': 71, 'stochastic_d': 38, 'stochastic_lower': 4, 'stochastic_upper': 78, 'en_mfi': False, 'mfi_n': 76, 'mfi_lower': 8, 'mfi_upper': 93, 'en_bollinger': False, 'bollinger_n': 70, 'bollinger_k': 5.0, 'en_adx': False, 'adx_n': 27, 'adx_threshold': 54, 'en_structure_trend': True, 'structure_trend_swing_l': 10, 'en_order_block': True, 'order_block_swing_l': 12, 'en_fvg': False, 'fvg_lookback': 45, 'en_ifvg': True, 'en_breaker': True, 'breaker_swing_l': 13, 'en_cisd': False, 'k': 1, 'en_cap_bars': False, 'cap_1min': 656}.
[I 2026-07-13 15:59:52,661] Trial 3254 pruned. 
