[I 2026-07-13 15:17:54,862] Trial 1254 pruned. 
[I 2026-07-13 15:17:55,869] Trial 1255 pruned. 
[I 2026-07-13 15:17:57,527] Trial 1256 pruned. 
[I 2026-07-13 15:17:59,942] Trial 1257 pruned. 
[I 2026-07-13 15:18:01,280] Trial 1258 pruned. 
[I 2026-07-13 15:18:02,386] Trial 1259 pruned. 
[I 2026-07-13 15:18:03,494] Trial 1260 pruned. 
[I 2026-07-13 15:18:06,546] Trial 1261 pruned. 
[I 2026-07-13 15:18:07,973] Trial 1262 pruned. 
[I 2026-07-13 15:18:09,756] Trial 1263 pruned. 
[I 2026-07-13 15:18:09,972] Trial 1264 pruned. 
[I 2026-07-13 15:18:10,820] Trial 1265 pruned. 
[I 2026-07-13 15:18:11,637] Trial 1266 pruned. 
[I 2026-07-13 15:18:12,496] Trial 1267 pruned. 
[I 2026-07-13 15:18:12,780] Trial 1268 pruned. 
[I 2026-07-13 15:18:14,723] Trial 1269 pruned. 
[I 2026-07-13 15:18:15,671] Trial 1270 pruned. 
[I 2026-07-13 15:18:15,944] Trial 1271 pruned. 
[I 2026-07-13 15:18:16,498] Trial 1272 pruned. 
[I 2026-07-13 15:18:18,801] Trial 1273 pruned. 
[I 2026-07-13 15:18:19,267] Trial 1274 pruned. 
[I 2026-07-13 15:18:19,583] Trial 1275 pruned. 
[I 2026-07-13 15:18:20,091] Trial 1276 pruned. 
[I 2026-07-13 15:18:21,256] Trial 1277 pruned. 
[I 2026-07-13 15:18:22,495] Trial 1278 pruned. 
[I 2026-07-13 15:18:23,709] Trial 1279 pruned. 
[I 2026-07-13 15:18:23,965] Trial 1280 pruned. 
[I 2026-07-13 15:18:24,882] Trial 1281 pruned. 
[I 2026-07-13 15:18:26,117] Trial 1282 pruned. 
[I 2026-07-13 15:18:27,994] Trial 1283 pruned. 
[I 2026-07-13 15:18:29,063] Trial 1284 pruned. 
[I 2026-07-13 15:18:31,328] Trial 1285 pruned. 
[I 2026-07-13 15:18:32,240] Trial 1286 pruned. 
[I 2026-07-13 15:18:34,586] Trial 1287 pruned. 
[I 2026-07-13 15:18:36,023] Trial 1288 pruned. 
[I 2026-07-13 15:18:37,471] Trial 1289 pruned. 
[I 2026-07-13 15:18:38,997] Trial 1290 pruned. 
[I 2026-07-13 15:18:40,865] Trial 1291 pruned. 
[I 2026-07-13 15:18:41,877] Trial 1292 pruned. 
[I 2026-07-13 15:18:43,630] Trial 1293 pruned. 
[I 2026-07-13 15:18:46,428] Trial 1294 pruned. 
[I 2026-07-13 15:18:47,086] Trial 1295 pruned. 
[I 2026-07-13 15:18:47,745] Trial 1296 pruned. 
[I 2026-07-13 15:18:49,783] Trial 1297 pruned. 
[I 2026-07-13 15:18:50,490] Trial 1298 pruned. 
[I 2026-07-13 15:18:51,980] Trial 1299 pruned. 
[I 2026-07-13 15:18:53,212] Trial 1300 pruned. 
[I 2026-07-13 15:18:54,862] Trial 1301 pruned. 
[I 2026-07-13 15:18:57,910] Trial 1302 pruned. 
[I 2026-07-13 15:18:58,484] Trial 1303 pruned. 
[I 2026-07-13 15:19:00,255] Trial 1304 pruned. 
[I 2026-07-13 15:19:01,838] Trial 1305 pruned. 
[I 2026-07-13 15:19:03,227] Trial 1306 pruned. 
[I 2026-07-13 15:19:04,034] Trial 1307 pruned. 
[I 2026-07-13 15:19:05,235] Trial 1308 pruned. 
[I 2026-07-13 15:19:05,709] Trial 1309 pruned. 
[I 2026-07-13 15:19:09,245] Trial 1310 pruned. 
[I 2026-07-13 15:19:10,927] Trial 1311 pruned. 
[I 2026-07-13 15:19:11,964] Trial 1312 pruned. 
[I 2026-07-13 15:19:12,346] Trial 1313 pruned. 
[I 2026-07-13 15:19:12,769] Trial 1314 pruned. 
[I 2026-07-13 15:19:13,163] Trial 1315 pruned. 
[I 2026-07-13 15:19:14,879] Trial 1316 pruned. 
[I 2026-07-13 15:19:15,977] Trial 1317 pruned. 
[I 2026-07-13 15:19:16,988] Trial 1318 pruned. 
[I 2026-07-13 15:19:18,422] Trial 1319 pruned. 
[I 2026-07-13 15:19:18,638] Trial 1320 pruned. 
[I 2026-07-13 15:19:18,863] Trial 1321 pruned. 
[I 2026-07-13 15:19:19,768] Trial 1322 pruned. 
[I 2026-07-13 15:19:20,925] Trial 1323 pruned. 
[I 2026-07-13 15:19:22,419] Trial 1324 pruned. 
[I 2026-07-13 15:19:25,483] Trial 1325 pruned. 
[I 2026-07-13 15:19:27,046] Trial 1326 pruned. 
[I 2026-07-13 15:19:27,584] Trial 1327 pruned. 
[I 2026-07-13 15:19:28,655] Trial 1328 pruned. 
[I 2026-07-13 15:19:30,317] Trial 1329 pruned. 
[I 2026-07-13 15:19:31,274] Trial 1330 pruned. 
[I 2026-07-13 15:19:33,730] Trial 1331 pruned. 
[I 2026-07-13 15:19:34,765] Trial 1332 pruned. 
[I 2026-07-13 15:19:36,517] Trial 1333 pruned. 
[I 2026-07-13 15:19:38,167] Trial 1334 pruned. 
[I 2026-07-13 15:19:38,756] Trial 1335 pruned. 
[I 2026-07-13 15:19:40,490] Trial 1336 pruned. 
[I 2026-07-13 15:19:42,085] Trial 1337 pruned. 
[I 2026-07-13 15:19:46,384] Trial 1338 pruned. 
[I 2026-07-13 15:19:46,801] Trial 1339 pruned. 
[I 2026-07-13 15:19:47,804] Trial 1340 pruned. 
[I 2026-07-13 15:19:48,998] Trial 1341 pruned. 
[I 2026-07-13 15:19:49,957] Trial 1342 pruned. 
[I 2026-07-13 15:19:50,931] Trial 1343 pruned. 
[I 2026-07-13 15:19:52,106] Trial 1344 pruned. 
[I 2026-07-13 15:19:53,267] Trial 1345 pruned. 
[I 2026-07-13 15:19:54,245] Trial 1346 pruned. 
[I 2026-07-13 15:19:56,815] Trial 1347 finished with values: [-120.35427294282636, -1792.7685469332014, 70.25] and parameters: {'sl_soft': 0.036572723277214905, 'sl_hard_delta': 0.03235044756259683, 'tp': 0.02231068289005326, 'gate_pct': 97.91001047364318, 'dd_limit': 8.500064493297096, 'cooldown': 0, 'flip': True, 'en_ema_trend': False, 'ema_trend_fast': 213, 'ema_trend_slow': 378, 'en_sma_trend': True, 'sma_trend_fast': 47, 'sma_trend_slow': 30, 'en_macd': True, 'macd_fast': 67, 'macd_slow': 39, 'macd_signal': 28, 'en_vwap': True, 'en_keltner': False, 'keltner_n': 29, 'keltner_m': 1.7000000000000002, 'en_obv': False, 'obv_slope': 152, 'en_cci': True, 'cci_n': 180, 'cci_threshold': 205, 'en_rsi': False, 'rsi_n': 21, 'rsi_lower': 49, 'rsi_upper': 88, 'en_stochastic': False, 'stochastic_n': 50, 'stochastic_d': 38, 'stochastic_lower': 25, 'stochastic_upper': 61, 'en_mfi': False, 'mfi_n': 98, 'mfi_lower': 35, 'mfi_upper': 99, 'en_bollinger': True, 'bollinger_n': 37, 'bollinger_k': 4.7, 'en_adx': False, 'adx_n': 14, 'adx_threshold': 52, 'en_structure_trend': True, 'structure_trend_swing_l': 8, 'en_order_block': True, 'order_block_swing_l': 16, 'en_fvg': False, 'fvg_lookback': 27, 'en_ifvg': False, 'en_breaker': False, 'breaker_swing_l': 20, 'en_cisd': True, 'k': 5, 'en_cap_bars': False, 'cap_1min': 371}.
[I 2026-07-13 15:19:59,173] Trial 1348 pruned. 
[I 2026-07-13 15:19:59,563] Trial 1349 pruned. 
[I 2026-07-13 15:20:01,537] Trial 1350 pruned. 
[I 2026-07-13 15:20:04,422] Trial 1351 pruned. 
[I 2026-07-13 15:20:05,980] Trial 1352 pruned. 
[I 2026-07-13 15:20:09,455] Trial 1353 pruned. 
[I 2026-07-13 15:20:10,530] Trial 1354 pruned. 
[I 2026-07-13 15:20:11,829] Trial 1355 pruned. 
[I 2026-07-13 15:20:12,474] Trial 1356 pruned. 
[I 2026-07-13 15:20:14,023] Trial 1357 pruned. 
[I 2026-07-13 15:20:15,164] Trial 1358 pruned. 
[I 2026-07-13 15:20:16,612] Trial 1359 pruned. 
[I 2026-07-13 15:20:16,949] Trial 1360 pruned. 
[I 2026-07-13 15:20:18,185] Trial 1361 pruned. 
[I 2026-07-13 15:20:21,186] Trial 1362 finished with values: [93.4294312124351, -1370.2555830896656, 60.55] and parameters: {'sl_soft': 0.010118579279263403, 'sl_hard_delta': 0.04146915336807996, 'tp': 0.024786837987347286, 'gate_pct': 96.82972780322679, 'dd_limit': 9.029015189980312, 'cooldown': 27, 'flip': True, 'en_ema_trend': False, 'ema_trend_fast': 24, 'ema_trend_slow': 397, 'en_sma_trend': True, 'sma_trend_fast': 198, 'sma_trend_slow': 57, 'en_macd': False, 'macd_fast': 53, 'macd_slow': 114, 'macd_signal': 61, 'en_vwap': False, 'en_keltner': True, 'keltner_n': 135, 'keltner_m': 2.1, 'en_obv': True, 'obv_slope': 129, 'en_cci': True, 'cci_n': 134, 'cci_threshold': 250, 'en_rsi': False, 'rsi_n': 95, 'rsi_lower': 31, 'rsi_upper': 88, 'en_stochastic': False, 'stochastic_n': 78, 'stochastic_d': 14, 'stochastic_lower': 4, 'stochastic_upper': 78, 'en_mfi': True, 'mfi_n': 14, 'mfi_lower': 11, 'mfi_upper': 70, 'en_bollinger': True, 'bollinger_n': 134, 'bollinger_k': 4.2, 'en_adx': False, 'adx_n': 22, 'adx_threshold': 38, 'en_structure_trend': False, 'structure_trend_swing_l': 12, 'en_order_block': False, 'order_block_swing_l': 4, 'en_fvg': True, 'fvg_lookback': 45, 'en_ifvg': False, 'en_breaker': False, 'breaker_swing_l': 2, 'en_cisd': True, 'k': 1, 'en_cap_bars': True, 'cap_1min': 797}.
[I 2026-07-13 15:20:22,667] Trial 1363 pruned. 
[I 2026-07-13 15:20:23,066] Trial 1364 pruned. 
[I 2026-07-13 15:20:24,114] Trial 1365 pruned. 
[I 2026-07-13 15:20:25,515] Trial 1366 pruned. 
[I 2026-07-13 15:20:26,404] Trial 1367 pruned. 
[I 2026-07-13 15:20:28,014] Trial 1368 pruned. 
[I 2026-07-13 15:20:29,061] Trial 1369 pruned. 
[I 2026-07-13 15:20:29,653] Trial 1370 pruned. 
[I 2026-07-13 15:20:31,199] Trial 1371 pruned. 
[I 2026-07-13 15:20:32,304] Trial 1372 pruned. 
[I 2026-07-13 15:20:35,383] Trial 1373 pruned. 
[I 2026-07-13 15:20:35,653] Trial 1374 pruned. 
[I 2026-07-13 15:20:37,961] Trial 1375 pruned. 
[I 2026-07-13 15:20:39,312] Trial 1376 pruned. 
[I 2026-07-13 15:20:39,867] Trial 1377 pruned. 
[I 2026-07-13 15:20:40,095] Trial 1378 pruned. 
[I 2026-07-13 15:20:41,064] Trial 1379 pruned. 
[I 2026-07-13 15:20:42,781] Trial 1380 pruned. 
[I 2026-07-13 15:20:43,714] Trial 1381 pruned. 
[I 2026-07-13 15:20:44,477] Trial 1382 pruned. 
[I 2026-07-13 15:20:45,531] Trial 1383 pruned. 
[I 2026-07-13 15:20:46,357] Trial 1384 pruned. 
[I 2026-07-13 15:20:47,492] Trial 1385 pruned. 
[I 2026-07-13 15:20:48,430] Trial 1386 pruned. 
[I 2026-07-13 15:20:52,139] Trial 1387 pruned. 
[I 2026-07-13 15:20:52,503] Trial 1388 pruned. 
[I 2026-07-13 15:20:53,683] Trial 1389 pruned. 
[I 2026-07-13 15:20:54,886] Trial 1390 pruned. 
[I 2026-07-13 15:20:55,548] Trial 1391 pruned. 
[I 2026-07-13 15:20:56,398] Trial 1392 pruned. 
[I 2026-07-13 15:20:58,079] Trial 1393 pruned. 
[I 2026-07-13 15:20:58,643] Trial 1394 pruned. 
[I 2026-07-13 15:20:59,910] Trial 1395 pruned. 
[I 2026-07-13 15:21:01,056] Trial 1396 pruned. 
[I 2026-07-13 15:21:01,814] Trial 1397 pruned. 
[I 2026-07-13 15:21:03,166] Trial 1398 pruned. 
[I 2026-07-13 15:21:05,030] Trial 1399 pruned. 
[I 2026-07-13 15:21:05,242] Trial 1400 pruned. 
[I 2026-07-13 15:21:06,600] Trial 1401 pruned. 
[I 2026-07-13 15:21:08,632] Trial 1402 pruned. 
[I 2026-07-13 15:21:09,045] Trial 1403 pruned. 
[I 2026-07-13 15:21:09,905] Trial 1404 pruned. 
[I 2026-07-13 15:21:10,940] Trial 1405 pruned. 
[I 2026-07-13 15:21:12,081] Trial 1406 pruned. 
[I 2026-07-13 15:21:13,964] Trial 1407 pruned. 
[I 2026-07-13 15:21:15,348] Trial 1408 pruned. 
[I 2026-07-13 15:21:16,375] Trial 1409 pruned. 
[I 2026-07-13 15:21:19,087] Trial 1410 pruned. 
[I 2026-07-13 15:21:20,348] Trial 1411 pruned. 
[I 2026-07-13 15:21:21,068] Trial 1412 pruned. 
[I 2026-07-13 15:21:28,371] Trial 1413 finished with values: [-97.34642470155208, -815.2735677670009, 43.75] and parameters: {'sl_soft': 0.027249176648190113, 'sl_hard_delta': 0.02177818012851011, 'tp': 0.05019970233381155, 'gate_pct': 98.21870877115913, 'dd_limit': 0.8350241645118831, 'cooldown': 26, 'flip': False, 'en_ema_trend': False, 'ema_trend_fast': 38, 'ema_trend_slow': 60, 'en_sma_trend': False, 'sma_trend_fast': 322, 'sma_trend_slow': 157, 'en_macd': True, 'macd_fast': 52, 'macd_slow': 134, 'macd_signal': 21, 'en_vwap': False, 'en_keltner': False, 'keltner_n': 26, 'keltner_m': 1.3, 'en_obv': True, 'obv_slope': 82, 'en_cci': True, 'cci_n': 107, 'cci_threshold': 220, 'en_rsi': False, 'rsi_n': 16, 'rsi_lower': 47, 'rsi_upper': 65, 'en_stochastic': True, 'stochastic_n': 53, 'stochastic_d': 30, 'stochastic_lower': 7, 'stochastic_upper': 74, 'en_mfi': True, 'mfi_n': 35, 'mfi_lower': 5, 'mfi_upper': 70, 'en_bollinger': False, 'bollinger_n': 120, 'bollinger_k': 3.8000000000000003, 'en_adx': False, 'adx_n': 85, 'adx_threshold': 42, 'en_structure_trend': False, 'structure_trend_swing_l': 1, 'en_order_block': False, 'order_block_swing_l': 12, 'en_fvg': True, 'fvg_lookback': 5, 'en_ifvg': False, 'en_breaker': True, 'breaker_swing_l': 8, 'en_cisd': False, 'k': 4, 'en_cap_bars': True, 'cap_1min': 219}.
[I 2026-07-13 15:21:28,822] Trial 1414 pruned. 
[I 2026-07-13 15:21:30,524] Trial 1415 pruned. 
[I 2026-07-13 15:21:31,207] Trial 1416 pruned. 
[I 2026-07-13 15:21:31,747] Trial 1417 pruned. 
[I 2026-07-13 15:21:33,048] Trial 1418 pruned. 
[I 2026-07-13 15:21:34,034] Trial 1419 pruned. 
[I 2026-07-13 15:21:34,500] Trial 1420 pruned. 
[I 2026-07-13 15:21:36,932] Trial 1421 pruned. 
[I 2026-07-13 15:21:38,680] Trial 1422 pruned. 
[I 2026-07-13 15:21:39,060] Trial 1423 pruned. 
[I 2026-07-13 15:21:39,475] Trial 1424 pruned. 
[I 2026-07-13 15:21:40,306] Trial 1425 pruned. 
[I 2026-07-13 15:21:40,630] Trial 1426 pruned. 
[I 2026-07-13 15:21:41,723] Trial 1427 pruned. 
[I 2026-07-13 15:21:42,390] Trial 1428 pruned. 
[I 2026-07-13 15:21:43,519] Trial 1429 pruned. 
[I 2026-07-13 15:21:44,399] Trial 1430 pruned. 
[I 2026-07-13 15:21:45,754] Trial 1431 pruned. 
[I 2026-07-13 15:21:46,183] Trial 1432 pruned. 
[I 2026-07-13 15:21:47,801] Trial 1433 pruned. 
[I 2026-07-13 15:21:49,233] Trial 1434 pruned. 
[I 2026-07-13 15:21:51,281] Trial 1435 pruned. 
[I 2026-07-13 15:21:52,388] Trial 1436 pruned. 
[I 2026-07-13 15:21:54,115] Trial 1437 pruned. 
[I 2026-07-13 15:21:54,755] Trial 1438 pruned. 
[I 2026-07-13 15:21:56,362] Trial 1439 pruned. 
[I 2026-07-13 15:21:56,740] Trial 1440 pruned. 
[I 2026-07-13 15:21:59,104] Trial 1441 pruned. 
[I 2026-07-13 15:22:00,559] Trial 1442 pruned. 
[I 2026-07-13 15:22:01,555] Trial 1443 pruned. 
[I 2026-07-13 15:22:04,329] Trial 1444 pruned. 
[I 2026-07-13 15:22:05,201] Trial 1445 pruned. 
[I 2026-07-13 15:22:05,881] Trial 1446 pruned. 
[I 2026-07-13 15:22:06,781] Trial 1447 pruned. 
[I 2026-07-13 15:22:08,074] Trial 1448 pruned. 
[I 2026-07-13 15:22:11,265] Trial 1449 pruned. 
[I 2026-07-13 15:22:12,412] Trial 1450 pruned. 
[I 2026-07-13 15:22:13,105] Trial 1451 pruned. 
[I 2026-07-13 15:22:14,268] Trial 1452 pruned. 
[I 2026-07-13 15:22:16,222] Trial 1453 pruned. 
[I 2026-07-13 15:22:18,583] Trial 1454 pruned. 
[I 2026-07-13 15:22:20,966] Trial 1455 pruned. 
[I 2026-07-13 15:22:22,910] Trial 1456 pruned. 
[I 2026-07-13 15:22:23,542] Trial 1457 pruned. 
[I 2026-07-13 15:22:25,640] Trial 1458 pruned. 
[I 2026-07-13 15:22:25,997] Trial 1459 pruned. 
[I 2026-07-13 15:22:27,420] Trial 1460 pruned. 
[I 2026-07-13 15:22:28,243] Trial 1461 pruned. 
[I 2026-07-13 15:22:30,683] Trial 1462 pruned. 
[I 2026-07-13 15:22:31,238] Trial 1463 pruned. 
[I 2026-07-13 15:22:32,957] Trial 1464 pruned. 
[I 2026-07-13 15:22:36,559] Trial 1465 pruned. 
[I 2026-07-13 15:22:37,938] Trial 1466 pruned. 
[I 2026-07-13 15:22:39,243] Trial 1467 pruned. 
[I 2026-07-13 15:22:41,341] Trial 1468 pruned. 
[I 2026-07-13 15:22:41,753] Trial 1469 pruned. 
[I 2026-07-13 15:22:42,591] Trial 1470 pruned. 
[I 2026-07-13 15:22:43,379] Trial 1471 pruned. 
[I 2026-07-13 15:22:44,438] Trial 1472 pruned. 
[I 2026-07-13 15:22:45,300] Trial 1473 pruned. 
[I 2026-07-13 15:22:46,830] Trial 1474 pruned. 
[I 2026-07-13 15:22:47,623] Trial 1475 pruned. 
[I 2026-07-13 15:22:48,813] Trial 1476 pruned. 
[I 2026-07-13 15:22:49,345] Trial 1477 pruned. 
[I 2026-07-13 15:22:51,006] Trial 1478 pruned. 
[I 2026-07-13 15:22:52,947] Trial 1479 pruned. 
[I 2026-07-13 15:22:53,117] Trial 1480 pruned. 
[I 2026-07-13 15:22:54,648] Trial 1481 pruned. 
[I 2026-07-13 15:22:56,300] Trial 1482 pruned. 
[I 2026-07-13 15:22:58,461] Trial 1483 pruned. 
[I 2026-07-13 15:22:58,956] Trial 1484 pruned. 
[I 2026-07-13 15:23:00,722] Trial 1485 pruned. 
[I 2026-07-13 15:23:01,960] Trial 1486 pruned. 
[I 2026-07-13 15:23:02,752] Trial 1487 pruned. 
[I 2026-07-13 15:23:03,937] Trial 1488 pruned. 
[I 2026-07-13 15:23:05,051] Trial 1489 pruned. 
[I 2026-07-13 15:23:06,436] Trial 1490 pruned. 
[I 2026-07-13 15:23:07,393] Trial 1491 pruned. 
[I 2026-07-13 15:23:16,336] Trial 1492 finished with values: [-900.6893058306532, -4141.824305930653, 43.15] and parameters: {'sl_soft': 0.011761515864526676, 'sl_hard_delta': 0.03415455969446963, 'tp': 0.026148447884937018, 'gate_pct': 99.2091305706916, 'dd_limit': 6.921955355235141, 'cooldown': 8, 'flip': True, 'en_ema_trend': False, 'ema_trend_fast': 399, 'ema_trend_slow': 381, 'en_sma_trend': False, 'sma_trend_fast': 288, 'sma_trend_slow': 48, 'en_macd': True, 'macd_fast': 54, 'macd_slow': 158, 'macd_signal': 58, 'en_vwap': True, 'en_keltner': True, 'keltner_n': 200, 'keltner_m': 4.7, 'en_obv': True, 'obv_slope': 153, 'en_cci': False, 'cci_n': 125, 'cci_threshold': 25, 'en_rsi': False, 'rsi_n': 85, 'rsi_lower': 30, 'rsi_upper': 62, 'en_stochastic': True, 'stochastic_n': 17, 'stochastic_d': 26, 'stochastic_lower': 36, 'stochastic_upper': 94, 'en_mfi': True, 'mfi_n': 16, 'mfi_lower': 49, 'mfi_upper': 93, 'en_bollinger': True, 'bollinger_n': 12, 'bollinger_k': 3.3000000000000003, 'en_adx': False, 'adx_n': 2, 'adx_threshold': 57, 'en_structure_trend': False, 'structure_trend_swing_l': 6, 'en_order_block': False, 'order_block_swing_l': 10, 'en_fvg': True, 'fvg_lookback': 47, 'en_ifvg': True, 'en_breaker': False, 'breaker_swing_l': 3, 'en_cisd': False, 'k': 4, 'en_cap_bars': True, 'cap_1min': 540}.
[I 2026-07-13 15:23:17,195] Trial 1493 pruned. 
[I 2026-07-13 15:23:18,190] Trial 1494 pruned. 
[I 2026-07-13 15:23:19,444] Trial 1495 pruned. 
[I 2026-07-13 15:23:20,877] Trial 1496 pruned. 
[I 2026-07-13 15:23:21,193] Trial 1497 pruned. 
[I 2026-07-13 15:23:23,512] Trial 1498 pruned. 
[I 2026-07-13 15:23:23,954] Trial 1499 pruned. 
[I 2026-07-13 15:23:24,502] Trial 1500 pruned. 
[I 2026-07-13 15:23:25,597] Trial 1501 pruned. 
[I 2026-07-13 15:23:26,444] Trial 1502 pruned. 
[I 2026-07-13 15:23:27,316] Trial 1503 pruned. 
[I 2026-07-13 15:23:28,065] Trial 1504 pruned. 
[I 2026-07-13 15:23:29,759] Trial 1505 pruned. 
[I 2026-07-13 15:23:30,850] Trial 1506 pruned. 
[I 2026-07-13 15:23:31,965] Trial 1507 pruned. 
[I 2026-07-13 15:23:34,386] Trial 1508 pruned. 
[I 2026-07-13 15:23:35,641] Trial 1509 pruned. 
[I 2026-07-13 15:23:36,503] Trial 1510 pruned. 
[I 2026-07-13 15:23:38,073] Trial 1511 pruned. 
[I 2026-07-13 15:23:41,475] Trial 1512 pruned. 
[I 2026-07-13 15:23:42,359] Trial 1513 pruned. 
[I 2026-07-13 15:23:42,583] Trial 1514 pruned. 
[I 2026-07-13 15:23:43,832] Trial 1515 pruned. 
[I 2026-07-13 15:23:45,025] Trial 1516 pruned. 
[I 2026-07-13 15:23:45,295] Trial 1517 pruned. 
[I 2026-07-13 15:23:47,266] Trial 1518 pruned. 
[I 2026-07-13 15:23:48,522] Trial 1519 pruned. 
[I 2026-07-13 15:23:48,731] Trial 1520 pruned. 
[I 2026-07-13 15:23:49,581] Trial 1521 pruned. 
[I 2026-07-13 15:23:50,976] Trial 1522 pruned. 
[I 2026-07-13 15:23:52,077] Trial 1523 pruned. 
[I 2026-07-13 15:23:54,295] Trial 1524 pruned. 
[I 2026-07-13 15:23:54,761] Trial 1525 pruned. 
[I 2026-07-13 15:23:55,914] Trial 1526 pruned. 
[I 2026-07-13 15:23:56,627] Trial 1527 pruned. 
[I 2026-07-13 15:23:58,835] Trial 1528 pruned. 
[I 2026-07-13 15:23:59,998] Trial 1529 pruned. 
[I 2026-07-13 15:24:00,817] Trial 1530 pruned. 
[I 2026-07-13 15:24:02,563] Trial 1531 pruned. 
[I 2026-07-13 15:24:04,251] Trial 1532 pruned. 
[I 2026-07-13 15:24:06,427] Trial 1533 pruned. 
[I 2026-07-13 15:24:07,825] Trial 1534 pruned. 
[I 2026-07-13 15:24:08,921] Trial 1535 pruned. 
[I 2026-07-13 15:24:09,679] Trial 1536 pruned. 
[I 2026-07-13 15:24:11,167] Trial 1537 pruned. 
[I 2026-07-13 15:24:11,649] Trial 1538 pruned. 
[I 2026-07-13 15:24:12,534] Trial 1539 pruned. 
[I 2026-07-13 15:24:12,986] Trial 1540 pruned. 
[I 2026-07-13 15:24:14,829] Trial 1541 pruned. 
[I 2026-07-13 15:24:16,648] Trial 1542 pruned. 
[I 2026-07-13 15:24:17,054] Trial 1543 pruned. 
[I 2026-07-13 15:24:18,745] Trial 1544 pruned. 
[I 2026-07-13 15:24:19,850] Trial 1545 pruned. 
[I 2026-07-13 15:24:21,422] Trial 1546 pruned. 
[I 2026-07-13 15:24:23,736] Trial 1547 pruned. 
[I 2026-07-13 15:24:24,285] Trial 1548 pruned. 
[I 2026-07-13 15:24:25,713] Trial 1549 pruned. 
[I 2026-07-13 15:24:27,102] Trial 1550 pruned. 
[I 2026-07-13 15:24:28,320] Trial 1551 pruned. 
[I 2026-07-13 15:24:29,251] Trial 1552 pruned. 
[I 2026-07-13 15:24:31,525] Trial 1553 pruned. 
[I 2026-07-13 15:24:32,401] Trial 1554 pruned. 
[I 2026-07-13 15:24:33,119] Trial 1555 pruned. 
[I 2026-07-13 15:24:34,192] Trial 1556 pruned. 
[I 2026-07-13 15:24:36,382] Trial 1557 pruned. 
[I 2026-07-13 15:24:38,156] Trial 1558 pruned. 
[I 2026-07-13 15:24:39,330] Trial 1559 pruned. 
[I 2026-07-13 15:24:39,509] Trial 1560 pruned. 
[I 2026-07-13 15:24:40,014] Trial 1561 pruned. 
[I 2026-07-13 15:24:41,998] Trial 1562 pruned. 
[I 2026-07-13 15:24:42,657] Trial 1563 pruned. 
[I 2026-07-13 15:24:43,780] Trial 1564 pruned. 
[I 2026-07-13 15:24:44,053] Trial 1565 pruned. 
[I 2026-07-13 15:24:45,714] Trial 1566 pruned. 
[I 2026-07-13 15:24:47,939] Trial 1567 pruned. 
[I 2026-07-13 15:24:48,991] Trial 1568 pruned. 
[I 2026-07-13 15:24:49,688] Trial 1569 pruned. 
[I 2026-07-13 15:24:50,858] Trial 1570 pruned. 
[I 2026-07-13 15:24:51,510] Trial 1571 pruned. 
[I 2026-07-13 15:24:53,077] Trial 1572 pruned. 
[I 2026-07-13 15:24:54,223] Trial 1573 pruned. 
[I 2026-07-13 15:24:54,620] Trial 1574 pruned. 
[I 2026-07-13 15:24:55,849] Trial 1575 pruned. 
[I 2026-07-13 15:24:59,053] Trial 1576 pruned. 
[I 2026-07-13 15:25:01,092] Trial 1577 pruned. 
[I 2026-07-13 15:25:06,339] Trial 1578 finished with values: [-855.4426154305083, -3369.1787007165917, 45.6] and parameters: {'sl_soft': 0.019818244244465925, 'sl_hard_delta': 0.028428697055377993, 'tp': 0.028560602836268517, 'gate_pct': 87.84603704995507, 'dd_limit': 4.667357421566379, 'cooldown': 6, 'flip': True, 'en_ema_trend': True, 'ema_trend_fast': 35, 'ema_trend_slow': 180, 'en_sma_trend': False, 'sma_trend_fast': 270, 'sma_trend_slow': 14, 'en_macd': True, 'macd_fast': 39, 'macd_slow': 96, 'macd_signal': 49, 'en_vwap': False, 'en_keltner': True, 'keltner_n': 198, 'keltner_m': 1.9000000000000001, 'en_obv': False, 'obv_slope': 72, 'en_cci': True, 'cci_n': 74, 'cci_threshold': 95, 'en_rsi': True, 'rsi_n': 50, 'rsi_lower': 6, 'rsi_upper': 53, 'en_stochastic': False, 'stochastic_n': 39, 'stochastic_d': 50, 'stochastic_lower': 27, 'stochastic_upper': 99, 'en_mfi': False, 'mfi_n': 83, 'mfi_lower': 19, 'mfi_upper': 54, 'en_bollinger': True, 'bollinger_n': 182, 'bollinger_k': 2.1, 'en_adx': False, 'adx_n': 38, 'adx_threshold': 24, 'en_structure_trend': False, 'structure_trend_swing_l': 9, 'en_order_block': True, 'order_block_swing_l': 2, 'en_fvg': True, 'fvg_lookback': 27, 'en_ifvg': False, 'en_breaker': False, 'breaker_swing_l': 16, 'en_cisd': True, 'k': 1, 'en_cap_bars': True, 'cap_1min': 1254}.
[I 2026-07-13 15:25:07,327] Trial 1579 pruned. 
