[I 2026-07-13 15:38:24,041] Trial 1991 finished with values: [1122.2189785937612, -1622.0895084902409, 32.95] and parameters: {'sl_soft': 0.020223052950007456, 'sl_hard_delta': 0.006655247180609973, 'tp': 0.06597500573834292, 'gate_pct': 96.82972780322679, 'dd_limit': 9.50807718589736, 'cooldown': 3, 'flip': True, 'en_ema_trend': True, 'ema_trend_fast': 24, 'ema_trend_slow': 397, 'en_sma_trend': True, 'sma_trend_fast': 353, 'sma_trend_slow': 359, 'en_macd': False, 'macd_fast': 38, 'macd_slow': 88, 'macd_signal': 45, 'en_vwap': True, 'en_keltner': True, 'keltner_n': 178, 'keltner_m': 2.1, 'en_obv': True, 'obv_slope': 162, 'en_cci': True, 'cci_n': 4, 'cci_threshold': 135, 'en_rsi': True, 'rsi_n': 100, 'rsi_lower': 31, 'rsi_upper': 89, 'en_stochastic': False, 'stochastic_n': 78, 'stochastic_d': 26, 'stochastic_lower': 4, 'stochastic_upper': 78, 'en_mfi': True, 'mfi_n': 28, 'mfi_lower': 43, 'mfi_upper': 87, 'en_bollinger': True, 'bollinger_n': 72, 'bollinger_k': 4.2, 'en_adx': False, 'adx_n': 27, 'adx_threshold': 38, 'en_structure_trend': True, 'structure_trend_swing_l': 1, 'en_order_block': False, 'order_block_swing_l': 4, 'en_fvg': False, 'fvg_lookback': 50, 'en_ifvg': False, 'en_breaker': False, 'breaker_swing_l': 2, 'en_cisd': True, 'k': 1, 'en_cap_bars': True, 'cap_1min': 1134}.
[I 2026-07-13 15:38:26,708] Trial 1992 finished with values: [-1242.9073329464659, -3733.30902843464, 61.4] and parameters: {'sl_soft': 0.010118579279263403, 'sl_hard_delta': 0.05752078670204755, 'tp': 0.019150750409977012, 'gate_pct': 97.00844078669539, 'dd_limit': 9.628020027635628, 'cooldown': 14, 'flip': True, 'en_ema_trend': True, 'ema_trend_fast': 23, 'ema_trend_slow': 175, 'en_sma_trend': True, 'sma_trend_fast': 331, 'sma_trend_slow': 379, 'en_macd': True, 'macd_fast': 38, 'macd_slow': 114, 'macd_signal': 61, 'en_vwap': True, 'en_keltner': False, 'keltner_n': 60, 'keltner_m': 0.8, 'en_obv': False, 'obv_slope': 162, 'en_cci': True, 'cci_n': 134, 'cci_threshold': 30, 'en_rsi': False, 'rsi_n': 95, 'rsi_lower': 5, 'rsi_upper': 53, 'en_stochastic': False, 'stochastic_n': 27, 'stochastic_d': 6, 'stochastic_lower': 2, 'stochastic_upper': 94, 'en_mfi': False, 'mfi_n': 28, 'mfi_lower': 42, 'mfi_upper': 69, 'en_bollinger': True, 'bollinger_n': 172, 'bollinger_k': 3.7, 'en_adx': False, 'adx_n': 22, 'adx_threshold': 42, 'en_structure_trend': False, 'structure_trend_swing_l': 1, 'en_order_block': False, 'order_block_swing_l': 18, 'en_fvg': False, 'fvg_lookback': 50, 'en_ifvg': False, 'en_breaker': True, 'breaker_swing_l': 13, 'en_cisd': True, 'k': 1, 'en_cap_bars': True, 'cap_1min': 495}.
[I 2026-07-13 15:38:29,692] Trial 1993 finished with values: [-1538.6857840783287, -8438.415846142088, 29.35] and parameters: {'sl_soft': 0.010118579279263403, 'sl_hard_delta': 0.02515171303306487, 'tp': 0.06466351711838181, 'gate_pct': 97.00844078669539, 'dd_limit': 9.628020027635628, 'cooldown': 2, 'flip': False, 'en_ema_trend': True, 'ema_trend_fast': 23, 'ema_trend_slow': 19, 'en_sma_trend': True, 'sma_trend_fast': 353, 'sma_trend_slow': 192, 'en_macd': True, 'macd_fast': 10, 'macd_slow': 114, 'macd_signal': 25, 'en_vwap': False, 'en_keltner': True, 'keltner_n': 178, 'keltner_m': 2.1, 'en_obv': True, 'obv_slope': 162, 'en_cci': True, 'cci_n': 4, 'cci_threshold': 250, 'en_rsi': True, 'rsi_n': 100, 'rsi_lower': 16, 'rsi_upper': 89, 'en_stochastic': False, 'stochastic_n': 78, 'stochastic_d': 6, 'stochastic_lower': 4, 'stochastic_upper': 78, 'en_mfi': False, 'mfi_n': 68, 'mfi_lower': 18, 'mfi_upper': 64, 'en_bollinger': True, 'bollinger_n': 134, 'bollinger_k': 4.6000000000000005, 'en_adx': False, 'adx_n': 67, 'adx_threshold': 14, 'en_structure_trend': True, 'structure_trend_swing_l': 12, 'en_order_block': True, 'order_block_swing_l': 4, 'en_fvg': True, 'fvg_lookback': 44, 'en_ifvg': False, 'en_breaker': False, 'breaker_swing_l': 13, 'en_cisd': False, 'k': 1, 'en_cap_bars': True, 'cap_1min': 495}.
[I 2026-07-13 15:38:30,481] Trial 1994 pruned. 
[I 2026-07-13 15:38:33,288] Trial 1995 finished with values: [-280.80261799308556, -3344.3259859506443, 68.15] and parameters: {'sl_soft': 0.033248494775748205, 'sl_hard_delta': 0.02515171303306487, 'tp': 0.019395224610929157, 'gate_pct': 96.82972780322679, 'dd_limit': 9.50807718589736, 'cooldown': 27, 'flip': True, 'en_ema_trend': True, 'ema_trend_fast': 108, 'ema_trend_slow': 19, 'en_sma_trend': True, 'sma_trend_fast': 166, 'sma_trend_slow': 141, 'en_macd': True, 'macd_fast': 76, 'macd_slow': 114, 'macd_signal': 61, 'en_vwap': True, 'en_keltner': True, 'keltner_n': 169, 'keltner_m': 3.8000000000000003, 'en_obv': True, 'obv_slope': 129, 'en_cci': False, 'cci_n': 4, 'cci_threshold': 170, 'en_rsi': True, 'rsi_n': 73, 'rsi_lower': 12, 'rsi_upper': 89, 'en_stochastic': False, 'stochastic_n': 78, 'stochastic_d': 19, 'stochastic_lower': 7, 'stochastic_upper': 78, 'en_mfi': False, 'mfi_n': 14, 'mfi_lower': 11, 'mfi_upper': 79, 'en_bollinger': True, 'bollinger_n': 126, 'bollinger_k': 3.8000000000000003, 'en_adx': False, 'adx_n': 67, 'adx_threshold': 8, 'en_structure_trend': False, 'structure_trend_swing_l': 18, 'en_order_block': False, 'order_block_swing_l': 4, 'en_fvg': True, 'fvg_lookback': 45, 'en_ifvg': False, 'en_breaker': False, 'breaker_swing_l': 20, 'en_cisd': False, 'k': 1, 'en_cap_bars': True, 'cap_1min': 1134}.
[I 2026-07-13 15:38:36,726] Trial 1996 finished with values: [-12.613308704914061, -2425.1040795805065, 67.1] and parameters: {'sl_soft': 0.034454793278025315, 'sl_hard_delta': 0.04146915336807996, 'tp': 0.024786837987347286, 'gate_pct': 96.82972780322679, 'dd_limit': 9.029015189980312, 'cooldown': 27, 'flip': True, 'en_ema_trend': True, 'ema_trend_fast': 24, 'ema_trend_slow': 19, 'en_sma_trend': True, 'sma_trend_fast': 198, 'sma_trend_slow': 192, 'en_macd': True, 'macd_fast': 10, 'macd_slow': 114, 'macd_signal': 61, 'en_vwap': False, 'en_keltner': True, 'keltner_n': 189, 'keltner_m': 2.1, 'en_obv': True, 'obv_slope': 129, 'en_cci': True, 'cci_n': 88, 'cci_threshold': 250, 'en_rsi': False, 'rsi_n': 95, 'rsi_lower': 31, 'rsi_upper': 67, 'en_stochastic': False, 'stochastic_n': 87, 'stochastic_d': 14, 'stochastic_lower': 31, 'stochastic_upper': 78, 'en_mfi': False, 'mfi_n': 68, 'mfi_lower': 11, 'mfi_upper': 93, 'en_bollinger': True, 'bollinger_n': 70, 'bollinger_k': 4.2, 'en_adx': False, 'adx_n': 22, 'adx_threshold': 14, 'en_structure_trend': False, 'structure_trend_swing_l': 10, 'en_order_block': True, 'order_block_swing_l': 4, 'en_fvg': True, 'fvg_lookback': 44, 'en_ifvg': True, 'en_breaker': False, 'breaker_swing_l': 6, 'en_cisd': False, 'k': 1, 'en_cap_bars': True, 'cap_1min': 797}.
[I 2026-07-13 15:38:37,381] Trial 1997 pruned. 
[I 2026-07-13 15:38:41,460] Trial 1998 finished with values: [1045.5233174748457, -19770.828587361593, 73.7] and parameters: {'sl_soft': 0.020223052950007456, 'sl_hard_delta': 0.03311023092854689, 'tp': 0.019150750409977012, 'gate_pct': 99.08068803261627, 'dd_limit': 9.628020027635628, 'cooldown': 3, 'flip': True, 'en_ema_trend': True, 'ema_trend_fast': 62, 'ema_trend_slow': 133, 'en_sma_trend': True, 'sma_trend_fast': 389, 'sma_trend_slow': 57, 'en_macd': False, 'macd_fast': 48, 'macd_slow': 114, 'macd_signal': 40, 'en_vwap': True, 'en_keltner': True, 'keltner_n': 178, 'keltner_m': 1.8, 'en_obv': True, 'obv_slope': 49, 'en_cci': True, 'cci_n': 134, 'cci_threshold': 30, 'en_rsi': True, 'rsi_n': 100, 'rsi_lower': 5, 'rsi_upper': 96, 'en_stochastic': False, 'stochastic_n': 46, 'stochastic_d': 38, 'stochastic_lower': 39, 'stochastic_upper': 83, 'en_mfi': True, 'mfi_n': 73, 'mfi_lower': 41, 'mfi_upper': 69, 'en_bollinger': False, 'bollinger_n': 72, 'bollinger_k': 3.7, 'en_adx': False, 'adx_n': 27, 'adx_threshold': 42, 'en_structure_trend': False, 'structure_trend_swing_l': 1, 'en_order_block': False, 'order_block_swing_l': 12, 'en_fvg': False, 'fvg_lookback': 50, 'en_ifvg': False, 'en_breaker': False, 'breaker_swing_l': 14, 'en_cisd': True, 'k': 2, 'en_cap_bars': False, 'cap_1min': 1070}.
[I 2026-07-13 15:38:42,646] Trial 1999 pruned. 
[I 2026-07-13 15:38:44,393] Trial 2000 pruned. 
[I 2026-07-13 15:38:45,611] Trial 2001 pruned. 
[I 2026-07-13 15:38:47,899] Trial 2002 finished with values: [-202.09280757253364, -4430.02519981001, 75.35] and parameters: {'sl_soft': 0.04394141371603765, 'sl_hard_delta': 0.054945742252223054, 'tp': 0.022271566368158947, 'gate_pct': 83.00353395016643, 'dd_limit': 4.866210487643857, 'cooldown': 2, 'flip': True, 'en_ema_trend': True, 'ema_trend_fast': 101, 'ema_trend_slow': 19, 'en_sma_trend': True, 'sma_trend_fast': 377, 'sma_trend_slow': 100, 'en_macd': True, 'macd_fast': 53, 'macd_slow': 196, 'macd_signal': 48, 'en_vwap': False, 'en_keltner': False, 'keltner_n': 7, 'keltner_m': 1.3, 'en_obv': True, 'obv_slope': 183, 'en_cci': False, 'cci_n': 4, 'cci_threshold': 75, 'en_rsi': False, 'rsi_n': 46, 'rsi_lower': 16, 'rsi_upper': 87, 'en_stochastic': False, 'stochastic_n': 87, 'stochastic_d': 29, 'stochastic_lower': 36, 'stochastic_upper': 77, 'en_mfi': False, 'mfi_n': 68, 'mfi_lower': 45, 'mfi_upper': 74, 'en_bollinger': True, 'bollinger_n': 160, 'bollinger_k': 5.0, 'en_adx': False, 'adx_n': 32, 'adx_threshold': 29, 'en_structure_trend': False, 'structure_trend_swing_l': 13, 'en_order_block': True, 'order_block_swing_l': 4, 'en_fvg': True, 'fvg_lookback': 45, 'en_ifvg': False, 'en_breaker': True, 'breaker_swing_l': 11, 'en_cisd': True, 'k': 2, 'en_cap_bars': True, 'cap_1min': 1237}.
[I 2026-07-13 15:38:48,292] Trial 2003 pruned. 
[I 2026-07-13 15:38:49,773] Trial 2004 pruned. 
[I 2026-07-13 15:38:52,140] Trial 2005 pruned. 
[I 2026-07-13 15:38:53,222] Trial 2006 finished with values: [-33.54311126955167, -2434.358273609191, 42.75] and parameters: {'sl_soft': 0.011632989549682653, 'sl_hard_delta': 0.055023956129631846, 'tp': 0.04927094955011397, 'gate_pct': 96.82972780322679, 'dd_limit': 9.066216783758431, 'cooldown': 27, 'flip': True, 'en_ema_trend': True, 'ema_trend_fast': 342, 'ema_trend_slow': 367, 'en_sma_trend': False, 'sma_trend_fast': 372, 'sma_trend_slow': 319, 'en_macd': False, 'macd_fast': 10, 'macd_slow': 18, 'macd_signal': 52, 'en_vwap': False, 'en_keltner': True, 'keltner_n': 135, 'keltner_m': 2.1, 'en_obv': True, 'obv_slope': 129, 'en_cci': False, 'cci_n': 166, 'cci_threshold': 25, 'en_rsi': False, 'rsi_n': 72, 'rsi_lower': 47, 'rsi_upper': 58, 'en_stochastic': False, 'stochastic_n': 82, 'stochastic_d': 39, 'stochastic_lower': 17, 'stochastic_upper': 78, 'en_mfi': True, 'mfi_n': 14, 'mfi_lower': 29, 'mfi_upper': 76, 'en_bollinger': True, 'bollinger_n': 155, 'bollinger_k': 4.2, 'en_adx': False, 'adx_n': 91, 'adx_threshold': 38, 'en_structure_trend': False, 'structure_trend_swing_l': 12, 'en_order_block': True, 'order_block_swing_l': 12, 'en_fvg': False, 'fvg_lookback': 45, 'en_ifvg': False, 'en_breaker': False, 'breaker_swing_l': 2, 'en_cisd': True, 'k': 3, 'en_cap_bars': False, 'cap_1min': 797}.
[I 2026-07-13 15:38:53,900] Trial 2007 pruned. 
[I 2026-07-13 15:38:54,792] Trial 2008 finished with values: [93.4294312124351, -1370.2555830896656, 60.55] and parameters: {'sl_soft': 0.010118579279263403, 'sl_hard_delta': 0.04146915336807996, 'tp': 0.024786837987347286, 'gate_pct': 96.82972780322679, 'dd_limit': 9.029015189980312, 'cooldown': 27, 'flip': True, 'en_ema_trend': False, 'ema_trend_fast': 24, 'ema_trend_slow': 397, 'en_sma_trend': True, 'sma_trend_fast': 198, 'sma_trend_slow': 57, 'en_macd': False, 'macd_fast': 53, 'macd_slow': 114, 'macd_signal': 61, 'en_vwap': False, 'en_keltner': True, 'keltner_n': 135, 'keltner_m': 2.1, 'en_obv': True, 'obv_slope': 129, 'en_cci': True, 'cci_n': 134, 'cci_threshold': 250, 'en_rsi': False, 'rsi_n': 95, 'rsi_lower': 31, 'rsi_upper': 88, 'en_stochastic': False, 'stochastic_n': 78, 'stochastic_d': 14, 'stochastic_lower': 4, 'stochastic_upper': 78, 'en_mfi': True, 'mfi_n': 14, 'mfi_lower': 11, 'mfi_upper': 70, 'en_bollinger': True, 'bollinger_n': 134, 'bollinger_k': 4.2, 'en_adx': False, 'adx_n': 88, 'adx_threshold': 38, 'en_structure_trend': False, 'structure_trend_swing_l': 12, 'en_order_block': False, 'order_block_swing_l': 4, 'en_fvg': True, 'fvg_lookback': 45, 'en_ifvg': False, 'en_breaker': False, 'breaker_swing_l': 2, 'en_cisd': True, 'k': 1, 'en_cap_bars': True, 'cap_1min': 797}.
[I 2026-07-13 15:38:56,693] Trial 2009 finished with values: [-24.202517657414546, -2707.9351943956453, 29.4] and parameters: {'sl_soft': 0.02319530491076429, 'sl_hard_delta': 0.006655247180609973, 'tp': 0.0739135300227091, 'gate_pct': 97.00844078669539, 'dd_limit': 7.364744278329123, 'cooldown': 7, 'flip': True, 'en_ema_trend': True, 'ema_trend_fast': 23, 'ema_trend_slow': 292, 'en_sma_trend': True, 'sma_trend_fast': 382, 'sma_trend_slow': 359, 'en_macd': True, 'macd_fast': 38, 'macd_slow': 88, 'macd_signal': 45, 'en_vwap': True, 'en_keltner': False, 'keltner_n': 60, 'keltner_m': 1.8, 'en_obv': False, 'obv_slope': 162, 'en_cci': True, 'cci_n': 78, 'cci_threshold': 135, 'en_rsi': True, 'rsi_n': 100, 'rsi_lower': 5, 'rsi_upper': 74, 'en_stochastic': False, 'stochastic_n': 71, 'stochastic_d': 6, 'stochastic_lower': 39, 'stochastic_upper': 83, 'en_mfi': False, 'mfi_n': 28, 'mfi_lower': 43, 'mfi_upper': 87, 'en_bollinger': True, 'bollinger_n': 172, 'bollinger_k': 4.6000000000000005, 'en_adx': False, 'adx_n': 27, 'adx_threshold': 54, 'en_structure_trend': False, 'structure_trend_swing_l': 1, 'en_order_block': True, 'order_block_swing_l': 18, 'en_fvg': False, 'fvg_lookback': 50, 'en_ifvg': True, 'en_breaker': True, 'breaker_swing_l': 14, 'en_cisd': True, 'k': 2, 'en_cap_bars': False, 'cap_1min': 495}.
[I 2026-07-13 15:38:56,814] Trial 2010 pruned. 
[I 2026-07-13 15:38:57,676] Trial 2011 finished with values: [-589.6159141204471, -2086.0265310890463, 82.25] and parameters: {'sl_soft': 0.0430567193720152, 'sl_hard_delta': 0.055023956129631846, 'tp': 0.014639614258084065, 'gate_pct': 94.87782605027864, 'dd_limit': 1.740791785171474, 'cooldown': 26, 'flip': True, 'en_ema_trend': False, 'ema_trend_fast': 85, 'ema_trend_slow': 367, 'en_sma_trend': True, 'sma_trend_fast': 372, 'sma_trend_slow': 140, 'en_macd': False, 'macd_fast': 10, 'macd_slow': 18, 'macd_signal': 52, 'en_vwap': False, 'en_keltner': False, 'keltner_n': 135, 'keltner_m': 5.0, 'en_obv': True, 'obv_slope': 92, 'en_cci': False, 'cci_n': 149, 'cci_threshold': 245, 'en_rsi': False, 'rsi_n': 17, 'rsi_lower': 12, 'rsi_upper': 77, 'en_stochastic': False, 'stochastic_n': 59, 'stochastic_d': 39, 'stochastic_lower': 17, 'stochastic_upper': 78, 'en_mfi': True, 'mfi_n': 49, 'mfi_lower': 16, 'mfi_upper': 93, 'en_bollinger': True, 'bollinger_n': 155, 'bollinger_k': 3.6, 'en_adx': False, 'adx_n': 87, 'adx_threshold': 38, 'en_structure_trend': False, 'structure_trend_swing_l': 12, 'en_order_block': True, 'order_block_swing_l': 5, 'en_fvg': True, 'fvg_lookback': 24, 'en_ifvg': False, 'en_breaker': False, 'breaker_swing_l': 9, 'en_cisd': True, 'k': 3, 'en_cap_bars': False, 'cap_1min': 993}.
[I 2026-07-13 15:38:58,802] Trial 2012 finished with values: [319.45992992389085, -3762.9979250165516, 28.1] and parameters: {'sl_soft': 0.020223052950007456, 'sl_hard_delta': 0.006655247180609973, 'tp': 0.0739135300227091, 'gate_pct': 99.08068803261627, 'dd_limit': 9.628020027635628, 'cooldown': 7, 'flip': True, 'en_ema_trend': True, 'ema_trend_fast': 62, 'ema_trend_slow': 133, 'en_sma_trend': True, 'sma_trend_fast': 389, 'sma_trend_slow': 359, 'en_macd': False, 'macd_fast': 38, 'macd_slow': 88, 'macd_signal': 45, 'en_vwap': True, 'en_keltner': False, 'keltner_n': 60, 'keltner_m': 0.8, 'en_obv': False, 'obv_slope': 49, 'en_cci': True, 'cci_n': 83, 'cci_threshold': 50, 'en_rsi': False, 'rsi_n': 100, 'rsi_lower': 32, 'rsi_upper': 74, 'en_stochastic': False, 'stochastic_n': 71, 'stochastic_d': 6, 'stochastic_lower': 39, 'stochastic_upper': 94, 'en_mfi': False, 'mfi_n': 28, 'mfi_lower': 41, 'mfi_upper': 87, 'en_bollinger': False, 'bollinger_n': 72, 'bollinger_k': 0.5, 'en_adx': False, 'adx_n': 27, 'adx_threshold': 42, 'en_structure_trend': True, 'structure_trend_swing_l': 1, 'en_order_block': True, 'order_block_swing_l': 12, 'en_fvg': False, 'fvg_lookback': 4, 'en_ifvg': False, 'en_breaker': True, 'breaker_swing_l': 13, 'en_cisd': True, 'k': 1, 'en_cap_bars': False, 'cap_1min': 495}.
[I 2026-07-13 15:39:00,306] Trial 2013 finished with values: [-96.15408508468096, -1293.570570061675, 47.75] and parameters: {'sl_soft': 0.018243430180995453, 'sl_hard_delta': 0.019434445536367004, 'tp': 0.03935488105376217, 'gate_pct': 98.93711402329589, 'dd_limit': 0.7899894121384478, 'cooldown': 12, 'flip': True, 'en_ema_trend': True, 'ema_trend_fast': 62, 'ema_trend_slow': 176, 'en_sma_trend': False, 'sma_trend_fast': 372, 'sma_trend_slow': 85, 'en_macd': True, 'macd_fast': 60, 'macd_slow': 60, 'macd_signal': 40, 'en_vwap': True, 'en_keltner': False, 'keltner_n': 178, 'keltner_m': 4.0, 'en_obv': True, 'obv_slope': 110, 'en_cci': False, 'cci_n': 98, 'cci_threshold': 25, 'en_rsi': False, 'rsi_n': 34, 'rsi_lower': 12, 'rsi_upper': 96, 'en_stochastic': False, 'stochastic_n': 97, 'stochastic_d': 27, 'stochastic_lower': 31, 'stochastic_upper': 91, 'en_mfi': False, 'mfi_n': 27, 'mfi_lower': 8, 'mfi_upper': 76, 'en_bollinger': False, 'bollinger_n': 40, 'bollinger_k': 3.1, 'en_adx': False, 'adx_n': 24, 'adx_threshold': 50, 'en_structure_trend': True, 'structure_trend_swing_l': 2, 'en_order_block': True, 'order_block_swing_l': 19, 'en_fvg': False, 'fvg_lookback': 48, 'en_ifvg': True, 'en_breaker': True, 'breaker_swing_l': 8, 'en_cisd': True, 'k': 3, 'en_cap_bars': False, 'cap_1min': 249}.
[I 2026-07-13 15:39:00,691] Trial 2014 finished with values: [-488.8356944794836, -1341.6850281956981, 39.55] and parameters: {'sl_soft': 0.0254823295583039, 'sl_hard_delta': 0.011714767199095397, 'tp': 0.03560563108992888, 'gate_pct': 99.43810192295578, 'dd_limit': 5.937758572987326, 'cooldown': 9, 'flip': False, 'en_ema_trend': False, 'ema_trend_fast': 213, 'ema_trend_slow': 100, 'en_sma_trend': True, 'sma_trend_fast': 81, 'sma_trend_slow': 336, 'en_macd': False, 'macd_fast': 55, 'macd_slow': 125, 'macd_signal': 6, 'en_vwap': True, 'en_keltner': True, 'keltner_n': 33, 'keltner_m': 2.3, 'en_obv': True, 'obv_slope': 26, 'en_cci': False, 'cci_n': 172, 'cci_threshold': 130, 'en_rsi': False, 'rsi_n': 14, 'rsi_lower': 49, 'rsi_upper': 52, 'en_stochastic': True, 'stochastic_n': 89, 'stochastic_d': 25, 'stochastic_lower': 26, 'stochastic_upper': 66, 'en_mfi': False, 'mfi_n': 14, 'mfi_lower': 19, 'mfi_upper': 78, 'en_bollinger': True, 'bollinger_n': 2, 'bollinger_k': 3.8000000000000003, 'en_adx': True, 'adx_n': 5, 'adx_threshold': 13, 'en_structure_trend': False, 'structure_trend_swing_l': 18, 'en_order_block': False, 'order_block_swing_l': 5, 'en_fvg': True, 'fvg_lookback': 22, 'en_ifvg': True, 'en_breaker': False, 'breaker_swing_l': 7, 'en_cisd': False, 'k': 4, 'en_cap_bars': True, 'cap_1min': 1253}.
[I 2026-07-13 15:39:04,491] Trial 2015 finished with values: [1024.6985358645763, -1809.1128867426676, 41.099999999999994] and parameters: {'sl_soft': 0.034454793278025315, 'sl_hard_delta': 0.006655247180609973, 'tp': 0.06466351711838181, 'gate_pct': 99.08068803261627, 'dd_limit': 4.866210487643857, 'cooldown': 3, 'flip': True, 'en_ema_trend': True, 'ema_trend_fast': 101, 'ema_trend_slow': 19, 'en_sma_trend': True, 'sma_trend_fast': 389, 'sma_trend_slow': 359, 'en_macd': True, 'macd_fast': 10, 'macd_slow': 60, 'macd_signal': 40, 'en_vwap': False, 'en_keltner': True, 'keltner_n': 178, 'keltner_m': 1.3, 'en_obv': False, 'obv_slope': 197, 'en_cci': False, 'cci_n': 83, 'cci_threshold': 35, 'en_rsi': False, 'rsi_n': 100, 'rsi_lower': 2, 'rsi_upper': 96, 'en_stochastic': False, 'stochastic_n': 46, 'stochastic_d': 38, 'stochastic_lower': 31, 'stochastic_upper': 78, 'en_mfi': False, 'mfi_n': 76, 'mfi_lower': 41, 'mfi_upper': 87, 'en_bollinger': False, 'bollinger_n': 70, 'bollinger_k': 4.6000000000000005, 'en_adx': False, 'adx_n': 32, 'adx_threshold': 54, 'en_structure_trend': True, 'structure_trend_swing_l': 10, 'en_order_block': True, 'order_block_swing_l': 12, 'en_fvg': True, 'fvg_lookback': 48, 'en_ifvg': True, 'en_breaker': False, 'breaker_swing_l': 14, 'en_cisd': False, 'k': 1, 'en_cap_bars': False, 'cap_1min': 1237}.
[I 2026-07-13 15:39:06,429] Trial 2016 finished with values: [-170.73962027655654, -2229.1155774573213, 53.25] and parameters: {'sl_soft': 0.018243430180995453, 'sl_hard_delta': 0.028428697055377993, 'tp': 0.028560602836268517, 'gate_pct': 99.08068803261627, 'dd_limit': 0.7899894121384478, 'cooldown': 16, 'flip': True, 'en_ema_trend': True, 'ema_trend_fast': 62, 'ema_trend_slow': 176, 'en_sma_trend': False, 'sma_trend_fast': 262, 'sma_trend_slow': 85, 'en_macd': True, 'macd_fast': 10, 'macd_slow': 60, 'macd_signal': 49, 'en_vwap': True, 'en_keltner': True, 'keltner_n': 172, 'keltner_m': 1.3, 'en_obv': True, 'obv_slope': 22, 'en_cci': True, 'cci_n': 98, 'cci_threshold': 135, 'en_rsi': False, 'rsi_n': 75, 'rsi_lower': 16, 'rsi_upper': 53, 'en_stochastic': False, 'stochastic_n': 39, 'stochastic_d': 20, 'stochastic_lower': 31, 'stochastic_upper': 78, 'en_mfi': False, 'mfi_n': 68, 'mfi_lower': 2, 'mfi_upper': 93, 'en_bollinger': False, 'bollinger_n': 122, 'bollinger_k': 1.7000000000000002, 'en_adx': False, 'adx_n': 64, 'adx_threshold': 18, 'en_structure_trend': True, 'structure_trend_swing_l': 2, 'en_order_block': True, 'order_block_swing_l': 19, 'en_fvg': True, 'fvg_lookback': 48, 'en_ifvg': True, 'en_breaker': True, 'breaker_swing_l': 15, 'en_cisd': False, 'k': 5, 'en_cap_bars': True, 'cap_1min': 656}.
