[I 2026-07-13 15:45:19,782] Trial 2288 finished with values: [453.27816489038514, -4400.465419166368, 40.0] and parameters: {'sl_soft': 0.010118579279263403, 'sl_hard_delta': 0.04000671936357235, 'tp': 0.06466351711838181, 'gate_pct': 97.00844078669539, 'dd_limit': 9.628020027635628, 'cooldown': 2, 'flip': True, 'en_ema_trend': True, 'ema_trend_fast': 23, 'ema_trend_slow': 397, 'en_sma_trend': True, 'sma_trend_fast': 382, 'sma_trend_slow': 359, 'en_macd': False, 'macd_fast': 38, 'macd_slow': 88, 'macd_signal': 25, 'en_vwap': True, 'en_keltner': False, 'keltner_n': 135, 'keltner_m': 2.6, 'en_obv': True, 'obv_slope': 57, 'en_cci': True, 'cci_n': 20, 'cci_threshold': 135, 'en_rsi': True, 'rsi_n': 95, 'rsi_lower': 31, 'rsi_upper': 74, 'en_stochastic': False, 'stochastic_n': 46, 'stochastic_d': 6, 'stochastic_lower': 4, 'stochastic_upper': 78, 'en_mfi': False, 'mfi_n': 68, 'mfi_lower': 18, 'mfi_upper': 93, 'en_bollinger': True, 'bollinger_n': 72, 'bollinger_k': 4.6000000000000005, 'en_adx': False, 'adx_n': 27, 'adx_threshold': 54, 'en_structure_trend': True, 'structure_trend_swing_l': 10, 'en_order_block': True, 'order_block_swing_l': 18, 'en_fvg': False, 'fvg_lookback': 50, 'en_ifvg': True, 'en_breaker': True, 'breaker_swing_l': 5, 'en_cisd': False, 'k': 1, 'en_cap_bars': False, 'cap_1min': 1435}.
[I 2026-07-13 15:45:20,268] Trial 2289 finished with values: [360.906938172949, -1478.306507184044, 30.1] and parameters: {'sl_soft': 0.020223052950007456, 'sl_hard_delta': 0.006655247180609973, 'tp': 0.0739135300227091, 'gate_pct': 97.00844078669539, 'dd_limit': 9.628020027635628, 'cooldown': 3, 'flip': True, 'en_ema_trend': True, 'ema_trend_fast': 23, 'ema_trend_slow': 292, 'en_sma_trend': True, 'sma_trend_fast': 382, 'sma_trend_slow': 359, 'en_macd': False, 'macd_fast': 38, 'macd_slow': 88, 'macd_signal': 45, 'en_vwap': True, 'en_keltner': False, 'keltner_n': 178, 'keltner_m': 4.8, 'en_obv': True, 'obv_slope': 162, 'en_cci': True, 'cci_n': 67, 'cci_threshold': 135, 'en_rsi': True, 'rsi_n': 100, 'rsi_lower': 32, 'rsi_upper': 74, 'en_stochastic': False, 'stochastic_n': 71, 'stochastic_d': 6, 'stochastic_lower': 39, 'stochastic_upper': 83, 'en_mfi': True, 'mfi_n': 28, 'mfi_lower': 43, 'mfi_upper': 87, 'en_bollinger': True, 'bollinger_n': 72, 'bollinger_k': 4.6000000000000005, 'en_adx': False, 'adx_n': 27, 'adx_threshold': 54, 'en_structure_trend': True, 'structure_trend_swing_l': 1, 'en_order_block': True, 'order_block_swing_l': 18, 'en_fvg': False, 'fvg_lookback': 50, 'en_ifvg': True, 'en_breaker': True, 'breaker_swing_l': 13, 'en_cisd': True, 'k': 2, 'en_cap_bars': False, 'cap_1min': 495}.
[I 2026-07-13 15:45:20,800] Trial 2290 finished with values: [229.0380295398718, -5108.642836913761, 48.15] and parameters: {'sl_soft': 0.034454793278025315, 'sl_hard_delta': 0.006655247180609973, 'tp': 0.04927094955011397, 'gate_pct': 97.00844078669539, 'dd_limit': 9.066216783758431, 'cooldown': 2, 'flip': True, 'en_ema_trend': True, 'ema_trend_fast': 23, 'ema_trend_slow': 19, 'en_sma_trend': True, 'sma_trend_fast': 382, 'sma_trend_slow': 359, 'en_macd': True, 'macd_fast': 10, 'macd_slow': 196, 'macd_signal': 25, 'en_vwap': True, 'en_keltner': False, 'keltner_n': 178, 'keltner_m': 1.3, 'en_obv': False, 'obv_slope': 22, 'en_cci': True, 'cci_n': 166, 'cci_threshold': 35, 'en_rsi': False, 'rsi_n': 95, 'rsi_lower': 2, 'rsi_upper': 88, 'en_stochastic': False, 'stochastic_n': 49, 'stochastic_d': 6, 'stochastic_lower': 17, 'stochastic_upper': 83, 'en_mfi': False, 'mfi_n': 68, 'mfi_lower': 43, 'mfi_upper': 87, 'en_bollinger': True, 'bollinger_n': 122, 'bollinger_k': 4.6000000000000005, 'en_adx': False, 'adx_n': 27, 'adx_threshold': 38, 'en_structure_trend': True, 'structure_trend_swing_l': 10, 'en_order_block': True, 'order_block_swing_l': 18, 'en_fvg': True, 'fvg_lookback': 45, 'en_ifvg': True, 'en_breaker': True, 'breaker_swing_l': 14, 'en_cisd': False, 'k': 1, 'en_cap_bars': True, 'cap_1min': 1237}.
[I 2026-07-13 15:45:21,537] Trial 2291 finished with values: [1917.5786769908498, -11341.044855171871, 46.45] and parameters: {'sl_soft': 0.020223052950007456, 'sl_hard_delta': 0.04000671936357235, 'tp': 0.06466351711838181, 'gate_pct': 97.00844078669539, 'dd_limit': 4.866210487643857, 'cooldown': 5, 'flip': True, 'en_ema_trend': True, 'ema_trend_fast': 23, 'ema_trend_slow': 19, 'en_sma_trend': True, 'sma_trend_fast': 262, 'sma_trend_slow': 119, 'en_macd': True, 'macd_fast': 10, 'macd_slow': 60, 'macd_signal': 25, 'en_vwap': False, 'en_keltner': False, 'keltner_n': 178, 'keltner_m': 1.3, 'en_obv': False, 'obv_slope': 197, 'en_cci': True, 'cci_n': 83, 'cci_threshold': 35, 'en_rsi': False, 'rsi_n': 46, 'rsi_lower': 2, 'rsi_upper': 87, 'en_stochastic': False, 'stochastic_n': 19, 'stochastic_d': 45, 'stochastic_lower': 31, 'stochastic_upper': 83, 'en_mfi': False, 'mfi_n': 93, 'mfi_lower': 18, 'mfi_upper': 87, 'en_bollinger': False, 'bollinger_n': 160, 'bollinger_k': 5.0, 'en_adx': False, 'adx_n': 27, 'adx_threshold': 54, 'en_structure_trend': False, 'structure_trend_swing_l': 1, 'en_order_block': True, 'order_block_swing_l': 18, 'en_fvg': False, 'fvg_lookback': 44, 'en_ifvg': False, 'en_breaker': True, 'breaker_swing_l': 14, 'en_cisd': False, 'k': 1, 'en_cap_bars': False, 'cap_1min': 1237}.
[I 2026-07-13 15:45:22,434] Trial 2292 pruned. 
[I 2026-07-13 15:45:23,032] Trial 2293 finished with values: [636.2688864491694, -4205.925870426485, 33.85] and parameters: {'sl_soft': 0.010118579279263403, 'sl_hard_delta': 0.02515171303306487, 'tp': 0.06466351711838181, 'gate_pct': 90.97354990533721, 'dd_limit': 4.866210487643857, 'cooldown': 2, 'flip': True, 'en_ema_trend': True, 'ema_trend_fast': 101, 'ema_trend_slow': 19, 'en_sma_trend': False, 'sma_trend_fast': 262, 'sma_trend_slow': 192, 'en_macd': True, 'macd_fast': 53, 'macd_slow': 196, 'macd_signal': 25, 'en_vwap': False, 'en_keltner': True, 'keltner_n': 189, 'keltner_m': 1.3, 'en_obv': False, 'obv_slope': 197, 'en_cci': False, 'cci_n': 88, 'cci_threshold': 35, 'en_rsi': False, 'rsi_n': 46, 'rsi_lower': 1, 'rsi_upper': 67, 'en_stochastic': False, 'stochastic_n': 19, 'stochastic_d': 29, 'stochastic_lower': 4, 'stochastic_upper': 78, 'en_mfi': False, 'mfi_n': 68, 'mfi_lower': 18, 'mfi_upper': 93, 'en_bollinger': True, 'bollinger_n': 134, 'bollinger_k': 5.0, 'en_adx': False, 'adx_n': 32, 'adx_threshold': 14, 'en_structure_trend': False, 'structure_trend_swing_l': 10, 'en_order_block': True, 'order_block_swing_l': 15, 'en_fvg': True, 'fvg_lookback': 45, 'en_ifvg': True, 'en_breaker': True, 'breaker_swing_l': 6, 'en_cisd': False, 'k': 1, 'en_cap_bars': True, 'cap_1min': 1237}.
[I 2026-07-13 15:45:23,536] Trial 2294 finished with values: [-18.57932737921783, -5789.783766193256, 58.5] and parameters: {'sl_soft': 0.020223052950007456, 'sl_hard_delta': 0.02515171303306487, 'tp': 0.028560602836268517, 'gate_pct': 97.00844078669539, 'dd_limit': 4.866210487643857, 'cooldown': 2, 'flip': True, 'en_ema_trend': True, 'ema_trend_fast': 101, 'ema_trend_slow': 292, 'en_sma_trend': False, 'sma_trend_fast': 353, 'sma_trend_slow': 192, 'en_macd': False, 'macd_fast': 10, 'macd_slow': 196, 'macd_signal': 61, 'en_vwap': False, 'en_keltner': True, 'keltner_n': 172, 'keltner_m': 1.3, 'en_obv': True, 'obv_slope': 162, 'en_cci': True, 'cci_n': 67, 'cci_threshold': 95, 'en_rsi': True, 'rsi_n': 100, 'rsi_lower': 16, 'rsi_upper': 89, 'en_stochastic': False, 'stochastic_n': 71, 'stochastic_d': 6, 'stochastic_lower': 39, 'stochastic_upper': 83, 'en_mfi': False, 'mfi_n': 68, 'mfi_lower': 43, 'mfi_upper': 87, 'en_bollinger': True, 'bollinger_n': 134, 'bollinger_k': 4.6000000000000005, 'en_adx': False, 'adx_n': 32, 'adx_threshold': 54, 'en_structure_trend': True, 'structure_trend_swing_l': 13, 'en_order_block': True, 'order_block_swing_l': 4, 'en_fvg': True, 'fvg_lookback': 45, 'en_ifvg': True, 'en_breaker': True, 'breaker_swing_l': 13, 'en_cisd': False, 'k': 2, 'en_cap_bars': True, 'cap_1min': 1237}.
[I 2026-07-13 15:45:24,351] Trial 2295 finished with values: [1080.7922775102516, -6565.733931390347, 30.25] and parameters: {'sl_soft': 0.020223052950007456, 'sl_hard_delta': 0.006655247180609973, 'tp': 0.06466351711838181, 'gate_pct': 97.00844078669539, 'dd_limit': 4.866210487643857, 'cooldown': 2, 'flip': True, 'en_ema_trend': True, 'ema_trend_fast': 24, 'ema_trend_slow': 19, 'en_sma_trend': True, 'sma_trend_fast': 382, 'sma_trend_slow': 359, 'en_macd': True, 'macd_fast': 10, 'macd_slow': 60, 'macd_signal': 25, 'en_vwap': False, 'en_keltner': False, 'keltner_n': 178, 'keltner_m': 1.3, 'en_obv': True, 'obv_slope': 22, 'en_cci': False, 'cci_n': 83, 'cci_threshold': 35, 'en_rsi': False, 'rsi_n': 95, 'rsi_lower': 31, 'rsi_upper': 96, 'en_stochastic': False, 'stochastic_n': 19, 'stochastic_d': 6, 'stochastic_lower': 31, 'stochastic_upper': 78, 'en_mfi': False, 'mfi_n': 76, 'mfi_lower': 8, 'mfi_upper': 93, 'en_bollinger': False, 'bollinger_n': 70, 'bollinger_k': 4.6000000000000005, 'en_adx': False, 'adx_n': 32, 'adx_threshold': 48, 'en_structure_trend': False, 'structure_trend_swing_l': 13, 'en_order_block': True, 'order_block_swing_l': 18, 'en_fvg': False, 'fvg_lookback': 44, 'en_ifvg': True, 'en_breaker': True, 'breaker_swing_l': 13, 'en_cisd': False, 'k': 1, 'en_cap_bars': False, 'cap_1min': 797}.
[I 2026-07-13 15:45:27,272] Trial 2296 finished with values: [335.40760169929126, -4447.313103839291, 64.19999999999999] and parameters: {'sl_soft': 0.020223052950007456, 'sl_hard_delta': 0.028428697055377993, 'tp': 0.028560602836268517, 'gate_pct': 97.00844078669539, 'dd_limit': 4.667357421566379, 'cooldown': 2, 'flip': True, 'en_ema_trend': True, 'ema_trend_fast': 101, 'ema_trend_slow': 19, 'en_sma_trend': False, 'sma_trend_fast': 262, 'sma_trend_slow': 14, 'en_macd': True, 'macd_fast': 23, 'macd_slow': 86, 'macd_signal': 25, 'en_vwap': False, 'en_keltner': False, 'keltner_n': 178, 'keltner_m': 2.0, 'en_obv': True, 'obv_slope': 22, 'en_cci': True, 'cci_n': 83, 'cci_threshold': 95, 'en_rsi': True, 'rsi_n': 50, 'rsi_lower': 31, 'rsi_upper': 53, 'en_stochastic': False, 'stochastic_n': 71, 'stochastic_d': 6, 'stochastic_lower': 27, 'stochastic_upper': 78, 'en_mfi': False, 'mfi_n': 76, 'mfi_lower': 18, 'mfi_upper': 54, 'en_bollinger': False, 'bollinger_n': 182, 'bollinger_k': 4.6000000000000005, 'en_adx': False, 'adx_n': 38, 'adx_threshold': 24, 'en_structure_trend': True, 'structure_trend_swing_l': 1, 'en_order_block': True, 'order_block_swing_l': 18, 'en_fvg': False, 'fvg_lookback': 45, 'en_ifvg': True, 'en_breaker': True, 'breaker_swing_l': 14, 'en_cisd': False, 'k': 1, 'en_cap_bars': True, 'cap_1min': 1432}.
[I 2026-07-13 15:45:27,665] Trial 2297 finished with values: [595.5853105636243, -3740.889806091943, 38.95] and parameters: {'sl_soft': 0.020223052950007456, 'sl_hard_delta': 0.006655247180609973, 'tp': 0.04927094955011397, 'gate_pct': 96.82972780322679, 'dd_limit': 9.628020027635628, 'cooldown': 2, 'flip': True, 'en_ema_trend': True, 'ema_trend_fast': 24, 'ema_trend_slow': 397, 'en_sma_trend': False, 'sma_trend_fast': 262, 'sma_trend_slow': 192, 'en_macd': True, 'macd_fast': 10, 'macd_slow': 196, 'macd_signal': 52, 'en_vwap': True, 'en_keltner': False, 'keltner_n': 178, 'keltner_m': 1.3, 'en_obv': True, 'obv_slope': 22, 'en_cci': True, 'cci_n': 166, 'cci_threshold': 95, 'en_rsi': False, 'rsi_n': 72, 'rsi_lower': 31, 'rsi_upper': 96, 'en_stochastic': False, 'stochastic_n': 71, 'stochastic_d': 6, 'stochastic_lower': 4, 'stochastic_upper': 78, 'en_mfi': False, 'mfi_n': 68, 'mfi_lower': 8, 'mfi_upper': 93, 'en_bollinger': False, 'bollinger_n': 70, 'bollinger_k': 4.6000000000000005, 'en_adx': False, 'adx_n': 86, 'adx_threshold': 38, 'en_structure_trend': True, 'structure_trend_swing_l': 10, 'en_order_block': True, 'order_block_swing_l': 18, 'en_fvg': False, 'fvg_lookback': 45, 'en_ifvg': True, 'en_breaker': True, 'breaker_swing_l': 14, 'en_cisd': False, 'k': 1, 'en_cap_bars': False, 'cap_1min': 797}.
[I 2026-07-13 15:45:28,111] Trial 2298 finished with values: [1781.6439580757583, -1610.9076271266078, 31.450000000000003] and parameters: {'sl_soft': 0.010118579279263403, 'sl_hard_delta': 0.006655247180609973, 'tp': 0.04927094955011397, 'gate_pct': 96.82972780322679, 'dd_limit': 9.628020027635628, 'cooldown': 3, 'flip': True, 'en_ema_trend': True, 'ema_trend_fast': 24, 'ema_trend_slow': 19, 'en_sma_trend': True, 'sma_trend_fast': 382, 'sma_trend_slow': 192, 'en_macd': False, 'macd_fast': 48, 'macd_slow': 60, 'macd_signal': 40, 'en_vwap': False, 'en_keltner': False, 'keltner_n': 30, 'keltner_m': 1.8, 'en_obv': False, 'obv_slope': 22, 'en_cci': True, 'cci_n': 83, 'cci_threshold': 135, 'en_rsi': False, 'rsi_n': 72, 'rsi_lower': 2, 'rsi_upper': 96, 'en_stochastic': False, 'stochastic_n': 71, 'stochastic_d': 38, 'stochastic_lower': 4, 'stochastic_upper': 83, 'en_mfi': False, 'mfi_n': 28, 'mfi_lower': 18, 'mfi_upper': 87, 'en_bollinger': False, 'bollinger_n': 72, 'bollinger_k': 4.6000000000000005, 'en_adx': False, 'adx_n': 27, 'adx_threshold': 54, 'en_structure_trend': True, 'structure_trend_swing_l': 1, 'en_order_block': True, 'order_block_swing_l': 18, 'en_fvg': True, 'fvg_lookback': 40, 'en_ifvg': True, 'en_breaker': True, 'breaker_swing_l': 13, 'en_cisd': False, 'k': 1, 'en_cap_bars': False, 'cap_1min': 495}.
[I 2026-07-13 15:45:28,688] Trial 2299 finished with values: [3533.686355274188, -1752.3826459875386, 26.8] and parameters: {'sl_soft': 0.010118579279263403, 'sl_hard_delta': 0.006655247180609973, 'tp': 0.06597500573834292, 'gate_pct': 97.00844078669539, 'dd_limit': 9.50807718589736, 'cooldown': 2, 'flip': True, 'en_ema_trend': True, 'ema_trend_fast': 24, 'ema_trend_slow': 397, 'en_sma_trend': True, 'sma_trend_fast': 262, 'sma_trend_slow': 359, 'en_macd': True, 'macd_fast': 10, 'macd_slow': 60, 'macd_signal': 25, 'en_vwap': False, 'en_keltner': True, 'keltner_n': 178, 'keltner_m': 2.1, 'en_obv': True, 'obv_slope': 22, 'en_cci': True, 'cci_n': 88, 'cci_threshold': 35, 'en_rsi': True, 'rsi_n': 46, 'rsi_lower': 31, 'rsi_upper': 89, 'en_stochastic': False, 'stochastic_n': 71, 'stochastic_d': 6, 'stochastic_lower': 4, 'stochastic_upper': 78, 'en_mfi': False, 'mfi_n': 76, 'mfi_lower': 11, 'mfi_upper': 93, 'en_bollinger': False, 'bollinger_n': 134, 'bollinger_k': 5.0, 'en_adx': False, 'adx_n': 67, 'adx_threshold': 54, 'en_structure_trend': False, 'structure_trend_swing_l': 12, 'en_order_block': True, 'order_block_swing_l': 18, 'en_fvg': False, 'fvg_lookback': 45, 'en_ifvg': False, 'en_breaker': True, 'breaker_swing_l': 2, 'en_cisd': False, 'k': 1, 'en_cap_bars': True, 'cap_1min': 1237}.
[I 2026-07-13 15:45:29,379] Trial 2300 finished with values: [1269.0251469552825, -5889.952301255549, 35.25] and parameters: {'sl_soft': 0.010118579279263403, 'sl_hard_delta': 0.02515171303306487, 'tp': 0.06466351711838181, 'gate_pct': 96.82972780322679, 'dd_limit': 4.866210487643857, 'cooldown': 2, 'flip': True, 'en_ema_trend': True, 'ema_trend_fast': 101, 'ema_trend_slow': 19, 'en_sma_trend': True, 'sma_trend_fast': 262, 'sma_trend_slow': 192, 'en_macd': True, 'macd_fast': 53, 'macd_slow': 114, 'macd_signal': 61, 'en_vwap': False, 'en_keltner': True, 'keltner_n': 189, 'keltner_m': 1.3, 'en_obv': False, 'obv_slope': 129, 'en_cci': False, 'cci_n': 4, 'cci_threshold': 75, 'en_rsi': False, 'rsi_n': 46, 'rsi_lower': 16, 'rsi_upper': 89, 'en_stochastic': False, 'stochastic_n': 19, 'stochastic_d': 29, 'stochastic_lower': 4, 'stochastic_upper': 78, 'en_mfi': False, 'mfi_n': 68, 'mfi_lower': 11, 'mfi_upper': 93, 'en_bollinger': True, 'bollinger_n': 134, 'bollinger_k': 5.0, 'en_adx': False, 'adx_n': 67, 'adx_threshold': 14, 'en_structure_trend': False, 'structure_trend_swing_l': 13, 'en_order_block': True, 'order_block_swing_l': 4, 'en_fvg': True, 'fvg_lookback': 45, 'en_ifvg': False, 'en_breaker': True, 'breaker_swing_l': 2, 'en_cisd': False, 'k': 1, 'en_cap_bars': True, 'cap_1min': 1237}.
[I 2026-07-13 15:45:31,777] Trial 2301 finished with values: [1635.19362090879, -4642.407801106998, 44.150000000000006] and parameters: {'sl_soft': 0.020223052950007456, 'sl_hard_delta': 0.02515171303306487, 'tp': 0.05957637995357488, 'gate_pct': 97.00844078669539, 'dd_limit': 4.866210487643857, 'cooldown': 3, 'flip': True, 'en_ema_trend': True, 'ema_trend_fast': 351, 'ema_trend_slow': 19, 'en_sma_trend': False, 'sma_trend_fast': 382, 'sma_trend_slow': 192, 'en_macd': False, 'macd_fast': 10, 'macd_slow': 18, 'macd_signal': 52, 'en_vwap': False, 'en_keltner': True, 'keltner_n': 30, 'keltner_m': 1.8, 'en_obv': False, 'obv_slope': 197, 'en_cci': True, 'cci_n': 4, 'cci_threshold': 135, 'en_rsi': False, 'rsi_n': 100, 'rsi_lower': 16, 'rsi_upper': 96, 'en_stochastic': False, 'stochastic_n': 87, 'stochastic_d': 39, 'stochastic_lower': 17, 'stochastic_upper': 78, 'en_mfi': False, 'mfi_n': 68, 'mfi_lower': 41, 'mfi_upper': 87, 'en_bollinger': False, 'bollinger_n': 134, 'bollinger_k': 4.2, 'en_adx': False, 'adx_n': 27, 'adx_threshold': 14, 'en_structure_trend': False, 'structure_trend_swing_l': 1, 'en_order_block': True, 'order_block_swing_l': 12, 'en_fvg': False, 'fvg_lookback': 45, 'en_ifvg': True, 'en_breaker': True, 'breaker_swing_l': 13, 'en_cisd': True, 'k': 2, 'en_cap_bars': False, 'cap_1min': 495}.
[I 2026-07-13 15:45:32,168] Trial 2302 finished with values: [880.8917318756749, -4363.692921106679, 35.75] and parameters: {'sl_soft': 0.010118579279263403, 'sl_hard_delta': 0.02016512048814617, 'tp': 0.05957637995357488, 'gate_pct': 96.82972780322679, 'dd_limit': 4.866210487643857, 'cooldown': 2, 'flip': True, 'en_ema_trend': True, 'ema_trend_fast': 24, 'ema_trend_slow': 397, 'en_sma_trend': False, 'sma_trend_fast': 262, 'sma_trend_slow': 192, 'en_macd': True, 'macd_fast': 53, 'macd_slow': 196, 'macd_signal': 25, 'en_vwap': True, 'en_keltner': True, 'keltner_n': 172, 'keltner_m': 1.3, 'en_obv': True, 'obv_slope': 22, 'en_cci': True, 'cci_n': 83, 'cci_threshold': 95, 'en_rsi': False, 'rsi_n': 100, 'rsi_lower': 19, 'rsi_upper': 88, 'en_stochastic': False, 'stochastic_n': 87, 'stochastic_d': 6, 'stochastic_lower': 4, 'stochastic_upper': 78, 'en_mfi': False, 'mfi_n': 90, 'mfi_lower': 18, 'mfi_upper': 93, 'en_bollinger': True, 'bollinger_n': 134, 'bollinger_k': 4.2, 'en_adx': False, 'adx_n': 32, 'adx_threshold': 38, 'en_structure_trend': False, 'structure_trend_swing_l': 13, 'en_order_block': True, 'order_block_swing_l': 15, 'en_fvg': True, 'fvg_lookback': 45, 'en_ifvg': True, 'en_breaker': True, 'breaker_swing_l': 2, 'en_cisd': True, 'k': 1, 'en_cap_bars': False, 'cap_1min': 797}.
[I 2026-07-13 15:45:32,625] Trial 2303 finished with values: [130.85291650481776, -1753.9824236415313, 31.799999999999997] and parameters: {'sl_soft': 0.020223052950007456, 'sl_hard_delta': 0.006655247180609973, 'tp': 0.05957637995357488, 'gate_pct': 97.00844078669539, 'dd_limit': 9.066216783758431, 'cooldown': 3, 'flip': True, 'en_ema_trend': True, 'ema_trend_fast': 24, 'ema_trend_slow': 397, 'en_sma_trend': False, 'sma_trend_fast': 262, 'sma_trend_slow': 359, 'en_macd': True, 'macd_fast': 10, 'macd_slow': 196, 'macd_signal': 40, 'en_vwap': False, 'en_keltner': False, 'keltner_n': 189, 'keltner_m': 1.3, 'en_obv': True, 'obv_slope': 197, 'en_cci': True, 'cci_n': 83, 'cci_threshold': 95, 'en_rsi': False, 'rsi_n': 46, 'rsi_lower': 2, 'rsi_upper': 96, 'en_stochastic': False, 'stochastic_n': 87, 'stochastic_d': 38, 'stochastic_lower': 31, 'stochastic_upper': 75, 'en_mfi': False, 'mfi_n': 68, 'mfi_lower': 18, 'mfi_upper': 87, 'en_bollinger': True, 'bollinger_n': 134, 'bollinger_k': 4.6000000000000005, 'en_adx': False, 'adx_n': 27, 'adx_threshold': 54, 'en_structure_trend': True, 'structure_trend_swing_l': 13, 'en_order_block': True, 'order_block_swing_l': 12, 'en_fvg': True, 'fvg_lookback': 45, 'en_ifvg': True, 'en_breaker': True, 'breaker_swing_l': 2, 'en_cisd': False, 'k': 1, 'en_cap_bars': False, 'cap_1min': 797}.
[I 2026-07-13 15:45:33,165] Trial 2304 finished with values: [949.2212833039918, -3646.5268786765373, 40.099999999999994] and parameters: {'sl_soft': 0.020223052950007456, 'sl_hard_delta': 0.02515171303306487, 'tp': 0.06466351711838181, 'gate_pct': 90.97354990533721, 'dd_limit': 9.628020027635628, 'cooldown': 2, 'flip': True, 'en_ema_trend': True, 'ema_trend_fast': 101, 'ema_trend_slow': 19, 'en_sma_trend': False, 'sma_trend_fast': 262, 'sma_trend_slow': 359, 'en_macd': False, 'macd_fast': 24, 'macd_slow': 196, 'macd_signal': 25, 'en_vwap': True, 'en_keltner': False, 'keltner_n': 189, 'keltner_m': 1.3, 'en_obv': True, 'obv_slope': 197, 'en_cci': True, 'cci_n': 88, 'cci_threshold': 135, 'en_rsi': True, 'rsi_n': 100, 'rsi_lower': 19, 'rsi_upper': 74, 'en_stochastic': False, 'stochastic_n': 19, 'stochastic_d': 29, 'stochastic_lower': 39, 'stochastic_upper': 78, 'en_mfi': True, 'mfi_n': 28, 'mfi_lower': 18, 'mfi_upper': 87, 'en_bollinger': True, 'bollinger_n': 134, 'bollinger_k': 5.0, 'en_adx': False, 'adx_n': 32, 'adx_threshold': 14, 'en_structure_trend': False, 'structure_trend_swing_l': 13, 'en_order_block': True, 'order_block_swing_l': 15, 'en_fvg': False, 'fvg_lookback': 45, 'en_ifvg': False, 'en_breaker': True, 'breaker_swing_l': 2, 'en_cisd': True, 'k': 2, 'en_cap_bars': False, 'cap_1min': 1237}.
