[I 2026-07-13 15:42:33,412] Trial 2164 finished with values: [323.5899296754319, -2992.6048279810407, 33.1] and parameters: {'sl_soft': 0.020223052950007456, 'sl_hard_delta': 0.006655247180609973, 'tp': 0.05957637995357488, 'gate_pct': 97.00844078669539, 'dd_limit': 9.628020027635628, 'cooldown': 3, 'flip': True, 'en_ema_trend': True, 'ema_trend_fast': 23, 'ema_trend_slow': 19, 'en_sma_trend': True, 'sma_trend_fast': 382, 'sma_trend_slow': 359, 'en_macd': True, 'macd_fast': 48, 'macd_slow': 88, 'macd_signal': 45, 'en_vwap': False, 'en_keltner': False, 'keltner_n': 178, 'keltner_m': 1.3, 'en_obv': True, 'obv_slope': 197, 'en_cci': True, 'cci_n': 83, 'cci_threshold': 135, 'en_rsi': True, 'rsi_n': 100, 'rsi_lower': 32, 'rsi_upper': 74, 'en_stochastic': False, 'stochastic_n': 71, 'stochastic_d': 6, 'stochastic_lower': 39, 'stochastic_upper': 83, 'en_mfi': False, 'mfi_n': 28, 'mfi_lower': 41, 'mfi_upper': 87, 'en_bollinger': True, 'bollinger_n': 70, 'bollinger_k': 4.6000000000000005, 'en_adx': False, 'adx_n': 27, 'adx_threshold': 54, 'en_structure_trend': True, 'structure_trend_swing_l': 20, 'en_order_block': True, 'order_block_swing_l': 12, 'en_fvg': False, 'fvg_lookback': 50, 'en_ifvg': True, 'en_breaker': True, 'breaker_swing_l': 14, 'en_cisd': False, 'k': 2, 'en_cap_bars': False, 'cap_1min': 1237}.
[I 2026-07-13 15:42:34,060] Trial 2165 pruned. 
[I 2026-07-13 15:42:35,893] Trial 2166 finished with values: [1378.0219296715932, -3178.489032262276, 49.099999999999994] and parameters: {'sl_soft': 0.020223052950007456, 'sl_hard_delta': 0.05752078670204755, 'tp': 0.0739135300227091, 'gate_pct': 97.00844078669539, 'dd_limit': 7.364744278329123, 'cooldown': 7, 'flip': True, 'en_ema_trend': True, 'ema_trend_fast': 23, 'ema_trend_slow': 292, 'en_sma_trend': True, 'sma_trend_fast': 382, 'sma_trend_slow': 359, 'en_macd': False, 'macd_fast': 38, 'macd_slow': 88, 'macd_signal': 45, 'en_vwap': True, 'en_keltner': False, 'keltner_n': 33, 'keltner_m': 0.8, 'en_obv': True, 'obv_slope': 162, 'en_cci': True, 'cci_n': 78, 'cci_threshold': 135, 'en_rsi': True, 'rsi_n': 74, 'rsi_lower': 5, 'rsi_upper': 74, 'en_stochastic': False, 'stochastic_n': 27, 'stochastic_d': 6, 'stochastic_lower': 39, 'stochastic_upper': 83, 'en_mfi': True, 'mfi_n': 28, 'mfi_lower': 42, 'mfi_upper': 69, 'en_bollinger': True, 'bollinger_n': 172, 'bollinger_k': 4.6000000000000005, 'en_adx': False, 'adx_n': 27, 'adx_threshold': 54, 'en_structure_trend': True, 'structure_trend_swing_l': 1, 'en_order_block': True, 'order_block_swing_l': 18, 'en_fvg': False, 'fvg_lookback': 50, 'en_ifvg': False, 'en_breaker': False, 'breaker_swing_l': 13, 'en_cisd': False, 'k': 2, 'en_cap_bars': False, 'cap_1min': 495}.
[I 2026-07-13 15:42:38,126] Trial 2167 finished with values: [-2265.4060789568216, -29114.981297867056, 76.1] and parameters: {'sl_soft': 0.0430567193720152, 'sl_hard_delta': 0.031196556357529437, 'tp': 0.014639614258084065, 'gate_pct': 90.97354990533721, 'dd_limit': 4.866210487643857, 'cooldown': 2, 'flip': True, 'en_ema_trend': False, 'ema_trend_fast': 101, 'ema_trend_slow': 19, 'en_sma_trend': False, 'sma_trend_fast': 262, 'sma_trend_slow': 140, 'en_macd': False, 'macd_fast': 10, 'macd_slow': 96, 'macd_signal': 25, 'en_vwap': False, 'en_keltner': True, 'keltner_n': 32, 'keltner_m': 1.3, 'en_obv': False, 'obv_slope': 197, 'en_cci': False, 'cci_n': 88, 'cci_threshold': 35, 'en_rsi': False, 'rsi_n': 46, 'rsi_lower': 24, 'rsi_upper': 67, 'en_stochastic': False, 'stochastic_n': 87, 'stochastic_d': 45, 'stochastic_lower': 31, 'stochastic_upper': 78, 'en_mfi': False, 'mfi_n': 68, 'mfi_lower': 18, 'mfi_upper': 93, 'en_bollinger': True, 'bollinger_n': 70, 'bollinger_k': 3.5, 'en_adx': False, 'adx_n': 32, 'adx_threshold': 14, 'en_structure_trend': False, 'structure_trend_swing_l': 10, 'en_order_block': True, 'order_block_swing_l': 15, 'en_fvg': True, 'fvg_lookback': 24, 'en_ifvg': False, 'en_breaker': True, 'breaker_swing_l': 6, 'en_cisd': True, 'k': 1, 'en_cap_bars': True, 'cap_1min': 993}.
[I 2026-07-13 15:42:38,777] Trial 2168 finished with values: [-749.8550867740228, -903.23374067804, 13.35] and parameters: {'sl_soft': 0.010118579279263403, 'sl_hard_delta': 0.02515171303306487, 'tp': 0.06597500573834292, 'gate_pct': 96.82972780322679, 'dd_limit': 9.50807718589736, 'cooldown': 27, 'flip': False, 'en_ema_trend': True, 'ema_trend_fast': 24, 'ema_trend_slow': 397, 'en_sma_trend': True, 'sma_trend_fast': 353, 'sma_trend_slow': 141, 'en_macd': True, 'macd_fast': 53, 'macd_slow': 114, 'macd_signal': 61, 'en_vwap': False, 'en_keltner': True, 'keltner_n': 135, 'keltner_m': 2.1, 'en_obv': True, 'obv_slope': 129, 'en_cci': True, 'cci_n': 4, 'cci_threshold': 250, 'en_rsi': True, 'rsi_n': 31, 'rsi_lower': 31, 'rsi_upper': 89, 'en_stochastic': False, 'stochastic_n': 78, 'stochastic_d': 36, 'stochastic_lower': 4, 'stochastic_upper': 78, 'en_mfi': True, 'mfi_n': 14, 'mfi_lower': 11, 'mfi_upper': 64, 'en_bollinger': True, 'bollinger_n': 134, 'bollinger_k': 4.2, 'en_adx': False, 'adx_n': 67, 'adx_threshold': 38, 'en_structure_trend': False, 'structure_trend_swing_l': 12, 'en_order_block': False, 'order_block_swing_l': 4, 'en_fvg': True, 'fvg_lookback': 45, 'en_ifvg': False, 'en_breaker': False, 'breaker_swing_l': 2, 'en_cisd': True, 'k': 1, 'en_cap_bars': True, 'cap_1min': 1134}.
[I 2026-07-13 15:42:39,275] Trial 2169 finished with values: [1711.5849515228556, -3168.769878034681, 35.150000000000006] and parameters: {'sl_soft': 0.010118579279263403, 'sl_hard_delta': 0.02515171303306487, 'tp': 0.06597500573834292, 'gate_pct': 96.82972780322679, 'dd_limit': 9.50807718589736, 'cooldown': 2, 'flip': True, 'en_ema_trend': True, 'ema_trend_fast': 24, 'ema_trend_slow': 19, 'en_sma_trend': True, 'sma_trend_fast': 262, 'sma_trend_slow': 192, 'en_macd': True, 'macd_fast': 53, 'macd_slow': 114, 'macd_signal': 61, 'en_vwap': False, 'en_keltner': True, 'keltner_n': 135, 'keltner_m': 2.1, 'en_obv': False, 'obv_slope': 129, 'en_cci': True, 'cci_n': 88, 'cci_threshold': 75, 'en_rsi': True, 'rsi_n': 46, 'rsi_lower': 31, 'rsi_upper': 89, 'en_stochastic': False, 'stochastic_n': 78, 'stochastic_d': 29, 'stochastic_lower': 4, 'stochastic_upper': 78, 'en_mfi': False, 'mfi_n': 14, 'mfi_lower': 11, 'mfi_upper': 93, 'en_bollinger': True, 'bollinger_n': 134, 'bollinger_k': 5.0, 'en_adx': False, 'adx_n': 67, 'adx_threshold': 14, 'en_structure_trend': False, 'structure_trend_swing_l': 12, 'en_order_block': True, 'order_block_swing_l': 4, 'en_fvg': True, 'fvg_lookback': 45, 'en_ifvg': False, 'en_breaker': True, 'breaker_swing_l': 2, 'en_cisd': True, 'k': 1, 'en_cap_bars': True, 'cap_1min': 1237}.
[I 2026-07-13 15:42:41,795] Trial 2170 pruned. 
[I 2026-07-13 15:42:44,562] Trial 2171 finished with values: [592.3371984451719, -1251.388357720415, 56.85] and parameters: {'sl_soft': 0.020223052950007456, 'sl_hard_delta': 0.006655247180609973, 'tp': 0.028560602836268517, 'gate_pct': 99.08068803261627, 'dd_limit': 4.640993551634958, 'cooldown': 6, 'flip': True, 'en_ema_trend': True, 'ema_trend_fast': 62, 'ema_trend_slow': 292, 'en_sma_trend': False, 'sma_trend_fast': 389, 'sma_trend_slow': 14, 'en_macd': False, 'macd_fast': 10, 'macd_slow': 60, 'macd_signal': 40, 'en_vwap': False, 'en_keltner': True, 'keltner_n': 198, 'keltner_m': 1.8, 'en_obv': True, 'obv_slope': 49, 'en_cci': False, 'cci_n': 83, 'cci_threshold': 135, 'en_rsi': True, 'rsi_n': 100, 'rsi_lower': 16, 'rsi_upper': 96, 'en_stochastic': False, 'stochastic_n': 46, 'stochastic_d': 38, 'stochastic_lower': 39, 'stochastic_upper': 83, 'en_mfi': False, 'mfi_n': 76, 'mfi_lower': 18, 'mfi_upper': 87, 'en_bollinger': False, 'bollinger_n': 72, 'bollinger_k': 2.1, 'en_adx': False, 'adx_n': 38, 'adx_threshold': 54, 'en_structure_trend': True, 'structure_trend_swing_l': 10, 'en_order_block': True, 'order_block_swing_l': 2, 'en_fvg': True, 'fvg_lookback': 27, 'en_ifvg': True, 'en_breaker': False, 'breaker_swing_l': 6, 'en_cisd': True, 'k': 2, 'en_cap_bars': True, 'cap_1min': 1237}.
[I 2026-07-13 15:42:47,182] Trial 2172 finished with values: [-39.26518837403134, -4438.143747194659, 40.55] and parameters: {'sl_soft': 0.0430567193720152, 'sl_hard_delta': 0.006655247180609973, 'tp': 0.0739135300227091, 'gate_pct': 97.00844078669539, 'dd_limit': 1.740791785171474, 'cooldown': 3, 'flip': True, 'en_ema_trend': True, 'ema_trend_fast': 23, 'ema_trend_slow': 116, 'en_sma_trend': True, 'sma_trend_fast': 382, 'sma_trend_slow': 140, 'en_macd': False, 'macd_fast': 23, 'macd_slow': 96, 'macd_signal': 75, 'en_vwap': True, 'en_keltner': False, 'keltner_n': 32, 'keltner_m': 4.8, 'en_obv': False, 'obv_slope': 162, 'en_cci': True, 'cci_n': 140, 'cci_threshold': 135, 'en_rsi': True, 'rsi_n': 17, 'rsi_lower': 24, 'rsi_upper': 63, 'en_stochastic': False, 'stochastic_n': 71, 'stochastic_d': 6, 'stochastic_lower': 32, 'stochastic_upper': 83, 'en_mfi': True, 'mfi_n': 49, 'mfi_lower': 16, 'mfi_upper': 93, 'en_bollinger': True, 'bollinger_n': 72, 'bollinger_k': 3.6, 'en_adx': False, 'adx_n': 87, 'adx_threshold': 13, 'en_structure_trend': True, 'structure_trend_swing_l': 16, 'en_order_block': True, 'order_block_swing_l': 5, 'en_fvg': False, 'fvg_lookback': 24, 'en_ifvg': False, 'en_breaker': False, 'breaker_swing_l': 13, 'en_cisd': True, 'k': 2, 'en_cap_bars': False, 'cap_1min': 495}.
[I 2026-07-13 15:42:47,645] Trial 2173 pruned. 
[I 2026-07-13 15:42:48,270] Trial 2174 finished with values: [513.5311813493713, -3864.5762507258746, 33.45] and parameters: {'sl_soft': 0.010118579279263403, 'sl_hard_delta': 0.02515171303306487, 'tp': 0.06597500573834292, 'gate_pct': 90.97354990533721, 'dd_limit': 4.866210487643857, 'cooldown': 2, 'flip': True, 'en_ema_trend': True, 'ema_trend_fast': 24, 'ema_trend_slow': 19, 'en_sma_trend': False, 'sma_trend_fast': 262, 'sma_trend_slow': 192, 'en_macd': True, 'macd_fast': 53, 'macd_slow': 196, 'macd_signal': 25, 'en_vwap': False, 'en_keltner': True, 'keltner_n': 189, 'keltner_m': 2.1, 'en_obv': False, 'obv_slope': 197, 'en_cci': False, 'cci_n': 88, 'cci_threshold': 75, 'en_rsi': True, 'rsi_n': 46, 'rsi_lower': 31, 'rsi_upper': 89, 'en_stochastic': False, 'stochastic_n': 78, 'stochastic_d': 29, 'stochastic_lower': 4, 'stochastic_upper': 78, 'en_mfi': False, 'mfi_n': 14, 'mfi_lower': 18, 'mfi_upper': 93, 'en_bollinger': True, 'bollinger_n': 134, 'bollinger_k': 5.0, 'en_adx': False, 'adx_n': 67, 'adx_threshold': 14, 'en_structure_trend': False, 'structure_trend_swing_l': 12, 'en_order_block': True, 'order_block_swing_l': 15, 'en_fvg': True, 'fvg_lookback': 45, 'en_ifvg': False, 'en_breaker': True, 'breaker_swing_l': 2, 'en_cisd': False, 'k': 1, 'en_cap_bars': True, 'cap_1min': 1237}.
[I 2026-07-13 15:42:49,344] Trial 2175 pruned. 
[I 2026-07-13 15:42:49,911] Trial 2176 finished with values: [554.2072434112556, -8707.728903146797, 40.0] and parameters: {'sl_soft': 0.034454793278025315, 'sl_hard_delta': 0.006655247180609973, 'tp': 0.06594118241022202, 'gate_pct': 99.08068803261627, 'dd_limit': 4.866210487643857, 'cooldown': 2, 'flip': True, 'en_ema_trend': True, 'ema_trend_fast': 148, 'ema_trend_slow': 19, 'en_sma_trend': True, 'sma_trend_fast': 389, 'sma_trend_slow': 359, 'en_macd': True, 'macd_fast': 10, 'macd_slow': 196, 'macd_signal': 40, 'en_vwap': False, 'en_keltner': False, 'keltner_n': 178, 'keltner_m': 1.3, 'en_obv': False, 'obv_slope': 197, 'en_cci': True, 'cci_n': 83, 'cci_threshold': 35, 'en_rsi': True, 'rsi_n': 53, 'rsi_lower': 16, 'rsi_upper': 89, 'en_stochastic': False, 'stochastic_n': 46, 'stochastic_d': 38, 'stochastic_lower': 4, 'stochastic_upper': 78, 'en_mfi': False, 'mfi_n': 35, 'mfi_lower': 41, 'mfi_upper': 87, 'en_bollinger': False, 'bollinger_n': 70, 'bollinger_k': 4.6000000000000005, 'en_adx': False, 'adx_n': 32, 'adx_threshold': 54, 'en_structure_trend': False, 'structure_trend_swing_l': 12, 'en_order_block': True, 'order_block_swing_l': 12, 'en_fvg': True, 'fvg_lookback': 50, 'en_ifvg': True, 'en_breaker': True, 'breaker_swing_l': 14, 'en_cisd': False, 'k': 1, 'en_cap_bars': False, 'cap_1min': 1237}.
[I 2026-07-13 15:42:50,612] Trial 2177 finished with values: [-237.07895254990063, -4380.5314217807745, 65.45] and parameters: {'sl_soft': 0.010118579279263403, 'sl_hard_delta': 0.03311023092854689, 'tp': 0.019150750409977012, 'gate_pct': 96.82972780322679, 'dd_limit': 9.628020027635628, 'cooldown': 11, 'flip': True, 'en_ema_trend': False, 'ema_trend_fast': 23, 'ema_trend_slow': 133, 'en_sma_trend': True, 'sma_trend_fast': 198, 'sma_trend_slow': 57, 'en_macd': True, 'macd_fast': 38, 'macd_slow': 114, 'macd_signal': 61, 'en_vwap': True, 'en_keltner': True, 'keltner_n': 135, 'keltner_m': 2.1, 'en_obv': True, 'obv_slope': 129, 'en_cci': True, 'cci_n': 134, 'cci_threshold': 30, 'en_rsi': False, 'rsi_n': 95, 'rsi_lower': 45, 'rsi_upper': 88, 'en_stochastic': False, 'stochastic_n': 78, 'stochastic_d': 6, 'stochastic_lower': 2, 'stochastic_upper': 94, 'en_mfi': True, 'mfi_n': 73, 'mfi_lower': 11, 'mfi_upper': 69, 'en_bollinger': True, 'bollinger_n': 134, 'bollinger_k': 3.7, 'en_adx': False, 'adx_n': 22, 'adx_threshold': 42, 'en_structure_trend': False, 'structure_trend_swing_l': 1, 'en_order_block': False, 'order_block_swing_l': 18, 'en_fvg': False, 'fvg_lookback': 10, 'en_ifvg': False, 'en_breaker': True, 'breaker_swing_l': 13, 'en_cisd': True, 'k': 5, 'en_cap_bars': True, 'cap_1min': 495}.
[I 2026-07-13 15:42:53,250] Trial 2178 finished with values: [-99.55988754946065, -4946.985886941989, 38.95] and parameters: {'sl_soft': 0.010118579279263403, 'sl_hard_delta': 0.05752078670204755, 'tp': 0.0739135300227091, 'gate_pct': 97.00844078669539, 'dd_limit': 7.364744278329123, 'cooldown': 7, 'flip': True, 'en_ema_trend': True, 'ema_trend_fast': 101, 'ema_trend_slow': 19, 'en_sma_trend': False, 'sma_trend_fast': 262, 'sma_trend_slow': 192, 'en_macd': True, 'macd_fast': 38, 'macd_slow': 88, 'macd_signal': 45, 'en_vwap': False, 'en_keltner': True, 'keltner_n': 60, 'keltner_m': 1.3, 'en_obv': False, 'obv_slope': 197, 'en_cci': True, 'cci_n': 78, 'cci_threshold': 50, 'en_rsi': False, 'rsi_n': 46, 'rsi_lower': 19, 'rsi_upper': 89, 'en_stochastic': False, 'stochastic_n': 19, 'stochastic_d': 6, 'stochastic_lower': 27, 'stochastic_upper': 94, 'en_mfi': False, 'mfi_n': 68, 'mfi_lower': 42, 'mfi_upper': 93, 'en_bollinger': True, 'bollinger_n': 172, 'bollinger_k': 5.0, 'en_adx': False, 'adx_n': 32, 'adx_threshold': 42, 'en_structure_trend': False, 'structure_trend_swing_l': 1, 'en_order_block': True, 'order_block_swing_l': 15, 'en_fvg': False, 'fvg_lookback': 45, 'en_ifvg': False, 'en_breaker': True, 'breaker_swing_l': 2, 'en_cisd': True, 'k': 1, 'en_cap_bars': False, 'cap_1min': 1237}.
[I 2026-07-13 15:42:53,768] Trial 2179 finished with values: [-399.30904960705504, -3515.7062201321355, 53.55] and parameters: {'sl_soft': 0.020223052950007456, 'sl_hard_delta': 0.006655247180609973, 'tp': 0.01859953805992106, 'gate_pct': 99.08068803261627, 'dd_limit': 4.640993551634958, 'cooldown': 3, 'flip': True, 'en_ema_trend': True, 'ema_trend_fast': 62, 'ema_trend_slow': 292, 'en_sma_trend': True, 'sma_trend_fast': 389, 'sma_trend_slow': 359, 'en_macd': False, 'macd_fast': 48, 'macd_slow': 60, 'macd_signal': 45, 'en_vwap': True, 'en_keltner': False, 'keltner_n': 121, 'keltner_m': 1.8, 'en_obv': True, 'obv_slope': 49, 'en_cci': True, 'cci_n': 83, 'cci_threshold': 135, 'en_rsi': True, 'rsi_n': 100, 'rsi_lower': 32, 'rsi_upper': 74, 'en_stochastic': False, 'stochastic_n': 46, 'stochastic_d': 38, 'stochastic_lower': 39, 'stochastic_upper': 83, 'en_mfi': True, 'mfi_n': 76, 'mfi_lower': 41, 'mfi_upper': 87, 'en_bollinger': False, 'bollinger_n': 72, 'bollinger_k': 4.6000000000000005, 'en_adx': False, 'adx_n': 27, 'adx_threshold': 50, 'en_structure_trend': True, 'structure_trend_swing_l': 20, 'en_order_block': True, 'order_block_swing_l': 12, 'en_fvg': False, 'fvg_lookback': 50, 'en_ifvg': True, 'en_breaker': False, 'breaker_swing_l': 14, 'en_cisd': True, 'k': 2, 'en_cap_bars': False, 'cap_1min': 495}.
[I 2026-07-13 15:42:55,917] Trial 2180 finished with values: [-467.4411445402526, -2013.7955126447341, 33.7] and parameters: {'sl_soft': 0.010118579279263403, 'sl_hard_delta': 0.04146915336807996, 'tp': 0.06466351711838181, 'gate_pct': 90.97354990533721, 'dd_limit': 9.029015189980312, 'cooldown': 27, 'flip': False, 'en_ema_trend': False, 'ema_trend_fast': 24, 'ema_trend_slow': 19, 'en_sma_trend': False, 'sma_trend_fast': 353, 'sma_trend_slow': 57, 'en_macd': False, 'macd_fast': 53, 'macd_slow': 114, 'macd_signal': 61, 'en_vwap': False, 'en_keltner': True, 'keltner_n': 127, 'keltner_m': 2.1, 'en_obv': True, 'obv_slope': 129, 'en_cci': False, 'cci_n': 134, 'cci_threshold': 75, 'en_rsi': False, 'rsi_n': 95, 'rsi_lower': 31, 'rsi_upper': 89, 'en_stochastic': False, 'stochastic_n': 78, 'stochastic_d': 14, 'stochastic_lower': 4, 'stochastic_upper': 78, 'en_mfi': False, 'mfi_n': 14, 'mfi_lower': 11, 'mfi_upper': 93, 'en_bollinger': True, 'bollinger_n': 134, 'bollinger_k': 5.0, 'en_adx': False, 'adx_n': 22, 'adx_threshold': 14, 'en_structure_trend': False, 'structure_trend_swing_l': 9, 'en_order_block': False, 'order_block_swing_l': 15, 'en_fvg': True, 'fvg_lookback': 45, 'en_ifvg': False, 'en_breaker': False, 'breaker_swing_l': 2, 'en_cisd': True, 'k': 1, 'en_cap_bars': False, 'cap_1min': 797}.
[I 2026-07-13 15:42:57,325] Trial 2181 finished with values: [211.50539912357047, -1680.4000478533253, 59.5] and parameters: {'sl_soft': 0.034454793278025315, 'sl_hard_delta': 0.019434445536367004, 'tp': 0.03935488105376217, 'gate_pct': 98.93711402329589, 'dd_limit': 4.866210487643857, 'cooldown': 12, 'flip': True, 'en_ema_trend': True, 'ema_trend_fast': 62, 'ema_trend_slow': 176, 'en_sma_trend': True, 'sma_trend_fast': 372, 'sma_trend_slow': 359, 'en_macd': True, 'macd_fast': 10, 'macd_slow': 60, 'macd_signal': 40, 'en_vwap': False, 'en_keltner': True, 'keltner_n': 178, 'keltner_m': 4.0, 'en_obv': False, 'obv_slope': 110, 'en_cci': False, 'cci_n': 83, 'cci_threshold': 35, 'en_rsi': False, 'rsi_n': 100, 'rsi_lower': 12, 'rsi_upper': 96, 'en_stochastic': False, 'stochastic_n': 97, 'stochastic_d': 38, 'stochastic_lower': 31, 'stochastic_upper': 91, 'en_mfi': False, 'mfi_n': 27, 'mfi_lower': 41, 'mfi_upper': 87, 'en_bollinger': False, 'bollinger_n': 70, 'bollinger_k': 3.1, 'en_adx': False, 'adx_n': 24, 'adx_threshold': 54, 'en_structure_trend': True, 'structure_trend_swing_l': 2, 'en_order_block': True, 'order_block_swing_l': 19, 'en_fvg': False, 'fvg_lookback': 48, 'en_ifvg': True, 'en_breaker': False, 'breaker_swing_l': 14, 'en_cisd': True, 'k': 1, 'en_cap_bars': False, 'cap_1min': 1237}.
[I 2026-07-13 15:42:59,401] Trial 2182 finished with values: [1793.8194288588422, -2015.8725097964252, 31.5] and parameters: {'sl_soft': 0.020223052950007456, 'sl_hard_delta': 0.006655247180609973, 'tp': 0.0739135300227091, 'gate_pct': 97.00844078669539, 'dd_limit': 9.628020027635628, 'cooldown': 3, 'flip': True, 'en_ema_trend': True, 'ema_trend_fast': 23, 'ema_trend_slow': 158, 'en_sma_trend': True, 'sma_trend_fast': 382, 'sma_trend_slow': 359, 'en_macd': False, 'macd_fast': 38, 'macd_slow': 18, 'macd_signal': 45, 'en_vwap': True, 'en_keltner': False, 'keltner_n': 178, 'keltner_m': 2.6, 'en_obv': True, 'obv_slope': 57, 'en_cci': False, 'cci_n': 20, 'cci_threshold': 135, 'en_rsi': True, 'rsi_n': 53, 'rsi_lower': 31, 'rsi_upper': 74, 'en_stochastic': False, 'stochastic_n': 46, 'stochastic_d': 29, 'stochastic_lower': 23, 'stochastic_upper': 97, 'en_mfi': True, 'mfi_n': 35, 'mfi_lower': 1, 'mfi_upper': 87, 'en_bollinger': True, 'bollinger_n': 72, 'bollinger_k': 4.6000000000000005, 'en_adx': False, 'adx_n': 27, 'adx_threshold': 54, 'en_structure_trend': True, 'structure_trend_swing_l': 1, 'en_order_block': False, 'order_block_swing_l': 18, 'en_fvg': False, 'fvg_lookback': 50, 'en_ifvg': False, 'en_breaker': True, 'breaker_swing_l': 5, 'en_cisd': True, 'k': 2, 'en_cap_bars': False, 'cap_1min': 1435}.
[I 2026-07-13 15:43:00,127] Trial 2183 finished with values: [-619.4816663373003, -1540.4373399196913, 50.95] and parameters: {'sl_soft': 0.010118579279263403, 'sl_hard_delta': 0.03311023092854689, 'tp': 0.019150750409977012, 'gate_pct': 96.82972780322679, 'dd_limit': 9.628020027635628, 'cooldown': 27, 'flip': True, 'en_ema_trend': False, 'ema_trend_fast': 23, 'ema_trend_slow': 133, 'en_sma_trend': True, 'sma_trend_fast': 198, 'sma_trend_slow': 57, 'en_macd': True, 'macd_fast': 38, 'macd_slow': 114, 'macd_signal': 61, 'en_vwap': True, 'en_keltner': True, 'keltner_n': 135, 'keltner_m': 2.1, 'en_obv': True, 'obv_slope': 129, 'en_cci': True, 'cci_n': 134, 'cci_threshold': 30, 'en_rsi': False, 'rsi_n': 95, 'rsi_lower': 5, 'rsi_upper': 88, 'en_stochastic': False, 'stochastic_n': 74, 'stochastic_d': 6, 'stochastic_lower': 2, 'stochastic_upper': 94, 'en_mfi': True, 'mfi_n': 73, 'mfi_lower': 11, 'mfi_upper': 69, 'en_bollinger': True, 'bollinger_n': 134, 'bollinger_k': 3.7, 'en_adx': False, 'adx_n': 22, 'adx_threshold': 42, 'en_structure_trend': False, 'structure_trend_swing_l': 1, 'en_order_block': False, 'order_block_swing_l': 18, 'en_fvg': False, 'fvg_lookback': 50, 'en_ifvg': False, 'en_breaker': True, 'breaker_swing_l': 13, 'en_cisd': True, 'k': 5, 'en_cap_bars': True, 'cap_1min': 495}.
