[I 2026-07-13 15:33:14,315] Trial 1836 finished with values: [731.3367830702333, -1098.6357646758192, 54.3] and parameters: {'sl_soft': 0.033248494775748205, 'sl_hard_delta': 0.01351865596345161, 'tp': 0.05382145111962105, 'gate_pct': 99.08068803261627, 'dd_limit': 0.7899894121384478, 'cooldown': 16, 'flip': True, 'en_ema_trend': False, 'ema_trend_fast': 62, 'ema_trend_slow': 176, 'en_sma_trend': True, 'sma_trend_fast': 166, 'sma_trend_slow': 285, 'en_macd': False, 'macd_fast': 60, 'macd_slow': 60, 'macd_signal': 75, 'en_vwap': False, 'en_keltner': True, 'keltner_n': 169, 'keltner_m': 3.8000000000000003, 'en_obv': True, 'obv_slope': 110, 'en_cci': False, 'cci_n': 131, 'cci_threshold': 170, 'en_rsi': True, 'rsi_n': 73, 'rsi_lower': 12, 'rsi_upper': 79, 'en_stochastic': False, 'stochastic_n': 29, 'stochastic_d': 19, 'stochastic_lower': 7, 'stochastic_upper': 62, 'en_mfi': False, 'mfi_n': 13, 'mfi_lower': 46, 'mfi_upper': 79, 'en_bollinger': True, 'bollinger_n': 40, 'bollinger_k': 3.8000000000000003, 'en_adx': False, 'adx_n': 83, 'adx_threshold': 18, 'en_structure_trend': True, 'structure_trend_swing_l': 2, 'en_order_block': True, 'order_block_swing_l': 20, 'en_fvg': True, 'fvg_lookback': 40, 'en_ifvg': False, 'en_breaker': True, 'breaker_swing_l': 8, 'en_cisd': False, 'k': 5, 'en_cap_bars': False, 'cap_1min': 249}.
[I 2026-07-13 15:33:20,155] Trial 1837 finished with values: [79.8659641090893, -1598.9921156866412, 52.2] and parameters: {'sl_soft': 0.038114301613939465, 'sl_hard_delta': 0.006655247180609973, 'tp': 0.043487232479453436, 'gate_pct': 99.08068803261627, 'dd_limit': 6.844711394584541, 'cooldown': 19, 'flip': True, 'en_ema_trend': False, 'ema_trend_fast': 62, 'ema_trend_slow': 292, 'en_sma_trend': True, 'sma_trend_fast': 177, 'sma_trend_slow': 351, 'en_macd': False, 'macd_fast': 48, 'macd_slow': 93, 'macd_signal': 40, 'en_vwap': True, 'en_keltner': False, 'keltner_n': 178, 'keltner_m': 1.2000000000000002, 'en_obv': True, 'obv_slope': 69, 'en_cci': True, 'cci_n': 112, 'cci_threshold': 135, 'en_rsi': True, 'rsi_n': 78, 'rsi_lower': 9, 'rsi_upper': 63, 'en_stochastic': True, 'stochastic_n': 45, 'stochastic_d': 38, 'stochastic_lower': 39, 'stochastic_upper': 97, 'en_mfi': False, 'mfi_n': 76, 'mfi_lower': 43, 'mfi_upper': 87, 'en_bollinger': False, 'bollinger_n': 189, 'bollinger_k': 1.1, 'en_adx': False, 'adx_n': 37, 'adx_threshold': 54, 'en_structure_trend': False, 'structure_trend_swing_l': 20, 'en_order_block': True, 'order_block_swing_l': 12, 'en_fvg': False, 'fvg_lookback': 37, 'en_ifvg': True, 'en_breaker': False, 'breaker_swing_l': 14, 'en_cisd': True, 'k': 2, 'en_cap_bars': True, 'cap_1min': 1070}.
[I 2026-07-13 15:33:25,039] Trial 1838 finished with values: [-591.0621529397453, -7420.698847510115, 48.1] and parameters: {'sl_soft': 0.0299987704712587, 'sl_hard_delta': 0.019434445536367004, 'tp': 0.04225013430723948, 'gate_pct': 98.93711402329589, 'dd_limit': 9.066216783758431, 'cooldown': 12, 'flip': False, 'en_ema_trend': True, 'ema_trend_fast': 351, 'ema_trend_slow': 367, 'en_sma_trend': False, 'sma_trend_fast': 372, 'sma_trend_slow': 391, 'en_macd': True, 'macd_fast': 39, 'macd_slow': 34, 'macd_signal': 40, 'en_vwap': True, 'en_keltner': True, 'keltner_n': 61, 'keltner_m': 4.1, 'en_obv': True, 'obv_slope': 86, 'en_cci': False, 'cci_n': 124, 'cci_threshold': 260, 'en_rsi': True, 'rsi_n': 34, 'rsi_lower': 12, 'rsi_upper': 77, 'en_stochastic': False, 'stochastic_n': 86, 'stochastic_d': 39, 'stochastic_lower': 17, 'stochastic_upper': 98, 'en_mfi': False, 'mfi_n': 77, 'mfi_lower': 25, 'mfi_upper': 76, 'en_bollinger': True, 'bollinger_n': 14, 'bollinger_k': 3.1, 'en_adx': False, 'adx_n': 36, 'adx_threshold': 14, 'en_structure_trend': False, 'structure_trend_swing_l': 20, 'en_order_block': True, 'order_block_swing_l': 12, 'en_fvg': False, 'fvg_lookback': 49, 'en_ifvg': False, 'en_breaker': True, 'breaker_swing_l': 9, 'en_cisd': True, 'k': 3, 'en_cap_bars': True, 'cap_1min': 963}.
[I 2026-07-13 15:33:26,154] Trial 1839 pruned. 
[I 2026-07-13 15:33:29,194] Trial 1840 pruned. 
[I 2026-07-13 15:33:30,476] Trial 1841 finished with values: [157.66855091204238, -928.4565952580691, 58.55] and parameters: {'sl_soft': 0.03432736489891091, 'sl_hard_delta': 0.020862445993428028, 'tp': 0.04263786134786264, 'gate_pct': 90.81410949813346, 'dd_limit': 3.915453255051588, 'cooldown': 9, 'flip': True, 'en_ema_trend': True, 'ema_trend_fast': 40, 'ema_trend_slow': 158, 'en_sma_trend': True, 'sma_trend_fast': 257, 'sma_trend_slow': 141, 'en_macd': True, 'macd_fast': 9, 'macd_slow': 18, 'macd_signal': 82, 'en_vwap': True, 'en_keltner': False, 'keltner_n': 39, 'keltner_m': 2.6, 'en_obv': True, 'obv_slope': 30, 'en_cci': False, 'cci_n': 20, 'cci_threshold': 35, 'en_rsi': True, 'rsi_n': 54, 'rsi_lower': 15, 'rsi_upper': 89, 'en_stochastic': False, 'stochastic_n': 16, 'stochastic_d': 29, 'stochastic_lower': 23, 'stochastic_upper': 97, 'en_mfi': True, 'mfi_n': 62, 'mfi_lower': 1, 'mfi_upper': 64, 'en_bollinger': True, 'bollinger_n': 49, 'bollinger_k': 3.9000000000000004, 'en_adx': False, 'adx_n': 90, 'adx_threshold': 45, 'en_structure_trend': False, 'structure_trend_swing_l': 11, 'en_order_block': True, 'order_block_swing_l': 2, 'en_fvg': True, 'fvg_lookback': 50, 'en_ifvg': False, 'en_breaker': False, 'breaker_swing_l': 5, 'en_cisd': True, 'k': 2, 'en_cap_bars': False, 'cap_1min': 1435}.
[I 2026-07-13 15:33:31,499] Trial 1842 pruned. 
[I 2026-07-13 15:33:33,874] Trial 1843 finished with values: [-563.6273608735465, -12244.653043853585, 40.7] and parameters: {'sl_soft': 0.019818244244465925, 'sl_hard_delta': 0.05752078670204755, 'tp': 0.0739135300227091, 'gate_pct': 97.00844078669539, 'dd_limit': 4.667357421566379, 'cooldown': 8, 'flip': True, 'en_ema_trend': False, 'ema_trend_fast': 23, 'ema_trend_slow': 180, 'en_sma_trend': False, 'sma_trend_fast': 270, 'sma_trend_slow': 379, 'en_macd': True, 'macd_fast': 85, 'macd_slow': 96, 'macd_signal': 49, 'en_vwap': True, 'en_keltner': False, 'keltner_n': 99, 'keltner_m': 0.8, 'en_obv': False, 'obv_slope': 46, 'en_cci': True, 'cci_n': 20, 'cci_threshold': 50, 'en_rsi': False, 'rsi_n': 15, 'rsi_lower': 6, 'rsi_upper': 90, 'en_stochastic': False, 'stochastic_n': 16, 'stochastic_d': 7, 'stochastic_lower': 27, 'stochastic_upper': 69, 'en_mfi': False, 'mfi_n': 76, 'mfi_lower': 24, 'mfi_upper': 83, 'en_bollinger': True, 'bollinger_n': 182, 'bollinger_k': 3.9000000000000004, 'en_adx': False, 'adx_n': 63, 'adx_threshold': 42, 'en_structure_trend': False, 'structure_trend_swing_l': 9, 'en_order_block': True, 'order_block_swing_l': 18, 'en_fvg': True, 'fvg_lookback': 50, 'en_ifvg': False, 'en_breaker': False, 'breaker_swing_l': 16, 'en_cisd': True, 'k': 1, 'en_cap_bars': False, 'cap_1min': 715}.
[I 2026-07-13 15:33:34,575] Trial 1844 finished with values: [93.4294312124351, -1370.2555830896656, 60.55] and parameters: {'sl_soft': 0.010118579279263403, 'sl_hard_delta': 0.04146915336807996, 'tp': 0.024786837987347286, 'gate_pct': 96.82972780322679, 'dd_limit': 9.029015189980312, 'cooldown': 27, 'flip': True, 'en_ema_trend': False, 'ema_trend_fast': 24, 'ema_trend_slow': 397, 'en_sma_trend': True, 'sma_trend_fast': 198, 'sma_trend_slow': 57, 'en_macd': False, 'macd_fast': 53, 'macd_slow': 114, 'macd_signal': 61, 'en_vwap': False, 'en_keltner': True, 'keltner_n': 135, 'keltner_m': 2.1, 'en_obv': True, 'obv_slope': 129, 'en_cci': True, 'cci_n': 134, 'cci_threshold': 250, 'en_rsi': False, 'rsi_n': 95, 'rsi_lower': 31, 'rsi_upper': 88, 'en_stochastic': False, 'stochastic_n': 78, 'stochastic_d': 14, 'stochastic_lower': 4, 'stochastic_upper': 78, 'en_mfi': True, 'mfi_n': 14, 'mfi_lower': 11, 'mfi_upper': 70, 'en_bollinger': True, 'bollinger_n': 134, 'bollinger_k': 4.2, 'en_adx': False, 'adx_n': 22, 'adx_threshold': 38, 'en_structure_trend': False, 'structure_trend_swing_l': 12, 'en_order_block': False, 'order_block_swing_l': 4, 'en_fvg': True, 'fvg_lookback': 45, 'en_ifvg': False, 'en_breaker': False, 'breaker_swing_l': 2, 'en_cisd': True, 'k': 1, 'en_cap_bars': True, 'cap_1min': 797}.
[I 2026-07-13 15:33:42,845] Trial 1845 finished with values: [-14.261566510285206, -1558.1087693697882, 31.700000000000003] and parameters: {'sl_soft': 0.010118579279263403, 'sl_hard_delta': 0.02515171303306487, 'tp': 0.05957637995357488, 'gate_pct': 96.82972780322679, 'dd_limit': 9.50807718589736, 'cooldown': 3, 'flip': False, 'en_ema_trend': True, 'ema_trend_fast': 62, 'ema_trend_slow': 397, 'en_sma_trend': True, 'sma_trend_fast': 353, 'sma_trend_slow': 141, 'en_macd': True, 'macd_fast': 48, 'macd_slow': 60, 'macd_signal': 40, 'en_vwap': False, 'en_keltner': False, 'keltner_n': 178, 'keltner_m': 1.8, 'en_obv': True, 'obv_slope': 129, 'en_cci': True, 'cci_n': 4, 'cci_threshold': 250, 'en_rsi': True, 'rsi_n': 31, 'rsi_lower': 21, 'rsi_upper': 89, 'en_stochastic': True, 'stochastic_n': 78, 'stochastic_d': 38, 'stochastic_lower': 4, 'stochastic_upper': 78, 'en_mfi': True, 'mfi_n': 14, 'mfi_lower': 41, 'mfi_upper': 87, 'en_bollinger': False, 'bollinger_n': 72, 'bollinger_k': 2.9000000000000004, 'en_adx': False, 'adx_n': 41, 'adx_threshold': 54, 'en_structure_trend': False, 'structure_trend_swing_l': 20, 'en_order_block': True, 'order_block_swing_l': 12, 'en_fvg': False, 'fvg_lookback': 45, 'en_ifvg': True, 'en_breaker': False, 'breaker_swing_l': 2, 'en_cisd': True, 'k': 1, 'en_cap_bars': False, 'cap_1min': 1134}.
[I 2026-07-13 15:33:43,351] Trial 1846 pruned. 
[I 2026-07-13 15:33:45,943] Trial 1847 finished with values: [-1591.3520998906706, -5830.3772830432645, 68.94999999999999] and parameters: {'sl_soft': 0.04394141371603765, 'sl_hard_delta': 0.03311023092854689, 'tp': 0.022271566368158947, 'gate_pct': 99.43810192295578, 'dd_limit': 5.937758572987326, 'cooldown': 9, 'flip': True, 'en_ema_trend': True, 'ema_trend_fast': 213, 'ema_trend_slow': 100, 'en_sma_trend': True, 'sma_trend_fast': 81, 'sma_trend_slow': 100, 'en_macd': True, 'macd_fast': 55, 'macd_slow': 125, 'macd_signal': 6, 'en_vwap': False, 'en_keltner': True, 'keltner_n': 33, 'keltner_m': 2.3, 'en_obv': True, 'obv_slope': 183, 'en_cci': False, 'cci_n': 172, 'cci_threshold': 130, 'en_rsi': False, 'rsi_n': 17, 'rsi_lower': 49, 'rsi_upper': 87, 'en_stochastic': False, 'stochastic_n': 89, 'stochastic_d': 20, 'stochastic_lower': 26, 'stochastic_upper': 66, 'en_mfi': False, 'mfi_n': 14, 'mfi_lower': 43, 'mfi_upper': 78, 'en_bollinger': True, 'bollinger_n': 2, 'bollinger_k': 3.8000000000000003, 'en_adx': False, 'adx_n': 53, 'adx_threshold': 43, 'en_structure_trend': False, 'structure_trend_swing_l': 18, 'en_order_block': False, 'order_block_swing_l': 15, 'en_fvg': False, 'fvg_lookback': 15, 'en_ifvg': False, 'en_breaker': False, 'breaker_swing_l': 7, 'en_cisd': False, 'k': 4, 'en_cap_bars': True, 'cap_1min': 457}.
[I 2026-07-13 15:33:46,168] Trial 1848 pruned. 
[I 2026-07-13 15:33:54,413] Trial 1849 finished with values: [-289.0613127825503, -3133.827482678484, 44.4] and parameters: {'sl_soft': 0.0395420475505296, 'sl_hard_delta': 0.019434445536367004, 'tp': 0.05957637995357488, 'gate_pct': 99.08068803261627, 'dd_limit': 9.066216783758431, 'cooldown': 3, 'flip': True, 'en_ema_trend': True, 'ema_trend_fast': 62, 'ema_trend_slow': 292, 'en_sma_trend': True, 'sma_trend_fast': 389, 'sma_trend_slow': 12, 'en_macd': False, 'macd_fast': 60, 'macd_slow': 18, 'macd_signal': 40, 'en_vwap': True, 'en_keltner': False, 'keltner_n': 178, 'keltner_m': 5.0, 'en_obv': True, 'obv_slope': 191, 'en_cci': True, 'cci_n': 83, 'cci_threshold': 135, 'en_rsi': True, 'rsi_n': 34, 'rsi_lower': 32, 'rsi_upper': 96, 'en_stochastic': True, 'stochastic_n': 46, 'stochastic_d': 39, 'stochastic_lower': 17, 'stochastic_upper': 83, 'en_mfi': True, 'mfi_n': 76, 'mfi_lower': 8, 'mfi_upper': 76, 'en_bollinger': False, 'bollinger_n': 56, 'bollinger_k': 4.6000000000000005, 'en_adx': False, 'adx_n': 36, 'adx_threshold': 50, 'en_structure_trend': True, 'structure_trend_swing_l': 13, 'en_order_block': True, 'order_block_swing_l': 12, 'en_fvg': False, 'fvg_lookback': 11, 'en_ifvg': True, 'en_breaker': True, 'breaker_swing_l': 14, 'en_cisd': True, 'k': 2, 'en_cap_bars': False, 'cap_1min': 963}.
[I 2026-07-13 15:33:56,017] Trial 1850 finished with values: [281.86670537866803, -6901.969478443396, 51.15] and parameters: {'sl_soft': 0.01989060031961859, 'sl_hard_delta': 0.044588335103533105, 'tp': 0.0431343103715893, 'gate_pct': 96.87387275432529, 'dd_limit': 6.787950662357963, 'cooldown': 0, 'flip': True, 'en_ema_trend': True, 'ema_trend_fast': 60, 'ema_trend_slow': 378, 'en_sma_trend': False, 'sma_trend_fast': 27, 'sma_trend_slow': 80, 'en_macd': True, 'macd_fast': 80, 'macd_slow': 7, 'macd_signal': 94, 'en_vwap': True, 'en_keltner': False, 'keltner_n': 176, 'keltner_m': 4.1, 'en_obv': False, 'obv_slope': 120, 'en_cci': False, 'cci_n': 180, 'cci_threshold': 260, 'en_rsi': True, 'rsi_n': 13, 'rsi_lower': 3, 'rsi_upper': 72, 'en_stochastic': False, 'stochastic_n': 96, 'stochastic_d': 27, 'stochastic_lower': 45, 'stochastic_upper': 97, 'en_mfi': True, 'mfi_n': 15, 'mfi_lower': 47, 'mfi_upper': 98, 'en_bollinger': False, 'bollinger_n': 125, 'bollinger_k': 0.9, 'en_adx': False, 'adx_n': 7, 'adx_threshold': 25, 'en_structure_trend': False, 'structure_trend_swing_l': 10, 'en_order_block': True, 'order_block_swing_l': 2, 'en_fvg': True, 'fvg_lookback': 49, 'en_ifvg': True, 'en_breaker': True, 'breaker_swing_l': 18, 'en_cisd': False, 'k': 5, 'en_cap_bars': False, 'cap_1min': 713}.
[I 2026-07-13 15:33:57,407] Trial 1851 pruned. 
[I 2026-07-13 15:33:59,202] Trial 1852 finished with values: [354.87050318776534, -1506.492794620087, 70.4] and parameters: {'sl_soft': 0.04394141371603765, 'sl_hard_delta': 0.028428697055377993, 'tp': 0.028560602836268517, 'gate_pct': 83.00353395016643, 'dd_limit': 8.294324465484438, 'cooldown': 5, 'flip': True, 'en_ema_trend': True, 'ema_trend_fast': 81, 'ema_trend_slow': 88, 'en_sma_trend': False, 'sma_trend_fast': 270, 'sma_trend_slow': 100, 'en_macd': True, 'macd_fast': 39, 'macd_slow': 23, 'macd_signal': 49, 'en_vwap': False, 'en_keltner': False, 'keltner_n': 7, 'keltner_m': 1.9000000000000001, 'en_obv': False, 'obv_slope': 72, 'en_cci': False, 'cci_n': 67, 'cci_threshold': 100, 'en_rsi': False, 'rsi_n': 17, 'rsi_lower': 8, 'rsi_upper': 53, 'en_stochastic': False, 'stochastic_n': 19, 'stochastic_d': 50, 'stochastic_lower': 2, 'stochastic_upper': 79, 'en_mfi': False, 'mfi_n': 83, 'mfi_lower': 19, 'mfi_upper': 66, 'en_bollinger': True, 'bollinger_n': 182, 'bollinger_k': 2.1, 'en_adx': False, 'adx_n': 38, 'adx_threshold': 24, 'en_structure_trend': True, 'structure_trend_swing_l': 9, 'en_order_block': False, 'order_block_swing_l': 2, 'en_fvg': False, 'fvg_lookback': 27, 'en_ifvg': False, 'en_breaker': False, 'breaker_swing_l': 16, 'en_cisd': True, 'k': 1, 'en_cap_bars': True, 'cap_1min': 686}.
[I 2026-07-13 15:34:01,537] Trial 1853 finished with values: [-543.8920272725945, -3830.0443745290013, 42.05] and parameters: {'sl_soft': 0.034454793278025315, 'sl_hard_delta': 0.04000671936357235, 'tp': 0.06466351711838181, 'gate_pct': 83.00353395016643, 'dd_limit': 4.866210487643857, 'cooldown': 5, 'flip': True, 'en_ema_trend': True, 'ema_trend_fast': 101, 'ema_trend_slow': 19, 'en_sma_trend': False, 'sma_trend_fast': 262, 'sma_trend_slow': 192, 'en_macd': True, 'macd_fast': 10, 'macd_slow': 23, 'macd_signal': 25, 'en_vwap': False, 'en_keltner': False, 'keltner_n': 189, 'keltner_m': 1.3, 'en_obv': False, 'obv_slope': 197, 'en_cci': False, 'cci_n': 88, 'cci_threshold': 75, 'en_rsi': False, 'rsi_n': 46, 'rsi_lower': 19, 'rsi_upper': 87, 'en_stochastic': False, 'stochastic_n': 19, 'stochastic_d': 45, 'stochastic_lower': 31, 'stochastic_upper': 78, 'en_mfi': False, 'mfi_n': 93, 'mfi_lower': 18, 'mfi_upper': 93, 'en_bollinger': True, 'bollinger_n': 160, 'bollinger_k': 5.0, 'en_adx': False, 'adx_n': 32, 'adx_threshold': 14, 'en_structure_trend': False, 'structure_trend_swing_l': 13, 'en_order_block': True, 'order_block_swing_l': 15, 'en_fvg': False, 'fvg_lookback': 44, 'en_ifvg': False, 'en_breaker': True, 'breaker_swing_l': 11, 'en_cisd': False, 'k': 1, 'en_cap_bars': True, 'cap_1min': 1237}.
[I 2026-07-13 15:34:01,822] Trial 1854 pruned. 
[I 2026-07-13 15:34:03,564] Trial 1855 pruned. 
[I 2026-07-13 15:34:05,753] Trial 1856 finished with values: [-332.7772498285419, -2047.8419626681448, 54.7] and parameters: {'sl_soft': 0.03432736489891091, 'sl_hard_delta': 0.028428697055377993, 'tp': 0.04263786134786264, 'gate_pct': 99.52194572971088, 'dd_limit': 4.667357421566379, 'cooldown': 6, 'flip': True, 'en_ema_trend': True, 'ema_trend_fast': 323, 'ema_trend_slow': 158, 'en_sma_trend': True, 'sma_trend_fast': 257, 'sma_trend_slow': 210, 'en_macd': False, 'macd_fast': 39, 'macd_slow': 146, 'macd_signal': 49, 'en_vwap': False, 'en_keltner': False, 'keltner_n': 198, 'keltner_m': 0.5, 'en_obv': True, 'obv_slope': 46, 'en_cci': False, 'cci_n': 74, 'cci_threshold': 95, 'en_rsi': True, 'rsi_n': 50, 'rsi_lower': 6, 'rsi_upper': 89, 'en_stochastic': False, 'stochastic_n': 39, 'stochastic_d': 5, 'stochastic_lower': 23, 'stochastic_upper': 69, 'en_mfi': True, 'mfi_n': 76, 'mfi_lower': 19, 'mfi_upper': 68, 'en_bollinger': True, 'bollinger_n': 139, 'bollinger_k': 1.4, 'en_adx': False, 'adx_n': 38, 'adx_threshold': 45, 'en_structure_trend': False, 'structure_trend_swing_l': 11, 'en_order_block': False, 'order_block_swing_l': 2, 'en_fvg': True, 'fvg_lookback': 10, 'en_ifvg': True, 'en_breaker': False, 'breaker_swing_l': 8, 'en_cisd': True, 'k': 1, 'en_cap_bars': True, 'cap_1min': 1254}.
[I 2026-07-13 15:34:07,728] Trial 1857 finished with values: [-283.663098070992, -2327.5990168384897, 74.45] and parameters: {'sl_soft': 0.04435284953907825, 'sl_hard_delta': 0.05752078670204755, 'tp': 0.02158012707836824, 'gate_pct': 97.00844078669539, 'dd_limit': 2.9038661535142056, 'cooldown': 7, 'flip': True, 'en_ema_trend': False, 'ema_trend_fast': 23, 'ema_trend_slow': 5, 'en_sma_trend': False, 'sma_trend_fast': 270, 'sma_trend_slow': 267, 'en_macd': True, 'macd_fast': 39, 'macd_slow': 164, 'macd_signal': 60, 'en_vwap': False, 'en_keltner': False, 'keltner_n': 60, 'keltner_m': 2.0, 'en_obv': True, 'obv_slope': 104, 'en_cci': True, 'cci_n': 97, 'cci_threshold': 155, 'en_rsi': False, 'rsi_n': 50, 'rsi_lower': 24, 'rsi_upper': 74, 'en_stochastic': False, 'stochastic_n': 86, 'stochastic_d': 6, 'stochastic_lower': 27, 'stochastic_upper': 69, 'en_mfi': False, 'mfi_n': 83, 'mfi_lower': 40, 'mfi_upper': 78, 'en_bollinger': True, 'bollinger_n': 15, 'bollinger_k': 0.5, 'en_adx': False, 'adx_n': 35, 'adx_threshold': 42, 'en_structure_trend': False, 'structure_trend_swing_l': 1, 'en_order_block': True, 'order_block_swing_l': 16, 'en_fvg': True, 'fvg_lookback': 37, 'en_ifvg': False, 'en_breaker': False, 'breaker_swing_l': 16, 'en_cisd': False, 'k': 1, 'en_cap_bars': True, 'cap_1min': 887}.
[I 2026-07-13 15:34:10,498] Trial 1858 pruned. 
[I 2026-07-13 15:34:12,106] Trial 1859 finished with values: [214.73345754699832, -1426.330031158436, 59.400000000000006] and parameters: {'sl_soft': 0.03432736489891091, 'sl_hard_delta': 0.04000671936357235, 'tp': 0.04263786134786264, 'gate_pct': 90.97354990533721, 'dd_limit': 4.866210487643857, 'cooldown': 9, 'flip': True, 'en_ema_trend': True, 'ema_trend_fast': 40, 'ema_trend_slow': 158, 'en_sma_trend': True, 'sma_trend_fast': 257, 'sma_trend_slow': 141, 'en_macd': True, 'macd_fast': 9, 'macd_slow': 18, 'macd_signal': 82, 'en_vwap': False, 'en_keltner': False, 'keltner_n': 39, 'keltner_m': 1.3, 'en_obv': True, 'obv_slope': 30, 'en_cci': False, 'cci_n': 20, 'cci_threshold': 35, 'en_rsi': True, 'rsi_n': 46, 'rsi_lower': 16, 'rsi_upper': 67, 'en_stochastic': False, 'stochastic_n': 16, 'stochastic_d': 29, 'stochastic_lower': 31, 'stochastic_upper': 97, 'en_mfi': True, 'mfi_n': 62, 'mfi_lower': 18, 'mfi_upper': 64, 'en_bollinger': True, 'bollinger_n': 49, 'bollinger_k': 3.9000000000000004, 'en_adx': False, 'adx_n': 90, 'adx_threshold': 14, 'en_structure_trend': False, 'structure_trend_swing_l': 11, 'en_order_block': True, 'order_block_swing_l': 2, 'en_fvg': True, 'fvg_lookback': 50, 'en_ifvg': False, 'en_breaker': True, 'breaker_swing_l': 6, 'en_cisd': False, 'k': 1, 'en_cap_bars': False, 'cap_1min': 1237}.
[I 2026-07-13 15:34:14,659] Trial 1860 finished with values: [-304.4429473643895, -2032.9473052697722, 53.55] and parameters: {'sl_soft': 0.04400238837817528, 'sl_hard_delta': 0.03311023092854689, 'tp': 0.05207667600189557, 'gate_pct': 96.82972780322679, 'dd_limit': 9.029015189980312, 'cooldown': 10, 'flip': True, 'en_ema_trend': True, 'ema_trend_fast': 81, 'ema_trend_slow': 391, 'en_sma_trend': False, 'sma_trend_fast': 382, 'sma_trend_slow': 115, 'en_macd': True, 'macd_fast': 10, 'macd_slow': 3, 'macd_signal': 71, 'en_vwap': False, 'en_keltner': False, 'keltner_n': 135, 'keltner_m': 2.3, 'en_obv': True, 'obv_slope': 129, 'en_cci': True, 'cci_n': 67, 'cci_threshold': 30, 'en_rsi': False, 'rsi_n': 72, 'rsi_lower': 8, 'rsi_upper': 58, 'en_stochastic': False, 'stochastic_n': 71, 'stochastic_d': 41, 'stochastic_lower': 4, 'stochastic_upper': 79, 'en_mfi': True, 'mfi_n': 94, 'mfi_lower': 43, 'mfi_upper': 66, 'en_bollinger': True, 'bollinger_n': 155, 'bollinger_k': 3.7, 'en_adx': False, 'adx_n': 91, 'adx_threshold': 43, 'en_structure_trend': True, 'structure_trend_swing_l': 12, 'en_order_block': False, 'order_block_swing_l': 4, 'en_fvg': True, 'fvg_lookback': 20, 'en_ifvg': False, 'en_breaker': False, 'breaker_swing_l': 7, 'en_cisd': True, 'k': 5, 'en_cap_bars': True, 'cap_1min': 797}.
[I 2026-07-13 15:34:17,307] Trial 1861 pruned. 
