[I 2026-07-13 14:54:57,228] Trial 287 pruned. 
[I 2026-07-13 14:55:06,617] Trial 288 finished with values: [-288.5867654667962, -2417.7471436890123, 44.2] and parameters: {'sl_soft': 0.044564657059018666, 'sl_hard_delta': 0.00329752738215385, 'tp': 0.04539839227812371, 'gate_pct': 98.67302380660169, 'dd_limit': 3.021375135532224, 'cooldown': 8, 'flip': False, 'en_ema_trend': False, 'ema_trend_fast': 279, 'ema_trend_slow': 125, 'en_sma_trend': True, 'sma_trend_fast': 334, 'sma_trend_slow': 268, 'en_macd': True, 'macd_fast': 18, 'macd_slow': 91, 'macd_signal': 65, 'en_vwap': True, 'en_keltner': True, 'keltner_n': 153, 'keltner_m': 2.8000000000000003, 'en_obv': False, 'obv_slope': 165, 'en_cci': True, 'cci_n': 100, 'cci_threshold': 125, 'en_rsi': True, 'rsi_n': 71, 'rsi_lower': 18, 'rsi_upper': 94, 'en_stochastic': True, 'stochastic_n': 52, 'stochastic_d': 22, 'stochastic_lower': 14, 'stochastic_upper': 93, 'en_mfi': True, 'mfi_n': 62, 'mfi_lower': 25, 'mfi_upper': 97, 'en_bollinger': False, 'bollinger_n': 7, 'bollinger_k': 1.0, 'en_adx': False, 'adx_n': 12, 'adx_threshold': 17, 'en_structure_trend': False, 'structure_trend_swing_l': 3, 'en_order_block': True, 'order_block_swing_l': 3, 'en_fvg': True, 'fvg_lookback': 18, 'en_ifvg': True, 'en_breaker': True, 'breaker_swing_l': 16, 'en_cisd': False, 'k': 1, 'en_cap_bars': True, 'cap_1min': 1243}.
[I 2026-07-13 14:55:07,847] Trial 289 pruned. 
[I 2026-07-13 14:55:09,153] Trial 290 pruned. 
[I 2026-07-13 14:55:10,709] Trial 291 pruned. 
[I 2026-07-13 14:55:12,472] Trial 292 pruned. 
[I 2026-07-13 14:55:13,340] Trial 293 pruned. 
[I 2026-07-13 14:55:18,040] Trial 294 pruned. 
[I 2026-07-13 14:55:21,562] Trial 295 pruned. 
[I 2026-07-13 14:55:22,492] Trial 296 pruned. 
[I 2026-07-13 14:55:24,348] Trial 297 pruned. 
[I 2026-07-13 14:55:25,586] Trial 298 pruned. 
[I 2026-07-13 14:55:26,092] Trial 299 pruned. 
[I 2026-07-13 14:55:27,118] Trial 300 pruned. 
[I 2026-07-13 14:55:28,973] Trial 301 pruned. 
[I 2026-07-13 14:55:29,835] Trial 302 pruned. 
[I 2026-07-13 14:55:30,886] Trial 303 pruned. 
[I 2026-07-13 14:55:32,397] Trial 304 pruned. 
[I 2026-07-13 14:55:34,343] Trial 305 pruned. 
[I 2026-07-13 14:55:36,463] Trial 306 pruned. 
[I 2026-07-13 14:55:38,846] Trial 307 pruned. 
[I 2026-07-13 14:55:40,238] Trial 308 pruned. 
[I 2026-07-13 14:55:44,506] Trial 309 finished with values: [-111.60275291524968, -1720.4815863195936, 24.3] and parameters: {'sl_soft': 0.013462142379308838, 'sl_hard_delta': 0.008855347903544258, 'tp': 0.053962822986320734, 'gate_pct': 97.28704165170988, 'dd_limit': 0.7627381108845042, 'cooldown': 26, 'flip': False, 'en_ema_trend': False, 'ema_trend_fast': 197, 'ema_trend_slow': 304, 'en_sma_trend': False, 'sma_trend_fast': 360, 'sma_trend_slow': 35, 'en_macd': True, 'macd_fast': 80, 'macd_slow': 161, 'macd_signal': 18, 'en_vwap': True, 'en_keltner': True, 'keltner_n': 123, 'keltner_m': 3.5, 'en_obv': True, 'obv_slope': 25, 'en_cci': False, 'cci_n': 54, 'cci_threshold': 300, 'en_rsi': False, 'rsi_n': 100, 'rsi_lower': 1, 'rsi_upper': 81, 'en_stochastic': False, 'stochastic_n': 62, 'stochastic_d': 2, 'stochastic_lower': 40, 'stochastic_upper': 57, 'en_mfi': False, 'mfi_n': 11, 'mfi_lower': 44, 'mfi_upper': 54, 'en_bollinger': False, 'bollinger_n': 197, 'bollinger_k': 2.7, 'en_adx': False, 'adx_n': 35, 'adx_threshold': 35, 'en_structure_trend': True, 'structure_trend_swing_l': 9, 'en_order_block': True, 'order_block_swing_l': 13, 'en_fvg': False, 'fvg_lookback': 24, 'en_ifvg': False, 'en_breaker': True, 'breaker_swing_l': 8, 'en_cisd': False, 'k': 3, 'en_cap_bars': False, 'cap_1min': 591}.
[I 2026-07-13 14:55:46,013] Trial 310 pruned. 
[I 2026-07-13 14:55:48,581] Trial 311 pruned. 
[I 2026-07-13 14:55:49,897] Trial 312 pruned. 
[I 2026-07-13 14:55:52,207] Trial 313 pruned. 
[I 2026-07-13 14:55:53,743] Trial 314 pruned. 
[I 2026-07-13 14:55:53,994] Trial 315 pruned. 
[I 2026-07-13 14:55:54,873] Trial 316 pruned. 
[I 2026-07-13 14:55:55,792] Trial 317 pruned. 
[I 2026-07-13 14:55:57,207] Trial 318 pruned. 
[I 2026-07-13 14:55:58,185] Trial 319 pruned. 
[I 2026-07-13 14:55:58,491] Trial 320 pruned. 
[I 2026-07-13 14:55:59,214] Trial 321 pruned. 
[I 2026-07-13 14:56:00,688] Trial 322 pruned. 
[I 2026-07-13 14:56:02,043] Trial 323 pruned. 
[I 2026-07-13 14:56:11,137] Trial 324 finished with values: [-212.0026300374711, -1326.7779952092694, 38.099999999999994] and parameters: {'sl_soft': 0.037570685993033495, 'sl_hard_delta': 0.006655247180609973, 'tp': 0.05957637995357488, 'gate_pct': 99.08068803261627, 'dd_limit': 4.640993551634958, 'cooldown': 3, 'flip': False, 'en_ema_trend': True, 'ema_trend_fast': 62, 'ema_trend_slow': 292, 'en_sma_trend': False, 'sma_trend_fast': 389, 'sma_trend_slow': 85, 'en_macd': True, 'macd_fast': 48, 'macd_slow': 60, 'macd_signal': 100, 'en_vwap': True, 'en_keltner': False, 'keltner_n': 178, 'keltner_m': 1.7000000000000002, 'en_obv': True, 'obv_slope': 49, 'en_cci': True, 'cci_n': 83, 'cci_threshold': 135, 'en_rsi': True, 'rsi_n': 100, 'rsi_lower': 45, 'rsi_upper': 96, 'en_stochastic': False, 'stochastic_n': 43, 'stochastic_d': 37, 'stochastic_lower': 31, 'stochastic_upper': 91, 'en_mfi': True, 'mfi_n': 27, 'mfi_lower': 41, 'mfi_upper': 57, 'en_bollinger': False, 'bollinger_n': 189, 'bollinger_k': 4.6000000000000005, 'en_adx': True, 'adx_n': 16, 'adx_threshold': 18, 'en_structure_trend': True, 'structure_trend_swing_l': 15, 'en_order_block': True, 'order_block_swing_l': 9, 'en_fvg': False, 'fvg_lookback': 48, 'en_ifvg': True, 'en_breaker': True, 'breaker_swing_l': 16, 'en_cisd': True, 'k': 2, 'en_cap_bars': False, 'cap_1min': 1070}.
[I 2026-07-13 14:56:12,551] Trial 325 pruned. 
[I 2026-07-13 14:56:13,295] Trial 326 pruned. 
[I 2026-07-13 14:56:13,885] Trial 327 pruned. 
[I 2026-07-13 14:56:15,412] Trial 328 pruned. 
[I 2026-07-13 14:56:16,331] Trial 329 pruned. 
[I 2026-07-13 14:56:17,648] Trial 330 pruned. 
[I 2026-07-13 14:56:19,140] Trial 331 pruned. 
[I 2026-07-13 14:56:19,827] Trial 332 pruned. 
[I 2026-07-13 14:56:20,878] Trial 333 pruned. 
[I 2026-07-13 14:56:24,863] Trial 334 pruned. 
[I 2026-07-13 14:56:25,587] Trial 335 pruned. 
[I 2026-07-13 14:56:26,112] Trial 336 pruned. 
[I 2026-07-13 14:56:27,668] Trial 337 pruned. 
[I 2026-07-13 14:56:39,575] Trial 338 finished with values: [-354.4080624673107, -2902.7068263023634, 56.8] and parameters: {'sl_soft': 0.028343101748500937, 'sl_hard_delta': 0.04466435890522773, 'tp': 0.022725915697428153, 'gate_pct': 99.57581637257637, 'dd_limit': 5.328714371677049, 'cooldown': 5, 'flip': False, 'en_ema_trend': True, 'ema_trend_fast': 301, 'ema_trend_slow': 395, 'en_sma_trend': False, 'sma_trend_fast': 165, 'sma_trend_slow': 154, 'en_macd': False, 'macd_fast': 89, 'macd_slow': 107, 'macd_signal': 67, 'en_vwap': False, 'en_keltner': True, 'keltner_n': 76, 'keltner_m': 4.5, 'en_obv': True, 'obv_slope': 173, 'en_cci': False, 'cci_n': 120, 'cci_threshold': 45, 'en_rsi': False, 'rsi_n': 33, 'rsi_lower': 20, 'rsi_upper': 63, 'en_stochastic': True, 'stochastic_n': 90, 'stochastic_d': 13, 'stochastic_lower': 21, 'stochastic_upper': 82, 'en_mfi': False, 'mfi_n': 56, 'mfi_lower': 13, 'mfi_upper': 72, 'en_bollinger': True, 'bollinger_n': 100, 'bollinger_k': 4.5, 'en_adx': True, 'adx_n': 68, 'adx_threshold': 10, 'en_structure_trend': False, 'structure_trend_swing_l': 2, 'en_order_block': False, 'order_block_swing_l': 5, 'en_fvg': True, 'fvg_lookback': 33, 'en_ifvg': True, 'en_breaker': False, 'breaker_swing_l': 11, 'en_cisd': False, 'k': 4, 'en_cap_bars': True, 'cap_1min': 1317}.
[I 2026-07-13 14:56:41,349] Trial 339 pruned. 
[I 2026-07-13 14:56:41,792] Trial 340 pruned. 
[I 2026-07-13 14:56:42,443] Trial 341 pruned. 
[I 2026-07-13 14:56:43,561] Trial 342 pruned. 
[I 2026-07-13 14:56:44,037] Trial 343 pruned. 
[I 2026-07-13 14:56:44,646] Trial 344 pruned. 
[I 2026-07-13 14:56:45,489] Trial 345 pruned. 
[I 2026-07-13 14:56:46,763] Trial 346 pruned. 
[I 2026-07-13 14:56:48,872] Trial 347 pruned. 
[I 2026-07-13 14:56:53,038] Trial 348 finished with values: [-48.74167211461605, -2585.4614375014507, 46.85] and parameters: {'sl_soft': 0.018243430180995453, 'sl_hard_delta': 0.055497368807900425, 'tp': 0.06761136813694733, 'gate_pct': 95.95343074681206, 'dd_limit': 0.7899894121384478, 'cooldown': 16, 'flip': True, 'en_ema_trend': True, 'ema_trend_fast': 93, 'ema_trend_slow': 176, 'en_sma_trend': True, 'sma_trend_fast': 187, 'sma_trend_slow': 164, 'en_macd': True, 'macd_fast': 60, 'macd_slow': 85, 'macd_signal': 83, 'en_vwap': True, 'en_keltner': True, 'keltner_n': 17, 'keltner_m': 4.0, 'en_obv': True, 'obv_slope': 110, 'en_cci': False, 'cci_n': 98, 'cci_threshold': 250, 'en_rsi': False, 'rsi_n': 75, 'rsi_lower': 13, 'rsi_upper': 68, 'en_stochastic': False, 'stochastic_n': 26, 'stochastic_d': 27, 'stochastic_lower': 38, 'stochastic_upper': 72, 'en_mfi': False, 'mfi_n': 59, 'mfi_lower': 46, 'mfi_upper': 59, 'en_bollinger': False, 'bollinger_n': 40, 'bollinger_k': 1.7000000000000002, 'en_adx': False, 'adx_n': 24, 'adx_threshold': 53, 'en_structure_trend': True, 'structure_trend_swing_l': 2, 'en_order_block': False, 'order_block_swing_l': 19, 'en_fvg': True, 'fvg_lookback': 40, 'en_ifvg': False, 'en_breaker': True, 'breaker_swing_l': 8, 'en_cisd': False, 'k': 5, 'en_cap_bars': True, 'cap_1min': 249}.
[I 2026-07-13 14:56:54,213] Trial 349 pruned. 
[I 2026-07-13 14:56:56,428] Trial 350 pruned. 
[I 2026-07-13 14:56:57,505] Trial 351 pruned. 
[I 2026-07-13 14:56:58,028] Trial 352 pruned. 
[I 2026-07-13 14:56:58,941] Trial 353 pruned. 
[I 2026-07-13 14:57:00,705] Trial 354 pruned. 
[I 2026-07-13 14:57:01,194] Trial 355 pruned. 
[I 2026-07-13 14:57:03,354] Trial 356 pruned. 
[I 2026-07-13 14:57:04,463] Trial 357 pruned. 
[I 2026-07-13 14:57:06,679] Trial 358 pruned. 
[I 2026-07-13 14:57:16,126] Trial 359 finished with values: [-91.93639937603137, -1222.0904821938207, 40.0] and parameters: {'sl_soft': 0.01872684368211435, 'sl_hard_delta': 0.03297931963060293, 'tp': 0.050841682250076105, 'gate_pct': 89.379488599073, 'dd_limit': 7.953109463330306, 'cooldown': 0, 'flip': True, 'en_ema_trend': False, 'ema_trend_fast': 188, 'ema_trend_slow': 53, 'en_sma_trend': True, 'sma_trend_fast': 145, 'sma_trend_slow': 186, 'en_macd': False, 'macd_fast': 91, 'macd_slow': 140, 'macd_signal': 41, 'en_vwap': True, 'en_keltner': True, 'keltner_n': 77, 'keltner_m': 4.6000000000000005, 'en_obv': False, 'obv_slope': 126, 'en_cci': True, 'cci_n': 177, 'cci_threshold': 165, 'en_rsi': True, 'rsi_n': 80, 'rsi_lower': 8, 'rsi_upper': 88, 'en_stochastic': True, 'stochastic_n': 27, 'stochastic_d': 12, 'stochastic_lower': 1, 'stochastic_upper': 75, 'en_mfi': True, 'mfi_n': 68, 'mfi_lower': 43, 'mfi_upper': 52, 'en_bollinger': True, 'bollinger_n': 19, 'bollinger_k': 4.300000000000001, 'en_adx': False, 'adx_n': 63, 'adx_threshold': 28, 'en_structure_trend': False, 'structure_trend_swing_l': 1, 'en_order_block': True, 'order_block_swing_l': 2, 'en_fvg': True, 'fvg_lookback': 33, 'en_ifvg': True, 'en_breaker': False, 'breaker_swing_l': 20, 'en_cisd': True, 'k': 4, 'en_cap_bars': False, 'cap_1min': 532}.
[I 2026-07-13 14:57:16,316] Trial 360 pruned. 
[I 2026-07-13 14:57:19,438] Trial 361 pruned. 
[I 2026-07-13 14:57:20,536] Trial 362 pruned. 
[I 2026-07-13 14:57:21,542] Trial 363 pruned. 
[I 2026-07-13 14:57:22,498] Trial 364 pruned. 
[I 2026-07-13 14:57:23,727] Trial 365 pruned. 
[I 2026-07-13 14:57:28,000] Trial 366 finished with values: [-454.85277645941085, -3921.7775809070317, 38.75] and parameters: {'sl_soft': 0.022038305070153932, 'sl_hard_delta': 0.02515171303306487, 'tp': 0.06597500573834292, 'gate_pct': 99.47218267450155, 'dd_limit': 9.50807718589736, 'cooldown': 8, 'flip': False, 'en_ema_trend': True, 'ema_trend_fast': 84, 'ema_trend_slow': 161, 'en_sma_trend': True, 'sma_trend_fast': 353, 'sma_trend_slow': 141, 'en_macd': True, 'macd_fast': 83, 'macd_slow': 18, 'macd_signal': 82, 'en_vwap': True, 'en_keltner': False, 'keltner_n': 39, 'keltner_m': 2.6, 'en_obv': True, 'obv_slope': 30, 'en_cci': True, 'cci_n': 4, 'cci_threshold': 300, 'en_rsi': True, 'rsi_n': 31, 'rsi_lower': 15, 'rsi_upper': 89, 'en_stochastic': False, 'stochastic_n': 77, 'stochastic_d': 29, 'stochastic_lower': 23, 'stochastic_upper': 97, 'en_mfi': True, 'mfi_n': 62, 'mfi_lower': 1, 'mfi_upper': 64, 'en_bollinger': True, 'bollinger_n': 49, 'bollinger_k': 4.300000000000001, 'en_adx': False, 'adx_n': 41, 'adx_threshold': 38, 'en_structure_trend': False, 'structure_trend_swing_l': 11, 'en_order_block': False, 'order_block_swing_l': 4, 'en_fvg': True, 'fvg_lookback': 50, 'en_ifvg': False, 'en_breaker': False, 'breaker_swing_l': 5, 'en_cisd': True, 'k': 2, 'en_cap_bars': False, 'cap_1min': 1134}.
[I 2026-07-13 14:57:28,661] Trial 367 pruned. 
[I 2026-07-13 14:57:29,827] Trial 368 pruned. 
[I 2026-07-13 14:57:31,433] Trial 369 finished with values: [59.23533761059474, -1500.7530315956076, 58.900000000000006] and parameters: {'sl_soft': 0.014434431894588548, 'sl_hard_delta': 0.048424782322908935, 'tp': 0.03314312527542716, 'gate_pct': 99.52194572971088, 'dd_limit': 3.8524500851165895, 'cooldown': 16, 'flip': True, 'en_ema_trend': True, 'ema_trend_fast': 323, 'ema_trend_slow': 136, 'en_sma_trend': True, 'sma_trend_fast': 222, 'sma_trend_slow': 16, 'en_macd': False, 'macd_fast': 64, 'macd_slow': 11, 'macd_signal': 18, 'en_vwap': True, 'en_keltner': False, 'keltner_n': 56, 'keltner_m': 0.5, 'en_obv': True, 'obv_slope': 72, 'en_cci': False, 'cci_n': 7, 'cci_threshold': 145, 'en_rsi': False, 'rsi_n': 91, 'rsi_lower': 36, 'rsi_upper': 89, 'en_stochastic': False, 'stochastic_n': 55, 'stochastic_d': 2, 'stochastic_lower': 1, 'stochastic_upper': 89, 'en_mfi': False, 'mfi_n': 84, 'mfi_lower': 35, 'mfi_upper': 57, 'en_bollinger': False, 'bollinger_n': 139, 'bollinger_k': 1.4, 'en_adx': False, 'adx_n': 32, 'adx_threshold': 49, 'en_structure_trend': True, 'structure_trend_swing_l': 3, 'en_order_block': False, 'order_block_swing_l': 4, 'en_fvg': False, 'fvg_lookback': 32, 'en_ifvg': True, 'en_breaker': True, 'breaker_swing_l': 15, 'en_cisd': False, 'k': 1, 'en_cap_bars': True, 'cap_1min': 753}.
[I 2026-07-13 14:57:32,131] Trial 370 pruned. 
[I 2026-07-13 14:57:33,385] Trial 371 pruned. 
[I 2026-07-13 14:57:33,992] Trial 372 pruned. 
[I 2026-07-13 14:57:35,392] Trial 373 pruned. 
[I 2026-07-13 14:57:43,889] Trial 374 finished with values: [-233.26935217898634, -2841.542391840123, 55.05] and parameters: {'sl_soft': 0.022368633279823434, 'sl_hard_delta': 0.024323130994469533, 'tp': 0.02759405536804342, 'gate_pct': 97.63944028945558, 'dd_limit': 0.6268932004087474, 'cooldown': 9, 'flip': True, 'en_ema_trend': True, 'ema_trend_fast': 272, 'ema_trend_slow': 41, 'en_sma_trend': False, 'sma_trend_fast': 196, 'sma_trend_slow': 58, 'en_macd': False, 'macd_fast': 42, 'macd_slow': 3, 'macd_signal': 44, 'en_vwap': True, 'en_keltner': True, 'keltner_n': 123, 'keltner_m': 1.9000000000000001, 'en_obv': True, 'obv_slope': 38, 'en_cci': False, 'cci_n': 10, 'cci_threshold': 255, 'en_rsi': False, 'rsi_n': 83, 'rsi_lower': 22, 'rsi_upper': 79, 'en_stochastic': True, 'stochastic_n': 77, 'stochastic_d': 1, 'stochastic_lower': 33, 'stochastic_upper': 61, 'en_mfi': False, 'mfi_n': 67, 'mfi_lower': 12, 'mfi_upper': 90, 'en_bollinger': True, 'bollinger_n': 81, 'bollinger_k': 2.6, 'en_adx': False, 'adx_n': 96, 'adx_threshold': 50, 'en_structure_trend': False, 'structure_trend_swing_l': 5, 'en_order_block': True, 'order_block_swing_l': 4, 'en_fvg': True, 'fvg_lookback': 16, 'en_ifvg': True, 'en_breaker': False, 'breaker_swing_l': 15, 'en_cisd': False, 'k': 1, 'en_cap_bars': False, 'cap_1min': 6}.
[I 2026-07-13 14:57:45,268] Trial 375 pruned. 
[I 2026-07-13 14:57:46,053] Trial 376 pruned. 
[I 2026-07-13 14:57:47,117] Trial 377 pruned. 
[I 2026-07-13 14:57:48,068] Trial 378 pruned. 
[I 2026-07-13 14:57:49,149] Trial 379 pruned. 
[I 2026-07-13 14:57:50,975] Trial 380 pruned. 
[I 2026-07-13 14:57:51,612] Trial 381 pruned. 
[I 2026-07-13 14:57:54,060] Trial 382 pruned. 
[I 2026-07-13 14:57:56,083] Trial 383 pruned. 
[I 2026-07-13 14:57:57,460] Trial 384 pruned. 
[I 2026-07-13 14:57:57,882] Trial 385 pruned. 
[I 2026-07-13 14:57:59,206] Trial 386 pruned. 
[I 2026-07-13 14:58:00,465] Trial 387 pruned. 
[I 2026-07-13 14:58:02,477] Trial 388 pruned. 
[I 2026-07-13 14:58:03,716] Trial 389 pruned. 
[I 2026-07-13 14:58:04,641] Trial 390 pruned. 
[I 2026-07-13 14:58:05,632] Trial 391 pruned. 
[I 2026-07-13 14:58:06,627] Trial 392 pruned. 
[I 2026-07-13 14:58:07,748] Trial 393 pruned. 
[I 2026-07-13 14:58:09,430] Trial 394 pruned. 
[I 2026-07-13 14:58:10,449] Trial 395 pruned. 
[I 2026-07-13 14:58:11,326] Trial 396 pruned. 
[I 2026-07-13 14:58:20,014] Trial 397 finished with values: [-605.7460298913852, -1085.8994390461874, 57.1] and parameters: {'sl_soft': 0.03329247238962443, 'sl_hard_delta': 0.03910082354679015, 'tp': 0.028070662961224437, 'gate_pct': 97.81683336946006, 'dd_limit': 0.23735305616742414, 'cooldown': 21, 'flip': False, 'en_ema_trend': True, 'ema_trend_fast': 206, 'ema_trend_slow': 250, 'en_sma_trend': False, 'sma_trend_fast': 32, 'sma_trend_slow': 245, 'en_macd': False, 'macd_fast': 81, 'macd_slow': 22, 'macd_signal': 6, 'en_vwap': True, 'en_keltner': True, 'keltner_n': 172, 'keltner_m': 4.7, 'en_obv': False, 'obv_slope': 157, 'en_cci': True, 'cci_n': 6, 'cci_threshold': 295, 'en_rsi': False, 'rsi_n': 68, 'rsi_lower': 25, 'rsi_upper': 72, 'en_stochastic': True, 'stochastic_n': 24, 'stochastic_d': 6, 'stochastic_lower': 16, 'stochastic_upper': 66, 'en_mfi': False, 'mfi_n': 15, 'mfi_lower': 2, 'mfi_upper': 79, 'en_bollinger': True, 'bollinger_n': 122, 'bollinger_k': 3.9000000000000004, 'en_adx': False, 'adx_n': 64, 'adx_threshold': 12, 'en_structure_trend': True, 'structure_trend_swing_l': 13, 'en_order_block': True, 'order_block_swing_l': 15, 'en_fvg': False, 'fvg_lookback': 19, 'en_ifvg': False, 'en_breaker': True, 'breaker_swing_l': 11, 'en_cisd': True, 'k': 2, 'en_cap_bars': True, 'cap_1min': 483}.
[I 2026-07-13 14:58:21,304] Trial 398 pruned. 
[I 2026-07-13 14:58:22,432] Trial 399 pruned. 
[I 2026-07-13 14:58:22,639] Trial 400 pruned. 
[I 2026-07-13 14:58:23,844] Trial 401 pruned. 
[I 2026-07-13 14:58:26,863] Trial 402 pruned. 
[I 2026-07-13 14:58:28,200] Trial 403 pruned. 
[I 2026-07-13 14:58:30,456] Trial 404 pruned. 
[I 2026-07-13 14:58:32,028] Trial 405 pruned. 
[I 2026-07-13 14:58:32,304] Trial 406 pruned. 
[I 2026-07-13 14:58:33,137] Trial 407 pruned. 
[I 2026-07-13 14:58:41,662] Trial 408 finished with values: [-480.3734847752851, -2383.1765882667346, 70.7] and parameters: {'sl_soft': 0.04435284953907825, 'sl_hard_delta': 0.038477922698427085, 'tp': 0.02158012707836824, 'gate_pct': 91.95603456271488, 'dd_limit': 2.9038661535142056, 'cooldown': 5, 'flip': True, 'en_ema_trend': False, 'ema_trend_fast': 164, 'ema_trend_slow': 5, 'en_sma_trend': False, 'sma_trend_fast': 105, 'sma_trend_slow': 267, 'en_macd': False, 'macd_fast': 28, 'macd_slow': 164, 'macd_signal': 60, 'en_vwap': False, 'en_keltner': False, 'keltner_n': 67, 'keltner_m': 2.0, 'en_obv': True, 'obv_slope': 104, 'en_cci': True, 'cci_n': 97, 'cci_threshold': 155, 'en_rsi': True, 'rsi_n': 40, 'rsi_lower': 24, 'rsi_upper': 64, 'en_stochastic': True, 'stochastic_n': 86, 'stochastic_d': 21, 'stochastic_lower': 15, 'stochastic_upper': 89, 'en_mfi': False, 'mfi_n': 42, 'mfi_lower': 40, 'mfi_upper': 78, 'en_bollinger': True, 'bollinger_n': 15, 'bollinger_k': 1.6, 'en_adx': False, 'adx_n': 70, 'adx_threshold': 20, 'en_structure_trend': False, 'structure_trend_swing_l': 1, 'en_order_block': False, 'order_block_swing_l': 16, 'en_fvg': True, 'fvg_lookback': 37, 'en_ifvg': False, 'en_breaker': True, 'breaker_swing_l': 7, 'en_cisd': False, 'k': 3, 'en_cap_bars': True, 'cap_1min': 887}.
[I 2026-07-13 14:58:42,887] Trial 409 pruned. 
[I 2026-07-13 14:58:44,146] Trial 410 pruned. 
[I 2026-07-13 14:58:45,316] Trial 411 pruned. 
[I 2026-07-13 14:58:45,746] Trial 412 pruned. 
[I 2026-07-13 14:58:46,700] Trial 413 pruned. 
[I 2026-07-13 14:58:48,215] Trial 414 pruned. 
[I 2026-07-13 14:58:49,983] Trial 415 pruned. 
[I 2026-07-13 14:58:52,075] Trial 416 pruned. 
[I 2026-07-13 14:58:55,485] Trial 417 pruned. 
[I 2026-07-13 14:58:55,744] Trial 418 pruned. 
[I 2026-07-13 14:58:57,088] Trial 419 pruned. 
[I 2026-07-13 14:58:58,109] Trial 420 pruned. 
[I 2026-07-13 14:58:58,752] Trial 421 pruned. 
[I 2026-07-13 14:59:01,722] Trial 422 pruned. 
[I 2026-07-13 14:59:03,870] Trial 423 pruned. 
[I 2026-07-13 14:59:04,909] Trial 424 pruned. 
[I 2026-07-13 14:59:06,345] Trial 425 pruned. 
[I 2026-07-13 14:59:09,202] Trial 426 pruned. 
[I 2026-07-13 14:59:11,204] Trial 427 pruned. 
[I 2026-07-13 14:59:12,138] Trial 428 pruned. 
[I 2026-07-13 14:59:12,647] Trial 429 pruned. 
[I 2026-07-13 14:59:14,716] Trial 430 pruned. 
[I 2026-07-13 14:59:16,929] Trial 431 pruned. 
[I 2026-07-13 14:59:20,680] Trial 432 pruned. 
[I 2026-07-13 14:59:24,057] Trial 433 pruned. 
[I 2026-07-13 14:59:26,086] Trial 434 pruned. 
[I 2026-07-13 14:59:27,380] Trial 435 pruned. 
[I 2026-07-13 14:59:29,493] Trial 436 pruned. 
[I 2026-07-13 14:59:31,814] Trial 437 pruned. 
[I 2026-07-13 14:59:33,049] Trial 438 pruned. 
