[I 2026-07-13 15:36:20,281] Trial 1912 finished with values: [256.63941897997586, -1948.694712834822, 30.1] and parameters: {'sl_soft': 0.020223052950007456, 'sl_hard_delta': 0.006655247180609973, 'tp': 0.0739135300227091, 'gate_pct': 98.21870877115913, 'dd_limit': 9.628020027635628, 'cooldown': 3, 'flip': False, 'en_ema_trend': True, 'ema_trend_fast': 38, 'ema_trend_slow': 60, 'en_sma_trend': False, 'sma_trend_fast': 382, 'sma_trend_slow': 157, 'en_macd': False, 'macd_fast': 38, 'macd_slow': 88, 'macd_signal': 45, 'en_vwap': False, 'en_keltner': False, 'keltner_n': 178, 'keltner_m': 1.3, 'en_obv': True, 'obv_slope': 82, 'en_cci': True, 'cci_n': 107, 'cci_threshold': 220, 'en_rsi': False, 'rsi_n': 100, 'rsi_lower': 47, 'rsi_upper': 74, 'en_stochastic': True, 'stochastic_n': 53, 'stochastic_d': 6, 'stochastic_lower': 7, 'stochastic_upper': 83, 'en_mfi': True, 'mfi_n': 28, 'mfi_lower': 5, 'mfi_upper': 87, 'en_bollinger': False, 'bollinger_n': 72, 'bollinger_k': 4.6000000000000005, 'en_adx': False, 'adx_n': 27, 'adx_threshold': 54, 'en_structure_trend': True, 'structure_trend_swing_l': 1, 'en_order_block': True, 'order_block_swing_l': 18, 'en_fvg': False, 'fvg_lookback': 50, 'en_ifvg': True, 'en_breaker': True, 'breaker_swing_l': 13, 'en_cisd': True, 'k': 2, 'en_cap_bars': True, 'cap_1min': 495}.
[I 2026-07-13 15:36:22,157] Trial 1913 finished with values: [-533.3119121636898, -3796.2509195327953, 67.1] and parameters: {'sl_soft': 0.0395420475505296, 'sl_hard_delta': 0.028428697055377993, 'tp': 0.025405903547049746, 'gate_pct': 90.97354990533721, 'dd_limit': 0.23735305616742414, 'cooldown': 2, 'flip': True, 'en_ema_trend': True, 'ema_trend_fast': 351, 'ema_trend_slow': 367, 'en_sma_trend': False, 'sma_trend_fast': 262, 'sma_trend_slow': 12, 'en_macd': True, 'macd_fast': 60, 'macd_slow': 18, 'macd_signal': 49, 'en_vwap': False, 'en_keltner': True, 'keltner_n': 172, 'keltner_m': 1.3, 'en_obv': True, 'obv_slope': 22, 'en_cci': False, 'cci_n': 10, 'cci_threshold': 25, 'en_rsi': False, 'rsi_n': 46, 'rsi_lower': 12, 'rsi_upper': 53, 'en_stochastic': False, 'stochastic_n': 39, 'stochastic_d': 39, 'stochastic_lower': 31, 'stochastic_upper': 78, 'en_mfi': True, 'mfi_n': 68, 'mfi_lower': 8, 'mfi_upper': 93, 'en_bollinger': True, 'bollinger_n': 122, 'bollinger_k': 3.5, 'en_adx': False, 'adx_n': 64, 'adx_threshold': 12, 'en_structure_trend': True, 'structure_trend_swing_l': 13, 'en_order_block': True, 'order_block_swing_l': 15, 'en_fvg': False, 'fvg_lookback': 11, 'en_ifvg': False, 'en_breaker': True, 'breaker_swing_l': 9, 'en_cisd': True, 'k': 3, 'en_cap_bars': False, 'cap_1min': 963}.
[I 2026-07-13 15:36:24,485] Trial 1914 finished with values: [1038.943740638505, -6695.807896408825, 53.65] and parameters: {'sl_soft': 0.034454793278025315, 'sl_hard_delta': 0.04000671936357235, 'tp': 0.06466351711838181, 'gate_pct': 97.00844078669539, 'dd_limit': 9.628020027635628, 'cooldown': 2, 'flip': True, 'en_ema_trend': True, 'ema_trend_fast': 23, 'ema_trend_slow': 19, 'en_sma_trend': True, 'sma_trend_fast': 262, 'sma_trend_slow': 192, 'en_macd': True, 'macd_fast': 10, 'macd_slow': 88, 'macd_signal': 25, 'en_vwap': False, 'en_keltner': False, 'keltner_n': 178, 'keltner_m': 1.3, 'en_obv': True, 'obv_slope': 162, 'en_cci': False, 'cci_n': 88, 'cci_threshold': 35, 'en_rsi': False, 'rsi_n': 100, 'rsi_lower': 16, 'rsi_upper': 74, 'en_stochastic': False, 'stochastic_n': 87, 'stochastic_d': 6, 'stochastic_lower': 39, 'stochastic_upper': 83, 'en_mfi': False, 'mfi_n': 68, 'mfi_lower': 18, 'mfi_upper': 93, 'en_bollinger': True, 'bollinger_n': 72, 'bollinger_k': 4.6000000000000005, 'en_adx': False, 'adx_n': 27, 'adx_threshold': 14, 'en_structure_trend': True, 'structure_trend_swing_l': 10, 'en_order_block': True, 'order_block_swing_l': 18, 'en_fvg': False, 'fvg_lookback': 44, 'en_ifvg': True, 'en_breaker': True, 'breaker_swing_l': 13, 'en_cisd': False, 'k': 1, 'en_cap_bars': False, 'cap_1min': 495}.
[I 2026-07-13 15:36:24,830] Trial 1915 finished with values: [-261.35744431069696, -1159.8140478015039, 50.0] and parameters: {'sl_soft': 0.015203057816679206, 'sl_hard_delta': 0.03727016515657848, 'tp': 0.03040330530600309, 'gate_pct': 99.95605949198794, 'dd_limit': 1.4726436036009025, 'cooldown': 10, 'flip': True, 'en_ema_trend': False, 'ema_trend_fast': 27, 'ema_trend_slow': 14, 'en_sma_trend': False, 'sma_trend_fast': 392, 'sma_trend_slow': 354, 'en_macd': True, 'macd_fast': 91, 'macd_slow': 42, 'macd_signal': 26, 'en_vwap': True, 'en_keltner': False, 'keltner_n': 139, 'keltner_m': 2.5, 'en_obv': True, 'obv_slope': 14, 'en_cci': True, 'cci_n': 106, 'cci_threshold': 155, 'en_rsi': False, 'rsi_n': 81, 'rsi_lower': 13, 'rsi_upper': 95, 'en_stochastic': False, 'stochastic_n': 88, 'stochastic_d': 46, 'stochastic_lower': 7, 'stochastic_upper': 61, 'en_mfi': False, 'mfi_n': 93, 'mfi_lower': 30, 'mfi_upper': 96, 'en_bollinger': False, 'bollinger_n': 44, 'bollinger_k': 3.7, 'en_adx': False, 'adx_n': 16, 'adx_threshold': 12, 'en_structure_trend': False, 'structure_trend_swing_l': 6, 'en_order_block': True, 'order_block_swing_l': 3, 'en_fvg': False, 'fvg_lookback': 9, 'en_ifvg': False, 'en_breaker': True, 'breaker_swing_l': 16, 'en_cisd': False, 'k': 4, 'en_cap_bars': False, 'cap_1min': 368}.
[I 2026-07-13 15:36:27,538] Trial 1916 finished with values: [140.25618458466843, -1881.0559657424624, 33.95] and parameters: {'sl_soft': 0.010118579279263403, 'sl_hard_delta': 0.02515171303306487, 'tp': 0.06466351711838181, 'gate_pct': 90.97354990533721, 'dd_limit': 4.866210487643857, 'cooldown': 2, 'flip': True, 'en_ema_trend': True, 'ema_trend_fast': 101, 'ema_trend_slow': 19, 'en_sma_trend': True, 'sma_trend_fast': 353, 'sma_trend_slow': 192, 'en_macd': True, 'macd_fast': 53, 'macd_slow': 196, 'macd_signal': 61, 'en_vwap': False, 'en_keltner': True, 'keltner_n': 189, 'keltner_m': 1.3, 'en_obv': True, 'obv_slope': 197, 'en_cci': True, 'cci_n': 4, 'cci_threshold': 35, 'en_rsi': True, 'rsi_n': 46, 'rsi_lower': 16, 'rsi_upper': 89, 'en_stochastic': False, 'stochastic_n': 87, 'stochastic_d': 29, 'stochastic_lower': 4, 'stochastic_upper': 78, 'en_mfi': False, 'mfi_n': 68, 'mfi_lower': 18, 'mfi_upper': 93, 'en_bollinger': True, 'bollinger_n': 134, 'bollinger_k': 4.2, 'en_adx': False, 'adx_n': 32, 'adx_threshold': 14, 'en_structure_trend': False, 'structure_trend_swing_l': 18, 'en_order_block': True, 'order_block_swing_l': 4, 'en_fvg': True, 'fvg_lookback': 45, 'en_ifvg': True, 'en_breaker': True, 'breaker_swing_l': 2, 'en_cisd': True, 'k': 1, 'en_cap_bars': True, 'cap_1min': 1237}.
[I 2026-07-13 15:36:31,357] Trial 1917 finished with values: [-259.4508527962347, -1403.0134099676416, 58.2] and parameters: {'sl_soft': 0.018243430180995453, 'sl_hard_delta': 0.055497368807900425, 'tp': 0.024786837987347286, 'gate_pct': 99.08068803261627, 'dd_limit': 0.7899894121384478, 'cooldown': 16, 'flip': True, 'en_ema_trend': False, 'ema_trend_fast': 24, 'ema_trend_slow': 176, 'en_sma_trend': True, 'sma_trend_fast': 389, 'sma_trend_slow': 85, 'en_macd': False, 'macd_fast': 60, 'macd_slow': 60, 'macd_signal': 83, 'en_vwap': True, 'en_keltner': True, 'keltner_n': 178, 'keltner_m': 2.1, 'en_obv': True, 'obv_slope': 129, 'en_cci': True, 'cci_n': 98, 'cci_threshold': 135, 'en_rsi': False, 'rsi_n': 75, 'rsi_lower': 45, 'rsi_upper': 88, 'en_stochastic': False, 'stochastic_n': 78, 'stochastic_d': 27, 'stochastic_lower': 4, 'stochastic_upper': 72, 'en_mfi': True, 'mfi_n': 27, 'mfi_lower': 46, 'mfi_upper': 70, 'en_bollinger': True, 'bollinger_n': 134, 'bollinger_k': 4.2, 'en_adx': False, 'adx_n': 24, 'adx_threshold': 38, 'en_structure_trend': False, 'structure_trend_swing_l': 2, 'en_order_block': False, 'order_block_swing_l': 19, 'en_fvg': True, 'fvg_lookback': 48, 'en_ifvg': True, 'en_breaker': False, 'breaker_swing_l': 2, 'en_cisd': True, 'k': 5, 'en_cap_bars': True, 'cap_1min': 581}.
[I 2026-07-13 15:36:32,182] Trial 1918 pruned. 
[I 2026-07-13 15:36:33,148] Trial 1919 pruned. 
[I 2026-07-13 15:36:35,438] Trial 1920 finished with values: [258.4409017279121, -2412.12502896925, 63.150000000000006] and parameters: {'sl_soft': 0.03432736489891091, 'sl_hard_delta': 0.04000671936357235, 'tp': 0.04263786134786264, 'gate_pct': 96.82972780322679, 'dd_limit': 4.866210487643857, 'cooldown': 27, 'flip': True, 'en_ema_trend': False, 'ema_trend_fast': 24, 'ema_trend_slow': 158, 'en_sma_trend': True, 'sma_trend_fast': 198, 'sma_trend_slow': 141, 'en_macd': False, 'macd_fast': 9, 'macd_slow': 114, 'macd_signal': 82, 'en_vwap': False, 'en_keltner': True, 'keltner_n': 39, 'keltner_m': 1.3, 'en_obv': True, 'obv_slope': 129, 'en_cci': True, 'cci_n': 134, 'cci_threshold': 250, 'en_rsi': False, 'rsi_n': 95, 'rsi_lower': 16, 'rsi_upper': 67, 'en_stochastic': False, 'stochastic_n': 16, 'stochastic_d': 14, 'stochastic_lower': 4, 'stochastic_upper': 78, 'en_mfi': True, 'mfi_n': 62, 'mfi_lower': 18, 'mfi_upper': 64, 'en_bollinger': True, 'bollinger_n': 49, 'bollinger_k': 4.2, 'en_adx': False, 'adx_n': 90, 'adx_threshold': 38, 'en_structure_trend': False, 'structure_trend_swing_l': 12, 'en_order_block': True, 'order_block_swing_l': 4, 'en_fvg': True, 'fvg_lookback': 50, 'en_ifvg': False, 'en_breaker': True, 'breaker_swing_l': 2, 'en_cisd': True, 'k': 1, 'en_cap_bars': True, 'cap_1min': 797}.
[I 2026-07-13 15:36:41,959] Trial 1921 finished with values: [177.0802525646431, -1750.0947877113758, 68.4] and parameters: {'sl_soft': 0.020223052950007456, 'sl_hard_delta': 0.028428697055377993, 'tp': 0.028560602836268517, 'gate_pct': 97.00844078669539, 'dd_limit': 9.628020027635628, 'cooldown': 2, 'flip': True, 'en_ema_trend': True, 'ema_trend_fast': 206, 'ema_trend_slow': 292, 'en_sma_trend': False, 'sma_trend_fast': 382, 'sma_trend_slow': 359, 'en_macd': False, 'macd_fast': 10, 'macd_slow': 196, 'macd_signal': 45, 'en_vwap': True, 'en_keltner': True, 'keltner_n': 172, 'keltner_m': 1.3, 'en_obv': True, 'obv_slope': 162, 'en_cci': True, 'cci_n': 67, 'cci_threshold': 95, 'en_rsi': False, 'rsi_n': 100, 'rsi_lower': 32, 'rsi_upper': 53, 'en_stochastic': True, 'stochastic_n': 71, 'stochastic_d': 6, 'stochastic_lower': 39, 'stochastic_upper': 83, 'en_mfi': True, 'mfi_n': 68, 'mfi_lower': 43, 'mfi_upper': 87, 'en_bollinger': True, 'bollinger_n': 122, 'bollinger_k': 4.6000000000000005, 'en_adx': False, 'adx_n': 64, 'adx_threshold': 54, 'en_structure_trend': True, 'structure_trend_swing_l': 13, 'en_order_block': True, 'order_block_swing_l': 15, 'en_fvg': False, 'fvg_lookback': 44, 'en_ifvg': True, 'en_breaker': True, 'breaker_swing_l': 13, 'en_cisd': False, 'k': 2, 'en_cap_bars': False, 'cap_1min': 656}.
[I 2026-07-13 15:36:42,425] Trial 1922 pruned. 
[I 2026-07-13 15:36:43,519] Trial 1923 finished with values: [-1555.4765695406659, -6858.165978222955, 38.2] and parameters: {'sl_soft': 0.014434431894588548, 'sl_hard_delta': 0.03297931963060293, 'tp': 0.03314312527542716, 'gate_pct': 89.379488599073, 'dd_limit': 9.066216783758431, 'cooldown': 0, 'flip': True, 'en_ema_trend': False, 'ema_trend_fast': 351, 'ema_trend_slow': 136, 'en_sma_trend': True, 'sma_trend_fast': 145, 'sma_trend_slow': 16, 'en_macd': False, 'macd_fast': 91, 'macd_slow': 18, 'macd_signal': 41, 'en_vwap': True, 'en_keltner': False, 'keltner_n': 56, 'keltner_m': 5.0, 'en_obv': True, 'obv_slope': 126, 'en_cci': True, 'cci_n': 177, 'cci_threshold': 165, 'en_rsi': False, 'rsi_n': 91, 'rsi_lower': 8, 'rsi_upper': 88, 'en_stochastic': False, 'stochastic_n': 27, 'stochastic_d': 2, 'stochastic_lower': 1, 'stochastic_upper': 89, 'en_mfi': True, 'mfi_n': 68, 'mfi_lower': 43, 'mfi_upper': 76, 'en_bollinger': True, 'bollinger_n': 139, 'bollinger_k': 1.4, 'en_adx': False, 'adx_n': 36, 'adx_threshold': 50, 'en_structure_trend': True, 'structure_trend_swing_l': 1, 'en_order_block': True, 'order_block_swing_l': 4, 'en_fvg': True, 'fvg_lookback': 33, 'en_ifvg': True, 'en_breaker': False, 'breaker_swing_l': 15, 'en_cisd': True, 'k': 1, 'en_cap_bars': False, 'cap_1min': 532}.
[I 2026-07-13 15:36:44,246] Trial 1924 pruned. 
[I 2026-07-13 15:36:45,151] Trial 1925 pruned. 
[I 2026-07-13 15:36:45,798] Trial 1926 pruned. 
[I 2026-07-13 15:36:47,605] Trial 1927 finished with values: [-362.1146671581066, -1987.1873566171416, 56.25] and parameters: {'sl_soft': 0.04394141371603765, 'sl_hard_delta': 0.055023956129631846, 'tp': 0.04927094955011397, 'gate_pct': 96.82972780322679, 'dd_limit': 8.294324465484438, 'cooldown': 27, 'flip': True, 'en_ema_trend': True, 'ema_trend_fast': 365, 'ema_trend_slow': 88, 'en_sma_trend': False, 'sma_trend_fast': 377, 'sma_trend_slow': 319, 'en_macd': True, 'macd_fast': 93, 'macd_slow': 23, 'macd_signal': 52, 'en_vwap': False, 'en_keltner': False, 'keltner_n': 7, 'keltner_m': 5.0, 'en_obv': True, 'obv_slope': 191, 'en_cci': False, 'cci_n': 13, 'cci_threshold': 75, 'en_rsi': False, 'rsi_n': 72, 'rsi_lower': 19, 'rsi_upper': 77, 'en_stochastic': False, 'stochastic_n': 19, 'stochastic_d': 20, 'stochastic_lower': 36, 'stochastic_upper': 78, 'en_mfi': True, 'mfi_n': 77, 'mfi_lower': 45, 'mfi_upper': 91, 'en_bollinger': False, 'bollinger_n': 160, 'bollinger_k': 4.2, 'en_adx': False, 'adx_n': 36, 'adx_threshold': 29, 'en_structure_trend': False, 'structure_trend_swing_l': 12, 'en_order_block': True, 'order_block_swing_l': 15, 'en_fvg': False, 'fvg_lookback': 45, 'en_ifvg': False, 'en_breaker': True, 'breaker_swing_l': 11, 'en_cisd': True, 'k': 3, 'en_cap_bars': False, 'cap_1min': 1069}.
[I 2026-07-13 15:36:48,438] Trial 1928 finished with values: [439.92993450075335, -2916.4111242512568, 34.4] and parameters: {'sl_soft': 0.020223052950007456, 'sl_hard_delta': 0.006655247180609973, 'tp': 0.05957637995357488, 'gate_pct': 99.08068803261627, 'dd_limit': 9.628020027635628, 'cooldown': 3, 'flip': True, 'en_ema_trend': True, 'ema_trend_fast': 62, 'ema_trend_slow': 292, 'en_sma_trend': True, 'sma_trend_fast': 389, 'sma_trend_slow': 359, 'en_macd': False, 'macd_fast': 48, 'macd_slow': 88, 'macd_signal': 45, 'en_vwap': True, 'en_keltner': False, 'keltner_n': 178, 'keltner_m': 1.8, 'en_obv': True, 'obv_slope': 49, 'en_cci': True, 'cci_n': 83, 'cci_threshold': 135, 'en_rsi': True, 'rsi_n': 100, 'rsi_lower': 32, 'rsi_upper': 74, 'en_stochastic': False, 'stochastic_n': 71, 'stochastic_d': 38, 'stochastic_lower': 39, 'stochastic_upper': 83, 'en_mfi': True, 'mfi_n': 28, 'mfi_lower': 41, 'mfi_upper': 87, 'en_bollinger': False, 'bollinger_n': 72, 'bollinger_k': 4.6000000000000005, 'en_adx': False, 'adx_n': 27, 'adx_threshold': 54, 'en_structure_trend': True, 'structure_trend_swing_l': 20, 'en_order_block': True, 'order_block_swing_l': 12, 'en_fvg': False, 'fvg_lookback': 50, 'en_ifvg': True, 'en_breaker': True, 'breaker_swing_l': 13, 'en_cisd': True, 'k': 2, 'en_cap_bars': False, 'cap_1min': 495}.
[I 2026-07-13 15:36:48,911] Trial 1929 pruned. 
[I 2026-07-13 15:36:49,588] Trial 1930 finished with values: [-491.78064147660893, -4547.302782340733, 79.8] and parameters: {'sl_soft': 0.0430567193720152, 'sl_hard_delta': 0.03297931963060293, 'tp': 0.014639614258084065, 'gate_pct': 89.379488599073, 'dd_limit': 1.740791785171474, 'cooldown': 0, 'flip': True, 'en_ema_trend': False, 'ema_trend_fast': 89, 'ema_trend_slow': 116, 'en_sma_trend': True, 'sma_trend_fast': 145, 'sma_trend_slow': 186, 'en_macd': False, 'macd_fast': 23, 'macd_slow': 96, 'macd_signal': 41, 'en_vwap': False, 'en_keltner': True, 'keltner_n': 77, 'keltner_m': 4.6000000000000005, 'en_obv': False, 'obv_slope': 92, 'en_cci': True, 'cci_n': 177, 'cci_threshold': 245, 'en_rsi': False, 'rsi_n': 80, 'rsi_lower': 24, 'rsi_upper': 63, 'en_stochastic': False, 'stochastic_n': 27, 'stochastic_d': 12, 'stochastic_lower': 1, 'stochastic_upper': 51, 'en_mfi': True, 'mfi_n': 49, 'mfi_lower': 43, 'mfi_upper': 52, 'en_bollinger': True, 'bollinger_n': 19, 'bollinger_k': 4.300000000000001, 'en_adx': False, 'adx_n': 87, 'adx_threshold': 28, 'en_structure_trend': False, 'structure_trend_swing_l': 16, 'en_order_block': True, 'order_block_swing_l': 5, 'en_fvg': True, 'fvg_lookback': 24, 'en_ifvg': True, 'en_breaker': False, 'breaker_swing_l': 17, 'en_cisd': True, 'k': 4, 'en_cap_bars': False, 'cap_1min': 532}.
[I 2026-07-13 15:36:50,758] Trial 1931 pruned. 
[I 2026-07-13 15:36:51,897] Trial 1932 pruned. 
[I 2026-07-13 15:36:54,687] Trial 1933 finished with values: [-266.3369758330524, -7039.1942121852, 60.0] and parameters: {'sl_soft': 0.010118579279263403, 'sl_hard_delta': 0.04146915336807996, 'tp': 0.024786837987347286, 'gate_pct': 96.82972780322679, 'dd_limit': 4.640993551634958, 'cooldown': 3, 'flip': True, 'en_ema_trend': True, 'ema_trend_fast': 62, 'ema_trend_slow': 397, 'en_sma_trend': True, 'sma_trend_fast': 198, 'sma_trend_slow': 85, 'en_macd': True, 'macd_fast': 53, 'macd_slow': 114, 'macd_signal': 61, 'en_vwap': True, 'en_keltner': True, 'keltner_n': 178, 'keltner_m': 1.7000000000000002, 'en_obv': True, 'obv_slope': 49, 'en_cci': True, 'cci_n': 83, 'cci_threshold': 135, 'en_rsi': False, 'rsi_n': 100, 'rsi_lower': 45, 'rsi_upper': 96, 'en_stochastic': False, 'stochastic_n': 43, 'stochastic_d': 14, 'stochastic_lower': 31, 'stochastic_upper': 78, 'en_mfi': True, 'mfi_n': 27, 'mfi_lower': 11, 'mfi_upper': 57, 'en_bollinger': True, 'bollinger_n': 134, 'bollinger_k': 4.6000000000000005, 'en_adx': True, 'adx_n': 16, 'adx_threshold': 18, 'en_structure_trend': False, 'structure_trend_swing_l': 12, 'en_order_block': True, 'order_block_swing_l': 9, 'en_fvg': True, 'fvg_lookback': 45, 'en_ifvg': False, 'en_breaker': False, 'breaker_swing_l': 2, 'en_cisd': True, 'k': 2, 'en_cap_bars': True, 'cap_1min': 1070}.
[I 2026-07-13 15:36:55,818] Trial 1934 finished with values: [-1910.4308664671876, -21369.84645049943, 61.9] and parameters: {'sl_soft': 0.020223052950007456, 'sl_hard_delta': 0.04146915336807996, 'tp': 0.024786837987347286, 'gate_pct': 99.08068803261627, 'dd_limit': 4.640993551634958, 'cooldown': 3, 'flip': True, 'en_ema_trend': False, 'ema_trend_fast': 24, 'ema_trend_slow': 397, 'en_sma_trend': True, 'sma_trend_fast': 198, 'sma_trend_slow': 57, 'en_macd': False, 'macd_fast': 48, 'macd_slow': 114, 'macd_signal': 40, 'en_vwap': False, 'en_keltner': True, 'keltner_n': 178, 'keltner_m': 2.1, 'en_obv': True, 'obv_slope': 49, 'en_cci': True, 'cci_n': 83, 'cci_threshold': 250, 'en_rsi': False, 'rsi_n': 100, 'rsi_lower': 32, 'rsi_upper': 96, 'en_stochastic': False, 'stochastic_n': 46, 'stochastic_d': 14, 'stochastic_lower': 39, 'stochastic_upper': 78, 'en_mfi': True, 'mfi_n': 76, 'mfi_lower': 41, 'mfi_upper': 87, 'en_bollinger': False, 'bollinger_n': 72, 'bollinger_k': 4.6000000000000005, 'en_adx': False, 'adx_n': 22, 'adx_threshold': 38, 'en_structure_trend': False, 'structure_trend_swing_l': 20, 'en_order_block': False, 'order_block_swing_l': 12, 'en_fvg': True, 'fvg_lookback': 48, 'en_ifvg': False, 'en_breaker': False, 'breaker_swing_l': 2, 'en_cisd': True, 'k': 2, 'en_cap_bars': True, 'cap_1min': 797}.
[I 2026-07-13 15:36:58,363] Trial 1935 finished with values: [-83.78780846053147, -1697.3047274746737, 76.75] and parameters: {'sl_soft': 0.03432736489891091, 'sl_hard_delta': 0.04146915336807996, 'tp': 0.024786837987347286, 'gate_pct': 90.81410949813346, 'dd_limit': 3.915453255051588, 'cooldown': 9, 'flip': True, 'en_ema_trend': True, 'ema_trend_fast': 148, 'ema_trend_slow': 158, 'en_sma_trend': True, 'sma_trend_fast': 257, 'sma_trend_slow': 57, 'en_macd': True, 'macd_fast': 9, 'macd_slow': 18, 'macd_signal': 40, 'en_vwap': True, 'en_keltner': False, 'keltner_n': 39, 'keltner_m': 2.6, 'en_obv': True, 'obv_slope': 57, 'en_cci': False, 'cci_n': 20, 'cci_threshold': 255, 'en_rsi': False, 'rsi_n': 53, 'rsi_lower': 31, 'rsi_upper': 89, 'en_stochastic': False, 'stochastic_n': 46, 'stochastic_d': 29, 'stochastic_lower': 23, 'stochastic_upper': 97, 'en_mfi': True, 'mfi_n': 35, 'mfi_lower': 1, 'mfi_upper': 87, 'en_bollinger': True, 'bollinger_n': 49, 'bollinger_k': 4.2, 'en_adx': False, 'adx_n': 90, 'adx_threshold': 45, 'en_structure_trend': False, 'structure_trend_swing_l': 11, 'en_order_block': True, 'order_block_swing_l': 2, 'en_fvg': True, 'fvg_lookback': 50, 'en_ifvg': False, 'en_breaker': False, 'breaker_swing_l': 5, 'en_cisd': True, 'k': 2, 'en_cap_bars': False, 'cap_1min': 1435}.
[I 2026-07-13 15:37:00,706] Trial 1936 finished with values: [-288.68781380882785, -2626.4638804997985, 55.05] and parameters: {'sl_soft': 0.010118579279263403, 'sl_hard_delta': 0.028428697055377993, 'tp': 0.019150750409977012, 'gate_pct': 87.84603704995507, 'dd_limit': 9.628020027635628, 'cooldown': 6, 'flip': True, 'en_ema_trend': False, 'ema_trend_fast': 35, 'ema_trend_slow': 133, 'en_sma_trend': False, 'sma_trend_fast': 198, 'sma_trend_slow': 14, 'en_macd': True, 'macd_fast': 39, 'macd_slow': 114, 'macd_signal': 61, 'en_vwap': False, 'en_keltner': True, 'keltner_n': 198, 'keltner_m': 2.1, 'en_obv': True, 'obv_slope': 129, 'en_cci': True, 'cci_n': 134, 'cci_threshold': 30, 'en_rsi': True, 'rsi_n': 50, 'rsi_lower': 6, 'rsi_upper': 53, 'en_stochastic': False, 'stochastic_n': 39, 'stochastic_d': 50, 'stochastic_lower': 2, 'stochastic_upper': 94, 'en_mfi': False, 'mfi_n': 73, 'mfi_lower': 11, 'mfi_upper': 69, 'en_bollinger': True, 'bollinger_n': 134, 'bollinger_k': 2.1, 'en_adx': False, 'adx_n': 38, 'adx_threshold': 24, 'en_structure_trend': False, 'structure_trend_swing_l': 1, 'en_order_block': False, 'order_block_swing_l': 18, 'en_fvg': False, 'fvg_lookback': 27, 'en_ifvg': False, 'en_breaker': True, 'breaker_swing_l': 16, 'en_cisd': True, 'k': 1, 'en_cap_bars': True, 'cap_1min': 1254}.
