[I 2026-07-13 15:47:27,231] Trial 2424 finished with values: [3333.6900666984616, -1762.874097317268, 25.1] and parameters: {'sl_soft': 0.010118579279263403, 'sl_hard_delta': 0.006655247180609973, 'tp': 0.06698715123739918, 'gate_pct': 97.00844078669539, 'dd_limit': 9.066216783758431, 'cooldown': 2, 'flip': True, 'en_ema_trend': True, 'ema_trend_fast': 24, 'ema_trend_slow': 19, 'en_sma_trend': True, 'sma_trend_fast': 382, 'sma_trend_slow': 359, 'en_macd': True, 'macd_fast': 53, 'macd_slow': 60, 'macd_signal': 52, 'en_vwap': False, 'en_keltner': False, 'keltner_n': 172, 'keltner_m': 1.3, 'en_obv': False, 'obv_slope': 197, 'en_cci': True, 'cci_n': 166, 'cci_threshold': 35, 'en_rsi': False, 'rsi_n': 72, 'rsi_lower': 2, 'rsi_upper': 96, 'en_stochastic': False, 'stochastic_n': 87, 'stochastic_d': 6, 'stochastic_lower': 31, 'stochastic_upper': 78, 'en_mfi': True, 'mfi_n': 68, 'mfi_lower': 18, 'mfi_upper': 93, 'en_bollinger': True, 'bollinger_n': 134, 'bollinger_k': 4.6000000000000005, 'en_adx': False, 'adx_n': 27, 'adx_threshold': 54, 'en_structure_trend': False, 'structure_trend_swing_l': 10, 'en_order_block': True, 'order_block_swing_l': 18, 'en_fvg': False, 'fvg_lookback': 45, 'en_ifvg': False, 'en_breaker': True, 'breaker_swing_l': 2, 'en_cisd': False, 'k': 1, 'en_cap_bars': True, 'cap_1min': 797}.
[I 2026-07-13 15:47:27,773] Trial 2425 finished with values: [-77.5907120743646, -2387.449527791894, 29.4] and parameters: {'sl_soft': 0.020223052950007456, 'sl_hard_delta': 0.006655247180609973, 'tp': 0.05957637995357488, 'gate_pct': 90.97354990533721, 'dd_limit': 9.628020027635628, 'cooldown': 3, 'flip': True, 'en_ema_trend': True, 'ema_trend_fast': 23, 'ema_trend_slow': 292, 'en_sma_trend': True, 'sma_trend_fast': 382, 'sma_trend_slow': 192, 'en_macd': True, 'macd_fast': 53, 'macd_slow': 60, 'macd_signal': 40, 'en_vwap': False, 'en_keltner': False, 'keltner_n': 178, 'keltner_m': 1.3, 'en_obv': False, 'obv_slope': 197, 'en_cci': True, 'cci_n': 83, 'cci_threshold': 35, 'en_rsi': False, 'rsi_n': 100, 'rsi_lower': 19, 'rsi_upper': 96, 'en_stochastic': False, 'stochastic_n': 71, 'stochastic_d': 38, 'stochastic_lower': 31, 'stochastic_upper': 78, 'en_mfi': False, 'mfi_n': 76, 'mfi_lower': 43, 'mfi_upper': 87, 'en_bollinger': False, 'bollinger_n': 72, 'bollinger_k': 4.6000000000000005, 'en_adx': False, 'adx_n': 27, 'adx_threshold': 54, 'en_structure_trend': False, 'structure_trend_swing_l': 20, 'en_order_block': True, 'order_block_swing_l': 18, 'en_fvg': False, 'fvg_lookback': 50, 'en_ifvg': True, 'en_breaker': True, 'breaker_swing_l': 14, 'en_cisd': False, 'k': 1, 'en_cap_bars': False, 'cap_1min': 1237}.
[I 2026-07-13 15:47:28,239] Trial 2426 finished with values: [1294.931357854683, -5038.093642671662, 46.25] and parameters: {'sl_soft': 0.020223052950007456, 'sl_hard_delta': 0.02515171303306487, 'tp': 0.06466351711838181, 'gate_pct': 96.82972780322679, 'dd_limit': 9.50807718589736, 'cooldown': 2, 'flip': True, 'en_ema_trend': True, 'ema_trend_fast': 23, 'ema_trend_slow': 19, 'en_sma_trend': False, 'sma_trend_fast': 262, 'sma_trend_slow': 192, 'en_macd': True, 'macd_fast': 53, 'macd_slow': 114, 'macd_signal': 40, 'en_vwap': False, 'en_keltner': True, 'keltner_n': 189, 'keltner_m': 1.3, 'en_obv': False, 'obv_slope': 197, 'en_cci': True, 'cci_n': 88, 'cci_threshold': 35, 'en_rsi': True, 'rsi_n': 46, 'rsi_lower': 16, 'rsi_upper': 89, 'en_stochastic': False, 'stochastic_n': 87, 'stochastic_d': 45, 'stochastic_lower': 4, 'stochastic_upper': 78, 'en_mfi': False, 'mfi_n': 68, 'mfi_lower': 18, 'mfi_upper': 93, 'en_bollinger': True, 'bollinger_n': 70, 'bollinger_k': 3.5, 'en_adx': False, 'adx_n': 32, 'adx_threshold': 14, 'en_structure_trend': False, 'structure_trend_swing_l': 10, 'en_order_block': True, 'order_block_swing_l': 4, 'en_fvg': True, 'fvg_lookback': 45, 'en_ifvg': True, 'en_breaker': True, 'breaker_swing_l': 2, 'en_cisd': True, 'k': 1, 'en_cap_bars': True, 'cap_1min': 1162}.
[I 2026-07-13 15:47:29,473] Trial 2427 finished with values: [1268.4927804870226, -2224.7927020128363, 25.5] and parameters: {'sl_soft': 0.010118579279263403, 'sl_hard_delta': 0.006655247180609973, 'tp': 0.05957637995357488, 'gate_pct': 90.97354990533721, 'dd_limit': 4.866210487643857, 'cooldown': 2, 'flip': False, 'en_ema_trend': True, 'ema_trend_fast': 101, 'ema_trend_slow': 397, 'en_sma_trend': False, 'sma_trend_fast': 262, 'sma_trend_slow': 14, 'en_macd': True, 'macd_fast': 38, 'macd_slow': 196, 'macd_signal': 40, 'en_vwap': False, 'en_keltner': False, 'keltner_n': 114, 'keltner_m': 1.3, 'en_obv': True, 'obv_slope': 197, 'en_cci': False, 'cci_n': 83, 'cci_threshold': 75, 'en_rsi': False, 'rsi_n': 95, 'rsi_lower': 2, 'rsi_upper': 89, 'en_stochastic': False, 'stochastic_n': 71, 'stochastic_d': 38, 'stochastic_lower': 31, 'stochastic_upper': 78, 'en_mfi': False, 'mfi_n': 28, 'mfi_lower': 18, 'mfi_upper': 93, 'en_bollinger': True, 'bollinger_n': 51, 'bollinger_k': 4.6000000000000005, 'en_adx': False, 'adx_n': 27, 'adx_threshold': 54, 'en_structure_trend': True, 'structure_trend_swing_l': 13, 'en_order_block': True, 'order_block_swing_l': 18, 'en_fvg': False, 'fvg_lookback': 45, 'en_ifvg': False, 'en_breaker': True, 'breaker_swing_l': 13, 'en_cisd': False, 'k': 1, 'en_cap_bars': True, 'cap_1min': 656}.
[I 2026-07-13 15:47:30,080] Trial 2428 finished with values: [1771.0134862789673, -3026.1028305360333, 58.9] and parameters: {'sl_soft': 0.034454793278025315, 'sl_hard_delta': 0.04000671936357235, 'tp': 0.06466351711838181, 'gate_pct': 90.97354990533721, 'dd_limit': 4.866210487643857, 'cooldown': 3, 'flip': True, 'en_ema_trend': True, 'ema_trend_fast': 24, 'ema_trend_slow': 397, 'en_sma_trend': False, 'sma_trend_fast': 262, 'sma_trend_slow': 192, 'en_macd': True, 'macd_fast': 10, 'macd_slow': 196, 'macd_signal': 25, 'en_vwap': False, 'en_keltner': True, 'keltner_n': 189, 'keltner_m': 1.3, 'en_obv': False, 'obv_slope': 197, 'en_cci': True, 'cci_n': 166, 'cci_threshold': 35, 'en_rsi': False, 'rsi_n': 46, 'rsi_lower': 2, 'rsi_upper': 96, 'en_stochastic': False, 'stochastic_n': 87, 'stochastic_d': 45, 'stochastic_lower': 31, 'stochastic_upper': 78, 'en_mfi': False, 'mfi_n': 68, 'mfi_lower': 43, 'mfi_upper': 93, 'en_bollinger': True, 'bollinger_n': 70, 'bollinger_k': 4.6000000000000005, 'en_adx': False, 'adx_n': 32, 'adx_threshold': 14, 'en_structure_trend': True, 'structure_trend_swing_l': 10, 'en_order_block': True, 'order_block_swing_l': 18, 'en_fvg': False, 'fvg_lookback': 44, 'en_ifvg': True, 'en_breaker': True, 'breaker_swing_l': 14, 'en_cisd': False, 'k': 1, 'en_cap_bars': True, 'cap_1min': 1237}.
[I 2026-07-13 15:47:30,530] Trial 2429 finished with values: [-142.5996200929092, -3280.285994513896, 42.25] and parameters: {'sl_soft': 0.020223052950007456, 'sl_hard_delta': 0.04000671936357235, 'tp': 0.06597500573834292, 'gate_pct': 99.08068803261627, 'dd_limit': 9.628020027635628, 'cooldown': 2, 'flip': True, 'en_ema_trend': True, 'ema_trend_fast': 62, 'ema_trend_slow': 397, 'en_sma_trend': False, 'sma_trend_fast': 353, 'sma_trend_slow': 359, 'en_macd': False, 'macd_fast': 53, 'macd_slow': 196, 'macd_signal': 52, 'en_vwap': False, 'en_keltner': False, 'keltner_n': 172, 'keltner_m': 1.3, 'en_obv': True, 'obv_slope': 22, 'en_cci': True, 'cci_n': 166, 'cci_threshold': 95, 'en_rsi': False, 'rsi_n': 72, 'rsi_lower': 31, 'rsi_upper': 89, 'en_stochastic': False, 'stochastic_n': 87, 'stochastic_d': 36, 'stochastic_lower': 4, 'stochastic_upper': 75, 'en_mfi': True, 'mfi_n': 68, 'mfi_lower': 18, 'mfi_upper': 93, 'en_bollinger': False, 'bollinger_n': 72, 'bollinger_k': 4.2, 'en_adx': False, 'adx_n': 27, 'adx_threshold': 50, 'en_structure_trend': True, 'structure_trend_swing_l': 20, 'en_order_block': False, 'order_block_swing_l': 18, 'en_fvg': True, 'fvg_lookback': 45, 'en_ifvg': False, 'en_breaker': True, 'breaker_swing_l': 2, 'en_cisd': False, 'k': 1, 'en_cap_bars': True, 'cap_1min': 797}.
[I 2026-07-13 15:47:30,923] Trial 2430 finished with values: [1276.575629284835, -1881.552822603112, 33.0] and parameters: {'sl_soft': 0.020223052950007456, 'sl_hard_delta': 0.006655247180609973, 'tp': 0.0739135300227091, 'gate_pct': 97.00844078669539, 'dd_limit': 4.866210487643857, 'cooldown': 3, 'flip': True, 'en_ema_trend': True, 'ema_trend_fast': 23, 'ema_trend_slow': 158, 'en_sma_trend': False, 'sma_trend_fast': 382, 'sma_trend_slow': 359, 'en_macd': False, 'macd_fast': 38, 'macd_slow': 18, 'macd_signal': 45, 'en_vwap': True, 'en_keltner': False, 'keltner_n': 178, 'keltner_m': 1.3, 'en_obv': True, 'obv_slope': 197, 'en_cci': False, 'cci_n': 20, 'cci_threshold': 35, 'en_rsi': True, 'rsi_n': 53, 'rsi_lower': 31, 'rsi_upper': 54, 'en_stochastic': False, 'stochastic_n': 71, 'stochastic_d': 29, 'stochastic_lower': 31, 'stochastic_upper': 97, 'en_mfi': False, 'mfi_n': 35, 'mfi_lower': 18, 'mfi_upper': 87, 'en_bollinger': False, 'bollinger_n': 72, 'bollinger_k': 4.6000000000000005, 'en_adx': False, 'adx_n': 27, 'adx_threshold': 54, 'en_structure_trend': True, 'structure_trend_swing_l': 1, 'en_order_block': False, 'order_block_swing_l': 18, 'en_fvg': False, 'fvg_lookback': 50, 'en_ifvg': True, 'en_breaker': True, 'breaker_swing_l': 5, 'en_cisd': False, 'k': 1, 'en_cap_bars': False, 'cap_1min': 1435}.
[I 2026-07-13 15:47:32,315] Trial 2431 finished with values: [696.9926787154002, -1341.9061167894606, 28.6] and parameters: {'sl_soft': 0.010118579279263403, 'sl_hard_delta': 0.006655247180609973, 'tp': 0.05957637995357488, 'gate_pct': 90.97354990533721, 'dd_limit': 4.667357421566379, 'cooldown': 2, 'flip': True, 'en_ema_trend': True, 'ema_trend_fast': 24, 'ema_trend_slow': 397, 'en_sma_trend': False, 'sma_trend_fast': 382, 'sma_trend_slow': 14, 'en_macd': True, 'macd_fast': 10, 'macd_slow': 86, 'macd_signal': 25, 'en_vwap': False, 'en_keltner': True, 'keltner_n': 198, 'keltner_m': 1.3, 'en_obv': False, 'obv_slope': 197, 'en_cci': True, 'cci_n': 88, 'cci_threshold': 95, 'en_rsi': True, 'rsi_n': 95, 'rsi_lower': 31, 'rsi_upper': 96, 'en_stochastic': False, 'stochastic_n': 71, 'stochastic_d': 50, 'stochastic_lower': 27, 'stochastic_upper': 78, 'en_mfi': False, 'mfi_n': 76, 'mfi_lower': 8, 'mfi_upper': 93, 'en_bollinger': False, 'bollinger_n': 182, 'bollinger_k': 2.1, 'en_adx': False, 'adx_n': 27, 'adx_threshold': 54, 'en_structure_trend': True, 'structure_trend_swing_l': 13, 'en_order_block': True, 'order_block_swing_l': 12, 'en_fvg': True, 'fvg_lookback': 45, 'en_ifvg': True, 'en_breaker': True, 'breaker_swing_l': 13, 'en_cisd': False, 'k': 1, 'en_cap_bars': True, 'cap_1min': 1237}.
[I 2026-07-13 15:47:32,819] Trial 2432 finished with values: [1078.5825127083904, -6374.028763330208, 51.4] and parameters: {'sl_soft': 0.020223052950007456, 'sl_hard_delta': 0.04000671936357235, 'tp': 0.04753900966864254, 'gate_pct': 96.82972780322679, 'dd_limit': 9.50807718589736, 'cooldown': 2, 'flip': True, 'en_ema_trend': True, 'ema_trend_fast': 23, 'ema_trend_slow': 19, 'en_sma_trend': False, 'sma_trend_fast': 262, 'sma_trend_slow': 192, 'en_macd': True, 'macd_fast': 53, 'macd_slow': 114, 'macd_signal': 61, 'en_vwap': False, 'en_keltner': True, 'keltner_n': 189, 'keltner_m': 1.3, 'en_obv': False, 'obv_slope': 129, 'en_cci': True, 'cci_n': 88, 'cci_threshold': 75, 'en_rsi': True, 'rsi_n': 46, 'rsi_lower': 16, 'rsi_upper': 89, 'en_stochastic': False, 'stochastic_n': 19, 'stochastic_d': 29, 'stochastic_lower': 4, 'stochastic_upper': 78, 'en_mfi': False, 'mfi_n': 14, 'mfi_lower': 11, 'mfi_upper': 93, 'en_bollinger': False, 'bollinger_n': 70, 'bollinger_k': 5.0, 'en_adx': False, 'adx_n': 67, 'adx_threshold': 14, 'en_structure_trend': False, 'structure_trend_swing_l': 12, 'en_order_block': True, 'order_block_swing_l': 4, 'en_fvg': True, 'fvg_lookback': 50, 'en_ifvg': True, 'en_breaker': True, 'breaker_swing_l': 2, 'en_cisd': False, 'k': 1, 'en_cap_bars': True, 'cap_1min': 1237}.
[I 2026-07-13 15:47:33,375] Trial 2433 finished with values: [128.21343411046007, -3047.030913958083, 45.7] and parameters: {'sl_soft': 0.034454793278025315, 'sl_hard_delta': 0.006655247180609973, 'tp': 0.04927094955011397, 'gate_pct': 97.00844078669539, 'dd_limit': 4.866210487643857, 'cooldown': 3, 'flip': True, 'en_ema_trend': True, 'ema_trend_fast': 23, 'ema_trend_slow': 19, 'en_sma_trend': True, 'sma_trend_fast': 382, 'sma_trend_slow': 359, 'en_macd': True, 'macd_fast': 10, 'macd_slow': 196, 'macd_signal': 25, 'en_vwap': True, 'en_keltner': False, 'keltner_n': 178, 'keltner_m': 1.3, 'en_obv': False, 'obv_slope': 22, 'en_cci': True, 'cci_n': 166, 'cci_threshold': 35, 'en_rsi': False, 'rsi_n': 95, 'rsi_lower': 2, 'rsi_upper': 96, 'en_stochastic': False, 'stochastic_n': 49, 'stochastic_d': 6, 'stochastic_lower': 17, 'stochastic_upper': 83, 'en_mfi': False, 'mfi_n': 68, 'mfi_lower': 43, 'mfi_upper': 87, 'en_bollinger': True, 'bollinger_n': 122, 'bollinger_k': 4.6000000000000005, 'en_adx': False, 'adx_n': 27, 'adx_threshold': 54, 'en_structure_trend': True, 'structure_trend_swing_l': 10, 'en_order_block': True, 'order_block_swing_l': 18, 'en_fvg': False, 'fvg_lookback': 50, 'en_ifvg': True, 'en_breaker': True, 'breaker_swing_l': 14, 'en_cisd': False, 'k': 1, 'en_cap_bars': True, 'cap_1min': 1237}.
[I 2026-07-13 15:47:33,809] Trial 2434 finished with values: [328.5321496043281, -1186.3267957962628, 23.85] and parameters: {'sl_soft': 0.010118579279263403, 'sl_hard_delta': 0.006655247180609973, 'tp': 0.06466351711838181, 'gate_pct': 97.00844078669539, 'dd_limit': 4.866210487643857, 'cooldown': 3, 'flip': True, 'en_ema_trend': True, 'ema_trend_fast': 24, 'ema_trend_slow': 19, 'en_sma_trend': True, 'sma_trend_fast': 262, 'sma_trend_slow': 359, 'en_macd': False, 'macd_fast': 48, 'macd_slow': 18, 'macd_signal': 52, 'en_vwap': True, 'en_keltner': True, 'keltner_n': 30, 'keltner_m': 1.8, 'en_obv': True, 'obv_slope': 22, 'en_cci': False, 'cci_n': 20, 'cci_threshold': 135, 'en_rsi': False, 'rsi_n': 100, 'rsi_lower': 4, 'rsi_upper': 96, 'en_stochastic': False, 'stochastic_n': 87, 'stochastic_d': 29, 'stochastic_lower': 31, 'stochastic_upper': 78, 'en_mfi': True, 'mfi_n': 28, 'mfi_lower': 18, 'mfi_upper': 93, 'en_bollinger': True, 'bollinger_n': 72, 'bollinger_k': 4.6000000000000005, 'en_adx': False, 'adx_n': 27, 'adx_threshold': 14, 'en_structure_trend': True, 'structure_trend_swing_l': 1, 'en_order_block': True, 'order_block_swing_l': 12, 'en_fvg': False, 'fvg_lookback': 50, 'en_ifvg': True, 'en_breaker': True, 'breaker_swing_l': 13, 'en_cisd': True, 'k': 2, 'en_cap_bars': False, 'cap_1min': 797}.
[I 2026-07-13 15:47:34,394] Trial 2435 finished with values: [-98.08480042881482, -3770.928741121722, 38.150000000000006] and parameters: {'sl_soft': 0.010118579279263403, 'sl_hard_delta': 0.05752078670204755, 'tp': 0.06466351711838181, 'gate_pct': 90.97354990533721, 'dd_limit': 4.866210487643857, 'cooldown': 2, 'flip': True, 'en_ema_trend': True, 'ema_trend_fast': 101, 'ema_trend_slow': 158, 'en_sma_trend': True, 'sma_trend_fast': 331, 'sma_trend_slow': 192, 'en_macd': False, 'macd_fast': 53, 'macd_slow': 196, 'macd_signal': 52, 'en_vwap': False, 'en_keltner': True, 'keltner_n': 189, 'keltner_m': 1.3, 'en_obv': True, 'obv_slope': 57, 'en_cci': True, 'cci_n': 4, 'cci_threshold': 35, 'en_rsi': True, 'rsi_n': 46, 'rsi_lower': 5, 'rsi_upper': 89, 'en_stochastic': False, 'stochastic_n': 27, 'stochastic_d': 29, 'stochastic_lower': 4, 'stochastic_upper': 78, 'en_mfi': False, 'mfi_n': 68, 'mfi_lower': 18, 'mfi_upper': 87, 'en_bollinger': True, 'bollinger_n': 72, 'bollinger_k': 4.2, 'en_adx': False, 'adx_n': 36, 'adx_threshold': 14, 'en_structure_trend': False, 'structure_trend_swing_l': 1, 'en_order_block': True, 'order_block_swing_l': 4, 'en_fvg': True, 'fvg_lookback': 50, 'en_ifvg': True, 'en_breaker': True, 'breaker_swing_l': 2, 'en_cisd': True, 'k': 2, 'en_cap_bars': False, 'cap_1min': 1237}.
[I 2026-07-13 15:47:40,680] Trial 2436 finished with values: [-906.458179044396, -2336.6287047896603, 28.25] and parameters: {'sl_soft': 0.010118579279263403, 'sl_hard_delta': 0.02515171303306487, 'tp': 0.06597500573834292, 'gate_pct': 96.82972780322679, 'dd_limit': 9.50807718589736, 'cooldown': 2, 'flip': True, 'en_ema_trend': True, 'ema_trend_fast': 24, 'ema_trend_slow': 397, 'en_sma_trend': True, 'sma_trend_fast': 262, 'sma_trend_slow': 14, 'en_macd': True, 'macd_fast': 50, 'macd_slow': 60, 'macd_signal': 25, 'en_vwap': False, 'en_keltner': False, 'keltner_n': 135, 'keltner_m': 2.1, 'en_obv': True, 'obv_slope': 129, 'en_cci': True, 'cci_n': 83, 'cci_threshold': 75, 'en_rsi': True, 'rsi_n': 46, 'rsi_lower': 31, 'rsi_upper': 89, 'en_stochastic': False, 'stochastic_n': 71, 'stochastic_d': 38, 'stochastic_lower': 31, 'stochastic_upper': 78, 'en_mfi': False, 'mfi_n': 76, 'mfi_lower': 11, 'mfi_upper': 93, 'en_bollinger': True, 'bollinger_n': 134, 'bollinger_k': 4.6000000000000005, 'en_adx': True, 'adx_n': 27, 'adx_threshold': 14, 'en_structure_trend': True, 'structure_trend_swing_l': 13, 'en_order_block': True, 'order_block_swing_l': 4, 'en_fvg': False, 'fvg_lookback': 45, 'en_ifvg': False, 'en_breaker': True, 'breaker_swing_l': 2, 'en_cisd': True, 'k': 1, 'en_cap_bars': True, 'cap_1min': 1237}.
[I 2026-07-13 15:47:41,259] Trial 2437 finished with values: [-162.444180378678, -6647.0796766009225, 46.9] and parameters: {'sl_soft': 0.034454793278025315, 'sl_hard_delta': 0.02515171303306487, 'tp': 0.06466351711838181, 'gate_pct': 90.97354990533721, 'dd_limit': 9.50807718589736, 'cooldown': 2, 'flip': True, 'en_ema_trend': True, 'ema_trend_fast': 101, 'ema_trend_slow': 19, 'en_sma_trend': True, 'sma_trend_fast': 38, 'sma_trend_slow': 192, 'en_macd': True, 'macd_fast': 53, 'macd_slow': 196, 'macd_signal': 61, 'en_vwap': False, 'en_keltner': True, 'keltner_n': 189, 'keltner_m': 1.3, 'en_obv': False, 'obv_slope': 129, 'en_cci': True, 'cci_n': 88, 'cci_threshold': 75, 'en_rsi': False, 'rsi_n': 46, 'rsi_lower': 16, 'rsi_upper': 67, 'en_stochastic': False, 'stochastic_n': 87, 'stochastic_d': 45, 'stochastic_lower': 31, 'stochastic_upper': 78, 'en_mfi': False, 'mfi_n': 68, 'mfi_lower': 11, 'mfi_upper': 93, 'en_bollinger': True, 'bollinger_n': 70, 'bollinger_k': 3.5, 'en_adx': False, 'adx_n': 67, 'adx_threshold': 14, 'en_structure_trend': False, 'structure_trend_swing_l': 10, 'en_order_block': True, 'order_block_swing_l': 15, 'en_fvg': True, 'fvg_lookback': 44, 'en_ifvg': True, 'en_breaker': True, 'breaker_swing_l': 6, 'en_cisd': False, 'k': 1, 'en_cap_bars': True, 'cap_1min': 1237}.
[I 2026-07-13 15:47:41,840] Trial 2438 finished with values: [1091.8636176878672, -1444.735562068189, 35.3] and parameters: {'sl_soft': 0.020223052950007456, 'sl_hard_delta': 0.006655247180609973, 'tp': 0.0739135300227091, 'gate_pct': 97.00844078669539, 'dd_limit': 4.866210487643857, 'cooldown': 3, 'flip': True, 'en_ema_trend': True, 'ema_trend_fast': 23, 'ema_trend_slow': 158, 'en_sma_trend': False, 'sma_trend_fast': 382, 'sma_trend_slow': 359, 'en_macd': False, 'macd_fast': 38, 'macd_slow': 18, 'macd_signal': 45, 'en_vwap': True, 'en_keltner': False, 'keltner_n': 178, 'keltner_m': 1.3, 'en_obv': True, 'obv_slope': 197, 'en_cci': False, 'cci_n': 20, 'cci_threshold': 35, 'en_rsi': True, 'rsi_n': 53, 'rsi_lower': 31, 'rsi_upper': 54, 'en_stochastic': False, 'stochastic_n': 71, 'stochastic_d': 29, 'stochastic_lower': 31, 'stochastic_upper': 97, 'en_mfi': False, 'mfi_n': 35, 'mfi_lower': 43, 'mfi_upper': 87, 'en_bollinger': False, 'bollinger_n': 72, 'bollinger_k': 4.6000000000000005, 'en_adx': False, 'adx_n': 27, 'adx_threshold': 54, 'en_structure_trend': True, 'structure_trend_swing_l': 1, 'en_order_block': False, 'order_block_swing_l': 18, 'en_fvg': True, 'fvg_lookback': 50, 'en_ifvg': True, 'en_breaker': True, 'breaker_swing_l': 5, 'en_cisd': False, 'k': 1, 'en_cap_bars': False, 'cap_1min': 1435}.
[I 2026-07-13 15:47:44,042] Trial 2439 finished with values: [46.986021295030156, -5275.827621064693, 39.25] and parameters: {'sl_soft': 0.020223052950007456, 'sl_hard_delta': 0.02515171303306487, 'tp': 0.06466351711838181, 'gate_pct': 90.97354990533721, 'dd_limit': 4.866210487643857, 'cooldown': 2, 'flip': True, 'en_ema_trend': True, 'ema_trend_fast': 24, 'ema_trend_slow': 397, 'en_sma_trend': False, 'sma_trend_fast': 372, 'sma_trend_slow': 192, 'en_macd': False, 'macd_fast': 38, 'macd_slow': 60, 'macd_signal': 52, 'en_vwap': False, 'en_keltner': True, 'keltner_n': 114, 'keltner_m': 1.3, 'en_obv': True, 'obv_slope': 197, 'en_cci': True, 'cci_n': 83, 'cci_threshold': 35, 'en_rsi': False, 'rsi_n': 95, 'rsi_lower': 16, 'rsi_upper': 96, 'en_stochastic': False, 'stochastic_n': 71, 'stochastic_d': 39, 'stochastic_lower': 17, 'stochastic_upper': 78, 'en_mfi': False, 'mfi_n': 76, 'mfi_lower': 18, 'mfi_upper': 93, 'en_bollinger': True, 'bollinger_n': 134, 'bollinger_k': 4.6000000000000005, 'en_adx': False, 'adx_n': 36, 'adx_threshold': 14, 'en_structure_trend': False, 'structure_trend_swing_l': 18, 'en_order_block': True, 'order_block_swing_l': 18, 'en_fvg': True, 'fvg_lookback': 45, 'en_ifvg': True, 'en_breaker': True, 'breaker_swing_l': 9, 'en_cisd': True, 'k': 3, 'en_cap_bars': True, 'cap_1min': 797}.
[I 2026-07-13 15:47:44,770] Trial 2440 pruned. 
