[I 2026-07-13 15:56:38,142] Trial 3035 finished with values: [1281.2868463390537, -3811.7370038400395, 31.35] and parameters: {'sl_soft': 0.020223052950007456, 'sl_hard_delta': 0.006655247180609973, 'tp': 0.06597500573834292, 'gate_pct': 96.82972780322679, 'dd_limit': 9.50807718589736, 'cooldown': 2, 'flip': True, 'en_ema_trend': True, 'ema_trend_fast': 23, 'ema_trend_slow': 3, 'en_sma_trend': False, 'sma_trend_fast': 262, 'sma_trend_slow': 192, 'en_macd': False, 'macd_fast': 10, 'macd_slow': 88, 'macd_signal': 40, 'en_vwap': False, 'en_keltner': True, 'keltner_n': 45, 'keltner_m': 2.1, 'en_obv': True, 'obv_slope': 197, 'en_cci': True, 'cci_n': 83, 'cci_threshold': 40, 'en_rsi': True, 'rsi_n': 46, 'rsi_lower': 11, 'rsi_upper': 89, 'en_stochastic': False, 'stochastic_n': 71, 'stochastic_d': 6, 'stochastic_lower': 31, 'stochastic_upper': 83, 'en_mfi': False, 'mfi_n': 28, 'mfi_lower': 29, 'mfi_upper': 98, 'en_bollinger': True, 'bollinger_n': 26, 'bollinger_k': 5.0, 'en_adx': False, 'adx_n': 27, 'adx_threshold': 54, 'en_structure_trend': False, 'structure_trend_swing_l': 20, 'en_order_block': True, 'order_block_swing_l': 4, 'en_fvg': False, 'fvg_lookback': 23, 'en_ifvg': False, 'en_breaker': True, 'breaker_swing_l': 2, 'en_cisd': True, 'k': 1, 'en_cap_bars': False, 'cap_1min': 1237}.
[I 2026-07-13 15:56:38,902] Trial 3036 finished with values: [5268.527991648425, -2359.8907134901765, 29.0] and parameters: {'sl_soft': 0.010118579279263403, 'sl_hard_delta': 0.006655247180609973, 'tp': 0.05957637995357488, 'gate_pct': 90.97354990533721, 'dd_limit': 4.866210487643857, 'cooldown': 2, 'flip': True, 'en_ema_trend': True, 'ema_trend_fast': 62, 'ema_trend_slow': 397, 'en_sma_trend': True, 'sma_trend_fast': 389, 'sma_trend_slow': 14, 'en_macd': False, 'macd_fast': 10, 'macd_slow': 196, 'macd_signal': 25, 'en_vwap': False, 'en_keltner': False, 'keltner_n': 114, 'keltner_m': 1.3, 'en_obv': False, 'obv_slope': 22, 'en_cci': True, 'cci_n': 113, 'cci_threshold': 135, 'en_rsi': False, 'rsi_n': 100, 'rsi_lower': 31, 'rsi_upper': 96, 'en_stochastic': False, 'stochastic_n': 49, 'stochastic_d': 38, 'stochastic_lower': 31, 'stochastic_upper': 83, 'en_mfi': False, 'mfi_n': 68, 'mfi_lower': 43, 'mfi_upper': 87, 'en_bollinger': False, 'bollinger_n': 70, 'bollinger_k': 3.5, 'en_adx': False, 'adx_n': 27, 'adx_threshold': 54, 'en_structure_trend': False, 'structure_trend_swing_l': 20, 'en_order_block': True, 'order_block_swing_l': 12, 'en_fvg': False, 'fvg_lookback': 45, 'en_ifvg': False, 'en_breaker': True, 'breaker_swing_l': 13, 'en_cisd': True, 'k': 1, 'en_cap_bars': True, 'cap_1min': 656}.
[I 2026-07-13 15:56:40,042] Trial 3037 finished with values: [1175.5682799159215, -4883.082224737975, 53.15] and parameters: {'sl_soft': 0.020223052950007456, 'sl_hard_delta': 0.04000671936357235, 'tp': 0.04927094955011397, 'gate_pct': 97.00844078669539, 'dd_limit': 9.066216783758431, 'cooldown': 2, 'flip': True, 'en_ema_trend': True, 'ema_trend_fast': 23, 'ema_trend_slow': 397, 'en_sma_trend': True, 'sma_trend_fast': 262, 'sma_trend_slow': 192, 'en_macd': True, 'macd_fast': 10, 'macd_slow': 60, 'macd_signal': 40, 'en_vwap': False, 'en_keltner': True, 'keltner_n': 189, 'keltner_m': 1.3, 'en_obv': True, 'obv_slope': 22, 'en_cci': True, 'cci_n': 88, 'cci_threshold': 95, 'en_rsi': False, 'rsi_n': 49, 'rsi_lower': 16, 'rsi_upper': 88, 'en_stochastic': False, 'stochastic_n': 19, 'stochastic_d': 45, 'stochastic_lower': 31, 'stochastic_upper': 78, 'en_mfi': False, 'mfi_n': 75, 'mfi_lower': 18, 'mfi_upper': 87, 'en_bollinger': True, 'bollinger_n': 200, 'bollinger_k': 4.6000000000000005, 'en_adx': False, 'adx_n': 27, 'adx_threshold': 14, 'en_structure_trend': True, 'structure_trend_swing_l': 10, 'en_order_block': True, 'order_block_swing_l': 18, 'en_fvg': True, 'fvg_lookback': 50, 'en_ifvg': True, 'en_breaker': True, 'breaker_swing_l': 13, 'en_cisd': False, 'k': 1, 'en_cap_bars': True, 'cap_1min': 1237}.
[I 2026-07-13 15:56:40,999] Trial 3038 finished with values: [2663.625117786328, -21602.4899917058, 47.099999999999994] and parameters: {'sl_soft': 0.020223052950007456, 'sl_hard_delta': 0.04000671936357235, 'tp': 0.05957637995357488, 'gate_pct': 97.00844078669539, 'dd_limit': 9.066216783758431, 'cooldown': 2, 'flip': True, 'en_ema_trend': True, 'ema_trend_fast': 23, 'ema_trend_slow': 292, 'en_sma_trend': False, 'sma_trend_fast': 262, 'sma_trend_slow': 359, 'en_macd': True, 'macd_fast': 10, 'macd_slow': 88, 'macd_signal': 40, 'en_vwap': False, 'en_keltner': True, 'keltner_n': 114, 'keltner_m': 1.3, 'en_obv': True, 'obv_slope': 22, 'en_cci': True, 'cci_n': 113, 'cci_threshold': 135, 'en_rsi': False, 'rsi_n': 100, 'rsi_lower': 32, 'rsi_upper': 74, 'en_stochastic': False, 'stochastic_n': 19, 'stochastic_d': 35, 'stochastic_lower': 31, 'stochastic_upper': 78, 'en_mfi': False, 'mfi_n': 68, 'mfi_lower': 18, 'mfi_upper': 87, 'en_bollinger': True, 'bollinger_n': 70, 'bollinger_k': 5.0, 'en_adx': False, 'adx_n': 27, 'adx_threshold': 14, 'en_structure_trend': False, 'structure_trend_swing_l': 10, 'en_order_block': True, 'order_block_swing_l': 18, 'en_fvg': True, 'fvg_lookback': 50, 'en_ifvg': False, 'en_breaker': True, 'breaker_swing_l': 13, 'en_cisd': False, 'k': 1, 'en_cap_bars': True, 'cap_1min': 1237}.
[I 2026-07-13 15:56:42,055] Trial 3039 finished with values: [1785.1992281859975, -1706.2974019770413, 28.6] and parameters: {'sl_soft': 0.010118579279263403, 'sl_hard_delta': 0.006655247180609973, 'tp': 0.05957637995357488, 'gate_pct': 90.97354990533721, 'dd_limit': 9.628020027635628, 'cooldown': 2, 'flip': True, 'en_ema_trend': True, 'ema_trend_fast': 62, 'ema_trend_slow': 292, 'en_sma_trend': False, 'sma_trend_fast': 156, 'sma_trend_slow': 192, 'en_macd': False, 'macd_fast': 10, 'macd_slow': 88, 'macd_signal': 96, 'en_vwap': True, 'en_keltner': False, 'keltner_n': 178, 'keltner_m': 4.8, 'en_obv': False, 'obv_slope': 197, 'en_cci': True, 'cci_n': 166, 'cci_threshold': 135, 'en_rsi': False, 'rsi_n': 50, 'rsi_lower': 31, 'rsi_upper': 74, 'en_stochastic': False, 'stochastic_n': 87, 'stochastic_d': 38, 'stochastic_lower': 31, 'stochastic_upper': 83, 'en_mfi': False, 'mfi_n': 28, 'mfi_lower': 43, 'mfi_upper': 87, 'en_bollinger': True, 'bollinger_n': 72, 'bollinger_k': 4.6000000000000005, 'en_adx': False, 'adx_n': 27, 'adx_threshold': 54, 'en_structure_trend': False, 'structure_trend_swing_l': 10, 'en_order_block': True, 'order_block_swing_l': 12, 'en_fvg': False, 'fvg_lookback': 45, 'en_ifvg': False, 'en_breaker': True, 'breaker_swing_l': 14, 'en_cisd': False, 'k': 1, 'en_cap_bars': False, 'cap_1min': 1237}.
[I 2026-07-13 15:56:42,798] Trial 3040 finished with values: [-633.951830264738, -7233.262869224005, 47.0] and parameters: {'sl_soft': 0.020223052950007456, 'sl_hard_delta': 0.02515171303306487, 'tp': 0.04927094955011397, 'gate_pct': 97.00844078669539, 'dd_limit': 9.628020027635628, 'cooldown': 2, 'flip': True, 'en_ema_trend': True, 'ema_trend_fast': 24, 'ema_trend_slow': 292, 'en_sma_trend': False, 'sma_trend_fast': 382, 'sma_trend_slow': 192, 'en_macd': False, 'macd_fast': 53, 'macd_slow': 88, 'macd_signal': 40, 'en_vwap': True, 'en_keltner': False, 'keltner_n': 178, 'keltner_m': 1.3, 'en_obv': False, 'obv_slope': 197, 'en_cci': True, 'cci_n': 83, 'cci_threshold': 135, 'en_rsi': False, 'rsi_n': 100, 'rsi_lower': 31, 'rsi_upper': 96, 'en_stochastic': False, 'stochastic_n': 71, 'stochastic_d': 38, 'stochastic_lower': 31, 'stochastic_upper': 83, 'en_mfi': False, 'mfi_n': 28, 'mfi_lower': 8, 'mfi_upper': 93, 'en_bollinger': True, 'bollinger_n': 72, 'bollinger_k': 4.6000000000000005, 'en_adx': False, 'adx_n': 27, 'adx_threshold': 54, 'en_structure_trend': False, 'structure_trend_swing_l': 20, 'en_order_block': False, 'order_block_swing_l': 18, 'en_fvg': False, 'fvg_lookback': 45, 'en_ifvg': False, 'en_breaker': True, 'breaker_swing_l': 14, 'en_cisd': False, 'k': 2, 'en_cap_bars': False, 'cap_1min': 1237}.
[I 2026-07-13 15:56:44,385] Trial 3041 finished with values: [75.45848988579348, -2417.058763356651, 56.05] and parameters: {'sl_soft': 0.019818244244465925, 'sl_hard_delta': 0.028428697055377993, 'tp': 0.028560602836268517, 'gate_pct': 90.97354990533721, 'dd_limit': 3.28926332701423, 'cooldown': 6, 'flip': True, 'en_ema_trend': True, 'ema_trend_fast': 101, 'ema_trend_slow': 19, 'en_sma_trend': False, 'sma_trend_fast': 262, 'sma_trend_slow': 14, 'en_macd': True, 'macd_fast': 10, 'macd_slow': 86, 'macd_signal': 25, 'en_vwap': False, 'en_keltner': True, 'keltner_n': 198, 'keltner_m': 4.4, 'en_obv': False, 'obv_slope': 197, 'en_cci': False, 'cci_n': 88, 'cci_threshold': 95, 'en_rsi': True, 'rsi_n': 91, 'rsi_lower': 36, 'rsi_upper': 53, 'en_stochastic': False, 'stochastic_n': 87, 'stochastic_d': 50, 'stochastic_lower': 27, 'stochastic_upper': 78, 'en_mfi': False, 'mfi_n': 68, 'mfi_lower': 18, 'mfi_upper': 54, 'en_bollinger': True, 'bollinger_n': 182, 'bollinger_k': 2.1, 'en_adx': False, 'adx_n': 38, 'adx_threshold': 24, 'en_structure_trend': False, 'structure_trend_swing_l': 10, 'en_order_block': True, 'order_block_swing_l': 2, 'en_fvg': True, 'fvg_lookback': 27, 'en_ifvg': True, 'en_breaker': True, 'breaker_swing_l': 6, 'en_cisd': True, 'k': 1, 'en_cap_bars': True, 'cap_1min': 1237}.
[I 2026-07-13 15:56:44,991] Trial 3042 finished with values: [1722.948358001428, -14716.965521505188, 50.55] and parameters: {'sl_soft': 0.020223052950007456, 'sl_hard_delta': 0.04000671936357235, 'tp': 0.04927094955011397, 'gate_pct': 97.00844078669539, 'dd_limit': 9.628020027635628, 'cooldown': 2, 'flip': True, 'en_ema_trend': True, 'ema_trend_fast': 23, 'ema_trend_slow': 397, 'en_sma_trend': True, 'sma_trend_fast': 262, 'sma_trend_slow': 192, 'en_macd': True, 'macd_fast': 10, 'macd_slow': 196, 'macd_signal': 45, 'en_vwap': False, 'en_keltner': False, 'keltner_n': 189, 'keltner_m': 1.3, 'en_obv': True, 'obv_slope': 197, 'en_cci': False, 'cci_n': 83, 'cci_threshold': 95, 'en_rsi': False, 'rsi_n': 100, 'rsi_lower': 16, 'rsi_upper': 67, 'en_stochastic': False, 'stochastic_n': 87, 'stochastic_d': 29, 'stochastic_lower': 31, 'stochastic_upper': 78, 'en_mfi': False, 'mfi_n': 68, 'mfi_lower': 18, 'mfi_upper': 87, 'en_bollinger': True, 'bollinger_n': 134, 'bollinger_k': 5.0, 'en_adx': False, 'adx_n': 27, 'adx_threshold': 14, 'en_structure_trend': False, 'structure_trend_swing_l': 20, 'en_order_block': True, 'order_block_swing_l': 15, 'en_fvg': False, 'fvg_lookback': 50, 'en_ifvg': True, 'en_breaker': True, 'breaker_swing_l': 13, 'en_cisd': True, 'k': 1, 'en_cap_bars': True, 'cap_1min': 1237}.
[I 2026-07-13 15:56:46,269] Trial 3043 finished with values: [2054.902674200141, -2649.0927398177187, 25.35] and parameters: {'sl_soft': 0.010118579279263403, 'sl_hard_delta': 0.006655247180609973, 'tp': 0.05957637995357488, 'gate_pct': 97.00844078669539, 'dd_limit': 1.1052485218992387, 'cooldown': 2, 'flip': True, 'en_ema_trend': True, 'ema_trend_fast': 24, 'ema_trend_slow': 225, 'en_sma_trend': False, 'sma_trend_fast': 156, 'sma_trend_slow': 137, 'en_macd': True, 'macd_fast': 10, 'macd_slow': 60, 'macd_signal': 25, 'en_vwap': True, 'en_keltner': False, 'keltner_n': 178, 'keltner_m': 2.1, 'en_obv': True, 'obv_slope': 22, 'en_cci': True, 'cci_n': 166, 'cci_threshold': 135, 'en_rsi': False, 'rsi_n': 71, 'rsi_lower': 31, 'rsi_upper': 74, 'en_stochastic': False, 'stochastic_n': 49, 'stochastic_d': 38, 'stochastic_lower': 4, 'stochastic_upper': 78, 'en_mfi': False, 'mfi_n': 76, 'mfi_lower': 29, 'mfi_upper': 93, 'en_bollinger': False, 'bollinger_n': 188, 'bollinger_k': 5.0, 'en_adx': False, 'adx_n': 27, 'adx_threshold': 54, 'en_structure_trend': False, 'structure_trend_swing_l': 20, 'en_order_block': True, 'order_block_swing_l': 18, 'en_fvg': False, 'fvg_lookback': 45, 'en_ifvg': False, 'en_breaker': True, 'breaker_swing_l': 2, 'en_cisd': True, 'k': 1, 'en_cap_bars': False, 'cap_1min': 1237}.
[I 2026-07-13 15:56:48,137] Trial 3044 pruned. 
[I 2026-07-13 15:56:48,532] Trial 3045 finished with values: [-342.0864104487541, -7780.780062272503, 56.0] and parameters: {'sl_soft': 0.034454793278025315, 'sl_hard_delta': 0.04000671936357235, 'tp': 0.04927094955011397, 'gate_pct': 90.97354990533721, 'dd_limit': 1.1052485218992387, 'cooldown': 2, 'flip': True, 'en_ema_trend': True, 'ema_trend_fast': 101, 'ema_trend_slow': 292, 'en_sma_trend': False, 'sma_trend_fast': 389, 'sma_trend_slow': 192, 'en_macd': True, 'macd_fast': 10, 'macd_slow': 196, 'macd_signal': 25, 'en_vwap': True, 'en_keltner': False, 'keltner_n': 178, 'keltner_m': 1.3, 'en_obv': False, 'obv_slope': 197, 'en_cci': False, 'cci_n': 83, 'cci_threshold': 135, 'en_rsi': False, 'rsi_n': 100, 'rsi_lower': 31, 'rsi_upper': 67, 'en_stochastic': False, 'stochastic_n': 87, 'stochastic_d': 6, 'stochastic_lower': 4, 'stochastic_upper': 78, 'en_mfi': True, 'mfi_n': 76, 'mfi_lower': 18, 'mfi_upper': 87, 'en_bollinger': True, 'bollinger_n': 134, 'bollinger_k': 5.0, 'en_adx': False, 'adx_n': 32, 'adx_threshold': 54, 'en_structure_trend': False, 'structure_trend_swing_l': 10, 'en_order_block': True, 'order_block_swing_l': 15, 'en_fvg': False, 'fvg_lookback': 45, 'en_ifvg': True, 'en_breaker': True, 'breaker_swing_l': 6, 'en_cisd': False, 'k': 1, 'en_cap_bars': True, 'cap_1min': 1237}.
[I 2026-07-13 15:56:49,484] Trial 3046 finished with values: [452.1341004046064, -2739.537554868042, 49.85] and parameters: {'sl_soft': 0.034454793278025315, 'sl_hard_delta': 0.02515171303306487, 'tp': 0.058843242699490796, 'gate_pct': 97.00844078669539, 'dd_limit': 9.066216783758431, 'cooldown': 2, 'flip': True, 'en_ema_trend': True, 'ema_trend_fast': 23, 'ema_trend_slow': 19, 'en_sma_trend': True, 'sma_trend_fast': 262, 'sma_trend_slow': 192, 'en_macd': False, 'macd_fast': 53, 'macd_slow': 196, 'macd_signal': 56, 'en_vwap': False, 'en_keltner': False, 'keltner_n': 172, 'keltner_m': 1.3, 'en_obv': False, 'obv_slope': 197, 'en_cci': True, 'cci_n': 166, 'cci_threshold': 135, 'en_rsi': False, 'rsi_n': 95, 'rsi_lower': 31, 'rsi_upper': 88, 'en_stochastic': False, 'stochastic_n': 87, 'stochastic_d': 38, 'stochastic_lower': 17, 'stochastic_upper': 78, 'en_mfi': True, 'mfi_n': 68, 'mfi_lower': 8, 'mfi_upper': 87, 'en_bollinger': True, 'bollinger_n': 134, 'bollinger_k': 4.6000000000000005, 'en_adx': False, 'adx_n': 27, 'adx_threshold': 54, 'en_structure_trend': True, 'structure_trend_swing_l': 10, 'en_order_block': True, 'order_block_swing_l': 12, 'en_fvg': False, 'fvg_lookback': 45, 'en_ifvg': True, 'en_breaker': True, 'breaker_swing_l': 13, 'en_cisd': False, 'k': 1, 'en_cap_bars': True, 'cap_1min': 797}.
[I 2026-07-13 15:56:50,719] Trial 3047 finished with values: [3804.2183833275612, -5088.72126759255, 39.5] and parameters: {'sl_soft': 0.020223052950007456, 'sl_hard_delta': 0.006655247180609973, 'tp': 0.04927094955011397, 'gate_pct': 97.00844078669539, 'dd_limit': 1.1052485218992387, 'cooldown': 2, 'flip': True, 'en_ema_trend': True, 'ema_trend_fast': 23, 'ema_trend_slow': 292, 'en_sma_trend': False, 'sma_trend_fast': 262, 'sma_trend_slow': 192, 'en_macd': True, 'macd_fast': 10, 'macd_slow': 60, 'macd_signal': 40, 'en_vwap': False, 'en_keltner': False, 'keltner_n': 45, 'keltner_m': 2.1, 'en_obv': False, 'obv_slope': 197, 'en_cci': True, 'cci_n': 83, 'cci_threshold': 135, 'en_rsi': False, 'rsi_n': 100, 'rsi_lower': 31, 'rsi_upper': 96, 'en_stochastic': False, 'stochastic_n': 71, 'stochastic_d': 38, 'stochastic_lower': 31, 'stochastic_upper': 53, 'en_mfi': False, 'mfi_n': 44, 'mfi_lower': 11, 'mfi_upper': 87, 'en_bollinger': True, 'bollinger_n': 26, 'bollinger_k': 5.0, 'en_adx': False, 'adx_n': 27, 'adx_threshold': 54, 'en_structure_trend': False, 'structure_trend_swing_l': 10, 'en_order_block': False, 'order_block_swing_l': 18, 'en_fvg': False, 'fvg_lookback': 45, 'en_ifvg': False, 'en_breaker': True, 'breaker_swing_l': 2, 'en_cisd': True, 'k': 1, 'en_cap_bars': False, 'cap_1min': 797}.
[I 2026-07-13 15:56:50,973] Trial 3048 pruned. 
[I 2026-07-13 15:56:51,535] Trial 3049 finished with values: [233.2841976142319, -2124.9531203364577, 39.9] and parameters: {'sl_soft': 0.010118579279263403, 'sl_hard_delta': 0.038638934270514326, 'tp': 0.06466351711838181, 'gate_pct': 90.97354990533721, 'dd_limit': 4.866210487643857, 'cooldown': 3, 'flip': True, 'en_ema_trend': True, 'ema_trend_fast': 24, 'ema_trend_slow': 397, 'en_sma_trend': True, 'sma_trend_fast': 283, 'sma_trend_slow': 14, 'en_macd': True, 'macd_fast': 10, 'macd_slow': 60, 'macd_signal': 25, 'en_vwap': False, 'en_keltner': True, 'keltner_n': 172, 'keltner_m': 1.3, 'en_obv': True, 'obv_slope': 22, 'en_cci': False, 'cci_n': 83, 'cci_threshold': 135, 'en_rsi': False, 'rsi_n': 49, 'rsi_lower': 2, 'rsi_upper': 96, 'en_stochastic': False, 'stochastic_n': 46, 'stochastic_d': 38, 'stochastic_lower': 31, 'stochastic_upper': 78, 'en_mfi': False, 'mfi_n': 28, 'mfi_lower': 18, 'mfi_upper': 93, 'en_bollinger': False, 'bollinger_n': 70, 'bollinger_k': 3.5, 'en_adx': False, 'adx_n': 27, 'adx_threshold': 38, 'en_structure_trend': True, 'structure_trend_swing_l': 20, 'en_order_block': True, 'order_block_swing_l': 12, 'en_fvg': True, 'fvg_lookback': 45, 'en_ifvg': True, 'en_breaker': True, 'breaker_swing_l': 13, 'en_cisd': False, 'k': 1, 'en_cap_bars': True, 'cap_1min': 656}.
[I 2026-07-13 15:56:52,575] Trial 3050 finished with values: [2822.528182979144, -2684.6081286084527, 26.799999999999997] and parameters: {'sl_soft': 0.010118579279263403, 'sl_hard_delta': 0.006655247180609973, 'tp': 0.05957637995357488, 'gate_pct': 96.82972780322679, 'dd_limit': 9.628020027635628, 'cooldown': 2, 'flip': True, 'en_ema_trend': True, 'ema_trend_fast': 24, 'ema_trend_slow': 292, 'en_sma_trend': False, 'sma_trend_fast': 382, 'sma_trend_slow': 192, 'en_macd': False, 'macd_fast': 10, 'macd_slow': 196, 'macd_signal': 52, 'en_vwap': False, 'en_keltner': False, 'keltner_n': 178, 'keltner_m': 2.1, 'en_obv': False, 'obv_slope': 197, 'en_cci': True, 'cci_n': 166, 'cci_threshold': 35, 'en_rsi': False, 'rsi_n': 100, 'rsi_lower': 31, 'rsi_upper': 88, 'en_stochastic': False, 'stochastic_n': 87, 'stochastic_d': 38, 'stochastic_lower': 31, 'stochastic_upper': 83, 'en_mfi': False, 'mfi_n': 76, 'mfi_lower': 18, 'mfi_upper': 93, 'en_bollinger': True, 'bollinger_n': 72, 'bollinger_k': 4.6000000000000005, 'en_adx': False, 'adx_n': 27, 'adx_threshold': 38, 'en_structure_trend': False, 'structure_trend_swing_l': 10, 'en_order_block': True, 'order_block_swing_l': 18, 'en_fvg': False, 'fvg_lookback': 45, 'en_ifvg': False, 'en_breaker': True, 'breaker_swing_l': 13, 'en_cisd': False, 'k': 1, 'en_cap_bars': False, 'cap_1min': 1237}.
[I 2026-07-13 15:56:55,236] Trial 3051 finished with values: [1546.0680668388525, -14706.984059357028, 49.7] and parameters: {'sl_soft': 0.020223052950007456, 'sl_hard_delta': 0.04000671936357235, 'tp': 0.04927094955011397, 'gate_pct': 97.00844078669539, 'dd_limit': 6.45236639016422, 'cooldown': 2, 'flip': True, 'en_ema_trend': True, 'ema_trend_fast': 23, 'ema_trend_slow': 397, 'en_sma_trend': True, 'sma_trend_fast': 262, 'sma_trend_slow': 192, 'en_macd': True, 'macd_fast': 10, 'macd_slow': 60, 'macd_signal': 40, 'en_vwap': False, 'en_keltner': True, 'keltner_n': 92, 'keltner_m': 1.3, 'en_obv': True, 'obv_slope': 22, 'en_cci': False, 'cci_n': 88, 'cci_threshold': 85, 'en_rsi': False, 'rsi_n': 46, 'rsi_lower': 16, 'rsi_upper': 88, 'en_stochastic': False, 'stochastic_n': 19, 'stochastic_d': 45, 'stochastic_lower': 31, 'stochastic_upper': 78, 'en_mfi': False, 'mfi_n': 68, 'mfi_lower': 18, 'mfi_upper': 87, 'en_bollinger': True, 'bollinger_n': 70, 'bollinger_k': 4.6000000000000005, 'en_adx': False, 'adx_n': 27, 'adx_threshold': 14, 'en_structure_trend': False, 'structure_trend_swing_l': 10, 'en_order_block': True, 'order_block_swing_l': 18, 'en_fvg': True, 'fvg_lookback': 50, 'en_ifvg': True, 'en_breaker': True, 'breaker_swing_l': 13, 'en_cisd': False, 'k': 1, 'en_cap_bars': True, 'cap_1min': 346}.
[I 2026-07-13 15:56:56,027] Trial 3052 finished with values: [-258.89573732944973, -2597.658891452852, 43.8] and parameters: {'sl_soft': 0.020223052950007456, 'sl_hard_delta': 0.02515171303306487, 'tp': 0.05957637995357488, 'gate_pct': 90.97354990533721, 'dd_limit': 9.628020027635628, 'cooldown': 2, 'flip': True, 'en_ema_trend': True, 'ema_trend_fast': 24, 'ema_trend_slow': 292, 'en_sma_trend': False, 'sma_trend_fast': 382, 'sma_trend_slow': 192, 'en_macd': False, 'macd_fast': 53, 'macd_slow': 196, 'macd_signal': 45, 'en_vwap': False, 'en_keltner': False, 'keltner_n': 189, 'keltner_m': 1.3, 'en_obv': False, 'obv_slope': 197, 'en_cci': False, 'cci_n': 83, 'cci_threshold': 135, 'en_rsi': False, 'rsi_n': 100, 'rsi_lower': 16, 'rsi_upper': 74, 'en_stochastic': False, 'stochastic_n': 71, 'stochastic_d': 38, 'stochastic_lower': 31, 'stochastic_upper': 78, 'en_mfi': True, 'mfi_n': 68, 'mfi_lower': 8, 'mfi_upper': 93, 'en_bollinger': True, 'bollinger_n': 72, 'bollinger_k': 5.0, 'en_adx': False, 'adx_n': 27, 'adx_threshold': 14, 'en_structure_trend': False, 'structure_trend_swing_l': 20, 'en_order_block': True, 'order_block_swing_l': 18, 'en_fvg': False, 'fvg_lookback': 45, 'en_ifvg': True, 'en_breaker': True, 'breaker_swing_l': 6, 'en_cisd': True, 'k': 2, 'en_cap_bars': False, 'cap_1min': 797}.
