── OPTIMIZER PLAN [5m] shared SL/TP · sampler=nsga3 ──
   dimensions: base 5c+2cat+3i = 10  |  indicators 18 on/off + 30 params  |  split 0  →  TOTAL 58 dims
   trials/dim 100  →  RECOMMENDED 5,800 trials  (∝ dimensions; grows if you add more)
[5m] loading inputs (SI, pv=5000) ...
[5m] 106245 decision bars; cooldown cap 27; bounds sl_soft[0.009842841426999841, 0.04527707056419927] sl_hard[0.009842841426999841, 0.05905704856199905] tp[0.009842841426999841, 0.0748055948451988]; indicators on 1-MINUTE frame
/home/dev/Mulham/wsg-i/Parametric-Indicators/optimize/optimizer.py:261: ExperimentalWarning: NSGAIIISampler is experimental (supported from v3.2.0). The interface can change in the future.
  return optuna.samplers.NSGAIIISampler(seed=seed, constraints_func=constraints_func)
[5m] sampler = nsga3 → NSGAIIISampler  objective=<function run.<locals>.objective at 0x7946f9c8f920>  dd_pnl_cap=0.25
[I 2026-07-13 14:48:14,064] A new study created in RDB with name: eod1_5m_SI
[I 2026-07-13 14:48:14,478] Trial 0 pruned. 
[I 2026-07-13 14:48:15,900] Trial 1 pruned. 
[I 2026-07-13 14:48:19,460] Trial 2 pruned. 
[I 2026-07-13 14:48:21,174] Trial 3 pruned. 
[I 2026-07-13 14:48:22,590] Trial 4 pruned. 
[I 2026-07-13 14:48:23,178] Trial 5 pruned. 
[I 2026-07-13 14:48:24,442] Trial 6 pruned. 
[I 2026-07-13 14:48:26,335] Trial 7 pruned. 
[I 2026-07-13 14:48:27,196] Trial 8 pruned. 
[I 2026-07-13 14:48:28,899] Trial 9 pruned. 
[I 2026-07-13 14:48:30,181] Trial 10 pruned. 
[I 2026-07-13 14:48:32,078] Trial 11 pruned. 
[I 2026-07-13 14:48:34,837] Trial 12 pruned. 
[I 2026-07-13 14:48:35,884] Trial 13 pruned. 
[I 2026-07-13 14:48:37,168] Trial 14 pruned. 
[I 2026-07-13 14:48:37,726] Trial 15 pruned. 
[I 2026-07-13 14:48:39,343] Trial 16 pruned. 
[I 2026-07-13 14:48:40,197] Trial 17 pruned. 
[I 2026-07-13 14:48:41,640] Trial 18 pruned. 
[I 2026-07-13 14:48:42,071] Trial 19 pruned. 
[I 2026-07-13 14:48:43,635] Trial 20 pruned. 
[I 2026-07-13 14:48:45,019] Trial 21 pruned. 
[I 2026-07-13 14:48:45,862] Trial 22 pruned. 
[I 2026-07-13 14:48:48,626] Trial 23 pruned. 
[I 2026-07-13 14:48:52,492] Trial 24 pruned. 
[I 2026-07-13 14:48:53,884] Trial 25 pruned. 
[I 2026-07-13 14:48:55,674] Trial 26 pruned. 
[I 2026-07-13 14:48:56,528] Trial 27 pruned. 
[I 2026-07-13 14:48:58,306] Trial 28 pruned. 
[I 2026-07-13 14:49:00,090] Trial 29 pruned. 
[I 2026-07-13 14:49:02,280] Trial 30 pruned. 
[I 2026-07-13 14:49:03,159] Trial 31 pruned. 
[I 2026-07-13 14:49:03,872] Trial 32 pruned. 
[I 2026-07-13 14:49:04,556] Trial 33 pruned. 
[I 2026-07-13 14:49:06,138] Trial 34 pruned. 
[I 2026-07-13 14:49:07,584] Trial 35 pruned. 
[I 2026-07-13 14:49:09,379] Trial 36 pruned. 
[I 2026-07-13 14:49:10,136] Trial 37 pruned. 
[I 2026-07-13 14:49:11,315] Trial 38 pruned. 
[I 2026-07-13 14:49:12,083] Trial 39 pruned. 
[I 2026-07-13 14:49:12,417] Trial 40 pruned. 
[I 2026-07-13 14:49:13,876] Trial 41 pruned. 
[I 2026-07-13 14:49:15,239] Trial 42 pruned. 
[I 2026-07-13 14:49:16,619] Trial 43 pruned. 
[I 2026-07-13 14:49:17,948] Trial 44 pruned. 
[I 2026-07-13 14:49:18,753] Trial 45 pruned. 
[I 2026-07-13 14:49:19,266] Trial 46 pruned. 
[I 2026-07-13 14:49:21,166] Trial 47 pruned. 
[I 2026-07-13 14:49:21,957] Trial 48 pruned. 
[I 2026-07-13 14:49:22,453] Trial 49 pruned. 
[I 2026-07-13 14:49:23,951] Trial 50 pruned. 
[I 2026-07-13 14:49:24,850] Trial 51 pruned. 
[I 2026-07-13 14:49:26,824] Trial 52 pruned. 
[I 2026-07-13 14:49:28,260] Trial 53 pruned. 
[I 2026-07-13 14:49:29,425] Trial 54 pruned. 
[I 2026-07-13 14:49:31,575] Trial 55 pruned. 
[I 2026-07-13 14:49:32,507] Trial 56 pruned. 
[I 2026-07-13 14:49:34,014] Trial 57 pruned. 
[I 2026-07-13 14:49:34,531] Trial 58 pruned. 
[I 2026-07-13 14:49:35,590] Trial 59 pruned. 
[I 2026-07-13 14:49:36,008] Trial 60 pruned. 
[I 2026-07-13 14:49:37,679] Trial 61 pruned. 
[I 2026-07-13 14:49:39,999] Trial 62 pruned. 
[I 2026-07-13 14:49:41,396] Trial 63 pruned. 
[I 2026-07-13 14:49:42,615] Trial 64 pruned. 
[I 2026-07-13 14:49:44,472] Trial 65 pruned. 
[I 2026-07-13 14:49:47,696] Trial 66 pruned. 
[I 2026-07-13 14:49:48,798] Trial 67 pruned. 
[I 2026-07-13 14:49:49,752] Trial 68 pruned. 
[I 2026-07-13 14:49:51,004] Trial 69 pruned. 
[I 2026-07-13 14:49:52,539] Trial 70 pruned. 
[I 2026-07-13 14:49:53,799] Trial 71 pruned. 
[I 2026-07-13 14:49:54,650] Trial 72 pruned. 
[I 2026-07-13 14:49:55,120] Trial 73 pruned. 
[I 2026-07-13 14:49:56,241] Trial 74 pruned. 
[I 2026-07-13 14:49:57,198] Trial 75 pruned. 
[I 2026-07-13 14:49:59,437] Trial 76 pruned. 
[I 2026-07-13 14:50:00,821] Trial 77 pruned. 
[I 2026-07-13 14:50:01,225] Trial 78 pruned. 
[I 2026-07-13 14:50:02,892] Trial 79 pruned. 
[I 2026-07-13 14:50:03,182] Trial 80 pruned. 
[I 2026-07-13 14:50:04,239] Trial 81 pruned. 
[I 2026-07-13 14:50:05,538] Trial 82 pruned. 
[I 2026-07-13 14:50:06,301] Trial 83 pruned. 
[I 2026-07-13 14:50:07,286] Trial 84 pruned. 
[I 2026-07-13 14:50:08,270] Trial 85 pruned. 
[I 2026-07-13 14:50:08,820] Trial 86 pruned. 
[I 2026-07-13 14:50:10,637] Trial 87 pruned. 
[I 2026-07-13 14:50:13,150] Trial 88 pruned. 
[I 2026-07-13 14:50:14,119] Trial 89 pruned. 
[I 2026-07-13 14:50:15,060] Trial 90 pruned. 
[I 2026-07-13 14:50:16,439] Trial 91 pruned. 
[I 2026-07-13 14:50:17,061] Trial 92 pruned. 
[I 2026-07-13 14:50:18,743] Trial 93 pruned. 
[I 2026-07-13 14:50:19,802] Trial 94 pruned. 
[I 2026-07-13 14:50:21,650] Trial 95 pruned. 
[I 2026-07-13 14:50:22,741] Trial 96 pruned. 
[I 2026-07-13 14:50:25,269] Trial 97 pruned. 
[I 2026-07-13 14:50:26,802] Trial 98 pruned. 
[I 2026-07-13 14:50:28,280] Trial 99 pruned. 
[I 2026-07-13 14:50:29,807] Trial 100 pruned. 
[I 2026-07-13 14:50:31,376] Trial 101 pruned. 
[I 2026-07-13 14:50:32,841] Trial 102 pruned. 
[I 2026-07-13 14:50:34,032] Trial 103 pruned. 
[I 2026-07-13 14:50:34,989] Trial 104 pruned. 
[I 2026-07-13 14:50:36,349] Trial 105 pruned. 
[I 2026-07-13 14:50:37,552] Trial 106 pruned. 
[I 2026-07-13 14:50:39,127] Trial 107 pruned. 
[I 2026-07-13 14:50:40,031] Trial 108 pruned. 
[I 2026-07-13 14:50:41,030] Trial 109 pruned. 
[I 2026-07-13 14:50:42,696] Trial 110 pruned. 
[I 2026-07-13 14:50:44,083] Trial 111 pruned. 
[I 2026-07-13 14:50:45,058] Trial 112 pruned. 
[I 2026-07-13 14:50:46,692] Trial 113 pruned. 
[I 2026-07-13 14:50:47,164] Trial 114 pruned. 
[I 2026-07-13 14:50:47,941] Trial 115 pruned. 
[I 2026-07-13 14:50:48,515] Trial 116 pruned. 
[I 2026-07-13 14:50:49,078] Trial 117 pruned. 
[I 2026-07-13 14:50:49,633] Trial 118 pruned. 
[I 2026-07-13 14:50:52,864] Trial 119 pruned. 
[I 2026-07-13 14:50:53,986] Trial 120 finished with values: [295.62668765697356, -3599.11242876663, 74.9] and parameters: {'sl_soft': 0.03565817475509067, 'sl_hard_delta': 0.03416118302616745, 'tp': 0.014397542013892838, 'gate_pct': 80.70603145468111, 'dd_limit': 1.9886925209562976, 'cooldown': 6, 'flip': False, 'en_ema_trend': True, 'ema_trend_fast': 375, 'ema_trend_slow': 53, 'en_sma_trend': False, 'sma_trend_fast': 357, 'sma_trend_slow': 56, 'en_macd': True, 'macd_fast': 57, 'macd_slow': 58, 'macd_signal': 34, 'en_vwap': True, 'en_keltner': False, 'keltner_n': 68, 'keltner_m': 1.2000000000000002, 'en_obv': True, 'obv_slope': 120, 'en_cci': True, 'cci_n': 40, 'cci_threshold': 85, 'en_rsi': False, 'rsi_n': 34, 'rsi_lower': 36, 'rsi_upper': 64, 'en_stochastic': False, 'stochastic_n': 93, 'stochastic_d': 6, 'stochastic_lower': 10, 'stochastic_upper': 73, 'en_mfi': False, 'mfi_n': 67, 'mfi_lower': 17, 'mfi_upper': 51, 'en_bollinger': False, 'bollinger_n': 40, 'bollinger_k': 4.2, 'en_adx': True, 'adx_n': 28, 'adx_threshold': 7, 'en_structure_trend': False, 'structure_trend_swing_l': 1, 'en_order_block': False, 'order_block_swing_l': 8, 'en_fvg': True, 'fvg_lookback': 13, 'en_ifvg': False, 'en_breaker': False, 'breaker_swing_l': 14, 'en_cisd': True, 'k': 2, 'en_cap_bars': True, 'cap_1min': 803}.
[I 2026-07-13 14:50:54,807] Trial 121 pruned. 
[I 2026-07-13 14:50:55,844] Trial 122 pruned. 
[I 2026-07-13 14:50:57,282] Trial 123 pruned. 
[I 2026-07-13 14:50:59,162] Trial 124 pruned. 
[I 2026-07-13 14:51:01,008] Trial 125 pruned. 
[I 2026-07-13 14:51:01,834] Trial 126 pruned. 
[I 2026-07-13 14:51:03,195] Trial 127 pruned. 
[I 2026-07-13 14:51:04,135] Trial 128 pruned. 
[I 2026-07-13 14:51:09,111] Trial 129 finished with values: [1284.8997687170543, -3587.143923199605, 52.35] and parameters: {'sl_soft': 0.04176026317348721, 'sl_hard_delta': 0.043217512078247096, 'tp': 0.07244224770970453, 'gate_pct': 99.4309621818079, 'dd_limit': 0.2043192187719212, 'cooldown': 4, 'flip': False, 'en_ema_trend': True, 'ema_trend_fast': 279, 'ema_trend_slow': 279, 'en_sma_trend': False, 'sma_trend_fast': 108, 'sma_trend_slow': 306, 'en_macd': False, 'macd_fast': 59, 'macd_slow': 126, 'macd_signal': 39, 'en_vwap': False, 'en_keltner': True, 'keltner_n': 186, 'keltner_m': 1.2000000000000002, 'en_obv': False, 'obv_slope': 119, 'en_cci': False, 'cci_n': 160, 'cci_threshold': 30, 'en_rsi': True, 'rsi_n': 77, 'rsi_lower': 43, 'rsi_upper': 85, 'en_stochastic': False, 'stochastic_n': 88, 'stochastic_d': 41, 'stochastic_lower': 2, 'stochastic_upper': 91, 'en_mfi': True, 'mfi_n': 54, 'mfi_lower': 38, 'mfi_upper': 72, 'en_bollinger': True, 'bollinger_n': 138, 'bollinger_k': 4.1, 'en_adx': False, 'adx_n': 46, 'adx_threshold': 28, 'en_structure_trend': True, 'structure_trend_swing_l': 6, 'en_order_block': False, 'order_block_swing_l': 9, 'en_fvg': True, 'fvg_lookback': 3, 'en_ifvg': False, 'en_breaker': True, 'breaker_swing_l': 20, 'en_cisd': False, 'k': 4, 'en_cap_bars': False, 'cap_1min': 311}.
[I 2026-07-13 14:51:10,306] Trial 130 pruned. 
[I 2026-07-13 14:51:12,251] Trial 131 pruned. 
[I 2026-07-13 14:51:14,645] Trial 132 pruned. 
[I 2026-07-13 14:51:15,486] Trial 133 pruned. 
[I 2026-07-13 14:51:16,545] Trial 134 pruned. 
[I 2026-07-13 14:51:18,310] Trial 135 pruned. 
[I 2026-07-13 14:51:20,832] Trial 136 pruned. 
[I 2026-07-13 14:51:22,373] Trial 137 pruned. 
[I 2026-07-13 14:51:22,945] Trial 138 pruned. 
[I 2026-07-13 14:51:25,049] Trial 139 pruned. 
[I 2026-07-13 14:51:27,043] Trial 140 pruned. 
[I 2026-07-13 14:51:27,945] Trial 141 pruned. 
[I 2026-07-13 14:51:29,026] Trial 142 pruned. 
[I 2026-07-13 14:51:31,898] Trial 143 pruned. 
[I 2026-07-13 14:51:33,461] Trial 144 pruned. 
[I 2026-07-13 14:51:34,800] Trial 145 pruned. 
[I 2026-07-13 14:51:35,323] Trial 146 pruned. 
[I 2026-07-13 14:51:37,326] Trial 147 pruned. 
[I 2026-07-13 14:51:39,216] Trial 148 pruned. 
[I 2026-07-13 14:51:39,726] Trial 149 pruned. 
[I 2026-07-13 14:51:40,965] Trial 150 pruned. 
[I 2026-07-13 14:51:42,031] Trial 151 pruned. 
[I 2026-07-13 14:51:43,007] Trial 152 pruned. 
[I 2026-07-13 14:51:44,273] Trial 153 pruned. 
[I 2026-07-13 14:51:45,674] Trial 154 pruned. 
[I 2026-07-13 14:51:47,241] Trial 155 pruned. 
[I 2026-07-13 14:51:49,017] Trial 156 pruned. 
[I 2026-07-13 14:51:49,641] Trial 157 pruned. 
[I 2026-07-13 14:51:50,138] Trial 158 pruned. 
[I 2026-07-13 14:51:51,353] Trial 159 pruned. 
[I 2026-07-13 14:51:51,617] Trial 160 pruned. 
[I 2026-07-13 14:51:52,717] Trial 161 pruned. 
[I 2026-07-13 14:51:52,981] Trial 162 pruned. 
[I 2026-07-13 14:51:53,813] Trial 163 pruned. 
[I 2026-07-13 14:51:54,203] Trial 164 pruned. 
[I 2026-07-13 14:51:54,922] Trial 165 pruned. 
[I 2026-07-13 14:51:55,636] Trial 166 pruned. 
[I 2026-07-13 14:51:56,904] Trial 167 pruned. 
[I 2026-07-13 14:51:58,147] Trial 168 pruned. 
[I 2026-07-13 14:51:58,870] Trial 169 pruned. 
[I 2026-07-13 14:51:59,212] Trial 170 pruned. 
[I 2026-07-13 14:51:59,769] Trial 171 pruned. 
[I 2026-07-13 14:52:00,439] Trial 172 pruned. 
[I 2026-07-13 14:52:01,455] Trial 173 pruned. 
[I 2026-07-13 14:52:02,338] Trial 174 pruned. 
[I 2026-07-13 14:52:03,366] Trial 175 pruned. 
[I 2026-07-13 14:52:04,255] Trial 176 pruned. 
[I 2026-07-13 14:52:05,517] Trial 177 pruned. 
[I 2026-07-13 14:52:06,846] Trial 178 pruned. 
[I 2026-07-13 14:52:07,585] Trial 179 pruned. 
[I 2026-07-13 14:52:09,900] Trial 180 finished with values: [-1532.0687260681432, -4085.9425044618547, 46.599999999999994] and parameters: {'sl_soft': 0.04400238837817528, 'sl_hard_delta': 0.03311023092854689, 'tp': 0.05207667600189557, 'gate_pct': 98.72479828405353, 'dd_limit': 9.628020027635628, 'cooldown': 10, 'flip': True, 'en_ema_trend': True, 'ema_trend_fast': 81, 'ema_trend_slow': 391, 'en_sma_trend': True, 'sma_trend_fast': 382, 'sma_trend_slow': 115, 'en_macd': True, 'macd_fast': 10, 'macd_slow': 23, 'macd_signal': 71, 'en_vwap': False, 'en_keltner': False, 'keltner_n': 146, 'keltner_m': 2.3, 'en_obv': False, 'obv_slope': 105, 'en_cci': True, 'cci_n': 67, 'cci_threshold': 30, 'en_rsi': False, 'rsi_n': 71, 'rsi_lower': 8, 'rsi_upper': 59, 'en_stochastic': False, 'stochastic_n': 71, 'stochastic_d': 41, 'stochastic_lower': 2, 'stochastic_upper': 79, 'en_mfi': False, 'mfi_n': 94, 'mfi_lower': 43, 'mfi_upper': 66, 'en_bollinger': True, 'bollinger_n': 37, 'bollinger_k': 3.7, 'en_adx': False, 'adx_n': 53, 'adx_threshold': 43, 'en_structure_trend': True, 'structure_trend_swing_l': 16, 'en_order_block': False, 'order_block_swing_l': 19, 'en_fvg': True, 'fvg_lookback': 20, 'en_ifvg': False, 'en_breaker': True, 'breaker_swing_l': 7, 'en_cisd': True, 'k': 5, 'en_cap_bars': True, 'cap_1min': 686}.
[I 2026-07-13 14:52:10,851] Trial 181 pruned. 
[I 2026-07-13 14:52:12,258] Trial 182 pruned. 
[I 2026-07-13 14:52:13,355] Trial 183 pruned. 
[I 2026-07-13 14:52:14,347] Trial 184 pruned. 
[I 2026-07-13 14:52:15,930] Trial 185 pruned. 
[I 2026-07-13 14:52:19,432] Trial 186 pruned. 
[I 2026-07-13 14:52:23,087] Trial 187 pruned. 
[I 2026-07-13 14:52:24,687] Trial 188 pruned. 
[I 2026-07-13 14:52:25,387] Trial 189 pruned. 
[I 2026-07-13 14:52:27,454] Trial 190 pruned. 
[I 2026-07-13 14:52:29,360] Trial 191 pruned. 
[I 2026-07-13 14:52:30,433] Trial 192 pruned. 
[I 2026-07-13 14:52:30,870] Trial 193 pruned. 
[I 2026-07-13 14:52:32,389] Trial 194 pruned. 
[I 2026-07-13 14:52:33,851] Trial 195 pruned. 
[I 2026-07-13 14:52:34,954] Trial 196 pruned. 
[I 2026-07-13 14:52:36,487] Trial 197 pruned. 
[I 2026-07-13 14:52:37,662] Trial 198 pruned. 
[I 2026-07-13 14:52:54,187] Trial 199 finished with values: [363.80390303040855, -735.1377828282324, 42.3] and parameters: {'sl_soft': 0.02324929252414567, 'sl_hard_delta': 0.009156218788981589, 'tp': 0.053194305772010134, 'gate_pct': 94.5832156131506, 'dd_limit': 8.959003028808816, 'cooldown': 5, 'flip': True, 'en_ema_trend': False, 'ema_trend_fast': 205, 'ema_trend_slow': 187, 'en_sma_trend': True, 'sma_trend_fast': 360, 'sma_trend_slow': 50, 'en_macd': True, 'macd_fast': 54, 'macd_slow': 89, 'macd_signal': 91, 'en_vwap': True, 'en_keltner': False, 'keltner_n': 163, 'keltner_m': 3.3000000000000003, 'en_obv': False, 'obv_slope': 82, 'en_cci': False, 'cci_n': 32, 'cci_threshold': 190, 'en_rsi': True, 'rsi_n': 94, 'rsi_lower': 43, 'rsi_upper': 70, 'en_stochastic': True, 'stochastic_n': 46, 'stochastic_d': 28, 'stochastic_lower': 20, 'stochastic_upper': 72, 'en_mfi': True, 'mfi_n': 7, 'mfi_lower': 12, 'mfi_upper': 58, 'en_bollinger': True, 'bollinger_n': 15, 'bollinger_k': 2.8000000000000003, 'en_adx': True, 'adx_n': 52, 'adx_threshold': 8, 'en_structure_trend': False, 'structure_trend_swing_l': 14, 'en_order_block': False, 'order_block_swing_l': 18, 'en_fvg': False, 'fvg_lookback': 34, 'en_ifvg': False, 'en_breaker': False, 'breaker_swing_l': 3, 'en_cisd': False, 'k': 1, 'en_cap_bars': True, 'cap_1min': 456}.
[I 2026-07-13 14:52:54,366] Trial 200 pruned. 
[I 2026-07-13 14:52:56,484] Trial 201 pruned. 
[I 2026-07-13 14:52:57,814] Trial 202 pruned. 
[I 2026-07-13 14:52:59,132] Trial 203 pruned. 
[I 2026-07-13 14:53:02,568] Trial 204 pruned. 
[I 2026-07-13 14:53:04,580] Trial 205 pruned. 
[I 2026-07-13 14:53:05,816] Trial 206 pruned. 
[I 2026-07-13 14:53:07,142] Trial 207 pruned. 
[I 2026-07-13 14:53:08,705] Trial 208 pruned. 
[I 2026-07-13 14:53:09,378] Trial 209 pruned. 
[I 2026-07-13 14:53:12,898] Trial 210 finished with values: [-1585.9221534866206, -17917.05468555694, 72.75] and parameters: {'sl_soft': 0.022233180928279285, 'sl_hard_delta': 0.03885460518954788, 'tp': 0.011247578535741386, 'gate_pct': 93.79805140335328, 'dd_limit': 0.5242871576912017, 'cooldown': 4, 'flip': True, 'en_ema_trend': False, 'ema_trend_fast': 77, 'ema_trend_slow': 100, 'en_sma_trend': False, 'sma_trend_fast': 289, 'sma_trend_slow': 290, 'en_macd': True, 'macd_fast': 2, 'macd_slow': 132, 'macd_signal': 19, 'en_vwap': True, 'en_keltner': True, 'keltner_n': 72, 'keltner_m': 3.0, 'en_obv': True, 'obv_slope': 93, 'en_cci': False, 'cci_n': 51, 'cci_threshold': 265, 'en_rsi': False, 'rsi_n': 66, 'rsi_lower': 15, 'rsi_upper': 54, 'en_stochastic': False, 'stochastic_n': 6, 'stochastic_d': 20, 'stochastic_lower': 21, 'stochastic_upper': 69, 'en_mfi': False, 'mfi_n': 51, 'mfi_lower': 27, 'mfi_upper': 80, 'en_bollinger': False, 'bollinger_n': 86, 'bollinger_k': 2.4000000000000004, 'en_adx': False, 'adx_n': 98, 'adx_threshold': 27, 'en_structure_trend': False, 'structure_trend_swing_l': 4, 'en_order_block': False, 'order_block_swing_l': 18, 'en_fvg': True, 'fvg_lookback': 14, 'en_ifvg': False, 'en_breaker': False, 'breaker_swing_l': 20, 'en_cisd': False, 'k': 4, 'en_cap_bars': True, 'cap_1min': 693}.
[I 2026-07-13 14:53:14,876] Trial 211 pruned. 
[I 2026-07-13 14:53:15,266] Trial 212 pruned. 
[I 2026-07-13 14:53:16,844] Trial 213 pruned. 
[I 2026-07-13 14:53:20,099] Trial 214 pruned. 
[I 2026-07-13 14:53:21,588] Trial 215 pruned. 
[I 2026-07-13 14:53:22,602] Trial 216 pruned. 
[I 2026-07-13 14:53:23,486] Trial 217 pruned. 
[I 2026-07-13 14:53:25,463] Trial 218 pruned. 
[I 2026-07-13 14:53:26,401] Trial 219 pruned. 
[I 2026-07-13 14:53:27,188] Trial 220 pruned. 
[I 2026-07-13 14:53:29,327] Trial 221 pruned. 
[I 2026-07-13 14:53:30,439] Trial 222 pruned. 
[I 2026-07-13 14:53:31,618] Trial 223 pruned. 
[I 2026-07-13 14:53:32,220] Trial 224 pruned. 
[I 2026-07-13 14:53:35,441] Trial 225 pruned. 
[I 2026-07-13 14:53:36,318] Trial 226 pruned. 
[I 2026-07-13 14:53:38,640] Trial 227 pruned. 
[I 2026-07-13 14:53:39,711] Trial 228 pruned. 
[I 2026-07-13 14:53:41,895] Trial 229 pruned. 
[I 2026-07-13 14:53:42,723] Trial 230 pruned. 
[I 2026-07-13 14:53:43,823] Trial 231 pruned. 
[I 2026-07-13 14:53:46,017] Trial 232 pruned. 
[I 2026-07-13 14:53:47,034] Trial 233 pruned. 
[I 2026-07-13 14:53:47,503] Trial 234 pruned. 
[I 2026-07-13 14:53:48,588] Trial 235 pruned. 
[I 2026-07-13 14:53:49,505] Trial 236 pruned. 
[I 2026-07-13 14:53:50,708] Trial 237 pruned. 
[I 2026-07-13 14:53:51,923] Trial 238 pruned. 
[I 2026-07-13 14:53:53,607] Trial 239 pruned. 
[I 2026-07-13 14:53:53,880] Trial 240 pruned. 
[I 2026-07-13 14:53:56,041] Trial 241 pruned. 
[I 2026-07-13 14:53:57,148] Trial 242 pruned. 
[I 2026-07-13 14:53:58,147] Trial 243 pruned. 
[I 2026-07-13 14:53:59,804] Trial 244 pruned. 
[I 2026-07-13 14:54:00,433] Trial 245 pruned. 
[I 2026-07-13 14:54:01,365] Trial 246 pruned. 
[I 2026-07-13 14:54:03,175] Trial 247 pruned. 
[I 2026-07-13 14:54:04,418] Trial 248 pruned. 
[I 2026-07-13 14:54:05,706] Trial 249 pruned. 
[I 2026-07-13 14:54:06,948] Trial 250 pruned. 
[I 2026-07-13 14:54:09,088] Trial 251 pruned. 
[I 2026-07-13 14:54:09,462] Trial 252 pruned. 
[I 2026-07-13 14:54:10,654] Trial 253 pruned. 
[I 2026-07-13 14:54:12,379] Trial 254 pruned. 
[I 2026-07-13 14:54:13,206] Trial 255 pruned. 
[I 2026-07-13 14:54:13,597] Trial 256 pruned. 
[I 2026-07-13 14:54:14,581] Trial 257 pruned. 
[I 2026-07-13 14:54:17,132] Trial 258 pruned. 
[I 2026-07-13 14:54:17,605] Trial 259 pruned. 
[I 2026-07-13 14:54:18,701] Trial 260 pruned. 
[I 2026-07-13 14:54:19,836] Trial 261 pruned. 
[I 2026-07-13 14:54:21,198] Trial 262 pruned. 
[I 2026-07-13 14:54:22,937] Trial 263 pruned. 
[I 2026-07-13 14:54:23,748] Trial 264 pruned. 
[I 2026-07-13 14:54:24,671] Trial 265 pruned. 
[I 2026-07-13 14:54:25,254] Trial 266 pruned. 
[I 2026-07-13 14:54:26,302] Trial 267 pruned. 
[I 2026-07-13 14:54:28,199] Trial 268 pruned. 
[I 2026-07-13 14:54:29,278] Trial 269 pruned. 
[I 2026-07-13 14:54:30,794] Trial 270 finished with values: [-701.603323804143, -2361.9938751419786, 47.1] and parameters: {'sl_soft': 0.041034348655901776, 'sl_hard_delta': 0.0019468853745922686, 'tp': 0.042993197645850044, 'gate_pct': 94.70821660915905, 'dd_limit': 9.049701546507107, 'cooldown': 1, 'flip': False, 'en_ema_trend': True, 'ema_trend_fast': 99, 'ema_trend_slow': 64, 'en_sma_trend': False, 'sma_trend_fast': 345, 'sma_trend_slow': 290, 'en_macd': False, 'macd_fast': 56, 'macd_slow': 200, 'macd_signal': 82, 'en_vwap': True, 'en_keltner': False, 'keltner_n': 93, 'keltner_m': 3.3000000000000003, 'en_obv': False, 'obv_slope': 162, 'en_cci': True, 'cci_n': 51, 'cci_threshold': 155, 'en_rsi': False, 'rsi_n': 5, 'rsi_lower': 32, 'rsi_upper': 89, 'en_stochastic': False, 'stochastic_n': 50, 'stochastic_d': 11, 'stochastic_lower': 2, 'stochastic_upper': 93, 'en_mfi': False, 'mfi_n': 43, 'mfi_lower': 19, 'mfi_upper': 67, 'en_bollinger': False, 'bollinger_n': 155, 'bollinger_k': 0.5, 'en_adx': False, 'adx_n': 7, 'adx_threshold': 57, 'en_structure_trend': False, 'structure_trend_swing_l': 1, 'en_order_block': True, 'order_block_swing_l': 1, 'en_fvg': True, 'fvg_lookback': 26, 'en_ifvg': True, 'en_breaker': True, 'breaker_swing_l': 1, 'en_cisd': False, 'k': 4, 'en_cap_bars': True, 'cap_1min': 655}.
[I 2026-07-13 14:54:31,985] Trial 271 pruned. 
[I 2026-07-13 14:54:35,918] Trial 272 pruned. 
[I 2026-07-13 14:54:37,654] Trial 273 pruned. 
[I 2026-07-13 14:54:39,507] Trial 274 pruned. 
[I 2026-07-13 14:54:42,724] Trial 275 pruned. 
[I 2026-07-13 14:54:44,375] Trial 276 pruned. 
[I 2026-07-13 14:54:46,063] Trial 277 pruned. 
[I 2026-07-13 14:54:46,439] Trial 278 pruned. 
[I 2026-07-13 14:54:47,029] Trial 279 pruned. 
[I 2026-07-13 14:54:47,311] Trial 280 pruned. 
[I 2026-07-13 14:54:48,319] Trial 281 pruned. 
[I 2026-07-13 14:54:49,326] Trial 282 pruned. 
[I 2026-07-13 14:54:50,999] Trial 283 pruned. 
[I 2026-07-13 14:54:52,775] Trial 284 pruned. 
[I 2026-07-13 14:54:53,918] Trial 285 pruned. 
[I 2026-07-13 14:54:55,396] Trial 286 pruned. 
