[I 2026-07-13 15:04:54,016] Trial 675 finished with values: [1481.2916927394676, -3431.177570460946, 39.650000000000006] and parameters: {'sl_soft': 0.013722810923940423, 'sl_hard_delta': 0.040622817243340784, 'tp': 0.06544002745861144, 'gate_pct': 79.76528290610023, 'dd_limit': 1.9549593836557686, 'cooldown': 1, 'flip': True, 'en_ema_trend': True, 'ema_trend_fast': 166, 'ema_trend_slow': 37, 'en_sma_trend': False, 'sma_trend_fast': 37, 'sma_trend_slow': 352, 'en_macd': True, 'macd_fast': 72, 'macd_slow': 45, 'macd_signal': 20, 'en_vwap': False, 'en_keltner': False, 'keltner_n': 62, 'keltner_m': 2.1, 'en_obv': False, 'obv_slope': 54, 'en_cci': True, 'cci_n': 132, 'cci_threshold': 270, 'en_rsi': False, 'rsi_n': 41, 'rsi_lower': 33, 'rsi_upper': 55, 'en_stochastic': False, 'stochastic_n': 48, 'stochastic_d': 44, 'stochastic_lower': 7, 'stochastic_upper': 85, 'en_mfi': False, 'mfi_n': 71, 'mfi_lower': 7, 'mfi_upper': 73, 'en_bollinger': False, 'bollinger_n': 153, 'bollinger_k': 4.5, 'en_adx': False, 'adx_n': 86, 'adx_threshold': 10, 'en_structure_trend': False, 'structure_trend_swing_l': 8, 'en_order_block': False, 'order_block_swing_l': 3, 'en_fvg': False, 'fvg_lookback': 46, 'en_ifvg': True, 'en_breaker': True, 'breaker_swing_l': 6, 'en_cisd': True, 'k': 1, 'en_cap_bars': True, 'cap_1min': 685}.
[I 2026-07-13 15:04:55,834] Trial 676 pruned. 
[I 2026-07-13 15:04:57,616] Trial 677 pruned. 
[I 2026-07-13 15:04:58,450] Trial 678 pruned. 
[I 2026-07-13 15:04:59,297] Trial 679 pruned. 
[I 2026-07-13 15:04:59,485] Trial 680 pruned. 
[I 2026-07-13 15:05:01,368] Trial 681 pruned. 
[I 2026-07-13 15:05:02,400] Trial 682 pruned. 
[I 2026-07-13 15:05:03,621] Trial 683 pruned. 
[I 2026-07-13 15:05:05,046] Trial 684 pruned. 
[I 2026-07-13 15:05:05,908] Trial 685 pruned. 
[I 2026-07-13 15:05:07,514] Trial 686 pruned. 
[I 2026-07-13 15:05:08,633] Trial 687 pruned. 
[I 2026-07-13 15:05:10,368] Trial 688 pruned. 
[I 2026-07-13 15:05:13,276] Trial 689 pruned. 
[I 2026-07-13 15:05:13,900] Trial 690 pruned. 
[I 2026-07-13 15:05:15,158] Trial 691 pruned. 
[I 2026-07-13 15:05:16,399] Trial 692 pruned. 
[I 2026-07-13 15:05:17,658] Trial 693 pruned. 
[I 2026-07-13 15:05:18,397] Trial 694 pruned. 
[I 2026-07-13 15:05:20,229] Trial 695 pruned. 
[I 2026-07-13 15:05:20,782] Trial 696 pruned. 
[I 2026-07-13 15:05:21,380] Trial 697 pruned. 
[I 2026-07-13 15:05:22,323] Trial 698 pruned. 
[I 2026-07-13 15:05:24,420] Trial 699 pruned. 
[I 2026-07-13 15:05:25,751] Trial 700 pruned. 
[I 2026-07-13 15:05:26,987] Trial 701 pruned. 
[I 2026-07-13 15:05:28,189] Trial 702 pruned. 
[I 2026-07-13 15:05:30,518] Trial 703 pruned. 
[I 2026-07-13 15:05:31,455] Trial 704 pruned. 
[I 2026-07-13 15:05:32,259] Trial 705 pruned. 
[I 2026-07-13 15:05:35,124] Trial 706 pruned. 
[I 2026-07-13 15:05:36,351] Trial 707 pruned. 
[I 2026-07-13 15:05:37,038] Trial 708 pruned. 
[I 2026-07-13 15:05:40,962] Trial 709 pruned. 
[I 2026-07-13 15:05:41,972] Trial 710 pruned. 
[I 2026-07-13 15:05:43,092] Trial 711 pruned. 
[I 2026-07-13 15:05:46,052] Trial 712 pruned. 
[I 2026-07-13 15:05:46,945] Trial 713 pruned. 
[I 2026-07-13 15:05:48,804] Trial 714 pruned. 
[I 2026-07-13 15:05:49,851] Trial 715 pruned. 
[I 2026-07-13 15:05:51,888] Trial 716 pruned. 
[I 2026-07-13 15:05:53,039] Trial 717 pruned. 
[I 2026-07-13 15:05:54,551] Trial 718 pruned. 
[I 2026-07-13 15:05:56,169] Trial 719 pruned. 
[I 2026-07-13 15:05:56,448] Trial 720 pruned. 
[I 2026-07-13 15:05:57,166] Trial 721 pruned. 
[I 2026-07-13 15:05:58,828] Trial 722 pruned. 
[I 2026-07-13 15:05:59,219] Trial 723 pruned. 
[I 2026-07-13 15:06:00,343] Trial 724 pruned. 
[I 2026-07-13 15:06:01,743] Trial 725 pruned. 
[I 2026-07-13 15:06:02,593] Trial 726 pruned. 
[I 2026-07-13 15:06:03,534] Trial 727 pruned. 
[I 2026-07-13 15:06:05,488] Trial 728 pruned. 
[I 2026-07-13 15:06:05,792] Trial 729 pruned. 
[I 2026-07-13 15:06:08,027] Trial 730 pruned. 
[I 2026-07-13 15:06:09,660] Trial 731 pruned. 
[I 2026-07-13 15:06:11,461] Trial 732 pruned. 
[I 2026-07-13 15:06:12,312] Trial 733 pruned. 
[I 2026-07-13 15:06:12,687] Trial 734 pruned. 
[I 2026-07-13 15:06:14,435] Trial 735 pruned. 
[I 2026-07-13 15:06:17,080] Trial 736 pruned. 
[I 2026-07-13 15:06:18,378] Trial 737 pruned. 
[I 2026-07-13 15:06:20,198] Trial 738 pruned. 
[I 2026-07-13 15:06:21,398] Trial 739 pruned. 
[I 2026-07-13 15:06:22,206] Trial 740 pruned. 
[I 2026-07-13 15:06:23,332] Trial 741 pruned. 
[I 2026-07-13 15:06:24,596] Trial 742 pruned. 
[I 2026-07-13 15:06:25,730] Trial 743 pruned. 
[I 2026-07-13 15:06:27,467] Trial 744 pruned. 
[I 2026-07-13 15:06:27,708] Trial 745 pruned. 
[I 2026-07-13 15:06:28,859] Trial 746 pruned. 
[I 2026-07-13 15:06:29,926] Trial 747 pruned. 
[I 2026-07-13 15:06:31,360] Trial 748 pruned. 
[I 2026-07-13 15:06:32,336] Trial 749 pruned. 
[I 2026-07-13 15:06:32,666] Trial 750 pruned. 
[I 2026-07-13 15:06:33,594] Trial 751 pruned. 
[I 2026-07-13 15:06:35,625] Trial 752 pruned. 
[I 2026-07-13 15:06:36,788] Trial 753 pruned. 
[I 2026-07-13 15:06:37,792] Trial 754 pruned. 
[I 2026-07-13 15:06:38,600] Trial 755 pruned. 
[I 2026-07-13 15:06:39,446] Trial 756 pruned. 
[I 2026-07-13 15:06:40,621] Trial 757 pruned. 
[I 2026-07-13 15:06:43,434] Trial 758 finished with values: [26.489739313948633, -2870.9896277325333, 55.0] and parameters: {'sl_soft': 0.02987302194047215, 'sl_hard_delta': 0.0465172643234615, 'tp': 0.04397049370928015, 'gate_pct': 88.56558945005355, 'dd_limit': 8.379964466559938, 'cooldown': 0, 'flip': True, 'en_ema_trend': False, 'ema_trend_fast': 163, 'ema_trend_slow': 30, 'en_sma_trend': False, 'sma_trend_fast': 216, 'sma_trend_slow': 36, 'en_macd': False, 'macd_fast': 77, 'macd_slow': 4, 'macd_signal': 33, 'en_vwap': False, 'en_keltner': False, 'keltner_n': 89, 'keltner_m': 2.5, 'en_obv': True, 'obv_slope': 132, 'en_cci': False, 'cci_n': 102, 'cci_threshold': 155, 'en_rsi': True, 'rsi_n': 3, 'rsi_lower': 16, 'rsi_upper': 79, 'en_stochastic': False, 'stochastic_n': 86, 'stochastic_d': 13, 'stochastic_lower': 14, 'stochastic_upper': 75, 'en_mfi': True, 'mfi_n': 57, 'mfi_lower': 10, 'mfi_upper': 54, 'en_bollinger': True, 'bollinger_n': 92, 'bollinger_k': 1.4, 'en_adx': False, 'adx_n': 72, 'adx_threshold': 56, 'en_structure_trend': False, 'structure_trend_swing_l': 3, 'en_order_block': True, 'order_block_swing_l': 5, 'en_fvg': True, 'fvg_lookback': 12, 'en_ifvg': False, 'en_breaker': True, 'breaker_swing_l': 20, 'en_cisd': True, 'k': 4, 'en_cap_bars': False, 'cap_1min': 40}.
[I 2026-07-13 15:06:44,142] Trial 759 pruned. 
[I 2026-07-13 15:06:44,440] Trial 760 pruned. 
[I 2026-07-13 15:06:45,630] Trial 761 pruned. 
[I 2026-07-13 15:06:49,552] Trial 762 finished with values: [-2692.3959257180386, -13319.743915330428, 59.15] and parameters: {'sl_soft': 0.01551689344924345, 'sl_hard_delta': 0.039079023456287866, 'tp': 0.025622718965235165, 'gate_pct': 91.11428864458729, 'dd_limit': 9.740009427199718, 'cooldown': 1, 'flip': True, 'en_ema_trend': True, 'ema_trend_fast': 330, 'ema_trend_slow': 18, 'en_sma_trend': False, 'sma_trend_fast': 137, 'sma_trend_slow': 51, 'en_macd': True, 'macd_fast': 27, 'macd_slow': 16, 'macd_signal': 24, 'en_vwap': True, 'en_keltner': False, 'keltner_n': 66, 'keltner_m': 0.5, 'en_obv': False, 'obv_slope': 20, 'en_cci': True, 'cci_n': 181, 'cci_threshold': 205, 'en_rsi': False, 'rsi_n': 24, 'rsi_lower': 4, 'rsi_upper': 93, 'en_stochastic': False, 'stochastic_n': 36, 'stochastic_d': 4, 'stochastic_lower': 25, 'stochastic_upper': 63, 'en_mfi': True, 'mfi_n': 29, 'mfi_lower': 13, 'mfi_upper': 55, 'en_bollinger': False, 'bollinger_n': 144, 'bollinger_k': 4.8, 'en_adx': False, 'adx_n': 28, 'adx_threshold': 17, 'en_structure_trend': False, 'structure_trend_swing_l': 10, 'en_order_block': False, 'order_block_swing_l': 8, 'en_fvg': False, 'fvg_lookback': 27, 'en_ifvg': False, 'en_breaker': True, 'breaker_swing_l': 12, 'en_cisd': False, 'k': 2, 'en_cap_bars': False, 'cap_1min': 634}.
[I 2026-07-13 15:06:50,446] Trial 763 pruned. 
[I 2026-07-13 15:06:51,838] Trial 764 pruned. 
[I 2026-07-13 15:06:53,079] Trial 765 pruned. 
[I 2026-07-13 15:06:54,194] Trial 766 pruned. 
[I 2026-07-13 15:06:55,114] Trial 767 pruned. 
[I 2026-07-13 15:06:56,181] Trial 768 pruned. 
[I 2026-07-13 15:06:57,079] Trial 769 pruned. 
[I 2026-07-13 15:06:59,192] Trial 770 pruned. 
[I 2026-07-13 15:07:01,318] Trial 771 pruned. 
[I 2026-07-13 15:07:02,458] Trial 772 pruned. 
[I 2026-07-13 15:07:03,350] Trial 773 pruned. 
[I 2026-07-13 15:07:04,376] Trial 774 pruned. 
[I 2026-07-13 15:07:06,153] Trial 775 pruned. 
[I 2026-07-13 15:07:07,025] Trial 776 pruned. 
[I 2026-07-13 15:07:07,954] Trial 777 pruned. 
[I 2026-07-13 15:07:09,034] Trial 778 pruned. 
[I 2026-07-13 15:07:10,159] Trial 779 pruned. 
[I 2026-07-13 15:07:11,519] Trial 780 pruned. 
[I 2026-07-13 15:07:13,727] Trial 781 pruned. 
[I 2026-07-13 15:07:15,210] Trial 782 pruned. 
[I 2026-07-13 15:07:17,332] Trial 783 pruned. 
[I 2026-07-13 15:07:17,958] Trial 784 pruned. 
[I 2026-07-13 15:07:19,671] Trial 785 pruned. 
[I 2026-07-13 15:07:20,778] Trial 786 pruned. 
[I 2026-07-13 15:07:22,616] Trial 787 pruned. 
[I 2026-07-13 15:07:23,940] Trial 788 pruned. 
[I 2026-07-13 15:07:24,765] Trial 789 pruned. 
[I 2026-07-13 15:07:26,097] Trial 790 pruned. 
[I 2026-07-13 15:07:28,736] Trial 791 pruned. 
[I 2026-07-13 15:07:30,183] Trial 792 pruned. 
[I 2026-07-13 15:07:31,083] Trial 793 pruned. 
[I 2026-07-13 15:07:32,648] Trial 794 pruned. 
[I 2026-07-13 15:07:33,426] Trial 795 pruned. 
[I 2026-07-13 15:07:34,650] Trial 796 pruned. 
[I 2026-07-13 15:07:35,215] Trial 797 pruned. 
[I 2026-07-13 15:07:36,745] Trial 798 pruned. 
[I 2026-07-13 15:07:37,581] Trial 799 pruned. 
[I 2026-07-13 15:07:37,940] Trial 800 pruned. 
[I 2026-07-13 15:07:39,577] Trial 801 pruned. 
[I 2026-07-13 15:07:40,166] Trial 802 pruned. 
[I 2026-07-13 15:07:41,175] Trial 803 pruned. 
[I 2026-07-13 15:07:42,170] Trial 804 pruned. 
[I 2026-07-13 15:07:44,112] Trial 805 pruned. 
[I 2026-07-13 15:07:45,211] Trial 806 pruned. 
[I 2026-07-13 15:07:46,337] Trial 807 pruned. 
[I 2026-07-13 15:07:49,654] Trial 808 pruned. 
[I 2026-07-13 15:07:54,448] Trial 809 pruned. 
[I 2026-07-13 15:07:58,830] Trial 810 pruned. 
[I 2026-07-13 15:07:59,382] Trial 811 pruned. 
[I 2026-07-13 15:08:00,325] Trial 812 pruned. 
[I 2026-07-13 15:08:00,955] Trial 813 pruned. 
[I 2026-07-13 15:08:02,689] Trial 814 pruned. 
[I 2026-07-13 15:08:03,999] Trial 815 pruned. 
[I 2026-07-13 15:08:05,016] Trial 816 pruned. 
[I 2026-07-13 15:08:05,524] Trial 817 pruned. 
[I 2026-07-13 15:08:06,475] Trial 818 pruned. 
[I 2026-07-13 15:08:07,661] Trial 819 pruned. 
[I 2026-07-13 15:08:08,521] Trial 820 pruned. 
[I 2026-07-13 15:08:09,593] Trial 821 pruned. 
[I 2026-07-13 15:08:10,924] Trial 822 pruned. 
[I 2026-07-13 15:08:11,920] Trial 823 pruned. 
[I 2026-07-13 15:08:12,964] Trial 824 pruned. 
[I 2026-07-13 15:08:14,796] Trial 825 pruned. 
[I 2026-07-13 15:08:16,413] Trial 826 pruned. 
[I 2026-07-13 15:08:17,712] Trial 827 pruned. 
[I 2026-07-13 15:08:19,387] Trial 828 pruned. 
[I 2026-07-13 15:08:20,520] Trial 829 pruned. 
[I 2026-07-13 15:08:21,456] Trial 830 pruned. 
[I 2026-07-13 15:08:22,042] Trial 831 pruned. 
[I 2026-07-13 15:08:26,040] Trial 832 finished with values: [-304.99821492870893, -701.5072610879969, 61.25] and parameters: {'sl_soft': 0.033248494775748205, 'sl_hard_delta': 0.01351865596345161, 'tp': 0.019395224610929157, 'gate_pct': 77.9610876299926, 'dd_limit': 8.89689922634271, 'cooldown': 10, 'flip': True, 'en_ema_trend': True, 'ema_trend_fast': 108, 'ema_trend_slow': 19, 'en_sma_trend': True, 'sma_trend_fast': 166, 'sma_trend_slow': 285, 'en_macd': False, 'macd_fast': 76, 'macd_slow': 18, 'macd_signal': 75, 'en_vwap': False, 'en_keltner': True, 'keltner_n': 169, 'keltner_m': 3.8000000000000003, 'en_obv': True, 'obv_slope': 71, 'en_cci': False, 'cci_n': 131, 'cci_threshold': 170, 'en_rsi': True, 'rsi_n': 73, 'rsi_lower': 12, 'rsi_upper': 79, 'en_stochastic': False, 'stochastic_n': 29, 'stochastic_d': 19, 'stochastic_lower': 7, 'stochastic_upper': 62, 'en_mfi': False, 'mfi_n': 13, 'mfi_lower': 19, 'mfi_upper': 79, 'en_bollinger': True, 'bollinger_n': 2, 'bollinger_k': 3.8000000000000003, 'en_adx': False, 'adx_n': 83, 'adx_threshold': 8, 'en_structure_trend': True, 'structure_trend_swing_l': 18, 'en_order_block': True, 'order_block_swing_l': 20, 'en_fvg': True, 'fvg_lookback': 40, 'en_ifvg': False, 'en_breaker': True, 'breaker_swing_l': 20, 'en_cisd': False, 'k': 4, 'en_cap_bars': False, 'cap_1min': 1079}.
[I 2026-07-13 15:08:26,971] Trial 833 pruned. 
[I 2026-07-13 15:08:28,730] Trial 834 pruned. 
[I 2026-07-13 15:08:29,122] Trial 835 pruned. 
[I 2026-07-13 15:08:30,190] Trial 836 pruned. 
[I 2026-07-13 15:08:32,073] Trial 837 pruned. 
[I 2026-07-13 15:08:34,273] Trial 838 pruned. 
[I 2026-07-13 15:08:35,342] Trial 839 pruned. 
[I 2026-07-13 15:08:35,541] Trial 840 pruned. 
[I 2026-07-13 15:08:37,492] Trial 841 pruned. 
[I 2026-07-13 15:08:39,163] Trial 842 pruned. 
[I 2026-07-13 15:08:48,073] Trial 843 finished with values: [-68.4033578805554, -821.8660886682727, 52.8] and parameters: {'sl_soft': 0.038114301613939465, 'sl_hard_delta': 0.016676770963943, 'tp': 0.043487232479453436, 'gate_pct': 99.3861717774851, 'dd_limit': 6.844711394584541, 'cooldown': 19, 'flip': True, 'en_ema_trend': False, 'ema_trend_fast': 261, 'ema_trend_slow': 294, 'en_sma_trend': True, 'sma_trend_fast': 177, 'sma_trend_slow': 351, 'en_macd': True, 'macd_fast': 61, 'macd_slow': 93, 'macd_signal': 38, 'en_vwap': True, 'en_keltner': False, 'keltner_n': 22, 'keltner_m': 1.2000000000000002, 'en_obv': True, 'obv_slope': 69, 'en_cci': True, 'cci_n': 112, 'cci_threshold': 180, 'en_rsi': True, 'rsi_n': 78, 'rsi_lower': 9, 'rsi_upper': 63, 'en_stochastic': True, 'stochastic_n': 45, 'stochastic_d': 43, 'stochastic_lower': 21, 'stochastic_upper': 97, 'en_mfi': False, 'mfi_n': 9, 'mfi_lower': 43, 'mfi_upper': 62, 'en_bollinger': False, 'bollinger_n': 189, 'bollinger_k': 1.1, 'en_adx': False, 'adx_n': 37, 'adx_threshold': 26, 'en_structure_trend': False, 'structure_trend_swing_l': 7, 'en_order_block': True, 'order_block_swing_l': 4, 'en_fvg': False, 'fvg_lookback': 37, 'en_ifvg': True, 'en_breaker': False, 'breaker_swing_l': 14, 'en_cisd': False, 'k': 2, 'en_cap_bars': True, 'cap_1min': 1239}.
[I 2026-07-13 15:08:49,148] Trial 844 pruned. 
[I 2026-07-13 15:08:50,312] Trial 845 pruned. 
[I 2026-07-13 15:08:52,444] Trial 846 pruned. 
[I 2026-07-13 15:08:53,427] Trial 847 pruned. 
[I 2026-07-13 15:08:54,339] Trial 848 pruned. 
[I 2026-07-13 15:08:54,842] Trial 849 pruned. 
[I 2026-07-13 15:08:56,756] Trial 850 pruned. 
[I 2026-07-13 15:08:59,233] Trial 851 pruned. 
[I 2026-07-13 15:09:00,268] Trial 852 pruned. 
[I 2026-07-13 15:09:01,649] Trial 853 pruned. 
[I 2026-07-13 15:09:03,355] Trial 854 pruned. 
[I 2026-07-13 15:09:03,961] Trial 855 pruned. 
[I 2026-07-13 15:09:04,929] Trial 856 pruned. 
[I 2026-07-13 15:09:05,637] Trial 857 pruned. 
[I 2026-07-13 15:09:07,306] Trial 858 pruned. 
[I 2026-07-13 15:09:08,095] Trial 859 pruned. 
[I 2026-07-13 15:09:09,135] Trial 860 pruned. 
[I 2026-07-13 15:09:10,244] Trial 861 pruned. 
[I 2026-07-13 15:09:11,470] Trial 862 pruned. 
[I 2026-07-13 15:09:15,333] Trial 863 pruned. 
[I 2026-07-13 15:09:16,190] Trial 864 pruned. 
[I 2026-07-13 15:09:18,425] Trial 865 pruned. 
[I 2026-07-13 15:09:20,696] Trial 866 pruned. 
[I 2026-07-13 15:09:21,614] Trial 867 pruned. 
[I 2026-07-13 15:09:22,129] Trial 868 pruned. 
[I 2026-07-13 15:09:23,265] Trial 869 pruned. 
[I 2026-07-13 15:09:24,334] Trial 870 pruned. 
[I 2026-07-13 15:09:24,938] Trial 871 pruned. 
[I 2026-07-13 15:09:26,099] Trial 872 pruned. 
[I 2026-07-13 15:09:27,938] Trial 873 pruned. 
[I 2026-07-13 15:09:29,216] Trial 874 pruned. 
[I 2026-07-13 15:09:30,894] Trial 875 pruned. 
[I 2026-07-13 15:09:31,319] Trial 876 pruned. 
[I 2026-07-13 15:09:32,534] Trial 877 pruned. 
[I 2026-07-13 15:09:33,243] Trial 878 pruned. 
[I 2026-07-13 15:09:33,746] Trial 879 pruned. 
[I 2026-07-13 15:09:34,109] Trial 880 pruned. 
[I 2026-07-13 15:09:35,273] Trial 881 pruned. 
[I 2026-07-13 15:09:37,214] Trial 882 pruned. 
[I 2026-07-13 15:09:38,360] Trial 883 pruned. 
[I 2026-07-13 15:09:39,720] Trial 884 pruned. 
[I 2026-07-13 15:09:41,565] Trial 885 pruned. 
[I 2026-07-13 15:09:43,137] Trial 886 pruned. 
[I 2026-07-13 15:09:44,104] Trial 887 pruned. 
[I 2026-07-13 15:09:44,605] Trial 888 pruned. 
[I 2026-07-13 15:09:46,086] Trial 889 pruned. 
[I 2026-07-13 15:09:48,561] Trial 890 pruned. 
[I 2026-07-13 15:09:49,679] Trial 891 pruned. 
[I 2026-07-13 15:09:50,853] Trial 892 pruned. 
[I 2026-07-13 15:09:51,720] Trial 893 pruned. 
[I 2026-07-13 15:09:52,911] Trial 894 pruned. 
[I 2026-07-13 15:09:54,287] Trial 895 pruned. 
[I 2026-07-13 15:09:58,552] Trial 896 finished with values: [538.9424382238589, -9356.981380915793, 51.150000000000006] and parameters: {'sl_soft': 0.01989060031961859, 'sl_hard_delta': 0.044588335103533105, 'tp': 0.0431343103715893, 'gate_pct': 96.87387275432529, 'dd_limit': 6.787950662357963, 'cooldown': 0, 'flip': True, 'en_ema_trend': True, 'ema_trend_fast': 60, 'ema_trend_slow': 378, 'en_sma_trend': False, 'sma_trend_fast': 27, 'sma_trend_slow': 80, 'en_macd': True, 'macd_fast': 80, 'macd_slow': 7, 'macd_signal': 94, 'en_vwap': True, 'en_keltner': False, 'keltner_n': 176, 'keltner_m': 4.0, 'en_obv': False, 'obv_slope': 120, 'en_cci': False, 'cci_n': 180, 'cci_threshold': 260, 'en_rsi': True, 'rsi_n': 13, 'rsi_lower': 3, 'rsi_upper': 86, 'en_stochastic': False, 'stochastic_n': 96, 'stochastic_d': 27, 'stochastic_lower': 45, 'stochastic_upper': 97, 'en_mfi': True, 'mfi_n': 15, 'mfi_lower': 47, 'mfi_upper': 98, 'en_bollinger': False, 'bollinger_n': 125, 'bollinger_k': 0.9, 'en_adx': False, 'adx_n': 7, 'adx_threshold': 25, 'en_structure_trend': False, 'structure_trend_swing_l': 10, 'en_order_block': True, 'order_block_swing_l': 2, 'en_fvg': True, 'fvg_lookback': 49, 'en_ifvg': True, 'en_breaker': True, 'breaker_swing_l': 18, 'en_cisd': False, 'k': 5, 'en_cap_bars': False, 'cap_1min': 713}.
[I 2026-07-13 15:09:59,488] Trial 897 pruned. 
[I 2026-07-13 15:10:01,632] Trial 898 pruned. 
[I 2026-07-13 15:10:03,566] Trial 899 pruned. 
[I 2026-07-13 15:10:04,728] Trial 900 pruned. 
[I 2026-07-13 15:10:05,843] Trial 901 pruned. 
[I 2026-07-13 15:10:06,748] Trial 902 pruned. 
[I 2026-07-13 15:10:08,058] Trial 903 finished with values: [-339.9433651980744, -1113.7991359431967, 75.0] and parameters: {'sl_soft': 0.0430567193720152, 'sl_hard_delta': 0.031196556357529437, 'tp': 0.014639614258084065, 'gate_pct': 94.87782605027864, 'dd_limit': 1.740791785171474, 'cooldown': 26, 'flip': True, 'en_ema_trend': False, 'ema_trend_fast': 85, 'ema_trend_slow': 116, 'en_sma_trend': True, 'sma_trend_fast': 237, 'sma_trend_slow': 140, 'en_macd': False, 'macd_fast': 23, 'macd_slow': 96, 'macd_signal': 75, 'en_vwap': False, 'en_keltner': False, 'keltner_n': 32, 'keltner_m': 4.6000000000000005, 'en_obv': False, 'obv_slope': 92, 'en_cci': False, 'cci_n': 140, 'cci_threshold': 245, 'en_rsi': False, 'rsi_n': 17, 'rsi_lower': 24, 'rsi_upper': 63, 'en_stochastic': False, 'stochastic_n': 59, 'stochastic_d': 34, 'stochastic_lower': 32, 'stochastic_upper': 51, 'en_mfi': True, 'mfi_n': 49, 'mfi_lower': 16, 'mfi_upper': 93, 'en_bollinger': False, 'bollinger_n': 72, 'bollinger_k': 3.6, 'en_adx': False, 'adx_n': 87, 'adx_threshold': 13, 'en_structure_trend': True, 'structure_trend_swing_l': 16, 'en_order_block': True, 'order_block_swing_l': 5, 'en_fvg': True, 'fvg_lookback': 24, 'en_ifvg': False, 'en_breaker': False, 'breaker_swing_l': 17, 'en_cisd': True, 'k': 4, 'en_cap_bars': False, 'cap_1min': 993}.
[I 2026-07-13 15:10:09,323] Trial 904 pruned. 
[I 2026-07-13 15:10:10,332] Trial 905 pruned. 
[I 2026-07-13 15:10:11,485] Trial 906 pruned. 
[I 2026-07-13 15:10:13,885] Trial 907 finished with values: [-222.4780874453103, -1346.8612662207136, 41.5] and parameters: {'sl_soft': 0.018446440995462176, 'sl_hard_delta': 0.012763153595698788, 'tp': 0.03504762728325812, 'gate_pct': 96.54380504120698, 'dd_limit': 4.125389121894992, 'cooldown': 8, 'flip': False, 'en_ema_trend': False, 'ema_trend_fast': 393, 'ema_trend_slow': 260, 'en_sma_trend': False, 'sma_trend_fast': 13, 'sma_trend_slow': 311, 'en_macd': True, 'macd_fast': 85, 'macd_slow': 106, 'macd_signal': 34, 'en_vwap': True, 'en_keltner': False, 'keltner_n': 99, 'keltner_m': 2.4000000000000004, 'en_obv': False, 'obv_slope': 146, 'en_cci': True, 'cci_n': 33, 'cci_threshold': 180, 'en_rsi': False, 'rsi_n': 15, 'rsi_lower': 39, 'rsi_upper': 65, 'en_stochastic': False, 'stochastic_n': 2, 'stochastic_d': 7, 'stochastic_lower': 8, 'stochastic_upper': 91, 'en_mfi': True, 'mfi_n': 76, 'mfi_lower': 33, 'mfi_upper': 83, 'en_bollinger': False, 'bollinger_n': 46, 'bollinger_k': 0.7, 'en_adx': False, 'adx_n': 63, 'adx_threshold': 39, 'en_structure_trend': True, 'structure_trend_swing_l': 14, 'en_order_block': False, 'order_block_swing_l': 19, 'en_fvg': True, 'fvg_lookback': 18, 'en_ifvg': True, 'en_breaker': False, 'breaker_swing_l': 11, 'en_cisd': False, 'k': 5, 'en_cap_bars': False, 'cap_1min': 715}.
[I 2026-07-13 15:10:14,315] Trial 908 pruned. 
[I 2026-07-13 15:10:15,878] Trial 909 pruned. 
[I 2026-07-13 15:10:16,758] Trial 910 pruned. 
[I 2026-07-13 15:10:17,061] Trial 911 pruned. 
[I 2026-07-13 15:10:18,139] Trial 912 pruned. 
[I 2026-07-13 15:10:19,469] Trial 913 pruned. 
[I 2026-07-13 15:10:21,370] Trial 914 pruned. 
[I 2026-07-13 15:10:22,464] Trial 915 pruned. 
[I 2026-07-13 15:10:23,923] Trial 916 pruned. 
[I 2026-07-13 15:10:24,892] Trial 917 pruned. 
[I 2026-07-13 15:10:26,547] Trial 918 pruned. 
[I 2026-07-13 15:10:26,881] Trial 919 pruned. 
[I 2026-07-13 15:10:27,143] Trial 920 pruned. 
[I 2026-07-13 15:10:29,289] Trial 921 pruned. 
[I 2026-07-13 15:10:30,550] Trial 922 pruned. 
[I 2026-07-13 15:10:31,783] Trial 923 pruned. 
[I 2026-07-13 15:10:34,012] Trial 924 pruned. 
[I 2026-07-13 15:10:35,755] Trial 925 pruned. 
[I 2026-07-13 15:10:36,081] Trial 926 pruned. 
