[I 2026-07-13 17:06:20,722] Trial 189 finished with values: [275.9166959375034, -1790.0, 55.0] and parameters: {'sl_soft': 107.65927377307194, 'sl_hard_delta': 180.91160890752712, 'tp': 119.54861789506882, 'gate_pct': 61.70561390485503, 'dd_limit': 8994.231768656287, 'cooldown': 6, 'flip': False, 'en_ema_trend': True, 'ema_trend_fast': 11, 'ema_trend_slow': 333, 'en_sma_trend': True, 'sma_trend_fast': 59, 'sma_trend_slow': 261, 'en_macd': True, 'macd_fast': 50, 'macd_slow': 175, 'macd_signal': 100, 'en_vwap': False, 'en_keltner': False, 'keltner_n': 5, 'keltner_m': 3.3000000000000003, 'en_obv': True, 'obv_slope': 150, 'en_cci': True, 'cci_n': 123, 'cci_threshold': 120, 'en_rsi': False, 'rsi_n': 76, 'rsi_lower': 16, 'rsi_upper': 74, 'en_stochastic': False, 'stochastic_n': 93, 'stochastic_d': 37, 'stochastic_lower': 12, 'stochastic_upper': 62, 'en_mfi': True, 'mfi_n': 86, 'mfi_lower': 34, 'mfi_upper': 98, 'en_bollinger': True, 'bollinger_n': 133, 'bollinger_k': 1.9000000000000001, 'en_adx': False, 'adx_n': 100, 'adx_threshold': 14, 'en_structure_trend': False, 'structure_trend_swing_l': 18, 'en_order_block': True, 'order_block_swing_l': 19, 'en_fvg': True, 'fvg_lookback': 1, 'en_ifvg': True, 'en_breaker': True, 'breaker_swing_l': 4, 'en_cisd': False, 'k': 5, 'en_cap_bars': True, 'cap_1min': 1171}.
[I 2026-07-13 17:06:22,083] Trial 190 pruned. 
[I 2026-07-13 17:06:23,709] Trial 191 pruned. 
[I 2026-07-13 17:06:26,080] Trial 192 pruned. 
[I 2026-07-13 17:06:26,424] Trial 193 pruned. 
[I 2026-07-13 17:06:28,609] Trial 194 pruned. 
[I 2026-07-13 17:06:34,231] Trial 195 pruned. 
[I 2026-07-13 17:06:35,303] Trial 196 pruned. 
[I 2026-07-13 17:06:43,758] Trial 197 finished with values: [287.33623075549986, -2159.0170064137055, 32.45] and parameters: {'sl_soft': 63.61708425572577, 'sl_hard_delta': 33.84163978255567, 'tp': 171.19659871726185, 'gate_pct': 48.89078119647594, 'dd_limit': 7734.658936035632, 'cooldown': 6, 'flip': False, 'en_ema_trend': True, 'ema_trend_fast': 113, 'ema_trend_slow': 202, 'en_sma_trend': True, 'sma_trend_fast': 199, 'sma_trend_slow': 337, 'en_macd': False, 'macd_fast': 52, 'macd_slow': 12, 'macd_signal': 60, 'en_vwap': False, 'en_keltner': False, 'keltner_n': 117, 'keltner_m': 3.3000000000000003, 'en_obv': True, 'obv_slope': 22, 'en_cci': False, 'cci_n': 83, 'cci_threshold': 175, 'en_rsi': True, 'rsi_n': 51, 'rsi_lower': 19, 'rsi_upper': 79, 'en_stochastic': False, 'stochastic_n': 69, 'stochastic_d': 9, 'stochastic_lower': 20, 'stochastic_upper': 74, 'en_mfi': True, 'mfi_n': 36, 'mfi_lower': 28, 'mfi_upper': 84, 'en_bollinger': False, 'bollinger_n': 195, 'bollinger_k': 3.9000000000000004, 'en_adx': True, 'adx_n': 11, 'adx_threshold': 16, 'en_structure_trend': True, 'structure_trend_swing_l': 10, 'en_order_block': True, 'order_block_swing_l': 5, 'en_fvg': False, 'fvg_lookback': 23, 'en_ifvg': True, 'en_breaker': True, 'breaker_swing_l': 18, 'en_cisd': False, 'k': 4, 'en_cap_bars': False, 'cap_1min': 896}.
[I 2026-07-13 17:06:44,690] Trial 198 pruned. 
[I 2026-07-13 17:06:59,449] Trial 199 finished with values: [-89.99956841085805, -4017.027640794622, 39.900000000000006] and parameters: {'sl_soft': 66.61970650142193, 'sl_hard_delta': 28.5885294833625, 'tp': 174.18221727641594, 'gate_pct': 94.5832156131506, 'dd_limit': 8833.503555862811, 'cooldown': 1, 'flip': True, 'en_ema_trend': False, 'ema_trend_fast': 205, 'ema_trend_slow': 187, 'en_sma_trend': True, 'sma_trend_fast': 360, 'sma_trend_slow': 50, 'en_macd': True, 'macd_fast': 54, 'macd_slow': 89, 'macd_signal': 91, 'en_vwap': True, 'en_keltner': False, 'keltner_n': 163, 'keltner_m': 3.3000000000000003, 'en_obv': False, 'obv_slope': 82, 'en_cci': False, 'cci_n': 32, 'cci_threshold': 190, 'en_rsi': True, 'rsi_n': 94, 'rsi_lower': 43, 'rsi_upper': 70, 'en_stochastic': True, 'stochastic_n': 46, 'stochastic_d': 28, 'stochastic_lower': 20, 'stochastic_upper': 72, 'en_mfi': True, 'mfi_n': 7, 'mfi_lower': 12, 'mfi_upper': 58, 'en_bollinger': True, 'bollinger_n': 15, 'bollinger_k': 2.8000000000000003, 'en_adx': True, 'adx_n': 52, 'adx_threshold': 8, 'en_structure_trend': False, 'structure_trend_swing_l': 14, 'en_order_block': False, 'order_block_swing_l': 18, 'en_fvg': False, 'fvg_lookback': 34, 'en_ifvg': False, 'en_breaker': False, 'breaker_swing_l': 3, 'en_cisd': False, 'k': 1, 'en_cap_bars': True, 'cap_1min': 456}.
[I 2026-07-13 17:06:59,598] Trial 200 pruned. 
[I 2026-07-13 17:07:01,392] Trial 201 pruned. 
[I 2026-07-13 17:07:02,619] Trial 202 pruned. 
[I 2026-07-13 17:07:03,284] Trial 203 pruned. 
[I 2026-07-13 17:07:06,628] Trial 204 pruned. 
[I 2026-07-13 17:07:11,234] Trial 205 pruned. 
[I 2026-07-13 17:07:12,666] Trial 206 pruned. 
[I 2026-07-13 17:07:13,961] Trial 207 pruned. 
[I 2026-07-13 17:07:15,700] Trial 208 pruned. 
[I 2026-07-13 17:07:16,261] Trial 209 pruned. 
[I 2026-07-13 17:07:19,875] Trial 210 finished with values: [-971.4554523384322, -6844.89557966408, 66.3] and parameters: {'sl_soft': 63.33577402331893, 'sl_hard_delta': 121.31602046933487, 'tp': 37.571760064556344, 'gate_pct': 93.79805140335328, 'dd_limit': 516.942840276527, 'cooldown': 1, 'flip': True, 'en_ema_trend': False, 'ema_trend_fast': 77, 'ema_trend_slow': 100, 'en_sma_trend': False, 'sma_trend_fast': 289, 'sma_trend_slow': 290, 'en_macd': True, 'macd_fast': 2, 'macd_slow': 132, 'macd_signal': 19, 'en_vwap': True, 'en_keltner': True, 'keltner_n': 72, 'keltner_m': 3.0, 'en_obv': True, 'obv_slope': 93, 'en_cci': False, 'cci_n': 51, 'cci_threshold': 265, 'en_rsi': False, 'rsi_n': 66, 'rsi_lower': 15, 'rsi_upper': 54, 'en_stochastic': False, 'stochastic_n': 6, 'stochastic_d': 20, 'stochastic_lower': 21, 'stochastic_upper': 69, 'en_mfi': False, 'mfi_n': 51, 'mfi_lower': 27, 'mfi_upper': 80, 'en_bollinger': False, 'bollinger_n': 86, 'bollinger_k': 2.4000000000000004, 'en_adx': False, 'adx_n': 98, 'adx_threshold': 27, 'en_structure_trend': False, 'structure_trend_swing_l': 4, 'en_order_block': False, 'order_block_swing_l': 18, 'en_fvg': True, 'fvg_lookback': 14, 'en_ifvg': False, 'en_breaker': False, 'breaker_swing_l': 20, 'en_cisd': False, 'k': 4, 'en_cap_bars': True, 'cap_1min': 693}.
[I 2026-07-13 17:07:22,413] Trial 211 pruned. 
[I 2026-07-13 17:07:23,284] Trial 212 pruned. 
[I 2026-07-13 17:07:32,169] Trial 213 finished with values: [-113.90302291078115, -870.0, 70.0] and parameters: {'sl_soft': 97.28795764227644, 'sl_hard_delta': 82.53013141322893, 'tp': 35.08775816713958, 'gate_pct': 56.97875941928271, 'dd_limit': 4445.029136462555, 'cooldown': 2, 'flip': True, 'en_ema_trend': True, 'ema_trend_fast': 81, 'ema_trend_slow': 87, 'en_sma_trend': True, 'sma_trend_fast': 329, 'sma_trend_slow': 8, 'en_macd': True, 'macd_fast': 35, 'macd_slow': 129, 'macd_signal': 17, 'en_vwap': False, 'en_keltner': False, 'keltner_n': 46, 'keltner_m': 4.8, 'en_obv': False, 'obv_slope': 103, 'en_cci': True, 'cci_n': 200, 'cci_threshold': 135, 'en_rsi': True, 'rsi_n': 17, 'rsi_lower': 7, 'rsi_upper': 69, 'en_stochastic': True, 'stochastic_n': 4, 'stochastic_d': 36, 'stochastic_lower': 47, 'stochastic_upper': 89, 'en_mfi': True, 'mfi_n': 33, 'mfi_lower': 24, 'mfi_upper': 67, 'en_bollinger': False, 'bollinger_n': 45, 'bollinger_k': 0.9, 'en_adx': False, 'adx_n': 70, 'adx_threshold': 12, 'en_structure_trend': True, 'structure_trend_swing_l': 12, 'en_order_block': False, 'order_block_swing_l': 20, 'en_fvg': True, 'fvg_lookback': 29, 'en_ifvg': False, 'en_breaker': True, 'breaker_swing_l': 9, 'en_cisd': False, 'k': 5, 'en_cap_bars': True, 'cap_1min': 335}.
[I 2026-07-13 17:07:36,231] Trial 214 pruned. 
[I 2026-07-13 17:07:39,464] Trial 215 finished with values: [1334.398324328522, -6712.815649997974, 58.2] and parameters: {'sl_soft': 77.11683545677646, 'sl_hard_delta': 137.51735200051655, 'tp': 66.94535632104143, 'gate_pct': 80.24193898753819, 'dd_limit': 5203.925656613121, 'cooldown': 0, 'flip': False, 'en_ema_trend': False, 'ema_trend_fast': 91, 'ema_trend_slow': 109, 'en_sma_trend': True, 'sma_trend_fast': 139, 'sma_trend_slow': 109, 'en_macd': False, 'macd_fast': 6, 'macd_slow': 105, 'macd_signal': 87, 'en_vwap': True, 'en_keltner': True, 'keltner_n': 190, 'keltner_m': 4.7, 'en_obv': True, 'obv_slope': 53, 'en_cci': False, 'cci_n': 102, 'cci_threshold': 65, 'en_rsi': True, 'rsi_n': 73, 'rsi_lower': 11, 'rsi_upper': 69, 'en_stochastic': False, 'stochastic_n': 84, 'stochastic_d': 47, 'stochastic_lower': 2, 'stochastic_upper': 91, 'en_mfi': False, 'mfi_n': 61, 'mfi_lower': 13, 'mfi_upper': 78, 'en_bollinger': False, 'bollinger_n': 161, 'bollinger_k': 1.0, 'en_adx': False, 'adx_n': 19, 'adx_threshold': 55, 'en_structure_trend': False, 'structure_trend_swing_l': 19, 'en_order_block': False, 'order_block_swing_l': 10, 'en_fvg': False, 'fvg_lookback': 28, 'en_ifvg': True, 'en_breaker': True, 'breaker_swing_l': 3, 'en_cisd': True, 'k': 2, 'en_cap_bars': True, 'cap_1min': 1333}.
[I 2026-07-13 17:07:40,819] Trial 216 pruned. 
[I 2026-07-13 17:07:43,658] Trial 217 finished with values: [1027.2933294906215, -2768.7025170514607, 28.2] and parameters: {'sl_soft': 43.63639804285787, 'sl_hard_delta': 89.10410536743461, 'tp': 211.7072294008167, 'gate_pct': 55.051017158961336, 'dd_limit': 2885.280068287132, 'cooldown': 5, 'flip': False, 'en_ema_trend': False, 'ema_trend_fast': 378, 'ema_trend_slow': 94, 'en_sma_trend': True, 'sma_trend_fast': 148, 'sma_trend_slow': 29, 'en_macd': False, 'macd_fast': 18, 'macd_slow': 115, 'macd_signal': 33, 'en_vwap': False, 'en_keltner': True, 'keltner_n': 179, 'keltner_m': 5.0, 'en_obv': True, 'obv_slope': 116, 'en_cci': False, 'cci_n': 159, 'cci_threshold': 195, 'en_rsi': True, 'rsi_n': 52, 'rsi_lower': 27, 'rsi_upper': 55, 'en_stochastic': False, 'stochastic_n': 13, 'stochastic_d': 17, 'stochastic_lower': 26, 'stochastic_upper': 58, 'en_mfi': True, 'mfi_n': 33, 'mfi_lower': 9, 'mfi_upper': 81, 'en_bollinger': False, 'bollinger_n': 154, 'bollinger_k': 3.1, 'en_adx': False, 'adx_n': 49, 'adx_threshold': 11, 'en_structure_trend': True, 'structure_trend_swing_l': 6, 'en_order_block': True, 'order_block_swing_l': 16, 'en_fvg': True, 'fvg_lookback': 11, 'en_ifvg': False, 'en_breaker': True, 'breaker_swing_l': 5, 'en_cisd': True, 'k': 4, 'en_cap_bars': True, 'cap_1min': 497}.
[I 2026-07-13 17:07:52,222] Trial 218 finished with values: [155.35192620784073, -5190.9710994869965, 72.2] and parameters: {'sl_soft': 112.49456694847298, 'sl_hard_delta': 74.30072487871868, 'tp': 47.46010719297628, 'gate_pct': 79.12027635095406, 'dd_limit': 4455.522850704468, 'cooldown': 7, 'flip': True, 'en_ema_trend': True, 'ema_trend_fast': 373, 'ema_trend_slow': 316, 'en_sma_trend': False, 'sma_trend_fast': 221, 'sma_trend_slow': 357, 'en_macd': False, 'macd_fast': 9, 'macd_slow': 15, 'macd_signal': 47, 'en_vwap': False, 'en_keltner': True, 'keltner_n': 142, 'keltner_m': 1.6, 'en_obv': True, 'obv_slope': 182, 'en_cci': True, 'cci_n': 198, 'cci_threshold': 170, 'en_rsi': False, 'rsi_n': 77, 'rsi_lower': 40, 'rsi_upper': 86, 'en_stochastic': True, 'stochastic_n': 75, 'stochastic_d': 14, 'stochastic_lower': 8, 'stochastic_upper': 95, 'en_mfi': False, 'mfi_n': 92, 'mfi_lower': 1, 'mfi_upper': 62, 'en_bollinger': False, 'bollinger_n': 125, 'bollinger_k': 4.300000000000001, 'en_adx': False, 'adx_n': 97, 'adx_threshold': 59, 'en_structure_trend': False, 'structure_trend_swing_l': 7, 'en_order_block': False, 'order_block_swing_l': 3, 'en_fvg': False, 'fvg_lookback': 28, 'en_ifvg': False, 'en_breaker': True, 'breaker_swing_l': 15, 'en_cisd': True, 'k': 4, 'en_cap_bars': True, 'cap_1min': 948}.
[I 2026-07-13 17:07:59,982] Trial 219 finished with values: [905.9383559207527, -4040.0, 49.6] and parameters: {'sl_soft': 134.95610277051492, 'sl_hard_delta': 104.13381630938323, 'tp': 131.53242008771213, 'gate_pct': 83.55253266864216, 'dd_limit': 2327.713141817985, 'cooldown': 6, 'flip': True, 'en_ema_trend': False, 'ema_trend_fast': 29, 'ema_trend_slow': 196, 'en_sma_trend': False, 'sma_trend_fast': 128, 'sma_trend_slow': 146, 'en_macd': False, 'macd_fast': 65, 'macd_slow': 150, 'macd_signal': 67, 'en_vwap': True, 'en_keltner': True, 'keltner_n': 6, 'keltner_m': 3.9000000000000004, 'en_obv': True, 'obv_slope': 162, 'en_cci': False, 'cci_n': 148, 'cci_threshold': 85, 'en_rsi': False, 'rsi_n': 76, 'rsi_lower': 38, 'rsi_upper': 95, 'en_stochastic': True, 'stochastic_n': 84, 'stochastic_d': 9, 'stochastic_lower': 2, 'stochastic_upper': 97, 'en_mfi': False, 'mfi_n': 65, 'mfi_lower': 14, 'mfi_upper': 74, 'en_bollinger': False, 'bollinger_n': 14, 'bollinger_k': 2.1, 'en_adx': True, 'adx_n': 11, 'adx_threshold': 8, 'en_structure_trend': True, 'structure_trend_swing_l': 1, 'en_order_block': False, 'order_block_swing_l': 15, 'en_fvg': True, 'fvg_lookback': 7, 'en_ifvg': True, 'en_breaker': False, 'breaker_swing_l': 18, 'en_cisd': False, 'k': 3, 'en_cap_bars': True, 'cap_1min': 412}.
[I 2026-07-13 17:08:01,759] Trial 220 finished with values: [5277.519287723135, -5043.9044259279035, 49.5] and parameters: {'sl_soft': 126.8598137128956, 'sl_hard_delta': 8.487796935304145, 'tp': 222.8315661395805, 'gate_pct': 73.0036735816267, 'dd_limit': 8361.763451759158, 'cooldown': 0, 'flip': True, 'en_ema_trend': False, 'ema_trend_fast': 317, 'ema_trend_slow': 38, 'en_sma_trend': False, 'sma_trend_fast': 141, 'sma_trend_slow': 300, 'en_macd': False, 'macd_fast': 80, 'macd_slow': 124, 'macd_signal': 99, 'en_vwap': False, 'en_keltner': True, 'keltner_n': 178, 'keltner_m': 4.8, 'en_obv': False, 'obv_slope': 110, 'en_cci': False, 'cci_n': 125, 'cci_threshold': 30, 'en_rsi': True, 'rsi_n': 5, 'rsi_lower': 11, 'rsi_upper': 82, 'en_stochastic': False, 'stochastic_n': 89, 'stochastic_d': 35, 'stochastic_lower': 44, 'stochastic_upper': 60, 'en_mfi': True, 'mfi_n': 97, 'mfi_lower': 12, 'mfi_upper': 86, 'en_bollinger': True, 'bollinger_n': 32, 'bollinger_k': 3.8000000000000003, 'en_adx': False, 'adx_n': 17, 'adx_threshold': 6, 'en_structure_trend': False, 'structure_trend_swing_l': 11, 'en_order_block': False, 'order_block_swing_l': 9, 'en_fvg': False, 'fvg_lookback': 19, 'en_ifvg': False, 'en_breaker': True, 'breaker_swing_l': 5, 'en_cisd': False, 'k': 1, 'en_cap_bars': True, 'cap_1min': 1416}.
[I 2026-07-13 17:08:15,644] Trial 221 finished with values: [-50.525441239406064, -914.5612091643125, 75.7] and parameters: {'sl_soft': 97.28795764227644, 'sl_hard_delta': 82.53013141322893, 'tp': 35.08775816713958, 'gate_pct': 68.87067583562738, 'dd_limit': 4445.029136462555, 'cooldown': 6, 'flip': True, 'en_ema_trend': True, 'ema_trend_fast': 321, 'ema_trend_slow': 87, 'en_sma_trend': True, 'sma_trend_fast': 79, 'sma_trend_slow': 322, 'en_macd': True, 'macd_fast': 35, 'macd_slow': 129, 'macd_signal': 17, 'en_vwap': False, 'en_keltner': True, 'keltner_n': 46, 'keltner_m': 3.8000000000000003, 'en_obv': False, 'obv_slope': 103, 'en_cci': False, 'cci_n': 124, 'cci_threshold': 250, 'en_rsi': True, 'rsi_n': 17, 'rsi_lower': 7, 'rsi_upper': 69, 'en_stochastic': True, 'stochastic_n': 5, 'stochastic_d': 46, 'stochastic_lower': 32, 'stochastic_upper': 89, 'en_mfi': True, 'mfi_n': 41, 'mfi_lower': 44, 'mfi_upper': 67, 'en_bollinger': False, 'bollinger_n': 45, 'bollinger_k': 2.0, 'en_adx': True, 'adx_n': 70, 'adx_threshold': 12, 'en_structure_trend': True, 'structure_trend_swing_l': 15, 'en_order_block': False, 'order_block_swing_l': 20, 'en_fvg': False, 'fvg_lookback': 29, 'en_ifvg': False, 'en_breaker': True, 'breaker_swing_l': 15, 'en_cisd': False, 'k': 1, 'en_cap_bars': True, 'cap_1min': 1145}.
[I 2026-07-13 17:08:16,385] Trial 222 finished with values: [-2100.573540602927, -4632.619805551476, 28.200000000000003] and parameters: {'sl_soft': 111.74034283670633, 'sl_hard_delta': 20.62022303619563, 'tp': 221.77970572950494, 'gate_pct': 81.43219065749138, 'dd_limit': 7424.489916885895, 'cooldown': 1, 'flip': False, 'en_ema_trend': True, 'ema_trend_fast': 177, 'ema_trend_slow': 381, 'en_sma_trend': True, 'sma_trend_fast': 29, 'sma_trend_slow': 144, 'en_macd': True, 'macd_fast': 49, 'macd_slow': 149, 'macd_signal': 13, 'en_vwap': True, 'en_keltner': True, 'keltner_n': 17, 'keltner_m': 4.5, 'en_obv': True, 'obv_slope': 54, 'en_cci': True, 'cci_n': 87, 'cci_threshold': 290, 'en_rsi': False, 'rsi_n': 39, 'rsi_lower': 15, 'rsi_upper': 71, 'en_stochastic': True, 'stochastic_n': 97, 'stochastic_d': 40, 'stochastic_lower': 17, 'stochastic_upper': 72, 'en_mfi': True, 'mfi_n': 11, 'mfi_lower': 23, 'mfi_upper': 57, 'en_bollinger': False, 'bollinger_n': 78, 'bollinger_k': 1.1, 'en_adx': False, 'adx_n': 33, 'adx_threshold': 21, 'en_structure_trend': False, 'structure_trend_swing_l': 19, 'en_order_block': False, 'order_block_swing_l': 17, 'en_fvg': False, 'fvg_lookback': 30, 'en_ifvg': True, 'en_breaker': False, 'breaker_swing_l': 5, 'en_cisd': True, 'k': 5, 'en_cap_bars': False, 'cap_1min': 1332}.
[I 2026-07-13 17:08:20,573] Trial 223 finished with values: [-235.88876732843346, -1196.777534656867, 47.45] and parameters: {'sl_soft': 27.95023192363075, 'sl_hard_delta': 32.40527500774531, 'tp': 208.28797050462276, 'gate_pct': 73.0036735816267, 'dd_limit': 7425.406804429448, 'cooldown': 5, 'flip': True, 'en_ema_trend': True, 'ema_trend_fast': 317, 'ema_trend_slow': 38, 'en_sma_trend': False, 'sma_trend_fast': 141, 'sma_trend_slow': 171, 'en_macd': True, 'macd_fast': 44, 'macd_slow': 63, 'macd_signal': 9, 'en_vwap': False, 'en_keltner': True, 'keltner_n': 133, 'keltner_m': 4.0, 'en_obv': True, 'obv_slope': 110, 'en_cci': True, 'cci_n': 33, 'cci_threshold': 30, 'en_rsi': True, 'rsi_n': 23, 'rsi_lower': 41, 'rsi_upper': 82, 'en_stochastic': False, 'stochastic_n': 89, 'stochastic_d': 50, 'stochastic_lower': 2, 'stochastic_upper': 60, 'en_mfi': False, 'mfi_n': 97, 'mfi_lower': 17, 'mfi_upper': 65, 'en_bollinger': False, 'bollinger_n': 32, 'bollinger_k': 3.8000000000000003, 'en_adx': False, 'adx_n': 71, 'adx_threshold': 6, 'en_structure_trend': True, 'structure_trend_swing_l': 11, 'en_order_block': True, 'order_block_swing_l': 19, 'en_fvg': False, 'fvg_lookback': 50, 'en_ifvg': True, 'en_breaker': True, 'breaker_swing_l': 17, 'en_cisd': False, 'k': 5, 'en_cap_bars': True, 'cap_1min': 3}.
[I 2026-07-13 17:08:21,208] Trial 224 pruned. 
[I 2026-07-13 17:08:23,306] Trial 225 finished with values: [393.2756119433179, -3934.259194835322, 67.45] and parameters: {'sl_soft': 63.33577402331893, 'sl_hard_delta': 121.31602046933487, 'tp': 37.571760064556344, 'gate_pct': 93.79805140335328, 'dd_limit': 2701.521253582511, 'cooldown': 1, 'flip': True, 'en_ema_trend': True, 'ema_trend_fast': 55, 'ema_trend_slow': 100, 'en_sma_trend': False, 'sma_trend_fast': 289, 'sma_trend_slow': 328, 'en_macd': True, 'macd_fast': 2, 'macd_slow': 132, 'macd_signal': 19, 'en_vwap': True, 'en_keltner': False, 'keltner_n': 153, 'keltner_m': 3.7, 'en_obv': True, 'obv_slope': 93, 'en_cci': True, 'cci_n': 51, 'cci_threshold': 65, 'en_rsi': False, 'rsi_n': 66, 'rsi_lower': 42, 'rsi_upper': 91, 'en_stochastic': False, 'stochastic_n': 90, 'stochastic_d': 15, 'stochastic_lower': 21, 'stochastic_upper': 69, 'en_mfi': False, 'mfi_n': 51, 'mfi_lower': 8, 'mfi_upper': 80, 'en_bollinger': True, 'bollinger_n': 97, 'bollinger_k': 2.4000000000000004, 'en_adx': False, 'adx_n': 79, 'adx_threshold': 28, 'en_structure_trend': True, 'structure_trend_swing_l': 17, 'en_order_block': False, 'order_block_swing_l': 4, 'en_fvg': True, 'fvg_lookback': 14, 'en_ifvg': True, 'en_breaker': False, 'breaker_swing_l': 4, 'en_cisd': False, 'k': 4, 'en_cap_bars': False, 'cap_1min': 971}.
[I 2026-07-13 17:08:31,567] Trial 226 finished with values: [-618.4259250931791, -4587.96296254659, 47.75] and parameters: {'sl_soft': 82.94453224949487, 'sl_hard_delta': 127.97416234836336, 'tp': 98.48677249866928, 'gate_pct': 62.75122947526989, 'dd_limit': 3350.6412140007124, 'cooldown': 3, 'flip': True, 'en_ema_trend': True, 'ema_trend_fast': 88, 'ema_trend_slow': 102, 'en_sma_trend': False, 'sma_trend_fast': 387, 'sma_trend_slow': 339, 'en_macd': True, 'macd_fast': 31, 'macd_slow': 18, 'macd_signal': 14, 'en_vwap': True, 'en_keltner': False, 'keltner_n': 178, 'keltner_m': 4.8, 'en_obv': False, 'obv_slope': 180, 'en_cci': False, 'cci_n': 48, 'cci_threshold': 240, 'en_rsi': True, 'rsi_n': 73, 'rsi_lower': 15, 'rsi_upper': 81, 'en_stochastic': False, 'stochastic_n': 16, 'stochastic_d': 29, 'stochastic_lower': 38, 'stochastic_upper': 82, 'en_mfi': False, 'mfi_n': 52, 'mfi_lower': 23, 'mfi_upper': 97, 'en_bollinger': True, 'bollinger_n': 24, 'bollinger_k': 4.4, 'en_adx': True, 'adx_n': 20, 'adx_threshold': 11, 'en_structure_trend': False, 'structure_trend_swing_l': 13, 'en_order_block': False, 'order_block_swing_l': 19, 'en_fvg': False, 'fvg_lookback': 23, 'en_ifvg': False, 'en_breaker': False, 'breaker_swing_l': 15, 'en_cisd': True, 'k': 2, 'en_cap_bars': True, 'cap_1min': 126}.
[I 2026-07-13 17:08:32,665] Trial 227 pruned. 
