[I 2026-07-13 17:21:03,842] Trial 766 finished with values: [50.0, -250.0, 55.0] and parameters: {'sl_soft': 39.85860894299552, 'sl_hard_delta': 32.40527500774531, 'tp': 154.7619855916484, 'gate_pct': 48.89078119647594, 'dd_limit': 1654.1085055122285, 'cooldown': 0, 'flip': True, 'en_ema_trend': False, 'ema_trend_fast': 81, 'ema_trend_slow': 94, 'en_sma_trend': False, 'sma_trend_fast': 7, 'sma_trend_slow': 50, 'en_macd': True, 'macd_fast': 54, 'macd_slow': 12, 'macd_signal': 41, 'en_vwap': False, 'en_keltner': False, 'keltner_n': 133, 'keltner_m': 5.0, 'en_obv': True, 'obv_slope': 160, 'en_cci': False, 'cci_n': 159, 'cci_threshold': 30, 'en_rsi': True, 'rsi_n': 46, 'rsi_lower': 43, 'rsi_upper': 75, 'en_stochastic': False, 'stochastic_n': 4, 'stochastic_d': 28, 'stochastic_lower': 7, 'stochastic_upper': 92, 'en_mfi': True, 'mfi_n': 41, 'mfi_lower': 12, 'mfi_upper': 67, 'en_bollinger': False, 'bollinger_n': 195, 'bollinger_k': 2.8000000000000003, 'en_adx': False, 'adx_n': 71, 'adx_threshold': 12, 'en_structure_trend': False, 'structure_trend_swing_l': 14, 'en_order_block': True, 'order_block_swing_l': 18, 'en_fvg': False, 'fvg_lookback': 42, 'en_ifvg': False, 'en_breaker': False, 'breaker_swing_l': 11, 'en_cisd': False, 'k': 4, 'en_cap_bars': True, 'cap_1min': 3}.
[I 2026-07-13 17:21:04,915] Trial 767 finished with values: [435.0, -455.0, 53.75] and parameters: {'sl_soft': 29.867048730013586, 'sl_hard_delta': 20.447719171853418, 'tp': 154.7619855916484, 'gate_pct': 52.631811604471054, 'dd_limit': 7734.658936035632, 'cooldown': 0, 'flip': True, 'en_ema_trend': False, 'ema_trend_fast': 316, 'ema_trend_slow': 291, 'en_sma_trend': False, 'sma_trend_fast': 62, 'sma_trend_slow': 8, 'en_macd': True, 'macd_fast': 70, 'macd_slow': 12, 'macd_signal': 23, 'en_vwap': True, 'en_keltner': False, 'keltner_n': 133, 'keltner_m': 3.2, 'en_obv': True, 'obv_slope': 38, 'en_cci': False, 'cci_n': 8, 'cci_threshold': 30, 'en_rsi': True, 'rsi_n': 35, 'rsi_lower': 43, 'rsi_upper': 61, 'en_stochastic': False, 'stochastic_n': 9, 'stochastic_d': 34, 'stochastic_lower': 20, 'stochastic_upper': 72, 'en_mfi': True, 'mfi_n': 41, 'mfi_lower': 40, 'mfi_upper': 93, 'en_bollinger': False, 'bollinger_n': 195, 'bollinger_k': 2.2, 'en_adx': False, 'adx_n': 71, 'adx_threshold': 12, 'en_structure_trend': False, 'structure_trend_swing_l': 19, 'en_order_block': False, 'order_block_swing_l': 18, 'en_fvg': False, 'fvg_lookback': 43, 'en_ifvg': True, 'en_breaker': False, 'breaker_swing_l': 19, 'en_cisd': False, 'k': 4, 'en_cap_bars': True, 'cap_1min': 3}.
[I 2026-07-13 17:21:06,127] Trial 768 finished with values: [225.0, -240.0, 54.400000000000006] and parameters: {'sl_soft': 63.61708425572577, 'sl_hard_delta': 20.447719171853418, 'tp': 171.19659871726185, 'gate_pct': 48.89078119647594, 'dd_limit': 7734.658936035632, 'cooldown': 5, 'flip': True, 'en_ema_trend': True, 'ema_trend_fast': 95, 'ema_trend_slow': 346, 'en_sma_trend': True, 'sma_trend_fast': 62, 'sma_trend_slow': 8, 'en_macd': True, 'macd_fast': 70, 'macd_slow': 12, 'macd_signal': 44, 'en_vwap': True, 'en_keltner': False, 'keltner_n': 133, 'keltner_m': 4.300000000000001, 'en_obv': False, 'obv_slope': 38, 'en_cci': False, 'cci_n': 8, 'cci_threshold': 30, 'en_rsi': True, 'rsi_n': 46, 'rsi_lower': 7, 'rsi_upper': 61, 'en_stochastic': False, 'stochastic_n': 9, 'stochastic_d': 10, 'stochastic_lower': 47, 'stochastic_upper': 92, 'en_mfi': True, 'mfi_n': 41, 'mfi_lower': 24, 'mfi_upper': 93, 'en_bollinger': False, 'bollinger_n': 195, 'bollinger_k': 2.2, 'en_adx': False, 'adx_n': 71, 'adx_threshold': 12, 'en_structure_trend': False, 'structure_trend_swing_l': 10, 'en_order_block': False, 'order_block_swing_l': 5, 'en_fvg': False, 'fvg_lookback': 42, 'en_ifvg': True, 'en_breaker': False, 'breaker_swing_l': 18, 'en_cisd': False, 'k': 5, 'en_cap_bars': True, 'cap_1min': 3}.
[I 2026-07-13 17:21:07,562] Trial 769 finished with values: [35.0, -440.0, 48.75] and parameters: {'sl_soft': 66.61970650142193, 'sl_hard_delta': 32.40527500774531, 'tp': 171.19659871726185, 'gate_pct': 48.89078119647594, 'dd_limit': 7734.658936035632, 'cooldown': 5, 'flip': True, 'en_ema_trend': True, 'ema_trend_fast': 81, 'ema_trend_slow': 346, 'en_sma_trend': False, 'sma_trend_fast': 7, 'sma_trend_slow': 50, 'en_macd': True, 'macd_fast': 54, 'macd_slow': 12, 'macd_signal': 41, 'en_vwap': True, 'en_keltner': False, 'keltner_n': 34, 'keltner_m': 4.0, 'en_obv': True, 'obv_slope': 38, 'en_cci': False, 'cci_n': 8, 'cci_threshold': 30, 'en_rsi': True, 'rsi_n': 46, 'rsi_lower': 7, 'rsi_upper': 88, 'en_stochastic': False, 'stochastic_n': 4, 'stochastic_d': 28, 'stochastic_lower': 7, 'stochastic_upper': 92, 'en_mfi': True, 'mfi_n': 83, 'mfi_lower': 24, 'mfi_upper': 66, 'en_bollinger': False, 'bollinger_n': 195, 'bollinger_k': 2.8000000000000003, 'en_adx': False, 'adx_n': 71, 'adx_threshold': 8, 'en_structure_trend': False, 'structure_trend_swing_l': 14, 'en_order_block': False, 'order_block_swing_l': 5, 'en_fvg': False, 'fvg_lookback': 42, 'en_ifvg': True, 'en_breaker': False, 'breaker_swing_l': 11, 'en_cisd': False, 'k': 4, 'en_cap_bars': True, 'cap_1min': 3}.
[I 2026-07-13 17:21:07,826] Trial 770 finished with values: [250.0, -315.0, 55.0] and parameters: {'sl_soft': 63.61708425572577, 'sl_hard_delta': 20.447719171853418, 'tp': 171.19659871726185, 'gate_pct': 48.89078119647594, 'dd_limit': 7734.658936035632, 'cooldown': 0, 'flip': True, 'en_ema_trend': False, 'ema_trend_fast': 95, 'ema_trend_slow': 202, 'en_sma_trend': False, 'sma_trend_fast': 62, 'sma_trend_slow': 29, 'en_macd': True, 'macd_fast': 70, 'macd_slow': 12, 'macd_signal': 41, 'en_vwap': False, 'en_keltner': False, 'keltner_n': 133, 'keltner_m': 4.300000000000001, 'en_obv': True, 'obv_slope': 38, 'en_cci': False, 'cci_n': 8, 'cci_threshold': 175, 'en_rsi': True, 'rsi_n': 46, 'rsi_lower': 2, 'rsi_upper': 61, 'en_stochastic': False, 'stochastic_n': 9, 'stochastic_d': 10, 'stochastic_lower': 17, 'stochastic_upper': 92, 'en_mfi': True, 'mfi_n': 95, 'mfi_lower': 24, 'mfi_upper': 93, 'en_bollinger': False, 'bollinger_n': 195, 'bollinger_k': 2.2, 'en_adx': False, 'adx_n': 71, 'adx_threshold': 12, 'en_structure_trend': False, 'structure_trend_swing_l': 10, 'en_order_block': False, 'order_block_swing_l': 18, 'en_fvg': False, 'fvg_lookback': 42, 'en_ifvg': True, 'en_breaker': False, 'breaker_swing_l': 18, 'en_cisd': False, 'k': 4, 'en_cap_bars': True, 'cap_1min': 3}.
[I 2026-07-13 17:21:08,243] Trial 771 finished with values: [7448.468429514196, -5697.140432250526, 51.7] and parameters: {'sl_soft': 124.18833800939488, 'sl_hard_delta': 179.67079171643357, 'tp': 154.7619855916484, 'gate_pct': 97.52011350142476, 'dd_limit': 9508.627019250667, 'cooldown': 1, 'flip': False, 'en_ema_trend': False, 'ema_trend_fast': 269, 'ema_trend_slow': 346, 'en_sma_trend': False, 'sma_trend_fast': 7, 'sma_trend_slow': 134, 'en_macd': False, 'macd_fast': 70, 'macd_slow': 21, 'macd_signal': 24, 'en_vwap': False, 'en_keltner': True, 'keltner_n': 133, 'keltner_m': 3.7, 'en_obv': True, 'obv_slope': 107, 'en_cci': False, 'cci_n': 8, 'cci_threshold': 105, 'en_rsi': False, 'rsi_n': 46, 'rsi_lower': 29, 'rsi_upper': 90, 'en_stochastic': False, 'stochastic_n': 67, 'stochastic_d': 3, 'stochastic_lower': 28, 'stochastic_upper': 92, 'en_mfi': True, 'mfi_n': 41, 'mfi_lower': 24, 'mfi_upper': 88, 'en_bollinger': False, 'bollinger_n': 182, 'bollinger_k': 0.5, 'en_adx': False, 'adx_n': 71, 'adx_threshold': 11, 'en_structure_trend': True, 'structure_trend_swing_l': 9, 'en_order_block': False, 'order_block_swing_l': 7, 'en_fvg': False, 'fvg_lookback': 34, 'en_ifvg': False, 'en_breaker': False, 'breaker_swing_l': 20, 'en_cisd': False, 'k': 4, 'en_cap_bars': True, 'cap_1min': 689}.
[I 2026-07-13 17:21:08,556] Trial 772 finished with values: [402.5, -415.0, 52.95] and parameters: {'sl_soft': 41.6595718350609, 'sl_hard_delta': 179.67079171643357, 'tp': 171.19659871726185, 'gate_pct': 74.50813821223942, 'dd_limit': 7734.658936035632, 'cooldown': 0, 'flip': False, 'en_ema_trend': False, 'ema_trend_fast': 41, 'ema_trend_slow': 202, 'en_sma_trend': False, 'sma_trend_fast': 7, 'sma_trend_slow': 384, 'en_macd': True, 'macd_fast': 44, 'macd_slow': 193, 'macd_signal': 86, 'en_vwap': False, 'en_keltner': False, 'keltner_n': 133, 'keltner_m': 4.5, 'en_obv': True, 'obv_slope': 38, 'en_cci': True, 'cci_n': 8, 'cci_threshold': 30, 'en_rsi': True, 'rsi_n': 46, 'rsi_lower': 48, 'rsi_upper': 61, 'en_stochastic': False, 'stochastic_n': 80, 'stochastic_d': 32, 'stochastic_lower': 17, 'stochastic_upper': 92, 'en_mfi': True, 'mfi_n': 95, 'mfi_lower': 24, 'mfi_upper': 82, 'en_bollinger': False, 'bollinger_n': 195, 'bollinger_k': 2.2, 'en_adx': False, 'adx_n': 71, 'adx_threshold': 34, 'en_structure_trend': False, 'structure_trend_swing_l': 10, 'en_order_block': True, 'order_block_swing_l': 11, 'en_fvg': False, 'fvg_lookback': 42, 'en_ifvg': False, 'en_breaker': False, 'breaker_swing_l': 11, 'en_cisd': False, 'k': 4, 'en_cap_bars': True, 'cap_1min': 3}.
[I 2026-07-13 17:21:09,715] Trial 773 finished with values: [107.5, -640.0, 49.2] and parameters: {'sl_soft': 63.61708425572577, 'sl_hard_delta': 32.40527500774531, 'tp': 171.19659871726185, 'gate_pct': 48.89078119647594, 'dd_limit': 7734.658936035632, 'cooldown': 0, 'flip': True, 'en_ema_trend': True, 'ema_trend_fast': 81, 'ema_trend_slow': 202, 'en_sma_trend': False, 'sma_trend_fast': 62, 'sma_trend_slow': 50, 'en_macd': True, 'macd_fast': 54, 'macd_slow': 12, 'macd_signal': 27, 'en_vwap': True, 'en_keltner': False, 'keltner_n': 133, 'keltner_m': 4.5, 'en_obv': True, 'obv_slope': 160, 'en_cci': True, 'cci_n': 33, 'cci_threshold': 30, 'en_rsi': True, 'rsi_n': 23, 'rsi_lower': 7, 'rsi_upper': 75, 'en_stochastic': False, 'stochastic_n': 4, 'stochastic_d': 28, 'stochastic_lower': 17, 'stochastic_upper': 92, 'en_mfi': True, 'mfi_n': 41, 'mfi_lower': 24, 'mfi_upper': 67, 'en_bollinger': False, 'bollinger_n': 195, 'bollinger_k': 2.2, 'en_adx': False, 'adx_n': 71, 'adx_threshold': 12, 'en_structure_trend': False, 'structure_trend_swing_l': 14, 'en_order_block': False, 'order_block_swing_l': 16, 'en_fvg': False, 'fvg_lookback': 26, 'en_ifvg': True, 'en_breaker': False, 'breaker_swing_l': 11, 'en_cisd': False, 'k': 4, 'en_cap_bars': True, 'cap_1min': 3}.
[I 2026-07-13 17:21:10,124] Trial 774 pruned. 
[I 2026-07-13 17:21:11,268] Trial 775 finished with values: [220.0, -260.0, 57.5] and parameters: {'sl_soft': 39.85860894299552, 'sl_hard_delta': 32.40527500774531, 'tp': 154.7619855916484, 'gate_pct': 52.631811604471054, 'dd_limit': 7734.658936035632, 'cooldown': 5, 'flip': True, 'en_ema_trend': False, 'ema_trend_fast': 81, 'ema_trend_slow': 346, 'en_sma_trend': True, 'sma_trend_fast': 7, 'sma_trend_slow': 50, 'en_macd': True, 'macd_fast': 54, 'macd_slow': 6, 'macd_signal': 23, 'en_vwap': True, 'en_keltner': False, 'keltner_n': 52, 'keltner_m': 4.0, 'en_obv': True, 'obv_slope': 160, 'en_cci': True, 'cci_n': 33, 'cci_threshold': 30, 'en_rsi': True, 'rsi_n': 23, 'rsi_lower': 7, 'rsi_upper': 75, 'en_stochastic': False, 'stochastic_n': 4, 'stochastic_d': 7, 'stochastic_lower': 7, 'stochastic_upper': 92, 'en_mfi': True, 'mfi_n': 41, 'mfi_lower': 17, 'mfi_upper': 58, 'en_bollinger': False, 'bollinger_n': 198, 'bollinger_k': 2.8000000000000003, 'en_adx': False, 'adx_n': 71, 'adx_threshold': 12, 'en_structure_trend': False, 'structure_trend_swing_l': 14, 'en_order_block': False, 'order_block_swing_l': 20, 'en_fvg': True, 'fvg_lookback': 42, 'en_ifvg': True, 'en_breaker': False, 'breaker_swing_l': 17, 'en_cisd': False, 'k': 4, 'en_cap_bars': True, 'cap_1min': 3}.
[I 2026-07-13 17:21:11,504] Trial 776 finished with values: [0.0, -230.0, 52.25] and parameters: {'sl_soft': 39.85860894299552, 'sl_hard_delta': 20.447719171853418, 'tp': 154.7619855916484, 'gate_pct': 48.89078119647594, 'dd_limit': 7734.658936035632, 'cooldown': 5, 'flip': True, 'en_ema_trend': False, 'ema_trend_fast': 316, 'ema_trend_slow': 291, 'en_sma_trend': True, 'sma_trend_fast': 62, 'sma_trend_slow': 384, 'en_macd': False, 'macd_fast': 70, 'macd_slow': 89, 'macd_signal': 23, 'en_vwap': True, 'en_keltner': False, 'keltner_n': 171, 'keltner_m': 4.0, 'en_obv': True, 'obv_slope': 38, 'en_cci': True, 'cci_n': 8, 'cci_threshold': 30, 'en_rsi': True, 'rsi_n': 46, 'rsi_lower': 7, 'rsi_upper': 61, 'en_stochastic': False, 'stochastic_n': 9, 'stochastic_d': 28, 'stochastic_lower': 20, 'stochastic_upper': 92, 'en_mfi': True, 'mfi_n': 41, 'mfi_lower': 24, 'mfi_upper': 93, 'en_bollinger': False, 'bollinger_n': 198, 'bollinger_k': 2.2, 'en_adx': False, 'adx_n': 71, 'adx_threshold': 8, 'en_structure_trend': True, 'structure_trend_swing_l': 19, 'en_order_block': False, 'order_block_swing_l': 18, 'en_fvg': False, 'fvg_lookback': 42, 'en_ifvg': True, 'en_breaker': False, 'breaker_swing_l': 20, 'en_cisd': False, 'k': 5, 'en_cap_bars': True, 'cap_1min': 3}.
[I 2026-07-13 17:21:11,791] Trial 777 finished with values: [235.0, -375.0, 52.25] and parameters: {'sl_soft': 66.61970650142193, 'sl_hard_delta': 32.40527500774531, 'tp': 154.7619855916484, 'gate_pct': 48.89078119647594, 'dd_limit': 7734.658936035632, 'cooldown': 5, 'flip': True, 'en_ema_trend': True, 'ema_trend_fast': 81, 'ema_trend_slow': 346, 'en_sma_trend': False, 'sma_trend_fast': 7, 'sma_trend_slow': 8, 'en_macd': True, 'macd_fast': 70, 'macd_slow': 12, 'macd_signal': 41, 'en_vwap': True, 'en_keltner': False, 'keltner_n': 133, 'keltner_m': 4.0, 'en_obv': False, 'obv_slope': 160, 'en_cci': False, 'cci_n': 33, 'cci_threshold': 30, 'en_rsi': True, 'rsi_n': 46, 'rsi_lower': 7, 'rsi_upper': 61, 'en_stochastic': False, 'stochastic_n': 9, 'stochastic_d': 10, 'stochastic_lower': 7, 'stochastic_upper': 92, 'en_mfi': True, 'mfi_n': 41, 'mfi_lower': 17, 'mfi_upper': 93, 'en_bollinger': False, 'bollinger_n': 195, 'bollinger_k': 2.8000000000000003, 'en_adx': False, 'adx_n': 71, 'adx_threshold': 8, 'en_structure_trend': False, 'structure_trend_swing_l': 14, 'en_order_block': False, 'order_block_swing_l': 5, 'en_fvg': False, 'fvg_lookback': 42, 'en_ifvg': True, 'en_breaker': False, 'breaker_swing_l': 18, 'en_cisd': False, 'k': 5, 'en_cap_bars': True, 'cap_1min': 3}.
[I 2026-07-13 17:21:11,945] Trial 778 pruned. 
[I 2026-07-13 17:21:13,176] Trial 779 finished with values: [-163.15970987685432, -710.0, 43.849999999999994] and parameters: {'sl_soft': 39.85860894299552, 'sl_hard_delta': 32.40527500774531, 'tp': 154.7619855916484, 'gate_pct': 52.631811604471054, 'dd_limit': 7734.658936035632, 'cooldown': 5, 'flip': False, 'en_ema_trend': False, 'ema_trend_fast': 81, 'ema_trend_slow': 346, 'en_sma_trend': True, 'sma_trend_fast': 62, 'sma_trend_slow': 29, 'en_macd': True, 'macd_fast': 34, 'macd_slow': 63, 'macd_signal': 86, 'en_vwap': False, 'en_keltner': False, 'keltner_n': 133, 'keltner_m': 4.5, 'en_obv': True, 'obv_slope': 160, 'en_cci': True, 'cci_n': 33, 'cci_threshold': 30, 'en_rsi': False, 'rsi_n': 23, 'rsi_lower': 7, 'rsi_upper': 75, 'en_stochastic': False, 'stochastic_n': 4, 'stochastic_d': 7, 'stochastic_lower': 49, 'stochastic_upper': 92, 'en_mfi': True, 'mfi_n': 41, 'mfi_lower': 17, 'mfi_upper': 67, 'en_bollinger': False, 'bollinger_n': 198, 'bollinger_k': 2.2, 'en_adx': False, 'adx_n': 71, 'adx_threshold': 12, 'en_structure_trend': False, 'structure_trend_swing_l': 19, 'en_order_block': False, 'order_block_swing_l': 19, 'en_fvg': False, 'fvg_lookback': 42, 'en_ifvg': False, 'en_breaker': False, 'breaker_swing_l': 11, 'en_cisd': False, 'k': 4, 'en_cap_bars': True, 'cap_1min': 3}.
[I 2026-07-13 17:21:13,368] Trial 780 finished with values: [52.5, -330.0, 50.0] and parameters: {'sl_soft': 66.61970650142193, 'sl_hard_delta': 32.40527500774531, 'tp': 154.7619855916484, 'gate_pct': 48.89078119647594, 'dd_limit': 4510.2047311050765, 'cooldown': 5, 'flip': True, 'en_ema_trend': False, 'ema_trend_fast': 95, 'ema_trend_slow': 346, 'en_sma_trend': True, 'sma_trend_fast': 7, 'sma_trend_slow': 337, 'en_macd': True, 'macd_fast': 70, 'macd_slow': 12, 'macd_signal': 41, 'en_vwap': False, 'en_keltner': False, 'keltner_n': 133, 'keltner_m': 4.300000000000001, 'en_obv': False, 'obv_slope': 38, 'en_cci': True, 'cci_n': 26, 'cci_threshold': 30, 'en_rsi': True, 'rsi_n': 23, 'rsi_lower': 7, 'rsi_upper': 61, 'en_stochastic': False, 'stochastic_n': 4, 'stochastic_d': 10, 'stochastic_lower': 47, 'stochastic_upper': 92, 'en_mfi': True, 'mfi_n': 41, 'mfi_lower': 17, 'mfi_upper': 67, 'en_bollinger': True, 'bollinger_n': 195, 'bollinger_k': 3.2, 'en_adx': False, 'adx_n': 71, 'adx_threshold': 12, 'en_structure_trend': False, 'structure_trend_swing_l': 14, 'en_order_block': False, 'order_block_swing_l': 18, 'en_fvg': False, 'fvg_lookback': 23, 'en_ifvg': True, 'en_breaker': False, 'breaker_swing_l': 17, 'en_cisd': False, 'k': 4, 'en_cap_bars': True, 'cap_1min': 3}.
[I 2026-07-13 17:21:13,527] Trial 781 finished with values: [-1104.288179495452, -5047.220469511994, 44.8] and parameters: {'sl_soft': 124.18833800939488, 'sl_hard_delta': 32.40527500774531, 'tp': 154.7619855916484, 'gate_pct': 48.89078119647594, 'dd_limit': 9508.627019250667, 'cooldown': 1, 'flip': False, 'en_ema_trend': True, 'ema_trend_fast': 81, 'ema_trend_slow': 346, 'en_sma_trend': False, 'sma_trend_fast': 7, 'sma_trend_slow': 50, 'en_macd': False, 'macd_fast': 70, 'macd_slow': 12, 'macd_signal': 24, 'en_vwap': False, 'en_keltner': False, 'keltner_n': 133, 'keltner_m': 4.0, 'en_obv': True, 'obv_slope': 160, 'en_cci': False, 'cci_n': 8, 'cci_threshold': 30, 'en_rsi': True, 'rsi_n': 46, 'rsi_lower': 29, 'rsi_upper': 90, 'en_stochastic': False, 'stochastic_n': 4, 'stochastic_d': 3, 'stochastic_lower': 28, 'stochastic_upper': 72, 'en_mfi': True, 'mfi_n': 41, 'mfi_lower': 24, 'mfi_upper': 88, 'en_bollinger': False, 'bollinger_n': 182, 'bollinger_k': 0.5, 'en_adx': False, 'adx_n': 71, 'adx_threshold': 11, 'en_structure_trend': False, 'structure_trend_swing_l': 14, 'en_order_block': False, 'order_block_swing_l': 7, 'en_fvg': False, 'fvg_lookback': 42, 'en_ifvg': False, 'en_breaker': False, 'breaker_swing_l': 20, 'en_cisd': False, 'k': 4, 'en_cap_bars': True, 'cap_1min': 689}.
[I 2026-07-13 17:21:13,776] Trial 782 finished with values: [220.0, -260.0, 57.5] and parameters: {'sl_soft': 39.85860894299552, 'sl_hard_delta': 32.40527500774531, 'tp': 154.7619855916484, 'gate_pct': 52.631811604471054, 'dd_limit': 7734.658936035632, 'cooldown': 5, 'flip': True, 'en_ema_trend': False, 'ema_trend_fast': 81, 'ema_trend_slow': 346, 'en_sma_trend': True, 'sma_trend_fast': 62, 'sma_trend_slow': 29, 'en_macd': True, 'macd_fast': 34, 'macd_slow': 6, 'macd_signal': 23, 'en_vwap': True, 'en_keltner': False, 'keltner_n': 133, 'keltner_m': 4.5, 'en_obv': True, 'obv_slope': 160, 'en_cci': True, 'cci_n': 33, 'cci_threshold': 30, 'en_rsi': True, 'rsi_n': 23, 'rsi_lower': 7, 'rsi_upper': 75, 'en_stochastic': False, 'stochastic_n': 86, 'stochastic_d': 7, 'stochastic_lower': 7, 'stochastic_upper': 92, 'en_mfi': True, 'mfi_n': 41, 'mfi_lower': 17, 'mfi_upper': 58, 'en_bollinger': False, 'bollinger_n': 198, 'bollinger_k': 2.2, 'en_adx': False, 'adx_n': 71, 'adx_threshold': 12, 'en_structure_trend': False, 'structure_trend_swing_l': 19, 'en_order_block': False, 'order_block_swing_l': 18, 'en_fvg': True, 'fvg_lookback': 42, 'en_ifvg': True, 'en_breaker': False, 'breaker_swing_l': 17, 'en_cisd': False, 'k': 4, 'en_cap_bars': True, 'cap_1min': 3}.
[I 2026-07-13 17:21:14,101] Trial 783 finished with values: [75.0, -360.0, 53.900000000000006] and parameters: {'sl_soft': 54.70905453913434, 'sl_hard_delta': 32.40527500774531, 'tp': 154.7619855916484, 'gate_pct': 47.67526199665095, 'dd_limit': 7734.658936035632, 'cooldown': 7, 'flip': False, 'en_ema_trend': False, 'ema_trend_fast': 41, 'ema_trend_slow': 291, 'en_sma_trend': False, 'sma_trend_fast': 7, 'sma_trend_slow': 395, 'en_macd': True, 'macd_fast': 70, 'macd_slow': 63, 'macd_signal': 75, 'en_vwap': False, 'en_keltner': False, 'keltner_n': 133, 'keltner_m': 4.5, 'en_obv': True, 'obv_slope': 103, 'en_cci': True, 'cci_n': 182, 'cci_threshold': 30, 'en_rsi': True, 'rsi_n': 29, 'rsi_lower': 39, 'rsi_upper': 61, 'en_stochastic': False, 'stochastic_n': 9, 'stochastic_d': 34, 'stochastic_lower': 2, 'stochastic_upper': 92, 'en_mfi': True, 'mfi_n': 26, 'mfi_lower': 24, 'mfi_upper': 93, 'en_bollinger': False, 'bollinger_n': 68, 'bollinger_k': 2.2, 'en_adx': False, 'adx_n': 71, 'adx_threshold': 12, 'en_structure_trend': True, 'structure_trend_swing_l': 19, 'en_order_block': False, 'order_block_swing_l': 11, 'en_fvg': True, 'fvg_lookback': 24, 'en_ifvg': False, 'en_breaker': False, 'breaker_swing_l': 5, 'en_cisd': False, 'k': 4, 'en_cap_bars': True, 'cap_1min': 3}.
[I 2026-07-13 17:21:14,704] Trial 784 pruned. 
[I 2026-07-13 17:21:15,412] Trial 785 finished with values: [1180.2397118329827, -1981.1900720417543, 38.55] and parameters: {'sl_soft': 52.73671780921603, 'sl_hard_delta': 179.67079171643357, 'tp': 154.7619855916484, 'gate_pct': 97.52011350142476, 'dd_limit': 1654.1085055122285, 'cooldown': 0, 'flip': False, 'en_ema_trend': False, 'ema_trend_fast': 95, 'ema_trend_slow': 94, 'en_sma_trend': False, 'sma_trend_fast': 7, 'sma_trend_slow': 134, 'en_macd': False, 'macd_fast': 70, 'macd_slow': 6, 'macd_signal': 73, 'en_vwap': True, 'en_keltner': False, 'keltner_n': 133, 'keltner_m': 3.7, 'en_obv': True, 'obv_slope': 107, 'en_cci': False, 'cci_n': 159, 'cci_threshold': 30, 'en_rsi': False, 'rsi_n': 46, 'rsi_lower': 46, 'rsi_upper': 75, 'en_stochastic': False, 'stochastic_n': 67, 'stochastic_d': 3, 'stochastic_lower': 28, 'stochastic_upper': 92, 'en_mfi': True, 'mfi_n': 41, 'mfi_lower': 15, 'mfi_upper': 67, 'en_bollinger': False, 'bollinger_n': 182, 'bollinger_k': 0.5, 'en_adx': False, 'adx_n': 47, 'adx_threshold': 31, 'en_structure_trend': False, 'structure_trend_swing_l': 14, 'en_order_block': True, 'order_block_swing_l': 11, 'en_fvg': False, 'fvg_lookback': 34, 'en_ifvg': False, 'en_breaker': False, 'breaker_swing_l': 20, 'en_cisd': False, 'k': 5, 'en_cap_bars': True, 'cap_1min': 689}.
