[I 2026-07-13 17:26:46,258] Trial 1382 finished with values: [467.99149679314723, -1740.0, 43.2] and parameters: {'sl_soft': 124.18833800939488, 'sl_hard_delta': 20.447719171853418, 'tp': 171.19659871726185, 'gate_pct': 97.52011350142476, 'dd_limit': 7734.658936035632, 'cooldown': 1, 'flip': False, 'en_ema_trend': False, 'ema_trend_fast': 109, 'ema_trend_slow': 346, 'en_sma_trend': False, 'sma_trend_fast': 7, 'sma_trend_slow': 186, 'en_macd': False, 'macd_fast': 70, 'macd_slow': 52, 'macd_signal': 73, 'en_vwap': True, 'en_keltner': False, 'keltner_n': 133, 'keltner_m': 3.7, 'en_obv': False, 'obv_slope': 107, 'en_cci': False, 'cci_n': 88, 'cci_threshold': 105, 'en_rsi': True, 'rsi_n': 46, 'rsi_lower': 29, 'rsi_upper': 90, 'en_stochastic': False, 'stochastic_n': 67, 'stochastic_d': 3, 'stochastic_lower': 12, 'stochastic_upper': 92, 'en_mfi': True, 'mfi_n': 41, 'mfi_lower': 24, 'mfi_upper': 65, 'en_bollinger': False, 'bollinger_n': 195, 'bollinger_k': 0.5, 'en_adx': False, 'adx_n': 74, 'adx_threshold': 31, 'en_structure_trend': True, 'structure_trend_swing_l': 9, 'en_order_block': False, 'order_block_swing_l': 7, 'en_fvg': False, 'fvg_lookback': 42, 'en_ifvg': True, 'en_breaker': False, 'breaker_swing_l': 20, 'en_cisd': False, 'k': 5, 'en_cap_bars': True, 'cap_1min': 3}.
[I 2026-07-13 17:26:46,475] Trial 1383 finished with values: [65.0, -185.0, 60.75] and parameters: {'sl_soft': 63.61708425572577, 'sl_hard_delta': 82.53013141322893, 'tp': 171.19659871726185, 'gate_pct': 52.631811604471054, 'dd_limit': 7734.658936035632, 'cooldown': 5, 'flip': True, 'en_ema_trend': False, 'ema_trend_fast': 206, 'ema_trend_slow': 346, 'en_sma_trend': True, 'sma_trend_fast': 285, 'sma_trend_slow': 8, 'en_macd': True, 'macd_fast': 70, 'macd_slow': 12, 'macd_signal': 86, 'en_vwap': True, 'en_keltner': False, 'keltner_n': 84, 'keltner_m': 4.300000000000001, 'en_obv': True, 'obv_slope': 103, 'en_cci': True, 'cci_n': 33, 'cci_threshold': 175, 'en_rsi': True, 'rsi_n': 29, 'rsi_lower': 7, 'rsi_upper': 75, 'en_stochastic': False, 'stochastic_n': 4, 'stochastic_d': 10, 'stochastic_lower': 2, 'stochastic_upper': 92, 'en_mfi': True, 'mfi_n': 41, 'mfi_lower': 35, 'mfi_upper': 65, 'en_bollinger': False, 'bollinger_n': 195, 'bollinger_k': 2.2, 'en_adx': False, 'adx_n': 47, 'adx_threshold': 12, 'en_structure_trend': True, 'structure_trend_swing_l': 10, 'en_order_block': False, 'order_block_swing_l': 20, 'en_fvg': True, 'fvg_lookback': 24, 'en_ifvg': True, 'en_breaker': False, 'breaker_swing_l': 9, 'en_cisd': False, 'k': 5, 'en_cap_bars': True, 'cap_1min': 3}.
[I 2026-07-13 17:26:46,854] Trial 1384 finished with values: [6934.713092369566, -5046.6610085845605, 37.75] and parameters: {'sl_soft': 52.73671780921603, 'sl_hard_delta': 179.67079171643357, 'tp': 154.7619855916484, 'gate_pct': 97.52011350142476, 'dd_limit': 9508.627019250667, 'cooldown': 1, 'flip': False, 'en_ema_trend': False, 'ema_trend_fast': 269, 'ema_trend_slow': 346, 'en_sma_trend': False, 'sma_trend_fast': 7, 'sma_trend_slow': 134, 'en_macd': False, 'macd_fast': 70, 'macd_slow': 21, 'macd_signal': 24, 'en_vwap': False, 'en_keltner': True, 'keltner_n': 133, 'keltner_m': 3.7, 'en_obv': True, 'obv_slope': 89, 'en_cci': False, 'cci_n': 88, 'cci_threshold': 105, 'en_rsi': False, 'rsi_n': 46, 'rsi_lower': 29, 'rsi_upper': 90, 'en_stochastic': False, 'stochastic_n': 67, 'stochastic_d': 3, 'stochastic_lower': 28, 'stochastic_upper': 92, 'en_mfi': True, 'mfi_n': 41, 'mfi_lower': 24, 'mfi_upper': 88, 'en_bollinger': False, 'bollinger_n': 182, 'bollinger_k': 0.5, 'en_adx': False, 'adx_n': 71, 'adx_threshold': 11, 'en_structure_trend': True, 'structure_trend_swing_l': 9, 'en_order_block': False, 'order_block_swing_l': 7, 'en_fvg': False, 'fvg_lookback': 34, 'en_ifvg': False, 'en_breaker': False, 'breaker_swing_l': 20, 'en_cisd': False, 'k': 5, 'en_cap_bars': True, 'cap_1min': 689}.
[I 2026-07-13 17:26:47,105] Trial 1385 finished with values: [6947.041794141933, -4773.570216125263, 53.8] and parameters: {'sl_soft': 124.18833800939488, 'sl_hard_delta': 179.67079171643357, 'tp': 154.7619855916484, 'gate_pct': 97.52011350142476, 'dd_limit': 9508.627019250667, 'cooldown': 1, 'flip': False, 'en_ema_trend': False, 'ema_trend_fast': 269, 'ema_trend_slow': 346, 'en_sma_trend': False, 'sma_trend_fast': 7, 'sma_trend_slow': 134, 'en_macd': False, 'macd_fast': 20, 'macd_slow': 21, 'macd_signal': 73, 'en_vwap': False, 'en_keltner': False, 'keltner_n': 133, 'keltner_m': 3.7, 'en_obv': True, 'obv_slope': 107, 'en_cci': False, 'cci_n': 88, 'cci_threshold': 105, 'en_rsi': False, 'rsi_n': 46, 'rsi_lower': 29, 'rsi_upper': 90, 'en_stochastic': False, 'stochastic_n': 67, 'stochastic_d': 3, 'stochastic_lower': 12, 'stochastic_upper': 92, 'en_mfi': True, 'mfi_n': 41, 'mfi_lower': 24, 'mfi_upper': 65, 'en_bollinger': False, 'bollinger_n': 182, 'bollinger_k': 0.5, 'en_adx': False, 'adx_n': 71, 'adx_threshold': 31, 'en_structure_trend': True, 'structure_trend_swing_l': 9, 'en_order_block': False, 'order_block_swing_l': 7, 'en_fvg': False, 'fvg_lookback': 34, 'en_ifvg': False, 'en_breaker': False, 'breaker_swing_l': 20, 'en_cisd': False, 'k': 4, 'en_cap_bars': True, 'cap_1min': 689}.
[I 2026-07-13 17:26:47,507] Trial 1386 finished with values: [790.9829935862945, -2365.0, 50.85] and parameters: {'sl_soft': 63.61708425572577, 'sl_hard_delta': 179.67079171643357, 'tp': 171.19659871726185, 'gate_pct': 97.52011350142476, 'dd_limit': 7734.658936035632, 'cooldown': 1, 'flip': True, 'en_ema_trend': False, 'ema_trend_fast': 269, 'ema_trend_slow': 346, 'en_sma_trend': False, 'sma_trend_fast': 285, 'sma_trend_slow': 29, 'en_macd': False, 'macd_fast': 70, 'macd_slow': 12, 'macd_signal': 23, 'en_vwap': True, 'en_keltner': True, 'keltner_n': 86, 'keltner_m': 5.0, 'en_obv': True, 'obv_slope': 107, 'en_cci': True, 'cci_n': 33, 'cci_threshold': 105, 'en_rsi': True, 'rsi_n': 46, 'rsi_lower': 29, 'rsi_upper': 75, 'en_stochastic': False, 'stochastic_n': 67, 'stochastic_d': 10, 'stochastic_lower': 24, 'stochastic_upper': 92, 'en_mfi': True, 'mfi_n': 41, 'mfi_lower': 35, 'mfi_upper': 88, 'en_bollinger': False, 'bollinger_n': 198, 'bollinger_k': 0.5, 'en_adx': False, 'adx_n': 71, 'adx_threshold': 12, 'en_structure_trend': False, 'structure_trend_swing_l': 10, 'en_order_block': False, 'order_block_swing_l': 5, 'en_fvg': True, 'fvg_lookback': 42, 'en_ifvg': False, 'en_breaker': True, 'breaker_swing_l': 20, 'en_cisd': False, 'k': 5, 'en_cap_bars': True, 'cap_1min': 3}.
[I 2026-07-13 17:26:47,863] Trial 1387 finished with values: [-11.909761972146953, -2465.0, 50.1] and parameters: {'sl_soft': 63.61708425572577, 'sl_hard_delta': 179.67079171643357, 'tp': 154.7619855916484, 'gate_pct': 97.52011350142476, 'dd_limit': 7734.658936035632, 'cooldown': 1, 'flip': True, 'en_ema_trend': False, 'ema_trend_fast': 269, 'ema_trend_slow': 346, 'en_sma_trend': False, 'sma_trend_fast': 62, 'sma_trend_slow': 384, 'en_macd': False, 'macd_fast': 70, 'macd_slow': 21, 'macd_signal': 24, 'en_vwap': True, 'en_keltner': False, 'keltner_n': 133, 'keltner_m': 4.0, 'en_obv': False, 'obv_slope': 38, 'en_cci': False, 'cci_n': 8, 'cci_threshold': 30, 'en_rsi': True, 'rsi_n': 46, 'rsi_lower': 29, 'rsi_upper': 90, 'en_stochastic': False, 'stochastic_n': 67, 'stochastic_d': 3, 'stochastic_lower': 28, 'stochastic_upper': 92, 'en_mfi': True, 'mfi_n': 41, 'mfi_lower': 40, 'mfi_upper': 65, 'en_bollinger': False, 'bollinger_n': 195, 'bollinger_k': 0.5, 'en_adx': False, 'adx_n': 47, 'adx_threshold': 31, 'en_structure_trend': False, 'structure_trend_swing_l': 9, 'en_order_block': False, 'order_block_swing_l': 11, 'en_fvg': False, 'fvg_lookback': 42, 'en_ifvg': False, 'en_breaker': False, 'breaker_swing_l': 19, 'en_cisd': False, 'k': 5, 'en_cap_bars': True, 'cap_1min': 3}.
[I 2026-07-13 17:26:48,113] Trial 1388 finished with values: [733.694315603334, -3574.2956486291587, 52.0] and parameters: {'sl_soft': 124.18833800939488, 'sl_hard_delta': 179.67079171643357, 'tp': 154.7619855916484, 'gate_pct': 74.50813821223942, 'dd_limit': 7734.658936035632, 'cooldown': 1, 'flip': False, 'en_ema_trend': False, 'ema_trend_fast': 269, 'ema_trend_slow': 291, 'en_sma_trend': True, 'sma_trend_fast': 7, 'sma_trend_slow': 8, 'en_macd': False, 'macd_fast': 70, 'macd_slow': 12, 'macd_signal': 24, 'en_vwap': True, 'en_keltner': False, 'keltner_n': 133, 'keltner_m': 3.7, 'en_obv': False, 'obv_slope': 103, 'en_cci': True, 'cci_n': 8, 'cci_threshold': 105, 'en_rsi': True, 'rsi_n': 46, 'rsi_lower': 29, 'rsi_upper': 61, 'en_stochastic': False, 'stochastic_n': 4, 'stochastic_d': 3, 'stochastic_lower': 28, 'stochastic_upper': 92, 'en_mfi': True, 'mfi_n': 41, 'mfi_lower': 24, 'mfi_upper': 88, 'en_bollinger': False, 'bollinger_n': 182, 'bollinger_k': 2.2, 'en_adx': False, 'adx_n': 96, 'adx_threshold': 12, 'en_structure_trend': True, 'structure_trend_swing_l': 9, 'en_order_block': False, 'order_block_swing_l': 7, 'en_fvg': True, 'fvg_lookback': 24, 'en_ifvg': True, 'en_breaker': False, 'breaker_swing_l': 9, 'en_cisd': False, 'k': 5, 'en_cap_bars': True, 'cap_1min': 1002}.
[I 2026-07-13 17:26:48,332] Trial 1389 pruned. 
[I 2026-07-13 17:26:48,550] Trial 1390 finished with values: [-690.0, -1210.0, 39.25] and parameters: {'sl_soft': 52.73671780921603, 'sl_hard_delta': 179.67079171643357, 'tp': 154.7619855916484, 'gate_pct': 97.52011350142476, 'dd_limit': 7734.658936035632, 'cooldown': 1, 'flip': False, 'en_ema_trend': False, 'ema_trend_fast': 269, 'ema_trend_slow': 346, 'en_sma_trend': False, 'sma_trend_fast': 62, 'sma_trend_slow': 384, 'en_macd': False, 'macd_fast': 70, 'macd_slow': 52, 'macd_signal': 24, 'en_vwap': True, 'en_keltner': False, 'keltner_n': 133, 'keltner_m': 1.4, 'en_obv': False, 'obv_slope': 38, 'en_cci': True, 'cci_n': 8, 'cci_threshold': 105, 'en_rsi': False, 'rsi_n': 46, 'rsi_lower': 29, 'rsi_upper': 90, 'en_stochastic': False, 'stochastic_n': 9, 'stochastic_d': 3, 'stochastic_lower': 17, 'stochastic_upper': 92, 'en_mfi': True, 'mfi_n': 41, 'mfi_lower': 24, 'mfi_upper': 88, 'en_bollinger': False, 'bollinger_n': 195, 'bollinger_k': 0.5, 'en_adx': False, 'adx_n': 71, 'adx_threshold': 11, 'en_structure_trend': False, 'structure_trend_swing_l': 19, 'en_order_block': False, 'order_block_swing_l': 5, 'en_fvg': False, 'fvg_lookback': 34, 'en_ifvg': True, 'en_breaker': False, 'breaker_swing_l': 20, 'en_cisd': False, 'k': 5, 'en_cap_bars': True, 'cap_1min': 3}.
[I 2026-07-13 17:26:48,766] Trial 1391 pruned. 
[I 2026-07-13 17:26:49,014] Trial 1392 finished with values: [6661.22998175686, -5766.8432378516445, 60.95] and parameters: {'sl_soft': 124.18833800939488, 'sl_hard_delta': 179.67079171643357, 'tp': 100.67962401867936, 'gate_pct': 97.52011350142476, 'dd_limit': 9508.627019250667, 'cooldown': 1, 'flip': False, 'en_ema_trend': False, 'ema_trend_fast': 269, 'ema_trend_slow': 346, 'en_sma_trend': False, 'sma_trend_fast': 7, 'sma_trend_slow': 134, 'en_macd': False, 'macd_fast': 70, 'macd_slow': 21, 'macd_signal': 24, 'en_vwap': True, 'en_keltner': True, 'keltner_n': 133, 'keltner_m': 3.7, 'en_obv': True, 'obv_slope': 129, 'en_cci': False, 'cci_n': 8, 'cci_threshold': 105, 'en_rsi': False, 'rsi_n': 46, 'rsi_lower': 29, 'rsi_upper': 90, 'en_stochastic': False, 'stochastic_n': 67, 'stochastic_d': 3, 'stochastic_lower': 12, 'stochastic_upper': 92, 'en_mfi': True, 'mfi_n': 41, 'mfi_lower': 24, 'mfi_upper': 88, 'en_bollinger': False, 'bollinger_n': 182, 'bollinger_k': 0.5, 'en_adx': False, 'adx_n': 71, 'adx_threshold': 31, 'en_structure_trend': True, 'structure_trend_swing_l': 9, 'en_order_block': False, 'order_block_swing_l': 7, 'en_fvg': False, 'fvg_lookback': 34, 'en_ifvg': False, 'en_breaker': True, 'breaker_swing_l': 20, 'en_cisd': False, 'k': 5, 'en_cap_bars': True, 'cap_1min': 689}.
[I 2026-07-13 17:26:49,285] Trial 1393 finished with values: [7654.644678764216, -4131.190072041754, 38.9] and parameters: {'sl_soft': 52.73671780921603, 'sl_hard_delta': 179.67079171643357, 'tp': 154.7619855916484, 'gate_pct': 97.52011350142476, 'dd_limit': 9508.627019250667, 'cooldown': 1, 'flip': False, 'en_ema_trend': False, 'ema_trend_fast': 218, 'ema_trend_slow': 346, 'en_sma_trend': False, 'sma_trend_fast': 7, 'sma_trend_slow': 134, 'en_macd': False, 'macd_fast': 97, 'macd_slow': 21, 'macd_signal': 24, 'en_vwap': True, 'en_keltner': True, 'keltner_n': 133, 'keltner_m': 3.7, 'en_obv': True, 'obv_slope': 89, 'en_cci': False, 'cci_n': 88, 'cci_threshold': 105, 'en_rsi': False, 'rsi_n': 46, 'rsi_lower': 29, 'rsi_upper': 90, 'en_stochastic': False, 'stochastic_n': 67, 'stochastic_d': 3, 'stochastic_lower': 28, 'stochastic_upper': 92, 'en_mfi': True, 'mfi_n': 41, 'mfi_lower': 24, 'mfi_upper': 88, 'en_bollinger': False, 'bollinger_n': 182, 'bollinger_k': 0.5, 'en_adx': False, 'adx_n': 71, 'adx_threshold': 31, 'en_structure_trend': True, 'structure_trend_swing_l': 9, 'en_order_block': False, 'order_block_swing_l': 7, 'en_fvg': False, 'fvg_lookback': 34, 'en_ifvg': False, 'en_breaker': False, 'breaker_swing_l': 20, 'en_cisd': False, 'k': 5, 'en_cap_bars': True, 'cap_1min': 689}.
[I 2026-07-13 17:26:49,571] Trial 1394 finished with values: [6579.892874768248, -4524.417691711751, 38.95] and parameters: {'sl_soft': 52.73671780921603, 'sl_hard_delta': 179.67079171643357, 'tp': 154.7619855916484, 'gate_pct': 97.52011350142476, 'dd_limit': 9508.627019250667, 'cooldown': 1, 'flip': False, 'en_ema_trend': False, 'ema_trend_fast': 269, 'ema_trend_slow': 346, 'en_sma_trend': False, 'sma_trend_fast': 7, 'sma_trend_slow': 134, 'en_macd': False, 'macd_fast': 70, 'macd_slow': 21, 'macd_signal': 24, 'en_vwap': False, 'en_keltner': True, 'keltner_n': 133, 'keltner_m': 3.7, 'en_obv': True, 'obv_slope': 89, 'en_cci': False, 'cci_n': 8, 'cci_threshold': 105, 'en_rsi': False, 'rsi_n': 46, 'rsi_lower': 29, 'rsi_upper': 90, 'en_stochastic': False, 'stochastic_n': 67, 'stochastic_d': 3, 'stochastic_lower': 12, 'stochastic_upper': 92, 'en_mfi': True, 'mfi_n': 41, 'mfi_lower': 24, 'mfi_upper': 88, 'en_bollinger': False, 'bollinger_n': 182, 'bollinger_k': 0.5, 'en_adx': True, 'adx_n': 71, 'adx_threshold': 11, 'en_structure_trend': True, 'structure_trend_swing_l': 9, 'en_order_block': False, 'order_block_swing_l': 7, 'en_fvg': False, 'fvg_lookback': 34, 'en_ifvg': False, 'en_breaker': False, 'breaker_swing_l': 20, 'en_cisd': False, 'k': 5, 'en_cap_bars': True, 'cap_1min': 689}.
[I 2026-07-13 17:26:50,645] Trial 1395 finished with values: [5653.452021723879, -3536.0938483876453, 46.7] and parameters: {'sl_soft': 52.73671780921603, 'sl_hard_delta': 179.67079171643357, 'tp': 99.61647548386141, 'gate_pct': 97.52011350142476, 'dd_limit': 9508.627019250667, 'cooldown': 1, 'flip': False, 'en_ema_trend': False, 'ema_trend_fast': 269, 'ema_trend_slow': 346, 'en_sma_trend': False, 'sma_trend_fast': 7, 'sma_trend_slow': 43, 'en_macd': False, 'macd_fast': 70, 'macd_slow': 21, 'macd_signal': 24, 'en_vwap': True, 'en_keltner': True, 'keltner_n': 86, 'keltner_m': 3.7, 'en_obv': True, 'obv_slope': 107, 'en_cci': False, 'cci_n': 88, 'cci_threshold': 105, 'en_rsi': False, 'rsi_n': 46, 'rsi_lower': 29, 'rsi_upper': 61, 'en_stochastic': False, 'stochastic_n': 67, 'stochastic_d': 3, 'stochastic_lower': 28, 'stochastic_upper': 92, 'en_mfi': True, 'mfi_n': 75, 'mfi_lower': 15, 'mfi_upper': 82, 'en_bollinger': False, 'bollinger_n': 182, 'bollinger_k': 0.5, 'en_adx': False, 'adx_n': 47, 'adx_threshold': 31, 'en_structure_trend': True, 'structure_trend_swing_l': 9, 'en_order_block': False, 'order_block_swing_l': 11, 'en_fvg': False, 'fvg_lookback': 34, 'en_ifvg': False, 'en_breaker': False, 'breaker_swing_l': 20, 'en_cisd': False, 'k': 5, 'en_cap_bars': True, 'cap_1min': 689}.
[I 2026-07-13 17:26:51,036] Trial 1396 finished with values: [4769.182226392459, -3685.0, 35.95] and parameters: {'sl_soft': 52.73671780921603, 'sl_hard_delta': 179.67079171643357, 'tp': 154.7619855916484, 'gate_pct': 97.52011350142476, 'dd_limit': 9508.627019250667, 'cooldown': 1, 'flip': False, 'en_ema_trend': False, 'ema_trend_fast': 109, 'ema_trend_slow': 346, 'en_sma_trend': False, 'sma_trend_fast': 7, 'sma_trend_slow': 134, 'en_macd': False, 'macd_fast': 70, 'macd_slow': 21, 'macd_signal': 73, 'en_vwap': True, 'en_keltner': False, 'keltner_n': 133, 'keltner_m': 3.3000000000000003, 'en_obv': True, 'obv_slope': 107, 'en_cci': True, 'cci_n': 182, 'cci_threshold': 175, 'en_rsi': True, 'rsi_n': 46, 'rsi_lower': 29, 'rsi_upper': 61, 'en_stochastic': False, 'stochastic_n': 67, 'stochastic_d': 3, 'stochastic_lower': 28, 'stochastic_upper': 92, 'en_mfi': False, 'mfi_n': 41, 'mfi_lower': 15, 'mfi_upper': 65, 'en_bollinger': False, 'bollinger_n': 182, 'bollinger_k': 0.5, 'en_adx': False, 'adx_n': 47, 'adx_threshold': 31, 'en_structure_trend': True, 'structure_trend_swing_l': 9, 'en_order_block': False, 'order_block_swing_l': 20, 'en_fvg': False, 'fvg_lookback': 34, 'en_ifvg': False, 'en_breaker': False, 'breaker_swing_l': 9, 'en_cisd': False, 'k': 4, 'en_cap_bars': True, 'cap_1min': 1002}.
[I 2026-07-13 17:26:51,342] Trial 1397 finished with values: [-527.8737226490739, -2640.7099640848173, 48.05] and parameters: {'sl_soft': 52.73671780921603, 'sl_hard_delta': 32.40527500774531, 'tp': 74.18235562731974, 'gate_pct': 97.52011350142476, 'dd_limit': 9508.627019250667, 'cooldown': 1, 'flip': True, 'en_ema_trend': False, 'ema_trend_fast': 41, 'ema_trend_slow': 346, 'en_sma_trend': False, 'sma_trend_fast': 285, 'sma_trend_slow': 134, 'en_macd': False, 'macd_fast': 70, 'macd_slow': 12, 'macd_signal': 23, 'en_vwap': True, 'en_keltner': True, 'keltner_n': 84, 'keltner_m': 3.7, 'en_obv': True, 'obv_slope': 89, 'en_cci': False, 'cci_n': 8, 'cci_threshold': 105, 'en_rsi': True, 'rsi_n': 46, 'rsi_lower': 29, 'rsi_upper': 90, 'en_stochastic': False, 'stochastic_n': 9, 'stochastic_d': 3, 'stochastic_lower': 47, 'stochastic_upper': 92, 'en_mfi': True, 'mfi_n': 41, 'mfi_lower': 35, 'mfi_upper': 88, 'en_bollinger': False, 'bollinger_n': 182, 'bollinger_k': 2.2, 'en_adx': False, 'adx_n': 47, 'adx_threshold': 12, 'en_structure_trend': False, 'structure_trend_swing_l': 9, 'en_order_block': False, 'order_block_swing_l': 5, 'en_fvg': False, 'fvg_lookback': 34, 'en_ifvg': True, 'en_breaker': False, 'breaker_swing_l': 20, 'en_cisd': False, 'k': 5, 'en_cap_bars': True, 'cap_1min': 3}.
[I 2026-07-13 17:26:51,893] Trial 1398 finished with values: [192.5, -300.0, 52.8] and parameters: {'sl_soft': 54.70905453913434, 'sl_hard_delta': 32.40527500774531, 'tp': 171.19659871726185, 'gate_pct': 52.631811604471054, 'dd_limit': 7734.658936035632, 'cooldown': 1, 'flip': True, 'en_ema_trend': False, 'ema_trend_fast': 95, 'ema_trend_slow': 291, 'en_sma_trend': True, 'sma_trend_fast': 62, 'sma_trend_slow': 384, 'en_macd': False, 'macd_fast': 97, 'macd_slow': 52, 'macd_signal': 91, 'en_vwap': True, 'en_keltner': False, 'keltner_n': 133, 'keltner_m': 1.4, 'en_obv': True, 'obv_slope': 103, 'en_cci': False, 'cci_n': 33, 'cci_threshold': 25, 'en_rsi': True, 'rsi_n': 29, 'rsi_lower': 43, 'rsi_upper': 61, 'en_stochastic': False, 'stochastic_n': 9, 'stochastic_d': 28, 'stochastic_lower': 17, 'stochastic_upper': 92, 'en_mfi': True, 'mfi_n': 41, 'mfi_lower': 35, 'mfi_upper': 65, 'en_bollinger': False, 'bollinger_n': 195, 'bollinger_k': 2.2, 'en_adx': False, 'adx_n': 71, 'adx_threshold': 12, 'en_structure_trend': False, 'structure_trend_swing_l': 12, 'en_order_block': False, 'order_block_swing_l': 5, 'en_fvg': True, 'fvg_lookback': 42, 'en_ifvg': True, 'en_breaker': False, 'breaker_swing_l': 9, 'en_cisd': False, 'k': 4, 'en_cap_bars': True, 'cap_1min': 3}.
[I 2026-07-13 17:26:52,260] Trial 1399 finished with values: [235.0, -190.0, 63.35] and parameters: {'sl_soft': 63.61708425572577, 'sl_hard_delta': 32.40527500774531, 'tp': 171.19659871726185, 'gate_pct': 52.631811604471054, 'dd_limit': 5512.880951599205, 'cooldown': 5, 'flip': True, 'en_ema_trend': False, 'ema_trend_fast': 41, 'ema_trend_slow': 346, 'en_sma_trend': True, 'sma_trend_fast': 62, 'sma_trend_slow': 29, 'en_macd': True, 'macd_fast': 70, 'macd_slow': 12, 'macd_signal': 23, 'en_vwap': True, 'en_keltner': False, 'keltner_n': 84, 'keltner_m': 5.0, 'en_obv': True, 'obv_slope': 52, 'en_cci': True, 'cci_n': 33, 'cci_threshold': 25, 'en_rsi': True, 'rsi_n': 29, 'rsi_lower': 7, 'rsi_upper': 75, 'en_stochastic': False, 'stochastic_n': 9, 'stochastic_d': 10, 'stochastic_lower': 47, 'stochastic_upper': 92, 'en_mfi': True, 'mfi_n': 41, 'mfi_lower': 35, 'mfi_upper': 58, 'en_bollinger': False, 'bollinger_n': 198, 'bollinger_k': 2.2, 'en_adx': False, 'adx_n': 74, 'adx_threshold': 12, 'en_structure_trend': False, 'structure_trend_swing_l': 10, 'en_order_block': False, 'order_block_swing_l': 18, 'en_fvg': True, 'fvg_lookback': 42, 'en_ifvg': True, 'en_breaker': False, 'breaker_swing_l': 17, 'en_cisd': False, 'k': 5, 'en_cap_bars': True, 'cap_1min': 3}.
