[I 2026-07-13 17:01:05,098] Trial 54 finished with values: [-42.5, -540.0, 50.55] and parameters: {'sl_soft': 27.95023192363075, 'sl_hard_delta': 32.40527500774531, 'tp': 154.7619855916484, 'gate_pct': 47.67526199665095, 'dd_limit': 9508.627019250667, 'cooldown': 0, 'flip': False, 'en_ema_trend': False, 'ema_trend_fast': 41, 'ema_trend_slow': 346, 'en_sma_trend': False, 'sma_trend_fast': 7, 'sma_trend_slow': 258, 'en_macd': True, 'macd_fast': 44, 'macd_slow': 63, 'macd_signal': 41, 'en_vwap': False, 'en_keltner': True, 'keltner_n': 133, 'keltner_m': 4.0, 'en_obv': True, 'obv_slope': 160, 'en_cci': False, 'cci_n': 33, 'cci_threshold': 30, 'en_rsi': True, 'rsi_n': 23, 'rsi_lower': 20, 'rsi_upper': 75, 'en_stochastic': False, 'stochastic_n': 88, 'stochastic_d': 50, 'stochastic_lower': 38, 'stochastic_upper': 60, 'en_mfi': False, 'mfi_n': 90, 'mfi_lower': 17, 'mfi_upper': 65, 'en_bollinger': False, 'bollinger_n': 182, 'bollinger_k': 2.2, 'en_adx': False, 'adx_n': 71, 'adx_threshold': 34, 'en_structure_trend': True, 'structure_trend_swing_l': 14, 'en_order_block': True, 'order_block_swing_l': 19, 'en_fvg': False, 'fvg_lookback': 42, 'en_ifvg': True, 'en_breaker': True, 'breaker_swing_l': 20, 'en_cisd': False, 'k': 5, 'en_cap_bars': True, 'cap_1min': 3}.
[I 2026-07-13 17:01:07,003] Trial 55 pruned. 
[I 2026-07-13 17:01:08,025] Trial 56 pruned. 
[I 2026-07-13 17:01:09,252] Trial 57 pruned. 
[I 2026-07-13 17:01:09,848] Trial 58 pruned. 
[I 2026-07-13 17:01:10,850] Trial 59 pruned. 
[I 2026-07-13 17:01:12,457] Trial 60 finished with values: [201.09523634499055, -2480.3511909137524, 31.65] and parameters: {'sl_soft': 51.45021242870511, 'sl_hard_delta': 101.12273842959087, 'tp': 183.92976181724646, 'gate_pct': 88.06216959925202, 'dd_limit': 7586.3552764031565, 'cooldown': 7, 'flip': True, 'en_ema_trend': False, 'ema_trend_fast': 14, 'ema_trend_slow': 305, 'en_sma_trend': False, 'sma_trend_fast': 44, 'sma_trend_slow': 277, 'en_macd': False, 'macd_fast': 67, 'macd_slow': 82, 'macd_signal': 87, 'en_vwap': True, 'en_keltner': False, 'keltner_n': 145, 'keltner_m': 4.5, 'en_obv': True, 'obv_slope': 173, 'en_cci': True, 'cci_n': 82, 'cci_threshold': 50, 'en_rsi': True, 'rsi_n': 50, 'rsi_lower': 48, 'rsi_upper': 57, 'en_stochastic': False, 'stochastic_n': 80, 'stochastic_d': 27, 'stochastic_lower': 49, 'stochastic_upper': 72, 'en_mfi': False, 'mfi_n': 43, 'mfi_lower': 21, 'mfi_upper': 51, 'en_bollinger': False, 'bollinger_n': 68, 'bollinger_k': 1.7000000000000002, 'en_adx': False, 'adx_n': 61, 'adx_threshold': 52, 'en_structure_trend': False, 'structure_trend_swing_l': 9, 'en_order_block': False, 'order_block_swing_l': 10, 'en_fvg': False, 'fvg_lookback': 41, 'en_ifvg': True, 'en_breaker': True, 'breaker_swing_l': 11, 'en_cisd': True, 'k': 5, 'en_cap_bars': False, 'cap_1min': 1153}.
[I 2026-07-13 17:01:15,891] Trial 61 finished with values: [628.8331079007185, -3504.5556306997605, 56.05] and parameters: {'sl_soft': 114.36942414381834, 'sl_hard_delta': 147.34778509614617, 'tp': 100.02221846501483, 'gate_pct': 61.29515207255519, 'dd_limit': 6330.458522368667, 'cooldown': 0, 'flip': False, 'en_ema_trend': True, 'ema_trend_fast': 271, 'ema_trend_slow': 376, 'en_sma_trend': False, 'sma_trend_fast': 292, 'sma_trend_slow': 163, 'en_macd': True, 'macd_fast': 80, 'macd_slow': 190, 'macd_signal': 21, 'en_vwap': True, 'en_keltner': False, 'keltner_n': 200, 'keltner_m': 4.5, 'en_obv': False, 'obv_slope': 169, 'en_cci': False, 'cci_n': 88, 'cci_threshold': 260, 'en_rsi': True, 'rsi_n': 33, 'rsi_lower': 6, 'rsi_upper': 58, 'en_stochastic': False, 'stochastic_n': 66, 'stochastic_d': 12, 'stochastic_lower': 26, 'stochastic_upper': 57, 'en_mfi': True, 'mfi_n': 71, 'mfi_lower': 45, 'mfi_upper': 72, 'en_bollinger': False, 'bollinger_n': 22, 'bollinger_k': 2.5, 'en_adx': False, 'adx_n': 82, 'adx_threshold': 19, 'en_structure_trend': True, 'structure_trend_swing_l': 1, 'en_order_block': True, 'order_block_swing_l': 20, 'en_fvg': False, 'fvg_lookback': 4, 'en_ifvg': False, 'en_breaker': False, 'breaker_swing_l': 5, 'en_cisd': False, 'k': 4, 'en_cap_bars': False, 'cap_1min': 736}.
[I 2026-07-13 17:01:17,940] Trial 62 pruned. 
[I 2026-07-13 17:01:21,896] Trial 63 finished with values: [749.515272051849, -2883.358393971248, 40.400000000000006] and parameters: {'sl_soft': 78.02724348493892, 'sl_hard_delta': 33.734484507355724, 'tp': 162.12507772497156, 'gate_pct': 62.02693045764362, 'dd_limit': 3975.4449591887696, 'cooldown': 5, 'flip': True, 'en_ema_trend': True, 'ema_trend_fast': 393, 'ema_trend_slow': 361, 'en_sma_trend': False, 'sma_trend_fast': 178, 'sma_trend_slow': 376, 'en_macd': False, 'macd_fast': 57, 'macd_slow': 64, 'macd_signal': 54, 'en_vwap': True, 'en_keltner': True, 'keltner_n': 49, 'keltner_m': 4.5, 'en_obv': False, 'obv_slope': 168, 'en_cci': False, 'cci_n': 2, 'cci_threshold': 90, 'en_rsi': True, 'rsi_n': 25, 'rsi_lower': 19, 'rsi_upper': 58, 'en_stochastic': False, 'stochastic_n': 71, 'stochastic_d': 34, 'stochastic_lower': 44, 'stochastic_upper': 94, 'en_mfi': False, 'mfi_n': 41, 'mfi_lower': 2, 'mfi_upper': 95, 'en_bollinger': True, 'bollinger_n': 62, 'bollinger_k': 4.8, 'en_adx': True, 'adx_n': 2, 'adx_threshold': 26, 'en_structure_trend': True, 'structure_trend_swing_l': 11, 'en_order_block': False, 'order_block_swing_l': 12, 'en_fvg': True, 'fvg_lookback': 45, 'en_ifvg': False, 'en_breaker': False, 'breaker_swing_l': 18, 'en_cisd': True, 'k': 3, 'en_cap_bars': False, 'cap_1min': 1165}.
[I 2026-07-13 17:01:23,266] Trial 64 pruned. 
[I 2026-07-13 17:01:25,427] Trial 65 pruned. 
[I 2026-07-13 17:01:40,715] Trial 66 finished with values: [-193.24444827985644, -1440.0, 31.25] and parameters: {'sl_soft': 36.97272002314853, 'sl_hard_delta': 173.34213015401943, 'tp': 151.2340735626847, 'gate_pct': 68.64613759880352, 'dd_limit': 3666.245077974058, 'cooldown': 6, 'flip': True, 'en_ema_trend': True, 'ema_trend_fast': 284, 'ema_trend_slow': 381, 'en_sma_trend': True, 'sma_trend_fast': 19, 'sma_trend_slow': 370, 'en_macd': False, 'macd_fast': 60, 'macd_slow': 155, 'macd_signal': 25, 'en_vwap': False, 'en_keltner': True, 'keltner_n': 78, 'keltner_m': 0.7, 'en_obv': False, 'obv_slope': 61, 'en_cci': True, 'cci_n': 165, 'cci_threshold': 65, 'en_rsi': True, 'rsi_n': 79, 'rsi_lower': 36, 'rsi_upper': 66, 'en_stochastic': True, 'stochastic_n': 62, 'stochastic_d': 20, 'stochastic_lower': 38, 'stochastic_upper': 86, 'en_mfi': False, 'mfi_n': 89, 'mfi_lower': 36, 'mfi_upper': 65, 'en_bollinger': True, 'bollinger_n': 159, 'bollinger_k': 2.7, 'en_adx': True, 'adx_n': 41, 'adx_threshold': 7, 'en_structure_trend': False, 'structure_trend_swing_l': 20, 'en_order_block': False, 'order_block_swing_l': 15, 'en_fvg': True, 'fvg_lookback': 11, 'en_ifvg': True, 'en_breaker': True, 'breaker_swing_l': 19, 'en_cisd': True, 'k': 5, 'en_cap_bars': True, 'cap_1min': 637}.
[I 2026-07-13 17:01:41,814] Trial 67 pruned. 
[I 2026-07-13 17:01:43,227] Trial 68 pruned. 
[I 2026-07-13 17:01:45,015] Trial 69 pruned. 
[I 2026-07-13 17:01:46,781] Trial 70 pruned. 
[I 2026-07-13 17:01:50,609] Trial 71 finished with values: [-754.0957438194891, -3355.0, 26.05] and parameters: {'sl_soft': 59.21182545749828, 'sl_hard_delta': 175.44224927746774, 'tp': 242.6116419903571, 'gate_pct': 86.68863637915473, 'dd_limit': 4482.342775889899, 'cooldown': 3, 'flip': False, 'en_ema_trend': False, 'ema_trend_fast': 121, 'ema_trend_slow': 364, 'en_sma_trend': False, 'sma_trend_fast': 45, 'sma_trend_slow': 14, 'en_macd': False, 'macd_fast': 52, 'macd_slow': 18, 'macd_signal': 45, 'en_vwap': True, 'en_keltner': True, 'keltner_n': 68, 'keltner_m': 1.5, 'en_obv': False, 'obv_slope': 7, 'en_cci': True, 'cci_n': 43, 'cci_threshold': 60, 'en_rsi': True, 'rsi_n': 95, 'rsi_lower': 7, 'rsi_upper': 94, 'en_stochastic': False, 'stochastic_n': 8, 'stochastic_d': 40, 'stochastic_lower': 40, 'stochastic_upper': 87, 'en_mfi': True, 'mfi_n': 45, 'mfi_lower': 16, 'mfi_upper': 61, 'en_bollinger': True, 'bollinger_n': 125, 'bollinger_k': 2.9000000000000004, 'en_adx': False, 'adx_n': 31, 'adx_threshold': 26, 'en_structure_trend': True, 'structure_trend_swing_l': 19, 'en_order_block': False, 'order_block_swing_l': 14, 'en_fvg': False, 'fvg_lookback': 14, 'en_ifvg': True, 'en_breaker': True, 'breaker_swing_l': 3, 'en_cisd': True, 'k': 1, 'en_cap_bars': True, 'cap_1min': 995}.
[I 2026-07-13 17:01:51,729] Trial 72 pruned. 
[I 2026-07-13 17:01:52,110] Trial 73 pruned. 
[I 2026-07-13 17:01:53,422] Trial 74 pruned. 
[I 2026-07-13 17:01:55,993] Trial 75 pruned. 
[I 2026-07-13 17:01:57,859] Trial 76 pruned. 
[I 2026-07-13 17:02:02,411] Trial 77 pruned. 
[I 2026-07-13 17:02:03,358] Trial 78 pruned. 
[I 2026-07-13 17:02:05,004] Trial 79 pruned. 
[I 2026-07-13 17:02:05,243] Trial 80 pruned. 
[I 2026-07-13 17:02:08,478] Trial 81 finished with values: [-596.4734278146352, -4187.333719304879, 46.75] and parameters: {'sl_soft': 125.96395374905121, 'sl_hard_delta': 179.50279011192097, 'tp': 197.7397810612622, 'gate_pct': 83.33433192606572, 'dd_limit': 2980.290072957283, 'cooldown': 7, 'flip': False, 'en_ema_trend': True, 'ema_trend_fast': 176, 'ema_trend_slow': 150, 'en_sma_trend': False, 'sma_trend_fast': 275, 'sma_trend_slow': 231, 'en_macd': True, 'macd_fast': 6, 'macd_slow': 111, 'macd_signal': 60, 'en_vwap': True, 'en_keltner': False, 'keltner_n': 129, 'keltner_m': 0.9, 'en_obv': True, 'obv_slope': 141, 'en_cci': False, 'cci_n': 12, 'cci_threshold': 45, 'en_rsi': False, 'rsi_n': 67, 'rsi_lower': 29, 'rsi_upper': 86, 'en_stochastic': False, 'stochastic_n': 74, 'stochastic_d': 30, 'stochastic_lower': 27, 'stochastic_upper': 86, 'en_mfi': False, 'mfi_n': 10, 'mfi_lower': 17, 'mfi_upper': 62, 'en_bollinger': False, 'bollinger_n': 20, 'bollinger_k': 3.8000000000000003, 'en_adx': False, 'adx_n': 68, 'adx_threshold': 48, 'en_structure_trend': False, 'structure_trend_swing_l': 15, 'en_order_block': False, 'order_block_swing_l': 12, 'en_fvg': True, 'fvg_lookback': 23, 'en_ifvg': True, 'en_breaker': True, 'breaker_swing_l': 16, 'en_cisd': False, 'k': 1, 'en_cap_bars': True, 'cap_1min': 304}.
[I 2026-07-13 17:02:09,899] Trial 82 pruned. 
[I 2026-07-13 17:02:10,672] Trial 83 pruned. 
[I 2026-07-13 17:02:11,922] Trial 84 pruned. 
[I 2026-07-13 17:02:13,207] Trial 85 pruned. 
[I 2026-07-13 17:02:13,700] Trial 86 pruned. 
[I 2026-07-13 17:02:15,204] Trial 87 pruned. 
[I 2026-07-13 17:02:20,005] Trial 88 finished with values: [984.7524469880409, -2356.9522129639518, 42.2] and parameters: {'sl_soft': 126.8598137128956, 'sl_hard_delta': 8.487796935304145, 'tp': 222.8315661395805, 'gate_pct': 58.77346993604095, 'dd_limit': 8361.763451759158, 'cooldown': 0, 'flip': True, 'en_ema_trend': True, 'ema_trend_fast': 13, 'ema_trend_slow': 236, 'en_sma_trend': False, 'sma_trend_fast': 337, 'sma_trend_slow': 300, 'en_macd': True, 'macd_fast': 33, 'macd_slow': 124, 'macd_signal': 22, 'en_vwap': True, 'en_keltner': True, 'keltner_n': 178, 'keltner_m': 4.8, 'en_obv': False, 'obv_slope': 50, 'en_cci': False, 'cci_n': 32, 'cci_threshold': 40, 'en_rsi': True, 'rsi_n': 5, 'rsi_lower': 11, 'rsi_upper': 67, 'en_stochastic': False, 'stochastic_n': 80, 'stochastic_d': 35, 'stochastic_lower': 44, 'stochastic_upper': 74, 'en_mfi': True, 'mfi_n': 2, 'mfi_lower': 12, 'mfi_upper': 61, 'en_bollinger': True, 'bollinger_n': 52, 'bollinger_k': 2.8000000000000003, 'en_adx': False, 'adx_n': 48, 'adx_threshold': 44, 'en_structure_trend': False, 'structure_trend_swing_l': 20, 'en_order_block': False, 'order_block_swing_l': 9, 'en_fvg': False, 'fvg_lookback': 19, 'en_ifvg': False, 'en_breaker': True, 'breaker_swing_l': 5, 'en_cisd': True, 'k': 1, 'en_cap_bars': True, 'cap_1min': 1416}.
[I 2026-07-13 17:02:20,926] Trial 89 pruned. 
[I 2026-07-13 17:02:21,938] Trial 90 pruned. 
[I 2026-07-13 17:02:23,020] Trial 91 pruned. 
[I 2026-07-13 17:02:23,948] Trial 92 pruned. 
[I 2026-07-13 17:02:25,890] Trial 93 pruned. 
[I 2026-07-13 17:02:27,170] Trial 94 pruned. 
[I 2026-07-13 17:02:29,559] Trial 95 pruned. 
[I 2026-07-13 17:02:30,503] Trial 96 pruned. 
[I 2026-07-13 17:02:37,039] Trial 97 finished with values: [-349.5562941181379, -1675.0, 32.7] and parameters: {'sl_soft': 38.80597262553079, 'sl_hard_delta': 93.74365348423673, 'tp': 169.72582745091177, 'gate_pct': 96.7516051221724, 'dd_limit': 7394.721751419064, 'cooldown': 1, 'flip': True, 'en_ema_trend': False, 'ema_trend_fast': 282, 'ema_trend_slow': 334, 'en_sma_trend': False, 'sma_trend_fast': 268, 'sma_trend_slow': 29, 'en_macd': False, 'macd_fast': 88, 'macd_slow': 167, 'macd_signal': 24, 'en_vwap': False, 'en_keltner': False, 'keltner_n': 46, 'keltner_m': 0.9, 'en_obv': True, 'obv_slope': 177, 'en_cci': True, 'cci_n': 128, 'cci_threshold': 45, 'en_rsi': False, 'rsi_n': 6, 'rsi_lower': 38, 'rsi_upper': 55, 'en_stochastic': True, 'stochastic_n': 86, 'stochastic_d': 14, 'stochastic_lower': 40, 'stochastic_upper': 72, 'en_mfi': True, 'mfi_n': 45, 'mfi_lower': 13, 'mfi_upper': 73, 'en_bollinger': True, 'bollinger_n': 127, 'bollinger_k': 2.7, 'en_adx': False, 'adx_n': 35, 'adx_threshold': 20, 'en_structure_trend': False, 'structure_trend_swing_l': 17, 'en_order_block': False, 'order_block_swing_l': 12, 'en_fvg': False, 'fvg_lookback': 38, 'en_ifvg': False, 'en_breaker': True, 'breaker_swing_l': 15, 'en_cisd': False, 'k': 4, 'en_cap_bars': True, 'cap_1min': 85}.
[I 2026-07-13 17:02:38,482] Trial 98 pruned. 
[I 2026-07-13 17:02:39,881] Trial 99 pruned. 
[I 2026-07-13 17:02:40,839] Trial 100 pruned. 
[I 2026-07-13 17:02:41,961] Trial 101 pruned. 
[I 2026-07-13 17:02:43,725] Trial 102 pruned. 
[I 2026-07-13 17:02:44,756] Trial 103 pruned. 
[I 2026-07-13 17:02:52,714] Trial 104 finished with values: [-2370.8714281978246, -3756.957142732608, 38.55] and parameters: {'sl_soft': 95.3122893886164, 'sl_hard_delta': 127.97416234836336, 'tp': 90.60857145347786, 'gate_pct': 92.80779954528938, 'dd_limit': 3350.6412140007124, 'cooldown': 5, 'flip': True, 'en_ema_trend': True, 'ema_trend_fast': 364, 'ema_trend_slow': 102, 'en_sma_trend': True, 'sma_trend_fast': 370, 'sma_trend_slow': 339, 'en_macd': True, 'macd_fast': 31, 'macd_slow': 18, 'macd_signal': 17, 'en_vwap': False, 'en_keltner': True, 'keltner_n': 178, 'keltner_m': 4.8, 'en_obv': False, 'obv_slope': 15, 'en_cci': False, 'cci_n': 7, 'cci_threshold': 65, 'en_rsi': True, 'rsi_n': 73, 'rsi_lower': 15, 'rsi_upper': 81, 'en_stochastic': False, 'stochastic_n': 63, 'stochastic_d': 29, 'stochastic_lower': 45, 'stochastic_upper': 87, 'en_mfi': False, 'mfi_n': 70, 'mfi_lower': 12, 'mfi_upper': 81, 'en_bollinger': True, 'bollinger_n': 62, 'bollinger_k': 4.4, 'en_adx': True, 'adx_n': 20, 'adx_threshold': 28, 'en_structure_trend': False, 'structure_trend_swing_l': 3, 'en_order_block': False, 'order_block_swing_l': 17, 'en_fvg': False, 'fvg_lookback': 25, 'en_ifvg': False, 'en_breaker': True, 'breaker_swing_l': 15, 'en_cisd': False, 'k': 4, 'en_cap_bars': True, 'cap_1min': 126}.
[I 2026-07-13 17:02:54,474] Trial 105 pruned. 
[I 2026-07-13 17:02:56,138] Trial 106 pruned. 
[I 2026-07-13 17:02:57,707] Trial 107 pruned. 
[I 2026-07-13 17:02:58,691] Trial 108 pruned. 
[I 2026-07-13 17:03:01,304] Trial 109 pruned. 
[I 2026-07-13 17:03:02,751] Trial 110 pruned. 
[I 2026-07-13 17:03:03,789] Trial 111 pruned. 
[I 2026-07-13 17:03:04,944] Trial 112 pruned. 
[I 2026-07-13 17:03:06,364] Trial 113 pruned. 
[I 2026-07-13 17:03:07,115] Trial 114 pruned. 
[I 2026-07-13 17:03:09,506] Trial 115 finished with values: [1665.4198048042235, -2631.3685993136824, 25.35] and parameters: {'sl_soft': 37.56938910706771, 'sl_hard_delta': 165.05986191494267, 'tp': 216.7262801372667, 'gate_pct': 54.8778799805964, 'dd_limit': 2548.3308531557964, 'cooldown': 4, 'flip': True, 'en_ema_trend': True, 'ema_trend_fast': 196, 'ema_trend_slow': 17, 'en_sma_trend': False, 'sma_trend_fast': 92, 'sma_trend_slow': 218, 'en_macd': True, 'macd_fast': 25, 'macd_slow': 180, 'macd_signal': 92, 'en_vwap': False, 'en_keltner': False, 'keltner_n': 116, 'keltner_m': 3.1, 'en_obv': True, 'obv_slope': 108, 'en_cci': True, 'cci_n': 27, 'cci_threshold': 40, 'en_rsi': False, 'rsi_n': 10, 'rsi_lower': 28, 'rsi_upper': 76, 'en_stochastic': False, 'stochastic_n': 97, 'stochastic_d': 47, 'stochastic_lower': 48, 'stochastic_upper': 77, 'en_mfi': True, 'mfi_n': 96, 'mfi_lower': 13, 'mfi_upper': 64, 'en_bollinger': False, 'bollinger_n': 115, 'bollinger_k': 2.5, 'en_adx': False, 'adx_n': 18, 'adx_threshold': 32, 'en_structure_trend': False, 'structure_trend_swing_l': 5, 'en_order_block': True, 'order_block_swing_l': 6, 'en_fvg': False, 'fvg_lookback': 44, 'en_ifvg': False, 'en_breaker': True, 'breaker_swing_l': 9, 'en_cisd': True, 'k': 2, 'en_cap_bars': False, 'cap_1min': 846}.
[I 2026-07-13 17:03:10,586] Trial 116 pruned. 
[I 2026-07-13 17:03:11,107] Trial 117 pruned. 
[I 2026-07-13 17:03:12,789] Trial 118 pruned. 
[I 2026-07-13 17:03:20,997] Trial 119 finished with values: [-221.94331206754214, -3378.109401642432, 39.650000000000006] and parameters: {'sl_soft': 55.91211362379575, 'sl_hard_delta': 123.17039644644353, 'tp': 114.7927065571698, 'gate_pct': 76.55976188692937, 'dd_limit': 928.2439984695909, 'cooldown': 3, 'flip': True, 'en_ema_trend': True, 'ema_trend_fast': 208, 'ema_trend_slow': 139, 'en_sma_trend': True, 'sma_trend_fast': 266, 'sma_trend_slow': 143, 'en_macd': True, 'macd_fast': 93, 'macd_slow': 48, 'macd_signal': 1, 'en_vwap': True, 'en_keltner': False, 'keltner_n': 137, 'keltner_m': 3.8000000000000003, 'en_obv': False, 'obv_slope': 8, 'en_cci': False, 'cci_n': 94, 'cci_threshold': 195, 'en_rsi': True, 'rsi_n': 67, 'rsi_lower': 7, 'rsi_upper': 69, 'en_stochastic': True, 'stochastic_n': 22, 'stochastic_d': 5, 'stochastic_lower': 16, 'stochastic_upper': 57, 'en_mfi': True, 'mfi_n': 61, 'mfi_lower': 10, 'mfi_upper': 68, 'en_bollinger': False, 'bollinger_n': 69, 'bollinger_k': 1.6, 'en_adx': False, 'adx_n': 48, 'adx_threshold': 19, 'en_structure_trend': False, 'structure_trend_swing_l': 10, 'en_order_block': True, 'order_block_swing_l': 9, 'en_fvg': False, 'fvg_lookback': 36, 'en_ifvg': False, 'en_breaker': False, 'breaker_swing_l': 17, 'en_cisd': False, 'k': 4, 'en_cap_bars': False, 'cap_1min': 608}.
[I 2026-07-13 17:03:21,397] Trial 120 finished with values: [-759.9247536194889, -5221.560064781879, 68.9] and parameters: {'sl_soft': 106.72350173506459, 'sl_hard_delta': 106.66171381852224, 'tp': 47.83043766119277, 'gate_pct': 80.70603145468111, 'dd_limit': 1960.8345257721103, 'cooldown': 1, 'flip': False, 'en_ema_trend': True, 'ema_trend_fast': 375, 'ema_trend_slow': 53, 'en_sma_trend': False, 'sma_trend_fast': 357, 'sma_trend_slow': 56, 'en_macd': True, 'macd_fast': 57, 'macd_slow': 58, 'macd_signal': 34, 'en_vwap': True, 'en_keltner': False, 'keltner_n': 68, 'keltner_m': 1.2000000000000002, 'en_obv': True, 'obv_slope': 120, 'en_cci': True, 'cci_n': 40, 'cci_threshold': 85, 'en_rsi': False, 'rsi_n': 34, 'rsi_lower': 36, 'rsi_upper': 64, 'en_stochastic': False, 'stochastic_n': 93, 'stochastic_d': 6, 'stochastic_lower': 10, 'stochastic_upper': 73, 'en_mfi': False, 'mfi_n': 67, 'mfi_lower': 17, 'mfi_upper': 51, 'en_bollinger': False, 'bollinger_n': 40, 'bollinger_k': 4.2, 'en_adx': True, 'adx_n': 28, 'adx_threshold': 7, 'en_structure_trend': False, 'structure_trend_swing_l': 1, 'en_order_block': False, 'order_block_swing_l': 8, 'en_fvg': True, 'fvg_lookback': 13, 'en_ifvg': False, 'en_breaker': False, 'breaker_swing_l': 14, 'en_cisd': True, 'k': 2, 'en_cap_bars': True, 'cap_1min': 803}.
[I 2026-07-13 17:03:22,967] Trial 121 pruned. 
[I 2026-07-13 17:03:30,197] Trial 122 finished with values: [-1069.7238223353816, -2701.1191545772454, 13.85] and parameters: {'sl_soft': 26.4837671362101, 'sl_hard_delta': 86.12814832151277, 'tp': 136.36119326178795, 'gate_pct': 42.37120833684469, 'dd_limit': 9592.055300611895, 'cooldown': 5, 'flip': False, 'en_ema_trend': False, 'ema_trend_fast': 196, 'ema_trend_slow': 8, 'en_sma_trend': True, 'sma_trend_fast': 271, 'sma_trend_slow': 242, 'en_macd': False, 'macd_fast': 69, 'macd_slow': 154, 'macd_signal': 12, 'en_vwap': True, 'en_keltner': True, 'keltner_n': 3, 'keltner_m': 3.3000000000000003, 'en_obv': True, 'obv_slope': 188, 'en_cci': False, 'cci_n': 156, 'cci_threshold': 300, 'en_rsi': False, 'rsi_n': 52, 'rsi_lower': 18, 'rsi_upper': 59, 'en_stochastic': False, 'stochastic_n': 66, 'stochastic_d': 9, 'stochastic_lower': 40, 'stochastic_upper': 63, 'en_mfi': False, 'mfi_n': 72, 'mfi_lower': 13, 'mfi_upper': 75, 'en_bollinger': False, 'bollinger_n': 96, 'bollinger_k': 4.6000000000000005, 'en_adx': True, 'adx_n': 56, 'adx_threshold': 7, 'en_structure_trend': False, 'structure_trend_swing_l': 15, 'en_order_block': True, 'order_block_swing_l': 18, 'en_fvg': True, 'fvg_lookback': 25, 'en_ifvg': True, 'en_breaker': True, 'breaker_swing_l': 14, 'en_cisd': True, 'k': 2, 'en_cap_bars': True, 'cap_1min': 652}.
[I 2026-07-13 17:03:30,580] Trial 123 pruned. 
[I 2026-07-13 17:03:31,796] Trial 124 pruned. 
