[I 2026-07-13 17:23:05,523] Trial 957 finished with values: [10.0, -285.0, 46.45] and parameters: {'sl_soft': 63.61708425572577, 'sl_hard_delta': 32.40527500774531, 'tp': 70.83741014765195, 'gate_pct': 48.89078119647594, 'dd_limit': 5512.880951599205, 'cooldown': 5, 'flip': True, 'en_ema_trend': True, 'ema_trend_fast': 95, 'ema_trend_slow': 346, 'en_sma_trend': True, 'sma_trend_fast': 62, 'sma_trend_slow': 8, 'en_macd': True, 'macd_fast': 70, 'macd_slow': 12, 'macd_signal': 42, 'en_vwap': True, 'en_keltner': False, 'keltner_n': 133, 'keltner_m': 4.5, 'en_obv': True, 'obv_slope': 160, 'en_cci': True, 'cci_n': 33, 'cci_threshold': 30, 'en_rsi': True, 'rsi_n': 23, 'rsi_lower': 7, 'rsi_upper': 61, 'en_stochastic': False, 'stochastic_n': 46, 'stochastic_d': 7, 'stochastic_lower': 47, 'stochastic_upper': 92, 'en_mfi': True, 'mfi_n': 41, 'mfi_lower': 40, 'mfi_upper': 67, 'en_bollinger': False, 'bollinger_n': 195, 'bollinger_k': 2.2, 'en_adx': False, 'adx_n': 71, 'adx_threshold': 12, 'en_structure_trend': False, 'structure_trend_swing_l': 19, 'en_order_block': False, 'order_block_swing_l': 20, 'en_fvg': False, 'fvg_lookback': 42, 'en_ifvg': True, 'en_breaker': False, 'breaker_swing_l': 11, 'en_cisd': False, 'k': 5, 'en_cap_bars': True, 'cap_1min': 3}.
[I 2026-07-13 17:23:05,798] Trial 958 pruned. 
[I 2026-07-13 17:23:06,107] Trial 959 finished with values: [347.5, -370.0, 55.5] and parameters: {'sl_soft': 39.85860894299552, 'sl_hard_delta': 32.40527500774531, 'tp': 154.7619855916484, 'gate_pct': 52.631811604471054, 'dd_limit': 7734.658936035632, 'cooldown': 0, 'flip': True, 'en_ema_trend': False, 'ema_trend_fast': 394, 'ema_trend_slow': 346, 'en_sma_trend': True, 'sma_trend_fast': 62, 'sma_trend_slow': 29, 'en_macd': True, 'macd_fast': 70, 'macd_slow': 6, 'macd_signal': 23, 'en_vwap': True, 'en_keltner': False, 'keltner_n': 133, 'keltner_m': 4.5, 'en_obv': False, 'obv_slope': 160, 'en_cci': True, 'cci_n': 8, 'cci_threshold': 30, 'en_rsi': True, 'rsi_n': 23, 'rsi_lower': 7, 'rsi_upper': 75, 'en_stochastic': False, 'stochastic_n': 4, 'stochastic_d': 7, 'stochastic_lower': 47, 'stochastic_upper': 92, 'en_mfi': True, 'mfi_n': 41, 'mfi_lower': 17, 'mfi_upper': 67, 'en_bollinger': False, 'bollinger_n': 195, 'bollinger_k': 3.7, 'en_adx': False, 'adx_n': 71, 'adx_threshold': 12, 'en_structure_trend': False, 'structure_trend_swing_l': 14, 'en_order_block': False, 'order_block_swing_l': 18, 'en_fvg': False, 'fvg_lookback': 23, 'en_ifvg': True, 'en_breaker': False, 'breaker_swing_l': 11, 'en_cisd': False, 'k': 4, 'en_cap_bars': True, 'cap_1min': 3}.
[I 2026-07-13 17:23:06,300] Trial 960 pruned. 
[I 2026-07-13 17:23:06,594] Trial 961 finished with values: [6014.473380536583, -4226.190072041754, 37.65] and parameters: {'sl_soft': 52.73671780921603, 'sl_hard_delta': 179.67079171643357, 'tp': 154.7619855916484, 'gate_pct': 97.52011350142476, 'dd_limit': 9508.627019250667, 'cooldown': 1, 'flip': False, 'en_ema_trend': False, 'ema_trend_fast': 269, 'ema_trend_slow': 346, 'en_sma_trend': False, 'sma_trend_fast': 7, 'sma_trend_slow': 134, 'en_macd': False, 'macd_fast': 70, 'macd_slow': 21, 'macd_signal': 73, 'en_vwap': True, 'en_keltner': False, 'keltner_n': 133, 'keltner_m': 3.7, 'en_obv': True, 'obv_slope': 107, 'en_cci': False, 'cci_n': 88, 'cci_threshold': 105, 'en_rsi': False, 'rsi_n': 46, 'rsi_lower': 29, 'rsi_upper': 61, 'en_stochastic': False, 'stochastic_n': 67, 'stochastic_d': 3, 'stochastic_lower': 28, 'stochastic_upper': 92, 'en_mfi': True, 'mfi_n': 41, 'mfi_lower': 15, 'mfi_upper': 82, 'en_bollinger': False, 'bollinger_n': 182, 'bollinger_k': 0.5, 'en_adx': False, 'adx_n': 47, 'adx_threshold': 31, 'en_structure_trend': True, 'structure_trend_swing_l': 9, 'en_order_block': False, 'order_block_swing_l': 11, 'en_fvg': False, 'fvg_lookback': 34, 'en_ifvg': False, 'en_breaker': False, 'breaker_swing_l': 20, 'en_cisd': False, 'k': 5, 'en_cap_bars': True, 'cap_1min': 689}.
[I 2026-07-13 17:23:07,903] Trial 962 finished with values: [1074.8843876450883, -3211.1900720417543, 24.9] and parameters: {'sl_soft': 29.867048730013586, 'sl_hard_delta': 179.67079171643357, 'tp': 154.7619855916484, 'gate_pct': 52.631811604471054, 'dd_limit': 7734.658936035632, 'cooldown': 1, 'flip': True, 'en_ema_trend': False, 'ema_trend_fast': 316, 'ema_trend_slow': 346, 'en_sma_trend': False, 'sma_trend_fast': 62, 'sma_trend_slow': 134, 'en_macd': True, 'macd_fast': 70, 'macd_slow': 21, 'macd_signal': 73, 'en_vwap': True, 'en_keltner': False, 'keltner_n': 133, 'keltner_m': 3.7, 'en_obv': True, 'obv_slope': 107, 'en_cci': False, 'cci_n': 88, 'cci_threshold': 30, 'en_rsi': True, 'rsi_n': 35, 'rsi_lower': 29, 'rsi_upper': 61, 'en_stochastic': False, 'stochastic_n': 67, 'stochastic_d': 3, 'stochastic_lower': 20, 'stochastic_upper': 92, 'en_mfi': True, 'mfi_n': 41, 'mfi_lower': 15, 'mfi_upper': 93, 'en_bollinger': False, 'bollinger_n': 195, 'bollinger_k': 0.5, 'en_adx': False, 'adx_n': 47, 'adx_threshold': 12, 'en_structure_trend': False, 'structure_trend_swing_l': 9, 'en_order_block': False, 'order_block_swing_l': 18, 'en_fvg': False, 'fvg_lookback': 43, 'en_ifvg': False, 'en_breaker': False, 'breaker_swing_l': 19, 'en_cisd': False, 'k': 4, 'en_cap_bars': True, 'cap_1min': 689}.
[I 2026-07-13 17:23:08,489] Trial 963 pruned. 
[I 2026-07-13 17:23:08,646] Trial 964 finished with values: [513.1677133648554, -1759.6363940431183, 52.5] and parameters: {'sl_soft': 54.70905453913434, 'sl_hard_delta': 32.40527500774531, 'tp': 70.83741014765195, 'gate_pct': 74.50813821223942, 'dd_limit': 7734.658936035632, 'cooldown': 5, 'flip': True, 'en_ema_trend': False, 'ema_trend_fast': 95, 'ema_trend_slow': 346, 'en_sma_trend': True, 'sma_trend_fast': 7, 'sma_trend_slow': 8, 'en_macd': True, 'macd_fast': 70, 'macd_slow': 89, 'macd_signal': 86, 'en_vwap': True, 'en_keltner': False, 'keltner_n': 133, 'keltner_m': 4.5, 'en_obv': False, 'obv_slope': 38, 'en_cci': True, 'cci_n': 33, 'cci_threshold': 30, 'en_rsi': True, 'rsi_n': 29, 'rsi_lower': 7, 'rsi_upper': 61, 'en_stochastic': False, 'stochastic_n': 4, 'stochastic_d': 7, 'stochastic_lower': 47, 'stochastic_upper': 92, 'en_mfi': True, 'mfi_n': 41, 'mfi_lower': 40, 'mfi_upper': 65, 'en_bollinger': False, 'bollinger_n': 195, 'bollinger_k': 2.2, 'en_adx': False, 'adx_n': 74, 'adx_threshold': 12, 'en_structure_trend': False, 'structure_trend_swing_l': 10, 'en_order_block': False, 'order_block_swing_l': 5, 'en_fvg': True, 'fvg_lookback': 42, 'en_ifvg': True, 'en_breaker': False, 'breaker_swing_l': 17, 'en_cisd': False, 'k': 5, 'en_cap_bars': True, 'cap_1min': 1002}.
[I 2026-07-13 17:23:11,259] Trial 965 finished with values: [98.42559406497458, -2100.7099640848173, 49.5] and parameters: {'sl_soft': 52.73671780921603, 'sl_hard_delta': 32.40527500774531, 'tp': 70.83741014765195, 'gate_pct': 97.52011350142476, 'dd_limit': 9508.627019250667, 'cooldown': 5, 'flip': False, 'en_ema_trend': False, 'ema_trend_fast': 269, 'ema_trend_slow': 346, 'en_sma_trend': True, 'sma_trend_fast': 7, 'sma_trend_slow': 134, 'en_macd': True, 'macd_fast': 70, 'macd_slow': 89, 'macd_signal': 91, 'en_vwap': True, 'en_keltner': False, 'keltner_n': 133, 'keltner_m': 1.7000000000000002, 'en_obv': True, 'obv_slope': 160, 'en_cci': True, 'cci_n': 33, 'cci_threshold': 30, 'en_rsi': True, 'rsi_n': 41, 'rsi_lower': 29, 'rsi_upper': 61, 'en_stochastic': False, 'stochastic_n': 67, 'stochastic_d': 7, 'stochastic_lower': 28, 'stochastic_upper': 92, 'en_mfi': True, 'mfi_n': 41, 'mfi_lower': 40, 'mfi_upper': 82, 'en_bollinger': False, 'bollinger_n': 195, 'bollinger_k': 2.2, 'en_adx': False, 'adx_n': 74, 'adx_threshold': 12, 'en_structure_trend': True, 'structure_trend_swing_l': 19, 'en_order_block': False, 'order_block_swing_l': 11, 'en_fvg': False, 'fvg_lookback': 34, 'en_ifvg': True, 'en_breaker': False, 'breaker_swing_l': 20, 'en_cisd': False, 'k': 5, 'en_cap_bars': True, 'cap_1min': 3}.
[I 2026-07-13 17:23:11,465] Trial 966 finished with values: [-10.0, -665.0, 46.9] and parameters: {'sl_soft': 29.867048730013586, 'sl_hard_delta': 179.67079171643357, 'tp': 171.19659871726185, 'gate_pct': 52.631811604471054, 'dd_limit': 9508.627019250667, 'cooldown': 0, 'flip': False, 'en_ema_trend': False, 'ema_trend_fast': 95, 'ema_trend_slow': 346, 'en_sma_trend': False, 'sma_trend_fast': 7, 'sma_trend_slow': 134, 'en_macd': False, 'macd_fast': 97, 'macd_slow': 89, 'macd_signal': 24, 'en_vwap': False, 'en_keltner': False, 'keltner_n': 133, 'keltner_m': 3.7, 'en_obv': True, 'obv_slope': 160, 'en_cci': False, 'cci_n': 8, 'cci_threshold': 105, 'en_rsi': True, 'rsi_n': 35, 'rsi_lower': 7, 'rsi_upper': 75, 'en_stochastic': False, 'stochastic_n': 67, 'stochastic_d': 7, 'stochastic_lower': 34, 'stochastic_upper': 72, 'en_mfi': True, 'mfi_n': 41, 'mfi_lower': 24, 'mfi_upper': 88, 'en_bollinger': False, 'bollinger_n': 182, 'bollinger_k': 0.5, 'en_adx': False, 'adx_n': 74, 'adx_threshold': 12, 'en_structure_trend': True, 'structure_trend_swing_l': 14, 'en_order_block': False, 'order_block_swing_l': 7, 'en_fvg': False, 'fvg_lookback': 43, 'en_ifvg': True, 'en_breaker': False, 'breaker_swing_l': 17, 'en_cisd': False, 'k': 4, 'en_cap_bars': True, 'cap_1min': 3}.
[I 2026-07-13 17:23:11,781] Trial 967 finished with values: [6089.421938225441, -5461.6610085845605, 37.1] and parameters: {'sl_soft': 52.73671780921603, 'sl_hard_delta': 179.67079171643357, 'tp': 154.7619855916484, 'gate_pct': 97.52011350142476, 'dd_limit': 9508.627019250667, 'cooldown': 1, 'flip': False, 'en_ema_trend': False, 'ema_trend_fast': 269, 'ema_trend_slow': 346, 'en_sma_trend': False, 'sma_trend_fast': 7, 'sma_trend_slow': 134, 'en_macd': False, 'macd_fast': 70, 'macd_slow': 21, 'macd_signal': 24, 'en_vwap': False, 'en_keltner': True, 'keltner_n': 133, 'keltner_m': 3.7, 'en_obv': True, 'obv_slope': 89, 'en_cci': False, 'cci_n': 8, 'cci_threshold': 105, 'en_rsi': False, 'rsi_n': 46, 'rsi_lower': 29, 'rsi_upper': 90, 'en_stochastic': False, 'stochastic_n': 67, 'stochastic_d': 3, 'stochastic_lower': 28, 'stochastic_upper': 92, 'en_mfi': True, 'mfi_n': 41, 'mfi_lower': 15, 'mfi_upper': 88, 'en_bollinger': False, 'bollinger_n': 182, 'bollinger_k': 0.5, 'en_adx': False, 'adx_n': 71, 'adx_threshold': 31, 'en_structure_trend': True, 'structure_trend_swing_l': 9, 'en_order_block': False, 'order_block_swing_l': 7, 'en_fvg': False, 'fvg_lookback': 34, 'en_ifvg': False, 'en_breaker': False, 'breaker_swing_l': 20, 'en_cisd': False, 'k': 4, 'en_cap_bars': True, 'cap_1min': 689}.
[I 2026-07-13 17:23:13,316] Trial 968 finished with values: [1448.4174310759954, -1640.0, 51.1] and parameters: {'sl_soft': 39.85860894299552, 'sl_hard_delta': 20.447719171853418, 'tp': 154.7619855916484, 'gate_pct': 97.52011350142476, 'dd_limit': 4510.2047311050765, 'cooldown': 1, 'flip': True, 'en_ema_trend': False, 'ema_trend_fast': 269, 'ema_trend_slow': 291, 'en_sma_trend': True, 'sma_trend_fast': 7, 'sma_trend_slow': 134, 'en_macd': True, 'macd_fast': 70, 'macd_slow': 89, 'macd_signal': 87, 'en_vwap': True, 'en_keltner': False, 'keltner_n': 133, 'keltner_m': 3.7, 'en_obv': True, 'obv_slope': 38, 'en_cci': False, 'cci_n': 33, 'cci_threshold': 105, 'en_rsi': True, 'rsi_n': 23, 'rsi_lower': 7, 'rsi_upper': 75, 'en_stochastic': False, 'stochastic_n': 9, 'stochastic_d': 3, 'stochastic_lower': 28, 'stochastic_upper': 92, 'en_mfi': True, 'mfi_n': 41, 'mfi_lower': 17, 'mfi_upper': 58, 'en_bollinger': False, 'bollinger_n': 198, 'bollinger_k': 2.2, 'en_adx': False, 'adx_n': 47, 'adx_threshold': 12, 'en_structure_trend': False, 'structure_trend_swing_l': 19, 'en_order_block': False, 'order_block_swing_l': 11, 'en_fvg': False, 'fvg_lookback': 43, 'en_ifvg': True, 'en_breaker': False, 'breaker_swing_l': 19, 'en_cisd': False, 'k': 5, 'en_cap_bars': True, 'cap_1min': 3}.
[I 2026-07-13 17:23:13,717] Trial 969 finished with values: [165.0, -410.0, 48.8] and parameters: {'sl_soft': 29.867048730013586, 'sl_hard_delta': 20.447719171853418, 'tp': 154.7619855916484, 'gate_pct': 52.631811604471054, 'dd_limit': 5512.880951599205, 'cooldown': 0, 'flip': True, 'en_ema_trend': False, 'ema_trend_fast': 95, 'ema_trend_slow': 68, 'en_sma_trend': False, 'sma_trend_fast': 7, 'sma_trend_slow': 384, 'en_macd': True, 'macd_fast': 97, 'macd_slow': 89, 'macd_signal': 23, 'en_vwap': True, 'en_keltner': False, 'keltner_n': 133, 'keltner_m': 4.5, 'en_obv': True, 'obv_slope': 160, 'en_cci': True, 'cci_n': 8, 'cci_threshold': 30, 'en_rsi': True, 'rsi_n': 35, 'rsi_lower': 7, 'rsi_upper': 61, 'en_stochastic': False, 'stochastic_n': 46, 'stochastic_d': 7, 'stochastic_lower': 47, 'stochastic_upper': 72, 'en_mfi': True, 'mfi_n': 41, 'mfi_lower': 40, 'mfi_upper': 67, 'en_bollinger': False, 'bollinger_n': 195, 'bollinger_k': 2.2, 'en_adx': False, 'adx_n': 74, 'adx_threshold': 12, 'en_structure_trend': False, 'structure_trend_swing_l': 19, 'en_order_block': False, 'order_block_swing_l': 18, 'en_fvg': False, 'fvg_lookback': 42, 'en_ifvg': True, 'en_breaker': False, 'breaker_swing_l': 17, 'en_cisd': False, 'k': 3, 'en_cap_bars': True, 'cap_1min': 3}.
[I 2026-07-13 17:23:14,095] Trial 970 finished with values: [590.7651358573639, -5132.766554716072, 31.099999999999998] and parameters: {'sl_soft': 52.73671780921603, 'sl_hard_delta': 20.447719171853418, 'tp': 171.19659871726185, 'gate_pct': 52.631811604471054, 'dd_limit': 5512.880951599205, 'cooldown': 1, 'flip': True, 'en_ema_trend': False, 'ema_trend_fast': 95, 'ema_trend_slow': 68, 'en_sma_trend': False, 'sma_trend_fast': 7, 'sma_trend_slow': 134, 'en_macd': False, 'macd_fast': 70, 'macd_slow': 89, 'macd_signal': 73, 'en_vwap': True, 'en_keltner': True, 'keltner_n': 133, 'keltner_m': 3.7, 'en_obv': True, 'obv_slope': 160, 'en_cci': False, 'cci_n': 8, 'cci_threshold': 105, 'en_rsi': False, 'rsi_n': 35, 'rsi_lower': 7, 'rsi_upper': 75, 'en_stochastic': False, 'stochastic_n': 67, 'stochastic_d': 7, 'stochastic_lower': 28, 'stochastic_upper': 92, 'en_mfi': True, 'mfi_n': 41, 'mfi_lower': 40, 'mfi_upper': 82, 'en_bollinger': False, 'bollinger_n': 159, 'bollinger_k': 0.5, 'en_adx': False, 'adx_n': 74, 'adx_threshold': 31, 'en_structure_trend': True, 'structure_trend_swing_l': 14, 'en_order_block': False, 'order_block_swing_l': 11, 'en_fvg': False, 'fvg_lookback': 43, 'en_ifvg': False, 'en_breaker': False, 'breaker_swing_l': 17, 'en_cisd': False, 'k': 3, 'en_cap_bars': True, 'cap_1min': 689}.
[I 2026-07-13 17:23:14,417] Trial 971 finished with values: [7039.473380536583, -4431.190072041754, 38.599999999999994] and parameters: {'sl_soft': 52.73671780921603, 'sl_hard_delta': 179.67079171643357, 'tp': 154.7619855916484, 'gate_pct': 97.52011350142476, 'dd_limit': 9508.627019250667, 'cooldown': 1, 'flip': False, 'en_ema_trend': False, 'ema_trend_fast': 269, 'ema_trend_slow': 346, 'en_sma_trend': False, 'sma_trend_fast': 7, 'sma_trend_slow': 134, 'en_macd': False, 'macd_fast': 70, 'macd_slow': 21, 'macd_signal': 24, 'en_vwap': True, 'en_keltner': False, 'keltner_n': 133, 'keltner_m': 3.7, 'en_obv': True, 'obv_slope': 107, 'en_cci': False, 'cci_n': 8, 'cci_threshold': 105, 'en_rsi': False, 'rsi_n': 46, 'rsi_lower': 29, 'rsi_upper': 61, 'en_stochastic': False, 'stochastic_n': 67, 'stochastic_d': 3, 'stochastic_lower': 28, 'stochastic_upper': 92, 'en_mfi': True, 'mfi_n': 41, 'mfi_lower': 24, 'mfi_upper': 82, 'en_bollinger': False, 'bollinger_n': 182, 'bollinger_k': 0.5, 'en_adx': False, 'adx_n': 71, 'adx_threshold': 11, 'en_structure_trend': True, 'structure_trend_swing_l': 9, 'en_order_block': False, 'order_block_swing_l': 4, 'en_fvg': False, 'fvg_lookback': 34, 'en_ifvg': False, 'en_breaker': False, 'breaker_swing_l': 20, 'en_cisd': False, 'k': 5, 'en_cap_bars': True, 'cap_1min': 689}.
[I 2026-07-13 17:23:14,641] Trial 972 finished with values: [6561.80208230895, -3872.3801440835086, 37.65] and parameters: {'sl_soft': 52.73671780921603, 'sl_hard_delta': 179.67079171643357, 'tp': 154.7619855916484, 'gate_pct': 97.52011350142476, 'dd_limit': 9508.627019250667, 'cooldown': 1, 'flip': False, 'en_ema_trend': False, 'ema_trend_fast': 269, 'ema_trend_slow': 346, 'en_sma_trend': False, 'sma_trend_fast': 7, 'sma_trend_slow': 134, 'en_macd': False, 'macd_fast': 70, 'macd_slow': 21, 'macd_signal': 73, 'en_vwap': True, 'en_keltner': False, 'keltner_n': 86, 'keltner_m': 3.7, 'en_obv': True, 'obv_slope': 107, 'en_cci': False, 'cci_n': 88, 'cci_threshold': 105, 'en_rsi': False, 'rsi_n': 46, 'rsi_lower': 29, 'rsi_upper': 61, 'en_stochastic': False, 'stochastic_n': 67, 'stochastic_d': 3, 'stochastic_lower': 28, 'stochastic_upper': 92, 'en_mfi': True, 'mfi_n': 80, 'mfi_lower': 15, 'mfi_upper': 82, 'en_bollinger': False, 'bollinger_n': 182, 'bollinger_k': 0.5, 'en_adx': False, 'adx_n': 47, 'adx_threshold': 31, 'en_structure_trend': True, 'structure_trend_swing_l': 9, 'en_order_block': False, 'order_block_swing_l': 11, 'en_fvg': False, 'fvg_lookback': 34, 'en_ifvg': False, 'en_breaker': False, 'breaker_swing_l': 20, 'en_cisd': False, 'k': 5, 'en_cap_bars': True, 'cap_1min': 689}.
[I 2026-07-13 17:23:15,322] Trial 973 finished with values: [-72.5, -560.0, 43.75] and parameters: {'sl_soft': 29.867048730013586, 'sl_hard_delta': 179.67079171643357, 'tp': 73.82163538284092, 'gate_pct': 47.67526199665095, 'dd_limit': 7734.658936035632, 'cooldown': 5, 'flip': True, 'en_ema_trend': False, 'ema_trend_fast': 316, 'ema_trend_slow': 206, 'en_sma_trend': True, 'sma_trend_fast': 62, 'sma_trend_slow': 134, 'en_macd': False, 'macd_fast': 70, 'macd_slow': 89, 'macd_signal': 86, 'en_vwap': True, 'en_keltner': False, 'keltner_n': 133, 'keltner_m': 4.5, 'en_obv': True, 'obv_slope': 38, 'en_cci': False, 'cci_n': 33, 'cci_threshold': 30, 'en_rsi': True, 'rsi_n': 81, 'rsi_lower': 7, 'rsi_upper': 75, 'en_stochastic': False, 'stochastic_n': 80, 'stochastic_d': 34, 'stochastic_lower': 47, 'stochastic_upper': 72, 'en_mfi': True, 'mfi_n': 26, 'mfi_lower': 15, 'mfi_upper': 58, 'en_bollinger': False, 'bollinger_n': 182, 'bollinger_k': 2.2, 'en_adx': False, 'adx_n': 74, 'adx_threshold': 31, 'en_structure_trend': False, 'structure_trend_swing_l': 19, 'en_order_block': False, 'order_block_swing_l': 11, 'en_fvg': False, 'fvg_lookback': 43, 'en_ifvg': False, 'en_breaker': False, 'breaker_swing_l': 19, 'en_cisd': False, 'k': 5, 'en_cap_bars': True, 'cap_1min': 3}.
[I 2026-07-13 17:23:15,732] Trial 974 finished with values: [6781.973380536583, -4085.710648375789, 38.1] and parameters: {'sl_soft': 52.73671780921603, 'sl_hard_delta': 179.67079171643357, 'tp': 154.7619855916484, 'gate_pct': 95.72225423520031, 'dd_limit': 9508.627019250667, 'cooldown': 1, 'flip': False, 'en_ema_trend': False, 'ema_trend_fast': 269, 'ema_trend_slow': 346, 'en_sma_trend': False, 'sma_trend_fast': 7, 'sma_trend_slow': 134, 'en_macd': False, 'macd_fast': 70, 'macd_slow': 21, 'macd_signal': 73, 'en_vwap': False, 'en_keltner': True, 'keltner_n': 133, 'keltner_m': 3.7, 'en_obv': True, 'obv_slope': 107, 'en_cci': False, 'cci_n': 88, 'cci_threshold': 105, 'en_rsi': False, 'rsi_n': 46, 'rsi_lower': 29, 'rsi_upper': 90, 'en_stochastic': False, 'stochastic_n': 67, 'stochastic_d': 3, 'stochastic_lower': 28, 'stochastic_upper': 92, 'en_mfi': True, 'mfi_n': 41, 'mfi_lower': 15, 'mfi_upper': 82, 'en_bollinger': False, 'bollinger_n': 182, 'bollinger_k': 0.5, 'en_adx': False, 'adx_n': 71, 'adx_threshold': 11, 'en_structure_trend': True, 'structure_trend_swing_l': 9, 'en_order_block': False, 'order_block_swing_l': 11, 'en_fvg': False, 'fvg_lookback': 34, 'en_ifvg': False, 'en_breaker': False, 'breaker_swing_l': 20, 'en_cisd': False, 'k': 5, 'en_cap_bars': True, 'cap_1min': 689}.
[I 2026-07-13 17:23:17,558] Trial 975 finished with values: [-626.6138098349984, -2615.0, 47.0] and parameters: {'sl_soft': 52.73671780921603, 'sl_hard_delta': 179.67079171643357, 'tp': 154.7619855916484, 'gate_pct': 97.52011350142476, 'dd_limit': 7734.658936035632, 'cooldown': 5, 'flip': True, 'en_ema_trend': False, 'ema_trend_fast': 269, 'ema_trend_slow': 346, 'en_sma_trend': False, 'sma_trend_fast': 285, 'sma_trend_slow': 29, 'en_macd': True, 'macd_fast': 70, 'macd_slow': 12, 'macd_signal': 73, 'en_vwap': True, 'en_keltner': False, 'keltner_n': 133, 'keltner_m': 3.7, 'en_obv': True, 'obv_slope': 107, 'en_cci': True, 'cci_n': 33, 'cci_threshold': 25, 'en_rsi': False, 'rsi_n': 46, 'rsi_lower': 7, 'rsi_upper': 61, 'en_stochastic': False, 'stochastic_n': 9, 'stochastic_d': 3, 'stochastic_lower': 47, 'stochastic_upper': 92, 'en_mfi': True, 'mfi_n': 41, 'mfi_lower': 35, 'mfi_upper': 82, 'en_bollinger': False, 'bollinger_n': 198, 'bollinger_k': 2.2, 'en_adx': False, 'adx_n': 47, 'adx_threshold': 31, 'en_structure_trend': True, 'structure_trend_swing_l': 8, 'en_order_block': False, 'order_block_swing_l': 5, 'en_fvg': False, 'fvg_lookback': 42, 'en_ifvg': False, 'en_breaker': False, 'breaker_swing_l': 18, 'en_cisd': False, 'k': 5, 'en_cap_bars': True, 'cap_1min': 3}.
