[I 2026-07-13 17:25:10,402] Trial 1191 finished with values: [-4454.220935066751, -9139.648916421575, 31.85] and parameters: {'sl_soft': 52.73671780921603, 'sl_hard_delta': 179.67079171643357, 'tp': 154.7619855916484, 'gate_pct': 97.52011350142476, 'dd_limit': 7734.658936035632, 'cooldown': 1, 'flip': True, 'en_ema_trend': False, 'ema_trend_fast': 269, 'ema_trend_slow': 41, 'en_sma_trend': False, 'sma_trend_fast': 62, 'sma_trend_slow': 134, 'en_macd': False, 'macd_fast': 70, 'macd_slow': 21, 'macd_signal': 73, 'en_vwap': True, 'en_keltner': False, 'keltner_n': 133, 'keltner_m': 3.7, 'en_obv': True, 'obv_slope': 107, 'en_cci': True, 'cci_n': 88, 'cci_threshold': 175, 'en_rsi': True, 'rsi_n': 46, 'rsi_lower': 29, 'rsi_upper': 87, 'en_stochastic': False, 'stochastic_n': 67, 'stochastic_d': 3, 'stochastic_lower': 28, 'stochastic_upper': 92, 'en_mfi': True, 'mfi_n': 80, 'mfi_lower': 24, 'mfi_upper': 82, 'en_bollinger': False, 'bollinger_n': 195, 'bollinger_k': 0.5, 'en_adx': False, 'adx_n': 47, 'adx_threshold': 12, 'en_structure_trend': True, 'structure_trend_swing_l': 9, 'en_order_block': False, 'order_block_swing_l': 20, 'en_fvg': False, 'fvg_lookback': 24, 'en_ifvg': False, 'en_breaker': False, 'breaker_swing_l': 9, 'en_cisd': False, 'k': 5, 'en_cap_bars': True, 'cap_1min': 1002}.
[I 2026-07-13 17:25:10,678] Trial 1192 finished with values: [9804.368057210904, -7889.913799567403, 49.3] and parameters: {'sl_soft': 124.18833800939488, 'sl_hard_delta': 179.67079171643357, 'tp': 188.3390800288364, 'gate_pct': 97.52011350142476, 'dd_limit': 9508.627019250667, 'cooldown': 1, 'flip': False, 'en_ema_trend': False, 'ema_trend_fast': 269, 'ema_trend_slow': 346, 'en_sma_trend': False, 'sma_trend_fast': 7, 'sma_trend_slow': 134, 'en_macd': False, 'macd_fast': 70, 'macd_slow': 21, 'macd_signal': 24, 'en_vwap': False, 'en_keltner': True, 'keltner_n': 133, 'keltner_m': 3.7, 'en_obv': True, 'obv_slope': 107, 'en_cci': False, 'cci_n': 8, 'cci_threshold': 105, 'en_rsi': False, 'rsi_n': 46, 'rsi_lower': 29, 'rsi_upper': 90, 'en_stochastic': False, 'stochastic_n': 67, 'stochastic_d': 3, 'stochastic_lower': 28, 'stochastic_upper': 92, 'en_mfi': True, 'mfi_n': 41, 'mfi_lower': 24, 'mfi_upper': 88, 'en_bollinger': False, 'bollinger_n': 67, 'bollinger_k': 0.5, 'en_adx': False, 'adx_n': 71, 'adx_threshold': 11, 'en_structure_trend': True, 'structure_trend_swing_l': 9, 'en_order_block': False, 'order_block_swing_l': 7, 'en_fvg': False, 'fvg_lookback': 34, 'en_ifvg': False, 'en_breaker': True, 'breaker_swing_l': 20, 'en_cisd': False, 'k': 4, 'en_cap_bars': True, 'cap_1min': 689}.
[I 2026-07-13 17:25:12,148] Trial 1193 finished with values: [225.0, -525.0, 72.05000000000001] and parameters: {'sl_soft': 63.61708425572577, 'sl_hard_delta': 82.53013141322893, 'tp': 171.19659871726185, 'gate_pct': 74.50813821223942, 'dd_limit': 7734.658936035632, 'cooldown': 1, 'flip': True, 'en_ema_trend': False, 'ema_trend_fast': 109, 'ema_trend_slow': 291, 'en_sma_trend': True, 'sma_trend_fast': 62, 'sma_trend_slow': 384, 'en_macd': True, 'macd_fast': 12, 'macd_slow': 52, 'macd_signal': 86, 'en_vwap': True, 'en_keltner': False, 'keltner_n': 133, 'keltner_m': 1.4, 'en_obv': False, 'obv_slope': 103, 'en_cci': True, 'cci_n': 33, 'cci_threshold': 175, 'en_rsi': True, 'rsi_n': 29, 'rsi_lower': 43, 'rsi_upper': 61, 'en_stochastic': False, 'stochastic_n': 9, 'stochastic_d': 28, 'stochastic_lower': 17, 'stochastic_upper': 92, 'en_mfi': True, 'mfi_n': 41, 'mfi_lower': 35, 'mfi_upper': 65, 'en_bollinger': False, 'bollinger_n': 195, 'bollinger_k': 2.2, 'en_adx': False, 'adx_n': 71, 'adx_threshold': 12, 'en_structure_trend': True, 'structure_trend_swing_l': 12, 'en_order_block': False, 'order_block_swing_l': 20, 'en_fvg': True, 'fvg_lookback': 42, 'en_ifvg': True, 'en_breaker': False, 'breaker_swing_l': 9, 'en_cisd': False, 'k': 5, 'en_cap_bars': True, 'cap_1min': 3}.
[I 2026-07-13 17:25:14,714] Trial 1194 finished with values: [435.1403560556355, -4560.11179631736, 35.25] and parameters: {'sl_soft': 63.61708425572577, 'sl_hard_delta': 32.40527500774531, 'tp': 171.19659871726185, 'gate_pct': 52.631811604471054, 'dd_limit': 9508.627019250667, 'cooldown': 1, 'flip': True, 'en_ema_trend': False, 'ema_trend_fast': 269, 'ema_trend_slow': 346, 'en_sma_trend': True, 'sma_trend_fast': 285, 'sma_trend_slow': 29, 'en_macd': True, 'macd_fast': 33, 'macd_slow': 12, 'macd_signal': 24, 'en_vwap': True, 'en_keltner': True, 'keltner_n': 148, 'keltner_m': 5.0, 'en_obv': True, 'obv_slope': 52, 'en_cci': False, 'cci_n': 88, 'cci_threshold': 25, 'en_rsi': True, 'rsi_n': 29, 'rsi_lower': 29, 'rsi_upper': 75, 'en_stochastic': False, 'stochastic_n': 9, 'stochastic_d': 3, 'stochastic_lower': 47, 'stochastic_upper': 92, 'en_mfi': True, 'mfi_n': 41, 'mfi_lower': 35, 'mfi_upper': 82, 'en_bollinger': False, 'bollinger_n': 182, 'bollinger_k': 0.5, 'en_adx': False, 'adx_n': 47, 'adx_threshold': 12, 'en_structure_trend': False, 'structure_trend_swing_l': 10, 'en_order_block': False, 'order_block_swing_l': 5, 'en_fvg': False, 'fvg_lookback': 42, 'en_ifvg': True, 'en_breaker': False, 'breaker_swing_l': 20, 'en_cisd': False, 'k': 5, 'en_cap_bars': True, 'cap_1min': 689}.
[I 2026-07-13 17:25:14,813] Trial 1195 pruned. 
[I 2026-07-13 17:25:14,996] Trial 1196 finished with values: [402.99149679314723, -490.0, 49.150000000000006] and parameters: {'sl_soft': 29.867048730013586, 'sl_hard_delta': 82.53013141322893, 'tp': 171.19659871726185, 'gate_pct': 52.631811604471054, 'dd_limit': 5512.880951599205, 'cooldown': 5, 'flip': True, 'en_ema_trend': False, 'ema_trend_fast': 95, 'ema_trend_slow': 291, 'en_sma_trend': False, 'sma_trend_fast': 62, 'sma_trend_slow': 8, 'en_macd': True, 'macd_fast': 70, 'macd_slow': 89, 'macd_signal': 23, 'en_vwap': True, 'en_keltner': False, 'keltner_n': 133, 'keltner_m': 4.300000000000001, 'en_obv': True, 'obv_slope': 52, 'en_cci': True, 'cci_n': 33, 'cci_threshold': 175, 'en_rsi': True, 'rsi_n': 29, 'rsi_lower': 7, 'rsi_upper': 61, 'en_stochastic': False, 'stochastic_n': 46, 'stochastic_d': 7, 'stochastic_lower': 2, 'stochastic_upper': 92, 'en_mfi': False, 'mfi_n': 41, 'mfi_lower': 35, 'mfi_upper': 65, 'en_bollinger': False, 'bollinger_n': 195, 'bollinger_k': 2.2, 'en_adx': False, 'adx_n': 71, 'adx_threshold': 12, 'en_structure_trend': False, 'structure_trend_swing_l': 19, 'en_order_block': False, 'order_block_swing_l': 5, 'en_fvg': True, 'fvg_lookback': 24, 'en_ifvg': True, 'en_breaker': False, 'breaker_swing_l': 9, 'en_cisd': False, 'k': 4, 'en_cap_bars': True, 'cap_1min': 3}.
[I 2026-07-13 17:25:16,387] Trial 1197 finished with values: [1460.6850253422454, -3245.0, 38.1] and parameters: {'sl_soft': 54.70905453913434, 'sl_hard_delta': 82.53013141322893, 'tp': 171.19659871726185, 'gate_pct': 74.50813821223942, 'dd_limit': 7734.658936035632, 'cooldown': 1, 'flip': True, 'en_ema_trend': False, 'ema_trend_fast': 95, 'ema_trend_slow': 291, 'en_sma_trend': True, 'sma_trend_fast': 62, 'sma_trend_slow': 8, 'en_macd': True, 'macd_fast': 70, 'macd_slow': 161, 'macd_signal': 86, 'en_vwap': True, 'en_keltner': False, 'keltner_n': 133, 'keltner_m': 4.300000000000001, 'en_obv': False, 'obv_slope': 103, 'en_cci': False, 'cci_n': 182, 'cci_threshold': 175, 'en_rsi': True, 'rsi_n': 29, 'rsi_lower': 7, 'rsi_upper': 61, 'en_stochastic': False, 'stochastic_n': 4, 'stochastic_d': 34, 'stochastic_lower': 2, 'stochastic_upper': 92, 'en_mfi': True, 'mfi_n': 41, 'mfi_lower': 24, 'mfi_upper': 65, 'en_bollinger': False, 'bollinger_n': 195, 'bollinger_k': 2.2, 'en_adx': False, 'adx_n': 71, 'adx_threshold': 12, 'en_structure_trend': False, 'structure_trend_swing_l': 10, 'en_order_block': False, 'order_block_swing_l': 20, 'en_fvg': True, 'fvg_lookback': 24, 'en_ifvg': True, 'en_breaker': False, 'breaker_swing_l': 12, 'en_cisd': False, 'k': 4, 'en_cap_bars': True, 'cap_1min': 1002}.
[I 2026-07-13 17:25:18,127] Trial 1198 finished with values: [167.5, -200.0, 61.25] and parameters: {'sl_soft': 63.61708425572577, 'sl_hard_delta': 20.447719171853418, 'tp': 171.19659871726185, 'gate_pct': 52.631811604471054, 'dd_limit': 7734.658936035632, 'cooldown': 5, 'flip': True, 'en_ema_trend': False, 'ema_trend_fast': 109, 'ema_trend_slow': 346, 'en_sma_trend': True, 'sma_trend_fast': 285, 'sma_trend_slow': 384, 'en_macd': True, 'macd_fast': 70, 'macd_slow': 136, 'macd_signal': 23, 'en_vwap': True, 'en_keltner': False, 'keltner_n': 133, 'keltner_m': 4.0, 'en_obv': False, 'obv_slope': 38, 'en_cci': True, 'cci_n': 8, 'cci_threshold': 25, 'en_rsi': True, 'rsi_n': 29, 'rsi_lower': 7, 'rsi_upper': 75, 'en_stochastic': False, 'stochastic_n': 9, 'stochastic_d': 10, 'stochastic_lower': 34, 'stochastic_upper': 92, 'en_mfi': True, 'mfi_n': 41, 'mfi_lower': 40, 'mfi_upper': 58, 'en_bollinger': False, 'bollinger_n': 195, 'bollinger_k': 2.2, 'en_adx': False, 'adx_n': 47, 'adx_threshold': 12, 'en_structure_trend': False, 'structure_trend_swing_l': 10, 'en_order_block': False, 'order_block_swing_l': 18, 'en_fvg': True, 'fvg_lookback': 42, 'en_ifvg': True, 'en_breaker': False, 'breaker_swing_l': 19, 'en_cisd': False, 'k': 5, 'en_cap_bars': True, 'cap_1min': 3}.
[I 2026-07-13 17:25:18,432] Trial 1199 finished with values: [1766.7294251420208, -7999.546031799291, 35.7] and parameters: {'sl_soft': 52.73671780921603, 'sl_hard_delta': 179.67079171643357, 'tp': 154.7619855916484, 'gate_pct': 97.52011350142476, 'dd_limit': 9508.627019250667, 'cooldown': 1, 'flip': False, 'en_ema_trend': False, 'ema_trend_fast': 269, 'ema_trend_slow': 346, 'en_sma_trend': False, 'sma_trend_fast': 7, 'sma_trend_slow': 384, 'en_macd': True, 'macd_fast': 70, 'macd_slow': 21, 'macd_signal': 73, 'en_vwap': True, 'en_keltner': False, 'keltner_n': 133, 'keltner_m': 4.5, 'en_obv': True, 'obv_slope': 38, 'en_cci': True, 'cci_n': 8, 'cci_threshold': 30, 'en_rsi': False, 'rsi_n': 23, 'rsi_lower': 29, 'rsi_upper': 61, 'en_stochastic': False, 'stochastic_n': 67, 'stochastic_d': 32, 'stochastic_lower': 39, 'stochastic_upper': 92, 'en_mfi': True, 'mfi_n': 80, 'mfi_lower': 15, 'mfi_upper': 82, 'en_bollinger': False, 'bollinger_n': 182, 'bollinger_k': 2.2, 'en_adx': False, 'adx_n': 47, 'adx_threshold': 31, 'en_structure_trend': True, 'structure_trend_swing_l': 10, 'en_order_block': True, 'order_block_swing_l': 20, 'en_fvg': False, 'fvg_lookback': 15, 'en_ifvg': False, 'en_breaker': False, 'breaker_swing_l': 20, 'en_cisd': False, 'k': 5, 'en_cap_bars': True, 'cap_1min': 689}.
[I 2026-07-13 17:25:18,582] Trial 1200 pruned. 
[I 2026-07-13 17:25:19,055] Trial 1201 finished with values: [5226.378344515706, -3760.3680519205227, 37.150000000000006] and parameters: {'sl_soft': 52.73671780921603, 'sl_hard_delta': 179.67079171643357, 'tp': 154.7619855916484, 'gate_pct': 97.52011350142476, 'dd_limit': 9508.627019250667, 'cooldown': 1, 'flip': False, 'en_ema_trend': False, 'ema_trend_fast': 109, 'ema_trend_slow': 346, 'en_sma_trend': False, 'sma_trend_fast': 7, 'sma_trend_slow': 134, 'en_macd': False, 'macd_fast': 70, 'macd_slow': 21, 'macd_signal': 73, 'en_vwap': True, 'en_keltner': False, 'keltner_n': 133, 'keltner_m': 3.3000000000000003, 'en_obv': True, 'obv_slope': 107, 'en_cci': True, 'cci_n': 182, 'cci_threshold': 175, 'en_rsi': True, 'rsi_n': 46, 'rsi_lower': 29, 'rsi_upper': 61, 'en_stochastic': False, 'stochastic_n': 67, 'stochastic_d': 3, 'stochastic_lower': 28, 'stochastic_upper': 92, 'en_mfi': True, 'mfi_n': 41, 'mfi_lower': 15, 'mfi_upper': 65, 'en_bollinger': False, 'bollinger_n': 182, 'bollinger_k': 0.5, 'en_adx': False, 'adx_n': 47, 'adx_threshold': 31, 'en_structure_trend': True, 'structure_trend_swing_l': 9, 'en_order_block': False, 'order_block_swing_l': 20, 'en_fvg': False, 'fvg_lookback': 34, 'en_ifvg': False, 'en_breaker': False, 'breaker_swing_l': 9, 'en_cisd': False, 'k': 4, 'en_cap_bars': True, 'cap_1min': 1002}.
[I 2026-07-13 17:25:19,315] Trial 1202 finished with values: [-1631.770324504978, -4107.129892254452, 27.15] and parameters: {'sl_soft': 52.73671780921603, 'sl_hard_delta': 32.40527500774531, 'tp': 154.7619855916484, 'gate_pct': 52.631811604471054, 'dd_limit': 5512.880951599205, 'cooldown': 5, 'flip': True, 'en_ema_trend': False, 'ema_trend_fast': 269, 'ema_trend_slow': 346, 'en_sma_trend': False, 'sma_trend_fast': 62, 'sma_trend_slow': 134, 'en_macd': True, 'macd_fast': 70, 'macd_slow': 21, 'macd_signal': 24, 'en_vwap': True, 'en_keltner': True, 'keltner_n': 133, 'keltner_m': 3.7, 'en_obv': True, 'obv_slope': 52, 'en_cci': False, 'cci_n': 8, 'cci_threshold': 105, 'en_rsi': False, 'rsi_n': 46, 'rsi_lower': 29, 'rsi_upper': 75, 'en_stochastic': False, 'stochastic_n': 9, 'stochastic_d': 3, 'stochastic_lower': 47, 'stochastic_upper': 92, 'en_mfi': True, 'mfi_n': 41, 'mfi_lower': 15, 'mfi_upper': 88, 'en_bollinger': False, 'bollinger_n': 198, 'bollinger_k': 0.5, 'en_adx': False, 'adx_n': 71, 'adx_threshold': 12, 'en_structure_trend': True, 'structure_trend_swing_l': 10, 'en_order_block': False, 'order_block_swing_l': 7, 'en_fvg': True, 'fvg_lookback': 34, 'en_ifvg': False, 'en_breaker': False, 'breaker_swing_l': 20, 'en_cisd': False, 'k': 5, 'en_cap_bars': True, 'cap_1min': 689}.
[I 2026-07-13 17:25:19,580] Trial 1203 finished with values: [-361.7649685807919, -8089.102038482233, 31.15] and parameters: {'sl_soft': 52.73671780921603, 'sl_hard_delta': 82.53013141322893, 'tp': 171.19659871726185, 'gate_pct': 97.52011350142476, 'dd_limit': 7734.658936035632, 'cooldown': 1, 'flip': False, 'en_ema_trend': False, 'ema_trend_fast': 109, 'ema_trend_slow': 292, 'en_sma_trend': False, 'sma_trend_fast': 62, 'sma_trend_slow': 8, 'en_macd': False, 'macd_fast': 57, 'macd_slow': 12, 'macd_signal': 86, 'en_vwap': True, 'en_keltner': False, 'keltner_n': 133, 'keltner_m': 4.300000000000001, 'en_obv': False, 'obv_slope': 103, 'en_cci': True, 'cci_n': 88, 'cci_threshold': 105, 'en_rsi': False, 'rsi_n': 29, 'rsi_lower': 47, 'rsi_upper': 61, 'en_stochastic': False, 'stochastic_n': 67, 'stochastic_d': 34, 'stochastic_lower': 28, 'stochastic_upper': 92, 'en_mfi': True, 'mfi_n': 80, 'mfi_lower': 24, 'mfi_upper': 65, 'en_bollinger': False, 'bollinger_n': 195, 'bollinger_k': 2.2, 'en_adx': False, 'adx_n': 47, 'adx_threshold': 31, 'en_structure_trend': True, 'structure_trend_swing_l': 12, 'en_order_block': False, 'order_block_swing_l': 20, 'en_fvg': False, 'fvg_lookback': 24, 'en_ifvg': False, 'en_breaker': False, 'breaker_swing_l': 20, 'en_cisd': False, 'k': 5, 'en_cap_bars': True, 'cap_1min': 1002}.
[I 2026-07-13 17:25:19,897] Trial 1204 finished with values: [11335.253537576828, -6131.436080879685, 54.9] and parameters: {'sl_soft': 124.18833800939488, 'sl_hard_delta': 179.67079171643357, 'tp': 154.7619855916484, 'gate_pct': 97.52011350142476, 'dd_limit': 9508.627019250667, 'cooldown': 1, 'flip': False, 'en_ema_trend': False, 'ema_trend_fast': 269, 'ema_trend_slow': 346, 'en_sma_trend': False, 'sma_trend_fast': 7, 'sma_trend_slow': 134, 'en_macd': False, 'macd_fast': 70, 'macd_slow': 21, 'macd_signal': 24, 'en_vwap': True, 'en_keltner': True, 'keltner_n': 133, 'keltner_m': 3.7, 'en_obv': True, 'obv_slope': 129, 'en_cci': False, 'cci_n': 8, 'cci_threshold': 105, 'en_rsi': False, 'rsi_n': 46, 'rsi_lower': 29, 'rsi_upper': 90, 'en_stochastic': False, 'stochastic_n': 67, 'stochastic_d': 3, 'stochastic_lower': 12, 'stochastic_upper': 92, 'en_mfi': True, 'mfi_n': 41, 'mfi_lower': 24, 'mfi_upper': 88, 'en_bollinger': False, 'bollinger_n': 182, 'bollinger_k': 0.5, 'en_adx': False, 'adx_n': 71, 'adx_threshold': 11, 'en_structure_trend': True, 'structure_trend_swing_l': 9, 'en_order_block': False, 'order_block_swing_l': 11, 'en_fvg': False, 'fvg_lookback': 34, 'en_ifvg': False, 'en_breaker': False, 'breaker_swing_l': 20, 'en_cisd': False, 'k': 5, 'en_cap_bars': True, 'cap_1min': 689}.
[I 2026-07-13 17:25:20,184] Trial 1205 finished with values: [289.8724518972085, -4545.425872351043, 32.45] and parameters: {'sl_soft': 54.70905453913434, 'sl_hard_delta': 82.53013141322893, 'tp': 171.19659871726185, 'gate_pct': 97.52011350142476, 'dd_limit': 9508.627019250667, 'cooldown': 1, 'flip': False, 'en_ema_trend': False, 'ema_trend_fast': 109, 'ema_trend_slow': 346, 'en_sma_trend': False, 'sma_trend_fast': 7, 'sma_trend_slow': 134, 'en_macd': False, 'macd_fast': 70, 'macd_slow': 21, 'macd_signal': 86, 'en_vwap': False, 'en_keltner': False, 'keltner_n': 133, 'keltner_m': 4.300000000000001, 'en_obv': True, 'obv_slope': 107, 'en_cci': True, 'cci_n': 8, 'cci_threshold': 105, 'en_rsi': False, 'rsi_n': 29, 'rsi_lower': 39, 'rsi_upper': 61, 'en_stochastic': False, 'stochastic_n': 67, 'stochastic_d': 3, 'stochastic_lower': 2, 'stochastic_upper': 92, 'en_mfi': True, 'mfi_n': 41, 'mfi_lower': 24, 'mfi_upper': 65, 'en_bollinger': False, 'bollinger_n': 182, 'bollinger_k': 0.5, 'en_adx': False, 'adx_n': 71, 'adx_threshold': 11, 'en_structure_trend': True, 'structure_trend_swing_l': 9, 'en_order_block': False, 'order_block_swing_l': 7, 'en_fvg': False, 'fvg_lookback': 34, 'en_ifvg': False, 'en_breaker': False, 'breaker_swing_l': 9, 'en_cisd': False, 'k': 5, 'en_cap_bars': True, 'cap_1min': 689}.
[I 2026-07-13 17:25:20,351] Trial 1206 finished with values: [2511.923471138325, -1119.0170064137055, 51.1] and parameters: {'sl_soft': 54.70905453913434, 'sl_hard_delta': 82.53013141322893, 'tp': 171.19659871726185, 'gate_pct': 74.50813821223942, 'dd_limit': 7734.658936035632, 'cooldown': 1, 'flip': True, 'en_ema_trend': False, 'ema_trend_fast': 109, 'ema_trend_slow': 291, 'en_sma_trend': False, 'sma_trend_fast': 62, 'sma_trend_slow': 8, 'en_macd': True, 'macd_fast': 70, 'macd_slow': 12, 'macd_signal': 86, 'en_vwap': True, 'en_keltner': False, 'keltner_n': 133, 'keltner_m': 4.300000000000001, 'en_obv': False, 'obv_slope': 103, 'en_cci': True, 'cci_n': 182, 'cci_threshold': 175, 'en_rsi': True, 'rsi_n': 29, 'rsi_lower': 39, 'rsi_upper': 61, 'en_stochastic': False, 'stochastic_n': 4, 'stochastic_d': 34, 'stochastic_lower': 2, 'stochastic_upper': 92, 'en_mfi': True, 'mfi_n': 41, 'mfi_lower': 24, 'mfi_upper': 65, 'en_bollinger': False, 'bollinger_n': 195, 'bollinger_k': 2.2, 'en_adx': False, 'adx_n': 71, 'adx_threshold': 12, 'en_structure_trend': True, 'structure_trend_swing_l': 12, 'en_order_block': False, 'order_block_swing_l': 20, 'en_fvg': True, 'fvg_lookback': 24, 'en_ifvg': True, 'en_breaker': False, 'breaker_swing_l': 9, 'en_cisd': False, 'k': 4, 'en_cap_bars': True, 'cap_1min': 1002}.
[I 2026-07-13 17:25:20,560] Trial 1207 finished with values: [-879.3996253584373, -5512.386441088456, 47.650000000000006] and parameters: {'sl_soft': 124.18833800939488, 'sl_hard_delta': 179.67079171643357, 'tp': 154.7619855916484, 'gate_pct': 95.72225423520031, 'dd_limit': 9508.627019250667, 'cooldown': 1, 'flip': False, 'en_ema_trend': False, 'ema_trend_fast': 109, 'ema_trend_slow': 291, 'en_sma_trend': False, 'sma_trend_fast': 7, 'sma_trend_slow': 134, 'en_macd': False, 'macd_fast': 70, 'macd_slow': 12, 'macd_signal': 24, 'en_vwap': False, 'en_keltner': True, 'keltner_n': 133, 'keltner_m': 3.7, 'en_obv': False, 'obv_slope': 107, 'en_cci': False, 'cci_n': 8, 'cci_threshold': 175, 'en_rsi': True, 'rsi_n': 29, 'rsi_lower': 29, 'rsi_upper': 61, 'en_stochastic': False, 'stochastic_n': 4, 'stochastic_d': 34, 'stochastic_lower': 28, 'stochastic_upper': 92, 'en_mfi': True, 'mfi_n': 41, 'mfi_lower': 24, 'mfi_upper': 65, 'en_bollinger': False, 'bollinger_n': 182, 'bollinger_k': 2.2, 'en_adx': False, 'adx_n': 71, 'adx_threshold': 11, 'en_structure_trend': True, 'structure_trend_swing_l': 9, 'en_order_block': False, 'order_block_swing_l': 20, 'en_fvg': True, 'fvg_lookback': 34, 'en_ifvg': False, 'en_breaker': False, 'breaker_swing_l': 9, 'en_cisd': False, 'k': 4, 'en_cap_bars': True, 'cap_1min': 689}.
[I 2026-07-13 17:25:20,721] Trial 1208 finished with values: [2977.8639486903558, -2485.0, 54.9] and parameters: {'sl_soft': 124.18833800939488, 'sl_hard_delta': 179.67079171643357, 'tp': 171.19659871726185, 'gate_pct': 52.631811604471054, 'dd_limit': 5512.880951599205, 'cooldown': 1, 'flip': False, 'en_ema_trend': False, 'ema_trend_fast': 269, 'ema_trend_slow': 346, 'en_sma_trend': False, 'sma_trend_fast': 7, 'sma_trend_slow': 223, 'en_macd': False, 'macd_fast': 70, 'macd_slow': 89, 'macd_signal': 23, 'en_vwap': True, 'en_keltner': True, 'keltner_n': 133, 'keltner_m': 3.7, 'en_obv': True, 'obv_slope': 160, 'en_cci': False, 'cci_n': 8, 'cci_threshold': 25, 'en_rsi': True, 'rsi_n': 46, 'rsi_lower': 7, 'rsi_upper': 75, 'en_stochastic': False, 'stochastic_n': 46, 'stochastic_d': 7, 'stochastic_lower': 47, 'stochastic_upper': 92, 'en_mfi': True, 'mfi_n': 41, 'mfi_lower': 24, 'mfi_upper': 58, 'en_bollinger': False, 'bollinger_n': 195, 'bollinger_k': 0.5, 'en_adx': False, 'adx_n': 71, 'adx_threshold': 12, 'en_structure_trend': True, 'structure_trend_swing_l': 9, 'en_order_block': False, 'order_block_swing_l': 11, 'en_fvg': False, 'fvg_lookback': 34, 'en_ifvg': False, 'en_breaker': False, 'breaker_swing_l': 17, 'en_cisd': False, 'k': 5, 'en_cap_bars': True, 'cap_1min': 689}.
