[I 2026-07-13 17:08:34,005] Trial 228 finished with values: [1478.821131943696, -3949.351598245703, 53.55] and parameters: {'sl_soft': 114.36942414381834, 'sl_hard_delta': 147.34778509614617, 'tp': 131.53242008771213, 'gate_pct': 61.29515207255519, 'dd_limit': 6330.458522368667, 'cooldown': 6, 'flip': False, 'en_ema_trend': True, 'ema_trend_fast': 346, 'ema_trend_slow': 218, 'en_sma_trend': False, 'sma_trend_fast': 26, 'sma_trend_slow': 146, 'en_macd': True, 'macd_fast': 65, 'macd_slow': 154, 'macd_signal': 64, 'en_vwap': True, 'en_keltner': False, 'keltner_n': 200, 'keltner_m': 4.5, 'en_obv': True, 'obv_slope': 194, 'en_cci': False, 'cci_n': 125, 'cci_threshold': 85, 'en_rsi': False, 'rsi_n': 76, 'rsi_lower': 6, 'rsi_upper': 76, 'en_stochastic': False, 'stochastic_n': 66, 'stochastic_d': 12, 'stochastic_lower': 26, 'stochastic_upper': 86, 'en_mfi': True, 'mfi_n': 99, 'mfi_lower': 28, 'mfi_upper': 79, 'en_bollinger': True, 'bollinger_n': 14, 'bollinger_k': 2.1, 'en_adx': True, 'adx_n': 11, 'adx_threshold': 8, 'en_structure_trend': True, 'structure_trend_swing_l': 1, 'en_order_block': True, 'order_block_swing_l': 15, 'en_fvg': False, 'fvg_lookback': 1, 'en_ifvg': True, 'en_breaker': False, 'breaker_swing_l': 5, 'en_cisd': False, 'k': 4, 'en_cap_bars': False, 'cap_1min': 736}.
[I 2026-07-13 17:08:39,233] Trial 229 finished with values: [920.8389914154395, -4232.516614208143, 24.75] and parameters: {'sl_soft': 27.95023192363075, 'sl_hard_delta': 179.8254006804851, 'tp': 154.7619855916484, 'gate_pct': 98.24909449748954, 'dd_limit': 6175.326117859909, 'cooldown': 3, 'flip': False, 'en_ema_trend': True, 'ema_trend_fast': 174, 'ema_trend_slow': 346, 'en_sma_trend': False, 'sma_trend_fast': 109, 'sma_trend_slow': 258, 'en_macd': True, 'macd_fast': 44, 'macd_slow': 172, 'macd_signal': 62, 'en_vwap': True, 'en_keltner': True, 'keltner_n': 133, 'keltner_m': 1.7000000000000002, 'en_obv': True, 'obv_slope': 160, 'en_cci': False, 'cci_n': 188, 'cci_threshold': 115, 'en_rsi': True, 'rsi_n': 23, 'rsi_lower': 8, 'rsi_upper': 75, 'en_stochastic': False, 'stochastic_n': 27, 'stochastic_d': 50, 'stochastic_lower': 12, 'stochastic_upper': 60, 'en_mfi': False, 'mfi_n': 90, 'mfi_lower': 17, 'mfi_upper': 85, 'en_bollinger': True, 'bollinger_n': 182, 'bollinger_k': 2.2, 'en_adx': False, 'adx_n': 20, 'adx_threshold': 30, 'en_structure_trend': True, 'structure_trend_swing_l': 14, 'en_order_block': False, 'order_block_swing_l': 19, 'en_fvg': False, 'fvg_lookback': 42, 'en_ifvg': True, 'en_breaker': True, 'breaker_swing_l': 20, 'en_cisd': False, 'k': 5, 'en_cap_bars': True, 'cap_1min': 929}.
[I 2026-07-13 17:08:41,962] Trial 230 finished with values: [1110.3356328955851, -2552.7777012284423, 23.9] and parameters: {'sl_soft': 39.85860894299552, 'sl_hard_delta': 19.69693130269378, 'tp': 219.87630219563147, 'gate_pct': 39.73278315547078, 'dd_limit': 7287.8670146700415, 'cooldown': 2, 'flip': True, 'en_ema_trend': True, 'ema_trend_fast': 112, 'ema_trend_slow': 250, 'en_sma_trend': True, 'sma_trend_fast': 285, 'sma_trend_slow': 304, 'en_macd': False, 'macd_fast': 55, 'macd_slow': 108, 'macd_signal': 1, 'en_vwap': False, 'en_keltner': True, 'keltner_n': 73, 'keltner_m': 4.6000000000000005, 'en_obv': False, 'obv_slope': 143, 'en_cci': True, 'cci_n': 42, 'cci_threshold': 55, 'en_rsi': True, 'rsi_n': 72, 'rsi_lower': 38, 'rsi_upper': 87, 'en_stochastic': False, 'stochastic_n': 67, 'stochastic_d': 6, 'stochastic_lower': 2, 'stochastic_upper': 52, 'en_mfi': True, 'mfi_n': 55, 'mfi_lower': 28, 'mfi_upper': 76, 'en_bollinger': True, 'bollinger_n': 118, 'bollinger_k': 4.9, 'en_adx': False, 'adx_n': 81, 'adx_threshold': 51, 'en_structure_trend': False, 'structure_trend_swing_l': 18, 'en_order_block': False, 'order_block_swing_l': 3, 'en_fvg': True, 'fvg_lookback': 3, 'en_ifvg': True, 'en_breaker': False, 'breaker_swing_l': 17, 'en_cisd': False, 'k': 4, 'en_cap_bars': True, 'cap_1min': 1381}.
[I 2026-07-13 17:08:44,819] Trial 231 finished with values: [5904.511730541453, -7778.7448935871, 47.55] and parameters: {'sl_soft': 109.27381180329064, 'sl_hard_delta': 122.98037569666089, 'tp': 219.87630219563147, 'gate_pct': 62.36722070556089, 'dd_limit': 6391.37714091985, 'cooldown': 2, 'flip': True, 'en_ema_trend': False, 'ema_trend_fast': 188, 'ema_trend_slow': 250, 'en_sma_trend': True, 'sma_trend_fast': 181, 'sma_trend_slow': 275, 'en_macd': False, 'macd_fast': 81, 'macd_slow': 59, 'macd_signal': 1, 'en_vwap': False, 'en_keltner': True, 'keltner_n': 200, 'keltner_m': 2.2, 'en_obv': False, 'obv_slope': 89, 'en_cci': True, 'cci_n': 93, 'cci_threshold': 165, 'en_rsi': False, 'rsi_n': 21, 'rsi_lower': 38, 'rsi_upper': 87, 'en_stochastic': False, 'stochastic_n': 85, 'stochastic_d': 1, 'stochastic_lower': 4, 'stochastic_upper': 52, 'en_mfi': False, 'mfi_n': 55, 'mfi_lower': 28, 'mfi_upper': 92, 'en_bollinger': True, 'bollinger_n': 137, 'bollinger_k': 4.9, 'en_adx': False, 'adx_n': 81, 'adx_threshold': 50, 'en_structure_trend': False, 'structure_trend_swing_l': 5, 'en_order_block': False, 'order_block_swing_l': 10, 'en_fvg': False, 'fvg_lookback': 31, 'en_ifvg': False, 'en_breaker': True, 'breaker_swing_l': 7, 'en_cisd': True, 'k': 1, 'en_cap_bars': True, 'cap_1min': 1249}.
[I 2026-07-13 17:08:45,236] Trial 232 finished with values: [-289.51511455390573, -2482.3672549858748, 71.3] and parameters: {'sl_soft': 97.28795764227644, 'sl_hard_delta': 82.53013141322893, 'tp': 35.08775816713958, 'gate_pct': 56.97875941928271, 'dd_limit': 4445.029136462555, 'cooldown': 2, 'flip': True, 'en_ema_trend': True, 'ema_trend_fast': 81, 'ema_trend_slow': 87, 'en_sma_trend': True, 'sma_trend_fast': 329, 'sma_trend_slow': 8, 'en_macd': True, 'macd_fast': 35, 'macd_slow': 129, 'macd_signal': 17, 'en_vwap': True, 'en_keltner': False, 'keltner_n': 46, 'keltner_m': 4.8, 'en_obv': False, 'obv_slope': 103, 'en_cci': True, 'cci_n': 200, 'cci_threshold': 135, 'en_rsi': True, 'rsi_n': 17, 'rsi_lower': 7, 'rsi_upper': 69, 'en_stochastic': False, 'stochastic_n': 4, 'stochastic_d': 36, 'stochastic_lower': 47, 'stochastic_upper': 89, 'en_mfi': True, 'mfi_n': 33, 'mfi_lower': 24, 'mfi_upper': 67, 'en_bollinger': False, 'bollinger_n': 45, 'bollinger_k': 0.9, 'en_adx': False, 'adx_n': 70, 'adx_threshold': 12, 'en_structure_trend': True, 'structure_trend_swing_l': 12, 'en_order_block': False, 'order_block_swing_l': 17, 'en_fvg': True, 'fvg_lookback': 29, 'en_ifvg': False, 'en_breaker': True, 'breaker_swing_l': 9, 'en_cisd': False, 'k': 5, 'en_cap_bars': True, 'cap_1min': 335}.
[I 2026-07-13 17:08:52,515] Trial 233 finished with values: [31.44558146377676, -3109.3474084701666, 44.5] and parameters: {'sl_soft': 115.86999418540832, 'sl_hard_delta': 1.9393432066115925, 'tp': 146.39794002505087, 'gate_pct': 90.0783114706916, 'dd_limit': 7425.406804429448, 'cooldown': 3, 'flip': False, 'en_ema_trend': True, 'ema_trend_fast': 324, 'ema_trend_slow': 38, 'en_sma_trend': True, 'sma_trend_fast': 95, 'sma_trend_slow': 171, 'en_macd': False, 'macd_fast': 47, 'macd_slow': 47, 'macd_signal': 59, 'en_vwap': False, 'en_keltner': False, 'keltner_n': 77, 'keltner_m': 1.6, 'en_obv': True, 'obv_slope': 110, 'en_cci': True, 'cci_n': 110, 'cci_threshold': 195, 'en_rsi': True, 'rsi_n': 63, 'rsi_lower': 41, 'rsi_upper': 82, 'en_stochastic': True, 'stochastic_n': 89, 'stochastic_d': 3, 'stochastic_lower': 13, 'stochastic_upper': 77, 'en_mfi': False, 'mfi_n': 67, 'mfi_lower': 7, 'mfi_upper': 90, 'en_bollinger': False, 'bollinger_n': 83, 'bollinger_k': 3.8000000000000003, 'en_adx': False, 'adx_n': 17, 'adx_threshold': 6, 'en_structure_trend': True, 'structure_trend_swing_l': 11, 'en_order_block': True, 'order_block_swing_l': 3, 'en_fvg': True, 'fvg_lookback': 50, 'en_ifvg': False, 'en_breaker': False, 'breaker_swing_l': 17, 'en_cisd': False, 'k': 3, 'en_cap_bars': True, 'cap_1min': 914}.
[I 2026-07-13 17:08:54,795] Trial 234 finished with values: [1615.4198048042235, -2610.0, 26.05] and parameters: {'sl_soft': 37.56938910706771, 'sl_hard_delta': 165.05986191494267, 'tp': 216.7262801372667, 'gate_pct': 54.8778799805964, 'dd_limit': 2548.3308531557964, 'cooldown': 4, 'flip': True, 'en_ema_trend': True, 'ema_trend_fast': 196, 'ema_trend_slow': 196, 'en_sma_trend': False, 'sma_trend_fast': 128, 'sma_trend_slow': 396, 'en_macd': False, 'macd_fast': 56, 'macd_slow': 150, 'macd_signal': 92, 'en_vwap': False, 'en_keltner': True, 'keltner_n': 43, 'keltner_m': 3.9000000000000004, 'en_obv': True, 'obv_slope': 108, 'en_cci': True, 'cci_n': 27, 'cci_threshold': 40, 'en_rsi': False, 'rsi_n': 10, 'rsi_lower': 38, 'rsi_upper': 95, 'en_stochastic': False, 'stochastic_n': 97, 'stochastic_d': 31, 'stochastic_lower': 47, 'stochastic_upper': 97, 'en_mfi': True, 'mfi_n': 65, 'mfi_lower': 13, 'mfi_upper': 74, 'en_bollinger': False, 'bollinger_n': 115, 'bollinger_k': 4.7, 'en_adx': False, 'adx_n': 19, 'adx_threshold': 12, 'en_structure_trend': False, 'structure_trend_swing_l': 5, 'en_order_block': True, 'order_block_swing_l': 6, 'en_fvg': True, 'fvg_lookback': 7, 'en_ifvg': False, 'en_breaker': True, 'breaker_swing_l': 18, 'en_cisd': True, 'k': 3, 'en_cap_bars': False, 'cap_1min': 412}.
[I 2026-07-13 17:08:55,057] Trial 235 finished with values: [1665.4198048042235, -2631.3685993136824, 25.35] and parameters: {'sl_soft': 37.56938910706771, 'sl_hard_delta': 165.05986191494267, 'tp': 216.7262801372667, 'gate_pct': 54.8778799805964, 'dd_limit': 2548.3308531557964, 'cooldown': 4, 'flip': True, 'en_ema_trend': True, 'ema_trend_fast': 196, 'ema_trend_slow': 17, 'en_sma_trend': False, 'sma_trend_fast': 92, 'sma_trend_slow': 218, 'en_macd': True, 'macd_fast': 25, 'macd_slow': 180, 'macd_signal': 92, 'en_vwap': False, 'en_keltner': False, 'keltner_n': 116, 'keltner_m': 3.1, 'en_obv': True, 'obv_slope': 108, 'en_cci': True, 'cci_n': 27, 'cci_threshold': 40, 'en_rsi': False, 'rsi_n': 10, 'rsi_lower': 28, 'rsi_upper': 76, 'en_stochastic': False, 'stochastic_n': 97, 'stochastic_d': 47, 'stochastic_lower': 48, 'stochastic_upper': 77, 'en_mfi': True, 'mfi_n': 96, 'mfi_lower': 13, 'mfi_upper': 64, 'en_bollinger': False, 'bollinger_n': 115, 'bollinger_k': 2.5, 'en_adx': False, 'adx_n': 18, 'adx_threshold': 32, 'en_structure_trend': False, 'structure_trend_swing_l': 5, 'en_order_block': True, 'order_block_swing_l': 6, 'en_fvg': False, 'fvg_lookback': 44, 'en_ifvg': False, 'en_breaker': True, 'breaker_swing_l': 9, 'en_cisd': True, 'k': 2, 'en_cap_bars': False, 'cap_1min': 846}.
[I 2026-07-13 17:09:01,169] Trial 236 finished with values: [-238.34414445966104, -2782.7481305488254, 33.95] and parameters: {'sl_soft': 38.80597262553079, 'sl_hard_delta': 93.74365348423673, 'tp': 100.76623422161482, 'gate_pct': 96.7516051221724, 'dd_limit': 7394.721751419064, 'cooldown': 1, 'flip': False, 'en_ema_trend': False, 'ema_trend_fast': 174, 'ema_trend_slow': 144, 'en_sma_trend': True, 'sma_trend_fast': 268, 'sma_trend_slow': 29, 'en_macd': False, 'macd_fast': 50, 'macd_slow': 167, 'macd_signal': 24, 'en_vwap': True, 'en_keltner': False, 'keltner_n': 46, 'keltner_m': 0.9, 'en_obv': True, 'obv_slope': 177, 'en_cci': True, 'cci_n': 128, 'cci_threshold': 45, 'en_rsi': False, 'rsi_n': 6, 'rsi_lower': 8, 'rsi_upper': 55, 'en_stochastic': False, 'stochastic_n': 86, 'stochastic_d': 14, 'stochastic_lower': 12, 'stochastic_upper': 71, 'en_mfi': True, 'mfi_n': 45, 'mfi_lower': 31, 'mfi_upper': 60, 'en_bollinger': False, 'bollinger_n': 127, 'bollinger_k': 2.7, 'en_adx': True, 'adx_n': 35, 'adx_threshold': 20, 'en_structure_trend': True, 'structure_trend_swing_l': 4, 'en_order_block': False, 'order_block_swing_l': 12, 'en_fvg': False, 'fvg_lookback': 31, 'en_ifvg': True, 'en_breaker': True, 'breaker_swing_l': 15, 'en_cisd': False, 'k': 4, 'en_cap_bars': False, 'cap_1min': 85}.
[I 2026-07-13 17:09:07,628] Trial 237 finished with values: [-3059.6654794332426, -6083.358393971248, 33.35] and parameters: {'sl_soft': 78.02724348493892, 'sl_hard_delta': 33.734484507355724, 'tp': 162.12507772497156, 'gate_pct': 94.5832156131506, 'dd_limit': 8833.503555862811, 'cooldown': 1, 'flip': True, 'en_ema_trend': True, 'ema_trend_fast': 393, 'ema_trend_slow': 187, 'en_sma_trend': False, 'sma_trend_fast': 178, 'sma_trend_slow': 376, 'en_macd': False, 'macd_fast': 57, 'macd_slow': 64, 'macd_signal': 54, 'en_vwap': True, 'en_keltner': True, 'keltner_n': 163, 'keltner_m': 3.3000000000000003, 'en_obv': False, 'obv_slope': 82, 'en_cci': False, 'cci_n': 2, 'cci_threshold': 190, 'en_rsi': True, 'rsi_n': 25, 'rsi_lower': 19, 'rsi_upper': 58, 'en_stochastic': True, 'stochastic_n': 71, 'stochastic_d': 34, 'stochastic_lower': 20, 'stochastic_upper': 72, 'en_mfi': False, 'mfi_n': 7, 'mfi_lower': 2, 'mfi_upper': 95, 'en_bollinger': True, 'bollinger_n': 62, 'bollinger_k': 2.8000000000000003, 'en_adx': True, 'adx_n': 2, 'adx_threshold': 8, 'en_structure_trend': True, 'structure_trend_swing_l': 14, 'en_order_block': False, 'order_block_swing_l': 18, 'en_fvg': False, 'fvg_lookback': 34, 'en_ifvg': False, 'en_breaker': False, 'breaker_swing_l': 3, 'en_cisd': True, 'k': 3, 'en_cap_bars': True, 'cap_1min': 456}.
[I 2026-07-13 17:09:09,246] Trial 238 pruned. 
[I 2026-07-13 17:09:09,665] Trial 239 finished with values: [-957.8486594665083, -5646.012285857942, 68.6] and parameters: {'sl_soft': 106.72350173506459, 'sl_hard_delta': 106.66171381852224, 'tp': 47.83043766119277, 'gate_pct': 80.70603145468111, 'dd_limit': 1960.8345257721103, 'cooldown': 1, 'flip': False, 'en_ema_trend': True, 'ema_trend_fast': 375, 'ema_trend_slow': 53, 'en_sma_trend': False, 'sma_trend_fast': 357, 'sma_trend_slow': 56, 'en_macd': True, 'macd_fast': 57, 'macd_slow': 58, 'macd_signal': 34, 'en_vwap': True, 'en_keltner': False, 'keltner_n': 68, 'keltner_m': 1.2000000000000002, 'en_obv': True, 'obv_slope': 120, 'en_cci': True, 'cci_n': 40, 'cci_threshold': 85, 'en_rsi': False, 'rsi_n': 34, 'rsi_lower': 36, 'rsi_upper': 64, 'en_stochastic': False, 'stochastic_n': 93, 'stochastic_d': 6, 'stochastic_lower': 32, 'stochastic_upper': 73, 'en_mfi': False, 'mfi_n': 67, 'mfi_lower': 17, 'mfi_upper': 51, 'en_bollinger': False, 'bollinger_n': 40, 'bollinger_k': 4.2, 'en_adx': False, 'adx_n': 28, 'adx_threshold': 7, 'en_structure_trend': False, 'structure_trend_swing_l': 1, 'en_order_block': False, 'order_block_swing_l': 8, 'en_fvg': True, 'fvg_lookback': 13, 'en_ifvg': False, 'en_breaker': False, 'breaker_swing_l': 14, 'en_cisd': True, 'k': 2, 'en_cap_bars': True, 'cap_1min': 803}.
[I 2026-07-13 17:09:10,317] Trial 240 pruned. 
[I 2026-07-13 17:09:14,741] Trial 241 finished with values: [456.50110183520155, -3767.5893509649177, 36.75] and parameters: {'sl_soft': 47.93740229587428, 'sl_hard_delta': 68.58046789710949, 'tp': 115.47785079794923, 'gate_pct': 84.68288014900352, 'dd_limit': 2701.521253582511, 'cooldown': 2, 'flip': True, 'en_ema_trend': False, 'ema_trend_fast': 29, 'ema_trend_slow': 274, 'en_sma_trend': False, 'sma_trend_fast': 128, 'sma_trend_slow': 396, 'en_macd': True, 'macd_fast': 16, 'macd_slow': 150, 'macd_signal': 30, 'en_vwap': False, 'en_keltner': True, 'keltner_n': 43, 'keltner_m': 3.7, 'en_obv': True, 'obv_slope': 19, 'en_cci': True, 'cci_n': 143, 'cci_threshold': 280, 'en_rsi': True, 'rsi_n': 94, 'rsi_lower': 38, 'rsi_upper': 95, 'en_stochastic': False, 'stochastic_n': 25, 'stochastic_d': 15, 'stochastic_lower': 47, 'stochastic_upper': 73, 'en_mfi': False, 'mfi_n': 65, 'mfi_lower': 8, 'mfi_upper': 78, 'en_bollinger': True, 'bollinger_n': 97, 'bollinger_k': 4.1, 'en_adx': False, 'adx_n': 79, 'adx_threshold': 12, 'en_structure_trend': True, 'structure_trend_swing_l': 17, 'en_order_block': False, 'order_block_swing_l': 4, 'en_fvg': True, 'fvg_lookback': 7, 'en_ifvg': False, 'en_breaker': False, 'breaker_swing_l': 2, 'en_cisd': True, 'k': 1, 'en_cap_bars': False, 'cap_1min': 971}.
[I 2026-07-13 17:09:16,637] Trial 242 finished with values: [2793.8546457446137, -5430.351190913752, 34.400000000000006] and parameters: {'sl_soft': 51.45021242870511, 'sl_hard_delta': 101.12273842959087, 'tp': 183.92976181724646, 'gate_pct': 98.24909449748954, 'dd_limit': 7586.3552764031565, 'cooldown': 3, 'flip': False, 'en_ema_trend': False, 'ema_trend_fast': 14, 'ema_trend_slow': 305, 'en_sma_trend': False, 'sma_trend_fast': 44, 'sma_trend_slow': 277, 'en_macd': False, 'macd_fast': 67, 'macd_slow': 172, 'macd_signal': 87, 'en_vwap': True, 'en_keltner': False, 'keltner_n': 145, 'keltner_m': 4.5, 'en_obv': True, 'obv_slope': 47, 'en_cci': True, 'cci_n': 188, 'cci_threshold': 50, 'en_rsi': True, 'rsi_n': 50, 'rsi_lower': 8, 'rsi_upper': 86, 'en_stochastic': False, 'stochastic_n': 80, 'stochastic_d': 27, 'stochastic_lower': 49, 'stochastic_upper': 72, 'en_mfi': False, 'mfi_n': 7, 'mfi_lower': 21, 'mfi_upper': 85, 'en_bollinger': False, 'bollinger_n': 35, 'bollinger_k': 1.7000000000000002, 'en_adx': False, 'adx_n': 61, 'adx_threshold': 52, 'en_structure_trend': True, 'structure_trend_swing_l': 4, 'en_order_block': False, 'order_block_swing_l': 10, 'en_fvg': False, 'fvg_lookback': 31, 'en_ifvg': True, 'en_breaker': True, 'breaker_swing_l': 2, 'en_cisd': False, 'k': 5, 'en_cap_bars': False, 'cap_1min': 929}.
[I 2026-07-13 17:09:18,246] Trial 243 finished with values: [603.9529367568866, -6287.7417254908505, 45.650000000000006] and parameters: {'sl_soft': 107.65927377307194, 'sl_hard_delta': 93.74365348423673, 'tp': 169.72582745091177, 'gate_pct': 96.7516051221724, 'dd_limit': 8994.231768656287, 'cooldown': 1, 'flip': True, 'en_ema_trend': False, 'ema_trend_fast': 282, 'ema_trend_slow': 333, 'en_sma_trend': True, 'sma_trend_fast': 59, 'sma_trend_slow': 29, 'en_macd': True, 'macd_fast': 50, 'macd_slow': 175, 'macd_signal': 100, 'en_vwap': False, 'en_keltner': False, 'keltner_n': 46, 'keltner_m': 0.9, 'en_obv': True, 'obv_slope': 150, 'en_cci': True, 'cci_n': 123, 'cci_threshold': 45, 'en_rsi': False, 'rsi_n': 76, 'rsi_lower': 16, 'rsi_upper': 55, 'en_stochastic': False, 'stochastic_n': 93, 'stochastic_d': 14, 'stochastic_lower': 12, 'stochastic_upper': 72, 'en_mfi': True, 'mfi_n': 86, 'mfi_lower': 34, 'mfi_upper': 98, 'en_bollinger': True, 'bollinger_n': 133, 'bollinger_k': 2.7, 'en_adx': False, 'adx_n': 35, 'adx_threshold': 20, 'en_structure_trend': False, 'structure_trend_swing_l': 18, 'en_order_block': True, 'order_block_swing_l': 12, 'en_fvg': True, 'fvg_lookback': 38, 'en_ifvg': True, 'en_breaker': True, 'breaker_swing_l': 4, 'en_cisd': False, 'k': 4, 'en_cap_bars': True, 'cap_1min': 85}.
[I 2026-07-13 17:09:18,749] Trial 244 pruned. 
[I 2026-07-13 17:09:20,284] Trial 245 finished with values: [-2025.9959300960509, -5878.570167171238, 42.3] and parameters: {'sl_soft': 126.8598137128956, 'sl_hard_delta': 137.51735200051655, 'tp': 222.8315661395805, 'gate_pct': 80.24193898753819, 'dd_limit': 8361.763451759158, 'cooldown': 0, 'flip': False, 'en_ema_trend': True, 'ema_trend_fast': 13, 'ema_trend_slow': 236, 'en_sma_trend': False, 'sma_trend_fast': 337, 'sma_trend_slow': 109, 'en_macd': False, 'macd_fast': 33, 'macd_slow': 105, 'macd_signal': 22, 'en_vwap': True, 'en_keltner': True, 'keltner_n': 190, 'keltner_m': 4.7, 'en_obv': False, 'obv_slope': 50, 'en_cci': False, 'cci_n': 32, 'cci_threshold': 65, 'en_rsi': True, 'rsi_n': 5, 'rsi_lower': 11, 'rsi_upper': 69, 'en_stochastic': False, 'stochastic_n': 84, 'stochastic_d': 47, 'stochastic_lower': 2, 'stochastic_upper': 91, 'en_mfi': True, 'mfi_n': 2, 'mfi_lower': 13, 'mfi_upper': 61, 'en_bollinger': False, 'bollinger_n': 161, 'bollinger_k': 1.0, 'en_adx': False, 'adx_n': 48, 'adx_threshold': 55, 'en_structure_trend': False, 'structure_trend_swing_l': 20, 'en_order_block': False, 'order_block_swing_l': 9, 'en_fvg': False, 'fvg_lookback': 28, 'en_ifvg': False, 'en_breaker': True, 'breaker_swing_l': 3, 'en_cisd': True, 'k': 2, 'en_cap_bars': True, 'cap_1min': 1416}.
[I 2026-07-13 17:09:25,234] Trial 246 pruned. 
[I 2026-07-13 17:09:26,238] Trial 247 pruned. 
[I 2026-07-13 17:09:30,335] Trial 248 finished with values: [309.2994303222076, -1372.0729344282881, 37.85] and parameters: {'sl_soft': 52.73671780921603, 'sl_hard_delta': 123.17039644644353, 'tp': 114.7927065571698, 'gate_pct': 49.958417067888604, 'dd_limit': 928.2439984695909, 'cooldown': 3, 'flip': True, 'en_ema_trend': True, 'ema_trend_fast': 208, 'ema_trend_slow': 42, 'en_sma_trend': False, 'sma_trend_fast': 266, 'sma_trend_slow': 143, 'en_macd': True, 'macd_fast': 93, 'macd_slow': 151, 'macd_signal': 1, 'en_vwap': True, 'en_keltner': False, 'keltner_n': 175, 'keltner_m': 4.300000000000001, 'en_obv': True, 'obv_slope': 191, 'en_cci': False, 'cci_n': 94, 'cci_threshold': 205, 'en_rsi': True, 'rsi_n': 67, 'rsi_lower': 7, 'rsi_upper': 88, 'en_stochastic': False, 'stochastic_n': 22, 'stochastic_d': 32, 'stochastic_lower': 17, 'stochastic_upper': 90, 'en_mfi': True, 'mfi_n': 100, 'mfi_lower': 10, 'mfi_upper': 68, 'en_bollinger': False, 'bollinger_n': 69, 'bollinger_k': 3.4000000000000004, 'en_adx': False, 'adx_n': 54, 'adx_threshold': 19, 'en_structure_trend': False, 'structure_trend_swing_l': 10, 'en_order_block': False, 'order_block_swing_l': 9, 'en_fvg': False, 'fvg_lookback': 26, 'en_ifvg': True, 'en_breaker': True, 'breaker_swing_l': 5, 'en_cisd': True, 'k': 4, 'en_cap_bars': False, 'cap_1min': 608}.
