[I 2026-07-13 17:19:55,038] Trial 662 finished with values: [-407.94959148674025, -4703.062332384543, 47.2] and parameters: {'sl_soft': 124.18833800939488, 'sl_hard_delta': 32.40527500774531, 'tp': 154.7619855916484, 'gate_pct': 48.89078119647594, 'dd_limit': 7734.658936035632, 'cooldown': 0, 'flip': False, 'en_ema_trend': False, 'ema_trend_fast': 81, 'ema_trend_slow': 346, 'en_sma_trend': False, 'sma_trend_fast': 62, 'sma_trend_slow': 8, 'en_macd': False, 'macd_fast': 54, 'macd_slow': 12, 'macd_signal': 41, 'en_vwap': True, 'en_keltner': False, 'keltner_n': 133, 'keltner_m': 3.7, 'en_obv': False, 'obv_slope': 160, 'en_cci': True, 'cci_n': 8, 'cci_threshold': 105, 'en_rsi': True, 'rsi_n': 46, 'rsi_lower': 7, 'rsi_upper': 90, 'en_stochastic': False, 'stochastic_n': 4, 'stochastic_d': 3, 'stochastic_lower': 47, 'stochastic_upper': 83, 'en_mfi': True, 'mfi_n': 7, 'mfi_lower': 24, 'mfi_upper': 88, 'en_bollinger': False, 'bollinger_n': 195, 'bollinger_k': 0.5, 'en_adx': False, 'adx_n': 71, 'adx_threshold': 12, 'en_structure_trend': True, 'structure_trend_swing_l': 14, 'en_order_block': False, 'order_block_swing_l': 7, 'en_fvg': False, 'fvg_lookback': 42, 'en_ifvg': False, 'en_breaker': False, 'breaker_swing_l': 11, 'en_cisd': False, 'k': 4, 'en_cap_bars': True, 'cap_1min': 689}.
[I 2026-07-13 17:19:55,354] Trial 663 pruned. 
[I 2026-07-13 17:19:55,492] Trial 664 pruned. 
[I 2026-07-13 17:19:55,717] Trial 665 finished with values: [152.5, -160.0, 46.45] and parameters: {'sl_soft': 63.61708425572577, 'sl_hard_delta': 20.447719171853418, 'tp': 171.19659871726185, 'gate_pct': 48.89078119647594, 'dd_limit': 7734.658936035632, 'cooldown': 1, 'flip': True, 'en_ema_trend': False, 'ema_trend_fast': 109, 'ema_trend_slow': 202, 'en_sma_trend': True, 'sma_trend_fast': 62, 'sma_trend_slow': 384, 'en_macd': False, 'macd_fast': 70, 'macd_slow': 89, 'macd_signal': 27, 'en_vwap': False, 'en_keltner': False, 'keltner_n': 171, 'keltner_m': 4.0, 'en_obv': True, 'obv_slope': 160, 'en_cci': True, 'cci_n': 8, 'cci_threshold': 175, 'en_rsi': True, 'rsi_n': 46, 'rsi_lower': 43, 'rsi_upper': 75, 'en_stochastic': False, 'stochastic_n': 9, 'stochastic_d': 28, 'stochastic_lower': 17, 'stochastic_upper': 92, 'en_mfi': True, 'mfi_n': 95, 'mfi_lower': 24, 'mfi_upper': 65, 'en_bollinger': False, 'bollinger_n': 198, 'bollinger_k': 2.2, 'en_adx': False, 'adx_n': 71, 'adx_threshold': 12, 'en_structure_trend': True, 'structure_trend_swing_l': 19, 'en_order_block': False, 'order_block_swing_l': 16, 'en_fvg': False, 'fvg_lookback': 42, 'en_ifvg': True, 'en_breaker': False, 'breaker_swing_l': 20, 'en_cisd': False, 'k': 5, 'en_cap_bars': True, 'cap_1min': 3}.
[I 2026-07-13 17:19:55,871] Trial 666 pruned. 
[I 2026-07-13 17:19:56,004] Trial 667 pruned. 
[I 2026-07-13 17:19:56,610] Trial 668 finished with values: [-1118.9255403131574, -4299.782995381574, 33.3] and parameters: {'sl_soft': 66.61970650142193, 'sl_hard_delta': 179.67079171643357, 'tp': 154.7619855916484, 'gate_pct': 48.89078119647594, 'dd_limit': 7734.658936035632, 'cooldown': 5, 'flip': False, 'en_ema_trend': False, 'ema_trend_fast': 269, 'ema_trend_slow': 346, 'en_sma_trend': True, 'sma_trend_fast': 62, 'sma_trend_slow': 134, 'en_macd': False, 'macd_fast': 70, 'macd_slow': 21, 'macd_signal': 24, 'en_vwap': False, 'en_keltner': False, 'keltner_n': 133, 'keltner_m': 3.7, 'en_obv': False, 'obv_slope': 160, 'en_cci': False, 'cci_n': 8, 'cci_threshold': 30, 'en_rsi': False, 'rsi_n': 23, 'rsi_lower': 29, 'rsi_upper': 90, 'en_stochastic': False, 'stochastic_n': 67, 'stochastic_d': 10, 'stochastic_lower': 28, 'stochastic_upper': 92, 'en_mfi': True, 'mfi_n': 41, 'mfi_lower': 24, 'mfi_upper': 67, 'en_bollinger': False, 'bollinger_n': 195, 'bollinger_k': 0.5, 'en_adx': False, 'adx_n': 71, 'adx_threshold': 11, 'en_structure_trend': False, 'structure_trend_swing_l': 9, 'en_order_block': False, 'order_block_swing_l': 7, 'en_fvg': False, 'fvg_lookback': 42, 'en_ifvg': False, 'en_breaker': False, 'breaker_swing_l': 20, 'en_cisd': False, 'k': 4, 'en_cap_bars': True, 'cap_1min': 689}.
[I 2026-07-13 17:19:58,018] Trial 669 finished with values: [331.90496397912284, -395.0, 51.15] and parameters: {'sl_soft': 59.75770574105002, 'sl_hard_delta': 32.40527500774531, 'tp': 154.7619855916484, 'gate_pct': 52.631811604471054, 'dd_limit': 4510.2047311050765, 'cooldown': 7, 'flip': True, 'en_ema_trend': False, 'ema_trend_fast': 109, 'ema_trend_slow': 346, 'en_sma_trend': True, 'sma_trend_fast': 285, 'sma_trend_slow': 384, 'en_macd': True, 'macd_fast': 34, 'macd_slow': 89, 'macd_signal': 86, 'en_vwap': True, 'en_keltner': False, 'keltner_n': 171, 'keltner_m': 5.0, 'en_obv': True, 'obv_slope': 160, 'en_cci': True, 'cci_n': 33, 'cci_threshold': 25, 'en_rsi': True, 'rsi_n': 29, 'rsi_lower': 39, 'rsi_upper': 75, 'en_stochastic': False, 'stochastic_n': 100, 'stochastic_d': 7, 'stochastic_lower': 20, 'stochastic_upper': 72, 'en_mfi': False, 'mfi_n': 7, 'mfi_lower': 40, 'mfi_upper': 58, 'en_bollinger': False, 'bollinger_n': 198, 'bollinger_k': 2.2, 'en_adx': False, 'adx_n': 47, 'adx_threshold': 8, 'en_structure_trend': False, 'structure_trend_swing_l': 19, 'en_order_block': False, 'order_block_swing_l': 18, 'en_fvg': True, 'fvg_lookback': 43, 'en_ifvg': True, 'en_breaker': False, 'breaker_swing_l': 17, 'en_cisd': True, 'k': 4, 'en_cap_bars': True, 'cap_1min': 3}.
[I 2026-07-13 17:19:58,302] Trial 670 finished with values: [220.0, -260.0, 57.5] and parameters: {'sl_soft': 39.85860894299552, 'sl_hard_delta': 32.40527500774531, 'tp': 154.7619855916484, 'gate_pct': 52.631811604471054, 'dd_limit': 7734.658936035632, 'cooldown': 5, 'flip': True, 'en_ema_trend': False, 'ema_trend_fast': 81, 'ema_trend_slow': 346, 'en_sma_trend': True, 'sma_trend_fast': 62, 'sma_trend_slow': 29, 'en_macd': True, 'macd_fast': 34, 'macd_slow': 6, 'macd_signal': 23, 'en_vwap': True, 'en_keltner': False, 'keltner_n': 133, 'keltner_m': 4.5, 'en_obv': True, 'obv_slope': 160, 'en_cci': True, 'cci_n': 33, 'cci_threshold': 30, 'en_rsi': True, 'rsi_n': 23, 'rsi_lower': 7, 'rsi_upper': 75, 'en_stochastic': False, 'stochastic_n': 4, 'stochastic_d': 7, 'stochastic_lower': 7, 'stochastic_upper': 92, 'en_mfi': True, 'mfi_n': 41, 'mfi_lower': 17, 'mfi_upper': 58, 'en_bollinger': False, 'bollinger_n': 198, 'bollinger_k': 2.2, 'en_adx': False, 'adx_n': 71, 'adx_threshold': 12, 'en_structure_trend': False, 'structure_trend_swing_l': 19, 'en_order_block': False, 'order_block_swing_l': 18, 'en_fvg': True, 'fvg_lookback': 42, 'en_ifvg': True, 'en_breaker': False, 'breaker_swing_l': 17, 'en_cisd': False, 'k': 4, 'en_cap_bars': True, 'cap_1min': 3}.
[I 2026-07-13 17:19:58,594] Trial 671 finished with values: [215.48791866804095, -545.0, 50.650000000000006] and parameters: {'sl_soft': 39.85860894299552, 'sl_hard_delta': 20.447719171853418, 'tp': 88.19516746721999, 'gate_pct': 52.631811604471054, 'dd_limit': 4510.2047311050765, 'cooldown': 5, 'flip': True, 'en_ema_trend': False, 'ema_trend_fast': 109, 'ema_trend_slow': 291, 'en_sma_trend': True, 'sma_trend_fast': 62, 'sma_trend_slow': 384, 'en_macd': True, 'macd_fast': 70, 'macd_slow': 89, 'macd_signal': 23, 'en_vwap': True, 'en_keltner': False, 'keltner_n': 171, 'keltner_m': 4.0, 'en_obv': True, 'obv_slope': 160, 'en_cci': False, 'cci_n': 26, 'cci_threshold': 30, 'en_rsi': True, 'rsi_n': 23, 'rsi_lower': 7, 'rsi_upper': 75, 'en_stochastic': False, 'stochastic_n': 46, 'stochastic_d': 7, 'stochastic_lower': 20, 'stochastic_upper': 92, 'en_mfi': False, 'mfi_n': 7, 'mfi_lower': 40, 'mfi_upper': 94, 'en_bollinger': False, 'bollinger_n': 198, 'bollinger_k': 3.2, 'en_adx': False, 'adx_n': 74, 'adx_threshold': 12, 'en_structure_trend': False, 'structure_trend_swing_l': 19, 'en_order_block': False, 'order_block_swing_l': 18, 'en_fvg': True, 'fvg_lookback': 43, 'en_ifvg': True, 'en_breaker': False, 'breaker_swing_l': 19, 'en_cisd': False, 'k': 3, 'en_cap_bars': True, 'cap_1min': 3}.
[I 2026-07-13 17:19:58,760] Trial 672 pruned. 
[I 2026-07-13 17:20:00,350] Trial 673 finished with values: [127.5, -405.0, 50.7] and parameters: {'sl_soft': 63.61708425572577, 'sl_hard_delta': 32.40527500774531, 'tp': 154.7619855916484, 'gate_pct': 48.89078119647594, 'dd_limit': 9508.627019250667, 'cooldown': 5, 'flip': True, 'en_ema_trend': True, 'ema_trend_fast': 81, 'ema_trend_slow': 346, 'en_sma_trend': True, 'sma_trend_fast': 285, 'sma_trend_slow': 29, 'en_macd': True, 'macd_fast': 34, 'macd_slow': 6, 'macd_signal': 23, 'en_vwap': True, 'en_keltner': False, 'keltner_n': 84, 'keltner_m': 5.0, 'en_obv': True, 'obv_slope': 160, 'en_cci': True, 'cci_n': 33, 'cci_threshold': 25, 'en_rsi': True, 'rsi_n': 29, 'rsi_lower': 7, 'rsi_upper': 75, 'en_stochastic': False, 'stochastic_n': 100, 'stochastic_d': 10, 'stochastic_lower': 20, 'stochastic_upper': 92, 'en_mfi': False, 'mfi_n': 41, 'mfi_lower': 40, 'mfi_upper': 58, 'en_bollinger': False, 'bollinger_n': 198, 'bollinger_k': 2.2, 'en_adx': False, 'adx_n': 47, 'adx_threshold': 12, 'en_structure_trend': False, 'structure_trend_swing_l': 19, 'en_order_block': False, 'order_block_swing_l': 20, 'en_fvg': True, 'fvg_lookback': 43, 'en_ifvg': True, 'en_breaker': False, 'breaker_swing_l': 11, 'en_cisd': True, 'k': 4, 'en_cap_bars': True, 'cap_1min': 3}.
[I 2026-07-13 17:20:01,170] Trial 674 finished with values: [-7.5, -445.0, 47.7] and parameters: {'sl_soft': 66.61970650142193, 'sl_hard_delta': 32.40527500774531, 'tp': 154.7619855916484, 'gate_pct': 48.89078119647594, 'dd_limit': 7734.658936035632, 'cooldown': 6, 'flip': True, 'en_ema_trend': True, 'ema_trend_fast': 81, 'ema_trend_slow': 291, 'en_sma_trend': False, 'sma_trend_fast': 7, 'sma_trend_slow': 384, 'en_macd': True, 'macd_fast': 70, 'macd_slow': 89, 'macd_signal': 86, 'en_vwap': True, 'en_keltner': False, 'keltner_n': 133, 'keltner_m': 4.5, 'en_obv': True, 'obv_slope': 160, 'en_cci': True, 'cci_n': 26, 'cci_threshold': 30, 'en_rsi': True, 'rsi_n': 23, 'rsi_lower': 43, 'rsi_upper': 61, 'en_stochastic': False, 'stochastic_n': 4, 'stochastic_d': 7, 'stochastic_lower': 20, 'stochastic_upper': 92, 'en_mfi': False, 'mfi_n': 7, 'mfi_lower': 17, 'mfi_upper': 67, 'en_bollinger': True, 'bollinger_n': 195, 'bollinger_k': 3.2, 'en_adx': False, 'adx_n': 74, 'adx_threshold': 12, 'en_structure_trend': False, 'structure_trend_swing_l': 14, 'en_order_block': False, 'order_block_swing_l': 20, 'en_fvg': True, 'fvg_lookback': 43, 'en_ifvg': True, 'en_breaker': False, 'breaker_swing_l': 17, 'en_cisd': False, 'k': 4, 'en_cap_bars': True, 'cap_1min': 3}.
[I 2026-07-13 17:20:01,399] Trial 675 finished with values: [-395.1812199793858, -1944.024162663918, 36.15] and parameters: {'sl_soft': 41.6595718350609, 'sl_hard_delta': 179.67079171643357, 'tp': 88.19516746721999, 'gate_pct': 74.50813821223942, 'dd_limit': 9508.627019250667, 'cooldown': 1, 'flip': True, 'en_ema_trend': False, 'ema_trend_fast': 41, 'ema_trend_slow': 291, 'en_sma_trend': False, 'sma_trend_fast': 7, 'sma_trend_slow': 384, 'en_macd': False, 'macd_fast': 70, 'macd_slow': 89, 'macd_signal': 86, 'en_vwap': True, 'en_keltner': False, 'keltner_n': 171, 'keltner_m': 4.0, 'en_obv': True, 'obv_slope': 160, 'en_cci': True, 'cci_n': 8, 'cci_threshold': 30, 'en_rsi': True, 'rsi_n': 46, 'rsi_lower': 43, 'rsi_upper': 75, 'en_stochastic': False, 'stochastic_n': 80, 'stochastic_d': 10, 'stochastic_lower': 17, 'stochastic_upper': 72, 'en_mfi': False, 'mfi_n': 41, 'mfi_lower': 17, 'mfi_upper': 82, 'en_bollinger': True, 'bollinger_n': 198, 'bollinger_k': 2.2, 'en_adx': False, 'adx_n': 47, 'adx_threshold': 34, 'en_structure_trend': True, 'structure_trend_swing_l': 19, 'en_order_block': False, 'order_block_swing_l': 11, 'en_fvg': True, 'fvg_lookback': 42, 'en_ifvg': False, 'en_breaker': True, 'breaker_swing_l': 20, 'en_cisd': False, 'k': 3, 'en_cap_bars': True, 'cap_1min': 1002}.
[I 2026-07-13 17:20:02,617] Trial 676 finished with values: [265.0, -530.0, 49.4] and parameters: {'sl_soft': 39.85860894299552, 'sl_hard_delta': 32.40527500774531, 'tp': 211.7072294008167, 'gate_pct': 52.631811604471054, 'dd_limit': 4510.2047311050765, 'cooldown': 1, 'flip': True, 'en_ema_trend': False, 'ema_trend_fast': 109, 'ema_trend_slow': 202, 'en_sma_trend': True, 'sma_trend_fast': 7, 'sma_trend_slow': 384, 'en_macd': True, 'macd_fast': 54, 'macd_slow': 89, 'macd_signal': 86, 'en_vwap': True, 'en_keltner': False, 'keltner_n': 171, 'keltner_m': 4.0, 'en_obv': True, 'obv_slope': 160, 'en_cci': False, 'cci_n': 8, 'cci_threshold': 30, 'en_rsi': True, 'rsi_n': 23, 'rsi_lower': 43, 'rsi_upper': 75, 'en_stochastic': False, 'stochastic_n': 46, 'stochastic_d': 28, 'stochastic_lower': 17, 'stochastic_upper': 72, 'en_mfi': False, 'mfi_n': 7, 'mfi_lower': 24, 'mfi_upper': 58, 'en_bollinger': False, 'bollinger_n': 198, 'bollinger_k': 3.2, 'en_adx': False, 'adx_n': 52, 'adx_threshold': 12, 'en_structure_trend': False, 'structure_trend_swing_l': 14, 'en_order_block': True, 'order_block_swing_l': 18, 'en_fvg': True, 'fvg_lookback': 43, 'en_ifvg': False, 'en_breaker': True, 'breaker_swing_l': 17, 'en_cisd': True, 'k': 3, 'en_cap_bars': True, 'cap_1min': 3}.
[I 2026-07-13 17:20:02,900] Trial 677 finished with values: [10.0, -220.0, 48.1] and parameters: {'sl_soft': 63.61708425572577, 'sl_hard_delta': 32.40527500774531, 'tp': 88.19516746721999, 'gate_pct': 48.89078119647594, 'dd_limit': 4510.2047311050765, 'cooldown': 1, 'flip': True, 'en_ema_trend': False, 'ema_trend_fast': 95, 'ema_trend_slow': 202, 'en_sma_trend': True, 'sma_trend_fast': 7, 'sma_trend_slow': 8, 'en_macd': True, 'macd_fast': 70, 'macd_slow': 21, 'macd_signal': 27, 'en_vwap': False, 'en_keltner': False, 'keltner_n': 133, 'keltner_m': 4.0, 'en_obv': True, 'obv_slope': 160, 'en_cci': True, 'cci_n': 8, 'cci_threshold': 30, 'en_rsi': True, 'rsi_n': 46, 'rsi_lower': 43, 'rsi_upper': 61, 'en_stochastic': False, 'stochastic_n': 46, 'stochastic_d': 10, 'stochastic_lower': 17, 'stochastic_upper': 92, 'en_mfi': True, 'mfi_n': 41, 'mfi_lower': 24, 'mfi_upper': 93, 'en_bollinger': False, 'bollinger_n': 198, 'bollinger_k': 2.2, 'en_adx': False, 'adx_n': 82, 'adx_threshold': 12, 'en_structure_trend': True, 'structure_trend_swing_l': 19, 'en_order_block': False, 'order_block_swing_l': 18, 'en_fvg': False, 'fvg_lookback': 28, 'en_ifvg': True, 'en_breaker': False, 'breaker_swing_l': 18, 'en_cisd': False, 'k': 3, 'en_cap_bars': True, 'cap_1min': 3}.
[I 2026-07-13 17:20:03,294] Trial 678 finished with values: [45.0, -365.0, 47.7] and parameters: {'sl_soft': 29.867048730013586, 'sl_hard_delta': 179.67079171643357, 'tp': 154.7619855916484, 'gate_pct': 47.67526199665095, 'dd_limit': 9508.627019250667, 'cooldown': 5, 'flip': False, 'en_ema_trend': False, 'ema_trend_fast': 109, 'ema_trend_slow': 322, 'en_sma_trend': True, 'sma_trend_fast': 7, 'sma_trend_slow': 384, 'en_macd': True, 'macd_fast': 70, 'macd_slow': 63, 'macd_signal': 86, 'en_vwap': False, 'en_keltner': False, 'keltner_n': 133, 'keltner_m': 4.5, 'en_obv': True, 'obv_slope': 160, 'en_cci': False, 'cci_n': 33, 'cci_threshold': 30, 'en_rsi': True, 'rsi_n': 46, 'rsi_lower': 48, 'rsi_upper': 75, 'en_stochastic': False, 'stochastic_n': 80, 'stochastic_d': 10, 'stochastic_lower': 49, 'stochastic_upper': 92, 'en_mfi': True, 'mfi_n': 26, 'mfi_lower': 15, 'mfi_upper': 93, 'en_bollinger': False, 'bollinger_n': 68, 'bollinger_k': 2.2, 'en_adx': False, 'adx_n': 71, 'adx_threshold': 31, 'en_structure_trend': False, 'structure_trend_swing_l': 9, 'en_order_block': True, 'order_block_swing_l': 19, 'en_fvg': False, 'fvg_lookback': 42, 'en_ifvg': False, 'en_breaker': False, 'breaker_swing_l': 11, 'en_cisd': False, 'k': 4, 'en_cap_bars': True, 'cap_1min': 3}.
[I 2026-07-13 17:20:04,736] Trial 679 finished with values: [81.66469771469565, -4975.0, 35.4] and parameters: {'sl_soft': 63.61708425572577, 'sl_hard_delta': 179.67079171643357, 'tp': 154.7619855916484, 'gate_pct': 47.67526199665095, 'dd_limit': 7734.658936035632, 'cooldown': 5, 'flip': False, 'en_ema_trend': True, 'ema_trend_fast': 81, 'ema_trend_slow': 346, 'en_sma_trend': False, 'sma_trend_fast': 7, 'sma_trend_slow': 134, 'en_macd': True, 'macd_fast': 70, 'macd_slow': 21, 'macd_signal': 73, 'en_vwap': True, 'en_keltner': True, 'keltner_n': 133, 'keltner_m': 3.7, 'en_obv': True, 'obv_slope': 160, 'en_cci': False, 'cci_n': 88, 'cci_threshold': 160, 'en_rsi': True, 'rsi_n': 23, 'rsi_lower': 7, 'rsi_upper': 61, 'en_stochastic': False, 'stochastic_n': 67, 'stochastic_d': 44, 'stochastic_lower': 28, 'stochastic_upper': 92, 'en_mfi': True, 'mfi_n': 26, 'mfi_lower': 15, 'mfi_upper': 67, 'en_bollinger': False, 'bollinger_n': 182, 'bollinger_k': 0.5, 'en_adx': False, 'adx_n': 47, 'adx_threshold': 31, 'en_structure_trend': False, 'structure_trend_swing_l': 9, 'en_order_block': False, 'order_block_swing_l': 19, 'en_fvg': False, 'fvg_lookback': 42, 'en_ifvg': False, 'en_breaker': False, 'breaker_swing_l': 11, 'en_cisd': False, 'k': 5, 'en_cap_bars': True, 'cap_1min': 689}.
[I 2026-07-13 17:20:06,019] Trial 680 finished with values: [-15.0, -410.0, 51.8] and parameters: {'sl_soft': 52.73671780921603, 'sl_hard_delta': 179.67079171643357, 'tp': 154.7619855916484, 'gate_pct': 52.631811604471054, 'dd_limit': 9508.627019250667, 'cooldown': 1, 'flip': True, 'en_ema_trend': False, 'ema_trend_fast': 269, 'ema_trend_slow': 346, 'en_sma_trend': True, 'sma_trend_fast': 7, 'sma_trend_slow': 134, 'en_macd': True, 'macd_fast': 34, 'macd_slow': 6, 'macd_signal': 73, 'en_vwap': True, 'en_keltner': False, 'keltner_n': 133, 'keltner_m': 3.7, 'en_obv': True, 'obv_slope': 52, 'en_cci': False, 'cci_n': 33, 'cci_threshold': 25, 'en_rsi': False, 'rsi_n': 29, 'rsi_lower': 39, 'rsi_upper': 61, 'en_stochastic': False, 'stochastic_n': 100, 'stochastic_d': 7, 'stochastic_lower': 28, 'stochastic_upper': 72, 'en_mfi': False, 'mfi_n': 41, 'mfi_lower': 40, 'mfi_upper': 58, 'en_bollinger': False, 'bollinger_n': 182, 'bollinger_k': 0.5, 'en_adx': False, 'adx_n': 47, 'adx_threshold': 8, 'en_structure_trend': True, 'structure_trend_swing_l': 9, 'en_order_block': False, 'order_block_swing_l': 9, 'en_fvg': True, 'fvg_lookback': 34, 'en_ifvg': True, 'en_breaker': False, 'breaker_swing_l': 17, 'en_cisd': True, 'k': 4, 'en_cap_bars': True, 'cap_1min': 3}.
[I 2026-07-13 17:20:06,594] Trial 681 finished with values: [-227.5, -480.0, 45.85] and parameters: {'sl_soft': 29.867048730013586, 'sl_hard_delta': 179.67079171643357, 'tp': 154.7619855916484, 'gate_pct': 48.89078119647594, 'dd_limit': 7734.658936035632, 'cooldown': 0, 'flip': True, 'en_ema_trend': False, 'ema_trend_fast': 95, 'ema_trend_slow': 346, 'en_sma_trend': False, 'sma_trend_fast': 62, 'sma_trend_slow': 337, 'en_macd': True, 'macd_fast': 70, 'macd_slow': 12, 'macd_signal': 27, 'en_vwap': False, 'en_keltner': False, 'keltner_n': 133, 'keltner_m': 4.300000000000001, 'en_obv': True, 'obv_slope': 38, 'en_cci': False, 'cci_n': 8, 'cci_threshold': 30, 'en_rsi': True, 'rsi_n': 23, 'rsi_lower': 43, 'rsi_upper': 61, 'en_stochastic': False, 'stochastic_n': 4, 'stochastic_d': 44, 'stochastic_lower': 20, 'stochastic_upper': 72, 'en_mfi': True, 'mfi_n': 7, 'mfi_lower': 40, 'mfi_upper': 93, 'en_bollinger': False, 'bollinger_n': 195, 'bollinger_k': 3.2, 'en_adx': False, 'adx_n': 71, 'adx_threshold': 12, 'en_structure_trend': False, 'structure_trend_swing_l': 19, 'en_order_block': False, 'order_block_swing_l': 18, 'en_fvg': True, 'fvg_lookback': 23, 'en_ifvg': False, 'en_breaker': False, 'breaker_swing_l': 11, 'en_cisd': False, 'k': 4, 'en_cap_bars': True, 'cap_1min': 3}.
[I 2026-07-13 17:20:07,397] Trial 682 finished with values: [801.7893516242111, -2540.0, 36.15] and parameters: {'sl_soft': 52.73671780921603, 'sl_hard_delta': 179.67079171643357, 'tp': 154.7619855916484, 'gate_pct': 74.50813821223942, 'dd_limit': 9508.627019250667, 'cooldown': 1, 'flip': False, 'en_ema_trend': False, 'ema_trend_fast': 269, 'ema_trend_slow': 346, 'en_sma_trend': False, 'sma_trend_fast': 62, 'sma_trend_slow': 134, 'en_macd': False, 'macd_fast': 70, 'macd_slow': 21, 'macd_signal': 73, 'en_vwap': True, 'en_keltner': False, 'keltner_n': 133, 'keltner_m': 3.7, 'en_obv': True, 'obv_slope': 107, 'en_cci': True, 'cci_n': 88, 'cci_threshold': 30, 'en_rsi': True, 'rsi_n': 46, 'rsi_lower': 48, 'rsi_upper': 61, 'en_stochastic': False, 'stochastic_n': 9, 'stochastic_d': 10, 'stochastic_lower': 28, 'stochastic_upper': 92, 'en_mfi': True, 'mfi_n': 95, 'mfi_lower': 24, 'mfi_upper': 89, 'en_bollinger': False, 'bollinger_n': 182, 'bollinger_k': 0.5, 'en_adx': False, 'adx_n': 47, 'adx_threshold': 34, 'en_structure_trend': False, 'structure_trend_swing_l': 9, 'en_order_block': False, 'order_block_swing_l': 11, 'en_fvg': False, 'fvg_lookback': 34, 'en_ifvg': False, 'en_breaker': False, 'breaker_swing_l': 20, 'en_cisd': False, 'k': 5, 'en_cap_bars': True, 'cap_1min': 689}.
[I 2026-07-13 17:20:07,695] Trial 683 finished with values: [-185.0, -465.0, 44.2] and parameters: {'sl_soft': 43.63639804285787, 'sl_hard_delta': 179.67079171643357, 'tp': 154.7619855916484, 'gate_pct': 48.89078119647594, 'dd_limit': 7734.658936035632, 'cooldown': 6, 'flip': True, 'en_ema_trend': False, 'ema_trend_fast': 81, 'ema_trend_slow': 158, 'en_sma_trend': False, 'sma_trend_fast': 62, 'sma_trend_slow': 8, 'en_macd': True, 'macd_fast': 70, 'macd_slow': 12, 'macd_signal': 41, 'en_vwap': False, 'en_keltner': False, 'keltner_n': 163, 'keltner_m': 3.7, 'en_obv': True, 'obv_slope': 160, 'en_cci': False, 'cci_n': 159, 'cci_threshold': 30, 'en_rsi': True, 'rsi_n': 46, 'rsi_lower': 7, 'rsi_upper': 61, 'en_stochastic': False, 'stochastic_n': 4, 'stochastic_d': 44, 'stochastic_lower': 20, 'stochastic_upper': 92, 'en_mfi': True, 'mfi_n': 95, 'mfi_lower': 12, 'mfi_upper': 93, 'en_bollinger': False, 'bollinger_n': 154, 'bollinger_k': 2.2, 'en_adx': False, 'adx_n': 71, 'adx_threshold': 12, 'en_structure_trend': False, 'structure_trend_swing_l': 19, 'en_order_block': True, 'order_block_swing_l': 5, 'en_fvg': True, 'fvg_lookback': 42, 'en_ifvg': False, 'en_breaker': False, 'breaker_swing_l': 11, 'en_cisd': False, 'k': 4, 'en_cap_bars': True, 'cap_1min': 3}.
