[I 2026-07-13 17:20:54,113] Trial 746 finished with values: [27.5, -495.0, 47.75] and parameters: {'sl_soft': 63.61708425572577, 'sl_hard_delta': 20.447719171853418, 'tp': 171.19659871726185, 'gate_pct': 48.89078119647594, 'dd_limit': 7734.658936035632, 'cooldown': 0, 'flip': True, 'en_ema_trend': False, 'ema_trend_fast': 95, 'ema_trend_slow': 202, 'en_sma_trend': False, 'sma_trend_fast': 62, 'sma_trend_slow': 29, 'en_macd': True, 'macd_fast': 70, 'macd_slow': 168, 'macd_signal': 41, 'en_vwap': False, 'en_keltner': False, 'keltner_n': 133, 'keltner_m': 4.300000000000001, 'en_obv': True, 'obv_slope': 38, 'en_cci': False, 'cci_n': 8, 'cci_threshold': 175, 'en_rsi': True, 'rsi_n': 46, 'rsi_lower': 2, 'rsi_upper': 61, 'en_stochastic': False, 'stochastic_n': 9, 'stochastic_d': 10, 'stochastic_lower': 17, 'stochastic_upper': 92, 'en_mfi': True, 'mfi_n': 95, 'mfi_lower': 24, 'mfi_upper': 93, 'en_bollinger': False, 'bollinger_n': 195, 'bollinger_k': 2.2, 'en_adx': False, 'adx_n': 71, 'adx_threshold': 12, 'en_structure_trend': False, 'structure_trend_swing_l': 10, 'en_order_block': False, 'order_block_swing_l': 18, 'en_fvg': False, 'fvg_lookback': 23, 'en_ifvg': True, 'en_breaker': False, 'breaker_swing_l': 18, 'en_cisd': False, 'k': 4, 'en_cap_bars': True, 'cap_1min': 3}.
[I 2026-07-13 17:20:54,681] Trial 747 finished with values: [185.0, -330.0, 55.650000000000006] and parameters: {'sl_soft': 66.61970650142193, 'sl_hard_delta': 32.40527500774531, 'tp': 154.7619855916484, 'gate_pct': 48.89078119647594, 'dd_limit': 7734.658936035632, 'cooldown': 0, 'flip': True, 'en_ema_trend': True, 'ema_trend_fast': 394, 'ema_trend_slow': 346, 'en_sma_trend': False, 'sma_trend_fast': 62, 'sma_trend_slow': 337, 'en_macd': True, 'macd_fast': 70, 'macd_slow': 12, 'macd_signal': 23, 'en_vwap': True, 'en_keltner': False, 'keltner_n': 133, 'keltner_m': 4.5, 'en_obv': False, 'obv_slope': 160, 'en_cci': True, 'cci_n': 8, 'cci_threshold': 30, 'en_rsi': True, 'rsi_n': 23, 'rsi_lower': 7, 'rsi_upper': 97, 'en_stochastic': False, 'stochastic_n': 4, 'stochastic_d': 10, 'stochastic_lower': 47, 'stochastic_upper': 92, 'en_mfi': True, 'mfi_n': 41, 'mfi_lower': 17, 'mfi_upper': 67, 'en_bollinger': False, 'bollinger_n': 195, 'bollinger_k': 3.7, 'en_adx': False, 'adx_n': 71, 'adx_threshold': 12, 'en_structure_trend': False, 'structure_trend_swing_l': 14, 'en_order_block': False, 'order_block_swing_l': 20, 'en_fvg': False, 'fvg_lookback': 23, 'en_ifvg': True, 'en_breaker': False, 'breaker_swing_l': 11, 'en_cisd': False, 'k': 4, 'en_cap_bars': True, 'cap_1min': 3}.
[I 2026-07-13 17:20:54,883] Trial 748 pruned. 
[I 2026-07-13 17:20:55,192] Trial 749 finished with values: [635.5030845605506, -6926.334106000686, 33.4] and parameters: {'sl_soft': 52.73671780921603, 'sl_hard_delta': 20.447719171853418, 'tp': 154.7619855916484, 'gate_pct': 97.52011350142476, 'dd_limit': 7734.658936035632, 'cooldown': 1, 'flip': True, 'en_ema_trend': False, 'ema_trend_fast': 269, 'ema_trend_slow': 346, 'en_sma_trend': False, 'sma_trend_fast': 62, 'sma_trend_slow': 8, 'en_macd': False, 'macd_fast': 70, 'macd_slow': 21, 'macd_signal': 73, 'en_vwap': True, 'en_keltner': False, 'keltner_n': 133, 'keltner_m': 3.7, 'en_obv': False, 'obv_slope': 38, 'en_cci': False, 'cci_n': 88, 'cci_threshold': 30, 'en_rsi': True, 'rsi_n': 46, 'rsi_lower': 7, 'rsi_upper': 61, 'en_stochastic': False, 'stochastic_n': 67, 'stochastic_d': 10, 'stochastic_lower': 28, 'stochastic_upper': 92, 'en_mfi': True, 'mfi_n': 41, 'mfi_lower': 24, 'mfi_upper': 93, 'en_bollinger': False, 'bollinger_n': 195, 'bollinger_k': 2.2, 'en_adx': False, 'adx_n': 71, 'adx_threshold': 31, 'en_structure_trend': True, 'structure_trend_swing_l': 9, 'en_order_block': False, 'order_block_swing_l': 5, 'en_fvg': False, 'fvg_lookback': 42, 'en_ifvg': True, 'en_breaker': False, 'breaker_swing_l': 18, 'en_cisd': False, 'k': 5, 'en_cap_bars': True, 'cap_1min': 689}.
[I 2026-07-13 17:20:55,888] Trial 750 finished with values: [-40.0, -235.0, 50.0] and parameters: {'sl_soft': 136.0063027037859, 'sl_hard_delta': 20.447719171853418, 'tp': 171.19659871726185, 'gate_pct': 48.89078119647594, 'dd_limit': 7734.658936035632, 'cooldown': 5, 'flip': True, 'en_ema_trend': True, 'ema_trend_fast': 95, 'ema_trend_slow': 291, 'en_sma_trend': True, 'sma_trend_fast': 62, 'sma_trend_slow': 8, 'en_macd': True, 'macd_fast': 70, 'macd_slow': 12, 'macd_signal': 23, 'en_vwap': True, 'en_keltner': False, 'keltner_n': 171, 'keltner_m': 4.5, 'en_obv': False, 'obv_slope': 38, 'en_cci': True, 'cci_n': 33, 'cci_threshold': 30, 'en_rsi': True, 'rsi_n': 23, 'rsi_lower': 7, 'rsi_upper': 75, 'en_stochastic': False, 'stochastic_n': 4, 'stochastic_d': 10, 'stochastic_lower': 47, 'stochastic_upper': 92, 'en_mfi': True, 'mfi_n': 41, 'mfi_lower': 40, 'mfi_upper': 67, 'en_bollinger': False, 'bollinger_n': 195, 'bollinger_k': 2.2, 'en_adx': False, 'adx_n': 71, 'adx_threshold': 12, 'en_structure_trend': False, 'structure_trend_swing_l': 19, 'en_order_block': False, 'order_block_swing_l': 20, 'en_fvg': True, 'fvg_lookback': 42, 'en_ifvg': True, 'en_breaker': False, 'breaker_swing_l': 11, 'en_cisd': False, 'k': 4, 'en_cap_bars': True, 'cap_1min': 3}.
[I 2026-07-13 17:20:58,182] Trial 751 finished with values: [-2608.459805716193, -6888.357882430282, 46.95] and parameters: {'sl_soft': 124.18833800939488, 'sl_hard_delta': 179.67079171643357, 'tp': 154.7619855916484, 'gate_pct': 97.52011350142476, 'dd_limit': 7734.658936035632, 'cooldown': 5, 'flip': False, 'en_ema_trend': False, 'ema_trend_fast': 269, 'ema_trend_slow': 346, 'en_sma_trend': True, 'sma_trend_fast': 7, 'sma_trend_slow': 134, 'en_macd': True, 'macd_fast': 34, 'macd_slow': 21, 'macd_signal': 23, 'en_vwap': True, 'en_keltner': True, 'keltner_n': 133, 'keltner_m': 4.5, 'en_obv': True, 'obv_slope': 160, 'en_cci': False, 'cci_n': 8, 'cci_threshold': 105, 'en_rsi': True, 'rsi_n': 23, 'rsi_lower': 29, 'rsi_upper': 90, 'en_stochastic': False, 'stochastic_n': 67, 'stochastic_d': 7, 'stochastic_lower': 28, 'stochastic_upper': 92, 'en_mfi': True, 'mfi_n': 41, 'mfi_lower': 17, 'mfi_upper': 58, 'en_bollinger': False, 'bollinger_n': 198, 'bollinger_k': 0.5, 'en_adx': False, 'adx_n': 71, 'adx_threshold': 12, 'en_structure_trend': False, 'structure_trend_swing_l': 19, 'en_order_block': False, 'order_block_swing_l': 7, 'en_fvg': True, 'fvg_lookback': 34, 'en_ifvg': True, 'en_breaker': False, 'breaker_swing_l': 20, 'en_cisd': False, 'k': 4, 'en_cap_bars': True, 'cap_1min': 689}.
[I 2026-07-13 17:20:58,376] Trial 752 finished with values: [-202.5, -410.0, 47.25] and parameters: {'sl_soft': 43.63639804285787, 'sl_hard_delta': 32.40527500774531, 'tp': 211.7072294008167, 'gate_pct': 47.67526199665095, 'dd_limit': 7734.658936035632, 'cooldown': 0, 'flip': True, 'en_ema_trend': False, 'ema_trend_fast': 378, 'ema_trend_slow': 202, 'en_sma_trend': False, 'sma_trend_fast': 62, 'sma_trend_slow': 29, 'en_macd': True, 'macd_fast': 70, 'macd_slow': 2, 'macd_signal': 41, 'en_vwap': False, 'en_keltner': False, 'keltner_n': 163, 'keltner_m': 4.0, 'en_obv': False, 'obv_slope': 160, 'en_cci': False, 'cci_n': 159, 'cci_threshold': 30, 'en_rsi': True, 'rsi_n': 46, 'rsi_lower': 43, 'rsi_upper': 75, 'en_stochastic': False, 'stochastic_n': 46, 'stochastic_d': 10, 'stochastic_lower': 17, 'stochastic_upper': 72, 'en_mfi': False, 'mfi_n': 7, 'mfi_lower': 12, 'mfi_upper': 93, 'en_bollinger': False, 'bollinger_n': 182, 'bollinger_k': 3.1, 'en_adx': False, 'adx_n': 52, 'adx_threshold': 12, 'en_structure_trend': True, 'structure_trend_swing_l': 14, 'en_order_block': True, 'order_block_swing_l': 18, 'en_fvg': True, 'fvg_lookback': 42, 'en_ifvg': False, 'en_breaker': False, 'breaker_swing_l': 20, 'en_cisd': True, 'k': 4, 'en_cap_bars': True, 'cap_1min': 3}.
[I 2026-07-13 17:20:58,578] Trial 753 pruned. 
[I 2026-07-13 17:20:58,903] Trial 754 finished with values: [22.5, -420.0, 47.25] and parameters: {'sl_soft': 39.85860894299552, 'sl_hard_delta': 20.447719171853418, 'tp': 171.19659871726185, 'gate_pct': 52.631811604471054, 'dd_limit': 9508.627019250667, 'cooldown': 0, 'flip': True, 'en_ema_trend': False, 'ema_trend_fast': 81, 'ema_trend_slow': 346, 'en_sma_trend': False, 'sma_trend_fast': 62, 'sma_trend_slow': 50, 'en_macd': True, 'macd_fast': 54, 'macd_slow': 89, 'macd_signal': 27, 'en_vwap': True, 'en_keltner': False, 'keltner_n': 171, 'keltner_m': 5.0, 'en_obv': True, 'obv_slope': 160, 'en_cci': True, 'cci_n': 33, 'cci_threshold': 25, 'en_rsi': True, 'rsi_n': 23, 'rsi_lower': 7, 'rsi_upper': 75, 'en_stochastic': False, 'stochastic_n': 9, 'stochastic_d': 28, 'stochastic_lower': 20, 'stochastic_upper': 72, 'en_mfi': False, 'mfi_n': 7, 'mfi_lower': 40, 'mfi_upper': 58, 'en_bollinger': False, 'bollinger_n': 195, 'bollinger_k': 2.2, 'en_adx': False, 'adx_n': 47, 'adx_threshold': 8, 'en_structure_trend': True, 'structure_trend_swing_l': 19, 'en_order_block': False, 'order_block_swing_l': 16, 'en_fvg': True, 'fvg_lookback': 43, 'en_ifvg': True, 'en_breaker': False, 'breaker_swing_l': 11, 'en_cisd': False, 'k': 5, 'en_cap_bars': True, 'cap_1min': 3}.
[I 2026-07-13 17:20:59,192] Trial 755 finished with values: [85.0, -560.0, 51.900000000000006] and parameters: {'sl_soft': 63.61708425572577, 'sl_hard_delta': 20.447719171853418, 'tp': 171.19659871726185, 'gate_pct': 47.67526199665095, 'dd_limit': 7734.658936035632, 'cooldown': 5, 'flip': False, 'en_ema_trend': False, 'ema_trend_fast': 81, 'ema_trend_slow': 202, 'en_sma_trend': True, 'sma_trend_fast': 62, 'sma_trend_slow': 384, 'en_macd': True, 'macd_fast': 70, 'macd_slow': 63, 'macd_signal': 41, 'en_vwap': False, 'en_keltner': False, 'keltner_n': 133, 'keltner_m': 4.300000000000001, 'en_obv': True, 'obv_slope': 38, 'en_cci': True, 'cci_n': 8, 'cci_threshold': 30, 'en_rsi': True, 'rsi_n': 46, 'rsi_lower': 2, 'rsi_upper': 75, 'en_stochastic': False, 'stochastic_n': 80, 'stochastic_d': 10, 'stochastic_lower': 49, 'stochastic_upper': 92, 'en_mfi': True, 'mfi_n': 95, 'mfi_lower': 17, 'mfi_upper': 67, 'en_bollinger': False, 'bollinger_n': 195, 'bollinger_k': 2.2, 'en_adx': False, 'adx_n': 71, 'adx_threshold': 12, 'en_structure_trend': False, 'structure_trend_swing_l': 19, 'en_order_block': False, 'order_block_swing_l': 18, 'en_fvg': False, 'fvg_lookback': 42, 'en_ifvg': False, 'en_breaker': False, 'breaker_swing_l': 18, 'en_cisd': False, 'k': 4, 'en_cap_bars': True, 'cap_1min': 3}.
[I 2026-07-13 17:20:59,481] Trial 756 finished with values: [165.0, -560.0, 53.0] and parameters: {'sl_soft': 63.61708425572577, 'sl_hard_delta': 20.447719171853418, 'tp': 171.19659871726185, 'gate_pct': 48.89078119647594, 'dd_limit': 7734.658936035632, 'cooldown': 0, 'flip': True, 'en_ema_trend': True, 'ema_trend_fast': 95, 'ema_trend_slow': 346, 'en_sma_trend': True, 'sma_trend_fast': 62, 'sma_trend_slow': 8, 'en_macd': True, 'macd_fast': 70, 'macd_slow': 12, 'macd_signal': 23, 'en_vwap': True, 'en_keltner': False, 'keltner_n': 133, 'keltner_m': 4.0, 'en_obv': False, 'obv_slope': 38, 'en_cci': False, 'cci_n': 8, 'cci_threshold': 30, 'en_rsi': True, 'rsi_n': 46, 'rsi_lower': 29, 'rsi_upper': 61, 'en_stochastic': False, 'stochastic_n': 9, 'stochastic_d': 28, 'stochastic_lower': 7, 'stochastic_upper': 92, 'en_mfi': True, 'mfi_n': 41, 'mfi_lower': 24, 'mfi_upper': 93, 'en_bollinger': False, 'bollinger_n': 195, 'bollinger_k': 2.8000000000000003, 'en_adx': False, 'adx_n': 71, 'adx_threshold': 8, 'en_structure_trend': False, 'structure_trend_swing_l': 10, 'en_order_block': False, 'order_block_swing_l': 20, 'en_fvg': False, 'fvg_lookback': 42, 'en_ifvg': True, 'en_breaker': False, 'breaker_swing_l': 18, 'en_cisd': False, 'k': 4, 'en_cap_bars': True, 'cap_1min': 3}.
[I 2026-07-13 17:20:59,727] Trial 757 finished with values: [225.0, -325.0, 56.6] and parameters: {'sl_soft': 66.61970650142193, 'sl_hard_delta': 32.40527500774531, 'tp': 154.7619855916484, 'gate_pct': 48.89078119647594, 'dd_limit': 7734.658936035632, 'cooldown': 0, 'flip': True, 'en_ema_trend': True, 'ema_trend_fast': 81, 'ema_trend_slow': 346, 'en_sma_trend': False, 'sma_trend_fast': 62, 'sma_trend_slow': 337, 'en_macd': True, 'macd_fast': 54, 'macd_slow': 12, 'macd_signal': 41, 'en_vwap': False, 'en_keltner': False, 'keltner_n': 133, 'keltner_m': 4.5, 'en_obv': False, 'obv_slope': 160, 'en_cci': True, 'cci_n': 33, 'cci_threshold': 30, 'en_rsi': True, 'rsi_n': 23, 'rsi_lower': 2, 'rsi_upper': 97, 'en_stochastic': False, 'stochastic_n': 9, 'stochastic_d': 28, 'stochastic_lower': 47, 'stochastic_upper': 92, 'en_mfi': True, 'mfi_n': 7, 'mfi_lower': 17, 'mfi_upper': 67, 'en_bollinger': False, 'bollinger_n': 195, 'bollinger_k': 3.7, 'en_adx': False, 'adx_n': 71, 'adx_threshold': 12, 'en_structure_trend': False, 'structure_trend_swing_l': 14, 'en_order_block': False, 'order_block_swing_l': 20, 'en_fvg': False, 'fvg_lookback': 23, 'en_ifvg': True, 'en_breaker': False, 'breaker_swing_l': 11, 'en_cisd': False, 'k': 4, 'en_cap_bars': True, 'cap_1min': 3}.
[I 2026-07-13 17:20:59,917] Trial 758 finished with values: [1701.8233063646585, -3040.6331090977255, 26.0] and parameters: {'sl_soft': 29.867048730013586, 'sl_hard_delta': 20.447719171853418, 'tp': 154.7619855916484, 'gate_pct': 52.631811604471054, 'dd_limit': 5512.880951599205, 'cooldown': 1, 'flip': True, 'en_ema_trend': False, 'ema_trend_fast': 95, 'ema_trend_slow': 68, 'en_sma_trend': False, 'sma_trend_fast': 7, 'sma_trend_slow': 384, 'en_macd': False, 'macd_fast': 97, 'macd_slow': 89, 'macd_signal': 23, 'en_vwap': True, 'en_keltner': False, 'keltner_n': 133, 'keltner_m': 3.7, 'en_obv': True, 'obv_slope': 107, 'en_cci': False, 'cci_n': 88, 'cci_threshold': 105, 'en_rsi': False, 'rsi_n': 35, 'rsi_lower': 43, 'rsi_upper': 61, 'en_stochastic': False, 'stochastic_n': 46, 'stochastic_d': 3, 'stochastic_lower': 47, 'stochastic_upper': 72, 'en_mfi': True, 'mfi_n': 41, 'mfi_lower': 15, 'mfi_upper': 93, 'en_bollinger': False, 'bollinger_n': 195, 'bollinger_k': 0.5, 'en_adx': False, 'adx_n': 47, 'adx_threshold': 12, 'en_structure_trend': True, 'structure_trend_swing_l': 9, 'en_order_block': False, 'order_block_swing_l': 11, 'en_fvg': False, 'fvg_lookback': 34, 'en_ifvg': True, 'en_breaker': False, 'breaker_swing_l': 20, 'en_cisd': False, 'k': 3, 'en_cap_bars': True, 'cap_1min': 1041}.
[I 2026-07-13 17:21:00,116] Trial 759 finished with values: [105.0, -355.0, 44.2] and parameters: {'sl_soft': 63.61708425572577, 'sl_hard_delta': 179.67079171643357, 'tp': 73.82163538284092, 'gate_pct': 47.67526199665095, 'dd_limit': 7734.658936035632, 'cooldown': 5, 'flip': False, 'en_ema_trend': False, 'ema_trend_fast': 41, 'ema_trend_slow': 346, 'en_sma_trend': True, 'sma_trend_fast': 7, 'sma_trend_slow': 134, 'en_macd': True, 'macd_fast': 70, 'macd_slow': 63, 'macd_signal': 86, 'en_vwap': False, 'en_keltner': False, 'keltner_n': 133, 'keltner_m': 4.5, 'en_obv': True, 'obv_slope': 160, 'en_cci': True, 'cci_n': 33, 'cci_threshold': 30, 'en_rsi': True, 'rsi_n': 81, 'rsi_lower': 48, 'rsi_upper': 61, 'en_stochastic': False, 'stochastic_n': 80, 'stochastic_d': 44, 'stochastic_lower': 49, 'stochastic_upper': 72, 'en_mfi': True, 'mfi_n': 26, 'mfi_lower': 15, 'mfi_upper': 67, 'en_bollinger': False, 'bollinger_n': 182, 'bollinger_k': 2.2, 'en_adx': False, 'adx_n': 71, 'adx_threshold': 31, 'en_structure_trend': True, 'structure_trend_swing_l': 9, 'en_order_block': False, 'order_block_swing_l': 11, 'en_fvg': False, 'fvg_lookback': 42, 'en_ifvg': False, 'en_breaker': False, 'breaker_swing_l': 18, 'en_cisd': False, 'k': 5, 'en_cap_bars': True, 'cap_1min': 3}.
[I 2026-07-13 17:21:01,571] Trial 760 finished with values: [533.3861901650016, -3515.0, 48.25] and parameters: {'sl_soft': 52.73671780921603, 'sl_hard_delta': 179.67079171643357, 'tp': 154.7619855916484, 'gate_pct': 97.52011350142476, 'dd_limit': 9508.627019250667, 'cooldown': 0, 'flip': False, 'en_ema_trend': False, 'ema_trend_fast': 269, 'ema_trend_slow': 346, 'en_sma_trend': False, 'sma_trend_fast': 62, 'sma_trend_slow': 29, 'en_macd': True, 'macd_fast': 70, 'macd_slow': 21, 'macd_signal': 41, 'en_vwap': False, 'en_keltner': False, 'keltner_n': 155, 'keltner_m': 5.0, 'en_obv': True, 'obv_slope': 160, 'en_cci': False, 'cci_n': 159, 'cci_threshold': 105, 'en_rsi': True, 'rsi_n': 46, 'rsi_lower': 29, 'rsi_upper': 61, 'en_stochastic': False, 'stochastic_n': 67, 'stochastic_d': 10, 'stochastic_lower': 20, 'stochastic_upper': 58, 'en_mfi': True, 'mfi_n': 41, 'mfi_lower': 15, 'mfi_upper': 58, 'en_bollinger': False, 'bollinger_n': 182, 'bollinger_k': 3.1, 'en_adx': False, 'adx_n': 47, 'adx_threshold': 31, 'en_structure_trend': True, 'structure_trend_swing_l': 9, 'en_order_block': False, 'order_block_swing_l': 18, 'en_fvg': False, 'fvg_lookback': 34, 'en_ifvg': False, 'en_breaker': False, 'breaker_swing_l': 20, 'en_cisd': False, 'k': 4, 'en_cap_bars': True, 'cap_1min': 3}.
[I 2026-07-13 17:21:01,747] Trial 761 pruned. 
[I 2026-07-13 17:21:02,360] Trial 762 finished with values: [115.0, -450.0, 55.650000000000006] and parameters: {'sl_soft': 63.61708425572577, 'sl_hard_delta': 20.447719171853418, 'tp': 154.7619855916484, 'gate_pct': 47.67526199665095, 'dd_limit': 7734.658936035632, 'cooldown': 5, 'flip': True, 'en_ema_trend': False, 'ema_trend_fast': 41, 'ema_trend_slow': 291, 'en_sma_trend': True, 'sma_trend_fast': 62, 'sma_trend_slow': 337, 'en_macd': True, 'macd_fast': 70, 'macd_slow': 12, 'macd_signal': 23, 'en_vwap': False, 'en_keltner': False, 'keltner_n': 133, 'keltner_m': 4.5, 'en_obv': True, 'obv_slope': 38, 'en_cci': False, 'cci_n': 182, 'cci_threshold': 30, 'en_rsi': True, 'rsi_n': 29, 'rsi_lower': 39, 'rsi_upper': 61, 'en_stochastic': False, 'stochastic_n': 4, 'stochastic_d': 10, 'stochastic_lower': 2, 'stochastic_upper': 92, 'en_mfi': True, 'mfi_n': 81, 'mfi_lower': 24, 'mfi_upper': 93, 'en_bollinger': False, 'bollinger_n': 195, 'bollinger_k': 2.2, 'en_adx': False, 'adx_n': 71, 'adx_threshold': 12, 'en_structure_trend': True, 'structure_trend_swing_l': 19, 'en_order_block': False, 'order_block_swing_l': 5, 'en_fvg': False, 'fvg_lookback': 23, 'en_ifvg': False, 'en_breaker': False, 'breaker_swing_l': 5, 'en_cisd': False, 'k': 4, 'en_cap_bars': True, 'cap_1min': 3}.
[I 2026-07-13 17:21:02,849] Trial 763 finished with values: [222.5, -255.0, 59.4] and parameters: {'sl_soft': 63.61708425572577, 'sl_hard_delta': 32.40527500774531, 'tp': 171.19659871726185, 'gate_pct': 52.631811604471054, 'dd_limit': 7734.658936035632, 'cooldown': 5, 'flip': True, 'en_ema_trend': False, 'ema_trend_fast': 41, 'ema_trend_slow': 346, 'en_sma_trend': True, 'sma_trend_fast': 285, 'sma_trend_slow': 29, 'en_macd': True, 'macd_fast': 70, 'macd_slow': 12, 'macd_signal': 23, 'en_vwap': True, 'en_keltner': False, 'keltner_n': 84, 'keltner_m': 5.0, 'en_obv': True, 'obv_slope': 52, 'en_cci': True, 'cci_n': 33, 'cci_threshold': 25, 'en_rsi': True, 'rsi_n': 29, 'rsi_lower': 7, 'rsi_upper': 75, 'en_stochastic': False, 'stochastic_n': 9, 'stochastic_d': 10, 'stochastic_lower': 47, 'stochastic_upper': 92, 'en_mfi': True, 'mfi_n': 41, 'mfi_lower': 24, 'mfi_upper': 58, 'en_bollinger': False, 'bollinger_n': 198, 'bollinger_k': 2.2, 'en_adx': False, 'adx_n': 47, 'adx_threshold': 12, 'en_structure_trend': False, 'structure_trend_swing_l': 10, 'en_order_block': False, 'order_block_swing_l': 5, 'en_fvg': True, 'fvg_lookback': 42, 'en_ifvg': True, 'en_breaker': False, 'breaker_swing_l': 18, 'en_cisd': False, 'k': 5, 'en_cap_bars': True, 'cap_1min': 3}.
[I 2026-07-13 17:21:03,074] Trial 764 finished with values: [-645.6836526520601, -8239.81264519789, 48.6] and parameters: {'sl_soft': 124.18833800939488, 'sl_hard_delta': 20.447719171853418, 'tp': 154.7619855916484, 'gate_pct': 52.631811604471054, 'dd_limit': 5512.880951599205, 'cooldown': 0, 'flip': True, 'en_ema_trend': False, 'ema_trend_fast': 95, 'ema_trend_slow': 68, 'en_sma_trend': False, 'sma_trend_fast': 7, 'sma_trend_slow': 384, 'en_macd': False, 'macd_fast': 70, 'macd_slow': 21, 'macd_signal': 23, 'en_vwap': False, 'en_keltner': False, 'keltner_n': 133, 'keltner_m': 3.7, 'en_obv': True, 'obv_slope': 107, 'en_cci': False, 'cci_n': 8, 'cci_threshold': 30, 'en_rsi': False, 'rsi_n': 35, 'rsi_lower': 43, 'rsi_upper': 90, 'en_stochastic': False, 'stochastic_n': 46, 'stochastic_d': 3, 'stochastic_lower': 47, 'stochastic_upper': 72, 'en_mfi': True, 'mfi_n': 41, 'mfi_lower': 24, 'mfi_upper': 88, 'en_bollinger': False, 'bollinger_n': 182, 'bollinger_k': 2.2, 'en_adx': False, 'adx_n': 74, 'adx_threshold': 11, 'en_structure_trend': True, 'structure_trend_swing_l': 14, 'en_order_block': False, 'order_block_swing_l': 7, 'en_fvg': False, 'fvg_lookback': 34, 'en_ifvg': False, 'en_breaker': False, 'breaker_swing_l': 17, 'en_cisd': False, 'k': 4, 'en_cap_bars': True, 'cap_1min': 689}.
[I 2026-07-13 17:21:03,523] Trial 765 finished with values: [315.56036286299786, -4512.68920223225, 49.6] and parameters: {'sl_soft': 29.867048730013586, 'sl_hard_delta': 179.67079171643357, 'tp': 154.7619855916484, 'gate_pct': 97.52011350142476, 'dd_limit': 5512.880951599205, 'cooldown': 1, 'flip': False, 'en_ema_trend': False, 'ema_trend_fast': 95, 'ema_trend_slow': 346, 'en_sma_trend': False, 'sma_trend_fast': 7, 'sma_trend_slow': 134, 'en_macd': False, 'macd_fast': 97, 'macd_slow': 21, 'macd_signal': 23, 'en_vwap': True, 'en_keltner': True, 'keltner_n': 133, 'keltner_m': 3.7, 'en_obv': True, 'obv_slope': 107, 'en_cci': False, 'cci_n': 8, 'cci_threshold': 30, 'en_rsi': False, 'rsi_n': 35, 'rsi_lower': 43, 'rsi_upper': 90, 'en_stochastic': False, 'stochastic_n': 67, 'stochastic_d': 7, 'stochastic_lower': 28, 'stochastic_upper': 92, 'en_mfi': True, 'mfi_n': 41, 'mfi_lower': 24, 'mfi_upper': 93, 'en_bollinger': False, 'bollinger_n': 195, 'bollinger_k': 2.2, 'en_adx': False, 'adx_n': 71, 'adx_threshold': 11, 'en_structure_trend': False, 'structure_trend_swing_l': 9, 'en_order_block': False, 'order_block_swing_l': 18, 'en_fvg': False, 'fvg_lookback': 43, 'en_ifvg': False, 'en_breaker': False, 'breaker_swing_l': 20, 'en_cisd': False, 'k': 4, 'en_cap_bars': True, 'cap_1min': 3}.
