[I 2026-07-13 17:29:33,803] Trial 773 finished with values: [2505.8588646546923, -1114.3148188073246, 50.0] and parameters: {'sl_soft': 39.62905967140161, 'sl_hard_delta': 29.30242220933063, 'tp': 196.03928967751625, 'gate_pct': 81.43219065749138, 'dd_limit': 9508.627019250667, 'cooldown': 1, 'flip': True, 'en_ema_trend': False, 'ema_trend_fast': 177, 'ema_trend_slow': 246, 'en_sma_trend': False, 'sma_trend_fast': 221, 'sma_trend_slow': 258, 'en_macd': True, 'macd_fast': 49, 'macd_slow': 63, 'macd_signal': 41, 'en_vwap': False, 'en_keltner': True, 'keltner_n': 17, 'keltner_m': 4.0, 'en_obv': True, 'obv_slope': 160, 'en_cci': True, 'cci_n': 33, 'cci_threshold': 30, 'en_rsi': False, 'rsi_n': 39, 'rsi_lower': 20, 'rsi_upper': 71, 'en_stochastic': True, 'stochastic_n': 88, 'stochastic_d': 14, 'stochastic_lower': 17, 'stochastic_upper': 68, 'en_mfi': False, 'mfi_n': 11, 'mfi_lower': 17, 'mfi_upper': 65, 'en_bollinger': False, 'bollinger_n': 182, 'bollinger_k': 4.300000000000001, 'en_adx': False, 'adx_n': 97, 'adx_threshold': 21, 'en_structure_trend': False, 'structure_trend_swing_l': 14, 'en_order_block': False, 'order_block_swing_l': 19, 'en_fvg': False, 'fvg_lookback': 47, 'en_ifvg': True, 'en_breaker': True, 'breaker_swing_l': 15, 'en_cisd': False, 'k': 4, 'en_cap_bars': False, 'cap_1min': 3}.
[I 2026-07-13 17:29:40,046] Trial 774 finished with values: [185.0, -235.0, 54.4] and parameters: {'sl_soft': 40.78619439976249, 'sl_hard_delta': 29.05728513894959, 'tp': 196.03928967751625, 'gate_pct': 67.43945106994327, 'dd_limit': 7070.895472661624, 'cooldown': 1, 'flip': True, 'en_ema_trend': True, 'ema_trend_fast': 104, 'ema_trend_slow': 46, 'en_sma_trend': False, 'sma_trend_fast': 292, 'sma_trend_slow': 160, 'en_macd': True, 'macd_fast': 80, 'macd_slow': 63, 'macd_signal': 21, 'en_vwap': True, 'en_keltner': True, 'keltner_n': 175, 'keltner_m': 4.1, 'en_obv': True, 'obv_slope': 160, 'en_cci': True, 'cci_n': 158, 'cci_threshold': 120, 'en_rsi': False, 'rsi_n': 23, 'rsi_lower': 9, 'rsi_upper': 60, 'en_stochastic': True, 'stochastic_n': 27, 'stochastic_d': 12, 'stochastic_lower': 38, 'stochastic_upper': 62, 'en_mfi': False, 'mfi_n': 71, 'mfi_lower': 23, 'mfi_upper': 87, 'en_bollinger': True, 'bollinger_n': 195, 'bollinger_k': 3.4000000000000004, 'en_adx': False, 'adx_n': 54, 'adx_threshold': 11, 'en_structure_trend': False, 'structure_trend_swing_l': 18, 'en_order_block': True, 'order_block_swing_l': 20, 'en_fvg': False, 'fvg_lookback': 23, 'en_ifvg': True, 'en_breaker': True, 'breaker_swing_l': 5, 'en_cisd': True, 'k': 2, 'en_cap_bars': True, 'cap_1min': 3}.
[I 2026-07-13 17:29:40,216] Trial 775 finished with values: [-399.8151978137321, -2365.0, 33.05] and parameters: {'sl_soft': 39.62905967140161, 'sl_hard_delta': 175.0316160028408, 'tp': 101.88424010931452, 'gate_pct': 81.43219065749138, 'dd_limit': 9508.627019250667, 'cooldown': 4, 'flip': True, 'en_ema_trend': True, 'ema_trend_fast': 177, 'ema_trend_slow': 346, 'en_sma_trend': False, 'sma_trend_fast': 79, 'sma_trend_slow': 143, 'en_macd': True, 'macd_fast': 93, 'macd_slow': 15, 'macd_signal': 93, 'en_vwap': True, 'en_keltner': True, 'keltner_n': 17, 'keltner_m': 4.0, 'en_obv': True, 'obv_slope': 182, 'en_cci': False, 'cci_n': 33, 'cci_threshold': 30, 'en_rsi': False, 'rsi_n': 39, 'rsi_lower': 7, 'rsi_upper': 71, 'en_stochastic': True, 'stochastic_n': 5, 'stochastic_d': 14, 'stochastic_lower': 17, 'stochastic_upper': 68, 'en_mfi': False, 'mfi_n': 41, 'mfi_lower': 17, 'mfi_upper': 65, 'en_bollinger': False, 'bollinger_n': 125, 'bollinger_k': 4.300000000000001, 'en_adx': False, 'adx_n': 97, 'adx_threshold': 21, 'en_structure_trend': True, 'structure_trend_swing_l': 14, 'en_order_block': False, 'order_block_swing_l': 3, 'en_fvg': False, 'fvg_lookback': 42, 'en_ifvg': True, 'en_breaker': True, 'breaker_swing_l': 15, 'en_cisd': True, 'k': 1, 'en_cap_bars': True, 'cap_1min': 1332}.
[I 2026-07-13 17:29:41,346] Trial 776 finished with values: [1529.0157401744727, -2534.514651741847, 56.95] and parameters: {'sl_soft': 158.92345486967875, 'sl_hard_delta': 29.05728513894959, 'tp': 196.03928967751625, 'gate_pct': 81.43219065749138, 'dd_limit': 7070.895472661624, 'cooldown': 1, 'flip': True, 'en_ema_trend': True, 'ema_trend_fast': 197, 'ema_trend_slow': 129, 'en_sma_trend': True, 'sma_trend_fast': 221, 'sma_trend_slow': 258, 'en_macd': True, 'macd_fast': 80, 'macd_slow': 63, 'macd_signal': 21, 'en_vwap': False, 'en_keltner': False, 'keltner_n': 17, 'keltner_m': 4.0, 'en_obv': True, 'obv_slope': 160, 'en_cci': True, 'cci_n': 33, 'cci_threshold': 170, 'en_rsi': False, 'rsi_n': 23, 'rsi_lower': 20, 'rsi_upper': 56, 'en_stochastic': True, 'stochastic_n': 88, 'stochastic_d': 14, 'stochastic_lower': 17, 'stochastic_upper': 82, 'en_mfi': False, 'mfi_n': 11, 'mfi_lower': 1, 'mfi_upper': 57, 'en_bollinger': False, 'bollinger_n': 195, 'bollinger_k': 4.300000000000001, 'en_adx': False, 'adx_n': 54, 'adx_threshold': 32, 'en_structure_trend': False, 'structure_trend_swing_l': 14, 'en_order_block': False, 'order_block_swing_l': 19, 'en_fvg': False, 'fvg_lookback': 42, 'en_ifvg': True, 'en_breaker': True, 'breaker_swing_l': 5, 'en_cisd': True, 'k': 4, 'en_cap_bars': False, 'cap_1min': 1332}.
[I 2026-07-13 17:29:46,065] Trial 777 finished with values: [297.5, -155.0, 56.35] and parameters: {'sl_soft': 39.62905967140161, 'sl_hard_delta': 29.30242220933063, 'tp': 196.03928967751625, 'gate_pct': 89.05172352244134, 'dd_limit': 7070.895472661624, 'cooldown': 5, 'flip': True, 'en_ema_trend': True, 'ema_trend_fast': 41, 'ema_trend_slow': 129, 'en_sma_trend': False, 'sma_trend_fast': 62, 'sma_trend_slow': 250, 'en_macd': True, 'macd_fast': 71, 'macd_slow': 63, 'macd_signal': 41, 'en_vwap': False, 'en_keltner': False, 'keltner_n': 175, 'keltner_m': 4.5, 'en_obv': True, 'obv_slope': 160, 'en_cci': False, 'cci_n': 33, 'cci_threshold': 205, 'en_rsi': False, 'rsi_n': 23, 'rsi_lower': 40, 'rsi_upper': 58, 'en_stochastic': True, 'stochastic_n': 88, 'stochastic_d': 27, 'stochastic_lower': 34, 'stochastic_upper': 60, 'en_mfi': False, 'mfi_n': 90, 'mfi_lower': 19, 'mfi_upper': 65, 'en_bollinger': False, 'bollinger_n': 45, 'bollinger_k': 3.4000000000000004, 'en_adx': False, 'adx_n': 54, 'adx_threshold': 32, 'en_structure_trend': False, 'structure_trend_swing_l': 14, 'en_order_block': False, 'order_block_swing_l': 20, 'en_fvg': False, 'fvg_lookback': 42, 'en_ifvg': True, 'en_breaker': True, 'breaker_swing_l': 15, 'en_cisd': True, 'k': 4, 'en_cap_bars': True, 'cap_1min': 3}.
[I 2026-07-13 17:29:51,069] Trial 778 finished with values: [-641.3403533097153, -3947.5243928946293, 56.4] and parameters: {'sl_soft': 123.70176902772263, 'sl_hard_delta': 207.63493437311828, 'tp': 101.88424010931452, 'gate_pct': 67.43945106994327, 'dd_limit': 7860.101132279564, 'cooldown': 2, 'flip': False, 'en_ema_trend': True, 'ema_trend_fast': 177, 'ema_trend_slow': 139, 'en_sma_trend': True, 'sma_trend_fast': 79, 'sma_trend_slow': 160, 'en_macd': True, 'macd_fast': 93, 'macd_slow': 15, 'macd_signal': 93, 'en_vwap': False, 'en_keltner': False, 'keltner_n': 5, 'keltner_m': 4.1, 'en_obv': True, 'obv_slope': 182, 'en_cci': True, 'cci_n': 124, 'cci_threshold': 120, 'en_rsi': False, 'rsi_n': 12, 'rsi_lower': 9, 'rsi_upper': 60, 'en_stochastic': True, 'stochastic_n': 16, 'stochastic_d': 14, 'stochastic_lower': 38, 'stochastic_upper': 72, 'en_mfi': False, 'mfi_n': 41, 'mfi_lower': 23, 'mfi_upper': 97, 'en_bollinger': False, 'bollinger_n': 125, 'bollinger_k': 4.300000000000001, 'en_adx': False, 'adx_n': 88, 'adx_threshold': 11, 'en_structure_trend': False, 'structure_trend_swing_l': 15, 'en_order_block': True, 'order_block_swing_l': 19, 'en_fvg': False, 'fvg_lookback': 23, 'en_ifvg': False, 'en_breaker': True, 'breaker_swing_l': 1, 'en_cisd': True, 'k': 1, 'en_cap_bars': False, 'cap_1min': 1332}.
[I 2026-07-13 17:29:51,260] Trial 779 pruned. 
[I 2026-07-13 17:29:51,499] Trial 780 finished with values: [2979.6564081552788, -2681.1293853950338, 72.85] and parameters: {'sl_soft': 158.92345486967875, 'sl_hard_delta': 29.30242220933063, 'tp': 196.03928967751625, 'gate_pct': 81.43219065749138, 'dd_limit': 7424.489916885895, 'cooldown': 1, 'flip': True, 'en_ema_trend': False, 'ema_trend_fast': 177, 'ema_trend_slow': 346, 'en_sma_trend': False, 'sma_trend_fast': 221, 'sma_trend_slow': 258, 'en_macd': True, 'macd_fast': 49, 'macd_slow': 63, 'macd_signal': 41, 'en_vwap': False, 'en_keltner': True, 'keltner_n': 17, 'keltner_m': 4.5, 'en_obv': True, 'obv_slope': 160, 'en_cci': True, 'cci_n': 33, 'cci_threshold': 30, 'en_rsi': False, 'rsi_n': 39, 'rsi_lower': 20, 'rsi_upper': 71, 'en_stochastic': True, 'stochastic_n': 88, 'stochastic_d': 14, 'stochastic_lower': 17, 'stochastic_upper': 68, 'en_mfi': False, 'mfi_n': 11, 'mfi_lower': 17, 'mfi_upper': 57, 'en_bollinger': False, 'bollinger_n': 182, 'bollinger_k': 4.300000000000001, 'en_adx': False, 'adx_n': 97, 'adx_threshold': 21, 'en_structure_trend': False, 'structure_trend_swing_l': 14, 'en_order_block': False, 'order_block_swing_l': 19, 'en_fvg': False, 'fvg_lookback': 42, 'en_ifvg': True, 'en_breaker': True, 'breaker_swing_l': 15, 'en_cisd': False, 'k': 4, 'en_cap_bars': False, 'cap_1min': 1332}.
[I 2026-07-13 17:29:58,671] Trial 781 finished with values: [1982.3704025428924, -6618.113118624933, 45.45] and parameters: {'sl_soft': 158.92345486967875, 'sl_hard_delta': 29.30242220933063, 'tp': 281.50225389001224, 'gate_pct': 81.43219065749138, 'dd_limit': 9508.627019250667, 'cooldown': 1, 'flip': True, 'en_ema_trend': True, 'ema_trend_fast': 177, 'ema_trend_slow': 381, 'en_sma_trend': False, 'sma_trend_fast': 221, 'sma_trend_slow': 258, 'en_macd': True, 'macd_fast': 49, 'macd_slow': 75, 'macd_signal': 41, 'en_vwap': False, 'en_keltner': True, 'keltner_n': 173, 'keltner_m': 4.0, 'en_obv': True, 'obv_slope': 160, 'en_cci': True, 'cci_n': 33, 'cci_threshold': 170, 'en_rsi': False, 'rsi_n': 39, 'rsi_lower': 15, 'rsi_upper': 71, 'en_stochastic': True, 'stochastic_n': 97, 'stochastic_d': 14, 'stochastic_lower': 17, 'stochastic_upper': 68, 'en_mfi': False, 'mfi_n': 11, 'mfi_lower': 1, 'mfi_upper': 65, 'en_bollinger': False, 'bollinger_n': 125, 'bollinger_k': 4.300000000000001, 'en_adx': False, 'adx_n': 68, 'adx_threshold': 21, 'en_structure_trend': False, 'structure_trend_swing_l': 19, 'en_order_block': False, 'order_block_swing_l': 19, 'en_fvg': False, 'fvg_lookback': 25, 'en_ifvg': False, 'en_breaker': True, 'breaker_swing_l': 13, 'en_cisd': True, 'k': 4, 'en_cap_bars': False, 'cap_1min': 3}.
[I 2026-07-13 17:29:58,944] Trial 782 pruned. 
[I 2026-07-13 17:29:59,289] Trial 783 finished with values: [2505.8588646546923, -1114.3148188073246, 50.0] and parameters: {'sl_soft': 39.62905967140161, 'sl_hard_delta': 29.30242220933063, 'tp': 196.03928967751625, 'gate_pct': 81.43219065749138, 'dd_limit': 9508.627019250667, 'cooldown': 1, 'flip': True, 'en_ema_trend': False, 'ema_trend_fast': 41, 'ema_trend_slow': 346, 'en_sma_trend': False, 'sma_trend_fast': 221, 'sma_trend_slow': 250, 'en_macd': True, 'macd_fast': 49, 'macd_slow': 63, 'macd_signal': 41, 'en_vwap': False, 'en_keltner': True, 'keltner_n': 17, 'keltner_m': 4.0, 'en_obv': True, 'obv_slope': 160, 'en_cci': True, 'cci_n': 33, 'cci_threshold': 30, 'en_rsi': False, 'rsi_n': 39, 'rsi_lower': 20, 'rsi_upper': 71, 'en_stochastic': True, 'stochastic_n': 88, 'stochastic_d': 14, 'stochastic_lower': 17, 'stochastic_upper': 68, 'en_mfi': False, 'mfi_n': 29, 'mfi_lower': 17, 'mfi_upper': 65, 'en_bollinger': False, 'bollinger_n': 182, 'bollinger_k': 4.300000000000001, 'en_adx': False, 'adx_n': 99, 'adx_threshold': 34, 'en_structure_trend': False, 'structure_trend_swing_l': 14, 'en_order_block': False, 'order_block_swing_l': 19, 'en_fvg': False, 'fvg_lookback': 47, 'en_ifvg': True, 'en_breaker': True, 'breaker_swing_l': 15, 'en_cisd': False, 'k': 4, 'en_cap_bars': False, 'cap_1min': 3}.
[I 2026-07-13 17:29:59,580] Trial 784 finished with values: [2979.6564081552788, -2681.1293853950338, 72.85] and parameters: {'sl_soft': 158.92345486967875, 'sl_hard_delta': 29.30242220933063, 'tp': 196.03928967751625, 'gate_pct': 81.43219065749138, 'dd_limit': 7424.489916885895, 'cooldown': 1, 'flip': True, 'en_ema_trend': False, 'ema_trend_fast': 177, 'ema_trend_slow': 346, 'en_sma_trend': False, 'sma_trend_fast': 221, 'sma_trend_slow': 258, 'en_macd': True, 'macd_fast': 49, 'macd_slow': 63, 'macd_signal': 41, 'en_vwap': False, 'en_keltner': True, 'keltner_n': 17, 'keltner_m': 4.0, 'en_obv': True, 'obv_slope': 160, 'en_cci': True, 'cci_n': 33, 'cci_threshold': 30, 'en_rsi': False, 'rsi_n': 39, 'rsi_lower': 20, 'rsi_upper': 71, 'en_stochastic': True, 'stochastic_n': 88, 'stochastic_d': 14, 'stochastic_lower': 17, 'stochastic_upper': 68, 'en_mfi': False, 'mfi_n': 11, 'mfi_lower': 17, 'mfi_upper': 65, 'en_bollinger': False, 'bollinger_n': 182, 'bollinger_k': 4.300000000000001, 'en_adx': False, 'adx_n': 97, 'adx_threshold': 21, 'en_structure_trend': False, 'structure_trend_swing_l': 14, 'en_order_block': False, 'order_block_swing_l': 19, 'en_fvg': False, 'fvg_lookback': 42, 'en_ifvg': True, 'en_breaker': True, 'breaker_swing_l': 15, 'en_cisd': False, 'k': 4, 'en_cap_bars': False, 'cap_1min': 3}.
[I 2026-07-13 17:29:59,995] Trial 785 finished with values: [2505.8588646546923, -1114.3148188073246, 50.0] and parameters: {'sl_soft': 39.62905967140161, 'sl_hard_delta': 29.30242220933063, 'tp': 196.03928967751625, 'gate_pct': 81.43219065749138, 'dd_limit': 9508.627019250667, 'cooldown': 1, 'flip': True, 'en_ema_trend': False, 'ema_trend_fast': 177, 'ema_trend_slow': 246, 'en_sma_trend': False, 'sma_trend_fast': 221, 'sma_trend_slow': 258, 'en_macd': True, 'macd_fast': 49, 'macd_slow': 63, 'macd_signal': 41, 'en_vwap': False, 'en_keltner': True, 'keltner_n': 17, 'keltner_m': 4.0, 'en_obv': True, 'obv_slope': 160, 'en_cci': True, 'cci_n': 33, 'cci_threshold': 30, 'en_rsi': False, 'rsi_n': 39, 'rsi_lower': 20, 'rsi_upper': 71, 'en_stochastic': True, 'stochastic_n': 88, 'stochastic_d': 14, 'stochastic_lower': 17, 'stochastic_upper': 68, 'en_mfi': False, 'mfi_n': 11, 'mfi_lower': 17, 'mfi_upper': 65, 'en_bollinger': False, 'bollinger_n': 182, 'bollinger_k': 4.300000000000001, 'en_adx': False, 'adx_n': 97, 'adx_threshold': 21, 'en_structure_trend': False, 'structure_trend_swing_l': 14, 'en_order_block': False, 'order_block_swing_l': 19, 'en_fvg': False, 'fvg_lookback': 42, 'en_ifvg': True, 'en_breaker': True, 'breaker_swing_l': 15, 'en_cisd': False, 'k': 4, 'en_cap_bars': False, 'cap_1min': 3}.
[I 2026-07-13 17:30:00,260] Trial 786 finished with values: [2505.8588646546923, -1114.3148188073246, 50.0] and parameters: {'sl_soft': 39.62905967140161, 'sl_hard_delta': 29.30242220933063, 'tp': 196.03928967751625, 'gate_pct': 81.43219065749138, 'dd_limit': 9508.627019250667, 'cooldown': 1, 'flip': True, 'en_ema_trend': False, 'ema_trend_fast': 41, 'ema_trend_slow': 346, 'en_sma_trend': False, 'sma_trend_fast': 62, 'sma_trend_slow': 258, 'en_macd': True, 'macd_fast': 49, 'macd_slow': 63, 'macd_signal': 41, 'en_vwap': False, 'en_keltner': True, 'keltner_n': 17, 'keltner_m': 4.0, 'en_obv': True, 'obv_slope': 160, 'en_cci': True, 'cci_n': 33, 'cci_threshold': 30, 'en_rsi': False, 'rsi_n': 39, 'rsi_lower': 20, 'rsi_upper': 71, 'en_stochastic': True, 'stochastic_n': 88, 'stochastic_d': 14, 'stochastic_lower': 17, 'stochastic_upper': 68, 'en_mfi': False, 'mfi_n': 11, 'mfi_lower': 17, 'mfi_upper': 65, 'en_bollinger': False, 'bollinger_n': 182, 'bollinger_k': 3.4000000000000004, 'en_adx': False, 'adx_n': 97, 'adx_threshold': 21, 'en_structure_trend': False, 'structure_trend_swing_l': 14, 'en_order_block': False, 'order_block_swing_l': 19, 'en_fvg': False, 'fvg_lookback': 42, 'en_ifvg': True, 'en_breaker': True, 'breaker_swing_l': 15, 'en_cisd': False, 'k': 4, 'en_cap_bars': False, 'cap_1min': 3}.
[I 2026-07-13 17:30:00,573] Trial 787 finished with values: [-643.8501005807484, -4826.669425627333, 48.7] and parameters: {'sl_soft': 158.92345486967875, 'sl_hard_delta': 29.30242220933063, 'tp': 196.03928967751625, 'gate_pct': 81.43219065749138, 'dd_limit': 7424.489916885895, 'cooldown': 1, 'flip': True, 'en_ema_trend': True, 'ema_trend_fast': 41, 'ema_trend_slow': 381, 'en_sma_trend': False, 'sma_trend_fast': 221, 'sma_trend_slow': 357, 'en_macd': True, 'macd_fast': 33, 'macd_slow': 63, 'macd_signal': 13, 'en_vwap': False, 'en_keltner': True, 'keltner_n': 17, 'keltner_m': 4.5, 'en_obv': True, 'obv_slope': 182, 'en_cci': True, 'cci_n': 198, 'cci_threshold': 170, 'en_rsi': False, 'rsi_n': 39, 'rsi_lower': 15, 'rsi_upper': 71, 'en_stochastic': True, 'stochastic_n': 97, 'stochastic_d': 40, 'stochastic_lower': 17, 'stochastic_upper': 72, 'en_mfi': False, 'mfi_n': 11, 'mfi_lower': 1, 'mfi_upper': 65, 'en_bollinger': False, 'bollinger_n': 125, 'bollinger_k': 4.300000000000001, 'en_adx': False, 'adx_n': 68, 'adx_threshold': 21, 'en_structure_trend': False, 'structure_trend_swing_l': 19, 'en_order_block': False, 'order_block_swing_l': 3, 'en_fvg': False, 'fvg_lookback': 25, 'en_ifvg': False, 'en_breaker': True, 'breaker_swing_l': 15, 'en_cisd': True, 'k': 4, 'en_cap_bars': False, 'cap_1min': 3}.
[I 2026-07-13 17:30:02,469] Trial 788 pruned. 
[I 2026-07-13 17:30:08,759] Trial 789 finished with values: [585.0, -350.0, 60.15] and parameters: {'sl_soft': 39.62905967140161, 'sl_hard_delta': 29.05728513894959, 'tp': 196.03928967751625, 'gate_pct': 89.05172352244134, 'dd_limit': 7070.895472661624, 'cooldown': 1, 'flip': True, 'en_ema_trend': False, 'ema_trend_fast': 177, 'ema_trend_slow': 129, 'en_sma_trend': False, 'sma_trend_fast': 221, 'sma_trend_slow': 250, 'en_macd': True, 'macd_fast': 80, 'macd_slow': 63, 'macd_signal': 59, 'en_vwap': True, 'en_keltner': False, 'keltner_n': 17, 'keltner_m': 4.0, 'en_obv': True, 'obv_slope': 160, 'en_cci': True, 'cci_n': 21, 'cci_threshold': 255, 'en_rsi': True, 'rsi_n': 23, 'rsi_lower': 20, 'rsi_upper': 58, 'en_stochastic': True, 'stochastic_n': 88, 'stochastic_d': 27, 'stochastic_lower': 14, 'stochastic_upper': 68, 'en_mfi': False, 'mfi_n': 90, 'mfi_lower': 19, 'mfi_upper': 65, 'en_bollinger': False, 'bollinger_n': 195, 'bollinger_k': 3.4000000000000004, 'en_adx': False, 'adx_n': 54, 'adx_threshold': 32, 'en_structure_trend': False, 'structure_trend_swing_l': 14, 'en_order_block': False, 'order_block_swing_l': 20, 'en_fvg': False, 'fvg_lookback': 25, 'en_ifvg': True, 'en_breaker': False, 'breaker_swing_l': 5, 'en_cisd': True, 'k': 4, 'en_cap_bars': True, 'cap_1min': 3}.
[I 2026-07-13 17:30:10,370] Trial 790 finished with values: [1751.0301599528611, -1374.6574094036623, 39.45] and parameters: {'sl_soft': 39.62905967140161, 'sl_hard_delta': 29.30242220933063, 'tp': 196.03928967751625, 'gate_pct': 81.43219065749138, 'dd_limit': 9508.627019250667, 'cooldown': 1, 'flip': True, 'en_ema_trend': False, 'ema_trend_fast': 177, 'ema_trend_slow': 346, 'en_sma_trend': False, 'sma_trend_fast': 221, 'sma_trend_slow': 258, 'en_macd': True, 'macd_fast': 49, 'macd_slow': 63, 'macd_signal': 41, 'en_vwap': False, 'en_keltner': True, 'keltner_n': 76, 'keltner_m': 4.0, 'en_obv': True, 'obv_slope': 160, 'en_cci': True, 'cci_n': 33, 'cci_threshold': 30, 'en_rsi': False, 'rsi_n': 39, 'rsi_lower': 20, 'rsi_upper': 71, 'en_stochastic': True, 'stochastic_n': 88, 'stochastic_d': 14, 'stochastic_lower': 17, 'stochastic_upper': 68, 'en_mfi': False, 'mfi_n': 27, 'mfi_lower': 17, 'mfi_upper': 79, 'en_bollinger': False, 'bollinger_n': 182, 'bollinger_k': 4.300000000000001, 'en_adx': False, 'adx_n': 97, 'adx_threshold': 21, 'en_structure_trend': False, 'structure_trend_swing_l': 14, 'en_order_block': True, 'order_block_swing_l': 19, 'en_fvg': False, 'fvg_lookback': 42, 'en_ifvg': True, 'en_breaker': True, 'breaker_swing_l': 15, 'en_cisd': False, 'k': 4, 'en_cap_bars': False, 'cap_1min': 3}.
[I 2026-07-13 17:30:10,573] Trial 791 finished with values: [590.0, -534.6574094036623, 58.8] and parameters: {'sl_soft': 39.62905967140161, 'sl_hard_delta': 29.30242220933063, 'tp': 196.03928967751625, 'gate_pct': 81.43219065749138, 'dd_limit': 7070.895472661624, 'cooldown': 1, 'flip': True, 'en_ema_trend': True, 'ema_trend_fast': 177, 'ema_trend_slow': 346, 'en_sma_trend': False, 'sma_trend_fast': 221, 'sma_trend_slow': 258, 'en_macd': True, 'macd_fast': 49, 'macd_slow': 63, 'macd_signal': 41, 'en_vwap': False, 'en_keltner': True, 'keltner_n': 17, 'keltner_m': 4.0, 'en_obv': True, 'obv_slope': 160, 'en_cci': True, 'cci_n': 33, 'cci_threshold': 30, 'en_rsi': True, 'rsi_n': 39, 'rsi_lower': 20, 'rsi_upper': 75, 'en_stochastic': True, 'stochastic_n': 27, 'stochastic_d': 50, 'stochastic_lower': 17, 'stochastic_upper': 68, 'en_mfi': False, 'mfi_n': 11, 'mfi_lower': 17, 'mfi_upper': 65, 'en_bollinger': False, 'bollinger_n': 182, 'bollinger_k': 4.300000000000001, 'en_adx': False, 'adx_n': 97, 'adx_threshold': 21, 'en_structure_trend': False, 'structure_trend_swing_l': 14, 'en_order_block': False, 'order_block_swing_l': 19, 'en_fvg': False, 'fvg_lookback': 47, 'en_ifvg': True, 'en_breaker': True, 'breaker_swing_l': 15, 'en_cisd': False, 'k': 4, 'en_cap_bars': True, 'cap_1min': 3}.
