[I 2026-07-13 17:39:12,927] Trial 561 finished with values: [-282.7782309449685, -1021.4210723755241, 44.099999999999994] and parameters: {'sl_soft': 10.245954328680858, 'sl_hard_delta': 18.132241751897425, 'tp': 19.747368117299573, 'gate_pct': 42.37120833684469, 'dd_limit': 3719.9389583336606, 'cooldown': 22, 'flip': True, 'en_ema_trend': True, 'ema_trend_fast': 364, 'ema_trend_slow': 346, 'en_sma_trend': True, 'sma_trend_fast': 370, 'sma_trend_slow': 57, 'en_macd': True, 'macd_fast': 69, 'macd_slow': 18, 'macd_signal': 41, 'en_vwap': False, 'en_keltner': True, 'keltner_n': 178, 'keltner_m': 4.8, 'en_obv': True, 'obv_slope': 15, 'en_cci': False, 'cci_n': 117, 'cci_threshold': 65, 'en_rsi': True, 'rsi_n': 73, 'rsi_lower': 15, 'rsi_upper': 75, 'en_stochastic': False, 'stochastic_n': 30, 'stochastic_d': 29, 'stochastic_lower': 40, 'stochastic_upper': 87, 'en_mfi': False, 'mfi_n': 90, 'mfi_lower': 12, 'mfi_upper': 65, 'en_bollinger': False, 'bollinger_n': 96, 'bollinger_k': 4.4, 'en_adx': True, 'adx_n': 56, 'adx_threshold': 7, 'en_structure_trend': False, 'structure_trend_swing_l': 3, 'en_order_block': False, 'order_block_swing_l': 17, 'en_fvg': False, 'fvg_lookback': 42, 'en_ifvg': False, 'en_breaker': True, 'breaker_swing_l': 15, 'en_cisd': True, 'k': 4, 'en_cap_bars': True, 'cap_1min': 126}.
[I 2026-07-13 17:39:18,067] Trial 562 finished with values: [-143.7532941911013, -947.7954905573279, 39.3] and parameters: {'sl_soft': 14.695606985122541, 'sl_hard_delta': 4.304782983548088, 'tp': 27.72259577195913, 'gate_pct': 45.98205069731719, 'dd_limit': 7732.124461539199, 'cooldown': 22, 'flip': False, 'en_ema_trend': False, 'ema_trend_fast': 41, 'ema_trend_slow': 207, 'en_sma_trend': True, 'sma_trend_fast': 7, 'sma_trend_slow': 57, 'en_macd': True, 'macd_fast': 30, 'macd_slow': 63, 'macd_signal': 41, 'en_vwap': False, 'en_keltner': False, 'keltner_n': 149, 'keltner_m': 4.0, 'en_obv': False, 'obv_slope': 160, 'en_cci': False, 'cci_n': 33, 'cci_threshold': 300, 'en_rsi': True, 'rsi_n': 37, 'rsi_lower': 20, 'rsi_upper': 54, 'en_stochastic': True, 'stochastic_n': 88, 'stochastic_d': 13, 'stochastic_lower': 40, 'stochastic_upper': 60, 'en_mfi': False, 'mfi_n': 68, 'mfi_lower': 27, 'mfi_upper': 65, 'en_bollinger': False, 'bollinger_n': 137, 'bollinger_k': 4.6000000000000005, 'en_adx': True, 'adx_n': 54, 'adx_threshold': 8, 'en_structure_trend': False, 'structure_trend_swing_l': 19, 'en_order_block': True, 'order_block_swing_l': 18, 'en_fvg': False, 'fvg_lookback': 42, 'en_ifvg': True, 'en_breaker': True, 'breaker_swing_l': 20, 'en_cisd': False, 'k': 1, 'en_cap_bars': False, 'cap_1min': 1085}.
[I 2026-07-13 17:39:23,717] Trial 563 finished with values: [-60.1406713945471, -582.8825639289789, 44.15] and parameters: {'sl_soft': 13.186315729842667, 'sl_hard_delta': 2.661532227567695, 'tp': 23.976700355745017, 'gate_pct': 47.67526199665095, 'dd_limit': 1393.7003097166044, 'cooldown': 1, 'flip': True, 'en_ema_trend': False, 'ema_trend_fast': 104, 'ema_trend_slow': 187, 'en_sma_trend': False, 'sma_trend_fast': 70, 'sma_trend_slow': 249, 'en_macd': False, 'macd_fast': 33, 'macd_slow': 105, 'macd_signal': 22, 'en_vwap': False, 'en_keltner': False, 'keltner_n': 178, 'keltner_m': 3.4000000000000004, 'en_obv': False, 'obv_slope': 188, 'en_cci': False, 'cci_n': 158, 'cci_threshold': 80, 'en_rsi': True, 'rsi_n': 88, 'rsi_lower': 11, 'rsi_upper': 67, 'en_stochastic': True, 'stochastic_n': 63, 'stochastic_d': 12, 'stochastic_lower': 38, 'stochastic_upper': 89, 'en_mfi': False, 'mfi_n': 4, 'mfi_lower': 12, 'mfi_upper': 59, 'en_bollinger': True, 'bollinger_n': 182, 'bollinger_k': 1.9000000000000001, 'en_adx': False, 'adx_n': 48, 'adx_threshold': 27, 'en_structure_trend': True, 'structure_trend_swing_l': 10, 'en_order_block': False, 'order_block_swing_l': 16, 'en_fvg': False, 'fvg_lookback': 38, 'en_ifvg': True, 'en_breaker': False, 'breaker_swing_l': 18, 'en_cisd': False, 'k': 4, 'en_cap_bars': True, 'cap_1min': 859}.
[I 2026-07-13 17:39:24,672] Trial 564 finished with values: [198.89619753159423, -536.806878911375, 45.1] and parameters: {'sl_soft': 10.245954328680858, 'sl_hard_delta': 2.661532227567695, 'tp': 20.145316482998126, 'gate_pct': 45.98205069731719, 'dd_limit': 2816.719005079483, 'cooldown': 22, 'flip': False, 'en_ema_trend': False, 'ema_trend_fast': 41, 'ema_trend_slow': 187, 'en_sma_trend': False, 'sma_trend_fast': 7, 'sma_trend_slow': 249, 'en_macd': False, 'macd_fast': 68, 'macd_slow': 63, 'macd_signal': 21, 'en_vwap': True, 'en_keltner': False, 'keltner_n': 74, 'keltner_m': 4.0, 'en_obv': True, 'obv_slope': 160, 'en_cci': False, 'cci_n': 158, 'cci_threshold': 80, 'en_rsi': False, 'rsi_n': 19, 'rsi_lower': 20, 'rsi_upper': 77, 'en_stochastic': False, 'stochastic_n': 69, 'stochastic_d': 50, 'stochastic_lower': 40, 'stochastic_upper': 89, 'en_mfi': True, 'mfi_n': 84, 'mfi_lower': 7, 'mfi_upper': 65, 'en_bollinger': False, 'bollinger_n': 137, 'bollinger_k': 4.6000000000000005, 'en_adx': True, 'adx_n': 99, 'adx_threshold': 7, 'en_structure_trend': False, 'structure_trend_swing_l': 10, 'en_order_block': True, 'order_block_swing_l': 18, 'en_fvg': False, 'fvg_lookback': 42, 'en_ifvg': True, 'en_breaker': True, 'breaker_swing_l': 20, 'en_cisd': False, 'k': 3, 'en_cap_bars': True, 'cap_1min': 859}.
[I 2026-07-13 17:39:31,249] Trial 565 finished with values: [-64.02579382214753, -882.0906881210612, 42.25] and parameters: {'sl_soft': 13.186315729842667, 'sl_hard_delta': 18.30894587573933, 'tp': 27.72259577195913, 'gate_pct': 45.98205069731719, 'dd_limit': 7732.124461539199, 'cooldown': 9, 'flip': False, 'en_ema_trend': False, 'ema_trend_fast': 41, 'ema_trend_slow': 311, 'en_sma_trend': False, 'sma_trend_fast': 395, 'sma_trend_slow': 57, 'en_macd': True, 'macd_fast': 69, 'macd_slow': 63, 'macd_signal': 66, 'en_vwap': True, 'en_keltner': True, 'keltner_n': 95, 'keltner_m': 4.300000000000001, 'en_obv': True, 'obv_slope': 160, 'en_cci': False, 'cci_n': 32, 'cci_threshold': 120, 'en_rsi': False, 'rsi_n': 37, 'rsi_lower': 20, 'rsi_upper': 54, 'en_stochastic': True, 'stochastic_n': 66, 'stochastic_d': 13, 'stochastic_lower': 40, 'stochastic_upper': 54, 'en_mfi': False, 'mfi_n': 90, 'mfi_lower': 7, 'mfi_upper': 65, 'en_bollinger': True, 'bollinger_n': 137, 'bollinger_k': 1.7000000000000002, 'en_adx': True, 'adx_n': 75, 'adx_threshold': 7, 'en_structure_trend': False, 'structure_trend_swing_l': 19, 'en_order_block': True, 'order_block_swing_l': 12, 'en_fvg': False, 'fvg_lookback': 37, 'en_ifvg': True, 'en_breaker': True, 'breaker_swing_l': 18, 'en_cisd': False, 'k': 1, 'en_cap_bars': True, 'cap_1min': 618}.
[I 2026-07-13 17:39:32,751] Trial 566 finished with values: [-148.94495912854836, -1827.0821249225992, 33.6] and parameters: {'sl_soft': 14.695606985122541, 'sl_hard_delta': 2.661532227567695, 'tp': 30.9300733340449, 'gate_pct': 74.64771504966384, 'dd_limit': 2816.719005079483, 'cooldown': 14, 'flip': False, 'en_ema_trend': False, 'ema_trend_fast': 200, 'ema_trend_slow': 187, 'en_sma_trend': False, 'sma_trend_fast': 70, 'sma_trend_slow': 250, 'en_macd': False, 'macd_fast': 44, 'macd_slow': 105, 'macd_signal': 21, 'en_vwap': True, 'en_keltner': True, 'keltner_n': 80, 'keltner_m': 4.300000000000001, 'en_obv': False, 'obv_slope': 160, 'en_cci': True, 'cci_n': 158, 'cci_threshold': 80, 'en_rsi': True, 'rsi_n': 19, 'rsi_lower': 11, 'rsi_upper': 77, 'en_stochastic': True, 'stochastic_n': 69, 'stochastic_d': 28, 'stochastic_lower': 27, 'stochastic_upper': 89, 'en_mfi': False, 'mfi_n': 90, 'mfi_lower': 20, 'mfi_upper': 51, 'en_bollinger': False, 'bollinger_n': 131, 'bollinger_k': 1.9000000000000001, 'en_adx': False, 'adx_n': 99, 'adx_threshold': 12, 'en_structure_trend': False, 'structure_trend_swing_l': 18, 'en_order_block': True, 'order_block_swing_l': 8, 'en_fvg': False, 'fvg_lookback': 41, 'en_ifvg': True, 'en_breaker': True, 'breaker_swing_l': 9, 'en_cisd': True, 'k': 4, 'en_cap_bars': True, 'cap_1min': 651}.
[I 2026-07-13 17:39:33,338] Trial 567 finished with values: [276.59338218569246, -565.2131072441989, 47.5] and parameters: {'sl_soft': 10.245954328680858, 'sl_hard_delta': 18.132241751897425, 'tp': 27.72259577195913, 'gate_pct': 42.37120833684469, 'dd_limit': 3719.9389583336606, 'cooldown': 9, 'flip': False, 'en_ema_trend': False, 'ema_trend_fast': 41, 'ema_trend_slow': 346, 'en_sma_trend': False, 'sma_trend_fast': 395, 'sma_trend_slow': 57, 'en_macd': True, 'macd_fast': 30, 'macd_slow': 63, 'macd_signal': 41, 'en_vwap': True, 'en_keltner': True, 'keltner_n': 6, 'keltner_m': 4.300000000000001, 'en_obv': True, 'obv_slope': 188, 'en_cci': False, 'cci_n': 117, 'cci_threshold': 120, 'en_rsi': True, 'rsi_n': 37, 'rsi_lower': 27, 'rsi_upper': 54, 'en_stochastic': False, 'stochastic_n': 15, 'stochastic_d': 9, 'stochastic_lower': 16, 'stochastic_upper': 60, 'en_mfi': False, 'mfi_n': 42, 'mfi_lower': 20, 'mfi_upper': 65, 'en_bollinger': False, 'bollinger_n': 96, 'bollinger_k': 4.6000000000000005, 'en_adx': True, 'adx_n': 29, 'adx_threshold': 7, 'en_structure_trend': False, 'structure_trend_swing_l': 14, 'en_order_block': True, 'order_block_swing_l': 18, 'en_fvg': False, 'fvg_lookback': 37, 'en_ifvg': True, 'en_breaker': True, 'breaker_swing_l': 20, 'en_cisd': True, 'k': 5, 'en_cap_bars': True, 'cap_1min': 956}.
[I 2026-07-13 17:39:33,640] Trial 568 finished with values: [-33.47437730228194, -190.00389968670788, 40.2] and parameters: {'sl_soft': 14.695606985122541, 'sl_hard_delta': 4.304782983548088, 'tp': 27.72259577195913, 'gate_pct': 45.98205069731719, 'dd_limit': 7732.124461539199, 'cooldown': 1, 'flip': False, 'en_ema_trend': True, 'ema_trend_fast': 95, 'ema_trend_slow': 207, 'en_sma_trend': True, 'sma_trend_fast': 395, 'sma_trend_slow': 250, 'en_macd': True, 'macd_fast': 30, 'macd_slow': 63, 'macd_signal': 22, 'en_vwap': False, 'en_keltner': False, 'keltner_n': 149, 'keltner_m': 4.0, 'en_obv': False, 'obv_slope': 160, 'en_cci': True, 'cci_n': 33, 'cci_threshold': 300, 'en_rsi': True, 'rsi_n': 37, 'rsi_lower': 16, 'rsi_upper': 54, 'en_stochastic': True, 'stochastic_n': 88, 'stochastic_d': 13, 'stochastic_lower': 40, 'stochastic_upper': 90, 'en_mfi': True, 'mfi_n': 68, 'mfi_lower': 27, 'mfi_upper': 65, 'en_bollinger': False, 'bollinger_n': 195, 'bollinger_k': 1.7000000000000002, 'en_adx': True, 'adx_n': 54, 'adx_threshold': 8, 'en_structure_trend': False, 'structure_trend_swing_l': 14, 'en_order_block': True, 'order_block_swing_l': 12, 'en_fvg': False, 'fvg_lookback': 37, 'en_ifvg': True, 'en_breaker': True, 'breaker_swing_l': 20, 'en_cisd': False, 'k': 1, 'en_cap_bars': False, 'cap_1min': 1147}.
[I 2026-07-13 17:39:35,052] Trial 569 pruned. 
[I 2026-07-13 17:39:35,399] Trial 570 pruned. 
[I 2026-07-13 17:39:38,042] Trial 571 finished with values: [9.731737314868951, -486.42268407031224, 36.2] and parameters: {'sl_soft': 10.245954328680858, 'sl_hard_delta': 16.86135074536918, 'tp': 30.9300733340449, 'gate_pct': 42.37120833684469, 'dd_limit': 9508.627019250667, 'cooldown': 22, 'flip': True, 'en_ema_trend': False, 'ema_trend_fast': 41, 'ema_trend_slow': 346, 'en_sma_trend': False, 'sma_trend_fast': 337, 'sma_trend_slow': 242, 'en_macd': False, 'macd_fast': 25, 'macd_slow': 63, 'macd_signal': 87, 'en_vwap': True, 'en_keltner': True, 'keltner_n': 80, 'keltner_m': 4.0, 'en_obv': False, 'obv_slope': 185, 'en_cci': False, 'cci_n': 117, 'cci_threshold': 300, 'en_rsi': True, 'rsi_n': 52, 'rsi_lower': 11, 'rsi_upper': 75, 'en_stochastic': False, 'stochastic_n': 66, 'stochastic_d': 24, 'stochastic_lower': 40, 'stochastic_upper': 90, 'en_mfi': False, 'mfi_n': 13, 'mfi_lower': 7, 'mfi_upper': 65, 'en_bollinger': False, 'bollinger_n': 96, 'bollinger_k': 3.4000000000000004, 'en_adx': False, 'adx_n': 54, 'adx_threshold': 7, 'en_structure_trend': False, 'structure_trend_swing_l': 14, 'en_order_block': True, 'order_block_swing_l': 13, 'en_fvg': False, 'fvg_lookback': 42, 'en_ifvg': True, 'en_breaker': False, 'breaker_swing_l': 9, 'en_cisd': True, 'k': 4, 'en_cap_bars': True, 'cap_1min': 3}.
[I 2026-07-13 17:39:38,411] Trial 572 finished with values: [104.30648942989137, -436.89098040289537, 56.4] and parameters: {'sl_soft': 10.245954328680858, 'sl_hard_delta': 18.132241751897425, 'tp': 27.72259577195913, 'gate_pct': 42.37120833684469, 'dd_limit': 3719.9389583336606, 'cooldown': 18, 'flip': False, 'en_ema_trend': False, 'ema_trend_fast': 41, 'ema_trend_slow': 346, 'en_sma_trend': True, 'sma_trend_fast': 283, 'sma_trend_slow': 57, 'en_macd': True, 'macd_fast': 69, 'macd_slow': 63, 'macd_signal': 41, 'en_vwap': True, 'en_keltner': True, 'keltner_n': 3, 'keltner_m': 4.0, 'en_obv': True, 'obv_slope': 61, 'en_cci': False, 'cci_n': 117, 'cci_threshold': 300, 'en_rsi': True, 'rsi_n': 52, 'rsi_lower': 20, 'rsi_upper': 75, 'en_stochastic': False, 'stochastic_n': 66, 'stochastic_d': 9, 'stochastic_lower': 40, 'stochastic_upper': 60, 'en_mfi': False, 'mfi_n': 90, 'mfi_lower': 7, 'mfi_upper': 65, 'en_bollinger': True, 'bollinger_n': 96, 'bollinger_k': 4.6000000000000005, 'en_adx': True, 'adx_n': 56, 'adx_threshold': 7, 'en_structure_trend': False, 'structure_trend_swing_l': 14, 'en_order_block': True, 'order_block_swing_l': 12, 'en_fvg': False, 'fvg_lookback': 42, 'en_ifvg': True, 'en_breaker': False, 'breaker_swing_l': 20, 'en_cisd': True, 'k': 5, 'en_cap_bars': True, 'cap_1min': 3}.
[I 2026-07-13 17:39:38,824] Trial 573 pruned. 
[I 2026-07-13 17:39:39,196] Trial 574 finished with values: [223.30060126243552, -593.146328544899, 35.2] and parameters: {'sl_soft': 10.245954328680858, 'sl_hard_delta': 2.661532227567695, 'tp': 27.72259577195913, 'gate_pct': 52.7932312951505, 'dd_limit': 2816.719005079483, 'cooldown': 22, 'flip': False, 'en_ema_trend': False, 'ema_trend_fast': 200, 'ema_trend_slow': 187, 'en_sma_trend': True, 'sma_trend_fast': 7, 'sma_trend_slow': 250, 'en_macd': False, 'macd_fast': 44, 'macd_slow': 105, 'macd_signal': 41, 'en_vwap': True, 'en_keltner': True, 'keltner_n': 3, 'keltner_m': 4.300000000000001, 'en_obv': True, 'obv_slope': 160, 'en_cci': True, 'cci_n': 117, 'cci_threshold': 300, 'en_rsi': True, 'rsi_n': 19, 'rsi_lower': 20, 'rsi_upper': 77, 'en_stochastic': False, 'stochastic_n': 69, 'stochastic_d': 9, 'stochastic_lower': 40, 'stochastic_upper': 60, 'en_mfi': False, 'mfi_n': 90, 'mfi_lower': 20, 'mfi_upper': 65, 'en_bollinger': False, 'bollinger_n': 131, 'bollinger_k': 1.9000000000000001, 'en_adx': True, 'adx_n': 99, 'adx_threshold': 7, 'en_structure_trend': False, 'structure_trend_swing_l': 10, 'en_order_block': False, 'order_block_swing_l': 8, 'en_fvg': True, 'fvg_lookback': 37, 'en_ifvg': True, 'en_breaker': True, 'breaker_swing_l': 20, 'en_cisd': True, 'k': 5, 'en_cap_bars': True, 'cap_1min': 859}.
[I 2026-07-13 17:39:40,296] Trial 575 pruned. 
[I 2026-07-13 17:39:40,686] Trial 576 finished with values: [197.66748865833506, -786.8909804028954, 56.8] and parameters: {'sl_soft': 10.245954328680858, 'sl_hard_delta': 18.132241751897425, 'tp': 27.72259577195913, 'gate_pct': 45.98205069731719, 'dd_limit': 7732.124461539199, 'cooldown': 22, 'flip': False, 'en_ema_trend': False, 'ema_trend_fast': 41, 'ema_trend_slow': 346, 'en_sma_trend': True, 'sma_trend_fast': 7, 'sma_trend_slow': 57, 'en_macd': True, 'macd_fast': 69, 'macd_slow': 63, 'macd_signal': 41, 'en_vwap': False, 'en_keltner': True, 'keltner_n': 95, 'keltner_m': 4.0, 'en_obv': True, 'obv_slope': 160, 'en_cci': False, 'cci_n': 117, 'cci_threshold': 300, 'en_rsi': True, 'rsi_n': 37, 'rsi_lower': 20, 'rsi_upper': 54, 'en_stochastic': False, 'stochastic_n': 66, 'stochastic_d': 9, 'stochastic_lower': 40, 'stochastic_upper': 60, 'en_mfi': False, 'mfi_n': 90, 'mfi_lower': 7, 'mfi_upper': 65, 'en_bollinger': False, 'bollinger_n': 137, 'bollinger_k': 4.6000000000000005, 'en_adx': True, 'adx_n': 29, 'adx_threshold': 7, 'en_structure_trend': False, 'structure_trend_swing_l': 19, 'en_order_block': True, 'order_block_swing_l': 18, 'en_fvg': False, 'fvg_lookback': 42, 'en_ifvg': True, 'en_breaker': True, 'breaker_swing_l': 20, 'en_cisd': False, 'k': 1, 'en_cap_bars': True, 'cap_1min': 3}.
[I 2026-07-13 17:39:41,282] Trial 577 finished with values: [28.607605673769285, -492.78478865246143, 43.05] and parameters: {'sl_soft': 14.695606985122541, 'sl_hard_delta': 16.86135074536918, 'tp': 27.72259577195913, 'gate_pct': 45.98205069731719, 'dd_limit': 7732.124461539199, 'cooldown': 9, 'flip': True, 'en_ema_trend': False, 'ema_trend_fast': 102, 'ema_trend_slow': 207, 'en_sma_trend': False, 'sma_trend_fast': 337, 'sma_trend_slow': 250, 'en_macd': True, 'macd_fast': 69, 'macd_slow': 63, 'macd_signal': 41, 'en_vwap': False, 'en_keltner': True, 'keltner_n': 80, 'keltner_m': 4.300000000000001, 'en_obv': True, 'obv_slope': 185, 'en_cci': True, 'cci_n': 33, 'cci_threshold': 250, 'en_rsi': True, 'rsi_n': 23, 'rsi_lower': 11, 'rsi_upper': 94, 'en_stochastic': False, 'stochastic_n': 77, 'stochastic_d': 9, 'stochastic_lower': 40, 'stochastic_upper': 90, 'en_mfi': False, 'mfi_n': 13, 'mfi_lower': 23, 'mfi_upper': 65, 'en_bollinger': False, 'bollinger_n': 137, 'bollinger_k': 1.7000000000000002, 'en_adx': False, 'adx_n': 52, 'adx_threshold': 7, 'en_structure_trend': False, 'structure_trend_swing_l': 19, 'en_order_block': True, 'order_block_swing_l': 12, 'en_fvg': False, 'fvg_lookback': 41, 'en_ifvg': True, 'en_breaker': False, 'breaker_swing_l': 20, 'en_cisd': True, 'k': 4, 'en_cap_bars': True, 'cap_1min': 3}.
[I 2026-07-13 17:39:43,365] Trial 578 finished with values: [-64.3602742839721, -277.33352742772695, 39.65] and parameters: {'sl_soft': 12.334463733650468, 'sl_hard_delta': 18.132241751897425, 'tp': 27.72259577195913, 'gate_pct': 42.37120833684469, 'dd_limit': 9508.627019250667, 'cooldown': 17, 'flip': True, 'en_ema_trend': False, 'ema_trend_fast': 41, 'ema_trend_slow': 346, 'en_sma_trend': True, 'sma_trend_fast': 7, 'sma_trend_slow': 57, 'en_macd': True, 'macd_fast': 69, 'macd_slow': 167, 'macd_signal': 31, 'en_vwap': True, 'en_keltner': False, 'keltner_n': 3, 'keltner_m': 4.0, 'en_obv': True, 'obv_slope': 177, 'en_cci': False, 'cci_n': 186, 'cci_threshold': 30, 'en_rsi': False, 'rsi_n': 17, 'rsi_lower': 20, 'rsi_upper': 98, 'en_stochastic': False, 'stochastic_n': 66, 'stochastic_d': 14, 'stochastic_lower': 40, 'stochastic_upper': 60, 'en_mfi': True, 'mfi_n': 45, 'mfi_lower': 13, 'mfi_upper': 65, 'en_bollinger': True, 'bollinger_n': 127, 'bollinger_k': 3.0, 'en_adx': False, 'adx_n': 60, 'adx_threshold': 7, 'en_structure_trend': False, 'structure_trend_swing_l': 10, 'en_order_block': False, 'order_block_swing_l': 18, 'en_fvg': False, 'fvg_lookback': 29, 'en_ifvg': True, 'en_breaker': True, 'breaker_swing_l': 20, 'en_cisd': True, 'k': 5, 'en_cap_bars': True, 'cap_1min': 3}.
[I 2026-07-13 17:39:46,397] Trial 579 finished with values: [-115.62471586034007, -562.3546781721598, 45.25] and parameters: {'sl_soft': 12.023742953585678, 'sl_hard_delta': 26.941928915444915, 'tp': 19.747368117299573, 'gate_pct': 42.37120833684469, 'dd_limit': 3350.6412140007124, 'cooldown': 22, 'flip': True, 'en_ema_trend': True, 'ema_trend_fast': 364, 'ema_trend_slow': 381, 'en_sma_trend': False, 'sma_trend_fast': 283, 'sma_trend_slow': 370, 'en_macd': True, 'macd_fast': 50, 'macd_slow': 155, 'macd_signal': 17, 'en_vwap': False, 'en_keltner': True, 'keltner_n': 178, 'keltner_m': 4.0, 'en_obv': False, 'obv_slope': 15, 'en_cci': False, 'cci_n': 7, 'cci_threshold': 65, 'en_rsi': True, 'rsi_n': 73, 'rsi_lower': 20, 'rsi_upper': 81, 'en_stochastic': False, 'stochastic_n': 59, 'stochastic_d': 29, 'stochastic_lower': 16, 'stochastic_upper': 87, 'en_mfi': False, 'mfi_n': 70, 'mfi_lower': 7, 'mfi_upper': 81, 'en_bollinger': True, 'bollinger_n': 62, 'bollinger_k': 4.6000000000000005, 'en_adx': True, 'adx_n': 20, 'adx_threshold': 7, 'en_structure_trend': False, 'structure_trend_swing_l': 3, 'en_order_block': False, 'order_block_swing_l': 12, 'en_fvg': False, 'fvg_lookback': 2, 'en_ifvg': True, 'en_breaker': False, 'breaker_swing_l': 15, 'en_cisd': False, 'k': 5, 'en_cap_bars': True, 'cap_1min': 126}.
[I 2026-07-13 17:39:46,801] Trial 580 finished with values: [28.553570243093418, -884.3874557014715, 35.1] and parameters: {'sl_soft': 12.023742953585678, 'sl_hard_delta': 18.132241751897425, 'tp': 35.9154825605429, 'gate_pct': 45.31574833688609, 'dd_limit': 7732.124461539199, 'cooldown': 22, 'flip': False, 'en_ema_trend': False, 'ema_trend_fast': 284, 'ema_trend_slow': 346, 'en_sma_trend': False, 'sma_trend_fast': 283, 'sma_trend_slow': 57, 'en_macd': False, 'macd_fast': 50, 'macd_slow': 94, 'macd_signal': 41, 'en_vwap': True, 'en_keltner': True, 'keltner_n': 3, 'keltner_m': 4.0, 'en_obv': True, 'obv_slope': 160, 'en_cci': False, 'cci_n': 32, 'cci_threshold': 300, 'en_rsi': True, 'rsi_n': 52, 'rsi_lower': 20, 'rsi_upper': 75, 'en_stochastic': False, 'stochastic_n': 15, 'stochastic_d': 9, 'stochastic_lower': 16, 'stochastic_upper': 54, 'en_mfi': False, 'mfi_n': 42, 'mfi_lower': 20, 'mfi_upper': 76, 'en_bollinger': True, 'bollinger_n': 96, 'bollinger_k': 1.7000000000000002, 'en_adx': True, 'adx_n': 29, 'adx_threshold': 7, 'en_structure_trend': False, 'structure_trend_swing_l': 8, 'en_order_block': True, 'order_block_swing_l': 12, 'en_fvg': False, 'fvg_lookback': 2, 'en_ifvg': True, 'en_breaker': False, 'breaker_swing_l': 2, 'en_cisd': False, 'k': 5, 'en_cap_bars': True, 'cap_1min': 107}.
