[I 2026-07-13 17:30:32,524] Trial 357 finished with values: [297.72999141046967, -601.6102118604977, 45.45] and parameters: {'sl_soft': 11.828074798855372, 'sl_hard_delta': 4.209268042123824, 'tp': 23.976700355745017, 'gate_pct': 77.7098229275783, 'dd_limit': 1393.7003097166044, 'cooldown': 8, 'flip': True, 'en_ema_trend': True, 'ema_trend_fast': 271, 'ema_trend_slow': 85, 'en_sma_trend': False, 'sma_trend_fast': 395, 'sma_trend_slow': 263, 'en_macd': True, 'macd_fast': 30, 'macd_slow': 94, 'macd_signal': 34, 'en_vwap': True, 'en_keltner': True, 'keltner_n': 168, 'keltner_m': 2.1, 'en_obv': True, 'obv_slope': 188, 'en_cci': True, 'cci_n': 88, 'cci_threshold': 120, 'en_rsi': False, 'rsi_n': 37, 'rsi_lower': 43, 'rsi_upper': 52, 'en_stochastic': False, 'stochastic_n': 56, 'stochastic_d': 12, 'stochastic_lower': 2, 'stochastic_upper': 67, 'en_mfi': True, 'mfi_n': 42, 'mfi_lower': 20, 'mfi_upper': 65, 'en_bollinger': True, 'bollinger_n': 137, 'bollinger_k': 1.7000000000000002, 'en_adx': False, 'adx_n': 52, 'adx_threshold': 7, 'en_structure_trend': True, 'structure_trend_swing_l': 7, 'en_order_block': False, 'order_block_swing_l': 12, 'en_fvg': True, 'fvg_lookback': 37, 'en_ifvg': True, 'en_breaker': False, 'breaker_swing_l': 7, 'en_cisd': True, 'k': 4, 'en_cap_bars': False, 'cap_1min': 772}.
[I 2026-07-13 17:30:33,366] Trial 358 pruned. 
[I 2026-07-13 17:30:33,832] Trial 359 pruned. 
[I 2026-07-13 17:30:36,004] Trial 360 finished with values: [-384.6467997012405, -1199.0809634941252, 67.55000000000001] and parameters: {'sl_soft': 27.25884357896654, 'sl_hard_delta': 4.304782983548088, 'tp': 11.768073292054666, 'gate_pct': 49.958417067888604, 'dd_limit': 1544.8324182646438, 'cooldown': 1, 'flip': False, 'en_ema_trend': False, 'ema_trend_fast': 95, 'ema_trend_slow': 94, 'en_sma_trend': False, 'sma_trend_fast': 154, 'sma_trend_slow': 250, 'en_macd': True, 'macd_fast': 44, 'macd_slow': 30, 'macd_signal': 22, 'en_vwap': True, 'en_keltner': False, 'keltner_n': 175, 'keltner_m': 3.1, 'en_obv': True, 'obv_slope': 160, 'en_cci': True, 'cci_n': 33, 'cci_threshold': 30, 'en_rsi': True, 'rsi_n': 93, 'rsi_lower': 16, 'rsi_upper': 70, 'en_stochastic': False, 'stochastic_n': 80, 'stochastic_d': 50, 'stochastic_lower': 44, 'stochastic_upper': 90, 'en_mfi': True, 'mfi_n': 68, 'mfi_lower': 15, 'mfi_upper': 65, 'en_bollinger': False, 'bollinger_n': 85, 'bollinger_k': 4.8, 'en_adx': False, 'adx_n': 48, 'adx_threshold': 9, 'en_structure_trend': False, 'structure_trend_swing_l': 7, 'en_order_block': False, 'order_block_swing_l': 8, 'en_fvg': False, 'fvg_lookback': 35, 'en_ifvg': True, 'en_breaker': False, 'breaker_swing_l': 20, 'en_cisd': False, 'k': 4, 'en_cap_bars': False, 'cap_1min': 1085}.
[I 2026-07-13 17:30:41,464] Trial 361 finished with values: [-133.67599219494878, -464.3191870933879, 56.25] and parameters: {'sl_soft': 13.186315729842667, 'sl_hard_delta': 11.445594980891276, 'tp': 11.768073292054666, 'gate_pct': 45.98205069731719, 'dd_limit': 365.1680353374175, 'cooldown': 9, 'flip': False, 'en_ema_trend': True, 'ema_trend_fast': 104, 'ema_trend_slow': 311, 'en_sma_trend': False, 'sma_trend_fast': 395, 'sma_trend_slow': 370, 'en_macd': False, 'macd_fast': 50, 'macd_slow': 98, 'macd_signal': 87, 'en_vwap': True, 'en_keltner': True, 'keltner_n': 6, 'keltner_m': 4.300000000000001, 'en_obv': True, 'obv_slope': 188, 'en_cci': True, 'cci_n': 32, 'cci_threshold': 120, 'en_rsi': False, 'rsi_n': 93, 'rsi_lower': 36, 'rsi_upper': 54, 'en_stochastic': True, 'stochastic_n': 77, 'stochastic_d': 13, 'stochastic_lower': 16, 'stochastic_upper': 54, 'en_mfi': False, 'mfi_n': 42, 'mfi_lower': 23, 'mfi_upper': 51, 'en_bollinger': True, 'bollinger_n': 92, 'bollinger_k': 1.9000000000000001, 'en_adx': False, 'adx_n': 29, 'adx_threshold': 9, 'en_structure_trend': True, 'structure_trend_swing_l': 18, 'en_order_block': True, 'order_block_swing_l': 13, 'en_fvg': True, 'fvg_lookback': 37, 'en_ifvg': False, 'en_breaker': True, 'breaker_swing_l': 9, 'en_cisd': False, 'k': 4, 'en_cap_bars': False, 'cap_1min': 107}.
[I 2026-07-13 17:30:43,579] Trial 362 pruned. 
[I 2026-07-13 17:30:44,420] Trial 363 pruned. 
[I 2026-07-13 17:30:44,757] Trial 364 finished with values: [-1126.7532916072742, -1660.8950664126678, 53.3] and parameters: {'sl_soft': 27.235495572169377, 'sl_hard_delta': 2.661532227567695, 'tp': 19.747368117299573, 'gate_pct': 92.80779954528938, 'dd_limit': 1293.3066739437313, 'cooldown': 22, 'flip': False, 'en_ema_trend': False, 'ema_trend_fast': 200, 'ema_trend_slow': 102, 'en_sma_trend': True, 'sma_trend_fast': 370, 'sma_trend_slow': 339, 'en_macd': False, 'macd_fast': 31, 'macd_slow': 105, 'macd_signal': 17, 'en_vwap': True, 'en_keltner': False, 'keltner_n': 74, 'keltner_m': 4.8, 'en_obv': False, 'obv_slope': 188, 'en_cci': True, 'cci_n': 158, 'cci_threshold': 80, 'en_rsi': False, 'rsi_n': 19, 'rsi_lower': 15, 'rsi_upper': 77, 'en_stochastic': False, 'stochastic_n': 69, 'stochastic_d': 29, 'stochastic_lower': 27, 'stochastic_upper': 86, 'en_mfi': False, 'mfi_n': 70, 'mfi_lower': 12, 'mfi_upper': 81, 'en_bollinger': True, 'bollinger_n': 91, 'bollinger_k': 1.9000000000000001, 'en_adx': False, 'adx_n': 33, 'adx_threshold': 28, 'en_structure_trend': True, 'structure_trend_swing_l': 10, 'en_order_block': False, 'order_block_swing_l': 16, 'en_fvg': False, 'fvg_lookback': 25, 'en_ifvg': True, 'en_breaker': True, 'breaker_swing_l': 18, 'en_cisd': False, 'k': 3, 'en_cap_bars': True, 'cap_1min': 859}.
[I 2026-07-13 17:30:52,180] Trial 365 finished with values: [160.80125235324886, -607.3780124379846, 55.5] and parameters: {'sl_soft': 27.25884357896654, 'sl_hard_delta': 1.786904617958767, 'tp': 27.72259577195913, 'gate_pct': 58.77346993604095, 'dd_limit': 3719.9389583336606, 'cooldown': 22, 'flip': True, 'en_ema_trend': False, 'ema_trend_fast': 41, 'ema_trend_slow': 346, 'en_sma_trend': False, 'sma_trend_fast': 154, 'sma_trend_slow': 265, 'en_macd': True, 'macd_fast': 33, 'macd_slow': 63, 'macd_signal': 41, 'en_vwap': True, 'en_keltner': True, 'keltner_n': 178, 'keltner_m': 4.8, 'en_obv': False, 'obv_slope': 15, 'en_cci': False, 'cci_n': 188, 'cci_threshold': 155, 'en_rsi': True, 'rsi_n': 52, 'rsi_lower': 20, 'rsi_upper': 67, 'en_stochastic': True, 'stochastic_n': 66, 'stochastic_d': 12, 'stochastic_lower': 44, 'stochastic_upper': 74, 'en_mfi': True, 'mfi_n': 90, 'mfi_lower': 7, 'mfi_upper': 79, 'en_bollinger': False, 'bollinger_n': 96, 'bollinger_k': 4.8, 'en_adx': True, 'adx_n': 56, 'adx_threshold': 7, 'en_structure_trend': False, 'structure_trend_swing_l': 7, 'en_order_block': False, 'order_block_swing_l': 18, 'en_fvg': False, 'fvg_lookback': 42, 'en_ifvg': True, 'en_breaker': True, 'breaker_swing_l': 5, 'en_cisd': True, 'k': 5, 'en_cap_bars': True, 'cap_1min': 772}.
[I 2026-07-13 17:30:57,978] Trial 366 finished with values: [-82.19008026080701, -594.8598586425942, 28.8] and parameters: {'sl_soft': 12.334463733650468, 'sl_hard_delta': 2.661532227567695, 'tp': 33.53844943795319, 'gate_pct': 58.77346993604095, 'dd_limit': 7394.721751419064, 'cooldown': 14, 'flip': False, 'en_ema_trend': False, 'ema_trend_fast': 351, 'ema_trend_slow': 334, 'en_sma_trend': False, 'sma_trend_fast': 154, 'sma_trend_slow': 298, 'en_macd': False, 'macd_fast': 25, 'macd_slow': 179, 'macd_signal': 87, 'en_vwap': False, 'en_keltner': False, 'keltner_n': 74, 'keltner_m': 3.9000000000000004, 'en_obv': True, 'obv_slope': 185, 'en_cci': False, 'cci_n': 108, 'cci_threshold': 45, 'en_rsi': False, 'rsi_n': 5, 'rsi_lower': 11, 'rsi_upper': 67, 'en_stochastic': True, 'stochastic_n': 80, 'stochastic_d': 12, 'stochastic_lower': 27, 'stochastic_upper': 72, 'en_mfi': True, 'mfi_n': 45, 'mfi_lower': 48, 'mfi_upper': 79, 'en_bollinger': False, 'bollinger_n': 91, 'bollinger_k': 1.9000000000000001, 'en_adx': False, 'adx_n': 67, 'adx_threshold': 35, 'en_structure_trend': True, 'structure_trend_swing_l': 7, 'en_order_block': False, 'order_block_swing_l': 16, 'en_fvg': False, 'fvg_lookback': 18, 'en_ifvg': True, 'en_breaker': True, 'breaker_swing_l': 15, 'en_cisd': False, 'k': 4, 'en_cap_bars': True, 'cap_1min': 772}.
[I 2026-07-13 17:30:58,393] Trial 367 finished with values: [-27.988032990797365, -418.5976065981595, 54.8] and parameters: {'sl_soft': 13.417321197537158, 'sl_hard_delta': 18.132241751897425, 'tp': 15.280478680365094, 'gate_pct': 26.3517884829504, 'dd_limit': 9592.055300611895, 'cooldown': 34, 'flip': True, 'en_ema_trend': False, 'ema_trend_fast': 196, 'ema_trend_slow': 125, 'en_sma_trend': True, 'sma_trend_fast': 357, 'sma_trend_slow': 242, 'en_macd': False, 'macd_fast': 69, 'macd_slow': 142, 'macd_signal': 61, 'en_vwap': True, 'en_keltner': True, 'keltner_n': 3, 'keltner_m': 3.3000000000000003, 'en_obv': False, 'obv_slope': 188, 'en_cci': False, 'cci_n': 156, 'cci_threshold': 300, 'en_rsi': False, 'rsi_n': 52, 'rsi_lower': 13, 'rsi_upper': 57, 'en_stochastic': False, 'stochastic_n': 66, 'stochastic_d': 36, 'stochastic_lower': 40, 'stochastic_upper': 62, 'en_mfi': False, 'mfi_n': 80, 'mfi_lower': 8, 'mfi_upper': 70, 'en_bollinger': True, 'bollinger_n': 96, 'bollinger_k': 3.9000000000000004, 'en_adx': False, 'adx_n': 62, 'adx_threshold': 7, 'en_structure_trend': True, 'structure_trend_swing_l': 15, 'en_order_block': False, 'order_block_swing_l': 18, 'en_fvg': True, 'fvg_lookback': 25, 'en_ifvg': True, 'en_breaker': True, 'breaker_swing_l': 14, 'en_cisd': False, 'k': 2, 'en_cap_bars': True, 'cap_1min': 652}.
[I 2026-07-13 17:30:59,935] Trial 368 finished with values: [-14.288254787497863, -606.9693800618188, 45.0] and parameters: {'sl_soft': 13.186315729842667, 'sl_hard_delta': 12.207560282522527, 'tp': 23.976700355745017, 'gate_pct': 36.655664385123444, 'dd_limit': 4207.99661406946, 'cooldown': 17, 'flip': True, 'en_ema_trend': True, 'ema_trend_fast': 12, 'ema_trend_slow': 311, 'en_sma_trend': False, 'sma_trend_fast': 224, 'sma_trend_slow': 93, 'en_macd': True, 'macd_fast': 24, 'macd_slow': 3, 'macd_signal': 66, 'en_vwap': True, 'en_keltner': True, 'keltner_n': 6, 'keltner_m': 4.300000000000001, 'en_obv': True, 'obv_slope': 184, 'en_cci': True, 'cci_n': 19, 'cci_threshold': 80, 'en_rsi': False, 'rsi_n': 37, 'rsi_lower': 21, 'rsi_upper': 54, 'en_stochastic': False, 'stochastic_n': 25, 'stochastic_d': 13, 'stochastic_lower': 18, 'stochastic_upper': 77, 'en_mfi': False, 'mfi_n': 42, 'mfi_lower': 10, 'mfi_upper': 65, 'en_bollinger': True, 'bollinger_n': 137, 'bollinger_k': 1.7000000000000002, 'en_adx': True, 'adx_n': 29, 'adx_threshold': 7, 'en_structure_trend': True, 'structure_trend_swing_l': 19, 'en_order_block': True, 'order_block_swing_l': 12, 'en_fvg': False, 'fvg_lookback': 37, 'en_ifvg': True, 'en_breaker': True, 'breaker_swing_l': 8, 'en_cisd': False, 'k': 1, 'en_cap_bars': True, 'cap_1min': 16}.
[I 2026-07-13 17:31:02,622] Trial 369 finished with values: [1362.001058272599, -1435.9651000888698, 45.35] and parameters: {'sl_soft': 11.828074798855372, 'sl_hard_delta': 4.209268042123824, 'tp': 23.976700355745017, 'gate_pct': 74.64771504966384, 'dd_limit': 5783.923331052917, 'cooldown': 8, 'flip': True, 'en_ema_trend': True, 'ema_trend_fast': 351, 'ema_trend_slow': 112, 'en_sma_trend': False, 'sma_trend_fast': 395, 'sma_trend_slow': 263, 'en_macd': False, 'macd_fast': 30, 'macd_slow': 94, 'macd_signal': 66, 'en_vwap': True, 'en_keltner': True, 'keltner_n': 168, 'keltner_m': 4.300000000000001, 'en_obv': True, 'obv_slope': 188, 'en_cci': True, 'cci_n': 88, 'cci_threshold': 120, 'en_rsi': False, 'rsi_n': 37, 'rsi_lower': 43, 'rsi_upper': 94, 'en_stochastic': False, 'stochastic_n': 56, 'stochastic_d': 12, 'stochastic_lower': 2, 'stochastic_upper': 67, 'en_mfi': False, 'mfi_n': 42, 'mfi_lower': 20, 'mfi_upper': 65, 'en_bollinger': True, 'bollinger_n': 137, 'bollinger_k': 1.7000000000000002, 'en_adx': False, 'adx_n': 29, 'adx_threshold': 7, 'en_structure_trend': True, 'structure_trend_swing_l': 19, 'en_order_block': False, 'order_block_swing_l': 12, 'en_fvg': False, 'fvg_lookback': 41, 'en_ifvg': True, 'en_breaker': False, 'breaker_swing_l': 7, 'en_cisd': False, 'k': 1, 'en_cap_bars': False, 'cap_1min': 107}.
[I 2026-07-13 17:31:09,720] Trial 370 finished with values: [211.80648942989137, -365.77992352740694, 61.349999999999994] and parameters: {'sl_soft': 12.023742953585678, 'sl_hard_delta': 18.132241751897425, 'tp': 27.72259577195913, 'gate_pct': 42.37120833684469, 'dd_limit': 365.1680353374175, 'cooldown': 22, 'flip': False, 'en_ema_trend': True, 'ema_trend_fast': 284, 'ema_trend_slow': 381, 'en_sma_trend': False, 'sma_trend_fast': 283, 'sma_trend_slow': 370, 'en_macd': False, 'macd_fast': 50, 'macd_slow': 155, 'macd_signal': 41, 'en_vwap': True, 'en_keltner': True, 'keltner_n': 149, 'keltner_m': 4.0, 'en_obv': True, 'obv_slope': 61, 'en_cci': False, 'cci_n': 117, 'cci_threshold': 95, 'en_rsi': True, 'rsi_n': 52, 'rsi_lower': 20, 'rsi_upper': 75, 'en_stochastic': False, 'stochastic_n': 59, 'stochastic_d': 9, 'stochastic_lower': 16, 'stochastic_upper': 53, 'en_mfi': False, 'mfi_n': 89, 'mfi_lower': 7, 'mfi_upper': 65, 'en_bollinger': True, 'bollinger_n': 96, 'bollinger_k': 4.6000000000000005, 'en_adx': True, 'adx_n': 50, 'adx_threshold': 7, 'en_structure_trend': False, 'structure_trend_swing_l': 8, 'en_order_block': True, 'order_block_swing_l': 12, 'en_fvg': True, 'fvg_lookback': 2, 'en_ifvg': True, 'en_breaker': False, 'breaker_swing_l': 2, 'en_cisd': False, 'k': 5, 'en_cap_bars': True, 'cap_1min': 3}.
[I 2026-07-13 17:31:16,765] Trial 371 finished with values: [-108.41003439145425, -494.9030799879256, 53.25] and parameters: {'sl_soft': 12.023742953585678, 'sl_hard_delta': 4.204358064837304, 'tp': 11.768073292054666, 'gate_pct': 74.64771504966384, 'dd_limit': 365.1680353374175, 'cooldown': 20, 'flip': False, 'en_ema_trend': True, 'ema_trend_fast': 293, 'ema_trend_slow': 346, 'en_sma_trend': True, 'sma_trend_fast': 283, 'sma_trend_slow': 370, 'en_macd': True, 'macd_fast': 31, 'macd_slow': 98, 'macd_signal': 87, 'en_vwap': True, 'en_keltner': False, 'keltner_n': 178, 'keltner_m': 4.0, 'en_obv': False, 'obv_slope': 185, 'en_cci': False, 'cci_n': 7, 'cci_threshold': 175, 'en_rsi': True, 'rsi_n': 73, 'rsi_lower': 15, 'rsi_upper': 94, 'en_stochastic': True, 'stochastic_n': 63, 'stochastic_d': 24, 'stochastic_lower': 20, 'stochastic_upper': 53, 'en_mfi': False, 'mfi_n': 70, 'mfi_lower': 17, 'mfi_upper': 65, 'en_bollinger': True, 'bollinger_n': 92, 'bollinger_k': 1.9000000000000001, 'en_adx': False, 'adx_n': 50, 'adx_threshold': 9, 'en_structure_trend': False, 'structure_trend_swing_l': 3, 'en_order_block': False, 'order_block_swing_l': 17, 'en_fvg': True, 'fvg_lookback': 41, 'en_ifvg': False, 'en_breaker': True, 'breaker_swing_l': 9, 'en_cisd': False, 'k': 4, 'en_cap_bars': True, 'cap_1min': 651}.
[I 2026-07-13 17:31:25,248] Trial 372 finished with values: [-249.45534406913794, -449.8798788365093, 21.65] and parameters: {'sl_soft': 12.334463733650468, 'sl_hard_delta': 2.661532227567695, 'tp': 33.53844943795319, 'gate_pct': 58.77346993604095, 'dd_limit': 7394.721751419064, 'cooldown': 14, 'flip': True, 'en_ema_trend': True, 'ema_trend_fast': 389, 'ema_trend_slow': 334, 'en_sma_trend': False, 'sma_trend_fast': 70, 'sma_trend_slow': 249, 'en_macd': False, 'macd_fast': 88, 'macd_slow': 167, 'macd_signal': 22, 'en_vwap': False, 'en_keltner': True, 'keltner_n': 178, 'keltner_m': 0.9, 'en_obv': True, 'obv_slope': 177, 'en_cci': True, 'cci_n': 188, 'cci_threshold': 45, 'en_rsi': True, 'rsi_n': 19, 'rsi_lower': 38, 'rsi_upper': 67, 'en_stochastic': True, 'stochastic_n': 80, 'stochastic_d': 50, 'stochastic_lower': 27, 'stochastic_upper': 72, 'en_mfi': True, 'mfi_n': 45, 'mfi_lower': 48, 'mfi_upper': 59, 'en_bollinger': True, 'bollinger_n': 52, 'bollinger_k': 1.9000000000000001, 'en_adx': False, 'adx_n': 35, 'adx_threshold': 27, 'en_structure_trend': True, 'structure_trend_swing_l': 17, 'en_order_block': False, 'order_block_swing_l': 16, 'en_fvg': False, 'fvg_lookback': 38, 'en_ifvg': True, 'en_breaker': False, 'breaker_swing_l': 15, 'en_cisd': False, 'k': 4, 'en_cap_bars': True, 'cap_1min': 859}.
[I 2026-07-13 17:31:25,800] Trial 373 pruned. 
[I 2026-07-13 17:31:26,239] Trial 374 finished with values: [37.55608146750092, -267.5031258938543, 68.65] and parameters: {'sl_soft': 22.60386053589123, 'sl_hard_delta': 10.457722003615679, 'tp': 15.280478680365094, 'gate_pct': 37.39778324297737, 'dd_limit': 3617.657841686699, 'cooldown': 0, 'flip': False, 'en_ema_trend': True, 'ema_trend_fast': 293, 'ema_trend_slow': 99, 'en_sma_trend': False, 'sma_trend_fast': 357, 'sma_trend_slow': 84, 'en_macd': True, 'macd_fast': 25, 'macd_slow': 53, 'macd_signal': 61, 'en_vwap': True, 'en_keltner': True, 'keltner_n': 185, 'keltner_m': 4.5, 'en_obv': True, 'obv_slope': 170, 'en_cci': True, 'cci_n': 188, 'cci_threshold': 80, 'en_rsi': False, 'rsi_n': 48, 'rsi_lower': 13, 'rsi_upper': 86, 'en_stochastic': False, 'stochastic_n': 63, 'stochastic_d': 14, 'stochastic_lower': 33, 'stochastic_upper': 62, 'en_mfi': True, 'mfi_n': 21, 'mfi_lower': 31, 'mfi_upper': 62, 'en_bollinger': True, 'bollinger_n': 104, 'bollinger_k': 2.1, 'en_adx': False, 'adx_n': 59, 'adx_threshold': 30, 'en_structure_trend': True, 'structure_trend_swing_l': 4, 'en_order_block': False, 'order_block_swing_l': 13, 'en_fvg': False, 'fvg_lookback': 31, 'en_ifvg': True, 'en_breaker': True, 'breaker_swing_l': 19, 'en_cisd': False, 'k': 2, 'en_cap_bars': False, 'cap_1min': 929}.
[I 2026-07-13 17:31:31,224] Trial 375 finished with values: [182.14760267934253, -604.5951588822936, 53.55] and parameters: {'sl_soft': 13.186315729842667, 'sl_hard_delta': 11.445594980891276, 'tp': 23.976700355745017, 'gate_pct': 45.98205069731719, 'dd_limit': 7732.124461539199, 'cooldown': 9, 'flip': True, 'en_ema_trend': False, 'ema_trend_fast': 104, 'ema_trend_slow': 311, 'en_sma_trend': False, 'sma_trend_fast': 395, 'sma_trend_slow': 197, 'en_macd': True, 'macd_fast': 30, 'macd_slow': 94, 'macd_signal': 66, 'en_vwap': True, 'en_keltner': True, 'keltner_n': 6, 'keltner_m': 4.300000000000001, 'en_obv': True, 'obv_slope': 188, 'en_cci': True, 'cci_n': 32, 'cci_threshold': 120, 'en_rsi': False, 'rsi_n': 37, 'rsi_lower': 27, 'rsi_upper': 54, 'en_stochastic': True, 'stochastic_n': 15, 'stochastic_d': 13, 'stochastic_lower': 42, 'stochastic_upper': 54, 'en_mfi': False, 'mfi_n': 42, 'mfi_lower': 20, 'mfi_upper': 65, 'en_bollinger': True, 'bollinger_n': 137, 'bollinger_k': 1.7000000000000002, 'en_adx': True, 'adx_n': 29, 'adx_threshold': 7, 'en_structure_trend': True, 'structure_trend_swing_l': 19, 'en_order_block': True, 'order_block_swing_l': 12, 'en_fvg': False, 'fvg_lookback': 37, 'en_ifvg': True, 'en_breaker': True, 'breaker_swing_l': 18, 'en_cisd': False, 'k': 1, 'en_cap_bars': True, 'cap_1min': 107}.
[I 2026-07-13 17:31:32,050] Trial 376 pruned. 
[I 2026-07-13 17:31:34,268] Trial 377 pruned. 
[I 2026-07-13 17:31:36,196] Trial 378 finished with values: [531.3775391196214, -850.9762787692307, 44.0] and parameters: {'sl_soft': 14.695606985122541, 'sl_hard_delta': 22.93534702460803, 'tp': 41.7178491279398, 'gate_pct': 37.39778324297737, 'dd_limit': 7070.895472661624, 'cooldown': 0, 'flip': False, 'en_ema_trend': False, 'ema_trend_fast': 95, 'ema_trend_slow': 346, 'en_sma_trend': False, 'sma_trend_fast': 62, 'sma_trend_slow': 250, 'en_macd': True, 'macd_fast': 25, 'macd_slow': 172, 'macd_signal': 41, 'en_vwap': True, 'en_keltner': True, 'keltner_n': 185, 'keltner_m': 4.5, 'en_obv': True, 'obv_slope': 170, 'en_cci': True, 'cci_n': 52, 'cci_threshold': 80, 'en_rsi': False, 'rsi_n': 23, 'rsi_lower': 8, 'rsi_upper': 86, 'en_stochastic': False, 'stochastic_n': 56, 'stochastic_d': 50, 'stochastic_lower': 38, 'stochastic_upper': 90, 'en_mfi': False, 'mfi_n': 90, 'mfi_lower': 15, 'mfi_upper': 58, 'en_bollinger': False, 'bollinger_n': 104, 'bollinger_k': 2.1, 'en_adx': False, 'adx_n': 54, 'adx_threshold': 12, 'en_structure_trend': True, 'structure_trend_swing_l': 4, 'en_order_block': False, 'order_block_swing_l': 13, 'en_fvg': False, 'fvg_lookback': 31, 'en_ifvg': True, 'en_breaker': True, 'breaker_swing_l': 20, 'en_cisd': True, 'k': 4, 'en_cap_bars': False, 'cap_1min': 929}.
[I 2026-07-13 17:31:39,705] Trial 379 finished with values: [175.2093331334072, -507.85752207168116, 50.0] and parameters: {'sl_soft': 16.954988162024854, 'sl_hard_delta': 4.209268042123824, 'tp': 23.976700355745017, 'gate_pct': 77.7098229275783, 'dd_limit': 3975.4449591887696, 'cooldown': 8, 'flip': True, 'en_ema_trend': True, 'ema_trend_fast': 271, 'ema_trend_slow': 361, 'en_sma_trend': False, 'sma_trend_fast': 395, 'sma_trend_slow': 376, 'en_macd': False, 'macd_fast': 30, 'macd_slow': 94, 'macd_signal': 54, 'en_vwap': True, 'en_keltner': True, 'keltner_n': 74, 'keltner_m': 4.5, 'en_obv': True, 'obv_slope': 188, 'en_cci': True, 'cci_n': 158, 'cci_threshold': 120, 'en_rsi': True, 'rsi_n': 37, 'rsi_lower': 43, 'rsi_upper': 58, 'en_stochastic': False, 'stochastic_n': 69, 'stochastic_d': 12, 'stochastic_lower': 44, 'stochastic_upper': 67, 'en_mfi': True, 'mfi_n': 84, 'mfi_lower': 2, 'mfi_upper': 65, 'en_bollinger': True, 'bollinger_n': 91, 'bollinger_k': 1.7000000000000002, 'en_adx': False, 'adx_n': 52, 'adx_threshold': 7, 'en_structure_trend': True, 'structure_trend_swing_l': 7, 'en_order_block': False, 'order_block_swing_l': 12, 'en_fvg': True, 'fvg_lookback': 37, 'en_ifvg': True, 'en_breaker': False, 'breaker_swing_l': 18, 'en_cisd': True, 'k': 4, 'en_cap_bars': False, 'cap_1min': 772}.
