[I 2026-07-13 17:34:40,718] Trial 1010 finished with values: [375.0, -165.0, 63.35] and parameters: {'sl_soft': 162.66655367980434, 'sl_hard_delta': 29.30242220933063, 'tp': 196.03928967751625, 'gate_pct': 61.29515207255519, 'dd_limit': 551.6601649489387, 'cooldown': 5, 'flip': True, 'en_ema_trend': True, 'ema_trend_fast': 177, 'ema_trend_slow': 346, 'en_sma_trend': False, 'sma_trend_fast': 292, 'sma_trend_slow': 250, 'en_macd': True, 'macd_fast': 62, 'macd_slow': 63, 'macd_signal': 21, 'en_vwap': False, 'en_keltner': False, 'keltner_n': 175, 'keltner_m': 4.0, 'en_obv': True, 'obv_slope': 160, 'en_cci': False, 'cci_n': 33, 'cci_threshold': 30, 'en_rsi': True, 'rsi_n': 23, 'rsi_lower': 20, 'rsi_upper': 75, 'en_stochastic': True, 'stochastic_n': 27, 'stochastic_d': 50, 'stochastic_lower': 17, 'stochastic_upper': 68, 'en_mfi': False, 'mfi_n': 58, 'mfi_lower': 15, 'mfi_upper': 65, 'en_bollinger': False, 'bollinger_n': 104, 'bollinger_k': 4.300000000000001, 'en_adx': False, 'adx_n': 54, 'adx_threshold': 34, 'en_structure_trend': False, 'structure_trend_swing_l': 14, 'en_order_block': False, 'order_block_swing_l': 20, 'en_fvg': False, 'fvg_lookback': 47, 'en_ifvg': True, 'en_breaker': False, 'breaker_swing_l': 20, 'en_cisd': True, 'k': 4, 'en_cap_bars': True, 'cap_1min': 3}.
[I 2026-07-13 17:34:40,941] Trial 1011 finished with values: [157.5, -380.0, 57.7] and parameters: {'sl_soft': 39.62905967140161, 'sl_hard_delta': 175.0316160028408, 'tp': 201.9931862703751, 'gate_pct': 81.43219065749138, 'dd_limit': 7424.489916885895, 'cooldown': 4, 'flip': True, 'en_ema_trend': True, 'ema_trend_fast': 177, 'ema_trend_slow': 346, 'en_sma_trend': False, 'sma_trend_fast': 221, 'sma_trend_slow': 376, 'en_macd': True, 'macd_fast': 49, 'macd_slow': 15, 'macd_signal': 54, 'en_vwap': True, 'en_keltner': True, 'keltner_n': 8, 'keltner_m': 3.8000000000000003, 'en_obv': True, 'obv_slope': 160, 'en_cci': False, 'cci_n': 33, 'cci_threshold': 30, 'en_rsi': False, 'rsi_n': 39, 'rsi_lower': 7, 'rsi_upper': 58, 'en_stochastic': True, 'stochastic_n': 88, 'stochastic_d': 27, 'stochastic_lower': 17, 'stochastic_upper': 60, 'en_mfi': False, 'mfi_n': 41, 'mfi_lower': 44, 'mfi_upper': 65, 'en_bollinger': False, 'bollinger_n': 45, 'bollinger_k': 4.300000000000001, 'en_adx': False, 'adx_n': 30, 'adx_threshold': 32, 'en_structure_trend': False, 'structure_trend_swing_l': 14, 'en_order_block': False, 'order_block_swing_l': 19, 'en_fvg': False, 'fvg_lookback': 42, 'en_ifvg': True, 'en_breaker': True, 'breaker_swing_l': 15, 'en_cisd': True, 'k': 5, 'en_cap_bars': True, 'cap_1min': 3}.
[I 2026-07-13 17:34:41,321] Trial 1012 finished with values: [2505.8588646546923, -1114.3148188073246, 50.0] and parameters: {'sl_soft': 39.62905967140161, 'sl_hard_delta': 29.30242220933063, 'tp': 196.03928967751625, 'gate_pct': 81.43219065749138, 'dd_limit': 7070.895472661624, 'cooldown': 1, 'flip': True, 'en_ema_trend': False, 'ema_trend_fast': 177, 'ema_trend_slow': 246, 'en_sma_trend': False, 'sma_trend_fast': 221, 'sma_trend_slow': 258, 'en_macd': True, 'macd_fast': 49, 'macd_slow': 63, 'macd_signal': 41, 'en_vwap': False, 'en_keltner': True, 'keltner_n': 17, 'keltner_m': 4.0, 'en_obv': True, 'obv_slope': 160, 'en_cci': True, 'cci_n': 33, 'cci_threshold': 30, 'en_rsi': False, 'rsi_n': 39, 'rsi_lower': 20, 'rsi_upper': 75, 'en_stochastic': True, 'stochastic_n': 88, 'stochastic_d': 14, 'stochastic_lower': 17, 'stochastic_upper': 68, 'en_mfi': False, 'mfi_n': 11, 'mfi_lower': 17, 'mfi_upper': 65, 'en_bollinger': False, 'bollinger_n': 182, 'bollinger_k': 4.300000000000001, 'en_adx': False, 'adx_n': 97, 'adx_threshold': 21, 'en_structure_trend': False, 'structure_trend_swing_l': 14, 'en_order_block': False, 'order_block_swing_l': 19, 'en_fvg': False, 'fvg_lookback': 47, 'en_ifvg': True, 'en_breaker': True, 'breaker_swing_l': 15, 'en_cisd': False, 'k': 4, 'en_cap_bars': False, 'cap_1min': 3}.
[I 2026-07-13 17:34:41,680] Trial 1013 finished with values: [4099.971453702692, -2960.0, 32.849999999999994] and parameters: {'sl_soft': 40.78619439976249, 'sl_hard_delta': 207.63493437311828, 'tp': 265.90805286191534, 'gate_pct': 67.43945106994327, 'dd_limit': 7860.101132279564, 'cooldown': 2, 'flip': False, 'en_ema_trend': True, 'ema_trend_fast': 104, 'ema_trend_slow': 46, 'en_sma_trend': False, 'sma_trend_fast': 387, 'sma_trend_slow': 160, 'en_macd': True, 'macd_fast': 98, 'macd_slow': 160, 'macd_signal': 61, 'en_vwap': True, 'en_keltner': False, 'keltner_n': 5, 'keltner_m': 4.1, 'en_obv': True, 'obv_slope': 150, 'en_cci': True, 'cci_n': 158, 'cci_threshold': 120, 'en_rsi': False, 'rsi_n': 12, 'rsi_lower': 9, 'rsi_upper': 60, 'en_stochastic': True, 'stochastic_n': 16, 'stochastic_d': 27, 'stochastic_lower': 38, 'stochastic_upper': 62, 'en_mfi': False, 'mfi_n': 7, 'mfi_lower': 5, 'mfi_upper': 87, 'en_bollinger': True, 'bollinger_n': 108, 'bollinger_k': 4.9, 'en_adx': False, 'adx_n': 88, 'adx_threshold': 11, 'en_structure_trend': False, 'structure_trend_swing_l': 18, 'en_order_block': True, 'order_block_swing_l': 19, 'en_fvg': False, 'fvg_lookback': 23, 'en_ifvg': False, 'en_breaker': True, 'breaker_swing_l': 1, 'en_cisd': True, 'k': 2, 'en_cap_bars': False, 'cap_1min': 1171}.
[I 2026-07-13 17:34:42,028] Trial 1014 finished with values: [972.3383377639766, -2063.569328161211, 36.95] and parameters: {'sl_soft': 39.62905967140161, 'sl_hard_delta': 29.30242220933063, 'tp': 171.94354377141946, 'gate_pct': 81.43219065749138, 'dd_limit': 7424.489916885895, 'cooldown': 1, 'flip': True, 'en_ema_trend': False, 'ema_trend_fast': 241, 'ema_trend_slow': 381, 'en_sma_trend': True, 'sma_trend_fast': 221, 'sma_trend_slow': 258, 'en_macd': True, 'macd_fast': 49, 'macd_slow': 63, 'macd_signal': 13, 'en_vwap': False, 'en_keltner': True, 'keltner_n': 17, 'keltner_m': 4.0, 'en_obv': True, 'obv_slope': 160, 'en_cci': False, 'cci_n': 33, 'cci_threshold': 30, 'en_rsi': False, 'rsi_n': 39, 'rsi_lower': 20, 'rsi_upper': 56, 'en_stochastic': True, 'stochastic_n': 88, 'stochastic_d': 44, 'stochastic_lower': 17, 'stochastic_upper': 68, 'en_mfi': False, 'mfi_n': 11, 'mfi_lower': 17, 'mfi_upper': 57, 'en_bollinger': False, 'bollinger_n': 182, 'bollinger_k': 4.300000000000001, 'en_adx': False, 'adx_n': 97, 'adx_threshold': 21, 'en_structure_trend': False, 'structure_trend_swing_l': 14, 'en_order_block': False, 'order_block_swing_l': 3, 'en_fvg': False, 'fvg_lookback': 42, 'en_ifvg': True, 'en_breaker': True, 'breaker_swing_l': 15, 'en_cisd': True, 'k': 4, 'en_cap_bars': False, 'cap_1min': 1332}.
[I 2026-07-13 17:34:42,366] Trial 1015 finished with values: [540.0, -534.6574094036623, 58.0] and parameters: {'sl_soft': 39.62905967140161, 'sl_hard_delta': 29.30242220933063, 'tp': 196.03928967751625, 'gate_pct': 81.43219065749138, 'dd_limit': 7070.895472661624, 'cooldown': 1, 'flip': True, 'en_ema_trend': True, 'ema_trend_fast': 177, 'ema_trend_slow': 346, 'en_sma_trend': False, 'sma_trend_fast': 221, 'sma_trend_slow': 258, 'en_macd': True, 'macd_fast': 49, 'macd_slow': 63, 'macd_signal': 41, 'en_vwap': False, 'en_keltner': True, 'keltner_n': 17, 'keltner_m': 4.0, 'en_obv': True, 'obv_slope': 60, 'en_cci': True, 'cci_n': 33, 'cci_threshold': 30, 'en_rsi': True, 'rsi_n': 39, 'rsi_lower': 20, 'rsi_upper': 75, 'en_stochastic': True, 'stochastic_n': 27, 'stochastic_d': 50, 'stochastic_lower': 17, 'stochastic_upper': 68, 'en_mfi': False, 'mfi_n': 11, 'mfi_lower': 17, 'mfi_upper': 65, 'en_bollinger': False, 'bollinger_n': 182, 'bollinger_k': 4.300000000000001, 'en_adx': False, 'adx_n': 97, 'adx_threshold': 21, 'en_structure_trend': False, 'structure_trend_swing_l': 14, 'en_order_block': False, 'order_block_swing_l': 19, 'en_fvg': False, 'fvg_lookback': 47, 'en_ifvg': True, 'en_breaker': True, 'breaker_swing_l': 15, 'en_cisd': False, 'k': 4, 'en_cap_bars': True, 'cap_1min': 3}.
[I 2026-07-13 17:34:42,825] Trial 1016 finished with values: [1751.0301599528611, -1374.6574094036623, 39.45] and parameters: {'sl_soft': 39.62905967140161, 'sl_hard_delta': 29.30242220933063, 'tp': 196.03928967751625, 'gate_pct': 81.43219065749138, 'dd_limit': 9508.627019250667, 'cooldown': 1, 'flip': True, 'en_ema_trend': False, 'ema_trend_fast': 241, 'ema_trend_slow': 346, 'en_sma_trend': True, 'sma_trend_fast': 221, 'sma_trend_slow': 258, 'en_macd': True, 'macd_fast': 49, 'macd_slow': 63, 'macd_signal': 41, 'en_vwap': False, 'en_keltner': True, 'keltner_n': 17, 'keltner_m': 4.0, 'en_obv': True, 'obv_slope': 160, 'en_cci': True, 'cci_n': 33, 'cci_threshold': 30, 'en_rsi': False, 'rsi_n': 39, 'rsi_lower': 20, 'rsi_upper': 71, 'en_stochastic': True, 'stochastic_n': 88, 'stochastic_d': 44, 'stochastic_lower': 17, 'stochastic_upper': 68, 'en_mfi': False, 'mfi_n': 11, 'mfi_lower': 17, 'mfi_upper': 65, 'en_bollinger': False, 'bollinger_n': 182, 'bollinger_k': 4.300000000000001, 'en_adx': False, 'adx_n': 97, 'adx_threshold': 21, 'en_structure_trend': False, 'structure_trend_swing_l': 14, 'en_order_block': False, 'order_block_swing_l': 19, 'en_fvg': False, 'fvg_lookback': 42, 'en_ifvg': True, 'en_breaker': True, 'breaker_swing_l': 15, 'en_cisd': False, 'k': 4, 'en_cap_bars': False, 'cap_1min': 3}.
[I 2026-07-13 17:34:44,084] Trial 1017 finished with values: [-301.0541783464214, -2293.433189227071, 26.8] and parameters: {'sl_soft': 39.62905967140161, 'sl_hard_delta': 29.30242220933063, 'tp': 196.03928967751625, 'gate_pct': 81.43219065749138, 'dd_limit': 7070.895472661624, 'cooldown': 1, 'flip': True, 'en_ema_trend': False, 'ema_trend_fast': 241, 'ema_trend_slow': 346, 'en_sma_trend': False, 'sma_trend_fast': 64, 'sma_trend_slow': 250, 'en_macd': True, 'macd_fast': 49, 'macd_slow': 82, 'macd_signal': 41, 'en_vwap': False, 'en_keltner': True, 'keltner_n': 17, 'keltner_m': 4.0, 'en_obv': True, 'obv_slope': 160, 'en_cci': False, 'cci_n': 33, 'cci_threshold': 30, 'en_rsi': True, 'rsi_n': 39, 'rsi_lower': 20, 'rsi_upper': 71, 'en_stochastic': True, 'stochastic_n': 27, 'stochastic_d': 44, 'stochastic_lower': 17, 'stochastic_upper': 68, 'en_mfi': False, 'mfi_n': 90, 'mfi_lower': 19, 'mfi_upper': 65, 'en_bollinger': False, 'bollinger_n': 45, 'bollinger_k': 4.300000000000001, 'en_adx': False, 'adx_n': 97, 'adx_threshold': 21, 'en_structure_trend': False, 'structure_trend_swing_l': 14, 'en_order_block': False, 'order_block_swing_l': 19, 'en_fvg': False, 'fvg_lookback': 42, 'en_ifvg': True, 'en_breaker': True, 'breaker_swing_l': 15, 'en_cisd': False, 'k': 4, 'en_cap_bars': False, 'cap_1min': 3}.
[I 2026-07-13 17:34:49,016] Trial 1018 finished with values: [2324.6934004259674, -3812.18478624869, 62.5] and parameters: {'sl_soft': 109.17656354058086, 'sl_hard_delta': 29.30242220933063, 'tp': 196.03928967751625, 'gate_pct': 81.43219065749138, 'dd_limit': 7070.895472661624, 'cooldown': 1, 'flip': True, 'en_ema_trend': False, 'ema_trend_fast': 177, 'ema_trend_slow': 46, 'en_sma_trend': False, 'sma_trend_fast': 221, 'sma_trend_slow': 250, 'en_macd': True, 'macd_fast': 49, 'macd_slow': 63, 'macd_signal': 41, 'en_vwap': False, 'en_keltner': False, 'keltner_n': 17, 'keltner_m': 4.0, 'en_obv': True, 'obv_slope': 160, 'en_cci': True, 'cci_n': 33, 'cci_threshold': 30, 'en_rsi': False, 'rsi_n': 12, 'rsi_lower': 9, 'rsi_upper': 60, 'en_stochastic': True, 'stochastic_n': 27, 'stochastic_d': 44, 'stochastic_lower': 38, 'stochastic_upper': 68, 'en_mfi': False, 'mfi_n': 7, 'mfi_lower': 17, 'mfi_upper': 65, 'en_bollinger': False, 'bollinger_n': 182, 'bollinger_k': 4.9, 'en_adx': False, 'adx_n': 88, 'adx_threshold': 32, 'en_structure_trend': False, 'structure_trend_swing_l': 14, 'en_order_block': False, 'order_block_swing_l': 20, 'en_fvg': False, 'fvg_lookback': 42, 'en_ifvg': True, 'en_breaker': True, 'breaker_swing_l': 15, 'en_cisd': True, 'k': 2, 'en_cap_bars': False, 'cap_1min': 3}.
[I 2026-07-13 17:34:49,244] Trial 1019 finished with values: [396.00500686345185, -2028.0402924519149, 28.2] and parameters: {'sl_soft': 39.62905967140161, 'sl_hard_delta': 29.30242220933063, 'tp': 196.03928967751625, 'gate_pct': 81.43219065749138, 'dd_limit': 7424.489916885895, 'cooldown': 1, 'flip': True, 'en_ema_trend': False, 'ema_trend_fast': 177, 'ema_trend_slow': 346, 'en_sma_trend': False, 'sma_trend_fast': 221, 'sma_trend_slow': 258, 'en_macd': True, 'macd_fast': 49, 'macd_slow': 63, 'macd_signal': 41, 'en_vwap': False, 'en_keltner': True, 'keltner_n': 17, 'keltner_m': 4.0, 'en_obv': True, 'obv_slope': 160, 'en_cci': True, 'cci_n': 33, 'cci_threshold': 30, 'en_rsi': True, 'rsi_n': 39, 'rsi_lower': 20, 'rsi_upper': 75, 'en_stochastic': True, 'stochastic_n': 27, 'stochastic_d': 50, 'stochastic_lower': 17, 'stochastic_upper': 68, 'en_mfi': False, 'mfi_n': 12, 'mfi_lower': 17, 'mfi_upper': 65, 'en_bollinger': False, 'bollinger_n': 182, 'bollinger_k': 4.300000000000001, 'en_adx': False, 'adx_n': 97, 'adx_threshold': 21, 'en_structure_trend': False, 'structure_trend_swing_l': 14, 'en_order_block': False, 'order_block_swing_l': 19, 'en_fvg': False, 'fvg_lookback': 47, 'en_ifvg': True, 'en_breaker': True, 'breaker_swing_l': 15, 'en_cisd': False, 'k': 4, 'en_cap_bars': False, 'cap_1min': 1332}.
[I 2026-07-13 17:34:49,564] Trial 1020 finished with values: [435.0, -510.0, 59.150000000000006] and parameters: {'sl_soft': 158.92345486967875, 'sl_hard_delta': 29.30242220933063, 'tp': 196.03928967751625, 'gate_pct': 81.43219065749138, 'dd_limit': 7424.489916885895, 'cooldown': 1, 'flip': True, 'en_ema_trend': True, 'ema_trend_fast': 177, 'ema_trend_slow': 346, 'en_sma_trend': False, 'sma_trend_fast': 221, 'sma_trend_slow': 258, 'en_macd': True, 'macd_fast': 49, 'macd_slow': 63, 'macd_signal': 41, 'en_vwap': False, 'en_keltner': True, 'keltner_n': 17, 'keltner_m': 4.0, 'en_obv': True, 'obv_slope': 160, 'en_cci': True, 'cci_n': 33, 'cci_threshold': 30, 'en_rsi': False, 'rsi_n': 39, 'rsi_lower': 20, 'rsi_upper': 71, 'en_stochastic': True, 'stochastic_n': 27, 'stochastic_d': 14, 'stochastic_lower': 17, 'stochastic_upper': 68, 'en_mfi': False, 'mfi_n': 11, 'mfi_lower': 17, 'mfi_upper': 65, 'en_bollinger': False, 'bollinger_n': 197, 'bollinger_k': 4.300000000000001, 'en_adx': False, 'adx_n': 97, 'adx_threshold': 21, 'en_structure_trend': False, 'structure_trend_swing_l': 14, 'en_order_block': False, 'order_block_swing_l': 19, 'en_fvg': False, 'fvg_lookback': 34, 'en_ifvg': True, 'en_breaker': True, 'breaker_swing_l': 15, 'en_cisd': False, 'k': 4, 'en_cap_bars': True, 'cap_1min': 3}.
[I 2026-07-13 17:34:49,866] Trial 1021 finished with values: [435.0, -514.6574094036623, 59.150000000000006] and parameters: {'sl_soft': 39.62905967140161, 'sl_hard_delta': 29.30242220933063, 'tp': 196.03928967751625, 'gate_pct': 81.43219065749138, 'dd_limit': 7070.895472661624, 'cooldown': 1, 'flip': True, 'en_ema_trend': True, 'ema_trend_fast': 177, 'ema_trend_slow': 346, 'en_sma_trend': False, 'sma_trend_fast': 221, 'sma_trend_slow': 258, 'en_macd': True, 'macd_fast': 49, 'macd_slow': 63, 'macd_signal': 41, 'en_vwap': False, 'en_keltner': True, 'keltner_n': 17, 'keltner_m': 4.0, 'en_obv': True, 'obv_slope': 160, 'en_cci': True, 'cci_n': 33, 'cci_threshold': 30, 'en_rsi': False, 'rsi_n': 39, 'rsi_lower': 20, 'rsi_upper': 75, 'en_stochastic': True, 'stochastic_n': 27, 'stochastic_d': 44, 'stochastic_lower': 17, 'stochastic_upper': 68, 'en_mfi': False, 'mfi_n': 11, 'mfi_lower': 17, 'mfi_upper': 65, 'en_bollinger': False, 'bollinger_n': 182, 'bollinger_k': 4.300000000000001, 'en_adx': False, 'adx_n': 97, 'adx_threshold': 21, 'en_structure_trend': False, 'structure_trend_swing_l': 14, 'en_order_block': False, 'order_block_swing_l': 19, 'en_fvg': False, 'fvg_lookback': 42, 'en_ifvg': True, 'en_breaker': True, 'breaker_swing_l': 15, 'en_cisd': False, 'k': 4, 'en_cap_bars': True, 'cap_1min': 3}.
[I 2026-07-13 17:34:52,723] Trial 1022 finished with values: [2402.1564081552788, -2937.0623224024894, 68.75] and parameters: {'sl_soft': 158.92345486967875, 'sl_hard_delta': 29.30242220933063, 'tp': 196.03928967751625, 'gate_pct': 89.05172352244134, 'dd_limit': 7424.489916885895, 'cooldown': 5, 'flip': True, 'en_ema_trend': False, 'ema_trend_fast': 177, 'ema_trend_slow': 346, 'en_sma_trend': False, 'sma_trend_fast': 62, 'sma_trend_slow': 250, 'en_macd': True, 'macd_fast': 71, 'macd_slow': 63, 'macd_signal': 41, 'en_vwap': False, 'en_keltner': True, 'keltner_n': 17, 'keltner_m': 4.5, 'en_obv': True, 'obv_slope': 160, 'en_cci': True, 'cci_n': 33, 'cci_threshold': 205, 'en_rsi': False, 'rsi_n': 39, 'rsi_lower': 20, 'rsi_upper': 58, 'en_stochastic': True, 'stochastic_n': 88, 'stochastic_d': 27, 'stochastic_lower': 34, 'stochastic_upper': 68, 'en_mfi': False, 'mfi_n': 11, 'mfi_lower': 17, 'mfi_upper': 65, 'en_bollinger': False, 'bollinger_n': 45, 'bollinger_k': 3.4000000000000004, 'en_adx': False, 'adx_n': 54, 'adx_threshold': 21, 'en_structure_trend': False, 'structure_trend_swing_l': 14, 'en_order_block': False, 'order_block_swing_l': 20, 'en_fvg': False, 'fvg_lookback': 42, 'en_ifvg': True, 'en_breaker': True, 'breaker_swing_l': 15, 'en_cisd': True, 'k': 4, 'en_cap_bars': True, 'cap_1min': 1332}.
[I 2026-07-13 17:34:52,934] Trial 1023 finished with values: [-575.4346795808124, -2579.817683814508, 22.5] and parameters: {'sl_soft': 39.62905967140161, 'sl_hard_delta': 18.57150561668505, 'tp': 196.03928967751625, 'gate_pct': 89.05172352244134, 'dd_limit': 7070.895472661624, 'cooldown': 5, 'flip': True, 'en_ema_trend': False, 'ema_trend_fast': 177, 'ema_trend_slow': 246, 'en_sma_trend': False, 'sma_trend_fast': 221, 'sma_trend_slow': 250, 'en_macd': True, 'macd_fast': 71, 'macd_slow': 63, 'macd_signal': 41, 'en_vwap': True, 'en_keltner': False, 'keltner_n': 17, 'keltner_m': 4.0, 'en_obv': True, 'obv_slope': 160, 'en_cci': False, 'cci_n': 21, 'cci_threshold': 30, 'en_rsi': False, 'rsi_n': 39, 'rsi_lower': 20, 'rsi_upper': 71, 'en_stochastic': True, 'stochastic_n': 88, 'stochastic_d': 44, 'stochastic_lower': 17, 'stochastic_upper': 68, 'en_mfi': False, 'mfi_n': 90, 'mfi_lower': 19, 'mfi_upper': 65, 'en_bollinger': False, 'bollinger_n': 182, 'bollinger_k': 4.300000000000001, 'en_adx': False, 'adx_n': 54, 'adx_threshold': 21, 'en_structure_trend': False, 'structure_trend_swing_l': 14, 'en_order_block': False, 'order_block_swing_l': 19, 'en_fvg': False, 'fvg_lookback': 42, 'en_ifvg': True, 'en_breaker': False, 'breaker_swing_l': 5, 'en_cisd': False, 'k': 4, 'en_cap_bars': False, 'cap_1min': 3}.
[I 2026-07-13 17:34:54,433] Trial 1024 finished with values: [467.8146947647838, -6114.58222961377, 47.25] and parameters: {'sl_soft': 155.41178356786656, 'sl_hard_delta': 18.57150561668505, 'tp': 196.03928967751625, 'gate_pct': 62.36722070556089, 'dd_limit': 7070.895472661624, 'cooldown': 5, 'flip': True, 'en_ema_trend': False, 'ema_trend_fast': 40, 'ema_trend_slow': 250, 'en_sma_trend': False, 'sma_trend_fast': 62, 'sma_trend_slow': 250, 'en_macd': True, 'macd_fast': 71, 'macd_slow': 63, 'macd_signal': 41, 'en_vwap': True, 'en_keltner': True, 'keltner_n': 3, 'keltner_m': 4.0, 'en_obv': True, 'obv_slope': 191, 'en_cci': False, 'cci_n': 73, 'cci_threshold': 165, 'en_rsi': True, 'rsi_n': 43, 'rsi_lower': 2, 'rsi_upper': 88, 'en_stochastic': False, 'stochastic_n': 27, 'stochastic_d': 44, 'stochastic_lower': 36, 'stochastic_upper': 68, 'en_mfi': False, 'mfi_n': 55, 'mfi_lower': 15, 'mfi_upper': 92, 'en_bollinger': True, 'bollinger_n': 195, 'bollinger_k': 3.4000000000000004, 'en_adx': False, 'adx_n': 54, 'adx_threshold': 12, 'en_structure_trend': False, 'structure_trend_swing_l': 9, 'en_order_block': False, 'order_block_swing_l': 13, 'en_fvg': False, 'fvg_lookback': 42, 'en_ifvg': True, 'en_breaker': True, 'breaker_swing_l': 5, 'en_cisd': True, 'k': 4, 'en_cap_bars': False, 'cap_1min': 733}.
[I 2026-07-13 17:34:54,573] Trial 1025 finished with values: [2979.6564081552788, -2681.1293853950338, 72.85] and parameters: {'sl_soft': 158.92345486967875, 'sl_hard_delta': 29.30242220933063, 'tp': 196.03928967751625, 'gate_pct': 81.43219065749138, 'dd_limit': 7424.489916885895, 'cooldown': 1, 'flip': True, 'en_ema_trend': False, 'ema_trend_fast': 290, 'ema_trend_slow': 346, 'en_sma_trend': False, 'sma_trend_fast': 221, 'sma_trend_slow': 258, 'en_macd': True, 'macd_fast': 49, 'macd_slow': 63, 'macd_signal': 41, 'en_vwap': False, 'en_keltner': True, 'keltner_n': 17, 'keltner_m': 4.5, 'en_obv': True, 'obv_slope': 160, 'en_cci': True, 'cci_n': 33, 'cci_threshold': 30, 'en_rsi': False, 'rsi_n': 39, 'rsi_lower': 20, 'rsi_upper': 71, 'en_stochastic': True, 'stochastic_n': 88, 'stochastic_d': 14, 'stochastic_lower': 17, 'stochastic_upper': 68, 'en_mfi': False, 'mfi_n': 11, 'mfi_lower': 17, 'mfi_upper': 57, 'en_bollinger': False, 'bollinger_n': 182, 'bollinger_k': 4.300000000000001, 'en_adx': False, 'adx_n': 97, 'adx_threshold': 21, 'en_structure_trend': False, 'structure_trend_swing_l': 14, 'en_order_block': False, 'order_block_swing_l': 19, 'en_fvg': False, 'fvg_lookback': 42, 'en_ifvg': True, 'en_breaker': True, 'breaker_swing_l': 15, 'en_cisd': False, 'k': 4, 'en_cap_bars': False, 'cap_1min': 1332}.
