[I 2026-07-13 17:02:44,653] Trial 130 finished with values: [-318.60468280587156, -4545.26539335493, 42.8] and parameters: {'sl_soft': 127.50200485340642, 'sl_hard_delta': 36.51126481433737, 'tp': 255.62199287565255, 'gate_pct': 67.43945106994327, 'dd_limit': 7599.859331372681, 'cooldown': 3, 'flip': True, 'en_ema_trend': True, 'ema_trend_fast': 385, 'ema_trend_slow': 349, 'en_sma_trend': True, 'sma_trend_fast': 253, 'sma_trend_slow': 346, 'en_macd': False, 'macd_fast': 51, 'macd_slow': 160, 'macd_signal': 61, 'en_vwap': True, 'en_keltner': True, 'keltner_n': 18, 'keltner_m': 4.1, 'en_obv': True, 'obv_slope': 31, 'en_cci': False, 'cci_n': 158, 'cci_threshold': 115, 'en_rsi': True, 'rsi_n': 99, 'rsi_lower': 25, 'rsi_upper': 70, 'en_stochastic': True, 'stochastic_n': 33, 'stochastic_d': 40, 'stochastic_lower': 39, 'stochastic_upper': 88, 'en_mfi': False, 'mfi_n': 7, 'mfi_lower': 21, 'mfi_upper': 53, 'en_bollinger': False, 'bollinger_n': 163, 'bollinger_k': 2.0, 'en_adx': False, 'adx_n': 5, 'adx_threshold': 9, 'en_structure_trend': False, 'structure_trend_swing_l': 12, 'en_order_block': False, 'order_block_swing_l': 1, 'en_fvg': False, 'fvg_lookback': 10, 'en_ifvg': True, 'en_breaker': True, 'breaker_swing_l': 20, 'en_cisd': True, 'k': 2, 'en_cap_bars': False, 'cap_1min': 801}.
[I 2026-07-13 17:02:46,197] Trial 131 pruned. 
[I 2026-07-13 17:02:47,931] Trial 132 pruned. 
[I 2026-07-13 17:02:48,874] Trial 133 pruned. 
[I 2026-07-13 17:02:52,811] Trial 134 finished with values: [-1438.429876160626, -3017.8099587202087, 50.0] and parameters: {'sl_soft': 182.80051429753138, 'sl_hard_delta': 256.90931028693024, 'tp': 149.43800825595716, 'gate_pct': 74.50813821223942, 'dd_limit': 8273.571624321177, 'cooldown': 4, 'flip': True, 'en_ema_trend': False, 'ema_trend_fast': 55, 'ema_trend_slow': 291, 'en_sma_trend': True, 'sma_trend_fast': 142, 'sma_trend_slow': 384, 'en_macd': True, 'macd_fast': 56, 'macd_slow': 79, 'macd_signal': 86, 'en_vwap': True, 'en_keltner': False, 'keltner_n': 171, 'keltner_m': 1.7000000000000002, 'en_obv': False, 'obv_slope': 52, 'en_cci': True, 'cci_n': 132, 'cci_threshold': 25, 'en_rsi': True, 'rsi_n': 29, 'rsi_lower': 46, 'rsi_upper': 91, 'en_stochastic': False, 'stochastic_n': 8, 'stochastic_d': 7, 'stochastic_lower': 36, 'stochastic_upper': 88, 'en_mfi': True, 'mfi_n': 26, 'mfi_lower': 40, 'mfi_upper': 61, 'en_bollinger': True, 'bollinger_n': 198, 'bollinger_k': 2.6, 'en_adx': False, 'adx_n': 47, 'adx_threshold': 31, 'en_structure_trend': True, 'structure_trend_swing_l': 19, 'en_order_block': False, 'order_block_swing_l': 11, 'en_fvg': False, 'fvg_lookback': 24, 'en_ifvg': True, 'en_breaker': False, 'breaker_swing_l': 19, 'en_cisd': True, 'k': 3, 'en_cap_bars': True, 'cap_1min': 1002}.
[I 2026-07-13 17:02:54,596] Trial 135 pruned. 
[I 2026-07-13 17:03:03,676] Trial 136 finished with values: [-964.8939472499478, -5335.0, 38.099999999999994] and parameters: {'sl_soft': 120.08064477654516, 'sl_hard_delta': 211.55333668952008, 'tp': 201.01060527500846, 'gate_pct': 78.41015939543337, 'dd_limit': 214.54993437840233, 'cooldown': 2, 'flip': False, 'en_ema_trend': False, 'ema_trend_fast': 374, 'ema_trend_slow': 212, 'en_sma_trend': True, 'sma_trend_fast': 246, 'sma_trend_slow': 323, 'en_macd': True, 'macd_fast': 48, 'macd_slow': 186, 'macd_signal': 65, 'en_vwap': False, 'en_keltner': True, 'keltner_n': 32, 'keltner_m': 1.3, 'en_obv': False, 'obv_slope': 142, 'en_cci': False, 'cci_n': 24, 'cci_threshold': 80, 'en_rsi': True, 'rsi_n': 12, 'rsi_lower': 3, 'rsi_upper': 69, 'en_stochastic': True, 'stochastic_n': 21, 'stochastic_d': 43, 'stochastic_lower': 7, 'stochastic_upper': 96, 'en_mfi': True, 'mfi_n': 17, 'mfi_lower': 38, 'mfi_upper': 78, 'en_bollinger': False, 'bollinger_n': 106, 'bollinger_k': 2.1, 'en_adx': False, 'adx_n': 73, 'adx_threshold': 18, 'en_structure_trend': True, 'structure_trend_swing_l': 18, 'en_order_block': False, 'order_block_swing_l': 19, 'en_fvg': False, 'fvg_lookback': 14, 'en_ifvg': False, 'en_breaker': False, 'breaker_swing_l': 15, 'en_cisd': False, 'k': 5, 'en_cap_bars': False, 'cap_1min': 1380}.
[I 2026-07-13 17:03:04,709] Trial 137 pruned. 
[I 2026-07-13 17:03:05,192] Trial 138 pruned. 
[I 2026-07-13 17:03:06,506] Trial 139 pruned. 
[I 2026-07-13 17:03:08,053] Trial 140 pruned. 
[I 2026-07-13 17:03:08,740] Trial 141 pruned. 
[I 2026-07-13 17:03:09,688] Trial 142 pruned. 
[I 2026-07-13 17:03:20,786] Trial 143 finished with values: [-2063.618115944955, -3327.2587707900675, 29.3] and parameters: {'sl_soft': 158.92345486967875, 'sl_hard_delta': 29.30242220933063, 'tp': 281.50225389001224, 'gate_pct': 81.43219065749138, 'dd_limit': 7424.489916885895, 'cooldown': 1, 'flip': False, 'en_ema_trend': True, 'ema_trend_fast': 177, 'ema_trend_slow': 381, 'en_sma_trend': True, 'sma_trend_fast': 29, 'sma_trend_slow': 144, 'en_macd': True, 'macd_fast': 49, 'macd_slow': 149, 'macd_signal': 13, 'en_vwap': True, 'en_keltner': True, 'keltner_n': 17, 'keltner_m': 4.5, 'en_obv': True, 'obv_slope': 54, 'en_cci': True, 'cci_n': 87, 'cci_threshold': 290, 'en_rsi': False, 'rsi_n': 39, 'rsi_lower': 15, 'rsi_upper': 71, 'en_stochastic': True, 'stochastic_n': 97, 'stochastic_d': 40, 'stochastic_lower': 17, 'stochastic_upper': 72, 'en_mfi': True, 'mfi_n': 11, 'mfi_lower': 23, 'mfi_upper': 57, 'en_bollinger': False, 'bollinger_n': 78, 'bollinger_k': 1.1, 'en_adx': False, 'adx_n': 33, 'adx_threshold': 21, 'en_structure_trend': False, 'structure_trend_swing_l': 19, 'en_order_block': False, 'order_block_swing_l': 17, 'en_fvg': False, 'fvg_lookback': 30, 'en_ifvg': True, 'en_breaker': False, 'breaker_swing_l': 5, 'en_cisd': True, 'k': 5, 'en_cap_bars': False, 'cap_1min': 1332}.
[I 2026-07-13 17:03:22,126] Trial 144 pruned. 
[I 2026-07-13 17:03:23,502] Trial 145 pruned. 
[I 2026-07-13 17:03:26,271] Trial 146 finished with values: [2889.138239357526, -5729.642149724896, 53.1] and parameters: {'sl_soft': 167.5072413639503, 'sl_hard_delta': 42.9569736085372, 'tp': 255.9479657109979, 'gate_pct': 76.46240503280777, 'dd_limit': 3089.913555349885, 'cooldown': 2, 'flip': False, 'en_ema_trend': False, 'ema_trend_fast': 250, 'ema_trend_slow': 301, 'en_sma_trend': False, 'sma_trend_fast': 173, 'sma_trend_slow': 229, 'en_macd': False, 'macd_fast': 73, 'macd_slow': 109, 'macd_signal': 18, 'en_vwap': True, 'en_keltner': True, 'keltner_n': 154, 'keltner_m': 4.4, 'en_obv': False, 'obv_slope': 186, 'en_cci': False, 'cci_n': 184, 'cci_threshold': 45, 'en_rsi': True, 'rsi_n': 67, 'rsi_lower': 18, 'rsi_upper': 82, 'en_stochastic': False, 'stochastic_n': 3, 'stochastic_d': 42, 'stochastic_lower': 27, 'stochastic_upper': 97, 'en_mfi': False, 'mfi_n': 49, 'mfi_lower': 28, 'mfi_upper': 93, 'en_bollinger': False, 'bollinger_n': 63, 'bollinger_k': 1.6, 'en_adx': False, 'adx_n': 88, 'adx_threshold': 55, 'en_structure_trend': False, 'structure_trend_swing_l': 10, 'en_order_block': False, 'order_block_swing_l': 4, 'en_fvg': False, 'fvg_lookback': 48, 'en_ifvg': True, 'en_breaker': True, 'breaker_swing_l': 1, 'en_cisd': False, 'k': 5, 'en_cap_bars': True, 'cap_1min': 706}.
[I 2026-07-13 17:03:33,672] Trial 147 finished with values: [-905.1006873012739, -2026.1991389982359, 29.450000000000003] and parameters: {'sl_soft': 42.35808698896362, 'sl_hard_delta': 255.32165138651087, 'tp': 103.43991057582518, 'gate_pct': 75.29895741667805, 'dd_limit': 4593.673039009747, 'cooldown': 2, 'flip': False, 'en_ema_trend': False, 'ema_trend_fast': 33, 'ema_trend_slow': 305, 'en_sma_trend': False, 'sma_trend_fast': 62, 'sma_trend_slow': 134, 'en_macd': True, 'macd_fast': 70, 'macd_slow': 193, 'macd_signal': 27, 'en_vwap': False, 'en_keltner': False, 'keltner_n': 3, 'keltner_m': 3.4000000000000004, 'en_obv': True, 'obv_slope': 38, 'en_cci': False, 'cci_n': 8, 'cci_threshold': 180, 'en_rsi': True, 'rsi_n': 46, 'rsi_lower': 3, 'rsi_upper': 61, 'en_stochastic': True, 'stochastic_n': 9, 'stochastic_d': 10, 'stochastic_lower': 40, 'stochastic_upper': 92, 'en_mfi': True, 'mfi_n': 95, 'mfi_lower': 24, 'mfi_upper': 93, 'en_bollinger': False, 'bollinger_n': 24, 'bollinger_k': 3.0, 'en_adx': False, 'adx_n': 77, 'adx_threshold': 32, 'en_structure_trend': True, 'structure_trend_swing_l': 9, 'en_order_block': False, 'order_block_swing_l': 1, 'en_fvg': True, 'fvg_lookback': 20, 'en_ifvg': False, 'en_breaker': False, 'breaker_swing_l': 20, 'en_cisd': True, 'k': 4, 'en_cap_bars': False, 'cap_1min': 1119}.
[I 2026-07-13 17:03:35,062] Trial 148 pruned. 
[I 2026-07-13 17:03:37,679] Trial 149 finished with values: [3083.103805712599, -4186.487874169361, 65.15] and parameters: {'sl_soft': 176.64602426808278, 'sl_hard_delta': 54.185208430712976, 'tp': 126.70242516612717, 'gate_pct': 97.52011350142476, 'dd_limit': 1156.8429090684392, 'cooldown': 1, 'flip': True, 'en_ema_trend': False, 'ema_trend_fast': 269, 'ema_trend_slow': 192, 'en_sma_trend': True, 'sma_trend_fast': 232, 'sma_trend_slow': 138, 'en_macd': False, 'macd_fast': 98, 'macd_slow': 21, 'macd_signal': 24, 'en_vwap': False, 'en_keltner': True, 'keltner_n': 160, 'keltner_m': 3.9000000000000004, 'en_obv': True, 'obv_slope': 107, 'en_cci': False, 'cci_n': 23, 'cci_threshold': 105, 'en_rsi': False, 'rsi_n': 9, 'rsi_lower': 29, 'rsi_upper': 90, 'en_stochastic': False, 'stochastic_n': 67, 'stochastic_d': 3, 'stochastic_lower': 28, 'stochastic_upper': 91, 'en_mfi': True, 'mfi_n': 41, 'mfi_lower': 8, 'mfi_upper': 88, 'en_bollinger': True, 'bollinger_n': 9, 'bollinger_k': 0.5, 'en_adx': False, 'adx_n': 32, 'adx_threshold': 11, 'en_structure_trend': True, 'structure_trend_swing_l': 19, 'en_order_block': True, 'order_block_swing_l': 7, 'en_fvg': False, 'fvg_lookback': 34, 'en_ifvg': True, 'en_breaker': False, 'breaker_swing_l': 1, 'en_cisd': False, 'k': 4, 'en_cap_bars': True, 'cap_1min': 689}.
[I 2026-07-13 17:03:39,037] Trial 150 pruned. 
[I 2026-07-13 17:03:40,256] Trial 151 pruned. 
[I 2026-07-13 17:03:43,631] Trial 152 pruned. 
[I 2026-07-13 17:03:45,310] Trial 153 pruned. 
[I 2026-07-13 17:03:46,838] Trial 154 pruned. 
[I 2026-07-13 17:03:48,453] Trial 155 pruned. 
[I 2026-07-13 17:03:50,564] Trial 156 pruned. 
[I 2026-07-13 17:03:51,315] Trial 157 pruned. 
[I 2026-07-13 17:03:52,744] Trial 158 pruned. 
[I 2026-07-13 17:03:59,827] Trial 159 finished with values: [934.0386301900799, -5629.452360740688, 54.4] and parameters: {'sl_soft': 117.92602962686918, 'sl_hard_delta': 180.0701780972078, 'tp': 124.27548582500157, 'gate_pct': 62.75122947526989, 'dd_limit': 7860.101132279564, 'cooldown': 2, 'flip': False, 'en_ema_trend': False, 'ema_trend_fast': 88, 'ema_trend_slow': 231, 'en_sma_trend': False, 'sma_trend_fast': 387, 'sma_trend_slow': 194, 'en_macd': True, 'macd_fast': 71, 'macd_slow': 43, 'macd_signal': 14, 'en_vwap': True, 'en_keltner': False, 'keltner_n': 84, 'keltner_m': 3.7, 'en_obv': True, 'obv_slope': 180, 'en_cci': True, 'cci_n': 48, 'cci_threshold': 240, 'en_rsi': False, 'rsi_n': 36, 'rsi_lower': 8, 'rsi_upper': 81, 'en_stochastic': False, 'stochastic_n': 16, 'stochastic_d': 36, 'stochastic_lower': 38, 'stochastic_upper': 82, 'en_mfi': False, 'mfi_n': 52, 'mfi_lower': 23, 'mfi_upper': 97, 'en_bollinger': True, 'bollinger_n': 24, 'bollinger_k': 4.9, 'en_adx': True, 'adx_n': 88, 'adx_threshold': 11, 'en_structure_trend': False, 'structure_trend_swing_l': 13, 'en_order_block': False, 'order_block_swing_l': 19, 'en_fvg': False, 'fvg_lookback': 23, 'en_ifvg': False, 'en_breaker': False, 'breaker_swing_l': 1, 'en_cisd': True, 'k': 2, 'en_cap_bars': False, 'cap_1min': 884}.
[I 2026-07-13 17:04:00,093] Trial 160 pruned. 
[I 2026-07-13 17:04:01,753] Trial 161 pruned. 
[I 2026-07-13 17:04:02,816] Trial 162 pruned. 
[I 2026-07-13 17:04:04,711] Trial 163 pruned. 
[I 2026-07-13 17:04:05,168] Trial 164 pruned. 
[I 2026-07-13 17:04:07,576] Trial 165 finished with values: [878.6581780650886, -9064.32896552913, 41.9] and parameters: {'sl_soft': 159.52618793143893, 'sl_hard_delta': 131.73354082528442, 'tp': 255.7835517235423, 'gate_pct': 50.62306212399367, 'dd_limit': 6059.576992841845, 'cooldown': 1, 'flip': False, 'en_ema_trend': True, 'ema_trend_fast': 374, 'ema_trend_slow': 70, 'en_sma_trend': True, 'sma_trend_fast': 190, 'sma_trend_slow': 272, 'en_macd': False, 'macd_fast': 72, 'macd_slow': 190, 'macd_signal': 59, 'en_vwap': False, 'en_keltner': False, 'keltner_n': 117, 'keltner_m': 4.6000000000000005, 'en_obv': True, 'obv_slope': 101, 'en_cci': True, 'cci_n': 135, 'cci_threshold': 125, 'en_rsi': True, 'rsi_n': 85, 'rsi_lower': 36, 'rsi_upper': 76, 'en_stochastic': False, 'stochastic_n': 89, 'stochastic_d': 32, 'stochastic_lower': 17, 'stochastic_upper': 60, 'en_mfi': False, 'mfi_n': 48, 'mfi_lower': 41, 'mfi_upper': 96, 'en_bollinger': False, 'bollinger_n': 64, 'bollinger_k': 3.4000000000000004, 'en_adx': False, 'adx_n': 70, 'adx_threshold': 54, 'en_structure_trend': False, 'structure_trend_swing_l': 12, 'en_order_block': True, 'order_block_swing_l': 10, 'en_fvg': False, 'fvg_lookback': 12, 'en_ifvg': False, 'en_breaker': False, 'breaker_swing_l': 6, 'en_cisd': False, 'k': 2, 'en_cap_bars': False, 'cap_1min': 1349}.
[I 2026-07-13 17:04:11,514] Trial 166 pruned. 
[I 2026-07-13 17:04:13,186] Trial 167 pruned. 
[I 2026-07-13 17:04:14,097] Trial 168 pruned. 
[I 2026-07-13 17:04:15,408] Trial 169 pruned. 
[I 2026-07-13 17:04:15,972] Trial 170 pruned. 
[I 2026-07-13 17:04:17,034] Trial 171 pruned. 
[I 2026-07-13 17:04:18,276] Trial 172 pruned. 
[I 2026-07-13 17:04:20,123] Trial 173 pruned. 
[I 2026-07-13 17:04:21,048] Trial 174 pruned. 
[I 2026-07-13 17:04:22,068] Trial 175 pruned. 
[I 2026-07-13 17:04:23,082] Trial 176 pruned. 
[I 2026-07-13 17:04:24,868] Trial 177 pruned. 
[I 2026-07-13 17:04:25,940] Trial 178 pruned. 
[I 2026-07-13 17:04:26,822] Trial 179 pruned. 
[I 2026-07-13 17:04:29,531] Trial 180 finished with values: [566.0518336124733, -9565.11323793573, 52.400000000000006] and parameters: {'sl_soft': 190.17502276399324, 'sl_hard_delta': 146.90887341595257, 'tp': 216.1628920688106, 'gate_pct': 98.72479828405353, 'dd_limit': 9493.148833252017, 'cooldown': 2, 'flip': True, 'en_ema_trend': True, 'ema_trend_fast': 81, 'ema_trend_slow': 391, 'en_sma_trend': True, 'sma_trend_fast': 382, 'sma_trend_slow': 115, 'en_macd': True, 'macd_fast': 10, 'macd_slow': 23, 'macd_signal': 71, 'en_vwap': False, 'en_keltner': False, 'keltner_n': 146, 'keltner_m': 2.3, 'en_obv': False, 'obv_slope': 105, 'en_cci': True, 'cci_n': 67, 'cci_threshold': 30, 'en_rsi': False, 'rsi_n': 71, 'rsi_lower': 8, 'rsi_upper': 59, 'en_stochastic': False, 'stochastic_n': 71, 'stochastic_d': 41, 'stochastic_lower': 2, 'stochastic_upper': 79, 'en_mfi': False, 'mfi_n': 94, 'mfi_lower': 43, 'mfi_upper': 66, 'en_bollinger': True, 'bollinger_n': 37, 'bollinger_k': 3.7, 'en_adx': False, 'adx_n': 53, 'adx_threshold': 43, 'en_structure_trend': True, 'structure_trend_swing_l': 16, 'en_order_block': False, 'order_block_swing_l': 19, 'en_fvg': True, 'fvg_lookback': 20, 'en_ifvg': False, 'en_breaker': True, 'breaker_swing_l': 7, 'en_cisd': True, 'k': 5, 'en_cap_bars': True, 'cap_1min': 686}.
[I 2026-07-13 17:04:30,604] Trial 181 pruned. 
[I 2026-07-13 17:04:32,187] Trial 182 pruned. 
[I 2026-07-13 17:04:33,367] Trial 183 pruned. 
[I 2026-07-13 17:04:34,932] Trial 184 pruned. 
[I 2026-07-13 17:04:36,295] Trial 185 pruned. 
[I 2026-07-13 17:04:37,924] Trial 186 pruned. 
[I 2026-07-13 17:04:51,611] Trial 187 finished with values: [-1045.6833969938816, -2203.0394154966416, 51.45] and parameters: {'sl_soft': 123.70176902772263, 'sl_hard_delta': 53.9061140716092, 'tp': 101.88424010931452, 'gate_pct': 68.87067583562738, 'dd_limit': 3890.5480719796124, 'cooldown': 4, 'flip': False, 'en_ema_trend': True, 'ema_trend_fast': 321, 'ema_trend_slow': 64, 'en_sma_trend': True, 'sma_trend_fast': 79, 'sma_trend_slow': 322, 'en_macd': False, 'macd_fast': 55, 'macd_slow': 77, 'macd_signal': 93, 'en_vwap': True, 'en_keltner': True, 'keltner_n': 65, 'keltner_m': 3.8000000000000003, 'en_obv': False, 'obv_slope': 191, 'en_cci': False, 'cci_n': 124, 'cci_threshold': 250, 'en_rsi': False, 'rsi_n': 13, 'rsi_lower': 27, 'rsi_upper': 54, 'en_stochastic': True, 'stochastic_n': 5, 'stochastic_d': 46, 'stochastic_lower': 32, 'stochastic_upper': 82, 'en_mfi': True, 'mfi_n': 41, 'mfi_lower': 44, 'mfi_upper': 97, 'en_bollinger': True, 'bollinger_n': 2, 'bollinger_k': 2.0, 'en_adx': True, 'adx_n': 9, 'adx_threshold': 7, 'en_structure_trend': False, 'structure_trend_swing_l': 15, 'en_order_block': False, 'order_block_swing_l': 13, 'en_fvg': False, 'fvg_lookback': 40, 'en_ifvg': True, 'en_breaker': True, 'breaker_swing_l': 15, 'en_cisd': True, 'k': 1, 'en_cap_bars': True, 'cap_1min': 1145}.
[I 2026-07-13 17:04:52,766] Trial 188 pruned. 
[I 2026-07-13 17:04:56,975] Trial 189 finished with values: [1738.0188115875899, -3129.3291529805356, 61.900000000000006] and parameters: {'sl_soft': 153.11311925365692, 'sl_hard_delta': 257.0849179212227, 'tp': 151.13416940389638, 'gate_pct': 61.70561390485503, 'dd_limit': 8994.231768656287, 'cooldown': 4, 'flip': False, 'en_ema_trend': True, 'ema_trend_fast': 11, 'ema_trend_slow': 333, 'en_sma_trend': True, 'sma_trend_fast': 59, 'sma_trend_slow': 261, 'en_macd': True, 'macd_fast': 50, 'macd_slow': 175, 'macd_signal': 100, 'en_vwap': False, 'en_keltner': False, 'keltner_n': 5, 'keltner_m': 3.3000000000000003, 'en_obv': True, 'obv_slope': 150, 'en_cci': True, 'cci_n': 123, 'cci_threshold': 120, 'en_rsi': False, 'rsi_n': 76, 'rsi_lower': 16, 'rsi_upper': 74, 'en_stochastic': False, 'stochastic_n': 93, 'stochastic_d': 37, 'stochastic_lower': 12, 'stochastic_upper': 62, 'en_mfi': True, 'mfi_n': 86, 'mfi_lower': 34, 'mfi_upper': 98, 'en_bollinger': True, 'bollinger_n': 133, 'bollinger_k': 1.9000000000000001, 'en_adx': False, 'adx_n': 100, 'adx_threshold': 14, 'en_structure_trend': False, 'structure_trend_swing_l': 18, 'en_order_block': True, 'order_block_swing_l': 19, 'en_fvg': True, 'fvg_lookback': 1, 'en_ifvg': True, 'en_breaker': True, 'breaker_swing_l': 4, 'en_cisd': False, 'k': 5, 'en_cap_bars': True, 'cap_1min': 1171}.
[I 2026-07-13 17:04:58,327] Trial 190 pruned. 
[I 2026-07-13 17:05:00,772] Trial 191 pruned. 
[I 2026-07-13 17:05:03,410] Trial 192 pruned. 
[I 2026-07-13 17:05:03,836] Trial 193 pruned. 
[I 2026-07-13 17:05:05,845] Trial 194 pruned. 
[I 2026-07-13 17:05:12,919] Trial 195 pruned. 
[I 2026-07-13 17:05:14,001] Trial 196 pruned. 
[I 2026-07-13 17:05:17,883] Trial 197 pruned. 
[I 2026-07-13 17:05:19,329] Trial 198 pruned. 
[I 2026-07-13 17:05:32,735] Trial 199 finished with values: [-1072.7238477457286, -3772.5258531556756, 37.25] and parameters: {'sl_soft': 94.68390483300263, 'sl_hard_delta': 40.6258050553046, 'tp': 220.80453925717387, 'gate_pct': 94.5832156131506, 'dd_limit': 8833.503555862811, 'cooldown': 1, 'flip': True, 'en_ema_trend': False, 'ema_trend_fast': 205, 'ema_trend_slow': 187, 'en_sma_trend': True, 'sma_trend_fast': 360, 'sma_trend_slow': 50, 'en_macd': True, 'macd_fast': 54, 'macd_slow': 89, 'macd_signal': 91, 'en_vwap': True, 'en_keltner': False, 'keltner_n': 163, 'keltner_m': 3.3000000000000003, 'en_obv': False, 'obv_slope': 82, 'en_cci': False, 'cci_n': 32, 'cci_threshold': 190, 'en_rsi': True, 'rsi_n': 94, 'rsi_lower': 43, 'rsi_upper': 70, 'en_stochastic': True, 'stochastic_n': 46, 'stochastic_d': 28, 'stochastic_lower': 20, 'stochastic_upper': 72, 'en_mfi': True, 'mfi_n': 7, 'mfi_lower': 12, 'mfi_upper': 58, 'en_bollinger': True, 'bollinger_n': 15, 'bollinger_k': 2.8000000000000003, 'en_adx': True, 'adx_n': 52, 'adx_threshold': 8, 'en_structure_trend': False, 'structure_trend_swing_l': 14, 'en_order_block': False, 'order_block_swing_l': 18, 'en_fvg': False, 'fvg_lookback': 34, 'en_ifvg': False, 'en_breaker': False, 'breaker_swing_l': 3, 'en_cisd': False, 'k': 1, 'en_cap_bars': True, 'cap_1min': 456}.
[I 2026-07-13 17:05:33,009] Trial 200 pruned. 
[I 2026-07-13 17:05:34,555] Trial 201 pruned. 
[I 2026-07-13 17:05:36,027] Trial 202 pruned. 
[I 2026-07-13 17:05:37,319] Trial 203 pruned. 
[I 2026-07-13 17:05:40,506] Trial 204 pruned. 
[I 2026-07-13 17:05:43,046] Trial 205 pruned. 
[I 2026-07-13 17:05:44,268] Trial 206 pruned. 
[I 2026-07-13 17:05:45,350] Trial 207 pruned. 
[I 2026-07-13 17:05:46,974] Trial 208 pruned. 
[I 2026-07-13 17:05:47,579] Trial 209 pruned. 
[I 2026-07-13 17:05:50,797] Trial 210 finished with values: [68.80880236243684, -7276.409749445556, 68.45] and parameters: {'sl_soft': 90.00847554214413, 'sl_hard_delta': 172.39645014063376, 'tp': 46.5948736383805, 'gate_pct': 93.79805140335328, 'dd_limit': 516.942840276527, 'cooldown': 1, 'flip': True, 'en_ema_trend': False, 'ema_trend_fast': 77, 'ema_trend_slow': 100, 'en_sma_trend': False, 'sma_trend_fast': 289, 'sma_trend_slow': 290, 'en_macd': True, 'macd_fast': 2, 'macd_slow': 132, 'macd_signal': 19, 'en_vwap': True, 'en_keltner': True, 'keltner_n': 72, 'keltner_m': 3.0, 'en_obv': True, 'obv_slope': 93, 'en_cci': False, 'cci_n': 51, 'cci_threshold': 265, 'en_rsi': False, 'rsi_n': 66, 'rsi_lower': 15, 'rsi_upper': 54, 'en_stochastic': False, 'stochastic_n': 6, 'stochastic_d': 20, 'stochastic_lower': 21, 'stochastic_upper': 69, 'en_mfi': False, 'mfi_n': 51, 'mfi_lower': 27, 'mfi_upper': 80, 'en_bollinger': False, 'bollinger_n': 86, 'bollinger_k': 2.4000000000000004, 'en_adx': False, 'adx_n': 98, 'adx_threshold': 27, 'en_structure_trend': False, 'structure_trend_swing_l': 4, 'en_order_block': False, 'order_block_swing_l': 18, 'en_fvg': True, 'fvg_lookback': 14, 'en_ifvg': False, 'en_breaker': False, 'breaker_swing_l': 20, 'en_cisd': False, 'k': 4, 'en_cap_bars': True, 'cap_1min': 693}.
[I 2026-07-13 17:05:53,807] Trial 211 pruned. 
[I 2026-07-13 17:05:54,827] Trial 212 pruned. 
[I 2026-07-13 17:05:58,154] Trial 213 pruned. 
[I 2026-07-13 17:06:01,990] Trial 214 pruned. 
