[I 2026-07-13 17:24:55,853] Trial 228 finished with values: [168.06629254771906, -655.3613323899117, 45.45] and parameters: {'sl_soft': 14.695606985122541, 'sl_hard_delta': 4.304782983548088, 'tp': 30.9300733340449, 'gate_pct': 61.29515207255519, 'dd_limit': 7070.895472661624, 'cooldown': 8, 'flip': True, 'en_ema_trend': False, 'ema_trend_fast': 95, 'ema_trend_slow': 85, 'en_sma_trend': False, 'sma_trend_fast': 62, 'sma_trend_slow': 250, 'en_macd': False, 'macd_fast': 44, 'macd_slow': 6, 'macd_signal': 34, 'en_vwap': True, 'en_keltner': True, 'keltner_n': 115, 'keltner_m': 2.1, 'en_obv': True, 'obv_slope': 15, 'en_cci': True, 'cci_n': 33, 'cci_threshold': 30, 'en_rsi': True, 'rsi_n': 89, 'rsi_lower': 49, 'rsi_upper': 52, 'en_stochastic': False, 'stochastic_n': 88, 'stochastic_d': 12, 'stochastic_lower': 2, 'stochastic_upper': 67, 'en_mfi': False, 'mfi_n': 41, 'mfi_lower': 15, 'mfi_upper': 58, 'en_bollinger': False, 'bollinger_n': 195, 'bollinger_k': 2.5, 'en_adx': False, 'adx_n': 74, 'adx_threshold': 19, 'en_structure_trend': True, 'structure_trend_swing_l': 14, 'en_order_block': False, 'order_block_swing_l': 8, 'en_fvg': True, 'fvg_lookback': 35, 'en_ifvg': True, 'en_breaker': False, 'breaker_swing_l': 20, 'en_cisd': False, 'k': 4, 'en_cap_bars': False, 'cap_1min': 3}.
[I 2026-07-13 17:25:01,215] Trial 229 finished with values: [219.66363855810414, -497.92777112612384, 74.35] and parameters: {'sl_soft': 21.91180555790227, 'sl_hard_delta': 26.941928915444915, 'tp': 15.280478680365094, 'gate_pct': 92.80779954528938, 'dd_limit': 9592.055300611895, 'cooldown': 34, 'flip': True, 'en_ema_trend': False, 'ema_trend_fast': 196, 'ema_trend_slow': 102, 'en_sma_trend': True, 'sma_trend_fast': 357, 'sma_trend_slow': 339, 'en_macd': False, 'macd_fast': 69, 'macd_slow': 112, 'macd_signal': 61, 'en_vwap': False, 'en_keltner': True, 'keltner_n': 3, 'keltner_m': 3.3000000000000003, 'en_obv': False, 'obv_slope': 188, 'en_cci': False, 'cci_n': 156, 'cci_threshold': 65, 'en_rsi': False, 'rsi_n': 52, 'rsi_lower': 13, 'rsi_upper': 57, 'en_stochastic': False, 'stochastic_n': 66, 'stochastic_d': 29, 'stochastic_lower': 45, 'stochastic_upper': 87, 'en_mfi': False, 'mfi_n': 70, 'mfi_lower': 33, 'mfi_upper': 70, 'en_bollinger': True, 'bollinger_n': 96, 'bollinger_k': 4.4, 'en_adx': True, 'adx_n': 20, 'adx_threshold': 7, 'en_structure_trend': False, 'structure_trend_swing_l': 15, 'en_order_block': False, 'order_block_swing_l': 17, 'en_fvg': False, 'fvg_lookback': 25, 'en_ifvg': False, 'en_breaker': True, 'breaker_swing_l': 15, 'en_cisd': False, 'k': 4, 'en_cap_bars': True, 'cap_1min': 652}.
[I 2026-07-13 17:25:01,555] Trial 230 finished with values: [213.6833747487981, -1189.7113210866519, 57.4] and parameters: {'sl_soft': 13.417321197537158, 'sl_hard_delta': 26.941928915444915, 'tp': 19.747368117299573, 'gate_pct': 92.80779954528938, 'dd_limit': 3617.657841686699, 'cooldown': 22, 'flip': True, 'en_ema_trend': True, 'ema_trend_fast': 364, 'ema_trend_slow': 125, 'en_sma_trend': True, 'sma_trend_fast': 357, 'sma_trend_slow': 339, 'en_macd': False, 'macd_fast': 52, 'macd_slow': 53, 'macd_signal': 61, 'en_vwap': True, 'en_keltner': True, 'keltner_n': 178, 'keltner_m': 4.8, 'en_obv': False, 'obv_slope': 167, 'en_cci': False, 'cci_n': 37, 'cci_threshold': 65, 'en_rsi': True, 'rsi_n': 97, 'rsi_lower': 13, 'rsi_upper': 81, 'en_stochastic': False, 'stochastic_n': 63, 'stochastic_d': 29, 'stochastic_lower': 33, 'stochastic_upper': 87, 'en_mfi': False, 'mfi_n': 80, 'mfi_lower': 8, 'mfi_upper': 70, 'en_bollinger': True, 'bollinger_n': 136, 'bollinger_k': 4.4, 'en_adx': True, 'adx_n': 20, 'adx_threshold': 28, 'en_structure_trend': False, 'structure_trend_swing_l': 14, 'en_order_block': False, 'order_block_swing_l': 17, 'en_fvg': True, 'fvg_lookback': 25, 'en_ifvg': True, 'en_breaker': True, 'breaker_swing_l': 10, 'en_cisd': False, 'k': 4, 'en_cap_bars': False, 'cap_1min': 126}.
[I 2026-07-13 17:25:06,474] Trial 231 finished with values: [810.517942275892, -1587.3309187782797, 63.15] and parameters: {'sl_soft': 27.889575962824456, 'sl_hard_delta': 16.86135074536918, 'tp': 23.976700355745017, 'gate_pct': 74.64771504966384, 'dd_limit': 5783.923331052917, 'cooldown': 9, 'flip': True, 'en_ema_trend': False, 'ema_trend_fast': 104, 'ema_trend_slow': 311, 'en_sma_trend': True, 'sma_trend_fast': 395, 'sma_trend_slow': 197, 'en_macd': False, 'macd_fast': 25, 'macd_slow': 98, 'macd_signal': 66, 'en_vwap': True, 'en_keltner': False, 'keltner_n': 80, 'keltner_m': 4.300000000000001, 'en_obv': True, 'obv_slope': 188, 'en_cci': True, 'cci_n': 88, 'cci_threshold': 120, 'en_rsi': False, 'rsi_n': 58, 'rsi_lower': 11, 'rsi_upper': 54, 'en_stochastic': True, 'stochastic_n': 15, 'stochastic_d': 24, 'stochastic_lower': 34, 'stochastic_upper': 53, 'en_mfi': False, 'mfi_n': 13, 'mfi_lower': 20, 'mfi_upper': 65, 'en_bollinger': False, 'bollinger_n': 92, 'bollinger_k': 1.7000000000000002, 'en_adx': False, 'adx_n': 29, 'adx_threshold': 7, 'en_structure_trend': True, 'structure_trend_swing_l': 19, 'en_order_block': True, 'order_block_swing_l': 12, 'en_fvg': False, 'fvg_lookback': 37, 'en_ifvg': False, 'en_breaker': True, 'breaker_swing_l': 18, 'en_cisd': False, 'k': 1, 'en_cap_bars': False, 'cap_1min': 651}.
[I 2026-07-13 17:25:06,805] Trial 232 finished with values: [270.37821470263225, -885.0150289865633, 62.75] and parameters: {'sl_soft': 27.889575962824456, 'sl_hard_delta': 16.86135074536918, 'tp': 25.60014020708973, 'gate_pct': 74.64771504966384, 'dd_limit': 5783.923331052917, 'cooldown': 9, 'flip': True, 'en_ema_trend': False, 'ema_trend_fast': 351, 'ema_trend_slow': 112, 'en_sma_trend': False, 'sma_trend_fast': 337, 'sma_trend_slow': 298, 'en_macd': False, 'macd_fast': 25, 'macd_slow': 179, 'macd_signal': 87, 'en_vwap': False, 'en_keltner': False, 'keltner_n': 80, 'keltner_m': 3.9000000000000004, 'en_obv': False, 'obv_slope': 185, 'en_cci': True, 'cci_n': 88, 'cci_threshold': 250, 'en_rsi': True, 'rsi_n': 58, 'rsi_lower': 11, 'rsi_upper': 94, 'en_stochastic': True, 'stochastic_n': 77, 'stochastic_d': 24, 'stochastic_lower': 34, 'stochastic_upper': 53, 'en_mfi': True, 'mfi_n': 13, 'mfi_lower': 23, 'mfi_upper': 51, 'en_bollinger': False, 'bollinger_n': 92, 'bollinger_k': 1.5, 'en_adx': False, 'adx_n': 67, 'adx_threshold': 35, 'en_structure_trend': True, 'structure_trend_swing_l': 18, 'en_order_block': True, 'order_block_swing_l': 13, 'en_fvg': False, 'fvg_lookback': 41, 'en_ifvg': False, 'en_breaker': False, 'breaker_swing_l': 9, 'en_cisd': False, 'k': 4, 'en_cap_bars': False, 'cap_1min': 651}.
[I 2026-07-13 17:25:08,089] Trial 233 pruned. 
[I 2026-07-13 17:25:08,749] Trial 234 pruned. 
[I 2026-07-13 17:25:18,133] Trial 235 finished with values: [159.5674983508252, -453.0047591676703, 44.45] and parameters: {'sl_soft': 11.828074798855372, 'sl_hard_delta': 6.822163159525327, 'tp': 30.9300733340449, 'gate_pct': 77.7098229275783, 'dd_limit': 1393.7003097166044, 'cooldown': 2, 'flip': True, 'en_ema_trend': True, 'ema_trend_fast': 117, 'ema_trend_slow': 88, 'en_sma_trend': True, 'sma_trend_fast': 154, 'sma_trend_slow': 258, 'en_macd': True, 'macd_fast': 31, 'macd_slow': 24, 'macd_signal': 17, 'en_vwap': False, 'en_keltner': True, 'keltner_n': 168, 'keltner_m': 4.0, 'en_obv': False, 'obv_slope': 160, 'en_cci': False, 'cci_n': 7, 'cci_threshold': 65, 'en_rsi': True, 'rsi_n': 46, 'rsi_lower': 43, 'rsi_upper': 81, 'en_stochastic': True, 'stochastic_n': 61, 'stochastic_d': 29, 'stochastic_lower': 33, 'stochastic_upper': 57, 'en_mfi': True, 'mfi_n': 25, 'mfi_lower': 19, 'mfi_upper': 79, 'en_bollinger': False, 'bollinger_n': 175, 'bollinger_k': 2.2, 'en_adx': False, 'adx_n': 54, 'adx_threshold': 24, 'en_structure_trend': True, 'structure_trend_swing_l': 7, 'en_order_block': False, 'order_block_swing_l': 16, 'en_fvg': True, 'fvg_lookback': 38, 'en_ifvg': False, 'en_breaker': False, 'breaker_swing_l': 7, 'en_cisd': True, 'k': 4, 'en_cap_bars': True, 'cap_1min': 643}.
[I 2026-07-13 17:25:19,715] Trial 236 pruned. 
[I 2026-07-13 17:25:20,724] Trial 237 pruned. 
[I 2026-07-13 17:25:22,816] Trial 238 pruned. 
[I 2026-07-13 17:25:25,119] Trial 239 finished with values: [-561.3576658532111, -1467.2569089942044, 43.0] and parameters: {'sl_soft': 19.64467165807833, 'sl_hard_delta': 18.094094592008794, 'tp': 35.1047799502073, 'gate_pct': 88.06216959925202, 'dd_limit': 7586.3552764031565, 'cooldown': 33, 'flip': True, 'en_ema_trend': False, 'ema_trend_fast': 14, 'ema_trend_slow': 305, 'en_sma_trend': False, 'sma_trend_fast': 298, 'sma_trend_slow': 169, 'en_macd': True, 'macd_fast': 67, 'macd_slow': 82, 'macd_signal': 81, 'en_vwap': True, 'en_keltner': True, 'keltner_n': 62, 'keltner_m': 3.0, 'en_obv': True, 'obv_slope': 173, 'en_cci': True, 'cci_n': 37, 'cci_threshold': 90, 'en_rsi': False, 'rsi_n': 55, 'rsi_lower': 42, 'rsi_upper': 72, 'en_stochastic': False, 'stochastic_n': 63, 'stochastic_d': 44, 'stochastic_lower': 7, 'stochastic_upper': 72, 'en_mfi': True, 'mfi_n': 88, 'mfi_lower': 21, 'mfi_upper': 88, 'en_bollinger': True, 'bollinger_n': 68, 'bollinger_k': 1.2000000000000002, 'en_adx': False, 'adx_n': 7, 'adx_threshold': 52, 'en_structure_trend': True, 'structure_trend_swing_l': 9, 'en_order_block': False, 'order_block_swing_l': 2, 'en_fvg': False, 'fvg_lookback': 29, 'en_ifvg': True, 'en_breaker': True, 'breaker_swing_l': 11, 'en_cisd': True, 'k': 5, 'en_cap_bars': False, 'cap_1min': 1153}.
[I 2026-07-13 17:25:29,427] Trial 240 finished with values: [25.0, -370.8107154901154, 51.1] and parameters: {'sl_soft': 15.029901346125646, 'sl_hard_delta': 18.132241751897425, 'tp': 19.32668301877756, 'gate_pct': 42.37120833684469, 'dd_limit': 9308.14469807598, 'cooldown': 8, 'flip': True, 'en_ema_trend': False, 'ema_trend_fast': 41, 'ema_trend_slow': 346, 'en_sma_trend': False, 'sma_trend_fast': 36, 'sma_trend_slow': 93, 'en_macd': True, 'macd_fast': 69, 'macd_slow': 6, 'macd_signal': 41, 'en_vwap': False, 'en_keltner': True, 'keltner_n': 3, 'keltner_m': 4.5, 'en_obv': True, 'obv_slope': 15, 'en_cci': True, 'cci_n': 182, 'cci_threshold': 300, 'en_rsi': True, 'rsi_n': 17, 'rsi_lower': 39, 'rsi_upper': 98, 'en_stochastic': False, 'stochastic_n': 14, 'stochastic_d': 9, 'stochastic_lower': 40, 'stochastic_upper': 77, 'en_mfi': True, 'mfi_n': 90, 'mfi_lower': 10, 'mfi_upper': 65, 'en_bollinger': False, 'bollinger_n': 57, 'bollinger_k': 3.0, 'en_adx': False, 'adx_n': 74, 'adx_threshold': 7, 'en_structure_trend': False, 'structure_trend_swing_l': 14, 'en_order_block': True, 'order_block_swing_l': 18, 'en_fvg': False, 'fvg_lookback': 10, 'en_ifvg': False, 'en_breaker': True, 'breaker_swing_l': 8, 'en_cisd': True, 'k': 5, 'en_cap_bars': True, 'cap_1min': 3}.
[I 2026-07-13 17:25:37,213] Trial 241 finished with values: [169.58167853101259, -602.5530221930603, 54.15] and parameters: {'sl_soft': 21.393555960663257, 'sl_hard_delta': 2.661532227567695, 'tp': 23.976700355745017, 'gate_pct': 52.7932312951505, 'dd_limit': 2816.719005079483, 'cooldown': 14, 'flip': True, 'en_ema_trend': False, 'ema_trend_fast': 200, 'ema_trend_slow': 187, 'en_sma_trend': False, 'sma_trend_fast': 70, 'sma_trend_slow': 197, 'en_macd': False, 'macd_fast': 30, 'macd_slow': 94, 'macd_signal': 21, 'en_vwap': True, 'en_keltner': True, 'keltner_n': 74, 'keltner_m': 4.300000000000001, 'en_obv': False, 'obv_slope': 188, 'en_cci': True, 'cci_n': 32, 'cci_threshold': 120, 'en_rsi': False, 'rsi_n': 19, 'rsi_lower': 36, 'rsi_upper': 77, 'en_stochastic': True, 'stochastic_n': 15, 'stochastic_d': 50, 'stochastic_lower': 27, 'stochastic_upper': 54, 'en_mfi': False, 'mfi_n': 84, 'mfi_lower': 20, 'mfi_upper': 59, 'en_bollinger': True, 'bollinger_n': 137, 'bollinger_k': 1.9000000000000001, 'en_adx': False, 'adx_n': 99, 'adx_threshold': 7, 'en_structure_trend': True, 'structure_trend_swing_l': 19, 'en_order_block': True, 'order_block_swing_l': 16, 'en_fvg': False, 'fvg_lookback': 37, 'en_ifvg': True, 'en_breaker': True, 'breaker_swing_l': 18, 'en_cisd': False, 'k': 3, 'en_cap_bars': True, 'cap_1min': 859}.
[I 2026-07-13 17:25:37,534] Trial 242 pruned. 
[I 2026-07-13 17:25:38,429] Trial 243 pruned. 
[I 2026-07-13 17:25:38,693] Trial 244 finished with values: [-62.512398156886775, -495.71359485780704, 46.65] and parameters: {'sl_soft': 10.245954328680858, 'sl_hard_delta': 10.457722003615679, 'tp': 15.280478680365094, 'gate_pct': 26.3517884829504, 'dd_limit': 3617.657841686699, 'cooldown': 34, 'flip': True, 'en_ema_trend': False, 'ema_trend_fast': 196, 'ema_trend_slow': 125, 'en_sma_trend': True, 'sma_trend_fast': 357, 'sma_trend_slow': 329, 'en_macd': False, 'macd_fast': 69, 'macd_slow': 154, 'macd_signal': 61, 'en_vwap': True, 'en_keltner': True, 'keltner_n': 3, 'keltner_m': 3.3000000000000003, 'en_obv': True, 'obv_slope': 161, 'en_cci': False, 'cci_n': 37, 'cci_threshold': 275, 'en_rsi': False, 'rsi_n': 28, 'rsi_lower': 13, 'rsi_upper': 57, 'en_stochastic': False, 'stochastic_n': 63, 'stochastic_d': 36, 'stochastic_lower': 33, 'stochastic_upper': 62, 'en_mfi': False, 'mfi_n': 72, 'mfi_lower': 13, 'mfi_upper': 70, 'en_bollinger': False, 'bollinger_n': 96, 'bollinger_k': 4.6000000000000005, 'en_adx': False, 'adx_n': 56, 'adx_threshold': 32, 'en_structure_trend': True, 'structure_trend_swing_l': 14, 'en_order_block': True, 'order_block_swing_l': 18, 'en_fvg': True, 'fvg_lookback': 25, 'en_ifvg': True, 'en_breaker': True, 'breaker_swing_l': 10, 'en_cisd': False, 'k': 4, 'en_cap_bars': False, 'cap_1min': 652}.
[I 2026-07-13 17:25:42,221] Trial 245 finished with values: [229.7029333616956, -1475.349633329788, 50.85] and parameters: {'sl_soft': 21.91180555790227, 'sl_hard_delta': 29.29431698174527, 'tp': 30.9300733340449, 'gate_pct': 30.375843415186864, 'dd_limit': 5062.683277506204, 'cooldown': 22, 'flip': True, 'en_ema_trend': True, 'ema_trend_fast': 373, 'ema_trend_slow': 251, 'en_sma_trend': True, 'sma_trend_fast': 212, 'sma_trend_slow': 302, 'en_macd': True, 'macd_fast': 31, 'macd_slow': 18, 'macd_signal': 75, 'en_vwap': True, 'en_keltner': True, 'keltner_n': 151, 'keltner_m': 0.8, 'en_obv': False, 'obv_slope': 160, 'en_cci': False, 'cci_n': 176, 'cci_threshold': 65, 'en_rsi': True, 'rsi_n': 65, 'rsi_lower': 15, 'rsi_upper': 64, 'en_stochastic': False, 'stochastic_n': 63, 'stochastic_d': 34, 'stochastic_lower': 22, 'stochastic_upper': 98, 'en_mfi': False, 'mfi_n': 70, 'mfi_lower': 27, 'mfi_upper': 65, 'en_bollinger': False, 'bollinger_n': 40, 'bollinger_k': 2.2, 'en_adx': False, 'adx_n': 20, 'adx_threshold': 39, 'en_structure_trend': False, 'structure_trend_swing_l': 15, 'en_order_block': True, 'order_block_swing_l': 17, 'en_fvg': False, 'fvg_lookback': 28, 'en_ifvg': True, 'en_breaker': False, 'breaker_swing_l': 3, 'en_cisd': False, 'k': 2, 'en_cap_bars': False, 'cap_1min': 1379}.
[I 2026-07-13 17:25:43,119] Trial 246 finished with values: [-388.21131407647044, -1049.887486166117, 46.4] and parameters: {'sl_soft': 15.029901346125646, 'sl_hard_delta': 4.209268042123824, 'tp': 19.32668301877756, 'gate_pct': 33.41518335180748, 'dd_limit': 9308.14469807598, 'cooldown': 2, 'flip': True, 'en_ema_trend': False, 'ema_trend_fast': 59, 'ema_trend_slow': 135, 'en_sma_trend': False, 'sma_trend_fast': 36, 'sma_trend_slow': 93, 'en_macd': False, 'macd_fast': 44, 'macd_slow': 6, 'macd_signal': 34, 'en_vwap': True, 'en_keltner': True, 'keltner_n': 124, 'keltner_m': 4.5, 'en_obv': True, 'obv_slope': 184, 'en_cci': True, 'cci_n': 110, 'cci_threshold': 115, 'en_rsi': False, 'rsi_n': 17, 'rsi_lower': 39, 'rsi_upper': 75, 'en_stochastic': False, 'stochastic_n': 88, 'stochastic_d': 50, 'stochastic_lower': 2, 'stochastic_upper': 77, 'en_mfi': True, 'mfi_n': 90, 'mfi_lower': 10, 'mfi_upper': 93, 'en_bollinger': False, 'bollinger_n': 57, 'bollinger_k': 2.2, 'en_adx': False, 'adx_n': 71, 'adx_threshold': 6, 'en_structure_trend': False, 'structure_trend_swing_l': 11, 'en_order_block': True, 'order_block_swing_l': 9, 'en_fvg': False, 'fvg_lookback': 10, 'en_ifvg': False, 'en_breaker': True, 'breaker_swing_l': 8, 'en_cisd': False, 'k': 1, 'en_cap_bars': False, 'cap_1min': 3}.
[I 2026-07-13 17:25:43,456] Trial 247 finished with values: [-139.86779089653282, -937.7887367221774, 37.25] and parameters: {'sl_soft': 18.33662707632574, 'sl_hard_delta': 10.757778398511135, 'tp': 37.32741456130543, 'gate_pct': 45.267583500536205, 'dd_limit': 1590.8713685177133, 'cooldown': 34, 'flip': False, 'en_ema_trend': True, 'ema_trend_fast': 279, 'ema_trend_slow': 242, 'en_sma_trend': True, 'sma_trend_fast': 240, 'sma_trend_slow': 344, 'en_macd': False, 'macd_fast': 34, 'macd_slow': 139, 'macd_signal': 71, 'en_vwap': True, 'en_keltner': True, 'keltner_n': 27, 'keltner_m': 3.3000000000000003, 'en_obv': False, 'obv_slope': 63, 'en_cci': True, 'cci_n': 182, 'cci_threshold': 265, 'en_rsi': True, 'rsi_n': 28, 'rsi_lower': 40, 'rsi_upper': 76, 'en_stochastic': False, 'stochastic_n': 90, 'stochastic_d': 23, 'stochastic_lower': 28, 'stochastic_upper': 90, 'en_mfi': True, 'mfi_n': 90, 'mfi_lower': 24, 'mfi_upper': 79, 'en_bollinger': False, 'bollinger_n': 152, 'bollinger_k': 3.7, 'en_adx': False, 'adx_n': 39, 'adx_threshold': 35, 'en_structure_trend': False, 'structure_trend_swing_l': 15, 'en_order_block': True, 'order_block_swing_l': 8, 'en_fvg': False, 'fvg_lookback': 34, 'en_ifvg': True, 'en_breaker': True, 'breaker_swing_l': 2, 'en_cisd': True, 'k': 4, 'en_cap_bars': True, 'cap_1min': 1360}.
[I 2026-07-13 17:25:45,307] Trial 248 finished with values: [640.3046211420587, -1320.3763307150075, 46.4] and parameters: {'sl_soft': 25.141828397767004, 'sl_hard_delta': 4.209268042123824, 'tp': 41.7178491279398, 'gate_pct': 61.29515207255519, 'dd_limit': 4510.2047311050765, 'cooldown': 0, 'flip': True, 'en_ema_trend': True, 'ema_trend_fast': 293, 'ema_trend_slow': 85, 'en_sma_trend': False, 'sma_trend_fast': 292, 'sma_trend_slow': 263, 'en_macd': False, 'macd_fast': 25, 'macd_slow': 172, 'macd_signal': 36, 'en_vwap': True, 'en_keltner': False, 'keltner_n': 185, 'keltner_m': 4.5, 'en_obv': True, 'obv_slope': 15, 'en_cci': True, 'cci_n': 88, 'cci_threshold': 260, 'en_rsi': False, 'rsi_n': 89, 'rsi_lower': 8, 'rsi_upper': 52, 'en_stochastic': False, 'stochastic_n': 66, 'stochastic_d': 50, 'stochastic_lower': 2, 'stochastic_upper': 67, 'en_mfi': True, 'mfi_n': 41, 'mfi_lower': 31, 'mfi_upper': 62, 'en_bollinger': False, 'bollinger_n': 104, 'bollinger_k': 2.3, 'en_adx': False, 'adx_n': 74, 'adx_threshold': 30, 'en_structure_trend': True, 'structure_trend_swing_l': 4, 'en_order_block': False, 'order_block_swing_l': 13, 'en_fvg': False, 'fvg_lookback': 10, 'en_ifvg': True, 'en_breaker': False, 'breaker_swing_l': 8, 'en_cisd': True, 'k': 4, 'en_cap_bars': False, 'cap_1min': 736}.
[I 2026-07-13 17:25:47,561] Trial 249 finished with values: [1851.6527609554032, -2226.689388685045, 65.0] and parameters: {'sl_soft': 21.91180555790227, 'sl_hard_delta': 26.941928915444915, 'tp': 19.747368117299573, 'gate_pct': 92.80779954528938, 'dd_limit': 9592.055300611895, 'cooldown': 22, 'flip': True, 'en_ema_trend': True, 'ema_trend_fast': 196, 'ema_trend_slow': 125, 'en_sma_trend': True, 'sma_trend_fast': 56, 'sma_trend_slow': 236, 'en_macd': True, 'macd_fast': 31, 'macd_slow': 142, 'macd_signal': 61, 'en_vwap': True, 'en_keltner': True, 'keltner_n': 178, 'keltner_m': 4.8, 'en_obv': False, 'obv_slope': 15, 'en_cci': False, 'cci_n': 7, 'cci_threshold': 300, 'en_rsi': False, 'rsi_n': 52, 'rsi_lower': 13, 'rsi_upper': 81, 'en_stochastic': False, 'stochastic_n': 63, 'stochastic_d': 36, 'stochastic_lower': 45, 'stochastic_upper': 62, 'en_mfi': False, 'mfi_n': 80, 'mfi_lower': 8, 'mfi_upper': 70, 'en_bollinger': True, 'bollinger_n': 96, 'bollinger_k': 4.4, 'en_adx': True, 'adx_n': 20, 'adx_threshold': 7, 'en_structure_trend': False, 'structure_trend_swing_l': 15, 'en_order_block': False, 'order_block_swing_l': 18, 'en_fvg': True, 'fvg_lookback': 25, 'en_ifvg': False, 'en_breaker': True, 'breaker_swing_l': 15, 'en_cisd': False, 'k': 4, 'en_cap_bars': True, 'cap_1min': 652}.
[I 2026-07-13 17:25:49,590] Trial 250 pruned. 
[I 2026-07-13 17:25:50,574] Trial 251 pruned. 
[I 2026-07-13 17:25:52,529] Trial 252 finished with values: [41.74077138659413, -906.9108339920786, 46.400000000000006] and parameters: {'sl_soft': 27.235495572169377, 'sl_hard_delta': 2.661532227567695, 'tp': 41.7178491279398, 'gate_pct': 37.39778324297737, 'dd_limit': 2816.719005079483, 'cooldown': 0, 'flip': False, 'en_ema_trend': False, 'ema_trend_fast': 293, 'ema_trend_slow': 99, 'en_sma_trend': False, 'sma_trend_fast': 109, 'sma_trend_slow': 249, 'en_macd': True, 'macd_fast': 68, 'macd_slow': 105, 'macd_signal': 36, 'en_vwap': True, 'en_keltner': False, 'keltner_n': 185, 'keltner_m': 3.4000000000000004, 'en_obv': False, 'obv_slope': 188, 'en_cci': True, 'cci_n': 188, 'cci_threshold': 80, 'en_rsi': False, 'rsi_n': 19, 'rsi_lower': 8, 'rsi_upper': 86, 'en_stochastic': False, 'stochastic_n': 56, 'stochastic_d': 50, 'stochastic_lower': 27, 'stochastic_upper': 71, 'en_mfi': True, 'mfi_n': 21, 'mfi_lower': 48, 'mfi_upper': 59, 'en_bollinger': False, 'bollinger_n': 91, 'bollinger_k': 2.1, 'en_adx': False, 'adx_n': 99, 'adx_threshold': 27, 'en_structure_trend': True, 'structure_trend_swing_l': 10, 'en_order_block': True, 'order_block_swing_l': 16, 'en_fvg': False, 'fvg_lookback': 3, 'en_ifvg': True, 'en_breaker': True, 'breaker_swing_l': 19, 'en_cisd': False, 'k': 4, 'en_cap_bars': False, 'cap_1min': 859}.
