[I 2026-07-13 17:32:41,868] Trial 403 finished with values: [-106.40191909169516, -918.9573213220137, 33.3] and parameters: {'sl_soft': 13.186315729842667, 'sl_hard_delta': 11.445594980891276, 'tp': 33.53844943795319, 'gate_pct': 52.7932312951505, 'dd_limit': 7394.721751419064, 'cooldown': 14, 'flip': False, 'en_ema_trend': False, 'ema_trend_fast': 104, 'ema_trend_slow': 311, 'en_sma_trend': False, 'sma_trend_fast': 70, 'sma_trend_slow': 249, 'en_macd': False, 'macd_fast': 50, 'macd_slow': 94, 'macd_signal': 21, 'en_vwap': True, 'en_keltner': True, 'keltner_n': 6, 'keltner_m': 0.9, 'en_obv': True, 'obv_slope': 188, 'en_cci': True, 'cci_n': 32, 'cci_threshold': 120, 'en_rsi': False, 'rsi_n': 37, 'rsi_lower': 27, 'rsi_upper': 55, 'en_stochastic': True, 'stochastic_n': 15, 'stochastic_d': 50, 'stochastic_lower': 27, 'stochastic_upper': 54, 'en_mfi': True, 'mfi_n': 45, 'mfi_lower': 20, 'mfi_upper': 59, 'en_bollinger': True, 'bollinger_n': 137, 'bollinger_k': 1.7000000000000002, 'en_adx': False, 'adx_n': 29, 'adx_threshold': 27, 'en_structure_trend': True, 'structure_trend_swing_l': 17, 'en_order_block': True, 'order_block_swing_l': 12, 'en_fvg': False, 'fvg_lookback': 38, 'en_ifvg': True, 'en_breaker': True, 'breaker_swing_l': 18, 'en_cisd': False, 'k': 4, 'en_cap_bars': True, 'cap_1min': 107}.
[I 2026-07-13 17:32:42,835] Trial 404 pruned. 
[I 2026-07-13 17:32:43,175] Trial 405 finished with values: [-103.44549020144768, -733.2780015431126, 52.5] and parameters: {'sl_soft': 10.245954328680858, 'sl_hard_delta': 18.132241751897425, 'tp': 27.72259577195913, 'gate_pct': 42.37120833684469, 'dd_limit': 9508.627019250667, 'cooldown': 18, 'flip': False, 'en_ema_trend': False, 'ema_trend_fast': 41, 'ema_trend_slow': 346, 'en_sma_trend': True, 'sma_trend_fast': 7, 'sma_trend_slow': 242, 'en_macd': True, 'macd_fast': 69, 'macd_slow': 63, 'macd_signal': 41, 'en_vwap': True, 'en_keltner': True, 'keltner_n': 3, 'keltner_m': 4.0, 'en_obv': True, 'obv_slope': 160, 'en_cci': False, 'cci_n': 117, 'cci_threshold': 300, 'en_rsi': True, 'rsi_n': 52, 'rsi_lower': 20, 'rsi_upper': 75, 'en_stochastic': False, 'stochastic_n': 66, 'stochastic_d': 9, 'stochastic_lower': 40, 'stochastic_upper': 60, 'en_mfi': False, 'mfi_n': 90, 'mfi_lower': 7, 'mfi_upper': 65, 'en_bollinger': False, 'bollinger_n': 8, 'bollinger_k': 4.6000000000000005, 'en_adx': True, 'adx_n': 56, 'adx_threshold': 7, 'en_structure_trend': False, 'structure_trend_swing_l': 14, 'en_order_block': True, 'order_block_swing_l': 18, 'en_fvg': False, 'fvg_lookback': 42, 'en_ifvg': False, 'en_breaker': True, 'breaker_swing_l': 20, 'en_cisd': True, 'k': 5, 'en_cap_bars': True, 'cap_1min': 3}.
[I 2026-07-13 17:32:49,285] Trial 406 finished with values: [668.7340892863358, -454.51856495019456, 50.2] and parameters: {'sl_soft': 14.695606985122541, 'sl_hard_delta': 2.661532227567695, 'tp': 23.976700355745017, 'gate_pct': 52.7932312951505, 'dd_limit': 2816.719005079483, 'cooldown': 14, 'flip': False, 'en_ema_trend': False, 'ema_trend_fast': 95, 'ema_trend_slow': 187, 'en_sma_trend': False, 'sma_trend_fast': 70, 'sma_trend_slow': 250, 'en_macd': True, 'macd_fast': 44, 'macd_slow': 151, 'macd_signal': 41, 'en_vwap': True, 'en_keltner': True, 'keltner_n': 175, 'keltner_m': 4.300000000000001, 'en_obv': True, 'obv_slope': 160, 'en_cci': True, 'cci_n': 33, 'cci_threshold': 30, 'en_rsi': True, 'rsi_n': 23, 'rsi_lower': 20, 'rsi_upper': 77, 'en_stochastic': True, 'stochastic_n': 88, 'stochastic_d': 28, 'stochastic_lower': 27, 'stochastic_upper': 90, 'en_mfi': False, 'mfi_n': 90, 'mfi_lower': 20, 'mfi_upper': 59, 'en_bollinger': True, 'bollinger_n': 131, 'bollinger_k': 1.9000000000000001, 'en_adx': False, 'adx_n': 99, 'adx_threshold': 12, 'en_structure_trend': False, 'structure_trend_swing_l': 19, 'en_order_block': False, 'order_block_swing_l': 8, 'en_fvg': False, 'fvg_lookback': 37, 'en_ifvg': True, 'en_breaker': True, 'breaker_swing_l': 20, 'en_cisd': False, 'k': 2, 'en_cap_bars': False, 'cap_1min': 3}.
[I 2026-07-13 17:32:51,332] Trial 407 finished with values: [48.54677951519989, -424.90338200950646, 63.3] and parameters: {'sl_soft': 12.023742953585678, 'sl_hard_delta': 36.493080032425134, 'tp': 11.768073292054666, 'gate_pct': 68.64613759880352, 'dd_limit': 365.1680353374175, 'cooldown': 20, 'flip': True, 'en_ema_trend': True, 'ema_trend_fast': 284, 'ema_trend_slow': 346, 'en_sma_trend': False, 'sma_trend_fast': 337, 'sma_trend_slow': 250, 'en_macd': False, 'macd_fast': 25, 'macd_slow': 155, 'macd_signal': 87, 'en_vwap': False, 'en_keltner': False, 'keltner_n': 80, 'keltner_m': 4.300000000000001, 'en_obv': False, 'obv_slope': 185, 'en_cci': True, 'cci_n': 33, 'cci_threshold': 95, 'en_rsi': True, 'rsi_n': 79, 'rsi_lower': 11, 'rsi_upper': 94, 'en_stochastic': False, 'stochastic_n': 59, 'stochastic_d': 24, 'stochastic_lower': 16, 'stochastic_upper': 53, 'en_mfi': False, 'mfi_n': 13, 'mfi_lower': 27, 'mfi_upper': 65, 'en_bollinger': True, 'bollinger_n': 195, 'bollinger_k': 3.4000000000000004, 'en_adx': False, 'adx_n': 50, 'adx_threshold': 35, 'en_structure_trend': False, 'structure_trend_swing_l': 8, 'en_order_block': True, 'order_block_swing_l': 12, 'en_fvg': False, 'fvg_lookback': 41, 'en_ifvg': True, 'en_breaker': False, 'breaker_swing_l': 9, 'en_cisd': True, 'k': 4, 'en_cap_bars': False, 'cap_1min': 651}.
[I 2026-07-13 17:32:53,407] Trial 408 finished with values: [212.1930115399664, -690.7203595661122, 45.85] and parameters: {'sl_soft': 13.186315729842667, 'sl_hard_delta': 6.822163159525327, 'tp': 23.976700355745017, 'gate_pct': 47.67526199665095, 'dd_limit': 9508.627019250667, 'cooldown': 22, 'flip': True, 'en_ema_trend': False, 'ema_trend_fast': 104, 'ema_trend_slow': 346, 'en_sma_trend': False, 'sma_trend_fast': 370, 'sma_trend_slow': 230, 'en_macd': True, 'macd_fast': 90, 'macd_slow': 18, 'macd_signal': 66, 'en_vwap': False, 'en_keltner': True, 'keltner_n': 178, 'keltner_m': 4.0, 'en_obv': False, 'obv_slope': 188, 'en_cci': False, 'cci_n': 32, 'cci_threshold': 180, 'en_rsi': False, 'rsi_n': 88, 'rsi_lower': 27, 'rsi_upper': 81, 'en_stochastic': False, 'stochastic_n': 63, 'stochastic_d': 29, 'stochastic_lower': 38, 'stochastic_upper': 54, 'en_mfi': False, 'mfi_n': 70, 'mfi_lower': 20, 'mfi_upper': 65, 'en_bollinger': True, 'bollinger_n': 182, 'bollinger_k': 1.7000000000000002, 'en_adx': False, 'adx_n': 20, 'adx_threshold': 34, 'en_structure_trend': True, 'structure_trend_swing_l': 19, 'en_order_block': False, 'order_block_swing_l': 17, 'en_fvg': False, 'fvg_lookback': 37, 'en_ifvg': True, 'en_breaker': True, 'breaker_swing_l': 15, 'en_cisd': False, 'k': 1, 'en_cap_bars': True, 'cap_1min': 107}.
[I 2026-07-13 17:32:53,703] Trial 409 finished with values: [184.29934287001743, -448.4554169960393, 69.7] and parameters: {'sl_soft': 27.235495572169377, 'sl_hard_delta': 2.661532227567695, 'tp': 20.145316482998126, 'gate_pct': 52.7932312951505, 'dd_limit': 2816.719005079483, 'cooldown': 14, 'flip': False, 'en_ema_trend': False, 'ema_trend_fast': 200, 'ema_trend_slow': 187, 'en_sma_trend': False, 'sma_trend_fast': 70, 'sma_trend_slow': 249, 'en_macd': False, 'macd_fast': 68, 'macd_slow': 105, 'macd_signal': 21, 'en_vwap': True, 'en_keltner': False, 'keltner_n': 74, 'keltner_m': 3.4000000000000004, 'en_obv': False, 'obv_slope': 188, 'en_cci': True, 'cci_n': 158, 'cci_threshold': 80, 'en_rsi': False, 'rsi_n': 19, 'rsi_lower': 36, 'rsi_upper': 77, 'en_stochastic': True, 'stochastic_n': 69, 'stochastic_d': 50, 'stochastic_lower': 27, 'stochastic_upper': 89, 'en_mfi': True, 'mfi_n': 84, 'mfi_lower': 48, 'mfi_upper': 59, 'en_bollinger': True, 'bollinger_n': 91, 'bollinger_k': 1.9000000000000001, 'en_adx': False, 'adx_n': 99, 'adx_threshold': 27, 'en_structure_trend': True, 'structure_trend_swing_l': 10, 'en_order_block': True, 'order_block_swing_l': 16, 'en_fvg': True, 'fvg_lookback': 3, 'en_ifvg': True, 'en_breaker': True, 'breaker_swing_l': 18, 'en_cisd': False, 'k': 3, 'en_cap_bars': True, 'cap_1min': 859}.
[I 2026-07-13 17:32:56,455] Trial 410 finished with values: [-116.32061807606078, -711.4928585891903, 56.150000000000006] and parameters: {'sl_soft': 20.421932129471724, 'sl_hard_delta': 12.207560282522527, 'tp': 22.369899655020188, 'gate_pct': 37.39778324297737, 'dd_limit': 4207.99661406946, 'cooldown': 12, 'flip': False, 'en_ema_trend': True, 'ema_trend_fast': 12, 'ema_trend_slow': 99, 'en_sma_trend': False, 'sma_trend_fast': 109, 'sma_trend_slow': 84, 'en_macd': True, 'macd_fast': 25, 'macd_slow': 3, 'macd_signal': 36, 'en_vwap': True, 'en_keltner': True, 'keltner_n': 185, 'keltner_m': 4.5, 'en_obv': True, 'obv_slope': 170, 'en_cci': False, 'cci_n': 19, 'cci_threshold': 80, 'en_rsi': False, 'rsi_n': 17, 'rsi_lower': 21, 'rsi_upper': 98, 'en_stochastic': False, 'stochastic_n': 25, 'stochastic_d': 8, 'stochastic_lower': 18, 'stochastic_upper': 77, 'en_mfi': True, 'mfi_n': 21, 'mfi_lower': 10, 'mfi_upper': 59, 'en_bollinger': True, 'bollinger_n': 85, 'bollinger_k': 2.1, 'en_adx': False, 'adx_n': 60, 'adx_threshold': 30, 'en_structure_trend': False, 'structure_trend_swing_l': 4, 'en_order_block': False, 'order_block_swing_l': 13, 'en_fvg': False, 'fvg_lookback': 29, 'en_ifvg': True, 'en_breaker': True, 'breaker_swing_l': 8, 'en_cisd': True, 'k': 1, 'en_cap_bars': True, 'cap_1min': 929}.
[I 2026-07-13 17:32:56,774] Trial 411 pruned. 
[I 2026-07-13 17:33:04,002] Trial 412 finished with values: [-8.610208784430142, -416.9874211262868, 47.9] and parameters: {'sl_soft': 27.951889244362597, 'sl_hard_delta': 11.445594980891276, 'tp': 23.976700355745017, 'gate_pct': 47.67526199665095, 'dd_limit': 1393.7003097166044, 'cooldown': 1, 'flip': True, 'en_ema_trend': False, 'ema_trend_fast': 104, 'ema_trend_slow': 236, 'en_sma_trend': True, 'sma_trend_fast': 395, 'sma_trend_slow': 258, 'en_macd': True, 'macd_fast': 31, 'macd_slow': 156, 'macd_signal': 66, 'en_vwap': False, 'en_keltner': True, 'keltner_n': 6, 'keltner_m': 4.300000000000001, 'en_obv': True, 'obv_slope': 160, 'en_cci': False, 'cci_n': 32, 'cci_threshold': 65, 'en_rsi': True, 'rsi_n': 73, 'rsi_lower': 11, 'rsi_upper': 74, 'en_stochastic': True, 'stochastic_n': 15, 'stochastic_d': 43, 'stochastic_lower': 38, 'stochastic_upper': 54, 'en_mfi': False, 'mfi_n': 68, 'mfi_lower': 12, 'mfi_upper': 65, 'en_bollinger': True, 'bollinger_n': 182, 'bollinger_k': 1.7000000000000002, 'en_adx': False, 'adx_n': 48, 'adx_threshold': 24, 'en_structure_trend': True, 'structure_trend_swing_l': 19, 'en_order_block': False, 'order_block_swing_l': 16, 'en_fvg': False, 'fvg_lookback': 37, 'en_ifvg': False, 'en_breaker': False, 'breaker_swing_l': 5, 'en_cisd': True, 'k': 4, 'en_cap_bars': True, 'cap_1min': 3}.
[I 2026-07-13 17:33:06,901] Trial 413 finished with values: [-120.35127984254359, -630.2492729430014, 48.55] and parameters: {'sl_soft': 13.186315729842667, 'sl_hard_delta': 11.445594980891276, 'tp': 22.369899655020188, 'gate_pct': 36.655664385123444, 'dd_limit': 4207.99661406946, 'cooldown': 9, 'flip': False, 'en_ema_trend': True, 'ema_trend_fast': 12, 'ema_trend_slow': 135, 'en_sma_trend': False, 'sma_trend_fast': 395, 'sma_trend_slow': 197, 'en_macd': True, 'macd_fast': 30, 'macd_slow': 3, 'macd_signal': 66, 'en_vwap': False, 'en_keltner': True, 'keltner_n': 178, 'keltner_m': 4.300000000000001, 'en_obv': True, 'obv_slope': 15, 'en_cci': True, 'cci_n': 19, 'cci_threshold': 80, 'en_rsi': False, 'rsi_n': 73, 'rsi_lower': 21, 'rsi_upper': 54, 'en_stochastic': False, 'stochastic_n': 25, 'stochastic_d': 13, 'stochastic_lower': 16, 'stochastic_upper': 54, 'en_mfi': False, 'mfi_n': 42, 'mfi_lower': 12, 'mfi_upper': 81, 'en_bollinger': True, 'bollinger_n': 85, 'bollinger_k': 1.7000000000000002, 'en_adx': False, 'adx_n': 20, 'adx_threshold': 7, 'en_structure_trend': False, 'structure_trend_swing_l': 19, 'en_order_block': True, 'order_block_swing_l': 16, 'en_fvg': False, 'fvg_lookback': 29, 'en_ifvg': True, 'en_breaker': True, 'breaker_swing_l': 8, 'en_cisd': False, 'k': 1, 'en_cap_bars': True, 'cap_1min': 16}.
[I 2026-07-13 17:33:14,100] Trial 414 finished with values: [50.0533743426422, -874.4750788754754, 37.0] and parameters: {'sl_soft': 14.695606985122541, 'sl_hard_delta': 1.786904617958767, 'tp': 30.9300733340449, 'gate_pct': 58.77346993604095, 'dd_limit': 365.1680353374175, 'cooldown': 1, 'flip': False, 'en_ema_trend': False, 'ema_trend_fast': 282, 'ema_trend_slow': 346, 'en_sma_trend': False, 'sma_trend_fast': 154, 'sma_trend_slow': 250, 'en_macd': True, 'macd_fast': 44, 'macd_slow': 30, 'macd_signal': 22, 'en_vwap': True, 'en_keltner': True, 'keltner_n': 175, 'keltner_m': 3.1, 'en_obv': True, 'obv_slope': 169, 'en_cci': False, 'cci_n': 186, 'cci_threshold': 30, 'en_rsi': True, 'rsi_n': 93, 'rsi_lower': 20, 'rsi_upper': 70, 'en_stochastic': True, 'stochastic_n': 80, 'stochastic_d': 44, 'stochastic_lower': 38, 'stochastic_upper': 90, 'en_mfi': False, 'mfi_n': 68, 'mfi_lower': 27, 'mfi_upper': 65, 'en_bollinger': False, 'bollinger_n': 85, 'bollinger_k': 4.8, 'en_adx': False, 'adx_n': 54, 'adx_threshold': 12, 'en_structure_trend': False, 'structure_trend_swing_l': 7, 'en_order_block': True, 'order_block_swing_l': 8, 'en_fvg': False, 'fvg_lookback': 45, 'en_ifvg': True, 'en_breaker': False, 'breaker_swing_l': 20, 'en_cisd': False, 'k': 4, 'en_cap_bars': False, 'cap_1min': 3}.
[I 2026-07-13 17:33:15,952] Trial 415 pruned. 
[I 2026-07-13 17:33:17,734] Trial 416 finished with values: [30.72056324861478, -240.5601426147041, 40.349999999999994] and parameters: {'sl_soft': 11.828074798855372, 'sl_hard_delta': 4.209268042123824, 'tp': 22.369899655020188, 'gate_pct': 36.655664385123444, 'dd_limit': 4207.99661406946, 'cooldown': 8, 'flip': False, 'en_ema_trend': True, 'ema_trend_fast': 12, 'ema_trend_slow': 135, 'en_sma_trend': False, 'sma_trend_fast': 370, 'sma_trend_slow': 339, 'en_macd': True, 'macd_fast': 31, 'macd_slow': 3, 'macd_signal': 34, 'en_vwap': True, 'en_keltner': True, 'keltner_n': 168, 'keltner_m': 2.1, 'en_obv': True, 'obv_slope': 15, 'en_cci': True, 'cci_n': 88, 'cci_threshold': 80, 'en_rsi': False, 'rsi_n': 73, 'rsi_lower': 21, 'rsi_upper': 52, 'en_stochastic': False, 'stochastic_n': 25, 'stochastic_d': 14, 'stochastic_lower': 45, 'stochastic_upper': 87, 'en_mfi': True, 'mfi_n': 79, 'mfi_lower': 12, 'mfi_upper': 65, 'en_bollinger': True, 'bollinger_n': 85, 'bollinger_k': 1.7000000000000002, 'en_adx': False, 'adx_n': 74, 'adx_threshold': 28, 'en_structure_trend': False, 'structure_trend_swing_l': 11, 'en_order_block': True, 'order_block_swing_l': 12, 'en_fvg': True, 'fvg_lookback': 29, 'en_ifvg': True, 'en_breaker': False, 'breaker_swing_l': 8, 'en_cisd': True, 'k': 4, 'en_cap_bars': False, 'cap_1min': 772}.
[I 2026-07-13 17:33:24,166] Trial 417 finished with values: [74.47555000531793, -443.66984358712216, 53.55] and parameters: {'sl_soft': 21.91180555790227, 'sl_hard_delta': 6.822163159525327, 'tp': 30.9300733340449, 'gate_pct': 47.67526199665095, 'dd_limit': 9308.14469807598, 'cooldown': 22, 'flip': True, 'en_ema_trend': False, 'ema_trend_fast': 41, 'ema_trend_slow': 346, 'en_sma_trend': False, 'sma_trend_fast': 395, 'sma_trend_slow': 197, 'en_macd': True, 'macd_fast': 31, 'macd_slow': 18, 'macd_signal': 34, 'en_vwap': True, 'en_keltner': True, 'keltner_n': 178, 'keltner_m': 4.0, 'en_obv': True, 'obv_slope': 15, 'en_cci': True, 'cci_n': 7, 'cci_threshold': 65, 'en_rsi': False, 'rsi_n': 17, 'rsi_lower': 39, 'rsi_upper': 81, 'en_stochastic': True, 'stochastic_n': 63, 'stochastic_d': 29, 'stochastic_lower': 38, 'stochastic_upper': 54, 'en_mfi': False, 'mfi_n': 70, 'mfi_lower': 10, 'mfi_upper': 65, 'en_bollinger': True, 'bollinger_n': 57, 'bollinger_k': 2.2, 'en_adx': False, 'adx_n': 20, 'adx_threshold': 34, 'en_structure_trend': False, 'structure_trend_swing_l': 3, 'en_order_block': False, 'order_block_swing_l': 17, 'en_fvg': False, 'fvg_lookback': 25, 'en_ifvg': True, 'en_breaker': True, 'breaker_swing_l': 18, 'en_cisd': False, 'k': 1, 'en_cap_bars': True, 'cap_1min': 3}.
[I 2026-07-13 17:33:24,978] Trial 418 pruned. 
[I 2026-07-13 17:33:28,034] Trial 419 finished with values: [223.52225212413032, -673.6112555016371, 57.55] and parameters: {'sl_soft': 14.695606985122541, 'sl_hard_delta': 4.304782983548088, 'tp': 15.280478680365094, 'gate_pct': 49.958417067888604, 'dd_limit': 7070.895472661624, 'cooldown': 0, 'flip': False, 'en_ema_trend': False, 'ema_trend_fast': 293, 'ema_trend_slow': 346, 'en_sma_trend': False, 'sma_trend_fast': 357, 'sma_trend_slow': 84, 'en_macd': True, 'macd_fast': 25, 'macd_slow': 53, 'macd_signal': 41, 'en_vwap': True, 'en_keltner': True, 'keltner_n': 175, 'keltner_m': 4.300000000000001, 'en_obv': True, 'obv_slope': 160, 'en_cci': True, 'cci_n': 33, 'cci_threshold': 215, 'en_rsi': True, 'rsi_n': 48, 'rsi_lower': 13, 'rsi_upper': 86, 'en_stochastic': False, 'stochastic_n': 63, 'stochastic_d': 50, 'stochastic_lower': 33, 'stochastic_upper': 62, 'en_mfi': True, 'mfi_n': 90, 'mfi_lower': 15, 'mfi_upper': 62, 'en_bollinger': True, 'bollinger_n': 104, 'bollinger_k': 3.4000000000000004, 'en_adx': False, 'adx_n': 59, 'adx_threshold': 30, 'en_structure_trend': True, 'structure_trend_swing_l': 14, 'en_order_block': False, 'order_block_swing_l': 13, 'en_fvg': False, 'fvg_lookback': 31, 'en_ifvg': True, 'en_breaker': True, 'breaker_swing_l': 19, 'en_cisd': False, 'k': 2, 'en_cap_bars': False, 'cap_1min': 929}.
[I 2026-07-13 17:33:28,441] Trial 420 finished with values: [-13.887021140217257, -380.0, 50.8] and parameters: {'sl_soft': 10.245954328680858, 'sl_hard_delta': 18.132241751897425, 'tp': 27.72259577195913, 'gate_pct': 42.37120833684469, 'dd_limit': 3719.9389583336606, 'cooldown': 22, 'flip': False, 'en_ema_trend': False, 'ema_trend_fast': 284, 'ema_trend_slow': 381, 'en_sma_trend': True, 'sma_trend_fast': 7, 'sma_trend_slow': 57, 'en_macd': False, 'macd_fast': 69, 'macd_slow': 155, 'macd_signal': 41, 'en_vwap': True, 'en_keltner': True, 'keltner_n': 149, 'keltner_m': 4.0, 'en_obv': True, 'obv_slope': 160, 'en_cci': False, 'cci_n': 117, 'cci_threshold': 300, 'en_rsi': True, 'rsi_n': 52, 'rsi_lower': 20, 'rsi_upper': 75, 'en_stochastic': False, 'stochastic_n': 59, 'stochastic_d': 9, 'stochastic_lower': 40, 'stochastic_upper': 60, 'en_mfi': False, 'mfi_n': 90, 'mfi_lower': 7, 'mfi_upper': 65, 'en_bollinger': True, 'bollinger_n': 96, 'bollinger_k': 4.6000000000000005, 'en_adx': True, 'adx_n': 56, 'adx_threshold': 7, 'en_structure_trend': False, 'structure_trend_swing_l': 14, 'en_order_block': True, 'order_block_swing_l': 12, 'en_fvg': True, 'fvg_lookback': 42, 'en_ifvg': True, 'en_breaker': True, 'breaker_swing_l': 2, 'en_cisd': False, 'k': 5, 'en_cap_bars': True, 'cap_1min': 3}.
[I 2026-07-13 17:33:28,792] Trial 421 pruned. 
[I 2026-07-13 17:33:32,012] Trial 422 finished with values: [1939.4481288320458, -1584.533703274974, 53.75] and parameters: {'sl_soft': 13.186315729842667, 'sl_hard_delta': 11.445594980891276, 'tp': 23.976700355745017, 'gate_pct': 92.80779954528938, 'dd_limit': 4940.520437978635, 'cooldown': 22, 'flip': True, 'en_ema_trend': True, 'ema_trend_fast': 364, 'ema_trend_slow': 311, 'en_sma_trend': False, 'sma_trend_fast': 395, 'sma_trend_slow': 230, 'en_macd': True, 'macd_fast': 30, 'macd_slow': 18, 'macd_signal': 66, 'en_vwap': True, 'en_keltner': True, 'keltner_n': 6, 'keltner_m': 4.300000000000001, 'en_obv': True, 'obv_slope': 15, 'en_cci': False, 'cci_n': 7, 'cci_threshold': 120, 'en_rsi': False, 'rsi_n': 62, 'rsi_lower': 15, 'rsi_upper': 81, 'en_stochastic': False, 'stochastic_n': 15, 'stochastic_d': 29, 'stochastic_lower': 16, 'stochastic_upper': 54, 'en_mfi': False, 'mfi_n': 70, 'mfi_lower': 12, 'mfi_upper': 65, 'en_bollinger': True, 'bollinger_n': 62, 'bollinger_k': 1.7000000000000002, 'en_adx': True, 'adx_n': 29, 'adx_threshold': 7, 'en_structure_trend': False, 'structure_trend_swing_l': 19, 'en_order_block': True, 'order_block_swing_l': 12, 'en_fvg': False, 'fvg_lookback': 25, 'en_ifvg': True, 'en_breaker': True, 'breaker_swing_l': 15, 'en_cisd': False, 'k': 4, 'en_cap_bars': True, 'cap_1min': 107}.
[I 2026-07-13 17:33:34,238] Trial 423 finished with values: [161.57232284283964, -554.1122453422213, 48.1] and parameters: {'sl_soft': 14.695606985122541, 'sl_hard_delta': 12.207560282522527, 'tp': 30.9300733340449, 'gate_pct': 36.655664385123444, 'dd_limit': 4207.99661406946, 'cooldown': 2, 'flip': False, 'en_ema_trend': True, 'ema_trend_fast': 95, 'ema_trend_slow': 135, 'en_sma_trend': False, 'sma_trend_fast': 337, 'sma_trend_slow': 339, 'en_macd': True, 'macd_fast': 25, 'macd_slow': 3, 'macd_signal': 87, 'en_vwap': False, 'en_keltner': False, 'keltner_n': 80, 'keltner_m': 4.300000000000001, 'en_obv': True, 'obv_slope': 185, 'en_cci': True, 'cci_n': 19, 'cci_threshold': 80, 'en_rsi': False, 'rsi_n': 23, 'rsi_lower': 21, 'rsi_upper': 98, 'en_stochastic': False, 'stochastic_n': 77, 'stochastic_d': 24, 'stochastic_lower': 45, 'stochastic_upper': 87, 'en_mfi': False, 'mfi_n': 29, 'mfi_lower': 23, 'mfi_upper': 81, 'en_bollinger': False, 'bollinger_n': 85, 'bollinger_k': 3.0, 'en_adx': False, 'adx_n': 54, 'adx_threshold': 35, 'en_structure_trend': True, 'structure_trend_swing_l': 18, 'en_order_block': True, 'order_block_swing_l': 13, 'en_fvg': False, 'fvg_lookback': 41, 'en_ifvg': True, 'en_breaker': True, 'breaker_swing_l': 8, 'en_cisd': False, 'k': 4, 'en_cap_bars': False, 'cap_1min': 651}.
