[I 2026-07-13 17:17:24,595] Trial 72 finished with values: [184.29934287001743, -448.4554169960393, 69.7] and parameters: {'sl_soft': 27.235495572169377, 'sl_hard_delta': 2.661532227567695, 'tp': 20.145316482998126, 'gate_pct': 52.7932312951505, 'dd_limit': 2816.719005079483, 'cooldown': 14, 'flip': False, 'en_ema_trend': False, 'ema_trend_fast': 200, 'ema_trend_slow': 187, 'en_sma_trend': False, 'sma_trend_fast': 70, 'sma_trend_slow': 249, 'en_macd': False, 'macd_fast': 68, 'macd_slow': 105, 'macd_signal': 21, 'en_vwap': True, 'en_keltner': False, 'keltner_n': 74, 'keltner_m': 3.4000000000000004, 'en_obv': False, 'obv_slope': 188, 'en_cci': True, 'cci_n': 158, 'cci_threshold': 80, 'en_rsi': False, 'rsi_n': 19, 'rsi_lower': 36, 'rsi_upper': 77, 'en_stochastic': True, 'stochastic_n': 69, 'stochastic_d': 50, 'stochastic_lower': 27, 'stochastic_upper': 89, 'en_mfi': True, 'mfi_n': 84, 'mfi_lower': 48, 'mfi_upper': 59, 'en_bollinger': True, 'bollinger_n': 91, 'bollinger_k': 1.9000000000000001, 'en_adx': False, 'adx_n': 99, 'adx_threshold': 27, 'en_structure_trend': True, 'structure_trend_swing_l': 10, 'en_order_block': True, 'order_block_swing_l': 16, 'en_fvg': True, 'fvg_lookback': 3, 'en_ifvg': True, 'en_breaker': True, 'breaker_swing_l': 18, 'en_cisd': False, 'k': 3, 'en_cap_bars': True, 'cap_1min': 859}.
[I 2026-07-13 17:17:26,709] Trial 73 finished with values: [-390.51754652307864, -1076.0350930461573, 28.4] and parameters: {'sl_soft': 22.60386053589123, 'sl_hard_delta': 22.93534702460803, 'tp': 41.7178491279398, 'gate_pct': 37.39778324297737, 'dd_limit': 2368.170951926783, 'cooldown': 0, 'flip': False, 'en_ema_trend': True, 'ema_trend_fast': 293, 'ema_trend_slow': 99, 'en_sma_trend': False, 'sma_trend_fast': 164, 'sma_trend_slow': 84, 'en_macd': False, 'macd_fast': 25, 'macd_slow': 134, 'macd_signal': 36, 'en_vwap': False, 'en_keltner': False, 'keltner_n': 130, 'keltner_m': 4.5, 'en_obv': True, 'obv_slope': 170, 'en_cci': True, 'cci_n': 39, 'cci_threshold': 80, 'en_rsi': False, 'rsi_n': 48, 'rsi_lower': 42, 'rsi_upper': 84, 'en_stochastic': False, 'stochastic_n': 56, 'stochastic_d': 50, 'stochastic_lower': 40, 'stochastic_upper': 53, 'en_mfi': True, 'mfi_n': 21, 'mfi_lower': 47, 'mfi_upper': 62, 'en_bollinger': False, 'bollinger_n': 104, 'bollinger_k': 2.1, 'en_adx': False, 'adx_n': 59, 'adx_threshold': 5, 'en_structure_trend': True, 'structure_trend_swing_l': 17, 'en_order_block': False, 'order_block_swing_l': 13, 'en_fvg': True, 'fvg_lookback': 28, 'en_ifvg': True, 'en_breaker': False, 'breaker_swing_l': 19, 'en_cisd': True, 'k': 4, 'en_cap_bars': False, 'cap_1min': 933}.
[I 2026-07-13 17:17:27,728] Trial 74 pruned. 
[I 2026-07-13 17:17:34,569] Trial 75 finished with values: [270.37821470263225, -885.0150289865633, 62.75] and parameters: {'sl_soft': 27.889575962824456, 'sl_hard_delta': 16.86135074536918, 'tp': 25.60014020708973, 'gate_pct': 74.64771504966384, 'dd_limit': 5783.923331052917, 'cooldown': 9, 'flip': True, 'en_ema_trend': False, 'ema_trend_fast': 351, 'ema_trend_slow': 112, 'en_sma_trend': False, 'sma_trend_fast': 337, 'sma_trend_slow': 298, 'en_macd': False, 'macd_fast': 25, 'macd_slow': 98, 'macd_signal': 87, 'en_vwap': False, 'en_keltner': False, 'keltner_n': 80, 'keltner_m': 3.9000000000000004, 'en_obv': False, 'obv_slope': 185, 'en_cci': True, 'cci_n': 88, 'cci_threshold': 250, 'en_rsi': True, 'rsi_n': 58, 'rsi_lower': 11, 'rsi_upper': 94, 'en_stochastic': True, 'stochastic_n': 77, 'stochastic_d': 24, 'stochastic_lower': 34, 'stochastic_upper': 53, 'en_mfi': True, 'mfi_n': 13, 'mfi_lower': 23, 'mfi_upper': 51, 'en_bollinger': False, 'bollinger_n': 92, 'bollinger_k': 1.5, 'en_adx': False, 'adx_n': 67, 'adx_threshold': 35, 'en_structure_trend': True, 'structure_trend_swing_l': 18, 'en_order_block': True, 'order_block_swing_l': 13, 'en_fvg': False, 'fvg_lookback': 41, 'en_ifvg': False, 'en_breaker': False, 'breaker_swing_l': 9, 'en_cisd': False, 'k': 4, 'en_cap_bars': False, 'cap_1min': 651}.
[I 2026-07-13 17:17:36,104] Trial 76 pruned. 
[I 2026-07-13 17:17:45,544] Trial 77 finished with values: [62.07343098361889, -639.4814056603718, 48.1] and parameters: {'sl_soft': 25.563667304002713, 'sl_hard_delta': 2.1810080267502867, 'tp': 32.827095521687056, 'gate_pct': 42.9738375018603, 'dd_limit': 8355.299783576986, 'cooldown': 24, 'flip': False, 'en_ema_trend': True, 'ema_trend_fast': 141, 'ema_trend_slow': 399, 'en_sma_trend': False, 'sma_trend_fast': 14, 'sma_trend_slow': 122, 'en_macd': True, 'macd_fast': 71, 'macd_slow': 135, 'macd_signal': 36, 'en_vwap': True, 'en_keltner': True, 'keltner_n': 168, 'keltner_m': 0.7, 'en_obv': True, 'obv_slope': 129, 'en_cci': True, 'cci_n': 112, 'cci_threshold': 270, 'en_rsi': False, 'rsi_n': 24, 'rsi_lower': 30, 'rsi_upper': 63, 'en_stochastic': True, 'stochastic_n': 24, 'stochastic_d': 19, 'stochastic_lower': 42, 'stochastic_upper': 56, 'en_mfi': False, 'mfi_n': 68, 'mfi_lower': 36, 'mfi_upper': 99, 'en_bollinger': True, 'bollinger_n': 137, 'bollinger_k': 3.3000000000000003, 'en_adx': False, 'adx_n': 49, 'adx_threshold': 9, 'en_structure_trend': False, 'structure_trend_swing_l': 11, 'en_order_block': True, 'order_block_swing_l': 1, 'en_fvg': False, 'fvg_lookback': 13, 'en_ifvg': False, 'en_breaker': True, 'breaker_swing_l': 5, 'en_cisd': False, 'k': 4, 'en_cap_bars': True, 'cap_1min': 765}.
[I 2026-07-13 17:17:46,564] Trial 78 pruned. 
[I 2026-07-13 17:17:48,217] Trial 79 pruned. 
[I 2026-07-13 17:17:48,351] Trial 80 pruned. 
[I 2026-07-13 17:17:50,973] Trial 81 finished with values: [-2616.713920625025, -3554.7267066609857, 43.7] and parameters: {'sl_soft': 27.107002907128507, 'sl_hard_delta': 37.790061076193886, 'tp': 38.42161566361061, 'gate_pct': 83.33433192606572, 'dd_limit': 2980.290072957283, 'cooldown': 32, 'flip': False, 'en_ema_trend': True, 'ema_trend_fast': 176, 'ema_trend_slow': 150, 'en_sma_trend': False, 'sma_trend_fast': 275, 'sma_trend_slow': 231, 'en_macd': True, 'macd_fast': 6, 'macd_slow': 111, 'macd_signal': 60, 'en_vwap': True, 'en_keltner': False, 'keltner_n': 129, 'keltner_m': 0.9, 'en_obv': True, 'obv_slope': 141, 'en_cci': False, 'cci_n': 12, 'cci_threshold': 45, 'en_rsi': False, 'rsi_n': 67, 'rsi_lower': 29, 'rsi_upper': 86, 'en_stochastic': False, 'stochastic_n': 74, 'stochastic_d': 30, 'stochastic_lower': 27, 'stochastic_upper': 86, 'en_mfi': False, 'mfi_n': 10, 'mfi_lower': 17, 'mfi_upper': 62, 'en_bollinger': False, 'bollinger_n': 20, 'bollinger_k': 3.8000000000000003, 'en_adx': False, 'adx_n': 68, 'adx_threshold': 48, 'en_structure_trend': False, 'structure_trend_swing_l': 15, 'en_order_block': False, 'order_block_swing_l': 12, 'en_fvg': True, 'fvg_lookback': 23, 'en_ifvg': True, 'en_breaker': True, 'breaker_swing_l': 16, 'en_cisd': False, 'k': 1, 'en_cap_bars': True, 'cap_1min': 304}.
[I 2026-07-13 17:17:52,192] Trial 82 pruned. 
[I 2026-07-13 17:17:53,031] Trial 83 pruned. 
[I 2026-07-13 17:17:53,928] Trial 84 pruned. 
[I 2026-07-13 17:17:55,031] Trial 85 pruned. 
[I 2026-07-13 17:17:55,374] Trial 86 pruned. 
[I 2026-07-13 17:17:57,102] Trial 87 pruned. 
[I 2026-07-13 17:18:02,405] Trial 88 finished with values: [1416.3325327293023, -1326.742065189428, 50.95] and parameters: {'sl_soft': 27.25884357896654, 'sl_hard_delta': 1.786904617958767, 'tp': 42.79541306258352, 'gate_pct': 58.77346993604095, 'dd_limit': 8361.763451759158, 'cooldown': 1, 'flip': True, 'en_ema_trend': True, 'ema_trend_fast': 13, 'ema_trend_slow': 236, 'en_sma_trend': False, 'sma_trend_fast': 337, 'sma_trend_slow': 300, 'en_macd': True, 'macd_fast': 33, 'macd_slow': 124, 'macd_signal': 22, 'en_vwap': True, 'en_keltner': True, 'keltner_n': 178, 'keltner_m': 4.8, 'en_obv': False, 'obv_slope': 50, 'en_cci': False, 'cci_n': 32, 'cci_threshold': 40, 'en_rsi': True, 'rsi_n': 5, 'rsi_lower': 11, 'rsi_upper': 67, 'en_stochastic': False, 'stochastic_n': 80, 'stochastic_d': 35, 'stochastic_lower': 44, 'stochastic_upper': 74, 'en_mfi': True, 'mfi_n': 2, 'mfi_lower': 12, 'mfi_upper': 61, 'en_bollinger': True, 'bollinger_n': 52, 'bollinger_k': 2.8000000000000003, 'en_adx': False, 'adx_n': 48, 'adx_threshold': 44, 'en_structure_trend': False, 'structure_trend_swing_l': 20, 'en_order_block': False, 'order_block_swing_l': 9, 'en_fvg': False, 'fvg_lookback': 19, 'en_ifvg': False, 'en_breaker': True, 'breaker_swing_l': 5, 'en_cisd': True, 'k': 1, 'en_cap_bars': True, 'cap_1min': 1416}.
[I 2026-07-13 17:18:03,258] Trial 89 pruned. 
[I 2026-07-13 17:18:04,172] Trial 90 pruned. 
[I 2026-07-13 17:18:13,213] Trial 91 finished with values: [-38.40761865460081, -296.4735299203312, 72.5] and parameters: {'sl_soft': 25.262122368590045, 'sl_hard_delta': 9.825878319119193, 'tp': 10.881295391358487, 'gate_pct': 95.28097951734324, 'dd_limit': 5404.0328973252645, 'cooldown': 19, 'flip': True, 'en_ema_trend': True, 'ema_trend_fast': 29, 'ema_trend_slow': 226, 'en_sma_trend': True, 'sma_trend_fast': 145, 'sma_trend_slow': 400, 'en_macd': False, 'macd_fast': 20, 'macd_slow': 185, 'macd_signal': 11, 'en_vwap': True, 'en_keltner': True, 'keltner_n': 13, 'keltner_m': 1.5, 'en_obv': True, 'obv_slope': 120, 'en_cci': True, 'cci_n': 72, 'cci_threshold': 220, 'en_rsi': True, 'rsi_n': 33, 'rsi_lower': 11, 'rsi_upper': 68, 'en_stochastic': True, 'stochastic_n': 2, 'stochastic_d': 13, 'stochastic_lower': 42, 'stochastic_upper': 90, 'en_mfi': True, 'mfi_n': 20, 'mfi_lower': 16, 'mfi_upper': 71, 'en_bollinger': True, 'bollinger_n': 100, 'bollinger_k': 0.5, 'en_adx': False, 'adx_n': 23, 'adx_threshold': 18, 'en_structure_trend': True, 'structure_trend_swing_l': 4, 'en_order_block': False, 'order_block_swing_l': 6, 'en_fvg': False, 'fvg_lookback': 8, 'en_ifvg': True, 'en_breaker': True, 'breaker_swing_l': 18, 'en_cisd': True, 'k': 1, 'en_cap_bars': True, 'cap_1min': 392}.
[I 2026-07-13 17:18:15,814] Trial 92 finished with values: [-309.89495731184434, -853.8299934325914, 65.95] and parameters: {'sl_soft': 28.46248014476211, 'sl_hard_delta': 32.57939600951436, 'tp': 13.117000656741062, 'gate_pct': 39.05573574892481, 'dd_limit': 1205.5244179408517, 'cooldown': 19, 'flip': True, 'en_ema_trend': True, 'ema_trend_fast': 314, 'ema_trend_slow': 216, 'en_sma_trend': True, 'sma_trend_fast': 99, 'sma_trend_slow': 52, 'en_macd': False, 'macd_fast': 34, 'macd_slow': 66, 'macd_signal': 95, 'en_vwap': True, 'en_keltner': False, 'keltner_n': 135, 'keltner_m': 1.7000000000000002, 'en_obv': True, 'obv_slope': 33, 'en_cci': False, 'cci_n': 63, 'cci_threshold': 205, 'en_rsi': True, 'rsi_n': 86, 'rsi_lower': 29, 'rsi_upper': 75, 'en_stochastic': False, 'stochastic_n': 99, 'stochastic_d': 48, 'stochastic_lower': 45, 'stochastic_upper': 75, 'en_mfi': False, 'mfi_n': 75, 'mfi_lower': 19, 'mfi_upper': 95, 'en_bollinger': False, 'bollinger_n': 53, 'bollinger_k': 2.8000000000000003, 'en_adx': False, 'adx_n': 59, 'adx_threshold': 31, 'en_structure_trend': True, 'structure_trend_swing_l': 3, 'en_order_block': True, 'order_block_swing_l': 17, 'en_fvg': True, 'fvg_lookback': 2, 'en_ifvg': True, 'en_breaker': False, 'breaker_swing_l': 9, 'en_cisd': False, 'k': 1, 'en_cap_bars': False, 'cap_1min': 960}.
[I 2026-07-13 17:18:17,256] Trial 93 pruned. 
[I 2026-07-13 17:18:18,284] Trial 94 pruned. 
[I 2026-07-13 17:18:20,021] Trial 95 pruned. 
[I 2026-07-13 17:18:20,790] Trial 96 pruned. 
[I 2026-07-13 17:18:27,872] Trial 97 finished with values: [999.8403095850881, -603.322653037394, 52.849999999999994] and parameters: {'sl_soft': 12.334463733650468, 'sl_hard_delta': 19.735505996681415, 'tp': 33.53844943795319, 'gate_pct': 96.7516051221724, 'dd_limit': 7394.721751419064, 'cooldown': 6, 'flip': True, 'en_ema_trend': False, 'ema_trend_fast': 282, 'ema_trend_slow': 334, 'en_sma_trend': False, 'sma_trend_fast': 268, 'sma_trend_slow': 29, 'en_macd': False, 'macd_fast': 88, 'macd_slow': 167, 'macd_signal': 24, 'en_vwap': False, 'en_keltner': False, 'keltner_n': 46, 'keltner_m': 0.9, 'en_obv': True, 'obv_slope': 177, 'en_cci': True, 'cci_n': 128, 'cci_threshold': 45, 'en_rsi': False, 'rsi_n': 6, 'rsi_lower': 38, 'rsi_upper': 55, 'en_stochastic': True, 'stochastic_n': 86, 'stochastic_d': 14, 'stochastic_lower': 40, 'stochastic_upper': 72, 'en_mfi': True, 'mfi_n': 45, 'mfi_lower': 13, 'mfi_upper': 73, 'en_bollinger': True, 'bollinger_n': 127, 'bollinger_k': 2.7, 'en_adx': False, 'adx_n': 35, 'adx_threshold': 20, 'en_structure_trend': False, 'structure_trend_swing_l': 17, 'en_order_block': False, 'order_block_swing_l': 12, 'en_fvg': False, 'fvg_lookback': 38, 'en_ifvg': False, 'en_breaker': True, 'breaker_swing_l': 15, 'en_cisd': False, 'k': 4, 'en_cap_bars': True, 'cap_1min': 85}.
[I 2026-07-13 17:18:29,562] Trial 98 pruned. 
[I 2026-07-13 17:18:30,921] Trial 99 pruned. 
[I 2026-07-13 17:18:31,931] Trial 100 pruned. 
[I 2026-07-13 17:18:32,878] Trial 101 pruned. 
[I 2026-07-13 17:18:34,486] Trial 102 pruned. 
[I 2026-07-13 17:18:35,906] Trial 103 pruned. 
[I 2026-07-13 17:18:44,648] Trial 104 finished with values: [522.5568469549762, -800.8641677074775, 68.19999999999999] and parameters: {'sl_soft': 21.91180555790227, 'sl_hard_delta': 26.941928915444915, 'tp': 19.747368117299573, 'gate_pct': 92.80779954528938, 'dd_limit': 3350.6412140007124, 'cooldown': 22, 'flip': True, 'en_ema_trend': True, 'ema_trend_fast': 364, 'ema_trend_slow': 102, 'en_sma_trend': True, 'sma_trend_fast': 370, 'sma_trend_slow': 339, 'en_macd': True, 'macd_fast': 31, 'macd_slow': 18, 'macd_signal': 17, 'en_vwap': False, 'en_keltner': True, 'keltner_n': 178, 'keltner_m': 4.8, 'en_obv': False, 'obv_slope': 15, 'en_cci': False, 'cci_n': 7, 'cci_threshold': 65, 'en_rsi': True, 'rsi_n': 73, 'rsi_lower': 15, 'rsi_upper': 81, 'en_stochastic': False, 'stochastic_n': 63, 'stochastic_d': 29, 'stochastic_lower': 45, 'stochastic_upper': 87, 'en_mfi': False, 'mfi_n': 70, 'mfi_lower': 12, 'mfi_upper': 81, 'en_bollinger': True, 'bollinger_n': 62, 'bollinger_k': 4.4, 'en_adx': True, 'adx_n': 20, 'adx_threshold': 28, 'en_structure_trend': False, 'structure_trend_swing_l': 3, 'en_order_block': False, 'order_block_swing_l': 17, 'en_fvg': False, 'fvg_lookback': 25, 'en_ifvg': False, 'en_breaker': True, 'breaker_swing_l': 15, 'en_cisd': False, 'k': 4, 'en_cap_bars': True, 'cap_1min': 126}.
[I 2026-07-13 17:18:45,594] Trial 105 pruned. 
[I 2026-07-13 17:18:46,560] Trial 106 pruned. 
[I 2026-07-13 17:18:47,925] Trial 107 pruned. 
[I 2026-07-13 17:18:50,495] Trial 108 pruned. 
[I 2026-07-13 17:18:51,538] Trial 109 pruned. 
[I 2026-07-13 17:18:53,148] Trial 110 pruned. 
[I 2026-07-13 17:18:54,331] Trial 111 pruned. 
[I 2026-07-13 17:18:58,066] Trial 112 pruned. 
[I 2026-07-13 17:18:59,196] Trial 113 pruned. 
[I 2026-07-13 17:18:59,539] Trial 114 pruned. 
[I 2026-07-13 17:19:02,581] Trial 115 finished with values: [102.65543292582151, -2289.1194012637425, 34.3] and parameters: {'sl_soft': 12.124873306792317, 'sl_hard_delta': 34.74944461367214, 'tp': 41.731188897042585, 'gate_pct': 54.8778799805964, 'dd_limit': 2548.3308531557964, 'cooldown': 17, 'flip': True, 'en_ema_trend': True, 'ema_trend_fast': 196, 'ema_trend_slow': 17, 'en_sma_trend': False, 'sma_trend_fast': 92, 'sma_trend_slow': 218, 'en_macd': True, 'macd_fast': 25, 'macd_slow': 180, 'macd_signal': 92, 'en_vwap': False, 'en_keltner': False, 'keltner_n': 116, 'keltner_m': 3.1, 'en_obv': True, 'obv_slope': 108, 'en_cci': True, 'cci_n': 27, 'cci_threshold': 40, 'en_rsi': False, 'rsi_n': 10, 'rsi_lower': 28, 'rsi_upper': 76, 'en_stochastic': False, 'stochastic_n': 97, 'stochastic_d': 47, 'stochastic_lower': 48, 'stochastic_upper': 77, 'en_mfi': True, 'mfi_n': 96, 'mfi_lower': 13, 'mfi_upper': 64, 'en_bollinger': False, 'bollinger_n': 115, 'bollinger_k': 2.5, 'en_adx': False, 'adx_n': 18, 'adx_threshold': 32, 'en_structure_trend': False, 'structure_trend_swing_l': 5, 'en_order_block': True, 'order_block_swing_l': 6, 'en_fvg': False, 'fvg_lookback': 44, 'en_ifvg': False, 'en_breaker': True, 'breaker_swing_l': 9, 'en_cisd': True, 'k': 2, 'en_cap_bars': False, 'cap_1min': 846}.
[I 2026-07-13 17:19:02,881] Trial 116 pruned. 
[I 2026-07-13 17:19:03,335] Trial 117 pruned. 
[I 2026-07-13 17:19:07,272] Trial 118 finished with values: [1.2343576016064617, -393.7504320115113, 53.35] and parameters: {'sl_soft': 13.417321197537158, 'sl_hard_delta': 10.457722003615679, 'tp': 15.280478680365094, 'gate_pct': 26.3517884829504, 'dd_limit': 3617.657841686699, 'cooldown': 34, 'flip': True, 'en_ema_trend': True, 'ema_trend_fast': 23, 'ema_trend_slow': 125, 'en_sma_trend': True, 'sma_trend_fast': 357, 'sma_trend_slow': 329, 'en_macd': False, 'macd_fast': 52, 'macd_slow': 53, 'macd_signal': 61, 'en_vwap': True, 'en_keltner': True, 'keltner_n': 94, 'keltner_m': 4.1, 'en_obv': False, 'obv_slope': 167, 'en_cci': False, 'cci_n': 37, 'cci_threshold': 145, 'en_rsi': False, 'rsi_n': 97, 'rsi_lower': 13, 'rsi_upper': 57, 'en_stochastic': False, 'stochastic_n': 63, 'stochastic_d': 36, 'stochastic_lower': 33, 'stochastic_upper': 62, 'en_mfi': False, 'mfi_n': 80, 'mfi_lower': 8, 'mfi_upper': 70, 'en_bollinger': True, 'bollinger_n': 136, 'bollinger_k': 3.9000000000000004, 'en_adx': False, 'adx_n': 62, 'adx_threshold': 32, 'en_structure_trend': True, 'structure_trend_swing_l': 14, 'en_order_block': False, 'order_block_swing_l': 18, 'en_fvg': True, 'fvg_lookback': 47, 'en_ifvg': True, 'en_breaker': True, 'breaker_swing_l': 10, 'en_cisd': False, 'k': 4, 'en_cap_bars': False, 'cap_1min': 332}.
[I 2026-07-13 17:19:15,291] Trial 119 finished with values: [529.2100366940213, -1044.133483133337, 56.349999999999994] and parameters: {'sl_soft': 15.233809665559782, 'sl_hard_delta': 25.930609778198633, 'tp': 23.96295130051193, 'gate_pct': 76.55976188692937, 'dd_limit': 928.2439984695909, 'cooldown': 16, 'flip': True, 'en_ema_trend': True, 'ema_trend_fast': 208, 'ema_trend_slow': 139, 'en_sma_trend': True, 'sma_trend_fast': 266, 'sma_trend_slow': 143, 'en_macd': True, 'macd_fast': 93, 'macd_slow': 48, 'macd_signal': 1, 'en_vwap': True, 'en_keltner': False, 'keltner_n': 137, 'keltner_m': 3.8000000000000003, 'en_obv': False, 'obv_slope': 8, 'en_cci': False, 'cci_n': 94, 'cci_threshold': 195, 'en_rsi': True, 'rsi_n': 67, 'rsi_lower': 7, 'rsi_upper': 69, 'en_stochastic': True, 'stochastic_n': 22, 'stochastic_d': 5, 'stochastic_lower': 16, 'stochastic_upper': 57, 'en_mfi': True, 'mfi_n': 61, 'mfi_lower': 10, 'mfi_upper': 68, 'en_bollinger': False, 'bollinger_n': 69, 'bollinger_k': 1.6, 'en_adx': False, 'adx_n': 48, 'adx_threshold': 19, 'en_structure_trend': False, 'structure_trend_swing_l': 10, 'en_order_block': True, 'order_block_swing_l': 9, 'en_fvg': False, 'fvg_lookback': 36, 'en_ifvg': False, 'en_breaker': False, 'breaker_swing_l': 17, 'en_cisd': False, 'k': 4, 'en_cap_bars': False, 'cap_1min': 608}.
[I 2026-07-13 17:19:16,079] Trial 120 finished with values: [-2419.833531782824, -3235.407482698247, 65.3] and parameters: {'sl_soft': 23.845909345435857, 'sl_hard_delta': 22.45509764600468, 'tp': 12.29062919937832, 'gate_pct': 80.70603145468111, 'dd_limit': 1960.8345257721103, 'cooldown': 7, 'flip': False, 'en_ema_trend': True, 'ema_trend_fast': 375, 'ema_trend_slow': 53, 'en_sma_trend': False, 'sma_trend_fast': 357, 'sma_trend_slow': 56, 'en_macd': True, 'macd_fast': 57, 'macd_slow': 58, 'macd_signal': 34, 'en_vwap': True, 'en_keltner': False, 'keltner_n': 68, 'keltner_m': 1.2000000000000002, 'en_obv': True, 'obv_slope': 120, 'en_cci': True, 'cci_n': 40, 'cci_threshold': 85, 'en_rsi': False, 'rsi_n': 34, 'rsi_lower': 36, 'rsi_upper': 64, 'en_stochastic': False, 'stochastic_n': 93, 'stochastic_d': 6, 'stochastic_lower': 10, 'stochastic_upper': 73, 'en_mfi': False, 'mfi_n': 67, 'mfi_lower': 17, 'mfi_upper': 51, 'en_bollinger': False, 'bollinger_n': 40, 'bollinger_k': 4.2, 'en_adx': True, 'adx_n': 28, 'adx_threshold': 7, 'en_structure_trend': False, 'structure_trend_swing_l': 1, 'en_order_block': False, 'order_block_swing_l': 8, 'en_fvg': True, 'fvg_lookback': 13, 'en_ifvg': False, 'en_breaker': False, 'breaker_swing_l': 14, 'en_cisd': True, 'k': 2, 'en_cap_bars': True, 'cap_1min': 803}.
[I 2026-07-13 17:19:18,948] Trial 121 pruned. 
[I 2026-07-13 17:19:26,036] Trial 122 finished with values: [323.7127862831585, -673.6600907333195, 40.5] and parameters: {'sl_soft': 10.245954328680858, 'sl_hard_delta': 18.132241751897425, 'tp': 27.72259577195913, 'gate_pct': 42.37120833684469, 'dd_limit': 9592.055300611895, 'cooldown': 22, 'flip': False, 'en_ema_trend': False, 'ema_trend_fast': 196, 'ema_trend_slow': 8, 'en_sma_trend': True, 'sma_trend_fast': 271, 'sma_trend_slow': 242, 'en_macd': False, 'macd_fast': 69, 'macd_slow': 154, 'macd_signal': 12, 'en_vwap': True, 'en_keltner': True, 'keltner_n': 3, 'keltner_m': 3.3000000000000003, 'en_obv': True, 'obv_slope': 188, 'en_cci': False, 'cci_n': 156, 'cci_threshold': 300, 'en_rsi': False, 'rsi_n': 52, 'rsi_lower': 18, 'rsi_upper': 59, 'en_stochastic': False, 'stochastic_n': 66, 'stochastic_d': 9, 'stochastic_lower': 40, 'stochastic_upper': 63, 'en_mfi': False, 'mfi_n': 72, 'mfi_lower': 13, 'mfi_upper': 75, 'en_bollinger': False, 'bollinger_n': 96, 'bollinger_k': 4.6000000000000005, 'en_adx': True, 'adx_n': 56, 'adx_threshold': 7, 'en_structure_trend': False, 'structure_trend_swing_l': 15, 'en_order_block': True, 'order_block_swing_l': 18, 'en_fvg': True, 'fvg_lookback': 25, 'en_ifvg': True, 'en_breaker': True, 'breaker_swing_l': 14, 'en_cisd': True, 'k': 2, 'en_cap_bars': True, 'cap_1min': 652}.
[I 2026-07-13 17:19:27,070] Trial 123 pruned. 
