[I 2026-07-13 17:25:53,114] Trial 253 finished with values: [999.8403095850881, -603.322653037394, 52.849999999999994] and parameters: {'sl_soft': 12.334463733650468, 'sl_hard_delta': 19.735505996681415, 'tp': 33.53844943795319, 'gate_pct': 96.7516051221724, 'dd_limit': 7394.721751419064, 'cooldown': 6, 'flip': True, 'en_ema_trend': False, 'ema_trend_fast': 282, 'ema_trend_slow': 334, 'en_sma_trend': False, 'sma_trend_fast': 268, 'sma_trend_slow': 29, 'en_macd': False, 'macd_fast': 88, 'macd_slow': 167, 'macd_signal': 24, 'en_vwap': False, 'en_keltner': False, 'keltner_n': 46, 'keltner_m': 2.6, 'en_obv': True, 'obv_slope': 177, 'en_cci': True, 'cci_n': 128, 'cci_threshold': 45, 'en_rsi': False, 'rsi_n': 6, 'rsi_lower': 38, 'rsi_upper': 95, 'en_stochastic': True, 'stochastic_n': 86, 'stochastic_d': 14, 'stochastic_lower': 40, 'stochastic_upper': 72, 'en_mfi': True, 'mfi_n': 45, 'mfi_lower': 13, 'mfi_upper': 73, 'en_bollinger': True, 'bollinger_n': 127, 'bollinger_k': 2.7, 'en_adx': False, 'adx_n': 35, 'adx_threshold': 20, 'en_structure_trend': False, 'structure_trend_swing_l': 17, 'en_order_block': False, 'order_block_swing_l': 12, 'en_fvg': False, 'fvg_lookback': 38, 'en_ifvg': False, 'en_breaker': True, 'breaker_swing_l': 15, 'en_cisd': False, 'k': 4, 'en_cap_bars': True, 'cap_1min': 85}.
[I 2026-07-13 17:25:54,750] Trial 254 pruned. 
[I 2026-07-13 17:26:03,597] Trial 255 finished with values: [241.70757609686916, -1380.4010823449062, 58.1] and parameters: {'sl_soft': 27.25884357896654, 'sl_hard_delta': 16.86135074536918, 'tp': 25.60014020708973, 'gate_pct': 58.77346993604095, 'dd_limit': 1393.7003097166044, 'cooldown': 1, 'flip': True, 'en_ema_trend': False, 'ema_trend_fast': 117, 'ema_trend_slow': 236, 'en_sma_trend': False, 'sma_trend_fast': 337, 'sma_trend_slow': 265, 'en_macd': True, 'macd_fast': 25, 'macd_slow': 156, 'macd_signal': 87, 'en_vwap': False, 'en_keltner': True, 'keltner_n': 178, 'keltner_m': 3.9000000000000004, 'en_obv': False, 'obv_slope': 185, 'en_cci': False, 'cci_n': 188, 'cci_threshold': 265, 'en_rsi': True, 'rsi_n': 5, 'rsi_lower': 11, 'rsi_upper': 94, 'en_stochastic': True, 'stochastic_n': 80, 'stochastic_d': 24, 'stochastic_lower': 44, 'stochastic_upper': 74, 'en_mfi': True, 'mfi_n': 13, 'mfi_lower': 23, 'mfi_upper': 79, 'en_bollinger': True, 'bollinger_n': 92, 'bollinger_k': 1.5, 'en_adx': False, 'adx_n': 67, 'adx_threshold': 35, 'en_structure_trend': True, 'structure_trend_swing_l': 18, 'en_order_block': False, 'order_block_swing_l': 13, 'en_fvg': False, 'fvg_lookback': 41, 'en_ifvg': False, 'en_breaker': False, 'breaker_swing_l': 9, 'en_cisd': False, 'k': 4, 'en_cap_bars': False, 'cap_1min': 772}.
[I 2026-07-13 17:26:04,436] Trial 256 pruned. 
[I 2026-07-13 17:26:05,411] Trial 257 pruned. 
[I 2026-07-13 17:26:11,269] Trial 258 finished with values: [495.87649858169243, -1143.4895800014783, 31.3] and parameters: {'sl_soft': 13.417321197537158, 'sl_hard_delta': 1.786904617958767, 'tp': 42.79541306258352, 'gate_pct': 58.77346993604095, 'dd_limit': 1393.7003097166044, 'cooldown': 34, 'flip': True, 'en_ema_trend': True, 'ema_trend_fast': 23, 'ema_trend_slow': 125, 'en_sma_trend': False, 'sma_trend_fast': 212, 'sma_trend_slow': 302, 'en_macd': True, 'macd_fast': 52, 'macd_slow': 156, 'macd_signal': 22, 'en_vwap': True, 'en_keltner': True, 'keltner_n': 178, 'keltner_m': 4.1, 'en_obv': False, 'obv_slope': 15, 'en_cci': False, 'cci_n': 176, 'cci_threshold': 25, 'en_rsi': False, 'rsi_n': 97, 'rsi_lower': 11, 'rsi_upper': 64, 'en_stochastic': True, 'stochastic_n': 80, 'stochastic_d': 12, 'stochastic_lower': 22, 'stochastic_upper': 98, 'en_mfi': False, 'mfi_n': 68, 'mfi_lower': 27, 'mfi_upper': 94, 'en_bollinger': False, 'bollinger_n': 40, 'bollinger_k': 4.8, 'en_adx': False, 'adx_n': 48, 'adx_threshold': 24, 'en_structure_trend': True, 'structure_trend_swing_l': 7, 'en_order_block': False, 'order_block_swing_l': 8, 'en_fvg': False, 'fvg_lookback': 47, 'en_ifvg': False, 'en_breaker': False, 'breaker_swing_l': 10, 'en_cisd': True, 'k': 4, 'en_cap_bars': True, 'cap_1min': 332}.
[I 2026-07-13 17:26:18,304] Trial 259 finished with values: [667.7130600487908, -1101.7455214580332, 51.95] and parameters: {'sl_soft': 16.954988162024854, 'sl_hard_delta': 26.941928915444915, 'tp': 32.2135481095783, 'gate_pct': 92.80779954528938, 'dd_limit': 3617.657841686699, 'cooldown': 22, 'flip': True, 'en_ema_trend': True, 'ema_trend_fast': 364, 'ema_trend_slow': 361, 'en_sma_trend': True, 'sma_trend_fast': 178, 'sma_trend_slow': 376, 'en_macd': False, 'macd_fast': 52, 'macd_slow': 105, 'macd_signal': 61, 'en_vwap': True, 'en_keltner': True, 'keltner_n': 178, 'keltner_m': 4.8, 'en_obv': False, 'obv_slope': 188, 'en_cci': False, 'cci_n': 37, 'cci_threshold': 65, 'en_rsi': True, 'rsi_n': 97, 'rsi_lower': 36, 'rsi_upper': 81, 'en_stochastic': False, 'stochastic_n': 63, 'stochastic_d': 34, 'stochastic_lower': 44, 'stochastic_upper': 94, 'en_mfi': True, 'mfi_n': 84, 'mfi_lower': 8, 'mfi_upper': 86, 'en_bollinger': True, 'bollinger_n': 136, 'bollinger_k': 4.4, 'en_adx': True, 'adx_n': 20, 'adx_threshold': 26, 'en_structure_trend': False, 'structure_trend_swing_l': 11, 'en_order_block': False, 'order_block_swing_l': 17, 'en_fvg': True, 'fvg_lookback': 3, 'en_ifvg': True, 'en_breaker': True, 'breaker_swing_l': 18, 'en_cisd': False, 'k': 4, 'en_cap_bars': False, 'cap_1min': 126}.
[I 2026-07-13 17:26:19,425] Trial 260 pruned. 
[I 2026-07-13 17:26:27,131] Trial 261 finished with values: [94.1695159785013, -816.4216364523236, 55.6] and parameters: {'sl_soft': 19.64467165807833, 'sl_hard_delta': 6.822163159525327, 'tp': 21.983516432774614, 'gate_pct': 52.70817803787374, 'dd_limit': 9508.627019250667, 'cooldown': 2, 'flip': True, 'en_ema_trend': True, 'ema_trend_fast': 230, 'ema_trend_slow': 20, 'en_sma_trend': False, 'sma_trend_fast': 7, 'sma_trend_slow': 169, 'en_macd': True, 'macd_fast': 91, 'macd_slow': 63, 'macd_signal': 41, 'en_vwap': True, 'en_keltner': True, 'keltner_n': 133, 'keltner_m': 4.0, 'en_obv': False, 'obv_slope': 160, 'en_cci': False, 'cci_n': 37, 'cci_threshold': 90, 'en_rsi': True, 'rsi_n': 55, 'rsi_lower': 20, 'rsi_upper': 68, 'en_stochastic': True, 'stochastic_n': 88, 'stochastic_d': 50, 'stochastic_lower': 7, 'stochastic_upper': 72, 'en_mfi': True, 'mfi_n': 88, 'mfi_lower': 17, 'mfi_upper': 65, 'en_bollinger': False, 'bollinger_n': 127, 'bollinger_k': 2.2, 'en_adx': False, 'adx_n': 71, 'adx_threshold': 35, 'en_structure_trend': True, 'structure_trend_swing_l': 14, 'en_order_block': True, 'order_block_swing_l': 19, 'en_fvg': False, 'fvg_lookback': 29, 'en_ifvg': True, 'en_breaker': False, 'breaker_swing_l': 20, 'en_cisd': False, 'k': 5, 'en_cap_bars': True, 'cap_1min': 1113}.
[I 2026-07-13 17:26:34,013] Trial 262 finished with values: [-73.31060566169981, -333.0149255557262, 62.55] and parameters: {'sl_soft': 14.761508046580953, 'sl_hard_delta': 12.207560282522527, 'tp': 11.768073292054666, 'gate_pct': 36.655664385123444, 'dd_limit': 4207.99661406946, 'cooldown': 20, 'flip': False, 'en_ema_trend': False, 'ema_trend_fast': 282, 'ema_trend_slow': 94, 'en_sma_trend': False, 'sma_trend_fast': 283, 'sma_trend_slow': 180, 'en_macd': True, 'macd_fast': 50, 'macd_slow': 30, 'macd_signal': 15, 'en_vwap': True, 'en_keltner': False, 'keltner_n': 149, 'keltner_m': 2.2, 'en_obv': False, 'obv_slope': 169, 'en_cci': True, 'cci_n': 186, 'cci_threshold': 80, 'en_rsi': True, 'rsi_n': 17, 'rsi_lower': 21, 'rsi_upper': 98, 'en_stochastic': True, 'stochastic_n': 59, 'stochastic_d': 44, 'stochastic_lower': 18, 'stochastic_upper': 53, 'en_mfi': False, 'mfi_n': 53, 'mfi_lower': 10, 'mfi_upper': 65, 'en_bollinger': False, 'bollinger_n': 85, 'bollinger_k': 1.9000000000000001, 'en_adx': False, 'adx_n': 50, 'adx_threshold': 6, 'en_structure_trend': False, 'structure_trend_swing_l': 8, 'en_order_block': True, 'order_block_swing_l': 8, 'en_fvg': True, 'fvg_lookback': 2, 'en_ifvg': False, 'en_breaker': True, 'breaker_swing_l': 8, 'en_cisd': False, 'k': 1, 'en_cap_bars': False, 'cap_1min': 16}.
[I 2026-07-13 17:26:42,204] Trial 263 finished with values: [199.41474216449933, -967.8528625642139, 42.85] and parameters: {'sl_soft': 27.25884357896654, 'sl_hard_delta': 1.786904617958767, 'tp': 42.79541306258352, 'gate_pct': 35.06171893069536, 'dd_limit': 9308.14469807598, 'cooldown': 1, 'flip': False, 'en_ema_trend': True, 'ema_trend_fast': 117, 'ema_trend_slow': 236, 'en_sma_trend': False, 'sma_trend_fast': 154, 'sma_trend_slow': 265, 'en_macd': True, 'macd_fast': 44, 'macd_slow': 83, 'macd_signal': 22, 'en_vwap': True, 'en_keltner': True, 'keltner_n': 124, 'keltner_m': 4.8, 'en_obv': True, 'obv_slope': 184, 'en_cci': True, 'cci_n': 188, 'cci_threshold': 155, 'en_rsi': False, 'rsi_n': 17, 'rsi_lower': 11, 'rsi_upper': 75, 'en_stochastic': True, 'stochastic_n': 80, 'stochastic_d': 12, 'stochastic_lower': 38, 'stochastic_upper': 74, 'en_mfi': False, 'mfi_n': 68, 'mfi_lower': 12, 'mfi_upper': 79, 'en_bollinger': False, 'bollinger_n': 85, 'bollinger_k': 4.8, 'en_adx': False, 'adx_n': 71, 'adx_threshold': 24, 'en_structure_trend': False, 'structure_trend_swing_l': 11, 'en_order_block': False, 'order_block_swing_l': 19, 'en_fvg': False, 'fvg_lookback': 38, 'en_ifvg': False, 'en_breaker': True, 'breaker_swing_l': 5, 'en_cisd': True, 'k': 4, 'en_cap_bars': False, 'cap_1min': 3}.
[I 2026-07-13 17:26:44,975] Trial 264 finished with values: [88.73267364091589, -1496.7785429263313, 56.3] and parameters: {'sl_soft': 22.60386053589123, 'sl_hard_delta': 22.93534702460803, 'tp': 25.60014020708973, 'gate_pct': 74.64771504966384, 'dd_limit': 2368.170951926783, 'cooldown': 9, 'flip': False, 'en_ema_trend': False, 'ema_trend_fast': 351, 'ema_trend_slow': 112, 'en_sma_trend': False, 'sma_trend_fast': 109, 'sma_trend_slow': 84, 'en_macd': True, 'macd_fast': 25, 'macd_slow': 98, 'macd_signal': 36, 'en_vwap': True, 'en_keltner': False, 'keltner_n': 185, 'keltner_m': 3.9000000000000004, 'en_obv': False, 'obv_slope': 185, 'en_cci': True, 'cci_n': 188, 'cci_threshold': 250, 'en_rsi': True, 'rsi_n': 48, 'rsi_lower': 11, 'rsi_upper': 86, 'en_stochastic': False, 'stochastic_n': 77, 'stochastic_d': 50, 'stochastic_lower': 12, 'stochastic_upper': 53, 'en_mfi': True, 'mfi_n': 21, 'mfi_lower': 31, 'mfi_upper': 62, 'en_bollinger': False, 'bollinger_n': 92, 'bollinger_k': 2.1, 'en_adx': False, 'adx_n': 59, 'adx_threshold': 35, 'en_structure_trend': True, 'structure_trend_swing_l': 18, 'en_order_block': True, 'order_block_swing_l': 13, 'en_fvg': False, 'fvg_lookback': 31, 'en_ifvg': True, 'en_breaker': False, 'breaker_swing_l': 19, 'en_cisd': True, 'k': 4, 'en_cap_bars': False, 'cap_1min': 929}.
[I 2026-07-13 17:26:45,846] Trial 265 finished with values: [-114.06656874209148, -660.0237802842821, 51.3] and parameters: {'sl_soft': 21.393555960663257, 'sl_hard_delta': 2.661532227567695, 'tp': 20.145316482998126, 'gate_pct': 52.7932312951505, 'dd_limit': 2816.719005079483, 'cooldown': 14, 'flip': True, 'en_ema_trend': False, 'ema_trend_fast': 200, 'ema_trend_slow': 187, 'en_sma_trend': False, 'sma_trend_fast': 70, 'sma_trend_slow': 249, 'en_macd': False, 'macd_fast': 30, 'macd_slow': 105, 'macd_signal': 21, 'en_vwap': True, 'en_keltner': True, 'keltner_n': 74, 'keltner_m': 4.300000000000001, 'en_obv': False, 'obv_slope': 188, 'en_cci': True, 'cci_n': 158, 'cci_threshold': 120, 'en_rsi': False, 'rsi_n': 19, 'rsi_lower': 36, 'rsi_upper': 77, 'en_stochastic': True, 'stochastic_n': 15, 'stochastic_d': 50, 'stochastic_lower': 27, 'stochastic_upper': 54, 'en_mfi': False, 'mfi_n': 84, 'mfi_lower': 48, 'mfi_upper': 59, 'en_bollinger': True, 'bollinger_n': 137, 'bollinger_k': 1.9000000000000001, 'en_adx': False, 'adx_n': 99, 'adx_threshold': 7, 'en_structure_trend': True, 'structure_trend_swing_l': 19, 'en_order_block': True, 'order_block_swing_l': 16, 'en_fvg': False, 'fvg_lookback': 37, 'en_ifvg': True, 'en_breaker': True, 'breaker_swing_l': 18, 'en_cisd': False, 'k': 3, 'en_cap_bars': True, 'cap_1min': 859}.
[I 2026-07-13 17:26:56,457] Trial 266 finished with values: [145.78275020792717, -942.994018468562, 49.55] and parameters: {'sl_soft': 13.186315729842667, 'sl_hard_delta': 12.207560282522527, 'tp': 23.976700355745017, 'gate_pct': 45.98205069731719, 'dd_limit': 7732.124461539199, 'cooldown': 17, 'flip': True, 'en_ema_trend': True, 'ema_trend_fast': 12, 'ema_trend_slow': 135, 'en_sma_trend': False, 'sma_trend_fast': 395, 'sma_trend_slow': 93, 'en_macd': True, 'macd_fast': 30, 'macd_slow': 94, 'macd_signal': 66, 'en_vwap': True, 'en_keltner': True, 'keltner_n': 6, 'keltner_m': 4.300000000000001, 'en_obv': True, 'obv_slope': 184, 'en_cci': True, 'cci_n': 19, 'cci_threshold': 120, 'en_rsi': False, 'rsi_n': 37, 'rsi_lower': 21, 'rsi_upper': 54, 'en_stochastic': True, 'stochastic_n': 25, 'stochastic_d': 13, 'stochastic_lower': 18, 'stochastic_upper': 54, 'en_mfi': False, 'mfi_n': 79, 'mfi_lower': 20, 'mfi_upper': 59, 'en_bollinger': True, 'bollinger_n': 137, 'bollinger_k': 1.7000000000000002, 'en_adx': True, 'adx_n': 29, 'adx_threshold': 6, 'en_structure_trend': False, 'structure_trend_swing_l': 11, 'en_order_block': True, 'order_block_swing_l': 16, 'en_fvg': False, 'fvg_lookback': 37, 'en_ifvg': True, 'en_breaker': True, 'breaker_swing_l': 8, 'en_cisd': False, 'k': 1, 'en_cap_bars': True, 'cap_1min': 107}.
[I 2026-07-13 17:26:58,768] Trial 267 finished with values: [448.2139404755435, -323.12878422082576, 59.6] and parameters: {'sl_soft': 11.828074798855372, 'sl_hard_delta': 4.209268042123824, 'tp': 15.280478680365094, 'gate_pct': 77.7098229275783, 'dd_limit': 178.66622837436557, 'cooldown': 34, 'flip': True, 'en_ema_trend': True, 'ema_trend_fast': 196, 'ema_trend_slow': 125, 'en_sma_trend': False, 'sma_trend_fast': 395, 'sma_trend_slow': 242, 'en_macd': True, 'macd_fast': 69, 'macd_slow': 94, 'macd_signal': 61, 'en_vwap': True, 'en_keltner': True, 'keltner_n': 3, 'keltner_m': 3.3000000000000003, 'en_obv': False, 'obv_slope': 188, 'en_cci': True, 'cci_n': 156, 'cci_threshold': 120, 'en_rsi': False, 'rsi_n': 37, 'rsi_lower': 13, 'rsi_upper': 52, 'en_stochastic': False, 'stochastic_n': 56, 'stochastic_d': 36, 'stochastic_lower': 2, 'stochastic_upper': 62, 'en_mfi': False, 'mfi_n': 80, 'mfi_lower': 8, 'mfi_upper': 65, 'en_bollinger': True, 'bollinger_n': 137, 'bollinger_k': 3.9000000000000004, 'en_adx': False, 'adx_n': 62, 'adx_threshold': 7, 'en_structure_trend': True, 'structure_trend_swing_l': 7, 'en_order_block': False, 'order_block_swing_l': 18, 'en_fvg': True, 'fvg_lookback': 37, 'en_ifvg': True, 'en_breaker': True, 'breaker_swing_l': 7, 'en_cisd': True, 'k': 4, 'en_cap_bars': False, 'cap_1min': 652}.
[I 2026-07-13 17:27:01,159] Trial 268 finished with values: [-718.2561892328886, -1448.773167704785, 50.15] and parameters: {'sl_soft': 27.889575962824456, 'sl_hard_delta': 16.86135074536918, 'tp': 25.60014020708973, 'gate_pct': 74.64771504966384, 'dd_limit': 3617.657841686699, 'cooldown': 9, 'flip': True, 'en_ema_trend': False, 'ema_trend_fast': 351, 'ema_trend_slow': 125, 'en_sma_trend': False, 'sma_trend_fast': 337, 'sma_trend_slow': 329, 'en_macd': False, 'macd_fast': 25, 'macd_slow': 53, 'macd_signal': 87, 'en_vwap': True, 'en_keltner': True, 'keltner_n': 80, 'keltner_m': 2.1, 'en_obv': False, 'obv_slope': 170, 'en_cci': False, 'cci_n': 188, 'cci_threshold': 80, 'en_rsi': False, 'rsi_n': 48, 'rsi_lower': 11, 'rsi_upper': 94, 'en_stochastic': False, 'stochastic_n': 63, 'stochastic_d': 24, 'stochastic_lower': 34, 'stochastic_upper': 62, 'en_mfi': False, 'mfi_n': 80, 'mfi_lower': 31, 'mfi_upper': 51, 'en_bollinger': False, 'bollinger_n': 104, 'bollinger_k': 1.5, 'en_adx': False, 'adx_n': 67, 'adx_threshold': 30, 'en_structure_trend': True, 'structure_trend_swing_l': 18, 'en_order_block': False, 'order_block_swing_l': 18, 'en_fvg': False, 'fvg_lookback': 31, 'en_ifvg': False, 'en_breaker': True, 'breaker_swing_l': 9, 'en_cisd': False, 'k': 4, 'en_cap_bars': False, 'cap_1min': 332}.
[I 2026-07-13 17:27:07,439] Trial 269 finished with values: [-52.995443269555835, -758.1977370306413, 54.3] and parameters: {'sl_soft': 27.25884357896654, 'sl_hard_delta': 16.86135074536918, 'tp': 25.60014020708973, 'gate_pct': 58.77346993604095, 'dd_limit': 5783.923331052917, 'cooldown': 1, 'flip': True, 'en_ema_trend': False, 'ema_trend_fast': 351, 'ema_trend_slow': 112, 'en_sma_trend': False, 'sma_trend_fast': 154, 'sma_trend_slow': 298, 'en_macd': True, 'macd_fast': 25, 'macd_slow': 179, 'macd_signal': 87, 'en_vwap': False, 'en_keltner': False, 'keltner_n': 178, 'keltner_m': 3.9000000000000004, 'en_obv': True, 'obv_slope': 185, 'en_cci': False, 'cci_n': 88, 'cci_threshold': 155, 'en_rsi': True, 'rsi_n': 5, 'rsi_lower': 11, 'rsi_upper': 67, 'en_stochastic': True, 'stochastic_n': 80, 'stochastic_d': 12, 'stochastic_lower': 34, 'stochastic_upper': 74, 'en_mfi': True, 'mfi_n': 13, 'mfi_lower': 12, 'mfi_upper': 79, 'en_bollinger': False, 'bollinger_n': 92, 'bollinger_k': 1.5, 'en_adx': False, 'adx_n': 67, 'adx_threshold': 35, 'en_structure_trend': True, 'structure_trend_swing_l': 7, 'en_order_block': True, 'order_block_swing_l': 16, 'en_fvg': False, 'fvg_lookback': 41, 'en_ifvg': False, 'en_breaker': False, 'breaker_swing_l': 9, 'en_cisd': False, 'k': 4, 'en_cap_bars': True, 'cap_1min': 772}.
[I 2026-07-13 17:27:10,200] Trial 270 pruned. 
[I 2026-07-13 17:27:10,494] Trial 271 pruned. 
[I 2026-07-13 17:27:13,553] Trial 272 finished with values: [151.058650936302, -965.6418064646277, 48.55] and parameters: {'sl_soft': 16.954988162024854, 'sl_hard_delta': 7.101996738390678, 'tp': 32.2135481095783, 'gate_pct': 37.39778324297737, 'dd_limit': 3975.4449591887696, 'cooldown': 23, 'flip': False, 'en_ema_trend': True, 'ema_trend_fast': 293, 'ema_trend_slow': 361, 'en_sma_trend': False, 'sma_trend_fast': 178, 'sma_trend_slow': 376, 'en_macd': True, 'macd_fast': 68, 'macd_slow': 172, 'macd_signal': 54, 'en_vwap': True, 'en_keltner': False, 'keltner_n': 74, 'keltner_m': 4.5, 'en_obv': False, 'obv_slope': 170, 'en_cci': True, 'cci_n': 27, 'cci_threshold': 80, 'en_rsi': True, 'rsi_n': 48, 'rsi_lower': 8, 'rsi_upper': 86, 'en_stochastic': False, 'stochastic_n': 69, 'stochastic_d': 34, 'stochastic_lower': 12, 'stochastic_upper': 94, 'en_mfi': True, 'mfi_n': 84, 'mfi_lower': 2, 'mfi_upper': 62, 'en_bollinger': True, 'bollinger_n': 91, 'bollinger_k': 4.8, 'en_adx': False, 'adx_n': 59, 'adx_threshold': 30, 'en_structure_trend': True, 'structure_trend_swing_l': 11, 'en_order_block': False, 'order_block_swing_l': 13, 'en_fvg': True, 'fvg_lookback': 3, 'en_ifvg': True, 'en_breaker': True, 'breaker_swing_l': 18, 'en_cisd': True, 'k': 4, 'en_cap_bars': False, 'cap_1min': 859}.
[I 2026-07-13 17:27:15,124] Trial 273 finished with values: [-524.826052880253, -1215.9982408130963, 42.3] and parameters: {'sl_soft': 15.029901346125646, 'sl_hard_delta': 18.132241751897425, 'tp': 19.32668301877756, 'gate_pct': 35.16705558700568, 'dd_limit': 9308.14469807598, 'cooldown': 8, 'flip': False, 'en_ema_trend': False, 'ema_trend_fast': 41, 'ema_trend_slow': 346, 'en_sma_trend': False, 'sma_trend_fast': 283, 'sma_trend_slow': 180, 'en_macd': False, 'macd_fast': 69, 'macd_slow': 6, 'macd_signal': 15, 'en_vwap': True, 'en_keltner': False, 'keltner_n': 149, 'keltner_m': 4.5, 'en_obv': False, 'obv_slope': 169, 'en_cci': True, 'cci_n': 186, 'cci_threshold': 95, 'en_rsi': True, 'rsi_n': 93, 'rsi_lower': 16, 'rsi_upper': 98, 'en_stochastic': False, 'stochastic_n': 59, 'stochastic_d': 9, 'stochastic_lower': 16, 'stochastic_upper': 77, 'en_mfi': True, 'mfi_n': 53, 'mfi_lower': 10, 'mfi_upper': 65, 'en_bollinger': False, 'bollinger_n': 85, 'bollinger_k': 1.9000000000000001, 'en_adx': False, 'adx_n': 74, 'adx_threshold': 30, 'en_structure_trend': False, 'structure_trend_swing_l': 14, 'en_order_block': True, 'order_block_swing_l': 8, 'en_fvg': False, 'fvg_lookback': 2, 'en_ifvg': False, 'en_breaker': False, 'breaker_swing_l': 2, 'en_cisd': True, 'k': 4, 'en_cap_bars': False, 'cap_1min': 3}.
[I 2026-07-13 17:27:15,453] Trial 274 pruned. 
[I 2026-07-13 17:27:15,733] Trial 275 finished with values: [55.656277393300115, -801.4148969772577, 66.1] and parameters: {'sl_soft': 22.60386053589123, 'sl_hard_delta': 10.457722003615679, 'tp': 15.280478680365094, 'gate_pct': 58.43518950103926, 'dd_limit': 3617.657841686699, 'cooldown': 34, 'flip': False, 'en_ema_trend': True, 'ema_trend_fast': 293, 'ema_trend_slow': 125, 'en_sma_trend': False, 'sma_trend_fast': 357, 'sma_trend_slow': 329, 'en_macd': False, 'macd_fast': 25, 'macd_slow': 53, 'macd_signal': 61, 'en_vwap': True, 'en_keltner': True, 'keltner_n': 185, 'keltner_m': 4.9, 'en_obv': False, 'obv_slope': 170, 'en_cci': False, 'cci_n': 188, 'cci_threshold': 80, 'en_rsi': False, 'rsi_n': 48, 'rsi_lower': 13, 'rsi_upper': 57, 'en_stochastic': False, 'stochastic_n': 63, 'stochastic_d': 36, 'stochastic_lower': 33, 'stochastic_upper': 62, 'en_mfi': False, 'mfi_n': 80, 'mfi_lower': 31, 'mfi_upper': 62, 'en_bollinger': True, 'bollinger_n': 104, 'bollinger_k': 3.9000000000000004, 'en_adx': False, 'adx_n': 62, 'adx_threshold': 30, 'en_structure_trend': True, 'structure_trend_swing_l': 14, 'en_order_block': False, 'order_block_swing_l': 18, 'en_fvg': False, 'fvg_lookback': 31, 'en_ifvg': False, 'en_breaker': True, 'breaker_swing_l': 10, 'en_cisd': False, 'k': 4, 'en_cap_bars': False, 'cap_1min': 332}.
