[I 2026-07-13 17:54:39,049] Trial 1681 finished with values: [870.0168097380447, -280.0, 70.1] and parameters: {'sl_soft': 10.245954328680858, 'sl_hard_delta': 27.482670050048117, 'tp': 27.72259577195913, 'gate_pct': 42.37120833684469, 'dd_limit': 3719.9389583336606, 'cooldown': 22, 'flip': False, 'en_ema_trend': False, 'ema_trend_fast': 293, 'ema_trend_slow': 392, 'en_sma_trend': True, 'sma_trend_fast': 282, 'sma_trend_slow': 57, 'en_macd': True, 'macd_fast': 28, 'macd_slow': 63, 'macd_signal': 41, 'en_vwap': True, 'en_keltner': True, 'keltner_n': 3, 'keltner_m': 3.4000000000000004, 'en_obv': True, 'obv_slope': 160, 'en_cci': False, 'cci_n': 117, 'cci_threshold': 300, 'en_rsi': True, 'rsi_n': 52, 'rsi_lower': 43, 'rsi_upper': 75, 'en_stochastic': False, 'stochastic_n': 63, 'stochastic_d': 9, 'stochastic_lower': 40, 'stochastic_upper': 60, 'en_mfi': False, 'mfi_n': 90, 'mfi_lower': 7, 'mfi_upper': 65, 'en_bollinger': False, 'bollinger_n': 107, 'bollinger_k': 4.6000000000000005, 'en_adx': True, 'adx_n': 85, 'adx_threshold': 7, 'en_structure_trend': False, 'structure_trend_swing_l': 14, 'en_order_block': True, 'order_block_swing_l': 2, 'en_fvg': True, 'fvg_lookback': 42, 'en_ifvg': True, 'en_breaker': True, 'breaker_swing_l': 20, 'en_cisd': True, 'k': 5, 'en_cap_bars': True, 'cap_1min': 1381}.
[I 2026-07-13 17:54:39,498] Trial 1682 finished with values: [630.3895275856848, -210.11649822128675, 65.75] and parameters: {'sl_soft': 10.245954328680858, 'sl_hard_delta': 18.132241751897425, 'tp': 23.976700355745017, 'gate_pct': 45.98205069731719, 'dd_limit': 7732.124461539199, 'cooldown': 9, 'flip': False, 'en_ema_trend': False, 'ema_trend_fast': 41, 'ema_trend_slow': 346, 'en_sma_trend': True, 'sma_trend_fast': 7, 'sma_trend_slow': 57, 'en_macd': True, 'macd_fast': 69, 'macd_slow': 63, 'macd_signal': 41, 'en_vwap': True, 'en_keltner': True, 'keltner_n': 3, 'keltner_m': 3.4000000000000004, 'en_obv': True, 'obv_slope': 188, 'en_cci': False, 'cci_n': 117, 'cci_threshold': 80, 'en_rsi': True, 'rsi_n': 37, 'rsi_lower': 1, 'rsi_upper': 54, 'en_stochastic': False, 'stochastic_n': 15, 'stochastic_d': 27, 'stochastic_lower': 40, 'stochastic_upper': 60, 'en_mfi': False, 'mfi_n': 90, 'mfi_lower': 20, 'mfi_upper': 60, 'en_bollinger': False, 'bollinger_n': 96, 'bollinger_k': 4.5, 'en_adx': True, 'adx_n': 60, 'adx_threshold': 7, 'en_structure_trend': False, 'structure_trend_swing_l': 16, 'en_order_block': True, 'order_block_swing_l': 2, 'en_fvg': False, 'fvg_lookback': 42, 'en_ifvg': True, 'en_breaker': True, 'breaker_swing_l': 18, 'en_cisd': True, 'k': 5, 'en_cap_bars': True, 'cap_1min': 107}.
[I 2026-07-13 17:54:40,709] Trial 1683 pruned. 
[I 2026-07-13 17:54:42,248] Trial 1684 finished with values: [428.78499326647216, -485.2329964425735, 61.05] and parameters: {'sl_soft': 16.517795206603473, 'sl_hard_delta': 18.132241751897425, 'tp': 23.976700355745017, 'gate_pct': 42.37120833684469, 'dd_limit': 9508.627019250667, 'cooldown': 22, 'flip': False, 'en_ema_trend': False, 'ema_trend_fast': 41, 'ema_trend_slow': 346, 'en_sma_trend': True, 'sma_trend_fast': 7, 'sma_trend_slow': 57, 'en_macd': True, 'macd_fast': 69, 'macd_slow': 63, 'macd_signal': 41, 'en_vwap': True, 'en_keltner': True, 'keltner_n': 3, 'keltner_m': 4.0, 'en_obv': True, 'obv_slope': 160, 'en_cci': False, 'cci_n': 117, 'cci_threshold': 155, 'en_rsi': True, 'rsi_n': 37, 'rsi_lower': 27, 'rsi_upper': 59, 'en_stochastic': False, 'stochastic_n': 63, 'stochastic_d': 9, 'stochastic_lower': 40, 'stochastic_upper': 60, 'en_mfi': False, 'mfi_n': 90, 'mfi_lower': 20, 'mfi_upper': 65, 'en_bollinger': False, 'bollinger_n': 96, 'bollinger_k': 4.6000000000000005, 'en_adx': True, 'adx_n': 56, 'adx_threshold': 7, 'en_structure_trend': False, 'structure_trend_swing_l': 14, 'en_order_block': True, 'order_block_swing_l': 5, 'en_fvg': False, 'fvg_lookback': 42, 'en_ifvg': True, 'en_breaker': True, 'breaker_swing_l': 18, 'en_cisd': True, 'k': 5, 'en_cap_bars': True, 'cap_1min': 1213}.
[I 2026-07-13 17:54:42,685] Trial 1685 finished with values: [171.85537673241924, -511.02422707292135, 50.349999999999994] and parameters: {'sl_soft': 16.517795206603473, 'sl_hard_delta': 18.132241751897425, 'tp': 27.72259577195913, 'gate_pct': 42.37120833684469, 'dd_limit': 3490.253011738878, 'cooldown': 24, 'flip': False, 'en_ema_trend': False, 'ema_trend_fast': 41, 'ema_trend_slow': 346, 'en_sma_trend': True, 'sma_trend_fast': 7, 'sma_trend_slow': 57, 'en_macd': True, 'macd_fast': 69, 'macd_slow': 63, 'macd_signal': 41, 'en_vwap': True, 'en_keltner': False, 'keltner_n': 3, 'keltner_m': 4.0, 'en_obv': True, 'obv_slope': 160, 'en_cci': False, 'cci_n': 117, 'cci_threshold': 205, 'en_rsi': True, 'rsi_n': 52, 'rsi_lower': 47, 'rsi_upper': 75, 'en_stochastic': False, 'stochastic_n': 66, 'stochastic_d': 9, 'stochastic_lower': 40, 'stochastic_upper': 60, 'en_mfi': False, 'mfi_n': 80, 'mfi_lower': 7, 'mfi_upper': 65, 'en_bollinger': False, 'bollinger_n': 96, 'bollinger_k': 4.6000000000000005, 'en_adx': True, 'adx_n': 56, 'adx_threshold': 7, 'en_structure_trend': False, 'structure_trend_swing_l': 16, 'en_order_block': True, 'order_block_swing_l': 18, 'en_fvg': False, 'fvg_lookback': 23, 'en_ifvg': True, 'en_breaker': True, 'breaker_swing_l': 18, 'en_cisd': True, 'k': 5, 'en_cap_bars': True, 'cap_1min': 656}.
[I 2026-07-13 17:54:44,395] Trial 1686 finished with values: [185.0, -110.0, 67.85] and parameters: {'sl_soft': 10.245954328680858, 'sl_hard_delta': 18.132241751897425, 'tp': 23.976700355745017, 'gate_pct': 42.37120833684469, 'dd_limit': 7732.124461539199, 'cooldown': 9, 'flip': False, 'en_ema_trend': False, 'ema_trend_fast': 293, 'ema_trend_slow': 346, 'en_sma_trend': True, 'sma_trend_fast': 7, 'sma_trend_slow': 57, 'en_macd': True, 'macd_fast': 54, 'macd_slow': 63, 'macd_signal': 41, 'en_vwap': True, 'en_keltner': True, 'keltner_n': 3, 'keltner_m': 4.0, 'en_obv': True, 'obv_slope': 188, 'en_cci': False, 'cci_n': 117, 'cci_threshold': 80, 'en_rsi': True, 'rsi_n': 37, 'rsi_lower': 27, 'rsi_upper': 54, 'en_stochastic': False, 'stochastic_n': 63, 'stochastic_d': 9, 'stochastic_lower': 16, 'stochastic_upper': 60, 'en_mfi': False, 'mfi_n': 90, 'mfi_lower': 20, 'mfi_upper': 65, 'en_bollinger': False, 'bollinger_n': 96, 'bollinger_k': 4.6000000000000005, 'en_adx': True, 'adx_n': 60, 'adx_threshold': 7, 'en_structure_trend': False, 'structure_trend_swing_l': 16, 'en_order_block': True, 'order_block_swing_l': 5, 'en_fvg': False, 'fvg_lookback': 42, 'en_ifvg': True, 'en_breaker': True, 'breaker_swing_l': 18, 'en_cisd': False, 'k': 5, 'en_cap_bars': True, 'cap_1min': 3}.
[I 2026-07-13 17:54:44,761] Trial 1687 finished with values: [347.5, -130.0, 66.25] and parameters: {'sl_soft': 10.245954328680858, 'sl_hard_delta': 18.132241751897425, 'tp': 27.72259577195913, 'gate_pct': 42.37120833684469, 'dd_limit': 9508.627019250667, 'cooldown': 22, 'flip': False, 'en_ema_trend': False, 'ema_trend_fast': 307, 'ema_trend_slow': 383, 'en_sma_trend': False, 'sma_trend_fast': 17, 'sma_trend_slow': 57, 'en_macd': True, 'macd_fast': 69, 'macd_slow': 63, 'macd_signal': 25, 'en_vwap': True, 'en_keltner': True, 'keltner_n': 3, 'keltner_m': 3.4000000000000004, 'en_obv': True, 'obv_slope': 160, 'en_cci': False, 'cci_n': 117, 'cci_threshold': 300, 'en_rsi': True, 'rsi_n': 37, 'rsi_lower': 20, 'rsi_upper': 75, 'en_stochastic': False, 'stochastic_n': 66, 'stochastic_d': 9, 'stochastic_lower': 40, 'stochastic_upper': 53, 'en_mfi': False, 'mfi_n': 90, 'mfi_lower': 20, 'mfi_upper': 65, 'en_bollinger': False, 'bollinger_n': 107, 'bollinger_k': 4.6000000000000005, 'en_adx': True, 'adx_n': 85, 'adx_threshold': 7, 'en_structure_trend': False, 'structure_trend_swing_l': 11, 'en_order_block': True, 'order_block_swing_l': 5, 'en_fvg': False, 'fvg_lookback': 42, 'en_ifvg': True, 'en_breaker': True, 'breaker_swing_l': 14, 'en_cisd': True, 'k': 1, 'en_cap_bars': True, 'cap_1min': 3}.
[I 2026-07-13 17:54:45,059] Trial 1688 finished with values: [302.9194682896741, -145.0, 64.8] and parameters: {'sl_soft': 10.245954328680858, 'sl_hard_delta': 18.132241751897425, 'tp': 27.72259577195913, 'gate_pct': 42.37120833684469, 'dd_limit': 3719.9389583336606, 'cooldown': 24, 'flip': False, 'en_ema_trend': False, 'ema_trend_fast': 41, 'ema_trend_slow': 346, 'en_sma_trend': True, 'sma_trend_fast': 7, 'sma_trend_slow': 57, 'en_macd': True, 'macd_fast': 69, 'macd_slow': 63, 'macd_signal': 25, 'en_vwap': True, 'en_keltner': True, 'keltner_n': 3, 'keltner_m': 3.4000000000000004, 'en_obv': True, 'obv_slope': 160, 'en_cci': False, 'cci_n': 117, 'cci_threshold': 120, 'en_rsi': True, 'rsi_n': 52, 'rsi_lower': 20, 'rsi_upper': 75, 'en_stochastic': False, 'stochastic_n': 63, 'stochastic_d': 9, 'stochastic_lower': 18, 'stochastic_upper': 60, 'en_mfi': False, 'mfi_n': 90, 'mfi_lower': 7, 'mfi_upper': 65, 'en_bollinger': False, 'bollinger_n': 96, 'bollinger_k': 4.6000000000000005, 'en_adx': True, 'adx_n': 67, 'adx_threshold': 7, 'en_structure_trend': False, 'structure_trend_swing_l': 15, 'en_order_block': True, 'order_block_swing_l': 5, 'en_fvg': False, 'fvg_lookback': 42, 'en_ifvg': True, 'en_breaker': True, 'breaker_swing_l': 20, 'en_cisd': True, 'k': 5, 'en_cap_bars': True, 'cap_1min': 3}.
[I 2026-07-13 17:54:45,510] Trial 1689 finished with values: [504.1739796987713, -704.6372059327041, 58.65] and parameters: {'sl_soft': 16.517795206603473, 'sl_hard_delta': 18.132241751897425, 'tp': 27.72259577195913, 'gate_pct': 42.37120833684469, 'dd_limit': 3719.9389583336606, 'cooldown': 9, 'flip': False, 'en_ema_trend': False, 'ema_trend_fast': 41, 'ema_trend_slow': 104, 'en_sma_trend': True, 'sma_trend_fast': 7, 'sma_trend_slow': 57, 'en_macd': True, 'macd_fast': 69, 'macd_slow': 63, 'macd_signal': 41, 'en_vwap': True, 'en_keltner': True, 'keltner_n': 3, 'keltner_m': 4.0, 'en_obv': True, 'obv_slope': 160, 'en_cci': False, 'cci_n': 117, 'cci_threshold': 300, 'en_rsi': True, 'rsi_n': 52, 'rsi_lower': 20, 'rsi_upper': 75, 'en_stochastic': False, 'stochastic_n': 66, 'stochastic_d': 9, 'stochastic_lower': 18, 'stochastic_upper': 60, 'en_mfi': False, 'mfi_n': 90, 'mfi_lower': 20, 'mfi_upper': 65, 'en_bollinger': False, 'bollinger_n': 96, 'bollinger_k': 4.6000000000000005, 'en_adx': True, 'adx_n': 85, 'adx_threshold': 7, 'en_structure_trend': False, 'structure_trend_swing_l': 11, 'en_order_block': True, 'order_block_swing_l': 18, 'en_fvg': False, 'fvg_lookback': 6, 'en_ifvg': True, 'en_breaker': True, 'breaker_swing_l': 18, 'en_cisd': True, 'k': 5, 'en_cap_bars': True, 'cap_1min': 1381}.
[I 2026-07-13 17:54:45,933] Trial 1690 finished with values: [418.81933990525795, -663.2780015431126, 47.75] and parameters: {'sl_soft': 10.245954328680858, 'sl_hard_delta': 18.132241751897425, 'tp': 27.72259577195913, 'gate_pct': 42.37120833684469, 'dd_limit': 4207.99661406946, 'cooldown': 22, 'flip': False, 'en_ema_trend': False, 'ema_trend_fast': 9, 'ema_trend_slow': 346, 'en_sma_trend': False, 'sma_trend_fast': 224, 'sma_trend_slow': 57, 'en_macd': True, 'macd_fast': 51, 'macd_slow': 63, 'macd_signal': 41, 'en_vwap': True, 'en_keltner': True, 'keltner_n': 3, 'keltner_m': 3.4000000000000004, 'en_obv': True, 'obv_slope': 160, 'en_cci': False, 'cci_n': 117, 'cci_threshold': 80, 'en_rsi': True, 'rsi_n': 52, 'rsi_lower': 20, 'rsi_upper': 75, 'en_stochastic': False, 'stochastic_n': 66, 'stochastic_d': 9, 'stochastic_lower': 18, 'stochastic_upper': 60, 'en_mfi': False, 'mfi_n': 90, 'mfi_lower': 7, 'mfi_upper': 65, 'en_bollinger': False, 'bollinger_n': 96, 'bollinger_k': 4.6000000000000005, 'en_adx': True, 'adx_n': 56, 'adx_threshold': 7, 'en_structure_trend': False, 'structure_trend_swing_l': 11, 'en_order_block': True, 'order_block_swing_l': 20, 'en_fvg': False, 'fvg_lookback': 42, 'en_ifvg': True, 'en_breaker': True, 'breaker_swing_l': 10, 'en_cisd': True, 'k': 5, 'en_cap_bars': True, 'cap_1min': 656}.
[I 2026-07-13 17:54:48,638] Trial 1691 finished with values: [122.5, -236.89098040289537, 61.45] and parameters: {'sl_soft': 10.245954328680858, 'sl_hard_delta': 18.132241751897425, 'tp': 27.72259577195913, 'gate_pct': 42.37120833684469, 'dd_limit': 3719.9389583336606, 'cooldown': 22, 'flip': False, 'en_ema_trend': False, 'ema_trend_fast': 41, 'ema_trend_slow': 346, 'en_sma_trend': True, 'sma_trend_fast': 17, 'sma_trend_slow': 57, 'en_macd': True, 'macd_fast': 69, 'macd_slow': 63, 'macd_signal': 41, 'en_vwap': True, 'en_keltner': True, 'keltner_n': 3, 'keltner_m': 3.7, 'en_obv': True, 'obv_slope': 160, 'en_cci': False, 'cci_n': 117, 'cci_threshold': 300, 'en_rsi': True, 'rsi_n': 52, 'rsi_lower': 47, 'rsi_upper': 52, 'en_stochastic': False, 'stochastic_n': 66, 'stochastic_d': 9, 'stochastic_lower': 40, 'stochastic_upper': 60, 'en_mfi': False, 'mfi_n': 90, 'mfi_lower': 20, 'mfi_upper': 65, 'en_bollinger': False, 'bollinger_n': 107, 'bollinger_k': 4.6000000000000005, 'en_adx': True, 'adx_n': 56, 'adx_threshold': 7, 'en_structure_trend': False, 'structure_trend_swing_l': 11, 'en_order_block': True, 'order_block_swing_l': 18, 'en_fvg': False, 'fvg_lookback': 6, 'en_ifvg': True, 'en_breaker': True, 'breaker_swing_l': 20, 'en_cisd': True, 'k': 5, 'en_cap_bars': True, 'cap_1min': 3}.
[I 2026-07-13 17:54:48,853] Trial 1692 pruned. 
[I 2026-07-13 17:54:49,112] Trial 1693 pruned. 
[I 2026-07-13 17:54:49,478] Trial 1694 finished with values: [205.0, -150.0, 60.75] and parameters: {'sl_soft': 10.245954328680858, 'sl_hard_delta': 18.132241751897425, 'tp': 27.72259577195913, 'gate_pct': 42.37120833684469, 'dd_limit': 4207.99661406946, 'cooldown': 22, 'flip': False, 'en_ema_trend': False, 'ema_trend_fast': 41, 'ema_trend_slow': 104, 'en_sma_trend': False, 'sma_trend_fast': 224, 'sma_trend_slow': 57, 'en_macd': True, 'macd_fast': 51, 'macd_slow': 63, 'macd_signal': 41, 'en_vwap': True, 'en_keltner': True, 'keltner_n': 3, 'keltner_m': 4.0, 'en_obv': True, 'obv_slope': 160, 'en_cci': False, 'cci_n': 117, 'cci_threshold': 80, 'en_rsi': True, 'rsi_n': 52, 'rsi_lower': 20, 'rsi_upper': 75, 'en_stochastic': False, 'stochastic_n': 63, 'stochastic_d': 9, 'stochastic_lower': 18, 'stochastic_upper': 60, 'en_mfi': False, 'mfi_n': 90, 'mfi_lower': 20, 'mfi_upper': 65, 'en_bollinger': False, 'bollinger_n': 107, 'bollinger_k': 4.6000000000000005, 'en_adx': True, 'adx_n': 85, 'adx_threshold': 7, 'en_structure_trend': False, 'structure_trend_swing_l': 14, 'en_order_block': True, 'order_block_swing_l': 2, 'en_fvg': False, 'fvg_lookback': 6, 'en_ifvg': True, 'en_breaker': True, 'breaker_swing_l': 10, 'en_cisd': False, 'k': 5, 'en_cap_bars': True, 'cap_1min': 3}.
[I 2026-07-13 17:54:50,882] Trial 1695 finished with values: [182.5, -155.0, 57.35] and parameters: {'sl_soft': 10.245954328680858, 'sl_hard_delta': 18.132241751897425, 'tp': 27.72259577195913, 'gate_pct': 42.37120833684469, 'dd_limit': 4207.99661406946, 'cooldown': 27, 'flip': False, 'en_ema_trend': False, 'ema_trend_fast': 9, 'ema_trend_slow': 346, 'en_sma_trend': False, 'sma_trend_fast': 7, 'sma_trend_slow': 57, 'en_macd': True, 'macd_fast': 51, 'macd_slow': 63, 'macd_signal': 41, 'en_vwap': True, 'en_keltner': True, 'keltner_n': 3, 'keltner_m': 4.0, 'en_obv': True, 'obv_slope': 160, 'en_cci': False, 'cci_n': 117, 'cci_threshold': 80, 'en_rsi': True, 'rsi_n': 13, 'rsi_lower': 47, 'rsi_upper': 75, 'en_stochastic': False, 'stochastic_n': 66, 'stochastic_d': 9, 'stochastic_lower': 40, 'stochastic_upper': 60, 'en_mfi': False, 'mfi_n': 90, 'mfi_lower': 7, 'mfi_upper': 65, 'en_bollinger': False, 'bollinger_n': 96, 'bollinger_k': 4.6000000000000005, 'en_adx': True, 'adx_n': 85, 'adx_threshold': 7, 'en_structure_trend': False, 'structure_trend_swing_l': 14, 'en_order_block': True, 'order_block_swing_l': 2, 'en_fvg': False, 'fvg_lookback': 42, 'en_ifvg': True, 'en_breaker': True, 'breaker_swing_l': 18, 'en_cisd': True, 'k': 5, 'en_cap_bars': True, 'cap_1min': 3}.
[I 2026-07-13 17:54:51,306] Trial 1696 finished with values: [290.0, -115.0, 69.05000000000001] and parameters: {'sl_soft': 10.245954328680858, 'sl_hard_delta': 18.132241751897425, 'tp': 27.72259577195913, 'gate_pct': 42.37120833684469, 'dd_limit': 3490.253011738878, 'cooldown': 24, 'flip': False, 'en_ema_trend': False, 'ema_trend_fast': 5, 'ema_trend_slow': 346, 'en_sma_trend': True, 'sma_trend_fast': 7, 'sma_trend_slow': 57, 'en_macd': True, 'macd_fast': 69, 'macd_slow': 63, 'macd_signal': 41, 'en_vwap': True, 'en_keltner': True, 'keltner_n': 3, 'keltner_m': 3.4000000000000004, 'en_obv': True, 'obv_slope': 160, 'en_cci': False, 'cci_n': 117, 'cci_threshold': 80, 'en_rsi': True, 'rsi_n': 52, 'rsi_lower': 24, 'rsi_upper': 54, 'en_stochastic': False, 'stochastic_n': 66, 'stochastic_d': 9, 'stochastic_lower': 16, 'stochastic_upper': 60, 'en_mfi': False, 'mfi_n': 90, 'mfi_lower': 20, 'mfi_upper': 65, 'en_bollinger': False, 'bollinger_n': 107, 'bollinger_k': 2.0, 'en_adx': True, 'adx_n': 85, 'adx_threshold': 7, 'en_structure_trend': False, 'structure_trend_swing_l': 14, 'en_order_block': True, 'order_block_swing_l': 5, 'en_fvg': False, 'fvg_lookback': 6, 'en_ifvg': True, 'en_breaker': True, 'breaker_swing_l': 17, 'en_cisd': True, 'k': 5, 'en_cap_bars': True, 'cap_1min': 3}.
[I 2026-07-13 17:54:52,640] Trial 1697 finished with values: [197.5, -117.7269575392711, 65.35] and parameters: {'sl_soft': 10.245954328680858, 'sl_hard_delta': 13.299437179171655, 'tp': 27.72259577195913, 'gate_pct': 42.37120833684469, 'dd_limit': 3490.253011738878, 'cooldown': 22, 'flip': False, 'en_ema_trend': False, 'ema_trend_fast': 98, 'ema_trend_slow': 266, 'en_sma_trend': False, 'sma_trend_fast': 7, 'sma_trend_slow': 57, 'en_macd': True, 'macd_fast': 51, 'macd_slow': 63, 'macd_signal': 41, 'en_vwap': True, 'en_keltner': True, 'keltner_n': 3, 'keltner_m': 3.4000000000000004, 'en_obv': True, 'obv_slope': 160, 'en_cci': False, 'cci_n': 117, 'cci_threshold': 80, 'en_rsi': True, 'rsi_n': 13, 'rsi_lower': 15, 'rsi_upper': 75, 'en_stochastic': False, 'stochastic_n': 66, 'stochastic_d': 9, 'stochastic_lower': 16, 'stochastic_upper': 53, 'en_mfi': False, 'mfi_n': 90, 'mfi_lower': 7, 'mfi_upper': 65, 'en_bollinger': False, 'bollinger_n': 96, 'bollinger_k': 2.0, 'en_adx': True, 'adx_n': 85, 'adx_threshold': 7, 'en_structure_trend': False, 'structure_trend_swing_l': 11, 'en_order_block': True, 'order_block_swing_l': 5, 'en_fvg': False, 'fvg_lookback': 42, 'en_ifvg': True, 'en_breaker': True, 'breaker_swing_l': 17, 'en_cisd': False, 'k': 5, 'en_cap_bars': True, 'cap_1min': 3}.
[I 2026-07-13 17:54:53,075] Trial 1698 finished with values: [652.598282032468, -410.0, 54.7] and parameters: {'sl_soft': 10.245954328680858, 'sl_hard_delta': 18.132241751897425, 'tp': 23.976700355745017, 'gate_pct': 45.98205069731719, 'dd_limit': 7732.124461539199, 'cooldown': 9, 'flip': False, 'en_ema_trend': False, 'ema_trend_fast': 41, 'ema_trend_slow': 346, 'en_sma_trend': True, 'sma_trend_fast': 7, 'sma_trend_slow': 57, 'en_macd': True, 'macd_fast': 69, 'macd_slow': 63, 'macd_signal': 41, 'en_vwap': True, 'en_keltner': True, 'keltner_n': 3, 'keltner_m': 3.4000000000000004, 'en_obv': True, 'obv_slope': 160, 'en_cci': False, 'cci_n': 117, 'cci_threshold': 80, 'en_rsi': True, 'rsi_n': 37, 'rsi_lower': 1, 'rsi_upper': 75, 'en_stochastic': False, 'stochastic_n': 66, 'stochastic_d': 9, 'stochastic_lower': 40, 'stochastic_upper': 60, 'en_mfi': False, 'mfi_n': 56, 'mfi_lower': 20, 'mfi_upper': 65, 'en_bollinger': False, 'bollinger_n': 107, 'bollinger_k': 4.5, 'en_adx': True, 'adx_n': 85, 'adx_threshold': 7, 'en_structure_trend': False, 'structure_trend_swing_l': 16, 'en_order_block': True, 'order_block_swing_l': 2, 'en_fvg': False, 'fvg_lookback': 42, 'en_ifvg': True, 'en_breaker': True, 'breaker_swing_l': 20, 'en_cisd': True, 'k': 5, 'en_cap_bars': True, 'cap_1min': 107}.
[I 2026-07-13 17:54:54,919] Trial 1699 finished with values: [418.65378028733176, -498.2741434622949, 55.25] and parameters: {'sl_soft': 12.52258694056465, 'sl_hard_delta': 18.132241751897425, 'tp': 27.72259577195913, 'gate_pct': 42.37120833684469, 'dd_limit': 3719.9389583336606, 'cooldown': 22, 'flip': False, 'en_ema_trend': False, 'ema_trend_fast': 41, 'ema_trend_slow': 104, 'en_sma_trend': False, 'sma_trend_fast': 7, 'sma_trend_slow': 57, 'en_macd': True, 'macd_fast': 28, 'macd_slow': 63, 'macd_signal': 41, 'en_vwap': True, 'en_keltner': True, 'keltner_n': 3, 'keltner_m': 2.0, 'en_obv': True, 'obv_slope': 160, 'en_cci': False, 'cci_n': 117, 'cci_threshold': 300, 'en_rsi': True, 'rsi_n': 52, 'rsi_lower': 43, 'rsi_upper': 75, 'en_stochastic': False, 'stochastic_n': 81, 'stochastic_d': 9, 'stochastic_lower': 40, 'stochastic_upper': 53, 'en_mfi': False, 'mfi_n': 90, 'mfi_lower': 7, 'mfi_upper': 65, 'en_bollinger': False, 'bollinger_n': 96, 'bollinger_k': 2.0, 'en_adx': True, 'adx_n': 60, 'adx_threshold': 7, 'en_structure_trend': False, 'structure_trend_swing_l': 14, 'en_order_block': True, 'order_block_swing_l': 5, 'en_fvg': False, 'fvg_lookback': 42, 'en_ifvg': True, 'en_breaker': True, 'breaker_swing_l': 20, 'en_cisd': True, 'k': 5, 'en_cap_bars': True, 'cap_1min': 1381}.
