[I 2026-07-13 17:23:33,446] Trial 203 finished with values: [-245.70033502184742, -465.0038996867079, 36.0] and parameters: {'sl_soft': 14.695606985122541, 'sl_hard_delta': 4.304782983548088, 'tp': 27.72259577195913, 'gate_pct': 42.37120833684469, 'dd_limit': 7070.895472661624, 'cooldown': 7, 'flip': True, 'en_ema_trend': True, 'ema_trend_fast': 41, 'ema_trend_slow': 346, 'en_sma_trend': False, 'sma_trend_fast': 62, 'sma_trend_slow': 250, 'en_macd': True, 'macd_fast': 69, 'macd_slow': 63, 'macd_signal': 41, 'en_vwap': True, 'en_keltner': True, 'keltner_n': 175, 'keltner_m': 4.0, 'en_obv': True, 'obv_slope': 160, 'en_cci': False, 'cci_n': 21, 'cci_threshold': 205, 'en_rsi': True, 'rsi_n': 52, 'rsi_lower': 20, 'rsi_upper': 75, 'en_stochastic': False, 'stochastic_n': 27, 'stochastic_d': 9, 'stochastic_lower': 17, 'stochastic_upper': 60, 'en_mfi': False, 'mfi_n': 90, 'mfi_lower': 15, 'mfi_upper': 65, 'en_bollinger': False, 'bollinger_n': 195, 'bollinger_k': 3.4000000000000004, 'en_adx': True, 'adx_n': 54, 'adx_threshold': 7, 'en_structure_trend': False, 'structure_trend_swing_l': 14, 'en_order_block': False, 'order_block_swing_l': 18, 'en_fvg': False, 'fvg_lookback': 42, 'en_ifvg': True, 'en_breaker': True, 'breaker_swing_l': 20, 'en_cisd': True, 'k': 4, 'en_cap_bars': True, 'cap_1min': 3}.
[I 2026-07-13 17:23:36,316] Trial 204 pruned. 
[I 2026-07-13 17:23:38,275] Trial 205 finished with values: [18.28031702505541, -265.72165390818554, 58.55] and parameters: {'sl_soft': 12.023742953585678, 'sl_hard_delta': 4.204358064837304, 'tp': 11.768073292054666, 'gate_pct': 35.16705558700568, 'dd_limit': 365.1680353374175, 'cooldown': 20, 'flip': False, 'en_ema_trend': True, 'ema_trend_fast': 282, 'ema_trend_slow': 94, 'en_sma_trend': False, 'sma_trend_fast': 283, 'sma_trend_slow': 370, 'en_macd': False, 'macd_fast': 50, 'macd_slow': 30, 'macd_signal': 25, 'en_vwap': True, 'en_keltner': False, 'keltner_n': 149, 'keltner_m': 0.7, 'en_obv': False, 'obv_slope': 169, 'en_cci': True, 'cci_n': 186, 'cci_threshold': 95, 'en_rsi': True, 'rsi_n': 93, 'rsi_lower': 36, 'rsi_upper': 62, 'en_stochastic': True, 'stochastic_n': 59, 'stochastic_d': 20, 'stochastic_lower': 16, 'stochastic_upper': 53, 'en_mfi': False, 'mfi_n': 89, 'mfi_lower': 27, 'mfi_upper': 65, 'en_bollinger': False, 'bollinger_n': 159, 'bollinger_k': 1.9000000000000001, 'en_adx': True, 'adx_n': 50, 'adx_threshold': 9, 'en_structure_trend': False, 'structure_trend_swing_l': 8, 'en_order_block': True, 'order_block_swing_l': 12, 'en_fvg': True, 'fvg_lookback': 2, 'en_ifvg': False, 'en_breaker': False, 'breaker_swing_l': 2, 'en_cisd': False, 'k': 4, 'en_cap_bars': False, 'cap_1min': 1085}.
[I 2026-07-13 17:23:39,859] Trial 206 pruned. 
[I 2026-07-13 17:23:45,949] Trial 207 finished with values: [-142.51636826709728, -1041.5518432454337, 39.0] and parameters: {'sl_soft': 12.334463733650468, 'sl_hard_delta': 11.445594980891276, 'tp': 23.976700355745017, 'gate_pct': 45.98205069731719, 'dd_limit': 7394.721751419064, 'cooldown': 6, 'flip': True, 'en_ema_trend': False, 'ema_trend_fast': 104, 'ema_trend_slow': 311, 'en_sma_trend': False, 'sma_trend_fast': 268, 'sma_trend_slow': 197, 'en_macd': False, 'macd_fast': 30, 'macd_slow': 94, 'macd_signal': 24, 'en_vwap': False, 'en_keltner': False, 'keltner_n': 46, 'keltner_m': 0.9, 'en_obv': True, 'obv_slope': 177, 'en_cci': True, 'cci_n': 32, 'cci_threshold': 45, 'en_rsi': False, 'rsi_n': 6, 'rsi_lower': 27, 'rsi_upper': 54, 'en_stochastic': True, 'stochastic_n': 86, 'stochastic_d': 13, 'stochastic_lower': 40, 'stochastic_upper': 72, 'en_mfi': False, 'mfi_n': 45, 'mfi_lower': 20, 'mfi_upper': 65, 'en_bollinger': True, 'bollinger_n': 127, 'bollinger_k': 2.7, 'en_adx': False, 'adx_n': 35, 'adx_threshold': 20, 'en_structure_trend': False, 'structure_trend_swing_l': 19, 'en_order_block': True, 'order_block_swing_l': 12, 'en_fvg': False, 'fvg_lookback': 38, 'en_ifvg': True, 'en_breaker': True, 'breaker_swing_l': 15, 'en_cisd': False, 'k': 1, 'en_cap_bars': True, 'cap_1min': 85}.
[I 2026-07-13 17:23:47,204] Trial 208 finished with values: [24.909411831449688, -876.5876196243698, 39.150000000000006] and parameters: {'sl_soft': 14.761508046580953, 'sl_hard_delta': 7.101996738390678, 'tp': 32.2135481095783, 'gate_pct': 35.16705558700568, 'dd_limit': 3975.4449591887696, 'cooldown': 20, 'flip': True, 'en_ema_trend': False, 'ema_trend_fast': 282, 'ema_trend_slow': 361, 'en_sma_trend': False, 'sma_trend_fast': 178, 'sma_trend_slow': 180, 'en_macd': False, 'macd_fast': 50, 'macd_slow': 105, 'macd_signal': 15, 'en_vwap': True, 'en_keltner': False, 'keltner_n': 149, 'keltner_m': 4.5, 'en_obv': False, 'obv_slope': 169, 'en_cci': True, 'cci_n': 186, 'cci_threshold': 95, 'en_rsi': True, 'rsi_n': 19, 'rsi_lower': 36, 'rsi_upper': 58, 'en_stochastic': False, 'stochastic_n': 69, 'stochastic_d': 34, 'stochastic_lower': 44, 'stochastic_upper': 94, 'en_mfi': True, 'mfi_n': 53, 'mfi_lower': 27, 'mfi_upper': 65, 'en_bollinger': False, 'bollinger_n': 85, 'bollinger_k': 1.9000000000000001, 'en_adx': True, 'adx_n': 50, 'adx_threshold': 9, 'en_structure_trend': False, 'structure_trend_swing_l': 11, 'en_order_block': False, 'order_block_swing_l': 8, 'en_fvg': True, 'fvg_lookback': 3, 'en_ifvg': False, 'en_breaker': True, 'breaker_swing_l': 2, 'en_cisd': False, 'k': 4, 'en_cap_bars': False, 'cap_1min': 1085}.
[I 2026-07-13 17:23:48,776] Trial 209 finished with values: [163.31667802838638, -597.887321258786, 52.1] and parameters: {'sl_soft': 14.695606985122541, 'sl_hard_delta': 16.86135074536918, 'tp': 30.9300733340449, 'gate_pct': 74.64771504966384, 'dd_limit': 5783.923331052917, 'cooldown': 2, 'flip': True, 'en_ema_trend': False, 'ema_trend_fast': 95, 'ema_trend_slow': 346, 'en_sma_trend': False, 'sma_trend_fast': 337, 'sma_trend_slow': 250, 'en_macd': False, 'macd_fast': 25, 'macd_slow': 151, 'macd_signal': 87, 'en_vwap': False, 'en_keltner': False, 'keltner_n': 80, 'keltner_m': 4.300000000000001, 'en_obv': False, 'obv_slope': 185, 'en_cci': True, 'cci_n': 33, 'cci_threshold': 250, 'en_rsi': True, 'rsi_n': 23, 'rsi_lower': 11, 'rsi_upper': 94, 'en_stochastic': False, 'stochastic_n': 77, 'stochastic_d': 24, 'stochastic_lower': 34, 'stochastic_upper': 90, 'en_mfi': False, 'mfi_n': 13, 'mfi_lower': 23, 'mfi_upper': 51, 'en_bollinger': False, 'bollinger_n': 195, 'bollinger_k': 3.4000000000000004, 'en_adx': False, 'adx_n': 54, 'adx_threshold': 35, 'en_structure_trend': False, 'structure_trend_swing_l': 18, 'en_order_block': True, 'order_block_swing_l': 13, 'en_fvg': False, 'fvg_lookback': 41, 'en_ifvg': True, 'en_breaker': False, 'breaker_swing_l': 9, 'en_cisd': True, 'k': 4, 'en_cap_bars': False, 'cap_1min': 651}.
[I 2026-07-13 17:23:56,410] Trial 210 finished with values: [109.46260313306993, -565.6932336606769, 57.7] and parameters: {'sl_soft': 22.60386053589123, 'sl_hard_delta': 22.93534702460803, 'tp': 25.60014020708973, 'gate_pct': 74.64771504966384, 'dd_limit': 2368.170951926783, 'cooldown': 0, 'flip': True, 'en_ema_trend': True, 'ema_trend_fast': 293, 'ema_trend_slow': 112, 'en_sma_trend': False, 'sma_trend_fast': 109, 'sma_trend_slow': 84, 'en_macd': True, 'macd_fast': 25, 'macd_slow': 98, 'macd_signal': 87, 'en_vwap': False, 'en_keltner': False, 'keltner_n': 185, 'keltner_m': 3.9000000000000004, 'en_obv': False, 'obv_slope': 170, 'en_cci': True, 'cci_n': 88, 'cci_threshold': 250, 'en_rsi': True, 'rsi_n': 58, 'rsi_lower': 8, 'rsi_upper': 86, 'en_stochastic': True, 'stochastic_n': 77, 'stochastic_d': 50, 'stochastic_lower': 12, 'stochastic_upper': 71, 'en_mfi': True, 'mfi_n': 21, 'mfi_lower': 23, 'mfi_upper': 51, 'en_bollinger': False, 'bollinger_n': 104, 'bollinger_k': 1.5, 'en_adx': False, 'adx_n': 59, 'adx_threshold': 35, 'en_structure_trend': True, 'structure_trend_swing_l': 4, 'en_order_block': False, 'order_block_swing_l': 13, 'en_fvg': False, 'fvg_lookback': 41, 'en_ifvg': True, 'en_breaker': True, 'breaker_swing_l': 19, 'en_cisd': False, 'k': 4, 'en_cap_bars': False, 'cap_1min': 929}.
[I 2026-07-13 17:23:56,645] Trial 211 pruned. 
[I 2026-07-13 17:24:08,074] Trial 212 finished with values: [-77.4657475386266, -789.5808598925942, 34.35] and parameters: {'sl_soft': 12.334463733650468, 'sl_hard_delta': 19.735505996681415, 'tp': 33.53844943795319, 'gate_pct': 45.98205069731719, 'dd_limit': 7732.124461539199, 'cooldown': 6, 'flip': True, 'en_ema_trend': False, 'ema_trend_fast': 282, 'ema_trend_slow': 334, 'en_sma_trend': False, 'sma_trend_fast': 268, 'sma_trend_slow': 197, 'en_macd': True, 'macd_fast': 88, 'macd_slow': 94, 'macd_signal': 24, 'en_vwap': True, 'en_keltner': True, 'keltner_n': 46, 'keltner_m': 4.300000000000001, 'en_obv': True, 'obv_slope': 177, 'en_cci': True, 'cci_n': 128, 'cci_threshold': 45, 'en_rsi': False, 'rsi_n': 37, 'rsi_lower': 38, 'rsi_upper': 55, 'en_stochastic': True, 'stochastic_n': 15, 'stochastic_d': 14, 'stochastic_lower': 40, 'stochastic_upper': 72, 'en_mfi': False, 'mfi_n': 45, 'mfi_lower': 20, 'mfi_upper': 73, 'en_bollinger': True, 'bollinger_n': 137, 'bollinger_k': 2.7, 'en_adx': True, 'adx_n': 35, 'adx_threshold': 7, 'en_structure_trend': False, 'structure_trend_swing_l': 19, 'en_order_block': False, 'order_block_swing_l': 12, 'en_fvg': False, 'fvg_lookback': 37, 'en_ifvg': False, 'en_breaker': True, 'breaker_swing_l': 15, 'en_cisd': False, 'k': 4, 'en_cap_bars': True, 'cap_1min': 107}.
[I 2026-07-13 17:24:13,895] Trial 213 finished with values: [-116.18656056081818, -758.5541366355028, 58.55] and parameters: {'sl_soft': 12.023742953585678, 'sl_hard_delta': 36.493080032425134, 'tp': 11.768073292054666, 'gate_pct': 68.64613759880352, 'dd_limit': 2816.719005079483, 'cooldown': 20, 'flip': False, 'en_ema_trend': True, 'ema_trend_fast': 200, 'ema_trend_slow': 187, 'en_sma_trend': False, 'sma_trend_fast': 70, 'sma_trend_slow': 370, 'en_macd': False, 'macd_fast': 50, 'macd_slow': 105, 'macd_signal': 25, 'en_vwap': True, 'en_keltner': False, 'keltner_n': 149, 'keltner_m': 3.4000000000000004, 'en_obv': False, 'obv_slope': 188, 'en_cci': True, 'cci_n': 165, 'cci_threshold': 80, 'en_rsi': False, 'rsi_n': 79, 'rsi_lower': 36, 'rsi_upper': 77, 'en_stochastic': True, 'stochastic_n': 59, 'stochastic_d': 50, 'stochastic_lower': 27, 'stochastic_upper': 53, 'en_mfi': False, 'mfi_n': 84, 'mfi_lower': 48, 'mfi_upper': 59, 'en_bollinger': True, 'bollinger_n': 159, 'bollinger_k': 1.9000000000000001, 'en_adx': False, 'adx_n': 99, 'adx_threshold': 9, 'en_structure_trend': False, 'structure_trend_swing_l': 8, 'en_order_block': True, 'order_block_swing_l': 16, 'en_fvg': True, 'fvg_lookback': 2, 'en_ifvg': False, 'en_breaker': True, 'breaker_swing_l': 18, 'en_cisd': False, 'k': 3, 'en_cap_bars': True, 'cap_1min': 637}.
[I 2026-07-13 17:24:15,012] Trial 214 pruned. 
[I 2026-07-13 17:24:17,112] Trial 215 finished with values: [57.325183335105976, -477.6960378024887, 50.1] and parameters: {'sl_soft': 22.60386053589123, 'sl_hard_delta': 22.93534702460803, 'tp': 30.9300733340449, 'gate_pct': 47.67526199665095, 'dd_limit': 9508.627019250667, 'cooldown': 0, 'flip': False, 'en_ema_trend': True, 'ema_trend_fast': 41, 'ema_trend_slow': 99, 'en_sma_trend': True, 'sma_trend_fast': 370, 'sma_trend_slow': 84, 'en_macd': True, 'macd_fast': 31, 'macd_slow': 18, 'macd_signal': 17, 'en_vwap': True, 'en_keltner': False, 'keltner_n': 185, 'keltner_m': 4.5, 'en_obv': True, 'obv_slope': 160, 'en_cci': False, 'cci_n': 7, 'cci_threshold': 80, 'en_rsi': False, 'rsi_n': 48, 'rsi_lower': 8, 'rsi_upper': 81, 'en_stochastic': False, 'stochastic_n': 63, 'stochastic_d': 29, 'stochastic_lower': 12, 'stochastic_upper': 71, 'en_mfi': True, 'mfi_n': 70, 'mfi_lower': 17, 'mfi_upper': 62, 'en_bollinger': True, 'bollinger_n': 104, 'bollinger_k': 2.1, 'en_adx': False, 'adx_n': 59, 'adx_threshold': 30, 'en_structure_trend': False, 'structure_trend_swing_l': 3, 'en_order_block': False, 'order_block_swing_l': 17, 'en_fvg': False, 'fvg_lookback': 25, 'en_ifvg': True, 'en_breaker': True, 'breaker_swing_l': 15, 'en_cisd': True, 'k': 4, 'en_cap_bars': True, 'cap_1min': 3}.
[I 2026-07-13 17:24:18,776] Trial 216 pruned. 
[I 2026-07-13 17:24:20,459] Trial 217 finished with values: [-245.36502307990304, -2188.0287026283986, 61.900000000000006] and parameters: {'sl_soft': 14.47755522571391, 'sl_hard_delta': 8.180598563061832, 'tp': 13.117000656741062, 'gate_pct': 88.06216959925202, 'dd_limit': 7586.3552764031565, 'cooldown': 19, 'flip': True, 'en_ema_trend': False, 'ema_trend_fast': 14, 'ema_trend_slow': 24, 'en_sma_trend': True, 'sma_trend_fast': 99, 'sma_trend_slow': 121, 'en_macd': False, 'macd_fast': 38, 'macd_slow': 82, 'macd_signal': 95, 'en_vwap': True, 'en_keltner': False, 'keltner_n': 145, 'keltner_m': 2.1, 'en_obv': True, 'obv_slope': 33, 'en_cci': False, 'cci_n': 63, 'cci_threshold': 205, 'en_rsi': True, 'rsi_n': 50, 'rsi_lower': 37, 'rsi_upper': 58, 'en_stochastic': False, 'stochastic_n': 80, 'stochastic_d': 37, 'stochastic_lower': 32, 'stochastic_upper': 72, 'en_mfi': False, 'mfi_n': 75, 'mfi_lower': 21, 'mfi_upper': 51, 'en_bollinger': False, 'bollinger_n': 40, 'bollinger_k': 0.5, 'en_adx': False, 'adx_n': 61, 'adx_threshold': 31, 'en_structure_trend': False, 'structure_trend_swing_l': 3, 'en_order_block': True, 'order_block_swing_l': 17, 'en_fvg': False, 'fvg_lookback': 41, 'en_ifvg': True, 'en_breaker': False, 'breaker_swing_l': 5, 'en_cisd': False, 'k': 1, 'en_cap_bars': False, 'cap_1min': 1153}.
[I 2026-07-13 17:24:21,452] Trial 218 pruned. 
[I 2026-07-13 17:24:25,121] Trial 219 pruned. 
[I 2026-07-13 17:24:32,339] Trial 220 finished with values: [-351.23608898880775, -601.6350480518304, 38.599999999999994] and parameters: {'sl_soft': 13.186315729842667, 'sl_hard_delta': 18.094094592008794, 'tp': 23.976700355745017, 'gate_pct': 45.98205069731719, 'dd_limit': 7732.124461539199, 'cooldown': 9, 'flip': True, 'en_ema_trend': False, 'ema_trend_fast': 104, 'ema_trend_slow': 20, 'en_sma_trend': False, 'sma_trend_fast': 298, 'sma_trend_slow': 169, 'en_macd': True, 'macd_fast': 91, 'macd_slow': 94, 'macd_signal': 81, 'en_vwap': True, 'en_keltner': True, 'keltner_n': 6, 'keltner_m': 4.300000000000001, 'en_obv': True, 'obv_slope': 188, 'en_cci': True, 'cci_n': 32, 'cci_threshold': 90, 'en_rsi': False, 'rsi_n': 37, 'rsi_lower': 27, 'rsi_upper': 54, 'en_stochastic': False, 'stochastic_n': 15, 'stochastic_d': 44, 'stochastic_lower': 16, 'stochastic_upper': 72, 'en_mfi': False, 'mfi_n': 88, 'mfi_lower': 31, 'mfi_upper': 65, 'en_bollinger': True, 'bollinger_n': 137, 'bollinger_k': 1.2000000000000002, 'en_adx': True, 'adx_n': 7, 'adx_threshold': 7, 'en_structure_trend': True, 'structure_trend_swing_l': 19, 'en_order_block': True, 'order_block_swing_l': 8, 'en_fvg': False, 'fvg_lookback': 29, 'en_ifvg': True, 'en_breaker': True, 'breaker_swing_l': 18, 'en_cisd': False, 'k': 1, 'en_cap_bars': True, 'cap_1min': 107}.
[I 2026-07-13 17:24:32,925] Trial 221 finished with values: [262.9819035649416, -381.43560532862466, 58.35] and parameters: {'sl_soft': 13.186315729842667, 'sl_hard_delta': 11.445594980891276, 'tp': 23.976700355745017, 'gate_pct': 45.98205069731719, 'dd_limit': 7732.124461539199, 'cooldown': 9, 'flip': True, 'en_ema_trend': False, 'ema_trend_fast': 104, 'ema_trend_slow': 311, 'en_sma_trend': False, 'sma_trend_fast': 395, 'sma_trend_slow': 197, 'en_macd': True, 'macd_fast': 30, 'macd_slow': 94, 'macd_signal': 66, 'en_vwap': True, 'en_keltner': True, 'keltner_n': 6, 'keltner_m': 4.300000000000001, 'en_obv': True, 'obv_slope': 188, 'en_cci': True, 'cci_n': 32, 'cci_threshold': 120, 'en_rsi': False, 'rsi_n': 37, 'rsi_lower': 27, 'rsi_upper': 54, 'en_stochastic': True, 'stochastic_n': 15, 'stochastic_d': 13, 'stochastic_lower': 16, 'stochastic_upper': 54, 'en_mfi': False, 'mfi_n': 42, 'mfi_lower': 20, 'mfi_upper': 65, 'en_bollinger': True, 'bollinger_n': 137, 'bollinger_k': 1.7000000000000002, 'en_adx': True, 'adx_n': 29, 'adx_threshold': 7, 'en_structure_trend': True, 'structure_trend_swing_l': 19, 'en_order_block': True, 'order_block_swing_l': 12, 'en_fvg': False, 'fvg_lookback': 37, 'en_ifvg': True, 'en_breaker': True, 'breaker_swing_l': 18, 'en_cisd': False, 'k': 1, 'en_cap_bars': True, 'cap_1min': 107}.
[I 2026-07-13 17:24:36,848] Trial 222 finished with values: [-30.771560165376286, -1051.6897015508584, 40.5] and parameters: {'sl_soft': 16.954988162024854, 'sl_hard_delta': 4.304782983548088, 'tp': 32.2135481095783, 'gate_pct': 49.958417067888604, 'dd_limit': 7070.895472661624, 'cooldown': 23, 'flip': True, 'en_ema_trend': True, 'ema_trend_fast': 95, 'ema_trend_slow': 361, 'en_sma_trend': False, 'sma_trend_fast': 62, 'sma_trend_slow': 376, 'en_macd': True, 'macd_fast': 44, 'macd_slow': 105, 'macd_signal': 54, 'en_vwap': True, 'en_keltner': False, 'keltner_n': 74, 'keltner_m': 4.300000000000001, 'en_obv': False, 'obv_slope': 160, 'en_cci': True, 'cci_n': 158, 'cci_threshold': 30, 'en_rsi': True, 'rsi_n': 23, 'rsi_lower': 36, 'rsi_upper': 88, 'en_stochastic': False, 'stochastic_n': 69, 'stochastic_d': 50, 'stochastic_lower': 44, 'stochastic_upper': 90, 'en_mfi': True, 'mfi_n': 90, 'mfi_lower': 15, 'mfi_upper': 59, 'en_bollinger': True, 'bollinger_n': 22, 'bollinger_k': 3.4000000000000004, 'en_adx': False, 'adx_n': 99, 'adx_threshold': 26, 'en_structure_trend': False, 'structure_trend_swing_l': 11, 'en_order_block': False, 'order_block_swing_l': 12, 'en_fvg': False, 'fvg_lookback': 3, 'en_ifvg': True, 'en_breaker': True, 'breaker_swing_l': 20, 'en_cisd': True, 'k': 4, 'en_cap_bars': False, 'cap_1min': 3}.
[I 2026-07-13 17:24:38,965] Trial 223 finished with values: [-772.6194112672783, -1610.8743137911006, 53.1] and parameters: {'sl_soft': 20.421932129471724, 'sl_hard_delta': 18.132241751897425, 'tp': 15.280478680365094, 'gate_pct': 36.655664385123444, 'dd_limit': 4207.99661406946, 'cooldown': 17, 'flip': True, 'en_ema_trend': False, 'ema_trend_fast': 196, 'ema_trend_slow': 125, 'en_sma_trend': False, 'sma_trend_fast': 224, 'sma_trend_slow': 93, 'en_macd': True, 'macd_fast': 69, 'macd_slow': 142, 'macd_signal': 31, 'en_vwap': True, 'en_keltner': True, 'keltner_n': 3, 'keltner_m': 3.3000000000000003, 'en_obv': True, 'obv_slope': 188, 'en_cci': False, 'cci_n': 156, 'cci_threshold': 80, 'en_rsi': False, 'rsi_n': 52, 'rsi_lower': 13, 'rsi_upper': 57, 'en_stochastic': False, 'stochastic_n': 25, 'stochastic_d': 30, 'stochastic_lower': 18, 'stochastic_upper': 77, 'en_mfi': False, 'mfi_n': 21, 'mfi_lower': 8, 'mfi_upper': 59, 'en_bollinger': True, 'bollinger_n': 96, 'bollinger_k': 0.5, 'en_adx': False, 'adx_n': 60, 'adx_threshold': 6, 'en_structure_trend': False, 'structure_trend_swing_l': 15, 'en_order_block': False, 'order_block_swing_l': 16, 'en_fvg': False, 'fvg_lookback': 8, 'en_ifvg': True, 'en_breaker': True, 'breaker_swing_l': 14, 'en_cisd': False, 'k': 1, 'en_cap_bars': True, 'cap_1min': 652}.
[I 2026-07-13 17:24:42,388] Trial 224 finished with values: [808.4787031773158, -1349.8163308243238, 59.0] and parameters: {'sl_soft': 13.186315729842667, 'sl_hard_delta': 25.74871806407174, 'tp': 23.976700355745017, 'gate_pct': 92.80779954528938, 'dd_limit': 7732.124461539199, 'cooldown': 9, 'flip': True, 'en_ema_trend': True, 'ema_trend_fast': 104, 'ema_trend_slow': 102, 'en_sma_trend': False, 'sma_trend_fast': 370, 'sma_trend_slow': 197, 'en_macd': True, 'macd_fast': 30, 'macd_slow': 18, 'macd_signal': 65, 'en_vwap': False, 'en_keltner': False, 'keltner_n': 178, 'keltner_m': 3.1, 'en_obv': False, 'obv_slope': 143, 'en_cci': True, 'cci_n': 7, 'cci_threshold': 120, 'en_rsi': True, 'rsi_n': 72, 'rsi_lower': 15, 'rsi_upper': 54, 'en_stochastic': False, 'stochastic_n': 15, 'stochastic_d': 29, 'stochastic_lower': 45, 'stochastic_upper': 87, 'en_mfi': False, 'mfi_n': 42, 'mfi_lower': 25, 'mfi_upper': 76, 'en_bollinger': True, 'bollinger_n': 62, 'bollinger_k': 1.4, 'en_adx': False, 'adx_n': 2, 'adx_threshold': 7, 'en_structure_trend': True, 'structure_trend_swing_l': 14, 'en_order_block': False, 'order_block_swing_l': 10, 'en_fvg': False, 'fvg_lookback': 25, 'en_ifvg': True, 'en_breaker': True, 'breaker_swing_l': 1, 'en_cisd': False, 'k': 4, 'en_cap_bars': True, 'cap_1min': 126}.
[I 2026-07-13 17:24:49,370] Trial 225 finished with values: [146.5521948845162, -1219.663762816017, 58.85] and parameters: {'sl_soft': 18.588984879784075, 'sl_hard_delta': 29.29431698174527, 'tp': 21.983516432774614, 'gate_pct': 52.70817803787374, 'dd_limit': 5062.683277506204, 'cooldown': 24, 'flip': True, 'en_ema_trend': True, 'ema_trend_fast': 230, 'ema_trend_slow': 20, 'en_sma_trend': True, 'sma_trend_fast': 298, 'sma_trend_slow': 302, 'en_macd': True, 'macd_fast': 66, 'macd_slow': 171, 'macd_signal': 75, 'en_vwap': True, 'en_keltner': True, 'keltner_n': 80, 'keltner_m': 0.8, 'en_obv': False, 'obv_slope': 24, 'en_cci': False, 'cci_n': 176, 'cci_threshold': 90, 'en_rsi': False, 'rsi_n': 55, 'rsi_lower': 42, 'rsi_upper': 64, 'en_stochastic': True, 'stochastic_n': 63, 'stochastic_d': 44, 'stochastic_lower': 22, 'stochastic_upper': 98, 'en_mfi': True, 'mfi_n': 88, 'mfi_lower': 31, 'mfi_upper': 94, 'en_bollinger': False, 'bollinger_n': 127, 'bollinger_k': 1.2000000000000002, 'en_adx': False, 'adx_n': 64, 'adx_threshold': 35, 'en_structure_trend': True, 'structure_trend_swing_l': 15, 'en_order_block': True, 'order_block_swing_l': 8, 'en_fvg': False, 'fvg_lookback': 28, 'en_ifvg': True, 'en_breaker': False, 'breaker_swing_l': 3, 'en_cisd': True, 'k': 2, 'en_cap_bars': False, 'cap_1min': 1379}.
[I 2026-07-13 17:24:52,216] Trial 226 pruned. 
[I 2026-07-13 17:24:53,095] Trial 227 pruned. 
