[I 2026-07-13 17:44:51,125] Trial 841 finished with values: [292.1187847161673, -591.8909804028954, 49.8] and parameters: {'sl_soft': 10.245954328680858, 'sl_hard_delta': 18.132241751897425, 'tp': 23.976700355745017, 'gate_pct': 42.37120833684469, 'dd_limit': 3719.9389583336606, 'cooldown': 22, 'flip': False, 'en_ema_trend': False, 'ema_trend_fast': 41, 'ema_trend_slow': 346, 'en_sma_trend': True, 'sma_trend_fast': 395, 'sma_trend_slow': 57, 'en_macd': True, 'macd_fast': 69, 'macd_slow': 63, 'macd_signal': 41, 'en_vwap': True, 'en_keltner': True, 'keltner_n': 3, 'keltner_m': 4.0, 'en_obv': True, 'obv_slope': 188, 'en_cci': False, 'cci_n': 117, 'cci_threshold': 300, 'en_rsi': True, 'rsi_n': 37, 'rsi_lower': 20, 'rsi_upper': 75, 'en_stochastic': False, 'stochastic_n': 15, 'stochastic_d': 9, 'stochastic_lower': 40, 'stochastic_upper': 60, 'en_mfi': False, 'mfi_n': 90, 'mfi_lower': 7, 'mfi_upper': 65, 'en_bollinger': False, 'bollinger_n': 96, 'bollinger_k': 4.6000000000000005, 'en_adx': True, 'adx_n': 62, 'adx_threshold': 7, 'en_structure_trend': False, 'structure_trend_swing_l': 8, 'en_order_block': True, 'order_block_swing_l': 18, 'en_fvg': True, 'fvg_lookback': 42, 'en_ifvg': True, 'en_breaker': True, 'breaker_swing_l': 18, 'en_cisd': False, 'k': 5, 'en_cap_bars': True, 'cap_1min': 107}.
[I 2026-07-13 17:44:51,638] Trial 842 finished with values: [79.95438141413615, -687.4420515391103, 41.8] and parameters: {'sl_soft': 10.245954328680858, 'sl_hard_delta': 18.132241751897425, 'tp': 27.72259577195913, 'gate_pct': 42.37120833684469, 'dd_limit': 3719.9389583336606, 'cooldown': 22, 'flip': False, 'en_ema_trend': False, 'ema_trend_fast': 41, 'ema_trend_slow': 346, 'en_sma_trend': True, 'sma_trend_fast': 7, 'sma_trend_slow': 57, 'en_macd': True, 'macd_fast': 69, 'macd_slow': 63, 'macd_signal': 41, 'en_vwap': True, 'en_keltner': True, 'keltner_n': 3, 'keltner_m': 4.0, 'en_obv': True, 'obv_slope': 160, 'en_cci': False, 'cci_n': 117, 'cci_threshold': 300, 'en_rsi': False, 'rsi_n': 52, 'rsi_lower': 20, 'rsi_upper': 75, 'en_stochastic': False, 'stochastic_n': 66, 'stochastic_d': 9, 'stochastic_lower': 40, 'stochastic_upper': 60, 'en_mfi': False, 'mfi_n': 90, 'mfi_lower': 44, 'mfi_upper': 65, 'en_bollinger': False, 'bollinger_n': 96, 'bollinger_k': 4.6000000000000005, 'en_adx': True, 'adx_n': 56, 'adx_threshold': 7, 'en_structure_trend': False, 'structure_trend_swing_l': 14, 'en_order_block': False, 'order_block_swing_l': 18, 'en_fvg': False, 'fvg_lookback': 6, 'en_ifvg': True, 'en_breaker': True, 'breaker_swing_l': 20, 'en_cisd': True, 'k': 5, 'en_cap_bars': True, 'cap_1min': 1381}.
[I 2026-07-13 17:44:52,045] Trial 843 finished with values: [325.0, -220.0, 58.75] and parameters: {'sl_soft': 10.245954328680858, 'sl_hard_delta': 18.132241751897425, 'tp': 27.72259577195913, 'gate_pct': 42.37120833684469, 'dd_limit': 3719.9389583336606, 'cooldown': 22, 'flip': False, 'en_ema_trend': False, 'ema_trend_fast': 41, 'ema_trend_slow': 346, 'en_sma_trend': True, 'sma_trend_fast': 7, 'sma_trend_slow': 57, 'en_macd': True, 'macd_fast': 69, 'macd_slow': 63, 'macd_signal': 41, 'en_vwap': True, 'en_keltner': True, 'keltner_n': 3, 'keltner_m': 4.0, 'en_obv': True, 'obv_slope': 160, 'en_cci': False, 'cci_n': 117, 'cci_threshold': 300, 'en_rsi': True, 'rsi_n': 52, 'rsi_lower': 20, 'rsi_upper': 75, 'en_stochastic': False, 'stochastic_n': 66, 'stochastic_d': 9, 'stochastic_lower': 40, 'stochastic_upper': 60, 'en_mfi': False, 'mfi_n': 90, 'mfi_lower': 20, 'mfi_upper': 65, 'en_bollinger': False, 'bollinger_n': 96, 'bollinger_k': 4.6000000000000005, 'en_adx': False, 'adx_n': 60, 'adx_threshold': 7, 'en_structure_trend': False, 'structure_trend_swing_l': 14, 'en_order_block': True, 'order_block_swing_l': 2, 'en_fvg': False, 'fvg_lookback': 42, 'en_ifvg': True, 'en_breaker': True, 'breaker_swing_l': 20, 'en_cisd': True, 'k': 1, 'en_cap_bars': True, 'cap_1min': 3}.
[I 2026-07-13 17:44:52,458] Trial 844 finished with values: [176.11297885978274, -390.0, 57.650000000000006] and parameters: {'sl_soft': 10.245954328680858, 'sl_hard_delta': 18.132241751897425, 'tp': 27.72259577195913, 'gate_pct': 42.37120833684469, 'dd_limit': 9508.627019250667, 'cooldown': 22, 'flip': False, 'en_ema_trend': False, 'ema_trend_fast': 41, 'ema_trend_slow': 346, 'en_sma_trend': True, 'sma_trend_fast': 7, 'sma_trend_slow': 57, 'en_macd': True, 'macd_fast': 69, 'macd_slow': 63, 'macd_signal': 41, 'en_vwap': True, 'en_keltner': True, 'keltner_n': 3, 'keltner_m': 4.0, 'en_obv': True, 'obv_slope': 188, 'en_cci': False, 'cci_n': 117, 'cci_threshold': 300, 'en_rsi': True, 'rsi_n': 52, 'rsi_lower': 20, 'rsi_upper': 75, 'en_stochastic': False, 'stochastic_n': 66, 'stochastic_d': 9, 'stochastic_lower': 40, 'stochastic_upper': 56, 'en_mfi': False, 'mfi_n': 90, 'mfi_lower': 20, 'mfi_upper': 65, 'en_bollinger': False, 'bollinger_n': 96, 'bollinger_k': 4.6000000000000005, 'en_adx': False, 'adx_n': 56, 'adx_threshold': 7, 'en_structure_trend': False, 'structure_trend_swing_l': 14, 'en_order_block': True, 'order_block_swing_l': 18, 'en_fvg': True, 'fvg_lookback': 42, 'en_ifvg': True, 'en_breaker': True, 'breaker_swing_l': 20, 'en_cisd': True, 'k': 5, 'en_cap_bars': True, 'cap_1min': 3}.
[I 2026-07-13 17:44:52,912] Trial 845 finished with values: [218.32809006993557, -587.5818887945206, 51.150000000000006] and parameters: {'sl_soft': 11.76247993969249, 'sl_hard_delta': 18.132241751897425, 'tp': 27.72259577195913, 'gate_pct': 45.98205069731719, 'dd_limit': 7732.124461539199, 'cooldown': 9, 'flip': False, 'en_ema_trend': False, 'ema_trend_fast': 41, 'ema_trend_slow': 346, 'en_sma_trend': True, 'sma_trend_fast': 395, 'sma_trend_slow': 57, 'en_macd': True, 'macd_fast': 69, 'macd_slow': 63, 'macd_signal': 41, 'en_vwap': True, 'en_keltner': True, 'keltner_n': 3, 'keltner_m': 4.0, 'en_obv': True, 'obv_slope': 188, 'en_cci': False, 'cci_n': 117, 'cci_threshold': 300, 'en_rsi': True, 'rsi_n': 52, 'rsi_lower': 27, 'rsi_upper': 54, 'en_stochastic': False, 'stochastic_n': 15, 'stochastic_d': 9, 'stochastic_lower': 16, 'stochastic_upper': 60, 'en_mfi': False, 'mfi_n': 90, 'mfi_lower': 20, 'mfi_upper': 65, 'en_bollinger': False, 'bollinger_n': 96, 'bollinger_k': 4.6000000000000005, 'en_adx': True, 'adx_n': 60, 'adx_threshold': 7, 'en_structure_trend': False, 'structure_trend_swing_l': 14, 'en_order_block': True, 'order_block_swing_l': 18, 'en_fvg': False, 'fvg_lookback': 42, 'en_ifvg': True, 'en_breaker': True, 'breaker_swing_l': 18, 'en_cisd': True, 'k': 5, 'en_cap_bars': True, 'cap_1min': 107}.
[I 2026-07-13 17:44:53,330] Trial 846 finished with values: [260.3349773166701, -406.89098040289537, 57.349999999999994] and parameters: {'sl_soft': 10.245954328680858, 'sl_hard_delta': 18.132241751897425, 'tp': 27.72259577195913, 'gate_pct': 42.37120833684469, 'dd_limit': 9508.627019250667, 'cooldown': 22, 'flip': False, 'en_ema_trend': False, 'ema_trend_fast': 41, 'ema_trend_slow': 346, 'en_sma_trend': True, 'sma_trend_fast': 7, 'sma_trend_slow': 57, 'en_macd': True, 'macd_fast': 69, 'macd_slow': 63, 'macd_signal': 41, 'en_vwap': True, 'en_keltner': True, 'keltner_n': 3, 'keltner_m': 4.0, 'en_obv': True, 'obv_slope': 160, 'en_cci': False, 'cci_n': 117, 'cci_threshold': 300, 'en_rsi': True, 'rsi_n': 52, 'rsi_lower': 20, 'rsi_upper': 75, 'en_stochastic': False, 'stochastic_n': 36, 'stochastic_d': 9, 'stochastic_lower': 40, 'stochastic_upper': 60, 'en_mfi': False, 'mfi_n': 90, 'mfi_lower': 7, 'mfi_upper': 76, 'en_bollinger': False, 'bollinger_n': 187, 'bollinger_k': 4.6000000000000005, 'en_adx': True, 'adx_n': 56, 'adx_threshold': 7, 'en_structure_trend': False, 'structure_trend_swing_l': 14, 'en_order_block': True, 'order_block_swing_l': 18, 'en_fvg': False, 'fvg_lookback': 42, 'en_ifvg': True, 'en_breaker': True, 'breaker_swing_l': 20, 'en_cisd': True, 'k': 5, 'en_cap_bars': True, 'cap_1min': 3}.
[I 2026-07-13 17:44:54,754] Trial 847 finished with values: [691.823299167936, -575.168981946008, 54.15] and parameters: {'sl_soft': 10.245954328680858, 'sl_hard_delta': 18.132241751897425, 'tp': 27.72259577195913, 'gate_pct': 42.37120833684469, 'dd_limit': 9508.627019250667, 'cooldown': 22, 'flip': False, 'en_ema_trend': False, 'ema_trend_fast': 41, 'ema_trend_slow': 346, 'en_sma_trend': True, 'sma_trend_fast': 7, 'sma_trend_slow': 57, 'en_macd': True, 'macd_fast': 69, 'macd_slow': 63, 'macd_signal': 41, 'en_vwap': True, 'en_keltner': True, 'keltner_n': 3, 'keltner_m': 3.4000000000000004, 'en_obv': True, 'obv_slope': 160, 'en_cci': False, 'cci_n': 117, 'cci_threshold': 300, 'en_rsi': True, 'rsi_n': 52, 'rsi_lower': 47, 'rsi_upper': 75, 'en_stochastic': False, 'stochastic_n': 66, 'stochastic_d': 9, 'stochastic_lower': 40, 'stochastic_upper': 60, 'en_mfi': False, 'mfi_n': 90, 'mfi_lower': 7, 'mfi_upper': 65, 'en_bollinger': True, 'bollinger_n': 96, 'bollinger_k': 4.6000000000000005, 'en_adx': True, 'adx_n': 56, 'adx_threshold': 7, 'en_structure_trend': False, 'structure_trend_swing_l': 14, 'en_order_block': True, 'order_block_swing_l': 18, 'en_fvg': False, 'fvg_lookback': 42, 'en_ifvg': True, 'en_breaker': True, 'breaker_swing_l': 20, 'en_cisd': True, 'k': 5, 'en_cap_bars': True, 'cap_1min': 656}.
[I 2026-07-13 17:44:55,266] Trial 848 finished with values: [260.3349773166701, -406.89098040289537, 57.349999999999994] and parameters: {'sl_soft': 10.245954328680858, 'sl_hard_delta': 18.132241751897425, 'tp': 27.72259577195913, 'gate_pct': 42.37120833684469, 'dd_limit': 3719.9389583336606, 'cooldown': 22, 'flip': False, 'en_ema_trend': False, 'ema_trend_fast': 41, 'ema_trend_slow': 346, 'en_sma_trend': True, 'sma_trend_fast': 7, 'sma_trend_slow': 57, 'en_macd': True, 'macd_fast': 69, 'macd_slow': 63, 'macd_signal': 41, 'en_vwap': True, 'en_keltner': True, 'keltner_n': 3, 'keltner_m': 4.0, 'en_obv': True, 'obv_slope': 160, 'en_cci': False, 'cci_n': 117, 'cci_threshold': 300, 'en_rsi': True, 'rsi_n': 52, 'rsi_lower': 20, 'rsi_upper': 75, 'en_stochastic': False, 'stochastic_n': 66, 'stochastic_d': 9, 'stochastic_lower': 40, 'stochastic_upper': 60, 'en_mfi': False, 'mfi_n': 90, 'mfi_lower': 13, 'mfi_upper': 65, 'en_bollinger': False, 'bollinger_n': 107, 'bollinger_k': 0.8, 'en_adx': True, 'adx_n': 56, 'adx_threshold': 7, 'en_structure_trend': False, 'structure_trend_swing_l': 14, 'en_order_block': True, 'order_block_swing_l': 18, 'en_fvg': False, 'fvg_lookback': 18, 'en_ifvg': True, 'en_breaker': True, 'breaker_swing_l': 20, 'en_cisd': True, 'k': 5, 'en_cap_bars': True, 'cap_1min': 3}.
[I 2026-07-13 17:44:55,709] Trial 849 finished with values: [73.38147945434685, -718.1855748173984, 46.9] and parameters: {'sl_soft': 13.186315729842667, 'sl_hard_delta': 18.132241751897425, 'tp': 27.72259577195913, 'gate_pct': 42.37120833684469, 'dd_limit': 7732.124461539199, 'cooldown': 9, 'flip': False, 'en_ema_trend': False, 'ema_trend_fast': 41, 'ema_trend_slow': 346, 'en_sma_trend': False, 'sma_trend_fast': 7, 'sma_trend_slow': 57, 'en_macd': True, 'macd_fast': 30, 'macd_slow': 63, 'macd_signal': 41, 'en_vwap': True, 'en_keltner': True, 'keltner_n': 3, 'keltner_m': 4.300000000000001, 'en_obv': True, 'obv_slope': 160, 'en_cci': False, 'cci_n': 117, 'cci_threshold': 120, 'en_rsi': True, 'rsi_n': 52, 'rsi_lower': 27, 'rsi_upper': 54, 'en_stochastic': False, 'stochastic_n': 15, 'stochastic_d': 26, 'stochastic_lower': 16, 'stochastic_upper': 60, 'en_mfi': False, 'mfi_n': 90, 'mfi_lower': 20, 'mfi_upper': 65, 'en_bollinger': False, 'bollinger_n': 96, 'bollinger_k': 4.6000000000000005, 'en_adx': True, 'adx_n': 56, 'adx_threshold': 7, 'en_structure_trend': False, 'structure_trend_swing_l': 19, 'en_order_block': True, 'order_block_swing_l': 18, 'en_fvg': False, 'fvg_lookback': 42, 'en_ifvg': True, 'en_breaker': True, 'breaker_swing_l': 20, 'en_cisd': True, 'k': 5, 'en_cap_bars': True, 'cap_1min': 336}.
[I 2026-07-13 17:44:56,341] Trial 850 finished with values: [383.986828563593, -780.168981946008, 45.75] and parameters: {'sl_soft': 10.245954328680858, 'sl_hard_delta': 18.132241751897425, 'tp': 27.72259577195913, 'gate_pct': 42.37120833684469, 'dd_limit': 3719.9389583336606, 'cooldown': 22, 'flip': False, 'en_ema_trend': False, 'ema_trend_fast': 41, 'ema_trend_slow': 346, 'en_sma_trend': True, 'sma_trend_fast': 7, 'sma_trend_slow': 57, 'en_macd': True, 'macd_fast': 27, 'macd_slow': 63, 'macd_signal': 41, 'en_vwap': True, 'en_keltner': True, 'keltner_n': 3, 'keltner_m': 3.4000000000000004, 'en_obv': True, 'obv_slope': 160, 'en_cci': False, 'cci_n': 117, 'cci_threshold': 300, 'en_rsi': True, 'rsi_n': 52, 'rsi_lower': 20, 'rsi_upper': 75, 'en_stochastic': False, 'stochastic_n': 66, 'stochastic_d': 9, 'stochastic_lower': 40, 'stochastic_upper': 60, 'en_mfi': False, 'mfi_n': 90, 'mfi_lower': 48, 'mfi_upper': 65, 'en_bollinger': False, 'bollinger_n': 96, 'bollinger_k': 4.6000000000000005, 'en_adx': True, 'adx_n': 56, 'adx_threshold': 7, 'en_structure_trend': False, 'structure_trend_swing_l': 10, 'en_order_block': True, 'order_block_swing_l': 18, 'en_fvg': False, 'fvg_lookback': 42, 'en_ifvg': True, 'en_breaker': True, 'breaker_swing_l': 20, 'en_cisd': True, 'k': 5, 'en_cap_bars': True, 'cap_1min': 656}.
[I 2026-07-13 17:44:58,092] Trial 851 finished with values: [364.5618037121676, -535.1278568899579, 54.8] and parameters: {'sl_soft': 13.186315729842667, 'sl_hard_delta': 18.132241751897425, 'tp': 23.976700355745017, 'gate_pct': 45.98205069731719, 'dd_limit': 7732.124461539199, 'cooldown': 9, 'flip': False, 'en_ema_trend': False, 'ema_trend_fast': 41, 'ema_trend_slow': 346, 'en_sma_trend': True, 'sma_trend_fast': 395, 'sma_trend_slow': 57, 'en_macd': True, 'macd_fast': 69, 'macd_slow': 63, 'macd_signal': 41, 'en_vwap': True, 'en_keltner': True, 'keltner_n': 6, 'keltner_m': 2.6, 'en_obv': True, 'obv_slope': 188, 'en_cci': False, 'cci_n': 117, 'cci_threshold': 80, 'en_rsi': True, 'rsi_n': 37, 'rsi_lower': 27, 'rsi_upper': 54, 'en_stochastic': False, 'stochastic_n': 15, 'stochastic_d': 9, 'stochastic_lower': 16, 'stochastic_upper': 60, 'en_mfi': False, 'mfi_n': 42, 'mfi_lower': 20, 'mfi_upper': 65, 'en_bollinger': False, 'bollinger_n': 96, 'bollinger_k': 4.6000000000000005, 'en_adx': True, 'adx_n': 29, 'adx_threshold': 7, 'en_structure_trend': False, 'structure_trend_swing_l': 16, 'en_order_block': True, 'order_block_swing_l': 18, 'en_fvg': False, 'fvg_lookback': 42, 'en_ifvg': True, 'en_breaker': True, 'breaker_swing_l': 18, 'en_cisd': True, 'k': 5, 'en_cap_bars': True, 'cap_1min': 107}.
[I 2026-07-13 17:44:58,506] Trial 852 finished with values: [210.1218700724712, -684.1640499959976, 46.8] and parameters: {'sl_soft': 10.245954328680858, 'sl_hard_delta': 18.132241751897425, 'tp': 27.72259577195913, 'gate_pct': 42.37120833684469, 'dd_limit': 3719.9389583336606, 'cooldown': 22, 'flip': False, 'en_ema_trend': False, 'ema_trend_fast': 41, 'ema_trend_slow': 346, 'en_sma_trend': True, 'sma_trend_fast': 7, 'sma_trend_slow': 57, 'en_macd': True, 'macd_fast': 69, 'macd_slow': 63, 'macd_signal': 41, 'en_vwap': True, 'en_keltner': True, 'keltner_n': 3, 'keltner_m': 3.4000000000000004, 'en_obv': False, 'obv_slope': 160, 'en_cci': False, 'cci_n': 117, 'cci_threshold': 300, 'en_rsi': True, 'rsi_n': 52, 'rsi_lower': 20, 'rsi_upper': 75, 'en_stochastic': False, 'stochastic_n': 66, 'stochastic_d': 9, 'stochastic_lower': 40, 'stochastic_upper': 60, 'en_mfi': False, 'mfi_n': 90, 'mfi_lower': 7, 'mfi_upper': 65, 'en_bollinger': False, 'bollinger_n': 96, 'bollinger_k': 4.6000000000000005, 'en_adx': True, 'adx_n': 56, 'adx_threshold': 7, 'en_structure_trend': False, 'structure_trend_swing_l': 10, 'en_order_block': True, 'order_block_swing_l': 18, 'en_fvg': False, 'fvg_lookback': 42, 'en_ifvg': True, 'en_breaker': True, 'breaker_swing_l': 20, 'en_cisd': True, 'k': 5, 'en_cap_bars': True, 'cap_1min': 656}.
[I 2026-07-13 17:44:58,816] Trial 853 finished with values: [585.8778089664884, -680.168981946008, 50.65] and parameters: {'sl_soft': 10.245954328680858, 'sl_hard_delta': 18.132241751897425, 'tp': 27.72259577195913, 'gate_pct': 42.37120833684469, 'dd_limit': 9508.627019250667, 'cooldown': 22, 'flip': False, 'en_ema_trend': False, 'ema_trend_fast': 41, 'ema_trend_slow': 346, 'en_sma_trend': True, 'sma_trend_fast': 7, 'sma_trend_slow': 57, 'en_macd': True, 'macd_fast': 69, 'macd_slow': 63, 'macd_signal': 41, 'en_vwap': True, 'en_keltner': True, 'keltner_n': 3, 'keltner_m': 4.0, 'en_obv': True, 'obv_slope': 160, 'en_cci': False, 'cci_n': 117, 'cci_threshold': 300, 'en_rsi': True, 'rsi_n': 52, 'rsi_lower': 20, 'rsi_upper': 75, 'en_stochastic': False, 'stochastic_n': 66, 'stochastic_d': 26, 'stochastic_lower': 40, 'stochastic_upper': 60, 'en_mfi': False, 'mfi_n': 90, 'mfi_lower': 7, 'mfi_upper': 65, 'en_bollinger': False, 'bollinger_n': 96, 'bollinger_k': 4.6000000000000005, 'en_adx': True, 'adx_n': 56, 'adx_threshold': 7, 'en_structure_trend': False, 'structure_trend_swing_l': 8, 'en_order_block': True, 'order_block_swing_l': 18, 'en_fvg': False, 'fvg_lookback': 42, 'en_ifvg': True, 'en_breaker': True, 'breaker_swing_l': 20, 'en_cisd': True, 'k': 5, 'en_cap_bars': True, 'cap_1min': 656}.
[I 2026-07-13 17:45:00,431] Trial 854 finished with values: [453.7804675181178, -431.89098040289537, 58.95] and parameters: {'sl_soft': 10.245954328680858, 'sl_hard_delta': 18.132241751897425, 'tp': 27.72259577195913, 'gate_pct': 42.37120833684469, 'dd_limit': 3490.253011738878, 'cooldown': 22, 'flip': False, 'en_ema_trend': False, 'ema_trend_fast': 293, 'ema_trend_slow': 346, 'en_sma_trend': True, 'sma_trend_fast': 7, 'sma_trend_slow': 57, 'en_macd': True, 'macd_fast': 69, 'macd_slow': 63, 'macd_signal': 41, 'en_vwap': True, 'en_keltner': True, 'keltner_n': 3, 'keltner_m': 4.0, 'en_obv': True, 'obv_slope': 160, 'en_cci': False, 'cci_n': 117, 'cci_threshold': 300, 'en_rsi': True, 'rsi_n': 48, 'rsi_lower': 20, 'rsi_upper': 75, 'en_stochastic': False, 'stochastic_n': 63, 'stochastic_d': 9, 'stochastic_lower': 40, 'stochastic_upper': 60, 'en_mfi': False, 'mfi_n': 90, 'mfi_lower': 7, 'mfi_upper': 65, 'en_bollinger': False, 'bollinger_n': 96, 'bollinger_k': 4.6000000000000005, 'en_adx': False, 'adx_n': 56, 'adx_threshold': 7, 'en_structure_trend': False, 'structure_trend_swing_l': 4, 'en_order_block': True, 'order_block_swing_l': 18, 'en_fvg': False, 'fvg_lookback': 37, 'en_ifvg': True, 'en_breaker': True, 'breaker_swing_l': 18, 'en_cisd': True, 'k': 1, 'en_cap_bars': True, 'cap_1min': 3}.
[I 2026-07-13 17:45:00,645] Trial 855 pruned. 
[I 2026-07-13 17:45:01,071] Trial 856 finished with values: [281.80648942989137, -406.89098040289537, 58.099999999999994] and parameters: {'sl_soft': 10.245954328680858, 'sl_hard_delta': 18.132241751897425, 'tp': 27.72259577195913, 'gate_pct': 42.37120833684469, 'dd_limit': 1358.7834687543839, 'cooldown': 22, 'flip': False, 'en_ema_trend': False, 'ema_trend_fast': 41, 'ema_trend_slow': 346, 'en_sma_trend': True, 'sma_trend_fast': 7, 'sma_trend_slow': 112, 'en_macd': True, 'macd_fast': 69, 'macd_slow': 63, 'macd_signal': 41, 'en_vwap': True, 'en_keltner': True, 'keltner_n': 3, 'keltner_m': 4.0, 'en_obv': True, 'obv_slope': 160, 'en_cci': False, 'cci_n': 117, 'cci_threshold': 300, 'en_rsi': True, 'rsi_n': 37, 'rsi_lower': 20, 'rsi_upper': 75, 'en_stochastic': False, 'stochastic_n': 66, 'stochastic_d': 9, 'stochastic_lower': 40, 'stochastic_upper': 60, 'en_mfi': False, 'mfi_n': 90, 'mfi_lower': 7, 'mfi_upper': 65, 'en_bollinger': False, 'bollinger_n': 96, 'bollinger_k': 4.6000000000000005, 'en_adx': True, 'adx_n': 56, 'adx_threshold': 7, 'en_structure_trend': False, 'structure_trend_swing_l': 14, 'en_order_block': True, 'order_block_swing_l': 18, 'en_fvg': False, 'fvg_lookback': 42, 'en_ifvg': True, 'en_breaker': True, 'breaker_swing_l': 20, 'en_cisd': True, 'k': 5, 'en_cap_bars': True, 'cap_1min': 3}.
[I 2026-07-13 17:45:01,407] Trial 857 finished with values: [260.3349773166701, -406.89098040289537, 57.349999999999994] and parameters: {'sl_soft': 10.245954328680858, 'sl_hard_delta': 18.132241751897425, 'tp': 27.72259577195913, 'gate_pct': 42.37120833684469, 'dd_limit': 3719.9389583336606, 'cooldown': 9, 'flip': False, 'en_ema_trend': False, 'ema_trend_fast': 41, 'ema_trend_slow': 346, 'en_sma_trend': True, 'sma_trend_fast': 7, 'sma_trend_slow': 57, 'en_macd': True, 'macd_fast': 69, 'macd_slow': 63, 'macd_signal': 41, 'en_vwap': True, 'en_keltner': True, 'keltner_n': 3, 'keltner_m': 4.0, 'en_obv': True, 'obv_slope': 160, 'en_cci': False, 'cci_n': 117, 'cci_threshold': 300, 'en_rsi': True, 'rsi_n': 52, 'rsi_lower': 20, 'rsi_upper': 75, 'en_stochastic': False, 'stochastic_n': 66, 'stochastic_d': 9, 'stochastic_lower': 40, 'stochastic_upper': 60, 'en_mfi': False, 'mfi_n': 90, 'mfi_lower': 7, 'mfi_upper': 65, 'en_bollinger': False, 'bollinger_n': 96, 'bollinger_k': 4.6000000000000005, 'en_adx': True, 'adx_n': 56, 'adx_threshold': 7, 'en_structure_trend': False, 'structure_trend_swing_l': 8, 'en_order_block': True, 'order_block_swing_l': 18, 'en_fvg': False, 'fvg_lookback': 42, 'en_ifvg': True, 'en_breaker': True, 'breaker_swing_l': 20, 'en_cisd': True, 'k': 5, 'en_cap_bars': True, 'cap_1min': 3}.
