[I 2026-07-13 17:37:56,702] Trial 1167 finished with values: [978.9724572773048, -1554.6574094036623, 39.3] and parameters: {'sl_soft': 39.62905967140161, 'sl_hard_delta': 29.30242220933063, 'tp': 139.29792856913647, 'gate_pct': 81.43219065749138, 'dd_limit': 9508.627019250667, 'cooldown': 0, 'flip': True, 'en_ema_trend': False, 'ema_trend_fast': 177, 'ema_trend_slow': 346, 'en_sma_trend': False, 'sma_trend_fast': 221, 'sma_trend_slow': 376, 'en_macd': True, 'macd_fast': 49, 'macd_slow': 63, 'macd_signal': 41, 'en_vwap': False, 'en_keltner': True, 'keltner_n': 17, 'keltner_m': 4.0, 'en_obv': True, 'obv_slope': 160, 'en_cci': True, 'cci_n': 33, 'cci_threshold': 30, 'en_rsi': False, 'rsi_n': 39, 'rsi_lower': 20, 'rsi_upper': 71, 'en_stochastic': True, 'stochastic_n': 88, 'stochastic_d': 14, 'stochastic_lower': 9, 'stochastic_upper': 68, 'en_mfi': False, 'mfi_n': 11, 'mfi_lower': 1, 'mfi_upper': 65, 'en_bollinger': False, 'bollinger_n': 182, 'bollinger_k': 4.300000000000001, 'en_adx': False, 'adx_n': 52, 'adx_threshold': 21, 'en_structure_trend': False, 'structure_trend_swing_l': 19, 'en_order_block': False, 'order_block_swing_l': 19, 'en_fvg': False, 'fvg_lookback': 42, 'en_ifvg': True, 'en_breaker': True, 'breaker_swing_l': 15, 'en_cisd': False, 'k': 4, 'en_cap_bars': False, 'cap_1min': 3}.
[I 2026-07-13 17:38:03,328] Trial 1168 finished with values: [-872.8950451219862, -3065.2466346578876, 23.35] and parameters: {'sl_soft': 40.78619439976249, 'sl_hard_delta': 29.30242220933063, 'tp': 196.03928967751625, 'gate_pct': 61.29515207255519, 'dd_limit': 551.6601649489387, 'cooldown': 1, 'flip': True, 'en_ema_trend': True, 'ema_trend_fast': 104, 'ema_trend_slow': 346, 'en_sma_trend': False, 'sma_trend_fast': 292, 'sma_trend_slow': 250, 'en_macd': True, 'macd_fast': 62, 'macd_slow': 160, 'macd_signal': 61, 'en_vwap': False, 'en_keltner': False, 'keltner_n': 5, 'keltner_m': 4.0, 'en_obv': True, 'obv_slope': 160, 'en_cci': False, 'cci_n': 33, 'cci_threshold': 30, 'en_rsi': False, 'rsi_n': 12, 'rsi_lower': 1, 'rsi_upper': 75, 'en_stochastic': True, 'stochastic_n': 27, 'stochastic_d': 50, 'stochastic_lower': 17, 'stochastic_upper': 62, 'en_mfi': False, 'mfi_n': 58, 'mfi_lower': 5, 'mfi_upper': 65, 'en_bollinger': False, 'bollinger_n': 104, 'bollinger_k': 4.9, 'en_adx': False, 'adx_n': 88, 'adx_threshold': 34, 'en_structure_trend': False, 'structure_trend_swing_l': 14, 'en_order_block': True, 'order_block_swing_l': 19, 'en_fvg': False, 'fvg_lookback': 23, 'en_ifvg': False, 'en_breaker': False, 'breaker_swing_l': 20, 'en_cisd': True, 'k': 4, 'en_cap_bars': True, 'cap_1min': 1171}.
[I 2026-07-13 17:38:03,495] Trial 1169 finished with values: [3953.0006976532604, -3624.7611859298195, 62.2] and parameters: {'sl_soft': 162.66655367980434, 'sl_hard_delta': 18.57150561668505, 'tp': 196.03928967751625, 'gate_pct': 89.05172352244134, 'dd_limit': 7070.895472661624, 'cooldown': 5, 'flip': True, 'en_ema_trend': False, 'ema_trend_fast': 177, 'ema_trend_slow': 246, 'en_sma_trend': False, 'sma_trend_fast': 221, 'sma_trend_slow': 250, 'en_macd': True, 'macd_fast': 71, 'macd_slow': 63, 'macd_signal': 41, 'en_vwap': True, 'en_keltner': False, 'keltner_n': 17, 'keltner_m': 4.0, 'en_obv': True, 'obv_slope': 160, 'en_cci': False, 'cci_n': 21, 'cci_threshold': 205, 'en_rsi': True, 'rsi_n': 39, 'rsi_lower': 20, 'rsi_upper': 71, 'en_stochastic': True, 'stochastic_n': 88, 'stochastic_d': 44, 'stochastic_lower': 14, 'stochastic_upper': 68, 'en_mfi': False, 'mfi_n': 90, 'mfi_lower': 19, 'mfi_upper': 65, 'en_bollinger': False, 'bollinger_n': 182, 'bollinger_k': 3.4000000000000004, 'en_adx': False, 'adx_n': 54, 'adx_threshold': 32, 'en_structure_trend': False, 'structure_trend_swing_l': 14, 'en_order_block': False, 'order_block_swing_l': 19, 'en_fvg': False, 'fvg_lookback': 42, 'en_ifvg': True, 'en_breaker': False, 'breaker_swing_l': 5, 'en_cisd': True, 'k': 4, 'en_cap_bars': False, 'cap_1min': 3}.
[I 2026-07-13 17:38:03,659] Trial 1170 finished with values: [1512.8850452581173, -835.0, 50.0] and parameters: {'sl_soft': 39.62905967140161, 'sl_hard_delta': 29.30242220933063, 'tp': 139.29792856913647, 'gate_pct': 81.43219065749138, 'dd_limit': 9508.627019250667, 'cooldown': 1, 'flip': True, 'en_ema_trend': False, 'ema_trend_fast': 241, 'ema_trend_slow': 346, 'en_sma_trend': False, 'sma_trend_fast': 221, 'sma_trend_slow': 258, 'en_macd': True, 'macd_fast': 49, 'macd_slow': 63, 'macd_signal': 41, 'en_vwap': False, 'en_keltner': True, 'keltner_n': 17, 'keltner_m': 4.0, 'en_obv': True, 'obv_slope': 160, 'en_cci': True, 'cci_n': 33, 'cci_threshold': 30, 'en_rsi': False, 'rsi_n': 39, 'rsi_lower': 20, 'rsi_upper': 71, 'en_stochastic': True, 'stochastic_n': 88, 'stochastic_d': 14, 'stochastic_lower': 17, 'stochastic_upper': 68, 'en_mfi': False, 'mfi_n': 11, 'mfi_lower': 17, 'mfi_upper': 76, 'en_bollinger': False, 'bollinger_n': 182, 'bollinger_k': 4.300000000000001, 'en_adx': False, 'adx_n': 97, 'adx_threshold': 21, 'en_structure_trend': False, 'structure_trend_swing_l': 14, 'en_order_block': False, 'order_block_swing_l': 19, 'en_fvg': False, 'fvg_lookback': 47, 'en_ifvg': True, 'en_breaker': True, 'breaker_swing_l': 15, 'en_cisd': False, 'k': 4, 'en_cap_bars': False, 'cap_1min': 3}.
[I 2026-07-13 17:38:03,830] Trial 1171 finished with values: [3513.3840177441016, -1569.6574094036623, 48.1] and parameters: {'sl_soft': 39.62905967140161, 'sl_hard_delta': 29.30242220933063, 'tp': 196.03928967751625, 'gate_pct': 89.05172352244134, 'dd_limit': 7070.895472661624, 'cooldown': 1, 'flip': True, 'en_ema_trend': False, 'ema_trend_fast': 177, 'ema_trend_slow': 246, 'en_sma_trend': False, 'sma_trend_fast': 221, 'sma_trend_slow': 250, 'en_macd': True, 'macd_fast': 49, 'macd_slow': 63, 'macd_signal': 41, 'en_vwap': False, 'en_keltner': True, 'keltner_n': 17, 'keltner_m': 4.0, 'en_obv': True, 'obv_slope': 160, 'en_cci': False, 'cci_n': 21, 'cci_threshold': 30, 'en_rsi': False, 'rsi_n': 39, 'rsi_lower': 20, 'rsi_upper': 71, 'en_stochastic': True, 'stochastic_n': 88, 'stochastic_d': 44, 'stochastic_lower': 17, 'stochastic_upper': 68, 'en_mfi': False, 'mfi_n': 11, 'mfi_lower': 33, 'mfi_upper': 65, 'en_bollinger': True, 'bollinger_n': 182, 'bollinger_k': 4.300000000000001, 'en_adx': False, 'adx_n': 97, 'adx_threshold': 21, 'en_structure_trend': False, 'structure_trend_swing_l': 14, 'en_order_block': False, 'order_block_swing_l': 19, 'en_fvg': False, 'fvg_lookback': 42, 'en_ifvg': True, 'en_breaker': False, 'breaker_swing_l': 5, 'en_cisd': False, 'k': 4, 'en_cap_bars': False, 'cap_1min': 3}.
[I 2026-07-13 17:38:05,085] Trial 1172 finished with values: [4195.533260285647, -10224.381374136283, 47.45] and parameters: {'sl_soft': 155.41178356786656, 'sl_hard_delta': 29.05728513894959, 'tp': 279.07497782388, 'gate_pct': 81.43219065749138, 'dd_limit': 7424.489916885895, 'cooldown': 1, 'flip': True, 'en_ema_trend': True, 'ema_trend_fast': 40, 'ema_trend_slow': 250, 'en_sma_trend': False, 'sma_trend_fast': 221, 'sma_trend_slow': 265, 'en_macd': False, 'macd_fast': 16, 'macd_slow': 63, 'macd_signal': 23, 'en_vwap': False, 'en_keltner': True, 'keltner_n': 17, 'keltner_m': 4.300000000000001, 'en_obv': True, 'obv_slope': 160, 'en_cci': True, 'cci_n': 73, 'cci_threshold': 165, 'en_rsi': True, 'rsi_n': 44, 'rsi_lower': 2, 'rsi_upper': 88, 'en_stochastic': False, 'stochastic_n': 88, 'stochastic_d': 32, 'stochastic_lower': 17, 'stochastic_upper': 75, 'en_mfi': False, 'mfi_n': 11, 'mfi_lower': 17, 'mfi_upper': 57, 'en_bollinger': False, 'bollinger_n': 195, 'bollinger_k': 3.4000000000000004, 'en_adx': False, 'adx_n': 54, 'adx_threshold': 21, 'en_structure_trend': False, 'structure_trend_swing_l': 14, 'en_order_block': False, 'order_block_swing_l': 13, 'en_fvg': False, 'fvg_lookback': 35, 'en_ifvg': False, 'en_breaker': True, 'breaker_swing_l': 5, 'en_cisd': False, 'k': 4, 'en_cap_bars': False, 'cap_1min': 1332}.
[I 2026-07-13 17:38:05,422] Trial 1173 finished with values: [1512.8850452581173, -835.0, 50.0] and parameters: {'sl_soft': 39.62905967140161, 'sl_hard_delta': 29.30242220933063, 'tp': 139.29792856913647, 'gate_pct': 81.43219065749138, 'dd_limit': 9508.627019250667, 'cooldown': 1, 'flip': True, 'en_ema_trend': False, 'ema_trend_fast': 177, 'ema_trend_slow': 346, 'en_sma_trend': False, 'sma_trend_fast': 221, 'sma_trend_slow': 258, 'en_macd': True, 'macd_fast': 49, 'macd_slow': 63, 'macd_signal': 41, 'en_vwap': False, 'en_keltner': True, 'keltner_n': 17, 'keltner_m': 4.5, 'en_obv': True, 'obv_slope': 160, 'en_cci': True, 'cci_n': 33, 'cci_threshold': 30, 'en_rsi': False, 'rsi_n': 39, 'rsi_lower': 20, 'rsi_upper': 71, 'en_stochastic': True, 'stochastic_n': 88, 'stochastic_d': 14, 'stochastic_lower': 17, 'stochastic_upper': 68, 'en_mfi': False, 'mfi_n': 11, 'mfi_lower': 17, 'mfi_upper': 65, 'en_bollinger': False, 'bollinger_n': 182, 'bollinger_k': 4.300000000000001, 'en_adx': False, 'adx_n': 97, 'adx_threshold': 21, 'en_structure_trend': False, 'structure_trend_swing_l': 14, 'en_order_block': False, 'order_block_swing_l': 19, 'en_fvg': False, 'fvg_lookback': 42, 'en_ifvg': True, 'en_breaker': True, 'breaker_swing_l': 15, 'en_cisd': False, 'k': 4, 'en_cap_bars': False, 'cap_1min': 3}.
[I 2026-07-13 17:38:05,763] Trial 1174 finished with values: [1512.8850452581173, -835.0, 50.0] and parameters: {'sl_soft': 39.62905967140161, 'sl_hard_delta': 29.30242220933063, 'tp': 139.29792856913647, 'gate_pct': 81.43219065749138, 'dd_limit': 9508.627019250667, 'cooldown': 1, 'flip': True, 'en_ema_trend': False, 'ema_trend_fast': 177, 'ema_trend_slow': 246, 'en_sma_trend': False, 'sma_trend_fast': 221, 'sma_trend_slow': 258, 'en_macd': True, 'macd_fast': 49, 'macd_slow': 63, 'macd_signal': 41, 'en_vwap': False, 'en_keltner': True, 'keltner_n': 17, 'keltner_m': 4.0, 'en_obv': True, 'obv_slope': 160, 'en_cci': True, 'cci_n': 33, 'cci_threshold': 30, 'en_rsi': False, 'rsi_n': 39, 'rsi_lower': 20, 'rsi_upper': 71, 'en_stochastic': True, 'stochastic_n': 88, 'stochastic_d': 14, 'stochastic_lower': 17, 'stochastic_upper': 68, 'en_mfi': False, 'mfi_n': 11, 'mfi_lower': 17, 'mfi_upper': 65, 'en_bollinger': False, 'bollinger_n': 182, 'bollinger_k': 4.300000000000001, 'en_adx': False, 'adx_n': 97, 'adx_threshold': 21, 'en_structure_trend': False, 'structure_trend_swing_l': 14, 'en_order_block': False, 'order_block_swing_l': 19, 'en_fvg': False, 'fvg_lookback': 42, 'en_ifvg': True, 'en_breaker': True, 'breaker_swing_l': 15, 'en_cisd': False, 'k': 4, 'en_cap_bars': False, 'cap_1min': 3}.
[I 2026-07-13 17:38:06,155] Trial 1175 finished with values: [3454.791945455436, -1966.1902964824549, 66.25] and parameters: {'sl_soft': 162.66655367980434, 'sl_hard_delta': 18.57150561668505, 'tp': 196.03928967751625, 'gate_pct': 81.43219065749138, 'dd_limit': 7070.895472661624, 'cooldown': 5, 'flip': True, 'en_ema_trend': False, 'ema_trend_fast': 177, 'ema_trend_slow': 246, 'en_sma_trend': False, 'sma_trend_fast': 221, 'sma_trend_slow': 250, 'en_macd': True, 'macd_fast': 71, 'macd_slow': 63, 'macd_signal': 41, 'en_vwap': True, 'en_keltner': False, 'keltner_n': 17, 'keltner_m': 4.0, 'en_obv': True, 'obv_slope': 160, 'en_cci': False, 'cci_n': 133, 'cci_threshold': 205, 'en_rsi': True, 'rsi_n': 39, 'rsi_lower': 20, 'rsi_upper': 71, 'en_stochastic': True, 'stochastic_n': 88, 'stochastic_d': 44, 'stochastic_lower': 17, 'stochastic_upper': 68, 'en_mfi': False, 'mfi_n': 11, 'mfi_lower': 17, 'mfi_upper': 65, 'en_bollinger': False, 'bollinger_n': 182, 'bollinger_k': 4.300000000000001, 'en_adx': False, 'adx_n': 99, 'adx_threshold': 32, 'en_structure_trend': False, 'structure_trend_swing_l': 14, 'en_order_block': False, 'order_block_swing_l': 19, 'en_fvg': False, 'fvg_lookback': 42, 'en_ifvg': True, 'en_breaker': False, 'breaker_swing_l': 15, 'en_cisd': True, 'k': 4, 'en_cap_bars': False, 'cap_1min': 3}.
[I 2026-07-13 17:38:08,466] Trial 1176 pruned. 
[I 2026-07-13 17:38:08,691] Trial 1177 finished with values: [2860.464661441729, -2681.1293853950338, 61.25] and parameters: {'sl_soft': 158.92345486967875, 'sl_hard_delta': 29.30242220933063, 'tp': 296.90940468367796, 'gate_pct': 81.43219065749138, 'dd_limit': 9508.627019250667, 'cooldown': 1, 'flip': True, 'en_ema_trend': False, 'ema_trend_fast': 177, 'ema_trend_slow': 346, 'en_sma_trend': False, 'sma_trend_fast': 221, 'sma_trend_slow': 258, 'en_macd': True, 'macd_fast': 49, 'macd_slow': 63, 'macd_signal': 41, 'en_vwap': False, 'en_keltner': True, 'keltner_n': 17, 'keltner_m': 4.0, 'en_obv': True, 'obv_slope': 160, 'en_cci': True, 'cci_n': 33, 'cci_threshold': 30, 'en_rsi': False, 'rsi_n': 59, 'rsi_lower': 20, 'rsi_upper': 71, 'en_stochastic': True, 'stochastic_n': 88, 'stochastic_d': 14, 'stochastic_lower': 17, 'stochastic_upper': 68, 'en_mfi': False, 'mfi_n': 11, 'mfi_lower': 17, 'mfi_upper': 65, 'en_bollinger': False, 'bollinger_n': 182, 'bollinger_k': 4.300000000000001, 'en_adx': False, 'adx_n': 52, 'adx_threshold': 21, 'en_structure_trend': False, 'structure_trend_swing_l': 14, 'en_order_block': False, 'order_block_swing_l': 19, 'en_fvg': False, 'fvg_lookback': 42, 'en_ifvg': True, 'en_breaker': True, 'breaker_swing_l': 15, 'en_cisd': False, 'k': 4, 'en_cap_bars': False, 'cap_1min': 3}.
[I 2026-07-13 17:38:09,010] Trial 1178 finished with values: [1512.8850452581173, -835.0, 50.0] and parameters: {'sl_soft': 39.62905967140161, 'sl_hard_delta': 29.30242220933063, 'tp': 139.29792856913647, 'gate_pct': 81.43219065749138, 'dd_limit': 9508.627019250667, 'cooldown': 4, 'flip': True, 'en_ema_trend': False, 'ema_trend_fast': 177, 'ema_trend_slow': 346, 'en_sma_trend': False, 'sma_trend_fast': 221, 'sma_trend_slow': 258, 'en_macd': True, 'macd_fast': 49, 'macd_slow': 63, 'macd_signal': 41, 'en_vwap': False, 'en_keltner': True, 'keltner_n': 17, 'keltner_m': 4.0, 'en_obv': True, 'obv_slope': 160, 'en_cci': True, 'cci_n': 33, 'cci_threshold': 30, 'en_rsi': False, 'rsi_n': 39, 'rsi_lower': 20, 'rsi_upper': 71, 'en_stochastic': True, 'stochastic_n': 88, 'stochastic_d': 14, 'stochastic_lower': 17, 'stochastic_upper': 68, 'en_mfi': False, 'mfi_n': 11, 'mfi_lower': 17, 'mfi_upper': 65, 'en_bollinger': False, 'bollinger_n': 182, 'bollinger_k': 4.300000000000001, 'en_adx': False, 'adx_n': 97, 'adx_threshold': 21, 'en_structure_trend': False, 'structure_trend_swing_l': 14, 'en_order_block': False, 'order_block_swing_l': 19, 'en_fvg': False, 'fvg_lookback': 42, 'en_ifvg': True, 'en_breaker': True, 'breaker_swing_l': 15, 'en_cisd': False, 'k': 4, 'en_cap_bars': False, 'cap_1min': 3}.
[I 2026-07-13 17:38:10,007] Trial 1179 finished with values: [330.44643079145317, -3524.8448794456635, 61.25] and parameters: {'sl_soft': 162.66655367980434, 'sl_hard_delta': 29.30242220933063, 'tp': 139.29792856913647, 'gate_pct': 61.29515207255519, 'dd_limit': 551.6601649489387, 'cooldown': 1, 'flip': True, 'en_ema_trend': False, 'ema_trend_fast': 177, 'ema_trend_slow': 246, 'en_sma_trend': False, 'sma_trend_fast': 221, 'sma_trend_slow': 258, 'en_macd': True, 'macd_fast': 62, 'macd_slow': 63, 'macd_signal': 41, 'en_vwap': False, 'en_keltner': False, 'keltner_n': 17, 'keltner_m': 4.0, 'en_obv': True, 'obv_slope': 160, 'en_cci': False, 'cci_n': 33, 'cci_threshold': 30, 'en_rsi': True, 'rsi_n': 13, 'rsi_lower': 20, 'rsi_upper': 75, 'en_stochastic': True, 'stochastic_n': 27, 'stochastic_d': 14, 'stochastic_lower': 17, 'stochastic_upper': 68, 'en_mfi': False, 'mfi_n': 11, 'mfi_lower': 17, 'mfi_upper': 65, 'en_bollinger': False, 'bollinger_n': 182, 'bollinger_k': 4.300000000000001, 'en_adx': False, 'adx_n': 54, 'adx_threshold': 34, 'en_structure_trend': False, 'structure_trend_swing_l': 14, 'en_order_block': False, 'order_block_swing_l': 20, 'en_fvg': False, 'fvg_lookback': 47, 'en_ifvg': True, 'en_breaker': True, 'breaker_swing_l': 20, 'en_cisd': True, 'k': 4, 'en_cap_bars': False, 'cap_1min': 1332}.
[I 2026-07-13 17:38:11,405] Trial 1180 finished with values: [1015.0130853150768, -2316.788984826817, 26.75] and parameters: {'sl_soft': 40.78619439976249, 'sl_hard_delta': 29.30242220933063, 'tp': 265.90805286191534, 'gate_pct': 81.43219065749138, 'dd_limit': 9508.627019250667, 'cooldown': 1, 'flip': True, 'en_ema_trend': True, 'ema_trend_fast': 104, 'ema_trend_slow': 246, 'en_sma_trend': False, 'sma_trend_fast': 221, 'sma_trend_slow': 258, 'en_macd': True, 'macd_fast': 98, 'macd_slow': 63, 'macd_signal': 41, 'en_vwap': True, 'en_keltner': False, 'keltner_n': 65, 'keltner_m': 4.0, 'en_obv': True, 'obv_slope': 150, 'en_cci': True, 'cci_n': 33, 'cci_threshold': 120, 'en_rsi': False, 'rsi_n': 24, 'rsi_lower': 20, 'rsi_upper': 71, 'en_stochastic': True, 'stochastic_n': 16, 'stochastic_d': 27, 'stochastic_lower': 17, 'stochastic_upper': 68, 'en_mfi': False, 'mfi_n': 11, 'mfi_lower': 17, 'mfi_upper': 65, 'en_bollinger': True, 'bollinger_n': 182, 'bollinger_k': 4.300000000000001, 'en_adx': False, 'adx_n': 97, 'adx_threshold': 11, 'en_structure_trend': False, 'structure_trend_swing_l': 18, 'en_order_block': False, 'order_block_swing_l': 19, 'en_fvg': False, 'fvg_lookback': 42, 'en_ifvg': True, 'en_breaker': True, 'breaker_swing_l': 15, 'en_cisd': False, 'k': 2, 'en_cap_bars': False, 'cap_1min': 1171}.
[I 2026-07-13 17:38:15,867] Trial 1181 finished with values: [1683.5923688351613, -1344.3148188073246, 36.65] and parameters: {'sl_soft': 39.62905967140161, 'sl_hard_delta': 29.30242220933063, 'tp': 279.07497782388, 'gate_pct': 81.43219065749138, 'dd_limit': 9508.627019250667, 'cooldown': 1, 'flip': True, 'en_ema_trend': False, 'ema_trend_fast': 241, 'ema_trend_slow': 346, 'en_sma_trend': False, 'sma_trend_fast': 221, 'sma_trend_slow': 258, 'en_macd': False, 'macd_fast': 16, 'macd_slow': 63, 'macd_signal': 41, 'en_vwap': False, 'en_keltner': True, 'keltner_n': 17, 'keltner_m': 4.0, 'en_obv': True, 'obv_slope': 160, 'en_cci': True, 'cci_n': 131, 'cci_threshold': 30, 'en_rsi': False, 'rsi_n': 39, 'rsi_lower': 2, 'rsi_upper': 71, 'en_stochastic': True, 'stochastic_n': 88, 'stochastic_d': 14, 'stochastic_lower': 36, 'stochastic_upper': 68, 'en_mfi': False, 'mfi_n': 11, 'mfi_lower': 17, 'mfi_upper': 92, 'en_bollinger': False, 'bollinger_n': 70, 'bollinger_k': 3.4000000000000004, 'en_adx': False, 'adx_n': 97, 'adx_threshold': 21, 'en_structure_trend': False, 'structure_trend_swing_l': 14, 'en_order_block': False, 'order_block_swing_l': 11, 'en_fvg': False, 'fvg_lookback': 42, 'en_ifvg': False, 'en_breaker': True, 'breaker_swing_l': 15, 'en_cisd': True, 'k': 4, 'en_cap_bars': False, 'cap_1min': 733}.
[I 2026-07-13 17:38:17,033] Trial 1182 pruned. 
[I 2026-07-13 17:38:20,537] Trial 1183 finished with values: [2350.744465717071, -1919.689758891327, 69.3] and parameters: {'sl_soft': 162.66655367980434, 'sl_hard_delta': 29.30242220933063, 'tp': 196.03928967751625, 'gate_pct': 89.05172352244134, 'dd_limit': 9508.627019250667, 'cooldown': 5, 'flip': True, 'en_ema_trend': False, 'ema_trend_fast': 177, 'ema_trend_slow': 346, 'en_sma_trend': False, 'sma_trend_fast': 221, 'sma_trend_slow': 250, 'en_macd': True, 'macd_fast': 49, 'macd_slow': 63, 'macd_signal': 41, 'en_vwap': True, 'en_keltner': False, 'keltner_n': 17, 'keltner_m': 4.0, 'en_obv': True, 'obv_slope': 160, 'en_cci': True, 'cci_n': 21, 'cci_threshold': 30, 'en_rsi': False, 'rsi_n': 39, 'rsi_lower': 20, 'rsi_upper': 59, 'en_stochastic': True, 'stochastic_n': 88, 'stochastic_d': 34, 'stochastic_lower': 17, 'stochastic_upper': 68, 'en_mfi': False, 'mfi_n': 11, 'mfi_lower': 17, 'mfi_upper': 65, 'en_bollinger': False, 'bollinger_n': 182, 'bollinger_k': 4.300000000000001, 'en_adx': False, 'adx_n': 97, 'adx_threshold': 32, 'en_structure_trend': False, 'structure_trend_swing_l': 14, 'en_order_block': False, 'order_block_swing_l': 19, 'en_fvg': False, 'fvg_lookback': 42, 'en_ifvg': True, 'en_breaker': False, 'breaker_swing_l': 15, 'en_cisd': False, 'k': 4, 'en_cap_bars': False, 'cap_1min': 3}.
[I 2026-07-13 17:38:20,728] Trial 1184 finished with values: [2846.372750549199, -1609.6574094036623, 50.0] and parameters: {'sl_soft': 39.62905967140161, 'sl_hard_delta': 29.30242220933063, 'tp': 196.03928967751625, 'gate_pct': 89.05172352244134, 'dd_limit': 9508.627019250667, 'cooldown': 1, 'flip': True, 'en_ema_trend': False, 'ema_trend_fast': 177, 'ema_trend_slow': 246, 'en_sma_trend': False, 'sma_trend_fast': 221, 'sma_trend_slow': 258, 'en_macd': True, 'macd_fast': 49, 'macd_slow': 63, 'macd_signal': 41, 'en_vwap': False, 'en_keltner': True, 'keltner_n': 17, 'keltner_m': 4.0, 'en_obv': True, 'obv_slope': 160, 'en_cci': False, 'cci_n': 33, 'cci_threshold': 30, 'en_rsi': False, 'rsi_n': 39, 'rsi_lower': 20, 'rsi_upper': 71, 'en_stochastic': True, 'stochastic_n': 88, 'stochastic_d': 14, 'stochastic_lower': 17, 'stochastic_upper': 68, 'en_mfi': False, 'mfi_n': 11, 'mfi_lower': 17, 'mfi_upper': 65, 'en_bollinger': False, 'bollinger_n': 182, 'bollinger_k': 4.300000000000001, 'en_adx': False, 'adx_n': 97, 'adx_threshold': 40, 'en_structure_trend': False, 'structure_trend_swing_l': 14, 'en_order_block': True, 'order_block_swing_l': 19, 'en_fvg': False, 'fvg_lookback': 42, 'en_ifvg': True, 'en_breaker': False, 'breaker_swing_l': 15, 'en_cisd': False, 'k': 4, 'en_cap_bars': False, 'cap_1min': 3}.
