[I 2026-07-13 17:27:16,131] Trial 276 finished with values: [297.72999141046967, -601.6102118604977, 45.45] and parameters: {'sl_soft': 11.828074798855372, 'sl_hard_delta': 4.209268042123824, 'tp': 23.976700355745017, 'gate_pct': 77.7098229275783, 'dd_limit': 1393.7003097166044, 'cooldown': 8, 'flip': True, 'en_ema_trend': True, 'ema_trend_fast': 271, 'ema_trend_slow': 85, 'en_sma_trend': False, 'sma_trend_fast': 395, 'sma_trend_slow': 263, 'en_macd': True, 'macd_fast': 30, 'macd_slow': 94, 'macd_signal': 34, 'en_vwap': True, 'en_keltner': True, 'keltner_n': 168, 'keltner_m': 2.1, 'en_obv': True, 'obv_slope': 188, 'en_cci': True, 'cci_n': 88, 'cci_threshold': 120, 'en_rsi': False, 'rsi_n': 37, 'rsi_lower': 43, 'rsi_upper': 52, 'en_stochastic': False, 'stochastic_n': 56, 'stochastic_d': 12, 'stochastic_lower': 2, 'stochastic_upper': 67, 'en_mfi': True, 'mfi_n': 42, 'mfi_lower': 20, 'mfi_upper': 65, 'en_bollinger': True, 'bollinger_n': 137, 'bollinger_k': 1.7000000000000002, 'en_adx': False, 'adx_n': 52, 'adx_threshold': 7, 'en_structure_trend': True, 'structure_trend_swing_l': 7, 'en_order_block': False, 'order_block_swing_l': 12, 'en_fvg': True, 'fvg_lookback': 37, 'en_ifvg': True, 'en_breaker': False, 'breaker_swing_l': 7, 'en_cisd': True, 'k': 4, 'en_cap_bars': False, 'cap_1min': 772}.
[I 2026-07-13 17:27:23,812] Trial 277 finished with values: [38.781059060456755, -463.2342310179956, 72.05000000000001] and parameters: {'sl_soft': 27.25884357896654, 'sl_hard_delta': 1.786904617958767, 'tp': 11.768073292054666, 'gate_pct': 58.77346993604095, 'dd_limit': 365.1680353374175, 'cooldown': 1, 'flip': False, 'en_ema_trend': True, 'ema_trend_fast': 282, 'ema_trend_slow': 94, 'en_sma_trend': False, 'sma_trend_fast': 154, 'sma_trend_slow': 265, 'en_macd': True, 'macd_fast': 33, 'macd_slow': 30, 'macd_signal': 22, 'en_vwap': False, 'en_keltner': False, 'keltner_n': 149, 'keltner_m': 3.1, 'en_obv': False, 'obv_slope': 169, 'en_cci': False, 'cci_n': 186, 'cci_threshold': 95, 'en_rsi': True, 'rsi_n': 93, 'rsi_lower': 16, 'rsi_upper': 70, 'en_stochastic': True, 'stochastic_n': 80, 'stochastic_d': 44, 'stochastic_lower': 44, 'stochastic_upper': 74, 'en_mfi': True, 'mfi_n': 68, 'mfi_lower': 27, 'mfi_upper': 65, 'en_bollinger': False, 'bollinger_n': 85, 'bollinger_k': 4.8, 'en_adx': False, 'adx_n': 48, 'adx_threshold': 9, 'en_structure_trend': False, 'structure_trend_swing_l': 7, 'en_order_block': True, 'order_block_swing_l': 8, 'en_fvg': False, 'fvg_lookback': 38, 'en_ifvg': False, 'en_breaker': False, 'breaker_swing_l': 2, 'en_cisd': False, 'k': 4, 'en_cap_bars': False, 'cap_1min': 1085}.
[I 2026-07-13 17:27:25,491] Trial 278 finished with values: [520.3706517826868, -752.5841149300686, 44.85] and parameters: {'sl_soft': 12.023742953585678, 'sl_hard_delta': 36.493080032425134, 'tp': 30.9300733340449, 'gate_pct': 49.958417067888604, 'dd_limit': 365.1680353374175, 'cooldown': 2, 'flip': False, 'en_ema_trend': False, 'ema_trend_fast': 95, 'ema_trend_slow': 381, 'en_sma_trend': False, 'sma_trend_fast': 283, 'sma_trend_slow': 250, 'en_macd': False, 'macd_fast': 50, 'macd_slow': 155, 'macd_signal': 25, 'en_vwap': True, 'en_keltner': True, 'keltner_n': 175, 'keltner_m': 4.300000000000001, 'en_obv': False, 'obv_slope': 160, 'en_cci': True, 'cci_n': 33, 'cci_threshold': 95, 'en_rsi': True, 'rsi_n': 79, 'rsi_lower': 20, 'rsi_upper': 88, 'en_stochastic': False, 'stochastic_n': 59, 'stochastic_d': 50, 'stochastic_lower': 38, 'stochastic_upper': 90, 'en_mfi': False, 'mfi_n': 90, 'mfi_lower': 27, 'mfi_upper': 58, 'en_bollinger': True, 'bollinger_n': 159, 'bollinger_k': 3.4000000000000004, 'en_adx': False, 'adx_n': 54, 'adx_threshold': 9, 'en_structure_trend': False, 'structure_trend_swing_l': 8, 'en_order_block': True, 'order_block_swing_l': 8, 'en_fvg': True, 'fvg_lookback': 35, 'en_ifvg': True, 'en_breaker': False, 'breaker_swing_l': 2, 'en_cisd': False, 'k': 5, 'en_cap_bars': False, 'cap_1min': 3}.
[I 2026-07-13 17:27:29,747] Trial 279 pruned. 
[I 2026-07-13 17:27:30,058] Trial 280 finished with values: [380.6654973215518, -1005.3691317633275, 41.0] and parameters: {'sl_soft': 14.695606985122541, 'sl_hard_delta': 4.304782983548088, 'tp': 30.9300733340449, 'gate_pct': 49.958417067888604, 'dd_limit': 7070.895472661624, 'cooldown': 2, 'flip': False, 'en_ema_trend': False, 'ema_trend_fast': 95, 'ema_trend_slow': 346, 'en_sma_trend': False, 'sma_trend_fast': 62, 'sma_trend_slow': 250, 'en_macd': True, 'macd_fast': 44, 'macd_slow': 151, 'macd_signal': 41, 'en_vwap': True, 'en_keltner': True, 'keltner_n': 175, 'keltner_m': 4.300000000000001, 'en_obv': True, 'obv_slope': 160, 'en_cci': True, 'cci_n': 33, 'cci_threshold': 30, 'en_rsi': True, 'rsi_n': 23, 'rsi_lower': 20, 'rsi_upper': 88, 'en_stochastic': False, 'stochastic_n': 88, 'stochastic_d': 50, 'stochastic_lower': 38, 'stochastic_upper': 90, 'en_mfi': False, 'mfi_n': 90, 'mfi_lower': 15, 'mfi_upper': 58, 'en_bollinger': False, 'bollinger_n': 195, 'bollinger_k': 3.4000000000000004, 'en_adx': False, 'adx_n': 54, 'adx_threshold': 12, 'en_structure_trend': False, 'structure_trend_swing_l': 14, 'en_order_block': False, 'order_block_swing_l': 8, 'en_fvg': False, 'fvg_lookback': 35, 'en_ifvg': True, 'en_breaker': True, 'breaker_swing_l': 20, 'en_cisd': False, 'k': 4, 'en_cap_bars': False, 'cap_1min': 3}.
[I 2026-07-13 17:27:32,999] Trial 281 finished with values: [-275.1243804873775, -602.0299225079725, 32.55] and parameters: {'sl_soft': 11.828074798855372, 'sl_hard_delta': 4.209268042123824, 'tp': 23.976700355745017, 'gate_pct': 37.39778324297737, 'dd_limit': 1393.7003097166044, 'cooldown': 34, 'flip': True, 'en_ema_trend': True, 'ema_trend_fast': 271, 'ema_trend_slow': 125, 'en_sma_trend': False, 'sma_trend_fast': 395, 'sma_trend_slow': 263, 'en_macd': True, 'macd_fast': 30, 'macd_slow': 53, 'macd_signal': 61, 'en_vwap': True, 'en_keltner': True, 'keltner_n': 185, 'keltner_m': 4.9, 'en_obv': True, 'obv_slope': 170, 'en_cci': True, 'cci_n': 170, 'cci_threshold': 120, 'en_rsi': False, 'rsi_n': 37, 'rsi_lower': 13, 'rsi_upper': 52, 'en_stochastic': False, 'stochastic_n': 63, 'stochastic_d': 36, 'stochastic_lower': 33, 'stochastic_upper': 62, 'en_mfi': False, 'mfi_n': 80, 'mfi_lower': 20, 'mfi_upper': 62, 'en_bollinger': True, 'bollinger_n': 137, 'bollinger_k': 1.7000000000000002, 'en_adx': False, 'adx_n': 62, 'adx_threshold': 30, 'en_structure_trend': True, 'structure_trend_swing_l': 7, 'en_order_block': False, 'order_block_swing_l': 18, 'en_fvg': False, 'fvg_lookback': 31, 'en_ifvg': True, 'en_breaker': True, 'breaker_swing_l': 13, 'en_cisd': False, 'k': 4, 'en_cap_bars': False, 'cap_1min': 332}.
[I 2026-07-13 17:27:34,845] Trial 282 finished with values: [201.13613266543325, -451.5826566659598, 45.8] and parameters: {'sl_soft': 19.805423711447872, 'sl_hard_delta': 4.204358064837304, 'tp': 27.72259577195913, 'gate_pct': 42.37120833684469, 'dd_limit': 365.1680353374175, 'cooldown': 22, 'flip': False, 'en_ema_trend': True, 'ema_trend_fast': 282, 'ema_trend_slow': 346, 'en_sma_trend': True, 'sma_trend_fast': 283, 'sma_trend_slow': 370, 'en_macd': False, 'macd_fast': 69, 'macd_slow': 63, 'macd_signal': 41, 'en_vwap': True, 'en_keltner': False, 'keltner_n': 149, 'keltner_m': 0.7, 'en_obv': False, 'obv_slope': 169, 'en_cci': True, 'cci_n': 186, 'cci_threshold': 95, 'en_rsi': True, 'rsi_n': 52, 'rsi_lower': 36, 'rsi_upper': 62, 'en_stochastic': False, 'stochastic_n': 66, 'stochastic_d': 9, 'stochastic_lower': 16, 'stochastic_upper': 53, 'en_mfi': False, 'mfi_n': 89, 'mfi_lower': 7, 'mfi_upper': 65, 'en_bollinger': False, 'bollinger_n': 159, 'bollinger_k': 1.9000000000000001, 'en_adx': True, 'adx_n': 50, 'adx_threshold': 9, 'en_structure_trend': False, 'structure_trend_swing_l': 14, 'en_order_block': True, 'order_block_swing_l': 18, 'en_fvg': True, 'fvg_lookback': 42, 'en_ifvg': False, 'en_breaker': True, 'breaker_swing_l': 20, 'en_cisd': True, 'k': 5, 'en_cap_bars': False, 'cap_1min': 1085}.
[I 2026-07-13 17:27:36,121] Trial 283 pruned. 
[I 2026-07-13 17:27:36,999] Trial 284 finished with values: [517.4898567498349, -1513.1870847691607, 50.0] and parameters: {'sl_soft': 15.029901346125646, 'sl_hard_delta': 4.209268042123824, 'tp': 23.976700355745017, 'gate_pct': 45.98205069731719, 'dd_limit': 7732.124461539199, 'cooldown': 9, 'flip': True, 'en_ema_trend': False, 'ema_trend_fast': 104, 'ema_trend_slow': 311, 'en_sma_trend': False, 'sma_trend_fast': 395, 'sma_trend_slow': 93, 'en_macd': False, 'macd_fast': 30, 'macd_slow': 178, 'macd_signal': 34, 'en_vwap': True, 'en_keltner': False, 'keltner_n': 6, 'keltner_m': 4.5, 'en_obv': True, 'obv_slope': 15, 'en_cci': True, 'cci_n': 32, 'cci_threshold': 120, 'en_rsi': False, 'rsi_n': 37, 'rsi_lower': 27, 'rsi_upper': 98, 'en_stochastic': True, 'stochastic_n': 15, 'stochastic_d': 13, 'stochastic_lower': 16, 'stochastic_upper': 54, 'en_mfi': False, 'mfi_n': 42, 'mfi_lower': 10, 'mfi_upper': 65, 'en_bollinger': True, 'bollinger_n': 137, 'bollinger_k': 3.0, 'en_adx': True, 'adx_n': 29, 'adx_threshold': 7, 'en_structure_trend': False, 'structure_trend_swing_l': 19, 'en_order_block': True, 'order_block_swing_l': 9, 'en_fvg': False, 'fvg_lookback': 10, 'en_ifvg': False, 'en_breaker': True, 'breaker_swing_l': 8, 'en_cisd': True, 'k': 1, 'en_cap_bars': True, 'cap_1min': 1370}.
[I 2026-07-13 17:27:44,881] Trial 285 finished with values: [-906.615112889358, -2347.4119446874465, 51.5] and parameters: {'sl_soft': 27.235495572169377, 'sl_hard_delta': 22.93534702460803, 'tp': 25.60014020708973, 'gate_pct': 74.64771504966384, 'dd_limit': 2816.719005079483, 'cooldown': 0, 'flip': False, 'en_ema_trend': True, 'ema_trend_fast': 200, 'ema_trend_slow': 112, 'en_sma_trend': False, 'sma_trend_fast': 109, 'sma_trend_slow': 84, 'en_macd': True, 'macd_fast': 25, 'macd_slow': 105, 'macd_signal': 21, 'en_vwap': True, 'en_keltner': False, 'keltner_n': 74, 'keltner_m': 3.4000000000000004, 'en_obv': False, 'obv_slope': 188, 'en_cci': True, 'cci_n': 158, 'cci_threshold': 80, 'en_rsi': True, 'rsi_n': 19, 'rsi_lower': 8, 'rsi_upper': 77, 'en_stochastic': True, 'stochastic_n': 69, 'stochastic_d': 50, 'stochastic_lower': 12, 'stochastic_upper': 97, 'en_mfi': True, 'mfi_n': 17, 'mfi_lower': 23, 'mfi_upper': 59, 'en_bollinger': False, 'bollinger_n': 104, 'bollinger_k': 1.5, 'en_adx': False, 'adx_n': 59, 'adx_threshold': 35, 'en_structure_trend': True, 'structure_trend_swing_l': 4, 'en_order_block': False, 'order_block_swing_l': 13, 'en_fvg': False, 'fvg_lookback': 41, 'en_ifvg': True, 'en_breaker': True, 'breaker_swing_l': 18, 'en_cisd': False, 'k': 4, 'en_cap_bars': True, 'cap_1min': 929}.
[I 2026-07-13 17:27:47,131] Trial 286 finished with values: [-543.9254632402663, -1627.1467403401766, 55.349999999999994] and parameters: {'sl_soft': 22.60386053589123, 'sl_hard_delta': 10.457722003615679, 'tp': 19.32668301877756, 'gate_pct': 33.41518335180748, 'dd_limit': 9308.14469807598, 'cooldown': 8, 'flip': False, 'en_ema_trend': False, 'ema_trend_fast': 293, 'ema_trend_slow': 135, 'en_sma_trend': False, 'sma_trend_fast': 246, 'sma_trend_slow': 93, 'en_macd': False, 'macd_fast': 25, 'macd_slow': 53, 'macd_signal': 61, 'en_vwap': False, 'en_keltner': True, 'keltner_n': 115, 'keltner_m': 4.5, 'en_obv': True, 'obv_slope': 170, 'en_cci': False, 'cci_n': 188, 'cci_threshold': 80, 'en_rsi': False, 'rsi_n': 48, 'rsi_lower': 13, 'rsi_upper': 57, 'en_stochastic': False, 'stochastic_n': 63, 'stochastic_d': 36, 'stochastic_lower': 2, 'stochastic_upper': 62, 'en_mfi': False, 'mfi_n': 41, 'mfi_lower': 31, 'mfi_upper': 93, 'en_bollinger': True, 'bollinger_n': 57, 'bollinger_k': 3.0, 'en_adx': False, 'adx_n': 62, 'adx_threshold': 6, 'en_structure_trend': True, 'structure_trend_swing_l': 14, 'en_order_block': False, 'order_block_swing_l': 9, 'en_fvg': True, 'fvg_lookback': 10, 'en_ifvg': False, 'en_breaker': True, 'breaker_swing_l': 8, 'en_cisd': False, 'k': 1, 'en_cap_bars': True, 'cap_1min': 1370}.
[I 2026-07-13 17:27:49,303] Trial 287 pruned. 
[I 2026-07-13 17:27:51,309] Trial 288 pruned. 
[I 2026-07-13 17:27:54,151] Trial 289 finished with values: [72.81627198302886, -707.8794114743505, 27.35] and parameters: {'sl_soft': 10.494507682480968, 'sl_hard_delta': 6.822163159525327, 'tp': 42.79541306258352, 'gate_pct': 47.67526199665095, 'dd_limit': 9508.627019250667, 'cooldown': 1, 'flip': False, 'en_ema_trend': True, 'ema_trend_fast': 41, 'ema_trend_slow': 346, 'en_sma_trend': False, 'sma_trend_fast': 154, 'sma_trend_slow': 258, 'en_macd': True, 'macd_fast': 44, 'macd_slow': 63, 'macd_signal': 22, 'en_vwap': False, 'en_keltner': True, 'keltner_n': 133, 'keltner_m': 4.0, 'en_obv': True, 'obv_slope': 15, 'en_cci': False, 'cci_n': 33, 'cci_threshold': 155, 'en_rsi': True, 'rsi_n': 5, 'rsi_lower': 20, 'rsi_upper': 75, 'en_stochastic': False, 'stochastic_n': 88, 'stochastic_d': 50, 'stochastic_lower': 38, 'stochastic_upper': 74, 'en_mfi': True, 'mfi_n': 90, 'mfi_lower': 17, 'mfi_upper': 65, 'en_bollinger': True, 'bollinger_n': 52, 'bollinger_k': 2.2, 'en_adx': False, 'adx_n': 48, 'adx_threshold': 34, 'en_structure_trend': True, 'structure_trend_swing_l': 7, 'en_order_block': False, 'order_block_swing_l': 19, 'en_fvg': False, 'fvg_lookback': 42, 'en_ifvg': True, 'en_breaker': False, 'breaker_swing_l': 5, 'en_cisd': True, 'k': 4, 'en_cap_bars': True, 'cap_1min': 772}.
[I 2026-07-13 17:27:54,477] Trial 290 pruned. 
[I 2026-07-13 17:27:54,980] Trial 291 finished with values: [-59.39042639263789, -328.5976065981595, 50.85] and parameters: {'sl_soft': 13.417321197537158, 'sl_hard_delta': 18.132241751897425, 'tp': 15.280478680365094, 'gate_pct': 26.3517884829504, 'dd_limit': 9592.055300611895, 'cooldown': 34, 'flip': True, 'en_ema_trend': False, 'ema_trend_fast': 141, 'ema_trend_slow': 87, 'en_sma_trend': True, 'sma_trend_fast': 357, 'sma_trend_slow': 242, 'en_macd': False, 'macd_fast': 69, 'macd_slow': 142, 'macd_signal': 61, 'en_vwap': True, 'en_keltner': True, 'keltner_n': 3, 'keltner_m': 3.3000000000000003, 'en_obv': False, 'obv_slope': 188, 'en_cci': False, 'cci_n': 156, 'cci_threshold': 300, 'en_rsi': False, 'rsi_n': 52, 'rsi_lower': 13, 'rsi_upper': 57, 'en_stochastic': False, 'stochastic_n': 66, 'stochastic_d': 36, 'stochastic_lower': 40, 'stochastic_upper': 62, 'en_mfi': False, 'mfi_n': 80, 'mfi_lower': 30, 'mfi_upper': 70, 'en_bollinger': True, 'bollinger_n': 96, 'bollinger_k': 3.9000000000000004, 'en_adx': False, 'adx_n': 62, 'adx_threshold': 7, 'en_structure_trend': True, 'structure_trend_swing_l': 15, 'en_order_block': False, 'order_block_swing_l': 18, 'en_fvg': True, 'fvg_lookback': 25, 'en_ifvg': True, 'en_breaker': True, 'breaker_swing_l': 14, 'en_cisd': False, 'k': 4, 'en_cap_bars': True, 'cap_1min': 652}.
[I 2026-07-13 17:27:56,515] Trial 292 finished with values: [-27.5, -490.0, 44.05] and parameters: {'sl_soft': 22.60386053589123, 'sl_hard_delta': 22.93534702460803, 'tp': 32.2135481095783, 'gate_pct': 47.67526199665095, 'dd_limit': 9508.627019250667, 'cooldown': 0, 'flip': True, 'en_ema_trend': True, 'ema_trend_fast': 41, 'ema_trend_slow': 99, 'en_sma_trend': False, 'sma_trend_fast': 370, 'sma_trend_slow': 84, 'en_macd': False, 'macd_fast': 31, 'macd_slow': 18, 'macd_signal': 54, 'en_vwap': True, 'en_keltner': False, 'keltner_n': 74, 'keltner_m': 4.5, 'en_obv': True, 'obv_slope': 188, 'en_cci': True, 'cci_n': 7, 'cci_threshold': 90, 'en_rsi': False, 'rsi_n': 48, 'rsi_lower': 8, 'rsi_upper': 58, 'en_stochastic': False, 'stochastic_n': 63, 'stochastic_d': 34, 'stochastic_lower': 12, 'stochastic_upper': 94, 'en_mfi': True, 'mfi_n': 70, 'mfi_lower': 2, 'mfi_upper': 62, 'en_bollinger': True, 'bollinger_n': 104, 'bollinger_k': 4.8, 'en_adx': False, 'adx_n': 99, 'adx_threshold': 26, 'en_structure_trend': False, 'structure_trend_swing_l': 3, 'en_order_block': False, 'order_block_swing_l': 17, 'en_fvg': False, 'fvg_lookback': 25, 'en_ifvg': True, 'en_breaker': True, 'breaker_swing_l': 18, 'en_cisd': True, 'k': 4, 'en_cap_bars': True, 'cap_1min': 3}.
[I 2026-07-13 17:27:58,474] Trial 293 pruned. 
[I 2026-07-13 17:28:01,201] Trial 294 finished with values: [-82.6596878118653, -389.5620203684666, 53.8] and parameters: {'sl_soft': 12.023742953585678, 'sl_hard_delta': 4.204358064837304, 'tp': 11.768073292054666, 'gate_pct': 74.64771504966384, 'dd_limit': 365.1680353374175, 'cooldown': 20, 'flip': False, 'en_ema_trend': True, 'ema_trend_fast': 351, 'ema_trend_slow': 94, 'en_sma_trend': False, 'sma_trend_fast': 283, 'sma_trend_slow': 370, 'en_macd': False, 'macd_fast': 50, 'macd_slow': 98, 'macd_signal': 87, 'en_vwap': True, 'en_keltner': False, 'keltner_n': 149, 'keltner_m': 3.9000000000000004, 'en_obv': False, 'obv_slope': 185, 'en_cci': True, 'cci_n': 56, 'cci_threshold': 95, 'en_rsi': True, 'rsi_n': 93, 'rsi_lower': 36, 'rsi_upper': 94, 'en_stochastic': True, 'stochastic_n': 77, 'stochastic_d': 24, 'stochastic_lower': 34, 'stochastic_upper': 53, 'en_mfi': False, 'mfi_n': 13, 'mfi_lower': 23, 'mfi_upper': 51, 'en_bollinger': False, 'bollinger_n': 92, 'bollinger_k': 1.9000000000000001, 'en_adx': False, 'adx_n': 50, 'adx_threshold': 9, 'en_structure_trend': True, 'structure_trend_swing_l': 18, 'en_order_block': True, 'order_block_swing_l': 13, 'en_fvg': True, 'fvg_lookback': 41, 'en_ifvg': False, 'en_breaker': False, 'breaker_swing_l': 9, 'en_cisd': False, 'k': 4, 'en_cap_bars': False, 'cap_1min': 651}.
[I 2026-07-13 17:28:01,618] Trial 295 finished with values: [322.5525160157122, -762.8034678779659, 58.0] and parameters: {'sl_soft': 11.828074798855372, 'sl_hard_delta': 4.209268042123824, 'tp': 13.60446326213589, 'gate_pct': 77.7098229275783, 'dd_limit': 1393.7003097166044, 'cooldown': 8, 'flip': True, 'en_ema_trend': True, 'ema_trend_fast': 271, 'ema_trend_slow': 85, 'en_sma_trend': False, 'sma_trend_fast': 395, 'sma_trend_slow': 263, 'en_macd': True, 'macd_fast': 30, 'macd_slow': 94, 'macd_signal': 34, 'en_vwap': True, 'en_keltner': True, 'keltner_n': 168, 'keltner_m': 2.1, 'en_obv': True, 'obv_slope': 188, 'en_cci': True, 'cci_n': 88, 'cci_threshold': 120, 'en_rsi': False, 'rsi_n': 37, 'rsi_lower': 43, 'rsi_upper': 52, 'en_stochastic': False, 'stochastic_n': 56, 'stochastic_d': 12, 'stochastic_lower': 2, 'stochastic_upper': 67, 'en_mfi': True, 'mfi_n': 42, 'mfi_lower': 20, 'mfi_upper': 65, 'en_bollinger': True, 'bollinger_n': 137, 'bollinger_k': 1.7000000000000002, 'en_adx': False, 'adx_n': 74, 'adx_threshold': 7, 'en_structure_trend': True, 'structure_trend_swing_l': 7, 'en_order_block': False, 'order_block_swing_l': 12, 'en_fvg': True, 'fvg_lookback': 37, 'en_ifvg': True, 'en_breaker': False, 'breaker_swing_l': 7, 'en_cisd': True, 'k': 4, 'en_cap_bars': False, 'cap_1min': 772}.
[I 2026-07-13 17:28:04,024] Trial 296 pruned. 
[I 2026-07-13 17:28:04,175] Trial 297 pruned. 
[I 2026-07-13 17:28:04,939] Trial 298 pruned. 
[I 2026-07-13 17:28:05,484] Trial 299 finished with values: [260.3349773166701, -406.89098040289537, 57.349999999999994] and parameters: {'sl_soft': 10.245954328680858, 'sl_hard_delta': 18.132241751897425, 'tp': 27.72259577195913, 'gate_pct': 42.37120833684469, 'dd_limit': 3719.9389583336606, 'cooldown': 22, 'flip': False, 'en_ema_trend': False, 'ema_trend_fast': 41, 'ema_trend_slow': 346, 'en_sma_trend': True, 'sma_trend_fast': 7, 'sma_trend_slow': 57, 'en_macd': True, 'macd_fast': 69, 'macd_slow': 63, 'macd_signal': 41, 'en_vwap': True, 'en_keltner': True, 'keltner_n': 3, 'keltner_m': 4.0, 'en_obv': True, 'obv_slope': 160, 'en_cci': False, 'cci_n': 117, 'cci_threshold': 300, 'en_rsi': True, 'rsi_n': 52, 'rsi_lower': 20, 'rsi_upper': 75, 'en_stochastic': False, 'stochastic_n': 66, 'stochastic_d': 9, 'stochastic_lower': 40, 'stochastic_upper': 60, 'en_mfi': False, 'mfi_n': 90, 'mfi_lower': 7, 'mfi_upper': 65, 'en_bollinger': False, 'bollinger_n': 96, 'bollinger_k': 4.6000000000000005, 'en_adx': True, 'adx_n': 56, 'adx_threshold': 7, 'en_structure_trend': False, 'structure_trend_swing_l': 14, 'en_order_block': True, 'order_block_swing_l': 18, 'en_fvg': False, 'fvg_lookback': 42, 'en_ifvg': True, 'en_breaker': True, 'breaker_swing_l': 20, 'en_cisd': True, 'k': 5, 'en_cap_bars': True, 'cap_1min': 3}.
[I 2026-07-13 17:28:11,467] Trial 300 finished with values: [62.5, -341.7870026939636, 46.0] and parameters: {'sl_soft': 21.91180555790227, 'sl_hard_delta': 11.445594980891276, 'tp': 23.976700355745017, 'gate_pct': 47.67526199665095, 'dd_limit': 9508.627019250667, 'cooldown': 22, 'flip': True, 'en_ema_trend': False, 'ema_trend_fast': 104, 'ema_trend_slow': 346, 'en_sma_trend': True, 'sma_trend_fast': 395, 'sma_trend_slow': 258, 'en_macd': True, 'macd_fast': 31, 'macd_slow': 94, 'macd_signal': 66, 'en_vwap': True, 'en_keltner': True, 'keltner_n': 6, 'keltner_m': 4.300000000000001, 'en_obv': True, 'obv_slope': 160, 'en_cci': True, 'cci_n': 32, 'cci_threshold': 65, 'en_rsi': True, 'rsi_n': 73, 'rsi_lower': 15, 'rsi_upper': 81, 'en_stochastic': True, 'stochastic_n': 15, 'stochastic_d': 29, 'stochastic_lower': 38, 'stochastic_upper': 54, 'en_mfi': False, 'mfi_n': 70, 'mfi_lower': 17, 'mfi_upper': 65, 'en_bollinger': True, 'bollinger_n': 182, 'bollinger_k': 1.7000000000000002, 'en_adx': False, 'adx_n': 20, 'adx_threshold': 34, 'en_structure_trend': False, 'structure_trend_swing_l': 19, 'en_order_block': True, 'order_block_swing_l': 17, 'en_fvg': False, 'fvg_lookback': 37, 'en_ifvg': True, 'en_breaker': True, 'breaker_swing_l': 18, 'en_cisd': False, 'k': 1, 'en_cap_bars': True, 'cap_1min': 3}.
