[I 2026-07-13 17:17:29,965] Trial 463 finished with values: [-982.9940520420496, -3713.8323420070083, 50.0] and parameters: {'sl_soft': 153.11311925365692, 'sl_hard_delta': 209.38895776820772, 'tp': 126.2335315985982, 'gate_pct': 61.70561390485503, 'dd_limit': 8994.231768656287, 'cooldown': 0, 'flip': False, 'en_ema_trend': True, 'ema_trend_fast': 271, 'ema_trend_slow': 376, 'en_sma_trend': False, 'sma_trend_fast': 59, 'sma_trend_slow': 272, 'en_macd': True, 'macd_fast': 80, 'macd_slow': 190, 'macd_signal': 100, 'en_vwap': True, 'en_keltner': False, 'keltner_n': 200, 'keltner_m': 4.5, 'en_obv': False, 'obv_slope': 169, 'en_cci': False, 'cci_n': 88, 'cci_threshold': 120, 'en_rsi': False, 'rsi_n': 33, 'rsi_lower': 16, 'rsi_upper': 74, 'en_stochastic': False, 'stochastic_n': 93, 'stochastic_d': 37, 'stochastic_lower': 12, 'stochastic_upper': 62, 'en_mfi': True, 'mfi_n': 86, 'mfi_lower': 45, 'mfi_upper': 98, 'en_bollinger': True, 'bollinger_n': 133, 'bollinger_k': 1.9000000000000001, 'en_adx': False, 'adx_n': 100, 'adx_threshold': 19, 'en_structure_trend': True, 'structure_trend_swing_l': 18, 'en_order_block': True, 'order_block_swing_l': 19, 'en_fvg': True, 'fvg_lookback': 4, 'en_ifvg': False, 'en_breaker': True, 'breaker_swing_l': 5, 'en_cisd': False, 'k': 4, 'en_cap_bars': True, 'cap_1min': 1171}.
[I 2026-07-13 17:17:32,136] Trial 464 finished with values: [3535.963689515793, -4508.172889157904, 53.35] and parameters: {'sl_soft': 155.41178356786656, 'sl_hard_delta': 47.93847798413708, 'tp': 205.42892093010263, 'gate_pct': 62.36722070556089, 'dd_limit': 3472.385954977282, 'cooldown': 4, 'flip': True, 'en_ema_trend': True, 'ema_trend_fast': 40, 'ema_trend_slow': 361, 'en_sma_trend': True, 'sma_trend_fast': 178, 'sma_trend_slow': 265, 'en_macd': False, 'macd_fast': 57, 'macd_slow': 64, 'macd_signal': 54, 'en_vwap': True, 'en_keltner': True, 'keltner_n': 49, 'keltner_m': 4.5, 'en_obv': False, 'obv_slope': 191, 'en_cci': True, 'cci_n': 73, 'cci_threshold': 165, 'en_rsi': True, 'rsi_n': 43, 'rsi_lower': 19, 'rsi_upper': 58, 'en_stochastic': False, 'stochastic_n': 65, 'stochastic_d': 42, 'stochastic_lower': 44, 'stochastic_upper': 52, 'en_mfi': False, 'mfi_n': 41, 'mfi_lower': 2, 'mfi_upper': 92, 'en_bollinger': True, 'bollinger_n': 62, 'bollinger_k': 4.9, 'en_adx': False, 'adx_n': 2, 'adx_threshold': 26, 'en_structure_trend': False, 'structure_trend_swing_l': 9, 'en_order_block': False, 'order_block_swing_l': 12, 'en_fvg': True, 'fvg_lookback': 45, 'en_ifvg': False, 'en_breaker': True, 'breaker_swing_l': 18, 'en_cisd': True, 'k': 3, 'en_cap_bars': False, 'cap_1min': 227}.
[I 2026-07-13 17:17:38,324] Trial 465 finished with values: [405.10291506827343, -1645.0, 27.75] and parameters: {'sl_soft': 53.32413091561695, 'sl_hard_delta': 29.30242220933063, 'tp': 275.05797721734143, 'gate_pct': 83.33433192606572, 'dd_limit': 8355.299783576986, 'cooldown': 4, 'flip': False, 'en_ema_trend': False, 'ema_trend_fast': 196, 'ema_trend_slow': 346, 'en_sma_trend': False, 'sma_trend_fast': 92, 'sma_trend_slow': 258, 'en_macd': True, 'macd_fast': 6, 'macd_slow': 180, 'macd_signal': 36, 'en_vwap': False, 'en_keltner': False, 'keltner_n': 116, 'keltner_m': 3.1, 'en_obv': True, 'obv_slope': 160, 'en_cci': True, 'cci_n': 33, 'cci_threshold': 45, 'en_rsi': False, 'rsi_n': 39, 'rsi_lower': 20, 'rsi_upper': 76, 'en_stochastic': True, 'stochastic_n': 74, 'stochastic_d': 19, 'stochastic_lower': 42, 'stochastic_upper': 77, 'en_mfi': False, 'mfi_n': 68, 'mfi_lower': 31, 'mfi_upper': 65, 'en_bollinger': False, 'bollinger_n': 115, 'bollinger_k': 3.3000000000000003, 'en_adx': False, 'adx_n': 97, 'adx_threshold': 9, 'en_structure_trend': False, 'structure_trend_swing_l': 14, 'en_order_block': False, 'order_block_swing_l': 12, 'en_fvg': True, 'fvg_lookback': 13, 'en_ifvg': True, 'en_breaker': True, 'breaker_swing_l': 15, 'en_cisd': False, 'k': 2, 'en_cap_bars': True, 'cap_1min': 846}.
[I 2026-07-13 17:17:39,730] Trial 466 finished with values: [1738.0188115875899, -3129.3291529805356, 61.900000000000006] and parameters: {'sl_soft': 153.11311925365692, 'sl_hard_delta': 257.0849179212227, 'tp': 151.13416940389638, 'gate_pct': 61.70561390485503, 'dd_limit': 8994.231768656287, 'cooldown': 4, 'flip': False, 'en_ema_trend': True, 'ema_trend_fast': 11, 'ema_trend_slow': 277, 'en_sma_trend': True, 'sma_trend_fast': 59, 'sma_trend_slow': 261, 'en_macd': True, 'macd_fast': 50, 'macd_slow': 175, 'macd_signal': 100, 'en_vwap': False, 'en_keltner': False, 'keltner_n': 5, 'keltner_m': 3.3000000000000003, 'en_obv': True, 'obv_slope': 150, 'en_cci': True, 'cci_n': 123, 'cci_threshold': 120, 'en_rsi': False, 'rsi_n': 76, 'rsi_lower': 16, 'rsi_upper': 74, 'en_stochastic': False, 'stochastic_n': 93, 'stochastic_d': 37, 'stochastic_lower': 12, 'stochastic_upper': 62, 'en_mfi': True, 'mfi_n': 86, 'mfi_lower': 34, 'mfi_upper': 90, 'en_bollinger': True, 'bollinger_n': 133, 'bollinger_k': 1.9000000000000001, 'en_adx': False, 'adx_n': 100, 'adx_threshold': 14, 'en_structure_trend': False, 'structure_trend_swing_l': 18, 'en_order_block': True, 'order_block_swing_l': 19, 'en_fvg': True, 'fvg_lookback': 1, 'en_ifvg': True, 'en_breaker': True, 'breaker_swing_l': 4, 'en_cisd': False, 'k': 5, 'en_cap_bars': True, 'cap_1min': 1171}.
[I 2026-07-13 17:17:40,957] Trial 467 finished with values: [1449.10516003456, -1759.6574094036623, 32.5] and parameters: {'sl_soft': 39.62905967140161, 'sl_hard_delta': 29.30242220933063, 'tp': 209.91750462921408, 'gate_pct': 62.02693045764362, 'dd_limit': 8994.231768656287, 'cooldown': 4, 'flip': False, 'en_ema_trend': True, 'ema_trend_fast': 141, 'ema_trend_slow': 346, 'en_sma_trend': False, 'sma_trend_fast': 59, 'sma_trend_slow': 261, 'en_macd': True, 'macd_fast': 57, 'macd_slow': 175, 'macd_signal': 54, 'en_vwap': True, 'en_keltner': True, 'keltner_n': 49, 'keltner_m': 4.5, 'en_obv': True, 'obv_slope': 129, 'en_cci': True, 'cci_n': 33, 'cci_threshold': 30, 'en_rsi': False, 'rsi_n': 76, 'rsi_lower': 19, 'rsi_upper': 63, 'en_stochastic': False, 'stochastic_n': 88, 'stochastic_d': 14, 'stochastic_lower': 42, 'stochastic_upper': 62, 'en_mfi': True, 'mfi_n': 11, 'mfi_lower': 34, 'mfi_upper': 95, 'en_bollinger': True, 'bollinger_n': 182, 'bollinger_k': 4.8, 'en_adx': False, 'adx_n': 55, 'adx_threshold': 26, 'en_structure_trend': True, 'structure_trend_swing_l': 14, 'en_order_block': False, 'order_block_swing_l': 1, 'en_fvg': False, 'fvg_lookback': 42, 'en_ifvg': True, 'en_breaker': True, 'breaker_swing_l': 4, 'en_cisd': False, 'k': 5, 'en_cap_bars': False, 'cap_1min': 765}.
[I 2026-07-13 17:17:41,625] Trial 468 pruned. 
[I 2026-07-13 17:17:42,007] Trial 469 finished with values: [730.8542350973221, -2330.0, 47.2] and parameters: {'sl_soft': 110.92514392817937, 'sl_hard_delta': 257.0849179212227, 'tp': 151.13416940389638, 'gate_pct': 62.02693045764362, 'dd_limit': 8994.231768656287, 'cooldown': 4, 'flip': False, 'en_ema_trend': True, 'ema_trend_fast': 393, 'ema_trend_slow': 361, 'en_sma_trend': False, 'sma_trend_fast': 59, 'sma_trend_slow': 261, 'en_macd': True, 'macd_fast': 57, 'macd_slow': 175, 'macd_signal': 54, 'en_vwap': True, 'en_keltner': True, 'keltner_n': 49, 'keltner_m': 4.5, 'en_obv': True, 'obv_slope': 168, 'en_cci': True, 'cci_n': 123, 'cci_threshold': 90, 'en_rsi': False, 'rsi_n': 76, 'rsi_lower': 19, 'rsi_upper': 99, 'en_stochastic': False, 'stochastic_n': 71, 'stochastic_d': 34, 'stochastic_lower': 12, 'stochastic_upper': 62, 'en_mfi': True, 'mfi_n': 41, 'mfi_lower': 34, 'mfi_upper': 95, 'en_bollinger': True, 'bollinger_n': 133, 'bollinger_k': 4.8, 'en_adx': False, 'adx_n': 100, 'adx_threshold': 26, 'en_structure_trend': True, 'structure_trend_swing_l': 18, 'en_order_block': False, 'order_block_swing_l': 12, 'en_fvg': True, 'fvg_lookback': 45, 'en_ifvg': True, 'en_breaker': False, 'breaker_swing_l': 4, 'en_cisd': False, 'k': 5, 'en_cap_bars': False, 'cap_1min': 1165}.
[I 2026-07-13 17:17:42,824] Trial 470 pruned. 
[I 2026-07-13 17:17:43,119] Trial 471 pruned. 
[I 2026-07-13 17:17:43,922] Trial 472 finished with values: [-3167.97137567557, -7005.376276458046, 33.95] and parameters: {'sl_soft': 110.92514392817937, 'sl_hard_delta': 29.30242220933063, 'tp': 209.91750462921408, 'gate_pct': 97.42810939583096, 'dd_limit': 3975.4449591887696, 'cooldown': 4, 'flip': False, 'en_ema_trend': False, 'ema_trend_fast': 141, 'ema_trend_slow': 42, 'en_sma_trend': False, 'sma_trend_fast': 221, 'sma_trend_slow': 258, 'en_macd': True, 'macd_fast': 16, 'macd_slow': 115, 'macd_signal': 23, 'en_vwap': False, 'en_keltner': True, 'keltner_n': 49, 'keltner_m': 3.9000000000000004, 'en_obv': True, 'obv_slope': 129, 'en_cci': False, 'cci_n': 33, 'cci_threshold': 30, 'en_rsi': False, 'rsi_n': 24, 'rsi_lower': 19, 'rsi_upper': 58, 'en_stochastic': False, 'stochastic_n': 13, 'stochastic_d': 34, 'stochastic_lower': 42, 'stochastic_upper': 53, 'en_mfi': True, 'mfi_n': 11, 'mfi_lower': 15, 'mfi_upper': 58, 'en_bollinger': False, 'bollinger_n': 25, 'bollinger_k': 4.300000000000001, 'en_adx': False, 'adx_n': 49, 'adx_threshold': 7, 'en_structure_trend': False, 'structure_trend_swing_l': 14, 'en_order_block': False, 'order_block_swing_l': 12, 'en_fvg': False, 'fvg_lookback': 42, 'en_ifvg': False, 'en_breaker': True, 'breaker_swing_l': 18, 'en_cisd': True, 'k': 1, 'en_cap_bars': False, 'cap_1min': 733}.
[I 2026-07-13 17:17:45,637] Trial 473 finished with values: [6202.070177932565, -3524.6906870681414, 58.849999999999994] and parameters: {'sl_soft': 155.41178356786656, 'sl_hard_delta': 29.05728513894959, 'tp': 279.07497782388, 'gate_pct': 62.36722070556089, 'dd_limit': 3472.385954977282, 'cooldown': 1, 'flip': True, 'en_ema_trend': True, 'ema_trend_fast': 40, 'ema_trend_slow': 250, 'en_sma_trend': False, 'sma_trend_fast': 62, 'sma_trend_slow': 265, 'en_macd': False, 'macd_fast': 16, 'macd_slow': 151, 'macd_signal': 23, 'en_vwap': False, 'en_keltner': True, 'keltner_n': 175, 'keltner_m': 4.300000000000001, 'en_obv': False, 'obv_slope': 191, 'en_cci': True, 'cci_n': 73, 'cci_threshold': 165, 'en_rsi': True, 'rsi_n': 43, 'rsi_lower': 2, 'rsi_upper': 88, 'en_stochastic': False, 'stochastic_n': 27, 'stochastic_d': 32, 'stochastic_lower': 36, 'stochastic_upper': 52, 'en_mfi': False, 'mfi_n': 55, 'mfi_lower': 15, 'mfi_upper': 92, 'en_bollinger': True, 'bollinger_n': 195, 'bollinger_k': 3.4000000000000004, 'en_adx': False, 'adx_n': 54, 'adx_threshold': 12, 'en_structure_trend': False, 'structure_trend_swing_l': 9, 'en_order_block': False, 'order_block_swing_l': 13, 'en_fvg': False, 'fvg_lookback': 35, 'en_ifvg': False, 'en_breaker': True, 'breaker_swing_l': 5, 'en_cisd': True, 'k': 4, 'en_cap_bars': False, 'cap_1min': 733}.
[I 2026-07-13 17:17:46,104] Trial 474 finished with values: [-50.683020704545925, -5885.876886735023, 44.3] and parameters: {'sl_soft': 158.92345486967875, 'sl_hard_delta': 29.30242220933063, 'tp': 281.50225389001224, 'gate_pct': 81.43219065749138, 'dd_limit': 7424.489916885895, 'cooldown': 1, 'flip': True, 'en_ema_trend': True, 'ema_trend_fast': 177, 'ema_trend_slow': 381, 'en_sma_trend': True, 'sma_trend_fast': 221, 'sma_trend_slow': 357, 'en_macd': True, 'macd_fast': 33, 'macd_slow': 15, 'macd_signal': 13, 'en_vwap': False, 'en_keltner': True, 'keltner_n': 17, 'keltner_m': 4.5, 'en_obv': True, 'obv_slope': 182, 'en_cci': True, 'cci_n': 198, 'cci_threshold': 170, 'en_rsi': False, 'rsi_n': 39, 'rsi_lower': 15, 'rsi_upper': 71, 'en_stochastic': True, 'stochastic_n': 97, 'stochastic_d': 14, 'stochastic_lower': 17, 'stochastic_upper': 72, 'en_mfi': False, 'mfi_n': 11, 'mfi_lower': 1, 'mfi_upper': 57, 'en_bollinger': False, 'bollinger_n': 125, 'bollinger_k': 4.300000000000001, 'en_adx': False, 'adx_n': 68, 'adx_threshold': 21, 'en_structure_trend': False, 'structure_trend_swing_l': 19, 'en_order_block': False, 'order_block_swing_l': 3, 'en_fvg': False, 'fvg_lookback': 25, 'en_ifvg': False, 'en_breaker': True, 'breaker_swing_l': 15, 'en_cisd': True, 'k': 4, 'en_cap_bars': False, 'cap_1min': 1332}.
[I 2026-07-13 17:17:48,183] Trial 475 pruned. 
[I 2026-07-13 17:17:54,951] Trial 476 finished with values: [1995.1212583063898, -3474.1561634939717, 61.8] and parameters: {'sl_soft': 176.64602426808278, 'sl_hard_delta': 54.185208430712976, 'tp': 126.70242516612717, 'gate_pct': 81.43219065749138, 'dd_limit': 1156.8429090684392, 'cooldown': 1, 'flip': True, 'en_ema_trend': True, 'ema_trend_fast': 177, 'ema_trend_slow': 139, 'en_sma_trend': True, 'sma_trend_fast': 79, 'sma_trend_slow': 138, 'en_macd': False, 'macd_fast': 93, 'macd_slow': 21, 'macd_signal': 93, 'en_vwap': True, 'en_keltner': True, 'keltner_n': 160, 'keltner_m': 3.8000000000000003, 'en_obv': True, 'obv_slope': 182, 'en_cci': False, 'cci_n': 124, 'cci_threshold': 105, 'en_rsi': False, 'rsi_n': 9, 'rsi_lower': 7, 'rsi_upper': 90, 'en_stochastic': True, 'stochastic_n': 5, 'stochastic_d': 3, 'stochastic_lower': 28, 'stochastic_upper': 72, 'en_mfi': True, 'mfi_n': 41, 'mfi_lower': 44, 'mfi_upper': 88, 'en_bollinger': True, 'bollinger_n': 9, 'bollinger_k': 0.5, 'en_adx': False, 'adx_n': 32, 'adx_threshold': 11, 'en_structure_trend': True, 'structure_trend_swing_l': 15, 'en_order_block': False, 'order_block_swing_l': 7, 'en_fvg': False, 'fvg_lookback': 34, 'en_ifvg': True, 'en_breaker': True, 'breaker_swing_l': 15, 'en_cisd': False, 'k': 4, 'en_cap_bars': False, 'cap_1min': 1332}.
[I 2026-07-13 17:17:58,977] Trial 477 finished with values: [-68.63112216713489, -4644.877894762685, 29.15] and parameters: {'sl_soft': 74.91829381359084, 'sl_hard_delta': 29.05728513894959, 'tp': 279.07497782388, 'gate_pct': 47.67526199665095, 'dd_limit': 7070.895472661624, 'cooldown': 0, 'flip': True, 'en_ema_trend': True, 'ema_trend_fast': 41, 'ema_trend_slow': 239, 'en_sma_trend': False, 'sma_trend_fast': 62, 'sma_trend_slow': 250, 'en_macd': True, 'macd_fast': 71, 'macd_slow': 63, 'macd_signal': 1, 'en_vwap': False, 'en_keltner': True, 'keltner_n': 10, 'keltner_m': 4.0, 'en_obv': True, 'obv_slope': 191, 'en_cci': True, 'cci_n': 21, 'cci_threshold': 165, 'en_rsi': True, 'rsi_n': 43, 'rsi_lower': 38, 'rsi_upper': 87, 'en_stochastic': False, 'stochastic_n': 73, 'stochastic_d': 50, 'stochastic_lower': 17, 'stochastic_upper': 52, 'en_mfi': False, 'mfi_n': 55, 'mfi_lower': 15, 'mfi_upper': 92, 'en_bollinger': False, 'bollinger_n': 195, 'bollinger_k': 3.4000000000000004, 'en_adx': False, 'adx_n': 54, 'adx_threshold': 34, 'en_structure_trend': False, 'structure_trend_swing_l': 14, 'en_order_block': False, 'order_block_swing_l': 19, 'en_fvg': False, 'fvg_lookback': 35, 'en_ifvg': True, 'en_breaker': True, 'breaker_swing_l': 20, 'en_cisd': True, 'k': 4, 'en_cap_bars': False, 'cap_1min': 3}.
[I 2026-07-13 17:17:59,271] Trial 478 finished with values: [-1409.2123181502757, -2945.0, 17.0] and parameters: {'sl_soft': 39.62905967140161, 'sl_hard_delta': 234.55875114228695, 'tp': 268.65753636994185, 'gate_pct': 81.43219065749138, 'dd_limit': 9508.627019250667, 'cooldown': 1, 'flip': True, 'en_ema_trend': False, 'ema_trend_fast': 95, 'ema_trend_slow': 346, 'en_sma_trend': False, 'sma_trend_fast': 221, 'sma_trend_slow': 16, 'en_macd': True, 'macd_fast': 49, 'macd_slow': 63, 'macd_signal': 41, 'en_vwap': False, 'en_keltner': True, 'keltner_n': 17, 'keltner_m': 4.0, 'en_obv': True, 'obv_slope': 160, 'en_cci': True, 'cci_n': 33, 'cci_threshold': 30, 'en_rsi': False, 'rsi_n': 52, 'rsi_lower': 20, 'rsi_upper': 76, 'en_stochastic': False, 'stochastic_n': 97, 'stochastic_d': 44, 'stochastic_lower': 38, 'stochastic_upper': 77, 'en_mfi': False, 'mfi_n': 11, 'mfi_lower': 17, 'mfi_upper': 65, 'en_bollinger': False, 'bollinger_n': 182, 'bollinger_k': 4.300000000000001, 'en_adx': False, 'adx_n': 54, 'adx_threshold': 32, 'en_structure_trend': False, 'structure_trend_swing_l': 14, 'en_order_block': True, 'order_block_swing_l': 19, 'en_fvg': False, 'fvg_lookback': 42, 'en_ifvg': True, 'en_breaker': True, 'breaker_swing_l': 15, 'en_cisd': False, 'k': 5, 'en_cap_bars': False, 'cap_1min': 3}.
[I 2026-07-13 17:18:01,293] Trial 479 finished with values: [1866.1207929287411, -2270.0, 32.55] and parameters: {'sl_soft': 40.78619439976249, 'sl_hard_delta': 207.63493437311828, 'tp': 265.90805286191534, 'gate_pct': 89.05172352244134, 'dd_limit': 551.6601649489387, 'cooldown': 4, 'flip': False, 'en_ema_trend': True, 'ema_trend_fast': 77, 'ema_trend_slow': 129, 'en_sma_trend': False, 'sma_trend_fast': 305, 'sma_trend_slow': 29, 'en_macd': True, 'macd_fast': 98, 'macd_slow': 13, 'macd_signal': 30, 'en_vwap': False, 'en_keltner': False, 'keltner_n': 49, 'keltner_m': 3.1, 'en_obv': False, 'obv_slope': 44, 'en_cci': False, 'cci_n': 71, 'cci_threshold': 40, 'en_rsi': True, 'rsi_n': 58, 'rsi_lower': 9, 'rsi_upper': 60, 'en_stochastic': False, 'stochastic_n': 35, 'stochastic_d': 27, 'stochastic_lower': 14, 'stochastic_upper': 77, 'en_mfi': True, 'mfi_n': 96, 'mfi_lower': 19, 'mfi_upper': 64, 'en_bollinger': False, 'bollinger_n': 115, 'bollinger_k': 2.5, 'en_adx': False, 'adx_n': 29, 'adx_threshold': 32, 'en_structure_trend': False, 'structure_trend_swing_l': 5, 'en_order_block': False, 'order_block_swing_l': 16, 'en_fvg': False, 'fvg_lookback': 44, 'en_ifvg': False, 'en_breaker': False, 'breaker_swing_l': 12, 'en_cisd': True, 'k': 4, 'en_cap_bars': False, 'cap_1min': 522}.
[I 2026-07-13 17:18:02,863] Trial 480 pruned. 
[I 2026-07-13 17:18:04,500] Trial 481 finished with values: [-24.651059519928822, -3914.347196840172, 38.75] and parameters: {'sl_soft': 158.92345486967875, 'sl_hard_delta': 36.51126481433737, 'tp': 281.50225389001224, 'gate_pct': 81.43219065749138, 'dd_limit': 7860.101132279564, 'cooldown': 2, 'flip': False, 'en_ema_trend': True, 'ema_trend_fast': 385, 'ema_trend_slow': 349, 'en_sma_trend': True, 'sma_trend_fast': 387, 'sma_trend_slow': 346, 'en_macd': True, 'macd_fast': 71, 'macd_slow': 160, 'macd_signal': 61, 'en_vwap': False, 'en_keltner': True, 'keltner_n': 84, 'keltner_m': 4.5, 'en_obv': True, 'obv_slope': 31, 'en_cci': True, 'cci_n': 158, 'cci_threshold': 105, 'en_rsi': False, 'rsi_n': 12, 'rsi_lower': 25, 'rsi_upper': 71, 'en_stochastic': True, 'stochastic_n': 97, 'stochastic_d': 14, 'stochastic_lower': 17, 'stochastic_upper': 72, 'en_mfi': False, 'mfi_n': 11, 'mfi_lower': 1, 'mfi_upper': 97, 'en_bollinger': False, 'bollinger_n': 163, 'bollinger_k': 4.9, 'en_adx': True, 'adx_n': 88, 'adx_threshold': 11, 'en_structure_trend': True, 'structure_trend_swing_l': 19, 'en_order_block': False, 'order_block_swing_l': 11, 'en_fvg': False, 'fvg_lookback': 23, 'en_ifvg': False, 'en_breaker': True, 'breaker_swing_l': 1, 'en_cisd': True, 'k': 2, 'en_cap_bars': True, 'cap_1min': 1332}.
[I 2026-07-13 17:18:04,882] Trial 482 pruned. 
[I 2026-07-13 17:18:06,151] Trial 483 finished with values: [862.2976651151657, -4393.044270627361, 44.65] and parameters: {'sl_soft': 127.50200485340642, 'sl_hard_delta': 29.30242220933063, 'tp': 196.03928967751625, 'gate_pct': 67.43945106994327, 'dd_limit': 7860.101132279564, 'cooldown': 1, 'flip': False, 'en_ema_trend': True, 'ema_trend_fast': 385, 'ema_trend_slow': 346, 'en_sma_trend': False, 'sma_trend_fast': 387, 'sma_trend_slow': 346, 'en_macd': True, 'macd_fast': 71, 'macd_slow': 160, 'macd_signal': 61, 'en_vwap': False, 'en_keltner': False, 'keltner_n': 17, 'keltner_m': 4.0, 'en_obv': True, 'obv_slope': 160, 'en_cci': True, 'cci_n': 33, 'cci_threshold': 30, 'en_rsi': False, 'rsi_n': 39, 'rsi_lower': 25, 'rsi_upper': 70, 'en_stochastic': True, 'stochastic_n': 16, 'stochastic_d': 40, 'stochastic_lower': 38, 'stochastic_upper': 82, 'en_mfi': False, 'mfi_n': 69, 'mfi_lower': 17, 'mfi_upper': 97, 'en_bollinger': False, 'bollinger_n': 163, 'bollinger_k': 4.300000000000001, 'en_adx': False, 'adx_n': 88, 'adx_threshold': 11, 'en_structure_trend': False, 'structure_trend_swing_l': 14, 'en_order_block': False, 'order_block_swing_l': 11, 'en_fvg': False, 'fvg_lookback': 42, 'en_ifvg': False, 'en_breaker': True, 'breaker_swing_l': 15, 'en_cisd': False, 'k': 4, 'en_cap_bars': False, 'cap_1min': 801}.
[I 2026-07-13 17:18:07,194] Trial 484 pruned. 
[I 2026-07-13 17:18:09,635] Trial 485 finished with values: [730.0982241937891, -1321.8686612120655, 50.0] and parameters: {'sl_soft': 53.32413091561695, 'sl_hard_delta': 46.04960132679596, 'tp': 196.03928967751625, 'gate_pct': 83.33433192606572, 'dd_limit': 9508.627019250667, 'cooldown': 0, 'flip': False, 'en_ema_trend': False, 'ema_trend_fast': 41, 'ema_trend_slow': 346, 'en_sma_trend': False, 'sma_trend_fast': 92, 'sma_trend_slow': 231, 'en_macd': True, 'macd_fast': 6, 'macd_slow': 63, 'macd_signal': 41, 'en_vwap': False, 'en_keltner': True, 'keltner_n': 133, 'keltner_m': 4.0, 'en_obv': True, 'obv_slope': 160, 'en_cci': True, 'cci_n': 21, 'cci_threshold': 205, 'en_rsi': True, 'rsi_n': 23, 'rsi_lower': 20, 'rsi_upper': 85, 'en_stochastic': False, 'stochastic_n': 74, 'stochastic_d': 50, 'stochastic_lower': 48, 'stochastic_upper': 77, 'en_mfi': False, 'mfi_n': 96, 'mfi_lower': 15, 'mfi_upper': 65, 'en_bollinger': False, 'bollinger_n': 182, 'bollinger_k': 2.2, 'en_adx': False, 'adx_n': 71, 'adx_threshold': 34, 'en_structure_trend': True, 'structure_trend_swing_l': 14, 'en_order_block': False, 'order_block_swing_l': 19, 'en_fvg': False, 'fvg_lookback': 23, 'en_ifvg': True, 'en_breaker': True, 'breaker_swing_l': 20, 'en_cisd': True, 'k': 5, 'en_cap_bars': True, 'cap_1min': 3}.
