── OPTIMIZER PLAN [2h] shared SL/TP · sampler=nsga3 ──
   dimensions: base 5c+2cat+3i = 10  |  indicators 18 on/off + 30 params  |  split 0  →  TOTAL 58 dims
   trials/dim 100  →  RECOMMENDED 5,800 trials  (∝ dimensions; grows if you add more)
[2h] loading inputs (YM, pv=5) ...
[2h] 4626 decision bars; cooldown cap 5; bounds sl_soft[32.996867305778196, 196.04021164021165] sl_hard[42.7018282780659, 262.03394625176804] tp[40.76083608360836, 310.55875111320654]; indicators on 1-MINUTE frame
/home/dev/Mulham/wsg-i/Parametric-Indicators/optimize/optimizer.py:261: ExperimentalWarning: NSGAIIISampler is experimental (supported from v3.2.0). The interface can change in the future.
  return optuna.samplers.NSGAIIISampler(seed=seed, constraints_func=constraints_func)
[2h] sampler = nsga3 → NSGAIIISampler  objective=<function run.<locals>.objective at 0x70f630577920>  dd_pnl_cap=0.25
[I 2026-07-13 16:57:24,572] A new study created in RDB with name: eod1_2h_YM
[I 2026-07-13 16:57:24,921] Trial 0 pruned. 
[I 2026-07-13 16:57:29,514] Trial 1 finished with values: [426.31211191794137, -4510.0, 47.0] and parameters: {'sl_soft': 155.41178356786656, 'sl_hard_delta': 190.23611707221207, 'tp': 279.07497782388, 'gate_pct': 62.36722070556089, 'dd_limit': 7287.8670146700415, 'cooldown': 2, 'flip': True, 'en_ema_trend': True, 'ema_trend_fast': 266, 'ema_trend_slow': 250, 'en_sma_trend': True, 'sma_trend_fast': 181, 'sma_trend_slow': 232, 'en_macd': False, 'macd_fast': 91, 'macd_slow': 116, 'macd_signal': 1, 'en_vwap': False, 'en_keltner': True, 'keltner_n': 73, 'keltner_m': 4.6000000000000005, 'en_obv': False, 'obv_slope': 186, 'en_cci': True, 'cci_n': 36, 'cci_threshold': 55, 'en_rsi': False, 'rsi_n': 8, 'rsi_lower': 38, 'rsi_upper': 87, 'en_stochastic': False, 'stochastic_n': 14, 'stochastic_d': 1, 'stochastic_lower': 2, 'stochastic_upper': 52, 'en_mfi': True, 'mfi_n': 55, 'mfi_lower': 28, 'mfi_upper': 92, 'en_bollinger': True, 'bollinger_n': 118, 'bollinger_k': 4.9, 'en_adx': False, 'adx_n': 81, 'adx_threshold': 18, 'en_structure_trend': False, 'structure_trend_swing_l': 18, 'en_order_block': False, 'order_block_swing_l': 3, 'en_fvg': True, 'fvg_lookback': 3, 'en_ifvg': True, 'en_breaker': False, 'breaker_swing_l': 1, 'en_cisd': True, 'k': 3, 'en_cap_bars': True, 'cap_1min': 1072}.
[I 2026-07-13 16:57:37,574] Trial 2 finished with values: [983.0796502250632, -3172.6489666166526, 36.75] and parameters: {'sl_soft': 64.86034348738453, 'sl_hard_delta': 152.33577390210635, 'tp': 302.4702066766686, 'gate_pct': 84.68288014900352, 'dd_limit': 2327.713141817985, 'cooldown': 2, 'flip': True, 'en_ema_trend': False, 'ema_trend_fast': 29, 'ema_trend_slow': 196, 'en_sma_trend': False, 'sma_trend_fast': 128, 'sma_trend_slow': 396, 'en_macd': False, 'macd_fast': 56, 'macd_slow': 150, 'macd_signal': 67, 'en_vwap': False, 'en_keltner': True, 'keltner_n': 43, 'keltner_m': 3.9000000000000004, 'en_obv': True, 'obv_slope': 162, 'en_cci': True, 'cci_n': 106, 'cci_threshold': 280, 'en_rsi': False, 'rsi_n': 74, 'rsi_lower': 38, 'rsi_upper': 95, 'en_stochastic': False, 'stochastic_n': 25, 'stochastic_d': 31, 'stochastic_lower': 47, 'stochastic_upper': 97, 'en_mfi': True, 'mfi_n': 65, 'mfi_lower': 20, 'mfi_upper': 74, 'en_bollinger': False, 'bollinger_n': 186, 'bollinger_k': 4.7, 'en_adx': True, 'adx_n': 19, 'adx_threshold': 12, 'en_structure_trend': True, 'structure_trend_swing_l': 1, 'en_order_block': False, 'order_block_swing_l': 1, 'en_fvg': True, 'fvg_lookback': 7, 'en_ifvg': False, 'en_breaker': False, 'breaker_swing_l': 18, 'en_cisd': True, 'k': 3, 'en_cap_bars': True, 'cap_1min': 412}.
[I 2026-07-13 16:57:39,503] Trial 3 pruned. 
[I 2026-07-13 16:57:44,626] Trial 4 finished with values: [-291.3878703951377, -2055.7690004587857, 45.85] and parameters: {'sl_soft': 74.91829381359084, 'sl_hard_delta': 29.05728513894959, 'tp': 92.82177886078009, 'gate_pct': 49.958417067888604, 'dd_limit': 7070.895472661624, 'cooldown': 1, 'flip': True, 'en_ema_trend': True, 'ema_trend_fast': 95, 'ema_trend_slow': 42, 'en_sma_trend': False, 'sma_trend_fast': 62, 'sma_trend_slow': 250, 'en_macd': True, 'macd_fast': 16, 'macd_slow': 151, 'macd_signal': 23, 'en_vwap': True, 'en_keltner': True, 'keltner_n': 175, 'keltner_m': 4.300000000000001, 'en_obv': True, 'obv_slope': 191, 'en_cci': True, 'cci_n': 21, 'cci_threshold': 205, 'en_rsi': False, 'rsi_n': 81, 'rsi_lower': 2, 'rsi_upper': 88, 'en_stochastic': False, 'stochastic_n': 27, 'stochastic_d': 32, 'stochastic_lower': 17, 'stochastic_upper': 90, 'en_mfi': True, 'mfi_n': 100, 'mfi_lower': 15, 'mfi_upper': 58, 'en_bollinger': False, 'bollinger_n': 195, 'bollinger_k': 3.4000000000000004, 'en_adx': False, 'adx_n': 54, 'adx_threshold': 12, 'en_structure_trend': False, 'structure_trend_swing_l': 4, 'en_order_block': False, 'order_block_swing_l': 8, 'en_fvg': False, 'fvg_lookback': 35, 'en_ifvg': True, 'en_breaker': True, 'breaker_swing_l': 5, 'en_cisd': True, 'k': 4, 'en_cap_bars': False, 'cap_1min': 733}.
[I 2026-07-13 16:57:45,298] Trial 5 pruned. 
[I 2026-07-13 16:57:46,638] Trial 6 pruned. 
[I 2026-07-13 16:57:49,022] Trial 7 pruned. 
[I 2026-07-13 16:57:50,809] Trial 8 pruned. 
[I 2026-07-13 16:57:52,314] Trial 9 pruned. 
[I 2026-07-13 16:58:01,432] Trial 10 finished with values: [569.1022525167136, -3780.0, 51.25] and parameters: {'sl_soft': 99.34279011186541, 'sl_hard_delta': 255.54135886174197, 'tp': 127.18232233407892, 'gate_pct': 98.24909449748954, 'dd_limit': 6175.326117859909, 'cooldown': 2, 'flip': False, 'en_ema_trend': True, 'ema_trend_fast': 174, 'ema_trend_slow': 144, 'en_sma_trend': True, 'sma_trend_fast': 109, 'sma_trend_slow': 324, 'en_macd': True, 'macd_fast': 50, 'macd_slow': 172, 'macd_signal': 89, 'en_vwap': True, 'en_keltner': False, 'keltner_n': 185, 'keltner_m': 1.7000000000000002, 'en_obv': True, 'obv_slope': 47, 'en_cci': True, 'cci_n': 188, 'cci_threshold': 115, 'en_rsi': False, 'rsi_n': 35, 'rsi_lower': 8, 'rsi_upper': 86, 'en_stochastic': False, 'stochastic_n': 27, 'stochastic_d': 35, 'stochastic_lower': 12, 'stochastic_upper': 71, 'en_mfi': False, 'mfi_n': 7, 'mfi_lower': 31, 'mfi_upper': 85, 'en_bollinger': True, 'bollinger_n': 35, 'bollinger_k': 1.1, 'en_adx': True, 'adx_n': 20, 'adx_threshold': 30, 'en_structure_trend': True, 'structure_trend_swing_l': 4, 'en_order_block': False, 'order_block_swing_l': 17, 'en_fvg': False, 'fvg_lookback': 31, 'en_ifvg': True, 'en_breaker': True, 'breaker_swing_l': 14, 'en_cisd': False, 'k': 3, 'en_cap_bars': False, 'cap_1min': 929}.
[I 2026-07-13 16:58:03,555] Trial 11 pruned. 
[I 2026-07-13 16:58:04,939] Trial 12 pruned. 
[I 2026-07-13 16:58:06,075] Trial 13 pruned. 
[I 2026-07-13 16:58:10,122] Trial 14 pruned. 
[I 2026-07-13 16:58:10,795] Trial 15 pruned. 
[I 2026-07-13 16:58:12,225] Trial 16 pruned. 
[I 2026-07-13 16:58:13,209] Trial 17 pruned. 
[I 2026-07-13 16:58:14,495] Trial 18 pruned. 
[I 2026-07-13 16:58:15,086] Trial 19 pruned. 
[I 2026-07-13 16:58:19,538] Trial 20 finished with values: [-1399.9040439933196, -6639.110101320766, 40.8] and parameters: {'sl_soft': 117.83054259974193, 'sl_hard_delta': 217.08677818673019, 'tp': 177.219060104463, 'gate_pct': 82.4858562385232, 'dd_limit': 2735.295580661161, 'cooldown': 1, 'flip': False, 'en_ema_trend': True, 'ema_trend_fast': 383, 'ema_trend_slow': 34, 'en_sma_trend': True, 'sma_trend_fast': 91, 'sma_trend_slow': 307, 'en_macd': True, 'macd_fast': 12, 'macd_slow': 18, 'macd_signal': 63, 'en_vwap': False, 'en_keltner': True, 'keltner_n': 39, 'keltner_m': 4.6000000000000005, 'en_obv': True, 'obv_slope': 147, 'en_cci': True, 'cci_n': 59, 'cci_threshold': 105, 'en_rsi': False, 'rsi_n': 88, 'rsi_lower': 13, 'rsi_upper': 88, 'en_stochastic': False, 'stochastic_n': 49, 'stochastic_d': 33, 'stochastic_lower': 42, 'stochastic_upper': 60, 'en_mfi': False, 'mfi_n': 90, 'mfi_lower': 2, 'mfi_upper': 55, 'en_bollinger': False, 'bollinger_n': 85, 'bollinger_k': 1.2000000000000002, 'en_adx': False, 'adx_n': 32, 'adx_threshold': 23, 'en_structure_trend': True, 'structure_trend_swing_l': 17, 'en_order_block': False, 'order_block_swing_l': 12, 'en_fvg': True, 'fvg_lookback': 8, 'en_ifvg': False, 'en_breaker': True, 'breaker_swing_l': 5, 'en_cisd': True, 'k': 4, 'en_cap_bars': False, 'cap_1min': 1298}.
[I 2026-07-13 16:58:21,214] Trial 21 pruned. 
[I 2026-07-13 16:58:22,692] Trial 22 pruned. 
[I 2026-07-13 16:58:28,860] Trial 23 finished with values: [-1270.165713143906, -8350.135526810845, 46.349999999999994] and parameters: {'sl_soft': 164.80295848477988, 'sl_hard_delta': 34.24595652363694, 'tp': 185.37321322102946, 'gate_pct': 90.0783114706916, 'dd_limit': 7480.8928317220125, 'cooldown': 2, 'flip': False, 'en_ema_trend': True, 'ema_trend_fast': 324, 'ema_trend_slow': 361, 'en_sma_trend': True, 'sma_trend_fast': 95, 'sma_trend_slow': 120, 'en_macd': False, 'macd_fast': 47, 'macd_slow': 74, 'macd_signal': 59, 'en_vwap': True, 'en_keltner': False, 'keltner_n': 155, 'keltner_m': 1.6, 'en_obv': True, 'obv_slope': 2, 'en_cci': False, 'cci_n': 110, 'cci_threshold': 195, 'en_rsi': True, 'rsi_n': 63, 'rsi_lower': 12, 'rsi_upper': 88, 'en_stochastic': True, 'stochastic_n': 11, 'stochastic_d': 30, 'stochastic_lower': 13, 'stochastic_upper': 82, 'en_mfi': False, 'mfi_n': 67, 'mfi_lower': 40, 'mfi_upper': 90, 'en_bollinger': False, 'bollinger_n': 83, 'bollinger_k': 4.5, 'en_adx': False, 'adx_n': 58, 'adx_threshold': 55, 'en_structure_trend': True, 'structure_trend_swing_l': 17, 'en_order_block': False, 'order_block_swing_l': 3, 'en_fvg': False, 'fvg_lookback': 19, 'en_ifvg': False, 'en_breaker': False, 'breaker_swing_l': 11, 'en_cisd': False, 'k': 3, 'en_cap_bars': True, 'cap_1min': 914}.
[I 2026-07-13 16:58:34,111] Trial 24 finished with values: [178.70353104724927, -2634.9468905879985, 48.75] and parameters: {'sl_soft': 109.227791601293, 'sl_hard_delta': 174.76158651630757, 'tp': 163.08112048078232, 'gate_pct': 52.57115913414096, 'dd_limit': 6391.37714091985, 'cooldown': 1, 'flip': False, 'en_ema_trend': False, 'ema_trend_fast': 188, 'ema_trend_slow': 359, 'en_sma_trend': True, 'sma_trend_fast': 167, 'sma_trend_slow': 275, 'en_macd': False, 'macd_fast': 81, 'macd_slow': 194, 'macd_signal': 2, 'en_vwap': False, 'en_keltner': False, 'keltner_n': 200, 'keltner_m': 2.2, 'en_obv': False, 'obv_slope': 89, 'en_cci': False, 'cci_n': 93, 'cci_threshold': 165, 'en_rsi': False, 'rsi_n': 21, 'rsi_lower': 6, 'rsi_upper': 58, 'en_stochastic': True, 'stochastic_n': 85, 'stochastic_d': 18, 'stochastic_lower': 4, 'stochastic_upper': 71, 'en_mfi': False, 'mfi_n': 82, 'mfi_lower': 47, 'mfi_upper': 93, 'en_bollinger': False, 'bollinger_n': 137, 'bollinger_k': 0.5, 'en_adx': False, 'adx_n': 91, 'adx_threshold': 50, 'en_structure_trend': False, 'structure_trend_swing_l': 5, 'en_order_block': True, 'order_block_swing_l': 10, 'en_fvg': False, 'fvg_lookback': 31, 'en_ifvg': False, 'en_breaker': True, 'breaker_swing_l': 7, 'en_cisd': False, 'k': 1, 'en_cap_bars': True, 'cap_1min': 1249}.
[I 2026-07-13 16:58:35,734] Trial 25 pruned. 
[I 2026-07-13 16:58:37,973] Trial 26 pruned. 
[I 2026-07-13 16:58:38,611] Trial 27 pruned. 
[I 2026-07-13 16:58:40,184] Trial 28 pruned. 
[I 2026-07-13 16:58:43,198] Trial 29 pruned. 
[I 2026-07-13 16:58:46,763] Trial 30 pruned. 
[I 2026-07-13 16:58:47,986] Trial 31 pruned. 
[I 2026-07-13 16:58:49,065] Trial 32 pruned. 
[I 2026-07-13 16:58:49,676] Trial 33 pruned. 
[I 2026-07-13 16:58:58,746] Trial 34 finished with values: [-1395.5325632334825, -4275.898456838586, 44.8] and parameters: {'sl_soft': 64.67455575578725, 'sl_hard_delta': 230.23089316076607, 'tp': 89.72575754883181, 'gate_pct': 63.90528592947753, 'dd_limit': 7189.695940132639, 'cooldown': 3, 'flip': False, 'en_ema_trend': True, 'ema_trend_fast': 159, 'ema_trend_slow': 266, 'en_sma_trend': False, 'sma_trend_fast': 362, 'sma_trend_slow': 154, 'en_macd': False, 'macd_fast': 80, 'macd_slow': 104, 'macd_signal': 54, 'en_vwap': False, 'en_keltner': False, 'keltner_n': 8, 'keltner_m': 1.7000000000000002, 'en_obv': True, 'obv_slope': 18, 'en_cci': True, 'cci_n': 184, 'cci_threshold': 90, 'en_rsi': True, 'rsi_n': 69, 'rsi_lower': 16, 'rsi_upper': 74, 'en_stochastic': False, 'stochastic_n': 88, 'stochastic_d': 37, 'stochastic_lower': 47, 'stochastic_upper': 68, 'en_mfi': False, 'mfi_n': 65, 'mfi_lower': 37, 'mfi_upper': 90, 'en_bollinger': True, 'bollinger_n': 164, 'bollinger_k': 3.8000000000000003, 'en_adx': True, 'adx_n': 19, 'adx_threshold': 17, 'en_structure_trend': True, 'structure_trend_swing_l': 13, 'en_order_block': False, 'order_block_swing_l': 7, 'en_fvg': False, 'fvg_lookback': 28, 'en_ifvg': False, 'en_breaker': True, 'breaker_swing_l': 7, 'en_cisd': True, 'k': 3, 'en_cap_bars': True, 'cap_1min': 583}.
[I 2026-07-13 16:59:00,248] Trial 35 pruned. 
[I 2026-07-13 16:59:04,966] Trial 36 finished with values: [-4323.1976202035, -6916.500384154315, 49.8] and parameters: {'sl_soft': 177.72769360845183, 'sl_hard_delta': 9.231788880763899, 'tp': 110.22254426201752, 'gate_pct': 65.16840317406685, 'dd_limit': 2773.5122147635702, 'cooldown': 0, 'flip': False, 'en_ema_trend': True, 'ema_trend_fast': 67, 'ema_trend_slow': 292, 'en_sma_trend': False, 'sma_trend_fast': 75, 'sma_trend_slow': 96, 'en_macd': True, 'macd_fast': 89, 'macd_slow': 120, 'macd_signal': 11, 'en_vwap': True, 'en_keltner': True, 'keltner_n': 36, 'keltner_m': 1.3, 'en_obv': True, 'obv_slope': 103, 'en_cci': False, 'cci_n': 152, 'cci_threshold': 245, 'en_rsi': False, 'rsi_n': 90, 'rsi_lower': 41, 'rsi_upper': 53, 'en_stochastic': False, 'stochastic_n': 58, 'stochastic_d': 29, 'stochastic_lower': 41, 'stochastic_upper': 69, 'en_mfi': True, 'mfi_n': 4, 'mfi_lower': 18, 'mfi_upper': 99, 'en_bollinger': False, 'bollinger_n': 160, 'bollinger_k': 4.2, 'en_adx': False, 'adx_n': 51, 'adx_threshold': 51, 'en_structure_trend': False, 'structure_trend_swing_l': 14, 'en_order_block': False, 'order_block_swing_l': 15, 'en_fvg': True, 'fvg_lookback': 31, 'en_ifvg': False, 'en_breaker': False, 'breaker_swing_l': 13, 'en_cisd': False, 'k': 2, 'en_cap_bars': False, 'cap_1min': 652}.
[I 2026-07-13 16:59:05,721] Trial 37 pruned. 
[I 2026-07-13 16:59:07,741] Trial 38 pruned. 
[I 2026-07-13 16:59:08,095] Trial 39 pruned. 
[I 2026-07-13 16:59:08,383] Trial 40 pruned. 
[I 2026-07-13 16:59:09,540] Trial 41 pruned. 
[I 2026-07-13 16:59:10,600] Trial 42 pruned. 
[I 2026-07-13 16:59:11,953] Trial 43 pruned. 
[I 2026-07-13 16:59:15,662] Trial 44 finished with values: [315.93271155450566, -1550.0, 37.65] and parameters: {'sl_soft': 68.08537003188393, 'sl_hard_delta': 97.45645438010295, 'tp': 145.9430076928907, 'gate_pct': 57.542705711187445, 'dd_limit': 2701.521253582511, 'cooldown': 1, 'flip': True, 'en_ema_trend': True, 'ema_trend_fast': 55, 'ema_trend_slow': 274, 'en_sma_trend': True, 'sma_trend_fast': 82, 'sma_trend_slow': 328, 'en_macd': True, 'macd_fast': 16, 'macd_slow': 62, 'macd_signal': 30, 'en_vwap': True, 'en_keltner': False, 'keltner_n': 153, 'keltner_m': 3.7, 'en_obv': True, 'obv_slope': 19, 'en_cci': True, 'cci_n': 143, 'cci_threshold': 65, 'en_rsi': True, 'rsi_n': 94, 'rsi_lower': 3, 'rsi_upper': 91, 'en_stochastic': False, 'stochastic_n': 90, 'stochastic_d': 15, 'stochastic_lower': 40, 'stochastic_upper': 73, 'en_mfi': False, 'mfi_n': 70, 'mfi_lower': 8, 'mfi_upper': 78, 'en_bollinger': True, 'bollinger_n': 97, 'bollinger_k': 4.1, 'en_adx': False, 'adx_n': 79, 'adx_threshold': 28, 'en_structure_trend': True, 'structure_trend_swing_l': 17, 'en_order_block': False, 'order_block_swing_l': 4, 'en_fvg': True, 'fvg_lookback': 6, 'en_ifvg': True, 'en_breaker': False, 'breaker_swing_l': 2, 'en_cisd': True, 'k': 1, 'en_cap_bars': False, 'cap_1min': 971}.
[I 2026-07-13 16:59:16,321] Trial 45 pruned. 
[I 2026-07-13 16:59:16,457] Trial 46 pruned. 
[I 2026-07-13 16:59:18,087] Trial 47 pruned. 
[I 2026-07-13 16:59:19,112] Trial 48 pruned. 
[I 2026-07-13 16:59:20,634] Trial 49 pruned. 
[I 2026-07-13 16:59:32,039] Trial 50 finished with values: [1988.9473088950945, -4540.0, 61.5] and parameters: {'sl_soft': 191.97640121611806, 'sl_hard_delta': 147.97963370280775, 'tp': 166.41626577800116, 'gate_pct': 83.55253266864216, 'dd_limit': 2134.7121824277, 'cooldown': 4, 'flip': True, 'en_ema_trend': False, 'ema_trend_fast': 346, 'ema_trend_slow': 218, 'en_sma_trend': False, 'sma_trend_fast': 26, 'sma_trend_slow': 146, 'en_macd': True, 'macd_fast': 65, 'macd_slow': 154, 'macd_signal': 64, 'en_vwap': True, 'en_keltner': False, 'keltner_n': 6, 'keltner_m': 1.8, 'en_obv': True, 'obv_slope': 194, 'en_cci': False, 'cci_n': 125, 'cci_threshold': 85, 'en_rsi': False, 'rsi_n': 76, 'rsi_lower': 43, 'rsi_upper': 76, 'en_stochastic': True, 'stochastic_n': 84, 'stochastic_d': 9, 'stochastic_lower': 2, 'stochastic_upper': 86, 'en_mfi': False, 'mfi_n': 99, 'mfi_lower': 28, 'mfi_upper': 79, 'en_bollinger': True, 'bollinger_n': 14, 'bollinger_k': 2.1, 'en_adx': True, 'adx_n': 11, 'adx_threshold': 8, 'en_structure_trend': True, 'structure_trend_swing_l': 20, 'en_order_block': False, 'order_block_swing_l': 15, 'en_fvg': True, 'fvg_lookback': 1, 'en_ifvg': True, 'en_breaker': False, 'breaker_swing_l': 15, 'en_cisd': False, 'k': 1, 'en_cap_bars': True, 'cap_1min': 399}.
[I 2026-07-13 16:59:33,127] Trial 51 pruned. 
[I 2026-07-13 16:59:34,188] Trial 52 pruned. 
[I 2026-07-13 16:59:36,316] Trial 53 pruned. 
[I 2026-07-13 16:59:40,962] Trial 54 finished with values: [297.5, -300.0, 52.95] and parameters: {'sl_soft': 39.62905967140161, 'sl_hard_delta': 46.04960132679596, 'tp': 196.03928967751625, 'gate_pct': 47.67526199665095, 'dd_limit': 9508.627019250667, 'cooldown': 0, 'flip': False, 'en_ema_trend': False, 'ema_trend_fast': 41, 'ema_trend_slow': 346, 'en_sma_trend': False, 'sma_trend_fast': 7, 'sma_trend_slow': 258, 'en_macd': True, 'macd_fast': 44, 'macd_slow': 63, 'macd_signal': 41, 'en_vwap': False, 'en_keltner': True, 'keltner_n': 133, 'keltner_m': 4.0, 'en_obv': True, 'obv_slope': 160, 'en_cci': False, 'cci_n': 33, 'cci_threshold': 30, 'en_rsi': True, 'rsi_n': 23, 'rsi_lower': 20, 'rsi_upper': 75, 'en_stochastic': False, 'stochastic_n': 88, 'stochastic_d': 50, 'stochastic_lower': 38, 'stochastic_upper': 60, 'en_mfi': False, 'mfi_n': 90, 'mfi_lower': 17, 'mfi_upper': 65, 'en_bollinger': False, 'bollinger_n': 182, 'bollinger_k': 2.2, 'en_adx': False, 'adx_n': 71, 'adx_threshold': 34, 'en_structure_trend': True, 'structure_trend_swing_l': 14, 'en_order_block': True, 'order_block_swing_l': 19, 'en_fvg': False, 'fvg_lookback': 42, 'en_ifvg': True, 'en_breaker': True, 'breaker_swing_l': 20, 'en_cisd': False, 'k': 5, 'en_cap_bars': True, 'cap_1min': 3}.
[I 2026-07-13 16:59:44,252] Trial 55 pruned. 
[I 2026-07-13 16:59:45,384] Trial 56 pruned. 
[I 2026-07-13 16:59:46,763] Trial 57 pruned. 
[I 2026-07-13 16:59:47,603] Trial 58 pruned. 
[I 2026-07-13 16:59:49,578] Trial 59 pruned. 
[I 2026-07-13 16:59:51,138] Trial 60 finished with values: [-956.3255288895743, -2540.0, 34.5] and parameters: {'sl_soft': 73.08665903455834, 'sl_hard_delta': 143.70073355783964, 'tp': 233.23489422208624, 'gate_pct': 88.06216959925202, 'dd_limit': 7586.3552764031565, 'cooldown': 5, 'flip': True, 'en_ema_trend': False, 'ema_trend_fast': 14, 'ema_trend_slow': 305, 'en_sma_trend': False, 'sma_trend_fast': 44, 'sma_trend_slow': 277, 'en_macd': False, 'macd_fast': 67, 'macd_slow': 82, 'macd_signal': 87, 'en_vwap': True, 'en_keltner': False, 'keltner_n': 145, 'keltner_m': 4.5, 'en_obv': True, 'obv_slope': 173, 'en_cci': True, 'cci_n': 82, 'cci_threshold': 50, 'en_rsi': True, 'rsi_n': 50, 'rsi_lower': 48, 'rsi_upper': 57, 'en_stochastic': False, 'stochastic_n': 80, 'stochastic_d': 27, 'stochastic_lower': 49, 'stochastic_upper': 72, 'en_mfi': False, 'mfi_n': 43, 'mfi_lower': 21, 'mfi_upper': 51, 'en_bollinger': False, 'bollinger_n': 68, 'bollinger_k': 1.7000000000000002, 'en_adx': False, 'adx_n': 61, 'adx_threshold': 52, 'en_structure_trend': False, 'structure_trend_swing_l': 9, 'en_order_block': False, 'order_block_swing_l': 10, 'en_fvg': False, 'fvg_lookback': 41, 'en_ifvg': True, 'en_breaker': True, 'breaker_swing_l': 11, 'en_cisd': True, 'k': 5, 'en_cap_bars': False, 'cap_1min': 1153}.
[I 2026-07-13 16:59:54,492] Trial 61 finished with values: [134.36716933792923, -2272.9940520420496, 56.35] and parameters: {'sl_soft': 162.66655367980434, 'sl_hard_delta': 209.38895776820772, 'tp': 126.2335315985982, 'gate_pct': 61.29515207255519, 'dd_limit': 6330.458522368667, 'cooldown': 0, 'flip': False, 'en_ema_trend': True, 'ema_trend_fast': 271, 'ema_trend_slow': 376, 'en_sma_trend': False, 'sma_trend_fast': 292, 'sma_trend_slow': 163, 'en_macd': True, 'macd_fast': 80, 'macd_slow': 190, 'macd_signal': 21, 'en_vwap': True, 'en_keltner': False, 'keltner_n': 200, 'keltner_m': 4.5, 'en_obv': False, 'obv_slope': 169, 'en_cci': False, 'cci_n': 88, 'cci_threshold': 260, 'en_rsi': True, 'rsi_n': 33, 'rsi_lower': 6, 'rsi_upper': 58, 'en_stochastic': False, 'stochastic_n': 66, 'stochastic_d': 12, 'stochastic_lower': 26, 'stochastic_upper': 57, 'en_mfi': True, 'mfi_n': 71, 'mfi_lower': 45, 'mfi_upper': 72, 'en_bollinger': False, 'bollinger_n': 22, 'bollinger_k': 2.5, 'en_adx': False, 'adx_n': 82, 'adx_threshold': 19, 'en_structure_trend': True, 'structure_trend_swing_l': 1, 'en_order_block': True, 'order_block_swing_l': 20, 'en_fvg': False, 'fvg_lookback': 4, 'en_ifvg': False, 'en_breaker': False, 'breaker_swing_l': 5, 'en_cisd': False, 'k': 4, 'en_cap_bars': False, 'cap_1min': 736}.
[I 2026-07-13 16:59:55,646] Trial 62 pruned. 
