[I 2026-07-13 17:35:24,929] Trial 480 finished with values: [177.09225622549639, -352.3510259327668, 54.35] and parameters: {'sl_soft': 14.695606985122541, 'sl_hard_delta': 11.445594980891276, 'tp': 23.976700355745017, 'gate_pct': 45.98205069731719, 'dd_limit': 2816.719005079483, 'cooldown': 14, 'flip': False, 'en_ema_trend': False, 'ema_trend_fast': 104, 'ema_trend_slow': 187, 'en_sma_trend': False, 'sma_trend_fast': 395, 'sma_trend_slow': 250, 'en_macd': True, 'macd_fast': 44, 'macd_slow': 94, 'macd_signal': 21, 'en_vwap': True, 'en_keltner': True, 'keltner_n': 176, 'keltner_m': 4.300000000000001, 'en_obv': False, 'obv_slope': 188, 'en_cci': True, 'cci_n': 32, 'cci_threshold': 80, 'en_rsi': False, 'rsi_n': 37, 'rsi_lower': 20, 'rsi_upper': 54, 'en_stochastic': True, 'stochastic_n': 15, 'stochastic_d': 28, 'stochastic_lower': 16, 'stochastic_upper': 89, 'en_mfi': False, 'mfi_n': 90, 'mfi_lower': 20, 'mfi_upper': 65, 'en_bollinger': True, 'bollinger_n': 137, 'bollinger_k': 1.9000000000000001, 'en_adx': True, 'adx_n': 29, 'adx_threshold': 7, 'en_structure_trend': True, 'structure_trend_swing_l': 19, 'en_order_block': False, 'order_block_swing_l': 12, 'en_fvg': True, 'fvg_lookback': 37, 'en_ifvg': True, 'en_breaker': True, 'breaker_swing_l': 18, 'en_cisd': False, 'k': 2, 'en_cap_bars': True, 'cap_1min': 859}.
[I 2026-07-13 17:35:32,308] Trial 481 finished with values: [234.69277041778696, -487.1180294901933, 47.75] and parameters: {'sl_soft': 14.695606985122541, 'sl_hard_delta': 11.445594980891276, 'tp': 27.72259577195913, 'gate_pct': 45.98205069731719, 'dd_limit': 7732.124461539199, 'cooldown': 1, 'flip': False, 'en_ema_trend': False, 'ema_trend_fast': 293, 'ema_trend_slow': 207, 'en_sma_trend': False, 'sma_trend_fast': 395, 'sma_trend_slow': 250, 'en_macd': True, 'macd_fast': 25, 'macd_slow': 63, 'macd_signal': 66, 'en_vwap': True, 'en_keltner': False, 'keltner_n': 149, 'keltner_m': 4.0, 'en_obv': True, 'obv_slope': 160, 'en_cci': True, 'cci_n': 188, 'cci_threshold': 300, 'en_rsi': False, 'rsi_n': 37, 'rsi_lower': 13, 'rsi_upper': 54, 'en_stochastic': True, 'stochastic_n': 70, 'stochastic_d': 13, 'stochastic_lower': 40, 'stochastic_upper': 90, 'en_mfi': True, 'mfi_n': 21, 'mfi_lower': 20, 'mfi_upper': 65, 'en_bollinger': True, 'bollinger_n': 137, 'bollinger_k': 1.7000000000000002, 'en_adx': False, 'adx_n': 54, 'adx_threshold': 8, 'en_structure_trend': False, 'structure_trend_swing_l': 14, 'en_order_block': False, 'order_block_swing_l': 13, 'en_fvg': False, 'fvg_lookback': 37, 'en_ifvg': True, 'en_breaker': True, 'breaker_swing_l': 18, 'en_cisd': False, 'k': 1, 'en_cap_bars': True, 'cap_1min': 1085}.
[I 2026-07-13 17:35:33,847] Trial 482 finished with values: [550.1656859967079, -1350.3855341691087, 42.1] and parameters: {'sl_soft': 12.334463733650468, 'sl_hard_delta': 1.786904617958767, 'tp': 23.976700355745017, 'gate_pct': 96.7516051221724, 'dd_limit': 9508.627019250667, 'cooldown': 1, 'flip': True, 'en_ema_trend': False, 'ema_trend_fast': 41, 'ema_trend_slow': 346, 'en_sma_trend': False, 'sma_trend_fast': 7, 'sma_trend_slow': 230, 'en_macd': True, 'macd_fast': 69, 'macd_slow': 167, 'macd_signal': 24, 'en_vwap': False, 'en_keltner': False, 'keltner_n': 178, 'keltner_m': 4.8, 'en_obv': False, 'obv_slope': 177, 'en_cci': False, 'cci_n': 117, 'cci_threshold': 45, 'en_rsi': False, 'rsi_n': 52, 'rsi_lower': 11, 'rsi_upper': 55, 'en_stochastic': False, 'stochastic_n': 66, 'stochastic_d': 14, 'stochastic_lower': 38, 'stochastic_upper': 60, 'en_mfi': True, 'mfi_n': 4, 'mfi_lower': 12, 'mfi_upper': 79, 'en_bollinger': True, 'bollinger_n': 127, 'bollinger_k': 1.7000000000000002, 'en_adx': False, 'adx_n': 56, 'adx_threshold': 7, 'en_structure_trend': False, 'structure_trend_swing_l': 14, 'en_order_block': False, 'order_block_swing_l': 18, 'en_fvg': False, 'fvg_lookback': 38, 'en_ifvg': True, 'en_breaker': False, 'breaker_swing_l': 20, 'en_cisd': False, 'k': 5, 'en_cap_bars': True, 'cap_1min': 85}.
[I 2026-07-13 17:35:35,186] Trial 483 finished with values: [-198.7349496409297, -872.2489431265421, 39.7] and parameters: {'sl_soft': 15.029901346125646, 'sl_hard_delta': 11.445594980891276, 'tp': 23.976700355745017, 'gate_pct': 45.98205069731719, 'dd_limit': 7732.124461539199, 'cooldown': 0, 'flip': True, 'en_ema_trend': False, 'ema_trend_fast': 104, 'ema_trend_slow': 311, 'en_sma_trend': False, 'sma_trend_fast': 395, 'sma_trend_slow': 197, 'en_macd': True, 'macd_fast': 24, 'macd_slow': 94, 'macd_signal': 34, 'en_vwap': True, 'en_keltner': True, 'keltner_n': 115, 'keltner_m': 4.5, 'en_obv': True, 'obv_slope': 15, 'en_cci': True, 'cci_n': 188, 'cci_threshold': 120, 'en_rsi': False, 'rsi_n': 17, 'rsi_lower': 13, 'rsi_upper': 98, 'en_stochastic': True, 'stochastic_n': 14, 'stochastic_d': 13, 'stochastic_lower': 2, 'stochastic_upper': 54, 'en_mfi': False, 'mfi_n': 41, 'mfi_lower': 20, 'mfi_upper': 93, 'en_bollinger': True, 'bollinger_n': 57, 'bollinger_k': 3.0, 'en_adx': False, 'adx_n': 29, 'adx_threshold': 7, 'en_structure_trend': True, 'structure_trend_swing_l': 4, 'en_order_block': True, 'order_block_swing_l': 9, 'en_fvg': False, 'fvg_lookback': 10, 'en_ifvg': True, 'en_breaker': True, 'breaker_swing_l': 18, 'en_cisd': False, 'k': 1, 'en_cap_bars': True, 'cap_1min': 107}.
[I 2026-07-13 17:35:36,526] Trial 484 finished with values: [33.36161993604037, -891.7723174001003, 34.45] and parameters: {'sl_soft': 10.245954328680858, 'sl_hard_delta': 16.86135074536918, 'tp': 30.9300733340449, 'gate_pct': 42.37120833684469, 'dd_limit': 9508.627019250667, 'cooldown': 2, 'flip': False, 'en_ema_trend': False, 'ema_trend_fast': 95, 'ema_trend_slow': 346, 'en_sma_trend': True, 'sma_trend_fast': 7, 'sma_trend_slow': 57, 'en_macd': False, 'macd_fast': 69, 'macd_slow': 63, 'macd_signal': 87, 'en_vwap': False, 'en_keltner': True, 'keltner_n': 3, 'keltner_m': 4.0, 'en_obv': False, 'obv_slope': 185, 'en_cci': False, 'cci_n': 117, 'cci_threshold': 300, 'en_rsi': True, 'rsi_n': 52, 'rsi_lower': 11, 'rsi_upper': 84, 'en_stochastic': False, 'stochastic_n': 66, 'stochastic_d': 24, 'stochastic_lower': 40, 'stochastic_upper': 90, 'en_mfi': False, 'mfi_n': 90, 'mfi_lower': 23, 'mfi_upper': 65, 'en_bollinger': False, 'bollinger_n': 195, 'bollinger_k': 3.4000000000000004, 'en_adx': False, 'adx_n': 54, 'adx_threshold': 35, 'en_structure_trend': False, 'structure_trend_swing_l': 14, 'en_order_block': True, 'order_block_swing_l': 13, 'en_fvg': False, 'fvg_lookback': 41, 'en_ifvg': True, 'en_breaker': True, 'breaker_swing_l': 20, 'en_cisd': True, 'k': 4, 'en_cap_bars': False, 'cap_1min': 3}.
[I 2026-07-13 17:35:37,327] Trial 485 finished with values: [-41.77876982406815, -1039.566429827646, 39.8] and parameters: {'sl_soft': 14.695606985122541, 'sl_hard_delta': 18.132241751897425, 'tp': 27.72259577195913, 'gate_pct': 42.37120833684469, 'dd_limit': 3719.9389583336606, 'cooldown': 2, 'flip': False, 'en_ema_trend': False, 'ema_trend_fast': 284, 'ema_trend_slow': 346, 'en_sma_trend': True, 'sma_trend_fast': 62, 'sma_trend_slow': 250, 'en_macd': False, 'macd_fast': 69, 'macd_slow': 151, 'macd_signal': 41, 'en_vwap': True, 'en_keltner': True, 'keltner_n': 149, 'keltner_m': 4.0, 'en_obv': True, 'obv_slope': 160, 'en_cci': False, 'cci_n': 33, 'cci_threshold': 30, 'en_rsi': True, 'rsi_n': 23, 'rsi_lower': 20, 'rsi_upper': 88, 'en_stochastic': False, 'stochastic_n': 88, 'stochastic_d': 50, 'stochastic_lower': 40, 'stochastic_upper': 60, 'en_mfi': False, 'mfi_n': 90, 'mfi_lower': 15, 'mfi_upper': 58, 'en_bollinger': False, 'bollinger_n': 96, 'bollinger_k': 4.6000000000000005, 'en_adx': False, 'adx_n': 56, 'adx_threshold': 12, 'en_structure_trend': False, 'structure_trend_swing_l': 14, 'en_order_block': True, 'order_block_swing_l': 12, 'en_fvg': True, 'fvg_lookback': 35, 'en_ifvg': True, 'en_breaker': True, 'breaker_swing_l': 2, 'en_cisd': False, 'k': 4, 'en_cap_bars': False, 'cap_1min': 3}.
[I 2026-07-13 17:35:38,854] Trial 486 finished with values: [40.635023416798504, -465.11649822128675, 59.0] and parameters: {'sl_soft': 20.421932129471724, 'sl_hard_delta': 12.207560282522527, 'tp': 23.976700355745017, 'gate_pct': 36.655664385123444, 'dd_limit': 4207.99661406946, 'cooldown': 14, 'flip': False, 'en_ema_trend': True, 'ema_trend_fast': 12, 'ema_trend_slow': 135, 'en_sma_trend': False, 'sma_trend_fast': 370, 'sma_trend_slow': 250, 'en_macd': False, 'macd_fast': 31, 'macd_slow': 105, 'macd_signal': 21, 'en_vwap': True, 'en_keltner': True, 'keltner_n': 178, 'keltner_m': 4.300000000000001, 'en_obv': True, 'obv_slope': 15, 'en_cci': True, 'cci_n': 158, 'cci_threshold': 80, 'en_rsi': True, 'rsi_n': 19, 'rsi_lower': 20, 'rsi_upper': 98, 'en_stochastic': False, 'stochastic_n': 69, 'stochastic_d': 29, 'stochastic_lower': 27, 'stochastic_upper': 89, 'en_mfi': False, 'mfi_n': 79, 'mfi_lower': 12, 'mfi_upper': 59, 'en_bollinger': True, 'bollinger_n': 85, 'bollinger_k': 1.9000000000000001, 'en_adx': False, 'adx_n': 99, 'adx_threshold': 12, 'en_structure_trend': True, 'structure_trend_swing_l': 11, 'en_order_block': False, 'order_block_swing_l': 8, 'en_fvg': False, 'fvg_lookback': 29, 'en_ifvg': True, 'en_breaker': True, 'breaker_swing_l': 20, 'en_cisd': False, 'k': 2, 'en_cap_bars': True, 'cap_1min': 16}.
[I 2026-07-13 17:35:39,679] Trial 487 pruned. 
[I 2026-07-13 17:35:46,477] Trial 488 finished with values: [147.8614658411243, -266.1596335397189, 58.35] and parameters: {'sl_soft': 27.25884357896654, 'sl_hard_delta': 1.786904617958767, 'tp': 11.768073292054666, 'gate_pct': 42.37120833684469, 'dd_limit': 3719.9389583336606, 'cooldown': 22, 'flip': False, 'en_ema_trend': False, 'ema_trend_fast': 41, 'ema_trend_slow': 94, 'en_sma_trend': True, 'sma_trend_fast': 7, 'sma_trend_slow': 265, 'en_macd': True, 'macd_fast': 69, 'macd_slow': 30, 'macd_signal': 41, 'en_vwap': False, 'en_keltner': True, 'keltner_n': 3, 'keltner_m': 4.0, 'en_obv': True, 'obv_slope': 160, 'en_cci': False, 'cci_n': 117, 'cci_threshold': 95, 'en_rsi': True, 'rsi_n': 52, 'rsi_lower': 20, 'rsi_upper': 70, 'en_stochastic': True, 'stochastic_n': 80, 'stochastic_d': 9, 'stochastic_lower': 40, 'stochastic_upper': 60, 'en_mfi': True, 'mfi_n': 68, 'mfi_lower': 27, 'mfi_upper': 65, 'en_bollinger': False, 'bollinger_n': 96, 'bollinger_k': 4.6000000000000005, 'en_adx': False, 'adx_n': 56, 'adx_threshold': 9, 'en_structure_trend': False, 'structure_trend_swing_l': 7, 'en_order_block': True, 'order_block_swing_l': 18, 'en_fvg': False, 'fvg_lookback': 38, 'en_ifvg': False, 'en_breaker': False, 'breaker_swing_l': 20, 'en_cisd': True, 'k': 4, 'en_cap_bars': True, 'cap_1min': 3}.
[I 2026-07-13 17:35:47,840] Trial 489 finished with values: [23.204421437330893, -1230.0, 47.75] and parameters: {'sl_soft': 27.25884357896654, 'sl_hard_delta': 16.86135074536918, 'tp': 25.60014020708973, 'gate_pct': 58.77346993604095, 'dd_limit': 7732.124461539199, 'cooldown': 22, 'flip': True, 'en_ema_trend': False, 'ema_trend_fast': 41, 'ema_trend_slow': 112, 'en_sma_trend': True, 'sma_trend_fast': 7, 'sma_trend_slow': 57, 'en_macd': True, 'macd_fast': 69, 'macd_slow': 63, 'macd_signal': 41, 'en_vwap': False, 'en_keltner': False, 'keltner_n': 178, 'keltner_m': 3.9000000000000004, 'en_obv': True, 'obv_slope': 185, 'en_cci': False, 'cci_n': 117, 'cci_threshold': 300, 'en_rsi': True, 'rsi_n': 5, 'rsi_lower': 20, 'rsi_upper': 67, 'en_stochastic': False, 'stochastic_n': 66, 'stochastic_d': 9, 'stochastic_lower': 40, 'stochastic_upper': 60, 'en_mfi': False, 'mfi_n': 90, 'mfi_lower': 7, 'mfi_upper': 65, 'en_bollinger': False, 'bollinger_n': 137, 'bollinger_k': 4.6000000000000005, 'en_adx': False, 'adx_n': 29, 'adx_threshold': 35, 'en_structure_trend': False, 'structure_trend_swing_l': 7, 'en_order_block': True, 'order_block_swing_l': 16, 'en_fvg': False, 'fvg_lookback': 41, 'en_ifvg': False, 'en_breaker': False, 'breaker_swing_l': 9, 'en_cisd': False, 'k': 1, 'en_cap_bars': True, 'cap_1min': 3}.
[I 2026-07-13 17:35:49,294] Trial 490 finished with values: [262.9819035649416, -381.43560532862466, 58.35] and parameters: {'sl_soft': 13.186315729842667, 'sl_hard_delta': 11.445594980891276, 'tp': 23.976700355745017, 'gate_pct': 45.98205069731719, 'dd_limit': 7732.124461539199, 'cooldown': 9, 'flip': True, 'en_ema_trend': False, 'ema_trend_fast': 104, 'ema_trend_slow': 311, 'en_sma_trend': False, 'sma_trend_fast': 395, 'sma_trend_slow': 230, 'en_macd': True, 'macd_fast': 30, 'macd_slow': 170, 'macd_signal': 66, 'en_vwap': True, 'en_keltner': True, 'keltner_n': 6, 'keltner_m': 4.300000000000001, 'en_obv': True, 'obv_slope': 188, 'en_cci': True, 'cci_n': 32, 'cci_threshold': 120, 'en_rsi': False, 'rsi_n': 37, 'rsi_lower': 27, 'rsi_upper': 54, 'en_stochastic': True, 'stochastic_n': 15, 'stochastic_d': 13, 'stochastic_lower': 16, 'stochastic_upper': 54, 'en_mfi': False, 'mfi_n': 42, 'mfi_lower': 20, 'mfi_upper': 65, 'en_bollinger': True, 'bollinger_n': 137, 'bollinger_k': 1.7000000000000002, 'en_adx': True, 'adx_n': 29, 'adx_threshold': 7, 'en_structure_trend': True, 'structure_trend_swing_l': 19, 'en_order_block': True, 'order_block_swing_l': 12, 'en_fvg': False, 'fvg_lookback': 37, 'en_ifvg': True, 'en_breaker': True, 'breaker_swing_l': 18, 'en_cisd': False, 'k': 1, 'en_cap_bars': True, 'cap_1min': 107}.
[I 2026-07-13 17:35:49,649] Trial 491 finished with values: [-301.04365346771374, -1084.2846784154972, 55.5] and parameters: {'sl_soft': 27.235495572169377, 'sl_hard_delta': 2.661532227567695, 'tp': 20.145316482998126, 'gate_pct': 74.64771504966384, 'dd_limit': 2816.719005079483, 'cooldown': 2, 'flip': True, 'en_ema_trend': False, 'ema_trend_fast': 200, 'ema_trend_slow': 346, 'en_sma_trend': False, 'sma_trend_fast': 70, 'sma_trend_slow': 249, 'en_macd': False, 'macd_fast': 25, 'macd_slow': 151, 'macd_signal': 87, 'en_vwap': True, 'en_keltner': False, 'keltner_n': 80, 'keltner_m': 4.300000000000001, 'en_obv': False, 'obv_slope': 188, 'en_cci': True, 'cci_n': 158, 'cci_threshold': 80, 'en_rsi': False, 'rsi_n': 19, 'rsi_lower': 36, 'rsi_upper': 77, 'en_stochastic': False, 'stochastic_n': 69, 'stochastic_d': 50, 'stochastic_lower': 27, 'stochastic_upper': 89, 'en_mfi': True, 'mfi_n': 13, 'mfi_lower': 23, 'mfi_upper': 51, 'en_bollinger': False, 'bollinger_n': 91, 'bollinger_k': 1.9000000000000001, 'en_adx': False, 'adx_n': 54, 'adx_threshold': 35, 'en_structure_trend': True, 'structure_trend_swing_l': 10, 'en_order_block': True, 'order_block_swing_l': 13, 'en_fvg': False, 'fvg_lookback': 3, 'en_ifvg': True, 'en_breaker': False, 'breaker_swing_l': 18, 'en_cisd': False, 'k': 4, 'en_cap_bars': True, 'cap_1min': 651}.
[I 2026-07-13 17:35:50,573] Trial 492 pruned. 
[I 2026-07-13 17:35:58,297] Trial 493 finished with values: [-29.318874724904163, -621.2848674721681, 37.650000000000006] and parameters: {'sl_soft': 14.695606985122541, 'sl_hard_delta': 2.661532227567695, 'tp': 25.60014020708973, 'gate_pct': 52.7932312951505, 'dd_limit': 592.8515116938746, 'cooldown': 14, 'flip': False, 'en_ema_trend': False, 'ema_trend_fast': 351, 'ema_trend_slow': 187, 'en_sma_trend': False, 'sma_trend_fast': 154, 'sma_trend_slow': 298, 'en_macd': False, 'macd_fast': 25, 'macd_slow': 105, 'macd_signal': 87, 'en_vwap': True, 'en_keltner': True, 'keltner_n': 175, 'keltner_m': 3.9000000000000004, 'en_obv': False, 'obv_slope': 78, 'en_cci': True, 'cci_n': 88, 'cci_threshold': 80, 'en_rsi': True, 'rsi_n': 19, 'rsi_lower': 20, 'rsi_upper': 67, 'en_stochastic': True, 'stochastic_n': 80, 'stochastic_d': 28, 'stochastic_lower': 28, 'stochastic_upper': 74, 'en_mfi': False, 'mfi_n': 13, 'mfi_lower': 20, 'mfi_upper': 79, 'en_bollinger': True, 'bollinger_n': 131, 'bollinger_k': 1.5, 'en_adx': False, 'adx_n': 99, 'adx_threshold': 35, 'en_structure_trend': True, 'structure_trend_swing_l': 7, 'en_order_block': True, 'order_block_swing_l': 16, 'en_fvg': False, 'fvg_lookback': 37, 'en_ifvg': False, 'en_breaker': False, 'breaker_swing_l': 9, 'en_cisd': False, 'k': 4, 'en_cap_bars': True, 'cap_1min': 772}.
[I 2026-07-13 17:36:03,471] Trial 494 finished with values: [-196.92354651047935, -470.5365253702621, 48.2] and parameters: {'sl_soft': 10.245954328680858, 'sl_hard_delta': 16.86135074536918, 'tp': 27.72259577195913, 'gate_pct': 58.77346993604095, 'dd_limit': 5783.923331052917, 'cooldown': 22, 'flip': True, 'en_ema_trend': False, 'ema_trend_fast': 351, 'ema_trend_slow': 112, 'en_sma_trend': False, 'sma_trend_fast': 7, 'sma_trend_slow': 298, 'en_macd': True, 'macd_fast': 25, 'macd_slow': 179, 'macd_signal': 87, 'en_vwap': True, 'en_keltner': False, 'keltner_n': 3, 'keltner_m': 4.0, 'en_obv': True, 'obv_slope': 185, 'en_cci': False, 'cci_n': 88, 'cci_threshold': 300, 'en_rsi': True, 'rsi_n': 5, 'rsi_lower': 20, 'rsi_upper': 67, 'en_stochastic': True, 'stochastic_n': 80, 'stochastic_d': 9, 'stochastic_lower': 34, 'stochastic_upper': 60, 'en_mfi': False, 'mfi_n': 90, 'mfi_lower': 7, 'mfi_upper': 79, 'en_bollinger': False, 'bollinger_n': 92, 'bollinger_k': 4.6000000000000005, 'en_adx': True, 'adx_n': 56, 'adx_threshold': 7, 'en_structure_trend': True, 'structure_trend_swing_l': 7, 'en_order_block': True, 'order_block_swing_l': 16, 'en_fvg': False, 'fvg_lookback': 42, 'en_ifvg': False, 'en_breaker': False, 'breaker_swing_l': 9, 'en_cisd': True, 'k': 4, 'en_cap_bars': True, 'cap_1min': 3}.
[I 2026-07-13 17:36:05,463] Trial 495 finished with values: [301.5741358230116, -669.9566100363882, 54.15] and parameters: {'sl_soft': 10.245954328680858, 'sl_hard_delta': 2.661532227567695, 'tp': 20.145316482998126, 'gate_pct': 52.7932312951505, 'dd_limit': 2816.719005079483, 'cooldown': 22, 'flip': False, 'en_ema_trend': False, 'ema_trend_fast': 200, 'ema_trend_slow': 346, 'en_sma_trend': True, 'sma_trend_fast': 7, 'sma_trend_slow': 249, 'en_macd': False, 'macd_fast': 85, 'macd_slow': 105, 'macd_signal': 41, 'en_vwap': True, 'en_keltner': True, 'keltner_n': 74, 'keltner_m': 3.4000000000000004, 'en_obv': True, 'obv_slope': 160, 'en_cci': False, 'cci_n': 158, 'cci_threshold': 80, 'en_rsi': False, 'rsi_n': 52, 'rsi_lower': 20, 'rsi_upper': 77, 'en_stochastic': False, 'stochastic_n': 66, 'stochastic_d': 50, 'stochastic_lower': 40, 'stochastic_upper': 60, 'en_mfi': False, 'mfi_n': 90, 'mfi_lower': 48, 'mfi_upper': 59, 'en_bollinger': False, 'bollinger_n': 96, 'bollinger_k': 1.9000000000000001, 'en_adx': False, 'adx_n': 56, 'adx_threshold': 7, 'en_structure_trend': False, 'structure_trend_swing_l': 10, 'en_order_block': True, 'order_block_swing_l': 16, 'en_fvg': False, 'fvg_lookback': 3, 'en_ifvg': True, 'en_breaker': True, 'breaker_swing_l': 20, 'en_cisd': False, 'k': 3, 'en_cap_bars': True, 'cap_1min': 3}.
[I 2026-07-13 17:36:08,715] Trial 496 pruned. 
[I 2026-07-13 17:36:10,394] Trial 497 pruned. 
[I 2026-07-13 17:36:10,794] Trial 498 finished with values: [707.293558796573, -995.3337973875387, 47.7] and parameters: {'sl_soft': 14.695606985122541, 'sl_hard_delta': 2.661532227567695, 'tp': 23.976700355745017, 'gate_pct': 52.7932312951505, 'dd_limit': 2816.719005079483, 'cooldown': 14, 'flip': True, 'en_ema_trend': False, 'ema_trend_fast': 95, 'ema_trend_slow': 346, 'en_sma_trend': False, 'sma_trend_fast': 70, 'sma_trend_slow': 250, 'en_macd': True, 'macd_fast': 44, 'macd_slow': 151, 'macd_signal': 41, 'en_vwap': False, 'en_keltner': False, 'keltner_n': 175, 'keltner_m': 4.300000000000001, 'en_obv': False, 'obv_slope': 185, 'en_cci': True, 'cci_n': 33, 'cci_threshold': 30, 'en_rsi': True, 'rsi_n': 23, 'rsi_lower': 11, 'rsi_upper': 94, 'en_stochastic': False, 'stochastic_n': 77, 'stochastic_d': 24, 'stochastic_lower': 34, 'stochastic_upper': 90, 'en_mfi': False, 'mfi_n': 90, 'mfi_lower': 20, 'mfi_upper': 51, 'en_bollinger': True, 'bollinger_n': 195, 'bollinger_k': 3.4000000000000004, 'en_adx': False, 'adx_n': 99, 'adx_threshold': 12, 'en_structure_trend': False, 'structure_trend_swing_l': 19, 'en_order_block': False, 'order_block_swing_l': 13, 'en_fvg': False, 'fvg_lookback': 41, 'en_ifvg': True, 'en_breaker': False, 'breaker_swing_l': 9, 'en_cisd': False, 'k': 2, 'en_cap_bars': False, 'cap_1min': 651}.
[I 2026-07-13 17:36:13,244] Trial 499 finished with values: [1297.3485421309306, -1614.9842999759858, 47.150000000000006] and parameters: {'sl_soft': 10.245954328680858, 'sl_hard_delta': 18.132241751897425, 'tp': 27.72259577195913, 'gate_pct': 96.7516051221724, 'dd_limit': 9508.627019250667, 'cooldown': 22, 'flip': True, 'en_ema_trend': False, 'ema_trend_fast': 41, 'ema_trend_slow': 346, 'en_sma_trend': True, 'sma_trend_fast': 7, 'sma_trend_slow': 29, 'en_macd': True, 'macd_fast': 69, 'macd_slow': 167, 'macd_signal': 24, 'en_vwap': False, 'en_keltner': True, 'keltner_n': 46, 'keltner_m': 4.0, 'en_obv': True, 'obv_slope': 160, 'en_cci': False, 'cci_n': 117, 'cci_threshold': 300, 'en_rsi': False, 'rsi_n': 52, 'rsi_lower': 20, 'rsi_upper': 75, 'en_stochastic': False, 'stochastic_n': 66, 'stochastic_d': 9, 'stochastic_lower': 40, 'stochastic_upper': 60, 'en_mfi': True, 'mfi_n': 90, 'mfi_lower': 7, 'mfi_upper': 65, 'en_bollinger': False, 'bollinger_n': 96, 'bollinger_k': 4.6000000000000005, 'en_adx': True, 'adx_n': 56, 'adx_threshold': 7, 'en_structure_trend': False, 'structure_trend_swing_l': 14, 'en_order_block': True, 'order_block_swing_l': 18, 'en_fvg': False, 'fvg_lookback': 42, 'en_ifvg': True, 'en_breaker': False, 'breaker_swing_l': 20, 'en_cisd': True, 'k': 5, 'en_cap_bars': True, 'cap_1min': 85}.
[I 2026-07-13 17:36:13,480] Trial 500 pruned. 
