[I 2026-07-13 17:39:48,207] Trial 581 finished with values: [160.33768350449463, -868.8047521955014, 48.95] and parameters: {'sl_soft': 14.695606985122541, 'sl_hard_delta': 18.132241751897425, 'tp': 27.72259577195913, 'gate_pct': 74.64771504966384, 'dd_limit': 5783.923331052917, 'cooldown': 22, 'flip': True, 'en_ema_trend': False, 'ema_trend_fast': 41, 'ema_trend_slow': 346, 'en_sma_trend': False, 'sma_trend_fast': 337, 'sma_trend_slow': 250, 'en_macd': True, 'macd_fast': 25, 'macd_slow': 63, 'macd_signal': 41, 'en_vwap': True, 'en_keltner': False, 'keltner_n': 80, 'keltner_m': 4.0, 'en_obv': True, 'obv_slope': 160, 'en_cci': True, 'cci_n': 33, 'cci_threshold': 300, 'en_rsi': True, 'rsi_n': 23, 'rsi_lower': 20, 'rsi_upper': 94, 'en_stochastic': False, 'stochastic_n': 66, 'stochastic_d': 9, 'stochastic_lower': 34, 'stochastic_upper': 60, 'en_mfi': False, 'mfi_n': 90, 'mfi_lower': 23, 'mfi_upper': 51, 'en_bollinger': False, 'bollinger_n': 195, 'bollinger_k': 3.4000000000000004, 'en_adx': False, 'adx_n': 56, 'adx_threshold': 7, 'en_structure_trend': False, 'structure_trend_swing_l': 18, 'en_order_block': True, 'order_block_swing_l': 13, 'en_fvg': False, 'fvg_lookback': 42, 'en_ifvg': True, 'en_breaker': False, 'breaker_swing_l': 20, 'en_cisd': True, 'k': 5, 'en_cap_bars': True, 'cap_1min': 3}.
[I 2026-07-13 17:39:49,069] Trial 582 pruned. 
[I 2026-07-13 17:39:49,972] Trial 583 pruned. 
[I 2026-07-13 17:39:52,664] Trial 584 finished with values: [37.5, -449.03167267642857, 51.45] and parameters: {'sl_soft': 14.695606985122541, 'sl_hard_delta': 12.207560282522527, 'tp': 27.72259577195913, 'gate_pct': 42.37120833684469, 'dd_limit': 4207.99661406946, 'cooldown': 17, 'flip': False, 'en_ema_trend': True, 'ema_trend_fast': 12, 'ema_trend_slow': 346, 'en_sma_trend': False, 'sma_trend_fast': 62, 'sma_trend_slow': 250, 'en_macd': True, 'macd_fast': 69, 'macd_slow': 3, 'macd_signal': 41, 'en_vwap': True, 'en_keltner': True, 'keltner_n': 124, 'keltner_m': 2.2, 'en_obv': True, 'obv_slope': 184, 'en_cci': False, 'cci_n': 19, 'cci_threshold': 80, 'en_rsi': True, 'rsi_n': 17, 'rsi_lower': 20, 'rsi_upper': 75, 'en_stochastic': False, 'stochastic_n': 25, 'stochastic_d': 8, 'stochastic_lower': 40, 'stochastic_upper': 77, 'en_mfi': True, 'mfi_n': 79, 'mfi_lower': 7, 'mfi_upper': 59, 'en_bollinger': True, 'bollinger_n': 85, 'bollinger_k': 3.4000000000000004, 'en_adx': False, 'adx_n': 56, 'adx_threshold': 46, 'en_structure_trend': False, 'structure_trend_swing_l': 11, 'en_order_block': True, 'order_block_swing_l': 16, 'en_fvg': False, 'fvg_lookback': 42, 'en_ifvg': True, 'en_breaker': True, 'breaker_swing_l': 20, 'en_cisd': True, 'k': 4, 'en_cap_bars': True, 'cap_1min': 3}.
[I 2026-07-13 17:39:53,483] Trial 585 pruned. 
[I 2026-07-13 17:39:53,833] Trial 586 finished with values: [260.3349773166701, -406.89098040289537, 57.349999999999994] and parameters: {'sl_soft': 10.245954328680858, 'sl_hard_delta': 18.132241751897425, 'tp': 27.72259577195913, 'gate_pct': 42.37120833684469, 'dd_limit': 3719.9389583336606, 'cooldown': 22, 'flip': False, 'en_ema_trend': False, 'ema_trend_fast': 41, 'ema_trend_slow': 346, 'en_sma_trend': True, 'sma_trend_fast': 7, 'sma_trend_slow': 57, 'en_macd': True, 'macd_fast': 69, 'macd_slow': 63, 'macd_signal': 41, 'en_vwap': True, 'en_keltner': True, 'keltner_n': 3, 'keltner_m': 4.0, 'en_obv': True, 'obv_slope': 160, 'en_cci': False, 'cci_n': 117, 'cci_threshold': 300, 'en_rsi': True, 'rsi_n': 52, 'rsi_lower': 20, 'rsi_upper': 75, 'en_stochastic': False, 'stochastic_n': 66, 'stochastic_d': 9, 'stochastic_lower': 40, 'stochastic_upper': 60, 'en_mfi': False, 'mfi_n': 90, 'mfi_lower': 7, 'mfi_upper': 65, 'en_bollinger': False, 'bollinger_n': 96, 'bollinger_k': 4.6000000000000005, 'en_adx': True, 'adx_n': 56, 'adx_threshold': 7, 'en_structure_trend': False, 'structure_trend_swing_l': 14, 'en_order_block': True, 'order_block_swing_l': 18, 'en_fvg': False, 'fvg_lookback': 42, 'en_ifvg': True, 'en_breaker': True, 'breaker_swing_l': 20, 'en_cisd': True, 'k': 5, 'en_cap_bars': True, 'cap_1min': 3}.
[I 2026-07-13 17:39:55,169] Trial 587 finished with values: [458.75125662812934, -1157.4963376979213, 51.85] and parameters: {'sl_soft': 12.334463733650468, 'sl_hard_delta': 18.132241751897425, 'tp': 27.72259577195913, 'gate_pct': 96.7516051221724, 'dd_limit': 3719.9389583336606, 'cooldown': 22, 'flip': True, 'en_ema_trend': False, 'ema_trend_fast': 41, 'ema_trend_slow': 346, 'en_sma_trend': True, 'sma_trend_fast': 7, 'sma_trend_slow': 57, 'en_macd': True, 'macd_fast': 69, 'macd_slow': 167, 'macd_signal': 41, 'en_vwap': False, 'en_keltner': False, 'keltner_n': 3, 'keltner_m': 4.0, 'en_obv': True, 'obv_slope': 160, 'en_cci': False, 'cci_n': 117, 'cci_threshold': 45, 'en_rsi': False, 'rsi_n': 52, 'rsi_lower': 20, 'rsi_upper': 75, 'en_stochastic': False, 'stochastic_n': 66, 'stochastic_d': 14, 'stochastic_lower': 40, 'stochastic_upper': 60, 'en_mfi': False, 'mfi_n': 90, 'mfi_lower': 7, 'mfi_upper': 65, 'en_bollinger': False, 'bollinger_n': 127, 'bollinger_k': 4.6000000000000005, 'en_adx': False, 'adx_n': 56, 'adx_threshold': 7, 'en_structure_trend': False, 'structure_trend_swing_l': 14, 'en_order_block': True, 'order_block_swing_l': 18, 'en_fvg': False, 'fvg_lookback': 38, 'en_ifvg': True, 'en_breaker': True, 'breaker_swing_l': 20, 'en_cisd': True, 'k': 5, 'en_cap_bars': True, 'cap_1min': 3}.
[I 2026-07-13 17:39:56,975] Trial 588 finished with values: [-184.9969765816786, -1105.7103479963916, 43.95] and parameters: {'sl_soft': 13.186315729842667, 'sl_hard_delta': 18.132241751897425, 'tp': 23.976700355745017, 'gate_pct': 49.958417067888604, 'dd_limit': 5783.923331052917, 'cooldown': 2, 'flip': False, 'en_ema_trend': False, 'ema_trend_fast': 41, 'ema_trend_slow': 346, 'en_sma_trend': True, 'sma_trend_fast': 337, 'sma_trend_slow': 250, 'en_macd': True, 'macd_fast': 30, 'macd_slow': 174, 'macd_signal': 87, 'en_vwap': True, 'en_keltner': False, 'keltner_n': 175, 'keltner_m': 4.300000000000001, 'en_obv': False, 'obv_slope': 185, 'en_cci': True, 'cci_n': 117, 'cci_threshold': 120, 'en_rsi': True, 'rsi_n': 37, 'rsi_lower': 27, 'rsi_upper': 54, 'en_stochastic': False, 'stochastic_n': 15, 'stochastic_d': 9, 'stochastic_lower': 16, 'stochastic_upper': 60, 'en_mfi': False, 'mfi_n': 68, 'mfi_lower': 15, 'mfi_upper': 65, 'en_bollinger': False, 'bollinger_n': 96, 'bollinger_k': 4.6000000000000005, 'en_adx': True, 'adx_n': 54, 'adx_threshold': 7, 'en_structure_trend': False, 'structure_trend_swing_l': 19, 'en_order_block': True, 'order_block_swing_l': 18, 'en_fvg': False, 'fvg_lookback': 37, 'en_ifvg': False, 'en_breaker': True, 'breaker_swing_l': 20, 'en_cisd': True, 'k': 4, 'en_cap_bars': False, 'cap_1min': 580}.
[I 2026-07-13 17:39:57,275] Trial 589 finished with values: [174.3527180759702, -386.76026078381256, 51.15] and parameters: {'sl_soft': 10.245954328680858, 'sl_hard_delta': 11.445594980891276, 'tp': 27.72259577195913, 'gate_pct': 42.37120833684469, 'dd_limit': 3490.253011738878, 'cooldown': 22, 'flip': False, 'en_ema_trend': False, 'ema_trend_fast': 293, 'ema_trend_slow': 346, 'en_sma_trend': False, 'sma_trend_fast': 7, 'sma_trend_slow': 197, 'en_macd': True, 'macd_fast': 25, 'macd_slow': 63, 'macd_signal': 41, 'en_vwap': True, 'en_keltner': True, 'keltner_n': 3, 'keltner_m': 4.0, 'en_obv': True, 'obv_slope': 188, 'en_cci': False, 'cci_n': 117, 'cci_threshold': 300, 'en_rsi': False, 'rsi_n': 48, 'rsi_lower': 20, 'rsi_upper': 75, 'en_stochastic': False, 'stochastic_n': 63, 'stochastic_d': 9, 'stochastic_lower': 40, 'stochastic_upper': 60, 'en_mfi': False, 'mfi_n': 90, 'mfi_lower': 20, 'mfi_upper': 65, 'en_bollinger': True, 'bollinger_n': 96, 'bollinger_k': 1.7000000000000002, 'en_adx': False, 'adx_n': 56, 'adx_threshold': 7, 'en_structure_trend': False, 'structure_trend_swing_l': 4, 'en_order_block': True, 'order_block_swing_l': 18, 'en_fvg': False, 'fvg_lookback': 37, 'en_ifvg': True, 'en_breaker': True, 'breaker_swing_l': 18, 'en_cisd': False, 'k': 1, 'en_cap_bars': True, 'cap_1min': 3}.
[I 2026-07-13 17:40:02,124] Trial 590 finished with values: [161.93082773408605, -780.0421754100898, 55.7] and parameters: {'sl_soft': 27.235495572169377, 'sl_hard_delta': 2.661532227567695, 'tp': 27.72259577195913, 'gate_pct': 52.7932312951505, 'dd_limit': 2816.719005079483, 'cooldown': 22, 'flip': False, 'en_ema_trend': False, 'ema_trend_fast': 41, 'ema_trend_slow': 187, 'en_sma_trend': False, 'sma_trend_fast': 7, 'sma_trend_slow': 249, 'en_macd': False, 'macd_fast': 68, 'macd_slow': 105, 'macd_signal': 41, 'en_vwap': True, 'en_keltner': True, 'keltner_n': 74, 'keltner_m': 3.4000000000000004, 'en_obv': True, 'obv_slope': 160, 'en_cci': False, 'cci_n': 5, 'cci_threshold': 300, 'en_rsi': False, 'rsi_n': 19, 'rsi_lower': 20, 'rsi_upper': 75, 'en_stochastic': True, 'stochastic_n': 66, 'stochastic_d': 9, 'stochastic_lower': 27, 'stochastic_upper': 89, 'en_mfi': False, 'mfi_n': 84, 'mfi_lower': 48, 'mfi_upper': 65, 'en_bollinger': True, 'bollinger_n': 96, 'bollinger_k': 4.6000000000000005, 'en_adx': True, 'adx_n': 56, 'adx_threshold': 7, 'en_structure_trend': False, 'structure_trend_swing_l': 10, 'en_order_block': True, 'order_block_swing_l': 16, 'en_fvg': False, 'fvg_lookback': 3, 'en_ifvg': True, 'en_breaker': True, 'breaker_swing_l': 20, 'en_cisd': True, 'k': 5, 'en_cap_bars': True, 'cap_1min': 859}.
[I 2026-07-13 17:40:03,012] Trial 591 pruned. 
[I 2026-07-13 17:40:06,347] Trial 592 finished with values: [-346.1971276832628, -1375.5944901114708, 46.5] and parameters: {'sl_soft': 11.828074798855372, 'sl_hard_delta': 4.209268042123824, 'tp': 15.280478680365094, 'gate_pct': 77.7098229275783, 'dd_limit': 2816.719005079483, 'cooldown': 8, 'flip': False, 'en_ema_trend': True, 'ema_trend_fast': 95, 'ema_trend_slow': 187, 'en_sma_trend': False, 'sma_trend_fast': 395, 'sma_trend_slow': 250, 'en_macd': True, 'macd_fast': 30, 'macd_slow': 151, 'macd_signal': 61, 'en_vwap': True, 'en_keltner': True, 'keltner_n': 175, 'keltner_m': 4.5, 'en_obv': True, 'obv_slope': 188, 'en_cci': True, 'cci_n': 88, 'cci_threshold': 30, 'en_rsi': False, 'rsi_n': 23, 'rsi_lower': 7, 'rsi_upper': 86, 'en_stochastic': False, 'stochastic_n': 88, 'stochastic_d': 12, 'stochastic_lower': 2, 'stochastic_upper': 90, 'en_mfi': True, 'mfi_n': 42, 'mfi_lower': 20, 'mfi_upper': 59, 'en_bollinger': True, 'bollinger_n': 131, 'bollinger_k': 1.9000000000000001, 'en_adx': False, 'adx_n': 59, 'adx_threshold': 12, 'en_structure_trend': False, 'structure_trend_swing_l': 19, 'en_order_block': False, 'order_block_swing_l': 8, 'en_fvg': True, 'fvg_lookback': 24, 'en_ifvg': True, 'en_breaker': True, 'breaker_swing_l': 20, 'en_cisd': True, 'k': 2, 'en_cap_bars': False, 'cap_1min': 929}.
[I 2026-07-13 17:40:12,123] Trial 593 finished with values: [455.3254708489658, -2770.197687890868, 61.65] and parameters: {'sl_soft': 27.25884357896654, 'sl_hard_delta': 16.86135074536918, 'tp': 25.60014020708973, 'gate_pct': 74.64771504966384, 'dd_limit': 5783.923331052917, 'cooldown': 1, 'flip': True, 'en_ema_trend': False, 'ema_trend_fast': 95, 'ema_trend_slow': 346, 'en_sma_trend': False, 'sma_trend_fast': 154, 'sma_trend_slow': 298, 'en_macd': True, 'macd_fast': 25, 'macd_slow': 151, 'macd_signal': 87, 'en_vwap': False, 'en_keltner': False, 'keltner_n': 80, 'keltner_m': 4.300000000000001, 'en_obv': True, 'obv_slope': 185, 'en_cci': False, 'cci_n': 33, 'cci_threshold': 155, 'en_rsi': True, 'rsi_n': 23, 'rsi_lower': 11, 'rsi_upper': 67, 'en_stochastic': True, 'stochastic_n': 80, 'stochastic_d': 12, 'stochastic_lower': 34, 'stochastic_upper': 90, 'en_mfi': True, 'mfi_n': 13, 'mfi_lower': 12, 'mfi_upper': 79, 'en_bollinger': False, 'bollinger_n': 195, 'bollinger_k': 1.5, 'en_adx': False, 'adx_n': 54, 'adx_threshold': 47, 'en_structure_trend': False, 'structure_trend_swing_l': 7, 'en_order_block': True, 'order_block_swing_l': 13, 'en_fvg': False, 'fvg_lookback': 41, 'en_ifvg': False, 'en_breaker': False, 'breaker_swing_l': 9, 'en_cisd': True, 'k': 4, 'en_cap_bars': False, 'cap_1min': 651}.
[I 2026-07-13 17:40:12,509] Trial 594 finished with values: [163.31667802838638, -597.887321258786, 52.1] and parameters: {'sl_soft': 14.695606985122541, 'sl_hard_delta': 16.86135074536918, 'tp': 30.9300733340449, 'gate_pct': 74.64771504966384, 'dd_limit': 5783.923331052917, 'cooldown': 2, 'flip': True, 'en_ema_trend': False, 'ema_trend_fast': 95, 'ema_trend_slow': 346, 'en_sma_trend': False, 'sma_trend_fast': 337, 'sma_trend_slow': 250, 'en_macd': False, 'macd_fast': 25, 'macd_slow': 151, 'macd_signal': 87, 'en_vwap': False, 'en_keltner': False, 'keltner_n': 80, 'keltner_m': 4.300000000000001, 'en_obv': False, 'obv_slope': 185, 'en_cci': True, 'cci_n': 33, 'cci_threshold': 250, 'en_rsi': True, 'rsi_n': 23, 'rsi_lower': 11, 'rsi_upper': 94, 'en_stochastic': False, 'stochastic_n': 77, 'stochastic_d': 24, 'stochastic_lower': 34, 'stochastic_upper': 90, 'en_mfi': False, 'mfi_n': 13, 'mfi_lower': 23, 'mfi_upper': 51, 'en_bollinger': False, 'bollinger_n': 195, 'bollinger_k': 3.4000000000000004, 'en_adx': False, 'adx_n': 54, 'adx_threshold': 32, 'en_structure_trend': False, 'structure_trend_swing_l': 18, 'en_order_block': True, 'order_block_swing_l': 13, 'en_fvg': False, 'fvg_lookback': 41, 'en_ifvg': True, 'en_breaker': False, 'breaker_swing_l': 9, 'en_cisd': True, 'k': 4, 'en_cap_bars': False, 'cap_1min': 651}.
[I 2026-07-13 17:40:18,535] Trial 595 finished with values: [87.35521362597865, -314.93993941825465, 57.25] and parameters: {'sl_soft': 12.334463733650468, 'sl_hard_delta': 2.661532227567695, 'tp': 30.9300733340449, 'gate_pct': 52.7932312951505, 'dd_limit': 5783.923331052917, 'cooldown': 2, 'flip': True, 'en_ema_trend': False, 'ema_trend_fast': 389, 'ema_trend_slow': 334, 'en_sma_trend': False, 'sma_trend_fast': 70, 'sma_trend_slow': 250, 'en_macd': False, 'macd_fast': 25, 'macd_slow': 174, 'macd_signal': 21, 'en_vwap': False, 'en_keltner': False, 'keltner_n': 74, 'keltner_m': 4.300000000000001, 'en_obv': True, 'obv_slope': 177, 'en_cci': True, 'cci_n': 33, 'cci_threshold': 250, 'en_rsi': False, 'rsi_n': 23, 'rsi_lower': 38, 'rsi_upper': 55, 'en_stochastic': True, 'stochastic_n': 69, 'stochastic_d': 50, 'stochastic_lower': 38, 'stochastic_upper': 72, 'en_mfi': True, 'mfi_n': 13, 'mfi_lower': 15, 'mfi_upper': 59, 'en_bollinger': True, 'bollinger_n': 91, 'bollinger_k': 3.4000000000000004, 'en_adx': False, 'adx_n': 54, 'adx_threshold': 27, 'en_structure_trend': True, 'structure_trend_swing_l': 18, 'en_order_block': False, 'order_block_swing_l': 12, 'en_fvg': False, 'fvg_lookback': 34, 'en_ifvg': True, 'en_breaker': True, 'breaker_swing_l': 15, 'en_cisd': False, 'k': 4, 'en_cap_bars': True, 'cap_1min': 3}.
[I 2026-07-13 17:40:20,437] Trial 596 finished with values: [335.92626897001537, -393.14746205996926, 56.8] and parameters: {'sl_soft': 20.421932129471724, 'sl_hard_delta': 12.207560282522527, 'tp': 35.9154825605429, 'gate_pct': 42.37120833684469, 'dd_limit': 4207.99661406946, 'cooldown': 22, 'flip': False, 'en_ema_trend': True, 'ema_trend_fast': 41, 'ema_trend_slow': 346, 'en_sma_trend': True, 'sma_trend_fast': 224, 'sma_trend_slow': 93, 'en_macd': True, 'macd_fast': 69, 'macd_slow': 63, 'macd_signal': 31, 'en_vwap': False, 'en_keltner': True, 'keltner_n': 3, 'keltner_m': 2.2, 'en_obv': True, 'obv_slope': 160, 'en_cci': True, 'cci_n': 117, 'cci_threshold': 80, 'en_rsi': True, 'rsi_n': 17, 'rsi_lower': 20, 'rsi_upper': 75, 'en_stochastic': False, 'stochastic_n': 66, 'stochastic_d': 9, 'stochastic_lower': 18, 'stochastic_upper': 60, 'en_mfi': False, 'mfi_n': 79, 'mfi_lower': 10, 'mfi_upper': 65, 'en_bollinger': True, 'bollinger_n': 96, 'bollinger_k': 3.0, 'en_adx': False, 'adx_n': 60, 'adx_threshold': 46, 'en_structure_trend': False, 'structure_trend_swing_l': 11, 'en_order_block': True, 'order_block_swing_l': 16, 'en_fvg': False, 'fvg_lookback': 29, 'en_ifvg': True, 'en_breaker': True, 'breaker_swing_l': 10, 'en_cisd': False, 'k': 1, 'en_cap_bars': True, 'cap_1min': 3}.
[I 2026-07-13 17:40:20,760] Trial 597 finished with values: [25.0, -351.5927874086992, 53.2] and parameters: {'sl_soft': 13.186315729842667, 'sl_hard_delta': 18.132241751897425, 'tp': 27.72259577195913, 'gate_pct': 42.37120833684469, 'dd_limit': 7732.124461539199, 'cooldown': 9, 'flip': False, 'en_ema_trend': False, 'ema_trend_fast': 41, 'ema_trend_slow': 346, 'en_sma_trend': True, 'sma_trend_fast': 395, 'sma_trend_slow': 57, 'en_macd': True, 'macd_fast': 30, 'macd_slow': 63, 'macd_signal': 41, 'en_vwap': True, 'en_keltner': True, 'keltner_n': 3, 'keltner_m': 4.300000000000001, 'en_obv': True, 'obv_slope': 160, 'en_cci': False, 'cci_n': 117, 'cci_threshold': 120, 'en_rsi': False, 'rsi_n': 37, 'rsi_lower': 20, 'rsi_upper': 75, 'en_stochastic': False, 'stochastic_n': 66, 'stochastic_d': 9, 'stochastic_lower': 16, 'stochastic_upper': 60, 'en_mfi': False, 'mfi_n': 42, 'mfi_lower': 20, 'mfi_upper': 65, 'en_bollinger': False, 'bollinger_n': 96, 'bollinger_k': 4.6000000000000005, 'en_adx': True, 'adx_n': 29, 'adx_threshold': 7, 'en_structure_trend': False, 'structure_trend_swing_l': 14, 'en_order_block': True, 'order_block_swing_l': 18, 'en_fvg': False, 'fvg_lookback': 37, 'en_ifvg': True, 'en_breaker': True, 'breaker_swing_l': 18, 'en_cisd': True, 'k': 5, 'en_cap_bars': True, 'cap_1min': 3}.
[I 2026-07-13 17:40:21,536] Trial 598 finished with values: [22.099448068984202, -869.3338893352484, 40.3] and parameters: {'sl_soft': 12.023742953585678, 'sl_hard_delta': 18.132241751897425, 'tp': 27.72259577195913, 'gate_pct': 45.98205069731719, 'dd_limit': 7732.124461539199, 'cooldown': 9, 'flip': True, 'en_ema_trend': False, 'ema_trend_fast': 104, 'ema_trend_slow': 311, 'en_sma_trend': False, 'sma_trend_fast': 395, 'sma_trend_slow': 197, 'en_macd': False, 'macd_fast': 50, 'macd_slow': 94, 'macd_signal': 66, 'en_vwap': True, 'en_keltner': True, 'keltner_n': 6, 'keltner_m': 4.300000000000001, 'en_obv': True, 'obv_slope': 195, 'en_cci': False, 'cci_n': 32, 'cci_threshold': 120, 'en_rsi': False, 'rsi_n': 37, 'rsi_lower': 27, 'rsi_upper': 54, 'en_stochastic': True, 'stochastic_n': 15, 'stochastic_d': 37, 'stochastic_lower': 16, 'stochastic_upper': 54, 'en_mfi': False, 'mfi_n': 42, 'mfi_lower': 20, 'mfi_upper': 65, 'en_bollinger': True, 'bollinger_n': 137, 'bollinger_k': 1.7000000000000002, 'en_adx': True, 'adx_n': 29, 'adx_threshold': 7, 'en_structure_trend': False, 'structure_trend_swing_l': 8, 'en_order_block': True, 'order_block_swing_l': 12, 'en_fvg': False, 'fvg_lookback': 37, 'en_ifvg': True, 'en_breaker': True, 'breaker_swing_l': 18, 'en_cisd': False, 'k': 1, 'en_cap_bars': True, 'cap_1min': 107}.
[I 2026-07-13 17:40:31,638] Trial 599 finished with values: [73.77465728106472, -265.32858946637134, 58.349999999999994] and parameters: {'sl_soft': 10.245954328680858, 'sl_hard_delta': 1.786904617958767, 'tp': 11.768073292054666, 'gate_pct': 42.37120833684469, 'dd_limit': 9508.627019250667, 'cooldown': 22, 'flip': False, 'en_ema_trend': False, 'ema_trend_fast': 41, 'ema_trend_slow': 94, 'en_sma_trend': True, 'sma_trend_fast': 7, 'sma_trend_slow': 265, 'en_macd': True, 'macd_fast': 69, 'macd_slow': 63, 'macd_signal': 41, 'en_vwap': False, 'en_keltner': True, 'keltner_n': 3, 'keltner_m': 4.0, 'en_obv': True, 'obv_slope': 160, 'en_cci': False, 'cci_n': 117, 'cci_threshold': 95, 'en_rsi': True, 'rsi_n': 52, 'rsi_lower': 20, 'rsi_upper': 75, 'en_stochastic': True, 'stochastic_n': 66, 'stochastic_d': 9, 'stochastic_lower': 40, 'stochastic_upper': 60, 'en_mfi': False, 'mfi_n': 90, 'mfi_lower': 7, 'mfi_upper': 65, 'en_bollinger': False, 'bollinger_n': 73, 'bollinger_k': 4.6000000000000005, 'en_adx': True, 'adx_n': 56, 'adx_threshold': 9, 'en_structure_trend': False, 'structure_trend_swing_l': 14, 'en_order_block': True, 'order_block_swing_l': 18, 'en_fvg': False, 'fvg_lookback': 42, 'en_ifvg': False, 'en_breaker': False, 'breaker_swing_l': 20, 'en_cisd': True, 'k': 4, 'en_cap_bars': True, 'cap_1min': 3}.
[I 2026-07-13 17:40:33,194] Trial 600 finished with values: [143.7804675181178, -496.89098040289537, 52.349999999999994] and parameters: {'sl_soft': 10.245954328680858, 'sl_hard_delta': 18.132241751897425, 'tp': 27.72259577195913, 'gate_pct': 42.37120833684469, 'dd_limit': 9508.627019250667, 'cooldown': 22, 'flip': False, 'en_ema_trend': False, 'ema_trend_fast': 41, 'ema_trend_slow': 346, 'en_sma_trend': True, 'sma_trend_fast': 7, 'sma_trend_slow': 57, 'en_macd': True, 'macd_fast': 50, 'macd_slow': 63, 'macd_signal': 41, 'en_vwap': True, 'en_keltner': True, 'keltner_n': 3, 'keltner_m': 4.0, 'en_obv': True, 'obv_slope': 160, 'en_cci': False, 'cci_n': 117, 'cci_threshold': 300, 'en_rsi': True, 'rsi_n': 52, 'rsi_lower': 20, 'rsi_upper': 75, 'en_stochastic': False, 'stochastic_n': 59, 'stochastic_d': 9, 'stochastic_lower': 40, 'stochastic_upper': 60, 'en_mfi': False, 'mfi_n': 89, 'mfi_lower': 7, 'mfi_upper': 65, 'en_bollinger': True, 'bollinger_n': 96, 'bollinger_k': 4.6000000000000005, 'en_adx': True, 'adx_n': 56, 'adx_threshold': 7, 'en_structure_trend': False, 'structure_trend_swing_l': 8, 'en_order_block': True, 'order_block_swing_l': 18, 'en_fvg': False, 'fvg_lookback': 42, 'en_ifvg': True, 'en_breaker': False, 'breaker_swing_l': 20, 'en_cisd': False, 'k': 5, 'en_cap_bars': True, 'cap_1min': 3}.
