[I 2026-07-13 17:37:35,475] Trial 520 finished with values: [244.78870640135938, -315.0, 59.5] and parameters: {'sl_soft': 10.245954328680858, 'sl_hard_delta': 18.132241751897425, 'tp': 35.9154825605429, 'gate_pct': 42.37120833684469, 'dd_limit': 7732.124461539199, 'cooldown': 22, 'flip': False, 'en_ema_trend': False, 'ema_trend_fast': 41, 'ema_trend_slow': 346, 'en_sma_trend': True, 'sma_trend_fast': 283, 'sma_trend_slow': 57, 'en_macd': True, 'macd_fast': 69, 'macd_slow': 63, 'macd_signal': 41, 'en_vwap': True, 'en_keltner': True, 'keltner_n': 3, 'keltner_m': 4.0, 'en_obv': True, 'obv_slope': 160, 'en_cci': False, 'cci_n': 117, 'cci_threshold': 300, 'en_rsi': True, 'rsi_n': 37, 'rsi_lower': 20, 'rsi_upper': 75, 'en_stochastic': False, 'stochastic_n': 66, 'stochastic_d': 9, 'stochastic_lower': 16, 'stochastic_upper': 60, 'en_mfi': False, 'mfi_n': 90, 'mfi_lower': 7, 'mfi_upper': 65, 'en_bollinger': False, 'bollinger_n': 96, 'bollinger_k': 4.6000000000000005, 'en_adx': True, 'adx_n': 56, 'adx_threshold': 7, 'en_structure_trend': False, 'structure_trend_swing_l': 19, 'en_order_block': True, 'order_block_swing_l': 18, 'en_fvg': False, 'fvg_lookback': 42, 'en_ifvg': True, 'en_breaker': False, 'breaker_swing_l': 10, 'en_cisd': False, 'k': 5, 'en_cap_bars': True, 'cap_1min': 3}.
[I 2026-07-13 17:37:47,973] Trial 521 finished with values: [-666.9566006989953, -1499.2052694184167, 43.8] and parameters: {'sl_soft': 27.25884357896654, 'sl_hard_delta': 11.445594980891276, 'tp': 23.976700355745017, 'gate_pct': 58.77346993604095, 'dd_limit': 7732.124461539199, 'cooldown': 1, 'flip': False, 'en_ema_trend': False, 'ema_trend_fast': 282, 'ema_trend_slow': 94, 'en_sma_trend': False, 'sma_trend_fast': 395, 'sma_trend_slow': 265, 'en_macd': True, 'macd_fast': 30, 'macd_slow': 94, 'macd_signal': 22, 'en_vwap': True, 'en_keltner': True, 'keltner_n': 149, 'keltner_m': 4.300000000000001, 'en_obv': False, 'obv_slope': 169, 'en_cci': False, 'cci_n': 32, 'cci_threshold': 95, 'en_rsi': True, 'rsi_n': 93, 'rsi_lower': 16, 'rsi_upper': 54, 'en_stochastic': True, 'stochastic_n': 80, 'stochastic_d': 44, 'stochastic_lower': 16, 'stochastic_upper': 54, 'en_mfi': True, 'mfi_n': 68, 'mfi_lower': 8, 'mfi_upper': 65, 'en_bollinger': True, 'bollinger_n': 85, 'bollinger_k': 4.8, 'en_adx': True, 'adx_n': 29, 'adx_threshold': 9, 'en_structure_trend': False, 'structure_trend_swing_l': 7, 'en_order_block': True, 'order_block_swing_l': 8, 'en_fvg': False, 'fvg_lookback': 38, 'en_ifvg': True, 'en_breaker': False, 'breaker_swing_l': 2, 'en_cisd': False, 'k': 1, 'en_cap_bars': True, 'cap_1min': 107}.
[I 2026-07-13 17:37:48,398] Trial 522 finished with values: [114.53793143393341, -265.3570881903579, 43.35] and parameters: {'sl_soft': 14.695606985122541, 'sl_hard_delta': 2.661532227567695, 'tp': 23.976700355745017, 'gate_pct': 52.7932312951505, 'dd_limit': 2816.719005079483, 'cooldown': 14, 'flip': False, 'en_ema_trend': False, 'ema_trend_fast': 200, 'ema_trend_slow': 187, 'en_sma_trend': False, 'sma_trend_fast': 70, 'sma_trend_slow': 250, 'en_macd': False, 'macd_fast': 44, 'macd_slow': 105, 'macd_signal': 41, 'en_vwap': True, 'en_keltner': True, 'keltner_n': 175, 'keltner_m': 4.300000000000001, 'en_obv': True, 'obv_slope': 160, 'en_cci': True, 'cci_n': 158, 'cci_threshold': 80, 'en_rsi': True, 'rsi_n': 19, 'rsi_lower': 20, 'rsi_upper': 77, 'en_stochastic': True, 'stochastic_n': 69, 'stochastic_d': 28, 'stochastic_lower': 27, 'stochastic_upper': 89, 'en_mfi': False, 'mfi_n': 90, 'mfi_lower': 20, 'mfi_upper': 59, 'en_bollinger': True, 'bollinger_n': 131, 'bollinger_k': 1.9000000000000001, 'en_adx': False, 'adx_n': 99, 'adx_threshold': 12, 'en_structure_trend': True, 'structure_trend_swing_l': 19, 'en_order_block': False, 'order_block_swing_l': 8, 'en_fvg': True, 'fvg_lookback': 37, 'en_ifvg': True, 'en_breaker': True, 'breaker_swing_l': 20, 'en_cisd': False, 'k': 2, 'en_cap_bars': True, 'cap_1min': 859}.
[I 2026-07-13 17:37:53,490] Trial 523 finished with values: [223.3115010854999, -545.1164982212867, 70.15] and parameters: {'sl_soft': 28.263956758595675, 'sl_hard_delta': 11.445594980891276, 'tp': 23.976700355745017, 'gate_pct': 45.98205069731719, 'dd_limit': 7732.124461539199, 'cooldown': 9, 'flip': True, 'en_ema_trend': False, 'ema_trend_fast': 104, 'ema_trend_slow': 207, 'en_sma_trend': True, 'sma_trend_fast': 395, 'sma_trend_slow': 250, 'en_macd': True, 'macd_fast': 30, 'macd_slow': 94, 'macd_signal': 22, 'en_vwap': False, 'en_keltner': True, 'keltner_n': 6, 'keltner_m': 4.300000000000001, 'en_obv': False, 'obv_slope': 188, 'en_cci': True, 'cci_n': 32, 'cci_threshold': 120, 'en_rsi': False, 'rsi_n': 37, 'rsi_lower': 27, 'rsi_upper': 54, 'en_stochastic': True, 'stochastic_n': 15, 'stochastic_d': 13, 'stochastic_lower': 16, 'stochastic_upper': 90, 'en_mfi': True, 'mfi_n': 68, 'mfi_lower': 27, 'mfi_upper': 65, 'en_bollinger': False, 'bollinger_n': 137, 'bollinger_k': 1.7000000000000002, 'en_adx': True, 'adx_n': 29, 'adx_threshold': 7, 'en_structure_trend': True, 'structure_trend_swing_l': 19, 'en_order_block': True, 'order_block_swing_l': 12, 'en_fvg': False, 'fvg_lookback': 37, 'en_ifvg': True, 'en_breaker': True, 'breaker_swing_l': 20, 'en_cisd': False, 'k': 1, 'en_cap_bars': False, 'cap_1min': 1085}.
[I 2026-07-13 17:37:55,945] Trial 524 pruned. 
[I 2026-07-13 17:37:56,631] Trial 525 pruned. 
[I 2026-07-13 17:37:57,886] Trial 526 finished with values: [28.073044151879003, -419.02791209347924, 43.0] and parameters: {'sl_soft': 13.186315729842667, 'sl_hard_delta': 1.786904617958767, 'tp': 23.976700355745017, 'gate_pct': 45.98205069731719, 'dd_limit': 2593.226162786568, 'cooldown': 9, 'flip': True, 'en_ema_trend': False, 'ema_trend_fast': 104, 'ema_trend_slow': 346, 'en_sma_trend': False, 'sma_trend_fast': 154, 'sma_trend_slow': 230, 'en_macd': True, 'macd_fast': 33, 'macd_slow': 156, 'macd_signal': 22, 'en_vwap': True, 'en_keltner': True, 'keltner_n': 178, 'keltner_m': 4.300000000000001, 'en_obv': False, 'obv_slope': 15, 'en_cci': True, 'cci_n': 188, 'cci_threshold': 155, 'en_rsi': True, 'rsi_n': 88, 'rsi_lower': 11, 'rsi_upper': 54, 'en_stochastic': False, 'stochastic_n': 15, 'stochastic_d': 13, 'stochastic_lower': 16, 'stochastic_upper': 54, 'en_mfi': False, 'mfi_n': 4, 'mfi_lower': 12, 'mfi_upper': 79, 'en_bollinger': True, 'bollinger_n': 137, 'bollinger_k': 1.7000000000000002, 'en_adx': False, 'adx_n': 48, 'adx_threshold': 7, 'en_structure_trend': True, 'structure_trend_swing_l': 7, 'en_order_block': False, 'order_block_swing_l': 12, 'en_fvg': True, 'fvg_lookback': 38, 'en_ifvg': True, 'en_breaker': False, 'breaker_swing_l': 5, 'en_cisd': False, 'k': 1, 'en_cap_bars': True, 'cap_1min': 134}.
[I 2026-07-13 17:37:59,005] Trial 527 finished with values: [-11.055205834472872, -476.2949241199385, 54.25] and parameters: {'sl_soft': 20.421932129471724, 'sl_hard_delta': 12.207560282522527, 'tp': 23.976700355745017, 'gate_pct': 36.655664385123444, 'dd_limit': 4207.99661406946, 'cooldown': 14, 'flip': False, 'en_ema_trend': True, 'ema_trend_fast': 12, 'ema_trend_slow': 187, 'en_sma_trend': False, 'sma_trend_fast': 224, 'sma_trend_slow': 93, 'en_macd': False, 'macd_fast': 44, 'macd_slow': 3, 'macd_signal': 31, 'en_vwap': True, 'en_keltner': True, 'keltner_n': 124, 'keltner_m': 4.300000000000001, 'en_obv': True, 'obv_slope': 184, 'en_cci': True, 'cci_n': 19, 'cci_threshold': 80, 'en_rsi': False, 'rsi_n': 19, 'rsi_lower': 20, 'rsi_upper': 77, 'en_stochastic': False, 'stochastic_n': 69, 'stochastic_d': 8, 'stochastic_lower': 18, 'stochastic_upper': 77, 'en_mfi': False, 'mfi_n': 90, 'mfi_lower': 20, 'mfi_upper': 59, 'en_bollinger': True, 'bollinger_n': 85, 'bollinger_k': 1.9000000000000001, 'en_adx': False, 'adx_n': 99, 'adx_threshold': 46, 'en_structure_trend': True, 'structure_trend_swing_l': 10, 'en_order_block': True, 'order_block_swing_l': 8, 'en_fvg': False, 'fvg_lookback': 29, 'en_ifvg': True, 'en_breaker': True, 'breaker_swing_l': 20, 'en_cisd': False, 'k': 1, 'en_cap_bars': True, 'cap_1min': 16}.
[I 2026-07-13 17:38:00,815] Trial 528 finished with values: [-305.30110224524833, -464.0639826340339, 36.7] and parameters: {'sl_soft': 10.245954328680858, 'sl_hard_delta': 11.445594980891276, 'tp': 23.976700355745017, 'gate_pct': 42.37120833684469, 'dd_limit': 365.1680353374175, 'cooldown': 32, 'flip': False, 'en_ema_trend': False, 'ema_trend_fast': 104, 'ema_trend_slow': 346, 'en_sma_trend': False, 'sma_trend_fast': 395, 'sma_trend_slow': 230, 'en_macd': True, 'macd_fast': 30, 'macd_slow': 94, 'macd_signal': 66, 'en_vwap': True, 'en_keltner': True, 'keltner_n': 6, 'keltner_m': 4.0, 'en_obv': True, 'obv_slope': 188, 'en_cci': True, 'cci_n': 117, 'cci_threshold': 300, 'en_rsi': False, 'rsi_n': 52, 'rsi_lower': 20, 'rsi_upper': 54, 'en_stochastic': False, 'stochastic_n': 59, 'stochastic_d': 9, 'stochastic_lower': 16, 'stochastic_upper': 54, 'en_mfi': False, 'mfi_n': 42, 'mfi_lower': 7, 'mfi_upper': 65, 'en_bollinger': True, 'bollinger_n': 96, 'bollinger_k': 1.7000000000000002, 'en_adx': True, 'adx_n': 56, 'adx_threshold': 7, 'en_structure_trend': True, 'structure_trend_swing_l': 19, 'en_order_block': True, 'order_block_swing_l': 12, 'en_fvg': False, 'fvg_lookback': 2, 'en_ifvg': True, 'en_breaker': False, 'breaker_swing_l': 18, 'en_cisd': False, 'k': 1, 'en_cap_bars': True, 'cap_1min': 107}.
[I 2026-07-13 17:38:02,878] Trial 529 finished with values: [538.4853557003589, -928.7039992871723, 56.65] and parameters: {'sl_soft': 14.695606985122541, 'sl_hard_delta': 16.86135074536918, 'tp': 30.9300733340449, 'gate_pct': 74.64771504966384, 'dd_limit': 3617.657841686699, 'cooldown': 2, 'flip': True, 'en_ema_trend': False, 'ema_trend_fast': 271, 'ema_trend_slow': 85, 'en_sma_trend': False, 'sma_trend_fast': 395, 'sma_trend_slow': 263, 'en_macd': True, 'macd_fast': 30, 'macd_slow': 151, 'macd_signal': 61, 'en_vwap': True, 'en_keltner': True, 'keltner_n': 168, 'keltner_m': 4.5, 'en_obv': False, 'obv_slope': 185, 'en_cci': True, 'cci_n': 33, 'cci_threshold': 120, 'en_rsi': False, 'rsi_n': 23, 'rsi_lower': 11, 'rsi_upper': 86, 'en_stochastic': False, 'stochastic_n': 77, 'stochastic_d': 24, 'stochastic_lower': 2, 'stochastic_upper': 90, 'en_mfi': True, 'mfi_n': 42, 'mfi_lower': 23, 'mfi_upper': 51, 'en_bollinger': True, 'bollinger_n': 137, 'bollinger_k': 1.7000000000000002, 'en_adx': False, 'adx_n': 54, 'adx_threshold': 35, 'en_structure_trend': True, 'structure_trend_swing_l': 18, 'en_order_block': True, 'order_block_swing_l': 13, 'en_fvg': True, 'fvg_lookback': 41, 'en_ifvg': True, 'en_breaker': True, 'breaker_swing_l': 9, 'en_cisd': True, 'k': 4, 'en_cap_bars': False, 'cap_1min': 651}.
[I 2026-07-13 17:38:04,481] Trial 530 finished with values: [-495.2331988903825, -1393.307932113894, 46.8] and parameters: {'sl_soft': 27.25884357896654, 'sl_hard_delta': 16.86135074536918, 'tp': 22.369899655020188, 'gate_pct': 58.77346993604095, 'dd_limit': 4207.99661406946, 'cooldown': 1, 'flip': False, 'en_ema_trend': False, 'ema_trend_fast': 137, 'ema_trend_slow': 135, 'en_sma_trend': False, 'sma_trend_fast': 154, 'sma_trend_slow': 298, 'en_macd': True, 'macd_fast': 24, 'macd_slow': 179, 'macd_signal': 31, 'en_vwap': False, 'en_keltner': True, 'keltner_n': 124, 'keltner_m': 2.2, 'en_obv': True, 'obv_slope': 185, 'en_cci': False, 'cci_n': 19, 'cci_threshold': 155, 'en_rsi': True, 'rsi_n': 17, 'rsi_lower': 11, 'rsi_upper': 98, 'en_stochastic': False, 'stochastic_n': 25, 'stochastic_d': 12, 'stochastic_lower': 34, 'stochastic_upper': 77, 'en_mfi': True, 'mfi_n': 79, 'mfi_lower': 10, 'mfi_upper': 59, 'en_bollinger': True, 'bollinger_n': 92, 'bollinger_k': 1.5, 'en_adx': False, 'adx_n': 60, 'adx_threshold': 46, 'en_structure_trend': True, 'structure_trend_swing_l': 7, 'en_order_block': True, 'order_block_swing_l': 16, 'en_fvg': False, 'fvg_lookback': 29, 'en_ifvg': False, 'en_breaker': False, 'breaker_swing_l': 8, 'en_cisd': False, 'k': 1, 'en_cap_bars': True, 'cap_1min': 16}.
[I 2026-07-13 17:38:06,570] Trial 531 finished with values: [223.48436258858783, -982.7770288557804, 42.2] and parameters: {'sl_soft': 10.245954328680858, 'sl_hard_delta': 18.132241751897425, 'tp': 27.72259577195913, 'gate_pct': 42.37120833684469, 'dd_limit': 3719.9389583336606, 'cooldown': 22, 'flip': False, 'en_ema_trend': False, 'ema_trend_fast': 41, 'ema_trend_slow': 346, 'en_sma_trend': False, 'sma_trend_fast': 7, 'sma_trend_slow': 242, 'en_macd': True, 'macd_fast': 69, 'macd_slow': 63, 'macd_signal': 41, 'en_vwap': True, 'en_keltner': True, 'keltner_n': 32, 'keltner_m': 4.0, 'en_obv': True, 'obv_slope': 160, 'en_cci': False, 'cci_n': 117, 'cci_threshold': 300, 'en_rsi': True, 'rsi_n': 52, 'rsi_lower': 20, 'rsi_upper': 75, 'en_stochastic': False, 'stochastic_n': 30, 'stochastic_d': 9, 'stochastic_lower': 40, 'stochastic_upper': 60, 'en_mfi': False, 'mfi_n': 90, 'mfi_lower': 7, 'mfi_upper': 65, 'en_bollinger': False, 'bollinger_n': 96, 'bollinger_k': 4.6000000000000005, 'en_adx': True, 'adx_n': 56, 'adx_threshold': 7, 'en_structure_trend': False, 'structure_trend_swing_l': 14, 'en_order_block': True, 'order_block_swing_l': 18, 'en_fvg': False, 'fvg_lookback': 42, 'en_ifvg': True, 'en_breaker': True, 'breaker_swing_l': 20, 'en_cisd': True, 'k': 5, 'en_cap_bars': False, 'cap_1min': 3}.
[I 2026-07-13 17:38:11,814] Trial 532 finished with values: [279.47575800420964, -830.1164982212867, 65.0] and parameters: {'sl_soft': 13.186315729842667, 'sl_hard_delta': 22.812176017330245, 'tp': 23.976700355745017, 'gate_pct': 52.7932312951505, 'dd_limit': 7732.124461539199, 'cooldown': 9, 'flip': False, 'en_ema_trend': False, 'ema_trend_fast': 219, 'ema_trend_slow': 311, 'en_sma_trend': False, 'sma_trend_fast': 395, 'sma_trend_slow': 249, 'en_macd': False, 'macd_fast': 88, 'macd_slow': 94, 'macd_signal': 21, 'en_vwap': True, 'en_keltner': False, 'keltner_n': 6, 'keltner_m': 4.300000000000001, 'en_obv': True, 'obv_slope': 188, 'en_cci': True, 'cci_n': 158, 'cci_threshold': 120, 'en_rsi': False, 'rsi_n': 37, 'rsi_lower': 38, 'rsi_upper': 55, 'en_stochastic': True, 'stochastic_n': 15, 'stochastic_d': 13, 'stochastic_lower': 16, 'stochastic_upper': 72, 'en_mfi': False, 'mfi_n': 42, 'mfi_lower': 20, 'mfi_upper': 59, 'en_bollinger': True, 'bollinger_n': 91, 'bollinger_k': 1.9000000000000001, 'en_adx': True, 'adx_n': 35, 'adx_threshold': 7, 'en_structure_trend': True, 'structure_trend_swing_l': 19, 'en_order_block': False, 'order_block_swing_l': 12, 'en_fvg': False, 'fvg_lookback': 37, 'en_ifvg': True, 'en_breaker': True, 'breaker_swing_l': 15, 'en_cisd': False, 'k': 4, 'en_cap_bars': True, 'cap_1min': 107}.
[I 2026-07-13 17:38:14,143] Trial 533 finished with values: [265.18728037106484, -270.5073731223092, 53.5] and parameters: {'sl_soft': 10.245954328680858, 'sl_hard_delta': 4.304782983548088, 'tp': 30.9300733340449, 'gate_pct': 49.958417067888604, 'dd_limit': 365.1680353374175, 'cooldown': 22, 'flip': False, 'en_ema_trend': False, 'ema_trend_fast': 95, 'ema_trend_slow': 346, 'en_sma_trend': False, 'sma_trend_fast': 283, 'sma_trend_slow': 57, 'en_macd': False, 'macd_fast': 44, 'macd_slow': 151, 'macd_signal': 41, 'en_vwap': True, 'en_keltner': True, 'keltner_n': 3, 'keltner_m': 4.300000000000001, 'en_obv': True, 'obv_slope': 160, 'en_cci': True, 'cci_n': 117, 'cci_threshold': 300, 'en_rsi': True, 'rsi_n': 52, 'rsi_lower': 20, 'rsi_upper': 88, 'en_stochastic': False, 'stochastic_n': 88, 'stochastic_d': 9, 'stochastic_lower': 38, 'stochastic_upper': 60, 'en_mfi': False, 'mfi_n': 90, 'mfi_lower': 7, 'mfi_upper': 65, 'en_bollinger': False, 'bollinger_n': 96, 'bollinger_k': 4.6000000000000005, 'en_adx': False, 'adx_n': 56, 'adx_threshold': 12, 'en_structure_trend': False, 'structure_trend_swing_l': 8, 'en_order_block': True, 'order_block_swing_l': 18, 'en_fvg': False, 'fvg_lookback': 2, 'en_ifvg': True, 'en_breaker': True, 'breaker_swing_l': 2, 'en_cisd': False, 'k': 5, 'en_cap_bars': True, 'cap_1min': 3}.
[I 2026-07-13 17:38:16,728] Trial 534 pruned. 
[I 2026-07-13 17:38:18,230] Trial 535 finished with values: [75.71199735071787, -687.1345946563451, 51.9] and parameters: {'sl_soft': 13.186315729842667, 'sl_hard_delta': 11.445594980891276, 'tp': 23.976700355745017, 'gate_pct': 47.67526199665095, 'dd_limit': 1393.7003097166044, 'cooldown': 0, 'flip': True, 'en_ema_trend': False, 'ema_trend_fast': 293, 'ema_trend_slow': 346, 'en_sma_trend': False, 'sma_trend_fast': 154, 'sma_trend_slow': 197, 'en_macd': True, 'macd_fast': 25, 'macd_slow': 156, 'macd_signal': 66, 'en_vwap': True, 'en_keltner': True, 'keltner_n': 178, 'keltner_m': 4.8, 'en_obv': True, 'obv_slope': 15, 'en_cci': False, 'cci_n': 188, 'cci_threshold': 155, 'en_rsi': True, 'rsi_n': 88, 'rsi_lower': 11, 'rsi_upper': 54, 'en_stochastic': False, 'stochastic_n': 63, 'stochastic_d': 14, 'stochastic_lower': 38, 'stochastic_upper': 74, 'en_mfi': False, 'mfi_n': 21, 'mfi_lower': 12, 'mfi_upper': 79, 'en_bollinger': True, 'bollinger_n': 182, 'bollinger_k': 1.7000000000000002, 'en_adx': False, 'adx_n': 48, 'adx_threshold': 34, 'en_structure_trend': True, 'structure_trend_swing_l': 7, 'en_order_block': False, 'order_block_swing_l': 17, 'en_fvg': False, 'fvg_lookback': 37, 'en_ifvg': True, 'en_breaker': True, 'breaker_swing_l': 18, 'en_cisd': False, 'k': 4, 'en_cap_bars': True, 'cap_1min': 772}.
[I 2026-07-13 17:38:21,686] Trial 536 finished with values: [-74.93092118669665, -604.3465774389551, 45.35] and parameters: {'sl_soft': 11.828074798855372, 'sl_hard_delta': 1.786904617958767, 'tp': 15.280478680365094, 'gate_pct': 47.67526199665095, 'dd_limit': 3617.657841686699, 'cooldown': 8, 'flip': True, 'en_ema_trend': True, 'ema_trend_fast': 271, 'ema_trend_slow': 346, 'en_sma_trend': False, 'sma_trend_fast': 395, 'sma_trend_slow': 263, 'en_macd': True, 'macd_fast': 33, 'macd_slow': 156, 'macd_signal': 22, 'en_vwap': False, 'en_keltner': True, 'keltner_n': 168, 'keltner_m': 4.8, 'en_obv': True, 'obv_slope': 15, 'en_cci': False, 'cci_n': 88, 'cci_threshold': 120, 'en_rsi': False, 'rsi_n': 88, 'rsi_lower': 11, 'rsi_upper': 86, 'en_stochastic': False, 'stochastic_n': 63, 'stochastic_d': 12, 'stochastic_lower': 38, 'stochastic_upper': 74, 'en_mfi': True, 'mfi_n': 42, 'mfi_lower': 12, 'mfi_upper': 79, 'en_bollinger': True, 'bollinger_n': 182, 'bollinger_k': 3.6, 'en_adx': False, 'adx_n': 48, 'adx_threshold': 30, 'en_structure_trend': True, 'structure_trend_swing_l': 4, 'en_order_block': False, 'order_block_swing_l': 17, 'en_fvg': False, 'fvg_lookback': 38, 'en_ifvg': True, 'en_breaker': False, 'breaker_swing_l': 19, 'en_cisd': False, 'k': 4, 'en_cap_bars': False, 'cap_1min': 772}.
[I 2026-07-13 17:38:22,699] Trial 537 pruned. 
[I 2026-07-13 17:38:24,768] Trial 538 finished with values: [404.17978375533494, -914.4032659467484, 46.150000000000006] and parameters: {'sl_soft': 14.695606985122541, 'sl_hard_delta': 16.86135074536918, 'tp': 30.9300733340449, 'gate_pct': 49.958417067888604, 'dd_limit': 5783.923331052917, 'cooldown': 2, 'flip': True, 'en_ema_trend': False, 'ema_trend_fast': 95, 'ema_trend_slow': 346, 'en_sma_trend': False, 'sma_trend_fast': 337, 'sma_trend_slow': 250, 'en_macd': True, 'macd_fast': 25, 'macd_slow': 174, 'macd_signal': 87, 'en_vwap': True, 'en_keltner': False, 'keltner_n': 175, 'keltner_m': 4.300000000000001, 'en_obv': False, 'obv_slope': 185, 'en_cci': True, 'cci_n': 33, 'cci_threshold': 250, 'en_rsi': True, 'rsi_n': 23, 'rsi_lower': 11, 'rsi_upper': 88, 'en_stochastic': False, 'stochastic_n': 77, 'stochastic_d': 50, 'stochastic_lower': 38, 'stochastic_upper': 90, 'en_mfi': False, 'mfi_n': 13, 'mfi_lower': 15, 'mfi_upper': 58, 'en_bollinger': False, 'bollinger_n': 195, 'bollinger_k': 3.4000000000000004, 'en_adx': False, 'adx_n': 54, 'adx_threshold': 12, 'en_structure_trend': False, 'structure_trend_swing_l': 18, 'en_order_block': True, 'order_block_swing_l': 13, 'en_fvg': False, 'fvg_lookback': 34, 'en_ifvg': False, 'en_breaker': True, 'breaker_swing_l': 20, 'en_cisd': True, 'k': 4, 'en_cap_bars': False, 'cap_1min': 3}.
[I 2026-07-13 17:38:27,148] Trial 539 finished with values: [-10.0, -565.9007266953267, 53.35] and parameters: {'sl_soft': 20.421932129471724, 'sl_hard_delta': 4.304782983548088, 'tp': 30.9300733340449, 'gate_pct': 49.958417067888604, 'dd_limit': 4207.99661406946, 'cooldown': 2, 'flip': False, 'en_ema_trend': True, 'ema_trend_fast': 95, 'ema_trend_slow': 135, 'en_sma_trend': False, 'sma_trend_fast': 224, 'sma_trend_slow': 93, 'en_macd': True, 'macd_fast': 44, 'macd_slow': 151, 'macd_signal': 31, 'en_vwap': True, 'en_keltner': True, 'keltner_n': 175, 'keltner_m': 4.300000000000001, 'en_obv': True, 'obv_slope': 184, 'en_cci': True, 'cci_n': 19, 'cci_threshold': 30, 'en_rsi': True, 'rsi_n': 23, 'rsi_lower': 9, 'rsi_upper': 98, 'en_stochastic': False, 'stochastic_n': 25, 'stochastic_d': 50, 'stochastic_lower': 18, 'stochastic_upper': 77, 'en_mfi': True, 'mfi_n': 90, 'mfi_lower': 15, 'mfi_upper': 58, 'en_bollinger': False, 'bollinger_n': 195, 'bollinger_k': 0.6, 'en_adx': False, 'adx_n': 60, 'adx_threshold': 12, 'en_structure_trend': False, 'structure_trend_swing_l': 14, 'en_order_block': True, 'order_block_swing_l': 16, 'en_fvg': False, 'fvg_lookback': 35, 'en_ifvg': True, 'en_breaker': True, 'breaker_swing_l': 8, 'en_cisd': False, 'k': 1, 'en_cap_bars': True, 'cap_1min': 3}.
