[I 2026-07-13 17:15:03,885] Trial 412 finished with values: [-99.78545450125239, -1854.8035516124219, 32.1] and parameters: {'sl_soft': 39.62905967140161, 'sl_hard_delta': 54.185208430712976, 'tp': 196.03928967751625, 'gate_pct': 81.43219065749138, 'dd_limit': 1156.8429090684392, 'cooldown': 1, 'flip': True, 'en_ema_trend': False, 'ema_trend_fast': 177, 'ema_trend_slow': 346, 'en_sma_trend': True, 'sma_trend_fast': 232, 'sma_trend_slow': 258, 'en_macd': False, 'macd_fast': 49, 'macd_slow': 63, 'macd_signal': 24, 'en_vwap': False, 'en_keltner': True, 'keltner_n': 17, 'keltner_m': 3.9000000000000004, 'en_obv': True, 'obv_slope': 160, 'en_cci': True, 'cci_n': 33, 'cci_threshold': 105, 'en_rsi': False, 'rsi_n': 39, 'rsi_lower': 17, 'rsi_upper': 90, 'en_stochastic': True, 'stochastic_n': 67, 'stochastic_d': 14, 'stochastic_lower': 17, 'stochastic_upper': 68, 'en_mfi': False, 'mfi_n': 41, 'mfi_lower': 17, 'mfi_upper': 88, 'en_bollinger': False, 'bollinger_n': 182, 'bollinger_k': 0.5, 'en_adx': False, 'adx_n': 32, 'adx_threshold': 21, 'en_structure_trend': True, 'structure_trend_swing_l': 14, 'en_order_block': False, 'order_block_swing_l': 19, 'en_fvg': False, 'fvg_lookback': 34, 'en_ifvg': True, 'en_breaker': False, 'breaker_swing_l': 15, 'en_cisd': False, 'k': 4, 'en_cap_bars': False, 'cap_1min': 689}.
[I 2026-07-13 17:15:04,419] Trial 413 pruned. 
[I 2026-07-13 17:15:05,643] Trial 414 finished with values: [-55.0, -765.0, 41.2] and parameters: {'sl_soft': 53.32413091561695, 'sl_hard_delta': 234.55875114228695, 'tp': 268.65753636994185, 'gate_pct': 55.051017158961336, 'dd_limit': 9508.627019250667, 'cooldown': 0, 'flip': True, 'en_ema_trend': False, 'ema_trend_fast': 95, 'ema_trend_slow': 346, 'en_sma_trend': False, 'sma_trend_fast': 92, 'sma_trend_slow': 16, 'en_macd': True, 'macd_fast': 25, 'macd_slow': 63, 'macd_signal': 41, 'en_vwap': False, 'en_keltner': True, 'keltner_n': 116, 'keltner_m': 4.0, 'en_obv': True, 'obv_slope': 108, 'en_cci': True, 'cci_n': 21, 'cci_threshold': 40, 'en_rsi': True, 'rsi_n': 52, 'rsi_lower': 2, 'rsi_upper': 76, 'en_stochastic': False, 'stochastic_n': 97, 'stochastic_d': 17, 'stochastic_lower': 38, 'stochastic_upper': 77, 'en_mfi': False, 'mfi_n': 96, 'mfi_lower': 15, 'mfi_upper': 64, 'en_bollinger': False, 'bollinger_n': 182, 'bollinger_k': 2.2, 'en_adx': False, 'adx_n': 54, 'adx_threshold': 32, 'en_structure_trend': True, 'structure_trend_swing_l': 14, 'en_order_block': True, 'order_block_swing_l': 16, 'en_fvg': True, 'fvg_lookback': 44, 'en_ifvg': False, 'en_breaker': True, 'breaker_swing_l': 20, 'en_cisd': False, 'k': 5, 'en_cap_bars': True, 'cap_1min': 3}.
[I 2026-07-13 17:15:06,364] Trial 415 pruned. 
[I 2026-07-13 17:15:09,983] Trial 416 finished with values: [210.7259183158385, -6213.658305961071, 52.95] and parameters: {'sl_soft': 153.11311925365692, 'sl_hard_delta': 257.0849179212227, 'tp': 151.13416940389638, 'gate_pct': 61.70561390485503, 'dd_limit': 9508.627019250667, 'cooldown': 4, 'flip': False, 'en_ema_trend': True, 'ema_trend_fast': 177, 'ema_trend_slow': 346, 'en_sma_trend': False, 'sma_trend_fast': 221, 'sma_trend_slow': 258, 'en_macd': True, 'macd_fast': 49, 'macd_slow': 175, 'macd_signal': 100, 'en_vwap': False, 'en_keltner': True, 'keltner_n': 17, 'keltner_m': 3.3000000000000003, 'en_obv': True, 'obv_slope': 160, 'en_cci': True, 'cci_n': 33, 'cci_threshold': 120, 'en_rsi': False, 'rsi_n': 39, 'rsi_lower': 20, 'rsi_upper': 74, 'en_stochastic': False, 'stochastic_n': 93, 'stochastic_d': 37, 'stochastic_lower': 17, 'stochastic_upper': 68, 'en_mfi': False, 'mfi_n': 11, 'mfi_lower': 34, 'mfi_upper': 98, 'en_bollinger': True, 'bollinger_n': 133, 'bollinger_k': 4.300000000000001, 'en_adx': False, 'adx_n': 97, 'adx_threshold': 21, 'en_structure_trend': False, 'structure_trend_swing_l': 18, 'en_order_block': True, 'order_block_swing_l': 19, 'en_fvg': False, 'fvg_lookback': 1, 'en_ifvg': True, 'en_breaker': True, 'breaker_swing_l': 15, 'en_cisd': False, 'k': 4, 'en_cap_bars': True, 'cap_1min': 1171}.
[I 2026-07-13 17:15:12,978] Trial 417 finished with values: [1249.1074079252212, -3726.736398360299, 60.650000000000006] and parameters: {'sl_soft': 123.70176902772263, 'sl_hard_delta': 175.0316160028408, 'tp': 101.88424010931452, 'gate_pct': 74.64771504966384, 'dd_limit': 928.2439984695909, 'cooldown': 1, 'flip': True, 'en_ema_trend': False, 'ema_trend_fast': 393, 'ema_trend_slow': 361, 'en_sma_trend': False, 'sma_trend_fast': 79, 'sma_trend_slow': 376, 'en_macd': True, 'macd_fast': 93, 'macd_slow': 48, 'macd_signal': 87, 'en_vwap': False, 'en_keltner': True, 'keltner_n': 49, 'keltner_m': 3.9000000000000004, 'en_obv': False, 'obv_slope': 191, 'en_cci': False, 'cci_n': 2, 'cci_threshold': 90, 'en_rsi': True, 'rsi_n': 67, 'rsi_lower': 19, 'rsi_upper': 69, 'en_stochastic': False, 'stochastic_n': 5, 'stochastic_d': 5, 'stochastic_lower': 32, 'stochastic_upper': 82, 'en_mfi': True, 'mfi_n': 41, 'mfi_lower': 44, 'mfi_upper': 97, 'en_bollinger': False, 'bollinger_n': 92, 'bollinger_k': 1.6, 'en_adx': False, 'adx_n': 2, 'adx_threshold': 7, 'en_structure_trend': False, 'structure_trend_swing_l': 15, 'en_order_block': False, 'order_block_swing_l': 12, 'en_fvg': False, 'fvg_lookback': 45, 'en_ifvg': True, 'en_breaker': False, 'breaker_swing_l': 18, 'en_cisd': True, 'k': 4, 'en_cap_bars': False, 'cap_1min': 1165}.
[I 2026-07-13 17:15:15,813] Trial 418 finished with values: [-5276.902211157594, -9001.838942761678, 35.4] and parameters: {'sl_soft': 162.66655367980434, 'sl_hard_delta': 255.08291226430876, 'tp': 265.90805286191534, 'gate_pct': 61.29515207255519, 'dd_limit': 551.6601649489387, 'cooldown': 0, 'flip': False, 'en_ema_trend': True, 'ema_trend_fast': 271, 'ema_trend_slow': 376, 'en_sma_trend': False, 'sma_trend_fast': 292, 'sma_trend_slow': 163, 'en_macd': True, 'macd_fast': 98, 'macd_slow': 190, 'macd_signal': 92, 'en_vwap': False, 'en_keltner': False, 'keltner_n': 188, 'keltner_m': 3.1, 'en_obv': False, 'obv_slope': 169, 'en_cci': True, 'cci_n': 12, 'cci_threshold': 260, 'en_rsi': True, 'rsi_n': 33, 'rsi_lower': 9, 'rsi_upper': 76, 'en_stochastic': False, 'stochastic_n': 35, 'stochastic_d': 12, 'stochastic_lower': 48, 'stochastic_upper': 57, 'en_mfi': True, 'mfi_n': 58, 'mfi_lower': 19, 'mfi_upper': 87, 'en_bollinger': False, 'bollinger_n': 108, 'bollinger_k': 0.6, 'en_adx': False, 'adx_n': 68, 'adx_threshold': 32, 'en_structure_trend': False, 'structure_trend_swing_l': 16, 'en_order_block': True, 'order_block_swing_l': 19, 'en_fvg': True, 'fvg_lookback': 25, 'en_ifvg': False, 'en_breaker': True, 'breaker_swing_l': 12, 'en_cisd': False, 'k': 3, 'en_cap_bars': False, 'cap_1min': 736}.
[I 2026-07-13 17:15:17,799] Trial 419 pruned. 
[I 2026-07-13 17:15:18,909] Trial 420 finished with values: [541.2820778271816, -2774.7668949405124, 56.25] and parameters: {'sl_soft': 185.7476332262869, 'sl_hard_delta': 113.81411753124198, 'tp': 157.04662101189686, 'gate_pct': 74.64771504966384, 'dd_limit': 5783.923331052917, 'cooldown': 1, 'flip': True, 'en_ema_trend': False, 'ema_trend_fast': 351, 'ema_trend_slow': 112, 'en_sma_trend': False, 'sma_trend_fast': 337, 'sma_trend_slow': 298, 'en_macd': False, 'macd_fast': 25, 'macd_slow': 98, 'macd_signal': 87, 'en_vwap': False, 'en_keltner': False, 'keltner_n': 80, 'keltner_m': 3.9000000000000004, 'en_obv': False, 'obv_slope': 185, 'en_cci': True, 'cci_n': 88, 'cci_threshold': 250, 'en_rsi': True, 'rsi_n': 58, 'rsi_lower': 42, 'rsi_upper': 94, 'en_stochastic': True, 'stochastic_n': 77, 'stochastic_d': 24, 'stochastic_lower': 34, 'stochastic_upper': 53, 'en_mfi': True, 'mfi_n': 13, 'mfi_lower': 23, 'mfi_upper': 51, 'en_bollinger': False, 'bollinger_n': 92, 'bollinger_k': 1.5, 'en_adx': False, 'adx_n': 67, 'adx_threshold': 35, 'en_structure_trend': True, 'structure_trend_swing_l': 18, 'en_order_block': True, 'order_block_swing_l': 13, 'en_fvg': False, 'fvg_lookback': 41, 'en_ifvg': False, 'en_breaker': False, 'breaker_swing_l': 9, 'en_cisd': False, 'k': 4, 'en_cap_bars': False, 'cap_1min': 651}.
[I 2026-07-13 17:15:20,185] Trial 421 pruned. 
[I 2026-07-13 17:15:20,466] Trial 422 pruned. 
[I 2026-07-13 17:15:21,184] Trial 423 pruned. 
[I 2026-07-13 17:15:28,494] Trial 424 finished with values: [1659.8954024595514, -970.0, 72.25] and parameters: {'sl_soft': 123.70176902772263, 'sl_hard_delta': 175.0316160028408, 'tp': 101.88424010931452, 'gate_pct': 81.43219065749138, 'dd_limit': 7424.489916885895, 'cooldown': 4, 'flip': True, 'en_ema_trend': True, 'ema_trend_fast': 177, 'ema_trend_slow': 139, 'en_sma_trend': True, 'sma_trend_fast': 79, 'sma_trend_slow': 143, 'en_macd': True, 'macd_fast': 93, 'macd_slow': 15, 'macd_signal': 93, 'en_vwap': True, 'en_keltner': True, 'keltner_n': 17, 'keltner_m': 3.8000000000000003, 'en_obv': True, 'obv_slope': 182, 'en_cci': False, 'cci_n': 124, 'cci_threshold': 250, 'en_rsi': True, 'rsi_n': 39, 'rsi_lower': 7, 'rsi_upper': 71, 'en_stochastic': True, 'stochastic_n': 5, 'stochastic_d': 14, 'stochastic_lower': 17, 'stochastic_upper': 72, 'en_mfi': True, 'mfi_n': 41, 'mfi_lower': 44, 'mfi_upper': 97, 'en_bollinger': False, 'bollinger_n': 125, 'bollinger_k': 4.300000000000001, 'en_adx': False, 'adx_n': 97, 'adx_threshold': 7, 'en_structure_trend': True, 'structure_trend_swing_l': 15, 'en_order_block': False, 'order_block_swing_l': 3, 'en_fvg': False, 'fvg_lookback': 40, 'en_ifvg': True, 'en_breaker': True, 'breaker_swing_l': 15, 'en_cisd': True, 'k': 1, 'en_cap_bars': False, 'cap_1min': 1332}.
[I 2026-07-13 17:15:28,852] Trial 425 finished with values: [134.36716933792923, -2272.9940520420496, 56.35] and parameters: {'sl_soft': 162.66655367980434, 'sl_hard_delta': 209.38895776820772, 'tp': 126.2335315985982, 'gate_pct': 61.29515207255519, 'dd_limit': 6330.458522368667, 'cooldown': 0, 'flip': False, 'en_ema_trend': True, 'ema_trend_fast': 271, 'ema_trend_slow': 376, 'en_sma_trend': False, 'sma_trend_fast': 292, 'sma_trend_slow': 272, 'en_macd': True, 'macd_fast': 80, 'macd_slow': 190, 'macd_signal': 21, 'en_vwap': True, 'en_keltner': False, 'keltner_n': 200, 'keltner_m': 4.5, 'en_obv': False, 'obv_slope': 169, 'en_cci': False, 'cci_n': 88, 'cci_threshold': 260, 'en_rsi': True, 'rsi_n': 33, 'rsi_lower': 6, 'rsi_upper': 58, 'en_stochastic': False, 'stochastic_n': 66, 'stochastic_d': 12, 'stochastic_lower': 26, 'stochastic_upper': 57, 'en_mfi': True, 'mfi_n': 71, 'mfi_lower': 45, 'mfi_upper': 72, 'en_bollinger': False, 'bollinger_n': 22, 'bollinger_k': 2.5, 'en_adx': False, 'adx_n': 82, 'adx_threshold': 19, 'en_structure_trend': True, 'structure_trend_swing_l': 1, 'en_order_block': True, 'order_block_swing_l': 20, 'en_fvg': False, 'fvg_lookback': 4, 'en_ifvg': False, 'en_breaker': False, 'breaker_swing_l': 5, 'en_cisd': False, 'k': 4, 'en_cap_bars': False, 'cap_1min': 736}.
[I 2026-07-13 17:15:30,632] Trial 426 pruned. 
[I 2026-07-13 17:15:31,721] Trial 427 finished with values: [1041.0128241932034, -6072.652701104234, 55.7] and parameters: {'sl_soft': 158.92345486967875, 'sl_hard_delta': 29.30242220933063, 'tp': 157.04662101189686, 'gate_pct': 81.43219065749138, 'dd_limit': 7424.489916885895, 'cooldown': 1, 'flip': True, 'en_ema_trend': False, 'ema_trend_fast': 393, 'ema_trend_slow': 381, 'en_sma_trend': False, 'sma_trend_fast': 221, 'sma_trend_slow': 357, 'en_macd': False, 'macd_fast': 49, 'macd_slow': 15, 'macd_signal': 13, 'en_vwap': False, 'en_keltner': True, 'keltner_n': 17, 'keltner_m': 3.9000000000000004, 'en_obv': True, 'obv_slope': 185, 'en_cci': False, 'cci_n': 198, 'cci_threshold': 170, 'en_rsi': True, 'rsi_n': 39, 'rsi_lower': 15, 'rsi_upper': 58, 'en_stochastic': False, 'stochastic_n': 71, 'stochastic_d': 14, 'stochastic_lower': 34, 'stochastic_upper': 72, 'en_mfi': True, 'mfi_n': 11, 'mfi_lower': 1, 'mfi_upper': 51, 'en_bollinger': False, 'bollinger_n': 92, 'bollinger_k': 4.8, 'en_adx': False, 'adx_n': 97, 'adx_threshold': 35, 'en_structure_trend': True, 'structure_trend_swing_l': 19, 'en_order_block': False, 'order_block_swing_l': 3, 'en_fvg': False, 'fvg_lookback': 25, 'en_ifvg': False, 'en_breaker': False, 'breaker_swing_l': 18, 'en_cisd': True, 'k': 4, 'en_cap_bars': False, 'cap_1min': 988}.
[I 2026-07-13 17:15:34,225] Trial 428 finished with values: [730.8542350973221, -2330.0, 47.2] and parameters: {'sl_soft': 110.92514392817937, 'sl_hard_delta': 257.0849179212227, 'tp': 151.13416940389638, 'gate_pct': 62.02693045764362, 'dd_limit': 8994.231768656287, 'cooldown': 4, 'flip': False, 'en_ema_trend': True, 'ema_trend_fast': 393, 'ema_trend_slow': 361, 'en_sma_trend': False, 'sma_trend_fast': 59, 'sma_trend_slow': 261, 'en_macd': True, 'macd_fast': 57, 'macd_slow': 175, 'macd_signal': 54, 'en_vwap': True, 'en_keltner': True, 'keltner_n': 49, 'keltner_m': 4.5, 'en_obv': True, 'obv_slope': 168, 'en_cci': True, 'cci_n': 123, 'cci_threshold': 90, 'en_rsi': False, 'rsi_n': 76, 'rsi_lower': 19, 'rsi_upper': 74, 'en_stochastic': False, 'stochastic_n': 71, 'stochastic_d': 34, 'stochastic_lower': 12, 'stochastic_upper': 62, 'en_mfi': True, 'mfi_n': 41, 'mfi_lower': 34, 'mfi_upper': 95, 'en_bollinger': True, 'bollinger_n': 133, 'bollinger_k': 4.8, 'en_adx': False, 'adx_n': 100, 'adx_threshold': 26, 'en_structure_trend': True, 'structure_trend_swing_l': 18, 'en_order_block': False, 'order_block_swing_l': 12, 'en_fvg': True, 'fvg_lookback': 45, 'en_ifvg': True, 'en_breaker': False, 'breaker_swing_l': 4, 'en_cisd': False, 'k': 5, 'en_cap_bars': False, 'cap_1min': 1165}.
[I 2026-07-13 17:15:36,089] Trial 429 finished with values: [1492.0564010910675, -2387.5522375405853, 28.8] and parameters: {'sl_soft': 53.32413091561695, 'sl_hard_delta': 11.512684920422013, 'tp': 275.05797721734143, 'gate_pct': 83.33433192606572, 'dd_limit': 2548.3308531557964, 'cooldown': 2, 'flip': False, 'en_ema_trend': False, 'ema_trend_fast': 196, 'ema_trend_slow': 42, 'en_sma_trend': False, 'sma_trend_fast': 188, 'sma_trend_slow': 55, 'en_macd': True, 'macd_fast': 6, 'macd_slow': 151, 'macd_signal': 92, 'en_vwap': True, 'en_keltner': True, 'keltner_n': 175, 'keltner_m': 4.300000000000001, 'en_obv': True, 'obv_slope': 191, 'en_cci': False, 'cci_n': 91, 'cci_threshold': 45, 'en_rsi': False, 'rsi_n': 67, 'rsi_lower': 15, 'rsi_upper': 76, 'en_stochastic': False, 'stochastic_n': 55, 'stochastic_d': 32, 'stochastic_lower': 48, 'stochastic_upper': 90, 'en_mfi': True, 'mfi_n': 100, 'mfi_lower': 17, 'mfi_upper': 54, 'en_bollinger': False, 'bollinger_n': 161, 'bollinger_k': 3.8000000000000003, 'en_adx': False, 'adx_n': 54, 'adx_threshold': 32, 'en_structure_trend': True, 'structure_trend_swing_l': 15, 'en_order_block': False, 'order_block_swing_l': 12, 'en_fvg': False, 'fvg_lookback': 16, 'en_ifvg': True, 'en_breaker': True, 'breaker_swing_l': 9, 'en_cisd': False, 'k': 1, 'en_cap_bars': False, 'cap_1min': 846}.
[I 2026-07-13 17:15:42,353] Trial 430 finished with values: [954.0895849554909, -3067.5438533416673, 45.0] and parameters: {'sl_soft': 81.6340628038707, 'sl_hard_delta': 103.303628794567, 'tp': 205.42892093010263, 'gate_pct': 89.05172352244134, 'dd_limit': 3472.385954977282, 'cooldown': 5, 'flip': True, 'en_ema_trend': True, 'ema_trend_fast': 77, 'ema_trend_slow': 361, 'en_sma_trend': True, 'sma_trend_fast': 305, 'sma_trend_slow': 376, 'en_macd': True, 'macd_fast': 71, 'macd_slow': 94, 'macd_signal': 54, 'en_vwap': True, 'en_keltner': False, 'keltner_n': 10, 'keltner_m': 4.5, 'en_obv': False, 'obv_slope': 30, 'en_cci': False, 'cci_n': 71, 'cci_threshold': 255, 'en_rsi': False, 'rsi_n': 58, 'rsi_lower': 2, 'rsi_upper': 58, 'en_stochastic': True, 'stochastic_n': 71, 'stochastic_d': 27, 'stochastic_lower': 14, 'stochastic_upper': 82, 'en_mfi': False, 'mfi_n': 34, 'mfi_lower': 2, 'mfi_upper': 95, 'en_bollinger': False, 'bollinger_n': 45, 'bollinger_k': 0.6, 'en_adx': False, 'adx_n': 2, 'adx_threshold': 32, 'en_structure_trend': True, 'structure_trend_swing_l': 16, 'en_order_block': False, 'order_block_swing_l': 19, 'en_fvg': True, 'fvg_lookback': 45, 'en_ifvg': True, 'en_breaker': False, 'breaker_swing_l': 12, 'en_cisd': True, 'k': 3, 'en_cap_bars': False, 'cap_1min': 522}.
[I 2026-07-13 17:15:46,147] Trial 431 finished with values: [-126.69459413062214, -14149.625110880588, 43.7] and parameters: {'sl_soft': 158.92345486967875, 'sl_hard_delta': 103.303628794567, 'tp': 279.07497782388, 'gate_pct': 81.43219065749138, 'dd_limit': 7424.489916885895, 'cooldown': 2, 'flip': True, 'en_ema_trend': True, 'ema_trend_fast': 40, 'ema_trend_slow': 381, 'en_sma_trend': True, 'sma_trend_fast': 221, 'sma_trend_slow': 357, 'en_macd': True, 'macd_fast': 71, 'macd_slow': 4, 'macd_signal': 13, 'en_vwap': False, 'en_keltner': True, 'keltner_n': 10, 'keltner_m': 2.6, 'en_obv': True, 'obv_slope': 182, 'en_cci': True, 'cci_n': 198, 'cci_threshold': 165, 'en_rsi': True, 'rsi_n': 39, 'rsi_lower': 15, 'rsi_upper': 87, 'en_stochastic': False, 'stochastic_n': 97, 'stochastic_d': 14, 'stochastic_lower': 17, 'stochastic_upper': 72, 'en_mfi': False, 'mfi_n': 55, 'mfi_lower': 1, 'mfi_upper': 57, 'en_bollinger': False, 'bollinger_n': 45, 'bollinger_k': 4.300000000000001, 'en_adx': False, 'adx_n': 81, 'adx_threshold': 21, 'en_structure_trend': False, 'structure_trend_swing_l': 9, 'en_order_block': False, 'order_block_swing_l': 13, 'en_fvg': False, 'fvg_lookback': 35, 'en_ifvg': False, 'en_breaker': True, 'breaker_swing_l': 15, 'en_cisd': True, 'k': 4, 'en_cap_bars': False, 'cap_1min': 227}.
[I 2026-07-13 17:15:53,374] Trial 432 finished with values: [-970.7805143350197, -6786.606794475956, 41.65] and parameters: {'sl_soft': 167.5072413639503, 'sl_hard_delta': 113.81411753124198, 'tp': 255.9479657109979, 'gate_pct': 76.46240503280777, 'dd_limit': 5783.923331052917, 'cooldown': 1, 'flip': False, 'en_ema_trend': True, 'ema_trend_fast': 351, 'ema_trend_slow': 301, 'en_sma_trend': False, 'sma_trend_fast': 188, 'sma_trend_slow': 55, 'en_macd': True, 'macd_fast': 25, 'macd_slow': 98, 'macd_signal': 87, 'en_vwap': True, 'en_keltner': False, 'keltner_n': 80, 'keltner_m': 4.300000000000001, 'en_obv': False, 'obv_slope': 191, 'en_cci': False, 'cci_n': 88, 'cci_threshold': 205, 'en_rsi': False, 'rsi_n': 58, 'rsi_lower': 18, 'rsi_upper': 97, 'en_stochastic': True, 'stochastic_n': 77, 'stochastic_d': 42, 'stochastic_lower': 27, 'stochastic_upper': 90, 'en_mfi': True, 'mfi_n': 13, 'mfi_lower': 23, 'mfi_upper': 51, 'en_bollinger': False, 'bollinger_n': 123, 'bollinger_k': 3.4000000000000004, 'en_adx': False, 'adx_n': 67, 'adx_threshold': 35, 'en_structure_trend': True, 'structure_trend_swing_l': 10, 'en_order_block': False, 'order_block_swing_l': 13, 'en_fvg': False, 'fvg_lookback': 41, 'en_ifvg': False, 'en_breaker': False, 'breaker_swing_l': 9, 'en_cisd': True, 'k': 4, 'en_cap_bars': False, 'cap_1min': 651}.
[I 2026-07-13 17:15:54,415] Trial 433 pruned. 
[I 2026-07-13 17:15:55,593] Trial 434 pruned. 
[I 2026-07-13 17:15:57,301] Trial 435 finished with values: [377.207107266986, -5305.0, 30.1] and parameters: {'sl_soft': 53.32413091561695, 'sl_hard_delta': 255.08291226430876, 'tp': 275.05797721734143, 'gate_pct': 83.33433192606572, 'dd_limit': 2548.3308531557964, 'cooldown': 0, 'flip': False, 'en_ema_trend': False, 'ema_trend_fast': 196, 'ema_trend_slow': 150, 'en_sma_trend': True, 'sma_trend_fast': 92, 'sma_trend_slow': 231, 'en_macd': True, 'macd_fast': 6, 'macd_slow': 190, 'macd_signal': 30, 'en_vwap': False, 'en_keltner': False, 'keltner_n': 116, 'keltner_m': 4.1, 'en_obv': True, 'obv_slope': 169, 'en_cci': False, 'cci_n': 71, 'cci_threshold': 45, 'en_rsi': False, 'rsi_n': 58, 'rsi_lower': 9, 'rsi_upper': 76, 'en_stochastic': False, 'stochastic_n': 66, 'stochastic_d': 12, 'stochastic_lower': 14, 'stochastic_upper': 77, 'en_mfi': True, 'mfi_n': 58, 'mfi_lower': 45, 'mfi_upper': 62, 'en_bollinger': False, 'bollinger_n': 22, 'bollinger_k': 2.5, 'en_adx': False, 'adx_n': 29, 'adx_threshold': 32, 'en_structure_trend': False, 'structure_trend_swing_l': 1, 'en_order_block': True, 'order_block_swing_l': 19, 'en_fvg': True, 'fvg_lookback': 4, 'en_ifvg': True, 'en_breaker': True, 'breaker_swing_l': 9, 'en_cisd': False, 'k': 2, 'en_cap_bars': True, 'cap_1min': 846}.
[I 2026-07-13 17:15:58,176] Trial 436 pruned. 
[I 2026-07-13 17:15:58,427] Trial 437 pruned. 
[I 2026-07-13 17:16:00,329] Trial 438 finished with values: [-1337.7869604398256, -10906.379207071259, 41.7] and parameters: {'sl_soft': 153.11311925365692, 'sl_hard_delta': 255.08291226430876, 'tp': 265.90805286191534, 'gate_pct': 89.05172352244134, 'dd_limit': 8994.231768656287, 'cooldown': 5, 'flip': False, 'en_ema_trend': True, 'ema_trend_fast': 196, 'ema_trend_slow': 333, 'en_sma_trend': False, 'sma_trend_fast': 305, 'sma_trend_slow': 231, 'en_macd': True, 'macd_fast': 98, 'macd_slow': 175, 'macd_signal': 100, 'en_vwap': False, 'en_keltner': False, 'keltner_n': 5, 'keltner_m': 3.1, 'en_obv': True, 'obv_slope': 30, 'en_cci': True, 'cci_n': 12, 'cci_threshold': 255, 'en_rsi': False, 'rsi_n': 58, 'rsi_lower': 16, 'rsi_upper': 74, 'en_stochastic': False, 'stochastic_n': 93, 'stochastic_d': 30, 'stochastic_lower': 12, 'stochastic_upper': 77, 'en_mfi': False, 'mfi_n': 86, 'mfi_lower': 19, 'mfi_upper': 98, 'en_bollinger': False, 'bollinger_n': 133, 'bollinger_k': 0.6, 'en_adx': False, 'adx_n': 100, 'adx_threshold': 32, 'en_structure_trend': False, 'structure_trend_swing_l': 16, 'en_order_block': True, 'order_block_swing_l': 19, 'en_fvg': True, 'fvg_lookback': 1, 'en_ifvg': True, 'en_breaker': True, 'breaker_swing_l': 4, 'en_cisd': False, 'k': 3, 'en_cap_bars': True, 'cap_1min': 1171}.
[I 2026-07-13 17:16:01,386] Trial 439 pruned. 
