[I 2026-07-13 17:18:12,397] Trial 486 finished with values: [-584.3707528621962, -3046.7866099820094, 19.05] and parameters: {'sl_soft': 39.62905967140161, 'sl_hard_delta': 46.04960132679596, 'tp': 268.65753636994185, 'gate_pct': 55.051017158961336, 'dd_limit': 2885.280068287132, 'cooldown': 0, 'flip': False, 'en_ema_trend': False, 'ema_trend_fast': 95, 'ema_trend_slow': 346, 'en_sma_trend': False, 'sma_trend_fast': 62, 'sma_trend_slow': 29, 'en_macd': True, 'macd_fast': 18, 'macd_slow': 63, 'macd_signal': 23, 'en_vwap': False, 'en_keltner': True, 'keltner_n': 179, 'keltner_m': 4.300000000000001, 'en_obv': True, 'obv_slope': 116, 'en_cci': False, 'cci_n': 33, 'cci_threshold': 195, 'en_rsi': True, 'rsi_n': 52, 'rsi_lower': 20, 'rsi_upper': 75, 'en_stochastic': False, 'stochastic_n': 88, 'stochastic_d': 50, 'stochastic_lower': 38, 'stochastic_upper': 90, 'en_mfi': True, 'mfi_n': 100, 'mfi_lower': 17, 'mfi_upper': 65, 'en_bollinger': False, 'bollinger_n': 182, 'bollinger_k': 3.4000000000000004, 'en_adx': False, 'adx_n': 54, 'adx_threshold': 34, 'en_structure_trend': False, 'structure_trend_swing_l': 14, 'en_order_block': True, 'order_block_swing_l': 16, 'en_fvg': True, 'fvg_lookback': 11, 'en_ifvg': False, 'en_breaker': True, 'breaker_swing_l': 20, 'en_cisd': False, 'k': 4, 'en_cap_bars': True, 'cap_1min': 733}.
[I 2026-07-13 17:18:14,782] Trial 487 finished with values: [1723.3830267168196, -2583.814160545662, 30.3] and parameters: {'sl_soft': 53.32413091561695, 'sl_hard_delta': 29.05728513894959, 'tp': 268.65753636994185, 'gate_pct': 83.33433192606572, 'dd_limit': 2548.3308531557964, 'cooldown': 5, 'flip': True, 'en_ema_trend': False, 'ema_trend_fast': 196, 'ema_trend_slow': 150, 'en_sma_trend': False, 'sma_trend_fast': 62, 'sma_trend_slow': 231, 'en_macd': True, 'macd_fast': 18, 'macd_slow': 180, 'macd_signal': 92, 'en_vwap': False, 'en_keltner': True, 'keltner_n': 179, 'keltner_m': 4.300000000000001, 'en_obv': True, 'obv_slope': 116, 'en_cci': True, 'cci_n': 12, 'cci_threshold': 215, 'en_rsi': True, 'rsi_n': 52, 'rsi_lower': 28, 'rsi_upper': 55, 'en_stochastic': False, 'stochastic_n': 13, 'stochastic_d': 30, 'stochastic_lower': 17, 'stochastic_upper': 90, 'en_mfi': True, 'mfi_n': 96, 'mfi_lower': 15, 'mfi_upper': 62, 'en_bollinger': False, 'bollinger_n': 128, 'bollinger_k': 3.8000000000000003, 'en_adx': False, 'adx_n': 68, 'adx_threshold': 32, 'en_structure_trend': False, 'structure_trend_swing_l': 15, 'en_order_block': False, 'order_block_swing_l': 12, 'en_fvg': True, 'fvg_lookback': 23, 'en_ifvg': True, 'en_breaker': True, 'breaker_swing_l': 9, 'en_cisd': True, 'k': 2, 'en_cap_bars': True, 'cap_1min': 846}.
[I 2026-07-13 17:18:18,273] Trial 488 finished with values: [1736.257434947438, -2295.0, 64.3] and parameters: {'sl_soft': 123.70176902772263, 'sl_hard_delta': 175.0316160028408, 'tp': 126.2335315985982, 'gate_pct': 68.87067583562738, 'dd_limit': 928.2439984695909, 'cooldown': 4, 'flip': True, 'en_ema_trend': True, 'ema_trend_fast': 321, 'ema_trend_slow': 139, 'en_sma_trend': True, 'sma_trend_fast': 292, 'sma_trend_slow': 143, 'en_macd': True, 'macd_fast': 93, 'macd_slow': 48, 'macd_signal': 21, 'en_vwap': True, 'en_keltner': True, 'keltner_n': 200, 'keltner_m': 3.8000000000000003, 'en_obv': False, 'obv_slope': 191, 'en_cci': False, 'cci_n': 124, 'cci_threshold': 250, 'en_rsi': True, 'rsi_n': 33, 'rsi_lower': 7, 'rsi_upper': 69, 'en_stochastic': False, 'stochastic_n': 66, 'stochastic_d': 12, 'stochastic_lower': 26, 'stochastic_upper': 57, 'en_mfi': True, 'mfi_n': 71, 'mfi_lower': 45, 'mfi_upper': 72, 'en_bollinger': False, 'bollinger_n': 22, 'bollinger_k': 1.6, 'en_adx': False, 'adx_n': 82, 'adx_threshold': 19, 'en_structure_trend': True, 'structure_trend_swing_l': 1, 'en_order_block': False, 'order_block_swing_l': 20, 'en_fvg': False, 'fvg_lookback': 4, 'en_ifvg': False, 'en_breaker': True, 'breaker_swing_l': 5, 'en_cisd': True, 'k': 1, 'en_cap_bars': False, 'cap_1min': 608}.
[I 2026-07-13 17:18:18,640] Trial 489 finished with values: [-887.2425983152425, -3747.1056438644155, 18.85] and parameters: {'sl_soft': 40.78619439976249, 'sl_hard_delta': 207.63493437311828, 'tp': 268.65753636994185, 'gate_pct': 55.051017158961336, 'dd_limit': 2548.3308531557964, 'cooldown': 5, 'flip': False, 'en_ema_trend': True, 'ema_trend_fast': 77, 'ema_trend_slow': 129, 'en_sma_trend': False, 'sma_trend_fast': 305, 'sma_trend_slow': 160, 'en_macd': True, 'macd_fast': 98, 'macd_slow': 94, 'macd_signal': 92, 'en_vwap': True, 'en_keltner': False, 'keltner_n': 49, 'keltner_m': 4.1, 'en_obv': True, 'obv_slope': 30, 'en_cci': True, 'cci_n': 21, 'cci_threshold': 255, 'en_rsi': False, 'rsi_n': 52, 'rsi_lower': 2, 'rsi_upper': 60, 'en_stochastic': False, 'stochastic_n': 97, 'stochastic_d': 27, 'stochastic_lower': 48, 'stochastic_upper': 82, 'en_mfi': False, 'mfi_n': 96, 'mfi_lower': 15, 'mfi_upper': 87, 'en_bollinger': False, 'bollinger_n': 108, 'bollinger_k': 0.6, 'en_adx': False, 'adx_n': 54, 'adx_threshold': 32, 'en_structure_trend': False, 'structure_trend_swing_l': 5, 'en_order_block': False, 'order_block_swing_l': 19, 'en_fvg': True, 'fvg_lookback': 25, 'en_ifvg': False, 'en_breaker': True, 'breaker_swing_l': 12, 'en_cisd': True, 'k': 3, 'en_cap_bars': False, 'cap_1min': 733}.
[I 2026-07-13 17:18:20,149] Trial 490 pruned. 
[I 2026-07-13 17:18:21,391] Trial 491 finished with values: [1387.7668976274435, -2075.2878723285903, 37.1] and parameters: {'sl_soft': 61.96190634962328, 'sl_hard_delta': 29.05728513894959, 'tp': 268.65753636994185, 'gate_pct': 61.29515207255519, 'dd_limit': 9508.627019250667, 'cooldown': 0, 'flip': True, 'en_ema_trend': True, 'ema_trend_fast': 41, 'ema_trend_slow': 346, 'en_sma_trend': False, 'sma_trend_fast': 7, 'sma_trend_slow': 29, 'en_macd': True, 'macd_fast': 44, 'macd_slow': 63, 'macd_signal': 21, 'en_vwap': True, 'en_keltner': False, 'keltner_n': 133, 'keltner_m': 4.5, 'en_obv': False, 'obv_slope': 169, 'en_cci': False, 'cci_n': 33, 'cci_threshold': 30, 'en_rsi': True, 'rsi_n': 52, 'rsi_lower': 20, 'rsi_upper': 55, 'en_stochastic': False, 'stochastic_n': 88, 'stochastic_d': 17, 'stochastic_lower': 38, 'stochastic_upper': 60, 'en_mfi': False, 'mfi_n': 90, 'mfi_lower': 45, 'mfi_upper': 72, 'en_bollinger': False, 'bollinger_n': 182, 'bollinger_k': 2.2, 'en_adx': False, 'adx_n': 82, 'adx_threshold': 12, 'en_structure_trend': True, 'structure_trend_swing_l': 14, 'en_order_block': True, 'order_block_swing_l': 16, 'en_fvg': True, 'fvg_lookback': 11, 'en_ifvg': False, 'en_breaker': False, 'breaker_swing_l': 5, 'en_cisd': False, 'k': 1, 'en_cap_bars': True, 'cap_1min': 736}.
[I 2026-07-13 17:18:22,152] Trial 492 finished with values: [538.7395126494266, -3585.3838297714537, 35.6] and parameters: {'sl_soft': 61.96190634962328, 'sl_hard_delta': 29.05728513894959, 'tp': 268.65753636994185, 'gate_pct': 55.051017158961336, 'dd_limit': 2885.280068287132, 'cooldown': 4, 'flip': True, 'en_ema_trend': False, 'ema_trend_fast': 95, 'ema_trend_slow': 94, 'en_sma_trend': False, 'sma_trend_fast': 62, 'sma_trend_slow': 29, 'en_macd': True, 'macd_fast': 18, 'macd_slow': 115, 'macd_signal': 23, 'en_vwap': True, 'en_keltner': True, 'keltner_n': 179, 'keltner_m': 4.300000000000001, 'en_obv': True, 'obv_slope': 116, 'en_cci': False, 'cci_n': 21, 'cci_threshold': 195, 'en_rsi': True, 'rsi_n': 52, 'rsi_lower': 2, 'rsi_upper': 55, 'en_stochastic': False, 'stochastic_n': 63, 'stochastic_d': 17, 'stochastic_lower': 17, 'stochastic_upper': 90, 'en_mfi': True, 'mfi_n': 100, 'mfi_lower': 15, 'mfi_upper': 58, 'en_bollinger': True, 'bollinger_n': 154, 'bollinger_k': 3.4000000000000004, 'en_adx': False, 'adx_n': 54, 'adx_threshold': 12, 'en_structure_trend': False, 'structure_trend_swing_l': 6, 'en_order_block': False, 'order_block_swing_l': 16, 'en_fvg': True, 'fvg_lookback': 11, 'en_ifvg': False, 'en_breaker': True, 'breaker_swing_l': 5, 'en_cisd': True, 'k': 4, 'en_cap_bars': True, 'cap_1min': 733}.
[I 2026-07-13 17:18:22,516] Trial 493 finished with values: [200.38653167152006, -4433.68891921371, 54.0] and parameters: {'sl_soft': 127.50200485340642, 'sl_hard_delta': 36.51126481433737, 'tp': 124.27548582500157, 'gate_pct': 67.43945106994327, 'dd_limit': 7860.101132279564, 'cooldown': 2, 'flip': False, 'en_ema_trend': True, 'ema_trend_fast': 385, 'ema_trend_slow': 349, 'en_sma_trend': False, 'sma_trend_fast': 379, 'sma_trend_slow': 346, 'en_macd': False, 'macd_fast': 71, 'macd_slow': 160, 'macd_signal': 61, 'en_vwap': True, 'en_keltner': False, 'keltner_n': 84, 'keltner_m': 4.1, 'en_obv': False, 'obv_slope': 31, 'en_cci': True, 'cci_n': 158, 'cci_threshold': 240, 'en_rsi': False, 'rsi_n': 99, 'rsi_lower': 25, 'rsi_upper': 70, 'en_stochastic': True, 'stochastic_n': 16, 'stochastic_d': 40, 'stochastic_lower': 38, 'stochastic_upper': 82, 'en_mfi': False, 'mfi_n': 7, 'mfi_lower': 23, 'mfi_upper': 97, 'en_bollinger': False, 'bollinger_n': 163, 'bollinger_k': 4.9, 'en_adx': True, 'adx_n': 88, 'adx_threshold': 11, 'en_structure_trend': False, 'structure_trend_swing_l': 13, 'en_order_block': False, 'order_block_swing_l': 11, 'en_fvg': False, 'fvg_lookback': 23, 'en_ifvg': False, 'en_breaker': False, 'breaker_swing_l': 1, 'en_cisd': True, 'k': 2, 'en_cap_bars': False, 'cap_1min': 801}.
[I 2026-07-13 17:18:26,158] Trial 494 finished with values: [1240.1296214893773, -5654.629366185909, 46.55] and parameters: {'sl_soft': 61.96190634962328, 'sl_hard_delta': 54.185208430712976, 'tp': 126.70242516612717, 'gate_pct': 97.52011350142476, 'dd_limit': 9508.627019250667, 'cooldown': 3, 'flip': True, 'en_ema_trend': False, 'ema_trend_fast': 41, 'ema_trend_slow': 192, 'en_sma_trend': False, 'sma_trend_fast': 232, 'sma_trend_slow': 29, 'en_macd': True, 'macd_fast': 44, 'macd_slow': 63, 'macd_signal': 24, 'en_vwap': False, 'en_keltner': True, 'keltner_n': 160, 'keltner_m': 4.0, 'en_obv': True, 'obv_slope': 107, 'en_cci': False, 'cci_n': 23, 'cci_threshold': 105, 'en_rsi': True, 'rsi_n': 52, 'rsi_lower': 29, 'rsi_upper': 55, 'en_stochastic': False, 'stochastic_n': 88, 'stochastic_d': 3, 'stochastic_lower': 38, 'stochastic_upper': 91, 'en_mfi': True, 'mfi_n': 41, 'mfi_lower': 15, 'mfi_upper': 65, 'en_bollinger': False, 'bollinger_n': 9, 'bollinger_k': 0.5, 'en_adx': False, 'adx_n': 54, 'adx_threshold': 11, 'en_structure_trend': True, 'structure_trend_swing_l': 14, 'en_order_block': True, 'order_block_swing_l': 16, 'en_fvg': True, 'fvg_lookback': 34, 'en_ifvg': False, 'en_breaker': False, 'breaker_swing_l': 20, 'en_cisd': False, 'k': 4, 'en_cap_bars': True, 'cap_1min': 689}.
[I 2026-07-13 17:18:27,957] Trial 495 finished with values: [-5460.4284814638595, -15924.757888661588, 36.5] and parameters: {'sl_soft': 158.92345486967875, 'sl_hard_delta': 11.512684920422013, 'tp': 281.50225389001224, 'gate_pct': 83.33433192606572, 'dd_limit': 2548.3308531557964, 'cooldown': 1, 'flip': False, 'en_ema_trend': False, 'ema_trend_fast': 196, 'ema_trend_slow': 381, 'en_sma_trend': False, 'sma_trend_fast': 221, 'sma_trend_slow': 357, 'en_macd': True, 'macd_fast': 6, 'macd_slow': 15, 'macd_signal': 13, 'en_vwap': True, 'en_keltner': True, 'keltner_n': 175, 'keltner_m': 4.5, 'en_obv': True, 'obv_slope': 182, 'en_cci': True, 'cci_n': 198, 'cci_threshold': 45, 'en_rsi': False, 'rsi_n': 67, 'rsi_lower': 15, 'rsi_upper': 71, 'en_stochastic': False, 'stochastic_n': 97, 'stochastic_d': 14, 'stochastic_lower': 17, 'stochastic_upper': 90, 'en_mfi': False, 'mfi_n': 11, 'mfi_lower': 17, 'mfi_upper': 54, 'en_bollinger': False, 'bollinger_n': 161, 'bollinger_k': 4.300000000000001, 'en_adx': False, 'adx_n': 97, 'adx_threshold': 21, 'en_structure_trend': False, 'structure_trend_swing_l': 19, 'en_order_block': False, 'order_block_swing_l': 12, 'en_fvg': False, 'fvg_lookback': 16, 'en_ifvg': True, 'en_breaker': True, 'breaker_swing_l': 15, 'en_cisd': False, 'k': 1, 'en_cap_bars': False, 'cap_1min': 846}.
[I 2026-07-13 17:18:29,299] Trial 496 finished with values: [420.0, -220.0, 56.2] and parameters: {'sl_soft': 162.66655367980434, 'sl_hard_delta': 29.05728513894959, 'tp': 196.03928967751625, 'gate_pct': 61.29515207255519, 'dd_limit': 7070.895472661624, 'cooldown': 1, 'flip': True, 'en_ema_trend': True, 'ema_trend_fast': 41, 'ema_trend_slow': 346, 'en_sma_trend': False, 'sma_trend_fast': 292, 'sma_trend_slow': 250, 'en_macd': True, 'macd_fast': 80, 'macd_slow': 63, 'macd_signal': 21, 'en_vwap': True, 'en_keltner': True, 'keltner_n': 175, 'keltner_m': 4.5, 'en_obv': True, 'obv_slope': 160, 'en_cci': False, 'cci_n': 21, 'cci_threshold': 260, 'en_rsi': True, 'rsi_n': 23, 'rsi_lower': 20, 'rsi_upper': 58, 'en_stochastic': False, 'stochastic_n': 27, 'stochastic_d': 12, 'stochastic_lower': 17, 'stochastic_upper': 57, 'en_mfi': False, 'mfi_n': 71, 'mfi_lower': 45, 'mfi_upper': 65, 'en_bollinger': False, 'bollinger_n': 195, 'bollinger_k': 3.4000000000000004, 'en_adx': False, 'adx_n': 54, 'adx_threshold': 34, 'en_structure_trend': True, 'structure_trend_swing_l': 14, 'en_order_block': True, 'order_block_swing_l': 20, 'en_fvg': False, 'fvg_lookback': 42, 'en_ifvg': True, 'en_breaker': False, 'breaker_swing_l': 5, 'en_cisd': True, 'k': 4, 'en_cap_bars': True, 'cap_1min': 3}.
[I 2026-07-13 17:18:29,974] Trial 497 pruned. 
[I 2026-07-13 17:18:31,971] Trial 498 pruned. 
[I 2026-07-13 17:18:32,512] Trial 499 finished with values: [1386.3331857740377, -2230.9203959009756, 27.35] and parameters: {'sl_soft': 53.32413091561695, 'sl_hard_delta': 11.512684920422013, 'tp': 275.05797721734143, 'gate_pct': 83.33433192606572, 'dd_limit': 2548.3308531557964, 'cooldown': 2, 'flip': False, 'en_ema_trend': False, 'ema_trend_fast': 196, 'ema_trend_slow': 42, 'en_sma_trend': False, 'sma_trend_fast': 188, 'sma_trend_slow': 55, 'en_macd': True, 'macd_fast': 6, 'macd_slow': 151, 'macd_signal': 92, 'en_vwap': True, 'en_keltner': True, 'keltner_n': 175, 'keltner_m': 4.300000000000001, 'en_obv': True, 'obv_slope': 191, 'en_cci': False, 'cci_n': 91, 'cci_threshold': 45, 'en_rsi': False, 'rsi_n': 67, 'rsi_lower': 15, 'rsi_upper': 76, 'en_stochastic': False, 'stochastic_n': 55, 'stochastic_d': 32, 'stochastic_lower': 48, 'stochastic_upper': 90, 'en_mfi': True, 'mfi_n': 100, 'mfi_lower': 25, 'mfi_upper': 54, 'en_bollinger': False, 'bollinger_n': 161, 'bollinger_k': 3.8000000000000003, 'en_adx': False, 'adx_n': 54, 'adx_threshold': 32, 'en_structure_trend': True, 'structure_trend_swing_l': 15, 'en_order_block': False, 'order_block_swing_l': 12, 'en_fvg': False, 'fvg_lookback': 16, 'en_ifvg': True, 'en_breaker': False, 'breaker_swing_l': 9, 'en_cisd': False, 'k': 1, 'en_cap_bars': False, 'cap_1min': 846}.
[I 2026-07-13 17:18:33,880] Trial 500 pruned. 
[I 2026-07-13 17:18:35,399] Trial 501 finished with values: [2960.6157449052807, -4327.7919462139835, 54.4] and parameters: {'sl_soft': 158.92345486967875, 'sl_hard_delta': 207.63493437311828, 'tp': 265.90805286191534, 'gate_pct': 61.70561390485503, 'dd_limit': 8994.231768656287, 'cooldown': 4, 'flip': False, 'en_ema_trend': True, 'ema_trend_fast': 104, 'ema_trend_slow': 381, 'en_sma_trend': False, 'sma_trend_fast': 305, 'sma_trend_slow': 357, 'en_macd': True, 'macd_fast': 98, 'macd_slow': 94, 'macd_signal': 13, 'en_vwap': True, 'en_keltner': False, 'keltner_n': 17, 'keltner_m': 3.3000000000000003, 'en_obv': True, 'obv_slope': 182, 'en_cci': True, 'cci_n': 71, 'cci_threshold': 170, 'en_rsi': False, 'rsi_n': 39, 'rsi_lower': 9, 'rsi_upper': 60, 'en_stochastic': False, 'stochastic_n': 97, 'stochastic_d': 14, 'stochastic_lower': 12, 'stochastic_upper': 62, 'en_mfi': False, 'mfi_n': 86, 'mfi_lower': 1, 'mfi_upper': 87, 'en_bollinger': False, 'bollinger_n': 108, 'bollinger_k': 4.300000000000001, 'en_adx': False, 'adx_n': 29, 'adx_threshold': 14, 'en_structure_trend': False, 'structure_trend_swing_l': 19, 'en_order_block': False, 'order_block_swing_l': 3, 'en_fvg': False, 'fvg_lookback': 25, 'en_ifvg': True, 'en_breaker': True, 'breaker_swing_l': 15, 'en_cisd': True, 'k': 4, 'en_cap_bars': False, 'cap_1min': 1171}.
[I 2026-07-13 17:18:36,076] Trial 502 finished with values: [3098.5845348789735, -3239.688457992197, 48.8] and parameters: {'sl_soft': 81.6340628038707, 'sl_hard_delta': 103.303628794567, 'tp': 205.42892093010263, 'gate_pct': 52.50411127702767, 'dd_limit': 3472.385954977282, 'cooldown': 1, 'flip': True, 'en_ema_trend': True, 'ema_trend_fast': 393, 'ema_trend_slow': 361, 'en_sma_trend': True, 'sma_trend_fast': 178, 'sma_trend_slow': 376, 'en_macd': False, 'macd_fast': 71, 'macd_slow': 132, 'macd_signal': 54, 'en_vwap': True, 'en_keltner': True, 'keltner_n': 10, 'keltner_m': 4.5, 'en_obv': False, 'obv_slope': 168, 'en_cci': False, 'cci_n': 73, 'cci_threshold': 90, 'en_rsi': True, 'rsi_n': 43, 'rsi_lower': 2, 'rsi_upper': 58, 'en_stochastic': False, 'stochastic_n': 71, 'stochastic_d': 29, 'stochastic_lower': 36, 'stochastic_upper': 54, 'en_mfi': False, 'mfi_n': 34, 'mfi_lower': 2, 'mfi_upper': 95, 'en_bollinger': True, 'bollinger_n': 45, 'bollinger_k': 4.8, 'en_adx': False, 'adx_n': 2, 'adx_threshold': 26, 'en_structure_trend': True, 'structure_trend_swing_l': 11, 'en_order_block': False, 'order_block_swing_l': 12, 'en_fvg': True, 'fvg_lookback': 45, 'en_ifvg': False, 'en_breaker': False, 'breaker_swing_l': 18, 'en_cisd': True, 'k': 3, 'en_cap_bars': False, 'cap_1min': 227}.
[I 2026-07-13 17:18:36,360] Trial 503 pruned. 
[I 2026-07-13 17:18:36,659] Trial 504 finished with values: [2505.8588646546923, -1114.3148188073246, 50.0] and parameters: {'sl_soft': 39.62905967140161, 'sl_hard_delta': 29.30242220933063, 'tp': 196.03928967751625, 'gate_pct': 81.43219065749138, 'dd_limit': 9508.627019250667, 'cooldown': 1, 'flip': True, 'en_ema_trend': False, 'ema_trend_fast': 177, 'ema_trend_slow': 346, 'en_sma_trend': False, 'sma_trend_fast': 221, 'sma_trend_slow': 258, 'en_macd': True, 'macd_fast': 49, 'macd_slow': 63, 'macd_signal': 41, 'en_vwap': False, 'en_keltner': True, 'keltner_n': 17, 'keltner_m': 4.0, 'en_obv': True, 'obv_slope': 160, 'en_cci': True, 'cci_n': 33, 'cci_threshold': 30, 'en_rsi': False, 'rsi_n': 39, 'rsi_lower': 20, 'rsi_upper': 71, 'en_stochastic': True, 'stochastic_n': 88, 'stochastic_d': 44, 'stochastic_lower': 17, 'stochastic_upper': 68, 'en_mfi': False, 'mfi_n': 11, 'mfi_lower': 17, 'mfi_upper': 65, 'en_bollinger': False, 'bollinger_n': 182, 'bollinger_k': 4.300000000000001, 'en_adx': False, 'adx_n': 99, 'adx_threshold': 21, 'en_structure_trend': False, 'structure_trend_swing_l': 14, 'en_order_block': False, 'order_block_swing_l': 19, 'en_fvg': False, 'fvg_lookback': 42, 'en_ifvg': True, 'en_breaker': True, 'breaker_swing_l': 15, 'en_cisd': False, 'k': 4, 'en_cap_bars': False, 'cap_1min': 3}.
[I 2026-07-13 17:18:38,136] Trial 505 finished with values: [-1192.20419264484, -4495.481484347038, 22.85] and parameters: {'sl_soft': 53.32413091561695, 'sl_hard_delta': 47.93847798413708, 'tp': 205.42892093010263, 'gate_pct': 62.02693045764362, 'dd_limit': 2548.3308531557964, 'cooldown': 5, 'flip': False, 'en_ema_trend': True, 'ema_trend_fast': 393, 'ema_trend_slow': 150, 'en_sma_trend': False, 'sma_trend_fast': 92, 'sma_trend_slow': 231, 'en_macd': False, 'macd_fast': 6, 'macd_slow': 64, 'macd_signal': 92, 'en_vwap': True, 'en_keltner': False, 'keltner_n': 116, 'keltner_m': 3.1, 'en_obv': True, 'obv_slope': 108, 'en_cci': True, 'cci_n': 2, 'cci_threshold': 90, 'en_rsi': False, 'rsi_n': 25, 'rsi_lower': 19, 'rsi_upper': 76, 'en_stochastic': False, 'stochastic_n': 74, 'stochastic_d': 30, 'stochastic_lower': 44, 'stochastic_upper': 77, 'en_mfi': True, 'mfi_n': 96, 'mfi_lower': 2, 'mfi_upper': 95, 'en_bollinger': True, 'bollinger_n': 62, 'bollinger_k': 4.8, 'en_adx': False, 'adx_n': 72, 'adx_threshold': 26, 'en_structure_trend': False, 'structure_trend_swing_l': 15, 'en_order_block': False, 'order_block_swing_l': 12, 'en_fvg': True, 'fvg_lookback': 23, 'en_ifvg': False, 'en_breaker': False, 'breaker_swing_l': 9, 'en_cisd': True, 'k': 3, 'en_cap_bars': True, 'cap_1min': 1165}.
[I 2026-07-13 17:18:38,337] Trial 506 pruned. 
[I 2026-07-13 17:18:45,871] Trial 507 finished with values: [-1417.6688641423607, -2831.319970222612, 15.149999999999999] and parameters: {'sl_soft': 39.62905967140161, 'sl_hard_delta': 207.63493437311828, 'tp': 196.03928967751625, 'gate_pct': 81.43219065749138, 'dd_limit': 9508.627019250667, 'cooldown': 1, 'flip': False, 'en_ema_trend': False, 'ema_trend_fast': 77, 'ema_trend_slow': 129, 'en_sma_trend': False, 'sma_trend_fast': 221, 'sma_trend_slow': 258, 'en_macd': True, 'macd_fast': 98, 'macd_slow': 63, 'macd_signal': 41, 'en_vwap': True, 'en_keltner': True, 'keltner_n': 49, 'keltner_m': 4.0, 'en_obv': False, 'obv_slope': 30, 'en_cci': True, 'cci_n': 71, 'cci_threshold': 30, 'en_rsi': False, 'rsi_n': 58, 'rsi_lower': 20, 'rsi_upper': 71, 'en_stochastic': True, 'stochastic_n': 35, 'stochastic_d': 14, 'stochastic_lower': 14, 'stochastic_upper': 68, 'en_mfi': False, 'mfi_n': 11, 'mfi_lower': 19, 'mfi_upper': 65, 'en_bollinger': False, 'bollinger_n': 108, 'bollinger_k': 0.6, 'en_adx': False, 'adx_n': 97, 'adx_threshold': 21, 'en_structure_trend': False, 'structure_trend_swing_l': 16, 'en_order_block': False, 'order_block_swing_l': 19, 'en_fvg': True, 'fvg_lookback': 25, 'en_ifvg': True, 'en_breaker': True, 'breaker_swing_l': 15, 'en_cisd': False, 'k': 3, 'en_cap_bars': False, 'cap_1min': 522}.
