── OPTIMIZER PLAN [2m] shared SL/TP · sampler=nsga3 ──
   dimensions: base 5c+2cat+3i = 10  |  indicators 18 on/off + 30 params  |  split 0  →  TOTAL 58 dims
   trials/dim 100  →  RECOMMENDED 5,800 trials  (∝ dimensions; grows if you add more)
[2m] loading inputs (YM, pv=5) ...
[2m] 265337 decision bars; cooldown cap 34; bounds sl_soft[9.704960972287704, 29.114882916863117] sl_hard[9.704960972287704, 38.81984388915082] tp[9.704960972287704, 46.58381266698098]; indicators on 1-MINUTE frame
/home/dev/Mulham/wsg-i/Parametric-Indicators/optimize/optimizer.py:261: ExperimentalWarning: NSGAIIISampler is experimental (supported from v3.2.0). The interface can change in the future.
  return optuna.samplers.NSGAIIISampler(seed=seed, constraints_func=constraints_func)
[2m] sampler = nsga3 → NSGAIIISampler  objective=<function run.<locals>.objective at 0x72344811f920>  dd_pnl_cap=0.25
[I 2026-07-13 17:12:43,809] A new study created in RDB with name: eod1_2m_YM
[I 2026-07-13 17:12:44,110] Trial 0 pruned. 
[I 2026-07-13 17:12:49,083] Trial 1 finished with values: [368.31941158547124, -3081.9130718467204, 45.349999999999994] and parameters: {'sl_soft': 24.278165289202988, 'sl_hard_delta': 28.183128455142526, 'tp': 42.28027531088598, 'gate_pct': 62.36722070556089, 'dd_limit': 7287.8670146700415, 'cooldown': 12, 'flip': True, 'en_ema_trend': True, 'ema_trend_fast': 266, 'ema_trend_slow': 250, 'en_sma_trend': True, 'sma_trend_fast': 181, 'sma_trend_slow': 232, 'en_macd': False, 'macd_fast': 91, 'macd_slow': 116, 'macd_signal': 1, 'en_vwap': False, 'en_keltner': True, 'keltner_n': 73, 'keltner_m': 4.6000000000000005, 'en_obv': False, 'obv_slope': 186, 'en_cci': True, 'cci_n': 36, 'cci_threshold': 55, 'en_rsi': False, 'rsi_n': 8, 'rsi_lower': 38, 'rsi_upper': 87, 'en_stochastic': False, 'stochastic_n': 14, 'stochastic_d': 1, 'stochastic_lower': 2, 'stochastic_upper': 52, 'en_mfi': True, 'mfi_n': 55, 'mfi_lower': 28, 'mfi_upper': 92, 'en_bollinger': True, 'bollinger_n': 118, 'bollinger_k': 4.9, 'en_adx': False, 'adx_n': 81, 'adx_threshold': 18, 'en_structure_trend': False, 'structure_trend_swing_l': 18, 'en_order_block': False, 'order_block_swing_l': 3, 'en_fvg': True, 'fvg_lookback': 3, 'en_ifvg': True, 'en_breaker': False, 'breaker_swing_l': 1, 'en_cisd': True, 'k': 3, 'en_cap_bars': True, 'cap_1min': 1072}.
[I 2026-07-13 17:12:59,887] Trial 2 finished with values: [792.0875749837069, -2412.9077058964685, 36.95] and parameters: {'sl_soft': 13.498231946288456, 'sl_hard_delta': 22.568262800312052, 'tp': 45.478184290763565, 'gate_pct': 84.68288014900352, 'dd_limit': 2327.713141817985, 'cooldown': 17, 'flip': True, 'en_ema_trend': False, 'ema_trend_fast': 29, 'ema_trend_slow': 196, 'en_sma_trend': False, 'sma_trend_fast': 128, 'sma_trend_slow': 396, 'en_macd': False, 'macd_fast': 56, 'macd_slow': 150, 'macd_signal': 67, 'en_vwap': False, 'en_keltner': True, 'keltner_n': 43, 'keltner_m': 3.9000000000000004, 'en_obv': True, 'obv_slope': 162, 'en_cci': True, 'cci_n': 106, 'cci_threshold': 280, 'en_rsi': False, 'rsi_n': 74, 'rsi_lower': 38, 'rsi_upper': 95, 'en_stochastic': False, 'stochastic_n': 25, 'stochastic_d': 31, 'stochastic_lower': 47, 'stochastic_upper': 97, 'en_mfi': True, 'mfi_n': 65, 'mfi_lower': 20, 'mfi_upper': 74, 'en_bollinger': False, 'bollinger_n': 186, 'bollinger_k': 4.7, 'en_adx': True, 'adx_n': 19, 'adx_threshold': 12, 'en_structure_trend': True, 'structure_trend_swing_l': 1, 'en_order_block': False, 'order_block_swing_l': 1, 'en_fvg': True, 'fvg_lookback': 7, 'en_ifvg': False, 'en_breaker': False, 'breaker_swing_l': 18, 'en_cisd': True, 'k': 3, 'en_cap_bars': True, 'cap_1min': 412}.
[I 2026-07-13 17:13:01,531] Trial 3 pruned. 
[I 2026-07-13 17:13:06,303] Trial 4 finished with values: [276.7225211145342, -945.3814001194405, 55.7] and parameters: {'sl_soft': 14.695606985122541, 'sl_hard_delta': 4.304782983548088, 'tp': 16.82120494902341, 'gate_pct': 49.958417067888604, 'dd_limit': 7070.895472661624, 'cooldown': 7, 'flip': True, 'en_ema_trend': True, 'ema_trend_fast': 95, 'ema_trend_slow': 42, 'en_sma_trend': False, 'sma_trend_fast': 62, 'sma_trend_slow': 250, 'en_macd': True, 'macd_fast': 16, 'macd_slow': 151, 'macd_signal': 23, 'en_vwap': True, 'en_keltner': True, 'keltner_n': 175, 'keltner_m': 4.300000000000001, 'en_obv': True, 'obv_slope': 191, 'en_cci': True, 'cci_n': 21, 'cci_threshold': 205, 'en_rsi': False, 'rsi_n': 81, 'rsi_lower': 2, 'rsi_upper': 88, 'en_stochastic': False, 'stochastic_n': 27, 'stochastic_d': 32, 'stochastic_lower': 17, 'stochastic_upper': 90, 'en_mfi': True, 'mfi_n': 100, 'mfi_lower': 15, 'mfi_upper': 58, 'en_bollinger': False, 'bollinger_n': 195, 'bollinger_k': 3.4000000000000004, 'en_adx': False, 'adx_n': 54, 'adx_threshold': 12, 'en_structure_trend': False, 'structure_trend_swing_l': 4, 'en_order_block': False, 'order_block_swing_l': 8, 'en_fvg': False, 'fvg_lookback': 35, 'en_ifvg': True, 'en_breaker': True, 'breaker_swing_l': 5, 'en_cisd': True, 'k': 4, 'en_cap_bars': False, 'cap_1min': 733}.
[I 2026-07-13 17:13:07,063] Trial 5 pruned. 
[I 2026-07-13 17:13:17,126] Trial 6 finished with values: [-100.69602257841325, -1075.301189950551, 37.05] and parameters: {'sl_soft': 20.063130743640492, 'sl_hard_delta': 12.207560282522527, 'tp': 43.293217140703575, 'gate_pct': 36.655664385123444, 'dd_limit': 4207.99661406946, 'cooldown': 17, 'flip': False, 'en_ema_trend': True, 'ema_trend_fast': 12, 'ema_trend_slow': 210, 'en_sma_trend': True, 'sma_trend_fast': 224, 'sma_trend_slow': 277, 'en_macd': True, 'macd_fast': 30, 'macd_slow': 3, 'macd_signal': 58, 'en_vwap': True, 'en_keltner': False, 'keltner_n': 51, 'keltner_m': 2.2, 'en_obv': True, 'obv_slope': 170, 'en_cci': False, 'cci_n': 19, 'cci_threshold': 80, 'en_rsi': False, 'rsi_n': 62, 'rsi_lower': 21, 'rsi_upper': 91, 'en_stochastic': True, 'stochastic_n': 25, 'stochastic_d': 29, 'stochastic_lower': 18, 'stochastic_upper': 53, 'en_mfi': True, 'mfi_n': 51, 'mfi_lower': 26, 'mfi_upper': 59, 'en_bollinger': True, 'bollinger_n': 164, 'bollinger_k': 3.2, 'en_adx': False, 'adx_n': 60, 'adx_threshold': 6, 'en_structure_trend': False, 'structure_trend_swing_l': 10, 'en_order_block': True, 'order_block_swing_l': 4, 'en_fvg': False, 'fvg_lookback': 42, 'en_ifvg': True, 'en_breaker': False, 'breaker_swing_l': 8, 'en_cisd': True, 'k': 3, 'en_cap_bars': False, 'cap_1min': 16}.
[I 2026-07-13 17:13:18,989] Trial 7 pruned. 
[I 2026-07-13 17:13:23,017] Trial 8 finished with values: [-168.57074535297215, -1072.1227391155116, 47.400000000000006] and parameters: {'sl_soft': 24.34598059530242, 'sl_hard_delta': 8.180598563061832, 'tp': 31.867463563545268, 'gate_pct': 74.89283752458364, 'dd_limit': 6193.887678354116, 'cooldown': 20, 'flip': True, 'en_ema_trend': False, 'ema_trend_fast': 314, 'ema_trend_slow': 24, 'en_sma_trend': False, 'sma_trend_fast': 159, 'sma_trend_slow': 121, 'en_macd': True, 'macd_fast': 38, 'macd_slow': 107, 'macd_signal': 50, 'en_vwap': True, 'en_keltner': True, 'keltner_n': 54, 'keltner_m': 2.1, 'en_obv': True, 'obv_slope': 23, 'en_cci': False, 'cci_n': 115, 'cci_threshold': 30, 'en_rsi': False, 'rsi_n': 54, 'rsi_lower': 37, 'rsi_upper': 58, 'en_stochastic': False, 'stochastic_n': 77, 'stochastic_d': 37, 'stochastic_lower': 9, 'stochastic_upper': 93, 'en_mfi': True, 'mfi_n': 57, 'mfi_lower': 20, 'mfi_upper': 88, 'en_bollinger': True, 'bollinger_n': 57, 'bollinger_k': 0.5, 'en_adx': False, 'adx_n': 74, 'adx_threshold': 33, 'en_structure_trend': True, 'structure_trend_swing_l': 8, 'en_order_block': False, 'order_block_swing_l': 13, 'en_fvg': True, 'fvg_lookback': 1, 'en_ifvg': True, 'en_breaker': False, 'breaker_swing_l': 5, 'en_cisd': True, 'k': 3, 'en_cap_bars': False, 'cap_1min': 418}.
[I 2026-07-13 17:13:24,616] Trial 9 pruned. 
[I 2026-07-13 17:13:33,731] Trial 10 finished with values: [-32.650836758566584, -877.3063210324835, 62.15] and parameters: {'sl_soft': 17.603285115869514, 'sl_hard_delta': 37.85797909062843, 'tp': 21.51796988422253, 'gate_pct': 98.24909449748954, 'dd_limit': 6175.326117859909, 'cooldown': 13, 'flip': False, 'en_ema_trend': True, 'ema_trend_fast': 174, 'ema_trend_slow': 144, 'en_sma_trend': True, 'sma_trend_fast': 109, 'sma_trend_slow': 324, 'en_macd': True, 'macd_fast': 50, 'macd_slow': 172, 'macd_signal': 89, 'en_vwap': True, 'en_keltner': False, 'keltner_n': 185, 'keltner_m': 1.7000000000000002, 'en_obv': True, 'obv_slope': 47, 'en_cci': True, 'cci_n': 188, 'cci_threshold': 115, 'en_rsi': False, 'rsi_n': 35, 'rsi_lower': 8, 'rsi_upper': 86, 'en_stochastic': False, 'stochastic_n': 27, 'stochastic_d': 35, 'stochastic_lower': 12, 'stochastic_upper': 71, 'en_mfi': False, 'mfi_n': 7, 'mfi_lower': 31, 'mfi_upper': 85, 'en_bollinger': True, 'bollinger_n': 35, 'bollinger_k': 1.1, 'en_adx': True, 'adx_n': 20, 'adx_threshold': 30, 'en_structure_trend': True, 'structure_trend_swing_l': 4, 'en_order_block': False, 'order_block_swing_l': 17, 'en_fvg': False, 'fvg_lookback': 31, 'en_ifvg': True, 'en_breaker': True, 'breaker_swing_l': 14, 'en_cisd': False, 'k': 3, 'en_cap_bars': False, 'cap_1min': 929}.
[I 2026-07-13 17:13:35,488] Trial 11 pruned. 
[I 2026-07-13 17:13:46,615] Trial 12 finished with values: [136.5134918079275, -1057.2029606666183, 45.0] and parameters: {'sl_soft': 11.828074798855372, 'sl_hard_delta': 26.127348655678755, 'tp': 28.141892743431466, 'gate_pct': 77.7098229275783, 'dd_limit': 1393.7003097166044, 'cooldown': 2, 'flip': True, 'en_ema_trend': True, 'ema_trend_fast': 117, 'ema_trend_slow': 88, 'en_sma_trend': True, 'sma_trend_fast': 154, 'sma_trend_slow': 265, 'en_macd': True, 'macd_fast': 3, 'macd_slow': 24, 'macd_signal': 66, 'en_vwap': False, 'en_keltner': True, 'keltner_n': 168, 'keltner_m': 3.7, 'en_obv': False, 'obv_slope': 15, 'en_cci': False, 'cci_n': 188, 'cci_threshold': 155, 'en_rsi': True, 'rsi_n': 46, 'rsi_lower': 43, 'rsi_upper': 63, 'en_stochastic': True, 'stochastic_n': 56, 'stochastic_d': 12, 'stochastic_lower': 33, 'stochastic_upper': 57, 'en_mfi': True, 'mfi_n': 25, 'mfi_lower': 19, 'mfi_upper': 79, 'en_bollinger': False, 'bollinger_n': 175, 'bollinger_k': 4.8, 'en_adx': False, 'adx_n': 54, 'adx_threshold': 24, 'en_structure_trend': True, 'structure_trend_swing_l': 7, 'en_order_block': False, 'order_block_swing_l': 16, 'en_fvg': True, 'fvg_lookback': 38, 'en_ifvg': False, 'en_breaker': False, 'breaker_swing_l': 7, 'en_cisd': True, 'k': 4, 'en_cap_bars': True, 'cap_1min': 772}.
[I 2026-07-13 17:13:47,867] Trial 13 pruned. 
[I 2026-07-13 17:13:52,508] Trial 14 pruned. 
[I 2026-07-13 17:13:53,285] Trial 15 pruned. 
[I 2026-07-13 17:13:54,655] Trial 16 pruned. 
[I 2026-07-13 17:13:55,521] Trial 17 pruned. 
[I 2026-07-13 17:14:01,919] Trial 18 finished with values: [-570.8449604193447, -976.3084463218183, 33.3] and parameters: {'sl_soft': 21.452096026479772, 'sl_hard_delta': 38.4474139501153, 'tp': 38.24610357854548, 'gate_pct': 33.427640499382626, 'dd_limit': 863.7242596842211, 'cooldown': 6, 'flip': False, 'en_ema_trend': True, 'ema_trend_fast': 72, 'ema_trend_slow': 345, 'en_sma_trend': True, 'sma_trend_fast': 17, 'sma_trend_slow': 24, 'en_macd': True, 'macd_fast': 7, 'macd_slow': 60, 'macd_signal': 36, 'en_vwap': False, 'en_keltner': True, 'keltner_n': 130, 'keltner_m': 1.0, 'en_obv': True, 'obv_slope': 170, 'en_cci': False, 'cci_n': 90, 'cci_threshold': 45, 'en_rsi': True, 'rsi_n': 30, 'rsi_lower': 45, 'rsi_upper': 94, 'en_stochastic': False, 'stochastic_n': 89, 'stochastic_d': 32, 'stochastic_lower': 11, 'stochastic_upper': 67, 'en_mfi': True, 'mfi_n': 10, 'mfi_lower': 9, 'mfi_upper': 60, 'en_bollinger': False, 'bollinger_n': 175, 'bollinger_k': 1.6, 'en_adx': False, 'adx_n': 53, 'adx_threshold': 53, 'en_structure_trend': False, 'structure_trend_swing_l': 6, 'en_order_block': False, 'order_block_swing_l': 1, 'en_fvg': False, 'fvg_lookback': 14, 'en_ifvg': False, 'en_breaker': True, 'breaker_swing_l': 8, 'en_cisd': False, 'k': 4, 'en_cap_bars': False, 'cap_1min': 192}.
[I 2026-07-13 17:14:03,280] Trial 19 pruned. 
[I 2026-07-13 17:14:08,042] Trial 20 finished with values: [-2130.898183471454, -3415.690630534991, 44.6] and parameters: {'sl_soft': 19.804208031092912, 'sl_hard_delta': 32.161004175811875, 'tp': 28.3575239679441, 'gate_pct': 82.4858562385232, 'dd_limit': 2735.295580661161, 'cooldown': 6, 'flip': False, 'en_ema_trend': True, 'ema_trend_fast': 383, 'ema_trend_slow': 34, 'en_sma_trend': True, 'sma_trend_fast': 91, 'sma_trend_slow': 307, 'en_macd': True, 'macd_fast': 12, 'macd_slow': 18, 'macd_signal': 63, 'en_vwap': False, 'en_keltner': True, 'keltner_n': 39, 'keltner_m': 4.6000000000000005, 'en_obv': True, 'obv_slope': 147, 'en_cci': True, 'cci_n': 59, 'cci_threshold': 105, 'en_rsi': False, 'rsi_n': 88, 'rsi_lower': 13, 'rsi_upper': 88, 'en_stochastic': False, 'stochastic_n': 49, 'stochastic_d': 33, 'stochastic_lower': 42, 'stochastic_upper': 60, 'en_mfi': False, 'mfi_n': 90, 'mfi_lower': 2, 'mfi_upper': 55, 'en_bollinger': False, 'bollinger_n': 85, 'bollinger_k': 1.2000000000000002, 'en_adx': False, 'adx_n': 32, 'adx_threshold': 23, 'en_structure_trend': True, 'structure_trend_swing_l': 17, 'en_order_block': False, 'order_block_swing_l': 12, 'en_fvg': True, 'fvg_lookback': 8, 'en_ifvg': False, 'en_breaker': True, 'breaker_swing_l': 5, 'en_cisd': True, 'k': 4, 'en_cap_bars': False, 'cap_1min': 1298}.
[I 2026-07-13 17:14:10,029] Trial 21 pruned. 
[I 2026-07-13 17:14:11,842] Trial 22 pruned. 
[I 2026-07-13 17:14:18,534] Trial 23 finished with values: [-1568.7685934498222, -4972.780268030037, 46.5] and parameters: {'sl_soft': 25.396162303121237, 'sl_hard_delta': 5.073475040538805, 'tp': 29.472120437115052, 'gate_pct': 90.0783114706916, 'dd_limit': 7480.8928317220125, 'cooldown': 14, 'flip': False, 'en_ema_trend': True, 'ema_trend_fast': 324, 'ema_trend_slow': 361, 'en_sma_trend': True, 'sma_trend_fast': 95, 'sma_trend_slow': 120, 'en_macd': False, 'macd_fast': 47, 'macd_slow': 74, 'macd_signal': 59, 'en_vwap': True, 'en_keltner': False, 'keltner_n': 155, 'keltner_m': 1.6, 'en_obv': True, 'obv_slope': 2, 'en_cci': False, 'cci_n': 110, 'cci_threshold': 195, 'en_rsi': True, 'rsi_n': 63, 'rsi_lower': 12, 'rsi_upper': 88, 'en_stochastic': True, 'stochastic_n': 11, 'stochastic_d': 30, 'stochastic_lower': 13, 'stochastic_upper': 82, 'en_mfi': False, 'mfi_n': 67, 'mfi_lower': 40, 'mfi_upper': 90, 'en_bollinger': False, 'bollinger_n': 83, 'bollinger_k': 4.5, 'en_adx': False, 'adx_n': 58, 'adx_threshold': 55, 'en_structure_trend': True, 'structure_trend_swing_l': 17, 'en_order_block': False, 'order_block_swing_l': 3, 'en_fvg': False, 'fvg_lookback': 19, 'en_ifvg': False, 'en_breaker': False, 'breaker_swing_l': 11, 'en_cisd': False, 'k': 3, 'en_cap_bars': True, 'cap_1min': 914}.
[I 2026-07-13 17:14:25,395] Trial 24 finished with values: [-349.16356053458003, -2224.4135406082205, 49.2] and parameters: {'sl_soft': 18.780071007468038, 'sl_hard_delta': 25.89060540982334, 'tp': 26.42499984672156, 'gate_pct': 52.57115913414096, 'dd_limit': 6391.37714091985, 'cooldown': 6, 'flip': False, 'en_ema_trend': False, 'ema_trend_fast': 188, 'ema_trend_slow': 359, 'en_sma_trend': True, 'sma_trend_fast': 167, 'sma_trend_slow': 275, 'en_macd': False, 'macd_fast': 81, 'macd_slow': 194, 'macd_signal': 2, 'en_vwap': False, 'en_keltner': False, 'keltner_n': 200, 'keltner_m': 2.2, 'en_obv': False, 'obv_slope': 89, 'en_cci': False, 'cci_n': 93, 'cci_threshold': 165, 'en_rsi': False, 'rsi_n': 21, 'rsi_lower': 6, 'rsi_upper': 58, 'en_stochastic': True, 'stochastic_n': 85, 'stochastic_d': 18, 'stochastic_lower': 4, 'stochastic_upper': 71, 'en_mfi': False, 'mfi_n': 82, 'mfi_lower': 47, 'mfi_upper': 93, 'en_bollinger': False, 'bollinger_n': 137, 'bollinger_k': 0.5, 'en_adx': False, 'adx_n': 91, 'adx_threshold': 50, 'en_structure_trend': False, 'structure_trend_swing_l': 5, 'en_order_block': True, 'order_block_swing_l': 10, 'en_fvg': False, 'fvg_lookback': 31, 'en_ifvg': False, 'en_breaker': True, 'breaker_swing_l': 7, 'en_cisd': False, 'k': 1, 'en_cap_bars': True, 'cap_1min': 1249}.
[I 2026-07-13 17:14:28,917] Trial 25 pruned. 
[I 2026-07-13 17:14:30,603] Trial 26 pruned. 
[I 2026-07-13 17:14:35,812] Trial 27 finished with values: [-443.8769824263545, -604.1782989804778, 48.35] and parameters: {'sl_soft': 27.673124305655076, 'sl_hard_delta': 30.325883501155865, 'tp': 21.040837002681442, 'gate_pct': 30.49656416420632, 'dd_limit': 8551.704140368904, 'cooldown': 4, 'flip': False, 'en_ema_trend': False, 'ema_trend_fast': 294, 'ema_trend_slow': 78, 'en_sma_trend': True, 'sma_trend_fast': 160, 'sma_trend_slow': 66, 'en_macd': True, 'macd_fast': 29, 'macd_slow': 91, 'macd_signal': 91, 'en_vwap': False, 'en_keltner': True, 'keltner_n': 182, 'keltner_m': 0.5, 'en_obv': True, 'obv_slope': 148, 'en_cci': True, 'cci_n': 57, 'cci_threshold': 140, 'en_rsi': True, 'rsi_n': 51, 'rsi_lower': 31, 'rsi_upper': 79, 'en_stochastic': False, 'stochastic_n': 21, 'stochastic_d': 17, 'stochastic_lower': 8, 'stochastic_upper': 80, 'en_mfi': False, 'mfi_n': 33, 'mfi_lower': 33, 'mfi_upper': 60, 'en_bollinger': True, 'bollinger_n': 90, 'bollinger_k': 3.7, 'en_adx': False, 'adx_n': 39, 'adx_threshold': 43, 'en_structure_trend': True, 'structure_trend_swing_l': 10, 'en_order_block': True, 'order_block_swing_l': 3, 'en_fvg': False, 'fvg_lookback': 34, 'en_ifvg': True, 'en_breaker': False, 'breaker_swing_l': 10, 'en_cisd': True, 'k': 3, 'en_cap_bars': False, 'cap_1min': 1425}.
[I 2026-07-13 17:14:37,586] Trial 28 pruned. 
[I 2026-07-13 17:14:51,727] Trial 29 finished with values: [372.9069475452343, -515.7591998168937, 49.0] and parameters: {'sl_soft': 18.588984879784075, 'sl_hard_delta': 29.29431698174527, 'tp': 32.865730949077225, 'gate_pct': 30.375843415186864, 'dd_limit': 5062.683277506204, 'cooldown': 24, 'flip': False, 'en_ema_trend': True, 'ema_trend_fast': 373, 'ema_trend_slow': 251, 'en_sma_trend': True, 'sma_trend_fast': 212, 'sma_trend_slow': 302, 'en_macd': True, 'macd_fast': 66, 'macd_slow': 171, 'macd_signal': 75, 'en_vwap': True, 'en_keltner': False, 'keltner_n': 80, 'keltner_m': 0.8, 'en_obv': False, 'obv_slope': 109, 'en_cci': False, 'cci_n': 176, 'cci_threshold': 25, 'en_rsi': False, 'rsi_n': 65, 'rsi_lower': 19, 'rsi_upper': 64, 'en_stochastic': True, 'stochastic_n': 57, 'stochastic_d': 34, 'stochastic_lower': 22, 'stochastic_upper': 98, 'en_mfi': False, 'mfi_n': 66, 'mfi_lower': 27, 'mfi_upper': 94, 'en_bollinger': False, 'bollinger_n': 40, 'bollinger_k': 2.2, 'en_adx': False, 'adx_n': 64, 'adx_threshold': 39, 'en_structure_trend': False, 'structure_trend_swing_l': 15, 'en_order_block': True, 'order_block_swing_l': 8, 'en_fvg': False, 'fvg_lookback': 28, 'en_ifvg': True, 'en_breaker': False, 'breaker_swing_l': 3, 'en_cisd': True, 'k': 2, 'en_cap_bars': False, 'cap_1min': 1379}.
[I 2026-07-13 17:14:54,534] Trial 30 finished with values: [-528.4853464168191, -1399.4122167353635, 40.2] and parameters: {'sl_soft': 23.33685495330048, 'sl_hard_delta': 24.26300775604972, 'tp': 44.029389163231926, 'gate_pct': 26.904238725191853, 'dd_limit': 8963.654771627464, 'cooldown': 23, 'flip': False, 'en_ema_trend': False, 'ema_trend_fast': 60, 'ema_trend_slow': 246, 'en_sma_trend': True, 'sma_trend_fast': 81, 'sma_trend_slow': 116, 'en_macd': True, 'macd_fast': 57, 'macd_slow': 116, 'macd_signal': 91, 'en_vwap': True, 'en_keltner': False, 'keltner_n': 132, 'keltner_m': 1.7000000000000002, 'en_obv': True, 'obv_slope': 28, 'en_cci': True, 'cci_n': 97, 'cci_threshold': 25, 'en_rsi': False, 'rsi_n': 26, 'rsi_lower': 21, 'rsi_upper': 56, 'en_stochastic': False, 'stochastic_n': 99, 'stochastic_d': 31, 'stochastic_lower': 19, 'stochastic_upper': 52, 'en_mfi': True, 'mfi_n': 94, 'mfi_lower': 14, 'mfi_upper': 81, 'en_bollinger': False, 'bollinger_n': 102, 'bollinger_k': 4.1, 'en_adx': True, 'adx_n': 4, 'adx_threshold': 5, 'en_structure_trend': True, 'structure_trend_swing_l': 19, 'en_order_block': False, 'order_block_swing_l': 18, 'en_fvg': False, 'fvg_lookback': 49, 'en_ifvg': False, 'en_breaker': True, 'breaker_swing_l': 17, 'en_cisd': True, 'k': 1, 'en_cap_bars': True, 'cap_1min': 217}.
[I 2026-07-13 17:14:55,957] Trial 31 pruned. 
[I 2026-07-13 17:14:58,863] Trial 32 finished with values: [-266.2114847667908, -1294.7702727750584, 52.45] and parameters: {'sl_soft': 20.421932129471724, 'sl_hard_delta': 22.055095148037125, 'tp': 22.369899655020188, 'gate_pct': 35.06171893069536, 'dd_limit': 9308.14469807598, 'cooldown': 19, 'flip': False, 'en_ema_trend': False, 'ema_trend_fast': 59, 'ema_trend_slow': 135, 'en_sma_trend': False, 'sma_trend_fast': 146, 'sma_trend_slow': 93, 'en_macd': False, 'macd_fast': 24, 'macd_slow': 83, 'macd_signal': 69, 'en_vwap': True, 'en_keltner': True, 'keltner_n': 124, 'keltner_m': 4.5, 'en_obv': True, 'obv_slope': 184, 'en_cci': True, 'cci_n': 110, 'cci_threshold': 115, 'en_rsi': False, 'rsi_n': 17, 'rsi_lower': 36, 'rsi_upper': 98, 'en_stochastic': False, 'stochastic_n': 14, 'stochastic_d': 8, 'stochastic_lower': 4, 'stochastic_upper': 77, 'en_mfi': False, 'mfi_n': 79, 'mfi_lower': 10, 'mfi_upper': 93, 'en_bollinger': False, 'bollinger_n': 85, 'bollinger_k': 3.0, 'en_adx': False, 'adx_n': 29, 'adx_threshold': 10, 'en_structure_trend': False, 'structure_trend_swing_l': 11, 'en_order_block': True, 'order_block_swing_l': 16, 'en_fvg': False, 'fvg_lookback': 29, 'en_ifvg': True, 'en_breaker': True, 'breaker_swing_l': 8, 'en_cisd': False, 'k': 1, 'en_cap_bars': True, 'cap_1min': 1370}.
[I 2026-07-13 17:14:59,316] Trial 33 pruned. 
