[I 2026-07-13 17:42:08,234] Trial 1488 finished with values: [2615.931935759072, -835.0, 55.0] and parameters: {'sl_soft': 39.62905967140161, 'sl_hard_delta': 29.30242220933063, 'tp': 196.03928967751625, 'gate_pct': 81.43219065749138, 'dd_limit': 7070.895472661624, 'cooldown': 5, 'flip': True, 'en_ema_trend': False, 'ema_trend_fast': 241, 'ema_trend_slow': 346, 'en_sma_trend': False, 'sma_trend_fast': 221, 'sma_trend_slow': 258, 'en_macd': True, 'macd_fast': 71, 'macd_slow': 63, 'macd_signal': 41, 'en_vwap': False, 'en_keltner': True, 'keltner_n': 17, 'keltner_m': 4.0, 'en_obv': True, 'obv_slope': 160, 'en_cci': True, 'cci_n': 21, 'cci_threshold': 30, 'en_rsi': True, 'rsi_n': 39, 'rsi_lower': 23, 'rsi_upper': 71, 'en_stochastic': True, 'stochastic_n': 88, 'stochastic_d': 14, 'stochastic_lower': 17, 'stochastic_upper': 68, 'en_mfi': False, 'mfi_n': 11, 'mfi_lower': 17, 'mfi_upper': 65, 'en_bollinger': False, 'bollinger_n': 182, 'bollinger_k': 3.4000000000000004, 'en_adx': False, 'adx_n': 54, 'adx_threshold': 21, 'en_structure_trend': False, 'structure_trend_swing_l': 14, 'en_order_block': True, 'order_block_swing_l': 10, 'en_fvg': False, 'fvg_lookback': 42, 'en_ifvg': True, 'en_breaker': True, 'breaker_swing_l': 15, 'en_cisd': True, 'k': 4, 'en_cap_bars': False, 'cap_1min': 3}.
[I 2026-07-13 17:42:08,566] Trial 1489 finished with values: [3419.0181437291903, -2681.1293853950338, 67.85] and parameters: {'sl_soft': 158.92345486967875, 'sl_hard_delta': 29.30242220933063, 'tp': 196.03928967751625, 'gate_pct': 81.43219065749138, 'dd_limit': 7424.489916885895, 'cooldown': 1, 'flip': True, 'en_ema_trend': False, 'ema_trend_fast': 197, 'ema_trend_slow': 274, 'en_sma_trend': True, 'sma_trend_fast': 221, 'sma_trend_slow': 258, 'en_macd': True, 'macd_fast': 49, 'macd_slow': 63, 'macd_signal': 13, 'en_vwap': False, 'en_keltner': True, 'keltner_n': 17, 'keltner_m': 4.5, 'en_obv': True, 'obv_slope': 160, 'en_cci': True, 'cci_n': 33, 'cci_threshold': 170, 'en_rsi': False, 'rsi_n': 39, 'rsi_lower': 20, 'rsi_upper': 56, 'en_stochastic': True, 'stochastic_n': 88, 'stochastic_d': 14, 'stochastic_lower': 17, 'stochastic_upper': 68, 'en_mfi': False, 'mfi_n': 11, 'mfi_lower': 1, 'mfi_upper': 57, 'en_bollinger': False, 'bollinger_n': 182, 'bollinger_k': 4.300000000000001, 'en_adx': False, 'adx_n': 97, 'adx_threshold': 21, 'en_structure_trend': False, 'structure_trend_swing_l': 14, 'en_order_block': False, 'order_block_swing_l': 3, 'en_fvg': False, 'fvg_lookback': 42, 'en_ifvg': True, 'en_breaker': False, 'breaker_swing_l': 15, 'en_cisd': True, 'k': 4, 'en_cap_bars': False, 'cap_1min': 1332}.
[I 2026-07-13 17:42:08,805] Trial 1490 finished with values: [3310.2905341403675, -2681.1293853950338, 67.85] and parameters: {'sl_soft': 158.92345486967875, 'sl_hard_delta': 29.30242220933063, 'tp': 196.03928967751625, 'gate_pct': 81.43219065749138, 'dd_limit': 9508.627019250667, 'cooldown': 1, 'flip': True, 'en_ema_trend': False, 'ema_trend_fast': 177, 'ema_trend_slow': 381, 'en_sma_trend': True, 'sma_trend_fast': 221, 'sma_trend_slow': 258, 'en_macd': True, 'macd_fast': 49, 'macd_slow': 63, 'macd_signal': 41, 'en_vwap': False, 'en_keltner': True, 'keltner_n': 17, 'keltner_m': 4.0, 'en_obv': True, 'obv_slope': 160, 'en_cci': True, 'cci_n': 33, 'cci_threshold': 170, 'en_rsi': False, 'rsi_n': 39, 'rsi_lower': 20, 'rsi_upper': 71, 'en_stochastic': True, 'stochastic_n': 88, 'stochastic_d': 14, 'stochastic_lower': 17, 'stochastic_upper': 68, 'en_mfi': False, 'mfi_n': 11, 'mfi_lower': 17, 'mfi_upper': 57, 'en_bollinger': False, 'bollinger_n': 182, 'bollinger_k': 4.300000000000001, 'en_adx': False, 'adx_n': 97, 'adx_threshold': 21, 'en_structure_trend': False, 'structure_trend_swing_l': 14, 'en_order_block': False, 'order_block_swing_l': 19, 'en_fvg': False, 'fvg_lookback': 42, 'en_ifvg': True, 'en_breaker': True, 'breaker_swing_l': 15, 'en_cisd': True, 'k': 4, 'en_cap_bars': False, 'cap_1min': 3}.
[I 2026-07-13 17:42:09,014] Trial 1491 finished with values: [1784.5126526368767, -3864.7611859298195, 58.15] and parameters: {'sl_soft': 162.66655367980434, 'sl_hard_delta': 18.57150561668505, 'tp': 196.03928967751625, 'gate_pct': 81.43219065749138, 'dd_limit': 7070.895472661624, 'cooldown': 5, 'flip': True, 'en_ema_trend': False, 'ema_trend_fast': 177, 'ema_trend_slow': 246, 'en_sma_trend': False, 'sma_trend_fast': 221, 'sma_trend_slow': 250, 'en_macd': True, 'macd_fast': 71, 'macd_slow': 63, 'macd_signal': 41, 'en_vwap': True, 'en_keltner': True, 'keltner_n': 17, 'keltner_m': 4.0, 'en_obv': True, 'obv_slope': 160, 'en_cci': True, 'cci_n': 21, 'cci_threshold': 205, 'en_rsi': True, 'rsi_n': 39, 'rsi_lower': 20, 'rsi_upper': 71, 'en_stochastic': True, 'stochastic_n': 88, 'stochastic_d': 14, 'stochastic_lower': 17, 'stochastic_upper': 68, 'en_mfi': False, 'mfi_n': 11, 'mfi_lower': 17, 'mfi_upper': 65, 'en_bollinger': False, 'bollinger_n': 182, 'bollinger_k': 4.300000000000001, 'en_adx': False, 'adx_n': 99, 'adx_threshold': 21, 'en_structure_trend': False, 'structure_trend_swing_l': 14, 'en_order_block': False, 'order_block_swing_l': 19, 'en_fvg': False, 'fvg_lookback': 42, 'en_ifvg': True, 'en_breaker': True, 'breaker_swing_l': 15, 'en_cisd': False, 'k': 4, 'en_cap_bars': False, 'cap_1min': 1332}.
[I 2026-07-13 17:42:09,255] Trial 1492 finished with values: [2592.073589902575, -1789.9496048636502, 73.2] and parameters: {'sl_soft': 158.92345486967875, 'sl_hard_delta': 18.57150561668505, 'tp': 196.03928967751625, 'gate_pct': 81.43219065749138, 'dd_limit': 7070.895472661624, 'cooldown': 5, 'flip': True, 'en_ema_trend': False, 'ema_trend_fast': 177, 'ema_trend_slow': 346, 'en_sma_trend': False, 'sma_trend_fast': 221, 'sma_trend_slow': 258, 'en_macd': True, 'macd_fast': 49, 'macd_slow': 63, 'macd_signal': 41, 'en_vwap': True, 'en_keltner': True, 'keltner_n': 17, 'keltner_m': 4.0, 'en_obv': True, 'obv_slope': 160, 'en_cci': True, 'cci_n': 21, 'cci_threshold': 30, 'en_rsi': True, 'rsi_n': 39, 'rsi_lower': 20, 'rsi_upper': 71, 'en_stochastic': True, 'stochastic_n': 88, 'stochastic_d': 14, 'stochastic_lower': 14, 'stochastic_upper': 68, 'en_mfi': False, 'mfi_n': 11, 'mfi_lower': 17, 'mfi_upper': 65, 'en_bollinger': False, 'bollinger_n': 182, 'bollinger_k': 4.0, 'en_adx': False, 'adx_n': 54, 'adx_threshold': 21, 'en_structure_trend': False, 'structure_trend_swing_l': 14, 'en_order_block': False, 'order_block_swing_l': 10, 'en_fvg': False, 'fvg_lookback': 42, 'en_ifvg': True, 'en_breaker': True, 'breaker_swing_l': 5, 'en_cisd': False, 'k': 4, 'en_cap_bars': False, 'cap_1min': 3}.
[I 2026-07-13 17:42:09,475] Trial 1493 pruned. 
[I 2026-07-13 17:42:09,705] Trial 1494 finished with values: [392.5, -165.0, 58.55] and parameters: {'sl_soft': 162.66655367980434, 'sl_hard_delta': 29.30242220933063, 'tp': 196.03928967751625, 'gate_pct': 61.29515207255519, 'dd_limit': 9508.627019250667, 'cooldown': 5, 'flip': True, 'en_ema_trend': False, 'ema_trend_fast': 340, 'ema_trend_slow': 346, 'en_sma_trend': False, 'sma_trend_fast': 292, 'sma_trend_slow': 258, 'en_macd': True, 'macd_fast': 49, 'macd_slow': 63, 'macd_signal': 41, 'en_vwap': False, 'en_keltner': False, 'keltner_n': 175, 'keltner_m': 4.0, 'en_obv': True, 'obv_slope': 160, 'en_cci': True, 'cci_n': 33, 'cci_threshold': 30, 'en_rsi': True, 'rsi_n': 23, 'rsi_lower': 20, 'rsi_upper': 71, 'en_stochastic': True, 'stochastic_n': 27, 'stochastic_d': 14, 'stochastic_lower': 17, 'stochastic_upper': 60, 'en_mfi': False, 'mfi_n': 58, 'mfi_lower': 15, 'mfi_upper': 65, 'en_bollinger': False, 'bollinger_n': 104, 'bollinger_k': 4.300000000000001, 'en_adx': False, 'adx_n': 54, 'adx_threshold': 21, 'en_structure_trend': False, 'structure_trend_swing_l': 14, 'en_order_block': False, 'order_block_swing_l': 19, 'en_fvg': False, 'fvg_lookback': 47, 'en_ifvg': True, 'en_breaker': True, 'breaker_swing_l': 15, 'en_cisd': False, 'k': 4, 'en_cap_bars': True, 'cap_1min': 3}.
[I 2026-07-13 17:42:10,093] Trial 1495 finished with values: [3000.8109911184874, -2662.4244072954752, 76.65] and parameters: {'sl_soft': 158.92345486967875, 'sl_hard_delta': 18.57150561668505, 'tp': 196.03928967751625, 'gate_pct': 81.43219065749138, 'dd_limit': 7070.895472661624, 'cooldown': 1, 'flip': True, 'en_ema_trend': False, 'ema_trend_fast': 177, 'ema_trend_slow': 246, 'en_sma_trend': False, 'sma_trend_fast': 221, 'sma_trend_slow': 250, 'en_macd': True, 'macd_fast': 71, 'macd_slow': 63, 'macd_signal': 41, 'en_vwap': False, 'en_keltner': True, 'keltner_n': 17, 'keltner_m': 4.0, 'en_obv': True, 'obv_slope': 160, 'en_cci': True, 'cci_n': 21, 'cci_threshold': 30, 'en_rsi': False, 'rsi_n': 39, 'rsi_lower': 20, 'rsi_upper': 59, 'en_stochastic': True, 'stochastic_n': 88, 'stochastic_d': 14, 'stochastic_lower': 17, 'stochastic_upper': 68, 'en_mfi': False, 'mfi_n': 11, 'mfi_lower': 17, 'mfi_upper': 65, 'en_bollinger': False, 'bollinger_n': 182, 'bollinger_k': 4.300000000000001, 'en_adx': False, 'adx_n': 54, 'adx_threshold': 32, 'en_structure_trend': False, 'structure_trend_swing_l': 14, 'en_order_block': False, 'order_block_swing_l': 10, 'en_fvg': False, 'fvg_lookback': 42, 'en_ifvg': True, 'en_breaker': True, 'breaker_swing_l': 15, 'en_cisd': True, 'k': 4, 'en_cap_bars': False, 'cap_1min': 3}.
[I 2026-07-13 17:42:10,411] Trial 1496 finished with values: [1777.0599865238546, -2915.373661830272, 65.7] and parameters: {'sl_soft': 162.66655367980434, 'sl_hard_delta': 29.30242220933063, 'tp': 133.89424352308131, 'gate_pct': 81.43219065749138, 'dd_limit': 4319.252370030056, 'cooldown': 5, 'flip': True, 'en_ema_trend': False, 'ema_trend_fast': 177, 'ema_trend_slow': 381, 'en_sma_trend': True, 'sma_trend_fast': 221, 'sma_trend_slow': 258, 'en_macd': True, 'macd_fast': 49, 'macd_slow': 63, 'macd_signal': 13, 'en_vwap': True, 'en_keltner': False, 'keltner_n': 17, 'keltner_m': 4.0, 'en_obv': True, 'obv_slope': 160, 'en_cci': True, 'cci_n': 133, 'cci_threshold': 205, 'en_rsi': True, 'rsi_n': 39, 'rsi_lower': 20, 'rsi_upper': 59, 'en_stochastic': True, 'stochastic_n': 88, 'stochastic_d': 44, 'stochastic_lower': 17, 'stochastic_upper': 68, 'en_mfi': False, 'mfi_n': 11, 'mfi_lower': 17, 'mfi_upper': 65, 'en_bollinger': False, 'bollinger_n': 182, 'bollinger_k': 4.300000000000001, 'en_adx': False, 'adx_n': 99, 'adx_threshold': 32, 'en_structure_trend': False, 'structure_trend_swing_l': 14, 'en_order_block': False, 'order_block_swing_l': 19, 'en_fvg': False, 'fvg_lookback': 42, 'en_ifvg': True, 'en_breaker': False, 'breaker_swing_l': 15, 'en_cisd': True, 'k': 4, 'en_cap_bars': False, 'cap_1min': 3}.
[I 2026-07-13 17:42:10,696] Trial 1497 finished with values: [562.5, -255.0, 75.0] and parameters: {'sl_soft': 39.62905967140161, 'sl_hard_delta': 29.30242220933063, 'tp': 196.03928967751625, 'gate_pct': 89.05172352244134, 'dd_limit': 9508.627019250667, 'cooldown': 1, 'flip': True, 'en_ema_trend': False, 'ema_trend_fast': 177, 'ema_trend_slow': 346, 'en_sma_trend': False, 'sma_trend_fast': 221, 'sma_trend_slow': 258, 'en_macd': True, 'macd_fast': 49, 'macd_slow': 63, 'macd_signal': 41, 'en_vwap': False, 'en_keltner': True, 'keltner_n': 17, 'keltner_m': 4.0, 'en_obv': True, 'obv_slope': 160, 'en_cci': True, 'cci_n': 33, 'cci_threshold': 30, 'en_rsi': False, 'rsi_n': 39, 'rsi_lower': 20, 'rsi_upper': 71, 'en_stochastic': True, 'stochastic_n': 88, 'stochastic_d': 14, 'stochastic_lower': 17, 'stochastic_upper': 60, 'en_mfi': False, 'mfi_n': 11, 'mfi_lower': 17, 'mfi_upper': 65, 'en_bollinger': False, 'bollinger_n': 182, 'bollinger_k': 4.300000000000001, 'en_adx': False, 'adx_n': 97, 'adx_threshold': 21, 'en_structure_trend': False, 'structure_trend_swing_l': 14, 'en_order_block': False, 'order_block_swing_l': 19, 'en_fvg': False, 'fvg_lookback': 42, 'en_ifvg': True, 'en_breaker': True, 'breaker_swing_l': 15, 'en_cisd': False, 'k': 4, 'en_cap_bars': True, 'cap_1min': 3}.
[I 2026-07-13 17:42:10,914] Trial 1498 finished with values: [3495.6656530029613, -2650.0, 79.3] and parameters: {'sl_soft': 158.92345486967875, 'sl_hard_delta': 79.12460134926219, 'tp': 196.03928967751625, 'gate_pct': 81.43219065749138, 'dd_limit': 7424.489916885895, 'cooldown': 1, 'flip': True, 'en_ema_trend': False, 'ema_trend_fast': 177, 'ema_trend_slow': 346, 'en_sma_trend': False, 'sma_trend_fast': 221, 'sma_trend_slow': 258, 'en_macd': True, 'macd_fast': 49, 'macd_slow': 63, 'macd_signal': 41, 'en_vwap': True, 'en_keltner': True, 'keltner_n': 17, 'keltner_m': 4.0, 'en_obv': True, 'obv_slope': 160, 'en_cci': True, 'cci_n': 21, 'cci_threshold': 30, 'en_rsi': False, 'rsi_n': 39, 'rsi_lower': 20, 'rsi_upper': 71, 'en_stochastic': True, 'stochastic_n': 88, 'stochastic_d': 14, 'stochastic_lower': 17, 'stochastic_upper': 68, 'en_mfi': False, 'mfi_n': 11, 'mfi_lower': 17, 'mfi_upper': 65, 'en_bollinger': False, 'bollinger_n': 182, 'bollinger_k': 4.300000000000001, 'en_adx': False, 'adx_n': 99, 'adx_threshold': 21, 'en_structure_trend': False, 'structure_trend_swing_l': 14, 'en_order_block': False, 'order_block_swing_l': 19, 'en_fvg': False, 'fvg_lookback': 42, 'en_ifvg': True, 'en_breaker': True, 'breaker_swing_l': 15, 'en_cisd': False, 'k': 4, 'en_cap_bars': False, 'cap_1min': 3}.
[I 2026-07-13 17:42:12,214] Trial 1499 finished with values: [2943.0674288091723, -2650.0, 77.5] and parameters: {'sl_soft': 158.92345486967875, 'sl_hard_delta': 79.12460134926219, 'tp': 196.03928967751625, 'gate_pct': 81.43219065749138, 'dd_limit': 7070.895472661624, 'cooldown': 5, 'flip': True, 'en_ema_trend': False, 'ema_trend_fast': 177, 'ema_trend_slow': 346, 'en_sma_trend': False, 'sma_trend_fast': 221, 'sma_trend_slow': 250, 'en_macd': True, 'macd_fast': 49, 'macd_slow': 63, 'macd_signal': 36, 'en_vwap': True, 'en_keltner': True, 'keltner_n': 17, 'keltner_m': 4.0, 'en_obv': True, 'obv_slope': 160, 'en_cci': True, 'cci_n': 21, 'cci_threshold': 30, 'en_rsi': False, 'rsi_n': 39, 'rsi_lower': 20, 'rsi_upper': 71, 'en_stochastic': True, 'stochastic_n': 88, 'stochastic_d': 14, 'stochastic_lower': 17, 'stochastic_upper': 68, 'en_mfi': False, 'mfi_n': 11, 'mfi_lower': 17, 'mfi_upper': 65, 'en_bollinger': False, 'bollinger_n': 182, 'bollinger_k': 4.300000000000001, 'en_adx': False, 'adx_n': 97, 'adx_threshold': 21, 'en_structure_trend': False, 'structure_trend_swing_l': 14, 'en_order_block': False, 'order_block_swing_l': 19, 'en_fvg': False, 'fvg_lookback': 42, 'en_ifvg': True, 'en_breaker': False, 'breaker_swing_l': 5, 'en_cisd': True, 'k': 4, 'en_cap_bars': False, 'cap_1min': 3}.
[I 2026-07-13 17:42:12,677] Trial 1500 finished with values: [512.6712952981688, -399.6574094036623, 58.5] and parameters: {'sl_soft': 39.62905967140161, 'sl_hard_delta': 29.30242220933063, 'tp': 201.9931862703751, 'gate_pct': 81.43219065749138, 'dd_limit': 7424.489916885895, 'cooldown': 1, 'flip': True, 'en_ema_trend': True, 'ema_trend_fast': 177, 'ema_trend_slow': 361, 'en_sma_trend': False, 'sma_trend_fast': 62, 'sma_trend_slow': 376, 'en_macd': True, 'macd_fast': 71, 'macd_slow': 15, 'macd_signal': 54, 'en_vwap': True, 'en_keltner': True, 'keltner_n': 8, 'keltner_m': 4.0, 'en_obv': True, 'obv_slope': 160, 'en_cci': False, 'cci_n': 137, 'cci_threshold': 30, 'en_rsi': False, 'rsi_n': 39, 'rsi_lower': 7, 'rsi_upper': 71, 'en_stochastic': True, 'stochastic_n': 88, 'stochastic_d': 14, 'stochastic_lower': 17, 'stochastic_upper': 72, 'en_mfi': False, 'mfi_n': 11, 'mfi_lower': 17, 'mfi_upper': 97, 'en_bollinger': False, 'bollinger_n': 45, 'bollinger_k': 4.300000000000001, 'en_adx': False, 'adx_n': 97, 'adx_threshold': 21, 'en_structure_trend': False, 'structure_trend_swing_l': 14, 'en_order_block': False, 'order_block_swing_l': 19, 'en_fvg': False, 'fvg_lookback': 42, 'en_ifvg': True, 'en_breaker': True, 'breaker_swing_l': 15, 'en_cisd': True, 'k': 1, 'en_cap_bars': True, 'cap_1min': 3}.
[I 2026-07-13 17:42:12,961] Trial 1501 pruned. 
[I 2026-07-13 17:42:13,335] Trial 1502 finished with values: [2333.62838414665, -1354.6574094036623, 42.05] and parameters: {'sl_soft': 39.62905967140161, 'sl_hard_delta': 29.30242220933063, 'tp': 196.03928967751625, 'gate_pct': 89.05172352244134, 'dd_limit': 9508.627019250667, 'cooldown': 1, 'flip': True, 'en_ema_trend': False, 'ema_trend_fast': 177, 'ema_trend_slow': 246, 'en_sma_trend': False, 'sma_trend_fast': 221, 'sma_trend_slow': 258, 'en_macd': True, 'macd_fast': 49, 'macd_slow': 63, 'macd_signal': 41, 'en_vwap': False, 'en_keltner': True, 'keltner_n': 17, 'keltner_m': 4.0, 'en_obv': True, 'obv_slope': 160, 'en_cci': True, 'cci_n': 33, 'cci_threshold': 30, 'en_rsi': True, 'rsi_n': 39, 'rsi_lower': 20, 'rsi_upper': 71, 'en_stochastic': True, 'stochastic_n': 88, 'stochastic_d': 14, 'stochastic_lower': 17, 'stochastic_upper': 68, 'en_mfi': False, 'mfi_n': 11, 'mfi_lower': 17, 'mfi_upper': 65, 'en_bollinger': False, 'bollinger_n': 182, 'bollinger_k': 4.300000000000001, 'en_adx': False, 'adx_n': 54, 'adx_threshold': 21, 'en_structure_trend': False, 'structure_trend_swing_l': 14, 'en_order_block': False, 'order_block_swing_l': 10, 'en_fvg': False, 'fvg_lookback': 42, 'en_ifvg': True, 'en_breaker': False, 'breaker_swing_l': 15, 'en_cisd': False, 'k': 4, 'en_cap_bars': False, 'cap_1min': 3}.
[I 2026-07-13 17:42:13,557] Trial 1503 pruned. 
[I 2026-07-13 17:42:14,721] Trial 1504 finished with values: [2424.167423130566, -2619.6574094036623, 41.0] and parameters: {'sl_soft': 39.62905967140161, 'sl_hard_delta': 29.30242220933063, 'tp': 196.03928967751625, 'gate_pct': 81.43219065749138, 'dd_limit': 7070.895472661624, 'cooldown': 1, 'flip': True, 'en_ema_trend': True, 'ema_trend_fast': 177, 'ema_trend_slow': 246, 'en_sma_trend': False, 'sma_trend_fast': 221, 'sma_trend_slow': 250, 'en_macd': True, 'macd_fast': 49, 'macd_slow': 63, 'macd_signal': 41, 'en_vwap': False, 'en_keltner': True, 'keltner_n': 17, 'keltner_m': 4.0, 'en_obv': True, 'obv_slope': 160, 'en_cci': True, 'cci_n': 21, 'cci_threshold': 30, 'en_rsi': True, 'rsi_n': 39, 'rsi_lower': 20, 'rsi_upper': 72, 'en_stochastic': True, 'stochastic_n': 88, 'stochastic_d': 14, 'stochastic_lower': 17, 'stochastic_upper': 68, 'en_mfi': False, 'mfi_n': 11, 'mfi_lower': 17, 'mfi_upper': 65, 'en_bollinger': False, 'bollinger_n': 182, 'bollinger_k': 3.4000000000000004, 'en_adx': False, 'adx_n': 97, 'adx_threshold': 21, 'en_structure_trend': False, 'structure_trend_swing_l': 14, 'en_order_block': True, 'order_block_swing_l': 10, 'en_fvg': False, 'fvg_lookback': 42, 'en_ifvg': False, 'en_breaker': True, 'breaker_swing_l': 15, 'en_cisd': True, 'k': 4, 'en_cap_bars': False, 'cap_1min': 3}.
[I 2026-07-13 17:42:15,033] Trial 1505 finished with values: [3296.276914519258, -2104.803551612422, 64.4] and parameters: {'sl_soft': 158.92345486967875, 'sl_hard_delta': 230.40100220722044, 'tp': 196.03928967751625, 'gate_pct': 81.43219065749138, 'dd_limit': 7070.895472661624, 'cooldown': 1, 'flip': True, 'en_ema_trend': False, 'ema_trend_fast': 177, 'ema_trend_slow': 346, 'en_sma_trend': False, 'sma_trend_fast': 221, 'sma_trend_slow': 250, 'en_macd': False, 'macd_fast': 71, 'macd_slow': 63, 'macd_signal': 36, 'en_vwap': True, 'en_keltner': True, 'keltner_n': 17, 'keltner_m': 4.0, 'en_obv': True, 'obv_slope': 160, 'en_cci': True, 'cci_n': 21, 'cci_threshold': 205, 'en_rsi': False, 'rsi_n': 39, 'rsi_lower': 20, 'rsi_upper': 59, 'en_stochastic': True, 'stochastic_n': 88, 'stochastic_d': 44, 'stochastic_lower': 17, 'stochastic_upper': 68, 'en_mfi': False, 'mfi_n': 11, 'mfi_lower': 17, 'mfi_upper': 65, 'en_bollinger': False, 'bollinger_n': 182, 'bollinger_k': 4.300000000000001, 'en_adx': False, 'adx_n': 99, 'adx_threshold': 21, 'en_structure_trend': False, 'structure_trend_swing_l': 14, 'en_order_block': False, 'order_block_swing_l': 19, 'en_fvg': False, 'fvg_lookback': 42, 'en_ifvg': True, 'en_breaker': False, 'breaker_swing_l': 15, 'en_cisd': True, 'k': 4, 'en_cap_bars': False, 'cap_1min': 3}.
[I 2026-07-13 17:42:16,804] Trial 1506 pruned. 
[I 2026-07-13 17:42:19,642] Trial 1507 pruned. 
[I 2026-07-13 17:42:20,043] Trial 1508 finished with values: [3415.9092153122765, -1947.474802431825, 66.95] and parameters: {'sl_soft': 158.92345486967875, 'sl_hard_delta': 18.57150561668505, 'tp': 196.03928967751625, 'gate_pct': 81.43219065749138, 'dd_limit': 7424.489916885895, 'cooldown': 5, 'flip': True, 'en_ema_trend': False, 'ema_trend_fast': 177, 'ema_trend_slow': 346, 'en_sma_trend': False, 'sma_trend_fast': 221, 'sma_trend_slow': 250, 'en_macd': True, 'macd_fast': 71, 'macd_slow': 63, 'macd_signal': 41, 'en_vwap': False, 'en_keltner': True, 'keltner_n': 17, 'keltner_m': 4.0, 'en_obv': True, 'obv_slope': 160, 'en_cci': False, 'cci_n': 21, 'cci_threshold': 205, 'en_rsi': True, 'rsi_n': 39, 'rsi_lower': 20, 'rsi_upper': 71, 'en_stochastic': True, 'stochastic_n': 88, 'stochastic_d': 14, 'stochastic_lower': 17, 'stochastic_upper': 68, 'en_mfi': False, 'mfi_n': 11, 'mfi_lower': 17, 'mfi_upper': 65, 'en_bollinger': False, 'bollinger_n': 182, 'bollinger_k': 4.300000000000001, 'en_adx': False, 'adx_n': 54, 'adx_threshold': 21, 'en_structure_trend': False, 'structure_trend_swing_l': 14, 'en_order_block': False, 'order_block_swing_l': 10, 'en_fvg': False, 'fvg_lookback': 42, 'en_ifvg': True, 'en_breaker': True, 'breaker_swing_l': 13, 'en_cisd': True, 'k': 4, 'en_cap_bars': False, 'cap_1min': 3}.
