[I 2026-07-13 17:54:19,675] Trial 1647 finished with values: [225.0, -170.0, 65.35] and parameters: {'sl_soft': 10.245954328680858, 'sl_hard_delta': 18.132241751897425, 'tp': 27.72259577195913, 'gate_pct': 42.37120833684469, 'dd_limit': 3719.9389583336606, 'cooldown': 11, 'flip': False, 'en_ema_trend': False, 'ema_trend_fast': 248, 'ema_trend_slow': 346, 'en_sma_trend': True, 'sma_trend_fast': 347, 'sma_trend_slow': 57, 'en_macd': True, 'macd_fast': 69, 'macd_slow': 63, 'macd_signal': 25, 'en_vwap': True, 'en_keltner': True, 'keltner_n': 3, 'keltner_m': 3.4000000000000004, 'en_obv': True, 'obv_slope': 160, 'en_cci': False, 'cci_n': 117, 'cci_threshold': 300, 'en_rsi': True, 'rsi_n': 52, 'rsi_lower': 20, 'rsi_upper': 75, 'en_stochastic': False, 'stochastic_n': 63, 'stochastic_d': 9, 'stochastic_lower': 40, 'stochastic_upper': 60, 'en_mfi': False, 'mfi_n': 90, 'mfi_lower': 7, 'mfi_upper': 65, 'en_bollinger': False, 'bollinger_n': 96, 'bollinger_k': 4.6000000000000005, 'en_adx': True, 'adx_n': 72, 'adx_threshold': 7, 'en_structure_trend': False, 'structure_trend_swing_l': 11, 'en_order_block': True, 'order_block_swing_l': 5, 'en_fvg': False, 'fvg_lookback': 42, 'en_ifvg': True, 'en_breaker': True, 'breaker_swing_l': 20, 'en_cisd': False, 'k': 5, 'en_cap_bars': True, 'cap_1min': 3}.
[I 2026-07-13 17:54:20,068] Trial 1648 finished with values: [235.5306641215975, -638.3339128834268, 53.1] and parameters: {'sl_soft': 14.189499714318956, 'sl_hard_delta': 18.132241751897425, 'tp': 23.976700355745017, 'gate_pct': 42.37120833684469, 'dd_limit': 3490.253011738878, 'cooldown': 24, 'flip': False, 'en_ema_trend': False, 'ema_trend_fast': 41, 'ema_trend_slow': 346, 'en_sma_trend': True, 'sma_trend_fast': 395, 'sma_trend_slow': 57, 'en_macd': True, 'macd_fast': 69, 'macd_slow': 63, 'macd_signal': 41, 'en_vwap': True, 'en_keltner': True, 'keltner_n': 3, 'keltner_m': 4.0, 'en_obv': True, 'obv_slope': 160, 'en_cci': False, 'cci_n': 112, 'cci_threshold': 80, 'en_rsi': True, 'rsi_n': 52, 'rsi_lower': 27, 'rsi_upper': 75, 'en_stochastic': False, 'stochastic_n': 66, 'stochastic_d': 9, 'stochastic_lower': 40, 'stochastic_upper': 60, 'en_mfi': False, 'mfi_n': 90, 'mfi_lower': 7, 'mfi_upper': 65, 'en_bollinger': False, 'bollinger_n': 96, 'bollinger_k': 4.6000000000000005, 'en_adx': True, 'adx_n': 56, 'adx_threshold': 7, 'en_structure_trend': False, 'structure_trend_swing_l': 16, 'en_order_block': True, 'order_block_swing_l': 18, 'en_fvg': False, 'fvg_lookback': 42, 'en_ifvg': True, 'en_breaker': True, 'breaker_swing_l': 18, 'en_cisd': False, 'k': 5, 'en_cap_bars': True, 'cap_1min': 656}.
[I 2026-07-13 17:54:20,460] Trial 1649 finished with values: [445.7933179934844, -561.5560030862252, 46.65] and parameters: {'sl_soft': 10.245954328680858, 'sl_hard_delta': 18.132241751897425, 'tp': 27.72259577195913, 'gate_pct': 42.37120833684469, 'dd_limit': 3719.9389583336606, 'cooldown': 22, 'flip': False, 'en_ema_trend': False, 'ema_trend_fast': 41, 'ema_trend_slow': 346, 'en_sma_trend': True, 'sma_trend_fast': 7, 'sma_trend_slow': 57, 'en_macd': True, 'macd_fast': 69, 'macd_slow': 63, 'macd_signal': 41, 'en_vwap': True, 'en_keltner': True, 'keltner_n': 3, 'keltner_m': 4.0, 'en_obv': True, 'obv_slope': 160, 'en_cci': False, 'cci_n': 117, 'cci_threshold': 300, 'en_rsi': True, 'rsi_n': 37, 'rsi_lower': 47, 'rsi_upper': 75, 'en_stochastic': False, 'stochastic_n': 66, 'stochastic_d': 9, 'stochastic_lower': 40, 'stochastic_upper': 60, 'en_mfi': False, 'mfi_n': 90, 'mfi_lower': 7, 'mfi_upper': 65, 'en_bollinger': False, 'bollinger_n': 96, 'bollinger_k': 4.6000000000000005, 'en_adx': True, 'adx_n': 60, 'adx_threshold': 7, 'en_structure_trend': False, 'structure_trend_swing_l': 14, 'en_order_block': True, 'order_block_swing_l': 5, 'en_fvg': False, 'fvg_lookback': 42, 'en_ifvg': True, 'en_breaker': True, 'breaker_swing_l': 14, 'en_cisd': False, 'k': 5, 'en_cap_bars': True, 'cap_1min': 1381}.
[I 2026-07-13 17:54:20,945] Trial 1650 finished with values: [-188.52998117445168, -395.0, 27.5] and parameters: {'sl_soft': 10.245954328680858, 'sl_hard_delta': 18.132241751897425, 'tp': 27.72259577195913, 'gate_pct': 42.37120833684469, 'dd_limit': 3719.9389583336606, 'cooldown': 22, 'flip': True, 'en_ema_trend': False, 'ema_trend_fast': 293, 'ema_trend_slow': 104, 'en_sma_trend': True, 'sma_trend_fast': 7, 'sma_trend_slow': 57, 'en_macd': True, 'macd_fast': 69, 'macd_slow': 63, 'macd_signal': 41, 'en_vwap': True, 'en_keltner': True, 'keltner_n': 3, 'keltner_m': 4.0, 'en_obv': True, 'obv_slope': 188, 'en_cci': False, 'cci_n': 117, 'cci_threshold': 155, 'en_rsi': True, 'rsi_n': 52, 'rsi_lower': 47, 'rsi_upper': 54, 'en_stochastic': False, 'stochastic_n': 66, 'stochastic_d': 9, 'stochastic_lower': 40, 'stochastic_upper': 60, 'en_mfi': False, 'mfi_n': 90, 'mfi_lower': 20, 'mfi_upper': 65, 'en_bollinger': False, 'bollinger_n': 96, 'bollinger_k': 4.6000000000000005, 'en_adx': True, 'adx_n': 56, 'adx_threshold': 7, 'en_structure_trend': False, 'structure_trend_swing_l': 14, 'en_order_block': True, 'order_block_swing_l': 5, 'en_fvg': False, 'fvg_lookback': 42, 'en_ifvg': True, 'en_breaker': True, 'breaker_swing_l': 18, 'en_cisd': True, 'k': 5, 'en_cap_bars': True, 'cap_1min': 3}.
[I 2026-07-13 17:54:21,344] Trial 1651 finished with values: [312.5, -135.0, 64.4] and parameters: {'sl_soft': 16.517795206603473, 'sl_hard_delta': 18.132241751897425, 'tp': 27.72259577195913, 'gate_pct': 42.37120833684469, 'dd_limit': 3719.9389583336606, 'cooldown': 9, 'flip': False, 'en_ema_trend': False, 'ema_trend_fast': 41, 'ema_trend_slow': 104, 'en_sma_trend': True, 'sma_trend_fast': 7, 'sma_trend_slow': 57, 'en_macd': True, 'macd_fast': 69, 'macd_slow': 63, 'macd_signal': 41, 'en_vwap': True, 'en_keltner': True, 'keltner_n': 3, 'keltner_m': 4.0, 'en_obv': True, 'obv_slope': 160, 'en_cci': False, 'cci_n': 117, 'cci_threshold': 300, 'en_rsi': True, 'rsi_n': 52, 'rsi_lower': 20, 'rsi_upper': 75, 'en_stochastic': False, 'stochastic_n': 63, 'stochastic_d': 9, 'stochastic_lower': 40, 'stochastic_upper': 60, 'en_mfi': False, 'mfi_n': 90, 'mfi_lower': 20, 'mfi_upper': 65, 'en_bollinger': False, 'bollinger_n': 107, 'bollinger_k': 4.6000000000000005, 'en_adx': True, 'adx_n': 85, 'adx_threshold': 7, 'en_structure_trend': False, 'structure_trend_swing_l': 14, 'en_order_block': True, 'order_block_swing_l': 2, 'en_fvg': False, 'fvg_lookback': 42, 'en_ifvg': True, 'en_breaker': True, 'breaker_swing_l': 20, 'en_cisd': True, 'k': 5, 'en_cap_bars': True, 'cap_1min': 3}.
[I 2026-07-13 17:54:21,668] Trial 1652 finished with values: [391.6262633403494, -270.0, 51.2] and parameters: {'sl_soft': 10.245954328680858, 'sl_hard_delta': 18.132241751897425, 'tp': 23.976700355745017, 'gate_pct': 45.98205069731719, 'dd_limit': 7732.124461539199, 'cooldown': 9, 'flip': False, 'en_ema_trend': False, 'ema_trend_fast': 41, 'ema_trend_slow': 346, 'en_sma_trend': True, 'sma_trend_fast': 395, 'sma_trend_slow': 57, 'en_macd': True, 'macd_fast': 69, 'macd_slow': 63, 'macd_signal': 12, 'en_vwap': True, 'en_keltner': True, 'keltner_n': 3, 'keltner_m': 4.0, 'en_obv': True, 'obv_slope': 188, 'en_cci': False, 'cci_n': 117, 'cci_threshold': 80, 'en_rsi': True, 'rsi_n': 37, 'rsi_lower': 27, 'rsi_upper': 54, 'en_stochastic': False, 'stochastic_n': 15, 'stochastic_d': 9, 'stochastic_lower': 16, 'stochastic_upper': 60, 'en_mfi': False, 'mfi_n': 42, 'mfi_lower': 20, 'mfi_upper': 65, 'en_bollinger': False, 'bollinger_n': 96, 'bollinger_k': 4.6000000000000005, 'en_adx': True, 'adx_n': 60, 'adx_threshold': 7, 'en_structure_trend': False, 'structure_trend_swing_l': 16, 'en_order_block': True, 'order_block_swing_l': 18, 'en_fvg': False, 'fvg_lookback': 42, 'en_ifvg': True, 'en_breaker': True, 'breaker_swing_l': 18, 'en_cisd': False, 'k': 5, 'en_cap_bars': True, 'cap_1min': 107}.
[I 2026-07-13 17:54:21,996] Trial 1653 finished with values: [345.0, -130.0, 64.4] and parameters: {'sl_soft': 10.245954328680858, 'sl_hard_delta': 18.132241751897425, 'tp': 27.72259577195913, 'gate_pct': 42.37120833684469, 'dd_limit': 3719.9389583336606, 'cooldown': 22, 'flip': False, 'en_ema_trend': False, 'ema_trend_fast': 41, 'ema_trend_slow': 346, 'en_sma_trend': True, 'sma_trend_fast': 7, 'sma_trend_slow': 57, 'en_macd': True, 'macd_fast': 69, 'macd_slow': 63, 'macd_signal': 41, 'en_vwap': True, 'en_keltner': True, 'keltner_n': 3, 'keltner_m': 4.0, 'en_obv': True, 'obv_slope': 160, 'en_cci': False, 'cci_n': 117, 'cci_threshold': 300, 'en_rsi': True, 'rsi_n': 52, 'rsi_lower': 20, 'rsi_upper': 75, 'en_stochastic': False, 'stochastic_n': 66, 'stochastic_d': 9, 'stochastic_lower': 40, 'stochastic_upper': 60, 'en_mfi': False, 'mfi_n': 90, 'mfi_lower': 7, 'mfi_upper': 65, 'en_bollinger': False, 'bollinger_n': 96, 'bollinger_k': 4.6000000000000005, 'en_adx': True, 'adx_n': 85, 'adx_threshold': 7, 'en_structure_trend': False, 'structure_trend_swing_l': 11, 'en_order_block': True, 'order_block_swing_l': 2, 'en_fvg': False, 'fvg_lookback': 42, 'en_ifvg': True, 'en_breaker': True, 'breaker_swing_l': 20, 'en_cisd': True, 'k': 5, 'en_cap_bars': True, 'cap_1min': 3}.
[I 2026-07-13 17:54:22,418] Trial 1654 finished with values: [348.986828563593, -605.168981946008, 45.6] and parameters: {'sl_soft': 10.245954328680858, 'sl_hard_delta': 18.132241751897425, 'tp': 27.72259577195913, 'gate_pct': 42.37120833684469, 'dd_limit': 3719.9389583336606, 'cooldown': 22, 'flip': False, 'en_ema_trend': False, 'ema_trend_fast': 41, 'ema_trend_slow': 346, 'en_sma_trend': False, 'sma_trend_fast': 7, 'sma_trend_slow': 57, 'en_macd': True, 'macd_fast': 69, 'macd_slow': 63, 'macd_signal': 25, 'en_vwap': True, 'en_keltner': True, 'keltner_n': 3, 'keltner_m': 3.4000000000000004, 'en_obv': True, 'obv_slope': 160, 'en_cci': False, 'cci_n': 117, 'cci_threshold': 300, 'en_rsi': True, 'rsi_n': 52, 'rsi_lower': 20, 'rsi_upper': 75, 'en_stochastic': False, 'stochastic_n': 66, 'stochastic_d': 9, 'stochastic_lower': 40, 'stochastic_upper': 53, 'en_mfi': False, 'mfi_n': 90, 'mfi_lower': 7, 'mfi_upper': 65, 'en_bollinger': False, 'bollinger_n': 96, 'bollinger_k': 4.6000000000000005, 'en_adx': True, 'adx_n': 56, 'adx_threshold': 7, 'en_structure_trend': False, 'structure_trend_swing_l': 11, 'en_order_block': True, 'order_block_swing_l': 2, 'en_fvg': False, 'fvg_lookback': 42, 'en_ifvg': True, 'en_breaker': True, 'breaker_swing_l': 14, 'en_cisd': False, 'k': 1, 'en_cap_bars': True, 'cap_1min': 656}.
[I 2026-07-13 17:54:22,847] Trial 1655 finished with values: [39.069896993278235, -492.4732476385907, 49.75] and parameters: {'sl_soft': 11.828074798855372, 'sl_hard_delta': 4.209268042123824, 'tp': 15.280478680365094, 'gate_pct': 42.37120833684469, 'dd_limit': 3719.9389583336606, 'cooldown': 9, 'flip': False, 'en_ema_trend': True, 'ema_trend_fast': 41, 'ema_trend_slow': 346, 'en_sma_trend': False, 'sma_trend_fast': 395, 'sma_trend_slow': 57, 'en_macd': True, 'macd_fast': 30, 'macd_slow': 94, 'macd_signal': 61, 'en_vwap': True, 'en_keltner': True, 'keltner_n': 3, 'keltner_m': 3.4000000000000004, 'en_obv': True, 'obv_slope': 188, 'en_cci': False, 'cci_n': 88, 'cci_threshold': 300, 'en_rsi': True, 'rsi_n': 37, 'rsi_lower': 24, 'rsi_upper': 75, 'en_stochastic': False, 'stochastic_n': 66, 'stochastic_d': 9, 'stochastic_lower': 2, 'stochastic_upper': 60, 'en_mfi': True, 'mfi_n': 42, 'mfi_lower': 31, 'mfi_upper': 65, 'en_bollinger': False, 'bollinger_n': 137, 'bollinger_k': 4.6000000000000005, 'en_adx': True, 'adx_n': 85, 'adx_threshold': 7, 'en_structure_trend': True, 'structure_trend_swing_l': 4, 'en_order_block': False, 'order_block_swing_l': 2, 'en_fvg': False, 'fvg_lookback': 42, 'en_ifvg': True, 'en_breaker': True, 'breaker_swing_l': 20, 'en_cisd': True, 'k': 4, 'en_cap_bars': True, 'cap_1min': 929}.
[I 2026-07-13 17:54:24,216] Trial 1656 finished with values: [446.6527918310203, -623.8984590270775, 54.75] and parameters: {'sl_soft': 10.245954328680858, 'sl_hard_delta': 18.132241751897425, 'tp': 23.976700355745017, 'gate_pct': 42.37120833684469, 'dd_limit': 7732.124461539199, 'cooldown': 9, 'flip': False, 'en_ema_trend': False, 'ema_trend_fast': 41, 'ema_trend_slow': 346, 'en_sma_trend': True, 'sma_trend_fast': 7, 'sma_trend_slow': 57, 'en_macd': True, 'macd_fast': 51, 'macd_slow': 63, 'macd_signal': 41, 'en_vwap': True, 'en_keltner': True, 'keltner_n': 3, 'keltner_m': 4.0, 'en_obv': True, 'obv_slope': 188, 'en_cci': False, 'cci_n': 117, 'cci_threshold': 300, 'en_rsi': True, 'rsi_n': 46, 'rsi_lower': 20, 'rsi_upper': 75, 'en_stochastic': False, 'stochastic_n': 66, 'stochastic_d': 27, 'stochastic_lower': 40, 'stochastic_upper': 60, 'en_mfi': False, 'mfi_n': 90, 'mfi_lower': 7, 'mfi_upper': 65, 'en_bollinger': False, 'bollinger_n': 96, 'bollinger_k': 4.6000000000000005, 'en_adx': True, 'adx_n': 56, 'adx_threshold': 7, 'en_structure_trend': False, 'structure_trend_swing_l': 11, 'en_order_block': True, 'order_block_swing_l': 2, 'en_fvg': False, 'fvg_lookback': 42, 'en_ifvg': True, 'en_breaker': True, 'breaker_swing_l': 10, 'en_cisd': True, 'k': 5, 'en_cap_bars': True, 'cap_1min': 107}.
[I 2026-07-13 17:54:24,800] Trial 1657 finished with values: [608.2103203081533, -185.0, 55.0] and parameters: {'sl_soft': 10.245954328680858, 'sl_hard_delta': 35.817082471667995, 'tp': 27.72259577195913, 'gate_pct': 42.37120833684469, 'dd_limit': 9508.627019250667, 'cooldown': 22, 'flip': False, 'en_ema_trend': False, 'ema_trend_fast': 41, 'ema_trend_slow': 383, 'en_sma_trend': True, 'sma_trend_fast': 17, 'sma_trend_slow': 57, 'en_macd': True, 'macd_fast': 69, 'macd_slow': 63, 'macd_signal': 41, 'en_vwap': True, 'en_keltner': True, 'keltner_n': 3, 'keltner_m': 4.0, 'en_obv': True, 'obv_slope': 160, 'en_cci': False, 'cci_n': 117, 'cci_threshold': 300, 'en_rsi': True, 'rsi_n': 37, 'rsi_lower': 47, 'rsi_upper': 54, 'en_stochastic': False, 'stochastic_n': 36, 'stochastic_d': 9, 'stochastic_lower': 40, 'stochastic_upper': 60, 'en_mfi': False, 'mfi_n': 90, 'mfi_lower': 7, 'mfi_upper': 65, 'en_bollinger': False, 'bollinger_n': 96, 'bollinger_k': 4.6000000000000005, 'en_adx': True, 'adx_n': 56, 'adx_threshold': 7, 'en_structure_trend': False, 'structure_trend_swing_l': 11, 'en_order_block': True, 'order_block_swing_l': 18, 'en_fvg': False, 'fvg_lookback': 42, 'en_ifvg': True, 'en_breaker': True, 'breaker_swing_l': 20, 'en_cisd': True, 'k': 5, 'en_cap_bars': True, 'cap_1min': 1381}.
[I 2026-07-13 17:54:25,181] Trial 1658 finished with values: [136.80648942989137, -100.0, 56.8] and parameters: {'sl_soft': 10.245954328680858, 'sl_hard_delta': 18.132241751897425, 'tp': 27.72259577195913, 'gate_pct': 42.37120833684469, 'dd_limit': 4207.99661406946, 'cooldown': 27, 'flip': False, 'en_ema_trend': False, 'ema_trend_fast': 41, 'ema_trend_slow': 383, 'en_sma_trend': True, 'sma_trend_fast': 7, 'sma_trend_slow': 57, 'en_macd': True, 'macd_fast': 51, 'macd_slow': 63, 'macd_signal': 41, 'en_vwap': True, 'en_keltner': True, 'keltner_n': 3, 'keltner_m': 4.0, 'en_obv': True, 'obv_slope': 160, 'en_cci': False, 'cci_n': 117, 'cci_threshold': 300, 'en_rsi': True, 'rsi_n': 37, 'rsi_lower': 47, 'rsi_upper': 54, 'en_stochastic': False, 'stochastic_n': 66, 'stochastic_d': 9, 'stochastic_lower': 40, 'stochastic_upper': 60, 'en_mfi': False, 'mfi_n': 90, 'mfi_lower': 7, 'mfi_upper': 65, 'en_bollinger': False, 'bollinger_n': 96, 'bollinger_k': 4.6000000000000005, 'en_adx': True, 'adx_n': 56, 'adx_threshold': 7, 'en_structure_trend': False, 'structure_trend_swing_l': 11, 'en_order_block': True, 'order_block_swing_l': 18, 'en_fvg': False, 'fvg_lookback': 42, 'en_ifvg': True, 'en_breaker': True, 'breaker_swing_l': 10, 'en_cisd': True, 'k': 5, 'en_cap_bars': True, 'cap_1min': 3}.
[I 2026-07-13 17:54:25,654] Trial 1659 pruned. 
[I 2026-07-13 17:54:26,112] Trial 1660 finished with values: [292.5, -316.89098040289537, 58.85] and parameters: {'sl_soft': 10.245954328680858, 'sl_hard_delta': 18.132241751897425, 'tp': 27.72259577195913, 'gate_pct': 42.37120833684469, 'dd_limit': 7732.124461539199, 'cooldown': 27, 'flip': False, 'en_ema_trend': False, 'ema_trend_fast': 9, 'ema_trend_slow': 346, 'en_sma_trend': True, 'sma_trend_fast': 224, 'sma_trend_slow': 57, 'en_macd': True, 'macd_fast': 51, 'macd_slow': 63, 'macd_signal': 41, 'en_vwap': True, 'en_keltner': True, 'keltner_n': 3, 'keltner_m': 4.0, 'en_obv': True, 'obv_slope': 188, 'en_cci': False, 'cci_n': 117, 'cci_threshold': 80, 'en_rsi': True, 'rsi_n': 13, 'rsi_lower': 20, 'rsi_upper': 75, 'en_stochastic': False, 'stochastic_n': 66, 'stochastic_d': 9, 'stochastic_lower': 16, 'stochastic_upper': 60, 'en_mfi': False, 'mfi_n': 42, 'mfi_lower': 20, 'mfi_upper': 65, 'en_bollinger': False, 'bollinger_n': 96, 'bollinger_k': 4.6000000000000005, 'en_adx': True, 'adx_n': 60, 'adx_threshold': 7, 'en_structure_trend': False, 'structure_trend_swing_l': 11, 'en_order_block': True, 'order_block_swing_l': 18, 'en_fvg': False, 'fvg_lookback': 42, 'en_ifvg': True, 'en_breaker': True, 'breaker_swing_l': 18, 'en_cisd': False, 'k': 5, 'en_cap_bars': True, 'cap_1min': 3}.
[I 2026-07-13 17:54:26,514] Trial 1661 finished with values: [332.5, -160.0, 62.85] and parameters: {'sl_soft': 10.245954328680858, 'sl_hard_delta': 18.132241751897425, 'tp': 27.72259577195913, 'gate_pct': 42.37120833684469, 'dd_limit': 3490.253011738878, 'cooldown': 22, 'flip': False, 'en_ema_trend': False, 'ema_trend_fast': 293, 'ema_trend_slow': 346, 'en_sma_trend': True, 'sma_trend_fast': 7, 'sma_trend_slow': 57, 'en_macd': True, 'macd_fast': 69, 'macd_slow': 63, 'macd_signal': 41, 'en_vwap': True, 'en_keltner': True, 'keltner_n': 3, 'keltner_m': 4.0, 'en_obv': True, 'obv_slope': 160, 'en_cci': False, 'cci_n': 117, 'cci_threshold': 155, 'en_rsi': True, 'rsi_n': 52, 'rsi_lower': 20, 'rsi_upper': 59, 'en_stochastic': False, 'stochastic_n': 66, 'stochastic_d': 9, 'stochastic_lower': 40, 'stochastic_upper': 60, 'en_mfi': False, 'mfi_n': 90, 'mfi_lower': 7, 'mfi_upper': 65, 'en_bollinger': False, 'bollinger_n': 96, 'bollinger_k': 4.6000000000000005, 'en_adx': True, 'adx_n': 56, 'adx_threshold': 7, 'en_structure_trend': False, 'structure_trend_swing_l': 11, 'en_order_block': True, 'order_block_swing_l': 5, 'en_fvg': False, 'fvg_lookback': 42, 'en_ifvg': True, 'en_breaker': True, 'breaker_swing_l': 14, 'en_cisd': True, 'k': 1, 'en_cap_bars': True, 'cap_1min': 3}.
[I 2026-07-13 17:54:27,143] Trial 1662 finished with values: [-275.5281380951601, -2542.2492539561063, 43.2] and parameters: {'sl_soft': 11.828074798855372, 'sl_hard_delta': 18.132241751897425, 'tp': 27.72259577195913, 'gate_pct': 77.7098229275783, 'dd_limit': 3617.657841686699, 'cooldown': 8, 'flip': True, 'en_ema_trend': True, 'ema_trend_fast': 41, 'ema_trend_slow': 104, 'en_sma_trend': True, 'sma_trend_fast': 395, 'sma_trend_slow': 57, 'en_macd': True, 'macd_fast': 69, 'macd_slow': 63, 'macd_signal': 41, 'en_vwap': True, 'en_keltner': True, 'keltner_n': 3, 'keltner_m': 2.5, 'en_obv': True, 'obv_slope': 188, 'en_cci': False, 'cci_n': 117, 'cci_threshold': 120, 'en_rsi': False, 'rsi_n': 52, 'rsi_lower': 7, 'rsi_upper': 86, 'en_stochastic': False, 'stochastic_n': 66, 'stochastic_d': 12, 'stochastic_lower': 2, 'stochastic_upper': 67, 'en_mfi': False, 'mfi_n': 42, 'mfi_lower': 20, 'mfi_upper': 62, 'en_bollinger': False, 'bollinger_n': 96, 'bollinger_k': 1.7000000000000002, 'en_adx': True, 'adx_n': 60, 'adx_threshold': 7, 'en_structure_trend': False, 'structure_trend_swing_l': 14, 'en_order_block': False, 'order_block_swing_l': 5, 'en_fvg': True, 'fvg_lookback': 24, 'en_ifvg': True, 'en_breaker': True, 'breaker_swing_l': 18, 'en_cisd': True, 'k': 5, 'en_cap_bars': True, 'cap_1min': 929}.
[I 2026-07-13 17:54:27,568] Trial 1663 finished with values: [-127.25979306504087, -807.0799751863524, 54.55] and parameters: {'sl_soft': 10.245954328680858, 'sl_hard_delta': 18.132241751897425, 'tp': 15.280478680365094, 'gate_pct': 77.7098229275783, 'dd_limit': 3719.9389583336606, 'cooldown': 9, 'flip': True, 'en_ema_trend': False, 'ema_trend_fast': 41, 'ema_trend_slow': 85, 'en_sma_trend': False, 'sma_trend_fast': 7, 'sma_trend_slow': 57, 'en_macd': True, 'macd_fast': 69, 'macd_slow': 94, 'macd_signal': 41, 'en_vwap': True, 'en_keltner': True, 'keltner_n': 3, 'keltner_m': 4.0, 'en_obv': True, 'obv_slope': 160, 'en_cci': False, 'cci_n': 88, 'cci_threshold': 120, 'en_rsi': False, 'rsi_n': 48, 'rsi_lower': 7, 'rsi_upper': 75, 'en_stochastic': False, 'stochastic_n': 66, 'stochastic_d': 9, 'stochastic_lower': 2, 'stochastic_upper': 60, 'en_mfi': True, 'mfi_n': 90, 'mfi_lower': 7, 'mfi_upper': 62, 'en_bollinger': True, 'bollinger_n': 96, 'bollinger_k': 4.6000000000000005, 'en_adx': False, 'adx_n': 59, 'adx_threshold': 30, 'en_structure_trend': True, 'structure_trend_swing_l': 14, 'en_order_block': False, 'order_block_swing_l': 13, 'en_fvg': True, 'fvg_lookback': 42, 'en_ifvg': True, 'en_breaker': True, 'breaker_swing_l': 19, 'en_cisd': True, 'k': 5, 'en_cap_bars': True, 'cap_1min': 656}.
