[I 2026-07-13 17:29:35,388] Trial 333 finished with values: [70.9291503104032, -224.93993941825465, 33.3] and parameters: {'sl_soft': 12.334463733650468, 'sl_hard_delta': 2.661532227567695, 'tp': 33.53844943795319, 'gate_pct': 52.7932312951505, 'dd_limit': 7394.721751419064, 'cooldown': 14, 'flip': False, 'en_ema_trend': False, 'ema_trend_fast': 389, 'ema_trend_slow': 334, 'en_sma_trend': False, 'sma_trend_fast': 70, 'sma_trend_slow': 249, 'en_macd': False, 'macd_fast': 88, 'macd_slow': 167, 'macd_signal': 21, 'en_vwap': False, 'en_keltner': False, 'keltner_n': 74, 'keltner_m': 0.9, 'en_obv': True, 'obv_slope': 177, 'en_cci': True, 'cci_n': 158, 'cci_threshold': 45, 'en_rsi': False, 'rsi_n': 19, 'rsi_lower': 38, 'rsi_upper': 55, 'en_stochastic': True, 'stochastic_n': 69, 'stochastic_d': 50, 'stochastic_lower': 27, 'stochastic_upper': 72, 'en_mfi': True, 'mfi_n': 45, 'mfi_lower': 48, 'mfi_upper': 59, 'en_bollinger': True, 'bollinger_n': 91, 'bollinger_k': 1.9000000000000001, 'en_adx': False, 'adx_n': 35, 'adx_threshold': 27, 'en_structure_trend': True, 'structure_trend_swing_l': 17, 'en_order_block': False, 'order_block_swing_l': 12, 'en_fvg': False, 'fvg_lookback': 38, 'en_ifvg': True, 'en_breaker': True, 'breaker_swing_l': 15, 'en_cisd': False, 'k': 4, 'en_cap_bars': True, 'cap_1min': 859}.
[I 2026-07-13 17:29:35,825] Trial 334 pruned. 
[I 2026-07-13 17:29:36,222] Trial 335 pruned. 
[I 2026-07-13 17:29:37,372] Trial 336 finished with values: [287.87528559405473, -1290.5175465230786, 49.75] and parameters: {'sl_soft': 22.60386053589123, 'sl_hard_delta': 22.93534702460803, 'tp': 41.7178491279398, 'gate_pct': 37.39778324297737, 'dd_limit': 9592.055300611895, 'cooldown': 34, 'flip': False, 'en_ema_trend': False, 'ema_trend_fast': 196, 'ema_trend_slow': 99, 'en_sma_trend': False, 'sma_trend_fast': 109, 'sma_trend_slow': 242, 'en_macd': False, 'macd_fast': 25, 'macd_slow': 172, 'macd_signal': 36, 'en_vwap': True, 'en_keltner': False, 'keltner_n': 3, 'keltner_m': 3.3000000000000003, 'en_obv': True, 'obv_slope': 188, 'en_cci': False, 'cci_n': 156, 'cci_threshold': 300, 'en_rsi': False, 'rsi_n': 52, 'rsi_lower': 13, 'rsi_upper': 57, 'en_stochastic': False, 'stochastic_n': 66, 'stochastic_d': 50, 'stochastic_lower': 40, 'stochastic_upper': 71, 'en_mfi': True, 'mfi_n': 80, 'mfi_lower': 31, 'mfi_upper': 70, 'en_bollinger': False, 'bollinger_n': 104, 'bollinger_k': 3.9000000000000004, 'en_adx': False, 'adx_n': 62, 'adx_threshold': 7, 'en_structure_trend': True, 'structure_trend_swing_l': 4, 'en_order_block': False, 'order_block_swing_l': 18, 'en_fvg': False, 'fvg_lookback': 31, 'en_ifvg': True, 'en_breaker': True, 'breaker_swing_l': 19, 'en_cisd': False, 'k': 2, 'en_cap_bars': False, 'cap_1min': 652}.
[I 2026-07-13 17:29:45,150] Trial 337 finished with values: [260.85128644093857, -449.75496327017026, 60.6] and parameters: {'sl_soft': 15.029901346125646, 'sl_hard_delta': 11.445594980891276, 'tp': 23.976700355745017, 'gate_pct': 33.41518335180748, 'dd_limit': 9308.14469807598, 'cooldown': 8, 'flip': True, 'en_ema_trend': False, 'ema_trend_fast': 104, 'ema_trend_slow': 311, 'en_sma_trend': False, 'sma_trend_fast': 395, 'sma_trend_slow': 197, 'en_macd': True, 'macd_fast': 24, 'macd_slow': 94, 'macd_signal': 34, 'en_vwap': True, 'en_keltner': True, 'keltner_n': 115, 'keltner_m': 4.300000000000001, 'en_obv': True, 'obv_slope': 15, 'en_cci': True, 'cci_n': 182, 'cci_threshold': 120, 'en_rsi': False, 'rsi_n': 17, 'rsi_lower': 39, 'rsi_upper': 98, 'en_stochastic': True, 'stochastic_n': 14, 'stochastic_d': 13, 'stochastic_lower': 2, 'stochastic_upper': 54, 'en_mfi': False, 'mfi_n': 41, 'mfi_lower': 10, 'mfi_upper': 93, 'en_bollinger': True, 'bollinger_n': 57, 'bollinger_k': 3.0, 'en_adx': False, 'adx_n': 29, 'adx_threshold': 7, 'en_structure_trend': True, 'structure_trend_swing_l': 11, 'en_order_block': True, 'order_block_swing_l': 9, 'en_fvg': False, 'fvg_lookback': 10, 'en_ifvg': True, 'en_breaker': False, 'breaker_swing_l': 18, 'en_cisd': False, 'k': 1, 'en_cap_bars': True, 'cap_1min': 107}.
[I 2026-07-13 17:29:46,716] Trial 338 pruned. 
[I 2026-07-13 17:29:47,569] Trial 339 pruned. 
[I 2026-07-13 17:29:47,870] Trial 340 finished with values: [640.3046211420587, -1320.3763307150075, 46.4] and parameters: {'sl_soft': 25.141828397767004, 'sl_hard_delta': 4.209268042123824, 'tp': 41.7178491279398, 'gate_pct': 61.29515207255519, 'dd_limit': 4510.2047311050765, 'cooldown': 0, 'flip': True, 'en_ema_trend': True, 'ema_trend_fast': 293, 'ema_trend_slow': 85, 'en_sma_trend': False, 'sma_trend_fast': 292, 'sma_trend_slow': 263, 'en_macd': False, 'macd_fast': 25, 'macd_slow': 172, 'macd_signal': 36, 'en_vwap': True, 'en_keltner': False, 'keltner_n': 185, 'keltner_m': 4.5, 'en_obv': True, 'obv_slope': 15, 'en_cci': True, 'cci_n': 88, 'cci_threshold': 260, 'en_rsi': False, 'rsi_n': 89, 'rsi_lower': 8, 'rsi_upper': 52, 'en_stochastic': False, 'stochastic_n': 66, 'stochastic_d': 12, 'stochastic_lower': 2, 'stochastic_upper': 67, 'en_mfi': True, 'mfi_n': 41, 'mfi_lower': 31, 'mfi_upper': 62, 'en_bollinger': False, 'bollinger_n': 104, 'bollinger_k': 2.3, 'en_adx': False, 'adx_n': 74, 'adx_threshold': 30, 'en_structure_trend': True, 'structure_trend_swing_l': 4, 'en_order_block': False, 'order_block_swing_l': 13, 'en_fvg': False, 'fvg_lookback': 10, 'en_ifvg': True, 'en_breaker': False, 'breaker_swing_l': 8, 'en_cisd': True, 'k': 4, 'en_cap_bars': False, 'cap_1min': 736}.
[I 2026-07-13 17:29:50,416] Trial 341 finished with values: [37.55608146750092, -267.5031258938543, 68.65] and parameters: {'sl_soft': 22.60386053589123, 'sl_hard_delta': 10.457722003615679, 'tp': 15.280478680365094, 'gate_pct': 37.39778324297737, 'dd_limit': 3617.657841686699, 'cooldown': 0, 'flip': False, 'en_ema_trend': True, 'ema_trend_fast': 293, 'ema_trend_slow': 99, 'en_sma_trend': False, 'sma_trend_fast': 357, 'sma_trend_slow': 84, 'en_macd': True, 'macd_fast': 25, 'macd_slow': 53, 'macd_signal': 61, 'en_vwap': True, 'en_keltner': True, 'keltner_n': 185, 'keltner_m': 4.5, 'en_obv': True, 'obv_slope': 170, 'en_cci': True, 'cci_n': 188, 'cci_threshold': 80, 'en_rsi': False, 'rsi_n': 48, 'rsi_lower': 13, 'rsi_upper': 86, 'en_stochastic': False, 'stochastic_n': 63, 'stochastic_d': 14, 'stochastic_lower': 33, 'stochastic_upper': 62, 'en_mfi': True, 'mfi_n': 21, 'mfi_lower': 31, 'mfi_upper': 62, 'en_bollinger': True, 'bollinger_n': 104, 'bollinger_k': 2.1, 'en_adx': False, 'adx_n': 59, 'adx_threshold': 30, 'en_structure_trend': True, 'structure_trend_swing_l': 4, 'en_order_block': False, 'order_block_swing_l': 13, 'en_fvg': False, 'fvg_lookback': 31, 'en_ifvg': True, 'en_breaker': True, 'breaker_swing_l': 19, 'en_cisd': False, 'k': 4, 'en_cap_bars': False, 'cap_1min': 929}.
[I 2026-07-13 17:29:50,775] Trial 342 finished with values: [181.90091303593363, -945.7207149364694, 39.15] and parameters: {'sl_soft': 14.695606985122541, 'sl_hard_delta': 4.304782983548088, 'tp': 30.9300733340449, 'gate_pct': 49.958417067888604, 'dd_limit': 7070.895472661624, 'cooldown': 2, 'flip': False, 'en_ema_trend': False, 'ema_trend_fast': 95, 'ema_trend_slow': 346, 'en_sma_trend': False, 'sma_trend_fast': 62, 'sma_trend_slow': 250, 'en_macd': True, 'macd_fast': 44, 'macd_slow': 151, 'macd_signal': 41, 'en_vwap': True, 'en_keltner': True, 'keltner_n': 175, 'keltner_m': 4.300000000000001, 'en_obv': True, 'obv_slope': 160, 'en_cci': True, 'cci_n': 33, 'cci_threshold': 30, 'en_rsi': True, 'rsi_n': 23, 'rsi_lower': 20, 'rsi_upper': 88, 'en_stochastic': False, 'stochastic_n': 88, 'stochastic_d': 28, 'stochastic_lower': 38, 'stochastic_upper': 90, 'en_mfi': False, 'mfi_n': 90, 'mfi_lower': 15, 'mfi_upper': 58, 'en_bollinger': False, 'bollinger_n': 195, 'bollinger_k': 3.4000000000000004, 'en_adx': False, 'adx_n': 54, 'adx_threshold': 12, 'en_structure_trend': False, 'structure_trend_swing_l': 14, 'en_order_block': False, 'order_block_swing_l': 8, 'en_fvg': False, 'fvg_lookback': 35, 'en_ifvg': True, 'en_breaker': True, 'breaker_swing_l': 20, 'en_cisd': False, 'k': 2, 'en_cap_bars': False, 'cap_1min': 3}.
[I 2026-07-13 17:29:51,977] Trial 343 pruned. 
[I 2026-07-13 17:29:54,511] Trial 344 pruned. 
[I 2026-07-13 17:29:56,576] Trial 345 finished with values: [32.21586363741153, -792.0567204173494, 73.2] and parameters: {'sl_soft': 27.889575962824456, 'sl_hard_delta': 16.86135074536918, 'tp': 15.280478680365094, 'gate_pct': 74.64771504966384, 'dd_limit': 5783.923331052917, 'cooldown': 34, 'flip': True, 'en_ema_trend': False, 'ema_trend_fast': 23, 'ema_trend_slow': 125, 'en_sma_trend': False, 'sma_trend_fast': 357, 'sma_trend_slow': 329, 'en_macd': False, 'macd_fast': 25, 'macd_slow': 179, 'macd_signal': 61, 'en_vwap': True, 'en_keltner': True, 'keltner_n': 94, 'keltner_m': 3.9000000000000004, 'en_obv': False, 'obv_slope': 167, 'en_cci': False, 'cci_n': 37, 'cci_threshold': 145, 'en_rsi': False, 'rsi_n': 58, 'rsi_lower': 11, 'rsi_upper': 94, 'en_stochastic': False, 'stochastic_n': 77, 'stochastic_d': 24, 'stochastic_lower': 34, 'stochastic_upper': 62, 'en_mfi': False, 'mfi_n': 13, 'mfi_lower': 23, 'mfi_upper': 51, 'en_bollinger': True, 'bollinger_n': 92, 'bollinger_k': 1.5, 'en_adx': False, 'adx_n': 62, 'adx_threshold': 32, 'en_structure_trend': True, 'structure_trend_swing_l': 14, 'en_order_block': True, 'order_block_swing_l': 18, 'en_fvg': False, 'fvg_lookback': 41, 'en_ifvg': False, 'en_breaker': True, 'breaker_swing_l': 9, 'en_cisd': False, 'k': 4, 'en_cap_bars': False, 'cap_1min': 651}.
[I 2026-07-13 17:30:03,727] Trial 346 finished with values: [377.3776964651188, -382.5828677608297, 59.3] and parameters: {'sl_soft': 13.186315729842667, 'sl_hard_delta': 11.445594980891276, 'tp': 23.976700355745017, 'gate_pct': 74.64771504966384, 'dd_limit': 5783.923331052917, 'cooldown': 9, 'flip': True, 'en_ema_trend': False, 'ema_trend_fast': 351, 'ema_trend_slow': 112, 'en_sma_trend': False, 'sma_trend_fast': 395, 'sma_trend_slow': 197, 'en_macd': False, 'macd_fast': 30, 'macd_slow': 94, 'macd_signal': 66, 'en_vwap': True, 'en_keltner': True, 'keltner_n': 80, 'keltner_m': 4.300000000000001, 'en_obv': False, 'obv_slope': 188, 'en_cci': True, 'cci_n': 88, 'cci_threshold': 250, 'en_rsi': True, 'rsi_n': 37, 'rsi_lower': 11, 'rsi_upper': 94, 'en_stochastic': True, 'stochastic_n': 63, 'stochastic_d': 24, 'stochastic_lower': 16, 'stochastic_upper': 54, 'en_mfi': False, 'mfi_n': 42, 'mfi_lower': 23, 'mfi_upper': 65, 'en_bollinger': False, 'bollinger_n': 92, 'bollinger_k': 1.7000000000000002, 'en_adx': False, 'adx_n': 29, 'adx_threshold': 7, 'en_structure_trend': True, 'structure_trend_swing_l': 19, 'en_order_block': True, 'order_block_swing_l': 13, 'en_fvg': False, 'fvg_lookback': 41, 'en_ifvg': True, 'en_breaker': True, 'breaker_swing_l': 9, 'en_cisd': False, 'k': 1, 'en_cap_bars': False, 'cap_1min': 107}.
[I 2026-07-13 17:30:05,356] Trial 347 finished with values: [135.7283345007636, -416.2979637848548, 51.0] and parameters: {'sl_soft': 20.421932129471724, 'sl_hard_delta': 12.207560282522527, 'tp': 22.369899655020188, 'gate_pct': 36.655664385123444, 'dd_limit': 4207.99661406946, 'cooldown': 17, 'flip': False, 'en_ema_trend': True, 'ema_trend_fast': 12, 'ema_trend_slow': 135, 'en_sma_trend': False, 'sma_trend_fast': 370, 'sma_trend_slow': 339, 'en_macd': True, 'macd_fast': 31, 'macd_slow': 3, 'macd_signal': 17, 'en_vwap': False, 'en_keltner': True, 'keltner_n': 178, 'keltner_m': 4.8, 'en_obv': True, 'obv_slope': 15, 'en_cci': True, 'cci_n': 19, 'cci_threshold': 80, 'en_rsi': False, 'rsi_n': 73, 'rsi_lower': 21, 'rsi_upper': 98, 'en_stochastic': False, 'stochastic_n': 25, 'stochastic_d': 29, 'stochastic_lower': 45, 'stochastic_upper': 87, 'en_mfi': False, 'mfi_n': 79, 'mfi_lower': 12, 'mfi_upper': 81, 'en_bollinger': True, 'bollinger_n': 85, 'bollinger_k': 3.0, 'en_adx': False, 'adx_n': 20, 'adx_threshold': 28, 'en_structure_trend': False, 'structure_trend_swing_l': 11, 'en_order_block': True, 'order_block_swing_l': 16, 'en_fvg': False, 'fvg_lookback': 29, 'en_ifvg': True, 'en_breaker': True, 'breaker_swing_l': 8, 'en_cisd': False, 'k': 4, 'en_cap_bars': True, 'cap_1min': 16}.
[I 2026-07-13 17:30:11,767] Trial 348 finished with values: [-559.9853279333183, -1799.1270492714102, 53.8] and parameters: {'sl_soft': 21.91180555790227, 'sl_hard_delta': 18.132241751897425, 'tp': 19.32668301877756, 'gate_pct': 42.37120833684469, 'dd_limit': 3350.6412140007124, 'cooldown': 22, 'flip': True, 'en_ema_trend': False, 'ema_trend_fast': 41, 'ema_trend_slow': 102, 'en_sma_trend': False, 'sma_trend_fast': 36, 'sma_trend_slow': 93, 'en_macd': True, 'macd_fast': 31, 'macd_slow': 18, 'macd_signal': 17, 'en_vwap': True, 'en_keltner': True, 'keltner_n': 178, 'keltner_m': 4.5, 'en_obv': True, 'obv_slope': 15, 'en_cci': True, 'cci_n': 182, 'cci_threshold': 300, 'en_rsi': True, 'rsi_n': 73, 'rsi_lower': 39, 'rsi_upper': 98, 'en_stochastic': False, 'stochastic_n': 63, 'stochastic_d': 9, 'stochastic_lower': 45, 'stochastic_upper': 77, 'en_mfi': False, 'mfi_n': 90, 'mfi_lower': 12, 'mfi_upper': 81, 'en_bollinger': True, 'bollinger_n': 57, 'bollinger_k': 3.0, 'en_adx': True, 'adx_n': 74, 'adx_threshold': 7, 'en_structure_trend': False, 'structure_trend_swing_l': 17, 'en_order_block': True, 'order_block_swing_l': 17, 'en_fvg': False, 'fvg_lookback': 25, 'en_ifvg': False, 'en_breaker': True, 'breaker_swing_l': 15, 'en_cisd': True, 'k': 4, 'en_cap_bars': True, 'cap_1min': 126}.
[I 2026-07-13 17:30:20,176] Trial 349 finished with values: [-2051.3005612907364, -3679.4289038224815, 45.7] and parameters: {'sl_soft': 17.09555165727327, 'sl_hard_delta': 26.941928915444915, 'tp': 30.9300733340449, 'gate_pct': 92.80779954528938, 'dd_limit': 3350.6412140007124, 'cooldown': 22, 'flip': False, 'en_ema_trend': True, 'ema_trend_fast': 95, 'ema_trend_slow': 102, 'en_sma_trend': False, 'sma_trend_fast': 370, 'sma_trend_slow': 339, 'en_macd': True, 'macd_fast': 31, 'macd_slow': 151, 'macd_signal': 41, 'en_vwap': False, 'en_keltner': True, 'keltner_n': 175, 'keltner_m': 4.8, 'en_obv': False, 'obv_slope': 160, 'en_cci': False, 'cci_n': 33, 'cci_threshold': 65, 'en_rsi': True, 'rsi_n': 73, 'rsi_lower': 15, 'rsi_upper': 81, 'en_stochastic': False, 'stochastic_n': 63, 'stochastic_d': 50, 'stochastic_lower': 45, 'stochastic_upper': 87, 'en_mfi': False, 'mfi_n': 90, 'mfi_lower': 15, 'mfi_upper': 81, 'en_bollinger': False, 'bollinger_n': 62, 'bollinger_k': 3.4000000000000004, 'en_adx': True, 'adx_n': 20, 'adx_threshold': 12, 'en_structure_trend': False, 'structure_trend_swing_l': 3, 'en_order_block': False, 'order_block_swing_l': 10, 'en_fvg': False, 'fvg_lookback': 25, 'en_ifvg': True, 'en_breaker': True, 'breaker_swing_l': 20, 'en_cisd': False, 'k': 4, 'en_cap_bars': False, 'cap_1min': 3}.
[I 2026-07-13 17:30:20,578] Trial 350 finished with values: [37.55608146750092, -267.5031258938543, 68.65] and parameters: {'sl_soft': 22.60386053589123, 'sl_hard_delta': 10.457722003615679, 'tp': 15.280478680365094, 'gate_pct': 37.39778324297737, 'dd_limit': 3617.657841686699, 'cooldown': 0, 'flip': False, 'en_ema_trend': True, 'ema_trend_fast': 293, 'ema_trend_slow': 99, 'en_sma_trend': False, 'sma_trend_fast': 357, 'sma_trend_slow': 84, 'en_macd': True, 'macd_fast': 25, 'macd_slow': 53, 'macd_signal': 61, 'en_vwap': True, 'en_keltner': True, 'keltner_n': 185, 'keltner_m': 4.5, 'en_obv': True, 'obv_slope': 170, 'en_cci': True, 'cci_n': 188, 'cci_threshold': 80, 'en_rsi': False, 'rsi_n': 48, 'rsi_lower': 13, 'rsi_upper': 86, 'en_stochastic': False, 'stochastic_n': 63, 'stochastic_d': 14, 'stochastic_lower': 33, 'stochastic_upper': 95, 'en_mfi': True, 'mfi_n': 21, 'mfi_lower': 31, 'mfi_upper': 62, 'en_bollinger': True, 'bollinger_n': 104, 'bollinger_k': 2.1, 'en_adx': False, 'adx_n': 59, 'adx_threshold': 30, 'en_structure_trend': True, 'structure_trend_swing_l': 4, 'en_order_block': False, 'order_block_swing_l': 13, 'en_fvg': False, 'fvg_lookback': 24, 'en_ifvg': True, 'en_breaker': True, 'breaker_swing_l': 19, 'en_cisd': False, 'k': 4, 'en_cap_bars': False, 'cap_1min': 929}.
[I 2026-07-13 17:30:23,235] Trial 351 finished with values: [94.64041737452135, -567.2369028392859, 51.150000000000006] and parameters: {'sl_soft': 15.029901346125646, 'sl_hard_delta': 11.445594980891276, 'tp': 23.976700355745017, 'gate_pct': 36.655664385123444, 'dd_limit': 9308.14469807598, 'cooldown': 17, 'flip': False, 'en_ema_trend': False, 'ema_trend_fast': 104, 'ema_trend_slow': 311, 'en_sma_trend': False, 'sma_trend_fast': 395, 'sma_trend_slow': 93, 'en_macd': True, 'macd_fast': 24, 'macd_slow': 94, 'macd_signal': 31, 'en_vwap': True, 'en_keltner': True, 'keltner_n': 124, 'keltner_m': 4.300000000000001, 'en_obv': True, 'obv_slope': 184, 'en_cci': True, 'cci_n': 19, 'cci_threshold': 80, 'en_rsi': False, 'rsi_n': 17, 'rsi_lower': 21, 'rsi_upper': 98, 'en_stochastic': False, 'stochastic_n': 14, 'stochastic_d': 8, 'stochastic_lower': 2, 'stochastic_upper': 77, 'en_mfi': False, 'mfi_n': 41, 'mfi_lower': 10, 'mfi_upper': 59, 'en_bollinger': True, 'bollinger_n': 57, 'bollinger_k': 3.0, 'en_adx': False, 'adx_n': 29, 'adx_threshold': 6, 'en_structure_trend': False, 'structure_trend_swing_l': 11, 'en_order_block': True, 'order_block_swing_l': 9, 'en_fvg': False, 'fvg_lookback': 10, 'en_ifvg': True, 'en_breaker': True, 'breaker_swing_l': 18, 'en_cisd': False, 'k': 1, 'en_cap_bars': True, 'cap_1min': 16}.
[I 2026-07-13 17:30:29,427] Trial 352 finished with values: [37.48846510261501, -1231.141875663161, 62.6] and parameters: {'sl_soft': 22.60386053589123, 'sl_hard_delta': 18.132241751897425, 'tp': 15.280478680365094, 'gate_pct': 42.37120833684469, 'dd_limit': 3719.9389583336606, 'cooldown': 22, 'flip': False, 'en_ema_trend': True, 'ema_trend_fast': 41, 'ema_trend_slow': 346, 'en_sma_trend': False, 'sma_trend_fast': 357, 'sma_trend_slow': 57, 'en_macd': True, 'macd_fast': 25, 'macd_slow': 53, 'macd_signal': 61, 'en_vwap': True, 'en_keltner': True, 'keltner_n': 3, 'keltner_m': 4.9, 'en_obv': False, 'obv_slope': 160, 'en_cci': False, 'cci_n': 117, 'cci_threshold': 80, 'en_rsi': False, 'rsi_n': 48, 'rsi_lower': 20, 'rsi_upper': 75, 'en_stochastic': False, 'stochastic_n': 66, 'stochastic_d': 36, 'stochastic_lower': 33, 'stochastic_upper': 60, 'en_mfi': False, 'mfi_n': 90, 'mfi_lower': 31, 'mfi_upper': 62, 'en_bollinger': True, 'bollinger_n': 104, 'bollinger_k': 3.9000000000000004, 'en_adx': True, 'adx_n': 62, 'adx_threshold': 7, 'en_structure_trend': False, 'structure_trend_swing_l': 14, 'en_order_block': False, 'order_block_swing_l': 18, 'en_fvg': False, 'fvg_lookback': 42, 'en_ifvg': True, 'en_breaker': True, 'breaker_swing_l': 10, 'en_cisd': True, 'k': 4, 'en_cap_bars': True, 'cap_1min': 332}.
[I 2026-07-13 17:30:29,697] Trial 353 finished with values: [18.28031702505541, -265.72165390818554, 58.55] and parameters: {'sl_soft': 12.023742953585678, 'sl_hard_delta': 4.204358064837304, 'tp': 11.768073292054666, 'gate_pct': 35.16705558700568, 'dd_limit': 365.1680353374175, 'cooldown': 20, 'flip': False, 'en_ema_trend': True, 'ema_trend_fast': 282, 'ema_trend_slow': 94, 'en_sma_trend': False, 'sma_trend_fast': 283, 'sma_trend_slow': 370, 'en_macd': False, 'macd_fast': 50, 'macd_slow': 30, 'macd_signal': 25, 'en_vwap': True, 'en_keltner': False, 'keltner_n': 149, 'keltner_m': 4.7, 'en_obv': False, 'obv_slope': 169, 'en_cci': True, 'cci_n': 186, 'cci_threshold': 95, 'en_rsi': True, 'rsi_n': 93, 'rsi_lower': 36, 'rsi_upper': 62, 'en_stochastic': True, 'stochastic_n': 59, 'stochastic_d': 20, 'stochastic_lower': 16, 'stochastic_upper': 53, 'en_mfi': False, 'mfi_n': 89, 'mfi_lower': 27, 'mfi_upper': 65, 'en_bollinger': False, 'bollinger_n': 159, 'bollinger_k': 1.9000000000000001, 'en_adx': True, 'adx_n': 50, 'adx_threshold': 9, 'en_structure_trend': False, 'structure_trend_swing_l': 8, 'en_order_block': True, 'order_block_swing_l': 12, 'en_fvg': True, 'fvg_lookback': 2, 'en_ifvg': False, 'en_breaker': False, 'breaker_swing_l': 2, 'en_cisd': False, 'k': 4, 'en_cap_bars': False, 'cap_1min': 1085}.
[I 2026-07-13 17:30:30,151] Trial 354 pruned. 
[I 2026-07-13 17:30:30,572] Trial 355 finished with values: [168.87579656073285, -535.0, 57.650000000000006] and parameters: {'sl_soft': 20.421932129471724, 'sl_hard_delta': 12.207560282522527, 'tp': 22.369899655020188, 'gate_pct': 36.655664385123444, 'dd_limit': 4207.99661406946, 'cooldown': 17, 'flip': False, 'en_ema_trend': True, 'ema_trend_fast': 12, 'ema_trend_slow': 135, 'en_sma_trend': False, 'sma_trend_fast': 224, 'sma_trend_slow': 93, 'en_macd': True, 'macd_fast': 24, 'macd_slow': 3, 'macd_signal': 31, 'en_vwap': False, 'en_keltner': True, 'keltner_n': 124, 'keltner_m': 2.2, 'en_obv': True, 'obv_slope': 184, 'en_cci': True, 'cci_n': 19, 'cci_threshold': 80, 'en_rsi': False, 'rsi_n': 17, 'rsi_lower': 21, 'rsi_upper': 98, 'en_stochastic': False, 'stochastic_n': 25, 'stochastic_d': 8, 'stochastic_lower': 18, 'stochastic_upper': 77, 'en_mfi': True, 'mfi_n': 79, 'mfi_lower': 10, 'mfi_upper': 59, 'en_bollinger': True, 'bollinger_n': 85, 'bollinger_k': 3.0, 'en_adx': False, 'adx_n': 60, 'adx_threshold': 46, 'en_structure_trend': False, 'structure_trend_swing_l': 11, 'en_order_block': True, 'order_block_swing_l': 16, 'en_fvg': False, 'fvg_lookback': 29, 'en_ifvg': True, 'en_breaker': True, 'breaker_swing_l': 8, 'en_cisd': False, 'k': 1, 'en_cap_bars': True, 'cap_1min': 16}.
[I 2026-07-13 17:30:32,181] Trial 356 pruned. 
