[I 2026-07-13 17:16:09,316] Trial 440 finished with values: [-548.1504286125164, -4260.0, 37.0] and parameters: {'sl_soft': 167.5072413639503, 'sl_hard_delta': 246.32829021886968, 'tp': 255.9479657109979, 'gate_pct': 68.64613759880352, 'dd_limit': 3089.913555349885, 'cooldown': 4, 'flip': True, 'en_ema_trend': True, 'ema_trend_fast': 28, 'ema_trend_slow': 301, 'en_sma_trend': False, 'sma_trend_fast': 19, 'sma_trend_slow': 370, 'en_macd': False, 'macd_fast': 73, 'macd_slow': 109, 'macd_signal': 25, 'en_vwap': True, 'en_keltner': True, 'keltner_n': 78, 'keltner_m': 4.4, 'en_obv': False, 'obv_slope': 186, 'en_cci': True, 'cci_n': 165, 'cci_threshold': 45, 'en_rsi': True, 'rsi_n': 79, 'rsi_lower': 18, 'rsi_upper': 82, 'en_stochastic': False, 'stochastic_n': 62, 'stochastic_d': 20, 'stochastic_lower': 38, 'stochastic_upper': 97, 'en_mfi': False, 'mfi_n': 49, 'mfi_lower': 36, 'mfi_upper': 65, 'en_bollinger': True, 'bollinger_n': 159, 'bollinger_k': 2.7, 'en_adx': True, 'adx_n': 88, 'adx_threshold': 7, 'en_structure_trend': True, 'structure_trend_swing_l': 10, 'en_order_block': False, 'order_block_swing_l': 4, 'en_fvg': False, 'fvg_lookback': 48, 'en_ifvg': True, 'en_breaker': True, 'breaker_swing_l': 1, 'en_cisd': False, 'k': 5, 'en_cap_bars': True, 'cap_1min': 637}.
[I 2026-07-13 17:16:15,957] Trial 441 finished with values: [105.9200162038178, -1869.3148188073246, 34.849999999999994] and parameters: {'sl_soft': 39.62905967140161, 'sl_hard_delta': 29.30242220933063, 'tp': 127.18232233407892, 'gate_pct': 98.24909449748954, 'dd_limit': 9508.627019250667, 'cooldown': 1, 'flip': False, 'en_ema_trend': False, 'ema_trend_fast': 177, 'ema_trend_slow': 346, 'en_sma_trend': False, 'sma_trend_fast': 109, 'sma_trend_slow': 258, 'en_macd': True, 'macd_fast': 49, 'macd_slow': 172, 'macd_signal': 41, 'en_vwap': True, 'en_keltner': True, 'keltner_n': 17, 'keltner_m': 4.0, 'en_obv': True, 'obv_slope': 160, 'en_cci': True, 'cci_n': 33, 'cci_threshold': 115, 'en_rsi': False, 'rsi_n': 39, 'rsi_lower': 20, 'rsi_upper': 86, 'en_stochastic': True, 'stochastic_n': 88, 'stochastic_d': 35, 'stochastic_lower': 12, 'stochastic_upper': 71, 'en_mfi': False, 'mfi_n': 7, 'mfi_lower': 17, 'mfi_upper': 85, 'en_bollinger': True, 'bollinger_n': 182, 'bollinger_k': 1.1, 'en_adx': False, 'adx_n': 97, 'adx_threshold': 21, 'en_structure_trend': True, 'structure_trend_swing_l': 14, 'en_order_block': False, 'order_block_swing_l': 17, 'en_fvg': False, 'fvg_lookback': 31, 'en_ifvg': True, 'en_breaker': True, 'breaker_swing_l': 14, 'en_cisd': False, 'k': 3, 'en_cap_bars': False, 'cap_1min': 929}.
[I 2026-07-13 17:16:17,437] Trial 442 pruned. 
[I 2026-07-13 17:16:20,601] Trial 443 finished with values: [685.3663444165795, -4585.0, 53.0] and parameters: {'sl_soft': 110.92514392817937, 'sl_hard_delta': 113.81411753124198, 'tp': 157.04662101189686, 'gate_pct': 74.64771504966384, 'dd_limit': 7070.895472661624, 'cooldown': 1, 'flip': True, 'en_ema_trend': True, 'ema_trend_fast': 95, 'ema_trend_slow': 361, 'en_sma_trend': False, 'sma_trend_fast': 178, 'sma_trend_slow': 250, 'en_macd': True, 'macd_fast': 57, 'macd_slow': 98, 'macd_signal': 87, 'en_vwap': True, 'en_keltner': True, 'keltner_n': 175, 'keltner_m': 4.300000000000001, 'en_obv': False, 'obv_slope': 191, 'en_cci': True, 'cci_n': 21, 'cci_threshold': 205, 'en_rsi': True, 'rsi_n': 81, 'rsi_lower': 2, 'rsi_upper': 88, 'en_stochastic': False, 'stochastic_n': 27, 'stochastic_d': 34, 'stochastic_lower': 17, 'stochastic_upper': 53, 'en_mfi': True, 'mfi_n': 100, 'mfi_lower': 2, 'mfi_upper': 58, 'en_bollinger': False, 'bollinger_n': 92, 'bollinger_k': 3.4000000000000004, 'en_adx': False, 'adx_n': 54, 'adx_threshold': 12, 'en_structure_trend': True, 'structure_trend_swing_l': 18, 'en_order_block': False, 'order_block_swing_l': 8, 'en_fvg': True, 'fvg_lookback': 45, 'en_ifvg': False, 'en_breaker': False, 'breaker_swing_l': 18, 'en_cisd': True, 'k': 4, 'en_cap_bars': False, 'cap_1min': 733}.
[I 2026-07-13 17:16:21,727] Trial 444 pruned. 
[I 2026-07-13 17:16:27,557] Trial 445 finished with values: [-154.06757976204972, -5019.766894940512, 48.7] and parameters: {'sl_soft': 127.50200485340642, 'sl_hard_delta': 113.81411753124198, 'tp': 157.04662101189686, 'gate_pct': 67.43945106994327, 'dd_limit': 7860.101132279564, 'cooldown': 2, 'flip': True, 'en_ema_trend': True, 'ema_trend_fast': 351, 'ema_trend_slow': 349, 'en_sma_trend': False, 'sma_trend_fast': 387, 'sma_trend_slow': 298, 'en_macd': False, 'macd_fast': 71, 'macd_slow': 160, 'macd_signal': 87, 'en_vwap': True, 'en_keltner': False, 'keltner_n': 84, 'keltner_m': 4.1, 'en_obv': True, 'obv_slope': 185, 'en_cci': True, 'cci_n': 158, 'cci_threshold': 240, 'en_rsi': True, 'rsi_n': 58, 'rsi_lower': 11, 'rsi_upper': 70, 'en_stochastic': True, 'stochastic_n': 77, 'stochastic_d': 40, 'stochastic_lower': 38, 'stochastic_upper': 82, 'en_mfi': False, 'mfi_n': 13, 'mfi_lower': 23, 'mfi_upper': 51, 'en_bollinger': False, 'bollinger_n': 163, 'bollinger_k': 1.5, 'en_adx': True, 'adx_n': 88, 'adx_threshold': 11, 'en_structure_trend': False, 'structure_trend_swing_l': 13, 'en_order_block': False, 'order_block_swing_l': 11, 'en_fvg': False, 'fvg_lookback': 23, 'en_ifvg': False, 'en_breaker': False, 'breaker_swing_l': 1, 'en_cisd': False, 'k': 2, 'en_cap_bars': False, 'cap_1min': 801}.
[I 2026-07-13 17:16:31,528] Trial 446 finished with values: [1142.363045549173, -2180.0, 27.75] and parameters: {'sl_soft': 61.96190634962328, 'sl_hard_delta': 257.0849179212227, 'tp': 268.65753636994185, 'gate_pct': 61.70561390485503, 'dd_limit': 9508.627019250667, 'cooldown': 4, 'flip': True, 'en_ema_trend': False, 'ema_trend_fast': 11, 'ema_trend_slow': 346, 'en_sma_trend': True, 'sma_trend_fast': 7, 'sma_trend_slow': 261, 'en_macd': True, 'macd_fast': 50, 'macd_slow': 63, 'macd_signal': 41, 'en_vwap': False, 'en_keltner': True, 'keltner_n': 5, 'keltner_m': 4.0, 'en_obv': True, 'obv_slope': 116, 'en_cci': False, 'cci_n': 33, 'cci_threshold': 30, 'en_rsi': True, 'rsi_n': 76, 'rsi_lower': 16, 'rsi_upper': 74, 'en_stochastic': False, 'stochastic_n': 93, 'stochastic_d': 37, 'stochastic_lower': 38, 'stochastic_upper': 60, 'en_mfi': True, 'mfi_n': 90, 'mfi_lower': 15, 'mfi_upper': 65, 'en_bollinger': False, 'bollinger_n': 182, 'bollinger_k': 1.9000000000000001, 'en_adx': False, 'adx_n': 100, 'adx_threshold': 14, 'en_structure_trend': False, 'structure_trend_swing_l': 14, 'en_order_block': True, 'order_block_swing_l': 16, 'en_fvg': True, 'fvg_lookback': 1, 'en_ifvg': True, 'en_breaker': True, 'breaker_swing_l': 4, 'en_cisd': False, 'k': 5, 'en_cap_bars': True, 'cap_1min': 1171}.
[I 2026-07-13 17:16:36,485] Trial 447 finished with values: [2505.8588646546923, -1114.3148188073246, 50.0] and parameters: {'sl_soft': 39.62905967140161, 'sl_hard_delta': 29.30242220933063, 'tp': 196.03928967751625, 'gate_pct': 81.43219065749138, 'dd_limit': 9508.627019250667, 'cooldown': 1, 'flip': True, 'en_ema_trend': False, 'ema_trend_fast': 177, 'ema_trend_slow': 346, 'en_sma_trend': False, 'sma_trend_fast': 221, 'sma_trend_slow': 258, 'en_macd': True, 'macd_fast': 49, 'macd_slow': 63, 'macd_signal': 41, 'en_vwap': False, 'en_keltner': True, 'keltner_n': 17, 'keltner_m': 4.0, 'en_obv': True, 'obv_slope': 160, 'en_cci': True, 'cci_n': 33, 'cci_threshold': 30, 'en_rsi': False, 'rsi_n': 39, 'rsi_lower': 20, 'rsi_upper': 71, 'en_stochastic': True, 'stochastic_n': 88, 'stochastic_d': 44, 'stochastic_lower': 17, 'stochastic_upper': 68, 'en_mfi': False, 'mfi_n': 11, 'mfi_lower': 17, 'mfi_upper': 65, 'en_bollinger': False, 'bollinger_n': 182, 'bollinger_k': 4.300000000000001, 'en_adx': False, 'adx_n': 97, 'adx_threshold': 21, 'en_structure_trend': False, 'structure_trend_swing_l': 14, 'en_order_block': False, 'order_block_swing_l': 19, 'en_fvg': False, 'fvg_lookback': 42, 'en_ifvg': True, 'en_breaker': True, 'breaker_swing_l': 15, 'en_cisd': False, 'k': 4, 'en_cap_bars': False, 'cap_1min': 3}.
[I 2026-07-13 17:16:37,771] Trial 448 finished with values: [-375.91947138083924, -2890.0, 23.2] and parameters: {'sl_soft': 40.78619439976249, 'sl_hard_delta': 207.63493437311828, 'tp': 265.90805286191534, 'gate_pct': 89.05172352244134, 'dd_limit': 551.6601649489387, 'cooldown': 0, 'flip': False, 'en_ema_trend': True, 'ema_trend_fast': 54, 'ema_trend_slow': 376, 'en_sma_trend': False, 'sma_trend_fast': 305, 'sma_trend_slow': 160, 'en_macd': True, 'macd_fast': 80, 'macd_slow': 94, 'macd_signal': 30, 'en_vwap': True, 'en_keltner': False, 'keltner_n': 49, 'keltner_m': 4.1, 'en_obv': False, 'obv_slope': 30, 'en_cci': False, 'cci_n': 71, 'cci_threshold': 255, 'en_rsi': True, 'rsi_n': 58, 'rsi_lower': 9, 'rsi_upper': 58, 'en_stochastic': True, 'stochastic_n': 35, 'stochastic_d': 27, 'stochastic_lower': 14, 'stochastic_upper': 82, 'en_mfi': True, 'mfi_n': 58, 'mfi_lower': 19, 'mfi_upper': 87, 'en_bollinger': False, 'bollinger_n': 22, 'bollinger_k': 2.5, 'en_adx': False, 'adx_n': 29, 'adx_threshold': 32, 'en_structure_trend': True, 'structure_trend_swing_l': 1, 'en_order_block': True, 'order_block_swing_l': 19, 'en_fvg': True, 'fvg_lookback': 4, 'en_ifvg': False, 'en_breaker': False, 'breaker_swing_l': 5, 'en_cisd': True, 'k': 4, 'en_cap_bars': False, 'cap_1min': 736}.
[I 2026-07-13 17:16:37,939] Trial 449 finished with values: [952.0531001500422, -2280.0, 35.9] and parameters: {'sl_soft': 99.34279011186541, 'sl_hard_delta': 255.54135886174197, 'tp': 302.4702066766686, 'gate_pct': 98.24909449748954, 'dd_limit': 6175.326117859909, 'cooldown': 2, 'flip': True, 'en_ema_trend': False, 'ema_trend_fast': 174, 'ema_trend_slow': 196, 'en_sma_trend': True, 'sma_trend_fast': 109, 'sma_trend_slow': 324, 'en_macd': False, 'macd_fast': 56, 'macd_slow': 172, 'macd_signal': 67, 'en_vwap': True, 'en_keltner': True, 'keltner_n': 185, 'keltner_m': 1.7000000000000002, 'en_obv': True, 'obv_slope': 162, 'en_cci': True, 'cci_n': 106, 'cci_threshold': 280, 'en_rsi': False, 'rsi_n': 74, 'rsi_lower': 38, 'rsi_upper': 86, 'en_stochastic': False, 'stochastic_n': 25, 'stochastic_d': 43, 'stochastic_lower': 47, 'stochastic_upper': 71, 'en_mfi': True, 'mfi_n': 65, 'mfi_lower': 31, 'mfi_upper': 85, 'en_bollinger': False, 'bollinger_n': 35, 'bollinger_k': 1.1, 'en_adx': True, 'adx_n': 20, 'adx_threshold': 30, 'en_structure_trend': True, 'structure_trend_swing_l': 1, 'en_order_block': False, 'order_block_swing_l': 17, 'en_fvg': False, 'fvg_lookback': 31, 'en_ifvg': True, 'en_breaker': True, 'breaker_swing_l': 18, 'en_cisd': True, 'k': 1, 'en_cap_bars': False, 'cap_1min': 412}.
[I 2026-07-13 17:16:44,961] Trial 450 finished with values: [1032.0491596714783, -1913.972228210987, 25.85] and parameters: {'sl_soft': 39.62905967140161, 'sl_hard_delta': 29.30242220933063, 'tp': 209.91750462921408, 'gate_pct': 97.42810939583096, 'dd_limit': 9508.627019250667, 'cooldown': 4, 'flip': False, 'en_ema_trend': True, 'ema_trend_fast': 141, 'ema_trend_slow': 346, 'en_sma_trend': False, 'sma_trend_fast': 221, 'sma_trend_slow': 258, 'en_macd': True, 'macd_fast': 71, 'macd_slow': 135, 'macd_signal': 36, 'en_vwap': False, 'en_keltner': True, 'keltner_n': 17, 'keltner_m': 4.0, 'en_obv': True, 'obv_slope': 129, 'en_cci': True, 'cci_n': 33, 'cci_threshold': 30, 'en_rsi': False, 'rsi_n': 24, 'rsi_lower': 30, 'rsi_upper': 63, 'en_stochastic': True, 'stochastic_n': 88, 'stochastic_d': 14, 'stochastic_lower': 42, 'stochastic_upper': 56, 'en_mfi': False, 'mfi_n': 11, 'mfi_lower': 36, 'mfi_upper': 65, 'en_bollinger': True, 'bollinger_n': 182, 'bollinger_k': 4.300000000000001, 'en_adx': False, 'adx_n': 49, 'adx_threshold': 21, 'en_structure_trend': False, 'structure_trend_swing_l': 14, 'en_order_block': False, 'order_block_swing_l': 1, 'en_fvg': False, 'fvg_lookback': 42, 'en_ifvg': False, 'en_breaker': True, 'breaker_swing_l': 5, 'en_cisd': False, 'k': 1, 'en_cap_bars': False, 'cap_1min': 765}.
[I 2026-07-13 17:16:50,527] Trial 451 finished with values: [1204.4814021561251, -1560.0, 35.9] and parameters: {'sl_soft': 39.62905967140161, 'sl_hard_delta': 113.81411753124198, 'tp': 196.03928967751625, 'gate_pct': 81.43219065749138, 'dd_limit': 5783.923331052917, 'cooldown': 1, 'flip': True, 'en_ema_trend': False, 'ema_trend_fast': 177, 'ema_trend_slow': 346, 'en_sma_trend': False, 'sma_trend_fast': 337, 'sma_trend_slow': 298, 'en_macd': False, 'macd_fast': 25, 'macd_slow': 63, 'macd_signal': 87, 'en_vwap': False, 'en_keltner': True, 'keltner_n': 17, 'keltner_m': 3.9000000000000004, 'en_obv': False, 'obv_slope': 160, 'en_cci': True, 'cci_n': 33, 'cci_threshold': 250, 'en_rsi': True, 'rsi_n': 58, 'rsi_lower': 11, 'rsi_upper': 94, 'en_stochastic': True, 'stochastic_n': 77, 'stochastic_d': 14, 'stochastic_lower': 17, 'stochastic_upper': 68, 'en_mfi': True, 'mfi_n': 13, 'mfi_lower': 23, 'mfi_upper': 51, 'en_bollinger': False, 'bollinger_n': 182, 'bollinger_k': 1.5, 'en_adx': False, 'adx_n': 67, 'adx_threshold': 21, 'en_structure_trend': False, 'structure_trend_swing_l': 18, 'en_order_block': True, 'order_block_swing_l': 19, 'en_fvg': False, 'fvg_lookback': 42, 'en_ifvg': True, 'en_breaker': False, 'breaker_swing_l': 15, 'en_cisd': False, 'k': 4, 'en_cap_bars': False, 'cap_1min': 651}.
[I 2026-07-13 17:16:50,772] Trial 452 finished with values: [-27.95973569041962, -4760.0, 16.25] and parameters: {'sl_soft': 40.78619439976249, 'sl_hard_delta': 207.63493437311828, 'tp': 265.90805286191534, 'gate_pct': 61.70561390485503, 'dd_limit': 8994.231768656287, 'cooldown': 5, 'flip': False, 'en_ema_trend': True, 'ema_trend_fast': 196, 'ema_trend_slow': 150, 'en_sma_trend': False, 'sma_trend_fast': 305, 'sma_trend_slow': 231, 'en_macd': True, 'macd_fast': 98, 'macd_slow': 94, 'macd_signal': 92, 'en_vwap': False, 'en_keltner': False, 'keltner_n': 49, 'keltner_m': 3.3000000000000003, 'en_obv': False, 'obv_slope': 30, 'en_cci': True, 'cci_n': 12, 'cci_threshold': 255, 'en_rsi': False, 'rsi_n': 58, 'rsi_lower': 9, 'rsi_upper': 60, 'en_stochastic': False, 'stochastic_n': 35, 'stochastic_d': 27, 'stochastic_lower': 12, 'stochastic_upper': 77, 'en_mfi': False, 'mfi_n': 86, 'mfi_lower': 19, 'mfi_upper': 87, 'en_bollinger': False, 'bollinger_n': 108, 'bollinger_k': 1.9000000000000001, 'en_adx': False, 'adx_n': 68, 'adx_threshold': 32, 'en_structure_trend': False, 'structure_trend_swing_l': 16, 'en_order_block': True, 'order_block_swing_l': 19, 'en_fvg': True, 'fvg_lookback': 1, 'en_ifvg': True, 'en_breaker': True, 'breaker_swing_l': 4, 'en_cisd': True, 'k': 3, 'en_cap_bars': True, 'cap_1min': 1171}.
[I 2026-07-13 17:16:52,223] Trial 453 pruned. 
[I 2026-07-13 17:16:59,055] Trial 454 finished with values: [1230.9484038259689, -1791.157598906866, 61.8] and parameters: {'sl_soft': 123.70176902772263, 'sl_hard_delta': 175.0316160028408, 'tp': 101.88424010931452, 'gate_pct': 68.87067583562738, 'dd_limit': 928.2439984695909, 'cooldown': 4, 'flip': True, 'en_ema_trend': False, 'ema_trend_fast': 321, 'ema_trend_slow': 139, 'en_sma_trend': True, 'sma_trend_fast': 221, 'sma_trend_slow': 258, 'en_macd': True, 'macd_fast': 49, 'macd_slow': 48, 'macd_signal': 41, 'en_vwap': False, 'en_keltner': True, 'keltner_n': 17, 'keltner_m': 4.0, 'en_obv': False, 'obv_slope': 160, 'en_cci': False, 'cci_n': 124, 'cci_threshold': 250, 'en_rsi': True, 'rsi_n': 39, 'rsi_lower': 7, 'rsi_upper': 69, 'en_stochastic': True, 'stochastic_n': 5, 'stochastic_d': 14, 'stochastic_lower': 17, 'stochastic_upper': 68, 'en_mfi': False, 'mfi_n': 41, 'mfi_lower': 17, 'mfi_upper': 65, 'en_bollinger': False, 'bollinger_n': 2, 'bollinger_k': 1.6, 'en_adx': False, 'adx_n': 97, 'adx_threshold': 21, 'en_structure_trend': False, 'structure_trend_swing_l': 15, 'en_order_block': False, 'order_block_swing_l': 13, 'en_fvg': False, 'fvg_lookback': 40, 'en_ifvg': True, 'en_breaker': True, 'breaker_swing_l': 17, 'en_cisd': False, 'k': 4, 'en_cap_bars': False, 'cap_1min': 608}.
[I 2026-07-13 17:16:59,689] Trial 455 pruned. 
[I 2026-07-13 17:16:59,933] Trial 456 finished with values: [1277.8833535742888, -3130.2878723285903, 38.900000000000006] and parameters: {'sl_soft': 61.96190634962328, 'sl_hard_delta': 29.05728513894959, 'tp': 268.65753636994185, 'gate_pct': 55.051017158961336, 'dd_limit': 2885.280068287132, 'cooldown': 4, 'flip': True, 'en_ema_trend': False, 'ema_trend_fast': 95, 'ema_trend_slow': 94, 'en_sma_trend': False, 'sma_trend_fast': 62, 'sma_trend_slow': 29, 'en_macd': True, 'macd_fast': 18, 'macd_slow': 115, 'macd_signal': 23, 'en_vwap': False, 'en_keltner': True, 'keltner_n': 179, 'keltner_m': 4.300000000000001, 'en_obv': True, 'obv_slope': 116, 'en_cci': False, 'cci_n': 21, 'cci_threshold': 195, 'en_rsi': True, 'rsi_n': 52, 'rsi_lower': 2, 'rsi_upper': 55, 'en_stochastic': False, 'stochastic_n': 13, 'stochastic_d': 17, 'stochastic_lower': 17, 'stochastic_upper': 90, 'en_mfi': True, 'mfi_n': 100, 'mfi_lower': 15, 'mfi_upper': 58, 'en_bollinger': False, 'bollinger_n': 128, 'bollinger_k': 3.4000000000000004, 'en_adx': False, 'adx_n': 54, 'adx_threshold': 12, 'en_structure_trend': False, 'structure_trend_swing_l': 6, 'en_order_block': False, 'order_block_swing_l': 16, 'en_fvg': True, 'fvg_lookback': 11, 'en_ifvg': False, 'en_breaker': True, 'breaker_swing_l': 5, 'en_cisd': True, 'k': 4, 'en_cap_bars': True, 'cap_1min': 733}.
[I 2026-07-13 17:17:01,180] Trial 457 pruned. 
[I 2026-07-13 17:17:02,561] Trial 458 pruned. 
[I 2026-07-13 17:17:14,772] Trial 459 finished with values: [1105.075860187626, -2398.622570874977, 44.95] and parameters: {'sl_soft': 53.32413091561695, 'sl_hard_delta': 255.08291226430876, 'tp': 124.27548582500157, 'gate_pct': 83.33433192606572, 'dd_limit': 2548.3308531557964, 'cooldown': 2, 'flip': False, 'en_ema_trend': False, 'ema_trend_fast': 196, 'ema_trend_slow': 150, 'en_sma_trend': False, 'sma_trend_fast': 387, 'sma_trend_slow': 346, 'en_macd': True, 'macd_fast': 6, 'macd_slow': 160, 'macd_signal': 61, 'en_vwap': False, 'en_keltner': False, 'keltner_n': 84, 'keltner_m': 4.1, 'en_obv': True, 'obv_slope': 31, 'en_cci': True, 'cci_n': 158, 'cci_threshold': 45, 'en_rsi': False, 'rsi_n': 67, 'rsi_lower': 25, 'rsi_upper': 70, 'en_stochastic': True, 'stochastic_n': 16, 'stochastic_d': 30, 'stochastic_lower': 38, 'stochastic_upper': 77, 'en_mfi': True, 'mfi_n': 7, 'mfi_lower': 23, 'mfi_upper': 62, 'en_bollinger': False, 'bollinger_n': 163, 'bollinger_k': 3.8000000000000003, 'en_adx': True, 'adx_n': 68, 'adx_threshold': 11, 'en_structure_trend': False, 'structure_trend_swing_l': 15, 'en_order_block': False, 'order_block_swing_l': 12, 'en_fvg': False, 'fvg_lookback': 23, 'en_ifvg': True, 'en_breaker': False, 'breaker_swing_l': 1, 'en_cisd': False, 'k': 2, 'en_cap_bars': False, 'cap_1min': 801}.
[I 2026-07-13 17:17:16,121] Trial 460 pruned. 
[I 2026-07-13 17:17:23,521] Trial 461 finished with values: [115.0, -800.0, 53.8] and parameters: {'sl_soft': 53.32413091561695, 'sl_hard_delta': 234.55875114228695, 'tp': 268.65753636994185, 'gate_pct': 81.43219065749138, 'dd_limit': 7424.489916885895, 'cooldown': 0, 'flip': True, 'en_ema_trend': True, 'ema_trend_fast': 95, 'ema_trend_slow': 346, 'en_sma_trend': False, 'sma_trend_fast': 221, 'sma_trend_slow': 357, 'en_macd': True, 'macd_fast': 25, 'macd_slow': 15, 'macd_signal': 41, 'en_vwap': False, 'en_keltner': True, 'keltner_n': 116, 'keltner_m': 4.0, 'en_obv': True, 'obv_slope': 182, 'en_cci': True, 'cci_n': 21, 'cci_threshold': 170, 'en_rsi': True, 'rsi_n': 39, 'rsi_lower': 15, 'rsi_upper': 76, 'en_stochastic': True, 'stochastic_n': 97, 'stochastic_d': 17, 'stochastic_lower': 17, 'stochastic_upper': 77, 'en_mfi': False, 'mfi_n': 96, 'mfi_lower': 1, 'mfi_upper': 64, 'en_bollinger': False, 'bollinger_n': 125, 'bollinger_k': 2.2, 'en_adx': False, 'adx_n': 54, 'adx_threshold': 32, 'en_structure_trend': False, 'structure_trend_swing_l': 19, 'en_order_block': False, 'order_block_swing_l': 3, 'en_fvg': False, 'fvg_lookback': 7, 'en_ifvg': False, 'en_breaker': True, 'breaker_swing_l': 20, 'en_cisd': True, 'k': 5, 'en_cap_bars': True, 'cap_1min': 3}.
[I 2026-07-13 17:17:28,281] Trial 462 finished with values: [-2405.5732176431775, -4054.5607266782827, 30.6] and parameters: {'sl_soft': 110.92514392817937, 'sl_hard_delta': 29.05728513894959, 'tp': 268.65753636994185, 'gate_pct': 55.051017158961336, 'dd_limit': 2885.280068287132, 'cooldown': 4, 'flip': False, 'en_ema_trend': True, 'ema_trend_fast': 393, 'ema_trend_slow': 94, 'en_sma_trend': False, 'sma_trend_fast': 59, 'sma_trend_slow': 261, 'en_macd': True, 'macd_fast': 57, 'macd_slow': 115, 'macd_signal': 54, 'en_vwap': False, 'en_keltner': True, 'keltner_n': 49, 'keltner_m': 4.300000000000001, 'en_obv': True, 'obv_slope': 168, 'en_cci': True, 'cci_n': 123, 'cci_threshold': 195, 'en_rsi': True, 'rsi_n': 52, 'rsi_lower': 2, 'rsi_upper': 74, 'en_stochastic': False, 'stochastic_n': 71, 'stochastic_d': 17, 'stochastic_lower': 12, 'stochastic_upper': 62, 'en_mfi': True, 'mfi_n': 100, 'mfi_lower': 15, 'mfi_upper': 58, 'en_bollinger': True, 'bollinger_n': 133, 'bollinger_k': 3.4000000000000004, 'en_adx': False, 'adx_n': 54, 'adx_threshold': 12, 'en_structure_trend': False, 'structure_trend_swing_l': 6, 'en_order_block': False, 'order_block_swing_l': 12, 'en_fvg': True, 'fvg_lookback': 45, 'en_ifvg': False, 'en_breaker': True, 'breaker_swing_l': 4, 'en_cisd': False, 'k': 5, 'en_cap_bars': True, 'cap_1min': 1165}.
