[I 2026-07-13 17:18:52,330] Trial 508 finished with values: [875.0338083502356, -4610.0, 54.15] and parameters: {'sl_soft': 158.92345486967875, 'sl_hard_delta': 175.0316160028408, 'tp': 281.50225389001224, 'gate_pct': 81.43219065749138, 'dd_limit': 7424.489916885895, 'cooldown': 1, 'flip': True, 'en_ema_trend': True, 'ema_trend_fast': 177, 'ema_trend_slow': 139, 'en_sma_trend': True, 'sma_trend_fast': 79, 'sma_trend_slow': 357, 'en_macd': True, 'macd_fast': 49, 'macd_slow': 15, 'macd_signal': 13, 'en_vwap': False, 'en_keltner': True, 'keltner_n': 159, 'keltner_m': 4.5, 'en_obv': True, 'obv_slope': 182, 'en_cci': True, 'cci_n': 198, 'cci_threshold': 170, 'en_rsi': False, 'rsi_n': 39, 'rsi_lower': 7, 'rsi_upper': 71, 'en_stochastic': True, 'stochastic_n': 5, 'stochastic_d': 14, 'stochastic_lower': 8, 'stochastic_upper': 72, 'en_mfi': True, 'mfi_n': 61, 'mfi_lower': 44, 'mfi_upper': 57, 'en_bollinger': False, 'bollinger_n': 105, 'bollinger_k': 4.300000000000001, 'en_adx': False, 'adx_n': 97, 'adx_threshold': 21, 'en_structure_trend': True, 'structure_trend_swing_l': 15, 'en_order_block': False, 'order_block_swing_l': 3, 'en_fvg': False, 'fvg_lookback': 40, 'en_ifvg': False, 'en_breaker': True, 'breaker_swing_l': 15, 'en_cisd': True, 'k': 4, 'en_cap_bars': False, 'cap_1min': 1332}.
[I 2026-07-13 17:18:56,140] Trial 509 pruned. 
[I 2026-07-13 17:18:56,848] Trial 510 pruned. 
[I 2026-07-13 17:19:03,686] Trial 511 finished with values: [310.0, -1054.688457992197, 55.8] and parameters: {'sl_soft': 81.6340628038707, 'sl_hard_delta': 103.303628794567, 'tp': 205.42892093010263, 'gate_pct': 89.05172352244134, 'dd_limit': 7070.895472661624, 'cooldown': 1, 'flip': True, 'en_ema_trend': True, 'ema_trend_fast': 41, 'ema_trend_slow': 361, 'en_sma_trend': False, 'sma_trend_fast': 62, 'sma_trend_slow': 376, 'en_macd': True, 'macd_fast': 71, 'macd_slow': 63, 'macd_signal': 54, 'en_vwap': True, 'en_keltner': False, 'keltner_n': 175, 'keltner_m': 4.5, 'en_obv': True, 'obv_slope': 160, 'en_cci': False, 'cci_n': 21, 'cci_threshold': 205, 'en_rsi': False, 'rsi_n': 58, 'rsi_lower': 2, 'rsi_upper': 58, 'en_stochastic': True, 'stochastic_n': 71, 'stochastic_d': 27, 'stochastic_lower': 17, 'stochastic_upper': 82, 'en_mfi': False, 'mfi_n': 90, 'mfi_lower': 15, 'mfi_upper': 95, 'en_bollinger': False, 'bollinger_n': 45, 'bollinger_k': 3.4000000000000004, 'en_adx': False, 'adx_n': 54, 'adx_threshold': 32, 'en_structure_trend': False, 'structure_trend_swing_l': 14, 'en_order_block': False, 'order_block_swing_l': 19, 'en_fvg': False, 'fvg_lookback': 42, 'en_ifvg': True, 'en_breaker': False, 'breaker_swing_l': 20, 'en_cisd': True, 'k': 3, 'en_cap_bars': True, 'cap_1min': 3}.
[I 2026-07-13 17:19:04,841] Trial 512 pruned. 
[I 2026-07-13 17:19:05,426] Trial 513 finished with values: [1718.224715216802, -2289.710113913279, 30.8] and parameters: {'sl_soft': 53.32413091561695, 'sl_hard_delta': 255.08291226430876, 'tp': 275.05797721734143, 'gate_pct': 89.05172352244134, 'dd_limit': 551.6601649489387, 'cooldown': 5, 'flip': False, 'en_ema_trend': False, 'ema_trend_fast': 196, 'ema_trend_slow': 150, 'en_sma_trend': False, 'sma_trend_fast': 305, 'sma_trend_slow': 160, 'en_macd': True, 'macd_fast': 98, 'macd_slow': 94, 'macd_signal': 92, 'en_vwap': False, 'en_keltner': False, 'keltner_n': 116, 'keltner_m': 3.1, 'en_obv': True, 'obv_slope': 30, 'en_cci': True, 'cci_n': 71, 'cci_threshold': 255, 'en_rsi': False, 'rsi_n': 67, 'rsi_lower': 9, 'rsi_upper': 60, 'en_stochastic': False, 'stochastic_n': 35, 'stochastic_d': 27, 'stochastic_lower': 48, 'stochastic_upper': 77, 'en_mfi': True, 'mfi_n': 58, 'mfi_lower': 17, 'mfi_upper': 87, 'en_bollinger': False, 'bollinger_n': 115, 'bollinger_k': 3.8000000000000003, 'en_adx': False, 'adx_n': 29, 'adx_threshold': 32, 'en_structure_trend': False, 'structure_trend_swing_l': 15, 'en_order_block': False, 'order_block_swing_l': 19, 'en_fvg': True, 'fvg_lookback': 23, 'en_ifvg': True, 'en_breaker': True, 'breaker_swing_l': 9, 'en_cisd': False, 'k': 2, 'en_cap_bars': True, 'cap_1min': 522}.
[I 2026-07-13 17:19:07,843] Trial 514 pruned. 
[I 2026-07-13 17:19:08,302] Trial 515 finished with values: [-50.683020704545925, -5885.876886735023, 44.3] and parameters: {'sl_soft': 158.92345486967875, 'sl_hard_delta': 29.30242220933063, 'tp': 281.50225389001224, 'gate_pct': 81.43219065749138, 'dd_limit': 7424.489916885895, 'cooldown': 1, 'flip': True, 'en_ema_trend': True, 'ema_trend_fast': 177, 'ema_trend_slow': 381, 'en_sma_trend': True, 'sma_trend_fast': 221, 'sma_trend_slow': 357, 'en_macd': True, 'macd_fast': 33, 'macd_slow': 15, 'macd_signal': 13, 'en_vwap': False, 'en_keltner': True, 'keltner_n': 17, 'keltner_m': 4.5, 'en_obv': True, 'obv_slope': 182, 'en_cci': True, 'cci_n': 198, 'cci_threshold': 170, 'en_rsi': False, 'rsi_n': 39, 'rsi_lower': 15, 'rsi_upper': 71, 'en_stochastic': True, 'stochastic_n': 97, 'stochastic_d': 14, 'stochastic_lower': 17, 'stochastic_upper': 72, 'en_mfi': False, 'mfi_n': 11, 'mfi_lower': 1, 'mfi_upper': 57, 'en_bollinger': False, 'bollinger_n': 125, 'bollinger_k': 4.300000000000001, 'en_adx': False, 'adx_n': 68, 'adx_threshold': 21, 'en_structure_trend': False, 'structure_trend_swing_l': 19, 'en_order_block': False, 'order_block_swing_l': 3, 'en_fvg': False, 'fvg_lookback': 25, 'en_ifvg': False, 'en_breaker': True, 'breaker_swing_l': 15, 'en_cisd': True, 'k': 4, 'en_cap_bars': False, 'cap_1min': 1332}.
[I 2026-07-13 17:19:11,055] Trial 516 finished with values: [-586.776976747351, -4055.0, 35.15] and parameters: {'sl_soft': 93.56715930640894, 'sl_hard_delta': 255.08291226430876, 'tp': 205.42892093010263, 'gate_pct': 83.33433192606572, 'dd_limit': 2548.3308531557964, 'cooldown': 5, 'flip': True, 'en_ema_trend': True, 'ema_trend_fast': 81, 'ema_trend_slow': 361, 'en_sma_trend': True, 'sma_trend_fast': 178, 'sma_trend_slow': 376, 'en_macd': True, 'macd_fast': 6, 'macd_slow': 132, 'macd_signal': 54, 'en_vwap': False, 'en_keltner': False, 'keltner_n': 10, 'keltner_m': 3.1, 'en_obv': True, 'obv_slope': 108, 'en_cci': False, 'cci_n': 73, 'cci_threshold': 90, 'en_rsi': True, 'rsi_n': 67, 'rsi_lower': 28, 'rsi_upper': 58, 'en_stochastic': False, 'stochastic_n': 74, 'stochastic_d': 30, 'stochastic_lower': 36, 'stochastic_upper': 54, 'en_mfi': False, 'mfi_n': 96, 'mfi_lower': 29, 'mfi_upper': 95, 'en_bollinger': True, 'bollinger_n': 45, 'bollinger_k': 3.8000000000000003, 'en_adx': False, 'adx_n': 74, 'adx_threshold': 26, 'en_structure_trend': False, 'structure_trend_swing_l': 11, 'en_order_block': False, 'order_block_swing_l': 12, 'en_fvg': True, 'fvg_lookback': 45, 'en_ifvg': True, 'en_breaker': True, 'breaker_swing_l': 18, 'en_cisd': True, 'k': 3, 'en_cap_bars': False, 'cap_1min': 846}.
[I 2026-07-13 17:19:12,245] Trial 517 pruned. 
[I 2026-07-13 17:19:16,002] Trial 518 finished with values: [4540.311668395589, -5394.625110880588, 57.45] and parameters: {'sl_soft': 155.41178356786656, 'sl_hard_delta': 234.55875114228695, 'tp': 279.07497782388, 'gate_pct': 55.051017158961336, 'dd_limit': 2548.3308531557964, 'cooldown': 2, 'flip': True, 'en_ema_trend': True, 'ema_trend_fast': 95, 'ema_trend_slow': 250, 'en_sma_trend': True, 'sma_trend_fast': 181, 'sma_trend_slow': 29, 'en_macd': True, 'macd_fast': 71, 'macd_slow': 4, 'macd_signal': 92, 'en_vwap': False, 'en_keltner': True, 'keltner_n': 10, 'keltner_m': 3.1, 'en_obv': False, 'obv_slope': 108, 'en_cci': True, 'cci_n': 73, 'cci_threshold': 40, 'en_rsi': True, 'rsi_n': 52, 'rsi_lower': 2, 'rsi_upper': 76, 'en_stochastic': False, 'stochastic_n': 65, 'stochastic_d': 1, 'stochastic_lower': 36, 'stochastic_upper': 77, 'en_mfi': False, 'mfi_n': 55, 'mfi_lower': 28, 'mfi_upper': 64, 'en_bollinger': True, 'bollinger_n': 45, 'bollinger_k': 2.5, 'en_adx': False, 'adx_n': 54, 'adx_threshold': 49, 'en_structure_trend': False, 'structure_trend_swing_l': 9, 'en_order_block': False, 'order_block_swing_l': 13, 'en_fvg': False, 'fvg_lookback': 35, 'en_ifvg': False, 'en_breaker': True, 'breaker_swing_l': 6, 'en_cisd': True, 'k': 4, 'en_cap_bars': False, 'cap_1min': 227}.
[I 2026-07-13 17:19:21,371] Trial 519 finished with values: [375.0, -305.0, 62.0] and parameters: {'sl_soft': 39.62905967140161, 'sl_hard_delta': 29.30242220933063, 'tp': 196.03928967751625, 'gate_pct': 81.43219065749138, 'dd_limit': 7070.895472661624, 'cooldown': 1, 'flip': True, 'en_ema_trend': True, 'ema_trend_fast': 41, 'ema_trend_slow': 346, 'en_sma_trend': False, 'sma_trend_fast': 62, 'sma_trend_slow': 250, 'en_macd': True, 'macd_fast': 49, 'macd_slow': 63, 'macd_signal': 41, 'en_vwap': False, 'en_keltner': True, 'keltner_n': 17, 'keltner_m': 4.0, 'en_obv': True, 'obv_slope': 160, 'en_cci': False, 'cci_n': 33, 'cci_threshold': 30, 'en_rsi': False, 'rsi_n': 39, 'rsi_lower': 20, 'rsi_upper': 71, 'en_stochastic': True, 'stochastic_n': 88, 'stochastic_d': 14, 'stochastic_lower': 17, 'stochastic_upper': 60, 'en_mfi': False, 'mfi_n': 11, 'mfi_lower': 15, 'mfi_upper': 65, 'en_bollinger': False, 'bollinger_n': 182, 'bollinger_k': 3.4000000000000004, 'en_adx': False, 'adx_n': 54, 'adx_threshold': 34, 'en_structure_trend': False, 'structure_trend_swing_l': 14, 'en_order_block': False, 'order_block_swing_l': 19, 'en_fvg': False, 'fvg_lookback': 42, 'en_ifvg': True, 'en_breaker': True, 'breaker_swing_l': 15, 'en_cisd': True, 'k': 4, 'en_cap_bars': True, 'cap_1min': 3}.
[I 2026-07-13 17:19:28,508] Trial 520 finished with values: [678.5530013664174, -1010.0, 50.0] and parameters: {'sl_soft': 40.78619439976249, 'sl_hard_delta': 175.0316160028408, 'tp': 101.88424010931452, 'gate_pct': 68.87067583562738, 'dd_limit': 928.2439984695909, 'cooldown': 5, 'flip': True, 'en_ema_trend': True, 'ema_trend_fast': 77, 'ema_trend_slow': 139, 'en_sma_trend': False, 'sma_trend_fast': 305, 'sma_trend_slow': 160, 'en_macd': True, 'macd_fast': 93, 'macd_slow': 94, 'macd_signal': 93, 'en_vwap': True, 'en_keltner': False, 'keltner_n': 49, 'keltner_m': 3.8000000000000003, 'en_obv': False, 'obv_slope': 191, 'en_cci': False, 'cci_n': 124, 'cci_threshold': 250, 'en_rsi': True, 'rsi_n': 58, 'rsi_lower': 9, 'rsi_upper': 60, 'en_stochastic': True, 'stochastic_n': 5, 'stochastic_d': 27, 'stochastic_lower': 32, 'stochastic_upper': 82, 'en_mfi': True, 'mfi_n': 58, 'mfi_lower': 44, 'mfi_upper': 87, 'en_bollinger': False, 'bollinger_n': 2, 'bollinger_k': 0.6, 'en_adx': False, 'adx_n': 48, 'adx_threshold': 7, 'en_structure_trend': True, 'structure_trend_swing_l': 16, 'en_order_block': False, 'order_block_swing_l': 19, 'en_fvg': False, 'fvg_lookback': 25, 'en_ifvg': True, 'en_breaker': True, 'breaker_swing_l': 17, 'en_cisd': True, 'k': 3, 'en_cap_bars': False, 'cap_1min': 608}.
[I 2026-07-13 17:19:35,600] Trial 521 finished with values: [-604.087472374249, -2287.223448071054, 33.3] and parameters: {'sl_soft': 61.96190634962328, 'sl_hard_delta': 54.185208430712976, 'tp': 126.70242516612717, 'gate_pct': 97.52011350142476, 'dd_limit': 1156.8429090684392, 'cooldown': 5, 'flip': True, 'en_ema_trend': False, 'ema_trend_fast': 95, 'ema_trend_slow': 94, 'en_sma_trend': False, 'sma_trend_fast': 62, 'sma_trend_slow': 160, 'en_macd': True, 'macd_fast': 98, 'macd_slow': 94, 'macd_signal': 23, 'en_vwap': True, 'en_keltner': True, 'keltner_n': 160, 'keltner_m': 4.300000000000001, 'en_obv': False, 'obv_slope': 116, 'en_cci': False, 'cci_n': 21, 'cci_threshold': 195, 'en_rsi': False, 'rsi_n': 9, 'rsi_lower': 9, 'rsi_upper': 92, 'en_stochastic': True, 'stochastic_n': 13, 'stochastic_d': 27, 'stochastic_lower': 17, 'stochastic_upper': 90, 'en_mfi': True, 'mfi_n': 100, 'mfi_lower': 8, 'mfi_upper': 58, 'en_bollinger': False, 'bollinger_n': 9, 'bollinger_k': 3.4000000000000004, 'en_adx': False, 'adx_n': 32, 'adx_threshold': 12, 'en_structure_trend': True, 'structure_trend_swing_l': 6, 'en_order_block': False, 'order_block_swing_l': 16, 'en_fvg': False, 'fvg_lookback': 11, 'en_ifvg': True, 'en_breaker': False, 'breaker_swing_l': 5, 'en_cisd': True, 'k': 1, 'en_cap_bars': True, 'cap_1min': 522}.
[I 2026-07-13 17:19:39,292] Trial 522 pruned. 
[I 2026-07-13 17:19:40,501] Trial 523 pruned. 
[I 2026-07-13 17:19:48,161] Trial 524 finished with values: [-399.5874436597478, -7078.388156185101, 45.099999999999994] and parameters: {'sl_soft': 158.92345486967875, 'sl_hard_delta': 29.30242220933063, 'tp': 281.50225389001224, 'gate_pct': 81.43219065749138, 'dd_limit': 7424.489916885895, 'cooldown': 1, 'flip': False, 'en_ema_trend': True, 'ema_trend_fast': 177, 'ema_trend_slow': 333, 'en_sma_trend': True, 'sma_trend_fast': 59, 'sma_trend_slow': 357, 'en_macd': True, 'macd_fast': 50, 'macd_slow': 15, 'macd_signal': 13, 'en_vwap': False, 'en_keltner': False, 'keltner_n': 5, 'keltner_m': 4.5, 'en_obv': True, 'obv_slope': 182, 'en_cci': True, 'cci_n': 128, 'cci_threshold': 120, 'en_rsi': False, 'rsi_n': 39, 'rsi_lower': 16, 'rsi_upper': 71, 'en_stochastic': True, 'stochastic_n': 93, 'stochastic_d': 14, 'stochastic_lower': 12, 'stochastic_upper': 62, 'en_mfi': False, 'mfi_n': 11, 'mfi_lower': 34, 'mfi_upper': 57, 'en_bollinger': False, 'bollinger_n': 125, 'bollinger_k': 1.9000000000000001, 'en_adx': False, 'adx_n': 97, 'adx_threshold': 14, 'en_structure_trend': False, 'structure_trend_swing_l': 18, 'en_order_block': True, 'order_block_swing_l': 19, 'en_fvg': False, 'fvg_lookback': 1, 'en_ifvg': True, 'en_breaker': True, 'breaker_swing_l': 15, 'en_cisd': False, 'k': 4, 'en_cap_bars': True, 'cap_1min': 1332}.
[I 2026-07-13 17:19:52,972] Trial 525 finished with values: [-1074.2123181502757, -2620.0, 25.0] and parameters: {'sl_soft': 61.96190634962328, 'sl_hard_delta': 209.38895776820772, 'tp': 268.65753636994185, 'gate_pct': 55.051017158961336, 'dd_limit': 2885.280068287132, 'cooldown': 0, 'flip': True, 'en_ema_trend': True, 'ema_trend_fast': 95, 'ema_trend_slow': 376, 'en_sma_trend': False, 'sma_trend_fast': 292, 'sma_trend_slow': 29, 'en_macd': True, 'macd_fast': 80, 'macd_slow': 115, 'macd_signal': 23, 'en_vwap': True, 'en_keltner': True, 'keltner_n': 200, 'keltner_m': 4.300000000000001, 'en_obv': True, 'obv_slope': 116, 'en_cci': False, 'cci_n': 88, 'cci_threshold': 195, 'en_rsi': True, 'rsi_n': 52, 'rsi_lower': 6, 'rsi_upper': 58, 'en_stochastic': False, 'stochastic_n': 66, 'stochastic_d': 12, 'stochastic_lower': 26, 'stochastic_upper': 57, 'en_mfi': True, 'mfi_n': 100, 'mfi_lower': 45, 'mfi_upper': 72, 'en_bollinger': False, 'bollinger_n': 22, 'bollinger_k': 2.5, 'en_adx': False, 'adx_n': 54, 'adx_threshold': 12, 'en_structure_trend': False, 'structure_trend_swing_l': 1, 'en_order_block': True, 'order_block_swing_l': 20, 'en_fvg': True, 'fvg_lookback': 11, 'en_ifvg': False, 'en_breaker': True, 'breaker_swing_l': 8, 'en_cisd': True, 'k': 4, 'en_cap_bars': False, 'cap_1min': 733}.
[I 2026-07-13 17:19:55,177] Trial 526 finished with values: [2487.1576138729324, -4530.0, 32.15] and parameters: {'sl_soft': 53.32413091561695, 'sl_hard_delta': 255.08291226430876, 'tp': 268.65753636994185, 'gate_pct': 83.33433192606572, 'dd_limit': 7070.895472661624, 'cooldown': 4, 'flip': True, 'en_ema_trend': False, 'ema_trend_fast': 95, 'ema_trend_slow': 17, 'en_sma_trend': False, 'sma_trend_fast': 92, 'sma_trend_slow': 29, 'en_macd': True, 'macd_fast': 6, 'macd_slow': 115, 'macd_signal': 92, 'en_vwap': False, 'en_keltner': True, 'keltner_n': 116, 'keltner_m': 3.1, 'en_obv': True, 'obv_slope': 160, 'en_cci': True, 'cci_n': 21, 'cci_threshold': 40, 'en_rsi': True, 'rsi_n': 52, 'rsi_lower': 2, 'rsi_upper': 85, 'en_stochastic': False, 'stochastic_n': 97, 'stochastic_d': 47, 'stochastic_lower': 48, 'stochastic_upper': 77, 'en_mfi': True, 'mfi_n': 96, 'mfi_lower': 15, 'mfi_upper': 64, 'en_bollinger': False, 'bollinger_n': 195, 'bollinger_k': 2.5, 'en_adx': False, 'adx_n': 68, 'adx_threshold': 34, 'en_structure_trend': False, 'structure_trend_swing_l': 5, 'en_order_block': False, 'order_block_swing_l': 19, 'en_fvg': True, 'fvg_lookback': 23, 'en_ifvg': False, 'en_breaker': True, 'breaker_swing_l': 20, 'en_cisd': True, 'k': 4, 'en_cap_bars': False, 'cap_1min': 3}.
[I 2026-07-13 17:19:55,514] Trial 527 finished with values: [1261.8166030061184, -1380.0, 70.1] and parameters: {'sl_soft': 123.70176902772263, 'sl_hard_delta': 175.0316160028408, 'tp': 101.88424010931452, 'gate_pct': 68.87067583562738, 'dd_limit': 928.2439984695909, 'cooldown': 4, 'flip': True, 'en_ema_trend': True, 'ema_trend_fast': 321, 'ema_trend_slow': 139, 'en_sma_trend': True, 'sma_trend_fast': 361, 'sma_trend_slow': 143, 'en_macd': True, 'macd_fast': 93, 'macd_slow': 48, 'macd_signal': 93, 'en_vwap': True, 'en_keltner': True, 'keltner_n': 137, 'keltner_m': 3.8000000000000003, 'en_obv': False, 'obv_slope': 191, 'en_cci': False, 'cci_n': 124, 'cci_threshold': 250, 'en_rsi': True, 'rsi_n': 67, 'rsi_lower': 7, 'rsi_upper': 69, 'en_stochastic': True, 'stochastic_n': 5, 'stochastic_d': 5, 'stochastic_lower': 32, 'stochastic_upper': 82, 'en_mfi': True, 'mfi_n': 41, 'mfi_lower': 44, 'mfi_upper': 97, 'en_bollinger': False, 'bollinger_n': 2, 'bollinger_k': 1.6, 'en_adx': False, 'adx_n': 48, 'adx_threshold': 7, 'en_structure_trend': False, 'structure_trend_swing_l': 15, 'en_order_block': False, 'order_block_swing_l': 13, 'en_fvg': False, 'fvg_lookback': 40, 'en_ifvg': True, 'en_breaker': True, 'breaker_swing_l': 17, 'en_cisd': True, 'k': 1, 'en_cap_bars': False, 'cap_1min': 608}.
[I 2026-07-13 17:19:55,801] Trial 528 finished with values: [1277.8833535742888, -3130.2878723285903, 38.900000000000006] and parameters: {'sl_soft': 61.96190634962328, 'sl_hard_delta': 29.05728513894959, 'tp': 268.65753636994185, 'gate_pct': 55.051017158961336, 'dd_limit': 2885.280068287132, 'cooldown': 4, 'flip': True, 'en_ema_trend': False, 'ema_trend_fast': 95, 'ema_trend_slow': 94, 'en_sma_trend': False, 'sma_trend_fast': 209, 'sma_trend_slow': 29, 'en_macd': True, 'macd_fast': 18, 'macd_slow': 115, 'macd_signal': 23, 'en_vwap': False, 'en_keltner': True, 'keltner_n': 179, 'keltner_m': 4.300000000000001, 'en_obv': True, 'obv_slope': 116, 'en_cci': False, 'cci_n': 21, 'cci_threshold': 195, 'en_rsi': True, 'rsi_n': 52, 'rsi_lower': 2, 'rsi_upper': 55, 'en_stochastic': False, 'stochastic_n': 13, 'stochastic_d': 17, 'stochastic_lower': 17, 'stochastic_upper': 90, 'en_mfi': True, 'mfi_n': 100, 'mfi_lower': 15, 'mfi_upper': 58, 'en_bollinger': False, 'bollinger_n': 128, 'bollinger_k': 3.4000000000000004, 'en_adx': False, 'adx_n': 54, 'adx_threshold': 12, 'en_structure_trend': False, 'structure_trend_swing_l': 6, 'en_order_block': False, 'order_block_swing_l': 16, 'en_fvg': True, 'fvg_lookback': 11, 'en_ifvg': False, 'en_breaker': True, 'breaker_swing_l': 5, 'en_cisd': True, 'k': 4, 'en_cap_bars': True, 'cap_1min': 733}.
[I 2026-07-13 17:19:55,975] Trial 529 pruned. 
[I 2026-07-13 17:19:56,216] Trial 530 finished with values: [1738.0188115875899, -3129.3291529805356, 61.900000000000006] and parameters: {'sl_soft': 153.11311925365692, 'sl_hard_delta': 257.0849179212227, 'tp': 151.13416940389638, 'gate_pct': 61.70561390485503, 'dd_limit': 8994.231768656287, 'cooldown': 4, 'flip': False, 'en_ema_trend': True, 'ema_trend_fast': 11, 'ema_trend_slow': 333, 'en_sma_trend': True, 'sma_trend_fast': 59, 'sma_trend_slow': 261, 'en_macd': True, 'macd_fast': 50, 'macd_slow': 175, 'macd_signal': 100, 'en_vwap': False, 'en_keltner': False, 'keltner_n': 5, 'keltner_m': 3.3000000000000003, 'en_obv': True, 'obv_slope': 150, 'en_cci': True, 'cci_n': 123, 'cci_threshold': 120, 'en_rsi': False, 'rsi_n': 76, 'rsi_lower': 16, 'rsi_upper': 74, 'en_stochastic': False, 'stochastic_n': 13, 'stochastic_d': 37, 'stochastic_lower': 12, 'stochastic_upper': 62, 'en_mfi': True, 'mfi_n': 86, 'mfi_lower': 34, 'mfi_upper': 98, 'en_bollinger': True, 'bollinger_n': 133, 'bollinger_k': 1.9000000000000001, 'en_adx': False, 'adx_n': 100, 'adx_threshold': 14, 'en_structure_trend': False, 'structure_trend_swing_l': 18, 'en_order_block': True, 'order_block_swing_l': 19, 'en_fvg': True, 'fvg_lookback': 1, 'en_ifvg': True, 'en_breaker': True, 'breaker_swing_l': 4, 'en_cisd': False, 'k': 5, 'en_cap_bars': True, 'cap_1min': 1171}.
[I 2026-07-13 17:20:03,561] Trial 531 finished with values: [-1139.4696342266616, -4308.601369643075, 47.0] and parameters: {'sl_soft': 153.11311925365692, 'sl_hard_delta': 257.0849179212227, 'tp': 157.04662101189686, 'gate_pct': 74.64771504966384, 'dd_limit': 3975.4449591887696, 'cooldown': 4, 'flip': False, 'en_ema_trend': False, 'ema_trend_fast': 11, 'ema_trend_slow': 361, 'en_sma_trend': False, 'sma_trend_fast': 59, 'sma_trend_slow': 376, 'en_macd': False, 'macd_fast': 50, 'macd_slow': 175, 'macd_signal': 87, 'en_vwap': False, 'en_keltner': True, 'keltner_n': 5, 'keltner_m': 3.9000000000000004, 'en_obv': True, 'obv_slope': 185, 'en_cci': False, 'cci_n': 123, 'cci_threshold': 120, 'en_rsi': True, 'rsi_n': 76, 'rsi_lower': 16, 'rsi_upper': 74, 'en_stochastic': False, 'stochastic_n': 93, 'stochastic_d': 34, 'stochastic_lower': 34, 'stochastic_upper': 62, 'en_mfi': True, 'mfi_n': 41, 'mfi_lower': 2, 'mfi_upper': 98, 'en_bollinger': False, 'bollinger_n': 133, 'bollinger_k': 1.9000000000000001, 'en_adx': True, 'adx_n': 2, 'adx_threshold': 14, 'en_structure_trend': True, 'structure_trend_swing_l': 18, 'en_order_block': False, 'order_block_swing_l': 12, 'en_fvg': True, 'fvg_lookback': 45, 'en_ifvg': False, 'en_breaker': False, 'breaker_swing_l': 4, 'en_cisd': True, 'k': 4, 'en_cap_bars': True, 'cap_1min': 1171}.
