[I 2026-07-13 17:41:38,863] Trial 641 finished with values: [-1445.8247315950757, -3604.595402715022, 40.55] and parameters: {'sl_soft': 12.334463733650468, 'sl_hard_delta': 18.132241751897425, 'tp': 27.72259577195913, 'gate_pct': 96.7516051221724, 'dd_limit': 7732.124461539199, 'cooldown': 22, 'flip': False, 'en_ema_trend': False, 'ema_trend_fast': 41, 'ema_trend_slow': 346, 'en_sma_trend': False, 'sma_trend_fast': 7, 'sma_trend_slow': 57, 'en_macd': True, 'macd_fast': 69, 'macd_slow': 167, 'macd_signal': 24, 'en_vwap': False, 'en_keltner': True, 'keltner_n': 46, 'keltner_m': 4.0, 'en_obv': True, 'obv_slope': 177, 'en_cci': False, 'cci_n': 117, 'cci_threshold': 45, 'en_rsi': True, 'rsi_n': 37, 'rsi_lower': 20, 'rsi_upper': 54, 'en_stochastic': False, 'stochastic_n': 66, 'stochastic_d': 14, 'stochastic_lower': 40, 'stochastic_upper': 60, 'en_mfi': True, 'mfi_n': 45, 'mfi_lower': 7, 'mfi_upper': 73, 'en_bollinger': False, 'bollinger_n': 137, 'bollinger_k': 4.6000000000000005, 'en_adx': True, 'adx_n': 56, 'adx_threshold': 7, 'en_structure_trend': False, 'structure_trend_swing_l': 14, 'en_order_block': True, 'order_block_swing_l': 18, 'en_fvg': False, 'fvg_lookback': 38, 'en_ifvg': True, 'en_breaker': True, 'breaker_swing_l': 20, 'en_cisd': False, 'k': 5, 'en_cap_bars': True, 'cap_1min': 85}.
[I 2026-07-13 17:41:39,279] Trial 642 finished with values: [224.78870640135938, -406.89098040289537, 56.6] and parameters: {'sl_soft': 10.245954328680858, 'sl_hard_delta': 18.132241751897425, 'tp': 35.9154825605429, 'gate_pct': 42.37120833684469, 'dd_limit': 3719.9389583336606, 'cooldown': 22, 'flip': False, 'en_ema_trend': False, 'ema_trend_fast': 41, 'ema_trend_slow': 346, 'en_sma_trend': True, 'sma_trend_fast': 7, 'sma_trend_slow': 57, 'en_macd': True, 'macd_fast': 69, 'macd_slow': 63, 'macd_signal': 41, 'en_vwap': True, 'en_keltner': True, 'keltner_n': 3, 'keltner_m': 4.0, 'en_obv': True, 'obv_slope': 160, 'en_cci': False, 'cci_n': 117, 'cci_threshold': 300, 'en_rsi': True, 'rsi_n': 37, 'rsi_lower': 20, 'rsi_upper': 75, 'en_stochastic': False, 'stochastic_n': 66, 'stochastic_d': 9, 'stochastic_lower': 40, 'stochastic_upper': 60, 'en_mfi': False, 'mfi_n': 90, 'mfi_lower': 7, 'mfi_upper': 65, 'en_bollinger': False, 'bollinger_n': 96, 'bollinger_k': 4.6000000000000005, 'en_adx': True, 'adx_n': 56, 'adx_threshold': 7, 'en_structure_trend': False, 'structure_trend_swing_l': 14, 'en_order_block': True, 'order_block_swing_l': 18, 'en_fvg': False, 'fvg_lookback': 42, 'en_ifvg': True, 'en_breaker': True, 'breaker_swing_l': 20, 'en_cisd': False, 'k': 5, 'en_cap_bars': True, 'cap_1min': 3}.
[I 2026-07-13 17:41:40,745] Trial 643 finished with values: [144.06073615497007, -209.5374327812533, 58.8] and parameters: {'sl_soft': 10.245954328680858, 'sl_hard_delta': 2.661532227567695, 'tp': 23.976700355745017, 'gate_pct': 45.98205069731719, 'dd_limit': 2816.719005079483, 'cooldown': 22, 'flip': False, 'en_ema_trend': False, 'ema_trend_fast': 41, 'ema_trend_slow': 187, 'en_sma_trend': True, 'sma_trend_fast': 7, 'sma_trend_slow': 57, 'en_macd': True, 'macd_fast': 69, 'macd_slow': 63, 'macd_signal': 41, 'en_vwap': False, 'en_keltner': True, 'keltner_n': 175, 'keltner_m': 4.300000000000001, 'en_obv': True, 'obv_slope': 160, 'en_cci': False, 'cci_n': 117, 'cci_threshold': 30, 'en_rsi': True, 'rsi_n': 37, 'rsi_lower': 20, 'rsi_upper': 77, 'en_stochastic': False, 'stochastic_n': 66, 'stochastic_d': 9, 'stochastic_lower': 40, 'stochastic_upper': 60, 'en_mfi': False, 'mfi_n': 90, 'mfi_lower': 7, 'mfi_upper': 74, 'en_bollinger': True, 'bollinger_n': 131, 'bollinger_k': 4.6000000000000005, 'en_adx': True, 'adx_n': 99, 'adx_threshold': 7, 'en_structure_trend': True, 'structure_trend_swing_l': 19, 'en_order_block': True, 'order_block_swing_l': 8, 'en_fvg': False, 'fvg_lookback': 42, 'en_ifvg': True, 'en_breaker': True, 'breaker_swing_l': 20, 'en_cisd': False, 'k': 2, 'en_cap_bars': True, 'cap_1min': 3}.
[I 2026-07-13 17:41:42,098] Trial 644 finished with values: [176.79903239642954, -944.6010699651015, 40.85] and parameters: {'sl_soft': 14.695606985122541, 'sl_hard_delta': 2.661532227567695, 'tp': 27.72259577195913, 'gate_pct': 42.37120833684469, 'dd_limit': 3719.9389583336606, 'cooldown': 22, 'flip': False, 'en_ema_trend': False, 'ema_trend_fast': 95, 'ema_trend_slow': 187, 'en_sma_trend': False, 'sma_trend_fast': 62, 'sma_trend_slow': 250, 'en_macd': True, 'macd_fast': 44, 'macd_slow': 151, 'macd_signal': 41, 'en_vwap': True, 'en_keltner': True, 'keltner_n': 175, 'keltner_m': 4.0, 'en_obv': True, 'obv_slope': 160, 'en_cci': False, 'cci_n': 33, 'cci_threshold': 30, 'en_rsi': True, 'rsi_n': 52, 'rsi_lower': 20, 'rsi_upper': 77, 'en_stochastic': False, 'stochastic_n': 88, 'stochastic_d': 28, 'stochastic_lower': 27, 'stochastic_upper': 90, 'en_mfi': False, 'mfi_n': 90, 'mfi_lower': 7, 'mfi_upper': 59, 'en_bollinger': False, 'bollinger_n': 96, 'bollinger_k': 0.8, 'en_adx': False, 'adx_n': 56, 'adx_threshold': 12, 'en_structure_trend': False, 'structure_trend_swing_l': 14, 'en_order_block': True, 'order_block_swing_l': 18, 'en_fvg': False, 'fvg_lookback': 42, 'en_ifvg': True, 'en_breaker': True, 'breaker_swing_l': 20, 'en_cisd': True, 'k': 4, 'en_cap_bars': False, 'cap_1min': 3}.
[I 2026-07-13 17:41:42,479] Trial 645 pruned. 
[I 2026-07-13 17:41:44,955] Trial 646 finished with values: [818.1506011330566, -1425.3224765814593, 49.55] and parameters: {'sl_soft': 14.695606985122541, 'sl_hard_delta': 16.86135074536918, 'tp': 30.9300733340449, 'gate_pct': 74.64771504966384, 'dd_limit': 3617.657841686699, 'cooldown': 2, 'flip': True, 'en_ema_trend': False, 'ema_trend_fast': 271, 'ema_trend_slow': 346, 'en_sma_trend': False, 'sma_trend_fast': 395, 'sma_trend_slow': 250, 'en_macd': True, 'macd_fast': 30, 'macd_slow': 167, 'macd_signal': 87, 'en_vwap': False, 'en_keltner': True, 'keltner_n': 168, 'keltner_m': 4.300000000000001, 'en_obv': False, 'obv_slope': 185, 'en_cci': True, 'cci_n': 88, 'cci_threshold': 120, 'en_rsi': False, 'rsi_n': 23, 'rsi_lower': 7, 'rsi_upper': 94, 'en_stochastic': False, 'stochastic_n': 77, 'stochastic_d': 24, 'stochastic_lower': 40, 'stochastic_upper': 90, 'en_mfi': True, 'mfi_n': 13, 'mfi_lower': 23, 'mfi_upper': 62, 'en_bollinger': True, 'bollinger_n': 127, 'bollinger_k': 3.4000000000000004, 'en_adx': False, 'adx_n': 56, 'adx_threshold': 32, 'en_structure_trend': True, 'structure_trend_swing_l': 18, 'en_order_block': True, 'order_block_swing_l': 13, 'en_fvg': False, 'fvg_lookback': 38, 'en_ifvg': True, 'en_breaker': False, 'breaker_swing_l': 19, 'en_cisd': True, 'k': 4, 'en_cap_bars': False, 'cap_1min': 651}.
[I 2026-07-13 17:41:45,803] Trial 647 pruned. 
[I 2026-07-13 17:41:46,180] Trial 648 finished with values: [330.84052301614065, -492.77086940684967, 56.35] and parameters: {'sl_soft': 20.421932129471724, 'sl_hard_delta': 18.132241751897425, 'tp': 27.72259577195913, 'gate_pct': 42.37120833684469, 'dd_limit': 9508.627019250667, 'cooldown': 22, 'flip': False, 'en_ema_trend': True, 'ema_trend_fast': 41, 'ema_trend_slow': 346, 'en_sma_trend': True, 'sma_trend_fast': 7, 'sma_trend_slow': 57, 'en_macd': True, 'macd_fast': 69, 'macd_slow': 63, 'macd_signal': 31, 'en_vwap': True, 'en_keltner': True, 'keltner_n': 3, 'keltner_m': 4.0, 'en_obv': True, 'obv_slope': 160, 'en_cci': False, 'cci_n': 117, 'cci_threshold': 300, 'en_rsi': True, 'rsi_n': 52, 'rsi_lower': 20, 'rsi_upper': 75, 'en_stochastic': False, 'stochastic_n': 66, 'stochastic_d': 9, 'stochastic_lower': 40, 'stochastic_upper': 60, 'en_mfi': False, 'mfi_n': 90, 'mfi_lower': 7, 'mfi_upper': 65, 'en_bollinger': False, 'bollinger_n': 96, 'bollinger_k': 4.6000000000000005, 'en_adx': False, 'adx_n': 60, 'adx_threshold': 7, 'en_structure_trend': False, 'structure_trend_swing_l': 14, 'en_order_block': True, 'order_block_swing_l': 16, 'en_fvg': False, 'fvg_lookback': 29, 'en_ifvg': True, 'en_breaker': True, 'breaker_swing_l': 20, 'en_cisd': False, 'k': 1, 'en_cap_bars': True, 'cap_1min': 3}.
[I 2026-07-13 17:41:48,125] Trial 649 finished with values: [-10.213107244198909, -720.717066506877, 34.95] and parameters: {'sl_soft': 10.245954328680858, 'sl_hard_delta': 18.132241751897425, 'tp': 27.72259577195913, 'gate_pct': 42.37120833684469, 'dd_limit': 4207.99661406946, 'cooldown': 22, 'flip': False, 'en_ema_trend': False, 'ema_trend_fast': 41, 'ema_trend_slow': 135, 'en_sma_trend': True, 'sma_trend_fast': 224, 'sma_trend_slow': 57, 'en_macd': True, 'macd_fast': 24, 'macd_slow': 63, 'macd_signal': 31, 'en_vwap': True, 'en_keltner': True, 'keltner_n': 3, 'keltner_m': 2.2, 'en_obv': True, 'obv_slope': 184, 'en_cci': False, 'cci_n': 117, 'cci_threshold': 80, 'en_rsi': True, 'rsi_n': 17, 'rsi_lower': 20, 'rsi_upper': 98, 'en_stochastic': False, 'stochastic_n': 59, 'stochastic_d': 9, 'stochastic_lower': 40, 'stochastic_upper': 60, 'en_mfi': True, 'mfi_n': 89, 'mfi_lower': 10, 'mfi_upper': 65, 'en_bollinger': True, 'bollinger_n': 85, 'bollinger_k': 3.0, 'en_adx': False, 'adx_n': 60, 'adx_threshold': 46, 'en_structure_trend': False, 'structure_trend_swing_l': 11, 'en_order_block': True, 'order_block_swing_l': 16, 'en_fvg': False, 'fvg_lookback': 42, 'en_ifvg': True, 'en_breaker': True, 'breaker_swing_l': 8, 'en_cisd': False, 'k': 1, 'en_cap_bars': True, 'cap_1min': 759}.
[I 2026-07-13 17:41:48,462] Trial 650 finished with values: [-466.49541869966924, -1323.201242207906, 48.25] and parameters: {'sl_soft': 27.25884357896654, 'sl_hard_delta': 16.86135074536918, 'tp': 25.60014020708973, 'gate_pct': 58.77346993604095, 'dd_limit': 5783.923331052917, 'cooldown': 1, 'flip': False, 'en_ema_trend': False, 'ema_trend_fast': 351, 'ema_trend_slow': 187, 'en_sma_trend': False, 'sma_trend_fast': 70, 'sma_trend_slow': 250, 'en_macd': False, 'macd_fast': 44, 'macd_slow': 105, 'macd_signal': 21, 'en_vwap': False, 'en_keltner': False, 'keltner_n': 175, 'keltner_m': 4.300000000000001, 'en_obv': True, 'obv_slope': 160, 'en_cci': False, 'cci_n': 158, 'cci_threshold': 155, 'en_rsi': True, 'rsi_n': 19, 'rsi_lower': 20, 'rsi_upper': 77, 'en_stochastic': True, 'stochastic_n': 69, 'stochastic_d': 28, 'stochastic_lower': 27, 'stochastic_upper': 89, 'en_mfi': False, 'mfi_n': 13, 'mfi_lower': 20, 'mfi_upper': 79, 'en_bollinger': False, 'bollinger_n': 92, 'bollinger_k': 1.5, 'en_adx': False, 'adx_n': 67, 'adx_threshold': 35, 'en_structure_trend': True, 'structure_trend_swing_l': 10, 'en_order_block': True, 'order_block_swing_l': 8, 'en_fvg': False, 'fvg_lookback': 41, 'en_ifvg': True, 'en_breaker': True, 'breaker_swing_l': 20, 'en_cisd': False, 'k': 4, 'en_cap_bars': True, 'cap_1min': 772}.
[I 2026-07-13 17:41:48,774] Trial 651 finished with values: [61.30110363144922, -237.39779273710155, 57.9] and parameters: {'sl_soft': 10.245954328680858, 'sl_hard_delta': 27.233604218737224, 'tp': 27.72259577195913, 'gate_pct': 42.37120833684469, 'dd_limit': 3719.9389583336606, 'cooldown': 18, 'flip': False, 'en_ema_trend': False, 'ema_trend_fast': 41, 'ema_trend_slow': 346, 'en_sma_trend': True, 'sma_trend_fast': 283, 'sma_trend_slow': 57, 'en_macd': True, 'macd_fast': 50, 'macd_slow': 155, 'macd_signal': 41, 'en_vwap': True, 'en_keltner': True, 'keltner_n': 3, 'keltner_m': 4.0, 'en_obv': True, 'obv_slope': 61, 'en_cci': False, 'cci_n': 117, 'cci_threshold': 300, 'en_rsi': True, 'rsi_n': 52, 'rsi_lower': 20, 'rsi_upper': 75, 'en_stochastic': False, 'stochastic_n': 66, 'stochastic_d': 9, 'stochastic_lower': 40, 'stochastic_upper': 60, 'en_mfi': False, 'mfi_n': 89, 'mfi_lower': 7, 'mfi_upper': 65, 'en_bollinger': True, 'bollinger_n': 96, 'bollinger_k': 4.6000000000000005, 'en_adx': True, 'adx_n': 56, 'adx_threshold': 7, 'en_structure_trend': True, 'structure_trend_swing_l': 8, 'en_order_block': True, 'order_block_swing_l': 12, 'en_fvg': True, 'fvg_lookback': 42, 'en_ifvg': True, 'en_breaker': False, 'breaker_swing_l': 20, 'en_cisd': False, 'k': 5, 'en_cap_bars': True, 'cap_1min': 3}.
[I 2026-07-13 17:41:49,492] Trial 652 pruned. 
[I 2026-07-13 17:41:50,170] Trial 653 finished with values: [404.17978375533494, -914.4032659467484, 46.150000000000006] and parameters: {'sl_soft': 14.695606985122541, 'sl_hard_delta': 16.86135074536918, 'tp': 30.9300733340449, 'gate_pct': 49.958417067888604, 'dd_limit': 5783.923331052917, 'cooldown': 2, 'flip': True, 'en_ema_trend': False, 'ema_trend_fast': 95, 'ema_trend_slow': 346, 'en_sma_trend': False, 'sma_trend_fast': 337, 'sma_trend_slow': 250, 'en_macd': True, 'macd_fast': 25, 'macd_slow': 174, 'macd_signal': 87, 'en_vwap': True, 'en_keltner': False, 'keltner_n': 175, 'keltner_m': 4.300000000000001, 'en_obv': False, 'obv_slope': 185, 'en_cci': True, 'cci_n': 33, 'cci_threshold': 250, 'en_rsi': True, 'rsi_n': 23, 'rsi_lower': 11, 'rsi_upper': 88, 'en_stochastic': False, 'stochastic_n': 77, 'stochastic_d': 50, 'stochastic_lower': 38, 'stochastic_upper': 90, 'en_mfi': False, 'mfi_n': 13, 'mfi_lower': 15, 'mfi_upper': 58, 'en_bollinger': False, 'bollinger_n': 195, 'bollinger_k': 3.4000000000000004, 'en_adx': False, 'adx_n': 54, 'adx_threshold': 12, 'en_structure_trend': False, 'structure_trend_swing_l': 18, 'en_order_block': True, 'order_block_swing_l': 13, 'en_fvg': False, 'fvg_lookback': 34, 'en_ifvg': False, 'en_breaker': True, 'breaker_swing_l': 20, 'en_cisd': True, 'k': 4, 'en_cap_bars': False, 'cap_1min': 3}.
[I 2026-07-13 17:41:55,830] Trial 654 finished with values: [152.63719216995014, -614.3802572789355, 43.2] and parameters: {'sl_soft': 12.023742953585678, 'sl_hard_delta': 2.661532227567695, 'tp': 23.976700355745017, 'gate_pct': 52.7932312951505, 'dd_limit': 2816.719005079483, 'cooldown': 22, 'flip': True, 'en_ema_trend': False, 'ema_trend_fast': 284, 'ema_trend_slow': 311, 'en_sma_trend': False, 'sma_trend_fast': 10, 'sma_trend_slow': 250, 'en_macd': False, 'macd_fast': 44, 'macd_slow': 151, 'macd_signal': 41, 'en_vwap': True, 'en_keltner': True, 'keltner_n': 6, 'keltner_m': 4.300000000000001, 'en_obv': True, 'obv_slope': 160, 'en_cci': False, 'cci_n': 33, 'cci_threshold': 120, 'en_rsi': True, 'rsi_n': 52, 'rsi_lower': 20, 'rsi_upper': 77, 'en_stochastic': True, 'stochastic_n': 15, 'stochastic_d': 37, 'stochastic_lower': 27, 'stochastic_upper': 90, 'en_mfi': False, 'mfi_n': 90, 'mfi_lower': 20, 'mfi_upper': 59, 'en_bollinger': True, 'bollinger_n': 96, 'bollinger_k': 1.7000000000000002, 'en_adx': False, 'adx_n': 29, 'adx_threshold': 7, 'en_structure_trend': False, 'structure_trend_swing_l': 19, 'en_order_block': True, 'order_block_swing_l': 12, 'en_fvg': False, 'fvg_lookback': 26, 'en_ifvg': True, 'en_breaker': False, 'breaker_swing_l': 2, 'en_cisd': False, 'k': 1, 'en_cap_bars': False, 'cap_1min': 3}.
[I 2026-07-13 17:41:57,407] Trial 655 finished with values: [-42.611604914036434, -1585.384730510159, 37.0] and parameters: {'sl_soft': 14.695606985122541, 'sl_hard_delta': 4.304782983548088, 'tp': 30.9300733340449, 'gate_pct': 58.77346993604095, 'dd_limit': 365.1680353374175, 'cooldown': 1, 'flip': False, 'en_ema_trend': True, 'ema_trend_fast': 95, 'ema_trend_slow': 346, 'en_sma_trend': False, 'sma_trend_fast': 154, 'sma_trend_slow': 250, 'en_macd': False, 'macd_fast': 25, 'macd_slow': 151, 'macd_signal': 22, 'en_vwap': False, 'en_keltner': False, 'keltner_n': 80, 'keltner_m': 4.300000000000001, 'en_obv': False, 'obv_slope': 185, 'en_cci': True, 'cci_n': 33, 'cci_threshold': 250, 'en_rsi': True, 'rsi_n': 23, 'rsi_lower': 16, 'rsi_upper': 94, 'en_stochastic': False, 'stochastic_n': 77, 'stochastic_d': 50, 'stochastic_lower': 38, 'stochastic_upper': 90, 'en_mfi': True, 'mfi_n': 13, 'mfi_lower': 27, 'mfi_upper': 78, 'en_bollinger': False, 'bollinger_n': 195, 'bollinger_k': 4.8, 'en_adx': False, 'adx_n': 54, 'adx_threshold': 35, 'en_structure_trend': False, 'structure_trend_swing_l': 14, 'en_order_block': False, 'order_block_swing_l': 13, 'en_fvg': False, 'fvg_lookback': 41, 'en_ifvg': True, 'en_breaker': False, 'breaker_swing_l': 9, 'en_cisd': True, 'k': 4, 'en_cap_bars': False, 'cap_1min': 1085}.
[I 2026-07-13 17:42:02,890] Trial 656 finished with values: [-72.3643232075301, -357.7837914972042, 35.0] and parameters: {'sl_soft': 14.695606985122541, 'sl_hard_delta': 4.304782983548088, 'tp': 27.72259577195913, 'gate_pct': 58.77346993604095, 'dd_limit': 365.1680353374175, 'cooldown': 33, 'flip': False, 'en_ema_trend': True, 'ema_trend_fast': 95, 'ema_trend_slow': 207, 'en_sma_trend': True, 'sma_trend_fast': 154, 'sma_trend_slow': 250, 'en_macd': False, 'macd_fast': 30, 'macd_slow': 151, 'macd_signal': 22, 'en_vwap': False, 'en_keltner': False, 'keltner_n': 149, 'keltner_m': 4.0, 'en_obv': False, 'obv_slope': 160, 'en_cci': True, 'cci_n': 33, 'cci_threshold': 30, 'en_rsi': True, 'rsi_n': 37, 'rsi_lower': 16, 'rsi_upper': 54, 'en_stochastic': True, 'stochastic_n': 88, 'stochastic_d': 13, 'stochastic_lower': 38, 'stochastic_upper': 90, 'en_mfi': True, 'mfi_n': 68, 'mfi_lower': 27, 'mfi_upper': 65, 'en_bollinger': False, 'bollinger_n': 195, 'bollinger_k': 4.8, 'en_adx': False, 'adx_n': 54, 'adx_threshold': 8, 'en_structure_trend': False, 'structure_trend_swing_l': 14, 'en_order_block': True, 'order_block_swing_l': 12, 'en_fvg': False, 'fvg_lookback': 37, 'en_ifvg': True, 'en_breaker': True, 'breaker_swing_l': 20, 'en_cisd': False, 'k': 4, 'en_cap_bars': False, 'cap_1min': 833}.
[I 2026-07-13 17:42:03,777] Trial 657 finished with values: [50.16641208158035, -927.4309922950488, 50.85] and parameters: {'sl_soft': 13.186315729842667, 'sl_hard_delta': 18.132241751897425, 'tp': 23.976700355745017, 'gate_pct': 96.7516051221724, 'dd_limit': 1393.7003097166044, 'cooldown': 1, 'flip': True, 'en_ema_trend': False, 'ema_trend_fast': 104, 'ema_trend_slow': 346, 'en_sma_trend': False, 'sma_trend_fast': 154, 'sma_trend_slow': 29, 'en_macd': True, 'macd_fast': 69, 'macd_slow': 167, 'macd_signal': 24, 'en_vwap': False, 'en_keltner': True, 'keltner_n': 178, 'keltner_m': 4.8, 'en_obv': True, 'obv_slope': 177, 'en_cci': False, 'cci_n': 117, 'cci_threshold': 155, 'en_rsi': False, 'rsi_n': 88, 'rsi_lower': 11, 'rsi_upper': 55, 'en_stochastic': False, 'stochastic_n': 63, 'stochastic_d': 12, 'stochastic_lower': 40, 'stochastic_upper': 74, 'en_mfi': True, 'mfi_n': 4, 'mfi_lower': 12, 'mfi_upper': 87, 'en_bollinger': True, 'bollinger_n': 127, 'bollinger_k': 1.7000000000000002, 'en_adx': False, 'adx_n': 48, 'adx_threshold': 34, 'en_structure_trend': False, 'structure_trend_swing_l': 14, 'en_order_block': False, 'order_block_swing_l': 18, 'en_fvg': False, 'fvg_lookback': 38, 'en_ifvg': True, 'en_breaker': True, 'breaker_swing_l': 20, 'en_cisd': False, 'k': 5, 'en_cap_bars': True, 'cap_1min': 772}.
[I 2026-07-13 17:42:04,070] Trial 658 finished with values: [212.28870640135938, -509.1392436850947, 51.3] and parameters: {'sl_soft': 14.695606985122541, 'sl_hard_delta': 18.132241751897425, 'tp': 35.9154825605429, 'gate_pct': 42.37120833684469, 'dd_limit': 365.1680353374175, 'cooldown': 14, 'flip': False, 'en_ema_trend': False, 'ema_trend_fast': 104, 'ema_trend_slow': 346, 'en_sma_trend': False, 'sma_trend_fast': 283, 'sma_trend_slow': 250, 'en_macd': False, 'macd_fast': 44, 'macd_slow': 94, 'macd_signal': 41, 'en_vwap': True, 'en_keltner': True, 'keltner_n': 3, 'keltner_m': 4.300000000000001, 'en_obv': False, 'obv_slope': 160, 'en_cci': True, 'cci_n': 117, 'cci_threshold': 80, 'en_rsi': True, 'rsi_n': 52, 'rsi_lower': 20, 'rsi_upper': 75, 'en_stochastic': False, 'stochastic_n': 59, 'stochastic_d': 9, 'stochastic_lower': 16, 'stochastic_upper': 89, 'en_mfi': False, 'mfi_n': 90, 'mfi_lower': 20, 'mfi_upper': 65, 'en_bollinger': True, 'bollinger_n': 137, 'bollinger_k': 4.6000000000000005, 'en_adx': True, 'adx_n': 56, 'adx_threshold': 7, 'en_structure_trend': True, 'structure_trend_swing_l': 19, 'en_order_block': True, 'order_block_swing_l': 18, 'en_fvg': False, 'fvg_lookback': 37, 'en_ifvg': True, 'en_breaker': False, 'breaker_swing_l': 2, 'en_cisd': False, 'k': 5, 'en_cap_bars': True, 'cap_1min': 3}.
[I 2026-07-13 17:42:05,604] Trial 659 finished with values: [6.155908725231711, -570.0480385301125, 49.6] and parameters: {'sl_soft': 13.186315729842667, 'sl_hard_delta': 1.786904617958767, 'tp': 27.72259577195913, 'gate_pct': 42.37120833684469, 'dd_limit': 9508.627019250667, 'cooldown': 22, 'flip': False, 'en_ema_trend': False, 'ema_trend_fast': 104, 'ema_trend_slow': 346, 'en_sma_trend': False, 'sma_trend_fast': 154, 'sma_trend_slow': 230, 'en_macd': True, 'macd_fast': 50, 'macd_slow': 63, 'macd_signal': 22, 'en_vwap': False, 'en_keltner': True, 'keltner_n': 178, 'keltner_m': 4.0, 'en_obv': False, 'obv_slope': 15, 'en_cci': False, 'cci_n': 188, 'cci_threshold': 300, 'en_rsi': True, 'rsi_n': 52, 'rsi_lower': 11, 'rsi_upper': 75, 'en_stochastic': False, 'stochastic_n': 63, 'stochastic_d': 12, 'stochastic_lower': 38, 'stochastic_upper': 60, 'en_mfi': False, 'mfi_n': 89, 'mfi_lower': 49, 'mfi_upper': 65, 'en_bollinger': True, 'bollinger_n': 96, 'bollinger_k': 4.6000000000000005, 'en_adx': False, 'adx_n': 48, 'adx_threshold': 7, 'en_structure_trend': False, 'structure_trend_swing_l': 8, 'en_order_block': False, 'order_block_swing_l': 17, 'en_fvg': False, 'fvg_lookback': 38, 'en_ifvg': False, 'en_breaker': False, 'breaker_swing_l': 20, 'en_cisd': True, 'k': 4, 'en_cap_bars': True, 'cap_1min': 3}.
