[I 2026-07-13 17:42:20,420] Trial 1509 finished with values: [405.0, -295.0, 56.35] and parameters: {'sl_soft': 158.92345486967875, 'sl_hard_delta': 18.57150561668505, 'tp': 296.90940468367796, 'gate_pct': 81.43219065749138, 'dd_limit': 9508.627019250667, 'cooldown': 5, 'flip': True, 'en_ema_trend': False, 'ema_trend_fast': 177, 'ema_trend_slow': 346, 'en_sma_trend': False, 'sma_trend_fast': 221, 'sma_trend_slow': 250, 'en_macd': True, 'macd_fast': 49, 'macd_slow': 63, 'macd_signal': 41, 'en_vwap': False, 'en_keltner': True, 'keltner_n': 17, 'keltner_m': 4.0, 'en_obv': True, 'obv_slope': 160, 'en_cci': True, 'cci_n': 21, 'cci_threshold': 30, 'en_rsi': False, 'rsi_n': 39, 'rsi_lower': 20, 'rsi_upper': 71, 'en_stochastic': True, 'stochastic_n': 88, 'stochastic_d': 14, 'stochastic_lower': 14, 'stochastic_upper': 60, 'en_mfi': False, 'mfi_n': 11, 'mfi_lower': 17, 'mfi_upper': 65, 'en_bollinger': False, 'bollinger_n': 182, 'bollinger_k': 4.300000000000001, 'en_adx': False, 'adx_n': 54, 'adx_threshold': 21, 'en_structure_trend': False, 'structure_trend_swing_l': 14, 'en_order_block': False, 'order_block_swing_l': 19, 'en_fvg': False, 'fvg_lookback': 42, 'en_ifvg': True, 'en_breaker': True, 'breaker_swing_l': 15, 'en_cisd': True, 'k': 4, 'en_cap_bars': True, 'cap_1min': 3}.
[I 2026-07-13 17:42:21,572] Trial 1510 finished with values: [382.5, -265.0, 60.6] and parameters: {'sl_soft': 39.62905967140161, 'sl_hard_delta': 29.30242220933063, 'tp': 196.03928967751625, 'gate_pct': 81.43219065749138, 'dd_limit': 9508.627019250667, 'cooldown': 5, 'flip': True, 'en_ema_trend': False, 'ema_trend_fast': 340, 'ema_trend_slow': 346, 'en_sma_trend': False, 'sma_trend_fast': 221, 'sma_trend_slow': 258, 'en_macd': True, 'macd_fast': 13, 'macd_slow': 63, 'macd_signal': 41, 'en_vwap': False, 'en_keltner': True, 'keltner_n': 17, 'keltner_m': 4.0, 'en_obv': True, 'obv_slope': 160, 'en_cci': True, 'cci_n': 21, 'cci_threshold': 30, 'en_rsi': False, 'rsi_n': 39, 'rsi_lower': 23, 'rsi_upper': 71, 'en_stochastic': True, 'stochastic_n': 88, 'stochastic_d': 14, 'stochastic_lower': 17, 'stochastic_upper': 68, 'en_mfi': False, 'mfi_n': 11, 'mfi_lower': 17, 'mfi_upper': 65, 'en_bollinger': False, 'bollinger_n': 182, 'bollinger_k': 4.300000000000001, 'en_adx': False, 'adx_n': 54, 'adx_threshold': 21, 'en_structure_trend': False, 'structure_trend_swing_l': 14, 'en_order_block': True, 'order_block_swing_l': 10, 'en_fvg': False, 'fvg_lookback': 42, 'en_ifvg': True, 'en_breaker': True, 'breaker_swing_l': 15, 'en_cisd': False, 'k': 4, 'en_cap_bars': True, 'cap_1min': 3}.
[I 2026-07-13 17:42:21,854] Trial 1511 finished with values: [2205.1923099465785, -2681.1293853950338, 52.25] and parameters: {'sl_soft': 158.92345486967875, 'sl_hard_delta': 29.30242220933063, 'tp': 196.03928967751625, 'gate_pct': 81.43219065749138, 'dd_limit': 9508.627019250667, 'cooldown': 1, 'flip': True, 'en_ema_trend': False, 'ema_trend_fast': 340, 'ema_trend_slow': 381, 'en_sma_trend': True, 'sma_trend_fast': 221, 'sma_trend_slow': 258, 'en_macd': True, 'macd_fast': 49, 'macd_slow': 63, 'macd_signal': 41, 'en_vwap': False, 'en_keltner': True, 'keltner_n': 17, 'keltner_m': 4.0, 'en_obv': True, 'obv_slope': 160, 'en_cci': True, 'cci_n': 33, 'cci_threshold': 170, 'en_rsi': False, 'rsi_n': 39, 'rsi_lower': 20, 'rsi_upper': 71, 'en_stochastic': True, 'stochastic_n': 88, 'stochastic_d': 14, 'stochastic_lower': 17, 'stochastic_upper': 60, 'en_mfi': False, 'mfi_n': 11, 'mfi_lower': 17, 'mfi_upper': 57, 'en_bollinger': False, 'bollinger_n': 182, 'bollinger_k': 4.300000000000001, 'en_adx': False, 'adx_n': 99, 'adx_threshold': 21, 'en_structure_trend': False, 'structure_trend_swing_l': 14, 'en_order_block': False, 'order_block_swing_l': 19, 'en_fvg': False, 'fvg_lookback': 42, 'en_ifvg': True, 'en_breaker': True, 'breaker_swing_l': 15, 'en_cisd': False, 'k': 4, 'en_cap_bars': False, 'cap_1min': 3}.
[I 2026-07-13 17:42:23,172] Trial 1512 pruned. 
[I 2026-07-13 17:42:23,404] Trial 1513 finished with values: [2103.999865192436, -2005.0, 38.4] and parameters: {'sl_soft': 39.62905967140161, 'sl_hard_delta': 79.12460134926219, 'tp': 196.03928967751625, 'gate_pct': 89.05172352244134, 'dd_limit': 9508.627019250667, 'cooldown': 5, 'flip': True, 'en_ema_trend': False, 'ema_trend_fast': 177, 'ema_trend_slow': 346, 'en_sma_trend': False, 'sma_trend_fast': 221, 'sma_trend_slow': 258, 'en_macd': True, 'macd_fast': 49, 'macd_slow': 63, 'macd_signal': 41, 'en_vwap': False, 'en_keltner': True, 'keltner_n': 17, 'keltner_m': 4.0, 'en_obv': True, 'obv_slope': 160, 'en_cci': False, 'cci_n': 33, 'cci_threshold': 30, 'en_rsi': True, 'rsi_n': 39, 'rsi_lower': 20, 'rsi_upper': 71, 'en_stochastic': True, 'stochastic_n': 88, 'stochastic_d': 14, 'stochastic_lower': 17, 'stochastic_upper': 68, 'en_mfi': False, 'mfi_n': 11, 'mfi_lower': 17, 'mfi_upper': 57, 'en_bollinger': False, 'bollinger_n': 182, 'bollinger_k': 4.300000000000001, 'en_adx': False, 'adx_n': 54, 'adx_threshold': 40, 'en_structure_trend': False, 'structure_trend_swing_l': 14, 'en_order_block': False, 'order_block_swing_l': 10, 'en_fvg': False, 'fvg_lookback': 42, 'en_ifvg': True, 'en_breaker': False, 'breaker_swing_l': 15, 'en_cisd': False, 'k': 4, 'en_cap_bars': False, 'cap_1min': 3}.
[I 2026-07-13 17:42:23,693] Trial 1514 finished with values: [1905.6587784503063, -2648.191707797523, 62.5] and parameters: {'sl_soft': 158.92345486967875, 'sl_hard_delta': 29.30242220933063, 'tp': 196.03928967751625, 'gate_pct': 81.43219065749138, 'dd_limit': 7070.895472661624, 'cooldown': 1, 'flip': True, 'en_ema_trend': False, 'ema_trend_fast': 177, 'ema_trend_slow': 346, 'en_sma_trend': False, 'sma_trend_fast': 221, 'sma_trend_slow': 258, 'en_macd': False, 'macd_fast': 71, 'macd_slow': 63, 'macd_signal': 36, 'en_vwap': True, 'en_keltner': True, 'keltner_n': 17, 'keltner_m': 4.0, 'en_obv': True, 'obv_slope': 160, 'en_cci': True, 'cci_n': 21, 'cci_threshold': 170, 'en_rsi': False, 'rsi_n': 39, 'rsi_lower': 24, 'rsi_upper': 59, 'en_stochastic': True, 'stochastic_n': 88, 'stochastic_d': 14, 'stochastic_lower': 17, 'stochastic_upper': 68, 'en_mfi': False, 'mfi_n': 11, 'mfi_lower': 17, 'mfi_upper': 57, 'en_bollinger': False, 'bollinger_n': 182, 'bollinger_k': 4.300000000000001, 'en_adx': False, 'adx_n': 99, 'adx_threshold': 21, 'en_structure_trend': False, 'structure_trend_swing_l': 14, 'en_order_block': True, 'order_block_swing_l': 19, 'en_fvg': False, 'fvg_lookback': 42, 'en_ifvg': True, 'en_breaker': True, 'breaker_swing_l': 5, 'en_cisd': True, 'k': 4, 'en_cap_bars': False, 'cap_1min': 1332}.
[I 2026-07-13 17:42:24,066] Trial 1515 finished with values: [2024.5581839614897, -2681.1293853950338, 65.5] and parameters: {'sl_soft': 158.92345486967875, 'sl_hard_delta': 29.30242220933063, 'tp': 196.03928967751625, 'gate_pct': 81.43219065749138, 'dd_limit': 4319.252370030056, 'cooldown': 1, 'flip': True, 'en_ema_trend': False, 'ema_trend_fast': 177, 'ema_trend_slow': 381, 'en_sma_trend': False, 'sma_trend_fast': 221, 'sma_trend_slow': 258, 'en_macd': True, 'macd_fast': 49, 'macd_slow': 63, 'macd_signal': 13, 'en_vwap': False, 'en_keltner': True, 'keltner_n': 17, 'keltner_m': 4.0, 'en_obv': True, 'obv_slope': 160, 'en_cci': True, 'cci_n': 33, 'cci_threshold': 170, 'en_rsi': False, 'rsi_n': 39, 'rsi_lower': 20, 'rsi_upper': 56, 'en_stochastic': True, 'stochastic_n': 88, 'stochastic_d': 14, 'stochastic_lower': 17, 'stochastic_upper': 68, 'en_mfi': False, 'mfi_n': 11, 'mfi_lower': 17, 'mfi_upper': 99, 'en_bollinger': False, 'bollinger_n': 182, 'bollinger_k': 4.300000000000001, 'en_adx': False, 'adx_n': 97, 'adx_threshold': 21, 'en_structure_trend': False, 'structure_trend_swing_l': 14, 'en_order_block': False, 'order_block_swing_l': 19, 'en_fvg': False, 'fvg_lookback': 42, 'en_ifvg': True, 'en_breaker': True, 'breaker_swing_l': 15, 'en_cisd': False, 'k': 4, 'en_cap_bars': False, 'cap_1min': 3}.
[I 2026-07-13 17:42:24,381] Trial 1516 finished with values: [505.7901065511942, -255.0, 73.35] and parameters: {'sl_soft': 39.62905967140161, 'sl_hard_delta': 29.30242220933063, 'tp': 115.31604262047586, 'gate_pct': 81.43219065749138, 'dd_limit': 9508.627019250667, 'cooldown': 1, 'flip': True, 'en_ema_trend': False, 'ema_trend_fast': 177, 'ema_trend_slow': 346, 'en_sma_trend': False, 'sma_trend_fast': 221, 'sma_trend_slow': 258, 'en_macd': True, 'macd_fast': 49, 'macd_slow': 63, 'macd_signal': 41, 'en_vwap': False, 'en_keltner': True, 'keltner_n': 17, 'keltner_m': 4.0, 'en_obv': True, 'obv_slope': 160, 'en_cci': True, 'cci_n': 33, 'cci_threshold': 30, 'en_rsi': False, 'rsi_n': 59, 'rsi_lower': 20, 'rsi_upper': 71, 'en_stochastic': True, 'stochastic_n': 88, 'stochastic_d': 14, 'stochastic_lower': 17, 'stochastic_upper': 60, 'en_mfi': False, 'mfi_n': 11, 'mfi_lower': 17, 'mfi_upper': 65, 'en_bollinger': False, 'bollinger_n': 182, 'bollinger_k': 4.300000000000001, 'en_adx': False, 'adx_n': 97, 'adx_threshold': 21, 'en_structure_trend': False, 'structure_trend_swing_l': 14, 'en_order_block': False, 'order_block_swing_l': 19, 'en_fvg': False, 'fvg_lookback': 42, 'en_ifvg': True, 'en_breaker': True, 'breaker_swing_l': 15, 'en_cisd': False, 'k': 4, 'en_cap_bars': True, 'cap_1min': 3}.
[I 2026-07-13 17:42:24,593] Trial 1517 pruned. 
[I 2026-07-13 17:42:25,024] Trial 1518 finished with values: [415.0, -365.0, 60.15] and parameters: {'sl_soft': 162.66655367980434, 'sl_hard_delta': 29.30242220933063, 'tp': 196.03928967751625, 'gate_pct': 89.05172352244134, 'dd_limit': 7070.895472661624, 'cooldown': 5, 'flip': True, 'en_ema_trend': False, 'ema_trend_fast': 177, 'ema_trend_slow': 346, 'en_sma_trend': False, 'sma_trend_fast': 221, 'sma_trend_slow': 258, 'en_macd': True, 'macd_fast': 49, 'macd_slow': 63, 'macd_signal': 21, 'en_vwap': False, 'en_keltner': False, 'keltner_n': 175, 'keltner_m': 4.0, 'en_obv': True, 'obv_slope': 160, 'en_cci': False, 'cci_n': 33, 'cci_threshold': 30, 'en_rsi': True, 'rsi_n': 39, 'rsi_lower': 20, 'rsi_upper': 71, 'en_stochastic': True, 'stochastic_n': 88, 'stochastic_d': 50, 'stochastic_lower': 17, 'stochastic_upper': 68, 'en_mfi': False, 'mfi_n': 11, 'mfi_lower': 17, 'mfi_upper': 65, 'en_bollinger': False, 'bollinger_n': 104, 'bollinger_k': 4.300000000000001, 'en_adx': False, 'adx_n': 97, 'adx_threshold': 34, 'en_structure_trend': False, 'structure_trend_swing_l': 14, 'en_order_block': False, 'order_block_swing_l': 19, 'en_fvg': False, 'fvg_lookback': 47, 'en_ifvg': True, 'en_breaker': False, 'breaker_swing_l': 15, 'en_cisd': False, 'k': 4, 'en_cap_bars': True, 'cap_1min': 3}.
[I 2026-07-13 17:42:25,287] Trial 1519 finished with values: [1951.8771415149968, -1774.9496048636502, 73.45] and parameters: {'sl_soft': 158.92345486967875, 'sl_hard_delta': 18.57150561668505, 'tp': 196.03928967751625, 'gate_pct': 81.43219065749138, 'dd_limit': 7070.895472661624, 'cooldown': 1, 'flip': True, 'en_ema_trend': False, 'ema_trend_fast': 177, 'ema_trend_slow': 346, 'en_sma_trend': False, 'sma_trend_fast': 221, 'sma_trend_slow': 250, 'en_macd': True, 'macd_fast': 71, 'macd_slow': 63, 'macd_signal': 41, 'en_vwap': True, 'en_keltner': True, 'keltner_n': 17, 'keltner_m': 4.0, 'en_obv': True, 'obv_slope': 160, 'en_cci': True, 'cci_n': 21, 'cci_threshold': 30, 'en_rsi': False, 'rsi_n': 39, 'rsi_lower': 20, 'rsi_upper': 71, 'en_stochastic': True, 'stochastic_n': 88, 'stochastic_d': 44, 'stochastic_lower': 17, 'stochastic_upper': 68, 'en_mfi': False, 'mfi_n': 11, 'mfi_lower': 17, 'mfi_upper': 65, 'en_bollinger': False, 'bollinger_n': 182, 'bollinger_k': 4.300000000000001, 'en_adx': False, 'adx_n': 99, 'adx_threshold': 21, 'en_structure_trend': False, 'structure_trend_swing_l': 14, 'en_order_block': False, 'order_block_swing_l': 19, 'en_fvg': False, 'fvg_lookback': 42, 'en_ifvg': True, 'en_breaker': True, 'breaker_swing_l': 5, 'en_cisd': False, 'k': 4, 'en_cap_bars': False, 'cap_1min': 3}.
[I 2026-07-13 17:42:25,497] Trial 1520 pruned. 
[I 2026-07-13 17:42:25,812] Trial 1521 finished with values: [1758.9739062894114, -3050.2402810947024, 54.4] and parameters: {'sl_soft': 158.92345486967875, 'sl_hard_delta': 79.12460134926219, 'tp': 296.90940468367796, 'gate_pct': 89.05172352244134, 'dd_limit': 9508.627019250667, 'cooldown': 1, 'flip': True, 'en_ema_trend': False, 'ema_trend_fast': 297, 'ema_trend_slow': 346, 'en_sma_trend': False, 'sma_trend_fast': 221, 'sma_trend_slow': 258, 'en_macd': True, 'macd_fast': 49, 'macd_slow': 87, 'macd_signal': 41, 'en_vwap': False, 'en_keltner': True, 'keltner_n': 17, 'keltner_m': 4.0, 'en_obv': True, 'obv_slope': 160, 'en_cci': True, 'cci_n': 33, 'cci_threshold': 30, 'en_rsi': False, 'rsi_n': 39, 'rsi_lower': 20, 'rsi_upper': 71, 'en_stochastic': True, 'stochastic_n': 88, 'stochastic_d': 14, 'stochastic_lower': 17, 'stochastic_upper': 68, 'en_mfi': False, 'mfi_n': 11, 'mfi_lower': 17, 'mfi_upper': 65, 'en_bollinger': False, 'bollinger_n': 182, 'bollinger_k': 4.300000000000001, 'en_adx': False, 'adx_n': 97, 'adx_threshold': 21, 'en_structure_trend': False, 'structure_trend_swing_l': 14, 'en_order_block': False, 'order_block_swing_l': 19, 'en_fvg': False, 'fvg_lookback': 42, 'en_ifvg': True, 'en_breaker': False, 'breaker_swing_l': 5, 'en_cisd': False, 'k': 4, 'en_cap_bars': False, 'cap_1min': 3}.
[I 2026-07-13 17:42:26,011] Trial 1522 pruned. 
[I 2026-07-13 17:42:26,316] Trial 1523 finished with values: [495.0, -370.0, 61.25] and parameters: {'sl_soft': 158.92345486967875, 'sl_hard_delta': 29.30242220933063, 'tp': 196.03928967751625, 'gate_pct': 81.43219065749138, 'dd_limit': 551.6601649489387, 'cooldown': 2, 'flip': True, 'en_ema_trend': True, 'ema_trend_fast': 177, 'ema_trend_slow': 346, 'en_sma_trend': False, 'sma_trend_fast': 292, 'sma_trend_slow': 250, 'en_macd': True, 'macd_fast': 71, 'macd_slow': 63, 'macd_signal': 36, 'en_vwap': True, 'en_keltner': False, 'keltner_n': 17, 'keltner_m': 4.0, 'en_obv': True, 'obv_slope': 160, 'en_cci': True, 'cci_n': 21, 'cci_threshold': 30, 'en_rsi': True, 'rsi_n': 23, 'rsi_lower': 20, 'rsi_upper': 75, 'en_stochastic': True, 'stochastic_n': 88, 'stochastic_d': 50, 'stochastic_lower': 17, 'stochastic_upper': 68, 'en_mfi': False, 'mfi_n': 58, 'mfi_lower': 17, 'mfi_upper': 65, 'en_bollinger': False, 'bollinger_n': 104, 'bollinger_k': 4.300000000000001, 'en_adx': False, 'adx_n': 99, 'adx_threshold': 21, 'en_structure_trend': False, 'structure_trend_swing_l': 14, 'en_order_block': False, 'order_block_swing_l': 19, 'en_fvg': False, 'fvg_lookback': 42, 'en_ifvg': True, 'en_breaker': False, 'breaker_swing_l': 5, 'en_cisd': True, 'k': 1, 'en_cap_bars': True, 'cap_1min': 3}.
[I 2026-07-13 17:42:27,284] Trial 1524 finished with values: [357.5, -290.0, 61.8] and parameters: {'sl_soft': 162.66655367980434, 'sl_hard_delta': 29.30242220933063, 'tp': 196.03928967751625, 'gate_pct': 81.43219065749138, 'dd_limit': 551.6601649489387, 'cooldown': 2, 'flip': True, 'en_ema_trend': False, 'ema_trend_fast': 177, 'ema_trend_slow': 346, 'en_sma_trend': False, 'sma_trend_fast': 292, 'sma_trend_slow': 250, 'en_macd': True, 'macd_fast': 62, 'macd_slow': 63, 'macd_signal': 41, 'en_vwap': False, 'en_keltner': False, 'keltner_n': 17, 'keltner_m': 4.0, 'en_obv': True, 'obv_slope': 160, 'en_cci': False, 'cci_n': 33, 'cci_threshold': 30, 'en_rsi': True, 'rsi_n': 29, 'rsi_lower': 20, 'rsi_upper': 71, 'en_stochastic': True, 'stochastic_n': 27, 'stochastic_d': 50, 'stochastic_lower': 17, 'stochastic_upper': 60, 'en_mfi': False, 'mfi_n': 11, 'mfi_lower': 15, 'mfi_upper': 65, 'en_bollinger': False, 'bollinger_n': 104, 'bollinger_k': 4.300000000000001, 'en_adx': False, 'adx_n': 97, 'adx_threshold': 34, 'en_structure_trend': False, 'structure_trend_swing_l': 14, 'en_order_block': False, 'order_block_swing_l': 19, 'en_fvg': False, 'fvg_lookback': 42, 'en_ifvg': True, 'en_breaker': False, 'breaker_swing_l': 20, 'en_cisd': True, 'k': 4, 'en_cap_bars': True, 'cap_1min': 3}.
[I 2026-07-13 17:42:27,766] Trial 1525 pruned. 
[I 2026-07-13 17:42:33,417] Trial 1526 finished with values: [1342.6923099465785, -3700.7364886198775, 57.05] and parameters: {'sl_soft': 158.92345486967875, 'sl_hard_delta': 29.30242220933063, 'tp': 196.03928967751625, 'gate_pct': 81.43219065749138, 'dd_limit': 7424.489916885895, 'cooldown': 5, 'flip': True, 'en_ema_trend': False, 'ema_trend_fast': 177, 'ema_trend_slow': 381, 'en_sma_trend': False, 'sma_trend_fast': 221, 'sma_trend_slow': 258, 'en_macd': True, 'macd_fast': 49, 'macd_slow': 63, 'macd_signal': 13, 'en_vwap': False, 'en_keltner': True, 'keltner_n': 17, 'keltner_m': 4.5, 'en_obv': True, 'obv_slope': 160, 'en_cci': True, 'cci_n': 33, 'cci_threshold': 205, 'en_rsi': True, 'rsi_n': 39, 'rsi_lower': 32, 'rsi_upper': 56, 'en_stochastic': True, 'stochastic_n': 13, 'stochastic_d': 44, 'stochastic_lower': 17, 'stochastic_upper': 68, 'en_mfi': False, 'mfi_n': 11, 'mfi_lower': 1, 'mfi_upper': 57, 'en_bollinger': False, 'bollinger_n': 182, 'bollinger_k': 4.300000000000001, 'en_adx': False, 'adx_n': 97, 'adx_threshold': 21, 'en_structure_trend': False, 'structure_trend_swing_l': 19, 'en_order_block': False, 'order_block_swing_l': 3, 'en_fvg': False, 'fvg_lookback': 42, 'en_ifvg': True, 'en_breaker': True, 'breaker_swing_l': 15, 'en_cisd': True, 'k': 4, 'en_cap_bars': False, 'cap_1min': 3}.
[I 2026-07-13 17:42:33,626] Trial 1527 finished with values: [2785.6875693565235, -1610.0, 50.0] and parameters: {'sl_soft': 39.62905967140161, 'sl_hard_delta': 126.45464611929356, 'tp': 196.03928967751625, 'gate_pct': 89.05172352244134, 'dd_limit': 9508.627019250667, 'cooldown': 1, 'flip': True, 'en_ema_trend': False, 'ema_trend_fast': 177, 'ema_trend_slow': 346, 'en_sma_trend': False, 'sma_trend_fast': 221, 'sma_trend_slow': 258, 'en_macd': True, 'macd_fast': 49, 'macd_slow': 63, 'macd_signal': 41, 'en_vwap': False, 'en_keltner': True, 'keltner_n': 17, 'keltner_m': 4.0, 'en_obv': True, 'obv_slope': 160, 'en_cci': False, 'cci_n': 33, 'cci_threshold': 30, 'en_rsi': False, 'rsi_n': 39, 'rsi_lower': 20, 'rsi_upper': 71, 'en_stochastic': True, 'stochastic_n': 88, 'stochastic_d': 14, 'stochastic_lower': 17, 'stochastic_upper': 68, 'en_mfi': False, 'mfi_n': 11, 'mfi_lower': 17, 'mfi_upper': 65, 'en_bollinger': False, 'bollinger_n': 182, 'bollinger_k': 4.300000000000001, 'en_adx': False, 'adx_n': 97, 'adx_threshold': 21, 'en_structure_trend': False, 'structure_trend_swing_l': 14, 'en_order_block': True, 'order_block_swing_l': 19, 'en_fvg': False, 'fvg_lookback': 42, 'en_ifvg': True, 'en_breaker': False, 'breaker_swing_l': 15, 'en_cisd': False, 'k': 4, 'en_cap_bars': False, 'cap_1min': 3}.
[I 2026-07-13 17:42:38,417] Trial 1528 finished with values: [785.0, -830.0, 53.8] and parameters: {'sl_soft': 162.66655367980434, 'sl_hard_delta': 29.30242220933063, 'tp': 196.03928967751625, 'gate_pct': 89.05172352244134, 'dd_limit': 551.6601649489387, 'cooldown': 5, 'flip': True, 'en_ema_trend': True, 'ema_trend_fast': 177, 'ema_trend_slow': 346, 'en_sma_trend': False, 'sma_trend_fast': 292, 'sma_trend_slow': 250, 'en_macd': True, 'macd_fast': 71, 'macd_slow': 15, 'macd_signal': 54, 'en_vwap': True, 'en_keltner': False, 'keltner_n': 175, 'keltner_m': 4.0, 'en_obv': True, 'obv_slope': 182, 'en_cci': False, 'cci_n': 137, 'cci_threshold': 30, 'en_rsi': False, 'rsi_n': 23, 'rsi_lower': 20, 'rsi_upper': 75, 'en_stochastic': True, 'stochastic_n': 5, 'stochastic_d': 50, 'stochastic_lower': 17, 'stochastic_upper': 68, 'en_mfi': False, 'mfi_n': 41, 'mfi_lower': 15, 'mfi_upper': 65, 'en_bollinger': False, 'bollinger_n': 104, 'bollinger_k': 4.300000000000001, 'en_adx': False, 'adx_n': 54, 'adx_threshold': 32, 'en_structure_trend': False, 'structure_trend_swing_l': 15, 'en_order_block': False, 'order_block_swing_l': 20, 'en_fvg': False, 'fvg_lookback': 42, 'en_ifvg': True, 'en_breaker': False, 'breaker_swing_l': 20, 'en_cisd': True, 'k': 1, 'en_cap_bars': True, 'cap_1min': 3}.
[I 2026-07-13 17:42:38,581] Trial 1529 finished with values: [2928.4570888484814, -1064.6574094036623, 48.1] and parameters: {'sl_soft': 39.62905967140161, 'sl_hard_delta': 29.30242220933063, 'tp': 196.03928967751625, 'gate_pct': 89.05172352244134, 'dd_limit': 7070.895472661624, 'cooldown': 1, 'flip': True, 'en_ema_trend': False, 'ema_trend_fast': 177, 'ema_trend_slow': 246, 'en_sma_trend': False, 'sma_trend_fast': 221, 'sma_trend_slow': 250, 'en_macd': True, 'macd_fast': 49, 'macd_slow': 63, 'macd_signal': 41, 'en_vwap': False, 'en_keltner': True, 'keltner_n': 17, 'keltner_m': 4.0, 'en_obv': True, 'obv_slope': 160, 'en_cci': True, 'cci_n': 33, 'cci_threshold': 30, 'en_rsi': False, 'rsi_n': 39, 'rsi_lower': 20, 'rsi_upper': 71, 'en_stochastic': True, 'stochastic_n': 88, 'stochastic_d': 14, 'stochastic_lower': 17, 'stochastic_upper': 68, 'en_mfi': False, 'mfi_n': 11, 'mfi_lower': 17, 'mfi_upper': 65, 'en_bollinger': False, 'bollinger_n': 182, 'bollinger_k': 4.300000000000001, 'en_adx': False, 'adx_n': 97, 'adx_threshold': 21, 'en_structure_trend': False, 'structure_trend_swing_l': 14, 'en_order_block': False, 'order_block_swing_l': 19, 'en_fvg': False, 'fvg_lookback': 42, 'en_ifvg': True, 'en_breaker': False, 'breaker_swing_l': 15, 'en_cisd': False, 'k': 4, 'en_cap_bars': False, 'cap_1min': 3}.
