[I 2026-07-13 17:18:47,166] Trial 547 finished with values: [-1590.0, -3195.0, 48.7] and parameters: {'sl_soft': 263.68549003039107, 'sl_hard_delta': 354.4443350594558, 'tp': 377.92595485564465, 'gate_pct': 54.8778799805964, 'dd_limit': 2548.3308531557964, 'cooldown': 0, 'flip': True, 'en_ema_trend': True, 'ema_trend_fast': 196, 'ema_trend_slow': 17, 'en_sma_trend': False, 'sma_trend_fast': 173, 'sma_trend_slow': 50, 'en_macd': True, 'macd_fast': 80, 'macd_slow': 89, 'macd_signal': 91, 'en_vwap': True, 'en_keltner': True, 'keltner_n': 49, 'keltner_m': 3.3000000000000003, 'en_obv': False, 'obv_slope': 137, 'en_cci': True, 'cci_n': 87, 'cci_threshold': 125, 'en_rsi': True, 'rsi_n': 15, 'rsi_lower': 43, 'rsi_upper': 95, 'en_stochastic': True, 'stochastic_n': 37, 'stochastic_d': 47, 'stochastic_lower': 27, 'stochastic_upper': 93, 'en_mfi': False, 'mfi_n': 61, 'mfi_lower': 19, 'mfi_upper': 86, 'en_bollinger': False, 'bollinger_n': 15, 'bollinger_k': 1.0, 'en_adx': False, 'adx_n': 12, 'adx_threshold': 55, 'en_structure_trend': False, 'structure_trend_swing_l': 3, 'en_order_block': True, 'order_block_swing_l': 6, 'en_fvg': False, 'fvg_lookback': 18, 'en_ifvg': False, 'en_breaker': False, 'breaker_swing_l': 1, 'en_cisd': True, 'k': 1, 'en_cap_bars': True, 'cap_1min': 160}.
[I 2026-07-13 17:19:00,253] Trial 548 finished with values: [2390.1053932338255, -2895.0, 65.7] and parameters: {'sl_soft': 290.77933272481357, 'sl_hard_delta': 223.613668706465, 'tp': 168.84035954891954, 'gate_pct': 79.79473082398957, 'dd_limit': 4383.9268475471445, 'cooldown': 2, 'flip': False, 'en_ema_trend': False, 'ema_trend_fast': 159, 'ema_trend_slow': 266, 'en_sma_trend': True, 'sma_trend_fast': 39, 'sma_trend_slow': 27, 'en_macd': False, 'macd_fast': 80, 'macd_slow': 139, 'macd_signal': 93, 'en_vwap': True, 'en_keltner': True, 'keltner_n': 6, 'keltner_m': 3.8000000000000003, 'en_obv': True, 'obv_slope': 191, 'en_cci': True, 'cci_n': 124, 'cci_threshold': 85, 'en_rsi': False, 'rsi_n': 13, 'rsi_lower': 16, 'rsi_upper': 54, 'en_stochastic': True, 'stochastic_n': 5, 'stochastic_d': 37, 'stochastic_lower': 47, 'stochastic_upper': 68, 'en_mfi': True, 'mfi_n': 33, 'mfi_lower': 28, 'mfi_upper': 90, 'en_bollinger': True, 'bollinger_n': 2, 'bollinger_k': 3.8000000000000003, 'en_adx': True, 'adx_n': 9, 'adx_threshold': 8, 'en_structure_trend': False, 'structure_trend_swing_l': 13, 'en_order_block': False, 'order_block_swing_l': 7, 'en_fvg': False, 'fvg_lookback': 46, 'en_ifvg': True, 'en_breaker': True, 'breaker_swing_l': 6, 'en_cisd': False, 'k': 1, 'en_cap_bars': True, 'cap_1min': 399}.
[I 2026-07-13 17:19:01,319] Trial 549 finished with values: [-233.41220075653837, -7405.130314393791, 51.5] and parameters: {'sl_soft': 96.79556821383326, 'sl_hard_delta': 347.9044607762687, 'tp': 133.9739371212426, 'gate_pct': 77.88062387933805, 'dd_limit': 2773.5122147635702, 'cooldown': 1, 'flip': False, 'en_ema_trend': True, 'ema_trend_fast': 159, 'ema_trend_slow': 266, 'en_sma_trend': False, 'sma_trend_fast': 75, 'sma_trend_slow': 96, 'en_macd': False, 'macd_fast': 80, 'macd_slow': 2, 'macd_signal': 54, 'en_vwap': False, 'en_keltner': False, 'keltner_n': 8, 'keltner_m': 1.7000000000000002, 'en_obv': True, 'obv_slope': 22, 'en_cci': False, 'cci_n': 184, 'cci_threshold': 245, 'en_rsi': True, 'rsi_n': 90, 'rsi_lower': 30, 'rsi_upper': 74, 'en_stochastic': False, 'stochastic_n': 88, 'stochastic_d': 37, 'stochastic_lower': 41, 'stochastic_upper': 68, 'en_mfi': False, 'mfi_n': 65, 'mfi_lower': 18, 'mfi_upper': 90, 'en_bollinger': True, 'bollinger_n': 135, 'bollinger_k': 3.8000000000000003, 'en_adx': True, 'adx_n': 19, 'adx_threshold': 17, 'en_structure_trend': True, 'structure_trend_swing_l': 9, 'en_order_block': False, 'order_block_swing_l': 15, 'en_fvg': False, 'fvg_lookback': 42, 'en_ifvg': True, 'en_breaker': True, 'breaker_swing_l': 7, 'en_cisd': False, 'k': 3, 'en_cap_bars': True, 'cap_1min': 583}.
[I 2026-07-13 17:19:08,908] Trial 550 finished with values: [132.4307566947573, -3680.0, 45.0] and parameters: {'sl_soft': 289.27989949778464, 'sl_hard_delta': 354.4443350594558, 'tp': 405.9723026779043, 'gate_pct': 54.8778799805964, 'dd_limit': 2548.3308531557964, 'cooldown': 1, 'flip': False, 'en_ema_trend': False, 'ema_trend_fast': 195, 'ema_trend_slow': 17, 'en_sma_trend': False, 'sma_trend_fast': 281, 'sma_trend_slow': 116, 'en_macd': False, 'macd_fast': 33, 'macd_slow': 47, 'macd_signal': 20, 'en_vwap': False, 'en_keltner': False, 'keltner_n': 56, 'keltner_m': 3.1, 'en_obv': True, 'obv_slope': 142, 'en_cci': True, 'cci_n': 39, 'cci_threshold': 40, 'en_rsi': False, 'rsi_n': 15, 'rsi_lower': 41, 'rsi_upper': 83, 'en_stochastic': True, 'stochastic_n': 40, 'stochastic_d': 47, 'stochastic_lower': 25, 'stochastic_upper': 97, 'en_mfi': True, 'mfi_n': 97, 'mfi_lower': 13, 'mfi_upper': 86, 'en_bollinger': True, 'bollinger_n': 198, 'bollinger_k': 2.5, 'en_adx': False, 'adx_n': 17, 'adx_threshold': 32, 'en_structure_trend': False, 'structure_trend_swing_l': 5, 'en_order_block': True, 'order_block_swing_l': 9, 'en_fvg': True, 'fvg_lookback': 17, 'en_ifvg': False, 'en_breaker': False, 'breaker_swing_l': 6, 'en_cisd': False, 'k': 2, 'en_cap_bars': False, 'cap_1min': 433}.
[I 2026-07-13 17:19:09,146] Trial 551 finished with values: [1565.000831608595, -4871.7585971231165, 45.7] and parameters: {'sl_soft': 87.52008513176767, 'sl_hard_delta': 13.950258753154337, 'tp': 164.05555215354394, 'gate_pct': 77.88062387933805, 'dd_limit': 5807.677780097662, 'cooldown': 1, 'flip': False, 'en_ema_trend': True, 'ema_trend_fast': 67, 'ema_trend_slow': 292, 'en_sma_trend': False, 'sma_trend_fast': 222, 'sma_trend_slow': 96, 'en_macd': False, 'macd_fast': 89, 'macd_slow': 2, 'macd_signal': 36, 'en_vwap': False, 'en_keltner': False, 'keltner_n': 36, 'keltner_m': 1.3, 'en_obv': True, 'obv_slope': 22, 'en_cci': False, 'cci_n': 154, 'cci_threshold': 25, 'en_rsi': False, 'rsi_n': 90, 'rsi_lower': 30, 'rsi_upper': 89, 'en_stochastic': False, 'stochastic_n': 76, 'stochastic_d': 8, 'stochastic_lower': 7, 'stochastic_upper': 66, 'en_mfi': True, 'mfi_n': 95, 'mfi_lower': 18, 'mfi_upper': 93, 'en_bollinger': True, 'bollinger_n': 135, 'bollinger_k': 3.6, 'en_adx': False, 'adx_n': 20, 'adx_threshold': 51, 'en_structure_trend': True, 'structure_trend_swing_l': 9, 'en_order_block': False, 'order_block_swing_l': 5, 'en_fvg': False, 'fvg_lookback': 42, 'en_ifvg': True, 'en_breaker': True, 'breaker_swing_l': 10, 'en_cisd': False, 'k': 2, 'en_cap_bars': True, 'cap_1min': 1113}.
[I 2026-07-13 17:19:09,909] Trial 552 pruned. 
[I 2026-07-13 17:19:11,832] Trial 553 finished with values: [244.7862516628811, -10077.571985994764, 56.25] and parameters: {'sl_soft': 231.1881311410537, 'sl_hard_delta': 22.10907780503909, 'tp': 155.33488771708926, 'gate_pct': 68.22768503522947, 'dd_limit': 4383.9268475471445, 'cooldown': 1, 'flip': False, 'en_ema_trend': True, 'ema_trend_fast': 324, 'ema_trend_slow': 116, 'en_sma_trend': True, 'sma_trend_fast': 318, 'sma_trend_slow': 268, 'en_macd': False, 'macd_fast': 47, 'macd_slow': 157, 'macd_signal': 65, 'en_vwap': True, 'en_keltner': False, 'keltner_n': 35, 'keltner_m': 1.6, 'en_obv': True, 'obv_slope': 34, 'en_cci': False, 'cci_n': 100, 'cci_threshold': 35, 'en_rsi': True, 'rsi_n': 71, 'rsi_lower': 18, 'rsi_upper': 97, 'en_stochastic': False, 'stochastic_n': 11, 'stochastic_d': 22, 'stochastic_lower': 2, 'stochastic_upper': 82, 'en_mfi': False, 'mfi_n': 62, 'mfi_lower': 28, 'mfi_upper': 86, 'en_bollinger': True, 'bollinger_n': 83, 'bollinger_k': 1.0, 'en_adx': False, 'adx_n': 17, 'adx_threshold': 8, 'en_structure_trend': True, 'structure_trend_swing_l': 13, 'en_order_block': False, 'order_block_swing_l': 5, 'en_fvg': False, 'fvg_lookback': 18, 'en_ifvg': False, 'en_breaker': False, 'breaker_swing_l': 6, 'en_cisd': False, 'k': 2, 'en_cap_bars': True, 'cap_1min': 914}.
[I 2026-07-13 17:19:12,658] Trial 554 finished with values: [2545.3404599401074, -5586.212720079857, 52.95] and parameters: {'sl_soft': 186.7417979615443, 'sl_hard_delta': 347.9044607762687, 'tp': 354.3787279920157, 'gate_pct': 68.87067583562738, 'dd_limit': 7189.695940132639, 'cooldown': 2, 'flip': False, 'en_ema_trend': True, 'ema_trend_fast': 159, 'ema_trend_slow': 125, 'en_sma_trend': True, 'sma_trend_fast': 79, 'sma_trend_slow': 322, 'en_macd': False, 'macd_fast': 80, 'macd_slow': 77, 'macd_signal': 93, 'en_vwap': False, 'en_keltner': True, 'keltner_n': 65, 'keltner_m': 3.8000000000000003, 'en_obv': False, 'obv_slope': 191, 'en_cci': True, 'cci_n': 124, 'cci_threshold': 90, 'en_rsi': False, 'rsi_n': 13, 'rsi_lower': 16, 'rsi_upper': 54, 'en_stochastic': False, 'stochastic_n': 5, 'stochastic_d': 37, 'stochastic_lower': 47, 'stochastic_upper': 68, 'en_mfi': True, 'mfi_n': 32, 'mfi_lower': 44, 'mfi_upper': 90, 'en_bollinger': True, 'bollinger_n': 2, 'bollinger_k': 3.8000000000000003, 'en_adx': True, 'adx_n': 9, 'adx_threshold': 17, 'en_structure_trend': False, 'structure_trend_swing_l': 13, 'en_order_block': False, 'order_block_swing_l': 7, 'en_fvg': False, 'fvg_lookback': 28, 'en_ifvg': True, 'en_breaker': True, 'breaker_swing_l': 7, 'en_cisd': True, 'k': 3, 'en_cap_bars': True, 'cap_1min': 583}.
[I 2026-07-13 17:19:12,899] Trial 555 finished with values: [830.3161797014764, -6541.596404510783, 54.4] and parameters: {'sl_soft': 290.77933272481357, 'sl_hard_delta': 223.613668706465, 'tp': 168.84035954891954, 'gate_pct': 54.8778799805964, 'dd_limit': 2548.3308531557964, 'cooldown': 1, 'flip': False, 'en_ema_trend': True, 'ema_trend_fast': 83, 'ema_trend_slow': 116, 'en_sma_trend': False, 'sma_trend_fast': 334, 'sma_trend_slow': 268, 'en_macd': True, 'macd_fast': 80, 'macd_slow': 91, 'macd_signal': 92, 'en_vwap': True, 'en_keltner': False, 'keltner_n': 153, 'keltner_m': 4.6000000000000005, 'en_obv': True, 'obv_slope': 161, 'en_cci': True, 'cci_n': 125, 'cci_threshold': 85, 'en_rsi': False, 'rsi_n': 15, 'rsi_lower': 18, 'rsi_upper': 71, 'en_stochastic': False, 'stochastic_n': 45, 'stochastic_d': 10, 'stochastic_lower': 40, 'stochastic_upper': 93, 'en_mfi': False, 'mfi_n': 33, 'mfi_lower': 13, 'mfi_upper': 86, 'en_bollinger': False, 'bollinger_n': 133, 'bollinger_k': 1.0, 'en_adx': False, 'adx_n': 11, 'adx_threshold': 32, 'en_structure_trend': False, 'structure_trend_swing_l': 13, 'en_order_block': True, 'order_block_swing_l': 15, 'en_fvg': True, 'fvg_lookback': 25, 'en_ifvg': False, 'en_breaker': False, 'breaker_swing_l': 16, 'en_cisd': True, 'k': 1, 'en_cap_bars': True, 'cap_1min': 399}.
[I 2026-07-13 17:19:14,341] Trial 556 pruned. 
[I 2026-07-13 17:19:14,579] Trial 557 finished with values: [2170.3450228048678, -7830.0, 57.8] and parameters: {'sl_soft': 263.68549003039107, 'sl_hard_delta': 354.4443350594558, 'tp': 278.8307281019955, 'gate_pct': 54.8778799805964, 'dd_limit': 2548.3308531557964, 'cooldown': 1, 'flip': True, 'en_ema_trend': True, 'ema_trend_fast': 196, 'ema_trend_slow': 17, 'en_sma_trend': False, 'sma_trend_fast': 334, 'sma_trend_slow': 268, 'en_macd': True, 'macd_fast': 80, 'macd_slow': 91, 'macd_signal': 92, 'en_vwap': True, 'en_keltner': True, 'keltner_n': 153, 'keltner_m': 4.6000000000000005, 'en_obv': False, 'obv_slope': 110, 'en_cci': True, 'cci_n': 100, 'cci_threshold': 125, 'en_rsi': False, 'rsi_n': 15, 'rsi_lower': 18, 'rsi_upper': 73, 'en_stochastic': False, 'stochastic_n': 52, 'stochastic_d': 47, 'stochastic_lower': 14, 'stochastic_upper': 93, 'en_mfi': False, 'mfi_n': 62, 'mfi_lower': 13, 'mfi_upper': 86, 'en_bollinger': False, 'bollinger_n': 7, 'bollinger_k': 1.0, 'en_adx': False, 'adx_n': 12, 'adx_threshold': 32, 'en_structure_trend': False, 'structure_trend_swing_l': 3, 'en_order_block': True, 'order_block_swing_l': 6, 'en_fvg': True, 'fvg_lookback': 18, 'en_ifvg': False, 'en_breaker': False, 'breaker_swing_l': 16, 'en_cisd': True, 'k': 1, 'en_cap_bars': False, 'cap_1min': 272}.
[I 2026-07-13 17:19:20,764] Trial 558 finished with values: [430.2107864676509, -3550.7982022553915, 55.6] and parameters: {'sl_soft': 142.5241001410186, 'sl_hard_delta': 223.613668706465, 'tp': 168.84035954891954, 'gate_pct': 68.95892692421837, 'dd_limit': 4383.9268475471445, 'cooldown': 1, 'flip': False, 'en_ema_trend': False, 'ema_trend_fast': 83, 'ema_trend_slow': 116, 'en_sma_trend': False, 'sma_trend_fast': 39, 'sma_trend_slow': 114, 'en_macd': True, 'macd_fast': 73, 'macd_slow': 89, 'macd_signal': 100, 'en_vwap': True, 'en_keltner': False, 'keltner_n': 154, 'keltner_m': 1.7000000000000002, 'en_obv': True, 'obv_slope': 34, 'en_cci': False, 'cci_n': 125, 'cci_threshold': 85, 'en_rsi': False, 'rsi_n': 94, 'rsi_lower': 45, 'rsi_upper': 71, 'en_stochastic': True, 'stochastic_n': 3, 'stochastic_d': 9, 'stochastic_lower': 5, 'stochastic_upper': 91, 'en_mfi': False, 'mfi_n': 27, 'mfi_lower': 28, 'mfi_upper': 93, 'en_bollinger': True, 'bollinger_n': 133, 'bollinger_k': 3.4000000000000004, 'en_adx': True, 'adx_n': 16, 'adx_threshold': 8, 'en_structure_trend': True, 'structure_trend_swing_l': 5, 'en_order_block': False, 'order_block_swing_l': 9, 'en_fvg': False, 'fvg_lookback': 48, 'en_ifvg': True, 'en_breaker': False, 'breaker_swing_l': 1, 'en_cisd': True, 'k': 1, 'en_cap_bars': False, 'cap_1min': 456}.
[I 2026-07-13 17:19:22,836] Trial 559 finished with values: [335.15779230745466, -7747.936883077018, 65.75] and parameters: {'sl_soft': 269.0670163702745, 'sl_hard_delta': 209.18705283693694, 'tp': 102.8825246769187, 'gate_pct': 77.88062387933805, 'dd_limit': 3991.4168201001603, 'cooldown': 1, 'flip': False, 'en_ema_trend': True, 'ema_trend_fast': 195, 'ema_trend_slow': 64, 'en_sma_trend': False, 'sma_trend_fast': 75, 'sma_trend_slow': 96, 'en_macd': False, 'macd_fast': 89, 'macd_slow': 2, 'macd_signal': 20, 'en_vwap': True, 'en_keltner': True, 'keltner_n': 36, 'keltner_m': 1.3, 'en_obv': True, 'obv_slope': 22, 'en_cci': False, 'cci_n': 154, 'cci_threshold': 50, 'en_rsi': True, 'rsi_n': 90, 'rsi_lower': 30, 'rsi_upper': 83, 'en_stochastic': True, 'stochastic_n': 40, 'stochastic_d': 32, 'stochastic_lower': 25, 'stochastic_upper': 97, 'en_mfi': True, 'mfi_n': 15, 'mfi_lower': 15, 'mfi_upper': 86, 'en_bollinger': True, 'bollinger_n': 135, 'bollinger_k': 4.2, 'en_adx': True, 'adx_n': 51, 'adx_threshold': 7, 'en_structure_trend': False, 'structure_trend_swing_l': 3, 'en_order_block': False, 'order_block_swing_l': 15, 'en_fvg': False, 'fvg_lookback': 17, 'en_ifvg': False, 'en_breaker': True, 'breaker_swing_l': 6, 'en_cisd': False, 'k': 2, 'en_cap_bars': True, 'cap_1min': 1113}.
[I 2026-07-13 17:19:23,814] Trial 560 finished with values: [1153.5089887230424, -9928.53438261609, 57.400000000000006] and parameters: {'sl_soft': 219.93356736567165, 'sl_hard_delta': 223.613668706465, 'tp': 168.84035954891954, 'gate_pct': 79.79473082398957, 'dd_limit': 49.09385629311123, 'cooldown': 1, 'flip': False, 'en_ema_trend': True, 'ema_trend_fast': 83, 'ema_trend_slow': 159, 'en_sma_trend': False, 'sma_trend_fast': 161, 'sma_trend_slow': 134, 'en_macd': False, 'macd_fast': 92, 'macd_slow': 7, 'macd_signal': 84, 'en_vwap': True, 'en_keltner': False, 'keltner_n': 27, 'keltner_m': 4.2, 'en_obv': True, 'obv_slope': 161, 'en_cci': False, 'cci_n': 125, 'cci_threshold': 85, 'en_rsi': False, 'rsi_n': 46, 'rsi_lower': 22, 'rsi_upper': 62, 'en_stochastic': False, 'stochastic_n': 24, 'stochastic_d': 34, 'stochastic_lower': 40, 'stochastic_upper': 96, 'en_mfi': False, 'mfi_n': 33, 'mfi_lower': 14, 'mfi_upper': 85, 'en_bollinger': False, 'bollinger_n': 45, 'bollinger_k': 3.4000000000000004, 'en_adx': False, 'adx_n': 30, 'adx_threshold': 60, 'en_structure_trend': False, 'structure_trend_swing_l': 13, 'en_order_block': True, 'order_block_swing_l': 19, 'en_fvg': True, 'fvg_lookback': 46, 'en_ifvg': True, 'en_breaker': False, 'breaker_swing_l': 16, 'en_cisd': True, 'k': 4, 'en_cap_bars': True, 'cap_1min': 208}.
[I 2026-07-13 17:19:25,830] Trial 561 finished with values: [917.3116853399551, -3835.0, 59.8] and parameters: {'sl_soft': 290.77933272481357, 'sl_hard_delta': 230.1962805631829, 'tp': 168.84035954891954, 'gate_pct': 79.79473082398957, 'dd_limit': 4383.9268475471445, 'cooldown': 1, 'flip': True, 'en_ema_trend': False, 'ema_trend_fast': 83, 'ema_trend_slow': 116, 'en_sma_trend': False, 'sma_trend_fast': 128, 'sma_trend_slow': 114, 'en_macd': True, 'macd_fast': 56, 'macd_slow': 150, 'macd_signal': 67, 'en_vwap': True, 'en_keltner': False, 'keltner_n': 43, 'keltner_m': 3.9000000000000004, 'en_obv': True, 'obv_slope': 162, 'en_cci': False, 'cci_n': 125, 'cci_threshold': 85, 'en_rsi': False, 'rsi_n': 76, 'rsi_lower': 38, 'rsi_upper': 95, 'en_stochastic': False, 'stochastic_n': 25, 'stochastic_d': 31, 'stochastic_lower': 5, 'stochastic_upper': 86, 'en_mfi': True, 'mfi_n': 33, 'mfi_lower': 20, 'mfi_upper': 79, 'en_bollinger': True, 'bollinger_n': 186, 'bollinger_k': 4.7, 'en_adx': True, 'adx_n': 19, 'adx_threshold': 12, 'en_structure_trend': True, 'structure_trend_swing_l': 13, 'en_order_block': False, 'order_block_swing_l': 15, 'en_fvg': True, 'fvg_lookback': 46, 'en_ifvg': True, 'en_breaker': False, 'breaker_swing_l': 6, 'en_cisd': True, 'k': 3, 'en_cap_bars': True, 'cap_1min': 412}.
[I 2026-07-13 17:19:26,165] Trial 562 finished with values: [705.6505597229443, -2843.160197144316, 36.65] and parameters: {'sl_soft': 62.78952056914965, 'sl_hard_delta': 4.164484359460682, 'tp': 154.1011832903552, 'gate_pct': 97.49754431689279, 'dd_limit': 7425.406804429448, 'cooldown': 2, 'flip': True, 'en_ema_trend': True, 'ema_trend_fast': 77, 'ema_trend_slow': 159, 'en_sma_trend': False, 'sma_trend_fast': 141, 'sma_trend_slow': 134, 'en_macd': False, 'macd_fast': 13, 'macd_slow': 47, 'macd_signal': 9, 'en_vwap': True, 'en_keltner': False, 'keltner_n': 77, 'keltner_m': 1.8, 'en_obv': True, 'obv_slope': 110, 'en_cci': True, 'cci_n': 2, 'cci_threshold': 205, 'en_rsi': True, 'rsi_n': 46, 'rsi_lower': 41, 'rsi_upper': 96, 'en_stochastic': True, 'stochastic_n': 89, 'stochastic_d': 3, 'stochastic_lower': 40, 'stochastic_upper': 91, 'en_mfi': True, 'mfi_n': 64, 'mfi_lower': 7, 'mfi_upper': 86, 'en_bollinger': False, 'bollinger_n': 188, 'bollinger_k': 3.8000000000000003, 'en_adx': False, 'adx_n': 17, 'adx_threshold': 8, 'en_structure_trend': True, 'structure_trend_swing_l': 11, 'en_order_block': True, 'order_block_swing_l': 9, 'en_fvg': True, 'fvg_lookback': 20, 'en_ifvg': False, 'en_breaker': False, 'breaker_swing_l': 17, 'en_cisd': False, 'k': 1, 'en_cap_bars': True, 'cap_1min': 1119}.
[I 2026-07-13 17:19:26,859] Trial 563 pruned. 
[I 2026-07-13 17:19:31,674] Trial 564 finished with values: [562.6297038488701, -6135.345502468554, 45.85] and parameters: {'sl_soft': 269.0670163702745, 'sl_hard_delta': 13.950258753154337, 'tp': 418.046085718894, 'gate_pct': 97.49754431689279, 'dd_limit': 5807.677780097662, 'cooldown': 1, 'flip': False, 'en_ema_trend': True, 'ema_trend_fast': 77, 'ema_trend_slow': 159, 'en_sma_trend': True, 'sma_trend_fast': 161, 'sma_trend_slow': 96, 'en_macd': False, 'macd_fast': 13, 'macd_slow': 2, 'macd_signal': 84, 'en_vwap': False, 'en_keltner': False, 'keltner_n': 179, 'keltner_m': 4.4, 'en_obv': False, 'obv_slope': 161, 'en_cci': False, 'cci_n': 69, 'cci_threshold': 25, 'en_rsi': False, 'rsi_n': 90, 'rsi_lower': 15, 'rsi_upper': 89, 'en_stochastic': True, 'stochastic_n': 53, 'stochastic_d': 8, 'stochastic_lower': 7, 'stochastic_upper': 79, 'en_mfi': True, 'mfi_n': 47, 'mfi_lower': 41, 'mfi_upper': 93, 'en_bollinger': True, 'bollinger_n': 135, 'bollinger_k': 3.6, 'en_adx': False, 'adx_n': 51, 'adx_threshold': 54, 'en_structure_trend': True, 'structure_trend_swing_l': 3, 'en_order_block': False, 'order_block_swing_l': 15, 'en_fvg': False, 'fvg_lookback': 42, 'en_ifvg': True, 'en_breaker': False, 'breaker_swing_l': 9, 'en_cisd': False, 'k': 3, 'en_cap_bars': True, 'cap_1min': 536}.
[I 2026-07-13 17:19:32,249] Trial 565 pruned. 
[I 2026-07-13 17:19:34,121] Trial 566 finished with values: [6200.92171437791, -7270.0, 50.8] and parameters: {'sl_soft': 269.0670163702745, 'sl_hard_delta': 218.06309001668583, 'tp': 418.046085718894, 'gate_pct': 77.88062387933805, 'dd_limit': 5807.677780097662, 'cooldown': 1, 'flip': False, 'en_ema_trend': True, 'ema_trend_fast': 76, 'ema_trend_slow': 393, 'en_sma_trend': True, 'sma_trend_fast': 75, 'sma_trend_slow': 83, 'en_macd': False, 'macd_fast': 89, 'macd_slow': 2, 'macd_signal': 11, 'en_vwap': False, 'en_keltner': True, 'keltner_n': 36, 'keltner_m': 0.8, 'en_obv': False, 'obv_slope': 22, 'en_cci': False, 'cci_n': 154, 'cci_threshold': 245, 'en_rsi': False, 'rsi_n': 39, 'rsi_lower': 30, 'rsi_upper': 89, 'en_stochastic': False, 'stochastic_n': 76, 'stochastic_d': 29, 'stochastic_lower': 7, 'stochastic_upper': 66, 'en_mfi': True, 'mfi_n': 95, 'mfi_lower': 18, 'mfi_upper': 93, 'en_bollinger': False, 'bollinger_n': 135, 'bollinger_k': 4.2, 'en_adx': False, 'adx_n': 20, 'adx_threshold': 54, 'en_structure_trend': True, 'structure_trend_swing_l': 9, 'en_order_block': False, 'order_block_swing_l': 15, 'en_fvg': False, 'fvg_lookback': 42, 'en_ifvg': True, 'en_breaker': True, 'breaker_swing_l': 10, 'en_cisd': False, 'k': 3, 'en_cap_bars': True, 'cap_1min': 1113}.
[I 2026-07-13 17:19:36,228] Trial 567 pruned. 
[I 2026-07-13 17:19:38,033] Trial 568 pruned. 
