[I 2026-07-13 17:31:57,165] Trial 896 finished with values: [-2195.4679941056384, -5683.983997052819, 28.75] and parameters: {'sl_soft': 97.07867332864816, 'sl_hard_delta': 155.27310522640084, 'tp': 446.2032005894348, 'gate_pct': 84.68288014900352, 'dd_limit': 5807.677780097662, 'cooldown': 1, 'flip': True, 'en_ema_trend': True, 'ema_trend_fast': 76, 'ema_trend_slow': 393, 'en_sma_trend': False, 'sma_trend_fast': 128, 'sma_trend_slow': 396, 'en_macd': False, 'macd_fast': 56, 'macd_slow': 150, 'macd_signal': 36, 'en_vwap': False, 'en_keltner': False, 'keltner_n': 43, 'keltner_m': 3.9000000000000004, 'en_obv': True, 'obv_slope': 22, 'en_cci': True, 'cci_n': 106, 'cci_threshold': 25, 'en_rsi': False, 'rsi_n': 74, 'rsi_lower': 30, 'rsi_upper': 95, 'en_stochastic': False, 'stochastic_n': 25, 'stochastic_d': 31, 'stochastic_lower': 7, 'stochastic_upper': 97, 'en_mfi': True, 'mfi_n': 95, 'mfi_lower': 1, 'mfi_upper': 93, 'en_bollinger': True, 'bollinger_n': 135, 'bollinger_k': 3.6, 'en_adx': False, 'adx_n': 20, 'adx_threshold': 12, 'en_structure_trend': True, 'structure_trend_swing_l': 1, 'en_order_block': False, 'order_block_swing_l': 1, 'en_fvg': True, 'fvg_lookback': 7, 'en_ifvg': False, 'en_breaker': False, 'breaker_swing_l': 18, 'en_cisd': True, 'k': 3, 'en_cap_bars': True, 'cap_1min': 1113}.
[I 2026-07-13 17:31:57,441] Trial 897 finished with values: [4710.358776783323, -2787.05515827387, 48.55] and parameters: {'sl_soft': 87.52008513176767, 'sl_hard_delta': 13.950258753154337, 'tp': 297.5396616809354, 'gate_pct': 97.49754431689279, 'dd_limit': 5807.677780097662, 'cooldown': 1, 'flip': False, 'en_ema_trend': True, 'ema_trend_fast': 77, 'ema_trend_slow': 159, 'en_sma_trend': True, 'sma_trend_fast': 222, 'sma_trend_slow': 280, 'en_macd': False, 'macd_fast': 44, 'macd_slow': 2, 'macd_signal': 36, 'en_vwap': False, 'en_keltner': True, 'keltner_n': 179, 'keltner_m': 3.8000000000000003, 'en_obv': False, 'obv_slope': 22, 'en_cci': False, 'cci_n': 154, 'cci_threshold': 25, 'en_rsi': False, 'rsi_n': 39, 'rsi_lower': 46, 'rsi_upper': 54, 'en_stochastic': False, 'stochastic_n': 76, 'stochastic_d': 8, 'stochastic_lower': 7, 'stochastic_upper': 66, 'en_mfi': True, 'mfi_n': 32, 'mfi_lower': 44, 'mfi_upper': 93, 'en_bollinger': True, 'bollinger_n': 135, 'bollinger_k': 3.6, 'en_adx': True, 'adx_n': 30, 'adx_threshold': 17, 'en_structure_trend': True, 'structure_trend_swing_l': 13, 'en_order_block': False, 'order_block_swing_l': 8, 'en_fvg': False, 'fvg_lookback': 4, 'en_ifvg': True, 'en_breaker': True, 'breaker_swing_l': 3, 'en_cisd': True, 'k': 3, 'en_cap_bars': True, 'cap_1min': 1037}.
[I 2026-07-13 17:31:58,719] Trial 898 finished with values: [-173.98399705281918, -3545.0, 38.8] and parameters: {'sl_soft': 97.07867332864816, 'sl_hard_delta': 218.06309001668583, 'tp': 446.2032005894348, 'gate_pct': 84.68288014900352, 'dd_limit': 4118.6781214465655, 'cooldown': 1, 'flip': True, 'en_ema_trend': True, 'ema_trend_fast': 76, 'ema_trend_slow': 196, 'en_sma_trend': True, 'sma_trend_fast': 222, 'sma_trend_slow': 396, 'en_macd': False, 'macd_fast': 44, 'macd_slow': 2, 'macd_signal': 36, 'en_vwap': False, 'en_keltner': False, 'keltner_n': 179, 'keltner_m': 0.8, 'en_obv': False, 'obv_slope': 162, 'en_cci': True, 'cci_n': 106, 'cci_threshold': 25, 'en_rsi': False, 'rsi_n': 74, 'rsi_lower': 38, 'rsi_upper': 89, 'en_stochastic': False, 'stochastic_n': 76, 'stochastic_d': 31, 'stochastic_lower': 47, 'stochastic_upper': 66, 'en_mfi': True, 'mfi_n': 95, 'mfi_lower': 20, 'mfi_upper': 93, 'en_bollinger': True, 'bollinger_n': 135, 'bollinger_k': 4.7, 'en_adx': True, 'adx_n': 19, 'adx_threshold': 12, 'en_structure_trend': True, 'structure_trend_swing_l': 1, 'en_order_block': False, 'order_block_swing_l': 1, 'en_fvg': True, 'fvg_lookback': 7, 'en_ifvg': True, 'en_breaker': False, 'breaker_swing_l': 3, 'en_cisd': False, 'k': 3, 'en_cap_bars': True, 'cap_1min': 412}.
[I 2026-07-13 17:32:04,842] Trial 899 finished with values: [3229.3395618031354, -4310.0, 47.85] and parameters: {'sl_soft': 140.60542610056257, 'sl_hard_delta': 328.8353373011519, 'tp': 365.2487113382961, 'gate_pct': 75.29895741667805, 'dd_limit': 3881.782071469207, 'cooldown': 1, 'flip': False, 'en_ema_trend': False, 'ema_trend_fast': 62, 'ema_trend_slow': 116, 'en_sma_trend': False, 'sma_trend_fast': 62, 'sma_trend_slow': 280, 'en_macd': True, 'macd_fast': 73, 'macd_slow': 89, 'macd_signal': 84, 'en_vwap': False, 'en_keltner': False, 'keltner_n': 154, 'keltner_m': 3.4000000000000004, 'en_obv': False, 'obv_slope': 49, 'en_cci': False, 'cci_n': 83, 'cci_threshold': 25, 'en_rsi': True, 'rsi_n': 94, 'rsi_lower': 3, 'rsi_upper': 62, 'en_stochastic': False, 'stochastic_n': 3, 'stochastic_d': 37, 'stochastic_lower': 27, 'stochastic_upper': 91, 'en_mfi': False, 'mfi_n': 7, 'mfi_lower': 41, 'mfi_upper': 93, 'en_bollinger': False, 'bollinger_n': 118, 'bollinger_k': 4.6000000000000005, 'en_adx': True, 'adx_n': 16, 'adx_threshold': 9, 'en_structure_trend': True, 'structure_trend_swing_l': 5, 'en_order_block': True, 'order_block_swing_l': 15, 'en_fvg': False, 'fvg_lookback': 13, 'en_ifvg': True, 'en_breaker': False, 'breaker_swing_l': 1, 'en_cisd': True, 'k': 1, 'en_cap_bars': False, 'cap_1min': 456}.
[I 2026-07-13 17:32:05,062] Trial 900 finished with values: [2469.2143971724727, -4137.12839040767, 45.599999999999994] and parameters: {'sl_soft': 87.52008513176767, 'sl_hard_delta': 13.950258753154337, 'tp': 164.05555215354394, 'gate_pct': 97.49754431689279, 'dd_limit': 5807.677780097662, 'cooldown': 2, 'flip': False, 'en_ema_trend': True, 'ema_trend_fast': 77, 'ema_trend_slow': 159, 'en_sma_trend': False, 'sma_trend_fast': 222, 'sma_trend_slow': 96, 'en_macd': False, 'macd_fast': 89, 'macd_slow': 2, 'macd_signal': 36, 'en_vwap': False, 'en_keltner': False, 'keltner_n': 53, 'keltner_m': 0.8, 'en_obv': False, 'obv_slope': 22, 'en_cci': False, 'cci_n': 154, 'cci_threshold': 25, 'en_rsi': False, 'rsi_n': 90, 'rsi_lower': 15, 'rsi_upper': 89, 'en_stochastic': False, 'stochastic_n': 76, 'stochastic_d': 8, 'stochastic_lower': 7, 'stochastic_upper': 69, 'en_mfi': True, 'mfi_n': 47, 'mfi_lower': 41, 'mfi_upper': 93, 'en_bollinger': True, 'bollinger_n': 135, 'bollinger_k': 3.6, 'en_adx': False, 'adx_n': 30, 'adx_threshold': 51, 'en_structure_trend': True, 'structure_trend_swing_l': 9, 'en_order_block': False, 'order_block_swing_l': 5, 'en_fvg': False, 'fvg_lookback': 42, 'en_ifvg': True, 'en_breaker': True, 'breaker_swing_l': 9, 'en_cisd': False, 'k': 1, 'en_cap_bars': True, 'cap_1min': 1113}.
[I 2026-07-13 17:32:10,312] Trial 901 finished with values: [1750.8414585355058, -2477.05515827387, 43.75] and parameters: {'sl_soft': 87.52008513176767, 'sl_hard_delta': 13.950258753154337, 'tp': 297.5396616809354, 'gate_pct': 97.49754431689279, 'dd_limit': 3881.782071469207, 'cooldown': 2, 'flip': True, 'en_ema_trend': True, 'ema_trend_fast': 77, 'ema_trend_slow': 159, 'en_sma_trend': True, 'sma_trend_fast': 222, 'sma_trend_slow': 280, 'en_macd': False, 'macd_fast': 13, 'macd_slow': 4, 'macd_signal': 84, 'en_vwap': False, 'en_keltner': False, 'keltner_n': 27, 'keltner_m': 4.4, 'en_obv': True, 'obv_slope': 22, 'en_cci': False, 'cci_n': 12, 'cci_threshold': 155, 'en_rsi': True, 'rsi_n': 90, 'rsi_lower': 15, 'rsi_upper': 62, 'en_stochastic': True, 'stochastic_n': 53, 'stochastic_d': 34, 'stochastic_lower': 7, 'stochastic_upper': 79, 'en_mfi': True, 'mfi_n': 47, 'mfi_lower': 41, 'mfi_upper': 93, 'en_bollinger': True, 'bollinger_n': 135, 'bollinger_k': 3.8000000000000003, 'en_adx': False, 'adx_n': 30, 'adx_threshold': 9, 'en_structure_trend': True, 'structure_trend_swing_l': 3, 'en_order_block': True, 'order_block_swing_l': 8, 'en_fvg': False, 'fvg_lookback': 4, 'en_ifvg': True, 'en_breaker': True, 'breaker_swing_l': 9, 'en_cisd': False, 'k': 1, 'en_cap_bars': True, 'cap_1min': 941}.
[I 2026-07-13 17:32:10,941] Trial 902 finished with values: [1697.6152142972387, -3295.0, 50.099999999999994] and parameters: {'sl_soft': 219.93356736567165, 'sl_hard_delta': 218.06309001668583, 'tp': 418.046085718894, 'gate_pct': 79.79473082398957, 'dd_limit': 49.09385629311123, 'cooldown': 1, 'flip': True, 'en_ema_trend': False, 'ema_trend_fast': 76, 'ema_trend_slow': 393, 'en_sma_trend': False, 'sma_trend_fast': 222, 'sma_trend_slow': 228, 'en_macd': False, 'macd_fast': 64, 'macd_slow': 2, 'macd_signal': 65, 'en_vwap': False, 'en_keltner': False, 'keltner_n': 27, 'keltner_m': 0.8, 'en_obv': False, 'obv_slope': 34, 'en_cci': False, 'cci_n': 154, 'cci_threshold': 20, 'en_rsi': False, 'rsi_n': 39, 'rsi_lower': 17, 'rsi_upper': 89, 'en_stochastic': False, 'stochastic_n': 76, 'stochastic_d': 45, 'stochastic_lower': 18, 'stochastic_upper': 69, 'en_mfi': True, 'mfi_n': 95, 'mfi_lower': 14, 'mfi_upper': 85, 'en_bollinger': True, 'bollinger_n': 133, 'bollinger_k': 3.6, 'en_adx': False, 'adx_n': 20, 'adx_threshold': 8, 'en_structure_trend': True, 'structure_trend_swing_l': 13, 'en_order_block': False, 'order_block_swing_l': 19, 'en_fvg': False, 'fvg_lookback': 42, 'en_ifvg': True, 'en_breaker': True, 'breaker_swing_l': 3, 'en_cisd': False, 'k': 1, 'en_cap_bars': True, 'cap_1min': 208}.
[I 2026-07-13 17:32:11,131] Trial 903 finished with values: [1199.3936399600716, -3540.0, 51.9] and parameters: {'sl_soft': 290.77933272481357, 'sl_hard_delta': 347.9044607762687, 'tp': 354.3787279920157, 'gate_pct': 75.29895741667805, 'dd_limit': 7189.695940132639, 'cooldown': 2, 'flip': False, 'en_ema_trend': True, 'ema_trend_fast': 159, 'ema_trend_slow': 266, 'en_sma_trend': True, 'sma_trend_fast': 62, 'sma_trend_slow': 134, 'en_macd': False, 'macd_fast': 88, 'macd_slow': 77, 'macd_signal': 93, 'en_vwap': False, 'en_keltner': True, 'keltner_n': 154, 'keltner_m': 3.8000000000000003, 'en_obv': True, 'obv_slope': 191, 'en_cci': True, 'cci_n': 124, 'cci_threshold': 90, 'en_rsi': False, 'rsi_n': 58, 'rsi_lower': 3, 'rsi_upper': 54, 'en_stochastic': False, 'stochastic_n': 5, 'stochastic_d': 10, 'stochastic_lower': 47, 'stochastic_upper': 68, 'en_mfi': True, 'mfi_n': 32, 'mfi_lower': 44, 'mfi_upper': 89, 'en_bollinger': True, 'bollinger_n': 2, 'bollinger_k': 3.8000000000000003, 'en_adx': True, 'adx_n': 9, 'adx_threshold': 17, 'en_structure_trend': False, 'structure_trend_swing_l': 13, 'en_order_block': False, 'order_block_swing_l': 7, 'en_fvg': True, 'fvg_lookback': 28, 'en_ifvg': True, 'en_breaker': True, 'breaker_swing_l': 7, 'en_cisd': True, 'k': 3, 'en_cap_bars': True, 'cap_1min': 583}.
[I 2026-07-13 17:32:11,295] Trial 904 finished with values: [-3215.8630126570642, -7857.301691595312, 26.4] and parameters: {'sl_soft': 87.52008513176767, 'sl_hard_delta': 218.06309001668583, 'tp': 297.5396616809354, 'gate_pct': 77.88062387933805, 'dd_limit': 5807.677780097662, 'cooldown': 2, 'flip': False, 'en_ema_trend': False, 'ema_trend_fast': 205, 'ema_trend_slow': 159, 'en_sma_trend': False, 'sma_trend_fast': 62, 'sma_trend_slow': 280, 'en_macd': False, 'macd_fast': 44, 'macd_slow': 193, 'macd_signal': 84, 'en_vwap': True, 'en_keltner': False, 'keltner_n': 154, 'keltner_m': 4.4, 'en_obv': True, 'obv_slope': 82, 'en_cci': False, 'cci_n': 154, 'cci_threshold': 45, 'en_rsi': False, 'rsi_n': 44, 'rsi_lower': 30, 'rsi_upper': 89, 'en_stochastic': False, 'stochastic_n': 3, 'stochastic_d': 34, 'stochastic_lower': 27, 'stochastic_upper': 92, 'en_mfi': True, 'mfi_n': 47, 'mfi_lower': 28, 'mfi_upper': 93, 'en_bollinger': True, 'bollinger_n': 15, 'bollinger_k': 3.6, 'en_adx': False, 'adx_n': 20, 'adx_threshold': 9, 'en_structure_trend': True, 'structure_trend_swing_l': 10, 'en_order_block': False, 'order_block_swing_l': 5, 'en_fvg': True, 'fvg_lookback': 4, 'en_ifvg': False, 'en_breaker': True, 'breaker_swing_l': 20, 'en_cisd': False, 'k': 1, 'en_cap_bars': False, 'cap_1min': 1113}.
[I 2026-07-13 17:32:11,839] Trial 905 finished with values: [2781.9908429722454, -1624.7034388492466, 59.95] and parameters: {'sl_soft': 87.52008513176767, 'sl_hard_delta': 13.950258753154337, 'tp': 283.207368843673, 'gate_pct': 79.79473082398957, 'dd_limit': 5807.677780097662, 'cooldown': 2, 'flip': True, 'en_ema_trend': False, 'ema_trend_fast': 83, 'ema_trend_slow': 116, 'en_sma_trend': True, 'sma_trend_fast': 331, 'sma_trend_slow': 280, 'en_macd': False, 'macd_fast': 64, 'macd_slow': 2, 'macd_signal': 36, 'en_vwap': False, 'en_keltner': False, 'keltner_n': 179, 'keltner_m': 0.8, 'en_obv': False, 'obv_slope': 22, 'en_cci': False, 'cci_n': 109, 'cci_threshold': 20, 'en_rsi': False, 'rsi_n': 90, 'rsi_lower': 6, 'rsi_upper': 62, 'en_stochastic': False, 'stochastic_n': 76, 'stochastic_d': 45, 'stochastic_lower': 18, 'stochastic_upper': 69, 'en_mfi': True, 'mfi_n': 91, 'mfi_lower': 41, 'mfi_upper': 85, 'en_bollinger': True, 'bollinger_n': 133, 'bollinger_k': 2.0, 'en_adx': False, 'adx_n': 30, 'adx_threshold': 8, 'en_structure_trend': True, 'structure_trend_swing_l': 13, 'en_order_block': False, 'order_block_swing_l': 8, 'en_fvg': False, 'fvg_lookback': 4, 'en_ifvg': True, 'en_breaker': True, 'breaker_swing_l': 3, 'en_cisd': True, 'k': 1, 'en_cap_bars': True, 'cap_1min': 208}.
[I 2026-07-13 17:32:12,060] Trial 906 finished with values: [-182.65930377421682, -7547.915875742256, 33.7] and parameters: {'sl_soft': 87.52008513176767, 'sl_hard_delta': 218.06309001668583, 'tp': 297.5396616809354, 'gate_pct': 97.49754431689279, 'dd_limit': 5807.677780097662, 'cooldown': 2, 'flip': False, 'en_ema_trend': True, 'ema_trend_fast': 76, 'ema_trend_slow': 159, 'en_sma_trend': True, 'sma_trend_fast': 222, 'sma_trend_slow': 280, 'en_macd': False, 'macd_fast': 44, 'macd_slow': 2, 'macd_signal': 36, 'en_vwap': False, 'en_keltner': False, 'keltner_n': 179, 'keltner_m': 3.2, 'en_obv': False, 'obv_slope': 22, 'en_cci': False, 'cci_n': 154, 'cci_threshold': 25, 'en_rsi': False, 'rsi_n': 39, 'rsi_lower': 46, 'rsi_upper': 89, 'en_stochastic': False, 'stochastic_n': 76, 'stochastic_d': 8, 'stochastic_lower': 7, 'stochastic_upper': 66, 'en_mfi': True, 'mfi_n': 95, 'mfi_lower': 41, 'mfi_upper': 93, 'en_bollinger': True, 'bollinger_n': 135, 'bollinger_k': 3.6, 'en_adx': False, 'adx_n': 30, 'adx_threshold': 18, 'en_structure_trend': True, 'structure_trend_swing_l': 9, 'en_order_block': False, 'order_block_swing_l': 5, 'en_fvg': False, 'fvg_lookback': 42, 'en_ifvg': True, 'en_breaker': True, 'breaker_swing_l': 3, 'en_cisd': False, 'k': 3, 'en_cap_bars': True, 'cap_1min': 1113}.
[I 2026-07-13 17:32:12,256] Trial 907 finished with values: [4163.489100802744, -5476.16547482161, 37.6] and parameters: {'sl_soft': 87.52008513176767, 'sl_hard_delta': 13.950258753154337, 'tp': 297.5396616809354, 'gate_pct': 97.49754431689279, 'dd_limit': 5807.677780097662, 'cooldown': 2, 'flip': False, 'en_ema_trend': True, 'ema_trend_fast': 77, 'ema_trend_slow': 159, 'en_sma_trend': True, 'sma_trend_fast': 222, 'sma_trend_slow': 280, 'en_macd': False, 'macd_fast': 89, 'macd_slow': 2, 'macd_signal': 84, 'en_vwap': False, 'en_keltner': False, 'keltner_n': 179, 'keltner_m': 0.8, 'en_obv': False, 'obv_slope': 22, 'en_cci': False, 'cci_n': 154, 'cci_threshold': 155, 'en_rsi': False, 'rsi_n': 90, 'rsi_lower': 30, 'rsi_upper': 62, 'en_stochastic': False, 'stochastic_n': 76, 'stochastic_d': 34, 'stochastic_lower': 7, 'stochastic_upper': 66, 'en_mfi': True, 'mfi_n': 47, 'mfi_lower': 41, 'mfi_upper': 93, 'en_bollinger': True, 'bollinger_n': 135, 'bollinger_k': 3.6, 'en_adx': False, 'adx_n': 20, 'adx_threshold': 9, 'en_structure_trend': True, 'structure_trend_swing_l': 9, 'en_order_block': False, 'order_block_swing_l': 8, 'en_fvg': False, 'fvg_lookback': 4, 'en_ifvg': True, 'en_breaker': True, 'breaker_swing_l': 3, 'en_cisd': False, 'k': 3, 'en_cap_bars': True, 'cap_1min': 1113}.
[I 2026-07-13 17:32:14,268] Trial 908 finished with values: [2796.652691782092, -6063.106360039928, 51.15] and parameters: {'sl_soft': 186.7417979615443, 'sl_hard_delta': 136.49076528568807, 'tp': 354.3787279920157, 'gate_pct': 68.87067583562738, 'dd_limit': 49.09385629311123, 'cooldown': 1, 'flip': False, 'en_ema_trend': True, 'ema_trend_fast': 83, 'ema_trend_slow': 116, 'en_sma_trend': True, 'sma_trend_fast': 79, 'sma_trend_slow': 322, 'en_macd': False, 'macd_fast': 64, 'macd_slow': 177, 'macd_signal': 65, 'en_vwap': False, 'en_keltner': True, 'keltner_n': 65, 'keltner_m': 2.2, 'en_obv': False, 'obv_slope': 191, 'en_cci': False, 'cci_n': 109, 'cci_threshold': 90, 'en_rsi': False, 'rsi_n': 13, 'rsi_lower': 16, 'rsi_upper': 54, 'en_stochastic': False, 'stochastic_n': 45, 'stochastic_d': 45, 'stochastic_lower': 18, 'stochastic_upper': 69, 'en_mfi': True, 'mfi_n': 91, 'mfi_lower': 44, 'mfi_upper': 85, 'en_bollinger': True, 'bollinger_n': 2, 'bollinger_k': 3.8000000000000003, 'en_adx': False, 'adx_n': 9, 'adx_threshold': 17, 'en_structure_trend': False, 'structure_trend_swing_l': 13, 'en_order_block': False, 'order_block_swing_l': 19, 'en_fvg': False, 'fvg_lookback': 43, 'en_ifvg': True, 'en_breaker': True, 'breaker_swing_l': 16, 'en_cisd': True, 'k': 3, 'en_cap_bars': True, 'cap_1min': 583}.
[I 2026-07-13 17:32:14,559] Trial 909 finished with values: [2915.608891728698, -3155.0, 43.05] and parameters: {'sl_soft': 87.52008513176767, 'sl_hard_delta': 328.8353373011519, 'tp': 365.2487113382961, 'gate_pct': 70.9400490465145, 'dd_limit': 3089.913555349885, 'cooldown': 1, 'flip': False, 'en_ema_trend': False, 'ema_trend_fast': 62, 'ema_trend_slow': 393, 'en_sma_trend': True, 'sma_trend_fast': 173, 'sma_trend_slow': 85, 'en_macd': False, 'macd_fast': 73, 'macd_slow': 89, 'macd_signal': 91, 'en_vwap': True, 'en_keltner': False, 'keltner_n': 53, 'keltner_m': 3.3000000000000003, 'en_obv': True, 'obv_slope': 49, 'en_cci': False, 'cci_n': 154, 'cci_threshold': 25, 'en_rsi': True, 'rsi_n': 94, 'rsi_lower': 45, 'rsi_upper': 69, 'en_stochastic': False, 'stochastic_n': 3, 'stochastic_d': 37, 'stochastic_lower': 27, 'stochastic_upper': 97, 'en_mfi': False, 'mfi_n': 95, 'mfi_lower': 28, 'mfi_upper': 93, 'en_bollinger': True, 'bollinger_n': 118, 'bollinger_k': 4.6000000000000005, 'en_adx': False, 'adx_n': 51, 'adx_threshold': 51, 'en_structure_trend': True, 'structure_trend_swing_l': 9, 'en_order_block': True, 'order_block_swing_l': 9, 'en_fvg': False, 'fvg_lookback': 48, 'en_ifvg': True, 'en_breaker': True, 'breaker_swing_l': 12, 'en_cisd': True, 'k': 1, 'en_cap_bars': False, 'cap_1min': 1113}.
[I 2026-07-13 17:32:15,442] Trial 910 pruned. 
[I 2026-07-13 17:32:17,174] Trial 911 finished with values: [422.1423878210953, -6830.0, 55.599999999999994] and parameters: {'sl_soft': 290.77933272481357, 'sl_hard_delta': 223.613668706465, 'tp': 297.5396616809354, 'gate_pct': 97.49754431689279, 'dd_limit': 1709.4624214389582, 'cooldown': 2, 'flip': False, 'en_ema_trend': True, 'ema_trend_fast': 159, 'ema_trend_slow': 159, 'en_sma_trend': True, 'sma_trend_fast': 62, 'sma_trend_slow': 134, 'en_macd': False, 'macd_fast': 13, 'macd_slow': 4, 'macd_signal': 84, 'en_vwap': False, 'en_keltner': True, 'keltner_n': 27, 'keltner_m': 3.4000000000000004, 'en_obv': True, 'obv_slope': 161, 'en_cci': False, 'cci_n': 124, 'cci_threshold': 155, 'en_rsi': False, 'rsi_n': 58, 'rsi_lower': 15, 'rsi_upper': 62, 'en_stochastic': True, 'stochastic_n': 3, 'stochastic_d': 34, 'stochastic_lower': 47, 'stochastic_upper': 91, 'en_mfi': False, 'mfi_n': 32, 'mfi_lower': 17, 'mfi_upper': 93, 'en_bollinger': False, 'bollinger_n': 29, 'bollinger_k': 1.6, 'en_adx': True, 'adx_n': 30, 'adx_threshold': 9, 'en_structure_trend': True, 'structure_trend_swing_l': 13, 'en_order_block': True, 'order_block_swing_l': 12, 'en_fvg': False, 'fvg_lookback': 20, 'en_ifvg': True, 'en_breaker': False, 'breaker_swing_l': 5, 'en_cisd': False, 'k': 4, 'en_cap_bars': False, 'cap_1min': 941}.
[I 2026-07-13 17:32:17,370] Trial 912 finished with values: [2573.306500080671, -4955.0, 35.8] and parameters: {'sl_soft': 87.52008513176767, 'sl_hard_delta': 218.06309001668583, 'tp': 418.046085718894, 'gate_pct': 77.88062387933805, 'dd_limit': 5807.677780097662, 'cooldown': 1, 'flip': False, 'en_ema_trend': True, 'ema_trend_fast': 76, 'ema_trend_slow': 393, 'en_sma_trend': True, 'sma_trend_fast': 222, 'sma_trend_slow': 83, 'en_macd': False, 'macd_fast': 44, 'macd_slow': 2, 'macd_signal': 13, 'en_vwap': False, 'en_keltner': False, 'keltner_n': 179, 'keltner_m': 0.8, 'en_obv': False, 'obv_slope': 22, 'en_cci': True, 'cci_n': 154, 'cci_threshold': 25, 'en_rsi': False, 'rsi_n': 39, 'rsi_lower': 30, 'rsi_upper': 89, 'en_stochastic': False, 'stochastic_n': 76, 'stochastic_d': 8, 'stochastic_lower': 7, 'stochastic_upper': 66, 'en_mfi': True, 'mfi_n': 95, 'mfi_lower': 1, 'mfi_upper': 93, 'en_bollinger': False, 'bollinger_n': 135, 'bollinger_k': 3.6, 'en_adx': False, 'adx_n': 20, 'adx_threshold': 18, 'en_structure_trend': True, 'structure_trend_swing_l': 9, 'en_order_block': False, 'order_block_swing_l': 5, 'en_fvg': False, 'fvg_lookback': 42, 'en_ifvg': True, 'en_breaker': True, 'breaker_swing_l': 3, 'en_cisd': False, 'k': 3, 'en_cap_bars': True, 'cap_1min': 1113}.
