[I 2026-07-13 17:02:27,775] Trial 180 finished with values: [-1570.2503647263802, -10439.636496264138, 40.35] and parameters: {'sl_soft': 288.0343750834804, 'sl_hard_delta': 221.99563093966165, 'tp': 319.53635037358566, 'gate_pct': 98.72479828405353, 'dd_limit': 9493.148833252017, 'cooldown': 1, 'flip': True, 'en_ema_trend': True, 'ema_trend_fast': 81, 'ema_trend_slow': 391, 'en_sma_trend': True, 'sma_trend_fast': 382, 'sma_trend_slow': 115, 'en_macd': True, 'macd_fast': 10, 'macd_slow': 23, 'macd_signal': 71, 'en_vwap': False, 'en_keltner': False, 'keltner_n': 146, 'keltner_m': 2.3, 'en_obv': False, 'obv_slope': 105, 'en_cci': True, 'cci_n': 67, 'cci_threshold': 30, 'en_rsi': False, 'rsi_n': 71, 'rsi_lower': 8, 'rsi_upper': 59, 'en_stochastic': False, 'stochastic_n': 71, 'stochastic_d': 41, 'stochastic_lower': 2, 'stochastic_upper': 79, 'en_mfi': False, 'mfi_n': 94, 'mfi_lower': 43, 'mfi_upper': 66, 'en_bollinger': True, 'bollinger_n': 37, 'bollinger_k': 3.7, 'en_adx': False, 'adx_n': 53, 'adx_threshold': 43, 'en_structure_trend': True, 'structure_trend_swing_l': 16, 'en_order_block': False, 'order_block_swing_l': 19, 'en_fvg': True, 'fvg_lookback': 20, 'en_ifvg': False, 'en_breaker': True, 'breaker_swing_l': 7, 'en_cisd': True, 'k': 5, 'en_cap_bars': True, 'cap_1min': 686}.
[I 2026-07-13 17:02:28,903] Trial 181 pruned. 
[I 2026-07-13 17:02:30,411] Trial 182 pruned. 
[I 2026-07-13 17:02:31,498] Trial 183 pruned. 
[I 2026-07-13 17:02:33,036] Trial 184 pruned. 
[I 2026-07-13 17:02:34,153] Trial 185 pruned. 
[I 2026-07-13 17:02:35,309] Trial 186 pruned. 
[I 2026-07-13 17:02:49,038] Trial 187 finished with values: [909.3157179018272, -3217.8192192302595, 55.7] and parameters: {'sl_soft': 186.7417979615443, 'sl_hard_delta': 81.45812793043167, 'tp': 151.81804102295825, 'gate_pct': 68.87067583562738, 'dd_limit': 3890.5480719796124, 'cooldown': 2, 'flip': False, 'en_ema_trend': True, 'ema_trend_fast': 321, 'ema_trend_slow': 64, 'en_sma_trend': True, 'sma_trend_fast': 79, 'sma_trend_slow': 322, 'en_macd': False, 'macd_fast': 55, 'macd_slow': 77, 'macd_signal': 93, 'en_vwap': True, 'en_keltner': True, 'keltner_n': 65, 'keltner_m': 3.8000000000000003, 'en_obv': False, 'obv_slope': 191, 'en_cci': False, 'cci_n': 124, 'cci_threshold': 250, 'en_rsi': False, 'rsi_n': 13, 'rsi_lower': 27, 'rsi_upper': 54, 'en_stochastic': True, 'stochastic_n': 5, 'stochastic_d': 46, 'stochastic_lower': 32, 'stochastic_upper': 82, 'en_mfi': True, 'mfi_n': 41, 'mfi_lower': 44, 'mfi_upper': 97, 'en_bollinger': True, 'bollinger_n': 2, 'bollinger_k': 2.0, 'en_adx': True, 'adx_n': 9, 'adx_threshold': 7, 'en_structure_trend': False, 'structure_trend_swing_l': 15, 'en_order_block': False, 'order_block_swing_l': 13, 'en_fvg': False, 'fvg_lookback': 40, 'en_ifvg': True, 'en_breaker': True, 'breaker_swing_l': 15, 'en_cisd': True, 'k': 1, 'en_cap_bars': True, 'cap_1min': 1145}.
[I 2026-07-13 17:02:50,074] Trial 188 pruned. 
[I 2026-07-13 17:02:51,544] Trial 189 pruned. 
[I 2026-07-13 17:02:53,146] Trial 190 pruned. 
[I 2026-07-13 17:02:54,945] Trial 191 pruned. 
[I 2026-07-13 17:02:56,909] Trial 192 pruned. 
[I 2026-07-13 17:02:57,528] Trial 193 pruned. 
[I 2026-07-13 17:02:59,277] Trial 194 pruned. 
[I 2026-07-13 17:03:02,612] Trial 195 pruned. 
[I 2026-07-13 17:03:03,641] Trial 196 pruned. 
[I 2026-07-13 17:03:07,537] Trial 197 pruned. 
[I 2026-07-13 17:03:08,712] Trial 198 pruned. 
[I 2026-07-13 17:03:16,828] Trial 199 finished with values: [1707.942766143442, -7404.142055579214, 50.0] and parameters: {'sl_soft': 142.5241001410186, 'sl_hard_delta': 61.39010541690473, 'tp': 326.34855200255043, 'gate_pct': 94.5832156131506, 'dd_limit': 8833.503555862811, 'cooldown': 0, 'flip': True, 'en_ema_trend': False, 'ema_trend_fast': 205, 'ema_trend_slow': 187, 'en_sma_trend': True, 'sma_trend_fast': 360, 'sma_trend_slow': 50, 'en_macd': True, 'macd_fast': 54, 'macd_slow': 89, 'macd_signal': 91, 'en_vwap': True, 'en_keltner': False, 'keltner_n': 163, 'keltner_m': 3.3000000000000003, 'en_obv': False, 'obv_slope': 82, 'en_cci': False, 'cci_n': 32, 'cci_threshold': 190, 'en_rsi': True, 'rsi_n': 94, 'rsi_lower': 43, 'rsi_upper': 70, 'en_stochastic': True, 'stochastic_n': 46, 'stochastic_d': 28, 'stochastic_lower': 20, 'stochastic_upper': 72, 'en_mfi': True, 'mfi_n': 7, 'mfi_lower': 12, 'mfi_upper': 58, 'en_bollinger': True, 'bollinger_n': 15, 'bollinger_k': 2.8000000000000003, 'en_adx': True, 'adx_n': 52, 'adx_threshold': 8, 'en_structure_trend': False, 'structure_trend_swing_l': 14, 'en_order_block': False, 'order_block_swing_l': 18, 'en_fvg': False, 'fvg_lookback': 34, 'en_ifvg': False, 'en_breaker': False, 'breaker_swing_l': 3, 'en_cisd': False, 'k': 1, 'en_cap_bars': True, 'cap_1min': 456}.
[I 2026-07-13 17:03:17,096] Trial 200 pruned. 
[I 2026-07-13 17:03:18,712] Trial 201 pruned. 
[I 2026-07-13 17:03:20,063] Trial 202 pruned. 
[I 2026-07-13 17:03:21,623] Trial 203 pruned. 
[I 2026-07-13 17:03:25,318] Trial 204 pruned. 
[I 2026-07-13 17:03:28,391] Trial 205 pruned. 
[I 2026-07-13 17:03:29,537] Trial 206 pruned. 
[I 2026-07-13 17:03:30,732] Trial 207 pruned. 
[I 2026-07-13 17:03:32,541] Trial 208 pruned. 
[I 2026-07-13 17:03:33,156] Trial 209 pruned. 
[I 2026-07-13 17:03:36,713] Trial 210 finished with values: [-598.4191733000262, -6885.758145574728, 64.4] and parameters: {'sl_soft': 135.3996364597104, 'sl_hard_delta': 260.5101913236243, 'tp': 70.67393483540042, 'gate_pct': 93.79805140335328, 'dd_limit': 516.942840276527, 'cooldown': 0, 'flip': True, 'en_ema_trend': False, 'ema_trend_fast': 77, 'ema_trend_slow': 100, 'en_sma_trend': False, 'sma_trend_fast': 289, 'sma_trend_slow': 290, 'en_macd': True, 'macd_fast': 2, 'macd_slow': 132, 'macd_signal': 19, 'en_vwap': True, 'en_keltner': True, 'keltner_n': 72, 'keltner_m': 3.0, 'en_obv': True, 'obv_slope': 93, 'en_cci': False, 'cci_n': 51, 'cci_threshold': 265, 'en_rsi': False, 'rsi_n': 66, 'rsi_lower': 15, 'rsi_upper': 54, 'en_stochastic': False, 'stochastic_n': 6, 'stochastic_d': 20, 'stochastic_lower': 21, 'stochastic_upper': 69, 'en_mfi': False, 'mfi_n': 51, 'mfi_lower': 27, 'mfi_upper': 80, 'en_bollinger': False, 'bollinger_n': 86, 'bollinger_k': 2.4000000000000004, 'en_adx': False, 'adx_n': 98, 'adx_threshold': 27, 'en_structure_trend': False, 'structure_trend_swing_l': 4, 'en_order_block': False, 'order_block_swing_l': 18, 'en_fvg': True, 'fvg_lookback': 14, 'en_ifvg': False, 'en_breaker': False, 'breaker_swing_l': 20, 'en_cisd': False, 'k': 4, 'en_cap_bars': True, 'cap_1min': 693}.
[I 2026-07-13 17:03:38,267] Trial 211 pruned. 
[I 2026-07-13 17:03:38,677] Trial 212 pruned. 
[I 2026-07-13 17:03:42,072] Trial 213 pruned. 
[I 2026-07-13 17:03:45,070] Trial 214 pruned. 
[I 2026-07-13 17:03:48,138] Trial 215 finished with values: [-1097.9930397232965, -8391.372110058583, 53.45] and parameters: {'sl_soft': 165.29753245094028, 'sl_hard_delta': 295.3004190326882, 'tp': 125.64837186588628, 'gate_pct': 80.24193898753819, 'dd_limit': 5203.925656613121, 'cooldown': 0, 'flip': False, 'en_ema_trend': False, 'ema_trend_fast': 91, 'ema_trend_slow': 109, 'en_sma_trend': True, 'sma_trend_fast': 139, 'sma_trend_slow': 109, 'en_macd': False, 'macd_fast': 6, 'macd_slow': 105, 'macd_signal': 87, 'en_vwap': True, 'en_keltner': True, 'keltner_n': 190, 'keltner_m': 4.7, 'en_obv': True, 'obv_slope': 53, 'en_cci': False, 'cci_n': 102, 'cci_threshold': 65, 'en_rsi': True, 'rsi_n': 73, 'rsi_lower': 11, 'rsi_upper': 69, 'en_stochastic': False, 'stochastic_n': 84, 'stochastic_d': 47, 'stochastic_lower': 2, 'stochastic_upper': 91, 'en_mfi': False, 'mfi_n': 61, 'mfi_lower': 13, 'mfi_upper': 78, 'en_bollinger': False, 'bollinger_n': 161, 'bollinger_k': 1.0, 'en_adx': False, 'adx_n': 19, 'adx_threshold': 55, 'en_structure_trend': False, 'structure_trend_swing_l': 19, 'en_order_block': False, 'order_block_swing_l': 10, 'en_fvg': False, 'fvg_lookback': 28, 'en_ifvg': True, 'en_breaker': True, 'breaker_swing_l': 3, 'en_cisd': True, 'k': 2, 'en_cap_bars': True, 'cap_1min': 1333}.
[I 2026-07-13 17:03:49,490] Trial 216 pruned. 
[I 2026-07-13 17:03:50,785] Trial 217 pruned. 
[I 2026-07-13 17:04:00,355] Trial 218 finished with values: [-2325.520276688567, -6879.6826982267885, 59.6] and parameters: {'sl_soft': 242.04922111089206, 'sl_hard_delta': 159.55103026588012, 'tp': 89.18056615831479, 'gate_pct': 79.12027635095406, 'dd_limit': 4455.522850704468, 'cooldown': 2, 'flip': True, 'en_ema_trend': True, 'ema_trend_fast': 373, 'ema_trend_slow': 316, 'en_sma_trend': False, 'sma_trend_fast': 221, 'sma_trend_slow': 357, 'en_macd': False, 'macd_fast': 9, 'macd_slow': 15, 'macd_signal': 47, 'en_vwap': False, 'en_keltner': True, 'keltner_n': 142, 'keltner_m': 1.6, 'en_obv': True, 'obv_slope': 182, 'en_cci': True, 'cci_n': 198, 'cci_threshold': 170, 'en_rsi': False, 'rsi_n': 77, 'rsi_lower': 40, 'rsi_upper': 86, 'en_stochastic': True, 'stochastic_n': 75, 'stochastic_d': 14, 'stochastic_lower': 8, 'stochastic_upper': 95, 'en_mfi': False, 'mfi_n': 92, 'mfi_lower': 1, 'mfi_upper': 62, 'en_bollinger': False, 'bollinger_n': 125, 'bollinger_k': 4.300000000000001, 'en_adx': False, 'adx_n': 97, 'adx_threshold': 59, 'en_structure_trend': False, 'structure_trend_swing_l': 7, 'en_order_block': False, 'order_block_swing_l': 3, 'en_fvg': False, 'fvg_lookback': 28, 'en_ifvg': False, 'en_breaker': True, 'breaker_swing_l': 15, 'en_cisd': True, 'k': 4, 'en_cap_bars': True, 'cap_1min': 948}.
[I 2026-07-13 17:04:01,451] Trial 219 pruned. 
[I 2026-07-13 17:04:02,051] Trial 220 pruned. 
[I 2026-07-13 17:04:04,104] Trial 221 pruned. 
[I 2026-07-13 17:04:06,983] Trial 222 pruned. 
[I 2026-07-13 17:04:08,267] Trial 223 pruned. 
[I 2026-07-13 17:04:09,484] Trial 224 pruned. 
[I 2026-07-13 17:04:17,646] Trial 225 finished with values: [-795.5411712522982, -3784.440334643514, 34.25] and parameters: {'sl_soft': 121.37314383498202, 'sl_hard_delta': 328.8353373011519, 'tp': 333.1119330712959, 'gate_pct': 70.9400490465145, 'dd_limit': 8569.320777666213, 'cooldown': 0, 'flip': True, 'en_ema_trend': False, 'ema_trend_fast': 145, 'ema_trend_slow': 280, 'en_sma_trend': False, 'sma_trend_fast': 72, 'sma_trend_slow': 277, 'en_macd': True, 'macd_fast': 40, 'macd_slow': 164, 'macd_signal': 86, 'en_vwap': False, 'en_keltner': False, 'keltner_n': 170, 'keltner_m': 2.2, 'en_obv': False, 'obv_slope': 92, 'en_cci': False, 'cci_n': 72, 'cci_threshold': 25, 'en_rsi': True, 'rsi_n': 94, 'rsi_lower': 39, 'rsi_upper': 69, 'en_stochastic': True, 'stochastic_n': 94, 'stochastic_d': 39, 'stochastic_lower': 2, 'stochastic_upper': 81, 'en_mfi': True, 'mfi_n': 68, 'mfi_lower': 25, 'mfi_upper': 87, 'en_bollinger': True, 'bollinger_n': 118, 'bollinger_k': 4.7, 'en_adx': False, 'adx_n': 90, 'adx_threshold': 14, 'en_structure_trend': True, 'structure_trend_swing_l': 18, 'en_order_block': False, 'order_block_swing_l': 2, 'en_fvg': True, 'fvg_lookback': 1, 'en_ifvg': False, 'en_breaker': False, 'breaker_swing_l': 8, 'en_cisd': False, 'k': 2, 'en_cap_bars': True, 'cap_1min': 975}.
[I 2026-07-13 17:04:18,763] Trial 226 pruned. 
[I 2026-07-13 17:04:20,538] Trial 227 pruned. 
[I 2026-07-13 17:04:21,757] Trial 228 pruned. 
[I 2026-07-13 17:04:23,382] Trial 229 pruned. 
[I 2026-07-13 17:04:25,088] Trial 230 pruned. 
[I 2026-07-13 17:04:29,644] Trial 231 finished with values: [-1321.2467881855991, -5362.432505008765, 63.05] and parameters: {'sl_soft': 197.61130351201032, 'sl_hard_delta': 30.874372025979262, 'tp': 86.96565667161325, 'gate_pct': 85.18598170405104, 'dd_limit': 1719.5199101834144, 'cooldown': 0, 'flip': False, 'en_ema_trend': True, 'ema_trend_fast': 384, 'ema_trend_slow': 150, 'en_sma_trend': False, 'sma_trend_fast': 265, 'sma_trend_slow': 383, 'en_macd': False, 'macd_fast': 49, 'macd_slow': 56, 'macd_signal': 60, 'en_vwap': True, 'en_keltner': True, 'keltner_n': 48, 'keltner_m': 3.8000000000000003, 'en_obv': True, 'obv_slope': 68, 'en_cci': True, 'cci_n': 141, 'cci_threshold': 160, 'en_rsi': True, 'rsi_n': 13, 'rsi_lower': 24, 'rsi_upper': 65, 'en_stochastic': False, 'stochastic_n': 86, 'stochastic_d': 11, 'stochastic_lower': 4, 'stochastic_upper': 92, 'en_mfi': True, 'mfi_n': 46, 'mfi_lower': 28, 'mfi_upper': 75, 'en_bollinger': False, 'bollinger_n': 22, 'bollinger_k': 3.4000000000000004, 'en_adx': False, 'adx_n': 68, 'adx_threshold': 33, 'en_structure_trend': False, 'structure_trend_swing_l': 20, 'en_order_block': False, 'order_block_swing_l': 2, 'en_fvg': True, 'fvg_lookback': 41, 'en_ifvg': False, 'en_breaker': False, 'breaker_swing_l': 3, 'en_cisd': False, 'k': 5, 'en_cap_bars': False, 'cap_1min': 898}.
[I 2026-07-13 17:04:31,191] Trial 232 pruned. 
[I 2026-07-13 17:04:32,699] Trial 233 pruned. 
[I 2026-07-13 17:04:33,093] Trial 234 pruned. 
[I 2026-07-13 17:04:34,141] Trial 235 pruned. 
[I 2026-07-13 17:04:35,153] Trial 236 pruned. 
[I 2026-07-13 17:04:36,216] Trial 237 pruned. 
[I 2026-07-13 17:04:37,190] Trial 238 pruned. 
[I 2026-07-13 17:04:38,929] Trial 239 pruned. 
[I 2026-07-13 17:04:39,064] Trial 240 pruned. 
[I 2026-07-13 17:04:40,469] Trial 241 pruned. 
[I 2026-07-13 17:04:41,517] Trial 242 pruned. 
[I 2026-07-13 17:04:47,751] Trial 243 finished with values: [-2569.116767714113, -6255.0, 50.9] and parameters: {'sl_soft': 231.8305665112485, 'sl_hard_delta': 334.7855099255915, 'tp': 167.02078193614014, 'gate_pct': 76.97662112798537, 'dd_limit': 5445.49801887819, 'cooldown': 2, 'flip': True, 'en_ema_trend': False, 'ema_trend_fast': 290, 'ema_trend_slow': 380, 'en_sma_trend': True, 'sma_trend_fast': 45, 'sma_trend_slow': 307, 'en_macd': False, 'macd_fast': 60, 'macd_slow': 5, 'macd_signal': 72, 'en_vwap': True, 'en_keltner': False, 'keltner_n': 3, 'keltner_m': 4.6000000000000005, 'en_obv': True, 'obv_slope': 56, 'en_cci': True, 'cci_n': 3, 'cci_threshold': 220, 'en_rsi': False, 'rsi_n': 71, 'rsi_lower': 28, 'rsi_upper': 73, 'en_stochastic': False, 'stochastic_n': 62, 'stochastic_d': 40, 'stochastic_lower': 48, 'stochastic_upper': 81, 'en_mfi': False, 'mfi_n': 51, 'mfi_lower': 49, 'mfi_upper': 72, 'en_bollinger': False, 'bollinger_n': 181, 'bollinger_k': 3.0, 'en_adx': True, 'adx_n': 62, 'adx_threshold': 12, 'en_structure_trend': False, 'structure_trend_swing_l': 7, 'en_order_block': False, 'order_block_swing_l': 15, 'en_fvg': True, 'fvg_lookback': 28, 'en_ifvg': False, 'en_breaker': False, 'breaker_swing_l': 6, 'en_cisd': True, 'k': 2, 'en_cap_bars': False, 'cap_1min': 1263}.
[I 2026-07-13 17:04:49,411] Trial 244 pruned. 
[I 2026-07-13 17:04:50,215] Trial 245 pruned. 
[I 2026-07-13 17:04:53,037] Trial 246 pruned. 
[I 2026-07-13 17:04:55,180] Trial 247 pruned. 
[I 2026-07-13 17:04:56,223] Trial 248 pruned. 
[I 2026-07-13 17:04:57,484] Trial 249 pruned. 
[I 2026-07-13 17:05:01,367] Trial 250 finished with values: [2294.264162185609, -2784.3908339734844, 46.45] and parameters: {'sl_soft': 75.8088001493923, 'sl_hard_delta': 163.40134392837285, 'tp': 175.12183320530335, 'gate_pct': 97.49754431689279, 'dd_limit': 4655.497598973588, 'cooldown': 2, 'flip': True, 'en_ema_trend': True, 'ema_trend_fast': 77, 'ema_trend_slow': 159, 'en_sma_trend': True, 'sma_trend_fast': 161, 'sma_trend_slow': 371, 'en_macd': False, 'macd_fast': 13, 'macd_slow': 105, 'macd_signal': 84, 'en_vwap': True, 'en_keltner': True, 'keltner_n': 34, 'keltner_m': 4.2, 'en_obv': True, 'obv_slope': 161, 'en_cci': False, 'cci_n': 2, 'cci_threshold': 205, 'en_rsi': True, 'rsi_n': 63, 'rsi_lower': 22, 'rsi_upper': 62, 'en_stochastic': False, 'stochastic_n': 53, 'stochastic_d': 34, 'stochastic_lower': 46, 'stochastic_upper': 96, 'en_mfi': False, 'mfi_n': 64, 'mfi_lower': 41, 'mfi_upper': 89, 'en_bollinger': True, 'bollinger_n': 188, 'bollinger_k': 1.8, 'en_adx': False, 'adx_n': 30, 'adx_threshold': 8, 'en_structure_trend': True, 'structure_trend_swing_l': 3, 'en_order_block': True, 'order_block_swing_l': 16, 'en_fvg': False, 'fvg_lookback': 4, 'en_ifvg': True, 'en_breaker': True, 'breaker_swing_l': 18, 'en_cisd': True, 'k': 5, 'en_cap_bars': True, 'cap_1min': 941}.
[I 2026-07-13 17:05:03,578] Trial 251 pruned. 
[I 2026-07-13 17:05:04,187] Trial 252 pruned. 
[I 2026-07-13 17:05:08,447] Trial 253 finished with values: [54.57368843672157, -2350.0, 35.4] and parameters: {'sl_soft': 94.88092737750989, 'sl_hard_delta': 260.9535767077609, 'tp': 283.207368843673, 'gate_pct': 79.79473082398957, 'dd_limit': 4383.9268475471445, 'cooldown': 1, 'flip': False, 'en_ema_trend': False, 'ema_trend_fast': 83, 'ema_trend_slow': 116, 'en_sma_trend': False, 'sma_trend_fast': 39, 'sma_trend_slow': 114, 'en_macd': False, 'macd_fast': 64, 'macd_slow': 177, 'macd_signal': 100, 'en_vwap': False, 'en_keltner': True, 'keltner_n': 158, 'keltner_m': 2.2, 'en_obv': False, 'obv_slope': 34, 'en_cci': False, 'cci_n': 49, 'cci_threshold': 20, 'en_rsi': True, 'rsi_n': 7, 'rsi_lower': 17, 'rsi_upper': 71, 'en_stochastic': False, 'stochastic_n': 45, 'stochastic_d': 19, 'stochastic_lower': 5, 'stochastic_upper': 69, 'en_mfi': True, 'mfi_n': 33, 'mfi_lower': 32, 'mfi_upper': 82, 'en_bollinger': True, 'bollinger_n': 133, 'bollinger_k': 3.4000000000000004, 'en_adx': False, 'adx_n': 24, 'adx_threshold': 8, 'en_structure_trend': True, 'structure_trend_swing_l': 13, 'en_order_block': False, 'order_block_swing_l': 7, 'en_fvg': True, 'fvg_lookback': 46, 'en_ifvg': True, 'en_breaker': True, 'breaker_swing_l': 6, 'en_cisd': False, 'k': 3, 'en_cap_bars': False, 'cap_1min': 656}.
[I 2026-07-13 17:05:10,391] Trial 254 pruned. 
[I 2026-07-13 17:05:11,480] Trial 255 pruned. 
[I 2026-07-13 17:05:11,758] Trial 256 pruned. 
[I 2026-07-13 17:05:12,729] Trial 257 pruned. 
[I 2026-07-13 17:05:17,615] Trial 258 pruned. 
[I 2026-07-13 17:05:18,025] Trial 259 pruned. 
[I 2026-07-13 17:05:18,843] Trial 260 pruned. 
[I 2026-07-13 17:05:22,607] Trial 261 finished with values: [115.82979464554228, -5870.0, 41.45] and parameters: {'sl_soft': 176.12222830791526, 'sl_hard_delta': 318.9138371448082, 'tp': 348.29148973227484, 'gate_pct': 61.169672271623824, 'dd_limit': 2072.8068395325786, 'cooldown': 1, 'flip': False, 'en_ema_trend': True, 'ema_trend_fast': 174, 'ema_trend_slow': 279, 'en_sma_trend': False, 'sma_trend_fast': 351, 'sma_trend_slow': 256, 'en_macd': False, 'macd_fast': 60, 'macd_slow': 45, 'macd_signal': 77, 'en_vwap': False, 'en_keltner': True, 'keltner_n': 135, 'keltner_m': 4.1, 'en_obv': True, 'obv_slope': 134, 'en_cci': True, 'cci_n': 126, 'cci_threshold': 255, 'en_rsi': True, 'rsi_n': 40, 'rsi_lower': 7, 'rsi_upper': 94, 'en_stochastic': False, 'stochastic_n': 6, 'stochastic_d': 25, 'stochastic_lower': 34, 'stochastic_upper': 75, 'en_mfi': False, 'mfi_n': 94, 'mfi_lower': 33, 'mfi_upper': 57, 'en_bollinger': True, 'bollinger_n': 53, 'bollinger_k': 4.300000000000001, 'en_adx': False, 'adx_n': 58, 'adx_threshold': 52, 'en_structure_trend': False, 'structure_trend_swing_l': 1, 'en_order_block': False, 'order_block_swing_l': 1, 'en_fvg': True, 'fvg_lookback': 20, 'en_ifvg': False, 'en_breaker': False, 'breaker_swing_l': 19, 'en_cisd': False, 'k': 5, 'en_cap_bars': False, 'cap_1min': 504}.
[I 2026-07-13 17:05:23,660] Trial 262 pruned. 
[I 2026-07-13 17:05:25,033] Trial 263 pruned. 
[I 2026-07-13 17:05:25,781] Trial 264 pruned. 
[I 2026-07-13 17:05:26,690] Trial 265 pruned. 
[I 2026-07-13 17:05:27,339] Trial 266 pruned. 
[I 2026-07-13 17:05:28,413] Trial 267 pruned. 
[I 2026-07-13 17:05:29,670] Trial 268 pruned. 
[I 2026-07-13 17:05:30,576] Trial 269 pruned. 
[I 2026-07-13 17:05:31,625] Trial 270 finished with values: [768.6648937626342, -4314.1601183205785, 61.3] and parameters: {'sl_soft': 267.2239726709504, 'sl_hard_delta': 13.053368550419176, 'tp': 264.170532722382, 'gate_pct': 94.70821660915905, 'dd_limit': 8922.931550922422, 'cooldown': 0, 'flip': False, 'en_ema_trend': True, 'ema_trend_fast': 99, 'ema_trend_slow': 64, 'en_sma_trend': False, 'sma_trend_fast': 345, 'sma_trend_slow': 290, 'en_macd': False, 'macd_fast': 56, 'macd_slow': 200, 'macd_signal': 82, 'en_vwap': True, 'en_keltner': False, 'keltner_n': 93, 'keltner_m': 3.3000000000000003, 'en_obv': False, 'obv_slope': 162, 'en_cci': True, 'cci_n': 51, 'cci_threshold': 155, 'en_rsi': False, 'rsi_n': 5, 'rsi_lower': 32, 'rsi_upper': 89, 'en_stochastic': False, 'stochastic_n': 50, 'stochastic_d': 11, 'stochastic_lower': 2, 'stochastic_upper': 93, 'en_mfi': False, 'mfi_n': 43, 'mfi_lower': 19, 'mfi_upper': 67, 'en_bollinger': False, 'bollinger_n': 155, 'bollinger_k': 0.5, 'en_adx': False, 'adx_n': 7, 'adx_threshold': 57, 'en_structure_trend': False, 'structure_trend_swing_l': 1, 'en_order_block': True, 'order_block_swing_l': 1, 'en_fvg': True, 'fvg_lookback': 26, 'en_ifvg': True, 'en_breaker': True, 'breaker_swing_l': 1, 'en_cisd': False, 'k': 4, 'en_cap_bars': True, 'cap_1min': 655}.
[I 2026-07-13 17:05:32,953] Trial 271 pruned. 
[I 2026-07-13 17:05:46,660] Trial 272 finished with values: [-940.0, -2025.0, 45.4] and parameters: {'sl_soft': 227.41526098744998, 'sl_hard_delta': 263.7826172626714, 'tp': 288.86642093543475, 'gate_pct': 50.46908188547151, 'dd_limit': 1029.0110284183138, 'cooldown': 0, 'flip': True, 'en_ema_trend': True, 'ema_trend_fast': 82, 'ema_trend_slow': 303, 'en_sma_trend': True, 'sma_trend_fast': 46, 'sma_trend_slow': 240, 'en_macd': False, 'macd_fast': 91, 'macd_slow': 77, 'macd_signal': 62, 'en_vwap': False, 'en_keltner': False, 'keltner_n': 49, 'keltner_m': 2.4000000000000004, 'en_obv': True, 'obv_slope': 137, 'en_cci': False, 'cci_n': 87, 'cci_threshold': 180, 'en_rsi': False, 'rsi_n': 52, 'rsi_lower': 49, 'rsi_upper': 95, 'en_stochastic': True, 'stochastic_n': 37, 'stochastic_d': 14, 'stochastic_lower': 17, 'stochastic_upper': 90, 'en_mfi': True, 'mfi_n': 61, 'mfi_lower': 19, 'mfi_upper': 93, 'en_bollinger': False, 'bollinger_n': 148, 'bollinger_k': 3.2, 'en_adx': True, 'adx_n': 5, 'adx_threshold': 25, 'en_structure_trend': True, 'structure_trend_swing_l': 10, 'en_order_block': True, 'order_block_swing_l': 7, 'en_fvg': False, 'fvg_lookback': 17, 'en_ifvg': False, 'en_breaker': False, 'breaker_swing_l': 9, 'en_cisd': False, 'k': 4, 'en_cap_bars': True, 'cap_1min': 160}.
