[I 2026-07-13 17:17:31,016] Trial 529 finished with values: [2897.6677190723603, -2066.4508565797223, 45.0] and parameters: {'sl_soft': 62.78952056914965, 'sl_hard_delta': 385.81938431739417, 'tp': 149.70982868405767, 'gate_pct': 73.0036735816267, 'dd_limit': 2773.5122147635702, 'cooldown': 1, 'flip': True, 'en_ema_trend': True, 'ema_trend_fast': 67, 'ema_trend_slow': 305, 'en_sma_trend': False, 'sma_trend_fast': 141, 'sma_trend_slow': 134, 'en_macd': True, 'macd_fast': 89, 'macd_slow': 47, 'macd_signal': 11, 'en_vwap': False, 'en_keltner': True, 'keltner_n': 36, 'keltner_m': 1.3, 'en_obv': True, 'obv_slope': 22, 'en_cci': True, 'cci_n': 154, 'cci_threshold': 30, 'en_rsi': True, 'rsi_n': 90, 'rsi_lower': 30, 'rsi_upper': 82, 'en_stochastic': True, 'stochastic_n': 58, 'stochastic_d': 3, 'stochastic_lower': 2, 'stochastic_upper': 77, 'en_mfi': False, 'mfi_n': 97, 'mfi_lower': 3, 'mfi_upper': 86, 'en_bollinger': False, 'bollinger_n': 135, 'bollinger_k': 3.8000000000000003, 'en_adx': False, 'adx_n': 77, 'adx_threshold': 51, 'en_structure_trend': False, 'structure_trend_swing_l': 9, 'en_order_block': True, 'order_block_swing_l': 9, 'en_fvg': True, 'fvg_lookback': 50, 'en_ifvg': False, 'en_breaker': False, 'breaker_swing_l': 17, 'en_cisd': False, 'k': 1, 'en_cap_bars': True, 'cap_1min': 272}.
[I 2026-07-13 17:17:34,235] Trial 530 finished with values: [-1092.7233759670526, -4625.0, 43.75] and parameters: {'sl_soft': 96.79556821383326, 'sl_hard_delta': 347.9044607762687, 'tp': 154.1011832903552, 'gate_pct': 63.90528592947753, 'dd_limit': 7425.406804429448, 'cooldown': 2, 'flip': True, 'en_ema_trend': True, 'ema_trend_fast': 77, 'ema_trend_slow': 266, 'en_sma_trend': False, 'sma_trend_fast': 362, 'sma_trend_slow': 134, 'en_macd': False, 'macd_fast': 80, 'macd_slow': 104, 'macd_signal': 54, 'en_vwap': True, 'en_keltner': False, 'keltner_n': 8, 'keltner_m': 1.8, 'en_obv': True, 'obv_slope': 110, 'en_cci': True, 'cci_n': 184, 'cci_threshold': 205, 'en_rsi': True, 'rsi_n': 12, 'rsi_lower': 41, 'rsi_upper': 74, 'en_stochastic': False, 'stochastic_n': 88, 'stochastic_d': 37, 'stochastic_lower': 40, 'stochastic_upper': 91, 'en_mfi': True, 'mfi_n': 64, 'mfi_lower': 37, 'mfi_upper': 86, 'en_bollinger': False, 'bollinger_n': 188, 'bollinger_k': 3.8000000000000003, 'en_adx': False, 'adx_n': 19, 'adx_threshold': 17, 'en_structure_trend': True, 'structure_trend_swing_l': 13, 'en_order_block': True, 'order_block_swing_l': 7, 'en_fvg': False, 'fvg_lookback': 20, 'en_ifvg': False, 'en_breaker': True, 'breaker_swing_l': 7, 'en_cisd': False, 'k': 3, 'en_cap_bars': True, 'cap_1min': 1119}.
[I 2026-07-13 17:17:41,580] Trial 531 finished with values: [304.03127891750046, -4055.0, 41.65] and parameters: {'sl_soft': 219.93356736567165, 'sl_hard_delta': 136.49076528568807, 'tp': 283.207368843673, 'gate_pct': 79.79473082398957, 'dd_limit': 4593.673039009747, 'cooldown': 1, 'flip': True, 'en_ema_trend': False, 'ema_trend_fast': 33, 'ema_trend_slow': 116, 'en_sma_trend': False, 'sma_trend_fast': 331, 'sma_trend_slow': 134, 'en_macd': True, 'macd_fast': 64, 'macd_slow': 177, 'macd_signal': 65, 'en_vwap': False, 'en_keltner': False, 'keltner_n': 3, 'keltner_m': 3.4000000000000004, 'en_obv': False, 'obv_slope': 38, 'en_cci': False, 'cci_n': 8, 'cci_threshold': 180, 'en_rsi': True, 'rsi_n': 46, 'rsi_lower': 3, 'rsi_upper': 61, 'en_stochastic': True, 'stochastic_n': 9, 'stochastic_d': 45, 'stochastic_lower': 40, 'stochastic_upper': 69, 'en_mfi': True, 'mfi_n': 95, 'mfi_lower': 14, 'mfi_upper': 93, 'en_bollinger': True, 'bollinger_n': 133, 'bollinger_k': 3.0, 'en_adx': False, 'adx_n': 77, 'adx_threshold': 32, 'en_structure_trend': True, 'structure_trend_swing_l': 13, 'en_order_block': False, 'order_block_swing_l': 1, 'en_fvg': False, 'fvg_lookback': 43, 'en_ifvg': True, 'en_breaker': True, 'breaker_swing_l': 16, 'en_cisd': True, 'k': 4, 'en_cap_bars': True, 'cap_1min': 1119}.
[I 2026-07-13 17:17:42,329] Trial 532 finished with values: [560.8063527398372, -2971.497827175408, 42.3] and parameters: {'sl_soft': 75.8088001493923, 'sl_hard_delta': 136.49076528568807, 'tp': 283.207368843673, 'gate_pct': 97.49754431689279, 'dd_limit': 3881.782071469207, 'cooldown': 2, 'flip': True, 'en_ema_trend': False, 'ema_trend_fast': 83, 'ema_trend_slow': 116, 'en_sma_trend': False, 'sma_trend_fast': 331, 'sma_trend_slow': 228, 'en_macd': False, 'macd_fast': 13, 'macd_slow': 177, 'macd_signal': 84, 'en_vwap': False, 'en_keltner': False, 'keltner_n': 27, 'keltner_m': 2.2, 'en_obv': True, 'obv_slope': 161, 'en_cci': False, 'cci_n': 12, 'cci_threshold': 20, 'en_rsi': True, 'rsi_n': 63, 'rsi_lower': 15, 'rsi_upper': 86, 'en_stochastic': False, 'stochastic_n': 53, 'stochastic_d': 45, 'stochastic_lower': 27, 'stochastic_upper': 69, 'en_mfi': True, 'mfi_n': 47, 'mfi_lower': 17, 'mfi_upper': 62, 'en_bollinger': False, 'bollinger_n': 20, 'bollinger_k': 3.8000000000000003, 'en_adx': False, 'adx_n': 67, 'adx_threshold': 8, 'en_structure_trend': True, 'structure_trend_swing_l': 3, 'en_order_block': False, 'order_block_swing_l': 12, 'en_fvg': False, 'fvg_lookback': 4, 'en_ifvg': True, 'en_breaker': True, 'breaker_swing_l': 16, 'en_cisd': True, 'k': 1, 'en_cap_bars': True, 'cap_1min': 208}.
[I 2026-07-13 17:17:46,073] Trial 533 finished with values: [-371.3220793821529, -3754.123066458924, 54.15] and parameters: {'sl_soft': 87.52008513176767, 'sl_hard_delta': 209.18705283693694, 'tp': 102.8825246769187, 'gate_pct': 63.90528592947753, 'dd_limit': 4383.9268475471445, 'cooldown': 1, 'flip': False, 'en_ema_trend': True, 'ema_trend_fast': 195, 'ema_trend_slow': 393, 'en_sma_trend': True, 'sma_trend_fast': 362, 'sma_trend_slow': 116, 'en_macd': False, 'macd_fast': 80, 'macd_slow': 2, 'macd_signal': 20, 'en_vwap': False, 'en_keltner': True, 'keltner_n': 179, 'keltner_m': 1.7000000000000002, 'en_obv': False, 'obv_slope': 142, 'en_cci': False, 'cci_n': 154, 'cci_threshold': 90, 'en_rsi': True, 'rsi_n': 39, 'rsi_lower': 32, 'rsi_upper': 71, 'en_stochastic': False, 'stochastic_n': 40, 'stochastic_d': 19, 'stochastic_lower': 7, 'stochastic_upper': 69, 'en_mfi': True, 'mfi_n': 15, 'mfi_lower': 32, 'mfi_upper': 86, 'en_bollinger': True, 'bollinger_n': 120, 'bollinger_k': 3.9000000000000004, 'en_adx': False, 'adx_n': 20, 'adx_threshold': 54, 'en_structure_trend': True, 'structure_trend_swing_l': 9, 'en_order_block': False, 'order_block_swing_l': 5, 'en_fvg': False, 'fvg_lookback': 42, 'en_ifvg': False, 'en_breaker': True, 'breaker_swing_l': 6, 'en_cisd': False, 'k': 3, 'en_cap_bars': False, 'cap_1min': 583}.
[I 2026-07-13 17:17:47,690] Trial 534 pruned. 
[I 2026-07-13 17:17:53,345] Trial 535 finished with values: [2599.955047785261, -3345.0, 44.25] and parameters: {'sl_soft': 75.8088001493923, 'sl_hard_delta': 163.40134392837285, 'tp': 232.77577990156834, 'gate_pct': 83.33433192606572, 'dd_limit': 5783.923331052917, 'cooldown': 2, 'flip': True, 'en_ema_trend': True, 'ema_trend_fast': 351, 'ema_trend_slow': 112, 'en_sma_trend': False, 'sma_trend_fast': 275, 'sma_trend_slow': 231, 'en_macd': True, 'macd_fast': 13, 'macd_slow': 98, 'macd_signal': 60, 'en_vwap': True, 'en_keltner': False, 'keltner_n': 80, 'keltner_m': 4.9, 'en_obv': False, 'obv_slope': 185, 'en_cci': False, 'cci_n': 88, 'cci_threshold': 250, 'en_rsi': True, 'rsi_n': 58, 'rsi_lower': 11, 'rsi_upper': 88, 'en_stochastic': True, 'stochastic_n': 74, 'stochastic_d': 18, 'stochastic_lower': 27, 'stochastic_upper': 86, 'en_mfi': False, 'mfi_n': 64, 'mfi_lower': 23, 'mfi_upper': 51, 'en_bollinger': False, 'bollinger_n': 92, 'bollinger_k': 1.8, 'en_adx': False, 'adx_n': 68, 'adx_threshold': 35, 'en_structure_trend': True, 'structure_trend_swing_l': 15, 'en_order_block': True, 'order_block_swing_l': 13, 'en_fvg': True, 'fvg_lookback': 4, 'en_ifvg': True, 'en_breaker': False, 'breaker_swing_l': 9, 'en_cisd': False, 'k': 4, 'en_cap_bars': False, 'cap_1min': 651}.
[I 2026-07-13 17:18:01,775] Trial 536 finished with values: [-2179.632635241942, -5181.168764058639, 16.65] and parameters: {'sl_soft': 62.78952056914965, 'sl_hard_delta': 44.62173036809308, 'tp': 446.2032005894348, 'gate_pct': 75.29895741667805, 'dd_limit': 2327.713141817985, 'cooldown': 1, 'flip': False, 'en_ema_trend': True, 'ema_trend_fast': 67, 'ema_trend_slow': 305, 'en_sma_trend': False, 'sma_trend_fast': 128, 'sma_trend_slow': 134, 'en_macd': True, 'macd_fast': 89, 'macd_slow': 150, 'macd_signal': 100, 'en_vwap': True, 'en_keltner': True, 'keltner_n': 178, 'keltner_m': 1.3, 'en_obv': True, 'obv_slope': 162, 'en_cci': False, 'cci_n': 154, 'cci_threshold': 280, 'en_rsi': False, 'rsi_n': 90, 'rsi_lower': 45, 'rsi_upper': 89, 'en_stochastic': False, 'stochastic_n': 25, 'stochastic_d': 11, 'stochastic_lower': 31, 'stochastic_upper': 97, 'en_mfi': True, 'mfi_n': 95, 'mfi_lower': 20, 'mfi_upper': 57, 'en_bollinger': False, 'bollinger_n': 135, 'bollinger_k': 3.0, 'en_adx': True, 'adx_n': 77, 'adx_threshold': 12, 'en_structure_trend': True, 'structure_trend_swing_l': 9, 'en_order_block': False, 'order_block_swing_l': 1, 'en_fvg': False, 'fvg_lookback': 20, 'en_ifvg': False, 'en_breaker': True, 'breaker_swing_l': 20, 'en_cisd': True, 'k': 4, 'en_cap_bars': True, 'cap_1min': 1113}.
[I 2026-07-13 17:18:07,364] Trial 537 finished with values: [4823.833781117592, -3319.016298658753, 64.4] and parameters: {'sl_soft': 289.27989949778464, 'sl_hard_delta': 44.62173036809308, 'tp': 365.2487113382961, 'gate_pct': 99.08068803261627, 'dd_limit': 4575.9816030059565, 'cooldown': 0, 'flip': False, 'en_ema_trend': False, 'ema_trend_fast': 62, 'ema_trend_slow': 292, 'en_sma_trend': False, 'sma_trend_fast': 281, 'sma_trend_slow': 116, 'en_macd': False, 'macd_fast': 48, 'macd_slow': 65, 'macd_signal': 20, 'en_vwap': True, 'en_keltner': False, 'keltner_n': 178, 'keltner_m': 2.8000000000000003, 'en_obv': True, 'obv_slope': 142, 'en_cci': True, 'cci_n': 83, 'cci_threshold': 135, 'en_rsi': True, 'rsi_n': 100, 'rsi_lower': 32, 'rsi_upper': 59, 'en_stochastic': True, 'stochastic_n': 43, 'stochastic_d': 48, 'stochastic_lower': 31, 'stochastic_upper': 91, 'en_mfi': True, 'mfi_n': 15, 'mfi_lower': 41, 'mfi_upper': 86, 'en_bollinger': True, 'bollinger_n': 189, 'bollinger_k': 3.9000000000000004, 'en_adx': True, 'adx_n': 16, 'adx_threshold': 7, 'en_structure_trend': True, 'structure_trend_swing_l': 3, 'en_order_block': True, 'order_block_swing_l': 9, 'en_fvg': False, 'fvg_lookback': 48, 'en_ifvg': False, 'en_breaker': True, 'breaker_swing_l': 6, 'en_cisd': True, 'k': 5, 'en_cap_bars': False, 'cap_1min': 433}.
[I 2026-07-13 17:18:09,104] Trial 538 finished with values: [1002.9608571889548, -4385.0, 27.65] and parameters: {'sl_soft': 62.78952056914965, 'sl_hard_delta': 385.81938431739417, 'tp': 418.046085718894, 'gate_pct': 76.44147895261598, 'dd_limit': 4593.673039009747, 'cooldown': 1, 'flip': False, 'en_ema_trend': True, 'ema_trend_fast': 76, 'ema_trend_slow': 159, 'en_sma_trend': False, 'sma_trend_fast': 161, 'sma_trend_slow': 134, 'en_macd': False, 'macd_fast': 44, 'macd_slow': 2, 'macd_signal': 36, 'en_vwap': True, 'en_keltner': False, 'keltner_n': 43, 'keltner_m': 3.9000000000000004, 'en_obv': True, 'obv_slope': 22, 'en_cci': False, 'cci_n': 2, 'cci_threshold': 205, 'en_rsi': False, 'rsi_n': 39, 'rsi_lower': 30, 'rsi_upper': 89, 'en_stochastic': False, 'stochastic_n': 53, 'stochastic_d': 31, 'stochastic_lower': 7, 'stochastic_upper': 66, 'en_mfi': True, 'mfi_n': 64, 'mfi_lower': 1, 'mfi_upper': 74, 'en_bollinger': True, 'bollinger_n': 24, 'bollinger_k': 4.9, 'en_adx': True, 'adx_n': 20, 'adx_threshold': 12, 'en_structure_trend': True, 'structure_trend_swing_l': 13, 'en_order_block': False, 'order_block_swing_l': 5, 'en_fvg': True, 'fvg_lookback': 20, 'en_ifvg': True, 'en_breaker': False, 'breaker_swing_l': 3, 'en_cisd': True, 'k': 5, 'en_cap_bars': False, 'cap_1min': 1113}.
[I 2026-07-13 17:18:09,328] Trial 539 pruned. 
[I 2026-07-13 17:18:10,355] Trial 540 finished with values: [1809.5179774460848, -4981.596404510783, 57.05] and parameters: {'sl_soft': 231.1881311410537, 'sl_hard_delta': 369.0302431189911, 'tp': 168.84035954891954, 'gate_pct': 68.22768503522947, 'dd_limit': 482.05982110363465, 'cooldown': 1, 'flip': False, 'en_ema_trend': True, 'ema_trend_fast': 83, 'ema_trend_slow': 116, 'en_sma_trend': True, 'sma_trend_fast': 39, 'sma_trend_slow': 114, 'en_macd': True, 'macd_fast': 47, 'macd_slow': 157, 'macd_signal': 100, 'en_vwap': True, 'en_keltner': False, 'keltner_n': 6, 'keltner_m': 1.6, 'en_obv': True, 'obv_slope': 34, 'en_cci': False, 'cci_n': 125, 'cci_threshold': 85, 'en_rsi': False, 'rsi_n': 63, 'rsi_lower': 12, 'rsi_upper': 97, 'en_stochastic': True, 'stochastic_n': 11, 'stochastic_d': 19, 'stochastic_lower': 43, 'stochastic_upper': 86, 'en_mfi': True, 'mfi_n': 67, 'mfi_lower': 40, 'mfi_upper': 90, 'en_bollinger': True, 'bollinger_n': 83, 'bollinger_k': 2.2, 'en_adx': False, 'adx_n': 11, 'adx_threshold': 8, 'en_structure_trend': True, 'structure_trend_swing_l': 13, 'en_order_block': False, 'order_block_swing_l': 15, 'en_fvg': False, 'fvg_lookback': 19, 'en_ifvg': False, 'en_breaker': False, 'breaker_swing_l': 15, 'en_cisd': False, 'k': 2, 'en_cap_bars': True, 'cap_1min': 914}.
[I 2026-07-13 17:18:18,343] Trial 541 finished with values: [-3396.6116363078254, -6560.587376615404, 45.7] and parameters: {'sl_soft': 289.27989949778464, 'sl_hard_delta': 209.18705283693694, 'tp': 102.8825246769187, 'gate_pct': 97.49754431689279, 'dd_limit': 7425.406804429448, 'cooldown': 2, 'flip': True, 'en_ema_trend': True, 'ema_trend_fast': 77, 'ema_trend_slow': 159, 'en_sma_trend': False, 'sma_trend_fast': 281, 'sma_trend_slow': 116, 'en_macd': False, 'macd_fast': 33, 'macd_slow': 65, 'macd_signal': 20, 'en_vwap': True, 'en_keltner': True, 'keltner_n': 77, 'keltner_m': 2.8000000000000003, 'en_obv': True, 'obv_slope': 142, 'en_cci': True, 'cci_n': 2, 'cci_threshold': 205, 'en_rsi': True, 'rsi_n': 39, 'rsi_lower': 41, 'rsi_upper': 96, 'en_stochastic': True, 'stochastic_n': 30, 'stochastic_d': 3, 'stochastic_lower': 25, 'stochastic_upper': 97, 'en_mfi': True, 'mfi_n': 15, 'mfi_lower': 7, 'mfi_upper': 86, 'en_bollinger': False, 'bollinger_n': 188, 'bollinger_k': 3.9000000000000004, 'en_adx': False, 'adx_n': 51, 'adx_threshold': 7, 'en_structure_trend': True, 'structure_trend_swing_l': 3, 'en_order_block': True, 'order_block_swing_l': 9, 'en_fvg': True, 'fvg_lookback': 20, 'en_ifvg': False, 'en_breaker': False, 'breaker_swing_l': 17, 'en_cisd': False, 'k': 2, 'en_cap_bars': True, 'cap_1min': 433}.
[I 2026-07-13 17:18:23,699] Trial 542 finished with values: [1610.1053932338255, -1085.0, 75.0] and parameters: {'sl_soft': 290.77933272481357, 'sl_hard_delta': 223.613668706465, 'tp': 168.84035954891954, 'gate_pct': 79.79473082398957, 'dd_limit': 4383.9268475471445, 'cooldown': 1, 'flip': False, 'en_ema_trend': True, 'ema_trend_fast': 83, 'ema_trend_slow': 116, 'en_sma_trend': False, 'sma_trend_fast': 161, 'sma_trend_slow': 134, 'en_macd': False, 'macd_fast': 13, 'macd_slow': 154, 'macd_signal': 49, 'en_vwap': True, 'en_keltner': False, 'keltner_n': 3, 'keltner_m': 3.4000000000000004, 'en_obv': True, 'obv_slope': 161, 'en_cci': False, 'cci_n': 125, 'cci_threshold': 85, 'en_rsi': False, 'rsi_n': 46, 'rsi_lower': 17, 'rsi_upper': 71, 'en_stochastic': True, 'stochastic_n': 45, 'stochastic_d': 10, 'stochastic_lower': 40, 'stochastic_upper': 91, 'en_mfi': True, 'mfi_n': 33, 'mfi_lower': 24, 'mfi_upper': 89, 'en_bollinger': True, 'bollinger_n': 133, 'bollinger_k': 3.4000000000000004, 'en_adx': True, 'adx_n': 30, 'adx_threshold': 8, 'en_structure_trend': True, 'structure_trend_swing_l': 13, 'en_order_block': False, 'order_block_swing_l': 15, 'en_fvg': True, 'fvg_lookback': 46, 'en_ifvg': True, 'en_breaker': False, 'breaker_swing_l': 6, 'en_cisd': True, 'k': 4, 'en_cap_bars': True, 'cap_1min': 399}.
[I 2026-07-13 17:18:25,264] Trial 543 finished with values: [2079.9742267659167, -4157.512886617042, 43.65] and parameters: {'sl_soft': 142.5241001410186, 'sl_hard_delta': 328.8353373011519, 'tp': 365.2487113382961, 'gate_pct': 70.9400490465145, 'dd_limit': 3089.913555349885, 'cooldown': 1, 'flip': False, 'en_ema_trend': False, 'ema_trend_fast': 62, 'ema_trend_slow': 187, 'en_sma_trend': False, 'sma_trend_fast': 62, 'sma_trend_slow': 85, 'en_macd': True, 'macd_fast': 73, 'macd_slow': 89, 'macd_signal': 91, 'en_vwap': True, 'en_keltner': False, 'keltner_n': 154, 'keltner_m': 1.7000000000000002, 'en_obv': True, 'obv_slope': 49, 'en_cci': False, 'cci_n': 83, 'cci_threshold': 25, 'en_rsi': True, 'rsi_n': 94, 'rsi_lower': 45, 'rsi_upper': 69, 'en_stochastic': False, 'stochastic_n': 3, 'stochastic_d': 37, 'stochastic_lower': 27, 'stochastic_upper': 91, 'en_mfi': False, 'mfi_n': 27, 'mfi_lower': 28, 'mfi_upper': 93, 'en_bollinger': True, 'bollinger_n': 118, 'bollinger_k': 4.6000000000000005, 'en_adx': False, 'adx_n': 16, 'adx_threshold': 18, 'en_structure_trend': True, 'structure_trend_swing_l': 5, 'en_order_block': True, 'order_block_swing_l': 9, 'en_fvg': False, 'fvg_lookback': 48, 'en_ifvg': True, 'en_breaker': True, 'breaker_swing_l': 1, 'en_cisd': True, 'k': 1, 'en_cap_bars': False, 'cap_1min': 456}.
[I 2026-07-13 17:18:25,428] Trial 544 finished with values: [-960.0, -2065.0, 45.4] and parameters: {'sl_soft': 227.41526098744998, 'sl_hard_delta': 263.7826172626714, 'tp': 288.86642093543475, 'gate_pct': 50.46908188547151, 'dd_limit': 1029.0110284183138, 'cooldown': 0, 'flip': True, 'en_ema_trend': True, 'ema_trend_fast': 82, 'ema_trend_slow': 303, 'en_sma_trend': True, 'sma_trend_fast': 46, 'sma_trend_slow': 240, 'en_macd': False, 'macd_fast': 91, 'macd_slow': 77, 'macd_signal': 62, 'en_vwap': True, 'en_keltner': False, 'keltner_n': 49, 'keltner_m': 2.4000000000000004, 'en_obv': True, 'obv_slope': 137, 'en_cci': False, 'cci_n': 87, 'cci_threshold': 180, 'en_rsi': False, 'rsi_n': 52, 'rsi_lower': 49, 'rsi_upper': 95, 'en_stochastic': True, 'stochastic_n': 37, 'stochastic_d': 14, 'stochastic_lower': 17, 'stochastic_upper': 90, 'en_mfi': True, 'mfi_n': 61, 'mfi_lower': 19, 'mfi_upper': 93, 'en_bollinger': False, 'bollinger_n': 18, 'bollinger_k': 3.2, 'en_adx': True, 'adx_n': 5, 'adx_threshold': 25, 'en_structure_trend': True, 'structure_trend_swing_l': 10, 'en_order_block': True, 'order_block_swing_l': 7, 'en_fvg': False, 'fvg_lookback': 17, 'en_ifvg': False, 'en_breaker': False, 'breaker_swing_l': 9, 'en_cisd': False, 'k': 4, 'en_cap_bars': True, 'cap_1min': 160}.
[I 2026-07-13 17:18:32,609] Trial 545 finished with values: [1679.352448420177, -4113.756443308521, 44.2] and parameters: {'sl_soft': 289.27989949778464, 'sl_hard_delta': 260.9535767077609, 'tp': 365.2487113382961, 'gate_pct': 99.38823931198807, 'dd_limit': 4655.497598973588, 'cooldown': 2, 'flip': True, 'en_ema_trend': False, 'ema_trend_fast': 62, 'ema_trend_slow': 159, 'en_sma_trend': True, 'sma_trend_fast': 161, 'sma_trend_slow': 371, 'en_macd': False, 'macd_fast': 48, 'macd_slow': 65, 'macd_signal': 84, 'en_vwap': False, 'en_keltner': True, 'keltner_n': 178, 'keltner_m': 2.8000000000000003, 'en_obv': True, 'obv_slope': 142, 'en_cci': False, 'cci_n': 184, 'cci_threshold': 135, 'en_rsi': True, 'rsi_n': 100, 'rsi_lower': 32, 'rsi_upper': 59, 'en_stochastic': True, 'stochastic_n': 43, 'stochastic_d': 19, 'stochastic_lower': 31, 'stochastic_upper': 69, 'en_mfi': True, 'mfi_n': 15, 'mfi_lower': 41, 'mfi_upper': 89, 'en_bollinger': True, 'bollinger_n': 188, 'bollinger_k': 3.9000000000000004, 'en_adx': True, 'adx_n': 30, 'adx_threshold': 8, 'en_structure_trend': True, 'structure_trend_swing_l': 20, 'en_order_block': True, 'order_block_swing_l': 16, 'en_fvg': False, 'fvg_lookback': 48, 'en_ifvg': False, 'en_breaker': True, 'breaker_swing_l': 6, 'en_cisd': True, 'k': 5, 'en_cap_bars': False, 'cap_1min': 583}.
[I 2026-07-13 17:18:39,105] Trial 546 finished with values: [245.0, -2420.0, 51.45] and parameters: {'sl_soft': 142.5241001410186, 'sl_hard_delta': 218.06309001668583, 'tp': 418.046085718894, 'gate_pct': 77.88062387933805, 'dd_limit': 3089.913555349885, 'cooldown': 1, 'flip': False, 'en_ema_trend': True, 'ema_trend_fast': 76, 'ema_trend_slow': 393, 'en_sma_trend': True, 'sma_trend_fast': 173, 'sma_trend_slow': 50, 'en_macd': False, 'macd_fast': 44, 'macd_slow': 2, 'macd_signal': 91, 'en_vwap': False, 'en_keltner': False, 'keltner_n': 49, 'keltner_m': 0.8, 'en_obv': False, 'obv_slope': 137, 'en_cci': False, 'cci_n': 87, 'cci_threshold': 25, 'en_rsi': True, 'rsi_n': 39, 'rsi_lower': 43, 'rsi_upper': 89, 'en_stochastic': True, 'stochastic_n': 37, 'stochastic_d': 8, 'stochastic_lower': 7, 'stochastic_upper': 66, 'en_mfi': True, 'mfi_n': 95, 'mfi_lower': 1, 'mfi_upper': 93, 'en_bollinger': False, 'bollinger_n': 10, 'bollinger_k': 3.2, 'en_adx': False, 'adx_n': 5, 'adx_threshold': 54, 'en_structure_trend': True, 'structure_trend_swing_l': 9, 'en_order_block': True, 'order_block_swing_l': 5, 'en_fvg': False, 'fvg_lookback': 48, 'en_ifvg': True, 'en_breaker': True, 'breaker_swing_l': 3, 'en_cisd': False, 'k': 1, 'en_cap_bars': True, 'cap_1min': 160}.
