── OPTIMIZER PLAN [4h] shared SL/TP · sampler=nsga3 ──
   dimensions: base 5c+2cat+3i = 10  |  indicators 18 on/off + 30 params  |  split 0  →  TOTAL 58 dims
   trials/dim 100  →  RECOMMENDED 5,800 trials  (∝ dimensions; grows if you add more)
[4h] loading inputs (YM, pv=5) ...
[4h] 2314 decision bars; cooldown cap 2; bounds sl_soft[48.524804861438525, 296.9718057520038] sl_hard[65.99373461155639, 395.96240766933835] tp[62.11175022264131, 458.07415789197967]; indicators on 1-MINUTE frame
/home/dev/Mulham/wsg-i/Parametric-Indicators/optimize/optimizer.py:261: ExperimentalWarning: NSGAIIISampler is experimental (supported from v3.2.0). The interface can change in the future.
  return optuna.samplers.NSGAIIISampler(seed=seed, constraints_func=constraints_func)
[4h] sampler = nsga3 → NSGAIIISampler  objective=<function run.<locals>.objective at 0x78bf21893920>  dd_pnl_cap=0.25
[I 2026-07-13 16:56:10,349] A new study created in RDB with name: eod1_4h_YM
[I 2026-07-13 16:56:10,788] Trial 0 pruned. 
[I 2026-07-13 16:56:15,448] Trial 1 finished with values: [899.008176041134, -5335.0, 52.8] and parameters: {'sl_soft': 235.06182011795414, 'sl_hard_delta': 287.4679102424538, 'tp': 411.86775680548595, 'gate_pct': 62.36722070556089, 'dd_limit': 7287.8670146700415, 'cooldown': 1, 'flip': True, 'en_ema_trend': True, 'ema_trend_fast': 266, 'ema_trend_slow': 250, 'en_sma_trend': True, 'sma_trend_fast': 181, 'sma_trend_slow': 232, 'en_macd': False, 'macd_fast': 91, 'macd_slow': 116, 'macd_signal': 1, 'en_vwap': False, 'en_keltner': True, 'keltner_n': 73, 'keltner_m': 4.6000000000000005, 'en_obv': False, 'obv_slope': 186, 'en_cci': True, 'cci_n': 36, 'cci_threshold': 55, 'en_rsi': False, 'rsi_n': 8, 'rsi_lower': 38, 'rsi_upper': 87, 'en_stochastic': False, 'stochastic_n': 14, 'stochastic_d': 1, 'stochastic_lower': 2, 'stochastic_upper': 52, 'en_mfi': True, 'mfi_n': 55, 'mfi_lower': 28, 'mfi_upper': 92, 'en_bollinger': True, 'bollinger_n': 118, 'bollinger_k': 4.9, 'en_adx': False, 'adx_n': 81, 'adx_threshold': 18, 'en_structure_trend': False, 'structure_trend_swing_l': 18, 'en_order_block': False, 'order_block_swing_l': 3, 'en_fvg': True, 'fvg_lookback': 3, 'en_ifvg': True, 'en_breaker': False, 'breaker_swing_l': 1, 'en_cisd': True, 'k': 3, 'en_cap_bars': True, 'cap_1min': 1072}.
[I 2026-07-13 16:56:23,787] Trial 2 finished with values: [1769.0240044207712, -2925.0, 45.95] and parameters: {'sl_soft': 97.07867332864816, 'sl_hard_delta': 230.1962805631829, 'tp': 446.2032005894348, 'gate_pct': 84.68288014900352, 'dd_limit': 2327.713141817985, 'cooldown': 1, 'flip': True, 'en_ema_trend': False, 'ema_trend_fast': 29, 'ema_trend_slow': 196, 'en_sma_trend': False, 'sma_trend_fast': 128, 'sma_trend_slow': 396, 'en_macd': False, 'macd_fast': 56, 'macd_slow': 150, 'macd_signal': 67, 'en_vwap': False, 'en_keltner': True, 'keltner_n': 43, 'keltner_m': 3.9000000000000004, 'en_obv': True, 'obv_slope': 162, 'en_cci': True, 'cci_n': 106, 'cci_threshold': 280, 'en_rsi': False, 'rsi_n': 74, 'rsi_lower': 38, 'rsi_upper': 95, 'en_stochastic': False, 'stochastic_n': 25, 'stochastic_d': 31, 'stochastic_lower': 47, 'stochastic_upper': 97, 'en_mfi': True, 'mfi_n': 65, 'mfi_lower': 20, 'mfi_upper': 74, 'en_bollinger': False, 'bollinger_n': 186, 'bollinger_k': 4.7, 'en_adx': True, 'adx_n': 19, 'adx_threshold': 12, 'en_structure_trend': True, 'structure_trend_swing_l': 1, 'en_order_block': False, 'order_block_swing_l': 1, 'en_fvg': True, 'fvg_lookback': 7, 'en_ifvg': False, 'en_breaker': False, 'breaker_swing_l': 18, 'en_cisd': True, 'k': 3, 'en_cap_bars': True, 'cap_1min': 412}.
[I 2026-07-13 16:56:25,383] Trial 3 pruned. 
[I 2026-07-13 16:56:27,437] Trial 4 pruned. 
[I 2026-07-13 16:56:28,044] Trial 5 pruned. 
[I 2026-07-13 16:56:29,036] Trial 6 pruned. 
[I 2026-07-13 16:56:31,271] Trial 7 pruned. 
[I 2026-07-13 16:56:32,843] Trial 8 pruned. 
[I 2026-07-13 16:56:34,697] Trial 9 pruned. 
[I 2026-07-13 16:56:38,068] Trial 10 pruned. 
[I 2026-07-13 16:56:40,266] Trial 11 pruned. 
[I 2026-07-13 16:56:41,561] Trial 12 pruned. 
[I 2026-07-13 16:56:42,846] Trial 13 pruned. 
[I 2026-07-13 16:56:46,351] Trial 14 pruned. 
[I 2026-07-13 16:56:46,924] Trial 15 pruned. 
[I 2026-07-13 16:56:48,406] Trial 16 pruned. 
[I 2026-07-13 16:56:49,435] Trial 17 pruned. 
[I 2026-07-13 16:56:51,434] Trial 18 pruned. 
[I 2026-07-13 16:56:52,004] Trial 19 pruned. 
[I 2026-07-13 16:56:56,547] Trial 20 finished with values: [215.25495861918898, -7086.186260345203, 48.35] and parameters: {'sl_soft': 177.79516721414515, 'sl_hard_delta': 328.0422425932812, 'tp': 262.38137396547836, 'gate_pct': 82.4858562385232, 'dd_limit': 2735.295580661161, 'cooldown': 0, 'flip': False, 'en_ema_trend': True, 'ema_trend_fast': 383, 'ema_trend_slow': 34, 'en_sma_trend': True, 'sma_trend_fast': 91, 'sma_trend_slow': 307, 'en_macd': True, 'macd_fast': 12, 'macd_slow': 18, 'macd_signal': 63, 'en_vwap': False, 'en_keltner': True, 'keltner_n': 39, 'keltner_m': 4.6000000000000005, 'en_obv': True, 'obv_slope': 147, 'en_cci': True, 'cci_n': 59, 'cci_threshold': 105, 'en_rsi': False, 'rsi_n': 88, 'rsi_lower': 13, 'rsi_upper': 88, 'en_stochastic': False, 'stochastic_n': 49, 'stochastic_d': 33, 'stochastic_lower': 42, 'stochastic_upper': 60, 'en_mfi': False, 'mfi_n': 90, 'mfi_lower': 2, 'mfi_upper': 55, 'en_bollinger': False, 'bollinger_n': 85, 'bollinger_k': 1.2000000000000002, 'en_adx': False, 'adx_n': 32, 'adx_threshold': 23, 'en_structure_trend': True, 'structure_trend_swing_l': 17, 'en_order_block': False, 'order_block_swing_l': 12, 'en_fvg': True, 'fvg_lookback': 8, 'en_ifvg': False, 'en_breaker': True, 'breaker_swing_l': 5, 'en_cisd': True, 'k': 4, 'en_cap_bars': False, 'cap_1min': 1298}.
[I 2026-07-13 16:56:58,292] Trial 21 pruned. 
[I 2026-07-13 16:56:59,524] Trial 22 pruned. 
[I 2026-07-13 16:57:06,417] Trial 23 finished with values: [-1185.0755307280997, -7003.8650352177865, 49.849999999999994] and parameters: {'sl_soft': 249.37218189610772, 'sl_hard_delta': 51.74944541349581, 'tp': 274.3486202660507, 'gate_pct': 90.0783114706916, 'dd_limit': 7480.8928317220125, 'cooldown': 1, 'flip': False, 'en_ema_trend': True, 'ema_trend_fast': 324, 'ema_trend_slow': 361, 'en_sma_trend': True, 'sma_trend_fast': 95, 'sma_trend_slow': 120, 'en_macd': False, 'macd_fast': 47, 'macd_slow': 74, 'macd_signal': 59, 'en_vwap': True, 'en_keltner': False, 'keltner_n': 155, 'keltner_m': 1.6, 'en_obv': True, 'obv_slope': 2, 'en_cci': False, 'cci_n': 110, 'cci_threshold': 195, 'en_rsi': True, 'rsi_n': 63, 'rsi_lower': 12, 'rsi_upper': 88, 'en_stochastic': True, 'stochastic_n': 11, 'stochastic_d': 30, 'stochastic_lower': 13, 'stochastic_upper': 82, 'en_mfi': False, 'mfi_n': 67, 'mfi_lower': 40, 'mfi_upper': 90, 'en_bollinger': False, 'bollinger_n': 83, 'bollinger_k': 4.5, 'en_adx': False, 'adx_n': 58, 'adx_threshold': 55, 'en_structure_trend': True, 'structure_trend_swing_l': 17, 'en_order_block': False, 'order_block_swing_l': 3, 'en_fvg': False, 'fvg_lookback': 19, 'en_ifvg': False, 'en_breaker': False, 'breaker_swing_l': 11, 'en_cisd': False, 'k': 3, 'en_cap_bars': True, 'cap_1min': 914}.
[I 2026-07-13 16:57:11,604] Trial 24 finished with values: [-1896.6958097174938, -10053.678323886998, 36.2] and parameters: {'sl_soft': 164.68621331174677, 'sl_hard_delta': 264.0841751801981, 'tp': 241.6321676112995, 'gate_pct': 52.57115913414096, 'dd_limit': 6391.37714091985, 'cooldown': 0, 'flip': False, 'en_ema_trend': False, 'ema_trend_fast': 188, 'ema_trend_slow': 359, 'en_sma_trend': True, 'sma_trend_fast': 167, 'sma_trend_slow': 275, 'en_macd': False, 'macd_fast': 81, 'macd_slow': 194, 'macd_signal': 2, 'en_vwap': False, 'en_keltner': False, 'keltner_n': 200, 'keltner_m': 2.2, 'en_obv': False, 'obv_slope': 89, 'en_cci': False, 'cci_n': 93, 'cci_threshold': 165, 'en_rsi': False, 'rsi_n': 21, 'rsi_lower': 6, 'rsi_upper': 58, 'en_stochastic': True, 'stochastic_n': 85, 'stochastic_d': 18, 'stochastic_lower': 4, 'stochastic_upper': 71, 'en_mfi': False, 'mfi_n': 82, 'mfi_lower': 47, 'mfi_upper': 93, 'en_bollinger': False, 'bollinger_n': 137, 'bollinger_k': 0.5, 'en_adx': False, 'adx_n': 91, 'adx_threshold': 50, 'en_structure_trend': False, 'structure_trend_swing_l': 5, 'en_order_block': True, 'order_block_swing_l': 10, 'en_fvg': False, 'fvg_lookback': 31, 'en_ifvg': False, 'en_breaker': True, 'breaker_swing_l': 7, 'en_cisd': False, 'k': 1, 'en_cap_bars': True, 'cap_1min': 1249}.
[I 2026-07-13 16:57:12,936] Trial 25 pruned. 
[I 2026-07-13 16:57:14,371] Trial 26 pruned. 
[I 2026-07-13 16:57:15,530] Trial 27 pruned. 
[I 2026-07-13 16:57:17,839] Trial 28 pruned. 
[I 2026-07-13 16:57:20,238] Trial 29 pruned. 
[I 2026-07-13 16:57:24,170] Trial 30 pruned. 
[I 2026-07-13 16:57:25,458] Trial 31 pruned. 
[I 2026-07-13 16:57:26,875] Trial 32 pruned. 
[I 2026-07-13 16:57:27,288] Trial 33 pruned. 
[I 2026-07-13 16:57:36,232] Trial 34 finished with values: [-763.2818863627472, -3435.2606287875824, 40.6] and parameters: {'sl_soft': 96.79556821383326, 'sl_hard_delta': 347.9044607762687, 'tp': 133.9739371212426, 'gate_pct': 63.90528592947753, 'dd_limit': 7189.695940132639, 'cooldown': 1, 'flip': False, 'en_ema_trend': True, 'ema_trend_fast': 159, 'ema_trend_slow': 266, 'en_sma_trend': False, 'sma_trend_fast': 362, 'sma_trend_slow': 154, 'en_macd': False, 'macd_fast': 80, 'macd_slow': 104, 'macd_signal': 54, 'en_vwap': False, 'en_keltner': False, 'keltner_n': 8, 'keltner_m': 1.7000000000000002, 'en_obv': True, 'obv_slope': 18, 'en_cci': True, 'cci_n': 184, 'cci_threshold': 90, 'en_rsi': True, 'rsi_n': 69, 'rsi_lower': 16, 'rsi_upper': 74, 'en_stochastic': False, 'stochastic_n': 88, 'stochastic_d': 37, 'stochastic_lower': 47, 'stochastic_upper': 68, 'en_mfi': False, 'mfi_n': 65, 'mfi_lower': 37, 'mfi_upper': 90, 'en_bollinger': True, 'bollinger_n': 164, 'bollinger_k': 3.8000000000000003, 'en_adx': True, 'adx_n': 19, 'adx_threshold': 17, 'en_structure_trend': True, 'structure_trend_swing_l': 13, 'en_order_block': False, 'order_block_swing_l': 7, 'en_fvg': False, 'fvg_lookback': 28, 'en_ifvg': False, 'en_breaker': True, 'breaker_swing_l': 7, 'en_cisd': True, 'k': 3, 'en_cap_bars': True, 'cap_1min': 583}.
[I 2026-07-13 16:57:37,292] Trial 35 pruned. 
[I 2026-07-13 16:57:41,308] Trial 36 finished with values: [-132.37650964085333, -5180.345502468554, 60.95] and parameters: {'sl_soft': 269.0670163702745, 'sl_hard_delta': 13.950258753154337, 'tp': 164.05555215354394, 'gate_pct': 65.16840317406685, 'dd_limit': 2773.5122147635702, 'cooldown': 0, 'flip': False, 'en_ema_trend': True, 'ema_trend_fast': 67, 'ema_trend_slow': 292, 'en_sma_trend': False, 'sma_trend_fast': 75, 'sma_trend_slow': 96, 'en_macd': True, 'macd_fast': 89, 'macd_slow': 120, 'macd_signal': 11, 'en_vwap': True, 'en_keltner': True, 'keltner_n': 36, 'keltner_m': 1.3, 'en_obv': True, 'obv_slope': 103, 'en_cci': False, 'cci_n': 152, 'cci_threshold': 245, 'en_rsi': False, 'rsi_n': 90, 'rsi_lower': 41, 'rsi_upper': 53, 'en_stochastic': False, 'stochastic_n': 58, 'stochastic_d': 29, 'stochastic_lower': 41, 'stochastic_upper': 69, 'en_mfi': True, 'mfi_n': 4, 'mfi_lower': 18, 'mfi_upper': 99, 'en_bollinger': False, 'bollinger_n': 160, 'bollinger_k': 4.2, 'en_adx': False, 'adx_n': 51, 'adx_threshold': 51, 'en_structure_trend': False, 'structure_trend_swing_l': 14, 'en_order_block': False, 'order_block_swing_l': 15, 'en_fvg': True, 'fvg_lookback': 31, 'en_ifvg': False, 'en_breaker': False, 'breaker_swing_l': 13, 'en_cisd': False, 'k': 2, 'en_cap_bars': False, 'cap_1min': 652}.
[I 2026-07-13 16:57:41,929] Trial 37 pruned. 
[I 2026-07-13 16:57:42,714] Trial 38 pruned. 
[I 2026-07-13 16:57:43,445] Trial 39 pruned. 
[I 2026-07-13 16:57:43,843] Trial 40 pruned. 
[I 2026-07-13 16:57:45,027] Trial 41 pruned. 
[I 2026-07-13 16:57:45,973] Trial 42 pruned. 
[I 2026-07-13 16:57:47,025] Trial 43 pruned. 
[I 2026-07-13 16:57:48,925] Trial 44 pruned. 
[I 2026-07-13 16:57:49,763] Trial 45 pruned. 
[I 2026-07-13 16:57:50,005] Trial 46 pruned. 
[I 2026-07-13 16:57:53,389] Trial 47 pruned. 
[I 2026-07-13 16:57:54,144] Trial 48 pruned. 
[I 2026-07-13 16:57:55,077] Trial 49 pruned. 
[I 2026-07-13 16:58:07,323] Trial 50 finished with values: [1690.5382645472127, -4080.0, 55.35] and parameters: {'sl_soft': 290.77933272481357, 'sl_hard_delta': 223.613668706465, 'tp': 246.52691322736172, 'gate_pct': 83.55253266864216, 'dd_limit': 2134.7121824277, 'cooldown': 2, 'flip': True, 'en_ema_trend': False, 'ema_trend_fast': 346, 'ema_trend_slow': 218, 'en_sma_trend': False, 'sma_trend_fast': 26, 'sma_trend_slow': 146, 'en_macd': True, 'macd_fast': 65, 'macd_slow': 154, 'macd_signal': 64, 'en_vwap': True, 'en_keltner': False, 'keltner_n': 6, 'keltner_m': 1.8, 'en_obv': True, 'obv_slope': 194, 'en_cci': False, 'cci_n': 125, 'cci_threshold': 85, 'en_rsi': False, 'rsi_n': 76, 'rsi_lower': 43, 'rsi_upper': 76, 'en_stochastic': True, 'stochastic_n': 84, 'stochastic_d': 9, 'stochastic_lower': 2, 'stochastic_upper': 86, 'en_mfi': False, 'mfi_n': 99, 'mfi_lower': 28, 'mfi_upper': 79, 'en_bollinger': True, 'bollinger_n': 14, 'bollinger_k': 2.1, 'en_adx': True, 'adx_n': 11, 'adx_threshold': 8, 'en_structure_trend': True, 'structure_trend_swing_l': 20, 'en_order_block': False, 'order_block_swing_l': 15, 'en_fvg': True, 'fvg_lookback': 1, 'en_ifvg': True, 'en_breaker': False, 'breaker_swing_l': 15, 'en_cisd': False, 'k': 1, 'en_cap_bars': True, 'cap_1min': 399}.
[I 2026-07-13 16:58:08,483] Trial 51 pruned. 
[I 2026-07-13 16:58:10,601] Trial 52 pruned. 
[I 2026-07-13 16:58:12,328] Trial 53 pruned. 
[I 2026-07-13 16:58:14,415] Trial 54 pruned. 
[I 2026-07-13 16:58:17,758] Trial 55 pruned. 
[I 2026-07-13 16:58:18,785] Trial 56 pruned. 
[I 2026-07-13 16:58:20,014] Trial 57 pruned. 
[I 2026-07-13 16:58:20,491] Trial 58 pruned. 
[I 2026-07-13 16:58:21,604] Trial 59 pruned. 
[I 2026-07-13 16:58:22,459] Trial 60 pruned. 
[I 2026-07-13 16:58:25,742] Trial 61 finished with values: [473.3053776264569, -3992.231540791181, 58.55] and parameters: {'sl_soft': 246.11670790757353, 'sl_hard_delta': 316.40998062751385, 'tp': 187.55369184176308, 'gate_pct': 61.29515207255519, 'dd_limit': 6330.458522368667, 'cooldown': 0, 'flip': False, 'en_ema_trend': True, 'ema_trend_fast': 271, 'ema_trend_slow': 376, 'en_sma_trend': False, 'sma_trend_fast': 292, 'sma_trend_slow': 163, 'en_macd': True, 'macd_fast': 80, 'macd_slow': 190, 'macd_signal': 21, 'en_vwap': True, 'en_keltner': False, 'keltner_n': 200, 'keltner_m': 4.5, 'en_obv': False, 'obv_slope': 169, 'en_cci': False, 'cci_n': 88, 'cci_threshold': 260, 'en_rsi': True, 'rsi_n': 33, 'rsi_lower': 6, 'rsi_upper': 58, 'en_stochastic': False, 'stochastic_n': 66, 'stochastic_d': 12, 'stochastic_lower': 26, 'stochastic_upper': 57, 'en_mfi': True, 'mfi_n': 71, 'mfi_lower': 45, 'mfi_upper': 72, 'en_bollinger': False, 'bollinger_n': 22, 'bollinger_k': 2.5, 'en_adx': False, 'adx_n': 82, 'adx_threshold': 19, 'en_structure_trend': True, 'structure_trend_swing_l': 1, 'en_order_block': True, 'order_block_swing_l': 20, 'en_fvg': False, 'fvg_lookback': 4, 'en_ifvg': False, 'en_breaker': False, 'breaker_swing_l': 5, 'en_cisd': False, 'k': 4, 'en_cap_bars': False, 'cap_1min': 736}.
[I 2026-07-13 16:58:27,307] Trial 62 pruned. 
[I 2026-07-13 16:58:36,152] Trial 63 finished with values: [2.4608907135734626, -5515.0, 47.3] and parameters: {'sl_soft': 167.2726549527165, 'sl_hard_delta': 72.44036673158492, 'tp': 303.7828963282876, 'gate_pct': 62.02693045764362, 'dd_limit': 3975.4449591887696, 'cooldown': 2, 'flip': True, 'en_ema_trend': True, 'ema_trend_fast': 393, 'ema_trend_slow': 361, 'en_sma_trend': False, 'sma_trend_fast': 178, 'sma_trend_slow': 376, 'en_macd': False, 'macd_fast': 57, 'macd_slow': 64, 'macd_signal': 54, 'en_vwap': True, 'en_keltner': True, 'keltner_n': 49, 'keltner_m': 4.5, 'en_obv': False, 'obv_slope': 168, 'en_cci': False, 'cci_n': 2, 'cci_threshold': 90, 'en_rsi': True, 'rsi_n': 25, 'rsi_lower': 19, 'rsi_upper': 58, 'en_stochastic': False, 'stochastic_n': 71, 'stochastic_d': 34, 'stochastic_lower': 44, 'stochastic_upper': 94, 'en_mfi': False, 'mfi_n': 41, 'mfi_lower': 2, 'mfi_upper': 95, 'en_bollinger': True, 'bollinger_n': 62, 'bollinger_k': 4.8, 'en_adx': True, 'adx_n': 2, 'adx_threshold': 26, 'en_structure_trend': True, 'structure_trend_swing_l': 11, 'en_order_block': False, 'order_block_swing_l': 12, 'en_fvg': True, 'fvg_lookback': 45, 'en_ifvg': False, 'en_breaker': False, 'breaker_swing_l': 18, 'en_cisd': True, 'k': 3, 'en_cap_bars': False, 'cap_1min': 1165}.
[I 2026-07-13 16:58:37,405] Trial 64 pruned. 
[I 2026-07-13 16:58:39,289] Trial 65 pruned. 
[I 2026-07-13 16:58:43,735] Trial 66 pruned. 
[I 2026-07-13 16:58:44,926] Trial 67 pruned. 
[I 2026-07-13 16:58:46,402] Trial 68 pruned. 
[I 2026-07-13 16:58:47,631] Trial 69 pruned. 
[I 2026-07-13 16:58:49,167] Trial 70 pruned. 
[I 2026-07-13 16:58:53,270] Trial 71 finished with values: [-1020.8169899154018, -6945.0, 31.349999999999998] and parameters: {'sl_soft': 126.45276499487913, 'sl_hard_delta': 376.739145816878, 'tp': 454.4183010084587, 'gate_pct': 86.68863637915473, 'dd_limit': 4482.342775889899, 'cooldown': 1, 'flip': False, 'en_ema_trend': False, 'ema_trend_fast': 121, 'ema_trend_slow': 364, 'en_sma_trend': False, 'sma_trend_fast': 45, 'sma_trend_slow': 14, 'en_macd': False, 'macd_fast': 52, 'macd_slow': 18, 'macd_signal': 45, 'en_vwap': True, 'en_keltner': True, 'keltner_n': 68, 'keltner_m': 1.5, 'en_obv': False, 'obv_slope': 7, 'en_cci': True, 'cci_n': 43, 'cci_threshold': 60, 'en_rsi': True, 'rsi_n': 95, 'rsi_lower': 7, 'rsi_upper': 94, 'en_stochastic': False, 'stochastic_n': 8, 'stochastic_d': 40, 'stochastic_lower': 40, 'stochastic_upper': 87, 'en_mfi': True, 'mfi_n': 45, 'mfi_lower': 16, 'mfi_upper': 61, 'en_bollinger': True, 'bollinger_n': 125, 'bollinger_k': 2.9000000000000004, 'en_adx': False, 'adx_n': 31, 'adx_threshold': 26, 'en_structure_trend': True, 'structure_trend_swing_l': 19, 'en_order_block': False, 'order_block_swing_l': 14, 'en_fvg': False, 'fvg_lookback': 14, 'en_ifvg': True, 'en_breaker': True, 'breaker_swing_l': 3, 'en_cisd': True, 'k': 1, 'en_cap_bars': True, 'cap_1min': 995}.
[I 2026-07-13 16:58:54,019] Trial 72 pruned. 
[I 2026-07-13 16:58:54,384] Trial 73 pruned. 
[I 2026-07-13 16:58:55,773] Trial 74 pruned. 
[I 2026-07-13 16:59:06,468] Trial 75 finished with values: [718.015598031343, -5971.121100492164, 58.35] and parameters: {'sl_soft': 281.2878767403089, 'sl_hard_delta': 171.98577760276564, 'tp': 232.77577990156834, 'gate_pct': 74.64771504966384, 'dd_limit': 5783.923331052917, 'cooldown': 0, 'flip': True, 'en_ema_trend': False, 'ema_trend_fast': 351, 'ema_trend_slow': 112, 'en_sma_trend': False, 'sma_trend_fast': 337, 'sma_trend_slow': 298, 'en_macd': False, 'macd_fast': 25, 'macd_slow': 98, 'macd_signal': 87, 'en_vwap': False, 'en_keltner': False, 'keltner_n': 80, 'keltner_m': 3.9000000000000004, 'en_obv': False, 'obv_slope': 185, 'en_cci': True, 'cci_n': 88, 'cci_threshold': 250, 'en_rsi': True, 'rsi_n': 58, 'rsi_lower': 11, 'rsi_upper': 94, 'en_stochastic': True, 'stochastic_n': 77, 'stochastic_d': 24, 'stochastic_lower': 34, 'stochastic_upper': 53, 'en_mfi': True, 'mfi_n': 13, 'mfi_lower': 23, 'mfi_upper': 51, 'en_bollinger': False, 'bollinger_n': 92, 'bollinger_k': 1.5, 'en_adx': False, 'adx_n': 67, 'adx_threshold': 35, 'en_structure_trend': True, 'structure_trend_swing_l': 18, 'en_order_block': True, 'order_block_swing_l': 13, 'en_fvg': False, 'fvg_lookback': 41, 'en_ifvg': False, 'en_breaker': False, 'breaker_swing_l': 9, 'en_cisd': False, 'k': 4, 'en_cap_bars': False, 'cap_1min': 651}.
[I 2026-07-13 16:59:08,168] Trial 76 pruned. 
[I 2026-07-13 16:59:12,106] Trial 77 pruned. 
[I 2026-07-13 16:59:13,061] Trial 78 pruned. 
[I 2026-07-13 16:59:14,960] Trial 79 pruned. 
[I 2026-07-13 16:59:15,192] Trial 80 pruned. 
[I 2026-07-13 16:59:17,585] Trial 81 finished with values: [2113.7587486948178, -7740.620625652591, 47.150000000000006] and parameters: {'sl_soft': 271.2709416274008, 'sl_hard_delta': 385.45862297717764, 'tp': 370.43793743473987, 'gate_pct': 83.33433192606572, 'dd_limit': 2980.290072957283, 'cooldown': 2, 'flip': False, 'en_ema_trend': True, 'ema_trend_fast': 176, 'ema_trend_slow': 150, 'en_sma_trend': False, 'sma_trend_fast': 275, 'sma_trend_slow': 231, 'en_macd': True, 'macd_fast': 6, 'macd_slow': 111, 'macd_signal': 60, 'en_vwap': True, 'en_keltner': False, 'keltner_n': 129, 'keltner_m': 0.9, 'en_obv': True, 'obv_slope': 141, 'en_cci': False, 'cci_n': 12, 'cci_threshold': 45, 'en_rsi': False, 'rsi_n': 67, 'rsi_lower': 29, 'rsi_upper': 86, 'en_stochastic': False, 'stochastic_n': 74, 'stochastic_d': 30, 'stochastic_lower': 27, 'stochastic_upper': 86, 'en_mfi': False, 'mfi_n': 10, 'mfi_lower': 17, 'mfi_upper': 62, 'en_bollinger': False, 'bollinger_n': 20, 'bollinger_k': 3.8000000000000003, 'en_adx': False, 'adx_n': 68, 'adx_threshold': 48, 'en_structure_trend': False, 'structure_trend_swing_l': 15, 'en_order_block': False, 'order_block_swing_l': 12, 'en_fvg': True, 'fvg_lookback': 23, 'en_ifvg': True, 'en_breaker': True, 'breaker_swing_l': 16, 'en_cisd': False, 'k': 1, 'en_cap_bars': True, 'cap_1min': 304}.
[I 2026-07-13 16:59:18,893] Trial 82 pruned. 
[I 2026-07-13 16:59:19,770] Trial 83 pruned. 
[I 2026-07-13 16:59:21,356] Trial 84 pruned. 
[I 2026-07-13 16:59:22,213] Trial 85 pruned. 
[I 2026-07-13 16:59:22,745] Trial 86 pruned. 
[I 2026-07-13 16:59:24,385] Trial 87 pruned. 
[I 2026-07-13 16:59:26,738] Trial 88 pruned. 
[I 2026-07-13 16:59:27,556] Trial 89 pruned. 
[I 2026-07-13 16:59:28,479] Trial 90 pruned. 
[I 2026-07-13 16:59:29,959] Trial 91 pruned. 
[I 2026-07-13 16:59:31,016] Trial 92 pruned. 
[I 2026-07-13 16:59:32,602] Trial 93 pruned. 
[I 2026-07-13 16:59:33,769] Trial 94 pruned. 
[I 2026-07-13 16:59:35,674] Trial 95 pruned. 
[I 2026-07-13 16:59:36,713] Trial 96 pruned. 
