[I 2026-07-13 17:47:42,771] Trial 1796 finished with values: [1654.307190978434, -2490.0, 68.9] and parameters: {'sl_soft': 296.81014186703203, 'sl_hard_delta': 223.613668706465, 'tp': 168.84035954891954, 'gate_pct': 79.79473082398957, 'dd_limit': 4383.9268475471445, 'cooldown': 1, 'flip': False, 'en_ema_trend': True, 'ema_trend_fast': 83, 'ema_trend_slow': 116, 'en_sma_trend': False, 'sma_trend_fast': 161, 'sma_trend_slow': 134, 'en_macd': False, 'macd_fast': 13, 'macd_slow': 154, 'macd_signal': 49, 'en_vwap': True, 'en_keltner': False, 'keltner_n': 3, 'keltner_m': 3.8000000000000003, 'en_obv': True, 'obv_slope': 161, 'en_cci': False, 'cci_n': 125, 'cci_threshold': 85, 'en_rsi': False, 'rsi_n': 46, 'rsi_lower': 17, 'rsi_upper': 71, 'en_stochastic': True, 'stochastic_n': 45, 'stochastic_d': 10, 'stochastic_lower': 40, 'stochastic_upper': 91, 'en_mfi': True, 'mfi_n': 33, 'mfi_lower': 24, 'mfi_upper': 89, 'en_bollinger': True, 'bollinger_n': 133, 'bollinger_k': 3.4000000000000004, 'en_adx': True, 'adx_n': 30, 'adx_threshold': 8, 'en_structure_trend': True, 'structure_trend_swing_l': 13, 'en_order_block': False, 'order_block_swing_l': 19, 'en_fvg': True, 'fvg_lookback': 46, 'en_ifvg': False, 'en_breaker': False, 'breaker_swing_l': 10, 'en_cisd': True, 'k': 4, 'en_cap_bars': True, 'cap_1min': 399}.
[I 2026-07-13 17:47:43,143] Trial 1797 finished with values: [828.5089887230424, -3711.596404510783, 51.05] and parameters: {'sl_soft': 87.52008513176767, 'sl_hard_delta': 223.613668706465, 'tp': 168.84035954891954, 'gate_pct': 79.79473082398957, 'dd_limit': 5807.677780097662, 'cooldown': 1, 'flip': False, 'en_ema_trend': True, 'ema_trend_fast': 159, 'ema_trend_slow': 116, 'en_sma_trend': False, 'sma_trend_fast': 222, 'sma_trend_slow': 134, 'en_macd': False, 'macd_fast': 13, 'macd_slow': 77, 'macd_signal': 49, 'en_vwap': True, 'en_keltner': False, 'keltner_n': 154, 'keltner_m': 3.3000000000000003, 'en_obv': True, 'obv_slope': 161, 'en_cci': False, 'cci_n': 154, 'cci_threshold': 85, 'en_rsi': False, 'rsi_n': 46, 'rsi_lower': 17, 'rsi_upper': 54, 'en_stochastic': True, 'stochastic_n': 45, 'stochastic_d': 10, 'stochastic_lower': 40, 'stochastic_upper': 91, 'en_mfi': True, 'mfi_n': 32, 'mfi_lower': 24, 'mfi_upper': 93, 'en_bollinger': True, 'bollinger_n': 133, 'bollinger_k': 3.4000000000000004, 'en_adx': True, 'adx_n': 30, 'adx_threshold': 8, 'en_structure_trend': True, 'structure_trend_swing_l': 13, 'en_order_block': False, 'order_block_swing_l': 15, 'en_fvg': False, 'fvg_lookback': 4, 'en_ifvg': True, 'en_breaker': False, 'breaker_swing_l': 6, 'en_cisd': False, 'k': 4, 'en_cap_bars': True, 'cap_1min': 399}.
[I 2026-07-13 17:47:43,453] Trial 1798 finished with values: [2030.4608571889548, -3615.0, 38.099999999999994] and parameters: {'sl_soft': 87.52008513176767, 'sl_hard_delta': 218.06309001668583, 'tp': 418.046085718894, 'gate_pct': 79.79473082398957, 'dd_limit': 5807.677780097662, 'cooldown': 1, 'flip': False, 'en_ema_trend': True, 'ema_trend_fast': 159, 'ema_trend_slow': 159, 'en_sma_trend': True, 'sma_trend_fast': 161, 'sma_trend_slow': 134, 'en_macd': False, 'macd_fast': 13, 'macd_slow': 77, 'macd_signal': 14, 'en_vwap': False, 'en_keltner': False, 'keltner_n': 154, 'keltner_m': 3.4000000000000004, 'en_obv': False, 'obv_slope': 82, 'en_cci': False, 'cci_n': 154, 'cci_threshold': 25, 'en_rsi': False, 'rsi_n': 58, 'rsi_lower': 43, 'rsi_upper': 54, 'en_stochastic': False, 'stochastic_n': 45, 'stochastic_d': 8, 'stochastic_lower': 7, 'stochastic_upper': 91, 'en_mfi': True, 'mfi_n': 32, 'mfi_lower': 44, 'mfi_upper': 93, 'en_bollinger': False, 'bollinger_n': 133, 'bollinger_k': 1.6, 'en_adx': False, 'adx_n': 30, 'adx_threshold': 17, 'en_structure_trend': True, 'structure_trend_swing_l': 13, 'en_order_block': False, 'order_block_swing_l': 8, 'en_fvg': True, 'fvg_lookback': 48, 'en_ifvg': True, 'en_breaker': False, 'breaker_swing_l': 6, 'en_cisd': True, 'k': 3, 'en_cap_bars': True, 'cap_1min': 1113}.
[I 2026-07-13 17:47:43,701] Trial 1799 finished with values: [1149.7062921061297, -2030.0, 47.75] and parameters: {'sl_soft': 87.52008513176767, 'sl_hard_delta': 218.06309001668583, 'tp': 168.84035954891954, 'gate_pct': 79.79473082398957, 'dd_limit': 4383.9268475471445, 'cooldown': 1, 'flip': False, 'en_ema_trend': True, 'ema_trend_fast': 83, 'ema_trend_slow': 116, 'en_sma_trend': False, 'sma_trend_fast': 173, 'sma_trend_slow': 134, 'en_macd': False, 'macd_fast': 13, 'macd_slow': 154, 'macd_signal': 14, 'en_vwap': True, 'en_keltner': False, 'keltner_n': 154, 'keltner_m': 3.4000000000000004, 'en_obv': True, 'obv_slope': 161, 'en_cci': False, 'cci_n': 125, 'cci_threshold': 250, 'en_rsi': False, 'rsi_n': 46, 'rsi_lower': 17, 'rsi_upper': 71, 'en_stochastic': True, 'stochastic_n': 3, 'stochastic_d': 10, 'stochastic_lower': 7, 'stochastic_upper': 91, 'en_mfi': True, 'mfi_n': 33, 'mfi_lower': 24, 'mfi_upper': 89, 'en_bollinger': False, 'bollinger_n': 133, 'bollinger_k': 3.4000000000000004, 'en_adx': True, 'adx_n': 30, 'adx_threshold': 8, 'en_structure_trend': True, 'structure_trend_swing_l': 13, 'en_order_block': False, 'order_block_swing_l': 19, 'en_fvg': True, 'fvg_lookback': 48, 'en_ifvg': True, 'en_breaker': False, 'breaker_swing_l': 6, 'en_cisd': True, 'k': 4, 'en_cap_bars': True, 'cap_1min': 388}.
[I 2026-07-13 17:47:44,471] Trial 1800 pruned. 
[I 2026-07-13 17:47:44,631] Trial 1801 pruned. 
[I 2026-07-13 17:47:45,022] Trial 1802 finished with values: [3942.0044921364206, -3232.05515827387, 44.45] and parameters: {'sl_soft': 87.52008513176767, 'sl_hard_delta': 13.950258753154337, 'tp': 297.5396616809354, 'gate_pct': 97.49754431689279, 'dd_limit': 4383.9268475471445, 'cooldown': 1, 'flip': False, 'en_ema_trend': True, 'ema_trend_fast': 83, 'ema_trend_slow': 159, 'en_sma_trend': True, 'sma_trend_fast': 173, 'sma_trend_slow': 280, 'en_macd': False, 'macd_fast': 13, 'macd_slow': 2, 'macd_signal': 14, 'en_vwap': True, 'en_keltner': True, 'keltner_n': 179, 'keltner_m': 3.4000000000000004, 'en_obv': False, 'obv_slope': 161, 'en_cci': False, 'cci_n': 154, 'cci_threshold': 250, 'en_rsi': False, 'rsi_n': 46, 'rsi_lower': 17, 'rsi_upper': 71, 'en_stochastic': False, 'stochastic_n': 3, 'stochastic_d': 8, 'stochastic_lower': 7, 'stochastic_upper': 66, 'en_mfi': True, 'mfi_n': 33, 'mfi_lower': 24, 'mfi_upper': 93, 'en_bollinger': True, 'bollinger_n': 133, 'bollinger_k': 3.6, 'en_adx': True, 'adx_n': 30, 'adx_threshold': 17, 'en_structure_trend': True, 'structure_trend_swing_l': 13, 'en_order_block': False, 'order_block_swing_l': 7, 'en_fvg': False, 'fvg_lookback': 48, 'en_ifvg': True, 'en_breaker': True, 'breaker_swing_l': 3, 'en_cisd': True, 'k': 1, 'en_cap_bars': True, 'cap_1min': 1037}.
[I 2026-07-13 17:47:45,987] Trial 1803 finished with values: [3011.8183715349915, -5733.467166416922, 37.65] and parameters: {'sl_soft': 87.52008513176767, 'sl_hard_delta': 13.950258753154337, 'tp': 297.5396616809354, 'gate_pct': 97.49754431689279, 'dd_limit': 7189.695940132639, 'cooldown': 1, 'flip': False, 'en_ema_trend': True, 'ema_trend_fast': 76, 'ema_trend_slow': 59, 'en_sma_trend': True, 'sma_trend_fast': 222, 'sma_trend_slow': 50, 'en_macd': False, 'macd_fast': 44, 'macd_slow': 2, 'macd_signal': 14, 'en_vwap': False, 'en_keltner': True, 'keltner_n': 179, 'keltner_m': 3.5, 'en_obv': False, 'obv_slope': 82, 'en_cci': False, 'cci_n': 154, 'cci_threshold': 25, 'en_rsi': False, 'rsi_n': 47, 'rsi_lower': 43, 'rsi_upper': 54, 'en_stochastic': False, 'stochastic_n': 76, 'stochastic_d': 40, 'stochastic_lower': 7, 'stochastic_upper': 97, 'en_mfi': True, 'mfi_n': 32, 'mfi_lower': 44, 'mfi_upper': 93, 'en_bollinger': True, 'bollinger_n': 135, 'bollinger_k': 3.6, 'en_adx': True, 'adx_n': 9, 'adx_threshold': 17, 'en_structure_trend': True, 'structure_trend_swing_l': 9, 'en_order_block': False, 'order_block_swing_l': 8, 'en_fvg': False, 'fvg_lookback': 4, 'en_ifvg': True, 'en_breaker': True, 'breaker_swing_l': 3, 'en_cisd': False, 'k': 1, 'en_cap_bars': True, 'cap_1min': 1113}.
[I 2026-07-13 17:47:46,278] Trial 1804 finished with values: [1094.7710086382358, -2070.6687691911793, 61.900000000000006] and parameters: {'sl_soft': 87.52008513176767, 'sl_hard_delta': 223.613668706465, 'tp': 168.84035954891954, 'gate_pct': 79.79473082398957, 'dd_limit': 4383.9268475471445, 'cooldown': 1, 'flip': False, 'en_ema_trend': True, 'ema_trend_fast': 83, 'ema_trend_slow': 116, 'en_sma_trend': False, 'sma_trend_fast': 173, 'sma_trend_slow': 134, 'en_macd': False, 'macd_fast': 13, 'macd_slow': 94, 'macd_signal': 49, 'en_vwap': True, 'en_keltner': False, 'keltner_n': 154, 'keltner_m': 3.4000000000000004, 'en_obv': True, 'obv_slope': 161, 'en_cci': False, 'cci_n': 125, 'cci_threshold': 85, 'en_rsi': False, 'rsi_n': 46, 'rsi_lower': 17, 'rsi_upper': 71, 'en_stochastic': True, 'stochastic_n': 45, 'stochastic_d': 10, 'stochastic_lower': 7, 'stochastic_upper': 91, 'en_mfi': True, 'mfi_n': 33, 'mfi_lower': 24, 'mfi_upper': 89, 'en_bollinger': False, 'bollinger_n': 133, 'bollinger_k': 3.4000000000000004, 'en_adx': True, 'adx_n': 30, 'adx_threshold': 17, 'en_structure_trend': True, 'structure_trend_swing_l': 13, 'en_order_block': False, 'order_block_swing_l': 7, 'en_fvg': True, 'fvg_lookback': 46, 'en_ifvg': True, 'en_breaker': False, 'breaker_swing_l': 6, 'en_cisd': True, 'k': 4, 'en_cap_bars': True, 'cap_1min': 388}.
[I 2026-07-13 17:47:46,587] Trial 1805 finished with values: [6469.876095031141, -3734.406877698493, 47.95] and parameters: {'sl_soft': 87.52008513176767, 'sl_hard_delta': 13.950258753154337, 'tp': 297.5396616809354, 'gate_pct': 97.49754431689279, 'dd_limit': 5807.677780097662, 'cooldown': 1, 'flip': False, 'en_ema_trend': True, 'ema_trend_fast': 76, 'ema_trend_slow': 159, 'en_sma_trend': True, 'sma_trend_fast': 222, 'sma_trend_slow': 280, 'en_macd': False, 'macd_fast': 44, 'macd_slow': 2, 'macd_signal': 36, 'en_vwap': False, 'en_keltner': True, 'keltner_n': 179, 'keltner_m': 3.3000000000000003, 'en_obv': False, 'obv_slope': 22, 'en_cci': False, 'cci_n': 154, 'cci_threshold': 25, 'en_rsi': False, 'rsi_n': 39, 'rsi_lower': 46, 'rsi_upper': 62, 'en_stochastic': False, 'stochastic_n': 76, 'stochastic_d': 8, 'stochastic_lower': 7, 'stochastic_upper': 66, 'en_mfi': True, 'mfi_n': 32, 'mfi_lower': 44, 'mfi_upper': 93, 'en_bollinger': True, 'bollinger_n': 135, 'bollinger_k': 3.6, 'en_adx': True, 'adx_n': 30, 'adx_threshold': 17, 'en_structure_trend': True, 'structure_trend_swing_l': 13, 'en_order_block': False, 'order_block_swing_l': 8, 'en_fvg': False, 'fvg_lookback': 4, 'en_ifvg': False, 'en_breaker': True, 'breaker_swing_l': 3, 'en_cisd': True, 'k': 3, 'en_cap_bars': True, 'cap_1min': 1037}.
[I 2026-07-13 17:47:46,827] Trial 1806 finished with values: [2831.6829170710116, -2474.406877698493, 43.349999999999994] and parameters: {'sl_soft': 87.52008513176767, 'sl_hard_delta': 13.950258753154337, 'tp': 297.5396616809354, 'gate_pct': 97.49754431689279, 'dd_limit': 5807.677780097662, 'cooldown': 1, 'flip': False, 'en_ema_trend': True, 'ema_trend_fast': 159, 'ema_trend_slow': 159, 'en_sma_trend': True, 'sma_trend_fast': 222, 'sma_trend_slow': 50, 'en_macd': False, 'macd_fast': 44, 'macd_slow': 77, 'macd_signal': 36, 'en_vwap': False, 'en_keltner': False, 'keltner_n': 154, 'keltner_m': 3.3000000000000003, 'en_obv': True, 'obv_slope': 161, 'en_cci': False, 'cci_n': 154, 'cci_threshold': 25, 'en_rsi': False, 'rsi_n': 39, 'rsi_lower': 17, 'rsi_upper': 54, 'en_stochastic': False, 'stochastic_n': 76, 'stochastic_d': 8, 'stochastic_lower': 40, 'stochastic_upper': 91, 'en_mfi': True, 'mfi_n': 32, 'mfi_lower': 24, 'mfi_upper': 93, 'en_bollinger': True, 'bollinger_n': 135, 'bollinger_k': 3.6, 'en_adx': True, 'adx_n': 30, 'adx_threshold': 17, 'en_structure_trend': True, 'structure_trend_swing_l': 13, 'en_order_block': False, 'order_block_swing_l': 8, 'en_fvg': False, 'fvg_lookback': 4, 'en_ifvg': True, 'en_breaker': True, 'breaker_swing_l': 7, 'en_cisd': False, 'k': 4, 'en_cap_bars': True, 'cap_1min': 1037}.
[I 2026-07-13 17:47:53,018] Trial 1807 finished with values: [2781.9125842122594, -3005.0, 52.8] and parameters: {'sl_soft': 75.1743093180436, 'sl_hard_delta': 223.613668706465, 'tp': 168.84035954891954, 'gate_pct': 97.49754431689279, 'dd_limit': 4383.9268475471445, 'cooldown': 1, 'flip': False, 'en_ema_trend': True, 'ema_trend_fast': 76, 'ema_trend_slow': 159, 'en_sma_trend': True, 'sma_trend_fast': 222, 'sma_trend_slow': 134, 'en_macd': False, 'macd_fast': 13, 'macd_slow': 154, 'macd_signal': 36, 'en_vwap': True, 'en_keltner': True, 'keltner_n': 3, 'keltner_m': 0.8, 'en_obv': False, 'obv_slope': 161, 'en_cci': False, 'cci_n': 125, 'cci_threshold': 25, 'en_rsi': False, 'rsi_n': 46, 'rsi_lower': 46, 'rsi_upper': 71, 'en_stochastic': True, 'stochastic_n': 76, 'stochastic_d': 40, 'stochastic_lower': 7, 'stochastic_upper': 91, 'en_mfi': True, 'mfi_n': 33, 'mfi_lower': 44, 'mfi_upper': 89, 'en_bollinger': True, 'bollinger_n': 135, 'bollinger_k': 3.6, 'en_adx': True, 'adx_n': 30, 'adx_threshold': 17, 'en_structure_trend': True, 'structure_trend_swing_l': 13, 'en_order_block': False, 'order_block_swing_l': 8, 'en_fvg': False, 'fvg_lookback': 46, 'en_ifvg': True, 'en_breaker': False, 'breaker_swing_l': 3, 'en_cisd': False, 'k': 1, 'en_cap_bars': True, 'cap_1min': 1113}.
[I 2026-07-13 17:47:53,147] Trial 1808 pruned. 
[I 2026-07-13 17:47:53,377] Trial 1809 finished with values: [4871.805545423595, -6390.818885841545, 37.55] and parameters: {'sl_soft': 87.52008513176767, 'sl_hard_delta': 13.950258753154337, 'tp': 297.5396616809354, 'gate_pct': 97.49754431689279, 'dd_limit': 7189.695940132639, 'cooldown': 1, 'flip': False, 'en_ema_trend': True, 'ema_trend_fast': 76, 'ema_trend_slow': 393, 'en_sma_trend': True, 'sma_trend_fast': 173, 'sma_trend_slow': 50, 'en_macd': False, 'macd_fast': 44, 'macd_slow': 2, 'macd_signal': 14, 'en_vwap': False, 'en_keltner': True, 'keltner_n': 179, 'keltner_m': 3.8000000000000003, 'en_obv': False, 'obv_slope': 82, 'en_cci': False, 'cci_n': 154, 'cci_threshold': 25, 'en_rsi': False, 'rsi_n': 39, 'rsi_lower': 15, 'rsi_upper': 54, 'en_stochastic': False, 'stochastic_n': 76, 'stochastic_d': 8, 'stochastic_lower': 11, 'stochastic_upper': 69, 'en_mfi': True, 'mfi_n': 32, 'mfi_lower': 44, 'mfi_upper': 93, 'en_bollinger': True, 'bollinger_n': 135, 'bollinger_k': 3.6, 'en_adx': False, 'adx_n': 30, 'adx_threshold': 17, 'en_structure_trend': False, 'structure_trend_swing_l': 13, 'en_order_block': False, 'order_block_swing_l': 8, 'en_fvg': False, 'fvg_lookback': 48, 'en_ifvg': True, 'en_breaker': True, 'breaker_swing_l': 3, 'en_cisd': False, 'k': 3, 'en_cap_bars': False, 'cap_1min': 1037}.
[I 2026-07-13 17:47:53,594] Trial 1810 finished with values: [3158.0224943464964, -10548.239786949198, 61.45] and parameters: {'sl_soft': 290.77933272481357, 'sl_hard_delta': 13.950258753154337, 'tp': 297.5396616809354, 'gate_pct': 79.79473082398957, 'dd_limit': 4383.9268475471445, 'cooldown': 1, 'flip': False, 'en_ema_trend': True, 'ema_trend_fast': 83, 'ema_trend_slow': 159, 'en_sma_trend': False, 'sma_trend_fast': 222, 'sma_trend_slow': 134, 'en_macd': False, 'macd_fast': 44, 'macd_slow': 2, 'macd_signal': 49, 'en_vwap': True, 'en_keltner': False, 'keltner_n': 179, 'keltner_m': 3.3000000000000003, 'en_obv': True, 'obv_slope': 161, 'en_cci': False, 'cci_n': 154, 'cci_threshold': 60, 'en_rsi': False, 'rsi_n': 46, 'rsi_lower': 17, 'rsi_upper': 54, 'en_stochastic': False, 'stochastic_n': 84, 'stochastic_d': 10, 'stochastic_lower': 40, 'stochastic_upper': 92, 'en_mfi': True, 'mfi_n': 32, 'mfi_lower': 24, 'mfi_upper': 93, 'en_bollinger': True, 'bollinger_n': 133, 'bollinger_k': 3.6, 'en_adx': True, 'adx_n': 30, 'adx_threshold': 8, 'en_structure_trend': True, 'structure_trend_swing_l': 13, 'en_order_block': False, 'order_block_swing_l': 19, 'en_fvg': True, 'fvg_lookback': 4, 'en_ifvg': True, 'en_breaker': False, 'breaker_swing_l': 9, 'en_cisd': True, 'k': 4, 'en_cap_bars': False, 'cap_1min': 1037}.
[I 2026-07-13 17:47:53,902] Trial 1811 finished with values: [1517.6053932338255, -1751.9616137754565, 66.7] and parameters: {'sl_soft': 290.77933272481357, 'sl_hard_delta': 11.45334957919952, 'tp': 168.84035954891954, 'gate_pct': 79.79473082398957, 'dd_limit': 4383.9268475471445, 'cooldown': 1, 'flip': False, 'en_ema_trend': True, 'ema_trend_fast': 83, 'ema_trend_slow': 116, 'en_sma_trend': False, 'sma_trend_fast': 161, 'sma_trend_slow': 134, 'en_macd': False, 'macd_fast': 13, 'macd_slow': 154, 'macd_signal': 49, 'en_vwap': True, 'en_keltner': False, 'keltner_n': 3, 'keltner_m': 3.4000000000000004, 'en_obv': True, 'obv_slope': 161, 'en_cci': False, 'cci_n': 125, 'cci_threshold': 85, 'en_rsi': False, 'rsi_n': 46, 'rsi_lower': 17, 'rsi_upper': 71, 'en_stochastic': True, 'stochastic_n': 45, 'stochastic_d': 10, 'stochastic_lower': 40, 'stochastic_upper': 91, 'en_mfi': True, 'mfi_n': 33, 'mfi_lower': 24, 'mfi_upper': 89, 'en_bollinger': True, 'bollinger_n': 133, 'bollinger_k': 3.4000000000000004, 'en_adx': True, 'adx_n': 30, 'adx_threshold': 8, 'en_structure_trend': True, 'structure_trend_swing_l': 13, 'en_order_block': False, 'order_block_swing_l': 15, 'en_fvg': True, 'fvg_lookback': 46, 'en_ifvg': True, 'en_breaker': False, 'breaker_swing_l': 6, 'en_cisd': True, 'k': 4, 'en_cap_bars': True, 'cap_1min': 399}.
[I 2026-07-13 17:47:54,363] Trial 1812 finished with values: [5572.202800541108, -3411.7585971231165, 47.5] and parameters: {'sl_soft': 87.52008513176767, 'sl_hard_delta': 13.950258753154337, 'tp': 297.5396616809354, 'gate_pct': 97.49754431689279, 'dd_limit': 5807.677780097662, 'cooldown': 1, 'flip': False, 'en_ema_trend': True, 'ema_trend_fast': 241, 'ema_trend_slow': 159, 'en_sma_trend': True, 'sma_trend_fast': 51, 'sma_trend_slow': 50, 'en_macd': False, 'macd_fast': 44, 'macd_slow': 2, 'macd_signal': 36, 'en_vwap': False, 'en_keltner': False, 'keltner_n': 179, 'keltner_m': 3.3000000000000003, 'en_obv': False, 'obv_slope': 82, 'en_cci': False, 'cci_n': 154, 'cci_threshold': 25, 'en_rsi': False, 'rsi_n': 94, 'rsi_lower': 15, 'rsi_upper': 54, 'en_stochastic': False, 'stochastic_n': 76, 'stochastic_d': 8, 'stochastic_lower': 7, 'stochastic_upper': 69, 'en_mfi': True, 'mfi_n': 32, 'mfi_lower': 44, 'mfi_upper': 93, 'en_bollinger': True, 'bollinger_n': 135, 'bollinger_k': 3.6, 'en_adx': True, 'adx_n': 30, 'adx_threshold': 17, 'en_structure_trend': True, 'structure_trend_swing_l': 13, 'en_order_block': False, 'order_block_swing_l': 8, 'en_fvg': False, 'fvg_lookback': 4, 'en_ifvg': True, 'en_breaker': True, 'breaker_swing_l': 9, 'en_cisd': False, 'k': 1, 'en_cap_bars': False, 'cap_1min': 1037}.
[I 2026-07-13 17:47:54,992] Trial 1813 finished with values: [4771.3610560105735, -2904.406877698493, 50.0] and parameters: {'sl_soft': 87.52008513176767, 'sl_hard_delta': 13.950258753154337, 'tp': 453.6258473586354, 'gate_pct': 97.49754431689279, 'dd_limit': 5807.677780097662, 'cooldown': 1, 'flip': False, 'en_ema_trend': False, 'ema_trend_fast': 77, 'ema_trend_slow': 159, 'en_sma_trend': True, 'sma_trend_fast': 222, 'sma_trend_slow': 280, 'en_macd': False, 'macd_fast': 44, 'macd_slow': 2, 'macd_signal': 36, 'en_vwap': False, 'en_keltner': True, 'keltner_n': 179, 'keltner_m': 3.3000000000000003, 'en_obv': False, 'obv_slope': 22, 'en_cci': False, 'cci_n': 154, 'cci_threshold': 25, 'en_rsi': False, 'rsi_n': 39, 'rsi_lower': 46, 'rsi_upper': 54, 'en_stochastic': False, 'stochastic_n': 76, 'stochastic_d': 8, 'stochastic_lower': 7, 'stochastic_upper': 66, 'en_mfi': True, 'mfi_n': 96, 'mfi_lower': 44, 'mfi_upper': 93, 'en_bollinger': True, 'bollinger_n': 135, 'bollinger_k': 3.6, 'en_adx': True, 'adx_n': 30, 'adx_threshold': 17, 'en_structure_trend': True, 'structure_trend_swing_l': 13, 'en_order_block': False, 'order_block_swing_l': 8, 'en_fvg': False, 'fvg_lookback': 4, 'en_ifvg': True, 'en_breaker': True, 'breaker_swing_l': 13, 'en_cisd': True, 'k': 3, 'en_cap_bars': True, 'cap_1min': 1037}.
[I 2026-07-13 17:47:55,319] Trial 1814 finished with values: [2559.4908429722454, -1204.7034388492466, 50.0] and parameters: {'sl_soft': 87.52008513176767, 'sl_hard_delta': 13.950258753154337, 'tp': 283.207368843673, 'gate_pct': 79.79473082398957, 'dd_limit': 3089.913555349885, 'cooldown': 0, 'flip': True, 'en_ema_trend': True, 'ema_trend_fast': 76, 'ema_trend_slow': 159, 'en_sma_trend': True, 'sma_trend_fast': 331, 'sma_trend_slow': 280, 'en_macd': False, 'macd_fast': 23, 'macd_slow': 2, 'macd_signal': 36, 'en_vwap': False, 'en_keltner': False, 'keltner_n': 179, 'keltner_m': 0.8, 'en_obv': False, 'obv_slope': 22, 'en_cci': False, 'cci_n': 109, 'cci_threshold': 25, 'en_rsi': False, 'rsi_n': 90, 'rsi_lower': 6, 'rsi_upper': 91, 'en_stochastic': False, 'stochastic_n': 24, 'stochastic_d': 8, 'stochastic_lower': 7, 'stochastic_upper': 69, 'en_mfi': True, 'mfi_n': 91, 'mfi_lower': 41, 'mfi_upper': 85, 'en_bollinger': True, 'bollinger_n': 133, 'bollinger_k': 2.0, 'en_adx': False, 'adx_n': 30, 'adx_threshold': 17, 'en_structure_trend': True, 'structure_trend_swing_l': 13, 'en_order_block': False, 'order_block_swing_l': 8, 'en_fvg': False, 'fvg_lookback': 4, 'en_ifvg': True, 'en_breaker': True, 'breaker_swing_l': 3, 'en_cisd': True, 'k': 1, 'en_cap_bars': True, 'cap_1min': 184}.
[I 2026-07-13 17:47:55,517] Trial 1815 pruned. 
