[I 2026-07-13 17:37:25,398] Trial 1173 finished with values: [1977.2874041229989, -2639.406877698493, 50.35] and parameters: {'sl_soft': 87.52008513176767, 'sl_hard_delta': 13.950258753154337, 'tp': 283.207368843673, 'gate_pct': 79.79473082398957, 'dd_limit': 5807.677780097662, 'cooldown': 2, 'flip': True, 'en_ema_trend': False, 'ema_trend_fast': 83, 'ema_trend_slow': 116, 'en_sma_trend': True, 'sma_trend_fast': 331, 'sma_trend_slow': 280, 'en_macd': False, 'macd_fast': 23, 'macd_slow': 2, 'macd_signal': 36, 'en_vwap': False, 'en_keltner': False, 'keltner_n': 179, 'keltner_m': 0.8, 'en_obv': False, 'obv_slope': 22, 'en_cci': False, 'cci_n': 109, 'cci_threshold': 20, 'en_rsi': False, 'rsi_n': 90, 'rsi_lower': 6, 'rsi_upper': 62, 'en_stochastic': False, 'stochastic_n': 76, 'stochastic_d': 45, 'stochastic_lower': 18, 'stochastic_upper': 69, 'en_mfi': True, 'mfi_n': 91, 'mfi_lower': 41, 'mfi_upper': 85, 'en_bollinger': False, 'bollinger_n': 133, 'bollinger_k': 2.0, 'en_adx': False, 'adx_n': 30, 'adx_threshold': 8, 'en_structure_trend': True, 'structure_trend_swing_l': 13, 'en_order_block': False, 'order_block_swing_l': 8, 'en_fvg': False, 'fvg_lookback': 4, 'en_ifvg': True, 'en_breaker': True, 'breaker_swing_l': 3, 'en_cisd': True, 'k': 1, 'en_cap_bars': True, 'cap_1min': 208}.
[I 2026-07-13 17:37:25,667] Trial 1174 finished with values: [4811.335689782809, -4856.8843050045325, 38.55] and parameters: {'sl_soft': 87.52008513176767, 'sl_hard_delta': 13.950258753154337, 'tp': 297.5396616809354, 'gate_pct': 97.49754431689279, 'dd_limit': 5807.677780097662, 'cooldown': 2, 'flip': False, 'en_ema_trend': True, 'ema_trend_fast': 77, 'ema_trend_slow': 159, 'en_sma_trend': True, 'sma_trend_fast': 222, 'sma_trend_slow': 50, 'en_macd': False, 'macd_fast': 44, 'macd_slow': 2, 'macd_signal': 36, 'en_vwap': False, 'en_keltner': False, 'keltner_n': 53, 'keltner_m': 3.3000000000000003, 'en_obv': False, 'obv_slope': 82, 'en_cci': False, 'cci_n': 154, 'cci_threshold': 155, 'en_rsi': False, 'rsi_n': 39, 'rsi_lower': 15, 'rsi_upper': 89, 'en_stochastic': False, 'stochastic_n': 76, 'stochastic_d': 8, 'stochastic_lower': 7, 'stochastic_upper': 69, 'en_mfi': True, 'mfi_n': 47, 'mfi_lower': 41, 'mfi_upper': 93, 'en_bollinger': True, 'bollinger_n': 135, 'bollinger_k': 3.6, 'en_adx': False, 'adx_n': 30, 'adx_threshold': 51, 'en_structure_trend': True, 'structure_trend_swing_l': 9, 'en_order_block': False, 'order_block_swing_l': 19, 'en_fvg': False, 'fvg_lookback': 34, 'en_ifvg': True, 'en_breaker': True, 'breaker_swing_l': 9, 'en_cisd': False, 'k': 1, 'en_cap_bars': True, 'cap_1min': 1113}.
[I 2026-07-13 17:37:26,831] Trial 1175 pruned. 
[I 2026-07-13 17:37:27,947] Trial 1176 finished with values: [-742.933516294197, -6996.689417561756, 51.900000000000006] and parameters: {'sl_soft': 142.5241001410186, 'sl_hard_delta': 61.39010541690473, 'tp': 154.1011832903552, 'gate_pct': 75.29895741667805, 'dd_limit': 3089.913555349885, 'cooldown': 1, 'flip': False, 'en_ema_trend': True, 'ema_trend_fast': 205, 'ema_trend_slow': 393, 'en_sma_trend': False, 'sma_trend_fast': 62, 'sma_trend_slow': 134, 'en_macd': False, 'macd_fast': 44, 'macd_slow': 89, 'macd_signal': 36, 'en_vwap': True, 'en_keltner': False, 'keltner_n': 154, 'keltner_m': 3.4000000000000004, 'en_obv': False, 'obv_slope': 82, 'en_cci': False, 'cci_n': 124, 'cci_threshold': 25, 'en_rsi': True, 'rsi_n': 94, 'rsi_lower': 17, 'rsi_upper': 61, 'en_stochastic': False, 'stochastic_n': 3, 'stochastic_d': 10, 'stochastic_lower': 27, 'stochastic_upper': 92, 'en_mfi': False, 'mfi_n': 7, 'mfi_lower': 2, 'mfi_upper': 93, 'en_bollinger': True, 'bollinger_n': 15, 'bollinger_k': 3.6, 'en_adx': True, 'adx_n': 9, 'adx_threshold': 17, 'en_structure_trend': False, 'structure_trend_swing_l': 9, 'en_order_block': False, 'order_block_swing_l': 5, 'en_fvg': True, 'fvg_lookback': 48, 'en_ifvg': True, 'en_breaker': True, 'breaker_swing_l': 20, 'en_cisd': False, 'k': 1, 'en_cap_bars': False, 'cap_1min': 1113}.
[I 2026-07-13 17:37:28,230] Trial 1177 finished with values: [3134.6114063324057, -1977.05515827387, 58.55] and parameters: {'sl_soft': 87.52008513176767, 'sl_hard_delta': 13.950258753154337, 'tp': 164.05555215354394, 'gate_pct': 79.79473082398957, 'dd_limit': 5807.677780097662, 'cooldown': 2, 'flip': True, 'en_ema_trend': True, 'ema_trend_fast': 77, 'ema_trend_slow': 116, 'en_sma_trend': False, 'sma_trend_fast': 222, 'sma_trend_slow': 96, 'en_macd': False, 'macd_fast': 89, 'macd_slow': 2, 'macd_signal': 36, 'en_vwap': False, 'en_keltner': False, 'keltner_n': 53, 'keltner_m': 0.8, 'en_obv': False, 'obv_slope': 22, 'en_cci': False, 'cci_n': 109, 'cci_threshold': 25, 'en_rsi': False, 'rsi_n': 90, 'rsi_lower': 6, 'rsi_upper': 89, 'en_stochastic': False, 'stochastic_n': 76, 'stochastic_d': 45, 'stochastic_lower': 7, 'stochastic_upper': 69, 'en_mfi': True, 'mfi_n': 47, 'mfi_lower': 41, 'mfi_upper': 85, 'en_bollinger': True, 'bollinger_n': 135, 'bollinger_k': 2.0, 'en_adx': False, 'adx_n': 30, 'adx_threshold': 51, 'en_structure_trend': True, 'structure_trend_swing_l': 13, 'en_order_block': False, 'order_block_swing_l': 8, 'en_fvg': False, 'fvg_lookback': 42, 'en_ifvg': True, 'en_breaker': True, 'breaker_swing_l': 3, 'en_cisd': True, 'k': 1, 'en_cap_bars': True, 'cap_1min': 1113}.
[I 2026-07-13 17:37:29,024] Trial 1178 pruned. 
[I 2026-07-13 17:37:30,073] Trial 1179 finished with values: [1373.3529142947737, -3857.05515827387, 43.5] and parameters: {'sl_soft': 87.52008513176767, 'sl_hard_delta': 13.950258753154337, 'tp': 164.05555215354394, 'gate_pct': 75.29895741667805, 'dd_limit': 3089.913555349885, 'cooldown': 1, 'flip': False, 'en_ema_trend': True, 'ema_trend_fast': 76, 'ema_trend_slow': 393, 'en_sma_trend': True, 'sma_trend_fast': 62, 'sma_trend_slow': 96, 'en_macd': False, 'macd_fast': 44, 'macd_slow': 2, 'macd_signal': 84, 'en_vwap': False, 'en_keltner': True, 'keltner_n': 53, 'keltner_m': 0.8, 'en_obv': False, 'obv_slope': 82, 'en_cci': False, 'cci_n': 69, 'cci_threshold': 245, 'en_rsi': True, 'rsi_n': 63, 'rsi_lower': 3, 'rsi_upper': 75, 'en_stochastic': False, 'stochastic_n': 3, 'stochastic_d': 34, 'stochastic_lower': 7, 'stochastic_upper': 91, 'en_mfi': False, 'mfi_n': 19, 'mfi_lower': 44, 'mfi_upper': 93, 'en_bollinger': True, 'bollinger_n': 135, 'bollinger_k': 3.6, 'en_adx': False, 'adx_n': 88, 'adx_threshold': 17, 'en_structure_trend': True, 'structure_trend_swing_l': 13, 'en_order_block': False, 'order_block_swing_l': 15, 'en_fvg': False, 'fvg_lookback': 48, 'en_ifvg': True, 'en_breaker': True, 'breaker_swing_l': 9, 'en_cisd': True, 'k': 1, 'en_cap_bars': True, 'cap_1min': 1113}.
[I 2026-07-13 17:37:30,342] Trial 1180 finished with values: [645.4266251825538, -5102.738402907053, 43.8] and parameters: {'sl_soft': 142.5241001410186, 'sl_hard_delta': 13.950258753154337, 'tp': 297.5396616809354, 'gate_pct': 94.5832156131506, 'dd_limit': 3089.913555349885, 'cooldown': 1, 'flip': False, 'en_ema_trend': False, 'ema_trend_fast': 77, 'ema_trend_slow': 187, 'en_sma_trend': False, 'sma_trend_fast': 173, 'sma_trend_slow': 96, 'en_macd': False, 'macd_fast': 44, 'macd_slow': 89, 'macd_signal': 36, 'en_vwap': False, 'en_keltner': False, 'keltner_n': 154, 'keltner_m': 3.3000000000000003, 'en_obv': False, 'obv_slope': 82, 'en_cci': False, 'cci_n': 32, 'cci_threshold': 45, 'en_rsi': False, 'rsi_n': 90, 'rsi_lower': 43, 'rsi_upper': 89, 'en_stochastic': True, 'stochastic_n': 3, 'stochastic_d': 28, 'stochastic_lower': 27, 'stochastic_upper': 97, 'en_mfi': False, 'mfi_n': 7, 'mfi_lower': 28, 'mfi_upper': 93, 'en_bollinger': True, 'bollinger_n': 15, 'bollinger_k': 1.6, 'en_adx': False, 'adx_n': 88, 'adx_threshold': 18, 'en_structure_trend': True, 'structure_trend_swing_l': 9, 'en_order_block': False, 'order_block_swing_l': 9, 'en_fvg': False, 'fvg_lookback': 48, 'en_ifvg': True, 'en_breaker': False, 'breaker_swing_l': 1, 'en_cisd': False, 'k': 1, 'en_cap_bars': True, 'cap_1min': 1113}.
[I 2026-07-13 17:37:30,575] Trial 1181 finished with values: [1610.1053932338255, -1085.0, 75.0] and parameters: {'sl_soft': 290.77933272481357, 'sl_hard_delta': 223.613668706465, 'tp': 168.84035954891954, 'gate_pct': 79.79473082398957, 'dd_limit': 4383.9268475471445, 'cooldown': 1, 'flip': False, 'en_ema_trend': True, 'ema_trend_fast': 83, 'ema_trend_slow': 116, 'en_sma_trend': False, 'sma_trend_fast': 161, 'sma_trend_slow': 134, 'en_macd': False, 'macd_fast': 13, 'macd_slow': 154, 'macd_signal': 49, 'en_vwap': True, 'en_keltner': False, 'keltner_n': 3, 'keltner_m': 3.4000000000000004, 'en_obv': True, 'obv_slope': 161, 'en_cci': False, 'cci_n': 125, 'cci_threshold': 85, 'en_rsi': False, 'rsi_n': 46, 'rsi_lower': 17, 'rsi_upper': 71, 'en_stochastic': True, 'stochastic_n': 45, 'stochastic_d': 10, 'stochastic_lower': 40, 'stochastic_upper': 91, 'en_mfi': True, 'mfi_n': 33, 'mfi_lower': 24, 'mfi_upper': 89, 'en_bollinger': True, 'bollinger_n': 133, 'bollinger_k': 3.4000000000000004, 'en_adx': True, 'adx_n': 30, 'adx_threshold': 8, 'en_structure_trend': True, 'structure_trend_swing_l': 13, 'en_order_block': False, 'order_block_swing_l': 19, 'en_fvg': True, 'fvg_lookback': 46, 'en_ifvg': True, 'en_breaker': False, 'breaker_swing_l': 6, 'en_cisd': True, 'k': 4, 'en_cap_bars': True, 'cap_1min': 399}.
[I 2026-07-13 17:37:31,487] Trial 1182 pruned. 
[I 2026-07-13 17:37:36,419] Trial 1183 finished with values: [2279.0628290778113, -4141.74207442491, 66.7] and parameters: {'sl_soft': 290.77933272481357, 'sl_hard_delta': 13.950258753154337, 'tp': 168.84035954891954, 'gate_pct': 97.49754431689279, 'dd_limit': 4593.673039009747, 'cooldown': 1, 'flip': False, 'en_ema_trend': False, 'ema_trend_fast': 205, 'ema_trend_slow': 159, 'en_sma_trend': False, 'sma_trend_fast': 62, 'sma_trend_slow': 280, 'en_macd': False, 'macd_fast': 70, 'macd_slow': 154, 'macd_signal': 49, 'en_vwap': True, 'en_keltner': False, 'keltner_n': 53, 'keltner_m': 3.4000000000000004, 'en_obv': False, 'obv_slope': 66, 'en_cci': False, 'cci_n': 154, 'cci_threshold': 155, 'en_rsi': False, 'rsi_n': 90, 'rsi_lower': 15, 'rsi_upper': 89, 'en_stochastic': True, 'stochastic_n': 3, 'stochastic_d': 8, 'stochastic_lower': 7, 'stochastic_upper': 91, 'en_mfi': True, 'mfi_n': 47, 'mfi_lower': 41, 'mfi_upper': 93, 'en_bollinger': True, 'bollinger_n': 135, 'bollinger_k': 1.6, 'en_adx': False, 'adx_n': 30, 'adx_threshold': 8, 'en_structure_trend': True, 'structure_trend_swing_l': 9, 'en_order_block': False, 'order_block_swing_l': 8, 'en_fvg': False, 'fvg_lookback': 42, 'en_ifvg': True, 'en_breaker': False, 'breaker_swing_l': 20, 'en_cisd': False, 'k': 4, 'en_cap_bars': False, 'cap_1min': 399}.
[I 2026-07-13 17:37:36,652] Trial 1184 pruned. 
[I 2026-07-13 17:37:36,946] Trial 1185 finished with values: [2394.822372112576, -4289.11031654774, 34.85] and parameters: {'sl_soft': 87.52008513176767, 'sl_hard_delta': 13.950258753154337, 'tp': 418.046085718894, 'gate_pct': 77.88062387933805, 'dd_limit': 5807.677780097662, 'cooldown': 1, 'flip': False, 'en_ema_trend': True, 'ema_trend_fast': 76, 'ema_trend_slow': 159, 'en_sma_trend': False, 'sma_trend_fast': 173, 'sma_trend_slow': 83, 'en_macd': False, 'macd_fast': 89, 'macd_slow': 2, 'macd_signal': 36, 'en_vwap': False, 'en_keltner': False, 'keltner_n': 179, 'keltner_m': 0.8, 'en_obv': True, 'obv_slope': 22, 'en_cci': False, 'cci_n': 154, 'cci_threshold': 245, 'en_rsi': False, 'rsi_n': 39, 'rsi_lower': 30, 'rsi_upper': 89, 'en_stochastic': False, 'stochastic_n': 76, 'stochastic_d': 8, 'stochastic_lower': 7, 'stochastic_upper': 66, 'en_mfi': True, 'mfi_n': 47, 'mfi_lower': 41, 'mfi_upper': 93, 'en_bollinger': True, 'bollinger_n': 100, 'bollinger_k': 3.6, 'en_adx': False, 'adx_n': 30, 'adx_threshold': 54, 'en_structure_trend': True, 'structure_trend_swing_l': 9, 'en_order_block': False, 'order_block_swing_l': 5, 'en_fvg': False, 'fvg_lookback': 48, 'en_ifvg': True, 'en_breaker': False, 'breaker_swing_l': 3, 'en_cisd': False, 'k': 1, 'en_cap_bars': True, 'cap_1min': 1113}.
[I 2026-07-13 17:37:37,260] Trial 1186 finished with values: [2548.9988212165918, -2499.406877698493, 46.8] and parameters: {'sl_soft': 87.52008513176767, 'sl_hard_delta': 13.950258753154337, 'tp': 418.046085718894, 'gate_pct': 68.87067583562738, 'dd_limit': 3089.913555349885, 'cooldown': 1, 'flip': False, 'en_ema_trend': True, 'ema_trend_fast': 76, 'ema_trend_slow': 393, 'en_sma_trend': True, 'sma_trend_fast': 200, 'sma_trend_slow': 322, 'en_macd': False, 'macd_fast': 44, 'macd_slow': 2, 'macd_signal': 14, 'en_vwap': False, 'en_keltner': True, 'keltner_n': 179, 'keltner_m': 0.8, 'en_obv': False, 'obv_slope': 82, 'en_cci': False, 'cci_n': 124, 'cci_threshold': 245, 'en_rsi': False, 'rsi_n': 39, 'rsi_lower': 30, 'rsi_upper': 75, 'en_stochastic': False, 'stochastic_n': 5, 'stochastic_d': 8, 'stochastic_lower': 32, 'stochastic_upper': 66, 'en_mfi': True, 'mfi_n': 19, 'mfi_lower': 44, 'mfi_upper': 93, 'en_bollinger': True, 'bollinger_n': 135, 'bollinger_k': 3.6, 'en_adx': False, 'adx_n': 88, 'adx_threshold': 17, 'en_structure_trend': True, 'structure_trend_swing_l': 13, 'en_order_block': False, 'order_block_swing_l': 7, 'en_fvg': False, 'fvg_lookback': 48, 'en_ifvg': True, 'en_breaker': True, 'breaker_swing_l': 3, 'en_cisd': False, 'k': 4, 'en_cap_bars': True, 'cap_1min': 1113}.
[I 2026-07-13 17:37:37,787] Trial 1187 pruned. 
[I 2026-07-13 17:37:38,155] Trial 1188 finished with values: [2722.8404599401074, -4706.212720079857, 53.75] and parameters: {'sl_soft': 186.7417979615443, 'sl_hard_delta': 347.9044607762687, 'tp': 354.3787279920157, 'gate_pct': 68.87067583562738, 'dd_limit': 7189.695940132639, 'cooldown': 2, 'flip': False, 'en_ema_trend': True, 'ema_trend_fast': 159, 'ema_trend_slow': 266, 'en_sma_trend': True, 'sma_trend_fast': 79, 'sma_trend_slow': 322, 'en_macd': False, 'macd_fast': 80, 'macd_slow': 77, 'macd_signal': 93, 'en_vwap': False, 'en_keltner': True, 'keltner_n': 65, 'keltner_m': 3.8000000000000003, 'en_obv': False, 'obv_slope': 191, 'en_cci': True, 'cci_n': 124, 'cci_threshold': 90, 'en_rsi': False, 'rsi_n': 13, 'rsi_lower': 16, 'rsi_upper': 54, 'en_stochastic': False, 'stochastic_n': 5, 'stochastic_d': 37, 'stochastic_lower': 47, 'stochastic_upper': 68, 'en_mfi': True, 'mfi_n': 32, 'mfi_lower': 44, 'mfi_upper': 90, 'en_bollinger': True, 'bollinger_n': 2, 'bollinger_k': 3.8000000000000003, 'en_adx': True, 'adx_n': 9, 'adx_threshold': 17, 'en_structure_trend': False, 'structure_trend_swing_l': 13, 'en_order_block': False, 'order_block_swing_l': 7, 'en_fvg': False, 'fvg_lookback': 28, 'en_ifvg': True, 'en_breaker': True, 'breaker_swing_l': 7, 'en_cisd': True, 'k': 3, 'en_cap_bars': True, 'cap_1min': 583}.
[I 2026-07-13 17:37:38,495] Trial 1189 finished with values: [1737.6096437995693, -4013.841134293907, 52.849999999999994] and parameters: {'sl_soft': 186.7417979615443, 'sl_hard_delta': 13.950258753154337, 'tp': 354.3787279920157, 'gate_pct': 68.87067583562738, 'dd_limit': 7189.695940132639, 'cooldown': 0, 'flip': False, 'en_ema_trend': True, 'ema_trend_fast': 76, 'ema_trend_slow': 393, 'en_sma_trend': True, 'sma_trend_fast': 79, 'sma_trend_slow': 280, 'en_macd': False, 'macd_fast': 44, 'macd_slow': 2, 'macd_signal': 36, 'en_vwap': False, 'en_keltner': False, 'keltner_n': 179, 'keltner_m': 3.8000000000000003, 'en_obv': False, 'obv_slope': 22, 'en_cci': False, 'cci_n': 154, 'cci_threshold': 25, 'en_rsi': False, 'rsi_n': 23, 'rsi_lower': 30, 'rsi_upper': 89, 'en_stochastic': False, 'stochastic_n': 5, 'stochastic_d': 8, 'stochastic_lower': 7, 'stochastic_upper': 66, 'en_mfi': True, 'mfi_n': 95, 'mfi_lower': 1, 'mfi_upper': 93, 'en_bollinger': True, 'bollinger_n': 2, 'bollinger_k': 3.6, 'en_adx': True, 'adx_n': 9, 'adx_threshold': 18, 'en_structure_trend': True, 'structure_trend_swing_l': 13, 'en_order_block': False, 'order_block_swing_l': 5, 'en_fvg': False, 'fvg_lookback': 4, 'en_ifvg': True, 'en_breaker': True, 'breaker_swing_l': 7, 'en_cisd': True, 'k': 3, 'en_cap_bars': True, 'cap_1min': 1037}.
[I 2026-07-13 17:37:39,217] Trial 1190 finished with values: [2147.676075819654, -3241.7585971231165, 45.0] and parameters: {'sl_soft': 87.52008513176767, 'sl_hard_delta': 13.950258753154337, 'tp': 283.207368843673, 'gate_pct': 79.79473082398957, 'dd_limit': 7189.695940132639, 'cooldown': 1, 'flip': True, 'en_ema_trend': True, 'ema_trend_fast': 83, 'ema_trend_slow': 159, 'en_sma_trend': True, 'sma_trend_fast': 79, 'sma_trend_slow': 280, 'en_macd': False, 'macd_fast': 64, 'macd_slow': 2, 'macd_signal': 36, 'en_vwap': False, 'en_keltner': False, 'keltner_n': 179, 'keltner_m': 5.0, 'en_obv': False, 'obv_slope': 22, 'en_cci': False, 'cci_n': 109, 'cci_threshold': 25, 'en_rsi': False, 'rsi_n': 39, 'rsi_lower': 6, 'rsi_upper': 62, 'en_stochastic': False, 'stochastic_n': 76, 'stochastic_d': 45, 'stochastic_lower': 7, 'stochastic_upper': 69, 'en_mfi': True, 'mfi_n': 32, 'mfi_lower': 41, 'mfi_upper': 93, 'en_bollinger': True, 'bollinger_n': 135, 'bollinger_k': 2.1, 'en_adx': False, 'adx_n': 9, 'adx_threshold': 8, 'en_structure_trend': True, 'structure_trend_swing_l': 13, 'en_order_block': False, 'order_block_swing_l': 7, 'en_fvg': False, 'fvg_lookback': 4, 'en_ifvg': True, 'en_breaker': True, 'breaker_swing_l': 3, 'en_cisd': True, 'k': 3, 'en_cap_bars': True, 'cap_1min': 1037}.
[I 2026-07-13 17:37:39,592] Trial 1191 pruned. 
[I 2026-07-13 17:37:40,569] Trial 1192 pruned. 
[I 2026-07-13 17:37:40,929] Trial 1193 pruned. 
[I 2026-07-13 17:37:41,138] Trial 1194 finished with values: [4762.345053500012, -5460.341923925625, 41.7] and parameters: {'sl_soft': 87.52008513176767, 'sl_hard_delta': 13.950258753154337, 'tp': 418.046085718894, 'gate_pct': 77.88062387933805, 'dd_limit': 3089.913555349885, 'cooldown': 2, 'flip': False, 'en_ema_trend': True, 'ema_trend_fast': 76, 'ema_trend_slow': 159, 'en_sma_trend': True, 'sma_trend_fast': 222, 'sma_trend_slow': 83, 'en_macd': False, 'macd_fast': 44, 'macd_slow': 2, 'macd_signal': 36, 'en_vwap': False, 'en_keltner': False, 'keltner_n': 179, 'keltner_m': 3.3000000000000003, 'en_obv': False, 'obv_slope': 22, 'en_cci': False, 'cci_n': 154, 'cci_threshold': 25, 'en_rsi': False, 'rsi_n': 39, 'rsi_lower': 30, 'rsi_upper': 89, 'en_stochastic': False, 'stochastic_n': 76, 'stochastic_d': 8, 'stochastic_lower': 7, 'stochastic_upper': 66, 'en_mfi': True, 'mfi_n': 47, 'mfi_lower': 41, 'mfi_upper': 93, 'en_bollinger': True, 'bollinger_n': 135, 'bollinger_k': 3.6, 'en_adx': False, 'adx_n': 30, 'adx_threshold': 51, 'en_structure_trend': True, 'structure_trend_swing_l': 9, 'en_order_block': False, 'order_block_swing_l': 5, 'en_fvg': False, 'fvg_lookback': 48, 'en_ifvg': True, 'en_breaker': True, 'breaker_swing_l': 3, 'en_cisd': False, 'k': 1, 'en_cap_bars': True, 'cap_1min': 1113}.
[I 2026-07-13 17:37:41,415] Trial 1195 finished with values: [2058.8330399845836, -2833.6479573898396, 50.0] and parameters: {'sl_soft': 290.77933272481357, 'sl_hard_delta': 13.950258753154337, 'tp': 283.207368843673, 'gate_pct': 79.79473082398957, 'dd_limit': 4383.9268475471445, 'cooldown': 1, 'flip': True, 'en_ema_trend': True, 'ema_trend_fast': 83, 'ema_trend_slow': 116, 'en_sma_trend': True, 'sma_trend_fast': 331, 'sma_trend_slow': 280, 'en_macd': False, 'macd_fast': 64, 'macd_slow': 77, 'macd_signal': 93, 'en_vwap': False, 'en_keltner': False, 'keltner_n': 154, 'keltner_m': 3.4000000000000004, 'en_obv': True, 'obv_slope': 22, 'en_cci': False, 'cci_n': 109, 'cci_threshold': 20, 'en_rsi': False, 'rsi_n': 90, 'rsi_lower': 6, 'rsi_upper': 71, 'en_stochastic': False, 'stochastic_n': 45, 'stochastic_d': 45, 'stochastic_lower': 18, 'stochastic_upper': 69, 'en_mfi': True, 'mfi_n': 91, 'mfi_lower': 24, 'mfi_upper': 85, 'en_bollinger': True, 'bollinger_n': 133, 'bollinger_k': 3.4000000000000004, 'en_adx': False, 'adx_n': 30, 'adx_threshold': 17, 'en_structure_trend': True, 'structure_trend_swing_l': 13, 'en_order_block': False, 'order_block_swing_l': 8, 'en_fvg': True, 'fvg_lookback': 28, 'en_ifvg': True, 'en_breaker': False, 'breaker_swing_l': 3, 'en_cisd': True, 'k': 1, 'en_cap_bars': True, 'cap_1min': 583}.
[I 2026-07-13 17:37:41,692] Trial 1196 finished with values: [-2162.688314660045, -8921.596404510783, 54.3] and parameters: {'sl_soft': 290.77933272481357, 'sl_hard_delta': 218.06309001668583, 'tp': 168.84035954891954, 'gate_pct': 75.29895741667805, 'dd_limit': 7189.695940132639, 'cooldown': 1, 'flip': False, 'en_ema_trend': True, 'ema_trend_fast': 76, 'ema_trend_slow': 174, 'en_sma_trend': False, 'sma_trend_fast': 173, 'sma_trend_slow': 50, 'en_macd': False, 'macd_fast': 13, 'macd_slow': 89, 'macd_signal': 14, 'en_vwap': False, 'en_keltner': True, 'keltner_n': 179, 'keltner_m': 3.3000000000000003, 'en_obv': True, 'obv_slope': 82, 'en_cci': False, 'cci_n': 124, 'cci_threshold': 155, 'en_rsi': False, 'rsi_n': 39, 'rsi_lower': 3, 'rsi_upper': 71, 'en_stochastic': False, 'stochastic_n': 76, 'stochastic_d': 34, 'stochastic_lower': 7, 'stochastic_upper': 97, 'en_mfi': False, 'mfi_n': 95, 'mfi_lower': 48, 'mfi_upper': 93, 'en_bollinger': False, 'bollinger_n': 135, 'bollinger_k': 3.6, 'en_adx': False, 'adx_n': 51, 'adx_threshold': 51, 'en_structure_trend': False, 'structure_trend_swing_l': 13, 'en_order_block': False, 'order_block_swing_l': 7, 'en_fvg': True, 'fvg_lookback': 20, 'en_ifvg': True, 'en_breaker': True, 'breaker_swing_l': 5, 'en_cisd': False, 'k': 3, 'en_cap_bars': True, 'cap_1min': 536}.
