[I 2026-07-13 17:39:49,436] Trial 1299 finished with values: [1868.1577858523815, -1537.0739586569107, 50.0] and parameters: {'sl_soft': 87.52008513176767, 'sl_hard_delta': 13.950258753154337, 'tp': 164.05555215354394, 'gate_pct': 97.49754431689279, 'dd_limit': 5807.677780097662, 'cooldown': 2, 'flip': False, 'en_ema_trend': True, 'ema_trend_fast': 77, 'ema_trend_slow': 159, 'en_sma_trend': False, 'sma_trend_fast': 222, 'sma_trend_slow': 280, 'en_macd': False, 'macd_fast': 89, 'macd_slow': 2, 'macd_signal': 84, 'en_vwap': False, 'en_keltner': False, 'keltner_n': 53, 'keltner_m': 0.8, 'en_obv': False, 'obv_slope': 22, 'en_cci': False, 'cci_n': 154, 'cci_threshold': 155, 'en_rsi': False, 'rsi_n': 90, 'rsi_lower': 15, 'rsi_upper': 89, 'en_stochastic': True, 'stochastic_n': 76, 'stochastic_d': 8, 'stochastic_lower': 7, 'stochastic_upper': 66, 'en_mfi': True, 'mfi_n': 47, 'mfi_lower': 41, 'mfi_upper': 93, 'en_bollinger': True, 'bollinger_n': 135, 'bollinger_k': 3.6, 'en_adx': False, 'adx_n': 30, 'adx_threshold': 9, 'en_structure_trend': True, 'structure_trend_swing_l': 9, 'en_order_block': False, 'order_block_swing_l': 8, 'en_fvg': False, 'fvg_lookback': 42, 'en_ifvg': True, 'en_breaker': True, 'breaker_swing_l': 9, 'en_cisd': False, 'k': 1, 'en_cap_bars': True, 'cap_1min': 1113}.
[I 2026-07-13 17:39:49,668] Trial 1300 pruned. 
[I 2026-07-13 17:39:50,086] Trial 1301 pruned. 
[I 2026-07-13 17:39:50,437] Trial 1302 pruned. 
[I 2026-07-13 17:39:50,710] Trial 1303 finished with values: [2781.9908429722454, -1624.7034388492466, 59.95] and parameters: {'sl_soft': 87.52008513176767, 'sl_hard_delta': 13.950258753154337, 'tp': 283.207368843673, 'gate_pct': 79.79473082398957, 'dd_limit': 5807.677780097662, 'cooldown': 2, 'flip': True, 'en_ema_trend': False, 'ema_trend_fast': 83, 'ema_trend_slow': 116, 'en_sma_trend': True, 'sma_trend_fast': 331, 'sma_trend_slow': 280, 'en_macd': False, 'macd_fast': 23, 'macd_slow': 2, 'macd_signal': 36, 'en_vwap': False, 'en_keltner': False, 'keltner_n': 179, 'keltner_m': 0.8, 'en_obv': False, 'obv_slope': 22, 'en_cci': False, 'cci_n': 109, 'cci_threshold': 20, 'en_rsi': False, 'rsi_n': 90, 'rsi_lower': 6, 'rsi_upper': 62, 'en_stochastic': False, 'stochastic_n': 76, 'stochastic_d': 45, 'stochastic_lower': 18, 'stochastic_upper': 69, 'en_mfi': True, 'mfi_n': 91, 'mfi_lower': 41, 'mfi_upper': 85, 'en_bollinger': True, 'bollinger_n': 133, 'bollinger_k': 2.0, 'en_adx': False, 'adx_n': 30, 'adx_threshold': 8, 'en_structure_trend': True, 'structure_trend_swing_l': 13, 'en_order_block': False, 'order_block_swing_l': 8, 'en_fvg': False, 'fvg_lookback': 4, 'en_ifvg': True, 'en_breaker': True, 'breaker_swing_l': 3, 'en_cisd': True, 'k': 1, 'en_cap_bars': True, 'cap_1min': 208}.
[I 2026-07-13 17:39:51,011] Trial 1304 finished with values: [-1022.0882245520079, -4684.703438849247, 36.95] and parameters: {'sl_soft': 87.52008513176767, 'sl_hard_delta': 13.950258753154337, 'tp': 418.046085718894, 'gate_pct': 79.79473082398957, 'dd_limit': 5807.677780097662, 'cooldown': 1, 'flip': False, 'en_ema_trend': True, 'ema_trend_fast': 76, 'ema_trend_slow': 116, 'en_sma_trend': False, 'sma_trend_fast': 222, 'sma_trend_slow': 50, 'en_macd': False, 'macd_fast': 44, 'macd_slow': 2, 'macd_signal': 13, 'en_vwap': False, 'en_keltner': False, 'keltner_n': 179, 'keltner_m': 3.3000000000000003, 'en_obv': False, 'obv_slope': 22, 'en_cci': False, 'cci_n': 154, 'cci_threshold': 155, 'en_rsi': False, 'rsi_n': 39, 'rsi_lower': 43, 'rsi_upper': 89, 'en_stochastic': False, 'stochastic_n': 76, 'stochastic_d': 8, 'stochastic_lower': 7, 'stochastic_upper': 66, 'en_mfi': True, 'mfi_n': 95, 'mfi_lower': 41, 'mfi_upper': 93, 'en_bollinger': True, 'bollinger_n': 135, 'bollinger_k': 2.0, 'en_adx': False, 'adx_n': 30, 'adx_threshold': 18, 'en_structure_trend': True, 'structure_trend_swing_l': 13, 'en_order_block': False, 'order_block_swing_l': 8, 'en_fvg': False, 'fvg_lookback': 42, 'en_ifvg': True, 'en_breaker': True, 'breaker_swing_l': 3, 'en_cisd': False, 'k': 1, 'en_cap_bars': True, 'cap_1min': 208}.
[I 2026-07-13 17:39:56,002] Trial 1305 finished with values: [-412.5, -2405.0, 50.5] and parameters: {'sl_soft': 291.9767204047049, 'sl_hard_delta': 136.49076528568807, 'tp': 283.207368843673, 'gate_pct': 66.0193419862484, 'dd_limit': 49.09385629311123, 'cooldown': 0, 'flip': False, 'en_ema_trend': False, 'ema_trend_fast': 279, 'ema_trend_slow': 116, 'en_sma_trend': False, 'sma_trend_fast': 222, 'sma_trend_slow': 116, 'en_macd': False, 'macd_fast': 33, 'macd_slow': 2, 'macd_signal': 65, 'en_vwap': False, 'en_keltner': True, 'keltner_n': 27, 'keltner_m': 2.8000000000000003, 'en_obv': False, 'obv_slope': 22, 'en_cci': False, 'cci_n': 100, 'cci_threshold': 125, 'en_rsi': False, 'rsi_n': 39, 'rsi_lower': 17, 'rsi_upper': 83, 'en_stochastic': True, 'stochastic_n': 76, 'stochastic_d': 45, 'stochastic_lower': 18, 'stochastic_upper': 69, 'en_mfi': True, 'mfi_n': 95, 'mfi_lower': 41, 'mfi_upper': 93, 'en_bollinger': False, 'bollinger_n': 133, 'bollinger_k': 1.0, 'en_adx': False, 'adx_n': 67, 'adx_threshold': 17, 'en_structure_trend': True, 'structure_trend_swing_l': 13, 'en_order_block': True, 'order_block_swing_l': 19, 'en_fvg': False, 'fvg_lookback': 43, 'en_ifvg': False, 'en_breaker': False, 'breaker_swing_l': 16, 'en_cisd': True, 'k': 3, 'en_cap_bars': True, 'cap_1min': 208}.
[I 2026-07-13 17:39:56,857] Trial 1306 pruned. 
[I 2026-07-13 17:39:56,996] Trial 1307 pruned. 
[I 2026-07-13 17:39:57,453] Trial 1308 pruned. 
[I 2026-07-13 17:39:57,720] Trial 1309 finished with values: [582.5858669851914, -4198.879887953262, 26.1] and parameters: {'sl_soft': 87.52008513176767, 'sl_hard_delta': 13.950258753154337, 'tp': 418.046085718894, 'gate_pct': 79.79473082398957, 'dd_limit': 3089.913555349885, 'cooldown': 2, 'flip': False, 'en_ema_trend': False, 'ema_trend_fast': 83, 'ema_trend_slow': 116, 'en_sma_trend': True, 'sma_trend_fast': 331, 'sma_trend_slow': 83, 'en_macd': False, 'macd_fast': 44, 'macd_slow': 2, 'macd_signal': 65, 'en_vwap': False, 'en_keltner': False, 'keltner_n': 179, 'keltner_m': 3.3000000000000003, 'en_obv': False, 'obv_slope': 34, 'en_cci': False, 'cci_n': 154, 'cci_threshold': 25, 'en_rsi': False, 'rsi_n': 39, 'rsi_lower': 30, 'rsi_upper': 84, 'en_stochastic': False, 'stochastic_n': 45, 'stochastic_d': 45, 'stochastic_lower': 7, 'stochastic_upper': 66, 'en_mfi': True, 'mfi_n': 47, 'mfi_lower': 41, 'mfi_upper': 93, 'en_bollinger': True, 'bollinger_n': 135, 'bollinger_k': 2.0, 'en_adx': False, 'adx_n': 30, 'adx_threshold': 18, 'en_structure_trend': False, 'structure_trend_swing_l': 13, 'en_order_block': False, 'order_block_swing_l': 5, 'en_fvg': False, 'fvg_lookback': 48, 'en_ifvg': True, 'en_breaker': True, 'breaker_swing_l': 3, 'en_cisd': False, 'k': 1, 'en_cap_bars': True, 'cap_1min': 1113}.
[I 2026-07-13 17:39:58,083] Trial 1310 finished with values: [149.00021610734257, -4523.813755396986, 32.2] and parameters: {'sl_soft': 87.52008513176767, 'sl_hard_delta': 13.950258753154337, 'tp': 283.207368843673, 'gate_pct': 97.49754431689279, 'dd_limit': 5807.677780097662, 'cooldown': 2, 'flip': True, 'en_ema_trend': True, 'ema_trend_fast': 77, 'ema_trend_slow': 159, 'en_sma_trend': True, 'sma_trend_fast': 331, 'sma_trend_slow': 50, 'en_macd': False, 'macd_fast': 44, 'macd_slow': 2, 'macd_signal': 36, 'en_vwap': False, 'en_keltner': False, 'keltner_n': 53, 'keltner_m': 3.3000000000000003, 'en_obv': False, 'obv_slope': 82, 'en_cci': False, 'cci_n': 154, 'cci_threshold': 20, 'en_rsi': False, 'rsi_n': 90, 'rsi_lower': 6, 'rsi_upper': 62, 'en_stochastic': False, 'stochastic_n': 76, 'stochastic_d': 8, 'stochastic_lower': 7, 'stochastic_upper': 69, 'en_mfi': True, 'mfi_n': 91, 'mfi_lower': 41, 'mfi_upper': 93, 'en_bollinger': True, 'bollinger_n': 133, 'bollinger_k': 2.0, 'en_adx': False, 'adx_n': 30, 'adx_threshold': 8, 'en_structure_trend': True, 'structure_trend_swing_l': 9, 'en_order_block': False, 'order_block_swing_l': 19, 'en_fvg': False, 'fvg_lookback': 4, 'en_ifvg': True, 'en_breaker': True, 'breaker_swing_l': 3, 'en_cisd': True, 'k': 1, 'en_cap_bars': True, 'cap_1min': 1113}.
[I 2026-07-13 17:39:58,323] Trial 1311 finished with values: [3197.322372112576, -4679.11031654774, 38.35] and parameters: {'sl_soft': 87.52008513176767, 'sl_hard_delta': 13.950258753154337, 'tp': 418.046085718894, 'gate_pct': 77.88062387933805, 'dd_limit': 3089.913555349885, 'cooldown': 1, 'flip': False, 'en_ema_trend': True, 'ema_trend_fast': 76, 'ema_trend_slow': 393, 'en_sma_trend': True, 'sma_trend_fast': 200, 'sma_trend_slow': 96, 'en_macd': False, 'macd_fast': 89, 'macd_slow': 2, 'macd_signal': 36, 'en_vwap': False, 'en_keltner': False, 'keltner_n': 179, 'keltner_m': 0.8, 'en_obv': True, 'obv_slope': 82, 'en_cci': False, 'cci_n': 111, 'cci_threshold': 245, 'en_rsi': False, 'rsi_n': 39, 'rsi_lower': 30, 'rsi_upper': 75, 'en_stochastic': False, 'stochastic_n': 5, 'stochastic_d': 8, 'stochastic_lower': 7, 'stochastic_upper': 66, 'en_mfi': True, 'mfi_n': 95, 'mfi_lower': 44, 'mfi_upper': 93, 'en_bollinger': True, 'bollinger_n': 135, 'bollinger_k': 3.6, 'en_adx': False, 'adx_n': 88, 'adx_threshold': 54, 'en_structure_trend': True, 'structure_trend_swing_l': 9, 'en_order_block': False, 'order_block_swing_l': 7, 'en_fvg': False, 'fvg_lookback': 48, 'en_ifvg': True, 'en_breaker': True, 'breaker_swing_l': 3, 'en_cisd': False, 'k': 1, 'en_cap_bars': True, 'cap_1min': 1113}.
[I 2026-07-13 17:40:00,616] Trial 1312 pruned. 
[I 2026-07-13 17:40:00,918] Trial 1313 finished with values: [3446.673502145495, -5538.517194246233, 33.849999999999994] and parameters: {'sl_soft': 87.52008513176767, 'sl_hard_delta': 13.950258753154337, 'tp': 418.046085718894, 'gate_pct': 97.49754431689279, 'dd_limit': 3089.913555349885, 'cooldown': 2, 'flip': False, 'en_ema_trend': True, 'ema_trend_fast': 77, 'ema_trend_slow': 159, 'en_sma_trend': True, 'sma_trend_fast': 222, 'sma_trend_slow': 280, 'en_macd': False, 'macd_fast': 44, 'macd_slow': 2, 'macd_signal': 84, 'en_vwap': False, 'en_keltner': False, 'keltner_n': 53, 'keltner_m': 3.3000000000000003, 'en_obv': False, 'obv_slope': 22, 'en_cci': False, 'cci_n': 154, 'cci_threshold': 25, 'en_rsi': False, 'rsi_n': 39, 'rsi_lower': 30, 'rsi_upper': 89, 'en_stochastic': False, 'stochastic_n': 76, 'stochastic_d': 8, 'stochastic_lower': 7, 'stochastic_upper': 66, 'en_mfi': True, 'mfi_n': 47, 'mfi_lower': 41, 'mfi_upper': 93, 'en_bollinger': True, 'bollinger_n': 135, 'bollinger_k': 3.6, 'en_adx': False, 'adx_n': 30, 'adx_threshold': 51, 'en_structure_trend': True, 'structure_trend_swing_l': 9, 'en_order_block': False, 'order_block_swing_l': 8, 'en_fvg': False, 'fvg_lookback': 42, 'en_ifvg': True, 'en_breaker': True, 'breaker_swing_l': 3, 'en_cisd': False, 'k': 1, 'en_cap_bars': True, 'cap_1min': 1113}.
[I 2026-07-13 17:40:01,403] Trial 1314 pruned. 
[I 2026-07-13 17:40:01,696] Trial 1315 finished with values: [2781.9908429722454, -1624.7034388492466, 59.95] and parameters: {'sl_soft': 87.52008513176767, 'sl_hard_delta': 13.950258753154337, 'tp': 283.207368843673, 'gate_pct': 79.79473082398957, 'dd_limit': 5807.677780097662, 'cooldown': 2, 'flip': True, 'en_ema_trend': False, 'ema_trend_fast': 83, 'ema_trend_slow': 116, 'en_sma_trend': True, 'sma_trend_fast': 331, 'sma_trend_slow': 280, 'en_macd': False, 'macd_fast': 23, 'macd_slow': 2, 'macd_signal': 36, 'en_vwap': False, 'en_keltner': False, 'keltner_n': 179, 'keltner_m': 0.8, 'en_obv': False, 'obv_slope': 22, 'en_cci': False, 'cci_n': 109, 'cci_threshold': 20, 'en_rsi': False, 'rsi_n': 90, 'rsi_lower': 6, 'rsi_upper': 62, 'en_stochastic': False, 'stochastic_n': 76, 'stochastic_d': 45, 'stochastic_lower': 18, 'stochastic_upper': 69, 'en_mfi': True, 'mfi_n': 91, 'mfi_lower': 41, 'mfi_upper': 85, 'en_bollinger': True, 'bollinger_n': 133, 'bollinger_k': 2.0, 'en_adx': False, 'adx_n': 30, 'adx_threshold': 8, 'en_structure_trend': True, 'structure_trend_swing_l': 13, 'en_order_block': False, 'order_block_swing_l': 8, 'en_fvg': False, 'fvg_lookback': 4, 'en_ifvg': True, 'en_breaker': True, 'breaker_swing_l': 3, 'en_cisd': True, 'k': 1, 'en_cap_bars': True, 'cap_1min': 208}.
[I 2026-07-13 17:40:01,883] Trial 1316 pruned. 
[I 2026-07-13 17:40:02,162] Trial 1317 finished with values: [900.5198834700968, -1974.7034388492466, 43.65] and parameters: {'sl_soft': 87.52008513176767, 'sl_hard_delta': 13.950258753154337, 'tp': 297.5396616809354, 'gate_pct': 97.49754431689279, 'dd_limit': 5807.677780097662, 'cooldown': 2, 'flip': False, 'en_ema_trend': True, 'ema_trend_fast': 77, 'ema_trend_slow': 125, 'en_sma_trend': True, 'sma_trend_fast': 334, 'sma_trend_slow': 280, 'en_macd': False, 'macd_fast': 89, 'macd_slow': 2, 'macd_signal': 65, 'en_vwap': False, 'en_keltner': True, 'keltner_n': 56, 'keltner_m': 2.8000000000000003, 'en_obv': False, 'obv_slope': 22, 'en_cci': False, 'cci_n': 100, 'cci_threshold': 145, 'en_rsi': True, 'rsi_n': 39, 'rsi_lower': 27, 'rsi_upper': 83, 'en_stochastic': True, 'stochastic_n': 52, 'stochastic_d': 32, 'stochastic_lower': 7, 'stochastic_upper': 87, 'en_mfi': True, 'mfi_n': 47, 'mfi_lower': 15, 'mfi_upper': 93, 'en_bollinger': True, 'bollinger_n': 135, 'bollinger_k': 1.0, 'en_adx': False, 'adx_n': 51, 'adx_threshold': 9, 'en_structure_trend': False, 'structure_trend_swing_l': 3, 'en_order_block': False, 'order_block_swing_l': 18, 'en_fvg': False, 'fvg_lookback': 18, 'en_ifvg': True, 'en_breaker': True, 'breaker_swing_l': 9, 'en_cisd': False, 'k': 1, 'en_cap_bars': True, 'cap_1min': 1113}.
[I 2026-07-13 17:40:02,383] Trial 1318 pruned. 
[I 2026-07-13 17:40:03,007] Trial 1319 finished with values: [424.39867217530264, -3639.611957652378, 48.95] and parameters: {'sl_soft': 87.52008513176767, 'sl_hard_delta': 13.950258753154337, 'tp': 168.84035954891954, 'gate_pct': 79.79473082398957, 'dd_limit': 4383.9268475471445, 'cooldown': 1, 'flip': False, 'en_ema_trend': True, 'ema_trend_fast': 83, 'ema_trend_slow': 159, 'en_sma_trend': False, 'sma_trend_fast': 222, 'sma_trend_slow': 134, 'en_macd': False, 'macd_fast': 13, 'macd_slow': 154, 'macd_signal': 36, 'en_vwap': False, 'en_keltner': False, 'keltner_n': 179, 'keltner_m': 3.4000000000000004, 'en_obv': True, 'obv_slope': 161, 'en_cci': False, 'cci_n': 154, 'cci_threshold': 85, 'en_rsi': False, 'rsi_n': 39, 'rsi_lower': 46, 'rsi_upper': 71, 'en_stochastic': False, 'stochastic_n': 45, 'stochastic_d': 8, 'stochastic_lower': 7, 'stochastic_upper': 91, 'en_mfi': True, 'mfi_n': 32, 'mfi_lower': 24, 'mfi_upper': 93, 'en_bollinger': True, 'bollinger_n': 133, 'bollinger_k': 3.4000000000000004, 'en_adx': True, 'adx_n': 30, 'adx_threshold': 17, 'en_structure_trend': False, 'structure_trend_swing_l': 13, 'en_order_block': False, 'order_block_swing_l': 8, 'en_fvg': True, 'fvg_lookback': 46, 'en_ifvg': True, 'en_breaker': False, 'breaker_swing_l': 6, 'en_cisd': True, 'k': 4, 'en_cap_bars': True, 'cap_1min': 399}.
[I 2026-07-13 17:40:06,344] Trial 1320 finished with values: [-1237.6431947693163, -4166.174753230807, 50.75] and parameters: {'sl_soft': 291.9767204047049, 'sl_hard_delta': 209.18705283693694, 'tp': 102.8825246769187, 'gate_pct': 79.79473082398957, 'dd_limit': 4383.9268475471445, 'cooldown': 1, 'flip': False, 'en_ema_trend': True, 'ema_trend_fast': 279, 'ema_trend_slow': 125, 'en_sma_trend': False, 'sma_trend_fast': 161, 'sma_trend_slow': 116, 'en_macd': False, 'macd_fast': 33, 'macd_slow': 154, 'macd_signal': 49, 'en_vwap': True, 'en_keltner': True, 'keltner_n': 3, 'keltner_m': 2.8000000000000003, 'en_obv': True, 'obv_slope': 161, 'en_cci': False, 'cci_n': 125, 'cci_threshold': 85, 'en_rsi': True, 'rsi_n': 39, 'rsi_lower': 17, 'rsi_upper': 71, 'en_stochastic': True, 'stochastic_n': 52, 'stochastic_d': 32, 'stochastic_lower': 40, 'stochastic_upper': 87, 'en_mfi': True, 'mfi_n': 33, 'mfi_lower': 15, 'mfi_upper': 97, 'en_bollinger': False, 'bollinger_n': 198, 'bollinger_k': 1.0, 'en_adx': True, 'adx_n': 51, 'adx_threshold': 8, 'en_structure_trend': False, 'structure_trend_swing_l': 13, 'en_order_block': False, 'order_block_swing_l': 15, 'en_fvg': False, 'fvg_lookback': 46, 'en_ifvg': True, 'en_breaker': False, 'breaker_swing_l': 6, 'en_cisd': True, 'k': 4, 'en_cap_bars': True, 'cap_1min': 433}.
[I 2026-07-13 17:40:06,540] Trial 1321 pruned. 
[I 2026-07-13 17:40:07,165] Trial 1322 finished with values: [1280.2304285944774, -2120.0, 45.0] and parameters: {'sl_soft': 87.52008513176767, 'sl_hard_delta': 218.06309001668583, 'tp': 418.046085718894, 'gate_pct': 77.88062387933805, 'dd_limit': 7189.695940132639, 'cooldown': 1, 'flip': False, 'en_ema_trend': True, 'ema_trend_fast': 83, 'ema_trend_slow': 393, 'en_sma_trend': False, 'sma_trend_fast': 173, 'sma_trend_slow': 134, 'en_macd': False, 'macd_fast': 44, 'macd_slow': 154, 'macd_signal': 14, 'en_vwap': False, 'en_keltner': False, 'keltner_n': 3, 'keltner_m': 3.4000000000000004, 'en_obv': True, 'obv_slope': 82, 'en_cci': False, 'cci_n': 125, 'cci_threshold': 25, 'en_rsi': False, 'rsi_n': 46, 'rsi_lower': 43, 'rsi_upper': 71, 'en_stochastic': True, 'stochastic_n': 76, 'stochastic_d': 8, 'stochastic_lower': 7, 'stochastic_upper': 97, 'en_mfi': True, 'mfi_n': 33, 'mfi_lower': 44, 'mfi_upper': 89, 'en_bollinger': True, 'bollinger_n': 135, 'bollinger_k': 3.4000000000000004, 'en_adx': False, 'adx_n': 9, 'adx_threshold': 51, 'en_structure_trend': True, 'structure_trend_swing_l': 13, 'en_order_block': False, 'order_block_swing_l': 7, 'en_fvg': True, 'fvg_lookback': 46, 'en_ifvg': True, 'en_breaker': True, 'breaker_swing_l': 6, 'en_cisd': True, 'k': 3, 'en_cap_bars': True, 'cap_1min': 399}.
[I 2026-07-13 17:40:12,187] Trial 1323 finished with values: [-2761.896409562487, -7665.943872169519, 46.15] and parameters: {'sl_soft': 290.77933272481357, 'sl_hard_delta': 13.950258753154337, 'tp': 297.5396616809354, 'gate_pct': 79.79473082398957, 'dd_limit': 4383.9268475471445, 'cooldown': 1, 'flip': False, 'en_ema_trend': True, 'ema_trend_fast': 77, 'ema_trend_slow': 159, 'en_sma_trend': True, 'sma_trend_fast': 161, 'sma_trend_slow': 134, 'en_macd': False, 'macd_fast': 44, 'macd_slow': 2, 'macd_signal': 49, 'en_vwap': False, 'en_keltner': False, 'keltner_n': 53, 'keltner_m': 3.4000000000000004, 'en_obv': False, 'obv_slope': 82, 'en_cci': False, 'cci_n': 154, 'cci_threshold': 85, 'en_rsi': False, 'rsi_n': 46, 'rsi_lower': 17, 'rsi_upper': 71, 'en_stochastic': True, 'stochastic_n': 76, 'stochastic_d': 8, 'stochastic_lower': 7, 'stochastic_upper': 91, 'en_mfi': True, 'mfi_n': 33, 'mfi_lower': 24, 'mfi_upper': 98, 'en_bollinger': True, 'bollinger_n': 135, 'bollinger_k': 3.6, 'en_adx': False, 'adx_n': 30, 'adx_threshold': 8, 'en_structure_trend': True, 'structure_trend_swing_l': 9, 'en_order_block': False, 'order_block_swing_l': 15, 'en_fvg': False, 'fvg_lookback': 46, 'en_ifvg': False, 'en_breaker': False, 'breaker_swing_l': 9, 'en_cisd': True, 'k': 4, 'en_cap_bars': True, 'cap_1min': 399}.
[I 2026-07-13 17:40:14,237] Trial 1324 finished with values: [2003.836328090947, -4404.11031654774, 38.6] and parameters: {'sl_soft': 87.52008513176767, 'sl_hard_delta': 13.950258753154337, 'tp': 297.5396616809354, 'gate_pct': 77.88062387933805, 'dd_limit': 5807.677780097662, 'cooldown': 1, 'flip': False, 'en_ema_trend': True, 'ema_trend_fast': 77, 'ema_trend_slow': 393, 'en_sma_trend': True, 'sma_trend_fast': 222, 'sma_trend_slow': 155, 'en_macd': False, 'macd_fast': 44, 'macd_slow': 2, 'macd_signal': 14, 'en_vwap': False, 'en_keltner': True, 'keltner_n': 175, 'keltner_m': 3.8000000000000003, 'en_obv': False, 'obv_slope': 22, 'en_cci': False, 'cci_n': 154, 'cci_threshold': 155, 'en_rsi': False, 'rsi_n': 90, 'rsi_lower': 46, 'rsi_upper': 62, 'en_stochastic': False, 'stochastic_n': 76, 'stochastic_d': 25, 'stochastic_lower': 7, 'stochastic_upper': 66, 'en_mfi': True, 'mfi_n': 32, 'mfi_lower': 13, 'mfi_upper': 93, 'en_bollinger': True, 'bollinger_n': 135, 'bollinger_k': 3.6, 'en_adx': False, 'adx_n': 30, 'adx_threshold': 9, 'en_structure_trend': True, 'structure_trend_swing_l': 13, 'en_order_block': False, 'order_block_swing_l': 8, 'en_fvg': False, 'fvg_lookback': 4, 'en_ifvg': True, 'en_breaker': True, 'breaker_swing_l': 3, 'en_cisd': False, 'k': 4, 'en_cap_bars': True, 'cap_1min': 1037}.
[I 2026-07-13 17:40:14,760] Trial 1325 pruned. 
[I 2026-07-13 17:40:18,271] Trial 1326 finished with values: [929.26942861528, -2430.0, 68.75] and parameters: {'sl_soft': 290.77933272481357, 'sl_hard_delta': 209.18705283693694, 'tp': 102.8825246769187, 'gate_pct': 66.0193419862484, 'dd_limit': 3991.4168201001603, 'cooldown': 0, 'flip': False, 'en_ema_trend': False, 'ema_trend_fast': 279, 'ema_trend_slow': 116, 'en_sma_trend': False, 'sma_trend_fast': 62, 'sma_trend_slow': 116, 'en_macd': False, 'macd_fast': 33, 'macd_slow': 65, 'macd_signal': 49, 'en_vwap': True, 'en_keltner': False, 'keltner_n': 154, 'keltner_m': 2.8000000000000003, 'en_obv': True, 'obv_slope': 161, 'en_cci': True, 'cci_n': 8, 'cci_threshold': 85, 'en_rsi': False, 'rsi_n': 39, 'rsi_lower': 3, 'rsi_upper': 71, 'en_stochastic': True, 'stochastic_n': 52, 'stochastic_d': 32, 'stochastic_lower': 40, 'stochastic_upper': 91, 'en_mfi': True, 'mfi_n': 7, 'mfi_lower': 28, 'mfi_upper': 97, 'en_bollinger': False, 'bollinger_n': 198, 'bollinger_k': 1.0, 'en_adx': False, 'adx_n': 30, 'adx_threshold': 17, 'en_structure_trend': False, 'structure_trend_swing_l': 13, 'en_order_block': True, 'order_block_swing_l': 3, 'en_fvg': True, 'fvg_lookback': 20, 'en_ifvg': False, 'en_breaker': False, 'breaker_swing_l': 16, 'en_cisd': False, 'k': 4, 'en_cap_bars': True, 'cap_1min': 399}.
