[I 2026-07-13 17:15:42,993] Trial 487 finished with values: [652.4514386409828, -3378.159673692753, 52.25] and parameters: {'sl_soft': 291.9767204047049, 'sl_hard_delta': 22.10907780503909, 'tp': 297.5396616809354, 'gate_pct': 98.67302380660169, 'dd_limit': 2979.0511195828876, 'cooldown': 0, 'flip': True, 'en_ema_trend': True, 'ema_trend_fast': 279, 'ema_trend_slow': 125, 'en_sma_trend': True, 'sma_trend_fast': 334, 'sma_trend_slow': 268, 'en_macd': False, 'macd_fast': 18, 'macd_slow': 91, 'macd_signal': 84, 'en_vwap': True, 'en_keltner': True, 'keltner_n': 27, 'keltner_m': 4.6000000000000005, 'en_obv': False, 'obv_slope': 161, 'en_cci': False, 'cci_n': 100, 'cci_threshold': 155, 'en_rsi': True, 'rsi_n': 71, 'rsi_lower': 18, 'rsi_upper': 62, 'en_stochastic': True, 'stochastic_n': 52, 'stochastic_d': 34, 'stochastic_lower': 14, 'stochastic_upper': 79, 'en_mfi': True, 'mfi_n': 62, 'mfi_lower': 41, 'mfi_upper': 97, 'en_bollinger': False, 'bollinger_n': 7, 'bollinger_k': 3.8000000000000003, 'en_adx': False, 'adx_n': 30, 'adx_threshold': 9, 'en_structure_trend': False, 'structure_trend_swing_l': 3, 'en_order_block': False, 'order_block_swing_l': 3, 'en_fvg': True, 'fvg_lookback': 18, 'en_ifvg': True, 'en_breaker': True, 'breaker_swing_l': 9, 'en_cisd': False, 'k': 1, 'en_cap_bars': True, 'cap_1min': 1243}.
[I 2026-07-13 17:15:43,125] Trial 488 pruned. 
[I 2026-07-13 17:15:44,626] Trial 489 pruned. 
[I 2026-07-13 17:15:44,817] Trial 490 finished with values: [219.6666325391925, -3849.946092068967, 41.25] and parameters: {'sl_soft': 105.8414130695725, 'sl_hard_delta': 22.10907780503909, 'tp': 280.91176333542376, 'gate_pct': 63.90528592947753, 'dd_limit': 4383.9268475471445, 'cooldown': 1, 'flip': False, 'en_ema_trend': False, 'ema_trend_fast': 159, 'ema_trend_slow': 116, 'en_sma_trend': False, 'sma_trend_fast': 141, 'sma_trend_slow': 268, 'en_macd': False, 'macd_fast': 80, 'macd_slow': 177, 'macd_signal': 65, 'en_vwap': False, 'en_keltner': False, 'keltner_n': 77, 'keltner_m': 2.8000000000000003, 'en_obv': True, 'obv_slope': 34, 'en_cci': False, 'cci_n': 100, 'cci_threshold': 30, 'en_rsi': True, 'rsi_n': 71, 'rsi_lower': 18, 'rsi_upper': 82, 'en_stochastic': False, 'stochastic_n': 89, 'stochastic_d': 22, 'stochastic_lower': 2, 'stochastic_upper': 93, 'en_mfi': False, 'mfi_n': 62, 'mfi_lower': 32, 'mfi_upper': 86, 'en_bollinger': False, 'bollinger_n': 164, 'bollinger_k': 1.0, 'en_adx': False, 'adx_n': 17, 'adx_threshold': 8, 'en_structure_trend': True, 'structure_trend_swing_l': 13, 'en_order_block': True, 'order_block_swing_l': 9, 'en_fvg': True, 'fvg_lookback': 18, 'en_ifvg': False, 'en_breaker': True, 'breaker_swing_l': 6, 'en_cisd': False, 'k': 3, 'en_cap_bars': True, 'cap_1min': 583}.
[I 2026-07-13 17:15:45,425] Trial 491 pruned. 
[I 2026-07-13 17:15:45,686] Trial 492 finished with values: [-685.651571968956, -2805.2606287875824, 40.5] and parameters: {'sl_soft': 96.79556821383326, 'sl_hard_delta': 347.9044607762687, 'tp': 133.9739371212426, 'gate_pct': 63.90528592947753, 'dd_limit': 7189.695940132639, 'cooldown': 1, 'flip': False, 'en_ema_trend': True, 'ema_trend_fast': 159, 'ema_trend_slow': 266, 'en_sma_trend': False, 'sma_trend_fast': 362, 'sma_trend_slow': 154, 'en_macd': False, 'macd_fast': 80, 'macd_slow': 104, 'macd_signal': 54, 'en_vwap': False, 'en_keltner': False, 'keltner_n': 8, 'keltner_m': 1.7000000000000002, 'en_obv': True, 'obv_slope': 13, 'en_cci': True, 'cci_n': 184, 'cci_threshold': 65, 'en_rsi': True, 'rsi_n': 12, 'rsi_lower': 16, 'rsi_upper': 74, 'en_stochastic': False, 'stochastic_n': 88, 'stochastic_d': 37, 'stochastic_lower': 47, 'stochastic_upper': 68, 'en_mfi': False, 'mfi_n': 65, 'mfi_lower': 37, 'mfi_upper': 90, 'en_bollinger': True, 'bollinger_n': 164, 'bollinger_k': 3.8000000000000003, 'en_adx': True, 'adx_n': 19, 'adx_threshold': 17, 'en_structure_trend': True, 'structure_trend_swing_l': 13, 'en_order_block': False, 'order_block_swing_l': 7, 'en_fvg': False, 'fvg_lookback': 28, 'en_ifvg': False, 'en_breaker': True, 'breaker_swing_l': 7, 'en_cisd': True, 'k': 3, 'en_cap_bars': True, 'cap_1min': 583}.
[I 2026-07-13 17:15:45,948] Trial 493 finished with values: [2790.068991622811, -5870.602417311602, 51.0] and parameters: {'sl_soft': 242.93851136306353, 'sl_hard_delta': 44.62173036809308, 'tp': 446.2032005894348, 'gate_pct': 99.08068803261627, 'dd_limit': 2327.713141817985, 'cooldown': 0, 'flip': False, 'en_ema_trend': True, 'ema_trend_fast': 29, 'ema_trend_slow': 196, 'en_sma_trend': False, 'sma_trend_fast': 128, 'sma_trend_slow': 396, 'en_macd': True, 'macd_fast': 48, 'macd_slow': 150, 'macd_signal': 100, 'en_vwap': True, 'en_keltner': True, 'keltner_n': 178, 'keltner_m': 1.7000000000000002, 'en_obv': True, 'obv_slope': 162, 'en_cci': True, 'cci_n': 106, 'cci_threshold': 280, 'en_rsi': True, 'rsi_n': 100, 'rsi_lower': 45, 'rsi_upper': 95, 'en_stochastic': False, 'stochastic_n': 25, 'stochastic_d': 37, 'stochastic_lower': 31, 'stochastic_upper': 97, 'en_mfi': True, 'mfi_n': 27, 'mfi_lower': 20, 'mfi_upper': 57, 'en_bollinger': False, 'bollinger_n': 186, 'bollinger_k': 4.7, 'en_adx': False, 'adx_n': 16, 'adx_threshold': 12, 'en_structure_trend': True, 'structure_trend_swing_l': 15, 'en_order_block': False, 'order_block_swing_l': 9, 'en_fvg': False, 'fvg_lookback': 48, 'en_ifvg': False, 'en_breaker': True, 'breaker_swing_l': 16, 'en_cisd': True, 'k': 3, 'en_cap_bars': False, 'cap_1min': 1070}.
[I 2026-07-13 17:15:46,164] Trial 494 finished with values: [-535.7167291658516, -3333.8760390017706, 42.5] and parameters: {'sl_soft': 96.79556821383326, 'sl_hard_delta': 260.9535767077609, 'tp': 133.9739371212426, 'gate_pct': 63.90528592947753, 'dd_limit': 929.1236505960891, 'cooldown': 1, 'flip': False, 'en_ema_trend': True, 'ema_trend_fast': 159, 'ema_trend_slow': 116, 'en_sma_trend': False, 'sma_trend_fast': 362, 'sma_trend_slow': 226, 'en_macd': False, 'macd_fast': 80, 'macd_slow': 177, 'macd_signal': 54, 'en_vwap': False, 'en_keltner': False, 'keltner_n': 158, 'keltner_m': 1.7000000000000002, 'en_obv': True, 'obv_slope': 34, 'en_cci': False, 'cci_n': 184, 'cci_threshold': 90, 'en_rsi': True, 'rsi_n': 69, 'rsi_lower': 17, 'rsi_upper': 71, 'en_stochastic': False, 'stochastic_n': 45, 'stochastic_d': 19, 'stochastic_lower': 47, 'stochastic_upper': 69, 'en_mfi': True, 'mfi_n': 65, 'mfi_lower': 32, 'mfi_upper': 90, 'en_bollinger': True, 'bollinger_n': 164, 'bollinger_k': 3.4000000000000004, 'en_adx': True, 'adx_n': 24, 'adx_threshold': 8, 'en_structure_trend': True, 'structure_trend_swing_l': 13, 'en_order_block': False, 'order_block_swing_l': 7, 'en_fvg': True, 'fvg_lookback': 46, 'en_ifvg': False, 'en_breaker': True, 'breaker_swing_l': 6, 'en_cisd': True, 'k': 3, 'en_cap_bars': False, 'cap_1min': 583}.
[I 2026-07-13 17:15:46,385] Trial 495 pruned. 
[I 2026-07-13 17:15:55,118] Trial 496 finished with values: [596.8868473754446, -2287.9473753471393, 62.35] and parameters: {'sl_soft': 231.1881311410537, 'sl_hard_delta': 163.40134392837285, 'tp': 155.33488771708926, 'gate_pct': 68.22768503522947, 'dd_limit': 3881.782071469207, 'cooldown': 2, 'flip': False, 'en_ema_trend': True, 'ema_trend_fast': 324, 'ema_trend_slow': 159, 'en_sma_trend': True, 'sma_trend_fast': 318, 'sma_trend_slow': 321, 'en_macd': True, 'macd_fast': 13, 'macd_slow': 157, 'macd_signal': 84, 'en_vwap': True, 'en_keltner': False, 'keltner_n': 27, 'keltner_m': 1.6, 'en_obv': True, 'obv_slope': 2, 'en_cci': False, 'cci_n': 12, 'cci_threshold': 45, 'en_rsi': True, 'rsi_n': 63, 'rsi_lower': 15, 'rsi_upper': 97, 'en_stochastic': True, 'stochastic_n': 11, 'stochastic_d': 19, 'stochastic_lower': 43, 'stochastic_upper': 86, 'en_mfi': True, 'mfi_n': 67, 'mfi_lower': 17, 'mfi_upper': 62, 'en_bollinger': True, 'bollinger_n': 83, 'bollinger_k': 3.8000000000000003, 'en_adx': False, 'adx_n': 30, 'adx_threshold': 37, 'en_structure_trend': True, 'structure_trend_swing_l': 3, 'en_order_block': False, 'order_block_swing_l': 5, 'en_fvg': False, 'fvg_lookback': 4, 'en_ifvg': True, 'en_breaker': False, 'breaker_swing_l': 15, 'en_cisd': False, 'k': 1, 'en_cap_bars': True, 'cap_1min': 914}.
[I 2026-07-13 17:15:55,385] Trial 497 finished with values: [6435.605050589456, -7150.345502468554, 51.6] and parameters: {'sl_soft': 269.0670163702745, 'sl_hard_delta': 13.950258753154337, 'tp': 418.046085718894, 'gate_pct': 77.88062387933805, 'dd_limit': 5807.677780097662, 'cooldown': 1, 'flip': False, 'en_ema_trend': True, 'ema_trend_fast': 67, 'ema_trend_slow': 292, 'en_sma_trend': False, 'sma_trend_fast': 222, 'sma_trend_slow': 96, 'en_macd': False, 'macd_fast': 89, 'macd_slow': 2, 'macd_signal': 36, 'en_vwap': False, 'en_keltner': False, 'keltner_n': 179, 'keltner_m': 0.8, 'en_obv': True, 'obv_slope': 22, 'en_cci': False, 'cci_n': 154, 'cci_threshold': 25, 'en_rsi': False, 'rsi_n': 90, 'rsi_lower': 30, 'rsi_upper': 89, 'en_stochastic': False, 'stochastic_n': 76, 'stochastic_d': 8, 'stochastic_lower': 7, 'stochastic_upper': 69, 'en_mfi': True, 'mfi_n': 95, 'mfi_lower': 18, 'mfi_upper': 93, 'en_bollinger': True, 'bollinger_n': 135, 'bollinger_k': 3.6, 'en_adx': False, 'adx_n': 51, 'adx_threshold': 54, 'en_structure_trend': True, 'structure_trend_swing_l': 9, 'en_order_block': False, 'order_block_swing_l': 15, 'en_fvg': False, 'fvg_lookback': 42, 'en_ifvg': True, 'en_breaker': True, 'breaker_swing_l': 10, 'en_cisd': False, 'k': 3, 'en_cap_bars': True, 'cap_1min': 1113}.
[I 2026-07-13 17:15:59,129] Trial 498 finished with values: [-816.4328366656082, -4968.181257946126, 48.2] and parameters: {'sl_soft': 87.52008513176767, 'sl_hard_delta': 218.06309001668583, 'tp': 102.8825246769187, 'gate_pct': 66.0193419862484, 'dd_limit': 3991.4168201001603, 'cooldown': 0, 'flip': False, 'en_ema_trend': False, 'ema_trend_fast': 76, 'ema_trend_slow': 64, 'en_sma_trend': True, 'sma_trend_fast': 281, 'sma_trend_slow': 83, 'en_macd': False, 'macd_fast': 44, 'macd_slow': 2, 'macd_signal': 36, 'en_vwap': True, 'en_keltner': True, 'keltner_n': 56, 'keltner_m': 3.5, 'en_obv': False, 'obv_slope': 22, 'en_cci': False, 'cci_n': 154, 'cci_threshold': 50, 'en_rsi': True, 'rsi_n': 39, 'rsi_lower': 32, 'rsi_upper': 89, 'en_stochastic': False, 'stochastic_n': 40, 'stochastic_d': 8, 'stochastic_lower': 7, 'stochastic_upper': 97, 'en_mfi': True, 'mfi_n': 15, 'mfi_lower': 15, 'mfi_upper': 93, 'en_bollinger': True, 'bollinger_n': 198, 'bollinger_k': 3.6, 'en_adx': True, 'adx_n': 51, 'adx_threshold': 7, 'en_structure_trend': False, 'structure_trend_swing_l': 3, 'en_order_block': True, 'order_block_swing_l': 5, 'en_fvg': False, 'fvg_lookback': 17, 'en_ifvg': False, 'en_breaker': True, 'breaker_swing_l': 3, 'en_cisd': False, 'k': 3, 'en_cap_bars': False, 'cap_1min': 433}.
[I 2026-07-13 17:16:06,401] Trial 499 finished with values: [1047.5, -4720.0, 54.45] and parameters: {'sl_soft': 186.7417979615443, 'sl_hard_delta': 230.1962805631829, 'tp': 288.86642093543475, 'gate_pct': 68.87067583562738, 'dd_limit': 2327.713141817985, 'cooldown': 0, 'flip': False, 'en_ema_trend': False, 'ema_trend_fast': 29, 'ema_trend_slow': 196, 'en_sma_trend': True, 'sma_trend_fast': 46, 'sma_trend_slow': 240, 'en_macd': False, 'macd_fast': 56, 'macd_slow': 150, 'macd_signal': 67, 'en_vwap': True, 'en_keltner': True, 'keltner_n': 43, 'keltner_m': 1.8, 'en_obv': True, 'obv_slope': 191, 'en_cci': False, 'cci_n': 106, 'cci_threshold': 250, 'en_rsi': False, 'rsi_n': 74, 'rsi_lower': 38, 'rsi_upper': 95, 'en_stochastic': True, 'stochastic_n': 25, 'stochastic_d': 31, 'stochastic_lower': 47, 'stochastic_upper': 97, 'en_mfi': True, 'mfi_n': 65, 'mfi_lower': 44, 'mfi_upper': 97, 'en_bollinger': False, 'bollinger_n': 2, 'bollinger_k': 4.7, 'en_adx': True, 'adx_n': 5, 'adx_threshold': 7, 'en_structure_trend': True, 'structure_trend_swing_l': 10, 'en_order_block': False, 'order_block_swing_l': 7, 'en_fvg': False, 'fvg_lookback': 7, 'en_ifvg': False, 'en_breaker': False, 'breaker_swing_l': 9, 'en_cisd': False, 'k': 3, 'en_cap_bars': True, 'cap_1min': 160}.
[I 2026-07-13 17:16:09,090] Trial 500 pruned. 
[I 2026-07-13 17:16:10,384] Trial 501 finished with values: [-99.82208877461744, -4704.390833973484, 35.2] and parameters: {'sl_soft': 75.8088001493923, 'sl_hard_delta': 163.40134392837285, 'tp': 175.12183320530335, 'gate_pct': 83.33433192606572, 'dd_limit': 482.05982110363465, 'cooldown': 1, 'flip': True, 'en_ema_trend': True, 'ema_trend_fast': 324, 'ema_trend_slow': 159, 'en_sma_trend': True, 'sma_trend_fast': 275, 'sma_trend_slow': 231, 'en_macd': True, 'macd_fast': 47, 'macd_slow': 105, 'macd_signal': 60, 'en_vwap': True, 'en_keltner': False, 'keltner_n': 35, 'keltner_m': 4.2, 'en_obv': True, 'obv_slope': 161, 'en_cci': False, 'cci_n': 156, 'cci_threshold': 45, 'en_rsi': True, 'rsi_n': 63, 'rsi_lower': 29, 'rsi_upper': 86, 'en_stochastic': False, 'stochastic_n': 74, 'stochastic_d': 30, 'stochastic_lower': 43, 'stochastic_upper': 86, 'en_mfi': False, 'mfi_n': 64, 'mfi_lower': 17, 'mfi_upper': 62, 'en_bollinger': False, 'bollinger_n': 83, 'bollinger_k': 1.8, 'en_adx': False, 'adx_n': 31, 'adx_threshold': 37, 'en_structure_trend': False, 'structure_trend_swing_l': 19, 'en_order_block': False, 'order_block_swing_l': 12, 'en_fvg': False, 'fvg_lookback': 19, 'en_ifvg': False, 'en_breaker': False, 'breaker_swing_l': 15, 'en_cisd': True, 'k': 5, 'en_cap_bars': True, 'cap_1min': 914}.
[I 2026-07-13 17:16:17,408] Trial 502 finished with values: [667.8841012749399, -2555.0, 42.2] and parameters: {'sl_soft': 140.60542610056257, 'sl_hard_delta': 163.40134392837285, 'tp': 278.8307281019955, 'gate_pct': 97.49754431689279, 'dd_limit': 2979.0511195828876, 'cooldown': 0, 'flip': True, 'en_ema_trend': False, 'ema_trend_fast': 77, 'ema_trend_slow': 125, 'en_sma_trend': True, 'sma_trend_fast': 161, 'sma_trend_slow': 399, 'en_macd': True, 'macd_fast': 13, 'macd_slow': 91, 'macd_signal': 65, 'en_vwap': False, 'en_keltner': True, 'keltner_n': 27, 'keltner_m': 2.8000000000000003, 'en_obv': False, 'obv_slope': 161, 'en_cci': False, 'cci_n': 69, 'cci_threshold': 155, 'en_rsi': True, 'rsi_n': 63, 'rsi_lower': 15, 'rsi_upper': 62, 'en_stochastic': True, 'stochastic_n': 53, 'stochastic_d': 22, 'stochastic_lower': 14, 'stochastic_upper': 79, 'en_mfi': True, 'mfi_n': 47, 'mfi_lower': 41, 'mfi_upper': 93, 'en_bollinger': False, 'bollinger_n': 7, 'bollinger_k': 1.0, 'en_adx': False, 'adx_n': 12, 'adx_threshold': 9, 'en_structure_trend': False, 'structure_trend_swing_l': 3, 'en_order_block': True, 'order_block_swing_l': 8, 'en_fvg': True, 'fvg_lookback': 4, 'en_ifvg': True, 'en_breaker': False, 'breaker_swing_l': 16, 'en_cisd': False, 'k': 1, 'en_cap_bars': True, 'cap_1min': 1243}.
[I 2026-07-13 17:16:18,617] Trial 503 pruned. 
[I 2026-07-13 17:16:21,285] Trial 504 pruned. 
[I 2026-07-13 17:16:23,276] Trial 505 finished with values: [-2724.391973697857, -7079.512220165416, 50.0] and parameters: {'sl_soft': 269.0670163702745, 'sl_hard_delta': 13.950258753154337, 'tp': 164.05555215354394, 'gate_pct': 79.79473082398957, 'dd_limit': 2773.5122147635702, 'cooldown': 1, 'flip': False, 'en_ema_trend': False, 'ema_trend_fast': 83, 'ema_trend_slow': 116, 'en_sma_trend': False, 'sma_trend_fast': 75, 'sma_trend_slow': 228, 'en_macd': True, 'macd_fast': 89, 'macd_slow': 2, 'macd_signal': 65, 'en_vwap': False, 'en_keltner': False, 'keltner_n': 27, 'keltner_m': 2.2, 'en_obv': False, 'obv_slope': 22, 'en_cci': False, 'cci_n': 109, 'cci_threshold': 20, 'en_rsi': False, 'rsi_n': 90, 'rsi_lower': 17, 'rsi_upper': 89, 'en_stochastic': False, 'stochastic_n': 58, 'stochastic_d': 29, 'stochastic_lower': 41, 'stochastic_upper': 69, 'en_mfi': True, 'mfi_n': 91, 'mfi_lower': 18, 'mfi_upper': 93, 'en_bollinger': True, 'bollinger_n': 133, 'bollinger_k': 4.2, 'en_adx': False, 'adx_n': 67, 'adx_threshold': 51, 'en_structure_trend': True, 'structure_trend_swing_l': 9, 'en_order_block': False, 'order_block_swing_l': 19, 'en_fvg': False, 'fvg_lookback': 43, 'en_ifvg': True, 'en_breaker': True, 'breaker_swing_l': 16, 'en_cisd': True, 'k': 1, 'en_cap_bars': True, 'cap_1min': 208}.
[I 2026-07-13 17:16:25,605] Trial 506 finished with values: [2070.8206740629976, -2250.0, 45.6] and parameters: {'sl_soft': 97.07867332864816, 'sl_hard_delta': 223.613668706465, 'tp': 168.84035954891954, 'gate_pct': 84.68288014900352, 'dd_limit': 4383.9268475471445, 'cooldown': 1, 'flip': True, 'en_ema_trend': False, 'ema_trend_fast': 29, 'ema_trend_slow': 196, 'en_sma_trend': False, 'sma_trend_fast': 128, 'sma_trend_slow': 396, 'en_macd': False, 'macd_fast': 65, 'macd_slow': 150, 'macd_signal': 100, 'en_vwap': True, 'en_keltner': True, 'keltner_n': 96, 'keltner_m': 1.8, 'en_obv': True, 'obv_slope': 162, 'en_cci': False, 'cci_n': 125, 'cci_threshold': 280, 'en_rsi': False, 'rsi_n': 74, 'rsi_lower': 17, 'rsi_upper': 71, 'en_stochastic': False, 'stochastic_n': 45, 'stochastic_d': 31, 'stochastic_lower': 5, 'stochastic_upper': 97, 'en_mfi': True, 'mfi_n': 33, 'mfi_lower': 28, 'mfi_upper': 79, 'en_bollinger': False, 'bollinger_n': 133, 'bollinger_k': 3.4000000000000004, 'en_adx': False, 'adx_n': 11, 'adx_threshold': 8, 'en_structure_trend': True, 'structure_trend_swing_l': 13, 'en_order_block': False, 'order_block_swing_l': 15, 'en_fvg': True, 'fvg_lookback': 46, 'en_ifvg': False, 'en_breaker': False, 'breaker_swing_l': 6, 'en_cisd': False, 'k': 1, 'en_cap_bars': True, 'cap_1min': 412}.
[I 2026-07-13 17:16:27,060] Trial 507 finished with values: [2170.3450228048678, -7830.0, 57.8] and parameters: {'sl_soft': 263.68549003039107, 'sl_hard_delta': 354.4443350594558, 'tp': 278.8307281019955, 'gate_pct': 54.8778799805964, 'dd_limit': 2548.3308531557964, 'cooldown': 1, 'flip': True, 'en_ema_trend': True, 'ema_trend_fast': 196, 'ema_trend_slow': 17, 'en_sma_trend': False, 'sma_trend_fast': 334, 'sma_trend_slow': 268, 'en_macd': True, 'macd_fast': 80, 'macd_slow': 91, 'macd_signal': 92, 'en_vwap': True, 'en_keltner': True, 'keltner_n': 153, 'keltner_m': 4.6000000000000005, 'en_obv': False, 'obv_slope': 110, 'en_cci': True, 'cci_n': 100, 'cci_threshold': 125, 'en_rsi': False, 'rsi_n': 15, 'rsi_lower': 18, 'rsi_upper': 87, 'en_stochastic': False, 'stochastic_n': 52, 'stochastic_d': 47, 'stochastic_lower': 14, 'stochastic_upper': 93, 'en_mfi': False, 'mfi_n': 62, 'mfi_lower': 13, 'mfi_upper': 86, 'en_bollinger': False, 'bollinger_n': 7, 'bollinger_k': 1.0, 'en_adx': False, 'adx_n': 12, 'adx_threshold': 32, 'en_structure_trend': False, 'structure_trend_swing_l': 3, 'en_order_block': True, 'order_block_swing_l': 6, 'en_fvg': True, 'fvg_lookback': 18, 'en_ifvg': False, 'en_breaker': False, 'breaker_swing_l': 16, 'en_cisd': True, 'k': 1, 'en_cap_bars': False, 'cap_1min': 272}.
[I 2026-07-13 17:16:28,016] Trial 508 finished with values: [1355.0072987690692, -4931.174753230807, 65.5] and parameters: {'sl_soft': 289.27989949778464, 'sl_hard_delta': 209.18705283693694, 'tp': 102.8825246769187, 'gate_pct': 66.0193419862484, 'dd_limit': 3991.4168201001603, 'cooldown': 0, 'flip': False, 'en_ema_trend': False, 'ema_trend_fast': 195, 'ema_trend_slow': 64, 'en_sma_trend': False, 'sma_trend_fast': 281, 'sma_trend_slow': 116, 'en_macd': False, 'macd_fast': 33, 'macd_slow': 65, 'macd_signal': 20, 'en_vwap': True, 'en_keltner': True, 'keltner_n': 56, 'keltner_m': 2.8000000000000003, 'en_obv': True, 'obv_slope': 142, 'en_cci': True, 'cci_n': 39, 'cci_threshold': 50, 'en_rsi': True, 'rsi_n': 39, 'rsi_lower': 33, 'rsi_upper': 83, 'en_stochastic': True, 'stochastic_n': 40, 'stochastic_d': 32, 'stochastic_lower': 25, 'stochastic_upper': 97, 'en_mfi': True, 'mfi_n': 15, 'mfi_lower': 15, 'mfi_upper': 86, 'en_bollinger': True, 'bollinger_n': 198, 'bollinger_k': 3.9000000000000004, 'en_adx': True, 'adx_n': 51, 'adx_threshold': 7, 'en_structure_trend': False, 'structure_trend_swing_l': 3, 'en_order_block': True, 'order_block_swing_l': 9, 'en_fvg': False, 'fvg_lookback': 17, 'en_ifvg': False, 'en_breaker': False, 'breaker_swing_l': 6, 'en_cisd': False, 'k': 2, 'en_cap_bars': False, 'cap_1min': 433}.
[I 2026-07-13 17:16:29,545] Trial 509 pruned. 
[I 2026-07-13 17:16:32,458] Trial 510 finished with values: [1506.4831778527696, -2649.257363119141, 44.25] and parameters: {'sl_soft': 105.8414130695725, 'sl_hard_delta': 22.10907780503909, 'tp': 183.7315864939837, 'gate_pct': 83.33433192606572, 'dd_limit': 4383.9268475471445, 'cooldown': 1, 'flip': True, 'en_ema_trend': False, 'ema_trend_fast': 77, 'ema_trend_slow': 159, 'en_sma_trend': True, 'sma_trend_fast': 141, 'sma_trend_slow': 231, 'en_macd': False, 'macd_fast': 80, 'macd_slow': 177, 'macd_signal': 65, 'en_vwap': True, 'en_keltner': True, 'keltner_n': 77, 'keltner_m': 4.2, 'en_obv': True, 'obv_slope': 161, 'en_cci': False, 'cci_n': 12, 'cci_threshold': 45, 'en_rsi': True, 'rsi_n': 71, 'rsi_lower': 29, 'rsi_upper': 82, 'en_stochastic': False, 'stochastic_n': 74, 'stochastic_d': 22, 'stochastic_lower': 27, 'stochastic_upper': 93, 'en_mfi': False, 'mfi_n': 62, 'mfi_lower': 17, 'mfi_upper': 86, 'en_bollinger': False, 'bollinger_n': 164, 'bollinger_k': 1.0, 'en_adx': False, 'adx_n': 17, 'adx_threshold': 8, 'en_structure_trend': True, 'structure_trend_swing_l': 13, 'en_order_block': True, 'order_block_swing_l': 9, 'en_fvg': True, 'fvg_lookback': 18, 'en_ifvg': False, 'en_breaker': True, 'breaker_swing_l': 6, 'en_cisd': False, 'k': 3, 'en_cap_bars': True, 'cap_1min': 583}.
