[I 2026-07-13 17:40:18,652] Trial 1327 finished with values: [-268.00915702775455, -1497.3517194246233, 42.75] and parameters: {'sl_soft': 87.52008513176767, 'sl_hard_delta': 13.950258753154337, 'tp': 283.207368843673, 'gate_pct': 79.79473082398957, 'dd_limit': 4593.673039009747, 'cooldown': 2, 'flip': False, 'en_ema_trend': False, 'ema_trend_fast': 205, 'ema_trend_slow': 116, 'en_sma_trend': True, 'sma_trend_fast': 62, 'sma_trend_slow': 134, 'en_macd': True, 'macd_fast': 70, 'macd_slow': 154, 'macd_signal': 49, 'en_vwap': True, 'en_keltner': False, 'keltner_n': 154, 'keltner_m': 0.8, 'en_obv': True, 'obv_slope': 22, 'en_cci': False, 'cci_n': 109, 'cci_threshold': 85, 'en_rsi': False, 'rsi_n': 94, 'rsi_lower': 3, 'rsi_upper': 71, 'en_stochastic': False, 'stochastic_n': 76, 'stochastic_d': 45, 'stochastic_lower': 40, 'stochastic_upper': 69, 'en_mfi': True, 'mfi_n': 91, 'mfi_lower': 28, 'mfi_upper': 85, 'en_bollinger': True, 'bollinger_n': 133, 'bollinger_k': 1.6, 'en_adx': True, 'adx_n': 30, 'adx_threshold': 8, 'en_structure_trend': True, 'structure_trend_swing_l': 13, 'en_order_block': False, 'order_block_swing_l': 15, 'en_fvg': True, 'fvg_lookback': 4, 'en_ifvg': True, 'en_breaker': True, 'breaker_swing_l': 20, 'en_cisd': False, 'k': 1, 'en_cap_bars': True, 'cap_1min': 208}.
[I 2026-07-13 17:40:18,991] Trial 1328 finished with values: [1327.9588490231617, -3450.6687691911793, 36.25] and parameters: {'sl_soft': 87.52008513176767, 'sl_hard_delta': 223.613668706465, 'tp': 297.5396616809354, 'gate_pct': 97.49754431689279, 'dd_limit': 4593.673039009747, 'cooldown': 1, 'flip': False, 'en_ema_trend': False, 'ema_trend_fast': 205, 'ema_trend_slow': 159, 'en_sma_trend': False, 'sma_trend_fast': 222, 'sma_trend_slow': 50, 'en_macd': False, 'macd_fast': 70, 'macd_slow': 154, 'macd_signal': 49, 'en_vwap': True, 'en_keltner': False, 'keltner_n': 53, 'keltner_m': 3.3000000000000003, 'en_obv': True, 'obv_slope': 82, 'en_cci': False, 'cci_n': 8, 'cci_threshold': 155, 'en_rsi': False, 'rsi_n': 39, 'rsi_lower': 3, 'rsi_upper': 71, 'en_stochastic': False, 'stochastic_n': 76, 'stochastic_d': 10, 'stochastic_lower': 7, 'stochastic_upper': 91, 'en_mfi': False, 'mfi_n': 61, 'mfi_lower': 41, 'mfi_upper': 89, 'en_bollinger': True, 'bollinger_n': 135, 'bollinger_k': 3.6, 'en_adx': True, 'adx_n': 30, 'adx_threshold': 18, 'en_structure_trend': True, 'structure_trend_swing_l': 1, 'en_order_block': False, 'order_block_swing_l': 15, 'en_fvg': True, 'fvg_lookback': 48, 'en_ifvg': True, 'en_breaker': False, 'breaker_swing_l': 9, 'en_cisd': False, 'k': 4, 'en_cap_bars': False, 'cap_1min': 1113}.
[I 2026-07-13 17:40:19,335] Trial 1329 finished with values: [5572.202800541108, -3411.7585971231165, 47.5] and parameters: {'sl_soft': 87.52008513176767, 'sl_hard_delta': 13.950258753154337, 'tp': 297.5396616809354, 'gate_pct': 97.49754431689279, 'dd_limit': 5807.677780097662, 'cooldown': 1, 'flip': False, 'en_ema_trend': True, 'ema_trend_fast': 241, 'ema_trend_slow': 159, 'en_sma_trend': True, 'sma_trend_fast': 222, 'sma_trend_slow': 50, 'en_macd': False, 'macd_fast': 44, 'macd_slow': 2, 'macd_signal': 36, 'en_vwap': False, 'en_keltner': False, 'keltner_n': 179, 'keltner_m': 3.3000000000000003, 'en_obv': False, 'obv_slope': 82, 'en_cci': False, 'cci_n': 154, 'cci_threshold': 25, 'en_rsi': False, 'rsi_n': 39, 'rsi_lower': 15, 'rsi_upper': 54, 'en_stochastic': False, 'stochastic_n': 76, 'stochastic_d': 8, 'stochastic_lower': 7, 'stochastic_upper': 69, 'en_mfi': True, 'mfi_n': 32, 'mfi_lower': 44, 'mfi_upper': 93, 'en_bollinger': True, 'bollinger_n': 135, 'bollinger_k': 3.6, 'en_adx': True, 'adx_n': 30, 'adx_threshold': 17, 'en_structure_trend': True, 'structure_trend_swing_l': 13, 'en_order_block': False, 'order_block_swing_l': 8, 'en_fvg': False, 'fvg_lookback': 4, 'en_ifvg': True, 'en_breaker': True, 'breaker_swing_l': 9, 'en_cisd': False, 'k': 1, 'en_cap_bars': False, 'cap_1min': 1037}.
[I 2026-07-13 17:40:20,364] Trial 1330 finished with values: [393.6110430708504, -6505.0, 64.15] and parameters: {'sl_soft': 290.77933272481357, 'sl_hard_delta': 223.613668706465, 'tp': 164.05555215354394, 'gate_pct': 75.29895741667805, 'dd_limit': 5807.677780097662, 'cooldown': 2, 'flip': False, 'en_ema_trend': True, 'ema_trend_fast': 82, 'ema_trend_slow': 116, 'en_sma_trend': False, 'sma_trend_fast': 62, 'sma_trend_slow': 134, 'en_macd': False, 'macd_fast': 44, 'macd_slow': 2, 'macd_signal': 84, 'en_vwap': False, 'en_keltner': False, 'keltner_n': 53, 'keltner_m': 0.6, 'en_obv': False, 'obv_slope': 161, 'en_cci': False, 'cci_n': 124, 'cci_threshold': 25, 'en_rsi': False, 'rsi_n': 63, 'rsi_lower': 3, 'rsi_upper': 71, 'en_stochastic': False, 'stochastic_n': 3, 'stochastic_d': 34, 'stochastic_lower': 40, 'stochastic_upper': 91, 'en_mfi': False, 'mfi_n': 7, 'mfi_lower': 24, 'mfi_upper': 89, 'en_bollinger': False, 'bollinger_n': 135, 'bollinger_k': 3.4000000000000004, 'en_adx': True, 'adx_n': 30, 'adx_threshold': 17, 'en_structure_trend': True, 'structure_trend_swing_l': 9, 'en_order_block': False, 'order_block_swing_l': 7, 'en_fvg': False, 'fvg_lookback': 20, 'en_ifvg': True, 'en_breaker': True, 'breaker_swing_l': 6, 'en_cisd': True, 'k': 1, 'en_cap_bars': True, 'cap_1min': 583}.
[I 2026-07-13 17:40:20,569] Trial 1331 pruned. 
[I 2026-07-13 17:40:21,886] Trial 1332 finished with values: [1782.6983084046879, -1750.0, 57.1] and parameters: {'sl_soft': 291.9767204047049, 'sl_hard_delta': 209.18705283693694, 'tp': 297.5396616809354, 'gate_pct': 77.88062387933805, 'dd_limit': 5807.677780097662, 'cooldown': 0, 'flip': False, 'en_ema_trend': False, 'ema_trend_fast': 279, 'ema_trend_slow': 159, 'en_sma_trend': True, 'sma_trend_fast': 334, 'sma_trend_slow': 50, 'en_macd': True, 'macd_fast': 44, 'macd_slow': 65, 'macd_signal': 65, 'en_vwap': False, 'en_keltner': True, 'keltner_n': 53, 'keltner_m': 3.3000000000000003, 'en_obv': False, 'obv_slope': 165, 'en_cci': True, 'cci_n': 154, 'cci_threshold': 155, 'en_rsi': True, 'rsi_n': 39, 'rsi_lower': 33, 'rsi_upper': 83, 'en_stochastic': False, 'stochastic_n': 52, 'stochastic_d': 8, 'stochastic_lower': 7, 'stochastic_upper': 66, 'en_mfi': True, 'mfi_n': 47, 'mfi_lower': 15, 'mfi_upper': 97, 'en_bollinger': False, 'bollinger_n': 198, 'bollinger_k': 1.0, 'en_adx': True, 'adx_n': 51, 'adx_threshold': 18, 'en_structure_trend': True, 'structure_trend_swing_l': 9, 'en_order_block': False, 'order_block_swing_l': 3, 'en_fvg': False, 'fvg_lookback': 48, 'en_ifvg': True, 'en_breaker': False, 'breaker_swing_l': 16, 'en_cisd': False, 'k': 1, 'en_cap_bars': True, 'cap_1min': 1113}.
[I 2026-07-13 17:40:22,218] Trial 1333 pruned. 
[I 2026-07-13 17:40:23,326] Trial 1334 pruned. 
[I 2026-07-13 17:40:23,997] Trial 1335 finished with values: [1299.3511300329192, -2164.7034388492466, 39.3] and parameters: {'sl_soft': 87.52008513176767, 'sl_hard_delta': 13.950258753154337, 'tp': 418.046085718894, 'gate_pct': 79.79473082398957, 'dd_limit': 7189.695940132639, 'cooldown': 1, 'flip': True, 'en_ema_trend': True, 'ema_trend_fast': 76, 'ema_trend_slow': 393, 'en_sma_trend': True, 'sma_trend_fast': 173, 'sma_trend_slow': 280, 'en_macd': False, 'macd_fast': 23, 'macd_slow': 2, 'macd_signal': 36, 'en_vwap': False, 'en_keltner': False, 'keltner_n': 179, 'keltner_m': 3.3000000000000003, 'en_obv': False, 'obv_slope': 82, 'en_cci': False, 'cci_n': 154, 'cci_threshold': 20, 'en_rsi': False, 'rsi_n': 39, 'rsi_lower': 6, 'rsi_upper': 54, 'en_stochastic': False, 'stochastic_n': 76, 'stochastic_d': 8, 'stochastic_lower': 7, 'stochastic_upper': 97, 'en_mfi': True, 'mfi_n': 91, 'mfi_lower': 44, 'mfi_upper': 93, 'en_bollinger': True, 'bollinger_n': 135, 'bollinger_k': 2.0, 'en_adx': False, 'adx_n': 9, 'adx_threshold': 51, 'en_structure_trend': True, 'structure_trend_swing_l': 9, 'en_order_block': False, 'order_block_swing_l': 7, 'en_fvg': False, 'fvg_lookback': 4, 'en_ifvg': True, 'en_breaker': True, 'breaker_swing_l': 3, 'en_cisd': True, 'k': 1, 'en_cap_bars': True, 'cap_1min': 1113}.
[I 2026-07-13 17:40:24,778] Trial 1336 pruned. 
[I 2026-07-13 17:40:26,622] Trial 1337 finished with values: [1537.5539829824993, -2145.0, 66.7] and parameters: {'sl_soft': 291.9767204047049, 'sl_hard_delta': 209.18705283693694, 'tp': 165.8776991491255, 'gate_pct': 66.0193419862484, 'dd_limit': 3991.4168201001603, 'cooldown': 0, 'flip': False, 'en_ema_trend': False, 'ema_trend_fast': 279, 'ema_trend_slow': 125, 'en_sma_trend': False, 'sma_trend_fast': 334, 'sma_trend_slow': 116, 'en_macd': False, 'macd_fast': 33, 'macd_slow': 65, 'macd_signal': 65, 'en_vwap': True, 'en_keltner': True, 'keltner_n': 92, 'keltner_m': 2.8000000000000003, 'en_obv': True, 'obv_slope': 165, 'en_cci': True, 'cci_n': 100, 'cci_threshold': 125, 'en_rsi': True, 'rsi_n': 39, 'rsi_lower': 33, 'rsi_upper': 83, 'en_stochastic': True, 'stochastic_n': 52, 'stochastic_d': 32, 'stochastic_lower': 14, 'stochastic_upper': 87, 'en_mfi': True, 'mfi_n': 62, 'mfi_lower': 15, 'mfi_upper': 97, 'en_bollinger': False, 'bollinger_n': 198, 'bollinger_k': 1.0, 'en_adx': True, 'adx_n': 51, 'adx_threshold': 17, 'en_structure_trend': False, 'structure_trend_swing_l': 3, 'en_order_block': True, 'order_block_swing_l': 3, 'en_fvg': False, 'fvg_lookback': 18, 'en_ifvg': False, 'en_breaker': False, 'breaker_swing_l': 16, 'en_cisd': False, 'k': 3, 'en_cap_bars': True, 'cap_1min': 433}.
[I 2026-07-13 17:40:28,010] Trial 1338 pruned. 
[I 2026-07-13 17:40:28,200] Trial 1339 finished with values: [2542.1906127378497, -2282.05515827387, 48.8] and parameters: {'sl_soft': 87.52008513176767, 'sl_hard_delta': 13.950258753154337, 'tp': 297.5396616809354, 'gate_pct': 77.88062387933805, 'dd_limit': 7189.695940132639, 'cooldown': 1, 'flip': False, 'en_ema_trend': True, 'ema_trend_fast': 76, 'ema_trend_slow': 159, 'en_sma_trend': True, 'sma_trend_fast': 222, 'sma_trend_slow': 280, 'en_macd': False, 'macd_fast': 44, 'macd_slow': 2, 'macd_signal': 36, 'en_vwap': False, 'en_keltner': True, 'keltner_n': 179, 'keltner_m': 3.8000000000000003, 'en_obv': False, 'obv_slope': 82, 'en_cci': False, 'cci_n': 154, 'cci_threshold': 25, 'en_rsi': False, 'rsi_n': 39, 'rsi_lower': 46, 'rsi_upper': 54, 'en_stochastic': False, 'stochastic_n': 76, 'stochastic_d': 8, 'stochastic_lower': 7, 'stochastic_upper': 66, 'en_mfi': True, 'mfi_n': 32, 'mfi_lower': 41, 'mfi_upper': 93, 'en_bollinger': True, 'bollinger_n': 135, 'bollinger_k': 3.6, 'en_adx': False, 'adx_n': 30, 'adx_threshold': 17, 'en_structure_trend': True, 'structure_trend_swing_l': 9, 'en_order_block': False, 'order_block_swing_l': 7, 'en_fvg': False, 'fvg_lookback': 4, 'en_ifvg': True, 'en_breaker': True, 'breaker_swing_l': 3, 'en_cisd': True, 'k': 1, 'en_cap_bars': True, 'cap_1min': 1113}.
[I 2026-07-13 17:40:28,441] Trial 1340 finished with values: [1520.4262513122376, -2147.556799378508, 50.3] and parameters: {'sl_soft': 87.52008513176767, 'sl_hard_delta': 13.950258753154337, 'tp': 168.84035954891954, 'gate_pct': 79.79473082398957, 'dd_limit': 4383.9268475471445, 'cooldown': 1, 'flip': True, 'en_ema_trend': False, 'ema_trend_fast': 83, 'ema_trend_slow': 116, 'en_sma_trend': False, 'sma_trend_fast': 161, 'sma_trend_slow': 280, 'en_macd': False, 'macd_fast': 23, 'macd_slow': 77, 'macd_signal': 93, 'en_vwap': False, 'en_keltner': False, 'keltner_n': 154, 'keltner_m': 0.8, 'en_obv': True, 'obv_slope': 22, 'en_cci': False, 'cci_n': 109, 'cci_threshold': 85, 'en_rsi': False, 'rsi_n': 58, 'rsi_lower': 6, 'rsi_upper': 62, 'en_stochastic': False, 'stochastic_n': 76, 'stochastic_d': 10, 'stochastic_lower': 40, 'stochastic_upper': 69, 'en_mfi': True, 'mfi_n': 32, 'mfi_lower': 41, 'mfi_upper': 71, 'en_bollinger': True, 'bollinger_n': 133, 'bollinger_k': 3.4000000000000004, 'en_adx': False, 'adx_n': 30, 'adx_threshold': 51, 'en_structure_trend': True, 'structure_trend_swing_l': 13, 'en_order_block': False, 'order_block_swing_l': 8, 'en_fvg': False, 'fvg_lookback': 4, 'en_ifvg': True, 'en_breaker': True, 'breaker_swing_l': 3, 'en_cisd': True, 'k': 1, 'en_cap_bars': True, 'cap_1min': 583}.
[I 2026-07-13 17:40:33,307] Trial 1341 finished with values: [586.3292260937487, -1590.2908154646502, 52.8] and parameters: {'sl_soft': 87.52008513176767, 'sl_hard_delta': 13.950258753154337, 'tp': 102.8825246769187, 'gate_pct': 97.49754431689279, 'dd_limit': 5807.677780097662, 'cooldown': 1, 'flip': False, 'en_ema_trend': False, 'ema_trend_fast': 279, 'ema_trend_slow': 125, 'en_sma_trend': False, 'sma_trend_fast': 222, 'sma_trend_slow': 50, 'en_macd': False, 'macd_fast': 33, 'macd_slow': 2, 'macd_signal': 65, 'en_vwap': False, 'en_keltner': False, 'keltner_n': 53, 'keltner_m': 2.8000000000000003, 'en_obv': False, 'obv_slope': 82, 'en_cci': False, 'cci_n': 100, 'cci_threshold': 145, 'en_rsi': False, 'rsi_n': 39, 'rsi_lower': 27, 'rsi_upper': 62, 'en_stochastic': True, 'stochastic_n': 52, 'stochastic_d': 32, 'stochastic_lower': 7, 'stochastic_upper': 69, 'en_mfi': True, 'mfi_n': 62, 'mfi_lower': 15, 'mfi_upper': 93, 'en_bollinger': True, 'bollinger_n': 135, 'bollinger_k': 3.6, 'en_adx': True, 'adx_n': 30, 'adx_threshold': 18, 'en_structure_trend': True, 'structure_trend_swing_l': 9, 'en_order_block': False, 'order_block_swing_l': 3, 'en_fvg': False, 'fvg_lookback': 48, 'en_ifvg': True, 'en_breaker': True, 'breaker_swing_l': 4, 'en_cisd': False, 'k': 1, 'en_cap_bars': True, 'cap_1min': 1113}.
[I 2026-07-13 17:40:33,519] Trial 1342 finished with values: [3307.1423878210953, -4012.301691595312, 44.65] and parameters: {'sl_soft': 87.52008513176767, 'sl_hard_delta': 218.06309001668583, 'tp': 297.5396616809354, 'gate_pct': 77.88062387933805, 'dd_limit': 3089.913555349885, 'cooldown': 2, 'flip': False, 'en_ema_trend': True, 'ema_trend_fast': 77, 'ema_trend_slow': 393, 'en_sma_trend': True, 'sma_trend_fast': 222, 'sma_trend_slow': 155, 'en_macd': False, 'macd_fast': 44, 'macd_slow': 2, 'macd_signal': 100, 'en_vwap': False, 'en_keltner': True, 'keltner_n': 179, 'keltner_m': 4.4, 'en_obv': False, 'obv_slope': 22, 'en_cci': False, 'cci_n': 154, 'cci_threshold': 155, 'en_rsi': False, 'rsi_n': 90, 'rsi_lower': 30, 'rsi_upper': 89, 'en_stochastic': False, 'stochastic_n': 76, 'stochastic_d': 25, 'stochastic_lower': 7, 'stochastic_upper': 66, 'en_mfi': True, 'mfi_n': 47, 'mfi_lower': 41, 'mfi_upper': 93, 'en_bollinger': True, 'bollinger_n': 135, 'bollinger_k': 3.6, 'en_adx': False, 'adx_n': 88, 'adx_threshold': 9, 'en_structure_trend': True, 'structure_trend_swing_l': 9, 'en_order_block': False, 'order_block_swing_l': 7, 'en_fvg': False, 'fvg_lookback': 48, 'en_ifvg': True, 'en_breaker': True, 'breaker_swing_l': 3, 'en_cisd': False, 'k': 4, 'en_cap_bars': True, 'cap_1min': 1113}.
[I 2026-07-13 17:40:33,633] Trial 1343 pruned. 
[I 2026-07-13 17:40:33,805] Trial 1344 finished with values: [1610.1053932338255, -1085.0, 75.0] and parameters: {'sl_soft': 296.81014186703203, 'sl_hard_delta': 223.613668706465, 'tp': 168.84035954891954, 'gate_pct': 79.79473082398957, 'dd_limit': 4383.9268475471445, 'cooldown': 1, 'flip': False, 'en_ema_trend': True, 'ema_trend_fast': 83, 'ema_trend_slow': 116, 'en_sma_trend': False, 'sma_trend_fast': 161, 'sma_trend_slow': 134, 'en_macd': False, 'macd_fast': 13, 'macd_slow': 154, 'macd_signal': 49, 'en_vwap': True, 'en_keltner': False, 'keltner_n': 3, 'keltner_m': 3.4000000000000004, 'en_obv': True, 'obv_slope': 161, 'en_cci': False, 'cci_n': 125, 'cci_threshold': 85, 'en_rsi': False, 'rsi_n': 46, 'rsi_lower': 17, 'rsi_upper': 71, 'en_stochastic': True, 'stochastic_n': 45, 'stochastic_d': 10, 'stochastic_lower': 40, 'stochastic_upper': 91, 'en_mfi': True, 'mfi_n': 33, 'mfi_lower': 24, 'mfi_upper': 89, 'en_bollinger': True, 'bollinger_n': 133, 'bollinger_k': 3.4000000000000004, 'en_adx': True, 'adx_n': 30, 'adx_threshold': 8, 'en_structure_trend': True, 'structure_trend_swing_l': 13, 'en_order_block': False, 'order_block_swing_l': 19, 'en_fvg': True, 'fvg_lookback': 46, 'en_ifvg': True, 'en_breaker': False, 'breaker_swing_l': 6, 'en_cisd': True, 'k': 4, 'en_cap_bars': True, 'cap_1min': 399}.
[I 2026-07-13 17:40:34,035] Trial 1345 finished with values: [414.911186056288, -3881.1654748216097, 33.1] and parameters: {'sl_soft': 87.52008513176767, 'sl_hard_delta': 13.950258753154337, 'tp': 418.046085718894, 'gate_pct': 79.79473082398957, 'dd_limit': 5807.677780097662, 'cooldown': 2, 'flip': True, 'en_ema_trend': False, 'ema_trend_fast': 76, 'ema_trend_slow': 159, 'en_sma_trend': True, 'sma_trend_fast': 331, 'sma_trend_slow': 83, 'en_macd': False, 'macd_fast': 23, 'macd_slow': 2, 'macd_signal': 72, 'en_vwap': False, 'en_keltner': False, 'keltner_n': 179, 'keltner_m': 3.3000000000000003, 'en_obv': False, 'obv_slope': 22, 'en_cci': False, 'cci_n': 109, 'cci_threshold': 25, 'en_rsi': False, 'rsi_n': 90, 'rsi_lower': 6, 'rsi_upper': 89, 'en_stochastic': False, 'stochastic_n': 76, 'stochastic_d': 8, 'stochastic_lower': 18, 'stochastic_upper': 66, 'en_mfi': True, 'mfi_n': 91, 'mfi_lower': 41, 'mfi_upper': 93, 'en_bollinger': True, 'bollinger_n': 133, 'bollinger_k': 3.6, 'en_adx': False, 'adx_n': 30, 'adx_threshold': 8, 'en_structure_trend': True, 'structure_trend_swing_l': 13, 'en_order_block': False, 'order_block_swing_l': 8, 'en_fvg': True, 'fvg_lookback': 4, 'en_ifvg': True, 'en_breaker': True, 'breaker_swing_l': 3, 'en_cisd': False, 'k': 1, 'en_cap_bars': True, 'cap_1min': 1113}.
[I 2026-07-13 17:40:34,315] Trial 1346 finished with values: [4147.112896442923, -1693.927200478356, 46.45] and parameters: {'sl_soft': 63.80682926597716, 'sl_hard_delta': 13.950258753154337, 'tp': 283.207368843673, 'gate_pct': 79.79473082398957, 'dd_limit': 3911.220423810291, 'cooldown': 0, 'flip': False, 'en_ema_trend': False, 'ema_trend_fast': 76, 'ema_trend_slow': 159, 'en_sma_trend': True, 'sma_trend_fast': 222, 'sma_trend_slow': 83, 'en_macd': False, 'macd_fast': 44, 'macd_slow': 2, 'macd_signal': 36, 'en_vwap': False, 'en_keltner': False, 'keltner_n': 179, 'keltner_m': 0.8, 'en_obv': False, 'obv_slope': 22, 'en_cci': False, 'cci_n': 109, 'cci_threshold': 20, 'en_rsi': False, 'rsi_n': 39, 'rsi_lower': 6, 'rsi_upper': 89, 'en_stochastic': False, 'stochastic_n': 76, 'stochastic_d': 8, 'stochastic_lower': 10, 'stochastic_upper': 69, 'en_mfi': True, 'mfi_n': 47, 'mfi_lower': 41, 'mfi_upper': 85, 'en_bollinger': True, 'bollinger_n': 135, 'bollinger_k': 3.6, 'en_adx': False, 'adx_n': 30, 'adx_threshold': 8, 'en_structure_trend': True, 'structure_trend_swing_l': 9, 'en_order_block': False, 'order_block_swing_l': 6, 'en_fvg': False, 'fvg_lookback': 4, 'en_ifvg': True, 'en_breaker': True, 'breaker_swing_l': 3, 'en_cisd': True, 'k': 1, 'en_cap_bars': True, 'cap_1min': 1113}.
[I 2026-07-13 17:40:34,640] Trial 1347 finished with values: [-233.3664673849671, -5773.234702766749, 48.45] and parameters: {'sl_soft': 87.52008513176767, 'sl_hard_delta': 209.18705283693694, 'tp': 102.8825246769187, 'gate_pct': 77.88062387933805, 'dd_limit': 3089.913555349885, 'cooldown': 2, 'flip': False, 'en_ema_trend': True, 'ema_trend_fast': 76, 'ema_trend_slow': 159, 'en_sma_trend': True, 'sma_trend_fast': 222, 'sma_trend_slow': 83, 'en_macd': False, 'macd_fast': 44, 'macd_slow': 2, 'macd_signal': 36, 'en_vwap': True, 'en_keltner': False, 'keltner_n': 179, 'keltner_m': 3.3000000000000003, 'en_obv': True, 'obv_slope': 22, 'en_cci': True, 'cci_n': 100, 'cci_threshold': 125, 'en_rsi': True, 'rsi_n': 39, 'rsi_lower': 3, 'rsi_upper': 83, 'en_stochastic': False, 'stochastic_n': 52, 'stochastic_d': 32, 'stochastic_lower': 14, 'stochastic_upper': 66, 'en_mfi': True, 'mfi_n': 47, 'mfi_lower': 41, 'mfi_upper': 93, 'en_bollinger': True, 'bollinger_n': 198, 'bollinger_k': 3.6, 'en_adx': False, 'adx_n': 30, 'adx_threshold': 51, 'en_structure_trend': False, 'structure_trend_swing_l': 9, 'en_order_block': False, 'order_block_swing_l': 3, 'en_fvg': False, 'fvg_lookback': 48, 'en_ifvg': False, 'en_breaker': True, 'breaker_swing_l': 16, 'en_cisd': False, 'k': 1, 'en_cap_bars': True, 'cap_1min': 433}.
[I 2026-07-13 17:40:34,905] Trial 1348 pruned. 
[I 2026-07-13 17:40:35,185] Trial 1349 finished with values: [5036.310675868153, -5691.1154469922985, 37.3] and parameters: {'sl_soft': 87.52008513176767, 'sl_hard_delta': 13.950258753154337, 'tp': 297.5396616809354, 'gate_pct': 97.49754431689279, 'dd_limit': 2407.699696631298, 'cooldown': 1, 'flip': False, 'en_ema_trend': True, 'ema_trend_fast': 76, 'ema_trend_slow': 159, 'en_sma_trend': True, 'sma_trend_fast': 79, 'sma_trend_slow': 83, 'en_macd': False, 'macd_fast': 44, 'macd_slow': 2, 'macd_signal': 12, 'en_vwap': False, 'en_keltner': True, 'keltner_n': 65, 'keltner_m': 3.8000000000000003, 'en_obv': False, 'obv_slope': 22, 'en_cci': False, 'cci_n': 154, 'cci_threshold': 25, 'en_rsi': False, 'rsi_n': 39, 'rsi_lower': 46, 'rsi_upper': 62, 'en_stochastic': False, 'stochastic_n': 5, 'stochastic_d': 37, 'stochastic_lower': 7, 'stochastic_upper': 68, 'en_mfi': True, 'mfi_n': 95, 'mfi_lower': 1, 'mfi_upper': 93, 'en_bollinger': True, 'bollinger_n': 135, 'bollinger_k': 3.6, 'en_adx': True, 'adx_n': 9, 'adx_threshold': 17, 'en_structure_trend': False, 'structure_trend_swing_l': 9, 'en_order_block': False, 'order_block_swing_l': 8, 'en_fvg': False, 'fvg_lookback': 8, 'en_ifvg': True, 'en_breaker': True, 'breaker_swing_l': 7, 'en_cisd': True, 'k': 1, 'en_cap_bars': True, 'cap_1min': 1037}.
[I 2026-07-13 17:40:35,353] Trial 1350 pruned. 
