[I 2026-07-13 17:48:16,192] Trial 1854 finished with values: [4384.733558168864, -6331.462035972363, 36.95] and parameters: {'sl_soft': 87.52008513176767, 'sl_hard_delta': 13.950258753154337, 'tp': 418.046085718894, 'gate_pct': 97.49754431689279, 'dd_limit': 5807.677780097662, 'cooldown': 1, 'flip': False, 'en_ema_trend': True, 'ema_trend_fast': 76, 'ema_trend_slow': 159, 'en_sma_trend': True, 'sma_trend_fast': 173, 'sma_trend_slow': 50, 'en_macd': False, 'macd_fast': 44, 'macd_slow': 2, 'macd_signal': 14, 'en_vwap': False, 'en_keltner': True, 'keltner_n': 172, 'keltner_m': 3.8000000000000003, 'en_obv': False, 'obv_slope': 22, 'en_cci': False, 'cci_n': 154, 'cci_threshold': 25, 'en_rsi': False, 'rsi_n': 39, 'rsi_lower': 46, 'rsi_upper': 62, 'en_stochastic': False, 'stochastic_n': 76, 'stochastic_d': 8, 'stochastic_lower': 7, 'stochastic_upper': 97, 'en_mfi': True, 'mfi_n': 32, 'mfi_lower': 44, 'mfi_upper': 93, 'en_bollinger': True, 'bollinger_n': 135, 'bollinger_k': 3.6, 'en_adx': True, 'adx_n': 9, 'adx_threshold': 17, 'en_structure_trend': False, 'structure_trend_swing_l': 13, 'en_order_block': False, 'order_block_swing_l': 8, 'en_fvg': False, 'fvg_lookback': 48, 'en_ifvg': True, 'en_breaker': True, 'breaker_swing_l': 3, 'en_cisd': True, 'k': 1, 'en_cap_bars': True, 'cap_1min': 1113}.
[I 2026-07-13 17:48:22,269] Trial 1855 finished with values: [672.7304285944774, -3050.0, 47.25] and parameters: {'sl_soft': 87.52008513176767, 'sl_hard_delta': 61.39010541690473, 'tp': 418.046085718894, 'gate_pct': 94.5832156131506, 'dd_limit': 3089.913555349885, 'cooldown': 1, 'flip': False, 'en_ema_trend': False, 'ema_trend_fast': 76, 'ema_trend_slow': 187, 'en_sma_trend': False, 'sma_trend_fast': 173, 'sma_trend_slow': 50, 'en_macd': True, 'macd_fast': 44, 'macd_slow': 89, 'macd_signal': 91, 'en_vwap': True, 'en_keltner': True, 'keltner_n': 179, 'keltner_m': 3.3000000000000003, 'en_obv': False, 'obv_slope': 82, 'en_cci': False, 'cci_n': 32, 'cci_threshold': 45, 'en_rsi': True, 'rsi_n': 39, 'rsi_lower': 43, 'rsi_upper': 54, 'en_stochastic': True, 'stochastic_n': 76, 'stochastic_d': 28, 'stochastic_lower': 7, 'stochastic_upper': 97, 'en_mfi': True, 'mfi_n': 7, 'mfi_lower': 28, 'mfi_upper': 93, 'en_bollinger': True, 'bollinger_n': 135, 'bollinger_k': 1.6, 'en_adx': False, 'adx_n': 9, 'adx_threshold': 51, 'en_structure_trend': False, 'structure_trend_swing_l': 9, 'en_order_block': False, 'order_block_swing_l': 7, 'en_fvg': False, 'fvg_lookback': 48, 'en_ifvg': True, 'en_breaker': False, 'breaker_swing_l': 3, 'en_cisd': False, 'k': 1, 'en_cap_bars': True, 'cap_1min': 456}.
[I 2026-07-13 17:48:22,558] Trial 1856 finished with values: [4744.876095031141, -3294.406877698493, 43.25] and parameters: {'sl_soft': 87.52008513176767, 'sl_hard_delta': 13.950258753154337, 'tp': 297.5396616809354, 'gate_pct': 97.49754431689279, 'dd_limit': 5807.677780097662, 'cooldown': 1, 'flip': False, 'en_ema_trend': True, 'ema_trend_fast': 241, 'ema_trend_slow': 159, 'en_sma_trend': True, 'sma_trend_fast': 200, 'sma_trend_slow': 50, 'en_macd': False, 'macd_fast': 44, 'macd_slow': 2, 'macd_signal': 36, 'en_vwap': False, 'en_keltner': True, 'keltner_n': 179, 'keltner_m': 0.8, 'en_obv': False, 'obv_slope': 22, 'en_cci': False, 'cci_n': 154, 'cci_threshold': 25, 'en_rsi': False, 'rsi_n': 39, 'rsi_lower': 46, 'rsi_upper': 62, 'en_stochastic': False, 'stochastic_n': 76, 'stochastic_d': 8, 'stochastic_lower': 7, 'stochastic_upper': 66, 'en_mfi': True, 'mfi_n': 32, 'mfi_lower': 44, 'mfi_upper': 93, 'en_bollinger': True, 'bollinger_n': 135, 'bollinger_k': 3.6, 'en_adx': True, 'adx_n': 30, 'adx_threshold': 17, 'en_structure_trend': True, 'structure_trend_swing_l': 13, 'en_order_block': False, 'order_block_swing_l': 8, 'en_fvg': False, 'fvg_lookback': 4, 'en_ifvg': True, 'en_breaker': True, 'breaker_swing_l': 3, 'en_cisd': False, 'k': 3, 'en_cap_bars': False, 'cap_1min': 677}.
[I 2026-07-13 17:48:22,903] Trial 1857 finished with values: [2064.832351633613, -7138.481166269485, 37.05] and parameters: {'sl_soft': 87.52008513176767, 'sl_hard_delta': 98.82803149517994, 'tp': 283.207368843673, 'gate_pct': 97.49754431689279, 'dd_limit': 5807.677780097662, 'cooldown': 2, 'flip': True, 'en_ema_trend': True, 'ema_trend_fast': 76, 'ema_trend_slow': 116, 'en_sma_trend': True, 'sma_trend_fast': 331, 'sma_trend_slow': 280, 'en_macd': False, 'macd_fast': 23, 'macd_slow': 2, 'macd_signal': 36, 'en_vwap': False, 'en_keltner': True, 'keltner_n': 179, 'keltner_m': 0.8, 'en_obv': False, 'obv_slope': 22, 'en_cci': False, 'cci_n': 154, 'cci_threshold': 20, 'en_rsi': False, 'rsi_n': 39, 'rsi_lower': 46, 'rsi_upper': 62, 'en_stochastic': False, 'stochastic_n': 76, 'stochastic_d': 45, 'stochastic_lower': 18, 'stochastic_upper': 66, 'en_mfi': True, 'mfi_n': 91, 'mfi_lower': 41, 'mfi_upper': 85, 'en_bollinger': True, 'bollinger_n': 133, 'bollinger_k': 3.6, 'en_adx': False, 'adx_n': 30, 'adx_threshold': 17, 'en_structure_trend': True, 'structure_trend_swing_l': 13, 'en_order_block': False, 'order_block_swing_l': 8, 'en_fvg': False, 'fvg_lookback': 4, 'en_ifvg': True, 'en_breaker': True, 'breaker_swing_l': 3, 'en_cisd': True, 'k': 1, 'en_cap_bars': True, 'cap_1min': 1113}.
[I 2026-07-13 17:48:23,129] Trial 1858 finished with values: [-1138.3164071495048, -6903.192809021566, 41.85] and parameters: {'sl_soft': 87.52008513176767, 'sl_hard_delta': 223.613668706465, 'tp': 168.84035954891954, 'gate_pct': 97.49754431689279, 'dd_limit': 4383.9268475471445, 'cooldown': 1, 'flip': False, 'en_ema_trend': True, 'ema_trend_fast': 76, 'ema_trend_slow': 393, 'en_sma_trend': False, 'sma_trend_fast': 173, 'sma_trend_slow': 50, 'en_macd': False, 'macd_fast': 13, 'macd_slow': 154, 'macd_signal': 49, 'en_vwap': False, 'en_keltner': True, 'keltner_n': 179, 'keltner_m': 3.4000000000000004, 'en_obv': True, 'obv_slope': 22, 'en_cci': False, 'cci_n': 125, 'cci_threshold': 25, 'en_rsi': False, 'rsi_n': 46, 'rsi_lower': 17, 'rsi_upper': 62, 'en_stochastic': False, 'stochastic_n': 45, 'stochastic_d': 10, 'stochastic_lower': 40, 'stochastic_upper': 91, 'en_mfi': True, 'mfi_n': 33, 'mfi_lower': 44, 'mfi_upper': 93, 'en_bollinger': True, 'bollinger_n': 135, 'bollinger_k': 3.4000000000000004, 'en_adx': False, 'adx_n': 9, 'adx_threshold': 51, 'en_structure_trend': False, 'structure_trend_swing_l': 13, 'en_order_block': False, 'order_block_swing_l': 19, 'en_fvg': False, 'fvg_lookback': 48, 'en_ifvg': True, 'en_breaker': False, 'breaker_swing_l': 6, 'en_cisd': True, 'k': 4, 'en_cap_bars': True, 'cap_1min': 399}.
[I 2026-07-13 17:48:23,326] Trial 1859 finished with values: [1929.307190978434, -1630.0, 66.7] and parameters: {'sl_soft': 290.77933272481357, 'sl_hard_delta': 223.613668706465, 'tp': 168.84035954891954, 'gate_pct': 79.79473082398957, 'dd_limit': 4383.9268475471445, 'cooldown': 1, 'flip': False, 'en_ema_trend': True, 'ema_trend_fast': 83, 'ema_trend_slow': 116, 'en_sma_trend': False, 'sma_trend_fast': 161, 'sma_trend_slow': 134, 'en_macd': False, 'macd_fast': 13, 'macd_slow': 154, 'macd_signal': 49, 'en_vwap': True, 'en_keltner': False, 'keltner_n': 3, 'keltner_m': 3.4000000000000004, 'en_obv': True, 'obv_slope': 161, 'en_cci': False, 'cci_n': 125, 'cci_threshold': 85, 'en_rsi': False, 'rsi_n': 46, 'rsi_lower': 17, 'rsi_upper': 71, 'en_stochastic': True, 'stochastic_n': 45, 'stochastic_d': 10, 'stochastic_lower': 42, 'stochastic_upper': 91, 'en_mfi': False, 'mfi_n': 33, 'mfi_lower': 24, 'mfi_upper': 89, 'en_bollinger': True, 'bollinger_n': 133, 'bollinger_k': 3.4000000000000004, 'en_adx': True, 'adx_n': 30, 'adx_threshold': 8, 'en_structure_trend': True, 'structure_trend_swing_l': 13, 'en_order_block': False, 'order_block_swing_l': 19, 'en_fvg': True, 'fvg_lookback': 46, 'en_ifvg': True, 'en_breaker': False, 'breaker_swing_l': 6, 'en_cisd': True, 'k': 4, 'en_cap_bars': True, 'cap_1min': 399}.
[I 2026-07-13 17:48:23,575] Trial 1860 finished with values: [571.4846086663238, -2861.7585971231165, 35.9] and parameters: {'sl_soft': 87.52008513176767, 'sl_hard_delta': 13.950258753154337, 'tp': 297.5396616809354, 'gate_pct': 79.79473082398957, 'dd_limit': 3089.913555349885, 'cooldown': 1, 'flip': False, 'en_ema_trend': True, 'ema_trend_fast': 159, 'ema_trend_slow': 159, 'en_sma_trend': True, 'sma_trend_fast': 222, 'sma_trend_slow': 134, 'en_macd': False, 'macd_fast': 23, 'macd_slow': 2, 'macd_signal': 36, 'en_vwap': False, 'en_keltner': False, 'keltner_n': 179, 'keltner_m': 3.8000000000000003, 'en_obv': False, 'obv_slope': 22, 'en_cci': False, 'cci_n': 154, 'cci_threshold': 25, 'en_rsi': False, 'rsi_n': 90, 'rsi_lower': 46, 'rsi_upper': 54, 'en_stochastic': False, 'stochastic_n': 45, 'stochastic_d': 8, 'stochastic_lower': 7, 'stochastic_upper': 69, 'en_mfi': True, 'mfi_n': 32, 'mfi_lower': 41, 'mfi_upper': 93, 'en_bollinger': True, 'bollinger_n': 133, 'bollinger_k': 2.0, 'en_adx': False, 'adx_n': 30, 'adx_threshold': 17, 'en_structure_trend': True, 'structure_trend_swing_l': 13, 'en_order_block': False, 'order_block_swing_l': 8, 'en_fvg': False, 'fvg_lookback': 28, 'en_ifvg': True, 'en_breaker': False, 'breaker_swing_l': 3, 'en_cisd': True, 'k': 3, 'en_cap_bars': True, 'cap_1min': 1037}.
[I 2026-07-13 17:48:23,746] Trial 1861 pruned. 
[I 2026-07-13 17:48:24,180] Trial 1862 finished with values: [4824.232944900323, -2787.05515827387, 50.0] and parameters: {'sl_soft': 87.52008513176767, 'sl_hard_delta': 13.950258753154337, 'tp': 297.5396616809354, 'gate_pct': 97.49754431689279, 'dd_limit': 5807.677780097662, 'cooldown': 1, 'flip': False, 'en_ema_trend': True, 'ema_trend_fast': 76, 'ema_trend_slow': 159, 'en_sma_trend': True, 'sma_trend_fast': 249, 'sma_trend_slow': 280, 'en_macd': False, 'macd_fast': 44, 'macd_slow': 2, 'macd_signal': 13, 'en_vwap': False, 'en_keltner': True, 'keltner_n': 179, 'keltner_m': 0.8, 'en_obv': False, 'obv_slope': 22, 'en_cci': False, 'cci_n': 154, 'cci_threshold': 25, 'en_rsi': False, 'rsi_n': 39, 'rsi_lower': 46, 'rsi_upper': 62, 'en_stochastic': False, 'stochastic_n': 76, 'stochastic_d': 8, 'stochastic_lower': 7, 'stochastic_upper': 66, 'en_mfi': True, 'mfi_n': 32, 'mfi_lower': 41, 'mfi_upper': 93, 'en_bollinger': True, 'bollinger_n': 135, 'bollinger_k': 3.6, 'en_adx': True, 'adx_n': 30, 'adx_threshold': 17, 'en_structure_trend': True, 'structure_trend_swing_l': 13, 'en_order_block': False, 'order_block_swing_l': 8, 'en_fvg': False, 'fvg_lookback': 4, 'en_ifvg': True, 'en_breaker': True, 'breaker_swing_l': 3, 'en_cisd': True, 'k': 1, 'en_cap_bars': True, 'cap_1min': 1113}.
[I 2026-07-13 17:48:24,928] Trial 1863 pruned. 
[I 2026-07-13 17:48:25,166] Trial 1864 finished with values: [3461.0089887230424, -1485.7982022553915, 79.8] and parameters: {'sl_soft': 290.77933272481357, 'sl_hard_delta': 223.613668706465, 'tp': 168.84035954891954, 'gate_pct': 79.79473082398957, 'dd_limit': 5807.677780097662, 'cooldown': 1, 'flip': False, 'en_ema_trend': True, 'ema_trend_fast': 76, 'ema_trend_slow': 159, 'en_sma_trend': False, 'sma_trend_fast': 161, 'sma_trend_slow': 134, 'en_macd': False, 'macd_fast': 13, 'macd_slow': 2, 'macd_signal': 36, 'en_vwap': False, 'en_keltner': True, 'keltner_n': 154, 'keltner_m': 3.4000000000000004, 'en_obv': False, 'obv_slope': 83, 'en_cci': False, 'cci_n': 124, 'cci_threshold': 25, 'en_rsi': False, 'rsi_n': 58, 'rsi_lower': 3, 'rsi_upper': 99, 'en_stochastic': False, 'stochastic_n': 45, 'stochastic_d': 34, 'stochastic_lower': 7, 'stochastic_upper': 91, 'en_mfi': True, 'mfi_n': 32, 'mfi_lower': 44, 'mfi_upper': 89, 'en_bollinger': True, 'bollinger_n': 133, 'bollinger_k': 3.6, 'en_adx': True, 'adx_n': 30, 'adx_threshold': 17, 'en_structure_trend': True, 'structure_trend_swing_l': 13, 'en_order_block': False, 'order_block_swing_l': 7, 'en_fvg': True, 'fvg_lookback': 46, 'en_ifvg': True, 'en_breaker': True, 'breaker_swing_l': 6, 'en_cisd': False, 'k': 3, 'en_cap_bars': False, 'cap_1min': 536}.
[I 2026-07-13 17:48:25,377] Trial 1865 pruned. 
[I 2026-07-13 17:48:25,705] Trial 1866 finished with values: [3626.408089850738, -1523.6479573898396, 84.5] and parameters: {'sl_soft': 290.77933272481357, 'sl_hard_delta': 13.950258753154337, 'tp': 168.84035954891954, 'gate_pct': 79.79473082398957, 'dd_limit': 1709.4624214389582, 'cooldown': 1, 'flip': False, 'en_ema_trend': True, 'ema_trend_fast': 77, 'ema_trend_slow': 159, 'en_sma_trend': False, 'sma_trend_fast': 222, 'sma_trend_slow': 134, 'en_macd': False, 'macd_fast': 89, 'macd_slow': 77, 'macd_signal': 93, 'en_vwap': False, 'en_keltner': True, 'keltner_n': 154, 'keltner_m': 3.4000000000000004, 'en_obv': False, 'obv_slope': 83, 'en_cci': False, 'cci_n': 124, 'cci_threshold': 155, 'en_rsi': False, 'rsi_n': 90, 'rsi_lower': 3, 'rsi_upper': 89, 'en_stochastic': True, 'stochastic_n': 3, 'stochastic_d': 34, 'stochastic_lower': 40, 'stochastic_upper': 91, 'en_mfi': True, 'mfi_n': 32, 'mfi_lower': 24, 'mfi_upper': 93, 'en_bollinger': False, 'bollinger_n': 133, 'bollinger_k': 1.6, 'en_adx': True, 'adx_n': 30, 'adx_threshold': 17, 'en_structure_trend': True, 'structure_trend_swing_l': 13, 'en_order_block': False, 'order_block_swing_l': 7, 'en_fvg': True, 'fvg_lookback': 28, 'en_ifvg': True, 'en_breaker': False, 'breaker_swing_l': 9, 'en_cisd': False, 'k': 4, 'en_cap_bars': False, 'cap_1min': 536}.
[I 2026-07-13 17:48:25,996] Trial 1867 finished with values: [6204.233347912304, -3342.9158757422556, 47.9] and parameters: {'sl_soft': 87.52008513176767, 'sl_hard_delta': 218.06309001668583, 'tp': 418.046085718894, 'gate_pct': 77.88062387933805, 'dd_limit': 7189.695940132639, 'cooldown': 1, 'flip': False, 'en_ema_trend': True, 'ema_trend_fast': 76, 'ema_trend_slow': 393, 'en_sma_trend': False, 'sma_trend_fast': 173, 'sma_trend_slow': 50, 'en_macd': False, 'macd_fast': 44, 'macd_slow': 89, 'macd_signal': 14, 'en_vwap': False, 'en_keltner': False, 'keltner_n': 179, 'keltner_m': 3.3000000000000003, 'en_obv': False, 'obv_slope': 82, 'en_cci': False, 'cci_n': 154, 'cci_threshold': 25, 'en_rsi': False, 'rsi_n': 39, 'rsi_lower': 43, 'rsi_upper': 54, 'en_stochastic': False, 'stochastic_n': 76, 'stochastic_d': 8, 'stochastic_lower': 7, 'stochastic_upper': 97, 'en_mfi': True, 'mfi_n': 95, 'mfi_lower': 44, 'mfi_upper': 93, 'en_bollinger': True, 'bollinger_n': 135, 'bollinger_k': 3.6, 'en_adx': False, 'adx_n': 9, 'adx_threshold': 51, 'en_structure_trend': False, 'structure_trend_swing_l': 9, 'en_order_block': False, 'order_block_swing_l': 7, 'en_fvg': False, 'fvg_lookback': 48, 'en_ifvg': True, 'en_breaker': True, 'breaker_swing_l': 3, 'en_cisd': True, 'k': 3, 'en_cap_bars': True, 'cap_1min': 1113}.
[I 2026-07-13 17:48:30,902] Trial 1868 finished with values: [978.1746041274528, -4156.466971446571, 48.55] and parameters: {'sl_soft': 87.52008513176767, 'sl_hard_delta': 223.613668706465, 'tp': 168.84035954891954, 'gate_pct': 79.79473082398957, 'dd_limit': 7189.695940132639, 'cooldown': 1, 'flip': False, 'en_ema_trend': True, 'ema_trend_fast': 83, 'ema_trend_slow': 393, 'en_sma_trend': False, 'sma_trend_fast': 173, 'sma_trend_slow': 134, 'en_macd': False, 'macd_fast': 13, 'macd_slow': 154, 'macd_signal': 49, 'en_vwap': False, 'en_keltner': False, 'keltner_n': 179, 'keltner_m': 3.4000000000000004, 'en_obv': True, 'obv_slope': 161, 'en_cci': False, 'cci_n': 154, 'cci_threshold': 25, 'en_rsi': False, 'rsi_n': 46, 'rsi_lower': 43, 'rsi_upper': 54, 'en_stochastic': True, 'stochastic_n': 76, 'stochastic_d': 10, 'stochastic_lower': 7, 'stochastic_upper': 97, 'en_mfi': True, 'mfi_n': 95, 'mfi_lower': 24, 'mfi_upper': 89, 'en_bollinger': True, 'bollinger_n': 135, 'bollinger_k': 3.4000000000000004, 'en_adx': False, 'adx_n': 30, 'adx_threshold': 51, 'en_structure_trend': False, 'structure_trend_swing_l': 13, 'en_order_block': False, 'order_block_swing_l': 7, 'en_fvg': True, 'fvg_lookback': 48, 'en_ifvg': True, 'en_breaker': False, 'breaker_swing_l': 6, 'en_cisd': True, 'k': 3, 'en_cap_bars': True, 'cap_1min': 1113}.
[I 2026-07-13 17:48:31,505] Trial 1869 finished with values: [1764.0552663275412, -1675.0, 44.55] and parameters: {'sl_soft': 75.1743093180436, 'sl_hard_delta': 223.613668706465, 'tp': 283.207368843673, 'gate_pct': 79.79473082398957, 'dd_limit': 4383.9268475471445, 'cooldown': 2, 'flip': True, 'en_ema_trend': False, 'ema_trend_fast': 83, 'ema_trend_slow': 116, 'en_sma_trend': False, 'sma_trend_fast': 331, 'sma_trend_slow': 280, 'en_macd': False, 'macd_fast': 13, 'macd_slow': 2, 'macd_signal': 7, 'en_vwap': True, 'en_keltner': False, 'keltner_n': 23, 'keltner_m': 0.8, 'en_obv': True, 'obv_slope': 161, 'en_cci': False, 'cci_n': 109, 'cci_threshold': 85, 'en_rsi': False, 'rsi_n': 46, 'rsi_lower': 6, 'rsi_upper': 62, 'en_stochastic': False, 'stochastic_n': 45, 'stochastic_d': 45, 'stochastic_lower': 40, 'stochastic_upper': 91, 'en_mfi': True, 'mfi_n': 33, 'mfi_lower': 41, 'mfi_upper': 92, 'en_bollinger': True, 'bollinger_n': 160, 'bollinger_k': 3.4000000000000004, 'en_adx': False, 'adx_n': 30, 'adx_threshold': 8, 'en_structure_trend': True, 'structure_trend_swing_l': 13, 'en_order_block': False, 'order_block_swing_l': 8, 'en_fvg': True, 'fvg_lookback': 2, 'en_ifvg': True, 'en_breaker': False, 'breaker_swing_l': 3, 'en_cisd': True, 'k': 1, 'en_cap_bars': True, 'cap_1min': 399}.
[I 2026-07-13 17:48:31,700] Trial 1870 finished with values: [3178.1750041488704, -6956.188234070141, 66.45] and parameters: {'sl_soft': 290.77933272481357, 'sl_hard_delta': 13.950258753154337, 'tp': 168.84035954891954, 'gate_pct': 97.49754431689279, 'dd_limit': 1709.4624214389582, 'cooldown': 1, 'flip': False, 'en_ema_trend': True, 'ema_trend_fast': 77, 'ema_trend_slow': 159, 'en_sma_trend': True, 'sma_trend_fast': 222, 'sma_trend_slow': 280, 'en_macd': False, 'macd_fast': 89, 'macd_slow': 77, 'macd_signal': 93, 'en_vwap': False, 'en_keltner': True, 'keltner_n': 154, 'keltner_m': 3.8000000000000003, 'en_obv': False, 'obv_slope': 22, 'en_cci': False, 'cci_n': 154, 'cci_threshold': 155, 'en_rsi': False, 'rsi_n': 90, 'rsi_lower': 3, 'rsi_upper': 54, 'en_stochastic': False, 'stochastic_n': 3, 'stochastic_d': 34, 'stochastic_lower': 7, 'stochastic_upper': 91, 'en_mfi': True, 'mfi_n': 32, 'mfi_lower': 44, 'mfi_upper': 93, 'en_bollinger': False, 'bollinger_n': 135, 'bollinger_k': 1.6, 'en_adx': True, 'adx_n': 30, 'adx_threshold': 17, 'en_structure_trend': True, 'structure_trend_swing_l': 13, 'en_order_block': False, 'order_block_swing_l': 8, 'en_fvg': False, 'fvg_lookback': 28, 'en_ifvg': True, 'en_breaker': True, 'breaker_swing_l': 9, 'en_cisd': False, 'k': 4, 'en_cap_bars': True, 'cap_1min': 1037}.
[I 2026-07-13 17:48:31,921] Trial 1871 finished with values: [3791.001926914141, -2829.406877698493, 43.7] and parameters: {'sl_soft': 87.52008513176767, 'sl_hard_delta': 13.950258753154337, 'tp': 297.5396616809354, 'gate_pct': 97.49754431689279, 'dd_limit': 3089.913555349885, 'cooldown': 1, 'flip': False, 'en_ema_trend': True, 'ema_trend_fast': 76, 'ema_trend_slow': 116, 'en_sma_trend': True, 'sma_trend_fast': 222, 'sma_trend_slow': 50, 'en_macd': False, 'macd_fast': 44, 'macd_slow': 2, 'macd_signal': 36, 'en_vwap': True, 'en_keltner': False, 'keltner_n': 154, 'keltner_m': 3.3000000000000003, 'en_obv': False, 'obv_slope': 22, 'en_cci': False, 'cci_n': 154, 'cci_threshold': 25, 'en_rsi': False, 'rsi_n': 39, 'rsi_lower': 15, 'rsi_upper': 54, 'en_stochastic': False, 'stochastic_n': 76, 'stochastic_d': 8, 'stochastic_lower': 7, 'stochastic_upper': 69, 'en_mfi': True, 'mfi_n': 47, 'mfi_lower': 44, 'mfi_upper': 93, 'en_bollinger': True, 'bollinger_n': 133, 'bollinger_k': 3.6, 'en_adx': True, 'adx_n': 30, 'adx_threshold': 17, 'en_structure_trend': True, 'structure_trend_swing_l': 9, 'en_order_block': False, 'order_block_swing_l': 7, 'en_fvg': False, 'fvg_lookback': 4, 'en_ifvg': True, 'en_breaker': True, 'breaker_swing_l': 3, 'en_cisd': False, 'k': 4, 'en_cap_bars': True, 'cap_1min': 1113}.
[I 2026-07-13 17:48:32,638] Trial 1872 pruned. 
[I 2026-07-13 17:48:37,744] Trial 1873 finished with values: [458.480177895035, -2708.5935105416866, 52.75] and parameters: {'sl_soft': 250.40909230101104, 'sl_hard_delta': 13.950258753154337, 'tp': 283.207368843673, 'gate_pct': 97.49754431689279, 'dd_limit': 5807.677780097662, 'cooldown': 1, 'flip': False, 'en_ema_trend': True, 'ema_trend_fast': 83, 'ema_trend_slow': 159, 'en_sma_trend': True, 'sma_trend_fast': 331, 'sma_trend_slow': 280, 'en_macd': False, 'macd_fast': 23, 'macd_slow': 2, 'macd_signal': 7, 'en_vwap': False, 'en_keltner': False, 'keltner_n': 179, 'keltner_m': 0.8, 'en_obv': False, 'obv_slope': 161, 'en_cci': False, 'cci_n': 109, 'cci_threshold': 20, 'en_rsi': False, 'rsi_n': 90, 'rsi_lower': 46, 'rsi_upper': 54, 'en_stochastic': True, 'stochastic_n': 76, 'stochastic_d': 45, 'stochastic_lower': 7, 'stochastic_upper': 66, 'en_mfi': True, 'mfi_n': 32, 'mfi_lower': 41, 'mfi_upper': 85, 'en_bollinger': True, 'bollinger_n': 160, 'bollinger_k': 2.0, 'en_adx': False, 'adx_n': 30, 'adx_threshold': 8, 'en_structure_trend': True, 'structure_trend_swing_l': 13, 'en_order_block': True, 'order_block_swing_l': 8, 'en_fvg': False, 'fvg_lookback': 5, 'en_ifvg': True, 'en_breaker': True, 'breaker_swing_l': 2, 'en_cisd': False, 'k': 1, 'en_cap_bars': True, 'cap_1min': 1037}.
