[I 2026-07-13 16:59:43,768] Trial 97 finished with values: [-1019.9796182597493, -1835.0, 36.55] and parameters: {'sl_soft': 82.18244020688189, 'sl_hard_delta': 201.30216116615043, 'tp': 318.00815269610223, 'gate_pct': 96.7516051221724, 'dd_limit': 7394.721751419064, 'cooldown': 0, 'flip': True, 'en_ema_trend': False, 'ema_trend_fast': 282, 'ema_trend_slow': 334, 'en_sma_trend': False, 'sma_trend_fast': 268, 'sma_trend_slow': 29, 'en_macd': False, 'macd_fast': 88, 'macd_slow': 167, 'macd_signal': 24, 'en_vwap': False, 'en_keltner': False, 'keltner_n': 46, 'keltner_m': 0.9, 'en_obv': True, 'obv_slope': 177, 'en_cci': True, 'cci_n': 128, 'cci_threshold': 45, 'en_rsi': False, 'rsi_n': 6, 'rsi_lower': 38, 'rsi_upper': 55, 'en_stochastic': True, 'stochastic_n': 86, 'stochastic_d': 14, 'stochastic_lower': 40, 'stochastic_upper': 72, 'en_mfi': True, 'mfi_n': 45, 'mfi_lower': 13, 'mfi_upper': 73, 'en_bollinger': True, 'bollinger_n': 127, 'bollinger_k': 2.7, 'en_adx': False, 'adx_n': 35, 'adx_threshold': 20, 'en_structure_trend': False, 'structure_trend_swing_l': 17, 'en_order_block': False, 'order_block_swing_l': 12, 'en_fvg': False, 'fvg_lookback': 38, 'en_ifvg': False, 'en_breaker': True, 'breaker_swing_l': 15, 'en_cisd': False, 'k': 4, 'en_cap_bars': True, 'cap_1min': 85}.
[I 2026-07-13 16:59:45,099] Trial 98 pruned. 
[I 2026-07-13 16:59:46,291] Trial 99 pruned. 
[I 2026-07-13 16:59:47,559] Trial 100 pruned. 
[I 2026-07-13 16:59:48,701] Trial 101 pruned. 
[I 2026-07-13 16:59:50,571] Trial 102 pruned. 
[I 2026-07-13 16:59:51,720] Trial 103 pruned. 
[I 2026-07-13 16:59:52,936] Trial 104 pruned. 
[I 2026-07-13 16:59:54,019] Trial 105 pruned. 
[I 2026-07-13 16:59:55,204] Trial 106 pruned. 
[I 2026-07-13 16:59:56,558] Trial 107 pruned. 
[I 2026-07-13 16:59:57,523] Trial 108 pruned. 
[I 2026-07-13 16:59:58,762] Trial 109 pruned. 
[I 2026-07-13 17:00:00,860] Trial 110 pruned. 
[I 2026-07-13 17:00:02,093] Trial 111 pruned. 
[I 2026-07-13 17:00:03,248] Trial 112 pruned. 
[I 2026-07-13 17:00:04,554] Trial 113 pruned. 
[I 2026-07-13 17:00:05,274] Trial 114 pruned. 
[I 2026-07-13 17:00:07,937] Trial 115 finished with values: [-3342.5692433052427, -5380.0, 24.15] and parameters: {'sl_soft': 79.49968274309757, 'sl_hard_delta': 354.4443350594558, 'tp': 405.9723026779043, 'gate_pct': 54.8778799805964, 'dd_limit': 2548.3308531557964, 'cooldown': 1, 'flip': True, 'en_ema_trend': True, 'ema_trend_fast': 196, 'ema_trend_slow': 17, 'en_sma_trend': False, 'sma_trend_fast': 92, 'sma_trend_slow': 218, 'en_macd': True, 'macd_fast': 25, 'macd_slow': 180, 'macd_signal': 92, 'en_vwap': False, 'en_keltner': False, 'keltner_n': 116, 'keltner_m': 3.1, 'en_obv': True, 'obv_slope': 108, 'en_cci': True, 'cci_n': 27, 'cci_threshold': 40, 'en_rsi': False, 'rsi_n': 10, 'rsi_lower': 28, 'rsi_upper': 76, 'en_stochastic': False, 'stochastic_n': 97, 'stochastic_d': 47, 'stochastic_lower': 48, 'stochastic_upper': 77, 'en_mfi': True, 'mfi_n': 96, 'mfi_lower': 13, 'mfi_upper': 64, 'en_bollinger': False, 'bollinger_n': 115, 'bollinger_k': 2.5, 'en_adx': False, 'adx_n': 18, 'adx_threshold': 32, 'en_structure_trend': False, 'structure_trend_swing_l': 5, 'en_order_block': True, 'order_block_swing_l': 6, 'en_fvg': False, 'fvg_lookback': 44, 'en_ifvg': False, 'en_breaker': True, 'breaker_swing_l': 9, 'en_cisd': True, 'k': 2, 'en_cap_bars': False, 'cap_1min': 846}.
[I 2026-07-13 17:00:08,348] Trial 116 pruned. 
[I 2026-07-13 17:00:08,904] Trial 117 pruned. 
[I 2026-07-13 17:00:09,373] Trial 118 pruned. 
[I 2026-07-13 17:00:17,769] Trial 119 finished with values: [-3189.07376654548, -7709.012294424247, 33.25] and parameters: {'sl_soft': 119.29406813532111, 'sl_hard_delta': 264.4922197376261, 'tp': 215.19754111515402, 'gate_pct': 76.55976188692937, 'dd_limit': 928.2439984695909, 'cooldown': 1, 'flip': True, 'en_ema_trend': True, 'ema_trend_fast': 208, 'ema_trend_slow': 139, 'en_sma_trend': True, 'sma_trend_fast': 266, 'sma_trend_slow': 143, 'en_macd': True, 'macd_fast': 93, 'macd_slow': 48, 'macd_signal': 1, 'en_vwap': True, 'en_keltner': False, 'keltner_n': 137, 'keltner_m': 3.8000000000000003, 'en_obv': False, 'obv_slope': 8, 'en_cci': False, 'cci_n': 94, 'cci_threshold': 195, 'en_rsi': True, 'rsi_n': 67, 'rsi_lower': 7, 'rsi_upper': 69, 'en_stochastic': True, 'stochastic_n': 22, 'stochastic_d': 5, 'stochastic_lower': 16, 'stochastic_upper': 57, 'en_mfi': True, 'mfi_n': 61, 'mfi_lower': 10, 'mfi_upper': 68, 'en_bollinger': False, 'bollinger_n': 69, 'bollinger_k': 1.6, 'en_adx': False, 'adx_n': 48, 'adx_threshold': 19, 'en_structure_trend': False, 'structure_trend_swing_l': 10, 'en_order_block': True, 'order_block_swing_l': 9, 'en_fvg': False, 'fvg_lookback': 36, 'en_ifvg': False, 'en_breaker': False, 'breaker_swing_l': 17, 'en_cisd': False, 'k': 4, 'en_cap_bars': False, 'cap_1min': 608}.
[I 2026-07-13 17:00:18,089] Trial 120 finished with values: [-2482.371514392744, -13576.370445784341, 63.150000000000006] and parameters: {'sl_soft': 229.52894403773487, 'sl_hard_delta': 229.04199598924777, 'tp': 89.87366171350895, 'gate_pct': 80.70603145468111, 'dd_limit': 1960.8345257721103, 'cooldown': 0, 'flip': False, 'en_ema_trend': True, 'ema_trend_fast': 375, 'ema_trend_slow': 53, 'en_sma_trend': False, 'sma_trend_fast': 357, 'sma_trend_slow': 56, 'en_macd': True, 'macd_fast': 57, 'macd_slow': 58, 'macd_signal': 34, 'en_vwap': True, 'en_keltner': False, 'keltner_n': 68, 'keltner_m': 1.2000000000000002, 'en_obv': True, 'obv_slope': 120, 'en_cci': True, 'cci_n': 40, 'cci_threshold': 85, 'en_rsi': False, 'rsi_n': 34, 'rsi_lower': 36, 'rsi_upper': 64, 'en_stochastic': False, 'stochastic_n': 93, 'stochastic_d': 6, 'stochastic_lower': 10, 'stochastic_upper': 73, 'en_mfi': False, 'mfi_n': 67, 'mfi_lower': 17, 'mfi_upper': 51, 'en_bollinger': False, 'bollinger_n': 40, 'bollinger_k': 4.2, 'en_adx': True, 'adx_n': 28, 'adx_threshold': 7, 'en_structure_trend': False, 'structure_trend_swing_l': 1, 'en_order_block': False, 'order_block_swing_l': 8, 'en_fvg': True, 'fvg_lookback': 13, 'en_ifvg': False, 'en_breaker': False, 'breaker_swing_l': 14, 'en_cisd': True, 'k': 2, 'en_cap_bars': True, 'cap_1min': 803}.
[I 2026-07-13 17:00:19,647] Trial 121 pruned. 
[I 2026-07-13 17:00:23,115] Trial 122 pruned. 
[I 2026-07-13 17:00:24,220] Trial 123 pruned. 
[I 2026-07-13 17:00:25,445] Trial 124 pruned. 
[I 2026-07-13 17:00:29,119] Trial 125 pruned. 
[I 2026-07-13 17:00:31,484] Trial 126 pruned. 
[I 2026-07-13 17:00:33,472] Trial 127 pruned. 
[I 2026-07-13 17:00:34,324] Trial 128 pruned. 
[I 2026-07-13 17:00:38,051] Trial 129 finished with values: [-203.27419255347195, -9305.0, 47.6] and parameters: {'sl_soft': 272.3137203298795, 'sl_hard_delta': 289.7623662655007, 'tp': 443.6690322978637, 'gate_pct': 99.4309621818079, 'dd_limit': 201.45707505055393, 'cooldown': 0, 'flip': False, 'en_ema_trend': True, 'ema_trend_fast': 279, 'ema_trend_slow': 279, 'en_sma_trend': False, 'sma_trend_fast': 108, 'sma_trend_slow': 306, 'en_macd': False, 'macd_fast': 59, 'macd_slow': 126, 'macd_signal': 39, 'en_vwap': False, 'en_keltner': True, 'keltner_n': 186, 'keltner_m': 1.2000000000000002, 'en_obv': False, 'obv_slope': 119, 'en_cci': False, 'cci_n': 160, 'cci_threshold': 30, 'en_rsi': True, 'rsi_n': 77, 'rsi_lower': 43, 'rsi_upper': 85, 'en_stochastic': False, 'stochastic_n': 88, 'stochastic_d': 41, 'stochastic_lower': 2, 'stochastic_upper': 91, 'en_mfi': True, 'mfi_n': 54, 'mfi_lower': 38, 'mfi_upper': 72, 'en_bollinger': True, 'bollinger_n': 138, 'bollinger_k': 4.1, 'en_adx': False, 'adx_n': 46, 'adx_threshold': 28, 'en_structure_trend': True, 'structure_trend_swing_l': 6, 'en_order_block': False, 'order_block_swing_l': 9, 'en_fvg': True, 'fvg_lookback': 3, 'en_ifvg': False, 'en_breaker': True, 'breaker_swing_l': 20, 'en_cisd': False, 'k': 4, 'en_cap_bars': False, 'cap_1min': 311}.
[I 2026-07-13 17:00:46,683] Trial 130 finished with values: [-1949.0505704352472, -5323.52605723554, 43.6] and parameters: {'sl_soft': 192.5326335054434, 'sl_hard_delta': 55.17257794166536, 'tp': 377.44754868002997, 'gate_pct': 67.43945106994327, 'dd_limit': 7599.859331372681, 'cooldown': 1, 'flip': True, 'en_ema_trend': True, 'ema_trend_fast': 385, 'ema_trend_slow': 349, 'en_sma_trend': True, 'sma_trend_fast': 253, 'sma_trend_slow': 346, 'en_macd': False, 'macd_fast': 51, 'macd_slow': 160, 'macd_signal': 61, 'en_vwap': True, 'en_keltner': True, 'keltner_n': 18, 'keltner_m': 4.1, 'en_obv': True, 'obv_slope': 31, 'en_cci': False, 'cci_n': 158, 'cci_threshold': 115, 'en_rsi': True, 'rsi_n': 99, 'rsi_lower': 25, 'rsi_upper': 70, 'en_stochastic': True, 'stochastic_n': 33, 'stochastic_d': 40, 'stochastic_lower': 39, 'stochastic_upper': 88, 'en_mfi': False, 'mfi_n': 7, 'mfi_lower': 21, 'mfi_upper': 53, 'en_bollinger': False, 'bollinger_n': 163, 'bollinger_k': 2.0, 'en_adx': False, 'adx_n': 5, 'adx_threshold': 9, 'en_structure_trend': False, 'structure_trend_swing_l': 12, 'en_order_block': False, 'order_block_swing_l': 1, 'en_fvg': False, 'fvg_lookback': 10, 'en_ifvg': True, 'en_breaker': True, 'breaker_swing_l': 20, 'en_cisd': True, 'k': 2, 'en_cap_bars': False, 'cap_1min': 801}.
[I 2026-07-13 17:00:48,446] Trial 131 pruned. 
[I 2026-07-13 17:00:52,298] Trial 132 pruned. 
[I 2026-07-13 17:00:53,338] Trial 133 pruned. 
[I 2026-07-13 17:00:54,986] Trial 134 pruned. 
[I 2026-07-13 17:00:56,411] Trial 135 pruned. 
[I 2026-07-13 17:01:06,519] Trial 136 finished with values: [1221.715391437665, -7070.0, 51.3] and parameters: {'sl_soft': 181.22389434070246, 'sl_hard_delta': 319.68059766416366, 'tp': 297.29846184167457, 'gate_pct': 78.41015939543337, 'dd_limit': 214.54993437840233, 'cooldown': 1, 'flip': False, 'en_ema_trend': False, 'ema_trend_fast': 374, 'ema_trend_slow': 212, 'en_sma_trend': True, 'sma_trend_fast': 246, 'sma_trend_slow': 323, 'en_macd': True, 'macd_fast': 48, 'macd_slow': 186, 'macd_signal': 65, 'en_vwap': False, 'en_keltner': True, 'keltner_n': 32, 'keltner_m': 1.3, 'en_obv': False, 'obv_slope': 142, 'en_cci': False, 'cci_n': 24, 'cci_threshold': 80, 'en_rsi': True, 'rsi_n': 12, 'rsi_lower': 3, 'rsi_upper': 69, 'en_stochastic': True, 'stochastic_n': 21, 'stochastic_d': 43, 'stochastic_lower': 7, 'stochastic_upper': 96, 'en_mfi': True, 'mfi_n': 17, 'mfi_lower': 38, 'mfi_upper': 78, 'en_bollinger': False, 'bollinger_n': 106, 'bollinger_k': 2.1, 'en_adx': False, 'adx_n': 73, 'adx_threshold': 18, 'en_structure_trend': True, 'structure_trend_swing_l': 18, 'en_order_block': False, 'order_block_swing_l': 19, 'en_fvg': False, 'fvg_lookback': 14, 'en_ifvg': False, 'en_breaker': False, 'breaker_swing_l': 15, 'en_cisd': False, 'k': 5, 'en_cap_bars': False, 'cap_1min': 1380}.
[I 2026-07-13 17:01:07,562] Trial 137 pruned. 
[I 2026-07-13 17:01:08,008] Trial 138 pruned. 
[I 2026-07-13 17:01:11,623] Trial 139 pruned. 
[I 2026-07-13 17:01:13,249] Trial 140 pruned. 
[I 2026-07-13 17:01:14,015] Trial 141 pruned. 
[I 2026-07-13 17:01:15,480] Trial 142 pruned. 
[I 2026-07-13 17:01:17,785] Trial 143 pruned. 
[I 2026-07-13 17:01:18,922] Trial 144 pruned. 
[I 2026-07-13 17:01:20,112] Trial 145 pruned. 
[I 2026-07-13 17:01:22,606] Trial 146 finished with values: [1336.9446614173285, -4170.0, 49.400000000000006] and parameters: {'sl_soft': 253.4929939024627, 'sl_hard_delta': 64.91276011956732, 'tp': 377.92595485564465, 'gate_pct': 76.46240503280777, 'dd_limit': 3089.913555349885, 'cooldown': 1, 'flip': False, 'en_ema_trend': False, 'ema_trend_fast': 250, 'ema_trend_slow': 301, 'en_sma_trend': False, 'sma_trend_fast': 173, 'sma_trend_slow': 229, 'en_macd': False, 'macd_fast': 73, 'macd_slow': 109, 'macd_signal': 18, 'en_vwap': True, 'en_keltner': True, 'keltner_n': 154, 'keltner_m': 4.4, 'en_obv': False, 'obv_slope': 186, 'en_cci': False, 'cci_n': 184, 'cci_threshold': 45, 'en_rsi': True, 'rsi_n': 67, 'rsi_lower': 18, 'rsi_upper': 82, 'en_stochastic': False, 'stochastic_n': 3, 'stochastic_d': 42, 'stochastic_lower': 27, 'stochastic_upper': 97, 'en_mfi': False, 'mfi_n': 49, 'mfi_lower': 28, 'mfi_upper': 93, 'en_bollinger': False, 'bollinger_n': 63, 'bollinger_k': 1.6, 'en_adx': False, 'adx_n': 88, 'adx_threshold': 55, 'en_structure_trend': False, 'structure_trend_swing_l': 10, 'en_order_block': False, 'order_block_swing_l': 4, 'en_fvg': False, 'fvg_lookback': 48, 'en_ifvg': True, 'en_breaker': True, 'breaker_swing_l': 1, 'en_cisd': False, 'k': 5, 'en_cap_bars': True, 'cap_1min': 706}.
[I 2026-07-13 17:01:31,453] Trial 147 finished with values: [449.0177493552983, -2245.0, 46.45] and parameters: {'sl_soft': 62.78952056914965, 'sl_hard_delta': 385.81938431739417, 'tp': 154.1011832903552, 'gate_pct': 75.29895741667805, 'dd_limit': 4593.673039009747, 'cooldown': 1, 'flip': False, 'en_ema_trend': False, 'ema_trend_fast': 33, 'ema_trend_slow': 305, 'en_sma_trend': False, 'sma_trend_fast': 62, 'sma_trend_slow': 134, 'en_macd': True, 'macd_fast': 70, 'macd_slow': 193, 'macd_signal': 27, 'en_vwap': False, 'en_keltner': False, 'keltner_n': 3, 'keltner_m': 3.4000000000000004, 'en_obv': True, 'obv_slope': 38, 'en_cci': False, 'cci_n': 8, 'cci_threshold': 180, 'en_rsi': True, 'rsi_n': 46, 'rsi_lower': 3, 'rsi_upper': 61, 'en_stochastic': True, 'stochastic_n': 9, 'stochastic_d': 10, 'stochastic_lower': 40, 'stochastic_upper': 92, 'en_mfi': True, 'mfi_n': 95, 'mfi_lower': 24, 'mfi_upper': 93, 'en_bollinger': False, 'bollinger_n': 24, 'bollinger_k': 3.0, 'en_adx': False, 'adx_n': 77, 'adx_threshold': 32, 'en_structure_trend': True, 'structure_trend_swing_l': 9, 'en_order_block': False, 'order_block_swing_l': 1, 'en_fvg': True, 'fvg_lookback': 20, 'en_ifvg': False, 'en_breaker': False, 'breaker_swing_l': 20, 'en_cisd': True, 'k': 4, 'en_cap_bars': False, 'cap_1min': 1119}.
[I 2026-07-13 17:01:32,569] Trial 148 pruned. 
[I 2026-07-13 17:01:34,989] Trial 149 finished with values: [1541.2855736561505, -4220.0, 58.25] and parameters: {'sl_soft': 267.4187583278074, 'sl_hard_delta': 81.87987051752182, 'tp': 188.2418521854747, 'gate_pct': 97.52011350142476, 'dd_limit': 1156.8429090684392, 'cooldown': 0, 'flip': True, 'en_ema_trend': False, 'ema_trend_fast': 269, 'ema_trend_slow': 192, 'en_sma_trend': True, 'sma_trend_fast': 232, 'sma_trend_slow': 138, 'en_macd': False, 'macd_fast': 98, 'macd_slow': 21, 'macd_signal': 24, 'en_vwap': False, 'en_keltner': True, 'keltner_n': 160, 'keltner_m': 3.9000000000000004, 'en_obv': True, 'obv_slope': 107, 'en_cci': False, 'cci_n': 23, 'cci_threshold': 105, 'en_rsi': False, 'rsi_n': 9, 'rsi_lower': 29, 'rsi_upper': 90, 'en_stochastic': False, 'stochastic_n': 67, 'stochastic_d': 3, 'stochastic_lower': 28, 'stochastic_upper': 91, 'en_mfi': True, 'mfi_n': 41, 'mfi_lower': 8, 'mfi_upper': 88, 'en_bollinger': True, 'bollinger_n': 9, 'bollinger_k': 0.5, 'en_adx': False, 'adx_n': 32, 'adx_threshold': 11, 'en_structure_trend': True, 'structure_trend_swing_l': 19, 'en_order_block': True, 'order_block_swing_l': 7, 'en_fvg': False, 'fvg_lookback': 34, 'en_ifvg': True, 'en_breaker': False, 'breaker_swing_l': 1, 'en_cisd': False, 'k': 4, 'en_cap_bars': True, 'cap_1min': 689}.
[I 2026-07-13 17:01:35,974] Trial 150 pruned. 
[I 2026-07-13 17:01:37,832] Trial 151 pruned. 
[I 2026-07-13 17:01:45,123] Trial 152 finished with values: [1388.8286278329724, -2200.1179485805915, 48.349999999999994] and parameters: {'sl_soft': 105.8414130695725, 'sl_hard_delta': 4.164484359460682, 'tp': 149.70982868405767, 'gate_pct': 73.0036735816267, 'dd_limit': 7425.406804429448, 'cooldown': 2, 'flip': True, 'en_ema_trend': False, 'ema_trend_fast': 317, 'ema_trend_slow': 38, 'en_sma_trend': False, 'sma_trend_fast': 141, 'sma_trend_slow': 171, 'en_macd': False, 'macd_fast': 80, 'macd_slow': 47, 'macd_signal': 9, 'en_vwap': False, 'en_keltner': False, 'keltner_n': 77, 'keltner_m': 1.8, 'en_obv': False, 'obv_slope': 110, 'en_cci': True, 'cci_n': 125, 'cci_threshold': 30, 'en_rsi': True, 'rsi_n': 15, 'rsi_lower': 41, 'rsi_upper': 82, 'en_stochastic': True, 'stochastic_n': 89, 'stochastic_d': 3, 'stochastic_lower': 2, 'stochastic_upper': 77, 'en_mfi': False, 'mfi_n': 97, 'mfi_lower': 7, 'mfi_upper': 86, 'en_bollinger': False, 'bollinger_n': 32, 'bollinger_k': 3.8000000000000003, 'en_adx': False, 'adx_n': 17, 'adx_threshold': 6, 'en_structure_trend': True, 'structure_trend_swing_l': 11, 'en_order_block': True, 'order_block_swing_l': 9, 'en_fvg': True, 'fvg_lookback': 50, 'en_ifvg': False, 'en_breaker': False, 'breaker_swing_l': 17, 'en_cisd': False, 'k': 1, 'en_cap_bars': True, 'cap_1min': 272}.
[I 2026-07-13 17:01:45,970] Trial 153 pruned. 
[I 2026-07-13 17:01:47,521] Trial 154 pruned. 
[I 2026-07-13 17:01:48,835] Trial 155 pruned. 
[I 2026-07-13 17:01:50,687] Trial 156 pruned. 
[I 2026-07-13 17:01:51,456] Trial 157 pruned. 
[I 2026-07-13 17:01:52,639] Trial 158 pruned. 
[I 2026-07-13 17:01:57,218] Trial 159 finished with values: [485.7006905040362, -6741.399736950843, 50.95] and parameters: {'sl_soft': 177.94067125548193, 'sl_hard_delta': 272.1060469024473, 'tp': 184.6800131524558, 'gate_pct': 62.75122947526989, 'dd_limit': 7860.101132279564, 'cooldown': 1, 'flip': False, 'en_ema_trend': False, 'ema_trend_fast': 88, 'ema_trend_slow': 231, 'en_sma_trend': False, 'sma_trend_fast': 387, 'sma_trend_slow': 194, 'en_macd': True, 'macd_fast': 71, 'macd_slow': 43, 'macd_signal': 14, 'en_vwap': True, 'en_keltner': False, 'keltner_n': 84, 'keltner_m': 3.7, 'en_obv': True, 'obv_slope': 180, 'en_cci': True, 'cci_n': 48, 'cci_threshold': 240, 'en_rsi': False, 'rsi_n': 36, 'rsi_lower': 8, 'rsi_upper': 81, 'en_stochastic': False, 'stochastic_n': 16, 'stochastic_d': 36, 'stochastic_lower': 38, 'stochastic_upper': 82, 'en_mfi': False, 'mfi_n': 52, 'mfi_lower': 23, 'mfi_upper': 97, 'en_bollinger': True, 'bollinger_n': 24, 'bollinger_k': 4.9, 'en_adx': True, 'adx_n': 88, 'adx_threshold': 11, 'en_structure_trend': False, 'structure_trend_swing_l': 13, 'en_order_block': False, 'order_block_swing_l': 19, 'en_fvg': False, 'fvg_lookback': 23, 'en_ifvg': False, 'en_breaker': False, 'breaker_swing_l': 1, 'en_cisd': True, 'k': 2, 'en_cap_bars': False, 'cap_1min': 884}.
[I 2026-07-13 17:01:57,423] Trial 160 pruned. 
[I 2026-07-13 17:01:58,174] Trial 161 pruned. 
[I 2026-07-13 17:02:00,204] Trial 162 pruned. 
[I 2026-07-13 17:02:01,619] Trial 163 pruned. 
[I 2026-07-13 17:02:02,216] Trial 164 pruned. 
[I 2026-07-13 17:02:04,645] Trial 165 finished with values: [-1391.17194269018, -8769.73015055828, 45.650000000000006] and parameters: {'sl_soft': 241.33138867196917, 'sl_hard_delta': 199.06401724709644, 'tp': 377.68465662945084, 'gate_pct': 50.62306212399367, 'dd_limit': 6059.576992841845, 'cooldown': 0, 'flip': False, 'en_ema_trend': True, 'ema_trend_fast': 374, 'ema_trend_slow': 70, 'en_sma_trend': True, 'sma_trend_fast': 190, 'sma_trend_slow': 272, 'en_macd': False, 'macd_fast': 72, 'macd_slow': 190, 'macd_signal': 59, 'en_vwap': False, 'en_keltner': False, 'keltner_n': 117, 'keltner_m': 4.6000000000000005, 'en_obv': True, 'obv_slope': 101, 'en_cci': True, 'cci_n': 135, 'cci_threshold': 125, 'en_rsi': True, 'rsi_n': 85, 'rsi_lower': 36, 'rsi_upper': 76, 'en_stochastic': False, 'stochastic_n': 89, 'stochastic_d': 32, 'stochastic_lower': 17, 'stochastic_upper': 60, 'en_mfi': False, 'mfi_n': 48, 'mfi_lower': 41, 'mfi_upper': 96, 'en_bollinger': False, 'bollinger_n': 64, 'bollinger_k': 3.4000000000000004, 'en_adx': False, 'adx_n': 70, 'adx_threshold': 54, 'en_structure_trend': False, 'structure_trend_swing_l': 12, 'en_order_block': True, 'order_block_swing_l': 10, 'en_fvg': False, 'fvg_lookback': 12, 'en_ifvg': False, 'en_breaker': False, 'breaker_swing_l': 6, 'en_cisd': False, 'k': 2, 'en_cap_bars': False, 'cap_1min': 1349}.
[I 2026-07-13 17:02:08,204] Trial 166 pruned. 
[I 2026-07-13 17:02:09,297] Trial 167 pruned. 
[I 2026-07-13 17:02:10,186] Trial 168 pruned. 
[I 2026-07-13 17:02:12,438] Trial 169 finished with values: [-844.7368224539423, -2097.0586636085136, 45.85] and parameters: {'sl_soft': 219.93356736567165, 'sl_hard_delta': 136.49076528568807, 'tp': 85.58826727829553, 'gate_pct': 55.144433564923624, 'dd_limit': 49.09385629311123, 'cooldown': 2, 'flip': True, 'en_ema_trend': True, 'ema_trend_fast': 344, 'ema_trend_slow': 85, 'en_sma_trend': True, 'sma_trend_fast': 331, 'sma_trend_slow': 228, 'en_macd': False, 'macd_fast': 92, 'macd_slow': 7, 'macd_signal': 65, 'en_vwap': False, 'en_keltner': False, 'keltner_n': 27, 'keltner_m': 4.300000000000001, 'en_obv': False, 'obv_slope': 165, 'en_cci': True, 'cci_n': 109, 'cci_threshold': 220, 'en_rsi': True, 'rsi_n': 30, 'rsi_lower': 22, 'rsi_upper': 84, 'en_stochastic': False, 'stochastic_n': 24, 'stochastic_d': 45, 'stochastic_lower': 18, 'stochastic_upper': 71, 'en_mfi': False, 'mfi_n': 91, 'mfi_lower': 14, 'mfi_upper': 85, 'en_bollinger': False, 'bollinger_n': 87, 'bollinger_k': 2.0, 'en_adx': False, 'adx_n': 67, 'adx_threshold': 27, 'en_structure_trend': False, 'structure_trend_swing_l': 7, 'en_order_block': True, 'order_block_swing_l': 19, 'en_fvg': False, 'fvg_lookback': 43, 'en_ifvg': True, 'en_breaker': True, 'breaker_swing_l': 16, 'en_cisd': True, 'k': 1, 'en_cap_bars': True, 'cap_1min': 208}.
[I 2026-07-13 17:02:13,148] Trial 170 pruned. 
[I 2026-07-13 17:02:14,199] Trial 171 pruned. 
[I 2026-07-13 17:02:15,850] Trial 172 pruned. 
[I 2026-07-13 17:02:17,396] Trial 173 pruned. 
[I 2026-07-13 17:02:18,745] Trial 174 pruned. 
[I 2026-07-13 17:02:20,064] Trial 175 pruned. 
[I 2026-07-13 17:02:21,337] Trial 176 pruned. 
[I 2026-07-13 17:02:22,943] Trial 177 pruned. 
[I 2026-07-13 17:02:24,163] Trial 178 pruned. 
[I 2026-07-13 17:02:24,961] Trial 179 pruned. 
