[I 2026-07-13 17:24:39,508] Trial 679 finished with values: [-1322.9797111884727, -3440.8034263188893, 32.05] and parameters: {'sl_soft': 62.78952056914965, 'sl_hard_delta': 385.81938431739417, 'tp': 149.70982868405767, 'gate_pct': 73.0036735816267, 'dd_limit': 7425.406804429448, 'cooldown': 2, 'flip': False, 'en_ema_trend': True, 'ema_trend_fast': 67, 'ema_trend_slow': 305, 'en_sma_trend': False, 'sma_trend_fast': 75, 'sma_trend_slow': 171, 'en_macd': True, 'macd_fast': 89, 'macd_slow': 58, 'macd_signal': 9, 'en_vwap': False, 'en_keltner': False, 'keltner_n': 36, 'keltner_m': 1.8, 'en_obv': True, 'obv_slope': 110, 'en_cci': True, 'cci_n': 154, 'cci_threshold': 30, 'en_rsi': False, 'rsi_n': 90, 'rsi_lower': 30, 'rsi_upper': 89, 'en_stochastic': True, 'stochastic_n': 58, 'stochastic_d': 3, 'stochastic_lower': 2, 'stochastic_upper': 92, 'en_mfi': False, 'mfi_n': 97, 'mfi_lower': 3, 'mfi_upper': 93, 'en_bollinger': False, 'bollinger_n': 135, 'bollinger_k': 3.8000000000000003, 'en_adx': False, 'adx_n': 77, 'adx_threshold': 51, 'en_structure_trend': True, 'structure_trend_swing_l': 9, 'en_order_block': False, 'order_block_swing_l': 9, 'en_fvg': True, 'fvg_lookback': 20, 'en_ifvg': False, 'en_breaker': False, 'breaker_swing_l': 17, 'en_cisd': True, 'k': 1, 'en_cap_bars': True, 'cap_1min': 1113}.
[I 2026-07-13 17:24:40,829] Trial 680 finished with values: [2577.6677190723603, -5981.450856579722, 51.6] and parameters: {'sl_soft': 105.8414130695725, 'sl_hard_delta': 385.81938431739417, 'tp': 149.70982868405767, 'gate_pct': 73.0036735816267, 'dd_limit': 7425.406804429448, 'cooldown': 2, 'flip': True, 'en_ema_trend': True, 'ema_trend_fast': 67, 'ema_trend_slow': 38, 'en_sma_trend': False, 'sma_trend_fast': 141, 'sma_trend_slow': 171, 'en_macd': True, 'macd_fast': 80, 'macd_slow': 47, 'macd_signal': 11, 'en_vwap': False, 'en_keltner': True, 'keltner_n': 36, 'keltner_m': 1.3, 'en_obv': False, 'obv_slope': 110, 'en_cci': True, 'cci_n': 154, 'cci_threshold': 30, 'en_rsi': True, 'rsi_n': 90, 'rsi_lower': 30, 'rsi_upper': 82, 'en_stochastic': True, 'stochastic_n': 89, 'stochastic_d': 3, 'stochastic_lower': 2, 'stochastic_upper': 77, 'en_mfi': False, 'mfi_n': 97, 'mfi_lower': 3, 'mfi_upper': 86, 'en_bollinger': False, 'bollinger_n': 135, 'bollinger_k': 3.8000000000000003, 'en_adx': False, 'adx_n': 44, 'adx_threshold': 51, 'en_structure_trend': False, 'structure_trend_swing_l': 11, 'en_order_block': True, 'order_block_swing_l': 9, 'en_fvg': True, 'fvg_lookback': 50, 'en_ifvg': False, 'en_breaker': False, 'breaker_swing_l': 17, 'en_cisd': False, 'k': 1, 'en_cap_bars': True, 'cap_1min': 272}.
[I 2026-07-13 17:24:40,988] Trial 681 finished with values: [-344.2684833387102, -5054.789980933128, 58.05] and parameters: {'sl_soft': 269.0670163702745, 'sl_hard_delta': 13.950258753154337, 'tp': 164.05555215354394, 'gate_pct': 77.88062387933805, 'dd_limit': 2773.5122147635702, 'cooldown': 1, 'flip': False, 'en_ema_trend': True, 'ema_trend_fast': 67, 'ema_trend_slow': 292, 'en_sma_trend': False, 'sma_trend_fast': 75, 'sma_trend_slow': 96, 'en_macd': True, 'macd_fast': 89, 'macd_slow': 2, 'macd_signal': 11, 'en_vwap': False, 'en_keltner': True, 'keltner_n': 36, 'keltner_m': 1.3, 'en_obv': True, 'obv_slope': 22, 'en_cci': False, 'cci_n': 154, 'cci_threshold': 245, 'en_rsi': False, 'rsi_n': 90, 'rsi_lower': 30, 'rsi_upper': 89, 'en_stochastic': False, 'stochastic_n': 58, 'stochastic_d': 29, 'stochastic_lower': 41, 'stochastic_upper': 69, 'en_mfi': True, 'mfi_n': 95, 'mfi_lower': 18, 'mfi_upper': 93, 'en_bollinger': False, 'bollinger_n': 135, 'bollinger_k': 4.2, 'en_adx': False, 'adx_n': 51, 'adx_threshold': 51, 'en_structure_trend': True, 'structure_trend_swing_l': 9, 'en_order_block': False, 'order_block_swing_l': 15, 'en_fvg': False, 'fvg_lookback': 42, 'en_ifvg': True, 'en_breaker': True, 'breaker_swing_l': 10, 'en_cisd': False, 'k': 2, 'en_cap_bars': True, 'cap_1min': 1113}.
[I 2026-07-13 17:24:48,152] Trial 682 finished with values: [-4039.4996677581184, -9946.443747174526, 40.5] and parameters: {'sl_soft': 142.5241001410186, 'sl_hard_delta': 61.39010541690473, 'tp': 297.5396616809354, 'gate_pct': 97.49754431689279, 'dd_limit': 3881.782071469207, 'cooldown': 1, 'flip': True, 'en_ema_trend': True, 'ema_trend_fast': 205, 'ema_trend_slow': 187, 'en_sma_trend': False, 'sma_trend_fast': 161, 'sma_trend_slow': 50, 'en_macd': True, 'macd_fast': 13, 'macd_slow': 89, 'macd_signal': 91, 'en_vwap': True, 'en_keltner': True, 'keltner_n': 154, 'keltner_m': 4.4, 'en_obv': False, 'obv_slope': 161, 'en_cci': False, 'cci_n': 32, 'cci_threshold': 155, 'en_rsi': True, 'rsi_n': 63, 'rsi_lower': 43, 'rsi_upper': 62, 'en_stochastic': True, 'stochastic_n': 53, 'stochastic_d': 34, 'stochastic_lower': 27, 'stochastic_upper': 97, 'en_mfi': False, 'mfi_n': 7, 'mfi_lower': 41, 'mfi_upper': 93, 'en_bollinger': True, 'bollinger_n': 15, 'bollinger_k': 1.6, 'en_adx': False, 'adx_n': 30, 'adx_threshold': 55, 'en_structure_trend': False, 'structure_trend_swing_l': 10, 'en_order_block': False, 'order_block_swing_l': 8, 'en_fvg': False, 'fvg_lookback': 4, 'en_ifvg': True, 'en_breaker': False, 'breaker_swing_l': 1, 'en_cisd': False, 'k': 1, 'en_cap_bars': True, 'cap_1min': 536}.
[I 2026-07-13 17:24:48,422] Trial 683 finished with values: [3439.348562209543, -4870.0, 38.75] and parameters: {'sl_soft': 87.52008513176767, 'sl_hard_delta': 218.06309001668583, 'tp': 418.046085718894, 'gate_pct': 77.88062387933805, 'dd_limit': 5807.677780097662, 'cooldown': 1, 'flip': False, 'en_ema_trend': True, 'ema_trend_fast': 76, 'ema_trend_slow': 393, 'en_sma_trend': True, 'sma_trend_fast': 173, 'sma_trend_slow': 50, 'en_macd': False, 'macd_fast': 89, 'macd_slow': 89, 'macd_signal': 91, 'en_vwap': False, 'en_keltner': False, 'keltner_n': 179, 'keltner_m': 0.8, 'en_obv': False, 'obv_slope': 22, 'en_cci': False, 'cci_n': 154, 'cci_threshold': 245, 'en_rsi': False, 'rsi_n': 39, 'rsi_lower': 30, 'rsi_upper': 89, 'en_stochastic': False, 'stochastic_n': 3, 'stochastic_d': 29, 'stochastic_lower': 7, 'stochastic_upper': 66, 'en_mfi': True, 'mfi_n': 95, 'mfi_lower': 28, 'mfi_upper': 93, 'en_bollinger': True, 'bollinger_n': 135, 'bollinger_k': 3.6, 'en_adx': False, 'adx_n': 88, 'adx_threshold': 54, 'en_structure_trend': True, 'structure_trend_swing_l': 9, 'en_order_block': False, 'order_block_swing_l': 5, 'en_fvg': False, 'fvg_lookback': 48, 'en_ifvg': True, 'en_breaker': True, 'breaker_swing_l': 3, 'en_cisd': False, 'k': 1, 'en_cap_bars': True, 'cap_1min': 1113}.
[I 2026-07-13 17:24:48,700] Trial 684 finished with values: [2059.2457710117196, -2805.0, 44.400000000000006] and parameters: {'sl_soft': 75.8088001493923, 'sl_hard_delta': 163.40134392837285, 'tp': 297.5396616809354, 'gate_pct': 97.49754431689279, 'dd_limit': 3881.782071469207, 'cooldown': 2, 'flip': True, 'en_ema_trend': True, 'ema_trend_fast': 77, 'ema_trend_slow': 159, 'en_sma_trend': True, 'sma_trend_fast': 275, 'sma_trend_slow': 231, 'en_macd': True, 'macd_fast': 13, 'macd_slow': 4, 'macd_signal': 84, 'en_vwap': True, 'en_keltner': True, 'keltner_n': 27, 'keltner_m': 4.2, 'en_obv': True, 'obv_slope': 161, 'en_cci': False, 'cci_n': 12, 'cci_threshold': 45, 'en_rsi': True, 'rsi_n': 63, 'rsi_lower': 15, 'rsi_upper': 86, 'en_stochastic': True, 'stochastic_n': 53, 'stochastic_d': 34, 'stochastic_lower': 27, 'stochastic_upper': 86, 'en_mfi': False, 'mfi_n': 47, 'mfi_lower': 17, 'mfi_upper': 62, 'en_bollinger': False, 'bollinger_n': 20, 'bollinger_k': 3.8000000000000003, 'en_adx': False, 'adx_n': 30, 'adx_threshold': 9, 'en_structure_trend': True, 'structure_trend_swing_l': 3, 'en_order_block': True, 'order_block_swing_l': 12, 'en_fvg': False, 'fvg_lookback': 4, 'en_ifvg': True, 'en_breaker': True, 'breaker_swing_l': 18, 'en_cisd': False, 'k': 1, 'en_cap_bars': True, 'cap_1min': 941}.
[I 2026-07-13 17:24:59,139] Trial 685 finished with values: [811.76942861528, -3030.5873766154036, 61.150000000000006] and parameters: {'sl_soft': 87.52008513176767, 'sl_hard_delta': 209.18705283693694, 'tp': 102.8825246769187, 'gate_pct': 97.49754431689279, 'dd_limit': 3991.4168201001603, 'cooldown': 2, 'flip': False, 'en_ema_trend': False, 'ema_trend_fast': 279, 'ema_trend_slow': 159, 'en_sma_trend': True, 'sma_trend_fast': 334, 'sma_trend_slow': 116, 'en_macd': False, 'macd_fast': 89, 'macd_slow': 65, 'macd_signal': 84, 'en_vwap': False, 'en_keltner': False, 'keltner_n': 56, 'keltner_m': 2.8000000000000003, 'en_obv': True, 'obv_slope': 165, 'en_cci': False, 'cci_n': 154, 'cci_threshold': 155, 'en_rsi': True, 'rsi_n': 39, 'rsi_lower': 15, 'rsi_upper': 83, 'en_stochastic': True, 'stochastic_n': 52, 'stochastic_d': 34, 'stochastic_lower': 14, 'stochastic_upper': 87, 'en_mfi': True, 'mfi_n': 47, 'mfi_lower': 41, 'mfi_upper': 97, 'en_bollinger': True, 'bollinger_n': 135, 'bollinger_k': 4.9, 'en_adx': True, 'adx_n': 30, 'adx_threshold': 17, 'en_structure_trend': True, 'structure_trend_swing_l': 9, 'en_order_block': True, 'order_block_swing_l': 8, 'en_fvg': False, 'fvg_lookback': 18, 'en_ifvg': True, 'en_breaker': True, 'breaker_swing_l': 9, 'en_cisd': False, 'k': 1, 'en_cap_bars': True, 'cap_1min': 536}.
[I 2026-07-13 17:24:59,390] Trial 686 finished with values: [2573.306500080671, -4955.0, 35.8] and parameters: {'sl_soft': 87.52008513176767, 'sl_hard_delta': 218.06309001668583, 'tp': 418.046085718894, 'gate_pct': 77.88062387933805, 'dd_limit': 5807.677780097662, 'cooldown': 1, 'flip': False, 'en_ema_trend': True, 'ema_trend_fast': 76, 'ema_trend_slow': 393, 'en_sma_trend': True, 'sma_trend_fast': 222, 'sma_trend_slow': 83, 'en_macd': False, 'macd_fast': 44, 'macd_slow': 2, 'macd_signal': 13, 'en_vwap': False, 'en_keltner': False, 'keltner_n': 179, 'keltner_m': 0.8, 'en_obv': False, 'obv_slope': 22, 'en_cci': True, 'cci_n': 154, 'cci_threshold': 25, 'en_rsi': False, 'rsi_n': 39, 'rsi_lower': 30, 'rsi_upper': 89, 'en_stochastic': False, 'stochastic_n': 76, 'stochastic_d': 8, 'stochastic_lower': 7, 'stochastic_upper': 66, 'en_mfi': True, 'mfi_n': 95, 'mfi_lower': 1, 'mfi_upper': 93, 'en_bollinger': False, 'bollinger_n': 135, 'bollinger_k': 3.6, 'en_adx': False, 'adx_n': 20, 'adx_threshold': 18, 'en_structure_trend': True, 'structure_trend_swing_l': 9, 'en_order_block': False, 'order_block_swing_l': 5, 'en_fvg': False, 'fvg_lookback': 42, 'en_ifvg': True, 'en_breaker': True, 'breaker_swing_l': 3, 'en_cisd': False, 'k': 3, 'en_cap_bars': True, 'cap_1min': 1113}.
[I 2026-07-13 17:24:59,591] Trial 687 finished with values: [-292.81182848284516, -8003.170605266168, 35.85] and parameters: {'sl_soft': 87.52008513176767, 'sl_hard_delta': 13.950258753154337, 'tp': 297.5396616809354, 'gate_pct': 97.49754431689279, 'dd_limit': 5807.677780097662, 'cooldown': 1, 'flip': False, 'en_ema_trend': True, 'ema_trend_fast': 76, 'ema_trend_slow': 393, 'en_sma_trend': True, 'sma_trend_fast': 222, 'sma_trend_slow': 83, 'en_macd': False, 'macd_fast': 89, 'macd_slow': 2, 'macd_signal': 36, 'en_vwap': False, 'en_keltner': False, 'keltner_n': 27, 'keltner_m': 0.8, 'en_obv': False, 'obv_slope': 22, 'en_cci': False, 'cci_n': 154, 'cci_threshold': 25, 'en_rsi': False, 'rsi_n': 39, 'rsi_lower': 15, 'rsi_upper': 62, 'en_stochastic': False, 'stochastic_n': 76, 'stochastic_d': 8, 'stochastic_lower': 7, 'stochastic_upper': 66, 'en_mfi': True, 'mfi_n': 95, 'mfi_lower': 1, 'mfi_upper': 93, 'en_bollinger': True, 'bollinger_n': 135, 'bollinger_k': 3.8000000000000003, 'en_adx': False, 'adx_n': 30, 'adx_threshold': 18, 'en_structure_trend': True, 'structure_trend_swing_l': 9, 'en_order_block': False, 'order_block_swing_l': 8, 'en_fvg': False, 'fvg_lookback': 4, 'en_ifvg': True, 'en_breaker': True, 'breaker_swing_l': 3, 'en_cisd': False, 'k': 1, 'en_cap_bars': True, 'cap_1min': 536}.
[I 2026-07-13 17:25:00,901] Trial 688 finished with values: [482.8404599401074, -6600.0, 47.35] and parameters: {'sl_soft': 186.7417979615443, 'sl_hard_delta': 347.9044607762687, 'tp': 354.3787279920157, 'gate_pct': 68.87067583562738, 'dd_limit': 7189.695940132639, 'cooldown': 2, 'flip': False, 'en_ema_trend': True, 'ema_trend_fast': 159, 'ema_trend_slow': 125, 'en_sma_trend': True, 'sma_trend_fast': 331, 'sma_trend_slow': 228, 'en_macd': False, 'macd_fast': 64, 'macd_slow': 77, 'macd_signal': 65, 'en_vwap': False, 'en_keltner': False, 'keltner_n': 65, 'keltner_m': 3.8000000000000003, 'en_obv': False, 'obv_slope': 34, 'en_cci': True, 'cci_n': 109, 'cci_threshold': 90, 'en_rsi': False, 'rsi_n': 13, 'rsi_lower': 17, 'rsi_upper': 84, 'en_stochastic': False, 'stochastic_n': 45, 'stochastic_d': 45, 'stochastic_lower': 18, 'stochastic_upper': 68, 'en_mfi': True, 'mfi_n': 91, 'mfi_lower': 44, 'mfi_upper': 90, 'en_bollinger': True, 'bollinger_n': 133, 'bollinger_k': 3.8000000000000003, 'en_adx': False, 'adx_n': 9, 'adx_threshold': 17, 'en_structure_trend': True, 'structure_trend_swing_l': 13, 'en_order_block': False, 'order_block_swing_l': 19, 'en_fvg': False, 'fvg_lookback': 28, 'en_ifvg': True, 'en_breaker': True, 'breaker_swing_l': 7, 'en_cisd': True, 'k': 3, 'en_cap_bars': True, 'cap_1min': 583}.
[I 2026-07-13 17:25:03,659] Trial 689 pruned. 
[I 2026-07-13 17:25:05,839] Trial 690 finished with values: [330.2304285944774, -5175.0, 41.2] and parameters: {'sl_soft': 87.52008513176767, 'sl_hard_delta': 347.9044607762687, 'tp': 418.046085718894, 'gate_pct': 77.88062387933805, 'dd_limit': 5807.677780097662, 'cooldown': 1, 'flip': False, 'en_ema_trend': True, 'ema_trend_fast': 76, 'ema_trend_slow': 393, 'en_sma_trend': True, 'sma_trend_fast': 79, 'sma_trend_slow': 83, 'en_macd': False, 'macd_fast': 44, 'macd_slow': 2, 'macd_signal': 36, 'en_vwap': False, 'en_keltner': True, 'keltner_n': 179, 'keltner_m': 3.8000000000000003, 'en_obv': False, 'obv_slope': 191, 'en_cci': False, 'cci_n': 124, 'cci_threshold': 90, 'en_rsi': False, 'rsi_n': 39, 'rsi_lower': 16, 'rsi_upper': 54, 'en_stochastic': False, 'stochastic_n': 5, 'stochastic_d': 8, 'stochastic_lower': 7, 'stochastic_upper': 66, 'en_mfi': True, 'mfi_n': 32, 'mfi_lower': 1, 'mfi_upper': 90, 'en_bollinger': True, 'bollinger_n': 2, 'bollinger_k': 3.6, 'en_adx': False, 'adx_n': 9, 'adx_threshold': 17, 'en_structure_trend': True, 'structure_trend_swing_l': 9, 'en_order_block': False, 'order_block_swing_l': 7, 'en_fvg': False, 'fvg_lookback': 28, 'en_ifvg': True, 'en_breaker': True, 'breaker_swing_l': 7, 'en_cisd': True, 'k': 3, 'en_cap_bars': True, 'cap_1min': 583}.
[I 2026-07-13 17:25:10,616] Trial 691 finished with values: [-633.3454621526653, -4280.823273776587, 50.0] and parameters: {'sl_soft': 105.8414130695725, 'sl_hard_delta': 4.164484359460682, 'tp': 102.8825246769187, 'gate_pct': 66.0193419862484, 'dd_limit': 3991.4168201001603, 'cooldown': 0, 'flip': False, 'en_ema_trend': False, 'ema_trend_fast': 279, 'ema_trend_slow': 125, 'en_sma_trend': False, 'sma_trend_fast': 334, 'sma_trend_slow': 116, 'en_macd': False, 'macd_fast': 80, 'macd_slow': 65, 'macd_signal': 65, 'en_vwap': False, 'en_keltner': True, 'keltner_n': 56, 'keltner_m': 2.8000000000000003, 'en_obv': True, 'obv_slope': 165, 'en_cci': True, 'cci_n': 125, 'cci_threshold': 30, 'en_rsi': True, 'rsi_n': 39, 'rsi_lower': 33, 'rsi_upper': 83, 'en_stochastic': True, 'stochastic_n': 89, 'stochastic_d': 32, 'stochastic_lower': 14, 'stochastic_upper': 87, 'en_mfi': False, 'mfi_n': 97, 'mfi_lower': 7, 'mfi_upper': 86, 'en_bollinger': False, 'bollinger_n': 32, 'bollinger_k': 3.8000000000000003, 'en_adx': False, 'adx_n': 51, 'adx_threshold': 6, 'en_structure_trend': False, 'structure_trend_swing_l': 3, 'en_order_block': True, 'order_block_swing_l': 9, 'en_fvg': False, 'fvg_lookback': 50, 'en_ifvg': False, 'en_breaker': False, 'breaker_swing_l': 16, 'en_cisd': False, 'k': 3, 'en_cap_bars': True, 'cap_1min': 272}.
[I 2026-07-13 17:25:11,190] Trial 692 finished with values: [-914.8847857027613, -4030.0, 42.2] and parameters: {'sl_soft': 87.52008513176767, 'sl_hard_delta': 218.06309001668583, 'tp': 418.046085718894, 'gate_pct': 77.88062387933805, 'dd_limit': 49.09385629311123, 'cooldown': 1, 'flip': False, 'en_ema_trend': False, 'ema_trend_fast': 76, 'ema_trend_slow': 116, 'en_sma_trend': True, 'sma_trend_fast': 222, 'sma_trend_slow': 228, 'en_macd': False, 'macd_fast': 64, 'macd_slow': 177, 'macd_signal': 36, 'en_vwap': False, 'en_keltner': False, 'keltner_n': 179, 'keltner_m': 2.2, 'en_obv': False, 'obv_slope': 22, 'en_cci': False, 'cci_n': 109, 'cci_threshold': 20, 'en_rsi': True, 'rsi_n': 39, 'rsi_lower': 30, 'rsi_upper': 89, 'en_stochastic': False, 'stochastic_n': 45, 'stochastic_d': 45, 'stochastic_lower': 18, 'stochastic_upper': 69, 'en_mfi': True, 'mfi_n': 95, 'mfi_lower': 1, 'mfi_upper': 85, 'en_bollinger': True, 'bollinger_n': 133, 'bollinger_k': 2.0, 'en_adx': False, 'adx_n': 67, 'adx_threshold': 18, 'en_structure_trend': True, 'structure_trend_swing_l': 9, 'en_order_block': False, 'order_block_swing_l': 5, 'en_fvg': False, 'fvg_lookback': 42, 'en_ifvg': True, 'en_breaker': True, 'breaker_swing_l': 3, 'en_cisd': False, 'k': 1, 'en_cap_bars': True, 'cap_1min': 208}.
[I 2026-07-13 17:25:13,060] Trial 693 finished with values: [1661.5552663275412, -3030.0, 55.25] and parameters: {'sl_soft': 219.93356736567165, 'sl_hard_delta': 328.8353373011519, 'tp': 283.207368843673, 'gate_pct': 79.79473082398957, 'dd_limit': 3089.913555349885, 'cooldown': 1, 'flip': True, 'en_ema_trend': False, 'ema_trend_fast': 62, 'ema_trend_slow': 187, 'en_sma_trend': False, 'sma_trend_fast': 62, 'sma_trend_slow': 228, 'en_macd': True, 'macd_fast': 64, 'macd_slow': 177, 'macd_signal': 91, 'en_vwap': False, 'en_keltner': False, 'keltner_n': 154, 'keltner_m': 1.7000000000000002, 'en_obv': False, 'obv_slope': 49, 'en_cci': False, 'cci_n': 109, 'cci_threshold': 25, 'en_rsi': True, 'rsi_n': 94, 'rsi_lower': 45, 'rsi_upper': 84, 'en_stochastic': False, 'stochastic_n': 3, 'stochastic_d': 45, 'stochastic_lower': 37, 'stochastic_upper': 91, 'en_mfi': False, 'mfi_n': 27, 'mfi_lower': 28, 'mfi_upper': 85, 'en_bollinger': True, 'bollinger_n': 133, 'bollinger_k': 2.0, 'en_adx': False, 'adx_n': 16, 'adx_threshold': 18, 'en_structure_trend': True, 'structure_trend_swing_l': 13, 'en_order_block': True, 'order_block_swing_l': 19, 'en_fvg': False, 'fvg_lookback': 48, 'en_ifvg': True, 'en_breaker': True, 'breaker_swing_l': 16, 'en_cisd': True, 'k': 1, 'en_cap_bars': True, 'cap_1min': 208}.
[I 2026-07-13 17:25:13,653] Trial 694 finished with values: [1386.522915066289, -3950.0, 57.6] and parameters: {'sl_soft': 219.93356736567165, 'sl_hard_delta': 136.49076528568807, 'tp': 175.12183320530335, 'gate_pct': 79.79473082398957, 'dd_limit': 4655.497598973588, 'cooldown': 2, 'flip': True, 'en_ema_trend': False, 'ema_trend_fast': 83, 'ema_trend_slow': 159, 'en_sma_trend': False, 'sma_trend_fast': 161, 'sma_trend_slow': 371, 'en_macd': False, 'macd_fast': 13, 'macd_slow': 177, 'macd_signal': 84, 'en_vwap': False, 'en_keltner': True, 'keltner_n': 158, 'keltner_m': 4.2, 'en_obv': False, 'obv_slope': 34, 'en_cci': False, 'cci_n': 109, 'cci_threshold': 90, 'en_rsi': True, 'rsi_n': 30, 'rsi_lower': 17, 'rsi_upper': 84, 'en_stochastic': False, 'stochastic_n': 45, 'stochastic_d': 45, 'stochastic_lower': 46, 'stochastic_upper': 69, 'en_mfi': True, 'mfi_n': 91, 'mfi_lower': 14, 'mfi_upper': 85, 'en_bollinger': True, 'bollinger_n': 133, 'bollinger_k': 1.8, 'en_adx': False, 'adx_n': 67, 'adx_threshold': 8, 'en_structure_trend': True, 'structure_trend_swing_l': 13, 'en_order_block': True, 'order_block_swing_l': 19, 'en_fvg': False, 'fvg_lookback': 43, 'en_ifvg': False, 'en_breaker': True, 'breaker_swing_l': 16, 'en_cisd': True, 'k': 1, 'en_cap_bars': True, 'cap_1min': 208}.
[I 2026-07-13 17:25:14,373] Trial 695 pruned. 
[I 2026-07-13 17:25:15,260] Trial 696 pruned. 
[I 2026-07-13 17:25:15,455] Trial 697 finished with values: [2897.6677190723603, -2066.4508565797223, 45.0] and parameters: {'sl_soft': 62.78952056914965, 'sl_hard_delta': 385.81938431739417, 'tp': 149.70982868405767, 'gate_pct': 73.0036735816267, 'dd_limit': 2773.5122147635702, 'cooldown': 1, 'flip': True, 'en_ema_trend': True, 'ema_trend_fast': 67, 'ema_trend_slow': 305, 'en_sma_trend': False, 'sma_trend_fast': 141, 'sma_trend_slow': 134, 'en_macd': True, 'macd_fast': 89, 'macd_slow': 47, 'macd_signal': 11, 'en_vwap': False, 'en_keltner': True, 'keltner_n': 36, 'keltner_m': 1.3, 'en_obv': True, 'obv_slope': 22, 'en_cci': True, 'cci_n': 154, 'cci_threshold': 30, 'en_rsi': True, 'rsi_n': 90, 'rsi_lower': 30, 'rsi_upper': 82, 'en_stochastic': True, 'stochastic_n': 58, 'stochastic_d': 3, 'stochastic_lower': 2, 'stochastic_upper': 77, 'en_mfi': False, 'mfi_n': 97, 'mfi_lower': 3, 'mfi_upper': 86, 'en_bollinger': False, 'bollinger_n': 135, 'bollinger_k': 3.8000000000000003, 'en_adx': False, 'adx_n': 77, 'adx_threshold': 51, 'en_structure_trend': False, 'structure_trend_swing_l': 9, 'en_order_block': True, 'order_block_swing_l': 9, 'en_fvg': True, 'fvg_lookback': 50, 'en_ifvg': False, 'en_breaker': False, 'breaker_swing_l': 17, 'en_cisd': False, 'k': 1, 'en_cap_bars': True, 'cap_1min': 272}.
