[I 2026-07-13 17:50:56,597] Trial 1391 finished with values: [1031.6998703076024, -1624.7607024452009, 55.2] and parameters: {'sl_soft': 37.49132233815045, 'sl_hard_delta': 43.05437771749679, 'tp': 46.56962981112915, 'gate_pct': 84.18980078267379, 'dd_limit': 928.2439984695909, 'cooldown': 12, 'flip': True, 'en_ema_trend': False, 'ema_trend_fast': 208, 'ema_trend_slow': 58, 'en_sma_trend': True, 'sma_trend_fast': 357, 'sma_trend_slow': 163, 'en_macd': False, 'macd_fast': 87, 'macd_slow': 53, 'macd_signal': 61, 'en_vwap': True, 'en_keltner': True, 'keltner_n': 193, 'keltner_m': 3.8000000000000003, 'en_obv': True, 'obv_slope': 186, 'en_cci': False, 'cci_n': 143, 'cci_threshold': 290, 'en_rsi': True, 'rsi_n': 89, 'rsi_lower': 15, 'rsi_upper': 57, 'en_stochastic': False, 'stochastic_n': 6, 'stochastic_d': 34, 'stochastic_lower': 2, 'stochastic_upper': 86, 'en_mfi': True, 'mfi_n': 71, 'mfi_lower': 8, 'mfi_upper': 93, 'en_bollinger': False, 'bollinger_n': 136, 'bollinger_k': 3.0, 'en_adx': False, 'adx_n': 2, 'adx_threshold': 6, 'en_structure_trend': True, 'structure_trend_swing_l': 9, 'en_order_block': False, 'order_block_swing_l': 19, 'en_fvg': True, 'fvg_lookback': 3, 'en_ifvg': False, 'en_breaker': True, 'breaker_swing_l': 10, 'en_cisd': True, 'k': 4, 'en_cap_bars': False, 'cap_1min': 1208}.
[I 2026-07-13 17:50:56,960] Trial 1392 finished with values: [1241.2470754486276, -450.0, 49.15] and parameters: {'sl_soft': 16.53284872548906, 'sl_hard_delta': 43.05437771749679, 'tp': 42.717340442581346, 'gate_pct': 33.41518335180748, 'dd_limit': 9308.14469807598, 'cooldown': 0, 'flip': True, 'en_ema_trend': True, 'ema_trend_fast': 29, 'ema_trend_slow': 85, 'en_sma_trend': False, 'sma_trend_fast': 128, 'sma_trend_slow': 263, 'en_macd': False, 'macd_fast': 44, 'macd_slow': 53, 'macd_signal': 61, 'en_vwap': True, 'en_keltner': True, 'keltner_n': 94, 'keltner_m': 0.5, 'en_obv': True, 'obv_slope': 92, 'en_cci': False, 'cci_n': 195, 'cci_threshold': 145, 'en_rsi': False, 'rsi_n': 89, 'rsi_lower': 15, 'rsi_upper': 84, 'en_stochastic': False, 'stochastic_n': 47, 'stochastic_d': 34, 'stochastic_lower': 36, 'stochastic_upper': 68, 'en_mfi': True, 'mfi_n': 66, 'mfi_lower': 24, 'mfi_upper': 93, 'en_bollinger': False, 'bollinger_n': 136, 'bollinger_k': 3.7, 'en_adx': False, 'adx_n': 81, 'adx_threshold': 32, 'en_structure_trend': True, 'structure_trend_swing_l': 18, 'en_order_block': False, 'order_block_swing_l': 9, 'en_fvg': True, 'fvg_lookback': 47, 'en_ifvg': False, 'en_breaker': False, 'breaker_swing_l': 15, 'en_cisd': True, 'k': 4, 'en_cap_bars': True, 'cap_1min': 412}.
[I 2026-07-13 17:50:57,343] Trial 1393 finished with values: [660.5441653372327, -438.0562255683981, 64.4] and parameters: {'sl_soft': 16.53284872548906, 'sl_hard_delta': 43.05437771749679, 'tp': 19.388754886316853, 'gate_pct': 33.41518335180748, 'dd_limit': 9571.486532588566, 'cooldown': 21, 'flip': True, 'en_ema_trend': False, 'ema_trend_fast': 29, 'ema_trend_slow': 85, 'en_sma_trend': False, 'sma_trend_fast': 128, 'sma_trend_slow': 381, 'en_macd': False, 'macd_fast': 91, 'macd_slow': 48, 'macd_signal': 3, 'en_vwap': True, 'en_keltner': True, 'keltner_n': 36, 'keltner_m': 3.8000000000000003, 'en_obv': False, 'obv_slope': 167, 'en_cci': False, 'cci_n': 143, 'cci_threshold': 115, 'en_rsi': False, 'rsi_n': 74, 'rsi_lower': 15, 'rsi_upper': 84, 'en_stochastic': False, 'stochastic_n': 68, 'stochastic_d': 4, 'stochastic_lower': 2, 'stochastic_upper': 52, 'en_mfi': True, 'mfi_n': 66, 'mfi_lower': 24, 'mfi_upper': 92, 'en_bollinger': False, 'bollinger_n': 118, 'bollinger_k': 3.2, 'en_adx': False, 'adx_n': 73, 'adx_threshold': 31, 'en_structure_trend': True, 'structure_trend_swing_l': 18, 'en_order_block': False, 'order_block_swing_l': 11, 'en_fvg': True, 'fvg_lookback': 47, 'en_ifvg': False, 'en_breaker': False, 'breaker_swing_l': 10, 'en_cisd': True, 'k': 4, 'en_cap_bars': True, 'cap_1min': 1388}.
[I 2026-07-13 17:50:57,675] Trial 1394 finished with values: [130.0, -235.0, 52.35] and parameters: {'sl_soft': 16.53284872548906, 'sl_hard_delta': 43.05437771749679, 'tp': 34.46883891078241, 'gate_pct': 33.41518335180748, 'dd_limit': 9571.486532588566, 'cooldown': 0, 'flip': True, 'en_ema_trend': True, 'ema_trend_fast': 29, 'ema_trend_slow': 85, 'en_sma_trend': False, 'sma_trend_fast': 7, 'sma_trend_slow': 381, 'en_macd': False, 'macd_fast': 87, 'macd_slow': 150, 'macd_signal': 3, 'en_vwap': True, 'en_keltner': True, 'keltner_n': 36, 'keltner_m': 3.8000000000000003, 'en_obv': True, 'obv_slope': 167, 'en_cci': False, 'cci_n': 195, 'cci_threshold': 290, 'en_rsi': False, 'rsi_n': 74, 'rsi_lower': 15, 'rsi_upper': 87, 'en_stochastic': False, 'stochastic_n': 63, 'stochastic_d': 4, 'stochastic_lower': 2, 'stochastic_upper': 52, 'en_mfi': True, 'mfi_n': 66, 'mfi_lower': 42, 'mfi_upper': 92, 'en_bollinger': True, 'bollinger_n': 10, 'bollinger_k': 3.7, 'en_adx': False, 'adx_n': 73, 'adx_threshold': 6, 'en_structure_trend': True, 'structure_trend_swing_l': 18, 'en_order_block': False, 'order_block_swing_l': 11, 'en_fvg': True, 'fvg_lookback': 47, 'en_ifvg': False, 'en_breaker': False, 'breaker_swing_l': 10, 'en_cisd': True, 'k': 4, 'en_cap_bars': True, 'cap_1min': 3}.
[I 2026-07-13 17:50:58,765] Trial 1395 finished with values: [-185.62322178433533, -1083.2477431070947, 46.45] and parameters: {'sl_soft': 16.53284872548906, 'sl_hard_delta': 43.05437771749679, 'tp': 34.46883891078241, 'gate_pct': 76.55976188692937, 'dd_limit': 9308.14469807598, 'cooldown': 0, 'flip': True, 'en_ema_trend': True, 'ema_trend_fast': 59, 'ema_trend_slow': 230, 'en_sma_trend': True, 'sma_trend_fast': 7, 'sma_trend_slow': 93, 'en_macd': False, 'macd_fast': 87, 'macd_slow': 150, 'macd_signal': 64, 'en_vwap': True, 'en_keltner': True, 'keltner_n': 88, 'keltner_m': 3.7, 'en_obv': False, 'obv_slope': 186, 'en_cci': False, 'cci_n': 143, 'cci_threshold': 145, 'en_rsi': False, 'rsi_n': 74, 'rsi_lower': 7, 'rsi_upper': 87, 'en_stochastic': False, 'stochastic_n': 63, 'stochastic_d': 34, 'stochastic_lower': 36, 'stochastic_upper': 97, 'en_mfi': False, 'mfi_n': 61, 'mfi_lower': 26, 'mfi_upper': 93, 'en_bollinger': False, 'bollinger_n': 175, 'bollinger_k': 3.7, 'en_adx': False, 'adx_n': 73, 'adx_threshold': 19, 'en_structure_trend': True, 'structure_trend_swing_l': 18, 'en_order_block': True, 'order_block_swing_l': 10, 'en_fvg': False, 'fvg_lookback': 15, 'en_ifvg': False, 'en_breaker': True, 'breaker_swing_l': 17, 'en_cisd': True, 'k': 5, 'en_cap_bars': True, 'cap_1min': 3}.
[I 2026-07-13 17:50:59,074] Trial 1396 finished with values: [1259.1466264778683, -452.65580544608383, 56.2] and parameters: {'sl_soft': 16.53284872548906, 'sl_hard_delta': 43.05437771749679, 'tp': 34.46883891078241, 'gate_pct': 33.41518335180748, 'dd_limit': 9308.14469807598, 'cooldown': 13, 'flip': True, 'en_ema_trend': True, 'ema_trend_fast': 29, 'ema_trend_slow': 274, 'en_sma_trend': False, 'sma_trend_fast': 99, 'sma_trend_slow': 263, 'en_macd': False, 'macd_fast': 44, 'macd_slow': 53, 'macd_signal': 61, 'en_vwap': True, 'en_keltner': True, 'keltner_n': 105, 'keltner_m': 0.5, 'en_obv': True, 'obv_slope': 92, 'en_cci': False, 'cci_n': 182, 'cci_threshold': 145, 'en_rsi': False, 'rsi_n': 89, 'rsi_lower': 15, 'rsi_upper': 84, 'en_stochastic': False, 'stochastic_n': 14, 'stochastic_d': 4, 'stochastic_lower': 36, 'stochastic_upper': 63, 'en_mfi': True, 'mfi_n': 66, 'mfi_lower': 24, 'mfi_upper': 93, 'en_bollinger': False, 'bollinger_n': 136, 'bollinger_k': 2.6, 'en_adx': False, 'adx_n': 81, 'adx_threshold': 31, 'en_structure_trend': True, 'structure_trend_swing_l': 18, 'en_order_block': False, 'order_block_swing_l': 9, 'en_fvg': True, 'fvg_lookback': 47, 'en_ifvg': False, 'en_breaker': False, 'breaker_swing_l': 11, 'en_cisd': True, 'k': 4, 'en_cap_bars': True, 'cap_1min': 412}.
[I 2026-07-13 17:50:59,473] Trial 1397 finished with values: [1436.3658369804216, -1914.3249262552854, 41.3] and parameters: {'sl_soft': 18.688123795390414, 'sl_hard_delta': 42.2746926827138, 'tp': 51.51173209162248, 'gate_pct': 76.55976188692937, 'dd_limit': 9308.14469807598, 'cooldown': 12, 'flip': True, 'en_ema_trend': True, 'ema_trend_fast': 59, 'ema_trend_slow': 230, 'en_sma_trend': False, 'sma_trend_fast': 99, 'sma_trend_slow': 93, 'en_macd': False, 'macd_fast': 87, 'macd_slow': 150, 'macd_signal': 64, 'en_vwap': True, 'en_keltner': False, 'keltner_n': 2, 'keltner_m': 4.5, 'en_obv': True, 'obv_slope': 186, 'en_cci': False, 'cci_n': 94, 'cci_threshold': 145, 'en_rsi': False, 'rsi_n': 8, 'rsi_lower': 7, 'rsi_upper': 84, 'en_stochastic': False, 'stochastic_n': 68, 'stochastic_d': 34, 'stochastic_lower': 36, 'stochastic_upper': 63, 'en_mfi': True, 'mfi_n': 61, 'mfi_lower': 26, 'mfi_upper': 92, 'en_bollinger': False, 'bollinger_n': 10, 'bollinger_k': 2.2, 'en_adx': False, 'adx_n': 73, 'adx_threshold': 6, 'en_structure_trend': True, 'structure_trend_swing_l': 18, 'en_order_block': False, 'order_block_swing_l': 11, 'en_fvg': False, 'fvg_lookback': 38, 'en_ifvg': False, 'en_breaker': True, 'breaker_swing_l': 15, 'en_cisd': True, 'k': 5, 'en_cap_bars': True, 'cap_1min': 412}.
[I 2026-07-13 17:50:59,920] Trial 1398 finished with values: [2725.1271371687108, -4198.69230090746, 39.0] and parameters: {'sl_soft': 16.53284872548906, 'sl_hard_delta': 42.2746926827138, 'tp': 51.099967254759335, 'gate_pct': 76.55976188692937, 'dd_limit': 9308.14469807598, 'cooldown': 0, 'flip': True, 'en_ema_trend': False, 'ema_trend_fast': 59, 'ema_trend_slow': 274, 'en_sma_trend': False, 'sma_trend_fast': 99, 'sma_trend_slow': 263, 'en_macd': True, 'macd_fast': 87, 'macd_slow': 48, 'macd_signal': 3, 'en_vwap': True, 'en_keltner': True, 'keltner_n': 88, 'keltner_m': 3.8000000000000003, 'en_obv': False, 'obv_slope': 186, 'en_cci': False, 'cci_n': 195, 'cci_threshold': 195, 'en_rsi': False, 'rsi_n': 74, 'rsi_lower': 7, 'rsi_upper': 84, 'en_stochastic': False, 'stochastic_n': 6, 'stochastic_d': 34, 'stochastic_lower': 2, 'stochastic_upper': 97, 'en_mfi': False, 'mfi_n': 61, 'mfi_lower': 42, 'mfi_upper': 92, 'en_bollinger': False, 'bollinger_n': 10, 'bollinger_k': 1.8, 'en_adx': False, 'adx_n': 73, 'adx_threshold': 6, 'en_structure_trend': True, 'structure_trend_swing_l': 18, 'en_order_block': True, 'order_block_swing_l': 15, 'en_fvg': True, 'fvg_lookback': 38, 'en_ifvg': False, 'en_breaker': False, 'breaker_swing_l': 6, 'en_cisd': True, 'k': 2, 'en_cap_bars': False, 'cap_1min': 412}.
[I 2026-07-13 17:51:01,282] Trial 1399 finished with values: [1319.5242642816083, -1939.6967614742607, 43.25] and parameters: {'sl_soft': 18.688123795390414, 'sl_hard_delta': 42.2746926827138, 'tp': 51.51173209162248, 'gate_pct': 84.18980078267379, 'dd_limit': 9308.14469807598, 'cooldown': 12, 'flip': True, 'en_ema_trend': True, 'ema_trend_fast': 59, 'ema_trend_slow': 135, 'en_sma_trend': True, 'sma_trend_fast': 128, 'sma_trend_slow': 384, 'en_macd': True, 'macd_fast': 87, 'macd_slow': 79, 'macd_signal': 28, 'en_vwap': True, 'en_keltner': False, 'keltner_n': 2, 'keltner_m': 4.5, 'en_obv': True, 'obv_slope': 12, 'en_cci': False, 'cci_n': 182, 'cci_threshold': 145, 'en_rsi': False, 'rsi_n': 74, 'rsi_lower': 7, 'rsi_upper': 87, 'en_stochastic': False, 'stochastic_n': 8, 'stochastic_d': 31, 'stochastic_lower': 36, 'stochastic_upper': 97, 'en_mfi': True, 'mfi_n': 26, 'mfi_lower': 40, 'mfi_upper': 92, 'en_bollinger': False, 'bollinger_n': 103, 'bollinger_k': 3.7, 'en_adx': False, 'adx_n': 47, 'adx_threshold': 19, 'en_structure_trend': True, 'structure_trend_swing_l': 19, 'en_order_block': False, 'order_block_swing_l': 11, 'en_fvg': True, 'fvg_lookback': 15, 'en_ifvg': True, 'en_breaker': True, 'breaker_swing_l': 15, 'en_cisd': True, 'k': 4, 'en_cap_bars': True, 'cap_1min': 412}.
[I 2026-07-13 17:51:02,906] Trial 1400 finished with values: [349.8689767873293, -695.0, 48.0] and parameters: {'sl_soft': 16.38720937773672, 'sl_hard_delta': 15.68658300542352, 'tp': 42.717340442581346, 'gate_pct': 33.41518335180748, 'dd_limit': 3617.657841686699, 'cooldown': 27, 'flip': True, 'en_ema_trend': True, 'ema_trend_fast': 41, 'ema_trend_slow': 135, 'en_sma_trend': False, 'sma_trend_fast': 357, 'sma_trend_slow': 263, 'en_macd': True, 'macd_fast': 44, 'macd_slow': 53, 'macd_signal': 61, 'en_vwap': True, 'en_keltner': True, 'keltner_n': 94, 'keltner_m': 4.5, 'en_obv': True, 'obv_slope': 167, 'en_cci': False, 'cci_n': 182, 'cci_threshold': 145, 'en_rsi': False, 'rsi_n': 74, 'rsi_lower': 43, 'rsi_upper': 98, 'en_stochastic': False, 'stochastic_n': 47, 'stochastic_d': 2, 'stochastic_lower': 36, 'stochastic_upper': 62, 'en_mfi': True, 'mfi_n': 26, 'mfi_lower': 40, 'mfi_upper': 65, 'en_bollinger': False, 'bollinger_n': 136, 'bollinger_k': 3.7, 'en_adx': False, 'adx_n': 47, 'adx_threshold': 6, 'en_structure_trend': True, 'structure_trend_swing_l': 19, 'en_order_block': False, 'order_block_swing_l': 19, 'en_fvg': True, 'fvg_lookback': 24, 'en_ifvg': False, 'en_breaker': True, 'breaker_swing_l': 10, 'en_cisd': True, 'k': 3, 'en_cap_bars': False, 'cap_1min': 1002}.
[I 2026-07-13 17:51:03,317] Trial 1401 finished with values: [4013.9799318699806, -1378.7184492038068, 45.2] and parameters: {'sl_soft': 18.688123795390414, 'sl_hard_delta': 42.2746926827138, 'tp': 51.51173209162248, 'gate_pct': 84.68288014900352, 'dd_limit': 9308.14469807598, 'cooldown': 0, 'flip': True, 'en_ema_trend': True, 'ema_trend_fast': 59, 'ema_trend_slow': 274, 'en_sma_trend': False, 'sma_trend_fast': 99, 'sma_trend_slow': 52, 'en_macd': False, 'macd_fast': 87, 'macd_slow': 48, 'macd_signal': 64, 'en_vwap': True, 'en_keltner': True, 'keltner_n': 105, 'keltner_m': 4.5, 'en_obv': False, 'obv_slope': 186, 'en_cci': False, 'cci_n': 94, 'cci_threshold': 195, 'en_rsi': False, 'rsi_n': 8, 'rsi_lower': 6, 'rsi_upper': 84, 'en_stochastic': False, 'stochastic_n': 6, 'stochastic_d': 31, 'stochastic_lower': 36, 'stochastic_upper': 63, 'en_mfi': True, 'mfi_n': 66, 'mfi_lower': 26, 'mfi_upper': 93, 'en_bollinger': False, 'bollinger_n': 10, 'bollinger_k': 2.2, 'en_adx': False, 'adx_n': 73, 'adx_threshold': 59, 'en_structure_trend': True, 'structure_trend_swing_l': 18, 'en_order_block': True, 'order_block_swing_l': 11, 'en_fvg': True, 'fvg_lookback': 38, 'en_ifvg': False, 'en_breaker': False, 'breaker_swing_l': 15, 'en_cisd': True, 'k': 5, 'en_cap_bars': False, 'cap_1min': 412}.
[I 2026-07-13 17:51:03,676] Trial 1402 finished with values: [624.9256537082874, -412.65580544608383, 56.2] and parameters: {'sl_soft': 16.53284872548906, 'sl_hard_delta': 43.05437771749679, 'tp': 34.46883891078241, 'gate_pct': 33.41518335180748, 'dd_limit': 3617.657841686699, 'cooldown': 0, 'flip': True, 'en_ema_trend': False, 'ema_trend_fast': 41, 'ema_trend_slow': 274, 'en_sma_trend': False, 'sma_trend_fast': 357, 'sma_trend_slow': 263, 'en_macd': True, 'macd_fast': 44, 'macd_slow': 53, 'macd_signal': 64, 'en_vwap': True, 'en_keltner': True, 'keltner_n': 171, 'keltner_m': 4.1, 'en_obv': False, 'obv_slope': 162, 'en_cci': False, 'cci_n': 182, 'cci_threshold': 290, 'en_rsi': False, 'rsi_n': 89, 'rsi_lower': 13, 'rsi_upper': 57, 'en_stochastic': False, 'stochastic_n': 47, 'stochastic_d': 34, 'stochastic_lower': 2, 'stochastic_upper': 62, 'en_mfi': True, 'mfi_n': 66, 'mfi_lower': 8, 'mfi_upper': 92, 'en_bollinger': True, 'bollinger_n': 136, 'bollinger_k': 1.8, 'en_adx': False, 'adx_n': 73, 'adx_threshold': 32, 'en_structure_trend': True, 'structure_trend_swing_l': 18, 'en_order_block': False, 'order_block_swing_l': 11, 'en_fvg': True, 'fvg_lookback': 38, 'en_ifvg': False, 'en_breaker': False, 'breaker_swing_l': 12, 'en_cisd': False, 'k': 4, 'en_cap_bars': False, 'cap_1min': 412}.
[I 2026-07-13 17:51:04,232] Trial 1403 pruned. 
[I 2026-07-13 17:51:05,466] Trial 1404 finished with values: [906.4037017486771, -1151.6799239027023, 46.6] and parameters: {'sl_soft': 18.688123795390414, 'sl_hard_delta': 43.05437771749679, 'tp': 34.46883891078241, 'gate_pct': 84.18980078267379, 'dd_limit': 928.2439984695909, 'cooldown': 12, 'flip': True, 'en_ema_trend': False, 'ema_trend_fast': 29, 'ema_trend_slow': 58, 'en_sma_trend': True, 'sma_trend_fast': 128, 'sma_trend_slow': 93, 'en_macd': False, 'macd_fast': 87, 'macd_slow': 53, 'macd_signal': 61, 'en_vwap': True, 'en_keltner': True, 'keltner_n': 2, 'keltner_m': 3.8000000000000003, 'en_obv': False, 'obv_slope': 186, 'en_cci': False, 'cci_n': 143, 'cci_threshold': 145, 'en_rsi': True, 'rsi_n': 89, 'rsi_lower': 7, 'rsi_upper': 72, 'en_stochastic': False, 'stochastic_n': 6, 'stochastic_d': 34, 'stochastic_lower': 2, 'stochastic_upper': 86, 'en_mfi': True, 'mfi_n': 71, 'mfi_lower': 8, 'mfi_upper': 93, 'en_bollinger': False, 'bollinger_n': 136, 'bollinger_k': 3.0, 'en_adx': False, 'adx_n': 48, 'adx_threshold': 19, 'en_structure_trend': True, 'structure_trend_swing_l': 18, 'en_order_block': False, 'order_block_swing_l': 19, 'en_fvg': False, 'fvg_lookback': 37, 'en_ifvg': False, 'en_breaker': True, 'breaker_swing_l': 10, 'en_cisd': True, 'k': 4, 'en_cap_bars': False, 'cap_1min': 1208}.
[I 2026-07-13 17:51:06,084] Trial 1405 finished with values: [768.6923008042868, -953.2079657926442, 59.55] and parameters: {'sl_soft': 41.80574247052053, 'sl_hard_delta': 6.313902063185736, 'tp': 42.717340442581346, 'gate_pct': 33.41518335180748, 'dd_limit': 6200.963660003925, 'cooldown': 19, 'flip': True, 'en_ema_trend': True, 'ema_trend_fast': 29, 'ema_trend_slow': 135, 'en_sma_trend': True, 'sma_trend_fast': 128, 'sma_trend_slow': 263, 'en_macd': False, 'macd_fast': 24, 'macd_slow': 79, 'macd_signal': 1, 'en_vwap': True, 'en_keltner': True, 'keltner_n': 94, 'keltner_m': 4.5, 'en_obv': True, 'obv_slope': 12, 'en_cci': False, 'cci_n': 182, 'cci_threshold': 145, 'en_rsi': False, 'rsi_n': 89, 'rsi_lower': 15, 'rsi_upper': 98, 'en_stochastic': False, 'stochastic_n': 6, 'stochastic_d': 34, 'stochastic_lower': 36, 'stochastic_upper': 62, 'en_mfi': True, 'mfi_n': 66, 'mfi_lower': 40, 'mfi_upper': 61, 'en_bollinger': False, 'bollinger_n': 103, 'bollinger_k': 3.7, 'en_adx': False, 'adx_n': 73, 'adx_threshold': 19, 'en_structure_trend': True, 'structure_trend_swing_l': 19, 'en_order_block': True, 'order_block_swing_l': 10, 'en_fvg': True, 'fvg_lookback': 24, 'en_ifvg': False, 'en_breaker': False, 'breaker_swing_l': 10, 'en_cisd': True, 'k': 3, 'en_cap_bars': False, 'cap_1min': 412}.
[I 2026-07-13 17:51:06,382] Trial 1406 finished with values: [1409.8337776615517, -541.4132977870759, 49.5] and parameters: {'sl_soft': 16.53284872548906, 'sl_hard_delta': 43.05437771749679, 'tp': 42.717340442581346, 'gate_pct': 33.41518335180748, 'dd_limit': 9308.14469807598, 'cooldown': 0, 'flip': True, 'en_ema_trend': True, 'ema_trend_fast': 29, 'ema_trend_slow': 85, 'en_sma_trend': False, 'sma_trend_fast': 128, 'sma_trend_slow': 263, 'en_macd': False, 'macd_fast': 24, 'macd_slow': 150, 'macd_signal': 1, 'en_vwap': True, 'en_keltner': True, 'keltner_n': 94, 'keltner_m': 4.5, 'en_obv': True, 'obv_slope': 167, 'en_cci': False, 'cci_n': 13, 'cci_threshold': 115, 'en_rsi': False, 'rsi_n': 89, 'rsi_lower': 15, 'rsi_upper': 74, 'en_stochastic': False, 'stochastic_n': 6, 'stochastic_d': 34, 'stochastic_lower': 2, 'stochastic_upper': 62, 'en_mfi': True, 'mfi_n': 66, 'mfi_lower': 24, 'mfi_upper': 92, 'en_bollinger': False, 'bollinger_n': 136, 'bollinger_k': 3.2, 'en_adx': False, 'adx_n': 73, 'adx_threshold': 32, 'en_structure_trend': True, 'structure_trend_swing_l': 18, 'en_order_block': False, 'order_block_swing_l': 11, 'en_fvg': False, 'fvg_lookback': 47, 'en_ifvg': False, 'en_breaker': False, 'breaker_swing_l': 10, 'en_cisd': True, 'k': 4, 'en_cap_bars': False, 'cap_1min': 412}.
[I 2026-07-13 17:51:06,759] Trial 1407 pruned. 
[I 2026-07-13 17:51:07,265] Trial 1408 finished with values: [1503.6469587433203, -1491.2460989938336, 45.2] and parameters: {'sl_soft': 16.53284872548906, 'sl_hard_delta': 42.2746926827138, 'tp': 42.717340442581346, 'gate_pct': 84.68288014900352, 'dd_limit': 9308.14469807598, 'cooldown': 13, 'flip': True, 'en_ema_trend': True, 'ema_trend_fast': 59, 'ema_trend_slow': 196, 'en_sma_trend': False, 'sma_trend_fast': 7, 'sma_trend_slow': 263, 'en_macd': False, 'macd_fast': 87, 'macd_slow': 176, 'macd_signal': 64, 'en_vwap': False, 'en_keltner': True, 'keltner_n': 88, 'keltner_m': 4.1, 'en_obv': True, 'obv_slope': 186, 'en_cci': False, 'cci_n': 94, 'cci_threshold': 290, 'en_rsi': False, 'rsi_n': 80, 'rsi_lower': 15, 'rsi_upper': 87, 'en_stochastic': False, 'stochastic_n': 68, 'stochastic_d': 34, 'stochastic_lower': 36, 'stochastic_upper': 63, 'en_mfi': True, 'mfi_n': 66, 'mfi_lower': 42, 'mfi_upper': 93, 'en_bollinger': False, 'bollinger_n': 10, 'bollinger_k': 2.2, 'en_adx': False, 'adx_n': 73, 'adx_threshold': 6, 'en_structure_trend': True, 'structure_trend_swing_l': 18, 'en_order_block': True, 'order_block_swing_l': 10, 'en_fvg': True, 'fvg_lookback': 38, 'en_ifvg': False, 'en_breaker': True, 'breaker_swing_l': 15, 'en_cisd': True, 'k': 5, 'en_cap_bars': False, 'cap_1min': 412}.
