[I 2026-07-13 17:19:06,283] Trial 172 finished with values: [-319.6365336075178, -933.5484708743388, 27.450000000000003] and parameters: {'sl_soft': 11.097581488766851, 'sl_hard_delta': 42.612112686103046, 'tp': 71.42746248445603, 'gate_pct': 99.4309621818079, 'dd_limit': 201.45707505055393, 'cooldown': 4, 'flip': True, 'en_ema_trend': True, 'ema_trend_fast': 183, 'ema_trend_slow': 8, 'en_sma_trend': False, 'sma_trend_fast': 108, 'sma_trend_slow': 381, 'en_macd': True, 'macd_fast': 8, 'macd_slow': 85, 'macd_signal': 39, 'en_vwap': True, 'en_keltner': True, 'keltner_n': 169, 'keltner_m': 1.2000000000000002, 'en_obv': False, 'obv_slope': 119, 'en_cci': False, 'cci_n': 160, 'cci_threshold': 30, 'en_rsi': False, 'rsi_n': 77, 'rsi_lower': 47, 'rsi_upper': 85, 'en_stochastic': True, 'stochastic_n': 71, 'stochastic_d': 31, 'stochastic_lower': 32, 'stochastic_upper': 63, 'en_mfi': True, 'mfi_n': 7, 'mfi_lower': 7, 'mfi_upper': 92, 'en_bollinger': True, 'bollinger_n': 51, 'bollinger_k': 1.8, 'en_adx': False, 'adx_n': 8, 'adx_threshold': 55, 'en_structure_trend': True, 'structure_trend_swing_l': 6, 'en_order_block': True, 'order_block_swing_l': 11, 'en_fvg': True, 'fvg_lookback': 3, 'en_ifvg': False, 'en_breaker': True, 'breaker_swing_l': 20, 'en_cisd': False, 'k': 1, 'en_cap_bars': False, 'cap_1min': 311}.
[I 2026-07-13 17:19:09,011] Trial 173 pruned. 
[I 2026-07-13 17:19:13,383] Trial 174 finished with values: [-771.9823858432574, -3789.2274413569976, 59.85] and parameters: {'sl_soft': 42.04765497234898, 'sl_hard_delta': 45.4888252517338, 'tp': 29.39358776191893, 'gate_pct': 74.64771504966384, 'dd_limit': 8551.704140368904, 'cooldown': 3, 'flip': False, 'en_ema_trend': False, 'ema_trend_fast': 294, 'ema_trend_slow': 112, 'en_sma_trend': True, 'sma_trend_fast': 160, 'sma_trend_slow': 298, 'en_macd': True, 'macd_fast': 25, 'macd_slow': 91, 'macd_signal': 87, 'en_vwap': False, 'en_keltner': True, 'keltner_n': 80, 'keltner_m': 0.5, 'en_obv': True, 'obv_slope': 185, 'en_cci': True, 'cci_n': 57, 'cci_threshold': 250, 'en_rsi': True, 'rsi_n': 58, 'rsi_lower': 31, 'rsi_upper': 94, 'en_stochastic': False, 'stochastic_n': 21, 'stochastic_d': 17, 'stochastic_lower': 8, 'stochastic_upper': 80, 'en_mfi': True, 'mfi_n': 33, 'mfi_lower': 23, 'mfi_upper': 60, 'en_bollinger': False, 'bollinger_n': 92, 'bollinger_k': 3.7, 'en_adx': False, 'adx_n': 39, 'adx_threshold': 43, 'en_structure_trend': True, 'structure_trend_swing_l': 18, 'en_order_block': True, 'order_block_swing_l': 13, 'en_fvg': False, 'fvg_lookback': 41, 'en_ifvg': False, 'en_breaker': False, 'breaker_swing_l': 10, 'en_cisd': True, 'k': 3, 'en_cap_bars': False, 'cap_1min': 651}.
[I 2026-07-13 17:19:19,908] Trial 175 finished with values: [391.1841144807295, -1369.4144923717613, 48.25] and parameters: {'sl_soft': 31.67728122639392, 'sl_hard_delta': 15.421376415097182, 'tp': 51.51173209162248, 'gate_pct': 92.80779954528938, 'dd_limit': 6200.963660003925, 'cooldown': 17, 'flip': True, 'en_ema_trend': False, 'ema_trend_fast': 364, 'ema_trend_slow': 102, 'en_sma_trend': True, 'sma_trend_fast': 118, 'sma_trend_slow': 179, 'en_macd': False, 'macd_fast': 31, 'macd_slow': 18, 'macd_signal': 17, 'en_vwap': False, 'en_keltner': True, 'keltner_n': 178, 'keltner_m': 4.8, 'en_obv': False, 'obv_slope': 15, 'en_cci': False, 'cci_n': 44, 'cci_threshold': 65, 'en_rsi': True, 'rsi_n': 80, 'rsi_lower': 15, 'rsi_upper': 60, 'en_stochastic': False, 'stochastic_n': 63, 'stochastic_d': 33, 'stochastic_lower': 45, 'stochastic_upper': 87, 'en_mfi': False, 'mfi_n': 70, 'mfi_lower': 12, 'mfi_upper': 89, 'en_bollinger': True, 'bollinger_n': 62, 'bollinger_k': 4.4, 'en_adx': True, 'adx_n': 2, 'adx_threshold': 28, 'en_structure_trend': False, 'structure_trend_swing_l': 3, 'en_order_block': True, 'order_block_swing_l': 17, 'en_fvg': False, 'fvg_lookback': 25, 'en_ifvg': False, 'en_breaker': False, 'breaker_swing_l': 15, 'en_cisd': False, 'k': 4, 'en_cap_bars': True, 'cap_1min': 1208}.
[I 2026-07-13 17:19:24,053] Trial 176 finished with values: [-198.39423648470984, -1425.3087178945498, 73.9] and parameters: {'sl_soft': 43.468495482741645, 'sl_hard_delta': 6.457174475322132, 'tp': 15.631135161075115, 'gate_pct': 39.05573574892481, 'dd_limit': 1205.5244179408517, 'cooldown': 15, 'flip': True, 'en_ema_trend': True, 'ema_trend_fast': 95, 'ema_trend_slow': 216, 'en_sma_trend': False, 'sma_trend_fast': 62, 'sma_trend_slow': 52, 'en_macd': True, 'macd_fast': 34, 'macd_slow': 66, 'macd_signal': 23, 'en_vwap': True, 'en_keltner': True, 'keltner_n': 135, 'keltner_m': 4.300000000000001, 'en_obv': True, 'obv_slope': 33, 'en_cci': False, 'cci_n': 21, 'cci_threshold': 205, 'en_rsi': True, 'rsi_n': 86, 'rsi_lower': 2, 'rsi_upper': 75, 'en_stochastic': False, 'stochastic_n': 99, 'stochastic_d': 48, 'stochastic_lower': 17, 'stochastic_upper': 90, 'en_mfi': False, 'mfi_n': 100, 'mfi_lower': 15, 'mfi_upper': 58, 'en_bollinger': False, 'bollinger_n': 53, 'bollinger_k': 3.4000000000000004, 'en_adx': False, 'adx_n': 54, 'adx_threshold': 12, 'en_structure_trend': False, 'structure_trend_swing_l': 3, 'en_order_block': False, 'order_block_swing_l': 17, 'en_fvg': True, 'fvg_lookback': 2, 'en_ifvg': True, 'en_breaker': True, 'breaker_swing_l': 9, 'en_cisd': False, 'k': 1, 'en_cap_bars': False, 'cap_1min': 733}.
[I 2026-07-13 17:19:24,357] Trial 177 finished with values: [-446.189945325641, -2403.668831878058, 29.0] and parameters: {'sl_soft': 20.66358036605279, 'sl_hard_delta': 55.4028155613056, 'tp': 73.1663147758758, 'gate_pct': 86.68863637915473, 'dd_limit': 4482.342775889899, 'cooldown': 13, 'flip': False, 'en_ema_trend': False, 'ema_trend_fast': 121, 'ema_trend_slow': 364, 'en_sma_trend': False, 'sma_trend_fast': 45, 'sma_trend_slow': 14, 'en_macd': False, 'macd_fast': 52, 'macd_slow': 18, 'macd_signal': 45, 'en_vwap': True, 'en_keltner': True, 'keltner_n': 68, 'keltner_m': 1.5, 'en_obv': False, 'obv_slope': 7, 'en_cci': True, 'cci_n': 43, 'cci_threshold': 60, 'en_rsi': True, 'rsi_n': 95, 'rsi_lower': 7, 'rsi_upper': 94, 'en_stochastic': False, 'stochastic_n': 8, 'stochastic_d': 40, 'stochastic_lower': 40, 'stochastic_upper': 87, 'en_mfi': True, 'mfi_n': 45, 'mfi_lower': 16, 'mfi_upper': 61, 'en_bollinger': True, 'bollinger_n': 125, 'bollinger_k': 2.9000000000000004, 'en_adx': False, 'adx_n': 31, 'adx_threshold': 26, 'en_structure_trend': True, 'structure_trend_swing_l': 19, 'en_order_block': False, 'order_block_swing_l': 14, 'en_fvg': False, 'fvg_lookback': 14, 'en_ifvg': True, 'en_breaker': True, 'breaker_swing_l': 3, 'en_cisd': True, 'k': 1, 'en_cap_bars': True, 'cap_1min': 995}.
[I 2026-07-13 17:19:25,527] Trial 178 finished with values: [893.8903761509391, -1130.6147322471224, 54.55] and parameters: {'sl_soft': 19.289853645196, 'sl_hard_delta': 6.313902063185736, 'tp': 26.416372947770082, 'gate_pct': 33.41518335180748, 'dd_limit': 9308.14469807598, 'cooldown': 6, 'flip': True, 'en_ema_trend': False, 'ema_trend_fast': 59, 'ema_trend_slow': 135, 'en_sma_trend': False, 'sma_trend_fast': 36, 'sma_trend_slow': 93, 'en_macd': False, 'macd_fast': 24, 'macd_slow': 6, 'macd_signal': 34, 'en_vwap': False, 'en_keltner': False, 'keltner_n': 115, 'keltner_m': 4.5, 'en_obv': True, 'obv_slope': 15, 'en_cci': True, 'cci_n': 182, 'cci_threshold': 115, 'en_rsi': False, 'rsi_n': 17, 'rsi_lower': 39, 'rsi_upper': 98, 'en_stochastic': False, 'stochastic_n': 14, 'stochastic_d': 34, 'stochastic_lower': 2, 'stochastic_upper': 77, 'en_mfi': True, 'mfi_n': 41, 'mfi_lower': 10, 'mfi_upper': 93, 'en_bollinger': False, 'bollinger_n': 57, 'bollinger_k': 3.0, 'en_adx': False, 'adx_n': 74, 'adx_threshold': 6, 'en_structure_trend': False, 'structure_trend_swing_l': 11, 'en_order_block': False, 'order_block_swing_l': 9, 'en_fvg': True, 'fvg_lookback': 10, 'en_ifvg': False, 'en_breaker': False, 'breaker_swing_l': 8, 'en_cisd': True, 'k': 1, 'en_cap_bars': True, 'cap_1min': 1370}.
[I 2026-07-13 17:19:27,590] Trial 179 pruned. 
[I 2026-07-13 17:19:28,626] Trial 180 finished with values: [353.6289207564914, -820.3366998882484, 58.25] and parameters: {'sl_soft': 16.38720937773672, 'sl_hard_delta': 6.313902063185736, 'tp': 19.388754886316853, 'gate_pct': 33.41518335180748, 'dd_limit': 3617.657841686699, 'cooldown': 20, 'flip': True, 'en_ema_trend': True, 'ema_trend_fast': 23, 'ema_trend_slow': 85, 'en_sma_trend': True, 'sma_trend_fast': 357, 'sma_trend_slow': 263, 'en_macd': False, 'macd_fast': 13, 'macd_slow': 53, 'macd_signal': 61, 'en_vwap': True, 'en_keltner': True, 'keltner_n': 94, 'keltner_m': 4.1, 'en_obv': True, 'obv_slope': 167, 'en_cci': False, 'cci_n': 182, 'cci_threshold': 220, 'en_rsi': False, 'rsi_n': 89, 'rsi_lower': 13, 'rsi_upper': 57, 'en_stochastic': False, 'stochastic_n': 47, 'stochastic_d': 34, 'stochastic_lower': 33, 'stochastic_upper': 62, 'en_mfi': False, 'mfi_n': 80, 'mfi_lower': 24, 'mfi_upper': 65, 'en_bollinger': False, 'bollinger_n': 136, 'bollinger_k': 3.2, 'en_adx': False, 'adx_n': 74, 'adx_threshold': 32, 'en_structure_trend': True, 'structure_trend_swing_l': 11, 'en_order_block': False, 'order_block_swing_l': 9, 'en_fvg': True, 'fvg_lookback': 10, 'en_ifvg': False, 'en_breaker': False, 'breaker_swing_l': 10, 'en_cisd': True, 'k': 4, 'en_cap_bars': False, 'cap_1min': 332}.
[I 2026-07-13 17:19:39,201] Trial 181 finished with values: [522.880293403723, -1409.0649631800989, 53.55] and parameters: {'sl_soft': 41.80574247052053, 'sl_hard_delta': 57.09095784154005, 'tp': 71.83740147279842, 'gate_pct': 74.50813821223942, 'dd_limit': 2327.713141817985, 'cooldown': 19, 'flip': True, 'en_ema_trend': False, 'ema_trend_fast': 29, 'ema_trend_slow': 196, 'en_sma_trend': False, 'sma_trend_fast': 128, 'sma_trend_slow': 396, 'en_macd': True, 'macd_fast': 56, 'macd_slow': 150, 'macd_signal': 86, 'en_vwap': True, 'en_keltner': True, 'keltner_n': 171, 'keltner_m': 1.7000000000000002, 'en_obv': False, 'obv_slope': 162, 'en_cci': True, 'cci_n': 106, 'cci_threshold': 280, 'en_rsi': True, 'rsi_n': 29, 'rsi_lower': 46, 'rsi_upper': 95, 'en_stochastic': False, 'stochastic_n': 25, 'stochastic_d': 7, 'stochastic_lower': 36, 'stochastic_upper': 97, 'en_mfi': True, 'mfi_n': 26, 'mfi_lower': 20, 'mfi_upper': 61, 'en_bollinger': False, 'bollinger_n': 186, 'bollinger_k': 4.7, 'en_adx': True, 'adx_n': 47, 'adx_threshold': 12, 'en_structure_trend': True, 'structure_trend_swing_l': 19, 'en_order_block': False, 'order_block_swing_l': 11, 'en_fvg': False, 'fvg_lookback': 24, 'en_ifvg': True, 'en_breaker': False, 'breaker_swing_l': 19, 'en_cisd': True, 'k': 3, 'en_cap_bars': True, 'cap_1min': 1002}.
[I 2026-07-13 17:19:45,327] Trial 182 finished with values: [-730.9636709948245, -3147.9169469595945, 44.9] and parameters: {'sl_soft': 41.25992325207472, 'sl_hard_delta': 3.9922983413515434, 'tp': 51.099967254759335, 'gate_pct': 96.7516051221724, 'dd_limit': 2816.719005079483, 'cooldown': 5, 'flip': False, 'en_ema_trend': False, 'ema_trend_fast': 282, 'ema_trend_slow': 187, 'en_sma_trend': False, 'sma_trend_fast': 70, 'sma_trend_slow': 29, 'en_macd': False, 'macd_fast': 68, 'macd_slow': 105, 'macd_signal': 24, 'en_vwap': False, 'en_keltner': False, 'keltner_n': 74, 'keltner_m': 3.4000000000000004, 'en_obv': False, 'obv_slope': 188, 'en_cci': True, 'cci_n': 128, 'cci_threshold': 45, 'en_rsi': False, 'rsi_n': 19, 'rsi_lower': 38, 'rsi_upper': 55, 'en_stochastic': True, 'stochastic_n': 86, 'stochastic_d': 50, 'stochastic_lower': 40, 'stochastic_upper': 89, 'en_mfi': True, 'mfi_n': 84, 'mfi_lower': 13, 'mfi_upper': 59, 'en_bollinger': True, 'bollinger_n': 127, 'bollinger_k': 1.9000000000000001, 'en_adx': False, 'adx_n': 35, 'adx_threshold': 20, 'en_structure_trend': True, 'structure_trend_swing_l': 10, 'en_order_block': False, 'order_block_swing_l': 16, 'en_fvg': True, 'fvg_lookback': 3, 'en_ifvg': False, 'en_breaker': True, 'breaker_swing_l': 15, 'en_cisd': False, 'k': 4, 'en_cap_bars': True, 'cap_1min': 859}.
[I 2026-07-13 17:19:55,880] Trial 183 finished with values: [497.2076764835765, -835.0296023638657, 66.65] and parameters: {'sl_soft': 37.49132233815045, 'sl_hard_delta': 46.53087950404616, 'tp': 29.99703976361623, 'gate_pct': 61.29515207255519, 'dd_limit': 6330.458522368667, 'cooldown': 3, 'flip': True, 'en_ema_trend': False, 'ema_trend_fast': 271, 'ema_trend_slow': 218, 'en_sma_trend': False, 'sma_trend_fast': 26, 'sma_trend_slow': 163, 'en_macd': True, 'macd_fast': 80, 'macd_slow': 190, 'macd_signal': 64, 'en_vwap': True, 'en_keltner': False, 'keltner_n': 6, 'keltner_m': 1.8, 'en_obv': False, 'obv_slope': 194, 'en_cci': False, 'cci_n': 125, 'cci_threshold': 260, 'en_rsi': False, 'rsi_n': 76, 'rsi_lower': 43, 'rsi_upper': 58, 'en_stochastic': True, 'stochastic_n': 66, 'stochastic_d': 12, 'stochastic_lower': 2, 'stochastic_upper': 86, 'en_mfi': False, 'mfi_n': 71, 'mfi_lower': 28, 'mfi_upper': 79, 'en_bollinger': True, 'bollinger_n': 22, 'bollinger_k': 2.1, 'en_adx': True, 'adx_n': 11, 'adx_threshold': 19, 'en_structure_trend': True, 'structure_trend_swing_l': 20, 'en_order_block': False, 'order_block_swing_l': 15, 'en_fvg': False, 'fvg_lookback': 4, 'en_ifvg': True, 'en_breaker': False, 'breaker_swing_l': 10, 'en_cisd': False, 'k': 4, 'en_cap_bars': True, 'cap_1min': 736}.
[I 2026-07-13 17:19:57,287] Trial 184 finished with values: [-159.73729949004337, -1219.4596947027458, 47.2] and parameters: {'sl_soft': 37.28867994552793, 'sl_hard_delta': 29.603258995022124, 'tp': 71.42746248445603, 'gate_pct': 96.7516051221724, 'dd_limit': 201.45707505055393, 'cooldown': 5, 'flip': False, 'en_ema_trend': False, 'ema_trend_fast': 282, 'ema_trend_slow': 334, 'en_sma_trend': False, 'sma_trend_fast': 268, 'sma_trend_slow': 306, 'en_macd': False, 'macd_fast': 88, 'macd_slow': 126, 'macd_signal': 24, 'en_vwap': False, 'en_keltner': False, 'keltner_n': 186, 'keltner_m': 1.2000000000000002, 'en_obv': False, 'obv_slope': 177, 'en_cci': True, 'cci_n': 160, 'cci_threshold': 30, 'en_rsi': False, 'rsi_n': 6, 'rsi_lower': 43, 'rsi_upper': 55, 'en_stochastic': False, 'stochastic_n': 86, 'stochastic_d': 14, 'stochastic_lower': 40, 'stochastic_upper': 91, 'en_mfi': True, 'mfi_n': 54, 'mfi_lower': 13, 'mfi_upper': 72, 'en_bollinger': True, 'bollinger_n': 138, 'bollinger_k': 4.1, 'en_adx': False, 'adx_n': 35, 'adx_threshold': 28, 'en_structure_trend': False, 'structure_trend_swing_l': 17, 'en_order_block': False, 'order_block_swing_l': 15, 'en_fvg': False, 'fvg_lookback': 38, 'en_ifvg': False, 'en_breaker': True, 'breaker_swing_l': 20, 'en_cisd': False, 'k': 4, 'en_cap_bars': False, 'cap_1min': 311}.
[I 2026-07-13 17:19:57,573] Trial 185 pruned. 
[I 2026-07-13 17:19:58,038] Trial 186 finished with values: [-3022.334511441586, -4415.903584813132, 40.05] and parameters: {'sl_soft': 27.883605678137076, 'sl_hard_delta': 48.241506263717824, 'tp': 42.10151775421723, 'gate_pct': 82.4858562385232, 'dd_limit': 2735.295580661161, 'cooldown': 4, 'flip': False, 'en_ema_trend': True, 'ema_trend_fast': 383, 'ema_trend_slow': 34, 'en_sma_trend': True, 'sma_trend_fast': 91, 'sma_trend_slow': 307, 'en_macd': True, 'macd_fast': 12, 'macd_slow': 18, 'macd_signal': 63, 'en_vwap': False, 'en_keltner': True, 'keltner_n': 39, 'keltner_m': 4.6000000000000005, 'en_obv': True, 'obv_slope': 147, 'en_cci': True, 'cci_n': 59, 'cci_threshold': 105, 'en_rsi': False, 'rsi_n': 88, 'rsi_lower': 13, 'rsi_upper': 88, 'en_stochastic': False, 'stochastic_n': 49, 'stochastic_d': 33, 'stochastic_lower': 42, 'stochastic_upper': 60, 'en_mfi': False, 'mfi_n': 90, 'mfi_lower': 2, 'mfi_upper': 55, 'en_bollinger': False, 'bollinger_n': 85, 'bollinger_k': 1.2000000000000002, 'en_adx': False, 'adx_n': 32, 'adx_threshold': 23, 'en_structure_trend': True, 'structure_trend_swing_l': 17, 'en_order_block': False, 'order_block_swing_l': 12, 'en_fvg': True, 'fvg_lookback': 8, 'en_ifvg': False, 'en_breaker': True, 'breaker_swing_l': 5, 'en_cisd': True, 'k': 4, 'en_cap_bars': False, 'cap_1min': 1298}.
[I 2026-07-13 17:19:58,469] Trial 187 finished with values: [-270.5254423051156, -1510.1184094554628, 58.65] and parameters: {'sl_soft': 37.49132233815045, 'sl_hard_delta': 46.53087950404616, 'tp': 29.99703976361623, 'gate_pct': 61.29515207255519, 'dd_limit': 6330.458522368667, 'cooldown': 3, 'flip': False, 'en_ema_trend': True, 'ema_trend_fast': 271, 'ema_trend_slow': 376, 'en_sma_trend': False, 'sma_trend_fast': 292, 'sma_trend_slow': 163, 'en_macd': True, 'macd_fast': 80, 'macd_slow': 190, 'macd_signal': 21, 'en_vwap': True, 'en_keltner': False, 'keltner_n': 200, 'keltner_m': 4.5, 'en_obv': False, 'obv_slope': 169, 'en_cci': False, 'cci_n': 88, 'cci_threshold': 260, 'en_rsi': True, 'rsi_n': 33, 'rsi_lower': 6, 'rsi_upper': 58, 'en_stochastic': False, 'stochastic_n': 66, 'stochastic_d': 12, 'stochastic_lower': 26, 'stochastic_upper': 57, 'en_mfi': True, 'mfi_n': 71, 'mfi_lower': 45, 'mfi_upper': 72, 'en_bollinger': False, 'bollinger_n': 22, 'bollinger_k': 2.5, 'en_adx': False, 'adx_n': 82, 'adx_threshold': 19, 'en_structure_trend': True, 'structure_trend_swing_l': 1, 'en_order_block': True, 'order_block_swing_l': 20, 'en_fvg': False, 'fvg_lookback': 4, 'en_ifvg': False, 'en_breaker': False, 'breaker_swing_l': 5, 'en_cisd': False, 'k': 4, 'en_cap_bars': False, 'cap_1min': 736}.
[I 2026-07-13 17:20:10,636] Trial 188 finished with values: [-819.9853992958742, -1604.8643556085153, 43.4] and parameters: {'sl_soft': 43.77200395307483, 'sl_hard_delta': 27.198362627846137, 'tp': 40.998747729611765, 'gate_pct': 42.37120833684469, 'dd_limit': 9592.055300611895, 'cooldown': 18, 'flip': False, 'en_ema_trend': False, 'ema_trend_fast': 346, 'ema_trend_slow': 8, 'en_sma_trend': True, 'sma_trend_fast': 271, 'sma_trend_slow': 242, 'en_macd': True, 'macd_fast': 65, 'macd_slow': 154, 'macd_signal': 12, 'en_vwap': True, 'en_keltner': True, 'keltner_n': 6, 'keltner_m': 1.8, 'en_obv': True, 'obv_slope': 117, 'en_cci': False, 'cci_n': 156, 'cci_threshold': 300, 'en_rsi': False, 'rsi_n': 76, 'rsi_lower': 18, 'rsi_upper': 59, 'en_stochastic': True, 'stochastic_n': 66, 'stochastic_d': 9, 'stochastic_lower': 40, 'stochastic_upper': 63, 'en_mfi': False, 'mfi_n': 99, 'mfi_lower': 28, 'mfi_upper': 75, 'en_bollinger': True, 'bollinger_n': 14, 'bollinger_k': 2.1, 'en_adx': True, 'adx_n': 11, 'adx_threshold': 7, 'en_structure_trend': False, 'structure_trend_swing_l': 15, 'en_order_block': False, 'order_block_swing_l': 18, 'en_fvg': True, 'fvg_lookback': 1, 'en_ifvg': True, 'en_breaker': True, 'breaker_swing_l': 14, 'en_cisd': True, 'k': 2, 'en_cap_bars': True, 'cap_1min': 399}.
[I 2026-07-13 17:20:11,529] Trial 189 pruned. 
[I 2026-07-13 17:20:16,701] Trial 190 finished with values: [-620.8634343642552, -5198.817888049125, 51.8] and parameters: {'sl_soft': 37.441531560466316, 'sl_hard_delta': 25.292026118053773, 'tp': 37.31237753799648, 'gate_pct': 74.64771504966384, 'dd_limit': 8836.141297284725, 'cooldown': 7, 'flip': False, 'en_ema_trend': False, 'ema_trend_fast': 351, 'ema_trend_slow': 238, 'en_sma_trend': False, 'sma_trend_fast': 337, 'sma_trend_slow': 298, 'en_macd': False, 'macd_fast': 25, 'macd_slow': 98, 'macd_signal': 87, 'en_vwap': True, 'en_keltner': False, 'keltner_n': 80, 'keltner_m': 4.300000000000001, 'en_obv': True, 'obv_slope': 116, 'en_cci': False, 'cci_n': 88, 'cci_threshold': 250, 'en_rsi': False, 'rsi_n': 95, 'rsi_lower': 15, 'rsi_upper': 63, 'en_stochastic': True, 'stochastic_n': 55, 'stochastic_d': 24, 'stochastic_lower': 11, 'stochastic_upper': 77, 'en_mfi': False, 'mfi_n': 13, 'mfi_lower': 12, 'mfi_upper': 85, 'en_bollinger': False, 'bollinger_n': 161, 'bollinger_k': 3.2, 'en_adx': False, 'adx_n': 67, 'adx_threshold': 35, 'en_structure_trend': True, 'structure_trend_swing_l': 18, 'en_order_block': True, 'order_block_swing_l': 13, 'en_fvg': False, 'fvg_lookback': 41, 'en_ifvg': False, 'en_breaker': False, 'breaker_swing_l': 20, 'en_cisd': False, 'k': 2, 'en_cap_bars': False, 'cap_1min': 651}.
[I 2026-07-13 17:20:19,149] Trial 191 finished with values: [-275.4809637589642, -2810.1785996003673, 61.0] and parameters: {'sl_soft': 31.67728122639392, 'sl_hard_delta': 40.41289337316738, 'tp': 27.147036539939897, 'gate_pct': 92.80779954528938, 'dd_limit': 3350.6412140007124, 'cooldown': 17, 'flip': True, 'en_ema_trend': True, 'ema_trend_fast': 101, 'ema_trend_slow': 102, 'en_sma_trend': True, 'sma_trend_fast': 370, 'sma_trend_slow': 304, 'en_macd': False, 'macd_fast': 31, 'macd_slow': 108, 'macd_signal': 65, 'en_vwap': False, 'en_keltner': False, 'keltner_n': 84, 'keltner_m': 3.1, 'en_obv': False, 'obv_slope': 143, 'en_cci': False, 'cci_n': 7, 'cci_threshold': 65, 'en_rsi': True, 'rsi_n': 73, 'rsi_lower': 20, 'rsi_upper': 59, 'en_stochastic': False, 'stochastic_n': 63, 'stochastic_d': 6, 'stochastic_lower': 45, 'stochastic_upper': 55, 'en_mfi': False, 'mfi_n': 89, 'mfi_lower': 25, 'mfi_upper': 81, 'en_bollinger': True, 'bollinger_n': 47, 'bollinger_k': 4.4, 'en_adx': False, 'adx_n': 20, 'adx_threshold': 28, 'en_structure_trend': False, 'structure_trend_swing_l': 3, 'en_order_block': False, 'order_block_swing_l': 17, 'en_fvg': True, 'fvg_lookback': 43, 'en_ifvg': False, 'en_breaker': True, 'breaker_swing_l': 17, 'en_cisd': False, 'k': 4, 'en_cap_bars': True, 'cap_1min': 126}.
[I 2026-07-13 17:20:20,242] Trial 192 pruned. 
