[I 2026-07-13 17:39:36,568] Trial 778 finished with values: [739.1899534359436, -830.0, 41.45] and parameters: {'sl_soft': 16.53284872548906, 'sl_hard_delta': 43.05437771749679, 'tp': 51.51173209162248, 'gate_pct': 33.41518335180748, 'dd_limit': 6200.963660003925, 'cooldown': 27, 'flip': True, 'en_ema_trend': True, 'ema_trend_fast': 59, 'ema_trend_slow': 135, 'en_sma_trend': False, 'sma_trend_fast': 128, 'sma_trend_slow': 307, 'en_macd': True, 'macd_fast': 87, 'macd_slow': 150, 'macd_signal': 87, 'en_vwap': False, 'en_keltner': True, 'keltner_n': 105, 'keltner_m': 3.8000000000000003, 'en_obv': True, 'obv_slope': 12, 'en_cci': False, 'cci_n': 195, 'cci_threshold': 145, 'en_rsi': False, 'rsi_n': 74, 'rsi_lower': 43, 'rsi_upper': 91, 'en_stochastic': False, 'stochastic_n': 14, 'stochastic_d': 31, 'stochastic_lower': 36, 'stochastic_upper': 68, 'en_mfi': True, 'mfi_n': 66, 'mfi_lower': 8, 'mfi_upper': 93, 'en_bollinger': False, 'bollinger_n': 136, 'bollinger_k': 3.7, 'en_adx': False, 'adx_n': 81, 'adx_threshold': 6, 'en_structure_trend': True, 'structure_trend_swing_l': 19, 'en_order_block': True, 'order_block_swing_l': 11, 'en_fvg': True, 'fvg_lookback': 24, 'en_ifvg': False, 'en_breaker': True, 'breaker_swing_l': 15, 'en_cisd': True, 'k': 5, 'en_cap_bars': True, 'cap_1min': 412}.
[I 2026-07-13 17:39:39,360] Trial 779 finished with values: [1854.8995435196048, -2614.7267618673504, 54.7] and parameters: {'sl_soft': 37.49132233815045, 'sl_hard_delta': 6.313902063185736, 'tp': 42.717340442581346, 'gate_pct': 92.69716677410476, 'dd_limit': 6200.963660003925, 'cooldown': 0, 'flip': True, 'en_ema_trend': False, 'ema_trend_fast': 59, 'ema_trend_slow': 135, 'en_sma_trend': False, 'sma_trend_fast': 330, 'sma_trend_slow': 384, 'en_macd': True, 'macd_fast': 44, 'macd_slow': 53, 'macd_signal': 86, 'en_vwap': True, 'en_keltner': True, 'keltner_n': 88, 'keltner_m': 4.5, 'en_obv': False, 'obv_slope': 92, 'en_cci': False, 'cci_n': 195, 'cci_threshold': 145, 'en_rsi': False, 'rsi_n': 80, 'rsi_lower': 43, 'rsi_upper': 57, 'en_stochastic': False, 'stochastic_n': 8, 'stochastic_d': 2, 'stochastic_lower': 33, 'stochastic_upper': 62, 'en_mfi': False, 'mfi_n': 26, 'mfi_lower': 40, 'mfi_upper': 79, 'en_bollinger': False, 'bollinger_n': 22, 'bollinger_k': 3.7, 'en_adx': False, 'adx_n': 71, 'adx_threshold': 6, 'en_structure_trend': True, 'structure_trend_swing_l': 19, 'en_order_block': True, 'order_block_swing_l': 10, 'en_fvg': True, 'fvg_lookback': 16, 'en_ifvg': False, 'en_breaker': True, 'breaker_swing_l': 1, 'en_cisd': False, 'k': 5, 'en_cap_bars': True, 'cap_1min': 1002}.
[I 2026-07-13 17:39:39,958] Trial 780 finished with values: [1104.0800145710818, -662.7299963572295, 53.099999999999994] and parameters: {'sl_soft': 13.526565860109505, 'sl_hard_delta': 57.09095784154005, 'tp': 41.72700036427423, 'gate_pct': 74.50813821223942, 'dd_limit': 1393.7003097166044, 'cooldown': 2, 'flip': True, 'en_ema_trend': True, 'ema_trend_fast': 200, 'ema_trend_slow': 250, 'en_sma_trend': True, 'sma_trend_fast': 154, 'sma_trend_slow': 265, 'en_macd': True, 'macd_fast': 63, 'macd_slow': 116, 'macd_signal': 66, 'en_vwap': False, 'en_keltner': True, 'keltner_n': 73, 'keltner_m': 1.7000000000000002, 'en_obv': False, 'obv_slope': 15, 'en_cci': False, 'cci_n': 195, 'cci_threshold': 155, 'en_rsi': False, 'rsi_n': 46, 'rsi_lower': 23, 'rsi_upper': 91, 'en_stochastic': True, 'stochastic_n': 71, 'stochastic_d': 12, 'stochastic_lower': 33, 'stochastic_upper': 88, 'en_mfi': True, 'mfi_n': 26, 'mfi_lower': 19, 'mfi_upper': 79, 'en_bollinger': False, 'bollinger_n': 187, 'bollinger_k': 0.9, 'en_adx': False, 'adx_n': 81, 'adx_threshold': 55, 'en_structure_trend': True, 'structure_trend_swing_l': 7, 'en_order_block': True, 'order_block_swing_l': 11, 'en_fvg': False, 'fvg_lookback': 38, 'en_ifvg': True, 'en_breaker': False, 'breaker_swing_l': 7, 'en_cisd': False, 'k': 3, 'en_cap_bars': True, 'cap_1min': 1002}.
[I 2026-07-13 17:39:41,397] Trial 781 finished with values: [816.5736710227793, -476.41329778707586, 45.9] and parameters: {'sl_soft': 16.53284872548906, 'sl_hard_delta': 15.68658300542352, 'tp': 42.717340442581346, 'gate_pct': 33.41518335180748, 'dd_limit': 9571.486532588566, 'cooldown': 9, 'flip': True, 'en_ema_trend': False, 'ema_trend_fast': 59, 'ema_trend_slow': 274, 'en_sma_trend': False, 'sma_trend_fast': 128, 'sma_trend_slow': 396, 'en_macd': True, 'macd_fast': 87, 'macd_slow': 53, 'macd_signal': 41, 'en_vwap': True, 'en_keltner': False, 'keltner_n': 115, 'keltner_m': 4.1, 'en_obv': True, 'obv_slope': 167, 'en_cci': False, 'cci_n': 33, 'cci_threshold': 280, 'en_rsi': False, 'rsi_n': 74, 'rsi_lower': 15, 'rsi_upper': 98, 'en_stochastic': False, 'stochastic_n': 6, 'stochastic_d': 31, 'stochastic_lower': 36, 'stochastic_upper': 62, 'en_mfi': True, 'mfi_n': 66, 'mfi_lower': 8, 'mfi_upper': 93, 'en_bollinger': True, 'bollinger_n': 136, 'bollinger_k': 3.7, 'en_adx': False, 'adx_n': 71, 'adx_threshold': 6, 'en_structure_trend': True, 'structure_trend_swing_l': 18, 'en_order_block': False, 'order_block_swing_l': 10, 'en_fvg': True, 'fvg_lookback': 15, 'en_ifvg': False, 'en_breaker': True, 'breaker_swing_l': 15, 'en_cisd': True, 'k': 5, 'en_cap_bars': True, 'cap_1min': 412}.
[I 2026-07-13 17:39:41,622] Trial 782 finished with values: [252.5, -245.0, 50.45] and parameters: {'sl_soft': 18.688123795390414, 'sl_hard_delta': 43.05437771749679, 'tp': 34.46883891078241, 'gate_pct': 46.08560773510935, 'dd_limit': 7287.8670146700415, 'cooldown': 12, 'flip': True, 'en_ema_trend': True, 'ema_trend_fast': 59, 'ema_trend_slow': 250, 'en_sma_trend': False, 'sma_trend_fast': 7, 'sma_trend_slow': 396, 'en_macd': False, 'macd_fast': 91, 'macd_slow': 53, 'macd_signal': 13, 'en_vwap': True, 'en_keltner': True, 'keltner_n': 105, 'keltner_m': 4.6000000000000005, 'en_obv': False, 'obv_slope': 186, 'en_cci': False, 'cci_n': 33, 'cci_threshold': 195, 'en_rsi': False, 'rsi_n': 8, 'rsi_lower': 7, 'rsi_upper': 84, 'en_stochastic': False, 'stochastic_n': 14, 'stochastic_d': 2, 'stochastic_lower': 33, 'stochastic_upper': 97, 'en_mfi': True, 'mfi_n': 61, 'mfi_lower': 26, 'mfi_upper': 93, 'en_bollinger': True, 'bollinger_n': 136, 'bollinger_k': 3.7, 'en_adx': False, 'adx_n': 71, 'adx_threshold': 5, 'en_structure_trend': True, 'structure_trend_swing_l': 18, 'en_order_block': False, 'order_block_swing_l': 9, 'en_fvg': True, 'fvg_lookback': 36, 'en_ifvg': False, 'en_breaker': True, 'breaker_swing_l': 17, 'en_cisd': False, 'k': 5, 'en_cap_bars': True, 'cap_1min': 3}.
[I 2026-07-13 17:39:41,981] Trial 783 finished with values: [829.6140428161198, -452.65580544608383, 53.55] and parameters: {'sl_soft': 16.53284872548906, 'sl_hard_delta': 43.05437771749679, 'tp': 34.46883891078241, 'gate_pct': 33.56638011646498, 'dd_limit': 6200.963660003925, 'cooldown': 3, 'flip': True, 'en_ema_trend': False, 'ema_trend_fast': 271, 'ema_trend_slow': 218, 'en_sma_trend': False, 'sma_trend_fast': 128, 'sma_trend_slow': 263, 'en_macd': False, 'macd_fast': 80, 'macd_slow': 150, 'macd_signal': 1, 'en_vwap': False, 'en_keltner': False, 'keltner_n': 105, 'keltner_m': 4.8, 'en_obv': False, 'obv_slope': 167, 'en_cci': False, 'cci_n': 195, 'cci_threshold': 65, 'en_rsi': False, 'rsi_n': 74, 'rsi_lower': 15, 'rsi_upper': 91, 'en_stochastic': False, 'stochastic_n': 99, 'stochastic_d': 31, 'stochastic_lower': 16, 'stochastic_upper': 57, 'en_mfi': True, 'mfi_n': 61, 'mfi_lower': 12, 'mfi_upper': 79, 'en_bollinger': False, 'bollinger_n': 22, 'bollinger_k': 2.1, 'en_adx': False, 'adx_n': 11, 'adx_threshold': 55, 'en_structure_trend': True, 'structure_trend_swing_l': 18, 'en_order_block': False, 'order_block_swing_l': 9, 'en_fvg': True, 'fvg_lookback': 15, 'en_ifvg': False, 'en_breaker': True, 'breaker_swing_l': 15, 'en_cisd': True, 'k': 4, 'en_cap_bars': True, 'cap_1min': 1388}.
[I 2026-07-13 17:39:42,380] Trial 784 pruned. 
[I 2026-07-13 17:39:43,366] Trial 785 finished with values: [2258.7803591900774, -2641.822669989815, 59.35] and parameters: {'sl_soft': 37.49132233815045, 'sl_hard_delta': 42.2746926827138, 'tp': 42.717340442581346, 'gate_pct': 84.18980078267379, 'dd_limit': 9308.14469807598, 'cooldown': 27, 'flip': True, 'en_ema_trend': True, 'ema_trend_fast': 59, 'ema_trend_slow': 346, 'en_sma_trend': False, 'sma_trend_fast': 128, 'sma_trend_slow': 396, 'en_macd': False, 'macd_fast': 87, 'macd_slow': 150, 'macd_signal': 64, 'en_vwap': False, 'en_keltner': True, 'keltner_n': 115, 'keltner_m': 4.1, 'en_obv': True, 'obv_slope': 12, 'en_cci': False, 'cci_n': 195, 'cci_threshold': 290, 'en_rsi': False, 'rsi_n': 74, 'rsi_lower': 7, 'rsi_upper': 56, 'en_stochastic': False, 'stochastic_n': 63, 'stochastic_d': 12, 'stochastic_lower': 33, 'stochastic_upper': 64, 'en_mfi': True, 'mfi_n': 61, 'mfi_lower': 8, 'mfi_upper': 93, 'en_bollinger': True, 'bollinger_n': 195, 'bollinger_k': 3.8000000000000003, 'en_adx': False, 'adx_n': 81, 'adx_threshold': 55, 'en_structure_trend': True, 'structure_trend_swing_l': 18, 'en_order_block': True, 'order_block_swing_l': 10, 'en_fvg': True, 'fvg_lookback': 47, 'en_ifvg': False, 'en_breaker': False, 'breaker_swing_l': 15, 'en_cisd': True, 'k': 4, 'en_cap_bars': True, 'cap_1min': 412}.
[I 2026-07-13 17:39:44,914] Trial 786 finished with values: [-601.229149074552, -1813.2534407504136, 55.7] and parameters: {'sl_soft': 16.53284872548906, 'sl_hard_delta': 43.05437771749679, 'tp': 19.388754886316853, 'gate_pct': 74.50813821223942, 'dd_limit': 1393.7003097166044, 'cooldown': 2, 'flip': True, 'en_ema_trend': False, 'ema_trend_fast': 29, 'ema_trend_slow': 250, 'en_sma_trend': True, 'sma_trend_fast': 128, 'sma_trend_slow': 265, 'en_macd': False, 'macd_fast': 87, 'macd_slow': 166, 'macd_signal': 66, 'en_vwap': True, 'en_keltner': True, 'keltner_n': 73, 'keltner_m': 3.8000000000000003, 'en_obv': True, 'obv_slope': 162, 'en_cci': False, 'cci_n': 195, 'cci_threshold': 155, 'en_rsi': True, 'rsi_n': 46, 'rsi_lower': 15, 'rsi_upper': 91, 'en_stochastic': False, 'stochastic_n': 68, 'stochastic_d': 31, 'stochastic_lower': 2, 'stochastic_upper': 88, 'en_mfi': True, 'mfi_n': 26, 'mfi_lower': 8, 'mfi_upper': 92, 'en_bollinger': False, 'bollinger_n': 187, 'bollinger_k': 1.8, 'en_adx': False, 'adx_n': 81, 'adx_threshold': 55, 'en_structure_trend': True, 'structure_trend_swing_l': 7, 'en_order_block': True, 'order_block_swing_l': 11, 'en_fvg': False, 'fvg_lookback': 38, 'en_ifvg': False, 'en_breaker': True, 'breaker_swing_l': 7, 'en_cisd': False, 'k': 5, 'en_cap_bars': True, 'cap_1min': 412}.
[I 2026-07-13 17:39:46,651] Trial 787 finished with values: [886.9582373700359, -435.0, 54.4] and parameters: {'sl_soft': 16.53284872548906, 'sl_hard_delta': 43.05437771749679, 'tp': 34.46883891078241, 'gate_pct': 33.41518335180748, 'dd_limit': 928.2439984695909, 'cooldown': 12, 'flip': True, 'en_ema_trend': True, 'ema_trend_fast': 29, 'ema_trend_slow': 274, 'en_sma_trend': False, 'sma_trend_fast': 142, 'sma_trend_slow': 143, 'en_macd': True, 'macd_fast': 87, 'macd_slow': 48, 'macd_signal': 100, 'en_vwap': True, 'en_keltner': True, 'keltner_n': 137, 'keltner_m': 3.8000000000000003, 'en_obv': False, 'obv_slope': 167, 'en_cci': False, 'cci_n': 94, 'cci_threshold': 290, 'en_rsi': True, 'rsi_n': 8, 'rsi_lower': 15, 'rsi_upper': 84, 'en_stochastic': False, 'stochastic_n': 71, 'stochastic_d': 31, 'stochastic_lower': 36, 'stochastic_upper': 68, 'en_mfi': True, 'mfi_n': 61, 'mfi_lower': 8, 'mfi_upper': 92, 'en_bollinger': False, 'bollinger_n': 69, 'bollinger_k': 1.6, 'en_adx': False, 'adx_n': 81, 'adx_threshold': 55, 'en_structure_trend': True, 'structure_trend_swing_l': 18, 'en_order_block': False, 'order_block_swing_l': 11, 'en_fvg': True, 'fvg_lookback': 15, 'en_ifvg': False, 'en_breaker': True, 'breaker_swing_l': 15, 'en_cisd': True, 'k': 5, 'en_cap_bars': True, 'cap_1min': 412}.
[I 2026-07-13 17:39:48,858] Trial 788 finished with values: [239.32810728179902, -1570.042939188279, 54.1] and parameters: {'sl_soft': 18.688123795390414, 'sl_hard_delta': 6.313902063185736, 'tp': 22.093811757633084, 'gate_pct': 76.55976188692937, 'dd_limit': 7287.8670146700415, 'cooldown': 9, 'flip': True, 'en_ema_trend': True, 'ema_trend_fast': 59, 'ema_trend_slow': 274, 'en_sma_trend': True, 'sma_trend_fast': 128, 'sma_trend_slow': 143, 'en_macd': True, 'macd_fast': 91, 'macd_slow': 116, 'macd_signal': 86, 'en_vwap': True, 'en_keltner': True, 'keltner_n': 137, 'keltner_m': 4.5, 'en_obv': False, 'obv_slope': 186, 'en_cci': False, 'cci_n': 182, 'cci_threshold': 145, 'en_rsi': True, 'rsi_n': 74, 'rsi_lower': 7, 'rsi_upper': 98, 'en_stochastic': False, 'stochastic_n': 8, 'stochastic_d': 31, 'stochastic_lower': 2, 'stochastic_upper': 57, 'en_mfi': True, 'mfi_n': 26, 'mfi_lower': 40, 'mfi_upper': 92, 'en_bollinger': False, 'bollinger_n': 22, 'bollinger_k': 3.7, 'en_adx': False, 'adx_n': 81, 'adx_threshold': 6, 'en_structure_trend': True, 'structure_trend_swing_l': 19, 'en_order_block': True, 'order_block_swing_l': 10, 'en_fvg': True, 'fvg_lookback': 24, 'en_ifvg': True, 'en_breaker': False, 'breaker_swing_l': 15, 'en_cisd': True, 'k': 3, 'en_cap_bars': True, 'cap_1min': 608}.
[I 2026-07-13 17:39:49,703] Trial 789 finished with values: [904.5432991325833, -1493.2318032055991, 47.45] and parameters: {'sl_soft': 18.688123795390414, 'sl_hard_delta': 38.89591466729796, 'tp': 34.46883891078241, 'gate_pct': 76.55976188692937, 'dd_limit': 7287.8670146700415, 'cooldown': 0, 'flip': True, 'en_ema_trend': True, 'ema_trend_fast': 183, 'ema_trend_slow': 274, 'en_sma_trend': True, 'sma_trend_fast': 99, 'sma_trend_slow': 52, 'en_macd': False, 'macd_fast': 87, 'macd_slow': 48, 'macd_signal': 3, 'en_vwap': False, 'en_keltner': False, 'keltner_n': 105, 'keltner_m': 3.8000000000000003, 'en_obv': False, 'obv_slope': 186, 'en_cci': False, 'cci_n': 143, 'cci_threshold': 195, 'en_rsi': False, 'rsi_n': 74, 'rsi_lower': 7, 'rsi_upper': 87, 'en_stochastic': False, 'stochastic_n': 6, 'stochastic_d': 31, 'stochastic_lower': 2, 'stochastic_upper': 97, 'en_mfi': True, 'mfi_n': 61, 'mfi_lower': 26, 'mfi_upper': 92, 'en_bollinger': True, 'bollinger_n': 69, 'bollinger_k': 2.2, 'en_adx': False, 'adx_n': 81, 'adx_threshold': 59, 'en_structure_trend': True, 'structure_trend_swing_l': 18, 'en_order_block': True, 'order_block_swing_l': 11, 'en_fvg': True, 'fvg_lookback': 38, 'en_ifvg': False, 'en_breaker': False, 'breaker_swing_l': 17, 'en_cisd': False, 'k': 1, 'en_cap_bars': False, 'cap_1min': 68}.
[I 2026-07-13 17:39:50,188] Trial 790 finished with values: [102.5, -230.0, 46.3] and parameters: {'sl_soft': 16.53284872548906, 'sl_hard_delta': 43.05437771749679, 'tp': 29.498295379972408, 'gate_pct': 33.56638011646498, 'dd_limit': 9308.14469807598, 'cooldown': 0, 'flip': True, 'en_ema_trend': True, 'ema_trend_fast': 59, 'ema_trend_slow': 274, 'en_sma_trend': True, 'sma_trend_fast': 7, 'sma_trend_slow': 263, 'en_macd': False, 'macd_fast': 87, 'macd_slow': 150, 'macd_signal': 64, 'en_vwap': False, 'en_keltner': True, 'keltner_n': 73, 'keltner_m': 4.1, 'en_obv': True, 'obv_slope': 162, 'en_cci': False, 'cci_n': 195, 'cci_threshold': 290, 'en_rsi': False, 'rsi_n': 74, 'rsi_lower': 15, 'rsi_upper': 87, 'en_stochastic': False, 'stochastic_n': 68, 'stochastic_d': 34, 'stochastic_lower': 2, 'stochastic_upper': 62, 'en_mfi': False, 'mfi_n': 66, 'mfi_lower': 8, 'mfi_upper': 92, 'en_bollinger': True, 'bollinger_n': 10, 'bollinger_k': 1.8, 'en_adx': False, 'adx_n': 73, 'adx_threshold': 6, 'en_structure_trend': True, 'structure_trend_swing_l': 18, 'en_order_block': False, 'order_block_swing_l': 10, 'en_fvg': True, 'fvg_lookback': 15, 'en_ifvg': False, 'en_breaker': False, 'breaker_swing_l': 10, 'en_cisd': True, 'k': 5, 'en_cap_bars': True, 'cap_1min': 3}.
[I 2026-07-13 17:39:50,465] Trial 791 finished with values: [241.79718039502404, -483.0562255683981, 62.2] and parameters: {'sl_soft': 18.688123795390414, 'sl_hard_delta': 42.2746926827138, 'tp': 19.388754886316853, 'gate_pct': 33.56638011646498, 'dd_limit': 7287.8670146700415, 'cooldown': 0, 'flip': True, 'en_ema_trend': True, 'ema_trend_fast': 29, 'ema_trend_slow': 274, 'en_sma_trend': False, 'sma_trend_fast': 128, 'sma_trend_slow': 52, 'en_macd': False, 'macd_fast': 87, 'macd_slow': 150, 'macd_signal': 1, 'en_vwap': True, 'en_keltner': False, 'keltner_n': 73, 'keltner_m': 3.8000000000000003, 'en_obv': True, 'obv_slope': 186, 'en_cci': False, 'cci_n': 143, 'cci_threshold': 115, 'en_rsi': False, 'rsi_n': 74, 'rsi_lower': 15, 'rsi_upper': 84, 'en_stochastic': False, 'stochastic_n': 71, 'stochastic_d': 31, 'stochastic_lower': 45, 'stochastic_upper': 52, 'en_mfi': True, 'mfi_n': 61, 'mfi_lower': 26, 'mfi_upper': 92, 'en_bollinger': False, 'bollinger_n': 10, 'bollinger_k': 2.2, 'en_adx': False, 'adx_n': 81, 'adx_threshold': 59, 'en_structure_trend': True, 'structure_trend_swing_l': 18, 'en_order_block': True, 'order_block_swing_l': 11, 'en_fvg': True, 'fvg_lookback': 15, 'en_ifvg': False, 'en_breaker': True, 'breaker_swing_l': 15, 'en_cisd': True, 'k': 5, 'en_cap_bars': False, 'cap_1min': 412}.
[I 2026-07-13 17:39:52,052] Trial 792 finished with values: [2488.7082697238293, -1815.7275253943226, 40.55] and parameters: {'sl_soft': 16.53284872548906, 'sl_hard_delta': 38.89591466729796, 'tp': 51.51173209162248, 'gate_pct': 76.55976188692937, 'dd_limit': 9308.14469807598, 'cooldown': 0, 'flip': True, 'en_ema_trend': True, 'ema_trend_fast': 230, 'ema_trend_slow': 274, 'en_sma_trend': False, 'sma_trend_fast': 128, 'sma_trend_slow': 396, 'en_macd': False, 'macd_fast': 87, 'macd_slow': 150, 'macd_signal': 1, 'en_vwap': True, 'en_keltner': True, 'keltner_n': 105, 'keltner_m': 3.8000000000000003, 'en_obv': False, 'obv_slope': 167, 'en_cci': False, 'cci_n': 195, 'cci_threshold': 145, 'en_rsi': True, 'rsi_n': 74, 'rsi_lower': 15, 'rsi_upper': 87, 'en_stochastic': False, 'stochastic_n': 58, 'stochastic_d': 4, 'stochastic_lower': 36, 'stochastic_upper': 68, 'en_mfi': True, 'mfi_n': 66, 'mfi_lower': 26, 'mfi_upper': 93, 'en_bollinger': False, 'bollinger_n': 136, 'bollinger_k': 2.2, 'en_adx': False, 'adx_n': 81, 'adx_threshold': 53, 'en_structure_trend': True, 'structure_trend_swing_l': 18, 'en_order_block': False, 'order_block_swing_l': 11, 'en_fvg': False, 'fvg_lookback': 16, 'en_ifvg': False, 'en_breaker': False, 'breaker_swing_l': 17, 'en_cisd': True, 'k': 5, 'en_cap_bars': False, 'cap_1min': 1208}.
[I 2026-07-13 17:39:52,385] Trial 793 finished with values: [2267.8228146897345, -1773.3724669127332, 41.9] and parameters: {'sl_soft': 16.38720937773672, 'sl_hard_delta': 42.2746926827138, 'tp': 46.56962981112915, 'gate_pct': 76.55976188692937, 'dd_limit': 3617.657841686699, 'cooldown': 0, 'flip': True, 'en_ema_trend': False, 'ema_trend_fast': 41, 'ema_trend_slow': 274, 'en_sma_trend': False, 'sma_trend_fast': 194, 'sma_trend_slow': 263, 'en_macd': False, 'macd_fast': 44, 'macd_slow': 48, 'macd_signal': 3, 'en_vwap': True, 'en_keltner': True, 'keltner_n': 105, 'keltner_m': 4.1, 'en_obv': False, 'obv_slope': 167, 'en_cci': False, 'cci_n': 182, 'cci_threshold': 145, 'en_rsi': False, 'rsi_n': 89, 'rsi_lower': 13, 'rsi_upper': 57, 'en_stochastic': False, 'stochastic_n': 47, 'stochastic_d': 31, 'stochastic_lower': 33, 'stochastic_upper': 97, 'en_mfi': True, 'mfi_n': 90, 'mfi_lower': 26, 'mfi_upper': 92, 'en_bollinger': False, 'bollinger_n': 136, 'bollinger_k': 2.2, 'en_adx': False, 'adx_n': 71, 'adx_threshold': 59, 'en_structure_trend': True, 'structure_trend_swing_l': 14, 'en_order_block': False, 'order_block_swing_l': 11, 'en_fvg': True, 'fvg_lookback': 47, 'en_ifvg': False, 'en_breaker': False, 'breaker_swing_l': 10, 'en_cisd': False, 'k': 4, 'en_cap_bars': True, 'cap_1min': 412}.
[I 2026-07-13 17:39:53,300] Trial 794 finished with values: [43.6675187212677, -1832.8787935384025, 51.9] and parameters: {'sl_soft': 29.956061875350898, 'sl_hard_delta': 43.05437771749679, 'tp': 42.717340442581346, 'gate_pct': 67.43945106994327, 'dd_limit': 7599.859331372681, 'cooldown': 0, 'flip': True, 'en_ema_trend': True, 'ema_trend_fast': 14, 'ema_trend_slow': 346, 'en_sma_trend': True, 'sma_trend_fast': 128, 'sma_trend_slow': 329, 'en_macd': False, 'macd_fast': 24, 'macd_slow': 150, 'macd_signal': 1, 'en_vwap': True, 'en_keltner': True, 'keltner_n': 94, 'keltner_m': 4.5, 'en_obv': False, 'obv_slope': 31, 'en_cci': True, 'cci_n': 13, 'cci_threshold': 115, 'en_rsi': False, 'rsi_n': 89, 'rsi_lower': 15, 'rsi_upper': 57, 'en_stochastic': False, 'stochastic_n': 6, 'stochastic_d': 34, 'stochastic_lower': 11, 'stochastic_upper': 63, 'en_mfi': True, 'mfi_n': 7, 'mfi_lower': 24, 'mfi_upper': 53, 'en_bollinger': False, 'bollinger_n': 163, 'bollinger_k': 3.7, 'en_adx': False, 'adx_n': 71, 'adx_threshold': 32, 'en_structure_trend': True, 'structure_trend_swing_l': 18, 'en_order_block': False, 'order_block_swing_l': 1, 'en_fvg': True, 'fvg_lookback': 47, 'en_ifvg': True, 'en_breaker': False, 'breaker_swing_l': 10, 'en_cisd': False, 'k': 4, 'en_cap_bars': False, 'cap_1min': 801}.
