[I 2026-07-13 17:18:07,449] Trial 151 finished with values: [749.0071452838129, -1279.1444300632065, 40.45] and parameters: {'sl_soft': 18.29563062845488, 'sl_hard_delta': 31.93349634618659, 'tp': 55.40024096199828, 'gate_pct': 88.06216959925202, 'dd_limit': 7586.3552764031565, 'cooldown': 27, 'flip': True, 'en_ema_trend': False, 'ema_trend_fast': 14, 'ema_trend_slow': 305, 'en_sma_trend': False, 'sma_trend_fast': 44, 'sma_trend_slow': 277, 'en_macd': False, 'macd_fast': 67, 'macd_slow': 82, 'macd_signal': 87, 'en_vwap': True, 'en_keltner': False, 'keltner_n': 145, 'keltner_m': 4.5, 'en_obv': True, 'obv_slope': 173, 'en_cci': True, 'cci_n': 82, 'cci_threshold': 50, 'en_rsi': True, 'rsi_n': 50, 'rsi_lower': 48, 'rsi_upper': 57, 'en_stochastic': False, 'stochastic_n': 80, 'stochastic_d': 27, 'stochastic_lower': 49, 'stochastic_upper': 72, 'en_mfi': False, 'mfi_n': 43, 'mfi_lower': 21, 'mfi_upper': 51, 'en_bollinger': False, 'bollinger_n': 68, 'bollinger_k': 1.7000000000000002, 'en_adx': False, 'adx_n': 61, 'adx_threshold': 52, 'en_structure_trend': False, 'structure_trend_swing_l': 9, 'en_order_block': False, 'order_block_swing_l': 10, 'en_fvg': False, 'fvg_lookback': 41, 'en_ifvg': True, 'en_breaker': True, 'breaker_swing_l': 11, 'en_cisd': True, 'k': 5, 'en_cap_bars': False, 'cap_1min': 1153}.
[I 2026-07-13 17:18:09,281] Trial 152 finished with values: [1437.1219827729874, -953.8560960526956, 58.1] and parameters: {'sl_soft': 36.05398309236246, 'sl_hard_delta': 18.737535106690263, 'tp': 48.19772863078768, 'gate_pct': 91.13083542736462, 'dd_limit': 4980.091091155668, 'cooldown': 12, 'flip': True, 'en_ema_trend': False, 'ema_trend_fast': 314, 'ema_trend_slow': 24, 'en_sma_trend': False, 'sma_trend_fast': 29, 'sma_trend_slow': 273, 'en_macd': False, 'macd_fast': 38, 'macd_slow': 16, 'macd_signal': 58, 'en_vwap': True, 'en_keltner': True, 'keltner_n': 8, 'keltner_m': 4.7, 'en_obv': False, 'obv_slope': 170, 'en_cci': False, 'cci_n': 129, 'cci_threshold': 80, 'en_rsi': False, 'rsi_n': 55, 'rsi_lower': 37, 'rsi_upper': 80, 'en_stochastic': False, 'stochastic_n': 11, 'stochastic_d': 13, 'stochastic_lower': 9, 'stochastic_upper': 93, 'en_mfi': False, 'mfi_n': 17, 'mfi_lower': 20, 'mfi_upper': 64, 'en_bollinger': True, 'bollinger_n': 178, 'bollinger_k': 0.6, 'en_adx': False, 'adx_n': 87, 'adx_threshold': 15, 'en_structure_trend': True, 'structure_trend_swing_l': 8, 'en_order_block': False, 'order_block_swing_l': 1, 'en_fvg': True, 'fvg_lookback': 1, 'en_ifvg': True, 'en_breaker': False, 'breaker_swing_l': 18, 'en_cisd': True, 'k': 4, 'en_cap_bars': False, 'cap_1min': 85}.
[I 2026-07-13 17:18:09,564] Trial 153 pruned. 
[I 2026-07-13 17:18:10,901] Trial 154 finished with values: [-1846.616369278454, -3941.2857501970575, 35.0] and parameters: {'sl_soft': 20.66358036605279, 'sl_hard_delta': 55.4028155613056, 'tp': 55.40024096199828, 'gate_pct': 86.68863637915473, 'dd_limit': 4482.342775889899, 'cooldown': 13, 'flip': False, 'en_ema_trend': False, 'ema_trend_fast': 121, 'ema_trend_slow': 305, 'en_sma_trend': False, 'sma_trend_fast': 44, 'sma_trend_slow': 14, 'en_macd': False, 'macd_fast': 67, 'macd_slow': 18, 'macd_signal': 45, 'en_vwap': True, 'en_keltner': False, 'keltner_n': 68, 'keltner_m': 1.5, 'en_obv': True, 'obv_slope': 173, 'en_cci': True, 'cci_n': 82, 'cci_threshold': 50, 'en_rsi': True, 'rsi_n': 50, 'rsi_lower': 7, 'rsi_upper': 94, 'en_stochastic': False, 'stochastic_n': 8, 'stochastic_d': 40, 'stochastic_lower': 40, 'stochastic_upper': 72, 'en_mfi': False, 'mfi_n': 45, 'mfi_lower': 16, 'mfi_upper': 51, 'en_bollinger': False, 'bollinger_n': 68, 'bollinger_k': 1.7000000000000002, 'en_adx': False, 'adx_n': 61, 'adx_threshold': 52, 'en_structure_trend': False, 'structure_trend_swing_l': 9, 'en_order_block': False, 'order_block_swing_l': 14, 'en_fvg': False, 'fvg_lookback': 14, 'en_ifvg': True, 'en_breaker': True, 'breaker_swing_l': 3, 'en_cisd': True, 'k': 5, 'en_cap_bars': False, 'cap_1min': 995}.
[I 2026-07-13 17:18:11,260] Trial 155 finished with values: [1309.2019585476737, -2191.5828056066675, 46.0] and parameters: {'sl_soft': 26.40387739137367, 'sl_hard_delta': 10.652995107586017, 'tp': 48.79882284231873, 'gate_pct': 62.02693045764362, 'dd_limit': 3975.4449591887696, 'cooldown': 18, 'flip': True, 'en_ema_trend': True, 'ema_trend_fast': 393, 'ema_trend_slow': 361, 'en_sma_trend': False, 'sma_trend_fast': 178, 'sma_trend_slow': 376, 'en_macd': False, 'macd_fast': 57, 'macd_slow': 64, 'macd_signal': 54, 'en_vwap': True, 'en_keltner': True, 'keltner_n': 49, 'keltner_m': 4.5, 'en_obv': False, 'obv_slope': 168, 'en_cci': False, 'cci_n': 2, 'cci_threshold': 90, 'en_rsi': True, 'rsi_n': 25, 'rsi_lower': 19, 'rsi_upper': 58, 'en_stochastic': False, 'stochastic_n': 71, 'stochastic_d': 34, 'stochastic_lower': 16, 'stochastic_upper': 94, 'en_mfi': False, 'mfi_n': 41, 'mfi_lower': 2, 'mfi_upper': 95, 'en_bollinger': True, 'bollinger_n': 62, 'bollinger_k': 4.8, 'en_adx': False, 'adx_n': 2, 'adx_threshold': 26, 'en_structure_trend': True, 'structure_trend_swing_l': 11, 'en_order_block': False, 'order_block_swing_l': 12, 'en_fvg': True, 'fvg_lookback': 45, 'en_ifvg': False, 'en_breaker': False, 'breaker_swing_l': 18, 'en_cisd': True, 'k': 3, 'en_cap_bars': False, 'cap_1min': 1165}.
[I 2026-07-13 17:18:12,022] Trial 156 pruned. 
[I 2026-07-13 17:18:18,833] Trial 157 finished with values: [-2138.521867735344, -4400.509596770171, 44.5] and parameters: {'sl_soft': 26.040159035612305, 'sl_hard_delta': 38.83590811473502, 'tp': 38.74502849104124, 'gate_pct': 84.68288014900352, 'dd_limit': 6391.37714091985, 'cooldown': 5, 'flip': False, 'en_ema_trend': False, 'ema_trend_fast': 29, 'ema_trend_slow': 359, 'en_sma_trend': False, 'sma_trend_fast': 128, 'sma_trend_slow': 396, 'en_macd': False, 'macd_fast': 81, 'macd_slow': 150, 'macd_signal': 2, 'en_vwap': False, 'en_keltner': True, 'keltner_n': 43, 'keltner_m': 2.2, 'en_obv': True, 'obv_slope': 89, 'en_cci': False, 'cci_n': 93, 'cci_threshold': 280, 'en_rsi': False, 'rsi_n': 21, 'rsi_lower': 38, 'rsi_upper': 95, 'en_stochastic': True, 'stochastic_n': 25, 'stochastic_d': 18, 'stochastic_lower': 47, 'stochastic_upper': 71, 'en_mfi': False, 'mfi_n': 65, 'mfi_lower': 47, 'mfi_upper': 93, 'en_bollinger': False, 'bollinger_n': 137, 'bollinger_k': 0.5, 'en_adx': False, 'adx_n': 91, 'adx_threshold': 12, 'en_structure_trend': False, 'structure_trend_swing_l': 5, 'en_order_block': False, 'order_block_swing_l': 10, 'en_fvg': False, 'fvg_lookback': 7, 'en_ifvg': False, 'en_breaker': False, 'breaker_swing_l': 7, 'en_cisd': True, 'k': 1, 'en_cap_bars': True, 'cap_1min': 1249}.
[I 2026-07-13 17:18:25,957] Trial 158 finished with values: [-3.5163765473225794, -958.6179040842035, 39.4] and parameters: {'sl_soft': 30.849804069833425, 'sl_hard_delta': 57.67112092517296, 'tp': 59.27641918315648, 'gate_pct': 67.43945106994327, 'dd_limit': 863.7242596842211, 'cooldown': 18, 'flip': True, 'en_ema_trend': True, 'ema_trend_fast': 72, 'ema_trend_slow': 345, 'en_sma_trend': True, 'sma_trend_fast': 17, 'sma_trend_slow': 24, 'en_macd': True, 'macd_fast': 7, 'macd_slow': 160, 'macd_signal': 36, 'en_vwap': True, 'en_keltner': True, 'keltner_n': 130, 'keltner_m': 1.0, 'en_obv': True, 'obv_slope': 31, 'en_cci': False, 'cci_n': 158, 'cci_threshold': 45, 'en_rsi': True, 'rsi_n': 30, 'rsi_lower': 25, 'rsi_upper': 70, 'en_stochastic': True, 'stochastic_n': 89, 'stochastic_d': 32, 'stochastic_lower': 11, 'stochastic_upper': 67, 'en_mfi': False, 'mfi_n': 7, 'mfi_lower': 9, 'mfi_upper': 53, 'en_bollinger': False, 'bollinger_n': 163, 'bollinger_k': 1.6, 'en_adx': False, 'adx_n': 53, 'adx_threshold': 53, 'en_structure_trend': False, 'structure_trend_swing_l': 12, 'en_order_block': True, 'order_block_swing_l': 1, 'en_fvg': False, 'fvg_lookback': 10, 'en_ifvg': True, 'en_breaker': True, 'breaker_swing_l': 10, 'en_cisd': True, 'k': 4, 'en_cap_bars': True, 'cap_1min': 801}.
[I 2026-07-13 17:18:28,987] Trial 159 pruned. 
[I 2026-07-13 17:18:30,555] Trial 160 finished with values: [241.2524703051895, -403.59282363555394, 51.8] and parameters: {'sl_soft': 11.097581488766851, 'sl_hard_delta': 42.2746926827138, 'tp': 22.093811757633084, 'gate_pct': 33.56638011646498, 'dd_limit': 7287.8670146700415, 'cooldown': 9, 'flip': True, 'en_ema_trend': True, 'ema_trend_fast': 183, 'ema_trend_slow': 250, 'en_sma_trend': False, 'sma_trend_fast': 330, 'sma_trend_slow': 232, 'en_macd': False, 'macd_fast': 91, 'macd_slow': 116, 'macd_signal': 1, 'en_vwap': True, 'en_keltner': True, 'keltner_n': 73, 'keltner_m': 4.6000000000000005, 'en_obv': False, 'obv_slope': 186, 'en_cci': True, 'cci_n': 195, 'cci_threshold': 115, 'en_rsi': False, 'rsi_n': 8, 'rsi_lower': 15, 'rsi_upper': 87, 'en_stochastic': False, 'stochastic_n': 71, 'stochastic_d': 31, 'stochastic_lower': 2, 'stochastic_upper': 52, 'en_mfi': True, 'mfi_n': 55, 'mfi_lower': 28, 'mfi_upper': 92, 'en_bollinger': False, 'bollinger_n': 118, 'bollinger_k': 1.8, 'en_adx': False, 'adx_n': 81, 'adx_threshold': 55, 'en_structure_trend': True, 'structure_trend_swing_l': 18, 'en_order_block': False, 'order_block_swing_l': 11, 'en_fvg': True, 'fvg_lookback': 3, 'en_ifvg': True, 'en_breaker': False, 'breaker_swing_l': 1, 'en_cisd': True, 'k': 1, 'en_cap_bars': False, 'cap_1min': 1388}.
[I 2026-07-13 17:18:30,870] Trial 161 finished with values: [506.72121032996074, -550.0, 40.0] and parameters: {'sl_soft': 11.12614505063558, 'sl_hard_delta': 15.68658300542352, 'tp': 46.56962981112915, 'gate_pct': 26.3517884829504, 'dd_limit': 9508.627019250667, 'cooldown': 27, 'flip': True, 'en_ema_trend': False, 'ema_trend_fast': 41, 'ema_trend_slow': 346, 'en_sma_trend': False, 'sma_trend_fast': 7, 'sma_trend_slow': 329, 'en_macd': False, 'macd_fast': 44, 'macd_slow': 53, 'macd_signal': 41, 'en_vwap': False, 'en_keltner': True, 'keltner_n': 94, 'keltner_m': 4.1, 'en_obv': True, 'obv_slope': 160, 'en_cci': False, 'cci_n': 33, 'cci_threshold': 145, 'en_rsi': False, 'rsi_n': 23, 'rsi_lower': 13, 'rsi_upper': 57, 'en_stochastic': False, 'stochastic_n': 63, 'stochastic_d': 36, 'stochastic_lower': 33, 'stochastic_upper': 62, 'en_mfi': False, 'mfi_n': 90, 'mfi_lower': 8, 'mfi_upper': 65, 'en_bollinger': True, 'bollinger_n': 136, 'bollinger_k': 3.9000000000000004, 'en_adx': False, 'adx_n': 71, 'adx_threshold': 32, 'en_structure_trend': True, 'structure_trend_swing_l': 14, 'en_order_block': False, 'order_block_swing_l': 19, 'en_fvg': True, 'fvg_lookback': 47, 'en_ifvg': True, 'en_breaker': True, 'breaker_swing_l': 10, 'en_cisd': False, 'k': 4, 'en_cap_bars': False, 'cap_1min': 3}.
[I 2026-07-13 17:18:34,265] Trial 162 finished with values: [830.5497945020579, -1722.2379260042726, 39.3] and parameters: {'sl_soft': 13.526565860109505, 'sl_hard_delta': 39.19102298351814, 'tp': 41.72700036427423, 'gate_pct': 77.7098229275783, 'dd_limit': 1393.7003097166044, 'cooldown': 7, 'flip': True, 'en_ema_trend': True, 'ema_trend_fast': 55, 'ema_trend_slow': 88, 'en_sma_trend': True, 'sma_trend_fast': 82, 'sma_trend_slow': 328, 'en_macd': True, 'macd_fast': 3, 'macd_slow': 62, 'macd_signal': 20, 'en_vwap': False, 'en_keltner': True, 'keltner_n': 168, 'keltner_m': 3.7, 'en_obv': True, 'obv_slope': 15, 'en_cci': False, 'cci_n': 188, 'cci_threshold': 65, 'en_rsi': True, 'rsi_n': 46, 'rsi_lower': 43, 'rsi_upper': 91, 'en_stochastic': False, 'stochastic_n': 90, 'stochastic_d': 15, 'stochastic_lower': 33, 'stochastic_upper': 73, 'en_mfi': True, 'mfi_n': 25, 'mfi_lower': 8, 'mfi_upper': 78, 'en_bollinger': True, 'bollinger_n': 97, 'bollinger_k': 4.8, 'en_adx': False, 'adx_n': 54, 'adx_threshold': 28, 'en_structure_trend': False, 'structure_trend_swing_l': 7, 'en_order_block': False, 'order_block_swing_l': 4, 'en_fvg': True, 'fvg_lookback': 6, 'en_ifvg': False, 'en_breaker': False, 'breaker_swing_l': 7, 'en_cisd': True, 'k': 4, 'en_cap_bars': False, 'cap_1min': 971}.
[I 2026-07-13 17:18:37,203] Trial 163 finished with values: [-156.61718011491757, -1581.4347680249557, 52.55] and parameters: {'sl_soft': 16.38720937773672, 'sl_hard_delta': 8.113614403186084, 'tp': 19.388754886316853, 'gate_pct': 57.28463706686462, 'dd_limit': 3617.657841686699, 'cooldown': 3, 'flip': True, 'en_ema_trend': True, 'ema_trend_fast': 385, 'ema_trend_slow': 125, 'en_sma_trend': True, 'sma_trend_fast': 357, 'sma_trend_slow': 329, 'en_macd': False, 'macd_fast': 52, 'macd_slow': 160, 'macd_signal': 61, 'en_vwap': True, 'en_keltner': True, 'keltner_n': 18, 'keltner_m': 4.1, 'en_obv': False, 'obv_slope': 31, 'en_cci': False, 'cci_n': 158, 'cci_threshold': 115, 'en_rsi': True, 'rsi_n': 97, 'rsi_lower': 13, 'rsi_upper': 70, 'en_stochastic': False, 'stochastic_n': 33, 'stochastic_d': 40, 'stochastic_lower': 39, 'stochastic_upper': 62, 'en_mfi': False, 'mfi_n': 7, 'mfi_lower': 21, 'mfi_upper': 70, 'en_bollinger': True, 'bollinger_n': 163, 'bollinger_k': 3.9000000000000004, 'en_adx': False, 'adx_n': 62, 'adx_threshold': 32, 'en_structure_trend': False, 'structure_trend_swing_l': 14, 'en_order_block': False, 'order_block_swing_l': 1, 'en_fvg': False, 'fvg_lookback': 47, 'en_ifvg': True, 'en_breaker': True, 'breaker_swing_l': 10, 'en_cisd': True, 'k': 4, 'en_cap_bars': False, 'cap_1min': 801}.
[I 2026-07-13 17:18:40,757] Trial 164 finished with values: [445.78614009307785, -1145.887608651683, 45.599999999999994] and parameters: {'sl_soft': 18.688123795390414, 'sl_hard_delta': 38.89591466729796, 'tp': 34.46883891078241, 'gate_pct': 49.958417067888604, 'dd_limit': 928.2439984695909, 'cooldown': 12, 'flip': True, 'en_ema_trend': True, 'ema_trend_fast': 208, 'ema_trend_slow': 42, 'en_sma_trend': False, 'sma_trend_fast': 266, 'sma_trend_slow': 143, 'en_macd': True, 'macd_fast': 93, 'macd_slow': 151, 'macd_signal': 1, 'en_vwap': True, 'en_keltner': False, 'keltner_n': 175, 'keltner_m': 4.300000000000001, 'en_obv': True, 'obv_slope': 191, 'en_cci': False, 'cci_n': 94, 'cci_threshold': 205, 'en_rsi': True, 'rsi_n': 67, 'rsi_lower': 7, 'rsi_upper': 88, 'en_stochastic': False, 'stochastic_n': 22, 'stochastic_d': 32, 'stochastic_lower': 17, 'stochastic_upper': 90, 'en_mfi': True, 'mfi_n': 100, 'mfi_lower': 10, 'mfi_upper': 68, 'en_bollinger': False, 'bollinger_n': 69, 'bollinger_k': 3.4000000000000004, 'en_adx': False, 'adx_n': 54, 'adx_threshold': 19, 'en_structure_trend': False, 'structure_trend_swing_l': 10, 'en_order_block': False, 'order_block_swing_l': 9, 'en_fvg': False, 'fvg_lookback': 1, 'en_ifvg': True, 'en_breaker': True, 'breaker_swing_l': 5, 'en_cisd': True, 'k': 4, 'en_cap_bars': False, 'cap_1min': 608}.
[I 2026-07-13 17:18:44,851] Trial 165 pruned. 
[I 2026-07-13 17:18:47,470] Trial 166 finished with values: [366.1712090781657, -1204.9134131037863, 35.95] and parameters: {'sl_soft': 14.438065942740678, 'sl_hard_delta': 29.603258995022124, 'tp': 51.099967254759335, 'gate_pct': 96.7516051221724, 'dd_limit': 863.7242596842211, 'cooldown': 5, 'flip': True, 'en_ema_trend': True, 'ema_trend_fast': 72, 'ema_trend_slow': 334, 'en_sma_trend': False, 'sma_trend_fast': 17, 'sma_trend_slow': 24, 'en_macd': True, 'macd_fast': 88, 'macd_slow': 80, 'macd_signal': 24, 'en_vwap': False, 'en_keltner': False, 'keltner_n': 46, 'keltner_m': 0.9, 'en_obv': True, 'obv_slope': 170, 'en_cci': False, 'cci_n': 90, 'cci_threshold': 45, 'en_rsi': False, 'rsi_n': 6, 'rsi_lower': 38, 'rsi_upper': 55, 'en_stochastic': False, 'stochastic_n': 86, 'stochastic_d': 32, 'stochastic_lower': 40, 'stochastic_upper': 72, 'en_mfi': True, 'mfi_n': 26, 'mfi_lower': 13, 'mfi_upper': 60, 'en_bollinger': True, 'bollinger_n': 127, 'bollinger_k': 1.6, 'en_adx': False, 'adx_n': 35, 'adx_threshold': 53, 'en_structure_trend': False, 'structure_trend_swing_l': 6, 'en_order_block': False, 'order_block_swing_l': 1, 'en_fvg': False, 'fvg_lookback': 14, 'en_ifvg': False, 'en_breaker': True, 'breaker_swing_l': 15, 'en_cisd': False, 'k': 4, 'en_cap_bars': True, 'cap_1min': 192}.
[I 2026-07-13 17:18:50,064] Trial 167 finished with values: [126.40648647728085, -2745.898296808118, 42.6] and parameters: {'sl_soft': 32.92298018677405, 'sl_hard_delta': 34.40302053691205, 'tp': 65.30629303210449, 'gate_pct': 76.55976188692937, 'dd_limit': 928.2439984695909, 'cooldown': 0, 'flip': True, 'en_ema_trend': True, 'ema_trend_fast': 208, 'ema_trend_slow': 99, 'en_sma_trend': True, 'sma_trend_fast': 266, 'sma_trend_slow': 84, 'en_macd': False, 'macd_fast': 93, 'macd_slow': 48, 'macd_signal': 36, 'en_vwap': False, 'en_keltner': False, 'keltner_n': 137, 'keltner_m': 4.5, 'en_obv': True, 'obv_slope': 8, 'en_cci': True, 'cci_n': 94, 'cci_threshold': 195, 'en_rsi': True, 'rsi_n': 48, 'rsi_lower': 42, 'rsi_upper': 84, 'en_stochastic': False, 'stochastic_n': 22, 'stochastic_d': 50, 'stochastic_lower': 16, 'stochastic_upper': 53, 'en_mfi': True, 'mfi_n': 61, 'mfi_lower': 47, 'mfi_upper': 62, 'en_bollinger': False, 'bollinger_n': 69, 'bollinger_k': 1.6, 'en_adx': False, 'adx_n': 59, 'adx_threshold': 19, 'en_structure_trend': True, 'structure_trend_swing_l': 17, 'en_order_block': True, 'order_block_swing_l': 9, 'en_fvg': False, 'fvg_lookback': 28, 'en_ifvg': False, 'en_breaker': False, 'breaker_swing_l': 17, 'en_cisd': True, 'k': 4, 'en_cap_bars': False, 'cap_1min': 933}.
[I 2026-07-13 17:18:51,124] Trial 168 pruned. 
[I 2026-07-13 17:18:51,422] Trial 169 finished with values: [-588.7653885733744, -1675.6794133598305, 35.85] and parameters: {'sl_soft': 25.241959959556166, 'sl_hard_delta': 16.136667597766706, 'tp': 57.680801416371125, 'gate_pct': 45.267583500536205, 'dd_limit': 1590.8713685177133, 'cooldown': 27, 'flip': False, 'en_ema_trend': True, 'ema_trend_fast': 279, 'ema_trend_slow': 242, 'en_sma_trend': True, 'sma_trend_fast': 240, 'sma_trend_slow': 344, 'en_macd': False, 'macd_fast': 34, 'macd_slow': 139, 'macd_signal': 71, 'en_vwap': True, 'en_keltner': True, 'keltner_n': 27, 'keltner_m': 3.3000000000000003, 'en_obv': False, 'obv_slope': 63, 'en_cci': True, 'cci_n': 182, 'cci_threshold': 265, 'en_rsi': True, 'rsi_n': 28, 'rsi_lower': 40, 'rsi_upper': 76, 'en_stochastic': False, 'stochastic_n': 90, 'stochastic_d': 23, 'stochastic_lower': 28, 'stochastic_upper': 90, 'en_mfi': True, 'mfi_n': 90, 'mfi_lower': 24, 'mfi_upper': 79, 'en_bollinger': False, 'bollinger_n': 152, 'bollinger_k': 3.7, 'en_adx': False, 'adx_n': 39, 'adx_threshold': 35, 'en_structure_trend': False, 'structure_trend_swing_l': 15, 'en_order_block': True, 'order_block_swing_l': 8, 'en_fvg': False, 'fvg_lookback': 34, 'en_ifvg': True, 'en_breaker': True, 'breaker_swing_l': 2, 'en_cisd': True, 'k': 4, 'en_cap_bars': True, 'cap_1min': 1360}.
[I 2026-07-13 17:18:55,116] Trial 170 finished with values: [428.1502023304165, -1154.2605600054594, 45.65] and parameters: {'sl_soft': 17.223925842167503, 'sl_hard_delta': 21.6569898622451, 'tp': 34.67626790111013, 'gate_pct': 49.958417067888604, 'dd_limit': 2701.521253582511, 'cooldown': 7, 'flip': True, 'en_ema_trend': True, 'ema_trend_fast': 55, 'ema_trend_slow': 42, 'en_sma_trend': False, 'sma_trend_fast': 82, 'sma_trend_slow': 328, 'en_macd': True, 'macd_fast': 16, 'macd_slow': 62, 'macd_signal': 63, 'en_vwap': True, 'en_keltner': False, 'keltner_n': 175, 'keltner_m': 4.300000000000001, 'en_obv': True, 'obv_slope': 191, 'en_cci': True, 'cci_n': 143, 'cci_threshold': 65, 'en_rsi': True, 'rsi_n': 94, 'rsi_lower': 2, 'rsi_upper': 88, 'en_stochastic': False, 'stochastic_n': 27, 'stochastic_d': 15, 'stochastic_lower': 40, 'stochastic_upper': 73, 'en_mfi': True, 'mfi_n': 100, 'mfi_lower': 15, 'mfi_upper': 78, 'en_bollinger': False, 'bollinger_n': 97, 'bollinger_k': 4.1, 'en_adx': False, 'adx_n': 79, 'adx_threshold': 28, 'en_structure_trend': False, 'structure_trend_swing_l': 4, 'en_order_block': False, 'order_block_swing_l': 8, 'en_fvg': False, 'fvg_lookback': 35, 'en_ifvg': True, 'en_breaker': False, 'breaker_swing_l': 5, 'en_cisd': True, 'k': 1, 'en_cap_bars': False, 'cap_1min': 971}.
[I 2026-07-13 17:18:57,221] Trial 171 finished with values: [-538.7526391809479, -2220.1099033369246, 20.0] and parameters: {'sl_soft': 30.849804069833425, 'sl_hard_delta': 57.67112092517296, 'tp': 73.1663147758758, 'gate_pct': 33.427640499382626, 'dd_limit': 4482.342775889899, 'cooldown': 5, 'flip': False, 'en_ema_trend': False, 'ema_trend_fast': 72, 'ema_trend_slow': 364, 'en_sma_trend': True, 'sma_trend_fast': 17, 'sma_trend_slow': 14, 'en_macd': False, 'macd_fast': 7, 'macd_slow': 18, 'macd_signal': 45, 'en_vwap': True, 'en_keltner': True, 'keltner_n': 68, 'keltner_m': 1.0, 'en_obv': False, 'obv_slope': 7, 'en_cci': False, 'cci_n': 43, 'cci_threshold': 60, 'en_rsi': True, 'rsi_n': 30, 'rsi_lower': 45, 'rsi_upper': 94, 'en_stochastic': False, 'stochastic_n': 89, 'stochastic_d': 32, 'stochastic_lower': 40, 'stochastic_upper': 67, 'en_mfi': True, 'mfi_n': 45, 'mfi_lower': 16, 'mfi_upper': 61, 'en_bollinger': True, 'bollinger_n': 175, 'bollinger_k': 1.6, 'en_adx': False, 'adx_n': 53, 'adx_threshold': 26, 'en_structure_trend': True, 'structure_trend_swing_l': 6, 'en_order_block': False, 'order_block_swing_l': 1, 'en_fvg': False, 'fvg_lookback': 14, 'en_ifvg': False, 'en_breaker': True, 'breaker_swing_l': 3, 'en_cisd': False, 'k': 1, 'en_cap_bars': False, 'cap_1min': 995}.
