[I 2026-07-13 17:32:50,525] Trial 498 finished with values: [-131.88058790065043, -427.982704894639, 38.4] and parameters: {'sl_soft': 11.097581488766851, 'sl_hard_delta': 15.68658300542352, 'tp': 22.093811757633084, 'gate_pct': 33.56638011646498, 'dd_limit': 8551.704140368904, 'cooldown': 16, 'flip': False, 'en_ema_trend': False, 'ema_trend_fast': 294, 'ema_trend_slow': 8, 'en_sma_trend': False, 'sma_trend_fast': 330, 'sma_trend_slow': 66, 'en_macd': True, 'macd_fast': 8, 'macd_slow': 85, 'macd_signal': 87, 'en_vwap': False, 'en_keltner': True, 'keltner_n': 182, 'keltner_m': 4.6000000000000005, 'en_obv': True, 'obv_slope': 167, 'en_cci': True, 'cci_n': 195, 'cci_threshold': 115, 'en_rsi': False, 'rsi_n': 25, 'rsi_lower': 13, 'rsi_upper': 87, 'en_stochastic': True, 'stochastic_n': 47, 'stochastic_d': 17, 'stochastic_lower': 36, 'stochastic_upper': 63, 'en_mfi': False, 'mfi_n': 90, 'mfi_lower': 33, 'mfi_upper': 65, 'en_bollinger': False, 'bollinger_n': 118, 'bollinger_k': 1.8, 'en_adx': False, 'adx_n': 81, 'adx_threshold': 55, 'en_structure_trend': True, 'structure_trend_swing_l': 10, 'en_order_block': False, 'order_block_swing_l': 11, 'en_fvg': True, 'fvg_lookback': 3, 'en_ifvg': False, 'en_breaker': False, 'breaker_swing_l': 1, 'en_cisd': False, 'k': 1, 'en_cap_bars': False, 'cap_1min': 1388}.
[I 2026-07-13 17:32:51,182] Trial 499 pruned. 
[I 2026-07-13 17:32:52,549] Trial 500 finished with values: [1020.1603732357034, -625.0, 47.5] and parameters: {'sl_soft': 16.53284872548906, 'sl_hard_delta': 43.05437771749679, 'tp': 42.717340442581346, 'gate_pct': 33.41518335180748, 'dd_limit': 8273.571624321177, 'cooldown': 9, 'flip': True, 'en_ema_trend': True, 'ema_trend_fast': 29, 'ema_trend_slow': 250, 'en_sma_trend': False, 'sma_trend_fast': 128, 'sma_trend_slow': 232, 'en_macd': True, 'macd_fast': 56, 'macd_slow': 116, 'macd_signal': 100, 'en_vwap': True, 'en_keltner': True, 'keltner_n': 105, 'keltner_m': 1.7000000000000002, 'en_obv': False, 'obv_slope': 167, 'en_cci': True, 'cci_n': 195, 'cci_threshold': 25, 'en_rsi': False, 'rsi_n': 74, 'rsi_lower': 3, 'rsi_upper': 84, 'en_stochastic': False, 'stochastic_n': 71, 'stochastic_d': 7, 'stochastic_lower': 2, 'stochastic_upper': 88, 'en_mfi': True, 'mfi_n': 66, 'mfi_lower': 8, 'mfi_upper': 92, 'en_bollinger': False, 'bollinger_n': 187, 'bollinger_k': 2.6, 'en_adx': False, 'adx_n': 81, 'adx_threshold': 55, 'en_structure_trend': True, 'structure_trend_swing_l': 18, 'en_order_block': False, 'order_block_swing_l': 9, 'en_fvg': True, 'fvg_lookback': 15, 'en_ifvg': False, 'en_breaker': False, 'breaker_swing_l': 15, 'en_cisd': True, 'k': 3, 'en_cap_bars': True, 'cap_1min': 1002}.
[I 2026-07-13 17:32:53,399] Trial 501 finished with values: [319.23636406725564, -1114.9742763219183, 35.15] and parameters: {'sl_soft': 11.097581488766851, 'sl_hard_delta': 14.73881747867879, 'tp': 41.96498437693879, 'gate_pct': 74.50813821223942, 'dd_limit': 5404.0328973252645, 'cooldown': 9, 'flip': True, 'en_ema_trend': True, 'ema_trend_fast': 29, 'ema_trend_slow': 226, 'en_sma_trend': False, 'sma_trend_fast': 145, 'sma_trend_slow': 232, 'en_macd': False, 'macd_fast': 56, 'macd_slow': 116, 'macd_signal': 11, 'en_vwap': True, 'en_keltner': True, 'keltner_n': 13, 'keltner_m': 1.5, 'en_obv': False, 'obv_slope': 120, 'en_cci': True, 'cci_n': 195, 'cci_threshold': 220, 'en_rsi': False, 'rsi_n': 33, 'rsi_lower': 15, 'rsi_upper': 91, 'en_stochastic': False, 'stochastic_n': 2, 'stochastic_d': 7, 'stochastic_lower': 35, 'stochastic_upper': 90, 'en_mfi': True, 'mfi_n': 20, 'mfi_lower': 16, 'mfi_upper': 92, 'en_bollinger': True, 'bollinger_n': 187, 'bollinger_k': 2.6, 'en_adx': False, 'adx_n': 23, 'adx_threshold': 18, 'en_structure_trend': True, 'structure_trend_swing_l': 18, 'en_order_block': False, 'order_block_swing_l': 11, 'en_fvg': False, 'fvg_lookback': 8, 'en_ifvg': True, 'en_breaker': False, 'breaker_swing_l': 19, 'en_cisd': True, 'k': 3, 'en_cap_bars': False, 'cap_1min': 1002}.
[I 2026-07-13 17:32:55,026] Trial 502 finished with values: [1188.8012126906324, -1571.8249908930738, 37.3] and parameters: {'sl_soft': 11.097581488766851, 'sl_hard_delta': 57.09095784154005, 'tp': 41.72700036427423, 'gate_pct': 74.50813821223942, 'dd_limit': 1393.7003097166044, 'cooldown': 2, 'flip': True, 'en_ema_trend': True, 'ema_trend_fast': 55, 'ema_trend_slow': 88, 'en_sma_trend': False, 'sma_trend_fast': 154, 'sma_trend_slow': 265, 'en_macd': True, 'macd_fast': 3, 'macd_slow': 24, 'macd_signal': 66, 'en_vwap': True, 'en_keltner': True, 'keltner_n': 168, 'keltner_m': 3.7, 'en_obv': False, 'obv_slope': 52, 'en_cci': False, 'cci_n': 195, 'cci_threshold': 155, 'en_rsi': True, 'rsi_n': 29, 'rsi_lower': 15, 'rsi_upper': 91, 'en_stochastic': False, 'stochastic_n': 71, 'stochastic_d': 7, 'stochastic_lower': 33, 'stochastic_upper': 88, 'en_mfi': True, 'mfi_n': 26, 'mfi_lower': 40, 'mfi_upper': 92, 'en_bollinger': True, 'bollinger_n': 187, 'bollinger_k': 4.8, 'en_adx': False, 'adx_n': 81, 'adx_threshold': 7, 'en_structure_trend': True, 'structure_trend_swing_l': 18, 'en_order_block': False, 'order_block_swing_l': 11, 'en_fvg': False, 'fvg_lookback': 3, 'en_ifvg': False, 'en_breaker': False, 'breaker_swing_l': 19, 'en_cisd': True, 'k': 3, 'en_cap_bars': True, 'cap_1min': 1002}.
[I 2026-07-13 17:33:01,521] Trial 503 finished with values: [-301.1065366630828, -1289.2598827132315, 52.099999999999994] and parameters: {'sl_soft': 29.956061875350898, 'sl_hard_delta': 38.89591466729796, 'tp': 34.46883891078241, 'gate_pct': 76.55976188692937, 'dd_limit': 928.2439984695909, 'cooldown': 12, 'flip': True, 'en_ema_trend': True, 'ema_trend_fast': 208, 'ema_trend_slow': 139, 'en_sma_trend': True, 'sma_trend_fast': 266, 'sma_trend_slow': 344, 'en_macd': True, 'macd_fast': 91, 'macd_slow': 48, 'macd_signal': 1, 'en_vwap': True, 'en_keltner': False, 'keltner_n': 171, 'keltner_m': 3.8000000000000003, 'en_obv': False, 'obv_slope': 31, 'en_cci': False, 'cci_n': 94, 'cci_threshold': 195, 'en_rsi': True, 'rsi_n': 67, 'rsi_lower': 1, 'rsi_upper': 57, 'en_stochastic': True, 'stochastic_n': 22, 'stochastic_d': 7, 'stochastic_lower': 16, 'stochastic_upper': 57, 'en_mfi': True, 'mfi_n': 61, 'mfi_lower': 28, 'mfi_upper': 68, 'en_bollinger': False, 'bollinger_n': 198, 'bollinger_k': 1.6, 'en_adx': False, 'adx_n': 81, 'adx_threshold': 19, 'en_structure_trend': False, 'structure_trend_swing_l': 19, 'en_order_block': False, 'order_block_swing_l': 9, 'en_fvg': False, 'fvg_lookback': 36, 'en_ifvg': False, 'en_breaker': False, 'breaker_swing_l': 17, 'en_cisd': True, 'k': 4, 'en_cap_bars': False, 'cap_1min': 801}.
[I 2026-07-13 17:33:02,264] Trial 504 finished with values: [2079.0242333120477, -2109.5581941898854, 41.55] and parameters: {'sl_soft': 19.656888620177444, 'sl_hard_delta': 38.89591466729796, 'tp': 51.099967254759335, 'gate_pct': 76.55976188692937, 'dd_limit': 7287.8670146700415, 'cooldown': 12, 'flip': True, 'en_ema_trend': True, 'ema_trend_fast': 183, 'ema_trend_slow': 250, 'en_sma_trend': False, 'sma_trend_fast': 99, 'sma_trend_slow': 52, 'en_macd': True, 'macd_fast': 91, 'macd_slow': 48, 'macd_signal': 1, 'en_vwap': True, 'en_keltner': True, 'keltner_n': 137, 'keltner_m': 3.8000000000000003, 'en_obv': True, 'obv_slope': 8, 'en_cci': False, 'cci_n': 94, 'cci_threshold': 195, 'en_rsi': False, 'rsi_n': 67, 'rsi_lower': 15, 'rsi_upper': 69, 'en_stochastic': False, 'stochastic_n': 22, 'stochastic_d': 5, 'stochastic_lower': 16, 'stochastic_upper': 57, 'en_mfi': True, 'mfi_n': 61, 'mfi_lower': 10, 'mfi_upper': 68, 'en_bollinger': False, 'bollinger_n': 148, 'bollinger_k': 1.6, 'en_adx': False, 'adx_n': 59, 'adx_threshold': 59, 'en_structure_trend': False, 'structure_trend_swing_l': 3, 'en_order_block': True, 'order_block_swing_l': 11, 'en_fvg': True, 'fvg_lookback': 38, 'en_ifvg': False, 'en_breaker': False, 'breaker_swing_l': 17, 'en_cisd': False, 'k': 4, 'en_cap_bars': False, 'cap_1min': 608}.
[I 2026-07-13 17:33:02,848] Trial 505 finished with values: [1159.7092178919593, -1726.5254555781576, 43.25] and parameters: {'sl_soft': 16.53284872548906, 'sl_hard_delta': 43.05437771749679, 'tp': 42.717340442581346, 'gate_pct': 84.68288014900352, 'dd_limit': 9571.486532588566, 'cooldown': 13, 'flip': True, 'en_ema_trend': False, 'ema_trend_fast': 29, 'ema_trend_slow': 196, 'en_sma_trend': False, 'sma_trend_fast': 128, 'sma_trend_slow': 396, 'en_macd': False, 'macd_fast': 87, 'macd_slow': 150, 'macd_signal': 100, 'en_vwap': True, 'en_keltner': True, 'keltner_n': 105, 'keltner_m': 3.8000000000000003, 'en_obv': True, 'obv_slope': 162, 'en_cci': False, 'cci_n': 195, 'cci_threshold': 280, 'en_rsi': False, 'rsi_n': 74, 'rsi_lower': 47, 'rsi_upper': 84, 'en_stochastic': False, 'stochastic_n': 6, 'stochastic_d': 31, 'stochastic_lower': 36, 'stochastic_upper': 97, 'en_mfi': True, 'mfi_n': 66, 'mfi_lower': 7, 'mfi_upper': 68, 'en_bollinger': False, 'bollinger_n': 10, 'bollinger_k': 3.7, 'en_adx': False, 'adx_n': 73, 'adx_threshold': 55, 'en_structure_trend': True, 'structure_trend_swing_l': 18, 'en_order_block': False, 'order_block_swing_l': 10, 'en_fvg': True, 'fvg_lookback': 15, 'en_ifvg': False, 'en_breaker': True, 'breaker_swing_l': 15, 'en_cisd': True, 'k': 5, 'en_cap_bars': True, 'cap_1min': 412}.
[I 2026-07-13 17:33:03,163] Trial 506 finished with values: [880.9814905564417, -720.0, 35.75] and parameters: {'sl_soft': 11.097581488766851, 'sl_hard_delta': 42.2746926827138, 'tp': 46.56962981112915, 'gate_pct': 33.56638011646498, 'dd_limit': 7287.8670146700415, 'cooldown': 9, 'flip': True, 'en_ema_trend': True, 'ema_trend_fast': 183, 'ema_trend_slow': 250, 'en_sma_trend': False, 'sma_trend_fast': 330, 'sma_trend_slow': 154, 'en_macd': False, 'macd_fast': 100, 'macd_slow': 116, 'macd_signal': 1, 'en_vwap': True, 'en_keltner': True, 'keltner_n': 73, 'keltner_m': 4.6000000000000005, 'en_obv': False, 'obv_slope': 186, 'en_cci': True, 'cci_n': 195, 'cci_threshold': 115, 'en_rsi': False, 'rsi_n': 8, 'rsi_lower': 15, 'rsi_upper': 87, 'en_stochastic': False, 'stochastic_n': 47, 'stochastic_d': 31, 'stochastic_lower': 2, 'stochastic_upper': 52, 'en_mfi': True, 'mfi_n': 55, 'mfi_lower': 28, 'mfi_upper': 92, 'en_bollinger': False, 'bollinger_n': 118, 'bollinger_k': 3.2, 'en_adx': False, 'adx_n': 81, 'adx_threshold': 55, 'en_structure_trend': True, 'structure_trend_swing_l': 18, 'en_order_block': False, 'order_block_swing_l': 11, 'en_fvg': True, 'fvg_lookback': 3, 'en_ifvg': False, 'en_breaker': False, 'breaker_swing_l': 1, 'en_cisd': False, 'k': 1, 'en_cap_bars': False, 'cap_1min': 1388}.
[I 2026-07-13 17:33:08,263] Trial 507 finished with values: [609.5358818222303, -1622.495059389621, 56.1] and parameters: {'sl_soft': 11.097581488766851, 'sl_hard_delta': 57.09095784154005, 'tp': 22.093811757633084, 'gate_pct': 76.55976188692937, 'dd_limit': 1393.7003097166044, 'cooldown': 2, 'flip': True, 'en_ema_trend': True, 'ema_trend_fast': 183, 'ema_trend_slow': 250, 'en_sma_trend': False, 'sma_trend_fast': 330, 'sma_trend_slow': 232, 'en_macd': False, 'macd_fast': 63, 'macd_slow': 37, 'macd_signal': 66, 'en_vwap': False, 'en_keltner': False, 'keltner_n': 73, 'keltner_m': 1.7000000000000002, 'en_obv': False, 'obv_slope': 15, 'en_cci': False, 'cci_n': 195, 'cci_threshold': 195, 'en_rsi': False, 'rsi_n': 8, 'rsi_lower': 7, 'rsi_upper': 91, 'en_stochastic': True, 'stochastic_n': 71, 'stochastic_d': 10, 'stochastic_lower': 2, 'stochastic_upper': 88, 'en_mfi': True, 'mfi_n': 61, 'mfi_lower': 28, 'mfi_upper': 92, 'en_bollinger': False, 'bollinger_n': 69, 'bollinger_k': 2.6, 'en_adx': False, 'adx_n': 81, 'adx_threshold': 55, 'en_structure_trend': True, 'structure_trend_swing_l': 18, 'en_order_block': True, 'order_block_swing_l': 9, 'en_fvg': True, 'fvg_lookback': 36, 'en_ifvg': True, 'en_breaker': False, 'breaker_swing_l': 7, 'en_cisd': False, 'k': 3, 'en_cap_bars': False, 'cap_1min': 608}.
[I 2026-07-13 17:33:08,393] Trial 508 pruned. 
[I 2026-07-13 17:33:10,854] Trial 509 finished with values: [1232.0306883020749, -1560.7397951624807, 37.35] and parameters: {'sl_soft': 13.526565860109505, 'sl_hard_delta': 39.19102298351814, 'tp': 46.56962981112915, 'gate_pct': 77.7098229275783, 'dd_limit': 1393.7003097166044, 'cooldown': 12, 'flip': True, 'en_ema_trend': True, 'ema_trend_fast': 41, 'ema_trend_slow': 88, 'en_sma_trend': True, 'sma_trend_fast': 154, 'sma_trend_slow': 265, 'en_macd': True, 'macd_fast': 3, 'macd_slow': 24, 'macd_signal': 66, 'en_vwap': True, 'en_keltner': True, 'keltner_n': 168, 'keltner_m': 4.1, 'en_obv': False, 'obv_slope': 15, 'en_cci': False, 'cci_n': 33, 'cci_threshold': 145, 'en_rsi': True, 'rsi_n': 23, 'rsi_lower': 13, 'rsi_upper': 61, 'en_stochastic': False, 'stochastic_n': 56, 'stochastic_d': 12, 'stochastic_lower': 33, 'stochastic_upper': 62, 'en_mfi': False, 'mfi_n': 25, 'mfi_lower': 8, 'mfi_upper': 65, 'en_bollinger': True, 'bollinger_n': 166, 'bollinger_k': 4.8, 'en_adx': False, 'adx_n': 71, 'adx_threshold': 32, 'en_structure_trend': True, 'structure_trend_swing_l': 14, 'en_order_block': False, 'order_block_swing_l': 16, 'en_fvg': True, 'fvg_lookback': 38, 'en_ifvg': False, 'en_breaker': False, 'breaker_swing_l': 7, 'en_cisd': False, 'k': 4, 'en_cap_bars': False, 'cap_1min': 772}.
[I 2026-07-13 17:33:12,081] Trial 510 finished with values: [373.2015517648324, -785.4870458964069, 51.9] and parameters: {'sl_soft': 16.38720937773672, 'sl_hard_delta': 38.89591466729796, 'tp': 34.46883891078241, 'gate_pct': 76.55976188692937, 'dd_limit': 928.2439984695909, 'cooldown': 27, 'flip': True, 'en_ema_trend': True, 'ema_trend_fast': 390, 'ema_trend_slow': 85, 'en_sma_trend': False, 'sma_trend_fast': 357, 'sma_trend_slow': 143, 'en_macd': False, 'macd_fast': 91, 'macd_slow': 53, 'macd_signal': 1, 'en_vwap': True, 'en_keltner': False, 'keltner_n': 94, 'keltner_m': 4.1, 'en_obv': False, 'obv_slope': 167, 'en_cci': False, 'cci_n': 94, 'cci_threshold': 145, 'en_rsi': False, 'rsi_n': 8, 'rsi_lower': 13, 'rsi_upper': 57, 'en_stochastic': False, 'stochastic_n': 71, 'stochastic_d': 31, 'stochastic_lower': 16, 'stochastic_upper': 57, 'en_mfi': False, 'mfi_n': 61, 'mfi_lower': 26, 'mfi_upper': 65, 'en_bollinger': False, 'bollinger_n': 136, 'bollinger_k': 1.6, 'en_adx': False, 'adx_n': 71, 'adx_threshold': 31, 'en_structure_trend': True, 'structure_trend_swing_l': 14, 'en_order_block': False, 'order_block_swing_l': 19, 'en_fvg': True, 'fvg_lookback': 36, 'en_ifvg': False, 'en_breaker': False, 'breaker_swing_l': 10, 'en_cisd': False, 'k': 4, 'en_cap_bars': False, 'cap_1min': 608}.
[I 2026-07-13 17:33:12,737] Trial 511 pruned. 
[I 2026-07-13 17:33:12,944] Trial 512 finished with values: [241.2524703051895, -403.59282363555394, 51.8] and parameters: {'sl_soft': 11.097581488766851, 'sl_hard_delta': 42.2746926827138, 'tp': 22.093811757633084, 'gate_pct': 33.56638011646498, 'dd_limit': 7287.8670146700415, 'cooldown': 9, 'flip': True, 'en_ema_trend': True, 'ema_trend_fast': 183, 'ema_trend_slow': 250, 'en_sma_trend': False, 'sma_trend_fast': 330, 'sma_trend_slow': 232, 'en_macd': False, 'macd_fast': 91, 'macd_slow': 122, 'macd_signal': 1, 'en_vwap': True, 'en_keltner': True, 'keltner_n': 73, 'keltner_m': 4.6000000000000005, 'en_obv': False, 'obv_slope': 186, 'en_cci': True, 'cci_n': 195, 'cci_threshold': 115, 'en_rsi': False, 'rsi_n': 8, 'rsi_lower': 15, 'rsi_upper': 87, 'en_stochastic': False, 'stochastic_n': 71, 'stochastic_d': 31, 'stochastic_lower': 2, 'stochastic_upper': 52, 'en_mfi': True, 'mfi_n': 55, 'mfi_lower': 28, 'mfi_upper': 92, 'en_bollinger': False, 'bollinger_n': 118, 'bollinger_k': 1.8, 'en_adx': False, 'adx_n': 81, 'adx_threshold': 55, 'en_structure_trend': True, 'structure_trend_swing_l': 18, 'en_order_block': False, 'order_block_swing_l': 11, 'en_fvg': True, 'fvg_lookback': 3, 'en_ifvg': True, 'en_breaker': False, 'breaker_swing_l': 1, 'en_cisd': True, 'k': 1, 'en_cap_bars': False, 'cap_1min': 1388}.
[I 2026-07-13 17:33:15,663] Trial 513 finished with values: [1002.4105413538928, -4434.460661027697, 61.25] and parameters: {'sl_soft': 41.80574247052053, 'sl_hard_delta': 15.68658300542352, 'tp': 35.50601623622663, 'gate_pct': 74.50813821223942, 'dd_limit': 8273.571624321177, 'cooldown': 27, 'flip': True, 'en_ema_trend': False, 'ema_trend_fast': 55, 'ema_trend_slow': 85, 'en_sma_trend': True, 'sma_trend_fast': 357, 'sma_trend_slow': 263, 'en_macd': True, 'macd_fast': 56, 'macd_slow': 79, 'macd_signal': 61, 'en_vwap': True, 'en_keltner': True, 'keltner_n': 171, 'keltner_m': 4.1, 'en_obv': False, 'obv_slope': 52, 'en_cci': True, 'cci_n': 132, 'cci_threshold': 25, 'en_rsi': True, 'rsi_n': 89, 'rsi_lower': 46, 'rsi_upper': 57, 'en_stochastic': False, 'stochastic_n': 47, 'stochastic_d': 34, 'stochastic_lower': 33, 'stochastic_upper': 62, 'en_mfi': False, 'mfi_n': 90, 'mfi_lower': 40, 'mfi_upper': 65, 'en_bollinger': False, 'bollinger_n': 198, 'bollinger_k': 2.6, 'en_adx': False, 'adx_n': 71, 'adx_threshold': 32, 'en_structure_trend': True, 'structure_trend_swing_l': 14, 'en_order_block': False, 'order_block_swing_l': 11, 'en_fvg': False, 'fvg_lookback': 47, 'en_ifvg': False, 'en_breaker': False, 'breaker_swing_l': 19, 'en_cisd': False, 'k': 3, 'en_cap_bars': True, 'cap_1min': 1002}.
[I 2026-07-13 17:33:16,065] Trial 514 pruned. 
[I 2026-07-13 17:33:22,402] Trial 515 finished with values: [381.47560885854546, -1092.4097564565818, 69.6] and parameters: {'sl_soft': 41.80574247052053, 'sl_hard_delta': 57.09095784154005, 'tp': 35.50601623622663, 'gate_pct': 74.50813821223942, 'dd_limit': 1393.7003097166044, 'cooldown': 2, 'flip': True, 'en_ema_trend': True, 'ema_trend_fast': 200, 'ema_trend_slow': 291, 'en_sma_trend': True, 'sma_trend_fast': 154, 'sma_trend_slow': 384, 'en_macd': True, 'macd_fast': 63, 'macd_slow': 79, 'macd_signal': 86, 'en_vwap': True, 'en_keltner': False, 'keltner_n': 73, 'keltner_m': 1.7000000000000002, 'en_obv': False, 'obv_slope': 52, 'en_cci': False, 'cci_n': 195, 'cci_threshold': 25, 'en_rsi': True, 'rsi_n': 46, 'rsi_lower': 43, 'rsi_upper': 91, 'en_stochastic': True, 'stochastic_n': 71, 'stochastic_d': 12, 'stochastic_lower': 36, 'stochastic_upper': 88, 'en_mfi': True, 'mfi_n': 26, 'mfi_lower': 19, 'mfi_upper': 61, 'en_bollinger': True, 'bollinger_n': 187, 'bollinger_k': 2.6, 'en_adx': False, 'adx_n': 47, 'adx_threshold': 31, 'en_structure_trend': True, 'structure_trend_swing_l': 19, 'en_order_block': True, 'order_block_swing_l': 11, 'en_fvg': False, 'fvg_lookback': 38, 'en_ifvg': True, 'en_breaker': False, 'breaker_swing_l': 7, 'en_cisd': True, 'k': 3, 'en_cap_bars': True, 'cap_1min': 1002}.
[I 2026-07-13 17:33:22,904] Trial 516 finished with values: [703.2332743085499, -1461.5420775181337, 50.3] and parameters: {'sl_soft': 11.097581488766851, 'sl_hard_delta': 42.2746926827138, 'tp': 22.093811757633084, 'gate_pct': 76.55976188692937, 'dd_limit': 3617.657841686699, 'cooldown': 27, 'flip': True, 'en_ema_trend': True, 'ema_trend_fast': 183, 'ema_trend_slow': 250, 'en_sma_trend': True, 'sma_trend_fast': 330, 'sma_trend_slow': 232, 'en_macd': False, 'macd_fast': 91, 'macd_slow': 116, 'macd_signal': 1, 'en_vwap': True, 'en_keltner': False, 'keltner_n': 94, 'keltner_m': 4.1, 'en_obv': False, 'obv_slope': 186, 'en_cci': True, 'cci_n': 37, 'cci_threshold': 195, 'en_rsi': False, 'rsi_n': 8, 'rsi_lower': 7, 'rsi_upper': 58, 'en_stochastic': False, 'stochastic_n': 63, 'stochastic_d': 34, 'stochastic_lower': 2, 'stochastic_upper': 52, 'en_mfi': False, 'mfi_n': 90, 'mfi_lower': 24, 'mfi_upper': 92, 'en_bollinger': False, 'bollinger_n': 69, 'bollinger_k': 1.8, 'en_adx': False, 'adx_n': 71, 'adx_threshold': 55, 'en_structure_trend': True, 'structure_trend_swing_l': 14, 'en_order_block': False, 'order_block_swing_l': 4, 'en_fvg': True, 'fvg_lookback': 47, 'en_ifvg': True, 'en_breaker': False, 'breaker_swing_l': 17, 'en_cisd': False, 'k': 1, 'en_cap_bars': False, 'cap_1min': 608}.
[I 2026-07-13 17:33:25,882] Trial 517 finished with values: [481.6662779418584, -3691.735999563134, 43.65] and parameters: {'sl_soft': 29.956061875350898, 'sl_hard_delta': 42.2746926827138, 'tp': 60.7151636639241, 'gate_pct': 84.68288014900352, 'dd_limit': 7599.859331372681, 'cooldown': 13, 'flip': True, 'en_ema_trend': True, 'ema_trend_fast': 183, 'ema_trend_slow': 346, 'en_sma_trend': True, 'sma_trend_fast': 128, 'sma_trend_slow': 396, 'en_macd': False, 'macd_fast': 32, 'macd_slow': 167, 'macd_signal': 100, 'en_vwap': False, 'en_keltner': True, 'keltner_n': 135, 'keltner_m': 4.1, 'en_obv': True, 'obv_slope': 31, 'en_cci': False, 'cci_n': 63, 'cci_threshold': 205, 'en_rsi': True, 'rsi_n': 8, 'rsi_lower': 25, 'rsi_upper': 57, 'en_stochastic': False, 'stochastic_n': 33, 'stochastic_d': 36, 'stochastic_lower': 33, 'stochastic_upper': 62, 'en_mfi': False, 'mfi_n': 7, 'mfi_lower': 28, 'mfi_upper': 68, 'en_bollinger': False, 'bollinger_n': 53, 'bollinger_k': 2.7, 'en_adx': False, 'adx_n': 59, 'adx_threshold': 9, 'en_structure_trend': False, 'structure_trend_swing_l': 18, 'en_order_block': False, 'order_block_swing_l': 10, 'en_fvg': True, 'fvg_lookback': 15, 'en_ifvg': True, 'en_breaker': False, 'breaker_swing_l': 20, 'en_cisd': False, 'k': 2, 'en_cap_bars': False, 'cap_1min': 1388}.
