[I 2026-07-13 17:56:20,596] Trial 1844 finished with values: [1397.2229133547626, -2020.8355184204265, 47.1] and parameters: {'sl_soft': 18.688123795390414, 'sl_hard_delta': 6.313902063185736, 'tp': 42.717340442581346, 'gate_pct': 76.55976188692937, 'dd_limit': 6200.963660003925, 'cooldown': 12, 'flip': True, 'en_ema_trend': True, 'ema_trend_fast': 29, 'ema_trend_slow': 85, 'en_sma_trend': True, 'sma_trend_fast': 128, 'sma_trend_slow': 381, 'en_macd': True, 'macd_fast': 87, 'macd_slow': 53, 'macd_signal': 86, 'en_vwap': True, 'en_keltner': False, 'keltner_n': 171, 'keltner_m': 4.1, 'en_obv': False, 'obv_slope': 148, 'en_cci': False, 'cci_n': 143, 'cci_threshold': 230, 'en_rsi': False, 'rsi_n': 74, 'rsi_lower': 7, 'rsi_upper': 87, 'en_stochastic': False, 'stochastic_n': 8, 'stochastic_d': 2, 'stochastic_lower': 36, 'stochastic_upper': 57, 'en_mfi': True, 'mfi_n': 26, 'mfi_lower': 26, 'mfi_upper': 61, 'en_bollinger': False, 'bollinger_n': 22, 'bollinger_k': 3.7, 'en_adx': False, 'adx_n': 47, 'adx_threshold': 19, 'en_structure_trend': True, 'structure_trend_swing_l': 18, 'en_order_block': True, 'order_block_swing_l': 11, 'en_fvg': False, 'fvg_lookback': 49, 'en_ifvg': True, 'en_breaker': False, 'breaker_swing_l': 15, 'en_cisd': True, 'k': 3, 'en_cap_bars': True, 'cap_1min': 1002}.
[I 2026-07-13 17:56:21,047] Trial 1845 finished with values: [3017.1658525153543, -2210.6886406134436, 41.9] and parameters: {'sl_soft': 16.53284872548906, 'sl_hard_delta': 43.05437771749679, 'tp': 51.51173209162248, 'gate_pct': 84.68288014900352, 'dd_limit': 6200.963660003925, 'cooldown': 27, 'flip': True, 'en_ema_trend': True, 'ema_trend_fast': 59, 'ema_trend_slow': 135, 'en_sma_trend': False, 'sma_trend_fast': 118, 'sma_trend_slow': 263, 'en_macd': False, 'macd_fast': 91, 'macd_slow': 150, 'macd_signal': 1, 'en_vwap': True, 'en_keltner': True, 'keltner_n': 171, 'keltner_m': 1.8, 'en_obv': False, 'obv_slope': 12, 'en_cci': False, 'cci_n': 195, 'cci_threshold': 290, 'en_rsi': True, 'rsi_n': 29, 'rsi_lower': 7, 'rsi_upper': 91, 'en_stochastic': False, 'stochastic_n': 68, 'stochastic_d': 4, 'stochastic_lower': 36, 'stochastic_upper': 97, 'en_mfi': False, 'mfi_n': 66, 'mfi_lower': 26, 'mfi_upper': 92, 'en_bollinger': False, 'bollinger_n': 10, 'bollinger_k': 3.0, 'en_adx': False, 'adx_n': 73, 'adx_threshold': 6, 'en_structure_trend': True, 'structure_trend_swing_l': 18, 'en_order_block': True, 'order_block_swing_l': 11, 'en_fvg': True, 'fvg_lookback': 10, 'en_ifvg': False, 'en_breaker': True, 'breaker_swing_l': 17, 'en_cisd': True, 'k': 5, 'en_cap_bars': True, 'cap_1min': 412}.
[I 2026-07-13 17:56:21,430] Trial 1846 finished with values: [135.0, -115.0, 51.05] and parameters: {'sl_soft': 14.900093084042254, 'sl_hard_delta': 15.68658300542352, 'tp': 34.46883891078241, 'gate_pct': 26.3517884829504, 'dd_limit': 928.2439984695909, 'cooldown': 13, 'flip': True, 'en_ema_trend': True, 'ema_trend_fast': 29, 'ema_trend_slow': 274, 'en_sma_trend': False, 'sma_trend_fast': 7, 'sma_trend_slow': 396, 'en_macd': True, 'macd_fast': 26, 'macd_slow': 48, 'macd_signal': 61, 'en_vwap': True, 'en_keltner': True, 'keltner_n': 94, 'keltner_m': 4.1, 'en_obv': True, 'obv_slope': 132, 'en_cci': False, 'cci_n': 143, 'cci_threshold': 290, 'en_rsi': False, 'rsi_n': 74, 'rsi_lower': 15, 'rsi_upper': 98, 'en_stochastic': False, 'stochastic_n': 47, 'stochastic_d': 34, 'stochastic_lower': 36, 'stochastic_upper': 97, 'en_mfi': True, 'mfi_n': 66, 'mfi_lower': 8, 'mfi_upper': 92, 'en_bollinger': False, 'bollinger_n': 136, 'bollinger_k': 2.6, 'en_adx': False, 'adx_n': 71, 'adx_threshold': 6, 'en_structure_trend': True, 'structure_trend_swing_l': 19, 'en_order_block': False, 'order_block_swing_l': 11, 'en_fvg': True, 'fvg_lookback': 47, 'en_ifvg': False, 'en_breaker': True, 'breaker_swing_l': 15, 'en_cisd': True, 'k': 5, 'en_cap_bars': True, 'cap_1min': 3}.
[I 2026-07-13 17:56:22,013] Trial 1847 finished with values: [2519.967094054191, -1270.840384626863, 51.3] and parameters: {'sl_soft': 18.688123795390414, 'sl_hard_delta': 38.89591466729796, 'tp': 34.46883891078241, 'gate_pct': 76.55976188692937, 'dd_limit': 928.2439984695909, 'cooldown': 12, 'flip': True, 'en_ema_trend': True, 'ema_trend_fast': 208, 'ema_trend_slow': 250, 'en_sma_trend': False, 'sma_trend_fast': 142, 'sma_trend_slow': 143, 'en_macd': False, 'macd_fast': 91, 'macd_slow': 48, 'macd_signal': 1, 'en_vwap': True, 'en_keltner': False, 'keltner_n': 137, 'keltner_m': 4.6000000000000005, 'en_obv': False, 'obv_slope': 186, 'en_cci': False, 'cci_n': 143, 'cci_threshold': 205, 'en_rsi': True, 'rsi_n': 8, 'rsi_lower': 7, 'rsi_upper': 91, 'en_stochastic': False, 'stochastic_n': 99, 'stochastic_d': 4, 'stochastic_lower': 16, 'stochastic_upper': 57, 'en_mfi': True, 'mfi_n': 61, 'mfi_lower': 26, 'mfi_upper': 92, 'en_bollinger': False, 'bollinger_n': 69, 'bollinger_k': 1.8, 'en_adx': False, 'adx_n': 81, 'adx_threshold': 55, 'en_structure_trend': True, 'structure_trend_swing_l': 18, 'en_order_block': False, 'order_block_swing_l': 11, 'en_fvg': False, 'fvg_lookback': 36, 'en_ifvg': False, 'en_breaker': False, 'breaker_swing_l': 17, 'en_cisd': True, 'k': 4, 'en_cap_bars': True, 'cap_1min': 608}.
[I 2026-07-13 17:56:22,363] Trial 1848 finished with values: [1048.3670221292414, -646.4132977870759, 57.1] and parameters: {'sl_soft': 16.38720937773672, 'sl_hard_delta': 43.05437771749679, 'tp': 42.717340442581346, 'gate_pct': 33.56638011646498, 'dd_limit': 9308.14469807598, 'cooldown': 0, 'flip': True, 'en_ema_trend': True, 'ema_trend_fast': 29, 'ema_trend_slow': 274, 'en_sma_trend': False, 'sma_trend_fast': 92, 'sma_trend_slow': 396, 'en_macd': False, 'macd_fast': 44, 'macd_slow': 150, 'macd_signal': 64, 'en_vwap': True, 'en_keltner': True, 'keltner_n': 105, 'keltner_m': 3.8000000000000003, 'en_obv': True, 'obv_slope': 186, 'en_cci': False, 'cci_n': 182, 'cci_threshold': 290, 'en_rsi': False, 'rsi_n': 89, 'rsi_lower': 15, 'rsi_upper': 80, 'en_stochastic': False, 'stochastic_n': 83, 'stochastic_d': 4, 'stochastic_lower': 2, 'stochastic_upper': 62, 'en_mfi': True, 'mfi_n': 66, 'mfi_lower': 24, 'mfi_upper': 65, 'en_bollinger': True, 'bollinger_n': 118, 'bollinger_k': 1.8, 'en_adx': False, 'adx_n': 71, 'adx_threshold': 32, 'en_structure_trend': True, 'structure_trend_swing_l': 18, 'en_order_block': False, 'order_block_swing_l': 11, 'en_fvg': False, 'fvg_lookback': 47, 'en_ifvg': False, 'en_breaker': False, 'breaker_swing_l': 15, 'en_cisd': True, 'k': 4, 'en_cap_bars': False, 'cap_1min': 3}.
[I 2026-07-13 17:56:22,959] Trial 1849 finished with values: [238.24720242106196, -1113.3427821566147, 49.0] and parameters: {'sl_soft': 37.49132233815045, 'sl_hard_delta': 15.421376415097182, 'tp': 29.99703976361623, 'gate_pct': 92.80779954528938, 'dd_limit': 6200.963660003925, 'cooldown': 19, 'flip': True, 'en_ema_trend': False, 'ema_trend_fast': 271, 'ema_trend_slow': 218, 'en_sma_trend': True, 'sma_trend_fast': 26, 'sma_trend_slow': 396, 'en_macd': False, 'macd_fast': 87, 'macd_slow': 53, 'macd_signal': 64, 'en_vwap': False, 'en_keltner': True, 'keltner_n': 105, 'keltner_m': 4.1, 'en_obv': False, 'obv_slope': 186, 'en_cci': False, 'cci_n': 143, 'cci_threshold': 65, 'en_rsi': False, 'rsi_n': 74, 'rsi_lower': 14, 'rsi_upper': 98, 'en_stochastic': False, 'stochastic_n': 66, 'stochastic_d': 4, 'stochastic_lower': 36, 'stochastic_upper': 68, 'en_mfi': False, 'mfi_n': 26, 'mfi_lower': 8, 'mfi_upper': 93, 'en_bollinger': True, 'bollinger_n': 118, 'bollinger_k': 3.0, 'en_adx': False, 'adx_n': 71, 'adx_threshold': 28, 'en_structure_trend': True, 'structure_trend_swing_l': 19, 'en_order_block': False, 'order_block_swing_l': 10, 'en_fvg': False, 'fvg_lookback': 4, 'en_ifvg': True, 'en_breaker': False, 'breaker_swing_l': 15, 'en_cisd': False, 'k': 4, 'en_cap_bars': True, 'cap_1min': 3}.
