[I 2026-07-13 17:39:54,901] Trial 795 finished with values: [1086.053443600831, -2321.4794173052724, 47.75] and parameters: {'sl_soft': 18.688123795390414, 'sl_hard_delta': 6.313902063185736, 'tp': 34.46883891078241, 'gate_pct': 76.55976188692937, 'dd_limit': 6200.963660003925, 'cooldown': 13, 'flip': True, 'en_ema_trend': False, 'ema_trend_fast': 59, 'ema_trend_slow': 135, 'en_sma_trend': True, 'sma_trend_fast': 128, 'sma_trend_slow': 143, 'en_macd': True, 'macd_fast': 24, 'macd_slow': 48, 'macd_signal': 86, 'en_vwap': True, 'en_keltner': True, 'keltner_n': 171, 'keltner_m': 3.8000000000000003, 'en_obv': True, 'obv_slope': 12, 'en_cci': False, 'cci_n': 143, 'cci_threshold': 195, 'en_rsi': False, 'rsi_n': 48, 'rsi_lower': 43, 'rsi_upper': 84, 'en_stochastic': False, 'stochastic_n': 8, 'stochastic_d': 2, 'stochastic_lower': 36, 'stochastic_upper': 57, 'en_mfi': True, 'mfi_n': 26, 'mfi_lower': 40, 'mfi_upper': 67, 'en_bollinger': False, 'bollinger_n': 22, 'bollinger_k': 1.6, 'en_adx': False, 'adx_n': 73, 'adx_threshold': 31, 'en_structure_trend': True, 'structure_trend_swing_l': 18, 'en_order_block': False, 'order_block_swing_l': 10, 'en_fvg': True, 'fvg_lookback': 36, 'en_ifvg': False, 'en_breaker': True, 'breaker_swing_l': 10, 'en_cisd': True, 'k': 5, 'en_cap_bars': True, 'cap_1min': 412}.
[I 2026-07-13 17:39:56,494] Trial 796 finished with values: [457.6096706763019, -5853.217038919975, 57.5] and parameters: {'sl_soft': 41.80574247052053, 'sl_hard_delta': 43.05437771749679, 'tp': 42.717340442581346, 'gate_pct': 84.18980078267379, 'dd_limit': 9308.14469807598, 'cooldown': 12, 'flip': True, 'en_ema_trend': True, 'ema_trend_fast': 230, 'ema_trend_slow': 154, 'en_sma_trend': False, 'sma_trend_fast': 128, 'sma_trend_slow': 163, 'en_macd': False, 'macd_fast': 87, 'macd_slow': 79, 'macd_signal': 64, 'en_vwap': True, 'en_keltner': False, 'keltner_n': 88, 'keltner_m': 4.6000000000000005, 'en_obv': False, 'obv_slope': 167, 'en_cci': False, 'cci_n': 195, 'cci_threshold': 290, 'en_rsi': True, 'rsi_n': 8, 'rsi_lower': 3, 'rsi_upper': 69, 'en_stochastic': False, 'stochastic_n': 71, 'stochastic_d': 31, 'stochastic_lower': 2, 'stochastic_upper': 64, 'en_mfi': True, 'mfi_n': 66, 'mfi_lower': 42, 'mfi_upper': 92, 'en_bollinger': True, 'bollinger_n': 22, 'bollinger_k': 3.8000000000000003, 'en_adx': False, 'adx_n': 11, 'adx_threshold': 19, 'en_structure_trend': True, 'structure_trend_swing_l': 18, 'en_order_block': True, 'order_block_swing_l': 11, 'en_fvg': True, 'fvg_lookback': 21, 'en_ifvg': False, 'en_breaker': False, 'breaker_swing_l': 15, 'en_cisd': True, 'k': 3, 'en_cap_bars': True, 'cap_1min': 608}.
[I 2026-07-13 17:39:56,804] Trial 797 finished with values: [1348.2968555639127, -1270.840384626863, 48.3] and parameters: {'sl_soft': 18.688123795390414, 'sl_hard_delta': 38.89591466729796, 'tp': 34.46883891078241, 'gate_pct': 76.55976188692937, 'dd_limit': 928.2439984695909, 'cooldown': 12, 'flip': True, 'en_ema_trend': True, 'ema_trend_fast': 208, 'ema_trend_slow': 250, 'en_sma_trend': False, 'sma_trend_fast': 142, 'sma_trend_slow': 143, 'en_macd': False, 'macd_fast': 91, 'macd_slow': 48, 'macd_signal': 1, 'en_vwap': True, 'en_keltner': False, 'keltner_n': 137, 'keltner_m': 4.6000000000000005, 'en_obv': False, 'obv_slope': 186, 'en_cci': False, 'cci_n': 94, 'cci_threshold': 195, 'en_rsi': True, 'rsi_n': 8, 'rsi_lower': 7, 'rsi_upper': 91, 'en_stochastic': False, 'stochastic_n': 71, 'stochastic_d': 31, 'stochastic_lower': 16, 'stochastic_upper': 57, 'en_mfi': True, 'mfi_n': 61, 'mfi_lower': 26, 'mfi_upper': 92, 'en_bollinger': False, 'bollinger_n': 69, 'bollinger_k': 1.6, 'en_adx': False, 'adx_n': 81, 'adx_threshold': 31, 'en_structure_trend': True, 'structure_trend_swing_l': 18, 'en_order_block': False, 'order_block_swing_l': 11, 'en_fvg': True, 'fvg_lookback': 36, 'en_ifvg': False, 'en_breaker': False, 'breaker_swing_l': 17, 'en_cisd': False, 'k': 4, 'en_cap_bars': False, 'cap_1min': 608}.
[I 2026-07-13 17:39:57,541] Trial 798 pruned. 
[I 2026-07-13 17:39:59,285] Trial 799 finished with values: [538.4219361349278, -1595.5759977595153, 47.25] and parameters: {'sl_soft': 18.688123795390414, 'sl_hard_delta': 38.89591466729796, 'tp': 34.46883891078241, 'gate_pct': 76.55976188692937, 'dd_limit': 928.2439984695909, 'cooldown': 2, 'flip': True, 'en_ema_trend': True, 'ema_trend_fast': 208, 'ema_trend_slow': 250, 'en_sma_trend': True, 'sma_trend_fast': 154, 'sma_trend_slow': 143, 'en_macd': True, 'macd_fast': 91, 'macd_slow': 116, 'macd_signal': 66, 'en_vwap': True, 'en_keltner': False, 'keltner_n': 73, 'keltner_m': 4.6000000000000005, 'en_obv': False, 'obv_slope': 186, 'en_cci': False, 'cci_n': 143, 'cci_threshold': 205, 'en_rsi': True, 'rsi_n': 46, 'rsi_lower': 7, 'rsi_upper': 91, 'en_stochastic': False, 'stochastic_n': 99, 'stochastic_d': 4, 'stochastic_lower': 33, 'stochastic_upper': 88, 'en_mfi': True, 'mfi_n': 26, 'mfi_lower': 26, 'mfi_upper': 79, 'en_bollinger': False, 'bollinger_n': 69, 'bollinger_k': 2.6, 'en_adx': False, 'adx_n': 81, 'adx_threshold': 55, 'en_structure_trend': True, 'structure_trend_swing_l': 7, 'en_order_block': False, 'order_block_swing_l': 11, 'en_fvg': False, 'fvg_lookback': 38, 'en_ifvg': True, 'en_breaker': False, 'breaker_swing_l': 17, 'en_cisd': False, 'k': 4, 'en_cap_bars': True, 'cap_1min': 1002}.
[I 2026-07-13 17:39:59,534] Trial 800 finished with values: [2289.694923570114, -1368.4778657319475, 42.95] and parameters: {'sl_soft': 18.688123795390414, 'sl_hard_delta': 43.05437771749679, 'tp': 51.51173209162248, 'gate_pct': 76.55976188692937, 'dd_limit': 7287.8670146700415, 'cooldown': 19, 'flip': True, 'en_ema_trend': True, 'ema_trend_fast': 183, 'ema_trend_slow': 250, 'en_sma_trend': False, 'sma_trend_fast': 142, 'sma_trend_slow': 384, 'en_macd': False, 'macd_fast': 91, 'macd_slow': 116, 'macd_signal': 13, 'en_vwap': True, 'en_keltner': True, 'keltner_n': 137, 'keltner_m': 4.5, 'en_obv': True, 'obv_slope': 186, 'en_cci': False, 'cci_n': 143, 'cci_threshold': 195, 'en_rsi': False, 'rsi_n': 8, 'rsi_lower': 15, 'rsi_upper': 91, 'en_stochastic': False, 'stochastic_n': 6, 'stochastic_d': 2, 'stochastic_lower': 2, 'stochastic_upper': 86, 'en_mfi': True, 'mfi_n': 61, 'mfi_lower': 26, 'mfi_upper': 92, 'en_bollinger': False, 'bollinger_n': 118, 'bollinger_k': 1.6, 'en_adx': False, 'adx_n': 73, 'adx_threshold': 55, 'en_structure_trend': True, 'structure_trend_swing_l': 19, 'en_order_block': True, 'order_block_swing_l': 9, 'en_fvg': True, 'fvg_lookback': 36, 'en_ifvg': False, 'en_breaker': True, 'breaker_swing_l': 17, 'en_cisd': True, 'k': 1, 'en_cap_bars': False, 'cap_1min': 1002}.
[I 2026-07-13 17:39:59,700] Trial 801 pruned. 
[I 2026-07-13 17:39:59,996] Trial 802 finished with values: [563.6003909056308, -438.0562255683981, 63.05] and parameters: {'sl_soft': 16.53284872548906, 'sl_hard_delta': 43.05437771749679, 'tp': 19.388754886316853, 'gate_pct': 33.56638011646498, 'dd_limit': 7287.8670146700415, 'cooldown': 13, 'flip': True, 'en_ema_trend': False, 'ema_trend_fast': 29, 'ema_trend_slow': 274, 'en_sma_trend': True, 'sma_trend_fast': 6, 'sma_trend_slow': 263, 'en_macd': False, 'macd_fast': 91, 'macd_slow': 150, 'macd_signal': 1, 'en_vwap': True, 'en_keltner': True, 'keltner_n': 73, 'keltner_m': 3.8000000000000003, 'en_obv': True, 'obv_slope': 162, 'en_cci': False, 'cci_n': 143, 'cci_threshold': 75, 'en_rsi': False, 'rsi_n': 74, 'rsi_lower': 15, 'rsi_upper': 87, 'en_stochastic': False, 'stochastic_n': 99, 'stochastic_d': 4, 'stochastic_lower': 2, 'stochastic_upper': 52, 'en_mfi': True, 'mfi_n': 66, 'mfi_lower': 28, 'mfi_upper': 92, 'en_bollinger': False, 'bollinger_n': 118, 'bollinger_k': 1.8, 'en_adx': False, 'adx_n': 81, 'adx_threshold': 55, 'en_structure_trend': True, 'structure_trend_swing_l': 18, 'en_order_block': False, 'order_block_swing_l': 11, 'en_fvg': True, 'fvg_lookback': 38, 'en_ifvg': False, 'en_breaker': False, 'breaker_swing_l': 10, 'en_cisd': True, 'k': 5, 'en_cap_bars': True, 'cap_1min': 1388}.
[I 2026-07-13 17:40:00,197] Trial 803 pruned. 
[I 2026-07-13 17:40:00,619] Trial 804 pruned. 
[I 2026-07-13 17:40:02,659] Trial 805 finished with values: [1104.0800145710818, -662.7299963572295, 53.099999999999994] and parameters: {'sl_soft': 13.526565860109505, 'sl_hard_delta': 57.09095784154005, 'tp': 41.72700036427423, 'gate_pct': 74.50813821223942, 'dd_limit': 1393.7003097166044, 'cooldown': 2, 'flip': True, 'en_ema_trend': True, 'ema_trend_fast': 200, 'ema_trend_slow': 250, 'en_sma_trend': True, 'sma_trend_fast': 154, 'sma_trend_slow': 265, 'en_macd': True, 'macd_fast': 63, 'macd_slow': 116, 'macd_signal': 66, 'en_vwap': False, 'en_keltner': True, 'keltner_n': 73, 'keltner_m': 2.7, 'en_obv': False, 'obv_slope': 15, 'en_cci': False, 'cci_n': 195, 'cci_threshold': 155, 'en_rsi': False, 'rsi_n': 46, 'rsi_lower': 23, 'rsi_upper': 91, 'en_stochastic': True, 'stochastic_n': 71, 'stochastic_d': 12, 'stochastic_lower': 33, 'stochastic_upper': 88, 'en_mfi': True, 'mfi_n': 26, 'mfi_lower': 19, 'mfi_upper': 79, 'en_bollinger': False, 'bollinger_n': 187, 'bollinger_k': 2.6, 'en_adx': False, 'adx_n': 81, 'adx_threshold': 55, 'en_structure_trend': True, 'structure_trend_swing_l': 7, 'en_order_block': True, 'order_block_swing_l': 11, 'en_fvg': False, 'fvg_lookback': 38, 'en_ifvg': True, 'en_breaker': False, 'breaker_swing_l': 7, 'en_cisd': False, 'k': 3, 'en_cap_bars': True, 'cap_1min': 1002}.
[I 2026-07-13 17:40:02,918] Trial 806 finished with values: [782.1447676911885, -1011.5108304360183, 49.1] and parameters: {'sl_soft': 18.688123795390414, 'sl_hard_delta': 38.89591466729796, 'tp': 34.46883891078241, 'gate_pct': 76.55976188692937, 'dd_limit': 928.2439984695909, 'cooldown': 12, 'flip': True, 'en_ema_trend': True, 'ema_trend_fast': 208, 'ema_trend_slow': 250, 'en_sma_trend': False, 'sma_trend_fast': 142, 'sma_trend_slow': 143, 'en_macd': False, 'macd_fast': 91, 'macd_slow': 48, 'macd_signal': 1, 'en_vwap': True, 'en_keltner': False, 'keltner_n': 105, 'keltner_m': 4.5, 'en_obv': True, 'obv_slope': 186, 'en_cci': False, 'cci_n': 143, 'cci_threshold': 195, 'en_rsi': False, 'rsi_n': 74, 'rsi_lower': 15, 'rsi_upper': 91, 'en_stochastic': False, 'stochastic_n': 6, 'stochastic_d': 2, 'stochastic_lower': 2, 'stochastic_upper': 57, 'en_mfi': True, 'mfi_n': 61, 'mfi_lower': 26, 'mfi_upper': 92, 'en_bollinger': False, 'bollinger_n': 69, 'bollinger_k': 0.7, 'en_adx': False, 'adx_n': 73, 'adx_threshold': 31, 'en_structure_trend': True, 'structure_trend_swing_l': 19, 'en_order_block': False, 'order_block_swing_l': 11, 'en_fvg': True, 'fvg_lookback': 36, 'en_ifvg': True, 'en_breaker': False, 'breaker_swing_l': 17, 'en_cisd': True, 'k': 5, 'en_cap_bars': False, 'cap_1min': 1002}.
[I 2026-07-13 17:40:03,121] Trial 807 pruned. 
[I 2026-07-13 17:40:04,732] Trial 808 finished with values: [605.6887444767381, -1736.277607579941, 38.0] and parameters: {'sl_soft': 13.526565860109505, 'sl_hard_delta': 57.09095784154005, 'tp': 41.72700036427423, 'gate_pct': 74.50813821223942, 'dd_limit': 6200.963660003925, 'cooldown': 13, 'flip': True, 'en_ema_trend': True, 'ema_trend_fast': 59, 'ema_trend_slow': 250, 'en_sma_trend': True, 'sma_trend_fast': 128, 'sma_trend_slow': 384, 'en_macd': True, 'macd_fast': 24, 'macd_slow': 150, 'macd_signal': 3, 'en_vwap': True, 'en_keltner': True, 'keltner_n': 171, 'keltner_m': 1.7000000000000002, 'en_obv': False, 'obv_slope': 186, 'en_cci': False, 'cci_n': 143, 'cci_threshold': 195, 'en_rsi': False, 'rsi_n': 46, 'rsi_lower': 43, 'rsi_upper': 98, 'en_stochastic': False, 'stochastic_n': 8, 'stochastic_d': 12, 'stochastic_lower': 36, 'stochastic_upper': 57, 'en_mfi': True, 'mfi_n': 26, 'mfi_lower': 19, 'mfi_upper': 79, 'en_bollinger': False, 'bollinger_n': 118, 'bollinger_k': 1.6, 'en_adx': False, 'adx_n': 47, 'adx_threshold': 31, 'en_structure_trend': True, 'structure_trend_swing_l': 19, 'en_order_block': True, 'order_block_swing_l': 10, 'en_fvg': True, 'fvg_lookback': 24, 'en_ifvg': False, 'en_breaker': True, 'breaker_swing_l': 15, 'en_cisd': True, 'k': 5, 'en_cap_bars': True, 'cap_1min': 335}.
[I 2026-07-13 17:40:11,779] Trial 809 finished with values: [1874.152429062633, -1834.8140823905123, 43.75] and parameters: {'sl_soft': 18.688123795390414, 'sl_hard_delta': 42.2746926827138, 'tp': 51.51173209162248, 'gate_pct': 76.55976188692937, 'dd_limit': 9308.14469807598, 'cooldown': 12, 'flip': True, 'en_ema_trend': True, 'ema_trend_fast': 230, 'ema_trend_slow': 346, 'en_sma_trend': False, 'sma_trend_fast': 128, 'sma_trend_slow': 143, 'en_macd': False, 'macd_fast': 87, 'macd_slow': 48, 'macd_signal': 1, 'en_vwap': True, 'en_keltner': True, 'keltner_n': 137, 'keltner_m': 4.1, 'en_obv': True, 'obv_slope': 12, 'en_cci': False, 'cci_n': 143, 'cci_threshold': 145, 'en_rsi': True, 'rsi_n': 74, 'rsi_lower': 7, 'rsi_upper': 56, 'en_stochastic': True, 'stochastic_n': 63, 'stochastic_d': 4, 'stochastic_lower': 2, 'stochastic_upper': 64, 'en_mfi': True, 'mfi_n': 61, 'mfi_lower': 8, 'mfi_upper': 92, 'en_bollinger': False, 'bollinger_n': 69, 'bollinger_k': 3.8000000000000003, 'en_adx': False, 'adx_n': 81, 'adx_threshold': 19, 'en_structure_trend': True, 'structure_trend_swing_l': 18, 'en_order_block': True, 'order_block_swing_l': 10, 'en_fvg': False, 'fvg_lookback': 47, 'en_ifvg': False, 'en_breaker': False, 'breaker_swing_l': 15, 'en_cisd': True, 'k': 4, 'en_cap_bars': False, 'cap_1min': 412}.
[I 2026-07-13 17:40:13,226] Trial 810 finished with values: [1813.5024042665646, -1785.4644941524384, 53.85] and parameters: {'sl_soft': 41.80574247052053, 'sl_hard_delta': 6.313902063185736, 'tp': 51.51173209162248, 'gate_pct': 84.18980078267379, 'dd_limit': 6200.963660003925, 'cooldown': 27, 'flip': True, 'en_ema_trend': True, 'ema_trend_fast': 230, 'ema_trend_slow': 135, 'en_sma_trend': True, 'sma_trend_fast': 142, 'sma_trend_slow': 93, 'en_macd': True, 'macd_fast': 26, 'macd_slow': 53, 'macd_signal': 86, 'en_vwap': True, 'en_keltner': False, 'keltner_n': 171, 'keltner_m': 4.5, 'en_obv': True, 'obv_slope': 92, 'en_cci': False, 'cci_n': 182, 'cci_threshold': 145, 'en_rsi': False, 'rsi_n': 29, 'rsi_lower': 43, 'rsi_upper': 91, 'en_stochastic': False, 'stochastic_n': 8, 'stochastic_d': 2, 'stochastic_lower': 36, 'stochastic_upper': 86, 'en_mfi': True, 'mfi_n': 26, 'mfi_lower': 40, 'mfi_upper': 93, 'en_bollinger': True, 'bollinger_n': 22, 'bollinger_k': 2.6, 'en_adx': False, 'adx_n': 47, 'adx_threshold': 6, 'en_structure_trend': True, 'structure_trend_swing_l': 19, 'en_order_block': True, 'order_block_swing_l': 11, 'en_fvg': True, 'fvg_lookback': 24, 'en_ifvg': False, 'en_breaker': True, 'breaker_swing_l': 19, 'en_cisd': True, 'k': 5, 'en_cap_bars': True, 'cap_1min': 1002}.
[I 2026-07-13 17:40:13,686] Trial 811 pruned. 
[I 2026-07-13 17:40:14,176] Trial 812 finished with values: [532.8328245356533, -1642.9297614199822, 39.45] and parameters: {'sl_soft': 18.688123795390414, 'sl_hard_delta': 38.89591466729796, 'tp': 51.51173209162248, 'gate_pct': 76.55976188692937, 'dd_limit': 7287.8670146700415, 'cooldown': 19, 'flip': True, 'en_ema_trend': True, 'ema_trend_fast': 230, 'ema_trend_slow': 250, 'en_sma_trend': False, 'sma_trend_fast': 142, 'sma_trend_slow': 384, 'en_macd': False, 'macd_fast': 91, 'macd_slow': 48, 'macd_signal': 86, 'en_vwap': True, 'en_keltner': False, 'keltner_n': 105, 'keltner_m': 4.5, 'en_obv': True, 'obv_slope': 186, 'en_cci': False, 'cci_n': 143, 'cci_threshold': 195, 'en_rsi': False, 'rsi_n': 74, 'rsi_lower': 15, 'rsi_upper': 87, 'en_stochastic': False, 'stochastic_n': 59, 'stochastic_d': 2, 'stochastic_lower': 2, 'stochastic_upper': 86, 'en_mfi': True, 'mfi_n': 61, 'mfi_lower': 26, 'mfi_upper': 92, 'en_bollinger': False, 'bollinger_n': 69, 'bollinger_k': 1.6, 'en_adx': False, 'adx_n': 73, 'adx_threshold': 19, 'en_structure_trend': True, 'structure_trend_swing_l': 18, 'en_order_block': False, 'order_block_swing_l': 11, 'en_fvg': True, 'fvg_lookback': 36, 'en_ifvg': True, 'en_breaker': False, 'breaker_swing_l': 17, 'en_cisd': True, 'k': 1, 'en_cap_bars': True, 'cap_1min': 608}.
[I 2026-07-13 17:40:14,755] Trial 813 finished with values: [245.2372646004551, -320.0, 42.75] and parameters: {'sl_soft': 16.53284872548906, 'sl_hard_delta': 43.05437771749679, 'tp': 34.46883891078241, 'gate_pct': 26.3517884829504, 'dd_limit': 7287.8670146700415, 'cooldown': 13, 'flip': True, 'en_ema_trend': False, 'ema_trend_fast': 59, 'ema_trend_slow': 274, 'en_sma_trend': True, 'sma_trend_fast': 330, 'sma_trend_slow': 263, 'en_macd': False, 'macd_fast': 87, 'macd_slow': 150, 'macd_signal': 1, 'en_vwap': True, 'en_keltner': False, 'keltner_n': 73, 'keltner_m': 4.1, 'en_obv': True, 'obv_slope': 12, 'en_cci': False, 'cci_n': 143, 'cci_threshold': 115, 'en_rsi': False, 'rsi_n': 74, 'rsi_lower': 7, 'rsi_upper': 87, 'en_stochastic': False, 'stochastic_n': 63, 'stochastic_d': 31, 'stochastic_lower': 2, 'stochastic_upper': 62, 'en_mfi': True, 'mfi_n': 61, 'mfi_lower': 8, 'mfi_upper': 92, 'en_bollinger': False, 'bollinger_n': 195, 'bollinger_k': 3.7, 'en_adx': False, 'adx_n': 81, 'adx_threshold': 55, 'en_structure_trend': True, 'structure_trend_swing_l': 18, 'en_order_block': True, 'order_block_swing_l': 10, 'en_fvg': True, 'fvg_lookback': 47, 'en_ifvg': False, 'en_breaker': True, 'breaker_swing_l': 17, 'en_cisd': True, 'k': 4, 'en_cap_bars': True, 'cap_1min': 412}.
[I 2026-07-13 17:40:15,058] Trial 814 pruned. 
[I 2026-07-13 17:40:16,814] Trial 815 finished with values: [2350.9284463256154, -1563.562591187474, 42.7] and parameters: {'sl_soft': 13.526565860109505, 'sl_hard_delta': 57.09095784154005, 'tp': 41.72700036427423, 'gate_pct': 84.68288014900352, 'dd_limit': 9308.14469807598, 'cooldown': 13, 'flip': True, 'en_ema_trend': True, 'ema_trend_fast': 59, 'ema_trend_slow': 250, 'en_sma_trend': False, 'sma_trend_fast': 118, 'sma_trend_slow': 263, 'en_macd': True, 'macd_fast': 63, 'macd_slow': 150, 'macd_signal': 64, 'en_vwap': True, 'en_keltner': True, 'keltner_n': 73, 'keltner_m': 1.7000000000000002, 'en_obv': False, 'obv_slope': 186, 'en_cci': False, 'cci_n': 195, 'cci_threshold': 290, 'en_rsi': False, 'rsi_n': 46, 'rsi_lower': 15, 'rsi_upper': 91, 'en_stochastic': False, 'stochastic_n': 68, 'stochastic_d': 12, 'stochastic_lower': 2, 'stochastic_upper': 57, 'en_mfi': False, 'mfi_n': 66, 'mfi_lower': 42, 'mfi_upper': 79, 'en_bollinger': False, 'bollinger_n': 10, 'bollinger_k': 1.8, 'en_adx': False, 'adx_n': 81, 'adx_threshold': 31, 'en_structure_trend': True, 'structure_trend_swing_l': 18, 'en_order_block': True, 'order_block_swing_l': 15, 'en_fvg': True, 'fvg_lookback': 39, 'en_ifvg': False, 'en_breaker': False, 'breaker_swing_l': 6, 'en_cisd': True, 'k': 5, 'en_cap_bars': True, 'cap_1min': 412}.
[I 2026-07-13 17:40:18,571] Trial 816 finished with values: [652.606915490469, -1210.0, 63.45] and parameters: {'sl_soft': 41.80574247052053, 'sl_hard_delta': 43.05437771749679, 'tp': 42.717340442581346, 'gate_pct': 33.56638011646498, 'dd_limit': 928.2439984695909, 'cooldown': 0, 'flip': True, 'en_ema_trend': True, 'ema_trend_fast': 59, 'ema_trend_slow': 135, 'en_sma_trend': True, 'sma_trend_fast': 128, 'sma_trend_slow': 384, 'en_macd': False, 'macd_fast': 24, 'macd_slow': 150, 'macd_signal': 1, 'en_vwap': True, 'en_keltner': True, 'keltner_n': 171, 'keltner_m': 4.6000000000000005, 'en_obv': True, 'obv_slope': 12, 'en_cci': False, 'cci_n': 13, 'cci_threshold': 205, 'en_rsi': False, 'rsi_n': 89, 'rsi_lower': 43, 'rsi_upper': 84, 'en_stochastic': False, 'stochastic_n': 99, 'stochastic_d': 34, 'stochastic_lower': 2, 'stochastic_upper': 57, 'en_mfi': True, 'mfi_n': 66, 'mfi_lower': 8, 'mfi_upper': 61, 'en_bollinger': False, 'bollinger_n': 136, 'bollinger_k': 3.7, 'en_adx': False, 'adx_n': 47, 'adx_threshold': 32, 'en_structure_trend': True, 'structure_trend_swing_l': 19, 'en_order_block': True, 'order_block_swing_l': 9, 'en_fvg': True, 'fvg_lookback': 47, 'en_ifvg': False, 'en_breaker': True, 'breaker_swing_l': 15, 'en_cisd': True, 'k': 4, 'en_cap_bars': True, 'cap_1min': 1002}.
[I 2026-07-13 17:40:20,010] Trial 817 finished with values: [-155.8581605314248, -2589.1807369363596, 66.69999999999999] and parameters: {'sl_soft': 29.956061875350898, 'sl_hard_delta': 36.942949443478895, 'tp': 19.388754886316853, 'gate_pct': 67.43945106994327, 'dd_limit': 7287.8670146700415, 'cooldown': 27, 'flip': True, 'en_ema_trend': False, 'ema_trend_fast': 14, 'ema_trend_slow': 346, 'en_sma_trend': True, 'sma_trend_fast': 44, 'sma_trend_slow': 263, 'en_macd': False, 'macd_fast': 87, 'macd_slow': 150, 'macd_signal': 100, 'en_vwap': True, 'en_keltner': True, 'keltner_n': 169, 'keltner_m': 3.8000000000000003, 'en_obv': False, 'obv_slope': 31, 'en_cci': False, 'cci_n': 195, 'cci_threshold': 115, 'en_rsi': True, 'rsi_n': 74, 'rsi_lower': 25, 'rsi_upper': 57, 'en_stochastic': False, 'stochastic_n': 6, 'stochastic_d': 31, 'stochastic_lower': 2, 'stochastic_upper': 63, 'en_mfi': False, 'mfi_n': 7, 'mfi_lower': 21, 'mfi_upper': 53, 'en_bollinger': False, 'bollinger_n': 118, 'bollinger_k': 1.8, 'en_adx': False, 'adx_n': 81, 'adx_threshold': 55, 'en_structure_trend': True, 'structure_trend_swing_l': 18, 'en_order_block': False, 'order_block_swing_l': 1, 'en_fvg': True, 'fvg_lookback': 15, 'en_ifvg': False, 'en_breaker': True, 'breaker_swing_l': 10, 'en_cisd': False, 'k': 5, 'en_cap_bars': True, 'cap_1min': 801}.
