[I 2026-07-13 17:55:26,082] Trial 1750 finished with values: [2658.9458833007484, -2109.2451356618403, 44.8] and parameters: {'sl_soft': 16.53284872548906, 'sl_hard_delta': 43.05437771749679, 'tp': 42.717340442581346, 'gate_pct': 84.68288014900352, 'dd_limit': 3617.657841686699, 'cooldown': 13, 'flip': True, 'en_ema_trend': True, 'ema_trend_fast': 29, 'ema_trend_slow': 85, 'en_sma_trend': False, 'sma_trend_fast': 118, 'sma_trend_slow': 263, 'en_macd': False, 'macd_fast': 44, 'macd_slow': 150, 'macd_signal': 61, 'en_vwap': True, 'en_keltner': True, 'keltner_n': 88, 'keltner_m': 1.8, 'en_obv': True, 'obv_slope': 12, 'en_cci': False, 'cci_n': 13, 'cci_threshold': 290, 'en_rsi': False, 'rsi_n': 80, 'rsi_lower': 15, 'rsi_upper': 57, 'en_stochastic': False, 'stochastic_n': 6, 'stochastic_d': 34, 'stochastic_lower': 2, 'stochastic_upper': 63, 'en_mfi': False, 'mfi_n': 66, 'mfi_lower': 24, 'mfi_upper': 65, 'en_bollinger': False, 'bollinger_n': 10, 'bollinger_k': 1.8, 'en_adx': False, 'adx_n': 71, 'adx_threshold': 32, 'en_structure_trend': True, 'structure_trend_swing_l': 18, 'en_order_block': True, 'order_block_swing_l': 15, 'en_fvg': True, 'fvg_lookback': 47, 'en_ifvg': False, 'en_breaker': False, 'breaker_swing_l': 15, 'en_cisd': True, 'k': 5, 'en_cap_bars': True, 'cap_1min': 412}.
[I 2026-07-13 17:55:26,450] Trial 1751 finished with values: [1483.1104175964538, -1514.119411857282, 49.95] and parameters: {'sl_soft': 18.688123795390414, 'sl_hard_delta': 38.89591466729796, 'tp': 34.46883891078241, 'gate_pct': 76.55976188692937, 'dd_limit': 9308.14469807598, 'cooldown': 12, 'flip': True, 'en_ema_trend': True, 'ema_trend_fast': 29, 'ema_trend_slow': 230, 'en_sma_trend': False, 'sma_trend_fast': 128, 'sma_trend_slow': 263, 'en_macd': False, 'macd_fast': 87, 'macd_slow': 150, 'macd_signal': 1, 'en_vwap': True, 'en_keltner': True, 'keltner_n': 171, 'keltner_m': 3.8000000000000003, 'en_obv': False, 'obv_slope': 186, 'en_cci': False, 'cci_n': 143, 'cci_threshold': 145, 'en_rsi': False, 'rsi_n': 74, 'rsi_lower': 7, 'rsi_upper': 87, 'en_stochastic': False, 'stochastic_n': 6, 'stochastic_d': 34, 'stochastic_lower': 42, 'stochastic_upper': 97, 'en_mfi': True, 'mfi_n': 66, 'mfi_lower': 24, 'mfi_upper': 92, 'en_bollinger': False, 'bollinger_n': 118, 'bollinger_k': 3.0, 'en_adx': False, 'adx_n': 81, 'adx_threshold': 32, 'en_structure_trend': True, 'structure_trend_swing_l': 17, 'en_order_block': False, 'order_block_swing_l': 11, 'en_fvg': False, 'fvg_lookback': 3, 'en_ifvg': False, 'en_breaker': False, 'breaker_swing_l': 10, 'en_cisd': True, 'k': 4, 'en_cap_bars': True, 'cap_1min': 412}.
[I 2026-07-13 17:55:27,767] Trial 1752 finished with values: [809.4582373700359, -690.0, 54.9] and parameters: {'sl_soft': 18.688123795390414, 'sl_hard_delta': 38.89591466729796, 'tp': 34.46883891078241, 'gate_pct': 33.41518335180748, 'dd_limit': 928.2439984695909, 'cooldown': 11, 'flip': True, 'en_ema_trend': True, 'ema_trend_fast': 29, 'ema_trend_slow': 274, 'en_sma_trend': False, 'sma_trend_fast': 142, 'sma_trend_slow': 381, 'en_macd': False, 'macd_fast': 91, 'macd_slow': 48, 'macd_signal': 3, 'en_vwap': True, 'en_keltner': True, 'keltner_n': 117, 'keltner_m': 3.8000000000000003, 'en_obv': False, 'obv_slope': 167, 'en_cci': False, 'cci_n': 143, 'cci_threshold': 205, 'en_rsi': True, 'rsi_n': 68, 'rsi_lower': 15, 'rsi_upper': 91, 'en_stochastic': False, 'stochastic_n': 99, 'stochastic_d': 4, 'stochastic_lower': 2, 'stochastic_upper': 57, 'en_mfi': True, 'mfi_n': 61, 'mfi_lower': 24, 'mfi_upper': 92, 'en_bollinger': False, 'bollinger_n': 118, 'bollinger_k': 1.8, 'en_adx': False, 'adx_n': 81, 'adx_threshold': 55, 'en_structure_trend': True, 'structure_trend_swing_l': 18, 'en_order_block': False, 'order_block_swing_l': 11, 'en_fvg': True, 'fvg_lookback': 36, 'en_ifvg': False, 'en_breaker': True, 'breaker_swing_l': 17, 'en_cisd': True, 'k': 4, 'en_cap_bars': True, 'cap_1min': 608}.
[I 2026-07-13 17:55:28,201] Trial 1753 finished with values: [1001.1936177033931, -430.0, 54.2] and parameters: {'sl_soft': 14.900093084042254, 'sl_hard_delta': 43.05437771749679, 'tp': 42.717340442581346, 'gate_pct': 33.41518335180748, 'dd_limit': 7287.8670146700415, 'cooldown': 13, 'flip': True, 'en_ema_trend': True, 'ema_trend_fast': 29, 'ema_trend_slow': 274, 'en_sma_trend': True, 'sma_trend_fast': 7, 'sma_trend_slow': 263, 'en_macd': True, 'macd_fast': 44, 'macd_slow': 53, 'macd_signal': 100, 'en_vwap': True, 'en_keltner': True, 'keltner_n': 105, 'keltner_m': 4.5, 'en_obv': True, 'obv_slope': 167, 'en_cci': False, 'cci_n': 143, 'cci_threshold': 290, 'en_rsi': False, 'rsi_n': 89, 'rsi_lower': 15, 'rsi_upper': 87, 'en_stochastic': False, 'stochastic_n': 68, 'stochastic_d': 4, 'stochastic_lower': 2, 'stochastic_upper': 62, 'en_mfi': True, 'mfi_n': 66, 'mfi_lower': 24, 'mfi_upper': 65, 'en_bollinger': True, 'bollinger_n': 118, 'bollinger_k': 1.8, 'en_adx': False, 'adx_n': 88, 'adx_threshold': 55, 'en_structure_trend': True, 'structure_trend_swing_l': 18, 'en_order_block': False, 'order_block_swing_l': 11, 'en_fvg': True, 'fvg_lookback': 47, 'en_ifvg': False, 'en_breaker': False, 'breaker_swing_l': 15, 'en_cisd': True, 'k': 5, 'en_cap_bars': False, 'cap_1min': 3}.
[I 2026-07-13 17:55:28,563] Trial 1754 finished with values: [2216.4685411851133, -2405.234992229125, 45.5] and parameters: {'sl_soft': 23.132453776394833, 'sl_hard_delta': 43.05437771749679, 'tp': 51.51173209162248, 'gate_pct': 84.68288014900352, 'dd_limit': 9308.14469807598, 'cooldown': 13, 'flip': True, 'en_ema_trend': False, 'ema_trend_fast': 29, 'ema_trend_slow': 85, 'en_sma_trend': False, 'sma_trend_fast': 99, 'sma_trend_slow': 263, 'en_macd': False, 'macd_fast': 24, 'macd_slow': 150, 'macd_signal': 64, 'en_vwap': True, 'en_keltner': False, 'keltner_n': 94, 'keltner_m': 4.5, 'en_obv': True, 'obv_slope': 167, 'en_cci': False, 'cci_n': 143, 'cci_threshold': 115, 'en_rsi': False, 'rsi_n': 89, 'rsi_lower': 15, 'rsi_upper': 98, 'en_stochastic': False, 'stochastic_n': 6, 'stochastic_d': 34, 'stochastic_lower': 2, 'stochastic_upper': 62, 'en_mfi': True, 'mfi_n': 66, 'mfi_lower': 24, 'mfi_upper': 93, 'en_bollinger': False, 'bollinger_n': 136, 'bollinger_k': 3.2, 'en_adx': False, 'adx_n': 73, 'adx_threshold': 32, 'en_structure_trend': True, 'structure_trend_swing_l': 18, 'en_order_block': False, 'order_block_swing_l': 11, 'en_fvg': False, 'fvg_lookback': 15, 'en_ifvg': False, 'en_breaker': True, 'breaker_swing_l': 10, 'en_cisd': True, 'k': 4, 'en_cap_bars': True, 'cap_1min': 412}.
[I 2026-07-13 17:55:29,016] Trial 1755 finished with values: [2519.967094054191, -1270.840384626863, 51.3] and parameters: {'sl_soft': 18.688123795390414, 'sl_hard_delta': 38.89591466729796, 'tp': 34.46883891078241, 'gate_pct': 76.55976188692937, 'dd_limit': 928.2439984695909, 'cooldown': 12, 'flip': True, 'en_ema_trend': True, 'ema_trend_fast': 208, 'ema_trend_slow': 250, 'en_sma_trend': False, 'sma_trend_fast': 142, 'sma_trend_slow': 143, 'en_macd': True, 'macd_fast': 91, 'macd_slow': 48, 'macd_signal': 1, 'en_vwap': True, 'en_keltner': False, 'keltner_n': 137, 'keltner_m': 4.6000000000000005, 'en_obv': False, 'obv_slope': 186, 'en_cci': False, 'cci_n': 143, 'cci_threshold': 205, 'en_rsi': True, 'rsi_n': 8, 'rsi_lower': 7, 'rsi_upper': 91, 'en_stochastic': False, 'stochastic_n': 99, 'stochastic_d': 4, 'stochastic_lower': 16, 'stochastic_upper': 57, 'en_mfi': True, 'mfi_n': 61, 'mfi_lower': 26, 'mfi_upper': 92, 'en_bollinger': False, 'bollinger_n': 69, 'bollinger_k': 1.8, 'en_adx': False, 'adx_n': 81, 'adx_threshold': 55, 'en_structure_trend': True, 'structure_trend_swing_l': 18, 'en_order_block': False, 'order_block_swing_l': 11, 'en_fvg': False, 'fvg_lookback': 36, 'en_ifvg': False, 'en_breaker': False, 'breaker_swing_l': 17, 'en_cisd': True, 'k': 4, 'en_cap_bars': True, 'cap_1min': 608}.
[I 2026-07-13 17:55:30,932] Trial 1756 finished with values: [261.67624057396097, -963.0484506814173, 44.05] and parameters: {'sl_soft': 18.688123795390414, 'sl_hard_delta': 6.313902063185736, 'tp': 34.46883891078241, 'gate_pct': 84.18980078267379, 'dd_limit': 928.2439984695909, 'cooldown': 12, 'flip': True, 'en_ema_trend': True, 'ema_trend_fast': 29, 'ema_trend_slow': 230, 'en_sma_trend': True, 'sma_trend_fast': 128, 'sma_trend_slow': 93, 'en_macd': False, 'macd_fast': 24, 'macd_slow': 53, 'macd_signal': 28, 'en_vwap': True, 'en_keltner': True, 'keltner_n': 2, 'keltner_m': 2.3, 'en_obv': False, 'obv_slope': 186, 'en_cci': False, 'cci_n': 143, 'cci_threshold': 145, 'en_rsi': False, 'rsi_n': 74, 'rsi_lower': 7, 'rsi_upper': 98, 'en_stochastic': False, 'stochastic_n': 6, 'stochastic_d': 4, 'stochastic_lower': 2, 'stochastic_upper': 86, 'en_mfi': True, 'mfi_n': 61, 'mfi_lower': 40, 'mfi_upper': 61, 'en_bollinger': False, 'bollinger_n': 69, 'bollinger_k': 3.0, 'en_adx': False, 'adx_n': 81, 'adx_threshold': 19, 'en_structure_trend': True, 'structure_trend_swing_l': 18, 'en_order_block': False, 'order_block_swing_l': 15, 'en_fvg': False, 'fvg_lookback': 15, 'en_ifvg': True, 'en_breaker': True, 'breaker_swing_l': 17, 'en_cisd': True, 'k': 5, 'en_cap_bars': True, 'cap_1min': 412}.
[I 2026-07-13 17:55:31,369] Trial 1757 pruned. 
[I 2026-07-13 17:55:31,710] Trial 1758 finished with values: [252.5, -225.0, 55.05] and parameters: {'sl_soft': 14.900093084042254, 'sl_hard_delta': 43.05437771749679, 'tp': 42.717340442581346, 'gate_pct': 26.3517884829504, 'dd_limit': 9308.14469807598, 'cooldown': 0, 'flip': True, 'en_ema_trend': True, 'ema_trend_fast': 29, 'ema_trend_slow': 274, 'en_sma_trend': False, 'sma_trend_fast': 7, 'sma_trend_slow': 263, 'en_macd': False, 'macd_fast': 87, 'macd_slow': 53, 'macd_signal': 100, 'en_vwap': False, 'en_keltner': True, 'keltner_n': 105, 'keltner_m': 4.1, 'en_obv': True, 'obv_slope': 132, 'en_cci': False, 'cci_n': 195, 'cci_threshold': 290, 'en_rsi': False, 'rsi_n': 80, 'rsi_lower': 15, 'rsi_upper': 87, 'en_stochastic': False, 'stochastic_n': 47, 'stochastic_d': 4, 'stochastic_lower': 36, 'stochastic_upper': 68, 'en_mfi': False, 'mfi_n': 66, 'mfi_lower': 42, 'mfi_upper': 65, 'en_bollinger': False, 'bollinger_n': 118, 'bollinger_k': 1.8, 'en_adx': False, 'adx_n': 71, 'adx_threshold': 55, 'en_structure_trend': True, 'structure_trend_swing_l': 18, 'en_order_block': False, 'order_block_swing_l': 10, 'en_fvg': True, 'fvg_lookback': 47, 'en_ifvg': False, 'en_breaker': False, 'breaker_swing_l': 15, 'en_cisd': True, 'k': 5, 'en_cap_bars': True, 'cap_1min': 3}.
[I 2026-07-13 17:55:33,134] Trial 1759 finished with values: [1790.3766632504812, -1189.1666358821021, 52.6] and parameters: {'sl_soft': 18.688123795390414, 'sl_hard_delta': 38.89591466729796, 'tp': 34.46883891078241, 'gate_pct': 84.18980078267379, 'dd_limit': 6200.963660003925, 'cooldown': 12, 'flip': True, 'en_ema_trend': True, 'ema_trend_fast': 29, 'ema_trend_slow': 230, 'en_sma_trend': True, 'sma_trend_fast': 128, 'sma_trend_slow': 93, 'en_macd': True, 'macd_fast': 24, 'macd_slow': 53, 'macd_signal': 3, 'en_vwap': True, 'en_keltner': True, 'keltner_n': 137, 'keltner_m': 3.8000000000000003, 'en_obv': True, 'obv_slope': 186, 'en_cci': False, 'cci_n': 182, 'cci_threshold': 205, 'en_rsi': False, 'rsi_n': 8, 'rsi_lower': 43, 'rsi_upper': 98, 'en_stochastic': False, 'stochastic_n': 6, 'stochastic_d': 31, 'stochastic_lower': 2, 'stochastic_upper': 57, 'en_mfi': True, 'mfi_n': 61, 'mfi_lower': 40, 'mfi_upper': 92, 'en_bollinger': False, 'bollinger_n': 175, 'bollinger_k': 1.8, 'en_adx': False, 'adx_n': 47, 'adx_threshold': 19, 'en_structure_trend': True, 'structure_trend_swing_l': 19, 'en_order_block': True, 'order_block_swing_l': 15, 'en_fvg': False, 'fvg_lookback': 36, 'en_ifvg': False, 'en_breaker': True, 'breaker_swing_l': 17, 'en_cisd': True, 'k': 4, 'en_cap_bars': True, 'cap_1min': 46}.
[I 2026-07-13 17:55:34,127] Trial 1760 finished with values: [466.8631429796369, -1949.1927452666278, 35.55] and parameters: {'sl_soft': 14.900093084042254, 'sl_hard_delta': 43.05437771749679, 'tp': 51.51173209162248, 'gate_pct': 76.55976188692937, 'dd_limit': 9308.14469807598, 'cooldown': 27, 'flip': True, 'en_ema_trend': False, 'ema_trend_fast': 29, 'ema_trend_slow': 274, 'en_sma_trend': True, 'sma_trend_fast': 7, 'sma_trend_slow': 396, 'en_macd': False, 'macd_fast': 87, 'macd_slow': 53, 'macd_signal': 28, 'en_vwap': True, 'en_keltner': True, 'keltner_n': 105, 'keltner_m': 4.1, 'en_obv': True, 'obv_slope': 186, 'en_cci': False, 'cci_n': 143, 'cci_threshold': 145, 'en_rsi': False, 'rsi_n': 74, 'rsi_lower': 14, 'rsi_upper': 98, 'en_stochastic': False, 'stochastic_n': 6, 'stochastic_d': 4, 'stochastic_lower': 2, 'stochastic_upper': 68, 'en_mfi': True, 'mfi_n': 26, 'mfi_lower': 8, 'mfi_upper': 62, 'en_bollinger': False, 'bollinger_n': 118, 'bollinger_k': 3.0, 'en_adx': False, 'adx_n': 81, 'adx_threshold': 55, 'en_structure_trend': True, 'structure_trend_swing_l': 19, 'en_order_block': False, 'order_block_swing_l': 10, 'en_fvg': True, 'fvg_lookback': 47, 'en_ifvg': False, 'en_breaker': True, 'breaker_swing_l': 15, 'en_cisd': True, 'k': 5, 'en_cap_bars': True, 'cap_1min': 412}.
[I 2026-07-13 17:55:34,425] Trial 1761 finished with values: [267.5, -155.0, 54.75] and parameters: {'sl_soft': 16.53284872548906, 'sl_hard_delta': 43.05437771749679, 'tp': 42.717340442581346, 'gate_pct': 33.41518335180748, 'dd_limit': 7287.8670146700415, 'cooldown': 0, 'flip': True, 'en_ema_trend': False, 'ema_trend_fast': 29, 'ema_trend_slow': 274, 'en_sma_trend': False, 'sma_trend_fast': 7, 'sma_trend_slow': 263, 'en_macd': True, 'macd_fast': 87, 'macd_slow': 150, 'macd_signal': 64, 'en_vwap': True, 'en_keltner': True, 'keltner_n': 105, 'keltner_m': 4.1, 'en_obv': False, 'obv_slope': 186, 'en_cci': False, 'cci_n': 143, 'cci_threshold': 290, 'en_rsi': False, 'rsi_n': 74, 'rsi_lower': 15, 'rsi_upper': 57, 'en_stochastic': False, 'stochastic_n': 68, 'stochastic_d': 4, 'stochastic_lower': 2, 'stochastic_upper': 62, 'en_mfi': True, 'mfi_n': 66, 'mfi_lower': 24, 'mfi_upper': 92, 'en_bollinger': True, 'bollinger_n': 118, 'bollinger_k': 1.8, 'en_adx': False, 'adx_n': 73, 'adx_threshold': 32, 'en_structure_trend': True, 'structure_trend_swing_l': 18, 'en_order_block': False, 'order_block_swing_l': 11, 'en_fvg': True, 'fvg_lookback': 47, 'en_ifvg': False, 'en_breaker': False, 'breaker_swing_l': 12, 'en_cisd': True, 'k': 5, 'en_cap_bars': True, 'cap_1min': 3}.
[I 2026-07-13 17:55:34,642] Trial 1762 pruned. 
[I 2026-07-13 17:55:34,998] Trial 1763 finished with values: [235.0, -225.0, 51.0] and parameters: {'sl_soft': 16.53284872548906, 'sl_hard_delta': 43.05437771749679, 'tp': 42.717340442581346, 'gate_pct': 33.41518335180748, 'dd_limit': 928.2439984695909, 'cooldown': 12, 'flip': True, 'en_ema_trend': True, 'ema_trend_fast': 29, 'ema_trend_slow': 85, 'en_sma_trend': True, 'sma_trend_fast': 128, 'sma_trend_slow': 263, 'en_macd': False, 'macd_fast': 24, 'macd_slow': 150, 'macd_signal': 1, 'en_vwap': False, 'en_keltner': True, 'keltner_n': 105, 'keltner_m': 4.1, 'en_obv': False, 'obv_slope': 132, 'en_cci': False, 'cci_n': 143, 'cci_threshold': 145, 'en_rsi': False, 'rsi_n': 74, 'rsi_lower': 15, 'rsi_upper': 87, 'en_stochastic': False, 'stochastic_n': 34, 'stochastic_d': 34, 'stochastic_lower': 36, 'stochastic_upper': 68, 'en_mfi': True, 'mfi_n': 66, 'mfi_lower': 24, 'mfi_upper': 92, 'en_bollinger': False, 'bollinger_n': 118, 'bollinger_k': 3.7, 'en_adx': False, 'adx_n': 71, 'adx_threshold': 32, 'en_structure_trend': True, 'structure_trend_swing_l': 18, 'en_order_block': False, 'order_block_swing_l': 11, 'en_fvg': True, 'fvg_lookback': 47, 'en_ifvg': False, 'en_breaker': False, 'breaker_swing_l': 15, 'en_cisd': True, 'k': 5, 'en_cap_bars': True, 'cap_1min': 3}.
[I 2026-07-13 17:55:35,232] Trial 1764 pruned. 
[I 2026-07-13 17:55:35,592] Trial 1765 finished with values: [1027.6603732357034, -516.4132977870759, 50.95] and parameters: {'sl_soft': 18.688123795390414, 'sl_hard_delta': 38.89591466729796, 'tp': 42.717340442581346, 'gate_pct': 33.41518335180748, 'dd_limit': 9571.486532588566, 'cooldown': 27, 'flip': True, 'en_ema_trend': True, 'ema_trend_fast': 29, 'ema_trend_slow': 274, 'en_sma_trend': True, 'sma_trend_fast': 128, 'sma_trend_slow': 396, 'en_macd': False, 'macd_fast': 91, 'macd_slow': 48, 'macd_signal': 3, 'en_vwap': True, 'en_keltner': True, 'keltner_n': 171, 'keltner_m': 3.8000000000000003, 'en_obv': True, 'obv_slope': 132, 'en_cci': False, 'cci_n': 143, 'cci_threshold': 205, 'en_rsi': False, 'rsi_n': 74, 'rsi_lower': 15, 'rsi_upper': 84, 'en_stochastic': False, 'stochastic_n': 47, 'stochastic_d': 4, 'stochastic_lower': 2, 'stochastic_upper': 72, 'en_mfi': True, 'mfi_n': 66, 'mfi_lower': 24, 'mfi_upper': 92, 'en_bollinger': False, 'bollinger_n': 118, 'bollinger_k': 3.2, 'en_adx': False, 'adx_n': 81, 'adx_threshold': 55, 'en_structure_trend': True, 'structure_trend_swing_l': 18, 'en_order_block': False, 'order_block_swing_l': 11, 'en_fvg': True, 'fvg_lookback': 47, 'en_ifvg': False, 'en_breaker': True, 'breaker_swing_l': 15, 'en_cisd': True, 'k': 4, 'en_cap_bars': True, 'cap_1min': 412}.
[I 2026-07-13 17:55:35,933] Trial 1766 finished with values: [2319.1118580564944, -2634.102279031358, 61.95] and parameters: {'sl_soft': 41.80574247052053, 'sl_hard_delta': 6.313902063185736, 'tp': 51.51173209162248, 'gate_pct': 84.18980078267379, 'dd_limit': 6200.963660003925, 'cooldown': 19, 'flip': True, 'en_ema_trend': True, 'ema_trend_fast': 59, 'ema_trend_slow': 135, 'en_sma_trend': True, 'sma_trend_fast': 128, 'sma_trend_slow': 42, 'en_macd': True, 'macd_fast': 24, 'macd_slow': 79, 'macd_signal': 86, 'en_vwap': True, 'en_keltner': True, 'keltner_n': 171, 'keltner_m': 4.5, 'en_obv': True, 'obv_slope': 12, 'en_cci': False, 'cci_n': 182, 'cci_threshold': 145, 'en_rsi': False, 'rsi_n': 74, 'rsi_lower': 43, 'rsi_upper': 98, 'en_stochastic': False, 'stochastic_n': 8, 'stochastic_d': 2, 'stochastic_lower': 36, 'stochastic_upper': 86, 'en_mfi': True, 'mfi_n': 26, 'mfi_lower': 40, 'mfi_upper': 61, 'en_bollinger': False, 'bollinger_n': 103, 'bollinger_k': 3.7, 'en_adx': False, 'adx_n': 47, 'adx_threshold': 19, 'en_structure_trend': True, 'structure_trend_swing_l': 19, 'en_order_block': True, 'order_block_swing_l': 10, 'en_fvg': True, 'fvg_lookback': 48, 'en_ifvg': True, 'en_breaker': True, 'breaker_swing_l': 15, 'en_cisd': True, 'k': 3, 'en_cap_bars': True, 'cap_1min': 289}.
[I 2026-07-13 17:55:36,317] Trial 1767 finished with values: [407.80105552437817, -779.636277603604, 50.55] and parameters: {'sl_soft': 16.53284872548906, 'sl_hard_delta': 6.313902063185736, 'tp': 42.717340442581346, 'gate_pct': 84.18980078267379, 'dd_limit': 3617.657841686699, 'cooldown': 0, 'flip': True, 'en_ema_trend': True, 'ema_trend_fast': 29, 'ema_trend_slow': 85, 'en_sma_trend': False, 'sma_trend_fast': 128, 'sma_trend_slow': 384, 'en_macd': False, 'macd_fast': 24, 'macd_slow': 79, 'macd_signal': 61, 'en_vwap': True, 'en_keltner': True, 'keltner_n': 105, 'keltner_m': 4.1, 'en_obv': True, 'obv_slope': 167, 'en_cci': False, 'cci_n': 182, 'cci_threshold': 230, 'en_rsi': False, 'rsi_n': 74, 'rsi_lower': 15, 'rsi_upper': 98, 'en_stochastic': False, 'stochastic_n': 6, 'stochastic_d': 2, 'stochastic_lower': 36, 'stochastic_upper': 57, 'en_mfi': True, 'mfi_n': 66, 'mfi_lower': 40, 'mfi_upper': 61, 'en_bollinger': False, 'bollinger_n': 22, 'bollinger_k': 3.7, 'en_adx': False, 'adx_n': 71, 'adx_threshold': 32, 'en_structure_trend': True, 'structure_trend_swing_l': 18, 'en_order_block': True, 'order_block_swing_l': 10, 'en_fvg': True, 'fvg_lookback': 24, 'en_ifvg': True, 'en_breaker': True, 'breaker_swing_l': 15, 'en_cisd': True, 'k': 4, 'en_cap_bars': True, 'cap_1min': 3}.
[I 2026-07-13 17:55:36,699] Trial 1768 finished with values: [617.6285036898298, -608.0562255683981, 63.699999999999996] and parameters: {'sl_soft': 16.53284872548906, 'sl_hard_delta': 43.05437771749679, 'tp': 19.388754886316853, 'gate_pct': 33.41518335180748, 'dd_limit': 3617.657841686699, 'cooldown': 21, 'flip': True, 'en_ema_trend': True, 'ema_trend_fast': 29, 'ema_trend_slow': 85, 'en_sma_trend': False, 'sma_trend_fast': 128, 'sma_trend_slow': 381, 'en_macd': False, 'macd_fast': 44, 'macd_slow': 48, 'macd_signal': 61, 'en_vwap': True, 'en_keltner': True, 'keltner_n': 105, 'keltner_m': 3.8000000000000003, 'en_obv': False, 'obv_slope': 167, 'en_cci': False, 'cci_n': 13, 'cci_threshold': 145, 'en_rsi': False, 'rsi_n': 89, 'rsi_lower': 15, 'rsi_upper': 57, 'en_stochastic': False, 'stochastic_n': 68, 'stochastic_d': 4, 'stochastic_lower': 2, 'stochastic_upper': 68, 'en_mfi': True, 'mfi_n': 66, 'mfi_lower': 24, 'mfi_upper': 65, 'en_bollinger': False, 'bollinger_n': 118, 'bollinger_k': 3.7, 'en_adx': False, 'adx_n': 71, 'adx_threshold': 32, 'en_structure_trend': True, 'structure_trend_swing_l': 18, 'en_order_block': False, 'order_block_swing_l': 11, 'en_fvg': True, 'fvg_lookback': 47, 'en_ifvg': False, 'en_breaker': False, 'breaker_swing_l': 15, 'en_cisd': True, 'k': 4, 'en_cap_bars': True, 'cap_1min': 1388}.
