[I 2026-07-13 17:50:13,864] Trial 1336 finished with values: [1082.9745292009102, -467.65580544608383, 52.85] and parameters: {'sl_soft': 16.53284872548906, 'sl_hard_delta': 43.05437771749679, 'tp': 34.46883891078241, 'gate_pct': 33.41518335180748, 'dd_limit': 9308.14469807598, 'cooldown': 0, 'flip': True, 'en_ema_trend': False, 'ema_trend_fast': 29, 'ema_trend_slow': 85, 'en_sma_trend': False, 'sma_trend_fast': 128, 'sma_trend_slow': 381, 'en_macd': False, 'macd_fast': 24, 'macd_slow': 150, 'macd_signal': 1, 'en_vwap': True, 'en_keltner': True, 'keltner_n': 36, 'keltner_m': 4.5, 'en_obv': False, 'obv_slope': 167, 'en_cci': False, 'cci_n': 143, 'cci_threshold': 115, 'en_rsi': False, 'rsi_n': 11, 'rsi_lower': 15, 'rsi_upper': 74, 'en_stochastic': False, 'stochastic_n': 99, 'stochastic_d': 34, 'stochastic_lower': 2, 'stochastic_upper': 52, 'en_mfi': True, 'mfi_n': 66, 'mfi_lower': 24, 'mfi_upper': 92, 'en_bollinger': False, 'bollinger_n': 118, 'bollinger_k': 3.2, 'en_adx': False, 'adx_n': 73, 'adx_threshold': 32, 'en_structure_trend': True, 'structure_trend_swing_l': 18, 'en_order_block': False, 'order_block_swing_l': 11, 'en_fvg': False, 'fvg_lookback': 47, 'en_ifvg': False, 'en_breaker': False, 'breaker_swing_l': 10, 'en_cisd': True, 'k': 4, 'en_cap_bars': False, 'cap_1min': 412}.
[I 2026-07-13 17:50:14,161] Trial 1337 finished with values: [851.9537243421655, -821.4132977870759, 46.5] and parameters: {'sl_soft': 16.53284872548906, 'sl_hard_delta': 43.05437771749679, 'tp': 42.717340442581346, 'gate_pct': 33.41518335180748, 'dd_limit': 9308.14469807598, 'cooldown': 0, 'flip': True, 'en_ema_trend': True, 'ema_trend_fast': 41, 'ema_trend_slow': 85, 'en_sma_trend': False, 'sma_trend_fast': 357, 'sma_trend_slow': 263, 'en_macd': False, 'macd_fast': 24, 'macd_slow': 53, 'macd_signal': 61, 'en_vwap': True, 'en_keltner': True, 'keltner_n': 94, 'keltner_m': 4.5, 'en_obv': True, 'obv_slope': 167, 'en_cci': False, 'cci_n': 182, 'cci_threshold': 145, 'en_rsi': False, 'rsi_n': 89, 'rsi_lower': 15, 'rsi_upper': 57, 'en_stochastic': False, 'stochastic_n': 6, 'stochastic_d': 34, 'stochastic_lower': 2, 'stochastic_upper': 62, 'en_mfi': True, 'mfi_n': 90, 'mfi_lower': 24, 'mfi_upper': 65, 'en_bollinger': False, 'bollinger_n': 136, 'bollinger_k': 3.2, 'en_adx': False, 'adx_n': 73, 'adx_threshold': 32, 'en_structure_trend': True, 'structure_trend_swing_l': 14, 'en_order_block': False, 'order_block_swing_l': 11, 'en_fvg': False, 'fvg_lookback': 47, 'en_ifvg': False, 'en_breaker': False, 'breaker_swing_l': 10, 'en_cisd': True, 'k': 4, 'en_cap_bars': False, 'cap_1min': 412}.
[I 2026-07-13 17:50:14,332] Trial 1338 pruned. 
[I 2026-07-13 17:50:14,549] Trial 1339 pruned. 
[I 2026-07-13 17:50:14,880] Trial 1340 finished with values: [734.1312929778178, -655.0, 43.7] and parameters: {'sl_soft': 18.688123795390414, 'sl_hard_delta': 43.05437771749679, 'tp': 51.51173209162248, 'gate_pct': 33.41518335180748, 'dd_limit': 9308.14469807598, 'cooldown': 0, 'flip': True, 'en_ema_trend': True, 'ema_trend_fast': 230, 'ema_trend_slow': 58, 'en_sma_trend': False, 'sma_trend_fast': 289, 'sma_trend_slow': 263, 'en_macd': False, 'macd_fast': 24, 'macd_slow': 150, 'macd_signal': 3, 'en_vwap': True, 'en_keltner': True, 'keltner_n': 88, 'keltner_m': 3.8000000000000003, 'en_obv': False, 'obv_slope': 167, 'en_cci': True, 'cci_n': 13, 'cci_threshold': 115, 'en_rsi': False, 'rsi_n': 80, 'rsi_lower': 7, 'rsi_upper': 84, 'en_stochastic': False, 'stochastic_n': 6, 'stochastic_d': 34, 'stochastic_lower': 2, 'stochastic_upper': 62, 'en_mfi': False, 'mfi_n': 71, 'mfi_lower': 26, 'mfi_upper': 92, 'en_bollinger': True, 'bollinger_n': 22, 'bollinger_k': 3.8000000000000003, 'en_adx': False, 'adx_n': 11, 'adx_threshold': 19, 'en_structure_trend': True, 'structure_trend_swing_l': 18, 'en_order_block': False, 'order_block_swing_l': 15, 'en_fvg': False, 'fvg_lookback': 38, 'en_ifvg': False, 'en_breaker': False, 'breaker_swing_l': 10, 'en_cisd': True, 'k': 5, 'en_cap_bars': False, 'cap_1min': 412}.
[I 2026-07-13 17:50:15,197] Trial 1341 finished with values: [1529.5007389708371, -2151.3683130105346, 49.2] and parameters: {'sl_soft': 18.688123795390414, 'sl_hard_delta': 43.05437771749679, 'tp': 34.46883891078241, 'gate_pct': 76.55976188692937, 'dd_limit': 9571.486532588566, 'cooldown': 13, 'flip': True, 'en_ema_trend': True, 'ema_trend_fast': 29, 'ema_trend_slow': 274, 'en_sma_trend': True, 'sma_trend_fast': 142, 'sma_trend_slow': 143, 'en_macd': False, 'macd_fast': 87, 'macd_slow': 48, 'macd_signal': 59, 'en_vwap': True, 'en_keltner': True, 'keltner_n': 105, 'keltner_m': 4.5, 'en_obv': True, 'obv_slope': 92, 'en_cci': False, 'cci_n': 182, 'cci_threshold': 145, 'en_rsi': True, 'rsi_n': 74, 'rsi_lower': 7, 'rsi_upper': 87, 'en_stochastic': False, 'stochastic_n': 6, 'stochastic_d': 31, 'stochastic_lower': 2, 'stochastic_upper': 97, 'en_mfi': True, 'mfi_n': 61, 'mfi_lower': 26, 'mfi_upper': 92, 'en_bollinger': False, 'bollinger_n': 22, 'bollinger_k': 2.6, 'en_adx': False, 'adx_n': 81, 'adx_threshold': 31, 'en_structure_trend': False, 'structure_trend_swing_l': 18, 'en_order_block': False, 'order_block_swing_l': 11, 'en_fvg': False, 'fvg_lookback': 15, 'en_ifvg': False, 'en_breaker': False, 'breaker_swing_l': 17, 'en_cisd': True, 'k': 5, 'en_cap_bars': True, 'cap_1min': 608}.
[I 2026-07-13 17:50:15,455] Trial 1342 finished with values: [306.08670221292414, -345.0, 51.25] and parameters: {'sl_soft': 18.688123795390414, 'sl_hard_delta': 43.05437771749679, 'tp': 42.717340442581346, 'gate_pct': 76.55976188692937, 'dd_limit': 9308.14469807598, 'cooldown': 27, 'flip': True, 'en_ema_trend': True, 'ema_trend_fast': 29, 'ema_trend_slow': 274, 'en_sma_trend': False, 'sma_trend_fast': 142, 'sma_trend_slow': 143, 'en_macd': False, 'macd_fast': 44, 'macd_slow': 48, 'macd_signal': 100, 'en_vwap': True, 'en_keltner': True, 'keltner_n': 137, 'keltner_m': 4.1, 'en_obv': True, 'obv_slope': 92, 'en_cci': False, 'cci_n': 33, 'cci_threshold': 145, 'en_rsi': False, 'rsi_n': 74, 'rsi_lower': 7, 'rsi_upper': 57, 'en_stochastic': True, 'stochastic_n': 47, 'stochastic_d': 4, 'stochastic_lower': 36, 'stochastic_upper': 68, 'en_mfi': True, 'mfi_n': 61, 'mfi_lower': 26, 'mfi_upper': 92, 'en_bollinger': False, 'bollinger_n': 118, 'bollinger_k': 3.2, 'en_adx': False, 'adx_n': 24, 'adx_threshold': 19, 'en_structure_trend': True, 'structure_trend_swing_l': 18, 'en_order_block': False, 'order_block_swing_l': 9, 'en_fvg': False, 'fvg_lookback': 15, 'en_ifvg': False, 'en_breaker': False, 'breaker_swing_l': 15, 'en_cisd': True, 'k': 5, 'en_cap_bars': True, 'cap_1min': 3}.
[I 2026-07-13 17:50:16,991] Trial 1343 finished with values: [86.76086003093587, -1567.5020964251962, 46.2] and parameters: {'sl_soft': 18.688123795390414, 'sl_hard_delta': 15.421376415097182, 'tp': 34.46883891078241, 'gate_pct': 92.80779954528938, 'dd_limit': 6200.963660003925, 'cooldown': 13, 'flip': True, 'en_ema_trend': False, 'ema_trend_fast': 271, 'ema_trend_slow': 218, 'en_sma_trend': False, 'sma_trend_fast': 26, 'sma_trend_slow': 44, 'en_macd': False, 'macd_fast': 80, 'macd_slow': 190, 'macd_signal': 3, 'en_vwap': True, 'en_keltner': False, 'keltner_n': 6, 'keltner_m': 4.6000000000000005, 'en_obv': False, 'obv_slope': 194, 'en_cci': False, 'cci_n': 125, 'cci_threshold': 65, 'en_rsi': True, 'rsi_n': 80, 'rsi_lower': 7, 'rsi_upper': 60, 'en_stochastic': False, 'stochastic_n': 99, 'stochastic_d': 4, 'stochastic_lower': 16, 'stochastic_upper': 57, 'en_mfi': False, 'mfi_n': 71, 'mfi_lower': 26, 'mfi_upper': 92, 'en_bollinger': True, 'bollinger_n': 22, 'bollinger_k': 2.1, 'en_adx': False, 'adx_n': 11, 'adx_threshold': 28, 'en_structure_trend': True, 'structure_trend_swing_l': 20, 'en_order_block': False, 'order_block_swing_l': 17, 'en_fvg': False, 'fvg_lookback': 4, 'en_ifvg': True, 'en_breaker': False, 'breaker_swing_l': 17, 'en_cisd': False, 'k': 4, 'en_cap_bars': True, 'cap_1min': 608}.
[I 2026-07-13 17:50:19,696] Trial 1344 finished with values: [1646.003572196314, -1280.0, 56.85] and parameters: {'sl_soft': 37.49132233815045, 'sl_hard_delta': 43.05437771749679, 'tp': 46.56962981112915, 'gate_pct': 84.18980078267379, 'dd_limit': 928.2439984695909, 'cooldown': 12, 'flip': True, 'en_ema_trend': False, 'ema_trend_fast': 208, 'ema_trend_slow': 58, 'en_sma_trend': True, 'sma_trend_fast': 357, 'sma_trend_slow': 163, 'en_macd': False, 'macd_fast': 87, 'macd_slow': 53, 'macd_signal': 61, 'en_vwap': True, 'en_keltner': True, 'keltner_n': 193, 'keltner_m': 3.8000000000000003, 'en_obv': True, 'obv_slope': 186, 'en_cci': False, 'cci_n': 143, 'cci_threshold': 290, 'en_rsi': True, 'rsi_n': 89, 'rsi_lower': 15, 'rsi_upper': 57, 'en_stochastic': False, 'stochastic_n': 6, 'stochastic_d': 34, 'stochastic_lower': 2, 'stochastic_upper': 86, 'en_mfi': True, 'mfi_n': 71, 'mfi_lower': 8, 'mfi_upper': 93, 'en_bollinger': False, 'bollinger_n': 136, 'bollinger_k': 3.0, 'en_adx': False, 'adx_n': 77, 'adx_threshold': 6, 'en_structure_trend': True, 'structure_trend_swing_l': 18, 'en_order_block': False, 'order_block_swing_l': 19, 'en_fvg': True, 'fvg_lookback': 3, 'en_ifvg': False, 'en_breaker': True, 'breaker_swing_l': 10, 'en_cisd': True, 'k': 4, 'en_cap_bars': False, 'cap_1min': 1208}.
[I 2026-07-13 17:50:20,026] Trial 1345 finished with values: [322.6913555216379, -605.0405171715829, 46.2] and parameters: {'sl_soft': 18.688123795390414, 'sl_hard_delta': 6.313902063185736, 'tp': 34.87244476677199, 'gate_pct': 26.3517884829504, 'dd_limit': 9308.14469807598, 'cooldown': 0, 'flip': True, 'en_ema_trend': True, 'ema_trend_fast': 59, 'ema_trend_slow': 274, 'en_sma_trend': True, 'sma_trend_fast': 142, 'sma_trend_slow': 143, 'en_macd': True, 'macd_fast': 87, 'macd_slow': 150, 'macd_signal': 86, 'en_vwap': False, 'en_keltner': True, 'keltner_n': 137, 'keltner_m': 4.5, 'en_obv': True, 'obv_slope': 92, 'en_cci': False, 'cci_n': 182, 'cci_threshold': 145, 'en_rsi': False, 'rsi_n': 80, 'rsi_lower': 7, 'rsi_upper': 98, 'en_stochastic': False, 'stochastic_n': 99, 'stochastic_d': 31, 'stochastic_lower': 36, 'stochastic_upper': 57, 'en_mfi': False, 'mfi_n': 61, 'mfi_lower': 26, 'mfi_upper': 87, 'en_bollinger': False, 'bollinger_n': 9, 'bollinger_k': 2.6, 'en_adx': False, 'adx_n': 73, 'adx_threshold': 6, 'en_structure_trend': True, 'structure_trend_swing_l': 19, 'en_order_block': True, 'order_block_swing_l': 11, 'en_fvg': True, 'fvg_lookback': 15, 'en_ifvg': False, 'en_breaker': False, 'breaker_swing_l': 17, 'en_cisd': True, 'k': 5, 'en_cap_bars': True, 'cap_1min': 608}.
[I 2026-07-13 17:50:25,829] Trial 1346 finished with values: [130.11758042517613, -916.6721055211383, 52.8] and parameters: {'sl_soft': 18.688123795390414, 'sl_hard_delta': 15.421376415097182, 'tp': 29.99703976361623, 'gate_pct': 76.55976188692937, 'dd_limit': 6200.963660003925, 'cooldown': 13, 'flip': True, 'en_ema_trend': False, 'ema_trend_fast': 271, 'ema_trend_slow': 250, 'en_sma_trend': False, 'sma_trend_fast': 142, 'sma_trend_slow': 163, 'en_macd': False, 'macd_fast': 91, 'macd_slow': 48, 'macd_signal': 3, 'en_vwap': True, 'en_keltner': False, 'keltner_n': 6, 'keltner_m': 4.6000000000000005, 'en_obv': False, 'obv_slope': 194, 'en_cci': False, 'cci_n': 125, 'cci_threshold': 205, 'en_rsi': False, 'rsi_n': 80, 'rsi_lower': 7, 'rsi_upper': 60, 'en_stochastic': True, 'stochastic_n': 66, 'stochastic_d': 4, 'stochastic_lower': 16, 'stochastic_upper': 86, 'en_mfi': True, 'mfi_n': 71, 'mfi_lower': 26, 'mfi_upper': 79, 'en_bollinger': False, 'bollinger_n': 69, 'bollinger_k': 2.1, 'en_adx': False, 'adx_n': 81, 'adx_threshold': 28, 'en_structure_trend': True, 'structure_trend_swing_l': 18, 'en_order_block': False, 'order_block_swing_l': 17, 'en_fvg': False, 'fvg_lookback': 4, 'en_ifvg': True, 'en_breaker': False, 'breaker_swing_l': 17, 'en_cisd': False, 'k': 4, 'en_cap_bars': True, 'cap_1min': 72}.
[I 2026-07-13 17:50:26,402] Trial 1347 pruned. 
[I 2026-07-13 17:50:27,242] Trial 1348 finished with values: [1259.1466264778683, -452.65580544608383, 56.2] and parameters: {'sl_soft': 16.53284872548906, 'sl_hard_delta': 43.05437771749679, 'tp': 34.46883891078241, 'gate_pct': 33.41518335180748, 'dd_limit': 9308.14469807598, 'cooldown': 13, 'flip': True, 'en_ema_trend': True, 'ema_trend_fast': 29, 'ema_trend_slow': 274, 'en_sma_trend': False, 'sma_trend_fast': 99, 'sma_trend_slow': 263, 'en_macd': False, 'macd_fast': 44, 'macd_slow': 53, 'macd_signal': 61, 'en_vwap': True, 'en_keltner': True, 'keltner_n': 105, 'keltner_m': 0.5, 'en_obv': True, 'obv_slope': 92, 'en_cci': False, 'cci_n': 182, 'cci_threshold': 145, 'en_rsi': False, 'rsi_n': 89, 'rsi_lower': 15, 'rsi_upper': 84, 'en_stochastic': False, 'stochastic_n': 14, 'stochastic_d': 4, 'stochastic_lower': 36, 'stochastic_upper': 63, 'en_mfi': True, 'mfi_n': 66, 'mfi_lower': 24, 'mfi_upper': 77, 'en_bollinger': False, 'bollinger_n': 136, 'bollinger_k': 2.6, 'en_adx': False, 'adx_n': 81, 'adx_threshold': 31, 'en_structure_trend': True, 'structure_trend_swing_l': 18, 'en_order_block': False, 'order_block_swing_l': 9, 'en_fvg': True, 'fvg_lookback': 47, 'en_ifvg': False, 'en_breaker': False, 'breaker_swing_l': 11, 'en_cisd': True, 'k': 4, 'en_cap_bars': True, 'cap_1min': 412}.
[I 2026-07-13 17:50:27,773] Trial 1349 finished with values: [2132.095534063501, -892.9071920114438, 53.05] and parameters: {'sl_soft': 18.688123795390414, 'sl_hard_delta': 42.2746926827138, 'tp': 34.46883891078241, 'gate_pct': 76.55976188692937, 'dd_limit': 9308.14469807598, 'cooldown': 12, 'flip': True, 'en_ema_trend': True, 'ema_trend_fast': 29, 'ema_trend_slow': 230, 'en_sma_trend': True, 'sma_trend_fast': 128, 'sma_trend_slow': 93, 'en_macd': False, 'macd_fast': 87, 'macd_slow': 53, 'macd_signal': 28, 'en_vwap': True, 'en_keltner': True, 'keltner_n': 2, 'keltner_m': 3.8000000000000003, 'en_obv': False, 'obv_slope': 186, 'en_cci': False, 'cci_n': 143, 'cci_threshold': 145, 'en_rsi': False, 'rsi_n': 74, 'rsi_lower': 7, 'rsi_upper': 87, 'en_stochastic': False, 'stochastic_n': 6, 'stochastic_d': 31, 'stochastic_lower': 2, 'stochastic_upper': 97, 'en_mfi': True, 'mfi_n': 61, 'mfi_lower': 26, 'mfi_upper': 92, 'en_bollinger': False, 'bollinger_n': 175, 'bollinger_k': 3.0, 'en_adx': False, 'adx_n': 81, 'adx_threshold': 19, 'en_structure_trend': True, 'structure_trend_swing_l': 18, 'en_order_block': False, 'order_block_swing_l': 11, 'en_fvg': False, 'fvg_lookback': 15, 'en_ifvg': False, 'en_breaker': True, 'breaker_swing_l': 17, 'en_cisd': True, 'k': 5, 'en_cap_bars': True, 'cap_1min': 412}.
[I 2026-07-13 17:50:29,283] Trial 1350 finished with values: [1432.649723927334, -1476.4954862141894, 48.15] and parameters: {'sl_soft': 16.53284872548906, 'sl_hard_delta': 43.05437771749679, 'tp': 34.46883891078241, 'gate_pct': 76.55976188692937, 'dd_limit': 9308.14469807598, 'cooldown': 0, 'flip': True, 'en_ema_trend': True, 'ema_trend_fast': 29, 'ema_trend_slow': 230, 'en_sma_trend': True, 'sma_trend_fast': 128, 'sma_trend_slow': 93, 'en_macd': True, 'macd_fast': 87, 'macd_slow': 53, 'macd_signal': 28, 'en_vwap': True, 'en_keltner': True, 'keltner_n': 171, 'keltner_m': 3.8000000000000003, 'en_obv': False, 'obv_slope': 162, 'en_cci': False, 'cci_n': 143, 'cci_threshold': 145, 'en_rsi': False, 'rsi_n': 74, 'rsi_lower': 7, 'rsi_upper': 87, 'en_stochastic': False, 'stochastic_n': 36, 'stochastic_d': 31, 'stochastic_lower': 2, 'stochastic_upper': 52, 'en_mfi': True, 'mfi_n': 66, 'mfi_lower': 26, 'mfi_upper': 92, 'en_bollinger': False, 'bollinger_n': 118, 'bollinger_k': 3.0, 'en_adx': False, 'adx_n': 81, 'adx_threshold': 55, 'en_structure_trend': True, 'structure_trend_swing_l': 18, 'en_order_block': False, 'order_block_swing_l': 11, 'en_fvg': False, 'fvg_lookback': 38, 'en_ifvg': False, 'en_breaker': True, 'breaker_swing_l': 17, 'en_cisd': True, 'k': 5, 'en_cap_bars': True, 'cap_1min': 412}.
[I 2026-07-13 17:50:29,631] Trial 1351 pruned. 
[I 2026-07-13 17:50:30,012] Trial 1352 finished with values: [1547.5142257253174, -872.6558054460838, 49.8] and parameters: {'sl_soft': 16.53284872548906, 'sl_hard_delta': 43.05437771749679, 'tp': 34.46883891078241, 'gate_pct': 63.890607199960506, 'dd_limit': 7287.8670146700415, 'cooldown': 0, 'flip': True, 'en_ema_trend': False, 'ema_trend_fast': 29, 'ema_trend_slow': 274, 'en_sma_trend': True, 'sma_trend_fast': 128, 'sma_trend_slow': 93, 'en_macd': False, 'macd_fast': 87, 'macd_slow': 53, 'macd_signal': 1, 'en_vwap': True, 'en_keltner': True, 'keltner_n': 171, 'keltner_m': 3.8000000000000003, 'en_obv': False, 'obv_slope': 162, 'en_cci': False, 'cci_n': 143, 'cci_threshold': 145, 'en_rsi': False, 'rsi_n': 74, 'rsi_lower': 7, 'rsi_upper': 87, 'en_stochastic': False, 'stochastic_n': 6, 'stochastic_d': 31, 'stochastic_lower': 2, 'stochastic_upper': 52, 'en_mfi': True, 'mfi_n': 66, 'mfi_lower': 26, 'mfi_upper': 92, 'en_bollinger': False, 'bollinger_n': 118, 'bollinger_k': 3.0, 'en_adx': False, 'adx_n': 73, 'adx_threshold': 55, 'en_structure_trend': True, 'structure_trend_swing_l': 18, 'en_order_block': False, 'order_block_swing_l': 11, 'en_fvg': True, 'fvg_lookback': 38, 'en_ifvg': False, 'en_breaker': True, 'breaker_swing_l': 10, 'en_cisd': True, 'k': 5, 'en_cap_bars': True, 'cap_1min': 412}.
[I 2026-07-13 17:50:30,340] Trial 1353 finished with values: [1259.1466264778683, -452.65580544608383, 56.2] and parameters: {'sl_soft': 16.53284872548906, 'sl_hard_delta': 43.05437771749679, 'tp': 34.46883891078241, 'gate_pct': 33.41518335180748, 'dd_limit': 9308.14469807598, 'cooldown': 13, 'flip': True, 'en_ema_trend': True, 'ema_trend_fast': 29, 'ema_trend_slow': 274, 'en_sma_trend': False, 'sma_trend_fast': 99, 'sma_trend_slow': 263, 'en_macd': False, 'macd_fast': 44, 'macd_slow': 53, 'macd_signal': 61, 'en_vwap': True, 'en_keltner': True, 'keltner_n': 105, 'keltner_m': 0.5, 'en_obv': True, 'obv_slope': 92, 'en_cci': False, 'cci_n': 182, 'cci_threshold': 145, 'en_rsi': False, 'rsi_n': 89, 'rsi_lower': 15, 'rsi_upper': 84, 'en_stochastic': False, 'stochastic_n': 14, 'stochastic_d': 4, 'stochastic_lower': 36, 'stochastic_upper': 63, 'en_mfi': True, 'mfi_n': 66, 'mfi_lower': 24, 'mfi_upper': 93, 'en_bollinger': False, 'bollinger_n': 136, 'bollinger_k': 2.6, 'en_adx': False, 'adx_n': 81, 'adx_threshold': 31, 'en_structure_trend': True, 'structure_trend_swing_l': 18, 'en_order_block': False, 'order_block_swing_l': 9, 'en_fvg': True, 'fvg_lookback': 47, 'en_ifvg': False, 'en_breaker': False, 'breaker_swing_l': 11, 'en_cisd': True, 'k': 4, 'en_cap_bars': True, 'cap_1min': 412}.
[I 2026-07-13 17:50:31,062] Trial 1354 pruned. 
[I 2026-07-13 17:50:31,432] Trial 1355 finished with values: [87.5, -115.0, 50.25] and parameters: {'sl_soft': 16.53284872548906, 'sl_hard_delta': 38.89591466729796, 'tp': 34.46883891078241, 'gate_pct': 26.3517884829504, 'dd_limit': 9308.14469807598, 'cooldown': 13, 'flip': True, 'en_ema_trend': True, 'ema_trend_fast': 59, 'ema_trend_slow': 250, 'en_sma_trend': False, 'sma_trend_fast': 142, 'sma_trend_slow': 44, 'en_macd': False, 'macd_fast': 87, 'macd_slow': 48, 'macd_signal': 64, 'en_vwap': False, 'en_keltner': True, 'keltner_n': 137, 'keltner_m': 4.6000000000000005, 'en_obv': True, 'obv_slope': 186, 'en_cci': False, 'cci_n': 195, 'cci_threshold': 205, 'en_rsi': False, 'rsi_n': 8, 'rsi_lower': 7, 'rsi_upper': 91, 'en_stochastic': False, 'stochastic_n': 63, 'stochastic_d': 34, 'stochastic_lower': 16, 'stochastic_upper': 62, 'en_mfi': True, 'mfi_n': 66, 'mfi_lower': 26, 'mfi_upper': 92, 'en_bollinger': True, 'bollinger_n': 10, 'bollinger_k': 1.8, 'en_adx': False, 'adx_n': 73, 'adx_threshold': 55, 'en_structure_trend': True, 'structure_trend_swing_l': 18, 'en_order_block': True, 'order_block_swing_l': 17, 'en_fvg': True, 'fvg_lookback': 36, 'en_ifvg': False, 'en_breaker': False, 'breaker_swing_l': 17, 'en_cisd': True, 'k': 5, 'en_cap_bars': True, 'cap_1min': 3}.
[I 2026-07-13 17:50:31,779] Trial 1356 finished with values: [3601.6747038870017, -1417.1802743080843, 42.4] and parameters: {'sl_soft': 16.53284872548906, 'sl_hard_delta': 15.68658300542352, 'tp': 51.099967254759335, 'gate_pct': 84.68288014900352, 'dd_limit': 928.2439984695909, 'cooldown': 0, 'flip': True, 'en_ema_trend': False, 'ema_trend_fast': 59, 'ema_trend_slow': 274, 'en_sma_trend': False, 'sma_trend_fast': 99, 'sma_trend_slow': 52, 'en_macd': False, 'macd_fast': 87, 'macd_slow': 48, 'macd_signal': 64, 'en_vwap': True, 'en_keltner': True, 'keltner_n': 73, 'keltner_m': 3.8000000000000003, 'en_obv': False, 'obv_slope': 186, 'en_cci': False, 'cci_n': 143, 'cci_threshold': 195, 'en_rsi': False, 'rsi_n': 74, 'rsi_lower': 7, 'rsi_upper': 84, 'en_stochastic': False, 'stochastic_n': 61, 'stochastic_d': 31, 'stochastic_lower': 2, 'stochastic_upper': 97, 'en_mfi': True, 'mfi_n': 61, 'mfi_lower': 26, 'mfi_upper': 92, 'en_bollinger': False, 'bollinger_n': 10, 'bollinger_k': 2.2, 'en_adx': False, 'adx_n': 81, 'adx_threshold': 59, 'en_structure_trend': True, 'structure_trend_swing_l': 18, 'en_order_block': True, 'order_block_swing_l': 11, 'en_fvg': True, 'fvg_lookback': 38, 'en_ifvg': False, 'en_breaker': False, 'breaker_swing_l': 10, 'en_cisd': True, 'k': 5, 'en_cap_bars': True, 'cap_1min': 412}.
