[I 2026-07-13 17:14:30,248] Trial 74 pruned. 
[I 2026-07-13 17:14:36,745] Trial 75 finished with values: [65.67186633646998, -937.0907799464476, 59.4] and parameters: {'sl_soft': 42.43726795525386, 'sl_hard_delta': 25.292026118053773, 'tp': 37.31237753799648, 'gate_pct': 74.64771504966384, 'dd_limit': 5783.923331052917, 'cooldown': 7, 'flip': True, 'en_ema_trend': False, 'ema_trend_fast': 351, 'ema_trend_slow': 112, 'en_sma_trend': False, 'sma_trend_fast': 337, 'sma_trend_slow': 298, 'en_macd': False, 'macd_fast': 25, 'macd_slow': 98, 'macd_signal': 87, 'en_vwap': False, 'en_keltner': False, 'keltner_n': 80, 'keltner_m': 3.9000000000000004, 'en_obv': False, 'obv_slope': 185, 'en_cci': True, 'cci_n': 88, 'cci_threshold': 250, 'en_rsi': True, 'rsi_n': 58, 'rsi_lower': 11, 'rsi_upper': 94, 'en_stochastic': True, 'stochastic_n': 77, 'stochastic_d': 24, 'stochastic_lower': 34, 'stochastic_upper': 53, 'en_mfi': True, 'mfi_n': 13, 'mfi_lower': 23, 'mfi_upper': 51, 'en_bollinger': False, 'bollinger_n': 92, 'bollinger_k': 1.5, 'en_adx': False, 'adx_n': 67, 'adx_threshold': 35, 'en_structure_trend': True, 'structure_trend_swing_l': 18, 'en_order_block': True, 'order_block_swing_l': 13, 'en_fvg': False, 'fvg_lookback': 41, 'en_ifvg': False, 'en_breaker': False, 'breaker_swing_l': 9, 'en_cisd': False, 'k': 4, 'en_cap_bars': False, 'cap_1min': 651}.
[I 2026-07-13 17:14:38,420] Trial 76 pruned. 
[I 2026-07-13 17:14:43,286] Trial 77 pruned. 
[I 2026-07-13 17:14:44,492] Trial 78 pruned. 
[I 2026-07-13 17:14:46,658] Trial 79 pruned. 
[I 2026-07-13 17:14:46,830] Trial 80 pruned. 
[I 2026-07-13 17:14:49,436] Trial 81 finished with values: [-991.7827491993557, -3550.9807623811867, 48.2] and parameters: {'sl_soft': 41.028636455001156, 'sl_hard_delta': 56.68509161429084, 'tp': 59.581255962480114, 'gate_pct': 83.33433192606572, 'dd_limit': 2980.290072957283, 'cooldown': 26, 'flip': False, 'en_ema_trend': True, 'ema_trend_fast': 176, 'ema_trend_slow': 150, 'en_sma_trend': False, 'sma_trend_fast': 275, 'sma_trend_slow': 231, 'en_macd': True, 'macd_fast': 6, 'macd_slow': 111, 'macd_signal': 60, 'en_vwap': True, 'en_keltner': False, 'keltner_n': 129, 'keltner_m': 0.9, 'en_obv': True, 'obv_slope': 141, 'en_cci': False, 'cci_n': 12, 'cci_threshold': 45, 'en_rsi': False, 'rsi_n': 67, 'rsi_lower': 29, 'rsi_upper': 86, 'en_stochastic': False, 'stochastic_n': 74, 'stochastic_d': 30, 'stochastic_lower': 27, 'stochastic_upper': 86, 'en_mfi': False, 'mfi_n': 10, 'mfi_lower': 17, 'mfi_upper': 62, 'en_bollinger': False, 'bollinger_n': 20, 'bollinger_k': 3.8000000000000003, 'en_adx': False, 'adx_n': 68, 'adx_threshold': 48, 'en_structure_trend': False, 'structure_trend_swing_l': 15, 'en_order_block': False, 'order_block_swing_l': 12, 'en_fvg': True, 'fvg_lookback': 23, 'en_ifvg': True, 'en_breaker': True, 'breaker_swing_l': 16, 'en_cisd': False, 'k': 1, 'en_cap_bars': True, 'cap_1min': 304}.
[I 2026-07-13 17:14:50,463] Trial 82 pruned. 
[I 2026-07-13 17:14:51,310] Trial 83 pruned. 
[I 2026-07-13 17:14:52,400] Trial 84 pruned. 
[I 2026-07-13 17:14:53,748] Trial 85 pruned. 
[I 2026-07-13 17:14:54,118] Trial 86 pruned. 
[I 2026-07-13 17:14:55,647] Trial 87 pruned. 
[I 2026-07-13 17:15:00,723] Trial 88 finished with values: [247.74089980841381, -2224.961942973059, 43.5] and parameters: {'sl_soft': 41.30194966430961, 'sl_hard_delta': 2.680356926938151, 'tp': 67.17785144490676, 'gate_pct': 58.77346993604095, 'dd_limit': 8361.763451759158, 'cooldown': 0, 'flip': True, 'en_ema_trend': True, 'ema_trend_fast': 13, 'ema_trend_slow': 236, 'en_sma_trend': False, 'sma_trend_fast': 337, 'sma_trend_slow': 300, 'en_macd': True, 'macd_fast': 33, 'macd_slow': 124, 'macd_signal': 22, 'en_vwap': True, 'en_keltner': True, 'keltner_n': 178, 'keltner_m': 4.8, 'en_obv': False, 'obv_slope': 50, 'en_cci': False, 'cci_n': 32, 'cci_threshold': 40, 'en_rsi': True, 'rsi_n': 5, 'rsi_lower': 11, 'rsi_upper': 67, 'en_stochastic': False, 'stochastic_n': 80, 'stochastic_d': 35, 'stochastic_lower': 44, 'stochastic_upper': 74, 'en_mfi': True, 'mfi_n': 2, 'mfi_lower': 12, 'mfi_upper': 61, 'en_bollinger': True, 'bollinger_n': 52, 'bollinger_k': 2.8000000000000003, 'en_adx': False, 'adx_n': 48, 'adx_threshold': 44, 'en_structure_trend': False, 'structure_trend_swing_l': 20, 'en_order_block': False, 'order_block_swing_l': 9, 'en_fvg': False, 'fvg_lookback': 19, 'en_ifvg': False, 'en_breaker': True, 'breaker_swing_l': 5, 'en_cisd': True, 'k': 1, 'en_cap_bars': True, 'cap_1min': 1416}.
[I 2026-07-13 17:15:01,612] Trial 89 pruned. 
[I 2026-07-13 17:15:02,563] Trial 90 pruned. 
[I 2026-07-13 17:15:12,486] Trial 91 finished with values: [178.31920972359512, -262.23334482154314, 88.2] and parameters: {'sl_soft': 37.70785148563192, 'sl_hard_delta': 14.73881747867879, 'tp': 11.748068121200117, 'gate_pct': 95.28097951734324, 'dd_limit': 5404.0328973252645, 'cooldown': 15, 'flip': True, 'en_ema_trend': True, 'ema_trend_fast': 29, 'ema_trend_slow': 226, 'en_sma_trend': True, 'sma_trend_fast': 145, 'sma_trend_slow': 400, 'en_macd': False, 'macd_fast': 20, 'macd_slow': 185, 'macd_signal': 11, 'en_vwap': True, 'en_keltner': True, 'keltner_n': 13, 'keltner_m': 1.5, 'en_obv': True, 'obv_slope': 120, 'en_cci': True, 'cci_n': 72, 'cci_threshold': 220, 'en_rsi': True, 'rsi_n': 33, 'rsi_lower': 11, 'rsi_upper': 68, 'en_stochastic': True, 'stochastic_n': 2, 'stochastic_d': 13, 'stochastic_lower': 42, 'stochastic_upper': 90, 'en_mfi': True, 'mfi_n': 20, 'mfi_lower': 16, 'mfi_upper': 71, 'en_bollinger': True, 'bollinger_n': 100, 'bollinger_k': 0.5, 'en_adx': False, 'adx_n': 23, 'adx_threshold': 18, 'en_structure_trend': True, 'structure_trend_swing_l': 4, 'en_order_block': False, 'order_block_swing_l': 6, 'en_fvg': False, 'fvg_lookback': 8, 'en_ifvg': True, 'en_breaker': True, 'breaker_swing_l': 18, 'en_cisd': True, 'k': 1, 'en_cap_bars': True, 'cap_1min': 392}.
[I 2026-07-13 17:15:14,247] Trial 92 finished with values: [77.60162337279326, -1287.3772967784316, 79.15] and parameters: {'sl_soft': 43.468495482741645, 'sl_hard_delta': 48.86909401427155, 'tp': 15.631135161075115, 'gate_pct': 39.05573574892481, 'dd_limit': 1205.5244179408517, 'cooldown': 15, 'flip': True, 'en_ema_trend': True, 'ema_trend_fast': 314, 'ema_trend_slow': 216, 'en_sma_trend': True, 'sma_trend_fast': 99, 'sma_trend_slow': 52, 'en_macd': False, 'macd_fast': 34, 'macd_slow': 66, 'macd_signal': 95, 'en_vwap': True, 'en_keltner': False, 'keltner_n': 135, 'keltner_m': 1.7000000000000002, 'en_obv': True, 'obv_slope': 33, 'en_cci': False, 'cci_n': 63, 'cci_threshold': 205, 'en_rsi': True, 'rsi_n': 86, 'rsi_lower': 29, 'rsi_upper': 75, 'en_stochastic': False, 'stochastic_n': 99, 'stochastic_d': 48, 'stochastic_lower': 45, 'stochastic_upper': 75, 'en_mfi': False, 'mfi_n': 75, 'mfi_lower': 19, 'mfi_upper': 95, 'en_bollinger': False, 'bollinger_n': 53, 'bollinger_k': 2.8000000000000003, 'en_adx': False, 'adx_n': 59, 'adx_threshold': 31, 'en_structure_trend': True, 'structure_trend_swing_l': 3, 'en_order_block': True, 'order_block_swing_l': 17, 'en_fvg': True, 'fvg_lookback': 2, 'en_ifvg': True, 'en_breaker': False, 'breaker_swing_l': 9, 'en_cisd': False, 'k': 1, 'en_cap_bars': False, 'cap_1min': 960}.
[I 2026-07-13 17:15:15,648] Trial 93 pruned. 
[I 2026-07-13 17:15:17,070] Trial 94 pruned. 
[I 2026-07-13 17:15:18,644] Trial 95 pruned. 
[I 2026-07-13 17:15:19,480] Trial 96 pruned. 
[I 2026-07-13 17:15:26,476] Trial 97 finished with values: [64.37930730266089, -1209.9134131037863, 43.05] and parameters: {'sl_soft': 14.438065942740678, 'sl_hard_delta': 29.603258995022124, 'tp': 51.099967254759335, 'gate_pct': 96.7516051221724, 'dd_limit': 7394.721751419064, 'cooldown': 5, 'flip': True, 'en_ema_trend': False, 'ema_trend_fast': 282, 'ema_trend_slow': 334, 'en_sma_trend': False, 'sma_trend_fast': 268, 'sma_trend_slow': 29, 'en_macd': False, 'macd_fast': 88, 'macd_slow': 167, 'macd_signal': 24, 'en_vwap': False, 'en_keltner': False, 'keltner_n': 46, 'keltner_m': 0.9, 'en_obv': True, 'obv_slope': 177, 'en_cci': True, 'cci_n': 128, 'cci_threshold': 45, 'en_rsi': False, 'rsi_n': 6, 'rsi_lower': 38, 'rsi_upper': 55, 'en_stochastic': True, 'stochastic_n': 86, 'stochastic_d': 14, 'stochastic_lower': 40, 'stochastic_upper': 72, 'en_mfi': True, 'mfi_n': 45, 'mfi_lower': 13, 'mfi_upper': 73, 'en_bollinger': True, 'bollinger_n': 127, 'bollinger_k': 2.7, 'en_adx': False, 'adx_n': 35, 'adx_threshold': 20, 'en_structure_trend': False, 'structure_trend_swing_l': 17, 'en_order_block': False, 'order_block_swing_l': 12, 'en_fvg': False, 'fvg_lookback': 38, 'en_ifvg': False, 'en_breaker': True, 'breaker_swing_l': 15, 'en_cisd': False, 'k': 4, 'en_cap_bars': True, 'cap_1min': 85}.
[I 2026-07-13 17:15:28,204] Trial 98 pruned. 
[I 2026-07-13 17:15:29,515] Trial 99 pruned. 
[I 2026-07-13 17:15:30,701] Trial 100 pruned. 
[I 2026-07-13 17:15:31,776] Trial 101 pruned. 
[I 2026-07-13 17:15:33,380] Trial 102 pruned. 
[I 2026-07-13 17:15:34,474] Trial 103 pruned. 
[I 2026-07-13 17:15:42,156] Trial 104 finished with values: [531.606502098075, -2255.9220303937036, 67.6] and parameters: {'sl_soft': 31.67728122639392, 'sl_hard_delta': 40.41289337316738, 'tp': 27.147036539939897, 'gate_pct': 92.80779954528938, 'dd_limit': 3350.6412140007124, 'cooldown': 17, 'flip': True, 'en_ema_trend': True, 'ema_trend_fast': 364, 'ema_trend_slow': 102, 'en_sma_trend': True, 'sma_trend_fast': 370, 'sma_trend_slow': 339, 'en_macd': True, 'macd_fast': 31, 'macd_slow': 18, 'macd_signal': 17, 'en_vwap': False, 'en_keltner': True, 'keltner_n': 178, 'keltner_m': 4.8, 'en_obv': False, 'obv_slope': 15, 'en_cci': False, 'cci_n': 7, 'cci_threshold': 65, 'en_rsi': True, 'rsi_n': 73, 'rsi_lower': 15, 'rsi_upper': 81, 'en_stochastic': False, 'stochastic_n': 63, 'stochastic_d': 29, 'stochastic_lower': 45, 'stochastic_upper': 87, 'en_mfi': False, 'mfi_n': 70, 'mfi_lower': 12, 'mfi_upper': 81, 'en_bollinger': True, 'bollinger_n': 62, 'bollinger_k': 4.4, 'en_adx': True, 'adx_n': 20, 'adx_threshold': 28, 'en_structure_trend': False, 'structure_trend_swing_l': 3, 'en_order_block': False, 'order_block_swing_l': 17, 'en_fvg': False, 'fvg_lookback': 25, 'en_ifvg': False, 'en_breaker': True, 'breaker_swing_l': 15, 'en_cisd': False, 'k': 4, 'en_cap_bars': True, 'cap_1min': 126}.
[I 2026-07-13 17:15:43,175] Trial 105 pruned. 
[I 2026-07-13 17:15:44,346] Trial 106 pruned. 
[I 2026-07-13 17:15:46,054] Trial 107 pruned. 
[I 2026-07-13 17:15:49,603] Trial 108 pruned. 
[I 2026-07-13 17:15:50,708] Trial 109 pruned. 
[I 2026-07-13 17:15:51,941] Trial 110 pruned. 
[I 2026-07-13 17:15:53,218] Trial 111 pruned. 
[I 2026-07-13 17:15:57,312] Trial 112 pruned. 
[I 2026-07-13 17:15:58,852] Trial 113 pruned. 
[I 2026-07-13 17:16:00,896] Trial 114 finished with values: [71.78943930666719, -1106.6315887695237, 53.45] and parameters: {'sl_soft': 43.50775470290719, 'sl_hard_delta': 33.6676631768647, 'tp': 40.83684112304853, 'gate_pct': 35.39284210315661, 'dd_limit': 6399.44206677876, 'cooldown': 10, 'flip': True, 'en_ema_trend': True, 'ema_trend_fast': 10, 'ema_trend_slow': 306, 'en_sma_trend': True, 'sma_trend_fast': 221, 'sma_trend_slow': 156, 'en_macd': False, 'macd_fast': 59, 'macd_slow': 195, 'macd_signal': 100, 'en_vwap': True, 'en_keltner': False, 'keltner_n': 58, 'keltner_m': 4.300000000000001, 'en_obv': False, 'obv_slope': 179, 'en_cci': True, 'cci_n': 58, 'cci_threshold': 285, 'en_rsi': False, 'rsi_n': 62, 'rsi_lower': 48, 'rsi_upper': 64, 'en_stochastic': False, 'stochastic_n': 65, 'stochastic_d': 45, 'stochastic_lower': 17, 'stochastic_upper': 57, 'en_mfi': True, 'mfi_n': 74, 'mfi_lower': 30, 'mfi_upper': 54, 'en_bollinger': False, 'bollinger_n': 116, 'bollinger_k': 4.6000000000000005, 'en_adx': False, 'adx_n': 14, 'adx_threshold': 55, 'en_structure_trend': True, 'structure_trend_swing_l': 3, 'en_order_block': False, 'order_block_swing_l': 1, 'en_fvg': False, 'fvg_lookback': 18, 'en_ifvg': True, 'en_breaker': False, 'breaker_swing_l': 5, 'en_cisd': False, 'k': 3, 'en_cap_bars': False, 'cap_1min': 76}.
[I 2026-07-13 17:16:03,800] Trial 115 finished with values: [1033.206245287347, -1774.3356083794424, 31.15] and parameters: {'sl_soft': 14.060803174396009, 'sl_hard_delta': 52.124166920508216, 'tp': 65.32946210475671, 'gate_pct': 54.8778799805964, 'dd_limit': 2548.3308531557964, 'cooldown': 14, 'flip': True, 'en_ema_trend': True, 'ema_trend_fast': 196, 'ema_trend_slow': 17, 'en_sma_trend': False, 'sma_trend_fast': 92, 'sma_trend_slow': 218, 'en_macd': True, 'macd_fast': 25, 'macd_slow': 180, 'macd_signal': 92, 'en_vwap': False, 'en_keltner': False, 'keltner_n': 116, 'keltner_m': 3.1, 'en_obv': True, 'obv_slope': 108, 'en_cci': True, 'cci_n': 27, 'cci_threshold': 40, 'en_rsi': False, 'rsi_n': 10, 'rsi_lower': 28, 'rsi_upper': 76, 'en_stochastic': False, 'stochastic_n': 97, 'stochastic_d': 47, 'stochastic_lower': 48, 'stochastic_upper': 77, 'en_mfi': True, 'mfi_n': 96, 'mfi_lower': 13, 'mfi_upper': 64, 'en_bollinger': False, 'bollinger_n': 115, 'bollinger_k': 2.5, 'en_adx': False, 'adx_n': 18, 'adx_threshold': 32, 'en_structure_trend': False, 'structure_trend_swing_l': 5, 'en_order_block': True, 'order_block_swing_l': 6, 'en_fvg': False, 'fvg_lookback': 44, 'en_ifvg': False, 'en_breaker': True, 'breaker_swing_l': 9, 'en_cisd': True, 'k': 2, 'en_cap_bars': False, 'cap_1min': 846}.
[I 2026-07-13 17:16:04,651] Trial 116 pruned. 
[I 2026-07-13 17:16:05,130] Trial 117 pruned. 
[I 2026-07-13 17:16:07,930] Trial 118 finished with values: [213.60642102121346, -800.3689619158104, 61.45] and parameters: {'sl_soft': 16.38720937773672, 'sl_hard_delta': 15.68658300542352, 'tp': 19.388754886316853, 'gate_pct': 26.3517884829504, 'dd_limit': 3617.657841686699, 'cooldown': 27, 'flip': True, 'en_ema_trend': True, 'ema_trend_fast': 23, 'ema_trend_slow': 125, 'en_sma_trend': True, 'sma_trend_fast': 357, 'sma_trend_slow': 329, 'en_macd': False, 'macd_fast': 52, 'macd_slow': 53, 'macd_signal': 61, 'en_vwap': True, 'en_keltner': True, 'keltner_n': 94, 'keltner_m': 4.1, 'en_obv': False, 'obv_slope': 167, 'en_cci': False, 'cci_n': 37, 'cci_threshold': 145, 'en_rsi': False, 'rsi_n': 97, 'rsi_lower': 13, 'rsi_upper': 57, 'en_stochastic': False, 'stochastic_n': 63, 'stochastic_d': 36, 'stochastic_lower': 33, 'stochastic_upper': 62, 'en_mfi': False, 'mfi_n': 80, 'mfi_lower': 8, 'mfi_upper': 70, 'en_bollinger': True, 'bollinger_n': 136, 'bollinger_k': 3.9000000000000004, 'en_adx': False, 'adx_n': 62, 'adx_threshold': 32, 'en_structure_trend': True, 'structure_trend_swing_l': 14, 'en_order_block': False, 'order_block_swing_l': 18, 'en_fvg': True, 'fvg_lookback': 47, 'en_ifvg': True, 'en_breaker': True, 'breaker_swing_l': 10, 'en_cisd': False, 'k': 4, 'en_cap_bars': False, 'cap_1min': 332}.
[I 2026-07-13 17:16:15,656] Trial 119 finished with values: [693.8082637487969, -922.7640164373588, 53.8] and parameters: {'sl_soft': 19.656888620177444, 'sl_hard_delta': 38.89591466729796, 'tp': 34.46883891078241, 'gate_pct': 76.55976188692937, 'dd_limit': 928.2439984695909, 'cooldown': 12, 'flip': True, 'en_ema_trend': True, 'ema_trend_fast': 208, 'ema_trend_slow': 139, 'en_sma_trend': True, 'sma_trend_fast': 266, 'sma_trend_slow': 143, 'en_macd': True, 'macd_fast': 93, 'macd_slow': 48, 'macd_signal': 1, 'en_vwap': True, 'en_keltner': False, 'keltner_n': 137, 'keltner_m': 3.8000000000000003, 'en_obv': False, 'obv_slope': 8, 'en_cci': False, 'cci_n': 94, 'cci_threshold': 195, 'en_rsi': True, 'rsi_n': 67, 'rsi_lower': 7, 'rsi_upper': 69, 'en_stochastic': True, 'stochastic_n': 22, 'stochastic_d': 5, 'stochastic_lower': 16, 'stochastic_upper': 57, 'en_mfi': True, 'mfi_n': 61, 'mfi_lower': 10, 'mfi_upper': 68, 'en_bollinger': False, 'bollinger_n': 69, 'bollinger_k': 1.6, 'en_adx': False, 'adx_n': 48, 'adx_threshold': 19, 'en_structure_trend': False, 'structure_trend_swing_l': 10, 'en_order_block': True, 'order_block_swing_l': 9, 'en_fvg': False, 'fvg_lookback': 36, 'en_ifvg': False, 'en_breaker': False, 'breaker_swing_l': 17, 'en_cisd': False, 'k': 4, 'en_cap_bars': False, 'cap_1min': 608}.
[I 2026-07-13 17:16:16,479] Trial 120 finished with values: [-1106.6178339463295, -4837.275337021492, 72.4] and parameters: {'sl_soft': 35.158668043954385, 'sl_hard_delta': 33.682646469007025, 'tp': 14.195858419339825, 'gate_pct': 80.70603145468111, 'dd_limit': 1960.8345257721103, 'cooldown': 6, 'flip': False, 'en_ema_trend': True, 'ema_trend_fast': 375, 'ema_trend_slow': 53, 'en_sma_trend': False, 'sma_trend_fast': 357, 'sma_trend_slow': 56, 'en_macd': True, 'macd_fast': 57, 'macd_slow': 58, 'macd_signal': 34, 'en_vwap': True, 'en_keltner': False, 'keltner_n': 68, 'keltner_m': 1.2000000000000002, 'en_obv': True, 'obv_slope': 120, 'en_cci': True, 'cci_n': 40, 'cci_threshold': 85, 'en_rsi': False, 'rsi_n': 34, 'rsi_lower': 36, 'rsi_upper': 64, 'en_stochastic': False, 'stochastic_n': 93, 'stochastic_d': 6, 'stochastic_lower': 10, 'stochastic_upper': 73, 'en_mfi': False, 'mfi_n': 67, 'mfi_lower': 17, 'mfi_upper': 51, 'en_bollinger': False, 'bollinger_n': 40, 'bollinger_k': 4.2, 'en_adx': True, 'adx_n': 28, 'adx_threshold': 7, 'en_structure_trend': False, 'structure_trend_swing_l': 1, 'en_order_block': False, 'order_block_swing_l': 8, 'en_fvg': True, 'fvg_lookback': 13, 'en_ifvg': False, 'en_breaker': False, 'breaker_swing_l': 14, 'en_cisd': True, 'k': 2, 'en_cap_bars': True, 'cap_1min': 803}.
[I 2026-07-13 17:16:19,066] Trial 121 pruned. 
[I 2026-07-13 17:16:26,156] Trial 122 finished with values: [125.55495894823252, -2371.9590978007545, 31.75] and parameters: {'sl_soft': 10.678749013795382, 'sl_hard_delta': 27.198362627846137, 'tp': 40.998747729611765, 'gate_pct': 42.37120833684469, 'dd_limit': 9592.055300611895, 'cooldown': 18, 'flip': False, 'en_ema_trend': False, 'ema_trend_fast': 196, 'ema_trend_slow': 8, 'en_sma_trend': True, 'sma_trend_fast': 271, 'sma_trend_slow': 242, 'en_macd': False, 'macd_fast': 69, 'macd_slow': 154, 'macd_signal': 12, 'en_vwap': True, 'en_keltner': True, 'keltner_n': 3, 'keltner_m': 3.3000000000000003, 'en_obv': True, 'obv_slope': 188, 'en_cci': False, 'cci_n': 156, 'cci_threshold': 300, 'en_rsi': False, 'rsi_n': 52, 'rsi_lower': 18, 'rsi_upper': 59, 'en_stochastic': False, 'stochastic_n': 66, 'stochastic_d': 9, 'stochastic_lower': 40, 'stochastic_upper': 63, 'en_mfi': False, 'mfi_n': 72, 'mfi_lower': 13, 'mfi_upper': 75, 'en_bollinger': False, 'bollinger_n': 96, 'bollinger_k': 4.6000000000000005, 'en_adx': True, 'adx_n': 56, 'adx_threshold': 7, 'en_structure_trend': False, 'structure_trend_swing_l': 15, 'en_order_block': True, 'order_block_swing_l': 18, 'en_fvg': True, 'fvg_lookback': 25, 'en_ifvg': True, 'en_breaker': True, 'breaker_swing_l': 14, 'en_cisd': True, 'k': 2, 'en_cap_bars': True, 'cap_1min': 652}.
[I 2026-07-13 17:16:27,387] Trial 123 pruned. 
[I 2026-07-13 17:16:36,537] Trial 124 finished with values: [-84.1509900836354, -674.845634560661, 51.65] and parameters: {'sl_soft': 27.596440206710835, 'sl_hard_delta': 27.141141888013195, 'tp': 31.030873087870226, 'gate_pct': 52.70817803787374, 'dd_limit': 781.3607987166818, 'cooldown': 6, 'flip': True, 'en_ema_trend': True, 'ema_trend_fast': 230, 'ema_trend_slow': 20, 'en_sma_trend': False, 'sma_trend_fast': 298, 'sma_trend_slow': 169, 'en_macd': True, 'macd_fast': 91, 'macd_slow': 198, 'macd_signal': 81, 'en_vwap': True, 'en_keltner': True, 'keltner_n': 62, 'keltner_m': 3.0, 'en_obv': False, 'obv_slope': 24, 'en_cci': True, 'cci_n': 37, 'cci_threshold': 90, 'en_rsi': False, 'rsi_n': 55, 'rsi_lower': 42, 'rsi_upper': 72, 'en_stochastic': True, 'stochastic_n': 63, 'stochastic_d': 44, 'stochastic_lower': 7, 'stochastic_upper': 72, 'en_mfi': True, 'mfi_n': 88, 'mfi_lower': 31, 'mfi_upper': 88, 'en_bollinger': True, 'bollinger_n': 127, 'bollinger_k': 1.2000000000000002, 'en_adx': False, 'adx_n': 7, 'adx_threshold': 35, 'en_structure_trend': True, 'structure_trend_swing_l': 14, 'en_order_block': False, 'order_block_swing_l': 2, 'en_fvg': False, 'fvg_lookback': 29, 'en_ifvg': True, 'en_breaker': False, 'breaker_swing_l': 13, 'en_cisd': True, 'k': 2, 'en_cap_bars': False, 'cap_1min': 1113}.
[I 2026-07-13 17:16:44,541] Trial 125 finished with values: [-585.6965289031177, -1694.9213788569978, 60.45] and parameters: {'sl_soft': 37.441531560466316, 'sl_hard_delta': 2.558374426760447, 'tp': 20.014972126423267, 'gate_pct': 80.28577378768065, 'dd_limit': 8836.141297284725, 'cooldown': 10, 'flip': False, 'en_ema_trend': False, 'ema_trend_fast': 101, 'ema_trend_slow': 238, 'en_sma_trend': True, 'sma_trend_fast': 188, 'sma_trend_slow': 55, 'en_macd': True, 'macd_fast': 6, 'macd_slow': 125, 'macd_signal': 4, 'en_vwap': True, 'en_keltner': True, 'keltner_n': 154, 'keltner_m': 4.300000000000001, 'en_obv': True, 'obv_slope': 116, 'en_cci': False, 'cci_n': 91, 'cci_threshold': 155, 'en_rsi': False, 'rsi_n': 95, 'rsi_lower': 15, 'rsi_upper': 63, 'en_stochastic': True, 'stochastic_n': 55, 'stochastic_d': 50, 'stochastic_lower': 11, 'stochastic_upper': 77, 'en_mfi': False, 'mfi_n': 84, 'mfi_lower': 12, 'mfi_upper': 54, 'en_bollinger': False, 'bollinger_n': 161, 'bollinger_k': 3.4000000000000004, 'en_adx': False, 'adx_n': 31, 'adx_threshold': 57, 'en_structure_trend': True, 'structure_trend_swing_l': 17, 'en_order_block': True, 'order_block_swing_l': 14, 'en_fvg': True, 'fvg_lookback': 48, 'en_ifvg': True, 'en_breaker': True, 'breaker_swing_l': 20, 'en_cisd': False, 'k': 2, 'en_cap_bars': False, 'cap_1min': 469}.
