[I 2026-07-13 17:23:49,423] Trial 260 finished with values: [236.56585240196364, -985.0, 47.15] and parameters: {'sl_soft': 18.688123795390414, 'sl_hard_delta': 57.09095784154005, 'tp': 35.50601623622663, 'gate_pct': 49.958417067888604, 'dd_limit': 928.2439984695909, 'cooldown': 12, 'flip': True, 'en_ema_trend': False, 'ema_trend_fast': 208, 'ema_trend_slow': 42, 'en_sma_trend': True, 'sma_trend_fast': 142, 'sma_trend_slow': 143, 'en_macd': True, 'macd_fast': 56, 'macd_slow': 151, 'macd_signal': 86, 'en_vwap': True, 'en_keltner': False, 'keltner_n': 175, 'keltner_m': 1.7000000000000002, 'en_obv': True, 'obv_slope': 52, 'en_cci': False, 'cci_n': 94, 'cci_threshold': 145, 'en_rsi': True, 'rsi_n': 67, 'rsi_lower': 7, 'rsi_upper': 91, 'en_stochastic': False, 'stochastic_n': 22, 'stochastic_d': 7, 'stochastic_lower': 17, 'stochastic_upper': 90, 'en_mfi': True, 'mfi_n': 26, 'mfi_lower': 40, 'mfi_upper': 68, 'en_bollinger': False, 'bollinger_n': 198, 'bollinger_k': 2.6, 'en_adx': False, 'adx_n': 47, 'adx_threshold': 31, 'en_structure_trend': False, 'structure_trend_swing_l': 19, 'en_order_block': False, 'order_block_swing_l': 11, 'en_fvg': False, 'fvg_lookback': 24, 'en_ifvg': True, 'en_breaker': False, 'breaker_swing_l': 19, 'en_cisd': True, 'k': 3, 'en_cap_bars': True, 'cap_1min': 608}.
[I 2026-07-13 17:23:52,279] Trial 261 finished with values: [638.8134626429201, -1526.6259852720395, 34.05] and parameters: {'sl_soft': 16.53284872548906, 'sl_hard_delta': 33.852394200468076, 'tp': 71.83740147279842, 'gate_pct': 74.50813821223942, 'dd_limit': 2327.713141817985, 'cooldown': 19, 'flip': True, 'en_ema_trend': False, 'ema_trend_fast': 29, 'ema_trend_slow': 196, 'en_sma_trend': False, 'sma_trend_fast': 128, 'sma_trend_slow': 396, 'en_macd': True, 'macd_fast': 56, 'macd_slow': 79, 'macd_signal': 67, 'en_vwap': True, 'en_keltner': False, 'keltner_n': 43, 'keltner_m': 3.9000000000000004, 'en_obv': True, 'obv_slope': 162, 'en_cci': True, 'cci_n': 106, 'cci_threshold': 25, 'en_rsi': True, 'rsi_n': 74, 'rsi_lower': 46, 'rsi_upper': 91, 'en_stochastic': False, 'stochastic_n': 8, 'stochastic_d': 31, 'stochastic_lower': 47, 'stochastic_upper': 97, 'en_mfi': True, 'mfi_n': 26, 'mfi_lower': 20, 'mfi_upper': 74, 'en_bollinger': False, 'bollinger_n': 198, 'bollinger_k': 2.6, 'en_adx': False, 'adx_n': 19, 'adx_threshold': 12, 'en_structure_trend': True, 'structure_trend_swing_l': 19, 'en_order_block': False, 'order_block_swing_l': 11, 'en_fvg': False, 'fvg_lookback': 7, 'en_ifvg': True, 'en_breaker': False, 'breaker_swing_l': 19, 'en_cisd': True, 'k': 3, 'en_cap_bars': True, 'cap_1min': 412}.
[I 2026-07-13 17:23:54,721] Trial 262 finished with values: [-246.25461973582787, -1122.9306551186892, 36.45] and parameters: {'sl_soft': 10.892384033165945, 'sl_hard_delta': 6.457174475322132, 'tp': 22.064753142407614, 'gate_pct': 45.267583500536205, 'dd_limit': 1590.8713685177133, 'cooldown': 27, 'flip': False, 'en_ema_trend': True, 'ema_trend_fast': 95, 'ema_trend_slow': 42, 'en_sma_trend': False, 'sma_trend_fast': 62, 'sma_trend_slow': 344, 'en_macd': False, 'macd_fast': 34, 'macd_slow': 151, 'macd_signal': 71, 'en_vwap': True, 'en_keltner': True, 'keltner_n': 175, 'keltner_m': 3.3000000000000003, 'en_obv': True, 'obv_slope': 63, 'en_cci': True, 'cci_n': 21, 'cci_threshold': 265, 'en_rsi': False, 'rsi_n': 28, 'rsi_lower': 2, 'rsi_upper': 88, 'en_stochastic': False, 'stochastic_n': 27, 'stochastic_d': 32, 'stochastic_lower': 17, 'stochastic_upper': 90, 'en_mfi': True, 'mfi_n': 100, 'mfi_lower': 15, 'mfi_upper': 79, 'en_bollinger': False, 'bollinger_n': 152, 'bollinger_k': 3.4000000000000004, 'en_adx': False, 'adx_n': 54, 'adx_threshold': 12, 'en_structure_trend': False, 'structure_trend_swing_l': 15, 'en_order_block': True, 'order_block_swing_l': 8, 'en_fvg': False, 'fvg_lookback': 35, 'en_ifvg': True, 'en_breaker': True, 'breaker_swing_l': 5, 'en_cisd': True, 'k': 4, 'en_cap_bars': False, 'cap_1min': 733}.
[I 2026-07-13 17:23:57,237] Trial 263 finished with values: [97.40975516779145, -1052.9674163382515, 51.4] and parameters: {'sl_soft': 29.956061875350898, 'sl_hard_delta': 38.89591466729796, 'tp': 34.46883891078241, 'gate_pct': 49.958417067888604, 'dd_limit': 928.2439984695909, 'cooldown': 18, 'flip': True, 'en_ema_trend': True, 'ema_trend_fast': 385, 'ema_trend_slow': 349, 'en_sma_trend': False, 'sma_trend_fast': 253, 'sma_trend_slow': 346, 'en_macd': False, 'macd_fast': 51, 'macd_slow': 151, 'macd_signal': 1, 'en_vwap': True, 'en_keltner': True, 'keltner_n': 175, 'keltner_m': 4.1, 'en_obv': True, 'obv_slope': 191, 'en_cci': False, 'cci_n': 158, 'cci_threshold': 115, 'en_rsi': True, 'rsi_n': 99, 'rsi_lower': 7, 'rsi_upper': 70, 'en_stochastic': False, 'stochastic_n': 22, 'stochastic_d': 32, 'stochastic_lower': 39, 'stochastic_upper': 88, 'en_mfi': False, 'mfi_n': 100, 'mfi_lower': 21, 'mfi_upper': 53, 'en_bollinger': False, 'bollinger_n': 163, 'bollinger_k': 3.4000000000000004, 'en_adx': False, 'adx_n': 54, 'adx_threshold': 19, 'en_structure_trend': False, 'structure_trend_swing_l': 10, 'en_order_block': False, 'order_block_swing_l': 1, 'en_fvg': False, 'fvg_lookback': 10, 'en_ifvg': True, 'en_breaker': True, 'breaker_swing_l': 20, 'en_cisd': True, 'k': 4, 'en_cap_bars': False, 'cap_1min': 801}.
[I 2026-07-13 17:23:58,557] Trial 264 finished with values: [420.7543489187992, -1610.8157943847618, 62.75] and parameters: {'sl_soft': 43.50775470290719, 'sl_hard_delta': 42.2746926827138, 'tp': 40.83684112304853, 'gate_pct': 33.56638011646498, 'dd_limit': 7287.8670146700415, 'cooldown': 9, 'flip': True, 'en_ema_trend': True, 'ema_trend_fast': 183, 'ema_trend_slow': 306, 'en_sma_trend': False, 'sma_trend_fast': 221, 'sma_trend_slow': 156, 'en_macd': False, 'macd_fast': 91, 'macd_slow': 195, 'macd_signal': 1, 'en_vwap': True, 'en_keltner': True, 'keltner_n': 73, 'keltner_m': 4.6000000000000005, 'en_obv': False, 'obv_slope': 179, 'en_cci': True, 'cci_n': 195, 'cci_threshold': 115, 'en_rsi': False, 'rsi_n': 8, 'rsi_lower': 48, 'rsi_upper': 87, 'en_stochastic': False, 'stochastic_n': 71, 'stochastic_d': 45, 'stochastic_lower': 17, 'stochastic_upper': 57, 'en_mfi': True, 'mfi_n': 74, 'mfi_lower': 28, 'mfi_upper': 58, 'en_bollinger': False, 'bollinger_n': 118, 'bollinger_k': 1.8, 'en_adx': False, 'adx_n': 81, 'adx_threshold': 55, 'en_structure_trend': True, 'structure_trend_swing_l': 3, 'en_order_block': False, 'order_block_swing_l': 11, 'en_fvg': False, 'fvg_lookback': 18, 'en_ifvg': True, 'en_breaker': False, 'breaker_swing_l': 5, 'en_cisd': True, 'k': 1, 'en_cap_bars': False, 'cap_1min': 1388}.
[I 2026-07-13 17:24:01,238] Trial 265 finished with values: [450.2160277749317, -826.6186604944596, 58.55] and parameters: {'sl_soft': 17.223925842167503, 'sl_hard_delta': 42.2746926827138, 'tp': 34.67626790111013, 'gate_pct': 33.56638011646498, 'dd_limit': 2701.521253582511, 'cooldown': 9, 'flip': True, 'en_ema_trend': True, 'ema_trend_fast': 183, 'ema_trend_slow': 274, 'en_sma_trend': True, 'sma_trend_fast': 330, 'sma_trend_slow': 328, 'en_macd': False, 'macd_fast': 91, 'macd_slow': 62, 'macd_signal': 30, 'en_vwap': True, 'en_keltner': True, 'keltner_n': 73, 'keltner_m': 3.7, 'en_obv': True, 'obv_slope': 19, 'en_cci': True, 'cci_n': 143, 'cci_threshold': 65, 'en_rsi': False, 'rsi_n': 8, 'rsi_lower': 3, 'rsi_upper': 87, 'en_stochastic': False, 'stochastic_n': 90, 'stochastic_d': 31, 'stochastic_lower': 2, 'stochastic_upper': 64, 'en_mfi': False, 'mfi_n': 55, 'mfi_lower': 8, 'mfi_upper': 78, 'en_bollinger': True, 'bollinger_n': 97, 'bollinger_k': 1.8, 'en_adx': False, 'adx_n': 81, 'adx_threshold': 55, 'en_structure_trend': True, 'structure_trend_swing_l': 17, 'en_order_block': False, 'order_block_swing_l': 4, 'en_fvg': True, 'fvg_lookback': 6, 'en_ifvg': True, 'en_breaker': False, 'breaker_swing_l': 1, 'en_cisd': True, 'k': 1, 'en_cap_bars': False, 'cap_1min': 971}.
[I 2026-07-13 17:24:04,730] Trial 266 finished with values: [267.2188721580096, -548.0562255683981, 70.85] and parameters: {'sl_soft': 16.38720937773672, 'sl_hard_delta': 21.6569898622451, 'tp': 19.388754886316853, 'gate_pct': 26.3517884829504, 'dd_limit': 2701.521253582511, 'cooldown': 7, 'flip': True, 'en_ema_trend': True, 'ema_trend_fast': 23, 'ema_trend_slow': 125, 'en_sma_trend': True, 'sma_trend_fast': 82, 'sma_trend_slow': 329, 'en_macd': True, 'macd_fast': 52, 'macd_slow': 62, 'macd_signal': 30, 'en_vwap': True, 'en_keltner': True, 'keltner_n': 153, 'keltner_m': 3.7, 'en_obv': False, 'obv_slope': 19, 'en_cci': True, 'cci_n': 37, 'cci_threshold': 145, 'en_rsi': True, 'rsi_n': 97, 'rsi_lower': 3, 'rsi_upper': 58, 'en_stochastic': False, 'stochastic_n': 90, 'stochastic_d': 15, 'stochastic_lower': 33, 'stochastic_upper': 62, 'en_mfi': False, 'mfi_n': 80, 'mfi_lower': 8, 'mfi_upper': 78, 'en_bollinger': True, 'bollinger_n': 136, 'bollinger_k': 4.1, 'en_adx': False, 'adx_n': 79, 'adx_threshold': 32, 'en_structure_trend': True, 'structure_trend_swing_l': 17, 'en_order_block': False, 'order_block_swing_l': 4, 'en_fvg': True, 'fvg_lookback': 47, 'en_ifvg': True, 'en_breaker': True, 'breaker_swing_l': 2, 'en_cisd': True, 'k': 1, 'en_cap_bars': False, 'cap_1min': 332}.
[I 2026-07-13 17:24:15,534] Trial 267 finished with values: [1275.6509947384984, -1682.033263455378, 77.0] and parameters: {'sl_soft': 37.49132233815045, 'sl_hard_delta': 15.421376415097182, 'tp': 29.99703976361623, 'gate_pct': 92.80779954528938, 'dd_limit': 6200.963660003925, 'cooldown': 3, 'flip': True, 'en_ema_trend': False, 'ema_trend_fast': 271, 'ema_trend_slow': 218, 'en_sma_trend': False, 'sma_trend_fast': 26, 'sma_trend_slow': 163, 'en_macd': False, 'macd_fast': 80, 'macd_slow': 190, 'macd_signal': 64, 'en_vwap': False, 'en_keltner': False, 'keltner_n': 6, 'keltner_m': 4.8, 'en_obv': False, 'obv_slope': 194, 'en_cci': False, 'cci_n': 125, 'cci_threshold': 65, 'en_rsi': False, 'rsi_n': 80, 'rsi_lower': 15, 'rsi_upper': 60, 'en_stochastic': True, 'stochastic_n': 66, 'stochastic_d': 12, 'stochastic_lower': 45, 'stochastic_upper': 86, 'en_mfi': False, 'mfi_n': 71, 'mfi_lower': 12, 'mfi_upper': 79, 'en_bollinger': True, 'bollinger_n': 22, 'bollinger_k': 2.1, 'en_adx': True, 'adx_n': 11, 'adx_threshold': 28, 'en_structure_trend': True, 'structure_trend_swing_l': 20, 'en_order_block': False, 'order_block_swing_l': 15, 'en_fvg': False, 'fvg_lookback': 4, 'en_ifvg': True, 'en_breaker': False, 'breaker_swing_l': 15, 'en_cisd': False, 'k': 4, 'en_cap_bars': True, 'cap_1min': 1208}.
[I 2026-07-13 17:24:20,259] Trial 268 finished with values: [180.84704608247193, -1784.1565898963745, 61.05] and parameters: {'sl_soft': 37.49132233815045, 'sl_hard_delta': 15.421376415097182, 'tp': 29.99703976361623, 'gate_pct': 74.50813821223942, 'dd_limit': 3617.657841686699, 'cooldown': 3, 'flip': True, 'en_ema_trend': False, 'ema_trend_fast': 271, 'ema_trend_slow': 218, 'en_sma_trend': True, 'sma_trend_fast': 26, 'sma_trend_slow': 163, 'en_macd': False, 'macd_fast': 13, 'macd_slow': 53, 'macd_signal': 64, 'en_vwap': True, 'en_keltner': False, 'keltner_n': 171, 'keltner_m': 4.8, 'en_obv': False, 'obv_slope': 167, 'en_cci': False, 'cci_n': 125, 'cci_threshold': 65, 'en_rsi': False, 'rsi_n': 89, 'rsi_lower': 15, 'rsi_upper': 57, 'en_stochastic': True, 'stochastic_n': 66, 'stochastic_d': 12, 'stochastic_lower': 36, 'stochastic_upper': 86, 'en_mfi': False, 'mfi_n': 71, 'mfi_lower': 12, 'mfi_upper': 79, 'en_bollinger': False, 'bollinger_n': 198, 'bollinger_k': 2.1, 'en_adx': False, 'adx_n': 47, 'adx_threshold': 28, 'en_structure_trend': True, 'structure_trend_swing_l': 19, 'en_order_block': False, 'order_block_swing_l': 11, 'en_fvg': False, 'fvg_lookback': 4, 'en_ifvg': True, 'en_breaker': False, 'breaker_swing_l': 15, 'en_cisd': False, 'k': 4, 'en_cap_bars': True, 'cap_1min': 1002}.
[I 2026-07-13 17:24:25,940] Trial 269 finished with values: [384.0072297398183, -5618.030263152577, 42.9] and parameters: {'sl_soft': 37.49132233815045, 'sl_hard_delta': 15.421376415097182, 'tp': 71.83740147279842, 'gate_pct': 84.68288014900352, 'dd_limit': 6200.963660003925, 'cooldown': 13, 'flip': True, 'en_ema_trend': False, 'ema_trend_fast': 29, 'ema_trend_slow': 196, 'en_sma_trend': False, 'sma_trend_fast': 26, 'sma_trend_slow': 163, 'en_macd': False, 'macd_fast': 56, 'macd_slow': 150, 'macd_signal': 64, 'en_vwap': False, 'en_keltner': False, 'keltner_n': 6, 'keltner_m': 3.9000000000000004, 'en_obv': True, 'obv_slope': 162, 'en_cci': True, 'cci_n': 125, 'cci_threshold': 280, 'en_rsi': False, 'rsi_n': 80, 'rsi_lower': 38, 'rsi_upper': 60, 'en_stochastic': True, 'stochastic_n': 25, 'stochastic_d': 12, 'stochastic_lower': 45, 'stochastic_upper': 97, 'en_mfi': True, 'mfi_n': 71, 'mfi_lower': 12, 'mfi_upper': 79, 'en_bollinger': False, 'bollinger_n': 186, 'bollinger_k': 2.1, 'en_adx': True, 'adx_n': 11, 'adx_threshold': 12, 'en_structure_trend': True, 'structure_trend_swing_l': 1, 'en_order_block': False, 'order_block_swing_l': 15, 'en_fvg': False, 'fvg_lookback': 4, 'en_ifvg': True, 'en_breaker': False, 'breaker_swing_l': 15, 'en_cisd': False, 'k': 4, 'en_cap_bars': True, 'cap_1min': 1208}.
[I 2026-07-13 17:24:28,278] Trial 270 finished with values: [862.3996549761432, -3770.63931156732, 45.7] and parameters: {'sl_soft': 14.438065942740678, 'sl_hard_delta': 29.603258995022124, 'tp': 34.46883891078241, 'gate_pct': 95.28097951734324, 'dd_limit': 7394.721751419064, 'cooldown': 12, 'flip': True, 'en_ema_trend': True, 'ema_trend_fast': 208, 'ema_trend_slow': 334, 'en_sma_trend': True, 'sma_trend_fast': 99, 'sma_trend_slow': 143, 'en_macd': True, 'macd_fast': 88, 'macd_slow': 48, 'macd_signal': 95, 'en_vwap': False, 'en_keltner': False, 'keltner_n': 135, 'keltner_m': 0.9, 'en_obv': True, 'obv_slope': 177, 'en_cci': False, 'cci_n': 94, 'cci_threshold': 205, 'en_rsi': False, 'rsi_n': 67, 'rsi_lower': 11, 'rsi_upper': 75, 'en_stochastic': False, 'stochastic_n': 99, 'stochastic_d': 48, 'stochastic_lower': 45, 'stochastic_upper': 75, 'en_mfi': False, 'mfi_n': 45, 'mfi_lower': 10, 'mfi_upper': 95, 'en_bollinger': False, 'bollinger_n': 53, 'bollinger_k': 2.7, 'en_adx': False, 'adx_n': 23, 'adx_threshold': 20, 'en_structure_trend': True, 'structure_trend_swing_l': 3, 'en_order_block': False, 'order_block_swing_l': 6, 'en_fvg': True, 'fvg_lookback': 38, 'en_ifvg': False, 'en_breaker': True, 'breaker_swing_l': 17, 'en_cisd': True, 'k': 4, 'en_cap_bars': True, 'cap_1min': 392}.
[I 2026-07-13 17:24:29,689] Trial 271 finished with values: [253.5973672804721, -1053.2373209889192, 46.45] and parameters: {'sl_soft': 17.223925842167503, 'sl_hard_delta': 42.2746926827138, 'tp': 34.67626790111013, 'gate_pct': 33.56638011646498, 'dd_limit': 2701.521253582511, 'cooldown': 9, 'flip': True, 'en_ema_trend': True, 'ema_trend_fast': 183, 'ema_trend_slow': 250, 'en_sma_trend': True, 'sma_trend_fast': 330, 'sma_trend_slow': 232, 'en_macd': False, 'macd_fast': 91, 'macd_slow': 62, 'macd_signal': 30, 'en_vwap': True, 'en_keltner': True, 'keltner_n': 73, 'keltner_m': 3.7, 'en_obv': False, 'obv_slope': 186, 'en_cci': True, 'cci_n': 195, 'cci_threshold': 65, 'en_rsi': False, 'rsi_n': 8, 'rsi_lower': 15, 'rsi_upper': 87, 'en_stochastic': False, 'stochastic_n': 71, 'stochastic_d': 31, 'stochastic_lower': 2, 'stochastic_upper': 64, 'en_mfi': False, 'mfi_n': 55, 'mfi_lower': 8, 'mfi_upper': 92, 'en_bollinger': False, 'bollinger_n': 97, 'bollinger_k': 1.8, 'en_adx': False, 'adx_n': 81, 'adx_threshold': 55, 'en_structure_trend': True, 'structure_trend_swing_l': 18, 'en_order_block': False, 'order_block_swing_l': 11, 'en_fvg': True, 'fvg_lookback': 6, 'en_ifvg': True, 'en_breaker': False, 'breaker_swing_l': 1, 'en_cisd': True, 'k': 1, 'en_cap_bars': False, 'cap_1min': 971}.
[I 2026-07-13 17:24:33,005] Trial 272 pruned. 
[I 2026-07-13 17:24:38,428] Trial 273 finished with values: [222.85944126524555, -651.9860084310494, 80.30000000000001] and parameters: {'sl_soft': 37.70785148563192, 'sl_hard_delta': 14.73881747867879, 'tp': 11.748068121200117, 'gate_pct': 95.28097951734324, 'dd_limit': 6200.963660003925, 'cooldown': 15, 'flip': True, 'en_ema_trend': True, 'ema_trend_fast': 29, 'ema_trend_slow': 58, 'en_sma_trend': True, 'sma_trend_fast': 145, 'sma_trend_slow': 163, 'en_macd': False, 'macd_fast': 26, 'macd_slow': 24, 'macd_signal': 11, 'en_vwap': True, 'en_keltner': False, 'keltner_n': 13, 'keltner_m': 1.6, 'en_obv': True, 'obv_slope': 92, 'en_cci': False, 'cci_n': 44, 'cci_threshold': 145, 'en_rsi': False, 'rsi_n': 80, 'rsi_lower': 11, 'rsi_upper': 68, 'en_stochastic': True, 'stochastic_n': 66, 'stochastic_d': 13, 'stochastic_lower': 42, 'stochastic_upper': 86, 'en_mfi': False, 'mfi_n': 71, 'mfi_lower': 42, 'mfi_upper': 71, 'en_bollinger': True, 'bollinger_n': 22, 'bollinger_k': 0.5, 'en_adx': False, 'adx_n': 23, 'adx_threshold': 19, 'en_structure_trend': True, 'structure_trend_swing_l': 4, 'en_order_block': True, 'order_block_swing_l': 15, 'en_fvg': True, 'fvg_lookback': 16, 'en_ifvg': True, 'en_breaker': False, 'breaker_swing_l': 18, 'en_cisd': True, 'k': 1, 'en_cap_bars': True, 'cap_1min': 1208}.
[I 2026-07-13 17:24:38,747] Trial 274 finished with values: [-133.15495282027769, -1720.0148011819329, 62.9] and parameters: {'sl_soft': 37.49132233815045, 'sl_hard_delta': 46.53087950404616, 'tp': 29.99703976361623, 'gate_pct': 92.80779954528938, 'dd_limit': 6330.458522368667, 'cooldown': 3, 'flip': True, 'en_ema_trend': False, 'ema_trend_fast': 271, 'ema_trend_slow': 218, 'en_sma_trend': False, 'sma_trend_fast': 26, 'sma_trend_slow': 163, 'en_macd': False, 'macd_fast': 80, 'macd_slow': 190, 'macd_signal': 64, 'en_vwap': True, 'en_keltner': False, 'keltner_n': 6, 'keltner_m': 1.8, 'en_obv': True, 'obv_slope': 194, 'en_cci': False, 'cci_n': 125, 'cci_threshold': 65, 'en_rsi': False, 'rsi_n': 80, 'rsi_lower': 15, 'rsi_upper': 60, 'en_stochastic': True, 'stochastic_n': 66, 'stochastic_d': 12, 'stochastic_lower': 2, 'stochastic_upper': 86, 'en_mfi': False, 'mfi_n': 71, 'mfi_lower': 12, 'mfi_upper': 79, 'en_bollinger': True, 'bollinger_n': 22, 'bollinger_k': 2.1, 'en_adx': True, 'adx_n': 11, 'adx_threshold': 19, 'en_structure_trend': True, 'structure_trend_swing_l': 20, 'en_order_block': False, 'order_block_swing_l': 15, 'en_fvg': False, 'fvg_lookback': 4, 'en_ifvg': True, 'en_breaker': False, 'breaker_swing_l': 10, 'en_cisd': False, 'k': 4, 'en_cap_bars': True, 'cap_1min': 1208}.
[I 2026-07-13 17:24:44,895] Trial 275 finished with values: [225.67755867181404, -890.0, 50.35] and parameters: {'sl_soft': 18.688123795390414, 'sl_hard_delta': 38.89591466729796, 'tp': 34.46883891078241, 'gate_pct': 49.958417067888604, 'dd_limit': 928.2439984695909, 'cooldown': 12, 'flip': True, 'en_ema_trend': False, 'ema_trend_fast': 208, 'ema_trend_slow': 42, 'en_sma_trend': True, 'sma_trend_fast': 142, 'sma_trend_slow': 143, 'en_macd': True, 'macd_fast': 56, 'macd_slow': 48, 'macd_signal': 86, 'en_vwap': True, 'en_keltner': False, 'keltner_n': 175, 'keltner_m': 3.8000000000000003, 'en_obv': True, 'obv_slope': 8, 'en_cci': False, 'cci_n': 94, 'cci_threshold': 195, 'en_rsi': True, 'rsi_n': 67, 'rsi_lower': 7, 'rsi_upper': 91, 'en_stochastic': True, 'stochastic_n': 77, 'stochastic_d': 5, 'stochastic_lower': 16, 'stochastic_upper': 57, 'en_mfi': True, 'mfi_n': 61, 'mfi_lower': 26, 'mfi_upper': 68, 'en_bollinger': False, 'bollinger_n': 198, 'bollinger_k': 1.6, 'en_adx': False, 'adx_n': 48, 'adx_threshold': 31, 'en_structure_trend': False, 'structure_trend_swing_l': 10, 'en_order_block': False, 'order_block_swing_l': 11, 'en_fvg': False, 'fvg_lookback': 36, 'en_ifvg': False, 'en_breaker': False, 'breaker_swing_l': 17, 'en_cisd': False, 'k': 4, 'en_cap_bars': False, 'cap_1min': 608}.
[I 2026-07-13 17:24:47,458] Trial 276 finished with values: [1169.0380261202881, -2219.2748121685145, 44.8] and parameters: {'sl_soft': 29.956061875350898, 'sl_hard_delta': 15.68658300542352, 'tp': 60.7151636639241, 'gate_pct': 74.50813821223942, 'dd_limit': 8273.571624321177, 'cooldown': 27, 'flip': True, 'en_ema_trend': True, 'ema_trend_fast': 55, 'ema_trend_slow': 291, 'en_sma_trend': True, 'sma_trend_fast': 142, 'sma_trend_slow': 384, 'en_macd': True, 'macd_fast': 51, 'macd_slow': 160, 'macd_signal': 41, 'en_vwap': True, 'en_keltner': False, 'keltner_n': 171, 'keltner_m': 1.7000000000000002, 'en_obv': True, 'obv_slope': 31, 'en_cci': True, 'cci_n': 33, 'cci_threshold': 25, 'en_rsi': True, 'rsi_n': 99, 'rsi_lower': 46, 'rsi_upper': 57, 'en_stochastic': False, 'stochastic_n': 33, 'stochastic_d': 7, 'stochastic_lower': 33, 'stochastic_upper': 62, 'en_mfi': False, 'mfi_n': 26, 'mfi_lower': 21, 'mfi_upper': 61, 'en_bollinger': False, 'bollinger_n': 198, 'bollinger_k': 2.0, 'en_adx': False, 'adx_n': 71, 'adx_threshold': 9, 'en_structure_trend': False, 'structure_trend_swing_l': 19, 'en_order_block': False, 'order_block_swing_l': 1, 'en_fvg': False, 'fvg_lookback': 10, 'en_ifvg': True, 'en_breaker': False, 'breaker_swing_l': 20, 'en_cisd': True, 'k': 3, 'en_cap_bars': True, 'cap_1min': 801}.
[I 2026-07-13 17:24:48,448] Trial 277 pruned. 
[I 2026-07-13 17:24:49,853] Trial 278 pruned. 
