[I 2026-07-13 17:29:18,767] Trial 404 finished with values: [43.141352289385395, -1108.1710197633947, 45.85] and parameters: {'sl_soft': 19.289853645196, 'sl_hard_delta': 29.603258995022124, 'tp': 42.717340442581346, 'gate_pct': 39.05573574892481, 'dd_limit': 1121.9875593457837, 'cooldown': 5, 'flip': True, 'en_ema_trend': True, 'ema_trend_fast': 282, 'ema_trend_slow': 135, 'en_sma_trend': False, 'sma_trend_fast': 330, 'sma_trend_slow': 314, 'en_macd': False, 'macd_fast': 88, 'macd_slow': 6, 'macd_signal': 100, 'en_vwap': False, 'en_keltner': True, 'keltner_n': 135, 'keltner_m': 4.5, 'en_obv': True, 'obv_slope': 177, 'en_cci': False, 'cci_n': 182, 'cci_threshold': 205, 'en_rsi': True, 'rsi_n': 41, 'rsi_lower': 39, 'rsi_upper': 98, 'en_stochastic': False, 'stochastic_n': 14, 'stochastic_d': 48, 'stochastic_lower': 2, 'stochastic_upper': 75, 'en_mfi': False, 'mfi_n': 45, 'mfi_lower': 10, 'mfi_upper': 95, 'en_bollinger': False, 'bollinger_n': 10, 'bollinger_k': 2.7, 'en_adx': False, 'adx_n': 73, 'adx_threshold': 20, 'en_structure_trend': True, 'structure_trend_swing_l': 3, 'en_order_block': True, 'order_block_swing_l': 9, 'en_fvg': True, 'fvg_lookback': 10, 'en_ifvg': False, 'en_breaker': True, 'breaker_swing_l': 15, 'en_cisd': False, 'k': 5, 'en_cap_bars': True, 'cap_1min': 85}.
[I 2026-07-13 17:29:25,161] Trial 405 finished with values: [286.0911824383038, -780.0, 48.1] and parameters: {'sl_soft': 29.956061875350898, 'sl_hard_delta': 42.2746926827138, 'tp': 60.7151636639241, 'gate_pct': 76.55976188692937, 'dd_limit': 7599.859331372681, 'cooldown': 12, 'flip': True, 'en_ema_trend': True, 'ema_trend_fast': 41, 'ema_trend_slow': 139, 'en_sma_trend': True, 'sma_trend_fast': 330, 'sma_trend_slow': 329, 'en_macd': False, 'macd_fast': 51, 'macd_slow': 116, 'macd_signal': 41, 'en_vwap': True, 'en_keltner': True, 'keltner_n': 137, 'keltner_m': 4.1, 'en_obv': True, 'obv_slope': 31, 'en_cci': False, 'cci_n': 94, 'cci_threshold': 195, 'en_rsi': True, 'rsi_n': 99, 'rsi_lower': 25, 'rsi_upper': 57, 'en_stochastic': True, 'stochastic_n': 33, 'stochastic_d': 31, 'stochastic_lower': 33, 'stochastic_upper': 62, 'en_mfi': True, 'mfi_n': 7, 'mfi_lower': 28, 'mfi_upper': 53, 'en_bollinger': False, 'bollinger_n': 69, 'bollinger_k': 2.0, 'en_adx': False, 'adx_n': 71, 'adx_threshold': 55, 'en_structure_trend': False, 'structure_trend_swing_l': 18, 'en_order_block': False, 'order_block_swing_l': 1, 'en_fvg': True, 'fvg_lookback': 36, 'en_ifvg': True, 'en_breaker': True, 'breaker_swing_l': 17, 'en_cisd': False, 'k': 4, 'en_cap_bars': False, 'cap_1min': 608}.
[I 2026-07-13 17:29:25,401] Trial 406 finished with values: [483.627511839004, -679.0949945358443, 53.55] and parameters: {'sl_soft': 13.526565860109505, 'sl_hard_delta': 39.19102298351814, 'tp': 41.72700036427423, 'gate_pct': 77.7098229275783, 'dd_limit': 1393.7003097166044, 'cooldown': 2, 'flip': True, 'en_ema_trend': True, 'ema_trend_fast': 117, 'ema_trend_slow': 88, 'en_sma_trend': True, 'sma_trend_fast': 154, 'sma_trend_slow': 265, 'en_macd': True, 'macd_fast': 3, 'macd_slow': 24, 'macd_signal': 66, 'en_vwap': False, 'en_keltner': True, 'keltner_n': 168, 'keltner_m': 3.7, 'en_obv': False, 'obv_slope': 15, 'en_cci': False, 'cci_n': 188, 'cci_threshold': 155, 'en_rsi': True, 'rsi_n': 46, 'rsi_lower': 43, 'rsi_upper': 63, 'en_stochastic': True, 'stochastic_n': 56, 'stochastic_d': 12, 'stochastic_lower': 33, 'stochastic_upper': 57, 'en_mfi': True, 'mfi_n': 25, 'mfi_lower': 19, 'mfi_upper': 79, 'en_bollinger': True, 'bollinger_n': 175, 'bollinger_k': 4.8, 'en_adx': False, 'adx_n': 54, 'adx_threshold': 7, 'en_structure_trend': True, 'structure_trend_swing_l': 7, 'en_order_block': False, 'order_block_swing_l': 16, 'en_fvg': True, 'fvg_lookback': 38, 'en_ifvg': False, 'en_breaker': False, 'breaker_swing_l': 7, 'en_cisd': True, 'k': 4, 'en_cap_bars': True, 'cap_1min': 772}.
[I 2026-07-13 17:29:27,578] Trial 407 finished with values: [2615.6347358149105, -3215.3102059505545, 43.65] and parameters: {'sl_soft': 29.956061875350898, 'sl_hard_delta': 15.68658300542352, 'tp': 60.7151636639241, 'gate_pct': 74.50813821223942, 'dd_limit': 9508.627019250667, 'cooldown': 27, 'flip': True, 'en_ema_trend': True, 'ema_trend_fast': 41, 'ema_trend_slow': 291, 'en_sma_trend': True, 'sma_trend_fast': 7, 'sma_trend_slow': 329, 'en_macd': True, 'macd_fast': 51, 'macd_slow': 53, 'macd_signal': 41, 'en_vwap': False, 'en_keltner': True, 'keltner_n': 171, 'keltner_m': 1.7000000000000002, 'en_obv': True, 'obv_slope': 31, 'en_cci': False, 'cci_n': 33, 'cci_threshold': 25, 'en_rsi': False, 'rsi_n': 23, 'rsi_lower': 46, 'rsi_upper': 57, 'en_stochastic': False, 'stochastic_n': 33, 'stochastic_d': 7, 'stochastic_lower': 33, 'stochastic_upper': 62, 'en_mfi': False, 'mfi_n': 90, 'mfi_lower': 21, 'mfi_upper': 65, 'en_bollinger': False, 'bollinger_n': 198, 'bollinger_k': 2.0, 'en_adx': False, 'adx_n': 71, 'adx_threshold': 32, 'en_structure_trend': False, 'structure_trend_swing_l': 19, 'en_order_block': False, 'order_block_swing_l': 1, 'en_fvg': False, 'fvg_lookback': 47, 'en_ifvg': True, 'en_breaker': True, 'breaker_swing_l': 10, 'en_cisd': True, 'k': 3, 'en_cap_bars': True, 'cap_1min': 801}.
[I 2026-07-13 17:29:28,471] Trial 408 finished with values: [929.3074792860534, -1331.8904948688214, 40.3] and parameters: {'sl_soft': 11.097581488766851, 'sl_hard_delta': 42.2746926827138, 'tp': 42.717340442581346, 'gate_pct': 84.68288014900352, 'dd_limit': 9571.486532588566, 'cooldown': 13, 'flip': True, 'en_ema_trend': True, 'ema_trend_fast': 183, 'ema_trend_slow': 250, 'en_sma_trend': False, 'sma_trend_fast': 128, 'sma_trend_slow': 396, 'en_macd': False, 'macd_fast': 32, 'macd_slow': 167, 'macd_signal': 100, 'en_vwap': False, 'en_keltner': False, 'keltner_n': 135, 'keltner_m': 3.8000000000000003, 'en_obv': True, 'obv_slope': 186, 'en_cci': False, 'cci_n': 63, 'cci_threshold': 205, 'en_rsi': False, 'rsi_n': 8, 'rsi_lower': 29, 'rsi_upper': 84, 'en_stochastic': False, 'stochastic_n': 99, 'stochastic_d': 31, 'stochastic_lower': 36, 'stochastic_upper': 75, 'en_mfi': True, 'mfi_n': 66, 'mfi_lower': 28, 'mfi_upper': 68, 'en_bollinger': False, 'bollinger_n': 53, 'bollinger_k': 2.7, 'en_adx': False, 'adx_n': 59, 'adx_threshold': 55, 'en_structure_trend': True, 'structure_trend_swing_l': 18, 'en_order_block': False, 'order_block_swing_l': 10, 'en_fvg': True, 'fvg_lookback': 15, 'en_ifvg': True, 'en_breaker': False, 'breaker_swing_l': 15, 'en_cisd': True, 'k': 5, 'en_cap_bars': True, 'cap_1min': 1388}.
[I 2026-07-13 17:29:33,496] Trial 409 finished with values: [215.41026469509234, -1397.5362333172234, 38.0] and parameters: {'sl_soft': 13.526565860109505, 'sl_hard_delta': 15.421376415097182, 'tp': 41.72700036427423, 'gate_pct': 84.18980078267379, 'dd_limit': 1393.7003097166044, 'cooldown': 3, 'flip': True, 'en_ema_trend': False, 'ema_trend_fast': 230, 'ema_trend_slow': 58, 'en_sma_trend': False, 'sma_trend_fast': 168, 'sma_trend_slow': 265, 'en_macd': True, 'macd_fast': 3, 'macd_slow': 24, 'macd_signal': 66, 'en_vwap': True, 'en_keltner': False, 'keltner_n': 168, 'keltner_m': 3.7, 'en_obv': False, 'obv_slope': 92, 'en_cci': False, 'cci_n': 44, 'cci_threshold': 145, 'en_rsi': True, 'rsi_n': 46, 'rsi_lower': 43, 'rsi_upper': 63, 'en_stochastic': True, 'stochastic_n': 56, 'stochastic_d': 12, 'stochastic_lower': 2, 'stochastic_upper': 57, 'en_mfi': False, 'mfi_n': 25, 'mfi_lower': 19, 'mfi_upper': 79, 'en_bollinger': True, 'bollinger_n': 22, 'bollinger_k': 4.8, 'en_adx': True, 'adx_n': 11, 'adx_threshold': 19, 'en_structure_trend': True, 'structure_trend_swing_l': 20, 'en_order_block': True, 'order_block_swing_l': 15, 'en_fvg': True, 'fvg_lookback': 38, 'en_ifvg': False, 'en_breaker': False, 'breaker_swing_l': 7, 'en_cisd': True, 'k': 4, 'en_cap_bars': True, 'cap_1min': 772}.
[I 2026-07-13 17:29:34,218] Trial 410 finished with values: [401.74074527822086, -505.0, 38.6] and parameters: {'sl_soft': 11.12614505063558, 'sl_hard_delta': 15.68658300542352, 'tp': 46.56962981112915, 'gate_pct': 26.3517884829504, 'dd_limit': 9508.627019250667, 'cooldown': 12, 'flip': True, 'en_ema_trend': False, 'ema_trend_fast': 41, 'ema_trend_slow': 346, 'en_sma_trend': False, 'sma_trend_fast': 7, 'sma_trend_slow': 329, 'en_macd': False, 'macd_fast': 44, 'macd_slow': 53, 'macd_signal': 41, 'en_vwap': False, 'en_keltner': True, 'keltner_n': 94, 'keltner_m': 4.1, 'en_obv': True, 'obv_slope': 160, 'en_cci': False, 'cci_n': 33, 'cci_threshold': 145, 'en_rsi': False, 'rsi_n': 23, 'rsi_lower': 13, 'rsi_upper': 57, 'en_stochastic': False, 'stochastic_n': 63, 'stochastic_d': 36, 'stochastic_lower': 33, 'stochastic_upper': 62, 'en_mfi': False, 'mfi_n': 90, 'mfi_lower': 8, 'mfi_upper': 65, 'en_bollinger': True, 'bollinger_n': 166, 'bollinger_k': 3.9000000000000004, 'en_adx': False, 'adx_n': 71, 'adx_threshold': 32, 'en_structure_trend': True, 'structure_trend_swing_l': 14, 'en_order_block': False, 'order_block_swing_l': 19, 'en_fvg': True, 'fvg_lookback': 47, 'en_ifvg': False, 'en_breaker': True, 'breaker_swing_l': 10, 'en_cisd': False, 'k': 4, 'en_cap_bars': False, 'cap_1min': 3}.
[I 2026-07-13 17:29:35,539] Trial 411 finished with values: [-630.0034928820787, -1225.51260725686, 22.049999999999997] and parameters: {'sl_soft': 11.097581488766851, 'sl_hard_delta': 29.603258995022124, 'tp': 51.099967254759335, 'gate_pct': 39.05573574892481, 'dd_limit': 7394.721751419064, 'cooldown': 5, 'flip': True, 'en_ema_trend': True, 'ema_trend_fast': 183, 'ema_trend_slow': 334, 'en_sma_trend': False, 'sma_trend_fast': 99, 'sma_trend_slow': 232, 'en_macd': False, 'macd_fast': 91, 'macd_slow': 116, 'macd_signal': 1, 'en_vwap': False, 'en_keltner': False, 'keltner_n': 137, 'keltner_m': 0.9, 'en_obv': False, 'obv_slope': 186, 'en_cci': False, 'cci_n': 94, 'cci_threshold': 195, 'en_rsi': False, 'rsi_n': 8, 'rsi_lower': 7, 'rsi_upper': 75, 'en_stochastic': False, 'stochastic_n': 71, 'stochastic_d': 31, 'stochastic_lower': 45, 'stochastic_upper': 52, 'en_mfi': True, 'mfi_n': 61, 'mfi_lower': 19, 'mfi_upper': 95, 'en_bollinger': False, 'bollinger_n': 107, 'bollinger_k': 2.7, 'en_adx': False, 'adx_n': 59, 'adx_threshold': 55, 'en_structure_trend': True, 'structure_trend_swing_l': 3, 'en_order_block': False, 'order_block_swing_l': 9, 'en_fvg': True, 'fvg_lookback': 38, 'en_ifvg': False, 'en_breaker': False, 'breaker_swing_l': 17, 'en_cisd': False, 'k': 1, 'en_cap_bars': False, 'cap_1min': 608}.
[I 2026-07-13 17:29:35,949] Trial 412 finished with values: [2320.0244562943953, -1689.532635508367, 65.80000000000001] and parameters: {'sl_soft': 37.49132233815045, 'sl_hard_delta': 15.421376415097182, 'tp': 29.99703976361623, 'gate_pct': 92.80779954528938, 'dd_limit': 6200.963660003925, 'cooldown': 3, 'flip': True, 'en_ema_trend': False, 'ema_trend_fast': 271, 'ema_trend_slow': 274, 'en_sma_trend': False, 'sma_trend_fast': 357, 'sma_trend_slow': 263, 'en_macd': False, 'macd_fast': 91, 'macd_slow': 190, 'macd_signal': 61, 'en_vwap': True, 'en_keltner': True, 'keltner_n': 73, 'keltner_m': 4.1, 'en_obv': False, 'obv_slope': 167, 'en_cci': False, 'cci_n': 143, 'cci_threshold': 65, 'en_rsi': False, 'rsi_n': 80, 'rsi_lower': 3, 'rsi_upper': 57, 'en_stochastic': False, 'stochastic_n': 66, 'stochastic_d': 34, 'stochastic_lower': 45, 'stochastic_upper': 86, 'en_mfi': False, 'mfi_n': 80, 'mfi_lower': 12, 'mfi_upper': 79, 'en_bollinger': True, 'bollinger_n': 136, 'bollinger_k': 1.8, 'en_adx': False, 'adx_n': 11, 'adx_threshold': 32, 'en_structure_trend': True, 'structure_trend_swing_l': 20, 'en_order_block': False, 'order_block_swing_l': 15, 'en_fvg': True, 'fvg_lookback': 6, 'en_ifvg': True, 'en_breaker': False, 'breaker_swing_l': 10, 'en_cisd': True, 'k': 1, 'en_cap_bars': False, 'cap_1min': 332}.
[I 2026-07-13 17:29:38,508] Trial 413 finished with values: [431.67778866773006, -2362.974062276626, 38.1] and parameters: {'sl_soft': 16.38720937773672, 'sl_hard_delta': 57.09095784154005, 'tp': 46.56962981112915, 'gate_pct': 74.50813821223942, 'dd_limit': 2327.713141817985, 'cooldown': 19, 'flip': True, 'en_ema_trend': True, 'ema_trend_fast': 23, 'ema_trend_slow': 196, 'en_sma_trend': True, 'sma_trend_fast': 128, 'sma_trend_slow': 329, 'en_macd': True, 'macd_fast': 80, 'macd_slow': 150, 'macd_signal': 61, 'en_vwap': True, 'en_keltner': True, 'keltner_n': 171, 'keltner_m': 1.7000000000000002, 'en_obv': False, 'obv_slope': 19, 'en_cci': True, 'cci_n': 37, 'cci_threshold': 50, 'en_rsi': False, 'rsi_n': 49, 'rsi_lower': 13, 'rsi_upper': 95, 'en_stochastic': False, 'stochastic_n': 25, 'stochastic_d': 7, 'stochastic_lower': 36, 'stochastic_upper': 62, 'en_mfi': True, 'mfi_n': 26, 'mfi_lower': 24, 'mfi_upper': 65, 'en_bollinger': False, 'bollinger_n': 186, 'bollinger_k': 3.2, 'en_adx': True, 'adx_n': 47, 'adx_threshold': 12, 'en_structure_trend': False, 'structure_trend_swing_l': 14, 'en_order_block': False, 'order_block_swing_l': 11, 'en_fvg': True, 'fvg_lookback': 47, 'en_ifvg': True, 'en_breaker': False, 'breaker_swing_l': 19, 'en_cisd': False, 'k': 4, 'en_cap_bars': True, 'cap_1min': 332}.
[I 2026-07-13 17:29:38,821] Trial 414 finished with values: [693.8082637487969, -922.7640164373588, 53.8] and parameters: {'sl_soft': 19.656888620177444, 'sl_hard_delta': 38.89591466729796, 'tp': 34.46883891078241, 'gate_pct': 76.55976188692937, 'dd_limit': 928.2439984695909, 'cooldown': 12, 'flip': True, 'en_ema_trend': True, 'ema_trend_fast': 208, 'ema_trend_slow': 139, 'en_sma_trend': True, 'sma_trend_fast': 266, 'sma_trend_slow': 143, 'en_macd': True, 'macd_fast': 93, 'macd_slow': 48, 'macd_signal': 1, 'en_vwap': True, 'en_keltner': False, 'keltner_n': 137, 'keltner_m': 3.8000000000000003, 'en_obv': False, 'obv_slope': 8, 'en_cci': False, 'cci_n': 94, 'cci_threshold': 195, 'en_rsi': True, 'rsi_n': 67, 'rsi_lower': 7, 'rsi_upper': 69, 'en_stochastic': True, 'stochastic_n': 22, 'stochastic_d': 5, 'stochastic_lower': 16, 'stochastic_upper': 57, 'en_mfi': True, 'mfi_n': 61, 'mfi_lower': 10, 'mfi_upper': 68, 'en_bollinger': False, 'bollinger_n': 69, 'bollinger_k': 1.6, 'en_adx': False, 'adx_n': 48, 'adx_threshold': 19, 'en_structure_trend': False, 'structure_trend_swing_l': 10, 'en_order_block': True, 'order_block_swing_l': 9, 'en_fvg': False, 'fvg_lookback': 36, 'en_ifvg': False, 'en_breaker': False, 'breaker_swing_l': 17, 'en_cisd': False, 'k': 4, 'en_cap_bars': False, 'cap_1min': 608}.
[I 2026-07-13 17:29:39,829] Trial 415 pruned. 
[I 2026-07-13 17:29:41,733] Trial 416 pruned. 
[I 2026-07-13 17:29:42,692] Trial 417 pruned. 
[I 2026-07-13 17:29:53,200] Trial 418 finished with values: [1332.0958618479199, -1144.4666896430863, 56.3] and parameters: {'sl_soft': 37.70785148563192, 'sl_hard_delta': 14.73881747867879, 'tp': 51.51173209162248, 'gate_pct': 84.18980078267379, 'dd_limit': 6200.963660003925, 'cooldown': 15, 'flip': True, 'en_ema_trend': False, 'ema_trend_fast': 230, 'ema_trend_slow': 58, 'en_sma_trend': True, 'sma_trend_fast': 145, 'sma_trend_slow': 400, 'en_macd': True, 'macd_fast': 20, 'macd_slow': 24, 'macd_signal': 11, 'en_vwap': True, 'en_keltner': False, 'keltner_n': 88, 'keltner_m': 1.5, 'en_obv': True, 'obv_slope': 92, 'en_cci': False, 'cci_n': 44, 'cci_threshold': 145, 'en_rsi': False, 'rsi_n': 80, 'rsi_lower': 43, 'rsi_upper': 68, 'en_stochastic': True, 'stochastic_n': 66, 'stochastic_d': 13, 'stochastic_lower': 42, 'stochastic_upper': 90, 'en_mfi': False, 'mfi_n': 20, 'mfi_lower': 42, 'mfi_upper': 79, 'en_bollinger': True, 'bollinger_n': 22, 'bollinger_k': 0.5, 'en_adx': True, 'adx_n': 11, 'adx_threshold': 18, 'en_structure_trend': True, 'structure_trend_swing_l': 4, 'en_order_block': False, 'order_block_swing_l': 15, 'en_fvg': True, 'fvg_lookback': 16, 'en_ifvg': False, 'en_breaker': False, 'breaker_swing_l': 10, 'en_cisd': True, 'k': 3, 'en_cap_bars': True, 'cap_1min': 1208}.
[I 2026-07-13 17:30:00,634] Trial 419 finished with values: [-599.8694851302207, -1863.6074037774233, 29.05] and parameters: {'sl_soft': 11.097581488766851, 'sl_hard_delta': 57.09095784154005, 'tp': 46.56962981112915, 'gate_pct': 74.50813821223942, 'dd_limit': 1393.7003097166044, 'cooldown': 2, 'flip': True, 'en_ema_trend': True, 'ema_trend_fast': 200, 'ema_trend_slow': 250, 'en_sma_trend': True, 'sma_trend_fast': 154, 'sma_trend_slow': 263, 'en_macd': True, 'macd_fast': 91, 'macd_slow': 116, 'macd_signal': 66, 'en_vwap': True, 'en_keltner': True, 'keltner_n': 73, 'keltner_m': 1.7000000000000002, 'en_obv': False, 'obv_slope': 15, 'en_cci': False, 'cci_n': 195, 'cci_threshold': 115, 'en_rsi': False, 'rsi_n': 46, 'rsi_lower': 13, 'rsi_upper': 91, 'en_stochastic': True, 'stochastic_n': 71, 'stochastic_d': 12, 'stochastic_lower': 2, 'stochastic_upper': 52, 'en_mfi': True, 'mfi_n': 26, 'mfi_lower': 19, 'mfi_upper': 79, 'en_bollinger': False, 'bollinger_n': 187, 'bollinger_k': 2.6, 'en_adx': False, 'adx_n': 81, 'adx_threshold': 55, 'en_structure_trend': True, 'structure_trend_swing_l': 7, 'en_order_block': True, 'order_block_swing_l': 11, 'en_fvg': True, 'fvg_lookback': 33, 'en_ifvg': False, 'en_breaker': False, 'breaker_swing_l': 1, 'en_cisd': False, 'k': 1, 'en_cap_bars': True, 'cap_1min': 1388}.
[I 2026-07-13 17:30:00,951] Trial 420 finished with values: [-32.26273539954491, -1146.3666457386717, 38.849999999999994] and parameters: {'sl_soft': 13.526565860109505, 'sl_hard_delta': 57.09095784154005, 'tp': 34.46883891078241, 'gate_pct': 49.958417067888604, 'dd_limit': 7287.8670146700415, 'cooldown': 12, 'flip': True, 'en_ema_trend': True, 'ema_trend_fast': 200, 'ema_trend_slow': 250, 'en_sma_trend': True, 'sma_trend_fast': 330, 'sma_trend_slow': 232, 'en_macd': False, 'macd_fast': 91, 'macd_slow': 151, 'macd_signal': 66, 'en_vwap': True, 'en_keltner': True, 'keltner_n': 73, 'keltner_m': 4.300000000000001, 'en_obv': True, 'obv_slope': 15, 'en_cci': False, 'cci_n': 195, 'cci_threshold': 155, 'en_rsi': False, 'rsi_n': 8, 'rsi_lower': 15, 'rsi_upper': 88, 'en_stochastic': False, 'stochastic_n': 71, 'stochastic_d': 12, 'stochastic_lower': 2, 'stochastic_upper': 52, 'en_mfi': True, 'mfi_n': 26, 'mfi_lower': 19, 'mfi_upper': 79, 'en_bollinger': False, 'bollinger_n': 69, 'bollinger_k': 2.6, 'en_adx': False, 'adx_n': 81, 'adx_threshold': 55, 'en_structure_trend': True, 'structure_trend_swing_l': 10, 'en_order_block': False, 'order_block_swing_l': 11, 'en_fvg': False, 'fvg_lookback': 38, 'en_ifvg': True, 'en_breaker': True, 'breaker_swing_l': 7, 'en_cisd': True, 'k': 1, 'en_cap_bars': False, 'cap_1min': 1002}.
[I 2026-07-13 17:30:06,611] Trial 421 finished with values: [409.1618524972, -512.0751141676737, 41.9] and parameters: {'sl_soft': 19.289853645196, 'sl_hard_delta': 6.313902063185736, 'tp': 51.51173209162248, 'gate_pct': 84.18980078267379, 'dd_limit': 6200.963660003925, 'cooldown': 0, 'flip': True, 'en_ema_trend': True, 'ema_trend_fast': 230, 'ema_trend_slow': 58, 'en_sma_trend': False, 'sma_trend_fast': 168, 'sma_trend_slow': 163, 'en_macd': True, 'macd_fast': 26, 'macd_slow': 24, 'macd_signal': 100, 'en_vwap': True, 'en_keltner': True, 'keltner_n': 115, 'keltner_m': 4.5, 'en_obv': True, 'obv_slope': 92, 'en_cci': False, 'cci_n': 182, 'cci_threshold': 145, 'en_rsi': False, 'rsi_n': 80, 'rsi_lower': 43, 'rsi_upper': 98, 'en_stochastic': False, 'stochastic_n': 66, 'stochastic_d': 2, 'stochastic_lower': 2, 'stochastic_upper': 86, 'en_mfi': False, 'mfi_n': 71, 'mfi_lower': 42, 'mfi_upper': 93, 'en_bollinger': True, 'bollinger_n': 22, 'bollinger_k': 3.0, 'en_adx': True, 'adx_n': 73, 'adx_threshold': 19, 'en_structure_trend': True, 'structure_trend_swing_l': 20, 'en_order_block': True, 'order_block_swing_l': 9, 'en_fvg': True, 'fvg_lookback': 16, 'en_ifvg': False, 'en_breaker': True, 'breaker_swing_l': 10, 'en_cisd': True, 'k': 5, 'en_cap_bars': True, 'cap_1min': 1388}.
[I 2026-07-13 17:30:14,436] Trial 422 finished with values: [-35.54394151258748, -774.9851357048101, 46.45] and parameters: {'sl_soft': 11.097581488766851, 'sl_hard_delta': 42.2746926827138, 'tp': 22.093811757633084, 'gate_pct': 76.55976188692937, 'dd_limit': 928.2439984695909, 'cooldown': 12, 'flip': True, 'en_ema_trend': True, 'ema_trend_fast': 183, 'ema_trend_slow': 250, 'en_sma_trend': True, 'sma_trend_fast': 266, 'sma_trend_slow': 143, 'en_macd': True, 'macd_fast': 91, 'macd_slow': 116, 'macd_signal': 1, 'en_vwap': True, 'en_keltner': False, 'keltner_n': 137, 'keltner_m': 4.6000000000000005, 'en_obv': False, 'obv_slope': 8, 'en_cci': False, 'cci_n': 94, 'cci_threshold': 195, 'en_rsi': True, 'rsi_n': 67, 'rsi_lower': 7, 'rsi_upper': 87, 'en_stochastic': True, 'stochastic_n': 71, 'stochastic_d': 31, 'stochastic_lower': 2, 'stochastic_upper': 57, 'en_mfi': True, 'mfi_n': 61, 'mfi_lower': 10, 'mfi_upper': 92, 'en_bollinger': False, 'bollinger_n': 69, 'bollinger_k': 1.8, 'en_adx': False, 'adx_n': 81, 'adx_threshold': 55, 'en_structure_trend': True, 'structure_trend_swing_l': 18, 'en_order_block': False, 'order_block_swing_l': 9, 'en_fvg': True, 'fvg_lookback': 36, 'en_ifvg': True, 'en_breaker': False, 'breaker_swing_l': 17, 'en_cisd': False, 'k': 4, 'en_cap_bars': False, 'cap_1min': 608}.
[I 2026-07-13 17:30:15,889] Trial 423 pruned. 
