[I 2026-07-13 17:54:32,553] Trial 1674 finished with values: [999.3024319239521, -435.0, 56.55] and parameters: {'sl_soft': 18.688123795390414, 'sl_hard_delta': 38.89591466729796, 'tp': 34.46883891078241, 'gate_pct': 33.41518335180748, 'dd_limit': 9571.486532588566, 'cooldown': 21, 'flip': True, 'en_ema_trend': True, 'ema_trend_fast': 29, 'ema_trend_slow': 274, 'en_sma_trend': False, 'sma_trend_fast': 128, 'sma_trend_slow': 381, 'en_macd': False, 'macd_fast': 91, 'macd_slow': 48, 'macd_signal': 3, 'en_vwap': True, 'en_keltner': True, 'keltner_n': 171, 'keltner_m': 3.8000000000000003, 'en_obv': False, 'obv_slope': 167, 'en_cci': False, 'cci_n': 143, 'cci_threshold': 205, 'en_rsi': False, 'rsi_n': 74, 'rsi_lower': 15, 'rsi_upper': 84, 'en_stochastic': False, 'stochastic_n': 68, 'stochastic_d': 4, 'stochastic_lower': 2, 'stochastic_upper': 72, 'en_mfi': True, 'mfi_n': 61, 'mfi_lower': 24, 'mfi_upper': 92, 'en_bollinger': False, 'bollinger_n': 118, 'bollinger_k': 3.2, 'en_adx': False, 'adx_n': 81, 'adx_threshold': 55, 'en_structure_trend': True, 'structure_trend_swing_l': 18, 'en_order_block': False, 'order_block_swing_l': 11, 'en_fvg': True, 'fvg_lookback': 47, 'en_ifvg': False, 'en_breaker': True, 'breaker_swing_l': 10, 'en_cisd': True, 'k': 4, 'en_cap_bars': True, 'cap_1min': 412}.
[I 2026-07-13 17:54:33,011] Trial 1675 finished with values: [1804.8277877578585, -1040.0, 51.8] and parameters: {'sl_soft': 18.688123795390414, 'sl_hard_delta': 38.89591466729796, 'tp': 34.46883891078241, 'gate_pct': 76.55976188692937, 'dd_limit': 928.2439984695909, 'cooldown': 12, 'flip': True, 'en_ema_trend': True, 'ema_trend_fast': 29, 'ema_trend_slow': 230, 'en_sma_trend': False, 'sma_trend_fast': 128, 'sma_trend_slow': 93, 'en_macd': False, 'macd_fast': 91, 'macd_slow': 53, 'macd_signal': 28, 'en_vwap': True, 'en_keltner': True, 'keltner_n': 171, 'keltner_m': 3.8000000000000003, 'en_obv': False, 'obv_slope': 186, 'en_cci': False, 'cci_n': 143, 'cci_threshold': 145, 'en_rsi': False, 'rsi_n': 74, 'rsi_lower': 7, 'rsi_upper': 84, 'en_stochastic': False, 'stochastic_n': 99, 'stochastic_d': 31, 'stochastic_lower': 2, 'stochastic_upper': 97, 'en_mfi': True, 'mfi_n': 61, 'mfi_lower': 26, 'mfi_upper': 92, 'en_bollinger': False, 'bollinger_n': 175, 'bollinger_k': 3.0, 'en_adx': False, 'adx_n': 81, 'adx_threshold': 55, 'en_structure_trend': True, 'structure_trend_swing_l': 18, 'en_order_block': False, 'order_block_swing_l': 11, 'en_fvg': False, 'fvg_lookback': 15, 'en_ifvg': False, 'en_breaker': True, 'breaker_swing_l': 17, 'en_cisd': True, 'k': 5, 'en_cap_bars': True, 'cap_1min': 412}.
[I 2026-07-13 17:54:33,535] Trial 1676 pruned. 
[I 2026-07-13 17:54:33,864] Trial 1677 finished with values: [2880.0132504783323, -1884.0540166498977, 43.400000000000006] and parameters: {'sl_soft': 18.688123795390414, 'sl_hard_delta': 30.58576896222732, 'tp': 51.51173209162248, 'gate_pct': 84.68288014900352, 'dd_limit': 7287.8670146700415, 'cooldown': 12, 'flip': True, 'en_ema_trend': False, 'ema_trend_fast': 208, 'ema_trend_slow': 250, 'en_sma_trend': False, 'sma_trend_fast': 99, 'sma_trend_slow': 143, 'en_macd': False, 'macd_fast': 87, 'macd_slow': 150, 'macd_signal': 1, 'en_vwap': True, 'en_keltner': False, 'keltner_n': 73, 'keltner_m': 4.6000000000000005, 'en_obv': True, 'obv_slope': 186, 'en_cci': False, 'cci_n': 143, 'cci_threshold': 195, 'en_rsi': True, 'rsi_n': 74, 'rsi_lower': 15, 'rsi_upper': 91, 'en_stochastic': False, 'stochastic_n': 99, 'stochastic_d': 4, 'stochastic_lower': 33, 'stochastic_upper': 52, 'en_mfi': True, 'mfi_n': 61, 'mfi_lower': 26, 'mfi_upper': 93, 'en_bollinger': False, 'bollinger_n': 69, 'bollinger_k': 1.8, 'en_adx': False, 'adx_n': 73, 'adx_threshold': 55, 'en_structure_trend': True, 'structure_trend_swing_l': 18, 'en_order_block': False, 'order_block_swing_l': 11, 'en_fvg': False, 'fvg_lookback': 36, 'en_ifvg': False, 'en_breaker': True, 'breaker_swing_l': 15, 'en_cisd': True, 'k': 4, 'en_cap_bars': True, 'cap_1min': 608}.
[I 2026-07-13 17:54:34,999] Trial 1678 finished with values: [682.2803199163172, -491.41329778707586, 44.150000000000006] and parameters: {'sl_soft': 16.38720937773672, 'sl_hard_delta': 43.05437771749679, 'tp': 42.717340442581346, 'gate_pct': 33.56638011646498, 'dd_limit': 2420.192344511619, 'cooldown': 12, 'flip': True, 'en_ema_trend': True, 'ema_trend_fast': 29, 'ema_trend_slow': 274, 'en_sma_trend': False, 'sma_trend_fast': 124, 'sma_trend_slow': 396, 'en_macd': False, 'macd_fast': 44, 'macd_slow': 48, 'macd_signal': 1, 'en_vwap': True, 'en_keltner': False, 'keltner_n': 137, 'keltner_m': 4.1, 'en_obv': True, 'obv_slope': 162, 'en_cci': False, 'cci_n': 143, 'cci_threshold': 145, 'en_rsi': True, 'rsi_n': 89, 'rsi_lower': 15, 'rsi_upper': 87, 'en_stochastic': False, 'stochastic_n': 99, 'stochastic_d': 4, 'stochastic_lower': 36, 'stochastic_upper': 86, 'en_mfi': True, 'mfi_n': 71, 'mfi_lower': 8, 'mfi_upper': 65, 'en_bollinger': False, 'bollinger_n': 118, 'bollinger_k': 3.2, 'en_adx': False, 'adx_n': 81, 'adx_threshold': 55, 'en_structure_trend': True, 'structure_trend_swing_l': 18, 'en_order_block': False, 'order_block_swing_l': 11, 'en_fvg': True, 'fvg_lookback': 47, 'en_ifvg': False, 'en_breaker': False, 'breaker_swing_l': 15, 'en_cisd': True, 'k': 5, 'en_cap_bars': True, 'cap_1min': 1208}.
[I 2026-07-13 17:54:36,962] Trial 1679 finished with values: [2048.7937548628906, -2291.094797443002, 64.95] and parameters: {'sl_soft': 41.80574247052053, 'sl_hard_delta': 6.313902063185736, 'tp': 42.717340442581346, 'gate_pct': 84.18980078267379, 'dd_limit': 6200.963660003925, 'cooldown': 0, 'flip': True, 'en_ema_trend': True, 'ema_trend_fast': 59, 'ema_trend_slow': 135, 'en_sma_trend': True, 'sma_trend_fast': 128, 'sma_trend_slow': 384, 'en_macd': True, 'macd_fast': 24, 'macd_slow': 150, 'macd_signal': 86, 'en_vwap': True, 'en_keltner': True, 'keltner_n': 7, 'keltner_m': 4.5, 'en_obv': True, 'obv_slope': 12, 'en_cci': False, 'cci_n': 182, 'cci_threshold': 145, 'en_rsi': False, 'rsi_n': 74, 'rsi_lower': 43, 'rsi_upper': 98, 'en_stochastic': False, 'stochastic_n': 8, 'stochastic_d': 2, 'stochastic_lower': 36, 'stochastic_upper': 57, 'en_mfi': True, 'mfi_n': 26, 'mfi_lower': 40, 'mfi_upper': 61, 'en_bollinger': False, 'bollinger_n': 22, 'bollinger_k': 3.7, 'en_adx': False, 'adx_n': 47, 'adx_threshold': 6, 'en_structure_trend': True, 'structure_trend_swing_l': 19, 'en_order_block': True, 'order_block_swing_l': 10, 'en_fvg': True, 'fvg_lookback': 24, 'en_ifvg': True, 'en_breaker': True, 'breaker_swing_l': 15, 'en_cisd': True, 'k': 3, 'en_cap_bars': True, 'cap_1min': 1002}.
[I 2026-07-13 17:54:37,251] Trial 1680 finished with values: [322.5, -135.0, 52.85] and parameters: {'sl_soft': 16.38720937773672, 'sl_hard_delta': 43.05437771749679, 'tp': 42.717340442581346, 'gate_pct': 33.41518335180748, 'dd_limit': 3617.657841686699, 'cooldown': 21, 'flip': True, 'en_ema_trend': True, 'ema_trend_fast': 29, 'ema_trend_slow': 274, 'en_sma_trend': False, 'sma_trend_fast': 92, 'sma_trend_slow': 396, 'en_macd': False, 'macd_fast': 87, 'macd_slow': 53, 'macd_signal': 100, 'en_vwap': True, 'en_keltner': True, 'keltner_n': 105, 'keltner_m': 2.3, 'en_obv': True, 'obv_slope': 186, 'en_cci': False, 'cci_n': 182, 'cci_threshold': 290, 'en_rsi': False, 'rsi_n': 89, 'rsi_lower': 15, 'rsi_upper': 80, 'en_stochastic': False, 'stochastic_n': 47, 'stochastic_d': 4, 'stochastic_lower': 36, 'stochastic_upper': 68, 'en_mfi': True, 'mfi_n': 66, 'mfi_lower': 24, 'mfi_upper': 65, 'en_bollinger': True, 'bollinger_n': 118, 'bollinger_k': 3.2, 'en_adx': False, 'adx_n': 71, 'adx_threshold': 55, 'en_structure_trend': True, 'structure_trend_swing_l': 18, 'en_order_block': False, 'order_block_swing_l': 11, 'en_fvg': True, 'fvg_lookback': 47, 'en_ifvg': False, 'en_breaker': False, 'breaker_swing_l': 15, 'en_cisd': True, 'k': 5, 'en_cap_bars': True, 'cap_1min': 3}.
[I 2026-07-13 17:54:37,583] Trial 1681 finished with values: [495.6847292582279, -331.11245113679615, 58.849999999999994] and parameters: {'sl_soft': 14.900093084042254, 'sl_hard_delta': 38.89591466729796, 'tp': 19.388754886316853, 'gate_pct': 33.56638011646498, 'dd_limit': 7287.8670146700415, 'cooldown': 12, 'flip': True, 'en_ema_trend': True, 'ema_trend_fast': 329, 'ema_trend_slow': 274, 'en_sma_trend': True, 'sma_trend_fast': 7, 'sma_trend_slow': 93, 'en_macd': False, 'macd_fast': 91, 'macd_slow': 150, 'macd_signal': 3, 'en_vwap': True, 'en_keltner': True, 'keltner_n': 88, 'keltner_m': 3.8000000000000003, 'en_obv': True, 'obv_slope': 186, 'en_cci': False, 'cci_n': 143, 'cci_threshold': 290, 'en_rsi': False, 'rsi_n': 74, 'rsi_lower': 7, 'rsi_upper': 84, 'en_stochastic': False, 'stochastic_n': 68, 'stochastic_d': 31, 'stochastic_lower': 36, 'stochastic_upper': 52, 'en_mfi': True, 'mfi_n': 61, 'mfi_lower': 26, 'mfi_upper': 92, 'en_bollinger': False, 'bollinger_n': 118, 'bollinger_k': 1.8, 'en_adx': False, 'adx_n': 81, 'adx_threshold': 55, 'en_structure_trend': True, 'structure_trend_swing_l': 18, 'en_order_block': False, 'order_block_swing_l': 11, 'en_fvg': True, 'fvg_lookback': 47, 'en_ifvg': False, 'en_breaker': True, 'breaker_swing_l': 10, 'en_cisd': True, 'k': 5, 'en_cap_bars': True, 'cap_1min': 412}.
[I 2026-07-13 17:54:37,963] Trial 1682 pruned. 
[I 2026-07-13 17:54:38,272] Trial 1683 pruned. 
[I 2026-07-13 17:54:43,733] Trial 1684 finished with values: [1243.9133531982588, -1754.2023598615924, 66.95] and parameters: {'sl_soft': 41.80574247052053, 'sl_hard_delta': 6.313902063185736, 'tp': 29.99703976361623, 'gate_pct': 92.80779954528938, 'dd_limit': 6200.963660003925, 'cooldown': 0, 'flip': True, 'en_ema_trend': True, 'ema_trend_fast': 59, 'ema_trend_slow': 218, 'en_sma_trend': True, 'sma_trend_fast': 26, 'sma_trend_slow': 384, 'en_macd': False, 'macd_fast': 80, 'macd_slow': 150, 'macd_signal': 86, 'en_vwap': True, 'en_keltner': False, 'keltner_n': 171, 'keltner_m': 4.5, 'en_obv': False, 'obv_slope': 12, 'en_cci': False, 'cci_n': 182, 'cci_threshold': 145, 'en_rsi': False, 'rsi_n': 74, 'rsi_lower': 43, 'rsi_upper': 60, 'en_stochastic': True, 'stochastic_n': 66, 'stochastic_d': 2, 'stochastic_lower': 45, 'stochastic_upper': 86, 'en_mfi': False, 'mfi_n': 71, 'mfi_lower': 12, 'mfi_upper': 61, 'en_bollinger': True, 'bollinger_n': 22, 'bollinger_k': 2.1, 'en_adx': False, 'adx_n': 47, 'adx_threshold': 6, 'en_structure_trend': True, 'structure_trend_swing_l': 19, 'en_order_block': True, 'order_block_swing_l': 15, 'en_fvg': True, 'fvg_lookback': 24, 'en_ifvg': True, 'en_breaker': False, 'breaker_swing_l': 15, 'en_cisd': True, 'k': 3, 'en_cap_bars': True, 'cap_1min': 1208}.
[I 2026-07-13 17:54:44,052] Trial 1685 finished with values: [979.89741421703, -2761.860057418453, 53.0] and parameters: {'sl_soft': 41.80574247052053, 'sl_hard_delta': 42.2746926827138, 'tp': 73.44721470569502, 'gate_pct': 84.68288014900352, 'dd_limit': 6200.963660003925, 'cooldown': 13, 'flip': True, 'en_ema_trend': True, 'ema_trend_fast': 59, 'ema_trend_slow': 274, 'en_sma_trend': False, 'sma_trend_fast': 128, 'sma_trend_slow': 52, 'en_macd': True, 'macd_fast': 87, 'macd_slow': 48, 'macd_signal': 3, 'en_vwap': True, 'en_keltner': False, 'keltner_n': 137, 'keltner_m': 4.5, 'en_obv': False, 'obv_slope': 186, 'en_cci': False, 'cci_n': 94, 'cci_threshold': 195, 'en_rsi': False, 'rsi_n': 8, 'rsi_lower': 43, 'rsi_upper': 84, 'en_stochastic': False, 'stochastic_n': 6, 'stochastic_d': 31, 'stochastic_lower': 36, 'stochastic_upper': 63, 'en_mfi': True, 'mfi_n': 26, 'mfi_lower': 26, 'mfi_upper': 93, 'en_bollinger': False, 'bollinger_n': 10, 'bollinger_k': 2.2, 'en_adx': False, 'adx_n': 73, 'adx_threshold': 59, 'en_structure_trend': True, 'structure_trend_swing_l': 19, 'en_order_block': True, 'order_block_swing_l': 10, 'en_fvg': False, 'fvg_lookback': 38, 'en_ifvg': True, 'en_breaker': False, 'breaker_swing_l': 17, 'en_cisd': True, 'k': 4, 'en_cap_bars': True, 'cap_1min': 46}.
[I 2026-07-13 17:54:44,368] Trial 1686 finished with values: [469.29718039502404, -862.2249022735923, 64.85] and parameters: {'sl_soft': 16.53284872548906, 'sl_hard_delta': 38.89591466729796, 'tp': 19.388754886316853, 'gate_pct': 33.41518335180748, 'dd_limit': 9308.14469807598, 'cooldown': 12, 'flip': True, 'en_ema_trend': True, 'ema_trend_fast': 29, 'ema_trend_slow': 325, 'en_sma_trend': True, 'sma_trend_fast': 7, 'sma_trend_slow': 263, 'en_macd': False, 'macd_fast': 90, 'macd_slow': 150, 'macd_signal': 1, 'en_vwap': False, 'en_keltner': True, 'keltner_n': 171, 'keltner_m': 4.1, 'en_obv': False, 'obv_slope': 12, 'en_cci': False, 'cci_n': 143, 'cci_threshold': 290, 'en_rsi': False, 'rsi_n': 89, 'rsi_lower': 15, 'rsi_upper': 84, 'en_stochastic': False, 'stochastic_n': 6, 'stochastic_d': 34, 'stochastic_lower': 33, 'stochastic_upper': 57, 'en_mfi': False, 'mfi_n': 66, 'mfi_lower': 24, 'mfi_upper': 92, 'en_bollinger': False, 'bollinger_n': 130, 'bollinger_k': 3.7, 'en_adx': False, 'adx_n': 71, 'adx_threshold': 32, 'en_structure_trend': True, 'structure_trend_swing_l': 17, 'en_order_block': False, 'order_block_swing_l': 11, 'en_fvg': True, 'fvg_lookback': 38, 'en_ifvg': False, 'en_breaker': False, 'breaker_swing_l': 10, 'en_cisd': False, 'k': 4, 'en_cap_bars': True, 'cap_1min': 412}.
[I 2026-07-13 17:54:45,701] Trial 1687 finished with values: [1490.278411007239, -1207.3560509564777, 48.0] and parameters: {'sl_soft': 16.53284872548906, 'sl_hard_delta': 15.68658300542352, 'tp': 34.46883891078241, 'gate_pct': 76.55976188692937, 'dd_limit': 9308.14469807598, 'cooldown': 0, 'flip': True, 'en_ema_trend': False, 'ema_trend_fast': 208, 'ema_trend_slow': 250, 'en_sma_trend': False, 'sma_trend_fast': 142, 'sma_trend_slow': 396, 'en_macd': True, 'macd_fast': 26, 'macd_slow': 48, 'macd_signal': 61, 'en_vwap': True, 'en_keltner': False, 'keltner_n': 171, 'keltner_m': 4.5, 'en_obv': False, 'obv_slope': 186, 'en_cci': False, 'cci_n': 143, 'cci_threshold': 205, 'en_rsi': True, 'rsi_n': 74, 'rsi_lower': 7, 'rsi_upper': 98, 'en_stochastic': False, 'stochastic_n': 99, 'stochastic_d': 34, 'stochastic_lower': 16, 'stochastic_upper': 97, 'en_mfi': True, 'mfi_n': 61, 'mfi_lower': 26, 'mfi_upper': 93, 'en_bollinger': False, 'bollinger_n': 69, 'bollinger_k': 1.8, 'en_adx': False, 'adx_n': 71, 'adx_threshold': 6, 'en_structure_trend': True, 'structure_trend_swing_l': 18, 'en_order_block': False, 'order_block_swing_l': 11, 'en_fvg': True, 'fvg_lookback': 36, 'en_ifvg': False, 'en_breaker': True, 'breaker_swing_l': 17, 'en_cisd': True, 'k': 4, 'en_cap_bars': True, 'cap_1min': 608}.
[I 2026-07-13 17:54:46,054] Trial 1688 finished with values: [2515.056821494145, -1237.8265955741517, 66.4] and parameters: {'sl_soft': 41.80574247052053, 'sl_hard_delta': 42.2746926827138, 'tp': 42.717340442581346, 'gate_pct': 84.18980078267379, 'dd_limit': 928.2439984695909, 'cooldown': 12, 'flip': True, 'en_ema_trend': True, 'ema_trend_fast': 59, 'ema_trend_slow': 250, 'en_sma_trend': False, 'sma_trend_fast': 128, 'sma_trend_slow': 384, 'en_macd': False, 'macd_fast': 87, 'macd_slow': 48, 'macd_signal': 28, 'en_vwap': True, 'en_keltner': True, 'keltner_n': 171, 'keltner_m': 2.3, 'en_obv': False, 'obv_slope': 186, 'en_cci': False, 'cci_n': 143, 'cci_threshold': 145, 'en_rsi': False, 'rsi_n': 8, 'rsi_lower': 7, 'rsi_upper': 87, 'en_stochastic': False, 'stochastic_n': 8, 'stochastic_d': 34, 'stochastic_lower': 2, 'stochastic_upper': 97, 'en_mfi': True, 'mfi_n': 26, 'mfi_lower': 40, 'mfi_upper': 92, 'en_bollinger': False, 'bollinger_n': 69, 'bollinger_k': 2.1, 'en_adx': False, 'adx_n': 73, 'adx_threshold': 6, 'en_structure_trend': True, 'structure_trend_swing_l': 19, 'en_order_block': False, 'order_block_swing_l': 15, 'en_fvg': True, 'fvg_lookback': 15, 'en_ifvg': True, 'en_breaker': True, 'breaker_swing_l': 15, 'en_cisd': True, 'k': 5, 'en_cap_bars': True, 'cap_1min': 608}.
[I 2026-07-13 17:54:46,569] Trial 1689 finished with values: [2158.179367800967, -3024.3961634060906, 56.05] and parameters: {'sl_soft': 41.80574247052053, 'sl_hard_delta': 38.89591466729796, 'tp': 51.51173209162248, 'gate_pct': 84.18980078267379, 'dd_limit': 6200.963660003925, 'cooldown': 19, 'flip': True, 'en_ema_trend': True, 'ema_trend_fast': 59, 'ema_trend_slow': 135, 'en_sma_trend': False, 'sma_trend_fast': 128, 'sma_trend_slow': 42, 'en_macd': True, 'macd_fast': 24, 'macd_slow': 150, 'macd_signal': 86, 'en_vwap': True, 'en_keltner': True, 'keltner_n': 171, 'keltner_m': 4.5, 'en_obv': True, 'obv_slope': 12, 'en_cci': False, 'cci_n': 182, 'cci_threshold': 145, 'en_rsi': False, 'rsi_n': 74, 'rsi_lower': 15, 'rsi_upper': 98, 'en_stochastic': False, 'stochastic_n': 99, 'stochastic_d': 2, 'stochastic_lower': 36, 'stochastic_upper': 57, 'en_mfi': True, 'mfi_n': 66, 'mfi_lower': 24, 'mfi_upper': 92, 'en_bollinger': False, 'bollinger_n': 103, 'bollinger_k': 3.7, 'en_adx': False, 'adx_n': 71, 'adx_threshold': 32, 'en_structure_trend': True, 'structure_trend_swing_l': 17, 'en_order_block': True, 'order_block_swing_l': 11, 'en_fvg': True, 'fvg_lookback': 38, 'en_ifvg': False, 'en_breaker': False, 'breaker_swing_l': 10, 'en_cisd': True, 'k': 4, 'en_cap_bars': True, 'cap_1min': 1002}.
[I 2026-07-13 17:54:47,285] Trial 1690 finished with values: [1620.9219082620075, -1765.050213017421, 58.0] and parameters: {'sl_soft': 41.80574247052053, 'sl_hard_delta': 42.2746926827138, 'tp': 51.51173209162248, 'gate_pct': 84.68288014900352, 'dd_limit': 9308.14469807598, 'cooldown': 0, 'flip': True, 'en_ema_trend': True, 'ema_trend_fast': 59, 'ema_trend_slow': 135, 'en_sma_trend': False, 'sma_trend_fast': 99, 'sma_trend_slow': 384, 'en_macd': True, 'macd_fast': 24, 'macd_slow': 150, 'macd_signal': 64, 'en_vwap': False, 'en_keltner': True, 'keltner_n': 105, 'keltner_m': 4.5, 'en_obv': True, 'obv_slope': 12, 'en_cci': False, 'cci_n': 182, 'cci_threshold': 195, 'en_rsi': False, 'rsi_n': 36, 'rsi_lower': 6, 'rsi_upper': 98, 'en_stochastic': False, 'stochastic_n': 6, 'stochastic_d': 2, 'stochastic_lower': 36, 'stochastic_upper': 57, 'en_mfi': True, 'mfi_n': 66, 'mfi_lower': 26, 'mfi_upper': 61, 'en_bollinger': False, 'bollinger_n': 10, 'bollinger_k': 2.2, 'en_adx': False, 'adx_n': 47, 'adx_threshold': 59, 'en_structure_trend': True, 'structure_trend_swing_l': 19, 'en_order_block': True, 'order_block_swing_l': 10, 'en_fvg': True, 'fvg_lookback': 38, 'en_ifvg': True, 'en_breaker': True, 'breaker_swing_l': 15, 'en_cisd': True, 'k': 3, 'en_cap_bars': False, 'cap_1min': 412}.
[I 2026-07-13 17:54:47,545] Trial 1691 pruned. 
[I 2026-07-13 17:54:48,715] Trial 1692 finished with values: [1464.2075178518462, -1411.9558346627673, 60.45] and parameters: {'sl_soft': 14.900093084042254, 'sl_hard_delta': 43.05437771749679, 'tp': 19.388754886316853, 'gate_pct': 76.55976188692937, 'dd_limit': 9308.14469807598, 'cooldown': 12, 'flip': True, 'en_ema_trend': True, 'ema_trend_fast': 329, 'ema_trend_slow': 230, 'en_sma_trend': True, 'sma_trend_fast': 7, 'sma_trend_slow': 263, 'en_macd': False, 'macd_fast': 87, 'macd_slow': 53, 'macd_signal': 64, 'en_vwap': True, 'en_keltner': True, 'keltner_n': 88, 'keltner_m': 4.1, 'en_obv': True, 'obv_slope': 186, 'en_cci': False, 'cci_n': 143, 'cci_threshold': 145, 'en_rsi': False, 'rsi_n': 74, 'rsi_lower': 15, 'rsi_upper': 87, 'en_stochastic': False, 'stochastic_n': 68, 'stochastic_d': 31, 'stochastic_lower': 36, 'stochastic_upper': 52, 'en_mfi': True, 'mfi_n': 66, 'mfi_lower': 8, 'mfi_upper': 92, 'en_bollinger': True, 'bollinger_n': 175, 'bollinger_k': 3.0, 'en_adx': False, 'adx_n': 81, 'adx_threshold': 19, 'en_structure_trend': True, 'structure_trend_swing_l': 18, 'en_order_block': False, 'order_block_swing_l': 11, 'en_fvg': False, 'fvg_lookback': 47, 'en_ifvg': False, 'en_breaker': True, 'breaker_swing_l': 17, 'en_cisd': True, 'k': 5, 'en_cap_bars': True, 'cap_1min': 412}.
[I 2026-07-13 17:54:49,066] Trial 1693 finished with values: [1174.4537243421655, -625.0, 49.3] and parameters: {'sl_soft': 16.38720937773672, 'sl_hard_delta': 43.05437771749679, 'tp': 42.717340442581346, 'gate_pct': 33.41518335180748, 'dd_limit': 9308.14469807598, 'cooldown': 13, 'flip': True, 'en_ema_trend': True, 'ema_trend_fast': 29, 'ema_trend_slow': 85, 'en_sma_trend': False, 'sma_trend_fast': 128, 'sma_trend_slow': 263, 'en_macd': False, 'macd_fast': 24, 'macd_slow': 53, 'macd_signal': 1, 'en_vwap': False, 'en_keltner': True, 'keltner_n': 73, 'keltner_m': 4.1, 'en_obv': True, 'obv_slope': 12, 'en_cci': False, 'cci_n': 143, 'cci_threshold': 145, 'en_rsi': False, 'rsi_n': 89, 'rsi_lower': 15, 'rsi_upper': 87, 'en_stochastic': False, 'stochastic_n': 6, 'stochastic_d': 31, 'stochastic_lower': 33, 'stochastic_upper': 62, 'en_mfi': True, 'mfi_n': 66, 'mfi_lower': 24, 'mfi_upper': 92, 'en_bollinger': False, 'bollinger_n': 136, 'bollinger_k': 3.7, 'en_adx': False, 'adx_n': 71, 'adx_threshold': 32, 'en_structure_trend': True, 'structure_trend_swing_l': 18, 'en_order_block': False, 'order_block_swing_l': 9, 'en_fvg': True, 'fvg_lookback': 47, 'en_ifvg': False, 'en_breaker': False, 'breaker_swing_l': 15, 'en_cisd': False, 'k': 5, 'en_cap_bars': False, 'cap_1min': 412}.
