[I 2026-07-13 17:35:08,801] Trial 585 finished with values: [2002.944725968464, -2403.32921725887, 56.400000000000006] and parameters: {'sl_soft': 41.80574247052053, 'sl_hard_delta': 38.89591466729796, 'tp': 51.51173209162248, 'gate_pct': 84.18980078267379, 'dd_limit': 6200.963660003925, 'cooldown': 12, 'flip': True, 'en_ema_trend': True, 'ema_trend_fast': 230, 'ema_trend_slow': 250, 'en_sma_trend': False, 'sma_trend_fast': 142, 'sma_trend_slow': 384, 'en_macd': True, 'macd_fast': 26, 'macd_slow': 79, 'macd_signal': 13, 'en_vwap': True, 'en_keltner': False, 'keltner_n': 171, 'keltner_m': 4.6000000000000005, 'en_obv': False, 'obv_slope': 92, 'en_cci': False, 'cci_n': 182, 'cci_threshold': 195, 'en_rsi': False, 'rsi_n': 8, 'rsi_lower': 7, 'rsi_upper': 69, 'en_stochastic': False, 'stochastic_n': 71, 'stochastic_d': 31, 'stochastic_lower': 2, 'stochastic_upper': 86, 'en_mfi': True, 'mfi_n': 61, 'mfi_lower': 26, 'mfi_upper': 92, 'en_bollinger': True, 'bollinger_n': 22, 'bollinger_k': 2.6, 'en_adx': False, 'adx_n': 81, 'adx_threshold': 19, 'en_structure_trend': True, 'structure_trend_swing_l': 18, 'en_order_block': True, 'order_block_swing_l': 11, 'en_fvg': True, 'fvg_lookback': 36, 'en_ifvg': False, 'en_breaker': False, 'breaker_swing_l': 19, 'en_cisd': False, 'k': 3, 'en_cap_bars': False, 'cap_1min': 608}.
[I 2026-07-13 17:35:10,157] Trial 586 finished with values: [933.3670221292414, -445.0, 46.9] and parameters: {'sl_soft': 16.53284872548906, 'sl_hard_delta': 43.05437771749679, 'tp': 42.717340442581346, 'gate_pct': 33.41518335180748, 'dd_limit': 9308.14469807598, 'cooldown': 21, 'flip': True, 'en_ema_trend': True, 'ema_trend_fast': 29, 'ema_trend_slow': 274, 'en_sma_trend': False, 'sma_trend_fast': 128, 'sma_trend_slow': 396, 'en_macd': True, 'macd_fast': 24, 'macd_slow': 150, 'macd_signal': 100, 'en_vwap': True, 'en_keltner': True, 'keltner_n': 115, 'keltner_m': 4.5, 'en_obv': True, 'obv_slope': 12, 'en_cci': False, 'cci_n': 195, 'cci_threshold': 290, 'en_rsi': False, 'rsi_n': 74, 'rsi_lower': 6, 'rsi_upper': 84, 'en_stochastic': False, 'stochastic_n': 14, 'stochastic_d': 34, 'stochastic_lower': 36, 'stochastic_upper': 63, 'en_mfi': True, 'mfi_n': 66, 'mfi_lower': 8, 'mfi_upper': 93, 'en_bollinger': False, 'bollinger_n': 10, 'bollinger_k': 3.7, 'en_adx': False, 'adx_n': 81, 'adx_threshold': 6, 'en_structure_trend': True, 'structure_trend_swing_l': 18, 'en_order_block': False, 'order_block_swing_l': 9, 'en_fvg': True, 'fvg_lookback': 15, 'en_ifvg': False, 'en_breaker': True, 'breaker_swing_l': 15, 'en_cisd': True, 'k': 5, 'en_cap_bars': True, 'cap_1min': 412}.
[I 2026-07-13 17:35:16,975] Trial 587 finished with values: [332.3060455769519, -2342.506123316416, 37.25] and parameters: {'sl_soft': 16.53284872548906, 'sl_hard_delta': 15.421376415097182, 'tp': 51.51173209162248, 'gate_pct': 84.18980078267379, 'dd_limit': 6200.963660003925, 'cooldown': 3, 'flip': True, 'en_ema_trend': False, 'ema_trend_fast': 29, 'ema_trend_slow': 274, 'en_sma_trend': True, 'sma_trend_fast': 99, 'sma_trend_slow': 263, 'en_macd': False, 'macd_fast': 26, 'macd_slow': 24, 'macd_signal': 64, 'en_vwap': True, 'en_keltner': True, 'keltner_n': 88, 'keltner_m': 0.9, 'en_obv': True, 'obv_slope': 186, 'en_cci': False, 'cci_n': 44, 'cci_threshold': 145, 'en_rsi': False, 'rsi_n': 8, 'rsi_lower': 15, 'rsi_upper': 75, 'en_stochastic': True, 'stochastic_n': 99, 'stochastic_d': 12, 'stochastic_lower': 2, 'stochastic_upper': 86, 'en_mfi': True, 'mfi_n': 66, 'mfi_lower': 42, 'mfi_upper': 92, 'en_bollinger': True, 'bollinger_n': 22, 'bollinger_k': 1.8, 'en_adx': False, 'adx_n': 59, 'adx_threshold': 19, 'en_structure_trend': True, 'structure_trend_swing_l': 20, 'en_order_block': False, 'order_block_swing_l': 11, 'en_fvg': True, 'fvg_lookback': 38, 'en_ifvg': False, 'en_breaker': False, 'breaker_swing_l': 10, 'en_cisd': False, 'k': 5, 'en_cap_bars': True, 'cap_1min': 1388}.
[I 2026-07-13 17:35:21,037] Trial 588 finished with values: [740.9368089539748, -1085.0, 30.099999999999998] and parameters: {'sl_soft': 13.526565860109505, 'sl_hard_delta': 57.09095784154005, 'tp': 66.8593982932325, 'gate_pct': 33.41518335180748, 'dd_limit': 1393.7003097166044, 'cooldown': 2, 'flip': True, 'en_ema_trend': True, 'ema_trend_fast': 200, 'ema_trend_slow': 135, 'en_sma_trend': False, 'sma_trend_fast': 330, 'sma_trend_slow': 93, 'en_macd': True, 'macd_fast': 24, 'macd_slow': 116, 'macd_signal': 100, 'en_vwap': False, 'en_keltner': True, 'keltner_n': 164, 'keltner_m': 1.7000000000000002, 'en_obv': False, 'obv_slope': 15, 'en_cci': False, 'cci_n': 182, 'cci_threshold': 155, 'en_rsi': True, 'rsi_n': 46, 'rsi_lower': 43, 'rsi_upper': 98, 'en_stochastic': False, 'stochastic_n': 71, 'stochastic_d': 34, 'stochastic_lower': 33, 'stochastic_upper': 88, 'en_mfi': False, 'mfi_n': 26, 'mfi_lower': 19, 'mfi_upper': 79, 'en_bollinger': True, 'bollinger_n': 10, 'bollinger_k': 2.6, 'en_adx': False, 'adx_n': 81, 'adx_threshold': 6, 'en_structure_trend': True, 'structure_trend_swing_l': 7, 'en_order_block': True, 'order_block_swing_l': 9, 'en_fvg': False, 'fvg_lookback': 10, 'en_ifvg': False, 'en_breaker': False, 'breaker_swing_l': 7, 'en_cisd': True, 'k': 3, 'en_cap_bars': True, 'cap_1min': 1388}.
[I 2026-07-13 17:35:24,411] Trial 589 finished with values: [741.1401966963786, -2136.3799781433772, 34.25] and parameters: {'sl_soft': 11.097581488766851, 'sl_hard_delta': 43.05437771749679, 'tp': 41.72700036427423, 'gate_pct': 74.50813821223942, 'dd_limit': 7599.859331372681, 'cooldown': 27, 'flip': True, 'en_ema_trend': True, 'ema_trend_fast': 14, 'ema_trend_slow': 88, 'en_sma_trend': False, 'sma_trend_fast': 154, 'sma_trend_slow': 329, 'en_macd': False, 'macd_fast': 3, 'macd_slow': 82, 'macd_signal': 100, 'en_vwap': True, 'en_keltner': True, 'keltner_n': 154, 'keltner_m': 4.5, 'en_obv': False, 'obv_slope': 31, 'en_cci': False, 'cci_n': 195, 'cci_threshold': 155, 'en_rsi': True, 'rsi_n': 99, 'rsi_lower': 25, 'rsi_upper': 91, 'en_stochastic': False, 'stochastic_n': 6, 'stochastic_d': 36, 'stochastic_lower': 11, 'stochastic_upper': 63, 'en_mfi': True, 'mfi_n': 7, 'mfi_lower': 21, 'mfi_upper': 92, 'en_bollinger': True, 'bollinger_n': 187, 'bollinger_k': 4.8, 'en_adx': False, 'adx_n': 71, 'adx_threshold': 7, 'en_structure_trend': False, 'structure_trend_swing_l': 5, 'en_order_block': False, 'order_block_swing_l': 11, 'en_fvg': True, 'fvg_lookback': 3, 'en_ifvg': False, 'en_breaker': False, 'breaker_swing_l': 11, 'en_cisd': False, 'k': 3, 'en_cap_bars': False, 'cap_1min': 801}.
[I 2026-07-13 17:35:26,167] Trial 590 finished with values: [496.7030738212634, -1528.5487296862993, 44.8] and parameters: {'sl_soft': 25.758961056845536, 'sl_hard_delta': 6.313902063185736, 'tp': 42.717340442581346, 'gate_pct': 84.68288014900352, 'dd_limit': 8273.571624321177, 'cooldown': 0, 'flip': True, 'en_ema_trend': True, 'ema_trend_fast': 59, 'ema_trend_slow': 135, 'en_sma_trend': False, 'sma_trend_fast': 128, 'sma_trend_slow': 263, 'en_macd': True, 'macd_fast': 87, 'macd_slow': 150, 'macd_signal': 100, 'en_vwap': True, 'en_keltner': True, 'keltner_n': 115, 'keltner_m': 4.5, 'en_obv': True, 'obv_slope': 12, 'en_cci': False, 'cci_n': 132, 'cci_threshold': 25, 'en_rsi': True, 'rsi_n': 29, 'rsi_lower': 47, 'rsi_upper': 84, 'en_stochastic': False, 'stochastic_n': 14, 'stochastic_d': 31, 'stochastic_lower': 36, 'stochastic_upper': 63, 'en_mfi': True, 'mfi_n': 66, 'mfi_lower': 8, 'mfi_upper': 78, 'en_bollinger': False, 'bollinger_n': 136, 'bollinger_k': 3.7, 'en_adx': False, 'adx_n': 73, 'adx_threshold': 31, 'en_structure_trend': True, 'structure_trend_swing_l': 18, 'en_order_block': False, 'order_block_swing_l': 10, 'en_fvg': True, 'fvg_lookback': 10, 'en_ifvg': False, 'en_breaker': False, 'breaker_swing_l': 15, 'en_cisd': True, 'k': 5, 'en_cap_bars': True, 'cap_1min': 1002}.
[I 2026-07-13 17:35:28,453] Trial 591 finished with values: [469.1676486648066, -763.1126712515106, 44.4] and parameters: {'sl_soft': 19.289853645196, 'sl_hard_delta': 6.313902063185736, 'tp': 42.717340442581346, 'gate_pct': 33.41518335180748, 'dd_limit': 9308.14469807598, 'cooldown': 0, 'flip': True, 'en_ema_trend': True, 'ema_trend_fast': 59, 'ema_trend_slow': 346, 'en_sma_trend': False, 'sma_trend_fast': 330, 'sma_trend_slow': 93, 'en_macd': True, 'macd_fast': 24, 'macd_slow': 53, 'macd_signal': 100, 'en_vwap': True, 'en_keltner': True, 'keltner_n': 115, 'keltner_m': 4.1, 'en_obv': True, 'obv_slope': 160, 'en_cci': False, 'cci_n': 33, 'cci_threshold': 290, 'en_rsi': True, 'rsi_n': 23, 'rsi_lower': 13, 'rsi_upper': 98, 'en_stochastic': False, 'stochastic_n': 63, 'stochastic_d': 36, 'stochastic_lower': 33, 'stochastic_upper': 62, 'en_mfi': False, 'mfi_n': 90, 'mfi_lower': 8, 'mfi_upper': 93, 'en_bollinger': True, 'bollinger_n': 10, 'bollinger_k': 3.0, 'en_adx': False, 'adx_n': 73, 'adx_threshold': 6, 'en_structure_trend': True, 'structure_trend_swing_l': 18, 'en_order_block': True, 'order_block_swing_l': 9, 'en_fvg': True, 'fvg_lookback': 10, 'en_ifvg': False, 'en_breaker': True, 'breaker_swing_l': 10, 'en_cisd': False, 'k': 5, 'en_cap_bars': False, 'cap_1min': 3}.
[I 2026-07-13 17:35:30,333] Trial 592 finished with values: [1377.9126102715782, -1100.8409765674878, 46.6] and parameters: {'sl_soft': 19.289853645196, 'sl_hard_delta': 6.313902063185736, 'tp': 42.717340442581346, 'gate_pct': 33.41518335180748, 'dd_limit': 9308.14469807598, 'cooldown': 9, 'flip': True, 'en_ema_trend': True, 'ema_trend_fast': 55, 'ema_trend_slow': 135, 'en_sma_trend': False, 'sma_trend_fast': 330, 'sma_trend_slow': 263, 'en_macd': True, 'macd_fast': 24, 'macd_slow': 79, 'macd_signal': 100, 'en_vwap': True, 'en_keltner': True, 'keltner_n': 115, 'keltner_m': 4.1, 'en_obv': True, 'obv_slope': 167, 'en_cci': False, 'cci_n': 182, 'cci_threshold': 290, 'en_rsi': False, 'rsi_n': 41, 'rsi_lower': 39, 'rsi_upper': 84, 'en_stochastic': False, 'stochastic_n': 36, 'stochastic_d': 34, 'stochastic_lower': 33, 'stochastic_upper': 63, 'en_mfi': False, 'mfi_n': 41, 'mfi_lower': 8, 'mfi_upper': 78, 'en_bollinger': False, 'bollinger_n': 136, 'bollinger_k': 2.6, 'en_adx': False, 'adx_n': 47, 'adx_threshold': 6, 'en_structure_trend': False, 'structure_trend_swing_l': 18, 'en_order_block': False, 'order_block_swing_l': 9, 'en_fvg': True, 'fvg_lookback': 10, 'en_ifvg': False, 'en_breaker': False, 'breaker_swing_l': 15, 'en_cisd': True, 'k': 5, 'en_cap_bars': True, 'cap_1min': 1002}.
[I 2026-07-13 17:35:31,920] Trial 593 finished with values: [3919.8978675640137, -2254.8596500615895, 39.05] and parameters: {'sl_soft': 16.53284872548906, 'sl_hard_delta': 15.421376415097182, 'tp': 51.51173209162248, 'gate_pct': 84.18980078267379, 'dd_limit': 9571.486532588566, 'cooldown': 9, 'flip': True, 'en_ema_trend': True, 'ema_trend_fast': 29, 'ema_trend_slow': 58, 'en_sma_trend': False, 'sma_trend_fast': 118, 'sma_trend_slow': 163, 'en_macd': True, 'macd_fast': 87, 'macd_slow': 24, 'macd_signal': 64, 'en_vwap': True, 'en_keltner': True, 'keltner_n': 105, 'keltner_m': 3.8000000000000003, 'en_obv': True, 'obv_slope': 92, 'en_cci': False, 'cci_n': 44, 'cci_threshold': 115, 'en_rsi': False, 'rsi_n': 80, 'rsi_lower': 15, 'rsi_upper': 60, 'en_stochastic': False, 'stochastic_n': 6, 'stochastic_d': 12, 'stochastic_lower': 33, 'stochastic_upper': 86, 'en_mfi': False, 'mfi_n': 66, 'mfi_lower': 8, 'mfi_upper': 92, 'en_bollinger': True, 'bollinger_n': 22, 'bollinger_k': 3.8000000000000003, 'en_adx': False, 'adx_n': 11, 'adx_threshold': 19, 'en_structure_trend': False, 'structure_trend_swing_l': 18, 'en_order_block': True, 'order_block_swing_l': 15, 'en_fvg': True, 'fvg_lookback': 15, 'en_ifvg': False, 'en_breaker': False, 'breaker_swing_l': 10, 'en_cisd': True, 'k': 5, 'en_cap_bars': True, 'cap_1min': 412}.
[I 2026-07-13 17:35:32,834] Trial 594 finished with values: [-589.5380892061257, -2416.1650727461165, 19.7] and parameters: {'sl_soft': 11.097581488766851, 'sl_hard_delta': 42.2746926827138, 'tp': 46.56962981112915, 'gate_pct': 33.41518335180748, 'dd_limit': 9308.14469807598, 'cooldown': 27, 'flip': False, 'en_ema_trend': True, 'ema_trend_fast': 59, 'ema_trend_slow': 85, 'en_sma_trend': False, 'sma_trend_fast': 118, 'sma_trend_slow': 263, 'en_macd': False, 'macd_fast': 87, 'macd_slow': 150, 'macd_signal': 64, 'en_vwap': True, 'en_keltner': True, 'keltner_n': 73, 'keltner_m': 4.1, 'en_obv': True, 'obv_slope': 12, 'en_cci': False, 'cci_n': 195, 'cci_threshold': 290, 'en_rsi': False, 'rsi_n': 80, 'rsi_lower': 13, 'rsi_upper': 87, 'en_stochastic': False, 'stochastic_n': 47, 'stochastic_d': 34, 'stochastic_lower': 36, 'stochastic_upper': 62, 'en_mfi': True, 'mfi_n': 90, 'mfi_lower': 24, 'mfi_upper': 92, 'en_bollinger': False, 'bollinger_n': 136, 'bollinger_k': 3.2, 'en_adx': False, 'adx_n': 73, 'adx_threshold': 55, 'en_structure_trend': True, 'structure_trend_swing_l': 18, 'en_order_block': False, 'order_block_swing_l': 15, 'en_fvg': True, 'fvg_lookback': 10, 'en_ifvg': False, 'en_breaker': False, 'breaker_swing_l': 6, 'en_cisd': True, 'k': 5, 'en_cap_bars': True, 'cap_1min': 412}.
[I 2026-07-13 17:35:35,921] Trial 595 finished with values: [1746.563584154701, -1430.0016372618848, 34.65] and parameters: {'sl_soft': 11.097581488766851, 'sl_hard_delta': 42.2746926827138, 'tp': 51.099967254759335, 'gate_pct': 76.55976188692937, 'dd_limit': 7287.8670146700415, 'cooldown': 0, 'flip': True, 'en_ema_trend': True, 'ema_trend_fast': 59, 'ema_trend_slow': 196, 'en_sma_trend': False, 'sma_trend_fast': 99, 'sma_trend_slow': 265, 'en_macd': True, 'macd_fast': 87, 'macd_slow': 48, 'macd_signal': 66, 'en_vwap': True, 'en_keltner': True, 'keltner_n': 168, 'keltner_m': 4.5, 'en_obv': True, 'obv_slope': 186, 'en_cci': False, 'cci_n': 195, 'cci_threshold': 195, 'en_rsi': False, 'rsi_n': 29, 'rsi_lower': 15, 'rsi_upper': 84, 'en_stochastic': False, 'stochastic_n': 71, 'stochastic_d': 31, 'stochastic_lower': 45, 'stochastic_upper': 97, 'en_mfi': True, 'mfi_n': 26, 'mfi_lower': 40, 'mfi_upper': 92, 'en_bollinger': False, 'bollinger_n': 149, 'bollinger_k': 2.2, 'en_adx': False, 'adx_n': 73, 'adx_threshold': 7, 'en_structure_trend': True, 'structure_trend_swing_l': 18, 'en_order_block': False, 'order_block_swing_l': 3, 'en_fvg': False, 'fvg_lookback': 38, 'en_ifvg': False, 'en_breaker': True, 'breaker_swing_l': 19, 'en_cisd': True, 'k': 2, 'en_cap_bars': False, 'cap_1min': 1002}.
[I 2026-07-13 17:35:36,200] Trial 596 finished with values: [543.6936177033931, -650.0, 43.05] and parameters: {'sl_soft': 16.53284872548906, 'sl_hard_delta': 31.485142374324177, 'tp': 42.717340442581346, 'gate_pct': 33.41518335180748, 'dd_limit': 9308.14469807598, 'cooldown': 27, 'flip': True, 'en_ema_trend': True, 'ema_trend_fast': 59, 'ema_trend_slow': 135, 'en_sma_trend': False, 'sma_trend_fast': 128, 'sma_trend_slow': 396, 'en_macd': False, 'macd_fast': 87, 'macd_slow': 150, 'macd_signal': 100, 'en_vwap': True, 'en_keltner': True, 'keltner_n': 115, 'keltner_m': 4.5, 'en_obv': True, 'obv_slope': 186, 'en_cci': False, 'cci_n': 195, 'cci_threshold': 290, 'en_rsi': False, 'rsi_n': 74, 'rsi_lower': 47, 'rsi_upper': 98, 'en_stochastic': False, 'stochastic_n': 14, 'stochastic_d': 34, 'stochastic_lower': 33, 'stochastic_upper': 63, 'en_mfi': True, 'mfi_n': 66, 'mfi_lower': 7, 'mfi_upper': 93, 'en_bollinger': False, 'bollinger_n': 10, 'bollinger_k': 3.7, 'en_adx': False, 'adx_n': 71, 'adx_threshold': 6, 'en_structure_trend': True, 'structure_trend_swing_l': 18, 'en_order_block': True, 'order_block_swing_l': 10, 'en_fvg': True, 'fvg_lookback': 10, 'en_ifvg': False, 'en_breaker': True, 'breaker_swing_l': 15, 'en_cisd': True, 'k': 5, 'en_cap_bars': True, 'cap_1min': 412}.
[I 2026-07-13 17:35:37,092] Trial 597 finished with values: [1075.5279441231323, -830.0, 43.4] and parameters: {'sl_soft': 16.53284872548906, 'sl_hard_delta': 43.05437771749679, 'tp': 51.51173209162248, 'gate_pct': 33.56638011646498, 'dd_limit': 9571.486532588566, 'cooldown': 13, 'flip': True, 'en_ema_trend': True, 'ema_trend_fast': 59, 'ema_trend_slow': 274, 'en_sma_trend': False, 'sma_trend_fast': 128, 'sma_trend_slow': 263, 'en_macd': False, 'macd_fast': 87, 'macd_slow': 150, 'macd_signal': 64, 'en_vwap': True, 'en_keltner': True, 'keltner_n': 88, 'keltner_m': 1.8, 'en_obv': True, 'obv_slope': 162, 'en_cci': False, 'cci_n': 195, 'cci_threshold': 115, 'en_rsi': False, 'rsi_n': 4, 'rsi_lower': 15, 'rsi_upper': 84, 'en_stochastic': False, 'stochastic_n': 6, 'stochastic_d': 34, 'stochastic_lower': 36, 'stochastic_upper': 63, 'en_mfi': True, 'mfi_n': 66, 'mfi_lower': 7, 'mfi_upper': 92, 'en_bollinger': False, 'bollinger_n': 10, 'bollinger_k': 1.8, 'en_adx': False, 'adx_n': 73, 'adx_threshold': 6, 'en_structure_trend': True, 'structure_trend_swing_l': 18, 'en_order_block': True, 'order_block_swing_l': 11, 'en_fvg': True, 'fvg_lookback': 15, 'en_ifvg': False, 'en_breaker': False, 'breaker_swing_l': 10, 'en_cisd': True, 'k': 5, 'en_cap_bars': True, 'cap_1min': 412}.
[I 2026-07-13 17:35:38,475] Trial 598 finished with values: [333.0714267361873, -2429.3297111937136, 56.75] and parameters: {'sl_soft': 16.53284872548906, 'sl_hard_delta': 43.05437771749679, 'tp': 19.388754886316853, 'gate_pct': 67.43945106994327, 'dd_limit': 7287.8670146700415, 'cooldown': 27, 'flip': True, 'en_ema_trend': True, 'ema_trend_fast': 29, 'ema_trend_slow': 274, 'en_sma_trend': True, 'sma_trend_fast': 6, 'sma_trend_slow': 263, 'en_macd': False, 'macd_fast': 91, 'macd_slow': 82, 'macd_signal': 100, 'en_vwap': True, 'en_keltner': True, 'keltner_n': 169, 'keltner_m': 3.8000000000000003, 'en_obv': True, 'obv_slope': 162, 'en_cci': True, 'cci_n': 195, 'cci_threshold': 115, 'en_rsi': True, 'rsi_n': 74, 'rsi_lower': 25, 'rsi_upper': 87, 'en_stochastic': False, 'stochastic_n': 6, 'stochastic_d': 36, 'stochastic_lower': 33, 'stochastic_upper': 52, 'en_mfi': False, 'mfi_n': 66, 'mfi_lower': 28, 'mfi_upper': 92, 'en_bollinger': False, 'bollinger_n': 118, 'bollinger_k': 3.7, 'en_adx': False, 'adx_n': 71, 'adx_threshold': 9, 'en_structure_trend': False, 'structure_trend_swing_l': 18, 'en_order_block': False, 'order_block_swing_l': 1, 'en_fvg': True, 'fvg_lookback': 38, 'en_ifvg': False, 'en_breaker': False, 'breaker_swing_l': 10, 'en_cisd': True, 'k': 5, 'en_cap_bars': True, 'cap_1min': 1388}.
[I 2026-07-13 17:35:38,840] Trial 599 finished with values: [1803.2022061989846, -1693.5635286679826, 40.0] and parameters: {'sl_soft': 16.53284872548906, 'sl_hard_delta': 6.313902063185736, 'tp': 42.717340442581346, 'gate_pct': 84.68288014900352, 'dd_limit': 9308.14469807598, 'cooldown': 0, 'flip': True, 'en_ema_trend': True, 'ema_trend_fast': 59, 'ema_trend_slow': 135, 'en_sma_trend': False, 'sma_trend_fast': 128, 'sma_trend_slow': 396, 'en_macd': False, 'macd_fast': 24, 'macd_slow': 150, 'macd_signal': 100, 'en_vwap': True, 'en_keltner': True, 'keltner_n': 115, 'keltner_m': 4.5, 'en_obv': True, 'obv_slope': 12, 'en_cci': False, 'cci_n': 195, 'cci_threshold': 290, 'en_rsi': False, 'rsi_n': 74, 'rsi_lower': 47, 'rsi_upper': 98, 'en_stochastic': False, 'stochastic_n': 14, 'stochastic_d': 34, 'stochastic_lower': 36, 'stochastic_upper': 63, 'en_mfi': True, 'mfi_n': 66, 'mfi_lower': 10, 'mfi_upper': 93, 'en_bollinger': False, 'bollinger_n': 10, 'bollinger_k': 3.7, 'en_adx': False, 'adx_n': 73, 'adx_threshold': 6, 'en_structure_trend': True, 'structure_trend_swing_l': 18, 'en_order_block': True, 'order_block_swing_l': 10, 'en_fvg': True, 'fvg_lookback': 10, 'en_ifvg': False, 'en_breaker': True, 'breaker_swing_l': 15, 'en_cisd': True, 'k': 5, 'en_cap_bars': True, 'cap_1min': 412}.
[I 2026-07-13 17:35:39,271] Trial 600 finished with values: [593.0404265550897, -1150.0, 50.85] and parameters: {'sl_soft': 25.758961056845536, 'sl_hard_delta': 43.05437771749679, 'tp': 42.717340442581346, 'gate_pct': 33.41518335180748, 'dd_limit': 9308.14469807598, 'cooldown': 9, 'flip': True, 'en_ema_trend': True, 'ema_trend_fast': 29, 'ema_trend_slow': 274, 'en_sma_trend': False, 'sma_trend_fast': 128, 'sma_trend_slow': 263, 'en_macd': True, 'macd_fast': 87, 'macd_slow': 79, 'macd_signal': 100, 'en_vwap': True, 'en_keltner': True, 'keltner_n': 171, 'keltner_m': 4.1, 'en_obv': True, 'obv_slope': 167, 'en_cci': True, 'cci_n': 132, 'cci_threshold': 25, 'en_rsi': False, 'rsi_n': 29, 'rsi_lower': 46, 'rsi_upper': 84, 'en_stochastic': False, 'stochastic_n': 6, 'stochastic_d': 31, 'stochastic_lower': 33, 'stochastic_upper': 68, 'en_mfi': False, 'mfi_n': 66, 'mfi_lower': 8, 'mfi_upper': 78, 'en_bollinger': False, 'bollinger_n': 136, 'bollinger_k': 3.7, 'en_adx': False, 'adx_n': 81, 'adx_threshold': 31, 'en_structure_trend': True, 'structure_trend_swing_l': 18, 'en_order_block': False, 'order_block_swing_l': 9, 'en_fvg': True, 'fvg_lookback': 15, 'en_ifvg': False, 'en_breaker': False, 'breaker_swing_l': 15, 'en_cisd': True, 'k': 5, 'en_cap_bars': True, 'cap_1min': 1002}.
