[I 2026-07-13 17:36:45,992] Trial 637 finished with values: [1098.3839260694003, -3073.8233766095436, 43.9] and parameters: {'sl_soft': 16.53284872548906, 'sl_hard_delta': 43.05437771749679, 'tp': 41.72700036427423, 'gate_pct': 84.68288014900352, 'dd_limit': 9308.14469807598, 'cooldown': 13, 'flip': True, 'en_ema_trend': True, 'ema_trend_fast': 59, 'ema_trend_slow': 250, 'en_sma_trend': True, 'sma_trend_fast': 118, 'sma_trend_slow': 265, 'en_macd': False, 'macd_fast': 87, 'macd_slow': 116, 'macd_signal': 64, 'en_vwap': True, 'en_keltner': True, 'keltner_n': 88, 'keltner_m': 1.7000000000000002, 'en_obv': True, 'obv_slope': 12, 'en_cci': False, 'cci_n': 195, 'cci_threshold': 290, 'en_rsi': False, 'rsi_n': 46, 'rsi_lower': 43, 'rsi_upper': 87, 'en_stochastic': True, 'stochastic_n': 71, 'stochastic_d': 34, 'stochastic_lower': 33, 'stochastic_upper': 55, 'en_mfi': False, 'mfi_n': 66, 'mfi_lower': 19, 'mfi_upper': 95, 'en_bollinger': False, 'bollinger_n': 187, 'bollinger_k': 2.6, 'en_adx': False, 'adx_n': 73, 'adx_threshold': 55, 'en_structure_trend': True, 'structure_trend_swing_l': 18, 'en_order_block': True, 'order_block_swing_l': 11, 'en_fvg': False, 'fvg_lookback': 10, 'en_ifvg': False, 'en_breaker': False, 'breaker_swing_l': 6, 'en_cisd': True, 'k': 3, 'en_cap_bars': True, 'cap_1min': 1002}.
[I 2026-07-13 17:36:52,181] Trial 638 finished with values: [387.18284448828854, -2104.7653581674967, 56.95] and parameters: {'sl_soft': 41.80574247052053, 'sl_hard_delta': 57.09095784154005, 'tp': 51.51173209162248, 'gate_pct': 84.18980078267379, 'dd_limit': 6200.963660003925, 'cooldown': 19, 'flip': True, 'en_ema_trend': True, 'ema_trend_fast': 200, 'ema_trend_slow': 58, 'en_sma_trend': True, 'sma_trend_fast': 154, 'sma_trend_slow': 384, 'en_macd': True, 'macd_fast': 26, 'macd_slow': 116, 'macd_signal': 86, 'en_vwap': True, 'en_keltner': False, 'keltner_n': 171, 'keltner_m': 4.5, 'en_obv': False, 'obv_slope': 92, 'en_cci': False, 'cci_n': 182, 'cci_threshold': 155, 'en_rsi': False, 'rsi_n': 46, 'rsi_lower': 43, 'rsi_upper': 91, 'en_stochastic': True, 'stochastic_n': 71, 'stochastic_d': 2, 'stochastic_lower': 36, 'stochastic_upper': 93, 'en_mfi': True, 'mfi_n': 26, 'mfi_lower': 19, 'mfi_upper': 79, 'en_bollinger': False, 'bollinger_n': 22, 'bollinger_k': 2.6, 'en_adx': False, 'adx_n': 47, 'adx_threshold': 19, 'en_structure_trend': True, 'structure_trend_swing_l': 19, 'en_order_block': True, 'order_block_swing_l': 11, 'en_fvg': True, 'fvg_lookback': 24, 'en_ifvg': True, 'en_breaker': True, 'breaker_swing_l': 7, 'en_cisd': True, 'k': 3, 'en_cap_bars': True, 'cap_1min': 1206}.
[I 2026-07-13 17:36:54,243] Trial 639 pruned. 
[I 2026-07-13 17:36:54,496] Trial 640 finished with values: [756.4986901904922, -700.0, 40.599999999999994] and parameters: {'sl_soft': 16.53284872548906, 'sl_hard_delta': 43.05437771749679, 'tp': 51.099967254759335, 'gate_pct': 33.56638011646498, 'dd_limit': 7287.8670146700415, 'cooldown': 13, 'flip': True, 'en_ema_trend': False, 'ema_trend_fast': 29, 'ema_trend_slow': 274, 'en_sma_trend': True, 'sma_trend_fast': 99, 'sma_trend_slow': 263, 'en_macd': False, 'macd_fast': 87, 'macd_slow': 150, 'macd_signal': 1, 'en_vwap': True, 'en_keltner': True, 'keltner_n': 73, 'keltner_m': 3.8000000000000003, 'en_obv': True, 'obv_slope': 162, 'en_cci': False, 'cci_n': 143, 'cci_threshold': 205, 'en_rsi': False, 'rsi_n': 8, 'rsi_lower': 15, 'rsi_upper': 75, 'en_stochastic': False, 'stochastic_n': 68, 'stochastic_d': 4, 'stochastic_lower': 2, 'stochastic_upper': 52, 'en_mfi': True, 'mfi_n': 66, 'mfi_lower': 28, 'mfi_upper': 92, 'en_bollinger': False, 'bollinger_n': 118, 'bollinger_k': 1.8, 'en_adx': False, 'adx_n': 59, 'adx_threshold': 55, 'en_structure_trend': True, 'structure_trend_swing_l': 18, 'en_order_block': False, 'order_block_swing_l': 11, 'en_fvg': True, 'fvg_lookback': 15, 'en_ifvg': False, 'en_breaker': True, 'breaker_swing_l': 10, 'en_cisd': True, 'k': 5, 'en_cap_bars': True, 'cap_1min': 1388}.
[I 2026-07-13 17:36:54,877] Trial 641 finished with values: [2519.967094054191, -1270.840384626863, 51.3] and parameters: {'sl_soft': 18.688123795390414, 'sl_hard_delta': 38.89591466729796, 'tp': 34.46883891078241, 'gate_pct': 76.55976188692937, 'dd_limit': 928.2439984695909, 'cooldown': 12, 'flip': True, 'en_ema_trend': True, 'ema_trend_fast': 208, 'ema_trend_slow': 250, 'en_sma_trend': False, 'sma_trend_fast': 142, 'sma_trend_slow': 143, 'en_macd': False, 'macd_fast': 91, 'macd_slow': 48, 'macd_signal': 1, 'en_vwap': True, 'en_keltner': False, 'keltner_n': 137, 'keltner_m': 4.6000000000000005, 'en_obv': False, 'obv_slope': 186, 'en_cci': False, 'cci_n': 143, 'cci_threshold': 205, 'en_rsi': True, 'rsi_n': 8, 'rsi_lower': 7, 'rsi_upper': 91, 'en_stochastic': False, 'stochastic_n': 99, 'stochastic_d': 4, 'stochastic_lower': 16, 'stochastic_upper': 57, 'en_mfi': True, 'mfi_n': 61, 'mfi_lower': 26, 'mfi_upper': 92, 'en_bollinger': False, 'bollinger_n': 69, 'bollinger_k': 1.8, 'en_adx': False, 'adx_n': 81, 'adx_threshold': 55, 'en_structure_trend': True, 'structure_trend_swing_l': 18, 'en_order_block': False, 'order_block_swing_l': 11, 'en_fvg': False, 'fvg_lookback': 36, 'en_ifvg': False, 'en_breaker': False, 'breaker_swing_l': 17, 'en_cisd': True, 'k': 4, 'en_cap_bars': True, 'cap_1min': 608}.
[I 2026-07-13 17:36:55,882] Trial 642 finished with values: [1107.5936359861043, -1027.1826130440968, 42.4] and parameters: {'sl_soft': 13.526565860109505, 'sl_hard_delta': 57.09095784154005, 'tp': 41.72700036427423, 'gate_pct': 84.18980078267379, 'dd_limit': 1393.7003097166044, 'cooldown': 27, 'flip': True, 'en_ema_trend': True, 'ema_trend_fast': 41, 'ema_trend_slow': 85, 'en_sma_trend': False, 'sma_trend_fast': 154, 'sma_trend_slow': 263, 'en_macd': True, 'macd_fast': 44, 'macd_slow': 53, 'macd_signal': 64, 'en_vwap': False, 'en_keltner': True, 'keltner_n': 88, 'keltner_m': 1.7000000000000002, 'en_obv': False, 'obv_slope': 15, 'en_cci': False, 'cci_n': 195, 'cci_threshold': 145, 'en_rsi': False, 'rsi_n': 80, 'rsi_lower': 43, 'rsi_upper': 91, 'en_stochastic': False, 'stochastic_n': 71, 'stochastic_d': 34, 'stochastic_lower': 33, 'stochastic_upper': 88, 'en_mfi': True, 'mfi_n': 71, 'mfi_lower': 42, 'mfi_upper': 79, 'en_bollinger': True, 'bollinger_n': 187, 'bollinger_k': 3.2, 'en_adx': False, 'adx_n': 81, 'adx_threshold': 19, 'en_structure_trend': True, 'structure_trend_swing_l': 20, 'en_order_block': True, 'order_block_swing_l': 19, 'en_fvg': True, 'fvg_lookback': 16, 'en_ifvg': False, 'en_breaker': True, 'breaker_swing_l': 1, 'en_cisd': False, 'k': 3, 'en_cap_bars': True, 'cap_1min': 1208}.
[I 2026-07-13 17:36:57,760] Trial 643 finished with values: [728.3670221292414, -930.0, 43.650000000000006] and parameters: {'sl_soft': 16.53284872548906, 'sl_hard_delta': 43.05437771749679, 'tp': 42.717340442581346, 'gate_pct': 33.41518335180748, 'dd_limit': 9308.14469807598, 'cooldown': 13, 'flip': True, 'en_ema_trend': True, 'ema_trend_fast': 59, 'ema_trend_slow': 135, 'en_sma_trend': True, 'sma_trend_fast': 128, 'sma_trend_slow': 263, 'en_macd': False, 'macd_fast': 87, 'macd_slow': 150, 'macd_signal': 1, 'en_vwap': False, 'en_keltner': True, 'keltner_n': 105, 'keltner_m': 1.8, 'en_obv': True, 'obv_slope': 186, 'en_cci': False, 'cci_n': 41, 'cci_threshold': 205, 'en_rsi': False, 'rsi_n': 8, 'rsi_lower': 15, 'rsi_upper': 87, 'en_stochastic': False, 'stochastic_n': 68, 'stochastic_d': 34, 'stochastic_lower': 36, 'stochastic_upper': 63, 'en_mfi': False, 'mfi_n': 66, 'mfi_lower': 42, 'mfi_upper': 92, 'en_bollinger': False, 'bollinger_n': 10, 'bollinger_k': 3.7, 'en_adx': False, 'adx_n': 73, 'adx_threshold': 55, 'en_structure_trend': True, 'structure_trend_swing_l': 18, 'en_order_block': True, 'order_block_swing_l': 15, 'en_fvg': True, 'fvg_lookback': 38, 'en_ifvg': False, 'en_breaker': False, 'breaker_swing_l': 6, 'en_cisd': True, 'k': 5, 'en_cap_bars': True, 'cap_1min': 1388}.
[I 2026-07-13 17:36:58,564] Trial 644 finished with values: [58.27723279835482, -1191.106885747431, 50.35] and parameters: {'sl_soft': 16.38720937773672, 'sl_hard_delta': 15.68658300542352, 'tp': 46.56962981112915, 'gate_pct': 84.18980078267379, 'dd_limit': 9308.14469807598, 'cooldown': 27, 'flip': True, 'en_ema_trend': True, 'ema_trend_fast': 41, 'ema_trend_slow': 85, 'en_sma_trend': False, 'sma_trend_fast': 168, 'sma_trend_slow': 163, 'en_macd': False, 'macd_fast': 44, 'macd_slow': 53, 'macd_signal': 64, 'en_vwap': True, 'en_keltner': False, 'keltner_n': 94, 'keltner_m': 4.1, 'en_obv': False, 'obv_slope': 186, 'en_cci': False, 'cci_n': 182, 'cci_threshold': 290, 'en_rsi': False, 'rsi_n': 46, 'rsi_lower': 13, 'rsi_upper': 60, 'en_stochastic': False, 'stochastic_n': 47, 'stochastic_d': 12, 'stochastic_lower': 2, 'stochastic_upper': 97, 'en_mfi': False, 'mfi_n': 90, 'mfi_lower': 42, 'mfi_upper': 65, 'en_bollinger': False, 'bollinger_n': 136, 'bollinger_k': 3.2, 'en_adx': True, 'adx_n': 11, 'adx_threshold': 6, 'en_structure_trend': True, 'structure_trend_swing_l': 18, 'en_order_block': False, 'order_block_swing_l': 19, 'en_fvg': True, 'fvg_lookback': 3, 'en_ifvg': False, 'en_breaker': False, 'breaker_swing_l': 10, 'en_cisd': False, 'k': 4, 'en_cap_bars': True, 'cap_1min': 3}.
[I 2026-07-13 17:36:59,650] Trial 645 finished with values: [608.2323182348046, -1081.2464435686707, 47.15] and parameters: {'sl_soft': 18.688123795390414, 'sl_hard_delta': 43.05437771749679, 'tp': 34.46883891078241, 'gate_pct': 67.43945106994327, 'dd_limit': 7599.859331372681, 'cooldown': 27, 'flip': True, 'en_ema_trend': True, 'ema_trend_fast': 14, 'ema_trend_slow': 250, 'en_sma_trend': True, 'sma_trend_fast': 44, 'sma_trend_slow': 329, 'en_macd': False, 'macd_fast': 91, 'macd_slow': 116, 'macd_signal': 13, 'en_vwap': True, 'en_keltner': True, 'keltner_n': 137, 'keltner_m': 4.5, 'en_obv': False, 'obv_slope': 186, 'en_cci': False, 'cci_n': 195, 'cci_threshold': 195, 'en_rsi': False, 'rsi_n': 99, 'rsi_lower': 25, 'rsi_upper': 87, 'en_stochastic': False, 'stochastic_n': 6, 'stochastic_d': 36, 'stochastic_lower': 20, 'stochastic_upper': 57, 'en_mfi': False, 'mfi_n': 7, 'mfi_lower': 21, 'mfi_upper': 53, 'en_bollinger': False, 'bollinger_n': 163, 'bollinger_k': 1.6, 'en_adx': False, 'adx_n': 81, 'adx_threshold': 55, 'en_structure_trend': True, 'structure_trend_swing_l': 18, 'en_order_block': False, 'order_block_swing_l': 9, 'en_fvg': True, 'fvg_lookback': 15, 'en_ifvg': True, 'en_breaker': False, 'breaker_swing_l': 17, 'en_cisd': False, 'k': 5, 'en_cap_bars': False, 'cap_1min': 608}.
[I 2026-07-13 17:37:02,464] Trial 646 finished with values: [581.3611179173313, -600.0, 41.45] and parameters: {'sl_soft': 16.53284872548906, 'sl_hard_delta': 43.05437771749679, 'tp': 46.56962981112915, 'gate_pct': 33.41518335180748, 'dd_limit': 9571.486532588566, 'cooldown': 9, 'flip': True, 'en_ema_trend': True, 'ema_trend_fast': 29, 'ema_trend_slow': 135, 'en_sma_trend': False, 'sma_trend_fast': 128, 'sma_trend_slow': 263, 'en_macd': True, 'macd_fast': 87, 'macd_slow': 150, 'macd_signal': 1, 'en_vwap': True, 'en_keltner': True, 'keltner_n': 115, 'keltner_m': 3.6, 'en_obv': True, 'obv_slope': 167, 'en_cci': False, 'cci_n': 195, 'cci_threshold': 290, 'en_rsi': False, 'rsi_n': 74, 'rsi_lower': 39, 'rsi_upper': 84, 'en_stochastic': False, 'stochastic_n': 14, 'stochastic_d': 34, 'stochastic_lower': 2, 'stochastic_upper': 97, 'en_mfi': True, 'mfi_n': 66, 'mfi_lower': 10, 'mfi_upper': 92, 'en_bollinger': False, 'bollinger_n': 136, 'bollinger_k': 3.7, 'en_adx': False, 'adx_n': 73, 'adx_threshold': 6, 'en_structure_trend': True, 'structure_trend_swing_l': 18, 'en_order_block': True, 'order_block_swing_l': 9, 'en_fvg': True, 'fvg_lookback': 15, 'en_ifvg': False, 'en_breaker': True, 'breaker_swing_l': 15, 'en_cisd': True, 'k': 5, 'en_cap_bars': True, 'cap_1min': 412}.
[I 2026-07-13 17:37:07,902] Trial 647 finished with values: [214.10872990565622, -1568.5476112227116, 36.349999999999994] and parameters: {'sl_soft': 13.526565860109505, 'sl_hard_delta': 57.09095784154005, 'tp': 41.72700036427423, 'gate_pct': 74.50813821223942, 'dd_limit': 9508.627019250667, 'cooldown': 12, 'flip': True, 'en_ema_trend': True, 'ema_trend_fast': 200, 'ema_trend_slow': 346, 'en_sma_trend': True, 'sma_trend_fast': 7, 'sma_trend_slow': 265, 'en_macd': True, 'macd_fast': 44, 'macd_slow': 53, 'macd_signal': 66, 'en_vwap': False, 'en_keltner': True, 'keltner_n': 94, 'keltner_m': 1.7000000000000002, 'en_obv': True, 'obv_slope': 15, 'en_cci': False, 'cci_n': 195, 'cci_threshold': 145, 'en_rsi': False, 'rsi_n': 46, 'rsi_lower': 13, 'rsi_upper': 91, 'en_stochastic': True, 'stochastic_n': 71, 'stochastic_d': 36, 'stochastic_lower': 33, 'stochastic_upper': 88, 'en_mfi': False, 'mfi_n': 26, 'mfi_lower': 19, 'mfi_upper': 65, 'en_bollinger': True, 'bollinger_n': 187, 'bollinger_k': 2.6, 'en_adx': False, 'adx_n': 81, 'adx_threshold': 32, 'en_structure_trend': True, 'structure_trend_swing_l': 14, 'en_order_block': False, 'order_block_swing_l': 11, 'en_fvg': True, 'fvg_lookback': 47, 'en_ifvg': False, 'en_breaker': True, 'breaker_swing_l': 10, 'en_cisd': False, 'k': 3, 'en_cap_bars': True, 'cap_1min': 1002}.
[I 2026-07-13 17:37:08,223] Trial 648 finished with values: [625.4026608774984, -575.0, 46.9] and parameters: {'sl_soft': 16.38720937773672, 'sl_hard_delta': 42.2746926827138, 'tp': 46.56962981112915, 'gate_pct': 33.41518335180748, 'dd_limit': 7287.8670146700415, 'cooldown': 27, 'flip': True, 'en_ema_trend': True, 'ema_trend_fast': 41, 'ema_trend_slow': 85, 'en_sma_trend': False, 'sma_trend_fast': 357, 'sma_trend_slow': 263, 'en_macd': False, 'macd_fast': 44, 'macd_slow': 53, 'macd_signal': 1, 'en_vwap': True, 'en_keltner': True, 'keltner_n': 73, 'keltner_m': 4.1, 'en_obv': True, 'obv_slope': 167, 'en_cci': False, 'cci_n': 182, 'cci_threshold': 115, 'en_rsi': False, 'rsi_n': 8, 'rsi_lower': 13, 'rsi_upper': 57, 'en_stochastic': False, 'stochastic_n': 47, 'stochastic_d': 34, 'stochastic_lower': 33, 'stochastic_upper': 62, 'en_mfi': True, 'mfi_n': 90, 'mfi_lower': 24, 'mfi_upper': 65, 'en_bollinger': False, 'bollinger_n': 136, 'bollinger_k': 3.2, 'en_adx': False, 'adx_n': 71, 'adx_threshold': 55, 'en_structure_trend': True, 'structure_trend_swing_l': 18, 'en_order_block': False, 'order_block_swing_l': 19, 'en_fvg': True, 'fvg_lookback': 47, 'en_ifvg': False, 'en_breaker': False, 'breaker_swing_l': 1, 'en_cisd': False, 'k': 4, 'en_cap_bars': False, 'cap_1min': 3}.
[I 2026-07-13 17:37:10,268] Trial 649 finished with values: [839.6427119053442, -3075.0089892955657, 58.55] and parameters: {'sl_soft': 41.80574247052053, 'sl_hard_delta': 43.05437771749679, 'tp': 42.717340442581346, 'gate_pct': 84.18980078267379, 'dd_limit': 9308.14469807598, 'cooldown': 13, 'flip': True, 'en_ema_trend': False, 'ema_trend_fast': 230, 'ema_trend_slow': 274, 'en_sma_trend': False, 'sma_trend_fast': 142, 'sma_trend_slow': 384, 'en_macd': False, 'macd_fast': 87, 'macd_slow': 150, 'macd_signal': 100, 'en_vwap': True, 'en_keltner': True, 'keltner_n': 171, 'keltner_m': 3.8000000000000003, 'en_obv': False, 'obv_slope': 92, 'en_cci': False, 'cci_n': 143, 'cci_threshold': 290, 'en_rsi': False, 'rsi_n': 8, 'rsi_lower': 7, 'rsi_upper': 69, 'en_stochastic': False, 'stochastic_n': 71, 'stochastic_d': 31, 'stochastic_lower': 36, 'stochastic_upper': 86, 'en_mfi': True, 'mfi_n': 61, 'mfi_lower': 28, 'mfi_upper': 92, 'en_bollinger': False, 'bollinger_n': 118, 'bollinger_k': 3.7, 'en_adx': False, 'adx_n': 81, 'adx_threshold': 19, 'en_structure_trend': True, 'structure_trend_swing_l': 18, 'en_order_block': False, 'order_block_swing_l': 9, 'en_fvg': True, 'fvg_lookback': 15, 'en_ifvg': False, 'en_breaker': False, 'breaker_swing_l': 19, 'en_cisd': False, 'k': 3, 'en_cap_bars': False, 'cap_1min': 608}.
[I 2026-07-13 17:37:10,807] Trial 650 finished with values: [994.0736710227793, -625.0, 41.55] and parameters: {'sl_soft': 11.097581488766851, 'sl_hard_delta': 43.05437771749679, 'tp': 42.717340442581346, 'gate_pct': 33.41518335180748, 'dd_limit': 7287.8670146700415, 'cooldown': 13, 'flip': True, 'en_ema_trend': True, 'ema_trend_fast': 29, 'ema_trend_slow': 274, 'en_sma_trend': True, 'sma_trend_fast': 307, 'sma_trend_slow': 263, 'en_macd': False, 'macd_fast': 44, 'macd_slow': 150, 'macd_signal': 1, 'en_vwap': False, 'en_keltner': True, 'keltner_n': 105, 'keltner_m': 4.5, 'en_obv': True, 'obv_slope': 186, 'en_cci': False, 'cci_n': 41, 'cci_threshold': 205, 'en_rsi': False, 'rsi_n': 62, 'rsi_lower': 15, 'rsi_upper': 84, 'en_stochastic': False, 'stochastic_n': 14, 'stochastic_d': 4, 'stochastic_lower': 2, 'stochastic_upper': 63, 'en_mfi': True, 'mfi_n': 66, 'mfi_lower': 8, 'mfi_upper': 93, 'en_bollinger': False, 'bollinger_n': 136, 'bollinger_k': 3.7, 'en_adx': False, 'adx_n': 81, 'adx_threshold': 55, 'en_structure_trend': True, 'structure_trend_swing_l': 18, 'en_order_block': False, 'order_block_swing_l': 10, 'en_fvg': True, 'fvg_lookback': 15, 'en_ifvg': False, 'en_breaker': True, 'breaker_swing_l': 15, 'en_cisd': True, 'k': 5, 'en_cap_bars': False, 'cap_1min': 1388}.
[I 2026-07-13 17:37:11,109] Trial 651 finished with values: [2048.7937548628906, -2291.094797443002, 64.95] and parameters: {'sl_soft': 41.80574247052053, 'sl_hard_delta': 6.313902063185736, 'tp': 42.717340442581346, 'gate_pct': 84.18980078267379, 'dd_limit': 6200.963660003925, 'cooldown': 0, 'flip': True, 'en_ema_trend': True, 'ema_trend_fast': 59, 'ema_trend_slow': 135, 'en_sma_trend': True, 'sma_trend_fast': 128, 'sma_trend_slow': 384, 'en_macd': True, 'macd_fast': 24, 'macd_slow': 150, 'macd_signal': 86, 'en_vwap': True, 'en_keltner': True, 'keltner_n': 171, 'keltner_m': 4.5, 'en_obv': True, 'obv_slope': 12, 'en_cci': False, 'cci_n': 182, 'cci_threshold': 145, 'en_rsi': False, 'rsi_n': 74, 'rsi_lower': 43, 'rsi_upper': 98, 'en_stochastic': False, 'stochastic_n': 8, 'stochastic_d': 2, 'stochastic_lower': 36, 'stochastic_upper': 57, 'en_mfi': True, 'mfi_n': 26, 'mfi_lower': 40, 'mfi_upper': 61, 'en_bollinger': False, 'bollinger_n': 22, 'bollinger_k': 3.7, 'en_adx': False, 'adx_n': 47, 'adx_threshold': 6, 'en_structure_trend': True, 'structure_trend_swing_l': 19, 'en_order_block': True, 'order_block_swing_l': 10, 'en_fvg': True, 'fvg_lookback': 24, 'en_ifvg': True, 'en_breaker': True, 'breaker_swing_l': 15, 'en_cisd': True, 'k': 3, 'en_cap_bars': True, 'cap_1min': 1002}.
[I 2026-07-13 17:37:15,848] Trial 652 finished with values: [419.49047670033906, -559.5634937662544, 50.95] and parameters: {'sl_soft': 37.49132233815045, 'sl_hard_delta': 15.421376415097182, 'tp': 46.56962981112915, 'gate_pct': 84.18980078267379, 'dd_limit': 7287.8670146700415, 'cooldown': 27, 'flip': True, 'en_ema_trend': False, 'ema_trend_fast': 41, 'ema_trend_slow': 58, 'en_sma_trend': False, 'sma_trend_fast': 118, 'sma_trend_slow': 163, 'en_macd': False, 'macd_fast': 26, 'macd_slow': 53, 'macd_signal': 64, 'en_vwap': True, 'en_keltner': True, 'keltner_n': 88, 'keltner_m': 1.8, 'en_obv': False, 'obv_slope': 186, 'en_cci': False, 'cci_n': 195, 'cci_threshold': 115, 'en_rsi': False, 'rsi_n': 8, 'rsi_lower': 43, 'rsi_upper': 57, 'en_stochastic': True, 'stochastic_n': 66, 'stochastic_d': 34, 'stochastic_lower': 33, 'stochastic_upper': 86, 'en_mfi': False, 'mfi_n': 36, 'mfi_lower': 42, 'mfi_upper': 65, 'en_bollinger': False, 'bollinger_n': 136, 'bollinger_k': 3.2, 'en_adx': False, 'adx_n': 71, 'adx_threshold': 55, 'en_structure_trend': True, 'structure_trend_swing_l': 20, 'en_order_block': False, 'order_block_swing_l': 19, 'en_fvg': True, 'fvg_lookback': 16, 'en_ifvg': False, 'en_breaker': False, 'breaker_swing_l': 1, 'en_cisd': False, 'k': 5, 'en_cap_bars': True, 'cap_1min': 3}.
[I 2026-07-13 17:37:16,089] Trial 653 finished with values: [1104.0800145710818, -662.7299963572295, 53.099999999999994] and parameters: {'sl_soft': 13.526565860109505, 'sl_hard_delta': 57.09095784154005, 'tp': 41.72700036427423, 'gate_pct': 74.50813821223942, 'dd_limit': 1393.7003097166044, 'cooldown': 2, 'flip': True, 'en_ema_trend': True, 'ema_trend_fast': 200, 'ema_trend_slow': 250, 'en_sma_trend': True, 'sma_trend_fast': 154, 'sma_trend_slow': 265, 'en_macd': True, 'macd_fast': 63, 'macd_slow': 116, 'macd_signal': 66, 'en_vwap': False, 'en_keltner': True, 'keltner_n': 73, 'keltner_m': 1.7000000000000002, 'en_obv': False, 'obv_slope': 15, 'en_cci': False, 'cci_n': 195, 'cci_threshold': 155, 'en_rsi': False, 'rsi_n': 46, 'rsi_lower': 23, 'rsi_upper': 91, 'en_stochastic': True, 'stochastic_n': 71, 'stochastic_d': 12, 'stochastic_lower': 33, 'stochastic_upper': 88, 'en_mfi': True, 'mfi_n': 26, 'mfi_lower': 19, 'mfi_upper': 79, 'en_bollinger': False, 'bollinger_n': 187, 'bollinger_k': 2.6, 'en_adx': False, 'adx_n': 81, 'adx_threshold': 55, 'en_structure_trend': True, 'structure_trend_swing_l': 7, 'en_order_block': True, 'order_block_swing_l': 11, 'en_fvg': False, 'fvg_lookback': 38, 'en_ifvg': True, 'en_breaker': False, 'breaker_swing_l': 7, 'en_cisd': False, 'k': 3, 'en_cap_bars': True, 'cap_1min': 1002}.
