[I 2026-07-13 17:55:50,730] Trial 1790 finished with values: [999.3024319239521, -435.0, 56.55] and parameters: {'sl_soft': 18.688123795390414, 'sl_hard_delta': 38.89591466729796, 'tp': 34.46883891078241, 'gate_pct': 33.41518335180748, 'dd_limit': 9571.486532588566, 'cooldown': 21, 'flip': True, 'en_ema_trend': True, 'ema_trend_fast': 29, 'ema_trend_slow': 274, 'en_sma_trend': False, 'sma_trend_fast': 128, 'sma_trend_slow': 381, 'en_macd': False, 'macd_fast': 91, 'macd_slow': 48, 'macd_signal': 3, 'en_vwap': True, 'en_keltner': True, 'keltner_n': 171, 'keltner_m': 3.8000000000000003, 'en_obv': False, 'obv_slope': 167, 'en_cci': False, 'cci_n': 143, 'cci_threshold': 205, 'en_rsi': False, 'rsi_n': 74, 'rsi_lower': 15, 'rsi_upper': 84, 'en_stochastic': False, 'stochastic_n': 68, 'stochastic_d': 4, 'stochastic_lower': 2, 'stochastic_upper': 66, 'en_mfi': True, 'mfi_n': 61, 'mfi_lower': 24, 'mfi_upper': 92, 'en_bollinger': False, 'bollinger_n': 118, 'bollinger_k': 3.2, 'en_adx': False, 'adx_n': 81, 'adx_threshold': 55, 'en_structure_trend': True, 'structure_trend_swing_l': 18, 'en_order_block': False, 'order_block_swing_l': 11, 'en_fvg': True, 'fvg_lookback': 47, 'en_ifvg': False, 'en_breaker': True, 'breaker_swing_l': 10, 'en_cisd': True, 'k': 4, 'en_cap_bars': True, 'cap_1min': 412}.
[I 2026-07-13 17:55:51,200] Trial 1791 finished with values: [651.9523198493152, -1261.4132977870759, 52.1] and parameters: {'sl_soft': 41.80574247052053, 'sl_hard_delta': 36.434712687846684, 'tp': 42.717340442581346, 'gate_pct': 84.18980078267379, 'dd_limit': 3617.657841686699, 'cooldown': 0, 'flip': True, 'en_ema_trend': True, 'ema_trend_fast': 29, 'ema_trend_slow': 135, 'en_sma_trend': False, 'sma_trend_fast': 128, 'sma_trend_slow': 384, 'en_macd': False, 'macd_fast': 44, 'macd_slow': 97, 'macd_signal': 86, 'en_vwap': True, 'en_keltner': False, 'keltner_n': 171, 'keltner_m': 4.5, 'en_obv': True, 'obv_slope': 12, 'en_cci': False, 'cci_n': 13, 'cci_threshold': 145, 'en_rsi': False, 'rsi_n': 74, 'rsi_lower': 43, 'rsi_upper': 57, 'en_stochastic': False, 'stochastic_n': 6, 'stochastic_d': 2, 'stochastic_lower': 2, 'stochastic_upper': 68, 'en_mfi': True, 'mfi_n': 66, 'mfi_lower': 24, 'mfi_upper': 61, 'en_bollinger': False, 'bollinger_n': 118, 'bollinger_k': 3.1, 'en_adx': False, 'adx_n': 71, 'adx_threshold': 32, 'en_structure_trend': True, 'structure_trend_swing_l': 18, 'en_order_block': True, 'order_block_swing_l': 9, 'en_fvg': True, 'fvg_lookback': 24, 'en_ifvg': False, 'en_breaker': True, 'breaker_swing_l': 15, 'en_cisd': True, 'k': 4, 'en_cap_bars': True, 'cap_1min': 3}.
[I 2026-07-13 17:55:51,555] Trial 1792 finished with values: [1850.8215288312203, -1606.6799239027023, 50.35] and parameters: {'sl_soft': 18.688123795390414, 'sl_hard_delta': 43.05437771749679, 'tp': 34.46883891078241, 'gate_pct': 76.55976188692937, 'dd_limit': 9308.14469807598, 'cooldown': 12, 'flip': True, 'en_ema_trend': True, 'ema_trend_fast': 29, 'ema_trend_slow': 135, 'en_sma_trend': False, 'sma_trend_fast': 118, 'sma_trend_slow': 263, 'en_macd': False, 'macd_fast': 87, 'macd_slow': 150, 'macd_signal': 28, 'en_vwap': True, 'en_keltner': True, 'keltner_n': 88, 'keltner_m': 1.8, 'en_obv': True, 'obv_slope': 12, 'en_cci': False, 'cci_n': 143, 'cci_threshold': 290, 'en_rsi': False, 'rsi_n': 80, 'rsi_lower': 15, 'rsi_upper': 87, 'en_stochastic': False, 'stochastic_n': 6, 'stochastic_d': 31, 'stochastic_lower': 2, 'stochastic_upper': 63, 'en_mfi': True, 'mfi_n': 61, 'mfi_lower': 26, 'mfi_upper': 92, 'en_bollinger': False, 'bollinger_n': 175, 'bollinger_k': 1.8, 'en_adx': False, 'adx_n': 73, 'adx_threshold': 6, 'en_structure_trend': True, 'structure_trend_swing_l': 18, 'en_order_block': False, 'order_block_swing_l': 15, 'en_fvg': True, 'fvg_lookback': 10, 'en_ifvg': False, 'en_breaker': False, 'breaker_swing_l': 6, 'en_cisd': True, 'k': 5, 'en_cap_bars': True, 'cap_1min': 412}.
[I 2026-07-13 17:55:51,885] Trial 1793 finished with values: [287.5, -155.0, 55.0] and parameters: {'sl_soft': 16.53284872548906, 'sl_hard_delta': 43.05437771749679, 'tp': 42.717340442581346, 'gate_pct': 33.56638011646498, 'dd_limit': 7287.8670146700415, 'cooldown': 0, 'flip': True, 'en_ema_trend': False, 'ema_trend_fast': 29, 'ema_trend_slow': 274, 'en_sma_trend': False, 'sma_trend_fast': 128, 'sma_trend_slow': 295, 'en_macd': False, 'macd_fast': 44, 'macd_slow': 150, 'macd_signal': 64, 'en_vwap': True, 'en_keltner': True, 'keltner_n': 73, 'keltner_m': 2.3, 'en_obv': False, 'obv_slope': 186, 'en_cci': False, 'cci_n': 182, 'cci_threshold': 290, 'en_rsi': False, 'rsi_n': 74, 'rsi_lower': 15, 'rsi_upper': 80, 'en_stochastic': False, 'stochastic_n': 68, 'stochastic_d': 34, 'stochastic_lower': 36, 'stochastic_upper': 62, 'en_mfi': True, 'mfi_n': 66, 'mfi_lower': 24, 'mfi_upper': 92, 'en_bollinger': True, 'bollinger_n': 118, 'bollinger_k': 1.8, 'en_adx': False, 'adx_n': 73, 'adx_threshold': 55, 'en_structure_trend': True, 'structure_trend_swing_l': 18, 'en_order_block': False, 'order_block_swing_l': 11, 'en_fvg': True, 'fvg_lookback': 47, 'en_ifvg': False, 'en_breaker': False, 'breaker_swing_l': 15, 'en_cisd': True, 'k': 4, 'en_cap_bars': True, 'cap_1min': 3}.
[I 2026-07-13 17:55:52,301] Trial 1794 finished with values: [1048.3670221292414, -646.4132977870759, 57.1] and parameters: {'sl_soft': 16.38720937773672, 'sl_hard_delta': 43.05437771749679, 'tp': 42.717340442581346, 'gate_pct': 33.56638011646498, 'dd_limit': 9308.14469807598, 'cooldown': 0, 'flip': True, 'en_ema_trend': True, 'ema_trend_fast': 29, 'ema_trend_slow': 274, 'en_sma_trend': False, 'sma_trend_fast': 92, 'sma_trend_slow': 396, 'en_macd': False, 'macd_fast': 44, 'macd_slow': 150, 'macd_signal': 64, 'en_vwap': True, 'en_keltner': True, 'keltner_n': 105, 'keltner_m': 3.8000000000000003, 'en_obv': True, 'obv_slope': 186, 'en_cci': False, 'cci_n': 182, 'cci_threshold': 290, 'en_rsi': False, 'rsi_n': 89, 'rsi_lower': 15, 'rsi_upper': 80, 'en_stochastic': False, 'stochastic_n': 83, 'stochastic_d': 4, 'stochastic_lower': 2, 'stochastic_upper': 62, 'en_mfi': True, 'mfi_n': 66, 'mfi_lower': 24, 'mfi_upper': 65, 'en_bollinger': True, 'bollinger_n': 118, 'bollinger_k': 1.8, 'en_adx': False, 'adx_n': 71, 'adx_threshold': 32, 'en_structure_trend': True, 'structure_trend_swing_l': 18, 'en_order_block': False, 'order_block_swing_l': 11, 'en_fvg': False, 'fvg_lookback': 47, 'en_ifvg': False, 'en_breaker': False, 'breaker_swing_l': 15, 'en_cisd': True, 'k': 4, 'en_cap_bars': False, 'cap_1min': 3}.
[I 2026-07-13 17:55:53,099] Trial 1795 finished with values: [1283.1656619854402, -1135.3774717568012, 40.95] and parameters: {'sl_soft': 16.53284872548906, 'sl_hard_delta': 43.05437771749679, 'tp': 51.51173209162248, 'gate_pct': 84.18980078267379, 'dd_limit': 9308.14469807598, 'cooldown': 0, 'flip': True, 'en_ema_trend': True, 'ema_trend_fast': 59, 'ema_trend_slow': 135, 'en_sma_trend': False, 'sma_trend_fast': 128, 'sma_trend_slow': 384, 'en_macd': True, 'macd_fast': 24, 'macd_slow': 150, 'macd_signal': 64, 'en_vwap': True, 'en_keltner': True, 'keltner_n': 88, 'keltner_m': 1.8, 'en_obv': True, 'obv_slope': 12, 'en_cci': False, 'cci_n': 182, 'cci_threshold': 145, 'en_rsi': False, 'rsi_n': 74, 'rsi_lower': 15, 'rsi_upper': 87, 'en_stochastic': False, 'stochastic_n': 8, 'stochastic_d': 34, 'stochastic_lower': 36, 'stochastic_upper': 63, 'en_mfi': True, 'mfi_n': 66, 'mfi_lower': 16, 'mfi_upper': 61, 'en_bollinger': False, 'bollinger_n': 10, 'bollinger_k': 3.7, 'en_adx': False, 'adx_n': 73, 'adx_threshold': 6, 'en_structure_trend': True, 'structure_trend_swing_l': 19, 'en_order_block': True, 'order_block_swing_l': 15, 'en_fvg': True, 'fvg_lookback': 10, 'en_ifvg': True, 'en_breaker': True, 'breaker_swing_l': 15, 'en_cisd': True, 'k': 3, 'en_cap_bars': True, 'cap_1min': 412}.
[I 2026-07-13 17:55:53,931] Trial 1796 finished with values: [1555.1797513558813, -2375.828074988458, 53.05] and parameters: {'sl_soft': 41.80574247052053, 'sl_hard_delta': 6.313902063185736, 'tp': 51.51173209162248, 'gate_pct': 84.18980078267379, 'dd_limit': 6200.963660003925, 'cooldown': 13, 'flip': True, 'en_ema_trend': True, 'ema_trend_fast': 59, 'ema_trend_slow': 135, 'en_sma_trend': False, 'sma_trend_fast': 128, 'sma_trend_slow': 384, 'en_macd': False, 'macd_fast': 24, 'macd_slow': 97, 'macd_signal': 86, 'en_vwap': True, 'en_keltner': False, 'keltner_n': 88, 'keltner_m': 4.5, 'en_obv': True, 'obv_slope': 12, 'en_cci': False, 'cci_n': 182, 'cci_threshold': 290, 'en_rsi': False, 'rsi_n': 80, 'rsi_lower': 15, 'rsi_upper': 98, 'en_stochastic': False, 'stochastic_n': 8, 'stochastic_d': 2, 'stochastic_lower': 36, 'stochastic_upper': 63, 'en_mfi': True, 'mfi_n': 26, 'mfi_lower': 42, 'mfi_upper': 92, 'en_bollinger': False, 'bollinger_n': 103, 'bollinger_k': 3.7, 'en_adx': False, 'adx_n': 47, 'adx_threshold': 6, 'en_structure_trend': True, 'structure_trend_swing_l': 18, 'en_order_block': True, 'order_block_swing_l': 10, 'en_fvg': True, 'fvg_lookback': 24, 'en_ifvg': False, 'en_breaker': False, 'breaker_swing_l': 6, 'en_cisd': True, 'k': 3, 'en_cap_bars': True, 'cap_1min': 1002}.
[I 2026-07-13 17:55:54,220] Trial 1797 finished with values: [1137.6603732357034, -406.41329778707586, 49.0] and parameters: {'sl_soft': 16.38720937773672, 'sl_hard_delta': 43.05437771749679, 'tp': 42.717340442581346, 'gate_pct': 33.41518335180748, 'dd_limit': 3617.657841686699, 'cooldown': 0, 'flip': True, 'en_ema_trend': True, 'ema_trend_fast': 29, 'ema_trend_slow': 85, 'en_sma_trend': False, 'sma_trend_fast': 128, 'sma_trend_slow': 263, 'en_macd': False, 'macd_fast': 24, 'macd_slow': 53, 'macd_signal': 1, 'en_vwap': True, 'en_keltner': True, 'keltner_n': 105, 'keltner_m': 4.1, 'en_obv': True, 'obv_slope': 167, 'en_cci': False, 'cci_n': 13, 'cci_threshold': 145, 'en_rsi': False, 'rsi_n': 89, 'rsi_lower': 15, 'rsi_upper': 57, 'en_stochastic': False, 'stochastic_n': 6, 'stochastic_d': 4, 'stochastic_lower': 2, 'stochastic_upper': 68, 'en_mfi': True, 'mfi_n': 66, 'mfi_lower': 24, 'mfi_upper': 65, 'en_bollinger': False, 'bollinger_n': 136, 'bollinger_k': 3.2, 'en_adx': False, 'adx_n': 71, 'adx_threshold': 32, 'en_structure_trend': True, 'structure_trend_swing_l': 18, 'en_order_block': False, 'order_block_swing_l': 9, 'en_fvg': True, 'fvg_lookback': 47, 'en_ifvg': False, 'en_breaker': False, 'breaker_swing_l': 15, 'en_cisd': True, 'k': 4, 'en_cap_bars': False, 'cap_1min': 3}.
[I 2026-07-13 17:55:54,611] Trial 1798 finished with values: [1823.08504992694, -1465.285659848596, 39.85] and parameters: {'sl_soft': 16.53284872548906, 'sl_hard_delta': 43.05437771749679, 'tp': 51.51173209162248, 'gate_pct': 84.18980078267379, 'dd_limit': 9308.14469807598, 'cooldown': 0, 'flip': True, 'en_ema_trend': True, 'ema_trend_fast': 59, 'ema_trend_slow': 135, 'en_sma_trend': False, 'sma_trend_fast': 142, 'sma_trend_slow': 93, 'en_macd': True, 'macd_fast': 87, 'macd_slow': 48, 'macd_signal': 61, 'en_vwap': True, 'en_keltner': True, 'keltner_n': 171, 'keltner_m': 4.5, 'en_obv': False, 'obv_slope': 12, 'en_cci': False, 'cci_n': 182, 'cci_threshold': 290, 'en_rsi': False, 'rsi_n': 29, 'rsi_lower': 15, 'rsi_upper': 91, 'en_stochastic': False, 'stochastic_n': 8, 'stochastic_d': 2, 'stochastic_lower': 36, 'stochastic_upper': 97, 'en_mfi': True, 'mfi_n': 26, 'mfi_lower': 40, 'mfi_upper': 93, 'en_bollinger': True, 'bollinger_n': 10, 'bollinger_k': 3.7, 'en_adx': False, 'adx_n': 73, 'adx_threshold': 31, 'en_structure_trend': True, 'structure_trend_swing_l': 18, 'en_order_block': True, 'order_block_swing_l': 11, 'en_fvg': True, 'fvg_lookback': 24, 'en_ifvg': False, 'en_breaker': True, 'breaker_swing_l': 10, 'en_cisd': True, 'k': 4, 'en_cap_bars': True, 'cap_1min': 332}.
[I 2026-07-13 17:55:55,076] Trial 1799 finished with values: [1032.770272111884, -3612.545313633891, 55.1] and parameters: {'sl_soft': 41.80574247052053, 'sl_hard_delta': 43.05437771749679, 'tp': 51.51173209162248, 'gate_pct': 84.18980078267379, 'dd_limit': 6200.963660003925, 'cooldown': 21, 'flip': True, 'en_ema_trend': False, 'ema_trend_fast': 29, 'ema_trend_slow': 135, 'en_sma_trend': True, 'sma_trend_fast': 128, 'sma_trend_slow': 384, 'en_macd': True, 'macd_fast': 91, 'macd_slow': 150, 'macd_signal': 86, 'en_vwap': True, 'en_keltner': False, 'keltner_n': 171, 'keltner_m': 3.8000000000000003, 'en_obv': True, 'obv_slope': 12, 'en_cci': False, 'cci_n': 182, 'cci_threshold': 115, 'en_rsi': False, 'rsi_n': 74, 'rsi_lower': 15, 'rsi_upper': 98, 'en_stochastic': False, 'stochastic_n': 68, 'stochastic_d': 2, 'stochastic_lower': 36, 'stochastic_upper': 52, 'en_mfi': True, 'mfi_n': 26, 'mfi_lower': 24, 'mfi_upper': 92, 'en_bollinger': False, 'bollinger_n': 118, 'bollinger_k': 3.7, 'en_adx': False, 'adx_n': 47, 'adx_threshold': 6, 'en_structure_trend': True, 'structure_trend_swing_l': 19, 'en_order_block': True, 'order_block_swing_l': 11, 'en_fvg': True, 'fvg_lookback': 24, 'en_ifvg': False, 'en_breaker': False, 'breaker_swing_l': 10, 'en_cisd': True, 'k': 2, 'en_cap_bars': True, 'cap_1min': 1388}.
[I 2026-07-13 17:55:55,495] Trial 1800 finished with values: [675.4153228345058, -1345.040052004697, 42.099999999999994] and parameters: {'sl_soft': 16.53284872548906, 'sl_hard_delta': 15.421376415097182, 'tp': 42.717340442581346, 'gate_pct': 92.80779954528938, 'dd_limit': 6200.963660003925, 'cooldown': 0, 'flip': True, 'en_ema_trend': True, 'ema_trend_fast': 271, 'ema_trend_slow': 218, 'en_sma_trend': False, 'sma_trend_fast': 128, 'sma_trend_slow': 384, 'en_macd': False, 'macd_fast': 87, 'macd_slow': 190, 'macd_signal': 3, 'en_vwap': True, 'en_keltner': True, 'keltner_n': 171, 'keltner_m': 4.1, 'en_obv': False, 'obv_slope': 194, 'en_cci': False, 'cci_n': 182, 'cci_threshold': 290, 'en_rsi': False, 'rsi_n': 74, 'rsi_lower': 15, 'rsi_upper': 60, 'en_stochastic': False, 'stochastic_n': 68, 'stochastic_d': 22, 'stochastic_lower': 49, 'stochastic_upper': 86, 'en_mfi': True, 'mfi_n': 26, 'mfi_lower': 40, 'mfi_upper': 61, 'en_bollinger': True, 'bollinger_n': 22, 'bollinger_k': 3.7, 'en_adx': True, 'adx_n': 73, 'adx_threshold': 6, 'en_structure_trend': True, 'structure_trend_swing_l': 18, 'en_order_block': False, 'order_block_swing_l': 11, 'en_fvg': True, 'fvg_lookback': 47, 'en_ifvg': False, 'en_breaker': True, 'breaker_swing_l': 10, 'en_cisd': True, 'k': 4, 'en_cap_bars': True, 'cap_1min': 1002}.
[I 2026-07-13 17:55:55,967] Trial 1801 finished with values: [2898.3957409106733, -1516.5391031386025, 48.7] and parameters: {'sl_soft': 18.688123795390414, 'sl_hard_delta': 43.05437771749679, 'tp': 42.717340442581346, 'gate_pct': 76.55976188692937, 'dd_limit': 9308.14469807598, 'cooldown': 12, 'flip': True, 'en_ema_trend': True, 'ema_trend_fast': 29, 'ema_trend_slow': 85, 'en_sma_trend': True, 'sma_trend_fast': 128, 'sma_trend_slow': 381, 'en_macd': False, 'macd_fast': 87, 'macd_slow': 53, 'macd_signal': 28, 'en_vwap': True, 'en_keltner': True, 'keltner_n': 36, 'keltner_m': 4.1, 'en_obv': False, 'obv_slope': 148, 'en_cci': False, 'cci_n': 143, 'cci_threshold': 145, 'en_rsi': False, 'rsi_n': 74, 'rsi_lower': 7, 'rsi_upper': 87, 'en_stochastic': False, 'stochastic_n': 6, 'stochastic_d': 34, 'stochastic_lower': 36, 'stochastic_upper': 97, 'en_mfi': True, 'mfi_n': 66, 'mfi_lower': 26, 'mfi_upper': 92, 'en_bollinger': False, 'bollinger_n': 10, 'bollinger_k': 3.0, 'en_adx': False, 'adx_n': 81, 'adx_threshold': 59, 'en_structure_trend': True, 'structure_trend_swing_l': 18, 'en_order_block': True, 'order_block_swing_l': 11, 'en_fvg': False, 'fvg_lookback': 49, 'en_ifvg': False, 'en_breaker': False, 'breaker_swing_l': 10, 'en_cisd': True, 'k': 5, 'en_cap_bars': True, 'cap_1min': 412}.
[I 2026-07-13 17:55:57,610] Trial 1802 finished with values: [1257.4372571190725, -1785.934832676503, 48.5] and parameters: {'sl_soft': 18.688123795390414, 'sl_hard_delta': 42.2746926827138, 'tp': 34.46883891078241, 'gate_pct': 84.68288014900352, 'dd_limit': 928.2439984695909, 'cooldown': 12, 'flip': True, 'en_ema_trend': False, 'ema_trend_fast': 29, 'ema_trend_slow': 250, 'en_sma_trend': False, 'sma_trend_fast': 99, 'sma_trend_slow': 143, 'en_macd': False, 'macd_fast': 87, 'macd_slow': 59, 'macd_signal': 64, 'en_vwap': True, 'en_keltner': False, 'keltner_n': 73, 'keltner_m': 4.6000000000000005, 'en_obv': True, 'obv_slope': 186, 'en_cci': False, 'cci_n': 143, 'cci_threshold': 205, 'en_rsi': True, 'rsi_n': 74, 'rsi_lower': 15, 'rsi_upper': 98, 'en_stochastic': False, 'stochastic_n': 99, 'stochastic_d': 4, 'stochastic_lower': 16, 'stochastic_upper': 57, 'en_mfi': True, 'mfi_n': 66, 'mfi_lower': 26, 'mfi_upper': 92, 'en_bollinger': False, 'bollinger_n': 136, 'bollinger_k': 1.8, 'en_adx': False, 'adx_n': 73, 'adx_threshold': 55, 'en_structure_trend': True, 'structure_trend_swing_l': 18, 'en_order_block': False, 'order_block_swing_l': 11, 'en_fvg': False, 'fvg_lookback': 36, 'en_ifvg': False, 'en_breaker': True, 'breaker_swing_l': 15, 'en_cisd': True, 'k': 4, 'en_cap_bars': True, 'cap_1min': 412}.
[I 2026-07-13 17:55:58,031] Trial 1803 finished with values: [3725.148541002309, -1879.9866531757652, 59.95] and parameters: {'sl_soft': 41.80574247052053, 'sl_hard_delta': 43.05437771749679, 'tp': 51.51173209162248, 'gate_pct': 84.18980078267379, 'dd_limit': 6200.963660003925, 'cooldown': 27, 'flip': True, 'en_ema_trend': True, 'ema_trend_fast': 59, 'ema_trend_slow': 135, 'en_sma_trend': False, 'sma_trend_fast': 142, 'sma_trend_slow': 93, 'en_macd': True, 'macd_fast': 91, 'macd_slow': 53, 'macd_signal': 1, 'en_vwap': True, 'en_keltner': False, 'keltner_n': 171, 'keltner_m': 4.5, 'en_obv': False, 'obv_slope': 12, 'en_cci': False, 'cci_n': 143, 'cci_threshold': 145, 'en_rsi': True, 'rsi_n': 29, 'rsi_lower': 7, 'rsi_upper': 91, 'en_stochastic': False, 'stochastic_n': 99, 'stochastic_d': 4, 'stochastic_lower': 16, 'stochastic_upper': 97, 'en_mfi': True, 'mfi_n': 61, 'mfi_lower': 26, 'mfi_upper': 92, 'en_bollinger': False, 'bollinger_n': 69, 'bollinger_k': 3.0, 'en_adx': False, 'adx_n': 81, 'adx_threshold': 6, 'en_structure_trend': True, 'structure_trend_swing_l': 19, 'en_order_block': True, 'order_block_swing_l': 11, 'en_fvg': True, 'fvg_lookback': 9, 'en_ifvg': False, 'en_breaker': True, 'breaker_swing_l': 17, 'en_cisd': True, 'k': 5, 'en_cap_bars': True, 'cap_1min': 1002}.
[I 2026-07-13 17:55:58,365] Trial 1804 finished with values: [674.7268621710828, -390.0, 48.9] and parameters: {'sl_soft': 16.53284872548906, 'sl_hard_delta': 43.05437771749679, 'tp': 42.717340442581346, 'gate_pct': 26.3517884829504, 'dd_limit': 6200.963660003925, 'cooldown': 0, 'flip': True, 'en_ema_trend': True, 'ema_trend_fast': 29, 'ema_trend_slow': 85, 'en_sma_trend': True, 'sma_trend_fast': 128, 'sma_trend_slow': 384, 'en_macd': True, 'macd_fast': 87, 'macd_slow': 150, 'macd_signal': 3, 'en_vwap': True, 'en_keltner': True, 'keltner_n': 36, 'keltner_m': 4.5, 'en_obv': False, 'obv_slope': 12, 'en_cci': False, 'cci_n': 182, 'cci_threshold': 145, 'en_rsi': False, 'rsi_n': 74, 'rsi_lower': 15, 'rsi_upper': 87, 'en_stochastic': False, 'stochastic_n': 68, 'stochastic_d': 34, 'stochastic_lower': 36, 'stochastic_upper': 62, 'en_mfi': True, 'mfi_n': 66, 'mfi_lower': 40, 'mfi_upper': 61, 'en_bollinger': False, 'bollinger_n': 10, 'bollinger_k': 3.7, 'en_adx': False, 'adx_n': 47, 'adx_threshold': 6, 'en_structure_trend': True, 'structure_trend_swing_l': 19, 'en_order_block': False, 'order_block_swing_l': 10, 'en_fvg': False, 'fvg_lookback': 24, 'en_ifvg': False, 'en_breaker': False, 'breaker_swing_l': 10, 'en_cisd': True, 'k': 3, 'en_cap_bars': True, 'cap_1min': 1002}.
[I 2026-07-13 17:55:58,670] Trial 1805 finished with values: [1907.0004037564286, -2092.5080952300777, 63.7] and parameters: {'sl_soft': 41.80574247052053, 'sl_hard_delta': 6.313902063185736, 'tp': 42.717340442581346, 'gate_pct': 84.18980078267379, 'dd_limit': 6200.963660003925, 'cooldown': 0, 'flip': True, 'en_ema_trend': True, 'ema_trend_fast': 29, 'ema_trend_slow': 135, 'en_sma_trend': False, 'sma_trend_fast': 128, 'sma_trend_slow': 384, 'en_macd': False, 'macd_fast': 87, 'macd_slow': 48, 'macd_signal': 86, 'en_vwap': True, 'en_keltner': False, 'keltner_n': 36, 'keltner_m': 4.5, 'en_obv': False, 'obv_slope': 12, 'en_cci': False, 'cci_n': 182, 'cci_threshold': 290, 'en_rsi': False, 'rsi_n': 54, 'rsi_lower': 15, 'rsi_upper': 98, 'en_stochastic': False, 'stochastic_n': 8, 'stochastic_d': 34, 'stochastic_lower': 36, 'stochastic_upper': 62, 'en_mfi': True, 'mfi_n': 26, 'mfi_lower': 40, 'mfi_upper': 61, 'en_bollinger': False, 'bollinger_n': 10, 'bollinger_k': 3.7, 'en_adx': False, 'adx_n': 73, 'adx_threshold': 59, 'en_structure_trend': True, 'structure_trend_swing_l': 18, 'en_order_block': True, 'order_block_swing_l': 11, 'en_fvg': True, 'fvg_lookback': 47, 'en_ifvg': True, 'en_breaker': True, 'breaker_swing_l': 13, 'en_cisd': True, 'k': 3, 'en_cap_bars': True, 'cap_1min': 1002}.
