[I 2026-07-13 17:47:55,313] Trial 1191 finished with values: [2433.794996777233, -1045.0, 51.15] and parameters: {'sl_soft': 18.688123795390414, 'sl_hard_delta': 38.89591466729796, 'tp': 34.46883891078241, 'gate_pct': 76.55976188692937, 'dd_limit': 928.2439984695909, 'cooldown': 13, 'flip': True, 'en_ema_trend': True, 'ema_trend_fast': 208, 'ema_trend_slow': 250, 'en_sma_trend': False, 'sma_trend_fast': 142, 'sma_trend_slow': 44, 'en_macd': False, 'macd_fast': 91, 'macd_slow': 48, 'macd_signal': 3, 'en_vwap': True, 'en_keltner': False, 'keltner_n': 137, 'keltner_m': 4.6000000000000005, 'en_obv': False, 'obv_slope': 186, 'en_cci': False, 'cci_n': 143, 'cci_threshold': 205, 'en_rsi': True, 'rsi_n': 8, 'rsi_lower': 7, 'rsi_upper': 91, 'en_stochastic': False, 'stochastic_n': 99, 'stochastic_d': 31, 'stochastic_lower': 16, 'stochastic_upper': 57, 'en_mfi': True, 'mfi_n': 61, 'mfi_lower': 26, 'mfi_upper': 92, 'en_bollinger': False, 'bollinger_n': 69, 'bollinger_k': 1.8, 'en_adx': False, 'adx_n': 81, 'adx_threshold': 55, 'en_structure_trend': True, 'structure_trend_swing_l': 18, 'en_order_block': False, 'order_block_swing_l': 11, 'en_fvg': False, 'fvg_lookback': 36, 'en_ifvg': False, 'en_breaker': False, 'breaker_swing_l': 11, 'en_cisd': True, 'k': 4, 'en_cap_bars': True, 'cap_1min': 608}.
[I 2026-07-13 17:47:55,633] Trial 1192 finished with values: [290.9658571002183, -555.0, 61.7] and parameters: {'sl_soft': 16.53284872548906, 'sl_hard_delta': 43.05437771749679, 'tp': 19.388754886316853, 'gate_pct': 33.56638011646498, 'dd_limit': 9308.14469807598, 'cooldown': 13, 'flip': True, 'en_ema_trend': True, 'ema_trend_fast': 29, 'ema_trend_slow': 346, 'en_sma_trend': True, 'sma_trend_fast': 128, 'sma_trend_slow': 263, 'en_macd': False, 'macd_fast': 87, 'macd_slow': 176, 'macd_signal': 64, 'en_vwap': False, 'en_keltner': True, 'keltner_n': 88, 'keltner_m': 4.1, 'en_obv': True, 'obv_slope': 12, 'en_cci': False, 'cci_n': 143, 'cci_threshold': 115, 'en_rsi': False, 'rsi_n': 74, 'rsi_lower': 15, 'rsi_upper': 87, 'en_stochastic': False, 'stochastic_n': 63, 'stochastic_d': 31, 'stochastic_lower': 2, 'stochastic_upper': 52, 'en_mfi': True, 'mfi_n': 66, 'mfi_lower': 42, 'mfi_upper': 92, 'en_bollinger': False, 'bollinger_n': 10, 'bollinger_k': 3.7, 'en_adx': False, 'adx_n': 81, 'adx_threshold': 6, 'en_structure_trend': True, 'structure_trend_swing_l': 18, 'en_order_block': True, 'order_block_swing_l': 11, 'en_fvg': True, 'fvg_lookback': 15, 'en_ifvg': False, 'en_breaker': True, 'breaker_swing_l': 15, 'en_cisd': True, 'k': 5, 'en_cap_bars': True, 'cap_1min': 412}.
[I 2026-07-13 17:47:55,949] Trial 1193 finished with values: [1054.302431923952, -430.0, 53.8] and parameters: {'sl_soft': 16.53284872548906, 'sl_hard_delta': 43.05437771749679, 'tp': 34.46883891078241, 'gate_pct': 33.41518335180748, 'dd_limit': 9308.14469807598, 'cooldown': 13, 'flip': True, 'en_ema_trend': True, 'ema_trend_fast': 29, 'ema_trend_slow': 274, 'en_sma_trend': False, 'sma_trend_fast': 128, 'sma_trend_slow': 263, 'en_macd': False, 'macd_fast': 24, 'macd_slow': 48, 'macd_signal': 59, 'en_vwap': True, 'en_keltner': True, 'keltner_n': 94, 'keltner_m': 3.8000000000000003, 'en_obv': True, 'obv_slope': 92, 'en_cci': False, 'cci_n': 143, 'cci_threshold': 145, 'en_rsi': False, 'rsi_n': 89, 'rsi_lower': 15, 'rsi_upper': 84, 'en_stochastic': False, 'stochastic_n': 14, 'stochastic_d': 26, 'stochastic_lower': 36, 'stochastic_upper': 63, 'en_mfi': True, 'mfi_n': 66, 'mfi_lower': 26, 'mfi_upper': 93, 'en_bollinger': False, 'bollinger_n': 136, 'bollinger_k': 2.6, 'en_adx': False, 'adx_n': 81, 'adx_threshold': 31, 'en_structure_trend': True, 'structure_trend_swing_l': 18, 'en_order_block': False, 'order_block_swing_l': 9, 'en_fvg': False, 'fvg_lookback': 15, 'en_ifvg': False, 'en_breaker': True, 'breaker_swing_l': 11, 'en_cisd': True, 'k': 4, 'en_cap_bars': True, 'cap_1min': 608}.
[I 2026-07-13 17:47:56,227] Trial 1194 pruned. 
[I 2026-07-13 17:47:56,608] Trial 1195 finished with values: [1121.6271287680138, -945.0, 45.45] and parameters: {'sl_soft': 16.53284872548906, 'sl_hard_delta': 43.05437771749679, 'tp': 42.717340442581346, 'gate_pct': 33.41518335180748, 'dd_limit': 9308.14469807598, 'cooldown': 12, 'flip': True, 'en_ema_trend': True, 'ema_trend_fast': 29, 'ema_trend_slow': 346, 'en_sma_trend': False, 'sma_trend_fast': 142, 'sma_trend_slow': 263, 'en_macd': False, 'macd_fast': 87, 'macd_slow': 150, 'macd_signal': 1, 'en_vwap': True, 'en_keltner': True, 'keltner_n': 88, 'keltner_m': 4.1, 'en_obv': True, 'obv_slope': 12, 'en_cci': False, 'cci_n': 182, 'cci_threshold': 290, 'en_rsi': True, 'rsi_n': 77, 'rsi_lower': 6, 'rsi_upper': 87, 'en_stochastic': False, 'stochastic_n': 63, 'stochastic_d': 34, 'stochastic_lower': 36, 'stochastic_upper': 62, 'en_mfi': False, 'mfi_n': 61, 'mfi_lower': 26, 'mfi_upper': 93, 'en_bollinger': False, 'bollinger_n': 22, 'bollinger_k': 2.6, 'en_adx': False, 'adx_n': 73, 'adx_threshold': 19, 'en_structure_trend': True, 'structure_trend_swing_l': 18, 'en_order_block': False, 'order_block_swing_l': 10, 'en_fvg': False, 'fvg_lookback': 47, 'en_ifvg': False, 'en_breaker': False, 'breaker_swing_l': 15, 'en_cisd': True, 'k': 5, 'en_cap_bars': True, 'cap_1min': 608}.
[I 2026-07-13 17:47:57,477] Trial 1196 finished with values: [701.8660040260693, -1640.0026337982126, 57.05] and parameters: {'sl_soft': 41.80574247052053, 'sl_hard_delta': 6.313902063185736, 'tp': 42.717340442581346, 'gate_pct': 84.18980078267379, 'dd_limit': 6200.963660003925, 'cooldown': 0, 'flip': True, 'en_ema_trend': True, 'ema_trend_fast': 59, 'ema_trend_slow': 135, 'en_sma_trend': True, 'sma_trend_fast': 128, 'sma_trend_slow': 384, 'en_macd': True, 'macd_fast': 24, 'macd_slow': 150, 'macd_signal': 86, 'en_vwap': True, 'en_keltner': True, 'keltner_n': 171, 'keltner_m': 4.5, 'en_obv': True, 'obv_slope': 12, 'en_cci': False, 'cci_n': 182, 'cci_threshold': 145, 'en_rsi': False, 'rsi_n': 74, 'rsi_lower': 43, 'rsi_upper': 98, 'en_stochastic': False, 'stochastic_n': 8, 'stochastic_d': 2, 'stochastic_lower': 36, 'stochastic_upper': 57, 'en_mfi': True, 'mfi_n': 26, 'mfi_lower': 40, 'mfi_upper': 52, 'en_bollinger': False, 'bollinger_n': 22, 'bollinger_k': 3.7, 'en_adx': False, 'adx_n': 47, 'adx_threshold': 6, 'en_structure_trend': True, 'structure_trend_swing_l': 19, 'en_order_block': True, 'order_block_swing_l': 10, 'en_fvg': True, 'fvg_lookback': 24, 'en_ifvg': True, 'en_breaker': True, 'breaker_swing_l': 15, 'en_cisd': True, 'k': 3, 'en_cap_bars': True, 'cap_1min': 1002}.
[I 2026-07-13 17:47:57,722] Trial 1197 finished with values: [122.5, -210.0, 47.150000000000006] and parameters: {'sl_soft': 16.53284872548906, 'sl_hard_delta': 43.05437771749679, 'tp': 42.717340442581346, 'gate_pct': 33.56638011646498, 'dd_limit': 7287.8670146700415, 'cooldown': 17, 'flip': True, 'en_ema_trend': True, 'ema_trend_fast': 29, 'ema_trend_slow': 346, 'en_sma_trend': False, 'sma_trend_fast': 128, 'sma_trend_slow': 263, 'en_macd': False, 'macd_fast': 87, 'macd_slow': 150, 'macd_signal': 1, 'en_vwap': False, 'en_keltner': True, 'keltner_n': 73, 'keltner_m': 3.8000000000000003, 'en_obv': True, 'obv_slope': 12, 'en_cci': False, 'cci_n': 195, 'cci_threshold': 290, 'en_rsi': False, 'rsi_n': 74, 'rsi_lower': 15, 'rsi_upper': 87, 'en_stochastic': False, 'stochastic_n': 63, 'stochastic_d': 40, 'stochastic_lower': 36, 'stochastic_upper': 62, 'en_mfi': False, 'mfi_n': 66, 'mfi_lower': 42, 'mfi_upper': 93, 'en_bollinger': False, 'bollinger_n': 10, 'bollinger_k': 1.8, 'en_adx': False, 'adx_n': 81, 'adx_threshold': 55, 'en_structure_trend': True, 'structure_trend_swing_l': 18, 'en_order_block': False, 'order_block_swing_l': 10, 'en_fvg': True, 'fvg_lookback': 47, 'en_ifvg': False, 'en_breaker': False, 'breaker_swing_l': 10, 'en_cisd': True, 'k': 5, 'en_cap_bars': True, 'cap_1min': 3}.
[I 2026-07-13 17:47:58,103] Trial 1198 finished with values: [631.0977509852455, -350.0, 59.55] and parameters: {'sl_soft': 20.045277534216797, 'sl_hard_delta': 43.05437771749679, 'tp': 34.46883891078241, 'gate_pct': 33.56638011646498, 'dd_limit': 7287.8670146700415, 'cooldown': 0, 'flip': True, 'en_ema_trend': False, 'ema_trend_fast': 208, 'ema_trend_slow': 274, 'en_sma_trend': True, 'sma_trend_fast': 128, 'sma_trend_slow': 93, 'en_macd': False, 'macd_fast': 87, 'macd_slow': 150, 'macd_signal': 3, 'en_vwap': True, 'en_keltner': False, 'keltner_n': 171, 'keltner_m': 4.6000000000000005, 'en_obv': False, 'obv_slope': 186, 'en_cci': False, 'cci_n': 143, 'cci_threshold': 145, 'en_rsi': False, 'rsi_n': 74, 'rsi_lower': 7, 'rsi_upper': 84, 'en_stochastic': False, 'stochastic_n': 68, 'stochastic_d': 31, 'stochastic_lower': 2, 'stochastic_upper': 57, 'en_mfi': True, 'mfi_n': 61, 'mfi_lower': 8, 'mfi_upper': 92, 'en_bollinger': False, 'bollinger_n': 69, 'bollinger_k': 1.8, 'en_adx': False, 'adx_n': 73, 'adx_threshold': 6, 'en_structure_trend': True, 'structure_trend_swing_l': 18, 'en_order_block': False, 'order_block_swing_l': 11, 'en_fvg': True, 'fvg_lookback': 38, 'en_ifvg': False, 'en_breaker': True, 'breaker_swing_l': 17, 'en_cisd': True, 'k': 5, 'en_cap_bars': True, 'cap_1min': 412}.
[I 2026-07-13 17:47:59,432] Trial 1199 finished with values: [1563.6660157582082, -1420.9035485531786, 48.25] and parameters: {'sl_soft': 16.53284872548906, 'sl_hard_delta': 43.05437771749679, 'tp': 34.46883891078241, 'gate_pct': 76.55976188692937, 'dd_limit': 7287.8670146700415, 'cooldown': 13, 'flip': True, 'en_ema_trend': True, 'ema_trend_fast': 208, 'ema_trend_slow': 250, 'en_sma_trend': True, 'sma_trend_fast': 142, 'sma_trend_slow': 44, 'en_macd': False, 'macd_fast': 91, 'macd_slow': 150, 'macd_signal': 3, 'en_vwap': True, 'en_keltner': False, 'keltner_n': 73, 'keltner_m': 4.6000000000000005, 'en_obv': True, 'obv_slope': 186, 'en_cci': False, 'cci_n': 143, 'cci_threshold': 115, 'en_rsi': True, 'rsi_n': 74, 'rsi_lower': 7, 'rsi_upper': 74, 'en_stochastic': False, 'stochastic_n': 68, 'stochastic_d': 31, 'stochastic_lower': 2, 'stochastic_upper': 57, 'en_mfi': True, 'mfi_n': 61, 'mfi_lower': 8, 'mfi_upper': 92, 'en_bollinger': False, 'bollinger_n': 69, 'bollinger_k': 1.8, 'en_adx': False, 'adx_n': 81, 'adx_threshold': 55, 'en_structure_trend': True, 'structure_trend_swing_l': 18, 'en_order_block': False, 'order_block_swing_l': 14, 'en_fvg': True, 'fvg_lookback': 36, 'en_ifvg': False, 'en_breaker': False, 'breaker_swing_l': 11, 'en_cisd': True, 'k': 5, 'en_cap_bars': True, 'cap_1min': 412}.
[I 2026-07-13 17:48:00,961] Trial 1200 finished with values: [42.401590312110784, -120.0, 49.099999999999994] and parameters: {'sl_soft': 16.53284872548906, 'sl_hard_delta': 6.313902063185736, 'tp': 9.986878708278098, 'gate_pct': 26.3517884829504, 'dd_limit': 9308.14469807598, 'cooldown': 0, 'flip': True, 'en_ema_trend': True, 'ema_trend_fast': 59, 'ema_trend_slow': 274, 'en_sma_trend': False, 'sma_trend_fast': 128, 'sma_trend_slow': 263, 'en_macd': True, 'macd_fast': 91, 'macd_slow': 150, 'macd_signal': 3, 'en_vwap': False, 'en_keltner': True, 'keltner_n': 88, 'keltner_m': 4.1, 'en_obv': True, 'obv_slope': 12, 'en_cci': False, 'cci_n': 195, 'cci_threshold': 195, 'en_rsi': False, 'rsi_n': 80, 'rsi_lower': 43, 'rsi_upper': 87, 'en_stochastic': False, 'stochastic_n': 6, 'stochastic_d': 2, 'stochastic_lower': 16, 'stochastic_upper': 57, 'en_mfi': False, 'mfi_n': 61, 'mfi_lower': 42, 'mfi_upper': 93, 'en_bollinger': True, 'bollinger_n': 10, 'bollinger_k': 3.7, 'en_adx': False, 'adx_n': 47, 'adx_threshold': 31, 'en_structure_trend': True, 'structure_trend_swing_l': 19, 'en_order_block': True, 'order_block_swing_l': 11, 'en_fvg': True, 'fvg_lookback': 24, 'en_ifvg': True, 'en_breaker': True, 'breaker_swing_l': 15, 'en_cisd': True, 'k': 5, 'en_cap_bars': True, 'cap_1min': 3}.
[I 2026-07-13 17:48:05,892] Trial 1201 finished with values: [324.02208266861635, -445.0, 67.95] and parameters: {'sl_soft': 18.688123795390414, 'sl_hard_delta': 42.2746926827138, 'tp': 19.388754886316853, 'gate_pct': 76.55976188692937, 'dd_limit': 417.1504068982287, 'cooldown': 13, 'flip': True, 'en_ema_trend': True, 'ema_trend_fast': 329, 'ema_trend_slow': 274, 'en_sma_trend': True, 'sma_trend_fast': 142, 'sma_trend_slow': 263, 'en_macd': False, 'macd_fast': 87, 'macd_slow': 150, 'macd_signal': 1, 'en_vwap': False, 'en_keltner': True, 'keltner_n': 137, 'keltner_m': 3.8000000000000003, 'en_obv': True, 'obv_slope': 162, 'en_cci': False, 'cci_n': 143, 'cci_threshold': 145, 'en_rsi': False, 'rsi_n': 74, 'rsi_lower': 7, 'rsi_upper': 98, 'en_stochastic': True, 'stochastic_n': 99, 'stochastic_d': 31, 'stochastic_lower': 33, 'stochastic_upper': 52, 'en_mfi': True, 'mfi_n': 66, 'mfi_lower': 26, 'mfi_upper': 92, 'en_bollinger': False, 'bollinger_n': 9, 'bollinger_k': 2.6, 'en_adx': False, 'adx_n': 81, 'adx_threshold': 55, 'en_structure_trend': True, 'structure_trend_swing_l': 18, 'en_order_block': True, 'order_block_swing_l': 11, 'en_fvg': True, 'fvg_lookback': 15, 'en_ifvg': False, 'en_breaker': True, 'breaker_swing_l': 15, 'en_cisd': True, 'k': 5, 'en_cap_bars': True, 'cap_1min': 608}.
[I 2026-07-13 17:48:06,247] Trial 1202 finished with values: [1551.9583411304484, -1502.7814987287638, 49.8] and parameters: {'sl_soft': 18.688123795390414, 'sl_hard_delta': 42.2746926827138, 'tp': 34.46883891078241, 'gate_pct': 76.55976188692937, 'dd_limit': 9571.486532588566, 'cooldown': 0, 'flip': True, 'en_ema_trend': False, 'ema_trend_fast': 29, 'ema_trend_slow': 274, 'en_sma_trend': False, 'sma_trend_fast': 99, 'sma_trend_slow': 381, 'en_macd': False, 'macd_fast': 87, 'macd_slow': 48, 'macd_signal': 3, 'en_vwap': True, 'en_keltner': True, 'keltner_n': 105, 'keltner_m': 3.8000000000000003, 'en_obv': False, 'obv_slope': 167, 'en_cci': False, 'cci_n': 143, 'cci_threshold': 195, 'en_rsi': False, 'rsi_n': 74, 'rsi_lower': 7, 'rsi_upper': 98, 'en_stochastic': False, 'stochastic_n': 99, 'stochastic_d': 31, 'stochastic_lower': 2, 'stochastic_upper': 97, 'en_mfi': True, 'mfi_n': 66, 'mfi_lower': 26, 'mfi_upper': 92, 'en_bollinger': False, 'bollinger_n': 118, 'bollinger_k': 1.8, 'en_adx': False, 'adx_n': 59, 'adx_threshold': 55, 'en_structure_trend': True, 'structure_trend_swing_l': 18, 'en_order_block': False, 'order_block_swing_l': 11, 'en_fvg': True, 'fvg_lookback': 36, 'en_ifvg': False, 'en_breaker': False, 'breaker_swing_l': 10, 'en_cisd': True, 'k': 5, 'en_cap_bars': True, 'cap_1min': 1388}.
[I 2026-07-13 17:48:06,561] Trial 1203 finished with values: [1298.028866088389, -1032.6558054460838, 51.35] and parameters: {'sl_soft': 18.688123795390414, 'sl_hard_delta': 38.89591466729796, 'tp': 34.46883891078241, 'gate_pct': 76.55976188692937, 'dd_limit': 9571.486532588566, 'cooldown': 12, 'flip': True, 'en_ema_trend': True, 'ema_trend_fast': 230, 'ema_trend_slow': 274, 'en_sma_trend': False, 'sma_trend_fast': 142, 'sma_trend_slow': 143, 'en_macd': False, 'macd_fast': 91, 'macd_slow': 48, 'macd_signal': 59, 'en_vwap': True, 'en_keltner': True, 'keltner_n': 137, 'keltner_m': 4.5, 'en_obv': False, 'obv_slope': 92, 'en_cci': False, 'cci_n': 143, 'cci_threshold': 145, 'en_rsi': True, 'rsi_n': 8, 'rsi_lower': 7, 'rsi_upper': 87, 'en_stochastic': True, 'stochastic_n': 6, 'stochastic_d': 4, 'stochastic_lower': 2, 'stochastic_upper': 63, 'en_mfi': True, 'mfi_n': 71, 'mfi_lower': 26, 'mfi_upper': 92, 'en_bollinger': False, 'bollinger_n': 22, 'bollinger_k': 2.6, 'en_adx': False, 'adx_n': 81, 'adx_threshold': 19, 'en_structure_trend': True, 'structure_trend_swing_l': 18, 'en_order_block': True, 'order_block_swing_l': 11, 'en_fvg': False, 'fvg_lookback': 15, 'en_ifvg': False, 'en_breaker': False, 'breaker_swing_l': 17, 'en_cisd': True, 'k': 5, 'en_cap_bars': True, 'cap_1min': 608}.
[I 2026-07-13 17:48:06,893] Trial 1204 finished with values: [1438.7069332330066, -1779.9476854396198, 38.099999999999994] and parameters: {'sl_soft': 18.688123795390414, 'sl_hard_delta': 6.313902063185736, 'tp': 51.51173209162248, 'gate_pct': 84.68288014900352, 'dd_limit': 9308.14469807598, 'cooldown': 19, 'flip': True, 'en_ema_trend': True, 'ema_trend_fast': 59, 'ema_trend_slow': 196, 'en_sma_trend': True, 'sma_trend_fast': 128, 'sma_trend_slow': 384, 'en_macd': True, 'macd_fast': 24, 'macd_slow': 79, 'macd_signal': 86, 'en_vwap': True, 'en_keltner': False, 'keltner_n': 171, 'keltner_m': 4.5, 'en_obv': True, 'obv_slope': 12, 'en_cci': False, 'cci_n': 94, 'cci_threshold': 145, 'en_rsi': False, 'rsi_n': 8, 'rsi_lower': 7, 'rsi_upper': 98, 'en_stochastic': False, 'stochastic_n': 68, 'stochastic_d': 34, 'stochastic_lower': 36, 'stochastic_upper': 86, 'en_mfi': True, 'mfi_n': 66, 'mfi_lower': 40, 'mfi_upper': 61, 'en_bollinger': False, 'bollinger_n': 103, 'bollinger_k': 3.7, 'en_adx': False, 'adx_n': 47, 'adx_threshold': 6, 'en_structure_trend': True, 'structure_trend_swing_l': 19, 'en_order_block': True, 'order_block_swing_l': 10, 'en_fvg': True, 'fvg_lookback': 38, 'en_ifvg': False, 'en_breaker': True, 'breaker_swing_l': 15, 'en_cisd': True, 'k': 3, 'en_cap_bars': True, 'cap_1min': 412}.
[I 2026-07-13 17:48:07,307] Trial 1205 finished with values: [416.4093618774132, -502.65580544608383, 48.4] and parameters: {'sl_soft': 18.688123795390414, 'sl_hard_delta': 43.05437771749679, 'tp': 34.46883891078241, 'gate_pct': 26.3517884829504, 'dd_limit': 7287.8670146700415, 'cooldown': 13, 'flip': True, 'en_ema_trend': False, 'ema_trend_fast': 208, 'ema_trend_slow': 274, 'en_sma_trend': True, 'sma_trend_fast': 7, 'sma_trend_slow': 44, 'en_macd': False, 'macd_fast': 91, 'macd_slow': 53, 'macd_signal': 3, 'en_vwap': True, 'en_keltner': True, 'keltner_n': 137, 'keltner_m': 4.6000000000000005, 'en_obv': True, 'obv_slope': 186, 'en_cci': False, 'cci_n': 143, 'cci_threshold': 205, 'en_rsi': False, 'rsi_n': 8, 'rsi_lower': 7, 'rsi_upper': 98, 'en_stochastic': False, 'stochastic_n': 99, 'stochastic_d': 31, 'stochastic_lower': 16, 'stochastic_upper': 57, 'en_mfi': True, 'mfi_n': 66, 'mfi_lower': 8, 'mfi_upper': 92, 'en_bollinger': False, 'bollinger_n': 69, 'bollinger_k': 1.8, 'en_adx': False, 'adx_n': 81, 'adx_threshold': 55, 'en_structure_trend': True, 'structure_trend_swing_l': 18, 'en_order_block': True, 'order_block_swing_l': 11, 'en_fvg': True, 'fvg_lookback': 15, 'en_ifvg': False, 'en_breaker': True, 'breaker_swing_l': 11, 'en_cisd': True, 'k': 4, 'en_cap_bars': True, 'cap_1min': 608}.
[I 2026-07-13 17:48:08,216] Trial 1206 finished with values: [-475.0110445072096, -1186.943439373972, 48.85] and parameters: {'sl_soft': 16.53284872548906, 'sl_hard_delta': 38.89591466729796, 'tp': 34.46883891078241, 'gate_pct': 76.55976188692937, 'dd_limit': 9308.14469807598, 'cooldown': 0, 'flip': True, 'en_ema_trend': True, 'ema_trend_fast': 208, 'ema_trend_slow': 250, 'en_sma_trend': False, 'sma_trend_fast': 142, 'sma_trend_slow': 143, 'en_macd': False, 'macd_fast': 87, 'macd_slow': 150, 'macd_signal': 64, 'en_vwap': True, 'en_keltner': False, 'keltner_n': 88, 'keltner_m': 4.6000000000000005, 'en_obv': True, 'obv_slope': 186, 'en_cci': False, 'cci_n': 195, 'cci_threshold': 290, 'en_rsi': True, 'rsi_n': 8, 'rsi_lower': 7, 'rsi_upper': 91, 'en_stochastic': False, 'stochastic_n': 99, 'stochastic_d': 34, 'stochastic_lower': 7, 'stochastic_upper': 62, 'en_mfi': True, 'mfi_n': 66, 'mfi_lower': 13, 'mfi_upper': 93, 'en_bollinger': False, 'bollinger_n': 69, 'bollinger_k': 3.7, 'en_adx': False, 'adx_n': 81, 'adx_threshold': 55, 'en_structure_trend': True, 'structure_trend_swing_l': 18, 'en_order_block': False, 'order_block_swing_l': 10, 'en_fvg': False, 'fvg_lookback': 36, 'en_ifvg': False, 'en_breaker': False, 'breaker_swing_l': 17, 'en_cisd': True, 'k': 5, 'en_cap_bars': True, 'cap_1min': 3}.
[I 2026-07-13 17:48:09,495] Trial 1207 finished with values: [3109.7372674775033, -1372.349527633669, 41.6] and parameters: {'sl_soft': 16.53284872548906, 'sl_hard_delta': 43.05437771749679, 'tp': 51.51173209162248, 'gate_pct': 84.68288014900352, 'dd_limit': 9571.486532588566, 'cooldown': 0, 'flip': True, 'en_ema_trend': False, 'ema_trend_fast': 208, 'ema_trend_slow': 274, 'en_sma_trend': False, 'sma_trend_fast': 357, 'sma_trend_slow': 143, 'en_macd': True, 'macd_fast': 91, 'macd_slow': 48, 'macd_signal': 64, 'en_vwap': True, 'en_keltner': True, 'keltner_n': 73, 'keltner_m': 4.6000000000000005, 'en_obv': True, 'obv_slope': 186, 'en_cci': False, 'cci_n': 94, 'cci_threshold': 195, 'en_rsi': False, 'rsi_n': 74, 'rsi_lower': 7, 'rsi_upper': 84, 'en_stochastic': False, 'stochastic_n': 6, 'stochastic_d': 34, 'stochastic_lower': 2, 'stochastic_upper': 62, 'en_mfi': True, 'mfi_n': 66, 'mfi_lower': 26, 'mfi_upper': 92, 'en_bollinger': False, 'bollinger_n': 118, 'bollinger_k': 2.2, 'en_adx': False, 'adx_n': 73, 'adx_threshold': 32, 'en_structure_trend': True, 'structure_trend_swing_l': 18, 'en_order_block': True, 'order_block_swing_l': 11, 'en_fvg': True, 'fvg_lookback': 38, 'en_ifvg': False, 'en_breaker': True, 'breaker_swing_l': 17, 'en_cisd': True, 'k': 5, 'en_cap_bars': False, 'cap_1min': 412}.
