[I 2026-07-13 17:27:20,865] Trial 340 finished with values: [-333.54288668720983, -1541.0661220194015, 49.7] and parameters: {'sl_soft': 29.956061875350898, 'sl_hard_delta': 15.68658300542352, 'tp': 41.72700036427423, 'gate_pct': 67.43945106994327, 'dd_limit': 1393.7003097166044, 'cooldown': 2, 'flip': True, 'en_ema_trend': True, 'ema_trend_fast': 117, 'ema_trend_slow': 346, 'en_sma_trend': True, 'sma_trend_fast': 253, 'sma_trend_slow': 265, 'en_macd': True, 'macd_fast': 51, 'macd_slow': 160, 'macd_signal': 41, 'en_vwap': False, 'en_keltner': True, 'keltner_n': 18, 'keltner_m': 3.7, 'en_obv': False, 'obv_slope': 15, 'en_cci': False, 'cci_n': 33, 'cci_threshold': 155, 'en_rsi': True, 'rsi_n': 99, 'rsi_lower': 43, 'rsi_upper': 57, 'en_stochastic': False, 'stochastic_n': 33, 'stochastic_d': 36, 'stochastic_lower': 33, 'stochastic_upper': 57, 'en_mfi': True, 'mfi_n': 25, 'mfi_lower': 21, 'mfi_upper': 79, 'en_bollinger': True, 'bollinger_n': 175, 'bollinger_k': 2.0, 'en_adx': False, 'adx_n': 71, 'adx_threshold': 9, 'en_structure_trend': True, 'structure_trend_swing_l': 12, 'en_order_block': False, 'order_block_swing_l': 1, 'en_fvg': True, 'fvg_lookback': 38, 'en_ifvg': True, 'en_breaker': True, 'breaker_swing_l': 20, 'en_cisd': True, 'k': 2, 'en_cap_bars': True, 'cap_1min': 772}.
[I 2026-07-13 17:27:21,724] Trial 341 finished with values: [589.3024319239521, -1201.1992195438506, 51.3] and parameters: {'sl_soft': 18.688123795390414, 'sl_hard_delta': 38.89591466729796, 'tp': 34.46883891078241, 'gate_pct': 49.958417067888604, 'dd_limit': 7287.8670146700415, 'cooldown': 9, 'flip': True, 'en_ema_trend': True, 'ema_trend_fast': 183, 'ema_trend_slow': 250, 'en_sma_trend': False, 'sma_trend_fast': 330, 'sma_trend_slow': 232, 'en_macd': False, 'macd_fast': 91, 'macd_slow': 151, 'macd_signal': 1, 'en_vwap': True, 'en_keltner': True, 'keltner_n': 73, 'keltner_m': 4.6000000000000005, 'en_obv': True, 'obv_slope': 186, 'en_cci': True, 'cci_n': 195, 'cci_threshold': 115, 'en_rsi': False, 'rsi_n': 8, 'rsi_lower': 15, 'rsi_upper': 87, 'en_stochastic': False, 'stochastic_n': 71, 'stochastic_d': 32, 'stochastic_lower': 2, 'stochastic_upper': 52, 'en_mfi': True, 'mfi_n': 55, 'mfi_lower': 10, 'mfi_upper': 92, 'en_bollinger': False, 'bollinger_n': 69, 'bollinger_k': 1.8, 'en_adx': False, 'adx_n': 81, 'adx_threshold': 55, 'en_structure_trend': False, 'structure_trend_swing_l': 10, 'en_order_block': False, 'order_block_swing_l': 11, 'en_fvg': True, 'fvg_lookback': 1, 'en_ifvg': True, 'en_breaker': True, 'breaker_swing_l': 1, 'en_cisd': True, 'k': 1, 'en_cap_bars': False, 'cap_1min': 1388}.
[I 2026-07-13 17:27:24,663] Trial 342 finished with values: [64.15850113935448, -332.3618107258517, 52.25] and parameters: {'sl_soft': 16.38720937773672, 'sl_hard_delta': 7.848971694848179, 'tp': 22.093811757633084, 'gate_pct': 26.3517884829504, 'dd_limit': 3617.657841686699, 'cooldown': 27, 'flip': False, 'en_ema_trend': False, 'ema_trend_fast': 294, 'ema_trend_slow': 8, 'en_sma_trend': False, 'sma_trend_fast': 330, 'sma_trend_slow': 66, 'en_macd': True, 'macd_fast': 52, 'macd_slow': 85, 'macd_signal': 61, 'en_vwap': False, 'en_keltner': True, 'keltner_n': 94, 'keltner_m': 0.5, 'en_obv': False, 'obv_slope': 19, 'en_cci': True, 'cci_n': 37, 'cci_threshold': 140, 'en_rsi': False, 'rsi_n': 97, 'rsi_lower': 3, 'rsi_upper': 58, 'en_stochastic': False, 'stochastic_n': 63, 'stochastic_d': 17, 'stochastic_lower': 33, 'stochastic_upper': 63, 'en_mfi': False, 'mfi_n': 80, 'mfi_lower': 8, 'mfi_upper': 78, 'en_bollinger': False, 'bollinger_n': 136, 'bollinger_k': 3.9000000000000004, 'en_adx': False, 'adx_n': 39, 'adx_threshold': 43, 'en_structure_trend': True, 'structure_trend_swing_l': 17, 'en_order_block': True, 'order_block_swing_l': 4, 'en_fvg': True, 'fvg_lookback': 47, 'en_ifvg': True, 'en_breaker': True, 'breaker_swing_l': 1, 'en_cisd': False, 'k': 4, 'en_cap_bars': False, 'cap_1min': 1425}.
[I 2026-07-13 17:27:26,185] Trial 343 finished with values: [589.7521077943929, -766.7624674128092, 39.0] and parameters: {'sl_soft': 11.097581488766851, 'sl_hard_delta': 15.68658300542352, 'tp': 46.56962981112915, 'gate_pct': 33.56638011646498, 'dd_limit': 7287.8670146700415, 'cooldown': 9, 'flip': True, 'en_ema_trend': True, 'ema_trend_fast': 41, 'ema_trend_slow': 250, 'en_sma_trend': False, 'sma_trend_fast': 330, 'sma_trend_slow': 263, 'en_macd': False, 'macd_fast': 91, 'macd_slow': 116, 'macd_signal': 61, 'en_vwap': True, 'en_keltner': True, 'keltner_n': 73, 'keltner_m': 4.6000000000000005, 'en_obv': False, 'obv_slope': 167, 'en_cci': True, 'cci_n': 195, 'cci_threshold': 115, 'en_rsi': False, 'rsi_n': 89, 'rsi_lower': 13, 'rsi_upper': 87, 'en_stochastic': False, 'stochastic_n': 47, 'stochastic_d': 31, 'stochastic_lower': 2, 'stochastic_upper': 52, 'en_mfi': True, 'mfi_n': 90, 'mfi_lower': 28, 'mfi_upper': 65, 'en_bollinger': False, 'bollinger_n': 118, 'bollinger_k': 3.2, 'en_adx': False, 'adx_n': 81, 'adx_threshold': 55, 'en_structure_trend': True, 'structure_trend_swing_l': 18, 'en_order_block': False, 'order_block_swing_l': 11, 'en_fvg': True, 'fvg_lookback': 3, 'en_ifvg': False, 'en_breaker': False, 'breaker_swing_l': 1, 'en_cisd': False, 'k': 1, 'en_cap_bars': False, 'cap_1min': 1388}.
[I 2026-07-13 17:27:27,756] Trial 344 finished with values: [-237.7608722038167, -1907.3145952522827, 55.0] and parameters: {'sl_soft': 16.38720937773672, 'sl_hard_delta': 15.68658300542352, 'tp': 19.388754886316853, 'gate_pct': 67.43945106994327, 'dd_limit': 3617.657841686699, 'cooldown': 27, 'flip': True, 'en_ema_trend': True, 'ema_trend_fast': 41, 'ema_trend_slow': 125, 'en_sma_trend': True, 'sma_trend_fast': 357, 'sma_trend_slow': 329, 'en_macd': False, 'macd_fast': 51, 'macd_slow': 53, 'macd_signal': 61, 'en_vwap': False, 'en_keltner': True, 'keltner_n': 18, 'keltner_m': 4.1, 'en_obv': False, 'obv_slope': 19, 'en_cci': False, 'cci_n': 37, 'cci_threshold': 145, 'en_rsi': False, 'rsi_n': 99, 'rsi_lower': 25, 'rsi_upper': 57, 'en_stochastic': False, 'stochastic_n': 33, 'stochastic_d': 36, 'stochastic_lower': 33, 'stochastic_upper': 62, 'en_mfi': False, 'mfi_n': 80, 'mfi_lower': 8, 'mfi_upper': 78, 'en_bollinger': True, 'bollinger_n': 136, 'bollinger_k': 2.0, 'en_adx': False, 'adx_n': 71, 'adx_threshold': 9, 'en_structure_trend': False, 'structure_trend_swing_l': 17, 'en_order_block': False, 'order_block_swing_l': 4, 'en_fvg': True, 'fvg_lookback': 10, 'en_ifvg': True, 'en_breaker': True, 'breaker_swing_l': 20, 'en_cisd': False, 'k': 2, 'en_cap_bars': False, 'cap_1min': 801}.
[I 2026-07-13 17:27:27,959] Trial 345 finished with values: [417.06833221416673, -921.8613708574048, 33.45] and parameters: {'sl_soft': 11.097581488766851, 'sl_hard_delta': 42.2746926827138, 'tp': 51.099967254759335, 'gate_pct': 33.56638011646498, 'dd_limit': 7287.8670146700415, 'cooldown': 9, 'flip': True, 'en_ema_trend': True, 'ema_trend_fast': 183, 'ema_trend_slow': 250, 'en_sma_trend': False, 'sma_trend_fast': 99, 'sma_trend_slow': 52, 'en_macd': False, 'macd_fast': 91, 'macd_slow': 167, 'macd_signal': 1, 'en_vwap': False, 'en_keltner': False, 'keltner_n': 135, 'keltner_m': 0.9, 'en_obv': True, 'obv_slope': 186, 'en_cci': False, 'cci_n': 63, 'cci_threshold': 205, 'en_rsi': False, 'rsi_n': 8, 'rsi_lower': 29, 'rsi_upper': 75, 'en_stochastic': False, 'stochastic_n': 99, 'stochastic_d': 4, 'stochastic_lower': 45, 'stochastic_upper': 75, 'en_mfi': True, 'mfi_n': 45, 'mfi_lower': 28, 'mfi_upper': 92, 'en_bollinger': False, 'bollinger_n': 53, 'bollinger_k': 2.7, 'en_adx': False, 'adx_n': 59, 'adx_threshold': 55, 'en_structure_trend': True, 'structure_trend_swing_l': 3, 'en_order_block': False, 'order_block_swing_l': 11, 'en_fvg': True, 'fvg_lookback': 38, 'en_ifvg': True, 'en_breaker': False, 'breaker_swing_l': 15, 'en_cisd': True, 'k': 4, 'en_cap_bars': False, 'cap_1min': 1388}.
[I 2026-07-13 17:27:33,026] Trial 346 finished with values: [31.143746666202787, -387.51931878796313, 63.95] and parameters: {'sl_soft': 16.38720937773672, 'sl_hard_delta': 14.73881747867879, 'tp': 11.748068121200117, 'gate_pct': 33.41518335180748, 'dd_limit': 6200.963660003925, 'cooldown': 27, 'flip': True, 'en_ema_trend': True, 'ema_trend_fast': 41, 'ema_trend_slow': 85, 'en_sma_trend': True, 'sma_trend_fast': 145, 'sma_trend_slow': 263, 'en_macd': False, 'macd_fast': 44, 'macd_slow': 24, 'macd_signal': 11, 'en_vwap': True, 'en_keltner': False, 'keltner_n': 13, 'keltner_m': 4.1, 'en_obv': True, 'obv_slope': 92, 'en_cci': False, 'cci_n': 182, 'cci_threshold': 145, 'en_rsi': False, 'rsi_n': 89, 'rsi_lower': 11, 'rsi_upper': 57, 'en_stochastic': True, 'stochastic_n': 66, 'stochastic_d': 23, 'stochastic_lower': 42, 'stochastic_upper': 86, 'en_mfi': False, 'mfi_n': 90, 'mfi_lower': 42, 'mfi_upper': 71, 'en_bollinger': True, 'bollinger_n': 136, 'bollinger_k': 3.2, 'en_adx': False, 'adx_n': 71, 'adx_threshold': 19, 'en_structure_trend': True, 'structure_trend_swing_l': 14, 'en_order_block': False, 'order_block_swing_l': 19, 'en_fvg': True, 'fvg_lookback': 47, 'en_ifvg': False, 'en_breaker': False, 'breaker_swing_l': 10, 'en_cisd': True, 'k': 4, 'en_cap_bars': False, 'cap_1min': 3}.
[I 2026-07-13 17:27:37,645] Trial 347 finished with values: [99.03407003990651, -709.5826023708651, 77.9] and parameters: {'sl_soft': 37.70785148563192, 'sl_hard_delta': 14.73881747867879, 'tp': 11.748068121200117, 'gate_pct': 95.28097951734324, 'dd_limit': 6200.963660003925, 'cooldown': 15, 'flip': True, 'en_ema_trend': True, 'ema_trend_fast': 29, 'ema_trend_slow': 58, 'en_sma_trend': True, 'sma_trend_fast': 145, 'sma_trend_slow': 163, 'en_macd': False, 'macd_fast': 26, 'macd_slow': 24, 'macd_signal': 11, 'en_vwap': True, 'en_keltner': False, 'keltner_n': 13, 'keltner_m': 1.6, 'en_obv': True, 'obv_slope': 92, 'en_cci': False, 'cci_n': 44, 'cci_threshold': 145, 'en_rsi': False, 'rsi_n': 80, 'rsi_lower': 11, 'rsi_upper': 68, 'en_stochastic': True, 'stochastic_n': 66, 'stochastic_d': 43, 'stochastic_lower': 42, 'stochastic_upper': 86, 'en_mfi': False, 'mfi_n': 71, 'mfi_lower': 42, 'mfi_upper': 71, 'en_bollinger': True, 'bollinger_n': 22, 'bollinger_k': 0.5, 'en_adx': False, 'adx_n': 23, 'adx_threshold': 19, 'en_structure_trend': True, 'structure_trend_swing_l': 4, 'en_order_block': True, 'order_block_swing_l': 15, 'en_fvg': True, 'fvg_lookback': 16, 'en_ifvg': True, 'en_breaker': False, 'breaker_swing_l': 18, 'en_cisd': True, 'k': 5, 'en_cap_bars': True, 'cap_1min': 1208}.
[I 2026-07-13 17:27:38,071] Trial 348 pruned. 
[I 2026-07-13 17:27:39,746] Trial 349 finished with values: [927.8337507929245, -2796.19053685361, 36.25] and parameters: {'sl_soft': 16.53284872548906, 'sl_hard_delta': 6.313902063185736, 'tp': 42.717340442581346, 'gate_pct': 84.68288014900352, 'dd_limit': 3617.657841686699, 'cooldown': 20, 'flip': True, 'en_ema_trend': False, 'ema_trend_fast': 29, 'ema_trend_slow': 196, 'en_sma_trend': False, 'sma_trend_fast': 357, 'sma_trend_slow': 263, 'en_macd': False, 'macd_fast': 13, 'macd_slow': 150, 'macd_signal': 61, 'en_vwap': True, 'en_keltner': True, 'keltner_n': 105, 'keltner_m': 4.1, 'en_obv': True, 'obv_slope': 162, 'en_cci': False, 'cci_n': 195, 'cci_threshold': 220, 'en_rsi': False, 'rsi_n': 89, 'rsi_lower': 13, 'rsi_upper': 57, 'en_stochastic': False, 'stochastic_n': 47, 'stochastic_d': 31, 'stochastic_lower': 36, 'stochastic_upper': 97, 'en_mfi': False, 'mfi_n': 80, 'mfi_lower': 24, 'mfi_upper': 65, 'en_bollinger': False, 'bollinger_n': 10, 'bollinger_k': 3.2, 'en_adx': False, 'adx_n': 74, 'adx_threshold': 55, 'en_structure_trend': True, 'structure_trend_swing_l': 11, 'en_order_block': False, 'order_block_swing_l': 10, 'en_fvg': True, 'fvg_lookback': 15, 'en_ifvg': False, 'en_breaker': False, 'breaker_swing_l': 15, 'en_cisd': True, 'k': 5, 'en_cap_bars': True, 'cap_1min': 332}.
[I 2026-07-13 17:27:46,844] Trial 350 finished with values: [865.0586864083925, -1414.1107427754832, 33.599999999999994] and parameters: {'sl_soft': 13.526565860109505, 'sl_hard_delta': 39.19102298351814, 'tp': 67.17785144490676, 'gate_pct': 77.7098229275783, 'dd_limit': 1393.7003097166044, 'cooldown': 12, 'flip': True, 'en_ema_trend': True, 'ema_trend_fast': 13, 'ema_trend_slow': 236, 'en_sma_trend': True, 'sma_trend_fast': 337, 'sma_trend_slow': 143, 'en_macd': True, 'macd_fast': 3, 'macd_slow': 24, 'macd_signal': 1, 'en_vwap': True, 'en_keltner': True, 'keltner_n': 137, 'keltner_m': 3.7, 'en_obv': False, 'obv_slope': 8, 'en_cci': False, 'cci_n': 94, 'cci_threshold': 40, 'en_rsi': True, 'rsi_n': 46, 'rsi_lower': 43, 'rsi_upper': 63, 'en_stochastic': True, 'stochastic_n': 56, 'stochastic_d': 12, 'stochastic_lower': 33, 'stochastic_upper': 76, 'en_mfi': True, 'mfi_n': 25, 'mfi_lower': 19, 'mfi_upper': 79, 'en_bollinger': False, 'bollinger_n': 175, 'bollinger_k': 4.8, 'en_adx': False, 'adx_n': 48, 'adx_threshold': 44, 'en_structure_trend': False, 'structure_trend_swing_l': 10, 'en_order_block': False, 'order_block_swing_l': 9, 'en_fvg': True, 'fvg_lookback': 38, 'en_ifvg': False, 'en_breaker': False, 'breaker_swing_l': 7, 'en_cisd': True, 'k': 4, 'en_cap_bars': True, 'cap_1min': 772}.
[I 2026-07-13 17:27:49,101] Trial 351 finished with values: [246.0973672804721, -879.8559814833789, 46.45] and parameters: {'sl_soft': 17.223925842167503, 'sl_hard_delta': 42.2746926827138, 'tp': 34.67626790111013, 'gate_pct': 33.41518335180748, 'dd_limit': 3617.657841686699, 'cooldown': 27, 'flip': True, 'en_ema_trend': True, 'ema_trend_fast': 41, 'ema_trend_slow': 85, 'en_sma_trend': False, 'sma_trend_fast': 330, 'sma_trend_slow': 232, 'en_macd': False, 'macd_fast': 91, 'macd_slow': 62, 'macd_signal': 30, 'en_vwap': True, 'en_keltner': True, 'keltner_n': 94, 'keltner_m': 3.7, 'en_obv': True, 'obv_slope': 186, 'en_cci': True, 'cci_n': 182, 'cci_threshold': 145, 'en_rsi': False, 'rsi_n': 8, 'rsi_lower': 13, 'rsi_upper': 57, 'en_stochastic': False, 'stochastic_n': 44, 'stochastic_d': 34, 'stochastic_lower': 2, 'stochastic_upper': 64, 'en_mfi': False, 'mfi_n': 55, 'mfi_lower': 24, 'mfi_upper': 92, 'en_bollinger': False, 'bollinger_n': 136, 'bollinger_k': 1.8, 'en_adx': False, 'adx_n': 81, 'adx_threshold': 55, 'en_structure_trend': True, 'structure_trend_swing_l': 18, 'en_order_block': False, 'order_block_swing_l': 19, 'en_fvg': True, 'fvg_lookback': 47, 'en_ifvg': True, 'en_breaker': False, 'breaker_swing_l': 10, 'en_cisd': True, 'k': 1, 'en_cap_bars': False, 'cap_1min': 971}.
[I 2026-07-13 17:27:50,227] Trial 352 pruned. 
[I 2026-07-13 17:27:53,729] Trial 353 pruned. 
[I 2026-07-13 17:27:54,358] Trial 354 finished with values: [267.2188721580096, -548.0562255683981, 70.85] and parameters: {'sl_soft': 16.38720937773672, 'sl_hard_delta': 21.6569898622451, 'tp': 19.388754886316853, 'gate_pct': 26.3517884829504, 'dd_limit': 2701.521253582511, 'cooldown': 7, 'flip': True, 'en_ema_trend': True, 'ema_trend_fast': 23, 'ema_trend_slow': 125, 'en_sma_trend': True, 'sma_trend_fast': 82, 'sma_trend_slow': 329, 'en_macd': True, 'macd_fast': 52, 'macd_slow': 62, 'macd_signal': 30, 'en_vwap': True, 'en_keltner': True, 'keltner_n': 153, 'keltner_m': 3.7, 'en_obv': False, 'obv_slope': 19, 'en_cci': True, 'cci_n': 37, 'cci_threshold': 145, 'en_rsi': True, 'rsi_n': 97, 'rsi_lower': 3, 'rsi_upper': 58, 'en_stochastic': False, 'stochastic_n': 90, 'stochastic_d': 15, 'stochastic_lower': 33, 'stochastic_upper': 62, 'en_mfi': False, 'mfi_n': 80, 'mfi_lower': 8, 'mfi_upper': 78, 'en_bollinger': True, 'bollinger_n': 89, 'bollinger_k': 4.1, 'en_adx': False, 'adx_n': 79, 'adx_threshold': 32, 'en_structure_trend': True, 'structure_trend_swing_l': 17, 'en_order_block': False, 'order_block_swing_l': 4, 'en_fvg': True, 'fvg_lookback': 47, 'en_ifvg': True, 'en_breaker': True, 'breaker_swing_l': 2, 'en_cisd': True, 'k': 1, 'en_cap_bars': False, 'cap_1min': 332}.
[I 2026-07-13 17:27:55,717] Trial 355 finished with values: [387.87695160428484, -1336.3402642434085, 43.9] and parameters: {'sl_soft': 29.956061875350898, 'sl_hard_delta': 14.73881747867879, 'tp': 60.7151636639241, 'gate_pct': 70.22600167962251, 'dd_limit': 7586.3552764031565, 'cooldown': 0, 'flip': True, 'en_ema_trend': True, 'ema_trend_fast': 41, 'ema_trend_slow': 226, 'en_sma_trend': True, 'sma_trend_fast': 44, 'sma_trend_slow': 367, 'en_macd': False, 'macd_fast': 51, 'macd_slow': 160, 'macd_signal': 11, 'en_vwap': True, 'en_keltner': True, 'keltner_n': 18, 'keltner_m': 4.1, 'en_obv': True, 'obv_slope': 31, 'en_cci': True, 'cci_n': 195, 'cci_threshold': 115, 'en_rsi': True, 'rsi_n': 99, 'rsi_lower': 25, 'rsi_upper': 57, 'en_stochastic': False, 'stochastic_n': 33, 'stochastic_d': 27, 'stochastic_lower': 33, 'stochastic_upper': 63, 'en_mfi': True, 'mfi_n': 7, 'mfi_lower': 21, 'mfi_upper': 71, 'en_bollinger': False, 'bollinger_n': 100, 'bollinger_k': 2.0, 'en_adx': False, 'adx_n': 23, 'adx_threshold': 55, 'en_structure_trend': False, 'structure_trend_swing_l': 20, 'en_order_block': False, 'order_block_swing_l': 10, 'en_fvg': True, 'fvg_lookback': 10, 'en_ifvg': True, 'en_breaker': True, 'breaker_swing_l': 20, 'en_cisd': False, 'k': 1, 'en_cap_bars': False, 'cap_1min': 392}.
[I 2026-07-13 17:27:57,431] Trial 356 finished with values: [271.69165217759655, -1009.0949945358443, 55.95] and parameters: {'sl_soft': 37.49132233815045, 'sl_hard_delta': 39.19102298351814, 'tp': 41.72700036427423, 'gate_pct': 77.7098229275783, 'dd_limit': 6200.963660003925, 'cooldown': 2, 'flip': True, 'en_ema_trend': True, 'ema_trend_fast': 117, 'ema_trend_slow': 88, 'en_sma_trend': True, 'sma_trend_fast': 118, 'sma_trend_slow': 163, 'en_macd': True, 'macd_fast': 3, 'macd_slow': 24, 'macd_signal': 64, 'en_vwap': True, 'en_keltner': False, 'keltner_n': 88, 'keltner_m': 3.7, 'en_obv': False, 'obv_slope': 92, 'en_cci': False, 'cci_n': 44, 'cci_threshold': 155, 'en_rsi': False, 'rsi_n': 46, 'rsi_lower': 43, 'rsi_upper': 63, 'en_stochastic': True, 'stochastic_n': 66, 'stochastic_d': 12, 'stochastic_lower': 33, 'stochastic_upper': 57, 'en_mfi': True, 'mfi_n': 25, 'mfi_lower': 19, 'mfi_upper': 79, 'en_bollinger': True, 'bollinger_n': 94, 'bollinger_k': 3.8000000000000003, 'en_adx': False, 'adx_n': 11, 'adx_threshold': 24, 'en_structure_trend': True, 'structure_trend_swing_l': 7, 'en_order_block': True, 'order_block_swing_l': 16, 'en_fvg': True, 'fvg_lookback': 16, 'en_ifvg': False, 'en_breaker': False, 'breaker_swing_l': 7, 'en_cisd': False, 'k': 5, 'en_cap_bars': True, 'cap_1min': 1208}.
[I 2026-07-13 17:27:59,096] Trial 357 finished with values: [-210.25460187214776, -3023.137932831669, 52.3] and parameters: {'sl_soft': 37.49132233815045, 'sl_hard_delta': 15.421376415097182, 'tp': 42.717340442581346, 'gate_pct': 92.80779954528938, 'dd_limit': 6200.963660003925, 'cooldown': 27, 'flip': True, 'en_ema_trend': False, 'ema_trend_fast': 271, 'ema_trend_slow': 218, 'en_sma_trend': True, 'sma_trend_fast': 44, 'sma_trend_slow': 329, 'en_macd': False, 'macd_fast': 80, 'macd_slow': 82, 'macd_signal': 100, 'en_vwap': False, 'en_keltner': False, 'keltner_n': 169, 'keltner_m': 4.5, 'en_obv': False, 'obv_slope': 31, 'en_cci': False, 'cci_n': 195, 'cci_threshold': 65, 'en_rsi': True, 'rsi_n': 80, 'rsi_lower': 25, 'rsi_upper': 57, 'en_stochastic': False, 'stochastic_n': 6, 'stochastic_d': 12, 'stochastic_lower': 33, 'stochastic_upper': 86, 'en_mfi': False, 'mfi_n': 7, 'mfi_lower': 21, 'mfi_upper': 79, 'en_bollinger': True, 'bollinger_n': 163, 'bollinger_k': 2.1, 'en_adx': False, 'adx_n': 11, 'adx_threshold': 9, 'en_structure_trend': False, 'structure_trend_swing_l': 20, 'en_order_block': False, 'order_block_swing_l': 15, 'en_fvg': True, 'fvg_lookback': 4, 'en_ifvg': True, 'en_breaker': True, 'breaker_swing_l': 11, 'en_cisd': False, 'k': 4, 'en_cap_bars': False, 'cap_1min': 801}.
[I 2026-07-13 17:28:00,308] Trial 358 pruned. 
[I 2026-07-13 17:28:01,582] Trial 359 finished with values: [-192.08331794105106, -822.6558054460838, 38.849999999999994] and parameters: {'sl_soft': 18.688123795390414, 'sl_hard_delta': 38.89591466729796, 'tp': 34.46883891078241, 'gate_pct': 39.99459239851318, 'dd_limit': 9571.486532588566, 'cooldown': 12, 'flip': True, 'en_ema_trend': True, 'ema_trend_fast': 183, 'ema_trend_slow': 250, 'en_sma_trend': False, 'sma_trend_fast': 330, 'sma_trend_slow': 367, 'en_macd': False, 'macd_fast': 91, 'macd_slow': 85, 'macd_signal': 1, 'en_vwap': True, 'en_keltner': True, 'keltner_n': 73, 'keltner_m': 4.300000000000001, 'en_obv': True, 'obv_slope': 12, 'en_cci': False, 'cci_n': 195, 'cci_threshold': 290, 'en_rsi': False, 'rsi_n': 41, 'rsi_lower': 47, 'rsi_upper': 88, 'en_stochastic': False, 'stochastic_n': 22, 'stochastic_d': 32, 'stochastic_lower': 36, 'stochastic_upper': 52, 'en_mfi': True, 'mfi_n': 55, 'mfi_lower': 7, 'mfi_upper': 68, 'en_bollinger': False, 'bollinger_n': 10, 'bollinger_k': 1.8, 'en_adx': False, 'adx_n': 81, 'adx_threshold': 55, 'en_structure_trend': True, 'structure_trend_swing_l': 18, 'en_order_block': True, 'order_block_swing_l': 10, 'en_fvg': True, 'fvg_lookback': 29, 'en_ifvg': True, 'en_breaker': True, 'breaker_swing_l': 1, 'en_cisd': True, 'k': 1, 'en_cap_bars': False, 'cap_1min': 608}.
